<?xml version="1.0" encoding="UTF-8" ?>
<testsuite errors="0" failures="1" hostname="travis-job-232632bc-f36d-4155-878a-28b42d4243cf" name="ptolemy.actor.lib.test.junit.JUnitTclTest" skipped="0" tests="517" time="60.466" timestamp="2019-12-27T06:28:34">
  <properties>
    <property name="npm.executable" value="npm" />
    <property name="env.TRAVIS_ROOT" value="/" />
    <property name="ptII.mk.exists" value="true" />
    <property name="env.TRAVIS_APP_HOST" value="build.travis-ci.org" />
    <property name="env.rvm_bin_path" value="/home/travis/.rvm/bin" />
    <property name="java.home" value="/usr/local/lib/jvm/openjdk11" />
    <property name="env.TRAVIS_JOB_NUMBER" value="1444.8" />
    <property name="env.TRAVIS_HOME" value="/home/travis" />
    <property name="env.DISPLAY" value=":99.0" />
    <property name="env.TRAVIS_INIT" value="systemd" />
    <property name="env.SSH_TTY" value="/dev/pts/0" />
    <property name="java.net.preferIPv4Stack" value="true" />
    <property name="env.RUN_TESTS" value="true" />
    <property name="timeout.short" value="1000000" />
    <property name="junit.formatter" value="xml" />
    <property name="env.TRAVIS_SUDO" value="true" />
    <property name="env.TRAVIS_JOB_NAME" value="" />
    <property name="env.TRAVIS_STACK_NODE_ATTRIBUTES" value="/.node-attributes.yml" />
    <property name="env.LOGNAME" value="travis" />
    <property name="env.PT_TRAVIS_TEST_CORE1_XML" value="true" />
    <property name="jsdoc.home" value="node_modules/@terraswarm/jsdoc" />
    <property name="debuglevel" value="source,lines,vars" />
    <property name="checkstyle.formatter" value="xml" />
    <property name="env._system_version" value="16.04" />
    <property name="bin.vergil.makeable" value="true" />
    <property name="sun.os.patch.level" value="unknown" />
    <property name="java.vendor.url" value="http://java.oracle.com/" />
    <property name="env.TRAVIS_BUILD_WEB_URL" value="https://travis-ci.org/icyphy/ptII/builds/629899715" />
    <property name="java.version" value="11.0.2" />
    <property name="env.TZ" value="UTC" />
    <property name="env.TRAVIS_PULL_REQUEST_SHA" value="" />
    <property name="env.PT_NO_NET" value="true" />
    <property name="env.TRAVIS_SECURE_ENV_VARS" value="true" />
    <property name="env._system_type" value="Linux" />
    <property name="java.vendor.url.bug" value="http://bugreport.java.com/bugreport/" />
    <property name="npmjs-org-is-up" value="true" />
    <property name="env.LANGUAGE" value="en_US.UTF-8" />
    <property name="env.SSH_CLIENT" value="10.52.5.3 46238 22" />
    <property name="env.GEM_HOME" value="/home/travis/.rvm/gems/ruby-2.5.3" />
    <property name="env.HAS_ANTARES_THREE_LITTLE_FRONZIES_BADGE" value="true" />
    <property name="java.version.date" value="2019-01-15" />
    <property name="env.PS4" value="+" />
    <property name="ant.project.invoked-targets" value="build,test.core1.xml" />
    <property name="env.TRAVIS_PULL_REQUEST_BRANCH" value="" />
    <property name="env.TRAVIS_REPO_SLUG" value="icyphy/ptII" />
    <property name="env.XDG_DATA_DIRS" value="/usr/local/share:/usr/share:/var/lib/snapd/desktop" />
    <property name="jdk.debug" value="release" />
    <property name="env.TRAVIS_APT_PROXY" value="http://build-cache.travisci.net" />
    <property name="env.TRAVIS_CPU_ARCH" value="amd64" />
    <property name="node.in.path" value="true" />
    <property name="user.name" value="travis" />
    <property name="java.maxmemory" value="1400m" />
    <property name="env.RUBY_VERSION" value="ruby-2.5.3" />
    <property name="env.LANG" value="en_US.UTF-8" />
    <property name="sun.io.unicode.encoding" value="UnicodeLittle" />
    <property name="sun.jnu.encoding" value="UTF-8" />
    <property name="java.runtime.name" value="OpenJDK Runtime Environment" />
    <property name="usefile" value="false" />
    <property name="return.code" value="0" />
    <property name="junit.single.formatter" value="plain" />
    <property name="env.DYLD_LIBRARY_PATH" value="/home/travis/pthla/certi-tools/lib:" />
    <property name="env.DEBIAN_FRONTEND" value="noninteractive" />
    <property name="env.SSH_CONNECTION" value="10.52.5.3 46238 10.20.0.213 22" />
    <property name="env.MYSQL_UNIX_PORT" value="/var/run/mysqld/mysqld.sock" />
    <property name="env.LC_ALL" value="en_US.UTF-8" />
    <property name="env.TRAVIS_ALLOW_FAILURE" value="false" />
    <property name="env.TRAVIS_JOB_WEB_URL" value="https://travis-ci.org/icyphy/ptII/jobs/629899723" />
    <property name="java.specification.name" value="Java Platform API Specification" />
    <property name="node.works" value="true" />
    <property name="user.timezone" value="" />
    <property name="path.separator" value=":" />
    <property name="env.TRAVIS_ENABLE_INFRA_DETECTION" value="true" />
    <property name="env.PYTHON_CFLAGS" value="-g -fstack-protector --param=ssp-buffer-size=4 -Wformat -Werror=format-security" />
    <property name="timeout.long" value="4000000" />
    <property name="env.CERTI_HOME" value="/home/travis/pthla/certi-tools" />
    <property name="ant.file.ptII" value="/home/travis/build/icyphy/ptII/build.xml" />
    <property name="javadoc.packagenames" value="com.*,diva.*,lbnl.*,org.hlacerti.*,org.json.*,org.ptolemy.*,org.terraswarm.*,ptolemy.*,ptserver.*" />
    <property name="file.encoding" value="UTF-8" />
    <property name="env.TRAVIS_PULL_REQUEST_SLUG" value="" />
    <property name="ant.project.default-target" value="build" />
    <property name="env.GIT_ASKPASS" value="echo" />
    <property name="env.HOME" value="/home/travis" />
    <property name="sun.java.command" value="org.apache.tools.ant.taskdefs.optional.junit.JUnitTestRunner ptolemy.actor.lib.test.junit.JUnitTclTest skipNonTests=false filtertrace=true haltOnError=false haltOnFailure=false formatter=org.apache.tools.ant.taskdefs.optional.junit.OutErrSummaryJUnitResultFormatter showoutput=true outputtoformatters=true logfailedtests=true threadid=0 logtestlistenerevents=false formatter=org.apache.tools.ant.taskdefs.optional.junit.XMLJUnitResultFormatter,/home/travis/build/icyphy/ptII/reports/junit/TEST-ptolemy.actor.lib.test.junit.JUnitTclTest.xml crashfile=/home/travis/build/icyphy/ptII/junitvmwatcher7334769152168250942.properties propsfile=/home/travis/build/icyphy/ptII/junit4624189682151765446.properties" />
    <property name="env.COMPOSER_NO_INTERACTION" value="1" />
    <property name="env.MANPATH" value="/home/travis/.nvm/versions/node/v7.10.1/share/man:/home/travis/.rvm/rubies/ruby-2.5.3/share/man:/usr/local/cmake-3.12.4/man:/usr/local/clang-7.0.0/share/man:/usr/local/man:/usr/local/share/man:/usr/share/man:/home/travis/.rvm/man" />
    <property name="env.TRAVIS_TIMER_ID" value="015e625c" />
    <property name="ant.file" value="/home/travis/build/icyphy/ptII/build.xml" />
    <property name="env.TRAVIS_COMMIT_RANGE" value="ec90a3f30cbca97c6668975b0dc5d1ff1f4b614e...1f87987f0e3e7c0b3e4c2c438cef4d3742e50cee" />
    <property name="env._system_name" value="Ubuntu" />
    <property name="ptII.classpath.optional.property" value="/home/travis/build/icyphy/ptII/lib/bsh-2.0b4.jar:/home/travis/build/icyphy/ptII/lib/ptCal.jar:/home/travis/build/icyphy/ptII/lib/java_cup.jar:/home/travis/build/icyphy/ptII/lib/saxon8.jar:/home/travis/build/icyphy/ptII/lib/saxon8-dom.jar:/home/travis/build/icyphy/ptII/lib/chic.jar:/home/travis/build/icyphy/ptII/lib/ptcolt.jar:/home/travis/build/icyphy/ptII/vendors/misc/itext/iText.jar:/home/travis/build/icyphy/ptII/lib/g4ltl.jar:/home/travis/build/icyphy/ptII/lib/StructuralCoder.jar:/home/travis/build/icyphy/ptII/lib/jcerti.jar:/home/travis/build/icyphy/ptII/lib/javax.mail.jar:/home/travis/build/icyphy/ptII/vendors/JMF-2.1.1e/lib/jmf.jar:/home/travis/build/icyphy/ptII/lib/jna-4.0.0-variadic.jar:/home/travis/build/icyphy/ptII/vendors/misc/joystick/Joystick.jar:/home/travis/build/icyphy/ptII/lib/ptjacl.jar:/home/travis/build/icyphy/ptII/lib/jsoup-1.8.2.jar:/home/travis/build/icyphy/ptII/lib/junit-4.8.2.jar:/home/travis/build/icyphy/ptII/lib/JUnitParams-0.4.0.jar:/home/travis/build/icyphy/ptII/ptolemy/actor/lib/excel/jxl.jar:/home/travis/build/icyphy/ptII/lib/jython.jar:/home/travis/build/icyphy/ptII/lib/kieler.jar:/home/travis/build/icyphy/ptII/vendors/opencv/share/OpenCV/java/opencv-341.jar:/home/travis/build/icyphy/ptII/lib/oscP5.jar:/home/travis/build/icyphy/ptII/lib/nrjavaserial-3.11.0.devel.jar:/home/travis/build/icyphy/ptII/vendors/j3d/lib/Linux/j3dcore.jar:/home/travis/build/icyphy/ptII/vendors/j3d/lib/Linux/j3dutils.jar:/home/travis/build/icyphy/ptII/vendors/j3d/lib/Linux/vecmath.jar:/home/travis/build/icyphy/ptII/vendors/jogl/lib/Linux/gluegen-rt-natives-linux-amd64.jar:/home/travis/build/icyphy/ptII/vendors/jogl/lib/Linux/gluegen-rt.jar:/home/travis/build/icyphy/ptII/vendors/jogl/lib/Linux/jogl-all-natives-linux-amd64.jar:/home/travis/build/icyphy/ptII/vendors/jogl/lib/Linux/jogl-all.jar:/home/travis/build/icyphy/ptII/ptolemy/distributed/jini/jar/jini-core.jar:/home/travis/build/icyphy/ptII/ptolemy/distributed/jini/jar/jini-ext.jar:/home/travis/build/icyphy/ptII/ptolemy/distributed/jini/jar/sun-util.jar:/home/travis/build/icyphy/ptII/lib/protobuf-java-2.4.1.jar:/home/travis/build/icyphy/ptII/lib/org.eclipse.paho.client.mqttv3.jar:/home/travis/build/icyphy/ptII/lib/mapss.jar:/home/travis/build/icyphy/ptII/ptolemy/actor/ptalon/antlr/antlr.jar:/home/travis/build/icyphy/ptII/lib/JRI.jar:/home/travis/build/icyphy/ptII/lib/commons-lang-2.6.jar:/home/travis/build/icyphy/ptII/lib/commons-logging-1.1.1.jar:/home/travis/build/icyphy/ptII/lib/sootclasses.jar:/home/travis/build/icyphy/ptII/ptolemy/actor/lib/database/mysql-connector-java-5.1.6-bin.jar:/home/travis/build/icyphy/ptII/vendors/misc/sphinx4/sphinx4-data-5prealpha.jar:/home/travis/build/icyphy/ptII/vendors/misc/sphinx4/sphinx4-core-5prealpha.jar:/home/travis/build/icyphy/ptII/lib/PDFRenderer.jar:/home/travis/build/icyphy/ptII/lib/svgSalamander.jar:/home/travis/build/icyphy/ptII/lib/rsyntaxtextarea-2.6.0-SNAPSHOT.jar:/home/travis/build/icyphy/ptII/lib/hazelcast-3.8.2.jar:/home/travis/build/icyphy/ptII/lib/jackson-annotations-2.9.0.jar:/home/travis/build/icyphy/ptII/lib/jackson-core-2.9.3.jar:/home/travis/build/icyphy/ptII/lib/jackson-databind-2.9.3.jar:/home/travis/build/icyphy/ptII/lib/netty-buffer-4.1.19.Final.jar:/home/travis/build/icyphy/ptII/lib/netty-codec-4.1.19.Final.jar:/home/travis/build/icyphy/ptII/lib/netty-codec-dns-4.1.19.Final.jar:/home/travis/build/icyphy/ptII/lib/netty-codec-http-4.1.19.Final.jar:/home/travis/build/icyphy/ptII/lib/netty-codec-http2-4.1.19.Final.jar:/home/travis/build/icyphy/ptII/lib/netty-common-4.1.19.Final.jar:/home/travis/build/icyphy/ptII/lib/netty-handler-4.1.19.Final.jar:/home/travis/build/icyphy/ptII/lib/netty-resolver-4.1.19.Final.jar:/home/travis/build/icyphy/ptII/lib/netty-resolver-dns-4.1.19.Final.jar:/home/travis/build/icyphy/ptII/lib/netty-transport-4.1.19.Final.jar:/home/travis/build/icyphy/ptII/lib/vertx-codegen-3.5.1.jar:/home/travis/build/icyphy/ptII/lib/vertx-core-3.5.2-SNAPSHOT.jar:/home/travis/build/icyphy/ptII/lib/vertx-hazelcast-3.5.1.jar:/home/travis/build/icyphy/ptII/lib/vertx-lang-js-3.5.1.jar:/home/travis/build/icyphy/ptII/lib/vertx-service-proxy-3.5.1.jar:/home/travis/build/icyphy/ptII/lib/vertx-web-3.5.1.jar:/home/travis/build/icyphy/ptII/lib/slf4j-api-1.7.13.jar:/home/travis/build/icyphy/ptII/lib/slf4j-simple-1.7.13.jar:/home/travis/build/icyphy/ptII/lib/webcam-capture-0.3.12.jar:/home/travis/build/icyphy/ptII/lib/bridj-0.7.0.jar:/home/travis/build/icyphy/ptII/lib/xbjlib-1.1.0.nrjavaserial.jar" />
    <property name="timeout" value="2400000" />
    <property name="test.batch" value="**/junit/*.java" />
    <property name="env._" value="/usr/bin/timeout" />
    <property name="java.io.tmpdir" value="/tmp" />
    <property name="user.language" value="en" />
    <property name="env.TRAVIS_INTERNAL_RUBY_REGEX" value="^ruby-(2\.[0-4]\.[0-9]|1\.9\.3)" />
    <property name="env.HISTCONTROL" value="ignoredups:ignorespace" />
    <property name="env.GOROOT" value="/home/travis/.gimme/versions/go1.11.1.linux.amd64" />
    <property name="line.separator" value="&#xa;" />
    <property name="target" value="11" />
    <property name="env.TRAVIS_BUILD_DIR" value="/home/travis/build/icyphy/ptII" />
    <property name="env.ANT_OPTS" value="-Xmx2048m" />
    <property name="ant.file.type" value="file" />
    <property name="ptolemy.ptII.batchMode" value="true" />
    <property name="env.HISTSIZE" value="1000" />
    <property name="env.MERB_ENV" value="test" />
    <property name="java.vm.info" value="mixed mode" />
    <property name="source" value="11" />
    <property name="java.vm.specification.name" value="Java Virtual Machine Specification" />
    <property name="env.TRAVIS_TEST_RESULT" value="0" />
    <property name="jsdoc.command" value="node_modules/@terraswarm/jsdoc/jsdoc.js" />
    <property name="npm.works" value="true" />
    <property name="cobertura.dir" value="/home/travis/build/icyphy/ptII/vendors/cobertura-2.0.3" />
    <property name="jsdoc.command.exists" value="true" />
    <property name="env.rvm_path" value="/home/travis/.rvm" />
    <property name="env.GEM_PATH" value="/home/travis/.rvm/gems/ruby-2.5.3:/home/travis/.rvm/gems/ruby-2.5.3@global" />
    <property name="env.LC_CTYPE" value="en_US.UTF-8" />
    <property name="env.TRAVIS_CMD" value="$PTII/bin/ptIITravisBuild.sh $SECONDS" />
    <property name="java.awt.printerjob" value="sun.print.PSPrinterJob" />
    <property name="env.TRAVIS_STACK_NAME" value="sardonyx" />
    <property name="env.TRAVIS_TIMER_START_TIME" value="1577427541554264689" />
    <property name="ant.version" value="Apache Ant(TM) version 1.10.1 compiled on February 2 2017" />
    <property name="ptII.reports" value="/home/travis/build/icyphy/ptII/reports" />
    <property name="env.TRAVIS_STACK_TIMESTAMP" value="2019-03-25 16:16:56 UTC" />
    <property name="ant.file.type.ptII" value="file" />
    <property name="env.RBENV_SHELL" value="bash" />
    <property name="os.name" value="Linux" />
    <property name="java.specification.vendor" value="Oracle Corporation" />
    <property name="env.rvm_version" value="1.29.7 (latest)" />
    <property name="env.TRAVIS_INFRA" value="unknown" />
    <property name="env.TERM" value="xterm" />
    <property name="java.vm.name" value="OpenJDK 64-Bit Server VM" />
    <property name="env.TRAVIS_BUILD_NUMBER" value="1444" />
    <property name="env.CI" value="true" />
    <property name="java.library.path" value="/home/travis/pthla/certi-tools/lib:/usr/lib/jni:/usr/local/share/OpenCV/java/:/usr/share/OpenCV/java::/usr/java/packages/lib:/usr/lib64:/lib64:/lib:/usr/lib" />
    <property name="jdk.module.path" value="/home/travis/build/icyphy/ptII/vendors/javafx/javafx-sdk-11.0.2/lib:" />
    <property name="env.rvm_prefix" value="/home/travis" />
    <property name="env.PATH" value="/home/travis/pthla/certi-tools/share/scripts:/home/travis/.rvm/gems/ruby-2.5.3/bin:/home/travis/.rvm/gems/ruby-2.5.3@global/bin:/home/travis/.rvm/rubies/ruby-2.5.3/bin:/home/travis/.rvm/bin:/home/travis/.nvm/versions/node/v7.10.1/bin:./node_modules/.bin:/home/travis/build/icyphy/ptII/bin:/home/travis/pthla/certi-tools/bin:/home/travis/bin:/home/travis/.local/bin:/usr/local/lib/jvm/openjdk11/bin:/opt/pyenv/shims:/home/travis/.phpenv/shims:/home/travis/perl5/perlbrew/bin:/home/travis/gopath/bin:/home/travis/.gimme/versions/go1.11.1.linux.amd64/bin:/usr/local/maven-3.6.0/bin:/usr/local/cmake-3.12.4/bin:/usr/local/clang-7.0.0/bin:/usr/local/sbin:/usr/local/bin:/usr/sbin:/usr/bin:/sbin:/bin:/snap/bin:/home/travis/.phpenv/bin:/opt/pyenv/bin:/home/travis/.yarn/bin" />
    <property name="env.TRAVIS_OS_NAME" value="linux" />
    <property name="ant.java.version" value="9" />
    <property name="basedir" value="/home/travis/build/icyphy/ptII" />
    <property name="java.class.version" value="55.0" />
    <property name="env.SHLVL" value="3" />
    <property name="env.LD_LIBRARY_PATH" value="/home/travis/pthla/certi-tools/lib:/usr/lib/jni:/usr/local/share/OpenCV/java/:/usr/share/OpenCV/java:" />
    <property name="env.RACK_ENV" value="test" />
    <property name="ant.home" value="/home/travis/build/icyphy/ptII/ant" />
    <property name="env.NVM_DIR" value="/home/travis/.nvm" />
    <property name="env.CERTI_FOM_PATH" value="/home/travis/pthla/certi-tools/share/federations" />
    <property name="env.TRAVIS_BUILD_ID" value="629899715" />
    <property name="env.PYENV_ROOT" value="/opt/pyenv" />
    <property name="env.TRAVIS_UID" value="2000" />
    <property name="prism.verbose" value="true" />
    <property name="env.NVM_BIN" value="/home/travis/.nvm/versions/node/v7.10.1/bin" />
    <property name="env.TRAVIS_COMMIT" value="1f87987f0e3e7c0b3e4c2c438cef4d3742e50cee" />
    <property name="env._system_arch" value="x86_64" />
    <property name="node.executable" value="node" />
    <property name="sun.boot.library.path" value="/usr/local/lib/jvm/openjdk11/lib" />
    <property name="sun.management.compiler" value="HotSpot 64-Bit Tiered Compilers" />
    <property name="java.awt.graphicsenv" value="sun.awt.X11GraphicsEnvironment" />
    <property name="env.GOPATH" value="/home/travis/gopath" />
    <property name="ptolemy.ptII.dir" value="/home/travis/build/icyphy/ptII" />
    <property name="env.USER" value="travis" />
    <property name="env.HISTFILESIZE" value="2000" />
    <property name="timeout.longest" value="19000000" />
    <property name="env.PERLBREW_SHELLRC_VERSION" value="0.86" />
    <property name="env.TRAVIS_STACK_FEATURES" value="basic couchdb disabled-ipv6 docker docker-compose elasticsearch firefox go-toolchain google-chrome jdk memcached mongodb mysql nodejs_interpreter perl_interpreter perlbrew phantomjs postgresql python_interpreter redis ruby_interpreter sqlite xserver" />
    <property name="env.TRAVIS_PULL_REQUEST" value="false" />
    <property name="env.PYENV_SHELL" value="bash" />
    <property name="ant.project.name" value="ptII" />
    <property name="env.ANSI_RESET" value="\033[0m" />
    <property name="java.vm.specification.version" value="11" />
    <property name="env.TRAVIS_DIST" value="xenial" />
    <property name="env.CERTI_VERSION" value="4.0.0" />
    <property name="env.CERTI_HOST" value="localhost" />
    <property name="awt.toolkit" value="sun.awt.X11.XToolkit" />
    <property name="env.MY_RUBY_HOME" value="/home/travis/.rvm/rubies/ruby-2.5.3" />
    <property name="sun.cpu.isalist" value="" />
    <property name="env.TRAVIS_TMPDIR" value="/tmp/tmp.Vihfq0yD8f" />
    <property name="java.vm.compressedOopsMode" value="Zero based" />
    <property name="os.version" value="4.15.0-1028-gcp" />
    <property name="user.home" value="/home/travis" />
    <property name="java.vm.vendor" value="Oracle Corporation" />
    <property name="env.TRAVIS_TAG" value="nightly" />
    <property name="env.ANSI_YELLOW" value="\033[33;1m" />
    <property name="env.TRAVIS_FILTERED" value="redirect_io" />
    <property name="env.ANSI_GREEN" value="\033[32;1m" />
    <property name="env.JAVA_HOME" value="/usr/local/lib/jvm/openjdk11" />
    <property name="javadoc.excludepackagenames" value="adm.cvs2svn.*,build.*,config.*,doc.coding.templates.*,jni.test.jni.meaningOfLife.*,jni.test.jni.testDeux.*,jni.test.jni.testTrois.*,org.terraswarm.accessor.accessors.web.node_modules.*,org.terraswarm.accessor.accessors.web.hosts.cordova.demo.*,org.terraswarm.accessor.accessors.web.hosts.cordova.plugins.*,org.terraswarm.accessor.accessors-svn.*,pt-modules.*,ptolemy.apps.agilent.*,ptolemy.apps.anytimecontrol.*,ptolemy.apps.apes.*,ptolemy.apps.charon.*,ptolemy.apps.crazyboard.*,ptolemy.apps.eclipse.*,ptolemy.apps.etherealSting.*,ptolemy.apps.fullscreen.*,ptolemy.apps.giotto.*,ptolemy.apps.ia.*,ptolemy.apps.interfaces.*,ptolemy.apps.jmf.*,ptolemy.apps.kurt.*,ptolemy.apps.kvm.*,ptolemy.apps.lego.*,ptolemy.apps.lejos.*,ptolemy.apps.midp.*,ptolemy.apps.mobileCoding.*,ptolemy.apps.pendulum.*,ptolemy.apps.rijndael.*,ptolemy.apps.robot.*,ptolemy.apps.security.*,ptolemy.apps.sobel.*,ptolemy.apps.soot.*,ptolemy.apps.throttle.*,ptolemy.apps.tini.*,ptolemy.apps.transmission.*,ptolemy.apps.vergil.*,ptolemy.apps.waba.*,ptolemy.apps.websensor.*,ptolemy.apps.webstart.*,ptolemy.apps.xsl.*,ptolemy.apps.zaurus.*,ptolemy.codegen.c.actor.lib.oldJavaFiles.*,ptolemy.codegen.dsp.lib.*,ptolemy.codegen.kernel.newInterfaces.*,ptolemy.codegen.lib.*,ptolemy.copernicus.kernel.fragment.*,ptolemy.copernicus.shallow.cg.*,ptolemy.domains.giotto.demo.Hierarchy.Hierarchy.*,ptolemy.domains.giotto.demo.Multimode.Multimode.*,ptolemy.domains.giotto.demo.Simple.Simple.*,ptolemy.domains.gr.lib.experimental.*,ptolemy.domains.gro.*,ptolemy.domains.pdf.*,ptolemy.domains.ptinyos.demo.Surge.output.*,ptolemy.moml.test.NoPackageActor.java*,ptolemy.plot.adm.*,ptolemy.plot.servlet.*,reports.*,signed.*,src.*,target.*,vendors.*,ptolemy.copernicus.applet.*,ptolemy.media.viewer.*,ptolemy.actor.corba.*,doc.doclets.*,ptolemy.apps.eclipse.awt.*,ptolemy.backtrack.*,ptolemy.backtrack.ast.*,ptolemy.cg.adapter.generic.program.procedural.c.mbed*,ptolemy.homer.*,ptolemy.actor.lib.jai.*,org.ptolemy.scala.*,diva.util.java2d.svg.*,ptolemy.domains.ptinyos.*,ptolemy.actor.lib.fmi.fmipp.*,,org.terraswarm.accessor.accessors.web.node_modules.*,org.terraswarm.accessor.accessors-svn,ptolemy.apps.*,ptolemy.actor.ptalon.demo.ptinyos.SendAndReceiveCnt.output,ptolemy.actor.ptalon.demo.ptinyos.SenseToLeds.output,ptolemy.domains.ptinyos.demo.CntToLedsAndRfm.output,ptolemy.domains.ptinyos.demo.RfmToLeds.output,ptolemy.domains.ptinyos.demo.SendAndReceiveCnt.output,ptolemy.domains.ptinyos.demo.SenseToLeds.output,ptolemy.actor.lib.jjs.modules.udpSocket.*" />
    <property name="env.PTII" value="/home/travis/build/icyphy/ptII" />
    <property name="env.XDG_SESSION_ID" value="2" />
    <property name="keystore" value="ptKeystore" />
    <property name="env.TRAVIS_COMMIT_MESSAGE" value="Restored ptolemy/domains/space/test/auto directory now that we have timeout mechanism. Hopefully, we will now just see test failures when the database is down instead of total failure of the tests." />
    <property name="junit.output.dir" value="/home/travis/build/icyphy/ptII/reports/junit" />
    <property name="npm.return.code" value="0" />
    <property name="user.dir" value="/home/travis/build/icyphy/ptII/ptolemy/actor/lib/test" />
    <property name="env.TRAVIS_NODE_VERSION" value="7" />
    <property name="env.TRAVIS_EVENT_TYPE" value="cron" />
    <property name="env.MAIL" value="/var/mail/travis" />
    <property name="env.PERLBREW_ROOT" value="/home/travis/perl5/perlbrew" />
    <property name="env.PWD" value="/home/travis/build/icyphy/ptII" />
    <property name="timeout.npm" value="45000" />
    <property name="env.TRAVIS_ARCH" value="amd64" />
    <property name="sun.cpu.endian" value="little" />
    <property name="env.PAGER" value="cat" />
    <property name="env.TRAVIS_BUILD_STAGE_NAME" value="Test" />
    <property name="env.PERLBREW_HOME" value="/home/travis/.perlbrew" />
    <property name="java.vm.version" value="11.0.2+9" />
    <property name="env.RAILS_ENV" value="test" />
    <property name="java.class.path" value="/home/travis/.ptolemyII:/home/travis/.ptolemyII/*:/home/travis/build/icyphy/ptII:/home/travis/build/icyphy/ptII/lib/bsh-2.0b4.jar:/home/travis/build/icyphy/ptII/lib/ptCal.jar:/home/travis/build/icyphy/ptII/lib/java_cup.jar:/home/travis/build/icyphy/ptII/lib/saxon8.jar:/home/travis/build/icyphy/ptII/lib/saxon8-dom.jar:/home/travis/build/icyphy/ptII/lib/chic.jar:/home/travis/build/icyphy/ptII/lib/ptcolt.jar:/home/travis/build/icyphy/ptII/vendors/misc/itext/iText.jar:/home/travis/build/icyphy/ptII/lib/g4ltl.jar:/home/travis/build/icyphy/ptII/lib/StructuralCoder.jar:/home/travis/build/icyphy/ptII/lib/jcerti.jar:/home/travis/build/icyphy/ptII/lib/javax.mail.jar:/home/travis/build/icyphy/ptII/vendors/JMF-2.1.1e/lib/jmf.jar:/home/travis/build/icyphy/ptII/lib/jna-4.0.0-variadic.jar:/home/travis/build/icyphy/ptII/vendors/misc/joystick/Joystick.jar:/home/travis/build/icyphy/ptII/lib/ptjacl.jar:/home/travis/build/icyphy/ptII/lib/jsoup-1.8.2.jar:/home/travis/build/icyphy/ptII/lib/junit-4.8.2.jar:/home/travis/build/icyphy/ptII/lib/JUnitParams-0.4.0.jar:/home/travis/build/icyphy/ptII/ptolemy/actor/lib/excel/jxl.jar:/home/travis/build/icyphy/ptII/lib/jython.jar:/home/travis/build/icyphy/ptII/lib/kieler.jar:/home/travis/build/icyphy/ptII/vendors/opencv/share/OpenCV/java/opencv-341.jar:/home/travis/build/icyphy/ptII/lib/oscP5.jar:/home/travis/build/icyphy/ptII/lib/nrjavaserial-3.11.0.devel.jar:/home/travis/build/icyphy/ptII/vendors/j3d/lib/Linux/j3dcore.jar:/home/travis/build/icyphy/ptII/vendors/j3d/lib/Linux/j3dutils.jar:/home/travis/build/icyphy/ptII/vendors/j3d/lib/Linux/vecmath.jar:/home/travis/build/icyphy/ptII/vendors/jogl/lib/Linux/gluegen-rt-natives-linux-amd64.jar:/home/travis/build/icyphy/ptII/vendors/jogl/lib/Linux/gluegen-rt.jar:/home/travis/build/icyphy/ptII/vendors/jogl/lib/Linux/jogl-all-natives-linux-amd64.jar:/home/travis/build/icyphy/ptII/vendors/jogl/lib/Linux/jogl-all.jar:/home/travis/build/icyphy/ptII/ptolemy/distributed/jini/jar/jini-core.jar:/home/travis/build/icyphy/ptII/ptolemy/distributed/jini/jar/jini-ext.jar:/home/travis/build/icyphy/ptII/ptolemy/distributed/jini/jar/sun-util.jar:/home/travis/build/icyphy/ptII/lib/protobuf-java-2.4.1.jar:/home/travis/build/icyphy/ptII/lib/org.eclipse.paho.client.mqttv3.jar:/home/travis/build/icyphy/ptII/lib/mapss.jar:/home/travis/build/icyphy/ptII/ptolemy/actor/ptalon/antlr/antlr.jar:/home/travis/build/icyphy/ptII/lib/JRI.jar:/home/travis/build/icyphy/ptII/lib/commons-lang-2.6.jar:/home/travis/build/icyphy/ptII/lib/commons-logging-1.1.1.jar:/home/travis/build/icyphy/ptII/lib/sootclasses.jar:/home/travis/build/icyphy/ptII/ptolemy/actor/lib/database/mysql-connector-java-5.1.6-bin.jar:/home/travis/build/icyphy/ptII/vendors/misc/sphinx4/sphinx4-data-5prealpha.jar:/home/travis/build/icyphy/ptII/vendors/misc/sphinx4/sphinx4-core-5prealpha.jar:/home/travis/build/icyphy/ptII/lib/PDFRenderer.jar:/home/travis/build/icyphy/ptII/lib/svgSalamander.jar:/home/travis/build/icyphy/ptII/lib/rsyntaxtextarea-2.6.0-SNAPSHOT.jar:/home/travis/build/icyphy/ptII/lib/hazelcast-3.8.2.jar:/home/travis/build/icyphy/ptII/lib/jackson-annotations-2.9.0.jar:/home/travis/build/icyphy/ptII/lib/jackson-core-2.9.3.jar:/home/travis/build/icyphy/ptII/lib/jackson-databind-2.9.3.jar:/home/travis/build/icyphy/ptII/lib/netty-buffer-4.1.19.Final.jar:/home/travis/build/icyphy/ptII/lib/netty-codec-4.1.19.Final.jar:/home/travis/build/icyphy/ptII/lib/netty-codec-dns-4.1.19.Final.jar:/home/travis/build/icyphy/ptII/lib/netty-codec-http-4.1.19.Final.jar:/home/travis/build/icyphy/ptII/lib/netty-codec-http2-4.1.19.Final.jar:/home/travis/build/icyphy/ptII/lib/netty-common-4.1.19.Final.jar:/home/travis/build/icyphy/ptII/lib/netty-handler-4.1.19.Final.jar:/home/travis/build/icyphy/ptII/lib/netty-resolver-4.1.19.Final.jar:/home/travis/build/icyphy/ptII/lib/netty-resolver-dns-4.1.19.Final.jar:/home/travis/build/icyphy/ptII/lib/netty-transport-4.1.19.Final.jar:/home/travis/build/icyphy/ptII/lib/vertx-codegen-3.5.1.jar:/home/travis/build/icyphy/ptII/lib/vertx-core-3.5.2-SNAPSHOT.jar:/home/travis/build/icyphy/ptII/lib/vertx-hazelcast-3.5.1.jar:/home/travis/build/icyphy/ptII/lib/vertx-lang-js-3.5.1.jar:/home/travis/build/icyphy/ptII/lib/vertx-service-proxy-3.5.1.jar:/home/travis/build/icyphy/ptII/lib/vertx-web-3.5.1.jar:/home/travis/build/icyphy/ptII/lib/slf4j-api-1.7.13.jar:/home/travis/build/icyphy/ptII/lib/slf4j-simple-1.7.13.jar:/home/travis/build/icyphy/ptII/lib/webcam-capture-0.3.12.jar:/home/travis/build/icyphy/ptII/lib/bridj-0.7.0.jar:/home/travis/build/icyphy/ptII/lib/xbjlib-1.1.0.nrjavaserial.jar:/home/travis/build/icyphy/ptII/ptolemy/moml/test:/home/travis/build/icyphy/ptII/ant/lib/ant-launcher.jar:/home/travis/build/icyphy/ptII/ant/lib/ant.jar:/home/travis/build/icyphy/ptII/ant/lib/ant-junit.jar:/home/travis/build/icyphy/ptII/ant/lib/ant-junit4.jar" />
    <property name="ant.library.dir" value="/home/travis/build/icyphy/ptII/ant/lib" />
    <property name="os.arch" value="amd64" />
    <property name="env.CONTINUOUS_INTEGRATION" value="true" />
    <property name="env.TRAVIS_LANGUAGE" value="node_js" />
    <property name="env.TRAVIS_STACK_LANGUAGES" value="__sardonyx__ c c++ clojure cplusplus cpp default generic go groovy java node_js php pure_java python ruby scala" />
    <property name="test.name" value="ptolemy.actor.lib.test.junit.JUnitTclTest" />
    <property name="env.APT_KEY_DONT_WARN_ON_DANGEROUS_USAGE" value="1" />
    <property name="sun.java.launcher" value="SUN_STANDARD" />
    <property name="env.PYTHON_CONFIGURE_OPTS" value="--enable-unicode=ucs4 --with-wide-unicode --enable-shared --enable-ipv6 --enable-loadable-sqlite-extensions --with-computed-gotos" />
    <property name="ant.core.lib" value="/home/travis/build/icyphy/ptII/ant/lib/ant.jar" />
    <property name="java.vm.specification.vendor" value="Oracle Corporation" />
    <property name="env.BCVTB_HOME" value="/home/travis/build/icyphy/ptII/lbnl" />
    <property name="file.separator" value="/" />
    <property name="spotbugs.home" value="/home/travis/build/icyphy/ptII/vendors/spotbugs-3.1.1" />
    <property name="java.runtime.version" value="11.0.2+9" />
    <property name="env.ANSI_CLEAR" value="\033[0K" />
    <property name="javafx.verbose" value="true" />
    <property name="env.HAS_JOSH_K_SEAL_OF_APPROVAL" value="true" />
    <property name="env.XDG_RUNTIME_DIR" value="/run/user/2000" />
    <property name="env.TRAVIS_OSX_IMAGE" value="" />
    <property name="env.TRAVIS_JOB_ID" value="629899723" />
    <property name="env.TRAVIS_BRANCH" value="master" />
    <property name="user.country" value="US" />
    <property name="env.CERTI_HOME_TRAVIS" value="/home/travis/pthla/certi-tools" />
    <property name="env.SHELL" value="/bin/bash" />
    <property name="java.maxmemory.large" value="3200m" />
    <property name="model" value="" />
    <property name="env.CASHER_DIR" value="/home/travis/.casher" />
    <property name="env.NVM_CD_FLAGS" value="" />
    <property name="java.vendor.version" value="18.9" />
    <property name="jshint.executable" value="/home/travis/node_modules/jshint/bin/jshint" />
    <property name="env.JRUBY_OPTS" value=" --client -J-XX:+TieredCompilation -J-XX:TieredStopAtLevel=1 -J-Xss2m -Xcompile.invokedynamic=false" />
    <property name="java.vendor" value="Oracle Corporation" />
    <property name="env.TRAVIS_PRE_CHEF_BOOTSTRAP_TIME" value="2019-03-25T16:16:42" />
    <property name="env.TRAVIS_STACK_JOB_BOARD_REGISTER" value="/.job-board-register.yml" />
    <property name="env.ANSI_RED" value="\033[31;1m" />
    <property name="java.specification.version" value="11" />
    <property name="env.IRBRC" value="/home/travis/.rvm/rubies/ruby-2.5.3/.irbrc" />
    <property name="env.TRAVIS" value="true" />
    <property name="sun.arch.data.model" value="64" />
  </properties>
  <testcase classname="ptolemy.util.test.junit.TclTests" name="[0] /home/travis/build/icyphy/ptII/ptolemy/actor/lib/test/AbsoluteValue.tcl (RunTclFile)" time="0.455" />
  <testcase classname="ptolemy.util.test.junit.TclTests" name="[1] /home/travis/build/icyphy/ptII/ptolemy/actor/lib/test/AddSubtract.tcl (RunTclFile)" time="0.122" />
  <testcase classname="ptolemy.util.test.junit.TclTests" name="[2] /home/travis/build/icyphy/ptII/ptolemy/actor/lib/test/Average.tcl (RunTclFile)" time="0.058" />
  <testcase classname="ptolemy.util.test.junit.TclTests" name="[3] /home/travis/build/icyphy/ptII/ptolemy/actor/lib/test/Bernoulli.tcl (RunTclFile)" time="0.04" />
  <testcase classname="ptolemy.util.test.junit.TclTests" name="[4] /home/travis/build/icyphy/ptII/ptolemy/actor/lib/test/Clock.tcl (RunTclFile)" time="0.096" />
  <testcase classname="ptolemy.util.test.junit.TclTests" name="[5] /home/travis/build/icyphy/ptII/ptolemy/actor/lib/test/Commutator.tcl (RunTclFile)" time="0.156" />
  <testcase classname="ptolemy.util.test.junit.TclTests" name="[6] /home/travis/build/icyphy/ptII/ptolemy/actor/lib/test/Const.tcl (RunTclFile)" time="0.113" />
  <testcase classname="ptolemy.util.test.junit.TclTests" name="[7] /home/travis/build/icyphy/ptII/ptolemy/actor/lib/test/CurrentTime.tcl (RunTclFile)" time="0.035" />
  <testcase classname="ptolemy.util.test.junit.TclTests" name="[8] /home/travis/build/icyphy/ptII/ptolemy/actor/lib/test/DB.tcl (RunTclFile)" time="0.031" />
  <testcase classname="ptolemy.util.test.junit.TclTests" name="[9] /home/travis/build/icyphy/ptII/ptolemy/actor/lib/test/DiscreteRandomSource.tcl (RunTclFile)" time="0.022" />
  <testcase classname="ptolemy.util.test.junit.TclTests" name="[10] /home/travis/build/icyphy/ptII/ptolemy/actor/lib/test/Distributor.tcl (RunTclFile)" time="0.079" />
  <testcase classname="ptolemy.util.test.junit.TclTests" name="[11] /home/travis/build/icyphy/ptII/ptolemy/actor/lib/test/Exit.tcl (RunTclFile)" time="0.075" />
  <testcase classname="ptolemy.util.test.junit.TclTests" name="[12] /home/travis/build/icyphy/ptII/ptolemy/actor/lib/test/Expression.tcl (RunTclFile)" time="0.12" />
  <testcase classname="ptolemy.util.test.junit.TclTests" name="[13] /home/travis/build/icyphy/ptII/ptolemy/actor/lib/test/Gaussian.tcl (RunTclFile)" time="0.443" />
  <testcase classname="ptolemy.util.test.junit.TclTests" name="[14] /home/travis/build/icyphy/ptII/ptolemy/actor/lib/test/IIR.tcl (RunTclFile)" time="0.043" />
  <testcase classname="ptolemy.util.test.junit.TclTests" name="[15] /home/travis/build/icyphy/ptII/ptolemy/actor/lib/test/Interpolator.tcl (RunTclFile)" time="0.099" />
  <testcase classname="ptolemy.util.test.junit.TclTests" name="[16] /home/travis/build/icyphy/ptII/ptolemy/actor/lib/test/MathFunction.tcl (RunTclFile)" time="0.077" />
  <testcase classname="ptolemy.util.test.junit.TclTests" name="[17] /home/travis/build/icyphy/ptII/ptolemy/actor/lib/test/Maximum.tcl (RunTclFile)" time="0.037" />
  <testcase classname="ptolemy.util.test.junit.TclTests" name="[18] /home/travis/build/icyphy/ptII/ptolemy/actor/lib/test/Minimum.tcl (RunTclFile)" time="0.029" />
  <testcase classname="ptolemy.util.test.junit.TclTests" name="[19] /home/travis/build/icyphy/ptII/ptolemy/actor/lib/test/MultiplyDivide.tcl (RunTclFile)" time="0.045" />
  <testcase classname="ptolemy.util.test.junit.TclTests" name="[20] /home/travis/build/icyphy/ptII/ptolemy/actor/lib/test/OrderedMerge.tcl (RunTclFile)" time="0.122" />
  <testcase classname="ptolemy.util.test.junit.TclTests" name="[21] /home/travis/build/icyphy/ptII/ptolemy/actor/lib/test/Publisher.tcl (RunTclFile)" time="0.746" />
  <testcase classname="ptolemy.util.test.junit.TclTests" name="[22] /home/travis/build/icyphy/ptII/ptolemy/actor/lib/test/Pulse.tcl (RunTclFile)" time="0.055" />
  <testcase classname="ptolemy.util.test.junit.TclTests" name="[23] /home/travis/build/icyphy/ptII/ptolemy/actor/lib/test/Ramp.tcl (RunTclFile)" time="1.757" />
  <testcase classname="ptolemy.util.test.junit.TclTests" name="[24] /home/travis/build/icyphy/ptII/ptolemy/actor/lib/test/RampContinuous.tcl (RunTclFile)" time="0.015" />
  <testcase classname="ptolemy.util.test.junit.TclTests" name="[25] /home/travis/build/icyphy/ptII/ptolemy/actor/lib/test/RecordAssembler.tcl (RunTclFile)" time="0.013" />
  <testcase classname="ptolemy.util.test.junit.TclTests" name="[26] /home/travis/build/icyphy/ptII/ptolemy/actor/lib/test/RecordDisassembler.tcl (RunTclFile)" time="0.016" />
  <testcase classname="ptolemy.util.test.junit.TclTests" name="[27] /home/travis/build/icyphy/ptII/ptolemy/actor/lib/test/Scale.tcl (RunTclFile)" time="0.015" />
  <testcase classname="ptolemy.util.test.junit.TclTests" name="[28] /home/travis/build/icyphy/ptII/ptolemy/actor/lib/test/SequentialClock.tcl (RunTclFile)" time="0.011" />
  <testcase classname="ptolemy.util.test.junit.TclTests" name="[29] /home/travis/build/icyphy/ptII/ptolemy/actor/lib/test/SetVariable.tcl (RunTclFile)" time="0.02">
    <failure message="Number of failed tests is has increased. expected:&lt;0&gt; but was:&lt;1&gt;" type="junit.framework.AssertionFailedError">junit.framework.AssertionFailedError: Number of failed tests is has increased. expected:&lt;0&gt; but was:&lt;1&gt;
	at ptolemy.util.test.junit.TclTests.RunTclFile(TclTests.java:286)
	at jdk.internal.reflect.GeneratedMethodAccessor19.invoke(Unknown Source)
	at java.base/jdk.internal.reflect.DelegatingMethodAccessorImpl.invoke(DelegatingMethodAccessorImpl.java:43)
	at junitparams.internal.InvokeParameterisedMethod.evaluate(InvokeParameterisedMethod.java:102)
	at junitparams.internal.ParameterisedTestMethodRunner.runMethodInvoker(ParameterisedTestMethodRunner.java:47)
	at junitparams.internal.ParameterisedTestMethodRunner.runTestMethod(ParameterisedTestMethodRunner.java:41)
	at junitparams.internal.ParameterisedTestClassRunner.runParameterisedTest(ParameterisedTestClassRunner.java:143)
	at junitparams.JUnitParamsRunner.runChild(JUnitParamsRunner.java:237)
	at junitparams.JUnitParamsRunner.runChild(JUnitParamsRunner.java:215)
</failure>
  </testcase>
  <testcase classname="ptolemy.util.test.junit.TclTests" name="[30] /home/travis/build/icyphy/ptII/ptolemy/actor/lib/test/Sinewave.tcl (RunTclFile)" time="0.025" />
  <testcase classname="ptolemy.util.test.junit.TclTests" name="[31] /home/travis/build/icyphy/ptII/ptolemy/actor/lib/test/SubscriptionAggregator.tcl (RunTclFile)" time="2.004" />
  <testcase classname="ptolemy.util.test.junit.TclTests" name="[32] /home/travis/build/icyphy/ptII/ptolemy/actor/lib/test/Test.tcl (RunTclFile)" time="0.122" />
  <testcase classname="ptolemy.util.test.junit.TclTests" name="[33] /home/travis/build/icyphy/ptII/ptolemy/actor/lib/test/TestExceptionHandler.tcl (RunTclFile)" time="0.012" />
  <testcase classname="ptolemy.util.test.junit.TclTests" name="[34] /home/travis/build/icyphy/ptII/ptolemy/actor/lib/test/UnionDisassembler.tcl (RunTclFile)" time="0.073" />
  <testcase classname="ptolemy.util.test.junit.TclTests" name="[35] /home/travis/build/icyphy/ptII/ptolemy/actor/lib/test/VariableClock.tcl (RunTclFile)" time="0.029" />
  <testcase classname="ptolemy.util.test.junit.AutoKnownFailedTests" name="[0] /home/travis/build/icyphy/ptII/ptolemy/actor/lib/test/auto/knownFailedTests/PublisherPortToplevelSubscriber.xml (RunModel)" time="0.031" />
  <testcase classname="ptolemy.util.test.junit.AutoKnownFailedTests" name="[1] /home/travis/build/icyphy/ptII/ptolemy/actor/lib/test/auto/knownFailedTests/PublisherSubscriberPortToplevel.xml (RunModel)" time="0.022" />
  <testcase classname="ptolemy.util.test.junit.AutoKnownFailedTests" name="[2] /home/travis/build/icyphy/ptII/ptolemy/actor/lib/test/auto/knownFailedTests/PublisherSubscriptionAggregatorPort.xml (RunModel)" time="0.016" />
  <testcase classname="ptolemy.util.test.junit.AutoKnownFailedTests" name="[3] /home/travis/build/icyphy/ptII/ptolemy/actor/lib/test/auto/knownFailedTests/sizedarray3.xml (RunModel)" time="0.031" />
  <testcase classname="ptolemy.util.test.junit.AutoNameArchTests" name="[0] ThereAreNoAutoArchTests (RunModel)" time="0.004" />
  <testcase classname="ptolemy.util.test.junit.AutoTests" name="[0] /home/travis/build/icyphy/ptII/ptolemy/actor/lib/test/auto/AbsoluteValue.xml (RunModel)" time="0.083" />
  <testcase classname="ptolemy.util.test.junit.AutoTests" name="[1] /home/travis/build/icyphy/ptII/ptolemy/actor/lib/test/auto/AbsoluteValue2.xml (RunModel)" time="0.069" />
  <testcase classname="ptolemy.util.test.junit.AutoTests" name="[2] /home/travis/build/icyphy/ptII/ptolemy/actor/lib/test/auto/Accumulator.xml (RunModel)" time="0.043" />
  <testcase classname="ptolemy.util.test.junit.AutoTests" name="[3] /home/travis/build/icyphy/ptII/ptolemy/actor/lib/test/auto/Accumulator2.xml (RunModel)" time="0.041" />
  <testcase classname="ptolemy.util.test.junit.AutoTests" name="[4] /home/travis/build/icyphy/ptII/ptolemy/actor/lib/test/auto/Accumulator3.xml (RunModel)" time="0.031" />
  <testcase classname="ptolemy.util.test.junit.AutoTests" name="[5] /home/travis/build/icyphy/ptII/ptolemy/actor/lib/test/auto/ArrayAppend.xml (RunModel)" time="0.029" />
  <testcase classname="ptolemy.util.test.junit.AutoTests" name="[6] /home/travis/build/icyphy/ptII/ptolemy/actor/lib/test/auto/ArrayAppend2.xml (RunModel)" time="0.505" />
  <testcase classname="ptolemy.util.test.junit.AutoTests" name="[7] /home/travis/build/icyphy/ptII/ptolemy/actor/lib/test/auto/ArrayAppend3.xml (RunModel)" time="0.045" />
  <testcase classname="ptolemy.util.test.junit.AutoTests" name="[8] /home/travis/build/icyphy/ptII/ptolemy/actor/lib/test/auto/ArrayAppend4.xml (RunModel)" time="0.014" />
  <testcase classname="ptolemy.util.test.junit.AutoTests" name="[9] /home/travis/build/icyphy/ptII/ptolemy/actor/lib/test/auto/ArrayAppend5.xml (RunModel)" time="0.013" />
  <testcase classname="ptolemy.util.test.junit.AutoTests" name="[10] /home/travis/build/icyphy/ptII/ptolemy/actor/lib/test/auto/ArrayAppend6.xml (RunModel)" time="0.014" />
  <testcase classname="ptolemy.util.test.junit.AutoTests" name="[11] /home/travis/build/icyphy/ptII/ptolemy/actor/lib/test/auto/ArrayAppendPerformanceTest.xml (RunModel)" time="0.055" />
  <testcase classname="ptolemy.util.test.junit.AutoTests" name="[12] /home/travis/build/icyphy/ptII/ptolemy/actor/lib/test/auto/ArrayAppendWithEmptyInput.xml (RunModel)" time="0.045" />
  <testcase classname="ptolemy.util.test.junit.AutoTests" name="[13] /home/travis/build/icyphy/ptII/ptolemy/actor/lib/test/auto/ArrayAverage.xml (RunModel)" time="0.024" />
  <testcase classname="ptolemy.util.test.junit.AutoTests" name="[14] /home/travis/build/icyphy/ptII/ptolemy/actor/lib/test/auto/ArrayContains.xml (RunModel)" time="0.021" />
  <testcase classname="ptolemy.util.test.junit.AutoTests" name="[15] /home/travis/build/icyphy/ptII/ptolemy/actor/lib/test/auto/ArrayElement.xml (RunModel)" time="0.019" />
  <testcase classname="ptolemy.util.test.junit.AutoTests" name="[16] /home/travis/build/icyphy/ptII/ptolemy/actor/lib/test/auto/ArrayElementAsMatrix.xml (RunModel)" time="0.058" />
  <testcase classname="ptolemy.util.test.junit.AutoTests" name="[17] /home/travis/build/icyphy/ptII/ptolemy/actor/lib/test/auto/ArrayElementI.xml (RunModel)" time="0.024" />
  <testcase classname="ptolemy.util.test.junit.AutoTests" name="[18] /home/travis/build/icyphy/ptII/ptolemy/actor/lib/test/auto/ArrayExtract.xml (RunModel)" time="0.038" />
  <testcase classname="ptolemy.util.test.junit.AutoTests" name="[19] /home/travis/build/icyphy/ptII/ptolemy/actor/lib/test/auto/ArrayExtract2.xml (RunModel)" time="0.016" />
  <testcase classname="ptolemy.util.test.junit.AutoTests" name="[20] /home/travis/build/icyphy/ptII/ptolemy/actor/lib/test/auto/ArrayLength.xml (RunModel)" time="0.018" />
  <testcase classname="ptolemy.util.test.junit.AutoTests" name="[21] /home/travis/build/icyphy/ptII/ptolemy/actor/lib/test/auto/ArrayLevelCrossing.xml (RunModel)" time="0.023" />
  <testcase classname="ptolemy.util.test.junit.AutoTests" name="[22] /home/travis/build/icyphy/ptII/ptolemy/actor/lib/test/auto/ArrayLevelCrossing2.xml (RunModel)" time="0.02" />
  <testcase classname="ptolemy.util.test.junit.AutoTests" name="[23] /home/travis/build/icyphy/ptII/ptolemy/actor/lib/test/auto/ArrayPeakSearch.xml (RunModel)" time="0.039" />
  <testcase classname="ptolemy.util.test.junit.AutoTests" name="[24] /home/travis/build/icyphy/ptII/ptolemy/actor/lib/test/auto/ArrayPeakSearch2.xml (RunModel)" time="0.047" />
  <testcase classname="ptolemy.util.test.junit.AutoTests" name="[25] /home/travis/build/icyphy/ptII/ptolemy/actor/lib/test/auto/ArrayPeakSearch3.xml (RunModel)" time="0.038" />
  <testcase classname="ptolemy.util.test.junit.AutoTests" name="[26] /home/travis/build/icyphy/ptII/ptolemy/actor/lib/test/auto/ArrayRemoveElement.xml (RunModel)" time="0.025" />
  <testcase classname="ptolemy.util.test.junit.AutoTests" name="[27] /home/travis/build/icyphy/ptII/ptolemy/actor/lib/test/auto/ArraySort.xml (RunModel)" time="0.034" />
  <testcase classname="ptolemy.util.test.junit.AutoTests" name="[28] /home/travis/build/icyphy/ptII/ptolemy/actor/lib/test/auto/ArraySum.xml (RunModel)" time="0.015" />
  <testcase classname="ptolemy.util.test.junit.AutoTests" name="[29] /home/travis/build/icyphy/ptII/ptolemy/actor/lib/test/auto/ArrayToElements.xml (RunModel)" time="0.021" />
  <testcase classname="ptolemy.util.test.junit.AutoTests" name="[30] /home/travis/build/icyphy/ptII/ptolemy/actor/lib/test/auto/ArrayToMatrix.xml (RunModel)" time="0.059" />
  <testcase classname="ptolemy.util.test.junit.AutoTests" name="[31] /home/travis/build/icyphy/ptII/ptolemy/actor/lib/test/auto/ArrayUpdate1.xml (RunModel)" time="0.019" />
  <testcase classname="ptolemy.util.test.junit.AutoTests" name="[32] /home/travis/build/icyphy/ptII/ptolemy/actor/lib/test/auto/ArrayUpdate2.xml (RunModel)" time="0.02" />
  <testcase classname="ptolemy.util.test.junit.AutoTests" name="[33] /home/travis/build/icyphy/ptII/ptolemy/actor/lib/test/auto/ArrayUpdate3.xml (RunModel)" time="0.014" />
  <testcase classname="ptolemy.util.test.junit.AutoTests" name="[34] /home/travis/build/icyphy/ptII/ptolemy/actor/lib/test/auto/Assert1.xml (RunModel)" time="0.022" />
  <testcase classname="ptolemy.util.test.junit.AutoTests" name="[35] /home/travis/build/icyphy/ptII/ptolemy/actor/lib/test/auto/Assert2.xml (RunModel)" time="0.012" />
  <testcase classname="ptolemy.util.test.junit.AutoTests" name="[36] /home/travis/build/icyphy/ptII/ptolemy/actor/lib/test/auto/BooleanMultiplexor.xml (RunModel)" time="0.014" />
  <testcase classname="ptolemy.util.test.junit.AutoTests" name="[37] /home/travis/build/icyphy/ptII/ptolemy/actor/lib/test/auto/BooleanMultiplexor2.xml (RunModel)" time="0.024" />
  <testcase classname="ptolemy.util.test.junit.AutoTests" name="[38] /home/travis/build/icyphy/ptII/ptolemy/actor/lib/test/auto/BooleanMultiplexor3.xml (RunModel)" time="0.019" />
  <testcase classname="ptolemy.util.test.junit.AutoTests" name="[39] /home/travis/build/icyphy/ptII/ptolemy/actor/lib/test/auto/BooleanSelect.xml (RunModel)" time="0.024" />
  <testcase classname="ptolemy.util.test.junit.AutoTests" name="[40] /home/travis/build/icyphy/ptII/ptolemy/actor/lib/test/auto/BooleanSelect2.xml (RunModel)" time="0.018" />
  <testcase classname="ptolemy.util.test.junit.AutoTests" name="[41] /home/travis/build/icyphy/ptII/ptolemy/actor/lib/test/auto/BooleanSwitch.xml (RunModel)" time="0.019" />
  <testcase classname="ptolemy.util.test.junit.AutoTests" name="[42] /home/travis/build/icyphy/ptII/ptolemy/actor/lib/test/auto/BooleanSwitch2.xml (RunModel)" time="0.012" />
  <testcase classname="ptolemy.util.test.junit.AutoTests" name="[43] /home/travis/build/icyphy/ptII/ptolemy/actor/lib/test/auto/BooleanSwitchCloningBugWithClassRelationGroup.xml (RunModel)" time="0.021" />
  <testcase classname="ptolemy.util.test.junit.AutoTests" name="[44] /home/travis/build/icyphy/ptII/ptolemy/actor/lib/test/auto/BusActors.xml (RunModel)" time="0.026" />
  <testcase classname="ptolemy.util.test.junit.AutoTests" name="[45] /home/travis/build/icyphy/ptII/ptolemy/actor/lib/test/auto/ClassWrapper.xml (RunModel)" time="0.009" />
  <testcase classname="ptolemy.util.test.junit.AutoTests" name="[46] /home/travis/build/icyphy/ptII/ptolemy/actor/lib/test/auto/Clock.xml (RunModel)" time="0.006" />
  <testcase classname="ptolemy.util.test.junit.AutoTests" name="[47] /home/travis/build/icyphy/ptII/ptolemy/actor/lib/test/auto/Clock10.xml (RunModel)" time="0.012" />
  <testcase classname="ptolemy.util.test.junit.AutoTests" name="[48] /home/travis/build/icyphy/ptII/ptolemy/actor/lib/test/auto/Clock11.xml (RunModel)" time="0.011" />
  <testcase classname="ptolemy.util.test.junit.AutoTests" name="[49] /home/travis/build/icyphy/ptII/ptolemy/actor/lib/test/auto/Clock12.xml (RunModel)" time="0.01" />
  <testcase classname="ptolemy.util.test.junit.AutoTests" name="[50] /home/travis/build/icyphy/ptII/ptolemy/actor/lib/test/auto/Clock13.xml (RunModel)" time="0.012" />
  <testcase classname="ptolemy.util.test.junit.AutoTests" name="[51] /home/travis/build/icyphy/ptII/ptolemy/actor/lib/test/auto/Clock14.xml (RunModel)" time="0.012" />
  <testcase classname="ptolemy.util.test.junit.AutoTests" name="[52] /home/travis/build/icyphy/ptII/ptolemy/actor/lib/test/auto/Clock15.xml (RunModel)" time="0.012" />
  <testcase classname="ptolemy.util.test.junit.AutoTests" name="[53] /home/travis/build/icyphy/ptII/ptolemy/actor/lib/test/auto/Clock16.xml (RunModel)" time="0.076" />
  <testcase classname="ptolemy.util.test.junit.AutoTests" name="[54] /home/travis/build/icyphy/ptII/ptolemy/actor/lib/test/auto/Clock17.xml (RunModel)" time="0.035" />
  <testcase classname="ptolemy.util.test.junit.AutoTests" name="[55] /home/travis/build/icyphy/ptII/ptolemy/actor/lib/test/auto/Clock18.xml (RunModel)" time="0.045" />
  <testcase classname="ptolemy.util.test.junit.AutoTests" name="[56] /home/travis/build/icyphy/ptII/ptolemy/actor/lib/test/auto/Clock19.xml (RunModel)" time="0.042" />
  <testcase classname="ptolemy.util.test.junit.AutoTests" name="[57] /home/travis/build/icyphy/ptII/ptolemy/actor/lib/test/auto/Clock2.xml (RunModel)" time="0.011" />
  <testcase classname="ptolemy.util.test.junit.AutoTests" name="[58] /home/travis/build/icyphy/ptII/ptolemy/actor/lib/test/auto/Clock20.xml (RunModel)" time="0.019" />
  <testcase classname="ptolemy.util.test.junit.AutoTests" name="[59] /home/travis/build/icyphy/ptII/ptolemy/actor/lib/test/auto/Clock21.xml (RunModel)" time="0.013" />
  <testcase classname="ptolemy.util.test.junit.AutoTests" name="[60] /home/travis/build/icyphy/ptII/ptolemy/actor/lib/test/auto/Clock22.xml (RunModel)" time="0.019" />
  <testcase classname="ptolemy.util.test.junit.AutoTests" name="[61] /home/travis/build/icyphy/ptII/ptolemy/actor/lib/test/auto/Clock23.xml (RunModel)" time="0.019" />
  <testcase classname="ptolemy.util.test.junit.AutoTests" name="[62] /home/travis/build/icyphy/ptII/ptolemy/actor/lib/test/auto/Clock24.xml (RunModel)" time="0.015" />
  <testcase classname="ptolemy.util.test.junit.AutoTests" name="[63] /home/travis/build/icyphy/ptII/ptolemy/actor/lib/test/auto/Clock4.xml (RunModel)" time="0.013" />
  <testcase classname="ptolemy.util.test.junit.AutoTests" name="[64] /home/travis/build/icyphy/ptII/ptolemy/actor/lib/test/auto/Clock5.xml (RunModel)" time="0.018" />
  <testcase classname="ptolemy.util.test.junit.AutoTests" name="[65] /home/travis/build/icyphy/ptII/ptolemy/actor/lib/test/auto/Clock6.xml (RunModel)" time="0.011" />
  <testcase classname="ptolemy.util.test.junit.AutoTests" name="[66] /home/travis/build/icyphy/ptII/ptolemy/actor/lib/test/auto/Clock7.xml (RunModel)" time="0.012" />
  <testcase classname="ptolemy.util.test.junit.AutoTests" name="[67] /home/travis/build/icyphy/ptII/ptolemy/actor/lib/test/auto/Clock8.xml (RunModel)" time="0.015" />
  <testcase classname="ptolemy.util.test.junit.AutoTests" name="[68] /home/travis/build/icyphy/ptII/ptolemy/actor/lib/test/auto/Clock9.xml (RunModel)" time="0.015" />
  <testcase classname="ptolemy.util.test.junit.AutoTests" name="[69] /home/travis/build/icyphy/ptII/ptolemy/actor/lib/test/auto/CommDistDiscard.xml (RunModel)" time="0.022" />
  <testcase classname="ptolemy.util.test.junit.AutoTests" name="[70] /home/travis/build/icyphy/ptII/ptolemy/actor/lib/test/auto/Commutator.xml (RunModel)" time="0.014" />
  <testcase classname="ptolemy.util.test.junit.AutoTests" name="[71] /home/travis/build/icyphy/ptII/ptolemy/actor/lib/test/auto/Commutator2.xml (RunModel)" time="0.01" />
  <testcase classname="ptolemy.util.test.junit.AutoTests" name="[72] /home/travis/build/icyphy/ptII/ptolemy/actor/lib/test/auto/Commutator3.xml (RunModel)" time="0.013" />
  <testcase classname="ptolemy.util.test.junit.AutoTests" name="[73] /home/travis/build/icyphy/ptII/ptolemy/actor/lib/test/auto/Compare.xml (RunModel)" time="0.021" />
  <testcase classname="ptolemy.util.test.junit.AutoTests" name="[74] /home/travis/build/icyphy/ptII/ptolemy/actor/lib/test/auto/CompareDE.xml (RunModel)" time="0.018" />
  <testcase classname="ptolemy.util.test.junit.AutoTests" name="[75] /home/travis/build/icyphy/ptII/ptolemy/actor/lib/test/auto/ComplexDivide.xml (RunModel)" time="0.027" />
  <testcase classname="ptolemy.util.test.junit.AutoTests" name="[76] /home/travis/build/icyphy/ptII/ptolemy/actor/lib/test/auto/ComputeHistogram.xml (RunModel)" time="0.063" />
  <testcase classname="ptolemy.util.test.junit.AutoTests" name="[77] /home/travis/build/icyphy/ptII/ptolemy/actor/lib/test/auto/ConfigurationSelect.xml (RunModel)" time="0.018" />
  <testcase classname="ptolemy.util.test.junit.AutoTests" name="[78] /home/travis/build/icyphy/ptII/ptolemy/actor/lib/test/auto/ConfigurationSelect2.xml (RunModel)" time="0.015" />
  <testcase classname="ptolemy.util.test.junit.AutoTests" name="[79] /home/travis/build/icyphy/ptII/ptolemy/actor/lib/test/auto/ConfigurationSwitch.xml (RunModel)" time="0.021" />
  <testcase classname="ptolemy.util.test.junit.AutoTests" name="[80] /home/travis/build/icyphy/ptII/ptolemy/actor/lib/test/auto/ConfigurationSwitch2.xml (RunModel)" time="0.025" />
  <testcase classname="ptolemy.util.test.junit.AutoTests" name="[81] /home/travis/build/icyphy/ptII/ptolemy/actor/lib/test/auto/ConfigurationSwitchCloningBugWithClassRelationGroup.xml (RunModel)" time="0.02" />
  <testcase classname="ptolemy.util.test.junit.AutoTests" name="[82] /home/travis/build/icyphy/ptII/ptolemy/actor/lib/test/auto/ConfigurationSwitchSelectSDF.xml (RunModel)" time="0.016" />
  <testcase classname="ptolemy.util.test.junit.AutoTests" name="[83] /home/travis/build/icyphy/ptII/ptolemy/actor/lib/test/auto/ConfigurationSwitchSelectSDF2.xml (RunModel)" time="0.017" />
  <testcase classname="ptolemy.util.test.junit.AutoTests" name="[84] /home/travis/build/icyphy/ptII/ptolemy/actor/lib/test/auto/Const.xml (RunModel)" time="0.007" />
  <testcase classname="ptolemy.util.test.junit.AutoTests" name="[85] /home/travis/build/icyphy/ptII/ptolemy/actor/lib/test/auto/Const2.xml (RunModel)" time="0.009" />
  <testcase classname="ptolemy.util.test.junit.AutoTests" name="[86] /home/travis/build/icyphy/ptII/ptolemy/actor/lib/test/auto/Const3.xml (RunModel)" time="0.014" />
  <testcase classname="ptolemy.util.test.junit.AutoTests" name="[87] /home/travis/build/icyphy/ptII/ptolemy/actor/lib/test/auto/ConstantPublisherPort1.xml (RunModel)" time="0.026" />
  <testcase classname="ptolemy.util.test.junit.AutoTests" name="[88] /home/travis/build/icyphy/ptII/ptolemy/actor/lib/test/auto/ConstantPublisherPort2.xml (RunModel)" time="0.021" />
  <testcase classname="ptolemy.util.test.junit.AutoTests" name="[89] /home/travis/build/icyphy/ptII/ptolemy/actor/lib/test/auto/ConstantPublisherPort3.xml (RunModel)" time="0.02" />
  <testcase classname="ptolemy.util.test.junit.AutoTests" name="[90] /home/travis/build/icyphy/ptII/ptolemy/actor/lib/test/auto/ConstantPublisherPort4.xml (RunModel)" time="0.016" />
  <testcase classname="ptolemy.util.test.junit.AutoTests" name="[91] /home/travis/build/icyphy/ptII/ptolemy/actor/lib/test/auto/ConstantPublisherPort5.xml (RunModel)" time="0.04" />
  <testcase classname="ptolemy.util.test.junit.AutoTests" name="[92] /home/travis/build/icyphy/ptII/ptolemy/actor/lib/test/auto/ConstantPublisherPort6.xml (RunModel)" time="0.029" />
  <testcase classname="ptolemy.util.test.junit.AutoTests" name="[93] /home/travis/build/icyphy/ptII/ptolemy/actor/lib/test/auto/ConstantPublisherPort7.xml (RunModel)" time="0.035" />
  <testcase classname="ptolemy.util.test.junit.AutoTests" name="[94] /home/travis/build/icyphy/ptII/ptolemy/actor/lib/test/auto/ConstraintMonitor1.xml (RunModel)" time="0.037" />
  <testcase classname="ptolemy.util.test.junit.AutoTests" name="[95] /home/travis/build/icyphy/ptII/ptolemy/actor/lib/test/auto/ConstraintMonitor2.xml (RunModel)" time="0.008" />
  <testcase classname="ptolemy.util.test.junit.AutoTests" name="[96] /home/travis/build/icyphy/ptII/ptolemy/actor/lib/test/auto/ConstraintMonitor3.xml (RunModel)" time="0.014" />
  <testcase classname="ptolemy.util.test.junit.AutoTests" name="[97] /home/travis/build/icyphy/ptII/ptolemy/actor/lib/test/auto/ConstraintMonitor4.xml (RunModel)" time="0.012" />
  <testcase classname="ptolemy.util.test.junit.AutoTests" name="[98] /home/travis/build/icyphy/ptII/ptolemy/actor/lib/test/auto/ConstraintMonitor5.xml (RunModel)" time="0.009" />
  <testcase classname="ptolemy.util.test.junit.AutoTests" name="[99] /home/travis/build/icyphy/ptII/ptolemy/actor/lib/test/auto/ConstraintMonitor6.xml (RunModel)" time="0.014" />
  <testcase classname="ptolemy.util.test.junit.AutoTests" name="[100] /home/travis/build/icyphy/ptII/ptolemy/actor/lib/test/auto/ConstraintMonitor7.xml (RunModel)" time="0.017" />
  <testcase classname="ptolemy.util.test.junit.AutoTests" name="[101] /home/travis/build/icyphy/ptII/ptolemy/actor/lib/test/auto/ConstraintMonitor8.xml (RunModel)" time="0.017" />
  <testcase classname="ptolemy.util.test.junit.AutoTests" name="[102] /home/travis/build/icyphy/ptII/ptolemy/actor/lib/test/auto/Counter.xml (RunModel)" time="0.013" />
  <testcase classname="ptolemy.util.test.junit.AutoTests" name="[103] /home/travis/build/icyphy/ptII/ptolemy/actor/lib/test/auto/CurrentTimeSDF.xml (RunModel)" time="0.035" />
  <testcase classname="ptolemy.util.test.junit.AutoTests" name="[104] /home/travis/build/icyphy/ptII/ptolemy/actor/lib/test/auto/DB.xml (RunModel)" time="0.011" />
  <testcase classname="ptolemy.util.test.junit.AutoTests" name="[105] /home/travis/build/icyphy/ptII/ptolemy/actor/lib/test/auto/DBDE.xml (RunModel)" time="0.012" />
  <testcase classname="ptolemy.util.test.junit.AutoTests" name="[106] /home/travis/build/icyphy/ptII/ptolemy/actor/lib/test/auto/DateConstructor.xml (RunModel)" time="0.067" />
  <testcase classname="ptolemy.util.test.junit.AutoTests" name="[107] /home/travis/build/icyphy/ptII/ptolemy/actor/lib/test/auto/DelayTime.xml (RunModel)" time="0.013" />
  <testcase classname="ptolemy.util.test.junit.AutoTests" name="[108] /home/travis/build/icyphy/ptII/ptolemy/actor/lib/test/auto/Dictionary1.xml (RunModel)" time="0.015" />
  <testcase classname="ptolemy.util.test.junit.AutoTests" name="[109] /home/travis/build/icyphy/ptII/ptolemy/actor/lib/test/auto/Dictionary2.xml (RunModel)" time="0.013" />
  <testcase classname="ptolemy.util.test.junit.AutoTests" name="[110] /home/travis/build/icyphy/ptII/ptolemy/actor/lib/test/auto/Dictionary3.xml (RunModel)" time="0.014" />
  <testcase classname="ptolemy.util.test.junit.AutoTests" name="[111] /home/travis/build/icyphy/ptII/ptolemy/actor/lib/test/auto/Dictionary4.xml (RunModel)" time="0.017" />
  <testcase classname="ptolemy.util.test.junit.AutoTests" name="[112] /home/travis/build/icyphy/ptII/ptolemy/actor/lib/test/auto/Differential.xml (RunModel)" time="0.011" />
  <testcase classname="ptolemy.util.test.junit.AutoTests" name="[113] /home/travis/build/icyphy/ptII/ptolemy/actor/lib/test/auto/Director.xml (RunModel)" time="0.01" />
  <testcase classname="ptolemy.util.test.junit.AutoTests" name="[114] /home/travis/build/icyphy/ptII/ptolemy/actor/lib/test/auto/DiscreteClock.xml (RunModel)" time="0.008" />
  <testcase classname="ptolemy.util.test.junit.AutoTests" name="[115] /home/travis/build/icyphy/ptII/ptolemy/actor/lib/test/auto/DiscreteClock10.xml (RunModel)" time="0.012" />
  <testcase classname="ptolemy.util.test.junit.AutoTests" name="[116] /home/travis/build/icyphy/ptII/ptolemy/actor/lib/test/auto/DiscreteClock11.xml (RunModel)" time="0.011" />
  <testcase classname="ptolemy.util.test.junit.AutoTests" name="[117] /home/travis/build/icyphy/ptII/ptolemy/actor/lib/test/auto/DiscreteClock12.xml (RunModel)" time="0.011" />
  <testcase classname="ptolemy.util.test.junit.AutoTests" name="[118] /home/travis/build/icyphy/ptII/ptolemy/actor/lib/test/auto/DiscreteClock13.xml (RunModel)" time="0.013" />
  <testcase classname="ptolemy.util.test.junit.AutoTests" name="[119] /home/travis/build/icyphy/ptII/ptolemy/actor/lib/test/auto/DiscreteClock14.xml (RunModel)" time="0.013" />
  <testcase classname="ptolemy.util.test.junit.AutoTests" name="[120] /home/travis/build/icyphy/ptII/ptolemy/actor/lib/test/auto/DiscreteClock15.xml (RunModel)" time="0.015" />
  <testcase classname="ptolemy.util.test.junit.AutoTests" name="[121] /home/travis/build/icyphy/ptII/ptolemy/actor/lib/test/auto/DiscreteClock16.xml (RunModel)" time="0.04" />
  <testcase classname="ptolemy.util.test.junit.AutoTests" name="[122] /home/travis/build/icyphy/ptII/ptolemy/actor/lib/test/auto/DiscreteClock17.xml (RunModel)" time="0.043" />
  <testcase classname="ptolemy.util.test.junit.AutoTests" name="[123] /home/travis/build/icyphy/ptII/ptolemy/actor/lib/test/auto/DiscreteClock18.xml (RunModel)" time="0.028" />
  <testcase classname="ptolemy.util.test.junit.AutoTests" name="[124] /home/travis/build/icyphy/ptII/ptolemy/actor/lib/test/auto/DiscreteClock19.xml (RunModel)" time="0.034" />
  <testcase classname="ptolemy.util.test.junit.AutoTests" name="[125] /home/travis/build/icyphy/ptII/ptolemy/actor/lib/test/auto/DiscreteClock2.xml (RunModel)" time="0.008" />
  <testcase classname="ptolemy.util.test.junit.AutoTests" name="[126] /home/travis/build/icyphy/ptII/ptolemy/actor/lib/test/auto/DiscreteClock20.xml (RunModel)" time="0.013" />
  <testcase classname="ptolemy.util.test.junit.AutoTests" name="[127] /home/travis/build/icyphy/ptII/ptolemy/actor/lib/test/auto/DiscreteClock21.xml (RunModel)" time="0.012" />
  <testcase classname="ptolemy.util.test.junit.AutoTests" name="[128] /home/travis/build/icyphy/ptII/ptolemy/actor/lib/test/auto/DiscreteClock22.xml (RunModel)" time="0.012" />
  <testcase classname="ptolemy.util.test.junit.AutoTests" name="[129] /home/travis/build/icyphy/ptII/ptolemy/actor/lib/test/auto/DiscreteClock23.xml (RunModel)" time="0.012" />
  <testcase classname="ptolemy.util.test.junit.AutoTests" name="[130] /home/travis/build/icyphy/ptII/ptolemy/actor/lib/test/auto/DiscreteClock24.xml (RunModel)" time="0.012" />
  <testcase classname="ptolemy.util.test.junit.AutoTests" name="[131] /home/travis/build/icyphy/ptII/ptolemy/actor/lib/test/auto/DiscreteClock4.xml (RunModel)" time="0.013" />
  <testcase classname="ptolemy.util.test.junit.AutoTests" name="[132] /home/travis/build/icyphy/ptII/ptolemy/actor/lib/test/auto/DiscreteClock5.xml (RunModel)" time="0.009" />
  <testcase classname="ptolemy.util.test.junit.AutoTests" name="[133] /home/travis/build/icyphy/ptII/ptolemy/actor/lib/test/auto/DiscreteClock6.xml (RunModel)" time="0.007" />
  <testcase classname="ptolemy.util.test.junit.AutoTests" name="[134] /home/travis/build/icyphy/ptII/ptolemy/actor/lib/test/auto/DiscreteClock7.xml (RunModel)" time="0.007" />
  <testcase classname="ptolemy.util.test.junit.AutoTests" name="[135] /home/travis/build/icyphy/ptII/ptolemy/actor/lib/test/auto/DiscreteClock8.xml (RunModel)" time="0.015" />
  <testcase classname="ptolemy.util.test.junit.AutoTests" name="[136] /home/travis/build/icyphy/ptII/ptolemy/actor/lib/test/auto/DiscreteClock9.xml (RunModel)" time="0.014" />
  <testcase classname="ptolemy.util.test.junit.AutoTests" name="[137] /home/travis/build/icyphy/ptII/ptolemy/actor/lib/test/auto/DisplayArray.xml (RunModel)" time="0.01" />
  <testcase classname="ptolemy.util.test.junit.AutoTests" name="[138] /home/travis/build/icyphy/ptII/ptolemy/actor/lib/test/auto/Distributor.xml (RunModel)" time="0.008" />
  <testcase classname="ptolemy.util.test.junit.AutoTests" name="[139] /home/travis/build/icyphy/ptII/ptolemy/actor/lib/test/auto/Distributor2.xml (RunModel)" time="0.008" />
  <testcase classname="ptolemy.util.test.junit.AutoTests" name="[140] /home/travis/build/icyphy/ptII/ptolemy/actor/lib/test/auto/DownSample.xml (RunModel)" time="0.008" />
  <testcase classname="ptolemy.util.test.junit.AutoTests" name="[141] /home/travis/build/icyphy/ptII/ptolemy/actor/lib/test/auto/ElectronicUnitBase1.xml (RunModel)" time="0.052" />
  <testcase classname="ptolemy.util.test.junit.AutoTests" name="[142] /home/travis/build/icyphy/ptII/ptolemy/actor/lib/test/auto/ElementsToArray.xml (RunModel)" time="0.008" />
  <testcase classname="ptolemy.util.test.junit.AutoTests" name="[143] /home/travis/build/icyphy/ptII/ptolemy/actor/lib/test/auto/Equals.xml (RunModel)" time="0.01" />
  <testcase classname="ptolemy.util.test.junit.AutoTests" name="[144] /home/travis/build/icyphy/ptII/ptolemy/actor/lib/test/auto/Exec.xml (RunModel)" time="0.066" />
  <testcase classname="ptolemy.util.test.junit.AutoTests" name="[145] /home/travis/build/icyphy/ptII/ptolemy/actor/lib/test/auto/ExecEnvironment.xml (RunModel)" time="0.03" />
  <testcase classname="ptolemy.util.test.junit.AutoTests" name="[146] /home/travis/build/icyphy/ptII/ptolemy/actor/lib/test/auto/ExecNonZeroReturnOutput.xml (RunModel)" time="0.179" />
  <testcase classname="ptolemy.util.test.junit.AutoTests" name="[147] /home/travis/build/icyphy/ptII/ptolemy/actor/lib/test/auto/ExecRunDemos.xml (RunModel)" time="10.067" />
  <testcase classname="ptolemy.util.test.junit.AutoTests" name="[148] /home/travis/build/icyphy/ptII/ptolemy/actor/lib/test/auto/ExecStop.xml (RunModel)" time="5.036" />
  <testcase classname="ptolemy.util.test.junit.AutoTests" name="[149] /home/travis/build/icyphy/ptII/ptolemy/actor/lib/test/auto/ExecutionTimeSDF.xml (RunModel)" time="6.032" />
  <testcase classname="ptolemy.util.test.junit.AutoTests" name="[150] /home/travis/build/icyphy/ptII/ptolemy/actor/lib/test/auto/Expression1.xml (RunModel)" time="0.012" />
  <testcase classname="ptolemy.util.test.junit.AutoTests" name="[151] /home/travis/build/icyphy/ptII/ptolemy/actor/lib/test/auto/Expression10.xml (RunModel)" time="0.016" />
  <testcase classname="ptolemy.util.test.junit.AutoTests" name="[152] /home/travis/build/icyphy/ptII/ptolemy/actor/lib/test/auto/Expression11.xml (RunModel)" time="0.011" />
  <testcase classname="ptolemy.util.test.junit.AutoTests" name="[153] /home/travis/build/icyphy/ptII/ptolemy/actor/lib/test/auto/Expression12.xml (RunModel)" time="0.013" />
  <testcase classname="ptolemy.util.test.junit.AutoTests" name="[154] /home/travis/build/icyphy/ptII/ptolemy/actor/lib/test/auto/Expression13.xml (RunModel)" time="0.011" />
  <testcase classname="ptolemy.util.test.junit.AutoTests" name="[155] /home/travis/build/icyphy/ptII/ptolemy/actor/lib/test/auto/Expression14.xml (RunModel)" time="0.017" />
  <testcase classname="ptolemy.util.test.junit.AutoTests" name="[156] /home/travis/build/icyphy/ptII/ptolemy/actor/lib/test/auto/Expression15.xml (RunModel)" time="0.006" />
  <testcase classname="ptolemy.util.test.junit.AutoTests" name="[157] /home/travis/build/icyphy/ptII/ptolemy/actor/lib/test/auto/Expression16.xml (RunModel)" time="0.012" />
  <testcase classname="ptolemy.util.test.junit.AutoTests" name="[158] /home/travis/build/icyphy/ptII/ptolemy/actor/lib/test/auto/Expression17.xml (RunModel)" time="0.011" />
  <testcase classname="ptolemy.util.test.junit.AutoTests" name="[159] /home/travis/build/icyphy/ptII/ptolemy/actor/lib/test/auto/Expression18.xml (RunModel)" time="0.01" />
  <testcase classname="ptolemy.util.test.junit.AutoTests" name="[160] /home/travis/build/icyphy/ptII/ptolemy/actor/lib/test/auto/Expression2.xml (RunModel)" time="0.011" />
  <testcase classname="ptolemy.util.test.junit.AutoTests" name="[161] /home/travis/build/icyphy/ptII/ptolemy/actor/lib/test/auto/Expression3.xml (RunModel)" time="0.012" />
  <testcase classname="ptolemy.util.test.junit.AutoTests" name="[162] /home/travis/build/icyphy/ptII/ptolemy/actor/lib/test/auto/Expression4.xml (RunModel)" time="0.015" />
  <testcase classname="ptolemy.util.test.junit.AutoTests" name="[163] /home/travis/build/icyphy/ptII/ptolemy/actor/lib/test/auto/Expression5.xml (RunModel)" time="0.012" />
  <testcase classname="ptolemy.util.test.junit.AutoTests" name="[164] /home/travis/build/icyphy/ptII/ptolemy/actor/lib/test/auto/Expression6.xml (RunModel)" time="0.008" />
  <testcase classname="ptolemy.util.test.junit.AutoTests" name="[165] /home/travis/build/icyphy/ptII/ptolemy/actor/lib/test/auto/Expression7.xml (RunModel)" time="0.016" />
  <testcase classname="ptolemy.util.test.junit.AutoTests" name="[166] /home/travis/build/icyphy/ptII/ptolemy/actor/lib/test/auto/Expression8.xml (RunModel)" time="0.014" />
  <testcase classname="ptolemy.util.test.junit.AutoTests" name="[167] /home/travis/build/icyphy/ptII/ptolemy/actor/lib/test/auto/Expression9.xml (RunModel)" time="0.007" />
  <testcase classname="ptolemy.util.test.junit.AutoTests" name="[168] /home/travis/build/icyphy/ptII/ptolemy/actor/lib/test/auto/ExpressionConcatenateArrayType.xml (RunModel)" time="0.029" />
  <testcase classname="ptolemy.util.test.junit.AutoTests" name="[169] /home/travis/build/icyphy/ptII/ptolemy/actor/lib/test/auto/ExpressionConcatenateArrayType2.xml (RunModel)" time="0.015" />
  <testcase classname="ptolemy.util.test.junit.AutoTests" name="[170] /home/travis/build/icyphy/ptII/ptolemy/actor/lib/test/auto/ExpressionFix.xml (RunModel)" time="0.03" />
  <testcase classname="ptolemy.util.test.junit.AutoTests" name="[171] /home/travis/build/icyphy/ptII/ptolemy/actor/lib/test/auto/ExpressionFix2.xml (RunModel)" time="0.012" />
  <testcase classname="ptolemy.util.test.junit.AutoTests" name="[172] /home/travis/build/icyphy/ptII/ptolemy/actor/lib/test/auto/ExpressionFix3.xml (RunModel)" time="0.011" />
  <testcase classname="ptolemy.util.test.junit.AutoTests" name="[173] /home/travis/build/icyphy/ptII/ptolemy/actor/lib/test/auto/FileWriter1.xml (RunModel)" time="0.009" />
  <testcase classname="ptolemy.util.test.junit.AutoTests" name="[174] /home/travis/build/icyphy/ptII/ptolemy/actor/lib/test/auto/FileWriter2.xml (RunModel)" time="0.011" />
  <testcase classname="ptolemy.util.test.junit.AutoTests" name="[175] /home/travis/build/icyphy/ptII/ptolemy/actor/lib/test/auto/FileWriter3.xml (RunModel)" time="0.01" />
  <testcase classname="ptolemy.util.test.junit.AutoTests" name="[176] /home/travis/build/icyphy/ptII/ptolemy/actor/lib/test/auto/Gaussian.xml (RunModel)" time="0.015" />
  <testcase classname="ptolemy.util.test.junit.AutoTests" name="[177] /home/travis/build/icyphy/ptII/ptolemy/actor/lib/test/auto/Gaussian1.xml (RunModel)" time="0.013" />
  <testcase classname="ptolemy.util.test.junit.AutoTests" name="[178] /home/travis/build/icyphy/ptII/ptolemy/actor/lib/test/auto/Gaussian2.xml (RunModel)" time="0.024" />
  <testcase classname="ptolemy.util.test.junit.AutoTests" name="[179] /home/travis/build/icyphy/ptII/ptolemy/actor/lib/test/auto/GradientAdaptiveLattice.xml (RunModel)" time="0.014" />
  <testcase classname="ptolemy.util.test.junit.AutoTests" name="[180] /home/travis/build/icyphy/ptII/ptolemy/actor/lib/test/auto/IIR.xml (RunModel)" time="0.009" />
  <testcase classname="ptolemy.util.test.junit.AutoTests" name="[181] /home/travis/build/icyphy/ptII/ptolemy/actor/lib/test/auto/InputOutputTransparentPorts.xml (RunModel)" time="0.02" />
  <testcase classname="ptolemy.util.test.junit.AutoTests" name="[182] /home/travis/build/icyphy/ptII/ptolemy/actor/lib/test/auto/Interpolator.xml (RunModel)" time="0.013" />
  <testcase classname="ptolemy.util.test.junit.AutoTests" name="[183] /home/travis/build/icyphy/ptII/ptolemy/actor/lib/test/auto/InterpolatorFiringLimitDE.xml (RunModel)" time="0.017" />
  <testcase classname="ptolemy.util.test.junit.AutoTests" name="[184] /home/travis/build/icyphy/ptII/ptolemy/actor/lib/test/auto/Lattice.xml (RunModel)" time="0.009" />
  <testcase classname="ptolemy.util.test.junit.AutoTests" name="[185] /home/travis/build/icyphy/ptII/ptolemy/actor/lib/test/auto/LazyAOCTestLazy.xml (RunModel)" time="0.033" />
  <testcase classname="ptolemy.util.test.junit.AutoTests" name="[186] /home/travis/build/icyphy/ptII/ptolemy/actor/lib/test/auto/LazyAOCTestNonLazy.xml (RunModel)" time="0.036" />
  <testcase classname="ptolemy.util.test.junit.AutoTests" name="[187] /home/travis/build/icyphy/ptII/ptolemy/actor/lib/test/auto/LazyInnerClass.xml (RunModel)" time="0.046" />
  <testcase classname="ptolemy.util.test.junit.AutoTests" name="[188] /home/travis/build/icyphy/ptII/ptolemy/actor/lib/test/auto/LazyPubSub.xml (RunModel)" time="0.043" />
  <testcase classname="ptolemy.util.test.junit.AutoTests" name="[189] /home/travis/build/icyphy/ptII/ptolemy/actor/lib/test/auto/LazyPubSub2.xml (RunModel)" time="0.051" />
  <testcase classname="ptolemy.util.test.junit.AutoTests" name="[190] /home/travis/build/icyphy/ptII/ptolemy/actor/lib/test/auto/LazyPubSub3.xml (RunModel)" time="0.024" />
  <testcase classname="ptolemy.util.test.junit.AutoTests" name="[191] /home/travis/build/icyphy/ptII/ptolemy/actor/lib/test/auto/LazySubClassModel.xml (RunModel)" time="0.024" />
  <testcase classname="ptolemy.util.test.junit.AutoTests" name="[192] /home/travis/build/icyphy/ptII/ptolemy/actor/lib/test/auto/LevelCrossTest1.xml (RunModel)" time="0.009" />
  <testcase classname="ptolemy.util.test.junit.AutoTests" name="[193] /home/travis/build/icyphy/ptII/ptolemy/actor/lib/test/auto/LevelCrossTest10.xml (RunModel)" time="0.016" />
  <testcase classname="ptolemy.util.test.junit.AutoTests" name="[194] /home/travis/build/icyphy/ptII/ptolemy/actor/lib/test/auto/LevelCrossTest11.xml (RunModel)" time="0.017" />
  <testcase classname="ptolemy.util.test.junit.AutoTests" name="[195] /home/travis/build/icyphy/ptII/ptolemy/actor/lib/test/auto/LevelCrossTest12.xml (RunModel)" time="0.015" />
  <testcase classname="ptolemy.util.test.junit.AutoTests" name="[196] /home/travis/build/icyphy/ptII/ptolemy/actor/lib/test/auto/LevelCrossTest13.xml (RunModel)" time="0.013" />
  <testcase classname="ptolemy.util.test.junit.AutoTests" name="[197] /home/travis/build/icyphy/ptII/ptolemy/actor/lib/test/auto/LevelCrossTest2.xml (RunModel)" time="0.01" />
  <testcase classname="ptolemy.util.test.junit.AutoTests" name="[198] /home/travis/build/icyphy/ptII/ptolemy/actor/lib/test/auto/LevelCrossTest3.xml (RunModel)" time="0.013" />
  <testcase classname="ptolemy.util.test.junit.AutoTests" name="[199] /home/travis/build/icyphy/ptII/ptolemy/actor/lib/test/auto/LevelCrossTest4.xml (RunModel)" time="0.009" />
  <testcase classname="ptolemy.util.test.junit.AutoTests" name="[200] /home/travis/build/icyphy/ptII/ptolemy/actor/lib/test/auto/LevelCrossTest5.xml (RunModel)" time="0.01" />
  <testcase classname="ptolemy.util.test.junit.AutoTests" name="[201] /home/travis/build/icyphy/ptII/ptolemy/actor/lib/test/auto/LevelCrossTest6.xml (RunModel)" time="0.012" />
  <testcase classname="ptolemy.util.test.junit.AutoTests" name="[202] /home/travis/build/icyphy/ptII/ptolemy/actor/lib/test/auto/LevelCrossTest7.xml (RunModel)" time="0.018" />
  <testcase classname="ptolemy.util.test.junit.AutoTests" name="[203] /home/travis/build/icyphy/ptII/ptolemy/actor/lib/test/auto/LevelCrossTest8.xml (RunModel)" time="0.011" />
  <testcase classname="ptolemy.util.test.junit.AutoTests" name="[204] /home/travis/build/icyphy/ptII/ptolemy/actor/lib/test/auto/LevelCrossTest9.xml (RunModel)" time="0.014" />
  <testcase classname="ptolemy.util.test.junit.AutoTests" name="[205] /home/travis/build/icyphy/ptII/ptolemy/actor/lib/test/auto/LevinsonDurbin.xml (RunModel)" time="0.008" />
  <testcase classname="ptolemy.util.test.junit.AutoTests" name="[206] /home/travis/build/icyphy/ptII/ptolemy/actor/lib/test/auto/LevinsonDurbin2.xml (RunModel)" time="0.011" />
  <testcase classname="ptolemy.util.test.junit.AutoTests" name="[207] /home/travis/build/icyphy/ptII/ptolemy/actor/lib/test/auto/LevinsonDurbin3.xml (RunModel)" time="0.01" />
  <testcase classname="ptolemy.util.test.junit.AutoTests" name="[208] /home/travis/build/icyphy/ptII/ptolemy/actor/lib/test/auto/Limiter.xml (RunModel)" time="0.034" />
  <testcase classname="ptolemy.util.test.junit.AutoTests" name="[209] /home/travis/build/icyphy/ptII/ptolemy/actor/lib/test/auto/LinearDifferenceEquationSystem.xml (RunModel)" time="0.028" />
  <testcase classname="ptolemy.util.test.junit.AutoTests" name="[210] /home/travis/build/icyphy/ptII/ptolemy/actor/lib/test/auto/LookupTable.xml (RunModel)" time="0.018" />
  <testcase classname="ptolemy.util.test.junit.AutoTests" name="[211] /home/travis/build/icyphy/ptII/ptolemy/actor/lib/test/auto/MathFunction.xml (RunModel)" time="0.022" />
  <testcase classname="ptolemy.util.test.junit.AutoTests" name="[212] /home/travis/build/icyphy/ptII/ptolemy/actor/lib/test/auto/MathFunction2.xml (RunModel)" time="0.011" />
  <testcase classname="ptolemy.util.test.junit.AutoTests" name="[213] /home/travis/build/icyphy/ptII/ptolemy/actor/lib/test/auto/MathFunction3.xml (RunModel)" time="0.048" />
  <testcase classname="ptolemy.util.test.junit.AutoTests" name="[214] /home/travis/build/icyphy/ptII/ptolemy/actor/lib/test/auto/MatrixCropBoolean.xml (RunModel)" time="0.011" />
  <testcase classname="ptolemy.util.test.junit.AutoTests" name="[215] /home/travis/build/icyphy/ptII/ptolemy/actor/lib/test/auto/MatrixCropComplex.xml (RunModel)" time="0.009" />
  <testcase classname="ptolemy.util.test.junit.AutoTests" name="[216] /home/travis/build/icyphy/ptII/ptolemy/actor/lib/test/auto/MatrixCropDouble.xml (RunModel)" time="0.009" />
  <testcase classname="ptolemy.util.test.junit.AutoTests" name="[217] /home/travis/build/icyphy/ptII/ptolemy/actor/lib/test/auto/MatrixCropFix.xml (RunModel)" time="0.013" />
  <testcase classname="ptolemy.util.test.junit.AutoTests" name="[218] /home/travis/build/icyphy/ptII/ptolemy/actor/lib/test/auto/MatrixCropInt.xml (RunModel)" time="0.01" />
  <testcase classname="ptolemy.util.test.junit.AutoTests" name="[219] /home/travis/build/icyphy/ptII/ptolemy/actor/lib/test/auto/MatrixCropLong.xml (RunModel)" time="0.008" />
  <testcase classname="ptolemy.util.test.junit.AutoTests" name="[220] /home/travis/build/icyphy/ptII/ptolemy/actor/lib/test/auto/MatrixToArray.xml (RunModel)" time="0.055" />
  <testcase classname="ptolemy.util.test.junit.AutoTests" name="[221] /home/travis/build/icyphy/ptII/ptolemy/actor/lib/test/auto/MaxIndex.xml (RunModel)" time="0.019" />
  <testcase classname="ptolemy.util.test.junit.AutoTests" name="[222] /home/travis/build/icyphy/ptII/ptolemy/actor/lib/test/auto/Maximum.xml (RunModel)" time="0.017" />
  <testcase classname="ptolemy.util.test.junit.AutoTests" name="[223] /home/travis/build/icyphy/ptII/ptolemy/actor/lib/test/auto/MaximumComplex.xml (RunModel)" time="0.017" />
  <testcase classname="ptolemy.util.test.junit.AutoTests" name="[224] /home/travis/build/icyphy/ptII/ptolemy/actor/lib/test/auto/MethodCallTest.xml (RunModel)" time="0.025" />
  <testcase classname="ptolemy.util.test.junit.AutoTests" name="[225] /home/travis/build/icyphy/ptII/ptolemy/actor/lib/test/auto/Minimum.xml (RunModel)" time="0.013" />
  <testcase classname="ptolemy.util.test.junit.AutoTests" name="[226] /home/travis/build/icyphy/ptII/ptolemy/actor/lib/test/auto/MinimumComplex.xml (RunModel)" time="0.025" />
  <testcase classname="ptolemy.util.test.junit.AutoTests" name="[227] /home/travis/build/icyphy/ptII/ptolemy/actor/lib/test/auto/MinimumMultiports.xml (RunModel)" time="0.023" />
  <testcase classname="ptolemy.util.test.junit.AutoTests" name="[228] /home/travis/build/icyphy/ptII/ptolemy/actor/lib/test/auto/ModifyDate.xml (RunModel)" time="0.041" />
  <testcase classname="ptolemy.util.test.junit.AutoTests" name="[229] /home/travis/build/icyphy/ptII/ptolemy/actor/lib/test/auto/ModifyDate2.xml (RunModel)" time="0.024" />
  <testcase classname="ptolemy.util.test.junit.AutoTests" name="[230] /home/travis/build/icyphy/ptII/ptolemy/actor/lib/test/auto/MovingAverage.xml (RunModel)" time="0.01" />
  <testcase classname="ptolemy.util.test.junit.AutoTests" name="[231] /home/travis/build/icyphy/ptII/ptolemy/actor/lib/test/auto/MovingMaximum.xml (RunModel)" time="0.009" />
  <testcase classname="ptolemy.util.test.junit.AutoTests" name="[232] /home/travis/build/icyphy/ptII/ptolemy/actor/lib/test/auto/MultipleLinksToSameRelation.xml (RunModel)" time="0.006" />
  <testcase classname="ptolemy.util.test.junit.AutoTests" name="[233] /home/travis/build/icyphy/ptII/ptolemy/actor/lib/test/auto/MultipleLinksToSameRelationDE.xml (RunModel)" time="0.014" />
  <testcase classname="ptolemy.util.test.junit.AutoTests" name="[234] /home/travis/build/icyphy/ptII/ptolemy/actor/lib/test/auto/Multiplexor.xml (RunModel)" time="0.029" />
  <testcase classname="ptolemy.util.test.junit.AutoTests" name="[235] /home/travis/build/icyphy/ptII/ptolemy/actor/lib/test/auto/Multiplexor1.xml (RunModel)" time="0.017" />
  <testcase classname="ptolemy.util.test.junit.AutoTests" name="[236] /home/travis/build/icyphy/ptII/ptolemy/actor/lib/test/auto/Multiplexor2.xml (RunModel)" time="0.015" />
  <testcase classname="ptolemy.util.test.junit.AutoTests" name="[237] /home/travis/build/icyphy/ptII/ptolemy/actor/lib/test/auto/Multiplexor3.xml (RunModel)" time="0.01" />
  <testcase classname="ptolemy.util.test.junit.AutoTests" name="[238] /home/travis/build/icyphy/ptII/ptolemy/actor/lib/test/auto/MultiplexorDE.xml (RunModel)" time="0.017" />
  <testcase classname="ptolemy.util.test.junit.AutoTests" name="[239] /home/travis/build/icyphy/ptII/ptolemy/actor/lib/test/auto/MultiportBroadcastTest.xml (RunModel)" time="0.068" />
  <testcase classname="ptolemy.util.test.junit.AutoTests" name="[240] /home/travis/build/icyphy/ptII/ptolemy/actor/lib/test/auto/MultiportOutHangDuringGetWidth.xml (RunModel)" time="0.027" />
  <testcase classname="ptolemy.util.test.junit.AutoTests" name="[241] /home/travis/build/icyphy/ptII/ptolemy/actor/lib/test/auto/NilToken.xml (RunModel)" time="0.017" />
  <testcase classname="ptolemy.util.test.junit.AutoTests" name="[242] /home/travis/build/icyphy/ptII/ptolemy/actor/lib/test/auto/NilTokenNonStrictTest.xml (RunModel)" time="0.011" />
  <testcase classname="ptolemy.util.test.junit.AutoTests" name="[243] /home/travis/build/icyphy/ptII/ptolemy/actor/lib/test/auto/NilTokenRecord.xml (RunModel)" time="0.02" />
  <testcase classname="ptolemy.util.test.junit.AutoTests" name="[244] /home/travis/build/icyphy/ptII/ptolemy/actor/lib/test/auto/NilTokenTypeTest.xml (RunModel)" time="0.024" />
  <testcase classname="ptolemy.util.test.junit.AutoTests" name="[245] /home/travis/build/icyphy/ptII/ptolemy/actor/lib/test/auto/ObjectToken1.xml (RunModel)" time="0.008" />
  <testcase classname="ptolemy.util.test.junit.AutoTests" name="[246] /home/travis/build/icyphy/ptII/ptolemy/actor/lib/test/auto/OrderedMerge.xml (RunModel)" time="0.017" />
  <testcase classname="ptolemy.util.test.junit.AutoTests" name="[247] /home/travis/build/icyphy/ptII/ptolemy/actor/lib/test/auto/OrderedRecordDisassembler.xml (RunModel)" time="0.018" />
  <testcase classname="ptolemy.util.test.junit.AutoTests" name="[248] /home/travis/build/icyphy/ptII/ptolemy/actor/lib/test/auto/OrderedRecordDisassembler2.xml (RunModel)" time="0.018" />
  <testcase classname="ptolemy.util.test.junit.AutoTests" name="[249] /home/travis/build/icyphy/ptII/ptolemy/actor/lib/test/auto/OrderedRecordUpdater.xml (RunModel)" time="0.015" />
  <testcase classname="ptolemy.util.test.junit.AutoTests" name="[250] /home/travis/build/icyphy/ptII/ptolemy/actor/lib/test/auto/OrderedRecordUpdater2.xml (RunModel)" time="0.015" />
  <testcase classname="ptolemy.util.test.junit.AutoTests" name="[251] /home/travis/build/icyphy/ptII/ptolemy/actor/lib/test/auto/PhaseUnwrap.xml (RunModel)" time="0.011" />
  <testcase classname="ptolemy.util.test.junit.AutoTests" name="[252] /home/travis/build/icyphy/ptII/ptolemy/actor/lib/test/auto/PoissonClock.xml (RunModel)" time="0.008" />
  <testcase classname="ptolemy.util.test.junit.AutoTests" name="[253] /home/travis/build/icyphy/ptII/ptolemy/actor/lib/test/auto/PoissonClock2.xml (RunModel)" time="0.006" />
  <testcase classname="ptolemy.util.test.junit.AutoTests" name="[254] /home/travis/build/icyphy/ptII/ptolemy/actor/lib/test/auto/PoissonClock3.xml (RunModel)" time="0.022" />
  <testcase classname="ptolemy.util.test.junit.AutoTests" name="[255] /home/travis/build/icyphy/ptII/ptolemy/actor/lib/test/auto/PubSubWithInitialTokens.xml (RunModel)" time="0.016" />
  <testcase classname="ptolemy.util.test.junit.AutoTests" name="[256] /home/travis/build/icyphy/ptII/ptolemy/actor/lib/test/auto/PubSubWithInitialTokens2.xml (RunModel)" time="0.013" />
  <testcase classname="ptolemy.util.test.junit.AutoTests" name="[257] /home/travis/build/icyphy/ptII/ptolemy/actor/lib/test/auto/PublisherClassNoParameter.xml (RunModel)" time="0.05" />
  <testcase classname="ptolemy.util.test.junit.AutoTests" name="[258] /home/travis/build/icyphy/ptII/ptolemy/actor/lib/test/auto/PublisherClassParameter.xml (RunModel)" time="0.02" />
  <testcase classname="ptolemy.util.test.junit.AutoTests" name="[259] /home/travis/build/icyphy/ptII/ptolemy/actor/lib/test/auto/PublisherNonStrictTest.xml (RunModel)" time="0.015" />
  <testcase classname="ptolemy.util.test.junit.AutoTests" name="[260] /home/travis/build/icyphy/ptII/ptolemy/actor/lib/test/auto/PublisherPort1.xml (RunModel)" time="0.018" />
  <testcase classname="ptolemy.util.test.junit.AutoTests" name="[261] /home/travis/build/icyphy/ptII/ptolemy/actor/lib/test/auto/PublisherPort2.xml (RunModel)" time="0.01" />
  <testcase classname="ptolemy.util.test.junit.AutoTests" name="[262] /home/travis/build/icyphy/ptII/ptolemy/actor/lib/test/auto/PublisherPort3.xml (RunModel)" time="0.011" />
  <testcase classname="ptolemy.util.test.junit.AutoTests" name="[263] /home/travis/build/icyphy/ptII/ptolemy/actor/lib/test/auto/PublisherPort4.xml (RunModel)" time="0.012" />
  <testcase classname="ptolemy.util.test.junit.AutoTests" name="[264] /home/travis/build/icyphy/ptII/ptolemy/actor/lib/test/auto/PublisherPort5.xml (RunModel)" time="0.015" />
  <testcase classname="ptolemy.util.test.junit.AutoTests" name="[265] /home/travis/build/icyphy/ptII/ptolemy/actor/lib/test/auto/PublisherPort5LookAlike.xml (RunModel)" time="0.018" />
  <testcase classname="ptolemy.util.test.junit.AutoTests" name="[266] /home/travis/build/icyphy/ptII/ptolemy/actor/lib/test/auto/PublisherPort6.xml (RunModel)" time="0.012" />
  <testcase classname="ptolemy.util.test.junit.AutoTests" name="[267] /home/travis/build/icyphy/ptII/ptolemy/actor/lib/test/auto/PublisherPort7.xml (RunModel)" time="0.016" />
  <testcase classname="ptolemy.util.test.junit.AutoTests" name="[268] /home/travis/build/icyphy/ptII/ptolemy/actor/lib/test/auto/PublisherPort8.xml (RunModel)" time="0.016" />
  <testcase classname="ptolemy.util.test.junit.AutoTests" name="[269] /home/travis/build/icyphy/ptII/ptolemy/actor/lib/test/auto/PublisherPortSubscriberChannelVariablesAOC2.xml (RunModel)" time="0.034" />
  <testcase classname="ptolemy.util.test.junit.AutoTests" name="[270] /home/travis/build/icyphy/ptII/ptolemy/actor/lib/test/auto/PublisherPortSubscriberOpaqueWidthInference.xml (RunModel)" time="0.014" />
  <testcase classname="ptolemy.util.test.junit.AutoTests" name="[271] /home/travis/build/icyphy/ptII/ptolemy/actor/lib/test/auto/PublisherPortSubscriberPortAdjacent.xml (RunModel)" time="0.018" />
  <testcase classname="ptolemy.util.test.junit.AutoTests" name="[272] /home/travis/build/icyphy/ptII/ptolemy/actor/lib/test/auto/PublisherPortSubscriberPortExpression.xml (RunModel)" time="0.016" />
  <testcase classname="ptolemy.util.test.junit.AutoTests" name="[273] /home/travis/build/icyphy/ptII/ptolemy/actor/lib/test/auto/PublisherPortSubscriberPortOpaqueD3Reverse.xml (RunModel)" time="0.021" />
  <testcase classname="ptolemy.util.test.junit.AutoTests" name="[274] /home/travis/build/icyphy/ptII/ptolemy/actor/lib/test/auto/PublisherPortSubscriberPortOpaqueWidthInference.xml (RunModel)" time="0.012" />
  <testcase classname="ptolemy.util.test.junit.AutoTests" name="[275] /home/travis/build/icyphy/ptII/ptolemy/actor/lib/test/auto/PublisherPortToplevelSubscriberPortAOC.xml (RunModel)" time="0.009" />
  <testcase classname="ptolemy.util.test.junit.AutoTests" name="[276] /home/travis/build/icyphy/ptII/ptolemy/actor/lib/test/auto/PublisherSubscriber.xml (RunModel)" time="0.01" />
  <testcase classname="ptolemy.util.test.junit.AutoTests" name="[277] /home/travis/build/icyphy/ptII/ptolemy/actor/lib/test/auto/PublisherSubscriber10.xml (RunModel)" time="0.018" />
  <testcase classname="ptolemy.util.test.junit.AutoTests" name="[278] /home/travis/build/icyphy/ptII/ptolemy/actor/lib/test/auto/PublisherSubscriber10InitialOutputs.xml (RunModel)" time="0.026" />
  <testcase classname="ptolemy.util.test.junit.AutoTests" name="[279] /home/travis/build/icyphy/ptII/ptolemy/actor/lib/test/auto/PublisherSubscriber11.xml (RunModel)" time="0.02" />
  <testcase classname="ptolemy.util.test.junit.AutoTests" name="[280] /home/travis/build/icyphy/ptII/ptolemy/actor/lib/test/auto/PublisherSubscriber12.xml (RunModel)" time="0.019" />
  <testcase classname="ptolemy.util.test.junit.AutoTests" name="[281] /home/travis/build/icyphy/ptII/ptolemy/actor/lib/test/auto/PublisherSubscriber13.xml (RunModel)" time="0.008" />
  <testcase classname="ptolemy.util.test.junit.AutoTests" name="[282] /home/travis/build/icyphy/ptII/ptolemy/actor/lib/test/auto/PublisherSubscriber14.xml (RunModel)" time="0.021" />
  <testcase classname="ptolemy.util.test.junit.AutoTests" name="[283] /home/travis/build/icyphy/ptII/ptolemy/actor/lib/test/auto/PublisherSubscriber2.xml (RunModel)" time="0.009" />
  <testcase classname="ptolemy.util.test.junit.AutoTests" name="[284] /home/travis/build/icyphy/ptII/ptolemy/actor/lib/test/auto/PublisherSubscriber3.xml (RunModel)" time="0.009" />
  <testcase classname="ptolemy.util.test.junit.AutoTests" name="[285] /home/travis/build/icyphy/ptII/ptolemy/actor/lib/test/auto/PublisherSubscriber4.xml (RunModel)" time="0.007" />
  <testcase classname="ptolemy.util.test.junit.AutoTests" name="[286] /home/travis/build/icyphy/ptII/ptolemy/actor/lib/test/auto/PublisherSubscriber5.xml (RunModel)" time="0.009" />
  <testcase classname="ptolemy.util.test.junit.AutoTests" name="[287] /home/travis/build/icyphy/ptII/ptolemy/actor/lib/test/auto/PublisherSubscriber6.xml (RunModel)" time="0.012" />
  <testcase classname="ptolemy.util.test.junit.AutoTests" name="[288] /home/travis/build/icyphy/ptII/ptolemy/actor/lib/test/auto/PublisherSubscriber7.xml (RunModel)" time="0.015" />
  <testcase classname="ptolemy.util.test.junit.AutoTests" name="[289] /home/travis/build/icyphy/ptII/ptolemy/actor/lib/test/auto/PublisherSubscriber8.xml (RunModel)" time="0.028" />
  <testcase classname="ptolemy.util.test.junit.AutoTests" name="[290] /home/travis/build/icyphy/ptII/ptolemy/actor/lib/test/auto/PublisherSubscriber9.xml (RunModel)" time="0.015" />
  <testcase classname="ptolemy.util.test.junit.AutoTests" name="[291] /home/travis/build/icyphy/ptII/ptolemy/actor/lib/test/auto/PublisherSubscriberAdjacent.xml (RunModel)" time="0.016" />
  <testcase classname="ptolemy.util.test.junit.AutoTests" name="[292] /home/travis/build/icyphy/ptII/ptolemy/actor/lib/test/auto/PublisherSubscriberChannelVariablesAOC2.xml (RunModel)" time="0.058" />
  <testcase classname="ptolemy.util.test.junit.AutoTests" name="[293] /home/travis/build/icyphy/ptII/ptolemy/actor/lib/test/auto/PublisherSubscriberD3.xml (RunModel)" time="0.012" />
  <testcase classname="ptolemy.util.test.junit.AutoTests" name="[294] /home/travis/build/icyphy/ptII/ptolemy/actor/lib/test/auto/PublisherSubscriberD3Reverse.xml (RunModel)" time="0.011" />
  <testcase classname="ptolemy.util.test.junit.AutoTests" name="[295] /home/travis/build/icyphy/ptII/ptolemy/actor/lib/test/auto/PublisherSubscriberExpression.xml (RunModel)" time="0.014" />
  <testcase classname="ptolemy.util.test.junit.AutoTests" name="[296] /home/travis/build/icyphy/ptII/ptolemy/actor/lib/test/auto/PublisherSubscriberOpaque.xml (RunModel)" time="0.028" />
  <testcase classname="ptolemy.util.test.junit.AutoTests" name="[297] /home/travis/build/icyphy/ptII/ptolemy/actor/lib/test/auto/PublisherSubscriberOpaqueD3.xml (RunModel)" time="0.037" />
  <testcase classname="ptolemy.util.test.junit.AutoTests" name="[298] /home/travis/build/icyphy/ptII/ptolemy/actor/lib/test/auto/PublisherSubscriberOpaqueD3Reverse.xml (RunModel)" time="0.018" />
  <testcase classname="ptolemy.util.test.junit.AutoTests" name="[299] /home/travis/build/icyphy/ptII/ptolemy/actor/lib/test/auto/PublisherSubscriberOpaqueWidthInference.xml (RunModel)" time="0.017" />
  <testcase classname="ptolemy.util.test.junit.AutoTests" name="[300] /home/travis/build/icyphy/ptII/ptolemy/actor/lib/test/auto/PublisherTestSubscriber.xml (RunModel)" time="0.012" />
  <testcase classname="ptolemy.util.test.junit.AutoTests" name="[301] /home/travis/build/icyphy/ptII/ptolemy/actor/lib/test/auto/PublisherToplevelSubscriberPortAOC.xml (RunModel)" time="0.008" />
  <testcase classname="ptolemy.util.test.junit.AutoTests" name="[302] /home/travis/build/icyphy/ptII/ptolemy/actor/lib/test/auto/PulseFiringLimitDE.xml (RunModel)" time="0.01" />
  <testcase classname="ptolemy.util.test.junit.AutoTests" name="[303] /home/travis/build/icyphy/ptII/ptolemy/actor/lib/test/auto/Ramp1.xml (RunModel)" time="0.006" />
  <testcase classname="ptolemy.util.test.junit.AutoTests" name="[304] /home/travis/build/icyphy/ptII/ptolemy/actor/lib/test/auto/RampFiringLimitDE.xml (RunModel)" time="0.009" />
  <testcase classname="ptolemy.util.test.junit.AutoTests" name="[305] /home/travis/build/icyphy/ptII/ptolemy/actor/lib/test/auto/RampFiringLimitSDF.xml (RunModel)" time="0.007" />
  <testcase classname="ptolemy.util.test.junit.AutoTests" name="[306] /home/travis/build/icyphy/ptII/ptolemy/actor/lib/test/auto/RandomInteger.xml (RunModel)" time="0.006" />
  <testcase classname="ptolemy.util.test.junit.AutoTests" name="[307] /home/travis/build/icyphy/ptII/ptolemy/actor/lib/test/auto/ReadFile1.xml (RunModel)" time="0.007" />
  <testcase classname="ptolemy.util.test.junit.AutoTests" name="[308] /home/travis/build/icyphy/ptII/ptolemy/actor/lib/test/auto/ReadFile2.xml (RunModel)" time="0.008" />
  <testcase classname="ptolemy.util.test.junit.AutoTests" name="[309] /home/travis/build/icyphy/ptII/ptolemy/actor/lib/test/auto/Reader.xml (RunModel)" time="0.013" />
  <testcase classname="ptolemy.util.test.junit.AutoTests" name="[310] /home/travis/build/icyphy/ptII/ptolemy/actor/lib/test/auto/RecordAssemblerDisplayNameTest.xml (RunModel)" time="3.675" />
  <testcase classname="ptolemy.util.test.junit.AutoTests" name="[311] /home/travis/build/icyphy/ptII/ptolemy/actor/lib/test/auto/RecordAssemblerTypeError.xml (RunModel)" time="0.05" />
  <testcase classname="ptolemy.util.test.junit.AutoTests" name="[312] /home/travis/build/icyphy/ptII/ptolemy/actor/lib/test/auto/RecordDisassember.xml (RunModel)" time="0.018" />
  <testcase classname="ptolemy.util.test.junit.AutoTests" name="[313] /home/travis/build/icyphy/ptII/ptolemy/actor/lib/test/auto/RecordDisassemberDisplayNameTest.xml (RunModel)" time="0.022" />
  <testcase classname="ptolemy.util.test.junit.AutoTests" name="[314] /home/travis/build/icyphy/ptII/ptolemy/actor/lib/test/auto/RecordDisassembler.xml (RunModel)" time="0.011" />
  <testcase classname="ptolemy.util.test.junit.AutoTests" name="[315] /home/travis/build/icyphy/ptII/ptolemy/actor/lib/test/auto/RecordDisassembler2.xml (RunModel)" time="0.013" />
  <testcase classname="ptolemy.util.test.junit.AutoTests" name="[316] /home/travis/build/icyphy/ptII/ptolemy/actor/lib/test/auto/RecordUpdater.xml (RunModel)" time="0.009" />
  <testcase classname="ptolemy.util.test.junit.AutoTests" name="[317] /home/travis/build/icyphy/ptII/ptolemy/actor/lib/test/auto/RecordUpdater2.xml (RunModel)" time="0.009" />
  <testcase classname="ptolemy.util.test.junit.AutoTests" name="[318] /home/travis/build/icyphy/ptII/ptolemy/actor/lib/test/auto/RecursiveLattice.xml (RunModel)" time="0.008" />
  <testcase classname="ptolemy.util.test.junit.AutoTests" name="[319] /home/travis/build/icyphy/ptII/ptolemy/actor/lib/test/auto/Router.xml (RunModel)" time="3.022" />
  <testcase classname="ptolemy.util.test.junit.AutoTests" name="[320] /home/travis/build/icyphy/ptII/ptolemy/actor/lib/test/auto/Router2.xml (RunModel)" time="3.038" />
  <testcase classname="ptolemy.util.test.junit.AutoTests" name="[321] /home/travis/build/icyphy/ptII/ptolemy/actor/lib/test/auto/RunningMaximum.xml (RunModel)" time="0.016" />
  <testcase classname="ptolemy.util.test.junit.AutoTests" name="[322] /home/travis/build/icyphy/ptII/ptolemy/actor/lib/test/auto/RunningMinimum.xml (RunModel)" time="0.029" />
  <testcase classname="ptolemy.util.test.junit.AutoTests" name="[323] /home/travis/build/icyphy/ptII/ptolemy/actor/lib/test/auto/Scale.xml (RunModel)" time="0.021" />
  <testcase classname="ptolemy.util.test.junit.AutoTests" name="[324] /home/travis/build/icyphy/ptII/ptolemy/actor/lib/test/auto/Scale2.xml (RunModel)" time="0.011" />
  <testcase classname="ptolemy.util.test.junit.AutoTests" name="[325] /home/travis/build/icyphy/ptII/ptolemy/actor/lib/test/auto/Scale3.xml (RunModel)" time="0.015" />
  <testcase classname="ptolemy.util.test.junit.AutoTests" name="[326] /home/travis/build/icyphy/ptII/ptolemy/actor/lib/test/auto/ScaleArray.xml (RunModel)" time="0.007" />
  <testcase classname="ptolemy.util.test.junit.AutoTests" name="[327] /home/travis/build/icyphy/ptII/ptolemy/actor/lib/test/auto/ScaleArray2.xml (RunModel)" time="0.007" />
  <testcase classname="ptolemy.util.test.junit.AutoTests" name="[328] /home/travis/build/icyphy/ptII/ptolemy/actor/lib/test/auto/ScaleMatrix.xml (RunModel)" time="0.179" />
  <testcase classname="ptolemy.util.test.junit.AutoTests" name="[329] /home/travis/build/icyphy/ptII/ptolemy/actor/lib/test/auto/Select.xml (RunModel)" time="0.013" />
  <testcase classname="ptolemy.util.test.junit.AutoTests" name="[330] /home/travis/build/icyphy/ptII/ptolemy/actor/lib/test/auto/Select2.xml (RunModel)" time="0.007" />
  <testcase classname="ptolemy.util.test.junit.AutoTests" name="[331] /home/travis/build/icyphy/ptII/ptolemy/actor/lib/test/auto/SequenceToArray2.xml (RunModel)" time="0.136" />
  <testcase classname="ptolemy.util.test.junit.AutoTests" name="[332] /home/travis/build/icyphy/ptII/ptolemy/actor/lib/test/auto/SequentialClock.xml (RunModel)" time="0.008" />
  <testcase classname="ptolemy.util.test.junit.AutoTests" name="[333] /home/travis/build/icyphy/ptII/ptolemy/actor/lib/test/auto/SetVariable.xml (RunModel)" time="0.01" />
  <testcase classname="ptolemy.util.test.junit.AutoTests" name="[334] /home/travis/build/icyphy/ptII/ptolemy/actor/lib/test/auto/SetVariable2.xml (RunModel)" time="0.01" />
  <testcase classname="ptolemy.util.test.junit.AutoTests" name="[335] /home/travis/build/icyphy/ptII/ptolemy/actor/lib/test/auto/SetVariable3.xml (RunModel)" time="0.014" />
  <testcase classname="ptolemy.util.test.junit.AutoTests" name="[336] /home/travis/build/icyphy/ptII/ptolemy/actor/lib/test/auto/SetVariable4.xml (RunModel)" time="0.023" />
  <testcase classname="ptolemy.util.test.junit.AutoTests" name="[337] /home/travis/build/icyphy/ptII/ptolemy/actor/lib/test/auto/SetVariable5.xml (RunModel)" time="0.033" />
  <testcase classname="ptolemy.util.test.junit.AutoTests" name="[338] /home/travis/build/icyphy/ptII/ptolemy/actor/lib/test/auto/Sinewave.xml (RunModel)" time="0.027" />
  <testcase classname="ptolemy.util.test.junit.AutoTests" name="[339] /home/travis/build/icyphy/ptII/ptolemy/actor/lib/test/auto/Sinewave2.xml (RunModel)" time="0.015" />
  <testcase classname="ptolemy.util.test.junit.AutoTests" name="[340] /home/travis/build/icyphy/ptII/ptolemy/actor/lib/test/auto/Sinewave3.xml (RunModel)" time="0.018" />
  <testcase classname="ptolemy.util.test.junit.AutoTests" name="[341] /home/travis/build/icyphy/ptII/ptolemy/actor/lib/test/auto/SingleEvent.xml (RunModel)" time="0.006" />
  <testcase classname="ptolemy.util.test.junit.AutoTests" name="[342] /home/travis/build/icyphy/ptII/ptolemy/actor/lib/test/auto/Sleep.xml (RunModel)" time="6.015" />
  <testcase classname="ptolemy.util.test.junit.AutoTests" name="[343] /home/travis/build/icyphy/ptII/ptolemy/actor/lib/test/auto/SleepMultipleFire.xml (RunModel)" time="1.018" />
  <testcase classname="ptolemy.util.test.junit.AutoTests" name="[344] /home/travis/build/icyphy/ptII/ptolemy/actor/lib/test/auto/StopDE.xml (RunModel)" time="0.012" />
  <testcase classname="ptolemy.util.test.junit.AutoTests" name="[345] /home/travis/build/icyphy/ptII/ptolemy/actor/lib/test/auto/StopSDF.xml (RunModel)" time="0.009" />
  <testcase classname="ptolemy.util.test.junit.AutoTests" name="[346] /home/travis/build/icyphy/ptII/ptolemy/actor/lib/test/auto/StringConstant.xml (RunModel)" time="0.013" />
  <testcase classname="ptolemy.util.test.junit.AutoTests" name="[347] /home/travis/build/icyphy/ptII/ptolemy/actor/lib/test/auto/SubscriberPortInitialValues1.xml (RunModel)" time="0.021" />
  <testcase classname="ptolemy.util.test.junit.AutoTests" name="[348] /home/travis/build/icyphy/ptII/ptolemy/actor/lib/test/auto/SubscriberPortInitialValues13.xml (RunModel)" time="0.025" />
  <testcase classname="ptolemy.util.test.junit.AutoTests" name="[349] /home/travis/build/icyphy/ptII/ptolemy/actor/lib/test/auto/SubscriberPortInitialValues14.xml (RunModel)" time="0.013" />
  <testcase classname="ptolemy.util.test.junit.AutoTests" name="[350] /home/travis/build/icyphy/ptII/ptolemy/actor/lib/test/auto/SubscriberPortInitialValues2.xml (RunModel)" time="0.015" />
  <testcase classname="ptolemy.util.test.junit.AutoTests" name="[351] /home/travis/build/icyphy/ptII/ptolemy/actor/lib/test/auto/SubscriberPortInitialValues3.xml (RunModel)" time="0.019" />
  <testcase classname="ptolemy.util.test.junit.AutoTests" name="[352] /home/travis/build/icyphy/ptII/ptolemy/actor/lib/test/auto/SubscriptionAggregator.xml (RunModel)" time="0.042" />
  <testcase classname="ptolemy.util.test.junit.AutoTests" name="[353] /home/travis/build/icyphy/ptII/ptolemy/actor/lib/test/auto/SubscriptionAggregator2.xml (RunModel)" time="0.012" />
  <testcase classname="ptolemy.util.test.junit.AutoTests" name="[354] /home/travis/build/icyphy/ptII/ptolemy/actor/lib/test/auto/SubscriptionAggregator3.xml (RunModel)" time="0.016" />
  <testcase classname="ptolemy.util.test.junit.AutoTests" name="[355] /home/travis/build/icyphy/ptII/ptolemy/actor/lib/test/auto/SubscriptionAggregatorMultiply.xml (RunModel)" time="0.021" />
  <testcase classname="ptolemy.util.test.junit.AutoTests" name="[356] /home/travis/build/icyphy/ptII/ptolemy/actor/lib/test/auto/SubscriptionAggregatorPortMultiply1.xml (RunModel)" time="0.021" />
  <testcase classname="ptolemy.util.test.junit.AutoTests" name="[357] /home/travis/build/icyphy/ptII/ptolemy/actor/lib/test/auto/Switch.xml (RunModel)" time="0.017" />
  <testcase classname="ptolemy.util.test.junit.AutoTests" name="[358] /home/travis/build/icyphy/ptII/ptolemy/actor/lib/test/auto/Switch2.xml (RunModel)" time="0.012" />
  <testcase classname="ptolemy.util.test.junit.AutoTests" name="[359] /home/travis/build/icyphy/ptII/ptolemy/actor/lib/test/auto/SwitchDE.xml (RunModel)" time="0.013" />
  <testcase classname="ptolemy.util.test.junit.AutoTests" name="[360] /home/travis/build/icyphy/ptII/ptolemy/actor/lib/test/auto/SynchronizerDE.xml (RunModel)" time="0.023" />
  <testcase classname="ptolemy.util.test.junit.AutoTests" name="[361] /home/travis/build/icyphy/ptII/ptolemy/actor/lib/test/auto/Test.xml (RunModel)" time="0.007" />
  <testcase classname="ptolemy.util.test.junit.AutoTests" name="[362] /home/travis/build/icyphy/ptII/ptolemy/actor/lib/test/auto/TestExceptionAttribute1.xml (RunModel)" time="0.006" />
  <testcase classname="ptolemy.util.test.junit.AutoTests" name="[363] /home/travis/build/icyphy/ptII/ptolemy/actor/lib/test/auto/TestExceptionAttribute2.xml (RunModel)" time="0.009" />
  <testcase classname="ptolemy.util.test.junit.AutoTests" name="[364] /home/travis/build/icyphy/ptII/ptolemy/actor/lib/test/auto/TestExceptionAttribute3.xml (RunModel)" time="0.009" />
  <testcase classname="ptolemy.util.test.junit.AutoTests" name="[365] /home/travis/build/icyphy/ptII/ptolemy/actor/lib/test/auto/TestExceptionAttribute4.xml (RunModel)" time="0.006" />
  <testcase classname="ptolemy.util.test.junit.AutoTests" name="[366] /home/travis/build/icyphy/ptII/ptolemy/actor/lib/test/auto/TestExceptionHandler1.xml (RunModel)" time="0.009" />
  <testcase classname="ptolemy.util.test.junit.AutoTests" name="[367] /home/travis/build/icyphy/ptII/ptolemy/actor/lib/test/auto/TestExceptionHandler2.xml (RunModel)" time="0.007" />
  <testcase classname="ptolemy.util.test.junit.AutoTests" name="[368] /home/travis/build/icyphy/ptII/ptolemy/actor/lib/test/auto/TestExceptionHandler3.xml (RunModel)" time="0.009" />
  <testcase classname="ptolemy.util.test.junit.AutoTests" name="[369] /home/travis/build/icyphy/ptII/ptolemy/actor/lib/test/auto/TestExceptionHandler4.xml (RunModel)" time="0.007" />
  <testcase classname="ptolemy.util.test.junit.AutoTests" name="[370] /home/travis/build/icyphy/ptII/ptolemy/actor/lib/test/auto/TestRequireCorrectOrder.xml (RunModel)" time="0.015" />
  <testcase classname="ptolemy.util.test.junit.AutoTests" name="[371] /home/travis/build/icyphy/ptII/ptolemy/actor/lib/test/auto/TestSimple.xml (RunModel)" time="0.008" />
  <testcase classname="ptolemy.util.test.junit.AutoTests" name="[372] /home/travis/build/icyphy/ptII/ptolemy/actor/lib/test/auto/ThrowModelError.xml (RunModel)" time="0.01" />
  <testcase classname="ptolemy.util.test.junit.AutoTests" name="[373] /home/travis/build/icyphy/ptII/ptolemy/actor/lib/test/auto/TimeDelayMicrosteps.xml (RunModel)" time="0.017" />
  <testcase classname="ptolemy.util.test.junit.AutoTests" name="[374] /home/travis/build/icyphy/ptII/ptolemy/actor/lib/test/auto/TimeDelayMicrosteps2.xml (RunModel)" time="0.016" />
  <testcase classname="ptolemy.util.test.junit.AutoTests" name="[375] /home/travis/build/icyphy/ptII/ptolemy/actor/lib/test/auto/TimeDelayMicrosteps3.xml (RunModel)" time="0.013" />
  <testcase classname="ptolemy.util.test.junit.AutoTests" name="[376] /home/travis/build/icyphy/ptII/ptolemy/actor/lib/test/auto/TimeDelayVariableMicrosteps.xml (RunModel)" time="0.013" />
  <testcase classname="ptolemy.util.test.junit.AutoTests" name="[377] /home/travis/build/icyphy/ptII/ptolemy/actor/lib/test/auto/TimeGap.xml (RunModel)" time="0.016" />
  <testcase classname="ptolemy.util.test.junit.AutoTests" name="[378] /home/travis/build/icyphy/ptII/ptolemy/actor/lib/test/auto/TimeGap2.xml (RunModel)" time="0.012" />
  <testcase classname="ptolemy.util.test.junit.AutoTests" name="[379] /home/travis/build/icyphy/ptII/ptolemy/actor/lib/test/auto/TimedSinewave.xml (RunModel)" time="0.065" />
  <testcase classname="ptolemy.util.test.junit.AutoTests" name="[380] /home/travis/build/icyphy/ptII/ptolemy/actor/lib/test/auto/TimedSinewavePhase.xml (RunModel)" time="0.03" />
  <testcase classname="ptolemy.util.test.junit.AutoTests" name="[381] /home/travis/build/icyphy/ptII/ptolemy/actor/lib/test/auto/Timer.xml (RunModel)" time="0.014" />
  <testcase classname="ptolemy.util.test.junit.AutoTests" name="[382] /home/travis/build/icyphy/ptII/ptolemy/actor/lib/test/auto/TriangularDistTestModel.xml (RunModel)" time="0.014" />
  <testcase classname="ptolemy.util.test.junit.AutoTests" name="[383] /home/travis/build/icyphy/ptII/ptolemy/actor/lib/test/auto/TrigFunction.xml (RunModel)" time="0.014" />
  <testcase classname="ptolemy.util.test.junit.AutoTests" name="[384] /home/travis/build/icyphy/ptII/ptolemy/actor/lib/test/auto/TrigFunctionDE.xml (RunModel)" time="0.009" />
  <testcase classname="ptolemy.util.test.junit.AutoTests" name="[385] /home/travis/build/icyphy/ptII/ptolemy/actor/lib/test/auto/TrigFunctionInverse.xml (RunModel)" time="0.008" />
  <testcase classname="ptolemy.util.test.junit.AutoTests" name="[386] /home/travis/build/icyphy/ptII/ptolemy/actor/lib/test/auto/TrigFunctionTan.xml (RunModel)" time="0.005" />
  <testcase classname="ptolemy.util.test.junit.AutoTests" name="[387] /home/travis/build/icyphy/ptII/ptolemy/actor/lib/test/auto/TriggeredClock.xml (RunModel)" time="0.007" />
  <testcase classname="ptolemy.util.test.junit.AutoTests" name="[388] /home/travis/build/icyphy/ptII/ptolemy/actor/lib/test/auto/URLDirectoryReader.xml (RunModel)" time="0.107" />
  <testcase classname="ptolemy.util.test.junit.AutoTests" name="[389] /home/travis/build/icyphy/ptII/ptolemy/actor/lib/test/auto/URLDirectoryReader3.xml (RunModel)" time="1.792" />
  <testcase classname="ptolemy.util.test.junit.AutoTests" name="[390] /home/travis/build/icyphy/ptII/ptolemy/actor/lib/test/auto/UnaryMathFunction.xml (RunModel)" time="0.026" />
  <testcase classname="ptolemy.util.test.junit.AutoTests" name="[391] /home/travis/build/icyphy/ptII/ptolemy/actor/lib/test/auto/Uniform.xml (RunModel)" time="0.013" />
  <testcase classname="ptolemy.util.test.junit.AutoTests" name="[392] /home/travis/build/icyphy/ptII/ptolemy/actor/lib/test/auto/UnionDisassemblerTest.xml (RunModel)" time="0.014" />
  <testcase classname="ptolemy.util.test.junit.AutoTests" name="[393] /home/travis/build/icyphy/ptII/ptolemy/actor/lib/test/auto/UtilityFunctions.xml (RunModel)" time="0.006" />
  <testcase classname="ptolemy.util.test.junit.AutoTests" name="[394] /home/travis/build/icyphy/ptII/ptolemy/actor/lib/test/auto/VariableSleep.xml (RunModel)" time="0.509" />
  <testcase classname="ptolemy.util.test.junit.AutoTests" name="[395] /home/travis/build/icyphy/ptII/ptolemy/actor/lib/test/auto/VectorAssemblerDisassemblerCT.xml (RunModel)" time="0.106" />
  <testcase classname="ptolemy.util.test.junit.AutoTests" name="[396] /home/travis/build/icyphy/ptII/ptolemy/actor/lib/test/auto/VectorAssemblerDisassemblerDE.xml (RunModel)" time="0.012" />
  <testcase classname="ptolemy.util.test.junit.AutoTests" name="[397] /home/travis/build/icyphy/ptII/ptolemy/actor/lib/test/auto/VectorAssemblerDisassemblerSDF.xml (RunModel)" time="0.01" />
  <testcase classname="ptolemy.util.test.junit.AutoTests" name="[398] /home/travis/build/icyphy/ptII/ptolemy/actor/lib/test/auto/WallClockTime.xml (RunModel)" time="1.01" />
  <testcase classname="ptolemy.util.test.junit.AutoTests" name="[399] /home/travis/build/icyphy/ptII/ptolemy/actor/lib/test/auto/WidthTestWithSubscriberPublisher.xml (RunModel)" time="0.035" />
  <testcase classname="ptolemy.util.test.junit.AutoTests" name="[400] /home/travis/build/icyphy/ptII/ptolemy/actor/lib/test/auto/WidthTestWithSubscriberPublisher2.xml (RunModel)" time="0.014" />
  <testcase classname="ptolemy.util.test.junit.AutoTests" name="[401] /home/travis/build/icyphy/ptII/ptolemy/actor/lib/test/auto/WidthTestWithSubscriberPublisher3.xml (RunModel)" time="0.01" />
  <testcase classname="ptolemy.util.test.junit.AutoTests" name="[402] /home/travis/build/icyphy/ptII/ptolemy/actor/lib/test/auto/Writer.xml (RunModel)" time="0.007" />
  <testcase classname="ptolemy.util.test.junit.AutoTests" name="[403] /home/travis/build/icyphy/ptII/ptolemy/actor/lib/test/auto/array.xml (RunModel)" time="0.007" />
  <testcase classname="ptolemy.util.test.junit.AutoTests" name="[404] /home/travis/build/icyphy/ptII/ptolemy/actor/lib/test/auto/array2.xml (RunModel)" time="0.025" />
  <testcase classname="ptolemy.util.test.junit.AutoTests" name="[405] /home/travis/build/icyphy/ptII/ptolemy/actor/lib/test/auto/arrayType.xml (RunModel)" time="0.01" />
  <testcase classname="ptolemy.util.test.junit.AutoTests" name="[406] /home/travis/build/icyphy/ptII/ptolemy/actor/lib/test/auto/arrayType10.xml (RunModel)" time="0.007" />
  <testcase classname="ptolemy.util.test.junit.AutoTests" name="[407] /home/travis/build/icyphy/ptII/ptolemy/actor/lib/test/auto/arrayType11.xml (RunModel)" time="0.008" />
  <testcase classname="ptolemy.util.test.junit.AutoTests" name="[408] /home/travis/build/icyphy/ptII/ptolemy/actor/lib/test/auto/arrayType12.xml (RunModel)" time="0.008" />
  <testcase classname="ptolemy.util.test.junit.AutoTests" name="[409] /home/travis/build/icyphy/ptII/ptolemy/actor/lib/test/auto/arrayType13.xml (RunModel)" time="0.007" />
  <testcase classname="ptolemy.util.test.junit.AutoTests" name="[410] /home/travis/build/icyphy/ptII/ptolemy/actor/lib/test/auto/arrayType14.xml (RunModel)" time="0.007" />
  <testcase classname="ptolemy.util.test.junit.AutoTests" name="[411] /home/travis/build/icyphy/ptII/ptolemy/actor/lib/test/auto/arrayType15.xml (RunModel)" time="0.008" />
  <testcase classname="ptolemy.util.test.junit.AutoTests" name="[412] /home/travis/build/icyphy/ptII/ptolemy/actor/lib/test/auto/arrayType16.xml (RunModel)" time="0.007" />
  <testcase classname="ptolemy.util.test.junit.AutoTests" name="[413] /home/travis/build/icyphy/ptII/ptolemy/actor/lib/test/auto/arrayType17.xml (RunModel)" time="0.008" />
  <testcase classname="ptolemy.util.test.junit.AutoTests" name="[414] /home/travis/build/icyphy/ptII/ptolemy/actor/lib/test/auto/arrayType18.xml (RunModel)" time="0.007" />
  <testcase classname="ptolemy.util.test.junit.AutoTests" name="[415] /home/travis/build/icyphy/ptII/ptolemy/actor/lib/test/auto/arrayType19.xml (RunModel)" time="0.007" />
  <testcase classname="ptolemy.util.test.junit.AutoTests" name="[416] /home/travis/build/icyphy/ptII/ptolemy/actor/lib/test/auto/arrayType2.xml (RunModel)" time="0.007" />
  <testcase classname="ptolemy.util.test.junit.AutoTests" name="[417] /home/travis/build/icyphy/ptII/ptolemy/actor/lib/test/auto/arrayType20.xml (RunModel)" time="0.006" />
  <testcase classname="ptolemy.util.test.junit.AutoTests" name="[418] /home/travis/build/icyphy/ptII/ptolemy/actor/lib/test/auto/arrayType21.xml (RunModel)" time="0.006" />
  <testcase classname="ptolemy.util.test.junit.AutoTests" name="[419] /home/travis/build/icyphy/ptII/ptolemy/actor/lib/test/auto/arrayType22.xml (RunModel)" time="0.007" />
  <testcase classname="ptolemy.util.test.junit.AutoTests" name="[420] /home/travis/build/icyphy/ptII/ptolemy/actor/lib/test/auto/arrayType23.xml (RunModel)" time="0.006" />
  <testcase classname="ptolemy.util.test.junit.AutoTests" name="[421] /home/travis/build/icyphy/ptII/ptolemy/actor/lib/test/auto/arrayType24.xml (RunModel)" time="0.007" />
  <testcase classname="ptolemy.util.test.junit.AutoTests" name="[422] /home/travis/build/icyphy/ptII/ptolemy/actor/lib/test/auto/arrayType25.xml (RunModel)" time="0.007" />
  <testcase classname="ptolemy.util.test.junit.AutoTests" name="[423] /home/travis/build/icyphy/ptII/ptolemy/actor/lib/test/auto/arrayType26.xml (RunModel)" time="0.007" />
  <testcase classname="ptolemy.util.test.junit.AutoTests" name="[424] /home/travis/build/icyphy/ptII/ptolemy/actor/lib/test/auto/arrayType27.xml (RunModel)" time="0.006" />
  <testcase classname="ptolemy.util.test.junit.AutoTests" name="[425] /home/travis/build/icyphy/ptII/ptolemy/actor/lib/test/auto/arrayType28.xml (RunModel)" time="0.007" />
  <testcase classname="ptolemy.util.test.junit.AutoTests" name="[426] /home/travis/build/icyphy/ptII/ptolemy/actor/lib/test/auto/arrayType3.xml (RunModel)" time="0.007" />
  <testcase classname="ptolemy.util.test.junit.AutoTests" name="[427] /home/travis/build/icyphy/ptII/ptolemy/actor/lib/test/auto/arrayType4.xml (RunModel)" time="0.007" />
  <testcase classname="ptolemy.util.test.junit.AutoTests" name="[428] /home/travis/build/icyphy/ptII/ptolemy/actor/lib/test/auto/arrayType5.xml (RunModel)" time="0.006" />
  <testcase classname="ptolemy.util.test.junit.AutoTests" name="[429] /home/travis/build/icyphy/ptII/ptolemy/actor/lib/test/auto/arrayType6.xml (RunModel)" time="0.006" />
  <testcase classname="ptolemy.util.test.junit.AutoTests" name="[430] /home/travis/build/icyphy/ptII/ptolemy/actor/lib/test/auto/arrayType7.xml (RunModel)" time="0.006" />
  <testcase classname="ptolemy.util.test.junit.AutoTests" name="[431] /home/travis/build/icyphy/ptII/ptolemy/actor/lib/test/auto/arrayType8.xml (RunModel)" time="0.014" />
  <testcase classname="ptolemy.util.test.junit.AutoTests" name="[432] /home/travis/build/icyphy/ptII/ptolemy/actor/lib/test/auto/arrayType9.xml (RunModel)" time="0.007" />
  <testcase classname="ptolemy.util.test.junit.AutoTests" name="[433] /home/travis/build/icyphy/ptII/ptolemy/actor/lib/test/auto/cast.xml (RunModel)" time="0.007" />
  <testcase classname="ptolemy.util.test.junit.AutoTests" name="[434] /home/travis/build/icyphy/ptII/ptolemy/actor/lib/test/auto/compositeMultiPort.xml (RunModel)" time="0.014" />
  <testcase classname="ptolemy.util.test.junit.AutoTests" name="[435] /home/travis/build/icyphy/ptII/ptolemy/actor/lib/test/auto/expressionCastInference.xml (RunModel)" time="0.016" />
  <testcase classname="ptolemy.util.test.junit.AutoTests" name="[436] /home/travis/build/icyphy/ptII/ptolemy/actor/lib/test/auto/expressionCastInference2.xml (RunModel)" time="0.01" />
  <testcase classname="ptolemy.util.test.junit.AutoTests" name="[437] /home/travis/build/icyphy/ptII/ptolemy/actor/lib/test/auto/expressionInference.xml (RunModel)" time="0.006" />
  <testcase classname="ptolemy.util.test.junit.AutoTests" name="[438] /home/travis/build/icyphy/ptII/ptolemy/actor/lib/test/auto/expression_bug.xml (RunModel)" time="0.006" />
  <testcase classname="ptolemy.util.test.junit.AutoTests" name="[439] /home/travis/build/icyphy/ptII/ptolemy/actor/lib/test/auto/factorial.xml (RunModel)" time="0.048" />
  <testcase classname="ptolemy.util.test.junit.AutoTests" name="[440] /home/travis/build/icyphy/ptII/ptolemy/actor/lib/test/auto/filterTest1.xml (RunModel)" time="0.015" />
  <testcase classname="ptolemy.util.test.junit.AutoTests" name="[441] /home/travis/build/icyphy/ptII/ptolemy/actor/lib/test/auto/funcApplyInConst.xml (RunModel)" time="0.005" />
  <testcase classname="ptolemy.util.test.junit.AutoTests" name="[442] /home/travis/build/icyphy/ptII/ptolemy/actor/lib/test/auto/funcApplyInExpr.xml (RunModel)" time="0.005" />
  <testcase classname="ptolemy.util.test.junit.AutoTests" name="[443] /home/travis/build/icyphy/ptII/ptolemy/actor/lib/test/auto/function.xml (RunModel)" time="0.008" />
  <testcase classname="ptolemy.util.test.junit.AutoTests" name="[444] /home/travis/build/icyphy/ptII/ptolemy/actor/lib/test/auto/function2.xml (RunModel)" time="0.006" />
  <testcase classname="ptolemy.util.test.junit.AutoTests" name="[445] /home/travis/build/icyphy/ptII/ptolemy/actor/lib/test/auto/function3.xml (RunModel)" time="0.005" />
  <testcase classname="ptolemy.util.test.junit.AutoTests" name="[446] /home/travis/build/icyphy/ptII/ptolemy/actor/lib/test/auto/functionClosureTest1.xml (RunModel)" time="0.007" />
  <testcase classname="ptolemy.util.test.junit.AutoTests" name="[447] /home/travis/build/icyphy/ptII/ptolemy/actor/lib/test/auto/functionClosureTest2.xml (RunModel)" time="0.005" />
  <testcase classname="ptolemy.util.test.junit.AutoTests" name="[448] /home/travis/build/icyphy/ptII/ptolemy/actor/lib/test/auto/functionClosureTest3.xml (RunModel)" time="0.007" />
  <testcase classname="ptolemy.util.test.junit.AutoTests" name="[449] /home/travis/build/icyphy/ptII/ptolemy/actor/lib/test/auto/functionClosureTest4.xml (RunModel)" time="0.012" />
  <testcase classname="ptolemy.util.test.junit.AutoTests" name="[450] /home/travis/build/icyphy/ptII/ptolemy/actor/lib/test/auto/functionClosureTest5.xml (RunModel)" time="0.01" />
  <testcase classname="ptolemy.util.test.junit.AutoTests" name="[451] /home/travis/build/icyphy/ptII/ptolemy/actor/lib/test/auto/functionClosureTest6.xml (RunModel)" time="0.006" />
  <testcase classname="ptolemy.util.test.junit.AutoTests" name="[452] /home/travis/build/icyphy/ptII/ptolemy/actor/lib/test/auto/functionsOnArcs.xml (RunModel)" time="0.009" />
  <testcase classname="ptolemy.util.test.junit.AutoTests" name="[453] /home/travis/build/icyphy/ptII/ptolemy/actor/lib/test/auto/functionsOnArcsHOF.xml (RunModel)" time="0.013" />
  <testcase classname="ptolemy.util.test.junit.AutoTests" name="[454] /home/travis/build/icyphy/ptII/ptolemy/actor/lib/test/auto/logic.xml (RunModel)" time="0.015" />
  <testcase classname="ptolemy.util.test.junit.AutoTests" name="[455] /home/travis/build/icyphy/ptII/ptolemy/actor/lib/test/auto/matrixType.xml (RunModel)" time="0.008" />
  <testcase classname="ptolemy.util.test.junit.AutoTests" name="[456] /home/travis/build/icyphy/ptII/ptolemy/actor/lib/test/auto/matrixType10.xml (RunModel)" time="0.008" />
  <testcase classname="ptolemy.util.test.junit.AutoTests" name="[457] /home/travis/build/icyphy/ptII/ptolemy/actor/lib/test/auto/matrixType11.xml (RunModel)" time="0.006" />
  <testcase classname="ptolemy.util.test.junit.AutoTests" name="[458] /home/travis/build/icyphy/ptII/ptolemy/actor/lib/test/auto/matrixType12.xml (RunModel)" time="0.01" />
  <testcase classname="ptolemy.util.test.junit.AutoTests" name="[459] /home/travis/build/icyphy/ptII/ptolemy/actor/lib/test/auto/matrixType13.xml (RunModel)" time="0.009" />
  <testcase classname="ptolemy.util.test.junit.AutoTests" name="[460] /home/travis/build/icyphy/ptII/ptolemy/actor/lib/test/auto/matrixType14.xml (RunModel)" time="0.009" />
  <testcase classname="ptolemy.util.test.junit.AutoTests" name="[461] /home/travis/build/icyphy/ptII/ptolemy/actor/lib/test/auto/matrixType2.xml (RunModel)" time="0.007" />
  <testcase classname="ptolemy.util.test.junit.AutoTests" name="[462] /home/travis/build/icyphy/ptII/ptolemy/actor/lib/test/auto/matrixType3.xml (RunModel)" time="0.009" />
  <testcase classname="ptolemy.util.test.junit.AutoTests" name="[463] /home/travis/build/icyphy/ptII/ptolemy/actor/lib/test/auto/matrixType4.xml (RunModel)" time="0.007" />
  <testcase classname="ptolemy.util.test.junit.AutoTests" name="[464] /home/travis/build/icyphy/ptII/ptolemy/actor/lib/test/auto/matrixType5.xml (RunModel)" time="0.008" />
  <testcase classname="ptolemy.util.test.junit.AutoTests" name="[465] /home/travis/build/icyphy/ptII/ptolemy/actor/lib/test/auto/matrixType6.xml (RunModel)" time="0.007" />
  <testcase classname="ptolemy.util.test.junit.AutoTests" name="[466] /home/travis/build/icyphy/ptII/ptolemy/actor/lib/test/auto/matrixType7.xml (RunModel)" time="0.007" />
  <testcase classname="ptolemy.util.test.junit.AutoTests" name="[467] /home/travis/build/icyphy/ptII/ptolemy/actor/lib/test/auto/matrixType8.xml (RunModel)" time="0.007" />
  <testcase classname="ptolemy.util.test.junit.AutoTests" name="[468] /home/travis/build/icyphy/ptII/ptolemy/actor/lib/test/auto/matrixType9.xml (RunModel)" time="0.006" />
  <testcase classname="ptolemy.util.test.junit.AutoTests" name="[469] /home/travis/build/icyphy/ptII/ptolemy/actor/lib/test/auto/paraFunctest.xml (RunModel)" time="0.005" />
  <testcase classname="ptolemy.util.test.junit.AutoTests" name="[470] /home/travis/build/icyphy/ptII/ptolemy/actor/lib/test/auto/paraFunctest2.xml (RunModel)" time="0.007" />
  <testcase classname="ptolemy.util.test.junit.AutoTests" name="[471] /home/travis/build/icyphy/ptII/ptolemy/actor/lib/test/auto/parameterPassing.xml (RunModel)" time="0.005" />
  <testcase classname="ptolemy.util.test.junit.AutoTests" name="[472] /home/travis/build/icyphy/ptII/ptolemy/actor/lib/test/auto/record.xml (RunModel)" time="0.007" />
  <testcase classname="ptolemy.util.test.junit.AutoTests" name="[473] /home/travis/build/icyphy/ptII/ptolemy/actor/lib/test/auto/sizedarray1.xml (RunModel)" time="0.007" />
  <testcase classname="ptolemy.util.test.junit.AutoTests" name="[474] /home/travis/build/icyphy/ptII/ptolemy/actor/lib/test/auto/sizedarray2.xml (RunModel)" time="0.007" />
  <testcase classname="ptolemy.util.test.junit.AutoTests" name="[475] /home/travis/build/icyphy/ptII/ptolemy/actor/lib/test/auto/twoPublishers.xml (RunModel)" time="0.02" />
  <system-out><![CDATA[/home/travis/build/icyphy/ptII/ptolemy/actor/lib/test/AbsoluteValue.tcl
testDefs.tcl: setting time out to 9000 seconds at Fri Dec 27 06:28:34 UTC 2019
86 ms. Memory: 129024K Free: 94152K (73%)
7 ms. Memory: 129024K Free: 92599K (72%)
5 ms. Memory: 129024K Free: 91590K (71%)
4 ms. Memory: 129024K Free: 91080K (71%)
/home/travis/build/icyphy/ptII/ptolemy/actor/lib/test/AddSubtract.tcl
9 ms. Memory: 129024K Free: 89032K (69%)
6 ms. Memory: 129024K Free: 88008K (68%)
5 ms. Memory: 129024K Free: 87494K (68%)
8 ms. Memory: 129024K Free: 86455K (67%)
53 ms. Memory: 129024K Free: 83912K (65%)
12 ms. Memory: 129024K Free: 82888K (64%)
/home/travis/build/icyphy/ptII/ptolemy/actor/lib/test/Average.tcl
16 ms. Memory: 129024K Free: 81335K (63%)
14 ms. Memory: 129024K Free: 79816K (62%)
/home/travis/build/icyphy/ptII/ptolemy/actor/lib/test/Bernoulli.tcl
13 ms. Memory: 129024K Free: 78263K (61%)
6 ms. Memory: 129024K Free: 78263K (61%)
/home/travis/build/icyphy/ptII/ptolemy/actor/lib/test/Clock.tcl
preinitializing
resolving types
initializing
executing number 1
wrapping up
idle
18 ms. Memory: 129024K Free: 75206K (58%)
Completed execution with 5 iterations
preinitializing
resolving types
initializing
executing number 1
wrapping up
idle
6 ms. Memory: 129024K Free: 74696K (58%)
Completed execution with 5 iterations
preinitializing
resolving types
initializing
executing number 1
wrapping up
idle
3 ms. Memory: 129024K Free: 74182K (57%)
Completed execution with 5 iterations
/home/travis/build/icyphy/ptII/ptolemy/actor/lib/test/Commutator.tcl
7 ms. Memory: 129024K Free: 72134K (56%)
5 ms. Memory: 129024K Free: 71095K (55%)
9 ms. Memory: 129024K Free: 65480K (51%)
/home/travis/build/icyphy/ptII/ptolemy/actor/lib/test/Const.tcl
4 ms. Memory: 129024K Free: 63927K (50%)
10 ms. Memory: 129024K Free: 63432K (49%)
2 ms. Memory: 129024K Free: 62918K (49%)
2 ms. Memory: 129024K Free: 62408K (48%)
1 ms. Memory: 129024K Free: 61384K (48%)
16 ms. Memory: 129024K Free: 59846K (46%)
8 ms. Memory: 129024K Free: 58807K (46%)
14 ms. Memory: 129024K Free: 57798K (45%)
/home/travis/build/icyphy/ptII/ptolemy/actor/lib/test/CurrentTime.tcl
preinitializing
resolving types
initializing
executing number 1
wrapping up
idle
18 ms. Memory: 129024K Free: 56264K (44%)
Completed execution with 11 iterations
/home/travis/build/icyphy/ptII/ptolemy/actor/lib/test/DB.tcl
9 ms. Memory: 129024K Free: 54216K (42%)
2 ms. Memory: 129024K Free: 53702K (42%)
2 ms. Memory: 129024K Free: 53192K (41%)
/home/travis/build/icyphy/ptII/ptolemy/actor/lib/test/DiscreteRandomSource.tcl
preinitializing
resolving types
initializing
executing number 1
wrapping up
idle
4 ms. Memory: 129024K Free: 52168K (40%)
Completed execution with 4 iterations
preinitializing
resolving types
initializing
executing number 1
wrapping up
idle
3 ms. Memory: 129024K Free: 51654K (40%)
Completed execution with 4 iterations
preinitializing
resolving types
initializing
executing number 1
wrapping up
idle
2 ms. Memory: 129024K Free: 51144K (40%)
Completed execution with 4 iterations
preinitializing
resolving types
initializing
executing number 1
wrapping up
idle
2 ms. Memory: 129024K Free: 50615K (39%)
Completed execution with 4 iterations
preinitializing
resolving types
initializing
executing number 1
wrapping up
idle
3 ms. Memory: 129024K Free: 50120K (39%)
Completed execution with 4 iterations
/home/travis/build/icyphy/ptII/ptolemy/actor/lib/test/Distributor.tcl
32 ms. Memory: 129024K Free: 114909K (89%)
18 ms. Memory: 129024K Free: 114377K (89%)
StreamChangeRequest.changeExecuted(): <deleteEntity name="rec2"/> succeeded
StreamChangeRequest.changeExecuted(): <deleteRelation name="r2"/> succeeded
StreamChangeRequest.changeExecuted(): Record firings per iteration succeeded
4 ms. Memory: 129024K Free: 111859K (87%)
/home/travis/build/icyphy/ptII/ptolemy/actor/lib/test/Exit.tcl
Exit.tcl: this will print a message about Manager.exitAfterWrapup, which can be ignored.
7 ms. Memory: 129024K Free: 108254K (84%)
/home/travis/build/icyphy/ptII/ptolemy/actor/lib/test/Expression.tcl
17 ms. Memory: 129024K Free: 105201K (82%)
10 ms. Memory: 129024K Free: 104677K (81%)
9 ms. Memory: 129024K Free: 103653K (80%)
preinitializing
resolving types
initializing
executing number 1
wrapping up
idle
9 ms. Memory: 129024K Free: 102129K (79%)
Completed execution with 6 iterations
3 ms. Memory: 129024K Free: 101619K (79%)
2 ms. Memory: 129024K Free: 100565K (78%)
9 ms. Memory: 129024K Free: 99571K (77%)
3 ms. Memory: 129024K Free: 98009K (76%)
10 ms. Memory: 129024K Free: 97009K (75%)
/home/travis/build/icyphy/ptII/ptolemy/actor/lib/test/Gaussian.tcl
12 ms. Memory: 129024K Free: 95445K (74%)
sleeping 1 seconds: ..........................................................................................................................................................................................................................................................................................................................................................................................................................................................................................................................................................................................................................................................................................................................................................................................................................................................................................................................................................................................................................................................................................................................................................................................................................................................................................................................................................................................................................................................................................................................................................................................................................................................................................................................................................................................................................................................................................................................................................................................................................................................................................................................................................................................................................................................................................................................................................................................................................................................................................................................................................................................................................................................................................................................................................................................................................................................................................................................................................................................................................................................................................................................................................................................................................................................................................................................................................................................................................................................................................................................................................................................................................................................................................................................................................................................................................................................................................................................................................................................................................................................................................................................................................................................................................................................................................................................................................................................................................................................................................................................................................................................................................................................................................................................................................................................................................................................................................................................................................................................................................................................................................................................................................................................................................................................................................................................................................................................................................................................................................................................................................................................................................................................................................................................................................................................................................................................................................................................................................................................................................................................................................................................................................................................................................................................................................................................................................................................................................................................................................................................................................................................................................................................................................................................................................................................................................................................................................................................................................................................................................................................................................................................................................................................................................................................................................................................................................................................................................................................................................................................................................................................................................................................................................................................................................................................................................................................................................................................................................................................................................................................................................................................................................................................................................................................................................................................................................................................................................................................................................................................................................................................................................................................................................................................................................................................................................................................................................................................................................................................................................................................................................................................................................................................................................................................................................................................................................................................................................................................................................................................................................................................................................................................................................................................................................................................................................................................................................................................................................................................................................................................................................................................................................................................................................................................................................................................................................................................................................................................................................................................................................................................................................................................................................................................................................................................................................................................................................................................................................................................................................................................................................................................................................................................................................................................................................................................................................................................................................................................................................................................................................................................................................................................................................................................................................................................................................................................................................................................................................................................................................................................................................................................................................................................................................................................................................................................................................................................................................................................................................................................................................................................................................................................................................................................................................................................................................................................................................................................................................................................................................................................................................................................................................................................................................................................................................................................................................................................................................................................................................................................................................................................................................................................................................................................................................................................................................................................................................................................................................................................................................................................................................................................................................................................................................................................................................................................................................................................................................................................................................................................................................................................................................................................................................................................................................................................................................................................................................................................................................................................................................................................................................................................................................................................................................................................................................................................................................................................................................................................................................................................................................................................................................................................................................................................................................................................................................................................................................................................................................................................................................................................................................................................................................................................................................................................................................................................................................................................................................................................................................................................................................................................................................................................................................................................................................................................................................................................................................................................................................................................................................................................................................................................................................................................................................................................................................................................................................................................................................................................................................................................................................................................................................................................................................................................................................................................................................................................................................................................................................................................................................................................................................................................................................................................................................................................................................................................................................................................................................................................................................................................................................................................................................................................................................................................................................................................................................................................................................................................................................................................................................................................................................................................................................................................................................................................................................................................................................................................................................................................................................................................................................................................................................................................................................................................................................................................................................................................................................................................................................................................................................................................................................................................................................................................................................................................................................................................................................................................................................................................................................................................................................................................................................................................................................................................................................................................................................................................................................................................................................................................................................................................................................................................................................................................................................................................................................................................................................................................................................................................................................................................................................................................................................................................................................................................................................................................................................................................................................................................................................................................................................................................................................3 ms. Memory: 129024K Free: 100737K (78%)
2 ms. Memory: 129024K Free: 100209K (78%)
2 ms. Memory: 129024K Free: 99713K (77%)
3 ms. Memory: 129024K Free: 98687K (76%)
7 ms. Memory: 129024K Free: 98175K (76%)
/home/travis/build/icyphy/ptII/ptolemy/actor/lib/test/IIR.tcl
/home/travis/build/icyphy/ptII/ptolemy/actor/lib/test/Interpolator.tcl
4 ms. Memory: 129024K Free: 94593K (73%)
1 ms. Memory: 129024K Free: 94073K (73%)
4 ms. Memory: 129024K Free: 93569K (73%)
1 ms. Memory: 129024K Free: 92847K (72%)
2 ms. Memory: 129024K Free: 92017K (71%)
9 ms. Memory: 129024K Free: 90993K (71%)
2 ms. Memory: 129024K Free: 89983K (70%)
8 ms. Memory: 129024K Free: 88945K (69%)
2 ms. Memory: 129024K Free: 88449K (69%)
2 ms. Memory: 129024K Free: 87425K (68%)
/home/travis/build/icyphy/ptII/ptolemy/actor/lib/test/MathFunction.tcl
12 ms. Memory: 129024K Free: 84833K (66%)
2 ms. Memory: 129024K Free: 83825K (65%)
2 ms. Memory: 129024K Free: 82809K (64%)
2 ms. Memory: 129024K Free: 81777K (63%)
4 ms. Memory: 129024K Free: 80767K (63%)
11 ms. Memory: 129024K Free: 78689K (61%)
/home/travis/build/icyphy/ptII/ptolemy/actor/lib/test/Maximum.tcl
5 ms. Memory: 129024K Free: 76657K (59%)
4 ms. Memory: 129024K Free: 76161K (59%)
5 ms. Memory: 129024K Free: 75647K (59%)
3 ms. Memory: 129024K Free: 74609K (58%)
/home/travis/build/icyphy/ptII/ptolemy/actor/lib/test/Minimum.tcl
6 ms. Memory: 129024K Free: 73089K (57%)
3 ms. Memory: 129024K Free: 72545K (56%)
3 ms. Memory: 129024K Free: 71521K (55%)
4 ms. Memory: 129024K Free: 71041K (55%)
/home/travis/build/icyphy/ptII/ptolemy/actor/lib/test/MultiplyDivide.tcl
10 ms. Memory: 129024K Free: 68993K (53%)
11 ms. Memory: 129024K Free: 68465K (53%)
2 ms. Memory: 129024K Free: 67455K (52%)
2 ms. Memory: 129024K Free: 66945K (52%)
7 ms. Memory: 129024K Free: 66417K (51%)
/home/travis/build/icyphy/ptII/ptolemy/actor/lib/test/OrderedMerge.tcl
Connections changed on port: inputA
Connections changed on port: inputB
Connections changed on port: output
Connections changed on port: output
Connections changed on port: output
Connections changed on port: input
.top. Preinitializing ...
Invoking preinitialize():  .top.OrderedMerge
Called preinitialize()
Invoking preinitialize():  .top.Ramp
Called preinitialize()
Invoking preinitialize():  .top.Ramp2
Called preinitialize()
Invoking preinitialize():  .top.Test
Called preinitialize()
Connections changed on port: inputA
Connections changed on port: output
Connections changed on port: output
Connections changed on port: input
Connections changed on port: inputB
Connections changed on port: output
.top. Finished preinitialize().
Called initialize().
Invoking initialize():  .top.OrderedMerge
Initializing actor: .top.OrderedMerge
Adding a thread: .top.OrderedMerge
Invoking initialize():  .top.Ramp
Initializing actor: .top.Ramp
Adding a thread: .top.Ramp
Invoking initialize():  .top.Ramp2
Initializing actor: .top.Ramp2
Adding a thread: .top.Ramp2
Invoking initialize():  .top.Test
Initializing actor: .top.Test
Adding a thread: .top.Test
Called fire().
Checking for deadlock:
-- Starting thread.
-- Starting thread.
-- Starting thread.
Called initialize()
Called initialize()
Called prefire()
Called prefire()
Called fire()
Called initialize()
Called fire()
Called prefire()
There are 0 Blocked actors, 0 Stopped actors, and 4 active threads.
Waiting for actors to stop.
Called fire()
Called postfire()
Called prefire()
Called fire()
-- Starting thread.
Called postfire()
Checking for deadlock:
There are 2 Blocked actors, 0 Stopped actors, and 4 active threads.
Waiting for actors to stop.
Called initialize()
Called prefire()
Called fire()
Called prefire()
Called fire()
Checking for deadlock:
There are 2 Blocked actors, 0 Stopped actors, and 4 active threads.
Waiting for actors to stop.
Called postfire()
Read input token from inputA with value 0.0
Called prefire()
Called fire()
Next port to read input from is inputB
Called postfire()
Called prefire()
Called fire()
Checking for deadlock:
There are 2 Blocked actors, 0 Stopped actors, and 4 active threads.
Waiting for actors to stop.
Read input token from inputB with value 0.0
Called postfire()
Called prefire()
Called fire()
Checking for deadlock:
There are 2 Blocked actors, 0 Stopped actors, and 4 active threads.
Waiting for actors to stop.
-- Read input: 0.0, which is expected to match: 0.0
Called prefire()
Called fire()
Checking for deadlock:
There are 3 Blocked actors, 0 Stopped actors, and 4 active threads.
Waiting for actors to stop.
Sent output token with value 0.0
Next port to read input from is inputA
Called postfire()
Called prefire()
Called fire()
Called postfire()
Called prefire()
Called fire()
Checking for deadlock:
There are 3 Blocked actors, 0 Stopped actors, and 4 active threads.
Waiting for actors to stop.
Read input token from inputA with value 1.0
Checking for deadlock:
There are 2 Blocked actors, 0 Stopped actors, and 4 active threads.
Waiting for actors to stop.
-- Read input: 0.0, which is expected to match: 0.0
Called prefire()
Called fire()
Sent output token with value 0.0
Next port to read input from is inputB
Called postfire()
Called prefire()
Called fire()
Read input token from inputB with value 1.5
Sent output token with value 1.0
Next port to read input from is inputA
Called postfire()
Called prefire()
Called fire()
Checking for deadlock:
There are 1 Blocked actors, 0 Stopped actors, and 4 active threads.
Waiting for actors to stop.
Called postfire()
Read input token from inputA with value 2.0
Called postfire()
Called prefire()
Called fire()
-- Read input: 1.0, which is expected to match: 1.0
Called prefire()
Called fire()
Called prefire()
Called fire()
Checking for deadlock:
There are 2 Blocked actors, 0 Stopped actors, and 4 active threads.
Waiting for actors to stop.
Sent output token with value 1.5
Next port to read input from is inputB
Called postfire()
Called prefire()
Called fire()
Read input token from inputB with value 3.0
Checking for deadlock:
There are 2 Blocked actors, 0 Stopped actors, and 4 active threads.
Waiting for actors to stop.
-- Read input: 1.5, which is expected to match: 1.5
Called postfire()
Called prefire()
Called prefire()
Checking for deadlock:
Called fire()
Called fire()
There are 1 Blocked actors, 0 Stopped actors, and 4 active threads.
Waiting for actors to stop.
-- Read input: 2.0, which is expected to match: 2.0
Called prefire()
Called fire()
Checking for deadlock:
There are 3 Blocked actors, 0 Stopped actors, and 4 active threads.
Waiting for actors to stop.
Sent output token with value 2.0
Next port to read input from is inputA
Called postfire()
Called prefire()
Called fire()
Called postfire()
Called prefire()
Called fire()
Checking for deadlock:
There are 3 Blocked actors, 0 Stopped actors, and 4 active threads.
Waiting for actors to stop.
Read input token from inputA with value 3.0
Checking for deadlock:
There are 2 Blocked actors, 0 Stopped actors, and 4 active threads.
Waiting for actors to stop.
-- Read input: 3.0, which is expected to match: 3.0
Called prefire()
Called fire()
Sent output token with value 3.0
Next port to read input from is inputB
Called postfire()
Called prefire()
Called fire()
Read input token from inputB with value 4.5
Sent output token with value 3.0
Next port to read input from is inputA
Called postfire()
Called prefire()
Called fire()
Read input token from inputA with value 4.0
Checking for deadlock:
There are 1 Blocked actors, 0 Stopped actors, and 4 active threads.
Waiting for actors to stop.
Called postfire()
Called postfire()
Called prefire()
Called fire()
-- Read input: 3.0, which is expected to match: 3.0
Called prefire()
Called fire()
Called prefire()
Called fire()
Checking for deadlock:
There are 2 Blocked actors, 0 Stopped actors, and 4 active threads.
Waiting for actors to stop.
-- Read input: 4.0, which is expected to match: 4.0
Called prefire()
Called fire()
Past the end of training data. Read and discard all inputs.
Checking for deadlock:
There are 3 Blocked actors, 0 Stopped actors, and 4 active threads.
Waiting for actors to stop.
Sent output token with value 4.0
Next port to read input from is inputA
Called postfire()
Called prefire()
Called fire()
Checking for deadlock:
There are 2 Blocked actors, 0 Stopped actors, and 4 active threads.
Waiting for actors to stop.
Called postfire()
Called prefire()
Called fire()
Checking for deadlock:
There are 3 Blocked actors, 0 Stopped actors, and 4 active threads.
Waiting for actors to stop.
Read input token from inputA with value 5.0
Sent output token with value 4.5
Next port to read input from is inputB
Called postfire()
Called prefire()
Called fire()
Read input token from inputB with value 6.0
Checking for deadlock:
There are 2 Blocked actors, 0 Stopped actors, and 4 active threads.
Waiting for actors to stop.
Called prefire()
Called postfire()
Checking for deadlock:
Called fire()
Past the end of training data. Read and discard all inputs.
Called prefire()
Called fire()
There are 1 Blocked actors, 0 Stopped actors, and 4 active threads.
Waiting for actors to stop.
Sent output token with value 5.0
Next port to read input from is inputA
Called postfire()
Called prefire()
Called fire()
Read input token from inputA with value 6.0
Checking for deadlock:
There are 2 Blocked actors, 0 Stopped actors, and 4 active threads.
Waiting for actors to stop.
Called postfire()
Called prefire()
Called prefire()
Called fire()
Called fire()
Past the end of training data. Read and discard all inputs.
Checking for deadlock:
There are 3 Blocked actors, 0 Stopped actors, and 4 active threads.
Waiting for actors to stop.
Called prefire()
Called fire()
Past the end of training data. Read and discard all inputs.
Checking for deadlock:
There are 3 Blocked actors, 0 Stopped actors, and 4 active threads.
Waiting for actors to stop.
Sent output token with value 6.0
Next port to read input from is inputB
Called postfire()
Called prefire()
Called fire()
Checking for deadlock:
There are 2 Blocked actors, 0 Stopped actors, and 4 active threads.
Waiting for actors to stop.
Called postfire()
Called prefire()
Called fire()
Checking for deadlock:
There are 3 Blocked actors, 0 Stopped actors, and 4 active threads.
Waiting for actors to stop.
Read input token from inputB with value 7.5
Checking for deadlock:
There are 2 Blocked actors, 0 Stopped actors, and 4 active threads.
Waiting for actors to stop.
Called prefire()
Called fire()
Past the end of training data. Read and discard all inputs.
Checking for deadlock:
There are 3 Blocked actors, 0 Stopped actors, and 4 active threads.
Waiting for actors to stop.
Sent output token with value 6.0
Next port to read input from is inputA
Called postfire()
Called prefire()
Called fire()
Checking for deadlock:
There are 2 Blocked actors, 0 Stopped actors, and 4 active threads.
Waiting for actors to stop.
Called postfire()
Called prefire()
Called fire()
Checking for deadlock:
There are 3 Blocked actors, 0 Stopped actors, and 4 active threads.
Waiting for actors to stop.
Read input token from inputA with value 7.0
Called prefire()
Called fire()
Past the end of training data. Read and discard all inputs.
Checking for deadlock:
There are 3 Blocked actors, 0 Stopped actors, and 4 active threads.
Waiting for actors to stop.
Sent output token with value 7.0
Next port to read input from is inputA
Called postfire()
Called prefire()
Called fire()
-- Thread wrapup() called.
Called wrapup()
Thread .top.Ramp is exiting.
-- Thread stopped.
Checking for deadlock:
There are 2 Blocked actors, 0 Stopped actors, and 3 active threads.
Waiting for actors to stop.
Read input token from inputA with value 8.0
Called prefire()
Called fire()
Past the end of training data. Read and discard all inputs.
Checking for deadlock:
There are 2 Blocked actors, 0 Stopped actors, and 3 active threads.
Waiting for actors to stop.
Sent output token with value 7.5
Next port to read input from is inputB
Called postfire()
Called prefire()
Called fire()
Called postfire()
Called prefire()
Called fire()
Checking for deadlock:
There are 2 Blocked actors, 0 Stopped actors, and 3 active threads.
Waiting for actors to stop.
Read input token from inputB with value 9.0
Called prefire()
Called fire()
Past the end of training data. Read and discard all inputs.
Checking for deadlock:
There are 2 Blocked actors, 0 Stopped actors, and 3 active threads.
Waiting for actors to stop.
Sent output token with value 8.0
Next port to read input from is inputA
Called postfire()
Called prefire()
Called fire()
Read input token from inputA with value 9.0
Called prefire()
Called fire()
Past the end of training data. Read and discard all inputs.
Checking for deadlock:
There are 2 Blocked actors, 0 Stopped actors, and 3 active threads.
Waiting for actors to stop.
Sent output token with value 9.0
Next port to read input from is inputB
Called postfire()
Called prefire()
Called fire()
Checking for deadlock:
There are 1 Blocked actors, 0 Stopped actors, and 3 active threads.
Waiting for actors to stop.
Called postfire()
Called prefire()
Called fire()
Checking for deadlock:
There are 2 Blocked actors, 0 Stopped actors, and 3 active threads.
Waiting for actors to stop.
Read input token from inputB with value 10.5
Checking for deadlock:
There are 1 Blocked actors, 0 Stopped actors, and 3 active threads.
Waiting for actors to stop.
Called prefire()
Called fire()
Past the end of training data. Read and discard all inputs.
Checking for deadlock:
There are 2 Blocked actors, 0 Stopped actors, and 3 active threads.
Waiting for actors to stop.
Sent output token with value 9.0
Next port to read input from is inputA
Called postfire()
Called prefire()
Called fire()
Checking for deadlock:
There are 3 Blocked actors, 0 Stopped actors, and 3 active threads.
Actors have stopped.
Checking for deadlock:
There are 3 Blocked actors, 0 Stopped actors, and 3 active threads.
Deadlock detected.
Resolving Deadlock
Checking for deadlock:
There are 3 Blocked actors, 0 Stopped actors, and 3 active threads.
Artificial Deadlock - increasing queue capacity.
increasing the capacity of receiver ptolemy.actor.TypedIOPort {.top.OrderedMerge.inputB} to 2
-- Thread wrapup() called.
Called wrapup()
Thread .top.Ramp2 is exiting.
-- Thread stopped.
Director: Called postfire().
Called postfire().
_stopRequested = false
_stopFireRequested = false
Returning from postfire(): true
Called fire().
Checking for deadlock:
There are 2 Blocked actors, 0 Stopped actors, and 2 active threads.
Actors have stopped.
Checking for deadlock:
There are 2 Blocked actors, 0 Stopped actors, and 2 active threads.
Deadlock detected.
Resolving Deadlock
Checking for deadlock:
There are 2 Blocked actors, 0 Stopped actors, and 2 active threads.
Deadlock detected: no processes blocked on write, but some are blocked on read.
Called postfire().
_stopRequested = false
_stopFireRequested = false
Returning from postfire(): false
Finished deactivating branches.
Called wrapup().
-- Thread wrapup() called.
Called wrapup()
Thread .top.Test is exiting.
-- Thread stopped.
-- Blocked Receiver call threw TerminateProcessException.
-- Thread wrapup() called.
Called wrapup()
Thread .top.OrderedMerge is exiting.
-- Thread stopped.
-- Blocked Receiver call threw TerminateProcessException.
67 ms. Memory: 129024K Free: 61311K (48%)
.top. Preinitializing ...
Invoking preinitialize():  .top.OrderedMerge
Called preinitialize()
Invoking preinitialize():  .top.Ramp
Called preinitialize()
Invoking preinitialize():  .top.Ramp2
Called preinitialize()
Invoking preinitialize():  .top.Test
Called preinitialize()
.top. Finished preinitialize().
Called initialize().
Invoking initialize():  .top.OrderedMerge
Initializing actor: .top.OrderedMerge
Adding a thread: .top.OrderedMerge
Invoking initialize():  .top.Ramp
Initializing actor: .top.Ramp
Adding a thread: .top.Ramp
Invoking initialize():  .top.Ramp2
Initializing actor: .top.Ramp2
Adding a thread: .top.Ramp2
Invoking initialize():  .top.Test
Initializing actor: .top.Test
Adding a thread: .top.Test
-- Starting thread.
Called initialize()
Called prefire()
Called fire()
-- Starting thread.
Called initialize()
Called prefire()
Called fire()
Called postfire()
Called prefire()
Called fire()
-- Starting thread.
Called initialize()
Called prefire()
Called fire()
Called postfire()
Called prefire()
Called fire()
Called fire().
Checking for deadlock:
There are 3 Blocked actors, 0 Stopped actors, and 4 active threads.
Waiting for actors to stop.
-- Starting thread.
Called initialize()
Called prefire()
Called fire()
Called postfire()
Called prefire()
Called fire()
Read input token from inputA with value 0.0
Checking for deadlock:
There are 3 Blocked actors, 0 Stopped actors, and 4 active threads.
Waiting for actors to stop.
Next port to read input from is inputB
Called postfire()
Called prefire()
Called fire()
Read input token from inputB with value 0.0
Called postfire()
Called prefire()
Called fire()
Sent output token with value 0.0
Checking for deadlock:
There are 2 Blocked actors, 0 Stopped actors, and 4 active threads.
Next port to read input from is inputA
Called postfire()
Waiting for actors to stop.
Called prefire()
Called fire()
-- Read input: 0.0, which is expected to match: 0.0
Called prefire()
Called fire()
Called postfire()
Called prefire()
Called fire()
Checking for deadlock:
There are 3 Blocked actors, 0 Stopped actors, and 4 active threads.
Waiting for actors to stop.
Read input token from inputA with value 1.0
Sent output token with value 0.0
-- Read input: 0.0, which is expected to match: 0.0
Next port to read input from is inputB
Called postfire()
Called prefire()
Called fire()
Called prefire()
Called fire()
Read input token from inputB with value 1.5
Called postfire()
Called prefire()
Called fire()
Sent output token with value 1.0
Checking for deadlock:
Next port to read input from is inputA
There are 2 Blocked actors, 0 Stopped actors, and 4 active threads.
Waiting for actors to stop.
Called postfire()
Called prefire()
Called fire()
Read input token from inputA with value 2.0
-- Read input: 1.0, which is expected to match: 1.0
Called prefire()
Called fire()
Sent output token with value 1.5
-- Read input: 1.5, which is expected to match: 1.5
Called prefire()
Called fire()
Called postfire()
Called prefire()
Called fire()
Checking for deadlock:
There are 3 Blocked actors, 0 Stopped actors, and 4 active threads.
Waiting for actors to stop.
Next port to read input from is inputB
Called postfire()
Called prefire()
Called fire()
Read input token from inputB with value 3.0
Called postfire()
Called prefire()
Sent output token with value 2.0
Called fire()
Next port to read input from is inputA
Called postfire()
Checking for deadlock:
Called prefire()
There are 2 Blocked actors, 0 Stopped actors, and 4 active threads.
Waiting for actors to stop.
Called fire()
Read input token from inputA with value 3.0
-- Read input: 2.0, which is expected to match: 2.0
Called prefire()
Sent output token with value 3.0
Called postfire()
Next port to read input from is inputB
Called postfire()
Called fire()
Called prefire()
Called fire()
Checking for deadlock:
There are 1 Blocked actors, 0 Stopped actors, and 4 active threads.
Waiting for actors to stop.
Called prefire()
Called fire()
Called postfire()
Called prefire()
Called fire()
Checking for deadlock:
There are 2 Blocked actors, 0 Stopped actors, and 4 active threads.
Waiting for actors to stop.
Read input token from inputB with value 4.5
-- Read input: 3.0, which is expected to match: 3.0
Sent output token with value 3.0
Called prefire()
Called fire()
Next port to read input from is inputA
Called postfire()
Called prefire()
Called fire()
-- Read input: 3.0, which is expected to match: 3.0
Called prefire()
Called fire()
Read input token from inputA with value 4.0
Called postfire()
Called prefire()
Sent output token with value 4.0
Called fire()
Next port to read input from is inputA
Called postfire()
Called prefire()
Checking for deadlock:
Called fire()
There are 2 Blocked actors, 0 Stopped actors, and 4 active threads.
Waiting for actors to stop.
Read input token from inputA with value 5.0
-- Read input: 4.0, which is expected to match: 4.0
Called prefire()
Sent output token with value 4.5
Called fire()
Past the end of training data. Read and discard all inputs.
Next port to read input from is inputB
Called postfire()
Called prefire()
Called fire()
Called prefire()
Called fire()
Checking for deadlock:
There are 1 Blocked actors, 0 Stopped actors, and 4 active threads.
Waiting for actors to stop.
Past the end of training data. Read and discard all inputs.
Called postfire()
Called prefire()
Called fire()
Checking for deadlock:
There are 2 Blocked actors, 0 Stopped actors, and 4 active threads.
Waiting for actors to stop.
Called postfire()
Called prefire()
Called fire()
Checking for deadlock:
There are 3 Blocked actors, 0 Stopped actors, and 4 active threads.
Waiting for actors to stop.
Read input token from inputB with value 6.0
Called prefire()
Called fire()
Past the end of training data. Read and discard all inputs.
Checking for deadlock:
There are 3 Blocked actors, 0 Stopped actors, and 4 active threads.
Waiting for actors to stop.
Sent output token with value 5.0
Next port to read input from is inputA
Called postfire()
Called prefire()
Called fire()
Checking for deadlock:
There are 2 Blocked actors, 0 Stopped actors, and 4 active threads.
Waiting for actors to stop.
Called postfire()
Called prefire()
Called fire()
Checking for deadlock:
There are 3 Blocked actors, 0 Stopped actors, and 4 active threads.
Waiting for actors to stop.
Read input token from inputA with value 6.0
Checking for deadlock:
There are 2 Blocked actors, 0 Stopped actors, and 4 active threads.
Waiting for actors to stop.
Called prefire()
Called fire()
Past the end of training data. Read and discard all inputs.
Checking for deadlock:
There are 3 Blocked actors, 0 Stopped actors, and 4 active threads.
Waiting for actors to stop.
Sent output token with value 6.0
Next port to read input from is inputB
Called postfire()
Called prefire()
Called fire()
Checking for deadlock:
There are 2 Blocked actors, 0 Stopped actors, and 4 active threads.
Waiting for actors to stop.
Called postfire()
Called prefire()
Called fire()
Read input token from inputB with value 7.5
Checking for deadlock:
There are 3 Blocked actors, 0 Stopped actors, and 4 active threads.
Waiting for actors to stop.
Checking for deadlock:
There are 2 Blocked actors, 0 Stopped actors, and 4 active threads.
Sent output token with value 6.0
Waiting for actors to stop.
Called prefire()
Called fire()
Next port to read input from is inputA
Called postfire()
Past the end of training data. Read and discard all inputs.
Called prefire()
Called fire()
Checking for deadlock:
There are 3 Blocked actors, 0 Stopped actors, and 4 active threads.
Waiting for actors to stop.
Checking for deadlock:
There are 2 Blocked actors, 0 Stopped actors, and 4 active threads.
Read input token from inputA with value 7.0
Waiting for actors to stop.
Called postfire()
Checking for deadlock:
There are 1 Blocked actors, 0 Stopped actors, and 4 active threads.
Waiting for actors to stop.
Called prefire()
Called fire()
Sent output token with value 7.0
Called prefire()
Past the end of training data. Read and discard all inputs.
Called fire()
Checking for deadlock:
There are 2 Blocked actors, 0 Stopped actors, and 4 active threads.
Next port to read input from is inputA
Called postfire()
Waiting for actors to stop.
Called prefire()
Called fire()
Checking for deadlock:
There are 3 Blocked actors, 0 Stopped actors, and 4 active threads.
Waiting for actors to stop.
Checking for deadlock:
Read input token from inputA with value 8.0
There are 2 Blocked actors, 0 Stopped actors, and 4 active threads.
Waiting for actors to stop.
Checking for deadlock:
There are 1 Blocked actors, 0 Stopped actors, and 4 active threads.
Waiting for actors to stop.
Sent output token with value 7.5
-- Thread wrapup() called.
Called wrapup()
Called prefire()
Called fire()
Thread .top.Ramp is exiting.
Past the end of training data. Read and discard all inputs.
-- Thread stopped.
Checking for deadlock:
There are 2 Blocked actors, 0 Stopped actors, and 3 active threads.
Waiting for actors to stop.
Next port to read input from is inputB
Called postfire()
Called prefire()
Called fire()
Checking for deadlock:
Read input token from inputB with value 9.0
There are 1 Blocked actors, 0 Stopped actors, and 3 active threads.
Waiting for actors to stop.
Checking for deadlock:
Called postfire()
Called prefire()
There are 0 Blocked actors, 0 Stopped actors, and 3 active threads.
Waiting for actors to stop.
Called fire()
Called prefire()
Called fire()
Past the end of training data. Read and discard all inputs.
Sent output token with value 8.0
Checking for deadlock:
There are 2 Blocked actors, 0 Stopped actors, and 3 active threads.
Next port to read input from is inputA
Called postfire()
Called prefire()
Waiting for actors to stop.
Called fire()
Read input token from inputA with value 9.0
Called prefire()
Sent output token with value 9.0
Called fire()
Past the end of training data. Read and discard all inputs.
Next port to read input from is inputB
Called postfire()
Checking for deadlock:
Called prefire()
Called fire()
There are 2 Blocked actors, 0 Stopped actors, and 3 active threads.
Waiting for actors to stop.
Checking for deadlock:
There are 1 Blocked actors, 0 Stopped actors, and 3 active threads.
Waiting for actors to stop.
Read input token from inputB with value 10.5
Called postfire()
Called prefire()
Called fire()
Checking for deadlock:
There are 2 Blocked actors, 0 Stopped actors, and 3 active threads.
Waiting for actors to stop.
Sent output token with value 9.0
Called prefire()
Called fire()
Past the end of training data. Read and discard all inputs.
Next port to read input from is inputA
Called postfire()
Called prefire()
Checking for deadlock:
Called fire()
There are 2 Blocked actors, 0 Stopped actors, and 3 active threads.
Waiting for actors to stop.
Checking for deadlock:
There are 3 Blocked actors, 0 Stopped actors, and 3 active threads.
Actors have stopped.
Checking for deadlock:
There are 3 Blocked actors, 0 Stopped actors, and 3 active threads.
Deadlock detected.
Resolving Deadlock
Checking for deadlock:
There are 3 Blocked actors, 0 Stopped actors, and 3 active threads.
Artificial Deadlock - increasing queue capacity.
increasing the capacity of receiver ptolemy.actor.TypedIOPort {.top.OrderedMerge.inputB} to 2
Director: Called postfire().
Called postfire().
_stopRequested = false
_stopFireRequested = false
Returning from postfire(): true
Called fire().
Checking for deadlock:
There are 2 Blocked actors, 0 Stopped actors, and 3 active threads.
Waiting for actors to stop.
-- Thread wrapup() called.
Called wrapup()
Thread .top.Ramp2 is exiting.
-- Thread stopped.
Checking for deadlock:
There are 2 Blocked actors, 0 Stopped actors, and 2 active threads.
Actors have stopped.
Checking for deadlock:
There are 2 Blocked actors, 0 Stopped actors, and 2 active threads.
Deadlock detected.
Resolving Deadlock
Checking for deadlock:
There are 2 Blocked actors, 0 Stopped actors, and 2 active threads.
Deadlock detected: no processes blocked on write, but some are blocked on read.
Called postfire().
_stopRequested = false
_stopFireRequested = false
Returning from postfire(): false
Finished deactivating branches.
Called wrapup().
-- Thread wrapup() called.
Called wrapup()
Thread .top.OrderedMerge is exiting.
-- Thread stopped.
-- Blocked Receiver call threw TerminateProcessException.
-- Thread wrapup() called.
Called wrapup()
Thread .top.Test is exiting.
-- Thread stopped.
-- Blocked Receiver call threw TerminateProcessException.
33 ms. Memory: 129024K Free: 58753K (46%)
/home/travis/build/icyphy/ptII/ptolemy/actor/lib/test/Publisher.tcl
22 ms. Memory: 129024K Free: 52609K (41%)
9 ms. Memory: 129024K Free: 108830K (84%)
8 ms. Memory: 129024K Free: 105238K (82%)
4 ms. Memory: 129024K Free: 104220K (81%)
3 ms. Memory: 129024K Free: 103710K (80%)
11 ms. Memory: 129024K Free: 102686K (80%)
2 ms. Memory: 129024K Free: 101662K (79%)
4 ms. Memory: 129024K Free: 101134K (78%)
15 ms. Memory: 129024K Free: 90908K (70%)
4 ms. Memory: 129024K Free: 87326K (68%)
2 ms. Memory: 129024K Free: 86302K (67%)
3 ms. Memory: 129024K Free: 84254K (65%)
5 ms. Memory: 129024K Free: 76566K (59%)
5 ms. Memory: 129024K Free: 66846K (52%)
5 ms. Memory: 129024K Free: 56092K (43%)
/home/travis/build/icyphy/ptII/ptolemy/actor/lib/test/Pulse.tcl
3 ms. Memory: 155648K Free: 118715K (76%)
9 ms. Memory: 155648K Free: 118219K (76%)
2 ms. Memory: 155648K Free: 117705K (76%)
6 ms. Memory: 155648K Free: 117195K (75%)
1 ms. Memory: 155648K Free: 116681K (75%)
6 ms. Memory: 155648K Free: 115657K (74%)
3 ms. Memory: 155648K Free: 114627K (74%)
1 ms. Memory: 155648K Free: 113603K (73%)
1 ms. Memory: 155648K Free: 113099K (73%)
/home/travis/build/icyphy/ptII/ptolemy/actor/lib/test/Ramp.tcl
3 ms. Memory: 155648K Free: 111051K (71%)
2 ms. Memory: 155648K Free: 110537K (71%)
1 ms. Memory: 155648K Free: 109513K (70%)
2 ms. Memory: 155648K Free: 109003K (70%)
3 ms. Memory: 155648K Free: 107979K (69%)
4 ms. Memory: 155648K Free: 106955K (69%)
5 ms. Memory: 155648K Free: 106435K (68%)
5 actors
5000 microseconds per iteration to create
4 ms. Memory: 155648K Free: 103355K (66%)
2 ms. Memory: 155648K Free: 102859K (66%)
2 ms. Memory: 155648K Free: 102339K (66%)
2 ms. Memory: 155648K Free: 101835K (65%)
50 actors
31000 microseconds per iteration to create
31 ms. Memory: 155648K Free: 85931K (55%)
5 ms. Memory: 155648K Free: 84931K (55%)
12 ms. Memory: 155648K Free: 83899K (54%)
5 ms. Memory: 155648K Free: 82859K (53%)
500 actors
1326000 microseconds per iteration to create
199 ms. Memory: 155648K Free: 87778K (56%)
30 ms. Memory: 155648K Free: 82148K (53%)
30 ms. Memory: 155648K Free: 77028K (49%)
30 ms. Memory: 155648K Free: 71908K (46%)
/home/travis/build/icyphy/ptII/ptolemy/actor/lib/test/RampContinuous.tcl
6 ms. Memory: 155648K Free: 70355K (45%)
/home/travis/build/icyphy/ptII/ptolemy/actor/lib/test/RecordAssembler.tcl
3 ms. Memory: 155648K Free: 68836K (44%)
2 ms. Memory: 155648K Free: 67812K (44%)
/home/travis/build/icyphy/ptII/ptolemy/actor/lib/test/RecordDisassembler.tcl
4 ms. Memory: 155648K Free: 65764K (42%)
2 ms. Memory: 155648K Free: 65235K (42%)
3 ms. Memory: 155648K Free: 63716K (41%)
/home/travis/build/icyphy/ptII/ptolemy/actor/lib/test/Scale.tcl
2 ms. Memory: 155648K Free: 62163K (40%)
1 ms. Memory: 155648K Free: 61154K (39%)
1 ms. Memory: 155648K Free: 60644K (39%)
2 ms. Memory: 155648K Free: 59620K (38%)
2 ms. Memory: 155648K Free: 59106K (38%)
/home/travis/build/icyphy/ptII/ptolemy/actor/lib/test/SequentialClock.tcl
preinitializing
resolving types
initializing
executing number 1
wrapping up
idle
2 ms. Memory: 155648K Free: 57572K (37%)
Completed execution with 5 iterations
preinitializing
resolving types
initializing
executing number 1
wrapping up
idle
2 ms. Memory: 155648K Free: 57043K (37%)
Completed execution with 5 iterations
preinitializing
resolving types
initializing
executing number 1
wrapping up
idle
2 ms. Memory: 155648K Free: 56548K (36%)
Completed execution with 5 iterations
/home/travis/build/icyphy/ptII/ptolemy/actor/lib/test/SetVariable.tcl
4 ms. Memory: 155648K Free: 54500K (35%)


==== $PTII/ptolemy/actor/lib/test/SetVariable.tcl: SetVariable-3.1 changeFailed
==== Contents of test case:

    #Uses 2.1 above
    jdkCaptureErr {
        # This test was failing if we ran Exit.tcl and then this test.
        # MessageHandler.error() now actually throws the Exception.
	catch {$setVariable changeFailed [java::null]  [java::new Exception {Test exception for SetVariable.changeFailed()}]} errMsg
    } results
    list [string range $results 0 89] "\n" $errMsg

==== Result was:
{java.lang.Exception: Test exception for SetVariable.changeFailed()
	at java.base/jdk.inter} {
} {java.lang.RuntimeException: java.lang.Exception: Test exception for SetVariable.changeFailed()}
---- Result should have been:
{Failed to set variable.
java.lang.Exception: Test exception for SetVariable.changeFailed()} {
} {java.lang.RuntimeException: java.lang.Exception: Test exception for SetVariable.changeFailed()}
---- SetVariable-3.1 FAILED
/home/travis/build/icyphy/ptII/ptolemy/actor/lib/test/Sinewave.tcl
/home/travis/build/icyphy/ptII/ptolemy/actor/lib/test/SubscriptionAggregator.tcl
4 ms. Memory: 155648K Free: 126634K (81%)
2 ms. Memory: 155648K Free: 126124K (81%)
1 ms. Memory: 155648K Free: 125610K (81%)
0 ms. Memory: 155648K Free: 125100K (80%)
2 ms. Memory: 155648K Free: 121499K (78%)
8 ms. Memory: 155648K Free: 119466K (77%)
...............................................................911 ms. Memory: 262144K Free: 183507K (70%)
/home/travis/build/icyphy/ptII/ptolemy/actor/lib/test/Test.tcl
 The next command will produce a warning about training mode,
   which may be ignored.
5 ms. Memory: 262144K Free: 181472K (69%)
13 ms. Memory: 262144K Free: 180976K (69%)
1 ms. Memory: 262144K Free: 179952K (69%)
1 ms. Memory: 262144K Free: 179424K (68%)
2 ms. Memory: 262144K Free: 178928K (68%)
3 ms. Memory: 262144K Free: 177904K (68%)
7 ms. Memory: 262144K Free: 176352K (67%)
 The next command will produce a warning about training mode,
   which may be ignored.
12 ms. Memory: 262144K Free: 173808K (66%)
 The next command will produce a warning about training mode,
   which may be ignored.
3 ms. Memory: 262144K Free: 172784K (66%)
1 ms. Memory: 262144K Free: 172240K (66%)
1 ms. Memory: 262144K Free: 171760K (66%)
2 ms. Memory: 262144K Free: 171232K (65%)
7 ms. Memory: 262144K Free: 170222K (65%)
5 ms. Memory: 262144K Free: 166640K (64%)
/home/travis/build/icyphy/ptII/ptolemy/actor/lib/test/TestExceptionHandler.tcl
 The next command will produce a warning about training mode,
   which may be ignored.
3 ms. Memory: 262144K Free: 165096K (63%)
1 ms. Memory: 262144K Free: 164592K (63%)
1 ms. Memory: 262144K Free: 164064K (63%)
/home/travis/build/icyphy/ptII/ptolemy/actor/lib/test/UnionDisassembler.tcl
25 ms. Memory: 262144K Free: 156910K (60%)
/home/travis/build/icyphy/ptII/ptolemy/actor/lib/test/VariableClock.tcl
preinitializing
resolving types
initializing
executing number 1
wrapping up
idle
8 ms. Memory: 262144K Free: 155376K (59%)
Completed execution with 11 iterations
preinitializing
resolving types
initializing
executing number 1
wrapping up
idle
3 ms. Memory: 262144K Free: 153824K (59%)
Completed execution with 10 iterations
12/27/19 06:28:41
Failed: 1  Total Tests: 234  ((Passed: 233, Newly Passed: 0)  Known Failed: 0) /home/travis/build/icyphy/ptII/ptolemy/actor/lib/test
----------------- testing (KnownFailure) /home/travis/build/icyphy/ptII/ptolemy/actor/lib/test/auto/knownFailedTests/PublisherPortToplevelSubscriber.xml
1 ms. Memory: 262144K Free: 150256K (57%)
Known Failure: java.lang.reflect.InvocationTargetException
----------------- testing (KnownFailure) /home/travis/build/icyphy/ptII/ptolemy/actor/lib/test/auto/knownFailedTests/PublisherSubscriberPortToplevel.xml
0 ms. Memory: 262144K Free: 146670K (56%)
Known Failure: java.lang.reflect.InvocationTargetException
----------------- testing (KnownFailure) /home/travis/build/icyphy/ptII/ptolemy/actor/lib/test/auto/knownFailedTests/PublisherSubscriptionAggregatorPort.xml
1 ms. Memory: 262144K Free: 142064K (54%)
Known Failure: java.lang.reflect.InvocationTargetException
----------------- testing (KnownFailure) /home/travis/build/icyphy/ptII/ptolemy/actor/lib/test/auto/knownFailedTests/sizedarray3.xml
9 ms. Memory: 262144K Free: 137968K (53%)
Known Failure: java.lang.reflect.InvocationTargetException
No auto/linux-amd64/*.xml tests in /home/travis/build/icyphy/ptII/ptolemy/actor/lib/test
AutoTests.java: About to close Vertx.
AutoTests.java: Vertx closed.

===========================================================================================
----------------- testing Fri Dec 27 06:28:41 UTC 2019 /home/travis/build/icyphy/ptII/ptolemy/actor/lib/test/auto/AbsoluteValue.xml
----------------- Instantiating /home/travis/build/icyphy/ptII/ptolemy/actor/lib/test/auto/AbsoluteValue.xml
6 ms. Memory: 262144K Free: 114416K (44%)
----------------- Invoking toplevel() on ptolemy.moml.MoMLSimpleApplication@5c9d0be6
----------------- Done invoking toplevel() on ptolemy.moml.MoMLSimpleApplication@5c9d0be6
reloadAllAccessors: .AbsoluteValue

===========================================================================================
----------------- testing Fri Dec 27 06:28:41 UTC 2019 /home/travis/build/icyphy/ptII/ptolemy/actor/lib/test/auto/AbsoluteValue2.xml
----------------- Instantiating /home/travis/build/icyphy/ptII/ptolemy/actor/lib/test/auto/AbsoluteValue2.xml
4 ms. Memory: 262144K Free: 107758K (41%)
----------------- Invoking toplevel() on ptolemy.moml.MoMLSimpleApplication@6f16f788
----------------- Done invoking toplevel() on ptolemy.moml.MoMLSimpleApplication@6f16f788
reloadAllAccessors: .AbsoluteValue2

===========================================================================================
----------------- testing Fri Dec 27 06:28:41 UTC 2019 /home/travis/build/icyphy/ptII/ptolemy/actor/lib/test/auto/Accumulator.xml
----------------- Instantiating /home/travis/build/icyphy/ptII/ptolemy/actor/lib/test/auto/Accumulator.xml
7 ms. Memory: 262144K Free: 101614K (39%)
----------------- Invoking toplevel() on ptolemy.moml.MoMLSimpleApplication@31cd1a77
----------------- Done invoking toplevel() on ptolemy.moml.MoMLSimpleApplication@31cd1a77
reloadAllAccessors: .Accumulator

===========================================================================================
----------------- testing Fri Dec 27 06:28:42 UTC 2019 /home/travis/build/icyphy/ptII/ptolemy/actor/lib/test/auto/Accumulator2.xml
----------------- Instantiating /home/travis/build/icyphy/ptII/ptolemy/actor/lib/test/auto/Accumulator2.xml
3 ms. Memory: 262144K Free: 95984K (37%)
----------------- Invoking toplevel() on ptolemy.moml.MoMLSimpleApplication@c795f40
----------------- Done invoking toplevel() on ptolemy.moml.MoMLSimpleApplication@c795f40
reloadAllAccessors: .Accumulator2

===========================================================================================
----------------- testing Fri Dec 27 06:28:42 UTC 2019 /home/travis/build/icyphy/ptII/ptolemy/actor/lib/test/auto/Accumulator3.xml
----------------- Instantiating /home/travis/build/icyphy/ptII/ptolemy/actor/lib/test/auto/Accumulator3.xml
6 ms. Memory: 262144K Free: 91888K (35%)
----------------- Invoking toplevel() on ptolemy.moml.MoMLSimpleApplication@112f96e6
----------------- Done invoking toplevel() on ptolemy.moml.MoMLSimpleApplication@112f96e6
reloadAllAccessors: .Accumulator3

===========================================================================================
----------------- testing Fri Dec 27 06:28:42 UTC 2019 /home/travis/build/icyphy/ptII/ptolemy/actor/lib/test/auto/ArrayAppend.xml
----------------- Instantiating /home/travis/build/icyphy/ptII/ptolemy/actor/lib/test/auto/ArrayAppend.xml
4 ms. Memory: 262144K Free: 85744K (33%)
----------------- Invoking toplevel() on ptolemy.moml.MoMLSimpleApplication@3bbe5b3d
----------------- Done invoking toplevel() on ptolemy.moml.MoMLSimpleApplication@3bbe5b3d
reloadAllAccessors: .ArrayAppend

===========================================================================================
----------------- testing Fri Dec 27 06:28:42 UTC 2019 /home/travis/build/icyphy/ptII/ptolemy/actor/lib/test/auto/ArrayAppend2.xml
----------------- Instantiating /home/travis/build/icyphy/ptII/ptolemy/actor/lib/test/auto/ArrayAppend2.xml
486 ms. Memory: 262144K Free: 141619K (54%)
----------------- Invoking toplevel() on ptolemy.moml.MoMLSimpleApplication@619dddee
----------------- Done invoking toplevel() on ptolemy.moml.MoMLSimpleApplication@619dddee
reloadAllAccessors: .ArrayAppend2

===========================================================================================
----------------- testing Fri Dec 27 06:28:42 UTC 2019 /home/travis/build/icyphy/ptII/ptolemy/actor/lib/test/auto/ArrayAppend3.xml
----------------- Instantiating /home/travis/build/icyphy/ptII/ptolemy/actor/lib/test/auto/ArrayAppend3.xml
4 ms. Memory: 262144K Free: 135891K (52%)
----------------- Invoking toplevel() on ptolemy.moml.MoMLSimpleApplication@497337d4
----------------- Done invoking toplevel() on ptolemy.moml.MoMLSimpleApplication@497337d4
reloadAllAccessors: .ArrayAppend3

===========================================================================================
----------------- testing Fri Dec 27 06:28:42 UTC 2019 /home/travis/build/icyphy/ptII/ptolemy/actor/lib/test/auto/ArrayAppend4.xml
----------------- Instantiating /home/travis/build/icyphy/ptII/ptolemy/actor/lib/test/auto/ArrayAppend4.xml
2 ms. Memory: 262144K Free: 130771K (50%)
----------------- Invoking toplevel() on ptolemy.moml.MoMLSimpleApplication@7a43060a
----------------- Done invoking toplevel() on ptolemy.moml.MoMLSimpleApplication@7a43060a
reloadAllAccessors: .ArrayAppend4

===========================================================================================
----------------- testing Fri Dec 27 06:28:42 UTC 2019 /home/travis/build/icyphy/ptII/ptolemy/actor/lib/test/auto/ArrayAppend5.xml
----------------- Instantiating /home/travis/build/icyphy/ptII/ptolemy/actor/lib/test/auto/ArrayAppend5.xml
1 ms. Memory: 262144K Free: 125651K (48%)
----------------- Invoking toplevel() on ptolemy.moml.MoMLSimpleApplication@201b500d
----------------- Done invoking toplevel() on ptolemy.moml.MoMLSimpleApplication@201b500d
reloadAllAccessors: .ArrayAppend5

===========================================================================================
----------------- testing Fri Dec 27 06:28:42 UTC 2019 /home/travis/build/icyphy/ptII/ptolemy/actor/lib/test/auto/ArrayAppend6.xml
----------------- Instantiating /home/travis/build/icyphy/ptII/ptolemy/actor/lib/test/auto/ArrayAppend6.xml
2 ms. Memory: 262144K Free: 121043K (46%)
----------------- Invoking toplevel() on ptolemy.moml.MoMLSimpleApplication@7dff25b1
----------------- Done invoking toplevel() on ptolemy.moml.MoMLSimpleApplication@7dff25b1
reloadAllAccessors: .ArrayAppend6

===========================================================================================
----------------- testing Fri Dec 27 06:28:42 UTC 2019 /home/travis/build/icyphy/ptII/ptolemy/actor/lib/test/auto/ArrayAppendPerformanceTest.xml
----------------- Instantiating /home/travis/build/icyphy/ptII/ptolemy/actor/lib/test/auto/ArrayAppendPerformanceTest.xml
27 ms. Memory: 262144K Free: 109267K (42%)
----------------- Invoking toplevel() on ptolemy.moml.MoMLSimpleApplication@fadfe2f
----------------- Done invoking toplevel() on ptolemy.moml.MoMLSimpleApplication@fadfe2f
reloadAllAccessors: .ArrayAppendPerformanceTest

===========================================================================================
----------------- testing Fri Dec 27 06:28:42 UTC 2019 /home/travis/build/icyphy/ptII/ptolemy/actor/lib/test/auto/ArrayAppendWithEmptyInput.xml
----------------- Instantiating /home/travis/build/icyphy/ptII/ptolemy/actor/lib/test/auto/ArrayAppendWithEmptyInput.xml
11 ms. Memory: 262144K Free: 101589K (39%)
----------------- Invoking toplevel() on ptolemy.moml.MoMLSimpleApplication@16893808
----------------- Done invoking toplevel() on ptolemy.moml.MoMLSimpleApplication@16893808
reloadAllAccessors: .ArrayAppendWithEmptyInput

===========================================================================================
----------------- testing Fri Dec 27 06:28:42 UTC 2019 /home/travis/build/icyphy/ptII/ptolemy/actor/lib/test/auto/ArrayAverage.xml
----------------- Instantiating /home/travis/build/icyphy/ptII/ptolemy/actor/lib/test/auto/ArrayAverage.xml
4 ms. Memory: 262144K Free: 93397K (36%)
----------------- Invoking toplevel() on ptolemy.moml.MoMLSimpleApplication@4c8bc8f0
----------------- Done invoking toplevel() on ptolemy.moml.MoMLSimpleApplication@4c8bc8f0
reloadAllAccessors: .ArrayAverage

===========================================================================================
----------------- testing Fri Dec 27 06:28:42 UTC 2019 /home/travis/build/icyphy/ptII/ptolemy/actor/lib/test/auto/ArrayContains.xml
----------------- Instantiating /home/travis/build/icyphy/ptII/ptolemy/actor/lib/test/auto/ArrayContains.xml
2 ms. Memory: 262144K Free: 87763K (33%)
----------------- Invoking toplevel() on ptolemy.moml.MoMLSimpleApplication@20587e53
----------------- Done invoking toplevel() on ptolemy.moml.MoMLSimpleApplication@20587e53
reloadAllAccessors: .ArrayContains

===========================================================================================
----------------- testing Fri Dec 27 06:28:42 UTC 2019 /home/travis/build/icyphy/ptII/ptolemy/actor/lib/test/auto/ArrayElement.xml
----------------- Instantiating /home/travis/build/icyphy/ptII/ptolemy/actor/lib/test/auto/ArrayElement.xml
3 ms. Memory: 262144K Free: 82613K (32%)
----------------- Invoking toplevel() on ptolemy.moml.MoMLSimpleApplication@57d2abf0
----------------- Done invoking toplevel() on ptolemy.moml.MoMLSimpleApplication@57d2abf0
reloadAllAccessors: .ArrayElement

===========================================================================================
----------------- testing Fri Dec 27 06:28:42 UTC 2019 /home/travis/build/icyphy/ptII/ptolemy/actor/lib/test/auto/ArrayElementAsMatrix.xml
----------------- Instantiating /home/travis/build/icyphy/ptII/ptolemy/actor/lib/test/auto/ArrayElementAsMatrix.xml
16 ms. Memory: 262144K Free: 71893K (27%)
----------------- Invoking toplevel() on ptolemy.moml.MoMLSimpleApplication@686fbdec
----------------- Done invoking toplevel() on ptolemy.moml.MoMLSimpleApplication@686fbdec
reloadAllAccessors: .ArrayElementAsMatrix

===========================================================================================
----------------- testing Fri Dec 27 06:28:43 UTC 2019 /home/travis/build/icyphy/ptII/ptolemy/actor/lib/test/auto/ArrayElementI.xml
----------------- Instantiating /home/travis/build/icyphy/ptII/ptolemy/actor/lib/test/auto/ArrayElementI.xml
4 ms. Memory: 262144K Free: 209561K (80%)
----------------- Invoking toplevel() on ptolemy.moml.MoMLSimpleApplication@19a795b1
----------------- Done invoking toplevel() on ptolemy.moml.MoMLSimpleApplication@19a795b1
reloadAllAccessors: .ArrayElementI

===========================================================================================
----------------- testing Fri Dec 27 06:28:43 UTC 2019 /home/travis/build/icyphy/ptII/ptolemy/actor/lib/test/auto/ArrayExtract.xml
----------------- Instantiating /home/travis/build/icyphy/ptII/ptolemy/actor/lib/test/auto/ArrayExtract.xml
6 ms. Memory: 262144K Free: 200855K (77%)
----------------- Invoking toplevel() on ptolemy.moml.MoMLSimpleApplication@370ff892
----------------- Done invoking toplevel() on ptolemy.moml.MoMLSimpleApplication@370ff892
reloadAllAccessors: .ArrayExtract

===========================================================================================
----------------- testing Fri Dec 27 06:28:43 UTC 2019 /home/travis/build/icyphy/ptII/ptolemy/actor/lib/test/auto/ArrayExtract2.xml
----------------- Instantiating /home/travis/build/icyphy/ptII/ptolemy/actor/lib/test/auto/ArrayExtract2.xml
2 ms. Memory: 262144K Free: 195704K (75%)
----------------- Invoking toplevel() on ptolemy.moml.MoMLSimpleApplication@5daa314
----------------- Done invoking toplevel() on ptolemy.moml.MoMLSimpleApplication@5daa314
reloadAllAccessors: .ArrayExtract2

===========================================================================================
----------------- testing Fri Dec 27 06:28:43 UTC 2019 /home/travis/build/icyphy/ptII/ptolemy/actor/lib/test/auto/ArrayLength.xml
----------------- Instantiating /home/travis/build/icyphy/ptII/ptolemy/actor/lib/test/auto/ArrayLength.xml
2 ms. Memory: 262144K Free: 191639K (73%)
----------------- Invoking toplevel() on ptolemy.moml.MoMLSimpleApplication@27eb65f2
----------------- Done invoking toplevel() on ptolemy.moml.MoMLSimpleApplication@27eb65f2
reloadAllAccessors: .ArrayLength

===========================================================================================
----------------- testing Fri Dec 27 06:28:43 UTC 2019 /home/travis/build/icyphy/ptII/ptolemy/actor/lib/test/auto/ArrayLevelCrossing.xml
----------------- Instantiating /home/travis/build/icyphy/ptII/ptolemy/actor/lib/test/auto/ArrayLevelCrossing.xml
3 ms. Memory: 262144K Free: 183447K (70%)
----------------- Invoking toplevel() on ptolemy.moml.MoMLSimpleApplication@633f9c64
----------------- Done invoking toplevel() on ptolemy.moml.MoMLSimpleApplication@633f9c64
reloadAllAccessors: .ArrayLevelCrossing

===========================================================================================
----------------- testing Fri Dec 27 06:28:43 UTC 2019 /home/travis/build/icyphy/ptII/ptolemy/actor/lib/test/auto/ArrayLevelCrossing2.xml
----------------- Instantiating /home/travis/build/icyphy/ptII/ptolemy/actor/lib/test/auto/ArrayLevelCrossing2.xml
3 ms. Memory: 262144K Free: 175769K (67%)
----------------- Invoking toplevel() on ptolemy.moml.MoMLSimpleApplication@2ed0ad46
----------------- Done invoking toplevel() on ptolemy.moml.MoMLSimpleApplication@2ed0ad46
reloadAllAccessors: .ArrayLevelCrossing2

===========================================================================================
----------------- testing Fri Dec 27 06:28:43 UTC 2019 /home/travis/build/icyphy/ptII/ptolemy/actor/lib/test/auto/ArrayPeakSearch.xml
----------------- Instantiating /home/travis/build/icyphy/ptII/ptolemy/actor/lib/test/auto/ArrayPeakSearch.xml
6 ms. Memory: 262144K Free: 167063K (64%)
----------------- Invoking toplevel() on ptolemy.moml.MoMLSimpleApplication@485e5760
----------------- Done invoking toplevel() on ptolemy.moml.MoMLSimpleApplication@485e5760
reloadAllAccessors: .ArrayPeakSearch

===========================================================================================
----------------- testing Fri Dec 27 06:28:43 UTC 2019 /home/travis/build/icyphy/ptII/ptolemy/actor/lib/test/auto/ArrayPeakSearch2.xml
----------------- Instantiating /home/travis/build/icyphy/ptII/ptolemy/actor/lib/test/auto/ArrayPeakSearch2.xml
9 ms. Memory: 262144K Free: 156313K (60%)
----------------- Invoking toplevel() on ptolemy.moml.MoMLSimpleApplication@62f561db
----------------- Done invoking toplevel() on ptolemy.moml.MoMLSimpleApplication@62f561db
reloadAllAccessors: .ArrayPeakSearch2

===========================================================================================
----------------- testing Fri Dec 27 06:28:43 UTC 2019 /home/travis/build/icyphy/ptII/ptolemy/actor/lib/test/auto/ArrayPeakSearch3.xml
----------------- Instantiating /home/travis/build/icyphy/ptII/ptolemy/actor/lib/test/auto/ArrayPeakSearch3.xml
5 ms. Memory: 262144K Free: 147607K (56%)
----------------- Invoking toplevel() on ptolemy.moml.MoMLSimpleApplication@39f8e911
----------------- Done invoking toplevel() on ptolemy.moml.MoMLSimpleApplication@39f8e911
reloadAllAccessors: .ArrayPeakSearch3

===========================================================================================
----------------- testing Fri Dec 27 06:28:43 UTC 2019 /home/travis/build/icyphy/ptII/ptolemy/actor/lib/test/auto/ArrayRemoveElement.xml
----------------- Instantiating /home/travis/build/icyphy/ptII/ptolemy/actor/lib/test/auto/ArrayRemoveElement.xml
3 ms. Memory: 262144K Free: 139415K (53%)
----------------- Invoking toplevel() on ptolemy.moml.MoMLSimpleApplication@68875458
----------------- Done invoking toplevel() on ptolemy.moml.MoMLSimpleApplication@68875458
reloadAllAccessors: .ArrayRemoveElement

===========================================================================================
----------------- testing Fri Dec 27 06:28:43 UTC 2019 /home/travis/build/icyphy/ptII/ptolemy/actor/lib/test/auto/ArraySort.xml
----------------- Instantiating /home/travis/build/icyphy/ptII/ptolemy/actor/lib/test/auto/ArraySort.xml
5 ms. Memory: 262144K Free: 130713K (50%)
----------------- Invoking toplevel() on ptolemy.moml.MoMLSimpleApplication@4a963a7b
----------------- Done invoking toplevel() on ptolemy.moml.MoMLSimpleApplication@4a963a7b
reloadAllAccessors: .ArraySort

===========================================================================================
----------------- testing Fri Dec 27 06:28:43 UTC 2019 /home/travis/build/icyphy/ptII/ptolemy/actor/lib/test/auto/ArraySum.xml
----------------- Instantiating /home/travis/build/icyphy/ptII/ptolemy/actor/lib/test/auto/ArraySum.xml
4 ms. Memory: 262144K Free: 125079K (48%)
----------------- Invoking toplevel() on ptolemy.moml.MoMLSimpleApplication@6343979c
----------------- Done invoking toplevel() on ptolemy.moml.MoMLSimpleApplication@6343979c
reloadAllAccessors: .ArraySum

===========================================================================================
----------------- testing Fri Dec 27 06:28:43 UTC 2019 /home/travis/build/icyphy/ptII/ptolemy/actor/lib/test/auto/ArrayToElements.xml
----------------- Instantiating /home/travis/build/icyphy/ptII/ptolemy/actor/lib/test/auto/ArrayToElements.xml
8 ms. Memory: 262144K Free: 119959K (46%)
----------------- Invoking toplevel() on ptolemy.moml.MoMLSimpleApplication@379ce536
----------------- Done invoking toplevel() on ptolemy.moml.MoMLSimpleApplication@379ce536
reloadAllAccessors: .ArrayToElements

===========================================================================================
----------------- testing Fri Dec 27 06:28:43 UTC 2019 /home/travis/build/icyphy/ptII/ptolemy/actor/lib/test/auto/ArrayToMatrix.xml
----------------- Instantiating /home/travis/build/icyphy/ptII/ptolemy/actor/lib/test/auto/ArrayToMatrix.xml
18 ms. Memory: 262144K Free: 106137K (40%)
----------------- Invoking toplevel() on ptolemy.moml.MoMLSimpleApplication@6805b446
----------------- Done invoking toplevel() on ptolemy.moml.MoMLSimpleApplication@6805b446
reloadAllAccessors: .ArrayToMatrix

===========================================================================================
----------------- testing Fri Dec 27 06:28:43 UTC 2019 /home/travis/build/icyphy/ptII/ptolemy/actor/lib/test/auto/ArrayUpdate1.xml
----------------- Instantiating /home/travis/build/icyphy/ptII/ptolemy/actor/lib/test/auto/ArrayUpdate1.xml
2 ms. Memory: 262144K Free: 101017K (39%)
----------------- Invoking toplevel() on ptolemy.moml.MoMLSimpleApplication@6e97be2d
----------------- Done invoking toplevel() on ptolemy.moml.MoMLSimpleApplication@6e97be2d
reloadAllAccessors: .ArrayUpdate1

===========================================================================================
----------------- testing Fri Dec 27 06:28:43 UTC 2019 /home/travis/build/icyphy/ptII/ptolemy/actor/lib/test/auto/ArrayUpdate2.xml
----------------- Instantiating /home/travis/build/icyphy/ptII/ptolemy/actor/lib/test/auto/ArrayUpdate2.xml
8 ms. Memory: 262144K Free: 94873K (36%)
----------------- Invoking toplevel() on ptolemy.moml.MoMLSimpleApplication@b7d8b1c
----------------- Done invoking toplevel() on ptolemy.moml.MoMLSimpleApplication@b7d8b1c
reloadAllAccessors: .ArrayUpdate2

===========================================================================================
----------------- testing Fri Dec 27 06:28:43 UTC 2019 /home/travis/build/icyphy/ptII/ptolemy/actor/lib/test/auto/ArrayUpdate3.xml
----------------- Instantiating /home/travis/build/icyphy/ptII/ptolemy/actor/lib/test/auto/ArrayUpdate3.xml
4 ms. Memory: 262144K Free: 89753K (34%)
----------------- Invoking toplevel() on ptolemy.moml.MoMLSimpleApplication@5b2c1da7
----------------- Done invoking toplevel() on ptolemy.moml.MoMLSimpleApplication@5b2c1da7
reloadAllAccessors: .ArrayUpdate3

===========================================================================================
----------------- testing Fri Dec 27 06:28:43 UTC 2019 /home/travis/build/icyphy/ptII/ptolemy/actor/lib/test/auto/Assert1.xml
----------------- Instantiating /home/travis/build/icyphy/ptII/ptolemy/actor/lib/test/auto/Assert1.xml
5 ms. Memory: 262144K Free: 85657K (33%)
----------------- Invoking toplevel() on ptolemy.moml.MoMLSimpleApplication@31369379
----------------- Done invoking toplevel() on ptolemy.moml.MoMLSimpleApplication@31369379
reloadAllAccessors: .Assert1

===========================================================================================
----------------- testing Fri Dec 27 06:28:43 UTC 2019 /home/travis/build/icyphy/ptII/ptolemy/actor/lib/test/auto/Assert2.xml
----------------- Instantiating /home/travis/build/icyphy/ptII/ptolemy/actor/lib/test/auto/Assert2.xml
3 ms. Memory: 262144K Free: 80537K (31%)
----------------- Invoking toplevel() on ptolemy.moml.MoMLSimpleApplication@1e6d9af9
----------------- Done invoking toplevel() on ptolemy.moml.MoMLSimpleApplication@1e6d9af9
reloadAllAccessors: .Assert2

===========================================================================================
----------------- testing Fri Dec 27 06:28:43 UTC 2019 /home/travis/build/icyphy/ptII/ptolemy/actor/lib/test/auto/BooleanMultiplexor.xml
----------------- Instantiating /home/travis/build/icyphy/ptII/ptolemy/actor/lib/test/auto/BooleanMultiplexor.xml
2 ms. Memory: 262144K Free: 75417K (29%)
----------------- Invoking toplevel() on ptolemy.moml.MoMLSimpleApplication@1c4777af
----------------- Done invoking toplevel() on ptolemy.moml.MoMLSimpleApplication@1c4777af
reloadAllAccessors: .BooleanMultiplexor

===========================================================================================
----------------- testing Fri Dec 27 06:28:43 UTC 2019 /home/travis/build/icyphy/ptII/ptolemy/actor/lib/test/auto/BooleanMultiplexor2.xml
----------------- Instantiating /home/travis/build/icyphy/ptII/ptolemy/actor/lib/test/auto/BooleanMultiplexor2.xml
11 ms. Memory: 262144K Free: 68759K (26%)
----------------- Invoking toplevel() on ptolemy.moml.MoMLSimpleApplication@553b13b2
----------------- Done invoking toplevel() on ptolemy.moml.MoMLSimpleApplication@553b13b2
reloadAllAccessors: .BooleanMultiplexor2

===========================================================================================
----------------- testing Fri Dec 27 06:28:43 UTC 2019 /home/travis/build/icyphy/ptII/ptolemy/actor/lib/test/auto/BooleanMultiplexor3.xml
----------------- Instantiating /home/travis/build/icyphy/ptII/ptolemy/actor/lib/test/auto/BooleanMultiplexor3.xml
3 ms. Memory: 262144K Free: 65177K (25%)
----------------- Invoking toplevel() on ptolemy.moml.MoMLSimpleApplication@132231c
----------------- Done invoking toplevel() on ptolemy.moml.MoMLSimpleApplication@132231c
reloadAllAccessors: .BooleanMultiplexor3

===========================================================================================
----------------- testing Fri Dec 27 06:28:43 UTC 2019 /home/travis/build/icyphy/ptII/ptolemy/actor/lib/test/auto/BooleanSelect.xml
----------------- Instantiating /home/travis/build/icyphy/ptII/ptolemy/actor/lib/test/auto/BooleanSelect.xml
10 ms. Memory: 262144K Free: 208535K (80%)
----------------- Invoking toplevel() on ptolemy.moml.MoMLSimpleApplication@6fafef18
----------------- Done invoking toplevel() on ptolemy.moml.MoMLSimpleApplication@6fafef18
reloadAllAccessors: .BooleanSelect

===========================================================================================
----------------- testing Fri Dec 27 06:28:43 UTC 2019 /home/travis/build/icyphy/ptII/ptolemy/actor/lib/test/auto/BooleanSelect2.xml
----------------- Instantiating /home/travis/build/icyphy/ptII/ptolemy/actor/lib/test/auto/BooleanSelect2.xml
2 ms. Memory: 262144K Free: 204441K (78%)
----------------- Invoking toplevel() on ptolemy.moml.MoMLSimpleApplication@20af5983
----------------- Done invoking toplevel() on ptolemy.moml.MoMLSimpleApplication@20af5983
reloadAllAccessors: .BooleanSelect2

===========================================================================================
----------------- testing Fri Dec 27 06:28:43 UTC 2019 /home/travis/build/icyphy/ptII/ptolemy/actor/lib/test/auto/BooleanSwitch.xml
----------------- Instantiating /home/travis/build/icyphy/ptII/ptolemy/actor/lib/test/auto/BooleanSwitch.xml
7 ms. Memory: 262144K Free: 198297K (76%)
----------------- Invoking toplevel() on ptolemy.moml.MoMLSimpleApplication@5a99637
----------------- Done invoking toplevel() on ptolemy.moml.MoMLSimpleApplication@5a99637
reloadAllAccessors: .BooleanSwitch

===========================================================================================
----------------- testing Fri Dec 27 06:28:43 UTC 2019 /home/travis/build/icyphy/ptII/ptolemy/actor/lib/test/auto/BooleanSwitch2.xml
----------------- Instantiating /home/travis/build/icyphy/ptII/ptolemy/actor/lib/test/auto/BooleanSwitch2.xml
1 ms. Memory: 262144K Free: 193687K (74%)
----------------- Invoking toplevel() on ptolemy.moml.MoMLSimpleApplication@36a61b5a
----------------- Done invoking toplevel() on ptolemy.moml.MoMLSimpleApplication@36a61b5a
reloadAllAccessors: .BooleanSwitch2

===========================================================================================
----------------- testing Fri Dec 27 06:28:43 UTC 2019 /home/travis/build/icyphy/ptII/ptolemy/actor/lib/test/auto/BooleanSwitchCloningBugWithClassRelationGroup.xml
----------------- Instantiating /home/travis/build/icyphy/ptII/ptolemy/actor/lib/test/auto/BooleanSwitchCloningBugWithClassRelationGroup.xml
2 ms. Memory: 262144K Free: 187543K (72%)
----------------- Invoking toplevel() on ptolemy.moml.MoMLSimpleApplication@49fc381f
----------------- Done invoking toplevel() on ptolemy.moml.MoMLSimpleApplication@49fc381f
reloadAllAccessors: .BooleanSwitchCloningBugWithClassRelationGroup

===========================================================================================
----------------- testing Fri Dec 27 06:28:43 UTC 2019 /home/travis/build/icyphy/ptII/ptolemy/actor/lib/test/auto/BusActors.xml
----------------- Instantiating /home/travis/build/icyphy/ptII/ptolemy/actor/lib/test/auto/BusActors.xml
8 ms. Memory: 262144K Free: 179351K (68%)
----------------- Invoking toplevel() on ptolemy.moml.MoMLSimpleApplication@1207bfce
----------------- Done invoking toplevel() on ptolemy.moml.MoMLSimpleApplication@1207bfce
reloadAllAccessors: .BusActors

===========================================================================================
----------------- testing Fri Dec 27 06:28:43 UTC 2019 /home/travis/build/icyphy/ptII/ptolemy/actor/lib/test/auto/ClassWrapper.xml
----------------- Instantiating /home/travis/build/icyphy/ptII/ptolemy/actor/lib/test/auto/ClassWrapper.xml
3 ms. Memory: 262144K Free: 175255K (67%)
----------------- Invoking toplevel() on ptolemy.moml.MoMLSimpleApplication@4fd1d34f
----------------- Done invoking toplevel() on ptolemy.moml.MoMLSimpleApplication@4fd1d34f
reloadAllAccessors: .ClassWrapper

===========================================================================================
----------------- testing Fri Dec 27 06:28:43 UTC 2019 /home/travis/build/icyphy/ptII/ptolemy/actor/lib/test/auto/Clock.xml
----------------- Instantiating /home/travis/build/icyphy/ptII/ptolemy/actor/lib/test/auto/Clock.xml
2 ms. Memory: 262144K Free: 171159K (65%)
----------------- Invoking toplevel() on ptolemy.moml.MoMLSimpleApplication@1a6a6ae7
----------------- Done invoking toplevel() on ptolemy.moml.MoMLSimpleApplication@1a6a6ae7
reloadAllAccessors: .Clock

===========================================================================================
----------------- testing Fri Dec 27 06:28:43 UTC 2019 /home/travis/build/icyphy/ptII/ptolemy/actor/lib/test/auto/Clock10.xml
----------------- Instantiating /home/travis/build/icyphy/ptII/ptolemy/actor/lib/test/auto/Clock10.xml
2 ms. Memory: 262144K Free: 165529K (63%)
----------------- Invoking toplevel() on ptolemy.moml.MoMLSimpleApplication@7f96a7a1
----------------- Done invoking toplevel() on ptolemy.moml.MoMLSimpleApplication@7f96a7a1
reloadAllAccessors: .Clock10

===========================================================================================
----------------- testing Fri Dec 27 06:28:43 UTC 2019 /home/travis/build/icyphy/ptII/ptolemy/actor/lib/test/auto/Clock11.xml
----------------- Instantiating /home/travis/build/icyphy/ptII/ptolemy/actor/lib/test/auto/Clock11.xml
2 ms. Memory: 262144K Free: 159385K (61%)
----------------- Invoking toplevel() on ptolemy.moml.MoMLSimpleApplication@418073c2
----------------- Done invoking toplevel() on ptolemy.moml.MoMLSimpleApplication@418073c2
reloadAllAccessors: .Clock11

===========================================================================================
----------------- testing Fri Dec 27 06:28:44 UTC 2019 /home/travis/build/icyphy/ptII/ptolemy/actor/lib/test/auto/Clock12.xml
----------------- Instantiating /home/travis/build/icyphy/ptII/ptolemy/actor/lib/test/auto/Clock12.xml
2 ms. Memory: 262144K Free: 153751K (59%)
----------------- Invoking toplevel() on ptolemy.moml.MoMLSimpleApplication@3d678188
----------------- Done invoking toplevel() on ptolemy.moml.MoMLSimpleApplication@3d678188
reloadAllAccessors: .Clock12

===========================================================================================
----------------- testing Fri Dec 27 06:28:44 UTC 2019 /home/travis/build/icyphy/ptII/ptolemy/actor/lib/test/auto/Clock13.xml
----------------- Instantiating /home/travis/build/icyphy/ptII/ptolemy/actor/lib/test/auto/Clock13.xml
4 ms. Memory: 262144K Free: 147576K (56%)
----------------- Invoking toplevel() on ptolemy.moml.MoMLSimpleApplication@465958a0
----------------- Done invoking toplevel() on ptolemy.moml.MoMLSimpleApplication@465958a0
reloadAllAccessors: .Clock13

===========================================================================================
----------------- testing Fri Dec 27 06:28:44 UTC 2019 /home/travis/build/icyphy/ptII/ptolemy/actor/lib/test/auto/Clock14.xml
----------------- Instantiating /home/travis/build/icyphy/ptII/ptolemy/actor/lib/test/auto/Clock14.xml
4 ms. Memory: 262144K Free: 141977K (54%)
----------------- Invoking toplevel() on ptolemy.moml.MoMLSimpleApplication@35b65303
----------------- Done invoking toplevel() on ptolemy.moml.MoMLSimpleApplication@35b65303
reloadAllAccessors: .Clock14

===========================================================================================
----------------- testing Fri Dec 27 06:28:44 UTC 2019 /home/travis/build/icyphy/ptII/ptolemy/actor/lib/test/auto/Clock15.xml
----------------- Instantiating /home/travis/build/icyphy/ptII/ptolemy/actor/lib/test/auto/Clock15.xml
4 ms. Memory: 262144K Free: 135833K (52%)
----------------- Invoking toplevel() on ptolemy.moml.MoMLSimpleApplication@35107dcf
----------------- Done invoking toplevel() on ptolemy.moml.MoMLSimpleApplication@35107dcf
reloadAllAccessors: .Clock15

===========================================================================================
----------------- testing Fri Dec 27 06:28:44 UTC 2019 /home/travis/build/icyphy/ptII/ptolemy/actor/lib/test/auto/Clock16.xml
----------------- Instantiating /home/travis/build/icyphy/ptII/ptolemy/actor/lib/test/auto/Clock16.xml
32 ms. Memory: 262144K Free: 121480K (46%)
----------------- Invoking toplevel() on ptolemy.moml.MoMLSimpleApplication@18bb83f6
----------------- Done invoking toplevel() on ptolemy.moml.MoMLSimpleApplication@18bb83f6
reloadAllAccessors: .Clock16

===========================================================================================
----------------- testing Fri Dec 27 06:28:44 UTC 2019 /home/travis/build/icyphy/ptII/ptolemy/actor/lib/test/auto/Clock17.xml
----------------- Instantiating /home/travis/build/icyphy/ptII/ptolemy/actor/lib/test/auto/Clock17.xml
13 ms. Memory: 262144K Free: 107161K (41%)
----------------- Invoking toplevel() on ptolemy.moml.MoMLSimpleApplication@1b802687
----------------- Done invoking toplevel() on ptolemy.moml.MoMLSimpleApplication@1b802687
reloadAllAccessors: .Clock17

===========================================================================================
----------------- testing Fri Dec 27 06:28:44 UTC 2019 /home/travis/build/icyphy/ptII/ptolemy/actor/lib/test/auto/Clock18.xml
----------------- Instantiating /home/travis/build/icyphy/ptII/ptolemy/actor/lib/test/auto/Clock18.xml
22 ms. Memory: 262144K Free: 93320K (36%)
----------------- Invoking toplevel() on ptolemy.moml.MoMLSimpleApplication@3ad63ff0
----------------- Done invoking toplevel() on ptolemy.moml.MoMLSimpleApplication@3ad63ff0
reloadAllAccessors: .Clock18

===========================================================================================
----------------- testing Fri Dec 27 06:28:44 UTC 2019 /home/travis/build/icyphy/ptII/ptolemy/actor/lib/test/auto/Clock19.xml
----------------- Instantiating /home/travis/build/icyphy/ptII/ptolemy/actor/lib/test/auto/Clock19.xml
20 ms. Memory: 262144K Free: 80537K (31%)
----------------- Invoking toplevel() on ptolemy.moml.MoMLSimpleApplication@764d3ad1
----------------- Done invoking toplevel() on ptolemy.moml.MoMLSimpleApplication@764d3ad1
reloadAllAccessors: .Clock19

===========================================================================================
----------------- testing Fri Dec 27 06:28:44 UTC 2019 /home/travis/build/icyphy/ptII/ptolemy/actor/lib/test/auto/Clock2.xml
----------------- Instantiating /home/travis/build/icyphy/ptII/ptolemy/actor/lib/test/auto/Clock2.xml
6 ms. Memory: 262144K Free: 75912K (29%)
----------------- Invoking toplevel() on ptolemy.moml.MoMLSimpleApplication@5d669274
----------------- Done invoking toplevel() on ptolemy.moml.MoMLSimpleApplication@5d669274
reloadAllAccessors: .Clock2

===========================================================================================
----------------- testing Fri Dec 27 06:28:44 UTC 2019 /home/travis/build/icyphy/ptII/ptolemy/actor/lib/test/auto/Clock20.xml
----------------- Instantiating /home/travis/build/icyphy/ptII/ptolemy/actor/lib/test/auto/Clock20.xml
8 ms. Memory: 262144K Free: 70807K (27%)
----------------- Invoking toplevel() on ptolemy.moml.MoMLSimpleApplication@3a7b8a57
----------------- Done invoking toplevel() on ptolemy.moml.MoMLSimpleApplication@3a7b8a57
reloadAllAccessors: .Clock20

===========================================================================================
----------------- testing Fri Dec 27 06:28:44 UTC 2019 /home/travis/build/icyphy/ptII/ptolemy/actor/lib/test/auto/Clock21.xml
----------------- Instantiating /home/travis/build/icyphy/ptII/ptolemy/actor/lib/test/auto/Clock21.xml
4 ms. Memory: 262144K Free: 65177K (25%)
----------------- Invoking toplevel() on ptolemy.moml.MoMLSimpleApplication@eca3bd
----------------- Done invoking toplevel() on ptolemy.moml.MoMLSimpleApplication@eca3bd
reloadAllAccessors: .Clock21

===========================================================================================
----------------- testing Fri Dec 27 06:28:44 UTC 2019 /home/travis/build/icyphy/ptII/ptolemy/actor/lib/test/auto/Clock22.xml
----------------- Instantiating /home/travis/build/icyphy/ptII/ptolemy/actor/lib/test/auto/Clock22.xml
6 ms. Memory: 471040K Free: 417945K (89%)
----------------- Invoking toplevel() on ptolemy.moml.MoMLSimpleApplication@127c0dbd
----------------- Done invoking toplevel() on ptolemy.moml.MoMLSimpleApplication@127c0dbd
reloadAllAccessors: .Clock22

===========================================================================================
----------------- testing Fri Dec 27 06:28:44 UTC 2019 /home/travis/build/icyphy/ptII/ptolemy/actor/lib/test/auto/Clock23.xml
----------------- Instantiating /home/travis/build/icyphy/ptII/ptolemy/actor/lib/test/auto/Clock23.xml
5 ms. Memory: 471040K Free: 412311K (88%)
----------------- Invoking toplevel() on ptolemy.moml.MoMLSimpleApplication@54c5a691
----------------- Done invoking toplevel() on ptolemy.moml.MoMLSimpleApplication@54c5a691
reloadAllAccessors: .Clock23

===========================================================================================
----------------- testing Fri Dec 27 06:28:44 UTC 2019 /home/travis/build/icyphy/ptII/ptolemy/actor/lib/test/auto/Clock24.xml
----------------- Instantiating /home/travis/build/icyphy/ptII/ptolemy/actor/lib/test/auto/Clock24.xml
4 ms. Memory: 471040K Free: 406681K (86%)
----------------- Invoking toplevel() on ptolemy.moml.MoMLSimpleApplication@29c4ae47
----------------- Done invoking toplevel() on ptolemy.moml.MoMLSimpleApplication@29c4ae47
reloadAllAccessors: .Clock24

===========================================================================================
----------------- testing Fri Dec 27 06:28:44 UTC 2019 /home/travis/build/icyphy/ptII/ptolemy/actor/lib/test/auto/Clock4.xml
----------------- Instantiating /home/travis/build/icyphy/ptII/ptolemy/actor/lib/test/auto/Clock4.xml
2 ms. Memory: 471040K Free: 402040K (85%)
----------------- Invoking toplevel() on ptolemy.moml.MoMLSimpleApplication@333807ee
----------------- Done invoking toplevel() on ptolemy.moml.MoMLSimpleApplication@333807ee
reloadAllAccessors: .Clock4

===========================================================================================
----------------- testing Fri Dec 27 06:28:44 UTC 2019 /home/travis/build/icyphy/ptII/ptolemy/actor/lib/test/auto/Clock5.xml
----------------- Instantiating /home/travis/build/icyphy/ptII/ptolemy/actor/lib/test/auto/Clock5.xml
3 ms. Memory: 471040K Free: 396441K (84%)
----------------- Invoking toplevel() on ptolemy.moml.MoMLSimpleApplication@2314f5cb
----------------- Done invoking toplevel() on ptolemy.moml.MoMLSimpleApplication@2314f5cb
reloadAllAccessors: .Clock5

===========================================================================================
----------------- testing Fri Dec 27 06:28:44 UTC 2019 /home/travis/build/icyphy/ptII/ptolemy/actor/lib/test/auto/Clock6.xml
----------------- Instantiating /home/travis/build/icyphy/ptII/ptolemy/actor/lib/test/auto/Clock6.xml
3 ms. Memory: 471040K Free: 392345K (83%)
----------------- Invoking toplevel() on ptolemy.moml.MoMLSimpleApplication@39a135f6
----------------- Done invoking toplevel() on ptolemy.moml.MoMLSimpleApplication@39a135f6
reloadAllAccessors: .Clock6

===========================================================================================
----------------- testing Fri Dec 27 06:28:44 UTC 2019 /home/travis/build/icyphy/ptII/ptolemy/actor/lib/test/auto/Clock7.xml
----------------- Instantiating /home/travis/build/icyphy/ptII/ptolemy/actor/lib/test/auto/Clock7.xml
3 ms. Memory: 471040K Free: 387735K (82%)
----------------- Invoking toplevel() on ptolemy.moml.MoMLSimpleApplication@6b33739
----------------- Done invoking toplevel() on ptolemy.moml.MoMLSimpleApplication@6b33739
reloadAllAccessors: .Clock7

===========================================================================================
----------------- testing Fri Dec 27 06:28:44 UTC 2019 /home/travis/build/icyphy/ptII/ptolemy/actor/lib/test/auto/Clock8.xml
----------------- Instantiating /home/travis/build/icyphy/ptII/ptolemy/actor/lib/test/auto/Clock8.xml
6 ms. Memory: 471040K Free: 382103K (81%)
----------------- Invoking toplevel() on ptolemy.moml.MoMLSimpleApplication@10ca2663
----------------- Done invoking toplevel() on ptolemy.moml.MoMLSimpleApplication@10ca2663
reloadAllAccessors: .Clock8

===========================================================================================
----------------- testing Fri Dec 27 06:28:44 UTC 2019 /home/travis/build/icyphy/ptII/ptolemy/actor/lib/test/auto/Clock9.xml
----------------- Instantiating /home/travis/build/icyphy/ptII/ptolemy/actor/lib/test/auto/Clock9.xml
5 ms. Memory: 471040K Free: 376985K (80%)
----------------- Invoking toplevel() on ptolemy.moml.MoMLSimpleApplication@6f141c2d
----------------- Done invoking toplevel() on ptolemy.moml.MoMLSimpleApplication@6f141c2d
reloadAllAccessors: .Clock9

===========================================================================================
----------------- testing Fri Dec 27 06:28:44 UTC 2019 /home/travis/build/icyphy/ptII/ptolemy/actor/lib/test/auto/CommDistDiscard.xml
----------------- Instantiating /home/travis/build/icyphy/ptII/ptolemy/actor/lib/test/auto/CommDistDiscard.xml
3 ms. Memory: 471040K Free: 371351K (79%)
----------------- Invoking toplevel() on ptolemy.moml.MoMLSimpleApplication@3f303fcc
----------------- Done invoking toplevel() on ptolemy.moml.MoMLSimpleApplication@3f303fcc
reloadAllAccessors: .CommDistDiscard

===========================================================================================
----------------- testing Fri Dec 27 06:28:44 UTC 2019 /home/travis/build/icyphy/ptII/ptolemy/actor/lib/test/auto/Commutator.xml
----------------- Instantiating /home/travis/build/icyphy/ptII/ptolemy/actor/lib/test/auto/Commutator.xml
2 ms. Memory: 471040K Free: 367255K (78%)
----------------- Invoking toplevel() on ptolemy.moml.MoMLSimpleApplication@2e8056b
----------------- Done invoking toplevel() on ptolemy.moml.MoMLSimpleApplication@2e8056b
reloadAllAccessors: .Commutator

===========================================================================================
----------------- testing Fri Dec 27 06:28:44 UTC 2019 /home/travis/build/icyphy/ptII/ptolemy/actor/lib/test/auto/Commutator2.xml
----------------- Instantiating /home/travis/build/icyphy/ptII/ptolemy/actor/lib/test/auto/Commutator2.xml
2 ms. Memory: 471040K Free: 362649K (77%)
----------------- Invoking toplevel() on ptolemy.moml.MoMLSimpleApplication@6265c88f
----------------- Done invoking toplevel() on ptolemy.moml.MoMLSimpleApplication@6265c88f
reloadAllAccessors: .Commutator2

===========================================================================================
----------------- testing Fri Dec 27 06:28:44 UTC 2019 /home/travis/build/icyphy/ptII/ptolemy/actor/lib/test/auto/Commutator3.xml
----------------- Instantiating /home/travis/build/icyphy/ptII/ptolemy/actor/lib/test/auto/Commutator3.xml
2 ms. Memory: 471040K Free: 358039K (76%)
----------------- Invoking toplevel() on ptolemy.moml.MoMLSimpleApplication@4d35a797
----------------- Done invoking toplevel() on ptolemy.moml.MoMLSimpleApplication@4d35a797
reloadAllAccessors: .Commutator3

===========================================================================================
----------------- testing Fri Dec 27 06:28:44 UTC 2019 /home/travis/build/icyphy/ptII/ptolemy/actor/lib/test/auto/Compare.xml
----------------- Instantiating /home/travis/build/icyphy/ptII/ptolemy/actor/lib/test/auto/Compare.xml
2 ms. Memory: 471040K Free: 351895K (75%)
----------------- Invoking toplevel() on ptolemy.moml.MoMLSimpleApplication@44f3ce30
----------------- Done invoking toplevel() on ptolemy.moml.MoMLSimpleApplication@44f3ce30
reloadAllAccessors: .Compare

===========================================================================================
----------------- testing Fri Dec 27 06:28:44 UTC 2019 /home/travis/build/icyphy/ptII/ptolemy/actor/lib/test/auto/CompareDE.xml
----------------- Instantiating /home/travis/build/icyphy/ptII/ptolemy/actor/lib/test/auto/CompareDE.xml
5 ms. Memory: 471040K Free: 344712K (73%)
----------------- Invoking toplevel() on ptolemy.moml.MoMLSimpleApplication@c892612
----------------- Done invoking toplevel() on ptolemy.moml.MoMLSimpleApplication@c892612
reloadAllAccessors: .CompareDE

===========================================================================================
----------------- testing Fri Dec 27 06:28:44 UTC 2019 /home/travis/build/icyphy/ptII/ptolemy/actor/lib/test/auto/ComplexDivide.xml
----------------- Instantiating /home/travis/build/icyphy/ptII/ptolemy/actor/lib/test/auto/ComplexDivide.xml
1 ms. Memory: 471040K Free: 341145K (72%)
----------------- Invoking toplevel() on ptolemy.moml.MoMLSimpleApplication@503fb4f2
----------------- Done invoking toplevel() on ptolemy.moml.MoMLSimpleApplication@503fb4f2
reloadAllAccessors: .ComplexDivide

===========================================================================================
----------------- testing Fri Dec 27 06:28:44 UTC 2019 /home/travis/build/icyphy/ptII/ptolemy/actor/lib/test/auto/ComputeHistogram.xml
----------------- Instantiating /home/travis/build/icyphy/ptII/ptolemy/actor/lib/test/auto/ComputeHistogram.xml
29 ms. Memory: 471040K Free: 328343K (70%)
----------------- Invoking toplevel() on ptolemy.moml.MoMLSimpleApplication@22aabaa4
----------------- Done invoking toplevel() on ptolemy.moml.MoMLSimpleApplication@22aabaa4
reloadAllAccessors: .ComputeHistogram

===========================================================================================
----------------- testing Fri Dec 27 06:28:44 UTC 2019 /home/travis/build/icyphy/ptII/ptolemy/actor/lib/test/auto/ConfigurationSelect.xml
----------------- Instantiating /home/travis/build/icyphy/ptII/ptolemy/actor/lib/test/auto/ConfigurationSelect.xml
7 ms. Memory: 471040K Free: 322713K (69%)
----------------- Invoking toplevel() on ptolemy.moml.MoMLSimpleApplication@2ba3d8c9
----------------- Done invoking toplevel() on ptolemy.moml.MoMLSimpleApplication@2ba3d8c9
reloadAllAccessors: .ConfigurationSelect

===========================================================================================
----------------- testing Fri Dec 27 06:28:44 UTC 2019 /home/travis/build/icyphy/ptII/ptolemy/actor/lib/test/auto/ConfigurationSelect2.xml
----------------- Instantiating /home/travis/build/icyphy/ptII/ptolemy/actor/lib/test/auto/ConfigurationSelect2.xml
2 ms. Memory: 471040K Free: 318617K (68%)
----------------- Invoking toplevel() on ptolemy.moml.MoMLSimpleApplication@7470f038
----------------- Done invoking toplevel() on ptolemy.moml.MoMLSimpleApplication@7470f038
reloadAllAccessors: .ConfigurationSelect2

===========================================================================================
----------------- testing Fri Dec 27 06:28:44 UTC 2019 /home/travis/build/icyphy/ptII/ptolemy/actor/lib/test/auto/ConfigurationSwitch.xml
----------------- Instantiating /home/travis/build/icyphy/ptII/ptolemy/actor/lib/test/auto/ConfigurationSwitch.xml
2 ms. Memory: 471040K Free: 312983K (66%)
----------------- Invoking toplevel() on ptolemy.moml.MoMLSimpleApplication@19d9c25a
----------------- Done invoking toplevel() on ptolemy.moml.MoMLSimpleApplication@19d9c25a
reloadAllAccessors: .ConfigurationSwitch

===========================================================================================
----------------- testing Fri Dec 27 06:28:44 UTC 2019 /home/travis/build/icyphy/ptII/ptolemy/actor/lib/test/auto/ConfigurationSwitch2.xml
----------------- Instantiating /home/travis/build/icyphy/ptII/ptolemy/actor/lib/test/auto/ConfigurationSwitch2.xml
2 ms. Memory: 471040K Free: 307353K (65%)
----------------- Invoking toplevel() on ptolemy.moml.MoMLSimpleApplication@4a309d3d
----------------- Done invoking toplevel() on ptolemy.moml.MoMLSimpleApplication@4a309d3d
reloadAllAccessors: .ConfigurationSwitch2

===========================================================================================
----------------- testing Fri Dec 27 06:28:44 UTC 2019 /home/travis/build/icyphy/ptII/ptolemy/actor/lib/test/auto/ConfigurationSwitchCloningBugWithClassRelationGroup.xml
----------------- Instantiating /home/travis/build/icyphy/ptII/ptolemy/actor/lib/test/auto/ConfigurationSwitchCloningBugWithClassRelationGroup.xml
1 ms. Memory: 471040K Free: 300695K (64%)
----------------- Invoking toplevel() on ptolemy.moml.MoMLSimpleApplication@2c1dae7
----------------- Done invoking toplevel() on ptolemy.moml.MoMLSimpleApplication@2c1dae7
reloadAllAccessors: .ConfigurationSwitchCloningBugWithClassRelationGroup

===========================================================================================
----------------- testing Fri Dec 27 06:28:45 UTC 2019 /home/travis/build/icyphy/ptII/ptolemy/actor/lib/test/auto/ConfigurationSwitchSelectSDF.xml
----------------- Instantiating /home/travis/build/icyphy/ptII/ptolemy/actor/lib/test/auto/ConfigurationSwitchSelectSDF.xml
3 ms. Memory: 471040K Free: 294551K (63%)
----------------- Invoking toplevel() on ptolemy.moml.MoMLSimpleApplication@11a948d2
----------------- Done invoking toplevel() on ptolemy.moml.MoMLSimpleApplication@11a948d2
reloadAllAccessors: .ConfigurationSwitchSelectSDF

===========================================================================================
----------------- testing Fri Dec 27 06:28:45 UTC 2019 /home/travis/build/icyphy/ptII/ptolemy/actor/lib/test/auto/ConfigurationSwitchSelectSDF2.xml
----------------- Instantiating /home/travis/build/icyphy/ptII/ptolemy/actor/lib/test/auto/ConfigurationSwitchSelectSDF2.xml
2 ms. Memory: 471040K Free: 288921K (61%)
----------------- Invoking toplevel() on ptolemy.moml.MoMLSimpleApplication@1ac9b0c3
----------------- Done invoking toplevel() on ptolemy.moml.MoMLSimpleApplication@1ac9b0c3
reloadAllAccessors: .ConfigurationSwitchSelectSDF2

===========================================================================================
----------------- testing Fri Dec 27 06:28:45 UTC 2019 /home/travis/build/icyphy/ptII/ptolemy/actor/lib/test/auto/Const.xml
----------------- Instantiating /home/travis/build/icyphy/ptII/ptolemy/actor/lib/test/auto/Const.xml
1 ms. Memory: 471040K Free: 285335K (61%)
----------------- Invoking toplevel() on ptolemy.moml.MoMLSimpleApplication@22e08d21
----------------- Done invoking toplevel() on ptolemy.moml.MoMLSimpleApplication@22e08d21
reloadAllAccessors: .Const

===========================================================================================
----------------- testing Fri Dec 27 06:28:45 UTC 2019 /home/travis/build/icyphy/ptII/ptolemy/actor/lib/test/auto/Const2.xml
----------------- Instantiating /home/travis/build/icyphy/ptII/ptolemy/actor/lib/test/auto/Const2.xml
1 ms. Memory: 471040K Free: 281239K (60%)
----------------- Invoking toplevel() on ptolemy.moml.MoMLSimpleApplication@2e23c20b
----------------- Done invoking toplevel() on ptolemy.moml.MoMLSimpleApplication@2e23c20b
reloadAllAccessors: .Const2

===========================================================================================
----------------- testing Fri Dec 27 06:28:45 UTC 2019 /home/travis/build/icyphy/ptII/ptolemy/actor/lib/test/auto/Const3.xml
----------------- Instantiating /home/travis/build/icyphy/ptII/ptolemy/actor/lib/test/auto/Const3.xml
6 ms. Memory: 471040K Free: 278681K (59%)
----------------- Invoking toplevel() on ptolemy.moml.MoMLSimpleApplication@1dbd138b
----------------- Done invoking toplevel() on ptolemy.moml.MoMLSimpleApplication@1dbd138b
reloadAllAccessors: .Const3

===========================================================================================
----------------- testing Fri Dec 27 06:28:45 UTC 2019 /home/travis/build/icyphy/ptII/ptolemy/actor/lib/test/auto/ConstantPublisherPort1.xml
----------------- Instantiating /home/travis/build/icyphy/ptII/ptolemy/actor/lib/test/auto/ConstantPublisherPort1.xml
9 ms. Memory: 471040K Free: 269975K (57%)
----------------- Invoking toplevel() on ptolemy.moml.MoMLSimpleApplication@19ba60f3
----------------- Done invoking toplevel() on ptolemy.moml.MoMLSimpleApplication@19ba60f3
reloadAllAccessors: .ConstantPublisherPort1

===========================================================================================
----------------- testing Fri Dec 27 06:28:45 UTC 2019 /home/travis/build/icyphy/ptII/ptolemy/actor/lib/test/auto/ConstantPublisherPort2.xml
----------------- Instantiating /home/travis/build/icyphy/ptII/ptolemy/actor/lib/test/auto/ConstantPublisherPort2.xml
9 ms. Memory: 471040K Free: 262297K (56%)
----------------- Invoking toplevel() on ptolemy.moml.MoMLSimpleApplication@e6af49e
----------------- Done invoking toplevel() on ptolemy.moml.MoMLSimpleApplication@e6af49e
reloadAllAccessors: .ConstantPublisherPort2

===========================================================================================
----------------- testing Fri Dec 27 06:28:45 UTC 2019 /home/travis/build/icyphy/ptII/ptolemy/actor/lib/test/auto/ConstantPublisherPort3.xml
----------------- Instantiating /home/travis/build/icyphy/ptII/ptolemy/actor/lib/test/auto/ConstantPublisherPort3.xml
5 ms. Memory: 471040K Free: 255129K (54%)
----------------- Invoking toplevel() on ptolemy.moml.MoMLSimpleApplication@23524b76
----------------- Done invoking toplevel() on ptolemy.moml.MoMLSimpleApplication@23524b76
reloadAllAccessors: .ConstantPublisherPort3

===========================================================================================
----------------- testing Fri Dec 27 06:28:45 UTC 2019 /home/travis/build/icyphy/ptII/ptolemy/actor/lib/test/auto/ConstantPublisherPort4.xml
----------------- Instantiating /home/travis/build/icyphy/ptII/ptolemy/actor/lib/test/auto/ConstantPublisherPort4.xml
2 ms. Memory: 471040K Free: 247961K (53%)
----------------- Invoking toplevel() on ptolemy.moml.MoMLSimpleApplication@638eaf1
----------------- Done invoking toplevel() on ptolemy.moml.MoMLSimpleApplication@638eaf1
reloadAllAccessors: .ConstantPublisherPort4

===========================================================================================
----------------- testing Fri Dec 27 06:28:45 UTC 2019 /home/travis/build/icyphy/ptII/ptolemy/actor/lib/test/auto/ConstantPublisherPort5.xml
----------------- Instantiating /home/travis/build/icyphy/ptII/ptolemy/actor/lib/test/auto/ConstantPublisherPort5.xml
25 ms. Memory: 471040K Free: 238231K (51%)
----------------- Invoking toplevel() on ptolemy.moml.MoMLSimpleApplication@1c465bf0
----------------- Done invoking toplevel() on ptolemy.moml.MoMLSimpleApplication@1c465bf0
reloadAllAccessors: .ConstantPublisherPort5

===========================================================================================
----------------- testing Fri Dec 27 06:28:45 UTC 2019 /home/travis/build/icyphy/ptII/ptolemy/actor/lib/test/auto/ConstantPublisherPort6.xml
----------------- Instantiating /home/travis/build/icyphy/ptII/ptolemy/actor/lib/test/auto/ConstantPublisherPort6.xml
13 ms. Memory: 471040K Free: 229529K (49%)
----------------- Invoking toplevel() on ptolemy.moml.MoMLSimpleApplication@75133227
----------------- Done invoking toplevel() on ptolemy.moml.MoMLSimpleApplication@75133227
reloadAllAccessors: .ConstantPublisherPort6

===========================================================================================
----------------- testing Fri Dec 27 06:28:45 UTC 2019 /home/travis/build/icyphy/ptII/ptolemy/actor/lib/test/auto/ConstantPublisherPort7.xml
----------------- Instantiating /home/travis/build/icyphy/ptII/ptolemy/actor/lib/test/auto/ConstantPublisherPort7.xml
17 ms. Memory: 471040K Free: 219799K (47%)
----------------- Invoking toplevel() on ptolemy.moml.MoMLSimpleApplication@79183926
----------------- Done invoking toplevel() on ptolemy.moml.MoMLSimpleApplication@79183926
reloadAllAccessors: .ConstantPublisherPort7

===========================================================================================
----------------- testing Fri Dec 27 06:28:45 UTC 2019 /home/travis/build/icyphy/ptII/ptolemy/actor/lib/test/auto/ConstraintMonitor1.xml
----------------- Instantiating /home/travis/build/icyphy/ptII/ptolemy/actor/lib/test/auto/ConstraintMonitor1.xml
6 ms. Memory: 471040K Free: 214679K (46%)
----------------- Invoking toplevel() on ptolemy.moml.MoMLSimpleApplication@6736447f
----------------- Done invoking toplevel() on ptolemy.moml.MoMLSimpleApplication@6736447f
reloadAllAccessors: .ConstraintMonitor1

===========================================================================================
----------------- testing Fri Dec 27 06:28:45 UTC 2019 /home/travis/build/icyphy/ptII/ptolemy/actor/lib/test/auto/ConstraintMonitor2.xml
----------------- Instantiating /home/travis/build/icyphy/ptII/ptolemy/actor/lib/test/auto/ConstraintMonitor2.xml
2 ms. Memory: 471040K Free: 210073K (45%)
----------------- Invoking toplevel() on ptolemy.moml.MoMLSimpleApplication@4e86533b
----------------- Done invoking toplevel() on ptolemy.moml.MoMLSimpleApplication@4e86533b
reloadAllAccessors: .ConstraintMonitor2

===========================================================================================
----------------- testing Fri Dec 27 06:28:45 UTC 2019 /home/travis/build/icyphy/ptII/ptolemy/actor/lib/test/auto/ConstraintMonitor3.xml
----------------- Instantiating /home/travis/build/icyphy/ptII/ptolemy/actor/lib/test/auto/ConstraintMonitor3.xml
4 ms. Memory: 471040K Free: 205463K (44%)
----------------- Invoking toplevel() on ptolemy.moml.MoMLSimpleApplication@74b7c031
----------------- Done invoking toplevel() on ptolemy.moml.MoMLSimpleApplication@74b7c031
reloadAllAccessors: .ConstraintMonitor3

===========================================================================================
----------------- testing Fri Dec 27 06:28:45 UTC 2019 /home/travis/build/icyphy/ptII/ptolemy/actor/lib/test/auto/ConstraintMonitor4.xml
----------------- Instantiating /home/travis/build/icyphy/ptII/ptolemy/actor/lib/test/auto/ConstraintMonitor4.xml
3 ms. Memory: 471040K Free: 200343K (43%)
----------------- Invoking toplevel() on ptolemy.moml.MoMLSimpleApplication@5317c314
----------------- Done invoking toplevel() on ptolemy.moml.MoMLSimpleApplication@5317c314
reloadAllAccessors: .ConstraintMonitor4

===========================================================================================
----------------- testing Fri Dec 27 06:28:45 UTC 2019 /home/travis/build/icyphy/ptII/ptolemy/actor/lib/test/auto/ConstraintMonitor5.xml
----------------- Instantiating /home/travis/build/icyphy/ptII/ptolemy/actor/lib/test/auto/ConstraintMonitor5.xml
1 ms. Memory: 471040K Free: 195737K (42%)
----------------- Invoking toplevel() on ptolemy.moml.MoMLSimpleApplication@28554391
----------------- Done invoking toplevel() on ptolemy.moml.MoMLSimpleApplication@28554391
reloadAllAccessors: .ConstraintMonitor5

===========================================================================================
----------------- testing Fri Dec 27 06:28:45 UTC 2019 /home/travis/build/icyphy/ptII/ptolemy/actor/lib/test/auto/ConstraintMonitor6.xml
----------------- Instantiating /home/travis/build/icyphy/ptII/ptolemy/actor/lib/test/auto/ConstraintMonitor6.xml
4 ms. Memory: 471040K Free: 189072K (40%)
----------------- Invoking toplevel() on ptolemy.moml.MoMLSimpleApplication@6554119d
----------------- Done invoking toplevel() on ptolemy.moml.MoMLSimpleApplication@6554119d
reloadAllAccessors: .ConstraintMonitor6

===========================================================================================
----------------- testing Fri Dec 27 06:28:45 UTC 2019 /home/travis/build/icyphy/ptII/ptolemy/actor/lib/test/auto/ConstraintMonitor7.xml
----------------- Instantiating /home/travis/build/icyphy/ptII/ptolemy/actor/lib/test/auto/ConstraintMonitor7.xml
6 ms. Memory: 471040K Free: 182425K (39%)
----------------- Invoking toplevel() on ptolemy.moml.MoMLSimpleApplication@f985b1c
----------------- Done invoking toplevel() on ptolemy.moml.MoMLSimpleApplication@f985b1c
reloadAllAccessors: .ConstraintMonitor7

===========================================================================================
----------------- testing Fri Dec 27 06:28:45 UTC 2019 /home/travis/build/icyphy/ptII/ptolemy/actor/lib/test/auto/ConstraintMonitor8.xml
----------------- Instantiating /home/travis/build/icyphy/ptII/ptolemy/actor/lib/test/auto/ConstraintMonitor8.xml
6 ms. Memory: 471040K Free: 175257K (37%)
----------------- Invoking toplevel() on ptolemy.moml.MoMLSimpleApplication@188a16ae
----------------- Done invoking toplevel() on ptolemy.moml.MoMLSimpleApplication@188a16ae
reloadAllAccessors: .ConstraintMonitor8

===========================================================================================
----------------- testing Fri Dec 27 06:28:45 UTC 2019 /home/travis/build/icyphy/ptII/ptolemy/actor/lib/test/auto/Counter.xml
----------------- Instantiating /home/travis/build/icyphy/ptII/ptolemy/actor/lib/test/auto/Counter.xml
2 ms. Memory: 471040K Free: 169623K (36%)
----------------- Invoking toplevel() on ptolemy.moml.MoMLSimpleApplication@7813d64f
----------------- Done invoking toplevel() on ptolemy.moml.MoMLSimpleApplication@7813d64f
reloadAllAccessors: .Counter

===========================================================================================
----------------- testing Fri Dec 27 06:28:45 UTC 2019 /home/travis/build/icyphy/ptII/ptolemy/actor/lib/test/auto/CurrentTimeSDF.xml
----------------- Instantiating /home/travis/build/icyphy/ptII/ptolemy/actor/lib/test/auto/CurrentTimeSDF.xml
1 ms. Memory: 471040K Free: 421015K (89%)
----------------- Invoking toplevel() on ptolemy.moml.MoMLSimpleApplication@6feb113c
----------------- Done invoking toplevel() on ptolemy.moml.MoMLSimpleApplication@6feb113c
reloadAllAccessors: .CurrentTimeSDF

===========================================================================================
----------------- testing Fri Dec 27 06:28:45 UTC 2019 /home/travis/build/icyphy/ptII/ptolemy/actor/lib/test/auto/DB.xml
----------------- Instantiating /home/travis/build/icyphy/ptII/ptolemy/actor/lib/test/auto/DB.xml
2 ms. Memory: 471040K Free: 415385K (88%)
----------------- Invoking toplevel() on ptolemy.moml.MoMLSimpleApplication@244cfe50
----------------- Done invoking toplevel() on ptolemy.moml.MoMLSimpleApplication@244cfe50
reloadAllAccessors: .DB

===========================================================================================
----------------- testing Fri Dec 27 06:28:45 UTC 2019 /home/travis/build/icyphy/ptII/ptolemy/actor/lib/test/auto/DBDE.xml
----------------- Instantiating /home/travis/build/icyphy/ptII/ptolemy/actor/lib/test/auto/DBDE.xml
1 ms. Memory: 471040K Free: 409241K (87%)
----------------- Invoking toplevel() on ptolemy.moml.MoMLSimpleApplication@4f4743ae
----------------- Done invoking toplevel() on ptolemy.moml.MoMLSimpleApplication@4f4743ae
reloadAllAccessors: .DBDE

===========================================================================================
----------------- testing Fri Dec 27 06:28:45 UTC 2019 /home/travis/build/icyphy/ptII/ptolemy/actor/lib/test/auto/DateConstructor.xml
----------------- Instantiating /home/travis/build/icyphy/ptII/ptolemy/actor/lib/test/auto/DateConstructor.xml
23 ms. Memory: 471040K Free: 391319K (83%)
----------------- Invoking toplevel() on ptolemy.moml.MoMLSimpleApplication@424afe75
----------------- Done invoking toplevel() on ptolemy.moml.MoMLSimpleApplication@424afe75
reloadAllAccessors: .DateConstructor

===========================================================================================
----------------- testing Fri Dec 27 06:28:45 UTC 2019 /home/travis/build/icyphy/ptII/ptolemy/actor/lib/test/auto/DelayTime.xml
----------------- Instantiating /home/travis/build/icyphy/ptII/ptolemy/actor/lib/test/auto/DelayTime.xml
5 ms. Memory: 471040K Free: 386713K (82%)
----------------- Invoking toplevel() on ptolemy.moml.MoMLSimpleApplication@72dd2bee
----------------- Done invoking toplevel() on ptolemy.moml.MoMLSimpleApplication@72dd2bee
reloadAllAccessors: .DelayTime

===========================================================================================
----------------- testing Fri Dec 27 06:28:45 UTC 2019 /home/travis/build/icyphy/ptII/ptolemy/actor/lib/test/auto/Dictionary1.xml
----------------- Instantiating /home/travis/build/icyphy/ptII/ptolemy/actor/lib/test/auto/Dictionary1.xml
1 ms. Memory: 471040K Free: 381079K (81%)
----------------- Invoking toplevel() on ptolemy.moml.MoMLSimpleApplication@6e58f836
----------------- Done invoking toplevel() on ptolemy.moml.MoMLSimpleApplication@6e58f836
reloadAllAccessors: .Dictionary1

===========================================================================================
----------------- testing Fri Dec 27 06:28:45 UTC 2019 /home/travis/build/icyphy/ptII/ptolemy/actor/lib/test/auto/Dictionary2.xml
----------------- Instantiating /home/travis/build/icyphy/ptII/ptolemy/actor/lib/test/auto/Dictionary2.xml
4 ms. Memory: 471040K Free: 375449K (80%)
----------------- Invoking toplevel() on ptolemy.moml.MoMLSimpleApplication@629b5ae7
----------------- Done invoking toplevel() on ptolemy.moml.MoMLSimpleApplication@629b5ae7
reloadAllAccessors: .Dictionary2

===========================================================================================
----------------- testing Fri Dec 27 06:28:45 UTC 2019 /home/travis/build/icyphy/ptII/ptolemy/actor/lib/test/auto/Dictionary3.xml
----------------- Instantiating /home/travis/build/icyphy/ptII/ptolemy/actor/lib/test/auto/Dictionary3.xml
1 ms. Memory: 471040K Free: 370329K (79%)
----------------- Invoking toplevel() on ptolemy.moml.MoMLSimpleApplication@eaa2584
----------------- Done invoking toplevel() on ptolemy.moml.MoMLSimpleApplication@eaa2584
reloadAllAccessors: .Dictionary3

===========================================================================================
----------------- testing Fri Dec 27 06:28:45 UTC 2019 /home/travis/build/icyphy/ptII/ptolemy/actor/lib/test/auto/Dictionary4.xml
----------------- Instantiating /home/travis/build/icyphy/ptII/ptolemy/actor/lib/test/auto/Dictionary4.xml
3 ms. Memory: 471040K Free: 363161K (77%)
----------------- Invoking toplevel() on ptolemy.moml.MoMLSimpleApplication@2aeddb85
----------------- Done invoking toplevel() on ptolemy.moml.MoMLSimpleApplication@2aeddb85
reloadAllAccessors: .Dictionary4

===========================================================================================
----------------- testing Fri Dec 27 06:28:45 UTC 2019 /home/travis/build/icyphy/ptII/ptolemy/actor/lib/test/auto/Differential.xml
----------------- Instantiating /home/travis/build/icyphy/ptII/ptolemy/actor/lib/test/auto/Differential.xml
2 ms. Memory: 471040K Free: 358551K (76%)
----------------- Invoking toplevel() on ptolemy.moml.MoMLSimpleApplication@67b9a98
----------------- Done invoking toplevel() on ptolemy.moml.MoMLSimpleApplication@67b9a98
reloadAllAccessors: .Differential

===========================================================================================
----------------- testing Fri Dec 27 06:28:45 UTC 2019 /home/travis/build/icyphy/ptII/ptolemy/actor/lib/test/auto/Director.xml
----------------- Instantiating /home/travis/build/icyphy/ptII/ptolemy/actor/lib/test/auto/Director.xml
3 ms. Memory: 471040K Free: 354969K (75%)
----------------- Invoking toplevel() on ptolemy.moml.MoMLSimpleApplication@1bcd55e6
----------------- Done invoking toplevel() on ptolemy.moml.MoMLSimpleApplication@1bcd55e6
reloadAllAccessors: .Director

===========================================================================================
----------------- testing Fri Dec 27 06:28:45 UTC 2019 /home/travis/build/icyphy/ptII/ptolemy/actor/lib/test/auto/DiscreteClock.xml
----------------- Instantiating /home/travis/build/icyphy/ptII/ptolemy/actor/lib/test/auto/DiscreteClock.xml
1 ms. Memory: 471040K Free: 351383K (75%)
----------------- Invoking toplevel() on ptolemy.moml.MoMLSimpleApplication@3b297164
----------------- Done invoking toplevel() on ptolemy.moml.MoMLSimpleApplication@3b297164
reloadAllAccessors: .DiscreteClock

===========================================================================================
----------------- testing Fri Dec 27 06:28:45 UTC 2019 /home/travis/build/icyphy/ptII/ptolemy/actor/lib/test/auto/DiscreteClock10.xml
----------------- Instantiating /home/travis/build/icyphy/ptII/ptolemy/actor/lib/test/auto/DiscreteClock10.xml
4 ms. Memory: 471040K Free: 345239K (73%)
----------------- Invoking toplevel() on ptolemy.moml.MoMLSimpleApplication@3c0bb7db
----------------- Done invoking toplevel() on ptolemy.moml.MoMLSimpleApplication@3c0bb7db
reloadAllAccessors: .DiscreteClock10

===========================================================================================
----------------- testing Fri Dec 27 06:28:45 UTC 2019 /home/travis/build/icyphy/ptII/ptolemy/actor/lib/test/auto/DiscreteClock11.xml
----------------- Instantiating /home/travis/build/icyphy/ptII/ptolemy/actor/lib/test/auto/DiscreteClock11.xml
2 ms. Memory: 471040K Free: 339095K (72%)
----------------- Invoking toplevel() on ptolemy.moml.MoMLSimpleApplication@699297c8
----------------- Done invoking toplevel() on ptolemy.moml.MoMLSimpleApplication@699297c8
reloadAllAccessors: .DiscreteClock11

===========================================================================================
----------------- testing Fri Dec 27 06:28:45 UTC 2019 /home/travis/build/icyphy/ptII/ptolemy/actor/lib/test/auto/DiscreteClock12.xml
----------------- Instantiating /home/travis/build/icyphy/ptII/ptolemy/actor/lib/test/auto/DiscreteClock12.xml
2 ms. Memory: 471040K Free: 333465K (71%)
----------------- Invoking toplevel() on ptolemy.moml.MoMLSimpleApplication@4d7c36b0
----------------- Done invoking toplevel() on ptolemy.moml.MoMLSimpleApplication@4d7c36b0
reloadAllAccessors: .DiscreteClock12

===========================================================================================
----------------- testing Fri Dec 27 06:28:45 UTC 2019 /home/travis/build/icyphy/ptII/ptolemy/actor/lib/test/auto/DiscreteClock13.xml
----------------- Instantiating /home/travis/build/icyphy/ptII/ptolemy/actor/lib/test/auto/DiscreteClock13.xml
2 ms. Memory: 471040K Free: 327321K (69%)
----------------- Invoking toplevel() on ptolemy.moml.MoMLSimpleApplication@1bd846e9
----------------- Done invoking toplevel() on ptolemy.moml.MoMLSimpleApplication@1bd846e9
reloadAllAccessors: .DiscreteClock13

===========================================================================================
----------------- testing Fri Dec 27 06:28:45 UTC 2019 /home/travis/build/icyphy/ptII/ptolemy/actor/lib/test/auto/DiscreteClock14.xml
----------------- Instantiating /home/travis/build/icyphy/ptII/ptolemy/actor/lib/test/auto/DiscreteClock14.xml
4 ms. Memory: 471040K Free: 321177K (68%)
----------------- Invoking toplevel() on ptolemy.moml.MoMLSimpleApplication@12695499
----------------- Done invoking toplevel() on ptolemy.moml.MoMLSimpleApplication@12695499
reloadAllAccessors: .DiscreteClock14

===========================================================================================
----------------- testing Fri Dec 27 06:28:45 UTC 2019 /home/travis/build/icyphy/ptII/ptolemy/actor/lib/test/auto/DiscreteClock15.xml
----------------- Instantiating /home/travis/build/icyphy/ptII/ptolemy/actor/lib/test/auto/DiscreteClock15.xml
2 ms. Memory: 471040K Free: 315033K (67%)
----------------- Invoking toplevel() on ptolemy.moml.MoMLSimpleApplication@6e166a53
----------------- Done invoking toplevel() on ptolemy.moml.MoMLSimpleApplication@6e166a53
reloadAllAccessors: .DiscreteClock15

===========================================================================================
----------------- testing Fri Dec 27 06:28:46 UTC 2019 /home/travis/build/icyphy/ptII/ptolemy/actor/lib/test/auto/DiscreteClock16.xml
----------------- Instantiating /home/travis/build/icyphy/ptII/ptolemy/actor/lib/test/auto/DiscreteClock16.xml
11 ms. Memory: 471040K Free: 301721K (64%)
----------------- Invoking toplevel() on ptolemy.moml.MoMLSimpleApplication@31367e3a
----------------- Done invoking toplevel() on ptolemy.moml.MoMLSimpleApplication@31367e3a
reloadAllAccessors: .DiscreteClock16

===========================================================================================
----------------- testing Fri Dec 27 06:28:46 UTC 2019 /home/travis/build/icyphy/ptII/ptolemy/actor/lib/test/auto/DiscreteClock17.xml
----------------- Instantiating /home/travis/build/icyphy/ptII/ptolemy/actor/lib/test/auto/DiscreteClock17.xml
20 ms. Memory: 471040K Free: 286840K (61%)
----------------- Invoking toplevel() on ptolemy.moml.MoMLSimpleApplication@33fb7f11
----------------- Done invoking toplevel() on ptolemy.moml.MoMLSimpleApplication@33fb7f11
reloadAllAccessors: .DiscreteClock17

===========================================================================================
----------------- testing Fri Dec 27 06:28:46 UTC 2019 /home/travis/build/icyphy/ptII/ptolemy/actor/lib/test/auto/DiscreteClock18.xml
----------------- Instantiating /home/travis/build/icyphy/ptII/ptolemy/actor/lib/test/auto/DiscreteClock18.xml
9 ms. Memory: 471040K Free: 273049K (58%)
----------------- Invoking toplevel() on ptolemy.moml.MoMLSimpleApplication@5f842e61
----------------- Done invoking toplevel() on ptolemy.moml.MoMLSimpleApplication@5f842e61
reloadAllAccessors: .DiscreteClock18

===========================================================================================
----------------- testing Fri Dec 27 06:28:46 UTC 2019 /home/travis/build/icyphy/ptII/ptolemy/actor/lib/test/auto/DiscreteClock19.xml
----------------- Instantiating /home/travis/build/icyphy/ptII/ptolemy/actor/lib/test/auto/DiscreteClock19.xml
12 ms. Memory: 471040K Free: 259223K (55%)
----------------- Invoking toplevel() on ptolemy.moml.MoMLSimpleApplication@54d420a0
----------------- Done invoking toplevel() on ptolemy.moml.MoMLSimpleApplication@54d420a0
reloadAllAccessors: .DiscreteClock19

===========================================================================================
----------------- testing Fri Dec 27 06:28:46 UTC 2019 /home/travis/build/icyphy/ptII/ptolemy/actor/lib/test/auto/DiscreteClock2.xml
----------------- Instantiating /home/travis/build/icyphy/ptII/ptolemy/actor/lib/test/auto/DiscreteClock2.xml
2 ms. Memory: 471040K Free: 254617K (54%)
----------------- Invoking toplevel() on ptolemy.moml.MoMLSimpleApplication@700e681
----------------- Done invoking toplevel() on ptolemy.moml.MoMLSimpleApplication@700e681
reloadAllAccessors: .DiscreteClock2

===========================================================================================
----------------- testing Fri Dec 27 06:28:46 UTC 2019 /home/travis/build/icyphy/ptII/ptolemy/actor/lib/test/auto/DiscreteClock20.xml
----------------- Instantiating /home/travis/build/icyphy/ptII/ptolemy/actor/lib/test/auto/DiscreteClock20.xml
5 ms. Memory: 471040K Free: 248983K (53%)
----------------- Invoking toplevel() on ptolemy.moml.MoMLSimpleApplication@22e5a8b3
----------------- Done invoking toplevel() on ptolemy.moml.MoMLSimpleApplication@22e5a8b3
reloadAllAccessors: .DiscreteClock20

===========================================================================================
----------------- testing Fri Dec 27 06:28:46 UTC 2019 /home/travis/build/icyphy/ptII/ptolemy/actor/lib/test/auto/DiscreteClock21.xml
----------------- Instantiating /home/travis/build/icyphy/ptII/ptolemy/actor/lib/test/auto/DiscreteClock21.xml
4 ms. Memory: 471040K Free: 243353K (52%)
----------------- Invoking toplevel() on ptolemy.moml.MoMLSimpleApplication@6f3bded3
----------------- Done invoking toplevel() on ptolemy.moml.MoMLSimpleApplication@6f3bded3
reloadAllAccessors: .DiscreteClock21

===========================================================================================
----------------- testing Fri Dec 27 06:28:46 UTC 2019 /home/travis/build/icyphy/ptII/ptolemy/actor/lib/test/auto/DiscreteClock22.xml
----------------- Instantiating /home/travis/build/icyphy/ptII/ptolemy/actor/lib/test/auto/DiscreteClock22.xml
4 ms. Memory: 471040K Free: 238233K (51%)
----------------- Invoking toplevel() on ptolemy.moml.MoMLSimpleApplication@29e31fbd
----------------- Done invoking toplevel() on ptolemy.moml.MoMLSimpleApplication@29e31fbd
reloadAllAccessors: .DiscreteClock22

===========================================================================================
----------------- testing Fri Dec 27 06:28:46 UTC 2019 /home/travis/build/icyphy/ptII/ptolemy/actor/lib/test/auto/DiscreteClock23.xml
----------------- Instantiating /home/travis/build/icyphy/ptII/ptolemy/actor/lib/test/auto/DiscreteClock23.xml
4 ms. Memory: 471040K Free: 232599K (49%)
----------------- Invoking toplevel() on ptolemy.moml.MoMLSimpleApplication@342bd8ec
----------------- Done invoking toplevel() on ptolemy.moml.MoMLSimpleApplication@342bd8ec
reloadAllAccessors: .DiscreteClock23

===========================================================================================
----------------- testing Fri Dec 27 06:28:46 UTC 2019 /home/travis/build/icyphy/ptII/ptolemy/actor/lib/test/auto/DiscreteClock24.xml
----------------- Instantiating /home/travis/build/icyphy/ptII/ptolemy/actor/lib/test/auto/DiscreteClock24.xml
3 ms. Memory: 471040K Free: 226969K (48%)
----------------- Invoking toplevel() on ptolemy.moml.MoMLSimpleApplication@1e063b3b
----------------- Done invoking toplevel() on ptolemy.moml.MoMLSimpleApplication@1e063b3b
reloadAllAccessors: .DiscreteClock24

===========================================================================================
----------------- testing Fri Dec 27 06:28:46 UTC 2019 /home/travis/build/icyphy/ptII/ptolemy/actor/lib/test/auto/DiscreteClock4.xml
----------------- Instantiating /home/travis/build/icyphy/ptII/ptolemy/actor/lib/test/auto/DiscreteClock4.xml
1 ms. Memory: 471040K Free: 221335K (47%)
----------------- Invoking toplevel() on ptolemy.moml.MoMLSimpleApplication@11ea4d13
----------------- Done invoking toplevel() on ptolemy.moml.MoMLSimpleApplication@11ea4d13
reloadAllAccessors: .DiscreteClock4

===========================================================================================
----------------- testing Fri Dec 27 06:28:46 UTC 2019 /home/travis/build/icyphy/ptII/ptolemy/actor/lib/test/auto/DiscreteClock5.xml
----------------- Instantiating /home/travis/build/icyphy/ptII/ptolemy/actor/lib/test/auto/DiscreteClock5.xml
1 ms. Memory: 471040K Free: 216200K (46%)
----------------- Invoking toplevel() on ptolemy.moml.MoMLSimpleApplication@28b1aeef
----------------- Done invoking toplevel() on ptolemy.moml.MoMLSimpleApplication@28b1aeef
reloadAllAccessors: .DiscreteClock5

===========================================================================================
----------------- testing Fri Dec 27 06:28:46 UTC 2019 /home/travis/build/icyphy/ptII/ptolemy/actor/lib/test/auto/DiscreteClock6.xml
----------------- Instantiating /home/travis/build/icyphy/ptII/ptolemy/actor/lib/test/auto/DiscreteClock6.xml
1 ms. Memory: 471040K Free: 212104K (45%)
----------------- Invoking toplevel() on ptolemy.moml.MoMLSimpleApplication@5f1effa3
----------------- Done invoking toplevel() on ptolemy.moml.MoMLSimpleApplication@5f1effa3
reloadAllAccessors: .DiscreteClock6

===========================================================================================
----------------- testing Fri Dec 27 06:28:46 UTC 2019 /home/travis/build/icyphy/ptII/ptolemy/actor/lib/test/auto/DiscreteClock7.xml
----------------- Instantiating /home/travis/build/icyphy/ptII/ptolemy/actor/lib/test/auto/DiscreteClock7.xml
1 ms. Memory: 471040K Free: 206999K (44%)
----------------- Invoking toplevel() on ptolemy.moml.MoMLSimpleApplication@758a86a6
----------------- Done invoking toplevel() on ptolemy.moml.MoMLSimpleApplication@758a86a6
reloadAllAccessors: .DiscreteClock7

===========================================================================================
----------------- testing Fri Dec 27 06:28:46 UTC 2019 /home/travis/build/icyphy/ptII/ptolemy/actor/lib/test/auto/DiscreteClock8.xml
----------------- Instantiating /home/travis/build/icyphy/ptII/ptolemy/actor/lib/test/auto/DiscreteClock8.xml
8 ms. Memory: 471040K Free: 201369K (43%)
----------------- Invoking toplevel() on ptolemy.moml.MoMLSimpleApplication@44c41172
----------------- Done invoking toplevel() on ptolemy.moml.MoMLSimpleApplication@44c41172
reloadAllAccessors: .DiscreteClock8

===========================================================================================
----------------- testing Fri Dec 27 06:28:46 UTC 2019 /home/travis/build/icyphy/ptII/ptolemy/actor/lib/test/auto/DiscreteClock9.xml
----------------- Instantiating /home/travis/build/icyphy/ptII/ptolemy/actor/lib/test/auto/DiscreteClock9.xml
6 ms. Memory: 471040K Free: 195704K (42%)
----------------- Invoking toplevel() on ptolemy.moml.MoMLSimpleApplication@290b3d74
----------------- Done invoking toplevel() on ptolemy.moml.MoMLSimpleApplication@290b3d74
reloadAllAccessors: .DiscreteClock9

===========================================================================================
----------------- testing Fri Dec 27 06:28:46 UTC 2019 /home/travis/build/icyphy/ptII/ptolemy/actor/lib/test/auto/DisplayArray.xml
----------------- Instantiating /home/travis/build/icyphy/ptII/ptolemy/actor/lib/test/auto/DisplayArray.xml
1 ms. Memory: 471040K Free: 192153K (41%)
----------------- Invoking toplevel() on ptolemy.moml.MoMLSimpleApplication@ffc0480
----------------- Done invoking toplevel() on ptolemy.moml.MoMLSimpleApplication@ffc0480
reloadAllAccessors: .DisplayArray

===========================================================================================
----------------- testing Fri Dec 27 06:28:46 UTC 2019 /home/travis/build/icyphy/ptII/ptolemy/actor/lib/test/auto/Distributor.xml
----------------- Instantiating /home/travis/build/icyphy/ptII/ptolemy/actor/lib/test/auto/Distributor.xml
1 ms. Memory: 471040K Free: 187543K (40%)
----------------- Invoking toplevel() on ptolemy.moml.MoMLSimpleApplication@431a8d49
----------------- Done invoking toplevel() on ptolemy.moml.MoMLSimpleApplication@431a8d49
reloadAllAccessors: .Distributor

===========================================================================================
----------------- testing Fri Dec 27 06:28:46 UTC 2019 /home/travis/build/icyphy/ptII/ptolemy/actor/lib/test/auto/Distributor2.xml
----------------- Instantiating /home/travis/build/icyphy/ptII/ptolemy/actor/lib/test/auto/Distributor2.xml
1 ms. Memory: 471040K Free: 182423K (39%)
----------------- Invoking toplevel() on ptolemy.moml.MoMLSimpleApplication@2fd3b7d5
----------------- Done invoking toplevel() on ptolemy.moml.MoMLSimpleApplication@2fd3b7d5
reloadAllAccessors: .Distributor2

===========================================================================================
----------------- testing Fri Dec 27 06:28:46 UTC 2019 /home/travis/build/icyphy/ptII/ptolemy/actor/lib/test/auto/DownSample.xml
----------------- Instantiating /home/travis/build/icyphy/ptII/ptolemy/actor/lib/test/auto/DownSample.xml
1 ms. Memory: 471040K Free: 177817K (38%)
----------------- Invoking toplevel() on ptolemy.moml.MoMLSimpleApplication@41b3bfb4
----------------- Done invoking toplevel() on ptolemy.moml.MoMLSimpleApplication@41b3bfb4
reloadAllAccessors: .DownSample

===========================================================================================
----------------- testing Fri Dec 27 06:28:46 UTC 2019 /home/travis/build/icyphy/ptII/ptolemy/actor/lib/test/auto/ElectronicUnitBase1.xml
----------------- Instantiating /home/travis/build/icyphy/ptII/ptolemy/actor/lib/test/auto/ElectronicUnitBase1.xml
14 ms. Memory: 471040K Free: 161943K (34%)
----------------- Invoking toplevel() on ptolemy.moml.MoMLSimpleApplication@7b97ade3
----------------- Done invoking toplevel() on ptolemy.moml.MoMLSimpleApplication@7b97ade3
reloadAllAccessors: .ElectronicUnitBase1

===========================================================================================
----------------- testing Fri Dec 27 06:28:46 UTC 2019 /home/travis/build/icyphy/ptII/ptolemy/actor/lib/test/auto/ElementsToArray.xml
----------------- Instantiating /home/travis/build/icyphy/ptII/ptolemy/actor/lib/test/auto/ElementsToArray.xml
2 ms. Memory: 471040K Free: 156823K (33%)
----------------- Invoking toplevel() on ptolemy.moml.MoMLSimpleApplication@75b569a
----------------- Done invoking toplevel() on ptolemy.moml.MoMLSimpleApplication@75b569a
reloadAllAccessors: .ElementsToArray

===========================================================================================
----------------- testing Fri Dec 27 06:28:46 UTC 2019 /home/travis/build/icyphy/ptII/ptolemy/actor/lib/test/auto/Equals.xml
----------------- Instantiating /home/travis/build/icyphy/ptII/ptolemy/actor/lib/test/auto/Equals.xml
1 ms. Memory: 471040K Free: 152217K (32%)
----------------- Invoking toplevel() on ptolemy.moml.MoMLSimpleApplication@3520e3d7
----------------- Done invoking toplevel() on ptolemy.moml.MoMLSimpleApplication@3520e3d7
reloadAllAccessors: .Equals

===========================================================================================
----------------- testing Fri Dec 27 06:28:46 UTC 2019 /home/travis/build/icyphy/ptII/ptolemy/actor/lib/test/auto/Exec.xml
----------------- Instantiating /home/travis/build/icyphy/ptII/ptolemy/actor/lib/test/auto/Exec.xml
57 ms. Memory: 471040K Free: 420505K (89%)
----------------- Invoking toplevel() on ptolemy.moml.MoMLSimpleApplication@4ddbadd0
----------------- Done invoking toplevel() on ptolemy.moml.MoMLSimpleApplication@4ddbadd0
reloadAllAccessors: .Exec

===========================================================================================
----------------- testing Fri Dec 27 06:28:46 UTC 2019 /home/travis/build/icyphy/ptII/ptolemy/actor/lib/test/auto/ExecEnvironment.xml
----------------- Instantiating /home/travis/build/icyphy/ptII/ptolemy/actor/lib/test/auto/ExecEnvironment.xml
16 ms. Memory: 471040K Free: 414856K (88%)
----------------- Invoking toplevel() on ptolemy.moml.MoMLSimpleApplication@4e843538
----------------- Done invoking toplevel() on ptolemy.moml.MoMLSimpleApplication@4e843538
reloadAllAccessors: .ExecEnvironment

===========================================================================================
----------------- testing Fri Dec 27 06:28:46 UTC 2019 /home/travis/build/icyphy/ptII/ptolemy/actor/lib/test/auto/ExecNonZeroReturnOutput.xml
----------------- Instantiating /home/travis/build/icyphy/ptII/ptolemy/actor/lib/test/auto/ExecNonZeroReturnOutput.xml
160 ms. Memory: 471040K Free: 403097K (86%)
----------------- Invoking toplevel() on ptolemy.moml.MoMLSimpleApplication@76baac8c
----------------- Done invoking toplevel() on ptolemy.moml.MoMLSimpleApplication@76baac8c
reloadAllAccessors: .ExecNonZeroReturnOutput

===========================================================================================
----------------- testing Fri Dec 27 06:28:46 UTC 2019 /home/travis/build/icyphy/ptII/ptolemy/actor/lib/test/auto/ExecRunDemos.xml
----------------- Instantiating /home/travis/build/icyphy/ptII/ptolemy/actor/lib/test/auto/ExecRunDemos.xml
Finished: 63 ms. Memory: 129024K Free: 113088K (88%)

Finished: 49 ms. Memory: 129024K Free: 110500K (86%)

Finished: 110 ms. Memory: 129024K Free: 110585K (86%)

Finished: 71 ms. Memory: 129024K Free: 112156K (87%)

Finished: 67 ms. Memory: 129024K Free: 113017K (88%)

10011 ms. Memory: 471040K Free: 382615K (81%)
----------------- Invoking toplevel() on ptolemy.moml.MoMLSimpleApplication@419a8659
----------------- Done invoking toplevel() on ptolemy.moml.MoMLSimpleApplication@419a8659
reloadAllAccessors: .ExecRunDemos

===========================================================================================
----------------- testing Fri Dec 27 06:28:56 UTC 2019 /home/travis/build/icyphy/ptII/ptolemy/actor/lib/test/auto/ExecStop.xml
----------------- Instantiating /home/travis/build/icyphy/ptII/ptolemy/actor/lib/test/auto/ExecStop.xml
5016 ms. Memory: 471040K Free: 263833K (56%)
----------------- Invoking toplevel() on ptolemy.moml.MoMLSimpleApplication@13c3f13
----------------- Done invoking toplevel() on ptolemy.moml.MoMLSimpleApplication@13c3f13
reloadAllAccessors: .ExecStop

===========================================================================================
----------------- testing Fri Dec 27 06:29:01 UTC 2019 /home/travis/build/icyphy/ptII/ptolemy/actor/lib/test/auto/ExecutionTimeSDF.xml
----------------- Instantiating /home/travis/build/icyphy/ptII/ptolemy/actor/lib/test/auto/ExecutionTimeSDF.xml
Fired ExecutionTime: -1024167296
Fired ExecutionTime: 1286400000
Fired ExecutionTime: 1337600000
6008 ms. Memory: 471040K Free: 251545K (53%)
----------------- Invoking toplevel() on ptolemy.moml.MoMLSimpleApplication@5fcf8407
----------------- Done invoking toplevel() on ptolemy.moml.MoMLSimpleApplication@5fcf8407
reloadAllAccessors: .ExecutionTimeSDF

===========================================================================================
----------------- testing Fri Dec 27 06:29:07 UTC 2019 /home/travis/build/icyphy/ptII/ptolemy/actor/lib/test/auto/Expression1.xml
----------------- Instantiating /home/travis/build/icyphy/ptII/ptolemy/actor/lib/test/auto/Expression1.xml
2 ms. Memory: 471040K Free: 247959K (53%)
----------------- Invoking toplevel() on ptolemy.moml.MoMLSimpleApplication@1625cd6b
----------------- Done invoking toplevel() on ptolemy.moml.MoMLSimpleApplication@1625cd6b
reloadAllAccessors: .Expression1

===========================================================================================
----------------- testing Fri Dec 27 06:29:07 UTC 2019 /home/travis/build/icyphy/ptII/ptolemy/actor/lib/test/auto/Expression10.xml
----------------- Instantiating /home/travis/build/icyphy/ptII/ptolemy/actor/lib/test/auto/Expression10.xml
7 ms. Memory: 471040K Free: 242329K (51%)
----------------- Invoking toplevel() on ptolemy.moml.MoMLSimpleApplication@3108ee80
----------------- Done invoking toplevel() on ptolemy.moml.MoMLSimpleApplication@3108ee80
reloadAllAccessors: .Expression10

===========================================================================================
----------------- testing Fri Dec 27 06:29:07 UTC 2019 /home/travis/build/icyphy/ptII/ptolemy/actor/lib/test/auto/Expression11.xml
----------------- Instantiating /home/travis/build/icyphy/ptII/ptolemy/actor/lib/test/auto/Expression11.xml
3 ms. Memory: 471040K Free: 237719K (50%)
----------------- Invoking toplevel() on ptolemy.moml.MoMLSimpleApplication@1908a3c6
----------------- Done invoking toplevel() on ptolemy.moml.MoMLSimpleApplication@1908a3c6
reloadAllAccessors: .Expression11

===========================================================================================
----------------- testing Fri Dec 27 06:29:07 UTC 2019 /home/travis/build/icyphy/ptII/ptolemy/actor/lib/test/auto/Expression12.xml
----------------- Instantiating /home/travis/build/icyphy/ptII/ptolemy/actor/lib/test/auto/Expression12.xml
2 ms. Memory: 471040K Free: 232089K (49%)
----------------- Invoking toplevel() on ptolemy.moml.MoMLSimpleApplication@2f2f9c1
----------------- Done invoking toplevel() on ptolemy.moml.MoMLSimpleApplication@2f2f9c1
reloadAllAccessors: .Expression12

===========================================================================================
----------------- testing Fri Dec 27 06:29:07 UTC 2019 /home/travis/build/icyphy/ptII/ptolemy/actor/lib/test/auto/Expression13.xml
----------------- Instantiating /home/travis/build/icyphy/ptII/ptolemy/actor/lib/test/auto/Expression13.xml
3 ms. Memory: 471040K Free: 226969K (48%)
----------------- Invoking toplevel() on ptolemy.moml.MoMLSimpleApplication@10481fa9
----------------- Done invoking toplevel() on ptolemy.moml.MoMLSimpleApplication@10481fa9
reloadAllAccessors: .Expression13

===========================================================================================
----------------- testing Fri Dec 27 06:29:07 UTC 2019 /home/travis/build/icyphy/ptII/ptolemy/actor/lib/test/auto/Expression14.xml
----------------- Instantiating /home/travis/build/icyphy/ptII/ptolemy/actor/lib/test/auto/Expression14.xml
7 ms. Memory: 471040K Free: 220825K (47%)
----------------- Invoking toplevel() on ptolemy.moml.MoMLSimpleApplication@68f0b5f7
----------------- Done invoking toplevel() on ptolemy.moml.MoMLSimpleApplication@68f0b5f7
reloadAllAccessors: .Expression14

===========================================================================================
----------------- testing Fri Dec 27 06:29:08 UTC 2019 /home/travis/build/icyphy/ptII/ptolemy/actor/lib/test/auto/Expression15.xml
----------------- Instantiating /home/travis/build/icyphy/ptII/ptolemy/actor/lib/test/auto/Expression15.xml
1 ms. Memory: 471040K Free: 216729K (46%)
----------------- Invoking toplevel() on ptolemy.moml.MoMLSimpleApplication@1280eaf1
----------------- Done invoking toplevel() on ptolemy.moml.MoMLSimpleApplication@1280eaf1
reloadAllAccessors: .Expression15

===========================================================================================
----------------- testing Fri Dec 27 06:29:08 UTC 2019 /home/travis/build/icyphy/ptII/ptolemy/actor/lib/test/auto/Expression16.xml
----------------- Instantiating /home/travis/build/icyphy/ptII/ptolemy/actor/lib/test/auto/Expression16.xml
2 ms. Memory: 471040K Free: 212119K (45%)
----------------- Invoking toplevel() on ptolemy.moml.MoMLSimpleApplication@e5d1d70
----------------- Done invoking toplevel() on ptolemy.moml.MoMLSimpleApplication@e5d1d70
reloadAllAccessors: .Expression16

===========================================================================================
----------------- testing Fri Dec 27 06:29:08 UTC 2019 /home/travis/build/icyphy/ptII/ptolemy/actor/lib/test/auto/Expression17.xml
----------------- Instantiating /home/travis/build/icyphy/ptII/ptolemy/actor/lib/test/auto/Expression17.xml
3 ms. Memory: 471040K Free: 206999K (44%)
----------------- Invoking toplevel() on ptolemy.moml.MoMLSimpleApplication@4eff1388
----------------- Done invoking toplevel() on ptolemy.moml.MoMLSimpleApplication@4eff1388
reloadAllAccessors: .Expression17

===========================================================================================
----------------- testing Fri Dec 27 06:29:08 UTC 2019 /home/travis/build/icyphy/ptII/ptolemy/actor/lib/test/auto/Expression18.xml
----------------- Instantiating /home/travis/build/icyphy/ptII/ptolemy/actor/lib/test/auto/Expression18.xml
1 ms. Memory: 471040K Free: 201879K (43%)
----------------- Invoking toplevel() on ptolemy.moml.MoMLSimpleApplication@74950628
----------------- Done invoking toplevel() on ptolemy.moml.MoMLSimpleApplication@74950628
reloadAllAccessors: .Expression18

===========================================================================================
----------------- testing Fri Dec 27 06:29:08 UTC 2019 /home/travis/build/icyphy/ptII/ptolemy/actor/lib/test/auto/Expression2.xml
----------------- Instantiating /home/travis/build/icyphy/ptII/ptolemy/actor/lib/test/auto/Expression2.xml
2 ms. Memory: 471040K Free: 196759K (42%)
----------------- Invoking toplevel() on ptolemy.moml.MoMLSimpleApplication@f3b2ccd
----------------- Done invoking toplevel() on ptolemy.moml.MoMLSimpleApplication@f3b2ccd
reloadAllAccessors: .Expression2

===========================================================================================
----------------- testing Fri Dec 27 06:29:08 UTC 2019 /home/travis/build/icyphy/ptII/ptolemy/actor/lib/test/auto/Expression3.xml
----------------- Instantiating /home/travis/build/icyphy/ptII/ptolemy/actor/lib/test/auto/Expression3.xml
5 ms. Memory: 471040K Free: 191639K (41%)
----------------- Invoking toplevel() on ptolemy.moml.MoMLSimpleApplication@53214939
----------------- Done invoking toplevel() on ptolemy.moml.MoMLSimpleApplication@53214939
reloadAllAccessors: .Expression3

===========================================================================================
----------------- testing Fri Dec 27 06:29:08 UTC 2019 /home/travis/build/icyphy/ptII/ptolemy/actor/lib/test/auto/Expression4.xml
----------------- Instantiating /home/travis/build/icyphy/ptII/ptolemy/actor/lib/test/auto/Expression4.xml
3 ms. Memory: 471040K Free: 184471K (39%)
----------------- Invoking toplevel() on ptolemy.moml.MoMLSimpleApplication@37513b15
----------------- Done invoking toplevel() on ptolemy.moml.MoMLSimpleApplication@37513b15
reloadAllAccessors: .Expression4

===========================================================================================
----------------- testing Fri Dec 27 06:29:08 UTC 2019 /home/travis/build/icyphy/ptII/ptolemy/actor/lib/test/auto/Expression5.xml
----------------- Instantiating /home/travis/build/icyphy/ptII/ptolemy/actor/lib/test/auto/Expression5.xml
5 ms. Memory: 471040K Free: 179351K (38%)
----------------- Invoking toplevel() on ptolemy.moml.MoMLSimpleApplication@27f530cd
----------------- Done invoking toplevel() on ptolemy.moml.MoMLSimpleApplication@27f530cd
reloadAllAccessors: .Expression5

===========================================================================================
----------------- testing Fri Dec 27 06:29:08 UTC 2019 /home/travis/build/icyphy/ptII/ptolemy/actor/lib/test/auto/Expression6.xml
----------------- Instantiating /home/travis/build/icyphy/ptII/ptolemy/actor/lib/test/auto/Expression6.xml
2 ms. Memory: 471040K Free: 174745K (37%)
----------------- Invoking toplevel() on ptolemy.moml.MoMLSimpleApplication@1e2c8fda
----------------- Done invoking toplevel() on ptolemy.moml.MoMLSimpleApplication@1e2c8fda
reloadAllAccessors: .Expression6

===========================================================================================
----------------- testing Fri Dec 27 06:29:08 UTC 2019 /home/travis/build/icyphy/ptII/ptolemy/actor/lib/test/auto/Expression7.xml
----------------- Instantiating /home/travis/build/icyphy/ptII/ptolemy/actor/lib/test/auto/Expression7.xml
7 ms. Memory: 471040K Free: 169625K (36%)
----------------- Invoking toplevel() on ptolemy.moml.MoMLSimpleApplication@6c38debd
----------------- Done invoking toplevel() on ptolemy.moml.MoMLSimpleApplication@6c38debd
reloadAllAccessors: .Expression7

===========================================================================================
----------------- testing Fri Dec 27 06:29:08 UTC 2019 /home/travis/build/icyphy/ptII/ptolemy/actor/lib/test/auto/Expression8.xml
----------------- Instantiating /home/travis/build/icyphy/ptII/ptolemy/actor/lib/test/auto/Expression8.xml
7 ms. Memory: 471040K Free: 164505K (35%)
----------------- Invoking toplevel() on ptolemy.moml.MoMLSimpleApplication@1aa3cefb
----------------- Done invoking toplevel() on ptolemy.moml.MoMLSimpleApplication@1aa3cefb
reloadAllAccessors: .Expression8

===========================================================================================
----------------- testing Fri Dec 27 06:29:08 UTC 2019 /home/travis/build/icyphy/ptII/ptolemy/actor/lib/test/auto/Expression9.xml
----------------- Instantiating /home/travis/build/icyphy/ptII/ptolemy/actor/lib/test/auto/Expression9.xml
1 ms. Memory: 471040K Free: 160409K (34%)
----------------- Invoking toplevel() on ptolemy.moml.MoMLSimpleApplication@487a8c63
----------------- Done invoking toplevel() on ptolemy.moml.MoMLSimpleApplication@487a8c63
reloadAllAccessors: .Expression9

===========================================================================================
----------------- testing Fri Dec 27 06:29:08 UTC 2019 /home/travis/build/icyphy/ptII/ptolemy/actor/lib/test/auto/ExpressionConcatenateArrayType.xml
----------------- Instantiating /home/travis/build/icyphy/ptII/ptolemy/actor/lib/test/auto/ExpressionConcatenateArrayType.xml
2 ms. Memory: 471040K Free: 154265K (33%)
----------------- Invoking toplevel() on ptolemy.moml.MoMLSimpleApplication@38ee8698
----------------- Done invoking toplevel() on ptolemy.moml.MoMLSimpleApplication@38ee8698
reloadAllAccessors: .ExpressionConcatenateArrayType

===========================================================================================
----------------- testing Fri Dec 27 06:29:08 UTC 2019 /home/travis/build/icyphy/ptII/ptolemy/actor/lib/test/auto/ExpressionConcatenateArrayType2.xml
----------------- Instantiating /home/travis/build/icyphy/ptII/ptolemy/actor/lib/test/auto/ExpressionConcatenateArrayType2.xml
2 ms. Memory: 471040K Free: 148631K (32%)
----------------- Invoking toplevel() on ptolemy.moml.MoMLSimpleApplication@36521cfc
----------------- Done invoking toplevel() on ptolemy.moml.MoMLSimpleApplication@36521cfc
reloadAllAccessors: .ExpressionConcatenateArrayType2

===========================================================================================
----------------- testing Fri Dec 27 06:29:08 UTC 2019 /home/travis/build/icyphy/ptII/ptolemy/actor/lib/test/auto/ExpressionFix.xml
----------------- Instantiating /home/travis/build/icyphy/ptII/ptolemy/actor/lib/test/auto/ExpressionFix.xml
9 ms. Memory: 471040K Free: 416124K (88%)
----------------- Invoking toplevel() on ptolemy.moml.MoMLSimpleApplication@4915cb4c
----------------- Done invoking toplevel() on ptolemy.moml.MoMLSimpleApplication@4915cb4c
reloadAllAccessors: .ExpressionFix

===========================================================================================
----------------- testing Fri Dec 27 06:29:08 UTC 2019 /home/travis/build/icyphy/ptII/ptolemy/actor/lib/test/auto/ExpressionFix2.xml
----------------- Instantiating /home/travis/build/icyphy/ptII/ptolemy/actor/lib/test/auto/ExpressionFix2.xml
4 ms. Memory: 471040K Free: 411514K (87%)
----------------- Invoking toplevel() on ptolemy.moml.MoMLSimpleApplication@1ee18cf0
----------------- Done invoking toplevel() on ptolemy.moml.MoMLSimpleApplication@1ee18cf0
reloadAllAccessors: .ExpressionFix2

===========================================================================================
----------------- testing Fri Dec 27 06:29:08 UTC 2019 /home/travis/build/icyphy/ptII/ptolemy/actor/lib/test/auto/ExpressionFix3.xml
----------------- Instantiating /home/travis/build/icyphy/ptII/ptolemy/actor/lib/test/auto/ExpressionFix3.xml
3 ms. Memory: 471040K Free: 406908K (86%)
----------------- Invoking toplevel() on ptolemy.moml.MoMLSimpleApplication@3457bc7b
----------------- Done invoking toplevel() on ptolemy.moml.MoMLSimpleApplication@3457bc7b
reloadAllAccessors: .ExpressionFix3

===========================================================================================
----------------- testing Fri Dec 27 06:29:08 UTC 2019 /home/travis/build/icyphy/ptII/ptolemy/actor/lib/test/auto/FileWriter1.xml
----------------- Instantiating /home/travis/build/icyphy/ptII/ptolemy/actor/lib/test/auto/FileWriter1.xml
2 ms. Memory: 471040K Free: 402812K (86%)
----------------- Invoking toplevel() on ptolemy.moml.MoMLSimpleApplication@57fa98a0
----------------- Done invoking toplevel() on ptolemy.moml.MoMLSimpleApplication@57fa98a0
reloadAllAccessors: .FileWriter1

===========================================================================================
----------------- testing Fri Dec 27 06:29:08 UTC 2019 /home/travis/build/icyphy/ptII/ptolemy/actor/lib/test/auto/FileWriter2.xml
----------------- Instantiating /home/travis/build/icyphy/ptII/ptolemy/actor/lib/test/auto/FileWriter2.xml
3 ms. Memory: 471040K Free: 398202K (85%)
----------------- Invoking toplevel() on ptolemy.moml.MoMLSimpleApplication@7a3b4c1c
----------------- Done invoking toplevel() on ptolemy.moml.MoMLSimpleApplication@7a3b4c1c
reloadAllAccessors: .FileWriter2

===========================================================================================
----------------- testing Fri Dec 27 06:29:08 UTC 2019 /home/travis/build/icyphy/ptII/ptolemy/actor/lib/test/auto/FileWriter3.xml
----------------- Instantiating /home/travis/build/icyphy/ptII/ptolemy/actor/lib/test/auto/FileWriter3.xml
1 ms. Memory: 471040K Free: 394620K (84%)
----------------- Invoking toplevel() on ptolemy.moml.MoMLSimpleApplication@49efbcbf
----------------- Done invoking toplevel() on ptolemy.moml.MoMLSimpleApplication@49efbcbf
reloadAllAccessors: .FileWriter3

===========================================================================================
----------------- testing Fri Dec 27 06:29:08 UTC 2019 /home/travis/build/icyphy/ptII/ptolemy/actor/lib/test/auto/Gaussian.xml
----------------- Instantiating /home/travis/build/icyphy/ptII/ptolemy/actor/lib/test/auto/Gaussian.xml
3 ms. Memory: 471040K Free: 390010K (83%)
----------------- Invoking toplevel() on ptolemy.moml.MoMLSimpleApplication@223f6797
----------------- Done invoking toplevel() on ptolemy.moml.MoMLSimpleApplication@223f6797
reloadAllAccessors: .Gaussian

===========================================================================================
----------------- testing Fri Dec 27 06:29:08 UTC 2019 /home/travis/build/icyphy/ptII/ptolemy/actor/lib/test/auto/Gaussian1.xml
----------------- Instantiating /home/travis/build/icyphy/ptII/ptolemy/actor/lib/test/auto/Gaussian1.xml
3 ms. Memory: 471040K Free: 384380K (82%)
----------------- Invoking toplevel() on ptolemy.moml.MoMLSimpleApplication@70e3f88d
----------------- Done invoking toplevel() on ptolemy.moml.MoMLSimpleApplication@70e3f88d
reloadAllAccessors: .Gaussian1

===========================================================================================
----------------- testing Fri Dec 27 06:29:08 UTC 2019 /home/travis/build/icyphy/ptII/ptolemy/actor/lib/test/auto/Gaussian2.xml
----------------- Instantiating /home/travis/build/icyphy/ptII/ptolemy/actor/lib/test/auto/Gaussian2.xml
9 ms. Memory: 471040K Free: 378732K (80%)
----------------- Invoking toplevel() on ptolemy.moml.MoMLSimpleApplication@48b7d668
----------------- Done invoking toplevel() on ptolemy.moml.MoMLSimpleApplication@48b7d668
reloadAllAccessors: .Gaussian2

===========================================================================================
----------------- testing Fri Dec 27 06:29:08 UTC 2019 /home/travis/build/icyphy/ptII/ptolemy/actor/lib/test/auto/GradientAdaptiveLattice.xml
----------------- Instantiating /home/travis/build/icyphy/ptII/ptolemy/actor/lib/test/auto/GradientAdaptiveLattice.xml
3 ms. Memory: 471040K Free: 373626K (79%)
----------------- Invoking toplevel() on ptolemy.moml.MoMLSimpleApplication@738e39b7
----------------- Done invoking toplevel() on ptolemy.moml.MoMLSimpleApplication@738e39b7
reloadAllAccessors: .GradientAdaptiveLattice

===========================================================================================
----------------- testing Fri Dec 27 06:29:08 UTC 2019 /home/travis/build/icyphy/ptII/ptolemy/actor/lib/test/auto/IIR.xml
----------------- Instantiating /home/travis/build/icyphy/ptII/ptolemy/actor/lib/test/auto/IIR.xml
1 ms. Memory: 471040K Free: 369020K (78%)
----------------- Invoking toplevel() on ptolemy.moml.MoMLSimpleApplication@2a783d98
----------------- Done invoking toplevel() on ptolemy.moml.MoMLSimpleApplication@2a783d98
reloadAllAccessors: .IIR

===========================================================================================
----------------- testing Fri Dec 27 06:29:08 UTC 2019 /home/travis/build/icyphy/ptII/ptolemy/actor/lib/test/auto/InputOutputTransparentPorts.xml
----------------- Instantiating /home/travis/build/icyphy/ptII/ptolemy/actor/lib/test/auto/InputOutputTransparentPorts.xml
2 ms. Memory: 471040K Free: 361338K (77%)
----------------- Invoking toplevel() on ptolemy.moml.MoMLSimpleApplication@745e8271
----------------- Done invoking toplevel() on ptolemy.moml.MoMLSimpleApplication@745e8271
reloadAllAccessors: .InputOutputTransparentPorts

===========================================================================================
----------------- testing Fri Dec 27 06:29:08 UTC 2019 /home/travis/build/icyphy/ptII/ptolemy/actor/lib/test/auto/Interpolator.xml
----------------- Instantiating /home/travis/build/icyphy/ptII/ptolemy/actor/lib/test/auto/Interpolator.xml
4 ms. Memory: 471040K Free: 357242K (76%)
----------------- Invoking toplevel() on ptolemy.moml.MoMLSimpleApplication@64a4b431
----------------- Done invoking toplevel() on ptolemy.moml.MoMLSimpleApplication@64a4b431
reloadAllAccessors: .Interpolator

===========================================================================================
----------------- testing Fri Dec 27 06:29:08 UTC 2019 /home/travis/build/icyphy/ptII/ptolemy/actor/lib/test/auto/InterpolatorFiringLimitDE.xml
----------------- Instantiating /home/travis/build/icyphy/ptII/ptolemy/actor/lib/test/auto/InterpolatorFiringLimitDE.xml
2 ms. Memory: 471040K Free: 351612K (75%)
----------------- Invoking toplevel() on ptolemy.moml.MoMLSimpleApplication@4689cca0
----------------- Done invoking toplevel() on ptolemy.moml.MoMLSimpleApplication@4689cca0
reloadAllAccessors: .InterpolatorFiringLimitDE

===========================================================================================
----------------- testing Fri Dec 27 06:29:08 UTC 2019 /home/travis/build/icyphy/ptII/ptolemy/actor/lib/test/auto/Lattice.xml
----------------- Instantiating /home/travis/build/icyphy/ptII/ptolemy/actor/lib/test/auto/Lattice.xml
1 ms. Memory: 471040K Free: 347516K (74%)
----------------- Invoking toplevel() on ptolemy.moml.MoMLSimpleApplication@5cbfc900
----------------- Done invoking toplevel() on ptolemy.moml.MoMLSimpleApplication@5cbfc900
reloadAllAccessors: .Lattice

===========================================================================================
----------------- testing Fri Dec 27 06:29:08 UTC 2019 /home/travis/build/icyphy/ptII/ptolemy/actor/lib/test/auto/LazyAOCTestLazy.xml
----------------- Instantiating /home/travis/build/icyphy/ptII/ptolemy/actor/lib/test/auto/LazyAOCTestLazy.xml
20 ms. Memory: 471040K Free: 341372K (72%)
----------------- Invoking toplevel() on ptolemy.moml.MoMLSimpleApplication@29a7931c
----------------- Done invoking toplevel() on ptolemy.moml.MoMLSimpleApplication@29a7931c
reloadAllAccessors: .LazyAOCTestLazy

===========================================================================================
----------------- testing Fri Dec 27 06:29:08 UTC 2019 /home/travis/build/icyphy/ptII/ptolemy/actor/lib/test/auto/LazyAOCTestNonLazy.xml
----------------- Instantiating /home/travis/build/icyphy/ptII/ptolemy/actor/lib/test/auto/LazyAOCTestNonLazy.xml
2 ms. Memory: 471040K Free: 334714K (71%)
----------------- Invoking toplevel() on ptolemy.moml.MoMLSimpleApplication@470c981d
----------------- Done invoking toplevel() on ptolemy.moml.MoMLSimpleApplication@470c981d
reloadAllAccessors: .LazyAOCTestNonLazy

===========================================================================================
----------------- testing Fri Dec 27 06:29:08 UTC 2019 /home/travis/build/icyphy/ptII/ptolemy/actor/lib/test/auto/LazyInnerClass.xml
----------------- Instantiating /home/travis/build/icyphy/ptII/ptolemy/actor/lib/test/auto/LazyInnerClass.xml
19 ms. Memory: 471040K Free: 326012K (69%)
----------------- Invoking toplevel() on ptolemy.moml.MoMLSimpleApplication@465fdab7
----------------- Done invoking toplevel() on ptolemy.moml.MoMLSimpleApplication@465fdab7
reloadAllAccessors: .LazyInnerClass

===========================================================================================
----------------- testing Fri Dec 27 06:29:08 UTC 2019 /home/travis/build/icyphy/ptII/ptolemy/actor/lib/test/auto/LazyPubSub.xml
----------------- Instantiating /home/travis/build/icyphy/ptII/ptolemy/actor/lib/test/auto/LazyPubSub.xml
23 ms. Memory: 471040K Free: 315772K (67%)
----------------- Invoking toplevel() on ptolemy.moml.MoMLSimpleApplication@155ee90e
----------------- Done invoking toplevel() on ptolemy.moml.MoMLSimpleApplication@155ee90e
reloadAllAccessors: .LazyPubSub

===========================================================================================
----------------- testing Fri Dec 27 06:29:08 UTC 2019 /home/travis/build/icyphy/ptII/ptolemy/actor/lib/test/auto/LazyPubSub2.xml
----------------- Instantiating /home/travis/build/icyphy/ptII/ptolemy/actor/lib/test/auto/LazyPubSub2.xml
18 ms. Memory: 471040K Free: 305532K (65%)
----------------- Invoking toplevel() on ptolemy.moml.MoMLSimpleApplication@2011264c
----------------- Done invoking toplevel() on ptolemy.moml.MoMLSimpleApplication@2011264c
reloadAllAccessors: .LazyPubSub2

===========================================================================================
----------------- testing Fri Dec 27 06:29:08 UTC 2019 /home/travis/build/icyphy/ptII/ptolemy/actor/lib/test/auto/LazyPubSub3.xml
----------------- Instantiating /home/travis/build/icyphy/ptII/ptolemy/actor/lib/test/auto/LazyPubSub3.xml
12 ms. Memory: 471040K Free: 295292K (63%)
----------------- Invoking toplevel() on ptolemy.moml.MoMLSimpleApplication@30a56c23
----------------- Done invoking toplevel() on ptolemy.moml.MoMLSimpleApplication@30a56c23
reloadAllAccessors: .LazyPubSub3

===========================================================================================
----------------- testing Fri Dec 27 06:29:08 UTC 2019 /home/travis/build/icyphy/ptII/ptolemy/actor/lib/test/auto/LazySubClassModel.xml
----------------- Instantiating /home/travis/build/icyphy/ptII/ptolemy/actor/lib/test/auto/LazySubClassModel.xml
4 ms. Memory: 471040K Free: 286076K (61%)
----------------- Invoking toplevel() on ptolemy.moml.MoMLSimpleApplication@74ea7cf5
----------------- Done invoking toplevel() on ptolemy.moml.MoMLSimpleApplication@74ea7cf5
reloadAllAccessors: .LazySubClassModel

===========================================================================================
----------------- testing Fri Dec 27 06:29:08 UTC 2019 /home/travis/build/icyphy/ptII/ptolemy/actor/lib/test/auto/LevelCrossTest1.xml
----------------- Instantiating /home/travis/build/icyphy/ptII/ptolemy/actor/lib/test/auto/LevelCrossTest1.xml
1 ms. Memory: 471040K Free: 280956K (60%)
----------------- Invoking toplevel() on ptolemy.moml.MoMLSimpleApplication@64578028
----------------- Done invoking toplevel() on ptolemy.moml.MoMLSimpleApplication@64578028
reloadAllAccessors: .broken

===========================================================================================
----------------- testing Fri Dec 27 06:29:08 UTC 2019 /home/travis/build/icyphy/ptII/ptolemy/actor/lib/test/auto/LevelCrossTest10.xml
----------------- Instantiating /home/travis/build/icyphy/ptII/ptolemy/actor/lib/test/auto/LevelCrossTest10.xml
1 ms. Memory: 471040K Free: 273788K (58%)
----------------- Invoking toplevel() on ptolemy.moml.MoMLSimpleApplication@19bb20e7
----------------- Done invoking toplevel() on ptolemy.moml.MoMLSimpleApplication@19bb20e7
reloadAllAccessors: .LevelCrossTest10

===========================================================================================
----------------- testing Fri Dec 27 06:29:08 UTC 2019 /home/travis/build/icyphy/ptII/ptolemy/actor/lib/test/auto/LevelCrossTest11.xml
----------------- Instantiating /home/travis/build/icyphy/ptII/ptolemy/actor/lib/test/auto/LevelCrossTest11.xml
3 ms. Memory: 471040K Free: 266620K (57%)
----------------- Invoking toplevel() on ptolemy.moml.MoMLSimpleApplication@4c0c2fa3
----------------- Done invoking toplevel() on ptolemy.moml.MoMLSimpleApplication@4c0c2fa3
reloadAllAccessors: .LevelCrossTest11

===========================================================================================
----------------- testing Fri Dec 27 06:29:08 UTC 2019 /home/travis/build/icyphy/ptII/ptolemy/actor/lib/test/auto/LevelCrossTest12.xml
----------------- Instantiating /home/travis/build/icyphy/ptII/ptolemy/actor/lib/test/auto/LevelCrossTest12.xml
2 ms. Memory: 471040K Free: 259452K (55%)
----------------- Invoking toplevel() on ptolemy.moml.MoMLSimpleApplication@20e6e8b3
----------------- Done invoking toplevel() on ptolemy.moml.MoMLSimpleApplication@20e6e8b3
reloadAllAccessors: .LevelCrossTest12

===========================================================================================
----------------- testing Fri Dec 27 06:29:08 UTC 2019 /home/travis/build/icyphy/ptII/ptolemy/actor/lib/test/auto/LevelCrossTest13.xml
----------------- Instantiating /home/travis/build/icyphy/ptII/ptolemy/actor/lib/test/auto/LevelCrossTest13.xml
1 ms. Memory: 471040K Free: 251260K (53%)
----------------- Invoking toplevel() on ptolemy.moml.MoMLSimpleApplication@55efaf79
----------------- Done invoking toplevel() on ptolemy.moml.MoMLSimpleApplication@55efaf79
reloadAllAccessors: .LevelCrossTest13

===========================================================================================
----------------- testing Fri Dec 27 06:29:08 UTC 2019 /home/travis/build/icyphy/ptII/ptolemy/actor/lib/test/auto/LevelCrossTest2.xml
----------------- Instantiating /home/travis/build/icyphy/ptII/ptolemy/actor/lib/test/auto/LevelCrossTest2.xml
2 ms. Memory: 471040K Free: 245626K (52%)
----------------- Invoking toplevel() on ptolemy.moml.MoMLSimpleApplication@1d546b1e
----------------- Done invoking toplevel() on ptolemy.moml.MoMLSimpleApplication@1d546b1e
reloadAllAccessors: .broken

===========================================================================================
----------------- testing Fri Dec 27 06:29:08 UTC 2019 /home/travis/build/icyphy/ptII/ptolemy/actor/lib/test/auto/LevelCrossTest3.xml
----------------- Instantiating /home/travis/build/icyphy/ptII/ptolemy/actor/lib/test/auto/LevelCrossTest3.xml
1 ms. Memory: 471040K Free: 238972K (51%)
----------------- Invoking toplevel() on ptolemy.moml.MoMLSimpleApplication@3cd22e41
----------------- Done invoking toplevel() on ptolemy.moml.MoMLSimpleApplication@3cd22e41
reloadAllAccessors: .LevelCrossTest3

===========================================================================================
----------------- testing Fri Dec 27 06:29:08 UTC 2019 /home/travis/build/icyphy/ptII/ptolemy/actor/lib/test/auto/LevelCrossTest4.xml
----------------- Instantiating /home/travis/build/icyphy/ptII/ptolemy/actor/lib/test/auto/LevelCrossTest4.xml
1 ms. Memory: 471040K Free: 233852K (50%)
----------------- Invoking toplevel() on ptolemy.moml.MoMLSimpleApplication@53dc7dd6
----------------- Done invoking toplevel() on ptolemy.moml.MoMLSimpleApplication@53dc7dd6
reloadAllAccessors: .broken

===========================================================================================
----------------- testing Fri Dec 27 06:29:08 UTC 2019 /home/travis/build/icyphy/ptII/ptolemy/actor/lib/test/auto/LevelCrossTest5.xml
----------------- Instantiating /home/travis/build/icyphy/ptII/ptolemy/actor/lib/test/auto/LevelCrossTest5.xml
1 ms. Memory: 471040K Free: 227194K (48%)
----------------- Invoking toplevel() on ptolemy.moml.MoMLSimpleApplication@40212c8c
----------------- Done invoking toplevel() on ptolemy.moml.MoMLSimpleApplication@40212c8c
reloadAllAccessors: .LevelCrossTest5

===========================================================================================
----------------- testing Fri Dec 27 06:29:08 UTC 2019 /home/travis/build/icyphy/ptII/ptolemy/actor/lib/test/auto/LevelCrossTest6.xml
----------------- Instantiating /home/travis/build/icyphy/ptII/ptolemy/actor/lib/test/auto/LevelCrossTest6.xml
1 ms. Memory: 471040K Free: 220540K (47%)
----------------- Invoking toplevel() on ptolemy.moml.MoMLSimpleApplication@22769655
----------------- Done invoking toplevel() on ptolemy.moml.MoMLSimpleApplication@22769655
reloadAllAccessors: .LevelCrossTest6

===========================================================================================
----------------- testing Fri Dec 27 06:29:08 UTC 2019 /home/travis/build/icyphy/ptII/ptolemy/actor/lib/test/auto/LevelCrossTest7.xml
----------------- Instantiating /home/travis/build/icyphy/ptII/ptolemy/actor/lib/test/auto/LevelCrossTest7.xml
1 ms. Memory: 471040K Free: 212348K (45%)
----------------- Invoking toplevel() on ptolemy.moml.MoMLSimpleApplication@1f83b90
----------------- Done invoking toplevel() on ptolemy.moml.MoMLSimpleApplication@1f83b90
reloadAllAccessors: .LevelCrossTest7

===========================================================================================
----------------- testing Fri Dec 27 06:29:09 UTC 2019 /home/travis/build/icyphy/ptII/ptolemy/actor/lib/test/auto/LevelCrossTest8.xml
----------------- Instantiating /home/travis/build/icyphy/ptII/ptolemy/actor/lib/test/auto/LevelCrossTest8.xml
1 ms. Memory: 471040K Free: 205180K (44%)
----------------- Invoking toplevel() on ptolemy.moml.MoMLSimpleApplication@abe4890
----------------- Done invoking toplevel() on ptolemy.moml.MoMLSimpleApplication@abe4890
reloadAllAccessors: .LevelCrossTest8

===========================================================================================
----------------- testing Fri Dec 27 06:29:09 UTC 2019 /home/travis/build/icyphy/ptII/ptolemy/actor/lib/test/auto/LevelCrossTest9.xml
----------------- Instantiating /home/travis/build/icyphy/ptII/ptolemy/actor/lib/test/auto/LevelCrossTest9.xml
2 ms. Memory: 471040K Free: 198012K (42%)
----------------- Invoking toplevel() on ptolemy.moml.MoMLSimpleApplication@43a20a44
----------------- Done invoking toplevel() on ptolemy.moml.MoMLSimpleApplication@43a20a44
reloadAllAccessors: .LevelCrossTest9

===========================================================================================
----------------- testing Fri Dec 27 06:29:09 UTC 2019 /home/travis/build/icyphy/ptII/ptolemy/actor/lib/test/auto/LevinsonDurbin.xml
----------------- Instantiating /home/travis/build/icyphy/ptII/ptolemy/actor/lib/test/auto/LevinsonDurbin.xml
1 ms. Memory: 471040K Free: 193916K (41%)
----------------- Invoking toplevel() on ptolemy.moml.MoMLSimpleApplication@137eb5fb
----------------- Done invoking toplevel() on ptolemy.moml.MoMLSimpleApplication@137eb5fb
reloadAllAccessors: .LevinsonDurbin

===========================================================================================
----------------- testing Fri Dec 27 06:29:09 UTC 2019 /home/travis/build/icyphy/ptII/ptolemy/actor/lib/test/auto/LevinsonDurbin2.xml
----------------- Instantiating /home/travis/build/icyphy/ptII/ptolemy/actor/lib/test/auto/LevinsonDurbin2.xml
1 ms. Memory: 471040K Free: 189820K (40%)
----------------- Invoking toplevel() on ptolemy.moml.MoMLSimpleApplication@1666125a
----------------- Done invoking toplevel() on ptolemy.moml.MoMLSimpleApplication@1666125a
reloadAllAccessors: .LevinsonDurbin2

===========================================================================================
----------------- testing Fri Dec 27 06:29:09 UTC 2019 /home/travis/build/icyphy/ptII/ptolemy/actor/lib/test/auto/LevinsonDurbin3.xml
----------------- Instantiating /home/travis/build/icyphy/ptII/ptolemy/actor/lib/test/auto/LevinsonDurbin3.xml
2 ms. Memory: 471040K Free: 186234K (40%)
----------------- Invoking toplevel() on ptolemy.moml.MoMLSimpleApplication@187fb82f
----------------- Done invoking toplevel() on ptolemy.moml.MoMLSimpleApplication@187fb82f
reloadAllAccessors: .LevinsonDurbin3

===========================================================================================
----------------- testing Fri Dec 27 06:29:09 UTC 2019 /home/travis/build/icyphy/ptII/ptolemy/actor/lib/test/auto/Limiter.xml
----------------- Instantiating /home/travis/build/icyphy/ptII/ptolemy/actor/lib/test/auto/Limiter.xml
4 ms. Memory: 471040K Free: 177012K (38%)
----------------- Invoking toplevel() on ptolemy.moml.MoMLSimpleApplication@750a3ea2
----------------- Done invoking toplevel() on ptolemy.moml.MoMLSimpleApplication@750a3ea2
reloadAllAccessors: .Limiter

===========================================================================================
----------------- testing Fri Dec 27 06:29:09 UTC 2019 /home/travis/build/icyphy/ptII/ptolemy/actor/lib/test/auto/LinearDifferenceEquationSystem.xml
----------------- Instantiating /home/travis/build/icyphy/ptII/ptolemy/actor/lib/test/auto/LinearDifferenceEquationSystem.xml
12 ms. Memory: 471040K Free: 169850K (36%)
----------------- Invoking toplevel() on ptolemy.moml.MoMLSimpleApplication@65f8b81d
----------------- Done invoking toplevel() on ptolemy.moml.MoMLSimpleApplication@65f8b81d
reloadAllAccessors: .LinearDifferenceEquationSystem

===========================================================================================
----------------- testing Fri Dec 27 06:29:09 UTC 2019 /home/travis/build/icyphy/ptII/ptolemy/actor/lib/test/auto/LookupTable.xml
----------------- Instantiating /home/travis/build/icyphy/ptII/ptolemy/actor/lib/test/auto/LookupTable.xml
2 ms. Memory: 471040K Free: 165244K (35%)
----------------- Invoking toplevel() on ptolemy.moml.MoMLSimpleApplication@c76304e
----------------- Done invoking toplevel() on ptolemy.moml.MoMLSimpleApplication@c76304e
reloadAllAccessors: .LookupTable

===========================================================================================
----------------- testing Fri Dec 27 06:29:09 UTC 2019 /home/travis/build/icyphy/ptII/ptolemy/actor/lib/test/auto/MathFunction.xml
----------------- Instantiating /home/travis/build/icyphy/ptII/ptolemy/actor/lib/test/auto/MathFunction.xml
2 ms. Memory: 471040K Free: 157052K (33%)
----------------- Invoking toplevel() on ptolemy.moml.MoMLSimpleApplication@d7c8bbd
----------------- Done invoking toplevel() on ptolemy.moml.MoMLSimpleApplication@d7c8bbd
reloadAllAccessors: .MathFunction

===========================================================================================
----------------- testing Fri Dec 27 06:29:09 UTC 2019 /home/travis/build/icyphy/ptII/ptolemy/actor/lib/test/auto/MathFunction2.xml
----------------- Instantiating /home/travis/build/icyphy/ptII/ptolemy/actor/lib/test/auto/MathFunction2.xml
4 ms. Memory: 471040K Free: 152956K (32%)
----------------- Invoking toplevel() on ptolemy.moml.MoMLSimpleApplication@6d7ea459
----------------- Done invoking toplevel() on ptolemy.moml.MoMLSimpleApplication@6d7ea459
reloadAllAccessors: .MathFunction2

===========================================================================================
----------------- testing Fri Dec 27 06:29:09 UTC 2019 /home/travis/build/icyphy/ptII/ptolemy/actor/lib/test/auto/MathFunction3.xml
----------------- Instantiating /home/travis/build/icyphy/ptII/ptolemy/actor/lib/test/auto/MathFunction3.xml
2 ms. Memory: 471040K Free: 420488K (89%)
----------------- Invoking toplevel() on ptolemy.moml.MoMLSimpleApplication@70c0226e
----------------- Done invoking toplevel() on ptolemy.moml.MoMLSimpleApplication@70c0226e
reloadAllAccessors: .MathFunction3

===========================================================================================
----------------- testing Fri Dec 27 06:29:09 UTC 2019 /home/travis/build/icyphy/ptII/ptolemy/actor/lib/test/auto/MatrixCropBoolean.xml
----------------- Instantiating /home/travis/build/icyphy/ptII/ptolemy/actor/lib/test/auto/MatrixCropBoolean.xml
2 ms. Memory: 471040K Free: 415352K (88%)
----------------- Invoking toplevel() on ptolemy.moml.MoMLSimpleApplication@3764a3e6
----------------- Done invoking toplevel() on ptolemy.moml.MoMLSimpleApplication@3764a3e6
reloadAllAccessors: .MatrixCropBoolean

===========================================================================================
----------------- testing Fri Dec 27 06:29:09 UTC 2019 /home/travis/build/icyphy/ptII/ptolemy/actor/lib/test/auto/MatrixCropComplex.xml
----------------- Instantiating /home/travis/build/icyphy/ptII/ptolemy/actor/lib/test/auto/MatrixCropComplex.xml
2 ms. Memory: 471040K Free: 409753K (87%)
----------------- Invoking toplevel() on ptolemy.moml.MoMLSimpleApplication@4d7eb138
----------------- Done invoking toplevel() on ptolemy.moml.MoMLSimpleApplication@4d7eb138
reloadAllAccessors: .MatrixCropComplex

===========================================================================================
----------------- testing Fri Dec 27 06:29:09 UTC 2019 /home/travis/build/icyphy/ptII/ptolemy/actor/lib/test/auto/MatrixCropDouble.xml
----------------- Instantiating /home/travis/build/icyphy/ptII/ptolemy/actor/lib/test/auto/MatrixCropDouble.xml
2 ms. Memory: 471040K Free: 404633K (86%)
----------------- Invoking toplevel() on ptolemy.moml.MoMLSimpleApplication@2b220186
----------------- Done invoking toplevel() on ptolemy.moml.MoMLSimpleApplication@2b220186
reloadAllAccessors: .MatrixCropDouble

===========================================================================================
----------------- testing Fri Dec 27 06:29:09 UTC 2019 /home/travis/build/icyphy/ptII/ptolemy/actor/lib/test/auto/MatrixCropFix.xml
----------------- Instantiating /home/travis/build/icyphy/ptII/ptolemy/actor/lib/test/auto/MatrixCropFix.xml
1 ms. Memory: 471040K Free: 399992K (85%)
----------------- Invoking toplevel() on ptolemy.moml.MoMLSimpleApplication@26dbfddf
----------------- Done invoking toplevel() on ptolemy.moml.MoMLSimpleApplication@26dbfddf
reloadAllAccessors: .MatrixCropFix

===========================================================================================
----------------- testing Fri Dec 27 06:29:09 UTC 2019 /home/travis/build/icyphy/ptII/ptolemy/actor/lib/test/auto/MatrixCropInt.xml
----------------- Instantiating /home/travis/build/icyphy/ptII/ptolemy/actor/lib/test/auto/MatrixCropInt.xml
2 ms. Memory: 471040K Free: 394393K (84%)
----------------- Invoking toplevel() on ptolemy.moml.MoMLSimpleApplication@16aba67d
----------------- Done invoking toplevel() on ptolemy.moml.MoMLSimpleApplication@16aba67d
reloadAllAccessors: .MatrixCropInt

===========================================================================================
----------------- testing Fri Dec 27 06:29:09 UTC 2019 /home/travis/build/icyphy/ptII/ptolemy/actor/lib/test/auto/MatrixCropLong.xml
----------------- Instantiating /home/travis/build/icyphy/ptII/ptolemy/actor/lib/test/auto/MatrixCropLong.xml
2 ms. Memory: 471040K Free: 389776K (83%)
----------------- Invoking toplevel() on ptolemy.moml.MoMLSimpleApplication@35f8fd5
----------------- Done invoking toplevel() on ptolemy.moml.MoMLSimpleApplication@35f8fd5
reloadAllAccessors: .MatrixCropLong

===========================================================================================
----------------- testing Fri Dec 27 06:29:09 UTC 2019 /home/travis/build/icyphy/ptII/ptolemy/actor/lib/test/auto/MatrixToArray.xml
----------------- Instantiating /home/travis/build/icyphy/ptII/ptolemy/actor/lib/test/auto/MatrixToArray.xml
6 ms. Memory: 471040K Free: 374937K (80%)
----------------- Invoking toplevel() on ptolemy.moml.MoMLSimpleApplication@6f7911f0
----------------- Done invoking toplevel() on ptolemy.moml.MoMLSimpleApplication@6f7911f0
reloadAllAccessors: .MatrixToArray

===========================================================================================
----------------- testing Fri Dec 27 06:29:09 UTC 2019 /home/travis/build/icyphy/ptII/ptolemy/actor/lib/test/auto/MaxIndex.xml
----------------- Instantiating /home/travis/build/icyphy/ptII/ptolemy/actor/lib/test/auto/MaxIndex.xml
7 ms. Memory: 471040K Free: 369817K (79%)
----------------- Invoking toplevel() on ptolemy.moml.MoMLSimpleApplication@3466ce1d
----------------- Done invoking toplevel() on ptolemy.moml.MoMLSimpleApplication@3466ce1d
reloadAllAccessors: .MaxIndex

===========================================================================================
----------------- testing Fri Dec 27 06:29:09 UTC 2019 /home/travis/build/icyphy/ptII/ptolemy/actor/lib/test/auto/Maximum.xml
----------------- Instantiating /home/travis/build/icyphy/ptII/ptolemy/actor/lib/test/auto/Maximum.xml
3 ms. Memory: 471040K Free: 363128K (77%)
----------------- Invoking toplevel() on ptolemy.moml.MoMLSimpleApplication@45ace2d3
----------------- Done invoking toplevel() on ptolemy.moml.MoMLSimpleApplication@45ace2d3
reloadAllAccessors: .Maximum

===========================================================================================
----------------- testing Fri Dec 27 06:29:09 UTC 2019 /home/travis/build/icyphy/ptII/ptolemy/actor/lib/test/auto/MaximumComplex.xml
----------------- Instantiating /home/travis/build/icyphy/ptII/ptolemy/actor/lib/test/auto/MaximumComplex.xml
5 ms. Memory: 471040K Free: 356505K (76%)
----------------- Invoking toplevel() on ptolemy.moml.MoMLSimpleApplication@2eb6ce82
----------------- Done invoking toplevel() on ptolemy.moml.MoMLSimpleApplication@2eb6ce82
reloadAllAccessors: .MaximumComplex

===========================================================================================
----------------- testing Fri Dec 27 06:29:09 UTC 2019 /home/travis/build/icyphy/ptII/ptolemy/actor/lib/test/auto/MethodCallTest.xml
----------------- Instantiating /home/travis/build/icyphy/ptII/ptolemy/actor/lib/test/auto/MethodCallTest.xml
2 ms. Memory: 471040K Free: 349847K (74%)
----------------- Invoking toplevel() on ptolemy.moml.MoMLSimpleApplication@f9a3baa
----------------- Done invoking toplevel() on ptolemy.moml.MoMLSimpleApplication@f9a3baa
reloadAllAccessors: .MethodCallTest

===========================================================================================
----------------- testing Fri Dec 27 06:29:09 UTC 2019 /home/travis/build/icyphy/ptII/ptolemy/actor/lib/test/auto/Minimum.xml
----------------- Instantiating /home/travis/build/icyphy/ptII/ptolemy/actor/lib/test/auto/Minimum.xml
2 ms. Memory: 471040K Free: 343193K (73%)
----------------- Invoking toplevel() on ptolemy.moml.MoMLSimpleApplication@2b943b2b
----------------- Done invoking toplevel() on ptolemy.moml.MoMLSimpleApplication@2b943b2b
reloadAllAccessors: .Minimum

===========================================================================================
----------------- testing Fri Dec 27 06:29:09 UTC 2019 /home/travis/build/icyphy/ptII/ptolemy/actor/lib/test/auto/MinimumComplex.xml
----------------- Instantiating /home/travis/build/icyphy/ptII/ptolemy/actor/lib/test/auto/MinimumComplex.xml
3 ms. Memory: 471040K Free: 337049K (72%)
----------------- Invoking toplevel() on ptolemy.moml.MoMLSimpleApplication@6d490bf8
----------------- Done invoking toplevel() on ptolemy.moml.MoMLSimpleApplication@6d490bf8
reloadAllAccessors: .MinimumComplex

===========================================================================================
----------------- testing Fri Dec 27 06:29:09 UTC 2019 /home/travis/build/icyphy/ptII/ptolemy/actor/lib/test/auto/MinimumMultiports.xml
----------------- Instantiating /home/travis/build/icyphy/ptII/ptolemy/actor/lib/test/auto/MinimumMultiports.xml
2 ms. Memory: 471040K Free: 328336K (70%)
----------------- Invoking toplevel() on ptolemy.moml.MoMLSimpleApplication@f8559f1
----------------- Done invoking toplevel() on ptolemy.moml.MoMLSimpleApplication@f8559f1
reloadAllAccessors: .MinimumMultiports

===========================================================================================
----------------- testing Fri Dec 27 06:29:09 UTC 2019 /home/travis/build/icyphy/ptII/ptolemy/actor/lib/test/auto/ModifyDate.xml
----------------- Instantiating /home/travis/build/icyphy/ptII/ptolemy/actor/lib/test/auto/ModifyDate.xml
9 ms. Memory: 471040K Free: 315545K (67%)
----------------- Invoking toplevel() on ptolemy.moml.MoMLSimpleApplication@74ee5332
----------------- Done invoking toplevel() on ptolemy.moml.MoMLSimpleApplication@74ee5332
reloadAllAccessors: .ModifyDate

===========================================================================================
----------------- testing Fri Dec 27 06:29:09 UTC 2019 /home/travis/build/icyphy/ptII/ptolemy/actor/lib/test/auto/ModifyDate2.xml
----------------- Instantiating /home/travis/build/icyphy/ptII/ptolemy/actor/lib/test/auto/ModifyDate2.xml
3 ms. Memory: 471040K Free: 306839K (65%)
----------------- Invoking toplevel() on ptolemy.moml.MoMLSimpleApplication@2bbbba2d
----------------- Done invoking toplevel() on ptolemy.moml.MoMLSimpleApplication@2bbbba2d
reloadAllAccessors: .ModifyDate2

===========================================================================================
----------------- testing Fri Dec 27 06:29:09 UTC 2019 /home/travis/build/icyphy/ptII/ptolemy/actor/lib/test/auto/MovingAverage.xml
----------------- Instantiating /home/travis/build/icyphy/ptII/ptolemy/actor/lib/test/auto/MovingAverage.xml
2 ms. Memory: 471040K Free: 301719K (64%)
----------------- Invoking toplevel() on ptolemy.moml.MoMLSimpleApplication@6ac8fb5a
----------------- Done invoking toplevel() on ptolemy.moml.MoMLSimpleApplication@6ac8fb5a
reloadAllAccessors: .MovingAverage

===========================================================================================
----------------- testing Fri Dec 27 06:29:09 UTC 2019 /home/travis/build/icyphy/ptII/ptolemy/actor/lib/test/auto/MovingMaximum.xml
----------------- Instantiating /home/travis/build/icyphy/ptII/ptolemy/actor/lib/test/auto/MovingMaximum.xml
1 ms. Memory: 471040K Free: 297113K (63%)
----------------- Invoking toplevel() on ptolemy.moml.MoMLSimpleApplication@1232cdb1
----------------- Done invoking toplevel() on ptolemy.moml.MoMLSimpleApplication@1232cdb1
reloadAllAccessors: .MovingMaximum

===========================================================================================
----------------- testing Fri Dec 27 06:29:09 UTC 2019 /home/travis/build/icyphy/ptII/ptolemy/actor/lib/test/auto/MultipleLinksToSameRelation.xml
----------------- Instantiating /home/travis/build/icyphy/ptII/ptolemy/actor/lib/test/auto/MultipleLinksToSameRelation.xml
1 ms. Memory: 471040K Free: 293017K (62%)
----------------- Invoking toplevel() on ptolemy.moml.MoMLSimpleApplication@440c4a96
----------------- Done invoking toplevel() on ptolemy.moml.MoMLSimpleApplication@440c4a96
reloadAllAccessors: .MultipleLinksToSameRelation

===========================================================================================
----------------- testing Fri Dec 27 06:29:09 UTC 2019 /home/travis/build/icyphy/ptII/ptolemy/actor/lib/test/auto/MultipleLinksToSameRelationDE.xml
----------------- Instantiating /home/travis/build/icyphy/ptII/ptolemy/actor/lib/test/auto/MultipleLinksToSameRelationDE.xml
9 ms. Memory: 471040K Free: 288392K (61%)
----------------- Invoking toplevel() on ptolemy.moml.MoMLSimpleApplication@3e9e0469
----------------- Done invoking toplevel() on ptolemy.moml.MoMLSimpleApplication@3e9e0469
reloadAllAccessors: .MultipleLinksToSameRelationDE

===========================================================================================
----------------- testing Fri Dec 27 06:29:09 UTC 2019 /home/travis/build/icyphy/ptII/ptolemy/actor/lib/test/auto/Multiplexor.xml
----------------- Instantiating /home/travis/build/icyphy/ptII/ptolemy/actor/lib/test/auto/Multiplexor.xml
1 ms. Memory: 471040K Free: 282777K (60%)
----------------- Invoking toplevel() on ptolemy.moml.MoMLSimpleApplication@50b0f8dd
----------------- Done invoking toplevel() on ptolemy.moml.MoMLSimpleApplication@50b0f8dd
reloadAllAccessors: .Multiplexor

===========================================================================================
----------------- testing Fri Dec 27 06:29:09 UTC 2019 /home/travis/build/icyphy/ptII/ptolemy/actor/lib/test/auto/Multiplexor1.xml
----------------- Instantiating /home/travis/build/icyphy/ptII/ptolemy/actor/lib/test/auto/Multiplexor1.xml
2 ms. Memory: 471040K Free: 277136K (59%)
----------------- Invoking toplevel() on ptolemy.moml.MoMLSimpleApplication@152a5188
----------------- Done invoking toplevel() on ptolemy.moml.MoMLSimpleApplication@152a5188
reloadAllAccessors: .Multiplexor1

===========================================================================================
----------------- testing Fri Dec 27 06:29:09 UTC 2019 /home/travis/build/icyphy/ptII/ptolemy/actor/lib/test/auto/Multiplexor2.xml
----------------- Instantiating /home/travis/build/icyphy/ptII/ptolemy/actor/lib/test/auto/Multiplexor2.xml
4 ms. Memory: 471040K Free: 270489K (57%)
----------------- Invoking toplevel() on ptolemy.moml.MoMLSimpleApplication@297877e0
----------------- Done invoking toplevel() on ptolemy.moml.MoMLSimpleApplication@297877e0
reloadAllAccessors: .Multiplexor2

===========================================================================================
----------------- testing Fri Dec 27 06:29:09 UTC 2019 /home/travis/build/icyphy/ptII/ptolemy/actor/lib/test/auto/Multiplexor3.xml
----------------- Instantiating /home/travis/build/icyphy/ptII/ptolemy/actor/lib/test/auto/Multiplexor3.xml
2 ms. Memory: 471040K Free: 266393K (57%)
----------------- Invoking toplevel() on ptolemy.moml.MoMLSimpleApplication@6761c21b
----------------- Done invoking toplevel() on ptolemy.moml.MoMLSimpleApplication@6761c21b
reloadAllAccessors: .Multiplexor3

===========================================================================================
----------------- testing Fri Dec 27 06:29:09 UTC 2019 /home/travis/build/icyphy/ptII/ptolemy/actor/lib/test/auto/MultiplexorDE.xml
----------------- Instantiating /home/travis/build/icyphy/ptII/ptolemy/actor/lib/test/auto/MultiplexorDE.xml
1 ms. Memory: 471040K Free: 258696K (55%)
----------------- Invoking toplevel() on ptolemy.moml.MoMLSimpleApplication@620addfc
----------------- Done invoking toplevel() on ptolemy.moml.MoMLSimpleApplication@620addfc
reloadAllAccessors: .MultiplexorDE

===========================================================================================
----------------- testing Fri Dec 27 06:29:09 UTC 2019 /home/travis/build/icyphy/ptII/ptolemy/actor/lib/test/auto/MultiportBroadcastTest.xml
----------------- Instantiating /home/travis/build/icyphy/ptII/ptolemy/actor/lib/test/auto/MultiportBroadcastTest.xml
61 ms. Memory: 471040K Free: 252057K (54%)
----------------- Invoking toplevel() on ptolemy.moml.MoMLSimpleApplication@322b3254
----------------- Done invoking toplevel() on ptolemy.moml.MoMLSimpleApplication@322b3254
reloadAllAccessors: .MultiportBroadcastTest

===========================================================================================
----------------- testing Fri Dec 27 06:29:09 UTC 2019 /home/travis/build/icyphy/ptII/ptolemy/actor/lib/test/auto/MultiportOutHangDuringGetWidth.xml
----------------- Instantiating /home/travis/build/icyphy/ptII/ptolemy/actor/lib/test/auto/MultiportOutHangDuringGetWidth.xml
5 ms. Memory: 471040K Free: 240272K (51%)
----------------- Invoking toplevel() on ptolemy.moml.MoMLSimpleApplication@502871c4
----------------- Done invoking toplevel() on ptolemy.moml.MoMLSimpleApplication@502871c4
reloadAllAccessors: .MultiportOutHangDuringGetWidth

===========================================================================================
----------------- testing Fri Dec 27 06:29:09 UTC 2019 /home/travis/build/icyphy/ptII/ptolemy/actor/lib/test/auto/NilToken.xml
----------------- Instantiating /home/travis/build/icyphy/ptII/ptolemy/actor/lib/test/auto/NilToken.xml
2 ms. Memory: 471040K Free: 236183K (50%)
----------------- Invoking toplevel() on ptolemy.moml.MoMLSimpleApplication@fbde83f
----------------- Done invoking toplevel() on ptolemy.moml.MoMLSimpleApplication@fbde83f
reloadAllAccessors: .NilToken

===========================================================================================
----------------- testing Fri Dec 27 06:29:09 UTC 2019 /home/travis/build/icyphy/ptII/ptolemy/actor/lib/test/auto/NilTokenNonStrictTest.xml
----------------- Instantiating /home/travis/build/icyphy/ptII/ptolemy/actor/lib/test/auto/NilTokenNonStrictTest.xml
1 ms. Memory: 471040K Free: 231063K (49%)
----------------- Invoking toplevel() on ptolemy.moml.MoMLSimpleApplication@f8eba73
----------------- Done invoking toplevel() on ptolemy.moml.MoMLSimpleApplication@f8eba73
reloadAllAccessors: .NilTokenNonStrictTest

===========================================================================================
----------------- testing Fri Dec 27 06:29:09 UTC 2019 /home/travis/build/icyphy/ptII/ptolemy/actor/lib/test/auto/NilTokenRecord.xml
----------------- Instantiating /home/travis/build/icyphy/ptII/ptolemy/actor/lib/test/auto/NilTokenRecord.xml
5 ms. Memory: 471040K Free: 224409K (48%)
----------------- Invoking toplevel() on ptolemy.moml.MoMLSimpleApplication@59f688e
----------------- Done invoking toplevel() on ptolemy.moml.MoMLSimpleApplication@59f688e
reloadAllAccessors: .NilTokenRecord

===========================================================================================
----------------- testing Fri Dec 27 06:29:09 UTC 2019 /home/travis/build/icyphy/ptII/ptolemy/actor/lib/test/auto/NilTokenTypeTest.xml
----------------- Instantiating /home/travis/build/icyphy/ptII/ptolemy/actor/lib/test/auto/NilTokenTypeTest.xml
5 ms. Memory: 471040K Free: 214679K (46%)
----------------- Invoking toplevel() on ptolemy.moml.MoMLSimpleApplication@30e63dae
----------------- Done invoking toplevel() on ptolemy.moml.MoMLSimpleApplication@30e63dae
reloadAllAccessors: .NilTokenTypeTest

===========================================================================================
----------------- testing Fri Dec 27 06:29:09 UTC 2019 /home/travis/build/icyphy/ptII/ptolemy/actor/lib/test/auto/ObjectToken1.xml
----------------- Instantiating /home/travis/build/icyphy/ptII/ptolemy/actor/lib/test/auto/ObjectToken1.xml
3 ms. Memory: 471040K Free: 210583K (45%)
----------------- Invoking toplevel() on ptolemy.moml.MoMLSimpleApplication@725713ff
----------------- Done invoking toplevel() on ptolemy.moml.MoMLSimpleApplication@725713ff
reloadAllAccessors: .ObjectToken1

===========================================================================================
----------------- testing Fri Dec 27 06:29:09 UTC 2019 /home/travis/build/icyphy/ptII/ptolemy/actor/lib/test/auto/OrderedMerge.xml
----------------- Instantiating /home/travis/build/icyphy/ptII/ptolemy/actor/lib/test/auto/OrderedMerge.xml
10 ms. Memory: 471040K Free: 204953K (44%)
----------------- Invoking toplevel() on ptolemy.moml.MoMLSimpleApplication@5b5ad5f4
----------------- Done invoking toplevel() on ptolemy.moml.MoMLSimpleApplication@5b5ad5f4
reloadAllAccessors: .OrderedMerge

===========================================================================================
----------------- testing Fri Dec 27 06:29:10 UTC 2019 /home/travis/build/icyphy/ptII/ptolemy/actor/lib/test/auto/OrderedRecordDisassembler.xml
----------------- Instantiating /home/travis/build/icyphy/ptII/ptolemy/actor/lib/test/auto/OrderedRecordDisassembler.xml
3 ms. Memory: 471040K Free: 199833K (42%)
----------------- Invoking toplevel() on ptolemy.moml.MoMLSimpleApplication@307b1525
----------------- Done invoking toplevel() on ptolemy.moml.MoMLSimpleApplication@307b1525
reloadAllAccessors: .OrderedRecordDisassembler

===========================================================================================
----------------- testing Fri Dec 27 06:29:10 UTC 2019 /home/travis/build/icyphy/ptII/ptolemy/actor/lib/test/auto/OrderedRecordDisassembler2.xml
----------------- Instantiating /home/travis/build/icyphy/ptII/ptolemy/actor/lib/test/auto/OrderedRecordDisassembler2.xml
4 ms. Memory: 471040K Free: 192151K (41%)
----------------- Invoking toplevel() on ptolemy.moml.MoMLSimpleApplication@556f46f8
----------------- Done invoking toplevel() on ptolemy.moml.MoMLSimpleApplication@556f46f8
reloadAllAccessors: .OrderedRecordDisassembler2

===========================================================================================
----------------- testing Fri Dec 27 06:29:10 UTC 2019 /home/travis/build/icyphy/ptII/ptolemy/actor/lib/test/auto/OrderedRecordUpdater.xml
----------------- Instantiating /home/travis/build/icyphy/ptII/ptolemy/actor/lib/test/auto/OrderedRecordUpdater.xml
5 ms. Memory: 471040K Free: 187031K (40%)
----------------- Invoking toplevel() on ptolemy.moml.MoMLSimpleApplication@949660
----------------- Done invoking toplevel() on ptolemy.moml.MoMLSimpleApplication@949660
reloadAllAccessors: .RecordUpdater

===========================================================================================
----------------- testing Fri Dec 27 06:29:10 UTC 2019 /home/travis/build/icyphy/ptII/ptolemy/actor/lib/test/auto/OrderedRecordUpdater2.xml
----------------- Instantiating /home/travis/build/icyphy/ptII/ptolemy/actor/lib/test/auto/OrderedRecordUpdater2.xml
2 ms. Memory: 471040K Free: 181911K (39%)
----------------- Invoking toplevel() on ptolemy.moml.MoMLSimpleApplication@12e6915d
----------------- Done invoking toplevel() on ptolemy.moml.MoMLSimpleApplication@12e6915d
reloadAllAccessors: .RecordUpdater2

===========================================================================================
----------------- testing Fri Dec 27 06:29:10 UTC 2019 /home/travis/build/icyphy/ptII/ptolemy/actor/lib/test/auto/PhaseUnwrap.xml
----------------- Instantiating /home/travis/build/icyphy/ptII/ptolemy/actor/lib/test/auto/PhaseUnwrap.xml
1 ms. Memory: 471040K Free: 177305K (38%)
----------------- Invoking toplevel() on ptolemy.moml.MoMLSimpleApplication@586acf9d
----------------- Done invoking toplevel() on ptolemy.moml.MoMLSimpleApplication@586acf9d
reloadAllAccessors: .PhaseUnwrap

===========================================================================================
----------------- testing Fri Dec 27 06:29:10 UTC 2019 /home/travis/build/icyphy/ptII/ptolemy/actor/lib/test/auto/PoissonClock.xml
----------------- Instantiating /home/travis/build/icyphy/ptII/ptolemy/actor/lib/test/auto/PoissonClock.xml
1 ms. Memory: 471040K Free: 173209K (37%)
----------------- Invoking toplevel() on ptolemy.moml.MoMLSimpleApplication@773fe15b
----------------- Done invoking toplevel() on ptolemy.moml.MoMLSimpleApplication@773fe15b
reloadAllAccessors: .PoissonClock

===========================================================================================
----------------- testing Fri Dec 27 06:29:10 UTC 2019 /home/travis/build/icyphy/ptII/ptolemy/actor/lib/test/auto/PoissonClock2.xml
----------------- Instantiating /home/travis/build/icyphy/ptII/ptolemy/actor/lib/test/auto/PoissonClock2.xml
1 ms. Memory: 471040K Free: 168599K (36%)
----------------- Invoking toplevel() on ptolemy.moml.MoMLSimpleApplication@19d85448
----------------- Done invoking toplevel() on ptolemy.moml.MoMLSimpleApplication@19d85448
reloadAllAccessors: .PoissonClock2

===========================================================================================
----------------- testing Fri Dec 27 06:29:10 UTC 2019 /home/travis/build/icyphy/ptII/ptolemy/actor/lib/test/auto/PoissonClock3.xml
----------------- Instantiating /home/travis/build/icyphy/ptII/ptolemy/actor/lib/test/auto/PoissonClock3.xml
1 ms. Memory: 471040K Free: 163993K (35%)
----------------- Invoking toplevel() on ptolemy.moml.MoMLSimpleApplication@66daf1b9
----------------- Done invoking toplevel() on ptolemy.moml.MoMLSimpleApplication@66daf1b9
reloadAllAccessors: .PoissonClock3

===========================================================================================
----------------- testing Fri Dec 27 06:29:10 UTC 2019 /home/travis/build/icyphy/ptII/ptolemy/actor/lib/test/auto/PubSubWithInitialTokens.xml
----------------- Instantiating /home/travis/build/icyphy/ptII/ptolemy/actor/lib/test/auto/PubSubWithInitialTokens.xml
2 ms. Memory: 471040K Free: 158328K (34%)
----------------- Invoking toplevel() on ptolemy.moml.MoMLSimpleApplication@6ac3559
----------------- Done invoking toplevel() on ptolemy.moml.MoMLSimpleApplication@6ac3559
reloadAllAccessors: .PubSubWithInitialTokens

===========================================================================================
----------------- testing Fri Dec 27 06:29:10 UTC 2019 /home/travis/build/icyphy/ptII/ptolemy/actor/lib/test/auto/PubSubWithInitialTokens2.xml
----------------- Instantiating /home/travis/build/icyphy/ptII/ptolemy/actor/lib/test/auto/PubSubWithInitialTokens2.xml
1 ms. Memory: 471040K Free: 152208K (32%)
----------------- Invoking toplevel() on ptolemy.moml.MoMLSimpleApplication@166b66c3
----------------- Done invoking toplevel() on ptolemy.moml.MoMLSimpleApplication@166b66c3
reloadAllAccessors: .PubSubWithInitialTokens2

===========================================================================================
----------------- testing Fri Dec 27 06:29:10 UTC 2019 /home/travis/build/icyphy/ptII/ptolemy/actor/lib/test/auto/PublisherClassNoParameter.xml
----------------- Instantiating /home/travis/build/icyphy/ptII/ptolemy/actor/lib/test/auto/PublisherClassNoParameter.xml
2 ms. Memory: 471040K Free: 416921K (89%)
----------------- Invoking toplevel() on ptolemy.moml.MoMLSimpleApplication@6aa222dc
----------------- Done invoking toplevel() on ptolemy.moml.MoMLSimpleApplication@6aa222dc
reloadAllAccessors: .PublisherClassNoParameter

===========================================================================================
----------------- testing Fri Dec 27 06:29:10 UTC 2019 /home/travis/build/icyphy/ptII/ptolemy/actor/lib/test/auto/PublisherClassParameter.xml
----------------- Instantiating /home/travis/build/icyphy/ptII/ptolemy/actor/lib/test/auto/PublisherClassParameter.xml
2 ms. Memory: 471040K Free: 406681K (86%)
----------------- Invoking toplevel() on ptolemy.moml.MoMLSimpleApplication@46512ca5
----------------- Done invoking toplevel() on ptolemy.moml.MoMLSimpleApplication@46512ca5
reloadAllAccessors: .PublisherClassParameter

===========================================================================================
----------------- testing Fri Dec 27 06:29:10 UTC 2019 /home/travis/build/icyphy/ptII/ptolemy/actor/lib/test/auto/PublisherNonStrictTest.xml
----------------- Instantiating /home/travis/build/icyphy/ptII/ptolemy/actor/lib/test/auto/PublisherNonStrictTest.xml
3 ms. Memory: 471040K Free: 398992K (85%)
----------------- Invoking toplevel() on ptolemy.moml.MoMLSimpleApplication@41d6b1f7
----------------- Done invoking toplevel() on ptolemy.moml.MoMLSimpleApplication@41d6b1f7
reloadAllAccessors: .PublisherNonStrictTest

===========================================================================================
----------------- testing Fri Dec 27 06:29:10 UTC 2019 /home/travis/build/icyphy/ptII/ptolemy/actor/lib/test/auto/PublisherPort1.xml
----------------- Instantiating /home/travis/build/icyphy/ptII/ptolemy/actor/lib/test/auto/PublisherPort1.xml
10 ms. Memory: 471040K Free: 393369K (84%)
----------------- Invoking toplevel() on ptolemy.moml.MoMLSimpleApplication@1a9b24d3
----------------- Done invoking toplevel() on ptolemy.moml.MoMLSimpleApplication@1a9b24d3
reloadAllAccessors: .PublisherPort1

===========================================================================================
----------------- testing Fri Dec 27 06:29:10 UTC 2019 /home/travis/build/icyphy/ptII/ptolemy/actor/lib/test/auto/PublisherPort2.xml
----------------- Instantiating /home/travis/build/icyphy/ptII/ptolemy/actor/lib/test/auto/PublisherPort2.xml
2 ms. Memory: 471040K Free: 388249K (82%)
----------------- Invoking toplevel() on ptolemy.moml.MoMLSimpleApplication@60eb426d
----------------- Done invoking toplevel() on ptolemy.moml.MoMLSimpleApplication@60eb426d
reloadAllAccessors: .PublisherPort2

===========================================================================================
----------------- testing Fri Dec 27 06:29:10 UTC 2019 /home/travis/build/icyphy/ptII/ptolemy/actor/lib/test/auto/PublisherPort3.xml
----------------- Instantiating /home/travis/build/icyphy/ptII/ptolemy/actor/lib/test/auto/PublisherPort3.xml
3 ms. Memory: 471040K Free: 381560K (81%)
----------------- Invoking toplevel() on ptolemy.moml.MoMLSimpleApplication@5a02a12c
----------------- Done invoking toplevel() on ptolemy.moml.MoMLSimpleApplication@5a02a12c
reloadAllAccessors: .PublisherPort3

===========================================================================================
----------------- testing Fri Dec 27 06:29:10 UTC 2019 /home/travis/build/icyphy/ptII/ptolemy/actor/lib/test/auto/PublisherPort4.xml
----------------- Instantiating /home/travis/build/icyphy/ptII/ptolemy/actor/lib/test/auto/PublisherPort4.xml
2 ms. Memory: 471040K Free: 375961K (80%)
----------------- Invoking toplevel() on ptolemy.moml.MoMLSimpleApplication@d712bd4
----------------- Done invoking toplevel() on ptolemy.moml.MoMLSimpleApplication@d712bd4
reloadAllAccessors: .PublisherPort4

===========================================================================================
----------------- testing Fri Dec 27 06:29:10 UTC 2019 /home/travis/build/icyphy/ptII/ptolemy/actor/lib/test/auto/PublisherPort5.xml
----------------- Instantiating /home/travis/build/icyphy/ptII/ptolemy/actor/lib/test/auto/PublisherPort5.xml
3 ms. Memory: 471040K Free: 368279K (78%)
----------------- Invoking toplevel() on ptolemy.moml.MoMLSimpleApplication@2c81b92a
----------------- Done invoking toplevel() on ptolemy.moml.MoMLSimpleApplication@2c81b92a
reloadAllAccessors: .PublisherPort5

===========================================================================================
----------------- testing Fri Dec 27 06:29:10 UTC 2019 /home/travis/build/icyphy/ptII/ptolemy/actor/lib/test/auto/PublisherPort5LookAlike.xml
----------------- Instantiating /home/travis/build/icyphy/ptII/ptolemy/actor/lib/test/auto/PublisherPort5LookAlike.xml
7 ms. Memory: 471040K Free: 360601K (77%)
----------------- Invoking toplevel() on ptolemy.moml.MoMLSimpleApplication@122af789
----------------- Done invoking toplevel() on ptolemy.moml.MoMLSimpleApplication@122af789
reloadAllAccessors: .PublisherPort5LookAlike

===========================================================================================
----------------- testing Fri Dec 27 06:29:10 UTC 2019 /home/travis/build/icyphy/ptII/ptolemy/actor/lib/test/auto/PublisherPort6.xml
----------------- Instantiating /home/travis/build/icyphy/ptII/ptolemy/actor/lib/test/auto/PublisherPort6.xml
2 ms. Memory: 471040K Free: 353928K (75%)
----------------- Invoking toplevel() on ptolemy.moml.MoMLSimpleApplication@7e8936c6
----------------- Done invoking toplevel() on ptolemy.moml.MoMLSimpleApplication@7e8936c6
reloadAllAccessors: .PublisherPort6

===========================================================================================
----------------- testing Fri Dec 27 06:29:10 UTC 2019 /home/travis/build/icyphy/ptII/ptolemy/actor/lib/test/auto/PublisherPort7.xml
----------------- Instantiating /home/travis/build/icyphy/ptII/ptolemy/actor/lib/test/auto/PublisherPort7.xml
4 ms. Memory: 471040K Free: 346265K (74%)
----------------- Invoking toplevel() on ptolemy.moml.MoMLSimpleApplication@55234cbb
----------------- Done invoking toplevel() on ptolemy.moml.MoMLSimpleApplication@55234cbb
reloadAllAccessors: .PublisherPort7

===========================================================================================
----------------- testing Fri Dec 27 06:29:10 UTC 2019 /home/travis/build/icyphy/ptII/ptolemy/actor/lib/test/auto/PublisherPort8.xml
----------------- Instantiating /home/travis/build/icyphy/ptII/ptolemy/actor/lib/test/auto/PublisherPort8.xml
4 ms. Memory: 471040K Free: 337559K (72%)
----------------- Invoking toplevel() on ptolemy.moml.MoMLSimpleApplication@b48066a
----------------- Done invoking toplevel() on ptolemy.moml.MoMLSimpleApplication@b48066a
reloadAllAccessors: .PublisherPort8

===========================================================================================
----------------- testing Fri Dec 27 06:29:10 UTC 2019 /home/travis/build/icyphy/ptII/ptolemy/actor/lib/test/auto/PublisherPortSubscriberChannelVariablesAOC2.xml
----------------- Instantiating /home/travis/build/icyphy/ptII/ptolemy/actor/lib/test/auto/PublisherPortSubscriberChannelVariablesAOC2.xml
3 ms. Memory: 471040K Free: 320665K (68%)
----------------- Invoking toplevel() on ptolemy.moml.MoMLSimpleApplication@6d4ea60a
----------------- Done invoking toplevel() on ptolemy.moml.MoMLSimpleApplication@6d4ea60a
reloadAllAccessors: .PublisherPortSubscriberChannelVariablesAOC2

===========================================================================================
----------------- testing Fri Dec 27 06:29:10 UTC 2019 /home/travis/build/icyphy/ptII/ptolemy/actor/lib/test/auto/PublisherPortSubscriberOpaqueWidthInference.xml
----------------- Instantiating /home/travis/build/icyphy/ptII/ptolemy/actor/lib/test/auto/PublisherPortSubscriberOpaqueWidthInference.xml
4 ms. Memory: 471040K Free: 312473K (66%)
----------------- Invoking toplevel() on ptolemy.moml.MoMLSimpleApplication@452093e4
----------------- Done invoking toplevel() on ptolemy.moml.MoMLSimpleApplication@452093e4
reloadAllAccessors: .PublisherPortSubscriberOpaqueWidthInference

===========================================================================================
----------------- testing Fri Dec 27 06:29:10 UTC 2019 /home/travis/build/icyphy/ptII/ptolemy/actor/lib/test/auto/PublisherPortSubscriberPortAdjacent.xml
----------------- Instantiating /home/travis/build/icyphy/ptII/ptolemy/actor/lib/test/auto/PublisherPortSubscriberPortAdjacent.xml
2 ms. Memory: 471040K Free: 304281K (65%)
----------------- Invoking toplevel() on ptolemy.moml.MoMLSimpleApplication@1351eabf
----------------- Done invoking toplevel() on ptolemy.moml.MoMLSimpleApplication@1351eabf
reloadAllAccessors: .PublisherPortSubscriberPortAdjacent

===========================================================================================
----------------- testing Fri Dec 27 06:29:10 UTC 2019 /home/travis/build/icyphy/ptII/ptolemy/actor/lib/test/auto/PublisherPortSubscriberPortExpression.xml
----------------- Instantiating /home/travis/build/icyphy/ptII/ptolemy/actor/lib/test/auto/PublisherPortSubscriberPortExpression.xml
4 ms. Memory: 471040K Free: 296592K (63%)
----------------- Invoking toplevel() on ptolemy.moml.MoMLSimpleApplication@36b9e249
----------------- Done invoking toplevel() on ptolemy.moml.MoMLSimpleApplication@36b9e249
reloadAllAccessors: .PublisherPortSubscriberPortExpression

===========================================================================================
----------------- testing Fri Dec 27 06:29:10 UTC 2019 /home/travis/build/icyphy/ptII/ptolemy/actor/lib/test/auto/PublisherPortSubscriberPortOpaqueD3Reverse.xml
----------------- Instantiating /home/travis/build/icyphy/ptII/ptolemy/actor/lib/test/auto/PublisherPortSubscriberPortOpaqueD3Reverse.xml
7 ms. Memory: 471040K Free: 285849K (61%)
----------------- Invoking toplevel() on ptolemy.moml.MoMLSimpleApplication@7d4393e6
----------------- Done invoking toplevel() on ptolemy.moml.MoMLSimpleApplication@7d4393e6
reloadAllAccessors: .PublisherPortSubscriberPortOpaqueD3Reverse

===========================================================================================
----------------- testing Fri Dec 27 06:29:10 UTC 2019 /home/travis/build/icyphy/ptII/ptolemy/actor/lib/test/auto/PublisherPortSubscriberPortOpaqueWidthInference.xml
----------------- Instantiating /home/travis/build/icyphy/ptII/ptolemy/actor/lib/test/auto/PublisherPortSubscriberPortOpaqueWidthInference.xml
3 ms. Memory: 471040K Free: 278152K (59%)
----------------- Invoking toplevel() on ptolemy.moml.MoMLSimpleApplication@292d6cda
----------------- Done invoking toplevel() on ptolemy.moml.MoMLSimpleApplication@292d6cda
reloadAllAccessors: .PublisherPortSubscriberPortOpaqueWidthInference

===========================================================================================
----------------- testing Fri Dec 27 06:29:10 UTC 2019 /home/travis/build/icyphy/ptII/ptolemy/actor/lib/test/auto/PublisherPortToplevelSubscriberPortAOC.xml
----------------- Instantiating /home/travis/build/icyphy/ptII/ptolemy/actor/lib/test/auto/PublisherPortToplevelSubscriberPortAOC.xml
.PublisherPortToplevelSubscriberPortAOC.TestExceptionAttribute: initialize() was not invoked, but wrapup() was.  This is unusual, but not always a problem.  For example, exporting JNLP will do this.
1 ms. Memory: 471040K Free: 272537K (58%)
----------------- Invoking toplevel() on ptolemy.moml.MoMLSimpleApplication@49f83eda
----------------- Done invoking toplevel() on ptolemy.moml.MoMLSimpleApplication@49f83eda
reloadAllAccessors: .PublisherPortToplevelSubscriberPortAOC

===========================================================================================
----------------- testing Fri Dec 27 06:29:10 UTC 2019 /home/travis/build/icyphy/ptII/ptolemy/actor/lib/test/auto/PublisherSubscriber.xml
----------------- Instantiating /home/travis/build/icyphy/ptII/ptolemy/actor/lib/test/auto/PublisherSubscriber.xml
2 ms. Memory: 471040K Free: 264824K (56%)
----------------- Invoking toplevel() on ptolemy.moml.MoMLSimpleApplication@2df4c0cb
----------------- Done invoking toplevel() on ptolemy.moml.MoMLSimpleApplication@2df4c0cb
reloadAllAccessors: .PublisherSubscriber

===========================================================================================
----------------- testing Fri Dec 27 06:29:10 UTC 2019 /home/travis/build/icyphy/ptII/ptolemy/actor/lib/test/auto/PublisherSubscriber10.xml
----------------- Instantiating /home/travis/build/icyphy/ptII/ptolemy/actor/lib/test/auto/PublisherSubscriber10.xml
6 ms. Memory: 471040K Free: 255129K (54%)
----------------- Invoking toplevel() on ptolemy.moml.MoMLSimpleApplication@165e2c35
----------------- Done invoking toplevel() on ptolemy.moml.MoMLSimpleApplication@165e2c35
reloadAllAccessors: .PublisherSubscriber10

===========================================================================================
----------------- testing Fri Dec 27 06:29:10 UTC 2019 /home/travis/build/icyphy/ptII/ptolemy/actor/lib/test/auto/PublisherSubscriber10InitialOutputs.xml
----------------- Instantiating /home/travis/build/icyphy/ptII/ptolemy/actor/lib/test/auto/PublisherSubscriber10InitialOutputs.xml
14 ms. Memory: 471040K Free: 245913K (52%)
----------------- Invoking toplevel() on ptolemy.moml.MoMLSimpleApplication@6f238c9f
----------------- Done invoking toplevel() on ptolemy.moml.MoMLSimpleApplication@6f238c9f
reloadAllAccessors: .PublisherSubscriber10InitialOutputs

===========================================================================================
----------------- testing Fri Dec 27 06:29:10 UTC 2019 /home/travis/build/icyphy/ptII/ptolemy/actor/lib/test/auto/PublisherSubscriber11.xml
----------------- Instantiating /home/travis/build/icyphy/ptII/ptolemy/actor/lib/test/auto/PublisherSubscriber11.xml
2 ms. Memory: 471040K Free: 239769K (51%)
----------------- Invoking toplevel() on ptolemy.moml.MoMLSimpleApplication@295a8eeb
----------------- Done invoking toplevel() on ptolemy.moml.MoMLSimpleApplication@295a8eeb
reloadAllAccessors: .PublisherSubscriber11

===========================================================================================
----------------- testing Fri Dec 27 06:29:10 UTC 2019 /home/travis/build/icyphy/ptII/ptolemy/actor/lib/test/auto/PublisherSubscriber12.xml
----------------- Instantiating /home/travis/build/icyphy/ptII/ptolemy/actor/lib/test/auto/PublisherSubscriber12.xml
4 ms. Memory: 471040K Free: 233111K (49%)
----------------- Invoking toplevel() on ptolemy.moml.MoMLSimpleApplication@4daecc61
----------------- Done invoking toplevel() on ptolemy.moml.MoMLSimpleApplication@4daecc61
reloadAllAccessors: .PublisherSubscriber12

===========================================================================================
----------------- testing Fri Dec 27 06:29:10 UTC 2019 /home/travis/build/icyphy/ptII/ptolemy/actor/lib/test/auto/PublisherSubscriber13.xml
----------------- Instantiating /home/travis/build/icyphy/ptII/ptolemy/actor/lib/test/auto/PublisherSubscriber13.xml
2 ms. Memory: 471040K Free: 227481K (48%)
----------------- Invoking toplevel() on ptolemy.moml.MoMLSimpleApplication@7897c21f
----------------- Done invoking toplevel() on ptolemy.moml.MoMLSimpleApplication@7897c21f
reloadAllAccessors: .PublisherSubscriber13

===========================================================================================
----------------- testing Fri Dec 27 06:29:10 UTC 2019 /home/travis/build/icyphy/ptII/ptolemy/actor/lib/test/auto/PublisherSubscriber14.xml
----------------- Instantiating /home/travis/build/icyphy/ptII/ptolemy/actor/lib/test/auto/PublisherSubscriber14.xml
2 ms. Memory: 471040K Free: 218760K (46%)
----------------- Invoking toplevel() on ptolemy.moml.MoMLSimpleApplication@53cd19e7
----------------- Done invoking toplevel() on ptolemy.moml.MoMLSimpleApplication@53cd19e7
reloadAllAccessors: .PublisherSubscriber14

===========================================================================================
----------------- testing Fri Dec 27 06:29:10 UTC 2019 /home/travis/build/icyphy/ptII/ptolemy/actor/lib/test/auto/PublisherSubscriber2.xml
----------------- Instantiating /home/travis/build/icyphy/ptII/ptolemy/actor/lib/test/auto/PublisherSubscriber2.xml
2 ms. Memory: 471040K Free: 213145K (45%)
----------------- Invoking toplevel() on ptolemy.moml.MoMLSimpleApplication@3290b918
----------------- Done invoking toplevel() on ptolemy.moml.MoMLSimpleApplication@3290b918
reloadAllAccessors: .PublisherSubscriber2

===========================================================================================
----------------- testing Fri Dec 27 06:29:10 UTC 2019 /home/travis/build/icyphy/ptII/ptolemy/actor/lib/test/auto/PublisherSubscriber3.xml
----------------- Instantiating /home/travis/build/icyphy/ptII/ptolemy/actor/lib/test/auto/PublisherSubscriber3.xml
1 ms. Memory: 471040K Free: 207480K (44%)
----------------- Invoking toplevel() on ptolemy.moml.MoMLSimpleApplication@128bdc6d
----------------- Done invoking toplevel() on ptolemy.moml.MoMLSimpleApplication@128bdc6d
reloadAllAccessors: .PublisherSubscriber3

===========================================================================================
----------------- testing Fri Dec 27 06:29:10 UTC 2019 /home/travis/build/icyphy/ptII/ptolemy/actor/lib/test/auto/PublisherSubscriber4.xml
----------------- Instantiating /home/travis/build/icyphy/ptII/ptolemy/actor/lib/test/auto/PublisherSubscriber4.xml
1 ms. Memory: 471040K Free: 201881K (43%)
----------------- Invoking toplevel() on ptolemy.moml.MoMLSimpleApplication@11591e2
----------------- Done invoking toplevel() on ptolemy.moml.MoMLSimpleApplication@11591e2
reloadAllAccessors: .PublisherSubscriber4

===========================================================================================
----------------- testing Fri Dec 27 06:29:10 UTC 2019 /home/travis/build/icyphy/ptII/ptolemy/actor/lib/test/auto/PublisherSubscriber5.xml
----------------- Instantiating /home/travis/build/icyphy/ptII/ptolemy/actor/lib/test/auto/PublisherSubscriber5.xml
2 ms. Memory: 471040K Free: 195208K (41%)
----------------- Invoking toplevel() on ptolemy.moml.MoMLSimpleApplication@15221c53
----------------- Done invoking toplevel() on ptolemy.moml.MoMLSimpleApplication@15221c53
reloadAllAccessors: .PublisherSubscriber5

===========================================================================================
----------------- testing Fri Dec 27 06:29:10 UTC 2019 /home/travis/build/icyphy/ptII/ptolemy/actor/lib/test/auto/PublisherSubscriber6.xml
----------------- Instantiating /home/travis/build/icyphy/ptII/ptolemy/actor/lib/test/auto/PublisherSubscriber6.xml
3 ms. Memory: 471040K Free: 188569K (40%)
----------------- Invoking toplevel() on ptolemy.moml.MoMLSimpleApplication@c5cc445
----------------- Done invoking toplevel() on ptolemy.moml.MoMLSimpleApplication@c5cc445
reloadAllAccessors: .PublisherSubscriber6

===========================================================================================
----------------- testing Fri Dec 27 06:29:10 UTC 2019 /home/travis/build/icyphy/ptII/ptolemy/actor/lib/test/auto/PublisherSubscriber7.xml
----------------- Instantiating /home/travis/build/icyphy/ptII/ptolemy/actor/lib/test/auto/PublisherSubscriber7.xml
6 ms. Memory: 471040K Free: 181911K (39%)
----------------- Invoking toplevel() on ptolemy.moml.MoMLSimpleApplication@342eceae
----------------- Done invoking toplevel() on ptolemy.moml.MoMLSimpleApplication@342eceae
reloadAllAccessors: .PublisherSubscriber7

===========================================================================================
----------------- testing Fri Dec 27 06:29:10 UTC 2019 /home/travis/build/icyphy/ptII/ptolemy/actor/lib/test/auto/PublisherSubscriber8.xml
----------------- Instantiating /home/travis/build/icyphy/ptII/ptolemy/actor/lib/test/auto/PublisherSubscriber8.xml
16 ms. Memory: 471040K Free: 170137K (36%)
----------------- Invoking toplevel() on ptolemy.moml.MoMLSimpleApplication@68c4a9f9
----------------- Done invoking toplevel() on ptolemy.moml.MoMLSimpleApplication@68c4a9f9
reloadAllAccessors: .PublisherSubscriber8

===========================================================================================
----------------- testing Fri Dec 27 06:29:10 UTC 2019 /home/travis/build/icyphy/ptII/ptolemy/actor/lib/test/auto/PublisherSubscriber9.xml
----------------- Instantiating /home/travis/build/icyphy/ptII/ptolemy/actor/lib/test/auto/PublisherSubscriber9.xml
2 ms. Memory: 471040K Free: 162969K (35%)
----------------- Invoking toplevel() on ptolemy.moml.MoMLSimpleApplication@2e21c829
----------------- Done invoking toplevel() on ptolemy.moml.MoMLSimpleApplication@2e21c829
reloadAllAccessors: .PublisherSubscriber9

===========================================================================================
----------------- testing Fri Dec 27 06:29:10 UTC 2019 /home/travis/build/icyphy/ptII/ptolemy/actor/lib/test/auto/PublisherSubscriberAdjacent.xml
----------------- Instantiating /home/travis/build/icyphy/ptII/ptolemy/actor/lib/test/auto/PublisherSubscriberAdjacent.xml
1 ms. Memory: 471040K Free: 154777K (33%)
----------------- Invoking toplevel() on ptolemy.moml.MoMLSimpleApplication@b2a0855
----------------- Done invoking toplevel() on ptolemy.moml.MoMLSimpleApplication@b2a0855
reloadAllAccessors: .PublisherSubscriberAdjacent

===========================================================================================
----------------- testing Fri Dec 27 06:29:10 UTC 2019 /home/travis/build/icyphy/ptII/ptolemy/actor/lib/test/auto/PublisherSubscriberChannelVariablesAOC2.xml
----------------- Instantiating /home/travis/build/icyphy/ptII/ptolemy/actor/lib/test/auto/PublisherSubscriberChannelVariablesAOC2.xml
2 ms. Memory: 471040K Free: 413832K (88%)
----------------- Invoking toplevel() on ptolemy.moml.MoMLSimpleApplication@52f2c44f
----------------- Done invoking toplevel() on ptolemy.moml.MoMLSimpleApplication@52f2c44f
reloadAllAccessors: .PublisherSubscriberChannelVariablesAOC2

===========================================================================================
----------------- testing Fri Dec 27 06:29:10 UTC 2019 /home/travis/build/icyphy/ptII/ptolemy/actor/lib/test/auto/PublisherSubscriberD3.xml
----------------- Instantiating /home/travis/build/icyphy/ptII/ptolemy/actor/lib/test/auto/PublisherSubscriberD3.xml
1 ms. Memory: 471040K Free: 406169K (86%)
----------------- Invoking toplevel() on ptolemy.moml.MoMLSimpleApplication@3ce99402
----------------- Done invoking toplevel() on ptolemy.moml.MoMLSimpleApplication@3ce99402
reloadAllAccessors: .PublisherSubscriberD3

===========================================================================================
----------------- testing Fri Dec 27 06:29:10 UTC 2019 /home/travis/build/icyphy/ptII/ptolemy/actor/lib/test/auto/PublisherSubscriberD3Reverse.xml
----------------- Instantiating /home/travis/build/icyphy/ptII/ptolemy/actor/lib/test/auto/PublisherSubscriberD3Reverse.xml
1 ms. Memory: 471040K Free: 400025K (85%)
----------------- Invoking toplevel() on ptolemy.moml.MoMLSimpleApplication@2c5ae471
----------------- Done invoking toplevel() on ptolemy.moml.MoMLSimpleApplication@2c5ae471
reloadAllAccessors: .PublisherSubscriberD3Reverse

===========================================================================================
----------------- testing Fri Dec 27 06:29:10 UTC 2019 /home/travis/build/icyphy/ptII/ptolemy/actor/lib/test/auto/PublisherSubscriberExpression.xml
----------------- Instantiating /home/travis/build/icyphy/ptII/ptolemy/actor/lib/test/auto/PublisherSubscriberExpression.xml
3 ms. Memory: 471040K Free: 391304K (83%)
----------------- Invoking toplevel() on ptolemy.moml.MoMLSimpleApplication@53ba9548
----------------- Done invoking toplevel() on ptolemy.moml.MoMLSimpleApplication@53ba9548
reloadAllAccessors: .PublisherSubscriberExpression

===========================================================================================
----------------- testing Fri Dec 27 06:29:10 UTC 2019 /home/travis/build/icyphy/ptII/ptolemy/actor/lib/test/auto/PublisherSubscriberOpaque.xml
----------------- Instantiating /home/travis/build/icyphy/ptII/ptolemy/actor/lib/test/auto/PublisherSubscriberOpaque.xml
3 ms. Memory: 471040K Free: 383112K (81%)
----------------- Invoking toplevel() on ptolemy.moml.MoMLSimpleApplication@3de0e6c9
----------------- Done invoking toplevel() on ptolemy.moml.MoMLSimpleApplication@3de0e6c9
reloadAllAccessors: .PublisherSubscriberOpaque

===========================================================================================
----------------- testing Fri Dec 27 06:29:11 UTC 2019 /home/travis/build/icyphy/ptII/ptolemy/actor/lib/test/auto/PublisherSubscriberOpaqueD3.xml
----------------- Instantiating /home/travis/build/icyphy/ptII/ptolemy/actor/lib/test/auto/PublisherSubscriberOpaqueD3.xml
4 ms. Memory: 471040K Free: 371863K (79%)
----------------- Invoking toplevel() on ptolemy.moml.MoMLSimpleApplication@40469fcb
----------------- Done invoking toplevel() on ptolemy.moml.MoMLSimpleApplication@40469fcb
reloadAllAccessors: .PublisherSubscriberOpaqueD3

===========================================================================================
----------------- testing Fri Dec 27 06:29:11 UTC 2019 /home/travis/build/icyphy/ptII/ptolemy/actor/lib/test/auto/PublisherSubscriberOpaqueD3Reverse.xml
----------------- Instantiating /home/travis/build/icyphy/ptII/ptolemy/actor/lib/test/auto/PublisherSubscriberOpaqueD3Reverse.xml
6 ms. Memory: 471040K Free: 361113K (77%)
----------------- Invoking toplevel() on ptolemy.moml.MoMLSimpleApplication@305ea30
----------------- Done invoking toplevel() on ptolemy.moml.MoMLSimpleApplication@305ea30
reloadAllAccessors: .PublisherSubscriberOpaqueD3Reverse

===========================================================================================
----------------- testing Fri Dec 27 06:29:11 UTC 2019 /home/travis/build/icyphy/ptII/ptolemy/actor/lib/test/auto/PublisherSubscriberOpaqueWidthInference.xml
----------------- Instantiating /home/travis/build/icyphy/ptII/ptolemy/actor/lib/test/auto/PublisherSubscriberOpaqueWidthInference.xml
6 ms. Memory: 471040K Free: 352921K (75%)
----------------- Invoking toplevel() on ptolemy.moml.MoMLSimpleApplication@47e00612
----------------- Done invoking toplevel() on ptolemy.moml.MoMLSimpleApplication@47e00612
reloadAllAccessors: .PublisherSubscriberOpaqueWidthInference

===========================================================================================
----------------- testing Fri Dec 27 06:29:11 UTC 2019 /home/travis/build/icyphy/ptII/ptolemy/actor/lib/test/auto/PublisherTestSubscriber.xml
----------------- Instantiating /home/travis/build/icyphy/ptII/ptolemy/actor/lib/test/auto/PublisherTestSubscriber.xml
2 ms. Memory: 471040K Free: 344729K (73%)
----------------- Invoking toplevel() on ptolemy.moml.MoMLSimpleApplication@49959d5e
----------------- Done invoking toplevel() on ptolemy.moml.MoMLSimpleApplication@49959d5e
reloadAllAccessors: .PublisherTestSubscriber

===========================================================================================
----------------- testing Fri Dec 27 06:29:11 UTC 2019 /home/travis/build/icyphy/ptII/ptolemy/actor/lib/test/auto/PublisherToplevelSubscriberPortAOC.xml
----------------- Instantiating /home/travis/build/icyphy/ptII/ptolemy/actor/lib/test/auto/PublisherToplevelSubscriberPortAOC.xml
1 ms. Memory: 471040K Free: 338064K (72%)
----------------- Invoking toplevel() on ptolemy.moml.MoMLSimpleApplication@6815110f
----------------- Done invoking toplevel() on ptolemy.moml.MoMLSimpleApplication@6815110f
reloadAllAccessors: .PublisherToplevelSubscriberPortAOC

===========================================================================================
----------------- testing Fri Dec 27 06:29:11 UTC 2019 /home/travis/build/icyphy/ptII/ptolemy/actor/lib/test/auto/PulseFiringLimitDE.xml
----------------- Instantiating /home/travis/build/icyphy/ptII/ptolemy/actor/lib/test/auto/PulseFiringLimitDE.xml
2 ms. Memory: 471040K Free: 331927K (70%)
----------------- Invoking toplevel() on ptolemy.moml.MoMLSimpleApplication@6fc5689f
----------------- Done invoking toplevel() on ptolemy.moml.MoMLSimpleApplication@6fc5689f
reloadAllAccessors: .PulseFiringLimitDE

===========================================================================================
----------------- testing Fri Dec 27 06:29:11 UTC 2019 /home/travis/build/icyphy/ptII/ptolemy/actor/lib/test/auto/Ramp1.xml
----------------- Instantiating /home/travis/build/icyphy/ptII/ptolemy/actor/lib/test/auto/Ramp1.xml
1 ms. Memory: 471040K Free: 327824K (70%)
----------------- Invoking toplevel() on ptolemy.moml.MoMLSimpleApplication@36075a35
----------------- Done invoking toplevel() on ptolemy.moml.MoMLSimpleApplication@36075a35
reloadAllAccessors: .Ramp1

===========================================================================================
----------------- testing Fri Dec 27 06:29:11 UTC 2019 /home/travis/build/icyphy/ptII/ptolemy/actor/lib/test/auto/RampFiringLimitDE.xml
----------------- Instantiating /home/travis/build/icyphy/ptII/ptolemy/actor/lib/test/auto/RampFiringLimitDE.xml
2 ms. Memory: 471040K Free: 321672K (68%)
----------------- Invoking toplevel() on ptolemy.moml.MoMLSimpleApplication@7f71f9a7
----------------- Done invoking toplevel() on ptolemy.moml.MoMLSimpleApplication@7f71f9a7
reloadAllAccessors: .RampFiringLimitDE

===========================================================================================
----------------- testing Fri Dec 27 06:29:11 UTC 2019 /home/travis/build/icyphy/ptII/ptolemy/actor/lib/test/auto/RampFiringLimitSDF.xml
----------------- Instantiating /home/travis/build/icyphy/ptII/ptolemy/actor/lib/test/auto/RampFiringLimitSDF.xml
2 ms. Memory: 471040K Free: 316552K (67%)
----------------- Invoking toplevel() on ptolemy.moml.MoMLSimpleApplication@32dbb732
----------------- Done invoking toplevel() on ptolemy.moml.MoMLSimpleApplication@32dbb732
reloadAllAccessors: .RampFiringLimitSDF

===========================================================================================
----------------- testing Fri Dec 27 06:29:11 UTC 2019 /home/travis/build/icyphy/ptII/ptolemy/actor/lib/test/auto/RandomInteger.xml
----------------- Instantiating /home/travis/build/icyphy/ptII/ptolemy/actor/lib/test/auto/RandomInteger.xml
1 ms. Memory: 471040K Free: 312471K (66%)
----------------- Invoking toplevel() on ptolemy.moml.MoMLSimpleApplication@48449a77
----------------- Done invoking toplevel() on ptolemy.moml.MoMLSimpleApplication@48449a77
reloadAllAccessors: .RandomInteger

===========================================================================================
----------------- testing Fri Dec 27 06:29:11 UTC 2019 /home/travis/build/icyphy/ptII/ptolemy/actor/lib/test/auto/ReadFile1.xml
----------------- Instantiating /home/travis/build/icyphy/ptII/ptolemy/actor/lib/test/auto/ReadFile1.xml
1 ms. Memory: 471040K Free: 307351K (65%)
----------------- Invoking toplevel() on ptolemy.moml.MoMLSimpleApplication@4ff2afef
----------------- Done invoking toplevel() on ptolemy.moml.MoMLSimpleApplication@4ff2afef
reloadAllAccessors: .ReadFile1

===========================================================================================
----------------- testing Fri Dec 27 06:29:11 UTC 2019 /home/travis/build/icyphy/ptII/ptolemy/actor/lib/test/auto/ReadFile2.xml
----------------- Instantiating /home/travis/build/icyphy/ptII/ptolemy/actor/lib/test/auto/ReadFile2.xml
0 ms. Memory: 471040K Free: 303255K (64%)
----------------- Invoking toplevel() on ptolemy.moml.MoMLSimpleApplication@18c87297
----------------- Done invoking toplevel() on ptolemy.moml.MoMLSimpleApplication@18c87297
reloadAllAccessors: .ReadFile2

===========================================================================================
----------------- testing Fri Dec 27 06:29:11 UTC 2019 /home/travis/build/icyphy/ptII/ptolemy/actor/lib/test/auto/Reader.xml
----------------- Instantiating /home/travis/build/icyphy/ptII/ptolemy/actor/lib/test/auto/Reader.xml
actor.lib.Reader is obsolete, use actor.lib.io.ExpressionReader instead
3 ms. Memory: 471040K Free: 299159K (64%)
----------------- Invoking toplevel() on ptolemy.moml.MoMLSimpleApplication@5e60f06a
----------------- Done invoking toplevel() on ptolemy.moml.MoMLSimpleApplication@5e60f06a
reloadAllAccessors: .Reader

===========================================================================================
----------------- testing Fri Dec 27 06:29:11 UTC 2019 /home/travis/build/icyphy/ptII/ptolemy/actor/lib/test/auto/RecordAssemblerDisplayNameTest.xml
----------------- Instantiating /home/travis/build/icyphy/ptII/ptolemy/actor/lib/test/auto/RecordAssemblerDisplayNameTest.xml
3667 ms. Memory: 471040K Free: 176279K (37%)
----------------- Invoking toplevel() on ptolemy.moml.MoMLSimpleApplication@78b32a5b
----------------- Done invoking toplevel() on ptolemy.moml.MoMLSimpleApplication@78b32a5b
reloadAllAccessors: .RecordAssemblerDisplayNameTest

===========================================================================================
----------------- testing Fri Dec 27 06:29:14 UTC 2019 /home/travis/build/icyphy/ptII/ptolemy/actor/lib/test/auto/RecordAssemblerTypeError.xml
----------------- Instantiating /home/travis/build/icyphy/ptII/ptolemy/actor/lib/test/auto/RecordAssemblerTypeError.xml
19 ms. Memory: 471040K Free: 166039K (35%)
----------------- Invoking toplevel() on ptolemy.moml.MoMLSimpleApplication@6dfb48fa
----------------- Done invoking toplevel() on ptolemy.moml.MoMLSimpleApplication@6dfb48fa
reloadAllAccessors: .RecordAssemblerTypeError

===========================================================================================
----------------- testing Fri Dec 27 06:29:14 UTC 2019 /home/travis/build/icyphy/ptII/ptolemy/actor/lib/test/auto/RecordDisassember.xml
----------------- Instantiating /home/travis/build/icyphy/ptII/ptolemy/actor/lib/test/auto/RecordDisassember.xml
4 ms. Memory: 471040K Free: 161433K (34%)
----------------- Invoking toplevel() on ptolemy.moml.MoMLSimpleApplication@5669d4d6
----------------- Done invoking toplevel() on ptolemy.moml.MoMLSimpleApplication@5669d4d6
reloadAllAccessors: .RecordDisassember

===========================================================================================
----------------- testing Fri Dec 27 06:29:14 UTC 2019 /home/travis/build/icyphy/ptII/ptolemy/actor/lib/test/auto/RecordDisassemberDisplayNameTest.xml
----------------- Instantiating /home/travis/build/icyphy/ptII/ptolemy/actor/lib/test/auto/RecordDisassemberDisplayNameTest.xml
6 ms. Memory: 471040K Free: 153241K (33%)
----------------- Invoking toplevel() on ptolemy.moml.MoMLSimpleApplication@182e5c38
----------------- Done invoking toplevel() on ptolemy.moml.MoMLSimpleApplication@182e5c38
reloadAllAccessors: .RecordDisassemberDisplayNameTest

===========================================================================================
----------------- testing Fri Dec 27 06:29:15 UTC 2019 /home/travis/build/icyphy/ptII/ptolemy/actor/lib/test/auto/RecordDisassembler.xml
----------------- Instantiating /home/travis/build/icyphy/ptII/ptolemy/actor/lib/test/auto/RecordDisassembler.xml
3 ms. Memory: 471040K Free: 148121K (31%)
----------------- Invoking toplevel() on ptolemy.moml.MoMLSimpleApplication@6b412202
----------------- Done invoking toplevel() on ptolemy.moml.MoMLSimpleApplication@6b412202
reloadAllAccessors: .RecordDisassembler

===========================================================================================
----------------- testing Fri Dec 27 06:29:15 UTC 2019 /home/travis/build/icyphy/ptII/ptolemy/actor/lib/test/auto/RecordDisassembler2.xml
----------------- Instantiating /home/travis/build/icyphy/ptII/ptolemy/actor/lib/test/auto/RecordDisassembler2.xml
2 ms. Memory: 471040K Free: 416921K (89%)
----------------- Invoking toplevel() on ptolemy.moml.MoMLSimpleApplication@50843885
----------------- Done invoking toplevel() on ptolemy.moml.MoMLSimpleApplication@50843885
reloadAllAccessors: .RecordDisassembler2

===========================================================================================
----------------- testing Fri Dec 27 06:29:15 UTC 2019 /home/travis/build/icyphy/ptII/ptolemy/actor/lib/test/auto/RecordUpdater.xml
----------------- Instantiating /home/travis/build/icyphy/ptII/ptolemy/actor/lib/test/auto/RecordUpdater.xml
2 ms. Memory: 471040K Free: 411801K (87%)
----------------- Invoking toplevel() on ptolemy.moml.MoMLSimpleApplication@313260aa
----------------- Done invoking toplevel() on ptolemy.moml.MoMLSimpleApplication@313260aa
reloadAllAccessors: .RecordUpdater

===========================================================================================
----------------- testing Fri Dec 27 06:29:15 UTC 2019 /home/travis/build/icyphy/ptII/ptolemy/actor/lib/test/auto/RecordUpdater2.xml
----------------- Instantiating /home/travis/build/icyphy/ptII/ptolemy/actor/lib/test/auto/RecordUpdater2.xml
2 ms. Memory: 471040K Free: 406681K (86%)
----------------- Invoking toplevel() on ptolemy.moml.MoMLSimpleApplication@4e2bd814
----------------- Done invoking toplevel() on ptolemy.moml.MoMLSimpleApplication@4e2bd814
reloadAllAccessors: .RecordUpdater2

===========================================================================================
----------------- testing Fri Dec 27 06:29:15 UTC 2019 /home/travis/build/icyphy/ptII/ptolemy/actor/lib/test/auto/RecursiveLattice.xml
----------------- Instantiating /home/travis/build/icyphy/ptII/ptolemy/actor/lib/test/auto/RecursiveLattice.xml
1 ms. Memory: 471040K Free: 402585K (85%)
----------------- Invoking toplevel() on ptolemy.moml.MoMLSimpleApplication@6619b7f7
----------------- Done invoking toplevel() on ptolemy.moml.MoMLSimpleApplication@6619b7f7
reloadAllAccessors: .RecursiveLattice

===========================================================================================
----------------- testing Fri Dec 27 06:29:15 UTC 2019 /home/travis/build/icyphy/ptII/ptolemy/actor/lib/test/auto/Router.xml
----------------- Instantiating /home/travis/build/icyphy/ptII/ptolemy/actor/lib/test/auto/Router.xml
3004 ms. Memory: 471040K Free: 391321K (83%)
----------------- Invoking toplevel() on ptolemy.moml.MoMLSimpleApplication@36d8f508
----------------- Done invoking toplevel() on ptolemy.moml.MoMLSimpleApplication@36d8f508
reloadAllAccessors: .Router

===========================================================================================
----------------- testing Fri Dec 27 06:29:18 UTC 2019 /home/travis/build/icyphy/ptII/ptolemy/actor/lib/test/auto/Router2.xml
----------------- Instantiating /home/travis/build/icyphy/ptII/ptolemy/actor/lib/test/auto/Router2.xml
3003 ms. Memory: 471040K Free: 380057K (81%)
----------------- Invoking toplevel() on ptolemy.moml.MoMLSimpleApplication@3c084658
----------------- Done invoking toplevel() on ptolemy.moml.MoMLSimpleApplication@3c084658
reloadAllAccessors: .Router2

===========================================================================================
----------------- testing Fri Dec 27 06:29:21 UTC 2019 /home/travis/build/icyphy/ptII/ptolemy/actor/lib/test/auto/RunningMaximum.xml
----------------- Instantiating /home/travis/build/icyphy/ptII/ptolemy/actor/lib/test/auto/RunningMaximum.xml
2 ms. Memory: 471040K Free: 375447K (80%)
----------------- Invoking toplevel() on ptolemy.moml.MoMLSimpleApplication@658e673e
----------------- Done invoking toplevel() on ptolemy.moml.MoMLSimpleApplication@658e673e
reloadAllAccessors: .RunningMaximum

===========================================================================================
----------------- testing Fri Dec 27 06:29:21 UTC 2019 /home/travis/build/icyphy/ptII/ptolemy/actor/lib/test/auto/RunningMinimum.xml
----------------- Instantiating /home/travis/build/icyphy/ptII/ptolemy/actor/lib/test/auto/RunningMinimum.xml
9 ms. Memory: 471040K Free: 370841K (79%)
----------------- Invoking toplevel() on ptolemy.moml.MoMLSimpleApplication@674ed526
----------------- Done invoking toplevel() on ptolemy.moml.MoMLSimpleApplication@674ed526
reloadAllAccessors: .RunningMinimum

===========================================================================================
----------------- testing Fri Dec 27 06:29:21 UTC 2019 /home/travis/build/icyphy/ptII/ptolemy/actor/lib/test/auto/Scale.xml
----------------- Instantiating /home/travis/build/icyphy/ptII/ptolemy/actor/lib/test/auto/Scale.xml
2 ms. Memory: 471040K Free: 366231K (78%)
----------------- Invoking toplevel() on ptolemy.moml.MoMLSimpleApplication@1f21d895
----------------- Done invoking toplevel() on ptolemy.moml.MoMLSimpleApplication@1f21d895
reloadAllAccessors: .Scale

===========================================================================================
----------------- testing Fri Dec 27 06:29:21 UTC 2019 /home/travis/build/icyphy/ptII/ptolemy/actor/lib/test/auto/Scale2.xml
----------------- Instantiating /home/travis/build/icyphy/ptII/ptolemy/actor/lib/test/auto/Scale2.xml
1 ms. Memory: 471040K Free: 361111K (77%)
----------------- Invoking toplevel() on ptolemy.moml.MoMLSimpleApplication@4950500e
----------------- Done invoking toplevel() on ptolemy.moml.MoMLSimpleApplication@4950500e
reloadAllAccessors: .Scale2

===========================================================================================
----------------- testing Fri Dec 27 06:29:21 UTC 2019 /home/travis/build/icyphy/ptII/ptolemy/actor/lib/test/auto/Scale3.xml
----------------- Instantiating /home/travis/build/icyphy/ptII/ptolemy/actor/lib/test/auto/Scale3.xml
3 ms. Memory: 471040K Free: 354967K (75%)
----------------- Invoking toplevel() on ptolemy.moml.MoMLSimpleApplication@128865e2
----------------- Done invoking toplevel() on ptolemy.moml.MoMLSimpleApplication@128865e2
reloadAllAccessors: .Scale3

===========================================================================================
----------------- testing Fri Dec 27 06:29:21 UTC 2019 /home/travis/build/icyphy/ptII/ptolemy/actor/lib/test/auto/ScaleArray.xml
----------------- Instantiating /home/travis/build/icyphy/ptII/ptolemy/actor/lib/test/auto/ScaleArray.xml
2 ms. Memory: 471040K Free: 350361K (74%)
----------------- Invoking toplevel() on ptolemy.moml.MoMLSimpleApplication@77b28f56
----------------- Done invoking toplevel() on ptolemy.moml.MoMLSimpleApplication@77b28f56
reloadAllAccessors: .ScaleArray

===========================================================================================
----------------- testing Fri Dec 27 06:29:21 UTC 2019 /home/travis/build/icyphy/ptII/ptolemy/actor/lib/test/auto/ScaleArray2.xml
----------------- Instantiating /home/travis/build/icyphy/ptII/ptolemy/actor/lib/test/auto/ScaleArray2.xml
1 ms. Memory: 471040K Free: 345751K (73%)
----------------- Invoking toplevel() on ptolemy.moml.MoMLSimpleApplication@66e11930
----------------- Done invoking toplevel() on ptolemy.moml.MoMLSimpleApplication@66e11930
reloadAllAccessors: .ScaleArray2

===========================================================================================
----------------- testing Fri Dec 27 06:29:21 UTC 2019 /home/travis/build/icyphy/ptII/ptolemy/actor/lib/test/auto/ScaleMatrix.xml
----------------- Instantiating /home/travis/build/icyphy/ptII/ptolemy/actor/lib/test/auto/ScaleMatrix.xml
172 ms. Memory: 471040K Free: 332439K (71%)
----------------- Invoking toplevel() on ptolemy.moml.MoMLSimpleApplication@644578e8
----------------- Done invoking toplevel() on ptolemy.moml.MoMLSimpleApplication@644578e8
reloadAllAccessors: .ScaleMatrix

===========================================================================================
----------------- testing Fri Dec 27 06:29:21 UTC 2019 /home/travis/build/icyphy/ptII/ptolemy/actor/lib/test/auto/Select.xml
----------------- Instantiating /home/travis/build/icyphy/ptII/ptolemy/actor/lib/test/auto/Select.xml
2 ms. Memory: 471040K Free: 325785K (69%)
----------------- Invoking toplevel() on ptolemy.moml.MoMLSimpleApplication@6d776707
----------------- Done invoking toplevel() on ptolemy.moml.MoMLSimpleApplication@6d776707
reloadAllAccessors: .Select

===========================================================================================
----------------- testing Fri Dec 27 06:29:21 UTC 2019 /home/travis/build/icyphy/ptII/ptolemy/actor/lib/test/auto/Select2.xml
----------------- Instantiating /home/travis/build/icyphy/ptII/ptolemy/actor/lib/test/auto/Select2.xml
1 ms. Memory: 471040K Free: 321175K (68%)
----------------- Invoking toplevel() on ptolemy.moml.MoMLSimpleApplication@3f36fb71
----------------- Done invoking toplevel() on ptolemy.moml.MoMLSimpleApplication@3f36fb71
reloadAllAccessors: .Select2

===========================================================================================
----------------- testing Fri Dec 27 06:29:21 UTC 2019 /home/travis/build/icyphy/ptII/ptolemy/actor/lib/test/auto/SequenceToArray2.xml
----------------- Instantiating /home/travis/build/icyphy/ptII/ptolemy/actor/lib/test/auto/SequenceToArray2.xml
104 ms. Memory: 471040K Free: 297113K (63%)
----------------- Invoking toplevel() on ptolemy.moml.MoMLSimpleApplication@4ba04f1e
----------------- Done invoking toplevel() on ptolemy.moml.MoMLSimpleApplication@4ba04f1e
reloadAllAccessors: .SequenceToArray2

===========================================================================================
----------------- testing Fri Dec 27 06:29:21 UTC 2019 /home/travis/build/icyphy/ptII/ptolemy/actor/lib/test/auto/SequentialClock.xml
----------------- Instantiating /home/travis/build/icyphy/ptII/ptolemy/actor/lib/test/auto/SequentialClock.xml
1 ms. Memory: 471040K Free: 293017K (62%)
----------------- Invoking toplevel() on ptolemy.moml.MoMLSimpleApplication@7711d8e1
----------------- Done invoking toplevel() on ptolemy.moml.MoMLSimpleApplication@7711d8e1
reloadAllAccessors: .SequentialClock

===========================================================================================
----------------- testing Fri Dec 27 06:29:21 UTC 2019 /home/travis/build/icyphy/ptII/ptolemy/actor/lib/test/auto/SetVariable.xml
----------------- Instantiating /home/travis/build/icyphy/ptII/ptolemy/actor/lib/test/auto/SetVariable.xml
4 ms. Memory: 471040K Free: 288407K (61%)
----------------- Invoking toplevel() on ptolemy.moml.MoMLSimpleApplication@1c98146f
----------------- Done invoking toplevel() on ptolemy.moml.MoMLSimpleApplication@1c98146f
reloadAllAccessors: .SetVariable

===========================================================================================
----------------- testing Fri Dec 27 06:29:21 UTC 2019 /home/travis/build/icyphy/ptII/ptolemy/actor/lib/test/auto/SetVariable2.xml
----------------- Instantiating /home/travis/build/icyphy/ptII/ptolemy/actor/lib/test/auto/SetVariable2.xml
3 ms. Memory: 471040K Free: 282777K (60%)
----------------- Invoking toplevel() on ptolemy.moml.MoMLSimpleApplication@4339deae
----------------- Done invoking toplevel() on ptolemy.moml.MoMLSimpleApplication@4339deae
reloadAllAccessors: .SetVariable2

===========================================================================================
----------------- testing Fri Dec 27 06:29:21 UTC 2019 /home/travis/build/icyphy/ptII/ptolemy/actor/lib/test/auto/SetVariable3.xml
----------------- Instantiating /home/travis/build/icyphy/ptII/ptolemy/actor/lib/test/auto/SetVariable3.xml
6 ms. Memory: 471040K Free: 277657K (59%)
----------------- Invoking toplevel() on ptolemy.moml.MoMLSimpleApplication@419f1d7e
----------------- Done invoking toplevel() on ptolemy.moml.MoMLSimpleApplication@419f1d7e
reloadAllAccessors: .SetVariable3

===========================================================================================
----------------- testing Fri Dec 27 06:29:21 UTC 2019 /home/travis/build/icyphy/ptII/ptolemy/actor/lib/test/auto/SetVariable4.xml
----------------- Instantiating /home/travis/build/icyphy/ptII/ptolemy/actor/lib/test/auto/SetVariable4.xml
14 ms. Memory: 471040K Free: 268441K (57%)
----------------- Invoking toplevel() on ptolemy.moml.MoMLSimpleApplication@a0f2a27
----------------- Done invoking toplevel() on ptolemy.moml.MoMLSimpleApplication@a0f2a27
reloadAllAccessors: .SetVariable4

===========================================================================================
----------------- testing Fri Dec 27 06:29:21 UTC 2019 /home/travis/build/icyphy/ptII/ptolemy/actor/lib/test/auto/SetVariable5.xml
----------------- Instantiating /home/travis/build/icyphy/ptII/ptolemy/actor/lib/test/auto/SetVariable5.xml
17 ms. Memory: 471040K Free: 259225K (55%)
----------------- Invoking toplevel() on ptolemy.moml.MoMLSimpleApplication@31ae5f9d
----------------- Done invoking toplevel() on ptolemy.moml.MoMLSimpleApplication@31ae5f9d
reloadAllAccessors: .SetVariable5

===========================================================================================
----------------- testing Fri Dec 27 06:29:21 UTC 2019 /home/travis/build/icyphy/ptII/ptolemy/actor/lib/test/auto/Sinewave.xml
----------------- Instantiating /home/travis/build/icyphy/ptII/ptolemy/actor/lib/test/auto/Sinewave.xml
3 ms. Memory: 471040K Free: 248471K (53%)
----------------- Invoking toplevel() on ptolemy.moml.MoMLSimpleApplication@6fe4a412
----------------- Done invoking toplevel() on ptolemy.moml.MoMLSimpleApplication@6fe4a412
reloadAllAccessors: .Sinewave

===========================================================================================
----------------- testing Fri Dec 27 06:29:21 UTC 2019 /home/travis/build/icyphy/ptII/ptolemy/actor/lib/test/auto/Sinewave2.xml
----------------- Instantiating /home/travis/build/icyphy/ptII/ptolemy/actor/lib/test/auto/Sinewave2.xml
5 ms. Memory: 471040K Free: 240264K (51%)
----------------- Invoking toplevel() on ptolemy.moml.MoMLSimpleApplication@334a67be
----------------- Done invoking toplevel() on ptolemy.moml.MoMLSimpleApplication@334a67be
reloadAllAccessors: .Sinewave2

===========================================================================================
----------------- testing Fri Dec 27 06:29:21 UTC 2019 /home/travis/build/icyphy/ptII/ptolemy/actor/lib/test/auto/Sinewave3.xml
----------------- Instantiating /home/travis/build/icyphy/ptII/ptolemy/actor/lib/test/auto/Sinewave3.xml
8 ms. Memory: 471040K Free: 231577K (49%)
----------------- Invoking toplevel() on ptolemy.moml.MoMLSimpleApplication@77b225e8
----------------- Done invoking toplevel() on ptolemy.moml.MoMLSimpleApplication@77b225e8
reloadAllAccessors: .Sinewave3

===========================================================================================
----------------- testing Fri Dec 27 06:29:21 UTC 2019 /home/travis/build/icyphy/ptII/ptolemy/actor/lib/test/auto/SingleEvent.xml
----------------- Instantiating /home/travis/build/icyphy/ptII/ptolemy/actor/lib/test/auto/SingleEvent.xml
1 ms. Memory: 471040K Free: 227481K (48%)
----------------- Invoking toplevel() on ptolemy.moml.MoMLSimpleApplication@70e1404d
----------------- Done invoking toplevel() on ptolemy.moml.MoMLSimpleApplication@70e1404d
reloadAllAccessors: .SingleEvent

===========================================================================================
----------------- testing Fri Dec 27 06:29:21 UTC 2019 /home/travis/build/icyphy/ptII/ptolemy/actor/lib/test/auto/Sleep.xml
----------------- Instantiating /home/travis/build/icyphy/ptII/ptolemy/actor/lib/test/auto/Sleep.xml
6003 ms. Memory: 471040K Free: 221337K (47%)
----------------- Invoking toplevel() on ptolemy.moml.MoMLSimpleApplication@38387350
----------------- Done invoking toplevel() on ptolemy.moml.MoMLSimpleApplication@38387350
reloadAllAccessors: .Sleep

===========================================================================================
----------------- testing Fri Dec 27 06:29:27 UTC 2019 /home/travis/build/icyphy/ptII/ptolemy/actor/lib/test/auto/SleepMultipleFire.xml
----------------- Instantiating /home/travis/build/icyphy/ptII/ptolemy/actor/lib/test/auto/SleepMultipleFire.xml
1004 ms. Memory: 471040K Free: 215703K (46%)
----------------- Invoking toplevel() on ptolemy.moml.MoMLSimpleApplication@18593726
----------------- Done invoking toplevel() on ptolemy.moml.MoMLSimpleApplication@18593726
reloadAllAccessors: .SleepMultipleFire

===========================================================================================
----------------- testing Fri Dec 27 06:29:28 UTC 2019 /home/travis/build/icyphy/ptII/ptolemy/actor/lib/test/auto/StopDE.xml
----------------- Instantiating /home/travis/build/icyphy/ptII/ptolemy/actor/lib/test/auto/StopDE.xml
2 ms. Memory: 471040K Free: 210073K (45%)
----------------- Invoking toplevel() on ptolemy.moml.MoMLSimpleApplication@bb4e672
----------------- Done invoking toplevel() on ptolemy.moml.MoMLSimpleApplication@bb4e672
reloadAllAccessors: .StopDE

===========================================================================================
----------------- testing Fri Dec 27 06:29:28 UTC 2019 /home/travis/build/icyphy/ptII/ptolemy/actor/lib/test/auto/StopSDF.xml
----------------- Instantiating /home/travis/build/icyphy/ptII/ptolemy/actor/lib/test/auto/StopSDF.xml
3 ms. Memory: 471040K Free: 204953K (44%)
----------------- Invoking toplevel() on ptolemy.moml.MoMLSimpleApplication@40e61e57
----------------- Done invoking toplevel() on ptolemy.moml.MoMLSimpleApplication@40e61e57
reloadAllAccessors: .StopSDF

===========================================================================================
----------------- testing Fri Dec 27 06:29:28 UTC 2019 /home/travis/build/icyphy/ptII/ptolemy/actor/lib/test/auto/StringConstant.xml
----------------- Instantiating /home/travis/build/icyphy/ptII/ptolemy/actor/lib/test/auto/StringConstant.xml
8 ms. Memory: 471040K Free: 199833K (42%)
----------------- Invoking toplevel() on ptolemy.moml.MoMLSimpleApplication@58c0ce78
----------------- Done invoking toplevel() on ptolemy.moml.MoMLSimpleApplication@58c0ce78
reloadAllAccessors: .StringConstant

===========================================================================================
----------------- testing Fri Dec 27 06:29:28 UTC 2019 /home/travis/build/icyphy/ptII/ptolemy/actor/lib/test/auto/SubscriberPortInitialValues1.xml
----------------- Instantiating /home/travis/build/icyphy/ptII/ptolemy/actor/lib/test/auto/SubscriberPortInitialValues1.xml
10 ms. Memory: 471040K Free: 191127K (41%)
----------------- Invoking toplevel() on ptolemy.moml.MoMLSimpleApplication@178072df
----------------- Done invoking toplevel() on ptolemy.moml.MoMLSimpleApplication@178072df
reloadAllAccessors: .SubscriberPortInitialValues1

===========================================================================================
----------------- testing Fri Dec 27 06:29:28 UTC 2019 /home/travis/build/icyphy/ptII/ptolemy/actor/lib/test/auto/SubscriberPortInitialValues13.xml
----------------- Instantiating /home/travis/build/icyphy/ptII/ptolemy/actor/lib/test/auto/SubscriberPortInitialValues13.xml
6 ms. Memory: 471040K Free: 177815K (38%)
----------------- Invoking toplevel() on ptolemy.moml.MoMLSimpleApplication@1d1c8fb4
----------------- Done invoking toplevel() on ptolemy.moml.MoMLSimpleApplication@1d1c8fb4
reloadAllAccessors: .SubscriberPortInitialValues13

===========================================================================================
----------------- testing Fri Dec 27 06:29:28 UTC 2019 /home/travis/build/icyphy/ptII/ptolemy/actor/lib/test/auto/SubscriberPortInitialValues14.xml
----------------- Instantiating /home/travis/build/icyphy/ptII/ptolemy/actor/lib/test/auto/SubscriberPortInitialValues14.xml
4 ms. Memory: 471040K Free: 170137K (36%)
----------------- Invoking toplevel() on ptolemy.moml.MoMLSimpleApplication@6fe1683d
----------------- Done invoking toplevel() on ptolemy.moml.MoMLSimpleApplication@6fe1683d
reloadAllAccessors: .SubscriberPortInitialValues14

===========================================================================================
----------------- testing Fri Dec 27 06:29:29 UTC 2019 /home/travis/build/icyphy/ptII/ptolemy/actor/lib/test/auto/SubscriberPortInitialValues2.xml
----------------- Instantiating /home/travis/build/icyphy/ptII/ptolemy/actor/lib/test/auto/SubscriberPortInitialValues2.xml
3 ms. Memory: 471040K Free: 161945K (34%)
----------------- Invoking toplevel() on ptolemy.moml.MoMLSimpleApplication@54ca27a3
----------------- Done invoking toplevel() on ptolemy.moml.MoMLSimpleApplication@54ca27a3
reloadAllAccessors: .SubscriberPortInitialValues2

===========================================================================================
----------------- testing Fri Dec 27 06:29:29 UTC 2019 /home/travis/build/icyphy/ptII/ptolemy/actor/lib/test/auto/SubscriberPortInitialValues3.xml
----------------- Instantiating /home/travis/build/icyphy/ptII/ptolemy/actor/lib/test/auto/SubscriberPortInitialValues3.xml
4 ms. Memory: 471040K Free: 151191K (32%)
----------------- Invoking toplevel() on ptolemy.moml.MoMLSimpleApplication@6a9730bf
----------------- Done invoking toplevel() on ptolemy.moml.MoMLSimpleApplication@6a9730bf
reloadAllAccessors: .SubscriberPortInitialValues3

===========================================================================================
----------------- testing Fri Dec 27 06:29:29 UTC 2019 /home/travis/build/icyphy/ptII/ptolemy/actor/lib/test/auto/SubscriptionAggregator.xml
----------------- Instantiating /home/travis/build/icyphy/ptII/ptolemy/actor/lib/test/auto/SubscriptionAggregator.xml
3 ms. Memory: 471040K Free: 418765K (89%)
----------------- Invoking toplevel() on ptolemy.moml.MoMLSimpleApplication@41de2c61
----------------- Done invoking toplevel() on ptolemy.moml.MoMLSimpleApplication@41de2c61
reloadAllAccessors: .SubscriptionAggregator

===========================================================================================
----------------- testing Fri Dec 27 06:29:29 UTC 2019 /home/travis/build/icyphy/ptII/ptolemy/actor/lib/test/auto/SubscriptionAggregator2.xml
----------------- Instantiating /home/travis/build/icyphy/ptII/ptolemy/actor/lib/test/auto/SubscriptionAggregator2.xml
3 ms. Memory: 471040K Free: 411102K (87%)
----------------- Invoking toplevel() on ptolemy.moml.MoMLSimpleApplication@28373c83
----------------- Done invoking toplevel() on ptolemy.moml.MoMLSimpleApplication@28373c83
reloadAllAccessors: .SubscriptionAggregator2

===========================================================================================
----------------- testing Fri Dec 27 06:29:29 UTC 2019 /home/travis/build/icyphy/ptII/ptolemy/actor/lib/test/auto/SubscriptionAggregator3.xml
----------------- Instantiating /home/travis/build/icyphy/ptII/ptolemy/actor/lib/test/auto/SubscriptionAggregator3.xml
3 ms. Memory: 471040K Free: 402389K (85%)
----------------- Invoking toplevel() on ptolemy.moml.MoMLSimpleApplication@5ecb9d5b
----------------- Done invoking toplevel() on ptolemy.moml.MoMLSimpleApplication@5ecb9d5b
reloadAllAccessors: .SubscriptionAggregator3

===========================================================================================
----------------- testing Fri Dec 27 06:29:29 UTC 2019 /home/travis/build/icyphy/ptII/ptolemy/actor/lib/test/auto/SubscriptionAggregatorMultiply.xml
----------------- Instantiating /home/travis/build/icyphy/ptII/ptolemy/actor/lib/test/auto/SubscriptionAggregatorMultiply.xml
9 ms. Memory: 471040K Free: 394204K (84%)
----------------- Invoking toplevel() on ptolemy.moml.MoMLSimpleApplication@72ceb99d
----------------- Done invoking toplevel() on ptolemy.moml.MoMLSimpleApplication@72ceb99d
reloadAllAccessors: .SubscriptionAggregatorMultiply

===========================================================================================
----------------- testing Fri Dec 27 06:29:29 UTC 2019 /home/travis/build/icyphy/ptII/ptolemy/actor/lib/test/auto/SubscriptionAggregatorPortMultiply1.xml
----------------- Instantiating /home/travis/build/icyphy/ptII/ptolemy/actor/lib/test/auto/SubscriptionAggregatorPortMultiply1.xml
4 ms. Memory: 471040K Free: 386012K (82%)
----------------- Invoking toplevel() on ptolemy.moml.MoMLSimpleApplication@140f657
----------------- Done invoking toplevel() on ptolemy.moml.MoMLSimpleApplication@140f657
reloadAllAccessors: .SubscriptionAggregatorPortMultiply1

===========================================================================================
----------------- testing Fri Dec 27 06:29:29 UTC 2019 /home/travis/build/icyphy/ptII/ptolemy/actor/lib/test/auto/Switch.xml
----------------- Instantiating /home/travis/build/icyphy/ptII/ptolemy/actor/lib/test/auto/Switch.xml
6 ms. Memory: 471040K Free: 377310K (80%)
----------------- Invoking toplevel() on ptolemy.moml.MoMLSimpleApplication@6d07eb48
----------------- Done invoking toplevel() on ptolemy.moml.MoMLSimpleApplication@6d07eb48
reloadAllAccessors: .Switch

===========================================================================================
----------------- testing Fri Dec 27 06:29:29 UTC 2019 /home/travis/build/icyphy/ptII/ptolemy/actor/lib/test/auto/Switch2.xml
----------------- Instantiating /home/travis/build/icyphy/ptII/ptolemy/actor/lib/test/auto/Switch2.xml
1 ms. Memory: 471040K Free: 372700K (79%)
----------------- Invoking toplevel() on ptolemy.moml.MoMLSimpleApplication@1e27aa06
----------------- Done invoking toplevel() on ptolemy.moml.MoMLSimpleApplication@1e27aa06
reloadAllAccessors: .Switch2

===========================================================================================
----------------- testing Fri Dec 27 06:29:29 UTC 2019 /home/travis/build/icyphy/ptII/ptolemy/actor/lib/test/auto/SwitchDE.xml
----------------- Instantiating /home/travis/build/icyphy/ptII/ptolemy/actor/lib/test/auto/SwitchDE.xml
4 ms. Memory: 471040K Free: 366046K (78%)
----------------- Invoking toplevel() on ptolemy.moml.MoMLSimpleApplication@79cb36b9
----------------- Done invoking toplevel() on ptolemy.moml.MoMLSimpleApplication@79cb36b9
reloadAllAccessors: .SwitchDE

===========================================================================================
----------------- testing Fri Dec 27 06:29:29 UTC 2019 /home/travis/build/icyphy/ptII/ptolemy/actor/lib/test/auto/SynchronizerDE.xml
----------------- Instantiating /home/travis/build/icyphy/ptII/ptolemy/actor/lib/test/auto/SynchronizerDE.xml
10 ms. Memory: 471040K Free: 357854K (76%)
----------------- Invoking toplevel() on ptolemy.moml.MoMLSimpleApplication@22dc9a16
----------------- Done invoking toplevel() on ptolemy.moml.MoMLSimpleApplication@22dc9a16
reloadAllAccessors: .SynchronizerDE

===========================================================================================
----------------- testing Fri Dec 27 06:29:29 UTC 2019 /home/travis/build/icyphy/ptII/ptolemy/actor/lib/test/auto/Test.xml
----------------- Instantiating /home/travis/build/icyphy/ptII/ptolemy/actor/lib/test/auto/Test.xml
2 ms. Memory: 471040K Free: 352734K (75%)
----------------- Invoking toplevel() on ptolemy.moml.MoMLSimpleApplication@2122a77a
----------------- Done invoking toplevel() on ptolemy.moml.MoMLSimpleApplication@2122a77a
reloadAllAccessors: .Test

===========================================================================================
----------------- testing Fri Dec 27 06:29:29 UTC 2019 /home/travis/build/icyphy/ptII/ptolemy/actor/lib/test/auto/TestExceptionAttribute1.xml
----------------- Instantiating /home/travis/build/icyphy/ptII/ptolemy/actor/lib/test/auto/TestExceptionAttribute1.xml
1 ms. Memory: 471040K Free: 349148K (74%)
----------------- Invoking toplevel() on ptolemy.moml.MoMLSimpleApplication@6cbc6478
----------------- Done invoking toplevel() on ptolemy.moml.MoMLSimpleApplication@6cbc6478
reloadAllAccessors: .TestExceptionAttribute1

===========================================================================================
----------------- testing Fri Dec 27 06:29:29 UTC 2019 /home/travis/build/icyphy/ptII/ptolemy/actor/lib/test/auto/TestExceptionAttribute2.xml
----------------- Instantiating /home/travis/build/icyphy/ptII/ptolemy/actor/lib/test/auto/TestExceptionAttribute2.xml
1 ms. Memory: 471040K Free: 345052K (73%)
----------------- Invoking toplevel() on ptolemy.moml.MoMLSimpleApplication@4772cdec
----------------- Done invoking toplevel() on ptolemy.moml.MoMLSimpleApplication@4772cdec
reloadAllAccessors: .TestExceptionAttribute2

===========================================================================================
----------------- testing Fri Dec 27 06:29:29 UTC 2019 /home/travis/build/icyphy/ptII/ptolemy/actor/lib/test/auto/TestExceptionAttribute3.xml
----------------- Instantiating /home/travis/build/icyphy/ptII/ptolemy/actor/lib/test/auto/TestExceptionAttribute3.xml
.TestExceptionAttribute3.TestExceptionAttribute: initialize() was not invoked, but wrapup() was.  This is unusual, but not always a problem.  For example, exporting JNLP will do this.
1 ms. Memory: 471040K Free: 341470K (72%)
----------------- Invoking toplevel() on ptolemy.moml.MoMLSimpleApplication@5ff8ead
----------------- Done invoking toplevel() on ptolemy.moml.MoMLSimpleApplication@5ff8ead
reloadAllAccessors: .TestExceptionAttribute3

===========================================================================================
----------------- testing Fri Dec 27 06:29:29 UTC 2019 /home/travis/build/icyphy/ptII/ptolemy/actor/lib/test/auto/TestExceptionAttribute4.xml
----------------- Instantiating /home/travis/build/icyphy/ptII/ptolemy/actor/lib/test/auto/TestExceptionAttribute4.xml
.TestExceptionAttribute4.TestExceptionAttribute: initialize() was not invoked, but wrapup() was.  This is unusual, but not always a problem.  For example, exporting JNLP will do this.
.TestExceptionAttribute4.TestExceptionAttribute2: initialize() was not invoked, but wrapup() was.  This is unusual, but not always a problem.  For example, exporting JNLP will do this.
0 ms. Memory: 471040K Free: 337374K (72%)
----------------- Invoking toplevel() on ptolemy.moml.MoMLSimpleApplication@3db07581
----------------- Done invoking toplevel() on ptolemy.moml.MoMLSimpleApplication@3db07581
reloadAllAccessors: .TestExceptionAttribute4

===========================================================================================
----------------- testing Fri Dec 27 06:29:29 UTC 2019 /home/travis/build/icyphy/ptII/ptolemy/actor/lib/test/auto/TestExceptionHandler1.xml
----------------- Instantiating /home/travis/build/icyphy/ptII/ptolemy/actor/lib/test/auto/TestExceptionHandler1.xml
1 ms. Memory: 471040K Free: 333278K (71%)
----------------- Invoking toplevel() on ptolemy.moml.MoMLSimpleApplication@53fabea0
----------------- Done invoking toplevel() on ptolemy.moml.MoMLSimpleApplication@53fabea0
reloadAllAccessors: .TestExceptionHandler1

===========================================================================================
----------------- testing Fri Dec 27 06:29:29 UTC 2019 /home/travis/build/icyphy/ptII/ptolemy/actor/lib/test/auto/TestExceptionHandler2.xml
----------------- Instantiating /home/travis/build/icyphy/ptII/ptolemy/actor/lib/test/auto/TestExceptionHandler2.xml
1 ms. Memory: 471040K Free: 329692K (70%)
----------------- Invoking toplevel() on ptolemy.moml.MoMLSimpleApplication@43fe447a
----------------- Done invoking toplevel() on ptolemy.moml.MoMLSimpleApplication@43fe447a
reloadAllAccessors: .TestExceptionHandler2

===========================================================================================
----------------- testing Fri Dec 27 06:29:29 UTC 2019 /home/travis/build/icyphy/ptII/ptolemy/actor/lib/test/auto/TestExceptionHandler3.xml
----------------- Instantiating /home/travis/build/icyphy/ptII/ptolemy/actor/lib/test/auto/TestExceptionHandler3.xml
0 ms. Memory: 471040K Free: 326110K (69%)
----------------- Invoking toplevel() on ptolemy.moml.MoMLSimpleApplication@1fc06fc0
----------------- Done invoking toplevel() on ptolemy.moml.MoMLSimpleApplication@1fc06fc0
reloadAllAccessors: .TestExceptionHandler3

===========================================================================================
----------------- testing Fri Dec 27 06:29:29 UTC 2019 /home/travis/build/icyphy/ptII/ptolemy/actor/lib/test/auto/TestExceptionHandler4.xml
----------------- Instantiating /home/travis/build/icyphy/ptII/ptolemy/actor/lib/test/auto/TestExceptionHandler4.xml
0 ms. Memory: 471040K Free: 321500K (68%)
----------------- Invoking toplevel() on ptolemy.moml.MoMLSimpleApplication@524c5e9e
----------------- Done invoking toplevel() on ptolemy.moml.MoMLSimpleApplication@524c5e9e
reloadAllAccessors: .TestExceptionHandler4

===========================================================================================
----------------- testing Fri Dec 27 06:29:29 UTC 2019 /home/travis/build/icyphy/ptII/ptolemy/actor/lib/test/auto/TestRequireCorrectOrder.xml
----------------- Instantiating /home/travis/build/icyphy/ptII/ptolemy/actor/lib/test/auto/TestRequireCorrectOrder.xml
8 ms. Memory: 471040K Free: 316373K (67%)
----------------- Invoking toplevel() on ptolemy.moml.MoMLSimpleApplication@19b935a7
----------------- Done invoking toplevel() on ptolemy.moml.MoMLSimpleApplication@19b935a7
reloadAllAccessors: .TestRequireCorrectOrder

===========================================================================================
----------------- testing Fri Dec 27 06:29:29 UTC 2019 /home/travis/build/icyphy/ptII/ptolemy/actor/lib/test/auto/TestSimple.xml
----------------- Instantiating /home/travis/build/icyphy/ptII/ptolemy/actor/lib/test/auto/TestSimple.xml
2 ms. Memory: 471040K Free: 312284K (66%)
----------------- Invoking toplevel() on ptolemy.moml.MoMLSimpleApplication@32ceba4a
----------------- Done invoking toplevel() on ptolemy.moml.MoMLSimpleApplication@32ceba4a
reloadAllAccessors: .TestSimple

===========================================================================================
----------------- testing Fri Dec 27 06:29:29 UTC 2019 /home/travis/build/icyphy/ptII/ptolemy/actor/lib/test/auto/ThrowModelError.xml
----------------- Instantiating /home/travis/build/icyphy/ptII/ptolemy/actor/lib/test/auto/ThrowModelError.xml
2 ms. Memory: 471040K Free: 307164K (65%)
----------------- Invoking toplevel() on ptolemy.moml.MoMLSimpleApplication@4b6db93c
----------------- Done invoking toplevel() on ptolemy.moml.MoMLSimpleApplication@4b6db93c
reloadAllAccessors: .ThrowModelError

===========================================================================================
----------------- testing Fri Dec 27 06:29:29 UTC 2019 /home/travis/build/icyphy/ptII/ptolemy/actor/lib/test/auto/TimeDelayMicrosteps.xml
----------------- Instantiating /home/travis/build/icyphy/ptII/ptolemy/actor/lib/test/auto/TimeDelayMicrosteps.xml
3 ms. Memory: 471040K Free: 300510K (64%)
----------------- Invoking toplevel() on ptolemy.moml.MoMLSimpleApplication@380e3cf
----------------- Done invoking toplevel() on ptolemy.moml.MoMLSimpleApplication@380e3cf
reloadAllAccessors: .TimeDelayMicrosteps

===========================================================================================
----------------- testing Fri Dec 27 06:29:29 UTC 2019 /home/travis/build/icyphy/ptII/ptolemy/actor/lib/test/auto/TimeDelayMicrosteps2.xml
----------------- Instantiating /home/travis/build/icyphy/ptII/ptolemy/actor/lib/test/auto/TimeDelayMicrosteps2.xml
3 ms. Memory: 471040K Free: 293342K (62%)
----------------- Invoking toplevel() on ptolemy.moml.MoMLSimpleApplication@500b1f75
----------------- Done invoking toplevel() on ptolemy.moml.MoMLSimpleApplication@500b1f75
reloadAllAccessors: .TimeDelayMicrosteps2

===========================================================================================
----------------- testing Fri Dec 27 06:29:29 UTC 2019 /home/travis/build/icyphy/ptII/ptolemy/actor/lib/test/auto/TimeDelayMicrosteps3.xml
----------------- Instantiating /home/travis/build/icyphy/ptII/ptolemy/actor/lib/test/auto/TimeDelayMicrosteps3.xml
3 ms. Memory: 471040K Free: 286174K (61%)
----------------- Invoking toplevel() on ptolemy.moml.MoMLSimpleApplication@566f14b3
----------------- Done invoking toplevel() on ptolemy.moml.MoMLSimpleApplication@566f14b3
reloadAllAccessors: .TimeDelayMicrosteps3

===========================================================================================
----------------- testing Fri Dec 27 06:29:29 UTC 2019 /home/travis/build/icyphy/ptII/ptolemy/actor/lib/test/auto/TimeDelayVariableMicrosteps.xml
----------------- Instantiating /home/travis/build/icyphy/ptII/ptolemy/actor/lib/test/auto/TimeDelayVariableMicrosteps.xml
3 ms. Memory: 471040K Free: 279516K (59%)
----------------- Invoking toplevel() on ptolemy.moml.MoMLSimpleApplication@282668d1
----------------- Done invoking toplevel() on ptolemy.moml.MoMLSimpleApplication@282668d1
reloadAllAccessors: .TimeDelayVariableMicrosteps

===========================================================================================
----------------- testing Fri Dec 27 06:29:29 UTC 2019 /home/travis/build/icyphy/ptII/ptolemy/actor/lib/test/auto/TimeGap.xml
----------------- Instantiating /home/travis/build/icyphy/ptII/ptolemy/actor/lib/test/auto/TimeGap.xml
3 ms. Memory: 471040K Free: 274381K (58%)
----------------- Invoking toplevel() on ptolemy.moml.MoMLSimpleApplication@13f5164f
----------------- Done invoking toplevel() on ptolemy.moml.MoMLSimpleApplication@13f5164f
reloadAllAccessors: .TimeGap

===========================================================================================
----------------- testing Fri Dec 27 06:29:29 UTC 2019 /home/travis/build/icyphy/ptII/ptolemy/actor/lib/test/auto/TimeGap2.xml
----------------- Instantiating /home/travis/build/icyphy/ptII/ptolemy/actor/lib/test/auto/TimeGap2.xml
2 ms. Memory: 471040K Free: 268221K (57%)
----------------- Invoking toplevel() on ptolemy.moml.MoMLSimpleApplication@431e67a6
----------------- Done invoking toplevel() on ptolemy.moml.MoMLSimpleApplication@431e67a6
reloadAllAccessors: .TimeGap2

===========================================================================================
----------------- testing Fri Dec 27 06:29:29 UTC 2019 /home/travis/build/icyphy/ptII/ptolemy/actor/lib/test/auto/TimedSinewave.xml
----------------- Instantiating /home/travis/build/icyphy/ptII/ptolemy/actor/lib/test/auto/TimedSinewave.xml
29 ms. Memory: 471040K Free: 253916K (54%)
----------------- Invoking toplevel() on ptolemy.moml.MoMLSimpleApplication@6e323636
----------------- Done invoking toplevel() on ptolemy.moml.MoMLSimpleApplication@6e323636
reloadAllAccessors: .TimedSinewave

===========================================================================================
----------------- testing Fri Dec 27 06:29:29 UTC 2019 /home/travis/build/icyphy/ptII/ptolemy/actor/lib/test/auto/TimedSinewavePhase.xml
----------------- Instantiating /home/travis/build/icyphy/ptII/ptolemy/actor/lib/test/auto/TimedSinewavePhase.xml
9 ms. Memory: 471040K Free: 244190K (52%)
----------------- Invoking toplevel() on ptolemy.moml.MoMLSimpleApplication@16258955
----------------- Done invoking toplevel() on ptolemy.moml.MoMLSimpleApplication@16258955
reloadAllAccessors: .TimedSinewavePhase

===========================================================================================
----------------- testing Fri Dec 27 06:29:29 UTC 2019 /home/travis/build/icyphy/ptII/ptolemy/actor/lib/test/auto/Timer.xml
----------------- Instantiating /home/travis/build/icyphy/ptII/ptolemy/actor/lib/test/auto/Timer.xml
1 ms. Memory: 471040K Free: 238046K (51%)
----------------- Invoking toplevel() on ptolemy.moml.MoMLSimpleApplication@362cb24e
----------------- Done invoking toplevel() on ptolemy.moml.MoMLSimpleApplication@362cb24e
reloadAllAccessors: .Timer

===========================================================================================
----------------- testing Fri Dec 27 06:29:29 UTC 2019 /home/travis/build/icyphy/ptII/ptolemy/actor/lib/test/auto/TriangularDistTestModel.xml
----------------- Instantiating /home/travis/build/icyphy/ptII/ptolemy/actor/lib/test/auto/TriangularDistTestModel.xml
2 ms. Memory: 471040K Free: 232397K (49%)
----------------- Invoking toplevel() on ptolemy.moml.MoMLSimpleApplication@7fa431ea
----------------- Done invoking toplevel() on ptolemy.moml.MoMLSimpleApplication@7fa431ea
reloadAllAccessors: .TriangularDistTestModel

===========================================================================================
----------------- testing Fri Dec 27 06:29:29 UTC 2019 /home/travis/build/icyphy/ptII/ptolemy/actor/lib/test/auto/TrigFunction.xml
----------------- Instantiating /home/travis/build/icyphy/ptII/ptolemy/actor/lib/test/auto/TrigFunction.xml
2 ms. Memory: 471040K Free: 227292K (48%)
----------------- Invoking toplevel() on ptolemy.moml.MoMLSimpleApplication@7828cc6f
----------------- Done invoking toplevel() on ptolemy.moml.MoMLSimpleApplication@7828cc6f
reloadAllAccessors: .TrigFunction

===========================================================================================
----------------- testing Fri Dec 27 06:29:29 UTC 2019 /home/travis/build/icyphy/ptII/ptolemy/actor/lib/test/auto/TrigFunctionDE.xml
----------------- Instantiating /home/travis/build/icyphy/ptII/ptolemy/actor/lib/test/auto/TrigFunctionDE.xml
2 ms. Memory: 471040K Free: 220117K (47%)
----------------- Invoking toplevel() on ptolemy.moml.MoMLSimpleApplication@3ea6e2e7
----------------- Done invoking toplevel() on ptolemy.moml.MoMLSimpleApplication@3ea6e2e7
reloadAllAccessors: .TrigFunctionDE

===========================================================================================
----------------- testing Fri Dec 27 06:29:29 UTC 2019 /home/travis/build/icyphy/ptII/ptolemy/actor/lib/test/auto/TrigFunctionInverse.xml
----------------- Instantiating /home/travis/build/icyphy/ptII/ptolemy/actor/lib/test/auto/TrigFunctionInverse.xml
1 ms. Memory: 471040K Free: 215004K (46%)
----------------- Invoking toplevel() on ptolemy.moml.MoMLSimpleApplication@667b389d
----------------- Done invoking toplevel() on ptolemy.moml.MoMLSimpleApplication@667b389d
reloadAllAccessors: .TrigFunctionInverse

===========================================================================================
----------------- testing Fri Dec 27 06:29:29 UTC 2019 /home/travis/build/icyphy/ptII/ptolemy/actor/lib/test/auto/TrigFunctionTan.xml
----------------- Instantiating /home/travis/build/icyphy/ptII/ptolemy/actor/lib/test/auto/TrigFunctionTan.xml
2 ms. Memory: 471040K Free: 210398K (45%)
----------------- Invoking toplevel() on ptolemy.moml.MoMLSimpleApplication@42ac0420
----------------- Done invoking toplevel() on ptolemy.moml.MoMLSimpleApplication@42ac0420
reloadAllAccessors: .TrigFunctionTan

===========================================================================================
----------------- testing Fri Dec 27 06:29:29 UTC 2019 /home/travis/build/icyphy/ptII/ptolemy/actor/lib/test/auto/TriggeredClock.xml
----------------- Instantiating /home/travis/build/icyphy/ptII/ptolemy/actor/lib/test/auto/TriggeredClock.xml
2 ms. Memory: 471040K Free: 205278K (44%)
----------------- Invoking toplevel() on ptolemy.moml.MoMLSimpleApplication@616ac366
----------------- Done invoking toplevel() on ptolemy.moml.MoMLSimpleApplication@616ac366
reloadAllAccessors: .TriggeredClock

===========================================================================================
----------------- testing Fri Dec 27 06:29:29 UTC 2019 /home/travis/build/icyphy/ptII/ptolemy/actor/lib/test/auto/URLDirectoryReader.xml
----------------- Instantiating /home/travis/build/icyphy/ptII/ptolemy/actor/lib/test/auto/URLDirectoryReader.xml
27 ms. Memory: 471040K Free: 195548K (42%)
----------------- Invoking toplevel() on ptolemy.moml.MoMLSimpleApplication@1ba25986
----------------- Done invoking toplevel() on ptolemy.moml.MoMLSimpleApplication@1ba25986
reloadAllAccessors: .URLDirectoryReader

===========================================================================================
----------------- testing Fri Dec 27 06:29:29 UTC 2019 /home/travis/build/icyphy/ptII/ptolemy/actor/lib/test/auto/URLDirectoryReader3.xml
----------------- Instantiating /home/travis/build/icyphy/ptII/ptolemy/actor/lib/test/auto/URLDirectoryReader3.xml
1460 ms. Memory: 471040K Free: 410839K (87%)
----------------- Invoking toplevel() on ptolemy.moml.MoMLSimpleApplication@725e739a
----------------- Done invoking toplevel() on ptolemy.moml.MoMLSimpleApplication@725e739a
reloadAllAccessors: .URLDirectoryReader3

===========================================================================================
----------------- testing Fri Dec 27 06:29:31 UTC 2019 /home/travis/build/icyphy/ptII/ptolemy/actor/lib/test/auto/UnaryMathFunction.xml
----------------- Instantiating /home/travis/build/icyphy/ptII/ptolemy/actor/lib/test/auto/UnaryMathFunction.xml
2 ms. Memory: 471040K Free: 403159K (86%)
----------------- Invoking toplevel() on ptolemy.moml.MoMLSimpleApplication@fb07a77
----------------- Done invoking toplevel() on ptolemy.moml.MoMLSimpleApplication@fb07a77
reloadAllAccessors: .UnaryMathFunction

===========================================================================================
----------------- testing Fri Dec 27 06:29:31 UTC 2019 /home/travis/build/icyphy/ptII/ptolemy/actor/lib/test/auto/Uniform.xml
----------------- Instantiating /home/travis/build/icyphy/ptII/ptolemy/actor/lib/test/auto/Uniform.xml
3 ms. Memory: 471040K Free: 398039K (85%)
----------------- Invoking toplevel() on ptolemy.moml.MoMLSimpleApplication@7f9c076a
----------------- Done invoking toplevel() on ptolemy.moml.MoMLSimpleApplication@7f9c076a
reloadAllAccessors: .Uniform

===========================================================================================
----------------- testing Fri Dec 27 06:29:31 UTC 2019 /home/travis/build/icyphy/ptII/ptolemy/actor/lib/test/auto/UnionDisassemblerTest.xml
----------------- Instantiating /home/travis/build/icyphy/ptII/ptolemy/actor/lib/test/auto/UnionDisassemblerTest.xml
14 ms. Memory: 471040K Free: 394457K (84%)
----------------- Invoking toplevel() on ptolemy.moml.MoMLSimpleApplication@5673ca4d
----------------- Done invoking toplevel() on ptolemy.moml.MoMLSimpleApplication@5673ca4d
reloadAllAccessors: .UnionDisassemblerTest

===========================================================================================
----------------- testing Fri Dec 27 06:29:31 UTC 2019 /home/travis/build/icyphy/ptII/ptolemy/actor/lib/test/auto/UtilityFunctions.xml
----------------- Instantiating /home/travis/build/icyphy/ptII/ptolemy/actor/lib/test/auto/UtilityFunctions.xml
0 ms. Memory: 471040K Free: 390361K (83%)
----------------- Invoking toplevel() on ptolemy.moml.MoMLSimpleApplication@4533e2ed
----------------- Done invoking toplevel() on ptolemy.moml.MoMLSimpleApplication@4533e2ed
reloadAllAccessors: .UtilityFunctions

===========================================================================================
----------------- testing Fri Dec 27 06:29:31 UTC 2019 /home/travis/build/icyphy/ptII/ptolemy/actor/lib/test/auto/VariableSleep.xml
----------------- Instantiating /home/travis/build/icyphy/ptII/ptolemy/actor/lib/test/auto/VariableSleep.xml
502 ms. Memory: 471040K Free: 384727K (82%)
----------------- Invoking toplevel() on ptolemy.moml.MoMLSimpleApplication@5a66e2d9
----------------- Done invoking toplevel() on ptolemy.moml.MoMLSimpleApplication@5a66e2d9
reloadAllAccessors: .VariableSleep

===========================================================================================
----------------- testing Fri Dec 27 06:29:32 UTC 2019 /home/travis/build/icyphy/ptII/ptolemy/actor/lib/test/auto/VectorAssemblerDisassemblerCT.xml
----------------- Instantiating /home/travis/build/icyphy/ptII/ptolemy/actor/lib/test/auto/VectorAssemblerDisassemblerCT.xml
63 ms. Memory: 471040K Free: 364761K (77%)
----------------- Invoking toplevel() on ptolemy.moml.MoMLSimpleApplication@1ac0b329
----------------- Done invoking toplevel() on ptolemy.moml.MoMLSimpleApplication@1ac0b329
reloadAllAccessors: .VectorAssemblerDisassemblerCT

===========================================================================================
----------------- testing Fri Dec 27 06:29:32 UTC 2019 /home/travis/build/icyphy/ptII/ptolemy/actor/lib/test/auto/VectorAssemblerDisassemblerDE.xml
----------------- Instantiating /home/travis/build/icyphy/ptII/ptolemy/actor/lib/test/auto/VectorAssemblerDisassemblerDE.xml
2 ms. Memory: 471040K Free: 357593K (76%)
----------------- Invoking toplevel() on ptolemy.moml.MoMLSimpleApplication@1613a7b7
----------------- Done invoking toplevel() on ptolemy.moml.MoMLSimpleApplication@1613a7b7
reloadAllAccessors: .VectorAssemblerDisassemblerDE

===========================================================================================
----------------- testing Fri Dec 27 06:29:32 UTC 2019 /home/travis/build/icyphy/ptII/ptolemy/actor/lib/test/auto/VectorAssemblerDisassemblerSDF.xml
----------------- Instantiating /home/travis/build/icyphy/ptII/ptolemy/actor/lib/test/auto/VectorAssemblerDisassemblerSDF.xml
2 ms. Memory: 471040K Free: 350425K (74%)
----------------- Invoking toplevel() on ptolemy.moml.MoMLSimpleApplication@1c14872d
----------------- Done invoking toplevel() on ptolemy.moml.MoMLSimpleApplication@1c14872d
reloadAllAccessors: .VectorAssemblerDisassemblerSDF

===========================================================================================
----------------- testing Fri Dec 27 06:29:32 UTC 2019 /home/travis/build/icyphy/ptII/ptolemy/actor/lib/test/auto/WallClockTime.xml
----------------- Instantiating /home/travis/build/icyphy/ptII/ptolemy/actor/lib/test/auto/WallClockTime.xml
1004 ms. Memory: 471040K Free: 345305K (73%)
----------------- Invoking toplevel() on ptolemy.moml.MoMLSimpleApplication@68c05de9
----------------- Done invoking toplevel() on ptolemy.moml.MoMLSimpleApplication@68c05de9
reloadAllAccessors: .WallClockTime

===========================================================================================
----------------- testing Fri Dec 27 06:29:33 UTC 2019 /home/travis/build/icyphy/ptII/ptolemy/actor/lib/test/auto/WidthTestWithSubscriberPublisher.xml
----------------- Instantiating /home/travis/build/icyphy/ptII/ptolemy/actor/lib/test/auto/WidthTestWithSubscriberPublisher.xml
6 ms. Memory: 471040K Free: 327897K (70%)
----------------- Invoking toplevel() on ptolemy.moml.MoMLSimpleApplication@6caac03
----------------- Done invoking toplevel() on ptolemy.moml.MoMLSimpleApplication@6caac03
reloadAllAccessors: .WidthTestWithSubscriberPublisher

===========================================================================================
----------------- testing Fri Dec 27 06:29:33 UTC 2019 /home/travis/build/icyphy/ptII/ptolemy/actor/lib/test/auto/WidthTestWithSubscriberPublisher2.xml
----------------- Instantiating /home/travis/build/icyphy/ptII/ptolemy/actor/lib/test/auto/WidthTestWithSubscriberPublisher2.xml
1 ms. Memory: 471040K Free: 321239K (68%)
----------------- Invoking toplevel() on ptolemy.moml.MoMLSimpleApplication@4229f3b2
----------------- Done invoking toplevel() on ptolemy.moml.MoMLSimpleApplication@4229f3b2
reloadAllAccessors: .WidthTestWithSubscriberPublisher2

===========================================================================================
----------------- testing Fri Dec 27 06:29:33 UTC 2019 /home/travis/build/icyphy/ptII/ptolemy/actor/lib/test/auto/WidthTestWithSubscriberPublisher3.xml
----------------- Instantiating /home/travis/build/icyphy/ptII/ptolemy/actor/lib/test/auto/WidthTestWithSubscriberPublisher3.xml
2 ms. Memory: 471040K Free: 315609K (67%)
----------------- Invoking toplevel() on ptolemy.moml.MoMLSimpleApplication@27daccf4
----------------- Done invoking toplevel() on ptolemy.moml.MoMLSimpleApplication@27daccf4
reloadAllAccessors: .WidthTestWithSubscriberPublisher3

===========================================================================================
----------------- testing Fri Dec 27 06:29:33 UTC 2019 /home/travis/build/icyphy/ptII/ptolemy/actor/lib/test/auto/Writer.xml
----------------- Instantiating /home/travis/build/icyphy/ptII/ptolemy/actor/lib/test/auto/Writer.xml
0
1
2
3
4
1 ms. Memory: 471040K Free: 311513K (66%)
----------------- Invoking toplevel() on ptolemy.moml.MoMLSimpleApplication@79568831
----------------- Done invoking toplevel() on ptolemy.moml.MoMLSimpleApplication@79568831
reloadAllAccessors: .Writer

===========================================================================================
----------------- testing Fri Dec 27 06:29:33 UTC 2019 /home/travis/build/icyphy/ptII/ptolemy/actor/lib/test/auto/array.xml
----------------- Instantiating /home/travis/build/icyphy/ptII/ptolemy/actor/lib/test/auto/array.xml
2 ms. Memory: 471040K Free: 306393K (65%)
----------------- Invoking toplevel() on ptolemy.moml.MoMLSimpleApplication@4eada9f1
----------------- Done invoking toplevel() on ptolemy.moml.MoMLSimpleApplication@4eada9f1
reloadAllAccessors: .array

===========================================================================================
----------------- testing Fri Dec 27 06:29:33 UTC 2019 /home/travis/build/icyphy/ptII/ptolemy/actor/lib/test/auto/array2.xml
----------------- Instantiating /home/travis/build/icyphy/ptII/ptolemy/actor/lib/test/auto/array2.xml
3 ms. Memory: 471040K Free: 301273K (64%)
----------------- Invoking toplevel() on ptolemy.moml.MoMLSimpleApplication@481d233c
----------------- Done invoking toplevel() on ptolemy.moml.MoMLSimpleApplication@481d233c
reloadAllAccessors: .array2

===========================================================================================
----------------- testing Fri Dec 27 06:29:33 UTC 2019 /home/travis/build/icyphy/ptII/ptolemy/actor/lib/test/auto/arrayType.xml
----------------- Instantiating /home/travis/build/icyphy/ptII/ptolemy/actor/lib/test/auto/arrayType.xml
1 ms. Memory: 471040K Free: 296153K (63%)
----------------- Invoking toplevel() on ptolemy.moml.MoMLSimpleApplication@3c0700c9
----------------- Done invoking toplevel() on ptolemy.moml.MoMLSimpleApplication@3c0700c9
reloadAllAccessors: .arrayType

===========================================================================================
----------------- testing Fri Dec 27 06:29:33 UTC 2019 /home/travis/build/icyphy/ptII/ptolemy/actor/lib/test/auto/arrayType10.xml
----------------- Instantiating /home/travis/build/icyphy/ptII/ptolemy/actor/lib/test/auto/arrayType10.xml
2 ms. Memory: 471040K Free: 291033K (62%)
----------------- Invoking toplevel() on ptolemy.moml.MoMLSimpleApplication@52303e93
----------------- Done invoking toplevel() on ptolemy.moml.MoMLSimpleApplication@52303e93
reloadAllAccessors: .arrayType10

===========================================================================================
----------------- testing Fri Dec 27 06:29:33 UTC 2019 /home/travis/build/icyphy/ptII/ptolemy/actor/lib/test/auto/arrayType11.xml
----------------- Instantiating /home/travis/build/icyphy/ptII/ptolemy/actor/lib/test/auto/arrayType11.xml
2 ms. Memory: 471040K Free: 286423K (61%)
----------------- Invoking toplevel() on ptolemy.moml.MoMLSimpleApplication@36bb8a08
----------------- Done invoking toplevel() on ptolemy.moml.MoMLSimpleApplication@36bb8a08
reloadAllAccessors: .arrayType11

===========================================================================================
----------------- testing Fri Dec 27 06:29:33 UTC 2019 /home/travis/build/icyphy/ptII/ptolemy/actor/lib/test/auto/arrayType12.xml
----------------- Instantiating /home/travis/build/icyphy/ptII/ptolemy/actor/lib/test/auto/arrayType12.xml
1 ms. Memory: 471040K Free: 281817K (60%)
----------------- Invoking toplevel() on ptolemy.moml.MoMLSimpleApplication@5a7e4795
----------------- Done invoking toplevel() on ptolemy.moml.MoMLSimpleApplication@5a7e4795
reloadAllAccessors: .arrayType12

===========================================================================================
----------------- testing Fri Dec 27 06:29:33 UTC 2019 /home/travis/build/icyphy/ptII/ptolemy/actor/lib/test/auto/arrayType13.xml
----------------- Instantiating /home/travis/build/icyphy/ptII/ptolemy/actor/lib/test/auto/arrayType13.xml
2 ms. Memory: 471040K Free: 276183K (59%)
----------------- Invoking toplevel() on ptolemy.moml.MoMLSimpleApplication@503bc603
----------------- Done invoking toplevel() on ptolemy.moml.MoMLSimpleApplication@503bc603
reloadAllAccessors: .arrayType13

===========================================================================================
----------------- testing Fri Dec 27 06:29:33 UTC 2019 /home/travis/build/icyphy/ptII/ptolemy/actor/lib/test/auto/arrayType14.xml
----------------- Instantiating /home/travis/build/icyphy/ptII/ptolemy/actor/lib/test/auto/arrayType14.xml
1 ms. Memory: 471040K Free: 271063K (58%)
----------------- Invoking toplevel() on ptolemy.moml.MoMLSimpleApplication@485bdf9b
----------------- Done invoking toplevel() on ptolemy.moml.MoMLSimpleApplication@485bdf9b
reloadAllAccessors: .arrayType14

===========================================================================================
----------------- testing Fri Dec 27 06:29:33 UTC 2019 /home/travis/build/icyphy/ptII/ptolemy/actor/lib/test/auto/arrayType15.xml
----------------- Instantiating /home/travis/build/icyphy/ptII/ptolemy/actor/lib/test/auto/arrayType15.xml
2 ms. Memory: 471040K Free: 265943K (56%)
----------------- Invoking toplevel() on ptolemy.moml.MoMLSimpleApplication@73fcaf08
----------------- Done invoking toplevel() on ptolemy.moml.MoMLSimpleApplication@73fcaf08
reloadAllAccessors: .arrayType15

===========================================================================================
----------------- testing Fri Dec 27 06:29:33 UTC 2019 /home/travis/build/icyphy/ptII/ptolemy/actor/lib/test/auto/arrayType16.xml
----------------- Instantiating /home/travis/build/icyphy/ptII/ptolemy/actor/lib/test/auto/arrayType16.xml
1 ms. Memory: 471040K Free: 260313K (55%)
----------------- Invoking toplevel() on ptolemy.moml.MoMLSimpleApplication@72376bb9
----------------- Done invoking toplevel() on ptolemy.moml.MoMLSimpleApplication@72376bb9
reloadAllAccessors: .arrayType16

===========================================================================================
----------------- testing Fri Dec 27 06:29:33 UTC 2019 /home/travis/build/icyphy/ptII/ptolemy/actor/lib/test/auto/arrayType17.xml
----------------- Instantiating /home/travis/build/icyphy/ptII/ptolemy/actor/lib/test/auto/arrayType17.xml
1 ms. Memory: 471040K Free: 255193K (54%)
----------------- Invoking toplevel() on ptolemy.moml.MoMLSimpleApplication@5312749a
----------------- Done invoking toplevel() on ptolemy.moml.MoMLSimpleApplication@5312749a
reloadAllAccessors: .arrayType17

===========================================================================================
----------------- testing Fri Dec 27 06:29:33 UTC 2019 /home/travis/build/icyphy/ptII/ptolemy/actor/lib/test/auto/arrayType18.xml
----------------- Instantiating /home/travis/build/icyphy/ptII/ptolemy/actor/lib/test/auto/arrayType18.xml
1 ms. Memory: 471040K Free: 250073K (53%)
----------------- Invoking toplevel() on ptolemy.moml.MoMLSimpleApplication@3805a59d
----------------- Done invoking toplevel() on ptolemy.moml.MoMLSimpleApplication@3805a59d
reloadAllAccessors: .arrayType18

===========================================================================================
----------------- testing Fri Dec 27 06:29:33 UTC 2019 /home/travis/build/icyphy/ptII/ptolemy/actor/lib/test/auto/arrayType19.xml
----------------- Instantiating /home/travis/build/icyphy/ptII/ptolemy/actor/lib/test/auto/arrayType19.xml
1 ms. Memory: 471040K Free: 245463K (52%)
----------------- Invoking toplevel() on ptolemy.moml.MoMLSimpleApplication@6c4b17e8
----------------- Done invoking toplevel() on ptolemy.moml.MoMLSimpleApplication@6c4b17e8
reloadAllAccessors: .arrayType19

===========================================================================================
----------------- testing Fri Dec 27 06:29:33 UTC 2019 /home/travis/build/icyphy/ptII/ptolemy/actor/lib/test/auto/arrayType2.xml
----------------- Instantiating /home/travis/build/icyphy/ptII/ptolemy/actor/lib/test/auto/arrayType2.xml
2 ms. Memory: 471040K Free: 240343K (51%)
----------------- Invoking toplevel() on ptolemy.moml.MoMLSimpleApplication@76e95c06
----------------- Done invoking toplevel() on ptolemy.moml.MoMLSimpleApplication@76e95c06
reloadAllAccessors: .arrayType2

===========================================================================================
----------------- testing Fri Dec 27 06:29:33 UTC 2019 /home/travis/build/icyphy/ptII/ptolemy/actor/lib/test/auto/arrayType20.xml
----------------- Instantiating /home/travis/build/icyphy/ptII/ptolemy/actor/lib/test/auto/arrayType20.xml
1 ms. Memory: 471040K Free: 235223K (50%)
----------------- Invoking toplevel() on ptolemy.moml.MoMLSimpleApplication@74861658
----------------- Done invoking toplevel() on ptolemy.moml.MoMLSimpleApplication@74861658
reloadAllAccessors: .arrayType20

===========================================================================================
----------------- testing Fri Dec 27 06:29:33 UTC 2019 /home/travis/build/icyphy/ptII/ptolemy/actor/lib/test/auto/arrayType21.xml
----------------- Instantiating /home/travis/build/icyphy/ptII/ptolemy/actor/lib/test/auto/arrayType21.xml
1 ms. Memory: 471040K Free: 230617K (49%)
----------------- Invoking toplevel() on ptolemy.moml.MoMLSimpleApplication@5b62dff8
----------------- Done invoking toplevel() on ptolemy.moml.MoMLSimpleApplication@5b62dff8
reloadAllAccessors: .arrayType21

===========================================================================================
----------------- testing Fri Dec 27 06:29:33 UTC 2019 /home/travis/build/icyphy/ptII/ptolemy/actor/lib/test/auto/arrayType22.xml
----------------- Instantiating /home/travis/build/icyphy/ptII/ptolemy/actor/lib/test/auto/arrayType22.xml
2 ms. Memory: 471040K Free: 226007K (48%)
----------------- Invoking toplevel() on ptolemy.moml.MoMLSimpleApplication@3eb8e4f7
----------------- Done invoking toplevel() on ptolemy.moml.MoMLSimpleApplication@3eb8e4f7
reloadAllAccessors: .arrayType22

===========================================================================================
----------------- testing Fri Dec 27 06:29:33 UTC 2019 /home/travis/build/icyphy/ptII/ptolemy/actor/lib/test/auto/arrayType23.xml
----------------- Instantiating /home/travis/build/icyphy/ptII/ptolemy/actor/lib/test/auto/arrayType23.xml
1 ms. Memory: 471040K Free: 220887K (47%)
----------------- Invoking toplevel() on ptolemy.moml.MoMLSimpleApplication@9dfd45a
----------------- Done invoking toplevel() on ptolemy.moml.MoMLSimpleApplication@9dfd45a
reloadAllAccessors: .arrayType23

===========================================================================================
----------------- testing Fri Dec 27 06:29:33 UTC 2019 /home/travis/build/icyphy/ptII/ptolemy/actor/lib/test/auto/arrayType24.xml
----------------- Instantiating /home/travis/build/icyphy/ptII/ptolemy/actor/lib/test/auto/arrayType24.xml
1 ms. Memory: 471040K Free: 215767K (46%)
----------------- Invoking toplevel() on ptolemy.moml.MoMLSimpleApplication@1050feb9
----------------- Done invoking toplevel() on ptolemy.moml.MoMLSimpleApplication@1050feb9
reloadAllAccessors: .arrayType24

===========================================================================================
----------------- testing Fri Dec 27 06:29:33 UTC 2019 /home/travis/build/icyphy/ptII/ptolemy/actor/lib/test/auto/arrayType25.xml
----------------- Instantiating /home/travis/build/icyphy/ptII/ptolemy/actor/lib/test/auto/arrayType25.xml
1 ms. Memory: 471040K Free: 210137K (45%)
----------------- Invoking toplevel() on ptolemy.moml.MoMLSimpleApplication@57e1e4e9
----------------- Done invoking toplevel() on ptolemy.moml.MoMLSimpleApplication@57e1e4e9
reloadAllAccessors: .arrayType25

===========================================================================================
----------------- testing Fri Dec 27 06:29:33 UTC 2019 /home/travis/build/icyphy/ptII/ptolemy/actor/lib/test/auto/arrayType26.xml
----------------- Instantiating /home/travis/build/icyphy/ptII/ptolemy/actor/lib/test/auto/arrayType26.xml
1 ms. Memory: 471040K Free: 205017K (44%)
----------------- Invoking toplevel() on ptolemy.moml.MoMLSimpleApplication@141257c5
----------------- Done invoking toplevel() on ptolemy.moml.MoMLSimpleApplication@141257c5
reloadAllAccessors: .arrayType26

===========================================================================================
----------------- testing Fri Dec 27 06:29:33 UTC 2019 /home/travis/build/icyphy/ptII/ptolemy/actor/lib/test/auto/arrayType27.xml
----------------- Instantiating /home/travis/build/icyphy/ptII/ptolemy/actor/lib/test/auto/arrayType27.xml
1 ms. Memory: 471040K Free: 199897K (42%)
----------------- Invoking toplevel() on ptolemy.moml.MoMLSimpleApplication@4cfcb6f4
----------------- Done invoking toplevel() on ptolemy.moml.MoMLSimpleApplication@4cfcb6f4
reloadAllAccessors: .arrayType27

===========================================================================================
----------------- testing Fri Dec 27 06:29:33 UTC 2019 /home/travis/build/icyphy/ptII/ptolemy/actor/lib/test/auto/arrayType28.xml
----------------- Instantiating /home/travis/build/icyphy/ptII/ptolemy/actor/lib/test/auto/arrayType28.xml
1 ms. Memory: 471040K Free: 194263K (41%)
----------------- Invoking toplevel() on ptolemy.moml.MoMLSimpleApplication@49bf1728
----------------- Done invoking toplevel() on ptolemy.moml.MoMLSimpleApplication@49bf1728
reloadAllAccessors: .arrayType28

===========================================================================================
----------------- testing Fri Dec 27 06:29:33 UTC 2019 /home/travis/build/icyphy/ptII/ptolemy/actor/lib/test/auto/arrayType3.xml
----------------- Instantiating /home/travis/build/icyphy/ptII/ptolemy/actor/lib/test/auto/arrayType3.xml
2 ms. Memory: 471040K Free: 189143K (40%)
----------------- Invoking toplevel() on ptolemy.moml.MoMLSimpleApplication@720bc16c
----------------- Done invoking toplevel() on ptolemy.moml.MoMLSimpleApplication@720bc16c
reloadAllAccessors: .arrayType3

===========================================================================================
----------------- testing Fri Dec 27 06:29:33 UTC 2019 /home/travis/build/icyphy/ptII/ptolemy/actor/lib/test/auto/arrayType4.xml
----------------- Instantiating /home/travis/build/icyphy/ptII/ptolemy/actor/lib/test/auto/arrayType4.xml
2 ms. Memory: 471040K Free: 183513K (39%)
----------------- Invoking toplevel() on ptolemy.moml.MoMLSimpleApplication@6f264dc4
----------------- Done invoking toplevel() on ptolemy.moml.MoMLSimpleApplication@6f264dc4
reloadAllAccessors: .arrayType4

===========================================================================================
----------------- testing Fri Dec 27 06:29:33 UTC 2019 /home/travis/build/icyphy/ptII/ptolemy/actor/lib/test/auto/arrayType5.xml
----------------- Instantiating /home/travis/build/icyphy/ptII/ptolemy/actor/lib/test/auto/arrayType5.xml
1 ms. Memory: 471040K Free: 178393K (38%)
----------------- Invoking toplevel() on ptolemy.moml.MoMLSimpleApplication@173322a1
----------------- Done invoking toplevel() on ptolemy.moml.MoMLSimpleApplication@173322a1
reloadAllAccessors: .arrayType5

===========================================================================================
----------------- testing Fri Dec 27 06:29:33 UTC 2019 /home/travis/build/icyphy/ptII/ptolemy/actor/lib/test/auto/arrayType6.xml
----------------- Instantiating /home/travis/build/icyphy/ptII/ptolemy/actor/lib/test/auto/arrayType6.xml
2 ms. Memory: 471040K Free: 173273K (37%)
----------------- Invoking toplevel() on ptolemy.moml.MoMLSimpleApplication@4db3cbc1
----------------- Done invoking toplevel() on ptolemy.moml.MoMLSimpleApplication@4db3cbc1
reloadAllAccessors: .arrayType6

===========================================================================================
----------------- testing Fri Dec 27 06:29:33 UTC 2019 /home/travis/build/icyphy/ptII/ptolemy/actor/lib/test/auto/arrayType7.xml
----------------- Instantiating /home/travis/build/icyphy/ptII/ptolemy/actor/lib/test/auto/arrayType7.xml
1 ms. Memory: 471040K Free: 168663K (36%)
----------------- Invoking toplevel() on ptolemy.moml.MoMLSimpleApplication@946a7f7
----------------- Done invoking toplevel() on ptolemy.moml.MoMLSimpleApplication@946a7f7
reloadAllAccessors: .arrayType7

===========================================================================================
----------------- testing Fri Dec 27 06:29:33 UTC 2019 /home/travis/build/icyphy/ptII/ptolemy/actor/lib/test/auto/arrayType8.xml
----------------- Instantiating /home/travis/build/icyphy/ptII/ptolemy/actor/lib/test/auto/arrayType8.xml
6 ms. Memory: 471040K Free: 164057K (35%)
----------------- Invoking toplevel() on ptolemy.moml.MoMLSimpleApplication@23e8cd36
----------------- Done invoking toplevel() on ptolemy.moml.MoMLSimpleApplication@23e8cd36
reloadAllAccessors: .arrayType8

===========================================================================================
----------------- testing Fri Dec 27 06:29:33 UTC 2019 /home/travis/build/icyphy/ptII/ptolemy/actor/lib/test/auto/arrayType9.xml
----------------- Instantiating /home/travis/build/icyphy/ptII/ptolemy/actor/lib/test/auto/arrayType9.xml
1 ms. Memory: 471040K Free: 158937K (34%)
----------------- Invoking toplevel() on ptolemy.moml.MoMLSimpleApplication@6cbbfd1
----------------- Done invoking toplevel() on ptolemy.moml.MoMLSimpleApplication@6cbbfd1
reloadAllAccessors: .arrayType9

===========================================================================================
----------------- testing Fri Dec 27 06:29:33 UTC 2019 /home/travis/build/icyphy/ptII/ptolemy/actor/lib/test/auto/cast.xml
----------------- Instantiating /home/travis/build/icyphy/ptII/ptolemy/actor/lib/test/auto/cast.xml
1 ms. Memory: 471040K Free: 154327K (33%)
----------------- Invoking toplevel() on ptolemy.moml.MoMLSimpleApplication@6690d71b
----------------- Done invoking toplevel() on ptolemy.moml.MoMLSimpleApplication@6690d71b
reloadAllAccessors: .cast

===========================================================================================
----------------- testing Fri Dec 27 06:29:33 UTC 2019 /home/travis/build/icyphy/ptII/ptolemy/actor/lib/test/auto/compositeMultiPort.xml
----------------- Instantiating /home/travis/build/icyphy/ptII/ptolemy/actor/lib/test/auto/compositeMultiPort.xml
3 ms. Memory: 471040K Free: 145097K (31%)
----------------- Invoking toplevel() on ptolemy.moml.MoMLSimpleApplication@3d896268
----------------- Done invoking toplevel() on ptolemy.moml.MoMLSimpleApplication@3d896268
reloadAllAccessors: .compositeMultiPort

===========================================================================================
----------------- testing Fri Dec 27 06:29:33 UTC 2019 /home/travis/build/icyphy/ptII/ptolemy/actor/lib/test/auto/expressionCastInference.xml
----------------- Instantiating /home/travis/build/icyphy/ptII/ptolemy/actor/lib/test/auto/expressionCastInference.xml
12 ms. Memory: 471040K Free: 140505K (30%)
----------------- Invoking toplevel() on ptolemy.moml.MoMLSimpleApplication@7d408a2b
----------------- Done invoking toplevel() on ptolemy.moml.MoMLSimpleApplication@7d408a2b
reloadAllAccessors: .expressionCastInference

===========================================================================================
----------------- testing Fri Dec 27 06:29:33 UTC 2019 /home/travis/build/icyphy/ptII/ptolemy/actor/lib/test/auto/expressionCastInference2.xml
----------------- Instantiating /home/travis/build/icyphy/ptII/ptolemy/actor/lib/test/auto/expressionCastInference2.xml
2 ms. Memory: 471040K Free: 412236K (88%)
----------------- Invoking toplevel() on ptolemy.moml.MoMLSimpleApplication@38ab8c00
----------------- Done invoking toplevel() on ptolemy.moml.MoMLSimpleApplication@38ab8c00
reloadAllAccessors: .expressionCastInference2

===========================================================================================
----------------- testing Fri Dec 27 06:29:33 UTC 2019 /home/travis/build/icyphy/ptII/ptolemy/actor/lib/test/auto/expressionInference.xml
----------------- Instantiating /home/travis/build/icyphy/ptII/ptolemy/actor/lib/test/auto/expressionInference.xml
1 ms. Memory: 471040K Free: 407626K (87%)
----------------- Invoking toplevel() on ptolemy.moml.MoMLSimpleApplication@5698db2c
----------------- Done invoking toplevel() on ptolemy.moml.MoMLSimpleApplication@5698db2c
reloadAllAccessors: .expressionInference

===========================================================================================
----------------- testing Fri Dec 27 06:29:33 UTC 2019 /home/travis/build/icyphy/ptII/ptolemy/actor/lib/test/auto/expression_bug.xml
----------------- Instantiating /home/travis/build/icyphy/ptII/ptolemy/actor/lib/test/auto/expression_bug.xml
1 ms. Memory: 471040K Free: 403530K (86%)
----------------- Invoking toplevel() on ptolemy.moml.MoMLSimpleApplication@70de6fe6
----------------- Done invoking toplevel() on ptolemy.moml.MoMLSimpleApplication@70de6fe6
reloadAllAccessors: .expression_bug

===========================================================================================
----------------- testing Fri Dec 27 06:29:33 UTC 2019 /home/travis/build/icyphy/ptII/ptolemy/actor/lib/test/auto/factorial.xml
----------------- Instantiating /home/travis/build/icyphy/ptII/ptolemy/actor/lib/test/auto/factorial.xml
28 ms. Memory: 471040K Free: 393804K (84%)
----------------- Invoking toplevel() on ptolemy.moml.MoMLSimpleApplication@2f19fd4
----------------- Done invoking toplevel() on ptolemy.moml.MoMLSimpleApplication@2f19fd4
reloadAllAccessors: .factorial

===========================================================================================
----------------- testing Fri Dec 27 06:29:33 UTC 2019 /home/travis/build/icyphy/ptII/ptolemy/actor/lib/test/auto/filterTest1.xml
----------------- Instantiating /home/travis/build/icyphy/ptII/ptolemy/actor/lib/test/auto/filterTest1.xml
3 ms. Memory: 471040K Free: 388156K (82%)
----------------- Invoking toplevel() on ptolemy.moml.MoMLSimpleApplication@1289bded
----------------- Done invoking toplevel() on ptolemy.moml.MoMLSimpleApplication@1289bded
reloadAllAccessors: .filterTest1

===========================================================================================
----------------- testing Fri Dec 27 06:29:33 UTC 2019 /home/travis/build/icyphy/ptII/ptolemy/actor/lib/test/auto/funcApplyInConst.xml
----------------- Instantiating /home/travis/build/icyphy/ptII/ptolemy/actor/lib/test/auto/funcApplyInConst.xml
0 ms. Memory: 471040K Free: 384074K (82%)
----------------- Invoking toplevel() on ptolemy.moml.MoMLSimpleApplication@63384783
----------------- Done invoking toplevel() on ptolemy.moml.MoMLSimpleApplication@63384783
reloadAllAccessors: .funcApplyInConst

===========================================================================================
----------------- testing Fri Dec 27 06:29:33 UTC 2019 /home/travis/build/icyphy/ptII/ptolemy/actor/lib/test/auto/funcApplyInExpr.xml
----------------- Instantiating /home/travis/build/icyphy/ptII/ptolemy/actor/lib/test/auto/funcApplyInExpr.xml
1 ms. Memory: 471040K Free: 380492K (81%)
----------------- Invoking toplevel() on ptolemy.moml.MoMLSimpleApplication@443ae513
----------------- Done invoking toplevel() on ptolemy.moml.MoMLSimpleApplication@443ae513
reloadAllAccessors: .funcApplyInExpr

===========================================================================================
----------------- testing Fri Dec 27 06:29:33 UTC 2019 /home/travis/build/icyphy/ptII/ptolemy/actor/lib/test/auto/function.xml
----------------- Instantiating /home/travis/build/icyphy/ptII/ptolemy/actor/lib/test/auto/function.xml
2 ms. Memory: 471040K Free: 375372K (80%)
----------------- Invoking toplevel() on ptolemy.moml.MoMLSimpleApplication@2da99ee0
----------------- Done invoking toplevel() on ptolemy.moml.MoMLSimpleApplication@2da99ee0
reloadAllAccessors: .function

===========================================================================================
----------------- testing Fri Dec 27 06:29:34 UTC 2019 /home/travis/build/icyphy/ptII/ptolemy/actor/lib/test/auto/function2.xml
----------------- Instantiating /home/travis/build/icyphy/ptII/ptolemy/actor/lib/test/auto/function2.xml
2 ms. Memory: 471040K Free: 370762K (79%)
----------------- Invoking toplevel() on ptolemy.moml.MoMLSimpleApplication@9503ca0
----------------- Done invoking toplevel() on ptolemy.moml.MoMLSimpleApplication@9503ca0
reloadAllAccessors: .function2

===========================================================================================
----------------- testing Fri Dec 27 06:29:34 UTC 2019 /home/travis/build/icyphy/ptII/ptolemy/actor/lib/test/auto/function3.xml
----------------- Instantiating /home/travis/build/icyphy/ptII/ptolemy/actor/lib/test/auto/function3.xml
2 ms. Memory: 471040K Free: 366666K (78%)
----------------- Invoking toplevel() on ptolemy.moml.MoMLSimpleApplication@587ffa1b
----------------- Done invoking toplevel() on ptolemy.moml.MoMLSimpleApplication@587ffa1b
reloadAllAccessors: .function3

===========================================================================================
----------------- testing Fri Dec 27 06:29:34 UTC 2019 /home/travis/build/icyphy/ptII/ptolemy/actor/lib/test/auto/functionClosureTest1.xml
----------------- Instantiating /home/travis/build/icyphy/ptII/ptolemy/actor/lib/test/auto/functionClosureTest1.xml
1 ms. Memory: 471040K Free: 361036K (77%)
----------------- Invoking toplevel() on ptolemy.moml.MoMLSimpleApplication@7da9bd9f
----------------- Done invoking toplevel() on ptolemy.moml.MoMLSimpleApplication@7da9bd9f
reloadAllAccessors: .functionClosureTest1

===========================================================================================
----------------- testing Fri Dec 27 06:29:34 UTC 2019 /home/travis/build/icyphy/ptII/ptolemy/actor/lib/test/auto/functionClosureTest2.xml
----------------- Instantiating /home/travis/build/icyphy/ptII/ptolemy/actor/lib/test/auto/functionClosureTest2.xml
1 ms. Memory: 471040K Free: 356940K (76%)
----------------- Invoking toplevel() on ptolemy.moml.MoMLSimpleApplication@31d64d72
----------------- Done invoking toplevel() on ptolemy.moml.MoMLSimpleApplication@31d64d72
reloadAllAccessors: .functionClosureTest2

===========================================================================================
----------------- testing Fri Dec 27 06:29:34 UTC 2019 /home/travis/build/icyphy/ptII/ptolemy/actor/lib/test/auto/functionClosureTest3.xml
----------------- Instantiating /home/travis/build/icyphy/ptII/ptolemy/actor/lib/test/auto/functionClosureTest3.xml
1 ms. Memory: 471040K Free: 351820K (75%)
----------------- Invoking toplevel() on ptolemy.moml.MoMLSimpleApplication@2f739f38
----------------- Done invoking toplevel() on ptolemy.moml.MoMLSimpleApplication@2f739f38
reloadAllAccessors: .functionClosureTest3

===========================================================================================
----------------- testing Fri Dec 27 06:29:34 UTC 2019 /home/travis/build/icyphy/ptII/ptolemy/actor/lib/test/auto/functionClosureTest4.xml
----------------- Instantiating /home/travis/build/icyphy/ptII/ptolemy/actor/lib/test/auto/functionClosureTest4.xml
4 ms. Memory: 471040K Free: 345676K (73%)
----------------- Invoking toplevel() on ptolemy.moml.MoMLSimpleApplication@1a34404f
----------------- Done invoking toplevel() on ptolemy.moml.MoMLSimpleApplication@1a34404f
reloadAllAccessors: .functionClosureTest4

===========================================================================================
----------------- testing Fri Dec 27 06:29:34 UTC 2019 /home/travis/build/icyphy/ptII/ptolemy/actor/lib/test/auto/functionClosureTest5.xml
----------------- Instantiating /home/travis/build/icyphy/ptII/ptolemy/actor/lib/test/auto/functionClosureTest5.xml
3 ms. Memory: 471040K Free: 340012K (72%)
----------------- Invoking toplevel() on ptolemy.moml.MoMLSimpleApplication@652ef325
----------------- Done invoking toplevel() on ptolemy.moml.MoMLSimpleApplication@652ef325
reloadAllAccessors: .functionClosureTest5

===========================================================================================
----------------- testing Fri Dec 27 06:29:34 UTC 2019 /home/travis/build/icyphy/ptII/ptolemy/actor/lib/test/auto/functionClosureTest6.xml
----------------- Instantiating /home/travis/build/icyphy/ptII/ptolemy/actor/lib/test/auto/functionClosureTest6.xml
1 ms. Memory: 471040K Free: 335436K (71%)
----------------- Invoking toplevel() on ptolemy.moml.MoMLSimpleApplication@67e3e92b
----------------- Done invoking toplevel() on ptolemy.moml.MoMLSimpleApplication@67e3e92b
reloadAllAccessors: .functionClosureTest6

===========================================================================================
----------------- testing Fri Dec 27 06:29:34 UTC 2019 /home/travis/build/icyphy/ptII/ptolemy/actor/lib/test/auto/functionsOnArcs.xml
----------------- Instantiating /home/travis/build/icyphy/ptII/ptolemy/actor/lib/test/auto/functionsOnArcs.xml
2 ms. Memory: 471040K Free: 329802K (70%)
----------------- Invoking toplevel() on ptolemy.moml.MoMLSimpleApplication@78f8cf2b
----------------- Done invoking toplevel() on ptolemy.moml.MoMLSimpleApplication@78f8cf2b
reloadAllAccessors: .functionsOnArcs

===========================================================================================
----------------- testing Fri Dec 27 06:29:34 UTC 2019 /home/travis/build/icyphy/ptII/ptolemy/actor/lib/test/auto/functionsOnArcsHOF.xml
----------------- Instantiating /home/travis/build/icyphy/ptII/ptolemy/actor/lib/test/auto/functionsOnArcsHOF.xml
5 ms. Memory: 471040K Free: 324172K (69%)
----------------- Invoking toplevel() on ptolemy.moml.MoMLSimpleApplication@78dc6f90
----------------- Done invoking toplevel() on ptolemy.moml.MoMLSimpleApplication@78dc6f90
reloadAllAccessors: .functionsOnArcsHOF

===========================================================================================
----------------- testing Fri Dec 27 06:29:34 UTC 2019 /home/travis/build/icyphy/ptII/ptolemy/actor/lib/test/auto/logic.xml
----------------- Instantiating /home/travis/build/icyphy/ptII/ptolemy/actor/lib/test/auto/logic.xml
2 ms. Memory: 471040K Free: 316490K (67%)
----------------- Invoking toplevel() on ptolemy.moml.MoMLSimpleApplication@4ea2022b
----------------- Done invoking toplevel() on ptolemy.moml.MoMLSimpleApplication@4ea2022b
reloadAllAccessors: .logic

===========================================================================================
----------------- testing Fri Dec 27 06:29:34 UTC 2019 /home/travis/build/icyphy/ptII/ptolemy/actor/lib/test/auto/matrixType.xml
----------------- Instantiating /home/travis/build/icyphy/ptII/ptolemy/actor/lib/test/auto/matrixType.xml
1 ms. Memory: 471040K Free: 311370K (66%)
----------------- Invoking toplevel() on ptolemy.moml.MoMLSimpleApplication@22aa3e1a
----------------- Done invoking toplevel() on ptolemy.moml.MoMLSimpleApplication@22aa3e1a
reloadAllAccessors: .matrixType

===========================================================================================
----------------- testing Fri Dec 27 06:29:34 UTC 2019 /home/travis/build/icyphy/ptII/ptolemy/actor/lib/test/auto/matrixType10.xml
----------------- Instantiating /home/travis/build/icyphy/ptII/ptolemy/actor/lib/test/auto/matrixType10.xml
2 ms. Memory: 471040K Free: 306250K (65%)
----------------- Invoking toplevel() on ptolemy.moml.MoMLSimpleApplication@741a51b0
----------------- Done invoking toplevel() on ptolemy.moml.MoMLSimpleApplication@741a51b0
reloadAllAccessors: .matrixType10

===========================================================================================
----------------- testing Fri Dec 27 06:29:34 UTC 2019 /home/travis/build/icyphy/ptII/ptolemy/actor/lib/test/auto/matrixType11.xml
----------------- Instantiating /home/travis/build/icyphy/ptII/ptolemy/actor/lib/test/auto/matrixType11.xml
1 ms. Memory: 471040K Free: 301644K (64%)
----------------- Invoking toplevel() on ptolemy.moml.MoMLSimpleApplication@6a3f2105
----------------- Done invoking toplevel() on ptolemy.moml.MoMLSimpleApplication@6a3f2105
reloadAllAccessors: .matrixType11

===========================================================================================
----------------- testing Fri Dec 27 06:29:34 UTC 2019 /home/travis/build/icyphy/ptII/ptolemy/actor/lib/test/auto/matrixType12.xml
----------------- Instantiating /home/travis/build/icyphy/ptII/ptolemy/actor/lib/test/auto/matrixType12.xml
1 ms. Memory: 471040K Free: 296524K (63%)
----------------- Invoking toplevel() on ptolemy.moml.MoMLSimpleApplication@4072aad1
----------------- Done invoking toplevel() on ptolemy.moml.MoMLSimpleApplication@4072aad1
reloadAllAccessors: .matrixType12

===========================================================================================
----------------- testing Fri Dec 27 06:29:34 UTC 2019 /home/travis/build/icyphy/ptII/ptolemy/actor/lib/test/auto/matrixType13.xml
----------------- Instantiating /home/travis/build/icyphy/ptII/ptolemy/actor/lib/test/auto/matrixType13.xml
2 ms. Memory: 471040K Free: 291914K (62%)
----------------- Invoking toplevel() on ptolemy.moml.MoMLSimpleApplication@22eb3775
----------------- Done invoking toplevel() on ptolemy.moml.MoMLSimpleApplication@22eb3775
reloadAllAccessors: .matrixType13

===========================================================================================
----------------- testing Fri Dec 27 06:29:34 UTC 2019 /home/travis/build/icyphy/ptII/ptolemy/actor/lib/test/auto/matrixType14.xml
----------------- Instantiating /home/travis/build/icyphy/ptII/ptolemy/actor/lib/test/auto/matrixType14.xml
1 ms. Memory: 471040K Free: 286794K (61%)
----------------- Invoking toplevel() on ptolemy.moml.MoMLSimpleApplication@1397e499
----------------- Done invoking toplevel() on ptolemy.moml.MoMLSimpleApplication@1397e499
reloadAllAccessors: .matrixType14

===========================================================================================
----------------- testing Fri Dec 27 06:29:34 UTC 2019 /home/travis/build/icyphy/ptII/ptolemy/actor/lib/test/auto/matrixType2.xml
----------------- Instantiating /home/travis/build/icyphy/ptII/ptolemy/actor/lib/test/auto/matrixType2.xml
1 ms. Memory: 471040K Free: 282186K (60%)
----------------- Invoking toplevel() on ptolemy.moml.MoMLSimpleApplication@56d6fec9
----------------- Done invoking toplevel() on ptolemy.moml.MoMLSimpleApplication@56d6fec9
reloadAllAccessors: .matrixType2

===========================================================================================
----------------- testing Fri Dec 27 06:29:34 UTC 2019 /home/travis/build/icyphy/ptII/ptolemy/actor/lib/test/auto/matrixType3.xml
----------------- Instantiating /home/travis/build/icyphy/ptII/ptolemy/actor/lib/test/auto/matrixType3.xml
3 ms. Memory: 471040K Free: 277068K (59%)
----------------- Invoking toplevel() on ptolemy.moml.MoMLSimpleApplication@3b0cc07e
----------------- Done invoking toplevel() on ptolemy.moml.MoMLSimpleApplication@3b0cc07e
reloadAllAccessors: .matrixType3

===========================================================================================
----------------- testing Fri Dec 27 06:29:34 UTC 2019 /home/travis/build/icyphy/ptII/ptolemy/actor/lib/test/auto/matrixType4.xml
----------------- Instantiating /home/travis/build/icyphy/ptII/ptolemy/actor/lib/test/auto/matrixType4.xml
2 ms. Memory: 471040K Free: 272458K (58%)
----------------- Invoking toplevel() on ptolemy.moml.MoMLSimpleApplication@36748460
----------------- Done invoking toplevel() on ptolemy.moml.MoMLSimpleApplication@36748460
reloadAllAccessors: .matrixType4

===========================================================================================
----------------- testing Fri Dec 27 06:29:34 UTC 2019 /home/travis/build/icyphy/ptII/ptolemy/actor/lib/test/auto/matrixType5.xml
----------------- Instantiating /home/travis/build/icyphy/ptII/ptolemy/actor/lib/test/auto/matrixType5.xml
1 ms. Memory: 471040K Free: 267338K (57%)
----------------- Invoking toplevel() on ptolemy.moml.MoMLSimpleApplication@7590f345
----------------- Done invoking toplevel() on ptolemy.moml.MoMLSimpleApplication@7590f345
reloadAllAccessors: .matrixType5

===========================================================================================
----------------- testing Fri Dec 27 06:29:34 UTC 2019 /home/travis/build/icyphy/ptII/ptolemy/actor/lib/test/auto/matrixType6.xml
----------------- Instantiating /home/travis/build/icyphy/ptII/ptolemy/actor/lib/test/auto/matrixType6.xml
2 ms. Memory: 471040K Free: 262732K (56%)
----------------- Invoking toplevel() on ptolemy.moml.MoMLSimpleApplication@1e6d4455
----------------- Done invoking toplevel() on ptolemy.moml.MoMLSimpleApplication@1e6d4455
reloadAllAccessors: .matrixType6

===========================================================================================
----------------- testing Fri Dec 27 06:29:34 UTC 2019 /home/travis/build/icyphy/ptII/ptolemy/actor/lib/test/auto/matrixType7.xml
----------------- Instantiating /home/travis/build/icyphy/ptII/ptolemy/actor/lib/test/auto/matrixType7.xml
1 ms. Memory: 471040K Free: 257612K (55%)
----------------- Invoking toplevel() on ptolemy.moml.MoMLSimpleApplication@1c2c20aa
----------------- Done invoking toplevel() on ptolemy.moml.MoMLSimpleApplication@1c2c20aa
reloadAllAccessors: .matrixType7

===========================================================================================
----------------- testing Fri Dec 27 06:29:34 UTC 2019 /home/travis/build/icyphy/ptII/ptolemy/actor/lib/test/auto/matrixType8.xml
----------------- Instantiating /home/travis/build/icyphy/ptII/ptolemy/actor/lib/test/auto/matrixType8.xml
2 ms. Memory: 471040K Free: 252492K (54%)
----------------- Invoking toplevel() on ptolemy.moml.MoMLSimpleApplication@56c01e98
----------------- Done invoking toplevel() on ptolemy.moml.MoMLSimpleApplication@56c01e98
reloadAllAccessors: .matrixType8

===========================================================================================
----------------- testing Fri Dec 27 06:29:34 UTC 2019 /home/travis/build/icyphy/ptII/ptolemy/actor/lib/test/auto/matrixType9.xml
----------------- Instantiating /home/travis/build/icyphy/ptII/ptolemy/actor/lib/test/auto/matrixType9.xml
1 ms. Memory: 471040K Free: 247882K (53%)
----------------- Invoking toplevel() on ptolemy.moml.MoMLSimpleApplication@5b361a5a
----------------- Done invoking toplevel() on ptolemy.moml.MoMLSimpleApplication@5b361a5a
reloadAllAccessors: .matrixType9

===========================================================================================
----------------- testing Fri Dec 27 06:29:34 UTC 2019 /home/travis/build/icyphy/ptII/ptolemy/actor/lib/test/auto/paraFunctest.xml
----------------- Instantiating /home/travis/build/icyphy/ptII/ptolemy/actor/lib/test/auto/paraFunctest.xml
1 ms. Memory: 471040K Free: 243276K (52%)
----------------- Invoking toplevel() on ptolemy.moml.MoMLSimpleApplication@43ae4e3a
----------------- Done invoking toplevel() on ptolemy.moml.MoMLSimpleApplication@43ae4e3a
reloadAllAccessors: .paraFunctest

===========================================================================================
----------------- testing Fri Dec 27 06:29:34 UTC 2019 /home/travis/build/icyphy/ptII/ptolemy/actor/lib/test/auto/paraFunctest2.xml
----------------- Instantiating /home/travis/build/icyphy/ptII/ptolemy/actor/lib/test/auto/paraFunctest2.xml
1 ms. Memory: 471040K Free: 239690K (51%)
----------------- Invoking toplevel() on ptolemy.moml.MoMLSimpleApplication@15a2849e
----------------- Done invoking toplevel() on ptolemy.moml.MoMLSimpleApplication@15a2849e
reloadAllAccessors: .paraFunctest2

===========================================================================================
----------------- testing Fri Dec 27 06:29:34 UTC 2019 /home/travis/build/icyphy/ptII/ptolemy/actor/lib/test/auto/parameterPassing.xml
----------------- Instantiating /home/travis/build/icyphy/ptII/ptolemy/actor/lib/test/auto/parameterPassing.xml
1 ms. Memory: 471040K Free: 234570K (50%)
----------------- Invoking toplevel() on ptolemy.moml.MoMLSimpleApplication@7ec29bef
----------------- Done invoking toplevel() on ptolemy.moml.MoMLSimpleApplication@7ec29bef
reloadAllAccessors: .parameterPassing

===========================================================================================
----------------- testing Fri Dec 27 06:29:34 UTC 2019 /home/travis/build/icyphy/ptII/ptolemy/actor/lib/test/auto/record.xml
----------------- Instantiating /home/travis/build/icyphy/ptII/ptolemy/actor/lib/test/auto/record.xml
2 ms. Memory: 471040K Free: 229964K (49%)
----------------- Invoking toplevel() on ptolemy.moml.MoMLSimpleApplication@23445f2e
----------------- Done invoking toplevel() on ptolemy.moml.MoMLSimpleApplication@23445f2e
reloadAllAccessors: .record

===========================================================================================
----------------- testing Fri Dec 27 06:29:34 UTC 2019 /home/travis/build/icyphy/ptII/ptolemy/actor/lib/test/auto/sizedarray1.xml
----------------- Instantiating /home/travis/build/icyphy/ptII/ptolemy/actor/lib/test/auto/sizedarray1.xml
1 ms. Memory: 471040K Free: 224330K (48%)
----------------- Invoking toplevel() on ptolemy.moml.MoMLSimpleApplication@144f7238
----------------- Done invoking toplevel() on ptolemy.moml.MoMLSimpleApplication@144f7238
reloadAllAccessors: .sizedarray1

===========================================================================================
----------------- testing Fri Dec 27 06:29:34 UTC 2019 /home/travis/build/icyphy/ptII/ptolemy/actor/lib/test/auto/sizedarray2.xml
----------------- Instantiating /home/travis/build/icyphy/ptII/ptolemy/actor/lib/test/auto/sizedarray2.xml
2 ms. Memory: 471040K Free: 218700K (46%)
----------------- Invoking toplevel() on ptolemy.moml.MoMLSimpleApplication@39c867ea
----------------- Done invoking toplevel() on ptolemy.moml.MoMLSimpleApplication@39c867ea
reloadAllAccessors: .sizedarray2

===========================================================================================
----------------- testing Fri Dec 27 06:29:34 UTC 2019 /home/travis/build/icyphy/ptII/ptolemy/actor/lib/test/auto/twoPublishers.xml
----------------- Instantiating /home/travis/build/icyphy/ptII/ptolemy/actor/lib/test/auto/twoPublishers.xml
5 ms. Memory: 471040K Free: 207436K (44%)
----------------- Invoking toplevel() on ptolemy.moml.MoMLSimpleApplication@1b9a9a04
----------------- Done invoking toplevel() on ptolemy.moml.MoMLSimpleApplication@1b9a9a04
reloadAllAccessors: .twoPublishers
AutoTests.java: About to close Vertx.
AutoTests.java: Vertx closed.
]]></system-out>
  <system-err><![CDATA[java.lang.RuntimeException: Execution failed
	at ptolemy.moml.MoMLSimpleApplication$UnloadThread.run(MoMLSimpleApplication.java:402)
Caused by: java.lang.RuntimeException: StringUtilities.exit() was called. Normally, we would exit here because Manager.exitAfterWrapup() was called.  However, because the ptolemy.ptII.exitAfterWrapup property is set, we throw this exception instead.
	at ptolemy.util.StringUtilities.exit(StringUtilities.java:365)
	at ptolemy.actor.Manager.wrapup(Manager.java:1549)
	at ptolemy.actor.Manager.execute(Manager.java:407)
	at ptolemy.actor.Manager.run(Manager.java:1263)
	at ptolemy.actor.Manager$PtolemyRunThread.run(Manager.java:1933)
Warning: '.top.test' is in training mode, set the trainingMode parameter to false before checking in
Warning: '.top.test' is in training mode, set the trainingMode parameter to false before checking in
Warning: '.top.test' is in training mode, set the trainingMode parameter to false before checking in
Warning: '.BooleanSwitch_RegressionTest_WrongTrainingValues.Test' is in training mode, set the trainingMode parameter to false before checking in
Warning: '.BooleanSwitch_RegressionTest_WrongTrainingValues.Test2' is in training mode, set the trainingMode parameter to false before checking in
Warning: '.BooleanSwitch_RegressionTest_WrongTrainingValues.Test2' The test produced 0 tokens.
Warning: '.top.testExceptionHandler' is in training mode, set the trainingMode parameter to false before checking in
java.lang.RuntimeException: Execution failed
	at ptolemy.moml.MoMLSimpleApplication$UnloadThread.run(MoMLSimpleApplication.java:402)
Caused by: ptolemy.kernel.util.IllegalActionException: PublisherPorts cannot be used at the top level, use a Publisher actor instead.
  in .PublisherPortToplevelSubscriber.PublisherPort
	at ptolemy.actor.PublisherPort.preinitialize(PublisherPort.java:403)
	at ptolemy.actor.CompositeActor.preinitialize(CompositeActor.java:1769)
	at ptolemy.actor.Manager.preinitializeAndResolveTypes(Manager.java:1040)
	at ptolemy.actor.Manager.initialize(Manager.java:710)
	at ptolemy.actor.Manager.execute(Manager.java:356)
	at ptolemy.actor.Manager.run(Manager.java:1263)
	at ptolemy.actor.Manager$PtolemyRunThread.run(Manager.java:1933)
java.lang.reflect.InvocationTargetException
	at java.base/jdk.internal.reflect.NativeConstructorAccessorImpl.newInstance0(Native Method)
	at java.base/jdk.internal.reflect.NativeConstructorAccessorImpl.newInstance(NativeConstructorAccessorImpl.java:62)
	at java.base/jdk.internal.reflect.DelegatingConstructorAccessorImpl.newInstance(DelegatingConstructorAccessorImpl.java:45)
	at java.base/java.lang.reflect.Constructor.newInstance(Constructor.java:490)
	at ptolemy.util.test.junit.AutoKnownFailedTests.RunModel(AutoKnownFailedTests.java:105)
	at java.base/jdk.internal.reflect.NativeMethodAccessorImpl.invoke0(Native Method)
	at java.base/jdk.internal.reflect.NativeMethodAccessorImpl.invoke(NativeMethodAccessorImpl.java:62)
	at java.base/jdk.internal.reflect.DelegatingMethodAccessorImpl.invoke(DelegatingMethodAccessorImpl.java:43)
	at java.base/java.lang.reflect.Method.invoke(Method.java:566)
	at org.junit.runners.model.FrameworkMethod$1.runReflectiveCall(FrameworkMethod.java:44)
	at org.junit.internal.runners.model.ReflectiveCallable.run(ReflectiveCallable.java:15)
	at org.junit.runners.model.FrameworkMethod.invokeExplosively(FrameworkMethod.java:41)
	at junitparams.internal.InvokeParameterisedMethod.evaluate(InvokeParameterisedMethod.java:102)
	at org.junit.internal.runners.statements.FailOnTimeout$1.run(FailOnTimeout.java:28)
Caused by: ptolemy.kernel.util.IllegalActionException: PublisherPorts cannot be used at the top level, use a Publisher actor instead.
  in .PublisherPortToplevelSubscriber.PublisherPort
	at ptolemy.actor.PublisherPort.preinitialize(PublisherPort.java:403)
	at ptolemy.actor.CompositeActor.preinitialize(CompositeActor.java:1769)
	at ptolemy.actor.Manager.preinitializeAndResolveTypes(Manager.java:1040)
	at ptolemy.actor.Manager.initialize(Manager.java:710)
	at ptolemy.actor.Manager.execute(Manager.java:356)
	at ptolemy.actor.Manager.run(Manager.java:1263)
	at ptolemy.actor.Manager$PtolemyRunThread.run(Manager.java:1933)
java.lang.RuntimeException: Execution failed
	at ptolemy.moml.MoMLSimpleApplication$UnloadThread.run(MoMLSimpleApplication.java:402)
Caused by: ptolemy.kernel.util.IllegalActionException: SubscriberPorts cannot be used at the top level, use a Subscriber actor instead.
  in .PublisherSubscriberPortToplevel.SubscriberPort
	at ptolemy.actor.SubscriberPort.preinitialize(SubscriberPort.java:328)
	at ptolemy.actor.CompositeActor.preinitialize(CompositeActor.java:1769)
	at ptolemy.actor.Manager.preinitializeAndResolveTypes(Manager.java:1040)
	at ptolemy.actor.Manager.initialize(Manager.java:710)
	at ptolemy.actor.Manager.execute(Manager.java:356)
	at ptolemy.actor.Manager.run(Manager.java:1263)
	at ptolemy.actor.Manager$PtolemyRunThread.run(Manager.java:1933)
java.lang.reflect.InvocationTargetException
	at java.base/jdk.internal.reflect.NativeConstructorAccessorImpl.newInstance0(Native Method)
	at java.base/jdk.internal.reflect.NativeConstructorAccessorImpl.newInstance(NativeConstructorAccessorImpl.java:62)
	at java.base/jdk.internal.reflect.DelegatingConstructorAccessorImpl.newInstance(DelegatingConstructorAccessorImpl.java:45)
	at java.base/java.lang.reflect.Constructor.newInstance(Constructor.java:490)
	at ptolemy.util.test.junit.AutoKnownFailedTests.RunModel(AutoKnownFailedTests.java:105)
	at java.base/jdk.internal.reflect.NativeMethodAccessorImpl.invoke0(Native Method)
	at java.base/jdk.internal.reflect.NativeMethodAccessorImpl.invoke(NativeMethodAccessorImpl.java:62)
	at java.base/jdk.internal.reflect.DelegatingMethodAccessorImpl.invoke(DelegatingMethodAccessorImpl.java:43)
	at java.base/java.lang.reflect.Method.invoke(Method.java:566)
	at org.junit.runners.model.FrameworkMethod$1.runReflectiveCall(FrameworkMethod.java:44)
	at org.junit.internal.runners.model.ReflectiveCallable.run(ReflectiveCallable.java:15)
	at org.junit.runners.model.FrameworkMethod.invokeExplosively(FrameworkMethod.java:41)
	at junitparams.internal.InvokeParameterisedMethod.evaluate(InvokeParameterisedMethod.java:102)
	at org.junit.internal.runners.statements.FailOnTimeout$1.run(FailOnTimeout.java:28)
Caused by: ptolemy.kernel.util.IllegalActionException: SubscriberPorts cannot be used at the top level, use a Subscriber actor instead.
  in .PublisherSubscriberPortToplevel.SubscriberPort
	at ptolemy.actor.SubscriberPort.preinitialize(SubscriberPort.java:328)
	at ptolemy.actor.CompositeActor.preinitialize(CompositeActor.java:1769)
	at ptolemy.actor.Manager.preinitializeAndResolveTypes(Manager.java:1040)
	at ptolemy.actor.Manager.initialize(Manager.java:710)
	at ptolemy.actor.Manager.execute(Manager.java:356)
	at ptolemy.actor.Manager.run(Manager.java:1263)
	at ptolemy.actor.Manager$PtolemyRunThread.run(Manager.java:1933)
java.lang.RuntimeException: Execution failed
	at ptolemy.moml.MoMLSimpleApplication$UnloadThread.run(MoMLSimpleApplication.java:402)
Caused by: ptolemy.kernel.util.IllegalActionException: SubscriptionAggregatorPorts cannot be used at the top level, use a SubscriptionAggregator actor instead.
  in .PublisherSubscriptionAggregatorPort.SubscriptionAggregatorPort
	at ptolemy.actor.SubscriptionAggregatorPort.preinitialize(SubscriptionAggregatorPort.java:353)
	at ptolemy.actor.CompositeActor.preinitialize(CompositeActor.java:1769)
	at ptolemy.actor.Manager.preinitializeAndResolveTypes(Manager.java:1040)
	at ptolemy.actor.Manager.initialize(Manager.java:710)
	at ptolemy.actor.Manager.execute(Manager.java:356)
	at ptolemy.actor.Manager.run(Manager.java:1263)
	at ptolemy.actor.Manager$PtolemyRunThread.run(Manager.java:1933)
java.lang.reflect.InvocationTargetException
	at java.base/jdk.internal.reflect.NativeConstructorAccessorImpl.newInstance0(Native Method)
	at java.base/jdk.internal.reflect.NativeConstructorAccessorImpl.newInstance(NativeConstructorAccessorImpl.java:62)
	at java.base/jdk.internal.reflect.DelegatingConstructorAccessorImpl.newInstance(DelegatingConstructorAccessorImpl.java:45)
	at java.base/java.lang.reflect.Constructor.newInstance(Constructor.java:490)
	at ptolemy.util.test.junit.AutoKnownFailedTests.RunModel(AutoKnownFailedTests.java:105)
	at java.base/jdk.internal.reflect.NativeMethodAccessorImpl.invoke0(Native Method)
	at java.base/jdk.internal.reflect.NativeMethodAccessorImpl.invoke(NativeMethodAccessorImpl.java:62)
	at java.base/jdk.internal.reflect.DelegatingMethodAccessorImpl.invoke(DelegatingMethodAccessorImpl.java:43)
	at java.base/java.lang.reflect.Method.invoke(Method.java:566)
	at org.junit.runners.model.FrameworkMethod$1.runReflectiveCall(FrameworkMethod.java:44)
	at org.junit.internal.runners.model.ReflectiveCallable.run(ReflectiveCallable.java:15)
	at org.junit.runners.model.FrameworkMethod.invokeExplosively(FrameworkMethod.java:41)
	at junitparams.internal.InvokeParameterisedMethod.evaluate(InvokeParameterisedMethod.java:102)
	at org.junit.internal.runners.statements.FailOnTimeout$1.run(FailOnTimeout.java:28)
Caused by: ptolemy.kernel.util.IllegalActionException: SubscriptionAggregatorPorts cannot be used at the top level, use a SubscriptionAggregator actor instead.
  in .PublisherSubscriptionAggregatorPort.SubscriptionAggregatorPort
	at ptolemy.actor.SubscriptionAggregatorPort.preinitialize(SubscriptionAggregatorPort.java:353)
	at ptolemy.actor.CompositeActor.preinitialize(CompositeActor.java:1769)
	at ptolemy.actor.Manager.preinitializeAndResolveTypes(Manager.java:1040)
	at ptolemy.actor.Manager.initialize(Manager.java:710)
	at ptolemy.actor.Manager.execute(Manager.java:356)
	at ptolemy.actor.Manager.run(Manager.java:1263)
	at ptolemy.actor.Manager$PtolemyRunThread.run(Manager.java:1933)
java.lang.RuntimeException: Execution failed
	at ptolemy.moml.MoMLSimpleApplication$UnloadThread.run(MoMLSimpleApplication.java:402)
Caused by: ptolemy.kernel.util.IllegalActionException: TypeTest actor has no training data.
  in .sizedarray3.TypeTest
	at ptolemy.actor.lib.TypeTest.initialize(TypeTest.java:250)
	at ptolemy.actor.Director.initialize(Director.java:938)
	at ptolemy.actor.Director.initialize(Director.java:907)
	at ptolemy.actor.sched.StaticSchedulingDirector.initialize(StaticSchedulingDirector.java:159)
	at ptolemy.domains.sdf.kernel.SDFDirector.initialize(SDFDirector.java:544)
	at ptolemy.actor.CompositeActor.initialize(CompositeActor.java:935)
	at ptolemy.actor.Manager.initialize(Manager.java:724)
	at ptolemy.actor.Manager.execute(Manager.java:356)
	at ptolemy.actor.Manager.run(Manager.java:1263)
	at ptolemy.actor.Manager$PtolemyRunThread.run(Manager.java:1933)
java.lang.reflect.InvocationTargetException
	at java.base/jdk.internal.reflect.NativeConstructorAccessorImpl.newInstance0(Native Method)
	at java.base/jdk.internal.reflect.NativeConstructorAccessorImpl.newInstance(NativeConstructorAccessorImpl.java:62)
	at java.base/jdk.internal.reflect.DelegatingConstructorAccessorImpl.newInstance(DelegatingConstructorAccessorImpl.java:45)
	at java.base/java.lang.reflect.Constructor.newInstance(Constructor.java:490)
	at ptolemy.util.test.junit.AutoKnownFailedTests.RunModel(AutoKnownFailedTests.java:105)
	at java.base/jdk.internal.reflect.NativeMethodAccessorImpl.invoke0(Native Method)
	at java.base/jdk.internal.reflect.NativeMethodAccessorImpl.invoke(NativeMethodAccessorImpl.java:62)
	at java.base/jdk.internal.reflect.DelegatingMethodAccessorImpl.invoke(DelegatingMethodAccessorImpl.java:43)
	at java.base/java.lang.reflect.Method.invoke(Method.java:566)
	at org.junit.runners.model.FrameworkMethod$1.runReflectiveCall(FrameworkMethod.java:44)
	at org.junit.internal.runners.model.ReflectiveCallable.run(ReflectiveCallable.java:15)
	at org.junit.runners.model.FrameworkMethod.invokeExplosively(FrameworkMethod.java:41)
	at junitparams.internal.InvokeParameterisedMethod.evaluate(InvokeParameterisedMethod.java:102)
	at org.junit.internal.runners.statements.FailOnTimeout$1.run(FailOnTimeout.java:28)
Caused by: ptolemy.kernel.util.IllegalActionException: TypeTest actor has no training data.
  in .sizedarray3.TypeTest
	at ptolemy.actor.lib.TypeTest.initialize(TypeTest.java:250)
	at ptolemy.actor.Director.initialize(Director.java:938)
	at ptolemy.actor.Director.initialize(Director.java:907)
	at ptolemy.actor.sched.StaticSchedulingDirector.initialize(StaticSchedulingDirector.java:159)
	at ptolemy.domains.sdf.kernel.SDFDirector.initialize(SDFDirector.java:544)
	at ptolemy.actor.CompositeActor.initialize(CompositeActor.java:935)
	at ptolemy.actor.Manager.initialize(Manager.java:724)
	at ptolemy.actor.Manager.execute(Manager.java:356)
	at ptolemy.actor.Manager.run(Manager.java:1263)
	at ptolemy.actor.Manager$PtolemyRunThread.run(Manager.java:1933)
]]></system-err>
</testsuite>
