<?xml version="1.0" encoding="UTF-8" ?>
<testsuite errors="0" failures="0" hostname="travis-job-79d72f4b-e8c5-4a79-abf4-0cb71e45e763" name="ptolemy.domains.de.test.junit.JUnitTclTest" skipped="0" tests="101" time="124.252" timestamp="2019-01-13T03:16:22">
  <properties>
    <property name="npm.executable" value="npm" />
    <property name="file.encoding.pkg" value="sun.io" />
    <property name="env.TRAVIS_ROOT" value="/" />
    <property name="ptII.mk.exists" value="true" />
    <property name="env.TRAVIS_APP_HOST" value="build.travis-ci.org" />
    <property name="env.rvm_bin_path" value="/home/travis/.rvm/bin" />
    <property name="java.home" value="/usr/lib/jvm/java-8-oracle/jre" />
    <property name="env.TRAVIS_JOB_NUMBER" value="900.9" />
    <property name="env.TRAVIS_HOME" value="/home/travis" />
    <property name="env.DISPLAY" value=":99.0" />
    <property name="java.net.preferIPv4Stack" value="true" />
    <property name="env.TRAVIS_INIT" value="upstart" />
    <property name="env.SSH_TTY" value="/dev/pts/0" />
    <property name="env.RUN_TESTS" value="false" />
    <property name="timeout.short" value="1000000" />
    <property name="env.TRAVIS_JOB_NAME" value="" />
    <property name="env.TRAVIS_STACK_NODE_ATTRIBUTES" value="/.node-attributes.yml" />
    <property name="junit.formatter" value="xml" />
    <property name="java.endorsed.dirs" value="/usr/lib/jvm/java-8-oracle/jre/lib/endorsed" />
    <property name="env.TRAVIS_SUDO" value="true" />
    <property name="env.LOGNAME" value="travis" />
    <property name="jsdoc.home" value="node_modules/@terraswarm/jsdoc" />
    <property name="debuglevel" value="source,lines,vars" />
    <property name="checkstyle.formatter" value="xml" />
    <property name="bin.vergil.makeable" value="true" />
    <property name="env._system_version" value="14.04" />
    <property name="sun.os.patch.level" value="unknown" />
    <property name="java.vendor.url" value="http://java.oracle.com/" />
    <property name="env.TRAVIS_BUILD_WEB_URL" value="https://travis-ci.org/icyphy/ptII/builds/478913924" />
    <property name="java.version" value="1.8.0_151" />
    <property name="env.TZ" value="UTC" />
    <property name="env.PT_NO_NET" value="true" />
    <property name="env.TRAVIS_PULL_REQUEST_SHA" value="" />
    <property name="env.TRAVIS_SECURE_ENV_VARS" value="true" />
    <property name="env._system_type" value="Linux" />
    <property name="java.vendor.url.bug" value="http://bugreport.sun.com/bugreport/" />
    <property name="env.SSH_CLIENT" value="10.10.4.97 53368 22" />
    <property name="npmjs-org-is-up" value="true" />
    <property name="env.GEM_HOME" value="/home/travis/.rvm/gems/ruby-2.4.1" />
    <property name="env.HAS_ANTARES_THREE_LITTLE_FRONZIES_BADGE" value="true" />
    <property name="env.PS4" value="+" />
    <property name="ant.project.invoked-targets" value="build,test.core2.xml" />
    <property name="env.TRAVIS_PULL_REQUEST_BRANCH" value="" />
    <property name="env.TRAVIS_REPO_SLUG" value="icyphy/ptII" />
    <property name="env.TRAVIS_APT_PROXY" value="http://build-cache.travisci.net" />
    <property name="node.in.path" value="true" />
    <property name="java.maxmemory" value="1400m" />
    <property name="env.RUBY_VERSION" value="ruby-2.4.1" />
    <property name="user.name" value="travis" />
    <property name="env.LANG" value="en_US.UTF-8" />
    <property name="sun.io.unicode.encoding" value="UnicodeLittle" />
    <property name="sun.jnu.encoding" value="UTF-8" />
    <property name="java.runtime.name" value="Java(TM) SE Runtime Environment" />
    <property name="usefile" value="false" />
    <property name="return.code" value="0" />
    <property name="junit.single.formatter" value="plain" />
    <property name="env.DYLD_LIBRARY_PATH" value="/home/travis/pthla/certi-tools/lib:" />
    <property name="env.DEBIAN_FRONTEND" value="noninteractive" />
    <property name="env.SSH_CONNECTION" value="10.10.4.97 53368 10.20.1.202 22" />
    <property name="env.MYSQL_UNIX_PORT" value="/var/run/mysqld/mysqld.sock" />
    <property name="env.TRAVIS_ALLOW_FAILURE" value="false" />
    <property name="env.LC_ALL" value="en_US.UTF-8" />
    <property name="env.TRAVIS_JOB_WEB_URL" value="https://travis-ci.org/icyphy/ptII/jobs/478913933" />
    <property name="java.specification.name" value="Java Platform API Specification" />
    <property name="node.works" value="true" />
    <property name="user.timezone" value="" />
    <property name="path.separator" value=":" />
    <property name="env.TRAVIS_ENABLE_INFRA_DETECTION" value="true" />
    <property name="env.PYTHON_CFLAGS" value="-g -fstack-protector --param=ssp-buffer-size=4 -Wformat -Werror=format-security" />
    <property name="timeout.long" value="4000000" />
    <property name="env.CERTI_HOME" value="/home/travis/pthla/certi-tools" />
    <property name="file.encoding" value="UTF-8" />
    <property name="ant.file.ptII" value="/home/travis/build/icyphy/ptII/build.xml" />
    <property name="javadoc.packagenames" value="com.*,diva.*,lbnl.*,org.hlacerti.*,org.json.*,org.ptolemy.*,org.terraswarm.*,ptolemy.*,ptserver.*" />
    <property name="env.TRAVIS_PULL_REQUEST_SLUG" value="" />
    <property name="ant.project.default-target" value="build" />
    <property name="env.GIT_ASKPASS" value="echo" />
    <property name="env.HOME" value="/home/travis" />
    <property name="sun.java.command" value="org.apache.tools.ant.taskdefs.optional.junit.JUnitTestRunner ptolemy.domains.de.test.junit.JUnitTclTest skipNonTests=false filtertrace=true haltOnError=false haltOnFailure=false formatter=org.apache.tools.ant.taskdefs.optional.junit.OutErrSummaryJUnitResultFormatter showoutput=true outputtoformatters=true logfailedtests=true threadid=0 logtestlistenerevents=false formatter=org.apache.tools.ant.taskdefs.optional.junit.XMLJUnitResultFormatter,/home/travis/build/icyphy/ptII/reports/junit/TEST-ptolemy.domains.de.test.junit.JUnitTclTest.xml crashfile=/home/travis/build/icyphy/ptII/junitvmwatcher591606086613291507.properties propsfile=/home/travis/build/icyphy/ptII/junit6025599520369514258.properties" />
    <property name="env.MANPATH" value="/home/travis/.nvm/versions/node/v7.10.1/share/man:/home/travis/.kiex/elixirs/elixir-1.4.5/man:/home/travis/.rvm/rubies/ruby-2.4.1/share/man:/usr/local/man:/usr/local/cmake-3.9.2/man:/usr/local/clang-5.0.0/share/man:/usr/local/share/man:/usr/share/man:/home/travis/.rvm/man" />
    <property name="env.COMPOSER_NO_INTERACTION" value="1" />
    <property name="env.JDK_SWITCHER_DEFAULT" value="oraclejdk8" />
    <property name="env.TRAVIS_TIMER_ID" value="075f3db3" />
    <property name="ant.file" value="/home/travis/build/icyphy/ptII/build.xml" />
    <property name="env.TRAVIS_COMMIT_RANGE" value="61bfecb6f45dac97b4eaff90243ce2bc418fe2a1...e7a0d354cf25c589ca7aa1a73543123bbbe83deb" />
    <property name="env._system_name" value="Ubuntu" />
    <property name="timeout" value="2400000" />
    <property name="ptII.classpath.optional.property" value="/home/travis/build/icyphy/ptII/lib/bsh-2.0b4.jar:/home/travis/build/icyphy/ptII/lib/ptCal.jar:/home/travis/build/icyphy/ptII/lib/java_cup.jar:/home/travis/build/icyphy/ptII/lib/saxon8.jar:/home/travis/build/icyphy/ptII/lib/saxon8-dom.jar:/home/travis/build/icyphy/ptII/lib/chic.jar:/home/travis/build/icyphy/ptII/lib/ptcolt.jar:/usr/lib/jvm/java-8-oracle/lib/tools.jar:/usr/lib/eclipse/plugins/org.eclipse.jdt.core_3.8.2.dist.jar:/usr/lib/eclipse/plugins/org.eclipse.core.runtime_3.8.0.dist.jar:/usr/lib/eclipse/plugins/org.eclipse.osgi_3.8.1.dist.jar:/usr/lib/eclipse/plugins/org.eclipse.core.resources_3.8.1.dist.jar:/usr/lib/eclipse/plugins/org.eclipse.equinox.common_3.6.100.dist.jar:/usr/lib/eclipse/plugins/org.eclipse.core.jobs_3.5.200.dist.jar:/usr/lib/eclipse/plugins/org.eclipse.core.contenttype_3.4.200.dist.jar:/usr/lib/eclipse/plugins/org.eclipse.equinox.preferences_3.5.0.dist.jar:/usr/lib/eclipse/plugins/org.eclipse.text_3.5.200.dist.jar:/usr/lib/eclipse/plugins/org.eclipse.ui.workbench_3.8.1.dist.jar:/usr/lib/eclipse/plugins/org.eclipse.jface_3.8.0.dist.jar:/usr/lib/eclipse/plugins/org.eclipse.swt_3.8.2.jar:/usr/lib/eclipse/plugins/org.eclipse.jface.text_3.8.1.dist.jar:/usr/lib/eclipse/plugins/org.eclipse.ui.workbench.texteditor_3.8.0.dist.jar:/usr/lib/eclipse/plugins/org.eclipse.ui.editors_3.8.0.dist.jar:/usr/lib/eclipse/plugins/org.eclipse.core.commands_3.6.1.dist.jar:/usr/lib/eclipse/plugins/org.eclipse.equinox.registry_3.5.200.dist.jar:/usr/lib/eclipse/plugins/org.eclipse.ui.console_3.5.100.dist.jar:/usr/lib/eclipse/plugins/org.eclipse.ui.forms_3.5.200.dist.jar:/usr/lib/eclipse/plugins/org.eclipse.ui.ide_3.8.1.dist.jar:/home/travis/build/icyphy/ptII/vendors/oracle/dbxml.jar:/home/travis/build/icyphy/ptII/vendors/oracle/db.jar:/home/travis/build/icyphy/ptII/vendors/misc/itext/iText.jar:/home/travis/build/icyphy/ptII/lib/g4ltl.jar:/home/travis/build/icyphy/ptII/lib/StructuralCoder.jar:/home/travis/build/icyphy/ptII/lib/org-openide-util.jar:/home/travis/build/icyphy/ptII/lib/org-openide-util-lookup.jar:/home/travis/build/icyphy/ptII/lib/org-netbeans-api-visual.jar:/home/travis/build/icyphy/ptII/vendors/jai-1_1_2_01/lib/jai_core.jar:/home/travis/build/icyphy/ptII/vendors/jai-1_1_2_01/lib/jai_codec.jar:/home/travis/build/icyphy/ptII/lib/jcerti.jar:/home/travis/build/icyphy/ptII/lib/smack.jar:/home/travis/build/icyphy/ptII/lib/smackx.jar:/home/travis/build/icyphy/ptII/lib/jetty-all-8.1.5-v20120716.jar:/home/travis/build/icyphy/ptII/lib/javax.servlet-api-3.0.1.jar:/home/travis/build/icyphy/ptII/lib/javax.mail.jar:/home/travis/build/icyphy/ptII/vendors/JMF-2.1.1e/lib/jmf.jar:/home/travis/build/icyphy/ptII/lib/jna-4.0.0-variadic.jar:/home/travis/build/icyphy/ptII/vendors/misc/joystick/Joystick.jar:/home/travis/build/icyphy/ptII/lib/ptjacl.jar:/home/travis/build/icyphy/ptII/lib/jsoup-1.8.2.jar:/home/travis/build/icyphy/ptII/lib/junit-4.8.2.jar:/home/travis/build/icyphy/ptII/lib/JUnitParams-0.4.0.jar:/home/travis/build/icyphy/ptII/ptolemy/actor/lib/excel/jxl.jar:/home/travis/build/icyphy/ptII/lib/jython.jar:/home/travis/build/icyphy/ptII/lib/kieler.jar:/home/travis/build/icyphy/ptII/vendors/opencv/share/OpenCV/java/opencv-341.jar:/home/travis/build/icyphy/ptII/lib/oscP5.jar:/home/travis/build/icyphy/ptII/lib/nrjavaserial-3.11.0.devel.jar:/home/travis/build/icyphy/ptII/vendors/j3d/lib/j3dcore.jar:/home/travis/build/icyphy/ptII/vendors/j3d/lib/j3dutils.jar:/home/travis/build/icyphy/ptII/vendors/j3d/lib/vecmath.jar:/home/travis/build/icyphy/ptII/ptolemy/distributed/jini/jar/jini-core.jar:/home/travis/build/icyphy/ptII/ptolemy/distributed/jini/jar/jini-ext.jar:/home/travis/build/icyphy/ptII/ptolemy/distributed/jini/jar/sun-util.jar:/home/travis/build/icyphy/ptII/lib/protobuf-java-2.4.1.jar:/home/travis/build/icyphy/ptII/lib/org.eclipse.paho.client.mqttv3.jar:/home/travis/build/icyphy/ptII/ptserver/lib/hessian-4.0.7.jar:/home/travis/build/icyphy/ptII/ptserver/lib/wmqtt.jar:/home/travis/build/icyphy/ptII/lib/mapss.jar:/home/travis/build/icyphy/ptII/ptolemy/actor/ptalon/antlr/antlr.jar:/home/travis/build/icyphy/ptII/lib/JRI.jar:/home/travis/build/icyphy/ptII/lib/commons-lang-2.6.jar:/home/travis/build/icyphy/ptII/lib/commons-logging-1.1.1.jar:/home/travis/build/icyphy/ptII/lib/sootclasses.jar:/home/travis/build/icyphy/ptII/ptolemy/actor/lib/database/mysql-connector-java-5.1.6-bin.jar:/home/travis/build/icyphy/ptII/vendors/misc/sphinx4/sphinx4-data-5prealpha.jar:/home/travis/build/icyphy/ptII/vendors/misc/sphinx4/sphinx4-core-5prealpha.jar:/home/travis/build/icyphy/ptII/lib/PDFRenderer.jar:/home/travis/build/icyphy/ptII/lib/svgSalamander.jar:/home/travis/build/icyphy/ptII/lib/rsyntaxtextarea-2.6.0-SNAPSHOT.jar:/home/travis/build/icyphy/ptII/lib/hazelcast-3.8.2.jar:/home/travis/build/icyphy/ptII/lib/jackson-annotations-2.9.0.jar:/home/travis/build/icyphy/ptII/lib/jackson-core-2.9.3.jar:/home/travis/build/icyphy/ptII/lib/jackson-databind-2.9.3.jar:/home/travis/build/icyphy/ptII/lib/netty-buffer-4.1.19.Final.jar:/home/travis/build/icyphy/ptII/lib/netty-codec-4.1.19.Final.jar:/home/travis/build/icyphy/ptII/lib/netty-codec-dns-4.1.19.Final.jar:/home/travis/build/icyphy/ptII/lib/netty-codec-http-4.1.19.Final.jar:/home/travis/build/icyphy/ptII/lib/netty-codec-http2-4.1.19.Final.jar:/home/travis/build/icyphy/ptII/lib/netty-common-4.1.19.Final.jar:/home/travis/build/icyphy/ptII/lib/netty-handler-4.1.19.Final.jar:/home/travis/build/icyphy/ptII/lib/netty-resolver-4.1.19.Final.jar:/home/travis/build/icyphy/ptII/lib/netty-resolver-dns-4.1.19.Final.jar:/home/travis/build/icyphy/ptII/lib/netty-transport-4.1.19.Final.jar:/home/travis/build/icyphy/ptII/lib/vertx-codegen-3.5.1.jar:/home/travis/build/icyphy/ptII/lib/vertx-core-3.5.2-SNAPSHOT.jar:/home/travis/build/icyphy/ptII/lib/vertx-hazelcast-3.5.1.jar:/home/travis/build/icyphy/ptII/lib/vertx-lang-js-3.5.1.jar:/home/travis/build/icyphy/ptII/lib/vertx-service-proxy-3.5.1.jar:/home/travis/build/icyphy/ptII/lib/vertx-web-3.5.1.jar:/home/travis/build/icyphy/ptII/lib/slf4j-api-1.7.13.jar:/home/travis/build/icyphy/ptII/lib/slf4j-simple-1.7.13.jar:/home/travis/build/icyphy/ptII/lib/webcam-capture-0.3.12.jar:/home/travis/build/icyphy/ptII/lib/bridj-0.7.0.jar:/home/travis/build/icyphy/ptII/lib/xbjlib-1.1.0.nrjavaserial.jar" />
    <property name="test.batch" value="**/junit/*.java" />
    <property name="env._" value="/usr/bin/timeout" />
    <property name="java.io.tmpdir" value="/tmp" />
    <property name="env.TRAVIS_INTERNAL_RUBY_REGEX" value="^ruby-(2\.[0-4]\.[0-9]|1\.9\.3)" />
    <property name="user.language" value="en" />
    <property name="env.HISTCONTROL" value="ignoredups:ignorespace" />
    <property name="env.GOROOT" value="/home/travis/.gimme/versions/go1.7.4.linux.amd64" />
    <property name="line.separator" value="&#xa;" />
    <property name="target" value="1.8" />
    <property name="env.TRAVIS_BUILD_DIR" value="/home/travis/build/icyphy/ptII" />
    <property name="env.ANT_OPTS" value="-Xmx2048m" />
    <property name="ant.file.type" value="file" />
    <property name="ptolemy.ptII.batchMode" value="true" />
    <property name="env.HISTSIZE" value="1000" />
    <property name="env.MERB_ENV" value="test" />
    <property name="java.vm.info" value="mixed mode" />
    <property name="source" value="1.8" />
    <property name="java.vm.specification.name" value="Java Virtual Machine Specification" />
    <property name="env.TRAVIS_TEST_RESULT" value="0" />
    <property name="jsdoc.command" value="node_modules/@terraswarm/jsdoc/jsdoc.js" />
    <property name="npm.works" value="true" />
    <property name="cobertura.dir" value="/home/travis/build/icyphy/ptII/vendors/cobertura-2.0.3" />
    <property name="env.rvm_path" value="/home/travis/.rvm" />
    <property name="env.GEM_PATH" value="/home/travis/.rvm/gems/ruby-2.4.1:/home/travis/.rvm/gems/ruby-2.4.1@global" />
    <property name="env.LC_CTYPE" value="en_US.UTF-8" />
    <property name="java.awt.printerjob" value="sun.print.PSPrinterJob" />
    <property name="env.TRAVIS_CMD" value="$PTII/bin/ptIITravisBuild.sh $SECONDS" />
    <property name="env.TRAVIS_STACK_NAME" value="garnet" />
    <property name="env.TRAVIS_TIMER_START_TIME" value="1547348894036690423" />
    <property name="ant.version" value="Apache Ant(TM) version 1.10.1 compiled on February 2 2017" />
    <property name="ptII.reports" value="/home/travis/build/icyphy/ptII/reports" />
    <property name="env.TRAVIS_STACK_TIMESTAMP" value="2017-12-05 19:33:09 UTC" />
    <property name="ant.file.type.ptII" value="file" />
    <property name="env.RBENV_SHELL" value="bash" />
    <property name="os.name" value="Linux" />
    <property name="java.specification.vendor" value="Oracle Corporation" />
    <property name="env.rvm_version" value="1.29.3 (latest)" />
    <property name="env.TRAVIS_INFRA" value="gce" />
    <property name="env.TERM" value="xterm" />
    <property name="java.vm.name" value="Java HotSpot(TM) 64-Bit Server VM" />
    <property name="env.TRAVIS_BUILD_NUMBER" value="900" />
    <property name="env.CI" value="true" />
    <property name="java.library.path" value="/home/travis/pthla/certi-tools/lib:/usr/lib/jni:/usr/local/share/OpenCV/java/:/usr/share/OpenCV/java::/usr/java/packages/lib/amd64:/usr/lib64:/lib64:/lib:/usr/lib" />
    <property name="env.rvm_prefix" value="/home/travis" />
    <property name="env.PATH" value="/home/travis/pthla/certi-tools/share/scripts:/home/travis/.rvm/gems/ruby-2.4.1/bin:/home/travis/.rvm/gems/ruby-2.4.1@global/bin:/home/travis/.rvm/rubies/ruby-2.4.1/bin:/home/travis/.rvm/bin:/home/travis/.nvm/versions/node/v7.10.1/bin:./node_modules/.bin:/home/travis/build/icyphy/ptII/bin:/home/travis/pthla/certi-tools/bin:/home/travis/bin:/home/travis/.local/bin:/opt/pyenv/shims:/home/travis/.phpenv/shims:/home/travis/perl5/perlbrew/bin:/home/travis/.kiex/elixirs/elixir-1.4.5/bin:/home/travis/.kiex/bin:/home/travis/gopath/bin:/home/travis/.gimme/versions/go1.7.4.linux.amd64/bin:/usr/local/phantomjs/bin:/usr/local/phantomjs:/usr/local/neo4j-3.2.7/bin:/usr/local/maven-3.5.2/bin:/usr/local/cmake-3.9.2/bin:/usr/local/clang-5.0.0/bin:/usr/local/sbin:/usr/local/bin:/usr/sbin:/usr/bin:/sbin:/bin:/home/travis/.phpenv/bin:/opt/pyenv/bin:/home/travis/.yarn/bin" />
    <property name="env.TRAVIS_OS_NAME" value="linux" />
    <property name="ant.java.version" value="1.8" />
    <property name="basedir" value="/home/travis/build/icyphy/ptII" />
    <property name="java.class.version" value="52.0" />
    <property name="env.SHLVL" value="3" />
    <property name="env.LD_LIBRARY_PATH" value="/home/travis/pthla/certi-tools/lib:/usr/lib/jni:/usr/local/share/OpenCV/java/:/usr/share/OpenCV/java:" />
    <property name="env.RACK_ENV" value="test" />
    <property name="ant.home" value="/home/travis/build/icyphy/ptII/ant" />
    <property name="env.PERLBREW_BASHRC_VERSION" value="0.80" />
    <property name="env.NVM_DIR" value="/home/travis/.nvm" />
    <property name="env.TRAVIS_BUILD_ID" value="478913924" />
    <property name="env.CERTI_FOM_PATH" value="/home/travis/pthla/certi-tools/share/federations" />
    <property name="env.PYENV_ROOT" value="/opt/pyenv" />
    <property name="env.TRAVIS_UID" value="2000" />
    <property name="env.rvm_pretty_print_flag" value="auto" />
    <property name="env.NVM_BIN" value="/home/travis/.nvm/versions/node/v7.10.1/bin" />
    <property name="env.TRAVIS_COMMIT" value="e7a0d354cf25c589ca7aa1a73543123bbbe83deb" />
    <property name="env._system_arch" value="x86_64" />
    <property name="node.executable" value="node" />
    <property name="sun.boot.library.path" value="/usr/lib/jvm/java-8-oracle/jre/lib/amd64" />
    <property name="sun.management.compiler" value="HotSpot 64-Bit Tiered Compilers" />
    <property name="env.GOPATH" value="/home/travis/gopath" />
    <property name="java.awt.graphicsenv" value="sun.awt.X11GraphicsEnvironment" />
    <property name="ptolemy.ptII.dir" value="/home/travis/build/icyphy/ptII" />
    <property name="env.USER" value="travis" />
    <property name="env.HISTFILESIZE" value="2000" />
    <property name="timeout.longest" value="19000000" />
    <property name="env.TRAVIS_STACK_FEATURES" value="basic cassandra chromium couchdb disabled-ipv6 docker docker-compose elasticsearch firefox go-toolchain google-chrome jdk memcached mongodb mysql neo4j nodejs_interpreter perl_interpreter perlbrew phantomjs postgresql python_interpreter rabbitmq redis riak ruby_interpreter sqlite xserver" />
    <property name="env.TRAVIS_PULL_REQUEST" value="false" />
    <property name="env.PYENV_SHELL" value="bash" />
    <property name="ant.project.name" value="ptII" />
    <property name="java.vm.specification.version" value="1.8" />
    <property name="env.ANSI_RESET" value="\033[0m" />
    <property name="env.TRAVIS_DIST" value="trusty" />
    <property name="env.CERTI_VERSION" value="4.0.0" />
    <property name="env.NLSPATH" value="/usr/dt/lib/nls/msg/%L/%N.cat" />
    <property name="awt.toolkit" value="sun.awt.X11.XToolkit" />
    <property name="env.CERTI_HOST" value="localhost" />
    <property name="env.MY_RUBY_HOME" value="/home/travis/.rvm/rubies/ruby-2.4.1" />
    <property name="sun.cpu.isalist" value="" />
    <property name="env.TRAVIS_TMPDIR" value="/tmp/tmp.yRNf3LWdD3" />
    <property name="java.ext.dirs" value="/usr/lib/jvm/java-8-oracle/jre/lib/ext:/usr/java/packages/lib/ext" />
    <property name="os.version" value="4.4.0-101-generic" />
    <property name="user.home" value="/home/travis" />
    <property name="env.MIX_ARCHIVES" value="/home/travis/.kiex/mix/elixir-1.4.5" />
    <property name="java.vm.vendor" value="Oracle Corporation" />
    <property name="env.TRAVIS_TAG" value="nightly" />
    <property name="env.ANSI_YELLOW" value="\033[33;1m" />
    <property name="env.TRAVIS_FILTERED" value="redirect_io" />
    <property name="env.ANSI_GREEN" value="\033[32;1m" />
    <property name="env.JAVA_HOME" value="/usr/lib/jvm/java-8-oracle" />
    <property name="env.PTII" value="/home/travis/build/icyphy/ptII" />
    <property name="javadoc.excludepackagenames" value="adm.cvs2svn.*,build.*,config.*,doc.coding.templates.*,jni.test.jni.meaningOfLife.*,jni.test.jni.testDeux.*,jni.test.jni.testTrois.*,org.terraswarm.accessor.accessors.web.node_modules.*,org.terraswarm.accessor.accessors.web.hosts.cordova.demo.*,org.terraswarm.accessor.accessors.web.hosts.cordova.plugins.*,org.terraswarm.accessor.accessors-svn.*,pt-modules.*,ptolemy.apps.agilent.*,ptolemy.apps.anytimecontrol.*,ptolemy.apps.apes.*,ptolemy.apps.charon.*,ptolemy.apps.crazyboard.*,ptolemy.apps.eclipse.*,ptolemy.apps.etherealSting.*,ptolemy.apps.fullscreen.*,ptolemy.apps.giotto.*,ptolemy.apps.ia.*,ptolemy.apps.interfaces.*,ptolemy.apps.jmf.*,ptolemy.apps.kurt.*,ptolemy.apps.kvm.*,ptolemy.apps.lego.*,ptolemy.apps.lejos.*,ptolemy.apps.midp.*,ptolemy.apps.mobileCoding.*,ptolemy.apps.pendulum.*,ptolemy.apps.rijndael.*,ptolemy.apps.robot.*,ptolemy.apps.security.*,ptolemy.apps.sobel.*,ptolemy.apps.soot.*,ptolemy.apps.throttle.*,ptolemy.apps.tini.*,ptolemy.apps.transmission.*,ptolemy.apps.vergil.*,ptolemy.apps.waba.*,ptolemy.apps.websensor.*,ptolemy.apps.webstart.*,ptolemy.apps.xsl.*,ptolemy.apps.zaurus.*,ptolemy.backtrack.eclipse.plugin.*,ptolemy.backtrack.test.*,ptolemy.codegen.c.actor.lib.oldJavaFiles.*,ptolemy.codegen.dsp.lib.*,ptolemy.codegen.kernel.newInterfaces.*,ptolemy.codegen.lib.*,ptolemy.copernicus.kernel.fragment.*,ptolemy.copernicus.shallow.cg.*,ptolemy.domains.giotto.demo.Hierarchy.Hierarchy.*,ptolemy.domains.giotto.demo.Multimode.Multimode.*,ptolemy.domains.giotto.demo.Simple.Simple.*,ptolemy.domains.gr.lib.experimental.*,ptolemy.domains.gro.*,ptolemy.domains.pdf.*,ptolemy.domains.ptinyos.demo.Surge.output.*,ptolemy.moml.test.NoPackageActor.java*,ptolemy.plot.adm.*,ptolemy.plot.servlet.*,reports.*,signed.*,src.*,target.*,vendors.*,ptolemy.cg.adapter.generic.program.procedural.c.mbed*,ptolemy.actor.lib.fmi.fmus.omc*,ptolemy.domains.openmodelica*,ptdb.kernel.bl.save.test.*,ptdb.kernel.bl.load.test.*,ptdb.kernel.bl.search.test.*,ptdb.kernel.bl.migration.test.*,ptdb.kernel.database.test.*,ptdb.test.*,ptdb.gui.test.*,org.ptolemy.scala.*,diva.util.java2d.svg.*,ptolemy.domains.ptinyos.*,ptolemy.actor.lib.fmi.fmipp.*,,org.terraswarm.accessor.accessors.web.node_modules.*,org.terraswarm.accessor.accessors-svn,ptolemy.apps.*,ptolemy.actor.ptalon.demo.ptinyos.SendAndReceiveCnt.output,ptolemy.actor.ptalon.demo.ptinyos.SenseToLeds.output,ptolemy.domains.ptinyos.demo.CntToLedsAndRfm.output,ptolemy.domains.ptinyos.demo.RfmToLeds.output,ptolemy.domains.ptinyos.demo.SendAndReceiveCnt.output,ptolemy.domains.ptinyos.demo.SenseToLeds.output,ptolemy.actor.lib.jjs.modules.udpSocket.*" />
    <property name="env.TRAVIS_COMMIT_MESSAGE" value="Modified the reify function to accept an input consisting of an accessor, inputMap, and parameterMap, so that parameters and default inputs might be set for the accessor refied by a mutable." />
    <property name="keystore" value="ptKeystore" />
    <property name="env.XDG_SESSION_ID" value="2" />
    <property name="junit.output.dir" value="/home/travis/build/icyphy/ptII/reports/junit" />
    <property name="npm.return.code" value="0" />
    <property name="user.dir" value="/home/travis/build/icyphy/ptII/ptolemy/domains/de/test" />
    <property name="env.TRAVIS_NODE_VERSION" value="7" />
    <property name="env.XFILESEARCHPATH" value="/usr/dt/app-defaults/%L/Dt" />
    <property name="env.TRAVIS_EVENT_TYPE" value="cron" />
    <property name="env.MAIL" value="/var/mail/travis" />
    <property name="env.PWD" value="/home/travis/build/icyphy/ptII" />
    <property name="env.PERLBREW_ROOT" value="/home/travis/perl5/perlbrew" />
    <property name="timeout.npm" value="45000" />
    <property name="env.PT_TRAVIS_TEST_CORE2_XML" value="true" />
    <property name="env.TRAVIS_ARCH" value="amd64" />
    <property name="env.PAGER" value="cat" />
    <property name="sun.cpu.endian" value="little" />
    <property name="env.TRAVIS_BUILD_STAGE_NAME" value="Test" />
    <property name="env.PERLBREW_HOME" value="/home/travis/.perlbrew" />
    <property name="env.RAILS_ENV" value="test" />
    <property name="java.vm.version" value="25.151-b12" />
    <property name="java.class.path" value="/home/travis/build/icyphy/ptII:/home/travis/build/icyphy/ptII/lib/bsh-2.0b4.jar:/home/travis/build/icyphy/ptII/lib/ptCal.jar:/home/travis/build/icyphy/ptII/lib/java_cup.jar:/home/travis/build/icyphy/ptII/lib/saxon8.jar:/home/travis/build/icyphy/ptII/lib/saxon8-dom.jar:/home/travis/build/icyphy/ptII/lib/chic.jar:/home/travis/build/icyphy/ptII/lib/ptcolt.jar:/usr/lib/jvm/java-8-oracle/lib/tools.jar:/usr/lib/eclipse/plugins/org.eclipse.jdt.core_3.8.2.dist.jar:/usr/lib/eclipse/plugins/org.eclipse.core.runtime_3.8.0.dist.jar:/usr/lib/eclipse/plugins/org.eclipse.osgi_3.8.1.dist.jar:/usr/lib/eclipse/plugins/org.eclipse.core.resources_3.8.1.dist.jar:/usr/lib/eclipse/plugins/org.eclipse.equinox.common_3.6.100.dist.jar:/usr/lib/eclipse/plugins/org.eclipse.core.jobs_3.5.200.dist.jar:/usr/lib/eclipse/plugins/org.eclipse.core.contenttype_3.4.200.dist.jar:/usr/lib/eclipse/plugins/org.eclipse.equinox.preferences_3.5.0.dist.jar:/usr/lib/eclipse/plugins/org.eclipse.text_3.5.200.dist.jar:/usr/lib/eclipse/plugins/org.eclipse.ui.workbench_3.8.1.dist.jar:/usr/lib/eclipse/plugins/org.eclipse.jface_3.8.0.dist.jar:/usr/lib/eclipse/plugins/org.eclipse.swt_3.8.2.jar:/usr/lib/eclipse/plugins/org.eclipse.jface.text_3.8.1.dist.jar:/usr/lib/eclipse/plugins/org.eclipse.ui.workbench.texteditor_3.8.0.dist.jar:/usr/lib/eclipse/plugins/org.eclipse.ui.editors_3.8.0.dist.jar:/usr/lib/eclipse/plugins/org.eclipse.core.commands_3.6.1.dist.jar:/usr/lib/eclipse/plugins/org.eclipse.equinox.registry_3.5.200.dist.jar:/usr/lib/eclipse/plugins/org.eclipse.ui.console_3.5.100.dist.jar:/usr/lib/eclipse/plugins/org.eclipse.ui.forms_3.5.200.dist.jar:/usr/lib/eclipse/plugins/org.eclipse.ui.ide_3.8.1.dist.jar:/home/travis/build/icyphy/ptII/vendors/oracle/dbxml.jar:/home/travis/build/icyphy/ptII/vendors/oracle/db.jar:/home/travis/build/icyphy/ptII/vendors/misc/itext/iText.jar:/home/travis/build/icyphy/ptII/lib/g4ltl.jar:/home/travis/build/icyphy/ptII/lib/StructuralCoder.jar:/home/travis/build/icyphy/ptII/lib/org-openide-util.jar:/home/travis/build/icyphy/ptII/lib/org-openide-util-lookup.jar:/home/travis/build/icyphy/ptII/lib/org-netbeans-api-visual.jar:/home/travis/build/icyphy/ptII/vendors/jai-1_1_2_01/lib/jai_core.jar:/home/travis/build/icyphy/ptII/vendors/jai-1_1_2_01/lib/jai_codec.jar:/home/travis/build/icyphy/ptII/lib/jcerti.jar:/home/travis/build/icyphy/ptII/lib/smack.jar:/home/travis/build/icyphy/ptII/lib/smackx.jar:/home/travis/build/icyphy/ptII/lib/jetty-all-8.1.5-v20120716.jar:/home/travis/build/icyphy/ptII/lib/javax.servlet-api-3.0.1.jar:/home/travis/build/icyphy/ptII/lib/javax.mail.jar:/home/travis/build/icyphy/ptII/vendors/JMF-2.1.1e/lib/jmf.jar:/home/travis/build/icyphy/ptII/lib/jna-4.0.0-variadic.jar:/home/travis/build/icyphy/ptII/vendors/misc/joystick/Joystick.jar:/home/travis/build/icyphy/ptII/lib/ptjacl.jar:/home/travis/build/icyphy/ptII/lib/jsoup-1.8.2.jar:/home/travis/build/icyphy/ptII/lib/junit-4.8.2.jar:/home/travis/build/icyphy/ptII/lib/JUnitParams-0.4.0.jar:/home/travis/build/icyphy/ptII/ptolemy/actor/lib/excel/jxl.jar:/home/travis/build/icyphy/ptII/lib/jython.jar:/home/travis/build/icyphy/ptII/lib/kieler.jar:/home/travis/build/icyphy/ptII/vendors/opencv/share/OpenCV/java/opencv-341.jar:/home/travis/build/icyphy/ptII/lib/oscP5.jar:/home/travis/build/icyphy/ptII/lib/nrjavaserial-3.11.0.devel.jar:/home/travis/build/icyphy/ptII/vendors/j3d/lib/j3dcore.jar:/home/travis/build/icyphy/ptII/vendors/j3d/lib/j3dutils.jar:/home/travis/build/icyphy/ptII/vendors/j3d/lib/vecmath.jar:/home/travis/build/icyphy/ptII/ptolemy/distributed/jini/jar/jini-core.jar:/home/travis/build/icyphy/ptII/ptolemy/distributed/jini/jar/jini-ext.jar:/home/travis/build/icyphy/ptII/ptolemy/distributed/jini/jar/sun-util.jar:/home/travis/build/icyphy/ptII/lib/protobuf-java-2.4.1.jar:/home/travis/build/icyphy/ptII/lib/org.eclipse.paho.client.mqttv3.jar:/home/travis/build/icyphy/ptII/ptserver/lib/hessian-4.0.7.jar:/home/travis/build/icyphy/ptII/ptserver/lib/wmqtt.jar:/home/travis/build/icyphy/ptII/lib/mapss.jar:/home/travis/build/icyphy/ptII/ptolemy/actor/ptalon/antlr/antlr.jar:/home/travis/build/icyphy/ptII/lib/JRI.jar:/home/travis/build/icyphy/ptII/lib/commons-lang-2.6.jar:/home/travis/build/icyphy/ptII/lib/commons-logging-1.1.1.jar:/home/travis/build/icyphy/ptII/lib/sootclasses.jar:/home/travis/build/icyphy/ptII/ptolemy/actor/lib/database/mysql-connector-java-5.1.6-bin.jar:/home/travis/build/icyphy/ptII/vendors/misc/sphinx4/sphinx4-data-5prealpha.jar:/home/travis/build/icyphy/ptII/vendors/misc/sphinx4/sphinx4-core-5prealpha.jar:/home/travis/build/icyphy/ptII/lib/PDFRenderer.jar:/home/travis/build/icyphy/ptII/lib/svgSalamander.jar:/home/travis/build/icyphy/ptII/lib/rsyntaxtextarea-2.6.0-SNAPSHOT.jar:/home/travis/build/icyphy/ptII/lib/hazelcast-3.8.2.jar:/home/travis/build/icyphy/ptII/lib/jackson-annotations-2.9.0.jar:/home/travis/build/icyphy/ptII/lib/jackson-core-2.9.3.jar:/home/travis/build/icyphy/ptII/lib/jackson-databind-2.9.3.jar:/home/travis/build/icyphy/ptII/lib/netty-buffer-4.1.19.Final.jar:/home/travis/build/icyphy/ptII/lib/netty-codec-4.1.19.Final.jar:/home/travis/build/icyphy/ptII/lib/netty-codec-dns-4.1.19.Final.jar:/home/travis/build/icyphy/ptII/lib/netty-codec-http-4.1.19.Final.jar:/home/travis/build/icyphy/ptII/lib/netty-codec-http2-4.1.19.Final.jar:/home/travis/build/icyphy/ptII/lib/netty-common-4.1.19.Final.jar:/home/travis/build/icyphy/ptII/lib/netty-handler-4.1.19.Final.jar:/home/travis/build/icyphy/ptII/lib/netty-resolver-4.1.19.Final.jar:/home/travis/build/icyphy/ptII/lib/netty-resolver-dns-4.1.19.Final.jar:/home/travis/build/icyphy/ptII/lib/netty-transport-4.1.19.Final.jar:/home/travis/build/icyphy/ptII/lib/vertx-codegen-3.5.1.jar:/home/travis/build/icyphy/ptII/lib/vertx-core-3.5.2-SNAPSHOT.jar:/home/travis/build/icyphy/ptII/lib/vertx-hazelcast-3.5.1.jar:/home/travis/build/icyphy/ptII/lib/vertx-lang-js-3.5.1.jar:/home/travis/build/icyphy/ptII/lib/vertx-service-proxy-3.5.1.jar:/home/travis/build/icyphy/ptII/lib/vertx-web-3.5.1.jar:/home/travis/build/icyphy/ptII/lib/slf4j-api-1.7.13.jar:/home/travis/build/icyphy/ptII/lib/slf4j-simple-1.7.13.jar:/home/travis/build/icyphy/ptII/lib/webcam-capture-0.3.12.jar:/home/travis/build/icyphy/ptII/lib/bridj-0.7.0.jar:/home/travis/build/icyphy/ptII/lib/xbjlib-1.1.0.nrjavaserial.jar:/home/travis/build/icyphy/ptII/ptolemy/moml/test:/home/travis/build/icyphy/ptII/ant/lib/ant-launcher.jar:/home/travis/build/icyphy/ptII/ant/lib/ant.jar:/home/travis/build/icyphy/ptII/ant/lib/ant-junit.jar:/home/travis/build/icyphy/ptII/ant/lib/ant-junit4.jar" />
    <property name="ant.library.dir" value="/home/travis/build/icyphy/ptII/ant/lib" />
    <property name="os.arch" value="amd64" />
    <property name="env.TRAVIS_LANGUAGE" value="node_js" />
    <property name="env.CONTINUOUS_INTEGRATION" value="true" />
    <property name="env.TRAVIS_STACK_LANGUAGES" value="__garnet__ c c++ clojure cplusplus cpp default go groovy java node_js php pure_java python ruby scala" />
    <property name="test.name" value="ptolemy.actor.lib.test.junit.JUnitTclTest" />
    <property name="sun.java.launcher" value="SUN_STANDARD" />
    <property name="env.PYTHON_CONFIGURE_OPTS" value="--enable-unicode=ucs4 --with-wide-unicode --enable-shared --enable-ipv6 --enable-loadable-sqlite-extensions --with-computed-gotos" />
    <property name="ant.core.lib" value="/home/travis/build/icyphy/ptII/ant/lib/ant.jar" />
    <property name="java.vm.specification.vendor" value="Oracle Corporation" />
    <property name="env.BCVTB_HOME" value="/home/travis/build/icyphy/ptII/lbnl" />
    <property name="file.separator" value="/" />
    <property name="spotbugs.home" value="/home/travis/build/icyphy/ptII/vendors/spotbugs-3.1.1" />
    <property name="java.runtime.version" value="1.8.0_151-b12" />
    <property name="sun.boot.class.path" value="/usr/lib/jvm/java-8-oracle/jre/lib/resources.jar:/usr/lib/jvm/java-8-oracle/jre/lib/rt.jar:/usr/lib/jvm/java-8-oracle/jre/lib/sunrsasign.jar:/usr/lib/jvm/java-8-oracle/jre/lib/jsse.jar:/usr/lib/jvm/java-8-oracle/jre/lib/jce.jar:/usr/lib/jvm/java-8-oracle/jre/lib/charsets.jar:/usr/lib/jvm/java-8-oracle/jre/lib/jfr.jar:/usr/lib/jvm/java-8-oracle/jre/classes" />
    <property name="env.ANSI_CLEAR" value="\033[0K" />
    <property name="env.HAS_JOSH_K_SEAL_OF_APPROVAL" value="true" />
    <property name="env.XDG_RUNTIME_DIR" value="/run/user/2000" />
    <property name="env.TRAVIS_OSX_IMAGE" value="" />
    <property name="env.TRAVIS_BRANCH" value="master" />
    <property name="env.TRAVIS_JOB_ID" value="478913933" />
    <property name="user.country" value="US" />
    <property name="env.CERTI_HOME_TRAVIS" value="/home/travis/pthla/certi-tools" />
    <property name="env.SHELL" value="/bin/bash" />
    <property name="java.maxmemory.large" value="5000m" />
    <property name="model" value="" />
    <property name="env.CASHER_DIR" value="/home/travis/.casher" />
    <property name="env.NVM_CD_FLAGS" value="" />
    <property name="jshint.executable" value="/home/travis/node_modules/jshint/bin/jshint" />
    <property name="java.vendor" value="Oracle Corporation" />
    <property name="env.JRUBY_OPTS" value=" --client -J-XX:+TieredCompilation -J-XX:TieredStopAtLevel=1 -J-Xss2m -Xcompile.invokedynamic=false" />
    <property name="env.TRAVIS_PRE_CHEF_BOOTSTRAP_TIME" value="2017-12-05T19:32:55" />
    <property name="env.TRAVIS_STACK_JOB_BOARD_REGISTER" value="/.job-board-register.yml" />
    <property name="env.ELIXIR_VERSION" value="1.4.5" />
    <property name="env.ANSI_RED" value="\033[31;1m" />
    <property name="java.specification.version" value="1.8" />
    <property name="env.TRAVIS" value="true" />
    <property name="env.IRBRC" value="/home/travis/.rvm/rubies/ruby-2.4.1/.irbrc" />
    <property name="sun.arch.data.model" value="64" />
  </properties>
  <testcase classname="ptolemy.util.test.junit.TclTests" name="[0] /home/travis/build/icyphy/ptII/ptolemy/domains/de/test/DependencyLoop.tcl (RunTclFile)" time="0.74" />
  <testcase classname="ptolemy.util.test.junit.TclTests" name="[1] /home/travis/build/icyphy/ptII/ptolemy/domains/de/test/RunDETestsAsQSS.tcl (RunTclFile)" time="84.891" />
  <testcase classname="ptolemy.util.test.junit.AutoKnownFailedTests" name="[0] /home/travis/build/icyphy/ptII/ptolemy/domains/de/test/auto/knownFailedTests/DESDFClockTest.xml (RunModel)" time="2.035" />
  <testcase classname="ptolemy.util.test.junit.AutoKnownFailedTests" name="[1] /home/travis/build/icyphy/ptII/ptolemy/domains/de/test/auto/knownFailedTests/DirectFeedback.xml (RunModel)" time="0.02" />
  <testcase classname="ptolemy.util.test.junit.AutoKnownFailedTests" name="[2] /home/travis/build/icyphy/ptII/ptolemy/domains/de/test/auto/knownFailedTests/FSMSource.xml (RunModel)" time="0.026" />
  <testcase classname="ptolemy.util.test.junit.AutoKnownFailedTests" name="[3] /home/travis/build/icyphy/ptII/ptolemy/domains/de/test/auto/knownFailedTests/HierarchicalModel.xml (RunModel)" time="0.05" />
  <testcase classname="ptolemy.util.test.junit.AutoKnownFailedTests" name="[4] /home/travis/build/icyphy/ptII/ptolemy/domains/de/test/auto/knownFailedTests/dependencyLoop.xml (RunModel)" time="0.03" />
  <testcase classname="ptolemy.util.test.junit.AutoKnownFailedTests" name="[5] /home/travis/build/icyphy/ptII/ptolemy/domains/de/test/auto/knownFailedTests/dependencyLoop2.xml (RunModel)" time="0.042" />
  <testcase classname="ptolemy.util.test.junit.AutoNameArchTests" name="[0] ThereAreNoAutoArchTests (RunModel)" time="0.0" />
  <testcase classname="ptolemy.util.test.junit.AutoTests" name="[0] /home/travis/build/icyphy/ptII/ptolemy/domains/de/test/auto/ActorDepthCalculation_actorWithoutPorts.xml (RunModel)" time="0.011" />
  <testcase classname="ptolemy.util.test.junit.AutoTests" name="[1] /home/travis/build/icyphy/ptII/ptolemy/domains/de/test/auto/AssemblyLine.xml (RunModel)" time="0.016" />
  <testcase classname="ptolemy.util.test.junit.AutoTests" name="[2] /home/travis/build/icyphy/ptII/ptolemy/domains/de/test/auto/CQBug1.xml (RunModel)" time="0.006" />
  <testcase classname="ptolemy.util.test.junit.AutoTests" name="[3] /home/travis/build/icyphy/ptII/ptolemy/domains/de/test/auto/CancelFireAt.xml (RunModel)" time="0.005" />
  <testcase classname="ptolemy.util.test.junit.AutoTests" name="[4] /home/travis/build/icyphy/ptII/ptolemy/domains/de/test/auto/CausalityAndComposabilityAnalysis.xml (RunModel)" time="0.01" />
  <testcase classname="ptolemy.util.test.junit.AutoTests" name="[5] /home/travis/build/icyphy/ptII/ptolemy/domains/de/test/auto/CausalityInterface1.xml (RunModel)" time="0.013" />
  <testcase classname="ptolemy.util.test.junit.AutoTests" name="[6] /home/travis/build/icyphy/ptII/ptolemy/domains/de/test/auto/CausalityInterface15.xml (RunModel)" time="0.013" />
  <testcase classname="ptolemy.util.test.junit.AutoTests" name="[7] /home/travis/build/icyphy/ptII/ptolemy/domains/de/test/auto/CausalityInterface2.xml (RunModel)" time="0.009" />
  <testcase classname="ptolemy.util.test.junit.AutoTests" name="[8] /home/travis/build/icyphy/ptII/ptolemy/domains/de/test/auto/CausalityInterface3.xml (RunModel)" time="0.01" />
  <testcase classname="ptolemy.util.test.junit.AutoTests" name="[9] /home/travis/build/icyphy/ptII/ptolemy/domains/de/test/auto/ClockDrift.xml (RunModel)" time="0.034" />
  <testcase classname="ptolemy.util.test.junit.AutoTests" name="[10] /home/travis/build/icyphy/ptII/ptolemy/domains/de/test/auto/ClockDriftAndValueChange.xml (RunModel)" time="0.03" />
  <testcase classname="ptolemy.util.test.junit.AutoTests" name="[11] /home/travis/build/icyphy/ptII/ptolemy/domains/de/test/auto/ClockDriftChange.xml (RunModel)" time="0.024" />
  <testcase classname="ptolemy.util.test.junit.AutoTests" name="[12] /home/travis/build/icyphy/ptII/ptolemy/domains/de/test/auto/ComposableCausalityAnalysis.xml (RunModel)" time="0.015" />
  <testcase classname="ptolemy.util.test.junit.AutoTests" name="[13] /home/travis/build/icyphy/ptII/ptolemy/domains/de/test/auto/DEFixedPointLimitation.xml (RunModel)" time="0.008" />
  <testcase classname="ptolemy.util.test.junit.AutoTests" name="[14] /home/travis/build/icyphy/ptII/ptolemy/domains/de/test/auto/DEScheduleTest.xml (RunModel)" time="0.01" />
  <testcase classname="ptolemy.util.test.junit.AutoTests" name="[15] /home/travis/build/icyphy/ptII/ptolemy/domains/de/test/auto/DEinDEwithStartTimes.xml (RunModel)" time="0.012" />
  <testcase classname="ptolemy.util.test.junit.AutoTests" name="[16] /home/travis/build/icyphy/ptII/ptolemy/domains/de/test/auto/DEinDEwithStartTimes2.xml (RunModel)" time="0.013" />
  <testcase classname="ptolemy.util.test.junit.AutoTests" name="[17] /home/travis/build/icyphy/ptII/ptolemy/domains/de/test/auto/DateDemo.xml (RunModel)" time="0.025" />
  <testcase classname="ptolemy.util.test.junit.AutoTests" name="[18] /home/travis/build/icyphy/ptII/ptolemy/domains/de/test/auto/DateToEvent.xml (RunModel)" time="2.036" />
  <testcase classname="ptolemy.util.test.junit.AutoTests" name="[19] /home/travis/build/icyphy/ptII/ptolemy/domains/de/test/auto/DepthTest1.xml (RunModel)" time="0.01" />
  <testcase classname="ptolemy.util.test.junit.AutoTests" name="[20] /home/travis/build/icyphy/ptII/ptolemy/domains/de/test/auto/DepthTest2.xml (RunModel)" time="0.019" />
  <testcase classname="ptolemy.util.test.junit.AutoTests" name="[21] /home/travis/build/icyphy/ptII/ptolemy/domains/de/test/auto/DepthTest3.xml (RunModel)" time="0.005" />
  <testcase classname="ptolemy.util.test.junit.AutoTests" name="[22] /home/travis/build/icyphy/ptII/ptolemy/domains/de/test/auto/DepthTest4.xml (RunModel)" time="0.008" />
  <testcase classname="ptolemy.util.test.junit.AutoTests" name="[23] /home/travis/build/icyphy/ptII/ptolemy/domains/de/test/auto/DepthTest5.xml (RunModel)" time="0.008" />
  <testcase classname="ptolemy.util.test.junit.AutoTests" name="[24] /home/travis/build/icyphy/ptII/ptolemy/domains/de/test/auto/DepthTest6.xml (RunModel)" time="0.008" />
  <testcase classname="ptolemy.util.test.junit.AutoTests" name="[25] /home/travis/build/icyphy/ptII/ptolemy/domains/de/test/auto/DepthTest7.xml (RunModel)" time="0.007" />
  <testcase classname="ptolemy.util.test.junit.AutoTests" name="[26] /home/travis/build/icyphy/ptII/ptolemy/domains/de/test/auto/EventToDate.xml (RunModel)" time="3.02" />
  <testcase classname="ptolemy.util.test.junit.AutoTests" name="[27] /home/travis/build/icyphy/ptII/ptolemy/domains/de/test/auto/FSM1.xml (RunModel)" time="0.026" />
  <testcase classname="ptolemy.util.test.junit.AutoTests" name="[28] /home/travis/build/icyphy/ptII/ptolemy/domains/de/test/auto/FSM7.xml (RunModel)" time="0.029" />
  <testcase classname="ptolemy.util.test.junit.AutoTests" name="[29] /home/travis/build/icyphy/ptII/ptolemy/domains/de/test/auto/Inspection.xml (RunModel)" time="0.036" />
  <testcase classname="ptolemy.util.test.junit.AutoTests" name="[30] /home/travis/build/icyphy/ptII/ptolemy/domains/de/test/auto/Iteration.xml (RunModel)" time="0.016" />
  <testcase classname="ptolemy.util.test.junit.AutoTests" name="[31] /home/travis/build/icyphy/ptII/ptolemy/domains/de/test/auto/LineFault.xml (RunModel)" time="0.383" />
  <testcase classname="ptolemy.util.test.junit.AutoTests" name="[32] /home/travis/build/icyphy/ptII/ptolemy/domains/de/test/auto/MergeModel1Add.xml (RunModel)" time="0.026" />
  <testcase classname="ptolemy.util.test.junit.AutoTests" name="[33] /home/travis/build/icyphy/ptII/ptolemy/domains/de/test/auto/MergeModel2Add.xml (RunModel)" time="0.026" />
  <testcase classname="ptolemy.util.test.junit.AutoTests" name="[34] /home/travis/build/icyphy/ptII/ptolemy/domains/de/test/auto/MergeModel3Add.xml (RunModel)" time="0.024" />
  <testcase classname="ptolemy.util.test.junit.AutoTests" name="[35] /home/travis/build/icyphy/ptII/ptolemy/domains/de/test/auto/MergeWithoutDiscard.xml (RunModel)" time="0.007" />
  <testcase classname="ptolemy.util.test.junit.AutoTests" name="[36] /home/travis/build/icyphy/ptII/ptolemy/domains/de/test/auto/Modal1.xml (RunModel)" time="0.019" />
  <testcase classname="ptolemy.util.test.junit.AutoTests" name="[37] /home/travis/build/icyphy/ptII/ptolemy/domains/de/test/auto/Modal2.xml (RunModel)" time="0.025" />
  <testcase classname="ptolemy.util.test.junit.AutoTests" name="[38] /home/travis/build/icyphy/ptII/ptolemy/domains/de/test/auto/Modal3.xml (RunModel)" time="0.026" />
  <testcase classname="ptolemy.util.test.junit.AutoTests" name="[39] /home/travis/build/icyphy/ptII/ptolemy/domains/de/test/auto/Modal4.xml (RunModel)" time="0.024" />
  <testcase classname="ptolemy.util.test.junit.AutoTests" name="[40] /home/travis/build/icyphy/ptII/ptolemy/domains/de/test/auto/Modal5.xml (RunModel)" time="0.02" />
  <testcase classname="ptolemy.util.test.junit.AutoTests" name="[41] /home/travis/build/icyphy/ptII/ptolemy/domains/de/test/auto/Modal6.xml (RunModel)" time="0.023" />
  <testcase classname="ptolemy.util.test.junit.AutoTests" name="[42] /home/travis/build/icyphy/ptII/ptolemy/domains/de/test/auto/Modal7.xml (RunModel)" time="0.021" />
  <testcase classname="ptolemy.util.test.junit.AutoTests" name="[43] /home/travis/build/icyphy/ptII/ptolemy/domains/de/test/auto/ModalModel.xml (RunModel)" time="0.105" />
  <testcase classname="ptolemy.util.test.junit.AutoTests" name="[44] /home/travis/build/icyphy/ptII/ptolemy/domains/de/test/auto/ModalSource.xml (RunModel)" time="0.014" />
  <testcase classname="ptolemy.util.test.junit.AutoTests" name="[45] /home/travis/build/icyphy/ptII/ptolemy/domains/de/test/auto/NonInterruptibleTimerZeroDelay.xml (RunModel)" time="0.008" />
  <testcase classname="ptolemy.util.test.junit.AutoTests" name="[46] /home/travis/build/icyphy/ptII/ptolemy/domains/de/test/auto/OpenQueueingNetwork.xml (RunModel)" time="2.125" />
  <testcase classname="ptolemy.util.test.junit.AutoTests" name="[47] /home/travis/build/icyphy/ptII/ptolemy/domains/de/test/auto/OpenQueuingNetwork.xml (RunModel)" time="0.255" />
  <testcase classname="ptolemy.util.test.junit.AutoTests" name="[48] /home/travis/build/icyphy/ptII/ptolemy/domains/de/test/auto/PeriodicSampler.xml (RunModel)" time="0.007" />
  <testcase classname="ptolemy.util.test.junit.AutoTests" name="[49] /home/travis/build/icyphy/ptII/ptolemy/domains/de/test/auto/PersistentIO.xml (RunModel)" time="0.017" />
  <testcase classname="ptolemy.util.test.junit.AutoTests" name="[50] /home/travis/build/icyphy/ptII/ptolemy/domains/de/test/auto/PortParameterResetOnInitialize.xml (RunModel)" time="0.009" />
  <testcase classname="ptolemy.util.test.junit.AutoTests" name="[51] /home/travis/build/icyphy/ptII/ptolemy/domains/de/test/auto/PortParameterUpdates.xml (RunModel)" time="0.015" />
  <testcase classname="ptolemy.util.test.junit.AutoTests" name="[52] /home/travis/build/icyphy/ptII/ptolemy/domains/de/test/auto/QueueAndServer.xml (RunModel)" time="0.02" />
  <testcase classname="ptolemy.util.test.junit.AutoTests" name="[53] /home/travis/build/icyphy/ptII/ptolemy/domains/de/test/auto/Records.xml (RunModel)" time="0.019" />
  <testcase classname="ptolemy.util.test.junit.AutoTests" name="[54] /home/travis/build/icyphy/ptII/ptolemy/domains/de/test/auto/ResetTransitionWithStartTime1.xml (RunModel)" time="0.024" />
  <testcase classname="ptolemy.util.test.junit.AutoTests" name="[55] /home/travis/build/icyphy/ptII/ptolemy/domains/de/test/auto/ResetTransitionWithStartTime2.xml (RunModel)" time="0.016" />
  <testcase classname="ptolemy.util.test.junit.AutoTests" name="[56] /home/travis/build/icyphy/ptII/ptolemy/domains/de/test/auto/ResetTransitionWithStartTime3.xml (RunModel)" time="0.015" />
  <testcase classname="ptolemy.util.test.junit.AutoTests" name="[57] /home/travis/build/icyphy/ptII/ptolemy/domains/de/test/auto/ResetTransitionWithStartTime4.xml (RunModel)" time="0.017" />
  <testcase classname="ptolemy.util.test.junit.AutoTests" name="[58] /home/travis/build/icyphy/ptII/ptolemy/domains/de/test/auto/ResettableTimer1.xml (RunModel)" time="0.008" />
  <testcase classname="ptolemy.util.test.junit.AutoTests" name="[59] /home/travis/build/icyphy/ptII/ptolemy/domains/de/test/auto/ResettableTimer2.xml (RunModel)" time="0.008" />
  <testcase classname="ptolemy.util.test.junit.AutoTests" name="[60] /home/travis/build/icyphy/ptII/ptolemy/domains/de/test/auto/ResettableTimer3.xml (RunModel)" time="0.008" />
  <testcase classname="ptolemy.util.test.junit.AutoTests" name="[61] /home/travis/build/icyphy/ptII/ptolemy/domains/de/test/auto/ResettableTimer4.xml (RunModel)" time="0.008" />
  <testcase classname="ptolemy.util.test.junit.AutoTests" name="[62] /home/travis/build/icyphy/ptII/ptolemy/domains/de/test/auto/ResettableTimer5.xml (RunModel)" time="0.008" />
  <testcase classname="ptolemy.util.test.junit.AutoTests" name="[63] /home/travis/build/icyphy/ptII/ptolemy/domains/de/test/auto/ResettableTimer6.xml (RunModel)" time="0.014" />
  <testcase classname="ptolemy.util.test.junit.AutoTests" name="[64] /home/travis/build/icyphy/ptII/ptolemy/domains/de/test/auto/ServerZeroDelay.xml (RunModel)" time="0.015" />
  <testcase classname="ptolemy.util.test.junit.AutoTests" name="[65] /home/travis/build/icyphy/ptII/ptolemy/domains/de/test/auto/SmartSender.xml (RunModel)" time="3.007" />
  <testcase classname="ptolemy.util.test.junit.AutoTests" name="[66] /home/travis/build/icyphy/ptII/ptolemy/domains/de/test/auto/ThreadedComposite.xml (RunModel)" time="0.134" />
  <testcase classname="ptolemy.util.test.junit.AutoTests" name="[67] /home/travis/build/icyphy/ptII/ptolemy/domains/de/test/auto/Time.xml (RunModel)" time="0.41" />
  <testcase classname="ptolemy.util.test.junit.AutoTests" name="[68] /home/travis/build/icyphy/ptII/ptolemy/domains/de/test/auto/TimeDelayZeroDelay.xml (RunModel)" time="0.009" />
  <testcase classname="ptolemy.util.test.junit.AutoTests" name="[69] /home/travis/build/icyphy/ptII/ptolemy/domains/de/test/auto/TimerZeroDelay.xml (RunModel)" time="0.008" />
  <testcase classname="ptolemy.util.test.junit.AutoTests" name="[70] /home/travis/build/icyphy/ptII/ptolemy/domains/de/test/auto/TimingParadox.xml (RunModel)" time="0.324" />
  <testcase classname="ptolemy.util.test.junit.AutoTests" name="[71] /home/travis/build/icyphy/ptII/ptolemy/domains/de/test/auto/TransferInputs.xml (RunModel)" time="0.012" />
  <testcase classname="ptolemy.util.test.junit.AutoTests" name="[72] /home/travis/build/icyphy/ptII/ptolemy/domains/de/test/auto/TransferOutputs2.xml (RunModel)" time="0.02" />
  <testcase classname="ptolemy.util.test.junit.AutoTests" name="[73] /home/travis/build/icyphy/ptII/ptolemy/domains/de/test/auto/Trilateration.xml (RunModel)" time="11.229" />
  <testcase classname="ptolemy.util.test.junit.AutoTests" name="[74] /home/travis/build/icyphy/ptII/ptolemy/domains/de/test/auto/TwoSigmaDelta.xml (RunModel)" time="1.967" />
  <testcase classname="ptolemy.util.test.junit.AutoTests" name="[75] /home/travis/build/icyphy/ptII/ptolemy/domains/de/test/auto/VariableDelay.xml (RunModel)" time="0.009" />
  <testcase classname="ptolemy.util.test.junit.AutoTests" name="[76] /home/travis/build/icyphy/ptII/ptolemy/domains/de/test/auto/VariableDelay2.xml (RunModel)" time="0.012" />
  <testcase classname="ptolemy.util.test.junit.AutoTests" name="[77] /home/travis/build/icyphy/ptII/ptolemy/domains/de/test/auto/VariableDelayZeroDelay.xml (RunModel)" time="0.009" />
  <testcase classname="ptolemy.util.test.junit.AutoTests" name="[78] /home/travis/build/icyphy/ptII/ptolemy/domains/de/test/auto/VariableDelayZeroDelay2.xml (RunModel)" time="0.008" />
  <testcase classname="ptolemy.util.test.junit.AutoTests" name="[79] /home/travis/build/icyphy/ptII/ptolemy/domains/de/test/auto/deInCt.xml (RunModel)" time="0.013" />
  <testcase classname="ptolemy.util.test.junit.AutoTests" name="[80] /home/travis/build/icyphy/ptII/ptolemy/domains/de/test/auto/deInCt2.xml (RunModel)" time="0.011" />
  <testcase classname="ptolemy.util.test.junit.AutoTests" name="[81] /home/travis/build/icyphy/ptII/ptolemy/domains/de/test/auto/dynamicCausalityInterface1.xml (RunModel)" time="0.017" />
  <testcase classname="ptolemy.util.test.junit.AutoTests" name="[82] /home/travis/build/icyphy/ptII/ptolemy/domains/de/test/auto/fsm_de_test.xml (RunModel)" time="0.019" />
  <testcase classname="ptolemy.util.test.junit.AutoTests" name="[83] /home/travis/build/icyphy/ptII/ptolemy/domains/de/test/auto/functionDependencyReconstruction.xml (RunModel)" time="0.029" />
  <testcase classname="ptolemy.util.test.junit.AutoTests" name="[84] /home/travis/build/icyphy/ptII/ptolemy/domains/de/test/auto/multirate.xml (RunModel)" time="0.013" />
  <testcase classname="ptolemy.util.test.junit.AutoTests" name="[85] /home/travis/build/icyphy/ptII/ptolemy/domains/de/test/auto/multirate2.xml (RunModel)" time="0.012" />
  <testcase classname="ptolemy.util.test.junit.AutoTests" name="[86] /home/travis/build/icyphy/ptII/ptolemy/domains/de/test/auto/realtime.xml (RunModel)" time="10.009" />
  <testcase classname="ptolemy.util.test.junit.AutoTests" name="[87] /home/travis/build/icyphy/ptII/ptolemy/domains/de/test/auto/relationGroup.xml (RunModel)" time="0.009" />
  <testcase classname="ptolemy.util.test.junit.AutoTests" name="[88] /home/travis/build/icyphy/ptII/ptolemy/domains/de/test/auto/relationGroup2.xml (RunModel)" time="0.005" />
  <testcase classname="ptolemy.util.test.junit.AutoTests" name="[89] /home/travis/build/icyphy/ptII/ptolemy/domains/de/test/auto/sortWithOpaquePorts.xml (RunModel)" time="0.006" />
  <testcase classname="ptolemy.util.test.junit.AutoTests" name="[90] /home/travis/build/icyphy/ptII/ptolemy/domains/de/test/auto/transferInputsandOutputs.xml (RunModel)" time="0.014" />
  <testcase classname="ptolemy.util.test.junit.AutoTests" name="[91] /home/travis/build/icyphy/ptII/ptolemy/domains/de/test/auto/triggerType.xml (RunModel)" time="0.008" />
  <system-out><![CDATA[/home/travis/build/icyphy/ptII/ptolemy/domains/de/test/DependencyLoop.tcl
testDefs.tcl: setting time out to 9000 seconds at Sun Jan 13 03:16:22 UTC 2019
14 ms. Memory: 116224K Free: 93479K (80%)
5 ms. Memory: 146944K Free: 135513K (92%)
/home/travis/build/icyphy/ptII/ptolemy/domains/de/test/RunDETestsAsQSS.tcl
Run the DE tests using ptolemy.domains.qss.test.QSSDirectorTest, which extends QSSDirector and prints a message in the constructors.
------------------ testing $PTII/ptolemy/domains/de/test/auto/knownFailedTests/dependencyLoop.xml (Known Failure) 
10 ms. Memory: 146944K Free: 132401K (90%)


==== $PTIIhome/travis/build/icyphy/ptII/ptolemy/domains/de/test/../../../../: Auto Automatic test in file $PTII/ptolemy/domains/de/test/auto/knownFailedTests/dependencyLoop.xml
==== Contents of test case:

	    # FIXME: we should use $relativeFilename here, but it
	    # might have backslashes under Windows, which causes no end
	    # of trouble.
	    createAndExecute $file
	    list {}
	
.... Test generated KNOWN error:
    while executing
ptolemy.kernel.util.IllegalActionException: Found a zero delay loop containing .dependencyLoop.original
  in .dependencyLoop and .dependencyLoop.original
	at ptolemy.actor.util.CausalityInterfaceForComposites._computeOutputPortDepth(CausalityInterfaceForComposites.java:759)
	at ptolemy.actor.util.CausalityInterfaceForComposites._computeInputDepth(CausalityInterfaceForComposites.java:696)
	at ptolemy.actor.util.CausalityInterfaceForComposites._computeOutputPortDepth(CausalityInterfaceForComposites.java:765)
	at ptolemy.actor.util.CausalityInterfaceForComposites._computeInputDepth(CausalityInterfaceForComposites.java:696)
	at ptolemy.actor.util.CausalityInterfaceForComposites._computeOutputPortDepth(CausalityInterfaceForComposites.java:765)
	at ptolemy.actor.util.CausalityInterfaceForComposites._computeInputDepth(CausalityInterfaceForComposites.java:696)
	at ptolemy.actor.util.CausalityInterfaceForComposites._computeActorDepth(CausalityInterfaceForComposites.java:532)
	at ptolemy.actor.util.CausalityInterfaceForComposites.checkForCycles(CausalityInterfaceForComposites.java:96)
	at ptolemy.domains.de.kernel.DEDirector.preinitialize(DEDirector.java:1338)
	at ptolemy.actor.CompositeActor.preinitialize(CompositeActor.java:1828)
	at ptolemy.actor.Manager.preinitializeAndResolveTypes(Manager.java:1040)
	at ptolemy.actor.Manager.initialize(Manager.java:710)
	at ptolemy.actor.Manager.execute(Manager.java:356)
	at ptolemy.actor.Manager.run(Manager.java:1263)
	at ptolemy.actor.Manager$PtolemyRunThread.run(Manager.java:1915)

    while executing
ptolemy.kernel.util.IllegalActionException: Found a zero delay loop containing .dependencyLoop.original
  in .dependencyLoop and .dependencyLoop.original
    while executing
"java::new ptolemy.moml.MoMLSimpleApplication $file
"
    (procedure "createAndExecute" line 2)
    invoked from within
"createAndExecute $file"
    ("uplevel" body line 5)
    invoked from within
"uplevel $contents_of_test"
------------------ testing $PTII/ptolemy/domains/de/test/auto/knownFailedTests/DESDFClockTest.xml (Known Failure) 
2086 ms. Memory: 146944K Free: 116646K (79%)


==== $PTIIhome/travis/build/icyphy/ptII/ptolemy/domains/de/test/../../../../: Auto Automatic test in file $PTII/ptolemy/domains/de/test/auto/knownFailedTests/DESDFClockTest.xml
==== Contents of test case:

	    # FIXME: we should use $relativeFilename here, but it
	    # might have backslashes under Windows, which causes no end
	    # of trouble.
	    createAndExecute $file
	    list {}
	
.... Test generated KNOWN error:
    while executing
ptolemy.kernel.util.IllegalActionException: Actor is not ready to fire.  Perhaps UpSample.prefire() returned false? Try debugging the actor by selecting "Listen to Actor".  Also, for SDF check moml for tokenConsumptionRate on input.
  in .DESDFClockTest.Play Bell.Copy1:SDF Director and .DESDFClockTest.Play Bell.UpSample
	at ptolemy.actor.sched.StaticSchedulingDirector.fire(StaticSchedulingDirector.java:227)
	at ptolemy.domains.sdf.kernel.SDFDirector.fire(SDFDirector.java:500)
	at ptolemy.actor.CompositeActor.fire(CompositeActor.java:455)
	at ptolemy.domains.de.kernel.DEDirector._fire(DEDirector.java:1949)
	at ptolemy.domains.de.kernel.DEDirector.fire(DEDirector.java:502)
	at ptolemy.actor.CompositeActor.fire(CompositeActor.java:455)
	at ptolemy.actor.Manager.iterate(Manager.java:851)
	at ptolemy.actor.Manager.execute(Manager.java:369)
	at ptolemy.actor.Manager.run(Manager.java:1263)
	at ptolemy.actor.Manager$PtolemyRunThread.run(Manager.java:1915)

    while executing
ptolemy.kernel.util.IllegalActionException: Actor is not ready to fire.  Perhaps UpSample.prefire() returned false? Try debugging the actor by selecting "Listen to Actor".  Also, for SDF check moml for tokenConsumptionRate on input.
  in .DESDFClockTest.Play Bell.Copy1:SDF Director and .DESDFClockTest.Play Bell.UpSample
    while executing
"java::new ptolemy.moml.MoMLSimpleApplication $file
"
    (procedure "createAndExecute" line 2)
    invoked from within
"createAndExecute $file"
    ("uplevel" body line 5)
    invoked from within
"uplevel $contents_of_test"
------------------ testing $PTII/ptolemy/domains/de/test/auto/knownFailedTests/FSMSource.xml (Known Failure) 
20 ms. Memory: 146944K Free: 107695K (73%)
!!!! Auto was marked as failing, but now passes
------------------ testing $PTII/ptolemy/domains/de/test/auto/knownFailedTests/dependencyLoop2.xml (Known Failure) 
6 ms. Memory: 146944K Free: 105812K (72%)


==== $PTIIhome/travis/build/icyphy/ptII/ptolemy/domains/de/test/../../../../: Auto Automatic test in file $PTII/ptolemy/domains/de/test/auto/knownFailedTests/dependencyLoop2.xml
==== Contents of test case:

	    # FIXME: we should use $relativeFilename here, but it
	    # might have backslashes under Windows, which causes no end
	    # of trouble.
	    createAndExecute $file
	    list {}
	
.... Test generated KNOWN error:
    while executing
ptolemy.kernel.util.IllegalActionException: Found a zero delay loop containing .dependencyLoop2.original
  in .dependencyLoop2 and .dependencyLoop2.original
	at ptolemy.actor.util.CausalityInterfaceForComposites._computeOutputPortDepth(CausalityInterfaceForComposites.java:759)
	at ptolemy.actor.util.CausalityInterfaceForComposites._computeInputDepth(CausalityInterfaceForComposites.java:696)
	at ptolemy.actor.util.CausalityInterfaceForComposites._computeOutputPortDepth(CausalityInterfaceForComposites.java:765)
	at ptolemy.actor.util.CausalityInterfaceForComposites._computeInputDepth(CausalityInterfaceForComposites.java:696)
	at ptolemy.actor.util.CausalityInterfaceForComposites._computeOutputPortDepth(CausalityInterfaceForComposites.java:765)
	at ptolemy.actor.util.CausalityInterfaceForComposites._computeInputDepth(CausalityInterfaceForComposites.java:696)
	at ptolemy.actor.util.CausalityInterfaceForComposites._computeActorDepth(CausalityInterfaceForComposites.java:532)
	at ptolemy.actor.util.CausalityInterfaceForComposites.checkForCycles(CausalityInterfaceForComposites.java:96)
	at ptolemy.domains.de.kernel.DEDirector.preinitialize(DEDirector.java:1338)
	at ptolemy.actor.CompositeActor.preinitialize(CompositeActor.java:1828)
	at ptolemy.actor.Manager.preinitializeAndResolveTypes(Manager.java:1040)
	at ptolemy.actor.Manager.initialize(Manager.java:710)
	at ptolemy.actor.Manager.execute(Manager.java:356)
	at ptolemy.actor.Manager.run(Manager.java:1263)
	at ptolemy.actor.Manager$PtolemyRunThread.run(Manager.java:1915)

    while executing
ptolemy.kernel.util.IllegalActionException: Found a zero delay loop containing .dependencyLoop2.original
  in .dependencyLoop2 and .dependencyLoop2.original
    while executing
"java::new ptolemy.moml.MoMLSimpleApplication $file
"
    (procedure "createAndExecute" line 2)
    invoked from within
"createAndExecute $file"
    ("uplevel" body line 5)
    invoked from within
"uplevel $contents_of_test"
------------------ testing $PTII/ptolemy/domains/de/test/auto/knownFailedTests/HierarchicalModel.xml (Known Failure) 
4 ms. Memory: 146944K Free: 85351K (58%)


==== $PTIIhome/travis/build/icyphy/ptII/ptolemy/domains/de/test/../../../../: Auto Automatic test in file $PTII/ptolemy/domains/de/test/auto/knownFailedTests/HierarchicalModel.xml
==== Contents of test case:

	    # FIXME: we should use $relativeFilename here, but it
	    # might have backslashes under Windows, which causes no end
	    # of trouble.
	    createAndExecute $file
	    list {}
	
.... Test generated KNOWN error:
    while executing
ptolemy.kernel.util.IllegalActionException: Found a zero delay loop containing .HierarchicalModel.A
  in .HierarchicalModel and .HierarchicalModel.A
	at ptolemy.actor.util.CausalityInterfaceForComposites._computeOutputPortDepth(CausalityInterfaceForComposites.java:759)
	at ptolemy.actor.util.CausalityInterfaceForComposites._computeInputDepth(CausalityInterfaceForComposites.java:696)
	at ptolemy.actor.util.CausalityInterfaceForComposites._computeOutputPortDepth(CausalityInterfaceForComposites.java:765)
	at ptolemy.actor.util.CausalityInterfaceForComposites._computeInputDepth(CausalityInterfaceForComposites.java:696)
	at ptolemy.actor.util.CausalityInterfaceForComposites._computeOutputPortDepth(CausalityInterfaceForComposites.java:765)
	at ptolemy.actor.util.CausalityInterfaceForComposites._computeInputDepth(CausalityInterfaceForComposites.java:696)
	at ptolemy.actor.util.CausalityInterfaceForComposites._computeActorDepth(CausalityInterfaceForComposites.java:532)
	at ptolemy.actor.util.CausalityInterfaceForComposites.checkForCycles(CausalityInterfaceForComposites.java:96)
	at ptolemy.domains.de.kernel.DEDirector.preinitialize(DEDirector.java:1338)
	at ptolemy.actor.CompositeActor.preinitialize(CompositeActor.java:1828)
	at ptolemy.actor.Manager.preinitializeAndResolveTypes(Manager.java:1040)
	at ptolemy.actor.Manager.initialize(Manager.java:710)
	at ptolemy.actor.Manager.execute(Manager.java:356)
	at ptolemy.actor.Manager.run(Manager.java:1263)
	at ptolemy.actor.Manager$PtolemyRunThread.run(Manager.java:1915)

    while executing
ptolemy.kernel.util.IllegalActionException: Found a zero delay loop containing .HierarchicalModel.A
  in .HierarchicalModel and .HierarchicalModel.A
    while executing
"java::new ptolemy.moml.MoMLSimpleApplication $file
"
    (procedure "createAndExecute" line 2)
    invoked from within
"createAndExecute $file"
    ("uplevel" body line 5)
    invoked from within
"uplevel $contents_of_test"
------------------ testing $PTII/ptolemy/domains/de/test/auto/knownFailedTests/DirectFeedback.xml (Known Failure) 
4 ms. Memory: 146944K Free: 141345K (96%)


==== $PTIIhome/travis/build/icyphy/ptII/ptolemy/domains/de/test/../../../../: Auto Automatic test in file $PTII/ptolemy/domains/de/test/auto/knownFailedTests/DirectFeedback.xml
==== Contents of test case:

	    # FIXME: we should use $relativeFilename here, but it
	    # might have backslashes under Windows, which causes no end
	    # of trouble.
	    createAndExecute $file
	    list {}
	
.... Test generated KNOWN error:
    while executing
ptolemy.kernel.util.IllegalActionException: Test fails in iteration 1.
Value was: 1.0. Should have been: 2.0
  in .DirectFeedback.Test
	at ptolemy.actor.lib.Test.fire(Test.java:268)
	at ptolemy.domains.de.kernel.DEDirector._fire(DEDirector.java:1949)
	at ptolemy.domains.de.kernel.DEDirector.fire(DEDirector.java:502)
	at ptolemy.actor.CompositeActor.fire(CompositeActor.java:455)
	at ptolemy.actor.Manager.iterate(Manager.java:851)
	at ptolemy.actor.Manager.execute(Manager.java:369)
	at ptolemy.actor.Manager.run(Manager.java:1263)
	at ptolemy.actor.Manager$PtolemyRunThread.run(Manager.java:1915)

    while executing
ptolemy.kernel.util.IllegalActionException: Test fails in iteration 1.
Value was: 1.0. Should have been: 2.0
  in .DirectFeedback.Test
    while executing
"java::new ptolemy.moml.MoMLSimpleApplication $file
"
    (procedure "createAndExecute" line 2)
    invoked from within
"createAndExecute $file"
    ("uplevel" body line 5)
    invoked from within
"uplevel $contents_of_test"
------------------ testing $PTII/ptolemy/domains/de/test/auto/ActorDepthCalculation_actorWithoutPorts.xml
auto.tcl: Setting watchdog for 200 seconds at Sun Jan 13 03:16:25 UTC 2019
8 ms. Memory: 146944K Free: 133464K (91%)
ptolemy.util.test.WatchDog.cancel(): canceling Sun Jan 13 03:16:26 UTC 2019
auto.tcl: Setting watchdog for 200 seconds at Sun Jan 13 03:16:26 UTC 2019
4 ms. Memory: 146944K Free: 131399K (89%)
ptolemy.util.test.WatchDog.cancel(): canceling Sun Jan 13 03:16:26 UTC 2019
------------------ testing $PTII/ptolemy/domains/de/test/auto/AssemblyLine.xml
auto.tcl: Setting watchdog for 200 seconds at Sun Jan 13 03:16:26 UTC 2019
15 ms. Memory: 208384K Free: 182859K (88%)
ptolemy.util.test.WatchDog.cancel(): canceling Sun Jan 13 03:16:26 UTC 2019
auto.tcl: Setting watchdog for 200 seconds at Sun Jan 13 03:16:26 UTC 2019
12 ms. Memory: 208384K Free: 182859K (88%)
ptolemy.util.test.WatchDog.cancel(): canceling Sun Jan 13 03:16:26 UTC 2019
------------------ testing $PTII/ptolemy/domains/de/test/auto/CQBug1.xml
auto.tcl: Setting watchdog for 200 seconds at Sun Jan 13 03:16:26 UTC 2019
4 ms. Memory: 208384K Free: 197718K (95%)
ptolemy.util.test.WatchDog.cancel(): canceling Sun Jan 13 03:16:26 UTC 2019
auto.tcl: Setting watchdog for 200 seconds at Sun Jan 13 03:16:26 UTC 2019
1 ms. Memory: 208384K Free: 197718K (95%)
ptolemy.util.test.WatchDog.cancel(): canceling Sun Jan 13 03:16:26 UTC 2019
------------------ testing $PTII/ptolemy/domains/de/test/auto/CancelFireAt.xml
auto.tcl: Setting watchdog for 200 seconds at Sun Jan 13 03:16:26 UTC 2019
5 ms. Memory: 208384K Free: 201432K (97%)
ptolemy.util.test.WatchDog.cancel(): canceling Sun Jan 13 03:16:26 UTC 2019
auto.tcl: Setting watchdog for 200 seconds at Sun Jan 13 03:16:26 UTC 2019
9 ms. Memory: 208384K Free: 199339K (96%)
ptolemy.util.test.WatchDog.cancel(): canceling Sun Jan 13 03:16:26 UTC 2019
------------------ testing $PTII/ptolemy/domains/de/test/auto/CausalityAndComposabilityAnalysis.xml
auto.tcl: Setting watchdog for 200 seconds at Sun Jan 13 03:16:26 UTC 2019
8 ms. Memory: 208384K Free: 196506K (94%)
ptolemy.util.test.WatchDog.cancel(): canceling Sun Jan 13 03:16:26 UTC 2019
auto.tcl: Setting watchdog for 200 seconds at Sun Jan 13 03:16:26 UTC 2019
4 ms. Memory: 208384K Free: 196506K (94%)
ptolemy.util.test.WatchDog.cancel(): canceling Sun Jan 13 03:16:26 UTC 2019
------------------ testing $PTII/ptolemy/domains/de/test/auto/CausalityInterface1.xml
auto.tcl: Setting watchdog for 200 seconds at Sun Jan 13 03:16:26 UTC 2019
8 ms. Memory: 208384K Free: 196441K (94%)
ptolemy.util.test.WatchDog.cancel(): canceling Sun Jan 13 03:16:26 UTC 2019
auto.tcl: Setting watchdog for 200 seconds at Sun Jan 13 03:16:26 UTC 2019
4 ms. Memory: 208384K Free: 196441K (94%)
ptolemy.util.test.WatchDog.cancel(): canceling Sun Jan 13 03:16:26 UTC 2019
------------------ testing $PTII/ptolemy/domains/de/test/auto/CausalityInterface15.xml
auto.tcl: Setting watchdog for 200 seconds at Sun Jan 13 03:16:27 UTC 2019
19 ms. Memory: 208384K Free: 196433K (94%)
ptolemy.util.test.WatchDog.cancel(): canceling Sun Jan 13 03:16:27 UTC 2019
auto.tcl: Setting watchdog for 200 seconds at Sun Jan 13 03:16:27 UTC 2019
2 ms. Memory: 208384K Free: 196433K (94%)
ptolemy.util.test.WatchDog.cancel(): canceling Sun Jan 13 03:16:27 UTC 2019
------------------ testing $PTII/ptolemy/domains/de/test/auto/CausalityInterface2.xml
auto.tcl: Setting watchdog for 200 seconds at Sun Jan 13 03:16:27 UTC 2019
10 ms. Memory: 208384K Free: 196416K (94%)
ptolemy.util.test.WatchDog.cancel(): canceling Sun Jan 13 03:16:27 UTC 2019
auto.tcl: Setting watchdog for 200 seconds at Sun Jan 13 03:16:27 UTC 2019
3 ms. Memory: 208384K Free: 196416K (94%)
ptolemy.util.test.WatchDog.cancel(): canceling Sun Jan 13 03:16:27 UTC 2019
------------------ testing $PTII/ptolemy/domains/de/test/auto/CausalityInterface3.xml
auto.tcl: Setting watchdog for 200 seconds at Sun Jan 13 03:16:27 UTC 2019
4 ms. Memory: 208384K Free: 196429K (94%)
ptolemy.util.test.WatchDog.cancel(): canceling Sun Jan 13 03:16:27 UTC 2019
auto.tcl: Setting watchdog for 200 seconds at Sun Jan 13 03:16:27 UTC 2019
3 ms. Memory: 208384K Free: 196429K (94%)
ptolemy.util.test.WatchDog.cancel(): canceling Sun Jan 13 03:16:27 UTC 2019
------------------ testing $PTII/ptolemy/domains/de/test/auto/ClockDrift.xml
auto.tcl: Setting watchdog for 200 seconds at Sun Jan 13 03:16:27 UTC 2019
69 ms. Memory: 208384K Free: 187682K (90%)
ptolemy.util.test.WatchDog.cancel(): canceling Sun Jan 13 03:16:27 UTC 2019
auto.tcl: Setting watchdog for 200 seconds at Sun Jan 13 03:16:27 UTC 2019
55 ms. Memory: 208384K Free: 185589K (89%)
ptolemy.util.test.WatchDog.cancel(): canceling Sun Jan 13 03:16:27 UTC 2019
------------------ testing $PTII/ptolemy/domains/de/test/auto/ClockDriftAndValueChange.xml
auto.tcl: Setting watchdog for 200 seconds at Sun Jan 13 03:16:27 UTC 2019
53 ms. Memory: 208384K Free: 187516K (90%)
ptolemy.util.test.WatchDog.cancel(): canceling Sun Jan 13 03:16:27 UTC 2019
auto.tcl: Setting watchdog for 200 seconds at Sun Jan 13 03:16:27 UTC 2019
32 ms. Memory: 208384K Free: 185423K (89%)
ptolemy.util.test.WatchDog.cancel(): canceling Sun Jan 13 03:16:27 UTC 2019
------------------ testing $PTII/ptolemy/domains/de/test/auto/ClockDriftChange.xml
auto.tcl: Setting watchdog for 200 seconds at Sun Jan 13 03:16:27 UTC 2019
38 ms. Memory: 208384K Free: 190833K (92%)
ptolemy.util.test.WatchDog.cancel(): canceling Sun Jan 13 03:16:27 UTC 2019
auto.tcl: Setting watchdog for 200 seconds at Sun Jan 13 03:16:27 UTC 2019
26 ms. Memory: 208384K Free: 188740K (91%)
ptolemy.util.test.WatchDog.cancel(): canceling Sun Jan 13 03:16:27 UTC 2019
------------------ testing $PTII/ptolemy/domains/de/test/auto/ComposableCausalityAnalysis.xml
auto.tcl: Setting watchdog for 200 seconds at Sun Jan 13 03:16:27 UTC 2019
2 ms. Memory: 208384K Free: 196284K (94%)
ptolemy.util.test.WatchDog.cancel(): canceling Sun Jan 13 03:16:27 UTC 2019
auto.tcl: Setting watchdog for 200 seconds at Sun Jan 13 03:16:27 UTC 2019
1 ms. Memory: 208384K Free: 194191K (93%)
ptolemy.util.test.WatchDog.cancel(): canceling Sun Jan 13 03:16:27 UTC 2019
------------------ testing $PTII/ptolemy/domains/de/test/auto/DEFixedPointLimitation.xml
auto.tcl: Setting watchdog for 200 seconds at Sun Jan 13 03:16:27 UTC 2019
1 ms. Memory: 208384K Free: 196364K (94%)
ptolemy.util.test.WatchDog.cancel(): canceling Sun Jan 13 03:16:27 UTC 2019
auto.tcl: Setting watchdog for 200 seconds at Sun Jan 13 03:16:27 UTC 2019
2 ms. Memory: 208384K Free: 196364K (94%)
ptolemy.util.test.WatchDog.cancel(): canceling Sun Jan 13 03:16:27 UTC 2019
------------------ testing $PTII/ptolemy/domains/de/test/auto/DEScheduleTest.xml
auto.tcl: Setting watchdog for 200 seconds at Sun Jan 13 03:16:28 UTC 2019
4 ms. Memory: 208384K Free: 198493K (95%)
ptolemy.util.test.WatchDog.cancel(): canceling Sun Jan 13 03:16:28 UTC 2019
auto.tcl: Setting watchdog for 200 seconds at Sun Jan 13 03:16:28 UTC 2019
5 ms. Memory: 208384K Free: 196400K (94%)
ptolemy.util.test.WatchDog.cancel(): canceling Sun Jan 13 03:16:28 UTC 2019
------------------ testing $PTII/ptolemy/domains/de/test/auto/DEinDEwithStartTimes.xml
auto.tcl: Setting watchdog for 200 seconds at Sun Jan 13 03:16:28 UTC 2019
3 ms. Memory: 208384K Free: 196370K (94%)
ptolemy.util.test.WatchDog.cancel(): canceling Sun Jan 13 03:16:28 UTC 2019
auto.tcl: Setting watchdog for 200 seconds at Sun Jan 13 03:16:28 UTC 2019
3 ms. Memory: 208384K Free: 194277K (93%)
ptolemy.util.test.WatchDog.cancel(): canceling Sun Jan 13 03:16:28 UTC 2019
------------------ testing $PTII/ptolemy/domains/de/test/auto/DEinDEwithStartTimes2.xml
auto.tcl: Setting watchdog for 200 seconds at Sun Jan 13 03:16:28 UTC 2019
3 ms. Memory: 208384K Free: 196349K (94%)
ptolemy.util.test.WatchDog.cancel(): canceling Sun Jan 13 03:16:28 UTC 2019
auto.tcl: Setting watchdog for 200 seconds at Sun Jan 13 03:16:28 UTC 2019
3 ms. Memory: 208384K Free: 194256K (93%)
ptolemy.util.test.WatchDog.cancel(): canceling Sun Jan 13 03:16:28 UTC 2019
------------------ testing $PTII/ptolemy/domains/de/test/auto/DateDemo.xml
auto.tcl: Setting watchdog for 200 seconds at Sun Jan 13 03:16:28 UTC 2019
10 ms. Memory: 208384K Free: 188814K (91%)
ptolemy.util.test.WatchDog.cancel(): canceling Sun Jan 13 03:16:28 UTC 2019
auto.tcl: Setting watchdog for 200 seconds at Sun Jan 13 03:16:28 UTC 2019
7 ms. Memory: 208384K Free: 186721K (90%)
ptolemy.util.test.WatchDog.cancel(): canceling Sun Jan 13 03:16:28 UTC 2019
------------------ testing $PTII/ptolemy/domains/de/test/auto/DateToEvent.xml
auto.tcl: Setting watchdog for 200 seconds at Sun Jan 13 03:16:28 UTC 2019
2009 ms. Memory: 208384K Free: 183542K (88%)
ptolemy.util.test.WatchDog.cancel(): canceling Sun Jan 13 03:16:30 UTC 2019
auto.tcl: Setting watchdog for 200 seconds at Sun Jan 13 03:16:30 UTC 2019
2003 ms. Memory: 208384K Free: 183542K (88%)
ptolemy.util.test.WatchDog.cancel(): canceling Sun Jan 13 03:16:32 UTC 2019
------------------ testing $PTII/ptolemy/domains/de/test/auto/DepthTest1.xml
auto.tcl: Setting watchdog for 200 seconds at Sun Jan 13 03:16:32 UTC 2019
7 ms. Memory: 208384K Free: 198358K (95%)
ptolemy.util.test.WatchDog.cancel(): canceling Sun Jan 13 03:16:32 UTC 2019
auto.tcl: Setting watchdog for 200 seconds at Sun Jan 13 03:16:32 UTC 2019
0 ms. Memory: 208384K Free: 198358K (95%)
ptolemy.util.test.WatchDog.cancel(): canceling Sun Jan 13 03:16:32 UTC 2019
------------------ testing $PTII/ptolemy/domains/de/test/auto/DepthTest2.xml
auto.tcl: Setting watchdog for 200 seconds at Sun Jan 13 03:16:32 UTC 2019
3 ms. Memory: 208384K Free: 194236K (93%)
ptolemy.util.test.WatchDog.cancel(): canceling Sun Jan 13 03:16:32 UTC 2019
auto.tcl: Setting watchdog for 200 seconds at Sun Jan 13 03:16:32 UTC 2019
4 ms. Memory: 208384K Free: 194236K (93%)
ptolemy.util.test.WatchDog.cancel(): canceling Sun Jan 13 03:16:32 UTC 2019
------------------ testing $PTII/ptolemy/domains/de/test/auto/DepthTest3.xml
auto.tcl: Setting watchdog for 200 seconds at Sun Jan 13 03:16:32 UTC 2019
3 ms. Memory: 208384K Free: 198693K (95%)
ptolemy.util.test.WatchDog.cancel(): canceling Sun Jan 13 03:16:32 UTC 2019
auto.tcl: Setting watchdog for 200 seconds at Sun Jan 13 03:16:32 UTC 2019
2 ms. Memory: 208384K Free: 198693K (95%)
ptolemy.util.test.WatchDog.cancel(): canceling Sun Jan 13 03:16:32 UTC 2019
------------------ testing $PTII/ptolemy/domains/de/test/auto/DepthTest4.xml
auto.tcl: Setting watchdog for 200 seconds at Sun Jan 13 03:16:32 UTC 2019
2 ms. Memory: 208384K Free: 196350K (94%)
ptolemy.util.test.WatchDog.cancel(): canceling Sun Jan 13 03:16:32 UTC 2019
auto.tcl: Setting watchdog for 200 seconds at Sun Jan 13 03:16:32 UTC 2019
3 ms. Memory: 208384K Free: 196350K (94%)
ptolemy.util.test.WatchDog.cancel(): canceling Sun Jan 13 03:16:32 UTC 2019
------------------ testing $PTII/ptolemy/domains/de/test/auto/DepthTest5.xml
auto.tcl: Setting watchdog for 200 seconds at Sun Jan 13 03:16:32 UTC 2019
2 ms. Memory: 208384K Free: 196635K (94%)
ptolemy.util.test.WatchDog.cancel(): canceling Sun Jan 13 03:16:32 UTC 2019
auto.tcl: Setting watchdog for 200 seconds at Sun Jan 13 03:16:32 UTC 2019
2 ms. Memory: 208384K Free: 196635K (94%)
ptolemy.util.test.WatchDog.cancel(): canceling Sun Jan 13 03:16:32 UTC 2019
------------------ testing $PTII/ptolemy/domains/de/test/auto/DepthTest6.xml
auto.tcl: Setting watchdog for 200 seconds at Sun Jan 13 03:16:32 UTC 2019
6 ms. Memory: 208384K Free: 195044K (94%)
ptolemy.util.test.WatchDog.cancel(): canceling Sun Jan 13 03:16:32 UTC 2019
auto.tcl: Setting watchdog for 200 seconds at Sun Jan 13 03:16:32 UTC 2019
3 ms. Memory: 208384K Free: 195044K (94%)
ptolemy.util.test.WatchDog.cancel(): canceling Sun Jan 13 03:16:32 UTC 2019
------------------ testing $PTII/ptolemy/domains/de/test/auto/DepthTest7.xml
auto.tcl: Setting watchdog for 200 seconds at Sun Jan 13 03:16:32 UTC 2019
10 ms. Memory: 208384K Free: 196255K (94%)
ptolemy.util.test.WatchDog.cancel(): canceling Sun Jan 13 03:16:32 UTC 2019
auto.tcl: Setting watchdog for 200 seconds at Sun Jan 13 03:16:32 UTC 2019
1 ms. Memory: 208384K Free: 196255K (94%)
ptolemy.util.test.WatchDog.cancel(): canceling Sun Jan 13 03:16:32 UTC 2019
------------------ testing $PTII/ptolemy/domains/de/test/auto/EventToDate.xml
auto.tcl: Setting watchdog for 200 seconds at Sun Jan 13 03:16:32 UTC 2019
3005 ms. Memory: 208384K Free: 185811K (89%)
ptolemy.util.test.WatchDog.cancel(): canceling Sun Jan 13 03:16:35 UTC 2019
auto.tcl: Setting watchdog for 200 seconds at Sun Jan 13 03:16:35 UTC 2019
3004 ms. Memory: 208384K Free: 185811K (89%)
ptolemy.util.test.WatchDog.cancel(): canceling Sun Jan 13 03:16:38 UTC 2019
------------------ testing $PTII/ptolemy/domains/de/test/auto/FSM1.xml
auto.tcl: Setting watchdog for 200 seconds at Sun Jan 13 03:16:38 UTC 2019
18 ms. Memory: 208384K Free: 189321K (91%)
ptolemy.util.test.WatchDog.cancel(): canceling Sun Jan 13 03:16:39 UTC 2019
auto.tcl: Setting watchdog for 200 seconds at Sun Jan 13 03:16:39 UTC 2019
21 ms. Memory: 208384K Free: 185135K (89%)
ptolemy.util.test.WatchDog.cancel(): canceling Sun Jan 13 03:16:39 UTC 2019
------------------ testing $PTII/ptolemy/domains/de/test/auto/FSM7.xml
auto.tcl: Setting watchdog for 200 seconds at Sun Jan 13 03:16:39 UTC 2019
20 ms. Memory: 208384K Free: 187430K (90%)
ptolemy.util.test.WatchDog.cancel(): canceling Sun Jan 13 03:16:39 UTC 2019
auto.tcl: Setting watchdog for 200 seconds at Sun Jan 13 03:16:39 UTC 2019
16 ms. Memory: 208384K Free: 185337K (89%)
ptolemy.util.test.WatchDog.cancel(): canceling Sun Jan 13 03:16:39 UTC 2019
------------------ testing $PTII/ptolemy/domains/de/test/auto/Inspection.xml
auto.tcl: Setting watchdog for 200 seconds at Sun Jan 13 03:16:39 UTC 2019
25 ms. Memory: 208384K Free: 188644K (91%)
ptolemy.util.test.WatchDog.cancel(): canceling Sun Jan 13 03:16:39 UTC 2019
auto.tcl: Setting watchdog for 200 seconds at Sun Jan 13 03:16:39 UTC 2019
22 ms. Memory: 208384K Free: 186551K (90%)
ptolemy.util.test.WatchDog.cancel(): canceling Sun Jan 13 03:16:39 UTC 2019
------------------ testing $PTII/ptolemy/domains/de/test/auto/Iteration.xml
auto.tcl: Setting watchdog for 200 seconds at Sun Jan 13 03:16:39 UTC 2019
8 ms. Memory: 208384K Free: 196398K (94%)
ptolemy.util.test.WatchDog.cancel(): canceling Sun Jan 13 03:16:39 UTC 2019
auto.tcl: Setting watchdog for 200 seconds at Sun Jan 13 03:16:39 UTC 2019
6 ms. Memory: 208384K Free: 193968K (93%)
ptolemy.util.test.WatchDog.cancel(): canceling Sun Jan 13 03:16:39 UTC 2019
------------------ testing $PTII/ptolemy/domains/de/test/auto/LineFault.xml
auto.tcl: Setting watchdog for 200 seconds at Sun Jan 13 03:16:39 UTC 2019
736 ms. Memory: 208384K Free: 196191K (94%)
ptolemy.util.test.WatchDog.cancel(): canceling Sun Jan 13 03:16:40 UTC 2019
auto.tcl: Setting watchdog for 200 seconds at Sun Jan 13 03:16:40 UTC 2019
638 ms. Memory: 208384K Free: 139050K (67%)
ptolemy.util.test.WatchDog.cancel(): canceling Sun Jan 13 03:16:41 UTC 2019
------------------ testing $PTII/ptolemy/domains/de/test/auto/MergeModel1Add.xml
auto.tcl: Setting watchdog for 200 seconds at Sun Jan 13 03:16:41 UTC 2019
26 ms. Memory: 331264K Free: 298877K (90%)
ptolemy.util.test.WatchDog.cancel(): canceling Sun Jan 13 03:16:41 UTC 2019
auto.tcl: Setting watchdog for 200 seconds at Sun Jan 13 03:16:41 UTC 2019
8 ms. Memory: 331264K Free: 298877K (90%)
ptolemy.util.test.WatchDog.cancel(): canceling Sun Jan 13 03:16:41 UTC 2019
------------------ testing $PTII/ptolemy/domains/de/test/auto/MergeModel2Add.xml
auto.tcl: Setting watchdog for 200 seconds at Sun Jan 13 03:16:41 UTC 2019
8 ms. Memory: 331264K Free: 304159K (92%)
ptolemy.util.test.WatchDog.cancel(): canceling Sun Jan 13 03:16:41 UTC 2019
auto.tcl: Setting watchdog for 200 seconds at Sun Jan 13 03:16:41 UTC 2019
7 ms. Memory: 331264K Free: 300215K (91%)
ptolemy.util.test.WatchDog.cancel(): canceling Sun Jan 13 03:16:41 UTC 2019
------------------ testing $PTII/ptolemy/domains/de/test/auto/MergeModel3Add.xml
auto.tcl: Setting watchdog for 200 seconds at Sun Jan 13 03:16:41 UTC 2019
8 ms. Memory: 331264K Free: 304169K (92%)
ptolemy.util.test.WatchDog.cancel(): canceling Sun Jan 13 03:16:41 UTC 2019
auto.tcl: Setting watchdog for 200 seconds at Sun Jan 13 03:16:41 UTC 2019
7 ms. Memory: 331264K Free: 300225K (91%)
ptolemy.util.test.WatchDog.cancel(): canceling Sun Jan 13 03:16:41 UTC 2019
------------------ testing $PTII/ptolemy/domains/de/test/auto/MergeWithoutDiscard.xml
auto.tcl: Setting watchdog for 200 seconds at Sun Jan 13 03:16:41 UTC 2019
2 ms. Memory: 331264K Free: 320226K (97%)
ptolemy.util.test.WatchDog.cancel(): canceling Sun Jan 13 03:16:41 UTC 2019
auto.tcl: Setting watchdog for 200 seconds at Sun Jan 13 03:16:41 UTC 2019
0 ms. Memory: 331264K Free: 316282K (95%)
ptolemy.util.test.WatchDog.cancel(): canceling Sun Jan 13 03:16:41 UTC 2019
------------------ testing $PTII/ptolemy/domains/de/test/auto/Modal1.xml
auto.tcl: Setting watchdog for 200 seconds at Sun Jan 13 03:16:41 UTC 2019
11 ms. Memory: 331264K Free: 309894K (94%)
ptolemy.util.test.WatchDog.cancel(): canceling Sun Jan 13 03:16:41 UTC 2019
auto.tcl: Setting watchdog for 200 seconds at Sun Jan 13 03:16:41 UTC 2019
11 ms. Memory: 331264K Free: 305951K (92%)
ptolemy.util.test.WatchDog.cancel(): canceling Sun Jan 13 03:16:41 UTC 2019
------------------ testing $PTII/ptolemy/domains/de/test/auto/Modal2.xml
auto.tcl: Setting watchdog for 200 seconds at Sun Jan 13 03:16:41 UTC 2019
17 ms. Memory: 331264K Free: 304860K (92%)
ptolemy.util.test.WatchDog.cancel(): canceling Sun Jan 13 03:16:41 UTC 2019
auto.tcl: Setting watchdog for 200 seconds at Sun Jan 13 03:16:41 UTC 2019
16 ms. Memory: 331264K Free: 300917K (91%)
ptolemy.util.test.WatchDog.cancel(): canceling Sun Jan 13 03:16:41 UTC 2019
------------------ testing $PTII/ptolemy/domains/de/test/auto/Modal3.xml
auto.tcl: Setting watchdog for 200 seconds at Sun Jan 13 03:16:41 UTC 2019
12 ms. Memory: 331264K Free: 309765K (94%)
ptolemy.util.test.WatchDog.cancel(): canceling Sun Jan 13 03:16:41 UTC 2019
auto.tcl: Setting watchdog for 200 seconds at Sun Jan 13 03:16:41 UTC 2019
9 ms. Memory: 331264K Free: 305822K (92%)
ptolemy.util.test.WatchDog.cancel(): canceling Sun Jan 13 03:16:41 UTC 2019
------------------ testing $PTII/ptolemy/domains/de/test/auto/Modal4.xml
auto.tcl: Setting watchdog for 200 seconds at Sun Jan 13 03:16:41 UTC 2019
12 ms. Memory: 331264K Free: 309569K (93%)
ptolemy.util.test.WatchDog.cancel(): canceling Sun Jan 13 03:16:41 UTC 2019
auto.tcl: Setting watchdog for 200 seconds at Sun Jan 13 03:16:41 UTC 2019
12 ms. Memory: 331264K Free: 305626K (92%)
ptolemy.util.test.WatchDog.cancel(): canceling Sun Jan 13 03:16:42 UTC 2019
------------------ testing $PTII/ptolemy/domains/de/test/auto/Modal5.xml
auto.tcl: Setting watchdog for 200 seconds at Sun Jan 13 03:16:42 UTC 2019
16 ms. Memory: 331264K Free: 309557K (93%)
ptolemy.util.test.WatchDog.cancel(): canceling Sun Jan 13 03:16:42 UTC 2019
auto.tcl: Setting watchdog for 200 seconds at Sun Jan 13 03:16:42 UTC 2019
12 ms. Memory: 331264K Free: 305613K (92%)
ptolemy.util.test.WatchDog.cancel(): canceling Sun Jan 13 03:16:42 UTC 2019
------------------ testing $PTII/ptolemy/domains/de/test/auto/Modal6.xml
auto.tcl: Setting watchdog for 200 seconds at Sun Jan 13 03:16:42 UTC 2019
10 ms. Memory: 331264K Free: 309553K (93%)
ptolemy.util.test.WatchDog.cancel(): canceling Sun Jan 13 03:16:42 UTC 2019
auto.tcl: Setting watchdog for 200 seconds at Sun Jan 13 03:16:42 UTC 2019
12 ms. Memory: 331264K Free: 305609K (92%)
ptolemy.util.test.WatchDog.cancel(): canceling Sun Jan 13 03:16:42 UTC 2019
------------------ testing $PTII/ptolemy/domains/de/test/auto/Modal7.xml
auto.tcl: Setting watchdog for 200 seconds at Sun Jan 13 03:16:42 UTC 2019
8 ms. Memory: 331264K Free: 309553K (93%)
ptolemy.util.test.WatchDog.cancel(): canceling Sun Jan 13 03:16:42 UTC 2019
auto.tcl: Setting watchdog for 200 seconds at Sun Jan 13 03:16:42 UTC 2019
9 ms. Memory: 331264K Free: 305610K (92%)
ptolemy.util.test.WatchDog.cancel(): canceling Sun Jan 13 03:16:42 UTC 2019
------------------ testing $PTII/ptolemy/domains/de/test/auto/ModalModel.xml
auto.tcl: Setting watchdog for 200 seconds at Sun Jan 13 03:16:42 UTC 2019
155 ms. Memory: 331264K Free: 246081K (74%)
ptolemy.util.test.WatchDog.cancel(): canceling Sun Jan 13 03:16:42 UTC 2019
auto.tcl: Setting watchdog for 200 seconds at Sun Jan 13 03:16:42 UTC 2019
182 ms. Memory: 331264K Free: 190873K (58%)
ptolemy.util.test.WatchDog.cancel(): canceling Sun Jan 13 03:16:42 UTC 2019
------------------ testing $PTII/ptolemy/domains/de/test/auto/ModalSource.xml
auto.tcl: Setting watchdog for 200 seconds at Sun Jan 13 03:16:42 UTC 2019
6 ms. Memory: 331264K Free: 316317K (95%)
ptolemy.util.test.WatchDog.cancel(): canceling Sun Jan 13 03:16:42 UTC 2019
auto.tcl: Setting watchdog for 200 seconds at Sun Jan 13 03:16:42 UTC 2019
5 ms. Memory: 331264K Free: 312789K (94%)
ptolemy.util.test.WatchDog.cancel(): canceling Sun Jan 13 03:16:42 UTC 2019
------------------ testing $PTII/ptolemy/domains/de/test/auto/NonInterruptibleTimerZeroDelay.xml
auto.tcl: Setting watchdog for 200 seconds at Sun Jan 13 03:16:42 UTC 2019
3 ms. Memory: 331264K Free: 320684K (97%)
ptolemy.util.test.WatchDog.cancel(): canceling Sun Jan 13 03:16:42 UTC 2019
auto.tcl: Setting watchdog for 200 seconds at Sun Jan 13 03:16:42 UTC 2019
2 ms. Memory: 331264K Free: 317163K (96%)
ptolemy.util.test.WatchDog.cancel(): canceling Sun Jan 13 03:16:42 UTC 2019
------------------ testing $PTII/ptolemy/domains/de/test/auto/OpenQueueingNetwork.xml
auto.tcl: Setting watchdog for 200 seconds at Sun Jan 13 03:16:42 UTC 2019
2739 ms. Memory: 307712K Free: 139682K (45%)
ptolemy.util.test.WatchDog.cancel(): canceling Sun Jan 13 03:16:45 UTC 2019
auto.tcl: Setting watchdog for 200 seconds at Sun Jan 13 03:16:45 UTC 2019
2174 ms. Memory: 278528K Free: 206004K (74%)
ptolemy.util.test.WatchDog.cancel(): canceling Sun Jan 13 03:16:48 UTC 2019
------------------ testing $PTII/ptolemy/domains/de/test/auto/OpenQueuingNetwork.xml
auto.tcl: Setting watchdog for 200 seconds at Sun Jan 13 03:16:48 UTC 2019
240 ms. Memory: 278528K Free: 175109K (63%)
ptolemy.util.test.WatchDog.cancel(): canceling Sun Jan 13 03:16:48 UTC 2019
auto.tcl: Setting watchdog for 200 seconds at Sun Jan 13 03:16:48 UTC 2019
231 ms. Memory: 278528K Free: 115040K (41%)
ptolemy.util.test.WatchDog.cancel(): canceling Sun Jan 13 03:16:48 UTC 2019
------------------ testing $PTII/ptolemy/domains/de/test/auto/PeriodicSampler.xml
auto.tcl: Setting watchdog for 200 seconds at Sun Jan 13 03:16:48 UTC 2019
3 ms. Memory: 281088K Free: 266375K (95%)
ptolemy.util.test.WatchDog.cancel(): canceling Sun Jan 13 03:16:48 UTC 2019
auto.tcl: Setting watchdog for 200 seconds at Sun Jan 13 03:16:48 UTC 2019
1 ms. Memory: 281088K Free: 266375K (95%)
ptolemy.util.test.WatchDog.cancel(): canceling Sun Jan 13 03:16:48 UTC 2019
------------------ testing $PTII/ptolemy/domains/de/test/auto/PersistentIO.xml
auto.tcl: Setting watchdog for 200 seconds at Sun Jan 13 03:16:48 UTC 2019
10 ms. Memory: 278528K Free: 261039K (94%)
ptolemy.util.test.WatchDog.cancel(): canceling Sun Jan 13 03:16:48 UTC 2019
auto.tcl: Setting watchdog for 200 seconds at Sun Jan 13 03:16:48 UTC 2019
3 ms. Memory: 278528K Free: 261039K (94%)
ptolemy.util.test.WatchDog.cancel(): canceling Sun Jan 13 03:16:48 UTC 2019
------------------ testing $PTII/ptolemy/domains/de/test/auto/PortParameterResetOnInitialize.xml
auto.tcl: Setting watchdog for 200 seconds at Sun Jan 13 03:16:48 UTC 2019
2 ms. Memory: 280576K Free: 266331K (95%)
ptolemy.util.test.WatchDog.cancel(): canceling Sun Jan 13 03:16:48 UTC 2019
auto.tcl: Setting watchdog for 200 seconds at Sun Jan 13 03:16:48 UTC 2019
2 ms. Memory: 280576K Free: 266331K (95%)
ptolemy.util.test.WatchDog.cancel(): canceling Sun Jan 13 03:16:48 UTC 2019
------------------ testing $PTII/ptolemy/domains/de/test/auto/PortParameterUpdates.xml
auto.tcl: Setting watchdog for 200 seconds at Sun Jan 13 03:16:48 UTC 2019
5 ms. Memory: 278528K Free: 266476K (96%)
ptolemy.util.test.WatchDog.cancel(): canceling Sun Jan 13 03:16:48 UTC 2019
auto.tcl: Setting watchdog for 200 seconds at Sun Jan 13 03:16:48 UTC 2019
5 ms. Memory: 278528K Free: 263759K (95%)
ptolemy.util.test.WatchDog.cancel(): canceling Sun Jan 13 03:16:48 UTC 2019
------------------ testing $PTII/ptolemy/domains/de/test/auto/QueueAndServer.xml
auto.tcl: Setting watchdog for 200 seconds at Sun Jan 13 03:16:48 UTC 2019
21 ms. Memory: 280576K Free: 263702K (94%)
ptolemy.util.test.WatchDog.cancel(): canceling Sun Jan 13 03:16:48 UTC 2019
auto.tcl: Setting watchdog for 200 seconds at Sun Jan 13 03:16:48 UTC 2019
6 ms. Memory: 280576K Free: 263702K (94%)
ptolemy.util.test.WatchDog.cancel(): canceling Sun Jan 13 03:16:48 UTC 2019
------------------ testing $PTII/ptolemy/domains/de/test/auto/Records.xml
auto.tcl: Setting watchdog for 200 seconds at Sun Jan 13 03:16:49 UTC 2019
11 ms. Memory: 278528K Free: 266301K (96%)
ptolemy.util.test.WatchDog.cancel(): canceling Sun Jan 13 03:16:49 UTC 2019
auto.tcl: Setting watchdog for 200 seconds at Sun Jan 13 03:16:49 UTC 2019
1 ms. Memory: 278528K Free: 263584K (95%)
ptolemy.util.test.WatchDog.cancel(): canceling Sun Jan 13 03:16:49 UTC 2019
------------------ testing $PTII/ptolemy/domains/de/test/auto/ResetTransitionWithStartTime1.xml
auto.tcl: Setting watchdog for 200 seconds at Sun Jan 13 03:16:49 UTC 2019
7 ms. Memory: 280064K Free: 263255K (94%)
ptolemy.util.test.WatchDog.cancel(): canceling Sun Jan 13 03:16:49 UTC 2019
auto.tcl: Setting watchdog for 200 seconds at Sun Jan 13 03:16:49 UTC 2019
4 ms. Memory: 280064K Free: 260441K (93%)
ptolemy.util.test.WatchDog.cancel(): canceling Sun Jan 13 03:16:49 UTC 2019
------------------ testing $PTII/ptolemy/domains/de/test/auto/ResetTransitionWithStartTime2.xml
auto.tcl: Setting watchdog for 200 seconds at Sun Jan 13 03:16:49 UTC 2019
5 ms. Memory: 278528K Free: 261709K (94%)
ptolemy.util.test.WatchDog.cancel(): canceling Sun Jan 13 03:16:49 UTC 2019
auto.tcl: Setting watchdog for 200 seconds at Sun Jan 13 03:16:49 UTC 2019
4 ms. Memory: 278528K Free: 258992K (93%)
ptolemy.util.test.WatchDog.cancel(): canceling Sun Jan 13 03:16:49 UTC 2019
------------------ testing $PTII/ptolemy/domains/de/test/auto/ResetTransitionWithStartTime3.xml
auto.tcl: Setting watchdog for 200 seconds at Sun Jan 13 03:16:49 UTC 2019
8 ms. Memory: 280064K Free: 263148K (94%)
ptolemy.util.test.WatchDog.cancel(): canceling Sun Jan 13 03:16:49 UTC 2019
auto.tcl: Setting watchdog for 200 seconds at Sun Jan 13 03:16:49 UTC 2019
4 ms. Memory: 280064K Free: 260415K (93%)
ptolemy.util.test.WatchDog.cancel(): canceling Sun Jan 13 03:16:49 UTC 2019
------------------ testing $PTII/ptolemy/domains/de/test/auto/ResetTransitionWithStartTime4.xml
auto.tcl: Setting watchdog for 200 seconds at Sun Jan 13 03:16:49 UTC 2019
3 ms. Memory: 278528K Free: 263589K (95%)
ptolemy.util.test.WatchDog.cancel(): canceling Sun Jan 13 03:16:49 UTC 2019
auto.tcl: Setting watchdog for 200 seconds at Sun Jan 13 03:16:49 UTC 2019
3 ms. Memory: 278528K Free: 260872K (94%)
ptolemy.util.test.WatchDog.cancel(): canceling Sun Jan 13 03:16:49 UTC 2019
------------------ testing $PTII/ptolemy/domains/de/test/auto/ResettableTimer1.xml
auto.tcl: Setting watchdog for 200 seconds at Sun Jan 13 03:16:49 UTC 2019
3 ms. Memory: 280064K Free: 267829K (96%)
ptolemy.util.test.WatchDog.cancel(): canceling Sun Jan 13 03:16:49 UTC 2019
auto.tcl: Setting watchdog for 200 seconds at Sun Jan 13 03:16:49 UTC 2019
1 ms. Memory: 280064K Free: 267829K (96%)
ptolemy.util.test.WatchDog.cancel(): canceling Sun Jan 13 03:16:49 UTC 2019
------------------ testing $PTII/ptolemy/domains/de/test/auto/ResettableTimer2.xml
auto.tcl: Setting watchdog for 200 seconds at Sun Jan 13 03:16:49 UTC 2019
3 ms. Memory: 278528K Free: 266457K (96%)
ptolemy.util.test.WatchDog.cancel(): canceling Sun Jan 13 03:16:49 UTC 2019
auto.tcl: Setting watchdog for 200 seconds at Sun Jan 13 03:16:49 UTC 2019
2 ms. Memory: 278528K Free: 266457K (96%)
ptolemy.util.test.WatchDog.cancel(): canceling Sun Jan 13 03:16:49 UTC 2019
------------------ testing $PTII/ptolemy/domains/de/test/auto/ResettableTimer3.xml
auto.tcl: Setting watchdog for 200 seconds at Sun Jan 13 03:16:49 UTC 2019
2 ms. Memory: 279552K Free: 267375K (96%)
ptolemy.util.test.WatchDog.cancel(): canceling Sun Jan 13 03:16:49 UTC 2019
auto.tcl: Setting watchdog for 200 seconds at Sun Jan 13 03:16:49 UTC 2019
1 ms. Memory: 279552K Free: 267375K (96%)
ptolemy.util.test.WatchDog.cancel(): canceling Sun Jan 13 03:16:49 UTC 2019
------------------ testing $PTII/ptolemy/domains/de/test/auto/ResettableTimer4.xml
auto.tcl: Setting watchdog for 200 seconds at Sun Jan 13 03:16:49 UTC 2019
1 ms. Memory: 278528K Free: 266461K (96%)
ptolemy.util.test.WatchDog.cancel(): canceling Sun Jan 13 03:16:49 UTC 2019
auto.tcl: Setting watchdog for 200 seconds at Sun Jan 13 03:16:49 UTC 2019
1 ms. Memory: 278528K Free: 266461K (96%)
ptolemy.util.test.WatchDog.cancel(): canceling Sun Jan 13 03:16:49 UTC 2019
------------------ testing $PTII/ptolemy/domains/de/test/auto/ResettableTimer5.xml
auto.tcl: Setting watchdog for 200 seconds at Sun Jan 13 03:16:49 UTC 2019
1 ms. Memory: 279552K Free: 265431K (95%)
ptolemy.util.test.WatchDog.cancel(): canceling Sun Jan 13 03:16:49 UTC 2019
auto.tcl: Setting watchdog for 200 seconds at Sun Jan 13 03:16:49 UTC 2019
2 ms. Memory: 279552K Free: 265431K (95%)
ptolemy.util.test.WatchDog.cancel(): canceling Sun Jan 13 03:16:49 UTC 2019
------------------ testing $PTII/ptolemy/domains/de/test/auto/ResettableTimer6.xml
auto.tcl: Setting watchdog for 200 seconds at Sun Jan 13 03:16:49 UTC 2019
2 ms. Memory: 278528K Free: 266312K (96%)
ptolemy.util.test.WatchDog.cancel(): canceling Sun Jan 13 03:16:49 UTC 2019
auto.tcl: Setting watchdog for 200 seconds at Sun Jan 13 03:16:49 UTC 2019
1 ms. Memory: 278528K Free: 266312K (96%)
ptolemy.util.test.WatchDog.cancel(): canceling Sun Jan 13 03:16:49 UTC 2019
------------------ testing $PTII/ptolemy/domains/de/test/auto/ServerZeroDelay.xml
auto.tcl: Setting watchdog for 200 seconds at Sun Jan 13 03:16:49 UTC 2019
5 ms. Memory: 279552K Free: 267423K (96%)
ptolemy.util.test.WatchDog.cancel(): canceling Sun Jan 13 03:16:49 UTC 2019
auto.tcl: Setting watchdog for 200 seconds at Sun Jan 13 03:16:49 UTC 2019
2 ms. Memory: 279552K Free: 267423K (96%)
ptolemy.util.test.WatchDog.cancel(): canceling Sun Jan 13 03:16:49 UTC 2019
------------------ testing $PTII/ptolemy/domains/de/test/auto/SmartSender.xml
auto.tcl: Setting watchdog for 200 seconds at Sun Jan 13 03:16:49 UTC 2019
3000 ms. Memory: 278528K Free: 266411K (96%)
ptolemy.util.test.WatchDog.cancel(): canceling Sun Jan 13 03:16:52 UTC 2019
auto.tcl: Setting watchdog for 200 seconds at Sun Jan 13 03:16:52 UTC 2019
3002 ms. Memory: 278528K Free: 266411K (96%)
ptolemy.util.test.WatchDog.cancel(): canceling Sun Jan 13 03:16:55 UTC 2019
------------------ testing $PTII/ptolemy/domains/de/test/auto/ThreadedComposite.xml
auto.tcl: Setting watchdog for 200 seconds at Sun Jan 13 03:16:55 UTC 2019
194 ms. Memory: 279552K Free: 245369K (88%)
ptolemy.util.test.WatchDog.cancel(): canceling Sun Jan 13 03:16:56 UTC 2019
auto.tcl: Setting watchdog for 200 seconds at Sun Jan 13 03:16:56 UTC 2019
107 ms. Memory: 279552K Free: 228108K (82%)
ptolemy.util.test.WatchDog.cancel(): canceling Sun Jan 13 03:16:56 UTC 2019
------------------ testing $PTII/ptolemy/domains/de/test/auto/Time.xml
auto.tcl: Setting watchdog for 200 seconds at Sun Jan 13 03:16:56 UTC 2019
476 ms. Memory: 278528K Free: 214769K (77%)
ptolemy.util.test.WatchDog.cancel(): canceling Sun Jan 13 03:16:56 UTC 2019
auto.tcl: Setting watchdog for 200 seconds at Sun Jan 13 03:16:56 UTC 2019
430 ms. Memory: 278528K Free: 163145K (59%)
ptolemy.util.test.WatchDog.cancel(): canceling Sun Jan 13 03:16:57 UTC 2019
------------------ testing $PTII/ptolemy/domains/de/test/auto/TimeDelayZeroDelay.xml
auto.tcl: Setting watchdog for 200 seconds at Sun Jan 13 03:16:57 UTC 2019
2 ms. Memory: 279040K Free: 267290K (96%)
ptolemy.util.test.WatchDog.cancel(): canceling Sun Jan 13 03:16:57 UTC 2019
auto.tcl: Setting watchdog for 200 seconds at Sun Jan 13 03:16:57 UTC 2019
2 ms. Memory: 279040K Free: 267290K (96%)
ptolemy.util.test.WatchDog.cancel(): canceling Sun Jan 13 03:16:57 UTC 2019
------------------ testing $PTII/ptolemy/domains/de/test/auto/TimerZeroDelay.xml
auto.tcl: Setting watchdog for 200 seconds at Sun Jan 13 03:16:57 UTC 2019
3 ms. Memory: 278528K Free: 266877K (96%)
ptolemy.util.test.WatchDog.cancel(): canceling Sun Jan 13 03:16:57 UTC 2019
auto.tcl: Setting watchdog for 200 seconds at Sun Jan 13 03:16:57 UTC 2019
2 ms. Memory: 278528K Free: 266877K (96%)
ptolemy.util.test.WatchDog.cancel(): canceling Sun Jan 13 03:16:57 UTC 2019
------------------ testing $PTII/ptolemy/domains/de/test/auto/TimingParadox.xml
auto.tcl: Setting watchdog for 200 seconds at Sun Jan 13 03:16:57 UTC 2019
330 ms. Memory: 279040K Free: 201724K (72%)
ptolemy.util.test.WatchDog.cancel(): canceling Sun Jan 13 03:16:57 UTC 2019
auto.tcl: Setting watchdog for 200 seconds at Sun Jan 13 03:16:57 UTC 2019
320 ms. Memory: 279040K Free: 167251K (60%)
ptolemy.util.test.WatchDog.cancel(): canceling Sun Jan 13 03:16:58 UTC 2019
------------------ testing $PTII/ptolemy/domains/de/test/auto/TransferInputs.xml
auto.tcl: Setting watchdog for 200 seconds at Sun Jan 13 03:16:58 UTC 2019
6 ms. Memory: 279040K Free: 266246K (95%)
ptolemy.util.test.WatchDog.cancel(): canceling Sun Jan 13 03:16:58 UTC 2019
auto.tcl: Setting watchdog for 200 seconds at Sun Jan 13 03:16:58 UTC 2019
2 ms. Memory: 279040K Free: 266246K (95%)
ptolemy.util.test.WatchDog.cancel(): canceling Sun Jan 13 03:16:58 UTC 2019
------------------ testing $PTII/ptolemy/domains/de/test/auto/TransferOutputs2.xml
auto.tcl: Setting watchdog for 200 seconds at Sun Jan 13 03:16:58 UTC 2019
2 ms. Memory: 278528K Free: 262360K (94%)
ptolemy.util.test.WatchDog.cancel(): canceling Sun Jan 13 03:16:58 UTC 2019
auto.tcl: Setting watchdog for 200 seconds at Sun Jan 13 03:16:58 UTC 2019
3 ms. Memory: 278528K Free: 259854K (93%)
ptolemy.util.test.WatchDog.cancel(): canceling Sun Jan 13 03:16:58 UTC 2019
------------------ testing $PTII/ptolemy/domains/de/test/auto/Trilateration.xml
auto.tcl: Setting watchdog for 200 seconds at Sun Jan 13 03:16:58 UTC 2019
12881 ms. Memory: 542720K Free: 146693K (27%)
ptolemy.util.test.WatchDog.cancel(): canceling Sun Jan 13 03:17:12 UTC 2019
auto.tcl: Setting watchdog for 200 seconds at Sun Jan 13 03:17:12 UTC 2019
10188 ms. Memory: 411136K Free: 239950K (58%)
ptolemy.util.test.WatchDog.cancel(): canceling Sun Jan 13 03:17:22 UTC 2019
------------------ testing $PTII/ptolemy/domains/de/test/auto/TwoSigmaDelta.xml
auto.tcl: Setting watchdog for 200 seconds at Sun Jan 13 03:17:22 UTC 2019
2480 ms. Memory: 414208K Free: 108058K (26%)
ptolemy.util.test.WatchDog.cancel(): canceling Sun Jan 13 03:17:25 UTC 2019
auto.tcl: Setting watchdog for 200 seconds at Sun Jan 13 03:17:25 UTC 2019
1949 ms. Memory: 396800K Free: 194517K (49%)
ptolemy.util.test.WatchDog.cancel(): canceling Sun Jan 13 03:17:27 UTC 2019
------------------ testing $PTII/ptolemy/domains/de/test/auto/VariableDelay.xml
auto.tcl: Setting watchdog for 200 seconds at Sun Jan 13 03:17:27 UTC 2019
3 ms. Memory: 396288K Free: 379687K (96%)
ptolemy.util.test.WatchDog.cancel(): canceling Sun Jan 13 03:17:27 UTC 2019
auto.tcl: Setting watchdog for 200 seconds at Sun Jan 13 03:17:27 UTC 2019
1 ms. Memory: 396288K Free: 379687K (96%)
ptolemy.util.test.WatchDog.cancel(): canceling Sun Jan 13 03:17:27 UTC 2019
------------------ testing $PTII/ptolemy/domains/de/test/auto/VariableDelay2.xml
auto.tcl: Setting watchdog for 200 seconds at Sun Jan 13 03:17:27 UTC 2019
2 ms. Memory: 396288K Free: 383245K (97%)
ptolemy.util.test.WatchDog.cancel(): canceling Sun Jan 13 03:17:27 UTC 2019
auto.tcl: Setting watchdog for 200 seconds at Sun Jan 13 03:17:27 UTC 2019
2 ms. Memory: 396288K Free: 383245K (97%)
ptolemy.util.test.WatchDog.cancel(): canceling Sun Jan 13 03:17:27 UTC 2019
------------------ testing $PTII/ptolemy/domains/de/test/auto/VariableDelayZeroDelay.xml
auto.tcl: Setting watchdog for 200 seconds at Sun Jan 13 03:17:27 UTC 2019
1 ms. Memory: 398336K Free: 382144K (96%)
ptolemy.util.test.WatchDog.cancel(): canceling Sun Jan 13 03:17:27 UTC 2019
auto.tcl: Setting watchdog for 200 seconds at Sun Jan 13 03:17:27 UTC 2019
2 ms. Memory: 398336K Free: 382144K (96%)
ptolemy.util.test.WatchDog.cancel(): canceling Sun Jan 13 03:17:27 UTC 2019
------------------ testing $PTII/ptolemy/domains/de/test/auto/VariableDelayZeroDelay2.xml
auto.tcl: Setting watchdog for 200 seconds at Sun Jan 13 03:17:27 UTC 2019
2 ms. Memory: 396288K Free: 380094K (96%)
ptolemy.util.test.WatchDog.cancel(): canceling Sun Jan 13 03:17:27 UTC 2019
auto.tcl: Setting watchdog for 200 seconds at Sun Jan 13 03:17:27 UTC 2019
2 ms. Memory: 396288K Free: 380094K (96%)
ptolemy.util.test.WatchDog.cancel(): canceling Sun Jan 13 03:17:27 UTC 2019
------------------ testing $PTII/ptolemy/domains/de/test/auto/deInCt.xml
auto.tcl: Setting watchdog for 200 seconds at Sun Jan 13 03:17:27 UTC 2019
0
1
1
0
0
0
1
1
1
1
0
0
0
1
1
1
0
0
0
1
1
1
0
0
0
1
1
1
1
0
0
0
1
1
1
0
0
0
0
7 ms. Memory: 398336K Free: 382134K (96%)
ptolemy.util.test.WatchDog.cancel(): canceling Sun Jan 13 03:17:27 UTC 2019
auto.tcl: Setting watchdog for 200 seconds at Sun Jan 13 03:17:27 UTC 2019
0
1
1
1
0
0
1
1
1
1
1
0
0
0
1
1
1
0
0
1
1
1
0
0
0
0
1
1
1
1
1
0
0
0
1
1
1
0
0
0
0
5 ms. Memory: 398336K Free: 377112K (95%)
ptolemy.util.test.WatchDog.cancel(): canceling Sun Jan 13 03:17:27 UTC 2019
------------------ testing $PTII/ptolemy/domains/de/test/auto/deInCt2.xml
auto.tcl: Setting watchdog for 200 seconds at Sun Jan 13 03:17:27 UTC 2019
0
1
1
1
0
0
1
1
1
0
0
1
1
1
0
0
1
1
1
0
0
1
1
1
0
0
1
1
1
0
0
1
1
1
0
0
1
1
1
0
0
0
12 ms. Memory: 396288K Free: 380086K (96%)
ptolemy.util.test.WatchDog.cancel(): canceling Sun Jan 13 03:17:27 UTC 2019
auto.tcl: Setting watchdog for 200 seconds at Sun Jan 13 03:17:27 UTC 2019
0
1
1
1
0
0
1
1
1
0
0
1
1
1
0
0
1
1
1
0
0
1
1
1
0
0
1
1
1
0
0
1
1
1
0
0
1
1
1
0
0
0
9 ms. Memory: 396288K Free: 375072K (95%)
ptolemy.util.test.WatchDog.cancel(): canceling Sun Jan 13 03:17:27 UTC 2019
------------------ testing $PTII/ptolemy/domains/de/test/auto/dynamicCausalityInterface1.xml
auto.tcl: Setting watchdog for 200 seconds at Sun Jan 13 03:17:27 UTC 2019
1 ms. Memory: 397824K Free: 379749K (95%)
ptolemy.util.test.WatchDog.cancel(): canceling Sun Jan 13 03:17:27 UTC 2019
auto.tcl: Setting watchdog for 200 seconds at Sun Jan 13 03:17:27 UTC 2019
1 ms. Memory: 397824K Free: 374736K (94%)
ptolemy.util.test.WatchDog.cancel(): canceling Sun Jan 13 03:17:27 UTC 2019
------------------ testing $PTII/ptolemy/domains/de/test/auto/fsm_de_test.xml
auto.tcl: Setting watchdog for 200 seconds at Sun Jan 13 03:17:27 UTC 2019
5 ms. Memory: 396288K Free: 374960K (95%)
ptolemy.util.test.WatchDog.cancel(): canceling Sun Jan 13 03:17:27 UTC 2019
auto.tcl: Setting watchdog for 200 seconds at Sun Jan 13 03:17:27 UTC 2019
4 ms. Memory: 396288K Free: 374960K (95%)
ptolemy.util.test.WatchDog.cancel(): canceling Sun Jan 13 03:17:27 UTC 2019
------------------ testing $PTII/ptolemy/domains/de/test/auto/functionDependencyReconstruction.xml
auto.tcl: Setting watchdog for 200 seconds at Sun Jan 13 03:17:27 UTC 2019
2 ms. Memory: 397824K Free: 366435K (92%)
ptolemy.util.test.WatchDog.cancel(): canceling Sun Jan 13 03:17:27 UTC 2019
auto.tcl: Setting watchdog for 200 seconds at Sun Jan 13 03:17:27 UTC 2019
2 ms. Memory: 397824K Free: 366435K (92%)
ptolemy.util.test.WatchDog.cancel(): canceling Sun Jan 13 03:17:27 UTC 2019
------------------ testing $PTII/ptolemy/domains/de/test/auto/multirate.xml
auto.tcl: Setting watchdog for 200 seconds at Sun Jan 13 03:17:27 UTC 2019
3 ms. Memory: 396288K Free: 374819K (95%)
ptolemy.util.test.WatchDog.cancel(): canceling Sun Jan 13 03:17:27 UTC 2019
auto.tcl: Setting watchdog for 200 seconds at Sun Jan 13 03:17:27 UTC 2019
2 ms. Memory: 396288K Free: 374814K (95%)
ptolemy.util.test.WatchDog.cancel(): canceling Sun Jan 13 03:17:27 UTC 2019
------------------ testing $PTII/ptolemy/domains/de/test/auto/multirate2.xml
auto.tcl: Setting watchdog for 200 seconds at Sun Jan 13 03:17:27 UTC 2019
6 ms. Memory: 397312K Free: 376031K (95%)
ptolemy.util.test.WatchDog.cancel(): canceling Sun Jan 13 03:17:27 UTC 2019
auto.tcl: Setting watchdog for 200 seconds at Sun Jan 13 03:17:27 UTC 2019
2 ms. Memory: 397312K Free: 376031K (95%)
ptolemy.util.test.WatchDog.cancel(): canceling Sun Jan 13 03:17:27 UTC 2019
------------------ testing $PTII/ptolemy/domains/de/test/auto/realtime.xml
auto.tcl: Setting watchdog for 200 seconds at Sun Jan 13 03:17:27 UTC 2019
10002 ms. Memory: 396288K Free: 380030K (96%)
ptolemy.util.test.WatchDog.cancel(): canceling Sun Jan 13 03:17:37 UTC 2019
auto.tcl: Setting watchdog for 200 seconds at Sun Jan 13 03:17:37 UTC 2019
10002 ms. Memory: 396288K Free: 380030K (96%)
ptolemy.util.test.WatchDog.cancel(): canceling Sun Jan 13 03:17:47 UTC 2019
------------------ testing $PTII/ptolemy/domains/de/test/auto/relationGroup.xml
auto.tcl: Setting watchdog for 200 seconds at Sun Jan 13 03:17:48 UTC 2019
2 ms. Memory: 397312K Free: 384234K (97%)
ptolemy.util.test.WatchDog.cancel(): canceling Sun Jan 13 03:17:48 UTC 2019
auto.tcl: Setting watchdog for 200 seconds at Sun Jan 13 03:17:48 UTC 2019
1 ms. Memory: 397312K Free: 384234K (97%)
ptolemy.util.test.WatchDog.cancel(): canceling Sun Jan 13 03:17:48 UTC 2019
------------------ testing $PTII/ptolemy/domains/de/test/auto/relationGroup2.xml
auto.tcl: Setting watchdog for 200 seconds at Sun Jan 13 03:17:48 UTC 2019
1 ms. Memory: 396288K Free: 380087K (96%)
ptolemy.util.test.WatchDog.cancel(): canceling Sun Jan 13 03:17:48 UTC 2019
auto.tcl: Setting watchdog for 200 seconds at Sun Jan 13 03:17:48 UTC 2019
2 ms. Memory: 396288K Free: 380087K (96%)
ptolemy.util.test.WatchDog.cancel(): canceling Sun Jan 13 03:17:48 UTC 2019
------------------ testing $PTII/ptolemy/domains/de/test/auto/sortWithOpaquePorts.xml
auto.tcl: Setting watchdog for 200 seconds at Sun Jan 13 03:17:48 UTC 2019
2 ms. Memory: 397312K Free: 381112K (96%)
ptolemy.util.test.WatchDog.cancel(): canceling Sun Jan 13 03:17:48 UTC 2019
auto.tcl: Setting watchdog for 200 seconds at Sun Jan 13 03:17:48 UTC 2019
1 ms. Memory: 397312K Free: 381112K (96%)
ptolemy.util.test.WatchDog.cancel(): canceling Sun Jan 13 03:17:48 UTC 2019
------------------ testing $PTII/ptolemy/domains/de/test/auto/transferInputsandOutputs.xml
auto.tcl: Setting watchdog for 200 seconds at Sun Jan 13 03:17:48 UTC 2019
1 ms. Memory: 396288K Free: 375062K (95%)
ptolemy.util.test.WatchDog.cancel(): canceling Sun Jan 13 03:17:48 UTC 2019
auto.tcl: Setting watchdog for 200 seconds at Sun Jan 13 03:17:48 UTC 2019
2 ms. Memory: 396288K Free: 375062K (95%)
ptolemy.util.test.WatchDog.cancel(): canceling Sun Jan 13 03:17:48 UTC 2019
------------------ testing $PTII/ptolemy/domains/de/test/auto/triggerType.xml
auto.tcl: Setting watchdog for 200 seconds at Sun Jan 13 03:17:48 UTC 2019
2 ms. Memory: 396800K Free: 380539K (96%)
ptolemy.util.test.WatchDog.cancel(): canceling Sun Jan 13 03:17:48 UTC 2019
auto.tcl: Setting watchdog for 200 seconds at Sun Jan 13 03:17:48 UTC 2019
1 ms. Memory: 396800K Free: 380539K (96%)
ptolemy.util.test.WatchDog.cancel(): canceling Sun Jan 13 03:17:48 UTC 2019
01/13/19 03:17:48
Failed: 0  Total Tests: 192  ((Passed: 187, Newly Passed: 1)  Known Failed: 5) /home/travis/build/icyphy/ptII/ptolemy/domains/de/test
01/13/19 03:17:48
Failed: 0  Total Tests: 192  ((Passed: 187, Newly Passed: 1)  Known Failed: 5) /home/travis/build/icyphy/ptII/ptolemy/domains/de/test
----------------- testing (KnownFailure) /home/travis/build/icyphy/ptII/ptolemy/domains/de/test/auto/knownFailedTests/DESDFClockTest.xml
2015 ms. Memory: 396288K Free: 367464K (93%)
Known Failure: java.lang.reflect.InvocationTargetException
----------------- testing (KnownFailure) /home/travis/build/icyphy/ptII/ptolemy/domains/de/test/auto/knownFailedTests/DirectFeedback.xml
1 ms. Memory: 396288K Free: 342274K (86%)
Known Failure: java.lang.reflect.InvocationTargetException
----------------- testing (KnownFailure) /home/travis/build/icyphy/ptII/ptolemy/domains/de/test/auto/knownFailedTests/FSMSource.xml
11 ms. Memory: 396288K Free: 317083K (80%)
----------------- testing (KnownFailure) /home/travis/build/icyphy/ptII/ptolemy/domains/de/test/auto/knownFailedTests/HierarchicalModel.xml
3 ms. Memory: 396288K Free: 291876K (74%)
Known Failure: java.lang.reflect.InvocationTargetException
----------------- testing (KnownFailure) /home/travis/build/icyphy/ptII/ptolemy/domains/de/test/auto/knownFailedTests/dependencyLoop.xml
1 ms. Memory: 396288K Free: 254090K (64%)
Known Failure: java.lang.reflect.InvocationTargetException
----------------- testing (KnownFailure) /home/travis/build/icyphy/ptII/ptolemy/domains/de/test/auto/knownFailedTests/dependencyLoop2.xml
2 ms. Memory: 396288K Free: 216288K (55%)
Known Failure: java.lang.reflect.InvocationTargetException
No auto/linux-amd64/*.xml tests in /home/travis/build/icyphy/ptII/ptolemy/domains/de/test
AutoTests.java: About to close Vertx.
AutoTests.java: Vertx closed.

===========================================================================================
----------------- testing Sun Jan 13 03:17:50 UTC 2019 /home/travis/build/icyphy/ptII/ptolemy/domains/de/test/auto/ActorDepthCalculation_actorWithoutPorts.xml
----------------- Instantiating /home/travis/build/icyphy/ptII/ptolemy/domains/de/test/auto/ActorDepthCalculation_actorWithoutPorts.xml
2 ms. Memory: 396288K Free: 184800K (47%)
----------------- Invoking toplevel() on ptolemy.moml.MoMLSimpleApplication@7669e81e
----------------- Done invoking toplevel() on ptolemy.moml.MoMLSimpleApplication@7669e81e
reloadAllAccessors: .ActorDepthCalculation_actorWithoutPorts

===========================================================================================
----------------- testing Sun Jan 13 03:17:50 UTC 2019 /home/travis/build/icyphy/ptII/ptolemy/domains/de/test/auto/AssemblyLine.xml
----------------- Instantiating /home/travis/build/icyphy/ptII/ptolemy/domains/de/test/auto/AssemblyLine.xml
2 ms. Memory: 396288K Free: 165907K (42%)
----------------- Invoking toplevel() on ptolemy.moml.MoMLSimpleApplication@3856730c
----------------- Done invoking toplevel() on ptolemy.moml.MoMLSimpleApplication@3856730c
reloadAllAccessors: .AssemblyLine

===========================================================================================
----------------- testing Sun Jan 13 03:17:50 UTC 2019 /home/travis/build/icyphy/ptII/ptolemy/domains/de/test/auto/CQBug1.xml
----------------- Instantiating /home/travis/build/icyphy/ptII/ptolemy/domains/de/test/auto/CQBug1.xml
1 ms. Memory: 396288K Free: 153312K (39%)
----------------- Invoking toplevel() on ptolemy.moml.MoMLSimpleApplication@c10bf18
----------------- Done invoking toplevel() on ptolemy.moml.MoMLSimpleApplication@c10bf18
reloadAllAccessors: .CQBug1

===========================================================================================
----------------- testing Sun Jan 13 03:17:50 UTC 2019 /home/travis/build/icyphy/ptII/ptolemy/domains/de/test/auto/CancelFireAt.xml
----------------- Instantiating /home/travis/build/icyphy/ptII/ptolemy/domains/de/test/auto/CancelFireAt.xml
1 ms. Memory: 396288K Free: 140717K (36%)
----------------- Invoking toplevel() on ptolemy.moml.MoMLSimpleApplication@33501f36
----------------- Done invoking toplevel() on ptolemy.moml.MoMLSimpleApplication@33501f36
reloadAllAccessors: .CancelFireAt

===========================================================================================
----------------- testing Sun Jan 13 03:17:50 UTC 2019 /home/travis/build/icyphy/ptII/ptolemy/domains/de/test/auto/CausalityAndComposabilityAnalysis.xml
----------------- Instantiating /home/travis/build/icyphy/ptII/ptolemy/domains/de/test/auto/CausalityAndComposabilityAnalysis.xml
2 ms. Memory: 396288K Free: 128121K (32%)
----------------- Invoking toplevel() on ptolemy.moml.MoMLSimpleApplication@547c6a25
----------------- Done invoking toplevel() on ptolemy.moml.MoMLSimpleApplication@547c6a25
reloadAllAccessors: .CausalityAndComposabilityAnalysis

===========================================================================================
----------------- testing Sun Jan 13 03:17:50 UTC 2019 /home/travis/build/icyphy/ptII/ptolemy/domains/de/test/auto/CausalityInterface1.xml
----------------- Instantiating /home/travis/build/icyphy/ptII/ptolemy/domains/de/test/auto/CausalityInterface1.xml
3 ms. Memory: 396288K Free: 115526K (29%)
----------------- Invoking toplevel() on ptolemy.moml.MoMLSimpleApplication@5811e32f
----------------- Done invoking toplevel() on ptolemy.moml.MoMLSimpleApplication@5811e32f
reloadAllAccessors: .CausalityInterface1

===========================================================================================
----------------- testing Sun Jan 13 03:17:50 UTC 2019 /home/travis/build/icyphy/ptII/ptolemy/domains/de/test/auto/CausalityInterface15.xml
----------------- Instantiating /home/travis/build/icyphy/ptII/ptolemy/domains/de/test/auto/CausalityInterface15.xml
1 ms. Memory: 396288K Free: 102931K (26%)
----------------- Invoking toplevel() on ptolemy.moml.MoMLSimpleApplication@5c23ff75
----------------- Done invoking toplevel() on ptolemy.moml.MoMLSimpleApplication@5c23ff75
reloadAllAccessors: .CausalityInterface15

===========================================================================================
----------------- testing Sun Jan 13 03:17:50 UTC 2019 /home/travis/build/icyphy/ptII/ptolemy/domains/de/test/auto/CausalityInterface2.xml
----------------- Instantiating /home/travis/build/icyphy/ptII/ptolemy/domains/de/test/auto/CausalityInterface2.xml
1 ms. Memory: 396288K Free: 90336K (23%)
----------------- Invoking toplevel() on ptolemy.moml.MoMLSimpleApplication@2bbed7e6
----------------- Done invoking toplevel() on ptolemy.moml.MoMLSimpleApplication@2bbed7e6
reloadAllAccessors: .CausalityInterface2

===========================================================================================
----------------- testing Sun Jan 13 03:17:50 UTC 2019 /home/travis/build/icyphy/ptII/ptolemy/domains/de/test/auto/CausalityInterface3.xml
----------------- Instantiating /home/travis/build/icyphy/ptII/ptolemy/domains/de/test/auto/CausalityInterface3.xml
1 ms. Memory: 396288K Free: 77740K (20%)
----------------- Invoking toplevel() on ptolemy.moml.MoMLSimpleApplication@737ce4c2
----------------- Done invoking toplevel() on ptolemy.moml.MoMLSimpleApplication@737ce4c2
reloadAllAccessors: .CausalityInterface3

===========================================================================================
----------------- testing Sun Jan 13 03:17:50 UTC 2019 /home/travis/build/icyphy/ptII/ptolemy/domains/de/test/auto/ClockDrift.xml
----------------- Instantiating /home/travis/build/icyphy/ptII/ptolemy/domains/de/test/auto/ClockDrift.xml
11 ms. Memory: 382464K Free: 359259K (94%)
----------------- Invoking toplevel() on ptolemy.moml.MoMLSimpleApplication@4d78f9bf
----------------- Done invoking toplevel() on ptolemy.moml.MoMLSimpleApplication@4d78f9bf
reloadAllAccessors: .ClockDrift

===========================================================================================
----------------- testing Sun Jan 13 03:17:50 UTC 2019 /home/travis/build/icyphy/ptII/ptolemy/domains/de/test/auto/ClockDriftAndValueChange.xml
----------------- Instantiating /home/travis/build/icyphy/ptII/ptolemy/domains/de/test/auto/ClockDriftAndValueChange.xml
11 ms. Memory: 382464K Free: 338074K (88%)
----------------- Invoking toplevel() on ptolemy.moml.MoMLSimpleApplication@6d9dbaae
----------------- Done invoking toplevel() on ptolemy.moml.MoMLSimpleApplication@6d9dbaae
reloadAllAccessors: .ClockDriftAndValueChange

===========================================================================================
----------------- testing Sun Jan 13 03:17:50 UTC 2019 /home/travis/build/icyphy/ptII/ptolemy/domains/de/test/auto/ClockDriftChange.xml
----------------- Instantiating /home/travis/build/icyphy/ptII/ptolemy/domains/de/test/auto/ClockDriftChange.xml
9 ms. Memory: 382464K Free: 320042K (84%)
----------------- Invoking toplevel() on ptolemy.moml.MoMLSimpleApplication@3c235776
----------------- Done invoking toplevel() on ptolemy.moml.MoMLSimpleApplication@3c235776
reloadAllAccessors: .ClockDriftChange

===========================================================================================
----------------- testing Sun Jan 13 03:17:50 UTC 2019 /home/travis/build/icyphy/ptII/ptolemy/domains/de/test/auto/ComposableCausalityAnalysis.xml
----------------- Instantiating /home/travis/build/icyphy/ptII/ptolemy/domains/de/test/auto/ComposableCausalityAnalysis.xml
1 ms. Memory: 382464K Free: 308020K (81%)
----------------- Invoking toplevel() on ptolemy.moml.MoMLSimpleApplication@52dc893f
----------------- Done invoking toplevel() on ptolemy.moml.MoMLSimpleApplication@52dc893f
reloadAllAccessors: .ComposableCausalityAnalysis

===========================================================================================
----------------- testing Sun Jan 13 03:17:50 UTC 2019 /home/travis/build/icyphy/ptII/ptolemy/domains/de/test/auto/DEFixedPointLimitation.xml
----------------- Instantiating /home/travis/build/icyphy/ptII/ptolemy/domains/de/test/auto/DEFixedPointLimitation.xml
0 ms. Memory: 382464K Free: 295998K (77%)
----------------- Invoking toplevel() on ptolemy.moml.MoMLSimpleApplication@7563b30e
----------------- Done invoking toplevel() on ptolemy.moml.MoMLSimpleApplication@7563b30e
reloadAllAccessors: .DEFixedPointLimitation

===========================================================================================
----------------- testing Sun Jan 13 03:17:50 UTC 2019 /home/travis/build/icyphy/ptII/ptolemy/domains/de/test/auto/DEScheduleTest.xml
----------------- Instantiating /home/travis/build/icyphy/ptII/ptolemy/domains/de/test/auto/DEScheduleTest.xml
2 ms. Memory: 382464K Free: 283976K (74%)
----------------- Invoking toplevel() on ptolemy.moml.MoMLSimpleApplication@5a39ee85
----------------- Done invoking toplevel() on ptolemy.moml.MoMLSimpleApplication@5a39ee85
reloadAllAccessors: .DEScheduleTest

===========================================================================================
----------------- testing Sun Jan 13 03:17:50 UTC 2019 /home/travis/build/icyphy/ptII/ptolemy/domains/de/test/auto/DEinDEwithStartTimes.xml
----------------- Instantiating /home/travis/build/icyphy/ptII/ptolemy/domains/de/test/auto/DEinDEwithStartTimes.xml
2 ms. Memory: 382464K Free: 271954K (71%)
----------------- Invoking toplevel() on ptolemy.moml.MoMLSimpleApplication@46215240
----------------- Done invoking toplevel() on ptolemy.moml.MoMLSimpleApplication@46215240
reloadAllAccessors: .DEinDEwithStartTimes

===========================================================================================
----------------- testing Sun Jan 13 03:17:50 UTC 2019 /home/travis/build/icyphy/ptII/ptolemy/domains/de/test/auto/DEinDEwithStartTimes2.xml
----------------- Instantiating /home/travis/build/icyphy/ptII/ptolemy/domains/de/test/auto/DEinDEwithStartTimes2.xml
2 ms. Memory: 382464K Free: 256788K (67%)
----------------- Invoking toplevel() on ptolemy.moml.MoMLSimpleApplication@2b30107f
----------------- Done invoking toplevel() on ptolemy.moml.MoMLSimpleApplication@2b30107f
reloadAllAccessors: .DEinDEwithStartTimes2

===========================================================================================
----------------- testing Sun Jan 13 03:17:50 UTC 2019 /home/travis/build/icyphy/ptII/ptolemy/domains/de/test/auto/DateDemo.xml
----------------- Instantiating /home/travis/build/icyphy/ptII/ptolemy/domains/de/test/auto/DateDemo.xml
4 ms. Memory: 382464K Free: 238740K (62%)
----------------- Invoking toplevel() on ptolemy.moml.MoMLSimpleApplication@7a45683d
----------------- Done invoking toplevel() on ptolemy.moml.MoMLSimpleApplication@7a45683d
reloadAllAccessors: .DateDemo

===========================================================================================
----------------- testing Sun Jan 13 03:17:50 UTC 2019 /home/travis/build/icyphy/ptII/ptolemy/domains/de/test/auto/DateToEvent.xml
----------------- Instantiating /home/travis/build/icyphy/ptII/ptolemy/domains/de/test/auto/DateToEvent.xml
2004 ms. Memory: 382464K Free: 214680K (56%)
----------------- Invoking toplevel() on ptolemy.moml.MoMLSimpleApplication@6661485e
----------------- Done invoking toplevel() on ptolemy.moml.MoMLSimpleApplication@6661485e
reloadAllAccessors: .DateToEvent

===========================================================================================
----------------- testing Sun Jan 13 03:17:52 UTC 2019 /home/travis/build/icyphy/ptII/ptolemy/domains/de/test/auto/DepthTest1.xml
----------------- Instantiating /home/travis/build/icyphy/ptII/ptolemy/domains/de/test/auto/DepthTest1.xml
0 ms. Memory: 382464K Free: 202658K (53%)
----------------- Invoking toplevel() on ptolemy.moml.MoMLSimpleApplication@57c1c12d
----------------- Done invoking toplevel() on ptolemy.moml.MoMLSimpleApplication@57c1c12d
reloadAllAccessors: .DepthTest1

===========================================================================================
----------------- testing Sun Jan 13 03:17:52 UTC 2019 /home/travis/build/icyphy/ptII/ptolemy/domains/de/test/auto/DepthTest2.xml
----------------- Instantiating /home/travis/build/icyphy/ptII/ptolemy/domains/de/test/auto/DepthTest2.xml
9 ms. Memory: 382464K Free: 184623K (48%)
----------------- Invoking toplevel() on ptolemy.moml.MoMLSimpleApplication@3d23adcd
----------------- Done invoking toplevel() on ptolemy.moml.MoMLSimpleApplication@3d23adcd
reloadAllAccessors: .DepthTest2

===========================================================================================
----------------- testing Sun Jan 13 03:17:52 UTC 2019 /home/travis/build/icyphy/ptII/ptolemy/domains/de/test/auto/DepthTest3.xml
----------------- Instantiating /home/travis/build/icyphy/ptII/ptolemy/domains/de/test/auto/DepthTest3.xml
1 ms. Memory: 382464K Free: 172602K (45%)
----------------- Invoking toplevel() on ptolemy.moml.MoMLSimpleApplication@68429f06
----------------- Done invoking toplevel() on ptolemy.moml.MoMLSimpleApplication@68429f06
reloadAllAccessors: .DepthTest3

===========================================================================================
----------------- testing Sun Jan 13 03:17:52 UTC 2019 /home/travis/build/icyphy/ptII/ptolemy/domains/de/test/auto/DepthTest4.xml
----------------- Instantiating /home/travis/build/icyphy/ptII/ptolemy/domains/de/test/auto/DepthTest4.xml
1 ms. Memory: 382464K Free: 160580K (42%)
----------------- Invoking toplevel() on ptolemy.moml.MoMLSimpleApplication@4934812a
----------------- Done invoking toplevel() on ptolemy.moml.MoMLSimpleApplication@4934812a
reloadAllAccessors: .DepthTest4

===========================================================================================
----------------- testing Sun Jan 13 03:17:52 UTC 2019 /home/travis/build/icyphy/ptII/ptolemy/domains/de/test/auto/DepthTest5.xml
----------------- Instantiating /home/travis/build/icyphy/ptII/ptolemy/domains/de/test/auto/DepthTest5.xml
1 ms. Memory: 382464K Free: 145413K (38%)
----------------- Invoking toplevel() on ptolemy.moml.MoMLSimpleApplication@1470592e
----------------- Done invoking toplevel() on ptolemy.moml.MoMLSimpleApplication@1470592e
reloadAllAccessors: .DepthTest5

===========================================================================================
----------------- testing Sun Jan 13 03:17:52 UTC 2019 /home/travis/build/icyphy/ptII/ptolemy/domains/de/test/auto/DepthTest6.xml
----------------- Instantiating /home/travis/build/icyphy/ptII/ptolemy/domains/de/test/auto/DepthTest6.xml
1 ms. Memory: 382464K Free: 133392K (35%)
----------------- Invoking toplevel() on ptolemy.moml.MoMLSimpleApplication@45f0a97d
----------------- Done invoking toplevel() on ptolemy.moml.MoMLSimpleApplication@45f0a97d
reloadAllAccessors: .DepthTest6

===========================================================================================
----------------- testing Sun Jan 13 03:17:52 UTC 2019 /home/travis/build/icyphy/ptII/ptolemy/domains/de/test/auto/DepthTest7.xml
----------------- Instantiating /home/travis/build/icyphy/ptII/ptolemy/domains/de/test/auto/DepthTest7.xml
1 ms. Memory: 382464K Free: 121370K (32%)
----------------- Invoking toplevel() on ptolemy.moml.MoMLSimpleApplication@7f7c08c2
----------------- Done invoking toplevel() on ptolemy.moml.MoMLSimpleApplication@7f7c08c2
reloadAllAccessors: .DepthTest7

===========================================================================================
----------------- testing Sun Jan 13 03:17:52 UTC 2019 /home/travis/build/icyphy/ptII/ptolemy/domains/de/test/auto/EventToDate.xml
----------------- Instantiating /home/travis/build/icyphy/ptII/ptolemy/domains/de/test/auto/EventToDate.xml
3002 ms. Memory: 382464K Free: 97310K (25%)
----------------- Invoking toplevel() on ptolemy.moml.MoMLSimpleApplication@263d6580
----------------- Done invoking toplevel() on ptolemy.moml.MoMLSimpleApplication@263d6580
reloadAllAccessors: .EventToDate

===========================================================================================
----------------- testing Sun Jan 13 03:17:55 UTC 2019 /home/travis/build/icyphy/ptII/ptolemy/domains/de/test/auto/FSM1.xml
----------------- Instantiating /home/travis/build/icyphy/ptII/ptolemy/domains/de/test/auto/FSM1.xml
6 ms. Memory: 382464K Free: 79262K (21%)
----------------- Invoking toplevel() on ptolemy.moml.MoMLSimpleApplication@5212d004
----------------- Done invoking toplevel() on ptolemy.moml.MoMLSimpleApplication@5212d004
reloadAllAccessors: .FSM1

===========================================================================================
----------------- testing Sun Jan 13 03:17:55 UTC 2019 /home/travis/build/icyphy/ptII/ptolemy/domains/de/test/auto/FSM7.xml
----------------- Instantiating /home/travis/build/icyphy/ptII/ptolemy/domains/de/test/auto/FSM7.xml
11 ms. Memory: 369152K Free: 349077K (95%)
----------------- Invoking toplevel() on ptolemy.moml.MoMLSimpleApplication@5c6a320d
----------------- Done invoking toplevel() on ptolemy.moml.MoMLSimpleApplication@5c6a320d
reloadAllAccessors: .FSM7

===========================================================================================
----------------- testing Sun Jan 13 03:17:56 UTC 2019 /home/travis/build/icyphy/ptII/ptolemy/domains/de/test/auto/Inspection.xml
----------------- Instantiating /home/travis/build/icyphy/ptII/ptolemy/domains/de/test/auto/Inspection.xml
15 ms. Memory: 369152K Free: 329797K (89%)
----------------- Invoking toplevel() on ptolemy.moml.MoMLSimpleApplication@1dd651e3
----------------- Done invoking toplevel() on ptolemy.moml.MoMLSimpleApplication@1dd651e3
reloadAllAccessors: .Inspection

===========================================================================================
----------------- testing Sun Jan 13 03:17:56 UTC 2019 /home/travis/build/icyphy/ptII/ptolemy/domains/de/test/auto/Iteration.xml
----------------- Instantiating /home/travis/build/icyphy/ptII/ptolemy/domains/de/test/auto/Iteration.xml
3 ms. Memory: 369152K Free: 318274K (86%)
----------------- Invoking toplevel() on ptolemy.moml.MoMLSimpleApplication@5eb8e29
----------------- Done invoking toplevel() on ptolemy.moml.MoMLSimpleApplication@5eb8e29
reloadAllAccessors: .Iteration

===========================================================================================
----------------- testing Sun Jan 13 03:17:56 UTC 2019 /home/travis/build/icyphy/ptII/ptolemy/domains/de/test/auto/LineFault.xml
----------------- Instantiating /home/travis/build/icyphy/ptII/ptolemy/domains/de/test/auto/LineFault.xml
303 ms. Memory: 369152K Free: 197435K (53%)
----------------- Invoking toplevel() on ptolemy.moml.MoMLSimpleApplication@3236db9b
----------------- Done invoking toplevel() on ptolemy.moml.MoMLSimpleApplication@3236db9b
reloadAllAccessors: .LineFault

===========================================================================================
----------------- testing Sun Jan 13 03:17:56 UTC 2019 /home/travis/build/icyphy/ptII/ptolemy/domains/de/test/auto/MergeModel1Add.xml
----------------- Instantiating /home/travis/build/icyphy/ptII/ptolemy/domains/de/test/auto/MergeModel1Add.xml
4 ms. Memory: 369152K Free: 174400K (47%)
----------------- Invoking toplevel() on ptolemy.moml.MoMLSimpleApplication@1089b0bb
----------------- Done invoking toplevel() on ptolemy.moml.MoMLSimpleApplication@1089b0bb
reloadAllAccessors: .MergeModel1Add

===========================================================================================
----------------- testing Sun Jan 13 03:17:56 UTC 2019 /home/travis/build/icyphy/ptII/ptolemy/domains/de/test/auto/MergeModel2Add.xml
----------------- Instantiating /home/travis/build/icyphy/ptII/ptolemy/domains/de/test/auto/MergeModel2Add.xml
3 ms. Memory: 369152K Free: 149383K (40%)
----------------- Invoking toplevel() on ptolemy.moml.MoMLSimpleApplication@3b66718e
----------------- Done invoking toplevel() on ptolemy.moml.MoMLSimpleApplication@3b66718e
reloadAllAccessors: .MergeModel2Add

===========================================================================================
----------------- testing Sun Jan 13 03:17:56 UTC 2019 /home/travis/build/icyphy/ptII/ptolemy/domains/de/test/auto/MergeModel3Add.xml
----------------- Instantiating /home/travis/build/icyphy/ptII/ptolemy/domains/de/test/auto/MergeModel3Add.xml
3 ms. Memory: 369152K Free: 126332K (34%)
----------------- Invoking toplevel() on ptolemy.moml.MoMLSimpleApplication@4ebbf6bc
----------------- Done invoking toplevel() on ptolemy.moml.MoMLSimpleApplication@4ebbf6bc
reloadAllAccessors: .MergeModel3Add

===========================================================================================
----------------- testing Sun Jan 13 03:17:56 UTC 2019 /home/travis/build/icyphy/ptII/ptolemy/domains/de/test/auto/MergeWithoutDiscard.xml
----------------- Instantiating /home/travis/build/icyphy/ptII/ptolemy/domains/de/test/auto/MergeWithoutDiscard.xml
0 ms. Memory: 369152K Free: 117715K (32%)
----------------- Invoking toplevel() on ptolemy.moml.MoMLSimpleApplication@2dcf007f
----------------- Done invoking toplevel() on ptolemy.moml.MoMLSimpleApplication@2dcf007f
reloadAllAccessors: .MergeWithoutDiscard

===========================================================================================
----------------- testing Sun Jan 13 03:17:56 UTC 2019 /home/travis/build/icyphy/ptII/ptolemy/domains/de/test/auto/Modal1.xml
----------------- Instantiating /home/travis/build/icyphy/ptII/ptolemy/domains/de/test/auto/Modal1.xml
4 ms. Memory: 369152K Free: 100448K (27%)
----------------- Invoking toplevel() on ptolemy.moml.MoMLSimpleApplication@3f9ff110
----------------- Done invoking toplevel() on ptolemy.moml.MoMLSimpleApplication@3f9ff110
reloadAllAccessors: .Modal1

===========================================================================================
----------------- testing Sun Jan 13 03:17:56 UTC 2019 /home/travis/build/icyphy/ptII/ptolemy/domains/de/test/auto/Modal2.xml
----------------- Instantiating /home/travis/build/icyphy/ptII/ptolemy/domains/de/test/auto/Modal2.xml
10 ms. Memory: 369152K Free: 81192K (22%)
----------------- Invoking toplevel() on ptolemy.moml.MoMLSimpleApplication@654a9075
----------------- Done invoking toplevel() on ptolemy.moml.MoMLSimpleApplication@654a9075
reloadAllAccessors: .Modal2

===========================================================================================
----------------- testing Sun Jan 13 03:17:56 UTC 2019 /home/travis/build/icyphy/ptII/ptolemy/domains/de/test/auto/Modal3.xml
----------------- Instantiating /home/travis/build/icyphy/ptII/ptolemy/domains/de/test/auto/Modal3.xml
5 ms. Memory: 355840K Free: 338786K (95%)
----------------- Invoking toplevel() on ptolemy.moml.MoMLSimpleApplication@7ccf456a
----------------- Done invoking toplevel() on ptolemy.moml.MoMLSimpleApplication@7ccf456a
reloadAllAccessors: .Modal3

===========================================================================================
----------------- testing Sun Jan 13 03:17:56 UTC 2019 /home/travis/build/icyphy/ptII/ptolemy/domains/de/test/auto/Modal4.xml
----------------- Instantiating /home/travis/build/icyphy/ptII/ptolemy/domains/de/test/auto/Modal4.xml
7 ms. Memory: 355840K Free: 320987K (90%)
----------------- Invoking toplevel() on ptolemy.moml.MoMLSimpleApplication@461bae84
----------------- Done invoking toplevel() on ptolemy.moml.MoMLSimpleApplication@461bae84
reloadAllAccessors: .Modal4

===========================================================================================
----------------- testing Sun Jan 13 03:17:56 UTC 2019 /home/travis/build/icyphy/ptII/ptolemy/domains/de/test/auto/Modal5.xml
----------------- Instantiating /home/travis/build/icyphy/ptII/ptolemy/domains/de/test/auto/Modal5.xml
6 ms. Memory: 355840K Free: 304489K (86%)
----------------- Invoking toplevel() on ptolemy.moml.MoMLSimpleApplication@4cacd8a5
----------------- Done invoking toplevel() on ptolemy.moml.MoMLSimpleApplication@4cacd8a5
reloadAllAccessors: .Modal5

===========================================================================================
----------------- testing Sun Jan 13 03:17:56 UTC 2019 /home/travis/build/icyphy/ptII/ptolemy/domains/de/test/auto/Modal6.xml
----------------- Instantiating /home/travis/build/icyphy/ptII/ptolemy/domains/de/test/auto/Modal6.xml
5 ms. Memory: 355840K Free: 286706K (81%)
----------------- Invoking toplevel() on ptolemy.moml.MoMLSimpleApplication@1f6f9765
----------------- Done invoking toplevel() on ptolemy.moml.MoMLSimpleApplication@1f6f9765
reloadAllAccessors: .Modal6

===========================================================================================
----------------- testing Sun Jan 13 03:17:56 UTC 2019 /home/travis/build/icyphy/ptII/ptolemy/domains/de/test/auto/Modal7.xml
----------------- Instantiating /home/travis/build/icyphy/ptII/ptolemy/domains/de/test/auto/Modal7.xml
5 ms. Memory: 355840K Free: 270200K (76%)
----------------- Invoking toplevel() on ptolemy.moml.MoMLSimpleApplication@7de408cb
----------------- Done invoking toplevel() on ptolemy.moml.MoMLSimpleApplication@7de408cb
reloadAllAccessors: .Modal7

===========================================================================================
----------------- testing Sun Jan 13 03:17:56 UTC 2019 /home/travis/build/icyphy/ptII/ptolemy/domains/de/test/auto/ModalModel.xml
----------------- Instantiating /home/travis/build/icyphy/ptII/ptolemy/domains/de/test/auto/ModalModel.xml
76 ms. Memory: 355840K Free: 195847K (55%)
----------------- Invoking toplevel() on ptolemy.moml.MoMLSimpleApplication@e50b382
----------------- Done invoking toplevel() on ptolemy.moml.MoMLSimpleApplication@e50b382
reloadAllAccessors: .ModalModel

===========================================================================================
----------------- testing Sun Jan 13 03:17:56 UTC 2019 /home/travis/build/icyphy/ptII/ptolemy/domains/de/test/auto/ModalSource.xml
----------------- Instantiating /home/travis/build/icyphy/ptII/ptolemy/domains/de/test/auto/ModalSource.xml
4 ms. Memory: 355840K Free: 183553K (52%)
----------------- Invoking toplevel() on ptolemy.moml.MoMLSimpleApplication@2e9afa39
----------------- Done invoking toplevel() on ptolemy.moml.MoMLSimpleApplication@2e9afa39
reloadAllAccessors: .ModalSource

===========================================================================================
----------------- testing Sun Jan 13 03:17:56 UTC 2019 /home/travis/build/icyphy/ptII/ptolemy/domains/de/test/auto/NonInterruptibleTimerZeroDelay.xml
----------------- Instantiating /home/travis/build/icyphy/ptII/ptolemy/domains/de/test/auto/NonInterruptibleTimerZeroDelay.xml
2 ms. Memory: 355840K Free: 175304K (49%)
----------------- Invoking toplevel() on ptolemy.moml.MoMLSimpleApplication@77f49966
----------------- Done invoking toplevel() on ptolemy.moml.MoMLSimpleApplication@77f49966
reloadAllAccessors: .NonInterruptibleTimerZeroDelay

===========================================================================================
----------------- testing Sun Jan 13 03:17:56 UTC 2019 /home/travis/build/icyphy/ptII/ptolemy/domains/de/test/auto/OpenQueueingNetwork.xml
----------------- Instantiating /home/travis/build/icyphy/ptII/ptolemy/domains/de/test/auto/OpenQueueingNetwork.xml
2042 ms. Memory: 321536K Free: 304906K (95%)
----------------- Invoking toplevel() on ptolemy.moml.MoMLSimpleApplication@77120950
----------------- Done invoking toplevel() on ptolemy.moml.MoMLSimpleApplication@77120950
reloadAllAccessors: .OpenQueueingNetwork

===========================================================================================
----------------- testing Sun Jan 13 03:17:58 UTC 2019 /home/travis/build/icyphy/ptII/ptolemy/domains/de/test/auto/OpenQueuingNetwork.xml
----------------- Instantiating /home/travis/build/icyphy/ptII/ptolemy/domains/de/test/auto/OpenQueuingNetwork.xml
212 ms. Memory: 321536K Free: 211247K (66%)
----------------- Invoking toplevel() on ptolemy.moml.MoMLSimpleApplication@6850d1ce
----------------- Done invoking toplevel() on ptolemy.moml.MoMLSimpleApplication@6850d1ce
reloadAllAccessors: .OpenQueuingNetwork

===========================================================================================
----------------- testing Sun Jan 13 03:17:59 UTC 2019 /home/travis/build/icyphy/ptII/ptolemy/domains/de/test/auto/PeriodicSampler.xml
----------------- Instantiating /home/travis/build/icyphy/ptII/ptolemy/domains/de/test/auto/PeriodicSampler.xml
2 ms. Memory: 321536K Free: 203267K (63%)
----------------- Invoking toplevel() on ptolemy.moml.MoMLSimpleApplication@4cfdd1fd
----------------- Done invoking toplevel() on ptolemy.moml.MoMLSimpleApplication@4cfdd1fd
reloadAllAccessors: .PeriodicSampler

===========================================================================================
----------------- testing Sun Jan 13 03:17:59 UTC 2019 /home/travis/build/icyphy/ptII/ptolemy/domains/de/test/auto/PersistentIO.xml
----------------- Instantiating /home/travis/build/icyphy/ptII/ptolemy/domains/de/test/auto/PersistentIO.xml
3 ms. Memory: 321536K Free: 191237K (59%)
----------------- Invoking toplevel() on ptolemy.moml.MoMLSimpleApplication@3c793e6c
----------------- Done invoking toplevel() on ptolemy.moml.MoMLSimpleApplication@3c793e6c
reloadAllAccessors: .PersistentIO

===========================================================================================
----------------- testing Sun Jan 13 03:17:59 UTC 2019 /home/travis/build/icyphy/ptII/ptolemy/domains/de/test/auto/PortParameterResetOnInitialize.xml
----------------- Instantiating /home/travis/build/icyphy/ptII/ptolemy/domains/de/test/auto/PortParameterResetOnInitialize.xml
2 ms. Memory: 321536K Free: 183257K (57%)
----------------- Invoking toplevel() on ptolemy.moml.MoMLSimpleApplication@103d6544
----------------- Done invoking toplevel() on ptolemy.moml.MoMLSimpleApplication@103d6544
reloadAllAccessors: .PortParameterResetOnInitialize

===========================================================================================
----------------- testing Sun Jan 13 03:17:59 UTC 2019 /home/travis/build/icyphy/ptII/ptolemy/domains/de/test/auto/PortParameterUpdates.xml
----------------- Instantiating /home/travis/build/icyphy/ptII/ptolemy/domains/de/test/auto/PortParameterUpdates.xml
6 ms. Memory: 321536K Free: 172861K (54%)
----------------- Invoking toplevel() on ptolemy.moml.MoMLSimpleApplication@c2ff2bc
----------------- Done invoking toplevel() on ptolemy.moml.MoMLSimpleApplication@c2ff2bc
reloadAllAccessors: .PortParameterUpdates

===========================================================================================
----------------- testing Sun Jan 13 03:17:59 UTC 2019 /home/travis/build/icyphy/ptII/ptolemy/domains/de/test/auto/QueueAndServer.xml
----------------- Instantiating /home/travis/build/icyphy/ptII/ptolemy/domains/de/test/auto/QueueAndServer.xml
4 ms. Memory: 321536K Free: 163237K (51%)
----------------- Invoking toplevel() on ptolemy.moml.MoMLSimpleApplication@44fdd819
----------------- Done invoking toplevel() on ptolemy.moml.MoMLSimpleApplication@44fdd819
reloadAllAccessors: .QueueAndServer

===========================================================================================
----------------- testing Sun Jan 13 03:17:59 UTC 2019 /home/travis/build/icyphy/ptII/ptolemy/domains/de/test/auto/Records.xml
----------------- Instantiating /home/travis/build/icyphy/ptII/ptolemy/domains/de/test/auto/Records.xml
6 ms. Memory: 321536K Free: 155258K (48%)
----------------- Invoking toplevel() on ptolemy.moml.MoMLSimpleApplication@18b9ee3c
----------------- Done invoking toplevel() on ptolemy.moml.MoMLSimpleApplication@18b9ee3c
reloadAllAccessors: .Records

===========================================================================================
----------------- testing Sun Jan 13 03:17:59 UTC 2019 /home/travis/build/icyphy/ptII/ptolemy/domains/de/test/auto/ResetTransitionWithStartTime1.xml
----------------- Instantiating /home/travis/build/icyphy/ptII/ptolemy/domains/de/test/auto/ResetTransitionWithStartTime1.xml
4 ms. Memory: 321536K Free: 144878K (45%)
----------------- Invoking toplevel() on ptolemy.moml.MoMLSimpleApplication@46460746
----------------- Done invoking toplevel() on ptolemy.moml.MoMLSimpleApplication@46460746
reloadAllAccessors: .ResetTransitionWithStartTime1

===========================================================================================
----------------- testing Sun Jan 13 03:17:59 UTC 2019 /home/travis/build/icyphy/ptII/ptolemy/domains/de/test/auto/ResetTransitionWithStartTime2.xml
----------------- Instantiating /home/travis/build/icyphy/ptII/ptolemy/domains/de/test/auto/ResetTransitionWithStartTime2.xml
3 ms. Memory: 321536K Free: 134489K (42%)
----------------- Invoking toplevel() on ptolemy.moml.MoMLSimpleApplication@5b3484a5
----------------- Done invoking toplevel() on ptolemy.moml.MoMLSimpleApplication@5b3484a5
reloadAllAccessors: .ResetTransitionWithStartTime2

===========================================================================================
----------------- testing Sun Jan 13 03:17:59 UTC 2019 /home/travis/build/icyphy/ptII/ptolemy/domains/de/test/auto/ResetTransitionWithStartTime3.xml
----------------- Instantiating /home/travis/build/icyphy/ptII/ptolemy/domains/de/test/auto/ResetTransitionWithStartTime3.xml
4 ms. Memory: 321536K Free: 124868K (39%)
----------------- Invoking toplevel() on ptolemy.moml.MoMLSimpleApplication@2492cefb
----------------- Done invoking toplevel() on ptolemy.moml.MoMLSimpleApplication@2492cefb
reloadAllAccessors: .ResetTransitionWithStartTime3

===========================================================================================
----------------- testing Sun Jan 13 03:17:59 UTC 2019 /home/travis/build/icyphy/ptII/ptolemy/domains/de/test/auto/ResetTransitionWithStartTime4.xml
----------------- Instantiating /home/travis/build/icyphy/ptII/ptolemy/domains/de/test/auto/ResetTransitionWithStartTime4.xml
3 ms. Memory: 321536K Free: 114487K (36%)
----------------- Invoking toplevel() on ptolemy.moml.MoMLSimpleApplication@5baffd47
----------------- Done invoking toplevel() on ptolemy.moml.MoMLSimpleApplication@5baffd47
reloadAllAccessors: .ResetTransitionWithStartTime4

===========================================================================================
----------------- testing Sun Jan 13 03:17:59 UTC 2019 /home/travis/build/icyphy/ptII/ptolemy/domains/de/test/auto/ResettableTimer1.xml
----------------- Instantiating /home/travis/build/icyphy/ptII/ptolemy/domains/de/test/auto/ResettableTimer1.xml
2 ms. Memory: 321536K Free: 106508K (33%)
----------------- Invoking toplevel() on ptolemy.moml.MoMLSimpleApplication@1001a678
----------------- Done invoking toplevel() on ptolemy.moml.MoMLSimpleApplication@1001a678
reloadAllAccessors: .ResettableTimer1

===========================================================================================
----------------- testing Sun Jan 13 03:17:59 UTC 2019 /home/travis/build/icyphy/ptII/ptolemy/domains/de/test/auto/ResettableTimer2.xml
----------------- Instantiating /home/travis/build/icyphy/ptII/ptolemy/domains/de/test/auto/ResettableTimer2.xml
2 ms. Memory: 321536K Free: 99304K (31%)
----------------- Invoking toplevel() on ptolemy.moml.MoMLSimpleApplication@2a0593a7
----------------- Done invoking toplevel() on ptolemy.moml.MoMLSimpleApplication@2a0593a7
reloadAllAccessors: .ResettableTimer2

===========================================================================================
----------------- testing Sun Jan 13 03:17:59 UTC 2019 /home/travis/build/icyphy/ptII/ptolemy/domains/de/test/auto/ResettableTimer3.xml
----------------- Instantiating /home/travis/build/icyphy/ptII/ptolemy/domains/de/test/auto/ResettableTimer3.xml
1 ms. Memory: 321536K Free: 91333K (28%)
----------------- Invoking toplevel() on ptolemy.moml.MoMLSimpleApplication@13989479
----------------- Done invoking toplevel() on ptolemy.moml.MoMLSimpleApplication@13989479
reloadAllAccessors: .ResettableTimer3

===========================================================================================
----------------- testing Sun Jan 13 03:17:59 UTC 2019 /home/travis/build/icyphy/ptII/ptolemy/domains/de/test/auto/ResettableTimer4.xml
----------------- Instantiating /home/travis/build/icyphy/ptII/ptolemy/domains/de/test/auto/ResettableTimer4.xml
1 ms. Memory: 321536K Free: 83369K (26%)
----------------- Invoking toplevel() on ptolemy.moml.MoMLSimpleApplication@289a81ef
----------------- Done invoking toplevel() on ptolemy.moml.MoMLSimpleApplication@289a81ef
reloadAllAccessors: .ResettableTimer4

===========================================================================================
----------------- testing Sun Jan 13 03:17:59 UTC 2019 /home/travis/build/icyphy/ptII/ptolemy/domains/de/test/auto/ResettableTimer5.xml
----------------- Instantiating /home/travis/build/icyphy/ptII/ptolemy/domains/de/test/auto/ResettableTimer5.xml
1 ms. Memory: 321536K Free: 76149K (24%)
----------------- Invoking toplevel() on ptolemy.moml.MoMLSimpleApplication@191d7329
----------------- Done invoking toplevel() on ptolemy.moml.MoMLSimpleApplication@191d7329
reloadAllAccessors: .ResettableTimer5

===========================================================================================
----------------- testing Sun Jan 13 03:17:59 UTC 2019 /home/travis/build/icyphy/ptII/ptolemy/domains/de/test/auto/ResettableTimer6.xml
----------------- Instantiating /home/travis/build/icyphy/ptII/ptolemy/domains/de/test/auto/ResettableTimer6.xml
1 ms. Memory: 313344K Free: 299904K (96%)
----------------- Invoking toplevel() on ptolemy.moml.MoMLSimpleApplication@7b6d946b
----------------- Done invoking toplevel() on ptolemy.moml.MoMLSimpleApplication@7b6d946b
reloadAllAccessors: .ResettableTimer6

===========================================================================================
----------------- testing Sun Jan 13 03:17:59 UTC 2019 /home/travis/build/icyphy/ptII/ptolemy/domains/de/test/auto/ServerZeroDelay.xml
----------------- Instantiating /home/travis/build/icyphy/ptII/ptolemy/domains/de/test/auto/ServerZeroDelay.xml
3 ms. Memory: 313344K Free: 292461K (93%)
----------------- Invoking toplevel() on ptolemy.moml.MoMLSimpleApplication@64406022
----------------- Done invoking toplevel() on ptolemy.moml.MoMLSimpleApplication@64406022
reloadAllAccessors: .ServerZeroDelay

===========================================================================================
----------------- testing Sun Jan 13 03:17:59 UTC 2019 /home/travis/build/icyphy/ptII/ptolemy/domains/de/test/auto/SmartSender.xml
----------------- Instantiating /home/travis/build/icyphy/ptII/ptolemy/domains/de/test/auto/SmartSender.xml
3001 ms. Memory: 313344K Free: 285020K (91%)
----------------- Invoking toplevel() on ptolemy.moml.MoMLSimpleApplication@5abc58d1
----------------- Done invoking toplevel() on ptolemy.moml.MoMLSimpleApplication@5abc58d1
reloadAllAccessors: .SmartSender

===========================================================================================
----------------- testing Sun Jan 13 03:18:02 UTC 2019 /home/travis/build/icyphy/ptII/ptolemy/domains/de/test/auto/ThreadedComposite.xml
----------------- Instantiating /home/travis/build/icyphy/ptII/ptolemy/domains/de/test/auto/ThreadedComposite.xml
110 ms. Memory: 313344K Free: 261478K (83%)
----------------- Invoking toplevel() on ptolemy.moml.MoMLSimpleApplication@1c9d7be
----------------- Done invoking toplevel() on ptolemy.moml.MoMLSimpleApplication@1c9d7be
reloadAllAccessors: .ThreadedComposite

===========================================================================================
----------------- testing Sun Jan 13 03:18:02 UTC 2019 /home/travis/build/icyphy/ptII/ptolemy/domains/de/test/auto/Time.xml
----------------- Instantiating /home/travis/build/icyphy/ptII/ptolemy/domains/de/test/auto/Time.xml
400 ms. Memory: 313344K Free: 205759K (66%)
----------------- Invoking toplevel() on ptolemy.moml.MoMLSimpleApplication@37b68ae
----------------- Done invoking toplevel() on ptolemy.moml.MoMLSimpleApplication@37b68ae
reloadAllAccessors: .Time

===========================================================================================
----------------- testing Sun Jan 13 03:18:03 UTC 2019 /home/travis/build/icyphy/ptII/ptolemy/domains/de/test/auto/TimeDelayZeroDelay.xml
----------------- Instantiating /home/travis/build/icyphy/ptII/ptolemy/domains/de/test/auto/TimeDelayZeroDelay.xml
1 ms. Memory: 313344K Free: 198318K (63%)
----------------- Invoking toplevel() on ptolemy.moml.MoMLSimpleApplication@3e396aa
----------------- Done invoking toplevel() on ptolemy.moml.MoMLSimpleApplication@3e396aa
reloadAllAccessors: .TimeDelayZeroDelay

===========================================================================================
----------------- testing Sun Jan 13 03:18:03 UTC 2019 /home/travis/build/icyphy/ptII/ptolemy/domains/de/test/auto/TimerZeroDelay.xml
----------------- Instantiating /home/travis/build/icyphy/ptII/ptolemy/domains/de/test/auto/TimerZeroDelay.xml
2 ms. Memory: 313344K Free: 190876K (61%)
----------------- Invoking toplevel() on ptolemy.moml.MoMLSimpleApplication@11d7e483
----------------- Done invoking toplevel() on ptolemy.moml.MoMLSimpleApplication@11d7e483
reloadAllAccessors: .TimerZeroDelay

===========================================================================================
----------------- testing Sun Jan 13 03:18:03 UTC 2019 /home/travis/build/icyphy/ptII/ptolemy/domains/de/test/auto/TimingParadox.xml
----------------- Instantiating /home/travis/build/icyphy/ptII/ptolemy/domains/de/test/auto/TimingParadox.xml
268 ms. Memory: 313344K Free: 121284K (39%)
----------------- Invoking toplevel() on ptolemy.moml.MoMLSimpleApplication@201774e8
----------------- Done invoking toplevel() on ptolemy.moml.MoMLSimpleApplication@201774e8
reloadAllAccessors: .TimingParadox

===========================================================================================
----------------- testing Sun Jan 13 03:18:03 UTC 2019 /home/travis/build/icyphy/ptII/ptolemy/domains/de/test/auto/TransferInputs.xml
----------------- Instantiating /home/travis/build/icyphy/ptII/ptolemy/domains/de/test/auto/TransferInputs.xml
1 ms. Memory: 313344K Free: 113314K (36%)
----------------- Invoking toplevel() on ptolemy.moml.MoMLSimpleApplication@29443ed3
----------------- Done invoking toplevel() on ptolemy.moml.MoMLSimpleApplication@29443ed3
reloadAllAccessors: .TransferInputs

===========================================================================================
----------------- testing Sun Jan 13 03:18:03 UTC 2019 /home/travis/build/icyphy/ptII/ptolemy/domains/de/test/auto/TransferOutputs2.xml
----------------- Instantiating /home/travis/build/icyphy/ptII/ptolemy/domains/de/test/auto/TransferOutputs2.xml
4 ms. Memory: 313344K Free: 103566K (33%)
----------------- Invoking toplevel() on ptolemy.moml.MoMLSimpleApplication@60e0ec59
----------------- Done invoking toplevel() on ptolemy.moml.MoMLSimpleApplication@60e0ec59
reloadAllAccessors: .TransferOutputs2

===========================================================================================
----------------- testing Sun Jan 13 03:18:03 UTC 2019 /home/travis/build/icyphy/ptII/ptolemy/domains/de/test/auto/Trilateration.xml
----------------- Instantiating /home/travis/build/icyphy/ptII/ptolemy/domains/de/test/auto/Trilateration.xml
10550 ms. Memory: 422400K Free: 366820K (87%)
----------------- Invoking toplevel() on ptolemy.moml.MoMLSimpleApplication@39b1e4ce
----------------- Done invoking toplevel() on ptolemy.moml.MoMLSimpleApplication@39b1e4ce
reloadAllAccessors: .Trilateration

===========================================================================================
----------------- testing Sun Jan 13 03:18:14 UTC 2019 /home/travis/build/icyphy/ptII/ptolemy/domains/de/test/auto/TwoSigmaDelta.xml
----------------- Instantiating /home/travis/build/icyphy/ptII/ptolemy/domains/de/test/auto/TwoSigmaDelta.xml
1922 ms. Memory: 422400K Free: 76258K (18%)
----------------- Invoking toplevel() on ptolemy.moml.MoMLSimpleApplication@666fb7cb
----------------- Done invoking toplevel() on ptolemy.moml.MoMLSimpleApplication@666fb7cb
reloadAllAccessors: .TwoSigmaDelta

===========================================================================================
----------------- testing Sun Jan 13 03:18:16 UTC 2019 /home/travis/build/icyphy/ptII/ptolemy/domains/de/test/auto/VariableDelay.xml
----------------- Instantiating /home/travis/build/icyphy/ptII/ptolemy/domains/de/test/auto/VariableDelay.xml
2 ms. Memory: 422400K Free: 62049K (15%)
----------------- Invoking toplevel() on ptolemy.moml.MoMLSimpleApplication@1cde26b6
----------------- Done invoking toplevel() on ptolemy.moml.MoMLSimpleApplication@1cde26b6
reloadAllAccessors: .VariableDelay

===========================================================================================
----------------- testing Sun Jan 13 03:18:16 UTC 2019 /home/travis/build/icyphy/ptII/ptolemy/domains/de/test/auto/VariableDelay2.xml
----------------- Instantiating /home/travis/build/icyphy/ptII/ptolemy/domains/de/test/auto/VariableDelay2.xml
1 ms. Memory: 412672K Free: 379867K (92%)
----------------- Invoking toplevel() on ptolemy.moml.MoMLSimpleApplication@5cb99c73
----------------- Done invoking toplevel() on ptolemy.moml.MoMLSimpleApplication@5cb99c73
reloadAllAccessors: .VariableDelay2

===========================================================================================
----------------- testing Sun Jan 13 03:18:16 UTC 2019 /home/travis/build/icyphy/ptII/ptolemy/domains/de/test/auto/VariableDelayZeroDelay.xml
----------------- Instantiating /home/travis/build/icyphy/ptII/ptolemy/domains/de/test/auto/VariableDelayZeroDelay.xml
1 ms. Memory: 412672K Free: 366121K (89%)
----------------- Invoking toplevel() on ptolemy.moml.MoMLSimpleApplication@64d1e654
----------------- Done invoking toplevel() on ptolemy.moml.MoMLSimpleApplication@64d1e654
reloadAllAccessors: .VariableDelayZeroDelay

===========================================================================================
----------------- testing Sun Jan 13 03:18:16 UTC 2019 /home/travis/build/icyphy/ptII/ptolemy/domains/de/test/auto/VariableDelayZeroDelay2.xml
----------------- Instantiating /home/travis/build/icyphy/ptII/ptolemy/domains/de/test/auto/VariableDelayZeroDelay2.xml
2 ms. Memory: 412672K Free: 352727K (85%)
----------------- Invoking toplevel() on ptolemy.moml.MoMLSimpleApplication@6e4a3012
----------------- Done invoking toplevel() on ptolemy.moml.MoMLSimpleApplication@6e4a3012
reloadAllAccessors: .VariableDelayZeroDelay2

===========================================================================================
----------------- testing Sun Jan 13 03:18:16 UTC 2019 /home/travis/build/icyphy/ptII/ptolemy/domains/de/test/auto/deInCt.xml
----------------- Instantiating /home/travis/build/icyphy/ptII/ptolemy/domains/de/test/auto/deInCt.xml
0
1
1
1
0
0
0
1
1
1
0
0
0
1
1
1
0
0
0
0
1
1
1
1
0
0
0
1
1
1
0
0
0
0
1
1
1
0
0
0
1
1
1
1
5 ms. Memory: 412672K Free: 338980K (82%)
----------------- Invoking toplevel() on ptolemy.moml.MoMLSimpleApplication@687cf62d
----------------- Done invoking toplevel() on ptolemy.moml.MoMLSimpleApplication@687cf62d
reloadAllAccessors: .deInCt

===========================================================================================
----------------- testing Sun Jan 13 03:18:16 UTC 2019 /home/travis/build/icyphy/ptII/ptolemy/domains/de/test/auto/deInCt2.xml
----------------- Instantiating /home/travis/build/icyphy/ptII/ptolemy/domains/de/test/auto/deInCt2.xml
0
1
1
1
0
0
1
1
1
0
0
1
1
1
0
0
1
1
1
0
0
1
1
1
0
0
1
1
1
0
0
1
1
1
0
0
1
1
1
0
0
0
4 ms. Memory: 412672K Free: 325587K (79%)
----------------- Invoking toplevel() on ptolemy.moml.MoMLSimpleApplication@2fe1d21a
----------------- Done invoking toplevel() on ptolemy.moml.MoMLSimpleApplication@2fe1d21a
reloadAllAccessors: .deInCt2

===========================================================================================
----------------- testing Sun Jan 13 03:18:16 UTC 2019 /home/travis/build/icyphy/ptII/ptolemy/domains/de/test/auto/dynamicCausalityInterface1.xml
----------------- Instantiating /home/travis/build/icyphy/ptII/ptolemy/domains/de/test/auto/dynamicCausalityInterface1.xml
0 ms. Memory: 412672K Free: 305326K (74%)
----------------- Invoking toplevel() on ptolemy.moml.MoMLSimpleApplication@7e27de96
----------------- Done invoking toplevel() on ptolemy.moml.MoMLSimpleApplication@7e27de96
reloadAllAccessors: .dynamicCausalityInterface1

===========================================================================================
----------------- testing Sun Jan 13 03:18:16 UTC 2019 /home/travis/build/icyphy/ptII/ptolemy/domains/de/test/auto/fsm_de_test.xml
----------------- Instantiating /home/travis/build/icyphy/ptII/ptolemy/domains/de/test/auto/fsm_de_test.xml
3 ms. Memory: 412672K Free: 285043K (69%)
----------------- Invoking toplevel() on ptolemy.moml.MoMLSimpleApplication@cf22e00
----------------- Done invoking toplevel() on ptolemy.moml.MoMLSimpleApplication@cf22e00
reloadAllAccessors: .fsm_de_test

===========================================================================================
----------------- testing Sun Jan 13 03:18:16 UTC 2019 /home/travis/build/icyphy/ptII/ptolemy/domains/de/test/auto/functionDependencyReconstruction.xml
----------------- Instantiating /home/travis/build/icyphy/ptII/ptolemy/domains/de/test/auto/functionDependencyReconstruction.xml
2 ms. Memory: 412672K Free: 258616K (63%)
----------------- Invoking toplevel() on ptolemy.moml.MoMLSimpleApplication@11138ed7
----------------- Done invoking toplevel() on ptolemy.moml.MoMLSimpleApplication@11138ed7
reloadAllAccessors: .functionDependencyReconstruction

===========================================================================================
----------------- testing Sun Jan 13 03:18:16 UTC 2019 /home/travis/build/icyphy/ptII/ptolemy/domains/de/test/auto/multirate.xml
----------------- Instantiating /home/travis/build/icyphy/ptII/ptolemy/domains/de/test/auto/multirate.xml
2 ms. Memory: 412672K Free: 244870K (59%)
----------------- Invoking toplevel() on ptolemy.moml.MoMLSimpleApplication@7a5edc3c
----------------- Done invoking toplevel() on ptolemy.moml.MoMLSimpleApplication@7a5edc3c
reloadAllAccessors: .multirate

===========================================================================================
----------------- testing Sun Jan 13 03:18:16 UTC 2019 /home/travis/build/icyphy/ptII/ptolemy/domains/de/test/auto/multirate2.xml
----------------- Instantiating /home/travis/build/icyphy/ptII/ptolemy/domains/de/test/auto/multirate2.xml
2 ms. Memory: 412672K Free: 231484K (56%)
----------------- Invoking toplevel() on ptolemy.moml.MoMLSimpleApplication@5f6fb211
----------------- Done invoking toplevel() on ptolemy.moml.MoMLSimpleApplication@5f6fb211
reloadAllAccessors: .multirate2

===========================================================================================
----------------- testing Sun Jan 13 03:18:16 UTC 2019 /home/travis/build/icyphy/ptII/ptolemy/domains/de/test/auto/realtime.xml
----------------- Instantiating /home/travis/build/icyphy/ptII/ptolemy/domains/de/test/auto/realtime.xml
10001 ms. Memory: 412672K Free: 217738K (53%)
----------------- Invoking toplevel() on ptolemy.moml.MoMLSimpleApplication@4d3b54a
----------------- Done invoking toplevel() on ptolemy.moml.MoMLSimpleApplication@4d3b54a
reloadAllAccessors: .realtime

===========================================================================================
----------------- testing Sun Jan 13 03:18:26 UTC 2019 /home/travis/build/icyphy/ptII/ptolemy/domains/de/test/auto/relationGroup.xml
----------------- Instantiating /home/travis/build/icyphy/ptII/ptolemy/domains/de/test/auto/relationGroup.xml
2 ms. Memory: 412672K Free: 204352K (50%)
----------------- Invoking toplevel() on ptolemy.moml.MoMLSimpleApplication@21cc794f
----------------- Done invoking toplevel() on ptolemy.moml.MoMLSimpleApplication@21cc794f
reloadAllAccessors: .relationGroup

===========================================================================================
----------------- testing Sun Jan 13 03:18:26 UTC 2019 /home/travis/build/icyphy/ptII/ptolemy/domains/de/test/auto/relationGroup2.xml
----------------- Instantiating /home/travis/build/icyphy/ptII/ptolemy/domains/de/test/auto/relationGroup2.xml
1 ms. Memory: 412672K Free: 190606K (46%)
----------------- Invoking toplevel() on ptolemy.moml.MoMLSimpleApplication@6c53cd08
----------------- Done invoking toplevel() on ptolemy.moml.MoMLSimpleApplication@6c53cd08
reloadAllAccessors: .relationGroup2

===========================================================================================
----------------- testing Sun Jan 13 03:18:26 UTC 2019 /home/travis/build/icyphy/ptII/ptolemy/domains/de/test/auto/sortWithOpaquePorts.xml
----------------- Instantiating /home/travis/build/icyphy/ptII/ptolemy/domains/de/test/auto/sortWithOpaquePorts.xml
1 ms. Memory: 412672K Free: 177220K (43%)
----------------- Invoking toplevel() on ptolemy.moml.MoMLSimpleApplication@7f4c2cf7
----------------- Done invoking toplevel() on ptolemy.moml.MoMLSimpleApplication@7f4c2cf7
reloadAllAccessors: .sortWithOpaquePorts

===========================================================================================
----------------- testing Sun Jan 13 03:18:26 UTC 2019 /home/travis/build/icyphy/ptII/ptolemy/domains/de/test/auto/transferInputsandOutputs.xml
----------------- Instantiating /home/travis/build/icyphy/ptII/ptolemy/domains/de/test/auto/transferInputsandOutputs.xml
2 ms. Memory: 412672K Free: 163473K (40%)
----------------- Invoking toplevel() on ptolemy.moml.MoMLSimpleApplication@16ddf8df
----------------- Done invoking toplevel() on ptolemy.moml.MoMLSimpleApplication@16ddf8df
reloadAllAccessors: .transferInputsandOutputs

===========================================================================================
----------------- testing Sun Jan 13 03:18:26 UTC 2019 /home/travis/build/icyphy/ptII/ptolemy/domains/de/test/auto/triggerType.xml
----------------- Instantiating /home/travis/build/icyphy/ptII/ptolemy/domains/de/test/auto/triggerType.xml
0 ms. Memory: 412672K Free: 150088K (36%)
----------------- Invoking toplevel() on ptolemy.moml.MoMLSimpleApplication@86f516b
----------------- Done invoking toplevel() on ptolemy.moml.MoMLSimpleApplication@86f516b
reloadAllAccessors: .triggerType
AutoTests.java: About to close Vertx.
AutoTests.java: Vertx closed.
]]></system-out>
  <system-err><![CDATA[java.lang.RuntimeException: Execution failed
	at ptolemy.moml.MoMLSimpleApplication$UnloadThread.run(MoMLSimpleApplication.java:402)
Caused by: ptolemy.kernel.util.IllegalActionException: Found a zero delay loop containing .dependencyLoop.original
  in .dependencyLoop and .dependencyLoop.original
	at ptolemy.actor.util.CausalityInterfaceForComposites._computeOutputPortDepth(CausalityInterfaceForComposites.java:759)
	at ptolemy.actor.util.CausalityInterfaceForComposites._computeInputDepth(CausalityInterfaceForComposites.java:696)
	at ptolemy.actor.util.CausalityInterfaceForComposites._computeOutputPortDepth(CausalityInterfaceForComposites.java:765)
	at ptolemy.actor.util.CausalityInterfaceForComposites._computeInputDepth(CausalityInterfaceForComposites.java:696)
	at ptolemy.actor.util.CausalityInterfaceForComposites._computeOutputPortDepth(CausalityInterfaceForComposites.java:765)
	at ptolemy.actor.util.CausalityInterfaceForComposites._computeInputDepth(CausalityInterfaceForComposites.java:696)
	at ptolemy.actor.util.CausalityInterfaceForComposites._computeActorDepth(CausalityInterfaceForComposites.java:532)
	at ptolemy.actor.util.CausalityInterfaceForComposites.checkForCycles(CausalityInterfaceForComposites.java:96)
	at ptolemy.domains.de.kernel.DEDirector.preinitialize(DEDirector.java:1338)
	at ptolemy.actor.CompositeActor.preinitialize(CompositeActor.java:1828)
	at ptolemy.actor.Manager.preinitializeAndResolveTypes(Manager.java:1040)
	at ptolemy.actor.Manager.initialize(Manager.java:710)
	at ptolemy.actor.Manager.execute(Manager.java:356)
	at ptolemy.actor.Manager.run(Manager.java:1263)
	at ptolemy.actor.Manager$PtolemyRunThread.run(Manager.java:1915)
java.lang.RuntimeException: Execution failed
	at ptolemy.moml.MoMLSimpleApplication$UnloadThread.run(MoMLSimpleApplication.java:402)
Caused by: ptolemy.kernel.util.IllegalActionException: Found a zero delay loop containing .dependencyLoop2.original
  in .dependencyLoop2 and .dependencyLoop2.original
	at ptolemy.actor.util.CausalityInterfaceForComposites._computeOutputPortDepth(CausalityInterfaceForComposites.java:759)
	at ptolemy.actor.util.CausalityInterfaceForComposites._computeInputDepth(CausalityInterfaceForComposites.java:696)
	at ptolemy.actor.util.CausalityInterfaceForComposites._computeOutputPortDepth(CausalityInterfaceForComposites.java:765)
	at ptolemy.actor.util.CausalityInterfaceForComposites._computeInputDepth(CausalityInterfaceForComposites.java:696)
	at ptolemy.actor.util.CausalityInterfaceForComposites._computeOutputPortDepth(CausalityInterfaceForComposites.java:765)
	at ptolemy.actor.util.CausalityInterfaceForComposites._computeInputDepth(CausalityInterfaceForComposites.java:696)
	at ptolemy.actor.util.CausalityInterfaceForComposites._computeActorDepth(CausalityInterfaceForComposites.java:532)
	at ptolemy.actor.util.CausalityInterfaceForComposites.checkForCycles(CausalityInterfaceForComposites.java:96)
	at ptolemy.domains.de.kernel.DEDirector.preinitialize(DEDirector.java:1338)
	at ptolemy.actor.CompositeActor.preinitialize(CompositeActor.java:1828)
	at ptolemy.actor.Manager.preinitializeAndResolveTypes(Manager.java:1040)
	at ptolemy.actor.Manager.initialize(Manager.java:710)
	at ptolemy.actor.Manager.execute(Manager.java:356)
	at ptolemy.actor.Manager.run(Manager.java:1263)
	at ptolemy.actor.Manager$PtolemyRunThread.run(Manager.java:1915)
java.lang.RuntimeException: Execution failed
	at ptolemy.moml.MoMLSimpleApplication$UnloadThread.run(MoMLSimpleApplication.java:402)
Caused by: ptolemy.kernel.util.IllegalActionException: Found a zero delay loop containing .dependencyLoop.original
  in .dependencyLoop and .dependencyLoop.original
	at ptolemy.actor.util.CausalityInterfaceForComposites._computeOutputPortDepth(CausalityInterfaceForComposites.java:759)
	at ptolemy.actor.util.CausalityInterfaceForComposites._computeInputDepth(CausalityInterfaceForComposites.java:696)
	at ptolemy.actor.util.CausalityInterfaceForComposites._computeOutputPortDepth(CausalityInterfaceForComposites.java:765)
	at ptolemy.actor.util.CausalityInterfaceForComposites._computeInputDepth(CausalityInterfaceForComposites.java:696)
	at ptolemy.actor.util.CausalityInterfaceForComposites._computeOutputPortDepth(CausalityInterfaceForComposites.java:765)
	at ptolemy.actor.util.CausalityInterfaceForComposites._computeInputDepth(CausalityInterfaceForComposites.java:696)
	at ptolemy.actor.util.CausalityInterfaceForComposites._computeActorDepth(CausalityInterfaceForComposites.java:532)
	at ptolemy.actor.util.CausalityInterfaceForComposites.checkForCycles(CausalityInterfaceForComposites.java:96)
	at ptolemy.domains.de.kernel.DEDirector.preinitialize(DEDirector.java:1338)
	at ptolemy.actor.CompositeActor.preinitialize(CompositeActor.java:1828)
	at ptolemy.actor.Manager.preinitializeAndResolveTypes(Manager.java:1040)
	at ptolemy.actor.Manager.initialize(Manager.java:710)
	at ptolemy.actor.Manager.execute(Manager.java:356)
	at ptolemy.actor.Manager.run(Manager.java:1263)
	at ptolemy.actor.Manager$PtolemyRunThread.run(Manager.java:1915)
java.lang.RuntimeException: Execution failed
	at ptolemy.moml.MoMLSimpleApplication$UnloadThread.run(MoMLSimpleApplication.java:402)
Caused by: ptolemy.kernel.util.IllegalActionException: Actor is not ready to fire.  Perhaps UpSample.prefire() returned false? Try debugging the actor by selecting "Listen to Actor".  Also, for SDF check moml for tokenConsumptionRate on input.
  in .DESDFClockTest.Play Bell.Copy1:SDF Director and .DESDFClockTest.Play Bell.UpSample
	at ptolemy.actor.sched.StaticSchedulingDirector.fire(StaticSchedulingDirector.java:227)
	at ptolemy.domains.sdf.kernel.SDFDirector.fire(SDFDirector.java:500)
	at ptolemy.actor.CompositeActor.fire(CompositeActor.java:455)
	at ptolemy.domains.de.kernel.DEDirector._fire(DEDirector.java:1949)
	at ptolemy.domains.de.kernel.DEDirector.fire(DEDirector.java:502)
	at ptolemy.actor.CompositeActor.fire(CompositeActor.java:455)
	at ptolemy.actor.Manager.iterate(Manager.java:851)
	at ptolemy.actor.Manager.execute(Manager.java:369)
	at ptolemy.actor.Manager.run(Manager.java:1263)
	at ptolemy.actor.Manager$PtolemyRunThread.run(Manager.java:1915)
java.lang.RuntimeException: Execution failed
	at ptolemy.moml.MoMLSimpleApplication$UnloadThread.run(MoMLSimpleApplication.java:402)
Caused by: ptolemy.kernel.util.IllegalActionException: Found a zero delay loop containing .dependencyLoop2.original
  in .dependencyLoop2 and .dependencyLoop2.original
	at ptolemy.actor.util.CausalityInterfaceForComposites._computeOutputPortDepth(CausalityInterfaceForComposites.java:759)
	at ptolemy.actor.util.CausalityInterfaceForComposites._computeInputDepth(CausalityInterfaceForComposites.java:696)
	at ptolemy.actor.util.CausalityInterfaceForComposites._computeOutputPortDepth(CausalityInterfaceForComposites.java:765)
	at ptolemy.actor.util.CausalityInterfaceForComposites._computeInputDepth(CausalityInterfaceForComposites.java:696)
	at ptolemy.actor.util.CausalityInterfaceForComposites._computeOutputPortDepth(CausalityInterfaceForComposites.java:765)
	at ptolemy.actor.util.CausalityInterfaceForComposites._computeInputDepth(CausalityInterfaceForComposites.java:696)
	at ptolemy.actor.util.CausalityInterfaceForComposites._computeActorDepth(CausalityInterfaceForComposites.java:532)
	at ptolemy.actor.util.CausalityInterfaceForComposites.checkForCycles(CausalityInterfaceForComposites.java:96)
	at ptolemy.domains.de.kernel.DEDirector.preinitialize(DEDirector.java:1338)
	at ptolemy.actor.CompositeActor.preinitialize(CompositeActor.java:1828)
	at ptolemy.actor.Manager.preinitializeAndResolveTypes(Manager.java:1040)
	at ptolemy.actor.Manager.initialize(Manager.java:710)
	at ptolemy.actor.Manager.execute(Manager.java:356)
	at ptolemy.actor.Manager.run(Manager.java:1263)
	at ptolemy.actor.Manager$PtolemyRunThread.run(Manager.java:1915)
java.lang.RuntimeException: Execution failed
	at ptolemy.moml.MoMLSimpleApplication$UnloadThread.run(MoMLSimpleApplication.java:402)
Caused by: ptolemy.kernel.util.IllegalActionException: Found a zero delay loop containing .HierarchicalModel.A
  in .HierarchicalModel and .HierarchicalModel.A
	at ptolemy.actor.util.CausalityInterfaceForComposites._computeOutputPortDepth(CausalityInterfaceForComposites.java:759)
	at ptolemy.actor.util.CausalityInterfaceForComposites._computeInputDepth(CausalityInterfaceForComposites.java:696)
	at ptolemy.actor.util.CausalityInterfaceForComposites._computeOutputPortDepth(CausalityInterfaceForComposites.java:765)
	at ptolemy.actor.util.CausalityInterfaceForComposites._computeInputDepth(CausalityInterfaceForComposites.java:696)
	at ptolemy.actor.util.CausalityInterfaceForComposites._computeOutputPortDepth(CausalityInterfaceForComposites.java:765)
	at ptolemy.actor.util.CausalityInterfaceForComposites._computeInputDepth(CausalityInterfaceForComposites.java:696)
	at ptolemy.actor.util.CausalityInterfaceForComposites._computeActorDepth(CausalityInterfaceForComposites.java:532)
	at ptolemy.actor.util.CausalityInterfaceForComposites.checkForCycles(CausalityInterfaceForComposites.java:96)
	at ptolemy.domains.de.kernel.DEDirector.preinitialize(DEDirector.java:1338)
	at ptolemy.actor.CompositeActor.preinitialize(CompositeActor.java:1828)
	at ptolemy.actor.Manager.preinitializeAndResolveTypes(Manager.java:1040)
	at ptolemy.actor.Manager.initialize(Manager.java:710)
	at ptolemy.actor.Manager.execute(Manager.java:356)
	at ptolemy.actor.Manager.run(Manager.java:1263)
	at ptolemy.actor.Manager$PtolemyRunThread.run(Manager.java:1915)
java.lang.RuntimeException: Execution failed
	at ptolemy.moml.MoMLSimpleApplication$UnloadThread.run(MoMLSimpleApplication.java:402)
Caused by: ptolemy.kernel.util.IllegalActionException: Test fails in iteration 1.
Value was: 1.0. Should have been: 2.0
  in .DirectFeedback.Test
	at ptolemy.actor.lib.Test.fire(Test.java:268)
	at ptolemy.domains.de.kernel.DEDirector._fire(DEDirector.java:1949)
	at ptolemy.domains.de.kernel.DEDirector.fire(DEDirector.java:502)
	at ptolemy.actor.CompositeActor.fire(CompositeActor.java:455)
	at ptolemy.actor.Manager.iterate(Manager.java:851)
	at ptolemy.actor.Manager.execute(Manager.java:369)
	at ptolemy.actor.Manager.run(Manager.java:1263)
	at ptolemy.actor.Manager$PtolemyRunThread.run(Manager.java:1915)
java.lang.RuntimeException: Execution failed
	at ptolemy.moml.MoMLSimpleApplication$UnloadThread.run(MoMLSimpleApplication.java:402)
Caused by: ptolemy.kernel.util.IllegalActionException: Actor is not ready to fire.  Perhaps UpSample.prefire() returned false? Try debugging the actor by selecting "Listen to Actor".  Also, for SDF check moml for tokenConsumptionRate on input.
  in .DESDFClockTest.Play Bell.Copy1:SDF Director and .DESDFClockTest.Play Bell.UpSample
	at ptolemy.actor.sched.StaticSchedulingDirector.fire(StaticSchedulingDirector.java:227)
	at ptolemy.domains.sdf.kernel.SDFDirector.fire(SDFDirector.java:500)
	at ptolemy.actor.CompositeActor.fire(CompositeActor.java:455)
	at ptolemy.domains.de.kernel.DEDirector._fire(DEDirector.java:1949)
	at ptolemy.domains.de.kernel.DEDirector.fire(DEDirector.java:502)
	at ptolemy.actor.CompositeActor.fire(CompositeActor.java:455)
	at ptolemy.actor.Manager.iterate(Manager.java:851)
	at ptolemy.actor.Manager.execute(Manager.java:369)
	at ptolemy.actor.Manager.run(Manager.java:1263)
	at ptolemy.actor.Manager$PtolemyRunThread.run(Manager.java:1915)
java.lang.reflect.InvocationTargetException
	at sun.reflect.NativeConstructorAccessorImpl.newInstance0(Native Method)
	at sun.reflect.NativeConstructorAccessorImpl.newInstance(NativeConstructorAccessorImpl.java:62)
	at sun.reflect.DelegatingConstructorAccessorImpl.newInstance(DelegatingConstructorAccessorImpl.java:45)
	at java.lang.reflect.Constructor.newInstance(Constructor.java:423)
	at ptolemy.util.test.junit.AutoKnownFailedTests.RunModel(AutoKnownFailedTests.java:105)
	at sun.reflect.NativeMethodAccessorImpl.invoke0(Native Method)
	at sun.reflect.NativeMethodAccessorImpl.invoke(NativeMethodAccessorImpl.java:62)
	at sun.reflect.DelegatingMethodAccessorImpl.invoke(DelegatingMethodAccessorImpl.java:43)
	at java.lang.reflect.Method.invoke(Method.java:498)
	at org.junit.runners.model.FrameworkMethod$1.runReflectiveCall(FrameworkMethod.java:44)
	at org.junit.internal.runners.model.ReflectiveCallable.run(ReflectiveCallable.java:15)
	at org.junit.runners.model.FrameworkMethod.invokeExplosively(FrameworkMethod.java:41)
	at junitparams.internal.InvokeParameterisedMethod.evaluate(InvokeParameterisedMethod.java:102)
	at org.junit.internal.runners.statements.FailOnTimeout$1.run(FailOnTimeout.java:28)
Caused by: ptolemy.kernel.util.IllegalActionException: Actor is not ready to fire.  Perhaps UpSample.prefire() returned false? Try debugging the actor by selecting "Listen to Actor".  Also, for SDF check moml for tokenConsumptionRate on input.
  in .DESDFClockTest.Play Bell.Copy1:SDF Director and .DESDFClockTest.Play Bell.UpSample
	at ptolemy.actor.sched.StaticSchedulingDirector.fire(StaticSchedulingDirector.java:227)
	at ptolemy.domains.sdf.kernel.SDFDirector.fire(SDFDirector.java:500)
	at ptolemy.actor.CompositeActor.fire(CompositeActor.java:455)
	at ptolemy.domains.de.kernel.DEDirector._fire(DEDirector.java:1949)
	at ptolemy.domains.de.kernel.DEDirector.fire(DEDirector.java:502)
	at ptolemy.actor.CompositeActor.fire(CompositeActor.java:455)
	at ptolemy.actor.Manager.iterate(Manager.java:851)
	at ptolemy.actor.Manager.execute(Manager.java:369)
	at ptolemy.actor.Manager.run(Manager.java:1263)
	at ptolemy.actor.Manager$PtolemyRunThread.run(Manager.java:1915)
java.lang.RuntimeException: Execution failed
	at ptolemy.moml.MoMLSimpleApplication$UnloadThread.run(MoMLSimpleApplication.java:402)
Caused by: ptolemy.kernel.util.IllegalActionException: Test fails in iteration 1.
Value was: 1.0. Should have been: 2.0
  in .DirectFeedback.Test
	at ptolemy.actor.lib.Test.fire(Test.java:268)
	at ptolemy.domains.de.kernel.DEDirector._fire(DEDirector.java:1949)
	at ptolemy.domains.de.kernel.DEDirector.fire(DEDirector.java:502)
	at ptolemy.actor.CompositeActor.fire(CompositeActor.java:455)
	at ptolemy.actor.Manager.iterate(Manager.java:851)
	at ptolemy.actor.Manager.execute(Manager.java:369)
	at ptolemy.actor.Manager.run(Manager.java:1263)
	at ptolemy.actor.Manager$PtolemyRunThread.run(Manager.java:1915)
java.lang.reflect.InvocationTargetException
	at sun.reflect.NativeConstructorAccessorImpl.newInstance0(Native Method)
	at sun.reflect.NativeConstructorAccessorImpl.newInstance(NativeConstructorAccessorImpl.java:62)
	at sun.reflect.DelegatingConstructorAccessorImpl.newInstance(DelegatingConstructorAccessorImpl.java:45)
	at java.lang.reflect.Constructor.newInstance(Constructor.java:423)
	at ptolemy.util.test.junit.AutoKnownFailedTests.RunModel(AutoKnownFailedTests.java:105)
	at sun.reflect.NativeMethodAccessorImpl.invoke0(Native Method)
	at sun.reflect.NativeMethodAccessorImpl.invoke(NativeMethodAccessorImpl.java:62)
	at sun.reflect.DelegatingMethodAccessorImpl.invoke(DelegatingMethodAccessorImpl.java:43)
	at java.lang.reflect.Method.invoke(Method.java:498)
	at org.junit.runners.model.FrameworkMethod$1.runReflectiveCall(FrameworkMethod.java:44)
	at org.junit.internal.runners.model.ReflectiveCallable.run(ReflectiveCallable.java:15)
	at org.junit.runners.model.FrameworkMethod.invokeExplosively(FrameworkMethod.java:41)
	at junitparams.internal.InvokeParameterisedMethod.evaluate(InvokeParameterisedMethod.java:102)
	at org.junit.internal.runners.statements.FailOnTimeout$1.run(FailOnTimeout.java:28)
Caused by: ptolemy.kernel.util.IllegalActionException: Test fails in iteration 1.
Value was: 1.0. Should have been: 2.0
  in .DirectFeedback.Test
	at ptolemy.actor.lib.Test.fire(Test.java:268)
	at ptolemy.domains.de.kernel.DEDirector._fire(DEDirector.java:1949)
	at ptolemy.domains.de.kernel.DEDirector.fire(DEDirector.java:502)
	at ptolemy.actor.CompositeActor.fire(CompositeActor.java:455)
	at ptolemy.actor.Manager.iterate(Manager.java:851)
	at ptolemy.actor.Manager.execute(Manager.java:369)
	at ptolemy.actor.Manager.run(Manager.java:1263)
	at ptolemy.actor.Manager$PtolemyRunThread.run(Manager.java:1915)
java.lang.RuntimeException: Execution failed
	at ptolemy.moml.MoMLSimpleApplication$UnloadThread.run(MoMLSimpleApplication.java:402)
Caused by: ptolemy.kernel.util.IllegalActionException: Found a zero delay loop containing .HierarchicalModel.A
  in .HierarchicalModel and .HierarchicalModel.A
	at ptolemy.actor.util.CausalityInterfaceForComposites._computeOutputPortDepth(CausalityInterfaceForComposites.java:759)
	at ptolemy.actor.util.CausalityInterfaceForComposites._computeInputDepth(CausalityInterfaceForComposites.java:696)
	at ptolemy.actor.util.CausalityInterfaceForComposites._computeOutputPortDepth(CausalityInterfaceForComposites.java:765)
	at ptolemy.actor.util.CausalityInterfaceForComposites._computeInputDepth(CausalityInterfaceForComposites.java:696)
	at ptolemy.actor.util.CausalityInterfaceForComposites._computeOutputPortDepth(CausalityInterfaceForComposites.java:765)
	at ptolemy.actor.util.CausalityInterfaceForComposites._computeInputDepth(CausalityInterfaceForComposites.java:696)
	at ptolemy.actor.util.CausalityInterfaceForComposites._computeActorDepth(CausalityInterfaceForComposites.java:532)
	at ptolemy.actor.util.CausalityInterfaceForComposites.checkForCycles(CausalityInterfaceForComposites.java:96)
	at ptolemy.domains.de.kernel.DEDirector.preinitialize(DEDirector.java:1338)
	at ptolemy.actor.CompositeActor.preinitialize(CompositeActor.java:1828)
	at ptolemy.actor.Manager.preinitializeAndResolveTypes(Manager.java:1040)
	at ptolemy.actor.Manager.initialize(Manager.java:710)
	at ptolemy.actor.Manager.execute(Manager.java:356)
	at ptolemy.actor.Manager.run(Manager.java:1263)
	at ptolemy.actor.Manager$PtolemyRunThread.run(Manager.java:1915)
java.lang.reflect.InvocationTargetException
	at sun.reflect.NativeConstructorAccessorImpl.newInstance0(Native Method)
	at sun.reflect.NativeConstructorAccessorImpl.newInstance(NativeConstructorAccessorImpl.java:62)
	at sun.reflect.DelegatingConstructorAccessorImpl.newInstance(DelegatingConstructorAccessorImpl.java:45)
	at java.lang.reflect.Constructor.newInstance(Constructor.java:423)
	at ptolemy.util.test.junit.AutoKnownFailedTests.RunModel(AutoKnownFailedTests.java:105)
	at sun.reflect.NativeMethodAccessorImpl.invoke0(Native Method)
	at sun.reflect.NativeMethodAccessorImpl.invoke(NativeMethodAccessorImpl.java:62)
	at sun.reflect.DelegatingMethodAccessorImpl.invoke(DelegatingMethodAccessorImpl.java:43)
	at java.lang.reflect.Method.invoke(Method.java:498)
	at org.junit.runners.model.FrameworkMethod$1.runReflectiveCall(FrameworkMethod.java:44)
	at org.junit.internal.runners.model.ReflectiveCallable.run(ReflectiveCallable.java:15)
	at org.junit.runners.model.FrameworkMethod.invokeExplosively(FrameworkMethod.java:41)
	at junitparams.internal.InvokeParameterisedMethod.evaluate(InvokeParameterisedMethod.java:102)
	at org.junit.internal.runners.statements.FailOnTimeout$1.run(FailOnTimeout.java:28)
Caused by: ptolemy.kernel.util.IllegalActionException: Found a zero delay loop containing .HierarchicalModel.A
  in .HierarchicalModel and .HierarchicalModel.A
	at ptolemy.actor.util.CausalityInterfaceForComposites._computeOutputPortDepth(CausalityInterfaceForComposites.java:759)
	at ptolemy.actor.util.CausalityInterfaceForComposites._computeInputDepth(CausalityInterfaceForComposites.java:696)
	at ptolemy.actor.util.CausalityInterfaceForComposites._computeOutputPortDepth(CausalityInterfaceForComposites.java:765)
	at ptolemy.actor.util.CausalityInterfaceForComposites._computeInputDepth(CausalityInterfaceForComposites.java:696)
	at ptolemy.actor.util.CausalityInterfaceForComposites._computeOutputPortDepth(CausalityInterfaceForComposites.java:765)
	at ptolemy.actor.util.CausalityInterfaceForComposites._computeInputDepth(CausalityInterfaceForComposites.java:696)
	at ptolemy.actor.util.CausalityInterfaceForComposites._computeActorDepth(CausalityInterfaceForComposites.java:532)
	at ptolemy.actor.util.CausalityInterfaceForComposites.checkForCycles(CausalityInterfaceForComposites.java:96)
	at ptolemy.domains.de.kernel.DEDirector.preinitialize(DEDirector.java:1338)
	at ptolemy.actor.CompositeActor.preinitialize(CompositeActor.java:1828)
	at ptolemy.actor.Manager.preinitializeAndResolveTypes(Manager.java:1040)
	at ptolemy.actor.Manager.initialize(Manager.java:710)
	at ptolemy.actor.Manager.execute(Manager.java:356)
	at ptolemy.actor.Manager.run(Manager.java:1263)
	at ptolemy.actor.Manager$PtolemyRunThread.run(Manager.java:1915)
java.lang.RuntimeException: Execution failed
	at ptolemy.moml.MoMLSimpleApplication$UnloadThread.run(MoMLSimpleApplication.java:402)
Caused by: ptolemy.kernel.util.IllegalActionException: Found a zero delay loop containing .dependencyLoop.original
  in .dependencyLoop and .dependencyLoop.original
	at ptolemy.actor.util.CausalityInterfaceForComposites._computeOutputPortDepth(CausalityInterfaceForComposites.java:759)
	at ptolemy.actor.util.CausalityInterfaceForComposites._computeInputDepth(CausalityInterfaceForComposites.java:696)
	at ptolemy.actor.util.CausalityInterfaceForComposites._computeOutputPortDepth(CausalityInterfaceForComposites.java:765)
	at ptolemy.actor.util.CausalityInterfaceForComposites._computeInputDepth(CausalityInterfaceForComposites.java:696)
	at ptolemy.actor.util.CausalityInterfaceForComposites._computeOutputPortDepth(CausalityInterfaceForComposites.java:765)
	at ptolemy.actor.util.CausalityInterfaceForComposites._computeInputDepth(CausalityInterfaceForComposites.java:696)
	at ptolemy.actor.util.CausalityInterfaceForComposites._computeActorDepth(CausalityInterfaceForComposites.java:532)
	at ptolemy.actor.util.CausalityInterfaceForComposites.checkForCycles(CausalityInterfaceForComposites.java:96)
	at ptolemy.domains.de.kernel.DEDirector.preinitialize(DEDirector.java:1338)
	at ptolemy.actor.CompositeActor.preinitialize(CompositeActor.java:1828)
	at ptolemy.actor.Manager.preinitializeAndResolveTypes(Manager.java:1040)
	at ptolemy.actor.Manager.initialize(Manager.java:710)
	at ptolemy.actor.Manager.execute(Manager.java:356)
	at ptolemy.actor.Manager.run(Manager.java:1263)
	at ptolemy.actor.Manager$PtolemyRunThread.run(Manager.java:1915)
java.lang.reflect.InvocationTargetException
	at sun.reflect.NativeConstructorAccessorImpl.newInstance0(Native Method)
	at sun.reflect.NativeConstructorAccessorImpl.newInstance(NativeConstructorAccessorImpl.java:62)
	at sun.reflect.DelegatingConstructorAccessorImpl.newInstance(DelegatingConstructorAccessorImpl.java:45)
	at java.lang.reflect.Constructor.newInstance(Constructor.java:423)
	at ptolemy.util.test.junit.AutoKnownFailedTests.RunModel(AutoKnownFailedTests.java:105)
	at sun.reflect.NativeMethodAccessorImpl.invoke0(Native Method)
	at sun.reflect.NativeMethodAccessorImpl.invoke(NativeMethodAccessorImpl.java:62)
	at sun.reflect.DelegatingMethodAccessorImpl.invoke(DelegatingMethodAccessorImpl.java:43)
	at java.lang.reflect.Method.invoke(Method.java:498)
	at org.junit.runners.model.FrameworkMethod$1.runReflectiveCall(FrameworkMethod.java:44)
	at org.junit.internal.runners.model.ReflectiveCallable.run(ReflectiveCallable.java:15)
	at org.junit.runners.model.FrameworkMethod.invokeExplosively(FrameworkMethod.java:41)
	at junitparams.internal.InvokeParameterisedMethod.evaluate(InvokeParameterisedMethod.java:102)
	at org.junit.internal.runners.statements.FailOnTimeout$1.run(FailOnTimeout.java:28)
Caused by: ptolemy.kernel.util.IllegalActionException: Found a zero delay loop containing .dependencyLoop.original
  in .dependencyLoop and .dependencyLoop.original
	at ptolemy.actor.util.CausalityInterfaceForComposites._computeOutputPortDepth(CausalityInterfaceForComposites.java:759)
	at ptolemy.actor.util.CausalityInterfaceForComposites._computeInputDepth(CausalityInterfaceForComposites.java:696)
	at ptolemy.actor.util.CausalityInterfaceForComposites._computeOutputPortDepth(CausalityInterfaceForComposites.java:765)
	at ptolemy.actor.util.CausalityInterfaceForComposites._computeInputDepth(CausalityInterfaceForComposites.java:696)
	at ptolemy.actor.util.CausalityInterfaceForComposites._computeOutputPortDepth(CausalityInterfaceForComposites.java:765)
	at ptolemy.actor.util.CausalityInterfaceForComposites._computeInputDepth(CausalityInterfaceForComposites.java:696)
	at ptolemy.actor.util.CausalityInterfaceForComposites._computeActorDepth(CausalityInterfaceForComposites.java:532)
	at ptolemy.actor.util.CausalityInterfaceForComposites.checkForCycles(CausalityInterfaceForComposites.java:96)
	at ptolemy.domains.de.kernel.DEDirector.preinitialize(DEDirector.java:1338)
	at ptolemy.actor.CompositeActor.preinitialize(CompositeActor.java:1828)
	at ptolemy.actor.Manager.preinitializeAndResolveTypes(Manager.java:1040)
	at ptolemy.actor.Manager.initialize(Manager.java:710)
	at ptolemy.actor.Manager.execute(Manager.java:356)
	at ptolemy.actor.Manager.run(Manager.java:1263)
	at ptolemy.actor.Manager$PtolemyRunThread.run(Manager.java:1915)
java.lang.RuntimeException: Execution failed
	at ptolemy.moml.MoMLSimpleApplication$UnloadThread.run(MoMLSimpleApplication.java:402)
Caused by: ptolemy.kernel.util.IllegalActionException: Found a zero delay loop containing .dependencyLoop2.original
  in .dependencyLoop2 and .dependencyLoop2.original
	at ptolemy.actor.util.CausalityInterfaceForComposites._computeOutputPortDepth(CausalityInterfaceForComposites.java:759)
	at ptolemy.actor.util.CausalityInterfaceForComposites._computeInputDepth(CausalityInterfaceForComposites.java:696)
	at ptolemy.actor.util.CausalityInterfaceForComposites._computeOutputPortDepth(CausalityInterfaceForComposites.java:765)
	at ptolemy.actor.util.CausalityInterfaceForComposites._computeInputDepth(CausalityInterfaceForComposites.java:696)
	at ptolemy.actor.util.CausalityInterfaceForComposites._computeOutputPortDepth(CausalityInterfaceForComposites.java:765)
	at ptolemy.actor.util.CausalityInterfaceForComposites._computeInputDepth(CausalityInterfaceForComposites.java:696)
	at ptolemy.actor.util.CausalityInterfaceForComposites._computeActorDepth(CausalityInterfaceForComposites.java:532)
	at ptolemy.actor.util.CausalityInterfaceForComposites.checkForCycles(CausalityInterfaceForComposites.java:96)
	at ptolemy.domains.de.kernel.DEDirector.preinitialize(DEDirector.java:1338)
	at ptolemy.actor.CompositeActor.preinitialize(CompositeActor.java:1828)
	at ptolemy.actor.Manager.preinitializeAndResolveTypes(Manager.java:1040)
	at ptolemy.actor.Manager.initialize(Manager.java:710)
	at ptolemy.actor.Manager.execute(Manager.java:356)
	at ptolemy.actor.Manager.run(Manager.java:1263)
	at ptolemy.actor.Manager$PtolemyRunThread.run(Manager.java:1915)
java.lang.reflect.InvocationTargetException
	at sun.reflect.NativeConstructorAccessorImpl.newInstance0(Native Method)
	at sun.reflect.NativeConstructorAccessorImpl.newInstance(NativeConstructorAccessorImpl.java:62)
	at sun.reflect.DelegatingConstructorAccessorImpl.newInstance(DelegatingConstructorAccessorImpl.java:45)
	at java.lang.reflect.Constructor.newInstance(Constructor.java:423)
	at ptolemy.util.test.junit.AutoKnownFailedTests.RunModel(AutoKnownFailedTests.java:105)
	at sun.reflect.NativeMethodAccessorImpl.invoke0(Native Method)
	at sun.reflect.NativeMethodAccessorImpl.invoke(NativeMethodAccessorImpl.java:62)
	at sun.reflect.DelegatingMethodAccessorImpl.invoke(DelegatingMethodAccessorImpl.java:43)
	at java.lang.reflect.Method.invoke(Method.java:498)
	at org.junit.runners.model.FrameworkMethod$1.runReflectiveCall(FrameworkMethod.java:44)
	at org.junit.internal.runners.model.ReflectiveCallable.run(ReflectiveCallable.java:15)
	at org.junit.runners.model.FrameworkMethod.invokeExplosively(FrameworkMethod.java:41)
	at junitparams.internal.InvokeParameterisedMethod.evaluate(InvokeParameterisedMethod.java:102)
	at org.junit.internal.runners.statements.FailOnTimeout$1.run(FailOnTimeout.java:28)
Caused by: ptolemy.kernel.util.IllegalActionException: Found a zero delay loop containing .dependencyLoop2.original
  in .dependencyLoop2 and .dependencyLoop2.original
	at ptolemy.actor.util.CausalityInterfaceForComposites._computeOutputPortDepth(CausalityInterfaceForComposites.java:759)
	at ptolemy.actor.util.CausalityInterfaceForComposites._computeInputDepth(CausalityInterfaceForComposites.java:696)
	at ptolemy.actor.util.CausalityInterfaceForComposites._computeOutputPortDepth(CausalityInterfaceForComposites.java:765)
	at ptolemy.actor.util.CausalityInterfaceForComposites._computeInputDepth(CausalityInterfaceForComposites.java:696)
	at ptolemy.actor.util.CausalityInterfaceForComposites._computeOutputPortDepth(CausalityInterfaceForComposites.java:765)
	at ptolemy.actor.util.CausalityInterfaceForComposites._computeInputDepth(CausalityInterfaceForComposites.java:696)
	at ptolemy.actor.util.CausalityInterfaceForComposites._computeActorDepth(CausalityInterfaceForComposites.java:532)
	at ptolemy.actor.util.CausalityInterfaceForComposites.checkForCycles(CausalityInterfaceForComposites.java:96)
	at ptolemy.domains.de.kernel.DEDirector.preinitialize(DEDirector.java:1338)
	at ptolemy.actor.CompositeActor.preinitialize(CompositeActor.java:1828)
	at ptolemy.actor.Manager.preinitializeAndResolveTypes(Manager.java:1040)
	at ptolemy.actor.Manager.initialize(Manager.java:710)
	at ptolemy.actor.Manager.execute(Manager.java:356)
	at ptolemy.actor.Manager.run(Manager.java:1263)
	at ptolemy.actor.Manager$PtolemyRunThread.run(Manager.java:1915)
]]></system-err>
</testsuite>
