<?xml version="1.0" encoding="UTF-8" ?>
<testsuite errors="0" failures="0" hostname="travis-job-be7ad364-09d5-4018-9b59-b0086155663b" name="ptolemy.actor.lib.test.junit.JUnitTclTest" skipped="0" tests="517" time="64.351" timestamp="2020-03-04T17:09:22">
  <properties>
    <property name="npm.executable" value="npm" />
    <property name="env.TRAVIS_ROOT" value="/" />
    <property name="ptII.mk.exists" value="true" />
    <property name="env.TRAVIS_APP_HOST" value="build.travis-ci.org" />
    <property name="env.rvm_bin_path" value="/home/travis/.rvm/bin" />
    <property name="java.home" value="/usr/local/lib/jvm/openjdk11" />
    <property name="env.TRAVIS_JOB_NUMBER" value="1548.8" />
    <property name="env.TRAVIS_HOME" value="/home/travis" />
    <property name="env.DISPLAY" value=":99.0" />
    <property name="env.TRAVIS_INIT" value="systemd" />
    <property name="env.SSH_TTY" value="/dev/pts/0" />
    <property name="java.net.preferIPv4Stack" value="true" />
    <property name="env.RUN_TESTS" value="true" />
    <property name="timeout.short" value="1000000" />
    <property name="junit.formatter" value="xml" />
    <property name="env.TRAVIS_SUDO" value="true" />
    <property name="env.TRAVIS_JOB_NAME" value="" />
    <property name="env.TRAVIS_STACK_NODE_ATTRIBUTES" value="/.node-attributes.yml" />
    <property name="env.LOGNAME" value="travis" />
    <property name="env.PT_TRAVIS_TEST_CORE1_XML" value="true" />
    <property name="jsdoc.home" value="node_modules/@terraswarm/jsdoc" />
    <property name="debuglevel" value="source,lines,vars" />
    <property name="checkstyle.formatter" value="xml" />
    <property name="env._system_version" value="16.04" />
    <property name="bin.vergil.makeable" value="true" />
    <property name="sun.os.patch.level" value="unknown" />
    <property name="java.vendor.url" value="http://java.oracle.com/" />
    <property name="env.TRAVIS_BUILD_WEB_URL" value="https://travis-ci.org/icyphy/ptII/builds/658297868" />
    <property name="java.version" value="11.0.2" />
    <property name="env.TZ" value="UTC" />
    <property name="env.TRAVIS_PULL_REQUEST_SHA" value="" />
    <property name="env.PT_NO_NET" value="true" />
    <property name="env.TRAVIS_SECURE_ENV_VARS" value="true" />
    <property name="env._system_type" value="Linux" />
    <property name="java.vendor.url.bug" value="http://bugreport.java.com/bugreport/" />
    <property name="npmjs-org-is-up" value="true" />
    <property name="env.LANGUAGE" value="en_US.UTF-8" />
    <property name="env.SSH_CLIENT" value="10.52.5.15 53770 22" />
    <property name="env.GEM_HOME" value="/home/travis/.rvm/gems/ruby-2.5.3" />
    <property name="env.HAS_ANTARES_THREE_LITTLE_FRONZIES_BADGE" value="true" />
    <property name="java.version.date" value="2019-01-15" />
    <property name="env.PS4" value="+" />
    <property name="ant.project.invoked-targets" value="build,test.core1.xml" />
    <property name="env.TRAVIS_PULL_REQUEST_BRANCH" value="" />
    <property name="env.TRAVIS_REPO_SLUG" value="icyphy/ptII" />
    <property name="env.XDG_DATA_DIRS" value="/usr/local/share:/usr/share:/var/lib/snapd/desktop" />
    <property name="jdk.debug" value="release" />
    <property name="env.TRAVIS_APT_PROXY" value="http://build-cache.travisci.net" />
    <property name="env.TRAVIS_CPU_ARCH" value="amd64" />
    <property name="node.in.path" value="true" />
    <property name="user.name" value="travis" />
    <property name="java.maxmemory" value="1400m" />
    <property name="env.RUBY_VERSION" value="ruby-2.5.3" />
    <property name="env.LANG" value="en_US.UTF-8" />
    <property name="sun.io.unicode.encoding" value="UnicodeLittle" />
    <property name="sun.jnu.encoding" value="UTF-8" />
    <property name="java.runtime.name" value="OpenJDK Runtime Environment" />
    <property name="usefile" value="false" />
    <property name="return.code" value="0" />
    <property name="junit.single.formatter" value="plain" />
    <property name="env.DYLD_LIBRARY_PATH" value="/home/travis/pthla/certi-tools/lib:" />
    <property name="env.DEBIAN_FRONTEND" value="noninteractive" />
    <property name="env.SSH_CONNECTION" value="10.52.5.15 53770 10.20.1.208 22" />
    <property name="env.MYSQL_UNIX_PORT" value="/var/run/mysqld/mysqld.sock" />
    <property name="env.LC_ALL" value="en_US.UTF-8" />
    <property name="env.TRAVIS_ALLOW_FAILURE" value="false" />
    <property name="env.TRAVIS_JOB_WEB_URL" value="https://travis-ci.org/icyphy/ptII/jobs/658297878" />
    <property name="java.specification.name" value="Java Platform API Specification" />
    <property name="node.works" value="true" />
    <property name="user.timezone" value="" />
    <property name="path.separator" value=":" />
    <property name="env.TRAVIS_ENABLE_INFRA_DETECTION" value="true" />
    <property name="env.PYTHON_CFLAGS" value="-g -fstack-protector --param=ssp-buffer-size=4 -Wformat -Werror=format-security" />
    <property name="timeout.long" value="4000000" />
    <property name="env.CERTI_HOME" value="/home/travis/pthla/certi-tools" />
    <property name="ant.file.ptII" value="/home/travis/build/icyphy/ptII/build.xml" />
    <property name="javadoc.packagenames" value="com.*,diva.*,lbnl.*,org.hlacerti.*,org.json.*,org.ptolemy.*,org.terraswarm.*,ptolemy.*,ptserver.*" />
    <property name="file.encoding" value="UTF-8" />
    <property name="env.TRAVIS_PULL_REQUEST_SLUG" value="" />
    <property name="ant.project.default-target" value="build" />
    <property name="env.GIT_ASKPASS" value="echo" />
    <property name="env.HOME" value="/home/travis" />
    <property name="sun.java.command" value="org.apache.tools.ant.taskdefs.optional.junit.JUnitTestRunner ptolemy.actor.lib.test.junit.JUnitTclTest skipNonTests=false filtertrace=true haltOnError=false haltOnFailure=false formatter=org.apache.tools.ant.taskdefs.optional.junit.OutErrSummaryJUnitResultFormatter showoutput=true outputtoformatters=true logfailedtests=true threadid=0 logtestlistenerevents=false formatter=org.apache.tools.ant.taskdefs.optional.junit.XMLJUnitResultFormatter,/home/travis/build/icyphy/ptII/reports/junit/TEST-ptolemy.actor.lib.test.junit.JUnitTclTest.xml crashfile=/home/travis/build/icyphy/ptII/junitvmwatcher5808336957669570314.properties propsfile=/home/travis/build/icyphy/ptII/junit10139194926253807604.properties" />
    <property name="env.COMPOSER_NO_INTERACTION" value="1" />
    <property name="env.MANPATH" value="/home/travis/.nvm/versions/node/v7.10.1/share/man:/home/travis/.rvm/rubies/ruby-2.5.3/share/man:/usr/local/cmake-3.12.4/man:/usr/local/clang-7.0.0/share/man:/usr/local/man:/usr/local/share/man:/usr/share/man:/home/travis/.rvm/man" />
    <property name="env.TRAVIS_TIMER_ID" value="39616b0c" />
    <property name="ant.file" value="/home/travis/build/icyphy/ptII/build.xml" />
    <property name="env.TRAVIS_COMMIT_RANGE" value="6e909b80a548...7917ffb2e2ed" />
    <property name="env._system_name" value="Ubuntu" />
    <property name="ptII.classpath.optional.property" value="/home/travis/build/icyphy/ptII/lib/bsh-2.0b4.jar:/home/travis/build/icyphy/ptII/lib/ptCal.jar:/home/travis/build/icyphy/ptII/lib/java_cup.jar:/home/travis/build/icyphy/ptII/lib/saxon8.jar:/home/travis/build/icyphy/ptII/lib/saxon8-dom.jar:/home/travis/build/icyphy/ptII/lib/chic.jar:/home/travis/build/icyphy/ptII/lib/ptcolt.jar:/home/travis/build/icyphy/ptII/vendors/misc/itext/iText.jar:/home/travis/build/icyphy/ptII/lib/g4ltl.jar:/home/travis/build/icyphy/ptII/lib/StructuralCoder.jar:/home/travis/build/icyphy/ptII/lib/jcerti.jar:/home/travis/build/icyphy/ptII/lib/javax.mail.jar:/home/travis/build/icyphy/ptII/vendors/JMF-2.1.1e/lib/jmf.jar:/home/travis/build/icyphy/ptII/lib/jna-4.0.0-variadic.jar:/home/travis/build/icyphy/ptII/vendors/misc/joystick/Joystick.jar:/home/travis/build/icyphy/ptII/lib/ptjacl.jar:/home/travis/build/icyphy/ptII/lib/jsoup-1.8.2.jar:/home/travis/build/icyphy/ptII/lib/junit-4.8.2.jar:/home/travis/build/icyphy/ptII/lib/JUnitParams-0.4.0.jar:/home/travis/build/icyphy/ptII/ptolemy/actor/lib/excel/jxl.jar:/home/travis/build/icyphy/ptII/lib/jython.jar:/home/travis/build/icyphy/ptII/lib/kieler.jar:/home/travis/build/icyphy/ptII/vendors/opencv/share/OpenCV/java/opencv-341.jar:/home/travis/build/icyphy/ptII/lib/oscP5.jar:/home/travis/build/icyphy/ptII/lib/nrjavaserial-3.11.0.devel.jar:/home/travis/build/icyphy/ptII/vendors/j3d/lib/Linux/j3dcore.jar:/home/travis/build/icyphy/ptII/vendors/j3d/lib/Linux/j3dutils.jar:/home/travis/build/icyphy/ptII/vendors/j3d/lib/Linux/vecmath.jar:/home/travis/build/icyphy/ptII/vendors/jogl/lib/Linux/gluegen-rt-natives-linux-amd64.jar:/home/travis/build/icyphy/ptII/vendors/jogl/lib/Linux/gluegen-rt.jar:/home/travis/build/icyphy/ptII/vendors/jogl/lib/Linux/jogl-all-natives-linux-amd64.jar:/home/travis/build/icyphy/ptII/vendors/jogl/lib/Linux/jogl-all.jar:/home/travis/build/icyphy/ptII/ptolemy/distributed/jini/jar/jini-core.jar:/home/travis/build/icyphy/ptII/ptolemy/distributed/jini/jar/jini-ext.jar:/home/travis/build/icyphy/ptII/ptolemy/distributed/jini/jar/sun-util.jar:/home/travis/build/icyphy/ptII/lib/protobuf-java-2.4.1.jar:/home/travis/build/icyphy/ptII/lib/org.eclipse.paho.client.mqttv3.jar:/home/travis/build/icyphy/ptII/lib/mapss.jar:/home/travis/build/icyphy/ptII/ptolemy/actor/ptalon/antlr/antlr.jar:/home/travis/build/icyphy/ptII/lib/JRI.jar:/home/travis/build/icyphy/ptII/lib/commons-lang-2.6.jar:/home/travis/build/icyphy/ptII/lib/commons-logging-1.1.1.jar:/home/travis/build/icyphy/ptII/lib/sootclasses.jar:/home/travis/build/icyphy/ptII/ptolemy/actor/lib/database/mysql-connector-java-5.1.6-bin.jar:/home/travis/build/icyphy/ptII/vendors/misc/sphinx4/sphinx4-data-5prealpha.jar:/home/travis/build/icyphy/ptII/vendors/misc/sphinx4/sphinx4-core-5prealpha.jar:/home/travis/build/icyphy/ptII/lib/PDFRenderer.jar:/home/travis/build/icyphy/ptII/lib/svgSalamander.jar:/home/travis/build/icyphy/ptII/lib/rsyntaxtextarea-2.6.0-SNAPSHOT.jar:/home/travis/build/icyphy/ptII/lib/hazelcast-3.8.2.jar:/home/travis/build/icyphy/ptII/lib/jackson-annotations-2.9.0.jar:/home/travis/build/icyphy/ptII/lib/jackson-core-2.9.3.jar:/home/travis/build/icyphy/ptII/lib/jackson-databind-2.9.3.jar:/home/travis/build/icyphy/ptII/lib/netty-buffer-4.1.19.Final.jar:/home/travis/build/icyphy/ptII/lib/netty-codec-4.1.19.Final.jar:/home/travis/build/icyphy/ptII/lib/netty-codec-dns-4.1.19.Final.jar:/home/travis/build/icyphy/ptII/lib/netty-codec-http-4.1.19.Final.jar:/home/travis/build/icyphy/ptII/lib/netty-codec-http2-4.1.19.Final.jar:/home/travis/build/icyphy/ptII/lib/netty-common-4.1.19.Final.jar:/home/travis/build/icyphy/ptII/lib/netty-handler-4.1.19.Final.jar:/home/travis/build/icyphy/ptII/lib/netty-resolver-4.1.19.Final.jar:/home/travis/build/icyphy/ptII/lib/netty-resolver-dns-4.1.19.Final.jar:/home/travis/build/icyphy/ptII/lib/netty-transport-4.1.19.Final.jar:/home/travis/build/icyphy/ptII/lib/vertx-codegen-3.5.1.jar:/home/travis/build/icyphy/ptII/lib/vertx-core-3.5.2-SNAPSHOT.jar:/home/travis/build/icyphy/ptII/lib/vertx-hazelcast-3.5.1.jar:/home/travis/build/icyphy/ptII/lib/vertx-lang-js-3.5.1.jar:/home/travis/build/icyphy/ptII/lib/vertx-service-proxy-3.5.1.jar:/home/travis/build/icyphy/ptII/lib/vertx-web-3.5.1.jar:/home/travis/build/icyphy/ptII/lib/slf4j-api-1.7.13.jar:/home/travis/build/icyphy/ptII/lib/slf4j-simple-1.7.13.jar:/home/travis/build/icyphy/ptII/lib/webcam-capture-0.3.12.jar:/home/travis/build/icyphy/ptII/lib/bridj-0.7.0.jar:/home/travis/build/icyphy/ptII/lib/xbjlib-1.1.0.nrjavaserial.jar" />
    <property name="timeout" value="2400000" />
    <property name="test.batch" value="**/junit/*.java" />
    <property name="env._" value="/usr/bin/timeout" />
    <property name="java.io.tmpdir" value="/tmp" />
    <property name="user.language" value="en" />
    <property name="env.TRAVIS_INTERNAL_RUBY_REGEX" value="^ruby-(2\.[0-4]\.[0-9]|1\.9\.3)" />
    <property name="env.HISTCONTROL" value="ignoredups:ignorespace" />
    <property name="env.GOROOT" value="/home/travis/.gimme/versions/go1.11.1.linux.amd64" />
    <property name="line.separator" value="&#xa;" />
    <property name="target" value="11" />
    <property name="env.TRAVIS_BUILD_DIR" value="/home/travis/build/icyphy/ptII" />
    <property name="env.ANT_OPTS" value="-Xmx2048m" />
    <property name="ant.file.type" value="file" />
    <property name="ptolemy.ptII.batchMode" value="true" />
    <property name="env.HISTSIZE" value="1000" />
    <property name="env.MERB_ENV" value="test" />
    <property name="java.vm.info" value="mixed mode" />
    <property name="source" value="11" />
    <property name="java.vm.specification.name" value="Java Virtual Machine Specification" />
    <property name="env.TRAVIS_TEST_RESULT" value="0" />
    <property name="jsdoc.command" value="node_modules/@terraswarm/jsdoc/jsdoc.js" />
    <property name="npm.works" value="true" />
    <property name="cobertura.dir" value="/home/travis/build/icyphy/ptII/vendors/cobertura-2.0.3" />
    <property name="jsdoc.command.exists" value="true" />
    <property name="env.rvm_path" value="/home/travis/.rvm" />
    <property name="env.GEM_PATH" value="/home/travis/.rvm/gems/ruby-2.5.3:/home/travis/.rvm/gems/ruby-2.5.3@global" />
    <property name="env.LC_CTYPE" value="en_US.UTF-8" />
    <property name="env.TRAVIS_CMD" value="$PTII/bin/ptIITravisBuild.sh $SECONDS" />
    <property name="java.awt.printerjob" value="sun.print.PSPrinterJob" />
    <property name="env.TRAVIS_STACK_NAME" value="sardonyx" />
    <property name="env.TRAVIS_TIMER_START_TIME" value="1583341099765993983" />
    <property name="ant.version" value="Apache Ant(TM) version 1.10.1 compiled on February 2 2017" />
    <property name="ptII.reports" value="/home/travis/build/icyphy/ptII/reports" />
    <property name="env.TRAVIS_STACK_TIMESTAMP" value="2019-03-25 16:16:56 UTC" />
    <property name="ant.file.type.ptII" value="file" />
    <property name="env.RBENV_SHELL" value="bash" />
    <property name="os.name" value="Linux" />
    <property name="java.specification.vendor" value="Oracle Corporation" />
    <property name="env.rvm_version" value="1.29.7 (latest)" />
    <property name="env.TRAVIS_INFRA" value="unknown" />
    <property name="env.TERM" value="xterm" />
    <property name="java.vm.name" value="OpenJDK 64-Bit Server VM" />
    <property name="env.TRAVIS_BUILD_NUMBER" value="1548" />
    <property name="env.CI" value="true" />
    <property name="java.library.path" value="/home/travis/pthla/certi-tools/lib:/usr/lib/jni:/usr/local/share/OpenCV/java/:/usr/share/OpenCV/java::/usr/java/packages/lib:/usr/lib64:/lib64:/lib:/usr/lib" />
    <property name="jdk.module.path" value="/home/travis/build/icyphy/ptII/vendors/javafx/javafx-sdk-11.0.2/lib:" />
    <property name="env.rvm_prefix" value="/home/travis" />
    <property name="env.PATH" value="/home/travis/pthla/certi-tools/share/scripts:/home/travis/.rvm/gems/ruby-2.5.3/bin:/home/travis/.rvm/gems/ruby-2.5.3@global/bin:/home/travis/.rvm/rubies/ruby-2.5.3/bin:/home/travis/.rvm/bin:/home/travis/.nvm/versions/node/v7.10.1/bin:./node_modules/.bin:/home/travis/build/icyphy/ptII/bin:/home/travis/pthla/certi-tools/bin:/home/travis/bin:/home/travis/.local/bin:/usr/local/lib/jvm/openjdk11/bin:/opt/pyenv/shims:/home/travis/.phpenv/shims:/home/travis/perl5/perlbrew/bin:/home/travis/gopath/bin:/home/travis/.gimme/versions/go1.11.1.linux.amd64/bin:/usr/local/maven-3.6.0/bin:/usr/local/cmake-3.12.4/bin:/usr/local/clang-7.0.0/bin:/usr/local/sbin:/usr/local/bin:/usr/sbin:/usr/bin:/sbin:/bin:/snap/bin:/home/travis/.phpenv/bin:/opt/pyenv/bin:/home/travis/.yarn/bin" />
    <property name="env.TRAVIS_OS_NAME" value="linux" />
    <property name="ant.java.version" value="9" />
    <property name="basedir" value="/home/travis/build/icyphy/ptII" />
    <property name="java.class.version" value="55.0" />
    <property name="env.SHLVL" value="3" />
    <property name="env.LD_LIBRARY_PATH" value="/home/travis/pthla/certi-tools/lib:/usr/lib/jni:/usr/local/share/OpenCV/java/:/usr/share/OpenCV/java:" />
    <property name="env.RACK_ENV" value="test" />
    <property name="ant.home" value="/home/travis/build/icyphy/ptII/ant" />
    <property name="env.NVM_DIR" value="/home/travis/.nvm" />
    <property name="env.CERTI_FOM_PATH" value="/home/travis/pthla/certi-tools/share/federations" />
    <property name="env.TRAVIS_BUILD_ID" value="658297868" />
    <property name="env.PYENV_ROOT" value="/opt/pyenv" />
    <property name="env.TRAVIS_UID" value="2000" />
    <property name="prism.verbose" value="true" />
    <property name="env.NVM_BIN" value="/home/travis/.nvm/versions/node/v7.10.1/bin" />
    <property name="env.TRAVIS_COMMIT" value="7917ffb2e2edf0e85ff8febd289009b01b7eb716" />
    <property name="env._system_arch" value="x86_64" />
    <property name="node.executable" value="node" />
    <property name="sun.boot.library.path" value="/usr/local/lib/jvm/openjdk11/lib" />
    <property name="sun.management.compiler" value="HotSpot 64-Bit Tiered Compilers" />
    <property name="java.awt.graphicsenv" value="sun.awt.X11GraphicsEnvironment" />
    <property name="env.GOPATH" value="/home/travis/gopath" />
    <property name="ptolemy.ptII.dir" value="/home/travis/build/icyphy/ptII" />
    <property name="env.USER" value="travis" />
    <property name="env.HISTFILESIZE" value="2000" />
    <property name="timeout.longest" value="19000000" />
    <property name="env.PERLBREW_SHELLRC_VERSION" value="0.86" />
    <property name="env.TRAVIS_STACK_FEATURES" value="basic couchdb disabled-ipv6 docker docker-compose elasticsearch firefox go-toolchain google-chrome jdk memcached mongodb mysql nodejs_interpreter perl_interpreter perlbrew phantomjs postgresql python_interpreter redis ruby_interpreter sqlite xserver" />
    <property name="env.TRAVIS_PULL_REQUEST" value="false" />
    <property name="env.PYENV_SHELL" value="bash" />
    <property name="ant.project.name" value="ptII" />
    <property name="env.ANSI_RESET" value="\033[0m" />
    <property name="java.vm.specification.version" value="11" />
    <property name="env.TRAVIS_DIST" value="xenial" />
    <property name="env.CERTI_VERSION" value="4.0.0" />
    <property name="env.CERTI_HOST" value="localhost" />
    <property name="awt.toolkit" value="sun.awt.X11.XToolkit" />
    <property name="env.MY_RUBY_HOME" value="/home/travis/.rvm/rubies/ruby-2.5.3" />
    <property name="sun.cpu.isalist" value="" />
    <property name="env.TRAVIS_TMPDIR" value="/tmp/tmp.QnzHjZTEco" />
    <property name="java.vm.compressedOopsMode" value="Zero based" />
    <property name="os.version" value="4.15.0-1028-gcp" />
    <property name="user.home" value="/home/travis" />
    <property name="java.vm.vendor" value="Oracle Corporation" />
    <property name="env.TRAVIS_TAG" value="nightly" />
    <property name="env.ANSI_YELLOW" value="\033[33;1m" />
    <property name="env.TRAVIS_FILTERED" value="redirect_io" />
    <property name="env.ANSI_GREEN" value="\033[32;1m" />
    <property name="env.JAVA_HOME" value="/usr/local/lib/jvm/openjdk11" />
    <property name="javadoc.excludepackagenames" value="adm.cvs2svn.*,build.*,config.*,doc.coding.templates.*,jni.test.jni.meaningOfLife.*,jni.test.jni.testDeux.*,jni.test.jni.testTrois.*,org.terraswarm.accessor.accessors.web.node_modules.*,org.terraswarm.accessor.accessors.web.hosts.cordova.demo.*,org.terraswarm.accessor.accessors.web.hosts.cordova.plugins.*,org.terraswarm.accessor.accessors-svn.*,pt-modules.*,ptolemy.apps.agilent.*,ptolemy.apps.anytimecontrol.*,ptolemy.apps.apes.*,ptolemy.apps.charon.*,ptolemy.apps.crazyboard.*,ptolemy.apps.eclipse.*,ptolemy.apps.etherealSting.*,ptolemy.apps.fullscreen.*,ptolemy.apps.giotto.*,ptolemy.apps.ia.*,ptolemy.apps.interfaces.*,ptolemy.apps.jmf.*,ptolemy.apps.kurt.*,ptolemy.apps.kvm.*,ptolemy.apps.lego.*,ptolemy.apps.lejos.*,ptolemy.apps.midp.*,ptolemy.apps.mobileCoding.*,ptolemy.apps.pendulum.*,ptolemy.apps.rijndael.*,ptolemy.apps.robot.*,ptolemy.apps.security.*,ptolemy.apps.sobel.*,ptolemy.apps.soot.*,ptolemy.apps.throttle.*,ptolemy.apps.tini.*,ptolemy.apps.transmission.*,ptolemy.apps.vergil.*,ptolemy.apps.waba.*,ptolemy.apps.websensor.*,ptolemy.apps.webstart.*,ptolemy.apps.xsl.*,ptolemy.apps.zaurus.*,ptolemy.codegen.c.actor.lib.oldJavaFiles.*,ptolemy.codegen.dsp.lib.*,ptolemy.codegen.kernel.newInterfaces.*,ptolemy.codegen.lib.*,ptolemy.copernicus.kernel.fragment.*,ptolemy.copernicus.shallow.cg.*,ptolemy.domains.giotto.demo.Hierarchy.Hierarchy.*,ptolemy.domains.giotto.demo.Multimode.Multimode.*,ptolemy.domains.giotto.demo.Simple.Simple.*,ptolemy.domains.gr.lib.experimental.*,ptolemy.domains.gro.*,ptolemy.domains.pdf.*,ptolemy.domains.ptinyos.demo.Surge.output.*,ptolemy.moml.test.NoPackageActor.java*,ptolemy.plot.adm.*,ptolemy.plot.servlet.*,reports.*,signed.*,src.*,target.*,vendors.*,ptolemy.copernicus.applet.*,ptolemy.media.viewer.*,ptolemy.actor.corba.*,doc.doclets.*,ptolemy.apps.eclipse.awt.*,ptolemy.backtrack.*,ptolemy.backtrack.ast.*,ptolemy.cg.adapter.generic.program.procedural.c.mbed*,ptolemy.homer.*,ptolemy.actor.lib.jai.*,org.ptolemy.scala.*,diva.util.java2d.svg.*,ptolemy.domains.ptinyos.*,ptolemy.actor.lib.fmi.fmipp.*,,org.terraswarm.accessor.accessors.web.node_modules.*,org.terraswarm.accessor.accessors-svn,ptolemy.apps.*,ptolemy.actor.ptalon.demo.ptinyos.SendAndReceiveCnt.output,ptolemy.actor.ptalon.demo.ptinyos.SenseToLeds.output,ptolemy.domains.ptinyos.demo.CntToLedsAndRfm.output,ptolemy.domains.ptinyos.demo.RfmToLeds.output,ptolemy.domains.ptinyos.demo.SendAndReceiveCnt.output,ptolemy.domains.ptinyos.demo.SenseToLeds.output,ptolemy.actor.lib.jjs.modules.udpSocket.*" />
    <property name="env.PTII" value="/home/travis/build/icyphy/ptII" />
    <property name="env.XDG_SESSION_ID" value="2" />
    <property name="keystore" value="ptKeystore" />
    <property name="env.TRAVIS_COMMIT_MESSAGE" value="Updating MessageProcessing1516e.java and FixedArray test. Adding BilliardJSarray.&#xa;The HlaAttributeReflector need to be updated with ArrayType." />
    <property name="junit.output.dir" value="/home/travis/build/icyphy/ptII/reports/junit" />
    <property name="npm.return.code" value="0" />
    <property name="user.dir" value="/home/travis/build/icyphy/ptII/ptolemy/actor/lib/test" />
    <property name="env.TRAVIS_NODE_VERSION" value="7" />
    <property name="env.TRAVIS_EVENT_TYPE" value="push" />
    <property name="env.MAIL" value="/var/mail/travis" />
    <property name="env.PERLBREW_ROOT" value="/home/travis/perl5/perlbrew" />
    <property name="env.PWD" value="/home/travis/build/icyphy/ptII" />
    <property name="timeout.npm" value="45000" />
    <property name="env.TRAVIS_ARCH" value="amd64" />
    <property name="sun.cpu.endian" value="little" />
    <property name="env.PAGER" value="cat" />
    <property name="env.TRAVIS_BUILD_STAGE_NAME" value="Test" />
    <property name="env.PERLBREW_HOME" value="/home/travis/.perlbrew" />
    <property name="java.vm.version" value="11.0.2+9" />
    <property name="env.RAILS_ENV" value="test" />
    <property name="java.class.path" value="/home/travis/.ptolemyII:/home/travis/.ptolemyII/*:/home/travis/build/icyphy/ptII:/home/travis/build/icyphy/ptII/lib/bsh-2.0b4.jar:/home/travis/build/icyphy/ptII/lib/ptCal.jar:/home/travis/build/icyphy/ptII/lib/java_cup.jar:/home/travis/build/icyphy/ptII/lib/saxon8.jar:/home/travis/build/icyphy/ptII/lib/saxon8-dom.jar:/home/travis/build/icyphy/ptII/lib/chic.jar:/home/travis/build/icyphy/ptII/lib/ptcolt.jar:/home/travis/build/icyphy/ptII/vendors/misc/itext/iText.jar:/home/travis/build/icyphy/ptII/lib/g4ltl.jar:/home/travis/build/icyphy/ptII/lib/StructuralCoder.jar:/home/travis/build/icyphy/ptII/lib/jcerti.jar:/home/travis/build/icyphy/ptII/lib/javax.mail.jar:/home/travis/build/icyphy/ptII/vendors/JMF-2.1.1e/lib/jmf.jar:/home/travis/build/icyphy/ptII/lib/jna-4.0.0-variadic.jar:/home/travis/build/icyphy/ptII/vendors/misc/joystick/Joystick.jar:/home/travis/build/icyphy/ptII/lib/ptjacl.jar:/home/travis/build/icyphy/ptII/lib/jsoup-1.8.2.jar:/home/travis/build/icyphy/ptII/lib/junit-4.8.2.jar:/home/travis/build/icyphy/ptII/lib/JUnitParams-0.4.0.jar:/home/travis/build/icyphy/ptII/ptolemy/actor/lib/excel/jxl.jar:/home/travis/build/icyphy/ptII/lib/jython.jar:/home/travis/build/icyphy/ptII/lib/kieler.jar:/home/travis/build/icyphy/ptII/vendors/opencv/share/OpenCV/java/opencv-341.jar:/home/travis/build/icyphy/ptII/lib/oscP5.jar:/home/travis/build/icyphy/ptII/lib/nrjavaserial-3.11.0.devel.jar:/home/travis/build/icyphy/ptII/vendors/j3d/lib/Linux/j3dcore.jar:/home/travis/build/icyphy/ptII/vendors/j3d/lib/Linux/j3dutils.jar:/home/travis/build/icyphy/ptII/vendors/j3d/lib/Linux/vecmath.jar:/home/travis/build/icyphy/ptII/vendors/jogl/lib/Linux/gluegen-rt-natives-linux-amd64.jar:/home/travis/build/icyphy/ptII/vendors/jogl/lib/Linux/gluegen-rt.jar:/home/travis/build/icyphy/ptII/vendors/jogl/lib/Linux/jogl-all-natives-linux-amd64.jar:/home/travis/build/icyphy/ptII/vendors/jogl/lib/Linux/jogl-all.jar:/home/travis/build/icyphy/ptII/ptolemy/distributed/jini/jar/jini-core.jar:/home/travis/build/icyphy/ptII/ptolemy/distributed/jini/jar/jini-ext.jar:/home/travis/build/icyphy/ptII/ptolemy/distributed/jini/jar/sun-util.jar:/home/travis/build/icyphy/ptII/lib/protobuf-java-2.4.1.jar:/home/travis/build/icyphy/ptII/lib/org.eclipse.paho.client.mqttv3.jar:/home/travis/build/icyphy/ptII/lib/mapss.jar:/home/travis/build/icyphy/ptII/ptolemy/actor/ptalon/antlr/antlr.jar:/home/travis/build/icyphy/ptII/lib/JRI.jar:/home/travis/build/icyphy/ptII/lib/commons-lang-2.6.jar:/home/travis/build/icyphy/ptII/lib/commons-logging-1.1.1.jar:/home/travis/build/icyphy/ptII/lib/sootclasses.jar:/home/travis/build/icyphy/ptII/ptolemy/actor/lib/database/mysql-connector-java-5.1.6-bin.jar:/home/travis/build/icyphy/ptII/vendors/misc/sphinx4/sphinx4-data-5prealpha.jar:/home/travis/build/icyphy/ptII/vendors/misc/sphinx4/sphinx4-core-5prealpha.jar:/home/travis/build/icyphy/ptII/lib/PDFRenderer.jar:/home/travis/build/icyphy/ptII/lib/svgSalamander.jar:/home/travis/build/icyphy/ptII/lib/rsyntaxtextarea-2.6.0-SNAPSHOT.jar:/home/travis/build/icyphy/ptII/lib/hazelcast-3.8.2.jar:/home/travis/build/icyphy/ptII/lib/jackson-annotations-2.9.0.jar:/home/travis/build/icyphy/ptII/lib/jackson-core-2.9.3.jar:/home/travis/build/icyphy/ptII/lib/jackson-databind-2.9.3.jar:/home/travis/build/icyphy/ptII/lib/netty-buffer-4.1.19.Final.jar:/home/travis/build/icyphy/ptII/lib/netty-codec-4.1.19.Final.jar:/home/travis/build/icyphy/ptII/lib/netty-codec-dns-4.1.19.Final.jar:/home/travis/build/icyphy/ptII/lib/netty-codec-http-4.1.19.Final.jar:/home/travis/build/icyphy/ptII/lib/netty-codec-http2-4.1.19.Final.jar:/home/travis/build/icyphy/ptII/lib/netty-common-4.1.19.Final.jar:/home/travis/build/icyphy/ptII/lib/netty-handler-4.1.19.Final.jar:/home/travis/build/icyphy/ptII/lib/netty-resolver-4.1.19.Final.jar:/home/travis/build/icyphy/ptII/lib/netty-resolver-dns-4.1.19.Final.jar:/home/travis/build/icyphy/ptII/lib/netty-transport-4.1.19.Final.jar:/home/travis/build/icyphy/ptII/lib/vertx-codegen-3.5.1.jar:/home/travis/build/icyphy/ptII/lib/vertx-core-3.5.2-SNAPSHOT.jar:/home/travis/build/icyphy/ptII/lib/vertx-hazelcast-3.5.1.jar:/home/travis/build/icyphy/ptII/lib/vertx-lang-js-3.5.1.jar:/home/travis/build/icyphy/ptII/lib/vertx-service-proxy-3.5.1.jar:/home/travis/build/icyphy/ptII/lib/vertx-web-3.5.1.jar:/home/travis/build/icyphy/ptII/lib/slf4j-api-1.7.13.jar:/home/travis/build/icyphy/ptII/lib/slf4j-simple-1.7.13.jar:/home/travis/build/icyphy/ptII/lib/webcam-capture-0.3.12.jar:/home/travis/build/icyphy/ptII/lib/bridj-0.7.0.jar:/home/travis/build/icyphy/ptII/lib/xbjlib-1.1.0.nrjavaserial.jar:/home/travis/build/icyphy/ptII/ptolemy/moml/test:/home/travis/build/icyphy/ptII/ant/lib/ant-launcher.jar:/home/travis/build/icyphy/ptII/ant/lib/ant.jar:/home/travis/build/icyphy/ptII/ant/lib/ant-junit.jar:/home/travis/build/icyphy/ptII/ant/lib/ant-junit4.jar" />
    <property name="ant.library.dir" value="/home/travis/build/icyphy/ptII/ant/lib" />
    <property name="os.arch" value="amd64" />
    <property name="env.CONTINUOUS_INTEGRATION" value="true" />
    <property name="env.TRAVIS_LANGUAGE" value="node_js" />
    <property name="env.TRAVIS_STACK_LANGUAGES" value="__sardonyx__ c c++ clojure cplusplus cpp default generic go groovy java node_js php pure_java python ruby scala" />
    <property name="test.name" value="ptolemy.actor.lib.test.junit.JUnitTclTest" />
    <property name="env.APT_KEY_DONT_WARN_ON_DANGEROUS_USAGE" value="1" />
    <property name="sun.java.launcher" value="SUN_STANDARD" />
    <property name="env.PYTHON_CONFIGURE_OPTS" value="--enable-unicode=ucs4 --with-wide-unicode --enable-shared --enable-ipv6 --enable-loadable-sqlite-extensions --with-computed-gotos" />
    <property name="ant.core.lib" value="/home/travis/build/icyphy/ptII/ant/lib/ant.jar" />
    <property name="java.vm.specification.vendor" value="Oracle Corporation" />
    <property name="env.BCVTB_HOME" value="/home/travis/build/icyphy/ptII/lbnl" />
    <property name="file.separator" value="/" />
    <property name="spotbugs.home" value="/home/travis/build/icyphy/ptII/vendors/spotbugs-3.1.1" />
    <property name="java.runtime.version" value="11.0.2+9" />
    <property name="env.ANSI_CLEAR" value="\033[0K" />
    <property name="javafx.verbose" value="true" />
    <property name="env.HAS_JOSH_K_SEAL_OF_APPROVAL" value="true" />
    <property name="env.XDG_RUNTIME_DIR" value="/run/user/2000" />
    <property name="env.TRAVIS_OSX_IMAGE" value="" />
    <property name="env.TRAVIS_JOB_ID" value="658297878" />
    <property name="env.TRAVIS_BRANCH" value="master" />
    <property name="user.country" value="US" />
    <property name="env.CERTI_HOME_TRAVIS" value="/home/travis/pthla/certi-tools" />
    <property name="env.SHELL" value="/bin/bash" />
    <property name="java.maxmemory.large" value="3200m" />
    <property name="model" value="" />
    <property name="env.CASHER_DIR" value="/home/travis/.casher" />
    <property name="env.NVM_CD_FLAGS" value="" />
    <property name="java.vendor.version" value="18.9" />
    <property name="jshint.executable" value="/home/travis/node_modules/jshint/bin/jshint" />
    <property name="env.JRUBY_OPTS" value=" --client -J-XX:+TieredCompilation -J-XX:TieredStopAtLevel=1 -J-Xss2m -Xcompile.invokedynamic=false" />
    <property name="java.vendor" value="Oracle Corporation" />
    <property name="env.TRAVIS_PRE_CHEF_BOOTSTRAP_TIME" value="2019-03-25T16:16:42" />
    <property name="env.TRAVIS_STACK_JOB_BOARD_REGISTER" value="/.job-board-register.yml" />
    <property name="env.ANSI_RED" value="\033[31;1m" />
    <property name="java.specification.version" value="11" />
    <property name="env.IRBRC" value="/home/travis/.rvm/rubies/ruby-2.5.3/.irbrc" />
    <property name="env.TRAVIS" value="true" />
    <property name="sun.arch.data.model" value="64" />
  </properties>
  <testcase classname="ptolemy.util.test.junit.TclTests" name="[0] /home/travis/build/icyphy/ptII/ptolemy/actor/lib/test/AbsoluteValue.tcl (RunTclFile)" time="0.643" />
  <testcase classname="ptolemy.util.test.junit.TclTests" name="[1] /home/travis/build/icyphy/ptII/ptolemy/actor/lib/test/AddSubtract.tcl (RunTclFile)" time="0.18" />
  <testcase classname="ptolemy.util.test.junit.TclTests" name="[2] /home/travis/build/icyphy/ptII/ptolemy/actor/lib/test/Average.tcl (RunTclFile)" time="0.088" />
  <testcase classname="ptolemy.util.test.junit.TclTests" name="[3] /home/travis/build/icyphy/ptII/ptolemy/actor/lib/test/Bernoulli.tcl (RunTclFile)" time="0.028" />
  <testcase classname="ptolemy.util.test.junit.TclTests" name="[4] /home/travis/build/icyphy/ptII/ptolemy/actor/lib/test/Clock.tcl (RunTclFile)" time="0.09" />
  <testcase classname="ptolemy.util.test.junit.TclTests" name="[5] /home/travis/build/icyphy/ptII/ptolemy/actor/lib/test/Commutator.tcl (RunTclFile)" time="0.104" />
  <testcase classname="ptolemy.util.test.junit.TclTests" name="[6] /home/travis/build/icyphy/ptII/ptolemy/actor/lib/test/Const.tcl (RunTclFile)" time="0.125" />
  <testcase classname="ptolemy.util.test.junit.TclTests" name="[7] /home/travis/build/icyphy/ptII/ptolemy/actor/lib/test/CurrentTime.tcl (RunTclFile)" time="0.036" />
  <testcase classname="ptolemy.util.test.junit.TclTests" name="[8] /home/travis/build/icyphy/ptII/ptolemy/actor/lib/test/DB.tcl (RunTclFile)" time="0.048" />
  <testcase classname="ptolemy.util.test.junit.TclTests" name="[9] /home/travis/build/icyphy/ptII/ptolemy/actor/lib/test/DiscreteRandomSource.tcl (RunTclFile)" time="0.052" />
  <testcase classname="ptolemy.util.test.junit.TclTests" name="[10] /home/travis/build/icyphy/ptII/ptolemy/actor/lib/test/Distributor.tcl (RunTclFile)" time="0.1" />
  <testcase classname="ptolemy.util.test.junit.TclTests" name="[11] /home/travis/build/icyphy/ptII/ptolemy/actor/lib/test/Exit.tcl (RunTclFile)" time="0.104" />
  <testcase classname="ptolemy.util.test.junit.TclTests" name="[12] /home/travis/build/icyphy/ptII/ptolemy/actor/lib/test/Expression.tcl (RunTclFile)" time="0.086" />
  <testcase classname="ptolemy.util.test.junit.TclTests" name="[13] /home/travis/build/icyphy/ptII/ptolemy/actor/lib/test/Gaussian.tcl (RunTclFile)" time="0.408" />
  <testcase classname="ptolemy.util.test.junit.TclTests" name="[14] /home/travis/build/icyphy/ptII/ptolemy/actor/lib/test/IIR.tcl (RunTclFile)" time="0.045" />
  <testcase classname="ptolemy.util.test.junit.TclTests" name="[15] /home/travis/build/icyphy/ptII/ptolemy/actor/lib/test/Interpolator.tcl (RunTclFile)" time="0.096" />
  <testcase classname="ptolemy.util.test.junit.TclTests" name="[16] /home/travis/build/icyphy/ptII/ptolemy/actor/lib/test/MathFunction.tcl (RunTclFile)" time="0.086" />
  <testcase classname="ptolemy.util.test.junit.TclTests" name="[17] /home/travis/build/icyphy/ptII/ptolemy/actor/lib/test/Maximum.tcl (RunTclFile)" time="0.035" />
  <testcase classname="ptolemy.util.test.junit.TclTests" name="[18] /home/travis/build/icyphy/ptII/ptolemy/actor/lib/test/Minimum.tcl (RunTclFile)" time="0.038" />
  <testcase classname="ptolemy.util.test.junit.TclTests" name="[19] /home/travis/build/icyphy/ptII/ptolemy/actor/lib/test/MultiplyDivide.tcl (RunTclFile)" time="0.042" />
  <testcase classname="ptolemy.util.test.junit.TclTests" name="[20] /home/travis/build/icyphy/ptII/ptolemy/actor/lib/test/OrderedMerge.tcl (RunTclFile)" time="0.148" />
  <testcase classname="ptolemy.util.test.junit.TclTests" name="[21] /home/travis/build/icyphy/ptII/ptolemy/actor/lib/test/Publisher.tcl (RunTclFile)" time="0.848" />
  <testcase classname="ptolemy.util.test.junit.TclTests" name="[22] /home/travis/build/icyphy/ptII/ptolemy/actor/lib/test/Pulse.tcl (RunTclFile)" time="0.078" />
  <testcase classname="ptolemy.util.test.junit.TclTests" name="[23] /home/travis/build/icyphy/ptII/ptolemy/actor/lib/test/Ramp.tcl (RunTclFile)" time="2.27" />
  <testcase classname="ptolemy.util.test.junit.TclTests" name="[24] /home/travis/build/icyphy/ptII/ptolemy/actor/lib/test/RampContinuous.tcl (RunTclFile)" time="0.018" />
  <testcase classname="ptolemy.util.test.junit.TclTests" name="[25] /home/travis/build/icyphy/ptII/ptolemy/actor/lib/test/RecordAssembler.tcl (RunTclFile)" time="0.02" />
  <testcase classname="ptolemy.util.test.junit.TclTests" name="[26] /home/travis/build/icyphy/ptII/ptolemy/actor/lib/test/RecordDisassembler.tcl (RunTclFile)" time="0.038" />
  <testcase classname="ptolemy.util.test.junit.TclTests" name="[27] /home/travis/build/icyphy/ptII/ptolemy/actor/lib/test/Scale.tcl (RunTclFile)" time="0.022" />
  <testcase classname="ptolemy.util.test.junit.TclTests" name="[28] /home/travis/build/icyphy/ptII/ptolemy/actor/lib/test/SequentialClock.tcl (RunTclFile)" time="0.016" />
  <testcase classname="ptolemy.util.test.junit.TclTests" name="[29] /home/travis/build/icyphy/ptII/ptolemy/actor/lib/test/SetVariable.tcl (RunTclFile)" time="0.011" />
  <testcase classname="ptolemy.util.test.junit.TclTests" name="[30] /home/travis/build/icyphy/ptII/ptolemy/actor/lib/test/Sinewave.tcl (RunTclFile)" time="0.035" />
  <testcase classname="ptolemy.util.test.junit.TclTests" name="[31] /home/travis/build/icyphy/ptII/ptolemy/actor/lib/test/SubscriptionAggregator.tcl (RunTclFile)" time="2.345" />
  <testcase classname="ptolemy.util.test.junit.TclTests" name="[32] /home/travis/build/icyphy/ptII/ptolemy/actor/lib/test/Test.tcl (RunTclFile)" time="0.11" />
  <testcase classname="ptolemy.util.test.junit.TclTests" name="[33] /home/travis/build/icyphy/ptII/ptolemy/actor/lib/test/TestExceptionHandler.tcl (RunTclFile)" time="0.01" />
  <testcase classname="ptolemy.util.test.junit.TclTests" name="[34] /home/travis/build/icyphy/ptII/ptolemy/actor/lib/test/UnionDisassembler.tcl (RunTclFile)" time="0.059" />
  <testcase classname="ptolemy.util.test.junit.TclTests" name="[35] /home/travis/build/icyphy/ptII/ptolemy/actor/lib/test/VariableClock.tcl (RunTclFile)" time="0.033" />
  <testcase classname="ptolemy.util.test.junit.AutoKnownFailedTests" name="[0] /home/travis/build/icyphy/ptII/ptolemy/actor/lib/test/auto/knownFailedTests/PublisherPortToplevelSubscriber.xml (RunModel)" time="0.094" />
  <testcase classname="ptolemy.util.test.junit.AutoKnownFailedTests" name="[1] /home/travis/build/icyphy/ptII/ptolemy/actor/lib/test/auto/knownFailedTests/PublisherSubscriberPortToplevel.xml (RunModel)" time="0.023" />
  <testcase classname="ptolemy.util.test.junit.AutoKnownFailedTests" name="[2] /home/travis/build/icyphy/ptII/ptolemy/actor/lib/test/auto/knownFailedTests/PublisherSubscriptionAggregatorPort.xml (RunModel)" time="0.022" />
  <testcase classname="ptolemy.util.test.junit.AutoKnownFailedTests" name="[3] /home/travis/build/icyphy/ptII/ptolemy/actor/lib/test/auto/knownFailedTests/sizedarray3.xml (RunModel)" time="0.024" />
  <testcase classname="ptolemy.util.test.junit.AutoNameArchTests" name="[0] ThereAreNoAutoArchTests (RunModel)" time="0.004" />
  <testcase classname="ptolemy.util.test.junit.AutoTests" name="[0] /home/travis/build/icyphy/ptII/ptolemy/actor/lib/test/auto/AbsoluteValue.xml (RunModel)" time="0.087" />
  <testcase classname="ptolemy.util.test.junit.AutoTests" name="[1] /home/travis/build/icyphy/ptII/ptolemy/actor/lib/test/auto/AbsoluteValue2.xml (RunModel)" time="0.032" />
  <testcase classname="ptolemy.util.test.junit.AutoTests" name="[2] /home/travis/build/icyphy/ptII/ptolemy/actor/lib/test/auto/Accumulator.xml (RunModel)" time="0.048" />
  <testcase classname="ptolemy.util.test.junit.AutoTests" name="[3] /home/travis/build/icyphy/ptII/ptolemy/actor/lib/test/auto/Accumulator2.xml (RunModel)" time="0.06" />
  <testcase classname="ptolemy.util.test.junit.AutoTests" name="[4] /home/travis/build/icyphy/ptII/ptolemy/actor/lib/test/auto/Accumulator3.xml (RunModel)" time="0.025" />
  <testcase classname="ptolemy.util.test.junit.AutoTests" name="[5] /home/travis/build/icyphy/ptII/ptolemy/actor/lib/test/auto/ArrayAppend.xml (RunModel)" time="0.058" />
  <testcase classname="ptolemy.util.test.junit.AutoTests" name="[6] /home/travis/build/icyphy/ptII/ptolemy/actor/lib/test/auto/ArrayAppend2.xml (RunModel)" time="0.351" />
  <testcase classname="ptolemy.util.test.junit.AutoTests" name="[7] /home/travis/build/icyphy/ptII/ptolemy/actor/lib/test/auto/ArrayAppend3.xml (RunModel)" time="0.068" />
  <testcase classname="ptolemy.util.test.junit.AutoTests" name="[8] /home/travis/build/icyphy/ptII/ptolemy/actor/lib/test/auto/ArrayAppend4.xml (RunModel)" time="0.022" />
  <testcase classname="ptolemy.util.test.junit.AutoTests" name="[9] /home/travis/build/icyphy/ptII/ptolemy/actor/lib/test/auto/ArrayAppend5.xml (RunModel)" time="0.022" />
  <testcase classname="ptolemy.util.test.junit.AutoTests" name="[10] /home/travis/build/icyphy/ptII/ptolemy/actor/lib/test/auto/ArrayAppend6.xml (RunModel)" time="0.022" />
  <testcase classname="ptolemy.util.test.junit.AutoTests" name="[11] /home/travis/build/icyphy/ptII/ptolemy/actor/lib/test/auto/ArrayAppendPerformanceTest.xml (RunModel)" time="0.078" />
  <testcase classname="ptolemy.util.test.junit.AutoTests" name="[12] /home/travis/build/icyphy/ptII/ptolemy/actor/lib/test/auto/ArrayAppendWithEmptyInput.xml (RunModel)" time="0.049" />
  <testcase classname="ptolemy.util.test.junit.AutoTests" name="[13] /home/travis/build/icyphy/ptII/ptolemy/actor/lib/test/auto/ArrayAverage.xml (RunModel)" time="0.06" />
  <testcase classname="ptolemy.util.test.junit.AutoTests" name="[14] /home/travis/build/icyphy/ptII/ptolemy/actor/lib/test/auto/ArrayContains.xml (RunModel)" time="0.021" />
  <testcase classname="ptolemy.util.test.junit.AutoTests" name="[15] /home/travis/build/icyphy/ptII/ptolemy/actor/lib/test/auto/ArrayElement.xml (RunModel)" time="0.018" />
  <testcase classname="ptolemy.util.test.junit.AutoTests" name="[16] /home/travis/build/icyphy/ptII/ptolemy/actor/lib/test/auto/ArrayElementAsMatrix.xml (RunModel)" time="0.039" />
  <testcase classname="ptolemy.util.test.junit.AutoTests" name="[17] /home/travis/build/icyphy/ptII/ptolemy/actor/lib/test/auto/ArrayElementI.xml (RunModel)" time="0.026" />
  <testcase classname="ptolemy.util.test.junit.AutoTests" name="[18] /home/travis/build/icyphy/ptII/ptolemy/actor/lib/test/auto/ArrayExtract.xml (RunModel)" time="0.028" />
  <testcase classname="ptolemy.util.test.junit.AutoTests" name="[19] /home/travis/build/icyphy/ptII/ptolemy/actor/lib/test/auto/ArrayExtract2.xml (RunModel)" time="0.017" />
  <testcase classname="ptolemy.util.test.junit.AutoTests" name="[20] /home/travis/build/icyphy/ptII/ptolemy/actor/lib/test/auto/ArrayLength.xml (RunModel)" time="0.034" />
  <testcase classname="ptolemy.util.test.junit.AutoTests" name="[21] /home/travis/build/icyphy/ptII/ptolemy/actor/lib/test/auto/ArrayLevelCrossing.xml (RunModel)" time="0.029" />
  <testcase classname="ptolemy.util.test.junit.AutoTests" name="[22] /home/travis/build/icyphy/ptII/ptolemy/actor/lib/test/auto/ArrayLevelCrossing2.xml (RunModel)" time="0.027" />
  <testcase classname="ptolemy.util.test.junit.AutoTests" name="[23] /home/travis/build/icyphy/ptII/ptolemy/actor/lib/test/auto/ArrayPeakSearch.xml (RunModel)" time="0.05" />
  <testcase classname="ptolemy.util.test.junit.AutoTests" name="[24] /home/travis/build/icyphy/ptII/ptolemy/actor/lib/test/auto/ArrayPeakSearch2.xml (RunModel)" time="0.051" />
  <testcase classname="ptolemy.util.test.junit.AutoTests" name="[25] /home/travis/build/icyphy/ptII/ptolemy/actor/lib/test/auto/ArrayPeakSearch3.xml (RunModel)" time="0.041" />
  <testcase classname="ptolemy.util.test.junit.AutoTests" name="[26] /home/travis/build/icyphy/ptII/ptolemy/actor/lib/test/auto/ArrayRemoveElement.xml (RunModel)" time="0.031" />
  <testcase classname="ptolemy.util.test.junit.AutoTests" name="[27] /home/travis/build/icyphy/ptII/ptolemy/actor/lib/test/auto/ArraySort.xml (RunModel)" time="0.04" />
  <testcase classname="ptolemy.util.test.junit.AutoTests" name="[28] /home/travis/build/icyphy/ptII/ptolemy/actor/lib/test/auto/ArraySum.xml (RunModel)" time="0.026" />
  <testcase classname="ptolemy.util.test.junit.AutoTests" name="[29] /home/travis/build/icyphy/ptII/ptolemy/actor/lib/test/auto/ArrayToElements.xml (RunModel)" time="0.024" />
  <testcase classname="ptolemy.util.test.junit.AutoTests" name="[30] /home/travis/build/icyphy/ptII/ptolemy/actor/lib/test/auto/ArrayToMatrix.xml (RunModel)" time="0.063" />
  <testcase classname="ptolemy.util.test.junit.AutoTests" name="[31] /home/travis/build/icyphy/ptII/ptolemy/actor/lib/test/auto/ArrayUpdate1.xml (RunModel)" time="0.018" />
  <testcase classname="ptolemy.util.test.junit.AutoTests" name="[32] /home/travis/build/icyphy/ptII/ptolemy/actor/lib/test/auto/ArrayUpdate2.xml (RunModel)" time="0.022" />
  <testcase classname="ptolemy.util.test.junit.AutoTests" name="[33] /home/travis/build/icyphy/ptII/ptolemy/actor/lib/test/auto/ArrayUpdate3.xml (RunModel)" time="0.021" />
  <testcase classname="ptolemy.util.test.junit.AutoTests" name="[34] /home/travis/build/icyphy/ptII/ptolemy/actor/lib/test/auto/Assert1.xml (RunModel)" time="0.025" />
  <testcase classname="ptolemy.util.test.junit.AutoTests" name="[35] /home/travis/build/icyphy/ptII/ptolemy/actor/lib/test/auto/Assert2.xml (RunModel)" time="0.015" />
  <testcase classname="ptolemy.util.test.junit.AutoTests" name="[36] /home/travis/build/icyphy/ptII/ptolemy/actor/lib/test/auto/BooleanMultiplexor.xml (RunModel)" time="0.029" />
  <testcase classname="ptolemy.util.test.junit.AutoTests" name="[37] /home/travis/build/icyphy/ptII/ptolemy/actor/lib/test/auto/BooleanMultiplexor2.xml (RunModel)" time="0.031" />
  <testcase classname="ptolemy.util.test.junit.AutoTests" name="[38] /home/travis/build/icyphy/ptII/ptolemy/actor/lib/test/auto/BooleanMultiplexor3.xml (RunModel)" time="0.027" />
  <testcase classname="ptolemy.util.test.junit.AutoTests" name="[39] /home/travis/build/icyphy/ptII/ptolemy/actor/lib/test/auto/BooleanSelect.xml (RunModel)" time="0.03" />
  <testcase classname="ptolemy.util.test.junit.AutoTests" name="[40] /home/travis/build/icyphy/ptII/ptolemy/actor/lib/test/auto/BooleanSelect2.xml (RunModel)" time="0.016" />
  <testcase classname="ptolemy.util.test.junit.AutoTests" name="[41] /home/travis/build/icyphy/ptII/ptolemy/actor/lib/test/auto/BooleanSwitch.xml (RunModel)" time="0.024" />
  <testcase classname="ptolemy.util.test.junit.AutoTests" name="[42] /home/travis/build/icyphy/ptII/ptolemy/actor/lib/test/auto/BooleanSwitch2.xml (RunModel)" time="0.014" />
  <testcase classname="ptolemy.util.test.junit.AutoTests" name="[43] /home/travis/build/icyphy/ptII/ptolemy/actor/lib/test/auto/BooleanSwitchCloningBugWithClassRelationGroup.xml (RunModel)" time="0.039" />
  <testcase classname="ptolemy.util.test.junit.AutoTests" name="[44] /home/travis/build/icyphy/ptII/ptolemy/actor/lib/test/auto/BusActors.xml (RunModel)" time="0.039" />
  <testcase classname="ptolemy.util.test.junit.AutoTests" name="[45] /home/travis/build/icyphy/ptII/ptolemy/actor/lib/test/auto/ClassWrapper.xml (RunModel)" time="0.023" />
  <testcase classname="ptolemy.util.test.junit.AutoTests" name="[46] /home/travis/build/icyphy/ptII/ptolemy/actor/lib/test/auto/Clock.xml (RunModel)" time="0.011" />
  <testcase classname="ptolemy.util.test.junit.AutoTests" name="[47] /home/travis/build/icyphy/ptII/ptolemy/actor/lib/test/auto/Clock10.xml (RunModel)" time="0.019" />
  <testcase classname="ptolemy.util.test.junit.AutoTests" name="[48] /home/travis/build/icyphy/ptII/ptolemy/actor/lib/test/auto/Clock11.xml (RunModel)" time="0.018" />
  <testcase classname="ptolemy.util.test.junit.AutoTests" name="[49] /home/travis/build/icyphy/ptII/ptolemy/actor/lib/test/auto/Clock12.xml (RunModel)" time="0.016" />
  <testcase classname="ptolemy.util.test.junit.AutoTests" name="[50] /home/travis/build/icyphy/ptII/ptolemy/actor/lib/test/auto/Clock13.xml (RunModel)" time="0.021" />
  <testcase classname="ptolemy.util.test.junit.AutoTests" name="[51] /home/travis/build/icyphy/ptII/ptolemy/actor/lib/test/auto/Clock14.xml (RunModel)" time="0.021" />
  <testcase classname="ptolemy.util.test.junit.AutoTests" name="[52] /home/travis/build/icyphy/ptII/ptolemy/actor/lib/test/auto/Clock15.xml (RunModel)" time="0.014" />
  <testcase classname="ptolemy.util.test.junit.AutoTests" name="[53] /home/travis/build/icyphy/ptII/ptolemy/actor/lib/test/auto/Clock16.xml (RunModel)" time="0.093" />
  <testcase classname="ptolemy.util.test.junit.AutoTests" name="[54] /home/travis/build/icyphy/ptII/ptolemy/actor/lib/test/auto/Clock17.xml (RunModel)" time="0.085" />
  <testcase classname="ptolemy.util.test.junit.AutoTests" name="[55] /home/travis/build/icyphy/ptII/ptolemy/actor/lib/test/auto/Clock18.xml (RunModel)" time="0.058" />
  <testcase classname="ptolemy.util.test.junit.AutoTests" name="[56] /home/travis/build/icyphy/ptII/ptolemy/actor/lib/test/auto/Clock19.xml (RunModel)" time="0.044" />
  <testcase classname="ptolemy.util.test.junit.AutoTests" name="[57] /home/travis/build/icyphy/ptII/ptolemy/actor/lib/test/auto/Clock2.xml (RunModel)" time="0.014" />
  <testcase classname="ptolemy.util.test.junit.AutoTests" name="[58] /home/travis/build/icyphy/ptII/ptolemy/actor/lib/test/auto/Clock20.xml (RunModel)" time="0.023" />
  <testcase classname="ptolemy.util.test.junit.AutoTests" name="[59] /home/travis/build/icyphy/ptII/ptolemy/actor/lib/test/auto/Clock21.xml (RunModel)" time="0.017" />
  <testcase classname="ptolemy.util.test.junit.AutoTests" name="[60] /home/travis/build/icyphy/ptII/ptolemy/actor/lib/test/auto/Clock22.xml (RunModel)" time="0.014" />
  <testcase classname="ptolemy.util.test.junit.AutoTests" name="[61] /home/travis/build/icyphy/ptII/ptolemy/actor/lib/test/auto/Clock23.xml (RunModel)" time="0.014" />
  <testcase classname="ptolemy.util.test.junit.AutoTests" name="[62] /home/travis/build/icyphy/ptII/ptolemy/actor/lib/test/auto/Clock24.xml (RunModel)" time="0.013" />
  <testcase classname="ptolemy.util.test.junit.AutoTests" name="[63] /home/travis/build/icyphy/ptII/ptolemy/actor/lib/test/auto/Clock4.xml (RunModel)" time="0.01" />
  <testcase classname="ptolemy.util.test.junit.AutoTests" name="[64] /home/travis/build/icyphy/ptII/ptolemy/actor/lib/test/auto/Clock5.xml (RunModel)" time="0.01" />
  <testcase classname="ptolemy.util.test.junit.AutoTests" name="[65] /home/travis/build/icyphy/ptII/ptolemy/actor/lib/test/auto/Clock6.xml (RunModel)" time="0.01" />
  <testcase classname="ptolemy.util.test.junit.AutoTests" name="[66] /home/travis/build/icyphy/ptII/ptolemy/actor/lib/test/auto/Clock7.xml (RunModel)" time="0.009" />
  <testcase classname="ptolemy.util.test.junit.AutoTests" name="[67] /home/travis/build/icyphy/ptII/ptolemy/actor/lib/test/auto/Clock8.xml (RunModel)" time="0.024" />
  <testcase classname="ptolemy.util.test.junit.AutoTests" name="[68] /home/travis/build/icyphy/ptII/ptolemy/actor/lib/test/auto/Clock9.xml (RunModel)" time="0.016" />
  <testcase classname="ptolemy.util.test.junit.AutoTests" name="[69] /home/travis/build/icyphy/ptII/ptolemy/actor/lib/test/auto/CommDistDiscard.xml (RunModel)" time="0.03" />
  <testcase classname="ptolemy.util.test.junit.AutoTests" name="[70] /home/travis/build/icyphy/ptII/ptolemy/actor/lib/test/auto/Commutator.xml (RunModel)" time="0.019" />
  <testcase classname="ptolemy.util.test.junit.AutoTests" name="[71] /home/travis/build/icyphy/ptII/ptolemy/actor/lib/test/auto/Commutator2.xml (RunModel)" time="0.01" />
  <testcase classname="ptolemy.util.test.junit.AutoTests" name="[72] /home/travis/build/icyphy/ptII/ptolemy/actor/lib/test/auto/Commutator3.xml (RunModel)" time="0.01" />
  <testcase classname="ptolemy.util.test.junit.AutoTests" name="[73] /home/travis/build/icyphy/ptII/ptolemy/actor/lib/test/auto/Compare.xml (RunModel)" time="0.017" />
  <testcase classname="ptolemy.util.test.junit.AutoTests" name="[74] /home/travis/build/icyphy/ptII/ptolemy/actor/lib/test/auto/CompareDE.xml (RunModel)" time="0.021" />
  <testcase classname="ptolemy.util.test.junit.AutoTests" name="[75] /home/travis/build/icyphy/ptII/ptolemy/actor/lib/test/auto/ComplexDivide.xml (RunModel)" time="0.009" />
  <testcase classname="ptolemy.util.test.junit.AutoTests" name="[76] /home/travis/build/icyphy/ptII/ptolemy/actor/lib/test/auto/ComputeHistogram.xml (RunModel)" time="0.067" />
  <testcase classname="ptolemy.util.test.junit.AutoTests" name="[77] /home/travis/build/icyphy/ptII/ptolemy/actor/lib/test/auto/ConfigurationSelect.xml (RunModel)" time="0.029" />
  <testcase classname="ptolemy.util.test.junit.AutoTests" name="[78] /home/travis/build/icyphy/ptII/ptolemy/actor/lib/test/auto/ConfigurationSelect2.xml (RunModel)" time="0.017" />
  <testcase classname="ptolemy.util.test.junit.AutoTests" name="[79] /home/travis/build/icyphy/ptII/ptolemy/actor/lib/test/auto/ConfigurationSwitch.xml (RunModel)" time="0.023" />
  <testcase classname="ptolemy.util.test.junit.AutoTests" name="[80] /home/travis/build/icyphy/ptII/ptolemy/actor/lib/test/auto/ConfigurationSwitch2.xml (RunModel)" time="0.025" />
  <testcase classname="ptolemy.util.test.junit.AutoTests" name="[81] /home/travis/build/icyphy/ptII/ptolemy/actor/lib/test/auto/ConfigurationSwitchCloningBugWithClassRelationGroup.xml (RunModel)" time="0.024" />
  <testcase classname="ptolemy.util.test.junit.AutoTests" name="[82] /home/travis/build/icyphy/ptII/ptolemy/actor/lib/test/auto/ConfigurationSwitchSelectSDF.xml (RunModel)" time="0.016" />
  <testcase classname="ptolemy.util.test.junit.AutoTests" name="[83] /home/travis/build/icyphy/ptII/ptolemy/actor/lib/test/auto/ConfigurationSwitchSelectSDF2.xml (RunModel)" time="0.016" />
  <testcase classname="ptolemy.util.test.junit.AutoTests" name="[84] /home/travis/build/icyphy/ptII/ptolemy/actor/lib/test/auto/Const.xml (RunModel)" time="0.007" />
  <testcase classname="ptolemy.util.test.junit.AutoTests" name="[85] /home/travis/build/icyphy/ptII/ptolemy/actor/lib/test/auto/Const2.xml (RunModel)" time="0.011" />
  <testcase classname="ptolemy.util.test.junit.AutoTests" name="[86] /home/travis/build/icyphy/ptII/ptolemy/actor/lib/test/auto/Const3.xml (RunModel)" time="0.012" />
  <testcase classname="ptolemy.util.test.junit.AutoTests" name="[87] /home/travis/build/icyphy/ptII/ptolemy/actor/lib/test/auto/ConstantPublisherPort1.xml (RunModel)" time="0.024" />
  <testcase classname="ptolemy.util.test.junit.AutoTests" name="[88] /home/travis/build/icyphy/ptII/ptolemy/actor/lib/test/auto/ConstantPublisherPort2.xml (RunModel)" time="0.036" />
  <testcase classname="ptolemy.util.test.junit.AutoTests" name="[89] /home/travis/build/icyphy/ptII/ptolemy/actor/lib/test/auto/ConstantPublisherPort3.xml (RunModel)" time="0.023" />
  <testcase classname="ptolemy.util.test.junit.AutoTests" name="[90] /home/travis/build/icyphy/ptII/ptolemy/actor/lib/test/auto/ConstantPublisherPort4.xml (RunModel)" time="0.018" />
  <testcase classname="ptolemy.util.test.junit.AutoTests" name="[91] /home/travis/build/icyphy/ptII/ptolemy/actor/lib/test/auto/ConstantPublisherPort5.xml (RunModel)" time="0.04" />
  <testcase classname="ptolemy.util.test.junit.AutoTests" name="[92] /home/travis/build/icyphy/ptII/ptolemy/actor/lib/test/auto/ConstantPublisherPort6.xml (RunModel)" time="0.031" />
  <testcase classname="ptolemy.util.test.junit.AutoTests" name="[93] /home/travis/build/icyphy/ptII/ptolemy/actor/lib/test/auto/ConstantPublisherPort7.xml (RunModel)" time="0.036" />
  <testcase classname="ptolemy.util.test.junit.AutoTests" name="[94] /home/travis/build/icyphy/ptII/ptolemy/actor/lib/test/auto/ConstraintMonitor1.xml (RunModel)" time="0.039" />
  <testcase classname="ptolemy.util.test.junit.AutoTests" name="[95] /home/travis/build/icyphy/ptII/ptolemy/actor/lib/test/auto/ConstraintMonitor2.xml (RunModel)" time="0.013" />
  <testcase classname="ptolemy.util.test.junit.AutoTests" name="[96] /home/travis/build/icyphy/ptII/ptolemy/actor/lib/test/auto/ConstraintMonitor3.xml (RunModel)" time="0.016" />
  <testcase classname="ptolemy.util.test.junit.AutoTests" name="[97] /home/travis/build/icyphy/ptII/ptolemy/actor/lib/test/auto/ConstraintMonitor4.xml (RunModel)" time="0.016" />
  <testcase classname="ptolemy.util.test.junit.AutoTests" name="[98] /home/travis/build/icyphy/ptII/ptolemy/actor/lib/test/auto/ConstraintMonitor5.xml (RunModel)" time="0.017" />
  <testcase classname="ptolemy.util.test.junit.AutoTests" name="[99] /home/travis/build/icyphy/ptII/ptolemy/actor/lib/test/auto/ConstraintMonitor6.xml (RunModel)" time="0.013" />
  <testcase classname="ptolemy.util.test.junit.AutoTests" name="[100] /home/travis/build/icyphy/ptII/ptolemy/actor/lib/test/auto/ConstraintMonitor7.xml (RunModel)" time="0.017" />
  <testcase classname="ptolemy.util.test.junit.AutoTests" name="[101] /home/travis/build/icyphy/ptII/ptolemy/actor/lib/test/auto/ConstraintMonitor8.xml (RunModel)" time="0.018" />
  <testcase classname="ptolemy.util.test.junit.AutoTests" name="[102] /home/travis/build/icyphy/ptII/ptolemy/actor/lib/test/auto/Counter.xml (RunModel)" time="0.014" />
  <testcase classname="ptolemy.util.test.junit.AutoTests" name="[103] /home/travis/build/icyphy/ptII/ptolemy/actor/lib/test/auto/CurrentTimeSDF.xml (RunModel)" time="0.018" />
  <testcase classname="ptolemy.util.test.junit.AutoTests" name="[104] /home/travis/build/icyphy/ptII/ptolemy/actor/lib/test/auto/DB.xml (RunModel)" time="0.016" />
  <testcase classname="ptolemy.util.test.junit.AutoTests" name="[105] /home/travis/build/icyphy/ptII/ptolemy/actor/lib/test/auto/DBDE.xml (RunModel)" time="0.015" />
  <testcase classname="ptolemy.util.test.junit.AutoTests" name="[106] /home/travis/build/icyphy/ptII/ptolemy/actor/lib/test/auto/DateConstructor.xml (RunModel)" time="0.077" />
  <testcase classname="ptolemy.util.test.junit.AutoTests" name="[107] /home/travis/build/icyphy/ptII/ptolemy/actor/lib/test/auto/DelayTime.xml (RunModel)" time="0.019" />
  <testcase classname="ptolemy.util.test.junit.AutoTests" name="[108] /home/travis/build/icyphy/ptII/ptolemy/actor/lib/test/auto/Dictionary1.xml (RunModel)" time="0.02" />
  <testcase classname="ptolemy.util.test.junit.AutoTests" name="[109] /home/travis/build/icyphy/ptII/ptolemy/actor/lib/test/auto/Dictionary2.xml (RunModel)" time="0.015" />
  <testcase classname="ptolemy.util.test.junit.AutoTests" name="[110] /home/travis/build/icyphy/ptII/ptolemy/actor/lib/test/auto/Dictionary3.xml (RunModel)" time="0.012" />
  <testcase classname="ptolemy.util.test.junit.AutoTests" name="[111] /home/travis/build/icyphy/ptII/ptolemy/actor/lib/test/auto/Dictionary4.xml (RunModel)" time="0.019" />
  <testcase classname="ptolemy.util.test.junit.AutoTests" name="[112] /home/travis/build/icyphy/ptII/ptolemy/actor/lib/test/auto/Differential.xml (RunModel)" time="0.012" />
  <testcase classname="ptolemy.util.test.junit.AutoTests" name="[113] /home/travis/build/icyphy/ptII/ptolemy/actor/lib/test/auto/Director.xml (RunModel)" time="0.011" />
  <testcase classname="ptolemy.util.test.junit.AutoTests" name="[114] /home/travis/build/icyphy/ptII/ptolemy/actor/lib/test/auto/DiscreteClock.xml (RunModel)" time="0.008" />
  <testcase classname="ptolemy.util.test.junit.AutoTests" name="[115] /home/travis/build/icyphy/ptII/ptolemy/actor/lib/test/auto/DiscreteClock10.xml (RunModel)" time="0.014" />
  <testcase classname="ptolemy.util.test.junit.AutoTests" name="[116] /home/travis/build/icyphy/ptII/ptolemy/actor/lib/test/auto/DiscreteClock11.xml (RunModel)" time="0.012" />
  <testcase classname="ptolemy.util.test.junit.AutoTests" name="[117] /home/travis/build/icyphy/ptII/ptolemy/actor/lib/test/auto/DiscreteClock12.xml (RunModel)" time="0.013" />
  <testcase classname="ptolemy.util.test.junit.AutoTests" name="[118] /home/travis/build/icyphy/ptII/ptolemy/actor/lib/test/auto/DiscreteClock13.xml (RunModel)" time="0.014" />
  <testcase classname="ptolemy.util.test.junit.AutoTests" name="[119] /home/travis/build/icyphy/ptII/ptolemy/actor/lib/test/auto/DiscreteClock14.xml (RunModel)" time="0.014" />
  <testcase classname="ptolemy.util.test.junit.AutoTests" name="[120] /home/travis/build/icyphy/ptII/ptolemy/actor/lib/test/auto/DiscreteClock15.xml (RunModel)" time="0.017" />
  <testcase classname="ptolemy.util.test.junit.AutoTests" name="[121] /home/travis/build/icyphy/ptII/ptolemy/actor/lib/test/auto/DiscreteClock16.xml (RunModel)" time="0.047" />
  <testcase classname="ptolemy.util.test.junit.AutoTests" name="[122] /home/travis/build/icyphy/ptII/ptolemy/actor/lib/test/auto/DiscreteClock17.xml (RunModel)" time="0.043" />
  <testcase classname="ptolemy.util.test.junit.AutoTests" name="[123] /home/travis/build/icyphy/ptII/ptolemy/actor/lib/test/auto/DiscreteClock18.xml (RunModel)" time="0.043" />
  <testcase classname="ptolemy.util.test.junit.AutoTests" name="[124] /home/travis/build/icyphy/ptII/ptolemy/actor/lib/test/auto/DiscreteClock19.xml (RunModel)" time="0.062" />
  <testcase classname="ptolemy.util.test.junit.AutoTests" name="[125] /home/travis/build/icyphy/ptII/ptolemy/actor/lib/test/auto/DiscreteClock2.xml (RunModel)" time="0.012" />
  <testcase classname="ptolemy.util.test.junit.AutoTests" name="[126] /home/travis/build/icyphy/ptII/ptolemy/actor/lib/test/auto/DiscreteClock20.xml (RunModel)" time="0.012" />
  <testcase classname="ptolemy.util.test.junit.AutoTests" name="[127] /home/travis/build/icyphy/ptII/ptolemy/actor/lib/test/auto/DiscreteClock21.xml (RunModel)" time="0.012" />
  <testcase classname="ptolemy.util.test.junit.AutoTests" name="[128] /home/travis/build/icyphy/ptII/ptolemy/actor/lib/test/auto/DiscreteClock22.xml (RunModel)" time="0.013" />
  <testcase classname="ptolemy.util.test.junit.AutoTests" name="[129] /home/travis/build/icyphy/ptII/ptolemy/actor/lib/test/auto/DiscreteClock23.xml (RunModel)" time="0.014" />
  <testcase classname="ptolemy.util.test.junit.AutoTests" name="[130] /home/travis/build/icyphy/ptII/ptolemy/actor/lib/test/auto/DiscreteClock24.xml (RunModel)" time="0.011" />
  <testcase classname="ptolemy.util.test.junit.AutoTests" name="[131] /home/travis/build/icyphy/ptII/ptolemy/actor/lib/test/auto/DiscreteClock4.xml (RunModel)" time="0.015" />
  <testcase classname="ptolemy.util.test.junit.AutoTests" name="[132] /home/travis/build/icyphy/ptII/ptolemy/actor/lib/test/auto/DiscreteClock5.xml (RunModel)" time="0.011" />
  <testcase classname="ptolemy.util.test.junit.AutoTests" name="[133] /home/travis/build/icyphy/ptII/ptolemy/actor/lib/test/auto/DiscreteClock6.xml (RunModel)" time="0.009" />
  <testcase classname="ptolemy.util.test.junit.AutoTests" name="[134] /home/travis/build/icyphy/ptII/ptolemy/actor/lib/test/auto/DiscreteClock7.xml (RunModel)" time="0.01" />
  <testcase classname="ptolemy.util.test.junit.AutoTests" name="[135] /home/travis/build/icyphy/ptII/ptolemy/actor/lib/test/auto/DiscreteClock8.xml (RunModel)" time="0.013" />
  <testcase classname="ptolemy.util.test.junit.AutoTests" name="[136] /home/travis/build/icyphy/ptII/ptolemy/actor/lib/test/auto/DiscreteClock9.xml (RunModel)" time="0.014" />
  <testcase classname="ptolemy.util.test.junit.AutoTests" name="[137] /home/travis/build/icyphy/ptII/ptolemy/actor/lib/test/auto/DisplayArray.xml (RunModel)" time="0.021" />
  <testcase classname="ptolemy.util.test.junit.AutoTests" name="[138] /home/travis/build/icyphy/ptII/ptolemy/actor/lib/test/auto/Distributor.xml (RunModel)" time="0.009" />
  <testcase classname="ptolemy.util.test.junit.AutoTests" name="[139] /home/travis/build/icyphy/ptII/ptolemy/actor/lib/test/auto/Distributor2.xml (RunModel)" time="0.009" />
  <testcase classname="ptolemy.util.test.junit.AutoTests" name="[140] /home/travis/build/icyphy/ptII/ptolemy/actor/lib/test/auto/DownSample.xml (RunModel)" time="0.013" />
  <testcase classname="ptolemy.util.test.junit.AutoTests" name="[141] /home/travis/build/icyphy/ptII/ptolemy/actor/lib/test/auto/ElectronicUnitBase1.xml (RunModel)" time="0.071" />
  <testcase classname="ptolemy.util.test.junit.AutoTests" name="[142] /home/travis/build/icyphy/ptII/ptolemy/actor/lib/test/auto/ElementsToArray.xml (RunModel)" time="0.026" />
  <testcase classname="ptolemy.util.test.junit.AutoTests" name="[143] /home/travis/build/icyphy/ptII/ptolemy/actor/lib/test/auto/Equals.xml (RunModel)" time="0.02" />
  <testcase classname="ptolemy.util.test.junit.AutoTests" name="[144] /home/travis/build/icyphy/ptII/ptolemy/actor/lib/test/auto/Exec.xml (RunModel)" time="0.047" />
  <testcase classname="ptolemy.util.test.junit.AutoTests" name="[145] /home/travis/build/icyphy/ptII/ptolemy/actor/lib/test/auto/ExecEnvironment.xml (RunModel)" time="0.047" />
  <testcase classname="ptolemy.util.test.junit.AutoTests" name="[146] /home/travis/build/icyphy/ptII/ptolemy/actor/lib/test/auto/ExecNonZeroReturnOutput.xml (RunModel)" time="0.205" />
  <testcase classname="ptolemy.util.test.junit.AutoTests" name="[147] /home/travis/build/icyphy/ptII/ptolemy/actor/lib/test/auto/ExecRunDemos.xml (RunModel)" time="10.975" />
  <testcase classname="ptolemy.util.test.junit.AutoTests" name="[148] /home/travis/build/icyphy/ptII/ptolemy/actor/lib/test/auto/ExecStop.xml (RunModel)" time="5.031" />
  <testcase classname="ptolemy.util.test.junit.AutoTests" name="[149] /home/travis/build/icyphy/ptII/ptolemy/actor/lib/test/auto/ExecutionTimeSDF.xml (RunModel)" time="6.039" />
  <testcase classname="ptolemy.util.test.junit.AutoTests" name="[150] /home/travis/build/icyphy/ptII/ptolemy/actor/lib/test/auto/Expression1.xml (RunModel)" time="0.012" />
  <testcase classname="ptolemy.util.test.junit.AutoTests" name="[151] /home/travis/build/icyphy/ptII/ptolemy/actor/lib/test/auto/Expression10.xml (RunModel)" time="0.031" />
  <testcase classname="ptolemy.util.test.junit.AutoTests" name="[152] /home/travis/build/icyphy/ptII/ptolemy/actor/lib/test/auto/Expression11.xml (RunModel)" time="0.013" />
  <testcase classname="ptolemy.util.test.junit.AutoTests" name="[153] /home/travis/build/icyphy/ptII/ptolemy/actor/lib/test/auto/Expression12.xml (RunModel)" time="0.018" />
  <testcase classname="ptolemy.util.test.junit.AutoTests" name="[154] /home/travis/build/icyphy/ptII/ptolemy/actor/lib/test/auto/Expression13.xml (RunModel)" time="0.015" />
  <testcase classname="ptolemy.util.test.junit.AutoTests" name="[155] /home/travis/build/icyphy/ptII/ptolemy/actor/lib/test/auto/Expression14.xml (RunModel)" time="0.026" />
  <testcase classname="ptolemy.util.test.junit.AutoTests" name="[156] /home/travis/build/icyphy/ptII/ptolemy/actor/lib/test/auto/Expression15.xml (RunModel)" time="0.012" />
  <testcase classname="ptolemy.util.test.junit.AutoTests" name="[157] /home/travis/build/icyphy/ptII/ptolemy/actor/lib/test/auto/Expression16.xml (RunModel)" time="0.018" />
  <testcase classname="ptolemy.util.test.junit.AutoTests" name="[158] /home/travis/build/icyphy/ptII/ptolemy/actor/lib/test/auto/Expression17.xml (RunModel)" time="0.014" />
  <testcase classname="ptolemy.util.test.junit.AutoTests" name="[159] /home/travis/build/icyphy/ptII/ptolemy/actor/lib/test/auto/Expression18.xml (RunModel)" time="0.016" />
  <testcase classname="ptolemy.util.test.junit.AutoTests" name="[160] /home/travis/build/icyphy/ptII/ptolemy/actor/lib/test/auto/Expression2.xml (RunModel)" time="0.013" />
  <testcase classname="ptolemy.util.test.junit.AutoTests" name="[161] /home/travis/build/icyphy/ptII/ptolemy/actor/lib/test/auto/Expression3.xml (RunModel)" time="0.014" />
  <testcase classname="ptolemy.util.test.junit.AutoTests" name="[162] /home/travis/build/icyphy/ptII/ptolemy/actor/lib/test/auto/Expression4.xml (RunModel)" time="0.02" />
  <testcase classname="ptolemy.util.test.junit.AutoTests" name="[163] /home/travis/build/icyphy/ptII/ptolemy/actor/lib/test/auto/Expression5.xml (RunModel)" time="0.012" />
  <testcase classname="ptolemy.util.test.junit.AutoTests" name="[164] /home/travis/build/icyphy/ptII/ptolemy/actor/lib/test/auto/Expression6.xml (RunModel)" time="0.01" />
  <testcase classname="ptolemy.util.test.junit.AutoTests" name="[165] /home/travis/build/icyphy/ptII/ptolemy/actor/lib/test/auto/Expression7.xml (RunModel)" time="0.013" />
  <testcase classname="ptolemy.util.test.junit.AutoTests" name="[166] /home/travis/build/icyphy/ptII/ptolemy/actor/lib/test/auto/Expression8.xml (RunModel)" time="0.015" />
  <testcase classname="ptolemy.util.test.junit.AutoTests" name="[167] /home/travis/build/icyphy/ptII/ptolemy/actor/lib/test/auto/Expression9.xml (RunModel)" time="0.01" />
  <testcase classname="ptolemy.util.test.junit.AutoTests" name="[168] /home/travis/build/icyphy/ptII/ptolemy/actor/lib/test/auto/ExpressionConcatenateArrayType.xml (RunModel)" time="0.029" />
  <testcase classname="ptolemy.util.test.junit.AutoTests" name="[169] /home/travis/build/icyphy/ptII/ptolemy/actor/lib/test/auto/ExpressionConcatenateArrayType2.xml (RunModel)" time="0.023" />
  <testcase classname="ptolemy.util.test.junit.AutoTests" name="[170] /home/travis/build/icyphy/ptII/ptolemy/actor/lib/test/auto/ExpressionFix.xml (RunModel)" time="0.059" />
  <testcase classname="ptolemy.util.test.junit.AutoTests" name="[171] /home/travis/build/icyphy/ptII/ptolemy/actor/lib/test/auto/ExpressionFix2.xml (RunModel)" time="0.015" />
  <testcase classname="ptolemy.util.test.junit.AutoTests" name="[172] /home/travis/build/icyphy/ptII/ptolemy/actor/lib/test/auto/ExpressionFix3.xml (RunModel)" time="0.014" />
  <testcase classname="ptolemy.util.test.junit.AutoTests" name="[173] /home/travis/build/icyphy/ptII/ptolemy/actor/lib/test/auto/FileWriter1.xml (RunModel)" time="0.011" />
  <testcase classname="ptolemy.util.test.junit.AutoTests" name="[174] /home/travis/build/icyphy/ptII/ptolemy/actor/lib/test/auto/FileWriter2.xml (RunModel)" time="0.02" />
  <testcase classname="ptolemy.util.test.junit.AutoTests" name="[175] /home/travis/build/icyphy/ptII/ptolemy/actor/lib/test/auto/FileWriter3.xml (RunModel)" time="0.011" />
  <testcase classname="ptolemy.util.test.junit.AutoTests" name="[176] /home/travis/build/icyphy/ptII/ptolemy/actor/lib/test/auto/Gaussian.xml (RunModel)" time="0.011" />
  <testcase classname="ptolemy.util.test.junit.AutoTests" name="[177] /home/travis/build/icyphy/ptII/ptolemy/actor/lib/test/auto/Gaussian1.xml (RunModel)" time="0.014" />
  <testcase classname="ptolemy.util.test.junit.AutoTests" name="[178] /home/travis/build/icyphy/ptII/ptolemy/actor/lib/test/auto/Gaussian2.xml (RunModel)" time="0.022" />
  <testcase classname="ptolemy.util.test.junit.AutoTests" name="[179] /home/travis/build/icyphy/ptII/ptolemy/actor/lib/test/auto/GradientAdaptiveLattice.xml (RunModel)" time="0.016" />
  <testcase classname="ptolemy.util.test.junit.AutoTests" name="[180] /home/travis/build/icyphy/ptII/ptolemy/actor/lib/test/auto/IIR.xml (RunModel)" time="0.009" />
  <testcase classname="ptolemy.util.test.junit.AutoTests" name="[181] /home/travis/build/icyphy/ptII/ptolemy/actor/lib/test/auto/InputOutputTransparentPorts.xml (RunModel)" time="0.018" />
  <testcase classname="ptolemy.util.test.junit.AutoTests" name="[182] /home/travis/build/icyphy/ptII/ptolemy/actor/lib/test/auto/Interpolator.xml (RunModel)" time="0.012" />
  <testcase classname="ptolemy.util.test.junit.AutoTests" name="[183] /home/travis/build/icyphy/ptII/ptolemy/actor/lib/test/auto/InterpolatorFiringLimitDE.xml (RunModel)" time="0.014" />
  <testcase classname="ptolemy.util.test.junit.AutoTests" name="[184] /home/travis/build/icyphy/ptII/ptolemy/actor/lib/test/auto/Lattice.xml (RunModel)" time="0.012" />
  <testcase classname="ptolemy.util.test.junit.AutoTests" name="[185] /home/travis/build/icyphy/ptII/ptolemy/actor/lib/test/auto/LazyAOCTestLazy.xml (RunModel)" time="0.029" />
  <testcase classname="ptolemy.util.test.junit.AutoTests" name="[186] /home/travis/build/icyphy/ptII/ptolemy/actor/lib/test/auto/LazyAOCTestNonLazy.xml (RunModel)" time="0.043" />
  <testcase classname="ptolemy.util.test.junit.AutoTests" name="[187] /home/travis/build/icyphy/ptII/ptolemy/actor/lib/test/auto/LazyInnerClass.xml (RunModel)" time="0.058" />
  <testcase classname="ptolemy.util.test.junit.AutoTests" name="[188] /home/travis/build/icyphy/ptII/ptolemy/actor/lib/test/auto/LazyPubSub.xml (RunModel)" time="0.068" />
  <testcase classname="ptolemy.util.test.junit.AutoTests" name="[189] /home/travis/build/icyphy/ptII/ptolemy/actor/lib/test/auto/LazyPubSub2.xml (RunModel)" time="0.041" />
  <testcase classname="ptolemy.util.test.junit.AutoTests" name="[190] /home/travis/build/icyphy/ptII/ptolemy/actor/lib/test/auto/LazyPubSub3.xml (RunModel)" time="0.033" />
  <testcase classname="ptolemy.util.test.junit.AutoTests" name="[191] /home/travis/build/icyphy/ptII/ptolemy/actor/lib/test/auto/LazySubClassModel.xml (RunModel)" time="0.031" />
  <testcase classname="ptolemy.util.test.junit.AutoTests" name="[192] /home/travis/build/icyphy/ptII/ptolemy/actor/lib/test/auto/LevelCrossTest1.xml (RunModel)" time="0.014" />
  <testcase classname="ptolemy.util.test.junit.AutoTests" name="[193] /home/travis/build/icyphy/ptII/ptolemy/actor/lib/test/auto/LevelCrossTest10.xml (RunModel)" time="0.019" />
  <testcase classname="ptolemy.util.test.junit.AutoTests" name="[194] /home/travis/build/icyphy/ptII/ptolemy/actor/lib/test/auto/LevelCrossTest11.xml (RunModel)" time="0.019" />
  <testcase classname="ptolemy.util.test.junit.AutoTests" name="[195] /home/travis/build/icyphy/ptII/ptolemy/actor/lib/test/auto/LevelCrossTest12.xml (RunModel)" time="0.019" />
  <testcase classname="ptolemy.util.test.junit.AutoTests" name="[196] /home/travis/build/icyphy/ptII/ptolemy/actor/lib/test/auto/LevelCrossTest13.xml (RunModel)" time="0.02" />
  <testcase classname="ptolemy.util.test.junit.AutoTests" name="[197] /home/travis/build/icyphy/ptII/ptolemy/actor/lib/test/auto/LevelCrossTest2.xml (RunModel)" time="0.011" />
  <testcase classname="ptolemy.util.test.junit.AutoTests" name="[198] /home/travis/build/icyphy/ptII/ptolemy/actor/lib/test/auto/LevelCrossTest3.xml (RunModel)" time="0.015" />
  <testcase classname="ptolemy.util.test.junit.AutoTests" name="[199] /home/travis/build/icyphy/ptII/ptolemy/actor/lib/test/auto/LevelCrossTest4.xml (RunModel)" time="0.011" />
  <testcase classname="ptolemy.util.test.junit.AutoTests" name="[200] /home/travis/build/icyphy/ptII/ptolemy/actor/lib/test/auto/LevelCrossTest5.xml (RunModel)" time="0.017" />
  <testcase classname="ptolemy.util.test.junit.AutoTests" name="[201] /home/travis/build/icyphy/ptII/ptolemy/actor/lib/test/auto/LevelCrossTest6.xml (RunModel)" time="0.019" />
  <testcase classname="ptolemy.util.test.junit.AutoTests" name="[202] /home/travis/build/icyphy/ptII/ptolemy/actor/lib/test/auto/LevelCrossTest7.xml (RunModel)" time="0.02" />
  <testcase classname="ptolemy.util.test.junit.AutoTests" name="[203] /home/travis/build/icyphy/ptII/ptolemy/actor/lib/test/auto/LevelCrossTest8.xml (RunModel)" time="0.016" />
  <testcase classname="ptolemy.util.test.junit.AutoTests" name="[204] /home/travis/build/icyphy/ptII/ptolemy/actor/lib/test/auto/LevelCrossTest9.xml (RunModel)" time="0.015" />
  <testcase classname="ptolemy.util.test.junit.AutoTests" name="[205] /home/travis/build/icyphy/ptII/ptolemy/actor/lib/test/auto/LevinsonDurbin.xml (RunModel)" time="0.011" />
  <testcase classname="ptolemy.util.test.junit.AutoTests" name="[206] /home/travis/build/icyphy/ptII/ptolemy/actor/lib/test/auto/LevinsonDurbin2.xml (RunModel)" time="0.011" />
  <testcase classname="ptolemy.util.test.junit.AutoTests" name="[207] /home/travis/build/icyphy/ptII/ptolemy/actor/lib/test/auto/LevinsonDurbin3.xml (RunModel)" time="0.022" />
  <testcase classname="ptolemy.util.test.junit.AutoTests" name="[208] /home/travis/build/icyphy/ptII/ptolemy/actor/lib/test/auto/Limiter.xml (RunModel)" time="0.046" />
  <testcase classname="ptolemy.util.test.junit.AutoTests" name="[209] /home/travis/build/icyphy/ptII/ptolemy/actor/lib/test/auto/LinearDifferenceEquationSystem.xml (RunModel)" time="0.027" />
  <testcase classname="ptolemy.util.test.junit.AutoTests" name="[210] /home/travis/build/icyphy/ptII/ptolemy/actor/lib/test/auto/LookupTable.xml (RunModel)" time="0.013" />
  <testcase classname="ptolemy.util.test.junit.AutoTests" name="[211] /home/travis/build/icyphy/ptII/ptolemy/actor/lib/test/auto/MathFunction.xml (RunModel)" time="0.024" />
  <testcase classname="ptolemy.util.test.junit.AutoTests" name="[212] /home/travis/build/icyphy/ptII/ptolemy/actor/lib/test/auto/MathFunction2.xml (RunModel)" time="0.015" />
  <testcase classname="ptolemy.util.test.junit.AutoTests" name="[213] /home/travis/build/icyphy/ptII/ptolemy/actor/lib/test/auto/MathFunction3.xml (RunModel)" time="0.019" />
  <testcase classname="ptolemy.util.test.junit.AutoTests" name="[214] /home/travis/build/icyphy/ptII/ptolemy/actor/lib/test/auto/MatrixCropBoolean.xml (RunModel)" time="0.016" />
  <testcase classname="ptolemy.util.test.junit.AutoTests" name="[215] /home/travis/build/icyphy/ptII/ptolemy/actor/lib/test/auto/MatrixCropComplex.xml (RunModel)" time="0.012" />
  <testcase classname="ptolemy.util.test.junit.AutoTests" name="[216] /home/travis/build/icyphy/ptII/ptolemy/actor/lib/test/auto/MatrixCropDouble.xml (RunModel)" time="0.013" />
  <testcase classname="ptolemy.util.test.junit.AutoTests" name="[217] /home/travis/build/icyphy/ptII/ptolemy/actor/lib/test/auto/MatrixCropFix.xml (RunModel)" time="0.017" />
  <testcase classname="ptolemy.util.test.junit.AutoTests" name="[218] /home/travis/build/icyphy/ptII/ptolemy/actor/lib/test/auto/MatrixCropInt.xml (RunModel)" time="0.012" />
  <testcase classname="ptolemy.util.test.junit.AutoTests" name="[219] /home/travis/build/icyphy/ptII/ptolemy/actor/lib/test/auto/MatrixCropLong.xml (RunModel)" time="0.009" />
  <testcase classname="ptolemy.util.test.junit.AutoTests" name="[220] /home/travis/build/icyphy/ptII/ptolemy/actor/lib/test/auto/MatrixToArray.xml (RunModel)" time="0.043" />
  <testcase classname="ptolemy.util.test.junit.AutoTests" name="[221] /home/travis/build/icyphy/ptII/ptolemy/actor/lib/test/auto/MaxIndex.xml (RunModel)" time="0.014" />
  <testcase classname="ptolemy.util.test.junit.AutoTests" name="[222] /home/travis/build/icyphy/ptII/ptolemy/actor/lib/test/auto/Maximum.xml (RunModel)" time="0.021" />
  <testcase classname="ptolemy.util.test.junit.AutoTests" name="[223] /home/travis/build/icyphy/ptII/ptolemy/actor/lib/test/auto/MaximumComplex.xml (RunModel)" time="0.022" />
  <testcase classname="ptolemy.util.test.junit.AutoTests" name="[224] /home/travis/build/icyphy/ptII/ptolemy/actor/lib/test/auto/MethodCallTest.xml (RunModel)" time="0.032" />
  <testcase classname="ptolemy.util.test.junit.AutoTests" name="[225] /home/travis/build/icyphy/ptII/ptolemy/actor/lib/test/auto/Minimum.xml (RunModel)" time="0.015" />
  <testcase classname="ptolemy.util.test.junit.AutoTests" name="[226] /home/travis/build/icyphy/ptII/ptolemy/actor/lib/test/auto/MinimumComplex.xml (RunModel)" time="0.029" />
  <testcase classname="ptolemy.util.test.junit.AutoTests" name="[227] /home/travis/build/icyphy/ptII/ptolemy/actor/lib/test/auto/MinimumMultiports.xml (RunModel)" time="0.018" />
  <testcase classname="ptolemy.util.test.junit.AutoTests" name="[228] /home/travis/build/icyphy/ptII/ptolemy/actor/lib/test/auto/ModifyDate.xml (RunModel)" time="0.056" />
  <testcase classname="ptolemy.util.test.junit.AutoTests" name="[229] /home/travis/build/icyphy/ptII/ptolemy/actor/lib/test/auto/ModifyDate2.xml (RunModel)" time="0.034" />
  <testcase classname="ptolemy.util.test.junit.AutoTests" name="[230] /home/travis/build/icyphy/ptII/ptolemy/actor/lib/test/auto/MovingAverage.xml (RunModel)" time="0.022" />
  <testcase classname="ptolemy.util.test.junit.AutoTests" name="[231] /home/travis/build/icyphy/ptII/ptolemy/actor/lib/test/auto/MovingMaximum.xml (RunModel)" time="0.014" />
  <testcase classname="ptolemy.util.test.junit.AutoTests" name="[232] /home/travis/build/icyphy/ptII/ptolemy/actor/lib/test/auto/MultipleLinksToSameRelation.xml (RunModel)" time="0.01" />
  <testcase classname="ptolemy.util.test.junit.AutoTests" name="[233] /home/travis/build/icyphy/ptII/ptolemy/actor/lib/test/auto/MultipleLinksToSameRelationDE.xml (RunModel)" time="0.01" />
  <testcase classname="ptolemy.util.test.junit.AutoTests" name="[234] /home/travis/build/icyphy/ptII/ptolemy/actor/lib/test/auto/Multiplexor.xml (RunModel)" time="0.014" />
  <testcase classname="ptolemy.util.test.junit.AutoTests" name="[235] /home/travis/build/icyphy/ptII/ptolemy/actor/lib/test/auto/Multiplexor1.xml (RunModel)" time="0.013" />
  <testcase classname="ptolemy.util.test.junit.AutoTests" name="[236] /home/travis/build/icyphy/ptII/ptolemy/actor/lib/test/auto/Multiplexor2.xml (RunModel)" time="0.024" />
  <testcase classname="ptolemy.util.test.junit.AutoTests" name="[237] /home/travis/build/icyphy/ptII/ptolemy/actor/lib/test/auto/Multiplexor3.xml (RunModel)" time="0.012" />
  <testcase classname="ptolemy.util.test.junit.AutoTests" name="[238] /home/travis/build/icyphy/ptII/ptolemy/actor/lib/test/auto/MultiplexorDE.xml (RunModel)" time="0.019" />
  <testcase classname="ptolemy.util.test.junit.AutoTests" name="[239] /home/travis/build/icyphy/ptII/ptolemy/actor/lib/test/auto/MultiportBroadcastTest.xml (RunModel)" time="0.097" />
  <testcase classname="ptolemy.util.test.junit.AutoTests" name="[240] /home/travis/build/icyphy/ptII/ptolemy/actor/lib/test/auto/MultiportOutHangDuringGetWidth.xml (RunModel)" time="0.036" />
  <testcase classname="ptolemy.util.test.junit.AutoTests" name="[241] /home/travis/build/icyphy/ptII/ptolemy/actor/lib/test/auto/NilToken.xml (RunModel)" time="0.012" />
  <testcase classname="ptolemy.util.test.junit.AutoTests" name="[242] /home/travis/build/icyphy/ptII/ptolemy/actor/lib/test/auto/NilTokenNonStrictTest.xml (RunModel)" time="0.013" />
  <testcase classname="ptolemy.util.test.junit.AutoTests" name="[243] /home/travis/build/icyphy/ptII/ptolemy/actor/lib/test/auto/NilTokenRecord.xml (RunModel)" time="0.031" />
  <testcase classname="ptolemy.util.test.junit.AutoTests" name="[244] /home/travis/build/icyphy/ptII/ptolemy/actor/lib/test/auto/NilTokenTypeTest.xml (RunModel)" time="0.032" />
  <testcase classname="ptolemy.util.test.junit.AutoTests" name="[245] /home/travis/build/icyphy/ptII/ptolemy/actor/lib/test/auto/ObjectToken1.xml (RunModel)" time="0.01" />
  <testcase classname="ptolemy.util.test.junit.AutoTests" name="[246] /home/travis/build/icyphy/ptII/ptolemy/actor/lib/test/auto/OrderedMerge.xml (RunModel)" time="0.023" />
  <testcase classname="ptolemy.util.test.junit.AutoTests" name="[247] /home/travis/build/icyphy/ptII/ptolemy/actor/lib/test/auto/OrderedRecordDisassembler.xml (RunModel)" time="0.015" />
  <testcase classname="ptolemy.util.test.junit.AutoTests" name="[248] /home/travis/build/icyphy/ptII/ptolemy/actor/lib/test/auto/OrderedRecordDisassembler2.xml (RunModel)" time="0.023" />
  <testcase classname="ptolemy.util.test.junit.AutoTests" name="[249] /home/travis/build/icyphy/ptII/ptolemy/actor/lib/test/auto/OrderedRecordUpdater.xml (RunModel)" time="0.013" />
  <testcase classname="ptolemy.util.test.junit.AutoTests" name="[250] /home/travis/build/icyphy/ptII/ptolemy/actor/lib/test/auto/OrderedRecordUpdater2.xml (RunModel)" time="0.023" />
  <testcase classname="ptolemy.util.test.junit.AutoTests" name="[251] /home/travis/build/icyphy/ptII/ptolemy/actor/lib/test/auto/PhaseUnwrap.xml (RunModel)" time="0.016" />
  <testcase classname="ptolemy.util.test.junit.AutoTests" name="[252] /home/travis/build/icyphy/ptII/ptolemy/actor/lib/test/auto/PoissonClock.xml (RunModel)" time="0.012" />
  <testcase classname="ptolemy.util.test.junit.AutoTests" name="[253] /home/travis/build/icyphy/ptII/ptolemy/actor/lib/test/auto/PoissonClock2.xml (RunModel)" time="0.01" />
  <testcase classname="ptolemy.util.test.junit.AutoTests" name="[254] /home/travis/build/icyphy/ptII/ptolemy/actor/lib/test/auto/PoissonClock3.xml (RunModel)" time="0.027" />
  <testcase classname="ptolemy.util.test.junit.AutoTests" name="[255] /home/travis/build/icyphy/ptII/ptolemy/actor/lib/test/auto/PubSubWithInitialTokens.xml (RunModel)" time="0.03" />
  <testcase classname="ptolemy.util.test.junit.AutoTests" name="[256] /home/travis/build/icyphy/ptII/ptolemy/actor/lib/test/auto/PubSubWithInitialTokens2.xml (RunModel)" time="0.013" />
  <testcase classname="ptolemy.util.test.junit.AutoTests" name="[257] /home/travis/build/icyphy/ptII/ptolemy/actor/lib/test/auto/PublisherClassNoParameter.xml (RunModel)" time="0.039" />
  <testcase classname="ptolemy.util.test.junit.AutoTests" name="[258] /home/travis/build/icyphy/ptII/ptolemy/actor/lib/test/auto/PublisherClassParameter.xml (RunModel)" time="0.024" />
  <testcase classname="ptolemy.util.test.junit.AutoTests" name="[259] /home/travis/build/icyphy/ptII/ptolemy/actor/lib/test/auto/PublisherNonStrictTest.xml (RunModel)" time="0.016" />
  <testcase classname="ptolemy.util.test.junit.AutoTests" name="[260] /home/travis/build/icyphy/ptII/ptolemy/actor/lib/test/auto/PublisherPort1.xml (RunModel)" time="0.01" />
  <testcase classname="ptolemy.util.test.junit.AutoTests" name="[261] /home/travis/build/icyphy/ptII/ptolemy/actor/lib/test/auto/PublisherPort2.xml (RunModel)" time="0.009" />
  <testcase classname="ptolemy.util.test.junit.AutoTests" name="[262] /home/travis/build/icyphy/ptII/ptolemy/actor/lib/test/auto/PublisherPort3.xml (RunModel)" time="0.011" />
  <testcase classname="ptolemy.util.test.junit.AutoTests" name="[263] /home/travis/build/icyphy/ptII/ptolemy/actor/lib/test/auto/PublisherPort4.xml (RunModel)" time="0.021" />
  <testcase classname="ptolemy.util.test.junit.AutoTests" name="[264] /home/travis/build/icyphy/ptII/ptolemy/actor/lib/test/auto/PublisherPort5.xml (RunModel)" time="0.014" />
  <testcase classname="ptolemy.util.test.junit.AutoTests" name="[265] /home/travis/build/icyphy/ptII/ptolemy/actor/lib/test/auto/PublisherPort5LookAlike.xml (RunModel)" time="0.018" />
  <testcase classname="ptolemy.util.test.junit.AutoTests" name="[266] /home/travis/build/icyphy/ptII/ptolemy/actor/lib/test/auto/PublisherPort6.xml (RunModel)" time="0.012" />
  <testcase classname="ptolemy.util.test.junit.AutoTests" name="[267] /home/travis/build/icyphy/ptII/ptolemy/actor/lib/test/auto/PublisherPort7.xml (RunModel)" time="0.018" />
  <testcase classname="ptolemy.util.test.junit.AutoTests" name="[268] /home/travis/build/icyphy/ptII/ptolemy/actor/lib/test/auto/PublisherPort8.xml (RunModel)" time="0.019" />
  <testcase classname="ptolemy.util.test.junit.AutoTests" name="[269] /home/travis/build/icyphy/ptII/ptolemy/actor/lib/test/auto/PublisherPortSubscriberChannelVariablesAOC2.xml (RunModel)" time="0.041" />
  <testcase classname="ptolemy.util.test.junit.AutoTests" name="[270] /home/travis/build/icyphy/ptII/ptolemy/actor/lib/test/auto/PublisherPortSubscriberOpaqueWidthInference.xml (RunModel)" time="0.015" />
  <testcase classname="ptolemy.util.test.junit.AutoTests" name="[271] /home/travis/build/icyphy/ptII/ptolemy/actor/lib/test/auto/PublisherPortSubscriberPortAdjacent.xml (RunModel)" time="0.02" />
  <testcase classname="ptolemy.util.test.junit.AutoTests" name="[272] /home/travis/build/icyphy/ptII/ptolemy/actor/lib/test/auto/PublisherPortSubscriberPortExpression.xml (RunModel)" time="0.022" />
  <testcase classname="ptolemy.util.test.junit.AutoTests" name="[273] /home/travis/build/icyphy/ptII/ptolemy/actor/lib/test/auto/PublisherPortSubscriberPortOpaqueD3Reverse.xml (RunModel)" time="0.03" />
  <testcase classname="ptolemy.util.test.junit.AutoTests" name="[274] /home/travis/build/icyphy/ptII/ptolemy/actor/lib/test/auto/PublisherPortSubscriberPortOpaqueWidthInference.xml (RunModel)" time="0.019" />
  <testcase classname="ptolemy.util.test.junit.AutoTests" name="[275] /home/travis/build/icyphy/ptII/ptolemy/actor/lib/test/auto/PublisherPortToplevelSubscriberPortAOC.xml (RunModel)" time="0.013" />
  <testcase classname="ptolemy.util.test.junit.AutoTests" name="[276] /home/travis/build/icyphy/ptII/ptolemy/actor/lib/test/auto/PublisherSubscriber.xml (RunModel)" time="0.016" />
  <testcase classname="ptolemy.util.test.junit.AutoTests" name="[277] /home/travis/build/icyphy/ptII/ptolemy/actor/lib/test/auto/PublisherSubscriber10.xml (RunModel)" time="0.026" />
  <testcase classname="ptolemy.util.test.junit.AutoTests" name="[278] /home/travis/build/icyphy/ptII/ptolemy/actor/lib/test/auto/PublisherSubscriber10InitialOutputs.xml (RunModel)" time="0.037" />
  <testcase classname="ptolemy.util.test.junit.AutoTests" name="[279] /home/travis/build/icyphy/ptII/ptolemy/actor/lib/test/auto/PublisherSubscriber11.xml (RunModel)" time="0.026" />
  <testcase classname="ptolemy.util.test.junit.AutoTests" name="[280] /home/travis/build/icyphy/ptII/ptolemy/actor/lib/test/auto/PublisherSubscriber12.xml (RunModel)" time="0.025" />
  <testcase classname="ptolemy.util.test.junit.AutoTests" name="[281] /home/travis/build/icyphy/ptII/ptolemy/actor/lib/test/auto/PublisherSubscriber13.xml (RunModel)" time="0.015" />
  <testcase classname="ptolemy.util.test.junit.AutoTests" name="[282] /home/travis/build/icyphy/ptII/ptolemy/actor/lib/test/auto/PublisherSubscriber14.xml (RunModel)" time="0.024" />
  <testcase classname="ptolemy.util.test.junit.AutoTests" name="[283] /home/travis/build/icyphy/ptII/ptolemy/actor/lib/test/auto/PublisherSubscriber2.xml (RunModel)" time="0.011" />
  <testcase classname="ptolemy.util.test.junit.AutoTests" name="[284] /home/travis/build/icyphy/ptII/ptolemy/actor/lib/test/auto/PublisherSubscriber3.xml (RunModel)" time="0.011" />
  <testcase classname="ptolemy.util.test.junit.AutoTests" name="[285] /home/travis/build/icyphy/ptII/ptolemy/actor/lib/test/auto/PublisherSubscriber4.xml (RunModel)" time="0.009" />
  <testcase classname="ptolemy.util.test.junit.AutoTests" name="[286] /home/travis/build/icyphy/ptII/ptolemy/actor/lib/test/auto/PublisherSubscriber5.xml (RunModel)" time="0.013" />
  <testcase classname="ptolemy.util.test.junit.AutoTests" name="[287] /home/travis/build/icyphy/ptII/ptolemy/actor/lib/test/auto/PublisherSubscriber6.xml (RunModel)" time="0.015" />
  <testcase classname="ptolemy.util.test.junit.AutoTests" name="[288] /home/travis/build/icyphy/ptII/ptolemy/actor/lib/test/auto/PublisherSubscriber7.xml (RunModel)" time="0.024" />
  <testcase classname="ptolemy.util.test.junit.AutoTests" name="[289] /home/travis/build/icyphy/ptII/ptolemy/actor/lib/test/auto/PublisherSubscriber8.xml (RunModel)" time="0.035" />
  <testcase classname="ptolemy.util.test.junit.AutoTests" name="[290] /home/travis/build/icyphy/ptII/ptolemy/actor/lib/test/auto/PublisherSubscriber9.xml (RunModel)" time="0.016" />
  <testcase classname="ptolemy.util.test.junit.AutoTests" name="[291] /home/travis/build/icyphy/ptII/ptolemy/actor/lib/test/auto/PublisherSubscriberAdjacent.xml (RunModel)" time="0.036" />
  <testcase classname="ptolemy.util.test.junit.AutoTests" name="[292] /home/travis/build/icyphy/ptII/ptolemy/actor/lib/test/auto/PublisherSubscriberChannelVariablesAOC2.xml (RunModel)" time="0.029" />
  <testcase classname="ptolemy.util.test.junit.AutoTests" name="[293] /home/travis/build/icyphy/ptII/ptolemy/actor/lib/test/auto/PublisherSubscriberD3.xml (RunModel)" time="0.014" />
  <testcase classname="ptolemy.util.test.junit.AutoTests" name="[294] /home/travis/build/icyphy/ptII/ptolemy/actor/lib/test/auto/PublisherSubscriberD3Reverse.xml (RunModel)" time="0.014" />
  <testcase classname="ptolemy.util.test.junit.AutoTests" name="[295] /home/travis/build/icyphy/ptII/ptolemy/actor/lib/test/auto/PublisherSubscriberExpression.xml (RunModel)" time="0.017" />
  <testcase classname="ptolemy.util.test.junit.AutoTests" name="[296] /home/travis/build/icyphy/ptII/ptolemy/actor/lib/test/auto/PublisherSubscriberOpaque.xml (RunModel)" time="0.017" />
  <testcase classname="ptolemy.util.test.junit.AutoTests" name="[297] /home/travis/build/icyphy/ptII/ptolemy/actor/lib/test/auto/PublisherSubscriberOpaqueD3.xml (RunModel)" time="0.026" />
  <testcase classname="ptolemy.util.test.junit.AutoTests" name="[298] /home/travis/build/icyphy/ptII/ptolemy/actor/lib/test/auto/PublisherSubscriberOpaqueD3Reverse.xml (RunModel)" time="0.023" />
  <testcase classname="ptolemy.util.test.junit.AutoTests" name="[299] /home/travis/build/icyphy/ptII/ptolemy/actor/lib/test/auto/PublisherSubscriberOpaqueWidthInference.xml (RunModel)" time="0.021" />
  <testcase classname="ptolemy.util.test.junit.AutoTests" name="[300] /home/travis/build/icyphy/ptII/ptolemy/actor/lib/test/auto/PublisherTestSubscriber.xml (RunModel)" time="0.02" />
  <testcase classname="ptolemy.util.test.junit.AutoTests" name="[301] /home/travis/build/icyphy/ptII/ptolemy/actor/lib/test/auto/PublisherToplevelSubscriberPortAOC.xml (RunModel)" time="0.015" />
  <testcase classname="ptolemy.util.test.junit.AutoTests" name="[302] /home/travis/build/icyphy/ptII/ptolemy/actor/lib/test/auto/PulseFiringLimitDE.xml (RunModel)" time="0.016" />
  <testcase classname="ptolemy.util.test.junit.AutoTests" name="[303] /home/travis/build/icyphy/ptII/ptolemy/actor/lib/test/auto/Ramp1.xml (RunModel)" time="0.008" />
  <testcase classname="ptolemy.util.test.junit.AutoTests" name="[304] /home/travis/build/icyphy/ptII/ptolemy/actor/lib/test/auto/RampFiringLimitDE.xml (RunModel)" time="0.011" />
  <testcase classname="ptolemy.util.test.junit.AutoTests" name="[305] /home/travis/build/icyphy/ptII/ptolemy/actor/lib/test/auto/RampFiringLimitSDF.xml (RunModel)" time="0.01" />
  <testcase classname="ptolemy.util.test.junit.AutoTests" name="[306] /home/travis/build/icyphy/ptII/ptolemy/actor/lib/test/auto/RandomInteger.xml (RunModel)" time="0.009" />
  <testcase classname="ptolemy.util.test.junit.AutoTests" name="[307] /home/travis/build/icyphy/ptII/ptolemy/actor/lib/test/auto/ReadFile1.xml (RunModel)" time="0.009" />
  <testcase classname="ptolemy.util.test.junit.AutoTests" name="[308] /home/travis/build/icyphy/ptII/ptolemy/actor/lib/test/auto/ReadFile2.xml (RunModel)" time="0.01" />
  <testcase classname="ptolemy.util.test.junit.AutoTests" name="[309] /home/travis/build/icyphy/ptII/ptolemy/actor/lib/test/auto/Reader.xml (RunModel)" time="0.013" />
  <testcase classname="ptolemy.util.test.junit.AutoTests" name="[310] /home/travis/build/icyphy/ptII/ptolemy/actor/lib/test/auto/RecordAssemblerDisplayNameTest.xml (RunModel)" time="4.17" />
  <testcase classname="ptolemy.util.test.junit.AutoTests" name="[311] /home/travis/build/icyphy/ptII/ptolemy/actor/lib/test/auto/RecordAssemblerTypeError.xml (RunModel)" time="0.033" />
  <testcase classname="ptolemy.util.test.junit.AutoTests" name="[312] /home/travis/build/icyphy/ptII/ptolemy/actor/lib/test/auto/RecordDisassember.xml (RunModel)" time="0.011" />
  <testcase classname="ptolemy.util.test.junit.AutoTests" name="[313] /home/travis/build/icyphy/ptII/ptolemy/actor/lib/test/auto/RecordDisassemberDisplayNameTest.xml (RunModel)" time="0.019" />
  <testcase classname="ptolemy.util.test.junit.AutoTests" name="[314] /home/travis/build/icyphy/ptII/ptolemy/actor/lib/test/auto/RecordDisassembler.xml (RunModel)" time="0.013" />
  <testcase classname="ptolemy.util.test.junit.AutoTests" name="[315] /home/travis/build/icyphy/ptII/ptolemy/actor/lib/test/auto/RecordDisassembler2.xml (RunModel)" time="0.011" />
  <testcase classname="ptolemy.util.test.junit.AutoTests" name="[316] /home/travis/build/icyphy/ptII/ptolemy/actor/lib/test/auto/RecordUpdater.xml (RunModel)" time="0.009" />
  <testcase classname="ptolemy.util.test.junit.AutoTests" name="[317] /home/travis/build/icyphy/ptII/ptolemy/actor/lib/test/auto/RecordUpdater2.xml (RunModel)" time="0.009" />
  <testcase classname="ptolemy.util.test.junit.AutoTests" name="[318] /home/travis/build/icyphy/ptII/ptolemy/actor/lib/test/auto/RecursiveLattice.xml (RunModel)" time="0.008" />
  <testcase classname="ptolemy.util.test.junit.AutoTests" name="[319] /home/travis/build/icyphy/ptII/ptolemy/actor/lib/test/auto/Router.xml (RunModel)" time="3.025" />
  <testcase classname="ptolemy.util.test.junit.AutoTests" name="[320] /home/travis/build/icyphy/ptII/ptolemy/actor/lib/test/auto/Router2.xml (RunModel)" time="3.04" />
  <testcase classname="ptolemy.util.test.junit.AutoTests" name="[321] /home/travis/build/icyphy/ptII/ptolemy/actor/lib/test/auto/RunningMaximum.xml (RunModel)" time="0.017" />
  <testcase classname="ptolemy.util.test.junit.AutoTests" name="[322] /home/travis/build/icyphy/ptII/ptolemy/actor/lib/test/auto/RunningMinimum.xml (RunModel)" time="0.02" />
  <testcase classname="ptolemy.util.test.junit.AutoTests" name="[323] /home/travis/build/icyphy/ptII/ptolemy/actor/lib/test/auto/Scale.xml (RunModel)" time="0.011" />
  <testcase classname="ptolemy.util.test.junit.AutoTests" name="[324] /home/travis/build/icyphy/ptII/ptolemy/actor/lib/test/auto/Scale2.xml (RunModel)" time="0.011" />
  <testcase classname="ptolemy.util.test.junit.AutoTests" name="[325] /home/travis/build/icyphy/ptII/ptolemy/actor/lib/test/auto/Scale3.xml (RunModel)" time="0.017" />
  <testcase classname="ptolemy.util.test.junit.AutoTests" name="[326] /home/travis/build/icyphy/ptII/ptolemy/actor/lib/test/auto/ScaleArray.xml (RunModel)" time="0.014" />
  <testcase classname="ptolemy.util.test.junit.AutoTests" name="[327] /home/travis/build/icyphy/ptII/ptolemy/actor/lib/test/auto/ScaleArray2.xml (RunModel)" time="0.009" />
  <testcase classname="ptolemy.util.test.junit.AutoTests" name="[328] /home/travis/build/icyphy/ptII/ptolemy/actor/lib/test/auto/ScaleMatrix.xml (RunModel)" time="0.179" />
  <testcase classname="ptolemy.util.test.junit.AutoTests" name="[329] /home/travis/build/icyphy/ptII/ptolemy/actor/lib/test/auto/Select.xml (RunModel)" time="0.018" />
  <testcase classname="ptolemy.util.test.junit.AutoTests" name="[330] /home/travis/build/icyphy/ptII/ptolemy/actor/lib/test/auto/Select2.xml (RunModel)" time="0.009" />
  <testcase classname="ptolemy.util.test.junit.AutoTests" name="[331] /home/travis/build/icyphy/ptII/ptolemy/actor/lib/test/auto/SequenceToArray2.xml (RunModel)" time="0.141" />
  <testcase classname="ptolemy.util.test.junit.AutoTests" name="[332] /home/travis/build/icyphy/ptII/ptolemy/actor/lib/test/auto/SequentialClock.xml (RunModel)" time="0.011" />
  <testcase classname="ptolemy.util.test.junit.AutoTests" name="[333] /home/travis/build/icyphy/ptII/ptolemy/actor/lib/test/auto/SetVariable.xml (RunModel)" time="0.009" />
  <testcase classname="ptolemy.util.test.junit.AutoTests" name="[334] /home/travis/build/icyphy/ptII/ptolemy/actor/lib/test/auto/SetVariable2.xml (RunModel)" time="0.01" />
  <testcase classname="ptolemy.util.test.junit.AutoTests" name="[335] /home/travis/build/icyphy/ptII/ptolemy/actor/lib/test/auto/SetVariable3.xml (RunModel)" time="0.017" />
  <testcase classname="ptolemy.util.test.junit.AutoTests" name="[336] /home/travis/build/icyphy/ptII/ptolemy/actor/lib/test/auto/SetVariable4.xml (RunModel)" time="0.026" />
  <testcase classname="ptolemy.util.test.junit.AutoTests" name="[337] /home/travis/build/icyphy/ptII/ptolemy/actor/lib/test/auto/SetVariable5.xml (RunModel)" time="0.034" />
  <testcase classname="ptolemy.util.test.junit.AutoTests" name="[338] /home/travis/build/icyphy/ptII/ptolemy/actor/lib/test/auto/Sinewave.xml (RunModel)" time="0.04" />
  <testcase classname="ptolemy.util.test.junit.AutoTests" name="[339] /home/travis/build/icyphy/ptII/ptolemy/actor/lib/test/auto/Sinewave2.xml (RunModel)" time="0.02" />
  <testcase classname="ptolemy.util.test.junit.AutoTests" name="[340] /home/travis/build/icyphy/ptII/ptolemy/actor/lib/test/auto/Sinewave3.xml (RunModel)" time="0.03" />
  <testcase classname="ptolemy.util.test.junit.AutoTests" name="[341] /home/travis/build/icyphy/ptII/ptolemy/actor/lib/test/auto/SingleEvent.xml (RunModel)" time="0.008" />
  <testcase classname="ptolemy.util.test.junit.AutoTests" name="[342] /home/travis/build/icyphy/ptII/ptolemy/actor/lib/test/auto/Sleep.xml (RunModel)" time="6.018" />
  <testcase classname="ptolemy.util.test.junit.AutoTests" name="[343] /home/travis/build/icyphy/ptII/ptolemy/actor/lib/test/auto/SleepMultipleFire.xml (RunModel)" time="1.028" />
  <testcase classname="ptolemy.util.test.junit.AutoTests" name="[344] /home/travis/build/icyphy/ptII/ptolemy/actor/lib/test/auto/StopDE.xml (RunModel)" time="0.018" />
  <testcase classname="ptolemy.util.test.junit.AutoTests" name="[345] /home/travis/build/icyphy/ptII/ptolemy/actor/lib/test/auto/StopSDF.xml (RunModel)" time="0.013" />
  <testcase classname="ptolemy.util.test.junit.AutoTests" name="[346] /home/travis/build/icyphy/ptII/ptolemy/actor/lib/test/auto/StringConstant.xml (RunModel)" time="0.017" />
  <testcase classname="ptolemy.util.test.junit.AutoTests" name="[347] /home/travis/build/icyphy/ptII/ptolemy/actor/lib/test/auto/SubscriberPortInitialValues1.xml (RunModel)" time="0.03" />
  <testcase classname="ptolemy.util.test.junit.AutoTests" name="[348] /home/travis/build/icyphy/ptII/ptolemy/actor/lib/test/auto/SubscriberPortInitialValues13.xml (RunModel)" time="0.027" />
  <testcase classname="ptolemy.util.test.junit.AutoTests" name="[349] /home/travis/build/icyphy/ptII/ptolemy/actor/lib/test/auto/SubscriberPortInitialValues14.xml (RunModel)" time="0.018" />
  <testcase classname="ptolemy.util.test.junit.AutoTests" name="[350] /home/travis/build/icyphy/ptII/ptolemy/actor/lib/test/auto/SubscriberPortInitialValues2.xml (RunModel)" time="0.015" />
  <testcase classname="ptolemy.util.test.junit.AutoTests" name="[351] /home/travis/build/icyphy/ptII/ptolemy/actor/lib/test/auto/SubscriberPortInitialValues3.xml (RunModel)" time="0.023" />
  <testcase classname="ptolemy.util.test.junit.AutoTests" name="[352] /home/travis/build/icyphy/ptII/ptolemy/actor/lib/test/auto/SubscriptionAggregator.xml (RunModel)" time="0.012" />
  <testcase classname="ptolemy.util.test.junit.AutoTests" name="[353] /home/travis/build/icyphy/ptII/ptolemy/actor/lib/test/auto/SubscriptionAggregator2.xml (RunModel)" time="0.012" />
  <testcase classname="ptolemy.util.test.junit.AutoTests" name="[354] /home/travis/build/icyphy/ptII/ptolemy/actor/lib/test/auto/SubscriptionAggregator3.xml (RunModel)" time="0.018" />
  <testcase classname="ptolemy.util.test.junit.AutoTests" name="[355] /home/travis/build/icyphy/ptII/ptolemy/actor/lib/test/auto/SubscriptionAggregatorMultiply.xml (RunModel)" time="0.026" />
  <testcase classname="ptolemy.util.test.junit.AutoTests" name="[356] /home/travis/build/icyphy/ptII/ptolemy/actor/lib/test/auto/SubscriptionAggregatorPortMultiply1.xml (RunModel)" time="0.016" />
  <testcase classname="ptolemy.util.test.junit.AutoTests" name="[357] /home/travis/build/icyphy/ptII/ptolemy/actor/lib/test/auto/Switch.xml (RunModel)" time="0.016" />
  <testcase classname="ptolemy.util.test.junit.AutoTests" name="[358] /home/travis/build/icyphy/ptII/ptolemy/actor/lib/test/auto/Switch2.xml (RunModel)" time="0.013" />
  <testcase classname="ptolemy.util.test.junit.AutoTests" name="[359] /home/travis/build/icyphy/ptII/ptolemy/actor/lib/test/auto/SwitchDE.xml (RunModel)" time="0.015" />
  <testcase classname="ptolemy.util.test.junit.AutoTests" name="[360] /home/travis/build/icyphy/ptII/ptolemy/actor/lib/test/auto/SynchronizerDE.xml (RunModel)" time="0.022" />
  <testcase classname="ptolemy.util.test.junit.AutoTests" name="[361] /home/travis/build/icyphy/ptII/ptolemy/actor/lib/test/auto/Test.xml (RunModel)" time="0.009" />
  <testcase classname="ptolemy.util.test.junit.AutoTests" name="[362] /home/travis/build/icyphy/ptII/ptolemy/actor/lib/test/auto/TestExceptionAttribute1.xml (RunModel)" time="0.007" />
  <testcase classname="ptolemy.util.test.junit.AutoTests" name="[363] /home/travis/build/icyphy/ptII/ptolemy/actor/lib/test/auto/TestExceptionAttribute2.xml (RunModel)" time="0.008" />
  <testcase classname="ptolemy.util.test.junit.AutoTests" name="[364] /home/travis/build/icyphy/ptII/ptolemy/actor/lib/test/auto/TestExceptionAttribute3.xml (RunModel)" time="0.012" />
  <testcase classname="ptolemy.util.test.junit.AutoTests" name="[365] /home/travis/build/icyphy/ptII/ptolemy/actor/lib/test/auto/TestExceptionAttribute4.xml (RunModel)" time="0.009" />
  <testcase classname="ptolemy.util.test.junit.AutoTests" name="[366] /home/travis/build/icyphy/ptII/ptolemy/actor/lib/test/auto/TestExceptionHandler1.xml (RunModel)" time="0.009" />
  <testcase classname="ptolemy.util.test.junit.AutoTests" name="[367] /home/travis/build/icyphy/ptII/ptolemy/actor/lib/test/auto/TestExceptionHandler2.xml (RunModel)" time="0.017" />
  <testcase classname="ptolemy.util.test.junit.AutoTests" name="[368] /home/travis/build/icyphy/ptII/ptolemy/actor/lib/test/auto/TestExceptionHandler3.xml (RunModel)" time="0.006" />
  <testcase classname="ptolemy.util.test.junit.AutoTests" name="[369] /home/travis/build/icyphy/ptII/ptolemy/actor/lib/test/auto/TestExceptionHandler4.xml (RunModel)" time="0.007" />
  <testcase classname="ptolemy.util.test.junit.AutoTests" name="[370] /home/travis/build/icyphy/ptII/ptolemy/actor/lib/test/auto/TestRequireCorrectOrder.xml (RunModel)" time="0.014" />
  <testcase classname="ptolemy.util.test.junit.AutoTests" name="[371] /home/travis/build/icyphy/ptII/ptolemy/actor/lib/test/auto/TestSimple.xml (RunModel)" time="0.007" />
  <testcase classname="ptolemy.util.test.junit.AutoTests" name="[372] /home/travis/build/icyphy/ptII/ptolemy/actor/lib/test/auto/ThrowModelError.xml (RunModel)" time="0.012" />
  <testcase classname="ptolemy.util.test.junit.AutoTests" name="[373] /home/travis/build/icyphy/ptII/ptolemy/actor/lib/test/auto/TimeDelayMicrosteps.xml (RunModel)" time="0.015" />
  <testcase classname="ptolemy.util.test.junit.AutoTests" name="[374] /home/travis/build/icyphy/ptII/ptolemy/actor/lib/test/auto/TimeDelayMicrosteps2.xml (RunModel)" time="0.015" />
  <testcase classname="ptolemy.util.test.junit.AutoTests" name="[375] /home/travis/build/icyphy/ptII/ptolemy/actor/lib/test/auto/TimeDelayMicrosteps3.xml (RunModel)" time="0.013" />
  <testcase classname="ptolemy.util.test.junit.AutoTests" name="[376] /home/travis/build/icyphy/ptII/ptolemy/actor/lib/test/auto/TimeDelayVariableMicrosteps.xml (RunModel)" time="0.013" />
  <testcase classname="ptolemy.util.test.junit.AutoTests" name="[377] /home/travis/build/icyphy/ptII/ptolemy/actor/lib/test/auto/TimeGap.xml (RunModel)" time="0.016" />
  <testcase classname="ptolemy.util.test.junit.AutoTests" name="[378] /home/travis/build/icyphy/ptII/ptolemy/actor/lib/test/auto/TimeGap2.xml (RunModel)" time="0.013" />
  <testcase classname="ptolemy.util.test.junit.AutoTests" name="[379] /home/travis/build/icyphy/ptII/ptolemy/actor/lib/test/auto/TimedSinewave.xml (RunModel)" time="0.079" />
  <testcase classname="ptolemy.util.test.junit.AutoTests" name="[380] /home/travis/build/icyphy/ptII/ptolemy/actor/lib/test/auto/TimedSinewavePhase.xml (RunModel)" time="0.045" />
  <testcase classname="ptolemy.util.test.junit.AutoTests" name="[381] /home/travis/build/icyphy/ptII/ptolemy/actor/lib/test/auto/Timer.xml (RunModel)" time="0.013" />
  <testcase classname="ptolemy.util.test.junit.AutoTests" name="[382] /home/travis/build/icyphy/ptII/ptolemy/actor/lib/test/auto/TriangularDistTestModel.xml (RunModel)" time="0.016" />
  <testcase classname="ptolemy.util.test.junit.AutoTests" name="[383] /home/travis/build/icyphy/ptII/ptolemy/actor/lib/test/auto/TrigFunction.xml (RunModel)" time="0.008" />
  <testcase classname="ptolemy.util.test.junit.AutoTests" name="[384] /home/travis/build/icyphy/ptII/ptolemy/actor/lib/test/auto/TrigFunctionDE.xml (RunModel)" time="0.011" />
  <testcase classname="ptolemy.util.test.junit.AutoTests" name="[385] /home/travis/build/icyphy/ptII/ptolemy/actor/lib/test/auto/TrigFunctionInverse.xml (RunModel)" time="0.01" />
  <testcase classname="ptolemy.util.test.junit.AutoTests" name="[386] /home/travis/build/icyphy/ptII/ptolemy/actor/lib/test/auto/TrigFunctionTan.xml (RunModel)" time="0.006" />
  <testcase classname="ptolemy.util.test.junit.AutoTests" name="[387] /home/travis/build/icyphy/ptII/ptolemy/actor/lib/test/auto/TriggeredClock.xml (RunModel)" time="0.007" />
  <testcase classname="ptolemy.util.test.junit.AutoTests" name="[388] /home/travis/build/icyphy/ptII/ptolemy/actor/lib/test/auto/URLDirectoryReader.xml (RunModel)" time="0.103" />
  <testcase classname="ptolemy.util.test.junit.AutoTests" name="[389] /home/travis/build/icyphy/ptII/ptolemy/actor/lib/test/auto/URLDirectoryReader3.xml (RunModel)" time="1.733" />
  <testcase classname="ptolemy.util.test.junit.AutoTests" name="[390] /home/travis/build/icyphy/ptII/ptolemy/actor/lib/test/auto/UnaryMathFunction.xml (RunModel)" time="0.026" />
  <testcase classname="ptolemy.util.test.junit.AutoTests" name="[391] /home/travis/build/icyphy/ptII/ptolemy/actor/lib/test/auto/Uniform.xml (RunModel)" time="0.01" />
  <testcase classname="ptolemy.util.test.junit.AutoTests" name="[392] /home/travis/build/icyphy/ptII/ptolemy/actor/lib/test/auto/UnionDisassemblerTest.xml (RunModel)" time="0.01" />
  <testcase classname="ptolemy.util.test.junit.AutoTests" name="[393] /home/travis/build/icyphy/ptII/ptolemy/actor/lib/test/auto/UtilityFunctions.xml (RunModel)" time="0.008" />
  <testcase classname="ptolemy.util.test.junit.AutoTests" name="[394] /home/travis/build/icyphy/ptII/ptolemy/actor/lib/test/auto/VariableSleep.xml (RunModel)" time="0.512" />
  <testcase classname="ptolemy.util.test.junit.AutoTests" name="[395] /home/travis/build/icyphy/ptII/ptolemy/actor/lib/test/auto/VectorAssemblerDisassemblerCT.xml (RunModel)" time="0.11" />
  <testcase classname="ptolemy.util.test.junit.AutoTests" name="[396] /home/travis/build/icyphy/ptII/ptolemy/actor/lib/test/auto/VectorAssemblerDisassemblerDE.xml (RunModel)" time="0.015" />
  <testcase classname="ptolemy.util.test.junit.AutoTests" name="[397] /home/travis/build/icyphy/ptII/ptolemy/actor/lib/test/auto/VectorAssemblerDisassemblerSDF.xml (RunModel)" time="0.015" />
  <testcase classname="ptolemy.util.test.junit.AutoTests" name="[398] /home/travis/build/icyphy/ptII/ptolemy/actor/lib/test/auto/WallClockTime.xml (RunModel)" time="1.015" />
  <testcase classname="ptolemy.util.test.junit.AutoTests" name="[399] /home/travis/build/icyphy/ptII/ptolemy/actor/lib/test/auto/WidthTestWithSubscriberPublisher.xml (RunModel)" time="0.044" />
  <testcase classname="ptolemy.util.test.junit.AutoTests" name="[400] /home/travis/build/icyphy/ptII/ptolemy/actor/lib/test/auto/WidthTestWithSubscriberPublisher2.xml (RunModel)" time="0.022" />
  <testcase classname="ptolemy.util.test.junit.AutoTests" name="[401] /home/travis/build/icyphy/ptII/ptolemy/actor/lib/test/auto/WidthTestWithSubscriberPublisher3.xml (RunModel)" time="0.015" />
  <testcase classname="ptolemy.util.test.junit.AutoTests" name="[402] /home/travis/build/icyphy/ptII/ptolemy/actor/lib/test/auto/Writer.xml (RunModel)" time="0.009" />
  <testcase classname="ptolemy.util.test.junit.AutoTests" name="[403] /home/travis/build/icyphy/ptII/ptolemy/actor/lib/test/auto/array.xml (RunModel)" time="0.028" />
  <testcase classname="ptolemy.util.test.junit.AutoTests" name="[404] /home/travis/build/icyphy/ptII/ptolemy/actor/lib/test/auto/array2.xml (RunModel)" time="0.013" />
  <testcase classname="ptolemy.util.test.junit.AutoTests" name="[405] /home/travis/build/icyphy/ptII/ptolemy/actor/lib/test/auto/arrayType.xml (RunModel)" time="0.011" />
  <testcase classname="ptolemy.util.test.junit.AutoTests" name="[406] /home/travis/build/icyphy/ptII/ptolemy/actor/lib/test/auto/arrayType10.xml (RunModel)" time="0.008" />
  <testcase classname="ptolemy.util.test.junit.AutoTests" name="[407] /home/travis/build/icyphy/ptII/ptolemy/actor/lib/test/auto/arrayType11.xml (RunModel)" time="0.007" />
  <testcase classname="ptolemy.util.test.junit.AutoTests" name="[408] /home/travis/build/icyphy/ptII/ptolemy/actor/lib/test/auto/arrayType12.xml (RunModel)" time="0.009" />
  <testcase classname="ptolemy.util.test.junit.AutoTests" name="[409] /home/travis/build/icyphy/ptII/ptolemy/actor/lib/test/auto/arrayType13.xml (RunModel)" time="0.009" />
  <testcase classname="ptolemy.util.test.junit.AutoTests" name="[410] /home/travis/build/icyphy/ptII/ptolemy/actor/lib/test/auto/arrayType14.xml (RunModel)" time="0.01" />
  <testcase classname="ptolemy.util.test.junit.AutoTests" name="[411] /home/travis/build/icyphy/ptII/ptolemy/actor/lib/test/auto/arrayType15.xml (RunModel)" time="0.01" />
  <testcase classname="ptolemy.util.test.junit.AutoTests" name="[412] /home/travis/build/icyphy/ptII/ptolemy/actor/lib/test/auto/arrayType16.xml (RunModel)" time="0.009" />
  <testcase classname="ptolemy.util.test.junit.AutoTests" name="[413] /home/travis/build/icyphy/ptII/ptolemy/actor/lib/test/auto/arrayType17.xml (RunModel)" time="0.009" />
  <testcase classname="ptolemy.util.test.junit.AutoTests" name="[414] /home/travis/build/icyphy/ptII/ptolemy/actor/lib/test/auto/arrayType18.xml (RunModel)" time="0.008" />
  <testcase classname="ptolemy.util.test.junit.AutoTests" name="[415] /home/travis/build/icyphy/ptII/ptolemy/actor/lib/test/auto/arrayType19.xml (RunModel)" time="0.008" />
  <testcase classname="ptolemy.util.test.junit.AutoTests" name="[416] /home/travis/build/icyphy/ptII/ptolemy/actor/lib/test/auto/arrayType2.xml (RunModel)" time="0.009" />
  <testcase classname="ptolemy.util.test.junit.AutoTests" name="[417] /home/travis/build/icyphy/ptII/ptolemy/actor/lib/test/auto/arrayType20.xml (RunModel)" time="0.009" />
  <testcase classname="ptolemy.util.test.junit.AutoTests" name="[418] /home/travis/build/icyphy/ptII/ptolemy/actor/lib/test/auto/arrayType21.xml (RunModel)" time="0.009" />
  <testcase classname="ptolemy.util.test.junit.AutoTests" name="[419] /home/travis/build/icyphy/ptII/ptolemy/actor/lib/test/auto/arrayType22.xml (RunModel)" time="0.009" />
  <testcase classname="ptolemy.util.test.junit.AutoTests" name="[420] /home/travis/build/icyphy/ptII/ptolemy/actor/lib/test/auto/arrayType23.xml (RunModel)" time="0.009" />
  <testcase classname="ptolemy.util.test.junit.AutoTests" name="[421] /home/travis/build/icyphy/ptII/ptolemy/actor/lib/test/auto/arrayType24.xml (RunModel)" time="0.009" />
  <testcase classname="ptolemy.util.test.junit.AutoTests" name="[422] /home/travis/build/icyphy/ptII/ptolemy/actor/lib/test/auto/arrayType25.xml (RunModel)" time="0.009" />
  <testcase classname="ptolemy.util.test.junit.AutoTests" name="[423] /home/travis/build/icyphy/ptII/ptolemy/actor/lib/test/auto/arrayType26.xml (RunModel)" time="0.011" />
  <testcase classname="ptolemy.util.test.junit.AutoTests" name="[424] /home/travis/build/icyphy/ptII/ptolemy/actor/lib/test/auto/arrayType27.xml (RunModel)" time="0.01" />
  <testcase classname="ptolemy.util.test.junit.AutoTests" name="[425] /home/travis/build/icyphy/ptII/ptolemy/actor/lib/test/auto/arrayType28.xml (RunModel)" time="0.01" />
  <testcase classname="ptolemy.util.test.junit.AutoTests" name="[426] /home/travis/build/icyphy/ptII/ptolemy/actor/lib/test/auto/arrayType3.xml (RunModel)" time="0.009" />
  <testcase classname="ptolemy.util.test.junit.AutoTests" name="[427] /home/travis/build/icyphy/ptII/ptolemy/actor/lib/test/auto/arrayType4.xml (RunModel)" time="0.008" />
  <testcase classname="ptolemy.util.test.junit.AutoTests" name="[428] /home/travis/build/icyphy/ptII/ptolemy/actor/lib/test/auto/arrayType5.xml (RunModel)" time="0.014" />
  <testcase classname="ptolemy.util.test.junit.AutoTests" name="[429] /home/travis/build/icyphy/ptII/ptolemy/actor/lib/test/auto/arrayType6.xml (RunModel)" time="0.01" />
  <testcase classname="ptolemy.util.test.junit.AutoTests" name="[430] /home/travis/build/icyphy/ptII/ptolemy/actor/lib/test/auto/arrayType7.xml (RunModel)" time="0.015" />
  <testcase classname="ptolemy.util.test.junit.AutoTests" name="[431] /home/travis/build/icyphy/ptII/ptolemy/actor/lib/test/auto/arrayType8.xml (RunModel)" time="0.023" />
  <testcase classname="ptolemy.util.test.junit.AutoTests" name="[432] /home/travis/build/icyphy/ptII/ptolemy/actor/lib/test/auto/arrayType9.xml (RunModel)" time="0.009" />
  <testcase classname="ptolemy.util.test.junit.AutoTests" name="[433] /home/travis/build/icyphy/ptII/ptolemy/actor/lib/test/auto/cast.xml (RunModel)" time="0.033" />
  <testcase classname="ptolemy.util.test.junit.AutoTests" name="[434] /home/travis/build/icyphy/ptII/ptolemy/actor/lib/test/auto/compositeMultiPort.xml (RunModel)" time="0.018" />
  <testcase classname="ptolemy.util.test.junit.AutoTests" name="[435] /home/travis/build/icyphy/ptII/ptolemy/actor/lib/test/auto/expressionCastInference.xml (RunModel)" time="0.01" />
  <testcase classname="ptolemy.util.test.junit.AutoTests" name="[436] /home/travis/build/icyphy/ptII/ptolemy/actor/lib/test/auto/expressionCastInference2.xml (RunModel)" time="0.009" />
  <testcase classname="ptolemy.util.test.junit.AutoTests" name="[437] /home/travis/build/icyphy/ptII/ptolemy/actor/lib/test/auto/expressionInference.xml (RunModel)" time="0.007" />
  <testcase classname="ptolemy.util.test.junit.AutoTests" name="[438] /home/travis/build/icyphy/ptII/ptolemy/actor/lib/test/auto/expression_bug.xml (RunModel)" time="0.008" />
  <testcase classname="ptolemy.util.test.junit.AutoTests" name="[439] /home/travis/build/icyphy/ptII/ptolemy/actor/lib/test/auto/factorial.xml (RunModel)" time="0.051" />
  <testcase classname="ptolemy.util.test.junit.AutoTests" name="[440] /home/travis/build/icyphy/ptII/ptolemy/actor/lib/test/auto/filterTest1.xml (RunModel)" time="0.013" />
  <testcase classname="ptolemy.util.test.junit.AutoTests" name="[441] /home/travis/build/icyphy/ptII/ptolemy/actor/lib/test/auto/funcApplyInConst.xml (RunModel)" time="0.006" />
  <testcase classname="ptolemy.util.test.junit.AutoTests" name="[442] /home/travis/build/icyphy/ptII/ptolemy/actor/lib/test/auto/funcApplyInExpr.xml (RunModel)" time="0.006" />
  <testcase classname="ptolemy.util.test.junit.AutoTests" name="[443] /home/travis/build/icyphy/ptII/ptolemy/actor/lib/test/auto/function.xml (RunModel)" time="0.011" />
  <testcase classname="ptolemy.util.test.junit.AutoTests" name="[444] /home/travis/build/icyphy/ptII/ptolemy/actor/lib/test/auto/function2.xml (RunModel)" time="0.009" />
  <testcase classname="ptolemy.util.test.junit.AutoTests" name="[445] /home/travis/build/icyphy/ptII/ptolemy/actor/lib/test/auto/function3.xml (RunModel)" time="0.007" />
  <testcase classname="ptolemy.util.test.junit.AutoTests" name="[446] /home/travis/build/icyphy/ptII/ptolemy/actor/lib/test/auto/functionClosureTest1.xml (RunModel)" time="0.012" />
  <testcase classname="ptolemy.util.test.junit.AutoTests" name="[447] /home/travis/build/icyphy/ptII/ptolemy/actor/lib/test/auto/functionClosureTest2.xml (RunModel)" time="0.007" />
  <testcase classname="ptolemy.util.test.junit.AutoTests" name="[448] /home/travis/build/icyphy/ptII/ptolemy/actor/lib/test/auto/functionClosureTest3.xml (RunModel)" time="0.011" />
  <testcase classname="ptolemy.util.test.junit.AutoTests" name="[449] /home/travis/build/icyphy/ptII/ptolemy/actor/lib/test/auto/functionClosureTest4.xml (RunModel)" time="0.053" />
  <testcase classname="ptolemy.util.test.junit.AutoTests" name="[450] /home/travis/build/icyphy/ptII/ptolemy/actor/lib/test/auto/functionClosureTest5.xml (RunModel)" time="0.037" />
  <testcase classname="ptolemy.util.test.junit.AutoTests" name="[451] /home/travis/build/icyphy/ptII/ptolemy/actor/lib/test/auto/functionClosureTest6.xml (RunModel)" time="0.008" />
  <testcase classname="ptolemy.util.test.junit.AutoTests" name="[452] /home/travis/build/icyphy/ptII/ptolemy/actor/lib/test/auto/functionsOnArcs.xml (RunModel)" time="0.01" />
  <testcase classname="ptolemy.util.test.junit.AutoTests" name="[453] /home/travis/build/icyphy/ptII/ptolemy/actor/lib/test/auto/functionsOnArcsHOF.xml (RunModel)" time="0.012" />
  <testcase classname="ptolemy.util.test.junit.AutoTests" name="[454] /home/travis/build/icyphy/ptII/ptolemy/actor/lib/test/auto/logic.xml (RunModel)" time="0.019" />
  <testcase classname="ptolemy.util.test.junit.AutoTests" name="[455] /home/travis/build/icyphy/ptII/ptolemy/actor/lib/test/auto/matrixType.xml (RunModel)" time="0.01" />
  <testcase classname="ptolemy.util.test.junit.AutoTests" name="[456] /home/travis/build/icyphy/ptII/ptolemy/actor/lib/test/auto/matrixType10.xml (RunModel)" time="0.01" />
  <testcase classname="ptolemy.util.test.junit.AutoTests" name="[457] /home/travis/build/icyphy/ptII/ptolemy/actor/lib/test/auto/matrixType11.xml (RunModel)" time="0.009" />
  <testcase classname="ptolemy.util.test.junit.AutoTests" name="[458] /home/travis/build/icyphy/ptII/ptolemy/actor/lib/test/auto/matrixType12.xml (RunModel)" time="0.013" />
  <testcase classname="ptolemy.util.test.junit.AutoTests" name="[459] /home/travis/build/icyphy/ptII/ptolemy/actor/lib/test/auto/matrixType13.xml (RunModel)" time="0.01" />
  <testcase classname="ptolemy.util.test.junit.AutoTests" name="[460] /home/travis/build/icyphy/ptII/ptolemy/actor/lib/test/auto/matrixType14.xml (RunModel)" time="0.012" />
  <testcase classname="ptolemy.util.test.junit.AutoTests" name="[461] /home/travis/build/icyphy/ptII/ptolemy/actor/lib/test/auto/matrixType2.xml (RunModel)" time="0.009" />
  <testcase classname="ptolemy.util.test.junit.AutoTests" name="[462] /home/travis/build/icyphy/ptII/ptolemy/actor/lib/test/auto/matrixType3.xml (RunModel)" time="0.01" />
  <testcase classname="ptolemy.util.test.junit.AutoTests" name="[463] /home/travis/build/icyphy/ptII/ptolemy/actor/lib/test/auto/matrixType4.xml (RunModel)" time="0.009" />
  <testcase classname="ptolemy.util.test.junit.AutoTests" name="[464] /home/travis/build/icyphy/ptII/ptolemy/actor/lib/test/auto/matrixType5.xml (RunModel)" time="0.009" />
  <testcase classname="ptolemy.util.test.junit.AutoTests" name="[465] /home/travis/build/icyphy/ptII/ptolemy/actor/lib/test/auto/matrixType6.xml (RunModel)" time="0.008" />
  <testcase classname="ptolemy.util.test.junit.AutoTests" name="[466] /home/travis/build/icyphy/ptII/ptolemy/actor/lib/test/auto/matrixType7.xml (RunModel)" time="0.009" />
  <testcase classname="ptolemy.util.test.junit.AutoTests" name="[467] /home/travis/build/icyphy/ptII/ptolemy/actor/lib/test/auto/matrixType8.xml (RunModel)" time="0.011" />
  <testcase classname="ptolemy.util.test.junit.AutoTests" name="[468] /home/travis/build/icyphy/ptII/ptolemy/actor/lib/test/auto/matrixType9.xml (RunModel)" time="0.009" />
  <testcase classname="ptolemy.util.test.junit.AutoTests" name="[469] /home/travis/build/icyphy/ptII/ptolemy/actor/lib/test/auto/paraFunctest.xml (RunModel)" time="0.008" />
  <testcase classname="ptolemy.util.test.junit.AutoTests" name="[470] /home/travis/build/icyphy/ptII/ptolemy/actor/lib/test/auto/paraFunctest2.xml (RunModel)" time="0.011" />
  <testcase classname="ptolemy.util.test.junit.AutoTests" name="[471] /home/travis/build/icyphy/ptII/ptolemy/actor/lib/test/auto/parameterPassing.xml (RunModel)" time="0.009" />
  <testcase classname="ptolemy.util.test.junit.AutoTests" name="[472] /home/travis/build/icyphy/ptII/ptolemy/actor/lib/test/auto/record.xml (RunModel)" time="0.012" />
  <testcase classname="ptolemy.util.test.junit.AutoTests" name="[473] /home/travis/build/icyphy/ptII/ptolemy/actor/lib/test/auto/sizedarray1.xml (RunModel)" time="0.011" />
  <testcase classname="ptolemy.util.test.junit.AutoTests" name="[474] /home/travis/build/icyphy/ptII/ptolemy/actor/lib/test/auto/sizedarray2.xml (RunModel)" time="0.01" />
  <testcase classname="ptolemy.util.test.junit.AutoTests" name="[475] /home/travis/build/icyphy/ptII/ptolemy/actor/lib/test/auto/twoPublishers.xml (RunModel)" time="0.026" />
  <system-out><![CDATA[/home/travis/build/icyphy/ptII/ptolemy/actor/lib/test/AbsoluteValue.tcl
testDefs.tcl: setting time out to 9000 seconds at Wed Mar 04 17:09:22 UTC 2020
116 ms. Memory: 129024K Free: 93124K (72%)
9 ms. Memory: 129024K Free: 91076K (71%)
12 ms. Memory: 129024K Free: 90555K (70%)
8 ms. Memory: 129024K Free: 89523K (69%)
/home/travis/build/icyphy/ptII/ptolemy/actor/lib/test/AddSubtract.tcl
18 ms. Memory: 129024K Free: 87490K (68%)
6 ms. Memory: 129024K Free: 86435K (67%)
6 ms. Memory: 129024K Free: 85442K (66%)
8 ms. Memory: 129024K Free: 84932K (66%)
90 ms. Memory: 129024K Free: 81860K (63%)
13 ms. Memory: 129024K Free: 80836K (63%)
/home/travis/build/icyphy/ptII/ptolemy/actor/lib/test/Average.tcl
18 ms. Memory: 129024K Free: 79298K (61%)
7 ms. Memory: 129024K Free: 78274K (61%)
/home/travis/build/icyphy/ptII/ptolemy/actor/lib/test/Bernoulli.tcl
5 ms. Memory: 129024K Free: 76740K (59%)
7 ms. Memory: 129024K Free: 76211K (59%)
/home/travis/build/icyphy/ptII/ptolemy/actor/lib/test/Clock.tcl
preinitializing
resolving types
initializing
executing number 1
wrapping up
idle
37 ms. Memory: 129024K Free: 73668K (57%)
Completed execution with 5 iterations
preinitializing
resolving types
initializing
executing number 1
wrapping up
idle
8 ms. Memory: 129024K Free: 72644K (56%)
Completed execution with 5 iterations
preinitializing
resolving types
initializing
executing number 1
wrapping up
idle
2 ms. Memory: 129024K Free: 72115K (56%)
Completed execution with 5 iterations
/home/travis/build/icyphy/ptII/ptolemy/actor/lib/test/Commutator.tcl
6 ms. Memory: 129024K Free: 70051K (54%)
6 ms. Memory: 129024K Free: 69027K (53%)
16 ms. Memory: 129024K Free: 63428K (49%)
/home/travis/build/icyphy/ptII/ptolemy/actor/lib/test/Const.tcl
4 ms. Memory: 129024K Free: 61875K (48%)
2 ms. Memory: 129024K Free: 61380K (48%)
3 ms. Memory: 129024K Free: 60851K (47%)
6 ms. Memory: 129024K Free: 60356K (47%)
2 ms. Memory: 129024K Free: 59842K (46%)
19 ms. Memory: 129024K Free: 57794K (45%)
5 ms. Memory: 129024K Free: 56755K (44%)
3 ms. Memory: 129024K Free: 56260K (44%)
/home/travis/build/icyphy/ptII/ptolemy/actor/lib/test/CurrentTime.tcl
preinitializing
resolving types
initializing
executing number 1
wrapping up
idle
12 ms. Memory: 129024K Free: 54212K (42%)
Completed execution with 11 iterations
/home/travis/build/icyphy/ptII/ptolemy/actor/lib/test/DB.tcl
8 ms. Memory: 129024K Free: 52659K (41%)
6 ms. Memory: 129024K Free: 52164K (40%)
4 ms. Memory: 129024K Free: 51650K (40%)
/home/travis/build/icyphy/ptII/ptolemy/actor/lib/test/DiscreteRandomSource.tcl
preinitializing
resolving types
initializing
executing number 1
wrapping up
idle
11 ms. Memory: 129024K Free: 50116K (39%)
Completed execution with 4 iterations
preinitializing
resolving types
initializing
executing number 1
wrapping up
idle
3 ms. Memory: 129024K Free: 49595K (38%)
Completed execution with 4 iterations
preinitializing
resolving types
initializing
executing number 1
wrapping up
idle
2 ms. Memory: 129024K Free: 49092K (38%)
Completed execution with 4 iterations
preinitializing
resolving types
initializing
executing number 1
wrapping up
idle
14 ms. Memory: 129024K Free: 48563K (38%)
Completed execution with 4 iterations
preinitializing
resolving types
initializing
executing number 1
wrapping up
idle
5 ms. Memory: 129024K Free: 48068K (37%)
Completed execution with 4 iterations
/home/travis/build/icyphy/ptII/ptolemy/actor/lib/test/Distributor.tcl
14 ms. Memory: 129024K Free: 113013K (88%)
12 ms. Memory: 129024K Free: 112517K (87%)
StreamChangeRequest.changeExecuted(): <deleteEntity name="rec2"/> succeeded
StreamChangeRequest.changeExecuted(): <deleteRelation name="r2"/> succeeded
StreamChangeRequest.changeExecuted(): Record firings per iteration succeeded
11 ms. Memory: 129024K Free: 109949K (85%)
/home/travis/build/icyphy/ptII/ptolemy/actor/lib/test/Exit.tcl
Exit.tcl: this will print a message about Manager.exitAfterWrapup, which can be ignored.
9 ms. Memory: 129024K Free: 107027K (83%)
/home/travis/build/icyphy/ptII/ptolemy/actor/lib/test/Expression.tcl
14 ms. Memory: 129024K Free: 103835K (80%)
3 ms. Memory: 129024K Free: 102797K (80%)
3 ms. Memory: 129024K Free: 102333K (79%)
preinitializing
resolving types
initializing
executing number 1
wrapping up
idle
10 ms. Memory: 129024K Free: 100733K (78%)
Completed execution with 6 iterations
7 ms. Memory: 129024K Free: 99725K (77%)
3 ms. Memory: 129024K Free: 99261K (77%)
4 ms. Memory: 129024K Free: 98158K (76%)
4 ms. Memory: 129024K Free: 96667K (75%)
3 ms. Memory: 129024K Free: 95643K (74%)
/home/travis/build/icyphy/ptII/ptolemy/actor/lib/test/Gaussian.tcl
4 ms. Memory: 129024K Free: 93557K (73%)
sleeping 1 seconds: ................................................................................................................................................................................................................................................................................................................................................................................................................................................................................................................................................................................................................................................................................................................................................................................................................................................................................................................................................................................................................................................................................................................................................................................................................................................................................................................................................................................................................................................................................................................................................................................................................................................................................................................................................................................................................................................................................................................................................................................................................................................................................................................................................................................................................................................................................................................................................................................................................................................................................................................................................................................................................................................................................................................................................................................................................................................................................................................................................................................................................................................................................................................................................................................................................................................................................................................................................................................................................................................................................................................................................................................................................................................................................................................................................................................................................................................................................................................................................................................................................................................................................................................................................................................................................................................................................................................................................................................................................................................................................................................................................................................................................................................................................................................................................................................................................................................................................................................................................................................................................................................................................................................................................................................................................................................................................................................................................................................................................................................................................................................................................................................................................................................................................................................................................................................................................................................................................................................................................................................................................................................................................................................................................................................................................................................................................................................................................................................................................................................................................................................................................................................................................................................................................................................................................................................................................................................................................................................................................................................................................................................................................................................................................................................................................................................................................................................................................................................................................................................................................................................................................................................................................................................................................................................................................................................................................................................................................................................................................................................................................................................................................................................................................................................................................................................................................................................................................................................................................................................................................................................................................................................................................................................................................................................................................................................................................................................................................................................................................................................................................................................................................................................................................................................................................................................................................................................................................................................................................................................................................................................................................................................................................................................................................................................................................................................................................................................................................................................................................................................................................................................................................................................................................................................................................................................................................................................................................................................................................................................................................................................................................................................................................................................................................................................................................................................................................................................................................................................................................................................................................................................................................................................................................................................................................................................................................................................................................................................................................................................................................................................................................................................................................................................................................................................................................................................................................................................................................................................................................................................................................................................................................................................................................................................................................................................................................................................................................................................................................................................................................................................................................................................................................................................................................................................................................................................................................................................................................................................................................................................................................................................................................................................................................................................................................................................................................................................................................................................................................................................................................................................................................................................................................................................................................................................................................................................................................................................................................................................................................................................................................................................................................................................................................................................................................................................................................................................................................................................................................................................................................................................................................................................................................................................................................................................................................................................................................................................................................................................................................................................................................................5 ms. Memory: 129024K Free: 89975K (70%)
3 ms. Memory: 129024K Free: 89479K (69%)
3 ms. Memory: 129024K Free: 88841K (69%)
3 ms. Memory: 129024K Free: 87941K (68%)
4 ms. Memory: 129024K Free: 87431K (68%)
/home/travis/build/icyphy/ptII/ptolemy/actor/lib/test/IIR.tcl
/home/travis/build/icyphy/ptII/ptolemy/actor/lib/test/Interpolator.tcl
3 ms. Memory: 129024K Free: 83839K (65%)
1 ms. Memory: 129024K Free: 83335K (65%)
3 ms. Memory: 129024K Free: 82821K (64%)
3 ms. Memory: 129024K Free: 81783K (63%)
2 ms. Memory: 129024K Free: 81287K (63%)
2 ms. Memory: 129024K Free: 80263K (62%)
3 ms. Memory: 129024K Free: 79239K (61%)
2 ms. Memory: 129024K Free: 78711K (61%)
2 ms. Memory: 129024K Free: 77687K (60%)
3 ms. Memory: 129024K Free: 76647K (59%)
/home/travis/build/icyphy/ptII/ptolemy/actor/lib/test/MathFunction.tcl
5 ms. Memory: 129024K Free: 74629K (58%)
2 ms. Memory: 129024K Free: 73591K (57%)
7 ms. Memory: 129024K Free: 72575K (56%)
5 ms. Memory: 129024K Free: 71543K (55%)
3 ms. Memory: 129024K Free: 70533K (55%)
12 ms. Memory: 129024K Free: 113132K (88%)
/home/travis/build/icyphy/ptII/ptolemy/actor/lib/test/Maximum.tcl
4 ms. Memory: 129024K Free: 111054K (86%)
3 ms. Memory: 129024K Free: 110572K (86%)
3 ms. Memory: 129024K Free: 110060K (85%)
3 ms. Memory: 129024K Free: 109036K (85%)
/home/travis/build/icyphy/ptII/ptolemy/actor/lib/test/Minimum.tcl
10 ms. Memory: 129024K Free: 107502K (83%)
5 ms. Memory: 129024K Free: 106982K (83%)
3 ms. Memory: 129024K Free: 106478K (83%)
2 ms. Memory: 129024K Free: 105454K (82%)
/home/travis/build/icyphy/ptII/ptolemy/actor/lib/test/MultiplyDivide.tcl
9 ms. Memory: 129024K Free: 103406K (80%)
8 ms. Memory: 129024K Free: 102892K (80%)
3 ms. Memory: 129024K Free: 102382K (79%)
4 ms. Memory: 129024K Free: 101358K (79%)
5 ms. Memory: 129024K Free: 100844K (78%)
/home/travis/build/icyphy/ptII/ptolemy/actor/lib/test/OrderedMerge.tcl
Connections changed on port: inputA
Connections changed on port: inputB
Connections changed on port: output
Connections changed on port: output
Connections changed on port: output
Connections changed on port: input
.top. Preinitializing ...
Invoking preinitialize():  .top.OrderedMerge
Called preinitialize()
Invoking preinitialize():  .top.Ramp
Called preinitialize()
Invoking preinitialize():  .top.Ramp2
Called preinitialize()
Invoking preinitialize():  .top.Test
Called preinitialize()
Connections changed on port: inputA
Connections changed on port: output
Connections changed on port: output
Connections changed on port: input
Connections changed on port: inputB
Connections changed on port: output
.top. Finished preinitialize().
Called initialize().
Invoking initialize():  .top.OrderedMerge
Initializing actor: .top.OrderedMerge
Adding a thread: .top.OrderedMerge
Invoking initialize():  .top.Ramp
Initializing actor: .top.Ramp
Adding a thread: .top.Ramp
Invoking initialize():  .top.Ramp2
Initializing actor: .top.Ramp2
Adding a thread: .top.Ramp2
Invoking initialize():  .top.Test
Initializing actor: .top.Test
Adding a thread: .top.Test
Called fire().
Checking for deadlock:
-- Starting thread.
Called initialize()
Called prefire()
Called fire()
-- Starting thread.
Called initialize()
Called prefire()
Called fire()
-- Starting thread.
Called initialize()
Called prefire()
Called fire()
-- Starting thread.
Called initialize()
Called prefire()
Called fire()
There are 0 Blocked actors, 0 Stopped actors, and 4 active threads.
Waiting for actors to stop.
Called postfire()
Called prefire()
Called fire()
Called postfire()
Called prefire()
Called fire()
Read input token from inputA with value 0.0
Next port to read input from is inputB
Called postfire()
Called prefire()
Called fire()
Read input token from inputB with value 0.0
Sent output token with value 0.0
Next port to read input from is inputA
Called postfire()
Called prefire()
Called fire()
Checking for deadlock:
There are 1 Blocked actors, 0 Stopped actors, and 4 active threads.
Waiting for actors to stop.
Called postfire()
Called prefire()
Called fire()
Called postfire()
Called prefire()
Called fire()
-- Read input: 0.0, which is expected to match: 0.0
Called prefire()
Called fire()
Checking for deadlock:
There are 3 Blocked actors, 0 Stopped actors, and 4 active threads.
Waiting for actors to stop.
Called postfire()
Called prefire()
Called fire()
Read input token from inputA with value 1.0
Sent output token with value 0.0
Next port to read input from is inputB
Called postfire()
Called prefire()
Called fire()
Read input token from inputB with value 1.5
Checking for deadlock:
There are 2 Blocked actors, 0 Stopped actors, and 4 active threads.
Waiting for actors to stop.
Called postfire()
Called prefire()
Called fire()
-- Read input: 0.0, which is expected to match: 0.0
Called prefire()
Called fire()
Checking for deadlock:
There are 3 Blocked actors, 0 Stopped actors, and 4 active threads.
Waiting for actors to stop.
-- Read input: 1.0, which is expected to match: 1.0
Called prefire()
Called fire()
Sent output token with value 1.0
Next port to read input from is inputA
Called postfire()
Called prefire()
Called fire()
Read input token from inputA with value 2.0
Sent output token with value 1.5
Next port to read input from is inputB
Called postfire()
Called prefire()
Called fire()
Read input token from inputB with value 3.0
Checking for deadlock:
There are 1 Blocked actors, 0 Stopped actors, and 4 active threads.
Waiting for actors to stop.
Called postfire()
Called prefire()
Called fire()
Called postfire()
Called prefire()
Called fire()
-- Read input: 1.5, which is expected to match: 1.5
Called prefire()
Called fire()
Checking for deadlock:
There are 3 Blocked actors, 0 Stopped actors, and 4 active threads.
Waiting for actors to stop.
-- Read input: 2.0, which is expected to match: 2.0
Called prefire()
Called fire()
Sent output token with value 2.0
Next port to read input from is inputA
Called postfire()
Called prefire()
Called fire()
Read input token from inputA with value 3.0
Sent output token with value 3.0
Next port to read input from is inputB
Called postfire()
Called prefire()
Called fire()
Read input token from inputB with value 4.5
Checking for deadlock:
There are 1 Blocked actors, 0 Stopped actors, and 4 active threads.
Waiting for actors to stop.
Called postfire()
Called prefire()
Called fire()
Called postfire()
Called prefire()
Called fire()
-- Read input: 3.0, which is expected to match: 3.0
Called prefire()
Called fire()
Checking for deadlock:
There are 3 Blocked actors, 0 Stopped actors, and 4 active threads.
Waiting for actors to stop.
-- Read input: 3.0, which is expected to match: 3.0
Called prefire()
Called fire()
Checking for deadlock:
There are 3 Blocked actors, 0 Stopped actors, and 4 active threads.
Waiting for actors to stop.
Sent output token with value 3.0
Next port to read input from is inputA
Called postfire()
Called prefire()
Called fire()
Called postfire()
Called prefire()
Called fire()
Checking for deadlock:
There are 3 Blocked actors, 0 Stopped actors, and 4 active threads.
Waiting for actors to stop.
Read input token from inputA with value 4.0
-- Read input: 4.0, which is expected to match: 4.0
Called prefire()
Called fire()
Past the end of training data. Read and discard all inputs.
Checking for deadlock:
There are 3 Blocked actors, 0 Stopped actors, and 4 active threads.
Waiting for actors to stop.
Sent output token with value 4.0
Next port to read input from is inputA
Called postfire()
Called prefire()
Called fire()
Called postfire()
Called prefire()
Called fire()
Checking for deadlock:
There are 3 Blocked actors, 0 Stopped actors, and 4 active threads.
Waiting for actors to stop.
Read input token from inputA with value 5.0
Called prefire()
Called fire()
Past the end of training data. Read and discard all inputs.
Checking for deadlock:
There are 3 Blocked actors, 0 Stopped actors, and 4 active threads.
Waiting for actors to stop.
Sent output token with value 4.5
Next port to read input from is inputB
Called postfire()
Called prefire()
Called fire()
Checking for deadlock:
There are 2 Blocked actors, 0 Stopped actors, and 4 active threads.
Waiting for actors to stop.
Called postfire()
Called prefire()
Called fire()
Checking for deadlock:
There are 3 Blocked actors, 0 Stopped actors, and 4 active threads.
Waiting for actors to stop.
Read input token from inputB with value 6.0
Checking for deadlock:
There are 2 Blocked actors, 0 Stopped actors, and 4 active threads.
Waiting for actors to stop.
Called prefire()
Called fire()
Past the end of training data. Read and discard all inputs.
Checking for deadlock:
There are 3 Blocked actors, 0 Stopped actors, and 4 active threads.
Waiting for actors to stop.
Sent output token with value 5.0
Next port to read input from is inputA
Called postfire()
Called prefire()
Called fire()
Called postfire()
Called prefire()
Called fire()
Checking for deadlock:
There are 3 Blocked actors, 0 Stopped actors, and 4 active threads.
Waiting for actors to stop.
Read input token from inputA with value 6.0
Called prefire()
Called fire()
Past the end of training data. Read and discard all inputs.
Checking for deadlock:
There are 3 Blocked actors, 0 Stopped actors, and 4 active threads.
Waiting for actors to stop.
Sent output token with value 6.0
Next port to read input from is inputB
Called postfire()
Called prefire()
Called fire()
Checking for deadlock:
There are 2 Blocked actors, 0 Stopped actors, and 4 active threads.
Waiting for actors to stop.
Called postfire()
Called prefire()
Called fire()
Checking for deadlock:
There are 3 Blocked actors, 0 Stopped actors, and 4 active threads.
Waiting for actors to stop.
Read input token from inputB with value 7.5
Checking for deadlock:
There are 2 Blocked actors, 0 Stopped actors, and 4 active threads.
Waiting for actors to stop.
Called prefire()
Called fire()
Past the end of training data. Read and discard all inputs.
Checking for deadlock:
There are 3 Blocked actors, 0 Stopped actors, and 4 active threads.
Waiting for actors to stop.
Sent output token with value 6.0
Next port to read input from is inputA
Called postfire()
Called prefire()
Called fire()
Called postfire()
Called prefire()
Called fire()
Checking for deadlock:
There are 3 Blocked actors, 0 Stopped actors, and 4 active threads.
Waiting for actors to stop.
Read input token from inputA with value 7.0
Called prefire()
Called fire()
Past the end of training data. Read and discard all inputs.
Checking for deadlock:
There are 3 Blocked actors, 0 Stopped actors, and 4 active threads.
Waiting for actors to stop.
Sent output token with value 7.0
Next port to read input from is inputA
Called postfire()
Called prefire()
Called fire()
-- Thread wrapup() called.
Called wrapup()
Thread .top.Ramp is exiting.
-- Thread stopped.
Checking for deadlock:
There are 2 Blocked actors, 0 Stopped actors, and 3 active threads.
Waiting for actors to stop.
Read input token from inputA with value 8.0
Checking for deadlock:
There are 1 Blocked actors, 0 Stopped actors, and 3 active threads.
Waiting for actors to stop.
Called prefire()
Called fire()
Past the end of training data. Read and discard all inputs.
Checking for deadlock:
There are 2 Blocked actors, 0 Stopped actors, and 3 active threads.
Waiting for actors to stop.
Sent output token with value 7.5
Next port to read input from is inputB
Called postfire()
Called prefire()
Called fire()
Checking for deadlock:
There are 1 Blocked actors, 0 Stopped actors, and 3 active threads.
Waiting for actors to stop.
Called postfire()
Called prefire()
Called fire()
Checking for deadlock:
There are 2 Blocked actors, 0 Stopped actors, and 3 active threads.
Waiting for actors to stop.
Read input token from inputB with value 9.0
Checking for deadlock:
There are 1 Blocked actors, 0 Stopped actors, and 3 active threads.
Waiting for actors to stop.
Called prefire()
Called fire()
Past the end of training data. Read and discard all inputs.
Checking for deadlock:
There are 2 Blocked actors, 0 Stopped actors, and 3 active threads.
Waiting for actors to stop.
Sent output token with value 8.0
Next port to read input from is inputA
Called postfire()
Called prefire()
Called fire()
Read input token from inputA with value 9.0
Called prefire()
Called fire()
Past the end of training data. Read and discard all inputs.
Checking for deadlock:
There are 2 Blocked actors, 0 Stopped actors, and 3 active threads.
Waiting for actors to stop.
Sent output token with value 9.0
Next port to read input from is inputB
Called postfire()
Called prefire()
Called fire()
Called postfire()
Called prefire()
Called fire()
Checking for deadlock:
There are 2 Blocked actors, 0 Stopped actors, and 3 active threads.
Waiting for actors to stop.
Read input token from inputB with value 10.5
Called prefire()
Called fire()
Past the end of training data. Read and discard all inputs.
Checking for deadlock:
There are 2 Blocked actors, 0 Stopped actors, and 3 active threads.
Waiting for actors to stop.
Sent output token with value 9.0
Next port to read input from is inputA
Called postfire()
Called prefire()
Called fire()
Checking for deadlock:
There are 3 Blocked actors, 0 Stopped actors, and 3 active threads.
Actors have stopped.
Checking for deadlock:
There are 3 Blocked actors, 0 Stopped actors, and 3 active threads.
Deadlock detected.
Resolving Deadlock
Checking for deadlock:
There are 3 Blocked actors, 0 Stopped actors, and 3 active threads.
Artificial Deadlock - increasing queue capacity.
increasing the capacity of receiver ptolemy.actor.TypedIOPort {.top.OrderedMerge.inputB} to 2
Director: Called postfire().
Called postfire().
_stopRequested = false
_stopFireRequested = false
Returning from postfire(): true
Called fire().
Checking for deadlock:
There are 2 Blocked actors, 0 Stopped actors, and 3 active threads.
Waiting for actors to stop.
-- Thread wrapup() called.
Called wrapup()
Thread .top.Ramp2 is exiting.
-- Thread stopped.
Checking for deadlock:
There are 2 Blocked actors, 0 Stopped actors, and 2 active threads.
Actors have stopped.
Checking for deadlock:
There are 2 Blocked actors, 0 Stopped actors, and 2 active threads.
Deadlock detected.
Resolving Deadlock
Checking for deadlock:
There are 2 Blocked actors, 0 Stopped actors, and 2 active threads.
Deadlock detected: no processes blocked on write, but some are blocked on read.
Called postfire().
_stopRequested = false
_stopFireRequested = false
Returning from postfire(): false
Finished deactivating branches.
Called wrapup().
-- Thread wrapup() called.
Called wrapup()
Thread .top.Test is exiting.
-- Thread stopped.
-- Blocked Receiver call threw TerminateProcessException.
-- Thread wrapup() called.
Called wrapup()
Thread .top.OrderedMerge is exiting.
-- Thread stopped.
-- Blocked Receiver call threw TerminateProcessException.
78 ms. Memory: 129024K Free: 95724K (74%)
.top. Preinitializing ...
Invoking preinitialize():  .top.OrderedMerge
Called preinitialize()
Invoking preinitialize():  .top.Ramp
Called preinitialize()
Invoking preinitialize():  .top.Ramp2
Called preinitialize()
Invoking preinitialize():  .top.Test
Called preinitialize()
.top. Finished preinitialize().
Called initialize().
Invoking initialize():  .top.OrderedMerge
Initializing actor: .top.OrderedMerge
Adding a thread: .top.OrderedMerge
Invoking initialize():  .top.Ramp
Initializing actor: .top.Ramp
Adding a thread: .top.Ramp
Invoking initialize():  .top.Ramp2
Initializing actor: .top.Ramp2
Adding a thread: .top.Ramp2
Invoking initialize():  .top.Test
Initializing actor: .top.Test
Adding a thread: .top.Test
-- Starting thread.
Called initialize()
Called prefire()
Called fire()
Called postfire()
Called prefire()
Called fire()
-- Starting thread.
Called initialize()
Called prefire()
Called fire()
Called postfire()
Called prefire()
Called fire()
Called fire().
Checking for deadlock:
There are 2 Blocked actors, 0 Stopped actors, and 4 active threads.
Waiting for actors to stop.
-- Starting thread.
Called initialize()
Called prefire()
Called fire()
Checking for deadlock:
There are 3 Blocked actors, 0 Stopped actors, and 4 active threads.
Waiting for actors to stop.
-- Starting thread.
Called initialize()
Called prefire()
Called fire()
Checking for deadlock:
There are 2 Blocked actors, 0 Stopped actors, and 4 active threads.
Waiting for actors to stop.
Called postfire()
Called prefire()
Called fire()
Checking for deadlock:
There are 3 Blocked actors, 0 Stopped actors, and 4 active threads.
Waiting for actors to stop.
Read input token from inputA with value 0.0
Next port to read input from is inputB
Called postfire()
Called prefire()
Called fire()
Called postfire()
Called prefire()
Called fire()
Checking for deadlock:
There are 3 Blocked actors, 0 Stopped actors, and 4 active threads.
Waiting for actors to stop.
Read input token from inputB with value 0.0
-- Read input: 0.0, which is expected to match: 0.0
Called prefire()
Called fire()
Checking for deadlock:
There are 3 Blocked actors, 0 Stopped actors, and 4 active threads.
Waiting for actors to stop.
Sent output token with value 0.0
Next port to read input from is inputA
Called postfire()
Called prefire()
Called fire()
Checking for deadlock:
There are 2 Blocked actors, 0 Stopped actors, and 4 active threads.
Waiting for actors to stop.
Called postfire()
Called prefire()
Called fire()
Checking for deadlock:
There are 3 Blocked actors, 0 Stopped actors, and 4 active threads.
Waiting for actors to stop.
Read input token from inputA with value 1.0
Checking for deadlock:
There are 2 Blocked actors, 0 Stopped actors, and 4 active threads.
Waiting for actors to stop.
-- Read input: 0.0, which is expected to match: 0.0
Called prefire()
Called fire()
Checking for deadlock:
There are 3 Blocked actors, 0 Stopped actors, and 4 active threads.
Waiting for actors to stop.
Sent output token with value 0.0
Next port to read input from is inputB
Called postfire()
Called prefire()
Called fire()
Checking for deadlock:
There are 2 Blocked actors, 0 Stopped actors, and 4 active threads.
Waiting for actors to stop.
Called postfire()
Called prefire()
Called fire()
Checking for deadlock:
There are 3 Blocked actors, 0 Stopped actors, and 4 active threads.
Waiting for actors to stop.
Read input token from inputB with value 1.5
Checking for deadlock:
There are 2 Blocked actors, 0 Stopped actors, and 4 active threads.
Waiting for actors to stop.
-- Read input: 1.0, which is expected to match: 1.0
Called prefire()
Called fire()
Checking for deadlock:
There are 3 Blocked actors, 0 Stopped actors, and 4 active threads.
Waiting for actors to stop.
Sent output token with value 1.0
Next port to read input from is inputA
Called postfire()
Called prefire()
Called fire()
Checking for deadlock:
There are 2 Blocked actors, 0 Stopped actors, and 4 active threads.
Waiting for actors to stop.
Called postfire()
Called prefire()
Called fire()
Checking for deadlock:
There are 3 Blocked actors, 0 Stopped actors, and 4 active threads.
Waiting for actors to stop.
Read input token from inputA with value 2.0
Checking for deadlock:
There are 2 Blocked actors, 0 Stopped actors, and 4 active threads.
Waiting for actors to stop.
-- Read input: 1.5, which is expected to match: 1.5
Called prefire()
Called fire()
Checking for deadlock:
There are 3 Blocked actors, 0 Stopped actors, and 4 active threads.
Waiting for actors to stop.
Sent output token with value 1.5
Next port to read input from is inputB
Called postfire()
Called prefire()
Called fire()
Called postfire()
Called prefire()
Called fire()
Checking for deadlock:
There are 3 Blocked actors, 0 Stopped actors, and 4 active threads.
Waiting for actors to stop.
Read input token from inputB with value 3.0
-- Read input: 2.0, which is expected to match: 2.0
Called prefire()
Called fire()
Checking for deadlock:
There are 3 Blocked actors, 0 Stopped actors, and 4 active threads.
Waiting for actors to stop.
Sent output token with value 2.0
Next port to read input from is inputA
Called postfire()
Called prefire()
Called fire()
Checking for deadlock:
There are 2 Blocked actors, 0 Stopped actors, and 4 active threads.
Waiting for actors to stop.
Called postfire()
Called prefire()
Called fire()
Checking for deadlock:
There are 3 Blocked actors, 0 Stopped actors, and 4 active threads.
Waiting for actors to stop.
Read input token from inputA with value 3.0
Checking for deadlock:
There are 2 Blocked actors, 0 Stopped actors, and 4 active threads.
Waiting for actors to stop.
-- Read input: 3.0, which is expected to match: 3.0
Called prefire()
Called fire()
Checking for deadlock:
There are 3 Blocked actors, 0 Stopped actors, and 4 active threads.
Waiting for actors to stop.
Sent output token with value 3.0
Next port to read input from is inputB
Called postfire()
Called prefire()
Called fire()
Checking for deadlock:
There are 2 Blocked actors, 0 Stopped actors, and 4 active threads.
Waiting for actors to stop.
Called postfire()
Called prefire()
Called fire()
Checking for deadlock:
There are 3 Blocked actors, 0 Stopped actors, and 4 active threads.
Waiting for actors to stop.
Read input token from inputB with value 4.5
Checking for deadlock:
There are 2 Blocked actors, 0 Stopped actors, and 4 active threads.
Waiting for actors to stop.
-- Read input: 3.0, which is expected to match: 3.0
Called prefire()
Called fire()
Checking for deadlock:
There are 3 Blocked actors, 0 Stopped actors, and 4 active threads.
Waiting for actors to stop.
Sent output token with value 3.0
Next port to read input from is inputA
Called postfire()
Called prefire()
Called fire()
Called postfire()
Called prefire()
Called fire()
Checking for deadlock:
There are 3 Blocked actors, 0 Stopped actors, and 4 active threads.
Waiting for actors to stop.
Read input token from inputA with value 4.0
-- Read input: 4.0, which is expected to match: 4.0
Called prefire()
Called fire()
Checking for deadlock:
There are 2 Blocked actors, 0 Stopped actors, and 4 active threads.
Waiting for actors to stop.
Past the end of training data. Read and discard all inputs.
Checking for deadlock:
There are 3 Blocked actors, 0 Stopped actors, and 4 active threads.
Waiting for actors to stop.
Sent output token with value 4.0
Next port to read input from is inputA
Called postfire()
Called prefire()
Called fire()
Checking for deadlock:
There are 2 Blocked actors, 0 Stopped actors, and 4 active threads.
Waiting for actors to stop.
Called postfire()
Called prefire()
Called fire()
Checking for deadlock:
There are 3 Blocked actors, 0 Stopped actors, and 4 active threads.
Waiting for actors to stop.
Read input token from inputA with value 5.0
Checking for deadlock:
There are 2 Blocked actors, 0 Stopped actors, and 4 active threads.
Waiting for actors to stop.
Called prefire()
Called fire()
Past the end of training data. Read and discard all inputs.
Checking for deadlock:
There are 3 Blocked actors, 0 Stopped actors, and 4 active threads.
Waiting for actors to stop.
Sent output token with value 4.5
Next port to read input from is inputB
Called postfire()
Called prefire()
Called fire()
Called postfire()
Called prefire()
Called fire()
Checking for deadlock:
There are 3 Blocked actors, 0 Stopped actors, and 4 active threads.
Waiting for actors to stop.
Read input token from inputB with value 6.0
Called prefire()
Called fire()
Past the end of training data. Read and discard all inputs.
Checking for deadlock:
There are 3 Blocked actors, 0 Stopped actors, and 4 active threads.
Waiting for actors to stop.
Sent output token with value 5.0
Next port to read input from is inputA
Called postfire()
Called prefire()
Called fire()
Checking for deadlock:
There are 2 Blocked actors, 0 Stopped actors, and 4 active threads.
Waiting for actors to stop.
Called postfire()
Called prefire()
Called fire()
Checking for deadlock:
There are 3 Blocked actors, 0 Stopped actors, and 4 active threads.
Waiting for actors to stop.
Read input token from inputA with value 6.0
Checking for deadlock:
There are 2 Blocked actors, 0 Stopped actors, and 4 active threads.
Waiting for actors to stop.
Called prefire()
Called fire()
Past the end of training data. Read and discard all inputs.
Checking for deadlock:
There are 3 Blocked actors, 0 Stopped actors, and 4 active threads.
Waiting for actors to stop.
Sent output token with value 6.0
Next port to read input from is inputB
Called postfire()
Called prefire()
Called fire()
Called postfire()
Called prefire()
Called fire()
Checking for deadlock:
There are 3 Blocked actors, 0 Stopped actors, and 4 active threads.
Waiting for actors to stop.
Read input token from inputB with value 7.5
Called prefire()
Called fire()
Past the end of training data. Read and discard all inputs.
Checking for deadlock:
There are 3 Blocked actors, 0 Stopped actors, and 4 active threads.
Waiting for actors to stop.
Sent output token with value 6.0
Next port to read input from is inputA
Called postfire()
Called prefire()
Called fire()
Checking for deadlock:
There are 2 Blocked actors, 0 Stopped actors, and 4 active threads.
Waiting for actors to stop.
Called postfire()
Called prefire()
Called fire()
Checking for deadlock:
There are 3 Blocked actors, 0 Stopped actors, and 4 active threads.
Waiting for actors to stop.
Read input token from inputA with value 7.0
Checking for deadlock:
There are 2 Blocked actors, 0 Stopped actors, and 4 active threads.
Waiting for actors to stop.
Called prefire()
Called fire()
Past the end of training data. Read and discard all inputs.
Checking for deadlock:
There are 3 Blocked actors, 0 Stopped actors, and 4 active threads.
Waiting for actors to stop.
Sent output token with value 7.0
Next port to read input from is inputA
Called postfire()
Called prefire()
Called fire()
Checking for deadlock:
There are 2 Blocked actors, 0 Stopped actors, and 4 active threads.
Waiting for actors to stop.
-- Thread wrapup() called.
Called wrapup()
Thread .top.Ramp is exiting.
-- Thread stopped.
Checking for deadlock:
There are 2 Blocked actors, 0 Stopped actors, and 3 active threads.
Waiting for actors to stop.
Read input token from inputA with value 8.0
Called prefire()
Called fire()
Past the end of training data. Read and discard all inputs.
Checking for deadlock:
There are 2 Blocked actors, 0 Stopped actors, and 3 active threads.
Waiting for actors to stop.
Sent output token with value 7.5
Next port to read input from is inputB
Called postfire()
Called prefire()
Called fire()
Checking for deadlock:
There are 1 Blocked actors, 0 Stopped actors, and 3 active threads.
Waiting for actors to stop.
Called postfire()
Called prefire()
Called fire()
Checking for deadlock:
There are 2 Blocked actors, 0 Stopped actors, and 3 active threads.
Waiting for actors to stop.
Read input token from inputB with value 9.0
Checking for deadlock:
There are 1 Blocked actors, 0 Stopped actors, and 3 active threads.
Waiting for actors to stop.
Called prefire()
Called fire()
Past the end of training data. Read and discard all inputs.
Checking for deadlock:
There are 2 Blocked actors, 0 Stopped actors, and 3 active threads.
Waiting for actors to stop.
Sent output token with value 8.0
Next port to read input from is inputA
Called postfire()
Called prefire()
Called fire()
Read input token from inputA with value 9.0
Called prefire()
Called fire()
Past the end of training data. Read and discard all inputs.
Checking for deadlock:
There are 2 Blocked actors, 0 Stopped actors, and 3 active threads.
Waiting for actors to stop.
Sent output token with value 9.0
Next port to read input from is inputB
Called postfire()
Called prefire()
Called fire()
Called postfire()
Called prefire()
Called fire()
Checking for deadlock:
There are 2 Blocked actors, 0 Stopped actors, and 3 active threads.
Waiting for actors to stop.
Read input token from inputB with value 10.5
Called prefire()
Called fire()
Past the end of training data. Read and discard all inputs.
Checking for deadlock:
There are 2 Blocked actors, 0 Stopped actors, and 3 active threads.
Waiting for actors to stop.
Sent output token with value 9.0
Next port to read input from is inputA
Called postfire()
Called prefire()
Called fire()
Checking for deadlock:
There are 3 Blocked actors, 0 Stopped actors, and 3 active threads.
Actors have stopped.
Checking for deadlock:
There are 3 Blocked actors, 0 Stopped actors, and 3 active threads.
Deadlock detected.
Resolving Deadlock
Checking for deadlock:
There are 3 Blocked actors, 0 Stopped actors, and 3 active threads.
Artificial Deadlock - increasing queue capacity.
increasing the capacity of receiver ptolemy.actor.TypedIOPort {.top.OrderedMerge.inputB} to 2
Director: Called postfire().
Called postfire().
_stopRequested = false
_stopFireRequested = false
Returning from postfire(): true
Called fire().
Checking for deadlock:
There are 2 Blocked actors, 0 Stopped actors, and 3 active threads.
Waiting for actors to stop.
-- Thread wrapup() called.
Called wrapup()
Thread .top.Ramp2 is exiting.
-- Thread stopped.
Checking for deadlock:
There are 2 Blocked actors, 0 Stopped actors, and 2 active threads.
Actors have stopped.
Checking for deadlock:
There are 2 Blocked actors, 0 Stopped actors, and 2 active threads.
Deadlock detected.
Resolving Deadlock
Checking for deadlock:
There are 2 Blocked actors, 0 Stopped actors, and 2 active threads.
Deadlock detected: no processes blocked on write, but some are blocked on read.
Called postfire().
_stopRequested = false
_stopFireRequested = false
Returning from postfire(): false
Finished deactivating branches.
Called wrapup().
-- Thread wrapup() called.
Called wrapup()
-- Thread wrapup() called.
Called wrapup()
Thread .top.Test is exiting.
-- Thread stopped.
-- Blocked Receiver call threw TerminateProcessException.
Thread .top.OrderedMerge is exiting.
-- Thread stopped.
-- Blocked Receiver call threw TerminateProcessException.
48 ms. Memory: 129024K Free: 93166K (72%)
/home/travis/build/icyphy/ptII/ptolemy/actor/lib/test/Publisher.tcl
14 ms. Memory: 129024K Free: 87022K (67%)
10 ms. Memory: 129024K Free: 110671K (86%)
6 ms. Memory: 129024K Free: 106575K (83%)
8 ms. Memory: 129024K Free: 105551K (82%)
4 ms. Memory: 129024K Free: 105037K (81%)
14 ms. Memory: 129024K Free: 104013K (81%)
3 ms. Memory: 129024K Free: 103503K (80%)
3 ms. Memory: 129024K Free: 102479K (79%)
22 ms. Memory: 129024K Free: 92239K (71%)
3 ms. Memory: 129024K Free: 88143K (68%)
2 ms. Memory: 129024K Free: 87615K (68%)
4 ms. Memory: 129024K Free: 85581K (66%)
6 ms. Memory: 129024K Free: 77903K (60%)
6 ms. Memory: 129024K Free: 68173K (53%)
7 ms. Memory: 129024K Free: 56909K (44%)
/home/travis/build/icyphy/ptII/ptolemy/actor/lib/test/Pulse.tcl
5 ms. Memory: 155648K Free: 106379K (68%)
9 ms. Memory: 155648K Free: 105875K (68%)
2 ms. Memory: 155648K Free: 105347K (68%)
2 ms. Memory: 155648K Free: 104851K (67%)
1 ms. Memory: 155648K Free: 104331K (67%)
10 ms. Memory: 155648K Free: 103313K (66%)
7 ms. Memory: 155648K Free: 102275K (66%)
5 ms. Memory: 155648K Free: 101265K (65%)
2 ms. Memory: 155648K Free: 100755K (65%)
/home/travis/build/icyphy/ptII/ptolemy/actor/lib/test/Ramp.tcl
4 ms. Memory: 155648K Free: 98707K (63%)
2 ms. Memory: 155648K Free: 98179K (63%)
2 ms. Memory: 155648K Free: 97163K (62%)
2 ms. Memory: 155648K Free: 96659K (62%)
4 ms. Memory: 155648K Free: 95635K (61%)
10 ms. Memory: 155648K Free: 95091K (61%)
5 ms. Memory: 155648K Free: 94042K (60%)
5 actors
4000 microseconds per iteration to create
13 ms. Memory: 155648K Free: 91019K (58%)
1 ms. Memory: 155648K Free: 90515K (58%)
1 ms. Memory: 155648K Free: 89987K (58%)
4 ms. Memory: 155648K Free: 89491K (57%)
50 actors
34000 microseconds per iteration to create
24 ms. Memory: 155648K Free: 73603K (47%)
5 ms. Memory: 155648K Free: 72593K (47%)
5 ms. Memory: 155648K Free: 71569K (46%)
12 ms. Memory: 155648K Free: 70545K (45%)
500 actors
1736000 microseconds per iteration to create
244 ms. Memory: 155648K Free: 132694K (85%)
42 ms. Memory: 155648K Free: 127574K (82%)
47 ms. Memory: 155648K Free: 121942K (78%)
40 ms. Memory: 155648K Free: 116824K (75%)
/home/travis/build/icyphy/ptII/ptolemy/actor/lib/test/RampContinuous.tcl
9 ms. Memory: 155648K Free: 115256K (74%)
/home/travis/build/icyphy/ptII/ptolemy/actor/lib/test/RecordAssembler.tcl
6 ms. Memory: 155648K Free: 113752K (73%)
4 ms. Memory: 155648K Free: 112728K (72%)
/home/travis/build/icyphy/ptII/ptolemy/actor/lib/test/RecordDisassembler.tcl
18 ms. Memory: 155648K Free: 111176K (71%)
5 ms. Memory: 155648K Free: 110166K (71%)
3 ms. Memory: 155648K Free: 109142K (70%)
/home/travis/build/icyphy/ptII/ptolemy/actor/lib/test/Scale.tcl
3 ms. Memory: 155648K Free: 107608K (69%)
2 ms. Memory: 155648K Free: 106584K (68%)
1 ms. Memory: 155648K Free: 106040K (68%)
2 ms. Memory: 155648K Free: 105046K (67%)
3 ms. Memory: 155648K Free: 104008K (67%)
/home/travis/build/icyphy/ptII/ptolemy/actor/lib/test/SequentialClock.tcl
preinitializing
resolving types
initializing
executing number 1
wrapping up
idle
3 ms. Memory: 155648K Free: 102984K (66%)
Completed execution with 5 iterations
preinitializing
resolving types
initializing
executing number 1
wrapping up
idle
1 ms. Memory: 155648K Free: 102488K (66%)
Completed execution with 5 iterations
preinitializing
resolving types
initializing
executing number 1
wrapping up
idle
2 ms. Memory: 155648K Free: 101974K (66%)
Completed execution with 5 iterations
/home/travis/build/icyphy/ptII/ptolemy/actor/lib/test/SetVariable.tcl
4 ms. Memory: 155648K Free: 99912K (64%)
/home/travis/build/icyphy/ptII/ptolemy/actor/lib/test/Sinewave.tcl
/home/travis/build/icyphy/ptII/ptolemy/actor/lib/test/SubscriptionAggregator.tcl
4 ms. Memory: 155648K Free: 88656K (57%)
3 ms. Memory: 155648K Free: 88152K (57%)
1 ms. Memory: 155648K Free: 87638K (56%)
3 ms. Memory: 155648K Free: 87128K (56%)
3 ms. Memory: 155648K Free: 83528K (54%)
9 ms. Memory: 155648K Free: 80984K (52%)
...............................................................1100 ms. Memory: 268288K Free: 137918K (51%)
/home/travis/build/icyphy/ptII/ptolemy/actor/lib/test/Test.tcl
 The next command will produce a warning about training mode,
   which may be ignored.
6 ms. Memory: 268288K Free: 135875K (51%)
9 ms. Memory: 268288K Free: 135379K (50%)
2 ms. Memory: 268288K Free: 134355K (50%)
1 ms. Memory: 268288K Free: 133841K (50%)
3 ms. Memory: 268288K Free: 133331K (50%)
4 ms. Memory: 268288K Free: 132307K (49%)
3 ms. Memory: 268288K Free: 130755K (49%)
 The next command will produce a warning about training mode,
   which may be ignored.
3 ms. Memory: 268288K Free: 128211K (48%)
 The next command will produce a warning about training mode,
   which may be ignored.
2 ms. Memory: 268288K Free: 127187K (47%)
1 ms. Memory: 268288K Free: 126643K (47%)
1 ms. Memory: 268288K Free: 126163K (47%)
3 ms. Memory: 268288K Free: 125619K (47%)
7 ms. Memory: 268288K Free: 124625K (46%)
5 ms. Memory: 268288K Free: 121043K (45%)
/home/travis/build/icyphy/ptII/ptolemy/actor/lib/test/TestExceptionHandler.tcl
 The next command will produce a warning about training mode,
   which may be ignored.
2 ms. Memory: 268288K Free: 119505K (45%)
0 ms. Memory: 268288K Free: 118995K (44%)
1 ms. Memory: 268288K Free: 118467K (44%)
/home/travis/build/icyphy/ptII/ptolemy/actor/lib/test/UnionDisassembler.tcl
21 ms. Memory: 268288K Free: 111307K (41%)
/home/travis/build/icyphy/ptII/ptolemy/actor/lib/test/VariableClock.tcl
preinitializing
resolving types
initializing
executing number 1
wrapping up
idle
10 ms. Memory: 268288K Free: 109265K (41%)
Completed execution with 11 iterations
preinitializing
resolving types
initializing
executing number 1
wrapping up
idle
3 ms. Memory: 268288K Free: 107731K (40%)
Completed execution with 10 iterations
03/04/20 05:09:31
Failed: 0  Total Tests: 233  ((Passed: 233, Newly Passed: 0)  Known Failed: 0) /home/travis/build/icyphy/ptII/ptolemy/actor/lib/test
----------------- testing (KnownFailure) /home/travis/build/icyphy/ptII/ptolemy/actor/lib/test/auto/knownFailedTests/PublisherPortToplevelSubscriber.xml
0 ms. Memory: 268288K Free: 104659K (39%)
Known Failure: java.lang.reflect.InvocationTargetException
----------------- testing (KnownFailure) /home/travis/build/icyphy/ptII/ptolemy/actor/lib/test/auto/knownFailedTests/PublisherSubscriberPortToplevel.xml
0 ms. Memory: 268288K Free: 217849K (81%)
Known Failure: java.lang.reflect.InvocationTargetException
----------------- testing (KnownFailure) /home/travis/build/icyphy/ptII/ptolemy/actor/lib/test/auto/knownFailedTests/PublisherSubscriptionAggregatorPort.xml
1 ms. Memory: 268288K Free: 213753K (80%)
Known Failure: java.lang.reflect.InvocationTargetException
----------------- testing (KnownFailure) /home/travis/build/icyphy/ptII/ptolemy/actor/lib/test/auto/knownFailedTests/sizedarray3.xml
3 ms. Memory: 268288K Free: 209657K (78%)
Known Failure: java.lang.reflect.InvocationTargetException
No auto/linux-amd64/*.xml tests in /home/travis/build/icyphy/ptII/ptolemy/actor/lib/test
AutoTests.java: About to close Vertx.
AutoTests.java: Vertx closed.

===========================================================================================
----------------- testing Wed Mar 04 17:09:31 UTC 2020 /home/travis/build/icyphy/ptII/ptolemy/actor/lib/test/auto/AbsoluteValue.xml
----------------- Instantiating /home/travis/build/icyphy/ptII/ptolemy/actor/lib/test/auto/AbsoluteValue.xml
31 ms. Memory: 268288K Free: 186615K (70%)
----------------- Invoking toplevel() on ptolemy.moml.MoMLSimpleApplication@45e77d0c
----------------- Done invoking toplevel() on ptolemy.moml.MoMLSimpleApplication@45e77d0c
reloadAllAccessors: .AbsoluteValue

===========================================================================================
----------------- testing Wed Mar 04 17:09:32 UTC 2020 /home/travis/build/icyphy/ptII/ptolemy/actor/lib/test/auto/AbsoluteValue2.xml
----------------- Instantiating /home/travis/build/icyphy/ptII/ptolemy/actor/lib/test/auto/AbsoluteValue2.xml
5 ms. Memory: 268288K Free: 179961K (67%)
----------------- Invoking toplevel() on ptolemy.moml.MoMLSimpleApplication@7408f560
----------------- Done invoking toplevel() on ptolemy.moml.MoMLSimpleApplication@7408f560
reloadAllAccessors: .AbsoluteValue2

===========================================================================================
----------------- testing Wed Mar 04 17:09:32 UTC 2020 /home/travis/build/icyphy/ptII/ptolemy/actor/lib/test/auto/Accumulator.xml
----------------- Instantiating /home/travis/build/icyphy/ptII/ptolemy/actor/lib/test/auto/Accumulator.xml
6 ms. Memory: 268288K Free: 173817K (65%)
----------------- Invoking toplevel() on ptolemy.moml.MoMLSimpleApplication@5b6dac67
----------------- Done invoking toplevel() on ptolemy.moml.MoMLSimpleApplication@5b6dac67
reloadAllAccessors: .Accumulator

===========================================================================================
----------------- testing Wed Mar 04 17:09:32 UTC 2020 /home/travis/build/icyphy/ptII/ptolemy/actor/lib/test/auto/Accumulator2.xml
----------------- Instantiating /home/travis/build/icyphy/ptII/ptolemy/actor/lib/test/auto/Accumulator2.xml
4 ms. Memory: 268288K Free: 168183K (63%)
----------------- Invoking toplevel() on ptolemy.moml.MoMLSimpleApplication@3363d481
----------------- Done invoking toplevel() on ptolemy.moml.MoMLSimpleApplication@3363d481
reloadAllAccessors: .Accumulator2

===========================================================================================
----------------- testing Wed Mar 04 17:09:32 UTC 2020 /home/travis/build/icyphy/ptII/ptolemy/actor/lib/test/auto/Accumulator3.xml
----------------- Instantiating /home/travis/build/icyphy/ptII/ptolemy/actor/lib/test/auto/Accumulator3.xml
2 ms. Memory: 268288K Free: 164087K (61%)
----------------- Invoking toplevel() on ptolemy.moml.MoMLSimpleApplication@2add3c12
----------------- Done invoking toplevel() on ptolemy.moml.MoMLSimpleApplication@2add3c12
reloadAllAccessors: .Accumulator3

===========================================================================================
----------------- testing Wed Mar 04 17:09:32 UTC 2020 /home/travis/build/icyphy/ptII/ptolemy/actor/lib/test/auto/ArrayAppend.xml
----------------- Instantiating /home/travis/build/icyphy/ptII/ptolemy/actor/lib/test/auto/ArrayAppend.xml
4 ms. Memory: 268288K Free: 157929K (59%)
----------------- Invoking toplevel() on ptolemy.moml.MoMLSimpleApplication@38f7b24c
----------------- Done invoking toplevel() on ptolemy.moml.MoMLSimpleApplication@38f7b24c
reloadAllAccessors: .ArrayAppend

===========================================================================================
----------------- testing Wed Mar 04 17:09:32 UTC 2020 /home/travis/build/icyphy/ptII/ptolemy/actor/lib/test/auto/ArrayAppend2.xml
----------------- Instantiating /home/travis/build/icyphy/ptII/ptolemy/actor/lib/test/auto/ArrayAppend2.xml
330 ms. Memory: 268288K Free: 79609K (30%)
----------------- Invoking toplevel() on ptolemy.moml.MoMLSimpleApplication@499dcd13
----------------- Done invoking toplevel() on ptolemy.moml.MoMLSimpleApplication@499dcd13
reloadAllAccessors: .ArrayAppend2

===========================================================================================
----------------- testing Wed Mar 04 17:09:32 UTC 2020 /home/travis/build/icyphy/ptII/ptolemy/actor/lib/test/auto/ArrayAppend3.xml
----------------- Instantiating /home/travis/build/icyphy/ptII/ptolemy/actor/lib/test/auto/ArrayAppend3.xml
13 ms. Memory: 268288K Free: 214727K (80%)
----------------- Invoking toplevel() on ptolemy.moml.MoMLSimpleApplication@768ca8fa
----------------- Done invoking toplevel() on ptolemy.moml.MoMLSimpleApplication@768ca8fa
reloadAllAccessors: .ArrayAppend3

===========================================================================================
----------------- testing Wed Mar 04 17:09:32 UTC 2020 /home/travis/build/icyphy/ptII/ptolemy/actor/lib/test/auto/ArrayAppend4.xml
----------------- Instantiating /home/travis/build/icyphy/ptII/ptolemy/actor/lib/test/auto/ArrayAppend4.xml
3 ms. Memory: 268288K Free: 209607K (78%)
----------------- Invoking toplevel() on ptolemy.moml.MoMLSimpleApplication@7cccdaa4
----------------- Done invoking toplevel() on ptolemy.moml.MoMLSimpleApplication@7cccdaa4
reloadAllAccessors: .ArrayAppend4

===========================================================================================
----------------- testing Wed Mar 04 17:09:32 UTC 2020 /home/travis/build/icyphy/ptII/ptolemy/actor/lib/test/auto/ArrayAppend5.xml
----------------- Instantiating /home/travis/build/icyphy/ptII/ptolemy/actor/lib/test/auto/ArrayAppend5.xml
5 ms. Memory: 268288K Free: 204487K (76%)
----------------- Invoking toplevel() on ptolemy.moml.MoMLSimpleApplication@d1e8b81
----------------- Done invoking toplevel() on ptolemy.moml.MoMLSimpleApplication@d1e8b81
reloadAllAccessors: .ArrayAppend5

===========================================================================================
----------------- testing Wed Mar 04 17:09:32 UTC 2020 /home/travis/build/icyphy/ptII/ptolemy/actor/lib/test/auto/ArrayAppend6.xml
----------------- Instantiating /home/travis/build/icyphy/ptII/ptolemy/actor/lib/test/auto/ArrayAppend6.xml
4 ms. Memory: 268288K Free: 198853K (74%)
----------------- Invoking toplevel() on ptolemy.moml.MoMLSimpleApplication@416c8b1
----------------- Done invoking toplevel() on ptolemy.moml.MoMLSimpleApplication@416c8b1
reloadAllAccessors: .ArrayAppend6

===========================================================================================
----------------- testing Wed Mar 04 17:09:32 UTC 2020 /home/travis/build/icyphy/ptII/ptolemy/actor/lib/test/auto/ArrayAppendPerformanceTest.xml
----------------- Instantiating /home/travis/build/icyphy/ptII/ptolemy/actor/lib/test/auto/ArrayAppendPerformanceTest.xml
45 ms. Memory: 268288K Free: 188103K (70%)
----------------- Invoking toplevel() on ptolemy.moml.MoMLSimpleApplication@4ece13d2
----------------- Done invoking toplevel() on ptolemy.moml.MoMLSimpleApplication@4ece13d2
reloadAllAccessors: .ArrayAppendPerformanceTest

===========================================================================================
----------------- testing Wed Mar 04 17:09:32 UTC 2020 /home/travis/build/icyphy/ptII/ptolemy/actor/lib/test/auto/ArrayAppendWithEmptyInput.xml
----------------- Instantiating /home/travis/build/icyphy/ptII/ptolemy/actor/lib/test/auto/ArrayAppendWithEmptyInput.xml
24 ms. Memory: 268288K Free: 179911K (67%)
----------------- Invoking toplevel() on ptolemy.moml.MoMLSimpleApplication@2521e685
----------------- Done invoking toplevel() on ptolemy.moml.MoMLSimpleApplication@2521e685
reloadAllAccessors: .ArrayAppendWithEmptyInput

===========================================================================================
----------------- testing Wed Mar 04 17:09:32 UTC 2020 /home/travis/build/icyphy/ptII/ptolemy/actor/lib/test/auto/ArrayAverage.xml
----------------- Instantiating /home/travis/build/icyphy/ptII/ptolemy/actor/lib/test/auto/ArrayAverage.xml
12 ms. Memory: 268288K Free: 172229K (64%)
----------------- Invoking toplevel() on ptolemy.moml.MoMLSimpleApplication@27d133e
----------------- Done invoking toplevel() on ptolemy.moml.MoMLSimpleApplication@27d133e
reloadAllAccessors: .ArrayAverage

===========================================================================================
----------------- testing Wed Mar 04 17:09:33 UTC 2020 /home/travis/build/icyphy/ptII/ptolemy/actor/lib/test/auto/ArrayContains.xml
----------------- Instantiating /home/travis/build/icyphy/ptII/ptolemy/actor/lib/test/auto/ArrayContains.xml
3 ms. Memory: 268288K Free: 166085K (62%)
----------------- Invoking toplevel() on ptolemy.moml.MoMLSimpleApplication@77f626f9
----------------- Done invoking toplevel() on ptolemy.moml.MoMLSimpleApplication@77f626f9
reloadAllAccessors: .ArrayContains

===========================================================================================
----------------- testing Wed Mar 04 17:09:33 UTC 2020 /home/travis/build/icyphy/ptII/ptolemy/actor/lib/test/auto/ArrayElement.xml
----------------- Instantiating /home/travis/build/icyphy/ptII/ptolemy/actor/lib/test/auto/ArrayElement.xml
3 ms. Memory: 268288K Free: 160455K (60%)
----------------- Invoking toplevel() on ptolemy.moml.MoMLSimpleApplication@4a859bb1
----------------- Done invoking toplevel() on ptolemy.moml.MoMLSimpleApplication@4a859bb1
reloadAllAccessors: .ArrayElement

===========================================================================================
----------------- testing Wed Mar 04 17:09:33 UTC 2020 /home/travis/build/icyphy/ptII/ptolemy/actor/lib/test/auto/ArrayElementAsMatrix.xml
----------------- Instantiating /home/travis/build/icyphy/ptII/ptolemy/actor/lib/test/auto/ArrayElementAsMatrix.xml
11 ms. Memory: 268288K Free: 150725K (56%)
----------------- Invoking toplevel() on ptolemy.moml.MoMLSimpleApplication@759a2bce
----------------- Done invoking toplevel() on ptolemy.moml.MoMLSimpleApplication@759a2bce
reloadAllAccessors: .ArrayElementAsMatrix

===========================================================================================
----------------- testing Wed Mar 04 17:09:33 UTC 2020 /home/travis/build/icyphy/ptII/ptolemy/actor/lib/test/auto/ArrayElementI.xml
----------------- Instantiating /home/travis/build/icyphy/ptII/ptolemy/actor/lib/test/auto/ArrayElementI.xml
9 ms. Memory: 268288K Free: 145095K (54%)
----------------- Invoking toplevel() on ptolemy.moml.MoMLSimpleApplication@10102b7
----------------- Done invoking toplevel() on ptolemy.moml.MoMLSimpleApplication@10102b7
reloadAllAccessors: .ArrayElementI

===========================================================================================
----------------- testing Wed Mar 04 17:09:33 UTC 2020 /home/travis/build/icyphy/ptII/ptolemy/actor/lib/test/auto/ArrayExtract.xml
----------------- Instantiating /home/travis/build/icyphy/ptII/ptolemy/actor/lib/test/auto/ArrayExtract.xml
7 ms. Memory: 268288K Free: 136903K (51%)
----------------- Invoking toplevel() on ptolemy.moml.MoMLSimpleApplication@7f4d7c96
----------------- Done invoking toplevel() on ptolemy.moml.MoMLSimpleApplication@7f4d7c96
reloadAllAccessors: .ArrayExtract

===========================================================================================
----------------- testing Wed Mar 04 17:09:33 UTC 2020 /home/travis/build/icyphy/ptII/ptolemy/actor/lib/test/auto/ArrayExtract2.xml
----------------- Instantiating /home/travis/build/icyphy/ptII/ptolemy/actor/lib/test/auto/ArrayExtract2.xml
2 ms. Memory: 268288K Free: 131254K (49%)
----------------- Invoking toplevel() on ptolemy.moml.MoMLSimpleApplication@13457391
----------------- Done invoking toplevel() on ptolemy.moml.MoMLSimpleApplication@13457391
reloadAllAccessors: .ArrayExtract2

===========================================================================================
----------------- testing Wed Mar 04 17:09:33 UTC 2020 /home/travis/build/icyphy/ptII/ptolemy/actor/lib/test/auto/ArrayLength.xml
----------------- Instantiating /home/travis/build/icyphy/ptII/ptolemy/actor/lib/test/auto/ArrayLength.xml
2 ms. Memory: 268288K Free: 127687K (48%)
----------------- Invoking toplevel() on ptolemy.moml.MoMLSimpleApplication@69962062
----------------- Done invoking toplevel() on ptolemy.moml.MoMLSimpleApplication@69962062
reloadAllAccessors: .ArrayLength

===========================================================================================
----------------- testing Wed Mar 04 17:09:33 UTC 2020 /home/travis/build/icyphy/ptII/ptolemy/actor/lib/test/auto/ArrayLevelCrossing.xml
----------------- Instantiating /home/travis/build/icyphy/ptII/ptolemy/actor/lib/test/auto/ArrayLevelCrossing.xml
5 ms. Memory: 268288K Free: 119495K (45%)
----------------- Invoking toplevel() on ptolemy.moml.MoMLSimpleApplication@4475bc2
----------------- Done invoking toplevel() on ptolemy.moml.MoMLSimpleApplication@4475bc2
reloadAllAccessors: .ArrayLevelCrossing

===========================================================================================
----------------- testing Wed Mar 04 17:09:33 UTC 2020 /home/travis/build/icyphy/ptII/ptolemy/actor/lib/test/auto/ArrayLevelCrossing2.xml
----------------- Instantiating /home/travis/build/icyphy/ptII/ptolemy/actor/lib/test/auto/ArrayLevelCrossing2.xml
4 ms. Memory: 268288K Free: 112822K (42%)
----------------- Invoking toplevel() on ptolemy.moml.MoMLSimpleApplication@4f593e50
----------------- Done invoking toplevel() on ptolemy.moml.MoMLSimpleApplication@4f593e50
reloadAllAccessors: .ArrayLevelCrossing2

===========================================================================================
----------------- testing Wed Mar 04 17:09:33 UTC 2020 /home/travis/build/icyphy/ptII/ptolemy/actor/lib/test/auto/ArrayPeakSearch.xml
----------------- Instantiating /home/travis/build/icyphy/ptII/ptolemy/actor/lib/test/auto/ArrayPeakSearch.xml
7 ms. Memory: 268288K Free: 103621K (39%)
----------------- Invoking toplevel() on ptolemy.moml.MoMLSimpleApplication@40f698cf
----------------- Done invoking toplevel() on ptolemy.moml.MoMLSimpleApplication@40f698cf
reloadAllAccessors: .ArrayPeakSearch

===========================================================================================
----------------- testing Wed Mar 04 17:09:33 UTC 2020 /home/travis/build/icyphy/ptII/ptolemy/actor/lib/test/auto/ArrayPeakSearch2.xml
----------------- Instantiating /home/travis/build/icyphy/ptII/ptolemy/actor/lib/test/auto/ArrayPeakSearch2.xml
12 ms. Memory: 268288K Free: 93350K (35%)
----------------- Invoking toplevel() on ptolemy.moml.MoMLSimpleApplication@56cfbd87
----------------- Done invoking toplevel() on ptolemy.moml.MoMLSimpleApplication@56cfbd87
reloadAllAccessors: .ArrayPeakSearch2

===========================================================================================
----------------- testing Wed Mar 04 17:09:33 UTC 2020 /home/travis/build/icyphy/ptII/ptolemy/actor/lib/test/auto/ArrayPeakSearch3.xml
----------------- Instantiating /home/travis/build/icyphy/ptII/ptolemy/actor/lib/test/auto/ArrayPeakSearch3.xml
6 ms. Memory: 268288K Free: 84165K (31%)
----------------- Invoking toplevel() on ptolemy.moml.MoMLSimpleApplication@7d4458ad
----------------- Done invoking toplevel() on ptolemy.moml.MoMLSimpleApplication@7d4458ad
reloadAllAccessors: .ArrayPeakSearch3

===========================================================================================
----------------- testing Wed Mar 04 17:09:33 UTC 2020 /home/travis/build/icyphy/ptII/ptolemy/actor/lib/test/auto/ArrayRemoveElement.xml
----------------- Instantiating /home/travis/build/icyphy/ptII/ptolemy/actor/lib/test/auto/ArrayRemoveElement.xml
3 ms. Memory: 268288K Free: 76487K (29%)
----------------- Invoking toplevel() on ptolemy.moml.MoMLSimpleApplication@3fc9dbb9
----------------- Done invoking toplevel() on ptolemy.moml.MoMLSimpleApplication@3fc9dbb9
reloadAllAccessors: .ArrayRemoveElement

===========================================================================================
----------------- testing Wed Mar 04 17:09:33 UTC 2020 /home/travis/build/icyphy/ptII/ptolemy/actor/lib/test/auto/ArraySort.xml
----------------- Instantiating /home/travis/build/icyphy/ptII/ptolemy/actor/lib/test/auto/ArraySort.xml
6 ms. Memory: 268288K Free: 215810K (80%)
----------------- Invoking toplevel() on ptolemy.moml.MoMLSimpleApplication@20c9404
----------------- Done invoking toplevel() on ptolemy.moml.MoMLSimpleApplication@20c9404
reloadAllAccessors: .ArraySort

===========================================================================================
----------------- testing Wed Mar 04 17:09:33 UTC 2020 /home/travis/build/icyphy/ptII/ptolemy/actor/lib/test/auto/ArraySum.xml
----------------- Instantiating /home/travis/build/icyphy/ptII/ptolemy/actor/lib/test/auto/ArraySum.xml
11 ms. Memory: 268288K Free: 210176K (78%)
----------------- Invoking toplevel() on ptolemy.moml.MoMLSimpleApplication@6c6369a9
----------------- Done invoking toplevel() on ptolemy.moml.MoMLSimpleApplication@6c6369a9
reloadAllAccessors: .ArraySum

===========================================================================================
----------------- testing Wed Mar 04 17:09:33 UTC 2020 /home/travis/build/icyphy/ptII/ptolemy/actor/lib/test/auto/ArrayToElements.xml
----------------- Instantiating /home/travis/build/icyphy/ptII/ptolemy/actor/lib/test/auto/ArrayToElements.xml
9 ms. Memory: 268288K Free: 205056K (76%)
----------------- Invoking toplevel() on ptolemy.moml.MoMLSimpleApplication@52ce4037
----------------- Done invoking toplevel() on ptolemy.moml.MoMLSimpleApplication@52ce4037
reloadAllAccessors: .ArrayToElements

===========================================================================================
----------------- testing Wed Mar 04 17:09:33 UTC 2020 /home/travis/build/icyphy/ptII/ptolemy/actor/lib/test/auto/ArrayToMatrix.xml
----------------- Instantiating /home/travis/build/icyphy/ptII/ptolemy/actor/lib/test/auto/ArrayToMatrix.xml
14 ms. Memory: 268288K Free: 190720K (71%)
----------------- Invoking toplevel() on ptolemy.moml.MoMLSimpleApplication@71a31f7
----------------- Done invoking toplevel() on ptolemy.moml.MoMLSimpleApplication@71a31f7
reloadAllAccessors: .ArrayToMatrix

===========================================================================================
----------------- testing Wed Mar 04 17:09:33 UTC 2020 /home/travis/build/icyphy/ptII/ptolemy/actor/lib/test/auto/ArrayUpdate1.xml
----------------- Instantiating /home/travis/build/icyphy/ptII/ptolemy/actor/lib/test/auto/ArrayUpdate1.xml
2 ms. Memory: 268288K Free: 186114K (69%)
----------------- Invoking toplevel() on ptolemy.moml.MoMLSimpleApplication@339ff2d1
----------------- Done invoking toplevel() on ptolemy.moml.MoMLSimpleApplication@339ff2d1
reloadAllAccessors: .ArrayUpdate1

===========================================================================================
----------------- testing Wed Mar 04 17:09:33 UTC 2020 /home/travis/build/icyphy/ptII/ptolemy/actor/lib/test/auto/ArrayUpdate2.xml
----------------- Instantiating /home/travis/build/icyphy/ptII/ptolemy/actor/lib/test/auto/ArrayUpdate2.xml
9 ms. Memory: 268288K Free: 179456K (67%)
----------------- Invoking toplevel() on ptolemy.moml.MoMLSimpleApplication@7a22e202
----------------- Done invoking toplevel() on ptolemy.moml.MoMLSimpleApplication@7a22e202
reloadAllAccessors: .ArrayUpdate2

===========================================================================================
----------------- testing Wed Mar 04 17:09:33 UTC 2020 /home/travis/build/icyphy/ptII/ptolemy/actor/lib/test/auto/ArrayUpdate3.xml
----------------- Instantiating /home/travis/build/icyphy/ptII/ptolemy/actor/lib/test/auto/ArrayUpdate3.xml
3 ms. Memory: 268288K Free: 174850K (65%)
----------------- Invoking toplevel() on ptolemy.moml.MoMLSimpleApplication@4442128d
----------------- Done invoking toplevel() on ptolemy.moml.MoMLSimpleApplication@4442128d
reloadAllAccessors: .ArrayUpdate3

===========================================================================================
----------------- testing Wed Mar 04 17:09:33 UTC 2020 /home/travis/build/icyphy/ptII/ptolemy/actor/lib/test/auto/Assert1.xml
----------------- Instantiating /home/travis/build/icyphy/ptII/ptolemy/actor/lib/test/auto/Assert1.xml
5 ms. Memory: 268288K Free: 170240K (63%)
----------------- Invoking toplevel() on ptolemy.moml.MoMLSimpleApplication@31aba50
----------------- Done invoking toplevel() on ptolemy.moml.MoMLSimpleApplication@31aba50
reloadAllAccessors: .Assert1

===========================================================================================
----------------- testing Wed Mar 04 17:09:33 UTC 2020 /home/travis/build/icyphy/ptII/ptolemy/actor/lib/test/auto/Assert2.xml
----------------- Instantiating /home/travis/build/icyphy/ptII/ptolemy/actor/lib/test/auto/Assert2.xml
3 ms. Memory: 268288K Free: 165120K (62%)
----------------- Invoking toplevel() on ptolemy.moml.MoMLSimpleApplication@5c622cbc
----------------- Done invoking toplevel() on ptolemy.moml.MoMLSimpleApplication@5c622cbc
reloadAllAccessors: .Assert2

===========================================================================================
----------------- testing Wed Mar 04 17:09:33 UTC 2020 /home/travis/build/icyphy/ptII/ptolemy/actor/lib/test/auto/BooleanMultiplexor.xml
----------------- Instantiating /home/travis/build/icyphy/ptII/ptolemy/actor/lib/test/auto/BooleanMultiplexor.xml
2 ms. Memory: 268288K Free: 159490K (59%)
----------------- Invoking toplevel() on ptolemy.moml.MoMLSimpleApplication@16925825
----------------- Done invoking toplevel() on ptolemy.moml.MoMLSimpleApplication@16925825
reloadAllAccessors: .BooleanMultiplexor

===========================================================================================
----------------- testing Wed Mar 04 17:09:33 UTC 2020 /home/travis/build/icyphy/ptII/ptolemy/actor/lib/test/auto/BooleanMultiplexor2.xml
----------------- Instantiating /home/travis/build/icyphy/ptII/ptolemy/actor/lib/test/auto/BooleanMultiplexor2.xml
13 ms. Memory: 268288K Free: 153346K (57%)
----------------- Invoking toplevel() on ptolemy.moml.MoMLSimpleApplication@517b6b07
----------------- Done invoking toplevel() on ptolemy.moml.MoMLSimpleApplication@517b6b07
reloadAllAccessors: .BooleanMultiplexor2

===========================================================================================
----------------- testing Wed Mar 04 17:09:33 UTC 2020 /home/travis/build/icyphy/ptII/ptolemy/actor/lib/test/auto/BooleanMultiplexor3.xml
----------------- Instantiating /home/travis/build/icyphy/ptII/ptolemy/actor/lib/test/auto/BooleanMultiplexor3.xml
5 ms. Memory: 268288K Free: 149250K (56%)
----------------- Invoking toplevel() on ptolemy.moml.MoMLSimpleApplication@15eeafa0
----------------- Done invoking toplevel() on ptolemy.moml.MoMLSimpleApplication@15eeafa0
reloadAllAccessors: .BooleanMultiplexor3

===========================================================================================
----------------- testing Wed Mar 04 17:09:33 UTC 2020 /home/travis/build/icyphy/ptII/ptolemy/actor/lib/test/auto/BooleanSelect.xml
----------------- Instantiating /home/travis/build/icyphy/ptII/ptolemy/actor/lib/test/auto/BooleanSelect.xml
8 ms. Memory: 268288K Free: 143602K (54%)
----------------- Invoking toplevel() on ptolemy.moml.MoMLSimpleApplication@4c5e53bf
----------------- Done invoking toplevel() on ptolemy.moml.MoMLSimpleApplication@4c5e53bf
reloadAllAccessors: .BooleanSelect

===========================================================================================
----------------- testing Wed Mar 04 17:09:33 UTC 2020 /home/travis/build/icyphy/ptII/ptolemy/actor/lib/test/auto/BooleanSelect2.xml
----------------- Instantiating /home/travis/build/icyphy/ptII/ptolemy/actor/lib/test/auto/BooleanSelect2.xml
1 ms. Memory: 268288K Free: 139010K (52%)
----------------- Invoking toplevel() on ptolemy.moml.MoMLSimpleApplication@8059c6d
----------------- Done invoking toplevel() on ptolemy.moml.MoMLSimpleApplication@8059c6d
reloadAllAccessors: .BooleanSelect2

===========================================================================================
----------------- testing Wed Mar 04 17:09:33 UTC 2020 /home/travis/build/icyphy/ptII/ptolemy/actor/lib/test/auto/BooleanSwitch.xml
----------------- Instantiating /home/travis/build/icyphy/ptII/ptolemy/actor/lib/test/auto/BooleanSwitch.xml
7 ms. Memory: 268288K Free: 132352K (49%)
----------------- Invoking toplevel() on ptolemy.moml.MoMLSimpleApplication@62211b1a
----------------- Done invoking toplevel() on ptolemy.moml.MoMLSimpleApplication@62211b1a
reloadAllAccessors: .BooleanSwitch

===========================================================================================
----------------- testing Wed Mar 04 17:09:34 UTC 2020 /home/travis/build/icyphy/ptII/ptolemy/actor/lib/test/auto/BooleanSwitch2.xml
----------------- Instantiating /home/travis/build/icyphy/ptII/ptolemy/actor/lib/test/auto/BooleanSwitch2.xml
1 ms. Memory: 268288K Free: 128256K (48%)
----------------- Invoking toplevel() on ptolemy.moml.MoMLSimpleApplication@58888d2d
----------------- Done invoking toplevel() on ptolemy.moml.MoMLSimpleApplication@58888d2d
reloadAllAccessors: .BooleanSwitch2

===========================================================================================
----------------- testing Wed Mar 04 17:09:34 UTC 2020 /home/travis/build/icyphy/ptII/ptolemy/actor/lib/test/auto/BooleanSwitchCloningBugWithClassRelationGroup.xml
----------------- Instantiating /home/travis/build/icyphy/ptII/ptolemy/actor/lib/test/auto/BooleanSwitchCloningBugWithClassRelationGroup.xml
3 ms. Memory: 268288K Free: 121602K (45%)
----------------- Invoking toplevel() on ptolemy.moml.MoMLSimpleApplication@3e2b632c
----------------- Done invoking toplevel() on ptolemy.moml.MoMLSimpleApplication@3e2b632c
reloadAllAccessors: .BooleanSwitchCloningBugWithClassRelationGroup

===========================================================================================
----------------- testing Wed Mar 04 17:09:34 UTC 2020 /home/travis/build/icyphy/ptII/ptolemy/actor/lib/test/auto/BusActors.xml
----------------- Instantiating /home/travis/build/icyphy/ptII/ptolemy/actor/lib/test/auto/BusActors.xml
10 ms. Memory: 268288K Free: 113920K (42%)
----------------- Invoking toplevel() on ptolemy.moml.MoMLSimpleApplication@275936e0
----------------- Done invoking toplevel() on ptolemy.moml.MoMLSimpleApplication@275936e0
reloadAllAccessors: .BusActors

===========================================================================================
----------------- testing Wed Mar 04 17:09:34 UTC 2020 /home/travis/build/icyphy/ptII/ptolemy/actor/lib/test/auto/ClassWrapper.xml
----------------- Instantiating /home/travis/build/icyphy/ptII/ptolemy/actor/lib/test/auto/ClassWrapper.xml
4 ms. Memory: 268288K Free: 109314K (41%)
----------------- Invoking toplevel() on ptolemy.moml.MoMLSimpleApplication@3c98f56e
----------------- Done invoking toplevel() on ptolemy.moml.MoMLSimpleApplication@3c98f56e
reloadAllAccessors: .ClassWrapper

===========================================================================================
----------------- testing Wed Mar 04 17:09:34 UTC 2020 /home/travis/build/icyphy/ptII/ptolemy/actor/lib/test/auto/Clock.xml
----------------- Instantiating /home/travis/build/icyphy/ptII/ptolemy/actor/lib/test/auto/Clock.xml
1 ms. Memory: 268288K Free: 105728K (39%)
----------------- Invoking toplevel() on ptolemy.moml.MoMLSimpleApplication@ab93698
----------------- Done invoking toplevel() on ptolemy.moml.MoMLSimpleApplication@ab93698
reloadAllAccessors: .Clock

===========================================================================================
----------------- testing Wed Mar 04 17:09:34 UTC 2020 /home/travis/build/icyphy/ptII/ptolemy/actor/lib/test/auto/Clock10.xml
----------------- Instantiating /home/travis/build/icyphy/ptII/ptolemy/actor/lib/test/auto/Clock10.xml
6 ms. Memory: 268288K Free: 99584K (37%)
----------------- Invoking toplevel() on ptolemy.moml.MoMLSimpleApplication@212ab6db
----------------- Done invoking toplevel() on ptolemy.moml.MoMLSimpleApplication@212ab6db
reloadAllAccessors: .Clock10

===========================================================================================
----------------- testing Wed Mar 04 17:09:34 UTC 2020 /home/travis/build/icyphy/ptII/ptolemy/actor/lib/test/auto/Clock11.xml
----------------- Instantiating /home/travis/build/icyphy/ptII/ptolemy/actor/lib/test/auto/Clock11.xml
4 ms. Memory: 268288K Free: 93954K (35%)
----------------- Invoking toplevel() on ptolemy.moml.MoMLSimpleApplication@4096b59a
----------------- Done invoking toplevel() on ptolemy.moml.MoMLSimpleApplication@4096b59a
reloadAllAccessors: .Clock11

===========================================================================================
----------------- testing Wed Mar 04 17:09:34 UTC 2020 /home/travis/build/icyphy/ptII/ptolemy/actor/lib/test/auto/Clock12.xml
----------------- Instantiating /home/travis/build/icyphy/ptII/ptolemy/actor/lib/test/auto/Clock12.xml
3 ms. Memory: 268288K Free: 87810K (33%)
----------------- Invoking toplevel() on ptolemy.moml.MoMLSimpleApplication@2b685525
----------------- Done invoking toplevel() on ptolemy.moml.MoMLSimpleApplication@2b685525
reloadAllAccessors: .Clock12

===========================================================================================
----------------- testing Wed Mar 04 17:09:34 UTC 2020 /home/travis/build/icyphy/ptII/ptolemy/actor/lib/test/auto/Clock13.xml
----------------- Instantiating /home/travis/build/icyphy/ptII/ptolemy/actor/lib/test/auto/Clock13.xml
7 ms. Memory: 268288K Free: 82170K (31%)
----------------- Invoking toplevel() on ptolemy.moml.MoMLSimpleApplication@606c1728
----------------- Done invoking toplevel() on ptolemy.moml.MoMLSimpleApplication@606c1728
reloadAllAccessors: .Clock13

===========================================================================================
----------------- testing Wed Mar 04 17:09:34 UTC 2020 /home/travis/build/icyphy/ptII/ptolemy/actor/lib/test/auto/Clock14.xml
----------------- Instantiating /home/travis/build/icyphy/ptII/ptolemy/actor/lib/test/auto/Clock14.xml
5 ms. Memory: 268288K Free: 76002K (28%)
----------------- Invoking toplevel() on ptolemy.moml.MoMLSimpleApplication@5f0caa15
----------------- Done invoking toplevel() on ptolemy.moml.MoMLSimpleApplication@5f0caa15
reloadAllAccessors: .Clock14

===========================================================================================
----------------- testing Wed Mar 04 17:09:34 UTC 2020 /home/travis/build/icyphy/ptII/ptolemy/actor/lib/test/auto/Clock15.xml
----------------- Instantiating /home/travis/build/icyphy/ptII/ptolemy/actor/lib/test/auto/Clock15.xml
4 ms. Memory: 268288K Free: 70402K (26%)
----------------- Invoking toplevel() on ptolemy.moml.MoMLSimpleApplication@47446e69
----------------- Done invoking toplevel() on ptolemy.moml.MoMLSimpleApplication@47446e69
reloadAllAccessors: .Clock15

===========================================================================================
----------------- testing Wed Mar 04 17:09:34 UTC 2020 /home/travis/build/icyphy/ptII/ptolemy/actor/lib/test/auto/Clock16.xml
----------------- Instantiating /home/travis/build/icyphy/ptII/ptolemy/actor/lib/test/auto/Clock16.xml
31 ms. Memory: 268288K Free: 214213K (80%)
----------------- Invoking toplevel() on ptolemy.moml.MoMLSimpleApplication@193c1448
----------------- Done invoking toplevel() on ptolemy.moml.MoMLSimpleApplication@193c1448
reloadAllAccessors: .Clock16

===========================================================================================
----------------- testing Wed Mar 04 17:09:34 UTC 2020 /home/travis/build/icyphy/ptII/ptolemy/actor/lib/test/auto/Clock17.xml
----------------- Instantiating /home/travis/build/icyphy/ptII/ptolemy/actor/lib/test/auto/Clock17.xml
29 ms. Memory: 268288K Free: 199862K (74%)
----------------- Invoking toplevel() on ptolemy.moml.MoMLSimpleApplication@a802d0a
----------------- Done invoking toplevel() on ptolemy.moml.MoMLSimpleApplication@a802d0a
reloadAllAccessors: .Clock17

===========================================================================================
----------------- testing Wed Mar 04 17:09:34 UTC 2020 /home/travis/build/icyphy/ptII/ptolemy/actor/lib/test/auto/Clock18.xml
----------------- Instantiating /home/travis/build/icyphy/ptII/ptolemy/actor/lib/test/auto/Clock18.xml
26 ms. Memory: 268288K Free: 186550K (70%)
----------------- Invoking toplevel() on ptolemy.moml.MoMLSimpleApplication@ce2b3e2
----------------- Done invoking toplevel() on ptolemy.moml.MoMLSimpleApplication@ce2b3e2
reloadAllAccessors: .Clock18

===========================================================================================
----------------- testing Wed Mar 04 17:09:34 UTC 2020 /home/travis/build/icyphy/ptII/ptolemy/actor/lib/test/auto/Clock19.xml
----------------- Instantiating /home/travis/build/icyphy/ptII/ptolemy/actor/lib/test/auto/Clock19.xml
15 ms. Memory: 268288K Free: 173767K (65%)
----------------- Invoking toplevel() on ptolemy.moml.MoMLSimpleApplication@35cae7db
----------------- Done invoking toplevel() on ptolemy.moml.MoMLSimpleApplication@35cae7db
reloadAllAccessors: .Clock19

===========================================================================================
----------------- testing Wed Mar 04 17:09:34 UTC 2020 /home/travis/build/icyphy/ptII/ptolemy/actor/lib/test/auto/Clock2.xml
----------------- Instantiating /home/travis/build/icyphy/ptII/ptolemy/actor/lib/test/auto/Clock2.xml
7 ms. Memory: 268288K Free: 168647K (63%)
----------------- Invoking toplevel() on ptolemy.moml.MoMLSimpleApplication@652849ef
----------------- Done invoking toplevel() on ptolemy.moml.MoMLSimpleApplication@652849ef
reloadAllAccessors: .Clock2

===========================================================================================
----------------- testing Wed Mar 04 17:09:34 UTC 2020 /home/travis/build/icyphy/ptII/ptolemy/actor/lib/test/auto/Clock20.xml
----------------- Instantiating /home/travis/build/icyphy/ptII/ptolemy/actor/lib/test/auto/Clock20.xml
10 ms. Memory: 268288K Free: 163527K (61%)
----------------- Invoking toplevel() on ptolemy.moml.MoMLSimpleApplication@58d0723f
----------------- Done invoking toplevel() on ptolemy.moml.MoMLSimpleApplication@58d0723f
reloadAllAccessors: .Clock20

===========================================================================================
----------------- testing Wed Mar 04 17:09:34 UTC 2020 /home/travis/build/icyphy/ptII/ptolemy/actor/lib/test/auto/Clock21.xml
----------------- Instantiating /home/travis/build/icyphy/ptII/ptolemy/actor/lib/test/auto/Clock21.xml
5 ms. Memory: 268288K Free: 157893K (59%)
----------------- Invoking toplevel() on ptolemy.moml.MoMLSimpleApplication@5dfea9b1
----------------- Done invoking toplevel() on ptolemy.moml.MoMLSimpleApplication@5dfea9b1
reloadAllAccessors: .Clock21

===========================================================================================
----------------- testing Wed Mar 04 17:09:34 UTC 2020 /home/travis/build/icyphy/ptII/ptolemy/actor/lib/test/auto/Clock22.xml
----------------- Instantiating /home/travis/build/icyphy/ptII/ptolemy/actor/lib/test/auto/Clock22.xml
6 ms. Memory: 268288K Free: 152773K (57%)
----------------- Invoking toplevel() on ptolemy.moml.MoMLSimpleApplication@5fac5fd6
----------------- Done invoking toplevel() on ptolemy.moml.MoMLSimpleApplication@5fac5fd6
reloadAllAccessors: .Clock22

===========================================================================================
----------------- testing Wed Mar 04 17:09:34 UTC 2020 /home/travis/build/icyphy/ptII/ptolemy/actor/lib/test/auto/Clock23.xml
----------------- Instantiating /home/travis/build/icyphy/ptII/ptolemy/actor/lib/test/auto/Clock23.xml
5 ms. Memory: 268288K Free: 147143K (55%)
----------------- Invoking toplevel() on ptolemy.moml.MoMLSimpleApplication@118d7490
----------------- Done invoking toplevel() on ptolemy.moml.MoMLSimpleApplication@118d7490
reloadAllAccessors: .Clock23

===========================================================================================
----------------- testing Wed Mar 04 17:09:34 UTC 2020 /home/travis/build/icyphy/ptII/ptolemy/actor/lib/test/auto/Clock24.xml
----------------- Instantiating /home/travis/build/icyphy/ptII/ptolemy/actor/lib/test/auto/Clock24.xml
5 ms. Memory: 268288K Free: 141509K (53%)
----------------- Invoking toplevel() on ptolemy.moml.MoMLSimpleApplication@2d0caea7
----------------- Done invoking toplevel() on ptolemy.moml.MoMLSimpleApplication@2d0caea7
reloadAllAccessors: .Clock24

===========================================================================================
----------------- testing Wed Mar 04 17:09:34 UTC 2020 /home/travis/build/icyphy/ptII/ptolemy/actor/lib/test/auto/Clock4.xml
----------------- Instantiating /home/travis/build/icyphy/ptII/ptolemy/actor/lib/test/auto/Clock4.xml
1 ms. Memory: 268288K Free: 136903K (51%)
----------------- Invoking toplevel() on ptolemy.moml.MoMLSimpleApplication@7662bca7
----------------- Done invoking toplevel() on ptolemy.moml.MoMLSimpleApplication@7662bca7
reloadAllAccessors: .Clock4

===========================================================================================
----------------- testing Wed Mar 04 17:09:34 UTC 2020 /home/travis/build/icyphy/ptII/ptolemy/actor/lib/test/auto/Clock5.xml
----------------- Instantiating /home/travis/build/icyphy/ptII/ptolemy/actor/lib/test/auto/Clock5.xml
2 ms. Memory: 268288K Free: 131269K (49%)
----------------- Invoking toplevel() on ptolemy.moml.MoMLSimpleApplication@33e8cd97
----------------- Done invoking toplevel() on ptolemy.moml.MoMLSimpleApplication@33e8cd97
reloadAllAccessors: .Clock5

===========================================================================================
----------------- testing Wed Mar 04 17:09:34 UTC 2020 /home/travis/build/icyphy/ptII/ptolemy/actor/lib/test/auto/Clock6.xml
----------------- Instantiating /home/travis/build/icyphy/ptII/ptolemy/actor/lib/test/auto/Clock6.xml
4 ms. Memory: 268288K Free: 127173K (47%)
----------------- Invoking toplevel() on ptolemy.moml.MoMLSimpleApplication@1e8a858f
----------------- Done invoking toplevel() on ptolemy.moml.MoMLSimpleApplication@1e8a858f
reloadAllAccessors: .Clock6

===========================================================================================
----------------- testing Wed Mar 04 17:09:34 UTC 2020 /home/travis/build/icyphy/ptII/ptolemy/actor/lib/test/auto/Clock7.xml
----------------- Instantiating /home/travis/build/icyphy/ptII/ptolemy/actor/lib/test/auto/Clock7.xml
2 ms. Memory: 268288K Free: 122053K (45%)
----------------- Invoking toplevel() on ptolemy.moml.MoMLSimpleApplication@1bb3eafa
----------------- Done invoking toplevel() on ptolemy.moml.MoMLSimpleApplication@1bb3eafa
reloadAllAccessors: .Clock7

===========================================================================================
----------------- testing Wed Mar 04 17:09:34 UTC 2020 /home/travis/build/icyphy/ptII/ptolemy/actor/lib/test/auto/Clock8.xml
----------------- Instantiating /home/travis/build/icyphy/ptII/ptolemy/actor/lib/test/auto/Clock8.xml
14 ms. Memory: 268288K Free: 116423K (43%)
----------------- Invoking toplevel() on ptolemy.moml.MoMLSimpleApplication@3c995ff1
----------------- Done invoking toplevel() on ptolemy.moml.MoMLSimpleApplication@3c995ff1
reloadAllAccessors: .Clock8

===========================================================================================
----------------- testing Wed Mar 04 17:09:34 UTC 2020 /home/travis/build/icyphy/ptII/ptolemy/actor/lib/test/auto/Clock9.xml
----------------- Instantiating /home/travis/build/icyphy/ptII/ptolemy/actor/lib/test/auto/Clock9.xml
3 ms. Memory: 268288K Free: 111303K (41%)
----------------- Invoking toplevel() on ptolemy.moml.MoMLSimpleApplication@51f47724
----------------- Done invoking toplevel() on ptolemy.moml.MoMLSimpleApplication@51f47724
reloadAllAccessors: .Clock9

===========================================================================================
----------------- testing Wed Mar 04 17:09:34 UTC 2020 /home/travis/build/icyphy/ptII/ptolemy/actor/lib/test/auto/CommDistDiscard.xml
----------------- Instantiating /home/travis/build/icyphy/ptII/ptolemy/actor/lib/test/auto/CommDistDiscard.xml
6 ms. Memory: 268288K Free: 105669K (39%)
----------------- Invoking toplevel() on ptolemy.moml.MoMLSimpleApplication@219ddc20
----------------- Done invoking toplevel() on ptolemy.moml.MoMLSimpleApplication@219ddc20
reloadAllAccessors: .CommDistDiscard

===========================================================================================
----------------- testing Wed Mar 04 17:09:34 UTC 2020 /home/travis/build/icyphy/ptII/ptolemy/actor/lib/test/auto/Commutator.xml
----------------- Instantiating /home/travis/build/icyphy/ptII/ptolemy/actor/lib/test/auto/Commutator.xml
2 ms. Memory: 268288K Free: 101573K (38%)
----------------- Invoking toplevel() on ptolemy.moml.MoMLSimpleApplication@1e68f9fa
----------------- Done invoking toplevel() on ptolemy.moml.MoMLSimpleApplication@1e68f9fa
reloadAllAccessors: .Commutator

===========================================================================================
----------------- testing Wed Mar 04 17:09:34 UTC 2020 /home/travis/build/icyphy/ptII/ptolemy/actor/lib/test/auto/Commutator2.xml
----------------- Instantiating /home/travis/build/icyphy/ptII/ptolemy/actor/lib/test/auto/Commutator2.xml
2 ms. Memory: 268288K Free: 96967K (36%)
----------------- Invoking toplevel() on ptolemy.moml.MoMLSimpleApplication@357c72b6
----------------- Done invoking toplevel() on ptolemy.moml.MoMLSimpleApplication@357c72b6
reloadAllAccessors: .Commutator2

===========================================================================================
----------------- testing Wed Mar 04 17:09:34 UTC 2020 /home/travis/build/icyphy/ptII/ptolemy/actor/lib/test/auto/Commutator3.xml
----------------- Instantiating /home/travis/build/icyphy/ptII/ptolemy/actor/lib/test/auto/Commutator3.xml
1 ms. Memory: 268288K Free: 92357K (34%)
----------------- Invoking toplevel() on ptolemy.moml.MoMLSimpleApplication@1d65181
----------------- Done invoking toplevel() on ptolemy.moml.MoMLSimpleApplication@1d65181
reloadAllAccessors: .Commutator3

===========================================================================================
----------------- testing Wed Mar 04 17:09:34 UTC 2020 /home/travis/build/icyphy/ptII/ptolemy/actor/lib/test/auto/Compare.xml
----------------- Instantiating /home/travis/build/icyphy/ptII/ptolemy/actor/lib/test/auto/Compare.xml
2 ms. Memory: 268288K Free: 86213K (32%)
----------------- Invoking toplevel() on ptolemy.moml.MoMLSimpleApplication@637947f
----------------- Done invoking toplevel() on ptolemy.moml.MoMLSimpleApplication@637947f
reloadAllAccessors: .Compare

===========================================================================================
----------------- testing Wed Mar 04 17:09:34 UTC 2020 /home/travis/build/icyphy/ptII/ptolemy/actor/lib/test/auto/CompareDE.xml
----------------- Instantiating /home/travis/build/icyphy/ptII/ptolemy/actor/lib/test/auto/CompareDE.xml
3 ms. Memory: 268288K Free: 79030K (29%)
----------------- Invoking toplevel() on ptolemy.moml.MoMLSimpleApplication@47b889a8
----------------- Done invoking toplevel() on ptolemy.moml.MoMLSimpleApplication@47b889a8
reloadAllAccessors: .CompareDE

===========================================================================================
----------------- testing Wed Mar 04 17:09:34 UTC 2020 /home/travis/build/icyphy/ptII/ptolemy/actor/lib/test/auto/ComplexDivide.xml
----------------- Instantiating /home/travis/build/icyphy/ptII/ptolemy/actor/lib/test/auto/ComplexDivide.xml
2 ms. Memory: 268288K Free: 75463K (28%)
----------------- Invoking toplevel() on ptolemy.moml.MoMLSimpleApplication@1b50d2d0
----------------- Done invoking toplevel() on ptolemy.moml.MoMLSimpleApplication@1b50d2d0
reloadAllAccessors: .ComplexDivide

===========================================================================================
----------------- testing Wed Mar 04 17:09:34 UTC 2020 /home/travis/build/icyphy/ptII/ptolemy/actor/lib/test/auto/ComputeHistogram.xml
----------------- Instantiating /home/travis/build/icyphy/ptII/ptolemy/actor/lib/test/auto/ComputeHistogram.xml
37 ms. Memory: 268288K Free: 62661K (23%)
----------------- Invoking toplevel() on ptolemy.moml.MoMLSimpleApplication@7bf9d27d
----------------- Done invoking toplevel() on ptolemy.moml.MoMLSimpleApplication@7bf9d27d
reloadAllAccessors: .ComputeHistogram

===========================================================================================
----------------- testing Wed Mar 04 17:09:35 UTC 2020 /home/travis/build/icyphy/ptII/ptolemy/actor/lib/test/auto/ConfigurationSelect.xml
----------------- Instantiating /home/travis/build/icyphy/ptII/ptolemy/actor/lib/test/auto/ConfigurationSelect.xml
10 ms. Memory: 268288K Free: 215830K (80%)
----------------- Invoking toplevel() on ptolemy.moml.MoMLSimpleApplication@6dbbaf7a
----------------- Done invoking toplevel() on ptolemy.moml.MoMLSimpleApplication@6dbbaf7a
reloadAllAccessors: .ConfigurationSelect

===========================================================================================
----------------- testing Wed Mar 04 17:09:35 UTC 2020 /home/travis/build/icyphy/ptII/ptolemy/actor/lib/test/auto/ConfigurationSelect2.xml
----------------- Instantiating /home/travis/build/icyphy/ptII/ptolemy/actor/lib/test/auto/ConfigurationSelect2.xml
3 ms. Memory: 268288K Free: 211220K (79%)
----------------- Invoking toplevel() on ptolemy.moml.MoMLSimpleApplication@341c46f
----------------- Done invoking toplevel() on ptolemy.moml.MoMLSimpleApplication@341c46f
reloadAllAccessors: .ConfigurationSelect2

===========================================================================================
----------------- testing Wed Mar 04 17:09:35 UTC 2020 /home/travis/build/icyphy/ptII/ptolemy/actor/lib/test/auto/ConfigurationSwitch.xml
----------------- Instantiating /home/travis/build/icyphy/ptII/ptolemy/actor/lib/test/auto/ConfigurationSwitch.xml
2 ms. Memory: 268288K Free: 205590K (77%)
----------------- Invoking toplevel() on ptolemy.moml.MoMLSimpleApplication@b88a781
----------------- Done invoking toplevel() on ptolemy.moml.MoMLSimpleApplication@b88a781
reloadAllAccessors: .ConfigurationSwitch

===========================================================================================
----------------- testing Wed Mar 04 17:09:35 UTC 2020 /home/travis/build/icyphy/ptII/ptolemy/actor/lib/test/auto/ConfigurationSwitch2.xml
----------------- Instantiating /home/travis/build/icyphy/ptII/ptolemy/actor/lib/test/auto/ConfigurationSwitch2.xml
2 ms. Memory: 268288K Free: 200470K (75%)
----------------- Invoking toplevel() on ptolemy.moml.MoMLSimpleApplication@9fc3926
----------------- Done invoking toplevel() on ptolemy.moml.MoMLSimpleApplication@9fc3926
reloadAllAccessors: .ConfigurationSwitch2

===========================================================================================
----------------- testing Wed Mar 04 17:09:35 UTC 2020 /home/travis/build/icyphy/ptII/ptolemy/actor/lib/test/auto/ConfigurationSwitchCloningBugWithClassRelationGroup.xml
----------------- Instantiating /home/travis/build/icyphy/ptII/ptolemy/actor/lib/test/auto/ConfigurationSwitchCloningBugWithClassRelationGroup.xml
2 ms. Memory: 268288K Free: 193812K (72%)
----------------- Invoking toplevel() on ptolemy.moml.MoMLSimpleApplication@40349525
----------------- Done invoking toplevel() on ptolemy.moml.MoMLSimpleApplication@40349525
reloadAllAccessors: .ConfigurationSwitchCloningBugWithClassRelationGroup

===========================================================================================
----------------- testing Wed Mar 04 17:09:35 UTC 2020 /home/travis/build/icyphy/ptII/ptolemy/actor/lib/test/auto/ConfigurationSwitchSelectSDF.xml
----------------- Instantiating /home/travis/build/icyphy/ptII/ptolemy/actor/lib/test/auto/ConfigurationSwitchSelectSDF.xml
2 ms. Memory: 268288K Free: 188182K (70%)
----------------- Invoking toplevel() on ptolemy.moml.MoMLSimpleApplication@39a6025
----------------- Done invoking toplevel() on ptolemy.moml.MoMLSimpleApplication@39a6025
reloadAllAccessors: .ConfigurationSwitchSelectSDF

===========================================================================================
----------------- testing Wed Mar 04 17:09:35 UTC 2020 /home/travis/build/icyphy/ptII/ptolemy/actor/lib/test/auto/ConfigurationSwitchSelectSDF2.xml
----------------- Instantiating /home/travis/build/icyphy/ptII/ptolemy/actor/lib/test/auto/ConfigurationSwitchSelectSDF2.xml
2 ms. Memory: 268288K Free: 182548K (68%)
----------------- Invoking toplevel() on ptolemy.moml.MoMLSimpleApplication@4a3d75ef
----------------- Done invoking toplevel() on ptolemy.moml.MoMLSimpleApplication@4a3d75ef
reloadAllAccessors: .ConfigurationSwitchSelectSDF2

===========================================================================================
----------------- testing Wed Mar 04 17:09:35 UTC 2020 /home/travis/build/icyphy/ptII/ptolemy/actor/lib/test/auto/Const.xml
----------------- Instantiating /home/travis/build/icyphy/ptII/ptolemy/actor/lib/test/auto/Const.xml
2 ms. Memory: 268288K Free: 178966K (67%)
----------------- Invoking toplevel() on ptolemy.moml.MoMLSimpleApplication@10ffd1d6
----------------- Done invoking toplevel() on ptolemy.moml.MoMLSimpleApplication@10ffd1d6
reloadAllAccessors: .Const

===========================================================================================
----------------- testing Wed Mar 04 17:09:35 UTC 2020 /home/travis/build/icyphy/ptII/ptolemy/actor/lib/test/auto/Const2.xml
----------------- Instantiating /home/travis/build/icyphy/ptII/ptolemy/actor/lib/test/auto/Const2.xml
1 ms. Memory: 268288K Free: 174870K (65%)
----------------- Invoking toplevel() on ptolemy.moml.MoMLSimpleApplication@42eec9cd
----------------- Done invoking toplevel() on ptolemy.moml.MoMLSimpleApplication@42eec9cd
reloadAllAccessors: .Const2

===========================================================================================
----------------- testing Wed Mar 04 17:09:35 UTC 2020 /home/travis/build/icyphy/ptII/ptolemy/actor/lib/test/auto/Const3.xml
----------------- Instantiating /home/travis/build/icyphy/ptII/ptolemy/actor/lib/test/auto/Const3.xml
6 ms. Memory: 268288K Free: 172308K (64%)
----------------- Invoking toplevel() on ptolemy.moml.MoMLSimpleApplication@32e45238
----------------- Done invoking toplevel() on ptolemy.moml.MoMLSimpleApplication@32e45238
reloadAllAccessors: .Const3

===========================================================================================
----------------- testing Wed Mar 04 17:09:35 UTC 2020 /home/travis/build/icyphy/ptII/ptolemy/actor/lib/test/auto/ConstantPublisherPort1.xml
----------------- Instantiating /home/travis/build/icyphy/ptII/ptolemy/actor/lib/test/auto/ConstantPublisherPort1.xml
10 ms. Memory: 268288K Free: 163092K (61%)
----------------- Invoking toplevel() on ptolemy.moml.MoMLSimpleApplication@27331c06
----------------- Done invoking toplevel() on ptolemy.moml.MoMLSimpleApplication@27331c06
reloadAllAccessors: .ConstantPublisherPort1

===========================================================================================
----------------- testing Wed Mar 04 17:09:35 UTC 2020 /home/travis/build/icyphy/ptII/ptolemy/actor/lib/test/auto/ConstantPublisherPort2.xml
----------------- Instantiating /home/travis/build/icyphy/ptII/ptolemy/actor/lib/test/auto/ConstantPublisherPort2.xml
10 ms. Memory: 268288K Free: 155924K (58%)
----------------- Invoking toplevel() on ptolemy.moml.MoMLSimpleApplication@6bd86d94
----------------- Done invoking toplevel() on ptolemy.moml.MoMLSimpleApplication@6bd86d94
reloadAllAccessors: .ConstantPublisherPort2

===========================================================================================
----------------- testing Wed Mar 04 17:09:35 UTC 2020 /home/travis/build/icyphy/ptII/ptolemy/actor/lib/test/auto/ConstantPublisherPort3.xml
----------------- Instantiating /home/travis/build/icyphy/ptII/ptolemy/actor/lib/test/auto/ConstantPublisherPort3.xml
6 ms. Memory: 268288K Free: 148246K (55%)
----------------- Invoking toplevel() on ptolemy.moml.MoMLSimpleApplication@4a700eb0
----------------- Done invoking toplevel() on ptolemy.moml.MoMLSimpleApplication@4a700eb0
reloadAllAccessors: .ConstantPublisherPort3

===========================================================================================
----------------- testing Wed Mar 04 17:09:35 UTC 2020 /home/travis/build/icyphy/ptII/ptolemy/actor/lib/test/auto/ConstantPublisherPort4.xml
----------------- Instantiating /home/travis/build/icyphy/ptII/ptolemy/actor/lib/test/auto/ConstantPublisherPort4.xml
2 ms. Memory: 268288K Free: 141078K (53%)
----------------- Invoking toplevel() on ptolemy.moml.MoMLSimpleApplication@55c72729
----------------- Done invoking toplevel() on ptolemy.moml.MoMLSimpleApplication@55c72729
reloadAllAccessors: .ConstantPublisherPort4

===========================================================================================
----------------- testing Wed Mar 04 17:09:35 UTC 2020 /home/travis/build/icyphy/ptII/ptolemy/actor/lib/test/auto/ConstantPublisherPort5.xml
----------------- Instantiating /home/travis/build/icyphy/ptII/ptolemy/actor/lib/test/auto/ConstantPublisherPort5.xml
24 ms. Memory: 268288K Free: 131862K (49%)
----------------- Invoking toplevel() on ptolemy.moml.MoMLSimpleApplication@155afa03
----------------- Done invoking toplevel() on ptolemy.moml.MoMLSimpleApplication@155afa03
reloadAllAccessors: .ConstantPublisherPort5

===========================================================================================
----------------- testing Wed Mar 04 17:09:35 UTC 2020 /home/travis/build/icyphy/ptII/ptolemy/actor/lib/test/auto/ConstantPublisherPort6.xml
----------------- Instantiating /home/travis/build/icyphy/ptII/ptolemy/actor/lib/test/auto/ConstantPublisherPort6.xml
18 ms. Memory: 268288K Free: 122132K (46%)
----------------- Invoking toplevel() on ptolemy.moml.MoMLSimpleApplication@65ca1aef
----------------- Done invoking toplevel() on ptolemy.moml.MoMLSimpleApplication@65ca1aef
reloadAllAccessors: .ConstantPublisherPort6

===========================================================================================
----------------- testing Wed Mar 04 17:09:35 UTC 2020 /home/travis/build/icyphy/ptII/ptolemy/actor/lib/test/auto/ConstantPublisherPort7.xml
----------------- Instantiating /home/travis/build/icyphy/ptII/ptolemy/actor/lib/test/auto/ConstantPublisherPort7.xml
20 ms. Memory: 268288K Free: 112406K (42%)
----------------- Invoking toplevel() on ptolemy.moml.MoMLSimpleApplication@2fefadaa
----------------- Done invoking toplevel() on ptolemy.moml.MoMLSimpleApplication@2fefadaa
reloadAllAccessors: .ConstantPublisherPort7

===========================================================================================
----------------- testing Wed Mar 04 17:09:35 UTC 2020 /home/travis/build/icyphy/ptII/ptolemy/actor/lib/test/auto/ConstraintMonitor1.xml
----------------- Instantiating /home/travis/build/icyphy/ptII/ptolemy/actor/lib/test/auto/ConstraintMonitor1.xml
2 ms. Memory: 268288K Free: 107796K (40%)
----------------- Invoking toplevel() on ptolemy.moml.MoMLSimpleApplication@4b358d67
----------------- Done invoking toplevel() on ptolemy.moml.MoMLSimpleApplication@4b358d67
reloadAllAccessors: .ConstraintMonitor1

===========================================================================================
----------------- testing Wed Mar 04 17:09:35 UTC 2020 /home/travis/build/icyphy/ptII/ptolemy/actor/lib/test/auto/ConstraintMonitor2.xml
----------------- Instantiating /home/travis/build/icyphy/ptII/ptolemy/actor/lib/test/auto/ConstraintMonitor2.xml
5 ms. Memory: 268288K Free: 103190K (38%)
----------------- Invoking toplevel() on ptolemy.moml.MoMLSimpleApplication@674f3f97
----------------- Done invoking toplevel() on ptolemy.moml.MoMLSimpleApplication@674f3f97
reloadAllAccessors: .ConstraintMonitor2

===========================================================================================
----------------- testing Wed Mar 04 17:09:35 UTC 2020 /home/travis/build/icyphy/ptII/ptolemy/actor/lib/test/auto/ConstraintMonitor3.xml
----------------- Instantiating /home/travis/build/icyphy/ptII/ptolemy/actor/lib/test/auto/ConstraintMonitor3.xml
6 ms. Memory: 268288K Free: 98580K (37%)
----------------- Invoking toplevel() on ptolemy.moml.MoMLSimpleApplication@52f3cbe9
----------------- Done invoking toplevel() on ptolemy.moml.MoMLSimpleApplication@52f3cbe9
reloadAllAccessors: .ConstraintMonitor3

===========================================================================================
----------------- testing Wed Mar 04 17:09:35 UTC 2020 /home/travis/build/icyphy/ptII/ptolemy/actor/lib/test/auto/ConstraintMonitor4.xml
----------------- Instantiating /home/travis/build/icyphy/ptII/ptolemy/actor/lib/test/auto/ConstraintMonitor4.xml
4 ms. Memory: 268288K Free: 93974K (35%)
----------------- Invoking toplevel() on ptolemy.moml.MoMLSimpleApplication@43839c5a
----------------- Done invoking toplevel() on ptolemy.moml.MoMLSimpleApplication@43839c5a
reloadAllAccessors: .ConstraintMonitor4

===========================================================================================
----------------- testing Wed Mar 04 17:09:35 UTC 2020 /home/travis/build/icyphy/ptII/ptolemy/actor/lib/test/auto/ConstraintMonitor5.xml
----------------- Instantiating /home/travis/build/icyphy/ptII/ptolemy/actor/lib/test/auto/ConstraintMonitor5.xml
5 ms. Memory: 268288K Free: 88340K (33%)
----------------- Invoking toplevel() on ptolemy.moml.MoMLSimpleApplication@5c2f2a00
----------------- Done invoking toplevel() on ptolemy.moml.MoMLSimpleApplication@5c2f2a00
reloadAllAccessors: .ConstraintMonitor5

===========================================================================================
----------------- testing Wed Mar 04 17:09:35 UTC 2020 /home/travis/build/icyphy/ptII/ptolemy/actor/lib/test/auto/ConstraintMonitor6.xml
----------------- Instantiating /home/travis/build/icyphy/ptII/ptolemy/actor/lib/test/auto/ConstraintMonitor6.xml
3 ms. Memory: 268288K Free: 82190K (31%)
----------------- Invoking toplevel() on ptolemy.moml.MoMLSimpleApplication@3e06ddb
----------------- Done invoking toplevel() on ptolemy.moml.MoMLSimpleApplication@3e06ddb
reloadAllAccessors: .ConstraintMonitor6

===========================================================================================
----------------- testing Wed Mar 04 17:09:35 UTC 2020 /home/travis/build/icyphy/ptII/ptolemy/actor/lib/test/auto/ConstraintMonitor7.xml
----------------- Instantiating /home/travis/build/icyphy/ptII/ptolemy/actor/lib/test/auto/ConstraintMonitor7.xml
6 ms. Memory: 268288K Free: 76038K (28%)
----------------- Invoking toplevel() on ptolemy.moml.MoMLSimpleApplication@3ce1b60a
----------------- Done invoking toplevel() on ptolemy.moml.MoMLSimpleApplication@3ce1b60a
reloadAllAccessors: .ConstraintMonitor7

===========================================================================================
----------------- testing Wed Mar 04 17:09:35 UTC 2020 /home/travis/build/icyphy/ptII/ptolemy/actor/lib/test/auto/ConstraintMonitor8.xml
----------------- Instantiating /home/travis/build/icyphy/ptII/ptolemy/actor/lib/test/auto/ConstraintMonitor8.xml
5 ms. Memory: 268288K Free: 68374K (25%)
----------------- Invoking toplevel() on ptolemy.moml.MoMLSimpleApplication@69e7e0d1
----------------- Done invoking toplevel() on ptolemy.moml.MoMLSimpleApplication@69e7e0d1
reloadAllAccessors: .ConstraintMonitor8

===========================================================================================
----------------- testing Wed Mar 04 17:09:35 UTC 2020 /home/travis/build/icyphy/ptII/ptolemy/actor/lib/test/auto/Counter.xml
----------------- Instantiating /home/travis/build/icyphy/ptII/ptolemy/actor/lib/test/auto/Counter.xml
2 ms. Memory: 268288K Free: 63254K (24%)
----------------- Invoking toplevel() on ptolemy.moml.MoMLSimpleApplication@7aca1871
----------------- Done invoking toplevel() on ptolemy.moml.MoMLSimpleApplication@7aca1871
reloadAllAccessors: .Counter

===========================================================================================
----------------- testing Wed Mar 04 17:09:35 UTC 2020 /home/travis/build/icyphy/ptII/ptolemy/actor/lib/test/auto/CurrentTimeSDF.xml
----------------- Instantiating /home/travis/build/icyphy/ptII/ptolemy/actor/lib/test/auto/CurrentTimeSDF.xml
1 ms. Memory: 268288K Free: 217628K (81%)
----------------- Invoking toplevel() on ptolemy.moml.MoMLSimpleApplication@c0997cf
----------------- Done invoking toplevel() on ptolemy.moml.MoMLSimpleApplication@c0997cf
reloadAllAccessors: .CurrentTimeSDF

===========================================================================================
----------------- testing Wed Mar 04 17:09:35 UTC 2020 /home/travis/build/icyphy/ptII/ptolemy/actor/lib/test/auto/DB.xml
----------------- Instantiating /home/travis/build/icyphy/ptII/ptolemy/actor/lib/test/auto/DB.xml
2 ms. Memory: 268288K Free: 211994K (79%)
----------------- Invoking toplevel() on ptolemy.moml.MoMLSimpleApplication@2c87248b
----------------- Done invoking toplevel() on ptolemy.moml.MoMLSimpleApplication@2c87248b
reloadAllAccessors: .DB

===========================================================================================
----------------- testing Wed Mar 04 17:09:35 UTC 2020 /home/travis/build/icyphy/ptII/ptolemy/actor/lib/test/auto/DBDE.xml
----------------- Instantiating /home/travis/build/icyphy/ptII/ptolemy/actor/lib/test/auto/DBDE.xml
2 ms. Memory: 268288K Free: 205844K (77%)
----------------- Invoking toplevel() on ptolemy.moml.MoMLSimpleApplication@228f5335
----------------- Done invoking toplevel() on ptolemy.moml.MoMLSimpleApplication@228f5335
reloadAllAccessors: .DBDE

===========================================================================================
----------------- testing Wed Mar 04 17:09:35 UTC 2020 /home/travis/build/icyphy/ptII/ptolemy/actor/lib/test/auto/DateConstructor.xml
----------------- Instantiating /home/travis/build/icyphy/ptII/ptolemy/actor/lib/test/auto/DateConstructor.xml
27 ms. Memory: 268288K Free: 188442K (70%)
----------------- Invoking toplevel() on ptolemy.moml.MoMLSimpleApplication@6f5d6e9a
----------------- Done invoking toplevel() on ptolemy.moml.MoMLSimpleApplication@6f5d6e9a
reloadAllAccessors: .DateConstructor

===========================================================================================
----------------- testing Wed Mar 04 17:09:35 UTC 2020 /home/travis/build/icyphy/ptII/ptolemy/actor/lib/test/auto/DelayTime.xml
----------------- Instantiating /home/travis/build/icyphy/ptII/ptolemy/actor/lib/test/auto/DelayTime.xml
6 ms. Memory: 268288K Free: 183836K (69%)
----------------- Invoking toplevel() on ptolemy.moml.MoMLSimpleApplication@37642e96
----------------- Done invoking toplevel() on ptolemy.moml.MoMLSimpleApplication@37642e96
reloadAllAccessors: .DelayTime

===========================================================================================
----------------- testing Wed Mar 04 17:09:35 UTC 2020 /home/travis/build/icyphy/ptII/ptolemy/actor/lib/test/auto/Dictionary1.xml
----------------- Instantiating /home/travis/build/icyphy/ptII/ptolemy/actor/lib/test/auto/Dictionary1.xml
1 ms. Memory: 268288K Free: 178202K (66%)
----------------- Invoking toplevel() on ptolemy.moml.MoMLSimpleApplication@121f9380
----------------- Done invoking toplevel() on ptolemy.moml.MoMLSimpleApplication@121f9380
reloadAllAccessors: .Dictionary1

===========================================================================================
----------------- testing Wed Mar 04 17:09:35 UTC 2020 /home/travis/build/icyphy/ptII/ptolemy/actor/lib/test/auto/Dictionary2.xml
----------------- Instantiating /home/travis/build/icyphy/ptII/ptolemy/actor/lib/test/auto/Dictionary2.xml
4 ms. Memory: 268288K Free: 172572K (64%)
----------------- Invoking toplevel() on ptolemy.moml.MoMLSimpleApplication@3d6ce292
----------------- Done invoking toplevel() on ptolemy.moml.MoMLSimpleApplication@3d6ce292
reloadAllAccessors: .Dictionary2

===========================================================================================
----------------- testing Wed Mar 04 17:09:35 UTC 2020 /home/travis/build/icyphy/ptII/ptolemy/actor/lib/test/auto/Dictionary3.xml
----------------- Instantiating /home/travis/build/icyphy/ptII/ptolemy/actor/lib/test/auto/Dictionary3.xml
2 ms. Memory: 268288K Free: 167452K (62%)
----------------- Invoking toplevel() on ptolemy.moml.MoMLSimpleApplication@263ff431
----------------- Done invoking toplevel() on ptolemy.moml.MoMLSimpleApplication@263ff431
reloadAllAccessors: .Dictionary3

===========================================================================================
----------------- testing Wed Mar 04 17:09:35 UTC 2020 /home/travis/build/icyphy/ptII/ptolemy/actor/lib/test/auto/Dictionary4.xml
----------------- Instantiating /home/travis/build/icyphy/ptII/ptolemy/actor/lib/test/auto/Dictionary4.xml
4 ms. Memory: 268288K Free: 160284K (60%)
----------------- Invoking toplevel() on ptolemy.moml.MoMLSimpleApplication@18d9402f
----------------- Done invoking toplevel() on ptolemy.moml.MoMLSimpleApplication@18d9402f
reloadAllAccessors: .Dictionary4

===========================================================================================
----------------- testing Wed Mar 04 17:09:35 UTC 2020 /home/travis/build/icyphy/ptII/ptolemy/actor/lib/test/auto/Differential.xml
----------------- Instantiating /home/travis/build/icyphy/ptII/ptolemy/actor/lib/test/auto/Differential.xml
3 ms. Memory: 268288K Free: 155674K (58%)
----------------- Invoking toplevel() on ptolemy.moml.MoMLSimpleApplication@5b38b26f
----------------- Done invoking toplevel() on ptolemy.moml.MoMLSimpleApplication@5b38b26f
reloadAllAccessors: .Differential

===========================================================================================
----------------- testing Wed Mar 04 17:09:36 UTC 2020 /home/travis/build/icyphy/ptII/ptolemy/actor/lib/test/auto/Director.xml
----------------- Instantiating /home/travis/build/icyphy/ptII/ptolemy/actor/lib/test/auto/Director.xml
3 ms. Memory: 268288K Free: 152092K (57%)
----------------- Invoking toplevel() on ptolemy.moml.MoMLSimpleApplication@73efec65
----------------- Done invoking toplevel() on ptolemy.moml.MoMLSimpleApplication@73efec65
reloadAllAccessors: .Director

===========================================================================================
----------------- testing Wed Mar 04 17:09:36 UTC 2020 /home/travis/build/icyphy/ptII/ptolemy/actor/lib/test/auto/DiscreteClock.xml
----------------- Instantiating /home/travis/build/icyphy/ptII/ptolemy/actor/lib/test/auto/DiscreteClock.xml
2 ms. Memory: 268288K Free: 148506K (55%)
----------------- Invoking toplevel() on ptolemy.moml.MoMLSimpleApplication@6acbe57f
----------------- Done invoking toplevel() on ptolemy.moml.MoMLSimpleApplication@6acbe57f
reloadAllAccessors: .DiscreteClock

===========================================================================================
----------------- testing Wed Mar 04 17:09:36 UTC 2020 /home/travis/build/icyphy/ptII/ptolemy/actor/lib/test/auto/DiscreteClock10.xml
----------------- Instantiating /home/travis/build/icyphy/ptII/ptolemy/actor/lib/test/auto/DiscreteClock10.xml
3 ms. Memory: 268288K Free: 142362K (53%)
----------------- Invoking toplevel() on ptolemy.moml.MoMLSimpleApplication@78cbffae
----------------- Done invoking toplevel() on ptolemy.moml.MoMLSimpleApplication@78cbffae
reloadAllAccessors: .DiscreteClock10

===========================================================================================
----------------- testing Wed Mar 04 17:09:36 UTC 2020 /home/travis/build/icyphy/ptII/ptolemy/actor/lib/test/auto/DiscreteClock11.xml
----------------- Instantiating /home/travis/build/icyphy/ptII/ptolemy/actor/lib/test/auto/DiscreteClock11.xml
2 ms. Memory: 268288K Free: 136218K (51%)
----------------- Invoking toplevel() on ptolemy.moml.MoMLSimpleApplication@147037b7
----------------- Done invoking toplevel() on ptolemy.moml.MoMLSimpleApplication@147037b7
reloadAllAccessors: .DiscreteClock11

===========================================================================================
----------------- testing Wed Mar 04 17:09:36 UTC 2020 /home/travis/build/icyphy/ptII/ptolemy/actor/lib/test/auto/DiscreteClock12.xml
----------------- Instantiating /home/travis/build/icyphy/ptII/ptolemy/actor/lib/test/auto/DiscreteClock12.xml
2 ms. Memory: 268288K Free: 130588K (49%)
----------------- Invoking toplevel() on ptolemy.moml.MoMLSimpleApplication@7b21e458
----------------- Done invoking toplevel() on ptolemy.moml.MoMLSimpleApplication@7b21e458
reloadAllAccessors: .DiscreteClock12

===========================================================================================
----------------- testing Wed Mar 04 17:09:36 UTC 2020 /home/travis/build/icyphy/ptII/ptolemy/actor/lib/test/auto/DiscreteClock13.xml
----------------- Instantiating /home/travis/build/icyphy/ptII/ptolemy/actor/lib/test/auto/DiscreteClock13.xml
5 ms. Memory: 268288K Free: 124444K (46%)
----------------- Invoking toplevel() on ptolemy.moml.MoMLSimpleApplication@7ee0080f
----------------- Done invoking toplevel() on ptolemy.moml.MoMLSimpleApplication@7ee0080f
reloadAllAccessors: .DiscreteClock13

===========================================================================================
----------------- testing Wed Mar 04 17:09:36 UTC 2020 /home/travis/build/icyphy/ptII/ptolemy/actor/lib/test/auto/DiscreteClock14.xml
----------------- Instantiating /home/travis/build/icyphy/ptII/ptolemy/actor/lib/test/auto/DiscreteClock14.xml
5 ms. Memory: 268288K Free: 118300K (44%)
----------------- Invoking toplevel() on ptolemy.moml.MoMLSimpleApplication@68eb8dc5
----------------- Done invoking toplevel() on ptolemy.moml.MoMLSimpleApplication@68eb8dc5
reloadAllAccessors: .DiscreteClock14

===========================================================================================
----------------- testing Wed Mar 04 17:09:36 UTC 2020 /home/travis/build/icyphy/ptII/ptolemy/actor/lib/test/auto/DiscreteClock15.xml
----------------- Instantiating /home/travis/build/icyphy/ptII/ptolemy/actor/lib/test/auto/DiscreteClock15.xml
5 ms. Memory: 268288K Free: 112156K (42%)
----------------- Invoking toplevel() on ptolemy.moml.MoMLSimpleApplication@2d6fba96
----------------- Done invoking toplevel() on ptolemy.moml.MoMLSimpleApplication@2d6fba96
reloadAllAccessors: .DiscreteClock15

===========================================================================================
----------------- testing Wed Mar 04 17:09:36 UTC 2020 /home/travis/build/icyphy/ptII/ptolemy/actor/lib/test/auto/DiscreteClock16.xml
----------------- Instantiating /home/travis/build/icyphy/ptII/ptolemy/actor/lib/test/auto/DiscreteClock16.xml
19 ms. Memory: 268288K Free: 98844K (37%)
----------------- Invoking toplevel() on ptolemy.moml.MoMLSimpleApplication@31df2455
----------------- Done invoking toplevel() on ptolemy.moml.MoMLSimpleApplication@31df2455
reloadAllAccessors: .DiscreteClock16

===========================================================================================
----------------- testing Wed Mar 04 17:09:36 UTC 2020 /home/travis/build/icyphy/ptII/ptolemy/actor/lib/test/auto/DiscreteClock17.xml
----------------- Instantiating /home/travis/build/icyphy/ptII/ptolemy/actor/lib/test/auto/DiscreteClock17.xml
20 ms. Memory: 268288K Free: 83980K (31%)
----------------- Invoking toplevel() on ptolemy.moml.MoMLSimpleApplication@15278a6c
----------------- Done invoking toplevel() on ptolemy.moml.MoMLSimpleApplication@15278a6c
reloadAllAccessors: .DiscreteClock17

===========================================================================================
----------------- testing Wed Mar 04 17:09:36 UTC 2020 /home/travis/build/icyphy/ptII/ptolemy/actor/lib/test/auto/DiscreteClock18.xml
----------------- Instantiating /home/travis/build/icyphy/ptII/ptolemy/actor/lib/test/auto/DiscreteClock18.xml
22 ms. Memory: 268288K Free: 70682K (26%)
----------------- Invoking toplevel() on ptolemy.moml.MoMLSimpleApplication@339a9e7b
----------------- Done invoking toplevel() on ptolemy.moml.MoMLSimpleApplication@339a9e7b
reloadAllAccessors: .DiscreteClock18

===========================================================================================
----------------- testing Wed Mar 04 17:09:36 UTC 2020 /home/travis/build/icyphy/ptII/ptolemy/actor/lib/test/auto/DiscreteClock19.xml
----------------- Instantiating /home/travis/build/icyphy/ptII/ptolemy/actor/lib/test/auto/DiscreteClock19.xml
23 ms. Memory: 268288K Free: 213643K (80%)
----------------- Invoking toplevel() on ptolemy.moml.MoMLSimpleApplication@7ce4b6f9
----------------- Done invoking toplevel() on ptolemy.moml.MoMLSimpleApplication@7ce4b6f9
reloadAllAccessors: .DiscreteClock19

===========================================================================================
----------------- testing Wed Mar 04 17:09:36 UTC 2020 /home/travis/build/icyphy/ptII/ptolemy/actor/lib/test/auto/DiscreteClock2.xml
----------------- Instantiating /home/travis/build/icyphy/ptII/ptolemy/actor/lib/test/auto/DiscreteClock2.xml
5 ms. Memory: 268288K Free: 208525K (78%)
----------------- Invoking toplevel() on ptolemy.moml.MoMLSimpleApplication@24a3db74
----------------- Done invoking toplevel() on ptolemy.moml.MoMLSimpleApplication@24a3db74
reloadAllAccessors: .DiscreteClock2

===========================================================================================
----------------- testing Wed Mar 04 17:09:36 UTC 2020 /home/travis/build/icyphy/ptII/ptolemy/actor/lib/test/auto/DiscreteClock20.xml
----------------- Instantiating /home/travis/build/icyphy/ptII/ptolemy/actor/lib/test/auto/DiscreteClock20.xml
2 ms. Memory: 268288K Free: 202909K (76%)
----------------- Invoking toplevel() on ptolemy.moml.MoMLSimpleApplication@7a67dfc9
----------------- Done invoking toplevel() on ptolemy.moml.MoMLSimpleApplication@7a67dfc9
reloadAllAccessors: .DiscreteClock20

===========================================================================================
----------------- testing Wed Mar 04 17:09:36 UTC 2020 /home/travis/build/icyphy/ptII/ptolemy/actor/lib/test/auto/DiscreteClock21.xml
----------------- Instantiating /home/travis/build/icyphy/ptII/ptolemy/actor/lib/test/auto/DiscreteClock21.xml
3 ms. Memory: 268288K Free: 197275K (74%)
----------------- Invoking toplevel() on ptolemy.moml.MoMLSimpleApplication@7af93435
----------------- Done invoking toplevel() on ptolemy.moml.MoMLSimpleApplication@7af93435
reloadAllAccessors: .DiscreteClock21

===========================================================================================
----------------- testing Wed Mar 04 17:09:36 UTC 2020 /home/travis/build/icyphy/ptII/ptolemy/actor/lib/test/auto/DiscreteClock22.xml
----------------- Instantiating /home/travis/build/icyphy/ptII/ptolemy/actor/lib/test/auto/DiscreteClock22.xml
2 ms. Memory: 268288K Free: 191645K (71%)
----------------- Invoking toplevel() on ptolemy.moml.MoMLSimpleApplication@72982177
----------------- Done invoking toplevel() on ptolemy.moml.MoMLSimpleApplication@72982177
reloadAllAccessors: .DiscreteClock22

===========================================================================================
----------------- testing Wed Mar 04 17:09:36 UTC 2020 /home/travis/build/icyphy/ptII/ptolemy/actor/lib/test/auto/DiscreteClock23.xml
----------------- Instantiating /home/travis/build/icyphy/ptII/ptolemy/actor/lib/test/auto/DiscreteClock23.xml
6 ms. Memory: 268288K Free: 186525K (70%)
----------------- Invoking toplevel() on ptolemy.moml.MoMLSimpleApplication@43d2116d
----------------- Done invoking toplevel() on ptolemy.moml.MoMLSimpleApplication@43d2116d
reloadAllAccessors: .DiscreteClock23

===========================================================================================
----------------- testing Wed Mar 04 17:09:36 UTC 2020 /home/travis/build/icyphy/ptII/ptolemy/actor/lib/test/auto/DiscreteClock24.xml
----------------- Instantiating /home/travis/build/icyphy/ptII/ptolemy/actor/lib/test/auto/DiscreteClock24.xml
2 ms. Memory: 268288K Free: 180891K (67%)
----------------- Invoking toplevel() on ptolemy.moml.MoMLSimpleApplication@4b1b537d
----------------- Done invoking toplevel() on ptolemy.moml.MoMLSimpleApplication@4b1b537d
reloadAllAccessors: .DiscreteClock24

===========================================================================================
----------------- testing Wed Mar 04 17:09:36 UTC 2020 /home/travis/build/icyphy/ptII/ptolemy/actor/lib/test/auto/DiscreteClock4.xml
----------------- Instantiating /home/travis/build/icyphy/ptII/ptolemy/actor/lib/test/auto/DiscreteClock4.xml
2 ms. Memory: 268288K Free: 175261K (65%)
----------------- Invoking toplevel() on ptolemy.moml.MoMLSimpleApplication@593831f4
----------------- Done invoking toplevel() on ptolemy.moml.MoMLSimpleApplication@593831f4
reloadAllAccessors: .DiscreteClock4

===========================================================================================
----------------- testing Wed Mar 04 17:09:36 UTC 2020 /home/travis/build/icyphy/ptII/ptolemy/actor/lib/test/auto/DiscreteClock5.xml
----------------- Instantiating /home/travis/build/icyphy/ptII/ptolemy/actor/lib/test/auto/DiscreteClock5.xml
2 ms. Memory: 268288K Free: 169621K (63%)
----------------- Invoking toplevel() on ptolemy.moml.MoMLSimpleApplication@719ff233
----------------- Done invoking toplevel() on ptolemy.moml.MoMLSimpleApplication@719ff233
reloadAllAccessors: .DiscreteClock5

===========================================================================================
----------------- testing Wed Mar 04 17:09:36 UTC 2020 /home/travis/build/icyphy/ptII/ptolemy/actor/lib/test/auto/DiscreteClock6.xml
----------------- Instantiating /home/travis/build/icyphy/ptII/ptolemy/actor/lib/test/auto/DiscreteClock6.xml
1 ms. Memory: 268288K Free: 165531K (62%)
----------------- Invoking toplevel() on ptolemy.moml.MoMLSimpleApplication@58660ee5
----------------- Done invoking toplevel() on ptolemy.moml.MoMLSimpleApplication@58660ee5
reloadAllAccessors: .DiscreteClock6

===========================================================================================
----------------- testing Wed Mar 04 17:09:36 UTC 2020 /home/travis/build/icyphy/ptII/ptolemy/actor/lib/test/auto/DiscreteClock7.xml
----------------- Instantiating /home/travis/build/icyphy/ptII/ptolemy/actor/lib/test/auto/DiscreteClock7.xml
1 ms. Memory: 268288K Free: 160411K (60%)
----------------- Invoking toplevel() on ptolemy.moml.MoMLSimpleApplication@32ac495f
----------------- Done invoking toplevel() on ptolemy.moml.MoMLSimpleApplication@32ac495f
reloadAllAccessors: .DiscreteClock7

===========================================================================================
----------------- testing Wed Mar 04 17:09:36 UTC 2020 /home/travis/build/icyphy/ptII/ptolemy/actor/lib/test/auto/DiscreteClock8.xml
----------------- Instantiating /home/travis/build/icyphy/ptII/ptolemy/actor/lib/test/auto/DiscreteClock8.xml
5 ms. Memory: 268288K Free: 154781K (58%)
----------------- Invoking toplevel() on ptolemy.moml.MoMLSimpleApplication@28dfa643
----------------- Done invoking toplevel() on ptolemy.moml.MoMLSimpleApplication@28dfa643
reloadAllAccessors: .DiscreteClock8

===========================================================================================
----------------- testing Wed Mar 04 17:09:36 UTC 2020 /home/travis/build/icyphy/ptII/ptolemy/actor/lib/test/auto/DiscreteClock9.xml
----------------- Instantiating /home/travis/build/icyphy/ptII/ptolemy/actor/lib/test/auto/DiscreteClock9.xml
4 ms. Memory: 268288K Free: 148637K (55%)
----------------- Invoking toplevel() on ptolemy.moml.MoMLSimpleApplication@1137908b
----------------- Done invoking toplevel() on ptolemy.moml.MoMLSimpleApplication@1137908b
reloadAllAccessors: .DiscreteClock9

===========================================================================================
----------------- testing Wed Mar 04 17:09:36 UTC 2020 /home/travis/build/icyphy/ptII/ptolemy/actor/lib/test/auto/DisplayArray.xml
----------------- Instantiating /home/travis/build/icyphy/ptII/ptolemy/actor/lib/test/auto/DisplayArray.xml
1 ms. Memory: 268288K Free: 145051K (54%)
----------------- Invoking toplevel() on ptolemy.moml.MoMLSimpleApplication@6471b1ba
----------------- Done invoking toplevel() on ptolemy.moml.MoMLSimpleApplication@6471b1ba
reloadAllAccessors: .DisplayArray

===========================================================================================
----------------- testing Wed Mar 04 17:09:36 UTC 2020 /home/travis/build/icyphy/ptII/ptolemy/actor/lib/test/auto/Distributor.xml
----------------- Instantiating /home/travis/build/icyphy/ptII/ptolemy/actor/lib/test/auto/Distributor.xml
2 ms. Memory: 268288K Free: 140445K (52%)
----------------- Invoking toplevel() on ptolemy.moml.MoMLSimpleApplication@c72e59e
----------------- Done invoking toplevel() on ptolemy.moml.MoMLSimpleApplication@c72e59e
reloadAllAccessors: .Distributor

===========================================================================================
----------------- testing Wed Mar 04 17:09:36 UTC 2020 /home/travis/build/icyphy/ptII/ptolemy/actor/lib/test/auto/Distributor2.xml
----------------- Instantiating /home/travis/build/icyphy/ptII/ptolemy/actor/lib/test/auto/Distributor2.xml
1 ms. Memory: 268288K Free: 135325K (50%)
----------------- Invoking toplevel() on ptolemy.moml.MoMLSimpleApplication@52f20e41
----------------- Done invoking toplevel() on ptolemy.moml.MoMLSimpleApplication@52f20e41
reloadAllAccessors: .Distributor2

===========================================================================================
----------------- testing Wed Mar 04 17:09:36 UTC 2020 /home/travis/build/icyphy/ptII/ptolemy/actor/lib/test/auto/DownSample.xml
----------------- Instantiating /home/travis/build/icyphy/ptII/ptolemy/actor/lib/test/auto/DownSample.xml
2 ms. Memory: 268288K Free: 130715K (49%)
----------------- Invoking toplevel() on ptolemy.moml.MoMLSimpleApplication@29ecf857
----------------- Done invoking toplevel() on ptolemy.moml.MoMLSimpleApplication@29ecf857
reloadAllAccessors: .DownSample

===========================================================================================
----------------- testing Wed Mar 04 17:09:36 UTC 2020 /home/travis/build/icyphy/ptII/ptolemy/actor/lib/test/auto/ElectronicUnitBase1.xml
----------------- Instantiating /home/travis/build/icyphy/ptII/ptolemy/actor/lib/test/auto/ElectronicUnitBase1.xml
20 ms. Memory: 268288K Free: 114331K (43%)
----------------- Invoking toplevel() on ptolemy.moml.MoMLSimpleApplication@edd42a7
----------------- Done invoking toplevel() on ptolemy.moml.MoMLSimpleApplication@edd42a7
reloadAllAccessors: .ElectronicUnitBase1

===========================================================================================
----------------- testing Wed Mar 04 17:09:36 UTC 2020 /home/travis/build/icyphy/ptII/ptolemy/actor/lib/test/auto/ElementsToArray.xml
----------------- Instantiating /home/travis/build/icyphy/ptII/ptolemy/actor/lib/test/auto/ElementsToArray.xml
5 ms. Memory: 268288K Free: 109211K (41%)
----------------- Invoking toplevel() on ptolemy.moml.MoMLSimpleApplication@18526a41
----------------- Done invoking toplevel() on ptolemy.moml.MoMLSimpleApplication@18526a41
reloadAllAccessors: .ElementsToArray

===========================================================================================
----------------- testing Wed Mar 04 17:09:36 UTC 2020 /home/travis/build/icyphy/ptII/ptolemy/actor/lib/test/auto/Equals.xml
----------------- Instantiating /home/travis/build/icyphy/ptII/ptolemy/actor/lib/test/auto/Equals.xml
4 ms. Memory: 268288K Free: 105115K (39%)
----------------- Invoking toplevel() on ptolemy.moml.MoMLSimpleApplication@63b9ce84
----------------- Done invoking toplevel() on ptolemy.moml.MoMLSimpleApplication@63b9ce84
reloadAllAccessors: .Equals

===========================================================================================
----------------- testing Wed Mar 04 17:09:36 UTC 2020 /home/travis/build/icyphy/ptII/ptolemy/actor/lib/test/auto/Exec.xml
----------------- Instantiating /home/travis/build/icyphy/ptII/ptolemy/actor/lib/test/auto/Exec.xml
36 ms. Memory: 268288K Free: 99995K (37%)
----------------- Invoking toplevel() on ptolemy.moml.MoMLSimpleApplication@77bc90e5
----------------- Done invoking toplevel() on ptolemy.moml.MoMLSimpleApplication@77bc90e5
reloadAllAccessors: .Exec

===========================================================================================
----------------- testing Wed Mar 04 17:09:36 UTC 2020 /home/travis/build/icyphy/ptII/ptolemy/actor/lib/test/auto/ExecEnvironment.xml
----------------- Instantiating /home/travis/build/icyphy/ptII/ptolemy/actor/lib/test/auto/ExecEnvironment.xml
32 ms. Memory: 268288K Free: 93339K (35%)
----------------- Invoking toplevel() on ptolemy.moml.MoMLSimpleApplication@579e7fa9
----------------- Done invoking toplevel() on ptolemy.moml.MoMLSimpleApplication@579e7fa9
reloadAllAccessors: .ExecEnvironment

===========================================================================================
----------------- testing Wed Mar 04 17:09:36 UTC 2020 /home/travis/build/icyphy/ptII/ptolemy/actor/lib/test/auto/ExecNonZeroReturnOutput.xml
----------------- Instantiating /home/travis/build/icyphy/ptII/ptolemy/actor/lib/test/auto/ExecNonZeroReturnOutput.xml
183 ms. Memory: 268288K Free: 81563K (30%)
----------------- Invoking toplevel() on ptolemy.moml.MoMLSimpleApplication@48b89762
----------------- Done invoking toplevel() on ptolemy.moml.MoMLSimpleApplication@48b89762
reloadAllAccessors: .ExecNonZeroReturnOutput

===========================================================================================
----------------- testing Wed Mar 04 17:09:37 UTC 2020 /home/travis/build/icyphy/ptII/ptolemy/actor/lib/test/auto/ExecRunDemos.xml
----------------- Instantiating /home/travis/build/icyphy/ptII/ptolemy/actor/lib/test/auto/ExecRunDemos.xml
Finished: 83 ms. Memory: 129024K Free: 112177K (87%)

Finished: 92 ms. Memory: 129024K Free: 109511K (85%)

Finished: 114 ms. Memory: 129024K Free: 109511K (85%)

Finished: 98 ms. Memory: 129024K Free: 111086K (86%)

Finished: 68 ms. Memory: 129024K Free: 111887K (87%)

10930 ms. Memory: 440320K Free: 390044K (89%)
----------------- Invoking toplevel() on ptolemy.moml.MoMLSimpleApplication@7f8d7887
----------------- Done invoking toplevel() on ptolemy.moml.MoMLSimpleApplication@7f8d7887
reloadAllAccessors: .ExecRunDemos

===========================================================================================
----------------- testing Wed Mar 04 17:09:48 UTC 2020 /home/travis/build/icyphy/ptII/ptolemy/actor/lib/test/auto/ExecStop.xml
----------------- Instantiating /home/travis/build/icyphy/ptII/ptolemy/actor/lib/test/auto/ExecStop.xml
5017 ms. Memory: 440320K Free: 272796K (62%)
----------------- Invoking toplevel() on ptolemy.moml.MoMLSimpleApplication@a31741a
----------------- Done invoking toplevel() on ptolemy.moml.MoMLSimpleApplication@a31741a
reloadAllAccessors: .ExecStop

===========================================================================================
----------------- testing Wed Mar 04 17:09:53 UTC 2020 /home/travis/build/icyphy/ptII/ptolemy/actor/lib/test/auto/ExecutionTimeSDF.xml
----------------- Instantiating /home/travis/build/icyphy/ptII/ptolemy/actor/lib/test/auto/ExecutionTimeSDF.xml
Fired ExecutionTime: -1674967296
Fired ExecutionTime: 1320400000
Fired ExecutionTime: -246967296
6005 ms. Memory: 440320K Free: 260494K (59%)
----------------- Invoking toplevel() on ptolemy.moml.MoMLSimpleApplication@6be59982
----------------- Done invoking toplevel() on ptolemy.moml.MoMLSimpleApplication@6be59982
reloadAllAccessors: .ExecutionTimeSDF

===========================================================================================
----------------- testing Wed Mar 04 17:09:59 UTC 2020 /home/travis/build/icyphy/ptII/ptolemy/actor/lib/test/auto/Expression1.xml
----------------- Instantiating /home/travis/build/icyphy/ptII/ptolemy/actor/lib/test/auto/Expression1.xml
2 ms. Memory: 440320K Free: 256926K (58%)
----------------- Invoking toplevel() on ptolemy.moml.MoMLSimpleApplication@2e8e2c37
----------------- Done invoking toplevel() on ptolemy.moml.MoMLSimpleApplication@2e8e2c37
reloadAllAccessors: .Expression1

===========================================================================================
----------------- testing Wed Mar 04 17:09:59 UTC 2020 /home/travis/build/icyphy/ptII/ptolemy/actor/lib/test/auto/Expression10.xml
----------------- Instantiating /home/travis/build/icyphy/ptII/ptolemy/actor/lib/test/auto/Expression10.xml
14 ms. Memory: 440320K Free: 251806K (57%)
----------------- Invoking toplevel() on ptolemy.moml.MoMLSimpleApplication@549a615c
----------------- Done invoking toplevel() on ptolemy.moml.MoMLSimpleApplication@549a615c
reloadAllAccessors: .Expression10

===========================================================================================
----------------- testing Wed Mar 04 17:09:59 UTC 2020 /home/travis/build/icyphy/ptII/ptolemy/actor/lib/test/auto/Expression11.xml
----------------- Instantiating /home/travis/build/icyphy/ptII/ptolemy/actor/lib/test/auto/Expression11.xml
3 ms. Memory: 440320K Free: 246684K (56%)
----------------- Invoking toplevel() on ptolemy.moml.MoMLSimpleApplication@5582bae3
----------------- Done invoking toplevel() on ptolemy.moml.MoMLSimpleApplication@5582bae3
reloadAllAccessors: .Expression11

===========================================================================================
----------------- testing Wed Mar 04 17:09:59 UTC 2020 /home/travis/build/icyphy/ptII/ptolemy/actor/lib/test/auto/Expression12.xml
----------------- Instantiating /home/travis/build/icyphy/ptII/ptolemy/actor/lib/test/auto/Expression12.xml
4 ms. Memory: 440320K Free: 241566K (55%)
----------------- Invoking toplevel() on ptolemy.moml.MoMLSimpleApplication@4b27abe
----------------- Done invoking toplevel() on ptolemy.moml.MoMLSimpleApplication@4b27abe
reloadAllAccessors: .Expression12

===========================================================================================
----------------- testing Wed Mar 04 17:09:59 UTC 2020 /home/travis/build/icyphy/ptII/ptolemy/actor/lib/test/auto/Expression13.xml
----------------- Instantiating /home/travis/build/icyphy/ptII/ptolemy/actor/lib/test/auto/Expression13.xml
4 ms. Memory: 440320K Free: 236446K (54%)
----------------- Invoking toplevel() on ptolemy.moml.MoMLSimpleApplication@1ff783b6
----------------- Done invoking toplevel() on ptolemy.moml.MoMLSimpleApplication@1ff783b6
reloadAllAccessors: .Expression13

===========================================================================================
----------------- testing Wed Mar 04 17:09:59 UTC 2020 /home/travis/build/icyphy/ptII/ptolemy/actor/lib/test/auto/Expression14.xml
----------------- Instantiating /home/travis/build/icyphy/ptII/ptolemy/actor/lib/test/auto/Expression14.xml
9 ms. Memory: 440320K Free: 230812K (52%)
----------------- Invoking toplevel() on ptolemy.moml.MoMLSimpleApplication@3dc0abc8
----------------- Done invoking toplevel() on ptolemy.moml.MoMLSimpleApplication@3dc0abc8
reloadAllAccessors: .Expression14

===========================================================================================
----------------- testing Wed Mar 04 17:09:59 UTC 2020 /home/travis/build/icyphy/ptII/ptolemy/actor/lib/test/auto/Expression15.xml
----------------- Instantiating /home/travis/build/icyphy/ptII/ptolemy/actor/lib/test/auto/Expression15.xml
2 ms. Memory: 440320K Free: 226716K (51%)
----------------- Invoking toplevel() on ptolemy.moml.MoMLSimpleApplication@5e456c79
----------------- Done invoking toplevel() on ptolemy.moml.MoMLSimpleApplication@5e456c79
reloadAllAccessors: .Expression15

===========================================================================================
----------------- testing Wed Mar 04 17:09:59 UTC 2020 /home/travis/build/icyphy/ptII/ptolemy/actor/lib/test/auto/Expression16.xml
----------------- Instantiating /home/travis/build/icyphy/ptII/ptolemy/actor/lib/test/auto/Expression16.xml
4 ms. Memory: 440320K Free: 221596K (50%)
----------------- Invoking toplevel() on ptolemy.moml.MoMLSimpleApplication@159ccefd
----------------- Done invoking toplevel() on ptolemy.moml.MoMLSimpleApplication@159ccefd
reloadAllAccessors: .Expression16

===========================================================================================
----------------- testing Wed Mar 04 17:09:59 UTC 2020 /home/travis/build/icyphy/ptII/ptolemy/actor/lib/test/auto/Expression17.xml
----------------- Instantiating /home/travis/build/icyphy/ptII/ptolemy/actor/lib/test/auto/Expression17.xml
4 ms. Memory: 440320K Free: 216990K (49%)
----------------- Invoking toplevel() on ptolemy.moml.MoMLSimpleApplication@71e75b2f
----------------- Done invoking toplevel() on ptolemy.moml.MoMLSimpleApplication@71e75b2f
reloadAllAccessors: .Expression17

===========================================================================================
----------------- testing Wed Mar 04 17:09:59 UTC 2020 /home/travis/build/icyphy/ptII/ptolemy/actor/lib/test/auto/Expression18.xml
----------------- Instantiating /home/travis/build/icyphy/ptII/ptolemy/actor/lib/test/auto/Expression18.xml
6 ms. Memory: 440320K Free: 211356K (48%)
----------------- Invoking toplevel() on ptolemy.moml.MoMLSimpleApplication@6afbb0f9
----------------- Done invoking toplevel() on ptolemy.moml.MoMLSimpleApplication@6afbb0f9
reloadAllAccessors: .Expression18

===========================================================================================
----------------- testing Wed Mar 04 17:09:59 UTC 2020 /home/travis/build/icyphy/ptII/ptolemy/actor/lib/test/auto/Expression2.xml
----------------- Instantiating /home/travis/build/icyphy/ptII/ptolemy/actor/lib/test/auto/Expression2.xml
3 ms. Memory: 440320K Free: 206750K (47%)
----------------- Invoking toplevel() on ptolemy.moml.MoMLSimpleApplication@426a73e
----------------- Done invoking toplevel() on ptolemy.moml.MoMLSimpleApplication@426a73e
reloadAllAccessors: .Expression2

===========================================================================================
----------------- testing Wed Mar 04 17:09:59 UTC 2020 /home/travis/build/icyphy/ptII/ptolemy/actor/lib/test/auto/Expression3.xml
----------------- Instantiating /home/travis/build/icyphy/ptII/ptolemy/actor/lib/test/auto/Expression3.xml
6 ms. Memory: 440320K Free: 201630K (46%)
----------------- Invoking toplevel() on ptolemy.moml.MoMLSimpleApplication@19f4d02
----------------- Done invoking toplevel() on ptolemy.moml.MoMLSimpleApplication@19f4d02
reloadAllAccessors: .Expression3

===========================================================================================
----------------- testing Wed Mar 04 17:09:59 UTC 2020 /home/travis/build/icyphy/ptII/ptolemy/actor/lib/test/auto/Expression4.xml
----------------- Instantiating /home/travis/build/icyphy/ptII/ptolemy/actor/lib/test/auto/Expression4.xml
5 ms. Memory: 440320K Free: 193948K (44%)
----------------- Invoking toplevel() on ptolemy.moml.MoMLSimpleApplication@3d696cd9
----------------- Done invoking toplevel() on ptolemy.moml.MoMLSimpleApplication@3d696cd9
reloadAllAccessors: .Expression4

===========================================================================================
----------------- testing Wed Mar 04 17:09:59 UTC 2020 /home/travis/build/icyphy/ptII/ptolemy/actor/lib/test/auto/Expression5.xml
----------------- Instantiating /home/travis/build/icyphy/ptII/ptolemy/actor/lib/test/auto/Expression5.xml
3 ms. Memory: 440320K Free: 189342K (43%)
----------------- Invoking toplevel() on ptolemy.moml.MoMLSimpleApplication@64da6ea0
----------------- Done invoking toplevel() on ptolemy.moml.MoMLSimpleApplication@64da6ea0
reloadAllAccessors: .Expression5

===========================================================================================
----------------- testing Wed Mar 04 17:09:59 UTC 2020 /home/travis/build/icyphy/ptII/ptolemy/actor/lib/test/auto/Expression6.xml
----------------- Instantiating /home/travis/build/icyphy/ptII/ptolemy/actor/lib/test/auto/Expression6.xml
2 ms. Memory: 440320K Free: 184732K (42%)
----------------- Invoking toplevel() on ptolemy.moml.MoMLSimpleApplication@7bf7a865
----------------- Done invoking toplevel() on ptolemy.moml.MoMLSimpleApplication@7bf7a865
reloadAllAccessors: .Expression6

===========================================================================================
----------------- testing Wed Mar 04 17:09:59 UTC 2020 /home/travis/build/icyphy/ptII/ptolemy/actor/lib/test/auto/Expression7.xml
----------------- Instantiating /home/travis/build/icyphy/ptII/ptolemy/actor/lib/test/auto/Expression7.xml
3 ms. Memory: 440320K Free: 179612K (41%)
----------------- Invoking toplevel() on ptolemy.moml.MoMLSimpleApplication@16a8018f
----------------- Done invoking toplevel() on ptolemy.moml.MoMLSimpleApplication@16a8018f
reloadAllAccessors: .Expression7

===========================================================================================
----------------- testing Wed Mar 04 17:09:59 UTC 2020 /home/travis/build/icyphy/ptII/ptolemy/actor/lib/test/auto/Expression8.xml
----------------- Instantiating /home/travis/build/icyphy/ptII/ptolemy/actor/lib/test/auto/Expression8.xml
8 ms. Memory: 440320K Free: 175006K (40%)
----------------- Invoking toplevel() on ptolemy.moml.MoMLSimpleApplication@e548d33
----------------- Done invoking toplevel() on ptolemy.moml.MoMLSimpleApplication@e548d33
reloadAllAccessors: .Expression8

===========================================================================================
----------------- testing Wed Mar 04 17:09:59 UTC 2020 /home/travis/build/icyphy/ptII/ptolemy/actor/lib/test/auto/Expression9.xml
----------------- Instantiating /home/travis/build/icyphy/ptII/ptolemy/actor/lib/test/auto/Expression9.xml
1 ms. Memory: 440320K Free: 170910K (39%)
----------------- Invoking toplevel() on ptolemy.moml.MoMLSimpleApplication@62c33621
----------------- Done invoking toplevel() on ptolemy.moml.MoMLSimpleApplication@62c33621
reloadAllAccessors: .Expression9

===========================================================================================
----------------- testing Wed Mar 04 17:09:59 UTC 2020 /home/travis/build/icyphy/ptII/ptolemy/actor/lib/test/auto/ExpressionConcatenateArrayType.xml
----------------- Instantiating /home/travis/build/icyphy/ptII/ptolemy/actor/lib/test/auto/ExpressionConcatenateArrayType.xml
4 ms. Memory: 440320K Free: 164252K (37%)
----------------- Invoking toplevel() on ptolemy.moml.MoMLSimpleApplication@48ae0ed2
----------------- Done invoking toplevel() on ptolemy.moml.MoMLSimpleApplication@48ae0ed2
reloadAllAccessors: .ExpressionConcatenateArrayType

===========================================================================================
----------------- testing Wed Mar 04 17:09:59 UTC 2020 /home/travis/build/icyphy/ptII/ptolemy/actor/lib/test/auto/ExpressionConcatenateArrayType2.xml
----------------- Instantiating /home/travis/build/icyphy/ptII/ptolemy/actor/lib/test/auto/ExpressionConcatenateArrayType2.xml
2 ms. Memory: 440320K Free: 159132K (36%)
----------------- Invoking toplevel() on ptolemy.moml.MoMLSimpleApplication@744b1190
----------------- Done invoking toplevel() on ptolemy.moml.MoMLSimpleApplication@744b1190
reloadAllAccessors: .ExpressionConcatenateArrayType2

===========================================================================================
----------------- testing Wed Mar 04 17:09:59 UTC 2020 /home/travis/build/icyphy/ptII/ptolemy/actor/lib/test/auto/ExpressionFix.xml
----------------- Instantiating /home/travis/build/icyphy/ptII/ptolemy/actor/lib/test/auto/ExpressionFix.xml
27 ms. Memory: 440320K Free: 152478K (35%)
----------------- Invoking toplevel() on ptolemy.moml.MoMLSimpleApplication@265fc8a9
----------------- Done invoking toplevel() on ptolemy.moml.MoMLSimpleApplication@265fc8a9
reloadAllAccessors: .ExpressionFix

===========================================================================================
----------------- testing Wed Mar 04 17:09:59 UTC 2020 /home/travis/build/icyphy/ptII/ptolemy/actor/lib/test/auto/ExpressionFix2.xml
----------------- Instantiating /home/travis/build/icyphy/ptII/ptolemy/actor/lib/test/auto/ExpressionFix2.xml
6 ms. Memory: 440320K Free: 148382K (34%)
----------------- Invoking toplevel() on ptolemy.moml.MoMLSimpleApplication@5081a344
----------------- Done invoking toplevel() on ptolemy.moml.MoMLSimpleApplication@5081a344
reloadAllAccessors: .ExpressionFix2

===========================================================================================
----------------- testing Wed Mar 04 17:09:59 UTC 2020 /home/travis/build/icyphy/ptII/ptolemy/actor/lib/test/auto/ExpressionFix3.xml
----------------- Instantiating /home/travis/build/icyphy/ptII/ptolemy/actor/lib/test/auto/ExpressionFix3.xml
3 ms. Memory: 440320K Free: 144286K (33%)
----------------- Invoking toplevel() on ptolemy.moml.MoMLSimpleApplication@7f0faa94
----------------- Done invoking toplevel() on ptolemy.moml.MoMLSimpleApplication@7f0faa94
reloadAllAccessors: .ExpressionFix3

===========================================================================================
----------------- testing Wed Mar 04 17:09:59 UTC 2020 /home/travis/build/icyphy/ptII/ptolemy/actor/lib/test/auto/FileWriter1.xml
----------------- Instantiating /home/travis/build/icyphy/ptII/ptolemy/actor/lib/test/auto/FileWriter1.xml
2 ms. Memory: 440320K Free: 140190K (32%)
----------------- Invoking toplevel() on ptolemy.moml.MoMLSimpleApplication@7038def5
----------------- Done invoking toplevel() on ptolemy.moml.MoMLSimpleApplication@7038def5
reloadAllAccessors: .FileWriter1

===========================================================================================
----------------- testing Wed Mar 04 17:09:59 UTC 2020 /home/travis/build/icyphy/ptII/ptolemy/actor/lib/test/auto/FileWriter2.xml
----------------- Instantiating /home/travis/build/icyphy/ptII/ptolemy/actor/lib/test/auto/FileWriter2.xml
3 ms. Memory: 440320K Free: 388585K (88%)
----------------- Invoking toplevel() on ptolemy.moml.MoMLSimpleApplication@5cf74de1
----------------- Done invoking toplevel() on ptolemy.moml.MoMLSimpleApplication@5cf74de1
reloadAllAccessors: .FileWriter2

===========================================================================================
----------------- testing Wed Mar 04 17:09:59 UTC 2020 /home/travis/build/icyphy/ptII/ptolemy/actor/lib/test/auto/FileWriter3.xml
----------------- Instantiating /home/travis/build/icyphy/ptII/ptolemy/actor/lib/test/auto/FileWriter3.xml
2 ms. Memory: 440320K Free: 384489K (87%)
----------------- Invoking toplevel() on ptolemy.moml.MoMLSimpleApplication@138a2b1f
----------------- Done invoking toplevel() on ptolemy.moml.MoMLSimpleApplication@138a2b1f
reloadAllAccessors: .FileWriter3

===========================================================================================
----------------- testing Wed Mar 04 17:09:59 UTC 2020 /home/travis/build/icyphy/ptII/ptolemy/actor/lib/test/auto/Gaussian.xml
----------------- Instantiating /home/travis/build/icyphy/ptII/ptolemy/actor/lib/test/auto/Gaussian.xml
2 ms. Memory: 440320K Free: 379883K (86%)
----------------- Invoking toplevel() on ptolemy.moml.MoMLSimpleApplication@3861c705
----------------- Done invoking toplevel() on ptolemy.moml.MoMLSimpleApplication@3861c705
reloadAllAccessors: .Gaussian

===========================================================================================
----------------- testing Wed Mar 04 17:09:59 UTC 2020 /home/travis/build/icyphy/ptII/ptolemy/actor/lib/test/auto/Gaussian1.xml
----------------- Instantiating /home/travis/build/icyphy/ptII/ptolemy/actor/lib/test/auto/Gaussian1.xml
1 ms. Memory: 440320K Free: 374235K (85%)
----------------- Invoking toplevel() on ptolemy.moml.MoMLSimpleApplication@6438b8a3
----------------- Done invoking toplevel() on ptolemy.moml.MoMLSimpleApplication@6438b8a3
reloadAllAccessors: .Gaussian1

===========================================================================================
----------------- testing Wed Mar 04 17:09:59 UTC 2020 /home/travis/build/icyphy/ptII/ptolemy/actor/lib/test/auto/Gaussian2.xml
----------------- Instantiating /home/travis/build/icyphy/ptII/ptolemy/actor/lib/test/auto/Gaussian2.xml
9 ms. Memory: 440320K Free: 369115K (84%)
----------------- Invoking toplevel() on ptolemy.moml.MoMLSimpleApplication@26580e2a
----------------- Done invoking toplevel() on ptolemy.moml.MoMLSimpleApplication@26580e2a
reloadAllAccessors: .Gaussian2

===========================================================================================
----------------- testing Wed Mar 04 17:09:59 UTC 2020 /home/travis/build/icyphy/ptII/ptolemy/actor/lib/test/auto/GradientAdaptiveLattice.xml
----------------- Instantiating /home/travis/build/icyphy/ptII/ptolemy/actor/lib/test/auto/GradientAdaptiveLattice.xml
3 ms. Memory: 440320K Free: 364009K (83%)
----------------- Invoking toplevel() on ptolemy.moml.MoMLSimpleApplication@145fb2e6
----------------- Done invoking toplevel() on ptolemy.moml.MoMLSimpleApplication@145fb2e6
reloadAllAccessors: .GradientAdaptiveLattice

===========================================================================================
----------------- testing Wed Mar 04 17:09:59 UTC 2020 /home/travis/build/icyphy/ptII/ptolemy/actor/lib/test/auto/IIR.xml
----------------- Instantiating /home/travis/build/icyphy/ptII/ptolemy/actor/lib/test/auto/IIR.xml
1 ms. Memory: 440320K Free: 359403K (82%)
----------------- Invoking toplevel() on ptolemy.moml.MoMLSimpleApplication@1dbeb42d
----------------- Done invoking toplevel() on ptolemy.moml.MoMLSimpleApplication@1dbeb42d
reloadAllAccessors: .IIR

===========================================================================================
----------------- testing Wed Mar 04 17:09:59 UTC 2020 /home/travis/build/icyphy/ptII/ptolemy/actor/lib/test/auto/InputOutputTransparentPorts.xml
----------------- Instantiating /home/travis/build/icyphy/ptII/ptolemy/actor/lib/test/auto/InputOutputTransparentPorts.xml
1 ms. Memory: 440320K Free: 352745K (80%)
----------------- Invoking toplevel() on ptolemy.moml.MoMLSimpleApplication@1f171fd0
----------------- Done invoking toplevel() on ptolemy.moml.MoMLSimpleApplication@1f171fd0
reloadAllAccessors: .InputOutputTransparentPorts

===========================================================================================
----------------- testing Wed Mar 04 17:09:59 UTC 2020 /home/travis/build/icyphy/ptII/ptolemy/actor/lib/test/auto/Interpolator.xml
----------------- Instantiating /home/travis/build/icyphy/ptII/ptolemy/actor/lib/test/auto/Interpolator.xml
4 ms. Memory: 440320K Free: 348649K (79%)
----------------- Invoking toplevel() on ptolemy.moml.MoMLSimpleApplication@f191729
----------------- Done invoking toplevel() on ptolemy.moml.MoMLSimpleApplication@f191729
reloadAllAccessors: .Interpolator

===========================================================================================
----------------- testing Wed Mar 04 17:09:59 UTC 2020 /home/travis/build/icyphy/ptII/ptolemy/actor/lib/test/auto/InterpolatorFiringLimitDE.xml
----------------- Instantiating /home/travis/build/icyphy/ptII/ptolemy/actor/lib/test/auto/InterpolatorFiringLimitDE.xml
2 ms. Memory: 440320K Free: 342491K (78%)
----------------- Invoking toplevel() on ptolemy.moml.MoMLSimpleApplication@428e74fa
----------------- Done invoking toplevel() on ptolemy.moml.MoMLSimpleApplication@428e74fa
reloadAllAccessors: .InterpolatorFiringLimitDE

===========================================================================================
----------------- testing Wed Mar 04 17:09:59 UTC 2020 /home/travis/build/icyphy/ptII/ptolemy/actor/lib/test/auto/Lattice.xml
----------------- Instantiating /home/travis/build/icyphy/ptII/ptolemy/actor/lib/test/auto/Lattice.xml
1 ms. Memory: 440320K Free: 338409K (77%)
----------------- Invoking toplevel() on ptolemy.moml.MoMLSimpleApplication@626996b2
----------------- Done invoking toplevel() on ptolemy.moml.MoMLSimpleApplication@626996b2
reloadAllAccessors: .Lattice

===========================================================================================
----------------- testing Wed Mar 04 17:09:59 UTC 2020 /home/travis/build/icyphy/ptII/ptolemy/actor/lib/test/auto/LazyAOCTestLazy.xml
----------------- Instantiating /home/travis/build/icyphy/ptII/ptolemy/actor/lib/test/auto/LazyAOCTestLazy.xml
14 ms. Memory: 440320K Free: 332235K (75%)
----------------- Invoking toplevel() on ptolemy.moml.MoMLSimpleApplication@5414cfe4
----------------- Done invoking toplevel() on ptolemy.moml.MoMLSimpleApplication@5414cfe4
reloadAllAccessors: .LazyAOCTestLazy

===========================================================================================
----------------- testing Wed Mar 04 17:09:59 UTC 2020 /home/travis/build/icyphy/ptII/ptolemy/actor/lib/test/auto/LazyAOCTestNonLazy.xml
----------------- Instantiating /home/travis/build/icyphy/ptII/ptolemy/actor/lib/test/auto/LazyAOCTestNonLazy.xml
2 ms. Memory: 440320K Free: 326121K (74%)
----------------- Invoking toplevel() on ptolemy.moml.MoMLSimpleApplication@2d50ff0f
----------------- Done invoking toplevel() on ptolemy.moml.MoMLSimpleApplication@2d50ff0f
reloadAllAccessors: .LazyAOCTestNonLazy

===========================================================================================
----------------- testing Wed Mar 04 17:09:59 UTC 2020 /home/travis/build/icyphy/ptII/ptolemy/actor/lib/test/auto/LazyInnerClass.xml
----------------- Instantiating /home/travis/build/icyphy/ptII/ptolemy/actor/lib/test/auto/LazyInnerClass.xml
21 ms. Memory: 440320K Free: 317419K (72%)
----------------- Invoking toplevel() on ptolemy.moml.MoMLSimpleApplication@1c4d1593
----------------- Done invoking toplevel() on ptolemy.moml.MoMLSimpleApplication@1c4d1593
reloadAllAccessors: .LazyInnerClass

===========================================================================================
----------------- testing Wed Mar 04 17:10:00 UTC 2020 /home/travis/build/icyphy/ptII/ptolemy/actor/lib/test/auto/LazyPubSub.xml
----------------- Instantiating /home/travis/build/icyphy/ptII/ptolemy/actor/lib/test/auto/LazyPubSub.xml
29 ms. Memory: 440320K Free: 307689K (70%)
----------------- Invoking toplevel() on ptolemy.moml.MoMLSimpleApplication@4c1534b3
----------------- Done invoking toplevel() on ptolemy.moml.MoMLSimpleApplication@4c1534b3
reloadAllAccessors: .LazyPubSub

===========================================================================================
----------------- testing Wed Mar 04 17:10:00 UTC 2020 /home/travis/build/icyphy/ptII/ptolemy/actor/lib/test/auto/LazyPubSub2.xml
----------------- Instantiating /home/travis/build/icyphy/ptII/ptolemy/actor/lib/test/auto/LazyPubSub2.xml
18 ms. Memory: 440320K Free: 297449K (68%)
----------------- Invoking toplevel() on ptolemy.moml.MoMLSimpleApplication@76d673ed
----------------- Done invoking toplevel() on ptolemy.moml.MoMLSimpleApplication@76d673ed
reloadAllAccessors: .LazyPubSub2

===========================================================================================
----------------- testing Wed Mar 04 17:10:00 UTC 2020 /home/travis/build/icyphy/ptII/ptolemy/actor/lib/test/auto/LazyPubSub3.xml
----------------- Instantiating /home/travis/build/icyphy/ptII/ptolemy/actor/lib/test/auto/LazyPubSub3.xml
19 ms. Memory: 440320K Free: 287209K (65%)
----------------- Invoking toplevel() on ptolemy.moml.MoMLSimpleApplication@6950ec83
----------------- Done invoking toplevel() on ptolemy.moml.MoMLSimpleApplication@6950ec83
reloadAllAccessors: .LazyPubSub3

===========================================================================================
----------------- testing Wed Mar 04 17:10:00 UTC 2020 /home/travis/build/icyphy/ptII/ptolemy/actor/lib/test/auto/LazySubClassModel.xml
----------------- Instantiating /home/travis/build/icyphy/ptII/ptolemy/actor/lib/test/auto/LazySubClassModel.xml
2 ms. Memory: 440320K Free: 278507K (63%)
----------------- Invoking toplevel() on ptolemy.moml.MoMLSimpleApplication@50093385
----------------- Done invoking toplevel() on ptolemy.moml.MoMLSimpleApplication@50093385
reloadAllAccessors: .LazySubClassModel

===========================================================================================
----------------- testing Wed Mar 04 17:10:00 UTC 2020 /home/travis/build/icyphy/ptII/ptolemy/actor/lib/test/auto/LevelCrossTest1.xml
----------------- Instantiating /home/travis/build/icyphy/ptII/ptolemy/actor/lib/test/auto/LevelCrossTest1.xml
2 ms. Memory: 440320K Free: 272873K (62%)
----------------- Invoking toplevel() on ptolemy.moml.MoMLSimpleApplication@4638e0b3
----------------- Done invoking toplevel() on ptolemy.moml.MoMLSimpleApplication@4638e0b3
reloadAllAccessors: .broken

===========================================================================================
----------------- testing Wed Mar 04 17:10:00 UTC 2020 /home/travis/build/icyphy/ptII/ptolemy/actor/lib/test/auto/LevelCrossTest10.xml
----------------- Instantiating /home/travis/build/icyphy/ptII/ptolemy/actor/lib/test/auto/LevelCrossTest10.xml
1 ms. Memory: 440320K Free: 265195K (60%)
----------------- Invoking toplevel() on ptolemy.moml.MoMLSimpleApplication@2bdfb3e7
----------------- Done invoking toplevel() on ptolemy.moml.MoMLSimpleApplication@2bdfb3e7
reloadAllAccessors: .LevelCrossTest10

===========================================================================================
----------------- testing Wed Mar 04 17:10:00 UTC 2020 /home/travis/build/icyphy/ptII/ptolemy/actor/lib/test/auto/LevelCrossTest11.xml
----------------- Instantiating /home/travis/build/icyphy/ptII/ptolemy/actor/lib/test/auto/LevelCrossTest11.xml
1 ms. Memory: 440320K Free: 258027K (59%)
----------------- Invoking toplevel() on ptolemy.moml.MoMLSimpleApplication@1492511d
----------------- Done invoking toplevel() on ptolemy.moml.MoMLSimpleApplication@1492511d
reloadAllAccessors: .LevelCrossTest11

===========================================================================================
----------------- testing Wed Mar 04 17:10:00 UTC 2020 /home/travis/build/icyphy/ptII/ptolemy/actor/lib/test/auto/LevelCrossTest12.xml
----------------- Instantiating /home/travis/build/icyphy/ptII/ptolemy/actor/lib/test/auto/LevelCrossTest12.xml
1 ms. Memory: 440320K Free: 251883K (57%)
----------------- Invoking toplevel() on ptolemy.moml.MoMLSimpleApplication@6fa53098
----------------- Done invoking toplevel() on ptolemy.moml.MoMLSimpleApplication@6fa53098
reloadAllAccessors: .LevelCrossTest12

===========================================================================================
----------------- testing Wed Mar 04 17:10:00 UTC 2020 /home/travis/build/icyphy/ptII/ptolemy/actor/lib/test/auto/LevelCrossTest13.xml
----------------- Instantiating /home/travis/build/icyphy/ptII/ptolemy/actor/lib/test/auto/LevelCrossTest13.xml
5 ms. Memory: 440320K Free: 244201K (55%)
----------------- Invoking toplevel() on ptolemy.moml.MoMLSimpleApplication@667543dd
----------------- Done invoking toplevel() on ptolemy.moml.MoMLSimpleApplication@667543dd
reloadAllAccessors: .LevelCrossTest13

===========================================================================================
----------------- testing Wed Mar 04 17:10:00 UTC 2020 /home/travis/build/icyphy/ptII/ptolemy/actor/lib/test/auto/LevelCrossTest2.xml
----------------- Instantiating /home/travis/build/icyphy/ptII/ptolemy/actor/lib/test/auto/LevelCrossTest2.xml
2 ms. Memory: 440320K Free: 238571K (54%)
----------------- Invoking toplevel() on ptolemy.moml.MoMLSimpleApplication@384fcb00
----------------- Done invoking toplevel() on ptolemy.moml.MoMLSimpleApplication@384fcb00
reloadAllAccessors: .broken

===========================================================================================
----------------- testing Wed Mar 04 17:10:00 UTC 2020 /home/travis/build/icyphy/ptII/ptolemy/actor/lib/test/auto/LevelCrossTest3.xml
----------------- Instantiating /home/travis/build/icyphy/ptII/ptolemy/actor/lib/test/auto/LevelCrossTest3.xml
1 ms. Memory: 440320K Free: 232427K (53%)
----------------- Invoking toplevel() on ptolemy.moml.MoMLSimpleApplication@65ef8df
----------------- Done invoking toplevel() on ptolemy.moml.MoMLSimpleApplication@65ef8df
reloadAllAccessors: .LevelCrossTest3

===========================================================================================
----------------- testing Wed Mar 04 17:10:00 UTC 2020 /home/travis/build/icyphy/ptII/ptolemy/actor/lib/test/auto/LevelCrossTest4.xml
----------------- Instantiating /home/travis/build/icyphy/ptII/ptolemy/actor/lib/test/auto/LevelCrossTest4.xml
1 ms. Memory: 440320K Free: 226793K (52%)
----------------- Invoking toplevel() on ptolemy.moml.MoMLSimpleApplication@5bb74afb
----------------- Done invoking toplevel() on ptolemy.moml.MoMLSimpleApplication@5bb74afb
reloadAllAccessors: .broken

===========================================================================================
----------------- testing Wed Mar 04 17:10:00 UTC 2020 /home/travis/build/icyphy/ptII/ptolemy/actor/lib/test/auto/LevelCrossTest5.xml
----------------- Instantiating /home/travis/build/icyphy/ptII/ptolemy/actor/lib/test/auto/LevelCrossTest5.xml
4 ms. Memory: 440320K Free: 220139K (50%)
----------------- Invoking toplevel() on ptolemy.moml.MoMLSimpleApplication@4dc4a83a
----------------- Done invoking toplevel() on ptolemy.moml.MoMLSimpleApplication@4dc4a83a
reloadAllAccessors: .LevelCrossTest5

===========================================================================================
----------------- testing Wed Mar 04 17:10:00 UTC 2020 /home/travis/build/icyphy/ptII/ptolemy/actor/lib/test/auto/LevelCrossTest6.xml
----------------- Instantiating /home/travis/build/icyphy/ptII/ptolemy/actor/lib/test/auto/LevelCrossTest6.xml
1 ms. Memory: 440320K Free: 212971K (48%)
----------------- Invoking toplevel() on ptolemy.moml.MoMLSimpleApplication@562ee263
----------------- Done invoking toplevel() on ptolemy.moml.MoMLSimpleApplication@562ee263
reloadAllAccessors: .LevelCrossTest6

===========================================================================================
----------------- testing Wed Mar 04 17:10:00 UTC 2020 /home/travis/build/icyphy/ptII/ptolemy/actor/lib/test/auto/LevelCrossTest7.xml
----------------- Instantiating /home/travis/build/icyphy/ptII/ptolemy/actor/lib/test/auto/LevelCrossTest7.xml
2 ms. Memory: 440320K Free: 205289K (47%)
----------------- Invoking toplevel() on ptolemy.moml.MoMLSimpleApplication@1d0f2c1b
----------------- Done invoking toplevel() on ptolemy.moml.MoMLSimpleApplication@1d0f2c1b
reloadAllAccessors: .LevelCrossTest7

===========================================================================================
----------------- testing Wed Mar 04 17:10:00 UTC 2020 /home/travis/build/icyphy/ptII/ptolemy/actor/lib/test/auto/LevelCrossTest8.xml
----------------- Instantiating /home/travis/build/icyphy/ptII/ptolemy/actor/lib/test/auto/LevelCrossTest8.xml
2 ms. Memory: 440320K Free: 198635K (45%)
----------------- Invoking toplevel() on ptolemy.moml.MoMLSimpleApplication@2352c7d2
----------------- Done invoking toplevel() on ptolemy.moml.MoMLSimpleApplication@2352c7d2
reloadAllAccessors: .LevelCrossTest8

===========================================================================================
----------------- testing Wed Mar 04 17:10:00 UTC 2020 /home/travis/build/icyphy/ptII/ptolemy/actor/lib/test/auto/LevelCrossTest9.xml
----------------- Instantiating /home/travis/build/icyphy/ptII/ptolemy/actor/lib/test/auto/LevelCrossTest9.xml
2 ms. Memory: 440320K Free: 191977K (44%)
----------------- Invoking toplevel() on ptolemy.moml.MoMLSimpleApplication@7e546270
----------------- Done invoking toplevel() on ptolemy.moml.MoMLSimpleApplication@7e546270
reloadAllAccessors: .LevelCrossTest9

===========================================================================================
----------------- testing Wed Mar 04 17:10:00 UTC 2020 /home/travis/build/icyphy/ptII/ptolemy/actor/lib/test/auto/LevinsonDurbin.xml
----------------- Instantiating /home/travis/build/icyphy/ptII/ptolemy/actor/lib/test/auto/LevinsonDurbin.xml
1 ms. Memory: 440320K Free: 187881K (43%)
----------------- Invoking toplevel() on ptolemy.moml.MoMLSimpleApplication@61230b75
----------------- Done invoking toplevel() on ptolemy.moml.MoMLSimpleApplication@61230b75
reloadAllAccessors: .LevinsonDurbin

===========================================================================================
----------------- testing Wed Mar 04 17:10:00 UTC 2020 /home/travis/build/icyphy/ptII/ptolemy/actor/lib/test/auto/LevinsonDurbin2.xml
----------------- Instantiating /home/travis/build/icyphy/ptII/ptolemy/actor/lib/test/auto/LevinsonDurbin2.xml
1 ms. Memory: 440320K Free: 184299K (42%)
----------------- Invoking toplevel() on ptolemy.moml.MoMLSimpleApplication@faedb62
----------------- Done invoking toplevel() on ptolemy.moml.MoMLSimpleApplication@faedb62
reloadAllAccessors: .LevinsonDurbin2

===========================================================================================
----------------- testing Wed Mar 04 17:10:00 UTC 2020 /home/travis/build/icyphy/ptII/ptolemy/actor/lib/test/auto/LevinsonDurbin3.xml
----------------- Instantiating /home/travis/build/icyphy/ptII/ptolemy/actor/lib/test/auto/LevinsonDurbin3.xml
12 ms. Memory: 440320K Free: 180203K (41%)
----------------- Invoking toplevel() on ptolemy.moml.MoMLSimpleApplication@13204825
----------------- Done invoking toplevel() on ptolemy.moml.MoMLSimpleApplication@13204825
reloadAllAccessors: .LevinsonDurbin3

===========================================================================================
----------------- testing Wed Mar 04 17:10:00 UTC 2020 /home/travis/build/icyphy/ptII/ptolemy/actor/lib/test/auto/Limiter.xml
----------------- Instantiating /home/travis/build/icyphy/ptII/ptolemy/actor/lib/test/auto/Limiter.xml
5 ms. Memory: 440320K Free: 170987K (39%)
----------------- Invoking toplevel() on ptolemy.moml.MoMLSimpleApplication@72c21bcc
----------------- Done invoking toplevel() on ptolemy.moml.MoMLSimpleApplication@72c21bcc
reloadAllAccessors: .Limiter

===========================================================================================
----------------- testing Wed Mar 04 17:10:00 UTC 2020 /home/travis/build/icyphy/ptII/ptolemy/actor/lib/test/auto/LinearDifferenceEquationSystem.xml
----------------- Instantiating /home/travis/build/icyphy/ptII/ptolemy/actor/lib/test/auto/LinearDifferenceEquationSystem.xml
5 ms. Memory: 440320K Free: 163819K (37%)
----------------- Invoking toplevel() on ptolemy.moml.MoMLSimpleApplication@631c65c3
----------------- Done invoking toplevel() on ptolemy.moml.MoMLSimpleApplication@631c65c3
reloadAllAccessors: .LinearDifferenceEquationSystem

===========================================================================================
----------------- testing Wed Mar 04 17:10:00 UTC 2020 /home/travis/build/icyphy/ptII/ptolemy/actor/lib/test/auto/LookupTable.xml
----------------- Instantiating /home/travis/build/icyphy/ptII/ptolemy/actor/lib/test/auto/LookupTable.xml
2 ms. Memory: 440320K Free: 159723K (36%)
----------------- Invoking toplevel() on ptolemy.moml.MoMLSimpleApplication@62d8aaae
----------------- Done invoking toplevel() on ptolemy.moml.MoMLSimpleApplication@62d8aaae
reloadAllAccessors: .LookupTable

===========================================================================================
----------------- testing Wed Mar 04 17:10:00 UTC 2020 /home/travis/build/icyphy/ptII/ptolemy/actor/lib/test/auto/MathFunction.xml
----------------- Instantiating /home/travis/build/icyphy/ptII/ptolemy/actor/lib/test/auto/MathFunction.xml
2 ms. Memory: 440320K Free: 151531K (34%)
----------------- Invoking toplevel() on ptolemy.moml.MoMLSimpleApplication@b6a7a50
----------------- Done invoking toplevel() on ptolemy.moml.MoMLSimpleApplication@b6a7a50
reloadAllAccessors: .MathFunction

===========================================================================================
----------------- testing Wed Mar 04 17:10:00 UTC 2020 /home/travis/build/icyphy/ptII/ptolemy/actor/lib/test/auto/MathFunction2.xml
----------------- Instantiating /home/travis/build/icyphy/ptII/ptolemy/actor/lib/test/auto/MathFunction2.xml
4 ms. Memory: 440320K Free: 147435K (33%)
----------------- Invoking toplevel() on ptolemy.moml.MoMLSimpleApplication@2d4b342f
----------------- Done invoking toplevel() on ptolemy.moml.MoMLSimpleApplication@2d4b342f
reloadAllAccessors: .MathFunction2

===========================================================================================
----------------- testing Wed Mar 04 17:10:00 UTC 2020 /home/travis/build/icyphy/ptII/ptolemy/actor/lib/test/auto/MathFunction3.xml
----------------- Instantiating /home/travis/build/icyphy/ptII/ptolemy/actor/lib/test/auto/MathFunction3.xml
2 ms. Memory: 440320K Free: 140267K (32%)
----------------- Invoking toplevel() on ptolemy.moml.MoMLSimpleApplication@2aed8cae
----------------- Done invoking toplevel() on ptolemy.moml.MoMLSimpleApplication@2aed8cae
reloadAllAccessors: .MathFunction3

===========================================================================================
----------------- testing Wed Mar 04 17:10:00 UTC 2020 /home/travis/build/icyphy/ptII/ptolemy/actor/lib/test/auto/MatrixCropBoolean.xml
----------------- Instantiating /home/travis/build/icyphy/ptII/ptolemy/actor/lib/test/auto/MatrixCropBoolean.xml
3 ms. Memory: 440320K Free: 135147K (31%)
----------------- Invoking toplevel() on ptolemy.moml.MoMLSimpleApplication@39c63b6e
----------------- Done invoking toplevel() on ptolemy.moml.MoMLSimpleApplication@39c63b6e
reloadAllAccessors: .MatrixCropBoolean

===========================================================================================
----------------- testing Wed Mar 04 17:10:00 UTC 2020 /home/travis/build/icyphy/ptII/ptolemy/actor/lib/test/auto/MatrixCropComplex.xml
----------------- Instantiating /home/travis/build/icyphy/ptII/ptolemy/actor/lib/test/auto/MatrixCropComplex.xml
2 ms. Memory: 440320K Free: 130531K (30%)
----------------- Invoking toplevel() on ptolemy.moml.MoMLSimpleApplication@544683f8
----------------- Done invoking toplevel() on ptolemy.moml.MoMLSimpleApplication@544683f8
reloadAllAccessors: .MatrixCropComplex

===========================================================================================
----------------- testing Wed Mar 04 17:10:00 UTC 2020 /home/travis/build/icyphy/ptII/ptolemy/actor/lib/test/auto/MatrixCropDouble.xml
----------------- Instantiating /home/travis/build/icyphy/ptII/ptolemy/actor/lib/test/auto/MatrixCropDouble.xml
2 ms. Memory: 440320K Free: 386522K (88%)
----------------- Invoking toplevel() on ptolemy.moml.MoMLSimpleApplication@57ab78e5
----------------- Done invoking toplevel() on ptolemy.moml.MoMLSimpleApplication@57ab78e5
reloadAllAccessors: .MatrixCropDouble

===========================================================================================
----------------- testing Wed Mar 04 17:10:00 UTC 2020 /home/travis/build/icyphy/ptII/ptolemy/actor/lib/test/auto/MatrixCropFix.xml
----------------- Instantiating /home/travis/build/icyphy/ptII/ptolemy/actor/lib/test/auto/MatrixCropFix.xml
3 ms. Memory: 440320K Free: 381378K (87%)
----------------- Invoking toplevel() on ptolemy.moml.MoMLSimpleApplication@4ef2b472
----------------- Done invoking toplevel() on ptolemy.moml.MoMLSimpleApplication@4ef2b472
reloadAllAccessors: .MatrixCropFix

===========================================================================================
----------------- testing Wed Mar 04 17:10:00 UTC 2020 /home/travis/build/icyphy/ptII/ptolemy/actor/lib/test/auto/MatrixCropInt.xml
----------------- Instantiating /home/travis/build/icyphy/ptII/ptolemy/actor/lib/test/auto/MatrixCropInt.xml
2 ms. Memory: 440320K Free: 376282K (85%)
----------------- Invoking toplevel() on ptolemy.moml.MoMLSimpleApplication@1ab79848
----------------- Done invoking toplevel() on ptolemy.moml.MoMLSimpleApplication@1ab79848
reloadAllAccessors: .MatrixCropInt

===========================================================================================
----------------- testing Wed Mar 04 17:10:00 UTC 2020 /home/travis/build/icyphy/ptII/ptolemy/actor/lib/test/auto/MatrixCropLong.xml
----------------- Instantiating /home/travis/build/icyphy/ptII/ptolemy/actor/lib/test/auto/MatrixCropLong.xml
1 ms. Memory: 440320K Free: 371138K (84%)
----------------- Invoking toplevel() on ptolemy.moml.MoMLSimpleApplication@4c8cc97e
----------------- Done invoking toplevel() on ptolemy.moml.MoMLSimpleApplication@4c8cc97e
reloadAllAccessors: .MatrixCropLong

===========================================================================================
----------------- testing Wed Mar 04 17:10:00 UTC 2020 /home/travis/build/icyphy/ptII/ptolemy/actor/lib/test/auto/MatrixToArray.xml
----------------- Instantiating /home/travis/build/icyphy/ptII/ptolemy/actor/lib/test/auto/MatrixToArray.xml
6 ms. Memory: 440320K Free: 356322K (81%)
----------------- Invoking toplevel() on ptolemy.moml.MoMLSimpleApplication@4109448a
----------------- Done invoking toplevel() on ptolemy.moml.MoMLSimpleApplication@4109448a
reloadAllAccessors: .MatrixToArray

===========================================================================================
----------------- testing Wed Mar 04 17:10:00 UTC 2020 /home/travis/build/icyphy/ptII/ptolemy/actor/lib/test/auto/MaxIndex.xml
----------------- Instantiating /home/travis/build/icyphy/ptII/ptolemy/actor/lib/test/auto/MaxIndex.xml
1 ms. Memory: 440320K Free: 351202K (80%)
----------------- Invoking toplevel() on ptolemy.moml.MoMLSimpleApplication@ffff5b3
----------------- Done invoking toplevel() on ptolemy.moml.MoMLSimpleApplication@ffff5b3
reloadAllAccessors: .MaxIndex

===========================================================================================
----------------- testing Wed Mar 04 17:10:00 UTC 2020 /home/travis/build/icyphy/ptII/ptolemy/actor/lib/test/auto/Maximum.xml
----------------- Instantiating /home/travis/build/icyphy/ptII/ptolemy/actor/lib/test/auto/Maximum.xml
8 ms. Memory: 440320K Free: 344514K (78%)
----------------- Invoking toplevel() on ptolemy.moml.MoMLSimpleApplication@1e142ad4
----------------- Done invoking toplevel() on ptolemy.moml.MoMLSimpleApplication@1e142ad4
reloadAllAccessors: .Maximum

===========================================================================================
----------------- testing Wed Mar 04 17:10:00 UTC 2020 /home/travis/build/icyphy/ptII/ptolemy/actor/lib/test/auto/MaximumComplex.xml
----------------- Instantiating /home/travis/build/icyphy/ptII/ptolemy/actor/lib/test/auto/MaximumComplex.xml
5 ms. Memory: 440320K Free: 338386K (77%)
----------------- Invoking toplevel() on ptolemy.moml.MoMLSimpleApplication@af90571
----------------- Done invoking toplevel() on ptolemy.moml.MoMLSimpleApplication@af90571
reloadAllAccessors: .MaximumComplex

===========================================================================================
----------------- testing Wed Mar 04 17:10:00 UTC 2020 /home/travis/build/icyphy/ptII/ptolemy/actor/lib/test/auto/MethodCallTest.xml
----------------- Instantiating /home/travis/build/icyphy/ptII/ptolemy/actor/lib/test/auto/MethodCallTest.xml
7 ms. Memory: 440320K Free: 331746K (75%)
----------------- Invoking toplevel() on ptolemy.moml.MoMLSimpleApplication@1de82da3
----------------- Done invoking toplevel() on ptolemy.moml.MoMLSimpleApplication@1de82da3
reloadAllAccessors: .MethodCallTest

===========================================================================================
----------------- testing Wed Mar 04 17:10:00 UTC 2020 /home/travis/build/icyphy/ptII/ptolemy/actor/lib/test/auto/Minimum.xml
----------------- Instantiating /home/travis/build/icyphy/ptII/ptolemy/actor/lib/test/auto/Minimum.xml
2 ms. Memory: 440320K Free: 325074K (74%)
----------------- Invoking toplevel() on ptolemy.moml.MoMLSimpleApplication@245b1dc5
----------------- Done invoking toplevel() on ptolemy.moml.MoMLSimpleApplication@245b1dc5
reloadAllAccessors: .Minimum

===========================================================================================
----------------- testing Wed Mar 04 17:10:01 UTC 2020 /home/travis/build/icyphy/ptII/ptolemy/actor/lib/test/auto/MinimumComplex.xml
----------------- Instantiating /home/travis/build/icyphy/ptII/ptolemy/actor/lib/test/auto/MinimumComplex.xml
5 ms. Memory: 440320K Free: 319458K (73%)
----------------- Invoking toplevel() on ptolemy.moml.MoMLSimpleApplication@2cfd7396
----------------- Done invoking toplevel() on ptolemy.moml.MoMLSimpleApplication@2cfd7396
reloadAllAccessors: .MinimumComplex

===========================================================================================
----------------- testing Wed Mar 04 17:10:01 UTC 2020 /home/travis/build/icyphy/ptII/ptolemy/actor/lib/test/auto/MinimumMultiports.xml
----------------- Instantiating /home/travis/build/icyphy/ptII/ptolemy/actor/lib/test/auto/MinimumMultiports.xml
3 ms. Memory: 440320K Free: 310722K (71%)
----------------- Invoking toplevel() on ptolemy.moml.MoMLSimpleApplication@5c01b95a
----------------- Done invoking toplevel() on ptolemy.moml.MoMLSimpleApplication@5c01b95a
reloadAllAccessors: .MinimumMultiports

===========================================================================================
----------------- testing Wed Mar 04 17:10:01 UTC 2020 /home/travis/build/icyphy/ptII/ptolemy/actor/lib/test/auto/ModifyDate.xml
----------------- Instantiating /home/travis/build/icyphy/ptII/ptolemy/actor/lib/test/auto/ModifyDate.xml
11 ms. Memory: 440320K Free: 297954K (68%)
----------------- Invoking toplevel() on ptolemy.moml.MoMLSimpleApplication@52542b98
----------------- Done invoking toplevel() on ptolemy.moml.MoMLSimpleApplication@52542b98
reloadAllAccessors: .ModifyDate

===========================================================================================
----------------- testing Wed Mar 04 17:10:01 UTC 2020 /home/travis/build/icyphy/ptII/ptolemy/actor/lib/test/auto/ModifyDate2.xml
----------------- Instantiating /home/travis/build/icyphy/ptII/ptolemy/actor/lib/test/auto/ModifyDate2.xml
7 ms. Memory: 440320K Free: 289248K (66%)
----------------- Invoking toplevel() on ptolemy.moml.MoMLSimpleApplication@24bbb836
----------------- Done invoking toplevel() on ptolemy.moml.MoMLSimpleApplication@24bbb836
reloadAllAccessors: .ModifyDate2

===========================================================================================
----------------- testing Wed Mar 04 17:10:01 UTC 2020 /home/travis/build/icyphy/ptII/ptolemy/actor/lib/test/auto/MovingAverage.xml
----------------- Instantiating /home/travis/build/icyphy/ptII/ptolemy/actor/lib/test/auto/MovingAverage.xml
11 ms. Memory: 440320K Free: 284128K (65%)
----------------- Invoking toplevel() on ptolemy.moml.MoMLSimpleApplication@19587e83
----------------- Done invoking toplevel() on ptolemy.moml.MoMLSimpleApplication@19587e83
reloadAllAccessors: .MovingAverage

===========================================================================================
----------------- testing Wed Mar 04 17:10:01 UTC 2020 /home/travis/build/icyphy/ptII/ptolemy/actor/lib/test/auto/MovingMaximum.xml
----------------- Instantiating /home/travis/build/icyphy/ptII/ptolemy/actor/lib/test/auto/MovingMaximum.xml
2 ms. Memory: 440320K Free: 279522K (63%)
----------------- Invoking toplevel() on ptolemy.moml.MoMLSimpleApplication@455e0e8e
----------------- Done invoking toplevel() on ptolemy.moml.MoMLSimpleApplication@455e0e8e
reloadAllAccessors: .MovingMaximum

===========================================================================================
----------------- testing Wed Mar 04 17:10:01 UTC 2020 /home/travis/build/icyphy/ptII/ptolemy/actor/lib/test/auto/MultipleLinksToSameRelation.xml
----------------- Instantiating /home/travis/build/icyphy/ptII/ptolemy/actor/lib/test/auto/MultipleLinksToSameRelation.xml
3 ms. Memory: 440320K Free: 275936K (63%)
----------------- Invoking toplevel() on ptolemy.moml.MoMLSimpleApplication@79640bb2
----------------- Done invoking toplevel() on ptolemy.moml.MoMLSimpleApplication@79640bb2
reloadAllAccessors: .MultipleLinksToSameRelation

===========================================================================================
----------------- testing Wed Mar 04 17:10:01 UTC 2020 /home/travis/build/icyphy/ptII/ptolemy/actor/lib/test/auto/MultipleLinksToSameRelationDE.xml
----------------- Instantiating /home/travis/build/icyphy/ptII/ptolemy/actor/lib/test/auto/MultipleLinksToSameRelationDE.xml
2 ms. Memory: 440320K Free: 271330K (62%)
----------------- Invoking toplevel() on ptolemy.moml.MoMLSimpleApplication@3edafd0b
----------------- Done invoking toplevel() on ptolemy.moml.MoMLSimpleApplication@3edafd0b
reloadAllAccessors: .MultipleLinksToSameRelationDE

===========================================================================================
----------------- testing Wed Mar 04 17:10:01 UTC 2020 /home/travis/build/icyphy/ptII/ptolemy/actor/lib/test/auto/Multiplexor.xml
----------------- Instantiating /home/travis/build/icyphy/ptII/ptolemy/actor/lib/test/auto/Multiplexor.xml
2 ms. Memory: 440320K Free: 265696K (60%)
----------------- Invoking toplevel() on ptolemy.moml.MoMLSimpleApplication@3c33ac6a
----------------- Done invoking toplevel() on ptolemy.moml.MoMLSimpleApplication@3c33ac6a
reloadAllAccessors: .Multiplexor

===========================================================================================
----------------- testing Wed Mar 04 17:10:01 UTC 2020 /home/travis/build/icyphy/ptII/ptolemy/actor/lib/test/auto/Multiplexor1.xml
----------------- Instantiating /home/travis/build/icyphy/ptII/ptolemy/actor/lib/test/auto/Multiplexor1.xml
2 ms. Memory: 440320K Free: 260066K (59%)
----------------- Invoking toplevel() on ptolemy.moml.MoMLSimpleApplication@42d2ee31
----------------- Done invoking toplevel() on ptolemy.moml.MoMLSimpleApplication@42d2ee31
reloadAllAccessors: .Multiplexor1

===========================================================================================
----------------- testing Wed Mar 04 17:10:01 UTC 2020 /home/travis/build/icyphy/ptII/ptolemy/actor/lib/test/auto/Multiplexor2.xml
----------------- Instantiating /home/travis/build/icyphy/ptII/ptolemy/actor/lib/test/auto/Multiplexor2.xml
8 ms. Memory: 440320K Free: 253408K (58%)
----------------- Invoking toplevel() on ptolemy.moml.MoMLSimpleApplication@6e48e31a
----------------- Done invoking toplevel() on ptolemy.moml.MoMLSimpleApplication@6e48e31a
reloadAllAccessors: .Multiplexor2

===========================================================================================
----------------- testing Wed Mar 04 17:10:01 UTC 2020 /home/travis/build/icyphy/ptII/ptolemy/actor/lib/test/auto/Multiplexor3.xml
----------------- Instantiating /home/travis/build/icyphy/ptII/ptolemy/actor/lib/test/auto/Multiplexor3.xml
2 ms. Memory: 440320K Free: 249312K (57%)
----------------- Invoking toplevel() on ptolemy.moml.MoMLSimpleApplication@20fe61b0
----------------- Done invoking toplevel() on ptolemy.moml.MoMLSimpleApplication@20fe61b0
reloadAllAccessors: .Multiplexor3

===========================================================================================
----------------- testing Wed Mar 04 17:10:01 UTC 2020 /home/travis/build/icyphy/ptII/ptolemy/actor/lib/test/auto/MultiplexorDE.xml
----------------- Instantiating /home/travis/build/icyphy/ptII/ptolemy/actor/lib/test/auto/MultiplexorDE.xml
3 ms. Memory: 440320K Free: 242114K (55%)
----------------- Invoking toplevel() on ptolemy.moml.MoMLSimpleApplication@265940d5
----------------- Done invoking toplevel() on ptolemy.moml.MoMLSimpleApplication@265940d5
reloadAllAccessors: .MultiplexorDE

===========================================================================================
----------------- testing Wed Mar 04 17:10:01 UTC 2020 /home/travis/build/icyphy/ptII/ptolemy/actor/lib/test/auto/MultiportBroadcastTest.xml
----------------- Instantiating /home/travis/build/icyphy/ptII/ptolemy/actor/lib/test/auto/MultiportBroadcastTest.xml
87 ms. Memory: 440320K Free: 235490K (53%)
----------------- Invoking toplevel() on ptolemy.moml.MoMLSimpleApplication@450f599
----------------- Done invoking toplevel() on ptolemy.moml.MoMLSimpleApplication@450f599
reloadAllAccessors: .MultiportBroadcastTest

===========================================================================================
----------------- testing Wed Mar 04 17:10:01 UTC 2020 /home/travis/build/icyphy/ptII/ptolemy/actor/lib/test/auto/MultiportOutHangDuringGetWidth.xml
----------------- Instantiating /home/travis/build/icyphy/ptII/ptolemy/actor/lib/test/auto/MultiportOutHangDuringGetWidth.xml
5 ms. Memory: 440320K Free: 223202K (51%)
----------------- Invoking toplevel() on ptolemy.moml.MoMLSimpleApplication@3427396a
----------------- Done invoking toplevel() on ptolemy.moml.MoMLSimpleApplication@3427396a
reloadAllAccessors: .MultiportOutHangDuringGetWidth

===========================================================================================
----------------- testing Wed Mar 04 17:10:01 UTC 2020 /home/travis/build/icyphy/ptII/ptolemy/actor/lib/test/auto/NilToken.xml
----------------- Instantiating /home/travis/build/icyphy/ptII/ptolemy/actor/lib/test/auto/NilToken.xml
2 ms. Memory: 440320K Free: 219106K (50%)
----------------- Invoking toplevel() on ptolemy.moml.MoMLSimpleApplication@7f7a0f61
----------------- Done invoking toplevel() on ptolemy.moml.MoMLSimpleApplication@7f7a0f61
reloadAllAccessors: .NilToken

===========================================================================================
----------------- testing Wed Mar 04 17:10:01 UTC 2020 /home/travis/build/icyphy/ptII/ptolemy/actor/lib/test/auto/NilTokenNonStrictTest.xml
----------------- Instantiating /home/travis/build/icyphy/ptII/ptolemy/actor/lib/test/auto/NilTokenNonStrictTest.xml
1 ms. Memory: 440320K Free: 213986K (49%)
----------------- Invoking toplevel() on ptolemy.moml.MoMLSimpleApplication@2ddfb558
----------------- Done invoking toplevel() on ptolemy.moml.MoMLSimpleApplication@2ddfb558
reloadAllAccessors: .NilTokenNonStrictTest

===========================================================================================
----------------- testing Wed Mar 04 17:10:01 UTC 2020 /home/travis/build/icyphy/ptII/ptolemy/actor/lib/test/auto/NilTokenRecord.xml
----------------- Instantiating /home/travis/build/icyphy/ptII/ptolemy/actor/lib/test/auto/NilTokenRecord.xml
11 ms. Memory: 440320K Free: 207328K (47%)
----------------- Invoking toplevel() on ptolemy.moml.MoMLSimpleApplication@f040bc1
----------------- Done invoking toplevel() on ptolemy.moml.MoMLSimpleApplication@f040bc1
reloadAllAccessors: .NilTokenRecord

===========================================================================================
----------------- testing Wed Mar 04 17:10:01 UTC 2020 /home/travis/build/icyphy/ptII/ptolemy/actor/lib/test/auto/NilTokenTypeTest.xml
----------------- Instantiating /home/travis/build/icyphy/ptII/ptolemy/actor/lib/test/auto/NilTokenTypeTest.xml
6 ms. Memory: 440320K Free: 197602K (45%)
----------------- Invoking toplevel() on ptolemy.moml.MoMLSimpleApplication@ed98025
----------------- Done invoking toplevel() on ptolemy.moml.MoMLSimpleApplication@ed98025
reloadAllAccessors: .NilTokenTypeTest

===========================================================================================
----------------- testing Wed Mar 04 17:10:01 UTC 2020 /home/travis/build/icyphy/ptII/ptolemy/actor/lib/test/auto/ObjectToken1.xml
----------------- Instantiating /home/travis/build/icyphy/ptII/ptolemy/actor/lib/test/auto/ObjectToken1.xml
3 ms. Memory: 440320K Free: 194016K (44%)
----------------- Invoking toplevel() on ptolemy.moml.MoMLSimpleApplication@5eb5ae97
----------------- Done invoking toplevel() on ptolemy.moml.MoMLSimpleApplication@5eb5ae97
reloadAllAccessors: .ObjectToken1

===========================================================================================
----------------- testing Wed Mar 04 17:10:01 UTC 2020 /home/travis/build/icyphy/ptII/ptolemy/actor/lib/test/auto/OrderedMerge.xml
----------------- Instantiating /home/travis/build/icyphy/ptII/ptolemy/actor/lib/test/auto/OrderedMerge.xml
13 ms. Memory: 440320K Free: 188386K (43%)
----------------- Invoking toplevel() on ptolemy.moml.MoMLSimpleApplication@642dd2d
----------------- Done invoking toplevel() on ptolemy.moml.MoMLSimpleApplication@642dd2d
reloadAllAccessors: .OrderedMerge

===========================================================================================
----------------- testing Wed Mar 04 17:10:01 UTC 2020 /home/travis/build/icyphy/ptII/ptolemy/actor/lib/test/auto/OrderedRecordDisassembler.xml
----------------- Instantiating /home/travis/build/icyphy/ptII/ptolemy/actor/lib/test/auto/OrderedRecordDisassembler.xml
3 ms. Memory: 440320K Free: 183266K (42%)
----------------- Invoking toplevel() on ptolemy.moml.MoMLSimpleApplication@6d1649b8
----------------- Done invoking toplevel() on ptolemy.moml.MoMLSimpleApplication@6d1649b8
reloadAllAccessors: .OrderedRecordDisassembler

===========================================================================================
----------------- testing Wed Mar 04 17:10:01 UTC 2020 /home/travis/build/icyphy/ptII/ptolemy/actor/lib/test/auto/OrderedRecordDisassembler2.xml
----------------- Instantiating /home/travis/build/icyphy/ptII/ptolemy/actor/lib/test/auto/OrderedRecordDisassembler2.xml
5 ms. Memory: 440320K Free: 175570K (40%)
----------------- Invoking toplevel() on ptolemy.moml.MoMLSimpleApplication@5198d098
----------------- Done invoking toplevel() on ptolemy.moml.MoMLSimpleApplication@5198d098
reloadAllAccessors: .OrderedRecordDisassembler2

===========================================================================================
----------------- testing Wed Mar 04 17:10:01 UTC 2020 /home/travis/build/icyphy/ptII/ptolemy/actor/lib/test/auto/OrderedRecordUpdater.xml
----------------- Instantiating /home/travis/build/icyphy/ptII/ptolemy/actor/lib/test/auto/OrderedRecordUpdater.xml
2 ms. Memory: 440320K Free: 170464K (39%)
----------------- Invoking toplevel() on ptolemy.moml.MoMLSimpleApplication@35639d26
----------------- Done invoking toplevel() on ptolemy.moml.MoMLSimpleApplication@35639d26
reloadAllAccessors: .RecordUpdater

===========================================================================================
----------------- testing Wed Mar 04 17:10:01 UTC 2020 /home/travis/build/icyphy/ptII/ptolemy/actor/lib/test/auto/OrderedRecordUpdater2.xml
----------------- Instantiating /home/travis/build/icyphy/ptII/ptolemy/actor/lib/test/auto/OrderedRecordUpdater2.xml
3 ms. Memory: 440320K Free: 165344K (38%)
----------------- Invoking toplevel() on ptolemy.moml.MoMLSimpleApplication@73d4ace1
----------------- Done invoking toplevel() on ptolemy.moml.MoMLSimpleApplication@73d4ace1
reloadAllAccessors: .RecordUpdater2

===========================================================================================
----------------- testing Wed Mar 04 17:10:01 UTC 2020 /home/travis/build/icyphy/ptII/ptolemy/actor/lib/test/auto/PhaseUnwrap.xml
----------------- Instantiating /home/travis/build/icyphy/ptII/ptolemy/actor/lib/test/auto/PhaseUnwrap.xml
1 ms. Memory: 440320K Free: 160738K (37%)
----------------- Invoking toplevel() on ptolemy.moml.MoMLSimpleApplication@3ef34e1f
----------------- Done invoking toplevel() on ptolemy.moml.MoMLSimpleApplication@3ef34e1f
reloadAllAccessors: .PhaseUnwrap

===========================================================================================
----------------- testing Wed Mar 04 17:10:01 UTC 2020 /home/travis/build/icyphy/ptII/ptolemy/actor/lib/test/auto/PoissonClock.xml
----------------- Instantiating /home/travis/build/icyphy/ptII/ptolemy/actor/lib/test/auto/PoissonClock.xml
2 ms. Memory: 440320K Free: 156642K (36%)
----------------- Invoking toplevel() on ptolemy.moml.MoMLSimpleApplication@3a90ee56
----------------- Done invoking toplevel() on ptolemy.moml.MoMLSimpleApplication@3a90ee56
reloadAllAccessors: .PoissonClock

===========================================================================================
----------------- testing Wed Mar 04 17:10:01 UTC 2020 /home/travis/build/icyphy/ptII/ptolemy/actor/lib/test/auto/PoissonClock2.xml
----------------- Instantiating /home/travis/build/icyphy/ptII/ptolemy/actor/lib/test/auto/PoissonClock2.xml
1 ms. Memory: 440320K Free: 152032K (35%)
----------------- Invoking toplevel() on ptolemy.moml.MoMLSimpleApplication@15cb3900
----------------- Done invoking toplevel() on ptolemy.moml.MoMLSimpleApplication@15cb3900
reloadAllAccessors: .PoissonClock2

===========================================================================================
----------------- testing Wed Mar 04 17:10:01 UTC 2020 /home/travis/build/icyphy/ptII/ptolemy/actor/lib/test/auto/PoissonClock3.xml
----------------- Instantiating /home/travis/build/icyphy/ptII/ptolemy/actor/lib/test/auto/PoissonClock3.xml
2 ms. Memory: 440320K Free: 147936K (34%)
----------------- Invoking toplevel() on ptolemy.moml.MoMLSimpleApplication@525ab080
----------------- Done invoking toplevel() on ptolemy.moml.MoMLSimpleApplication@525ab080
reloadAllAccessors: .PoissonClock3

===========================================================================================
----------------- testing Wed Mar 04 17:10:01 UTC 2020 /home/travis/build/icyphy/ptII/ptolemy/actor/lib/test/auto/PubSubWithInitialTokens.xml
----------------- Instantiating /home/travis/build/icyphy/ptII/ptolemy/actor/lib/test/auto/PubSubWithInitialTokens.xml
2 ms. Memory: 440320K Free: 142306K (32%)
----------------- Invoking toplevel() on ptolemy.moml.MoMLSimpleApplication@57415eee
----------------- Done invoking toplevel() on ptolemy.moml.MoMLSimpleApplication@57415eee
reloadAllAccessors: .PubSubWithInitialTokens

===========================================================================================
----------------- testing Wed Mar 04 17:10:01 UTC 2020 /home/travis/build/icyphy/ptII/ptolemy/actor/lib/test/auto/PubSubWithInitialTokens2.xml
----------------- Instantiating /home/travis/build/icyphy/ptII/ptolemy/actor/lib/test/auto/PubSubWithInitialTokens2.xml
2 ms. Memory: 440320K Free: 136162K (31%)
----------------- Invoking toplevel() on ptolemy.moml.MoMLSimpleApplication@413eda6c
----------------- Done invoking toplevel() on ptolemy.moml.MoMLSimpleApplication@413eda6c
reloadAllAccessors: .PubSubWithInitialTokens2

===========================================================================================
----------------- testing Wed Mar 04 17:10:01 UTC 2020 /home/travis/build/icyphy/ptII/ptolemy/actor/lib/test/auto/PublisherClassNoParameter.xml
----------------- Instantiating /home/travis/build/icyphy/ptII/ptolemy/actor/lib/test/auto/PublisherClassNoParameter.xml
2 ms. Memory: 440320K Free: 387043K (88%)
----------------- Invoking toplevel() on ptolemy.moml.MoMLSimpleApplication@2c892383
----------------- Done invoking toplevel() on ptolemy.moml.MoMLSimpleApplication@2c892383
reloadAllAccessors: .PublisherClassNoParameter

===========================================================================================
----------------- testing Wed Mar 04 17:10:01 UTC 2020 /home/travis/build/icyphy/ptII/ptolemy/actor/lib/test/auto/PublisherClassParameter.xml
----------------- Instantiating /home/travis/build/icyphy/ptII/ptolemy/actor/lib/test/auto/PublisherClassParameter.xml
2 ms. Memory: 440320K Free: 376789K (86%)
----------------- Invoking toplevel() on ptolemy.moml.MoMLSimpleApplication@14700af2
----------------- Done invoking toplevel() on ptolemy.moml.MoMLSimpleApplication@14700af2
reloadAllAccessors: .PublisherClassParameter

===========================================================================================
----------------- testing Wed Mar 04 17:10:01 UTC 2020 /home/travis/build/icyphy/ptII/ptolemy/actor/lib/test/auto/PublisherNonStrictTest.xml
----------------- Instantiating /home/travis/build/icyphy/ptII/ptolemy/actor/lib/test/auto/PublisherNonStrictTest.xml
3 ms. Memory: 440320K Free: 369125K (84%)
----------------- Invoking toplevel() on ptolemy.moml.MoMLSimpleApplication@238bc3e7
----------------- Done invoking toplevel() on ptolemy.moml.MoMLSimpleApplication@238bc3e7
reloadAllAccessors: .PublisherNonStrictTest

===========================================================================================
----------------- testing Wed Mar 04 17:10:01 UTC 2020 /home/travis/build/icyphy/ptII/ptolemy/actor/lib/test/auto/PublisherPort1.xml
----------------- Instantiating /home/travis/build/icyphy/ptII/ptolemy/actor/lib/test/auto/PublisherPort1.xml
3 ms. Memory: 440320K Free: 363477K (83%)
----------------- Invoking toplevel() on ptolemy.moml.MoMLSimpleApplication@5b8d0647
----------------- Done invoking toplevel() on ptolemy.moml.MoMLSimpleApplication@5b8d0647
reloadAllAccessors: .PublisherPort1

===========================================================================================
----------------- testing Wed Mar 04 17:10:01 UTC 2020 /home/travis/build/icyphy/ptII/ptolemy/actor/lib/test/auto/PublisherPort2.xml
----------------- Instantiating /home/travis/build/icyphy/ptII/ptolemy/actor/lib/test/auto/PublisherPort2.xml
1 ms. Memory: 440320K Free: 358371K (81%)
----------------- Invoking toplevel() on ptolemy.moml.MoMLSimpleApplication@36ff5d4d
----------------- Done invoking toplevel() on ptolemy.moml.MoMLSimpleApplication@36ff5d4d
reloadAllAccessors: .PublisherPort2

===========================================================================================
----------------- testing Wed Mar 04 17:10:01 UTC 2020 /home/travis/build/icyphy/ptII/ptolemy/actor/lib/test/auto/PublisherPort3.xml
----------------- Instantiating /home/travis/build/icyphy/ptII/ptolemy/actor/lib/test/auto/PublisherPort3.xml
3 ms. Memory: 440320K Free: 351717K (80%)
----------------- Invoking toplevel() on ptolemy.moml.MoMLSimpleApplication@29c043ec
----------------- Done invoking toplevel() on ptolemy.moml.MoMLSimpleApplication@29c043ec
reloadAllAccessors: .PublisherPort3

===========================================================================================
----------------- testing Wed Mar 04 17:10:01 UTC 2020 /home/travis/build/icyphy/ptII/ptolemy/actor/lib/test/auto/PublisherPort4.xml
----------------- Instantiating /home/travis/build/icyphy/ptII/ptolemy/actor/lib/test/auto/PublisherPort4.xml
12 ms. Memory: 440320K Free: 346069K (79%)
----------------- Invoking toplevel() on ptolemy.moml.MoMLSimpleApplication@3c81cc11
----------------- Done invoking toplevel() on ptolemy.moml.MoMLSimpleApplication@3c81cc11
reloadAllAccessors: .PublisherPort4

===========================================================================================
----------------- testing Wed Mar 04 17:10:01 UTC 2020 /home/travis/build/icyphy/ptII/ptolemy/actor/lib/test/auto/PublisherPort5.xml
----------------- Instantiating /home/travis/build/icyphy/ptII/ptolemy/actor/lib/test/auto/PublisherPort5.xml
3 ms. Memory: 440320K Free: 338405K (77%)
----------------- Invoking toplevel() on ptolemy.moml.MoMLSimpleApplication@22fe7d9e
----------------- Done invoking toplevel() on ptolemy.moml.MoMLSimpleApplication@22fe7d9e
reloadAllAccessors: .PublisherPort5

===========================================================================================
----------------- testing Wed Mar 04 17:10:02 UTC 2020 /home/travis/build/icyphy/ptII/ptolemy/actor/lib/test/auto/PublisherPort5LookAlike.xml
----------------- Instantiating /home/travis/build/icyphy/ptII/ptolemy/actor/lib/test/auto/PublisherPort5LookAlike.xml
8 ms. Memory: 440320K Free: 330723K (75%)
----------------- Invoking toplevel() on ptolemy.moml.MoMLSimpleApplication@326945ab
----------------- Done invoking toplevel() on ptolemy.moml.MoMLSimpleApplication@326945ab
reloadAllAccessors: .PublisherPort5LookAlike

===========================================================================================
----------------- testing Wed Mar 04 17:10:02 UTC 2020 /home/travis/build/icyphy/ptII/ptolemy/actor/lib/test/auto/PublisherPort6.xml
----------------- Instantiating /home/travis/build/icyphy/ptII/ptolemy/actor/lib/test/auto/PublisherPort6.xml
2 ms. Memory: 440320K Free: 324069K (74%)
----------------- Invoking toplevel() on ptolemy.moml.MoMLSimpleApplication@254caa1b
----------------- Done invoking toplevel() on ptolemy.moml.MoMLSimpleApplication@254caa1b
reloadAllAccessors: .PublisherPort6

===========================================================================================
----------------- testing Wed Mar 04 17:10:02 UTC 2020 /home/travis/build/icyphy/ptII/ptolemy/actor/lib/test/auto/PublisherPort7.xml
----------------- Instantiating /home/travis/build/icyphy/ptII/ptolemy/actor/lib/test/auto/PublisherPort7.xml
5 ms. Memory: 440320K Free: 316387K (72%)
----------------- Invoking toplevel() on ptolemy.moml.MoMLSimpleApplication@6858116e
----------------- Done invoking toplevel() on ptolemy.moml.MoMLSimpleApplication@6858116e
reloadAllAccessors: .PublisherPort7

===========================================================================================
----------------- testing Wed Mar 04 17:10:02 UTC 2020 /home/travis/build/icyphy/ptII/ptolemy/actor/lib/test/auto/PublisherPort8.xml
----------------- Instantiating /home/travis/build/icyphy/ptII/ptolemy/actor/lib/test/auto/PublisherPort8.xml
4 ms. Memory: 440320K Free: 307685K (70%)
----------------- Invoking toplevel() on ptolemy.moml.MoMLSimpleApplication@18c2f546
----------------- Done invoking toplevel() on ptolemy.moml.MoMLSimpleApplication@18c2f546
reloadAllAccessors: .PublisherPort8

===========================================================================================
----------------- testing Wed Mar 04 17:10:02 UTC 2020 /home/travis/build/icyphy/ptII/ptolemy/actor/lib/test/auto/PublisherPortSubscriberChannelVariablesAOC2.xml
----------------- Instantiating /home/travis/build/icyphy/ptII/ptolemy/actor/lib/test/auto/PublisherPortSubscriberChannelVariablesAOC2.xml
2 ms. Memory: 440320K Free: 290277K (66%)
----------------- Invoking toplevel() on ptolemy.moml.MoMLSimpleApplication@7a35500c
----------------- Done invoking toplevel() on ptolemy.moml.MoMLSimpleApplication@7a35500c
reloadAllAccessors: .PublisherPortSubscriberChannelVariablesAOC2

===========================================================================================
----------------- testing Wed Mar 04 17:10:02 UTC 2020 /home/travis/build/icyphy/ptII/ptolemy/actor/lib/test/auto/PublisherPortSubscriberOpaqueWidthInference.xml
----------------- Instantiating /home/travis/build/icyphy/ptII/ptolemy/actor/lib/test/auto/PublisherPortSubscriberOpaqueWidthInference.xml
3 ms. Memory: 440320K Free: 282085K (64%)
----------------- Invoking toplevel() on ptolemy.moml.MoMLSimpleApplication@4b60962a
----------------- Done invoking toplevel() on ptolemy.moml.MoMLSimpleApplication@4b60962a
reloadAllAccessors: .PublisherPortSubscriberOpaqueWidthInference

===========================================================================================
----------------- testing Wed Mar 04 17:10:02 UTC 2020 /home/travis/build/icyphy/ptII/ptolemy/actor/lib/test/auto/PublisherPortSubscriberPortAdjacent.xml
----------------- Instantiating /home/travis/build/icyphy/ptII/ptolemy/actor/lib/test/auto/PublisherPortSubscriberPortAdjacent.xml
2 ms. Memory: 440320K Free: 274403K (62%)
----------------- Invoking toplevel() on ptolemy.moml.MoMLSimpleApplication@29c63bff
----------------- Done invoking toplevel() on ptolemy.moml.MoMLSimpleApplication@29c63bff
reloadAllAccessors: .PublisherPortSubscriberPortAdjacent

===========================================================================================
----------------- testing Wed Mar 04 17:10:02 UTC 2020 /home/travis/build/icyphy/ptII/ptolemy/actor/lib/test/auto/PublisherPortSubscriberPortExpression.xml
----------------- Instantiating /home/travis/build/icyphy/ptII/ptolemy/actor/lib/test/auto/PublisherPortSubscriberPortExpression.xml
8 ms. Memory: 440320K Free: 266725K (61%)
----------------- Invoking toplevel() on ptolemy.moml.MoMLSimpleApplication@10467c31
----------------- Done invoking toplevel() on ptolemy.moml.MoMLSimpleApplication@10467c31
reloadAllAccessors: .PublisherPortSubscriberPortExpression

===========================================================================================
----------------- testing Wed Mar 04 17:10:02 UTC 2020 /home/travis/build/icyphy/ptII/ptolemy/actor/lib/test/auto/PublisherPortSubscriberPortOpaqueD3Reverse.xml
----------------- Instantiating /home/travis/build/icyphy/ptII/ptolemy/actor/lib/test/auto/PublisherPortSubscriberPortOpaqueD3Reverse.xml
10 ms. Memory: 440320K Free: 256485K (58%)
----------------- Invoking toplevel() on ptolemy.moml.MoMLSimpleApplication@1b8e5d83
----------------- Done invoking toplevel() on ptolemy.moml.MoMLSimpleApplication@1b8e5d83
reloadAllAccessors: .PublisherPortSubscriberPortOpaqueD3Reverse

===========================================================================================
----------------- testing Wed Mar 04 17:10:02 UTC 2020 /home/travis/build/icyphy/ptII/ptolemy/actor/lib/test/auto/PublisherPortSubscriberPortOpaqueWidthInference.xml
----------------- Instantiating /home/travis/build/icyphy/ptII/ptolemy/actor/lib/test/auto/PublisherPortSubscriberPortOpaqueWidthInference.xml
4 ms. Memory: 440320K Free: 248789K (57%)
----------------- Invoking toplevel() on ptolemy.moml.MoMLSimpleApplication@6c5d4072
----------------- Done invoking toplevel() on ptolemy.moml.MoMLSimpleApplication@6c5d4072
reloadAllAccessors: .PublisherPortSubscriberPortOpaqueWidthInference

===========================================================================================
----------------- testing Wed Mar 04 17:10:02 UTC 2020 /home/travis/build/icyphy/ptII/ptolemy/actor/lib/test/auto/PublisherPortToplevelSubscriberPortAOC.xml
----------------- Instantiating /home/travis/build/icyphy/ptII/ptolemy/actor/lib/test/auto/PublisherPortToplevelSubscriberPortAOC.xml
.PublisherPortToplevelSubscriberPortAOC.TestExceptionAttribute: initialize() was not invoked, but wrapup() was.  This is unusual, but not always a problem.  For example, exporting JNLP will do this.
1 ms. Memory: 440320K Free: 243173K (55%)
----------------- Invoking toplevel() on ptolemy.moml.MoMLSimpleApplication@2810f615
----------------- Done invoking toplevel() on ptolemy.moml.MoMLSimpleApplication@2810f615
reloadAllAccessors: .PublisherPortToplevelSubscriberPortAOC

===========================================================================================
----------------- testing Wed Mar 04 17:10:02 UTC 2020 /home/travis/build/icyphy/ptII/ptolemy/actor/lib/test/auto/PublisherSubscriber.xml
----------------- Instantiating /home/travis/build/icyphy/ptII/ptolemy/actor/lib/test/auto/PublisherSubscriber.xml
3 ms. Memory: 440320K Free: 235461K (53%)
----------------- Invoking toplevel() on ptolemy.moml.MoMLSimpleApplication@5f8dbcf2
----------------- Done invoking toplevel() on ptolemy.moml.MoMLSimpleApplication@5f8dbcf2
reloadAllAccessors: .PublisherSubscriber

===========================================================================================
----------------- testing Wed Mar 04 17:10:02 UTC 2020 /home/travis/build/icyphy/ptII/ptolemy/actor/lib/test/auto/PublisherSubscriber10.xml
----------------- Instantiating /home/travis/build/icyphy/ptII/ptolemy/actor/lib/test/auto/PublisherSubscriber10.xml
8 ms. Memory: 440320K Free: 225765K (51%)
----------------- Invoking toplevel() on ptolemy.moml.MoMLSimpleApplication@7af6c92f
----------------- Done invoking toplevel() on ptolemy.moml.MoMLSimpleApplication@7af6c92f
reloadAllAccessors: .PublisherSubscriber10

===========================================================================================
----------------- testing Wed Mar 04 17:10:02 UTC 2020 /home/travis/build/icyphy/ptII/ptolemy/actor/lib/test/auto/PublisherSubscriber10InitialOutputs.xml
----------------- Instantiating /home/travis/build/icyphy/ptII/ptolemy/actor/lib/test/auto/PublisherSubscriber10InitialOutputs.xml
19 ms. Memory: 440320K Free: 216549K (49%)
----------------- Invoking toplevel() on ptolemy.moml.MoMLSimpleApplication@3a9e57d5
----------------- Done invoking toplevel() on ptolemy.moml.MoMLSimpleApplication@3a9e57d5
reloadAllAccessors: .PublisherSubscriber10InitialOutputs

===========================================================================================
----------------- testing Wed Mar 04 17:10:02 UTC 2020 /home/travis/build/icyphy/ptII/ptolemy/actor/lib/test/auto/PublisherSubscriber11.xml
----------------- Instantiating /home/travis/build/icyphy/ptII/ptolemy/actor/lib/test/auto/PublisherSubscriber11.xml
7 ms. Memory: 440320K Free: 210405K (48%)
----------------- Invoking toplevel() on ptolemy.moml.MoMLSimpleApplication@72c74d3c
----------------- Done invoking toplevel() on ptolemy.moml.MoMLSimpleApplication@72c74d3c
reloadAllAccessors: .PublisherSubscriber11

===========================================================================================
----------------- testing Wed Mar 04 17:10:02 UTC 2020 /home/travis/build/icyphy/ptII/ptolemy/actor/lib/test/auto/PublisherSubscriber12.xml
----------------- Instantiating /home/travis/build/icyphy/ptII/ptolemy/actor/lib/test/auto/PublisherSubscriber12.xml
3 ms. Memory: 440320K Free: 203747K (46%)
----------------- Invoking toplevel() on ptolemy.moml.MoMLSimpleApplication@62dfcb4a
----------------- Done invoking toplevel() on ptolemy.moml.MoMLSimpleApplication@62dfcb4a
reloadAllAccessors: .PublisherSubscriber12

===========================================================================================
----------------- testing Wed Mar 04 17:10:02 UTC 2020 /home/travis/build/icyphy/ptII/ptolemy/actor/lib/test/auto/PublisherSubscriber13.xml
----------------- Instantiating /home/travis/build/icyphy/ptII/ptolemy/actor/lib/test/auto/PublisherSubscriber13.xml
2 ms. Memory: 440320K Free: 198117K (45%)
----------------- Invoking toplevel() on ptolemy.moml.MoMLSimpleApplication@12f7b0e7
----------------- Done invoking toplevel() on ptolemy.moml.MoMLSimpleApplication@12f7b0e7
reloadAllAccessors: .PublisherSubscriber13

===========================================================================================
----------------- testing Wed Mar 04 17:10:02 UTC 2020 /home/travis/build/icyphy/ptII/ptolemy/actor/lib/test/auto/PublisherSubscriber14.xml
----------------- Instantiating /home/travis/build/icyphy/ptII/ptolemy/actor/lib/test/auto/PublisherSubscriber14.xml
2 ms. Memory: 440320K Free: 189381K (43%)
----------------- Invoking toplevel() on ptolemy.moml.MoMLSimpleApplication@77ee756d
----------------- Done invoking toplevel() on ptolemy.moml.MoMLSimpleApplication@77ee756d
reloadAllAccessors: .PublisherSubscriber14

===========================================================================================
----------------- testing Wed Mar 04 17:10:02 UTC 2020 /home/travis/build/icyphy/ptII/ptolemy/actor/lib/test/auto/PublisherSubscriber2.xml
----------------- Instantiating /home/travis/build/icyphy/ptII/ptolemy/actor/lib/test/auto/PublisherSubscriber2.xml
3 ms. Memory: 440320K Free: 183781K (42%)
----------------- Invoking toplevel() on ptolemy.moml.MoMLSimpleApplication@707ac9b2
----------------- Done invoking toplevel() on ptolemy.moml.MoMLSimpleApplication@707ac9b2
reloadAllAccessors: .PublisherSubscriber2

===========================================================================================
----------------- testing Wed Mar 04 17:10:02 UTC 2020 /home/travis/build/icyphy/ptII/ptolemy/actor/lib/test/auto/PublisherSubscriber3.xml
----------------- Instantiating /home/travis/build/icyphy/ptII/ptolemy/actor/lib/test/auto/PublisherSubscriber3.xml
3 ms. Memory: 440320K Free: 178117K (40%)
----------------- Invoking toplevel() on ptolemy.moml.MoMLSimpleApplication@40f78b88
----------------- Done invoking toplevel() on ptolemy.moml.MoMLSimpleApplication@40f78b88
reloadAllAccessors: .PublisherSubscriber3

===========================================================================================
----------------- testing Wed Mar 04 17:10:02 UTC 2020 /home/travis/build/icyphy/ptII/ptolemy/actor/lib/test/auto/PublisherSubscriber4.xml
----------------- Instantiating /home/travis/build/icyphy/ptII/ptolemy/actor/lib/test/auto/PublisherSubscriber4.xml
2 ms. Memory: 440320K Free: 172997K (39%)
----------------- Invoking toplevel() on ptolemy.moml.MoMLSimpleApplication@6b98dda1
----------------- Done invoking toplevel() on ptolemy.moml.MoMLSimpleApplication@6b98dda1
reloadAllAccessors: .PublisherSubscriber4

===========================================================================================
----------------- testing Wed Mar 04 17:10:02 UTC 2020 /home/travis/build/icyphy/ptII/ptolemy/actor/lib/test/auto/PublisherSubscriber5.xml
----------------- Instantiating /home/travis/build/icyphy/ptII/ptolemy/actor/lib/test/auto/PublisherSubscriber5.xml
2 ms. Memory: 440320K Free: 166373K (38%)
----------------- Invoking toplevel() on ptolemy.moml.MoMLSimpleApplication@1c8ebd80
----------------- Done invoking toplevel() on ptolemy.moml.MoMLSimpleApplication@1c8ebd80
reloadAllAccessors: .PublisherSubscriber5

===========================================================================================
----------------- testing Wed Mar 04 17:10:02 UTC 2020 /home/travis/build/icyphy/ptII/ptolemy/actor/lib/test/auto/PublisherSubscriber6.xml
----------------- Instantiating /home/travis/build/icyphy/ptII/ptolemy/actor/lib/test/auto/PublisherSubscriber6.xml
4 ms. Memory: 440320K Free: 159715K (36%)
----------------- Invoking toplevel() on ptolemy.moml.MoMLSimpleApplication@44dcd6dc
----------------- Done invoking toplevel() on ptolemy.moml.MoMLSimpleApplication@44dcd6dc
reloadAllAccessors: .PublisherSubscriber6

===========================================================================================
----------------- testing Wed Mar 04 17:10:02 UTC 2020 /home/travis/build/icyphy/ptII/ptolemy/actor/lib/test/auto/PublisherSubscriber7.xml
----------------- Instantiating /home/travis/build/icyphy/ptII/ptolemy/actor/lib/test/auto/PublisherSubscriber7.xml
8 ms. Memory: 440320K Free: 152547K (35%)
----------------- Invoking toplevel() on ptolemy.moml.MoMLSimpleApplication@62d99093
----------------- Done invoking toplevel() on ptolemy.moml.MoMLSimpleApplication@62d99093
reloadAllAccessors: .PublisherSubscriber7

===========================================================================================
----------------- testing Wed Mar 04 17:10:02 UTC 2020 /home/travis/build/icyphy/ptII/ptolemy/actor/lib/test/auto/PublisherSubscriber8.xml
----------------- Instantiating /home/travis/build/icyphy/ptII/ptolemy/actor/lib/test/auto/PublisherSubscriber8.xml
17 ms. Memory: 440320K Free: 140773K (32%)
----------------- Invoking toplevel() on ptolemy.moml.MoMLSimpleApplication@20c67879
----------------- Done invoking toplevel() on ptolemy.moml.MoMLSimpleApplication@20c67879
reloadAllAccessors: .PublisherSubscriber8

===========================================================================================
----------------- testing Wed Mar 04 17:10:02 UTC 2020 /home/travis/build/icyphy/ptII/ptolemy/actor/lib/test/auto/PublisherSubscriber9.xml
----------------- Instantiating /home/travis/build/icyphy/ptII/ptolemy/actor/lib/test/auto/PublisherSubscriber9.xml
3 ms. Memory: 440320K Free: 133605K (30%)
----------------- Invoking toplevel() on ptolemy.moml.MoMLSimpleApplication@56bde970
----------------- Done invoking toplevel() on ptolemy.moml.MoMLSimpleApplication@56bde970
reloadAllAccessors: .PublisherSubscriber9

===========================================================================================
----------------- testing Wed Mar 04 17:10:02 UTC 2020 /home/travis/build/icyphy/ptII/ptolemy/actor/lib/test/auto/PublisherSubscriberAdjacent.xml
----------------- Instantiating /home/travis/build/icyphy/ptII/ptolemy/actor/lib/test/auto/PublisherSubscriberAdjacent.xml
2 ms. Memory: 440320K Free: 385212K (87%)
----------------- Invoking toplevel() on ptolemy.moml.MoMLSimpleApplication@7eaefefb
----------------- Done invoking toplevel() on ptolemy.moml.MoMLSimpleApplication@7eaefefb
reloadAllAccessors: .PublisherSubscriberAdjacent

===========================================================================================
----------------- testing Wed Mar 04 17:10:02 UTC 2020 /home/travis/build/icyphy/ptII/ptolemy/actor/lib/test/auto/PublisherSubscriberChannelVariablesAOC2.xml
----------------- Instantiating /home/travis/build/icyphy/ptII/ptolemy/actor/lib/test/auto/PublisherSubscriberChannelVariablesAOC2.xml
3 ms. Memory: 440320K Free: 370362K (84%)
----------------- Invoking toplevel() on ptolemy.moml.MoMLSimpleApplication@61325649
----------------- Done invoking toplevel() on ptolemy.moml.MoMLSimpleApplication@61325649
reloadAllAccessors: .PublisherSubscriberChannelVariablesAOC2

===========================================================================================
----------------- testing Wed Mar 04 17:10:02 UTC 2020 /home/travis/build/icyphy/ptII/ptolemy/actor/lib/test/auto/PublisherSubscriberD3.xml
----------------- Instantiating /home/travis/build/icyphy/ptII/ptolemy/actor/lib/test/auto/PublisherSubscriberD3.xml
2 ms. Memory: 440320K Free: 363194K (82%)
----------------- Invoking toplevel() on ptolemy.moml.MoMLSimpleApplication@253a8f9
----------------- Done invoking toplevel() on ptolemy.moml.MoMLSimpleApplication@253a8f9
reloadAllAccessors: .PublisherSubscriberD3

===========================================================================================
----------------- testing Wed Mar 04 17:10:02 UTC 2020 /home/travis/build/icyphy/ptII/ptolemy/actor/lib/test/auto/PublisherSubscriberD3Reverse.xml
----------------- Instantiating /home/travis/build/icyphy/ptII/ptolemy/actor/lib/test/auto/PublisherSubscriberD3Reverse.xml
1 ms. Memory: 440320K Free: 356540K (81%)
----------------- Invoking toplevel() on ptolemy.moml.MoMLSimpleApplication@151b2ea7
----------------- Done invoking toplevel() on ptolemy.moml.MoMLSimpleApplication@151b2ea7
reloadAllAccessors: .PublisherSubscriberD3Reverse

===========================================================================================
----------------- testing Wed Mar 04 17:10:02 UTC 2020 /home/travis/build/icyphy/ptII/ptolemy/actor/lib/test/auto/PublisherSubscriberExpression.xml
----------------- Instantiating /home/travis/build/icyphy/ptII/ptolemy/actor/lib/test/auto/PublisherSubscriberExpression.xml
4 ms. Memory: 440320K Free: 347820K (79%)
----------------- Invoking toplevel() on ptolemy.moml.MoMLSimpleApplication@56b77799
----------------- Done invoking toplevel() on ptolemy.moml.MoMLSimpleApplication@56b77799
reloadAllAccessors: .PublisherSubscriberExpression

===========================================================================================
----------------- testing Wed Mar 04 17:10:02 UTC 2020 /home/travis/build/icyphy/ptII/ptolemy/actor/lib/test/auto/PublisherSubscriberOpaque.xml
----------------- Instantiating /home/travis/build/icyphy/ptII/ptolemy/actor/lib/test/auto/PublisherSubscriberOpaque.xml
4 ms. Memory: 440320K Free: 339642K (77%)
----------------- Invoking toplevel() on ptolemy.moml.MoMLSimpleApplication@1d773bda
----------------- Done invoking toplevel() on ptolemy.moml.MoMLSimpleApplication@1d773bda
reloadAllAccessors: .PublisherSubscriberOpaque

===========================================================================================
----------------- testing Wed Mar 04 17:10:02 UTC 2020 /home/travis/build/icyphy/ptII/ptolemy/actor/lib/test/auto/PublisherSubscriberOpaqueD3.xml
----------------- Instantiating /home/travis/build/icyphy/ptII/ptolemy/actor/lib/test/auto/PublisherSubscriberOpaqueD3.xml
6 ms. Memory: 440320K Free: 328378K (75%)
----------------- Invoking toplevel() on ptolemy.moml.MoMLSimpleApplication@7d09edbe
----------------- Done invoking toplevel() on ptolemy.moml.MoMLSimpleApplication@7d09edbe
reloadAllAccessors: .PublisherSubscriberOpaqueD3

===========================================================================================
----------------- testing Wed Mar 04 17:10:02 UTC 2020 /home/travis/build/icyphy/ptII/ptolemy/actor/lib/test/auto/PublisherSubscriberOpaqueD3Reverse.xml
----------------- Instantiating /home/travis/build/icyphy/ptII/ptolemy/actor/lib/test/auto/PublisherSubscriberOpaqueD3Reverse.xml
9 ms. Memory: 440320K Free: 317628K (72%)
----------------- Invoking toplevel() on ptolemy.moml.MoMLSimpleApplication@9c6352a
----------------- Done invoking toplevel() on ptolemy.moml.MoMLSimpleApplication@9c6352a
reloadAllAccessors: .PublisherSubscriberOpaqueD3Reverse

===========================================================================================
----------------- testing Wed Mar 04 17:10:02 UTC 2020 /home/travis/build/icyphy/ptII/ptolemy/actor/lib/test/auto/PublisherSubscriberOpaqueWidthInference.xml
----------------- Instantiating /home/travis/build/icyphy/ptII/ptolemy/actor/lib/test/auto/PublisherSubscriberOpaqueWidthInference.xml
7 ms. Memory: 440320K Free: 309436K (70%)
----------------- Invoking toplevel() on ptolemy.moml.MoMLSimpleApplication@6c3ff495
----------------- Done invoking toplevel() on ptolemy.moml.MoMLSimpleApplication@6c3ff495
reloadAllAccessors: .PublisherSubscriberOpaqueWidthInference

===========================================================================================
----------------- testing Wed Mar 04 17:10:02 UTC 2020 /home/travis/build/icyphy/ptII/ptolemy/actor/lib/test/auto/PublisherTestSubscriber.xml
----------------- Instantiating /home/travis/build/icyphy/ptII/ptolemy/actor/lib/test/auto/PublisherTestSubscriber.xml
3 ms. Memory: 440320K Free: 301748K (69%)
----------------- Invoking toplevel() on ptolemy.moml.MoMLSimpleApplication@266ef241
----------------- Done invoking toplevel() on ptolemy.moml.MoMLSimpleApplication@266ef241
reloadAllAccessors: .PublisherTestSubscriber

===========================================================================================
----------------- testing Wed Mar 04 17:10:02 UTC 2020 /home/travis/build/icyphy/ptII/ptolemy/actor/lib/test/auto/PublisherToplevelSubscriberPortAOC.xml
----------------- Instantiating /home/travis/build/icyphy/ptII/ptolemy/actor/lib/test/auto/PublisherToplevelSubscriberPortAOC.xml
2 ms. Memory: 440320K Free: 295100K (67%)
----------------- Invoking toplevel() on ptolemy.moml.MoMLSimpleApplication@75cbb282
----------------- Done invoking toplevel() on ptolemy.moml.MoMLSimpleApplication@75cbb282
reloadAllAccessors: .PublisherToplevelSubscriberPortAOC

===========================================================================================
----------------- testing Wed Mar 04 17:10:02 UTC 2020 /home/travis/build/icyphy/ptII/ptolemy/actor/lib/test/auto/PulseFiringLimitDE.xml
----------------- Instantiating /home/travis/build/icyphy/ptII/ptolemy/actor/lib/test/auto/PulseFiringLimitDE.xml
2 ms. Memory: 440320K Free: 288956K (66%)
----------------- Invoking toplevel() on ptolemy.moml.MoMLSimpleApplication@549b1dc2
----------------- Done invoking toplevel() on ptolemy.moml.MoMLSimpleApplication@549b1dc2
reloadAllAccessors: .PulseFiringLimitDE

===========================================================================================
----------------- testing Wed Mar 04 17:10:02 UTC 2020 /home/travis/build/icyphy/ptII/ptolemy/actor/lib/test/auto/Ramp1.xml
----------------- Instantiating /home/travis/build/icyphy/ptII/ptolemy/actor/lib/test/auto/Ramp1.xml
1 ms. Memory: 440320K Free: 284332K (65%)
----------------- Invoking toplevel() on ptolemy.moml.MoMLSimpleApplication@7e07ade5
----------------- Done invoking toplevel() on ptolemy.moml.MoMLSimpleApplication@7e07ade5
reloadAllAccessors: .Ramp1

===========================================================================================
----------------- testing Wed Mar 04 17:10:02 UTC 2020 /home/travis/build/icyphy/ptII/ptolemy/actor/lib/test/auto/RampFiringLimitDE.xml
----------------- Instantiating /home/travis/build/icyphy/ptII/ptolemy/actor/lib/test/auto/RampFiringLimitDE.xml
3 ms. Memory: 440320K Free: 278188K (63%)
----------------- Invoking toplevel() on ptolemy.moml.MoMLSimpleApplication@4fd3875a
----------------- Done invoking toplevel() on ptolemy.moml.MoMLSimpleApplication@4fd3875a
reloadAllAccessors: .RampFiringLimitDE

===========================================================================================
----------------- testing Wed Mar 04 17:10:02 UTC 2020 /home/travis/build/icyphy/ptII/ptolemy/actor/lib/test/auto/RampFiringLimitSDF.xml
----------------- Instantiating /home/travis/build/icyphy/ptII/ptolemy/actor/lib/test/auto/RampFiringLimitSDF.xml
2 ms. Memory: 440320K Free: 273068K (62%)
----------------- Invoking toplevel() on ptolemy.moml.MoMLSimpleApplication@50ff8104
----------------- Done invoking toplevel() on ptolemy.moml.MoMLSimpleApplication@50ff8104
reloadAllAccessors: .RampFiringLimitSDF

===========================================================================================
----------------- testing Wed Mar 04 17:10:02 UTC 2020 /home/travis/build/icyphy/ptII/ptolemy/actor/lib/test/auto/RandomInteger.xml
----------------- Instantiating /home/travis/build/icyphy/ptII/ptolemy/actor/lib/test/auto/RandomInteger.xml
1 ms. Memory: 440320K Free: 268986K (61%)
----------------- Invoking toplevel() on ptolemy.moml.MoMLSimpleApplication@1e6c048f
----------------- Done invoking toplevel() on ptolemy.moml.MoMLSimpleApplication@1e6c048f
reloadAllAccessors: .RandomInteger

===========================================================================================
----------------- testing Wed Mar 04 17:10:02 UTC 2020 /home/travis/build/icyphy/ptII/ptolemy/actor/lib/test/auto/ReadFile1.xml
----------------- Instantiating /home/travis/build/icyphy/ptII/ptolemy/actor/lib/test/auto/ReadFile1.xml
2 ms. Memory: 440320K Free: 264380K (60%)
----------------- Invoking toplevel() on ptolemy.moml.MoMLSimpleApplication@14a79235
----------------- Done invoking toplevel() on ptolemy.moml.MoMLSimpleApplication@14a79235
reloadAllAccessors: .ReadFile1

===========================================================================================
----------------- testing Wed Mar 04 17:10:03 UTC 2020 /home/travis/build/icyphy/ptII/ptolemy/actor/lib/test/auto/ReadFile2.xml
----------------- Instantiating /home/travis/build/icyphy/ptII/ptolemy/actor/lib/test/auto/ReadFile2.xml
1 ms. Memory: 440320K Free: 260284K (59%)
----------------- Invoking toplevel() on ptolemy.moml.MoMLSimpleApplication@22761661
----------------- Done invoking toplevel() on ptolemy.moml.MoMLSimpleApplication@22761661
reloadAllAccessors: .ReadFile2

===========================================================================================
----------------- testing Wed Mar 04 17:10:03 UTC 2020 /home/travis/build/icyphy/ptII/ptolemy/actor/lib/test/auto/Reader.xml
----------------- Instantiating /home/travis/build/icyphy/ptII/ptolemy/actor/lib/test/auto/Reader.xml
actor.lib.Reader is obsolete, use actor.lib.io.ExpressionReader instead
4 ms. Memory: 440320K Free: 256188K (58%)
----------------- Invoking toplevel() on ptolemy.moml.MoMLSimpleApplication@204c476b
----------------- Done invoking toplevel() on ptolemy.moml.MoMLSimpleApplication@204c476b
reloadAllAccessors: .Reader

===========================================================================================
----------------- testing Wed Mar 04 17:10:03 UTC 2020 /home/travis/build/icyphy/ptII/ptolemy/actor/lib/test/auto/RecordAssemblerDisplayNameTest.xml
----------------- Instantiating /home/travis/build/icyphy/ptII/ptolemy/actor/lib/test/auto/RecordAssemblerDisplayNameTest.xml
4160 ms. Memory: 440320K Free: 328125K (75%)
----------------- Invoking toplevel() on ptolemy.moml.MoMLSimpleApplication@541931b3
----------------- Done invoking toplevel() on ptolemy.moml.MoMLSimpleApplication@541931b3
reloadAllAccessors: .RecordAssemblerDisplayNameTest

===========================================================================================
----------------- testing Wed Mar 04 17:10:07 UTC 2020 /home/travis/build/icyphy/ptII/ptolemy/actor/lib/test/auto/RecordAssemblerTypeError.xml
----------------- Instantiating /home/travis/build/icyphy/ptII/ptolemy/actor/lib/test/auto/RecordAssemblerTypeError.xml
5 ms. Memory: 440320K Free: 318395K (72%)
----------------- Invoking toplevel() on ptolemy.moml.MoMLSimpleApplication@40b35009
----------------- Done invoking toplevel() on ptolemy.moml.MoMLSimpleApplication@40b35009
reloadAllAccessors: .RecordAssemblerTypeError

===========================================================================================
----------------- testing Wed Mar 04 17:10:07 UTC 2020 /home/travis/build/icyphy/ptII/ptolemy/actor/lib/test/auto/RecordDisassember.xml
----------------- Instantiating /home/travis/build/icyphy/ptII/ptolemy/actor/lib/test/auto/RecordDisassember.xml
3 ms. Memory: 440320K Free: 313789K (71%)
----------------- Invoking toplevel() on ptolemy.moml.MoMLSimpleApplication@32d095dd
----------------- Done invoking toplevel() on ptolemy.moml.MoMLSimpleApplication@32d095dd
reloadAllAccessors: .RecordDisassember

===========================================================================================
----------------- testing Wed Mar 04 17:10:07 UTC 2020 /home/travis/build/icyphy/ptII/ptolemy/actor/lib/test/auto/RecordDisassemberDisplayNameTest.xml
----------------- Instantiating /home/travis/build/icyphy/ptII/ptolemy/actor/lib/test/auto/RecordDisassemberDisplayNameTest.xml
6 ms. Memory: 440320K Free: 306107K (70%)
----------------- Invoking toplevel() on ptolemy.moml.MoMLSimpleApplication@7d161234
----------------- Done invoking toplevel() on ptolemy.moml.MoMLSimpleApplication@7d161234
reloadAllAccessors: .RecordDisassemberDisplayNameTest

===========================================================================================
----------------- testing Wed Mar 04 17:10:07 UTC 2020 /home/travis/build/icyphy/ptII/ptolemy/actor/lib/test/auto/RecordDisassembler.xml
----------------- Instantiating /home/travis/build/icyphy/ptII/ptolemy/actor/lib/test/auto/RecordDisassembler.xml
3 ms. Memory: 440320K Free: 300957K (68%)
----------------- Invoking toplevel() on ptolemy.moml.MoMLSimpleApplication@3de4afd8
----------------- Done invoking toplevel() on ptolemy.moml.MoMLSimpleApplication@3de4afd8
reloadAllAccessors: .RecordDisassembler

===========================================================================================
----------------- testing Wed Mar 04 17:10:07 UTC 2020 /home/travis/build/icyphy/ptII/ptolemy/actor/lib/test/auto/RecordDisassembler2.xml
----------------- Instantiating /home/travis/build/icyphy/ptII/ptolemy/actor/lib/test/auto/RecordDisassembler2.xml
2 ms. Memory: 440320K Free: 295837K (67%)
----------------- Invoking toplevel() on ptolemy.moml.MoMLSimpleApplication@8d1697
----------------- Done invoking toplevel() on ptolemy.moml.MoMLSimpleApplication@8d1697
reloadAllAccessors: .RecordDisassembler2

===========================================================================================
----------------- testing Wed Mar 04 17:10:07 UTC 2020 /home/travis/build/icyphy/ptII/ptolemy/actor/lib/test/auto/RecordUpdater.xml
----------------- Instantiating /home/travis/build/icyphy/ptII/ptolemy/actor/lib/test/auto/RecordUpdater.xml
2 ms. Memory: 440320K Free: 290747K (66%)
----------------- Invoking toplevel() on ptolemy.moml.MoMLSimpleApplication@340da980
----------------- Done invoking toplevel() on ptolemy.moml.MoMLSimpleApplication@340da980
reloadAllAccessors: .RecordUpdater

===========================================================================================
----------------- testing Wed Mar 04 17:10:07 UTC 2020 /home/travis/build/icyphy/ptII/ptolemy/actor/lib/test/auto/RecordUpdater2.xml
----------------- Instantiating /home/travis/build/icyphy/ptII/ptolemy/actor/lib/test/auto/RecordUpdater2.xml
2 ms. Memory: 440320K Free: 285627K (65%)
----------------- Invoking toplevel() on ptolemy.moml.MoMLSimpleApplication@4ccff6e2
----------------- Done invoking toplevel() on ptolemy.moml.MoMLSimpleApplication@4ccff6e2
reloadAllAccessors: .RecordUpdater2

===========================================================================================
----------------- testing Wed Mar 04 17:10:07 UTC 2020 /home/travis/build/icyphy/ptII/ptolemy/actor/lib/test/auto/RecursiveLattice.xml
----------------- Instantiating /home/travis/build/icyphy/ptII/ptolemy/actor/lib/test/auto/RecursiveLattice.xml
1 ms. Memory: 440320K Free: 281021K (64%)
----------------- Invoking toplevel() on ptolemy.moml.MoMLSimpleApplication@4ccb32a0
----------------- Done invoking toplevel() on ptolemy.moml.MoMLSimpleApplication@4ccb32a0
reloadAllAccessors: .RecursiveLattice

===========================================================================================
----------------- testing Wed Mar 04 17:10:07 UTC 2020 /home/travis/build/icyphy/ptII/ptolemy/actor/lib/test/auto/Router.xml
----------------- Instantiating /home/travis/build/icyphy/ptII/ptolemy/actor/lib/test/auto/Router.xml
3004 ms. Memory: 440320K Free: 269757K (61%)
----------------- Invoking toplevel() on ptolemy.moml.MoMLSimpleApplication@7e9b6c50
----------------- Done invoking toplevel() on ptolemy.moml.MoMLSimpleApplication@7e9b6c50
reloadAllAccessors: .Router

===========================================================================================
----------------- testing Wed Mar 04 17:10:10 UTC 2020 /home/travis/build/icyphy/ptII/ptolemy/actor/lib/test/auto/Router2.xml
----------------- Instantiating /home/travis/build/icyphy/ptII/ptolemy/actor/lib/test/auto/Router2.xml
3004 ms. Memory: 440320K Free: 259517K (59%)
----------------- Invoking toplevel() on ptolemy.moml.MoMLSimpleApplication@62019d
----------------- Done invoking toplevel() on ptolemy.moml.MoMLSimpleApplication@62019d
reloadAllAccessors: .Router2

===========================================================================================
----------------- testing Wed Mar 04 17:10:13 UTC 2020 /home/travis/build/icyphy/ptII/ptolemy/actor/lib/test/auto/RunningMaximum.xml
----------------- Instantiating /home/travis/build/icyphy/ptII/ptolemy/actor/lib/test/auto/RunningMaximum.xml
2 ms. Memory: 440320K Free: 254907K (58%)
----------------- Invoking toplevel() on ptolemy.moml.MoMLSimpleApplication@4af11d5d
----------------- Done invoking toplevel() on ptolemy.moml.MoMLSimpleApplication@4af11d5d
reloadAllAccessors: .RunningMaximum

===========================================================================================
----------------- testing Wed Mar 04 17:10:13 UTC 2020 /home/travis/build/icyphy/ptII/ptolemy/actor/lib/test/auto/RunningMinimum.xml
----------------- Instantiating /home/travis/build/icyphy/ptII/ptolemy/actor/lib/test/auto/RunningMinimum.xml
10 ms. Memory: 440320K Free: 250301K (57%)
----------------- Invoking toplevel() on ptolemy.moml.MoMLSimpleApplication@1f5b916b
----------------- Done invoking toplevel() on ptolemy.moml.MoMLSimpleApplication@1f5b916b
reloadAllAccessors: .RunningMinimum

===========================================================================================
----------------- testing Wed Mar 04 17:10:13 UTC 2020 /home/travis/build/icyphy/ptII/ptolemy/actor/lib/test/auto/Scale.xml
----------------- Instantiating /home/travis/build/icyphy/ptII/ptolemy/actor/lib/test/auto/Scale.xml
2 ms. Memory: 440320K Free: 245691K (56%)
----------------- Invoking toplevel() on ptolemy.moml.MoMLSimpleApplication@51f4ce0a
----------------- Done invoking toplevel() on ptolemy.moml.MoMLSimpleApplication@51f4ce0a
reloadAllAccessors: .Scale

===========================================================================================
----------------- testing Wed Mar 04 17:10:13 UTC 2020 /home/travis/build/icyphy/ptII/ptolemy/actor/lib/test/auto/Scale2.xml
----------------- Instantiating /home/travis/build/icyphy/ptII/ptolemy/actor/lib/test/auto/Scale2.xml
1 ms. Memory: 440320K Free: 241085K (55%)
----------------- Invoking toplevel() on ptolemy.moml.MoMLSimpleApplication@742d4969
----------------- Done invoking toplevel() on ptolemy.moml.MoMLSimpleApplication@742d4969
reloadAllAccessors: .Scale2

===========================================================================================
----------------- testing Wed Mar 04 17:10:13 UTC 2020 /home/travis/build/icyphy/ptII/ptolemy/actor/lib/test/auto/Scale3.xml
----------------- Instantiating /home/travis/build/icyphy/ptII/ptolemy/actor/lib/test/auto/Scale3.xml
4 ms. Memory: 440320K Free: 234427K (53%)
----------------- Invoking toplevel() on ptolemy.moml.MoMLSimpleApplication@37312648
----------------- Done invoking toplevel() on ptolemy.moml.MoMLSimpleApplication@37312648
reloadAllAccessors: .Scale3

===========================================================================================
----------------- testing Wed Mar 04 17:10:13 UTC 2020 /home/travis/build/icyphy/ptII/ptolemy/actor/lib/test/auto/ScaleArray.xml
----------------- Instantiating /home/travis/build/icyphy/ptII/ptolemy/actor/lib/test/auto/ScaleArray.xml
2 ms. Memory: 440320K Free: 229821K (52%)
----------------- Invoking toplevel() on ptolemy.moml.MoMLSimpleApplication@39eee5e
----------------- Done invoking toplevel() on ptolemy.moml.MoMLSimpleApplication@39eee5e
reloadAllAccessors: .ScaleArray

===========================================================================================
----------------- testing Wed Mar 04 17:10:13 UTC 2020 /home/travis/build/icyphy/ptII/ptolemy/actor/lib/test/auto/ScaleArray2.xml
----------------- Instantiating /home/travis/build/icyphy/ptII/ptolemy/actor/lib/test/auto/ScaleArray2.xml
2 ms. Memory: 440320K Free: 225211K (51%)
----------------- Invoking toplevel() on ptolemy.moml.MoMLSimpleApplication@2a2d1805
----------------- Done invoking toplevel() on ptolemy.moml.MoMLSimpleApplication@2a2d1805
reloadAllAccessors: .ScaleArray2

===========================================================================================
----------------- testing Wed Mar 04 17:10:13 UTC 2020 /home/travis/build/icyphy/ptII/ptolemy/actor/lib/test/auto/ScaleMatrix.xml
----------------- Instantiating /home/travis/build/icyphy/ptII/ptolemy/actor/lib/test/auto/ScaleMatrix.xml
170 ms. Memory: 440320K Free: 209851K (48%)
----------------- Invoking toplevel() on ptolemy.moml.MoMLSimpleApplication@9d3e867
----------------- Done invoking toplevel() on ptolemy.moml.MoMLSimpleApplication@9d3e867
reloadAllAccessors: .ScaleMatrix

===========================================================================================
----------------- testing Wed Mar 04 17:10:13 UTC 2020 /home/travis/build/icyphy/ptII/ptolemy/actor/lib/test/auto/Select.xml
----------------- Instantiating /home/travis/build/icyphy/ptII/ptolemy/actor/lib/test/auto/Select.xml
2 ms. Memory: 440320K Free: 203197K (46%)
----------------- Invoking toplevel() on ptolemy.moml.MoMLSimpleApplication@57061d92
----------------- Done invoking toplevel() on ptolemy.moml.MoMLSimpleApplication@57061d92
reloadAllAccessors: .Select

===========================================================================================
----------------- testing Wed Mar 04 17:10:13 UTC 2020 /home/travis/build/icyphy/ptII/ptolemy/actor/lib/test/auto/Select2.xml
----------------- Instantiating /home/travis/build/icyphy/ptII/ptolemy/actor/lib/test/auto/Select2.xml
1 ms. Memory: 440320K Free: 198587K (45%)
----------------- Invoking toplevel() on ptolemy.moml.MoMLSimpleApplication@2c3c1dfa
----------------- Done invoking toplevel() on ptolemy.moml.MoMLSimpleApplication@2c3c1dfa
reloadAllAccessors: .Select2

===========================================================================================
----------------- testing Wed Mar 04 17:10:13 UTC 2020 /home/travis/build/icyphy/ptII/ptolemy/actor/lib/test/auto/SequenceToArray2.xml
----------------- Instantiating /home/travis/build/icyphy/ptII/ptolemy/actor/lib/test/auto/SequenceToArray2.xml
100 ms. Memory: 440320K Free: 174525K (40%)
----------------- Invoking toplevel() on ptolemy.moml.MoMLSimpleApplication@270a15da
----------------- Done invoking toplevel() on ptolemy.moml.MoMLSimpleApplication@270a15da
reloadAllAccessors: .SequenceToArray2

===========================================================================================
----------------- testing Wed Mar 04 17:10:13 UTC 2020 /home/travis/build/icyphy/ptII/ptolemy/actor/lib/test/auto/SequentialClock.xml
----------------- Instantiating /home/travis/build/icyphy/ptII/ptolemy/actor/lib/test/auto/SequentialClock.xml
1 ms. Memory: 440320K Free: 170429K (39%)
----------------- Invoking toplevel() on ptolemy.moml.MoMLSimpleApplication@75a033c4
----------------- Done invoking toplevel() on ptolemy.moml.MoMLSimpleApplication@75a033c4
reloadAllAccessors: .SequentialClock

===========================================================================================
----------------- testing Wed Mar 04 17:10:13 UTC 2020 /home/travis/build/icyphy/ptII/ptolemy/actor/lib/test/auto/SetVariable.xml
----------------- Instantiating /home/travis/build/icyphy/ptII/ptolemy/actor/lib/test/auto/SetVariable.xml
2 ms. Memory: 440320K Free: 165819K (38%)
----------------- Invoking toplevel() on ptolemy.moml.MoMLSimpleApplication@31c436ed
----------------- Done invoking toplevel() on ptolemy.moml.MoMLSimpleApplication@31c436ed
reloadAllAccessors: .SetVariable

===========================================================================================
----------------- testing Wed Mar 04 17:10:13 UTC 2020 /home/travis/build/icyphy/ptII/ptolemy/actor/lib/test/auto/SetVariable2.xml
----------------- Instantiating /home/travis/build/icyphy/ptII/ptolemy/actor/lib/test/auto/SetVariable2.xml
3 ms. Memory: 440320K Free: 160699K (36%)
----------------- Invoking toplevel() on ptolemy.moml.MoMLSimpleApplication@3d6d99f3
----------------- Done invoking toplevel() on ptolemy.moml.MoMLSimpleApplication@3d6d99f3
reloadAllAccessors: .SetVariable2

===========================================================================================
----------------- testing Wed Mar 04 17:10:13 UTC 2020 /home/travis/build/icyphy/ptII/ptolemy/actor/lib/test/auto/SetVariable3.xml
----------------- Instantiating /home/travis/build/icyphy/ptII/ptolemy/actor/lib/test/auto/SetVariable3.xml
7 ms. Memory: 440320K Free: 155579K (35%)
----------------- Invoking toplevel() on ptolemy.moml.MoMLSimpleApplication@20765cde
----------------- Done invoking toplevel() on ptolemy.moml.MoMLSimpleApplication@20765cde
reloadAllAccessors: .SetVariable3

===========================================================================================
----------------- testing Wed Mar 04 17:10:13 UTC 2020 /home/travis/build/icyphy/ptII/ptolemy/actor/lib/test/auto/SetVariable4.xml
----------------- Instantiating /home/travis/build/icyphy/ptII/ptolemy/actor/lib/test/auto/SetVariable4.xml
16 ms. Memory: 440320K Free: 145851K (33%)
----------------- Invoking toplevel() on ptolemy.moml.MoMLSimpleApplication@49057b4
----------------- Done invoking toplevel() on ptolemy.moml.MoMLSimpleApplication@49057b4
reloadAllAccessors: .SetVariable4

===========================================================================================
----------------- testing Wed Mar 04 17:10:14 UTC 2020 /home/travis/build/icyphy/ptII/ptolemy/actor/lib/test/auto/SetVariable5.xml
----------------- Instantiating /home/travis/build/icyphy/ptII/ptolemy/actor/lib/test/auto/SetVariable5.xml
17 ms. Memory: 440320K Free: 136637K (31%)
----------------- Invoking toplevel() on ptolemy.moml.MoMLSimpleApplication@6c752be5
----------------- Done invoking toplevel() on ptolemy.moml.MoMLSimpleApplication@6c752be5
reloadAllAccessors: .SetVariable5

===========================================================================================
----------------- testing Wed Mar 04 17:10:14 UTC 2020 /home/travis/build/icyphy/ptII/ptolemy/actor/lib/test/auto/Sinewave.xml
----------------- Instantiating /home/travis/build/icyphy/ptII/ptolemy/actor/lib/test/auto/Sinewave.xml
4 ms. Memory: 440320K Free: 386691K (88%)
----------------- Invoking toplevel() on ptolemy.moml.MoMLSimpleApplication@2888d9ef
----------------- Done invoking toplevel() on ptolemy.moml.MoMLSimpleApplication@2888d9ef
reloadAllAccessors: .Sinewave

===========================================================================================
----------------- testing Wed Mar 04 17:10:14 UTC 2020 /home/travis/build/icyphy/ptII/ptolemy/actor/lib/test/auto/Sinewave2.xml
----------------- Instantiating /home/travis/build/icyphy/ptII/ptolemy/actor/lib/test/auto/Sinewave2.xml
6 ms. Memory: 440320K Free: 377989K (86%)
----------------- Invoking toplevel() on ptolemy.moml.MoMLSimpleApplication@d416c00
----------------- Done invoking toplevel() on ptolemy.moml.MoMLSimpleApplication@d416c00
reloadAllAccessors: .Sinewave2

===========================================================================================
----------------- testing Wed Mar 04 17:10:14 UTC 2020 /home/travis/build/icyphy/ptII/ptolemy/actor/lib/test/auto/Sinewave3.xml
----------------- Instantiating /home/travis/build/icyphy/ptII/ptolemy/actor/lib/test/auto/Sinewave3.xml
13 ms. Memory: 440320K Free: 369795K (84%)
----------------- Invoking toplevel() on ptolemy.moml.MoMLSimpleApplication@62d3e9fe
----------------- Done invoking toplevel() on ptolemy.moml.MoMLSimpleApplication@62d3e9fe
reloadAllAccessors: .Sinewave3

===========================================================================================
----------------- testing Wed Mar 04 17:10:14 UTC 2020 /home/travis/build/icyphy/ptII/ptolemy/actor/lib/test/auto/SingleEvent.xml
----------------- Instantiating /home/travis/build/icyphy/ptII/ptolemy/actor/lib/test/auto/SingleEvent.xml
1 ms. Memory: 440320K Free: 365187K (83%)
----------------- Invoking toplevel() on ptolemy.moml.MoMLSimpleApplication@2c9a0f26
----------------- Done invoking toplevel() on ptolemy.moml.MoMLSimpleApplication@2c9a0f26
reloadAllAccessors: .SingleEvent

===========================================================================================
----------------- testing Wed Mar 04 17:10:14 UTC 2020 /home/travis/build/icyphy/ptII/ptolemy/actor/lib/test/auto/Sleep.xml
----------------- Instantiating /home/travis/build/icyphy/ptII/ptolemy/actor/lib/test/auto/Sleep.xml
6003 ms. Memory: 440320K Free: 359043K (82%)
----------------- Invoking toplevel() on ptolemy.moml.MoMLSimpleApplication@17a4b6dd
----------------- Done invoking toplevel() on ptolemy.moml.MoMLSimpleApplication@17a4b6dd
reloadAllAccessors: .Sleep

===========================================================================================
----------------- testing Wed Mar 04 17:10:20 UTC 2020 /home/travis/build/icyphy/ptII/ptolemy/actor/lib/test/auto/SleepMultipleFire.xml
----------------- Instantiating /home/travis/build/icyphy/ptII/ptolemy/actor/lib/test/auto/SleepMultipleFire.xml
1013 ms. Memory: 440320K Free: 353413K (80%)
----------------- Invoking toplevel() on ptolemy.moml.MoMLSimpleApplication@6e5767fe
----------------- Done invoking toplevel() on ptolemy.moml.MoMLSimpleApplication@6e5767fe
reloadAllAccessors: .SleepMultipleFire

===========================================================================================
----------------- testing Wed Mar 04 17:10:21 UTC 2020 /home/travis/build/icyphy/ptII/ptolemy/actor/lib/test/auto/StopDE.xml
----------------- Instantiating /home/travis/build/icyphy/ptII/ptolemy/actor/lib/test/auto/StopDE.xml
5 ms. Memory: 440320K Free: 347779K (79%)
----------------- Invoking toplevel() on ptolemy.moml.MoMLSimpleApplication@4b83139
----------------- Done invoking toplevel() on ptolemy.moml.MoMLSimpleApplication@4b83139
reloadAllAccessors: .StopDE

===========================================================================================
----------------- testing Wed Mar 04 17:10:21 UTC 2020 /home/travis/build/icyphy/ptII/ptolemy/actor/lib/test/auto/StopSDF.xml
----------------- Instantiating /home/travis/build/icyphy/ptII/ptolemy/actor/lib/test/auto/StopSDF.xml
3 ms. Memory: 440320K Free: 342659K (78%)
----------------- Invoking toplevel() on ptolemy.moml.MoMLSimpleApplication@d5fafc6
----------------- Done invoking toplevel() on ptolemy.moml.MoMLSimpleApplication@d5fafc6
reloadAllAccessors: .StopSDF

===========================================================================================
----------------- testing Wed Mar 04 17:10:21 UTC 2020 /home/travis/build/icyphy/ptII/ptolemy/actor/lib/test/auto/StringConstant.xml
----------------- Instantiating /home/travis/build/icyphy/ptII/ptolemy/actor/lib/test/auto/StringConstant.xml
10 ms. Memory: 440320K Free: 338051K (77%)
----------------- Invoking toplevel() on ptolemy.moml.MoMLSimpleApplication@62d3f9a8
----------------- Done invoking toplevel() on ptolemy.moml.MoMLSimpleApplication@62d3f9a8
reloadAllAccessors: .StringConstant

===========================================================================================
----------------- testing Wed Mar 04 17:10:21 UTC 2020 /home/travis/build/icyphy/ptII/ptolemy/actor/lib/test/auto/SubscriberPortInitialValues1.xml
----------------- Instantiating /home/travis/build/icyphy/ptII/ptolemy/actor/lib/test/auto/SubscriberPortInitialValues1.xml
15 ms. Memory: 440320K Free: 329347K (75%)
----------------- Invoking toplevel() on ptolemy.moml.MoMLSimpleApplication@7260caa
----------------- Done invoking toplevel() on ptolemy.moml.MoMLSimpleApplication@7260caa
reloadAllAccessors: .SubscriberPortInitialValues1

===========================================================================================
----------------- testing Wed Mar 04 17:10:21 UTC 2020 /home/travis/build/icyphy/ptII/ptolemy/actor/lib/test/auto/SubscriberPortInitialValues13.xml
----------------- Instantiating /home/travis/build/icyphy/ptII/ptolemy/actor/lib/test/auto/SubscriberPortInitialValues13.xml
5 ms. Memory: 440320K Free: 316035K (72%)
----------------- Invoking toplevel() on ptolemy.moml.MoMLSimpleApplication@df11302
----------------- Done invoking toplevel() on ptolemy.moml.MoMLSimpleApplication@df11302
reloadAllAccessors: .SubscriberPortInitialValues13

===========================================================================================
----------------- testing Wed Mar 04 17:10:21 UTC 2020 /home/travis/build/icyphy/ptII/ptolemy/actor/lib/test/auto/SubscriberPortInitialValues14.xml
----------------- Instantiating /home/travis/build/icyphy/ptII/ptolemy/actor/lib/test/auto/SubscriberPortInitialValues14.xml
4 ms. Memory: 440320K Free: 308357K (70%)
----------------- Invoking toplevel() on ptolemy.moml.MoMLSimpleApplication@111b3d82
----------------- Done invoking toplevel() on ptolemy.moml.MoMLSimpleApplication@111b3d82
reloadAllAccessors: .SubscriberPortInitialValues14

===========================================================================================
----------------- testing Wed Mar 04 17:10:21 UTC 2020 /home/travis/build/icyphy/ptII/ptolemy/actor/lib/test/auto/SubscriberPortInitialValues2.xml
----------------- Instantiating /home/travis/build/icyphy/ptII/ptolemy/actor/lib/test/auto/SubscriberPortInitialValues2.xml
3 ms. Memory: 440320K Free: 300675K (68%)
----------------- Invoking toplevel() on ptolemy.moml.MoMLSimpleApplication@5dd9d38d
----------------- Done invoking toplevel() on ptolemy.moml.MoMLSimpleApplication@5dd9d38d
reloadAllAccessors: .SubscriberPortInitialValues2

===========================================================================================
----------------- testing Wed Mar 04 17:10:21 UTC 2020 /home/travis/build/icyphy/ptII/ptolemy/actor/lib/test/auto/SubscriberPortInitialValues3.xml
----------------- Instantiating /home/travis/build/icyphy/ptII/ptolemy/actor/lib/test/auto/SubscriberPortInitialValues3.xml
4 ms. Memory: 440320K Free: 289925K (66%)
----------------- Invoking toplevel() on ptolemy.moml.MoMLSimpleApplication@36588b3b
----------------- Done invoking toplevel() on ptolemy.moml.MoMLSimpleApplication@36588b3b
reloadAllAccessors: .SubscriberPortInitialValues3

===========================================================================================
----------------- testing Wed Mar 04 17:10:21 UTC 2020 /home/travis/build/icyphy/ptII/ptolemy/actor/lib/test/auto/SubscriptionAggregator.xml
----------------- Instantiating /home/travis/build/icyphy/ptII/ptolemy/actor/lib/test/auto/SubscriptionAggregator.xml
2 ms. Memory: 440320K Free: 283267K (64%)
----------------- Invoking toplevel() on ptolemy.moml.MoMLSimpleApplication@76c5a9a4
----------------- Done invoking toplevel() on ptolemy.moml.MoMLSimpleApplication@76c5a9a4
reloadAllAccessors: .SubscriptionAggregator

===========================================================================================
----------------- testing Wed Mar 04 17:10:21 UTC 2020 /home/travis/build/icyphy/ptII/ptolemy/actor/lib/test/auto/SubscriptionAggregator2.xml
----------------- Instantiating /home/travis/build/icyphy/ptII/ptolemy/actor/lib/test/auto/SubscriptionAggregator2.xml
2 ms. Memory: 440320K Free: 276093K (63%)
----------------- Invoking toplevel() on ptolemy.moml.MoMLSimpleApplication@7e51cc97
----------------- Done invoking toplevel() on ptolemy.moml.MoMLSimpleApplication@7e51cc97
reloadAllAccessors: .SubscriptionAggregator2

===========================================================================================
----------------- testing Wed Mar 04 17:10:21 UTC 2020 /home/travis/build/icyphy/ptII/ptolemy/actor/lib/test/auto/SubscriptionAggregator3.xml
----------------- Instantiating /home/travis/build/icyphy/ptII/ptolemy/actor/lib/test/auto/SubscriptionAggregator3.xml
4 ms. Memory: 440320K Free: 267397K (61%)
----------------- Invoking toplevel() on ptolemy.moml.MoMLSimpleApplication@46833662
----------------- Done invoking toplevel() on ptolemy.moml.MoMLSimpleApplication@46833662
reloadAllAccessors: .SubscriptionAggregator3

===========================================================================================
----------------- testing Wed Mar 04 17:10:21 UTC 2020 /home/travis/build/icyphy/ptII/ptolemy/actor/lib/test/auto/SubscriptionAggregatorMultiply.xml
----------------- Instantiating /home/travis/build/icyphy/ptII/ptolemy/actor/lib/test/auto/SubscriptionAggregatorMultiply.xml
8 ms. Memory: 440320K Free: 258691K (59%)
----------------- Invoking toplevel() on ptolemy.moml.MoMLSimpleApplication@11c60eb3
----------------- Done invoking toplevel() on ptolemy.moml.MoMLSimpleApplication@11c60eb3
reloadAllAccessors: .SubscriptionAggregatorMultiply

===========================================================================================
----------------- testing Wed Mar 04 17:10:21 UTC 2020 /home/travis/build/icyphy/ptII/ptolemy/actor/lib/test/auto/SubscriptionAggregatorPortMultiply1.xml
----------------- Instantiating /home/travis/build/icyphy/ptII/ptolemy/actor/lib/test/auto/SubscriptionAggregatorPortMultiply1.xml
4 ms. Memory: 440320K Free: 250499K (57%)
----------------- Invoking toplevel() on ptolemy.moml.MoMLSimpleApplication@e5162c3
----------------- Done invoking toplevel() on ptolemy.moml.MoMLSimpleApplication@e5162c3
reloadAllAccessors: .SubscriptionAggregatorPortMultiply1

===========================================================================================
----------------- testing Wed Mar 04 17:10:21 UTC 2020 /home/travis/build/icyphy/ptII/ptolemy/actor/lib/test/auto/Switch.xml
----------------- Instantiating /home/travis/build/icyphy/ptII/ptolemy/actor/lib/test/auto/Switch.xml
6 ms. Memory: 440320K Free: 242307K (55%)
----------------- Invoking toplevel() on ptolemy.moml.MoMLSimpleApplication@276e243c
----------------- Done invoking toplevel() on ptolemy.moml.MoMLSimpleApplication@276e243c
reloadAllAccessors: .Switch

===========================================================================================
----------------- testing Wed Mar 04 17:10:21 UTC 2020 /home/travis/build/icyphy/ptII/ptolemy/actor/lib/test/auto/Switch2.xml
----------------- Instantiating /home/travis/build/icyphy/ptII/ptolemy/actor/lib/test/auto/Switch2.xml
1 ms. Memory: 440320K Free: 237701K (54%)
----------------- Invoking toplevel() on ptolemy.moml.MoMLSimpleApplication@4c71db99
----------------- Done invoking toplevel() on ptolemy.moml.MoMLSimpleApplication@4c71db99
reloadAllAccessors: .Switch2

===========================================================================================
----------------- testing Wed Mar 04 17:10:21 UTC 2020 /home/travis/build/icyphy/ptII/ptolemy/actor/lib/test/auto/SwitchDE.xml
----------------- Instantiating /home/travis/build/icyphy/ptII/ptolemy/actor/lib/test/auto/SwitchDE.xml
4 ms. Memory: 440320K Free: 231557K (53%)
----------------- Invoking toplevel() on ptolemy.moml.MoMLSimpleApplication@78a42f0d
----------------- Done invoking toplevel() on ptolemy.moml.MoMLSimpleApplication@78a42f0d
reloadAllAccessors: .SwitchDE

===========================================================================================
----------------- testing Wed Mar 04 17:10:21 UTC 2020 /home/travis/build/icyphy/ptII/ptolemy/actor/lib/test/auto/SynchronizerDE.xml
----------------- Instantiating /home/travis/build/icyphy/ptII/ptolemy/actor/lib/test/auto/SynchronizerDE.xml
7 ms. Memory: 440320K Free: 223365K (51%)
----------------- Invoking toplevel() on ptolemy.moml.MoMLSimpleApplication@780ae574
----------------- Done invoking toplevel() on ptolemy.moml.MoMLSimpleApplication@780ae574
reloadAllAccessors: .SynchronizerDE

===========================================================================================
----------------- testing Wed Mar 04 17:10:21 UTC 2020 /home/travis/build/icyphy/ptII/ptolemy/actor/lib/test/auto/Test.xml
----------------- Instantiating /home/travis/build/icyphy/ptII/ptolemy/actor/lib/test/auto/Test.xml
2 ms. Memory: 440320K Free: 218245K (50%)
----------------- Invoking toplevel() on ptolemy.moml.MoMLSimpleApplication@cd62c26
----------------- Done invoking toplevel() on ptolemy.moml.MoMLSimpleApplication@cd62c26
reloadAllAccessors: .Test

===========================================================================================
----------------- testing Wed Mar 04 17:10:21 UTC 2020 /home/travis/build/icyphy/ptII/ptolemy/actor/lib/test/auto/TestExceptionAttribute1.xml
----------------- Instantiating /home/travis/build/icyphy/ptII/ptolemy/actor/lib/test/auto/TestExceptionAttribute1.xml
1 ms. Memory: 440320K Free: 214659K (49%)
----------------- Invoking toplevel() on ptolemy.moml.MoMLSimpleApplication@48bb616f
----------------- Done invoking toplevel() on ptolemy.moml.MoMLSimpleApplication@48bb616f
reloadAllAccessors: .TestExceptionAttribute1

===========================================================================================
----------------- testing Wed Mar 04 17:10:21 UTC 2020 /home/travis/build/icyphy/ptII/ptolemy/actor/lib/test/auto/TestExceptionAttribute2.xml
----------------- Instantiating /home/travis/build/icyphy/ptII/ptolemy/actor/lib/test/auto/TestExceptionAttribute2.xml
1 ms. Memory: 440320K Free: 210563K (48%)
----------------- Invoking toplevel() on ptolemy.moml.MoMLSimpleApplication@2e38c578
----------------- Done invoking toplevel() on ptolemy.moml.MoMLSimpleApplication@2e38c578
reloadAllAccessors: .TestExceptionAttribute2

===========================================================================================
----------------- testing Wed Mar 04 17:10:21 UTC 2020 /home/travis/build/icyphy/ptII/ptolemy/actor/lib/test/auto/TestExceptionAttribute3.xml
----------------- Instantiating /home/travis/build/icyphy/ptII/ptolemy/actor/lib/test/auto/TestExceptionAttribute3.xml
.TestExceptionAttribute3.TestExceptionAttribute: initialize() was not invoked, but wrapup() was.  This is unusual, but not always a problem.  For example, exporting JNLP will do this.
1 ms. Memory: 440320K Free: 206981K (47%)
----------------- Invoking toplevel() on ptolemy.moml.MoMLSimpleApplication@5e07ab7b
----------------- Done invoking toplevel() on ptolemy.moml.MoMLSimpleApplication@5e07ab7b
reloadAllAccessors: .TestExceptionAttribute3

===========================================================================================
----------------- testing Wed Mar 04 17:10:21 UTC 2020 /home/travis/build/icyphy/ptII/ptolemy/actor/lib/test/auto/TestExceptionAttribute4.xml
----------------- Instantiating /home/travis/build/icyphy/ptII/ptolemy/actor/lib/test/auto/TestExceptionAttribute4.xml
.TestExceptionAttribute4.TestExceptionAttribute: initialize() was not invoked, but wrapup() was.  This is unusual, but not always a problem.  For example, exporting JNLP will do this.
.TestExceptionAttribute4.TestExceptionAttribute2: initialize() was not invoked, but wrapup() was.  This is unusual, but not always a problem.  For example, exporting JNLP will do this.
1 ms. Memory: 440320K Free: 202885K (46%)
----------------- Invoking toplevel() on ptolemy.moml.MoMLSimpleApplication@458ee1b9
----------------- Done invoking toplevel() on ptolemy.moml.MoMLSimpleApplication@458ee1b9
reloadAllAccessors: .TestExceptionAttribute4

===========================================================================================
----------------- testing Wed Mar 04 17:10:21 UTC 2020 /home/travis/build/icyphy/ptII/ptolemy/actor/lib/test/auto/TestExceptionHandler1.xml
----------------- Instantiating /home/travis/build/icyphy/ptII/ptolemy/actor/lib/test/auto/TestExceptionHandler1.xml
1 ms. Memory: 440320K Free: 199299K (45%)
----------------- Invoking toplevel() on ptolemy.moml.MoMLSimpleApplication@18e7a63c
----------------- Done invoking toplevel() on ptolemy.moml.MoMLSimpleApplication@18e7a63c
reloadAllAccessors: .TestExceptionHandler1

===========================================================================================
----------------- testing Wed Mar 04 17:10:21 UTC 2020 /home/travis/build/icyphy/ptII/ptolemy/actor/lib/test/auto/TestExceptionHandler2.xml
----------------- Instantiating /home/travis/build/icyphy/ptII/ptolemy/actor/lib/test/auto/TestExceptionHandler2.xml
2 ms. Memory: 440320K Free: 195717K (44%)
----------------- Invoking toplevel() on ptolemy.moml.MoMLSimpleApplication@4014c8cc
----------------- Done invoking toplevel() on ptolemy.moml.MoMLSimpleApplication@4014c8cc
reloadAllAccessors: .TestExceptionHandler2

===========================================================================================
----------------- testing Wed Mar 04 17:10:21 UTC 2020 /home/travis/build/icyphy/ptII/ptolemy/actor/lib/test/auto/TestExceptionHandler3.xml
----------------- Instantiating /home/travis/build/icyphy/ptII/ptolemy/actor/lib/test/auto/TestExceptionHandler3.xml
0 ms. Memory: 440320K Free: 192131K (44%)
----------------- Invoking toplevel() on ptolemy.moml.MoMLSimpleApplication@2ca2318d
----------------- Done invoking toplevel() on ptolemy.moml.MoMLSimpleApplication@2ca2318d
reloadAllAccessors: .TestExceptionHandler3

===========================================================================================
----------------- testing Wed Mar 04 17:10:21 UTC 2020 /home/travis/build/icyphy/ptII/ptolemy/actor/lib/test/auto/TestExceptionHandler4.xml
----------------- Instantiating /home/travis/build/icyphy/ptII/ptolemy/actor/lib/test/auto/TestExceptionHandler4.xml
0 ms. Memory: 440320K Free: 188035K (43%)
----------------- Invoking toplevel() on ptolemy.moml.MoMLSimpleApplication@5d5165ce
----------------- Done invoking toplevel() on ptolemy.moml.MoMLSimpleApplication@5d5165ce
reloadAllAccessors: .TestExceptionHandler4

===========================================================================================
----------------- testing Wed Mar 04 17:10:21 UTC 2020 /home/travis/build/icyphy/ptII/ptolemy/actor/lib/test/auto/TestRequireCorrectOrder.xml
----------------- Instantiating /home/travis/build/icyphy/ptII/ptolemy/actor/lib/test/auto/TestRequireCorrectOrder.xml
6 ms. Memory: 440320K Free: 182901K (42%)
----------------- Invoking toplevel() on ptolemy.moml.MoMLSimpleApplication@62a20be1
----------------- Done invoking toplevel() on ptolemy.moml.MoMLSimpleApplication@62a20be1
reloadAllAccessors: .TestRequireCorrectOrder

===========================================================================================
----------------- testing Wed Mar 04 17:10:21 UTC 2020 /home/travis/build/icyphy/ptII/ptolemy/actor/lib/test/auto/TestSimple.xml
----------------- Instantiating /home/travis/build/icyphy/ptII/ptolemy/actor/lib/test/auto/TestSimple.xml
2 ms. Memory: 440320K Free: 177795K (40%)
----------------- Invoking toplevel() on ptolemy.moml.MoMLSimpleApplication@f7aef90
----------------- Done invoking toplevel() on ptolemy.moml.MoMLSimpleApplication@f7aef90
reloadAllAccessors: .TestSimple

===========================================================================================
----------------- testing Wed Mar 04 17:10:21 UTC 2020 /home/travis/build/icyphy/ptII/ptolemy/actor/lib/test/auto/ThrowModelError.xml
----------------- Instantiating /home/travis/build/icyphy/ptII/ptolemy/actor/lib/test/auto/ThrowModelError.xml
1 ms. Memory: 440320K Free: 173189K (39%)
----------------- Invoking toplevel() on ptolemy.moml.MoMLSimpleApplication@7928ae58
----------------- Done invoking toplevel() on ptolemy.moml.MoMLSimpleApplication@7928ae58
reloadAllAccessors: .ThrowModelError

===========================================================================================
----------------- testing Wed Mar 04 17:10:21 UTC 2020 /home/travis/build/icyphy/ptII/ptolemy/actor/lib/test/auto/TimeDelayMicrosteps.xml
----------------- Instantiating /home/travis/build/icyphy/ptII/ptolemy/actor/lib/test/auto/TimeDelayMicrosteps.xml
3 ms. Memory: 440320K Free: 166501K (38%)
----------------- Invoking toplevel() on ptolemy.moml.MoMLSimpleApplication@4e6fb78d
----------------- Done invoking toplevel() on ptolemy.moml.MoMLSimpleApplication@4e6fb78d
reloadAllAccessors: .TimeDelayMicrosteps

===========================================================================================
----------------- testing Wed Mar 04 17:10:21 UTC 2020 /home/travis/build/icyphy/ptII/ptolemy/actor/lib/test/auto/TimeDelayMicrosteps2.xml
----------------- Instantiating /home/travis/build/icyphy/ptII/ptolemy/actor/lib/test/auto/TimeDelayMicrosteps2.xml
3 ms. Memory: 440320K Free: 159357K (36%)
----------------- Invoking toplevel() on ptolemy.moml.MoMLSimpleApplication@235d053b
----------------- Done invoking toplevel() on ptolemy.moml.MoMLSimpleApplication@235d053b
reloadAllAccessors: .TimeDelayMicrosteps2

===========================================================================================
----------------- testing Wed Mar 04 17:10:21 UTC 2020 /home/travis/build/icyphy/ptII/ptolemy/actor/lib/test/auto/TimeDelayMicrosteps3.xml
----------------- Instantiating /home/travis/build/icyphy/ptII/ptolemy/actor/lib/test/auto/TimeDelayMicrosteps3.xml
2 ms. Memory: 440320K Free: 152709K (35%)
----------------- Invoking toplevel() on ptolemy.moml.MoMLSimpleApplication@21ac07f0
----------------- Done invoking toplevel() on ptolemy.moml.MoMLSimpleApplication@21ac07f0
reloadAllAccessors: .TimeDelayMicrosteps3

===========================================================================================
----------------- testing Wed Mar 04 17:10:21 UTC 2020 /home/travis/build/icyphy/ptII/ptolemy/actor/lib/test/auto/TimeDelayVariableMicrosteps.xml
----------------- Instantiating /home/travis/build/icyphy/ptII/ptolemy/actor/lib/test/auto/TimeDelayVariableMicrosteps.xml
3 ms. Memory: 440320K Free: 146051K (33%)
----------------- Invoking toplevel() on ptolemy.moml.MoMLSimpleApplication@7d051656
----------------- Done invoking toplevel() on ptolemy.moml.MoMLSimpleApplication@7d051656
reloadAllAccessors: .TimeDelayVariableMicrosteps

===========================================================================================
----------------- testing Wed Mar 04 17:10:21 UTC 2020 /home/travis/build/icyphy/ptII/ptolemy/actor/lib/test/auto/TimeGap.xml
----------------- Instantiating /home/travis/build/icyphy/ptII/ptolemy/actor/lib/test/auto/TimeGap.xml
3 ms. Memory: 440320K Free: 140421K (32%)
----------------- Invoking toplevel() on ptolemy.moml.MoMLSimpleApplication@24a61bfd
----------------- Done invoking toplevel() on ptolemy.moml.MoMLSimpleApplication@24a61bfd
reloadAllAccessors: .TimeGap

===========================================================================================
----------------- testing Wed Mar 04 17:10:21 UTC 2020 /home/travis/build/icyphy/ptII/ptolemy/actor/lib/test/auto/TimeGap2.xml
----------------- Instantiating /home/travis/build/icyphy/ptII/ptolemy/actor/lib/test/auto/TimeGap2.xml
2 ms. Memory: 440320K Free: 134757K (31%)
----------------- Invoking toplevel() on ptolemy.moml.MoMLSimpleApplication@f16b65a
----------------- Done invoking toplevel() on ptolemy.moml.MoMLSimpleApplication@f16b65a
reloadAllAccessors: .TimeGap2

===========================================================================================
----------------- testing Wed Mar 04 17:10:21 UTC 2020 /home/travis/build/icyphy/ptII/ptolemy/actor/lib/test/auto/TimedSinewave.xml
----------------- Instantiating /home/travis/build/icyphy/ptII/ptolemy/actor/lib/test/auto/TimedSinewave.xml
27 ms. Memory: 440320K Free: 381183K (87%)
----------------- Invoking toplevel() on ptolemy.moml.MoMLSimpleApplication@4eca61e5
----------------- Done invoking toplevel() on ptolemy.moml.MoMLSimpleApplication@4eca61e5
reloadAllAccessors: .TimedSinewave

===========================================================================================
----------------- testing Wed Mar 04 17:10:21 UTC 2020 /home/travis/build/icyphy/ptII/ptolemy/actor/lib/test/auto/TimedSinewavePhase.xml
----------------- Instantiating /home/travis/build/icyphy/ptII/ptolemy/actor/lib/test/auto/TimedSinewavePhase.xml
9 ms. Memory: 440320K Free: 370943K (84%)
----------------- Invoking toplevel() on ptolemy.moml.MoMLSimpleApplication@6b64061b
----------------- Done invoking toplevel() on ptolemy.moml.MoMLSimpleApplication@6b64061b
reloadAllAccessors: .TimedSinewavePhase

===========================================================================================
----------------- testing Wed Mar 04 17:10:21 UTC 2020 /home/travis/build/icyphy/ptII/ptolemy/actor/lib/test/auto/Timer.xml
----------------- Instantiating /home/travis/build/icyphy/ptII/ptolemy/actor/lib/test/auto/Timer.xml
2 ms. Memory: 440320K Free: 365313K (83%)
----------------- Invoking toplevel() on ptolemy.moml.MoMLSimpleApplication@45946bf4
----------------- Done invoking toplevel() on ptolemy.moml.MoMLSimpleApplication@45946bf4
reloadAllAccessors: .Timer

===========================================================================================
----------------- testing Wed Mar 04 17:10:21 UTC 2020 /home/travis/build/icyphy/ptII/ptolemy/actor/lib/test/auto/TriangularDistTestModel.xml
----------------- Instantiating /home/travis/build/icyphy/ptII/ptolemy/actor/lib/test/auto/TriangularDistTestModel.xml
2 ms. Memory: 440320K Free: 359665K (82%)
----------------- Invoking toplevel() on ptolemy.moml.MoMLSimpleApplication@72c4a6d2
----------------- Done invoking toplevel() on ptolemy.moml.MoMLSimpleApplication@72c4a6d2
reloadAllAccessors: .TriangularDistTestModel

===========================================================================================
----------------- testing Wed Mar 04 17:10:22 UTC 2020 /home/travis/build/icyphy/ptII/ptolemy/actor/lib/test/auto/TrigFunction.xml
----------------- Instantiating /home/travis/build/icyphy/ptII/ptolemy/actor/lib/test/auto/TrigFunction.xml
2 ms. Memory: 440320K Free: 355073K (81%)
----------------- Invoking toplevel() on ptolemy.moml.MoMLSimpleApplication@38be2354
----------------- Done invoking toplevel() on ptolemy.moml.MoMLSimpleApplication@38be2354
reloadAllAccessors: .TrigFunction

===========================================================================================
----------------- testing Wed Mar 04 17:10:22 UTC 2020 /home/travis/build/icyphy/ptII/ptolemy/actor/lib/test/auto/TrigFunctionDE.xml
----------------- Instantiating /home/travis/build/icyphy/ptII/ptolemy/actor/lib/test/auto/TrigFunctionDE.xml
2 ms. Memory: 440320K Free: 349439K (79%)
----------------- Invoking toplevel() on ptolemy.moml.MoMLSimpleApplication@142321b8
----------------- Done invoking toplevel() on ptolemy.moml.MoMLSimpleApplication@142321b8
reloadAllAccessors: .TrigFunctionDE

===========================================================================================
----------------- testing Wed Mar 04 17:10:22 UTC 2020 /home/travis/build/icyphy/ptII/ptolemy/actor/lib/test/auto/TrigFunctionInverse.xml
----------------- Instantiating /home/travis/build/icyphy/ptII/ptolemy/actor/lib/test/auto/TrigFunctionInverse.xml
1 ms. Memory: 440320K Free: 343809K (78%)
----------------- Invoking toplevel() on ptolemy.moml.MoMLSimpleApplication@5ad67242
----------------- Done invoking toplevel() on ptolemy.moml.MoMLSimpleApplication@5ad67242
reloadAllAccessors: .TrigFunctionInverse

===========================================================================================
----------------- testing Wed Mar 04 17:10:22 UTC 2020 /home/travis/build/icyphy/ptII/ptolemy/actor/lib/test/auto/TrigFunctionTan.xml
----------------- Instantiating /home/travis/build/icyphy/ptII/ptolemy/actor/lib/test/auto/TrigFunctionTan.xml
2 ms. Memory: 440320K Free: 339713K (77%)
----------------- Invoking toplevel() on ptolemy.moml.MoMLSimpleApplication@143fb5d5
----------------- Done invoking toplevel() on ptolemy.moml.MoMLSimpleApplication@143fb5d5
reloadAllAccessors: .TrigFunctionTan

===========================================================================================
----------------- testing Wed Mar 04 17:10:22 UTC 2020 /home/travis/build/icyphy/ptII/ptolemy/actor/lib/test/auto/TriggeredClock.xml
----------------- Instantiating /home/travis/build/icyphy/ptII/ptolemy/actor/lib/test/auto/TriggeredClock.xml
1 ms. Memory: 440320K Free: 335087K (76%)
----------------- Invoking toplevel() on ptolemy.moml.MoMLSimpleApplication@7f9f6894
----------------- Done invoking toplevel() on ptolemy.moml.MoMLSimpleApplication@7f9f6894
reloadAllAccessors: .TriggeredClock

===========================================================================================
----------------- testing Wed Mar 04 17:10:22 UTC 2020 /home/travis/build/icyphy/ptII/ptolemy/actor/lib/test/auto/URLDirectoryReader.xml
----------------- Instantiating /home/travis/build/icyphy/ptII/ptolemy/actor/lib/test/auto/URLDirectoryReader.xml
40 ms. Memory: 440320K Free: 325887K (74%)
----------------- Invoking toplevel() on ptolemy.moml.MoMLSimpleApplication@44b0a3b0
----------------- Done invoking toplevel() on ptolemy.moml.MoMLSimpleApplication@44b0a3b0
reloadAllAccessors: .URLDirectoryReader

===========================================================================================
----------------- testing Wed Mar 04 17:10:22 UTC 2020 /home/travis/build/icyphy/ptII/ptolemy/actor/lib/test/auto/URLDirectoryReader3.xml
----------------- Instantiating /home/travis/build/icyphy/ptII/ptolemy/actor/lib/test/auto/URLDirectoryReader3.xml
1395 ms. Memory: 440320K Free: 381669K (87%)
----------------- Invoking toplevel() on ptolemy.moml.MoMLSimpleApplication@5d8838fe
----------------- Done invoking toplevel() on ptolemy.moml.MoMLSimpleApplication@5d8838fe
reloadAllAccessors: .URLDirectoryReader3

===========================================================================================
----------------- testing Wed Mar 04 17:10:23 UTC 2020 /home/travis/build/icyphy/ptII/ptolemy/actor/lib/test/auto/UnaryMathFunction.xml
----------------- Instantiating /home/travis/build/icyphy/ptII/ptolemy/actor/lib/test/auto/UnaryMathFunction.xml
3 ms. Memory: 440320K Free: 373475K (85%)
----------------- Invoking toplevel() on ptolemy.moml.MoMLSimpleApplication@5264b161
----------------- Done invoking toplevel() on ptolemy.moml.MoMLSimpleApplication@5264b161
reloadAllAccessors: .UnaryMathFunction

===========================================================================================
----------------- testing Wed Mar 04 17:10:23 UTC 2020 /home/travis/build/icyphy/ptII/ptolemy/actor/lib/test/auto/Uniform.xml
----------------- Instantiating /home/travis/build/icyphy/ptII/ptolemy/actor/lib/test/auto/Uniform.xml
2 ms. Memory: 440320K Free: 368869K (84%)
----------------- Invoking toplevel() on ptolemy.moml.MoMLSimpleApplication@24a79371
----------------- Done invoking toplevel() on ptolemy.moml.MoMLSimpleApplication@24a79371
reloadAllAccessors: .Uniform

===========================================================================================
----------------- testing Wed Mar 04 17:10:23 UTC 2020 /home/travis/build/icyphy/ptII/ptolemy/actor/lib/test/auto/UnionDisassemblerTest.xml
----------------- Instantiating /home/travis/build/icyphy/ptII/ptolemy/actor/lib/test/auto/UnionDisassemblerTest.xml
9 ms. Memory: 440320K Free: 365283K (83%)
----------------- Invoking toplevel() on ptolemy.moml.MoMLSimpleApplication@620c5130
----------------- Done invoking toplevel() on ptolemy.moml.MoMLSimpleApplication@620c5130
reloadAllAccessors: .UnionDisassemblerTest

===========================================================================================
----------------- testing Wed Mar 04 17:10:23 UTC 2020 /home/travis/build/icyphy/ptII/ptolemy/actor/lib/test/auto/UtilityFunctions.xml
----------------- Instantiating /home/travis/build/icyphy/ptII/ptolemy/actor/lib/test/auto/UtilityFunctions.xml
1 ms. Memory: 440320K Free: 360163K (82%)
----------------- Invoking toplevel() on ptolemy.moml.MoMLSimpleApplication@3b7bbe5f
----------------- Done invoking toplevel() on ptolemy.moml.MoMLSimpleApplication@3b7bbe5f
reloadAllAccessors: .UtilityFunctions

===========================================================================================
----------------- testing Wed Mar 04 17:10:23 UTC 2020 /home/travis/build/icyphy/ptII/ptolemy/actor/lib/test/auto/VariableSleep.xml
----------------- Instantiating /home/travis/build/icyphy/ptII/ptolemy/actor/lib/test/auto/VariableSleep.xml
503 ms. Memory: 440320K Free: 354533K (81%)
----------------- Invoking toplevel() on ptolemy.moml.MoMLSimpleApplication@a1af642
----------------- Done invoking toplevel() on ptolemy.moml.MoMLSimpleApplication@a1af642
reloadAllAccessors: .VariableSleep

===========================================================================================
----------------- testing Wed Mar 04 17:10:24 UTC 2020 /home/travis/build/icyphy/ptII/ptolemy/actor/lib/test/auto/VectorAssemblerDisassemblerCT.xml
----------------- Instantiating /home/travis/build/icyphy/ptII/ptolemy/actor/lib/test/auto/VectorAssemblerDisassemblerCT.xml
60 ms. Memory: 440320K Free: 334053K (76%)
----------------- Invoking toplevel() on ptolemy.moml.MoMLSimpleApplication@7b47bee1
----------------- Done invoking toplevel() on ptolemy.moml.MoMLSimpleApplication@7b47bee1
reloadAllAccessors: .VectorAssemblerDisassemblerCT

===========================================================================================
----------------- testing Wed Mar 04 17:10:24 UTC 2020 /home/travis/build/icyphy/ptII/ptolemy/actor/lib/test/auto/VectorAssemblerDisassemblerDE.xml
----------------- Instantiating /home/travis/build/icyphy/ptII/ptolemy/actor/lib/test/auto/VectorAssemblerDisassemblerDE.xml
3 ms. Memory: 440320K Free: 326885K (74%)
----------------- Invoking toplevel() on ptolemy.moml.MoMLSimpleApplication@7a77f9d4
----------------- Done invoking toplevel() on ptolemy.moml.MoMLSimpleApplication@7a77f9d4
reloadAllAccessors: .VectorAssemblerDisassemblerDE

===========================================================================================
----------------- testing Wed Mar 04 17:10:24 UTC 2020 /home/travis/build/icyphy/ptII/ptolemy/actor/lib/test/auto/VectorAssemblerDisassemblerSDF.xml
----------------- Instantiating /home/travis/build/icyphy/ptII/ptolemy/actor/lib/test/auto/VectorAssemblerDisassemblerSDF.xml
3 ms. Memory: 440320K Free: 320213K (73%)
----------------- Invoking toplevel() on ptolemy.moml.MoMLSimpleApplication@23ab47f3
----------------- Done invoking toplevel() on ptolemy.moml.MoMLSimpleApplication@23ab47f3
reloadAllAccessors: .VectorAssemblerDisassemblerSDF

===========================================================================================
----------------- testing Wed Mar 04 17:10:24 UTC 2020 /home/travis/build/icyphy/ptII/ptolemy/actor/lib/test/auto/WallClockTime.xml
----------------- Instantiating /home/travis/build/icyphy/ptII/ptolemy/actor/lib/test/auto/WallClockTime.xml
1005 ms. Memory: 440320K Free: 315107K (72%)
----------------- Invoking toplevel() on ptolemy.moml.MoMLSimpleApplication@7f028485
----------------- Done invoking toplevel() on ptolemy.moml.MoMLSimpleApplication@7f028485
reloadAllAccessors: .WallClockTime

===========================================================================================
----------------- testing Wed Mar 04 17:10:25 UTC 2020 /home/travis/build/icyphy/ptII/ptolemy/actor/lib/test/auto/WidthTestWithSubscriberPublisher.xml
----------------- Instantiating /home/travis/build/icyphy/ptII/ptolemy/actor/lib/test/auto/WidthTestWithSubscriberPublisher.xml
8 ms. Memory: 440320K Free: 296675K (67%)
----------------- Invoking toplevel() on ptolemy.moml.MoMLSimpleApplication@4adb5092
----------------- Done invoking toplevel() on ptolemy.moml.MoMLSimpleApplication@4adb5092
reloadAllAccessors: .WidthTestWithSubscriberPublisher

===========================================================================================
----------------- testing Wed Mar 04 17:10:25 UTC 2020 /home/travis/build/icyphy/ptII/ptolemy/actor/lib/test/auto/WidthTestWithSubscriberPublisher2.xml
----------------- Instantiating /home/travis/build/icyphy/ptII/ptolemy/actor/lib/test/auto/WidthTestWithSubscriberPublisher2.xml
7 ms. Memory: 440320K Free: 290531K (66%)
----------------- Invoking toplevel() on ptolemy.moml.MoMLSimpleApplication@1591fdd8
----------------- Done invoking toplevel() on ptolemy.moml.MoMLSimpleApplication@1591fdd8
reloadAllAccessors: .WidthTestWithSubscriberPublisher2

===========================================================================================
----------------- testing Wed Mar 04 17:10:25 UTC 2020 /home/travis/build/icyphy/ptII/ptolemy/actor/lib/test/auto/WidthTestWithSubscriberPublisher3.xml
----------------- Instantiating /home/travis/build/icyphy/ptII/ptolemy/actor/lib/test/auto/WidthTestWithSubscriberPublisher3.xml
1 ms. Memory: 440320K Free: 284901K (65%)
----------------- Invoking toplevel() on ptolemy.moml.MoMLSimpleApplication@738eac1e
----------------- Done invoking toplevel() on ptolemy.moml.MoMLSimpleApplication@738eac1e
reloadAllAccessors: .WidthTestWithSubscriberPublisher3

===========================================================================================
----------------- testing Wed Mar 04 17:10:25 UTC 2020 /home/travis/build/icyphy/ptII/ptolemy/actor/lib/test/auto/Writer.xml
----------------- Instantiating /home/travis/build/icyphy/ptII/ptolemy/actor/lib/test/auto/Writer.xml
0
1
2
3
4
1 ms. Memory: 440320K Free: 280805K (64%)
----------------- Invoking toplevel() on ptolemy.moml.MoMLSimpleApplication@7c001f9f
----------------- Done invoking toplevel() on ptolemy.moml.MoMLSimpleApplication@7c001f9f
reloadAllAccessors: .Writer

===========================================================================================
----------------- testing Wed Mar 04 17:10:25 UTC 2020 /home/travis/build/icyphy/ptII/ptolemy/actor/lib/test/auto/array.xml
----------------- Instantiating /home/travis/build/icyphy/ptII/ptolemy/actor/lib/test/auto/array.xml
2 ms. Memory: 440320K Free: 275685K (63%)
----------------- Invoking toplevel() on ptolemy.moml.MoMLSimpleApplication@5b3f2f14
----------------- Done invoking toplevel() on ptolemy.moml.MoMLSimpleApplication@5b3f2f14
reloadAllAccessors: .array

===========================================================================================
----------------- testing Wed Mar 04 17:10:25 UTC 2020 /home/travis/build/icyphy/ptII/ptolemy/actor/lib/test/auto/array2.xml
----------------- Instantiating /home/travis/build/icyphy/ptII/ptolemy/actor/lib/test/auto/array2.xml
5 ms. Memory: 440320K Free: 270565K (61%)
----------------- Invoking toplevel() on ptolemy.moml.MoMLSimpleApplication@723b91f5
----------------- Done invoking toplevel() on ptolemy.moml.MoMLSimpleApplication@723b91f5
reloadAllAccessors: .array2

===========================================================================================
----------------- testing Wed Mar 04 17:10:25 UTC 2020 /home/travis/build/icyphy/ptII/ptolemy/actor/lib/test/auto/arrayType.xml
----------------- Instantiating /home/travis/build/icyphy/ptII/ptolemy/actor/lib/test/auto/arrayType.xml
2 ms. Memory: 440320K Free: 265445K (60%)
----------------- Invoking toplevel() on ptolemy.moml.MoMLSimpleApplication@5fd8a07b
----------------- Done invoking toplevel() on ptolemy.moml.MoMLSimpleApplication@5fd8a07b
reloadAllAccessors: .arrayType

===========================================================================================
----------------- testing Wed Mar 04 17:10:25 UTC 2020 /home/travis/build/icyphy/ptII/ptolemy/actor/lib/test/auto/arrayType10.xml
----------------- Instantiating /home/travis/build/icyphy/ptII/ptolemy/actor/lib/test/auto/arrayType10.xml
2 ms. Memory: 440320K Free: 260835K (59%)
----------------- Invoking toplevel() on ptolemy.moml.MoMLSimpleApplication@33df0d79
----------------- Done invoking toplevel() on ptolemy.moml.MoMLSimpleApplication@33df0d79
reloadAllAccessors: .arrayType10

===========================================================================================
----------------- testing Wed Mar 04 17:10:25 UTC 2020 /home/travis/build/icyphy/ptII/ptolemy/actor/lib/test/auto/arrayType11.xml
----------------- Instantiating /home/travis/build/icyphy/ptII/ptolemy/actor/lib/test/auto/arrayType11.xml
1 ms. Memory: 440320K Free: 256229K (58%)
----------------- Invoking toplevel() on ptolemy.moml.MoMLSimpleApplication@1951fe52
----------------- Done invoking toplevel() on ptolemy.moml.MoMLSimpleApplication@1951fe52
reloadAllAccessors: .arrayType11

===========================================================================================
----------------- testing Wed Mar 04 17:10:25 UTC 2020 /home/travis/build/icyphy/ptII/ptolemy/actor/lib/test/auto/arrayType12.xml
----------------- Instantiating /home/travis/build/icyphy/ptII/ptolemy/actor/lib/test/auto/arrayType12.xml
1 ms. Memory: 440320K Free: 251109K (57%)
----------------- Invoking toplevel() on ptolemy.moml.MoMLSimpleApplication@72e44fd0
----------------- Done invoking toplevel() on ptolemy.moml.MoMLSimpleApplication@72e44fd0
reloadAllAccessors: .arrayType12

===========================================================================================
----------------- testing Wed Mar 04 17:10:25 UTC 2020 /home/travis/build/icyphy/ptII/ptolemy/actor/lib/test/auto/arrayType13.xml
----------------- Instantiating /home/travis/build/icyphy/ptII/ptolemy/actor/lib/test/auto/arrayType13.xml
1 ms. Memory: 440320K Free: 245989K (56%)
----------------- Invoking toplevel() on ptolemy.moml.MoMLSimpleApplication@46de0a37
----------------- Done invoking toplevel() on ptolemy.moml.MoMLSimpleApplication@46de0a37
reloadAllAccessors: .arrayType13

===========================================================================================
----------------- testing Wed Mar 04 17:10:25 UTC 2020 /home/travis/build/icyphy/ptII/ptolemy/actor/lib/test/auto/arrayType14.xml
----------------- Instantiating /home/travis/build/icyphy/ptII/ptolemy/actor/lib/test/auto/arrayType14.xml
2 ms. Memory: 440320K Free: 240869K (55%)
----------------- Invoking toplevel() on ptolemy.moml.MoMLSimpleApplication@98f7878
----------------- Done invoking toplevel() on ptolemy.moml.MoMLSimpleApplication@98f7878
reloadAllAccessors: .arrayType14

===========================================================================================
----------------- testing Wed Mar 04 17:10:25 UTC 2020 /home/travis/build/icyphy/ptII/ptolemy/actor/lib/test/auto/arrayType15.xml
----------------- Instantiating /home/travis/build/icyphy/ptII/ptolemy/actor/lib/test/auto/arrayType15.xml
3 ms. Memory: 440320K Free: 235749K (54%)
----------------- Invoking toplevel() on ptolemy.moml.MoMLSimpleApplication@1e5643ed
----------------- Done invoking toplevel() on ptolemy.moml.MoMLSimpleApplication@1e5643ed
reloadAllAccessors: .arrayType15

===========================================================================================
----------------- testing Wed Mar 04 17:10:25 UTC 2020 /home/travis/build/icyphy/ptII/ptolemy/actor/lib/test/auto/arrayType16.xml
----------------- Instantiating /home/travis/build/icyphy/ptII/ptolemy/actor/lib/test/auto/arrayType16.xml
2 ms. Memory: 440320K Free: 230115K (52%)
----------------- Invoking toplevel() on ptolemy.moml.MoMLSimpleApplication@2ada5d3c
----------------- Done invoking toplevel() on ptolemy.moml.MoMLSimpleApplication@2ada5d3c
reloadAllAccessors: .arrayType16

===========================================================================================
----------------- testing Wed Mar 04 17:10:25 UTC 2020 /home/travis/build/icyphy/ptII/ptolemy/actor/lib/test/auto/arrayType17.xml
----------------- Instantiating /home/travis/build/icyphy/ptII/ptolemy/actor/lib/test/auto/arrayType17.xml
2 ms. Memory: 440320K Free: 224995K (51%)
----------------- Invoking toplevel() on ptolemy.moml.MoMLSimpleApplication@29057000
----------------- Done invoking toplevel() on ptolemy.moml.MoMLSimpleApplication@29057000
reloadAllAccessors: .arrayType17

===========================================================================================
----------------- testing Wed Mar 04 17:10:25 UTC 2020 /home/travis/build/icyphy/ptII/ptolemy/actor/lib/test/auto/arrayType18.xml
----------------- Instantiating /home/travis/build/icyphy/ptII/ptolemy/actor/lib/test/auto/arrayType18.xml
2 ms. Memory: 440320K Free: 220389K (50%)
----------------- Invoking toplevel() on ptolemy.moml.MoMLSimpleApplication@598d99ea
----------------- Done invoking toplevel() on ptolemy.moml.MoMLSimpleApplication@598d99ea
reloadAllAccessors: .arrayType18

===========================================================================================
----------------- testing Wed Mar 04 17:10:25 UTC 2020 /home/travis/build/icyphy/ptII/ptolemy/actor/lib/test/auto/arrayType19.xml
----------------- Instantiating /home/travis/build/icyphy/ptII/ptolemy/actor/lib/test/auto/arrayType19.xml
2 ms. Memory: 440320K Free: 215269K (49%)
----------------- Invoking toplevel() on ptolemy.moml.MoMLSimpleApplication@4b60eb81
----------------- Done invoking toplevel() on ptolemy.moml.MoMLSimpleApplication@4b60eb81
reloadAllAccessors: .arrayType19

===========================================================================================
----------------- testing Wed Mar 04 17:10:25 UTC 2020 /home/travis/build/icyphy/ptII/ptolemy/actor/lib/test/auto/arrayType2.xml
----------------- Instantiating /home/travis/build/icyphy/ptII/ptolemy/actor/lib/test/auto/arrayType2.xml
1 ms. Memory: 440320K Free: 210149K (48%)
----------------- Invoking toplevel() on ptolemy.moml.MoMLSimpleApplication@1cd2da9f
----------------- Done invoking toplevel() on ptolemy.moml.MoMLSimpleApplication@1cd2da9f
reloadAllAccessors: .arrayType2

===========================================================================================
----------------- testing Wed Mar 04 17:10:25 UTC 2020 /home/travis/build/icyphy/ptII/ptolemy/actor/lib/test/auto/arrayType20.xml
----------------- Instantiating /home/travis/build/icyphy/ptII/ptolemy/actor/lib/test/auto/arrayType20.xml
1 ms. Memory: 440320K Free: 205539K (47%)
----------------- Invoking toplevel() on ptolemy.moml.MoMLSimpleApplication@7a060725
----------------- Done invoking toplevel() on ptolemy.moml.MoMLSimpleApplication@7a060725
reloadAllAccessors: .arrayType20

===========================================================================================
----------------- testing Wed Mar 04 17:10:26 UTC 2020 /home/travis/build/icyphy/ptII/ptolemy/actor/lib/test/auto/arrayType21.xml
----------------- Instantiating /home/travis/build/icyphy/ptII/ptolemy/actor/lib/test/auto/arrayType21.xml
2 ms. Memory: 440320K Free: 200933K (46%)
----------------- Invoking toplevel() on ptolemy.moml.MoMLSimpleApplication@68ba9da5
----------------- Done invoking toplevel() on ptolemy.moml.MoMLSimpleApplication@68ba9da5
reloadAllAccessors: .arrayType21

===========================================================================================
----------------- testing Wed Mar 04 17:10:26 UTC 2020 /home/travis/build/icyphy/ptII/ptolemy/actor/lib/test/auto/arrayType22.xml
----------------- Instantiating /home/travis/build/icyphy/ptII/ptolemy/actor/lib/test/auto/arrayType22.xml
1 ms. Memory: 440320K Free: 195813K (44%)
----------------- Invoking toplevel() on ptolemy.moml.MoMLSimpleApplication@2d528aa5
----------------- Done invoking toplevel() on ptolemy.moml.MoMLSimpleApplication@2d528aa5
reloadAllAccessors: .arrayType22

===========================================================================================
----------------- testing Wed Mar 04 17:10:26 UTC 2020 /home/travis/build/icyphy/ptII/ptolemy/actor/lib/test/auto/arrayType23.xml
----------------- Instantiating /home/travis/build/icyphy/ptII/ptolemy/actor/lib/test/auto/arrayType23.xml
2 ms. Memory: 440320K Free: 191203K (43%)
----------------- Invoking toplevel() on ptolemy.moml.MoMLSimpleApplication@2724667b
----------------- Done invoking toplevel() on ptolemy.moml.MoMLSimpleApplication@2724667b
reloadAllAccessors: .arrayType23

===========================================================================================
----------------- testing Wed Mar 04 17:10:26 UTC 2020 /home/travis/build/icyphy/ptII/ptolemy/actor/lib/test/auto/arrayType24.xml
----------------- Instantiating /home/travis/build/icyphy/ptII/ptolemy/actor/lib/test/auto/arrayType24.xml
1 ms. Memory: 440320K Free: 186597K (42%)
----------------- Invoking toplevel() on ptolemy.moml.MoMLSimpleApplication@292e0d0c
----------------- Done invoking toplevel() on ptolemy.moml.MoMLSimpleApplication@292e0d0c
reloadAllAccessors: .arrayType24

===========================================================================================
----------------- testing Wed Mar 04 17:10:26 UTC 2020 /home/travis/build/icyphy/ptII/ptolemy/actor/lib/test/auto/arrayType25.xml
----------------- Instantiating /home/travis/build/icyphy/ptII/ptolemy/actor/lib/test/auto/arrayType25.xml
2 ms. Memory: 440320K Free: 181477K (41%)
----------------- Invoking toplevel() on ptolemy.moml.MoMLSimpleApplication@485bdf9b
----------------- Done invoking toplevel() on ptolemy.moml.MoMLSimpleApplication@485bdf9b
reloadAllAccessors: .arrayType25

===========================================================================================
----------------- testing Wed Mar 04 17:10:26 UTC 2020 /home/travis/build/icyphy/ptII/ptolemy/actor/lib/test/auto/arrayType26.xml
----------------- Instantiating /home/travis/build/icyphy/ptII/ptolemy/actor/lib/test/auto/arrayType26.xml
2 ms. Memory: 440320K Free: 175843K (40%)
----------------- Invoking toplevel() on ptolemy.moml.MoMLSimpleApplication@21a82fce
----------------- Done invoking toplevel() on ptolemy.moml.MoMLSimpleApplication@21a82fce
reloadAllAccessors: .arrayType26

===========================================================================================
----------------- testing Wed Mar 04 17:10:26 UTC 2020 /home/travis/build/icyphy/ptII/ptolemy/actor/lib/test/auto/arrayType27.xml
----------------- Instantiating /home/travis/build/icyphy/ptII/ptolemy/actor/lib/test/auto/arrayType27.xml
1 ms. Memory: 440320K Free: 170723K (39%)
----------------- Invoking toplevel() on ptolemy.moml.MoMLSimpleApplication@11d31141
----------------- Done invoking toplevel() on ptolemy.moml.MoMLSimpleApplication@11d31141
reloadAllAccessors: .arrayType27

===========================================================================================
----------------- testing Wed Mar 04 17:10:26 UTC 2020 /home/travis/build/icyphy/ptII/ptolemy/actor/lib/test/auto/arrayType28.xml
----------------- Instantiating /home/travis/build/icyphy/ptII/ptolemy/actor/lib/test/auto/arrayType28.xml
1 ms. Memory: 440320K Free: 165603K (38%)
----------------- Invoking toplevel() on ptolemy.moml.MoMLSimpleApplication@72376bb9
----------------- Done invoking toplevel() on ptolemy.moml.MoMLSimpleApplication@72376bb9
reloadAllAccessors: .arrayType28

===========================================================================================
----------------- testing Wed Mar 04 17:10:26 UTC 2020 /home/travis/build/icyphy/ptII/ptolemy/actor/lib/test/auto/arrayType3.xml
----------------- Instantiating /home/travis/build/icyphy/ptII/ptolemy/actor/lib/test/auto/arrayType3.xml
1 ms. Memory: 440320K Free: 159973K (36%)
----------------- Invoking toplevel() on ptolemy.moml.MoMLSimpleApplication@49396cdf
----------------- Done invoking toplevel() on ptolemy.moml.MoMLSimpleApplication@49396cdf
reloadAllAccessors: .arrayType3

===========================================================================================
----------------- testing Wed Mar 04 17:10:26 UTC 2020 /home/travis/build/icyphy/ptII/ptolemy/actor/lib/test/auto/arrayType4.xml
----------------- Instantiating /home/travis/build/icyphy/ptII/ptolemy/actor/lib/test/auto/arrayType4.xml
2 ms. Memory: 440320K Free: 154853K (35%)
----------------- Invoking toplevel() on ptolemy.moml.MoMLSimpleApplication@40526a89
----------------- Done invoking toplevel() on ptolemy.moml.MoMLSimpleApplication@40526a89
reloadAllAccessors: .arrayType4

===========================================================================================
----------------- testing Wed Mar 04 17:10:26 UTC 2020 /home/travis/build/icyphy/ptII/ptolemy/actor/lib/test/auto/arrayType5.xml
----------------- Instantiating /home/travis/build/icyphy/ptII/ptolemy/actor/lib/test/auto/arrayType5.xml
1 ms. Memory: 440320K Free: 149733K (34%)
----------------- Invoking toplevel() on ptolemy.moml.MoMLSimpleApplication@195e25e1
----------------- Done invoking toplevel() on ptolemy.moml.MoMLSimpleApplication@195e25e1
reloadAllAccessors: .arrayType5

===========================================================================================
----------------- testing Wed Mar 04 17:10:26 UTC 2020 /home/travis/build/icyphy/ptII/ptolemy/actor/lib/test/auto/arrayType6.xml
----------------- Instantiating /home/travis/build/icyphy/ptII/ptolemy/actor/lib/test/auto/arrayType6.xml
1 ms. Memory: 440320K Free: 144613K (33%)
----------------- Invoking toplevel() on ptolemy.moml.MoMLSimpleApplication@5acec28d
----------------- Done invoking toplevel() on ptolemy.moml.MoMLSimpleApplication@5acec28d
reloadAllAccessors: .arrayType6

===========================================================================================
----------------- testing Wed Mar 04 17:10:26 UTC 2020 /home/travis/build/icyphy/ptII/ptolemy/actor/lib/test/auto/arrayType7.xml
----------------- Instantiating /home/travis/build/icyphy/ptII/ptolemy/actor/lib/test/auto/arrayType7.xml
6 ms. Memory: 440320K Free: 140003K (32%)
----------------- Invoking toplevel() on ptolemy.moml.MoMLSimpleApplication@6b7f7ba1
----------------- Done invoking toplevel() on ptolemy.moml.MoMLSimpleApplication@6b7f7ba1
reloadAllAccessors: .arrayType7

===========================================================================================
----------------- testing Wed Mar 04 17:10:26 UTC 2020 /home/travis/build/icyphy/ptII/ptolemy/actor/lib/test/auto/arrayType8.xml
----------------- Instantiating /home/travis/build/icyphy/ptII/ptolemy/actor/lib/test/auto/arrayType8.xml
2 ms. Memory: 440320K Free: 135397K (31%)
----------------- Invoking toplevel() on ptolemy.moml.MoMLSimpleApplication@2147e086
----------------- Done invoking toplevel() on ptolemy.moml.MoMLSimpleApplication@2147e086
reloadAllAccessors: .arrayType8

===========================================================================================
----------------- testing Wed Mar 04 17:10:26 UTC 2020 /home/travis/build/icyphy/ptII/ptolemy/actor/lib/test/auto/arrayType9.xml
----------------- Instantiating /home/travis/build/icyphy/ptII/ptolemy/actor/lib/test/auto/arrayType9.xml
2 ms. Memory: 440320K Free: 130787K (30%)
----------------- Invoking toplevel() on ptolemy.moml.MoMLSimpleApplication@40ec7dba
----------------- Done invoking toplevel() on ptolemy.moml.MoMLSimpleApplication@40ec7dba
reloadAllAccessors: .arrayType9

===========================================================================================
----------------- testing Wed Mar 04 17:10:26 UTC 2020 /home/travis/build/icyphy/ptII/ptolemy/actor/lib/test/auto/cast.xml
----------------- Instantiating /home/travis/build/icyphy/ptII/ptolemy/actor/lib/test/auto/cast.xml
3 ms. Memory: 440320K Free: 384453K (87%)
----------------- Invoking toplevel() on ptolemy.moml.MoMLSimpleApplication@5e6baad
----------------- Done invoking toplevel() on ptolemy.moml.MoMLSimpleApplication@5e6baad
reloadAllAccessors: .cast

===========================================================================================
----------------- testing Wed Mar 04 17:10:26 UTC 2020 /home/travis/build/icyphy/ptII/ptolemy/actor/lib/test/auto/compositeMultiPort.xml
----------------- Instantiating /home/travis/build/icyphy/ptII/ptolemy/actor/lib/test/auto/compositeMultiPort.xml
4 ms. Memory: 440320K Free: 375237K (85%)
----------------- Invoking toplevel() on ptolemy.moml.MoMLSimpleApplication@581cca3b
----------------- Done invoking toplevel() on ptolemy.moml.MoMLSimpleApplication@581cca3b
reloadAllAccessors: .compositeMultiPort

===========================================================================================
----------------- testing Wed Mar 04 17:10:26 UTC 2020 /home/travis/build/icyphy/ptII/ptolemy/actor/lib/test/auto/expressionCastInference.xml
----------------- Instantiating /home/travis/build/icyphy/ptII/ptolemy/actor/lib/test/auto/expressionCastInference.xml
2 ms. Memory: 440320K Free: 370627K (84%)
----------------- Invoking toplevel() on ptolemy.moml.MoMLSimpleApplication@6519be6a
----------------- Done invoking toplevel() on ptolemy.moml.MoMLSimpleApplication@6519be6a
reloadAllAccessors: .expressionCastInference

===========================================================================================
----------------- testing Wed Mar 04 17:10:26 UTC 2020 /home/travis/build/icyphy/ptII/ptolemy/actor/lib/test/auto/expressionCastInference2.xml
----------------- Instantiating /home/travis/build/icyphy/ptII/ptolemy/actor/lib/test/auto/expressionCastInference2.xml
2 ms. Memory: 440320K Free: 366021K (83%)
----------------- Invoking toplevel() on ptolemy.moml.MoMLSimpleApplication@397a8a14
----------------- Done invoking toplevel() on ptolemy.moml.MoMLSimpleApplication@397a8a14
reloadAllAccessors: .expressionCastInference2

===========================================================================================
----------------- testing Wed Mar 04 17:10:26 UTC 2020 /home/travis/build/icyphy/ptII/ptolemy/actor/lib/test/auto/expressionInference.xml
----------------- Instantiating /home/travis/build/icyphy/ptII/ptolemy/actor/lib/test/auto/expressionInference.xml
1 ms. Memory: 440320K Free: 361411K (82%)
----------------- Invoking toplevel() on ptolemy.moml.MoMLSimpleApplication@365d2e
----------------- Done invoking toplevel() on ptolemy.moml.MoMLSimpleApplication@365d2e
reloadAllAccessors: .expressionInference

===========================================================================================
----------------- testing Wed Mar 04 17:10:26 UTC 2020 /home/travis/build/icyphy/ptII/ptolemy/actor/lib/test/auto/expression_bug.xml
----------------- Instantiating /home/travis/build/icyphy/ptII/ptolemy/actor/lib/test/auto/expression_bug.xml
1 ms. Memory: 440320K Free: 357315K (81%)
----------------- Invoking toplevel() on ptolemy.moml.MoMLSimpleApplication@47998a15
----------------- Done invoking toplevel() on ptolemy.moml.MoMLSimpleApplication@47998a15
reloadAllAccessors: .expression_bug

===========================================================================================
----------------- testing Wed Mar 04 17:10:26 UTC 2020 /home/travis/build/icyphy/ptII/ptolemy/actor/lib/test/auto/factorial.xml
----------------- Instantiating /home/travis/build/icyphy/ptII/ptolemy/actor/lib/test/auto/factorial.xml
38 ms. Memory: 440320K Free: 349123K (79%)
----------------- Invoking toplevel() on ptolemy.moml.MoMLSimpleApplication@729f0311
----------------- Done invoking toplevel() on ptolemy.moml.MoMLSimpleApplication@729f0311
reloadAllAccessors: .factorial

===========================================================================================
----------------- testing Wed Mar 04 17:10:26 UTC 2020 /home/travis/build/icyphy/ptII/ptolemy/actor/lib/test/auto/filterTest1.xml
----------------- Instantiating /home/travis/build/icyphy/ptII/ptolemy/actor/lib/test/auto/filterTest1.xml
3 ms. Memory: 440320K Free: 342965K (78%)
----------------- Invoking toplevel() on ptolemy.moml.MoMLSimpleApplication@294e77b4
----------------- Done invoking toplevel() on ptolemy.moml.MoMLSimpleApplication@294e77b4
reloadAllAccessors: .filterTest1

===========================================================================================
----------------- testing Wed Mar 04 17:10:26 UTC 2020 /home/travis/build/icyphy/ptII/ptolemy/actor/lib/test/auto/funcApplyInConst.xml
----------------- Instantiating /home/travis/build/icyphy/ptII/ptolemy/actor/lib/test/auto/funcApplyInConst.xml
1 ms. Memory: 440320K Free: 339397K (77%)
----------------- Invoking toplevel() on ptolemy.moml.MoMLSimpleApplication@5a43d64c
----------------- Done invoking toplevel() on ptolemy.moml.MoMLSimpleApplication@5a43d64c
reloadAllAccessors: .funcApplyInConst

===========================================================================================
----------------- testing Wed Mar 04 17:10:26 UTC 2020 /home/travis/build/icyphy/ptII/ptolemy/actor/lib/test/auto/funcApplyInExpr.xml
----------------- Instantiating /home/travis/build/icyphy/ptII/ptolemy/actor/lib/test/auto/funcApplyInExpr.xml
1 ms. Memory: 440320K Free: 335301K (76%)
----------------- Invoking toplevel() on ptolemy.moml.MoMLSimpleApplication@53b2bc01
----------------- Done invoking toplevel() on ptolemy.moml.MoMLSimpleApplication@53b2bc01
reloadAllAccessors: .funcApplyInExpr

===========================================================================================
----------------- testing Wed Mar 04 17:10:26 UTC 2020 /home/travis/build/icyphy/ptII/ptolemy/actor/lib/test/auto/function.xml
----------------- Instantiating /home/travis/build/icyphy/ptII/ptolemy/actor/lib/test/auto/function.xml
2 ms. Memory: 440320K Free: 330691K (75%)
----------------- Invoking toplevel() on ptolemy.moml.MoMLSimpleApplication@6717b482
----------------- Done invoking toplevel() on ptolemy.moml.MoMLSimpleApplication@6717b482
reloadAllAccessors: .function

===========================================================================================
----------------- testing Wed Mar 04 17:10:26 UTC 2020 /home/travis/build/icyphy/ptII/ptolemy/actor/lib/test/auto/function2.xml
----------------- Instantiating /home/travis/build/icyphy/ptII/ptolemy/actor/lib/test/auto/function2.xml
2 ms. Memory: 440320K Free: 326085K (74%)
----------------- Invoking toplevel() on ptolemy.moml.MoMLSimpleApplication@dd27cb2
----------------- Done invoking toplevel() on ptolemy.moml.MoMLSimpleApplication@dd27cb2
reloadAllAccessors: .function2

===========================================================================================
----------------- testing Wed Mar 04 17:10:26 UTC 2020 /home/travis/build/icyphy/ptII/ptolemy/actor/lib/test/auto/function3.xml
----------------- Instantiating /home/travis/build/icyphy/ptII/ptolemy/actor/lib/test/auto/function3.xml
1 ms. Memory: 440320K Free: 321989K (73%)
----------------- Invoking toplevel() on ptolemy.moml.MoMLSimpleApplication@79d6de66
----------------- Done invoking toplevel() on ptolemy.moml.MoMLSimpleApplication@79d6de66
reloadAllAccessors: .function3

===========================================================================================
----------------- testing Wed Mar 04 17:10:26 UTC 2020 /home/travis/build/icyphy/ptII/ptolemy/actor/lib/test/auto/functionClosureTest1.xml
----------------- Instantiating /home/travis/build/icyphy/ptII/ptolemy/actor/lib/test/auto/functionClosureTest1.xml
2 ms. Memory: 440320K Free: 316355K (72%)
----------------- Invoking toplevel() on ptolemy.moml.MoMLSimpleApplication@3dae9396
----------------- Done invoking toplevel() on ptolemy.moml.MoMLSimpleApplication@3dae9396
reloadAllAccessors: .functionClosureTest1

===========================================================================================
----------------- testing Wed Mar 04 17:10:26 UTC 2020 /home/travis/build/icyphy/ptII/ptolemy/actor/lib/test/auto/functionClosureTest2.xml
----------------- Instantiating /home/travis/build/icyphy/ptII/ptolemy/actor/lib/test/auto/functionClosureTest2.xml
2 ms. Memory: 440320K Free: 312773K (71%)
----------------- Invoking toplevel() on ptolemy.moml.MoMLSimpleApplication@6150491c
----------------- Done invoking toplevel() on ptolemy.moml.MoMLSimpleApplication@6150491c
reloadAllAccessors: .functionClosureTest2

===========================================================================================
----------------- testing Wed Mar 04 17:10:26 UTC 2020 /home/travis/build/icyphy/ptII/ptolemy/actor/lib/test/auto/functionClosureTest3.xml
----------------- Instantiating /home/travis/build/icyphy/ptII/ptolemy/actor/lib/test/auto/functionClosureTest3.xml
2 ms. Memory: 440320K Free: 307139K (70%)
----------------- Invoking toplevel() on ptolemy.moml.MoMLSimpleApplication@4ea45580
----------------- Done invoking toplevel() on ptolemy.moml.MoMLSimpleApplication@4ea45580
reloadAllAccessors: .functionClosureTest3

===========================================================================================
----------------- testing Wed Mar 04 17:10:26 UTC 2020 /home/travis/build/icyphy/ptII/ptolemy/actor/lib/test/auto/functionClosureTest4.xml
----------------- Instantiating /home/travis/build/icyphy/ptII/ptolemy/actor/lib/test/auto/functionClosureTest4.xml
5 ms. Memory: 440320K Free: 300995K (68%)
----------------- Invoking toplevel() on ptolemy.moml.MoMLSimpleApplication@5cee539e
----------------- Done invoking toplevel() on ptolemy.moml.MoMLSimpleApplication@5cee539e
reloadAllAccessors: .functionClosureTest4

===========================================================================================
----------------- testing Wed Mar 04 17:10:26 UTC 2020 /home/travis/build/icyphy/ptII/ptolemy/actor/lib/test/auto/functionClosureTest5.xml
----------------- Instantiating /home/travis/build/icyphy/ptII/ptolemy/actor/lib/test/auto/functionClosureTest5.xml
13 ms. Memory: 440320K Free: 295875K (67%)
----------------- Invoking toplevel() on ptolemy.moml.MoMLSimpleApplication@4af9ac5c
----------------- Done invoking toplevel() on ptolemy.moml.MoMLSimpleApplication@4af9ac5c
reloadAllAccessors: .functionClosureTest5

===========================================================================================
----------------- testing Wed Mar 04 17:10:26 UTC 2020 /home/travis/build/icyphy/ptII/ptolemy/actor/lib/test/auto/functionClosureTest6.xml
----------------- Instantiating /home/travis/build/icyphy/ptII/ptolemy/actor/lib/test/auto/functionClosureTest6.xml
1 ms. Memory: 440320K Free: 290741K (66%)
----------------- Invoking toplevel() on ptolemy.moml.MoMLSimpleApplication@5025d2f6
----------------- Done invoking toplevel() on ptolemy.moml.MoMLSimpleApplication@5025d2f6
reloadAllAccessors: .functionClosureTest6

===========================================================================================
----------------- testing Wed Mar 04 17:10:26 UTC 2020 /home/travis/build/icyphy/ptII/ptolemy/actor/lib/test/auto/functionsOnArcs.xml
----------------- Instantiating /home/travis/build/icyphy/ptII/ptolemy/actor/lib/test/auto/functionsOnArcs.xml
2 ms. Memory: 440320K Free: 285635K (65%)
----------------- Invoking toplevel() on ptolemy.moml.MoMLSimpleApplication@6a77c94d
----------------- Done invoking toplevel() on ptolemy.moml.MoMLSimpleApplication@6a77c94d
reloadAllAccessors: .functionsOnArcs

===========================================================================================
----------------- testing Wed Mar 04 17:10:26 UTC 2020 /home/travis/build/icyphy/ptII/ptolemy/actor/lib/test/auto/functionsOnArcsHOF.xml
----------------- Instantiating /home/travis/build/icyphy/ptII/ptolemy/actor/lib/test/auto/functionsOnArcsHOF.xml
4 ms. Memory: 440320K Free: 279491K (63%)
----------------- Invoking toplevel() on ptolemy.moml.MoMLSimpleApplication@38b7a38b
----------------- Done invoking toplevel() on ptolemy.moml.MoMLSimpleApplication@38b7a38b
reloadAllAccessors: .functionsOnArcsHOF

===========================================================================================
----------------- testing Wed Mar 04 17:10:26 UTC 2020 /home/travis/build/icyphy/ptII/ptolemy/actor/lib/test/auto/logic.xml
----------------- Instantiating /home/travis/build/icyphy/ptII/ptolemy/actor/lib/test/auto/logic.xml
2 ms. Memory: 440320K Free: 272323K (62%)
----------------- Invoking toplevel() on ptolemy.moml.MoMLSimpleApplication@1e288677
----------------- Done invoking toplevel() on ptolemy.moml.MoMLSimpleApplication@1e288677
reloadAllAccessors: .logic

===========================================================================================
----------------- testing Wed Mar 04 17:10:26 UTC 2020 /home/travis/build/icyphy/ptII/ptolemy/actor/lib/test/auto/matrixType.xml
----------------- Instantiating /home/travis/build/icyphy/ptII/ptolemy/actor/lib/test/auto/matrixType.xml
1 ms. Memory: 440320K Free: 267189K (61%)
----------------- Invoking toplevel() on ptolemy.moml.MoMLSimpleApplication@79a5f6b
----------------- Done invoking toplevel() on ptolemy.moml.MoMLSimpleApplication@79a5f6b
reloadAllAccessors: .matrixType

===========================================================================================
----------------- testing Wed Mar 04 17:10:26 UTC 2020 /home/travis/build/icyphy/ptII/ptolemy/actor/lib/test/auto/matrixType10.xml
----------------- Instantiating /home/travis/build/icyphy/ptII/ptolemy/actor/lib/test/auto/matrixType10.xml
2 ms. Memory: 440320K Free: 262083K (60%)
----------------- Invoking toplevel() on ptolemy.moml.MoMLSimpleApplication@68efecfb
----------------- Done invoking toplevel() on ptolemy.moml.MoMLSimpleApplication@68efecfb
reloadAllAccessors: .matrixType10

===========================================================================================
----------------- testing Wed Mar 04 17:10:26 UTC 2020 /home/travis/build/icyphy/ptII/ptolemy/actor/lib/test/auto/matrixType11.xml
----------------- Instantiating /home/travis/build/icyphy/ptII/ptolemy/actor/lib/test/auto/matrixType11.xml
1 ms. Memory: 440320K Free: 257477K (58%)
----------------- Invoking toplevel() on ptolemy.moml.MoMLSimpleApplication@dff7340
----------------- Done invoking toplevel() on ptolemy.moml.MoMLSimpleApplication@dff7340
reloadAllAccessors: .matrixType11

===========================================================================================
----------------- testing Wed Mar 04 17:10:26 UTC 2020 /home/travis/build/icyphy/ptII/ptolemy/actor/lib/test/auto/matrixType12.xml
----------------- Instantiating /home/travis/build/icyphy/ptII/ptolemy/actor/lib/test/auto/matrixType12.xml
1 ms. Memory: 440320K Free: 252867K (57%)
----------------- Invoking toplevel() on ptolemy.moml.MoMLSimpleApplication@10b8523
----------------- Done invoking toplevel() on ptolemy.moml.MoMLSimpleApplication@10b8523
reloadAllAccessors: .matrixType12

===========================================================================================
----------------- testing Wed Mar 04 17:10:26 UTC 2020 /home/travis/build/icyphy/ptII/ptolemy/actor/lib/test/auto/matrixType13.xml
----------------- Instantiating /home/travis/build/icyphy/ptII/ptolemy/actor/lib/test/auto/matrixType13.xml
1 ms. Memory: 440320K Free: 247747K (56%)
----------------- Invoking toplevel() on ptolemy.moml.MoMLSimpleApplication@1e01101d
----------------- Done invoking toplevel() on ptolemy.moml.MoMLSimpleApplication@1e01101d
reloadAllAccessors: .matrixType13

===========================================================================================
----------------- testing Wed Mar 04 17:10:26 UTC 2020 /home/travis/build/icyphy/ptII/ptolemy/actor/lib/test/auto/matrixType14.xml
----------------- Instantiating /home/travis/build/icyphy/ptII/ptolemy/actor/lib/test/auto/matrixType14.xml
1 ms. Memory: 440320K Free: 242613K (55%)
----------------- Invoking toplevel() on ptolemy.moml.MoMLSimpleApplication@2a6af121
----------------- Done invoking toplevel() on ptolemy.moml.MoMLSimpleApplication@2a6af121
reloadAllAccessors: .matrixType14

===========================================================================================
----------------- testing Wed Mar 04 17:10:26 UTC 2020 /home/travis/build/icyphy/ptII/ptolemy/actor/lib/test/auto/matrixType2.xml
----------------- Instantiating /home/travis/build/icyphy/ptII/ptolemy/actor/lib/test/auto/matrixType2.xml
1 ms. Memory: 440320K Free: 237507K (54%)
----------------- Invoking toplevel() on ptolemy.moml.MoMLSimpleApplication@6947b1e2
----------------- Done invoking toplevel() on ptolemy.moml.MoMLSimpleApplication@6947b1e2
reloadAllAccessors: .matrixType2

===========================================================================================
----------------- testing Wed Mar 04 17:10:26 UTC 2020 /home/travis/build/icyphy/ptII/ptolemy/actor/lib/test/auto/matrixType3.xml
----------------- Instantiating /home/travis/build/icyphy/ptII/ptolemy/actor/lib/test/auto/matrixType3.xml
4 ms. Memory: 440320K Free: 232901K (53%)
----------------- Invoking toplevel() on ptolemy.moml.MoMLSimpleApplication@7debdfc9
----------------- Done invoking toplevel() on ptolemy.moml.MoMLSimpleApplication@7debdfc9
reloadAllAccessors: .matrixType3

===========================================================================================
----------------- testing Wed Mar 04 17:10:26 UTC 2020 /home/travis/build/icyphy/ptII/ptolemy/actor/lib/test/auto/matrixType4.xml
----------------- Instantiating /home/travis/build/icyphy/ptII/ptolemy/actor/lib/test/auto/matrixType4.xml
2 ms. Memory: 440320K Free: 228291K (52%)
----------------- Invoking toplevel() on ptolemy.moml.MoMLSimpleApplication@199e3757
----------------- Done invoking toplevel() on ptolemy.moml.MoMLSimpleApplication@199e3757
reloadAllAccessors: .matrixType4

===========================================================================================
----------------- testing Wed Mar 04 17:10:26 UTC 2020 /home/travis/build/icyphy/ptII/ptolemy/actor/lib/test/auto/matrixType5.xml
----------------- Instantiating /home/travis/build/icyphy/ptII/ptolemy/actor/lib/test/auto/matrixType5.xml
2 ms. Memory: 440320K Free: 223171K (51%)
----------------- Invoking toplevel() on ptolemy.moml.MoMLSimpleApplication@741a51b0
----------------- Done invoking toplevel() on ptolemy.moml.MoMLSimpleApplication@741a51b0
reloadAllAccessors: .matrixType5

===========================================================================================
----------------- testing Wed Mar 04 17:10:26 UTC 2020 /home/travis/build/icyphy/ptII/ptolemy/actor/lib/test/auto/matrixType6.xml
----------------- Instantiating /home/travis/build/icyphy/ptII/ptolemy/actor/lib/test/auto/matrixType6.xml
1 ms. Memory: 440320K Free: 218565K (50%)
----------------- Invoking toplevel() on ptolemy.moml.MoMLSimpleApplication@6a3f2105
----------------- Done invoking toplevel() on ptolemy.moml.MoMLSimpleApplication@6a3f2105
reloadAllAccessors: .matrixType6

===========================================================================================
----------------- testing Wed Mar 04 17:10:26 UTC 2020 /home/travis/build/icyphy/ptII/ptolemy/actor/lib/test/auto/matrixType7.xml
----------------- Instantiating /home/travis/build/icyphy/ptII/ptolemy/actor/lib/test/auto/matrixType7.xml
2 ms. Memory: 440320K Free: 213445K (48%)
----------------- Invoking toplevel() on ptolemy.moml.MoMLSimpleApplication@6256c091
----------------- Done invoking toplevel() on ptolemy.moml.MoMLSimpleApplication@6256c091
reloadAllAccessors: .matrixType7

===========================================================================================
----------------- testing Wed Mar 04 17:10:26 UTC 2020 /home/travis/build/icyphy/ptII/ptolemy/actor/lib/test/auto/matrixType8.xml
----------------- Instantiating /home/travis/build/icyphy/ptII/ptolemy/actor/lib/test/auto/matrixType8.xml
2 ms. Memory: 440320K Free: 208835K (47%)
----------------- Invoking toplevel() on ptolemy.moml.MoMLSimpleApplication@6877e2a7
----------------- Done invoking toplevel() on ptolemy.moml.MoMLSimpleApplication@6877e2a7
reloadAllAccessors: .matrixType8

===========================================================================================
----------------- testing Wed Mar 04 17:10:26 UTC 2020 /home/travis/build/icyphy/ptII/ptolemy/actor/lib/test/auto/matrixType9.xml
----------------- Instantiating /home/travis/build/icyphy/ptII/ptolemy/actor/lib/test/auto/matrixType9.xml
1 ms. Memory: 440320K Free: 204229K (46%)
----------------- Invoking toplevel() on ptolemy.moml.MoMLSimpleApplication@3951aa5a
----------------- Done invoking toplevel() on ptolemy.moml.MoMLSimpleApplication@3951aa5a
reloadAllAccessors: .matrixType9

===========================================================================================
----------------- testing Wed Mar 04 17:10:26 UTC 2020 /home/travis/build/icyphy/ptII/ptolemy/actor/lib/test/auto/paraFunctest.xml
----------------- Instantiating /home/travis/build/icyphy/ptII/ptolemy/actor/lib/test/auto/paraFunctest.xml
2 ms. Memory: 440320K Free: 200133K (45%)
----------------- Invoking toplevel() on ptolemy.moml.MoMLSimpleApplication@35b81641
----------------- Done invoking toplevel() on ptolemy.moml.MoMLSimpleApplication@35b81641
reloadAllAccessors: .paraFunctest

===========================================================================================
----------------- testing Wed Mar 04 17:10:26 UTC 2020 /home/travis/build/icyphy/ptII/ptolemy/actor/lib/test/auto/paraFunctest2.xml
----------------- Instantiating /home/travis/build/icyphy/ptII/ptolemy/actor/lib/test/auto/paraFunctest2.xml
2 ms. Memory: 440320K Free: 195523K (44%)
----------------- Invoking toplevel() on ptolemy.moml.MoMLSimpleApplication@4b9085be
----------------- Done invoking toplevel() on ptolemy.moml.MoMLSimpleApplication@4b9085be
reloadAllAccessors: .paraFunctest2

===========================================================================================
----------------- testing Wed Mar 04 17:10:26 UTC 2020 /home/travis/build/icyphy/ptII/ptolemy/actor/lib/test/auto/parameterPassing.xml
----------------- Instantiating /home/travis/build/icyphy/ptII/ptolemy/actor/lib/test/auto/parameterPassing.xml
1 ms. Memory: 440320K Free: 190917K (43%)
----------------- Invoking toplevel() on ptolemy.moml.MoMLSimpleApplication@5bcbd22e
----------------- Done invoking toplevel() on ptolemy.moml.MoMLSimpleApplication@5bcbd22e
reloadAllAccessors: .parameterPassing

===========================================================================================
----------------- testing Wed Mar 04 17:10:26 UTC 2020 /home/travis/build/icyphy/ptII/ptolemy/actor/lib/test/auto/record.xml
----------------- Instantiating /home/travis/build/icyphy/ptII/ptolemy/actor/lib/test/auto/record.xml
2 ms. Memory: 440320K Free: 186307K (42%)
----------------- Invoking toplevel() on ptolemy.moml.MoMLSimpleApplication@6eb7103
----------------- Done invoking toplevel() on ptolemy.moml.MoMLSimpleApplication@6eb7103
reloadAllAccessors: .record

===========================================================================================
----------------- testing Wed Mar 04 17:10:26 UTC 2020 /home/travis/build/icyphy/ptII/ptolemy/actor/lib/test/auto/sizedarray1.xml
----------------- Instantiating /home/travis/build/icyphy/ptII/ptolemy/actor/lib/test/auto/sizedarray1.xml
1 ms. Memory: 440320K Free: 180677K (41%)
----------------- Invoking toplevel() on ptolemy.moml.MoMLSimpleApplication@18259370
----------------- Done invoking toplevel() on ptolemy.moml.MoMLSimpleApplication@18259370
reloadAllAccessors: .sizedarray1

===========================================================================================
----------------- testing Wed Mar 04 17:10:26 UTC 2020 /home/travis/build/icyphy/ptII/ptolemy/actor/lib/test/auto/sizedarray2.xml
----------------- Instantiating /home/travis/build/icyphy/ptII/ptolemy/actor/lib/test/auto/sizedarray2.xml
3 ms. Memory: 440320K Free: 175557K (40%)
----------------- Invoking toplevel() on ptolemy.moml.MoMLSimpleApplication@17baac6e
----------------- Done invoking toplevel() on ptolemy.moml.MoMLSimpleApplication@17baac6e
reloadAllAccessors: .sizedarray2

===========================================================================================
----------------- testing Wed Mar 04 17:10:26 UTC 2020 /home/travis/build/icyphy/ptII/ptolemy/actor/lib/test/auto/twoPublishers.xml
----------------- Instantiating /home/travis/build/icyphy/ptII/ptolemy/actor/lib/test/auto/twoPublishers.xml
6 ms. Memory: 440320K Free: 164789K (37%)
----------------- Invoking toplevel() on ptolemy.moml.MoMLSimpleApplication@7e815ec3
----------------- Done invoking toplevel() on ptolemy.moml.MoMLSimpleApplication@7e815ec3
reloadAllAccessors: .twoPublishers
AutoTests.java: About to close Vertx.
AutoTests.java: Vertx closed.
]]></system-out>
  <system-err><![CDATA[java.lang.RuntimeException: Execution failed
	at ptolemy.moml.MoMLSimpleApplication$UnloadThread.run(MoMLSimpleApplication.java:402)
Caused by: java.lang.RuntimeException: StringUtilities.exit() was called. Normally, we would exit here because Manager.exitAfterWrapup() was called.  However, because the ptolemy.ptII.exitAfterWrapup property is set, we throw this exception instead.
	at ptolemy.util.StringUtilities.exit(StringUtilities.java:365)
	at ptolemy.actor.Manager.wrapup(Manager.java:1549)
	at ptolemy.actor.Manager.execute(Manager.java:407)
	at ptolemy.actor.Manager.run(Manager.java:1263)
	at ptolemy.actor.Manager$PtolemyRunThread.run(Manager.java:1933)
Warning: '.top.test' is in training mode, set the trainingMode parameter to false before checking in
Warning: '.top.test' is in training mode, set the trainingMode parameter to false before checking in
Warning: '.top.test' is in training mode, set the trainingMode parameter to false before checking in
Warning: '.BooleanSwitch_RegressionTest_WrongTrainingValues.Test' is in training mode, set the trainingMode parameter to false before checking in
Warning: '.BooleanSwitch_RegressionTest_WrongTrainingValues.Test2' is in training mode, set the trainingMode parameter to false before checking in
Warning: '.BooleanSwitch_RegressionTest_WrongTrainingValues.Test2' The test produced 0 tokens.
Warning: '.top.testExceptionHandler' is in training mode, set the trainingMode parameter to false before checking in
java.lang.RuntimeException: Execution failed
	at ptolemy.moml.MoMLSimpleApplication$UnloadThread.run(MoMLSimpleApplication.java:402)
Caused by: ptolemy.kernel.util.IllegalActionException: PublisherPorts cannot be used at the top level, use a Publisher actor instead.
  in .PublisherPortToplevelSubscriber.PublisherPort
	at ptolemy.actor.PublisherPort.preinitialize(PublisherPort.java:403)
	at ptolemy.actor.CompositeActor.preinitialize(CompositeActor.java:1769)
	at ptolemy.actor.Manager.preinitializeAndResolveTypes(Manager.java:1040)
	at ptolemy.actor.Manager.initialize(Manager.java:710)
	at ptolemy.actor.Manager.execute(Manager.java:356)
	at ptolemy.actor.Manager.run(Manager.java:1263)
	at ptolemy.actor.Manager$PtolemyRunThread.run(Manager.java:1933)
java.lang.reflect.InvocationTargetException
	at java.base/jdk.internal.reflect.NativeConstructorAccessorImpl.newInstance0(Native Method)
	at java.base/jdk.internal.reflect.NativeConstructorAccessorImpl.newInstance(NativeConstructorAccessorImpl.java:62)
	at java.base/jdk.internal.reflect.DelegatingConstructorAccessorImpl.newInstance(DelegatingConstructorAccessorImpl.java:45)
	at java.base/java.lang.reflect.Constructor.newInstance(Constructor.java:490)
	at ptolemy.util.test.junit.AutoKnownFailedTests.RunModel(AutoKnownFailedTests.java:105)
	at java.base/jdk.internal.reflect.NativeMethodAccessorImpl.invoke0(Native Method)
	at java.base/jdk.internal.reflect.NativeMethodAccessorImpl.invoke(NativeMethodAccessorImpl.java:62)
	at java.base/jdk.internal.reflect.DelegatingMethodAccessorImpl.invoke(DelegatingMethodAccessorImpl.java:43)
	at java.base/java.lang.reflect.Method.invoke(Method.java:566)
	at org.junit.runners.model.FrameworkMethod$1.runReflectiveCall(FrameworkMethod.java:44)
	at org.junit.internal.runners.model.ReflectiveCallable.run(ReflectiveCallable.java:15)
	at org.junit.runners.model.FrameworkMethod.invokeExplosively(FrameworkMethod.java:41)
	at junitparams.internal.InvokeParameterisedMethod.evaluate(InvokeParameterisedMethod.java:102)
	at org.junit.internal.runners.statements.FailOnTimeout$1.run(FailOnTimeout.java:28)
Caused by: ptolemy.kernel.util.IllegalActionException: PublisherPorts cannot be used at the top level, use a Publisher actor instead.
  in .PublisherPortToplevelSubscriber.PublisherPort
	at ptolemy.actor.PublisherPort.preinitialize(PublisherPort.java:403)
	at ptolemy.actor.CompositeActor.preinitialize(CompositeActor.java:1769)
	at ptolemy.actor.Manager.preinitializeAndResolveTypes(Manager.java:1040)
	at ptolemy.actor.Manager.initialize(Manager.java:710)
	at ptolemy.actor.Manager.execute(Manager.java:356)
	at ptolemy.actor.Manager.run(Manager.java:1263)
	at ptolemy.actor.Manager$PtolemyRunThread.run(Manager.java:1933)
java.lang.RuntimeException: Execution failed
	at ptolemy.moml.MoMLSimpleApplication$UnloadThread.run(MoMLSimpleApplication.java:402)
Caused by: ptolemy.kernel.util.IllegalActionException: SubscriberPorts cannot be used at the top level, use a Subscriber actor instead.
  in .PublisherSubscriberPortToplevel.SubscriberPort
	at ptolemy.actor.SubscriberPort.preinitialize(SubscriberPort.java:328)
	at ptolemy.actor.CompositeActor.preinitialize(CompositeActor.java:1769)
	at ptolemy.actor.Manager.preinitializeAndResolveTypes(Manager.java:1040)
	at ptolemy.actor.Manager.initialize(Manager.java:710)
	at ptolemy.actor.Manager.execute(Manager.java:356)
	at ptolemy.actor.Manager.run(Manager.java:1263)
	at ptolemy.actor.Manager$PtolemyRunThread.run(Manager.java:1933)
java.lang.reflect.InvocationTargetException
	at java.base/jdk.internal.reflect.NativeConstructorAccessorImpl.newInstance0(Native Method)
	at java.base/jdk.internal.reflect.NativeConstructorAccessorImpl.newInstance(NativeConstructorAccessorImpl.java:62)
	at java.base/jdk.internal.reflect.DelegatingConstructorAccessorImpl.newInstance(DelegatingConstructorAccessorImpl.java:45)
	at java.base/java.lang.reflect.Constructor.newInstance(Constructor.java:490)
	at ptolemy.util.test.junit.AutoKnownFailedTests.RunModel(AutoKnownFailedTests.java:105)
	at java.base/jdk.internal.reflect.NativeMethodAccessorImpl.invoke0(Native Method)
	at java.base/jdk.internal.reflect.NativeMethodAccessorImpl.invoke(NativeMethodAccessorImpl.java:62)
	at java.base/jdk.internal.reflect.DelegatingMethodAccessorImpl.invoke(DelegatingMethodAccessorImpl.java:43)
	at java.base/java.lang.reflect.Method.invoke(Method.java:566)
	at org.junit.runners.model.FrameworkMethod$1.runReflectiveCall(FrameworkMethod.java:44)
	at org.junit.internal.runners.model.ReflectiveCallable.run(ReflectiveCallable.java:15)
	at org.junit.runners.model.FrameworkMethod.invokeExplosively(FrameworkMethod.java:41)
	at junitparams.internal.InvokeParameterisedMethod.evaluate(InvokeParameterisedMethod.java:102)
	at org.junit.internal.runners.statements.FailOnTimeout$1.run(FailOnTimeout.java:28)
Caused by: ptolemy.kernel.util.IllegalActionException: SubscriberPorts cannot be used at the top level, use a Subscriber actor instead.
  in .PublisherSubscriberPortToplevel.SubscriberPort
	at ptolemy.actor.SubscriberPort.preinitialize(SubscriberPort.java:328)
	at ptolemy.actor.CompositeActor.preinitialize(CompositeActor.java:1769)
	at ptolemy.actor.Manager.preinitializeAndResolveTypes(Manager.java:1040)
	at ptolemy.actor.Manager.initialize(Manager.java:710)
	at ptolemy.actor.Manager.execute(Manager.java:356)
	at ptolemy.actor.Manager.run(Manager.java:1263)
	at ptolemy.actor.Manager$PtolemyRunThread.run(Manager.java:1933)
java.lang.RuntimeException: Execution failed
	at ptolemy.moml.MoMLSimpleApplication$UnloadThread.run(MoMLSimpleApplication.java:402)
Caused by: ptolemy.kernel.util.IllegalActionException: SubscriptionAggregatorPorts cannot be used at the top level, use a SubscriptionAggregator actor instead.
  in .PublisherSubscriptionAggregatorPort.SubscriptionAggregatorPort
	at ptolemy.actor.SubscriptionAggregatorPort.preinitialize(SubscriptionAggregatorPort.java:353)
	at ptolemy.actor.CompositeActor.preinitialize(CompositeActor.java:1769)
	at ptolemy.actor.Manager.preinitializeAndResolveTypes(Manager.java:1040)
	at ptolemy.actor.Manager.initialize(Manager.java:710)
	at ptolemy.actor.Manager.execute(Manager.java:356)
	at ptolemy.actor.Manager.run(Manager.java:1263)
	at ptolemy.actor.Manager$PtolemyRunThread.run(Manager.java:1933)
java.lang.reflect.InvocationTargetException
	at java.base/jdk.internal.reflect.NativeConstructorAccessorImpl.newInstance0(Native Method)
	at java.base/jdk.internal.reflect.NativeConstructorAccessorImpl.newInstance(NativeConstructorAccessorImpl.java:62)
	at java.base/jdk.internal.reflect.DelegatingConstructorAccessorImpl.newInstance(DelegatingConstructorAccessorImpl.java:45)
	at java.base/java.lang.reflect.Constructor.newInstance(Constructor.java:490)
	at ptolemy.util.test.junit.AutoKnownFailedTests.RunModel(AutoKnownFailedTests.java:105)
	at java.base/jdk.internal.reflect.NativeMethodAccessorImpl.invoke0(Native Method)
	at java.base/jdk.internal.reflect.NativeMethodAccessorImpl.invoke(NativeMethodAccessorImpl.java:62)
	at java.base/jdk.internal.reflect.DelegatingMethodAccessorImpl.invoke(DelegatingMethodAccessorImpl.java:43)
	at java.base/java.lang.reflect.Method.invoke(Method.java:566)
	at org.junit.runners.model.FrameworkMethod$1.runReflectiveCall(FrameworkMethod.java:44)
	at org.junit.internal.runners.model.ReflectiveCallable.run(ReflectiveCallable.java:15)
	at org.junit.runners.model.FrameworkMethod.invokeExplosively(FrameworkMethod.java:41)
	at junitparams.internal.InvokeParameterisedMethod.evaluate(InvokeParameterisedMethod.java:102)
	at org.junit.internal.runners.statements.FailOnTimeout$1.run(FailOnTimeout.java:28)
Caused by: ptolemy.kernel.util.IllegalActionException: SubscriptionAggregatorPorts cannot be used at the top level, use a SubscriptionAggregator actor instead.
  in .PublisherSubscriptionAggregatorPort.SubscriptionAggregatorPort
	at ptolemy.actor.SubscriptionAggregatorPort.preinitialize(SubscriptionAggregatorPort.java:353)
	at ptolemy.actor.CompositeActor.preinitialize(CompositeActor.java:1769)
	at ptolemy.actor.Manager.preinitializeAndResolveTypes(Manager.java:1040)
	at ptolemy.actor.Manager.initialize(Manager.java:710)
	at ptolemy.actor.Manager.execute(Manager.java:356)
	at ptolemy.actor.Manager.run(Manager.java:1263)
	at ptolemy.actor.Manager$PtolemyRunThread.run(Manager.java:1933)
java.lang.RuntimeException: Execution failed
	at ptolemy.moml.MoMLSimpleApplication$UnloadThread.run(MoMLSimpleApplication.java:402)
Caused by: ptolemy.kernel.util.IllegalActionException: TypeTest actor has no training data.
  in .sizedarray3.TypeTest
	at ptolemy.actor.lib.TypeTest.initialize(TypeTest.java:250)
	at ptolemy.actor.Director.initialize(Director.java:938)
	at ptolemy.actor.Director.initialize(Director.java:907)
	at ptolemy.actor.sched.StaticSchedulingDirector.initialize(StaticSchedulingDirector.java:159)
	at ptolemy.domains.sdf.kernel.SDFDirector.initialize(SDFDirector.java:544)
	at ptolemy.actor.CompositeActor.initialize(CompositeActor.java:935)
	at ptolemy.actor.Manager.initialize(Manager.java:724)
	at ptolemy.actor.Manager.execute(Manager.java:356)
	at ptolemy.actor.Manager.run(Manager.java:1263)
	at ptolemy.actor.Manager$PtolemyRunThread.run(Manager.java:1933)
java.lang.reflect.InvocationTargetException
	at java.base/jdk.internal.reflect.NativeConstructorAccessorImpl.newInstance0(Native Method)
	at java.base/jdk.internal.reflect.NativeConstructorAccessorImpl.newInstance(NativeConstructorAccessorImpl.java:62)
	at java.base/jdk.internal.reflect.DelegatingConstructorAccessorImpl.newInstance(DelegatingConstructorAccessorImpl.java:45)
	at java.base/java.lang.reflect.Constructor.newInstance(Constructor.java:490)
	at ptolemy.util.test.junit.AutoKnownFailedTests.RunModel(AutoKnownFailedTests.java:105)
	at java.base/jdk.internal.reflect.NativeMethodAccessorImpl.invoke0(Native Method)
	at java.base/jdk.internal.reflect.NativeMethodAccessorImpl.invoke(NativeMethodAccessorImpl.java:62)
	at java.base/jdk.internal.reflect.DelegatingMethodAccessorImpl.invoke(DelegatingMethodAccessorImpl.java:43)
	at java.base/java.lang.reflect.Method.invoke(Method.java:566)
	at org.junit.runners.model.FrameworkMethod$1.runReflectiveCall(FrameworkMethod.java:44)
	at org.junit.internal.runners.model.ReflectiveCallable.run(ReflectiveCallable.java:15)
	at org.junit.runners.model.FrameworkMethod.invokeExplosively(FrameworkMethod.java:41)
	at junitparams.internal.InvokeParameterisedMethod.evaluate(InvokeParameterisedMethod.java:102)
	at org.junit.internal.runners.statements.FailOnTimeout$1.run(FailOnTimeout.java:28)
Caused by: ptolemy.kernel.util.IllegalActionException: TypeTest actor has no training data.
  in .sizedarray3.TypeTest
	at ptolemy.actor.lib.TypeTest.initialize(TypeTest.java:250)
	at ptolemy.actor.Director.initialize(Director.java:938)
	at ptolemy.actor.Director.initialize(Director.java:907)
	at ptolemy.actor.sched.StaticSchedulingDirector.initialize(StaticSchedulingDirector.java:159)
	at ptolemy.domains.sdf.kernel.SDFDirector.initialize(SDFDirector.java:544)
	at ptolemy.actor.CompositeActor.initialize(CompositeActor.java:935)
	at ptolemy.actor.Manager.initialize(Manager.java:724)
	at ptolemy.actor.Manager.execute(Manager.java:356)
	at ptolemy.actor.Manager.run(Manager.java:1263)
	at ptolemy.actor.Manager$PtolemyRunThread.run(Manager.java:1933)
]]></system-err>
</testsuite>
