<?xml version="1.0" encoding="UTF-8" ?>
<testsuite errors="1" failures="2" hostname="travis-job-2c09f0ac-b126-42fe-8f82-aa965a651528" name="ptolemy.actor.lib.test.junit.JUnitTclTest" skipped="0" tests="517" time="65.259" timestamp="2019-06-27T04:47:25">
  <properties>
    <property name="npm.executable" value="npm" />
    <property name="env.TRAVIS_ROOT" value="/" />
    <property name="ptII.mk.exists" value="true" />
    <property name="env.TRAVIS_APP_HOST" value="build.travis-ci.org" />
    <property name="env.rvm_bin_path" value="/home/travis/.rvm/bin" />
    <property name="java.home" value="/usr/local/lib/jvm/openjdk11" />
    <property name="env.TRAVIS_JOB_NUMBER" value="1185.8" />
    <property name="env.TRAVIS_HOME" value="/home/travis" />
    <property name="env.DISPLAY" value=":99.0" />
    <property name="env.TRAVIS_INIT" value="systemd" />
    <property name="env.SSH_TTY" value="/dev/pts/0" />
    <property name="java.net.preferIPv4Stack" value="true" />
    <property name="env.RUN_TESTS" value="true" />
    <property name="timeout.short" value="1000000" />
    <property name="junit.formatter" value="xml" />
    <property name="env.TRAVIS_SUDO" value="true" />
    <property name="env.TRAVIS_JOB_NAME" value="" />
    <property name="env.TRAVIS_STACK_NODE_ATTRIBUTES" value="/.node-attributes.yml" />
    <property name="env.LOGNAME" value="travis" />
    <property name="env.PT_TRAVIS_TEST_CORE1_XML" value="true" />
    <property name="jsdoc.home" value="node_modules/@terraswarm/jsdoc" />
    <property name="debuglevel" value="source,lines,vars" />
    <property name="checkstyle.formatter" value="xml" />
    <property name="env._system_version" value="16.04" />
    <property name="bin.vergil.makeable" value="true" />
    <property name="sun.os.patch.level" value="unknown" />
    <property name="java.vendor.url" value="http://java.oracle.com/" />
    <property name="env.TRAVIS_BUILD_WEB_URL" value="https://travis-ci.org/icyphy/ptII/builds/551118954" />
    <property name="java.version" value="11.0.2" />
    <property name="env.TZ" value="UTC" />
    <property name="env.TRAVIS_PULL_REQUEST_SHA" value="" />
    <property name="env.PT_NO_NET" value="true" />
    <property name="env.TRAVIS_SECURE_ENV_VARS" value="true" />
    <property name="env._system_type" value="Linux" />
    <property name="java.vendor.url.bug" value="http://bugreport.java.com/bugreport/" />
    <property name="npmjs-org-is-up" value="true" />
    <property name="env.LANGUAGE" value="en_US.UTF-8" />
    <property name="env.SSH_CLIENT" value="10.10.4.11 56402 22" />
    <property name="env.GEM_HOME" value="/home/travis/.rvm/gems/ruby-2.5.3" />
    <property name="env.HAS_ANTARES_THREE_LITTLE_FRONZIES_BADGE" value="true" />
    <property name="java.version.date" value="2019-01-15" />
    <property name="env.PS4" value="+" />
    <property name="ant.project.invoked-targets" value="build,test.core1.xml" />
    <property name="env.TRAVIS_PULL_REQUEST_BRANCH" value="" />
    <property name="env.TRAVIS_REPO_SLUG" value="icyphy/ptII" />
    <property name="env.XDG_DATA_DIRS" value="/usr/local/share:/usr/share:/var/lib/snapd/desktop" />
    <property name="jdk.debug" value="release" />
    <property name="env.TRAVIS_APT_PROXY" value="http://apt.cache.travis-ci.com" />
    <property name="node.in.path" value="true" />
    <property name="user.name" value="travis" />
    <property name="java.maxmemory" value="1400m" />
    <property name="env.RUBY_VERSION" value="ruby-2.5.3" />
    <property name="env.LANG" value="en_US.UTF-8" />
    <property name="sun.io.unicode.encoding" value="UnicodeLittle" />
    <property name="sun.jnu.encoding" value="UTF-8" />
    <property name="java.runtime.name" value="OpenJDK Runtime Environment" />
    <property name="usefile" value="false" />
    <property name="return.code" value="0" />
    <property name="junit.single.formatter" value="plain" />
    <property name="env.DYLD_LIBRARY_PATH" value="/home/travis/pthla/certi-tools/lib:" />
    <property name="env.DEBIAN_FRONTEND" value="noninteractive" />
    <property name="env.SSH_CONNECTION" value="10.10.4.11 56402 10.20.3.107 22" />
    <property name="env.MYSQL_UNIX_PORT" value="/var/run/mysqld/mysqld.sock" />
    <property name="env.LC_ALL" value="en_US.UTF-8" />
    <property name="env.TRAVIS_ALLOW_FAILURE" value="false" />
    <property name="env.TRAVIS_JOB_WEB_URL" value="https://travis-ci.org/icyphy/ptII/jobs/551118962" />
    <property name="java.specification.name" value="Java Platform API Specification" />
    <property name="node.works" value="true" />
    <property name="user.timezone" value="" />
    <property name="path.separator" value=":" />
    <property name="env.TRAVIS_ENABLE_INFRA_DETECTION" value="true" />
    <property name="env.PYTHON_CFLAGS" value="-g -fstack-protector --param=ssp-buffer-size=4 -Wformat -Werror=format-security" />
    <property name="timeout.long" value="4000000" />
    <property name="env.CERTI_HOME" value="/home/travis/pthla/certi-tools" />
    <property name="ant.file.ptII" value="/home/travis/build/icyphy/ptII/build.xml" />
    <property name="javadoc.packagenames" value="com.*,diva.*,lbnl.*,org.hlacerti.*,org.json.*,org.ptolemy.*,org.terraswarm.*,ptolemy.*,ptserver.*" />
    <property name="file.encoding" value="UTF-8" />
    <property name="env.TRAVIS_PULL_REQUEST_SLUG" value="" />
    <property name="ant.project.default-target" value="build" />
    <property name="env.GIT_ASKPASS" value="echo" />
    <property name="env.HOME" value="/home/travis" />
    <property name="sun.java.command" value="org.apache.tools.ant.taskdefs.optional.junit.JUnitTestRunner ptolemy.actor.lib.test.junit.JUnitTclTest skipNonTests=false filtertrace=true haltOnError=false haltOnFailure=false formatter=org.apache.tools.ant.taskdefs.optional.junit.OutErrSummaryJUnitResultFormatter showoutput=true outputtoformatters=true logfailedtests=true threadid=0 logtestlistenerevents=false formatter=org.apache.tools.ant.taskdefs.optional.junit.XMLJUnitResultFormatter,/home/travis/build/icyphy/ptII/reports/junit/TEST-ptolemy.actor.lib.test.junit.JUnitTclTest.xml crashfile=/home/travis/build/icyphy/ptII/junitvmwatcher7376531880562862709.properties propsfile=/home/travis/build/icyphy/ptII/junit873455939904900680.properties" />
    <property name="env.COMPOSER_NO_INTERACTION" value="1" />
    <property name="env.MANPATH" value="/home/travis/.nvm/versions/node/v7.10.1/share/man:/home/travis/.rvm/rubies/ruby-2.5.3/share/man:/usr/local/cmake-3.12.4/man:/usr/local/clang-7.0.0/share/man:/usr/local/man:/usr/local/share/man:/usr/share/man:/home/travis/.rvm/man" />
    <property name="env.TRAVIS_TIMER_ID" value="2f8ce89f" />
    <property name="ant.file" value="/home/travis/build/icyphy/ptII/build.xml" />
    <property name="env.TRAVIS_COMMIT_RANGE" value="fcbd8b5a68c760c19c82e52584d805fab600307d...b6de4a29689c219dd7cbcef974805eca11f91674" />
    <property name="env._system_name" value="Ubuntu" />
    <property name="ptII.classpath.optional.property" value="/home/travis/build/icyphy/ptII/lib/bsh-2.0b4.jar:/home/travis/build/icyphy/ptII/lib/ptCal.jar:/home/travis/build/icyphy/ptII/lib/java_cup.jar:/home/travis/build/icyphy/ptII/lib/saxon8.jar:/home/travis/build/icyphy/ptII/lib/saxon8-dom.jar:/home/travis/build/icyphy/ptII/lib/chic.jar:/home/travis/build/icyphy/ptII/lib/ptcolt.jar:/home/travis/build/icyphy/ptII/vendors/misc/itext/iText.jar:/home/travis/build/icyphy/ptII/lib/g4ltl.jar:/home/travis/build/icyphy/ptII/lib/StructuralCoder.jar:/home/travis/build/icyphy/ptII/vendors/jai-1_1_2_01/lib/jai_core.jar:/home/travis/build/icyphy/ptII/vendors/jai-1_1_2_01/lib/jai_codec.jar:/home/travis/build/icyphy/ptII/lib/jcerti.jar:/home/travis/build/icyphy/ptII/lib/javax.mail.jar:/home/travis/build/icyphy/ptII/vendors/JMF-2.1.1e/lib/jmf.jar:/home/travis/build/icyphy/ptII/lib/jna-4.0.0-variadic.jar:/home/travis/build/icyphy/ptII/vendors/misc/joystick/Joystick.jar:/home/travis/build/icyphy/ptII/lib/ptjacl.jar:/home/travis/build/icyphy/ptII/lib/jsoup-1.8.2.jar:/home/travis/build/icyphy/ptII/lib/junit-4.8.2.jar:/home/travis/build/icyphy/ptII/lib/JUnitParams-0.4.0.jar:/home/travis/build/icyphy/ptII/ptolemy/actor/lib/excel/jxl.jar:/home/travis/build/icyphy/ptII/lib/jython.jar:/home/travis/build/icyphy/ptII/lib/kieler.jar:/home/travis/build/icyphy/ptII/vendors/opencv/share/OpenCV/java/opencv-341.jar:/home/travis/build/icyphy/ptII/lib/oscP5.jar:/home/travis/build/icyphy/ptII/lib/nrjavaserial-3.11.0.devel.jar:/home/travis/build/icyphy/ptII/vendors/j3d/lib/j3dcore.jar:/home/travis/build/icyphy/ptII/vendors/j3d/lib/j3dutils.jar:/home/travis/build/icyphy/ptII/vendors/j3d/lib/vecmath.jar:/home/travis/build/icyphy/ptII/ptolemy/distributed/jini/jar/jini-core.jar:/home/travis/build/icyphy/ptII/ptolemy/distributed/jini/jar/jini-ext.jar:/home/travis/build/icyphy/ptII/ptolemy/distributed/jini/jar/sun-util.jar:/home/travis/build/icyphy/ptII/lib/protobuf-java-2.4.1.jar:/home/travis/build/icyphy/ptII/lib/org.eclipse.paho.client.mqttv3.jar:/home/travis/build/icyphy/ptII/lib/mapss.jar:/home/travis/build/icyphy/ptII/ptolemy/actor/ptalon/antlr/antlr.jar:/home/travis/build/icyphy/ptII/lib/JRI.jar:/home/travis/build/icyphy/ptII/lib/commons-lang-2.6.jar:/home/travis/build/icyphy/ptII/lib/commons-logging-1.1.1.jar:/home/travis/build/icyphy/ptII/lib/sootclasses.jar:/home/travis/build/icyphy/ptII/ptolemy/actor/lib/database/mysql-connector-java-5.1.6-bin.jar:/home/travis/build/icyphy/ptII/vendors/misc/sphinx4/sphinx4-data-5prealpha.jar:/home/travis/build/icyphy/ptII/vendors/misc/sphinx4/sphinx4-core-5prealpha.jar:/home/travis/build/icyphy/ptII/lib/PDFRenderer.jar:/home/travis/build/icyphy/ptII/lib/svgSalamander.jar:/home/travis/build/icyphy/ptII/lib/rsyntaxtextarea-2.6.0-SNAPSHOT.jar:/home/travis/build/icyphy/ptII/lib/hazelcast-3.8.2.jar:/home/travis/build/icyphy/ptII/lib/jackson-annotations-2.9.0.jar:/home/travis/build/icyphy/ptII/lib/jackson-core-2.9.3.jar:/home/travis/build/icyphy/ptII/lib/jackson-databind-2.9.3.jar:/home/travis/build/icyphy/ptII/lib/netty-buffer-4.1.19.Final.jar:/home/travis/build/icyphy/ptII/lib/netty-codec-4.1.19.Final.jar:/home/travis/build/icyphy/ptII/lib/netty-codec-dns-4.1.19.Final.jar:/home/travis/build/icyphy/ptII/lib/netty-codec-http-4.1.19.Final.jar:/home/travis/build/icyphy/ptII/lib/netty-codec-http2-4.1.19.Final.jar:/home/travis/build/icyphy/ptII/lib/netty-common-4.1.19.Final.jar:/home/travis/build/icyphy/ptII/lib/netty-handler-4.1.19.Final.jar:/home/travis/build/icyphy/ptII/lib/netty-resolver-4.1.19.Final.jar:/home/travis/build/icyphy/ptII/lib/netty-resolver-dns-4.1.19.Final.jar:/home/travis/build/icyphy/ptII/lib/netty-transport-4.1.19.Final.jar:/home/travis/build/icyphy/ptII/lib/vertx-codegen-3.5.1.jar:/home/travis/build/icyphy/ptII/lib/vertx-core-3.5.2-SNAPSHOT.jar:/home/travis/build/icyphy/ptII/lib/vertx-hazelcast-3.5.1.jar:/home/travis/build/icyphy/ptII/lib/vertx-lang-js-3.5.1.jar:/home/travis/build/icyphy/ptII/lib/vertx-service-proxy-3.5.1.jar:/home/travis/build/icyphy/ptII/lib/vertx-web-3.5.1.jar:/home/travis/build/icyphy/ptII/lib/slf4j-api-1.7.13.jar:/home/travis/build/icyphy/ptII/lib/slf4j-simple-1.7.13.jar:/home/travis/build/icyphy/ptII/lib/webcam-capture-0.3.12.jar:/home/travis/build/icyphy/ptII/lib/bridj-0.7.0.jar:/home/travis/build/icyphy/ptII/lib/xbjlib-1.1.0.nrjavaserial.jar" />
    <property name="timeout" value="2400000" />
    <property name="test.batch" value="**/junit/*.java" />
    <property name="env._" value="/usr/bin/timeout" />
    <property name="java.io.tmpdir" value="/tmp" />
    <property name="user.language" value="en" />
    <property name="env.TRAVIS_INTERNAL_RUBY_REGEX" value="^ruby-(2\.[0-4]\.[0-9]|1\.9\.3)" />
    <property name="env.HISTCONTROL" value="ignoredups:ignorespace" />
    <property name="env.GOROOT" value="/home/travis/.gimme/versions/go1.11.1.linux.amd64" />
    <property name="line.separator" value="&#xa;" />
    <property name="target" value="11" />
    <property name="env.TRAVIS_BUILD_DIR" value="/home/travis/build/icyphy/ptII" />
    <property name="env.ANT_OPTS" value="-Xmx2048m" />
    <property name="ant.file.type" value="file" />
    <property name="ptolemy.ptII.batchMode" value="true" />
    <property name="env.HISTSIZE" value="1000" />
    <property name="env.MERB_ENV" value="test" />
    <property name="java.vm.info" value="mixed mode" />
    <property name="source" value="11" />
    <property name="java.vm.specification.name" value="Java Virtual Machine Specification" />
    <property name="env.TRAVIS_TEST_RESULT" value="0" />
    <property name="jsdoc.command" value="node_modules/@terraswarm/jsdoc/jsdoc.js" />
    <property name="npm.works" value="true" />
    <property name="cobertura.dir" value="/home/travis/build/icyphy/ptII/vendors/cobertura-2.0.3" />
    <property name="env.rvm_path" value="/home/travis/.rvm" />
    <property name="env.GEM_PATH" value="/home/travis/.rvm/gems/ruby-2.5.3:/home/travis/.rvm/gems/ruby-2.5.3@global" />
    <property name="env.LC_CTYPE" value="en_US.UTF-8" />
    <property name="env.TRAVIS_CMD" value="$PTII/bin/ptIITravisBuild.sh $SECONDS" />
    <property name="java.awt.printerjob" value="sun.print.PSPrinterJob" />
    <property name="env.TRAVIS_STACK_NAME" value="sardonyx" />
    <property name="env.TRAVIS_TIMER_START_TIME" value="1561610140084810884" />
    <property name="ant.version" value="Apache Ant(TM) version 1.10.1 compiled on February 2 2017" />
    <property name="ptII.reports" value="/home/travis/build/icyphy/ptII/reports" />
    <property name="env.TRAVIS_STACK_TIMESTAMP" value="2019-03-25 16:16:56 UTC" />
    <property name="ant.file.type.ptII" value="file" />
    <property name="env.RBENV_SHELL" value="bash" />
    <property name="os.name" value="Linux" />
    <property name="java.specification.vendor" value="Oracle Corporation" />
    <property name="env.rvm_version" value="1.29.7 (latest)" />
    <property name="env.TRAVIS_INFRA" value="gce" />
    <property name="env.TERM" value="xterm" />
    <property name="java.vm.name" value="OpenJDK 64-Bit Server VM" />
    <property name="env.TRAVIS_BUILD_NUMBER" value="1185" />
    <property name="env.CI" value="true" />
    <property name="java.library.path" value="/home/travis/pthla/certi-tools/lib:/usr/lib/jni:/usr/local/share/OpenCV/java/:/usr/share/OpenCV/java::/usr/java/packages/lib:/usr/lib64:/lib64:/lib:/usr/lib" />
    <property name="env.rvm_prefix" value="/home/travis" />
    <property name="env.PATH" value="/home/travis/pthla/certi-tools/share/scripts:/home/travis/.rvm/gems/ruby-2.5.3/bin:/home/travis/.rvm/gems/ruby-2.5.3@global/bin:/home/travis/.rvm/rubies/ruby-2.5.3/bin:/home/travis/.rvm/bin:/home/travis/.nvm/versions/node/v7.10.1/bin:./node_modules/.bin:/home/travis/build/icyphy/ptII/bin:/home/travis/pthla/certi-tools/bin:/home/travis/bin:/home/travis/.local/bin:/usr/local/lib/jvm/openjdk11/bin:/opt/pyenv/shims:/home/travis/.phpenv/shims:/home/travis/perl5/perlbrew/bin:/home/travis/gopath/bin:/home/travis/.gimme/versions/go1.11.1.linux.amd64/bin:/usr/local/maven-3.6.0/bin:/usr/local/cmake-3.12.4/bin:/usr/local/clang-7.0.0/bin:/usr/local/sbin:/usr/local/bin:/usr/sbin:/usr/bin:/sbin:/bin:/snap/bin:/home/travis/.phpenv/bin:/opt/pyenv/bin:/home/travis/.yarn/bin" />
    <property name="env.TRAVIS_OS_NAME" value="linux" />
    <property name="ant.java.version" value="9" />
    <property name="basedir" value="/home/travis/build/icyphy/ptII" />
    <property name="java.class.version" value="55.0" />
    <property name="env.SHLVL" value="3" />
    <property name="env.LD_LIBRARY_PATH" value="/home/travis/pthla/certi-tools/lib:/usr/lib/jni:/usr/local/share/OpenCV/java/:/usr/share/OpenCV/java:" />
    <property name="env.RACK_ENV" value="test" />
    <property name="ant.home" value="/home/travis/build/icyphy/ptII/ant" />
    <property name="env.NVM_DIR" value="/home/travis/.nvm" />
    <property name="env.CERTI_FOM_PATH" value="/home/travis/pthla/certi-tools/share/federations" />
    <property name="env.TRAVIS_BUILD_ID" value="551118954" />
    <property name="env.PYENV_ROOT" value="/opt/pyenv" />
    <property name="env.TRAVIS_UID" value="2000" />
    <property name="env.NVM_BIN" value="/home/travis/.nvm/versions/node/v7.10.1/bin" />
    <property name="env.TRAVIS_COMMIT" value="b6de4a29689c219dd7cbcef974805eca11f91674" />
    <property name="env._system_arch" value="x86_64" />
    <property name="node.executable" value="node" />
    <property name="sun.boot.library.path" value="/usr/local/lib/jvm/openjdk11/lib" />
    <property name="sun.management.compiler" value="HotSpot 64-Bit Tiered Compilers" />
    <property name="java.awt.graphicsenv" value="sun.awt.X11GraphicsEnvironment" />
    <property name="env.GOPATH" value="/home/travis/gopath" />
    <property name="ptolemy.ptII.dir" value="/home/travis/build/icyphy/ptII" />
    <property name="env.USER" value="travis" />
    <property name="env.HISTFILESIZE" value="2000" />
    <property name="timeout.longest" value="19000000" />
    <property name="env.PERLBREW_SHELLRC_VERSION" value="0.86" />
    <property name="env.TRAVIS_STACK_FEATURES" value="basic couchdb disabled-ipv6 docker docker-compose elasticsearch firefox go-toolchain google-chrome jdk memcached mongodb mysql nodejs_interpreter perl_interpreter perlbrew phantomjs postgresql python_interpreter redis ruby_interpreter sqlite xserver" />
    <property name="env.TRAVIS_PULL_REQUEST" value="false" />
    <property name="env.PYENV_SHELL" value="bash" />
    <property name="ant.project.name" value="ptII" />
    <property name="env.ANSI_RESET" value="\033[0m" />
    <property name="java.vm.specification.version" value="11" />
    <property name="env.TRAVIS_DIST" value="xenial" />
    <property name="env.CERTI_VERSION" value="4.0.0" />
    <property name="env.CERTI_HOST" value="localhost" />
    <property name="awt.toolkit" value="sun.awt.X11.XToolkit" />
    <property name="env.MY_RUBY_HOME" value="/home/travis/.rvm/rubies/ruby-2.5.3" />
    <property name="sun.cpu.isalist" value="" />
    <property name="env.TRAVIS_TMPDIR" value="/tmp/tmp.SlrURo5hQB" />
    <property name="java.vm.compressedOopsMode" value="Zero based" />
    <property name="os.version" value="4.15.0-1028-gcp" />
    <property name="user.home" value="/home/travis" />
    <property name="java.vm.vendor" value="Oracle Corporation" />
    <property name="env.TRAVIS_TAG" value="nightly" />
    <property name="env.ANSI_YELLOW" value="\033[33;1m" />
    <property name="env.TRAVIS_FILTERED" value="redirect_io" />
    <property name="env.ANSI_GREEN" value="\033[32;1m" />
    <property name="env.JAVA_HOME" value="/usr/local/lib/jvm/openjdk11" />
    <property name="javadoc.excludepackagenames" value="adm.cvs2svn.*,build.*,config.*,doc.coding.templates.*,jni.test.jni.meaningOfLife.*,jni.test.jni.testDeux.*,jni.test.jni.testTrois.*,org.terraswarm.accessor.accessors.web.node_modules.*,org.terraswarm.accessor.accessors.web.hosts.cordova.demo.*,org.terraswarm.accessor.accessors.web.hosts.cordova.plugins.*,org.terraswarm.accessor.accessors-svn.*,pt-modules.*,ptolemy.apps.agilent.*,ptolemy.apps.anytimecontrol.*,ptolemy.apps.apes.*,ptolemy.apps.charon.*,ptolemy.apps.crazyboard.*,ptolemy.apps.eclipse.*,ptolemy.apps.etherealSting.*,ptolemy.apps.fullscreen.*,ptolemy.apps.giotto.*,ptolemy.apps.ia.*,ptolemy.apps.interfaces.*,ptolemy.apps.jmf.*,ptolemy.apps.kurt.*,ptolemy.apps.kvm.*,ptolemy.apps.lego.*,ptolemy.apps.lejos.*,ptolemy.apps.midp.*,ptolemy.apps.mobileCoding.*,ptolemy.apps.pendulum.*,ptolemy.apps.rijndael.*,ptolemy.apps.robot.*,ptolemy.apps.security.*,ptolemy.apps.sobel.*,ptolemy.apps.soot.*,ptolemy.apps.throttle.*,ptolemy.apps.tini.*,ptolemy.apps.transmission.*,ptolemy.apps.vergil.*,ptolemy.apps.waba.*,ptolemy.apps.websensor.*,ptolemy.apps.webstart.*,ptolemy.apps.xsl.*,ptolemy.apps.zaurus.*,ptolemy.codegen.c.actor.lib.oldJavaFiles.*,ptolemy.codegen.dsp.lib.*,ptolemy.codegen.kernel.newInterfaces.*,ptolemy.codegen.lib.*,ptolemy.copernicus.kernel.fragment.*,ptolemy.copernicus.shallow.cg.*,ptolemy.domains.giotto.demo.Hierarchy.Hierarchy.*,ptolemy.domains.giotto.demo.Multimode.Multimode.*,ptolemy.domains.giotto.demo.Simple.Simple.*,ptolemy.domains.gr.lib.experimental.*,ptolemy.domains.gro.*,ptolemy.domains.pdf.*,ptolemy.domains.ptinyos.demo.Surge.output.*,ptolemy.moml.test.NoPackageActor.java*,ptolemy.plot.adm.*,ptolemy.plot.servlet.*,reports.*,signed.*,src.*,target.*,vendors.*,ptolemy.copernicus.applet.*,ptolemy.media.viewer.*,ptolemy.actor.corba.*,doc.doclets.*,ptolemy.apps.eclipse.awt.*,ptolemy.backtrack.*,ptolemy.backtrack.ast.*,ptolemy.cg.adapter.generic.program.procedural.c.mbed*,ptolemy.homer.*,ptolemy.actor.lib.jjs.modules.audio.*,org.ptolemy.scala.*,diva.util.java2d.svg.*,ptolemy.domains.ptinyos.*,ptolemy.actor.lib.fmi.fmipp.*,,org.terraswarm.accessor.accessors.web.node_modules.*,org.terraswarm.accessor.accessors-svn,ptolemy.apps.*,ptolemy.actor.ptalon.demo.ptinyos.SendAndReceiveCnt.output,ptolemy.actor.ptalon.demo.ptinyos.SenseToLeds.output,ptolemy.domains.ptinyos.demo.CntToLedsAndRfm.output,ptolemy.domains.ptinyos.demo.RfmToLeds.output,ptolemy.domains.ptinyos.demo.SendAndReceiveCnt.output,ptolemy.domains.ptinyos.demo.SenseToLeds.output,ptolemy.actor.lib.jjs.modules.udpSocket.*" />
    <property name="env.PTII" value="/home/travis/build/icyphy/ptII" />
    <property name="env.XDG_SESSION_ID" value="2" />
    <property name="keystore" value="ptKeystore" />
    <property name="env.TRAVIS_COMMIT_MESSAGE" value="Moved csp and doc tests to core6 so that core2 will run to completion." />
    <property name="junit.output.dir" value="/home/travis/build/icyphy/ptII/reports/junit" />
    <property name="npm.return.code" value="0" />
    <property name="user.dir" value="/home/travis/build/icyphy/ptII/ptolemy/actor/lib/test" />
    <property name="env.TRAVIS_NODE_VERSION" value="7" />
    <property name="env.TRAVIS_EVENT_TYPE" value="cron" />
    <property name="env.MAIL" value="/var/mail/travis" />
    <property name="env.PERLBREW_ROOT" value="/home/travis/perl5/perlbrew" />
    <property name="env.PWD" value="/home/travis/build/icyphy/ptII" />
    <property name="timeout.npm" value="45000" />
    <property name="env.TRAVIS_ARCH" value="amd64" />
    <property name="sun.cpu.endian" value="little" />
    <property name="env.PAGER" value="cat" />
    <property name="env.TRAVIS_BUILD_STAGE_NAME" value="Test" />
    <property name="env.PERLBREW_HOME" value="/home/travis/.perlbrew" />
    <property name="java.vm.version" value="11.0.2+9" />
    <property name="env.RAILS_ENV" value="test" />
    <property name="java.class.path" value="/home/travis/.ptolemyII:/home/travis/.ptolemyII/*:/home/travis/build/icyphy/ptII:/home/travis/build/icyphy/ptII/lib/bsh-2.0b4.jar:/home/travis/build/icyphy/ptII/lib/ptCal.jar:/home/travis/build/icyphy/ptII/lib/java_cup.jar:/home/travis/build/icyphy/ptII/lib/saxon8.jar:/home/travis/build/icyphy/ptII/lib/saxon8-dom.jar:/home/travis/build/icyphy/ptII/lib/chic.jar:/home/travis/build/icyphy/ptII/lib/ptcolt.jar:/home/travis/build/icyphy/ptII/vendors/misc/itext/iText.jar:/home/travis/build/icyphy/ptII/lib/g4ltl.jar:/home/travis/build/icyphy/ptII/lib/StructuralCoder.jar:/home/travis/build/icyphy/ptII/vendors/jai-1_1_2_01/lib/jai_core.jar:/home/travis/build/icyphy/ptII/vendors/jai-1_1_2_01/lib/jai_codec.jar:/home/travis/build/icyphy/ptII/lib/jcerti.jar:/home/travis/build/icyphy/ptII/lib/javax.mail.jar:/home/travis/build/icyphy/ptII/vendors/JMF-2.1.1e/lib/jmf.jar:/home/travis/build/icyphy/ptII/lib/jna-4.0.0-variadic.jar:/home/travis/build/icyphy/ptII/vendors/misc/joystick/Joystick.jar:/home/travis/build/icyphy/ptII/lib/ptjacl.jar:/home/travis/build/icyphy/ptII/lib/jsoup-1.8.2.jar:/home/travis/build/icyphy/ptII/lib/junit-4.8.2.jar:/home/travis/build/icyphy/ptII/lib/JUnitParams-0.4.0.jar:/home/travis/build/icyphy/ptII/ptolemy/actor/lib/excel/jxl.jar:/home/travis/build/icyphy/ptII/lib/jython.jar:/home/travis/build/icyphy/ptII/lib/kieler.jar:/home/travis/build/icyphy/ptII/vendors/opencv/share/OpenCV/java/opencv-341.jar:/home/travis/build/icyphy/ptII/lib/oscP5.jar:/home/travis/build/icyphy/ptII/lib/nrjavaserial-3.11.0.devel.jar:/home/travis/build/icyphy/ptII/vendors/j3d/lib/j3dcore.jar:/home/travis/build/icyphy/ptII/vendors/j3d/lib/j3dutils.jar:/home/travis/build/icyphy/ptII/vendors/j3d/lib/vecmath.jar:/home/travis/build/icyphy/ptII/ptolemy/distributed/jini/jar/jini-core.jar:/home/travis/build/icyphy/ptII/ptolemy/distributed/jini/jar/jini-ext.jar:/home/travis/build/icyphy/ptII/ptolemy/distributed/jini/jar/sun-util.jar:/home/travis/build/icyphy/ptII/lib/protobuf-java-2.4.1.jar:/home/travis/build/icyphy/ptII/lib/org.eclipse.paho.client.mqttv3.jar:/home/travis/build/icyphy/ptII/lib/mapss.jar:/home/travis/build/icyphy/ptII/ptolemy/actor/ptalon/antlr/antlr.jar:/home/travis/build/icyphy/ptII/lib/JRI.jar:/home/travis/build/icyphy/ptII/lib/commons-lang-2.6.jar:/home/travis/build/icyphy/ptII/lib/commons-logging-1.1.1.jar:/home/travis/build/icyphy/ptII/lib/sootclasses.jar:/home/travis/build/icyphy/ptII/ptolemy/actor/lib/database/mysql-connector-java-5.1.6-bin.jar:/home/travis/build/icyphy/ptII/vendors/misc/sphinx4/sphinx4-data-5prealpha.jar:/home/travis/build/icyphy/ptII/vendors/misc/sphinx4/sphinx4-core-5prealpha.jar:/home/travis/build/icyphy/ptII/lib/PDFRenderer.jar:/home/travis/build/icyphy/ptII/lib/svgSalamander.jar:/home/travis/build/icyphy/ptII/lib/rsyntaxtextarea-2.6.0-SNAPSHOT.jar:/home/travis/build/icyphy/ptII/lib/hazelcast-3.8.2.jar:/home/travis/build/icyphy/ptII/lib/jackson-annotations-2.9.0.jar:/home/travis/build/icyphy/ptII/lib/jackson-core-2.9.3.jar:/home/travis/build/icyphy/ptII/lib/jackson-databind-2.9.3.jar:/home/travis/build/icyphy/ptII/lib/netty-buffer-4.1.19.Final.jar:/home/travis/build/icyphy/ptII/lib/netty-codec-4.1.19.Final.jar:/home/travis/build/icyphy/ptII/lib/netty-codec-dns-4.1.19.Final.jar:/home/travis/build/icyphy/ptII/lib/netty-codec-http-4.1.19.Final.jar:/home/travis/build/icyphy/ptII/lib/netty-codec-http2-4.1.19.Final.jar:/home/travis/build/icyphy/ptII/lib/netty-common-4.1.19.Final.jar:/home/travis/build/icyphy/ptII/lib/netty-handler-4.1.19.Final.jar:/home/travis/build/icyphy/ptII/lib/netty-resolver-4.1.19.Final.jar:/home/travis/build/icyphy/ptII/lib/netty-resolver-dns-4.1.19.Final.jar:/home/travis/build/icyphy/ptII/lib/netty-transport-4.1.19.Final.jar:/home/travis/build/icyphy/ptII/lib/vertx-codegen-3.5.1.jar:/home/travis/build/icyphy/ptII/lib/vertx-core-3.5.2-SNAPSHOT.jar:/home/travis/build/icyphy/ptII/lib/vertx-hazelcast-3.5.1.jar:/home/travis/build/icyphy/ptII/lib/vertx-lang-js-3.5.1.jar:/home/travis/build/icyphy/ptII/lib/vertx-service-proxy-3.5.1.jar:/home/travis/build/icyphy/ptII/lib/vertx-web-3.5.1.jar:/home/travis/build/icyphy/ptII/lib/slf4j-api-1.7.13.jar:/home/travis/build/icyphy/ptII/lib/slf4j-simple-1.7.13.jar:/home/travis/build/icyphy/ptII/lib/webcam-capture-0.3.12.jar:/home/travis/build/icyphy/ptII/lib/bridj-0.7.0.jar:/home/travis/build/icyphy/ptII/lib/xbjlib-1.1.0.nrjavaserial.jar:/home/travis/build/icyphy/ptII/ptolemy/moml/test:/home/travis/build/icyphy/ptII/ant/lib/ant-launcher.jar:/home/travis/build/icyphy/ptII/ant/lib/ant.jar:/home/travis/build/icyphy/ptII/ant/lib/ant-junit.jar:/home/travis/build/icyphy/ptII/ant/lib/ant-junit4.jar" />
    <property name="ant.library.dir" value="/home/travis/build/icyphy/ptII/ant/lib" />
    <property name="os.arch" value="amd64" />
    <property name="env.CONTINUOUS_INTEGRATION" value="true" />
    <property name="env.TRAVIS_LANGUAGE" value="node_js" />
    <property name="env.TRAVIS_STACK_LANGUAGES" value="__sardonyx__ c c++ clojure cplusplus cpp default generic go groovy java node_js php pure_java python ruby scala" />
    <property name="test.name" value="ptolemy.actor.lib.test.junit.JUnitTclTest" />
    <property name="env.APT_KEY_DONT_WARN_ON_DANGEROUS_USAGE" value="1" />
    <property name="sun.java.launcher" value="SUN_STANDARD" />
    <property name="env.PYTHON_CONFIGURE_OPTS" value="--enable-unicode=ucs4 --with-wide-unicode --enable-shared --enable-ipv6 --enable-loadable-sqlite-extensions --with-computed-gotos" />
    <property name="ant.core.lib" value="/home/travis/build/icyphy/ptII/ant/lib/ant.jar" />
    <property name="java.vm.specification.vendor" value="Oracle Corporation" />
    <property name="env.BCVTB_HOME" value="/home/travis/build/icyphy/ptII/lbnl" />
    <property name="file.separator" value="/" />
    <property name="spotbugs.home" value="/home/travis/build/icyphy/ptII/vendors/spotbugs-3.1.1" />
    <property name="java.runtime.version" value="11.0.2+9" />
    <property name="env.ANSI_CLEAR" value="\033[0K" />
    <property name="env.HAS_JOSH_K_SEAL_OF_APPROVAL" value="true" />
    <property name="env.XDG_RUNTIME_DIR" value="/run/user/2000" />
    <property name="env.TRAVIS_OSX_IMAGE" value="" />
    <property name="env.TRAVIS_JOB_ID" value="551118962" />
    <property name="env.TRAVIS_BRANCH" value="master" />
    <property name="user.country" value="US" />
    <property name="env.CERTI_HOME_TRAVIS" value="/home/travis/pthla/certi-tools" />
    <property name="env.SHELL" value="/bin/bash" />
    <property name="java.maxmemory.large" value="5000m" />
    <property name="model" value="" />
    <property name="env.CASHER_DIR" value="/home/travis/.casher" />
    <property name="env.NVM_CD_FLAGS" value="" />
    <property name="java.vendor.version" value="18.9" />
    <property name="jshint.executable" value="/home/travis/node_modules/jshint/bin/jshint" />
    <property name="env.JRUBY_OPTS" value=" --client -J-XX:+TieredCompilation -J-XX:TieredStopAtLevel=1 -J-Xss2m -Xcompile.invokedynamic=false" />
    <property name="java.vendor" value="Oracle Corporation" />
    <property name="env.TRAVIS_PRE_CHEF_BOOTSTRAP_TIME" value="2019-03-25T16:16:42" />
    <property name="env.TRAVIS_STACK_JOB_BOARD_REGISTER" value="/.job-board-register.yml" />
    <property name="env.ANSI_RED" value="\033[31;1m" />
    <property name="java.specification.version" value="11" />
    <property name="env.IRBRC" value="/home/travis/.rvm/rubies/ruby-2.5.3/.irbrc" />
    <property name="env.TRAVIS" value="true" />
    <property name="sun.arch.data.model" value="64" />
  </properties>
  <testcase classname="ptolemy.util.test.junit.TclTests" name="[0] /home/travis/build/icyphy/ptII/ptolemy/actor/lib/test/AbsoluteValue.tcl (RunTclFile)" time="0.55" />
  <testcase classname="ptolemy.util.test.junit.TclTests" name="[1] /home/travis/build/icyphy/ptII/ptolemy/actor/lib/test/AddSubtract.tcl (RunTclFile)" time="0.142" />
  <testcase classname="ptolemy.util.test.junit.TclTests" name="[2] /home/travis/build/icyphy/ptII/ptolemy/actor/lib/test/Average.tcl (RunTclFile)" time="0.036" />
  <testcase classname="ptolemy.util.test.junit.TclTests" name="[3] /home/travis/build/icyphy/ptII/ptolemy/actor/lib/test/Bernoulli.tcl (RunTclFile)" time="0.021" />
  <testcase classname="ptolemy.util.test.junit.TclTests" name="[4] /home/travis/build/icyphy/ptII/ptolemy/actor/lib/test/Clock.tcl (RunTclFile)" time="0.073" />
  <testcase classname="ptolemy.util.test.junit.TclTests" name="[5] /home/travis/build/icyphy/ptII/ptolemy/actor/lib/test/Commutator.tcl (RunTclFile)" time="0.149">
    <failure message="Number of failed tests is has increased. expected:&lt;0&gt; but was:&lt;1&gt;" type="junit.framework.AssertionFailedError">junit.framework.AssertionFailedError: Number of failed tests is has increased. expected:&lt;0&gt; but was:&lt;1&gt;
	at ptolemy.util.test.junit.TclTests.RunTclFile(TclTests.java:286)
	at java.base/jdk.internal.reflect.NativeMethodAccessorImpl.invoke0(Native Method)
	at java.base/jdk.internal.reflect.NativeMethodAccessorImpl.invoke(NativeMethodAccessorImpl.java:62)
	at java.base/jdk.internal.reflect.DelegatingMethodAccessorImpl.invoke(DelegatingMethodAccessorImpl.java:43)
	at junitparams.internal.InvokeParameterisedMethod.evaluate(InvokeParameterisedMethod.java:102)
	at junitparams.internal.ParameterisedTestMethodRunner.runMethodInvoker(ParameterisedTestMethodRunner.java:47)
	at junitparams.internal.ParameterisedTestMethodRunner.runTestMethod(ParameterisedTestMethodRunner.java:41)
	at junitparams.internal.ParameterisedTestClassRunner.runParameterisedTest(ParameterisedTestClassRunner.java:143)
	at junitparams.JUnitParamsRunner.runChild(JUnitParamsRunner.java:237)
	at junitparams.JUnitParamsRunner.runChild(JUnitParamsRunner.java:215)
</failure>
  </testcase>
  <testcase classname="ptolemy.util.test.junit.TclTests" name="[6] /home/travis/build/icyphy/ptII/ptolemy/actor/lib/test/Const.tcl (RunTclFile)" time="0.126" />
  <testcase classname="ptolemy.util.test.junit.TclTests" name="[7] /home/travis/build/icyphy/ptII/ptolemy/actor/lib/test/CurrentTime.tcl (RunTclFile)" time="0.065" />
  <testcase classname="ptolemy.util.test.junit.TclTests" name="[8] /home/travis/build/icyphy/ptII/ptolemy/actor/lib/test/DB.tcl (RunTclFile)" time="0.034" />
  <testcase classname="ptolemy.util.test.junit.TclTests" name="[9] /home/travis/build/icyphy/ptII/ptolemy/actor/lib/test/DiscreteRandomSource.tcl (RunTclFile)" time="0.064" />
  <testcase classname="ptolemy.util.test.junit.TclTests" name="[10] /home/travis/build/icyphy/ptII/ptolemy/actor/lib/test/Distributor.tcl (RunTclFile)" time="0.101" />
  <testcase classname="ptolemy.util.test.junit.TclTests" name="[11] /home/travis/build/icyphy/ptII/ptolemy/actor/lib/test/Exit.tcl (RunTclFile)" time="0.098" />
  <testcase classname="ptolemy.util.test.junit.TclTests" name="[12] /home/travis/build/icyphy/ptII/ptolemy/actor/lib/test/Expression.tcl (RunTclFile)" time="0.174" />
  <testcase classname="ptolemy.util.test.junit.TclTests" name="[13] /home/travis/build/icyphy/ptII/ptolemy/actor/lib/test/Gaussian.tcl (RunTclFile)" time="0.42" />
  <testcase classname="ptolemy.util.test.junit.TclTests" name="[14] /home/travis/build/icyphy/ptII/ptolemy/actor/lib/test/IIR.tcl (RunTclFile)" time="0.027" />
  <testcase classname="ptolemy.util.test.junit.TclTests" name="[15] /home/travis/build/icyphy/ptII/ptolemy/actor/lib/test/Interpolator.tcl (RunTclFile)" time="0.117" />
  <testcase classname="ptolemy.util.test.junit.TclTests" name="[16] /home/travis/build/icyphy/ptII/ptolemy/actor/lib/test/MathFunction.tcl (RunTclFile)" time="0.091" />
  <testcase classname="ptolemy.util.test.junit.TclTests" name="[17] /home/travis/build/icyphy/ptII/ptolemy/actor/lib/test/Maximum.tcl (RunTclFile)" time="0.042" />
  <testcase classname="ptolemy.util.test.junit.TclTests" name="[18] /home/travis/build/icyphy/ptII/ptolemy/actor/lib/test/Minimum.tcl (RunTclFile)" time="0.022" />
  <testcase classname="ptolemy.util.test.junit.TclTests" name="[19] /home/travis/build/icyphy/ptII/ptolemy/actor/lib/test/MultiplyDivide.tcl (RunTclFile)" time="0.025" />
  <testcase classname="ptolemy.util.test.junit.TclTests" name="[20] /home/travis/build/icyphy/ptII/ptolemy/actor/lib/test/OrderedMerge.tcl (RunTclFile)" time="0.169" />
  <testcase classname="ptolemy.util.test.junit.TclTests" name="[21] /home/travis/build/icyphy/ptII/ptolemy/actor/lib/test/Publisher.tcl (RunTclFile)" time="0.953" />
  <testcase classname="ptolemy.util.test.junit.TclTests" name="[22] /home/travis/build/icyphy/ptII/ptolemy/actor/lib/test/Pulse.tcl (RunTclFile)" time="0.088" />
  <testcase classname="ptolemy.util.test.junit.TclTests" name="[23] /home/travis/build/icyphy/ptII/ptolemy/actor/lib/test/Ramp.tcl (RunTclFile)" time="2.431" />
  <testcase classname="ptolemy.util.test.junit.TclTests" name="[24] /home/travis/build/icyphy/ptII/ptolemy/actor/lib/test/RampContinuous.tcl (RunTclFile)" time="0.019" />
  <testcase classname="ptolemy.util.test.junit.TclTests" name="[25] /home/travis/build/icyphy/ptII/ptolemy/actor/lib/test/RecordAssembler.tcl (RunTclFile)" time="0.02" />
  <testcase classname="ptolemy.util.test.junit.TclTests" name="[26] /home/travis/build/icyphy/ptII/ptolemy/actor/lib/test/RecordDisassembler.tcl (RunTclFile)" time="0.034" />
  <testcase classname="ptolemy.util.test.junit.TclTests" name="[27] /home/travis/build/icyphy/ptII/ptolemy/actor/lib/test/Scale.tcl (RunTclFile)" time="0.04" />
  <testcase classname="ptolemy.util.test.junit.TclTests" name="[28] /home/travis/build/icyphy/ptII/ptolemy/actor/lib/test/SequentialClock.tcl (RunTclFile)" time="0.022" />
  <testcase classname="ptolemy.util.test.junit.TclTests" name="[29] /home/travis/build/icyphy/ptII/ptolemy/actor/lib/test/SetVariable.tcl (RunTclFile)" time="0.032">
    <failure message="Number of failed tests is has increased. expected:&lt;1&gt; but was:&lt;2&gt;" type="junit.framework.AssertionFailedError">junit.framework.AssertionFailedError: Number of failed tests is has increased. expected:&lt;1&gt; but was:&lt;2&gt;
	at ptolemy.util.test.junit.TclTests.RunTclFile(TclTests.java:286)
	at jdk.internal.reflect.GeneratedMethodAccessor19.invoke(Unknown Source)
	at java.base/jdk.internal.reflect.DelegatingMethodAccessorImpl.invoke(DelegatingMethodAccessorImpl.java:43)
	at junitparams.internal.InvokeParameterisedMethod.evaluate(InvokeParameterisedMethod.java:102)
	at junitparams.internal.ParameterisedTestMethodRunner.runMethodInvoker(ParameterisedTestMethodRunner.java:47)
	at junitparams.internal.ParameterisedTestMethodRunner.runTestMethod(ParameterisedTestMethodRunner.java:41)
	at junitparams.internal.ParameterisedTestClassRunner.runParameterisedTest(ParameterisedTestClassRunner.java:143)
	at junitparams.JUnitParamsRunner.runChild(JUnitParamsRunner.java:237)
	at junitparams.JUnitParamsRunner.runChild(JUnitParamsRunner.java:215)
</failure>
  </testcase>
  <testcase classname="ptolemy.util.test.junit.TclTests" name="[30] /home/travis/build/icyphy/ptII/ptolemy/actor/lib/test/Sinewave.tcl (RunTclFile)" time="0.065" />
  <testcase classname="ptolemy.util.test.junit.TclTests" name="[31] /home/travis/build/icyphy/ptII/ptolemy/actor/lib/test/SubscriptionAggregator.tcl (RunTclFile)" time="2.463" />
  <testcase classname="ptolemy.util.test.junit.TclTests" name="[32] /home/travis/build/icyphy/ptII/ptolemy/actor/lib/test/Test.tcl (RunTclFile)" time="0.117" />
  <testcase classname="ptolemy.util.test.junit.TclTests" name="[33] /home/travis/build/icyphy/ptII/ptolemy/actor/lib/test/TestExceptionHandler.tcl (RunTclFile)" time="0.011" />
  <testcase classname="ptolemy.util.test.junit.TclTests" name="[34] /home/travis/build/icyphy/ptII/ptolemy/actor/lib/test/UnionDisassembler.tcl (RunTclFile)" time="0.078" />
  <testcase classname="ptolemy.util.test.junit.TclTests" name="[35] /home/travis/build/icyphy/ptII/ptolemy/actor/lib/test/VariableClock.tcl (RunTclFile)" time="0.039" />
  <testcase classname="ptolemy.util.test.junit.AutoKnownFailedTests" name="[0] /home/travis/build/icyphy/ptII/ptolemy/actor/lib/test/auto/knownFailedTests/PublisherPortToplevelSubscriber.xml (RunModel)" time="0.037" />
  <testcase classname="ptolemy.util.test.junit.AutoKnownFailedTests" name="[1] /home/travis/build/icyphy/ptII/ptolemy/actor/lib/test/auto/knownFailedTests/PublisherSubscriberPortToplevel.xml (RunModel)" time="0.031" />
  <testcase classname="ptolemy.util.test.junit.AutoKnownFailedTests" name="[2] /home/travis/build/icyphy/ptII/ptolemy/actor/lib/test/auto/knownFailedTests/PublisherSubscriptionAggregatorPort.xml (RunModel)" time="0.026" />
  <testcase classname="ptolemy.util.test.junit.AutoKnownFailedTests" name="[3] /home/travis/build/icyphy/ptII/ptolemy/actor/lib/test/auto/knownFailedTests/sizedarray3.xml (RunModel)" time="0.031" />
  <testcase classname="ptolemy.util.test.junit.AutoNameArchTests" name="[0] ThereAreNoAutoArchTests (RunModel)" time="0.001" />
  <testcase classname="ptolemy.util.test.junit.AutoTests" name="[0] /home/travis/build/icyphy/ptII/ptolemy/actor/lib/test/auto/AbsoluteValue.xml (RunModel)" time="0.104" />
  <testcase classname="ptolemy.util.test.junit.AutoTests" name="[1] /home/travis/build/icyphy/ptII/ptolemy/actor/lib/test/auto/AbsoluteValue2.xml (RunModel)" time="0.064" />
  <testcase classname="ptolemy.util.test.junit.AutoTests" name="[2] /home/travis/build/icyphy/ptII/ptolemy/actor/lib/test/auto/Accumulator.xml (RunModel)" time="0.088" />
  <testcase classname="ptolemy.util.test.junit.AutoTests" name="[3] /home/travis/build/icyphy/ptII/ptolemy/actor/lib/test/auto/Accumulator2.xml (RunModel)" time="0.028" />
  <testcase classname="ptolemy.util.test.junit.AutoTests" name="[4] /home/travis/build/icyphy/ptII/ptolemy/actor/lib/test/auto/Accumulator3.xml (RunModel)" time="0.041" />
  <testcase classname="ptolemy.util.test.junit.AutoTests" name="[5] /home/travis/build/icyphy/ptII/ptolemy/actor/lib/test/auto/ArrayAppend.xml (RunModel)" time="0.06" />
  <testcase classname="ptolemy.util.test.junit.AutoTests" name="[6] /home/travis/build/icyphy/ptII/ptolemy/actor/lib/test/auto/ArrayAppend2.xml (RunModel)" time="0.334" />
  <testcase classname="ptolemy.util.test.junit.AutoTests" name="[7] /home/travis/build/icyphy/ptII/ptolemy/actor/lib/test/auto/ArrayAppend3.xml (RunModel)" time="0.037" />
  <testcase classname="ptolemy.util.test.junit.AutoTests" name="[8] /home/travis/build/icyphy/ptII/ptolemy/actor/lib/test/auto/ArrayAppend4.xml (RunModel)" time="0.017" />
  <testcase classname="ptolemy.util.test.junit.AutoTests" name="[9] /home/travis/build/icyphy/ptII/ptolemy/actor/lib/test/auto/ArrayAppend5.xml (RunModel)" time="0.025" />
  <testcase classname="ptolemy.util.test.junit.AutoTests" name="[10] /home/travis/build/icyphy/ptII/ptolemy/actor/lib/test/auto/ArrayAppend6.xml (RunModel)" time="0.021" />
  <testcase classname="ptolemy.util.test.junit.AutoTests" name="[11] /home/travis/build/icyphy/ptII/ptolemy/actor/lib/test/auto/ArrayAppendPerformanceTest.xml (RunModel)" time="0.048" />
  <testcase classname="ptolemy.util.test.junit.AutoTests" name="[12] /home/travis/build/icyphy/ptII/ptolemy/actor/lib/test/auto/ArrayAppendWithEmptyInput.xml (RunModel)" time="0.045" />
  <testcase classname="ptolemy.util.test.junit.AutoTests" name="[13] /home/travis/build/icyphy/ptII/ptolemy/actor/lib/test/auto/ArrayAverage.xml (RunModel)" time="0.07" />
  <testcase classname="ptolemy.util.test.junit.AutoTests" name="[14] /home/travis/build/icyphy/ptII/ptolemy/actor/lib/test/auto/ArrayContains.xml (RunModel)" time="0.03" />
  <testcase classname="ptolemy.util.test.junit.AutoTests" name="[15] /home/travis/build/icyphy/ptII/ptolemy/actor/lib/test/auto/ArrayElement.xml (RunModel)" time="0.018" />
  <testcase classname="ptolemy.util.test.junit.AutoTests" name="[16] /home/travis/build/icyphy/ptII/ptolemy/actor/lib/test/auto/ArrayElementAsMatrix.xml (RunModel)" time="0.065" />
  <testcase classname="ptolemy.util.test.junit.AutoTests" name="[17] /home/travis/build/icyphy/ptII/ptolemy/actor/lib/test/auto/ArrayElementI.xml (RunModel)" time="0.105" />
  <testcase classname="ptolemy.util.test.junit.AutoTests" name="[18] /home/travis/build/icyphy/ptII/ptolemy/actor/lib/test/auto/ArrayExtract.xml (RunModel)" time="0.033" />
  <testcase classname="ptolemy.util.test.junit.AutoTests" name="[19] /home/travis/build/icyphy/ptII/ptolemy/actor/lib/test/auto/ArrayExtract2.xml (RunModel)" time="0.023" />
  <testcase classname="ptolemy.util.test.junit.AutoTests" name="[20] /home/travis/build/icyphy/ptII/ptolemy/actor/lib/test/auto/ArrayLength.xml (RunModel)" time="0.024" />
  <testcase classname="ptolemy.util.test.junit.AutoTests" name="[21] /home/travis/build/icyphy/ptII/ptolemy/actor/lib/test/auto/ArrayLevelCrossing.xml (RunModel)" time="0.032" />
  <testcase classname="ptolemy.util.test.junit.AutoTests" name="[22] /home/travis/build/icyphy/ptII/ptolemy/actor/lib/test/auto/ArrayLevelCrossing2.xml (RunModel)" time="0.03" />
  <testcase classname="ptolemy.util.test.junit.AutoTests" name="[23] /home/travis/build/icyphy/ptII/ptolemy/actor/lib/test/auto/ArrayPeakSearch.xml (RunModel)" time="0.044" />
  <testcase classname="ptolemy.util.test.junit.AutoTests" name="[24] /home/travis/build/icyphy/ptII/ptolemy/actor/lib/test/auto/ArrayPeakSearch2.xml (RunModel)" time="0.039" />
  <testcase classname="ptolemy.util.test.junit.AutoTests" name="[25] /home/travis/build/icyphy/ptII/ptolemy/actor/lib/test/auto/ArrayPeakSearch3.xml (RunModel)" time="0.04" />
  <testcase classname="ptolemy.util.test.junit.AutoTests" name="[26] /home/travis/build/icyphy/ptII/ptolemy/actor/lib/test/auto/ArrayRemoveElement.xml (RunModel)" time="0.034" />
  <testcase classname="ptolemy.util.test.junit.AutoTests" name="[27] /home/travis/build/icyphy/ptII/ptolemy/actor/lib/test/auto/ArraySort.xml (RunModel)" time="0.041" />
  <testcase classname="ptolemy.util.test.junit.AutoTests" name="[28] /home/travis/build/icyphy/ptII/ptolemy/actor/lib/test/auto/ArraySum.xml (RunModel)" time="0.021" />
  <testcase classname="ptolemy.util.test.junit.AutoTests" name="[29] /home/travis/build/icyphy/ptII/ptolemy/actor/lib/test/auto/ArrayToElements.xml (RunModel)" time="0.026" />
  <testcase classname="ptolemy.util.test.junit.AutoTests" name="[30] /home/travis/build/icyphy/ptII/ptolemy/actor/lib/test/auto/ArrayToMatrix.xml (RunModel)" time="0.072" />
  <testcase classname="ptolemy.util.test.junit.AutoTests" name="[31] /home/travis/build/icyphy/ptII/ptolemy/actor/lib/test/auto/ArrayUpdate1.xml (RunModel)" time="0.022" />
  <testcase classname="ptolemy.util.test.junit.AutoTests" name="[32] /home/travis/build/icyphy/ptII/ptolemy/actor/lib/test/auto/ArrayUpdate2.xml (RunModel)" time="0.023" />
  <testcase classname="ptolemy.util.test.junit.AutoTests" name="[33] /home/travis/build/icyphy/ptII/ptolemy/actor/lib/test/auto/ArrayUpdate3.xml (RunModel)" time="0.017" />
  <testcase classname="ptolemy.util.test.junit.AutoTests" name="[34] /home/travis/build/icyphy/ptII/ptolemy/actor/lib/test/auto/Assert1.xml (RunModel)" time="0.023" />
  <testcase classname="ptolemy.util.test.junit.AutoTests" name="[35] /home/travis/build/icyphy/ptII/ptolemy/actor/lib/test/auto/Assert2.xml (RunModel)" time="0.011" />
  <testcase classname="ptolemy.util.test.junit.AutoTests" name="[36] /home/travis/build/icyphy/ptII/ptolemy/actor/lib/test/auto/BooleanMultiplexor.xml (RunModel)" time="0.019" />
  <testcase classname="ptolemy.util.test.junit.AutoTests" name="[37] /home/travis/build/icyphy/ptII/ptolemy/actor/lib/test/auto/BooleanMultiplexor2.xml (RunModel)" time="0.028" />
  <testcase classname="ptolemy.util.test.junit.AutoTests" name="[38] /home/travis/build/icyphy/ptII/ptolemy/actor/lib/test/auto/BooleanMultiplexor3.xml (RunModel)" time="0.016" />
  <testcase classname="ptolemy.util.test.junit.AutoTests" name="[39] /home/travis/build/icyphy/ptII/ptolemy/actor/lib/test/auto/BooleanSelect.xml (RunModel)" time="0.027" />
  <testcase classname="ptolemy.util.test.junit.AutoTests" name="[40] /home/travis/build/icyphy/ptII/ptolemy/actor/lib/test/auto/BooleanSelect2.xml (RunModel)" time="0.021" />
  <testcase classname="ptolemy.util.test.junit.AutoTests" name="[41] /home/travis/build/icyphy/ptII/ptolemy/actor/lib/test/auto/BooleanSwitch.xml (RunModel)" time="0.024" />
  <testcase classname="ptolemy.util.test.junit.AutoTests" name="[42] /home/travis/build/icyphy/ptII/ptolemy/actor/lib/test/auto/BooleanSwitch2.xml (RunModel)" time="0.014" />
  <testcase classname="ptolemy.util.test.junit.AutoTests" name="[43] /home/travis/build/icyphy/ptII/ptolemy/actor/lib/test/auto/BooleanSwitchCloningBugWithClassRelationGroup.xml (RunModel)" time="0.054" />
  <testcase classname="ptolemy.util.test.junit.AutoTests" name="[44] /home/travis/build/icyphy/ptII/ptolemy/actor/lib/test/auto/BusActors.xml (RunModel)" time="0.034" />
  <testcase classname="ptolemy.util.test.junit.AutoTests" name="[45] /home/travis/build/icyphy/ptII/ptolemy/actor/lib/test/auto/ClassWrapper.xml (RunModel)" time="0.025" />
  <testcase classname="ptolemy.util.test.junit.AutoTests" name="[46] /home/travis/build/icyphy/ptII/ptolemy/actor/lib/test/auto/Clock.xml (RunModel)" time="0.016" />
  <testcase classname="ptolemy.util.test.junit.AutoTests" name="[47] /home/travis/build/icyphy/ptII/ptolemy/actor/lib/test/auto/Clock10.xml (RunModel)" time="0.02" />
  <testcase classname="ptolemy.util.test.junit.AutoTests" name="[48] /home/travis/build/icyphy/ptII/ptolemy/actor/lib/test/auto/Clock11.xml (RunModel)" time="0.028" />
  <testcase classname="ptolemy.util.test.junit.AutoTests" name="[49] /home/travis/build/icyphy/ptII/ptolemy/actor/lib/test/auto/Clock12.xml (RunModel)" time="0.022" />
  <testcase classname="ptolemy.util.test.junit.AutoTests" name="[50] /home/travis/build/icyphy/ptII/ptolemy/actor/lib/test/auto/Clock13.xml (RunModel)" time="0.021" />
  <testcase classname="ptolemy.util.test.junit.AutoTests" name="[51] /home/travis/build/icyphy/ptII/ptolemy/actor/lib/test/auto/Clock14.xml (RunModel)" time="0.022" />
  <testcase classname="ptolemy.util.test.junit.AutoTests" name="[52] /home/travis/build/icyphy/ptII/ptolemy/actor/lib/test/auto/Clock15.xml (RunModel)" time="0.016" />
  <testcase classname="ptolemy.util.test.junit.AutoTests" name="[53] /home/travis/build/icyphy/ptII/ptolemy/actor/lib/test/auto/Clock16.xml (RunModel)" time="0.113" />
  <testcase classname="ptolemy.util.test.junit.AutoTests" name="[54] /home/travis/build/icyphy/ptII/ptolemy/actor/lib/test/auto/Clock17.xml (RunModel)" time="0.08" />
  <testcase classname="ptolemy.util.test.junit.AutoTests" name="[55] /home/travis/build/icyphy/ptII/ptolemy/actor/lib/test/auto/Clock18.xml (RunModel)" time="0.053" />
  <testcase classname="ptolemy.util.test.junit.AutoTests" name="[56] /home/travis/build/icyphy/ptII/ptolemy/actor/lib/test/auto/Clock19.xml (RunModel)" time="0.044" />
  <testcase classname="ptolemy.util.test.junit.AutoTests" name="[57] /home/travis/build/icyphy/ptII/ptolemy/actor/lib/test/auto/Clock2.xml (RunModel)" time="0.014" />
  <testcase classname="ptolemy.util.test.junit.AutoTests" name="[58] /home/travis/build/icyphy/ptII/ptolemy/actor/lib/test/auto/Clock20.xml (RunModel)" time="0.021" />
  <testcase classname="ptolemy.util.test.junit.AutoTests" name="[59] /home/travis/build/icyphy/ptII/ptolemy/actor/lib/test/auto/Clock21.xml (RunModel)" time="0.018" />
  <testcase classname="ptolemy.util.test.junit.AutoTests" name="[60] /home/travis/build/icyphy/ptII/ptolemy/actor/lib/test/auto/Clock22.xml (RunModel)" time="0.017" />
  <testcase classname="ptolemy.util.test.junit.AutoTests" name="[61] /home/travis/build/icyphy/ptII/ptolemy/actor/lib/test/auto/Clock23.xml (RunModel)" time="0.019" />
  <testcase classname="ptolemy.util.test.junit.AutoTests" name="[62] /home/travis/build/icyphy/ptII/ptolemy/actor/lib/test/auto/Clock24.xml (RunModel)" time="0.023" />
  <testcase classname="ptolemy.util.test.junit.AutoTests" name="[63] /home/travis/build/icyphy/ptII/ptolemy/actor/lib/test/auto/Clock4.xml (RunModel)" time="0.013" />
  <testcase classname="ptolemy.util.test.junit.AutoTests" name="[64] /home/travis/build/icyphy/ptII/ptolemy/actor/lib/test/auto/Clock5.xml (RunModel)" time="0.017" />
  <testcase classname="ptolemy.util.test.junit.AutoTests" name="[65] /home/travis/build/icyphy/ptII/ptolemy/actor/lib/test/auto/Clock6.xml (RunModel)" time="0.011" />
  <testcase classname="ptolemy.util.test.junit.AutoTests" name="[66] /home/travis/build/icyphy/ptII/ptolemy/actor/lib/test/auto/Clock7.xml (RunModel)" time="0.014" />
  <testcase classname="ptolemy.util.test.junit.AutoTests" name="[67] /home/travis/build/icyphy/ptII/ptolemy/actor/lib/test/auto/Clock8.xml (RunModel)" time="0.017" />
  <testcase classname="ptolemy.util.test.junit.AutoTests" name="[68] /home/travis/build/icyphy/ptII/ptolemy/actor/lib/test/auto/Clock9.xml (RunModel)" time="0.018" />
  <testcase classname="ptolemy.util.test.junit.AutoTests" name="[69] /home/travis/build/icyphy/ptII/ptolemy/actor/lib/test/auto/CommDistDiscard.xml (RunModel)" time="0.024" />
  <testcase classname="ptolemy.util.test.junit.AutoTests" name="[70] /home/travis/build/icyphy/ptII/ptolemy/actor/lib/test/auto/Commutator.xml (RunModel)" time="0.016" />
  <testcase classname="ptolemy.util.test.junit.AutoTests" name="[71] /home/travis/build/icyphy/ptII/ptolemy/actor/lib/test/auto/Commutator2.xml (RunModel)" time="0.013" />
  <testcase classname="ptolemy.util.test.junit.AutoTests" name="[72] /home/travis/build/icyphy/ptII/ptolemy/actor/lib/test/auto/Commutator3.xml (RunModel)" time="0.017" />
  <testcase classname="ptolemy.util.test.junit.AutoTests" name="[73] /home/travis/build/icyphy/ptII/ptolemy/actor/lib/test/auto/Compare.xml (RunModel)" time="0.025" />
  <testcase classname="ptolemy.util.test.junit.AutoTests" name="[74] /home/travis/build/icyphy/ptII/ptolemy/actor/lib/test/auto/CompareDE.xml (RunModel)" time="0.029" />
  <testcase classname="ptolemy.util.test.junit.AutoTests" name="[75] /home/travis/build/icyphy/ptII/ptolemy/actor/lib/test/auto/ComplexDivide.xml (RunModel)" time="0.011" />
  <testcase classname="ptolemy.util.test.junit.AutoTests" name="[76] /home/travis/build/icyphy/ptII/ptolemy/actor/lib/test/auto/ComputeHistogram.xml (RunModel)" time="0.073" />
  <testcase classname="ptolemy.util.test.junit.AutoTests" name="[77] /home/travis/build/icyphy/ptII/ptolemy/actor/lib/test/auto/ConfigurationSelect.xml (RunModel)" time="0.023" />
  <testcase classname="ptolemy.util.test.junit.AutoTests" name="[78] /home/travis/build/icyphy/ptII/ptolemy/actor/lib/test/auto/ConfigurationSelect2.xml (RunModel)" time="0.016" />
  <testcase classname="ptolemy.util.test.junit.AutoTests" name="[79] /home/travis/build/icyphy/ptII/ptolemy/actor/lib/test/auto/ConfigurationSwitch.xml (RunModel)" time="0.032" />
  <testcase classname="ptolemy.util.test.junit.AutoTests" name="[80] /home/travis/build/icyphy/ptII/ptolemy/actor/lib/test/auto/ConfigurationSwitch2.xml (RunModel)" time="0.029" />
  <testcase classname="ptolemy.util.test.junit.AutoTests" name="[81] /home/travis/build/icyphy/ptII/ptolemy/actor/lib/test/auto/ConfigurationSwitchCloningBugWithClassRelationGroup.xml (RunModel)" time="0.028" />
  <testcase classname="ptolemy.util.test.junit.AutoTests" name="[82] /home/travis/build/icyphy/ptII/ptolemy/actor/lib/test/auto/ConfigurationSwitchSelectSDF.xml (RunModel)" time="0.016" />
  <testcase classname="ptolemy.util.test.junit.AutoTests" name="[83] /home/travis/build/icyphy/ptII/ptolemy/actor/lib/test/auto/ConfigurationSwitchSelectSDF2.xml (RunModel)" time="0.013" />
  <testcase classname="ptolemy.util.test.junit.AutoTests" name="[84] /home/travis/build/icyphy/ptII/ptolemy/actor/lib/test/auto/Const.xml (RunModel)" time="0.007" />
  <testcase classname="ptolemy.util.test.junit.AutoTests" name="[85] /home/travis/build/icyphy/ptII/ptolemy/actor/lib/test/auto/Const2.xml (RunModel)" time="0.016" />
  <testcase classname="ptolemy.util.test.junit.AutoTests" name="[86] /home/travis/build/icyphy/ptII/ptolemy/actor/lib/test/auto/Const3.xml (RunModel)" time="0.008" />
  <testcase classname="ptolemy.util.test.junit.AutoTests" name="[87] /home/travis/build/icyphy/ptII/ptolemy/actor/lib/test/auto/ConstantPublisherPort1.xml (RunModel)" time="0.026" />
  <testcase classname="ptolemy.util.test.junit.AutoTests" name="[88] /home/travis/build/icyphy/ptII/ptolemy/actor/lib/test/auto/ConstantPublisherPort2.xml (RunModel)" time="0.026" />
  <testcase classname="ptolemy.util.test.junit.AutoTests" name="[89] /home/travis/build/icyphy/ptII/ptolemy/actor/lib/test/auto/ConstantPublisherPort3.xml (RunModel)" time="0.028" />
  <testcase classname="ptolemy.util.test.junit.AutoTests" name="[90] /home/travis/build/icyphy/ptII/ptolemy/actor/lib/test/auto/ConstantPublisherPort4.xml (RunModel)" time="0.025" />
  <testcase classname="ptolemy.util.test.junit.AutoTests" name="[91] /home/travis/build/icyphy/ptII/ptolemy/actor/lib/test/auto/ConstantPublisherPort5.xml (RunModel)" time="0.041" />
  <testcase classname="ptolemy.util.test.junit.AutoTests" name="[92] /home/travis/build/icyphy/ptII/ptolemy/actor/lib/test/auto/ConstantPublisherPort6.xml (RunModel)" time="0.034" />
  <testcase classname="ptolemy.util.test.junit.AutoTests" name="[93] /home/travis/build/icyphy/ptII/ptolemy/actor/lib/test/auto/ConstantPublisherPort7.xml (RunModel)" time="0.041" />
  <testcase classname="ptolemy.util.test.junit.AutoTests" name="[94] /home/travis/build/icyphy/ptII/ptolemy/actor/lib/test/auto/ConstraintMonitor1.xml (RunModel)" time="0.046" />
  <testcase classname="ptolemy.util.test.junit.AutoTests" name="[95] /home/travis/build/icyphy/ptII/ptolemy/actor/lib/test/auto/ConstraintMonitor2.xml (RunModel)" time="0.018" />
  <testcase classname="ptolemy.util.test.junit.AutoTests" name="[96] /home/travis/build/icyphy/ptII/ptolemy/actor/lib/test/auto/ConstraintMonitor3.xml (RunModel)" time="0.015" />
  <testcase classname="ptolemy.util.test.junit.AutoTests" name="[97] /home/travis/build/icyphy/ptII/ptolemy/actor/lib/test/auto/ConstraintMonitor4.xml (RunModel)" time="0.011" />
  <testcase classname="ptolemy.util.test.junit.AutoTests" name="[98] /home/travis/build/icyphy/ptII/ptolemy/actor/lib/test/auto/ConstraintMonitor5.xml (RunModel)" time="0.014" />
  <testcase classname="ptolemy.util.test.junit.AutoTests" name="[99] /home/travis/build/icyphy/ptII/ptolemy/actor/lib/test/auto/ConstraintMonitor6.xml (RunModel)" time="0.019" />
  <testcase classname="ptolemy.util.test.junit.AutoTests" name="[100] /home/travis/build/icyphy/ptII/ptolemy/actor/lib/test/auto/ConstraintMonitor7.xml (RunModel)" time="0.019" />
  <testcase classname="ptolemy.util.test.junit.AutoTests" name="[101] /home/travis/build/icyphy/ptII/ptolemy/actor/lib/test/auto/ConstraintMonitor8.xml (RunModel)" time="0.02" />
  <testcase classname="ptolemy.util.test.junit.AutoTests" name="[102] /home/travis/build/icyphy/ptII/ptolemy/actor/lib/test/auto/Counter.xml (RunModel)" time="0.017" />
  <testcase classname="ptolemy.util.test.junit.AutoTests" name="[103] /home/travis/build/icyphy/ptII/ptolemy/actor/lib/test/auto/CurrentTimeSDF.xml (RunModel)" time="0.013" />
  <testcase classname="ptolemy.util.test.junit.AutoTests" name="[104] /home/travis/build/icyphy/ptII/ptolemy/actor/lib/test/auto/DB.xml (RunModel)" time="0.015" />
  <testcase classname="ptolemy.util.test.junit.AutoTests" name="[105] /home/travis/build/icyphy/ptII/ptolemy/actor/lib/test/auto/DBDE.xml (RunModel)" time="0.016" />
  <testcase classname="ptolemy.util.test.junit.AutoTests" name="[106] /home/travis/build/icyphy/ptII/ptolemy/actor/lib/test/auto/DateConstructor.xml (RunModel)" time="0.084" />
  <testcase classname="ptolemy.util.test.junit.AutoTests" name="[107] /home/travis/build/icyphy/ptII/ptolemy/actor/lib/test/auto/DelayTime.xml (RunModel)" time="0.018" />
  <testcase classname="ptolemy.util.test.junit.AutoTests" name="[108] /home/travis/build/icyphy/ptII/ptolemy/actor/lib/test/auto/Dictionary1.xml (RunModel)" time="0.016" />
  <testcase classname="ptolemy.util.test.junit.AutoTests" name="[109] /home/travis/build/icyphy/ptII/ptolemy/actor/lib/test/auto/Dictionary2.xml (RunModel)" time="0.023" />
  <testcase classname="ptolemy.util.test.junit.AutoTests" name="[110] /home/travis/build/icyphy/ptII/ptolemy/actor/lib/test/auto/Dictionary3.xml (RunModel)" time="0.018" />
  <testcase classname="ptolemy.util.test.junit.AutoTests" name="[111] /home/travis/build/icyphy/ptII/ptolemy/actor/lib/test/auto/Dictionary4.xml (RunModel)" time="0.019" />
  <testcase classname="ptolemy.util.test.junit.AutoTests" name="[112] /home/travis/build/icyphy/ptII/ptolemy/actor/lib/test/auto/Differential.xml (RunModel)" time="0.013" />
  <testcase classname="ptolemy.util.test.junit.AutoTests" name="[113] /home/travis/build/icyphy/ptII/ptolemy/actor/lib/test/auto/Director.xml (RunModel)" time="0.011" />
  <testcase classname="ptolemy.util.test.junit.AutoTests" name="[114] /home/travis/build/icyphy/ptII/ptolemy/actor/lib/test/auto/DiscreteClock.xml (RunModel)" time="0.008" />
  <testcase classname="ptolemy.util.test.junit.AutoTests" name="[115] /home/travis/build/icyphy/ptII/ptolemy/actor/lib/test/auto/DiscreteClock10.xml (RunModel)" time="0.017" />
  <testcase classname="ptolemy.util.test.junit.AutoTests" name="[116] /home/travis/build/icyphy/ptII/ptolemy/actor/lib/test/auto/DiscreteClock11.xml (RunModel)" time="0.013" />
  <testcase classname="ptolemy.util.test.junit.AutoTests" name="[117] /home/travis/build/icyphy/ptII/ptolemy/actor/lib/test/auto/DiscreteClock12.xml (RunModel)" time="0.015" />
  <testcase classname="ptolemy.util.test.junit.AutoTests" name="[118] /home/travis/build/icyphy/ptII/ptolemy/actor/lib/test/auto/DiscreteClock13.xml (RunModel)" time="0.016" />
  <testcase classname="ptolemy.util.test.junit.AutoTests" name="[119] /home/travis/build/icyphy/ptII/ptolemy/actor/lib/test/auto/DiscreteClock14.xml (RunModel)" time="0.017" />
  <testcase classname="ptolemy.util.test.junit.AutoTests" name="[120] /home/travis/build/icyphy/ptII/ptolemy/actor/lib/test/auto/DiscreteClock15.xml (RunModel)" time="0.019" />
  <testcase classname="ptolemy.util.test.junit.AutoTests" name="[121] /home/travis/build/icyphy/ptII/ptolemy/actor/lib/test/auto/DiscreteClock16.xml (RunModel)" time="0.052" />
  <testcase classname="ptolemy.util.test.junit.AutoTests" name="[122] /home/travis/build/icyphy/ptII/ptolemy/actor/lib/test/auto/DiscreteClock17.xml (RunModel)" time="0.041" />
  <testcase classname="ptolemy.util.test.junit.AutoTests" name="[123] /home/travis/build/icyphy/ptII/ptolemy/actor/lib/test/auto/DiscreteClock18.xml (RunModel)" time="0.056" />
  <testcase classname="ptolemy.util.test.junit.AutoTests" name="[124] /home/travis/build/icyphy/ptII/ptolemy/actor/lib/test/auto/DiscreteClock19.xml (RunModel)" time="0.067" />
  <testcase classname="ptolemy.util.test.junit.AutoTests" name="[125] /home/travis/build/icyphy/ptII/ptolemy/actor/lib/test/auto/DiscreteClock2.xml (RunModel)" time="0.014" />
  <testcase classname="ptolemy.util.test.junit.AutoTests" name="[126] /home/travis/build/icyphy/ptII/ptolemy/actor/lib/test/auto/DiscreteClock20.xml (RunModel)" time="0.023" />
  <testcase classname="ptolemy.util.test.junit.AutoTests" name="[127] /home/travis/build/icyphy/ptII/ptolemy/actor/lib/test/auto/DiscreteClock21.xml (RunModel)" time="0.018" />
  <testcase classname="ptolemy.util.test.junit.AutoTests" name="[128] /home/travis/build/icyphy/ptII/ptolemy/actor/lib/test/auto/DiscreteClock22.xml (RunModel)" time="0.014" />
  <testcase classname="ptolemy.util.test.junit.AutoTests" name="[129] /home/travis/build/icyphy/ptII/ptolemy/actor/lib/test/auto/DiscreteClock23.xml (RunModel)" time="0.023" />
  <testcase classname="ptolemy.util.test.junit.AutoTests" name="[130] /home/travis/build/icyphy/ptII/ptolemy/actor/lib/test/auto/DiscreteClock24.xml (RunModel)" time="0.019" />
  <testcase classname="ptolemy.util.test.junit.AutoTests" name="[131] /home/travis/build/icyphy/ptII/ptolemy/actor/lib/test/auto/DiscreteClock4.xml (RunModel)" time="0.014" />
  <testcase classname="ptolemy.util.test.junit.AutoTests" name="[132] /home/travis/build/icyphy/ptII/ptolemy/actor/lib/test/auto/DiscreteClock5.xml (RunModel)" time="0.011" />
  <testcase classname="ptolemy.util.test.junit.AutoTests" name="[133] /home/travis/build/icyphy/ptII/ptolemy/actor/lib/test/auto/DiscreteClock6.xml (RunModel)" time="0.012" />
  <testcase classname="ptolemy.util.test.junit.AutoTests" name="[134] /home/travis/build/icyphy/ptII/ptolemy/actor/lib/test/auto/DiscreteClock7.xml (RunModel)" time="0.027" />
  <testcase classname="ptolemy.util.test.junit.AutoTests" name="[135] /home/travis/build/icyphy/ptII/ptolemy/actor/lib/test/auto/DiscreteClock8.xml (RunModel)" time="0.02" />
  <testcase classname="ptolemy.util.test.junit.AutoTests" name="[136] /home/travis/build/icyphy/ptII/ptolemy/actor/lib/test/auto/DiscreteClock9.xml (RunModel)" time="0.015" />
  <testcase classname="ptolemy.util.test.junit.AutoTests" name="[137] /home/travis/build/icyphy/ptII/ptolemy/actor/lib/test/auto/DisplayArray.xml (RunModel)" time="0.01" />
  <testcase classname="ptolemy.util.test.junit.AutoTests" name="[138] /home/travis/build/icyphy/ptII/ptolemy/actor/lib/test/auto/Distributor.xml (RunModel)" time="0.01" />
  <testcase classname="ptolemy.util.test.junit.AutoTests" name="[139] /home/travis/build/icyphy/ptII/ptolemy/actor/lib/test/auto/Distributor2.xml (RunModel)" time="0.013" />
  <testcase classname="ptolemy.util.test.junit.AutoTests" name="[140] /home/travis/build/icyphy/ptII/ptolemy/actor/lib/test/auto/DownSample.xml (RunModel)" time="0.011" />
  <testcase classname="ptolemy.util.test.junit.AutoTests" name="[141] /home/travis/build/icyphy/ptII/ptolemy/actor/lib/test/auto/ElectronicUnitBase1.xml (RunModel)" time="0.061" />
  <testcase classname="ptolemy.util.test.junit.AutoTests" name="[142] /home/travis/build/icyphy/ptII/ptolemy/actor/lib/test/auto/ElementsToArray.xml (RunModel)" time="0.014" />
  <testcase classname="ptolemy.util.test.junit.AutoTests" name="[143] /home/travis/build/icyphy/ptII/ptolemy/actor/lib/test/auto/Equals.xml (RunModel)" time="0.017" />
  <testcase classname="ptolemy.util.test.junit.AutoTests" name="[144] /home/travis/build/icyphy/ptII/ptolemy/actor/lib/test/auto/Exec.xml (RunModel)" time="0.032" />
  <testcase classname="ptolemy.util.test.junit.AutoTests" name="[145] /home/travis/build/icyphy/ptII/ptolemy/actor/lib/test/auto/ExecEnvironment.xml (RunModel)" time="0.043" />
  <testcase classname="ptolemy.util.test.junit.AutoTests" name="[146] /home/travis/build/icyphy/ptII/ptolemy/actor/lib/test/auto/ExecNonZeroReturnOutput.xml (RunModel)" time="0.22" />
  <testcase classname="ptolemy.util.test.junit.AutoTests" name="[147] /home/travis/build/icyphy/ptII/ptolemy/actor/lib/test/auto/ExecRunDemos.xml (RunModel)" time="11.467">
    <error type="java.lang.reflect.InvocationTargetException">java.lang.reflect.InvocationTargetException
	at jdk.internal.reflect.GeneratedConstructorAccessor36.newInstance(Unknown Source)
	at java.base/jdk.internal.reflect.DelegatingConstructorAccessorImpl.newInstance(DelegatingConstructorAccessorImpl.java:45)
	at java.base/java.lang.reflect.Constructor.newInstance(Constructor.java:490)
	at ptolemy.util.test.junit.AutoTests.RunModel(AutoTests.java:193)
	at jdk.internal.reflect.GeneratedMethodAccessor43.invoke(Unknown Source)
	at java.base/jdk.internal.reflect.DelegatingMethodAccessorImpl.invoke(DelegatingMethodAccessorImpl.java:43)
	at junitparams.internal.InvokeParameterisedMethod.evaluate(InvokeParameterisedMethod.java:102)
Caused by: ptolemy.kernel.util.IllegalActionException: Test fails in iteration 0.
Value was: &quot;WARNING: An illegal reflective access operation has occurred\nWARNING: Illegal reflective access by io.netty.util.internal.ReflectionUtil (file:/home/travis/build/icyphy/ptII/lib/netty-common-4.1.19.Final.jar) to constructor java.nio.DirectByteBuffer(long,int)\nWARNING: Please consider reporting this to the maintainers of io.netty.util.internal.ReflectionUtil\nWARNING: Use --illegal-access=warn to enable warnings of further illegal reflective access operations\nWARNING: All illegal access operations will be denied in a future release\n&quot;. Should have been: &quot;&quot;
  in .ExecRunDemos.Test
	at ptolemy.actor.lib.Test.fire(Test.java:268)
	at ptolemy.actor.AtomicActor.iterate(AtomicActor.java:512)
	at ptolemy.actor.sched.StaticSchedulingDirector.fire(StaticSchedulingDirector.java:216)
	at ptolemy.domains.sdf.kernel.SDFDirector.fire(SDFDirector.java:500)
	at ptolemy.actor.CompositeActor.fire(CompositeActor.java:455)
	at ptolemy.actor.Manager.iterate(Manager.java:851)
	at ptolemy.actor.Manager.execute(Manager.java:369)
	at ptolemy.actor.Manager.run(Manager.java:1263)
	at ptolemy.actor.Manager$PtolemyRunThread.run(Manager.java:1915)
</error>
  </testcase>
  <testcase classname="ptolemy.util.test.junit.AutoTests" name="[148] /home/travis/build/icyphy/ptII/ptolemy/actor/lib/test/auto/ExecStop.xml (RunModel)" time="5.041" />
  <testcase classname="ptolemy.util.test.junit.AutoTests" name="[149] /home/travis/build/icyphy/ptII/ptolemy/actor/lib/test/auto/ExecutionTimeSDF.xml (RunModel)" time="6.029" />
  <testcase classname="ptolemy.util.test.junit.AutoTests" name="[150] /home/travis/build/icyphy/ptII/ptolemy/actor/lib/test/auto/Expression1.xml (RunModel)" time="0.009" />
  <testcase classname="ptolemy.util.test.junit.AutoTests" name="[151] /home/travis/build/icyphy/ptII/ptolemy/actor/lib/test/auto/Expression10.xml (RunModel)" time="0.016" />
  <testcase classname="ptolemy.util.test.junit.AutoTests" name="[152] /home/travis/build/icyphy/ptII/ptolemy/actor/lib/test/auto/Expression11.xml (RunModel)" time="0.012" />
  <testcase classname="ptolemy.util.test.junit.AutoTests" name="[153] /home/travis/build/icyphy/ptII/ptolemy/actor/lib/test/auto/Expression12.xml (RunModel)" time="0.016" />
  <testcase classname="ptolemy.util.test.junit.AutoTests" name="[154] /home/travis/build/icyphy/ptII/ptolemy/actor/lib/test/auto/Expression13.xml (RunModel)" time="0.013" />
  <testcase classname="ptolemy.util.test.junit.AutoTests" name="[155] /home/travis/build/icyphy/ptII/ptolemy/actor/lib/test/auto/Expression14.xml (RunModel)" time="0.018" />
  <testcase classname="ptolemy.util.test.junit.AutoTests" name="[156] /home/travis/build/icyphy/ptII/ptolemy/actor/lib/test/auto/Expression15.xml (RunModel)" time="0.009" />
  <testcase classname="ptolemy.util.test.junit.AutoTests" name="[157] /home/travis/build/icyphy/ptII/ptolemy/actor/lib/test/auto/Expression16.xml (RunModel)" time="0.013" />
  <testcase classname="ptolemy.util.test.junit.AutoTests" name="[158] /home/travis/build/icyphy/ptII/ptolemy/actor/lib/test/auto/Expression17.xml (RunModel)" time="0.011" />
  <testcase classname="ptolemy.util.test.junit.AutoTests" name="[159] /home/travis/build/icyphy/ptII/ptolemy/actor/lib/test/auto/Expression18.xml (RunModel)" time="0.013" />
  <testcase classname="ptolemy.util.test.junit.AutoTests" name="[160] /home/travis/build/icyphy/ptII/ptolemy/actor/lib/test/auto/Expression2.xml (RunModel)" time="0.015" />
  <testcase classname="ptolemy.util.test.junit.AutoTests" name="[161] /home/travis/build/icyphy/ptII/ptolemy/actor/lib/test/auto/Expression3.xml (RunModel)" time="0.016" />
  <testcase classname="ptolemy.util.test.junit.AutoTests" name="[162] /home/travis/build/icyphy/ptII/ptolemy/actor/lib/test/auto/Expression4.xml (RunModel)" time="0.022" />
  <testcase classname="ptolemy.util.test.junit.AutoTests" name="[163] /home/travis/build/icyphy/ptII/ptolemy/actor/lib/test/auto/Expression5.xml (RunModel)" time="0.015" />
  <testcase classname="ptolemy.util.test.junit.AutoTests" name="[164] /home/travis/build/icyphy/ptII/ptolemy/actor/lib/test/auto/Expression6.xml (RunModel)" time="0.012" />
  <testcase classname="ptolemy.util.test.junit.AutoTests" name="[165] /home/travis/build/icyphy/ptII/ptolemy/actor/lib/test/auto/Expression7.xml (RunModel)" time="0.031" />
  <testcase classname="ptolemy.util.test.junit.AutoTests" name="[166] /home/travis/build/icyphy/ptII/ptolemy/actor/lib/test/auto/Expression8.xml (RunModel)" time="0.02" />
  <testcase classname="ptolemy.util.test.junit.AutoTests" name="[167] /home/travis/build/icyphy/ptII/ptolemy/actor/lib/test/auto/Expression9.xml (RunModel)" time="0.008" />
  <testcase classname="ptolemy.util.test.junit.AutoTests" name="[168] /home/travis/build/icyphy/ptII/ptolemy/actor/lib/test/auto/ExpressionConcatenateArrayType.xml (RunModel)" time="0.023" />
  <testcase classname="ptolemy.util.test.junit.AutoTests" name="[169] /home/travis/build/icyphy/ptII/ptolemy/actor/lib/test/auto/ExpressionConcatenateArrayType2.xml (RunModel)" time="0.018" />
  <testcase classname="ptolemy.util.test.junit.AutoTests" name="[170] /home/travis/build/icyphy/ptII/ptolemy/actor/lib/test/auto/ExpressionFix.xml (RunModel)" time="0.053" />
  <testcase classname="ptolemy.util.test.junit.AutoTests" name="[171] /home/travis/build/icyphy/ptII/ptolemy/actor/lib/test/auto/ExpressionFix2.xml (RunModel)" time="0.014" />
  <testcase classname="ptolemy.util.test.junit.AutoTests" name="[172] /home/travis/build/icyphy/ptII/ptolemy/actor/lib/test/auto/ExpressionFix3.xml (RunModel)" time="0.013" />
  <testcase classname="ptolemy.util.test.junit.AutoTests" name="[173] /home/travis/build/icyphy/ptII/ptolemy/actor/lib/test/auto/FileWriter1.xml (RunModel)" time="0.009" />
  <testcase classname="ptolemy.util.test.junit.AutoTests" name="[174] /home/travis/build/icyphy/ptII/ptolemy/actor/lib/test/auto/FileWriter2.xml (RunModel)" time="0.015" />
  <testcase classname="ptolemy.util.test.junit.AutoTests" name="[175] /home/travis/build/icyphy/ptII/ptolemy/actor/lib/test/auto/FileWriter3.xml (RunModel)" time="0.012" />
  <testcase classname="ptolemy.util.test.junit.AutoTests" name="[176] /home/travis/build/icyphy/ptII/ptolemy/actor/lib/test/auto/Gaussian.xml (RunModel)" time="0.016" />
  <testcase classname="ptolemy.util.test.junit.AutoTests" name="[177] /home/travis/build/icyphy/ptII/ptolemy/actor/lib/test/auto/Gaussian1.xml (RunModel)" time="0.014" />
  <testcase classname="ptolemy.util.test.junit.AutoTests" name="[178] /home/travis/build/icyphy/ptII/ptolemy/actor/lib/test/auto/Gaussian2.xml (RunModel)" time="0.021" />
  <testcase classname="ptolemy.util.test.junit.AutoTests" name="[179] /home/travis/build/icyphy/ptII/ptolemy/actor/lib/test/auto/GradientAdaptiveLattice.xml (RunModel)" time="0.029" />
  <testcase classname="ptolemy.util.test.junit.AutoTests" name="[180] /home/travis/build/icyphy/ptII/ptolemy/actor/lib/test/auto/IIR.xml (RunModel)" time="0.013" />
  <testcase classname="ptolemy.util.test.junit.AutoTests" name="[181] /home/travis/build/icyphy/ptII/ptolemy/actor/lib/test/auto/InputOutputTransparentPorts.xml (RunModel)" time="0.022" />
  <testcase classname="ptolemy.util.test.junit.AutoTests" name="[182] /home/travis/build/icyphy/ptII/ptolemy/actor/lib/test/auto/Interpolator.xml (RunModel)" time="0.017" />
  <testcase classname="ptolemy.util.test.junit.AutoTests" name="[183] /home/travis/build/icyphy/ptII/ptolemy/actor/lib/test/auto/InterpolatorFiringLimitDE.xml (RunModel)" time="0.015" />
  <testcase classname="ptolemy.util.test.junit.AutoTests" name="[184] /home/travis/build/icyphy/ptII/ptolemy/actor/lib/test/auto/Lattice.xml (RunModel)" time="0.011" />
  <testcase classname="ptolemy.util.test.junit.AutoTests" name="[185] /home/travis/build/icyphy/ptII/ptolemy/actor/lib/test/auto/LazyAOCTestLazy.xml (RunModel)" time="0.035" />
  <testcase classname="ptolemy.util.test.junit.AutoTests" name="[186] /home/travis/build/icyphy/ptII/ptolemy/actor/lib/test/auto/LazyAOCTestNonLazy.xml (RunModel)" time="0.053" />
  <testcase classname="ptolemy.util.test.junit.AutoTests" name="[187] /home/travis/build/icyphy/ptII/ptolemy/actor/lib/test/auto/LazyInnerClass.xml (RunModel)" time="0.058" />
  <testcase classname="ptolemy.util.test.junit.AutoTests" name="[188] /home/travis/build/icyphy/ptII/ptolemy/actor/lib/test/auto/LazyPubSub.xml (RunModel)" time="0.07" />
  <testcase classname="ptolemy.util.test.junit.AutoTests" name="[189] /home/travis/build/icyphy/ptII/ptolemy/actor/lib/test/auto/LazyPubSub2.xml (RunModel)" time="0.049" />
  <testcase classname="ptolemy.util.test.junit.AutoTests" name="[190] /home/travis/build/icyphy/ptII/ptolemy/actor/lib/test/auto/LazyPubSub3.xml (RunModel)" time="0.028" />
  <testcase classname="ptolemy.util.test.junit.AutoTests" name="[191] /home/travis/build/icyphy/ptII/ptolemy/actor/lib/test/auto/LazySubClassModel.xml (RunModel)" time="0.026" />
  <testcase classname="ptolemy.util.test.junit.AutoTests" name="[192] /home/travis/build/icyphy/ptII/ptolemy/actor/lib/test/auto/LevelCrossTest1.xml (RunModel)" time="0.011" />
  <testcase classname="ptolemy.util.test.junit.AutoTests" name="[193] /home/travis/build/icyphy/ptII/ptolemy/actor/lib/test/auto/LevelCrossTest10.xml (RunModel)" time="0.018" />
  <testcase classname="ptolemy.util.test.junit.AutoTests" name="[194] /home/travis/build/icyphy/ptII/ptolemy/actor/lib/test/auto/LevelCrossTest11.xml (RunModel)" time="0.022" />
  <testcase classname="ptolemy.util.test.junit.AutoTests" name="[195] /home/travis/build/icyphy/ptII/ptolemy/actor/lib/test/auto/LevelCrossTest12.xml (RunModel)" time="0.021" />
  <testcase classname="ptolemy.util.test.junit.AutoTests" name="[196] /home/travis/build/icyphy/ptII/ptolemy/actor/lib/test/auto/LevelCrossTest13.xml (RunModel)" time="0.015" />
  <testcase classname="ptolemy.util.test.junit.AutoTests" name="[197] /home/travis/build/icyphy/ptII/ptolemy/actor/lib/test/auto/LevelCrossTest2.xml (RunModel)" time="0.013" />
  <testcase classname="ptolemy.util.test.junit.AutoTests" name="[198] /home/travis/build/icyphy/ptII/ptolemy/actor/lib/test/auto/LevelCrossTest3.xml (RunModel)" time="0.015" />
  <testcase classname="ptolemy.util.test.junit.AutoTests" name="[199] /home/travis/build/icyphy/ptII/ptolemy/actor/lib/test/auto/LevelCrossTest4.xml (RunModel)" time="0.012" />
  <testcase classname="ptolemy.util.test.junit.AutoTests" name="[200] /home/travis/build/icyphy/ptII/ptolemy/actor/lib/test/auto/LevelCrossTest5.xml (RunModel)" time="0.014" />
  <testcase classname="ptolemy.util.test.junit.AutoTests" name="[201] /home/travis/build/icyphy/ptII/ptolemy/actor/lib/test/auto/LevelCrossTest6.xml (RunModel)" time="0.014" />
  <testcase classname="ptolemy.util.test.junit.AutoTests" name="[202] /home/travis/build/icyphy/ptII/ptolemy/actor/lib/test/auto/LevelCrossTest7.xml (RunModel)" time="0.03" />
  <testcase classname="ptolemy.util.test.junit.AutoTests" name="[203] /home/travis/build/icyphy/ptII/ptolemy/actor/lib/test/auto/LevelCrossTest8.xml (RunModel)" time="0.032" />
  <testcase classname="ptolemy.util.test.junit.AutoTests" name="[204] /home/travis/build/icyphy/ptII/ptolemy/actor/lib/test/auto/LevelCrossTest9.xml (RunModel)" time="0.019" />
  <testcase classname="ptolemy.util.test.junit.AutoTests" name="[205] /home/travis/build/icyphy/ptII/ptolemy/actor/lib/test/auto/LevinsonDurbin.xml (RunModel)" time="0.011" />
  <testcase classname="ptolemy.util.test.junit.AutoTests" name="[206] /home/travis/build/icyphy/ptII/ptolemy/actor/lib/test/auto/LevinsonDurbin2.xml (RunModel)" time="0.01" />
  <testcase classname="ptolemy.util.test.junit.AutoTests" name="[207] /home/travis/build/icyphy/ptII/ptolemy/actor/lib/test/auto/LevinsonDurbin3.xml (RunModel)" time="0.014" />
  <testcase classname="ptolemy.util.test.junit.AutoTests" name="[208] /home/travis/build/icyphy/ptII/ptolemy/actor/lib/test/auto/Limiter.xml (RunModel)" time="0.046" />
  <testcase classname="ptolemy.util.test.junit.AutoTests" name="[209] /home/travis/build/icyphy/ptII/ptolemy/actor/lib/test/auto/LinearDifferenceEquationSystem.xml (RunModel)" time="0.024" />
  <testcase classname="ptolemy.util.test.junit.AutoTests" name="[210] /home/travis/build/icyphy/ptII/ptolemy/actor/lib/test/auto/LookupTable.xml (RunModel)" time="0.011" />
  <testcase classname="ptolemy.util.test.junit.AutoTests" name="[211] /home/travis/build/icyphy/ptII/ptolemy/actor/lib/test/auto/MathFunction.xml (RunModel)" time="0.022" />
  <testcase classname="ptolemy.util.test.junit.AutoTests" name="[212] /home/travis/build/icyphy/ptII/ptolemy/actor/lib/test/auto/MathFunction2.xml (RunModel)" time="0.012" />
  <testcase classname="ptolemy.util.test.junit.AutoTests" name="[213] /home/travis/build/icyphy/ptII/ptolemy/actor/lib/test/auto/MathFunction3.xml (RunModel)" time="0.023" />
  <testcase classname="ptolemy.util.test.junit.AutoTests" name="[214] /home/travis/build/icyphy/ptII/ptolemy/actor/lib/test/auto/MatrixCropBoolean.xml (RunModel)" time="0.021" />
  <testcase classname="ptolemy.util.test.junit.AutoTests" name="[215] /home/travis/build/icyphy/ptII/ptolemy/actor/lib/test/auto/MatrixCropComplex.xml (RunModel)" time="0.018" />
  <testcase classname="ptolemy.util.test.junit.AutoTests" name="[216] /home/travis/build/icyphy/ptII/ptolemy/actor/lib/test/auto/MatrixCropDouble.xml (RunModel)" time="0.029" />
  <testcase classname="ptolemy.util.test.junit.AutoTests" name="[217] /home/travis/build/icyphy/ptII/ptolemy/actor/lib/test/auto/MatrixCropFix.xml (RunModel)" time="0.015" />
  <testcase classname="ptolemy.util.test.junit.AutoTests" name="[218] /home/travis/build/icyphy/ptII/ptolemy/actor/lib/test/auto/MatrixCropInt.xml (RunModel)" time="0.011" />
  <testcase classname="ptolemy.util.test.junit.AutoTests" name="[219] /home/travis/build/icyphy/ptII/ptolemy/actor/lib/test/auto/MatrixCropLong.xml (RunModel)" time="0.013" />
  <testcase classname="ptolemy.util.test.junit.AutoTests" name="[220] /home/travis/build/icyphy/ptII/ptolemy/actor/lib/test/auto/MatrixToArray.xml (RunModel)" time="0.059" />
  <testcase classname="ptolemy.util.test.junit.AutoTests" name="[221] /home/travis/build/icyphy/ptII/ptolemy/actor/lib/test/auto/MaxIndex.xml (RunModel)" time="0.016" />
  <testcase classname="ptolemy.util.test.junit.AutoTests" name="[222] /home/travis/build/icyphy/ptII/ptolemy/actor/lib/test/auto/Maximum.xml (RunModel)" time="0.013" />
  <testcase classname="ptolemy.util.test.junit.AutoTests" name="[223] /home/travis/build/icyphy/ptII/ptolemy/actor/lib/test/auto/MaximumComplex.xml (RunModel)" time="0.015" />
  <testcase classname="ptolemy.util.test.junit.AutoTests" name="[224] /home/travis/build/icyphy/ptII/ptolemy/actor/lib/test/auto/MethodCallTest.xml (RunModel)" time="0.022" />
  <testcase classname="ptolemy.util.test.junit.AutoTests" name="[225] /home/travis/build/icyphy/ptII/ptolemy/actor/lib/test/auto/Minimum.xml (RunModel)" time="0.013" />
  <testcase classname="ptolemy.util.test.junit.AutoTests" name="[226] /home/travis/build/icyphy/ptII/ptolemy/actor/lib/test/auto/MinimumComplex.xml (RunModel)" time="0.025" />
  <testcase classname="ptolemy.util.test.junit.AutoTests" name="[227] /home/travis/build/icyphy/ptII/ptolemy/actor/lib/test/auto/MinimumMultiports.xml (RunModel)" time="0.023" />
  <testcase classname="ptolemy.util.test.junit.AutoTests" name="[228] /home/travis/build/icyphy/ptII/ptolemy/actor/lib/test/auto/ModifyDate.xml (RunModel)" time="0.042" />
  <testcase classname="ptolemy.util.test.junit.AutoTests" name="[229] /home/travis/build/icyphy/ptII/ptolemy/actor/lib/test/auto/ModifyDate2.xml (RunModel)" time="0.029" />
  <testcase classname="ptolemy.util.test.junit.AutoTests" name="[230] /home/travis/build/icyphy/ptII/ptolemy/actor/lib/test/auto/MovingAverage.xml (RunModel)" time="0.023" />
  <testcase classname="ptolemy.util.test.junit.AutoTests" name="[231] /home/travis/build/icyphy/ptII/ptolemy/actor/lib/test/auto/MovingMaximum.xml (RunModel)" time="0.022" />
  <testcase classname="ptolemy.util.test.junit.AutoTests" name="[232] /home/travis/build/icyphy/ptII/ptolemy/actor/lib/test/auto/MultipleLinksToSameRelation.xml (RunModel)" time="0.009" />
  <testcase classname="ptolemy.util.test.junit.AutoTests" name="[233] /home/travis/build/icyphy/ptII/ptolemy/actor/lib/test/auto/MultipleLinksToSameRelationDE.xml (RunModel)" time="0.011" />
  <testcase classname="ptolemy.util.test.junit.AutoTests" name="[234] /home/travis/build/icyphy/ptII/ptolemy/actor/lib/test/auto/Multiplexor.xml (RunModel)" time="0.012" />
  <testcase classname="ptolemy.util.test.junit.AutoTests" name="[235] /home/travis/build/icyphy/ptII/ptolemy/actor/lib/test/auto/Multiplexor1.xml (RunModel)" time="0.011" />
  <testcase classname="ptolemy.util.test.junit.AutoTests" name="[236] /home/travis/build/icyphy/ptII/ptolemy/actor/lib/test/auto/Multiplexor2.xml (RunModel)" time="0.013" />
  <testcase classname="ptolemy.util.test.junit.AutoTests" name="[237] /home/travis/build/icyphy/ptII/ptolemy/actor/lib/test/auto/Multiplexor3.xml (RunModel)" time="0.01" />
  <testcase classname="ptolemy.util.test.junit.AutoTests" name="[238] /home/travis/build/icyphy/ptII/ptolemy/actor/lib/test/auto/MultiplexorDE.xml (RunModel)" time="0.017" />
  <testcase classname="ptolemy.util.test.junit.AutoTests" name="[239] /home/travis/build/icyphy/ptII/ptolemy/actor/lib/test/auto/MultiportBroadcastTest.xml (RunModel)" time="0.1" />
  <testcase classname="ptolemy.util.test.junit.AutoTests" name="[240] /home/travis/build/icyphy/ptII/ptolemy/actor/lib/test/auto/MultiportOutHangDuringGetWidth.xml (RunModel)" time="0.044" />
  <testcase classname="ptolemy.util.test.junit.AutoTests" name="[241] /home/travis/build/icyphy/ptII/ptolemy/actor/lib/test/auto/NilToken.xml (RunModel)" time="0.008" />
  <testcase classname="ptolemy.util.test.junit.AutoTests" name="[242] /home/travis/build/icyphy/ptII/ptolemy/actor/lib/test/auto/NilTokenNonStrictTest.xml (RunModel)" time="0.013" />
  <testcase classname="ptolemy.util.test.junit.AutoTests" name="[243] /home/travis/build/icyphy/ptII/ptolemy/actor/lib/test/auto/NilTokenRecord.xml (RunModel)" time="0.024" />
  <testcase classname="ptolemy.util.test.junit.AutoTests" name="[244] /home/travis/build/icyphy/ptII/ptolemy/actor/lib/test/auto/NilTokenTypeTest.xml (RunModel)" time="0.034" />
  <testcase classname="ptolemy.util.test.junit.AutoTests" name="[245] /home/travis/build/icyphy/ptII/ptolemy/actor/lib/test/auto/ObjectToken1.xml (RunModel)" time="0.013" />
  <testcase classname="ptolemy.util.test.junit.AutoTests" name="[246] /home/travis/build/icyphy/ptII/ptolemy/actor/lib/test/auto/OrderedMerge.xml (RunModel)" time="0.019" />
  <testcase classname="ptolemy.util.test.junit.AutoTests" name="[247] /home/travis/build/icyphy/ptII/ptolemy/actor/lib/test/auto/OrderedRecordDisassembler.xml (RunModel)" time="0.019" />
  <testcase classname="ptolemy.util.test.junit.AutoTests" name="[248] /home/travis/build/icyphy/ptII/ptolemy/actor/lib/test/auto/OrderedRecordDisassembler2.xml (RunModel)" time="0.019" />
  <testcase classname="ptolemy.util.test.junit.AutoTests" name="[249] /home/travis/build/icyphy/ptII/ptolemy/actor/lib/test/auto/OrderedRecordUpdater.xml (RunModel)" time="0.011" />
  <testcase classname="ptolemy.util.test.junit.AutoTests" name="[250] /home/travis/build/icyphy/ptII/ptolemy/actor/lib/test/auto/OrderedRecordUpdater2.xml (RunModel)" time="0.022" />
  <testcase classname="ptolemy.util.test.junit.AutoTests" name="[251] /home/travis/build/icyphy/ptII/ptolemy/actor/lib/test/auto/PhaseUnwrap.xml (RunModel)" time="0.014" />
  <testcase classname="ptolemy.util.test.junit.AutoTests" name="[252] /home/travis/build/icyphy/ptII/ptolemy/actor/lib/test/auto/PoissonClock.xml (RunModel)" time="0.012" />
  <testcase classname="ptolemy.util.test.junit.AutoTests" name="[253] /home/travis/build/icyphy/ptII/ptolemy/actor/lib/test/auto/PoissonClock2.xml (RunModel)" time="0.012" />
  <testcase classname="ptolemy.util.test.junit.AutoTests" name="[254] /home/travis/build/icyphy/ptII/ptolemy/actor/lib/test/auto/PoissonClock3.xml (RunModel)" time="0.026" />
  <testcase classname="ptolemy.util.test.junit.AutoTests" name="[255] /home/travis/build/icyphy/ptII/ptolemy/actor/lib/test/auto/PubSubWithInitialTokens.xml (RunModel)" time="0.012" />
  <testcase classname="ptolemy.util.test.junit.AutoTests" name="[256] /home/travis/build/icyphy/ptII/ptolemy/actor/lib/test/auto/PubSubWithInitialTokens2.xml (RunModel)" time="0.015" />
  <testcase classname="ptolemy.util.test.junit.AutoTests" name="[257] /home/travis/build/icyphy/ptII/ptolemy/actor/lib/test/auto/PublisherClassNoParameter.xml (RunModel)" time="0.032" />
  <testcase classname="ptolemy.util.test.junit.AutoTests" name="[258] /home/travis/build/icyphy/ptII/ptolemy/actor/lib/test/auto/PublisherClassParameter.xml (RunModel)" time="0.025" />
  <testcase classname="ptolemy.util.test.junit.AutoTests" name="[259] /home/travis/build/icyphy/ptII/ptolemy/actor/lib/test/auto/PublisherNonStrictTest.xml (RunModel)" time="0.016" />
  <testcase classname="ptolemy.util.test.junit.AutoTests" name="[260] /home/travis/build/icyphy/ptII/ptolemy/actor/lib/test/auto/PublisherPort1.xml (RunModel)" time="0.022" />
  <testcase classname="ptolemy.util.test.junit.AutoTests" name="[261] /home/travis/build/icyphy/ptII/ptolemy/actor/lib/test/auto/PublisherPort2.xml (RunModel)" time="0.017" />
  <testcase classname="ptolemy.util.test.junit.AutoTests" name="[262] /home/travis/build/icyphy/ptII/ptolemy/actor/lib/test/auto/PublisherPort3.xml (RunModel)" time="0.013" />
  <testcase classname="ptolemy.util.test.junit.AutoTests" name="[263] /home/travis/build/icyphy/ptII/ptolemy/actor/lib/test/auto/PublisherPort4.xml (RunModel)" time="0.014" />
  <testcase classname="ptolemy.util.test.junit.AutoTests" name="[264] /home/travis/build/icyphy/ptII/ptolemy/actor/lib/test/auto/PublisherPort5.xml (RunModel)" time="0.03" />
  <testcase classname="ptolemy.util.test.junit.AutoTests" name="[265] /home/travis/build/icyphy/ptII/ptolemy/actor/lib/test/auto/PublisherPort5LookAlike.xml (RunModel)" time="0.023" />
  <testcase classname="ptolemy.util.test.junit.AutoTests" name="[266] /home/travis/build/icyphy/ptII/ptolemy/actor/lib/test/auto/PublisherPort6.xml (RunModel)" time="0.013" />
  <testcase classname="ptolemy.util.test.junit.AutoTests" name="[267] /home/travis/build/icyphy/ptII/ptolemy/actor/lib/test/auto/PublisherPort7.xml (RunModel)" time="0.015" />
  <testcase classname="ptolemy.util.test.junit.AutoTests" name="[268] /home/travis/build/icyphy/ptII/ptolemy/actor/lib/test/auto/PublisherPort8.xml (RunModel)" time="0.016" />
  <testcase classname="ptolemy.util.test.junit.AutoTests" name="[269] /home/travis/build/icyphy/ptII/ptolemy/actor/lib/test/auto/PublisherPortSubscriberChannelVariablesAOC2.xml (RunModel)" time="0.042" />
  <testcase classname="ptolemy.util.test.junit.AutoTests" name="[270] /home/travis/build/icyphy/ptII/ptolemy/actor/lib/test/auto/PublisherPortSubscriberOpaqueWidthInference.xml (RunModel)" time="0.015" />
  <testcase classname="ptolemy.util.test.junit.AutoTests" name="[271] /home/travis/build/icyphy/ptII/ptolemy/actor/lib/test/auto/PublisherPortSubscriberPortAdjacent.xml (RunModel)" time="0.019" />
  <testcase classname="ptolemy.util.test.junit.AutoTests" name="[272] /home/travis/build/icyphy/ptII/ptolemy/actor/lib/test/auto/PublisherPortSubscriberPortExpression.xml (RunModel)" time="0.029" />
  <testcase classname="ptolemy.util.test.junit.AutoTests" name="[273] /home/travis/build/icyphy/ptII/ptolemy/actor/lib/test/auto/PublisherPortSubscriberPortOpaqueD3Reverse.xml (RunModel)" time="0.027" />
  <testcase classname="ptolemy.util.test.junit.AutoTests" name="[274] /home/travis/build/icyphy/ptII/ptolemy/actor/lib/test/auto/PublisherPortSubscriberPortOpaqueWidthInference.xml (RunModel)" time="0.02" />
  <testcase classname="ptolemy.util.test.junit.AutoTests" name="[275] /home/travis/build/icyphy/ptII/ptolemy/actor/lib/test/auto/PublisherPortToplevelSubscriberPortAOC.xml (RunModel)" time="0.013" />
  <testcase classname="ptolemy.util.test.junit.AutoTests" name="[276] /home/travis/build/icyphy/ptII/ptolemy/actor/lib/test/auto/PublisherSubscriber.xml (RunModel)" time="0.014" />
  <testcase classname="ptolemy.util.test.junit.AutoTests" name="[277] /home/travis/build/icyphy/ptII/ptolemy/actor/lib/test/auto/PublisherSubscriber10.xml (RunModel)" time="0.021" />
  <testcase classname="ptolemy.util.test.junit.AutoTests" name="[278] /home/travis/build/icyphy/ptII/ptolemy/actor/lib/test/auto/PublisherSubscriber10InitialOutputs.xml (RunModel)" time="0.03" />
  <testcase classname="ptolemy.util.test.junit.AutoTests" name="[279] /home/travis/build/icyphy/ptII/ptolemy/actor/lib/test/auto/PublisherSubscriber11.xml (RunModel)" time="0.021" />
  <testcase classname="ptolemy.util.test.junit.AutoTests" name="[280] /home/travis/build/icyphy/ptII/ptolemy/actor/lib/test/auto/PublisherSubscriber12.xml (RunModel)" time="0.015" />
  <testcase classname="ptolemy.util.test.junit.AutoTests" name="[281] /home/travis/build/icyphy/ptII/ptolemy/actor/lib/test/auto/PublisherSubscriber13.xml (RunModel)" time="0.01" />
  <testcase classname="ptolemy.util.test.junit.AutoTests" name="[282] /home/travis/build/icyphy/ptII/ptolemy/actor/lib/test/auto/PublisherSubscriber14.xml (RunModel)" time="0.032" />
  <testcase classname="ptolemy.util.test.junit.AutoTests" name="[283] /home/travis/build/icyphy/ptII/ptolemy/actor/lib/test/auto/PublisherSubscriber2.xml (RunModel)" time="0.012" />
  <testcase classname="ptolemy.util.test.junit.AutoTests" name="[284] /home/travis/build/icyphy/ptII/ptolemy/actor/lib/test/auto/PublisherSubscriber3.xml (RunModel)" time="0.01" />
  <testcase classname="ptolemy.util.test.junit.AutoTests" name="[285] /home/travis/build/icyphy/ptII/ptolemy/actor/lib/test/auto/PublisherSubscriber4.xml (RunModel)" time="0.009" />
  <testcase classname="ptolemy.util.test.junit.AutoTests" name="[286] /home/travis/build/icyphy/ptII/ptolemy/actor/lib/test/auto/PublisherSubscriber5.xml (RunModel)" time="0.012" />
  <testcase classname="ptolemy.util.test.junit.AutoTests" name="[287] /home/travis/build/icyphy/ptII/ptolemy/actor/lib/test/auto/PublisherSubscriber6.xml (RunModel)" time="0.019" />
  <testcase classname="ptolemy.util.test.junit.AutoTests" name="[288] /home/travis/build/icyphy/ptII/ptolemy/actor/lib/test/auto/PublisherSubscriber7.xml (RunModel)" time="0.02" />
  <testcase classname="ptolemy.util.test.junit.AutoTests" name="[289] /home/travis/build/icyphy/ptII/ptolemy/actor/lib/test/auto/PublisherSubscriber8.xml (RunModel)" time="0.029" />
  <testcase classname="ptolemy.util.test.junit.AutoTests" name="[290] /home/travis/build/icyphy/ptII/ptolemy/actor/lib/test/auto/PublisherSubscriber9.xml (RunModel)" time="0.019" />
  <testcase classname="ptolemy.util.test.junit.AutoTests" name="[291] /home/travis/build/icyphy/ptII/ptolemy/actor/lib/test/auto/PublisherSubscriberAdjacent.xml (RunModel)" time="0.018" />
  <testcase classname="ptolemy.util.test.junit.AutoTests" name="[292] /home/travis/build/icyphy/ptII/ptolemy/actor/lib/test/auto/PublisherSubscriberChannelVariablesAOC2.xml (RunModel)" time="0.028" />
  <testcase classname="ptolemy.util.test.junit.AutoTests" name="[293] /home/travis/build/icyphy/ptII/ptolemy/actor/lib/test/auto/PublisherSubscriberD3.xml (RunModel)" time="0.014" />
  <testcase classname="ptolemy.util.test.junit.AutoTests" name="[294] /home/travis/build/icyphy/ptII/ptolemy/actor/lib/test/auto/PublisherSubscriberD3Reverse.xml (RunModel)" time="0.019" />
  <testcase classname="ptolemy.util.test.junit.AutoTests" name="[295] /home/travis/build/icyphy/ptII/ptolemy/actor/lib/test/auto/PublisherSubscriberExpression.xml (RunModel)" time="0.02" />
  <testcase classname="ptolemy.util.test.junit.AutoTests" name="[296] /home/travis/build/icyphy/ptII/ptolemy/actor/lib/test/auto/PublisherSubscriberOpaque.xml (RunModel)" time="0.016" />
  <testcase classname="ptolemy.util.test.junit.AutoTests" name="[297] /home/travis/build/icyphy/ptII/ptolemy/actor/lib/test/auto/PublisherSubscriberOpaqueD3.xml (RunModel)" time="0.024" />
  <testcase classname="ptolemy.util.test.junit.AutoTests" name="[298] /home/travis/build/icyphy/ptII/ptolemy/actor/lib/test/auto/PublisherSubscriberOpaqueD3Reverse.xml (RunModel)" time="0.024" />
  <testcase classname="ptolemy.util.test.junit.AutoTests" name="[299] /home/travis/build/icyphy/ptII/ptolemy/actor/lib/test/auto/PublisherSubscriberOpaqueWidthInference.xml (RunModel)" time="0.017" />
  <testcase classname="ptolemy.util.test.junit.AutoTests" name="[300] /home/travis/build/icyphy/ptII/ptolemy/actor/lib/test/auto/PublisherTestSubscriber.xml (RunModel)" time="0.019" />
  <testcase classname="ptolemy.util.test.junit.AutoTests" name="[301] /home/travis/build/icyphy/ptII/ptolemy/actor/lib/test/auto/PublisherToplevelSubscriberPortAOC.xml (RunModel)" time="0.012" />
  <testcase classname="ptolemy.util.test.junit.AutoTests" name="[302] /home/travis/build/icyphy/ptII/ptolemy/actor/lib/test/auto/PulseFiringLimitDE.xml (RunModel)" time="0.035" />
  <testcase classname="ptolemy.util.test.junit.AutoTests" name="[303] /home/travis/build/icyphy/ptII/ptolemy/actor/lib/test/auto/Ramp1.xml (RunModel)" time="0.007" />
  <testcase classname="ptolemy.util.test.junit.AutoTests" name="[304] /home/travis/build/icyphy/ptII/ptolemy/actor/lib/test/auto/RampFiringLimitDE.xml (RunModel)" time="0.012" />
  <testcase classname="ptolemy.util.test.junit.AutoTests" name="[305] /home/travis/build/icyphy/ptII/ptolemy/actor/lib/test/auto/RampFiringLimitSDF.xml (RunModel)" time="0.01" />
  <testcase classname="ptolemy.util.test.junit.AutoTests" name="[306] /home/travis/build/icyphy/ptII/ptolemy/actor/lib/test/auto/RandomInteger.xml (RunModel)" time="0.01" />
  <testcase classname="ptolemy.util.test.junit.AutoTests" name="[307] /home/travis/build/icyphy/ptII/ptolemy/actor/lib/test/auto/ReadFile1.xml (RunModel)" time="0.008" />
  <testcase classname="ptolemy.util.test.junit.AutoTests" name="[308] /home/travis/build/icyphy/ptII/ptolemy/actor/lib/test/auto/ReadFile2.xml (RunModel)" time="0.008" />
  <testcase classname="ptolemy.util.test.junit.AutoTests" name="[309] /home/travis/build/icyphy/ptII/ptolemy/actor/lib/test/auto/Reader.xml (RunModel)" time="0.011" />
  <testcase classname="ptolemy.util.test.junit.AutoTests" name="[310] /home/travis/build/icyphy/ptII/ptolemy/actor/lib/test/auto/RecordAssemblerDisplayNameTest.xml (RunModel)" time="3.622" />
  <testcase classname="ptolemy.util.test.junit.AutoTests" name="[311] /home/travis/build/icyphy/ptII/ptolemy/actor/lib/test/auto/RecordAssemblerTypeError.xml (RunModel)" time="0.046" />
  <testcase classname="ptolemy.util.test.junit.AutoTests" name="[312] /home/travis/build/icyphy/ptII/ptolemy/actor/lib/test/auto/RecordDisassember.xml (RunModel)" time="0.02" />
  <testcase classname="ptolemy.util.test.junit.AutoTests" name="[313] /home/travis/build/icyphy/ptII/ptolemy/actor/lib/test/auto/RecordDisassemberDisplayNameTest.xml (RunModel)" time="0.023" />
  <testcase classname="ptolemy.util.test.junit.AutoTests" name="[314] /home/travis/build/icyphy/ptII/ptolemy/actor/lib/test/auto/RecordDisassembler.xml (RunModel)" time="0.015" />
  <testcase classname="ptolemy.util.test.junit.AutoTests" name="[315] /home/travis/build/icyphy/ptII/ptolemy/actor/lib/test/auto/RecordDisassembler2.xml (RunModel)" time="0.014" />
  <testcase classname="ptolemy.util.test.junit.AutoTests" name="[316] /home/travis/build/icyphy/ptII/ptolemy/actor/lib/test/auto/RecordUpdater.xml (RunModel)" time="0.011" />
  <testcase classname="ptolemy.util.test.junit.AutoTests" name="[317] /home/travis/build/icyphy/ptII/ptolemy/actor/lib/test/auto/RecordUpdater2.xml (RunModel)" time="0.011" />
  <testcase classname="ptolemy.util.test.junit.AutoTests" name="[318] /home/travis/build/icyphy/ptII/ptolemy/actor/lib/test/auto/RecursiveLattice.xml (RunModel)" time="0.009" />
  <testcase classname="ptolemy.util.test.junit.AutoTests" name="[319] /home/travis/build/icyphy/ptII/ptolemy/actor/lib/test/auto/Router.xml (RunModel)" time="3.032" />
  <testcase classname="ptolemy.util.test.junit.AutoTests" name="[320] /home/travis/build/icyphy/ptII/ptolemy/actor/lib/test/auto/Router2.xml (RunModel)" time="3.038" />
  <testcase classname="ptolemy.util.test.junit.AutoTests" name="[321] /home/travis/build/icyphy/ptII/ptolemy/actor/lib/test/auto/RunningMaximum.xml (RunModel)" time="0.019" />
  <testcase classname="ptolemy.util.test.junit.AutoTests" name="[322] /home/travis/build/icyphy/ptII/ptolemy/actor/lib/test/auto/RunningMinimum.xml (RunModel)" time="0.038" />
  <testcase classname="ptolemy.util.test.junit.AutoTests" name="[323] /home/travis/build/icyphy/ptII/ptolemy/actor/lib/test/auto/Scale.xml (RunModel)" time="0.019" />
  <testcase classname="ptolemy.util.test.junit.AutoTests" name="[324] /home/travis/build/icyphy/ptII/ptolemy/actor/lib/test/auto/Scale2.xml (RunModel)" time="0.01" />
  <testcase classname="ptolemy.util.test.junit.AutoTests" name="[325] /home/travis/build/icyphy/ptII/ptolemy/actor/lib/test/auto/Scale3.xml (RunModel)" time="0.015" />
  <testcase classname="ptolemy.util.test.junit.AutoTests" name="[326] /home/travis/build/icyphy/ptII/ptolemy/actor/lib/test/auto/ScaleArray.xml (RunModel)" time="0.009" />
  <testcase classname="ptolemy.util.test.junit.AutoTests" name="[327] /home/travis/build/icyphy/ptII/ptolemy/actor/lib/test/auto/ScaleArray2.xml (RunModel)" time="0.008" />
  <testcase classname="ptolemy.util.test.junit.AutoTests" name="[328] /home/travis/build/icyphy/ptII/ptolemy/actor/lib/test/auto/ScaleMatrix.xml (RunModel)" time="0.184" />
  <testcase classname="ptolemy.util.test.junit.AutoTests" name="[329] /home/travis/build/icyphy/ptII/ptolemy/actor/lib/test/auto/Select.xml (RunModel)" time="0.023" />
  <testcase classname="ptolemy.util.test.junit.AutoTests" name="[330] /home/travis/build/icyphy/ptII/ptolemy/actor/lib/test/auto/Select2.xml (RunModel)" time="0.008" />
  <testcase classname="ptolemy.util.test.junit.AutoTests" name="[331] /home/travis/build/icyphy/ptII/ptolemy/actor/lib/test/auto/SequenceToArray2.xml (RunModel)" time="0.127" />
  <testcase classname="ptolemy.util.test.junit.AutoTests" name="[332] /home/travis/build/icyphy/ptII/ptolemy/actor/lib/test/auto/SequentialClock.xml (RunModel)" time="0.011" />
  <testcase classname="ptolemy.util.test.junit.AutoTests" name="[333] /home/travis/build/icyphy/ptII/ptolemy/actor/lib/test/auto/SetVariable.xml (RunModel)" time="0.011" />
  <testcase classname="ptolemy.util.test.junit.AutoTests" name="[334] /home/travis/build/icyphy/ptII/ptolemy/actor/lib/test/auto/SetVariable2.xml (RunModel)" time="0.01" />
  <testcase classname="ptolemy.util.test.junit.AutoTests" name="[335] /home/travis/build/icyphy/ptII/ptolemy/actor/lib/test/auto/SetVariable3.xml (RunModel)" time="0.019" />
  <testcase classname="ptolemy.util.test.junit.AutoTests" name="[336] /home/travis/build/icyphy/ptII/ptolemy/actor/lib/test/auto/SetVariable4.xml (RunModel)" time="0.033" />
  <testcase classname="ptolemy.util.test.junit.AutoTests" name="[337] /home/travis/build/icyphy/ptII/ptolemy/actor/lib/test/auto/SetVariable5.xml (RunModel)" time="0.043" />
  <testcase classname="ptolemy.util.test.junit.AutoTests" name="[338] /home/travis/build/icyphy/ptII/ptolemy/actor/lib/test/auto/Sinewave.xml (RunModel)" time="0.033" />
  <testcase classname="ptolemy.util.test.junit.AutoTests" name="[339] /home/travis/build/icyphy/ptII/ptolemy/actor/lib/test/auto/Sinewave2.xml (RunModel)" time="0.02" />
  <testcase classname="ptolemy.util.test.junit.AutoTests" name="[340] /home/travis/build/icyphy/ptII/ptolemy/actor/lib/test/auto/Sinewave3.xml (RunModel)" time="0.025" />
  <testcase classname="ptolemy.util.test.junit.AutoTests" name="[341] /home/travis/build/icyphy/ptII/ptolemy/actor/lib/test/auto/SingleEvent.xml (RunModel)" time="0.008" />
  <testcase classname="ptolemy.util.test.junit.AutoTests" name="[342] /home/travis/build/icyphy/ptII/ptolemy/actor/lib/test/auto/Sleep.xml (RunModel)" time="6.018" />
  <testcase classname="ptolemy.util.test.junit.AutoTests" name="[343] /home/travis/build/icyphy/ptII/ptolemy/actor/lib/test/auto/SleepMultipleFire.xml (RunModel)" time="1.022" />
  <testcase classname="ptolemy.util.test.junit.AutoTests" name="[344] /home/travis/build/icyphy/ptII/ptolemy/actor/lib/test/auto/StopDE.xml (RunModel)" time="0.015" />
  <testcase classname="ptolemy.util.test.junit.AutoTests" name="[345] /home/travis/build/icyphy/ptII/ptolemy/actor/lib/test/auto/StopSDF.xml (RunModel)" time="0.016" />
  <testcase classname="ptolemy.util.test.junit.AutoTests" name="[346] /home/travis/build/icyphy/ptII/ptolemy/actor/lib/test/auto/StringConstant.xml (RunModel)" time="0.016" />
  <testcase classname="ptolemy.util.test.junit.AutoTests" name="[347] /home/travis/build/icyphy/ptII/ptolemy/actor/lib/test/auto/SubscriberPortInitialValues1.xml (RunModel)" time="0.025" />
  <testcase classname="ptolemy.util.test.junit.AutoTests" name="[348] /home/travis/build/icyphy/ptII/ptolemy/actor/lib/test/auto/SubscriberPortInitialValues13.xml (RunModel)" time="0.027" />
  <testcase classname="ptolemy.util.test.junit.AutoTests" name="[349] /home/travis/build/icyphy/ptII/ptolemy/actor/lib/test/auto/SubscriberPortInitialValues14.xml (RunModel)" time="0.017" />
  <testcase classname="ptolemy.util.test.junit.AutoTests" name="[350] /home/travis/build/icyphy/ptII/ptolemy/actor/lib/test/auto/SubscriberPortInitialValues2.xml (RunModel)" time="0.018" />
  <testcase classname="ptolemy.util.test.junit.AutoTests" name="[351] /home/travis/build/icyphy/ptII/ptolemy/actor/lib/test/auto/SubscriberPortInitialValues3.xml (RunModel)" time="0.022" />
  <testcase classname="ptolemy.util.test.junit.AutoTests" name="[352] /home/travis/build/icyphy/ptII/ptolemy/actor/lib/test/auto/SubscriptionAggregator.xml (RunModel)" time="0.013" />
  <testcase classname="ptolemy.util.test.junit.AutoTests" name="[353] /home/travis/build/icyphy/ptII/ptolemy/actor/lib/test/auto/SubscriptionAggregator2.xml (RunModel)" time="0.016" />
  <testcase classname="ptolemy.util.test.junit.AutoTests" name="[354] /home/travis/build/icyphy/ptII/ptolemy/actor/lib/test/auto/SubscriptionAggregator3.xml (RunModel)" time="0.018" />
  <testcase classname="ptolemy.util.test.junit.AutoTests" name="[355] /home/travis/build/icyphy/ptII/ptolemy/actor/lib/test/auto/SubscriptionAggregatorMultiply.xml (RunModel)" time="0.03" />
  <testcase classname="ptolemy.util.test.junit.AutoTests" name="[356] /home/travis/build/icyphy/ptII/ptolemy/actor/lib/test/auto/SubscriptionAggregatorPortMultiply1.xml (RunModel)" time="0.015" />
  <testcase classname="ptolemy.util.test.junit.AutoTests" name="[357] /home/travis/build/icyphy/ptII/ptolemy/actor/lib/test/auto/Switch.xml (RunModel)" time="0.02" />
  <testcase classname="ptolemy.util.test.junit.AutoTests" name="[358] /home/travis/build/icyphy/ptII/ptolemy/actor/lib/test/auto/Switch2.xml (RunModel)" time="0.013" />
  <testcase classname="ptolemy.util.test.junit.AutoTests" name="[359] /home/travis/build/icyphy/ptII/ptolemy/actor/lib/test/auto/SwitchDE.xml (RunModel)" time="0.013" />
  <testcase classname="ptolemy.util.test.junit.AutoTests" name="[360] /home/travis/build/icyphy/ptII/ptolemy/actor/lib/test/auto/SynchronizerDE.xml (RunModel)" time="0.023" />
  <testcase classname="ptolemy.util.test.junit.AutoTests" name="[361] /home/travis/build/icyphy/ptII/ptolemy/actor/lib/test/auto/Test.xml (RunModel)" time="0.019" />
  <testcase classname="ptolemy.util.test.junit.AutoTests" name="[362] /home/travis/build/icyphy/ptII/ptolemy/actor/lib/test/auto/TestExceptionAttribute1.xml (RunModel)" time="0.008" />
  <testcase classname="ptolemy.util.test.junit.AutoTests" name="[363] /home/travis/build/icyphy/ptII/ptolemy/actor/lib/test/auto/TestExceptionAttribute2.xml (RunModel)" time="0.007" />
  <testcase classname="ptolemy.util.test.junit.AutoTests" name="[364] /home/travis/build/icyphy/ptII/ptolemy/actor/lib/test/auto/TestExceptionAttribute3.xml (RunModel)" time="0.006" />
  <testcase classname="ptolemy.util.test.junit.AutoTests" name="[365] /home/travis/build/icyphy/ptII/ptolemy/actor/lib/test/auto/TestExceptionAttribute4.xml (RunModel)" time="0.008" />
  <testcase classname="ptolemy.util.test.junit.AutoTests" name="[366] /home/travis/build/icyphy/ptII/ptolemy/actor/lib/test/auto/TestExceptionHandler1.xml (RunModel)" time="0.007" />
  <testcase classname="ptolemy.util.test.junit.AutoTests" name="[367] /home/travis/build/icyphy/ptII/ptolemy/actor/lib/test/auto/TestExceptionHandler2.xml (RunModel)" time="0.015" />
  <testcase classname="ptolemy.util.test.junit.AutoTests" name="[368] /home/travis/build/icyphy/ptII/ptolemy/actor/lib/test/auto/TestExceptionHandler3.xml (RunModel)" time="0.008" />
  <testcase classname="ptolemy.util.test.junit.AutoTests" name="[369] /home/travis/build/icyphy/ptII/ptolemy/actor/lib/test/auto/TestExceptionHandler4.xml (RunModel)" time="0.008" />
  <testcase classname="ptolemy.util.test.junit.AutoTests" name="[370] /home/travis/build/icyphy/ptII/ptolemy/actor/lib/test/auto/TestRequireCorrectOrder.xml (RunModel)" time="0.009" />
  <testcase classname="ptolemy.util.test.junit.AutoTests" name="[371] /home/travis/build/icyphy/ptII/ptolemy/actor/lib/test/auto/TestSimple.xml (RunModel)" time="0.01" />
  <testcase classname="ptolemy.util.test.junit.AutoTests" name="[372] /home/travis/build/icyphy/ptII/ptolemy/actor/lib/test/auto/ThrowModelError.xml (RunModel)" time="0.01" />
  <testcase classname="ptolemy.util.test.junit.AutoTests" name="[373] /home/travis/build/icyphy/ptII/ptolemy/actor/lib/test/auto/TimeDelayMicrosteps.xml (RunModel)" time="0.013" />
  <testcase classname="ptolemy.util.test.junit.AutoTests" name="[374] /home/travis/build/icyphy/ptII/ptolemy/actor/lib/test/auto/TimeDelayMicrosteps2.xml (RunModel)" time="0.016" />
  <testcase classname="ptolemy.util.test.junit.AutoTests" name="[375] /home/travis/build/icyphy/ptII/ptolemy/actor/lib/test/auto/TimeDelayMicrosteps3.xml (RunModel)" time="0.018" />
  <testcase classname="ptolemy.util.test.junit.AutoTests" name="[376] /home/travis/build/icyphy/ptII/ptolemy/actor/lib/test/auto/TimeDelayVariableMicrosteps.xml (RunModel)" time="0.014" />
  <testcase classname="ptolemy.util.test.junit.AutoTests" name="[377] /home/travis/build/icyphy/ptII/ptolemy/actor/lib/test/auto/TimeGap.xml (RunModel)" time="0.018" />
  <testcase classname="ptolemy.util.test.junit.AutoTests" name="[378] /home/travis/build/icyphy/ptII/ptolemy/actor/lib/test/auto/TimeGap2.xml (RunModel)" time="0.011" />
  <testcase classname="ptolemy.util.test.junit.AutoTests" name="[379] /home/travis/build/icyphy/ptII/ptolemy/actor/lib/test/auto/TimedSinewave.xml (RunModel)" time="0.051" />
  <testcase classname="ptolemy.util.test.junit.AutoTests" name="[380] /home/travis/build/icyphy/ptII/ptolemy/actor/lib/test/auto/TimedSinewavePhase.xml (RunModel)" time="0.049" />
  <testcase classname="ptolemy.util.test.junit.AutoTests" name="[381] /home/travis/build/icyphy/ptII/ptolemy/actor/lib/test/auto/Timer.xml (RunModel)" time="0.013" />
  <testcase classname="ptolemy.util.test.junit.AutoTests" name="[382] /home/travis/build/icyphy/ptII/ptolemy/actor/lib/test/auto/TriangularDistTestModel.xml (RunModel)" time="0.019" />
  <testcase classname="ptolemy.util.test.junit.AutoTests" name="[383] /home/travis/build/icyphy/ptII/ptolemy/actor/lib/test/auto/TrigFunction.xml (RunModel)" time="0.01" />
  <testcase classname="ptolemy.util.test.junit.AutoTests" name="[384] /home/travis/build/icyphy/ptII/ptolemy/actor/lib/test/auto/TrigFunctionDE.xml (RunModel)" time="0.012" />
  <testcase classname="ptolemy.util.test.junit.AutoTests" name="[385] /home/travis/build/icyphy/ptII/ptolemy/actor/lib/test/auto/TrigFunctionInverse.xml (RunModel)" time="0.01" />
  <testcase classname="ptolemy.util.test.junit.AutoTests" name="[386] /home/travis/build/icyphy/ptII/ptolemy/actor/lib/test/auto/TrigFunctionTan.xml (RunModel)" time="0.008" />
  <testcase classname="ptolemy.util.test.junit.AutoTests" name="[387] /home/travis/build/icyphy/ptII/ptolemy/actor/lib/test/auto/TriggeredClock.xml (RunModel)" time="0.009" />
  <testcase classname="ptolemy.util.test.junit.AutoTests" name="[388] /home/travis/build/icyphy/ptII/ptolemy/actor/lib/test/auto/URLDirectoryReader.xml (RunModel)" time="0.112" />
  <testcase classname="ptolemy.util.test.junit.AutoTests" name="[389] /home/travis/build/icyphy/ptII/ptolemy/actor/lib/test/auto/URLDirectoryReader3.xml (RunModel)" time="1.337" />
  <testcase classname="ptolemy.util.test.junit.AutoTests" name="[390] /home/travis/build/icyphy/ptII/ptolemy/actor/lib/test/auto/UnaryMathFunction.xml (RunModel)" time="0.052" />
  <testcase classname="ptolemy.util.test.junit.AutoTests" name="[391] /home/travis/build/icyphy/ptII/ptolemy/actor/lib/test/auto/Uniform.xml (RunModel)" time="0.037" />
  <testcase classname="ptolemy.util.test.junit.AutoTests" name="[392] /home/travis/build/icyphy/ptII/ptolemy/actor/lib/test/auto/UnionDisassemblerTest.xml (RunModel)" time="0.01" />
  <testcase classname="ptolemy.util.test.junit.AutoTests" name="[393] /home/travis/build/icyphy/ptII/ptolemy/actor/lib/test/auto/UtilityFunctions.xml (RunModel)" time="0.008" />
  <testcase classname="ptolemy.util.test.junit.AutoTests" name="[394] /home/travis/build/icyphy/ptII/ptolemy/actor/lib/test/auto/VariableSleep.xml (RunModel)" time="0.512" />
  <testcase classname="ptolemy.util.test.junit.AutoTests" name="[395] /home/travis/build/icyphy/ptII/ptolemy/actor/lib/test/auto/VectorAssemblerDisassemblerCT.xml (RunModel)" time="0.191" />
  <testcase classname="ptolemy.util.test.junit.AutoTests" name="[396] /home/travis/build/icyphy/ptII/ptolemy/actor/lib/test/auto/VectorAssemblerDisassemblerDE.xml (RunModel)" time="0.014" />
  <testcase classname="ptolemy.util.test.junit.AutoTests" name="[397] /home/travis/build/icyphy/ptII/ptolemy/actor/lib/test/auto/VectorAssemblerDisassemblerSDF.xml (RunModel)" time="0.014" />
  <testcase classname="ptolemy.util.test.junit.AutoTests" name="[398] /home/travis/build/icyphy/ptII/ptolemy/actor/lib/test/auto/WallClockTime.xml (RunModel)" time="1.015" />
  <testcase classname="ptolemy.util.test.junit.AutoTests" name="[399] /home/travis/build/icyphy/ptII/ptolemy/actor/lib/test/auto/WidthTestWithSubscriberPublisher.xml (RunModel)" time="0.046" />
  <testcase classname="ptolemy.util.test.junit.AutoTests" name="[400] /home/travis/build/icyphy/ptII/ptolemy/actor/lib/test/auto/WidthTestWithSubscriberPublisher2.xml (RunModel)" time="0.017" />
  <testcase classname="ptolemy.util.test.junit.AutoTests" name="[401] /home/travis/build/icyphy/ptII/ptolemy/actor/lib/test/auto/WidthTestWithSubscriberPublisher3.xml (RunModel)" time="0.011" />
  <testcase classname="ptolemy.util.test.junit.AutoTests" name="[402] /home/travis/build/icyphy/ptII/ptolemy/actor/lib/test/auto/Writer.xml (RunModel)" time="0.008" />
  <testcase classname="ptolemy.util.test.junit.AutoTests" name="[403] /home/travis/build/icyphy/ptII/ptolemy/actor/lib/test/auto/array.xml (RunModel)" time="0.019" />
  <testcase classname="ptolemy.util.test.junit.AutoTests" name="[404] /home/travis/build/icyphy/ptII/ptolemy/actor/lib/test/auto/array2.xml (RunModel)" time="0.021" />
  <testcase classname="ptolemy.util.test.junit.AutoTests" name="[405] /home/travis/build/icyphy/ptII/ptolemy/actor/lib/test/auto/arrayType.xml (RunModel)" time="0.021" />
  <testcase classname="ptolemy.util.test.junit.AutoTests" name="[406] /home/travis/build/icyphy/ptII/ptolemy/actor/lib/test/auto/arrayType10.xml (RunModel)" time="0.013" />
  <testcase classname="ptolemy.util.test.junit.AutoTests" name="[407] /home/travis/build/icyphy/ptII/ptolemy/actor/lib/test/auto/arrayType11.xml (RunModel)" time="0.009" />
  <testcase classname="ptolemy.util.test.junit.AutoTests" name="[408] /home/travis/build/icyphy/ptII/ptolemy/actor/lib/test/auto/arrayType12.xml (RunModel)" time="0.01" />
  <testcase classname="ptolemy.util.test.junit.AutoTests" name="[409] /home/travis/build/icyphy/ptII/ptolemy/actor/lib/test/auto/arrayType13.xml (RunModel)" time="0.009" />
  <testcase classname="ptolemy.util.test.junit.AutoTests" name="[410] /home/travis/build/icyphy/ptII/ptolemy/actor/lib/test/auto/arrayType14.xml (RunModel)" time="0.01" />
  <testcase classname="ptolemy.util.test.junit.AutoTests" name="[411] /home/travis/build/icyphy/ptII/ptolemy/actor/lib/test/auto/arrayType15.xml (RunModel)" time="0.008" />
  <testcase classname="ptolemy.util.test.junit.AutoTests" name="[412] /home/travis/build/icyphy/ptII/ptolemy/actor/lib/test/auto/arrayType16.xml (RunModel)" time="0.009" />
  <testcase classname="ptolemy.util.test.junit.AutoTests" name="[413] /home/travis/build/icyphy/ptII/ptolemy/actor/lib/test/auto/arrayType17.xml (RunModel)" time="0.008" />
  <testcase classname="ptolemy.util.test.junit.AutoTests" name="[414] /home/travis/build/icyphy/ptII/ptolemy/actor/lib/test/auto/arrayType18.xml (RunModel)" time="0.008" />
  <testcase classname="ptolemy.util.test.junit.AutoTests" name="[415] /home/travis/build/icyphy/ptII/ptolemy/actor/lib/test/auto/arrayType19.xml (RunModel)" time="0.008" />
  <testcase classname="ptolemy.util.test.junit.AutoTests" name="[416] /home/travis/build/icyphy/ptII/ptolemy/actor/lib/test/auto/arrayType2.xml (RunModel)" time="0.009" />
  <testcase classname="ptolemy.util.test.junit.AutoTests" name="[417] /home/travis/build/icyphy/ptII/ptolemy/actor/lib/test/auto/arrayType20.xml (RunModel)" time="0.008" />
  <testcase classname="ptolemy.util.test.junit.AutoTests" name="[418] /home/travis/build/icyphy/ptII/ptolemy/actor/lib/test/auto/arrayType21.xml (RunModel)" time="0.01" />
  <testcase classname="ptolemy.util.test.junit.AutoTests" name="[419] /home/travis/build/icyphy/ptII/ptolemy/actor/lib/test/auto/arrayType22.xml (RunModel)" time="0.008" />
  <testcase classname="ptolemy.util.test.junit.AutoTests" name="[420] /home/travis/build/icyphy/ptII/ptolemy/actor/lib/test/auto/arrayType23.xml (RunModel)" time="0.008" />
  <testcase classname="ptolemy.util.test.junit.AutoTests" name="[421] /home/travis/build/icyphy/ptII/ptolemy/actor/lib/test/auto/arrayType24.xml (RunModel)" time="0.008" />
  <testcase classname="ptolemy.util.test.junit.AutoTests" name="[422] /home/travis/build/icyphy/ptII/ptolemy/actor/lib/test/auto/arrayType25.xml (RunModel)" time="0.009" />
  <testcase classname="ptolemy.util.test.junit.AutoTests" name="[423] /home/travis/build/icyphy/ptII/ptolemy/actor/lib/test/auto/arrayType26.xml (RunModel)" time="0.009" />
  <testcase classname="ptolemy.util.test.junit.AutoTests" name="[424] /home/travis/build/icyphy/ptII/ptolemy/actor/lib/test/auto/arrayType27.xml (RunModel)" time="0.009" />
  <testcase classname="ptolemy.util.test.junit.AutoTests" name="[425] /home/travis/build/icyphy/ptII/ptolemy/actor/lib/test/auto/arrayType28.xml (RunModel)" time="0.01" />
  <testcase classname="ptolemy.util.test.junit.AutoTests" name="[426] /home/travis/build/icyphy/ptII/ptolemy/actor/lib/test/auto/arrayType3.xml (RunModel)" time="0.009" />
  <testcase classname="ptolemy.util.test.junit.AutoTests" name="[427] /home/travis/build/icyphy/ptII/ptolemy/actor/lib/test/auto/arrayType4.xml (RunModel)" time="0.009" />
  <testcase classname="ptolemy.util.test.junit.AutoTests" name="[428] /home/travis/build/icyphy/ptII/ptolemy/actor/lib/test/auto/arrayType5.xml (RunModel)" time="0.008" />
  <testcase classname="ptolemy.util.test.junit.AutoTests" name="[429] /home/travis/build/icyphy/ptII/ptolemy/actor/lib/test/auto/arrayType6.xml (RunModel)" time="0.018" />
  <testcase classname="ptolemy.util.test.junit.AutoTests" name="[430] /home/travis/build/icyphy/ptII/ptolemy/actor/lib/test/auto/arrayType7.xml (RunModel)" time="0.013" />
  <testcase classname="ptolemy.util.test.junit.AutoTests" name="[431] /home/travis/build/icyphy/ptII/ptolemy/actor/lib/test/auto/arrayType8.xml (RunModel)" time="0.009" />
  <testcase classname="ptolemy.util.test.junit.AutoTests" name="[432] /home/travis/build/icyphy/ptII/ptolemy/actor/lib/test/auto/arrayType9.xml (RunModel)" time="0.008" />
  <testcase classname="ptolemy.util.test.junit.AutoTests" name="[433] /home/travis/build/icyphy/ptII/ptolemy/actor/lib/test/auto/cast.xml (RunModel)" time="0.012" />
  <testcase classname="ptolemy.util.test.junit.AutoTests" name="[434] /home/travis/build/icyphy/ptII/ptolemy/actor/lib/test/auto/compositeMultiPort.xml (RunModel)" time="0.018" />
  <testcase classname="ptolemy.util.test.junit.AutoTests" name="[435] /home/travis/build/icyphy/ptII/ptolemy/actor/lib/test/auto/expressionCastInference.xml (RunModel)" time="0.009" />
  <testcase classname="ptolemy.util.test.junit.AutoTests" name="[436] /home/travis/build/icyphy/ptII/ptolemy/actor/lib/test/auto/expressionCastInference2.xml (RunModel)" time="0.009" />
  <testcase classname="ptolemy.util.test.junit.AutoTests" name="[437] /home/travis/build/icyphy/ptII/ptolemy/actor/lib/test/auto/expressionInference.xml (RunModel)" time="0.008" />
  <testcase classname="ptolemy.util.test.junit.AutoTests" name="[438] /home/travis/build/icyphy/ptII/ptolemy/actor/lib/test/auto/expression_bug.xml (RunModel)" time="0.009" />
  <testcase classname="ptolemy.util.test.junit.AutoTests" name="[439] /home/travis/build/icyphy/ptII/ptolemy/actor/lib/test/auto/factorial.xml (RunModel)" time="0.058" />
  <testcase classname="ptolemy.util.test.junit.AutoTests" name="[440] /home/travis/build/icyphy/ptII/ptolemy/actor/lib/test/auto/filterTest1.xml (RunModel)" time="0.019" />
  <testcase classname="ptolemy.util.test.junit.AutoTests" name="[441] /home/travis/build/icyphy/ptII/ptolemy/actor/lib/test/auto/funcApplyInConst.xml (RunModel)" time="0.006" />
  <testcase classname="ptolemy.util.test.junit.AutoTests" name="[442] /home/travis/build/icyphy/ptII/ptolemy/actor/lib/test/auto/funcApplyInExpr.xml (RunModel)" time="0.007" />
  <testcase classname="ptolemy.util.test.junit.AutoTests" name="[443] /home/travis/build/icyphy/ptII/ptolemy/actor/lib/test/auto/function.xml (RunModel)" time="0.011" />
  <testcase classname="ptolemy.util.test.junit.AutoTests" name="[444] /home/travis/build/icyphy/ptII/ptolemy/actor/lib/test/auto/function2.xml (RunModel)" time="0.026" />
  <testcase classname="ptolemy.util.test.junit.AutoTests" name="[445] /home/travis/build/icyphy/ptII/ptolemy/actor/lib/test/auto/function3.xml (RunModel)" time="0.007" />
  <testcase classname="ptolemy.util.test.junit.AutoTests" name="[446] /home/travis/build/icyphy/ptII/ptolemy/actor/lib/test/auto/functionClosureTest1.xml (RunModel)" time="0.012" />
  <testcase classname="ptolemy.util.test.junit.AutoTests" name="[447] /home/travis/build/icyphy/ptII/ptolemy/actor/lib/test/auto/functionClosureTest2.xml (RunModel)" time="0.031" />
  <testcase classname="ptolemy.util.test.junit.AutoTests" name="[448] /home/travis/build/icyphy/ptII/ptolemy/actor/lib/test/auto/functionClosureTest3.xml (RunModel)" time="0.033" />
  <testcase classname="ptolemy.util.test.junit.AutoTests" name="[449] /home/travis/build/icyphy/ptII/ptolemy/actor/lib/test/auto/functionClosureTest4.xml (RunModel)" time="0.064" />
  <testcase classname="ptolemy.util.test.junit.AutoTests" name="[450] /home/travis/build/icyphy/ptII/ptolemy/actor/lib/test/auto/functionClosureTest5.xml (RunModel)" time="0.021" />
  <testcase classname="ptolemy.util.test.junit.AutoTests" name="[451] /home/travis/build/icyphy/ptII/ptolemy/actor/lib/test/auto/functionClosureTest6.xml (RunModel)" time="0.008" />
  <testcase classname="ptolemy.util.test.junit.AutoTests" name="[452] /home/travis/build/icyphy/ptII/ptolemy/actor/lib/test/auto/functionsOnArcs.xml (RunModel)" time="0.031" />
  <testcase classname="ptolemy.util.test.junit.AutoTests" name="[453] /home/travis/build/icyphy/ptII/ptolemy/actor/lib/test/auto/functionsOnArcsHOF.xml (RunModel)" time="0.032" />
  <testcase classname="ptolemy.util.test.junit.AutoTests" name="[454] /home/travis/build/icyphy/ptII/ptolemy/actor/lib/test/auto/logic.xml (RunModel)" time="0.022" />
  <testcase classname="ptolemy.util.test.junit.AutoTests" name="[455] /home/travis/build/icyphy/ptII/ptolemy/actor/lib/test/auto/matrixType.xml (RunModel)" time="0.012" />
  <testcase classname="ptolemy.util.test.junit.AutoTests" name="[456] /home/travis/build/icyphy/ptII/ptolemy/actor/lib/test/auto/matrixType10.xml (RunModel)" time="0.009" />
  <testcase classname="ptolemy.util.test.junit.AutoTests" name="[457] /home/travis/build/icyphy/ptII/ptolemy/actor/lib/test/auto/matrixType11.xml (RunModel)" time="0.009" />
  <testcase classname="ptolemy.util.test.junit.AutoTests" name="[458] /home/travis/build/icyphy/ptII/ptolemy/actor/lib/test/auto/matrixType12.xml (RunModel)" time="0.011" />
  <testcase classname="ptolemy.util.test.junit.AutoTests" name="[459] /home/travis/build/icyphy/ptII/ptolemy/actor/lib/test/auto/matrixType13.xml (RunModel)" time="0.009" />
  <testcase classname="ptolemy.util.test.junit.AutoTests" name="[460] /home/travis/build/icyphy/ptII/ptolemy/actor/lib/test/auto/matrixType14.xml (RunModel)" time="0.011" />
  <testcase classname="ptolemy.util.test.junit.AutoTests" name="[461] /home/travis/build/icyphy/ptII/ptolemy/actor/lib/test/auto/matrixType2.xml (RunModel)" time="0.01" />
  <testcase classname="ptolemy.util.test.junit.AutoTests" name="[462] /home/travis/build/icyphy/ptII/ptolemy/actor/lib/test/auto/matrixType3.xml (RunModel)" time="0.011" />
  <testcase classname="ptolemy.util.test.junit.AutoTests" name="[463] /home/travis/build/icyphy/ptII/ptolemy/actor/lib/test/auto/matrixType4.xml (RunModel)" time="0.009" />
  <testcase classname="ptolemy.util.test.junit.AutoTests" name="[464] /home/travis/build/icyphy/ptII/ptolemy/actor/lib/test/auto/matrixType5.xml (RunModel)" time="0.008" />
  <testcase classname="ptolemy.util.test.junit.AutoTests" name="[465] /home/travis/build/icyphy/ptII/ptolemy/actor/lib/test/auto/matrixType6.xml (RunModel)" time="0.008" />
  <testcase classname="ptolemy.util.test.junit.AutoTests" name="[466] /home/travis/build/icyphy/ptII/ptolemy/actor/lib/test/auto/matrixType7.xml (RunModel)" time="0.008" />
  <testcase classname="ptolemy.util.test.junit.AutoTests" name="[467] /home/travis/build/icyphy/ptII/ptolemy/actor/lib/test/auto/matrixType8.xml (RunModel)" time="0.01" />
  <testcase classname="ptolemy.util.test.junit.AutoTests" name="[468] /home/travis/build/icyphy/ptII/ptolemy/actor/lib/test/auto/matrixType9.xml (RunModel)" time="0.008" />
  <testcase classname="ptolemy.util.test.junit.AutoTests" name="[469] /home/travis/build/icyphy/ptII/ptolemy/actor/lib/test/auto/paraFunctest.xml (RunModel)" time="0.008" />
  <testcase classname="ptolemy.util.test.junit.AutoTests" name="[470] /home/travis/build/icyphy/ptII/ptolemy/actor/lib/test/auto/paraFunctest2.xml (RunModel)" time="0.013" />
  <testcase classname="ptolemy.util.test.junit.AutoTests" name="[471] /home/travis/build/icyphy/ptII/ptolemy/actor/lib/test/auto/parameterPassing.xml (RunModel)" time="0.008" />
  <testcase classname="ptolemy.util.test.junit.AutoTests" name="[472] /home/travis/build/icyphy/ptII/ptolemy/actor/lib/test/auto/record.xml (RunModel)" time="0.011" />
  <testcase classname="ptolemy.util.test.junit.AutoTests" name="[473] /home/travis/build/icyphy/ptII/ptolemy/actor/lib/test/auto/sizedarray1.xml (RunModel)" time="0.009" />
  <testcase classname="ptolemy.util.test.junit.AutoTests" name="[474] /home/travis/build/icyphy/ptII/ptolemy/actor/lib/test/auto/sizedarray2.xml (RunModel)" time="0.01" />
  <testcase classname="ptolemy.util.test.junit.AutoTests" name="[475] /home/travis/build/icyphy/ptII/ptolemy/actor/lib/test/auto/twoPublishers.xml (RunModel)" time="0.029" />
  <system-out><![CDATA[/home/travis/build/icyphy/ptII/ptolemy/actor/lib/test/AbsoluteValue.tcl
testDefs.tcl: setting time out to 9000 seconds at Thu Jun 27 04:47:25 UTC 2019
89 ms. Memory: 120832K Free: 99976K (83%)
5 ms. Memory: 120832K Free: 98217K (81%)
5 ms. Memory: 120832K Free: 97348K (81%)
12 ms. Memory: 120832K Free: 96608K (80%)
/home/travis/build/icyphy/ptII/ptolemy/actor/lib/test/AddSubtract.tcl
13 ms. Memory: 120832K Free: 107609K (89%)
6 ms. Memory: 120832K Free: 106623K (88%)
6 ms. Memory: 120832K Free: 106161K (88%)
8 ms. Memory: 120832K Free: 105153K (87%)
45 ms. Memory: 120832K Free: 102127K (85%)
6 ms. Memory: 120832K Free: 101524K (84%)
/home/travis/build/icyphy/ptII/ptolemy/actor/lib/test/Average.tcl
9 ms. Memory: 120832K Free: 100041K (83%)
7 ms. Memory: 120832K Free: 98423K (81%)
/home/travis/build/icyphy/ptII/ptolemy/actor/lib/test/Bernoulli.tcl
5 ms. Memory: 120832K Free: 96977K (80%)
2 ms. Memory: 120832K Free: 96828K (80%)
/home/travis/build/icyphy/ptII/ptolemy/actor/lib/test/Clock.tcl
preinitializing
resolving types
initializing
executing number 1
wrapping up
idle
29 ms. Memory: 120832K Free: 93935K (78%)
Completed execution with 5 iterations
preinitializing
resolving types
initializing
executing number 1
wrapping up
idle
5 ms. Memory: 120832K Free: 93332K (77%)
Completed execution with 5 iterations
preinitializing
resolving types
initializing
executing number 1
wrapping up
idle
4 ms. Memory: 120832K Free: 92732K (77%)
Completed execution with 5 iterations
/home/travis/build/icyphy/ptII/ptolemy/actor/lib/test/Commutator.tcl
7 ms. Memory: 120832K Free: 90817K (75%)
9 ms. Memory: 120832K Free: 89660K (74%)


==== $PTII/ptolemy/actor/lib/test/Commutator.tcl: Commutator-4.1 run with mutations
==== Contents of test case:

    # Grab stdout and put it into results
    jdkCapture {
	$m addChangeListener  [java::new ptolemy.kernel.util.StreamChangeListener]

	set dir [$e0 getDirector]
	#	$dir addDebugListener  #		[java::new ptolemy.kernel.util.StreamListener]
	$m initialize
	$m iterate
	set c1 [java::new ptolemy.moml.MoMLChangeRequest $e0 $e0  {<deleteEntity name="ramp1"/>}]
	set c2 [java::new ptolemy.moml.MoMLChangeRequest $e0 $e0  {<deleteRelation name="r1"/>}]
	$e0 requestChange $c1
	$e0 requestChange $c2
	$m iterate
	$m wrapup
    } results
    # The MoML within <group> ...</group> comes 
    # from SDFScheduler._setBufferSize
    list $results  [enumToTokenValues [$rec getRecord 0]]

==== Result was:
{} {0 0 1}
---- Result should have been:
{StreamChangeRequest.changeExecuted(): <deleteEntity name="ramp1"/> succeeded
StreamChangeRequest.changeExecuted(): <deleteRelation name="r1"/> succeeded
StreamChangeRequest.changeExecuted(): Record firings per iteration succeeded
} {0 0 1}
---- Commutator-4.1 FAILED
11 ms. Memory: 160768K Free: 144130K (90%)
/home/travis/build/icyphy/ptII/ptolemy/actor/lib/test/Const.tcl
5 ms. Memory: 160768K Free: 142082K (88%)
2 ms. Memory: 160768K Free: 142082K (88%)
3 ms. Memory: 160768K Free: 141568K (88%)
3 ms. Memory: 160768K Free: 140544K (87%)
3 ms. Memory: 160768K Free: 140034K (87%)
29 ms. Memory: 160768K Free: 138496K (86%)
14 ms. Memory: 160768K Free: 137472K (86%)
14 ms. Memory: 160768K Free: 136418K (85%)
/home/travis/build/icyphy/ptII/ptolemy/actor/lib/test/CurrentTime.tcl
preinitializing
resolving types
initializing
executing number 1
wrapping up
idle
20 ms. Memory: 160768K Free: 134400K (84%)
Completed execution with 11 iterations
/home/travis/build/icyphy/ptII/ptolemy/actor/lib/test/DB.tcl
6 ms. Memory: 160768K Free: 132866K (83%)
3 ms. Memory: 160768K Free: 132338K (82%)
3 ms. Memory: 160768K Free: 131842K (82%)
/home/travis/build/icyphy/ptII/ptolemy/actor/lib/test/DiscreteRandomSource.tcl
preinitializing
resolving types
initializing
executing number 1
wrapping up
idle
12 ms. Memory: 160768K Free: 130274K (81%)
Completed execution with 4 iterations
preinitializing
resolving types
initializing
executing number 1
wrapping up
idle
2 ms. Memory: 160768K Free: 130274K (81%)
Completed execution with 4 iterations
preinitializing
resolving types
initializing
executing number 1
wrapping up
idle
3 ms. Memory: 160768K Free: 129794K (81%)
Completed execution with 4 iterations
preinitializing
resolving types
initializing
executing number 1
wrapping up
idle
19 ms. Memory: 160768K Free: 129250K (80%)
Completed execution with 4 iterations
preinitializing
resolving types
initializing
executing number 1
wrapping up
idle
4 ms. Memory: 160768K Free: 128770K (80%)
Completed execution with 4 iterations
/home/travis/build/icyphy/ptII/ptolemy/actor/lib/test/Distributor.tcl
22 ms. Memory: 160768K Free: 127226K (79%)
11 ms. Memory: 160768K Free: 126208K (79%)
StreamChangeRequest.changeExecuted(): <deleteEntity name="rec2"/> succeeded
StreamChangeRequest.changeExecuted(): <deleteRelation name="r2"/> succeeded
StreamChangeRequest.changeExecuted(): Record firings per iteration succeeded
14 ms. Memory: 160768K Free: 123650K (77%)
/home/travis/build/icyphy/ptII/ptolemy/actor/lib/test/Exit.tcl
Exit.tcl: this will print a message about Manager.exitAfterWrapup, which can be ignored.
12 ms. Memory: 160768K Free: 120925K (75%)
/home/travis/build/icyphy/ptII/ptolemy/actor/lib/test/Expression.tcl
34 ms. Memory: 160768K Free: 116992K (73%)
12 ms. Memory: 160768K Free: 116482K (72%)
17 ms. Memory: 160768K Free: 115458K (72%)
preinitializing
resolving types
initializing
executing number 1
wrapping up
idle
6 ms. Memory: 160768K Free: 114434K (71%)
Completed execution with 6 iterations
4 ms. Memory: 160768K Free: 145988K (91%)
10 ms. Memory: 160768K Free: 144964K (90%)
5 ms. Memory: 160768K Free: 143940K (90%)
14 ms. Memory: 160768K Free: 142916K (89%)
4 ms. Memory: 160768K Free: 141378K (88%)
/home/travis/build/icyphy/ptII/ptolemy/actor/lib/test/Gaussian.tcl
6 ms. Memory: 160768K Free: 139844K (87%)
sleeping 1 seconds: ................................................................................................................................................................................................................................................................................................................................................................................................................................................................................................................................................................................................................................................................................................................................................................................................................................................................................................................................................................................................................................................................................................................................................................................................................................................................................................................................................................................................................................................................................................................................................................................................................................................................................................................................................................................................................................................................................................................................................................................................................................................................................................................................................................................................................................................................................................................................................................................................................................................................................................................................................................................................................................................................................................................................................................................................................................................................................................................................................................................................................................................................................................................................................................................................................................................................................................................................................................................................................................................................................................................................................................................................................................................................................................................................................................................................................................................................................................................................................................................................................................................................................................................................................................................................................................................................................................................................................................................................................................................................................................................................................................................................................................................................................................................................................................................................................................................................................................................................................................................................................................................................................................................................................................................................................................................................................................................................................................................................................................................................................................................................................................................................................................................................................................................................................................................................................................................................................................................................................................................................................................................................................................................................................................................................................................................................................................................................................................................................................................................................................................................................................................................................................................................................................................................................................................................................................................................................................................................................................................................................................................................................................................................................................................................................................................................................................................................................................................................................................................................................................................................................................................................................................................................................................................................................................................................................................................................................................................................................................................................................................................................................................................................................................................................................................................................................................................................................................................................................................................................................................................................................................................................................................................................................................................................................................................................................................................................................................................................................................................................................................................................................................................................................................................................................................................................................................................................................................................................................................................................................................................................................................................................................................................................................................................................................................................................................................................................................................................................................................................................................................................................................................................................................................................................................................................................................................................................................................................................................................................................................................................................................................................................................................................................................................................................................................................................................................................................................................................................................................................................................................................................................................................................................................................................................................................................................................................................................................................................................................................................................................................................................................................................................................................................................................................................................................................................................................................................................................................................................................................................................................................................................................................................................................................................................................................................................................................................................................................................................................................................................................................................................................................................................................................................................................................................................................................................................................................................................................................................................................................................................................................................................................................................................................................................................................................................................................................................................................................................................................................................................................................................................................................................................................................................................................................................................................................................................................................................................................................................................................................................................................................................................................................................................................................................................................................................................................................................................................................................................................................................................................................................................................................................................................................................................................................................................................................................................................................................................................................................................................................................................................................................................................................................................................................................................................................................................................................................................................................................................................................................................................................................................................................................................................................................................................................................................................................................................................................................................................................................................................................................................................................................................................................................................................................................................................................................................................................................................................................................................................................................................................................................................................................................................................................................................................................................................................................................................................................................................................................................................................................................................................................................................................................................................................................................................................................................................................................................................................................................................................................................................................................................................................................................................................................................................................................................................................................................................................................................................................................................................................................................................................................................................................................................................................................................................................................................................................................................................................................................................................................................................................................................2 ms. Memory: 160768K Free: 127248K (79%)
2 ms. Memory: 160768K Free: 126704K (79%)
3 ms. Memory: 160768K Free: 126222K (79%)
2 ms. Memory: 160768K Free: 125200K (78%)
2 ms. Memory: 160768K Free: 124672K (78%)
/home/travis/build/icyphy/ptII/ptolemy/actor/lib/test/IIR.tcl
/home/travis/build/icyphy/ptII/ptolemy/actor/lib/test/Interpolator.tcl
4 ms. Memory: 160768K Free: 121104K (75%)
4 ms. Memory: 160768K Free: 120590K (75%)
2 ms. Memory: 160768K Free: 119566K (74%)
2 ms. Memory: 160768K Free: 119056K (74%)
15 ms. Memory: 160768K Free: 118542K (74%)
7 ms. Memory: 160768K Free: 117512K (73%)
4 ms. Memory: 160768K Free: 116480K (72%)
7 ms. Memory: 160768K Free: 115470K (72%)
2 ms. Memory: 160768K Free: 114960K (72%)
2 ms. Memory: 160768K Free: 113936K (71%)
/home/travis/build/icyphy/ptII/ptolemy/actor/lib/test/MathFunction.tcl
4 ms. Memory: 160768K Free: 111888K (70%)
11 ms. Memory: 160768K Free: 110864K (69%)
2 ms. Memory: 160768K Free: 109840K (68%)
3 ms. Memory: 160768K Free: 108816K (68%)
4 ms. Memory: 160768K Free: 107792K (67%)
8 ms. Memory: 160768K Free: 105744K (66%)
/home/travis/build/icyphy/ptII/ptolemy/actor/lib/test/Maximum.tcl
6 ms. Memory: 160768K Free: 103696K (65%)
3 ms. Memory: 160768K Free: 103168K (64%)
2 ms. Memory: 160768K Free: 102672K (64%)
3 ms. Memory: 160768K Free: 101648K (63%)
/home/travis/build/icyphy/ptII/ptolemy/actor/lib/test/Minimum.tcl
4 ms. Memory: 160768K Free: 100096K (62%)
2 ms. Memory: 160768K Free: 99600K (62%)
2 ms. Memory: 160768K Free: 98576K (61%)
2 ms. Memory: 160768K Free: 98048K (61%)
/home/travis/build/icyphy/ptII/ptolemy/actor/lib/test/MultiplyDivide.tcl
5 ms. Memory: 160768K Free: 96000K (60%)
2 ms. Memory: 160768K Free: 95504K (59%)
3 ms. Memory: 160768K Free: 94984K (59%)
3 ms. Memory: 160768K Free: 93966K (58%)
2 ms. Memory: 160768K Free: 93456K (58%)
/home/travis/build/icyphy/ptII/ptolemy/actor/lib/test/OrderedMerge.tcl
Connections changed on port: inputA
Connections changed on port: inputB
Connections changed on port: output
Connections changed on port: output
Connections changed on port: output
Connections changed on port: input
.top. Preinitializing ...
Invoking preinitialize():  .top.OrderedMerge
Called preinitialize()
Invoking preinitialize():  .top.Ramp
Called preinitialize()
Invoking preinitialize():  .top.Ramp2
Called preinitialize()
Invoking preinitialize():  .top.Test
Called preinitialize()
Connections changed on port: inputA
Connections changed on port: output
Connections changed on port: output
Connections changed on port: input
Connections changed on port: inputB
Connections changed on port: output
.top. Finished preinitialize().
Called initialize().
Invoking initialize():  .top.OrderedMerge
Initializing actor: .top.OrderedMerge
Adding a thread: .top.OrderedMerge
Invoking initialize():  .top.Ramp
Initializing actor: .top.Ramp
Adding a thread: .top.Ramp
Invoking initialize():  .top.Ramp2
Initializing actor: .top.Ramp2
Adding a thread: .top.Ramp2
Invoking initialize():  .top.Test
Initializing actor: .top.Test
Adding a thread: .top.Test
Called fire().
Checking for deadlock:
-- Starting thread.
Called initialize()
Called prefire()
Called fire()
-- Starting thread.
Called initialize()
Called prefire()
Called fire()
-- Starting thread.
Called initialize()
Called prefire()
Called fire()
-- Starting thread.
Called initialize()
Called prefire()
Called fire()
There are 0 Blocked actors, 0 Stopped actors, and 4 active threads.
Waiting for actors to stop.
Called postfire()
Called prefire()
Called fire()
Called postfire()
Called prefire()
Called fire()
Read input token from inputA with value 0.0
Next port to read input from is inputB
Called postfire()
Called prefire()
Called fire()
Read input token from inputB with value 0.0
Sent output token with value 0.0
Next port to read input from is inputA
Called postfire()
Called prefire()
Called fire()
Checking for deadlock:
There are 1 Blocked actors, 0 Stopped actors, and 4 active threads.
Waiting for actors to stop.
Called postfire()
Called prefire()
Called fire()
Called postfire()
Called prefire()
Called fire()
-- Read input: 0.0, which is expected to match: 0.0
Called prefire()
Called fire()
Checking for deadlock:
There are 3 Blocked actors, 0 Stopped actors, and 4 active threads.
Waiting for actors to stop.
Read input token from inputA with value 1.0
Sent output token with value 0.0
Next port to read input from is inputB
Called postfire()
Called prefire()
Called fire()
Read input token from inputB with value 1.5
Checking for deadlock:
There are 1 Blocked actors, 0 Stopped actors, and 4 active threads.
Waiting for actors to stop.
Called postfire()
Called prefire()
Called fire()
-- Read input: 0.0, which is expected to match: 0.0
Called prefire()
Called fire()
Checking for deadlock:
There are 2 Blocked actors, 0 Stopped actors, and 4 active threads.
Waiting for actors to stop.
Called postfire()
Called prefire()
Called fire()
Sent output token with value 1.0
Next port to read input from is inputA
Called postfire()
Called prefire()
Called fire()
Read input token from inputA with value 2.0
Checking for deadlock:
There are 2 Blocked actors, 0 Stopped actors, and 4 active threads.
Waiting for actors to stop.
-- Read input: 1.0, which is expected to match: 1.0
Called prefire()
Called fire()
Called postfire()
Called prefire()
Called fire()
Checking for deadlock:
There are 3 Blocked actors, 0 Stopped actors, and 4 active threads.
Waiting for actors to stop.
Sent output token with value 1.5
Next port to read input from is inputB
Called postfire()
Called prefire()
Called fire()
Read input token from inputB with value 3.0
Checking for deadlock:
There are 2 Blocked actors, 0 Stopped actors, and 4 active threads.
Waiting for actors to stop.
-- Read input: 1.5, which is expected to match: 1.5
Called prefire()
Called fire()
Called postfire()
Called prefire()
Called fire()
Checking for deadlock:
There are 3 Blocked actors, 0 Stopped actors, and 4 active threads.
Waiting for actors to stop.
-- Read input: 2.0, which is expected to match: 2.0
Called prefire()
Called fire()
Sent output token with value 2.0
Next port to read input from is inputA
Called postfire()
Called prefire()
Called fire()
Read input token from inputA with value 3.0
Sent output token with value 3.0
Next port to read input from is inputB
Called postfire()
Called prefire()
Called fire()
Read input token from inputB with value 4.5
Checking for deadlock:
There are 1 Blocked actors, 0 Stopped actors, and 4 active threads.
Waiting for actors to stop.
Called postfire()
Called prefire()
Called fire()
-- Read input: 3.0, which is expected to match: 3.0
Called prefire()
Called fire()
Called postfire()
Called prefire()
Called fire()
Checking for deadlock:
There are 3 Blocked actors, 0 Stopped actors, and 4 active threads.
Waiting for actors to stop.
Sent output token with value 3.0
Next port to read input from is inputA
Called postfire()
Called prefire()
Called fire()
Read input token from inputA with value 4.0
-- Read input: 3.0, which is expected to match: 3.0
Called prefire()
Called fire()
Checking for deadlock:
There are 2 Blocked actors, 0 Stopped actors, and 4 active threads.
Waiting for actors to stop.
Called postfire()
Called prefire()
Called fire()
Checking for deadlock:
There are 3 Blocked actors, 0 Stopped actors, and 4 active threads.
Waiting for actors to stop.
-- Read input: 4.0, which is expected to match: 4.0
Called prefire()
Called fire()
Past the end of training data. Read and discard all inputs.
Sent output token with value 4.0
Next port to read input from is inputA
Called postfire()
Called prefire()
Called fire()
Read input token from inputA with value 5.0
Sent output token with value 4.5
Next port to read input from is inputB
Called postfire()
Called prefire()
Called fire()
Read input token from inputB with value 6.0
Checking for deadlock:
There are 1 Blocked actors, 0 Stopped actors, and 4 active threads.
Waiting for actors to stop.
Called postfire()
Called prefire()
Called fire()
Called prefire()
Called fire()
Past the end of training data. Read and discard all inputs.
Called postfire()
Called prefire()
Called fire()
Checking for deadlock:
There are 3 Blocked actors, 0 Stopped actors, and 4 active threads.
Waiting for actors to stop.
Called prefire()
Called fire()
Past the end of training data. Read and discard all inputs.
Sent output token with value 5.0
Next port to read input from is inputA
Called postfire()
Called prefire()
Called fire()
Read input token from inputA with value 6.0
Sent output token with value 6.0
Next port to read input from is inputB
Called postfire()
Called prefire()
Called fire()
Read input token from inputB with value 7.5
Checking for deadlock:
There are 1 Blocked actors, 0 Stopped actors, and 4 active threads.
Waiting for actors to stop.
Called postfire()
Called prefire()
Called fire()
Called prefire()
Called fire()
Past the end of training data. Read and discard all inputs.
Called postfire()
Called prefire()
Called fire()
Checking for deadlock:
There are 3 Blocked actors, 0 Stopped actors, and 4 active threads.
Waiting for actors to stop.
Called prefire()
Called fire()
Past the end of training data. Read and discard all inputs.
Sent output token with value 6.0
Next port to read input from is inputA
Called postfire()
Called prefire()
Called fire()
Read input token from inputA with value 7.0
Sent output token with value 7.0
Next port to read input from is inputA
Called postfire()
Called prefire()
Called fire()
Checking for deadlock:
There are 2 Blocked actors, 0 Stopped actors, and 4 active threads.
Waiting for actors to stop.
Called prefire()
Called fire()
Past the end of training data. Read and discard all inputs.
Called postfire()
Called prefire()
Called fire()
Checking for deadlock:
There are 3 Blocked actors, 0 Stopped actors, and 4 active threads.
Waiting for actors to stop.
-- Thread wrapup() called.
Called wrapup()
Thread .top.Ramp is exiting.
-- Thread stopped.
Read input token from inputA with value 8.0
Sent output token with value 7.5
Next port to read input from is inputB
Called postfire()
Called prefire()
Called fire()
Read input token from inputB with value 9.0
Checking for deadlock:
There are 1 Blocked actors, 0 Stopped actors, and 3 active threads.
Waiting for actors to stop.
Called postfire()
Called prefire()
Called fire()
Called prefire()
Called fire()
Past the end of training data. Read and discard all inputs.
Checking for deadlock:
There are 2 Blocked actors, 0 Stopped actors, and 3 active threads.
Waiting for actors to stop.
Called prefire()
Called fire()
Past the end of training data. Read and discard all inputs.
Sent output token with value 8.0
Next port to read input from is inputA
Called postfire()
Called prefire()
Called fire()
Read input token from inputA with value 9.0
Sent output token with value 9.0
Next port to read input from is inputB
Called postfire()
Called prefire()
Called fire()
Read input token from inputB with value 10.5
Checking for deadlock:
There are 1 Blocked actors, 0 Stopped actors, and 3 active threads.
Waiting for actors to stop.
Called postfire()
Called prefire()
Called fire()
Called prefire()
Called fire()
Past the end of training data. Read and discard all inputs.
Checking for deadlock:
There are 2 Blocked actors, 0 Stopped actors, and 3 active threads.
Waiting for actors to stop.
Called prefire()
Called fire()
Past the end of training data. Read and discard all inputs.
Checking for deadlock:
There are 2 Blocked actors, 0 Stopped actors, and 3 active threads.
Waiting for actors to stop.
Sent output token with value 9.0
Next port to read input from is inputA
Called postfire()
Called prefire()
Called fire()
Checking for deadlock:
There are 3 Blocked actors, 0 Stopped actors, and 3 active threads.
Actors have stopped.
Checking for deadlock:
There are 3 Blocked actors, 0 Stopped actors, and 3 active threads.
Deadlock detected.
Resolving Deadlock
Checking for deadlock:
There are 3 Blocked actors, 0 Stopped actors, and 3 active threads.
Artificial Deadlock - increasing queue capacity.
increasing the capacity of receiver ptolemy.actor.TypedIOPort {.top.OrderedMerge.inputB} to 2
-- Thread wrapup() called.
Called wrapup()
Thread .top.Ramp2 is exiting.
-- Thread stopped.
Director: Called postfire().
Called postfire().
_stopRequested = false
_stopFireRequested = false
Returning from postfire(): true
Called fire().
Checking for deadlock:
There are 2 Blocked actors, 0 Stopped actors, and 2 active threads.
Actors have stopped.
Checking for deadlock:
There are 2 Blocked actors, 0 Stopped actors, and 2 active threads.
Deadlock detected.
Resolving Deadlock
Checking for deadlock:
There are 2 Blocked actors, 0 Stopped actors, and 2 active threads.
Deadlock detected: no processes blocked on write, but some are blocked on read.
Called postfire().
_stopRequested = false
_stopFireRequested = false
Returning from postfire(): false
Finished deactivating branches.
Called wrapup().
-- Thread wrapup() called.
Called wrapup()
Thread .top.Test is exiting.
-- Thread stopped.
-- Blocked Receiver call threw TerminateProcessException.
-- Thread wrapup() called.
Called wrapup()
Thread .top.OrderedMerge is exiting.
-- Thread stopped.
-- Blocked Receiver call threw TerminateProcessException.
71 ms. Memory: 160768K Free: 88336K (55%)
.top. Preinitializing ...
Invoking preinitialize():  .top.OrderedMerge
Called preinitialize()
Invoking preinitialize():  .top.Ramp
Called preinitialize()
Invoking preinitialize():  .top.Ramp2
Called preinitialize()
Invoking preinitialize():  .top.Test
Called preinitialize()
.top. Finished preinitialize().
Called initialize().
Invoking initialize():  .top.OrderedMerge
Initializing actor: .top.OrderedMerge
Adding a thread: .top.OrderedMerge
Invoking initialize():  .top.Ramp
Initializing actor: .top.Ramp
Adding a thread: .top.Ramp
Invoking initialize():  .top.Ramp2
Initializing actor: .top.Ramp2
Adding a thread: .top.Ramp2
Invoking initialize():  .top.Test
Initializing actor: .top.Test
Adding a thread: .top.Test
-- Starting thread.
Called initialize()
Called prefire()
Called fire()
-- Starting thread.
Called initialize()
Called prefire()
Called fire()
Called postfire()
Called prefire()
Called fire()
-- Starting thread.
Called initialize()
Called prefire()
Called fire()
Called postfire()
Called prefire()
Called fire()
Called fire().
Checking for deadlock:
There are 3 Blocked actors, 0 Stopped actors, and 4 active threads.
Waiting for actors to stop.
-- Starting thread.
Called initialize()
Called prefire()
Called fire()
Checking for deadlock:
There are 2 Blocked actors, 0 Stopped actors, and 4 active threads.
Waiting for actors to stop.
Called postfire()
Called prefire()
Called fire()
Checking for deadlock:
There are 3 Blocked actors, 0 Stopped actors, and 4 active threads.
Waiting for actors to stop.
Read input token from inputA with value 0.0
Next port to read input from is inputB
Called postfire()
Called prefire()
Called fire()
Called postfire()
Called prefire()
Called fire()
Checking for deadlock:
There are 3 Blocked actors, 0 Stopped actors, and 4 active threads.
Waiting for actors to stop.
Read input token from inputB with value 0.0
Sent output token with value 0.0
-- Read input: 0.0, which is expected to match: 0.0
Next port to read input from is inputA
Called prefire()
Called fire()
Checking for deadlock:
There are 3 Blocked actors, 0 Stopped actors, and 4 active threads.
Waiting for actors to stop.
Called postfire()
Called prefire()
Called fire()
Checking for deadlock:
Called postfire()
Called prefire()
Called fire()
There are 2 Blocked actors, 0 Stopped actors, and 4 active threads.
Waiting for actors to stop.
Checking for deadlock:
There are 3 Blocked actors, 0 Stopped actors, and 4 active threads.
Waiting for actors to stop.
Read input token from inputA with value 1.0
Checking for deadlock:
Sent output token with value 0.0
There are 2 Blocked actors, 0 Stopped actors, and 4 active threads.
Waiting for actors to stop.
Next port to read input from is inputB
Called postfire()
Called prefire()
Called fire()
-- Read input: 0.0, which is expected to match: 0.0
Called prefire()
Called fire()
Read input token from inputB with value 1.5
Checking for deadlock:
There are 2 Blocked actors, 0 Stopped actors, and 4 active threads.
Waiting for actors to stop.
Called postfire()
Called prefire()
Called fire()
Checking for deadlock:
Sent output token with value 1.0
There are 2 Blocked actors, 0 Stopped actors, and 4 active threads.
Waiting for actors to stop.
Next port to read input from is inputA
Called postfire()
Called prefire()
Called fire()
-- Read input: 1.0, which is expected to match: 1.0
Called prefire()
Called postfire()
Checking for deadlock:
There are 1 Blocked actors, 0 Stopped actors, and 4 active threads.
Waiting for actors to stop.
Read input token from inputA with value 2.0
Called fire()
Called prefire()
Called fire()
Checking for deadlock:
There are 2 Blocked actors, 0 Stopped actors, and 4 active threads.
Waiting for actors to stop.
Checking for deadlock:
There are 2 Blocked actors, 0 Stopped actors, and 4 active threads.
Waiting for actors to stop.
Sent output token with value 1.5
-- Read input: 1.5, which is expected to match: 1.5
Called prefire()
Next port to read input from is inputB
Called postfire()
Called fire()
Checking for deadlock:
There are 3 Blocked actors, 0 Stopped actors, and 4 active threads.
Waiting for actors to stop.
Called prefire()
Called fire()
Checking for deadlock:
There are 2 Blocked actors, 0 Stopped actors, and 4 active threads.
Read input token from inputB with value 3.0
Waiting for actors to stop.
Called postfire()
Called prefire()
Called fire()
Checking for deadlock:
There are 2 Blocked actors, 0 Stopped actors, and 4 active threads.
Waiting for actors to stop.
Sent output token with value 2.0
-- Read input: 2.0, which is expected to match: 2.0
Called prefire()
Called fire()
Checking for deadlock:
Next port to read input from is inputA
Called postfire()
There are 3 Blocked actors, 0 Stopped actors, and 4 active threads.
Waiting for actors to stop.
Called prefire()
Called fire()
Checking for deadlock:
There are 2 Blocked actors, 0 Stopped actors, and 4 active threads.
Waiting for actors to stop.
Called postfire()
Called prefire()
Called fire()
Read input token from inputA with value 3.0
Checking for deadlock:
There are 3 Blocked actors, 0 Stopped actors, and 4 active threads.
Waiting for actors to stop.
Checking for deadlock:
There are 2 Blocked actors, 0 Stopped actors, and 4 active threads.
Waiting for actors to stop.
Sent output token with value 3.0
-- Read input: 3.0, which is expected to match: 3.0
Called prefire()
Next port to read input from is inputB
Called postfire()
Called fire()
Called prefire()
Called fire()
Called postfire()
Called prefire()
Called fire()
Checking for deadlock:
There are 3 Blocked actors, 0 Stopped actors, and 4 active threads.
Waiting for actors to stop.
Read input token from inputB with value 4.5
-- Read input: 3.0, which is expected to match: 3.0
Sent output token with value 3.0
Called prefire()
Called fire()
Next port to read input from is inputA
Called postfire()
Checking for deadlock:
There are 3 Blocked actors, 0 Stopped actors, and 4 active threads.
Waiting for actors to stop.
Called prefire()
Called fire()
Checking for deadlock:
There are 2 Blocked actors, 0 Stopped actors, and 4 active threads.
Waiting for actors to stop.
Read input token from inputA with value 4.0
Called postfire()
Called prefire()
Called fire()
Checking for deadlock:
There are 3 Blocked actors, 0 Stopped actors, and 4 active threads.
Waiting for actors to stop.
Checking for deadlock:
There are 2 Blocked actors, 0 Stopped actors, and 4 active threads.
Waiting for actors to stop.
Sent output token with value 4.0
Next port to read input from is inputA
-- Read input: 4.0, which is expected to match: 4.0
Called prefire()
Called fire()
Past the end of training data. Read and discard all inputs.
Checking for deadlock:
Called postfire()
There are 3 Blocked actors, 0 Stopped actors, and 4 active threads.
Waiting for actors to stop.
Called prefire()
Called fire()
Checking for deadlock:
There are 2 Blocked actors, 0 Stopped actors, and 4 active threads.
Waiting for actors to stop.
Called postfire()
Called prefire()
Called fire()
Read input token from inputA with value 5.0
Checking for deadlock:
There are 3 Blocked actors, 0 Stopped actors, and 4 active threads.
Waiting for actors to stop.
Called prefire()
Called fire()
Past the end of training data. Read and discard all inputs.
Sent output token with value 4.5
Checking for deadlock:
There are 3 Blocked actors, 0 Stopped actors, and 4 active threads.
Waiting for actors to stop.
Next port to read input from is inputB
Called postfire()
Called prefire()
Called fire()
Checking for deadlock:
There are 2 Blocked actors, 0 Stopped actors, and 4 active threads.
Waiting for actors to stop.
Called postfire()
Called prefire()
Called fire()
Read input token from inputB with value 6.0
Checking for deadlock:
There are 3 Blocked actors, 0 Stopped actors, and 4 active threads.
Waiting for actors to stop.
Checking for deadlock:
There are 2 Blocked actors, 0 Stopped actors, and 4 active threads.
Waiting for actors to stop.
Sent output token with value 5.0
Called prefire()
Called fire()
Past the end of training data. Read and discard all inputs.
Next port to read input from is inputA
Called postfire()
Called prefire()
Called fire()
Checking for deadlock:
There are 3 Blocked actors, 0 Stopped actors, and 4 active threads.
Waiting for actors to stop.
Checking for deadlock:
Called postfire()
There are 2 Blocked actors, 0 Stopped actors, and 4 active threads.
Waiting for actors to stop.
Called prefire()
Called fire()
Checking for deadlock:
There are 3 Blocked actors, 0 Stopped actors, and 4 active threads.
Waiting for actors to stop.
Read input token from inputA with value 6.0
Checking for deadlock:
There are 2 Blocked actors, 0 Stopped actors, and 4 active threads.
Waiting for actors to stop.
Sent output token with value 6.0
Called prefire()
Called fire()
Past the end of training data. Read and discard all inputs.
Next port to read input from is inputB
Called postfire()
Called prefire()
Called fire()
Checking for deadlock:
There are 3 Blocked actors, 0 Stopped actors, and 4 active threads.
Waiting for actors to stop.
Checking for deadlock:
There are 2 Blocked actors, 0 Stopped actors, and 4 active threads.
Waiting for actors to stop.
Called postfire()
Called prefire()
Called fire()
Checking for deadlock:
There are 3 Blocked actors, 0 Stopped actors, and 4 active threads.
Waiting for actors to stop.
Read input token from inputB with value 7.5
Checking for deadlock:
There are 2 Blocked actors, 0 Stopped actors, and 4 active threads.
Waiting for actors to stop.
Sent output token with value 6.0
Called prefire()
Called fire()
Past the end of training data. Read and discard all inputs.
Checking for deadlock:
Next port to read input from is inputA
There are 3 Blocked actors, 0 Stopped actors, and 4 active threads.
Waiting for actors to stop.
Called postfire()
Called prefire()
Called fire()
Checking for deadlock:
There are 2 Blocked actors, 0 Stopped actors, and 4 active threads.
Waiting for actors to stop.
Called postfire()
Called prefire()
Called fire()
Read input token from inputA with value 7.0
Checking for deadlock:
There are 3 Blocked actors, 0 Stopped actors, and 4 active threads.
Waiting for actors to stop.
Checking for deadlock:
There are 2 Blocked actors, 0 Stopped actors, and 4 active threads.
Waiting for actors to stop.
Sent output token with value 7.0
Next port to read input from is inputA
Called prefire()
Called fire()
Past the end of training data. Read and discard all inputs.
Checking for deadlock:
There are 3 Blocked actors, 0 Stopped actors, and 4 active threads.
Waiting for actors to stop.
Called postfire()
Called prefire()
Called fire()
Checking for deadlock:
There are 2 Blocked actors, 0 Stopped actors, and 4 active threads.
Waiting for actors to stop.
-- Thread wrapup() called.
Called wrapup()
Thread .top.Ramp is exiting.
-- Thread stopped.
Checking for deadlock:
There are 2 Blocked actors, 0 Stopped actors, and 3 active threads.
Waiting for actors to stop.
Read input token from inputA with value 8.0
Called prefire()
Called fire()
Past the end of training data. Read and discard all inputs.
Checking for deadlock:
There are 2 Blocked actors, 0 Stopped actors, and 3 active threads.
Waiting for actors to stop.
Sent output token with value 7.5
Next port to read input from is inputB
Called postfire()
Called prefire()
Called fire()
Checking for deadlock:
Read input token from inputB with value 9.0
There are 1 Blocked actors, 0 Stopped actors, and 3 active threads.
Waiting for actors to stop.
Sent output token with value 8.0
Called postfire()
Called prefire()
Next port to read input from is inputA
Called postfire()
Called fire()
Called prefire()
Called fire()
Checking for deadlock:
There are 1 Blocked actors, 0 Stopped actors, and 3 active threads.
Waiting for actors to stop.
Called prefire()
Called fire()
Past the end of training data. Read and discard all inputs.
Checking for deadlock:
There are 2 Blocked actors, 0 Stopped actors, and 3 active threads.
Waiting for actors to stop.
Read input token from inputA with value 9.0
Sent output token with value 9.0
Called prefire()
Called fire()
Past the end of training data. Read and discard all inputs.
Next port to read input from is inputB
Called postfire()
Called prefire()
Checking for deadlock:
Called fire()
There are 2 Blocked actors, 0 Stopped actors, and 3 active threads.
Waiting for actors to stop.
Checking for deadlock:
Read input token from inputB with value 10.5
There are 1 Blocked actors, 0 Stopped actors, and 3 active threads.
Waiting for actors to stop.
Sent output token with value 9.0
Called postfire()
Called prefire()
Called fire()
Next port to read input from is inputA
Called postfire()
Called prefire()
Called fire()
Called prefire()
Called fire()
Past the end of training data. Read and discard all inputs.
Checking for deadlock:
There are 3 Blocked actors, 0 Stopped actors, and 3 active threads.
Actors have stopped.
Checking for deadlock:
There are 3 Blocked actors, 0 Stopped actors, and 3 active threads.
Deadlock detected.
Resolving Deadlock
Checking for deadlock:
There are 3 Blocked actors, 0 Stopped actors, and 3 active threads.
Artificial Deadlock - increasing queue capacity.
increasing the capacity of receiver ptolemy.actor.TypedIOPort {.top.OrderedMerge.inputB} to 2
Director: Called postfire().
Called postfire().
_stopRequested = false
_stopFireRequested = false
Returning from postfire(): true
Called fire().
Checking for deadlock:
There are 2 Blocked actors, 0 Stopped actors, and 3 active threads.
Waiting for actors to stop.
-- Thread wrapup() called.
Called wrapup()
Thread .top.Ramp2 is exiting.
-- Thread stopped.
Checking for deadlock:
There are 2 Blocked actors, 0 Stopped actors, and 2 active threads.
Actors have stopped.
Checking for deadlock:
There are 2 Blocked actors, 0 Stopped actors, and 2 active threads.
Deadlock detected.
Resolving Deadlock
Checking for deadlock:
There are 2 Blocked actors, 0 Stopped actors, and 2 active threads.
Deadlock detected: no processes blocked on write, but some are blocked on read.
Called postfire().
_stopRequested = false
_stopFireRequested = false
Returning from postfire(): false
Finished deactivating branches.
Called wrapup().
-- Thread wrapup() called.
-- Thread wrapup() called.
Called wrapup()
Called wrapup()
Thread .top.OrderedMerge is exiting.
-- Thread stopped.
-- Blocked Receiver call threw TerminateProcessException.
Thread .top.Test is exiting.
-- Thread stopped.
-- Blocked Receiver call threw TerminateProcessException.
71 ms. Memory: 160768K Free: 85774K (53%)
/home/travis/build/icyphy/ptII/ptolemy/actor/lib/test/Publisher.tcl
21 ms. Memory: 160768K Free: 79630K (50%)
14 ms. Memory: 160768K Free: 74504K (46%)
4 ms. Memory: 160768K Free: 70400K (44%)
16 ms. Memory: 160768K Free: 69376K (43%)
3 ms. Memory: 160768K Free: 68880K (43%)
12 ms. Memory: 160768K Free: 67856K (42%)
3 ms. Memory: 160768K Free: 67342K (42%)
29 ms. Memory: 160768K Free: 145063K (90%)
30 ms. Memory: 160768K Free: 135337K (84%)
7 ms. Memory: 160768K Free: 131241K (82%)
4 ms. Memory: 160768K Free: 130713K (81%)
4 ms. Memory: 160768K Free: 128169K (80%)
6 ms. Memory: 160768K Free: 120473K (75%)
8 ms. Memory: 160768K Free: 111271K (69%)
15 ms. Memory: 160768K Free: 100007K (62%)
/home/travis/build/icyphy/ptII/ptolemy/actor/lib/test/Pulse.tcl
2 ms. Memory: 160768K Free: 62633K (39%)
7 ms. Memory: 160768K Free: 62105K (39%)
1 ms. Memory: 160768K Free: 61609K (38%)
2 ms. Memory: 160768K Free: 61065K (38%)
2 ms. Memory: 160768K Free: 60585K (38%)
8 ms. Memory: 160768K Free: 59047K (37%)
9 ms. Memory: 160768K Free: 58537K (36%)
3 ms. Memory: 160768K Free: 57513K (36%)
4 ms. Memory: 160768K Free: 56999K (35%)
/home/travis/build/icyphy/ptII/ptolemy/actor/lib/test/Ramp.tcl
32 ms. Memory: 229376K Free: 212649K (93%)
4 ms. Memory: 229376K Free: 212137K (92%)
3 ms. Memory: 229376K Free: 211113K (92%)
2 ms. Memory: 229376K Free: 210585K (92%)
6 ms. Memory: 229376K Free: 209545K (91%)
34 ms. Memory: 229376K Free: 209065K (91%)
6 ms. Memory: 229376K Free: 208041K (91%)
5 actors
7000 microseconds per iteration to create
12 ms. Memory: 229376K Free: 205465K (90%)
10 ms. Memory: 229376K Free: 204441K (89%)
2 ms. Memory: 229376K Free: 203945K (89%)
2 ms. Memory: 229376K Free: 203431K (89%)
50 actors
54000 microseconds per iteration to create
34 ms. Memory: 229376K Free: 188071K (82%)
6 ms. Memory: 229376K Free: 187047K (82%)
5 ms. Memory: 229376K Free: 186023K (81%)
5 ms. Memory: 229376K Free: 184489K (80%)
500 actors
1723000 microseconds per iteration to create
273 ms. Memory: 229376K Free: 130215K (57%)
53 ms. Memory: 229376K Free: 124585K (54%)
61 ms. Memory: 229376K Free: 119465K (52%)
44 ms. Memory: 229376K Free: 114345K (50%)
/home/travis/build/icyphy/ptII/ptolemy/actor/lib/test/RampContinuous.tcl
8 ms. Memory: 229376K Free: 112807K (49%)
/home/travis/build/icyphy/ptII/ptolemy/actor/lib/test/RecordAssembler.tcl
5 ms. Memory: 229376K Free: 111273K (49%)
5 ms. Memory: 229376K Free: 110249K (48%)
/home/travis/build/icyphy/ptII/ptolemy/actor/lib/test/RecordDisassembler.tcl
7 ms. Memory: 229376K Free: 108201K (47%)
5 ms. Memory: 229376K Free: 107673K (47%)
9 ms. Memory: 229376K Free: 106649K (46%)
/home/travis/build/icyphy/ptII/ptolemy/actor/lib/test/Scale.tcl
3 ms. Memory: 229376K Free: 104615K (46%)
2 ms. Memory: 229376K Free: 104105K (45%)
1 ms. Memory: 229376K Free: 103081K (45%)
7 ms. Memory: 229376K Free: 102057K (44%)
3 ms. Memory: 229376K Free: 101543K (44%)
/home/travis/build/icyphy/ptII/ptolemy/actor/lib/test/SequentialClock.tcl
preinitializing
resolving types
initializing
executing number 1
wrapping up
idle
12 ms. Memory: 229376K Free: 100009K (44%)
Completed execution with 5 iterations
preinitializing
resolving types
initializing
executing number 1
wrapping up
idle
2 ms. Memory: 229376K Free: 99489K (43%)
Completed execution with 5 iterations
preinitializing
resolving types
initializing
executing number 1
wrapping up
idle
1 ms. Memory: 229376K Free: 98985K (43%)
Completed execution with 5 iterations
/home/travis/build/icyphy/ptII/ptolemy/actor/lib/test/SetVariable.tcl
5 ms. Memory: 229376K Free: 97433K (42%)


==== $PTII/ptolemy/actor/lib/test/SetVariable.tcl: SetVariable-3.1 changeFailed
==== Contents of test case:

    #Uses 2.1 above
    jdkCaptureErr {
        # This test was failing if we ran Exit.tcl and then this test.
        # MessageHandler.error() now actually throws the Exception.
	catch {$setVariable changeFailed [java::null]  [java::new Exception {Test exception for SetVariable.changeFailed()}]} errMsg
    } results
    list [string range $results 0 89] "\n" $errMsg

==== Result was:
{java.lang.Exception: Test exception for SetVariable.changeFailed()
	at java.base/jdk.inter} {
} {java.lang.RuntimeException: java.lang.Exception: Test exception for SetVariable.changeFailed()}
---- Result should have been:
{java.lang.Exception: Test exception for SetVariable.changeFailed()
	at sun.reflect.NativeC} {
} {java.lang.RuntimeException: java.lang.Exception: Test exception for SetVariable.changeFailed()}
---- SetVariable-3.1 FAILED
/home/travis/build/icyphy/ptII/ptolemy/actor/lib/test/Sinewave.tcl
/home/travis/build/icyphy/ptII/ptolemy/actor/lib/test/SubscriptionAggregator.tcl
12 ms. Memory: 229376K Free: 85159K (37%)
2 ms. Memory: 229376K Free: 84649K (37%)
9 ms. Memory: 229376K Free: 84129K (37%)
1 ms. Memory: 229376K Free: 84129K (37%)
2 ms. Memory: 229376K Free: 205596K (90%)
10 ms. Memory: 229376K Free: 203034K (89%)
...............................................................1082 ms. Memory: 318464K Free: 177939K (56%)
/home/travis/build/icyphy/ptII/ptolemy/actor/lib/test/Test.tcl
 The next command will produce a warning about training mode,
   which may be ignored.
6 ms. Memory: 318464K Free: 175877K (55%)
4 ms. Memory: 318464K Free: 175381K (55%)
2 ms. Memory: 318464K Free: 174853K (55%)
2 ms. Memory: 318464K Free: 174357K (55%)
4 ms. Memory: 318464K Free: 173333K (54%)
3 ms. Memory: 318464K Free: 172309K (54%)
6 ms. Memory: 318464K Free: 170771K (54%)
 The next command will produce a warning about training mode,
   which may be ignored.
12 ms. Memory: 318464K Free: 168709K (53%)
 The next command will produce a warning about training mode,
   which may be ignored.
4 ms. Memory: 318464K Free: 167189K (52%)
2 ms. Memory: 318464K Free: 167189K (52%)
2 ms. Memory: 318464K Free: 166669K (52%)
2 ms. Memory: 318464K Free: 166165K (52%)
6 ms. Memory: 318464K Free: 165141K (52%)
3 ms. Memory: 318464K Free: 161045K (51%)
/home/travis/build/icyphy/ptII/ptolemy/actor/lib/test/TestExceptionHandler.tcl
 The next command will produce a warning about training mode,
   which may be ignored.
3 ms. Memory: 318464K Free: 160021K (50%)
0 ms. Memory: 318464K Free: 159477K (50%)
1 ms. Memory: 318464K Free: 158997K (50%)
/home/travis/build/icyphy/ptII/ptolemy/actor/lib/test/UnionDisassembler.tcl
28 ms. Memory: 318464K Free: 151829K (48%)
/home/travis/build/icyphy/ptII/ptolemy/actor/lib/test/VariableClock.tcl
preinitializing
resolving types
initializing
executing number 1
wrapping up
idle
8 ms. Memory: 318464K Free: 149781K (47%)
Completed execution with 11 iterations
preinitializing
resolving types
initializing
executing number 1
wrapping up
idle
4 ms. Memory: 318464K Free: 148229K (47%)
Completed execution with 10 iterations
06/27/19 04:47:34
Failed: 2  Total Tests: 234  ((Passed: 232, Newly Passed: 0)  Known Failed: 0) /home/travis/build/icyphy/ptII/ptolemy/actor/lib/test
----------------- testing (KnownFailure) /home/travis/build/icyphy/ptII/ptolemy/actor/lib/test/auto/knownFailedTests/PublisherPortToplevelSubscriber.xml
1 ms. Memory: 318464K Free: 144661K (45%)
Known Failure: java.lang.reflect.InvocationTargetException
----------------- testing (KnownFailure) /home/travis/build/icyphy/ptII/ptolemy/actor/lib/test/auto/knownFailedTests/PublisherSubscriberPortToplevel.xml
1 ms. Memory: 318464K Free: 141075K (44%)
Known Failure: java.lang.reflect.InvocationTargetException
----------------- testing (KnownFailure) /home/travis/build/icyphy/ptII/ptolemy/actor/lib/test/auto/knownFailedTests/PublisherSubscriptionAggregatorPort.xml
0 ms. Memory: 318464K Free: 136979K (43%)
Known Failure: java.lang.reflect.InvocationTargetException
----------------- testing (KnownFailure) /home/travis/build/icyphy/ptII/ptolemy/actor/lib/test/auto/knownFailedTests/sizedarray3.xml
4 ms. Memory: 318464K Free: 132883K (42%)
Known Failure: java.lang.reflect.InvocationTargetException
No auto/linux-amd64/*.xml tests in /home/travis/build/icyphy/ptII/ptolemy/actor/lib/test
AutoTests.java: About to close Vertx.
AutoTests.java: Vertx closed.

===========================================================================================
----------------- testing Thu Jun 27 04:47:35 UTC 2019 /home/travis/build/icyphy/ptII/ptolemy/actor/lib/test/auto/AbsoluteValue.xml
----------------- Instantiating /home/travis/build/icyphy/ptII/ptolemy/actor/lib/test/auto/AbsoluteValue.xml
4 ms. Memory: 318464K Free: 109845K (34%)
----------------- Invoking toplevel() on ptolemy.moml.MoMLSimpleApplication@b6f7eea
----------------- Done invoking toplevel() on ptolemy.moml.MoMLSimpleApplication@b6f7eea
reloadAllAccessors: .AbsoluteValue

===========================================================================================
----------------- testing Thu Jun 27 04:47:35 UTC 2019 /home/travis/build/icyphy/ptII/ptolemy/actor/lib/test/auto/AbsoluteValue2.xml
----------------- Instantiating /home/travis/build/icyphy/ptII/ptolemy/actor/lib/test/auto/AbsoluteValue2.xml
5 ms. Memory: 318464K Free: 267024K (84%)
----------------- Invoking toplevel() on ptolemy.moml.MoMLSimpleApplication@42f3ff12
----------------- Done invoking toplevel() on ptolemy.moml.MoMLSimpleApplication@42f3ff12
reloadAllAccessors: .AbsoluteValue2

===========================================================================================
----------------- testing Thu Jun 27 04:47:35 UTC 2019 /home/travis/build/icyphy/ptII/ptolemy/actor/lib/test/auto/Accumulator.xml
----------------- Instantiating /home/travis/build/icyphy/ptII/ptolemy/actor/lib/test/auto/Accumulator.xml
6 ms. Memory: 318464K Free: 260880K (82%)
----------------- Invoking toplevel() on ptolemy.moml.MoMLSimpleApplication@7869f4b7
----------------- Done invoking toplevel() on ptolemy.moml.MoMLSimpleApplication@7869f4b7
reloadAllAccessors: .Accumulator

===========================================================================================
----------------- testing Thu Jun 27 04:47:35 UTC 2019 /home/travis/build/icyphy/ptII/ptolemy/actor/lib/test/auto/Accumulator2.xml
----------------- Instantiating /home/travis/build/icyphy/ptII/ptolemy/actor/lib/test/auto/Accumulator2.xml
13 ms. Memory: 318464K Free: 255760K (80%)
----------------- Invoking toplevel() on ptolemy.moml.MoMLSimpleApplication@af6645a
----------------- Done invoking toplevel() on ptolemy.moml.MoMLSimpleApplication@af6645a
reloadAllAccessors: .Accumulator2

===========================================================================================
----------------- testing Thu Jun 27 04:47:35 UTC 2019 /home/travis/build/icyphy/ptII/ptolemy/actor/lib/test/auto/Accumulator3.xml
----------------- Instantiating /home/travis/build/icyphy/ptII/ptolemy/actor/lib/test/auto/Accumulator3.xml
3 ms. Memory: 318464K Free: 251150K (79%)
----------------- Invoking toplevel() on ptolemy.moml.MoMLSimpleApplication@513df998
----------------- Done invoking toplevel() on ptolemy.moml.MoMLSimpleApplication@513df998
reloadAllAccessors: .Accumulator3

===========================================================================================
----------------- testing Thu Jun 27 04:47:35 UTC 2019 /home/travis/build/icyphy/ptII/ptolemy/actor/lib/test/auto/ArrayAppend.xml
----------------- Instantiating /home/travis/build/icyphy/ptII/ptolemy/actor/lib/test/auto/ArrayAppend.xml
4 ms. Memory: 318464K Free: 244976K (77%)
----------------- Invoking toplevel() on ptolemy.moml.MoMLSimpleApplication@513f1f5e
----------------- Done invoking toplevel() on ptolemy.moml.MoMLSimpleApplication@513f1f5e
reloadAllAccessors: .ArrayAppend

===========================================================================================
----------------- testing Thu Jun 27 04:47:35 UTC 2019 /home/travis/build/icyphy/ptII/ptolemy/actor/lib/test/auto/ArrayAppend2.xml
----------------- Instantiating /home/travis/build/icyphy/ptII/ptolemy/actor/lib/test/auto/ArrayAppend2.xml
291 ms. Memory: 318464K Free: 179470K (56%)
----------------- Invoking toplevel() on ptolemy.moml.MoMLSimpleApplication@2ade1b73
----------------- Done invoking toplevel() on ptolemy.moml.MoMLSimpleApplication@2ade1b73
reloadAllAccessors: .ArrayAppend2

===========================================================================================
----------------- testing Thu Jun 27 04:47:36 UTC 2019 /home/travis/build/icyphy/ptII/ptolemy/actor/lib/test/auto/ArrayAppend3.xml
----------------- Instantiating /home/travis/build/icyphy/ptII/ptolemy/actor/lib/test/auto/ArrayAppend3.xml
4 ms. Memory: 318464K Free: 174350K (55%)
----------------- Invoking toplevel() on ptolemy.moml.MoMLSimpleApplication@3b0a1aa5
----------------- Done invoking toplevel() on ptolemy.moml.MoMLSimpleApplication@3b0a1aa5
reloadAllAccessors: .ArrayAppend3

===========================================================================================
----------------- testing Thu Jun 27 04:47:36 UTC 2019 /home/travis/build/icyphy/ptII/ptolemy/actor/lib/test/auto/ArrayAppend4.xml
----------------- Instantiating /home/travis/build/icyphy/ptII/ptolemy/actor/lib/test/auto/ArrayAppend4.xml
2 ms. Memory: 318464K Free: 169230K (53%)
----------------- Invoking toplevel() on ptolemy.moml.MoMLSimpleApplication@699c28aa
----------------- Done invoking toplevel() on ptolemy.moml.MoMLSimpleApplication@699c28aa
reloadAllAccessors: .ArrayAppend4

===========================================================================================
----------------- testing Thu Jun 27 04:47:36 UTC 2019 /home/travis/build/icyphy/ptII/ptolemy/actor/lib/test/auto/ArrayAppend5.xml
----------------- Instantiating /home/travis/build/icyphy/ptII/ptolemy/actor/lib/test/auto/ArrayAppend5.xml
6 ms. Memory: 318464K Free: 164110K (52%)
----------------- Invoking toplevel() on ptolemy.moml.MoMLSimpleApplication@2de53731
----------------- Done invoking toplevel() on ptolemy.moml.MoMLSimpleApplication@2de53731
reloadAllAccessors: .ArrayAppend5

===========================================================================================
----------------- testing Thu Jun 27 04:47:36 UTC 2019 /home/travis/build/icyphy/ptII/ptolemy/actor/lib/test/auto/ArrayAppend6.xml
----------------- Instantiating /home/travis/build/icyphy/ptII/ptolemy/actor/lib/test/auto/ArrayAppend6.xml
4 ms. Memory: 318464K Free: 157966K (50%)
----------------- Invoking toplevel() on ptolemy.moml.MoMLSimpleApplication@12073e08
----------------- Done invoking toplevel() on ptolemy.moml.MoMLSimpleApplication@12073e08
reloadAllAccessors: .ArrayAppend6

===========================================================================================
----------------- testing Thu Jun 27 04:47:36 UTC 2019 /home/travis/build/icyphy/ptII/ptolemy/actor/lib/test/auto/ArrayAppendPerformanceTest.xml
----------------- Instantiating /home/travis/build/icyphy/ptII/ptolemy/actor/lib/test/auto/ArrayAppendPerformanceTest.xml
25 ms. Memory: 318464K Free: 146702K (46%)
----------------- Invoking toplevel() on ptolemy.moml.MoMLSimpleApplication@67934605
----------------- Done invoking toplevel() on ptolemy.moml.MoMLSimpleApplication@67934605
reloadAllAccessors: .ArrayAppendPerformanceTest

===========================================================================================
----------------- testing Thu Jun 27 04:47:36 UTC 2019 /home/travis/build/icyphy/ptII/ptolemy/actor/lib/test/auto/ArrayAppendWithEmptyInput.xml
----------------- Instantiating /home/travis/build/icyphy/ptII/ptolemy/actor/lib/test/auto/ArrayAppendWithEmptyInput.xml
19 ms. Memory: 318464K Free: 139024K (44%)
----------------- Invoking toplevel() on ptolemy.moml.MoMLSimpleApplication@786c0449
----------------- Done invoking toplevel() on ptolemy.moml.MoMLSimpleApplication@786c0449
reloadAllAccessors: .ArrayAppendWithEmptyInput

===========================================================================================
----------------- testing Thu Jun 27 04:47:36 UTC 2019 /home/travis/build/icyphy/ptII/ptolemy/actor/lib/test/auto/ArrayAverage.xml
----------------- Instantiating /home/travis/build/icyphy/ptII/ptolemy/actor/lib/test/auto/ArrayAverage.xml
7 ms. Memory: 318464K Free: 130832K (41%)
----------------- Invoking toplevel() on ptolemy.moml.MoMLSimpleApplication@281eb089
----------------- Done invoking toplevel() on ptolemy.moml.MoMLSimpleApplication@281eb089
reloadAllAccessors: .ArrayAverage

===========================================================================================
----------------- testing Thu Jun 27 04:47:36 UTC 2019 /home/travis/build/icyphy/ptII/ptolemy/actor/lib/test/auto/ArrayContains.xml
----------------- Instantiating /home/travis/build/icyphy/ptII/ptolemy/actor/lib/test/auto/ArrayContains.xml
4 ms. Memory: 318464K Free: 125198K (39%)
----------------- Invoking toplevel() on ptolemy.moml.MoMLSimpleApplication@562d70a8
----------------- Done invoking toplevel() on ptolemy.moml.MoMLSimpleApplication@562d70a8
reloadAllAccessors: .ArrayContains

===========================================================================================
----------------- testing Thu Jun 27 04:47:36 UTC 2019 /home/travis/build/icyphy/ptII/ptolemy/actor/lib/test/auto/ArrayElement.xml
----------------- Instantiating /home/travis/build/icyphy/ptII/ptolemy/actor/lib/test/auto/ArrayElement.xml
3 ms. Memory: 318464K Free: 119054K (37%)
----------------- Invoking toplevel() on ptolemy.moml.MoMLSimpleApplication@70506078
----------------- Done invoking toplevel() on ptolemy.moml.MoMLSimpleApplication@70506078
reloadAllAccessors: .ArrayElement

===========================================================================================
----------------- testing Thu Jun 27 04:47:36 UTC 2019 /home/travis/build/icyphy/ptII/ptolemy/actor/lib/test/auto/ArrayElementAsMatrix.xml
----------------- Instantiating /home/travis/build/icyphy/ptII/ptolemy/actor/lib/test/auto/ArrayElementAsMatrix.xml
18 ms. Memory: 318464K Free: 109328K (34%)
----------------- Invoking toplevel() on ptolemy.moml.MoMLSimpleApplication@554140e0
----------------- Done invoking toplevel() on ptolemy.moml.MoMLSimpleApplication@554140e0
reloadAllAccessors: .ArrayElementAsMatrix

===========================================================================================
----------------- testing Thu Jun 27 04:47:36 UTC 2019 /home/travis/build/icyphy/ptII/ptolemy/actor/lib/test/auto/ArrayElementI.xml
----------------- Instantiating /home/travis/build/icyphy/ptII/ptolemy/actor/lib/test/auto/ArrayElementI.xml
9 ms. Memory: 318464K Free: 269706K (85%)
----------------- Invoking toplevel() on ptolemy.moml.MoMLSimpleApplication@299f4bd
----------------- Done invoking toplevel() on ptolemy.moml.MoMLSimpleApplication@299f4bd
reloadAllAccessors: .ArrayElementI

===========================================================================================
----------------- testing Thu Jun 27 04:47:36 UTC 2019 /home/travis/build/icyphy/ptII/ptolemy/actor/lib/test/auto/ArrayExtract.xml
----------------- Instantiating /home/travis/build/icyphy/ptII/ptolemy/actor/lib/test/auto/ArrayExtract.xml
5 ms. Memory: 318464K Free: 261018K (82%)
----------------- Invoking toplevel() on ptolemy.moml.MoMLSimpleApplication@1e94af23
----------------- Done invoking toplevel() on ptolemy.moml.MoMLSimpleApplication@1e94af23
reloadAllAccessors: .ArrayExtract

===========================================================================================
----------------- testing Thu Jun 27 04:47:36 UTC 2019 /home/travis/build/icyphy/ptII/ptolemy/actor/lib/test/auto/ArrayExtract2.xml
----------------- Instantiating /home/travis/build/icyphy/ptII/ptolemy/actor/lib/test/auto/ArrayExtract2.xml
2 ms. Memory: 318464K Free: 255898K (80%)
----------------- Invoking toplevel() on ptolemy.moml.MoMLSimpleApplication@4d1f694a
----------------- Done invoking toplevel() on ptolemy.moml.MoMLSimpleApplication@4d1f694a
reloadAllAccessors: .ArrayExtract2

===========================================================================================
----------------- testing Thu Jun 27 04:47:36 UTC 2019 /home/travis/build/icyphy/ptII/ptolemy/actor/lib/test/auto/ArrayLength.xml
----------------- Instantiating /home/travis/build/icyphy/ptII/ptolemy/actor/lib/test/auto/ArrayLength.xml
2 ms. Memory: 318464K Free: 251802K (79%)
----------------- Invoking toplevel() on ptolemy.moml.MoMLSimpleApplication@23aea618
----------------- Done invoking toplevel() on ptolemy.moml.MoMLSimpleApplication@23aea618
reloadAllAccessors: .ArrayLength

===========================================================================================
----------------- testing Thu Jun 27 04:47:36 UTC 2019 /home/travis/build/icyphy/ptII/ptolemy/actor/lib/test/auto/ArrayLevelCrossing.xml
----------------- Instantiating /home/travis/build/icyphy/ptII/ptolemy/actor/lib/test/auto/ArrayLevelCrossing.xml
5 ms. Memory: 318464K Free: 244120K (77%)
----------------- Invoking toplevel() on ptolemy.moml.MoMLSimpleApplication@44b5096e
----------------- Done invoking toplevel() on ptolemy.moml.MoMLSimpleApplication@44b5096e
reloadAllAccessors: .ArrayLevelCrossing

===========================================================================================
----------------- testing Thu Jun 27 04:47:36 UTC 2019 /home/travis/build/icyphy/ptII/ptolemy/actor/lib/test/auto/ArrayLevelCrossing2.xml
----------------- Instantiating /home/travis/build/icyphy/ptII/ptolemy/actor/lib/test/auto/ArrayLevelCrossing2.xml
3 ms. Memory: 318464K Free: 236442K (74%)
----------------- Invoking toplevel() on ptolemy.moml.MoMLSimpleApplication@7e3cc3d0
----------------- Done invoking toplevel() on ptolemy.moml.MoMLSimpleApplication@7e3cc3d0
reloadAllAccessors: .ArrayLevelCrossing2

===========================================================================================
----------------- testing Thu Jun 27 04:47:37 UTC 2019 /home/travis/build/icyphy/ptII/ptolemy/actor/lib/test/auto/ArrayPeakSearch.xml
----------------- Instantiating /home/travis/build/icyphy/ptII/ptolemy/actor/lib/test/auto/ArrayPeakSearch.xml
6 ms. Memory: 318464K Free: 227736K (72%)
----------------- Invoking toplevel() on ptolemy.moml.MoMLSimpleApplication@21164994
----------------- Done invoking toplevel() on ptolemy.moml.MoMLSimpleApplication@21164994
reloadAllAccessors: .ArrayPeakSearch

===========================================================================================
----------------- testing Thu Jun 27 04:47:37 UTC 2019 /home/travis/build/icyphy/ptII/ptolemy/actor/lib/test/auto/ArrayPeakSearch2.xml
----------------- Instantiating /home/travis/build/icyphy/ptII/ptolemy/actor/lib/test/auto/ArrayPeakSearch2.xml
5 ms. Memory: 318464K Free: 216986K (68%)
----------------- Invoking toplevel() on ptolemy.moml.MoMLSimpleApplication@91f88e4
----------------- Done invoking toplevel() on ptolemy.moml.MoMLSimpleApplication@91f88e4
reloadAllAccessors: .ArrayPeakSearch2

===========================================================================================
----------------- testing Thu Jun 27 04:47:37 UTC 2019 /home/travis/build/icyphy/ptII/ptolemy/actor/lib/test/auto/ArrayPeakSearch3.xml
----------------- Instantiating /home/travis/build/icyphy/ptII/ptolemy/actor/lib/test/auto/ArrayPeakSearch3.xml
6 ms. Memory: 318464K Free: 208280K (65%)
----------------- Invoking toplevel() on ptolemy.moml.MoMLSimpleApplication@55206cd
----------------- Done invoking toplevel() on ptolemy.moml.MoMLSimpleApplication@55206cd
reloadAllAccessors: .ArrayPeakSearch3

===========================================================================================
----------------- testing Thu Jun 27 04:47:37 UTC 2019 /home/travis/build/icyphy/ptII/ptolemy/actor/lib/test/auto/ArrayRemoveElement.xml
----------------- Instantiating /home/travis/build/icyphy/ptII/ptolemy/actor/lib/test/auto/ArrayRemoveElement.xml
4 ms. Memory: 318464K Free: 200088K (63%)
----------------- Invoking toplevel() on ptolemy.moml.MoMLSimpleApplication@3c3236ab
----------------- Done invoking toplevel() on ptolemy.moml.MoMLSimpleApplication@3c3236ab
reloadAllAccessors: .ArrayRemoveElement

===========================================================================================
----------------- testing Thu Jun 27 04:47:37 UTC 2019 /home/travis/build/icyphy/ptII/ptolemy/actor/lib/test/auto/ArraySort.xml
----------------- Instantiating /home/travis/build/icyphy/ptII/ptolemy/actor/lib/test/auto/ArraySort.xml
11 ms. Memory: 318464K Free: 191386K (60%)
----------------- Invoking toplevel() on ptolemy.moml.MoMLSimpleApplication@40ca8883
----------------- Done invoking toplevel() on ptolemy.moml.MoMLSimpleApplication@40ca8883
reloadAllAccessors: .ArraySort

===========================================================================================
----------------- testing Thu Jun 27 04:47:37 UTC 2019 /home/travis/build/icyphy/ptII/ptolemy/actor/lib/test/auto/ArraySum.xml
----------------- Instantiating /home/travis/build/icyphy/ptII/ptolemy/actor/lib/test/auto/ArraySum.xml
5 ms. Memory: 318464K Free: 185752K (58%)
----------------- Invoking toplevel() on ptolemy.moml.MoMLSimpleApplication@3c253b95
----------------- Done invoking toplevel() on ptolemy.moml.MoMLSimpleApplication@3c253b95
reloadAllAccessors: .ArraySum

===========================================================================================
----------------- testing Thu Jun 27 04:47:37 UTC 2019 /home/travis/build/icyphy/ptII/ptolemy/actor/lib/test/auto/ArrayToElements.xml
----------------- Instantiating /home/travis/build/icyphy/ptII/ptolemy/actor/lib/test/auto/ArrayToElements.xml
10 ms. Memory: 318464K Free: 180632K (57%)
----------------- Invoking toplevel() on ptolemy.moml.MoMLSimpleApplication@6d8ea83b
----------------- Done invoking toplevel() on ptolemy.moml.MoMLSimpleApplication@6d8ea83b
reloadAllAccessors: .ArrayToElements

===========================================================================================
----------------- testing Thu Jun 27 04:47:37 UTC 2019 /home/travis/build/icyphy/ptII/ptolemy/actor/lib/test/auto/ArrayToMatrix.xml
----------------- Instantiating /home/travis/build/icyphy/ptII/ptolemy/actor/lib/test/auto/ArrayToMatrix.xml
28 ms. Memory: 318464K Free: 165786K (52%)
----------------- Invoking toplevel() on ptolemy.moml.MoMLSimpleApplication@1c7ff777
----------------- Done invoking toplevel() on ptolemy.moml.MoMLSimpleApplication@1c7ff777
reloadAllAccessors: .ArrayToMatrix

===========================================================================================
----------------- testing Thu Jun 27 04:47:37 UTC 2019 /home/travis/build/icyphy/ptII/ptolemy/actor/lib/test/auto/ArrayUpdate1.xml
----------------- Instantiating /home/travis/build/icyphy/ptII/ptolemy/actor/lib/test/auto/ArrayUpdate1.xml
2 ms. Memory: 318464K Free: 161176K (51%)
----------------- Invoking toplevel() on ptolemy.moml.MoMLSimpleApplication@5e8a1e78
----------------- Done invoking toplevel() on ptolemy.moml.MoMLSimpleApplication@5e8a1e78
reloadAllAccessors: .ArrayUpdate1

===========================================================================================
----------------- testing Thu Jun 27 04:47:37 UTC 2019 /home/travis/build/icyphy/ptII/ptolemy/actor/lib/test/auto/ArrayUpdate2.xml
----------------- Instantiating /home/travis/build/icyphy/ptII/ptolemy/actor/lib/test/auto/ArrayUpdate2.xml
9 ms. Memory: 318464K Free: 154522K (49%)
----------------- Invoking toplevel() on ptolemy.moml.MoMLSimpleApplication@62384eb6
----------------- Done invoking toplevel() on ptolemy.moml.MoMLSimpleApplication@62384eb6
reloadAllAccessors: .ArrayUpdate2

===========================================================================================
----------------- testing Thu Jun 27 04:47:37 UTC 2019 /home/travis/build/icyphy/ptII/ptolemy/actor/lib/test/auto/ArrayUpdate3.xml
----------------- Instantiating /home/travis/build/icyphy/ptII/ptolemy/actor/lib/test/auto/ArrayUpdate3.xml
6 ms. Memory: 318464K Free: 149912K (47%)
----------------- Invoking toplevel() on ptolemy.moml.MoMLSimpleApplication@5b8c21
----------------- Done invoking toplevel() on ptolemy.moml.MoMLSimpleApplication@5b8c21
reloadAllAccessors: .ArrayUpdate3

===========================================================================================
----------------- testing Thu Jun 27 04:47:37 UTC 2019 /home/travis/build/icyphy/ptII/ptolemy/actor/lib/test/auto/Assert1.xml
----------------- Instantiating /home/travis/build/icyphy/ptII/ptolemy/actor/lib/test/auto/Assert1.xml
5 ms. Memory: 318464K Free: 145306K (46%)
----------------- Invoking toplevel() on ptolemy.moml.MoMLSimpleApplication@697d5165
----------------- Done invoking toplevel() on ptolemy.moml.MoMLSimpleApplication@697d5165
reloadAllAccessors: .Assert1

===========================================================================================
----------------- testing Thu Jun 27 04:47:37 UTC 2019 /home/travis/build/icyphy/ptII/ptolemy/actor/lib/test/auto/Assert2.xml
----------------- Instantiating /home/travis/build/icyphy/ptII/ptolemy/actor/lib/test/auto/Assert2.xml
2 ms. Memory: 318464K Free: 140696K (44%)
----------------- Invoking toplevel() on ptolemy.moml.MoMLSimpleApplication@74eda8e3
----------------- Done invoking toplevel() on ptolemy.moml.MoMLSimpleApplication@74eda8e3
reloadAllAccessors: .Assert2

===========================================================================================
----------------- testing Thu Jun 27 04:47:37 UTC 2019 /home/travis/build/icyphy/ptII/ptolemy/actor/lib/test/auto/BooleanMultiplexor.xml
----------------- Instantiating /home/travis/build/icyphy/ptII/ptolemy/actor/lib/test/auto/BooleanMultiplexor.xml
3 ms. Memory: 318464K Free: 135066K (42%)
----------------- Invoking toplevel() on ptolemy.moml.MoMLSimpleApplication@263b8476
----------------- Done invoking toplevel() on ptolemy.moml.MoMLSimpleApplication@263b8476
reloadAllAccessors: .BooleanMultiplexor

===========================================================================================
----------------- testing Thu Jun 27 04:47:37 UTC 2019 /home/travis/build/icyphy/ptII/ptolemy/actor/lib/test/auto/BooleanMultiplexor2.xml
----------------- Instantiating /home/travis/build/icyphy/ptII/ptolemy/actor/lib/test/auto/BooleanMultiplexor2.xml
15 ms. Memory: 318464K Free: 128922K (40%)
----------------- Invoking toplevel() on ptolemy.moml.MoMLSimpleApplication@179c02bd
----------------- Done invoking toplevel() on ptolemy.moml.MoMLSimpleApplication@179c02bd
reloadAllAccessors: .BooleanMultiplexor2

===========================================================================================
----------------- testing Thu Jun 27 04:47:37 UTC 2019 /home/travis/build/icyphy/ptII/ptolemy/actor/lib/test/auto/BooleanMultiplexor3.xml
----------------- Instantiating /home/travis/build/icyphy/ptII/ptolemy/actor/lib/test/auto/BooleanMultiplexor3.xml
2 ms. Memory: 318464K Free: 124826K (39%)
----------------- Invoking toplevel() on ptolemy.moml.MoMLSimpleApplication@1bda8515
----------------- Done invoking toplevel() on ptolemy.moml.MoMLSimpleApplication@1bda8515
reloadAllAccessors: .BooleanMultiplexor3

===========================================================================================
----------------- testing Thu Jun 27 04:47:37 UTC 2019 /home/travis/build/icyphy/ptII/ptolemy/actor/lib/test/auto/BooleanSelect.xml
----------------- Instantiating /home/travis/build/icyphy/ptII/ptolemy/actor/lib/test/auto/BooleanSelect.xml
11 ms. Memory: 318464K Free: 119178K (37%)
----------------- Invoking toplevel() on ptolemy.moml.MoMLSimpleApplication@5acc95c0
----------------- Done invoking toplevel() on ptolemy.moml.MoMLSimpleApplication@5acc95c0
reloadAllAccessors: .BooleanSelect

===========================================================================================
----------------- testing Thu Jun 27 04:47:37 UTC 2019 /home/travis/build/icyphy/ptII/ptolemy/actor/lib/test/auto/BooleanSelect2.xml
----------------- Instantiating /home/travis/build/icyphy/ptII/ptolemy/actor/lib/test/auto/BooleanSelect2.xml
2 ms. Memory: 318464K Free: 114586K (36%)
----------------- Invoking toplevel() on ptolemy.moml.MoMLSimpleApplication@27b3c7df
----------------- Done invoking toplevel() on ptolemy.moml.MoMLSimpleApplication@27b3c7df
reloadAllAccessors: .BooleanSelect2

===========================================================================================
----------------- testing Thu Jun 27 04:47:37 UTC 2019 /home/travis/build/icyphy/ptII/ptolemy/actor/lib/test/auto/BooleanSwitch.xml
----------------- Instantiating /home/travis/build/icyphy/ptII/ptolemy/actor/lib/test/auto/BooleanSwitch.xml
7 ms. Memory: 318464K Free: 108952K (34%)
----------------- Invoking toplevel() on ptolemy.moml.MoMLSimpleApplication@6b7baa27
----------------- Done invoking toplevel() on ptolemy.moml.MoMLSimpleApplication@6b7baa27
reloadAllAccessors: .BooleanSwitch

===========================================================================================
----------------- testing Thu Jun 27 04:47:37 UTC 2019 /home/travis/build/icyphy/ptII/ptolemy/actor/lib/test/auto/BooleanSwitch2.xml
----------------- Instantiating /home/travis/build/icyphy/ptII/ptolemy/actor/lib/test/auto/BooleanSwitch2.xml
3 ms. Memory: 318464K Free: 104346K (33%)
----------------- Invoking toplevel() on ptolemy.moml.MoMLSimpleApplication@4a0fe8df
----------------- Done invoking toplevel() on ptolemy.moml.MoMLSimpleApplication@4a0fe8df
reloadAllAccessors: .BooleanSwitch2

===========================================================================================
----------------- testing Thu Jun 27 04:47:37 UTC 2019 /home/travis/build/icyphy/ptII/ptolemy/actor/lib/test/auto/BooleanSwitchCloningBugWithClassRelationGroup.xml
----------------- Instantiating /home/travis/build/icyphy/ptII/ptolemy/actor/lib/test/auto/BooleanSwitchCloningBugWithClassRelationGroup.xml
4 ms. Memory: 318464K Free: 98712K (31%)
----------------- Invoking toplevel() on ptolemy.moml.MoMLSimpleApplication@2d3264e0
----------------- Done invoking toplevel() on ptolemy.moml.MoMLSimpleApplication@2d3264e0
reloadAllAccessors: .BooleanSwitchCloningBugWithClassRelationGroup

===========================================================================================
----------------- testing Thu Jun 27 04:47:37 UTC 2019 /home/travis/build/icyphy/ptII/ptolemy/actor/lib/test/auto/BusActors.xml
----------------- Instantiating /home/travis/build/icyphy/ptII/ptolemy/actor/lib/test/auto/BusActors.xml
4 ms. Memory: 318464K Free: 90520K (28%)
----------------- Invoking toplevel() on ptolemy.moml.MoMLSimpleApplication@46053203
----------------- Done invoking toplevel() on ptolemy.moml.MoMLSimpleApplication@46053203
reloadAllAccessors: .BusActors

===========================================================================================
----------------- testing Thu Jun 27 04:47:37 UTC 2019 /home/travis/build/icyphy/ptII/ptolemy/actor/lib/test/auto/ClassWrapper.xml
----------------- Instantiating /home/travis/build/icyphy/ptII/ptolemy/actor/lib/test/auto/ClassWrapper.xml
3 ms. Memory: 318464K Free: 86424K (27%)
----------------- Invoking toplevel() on ptolemy.moml.MoMLSimpleApplication@13388f03
----------------- Done invoking toplevel() on ptolemy.moml.MoMLSimpleApplication@13388f03
reloadAllAccessors: .ClassWrapper

===========================================================================================
----------------- testing Thu Jun 27 04:47:37 UTC 2019 /home/travis/build/icyphy/ptII/ptolemy/actor/lib/test/auto/Clock.xml
----------------- Instantiating /home/travis/build/icyphy/ptII/ptolemy/actor/lib/test/auto/Clock.xml
1 ms. Memory: 516096K Free: 467352K (91%)
----------------- Invoking toplevel() on ptolemy.moml.MoMLSimpleApplication@4d615da2
----------------- Done invoking toplevel() on ptolemy.moml.MoMLSimpleApplication@4d615da2
reloadAllAccessors: .Clock

===========================================================================================
----------------- testing Thu Jun 27 04:47:37 UTC 2019 /home/travis/build/icyphy/ptII/ptolemy/actor/lib/test/auto/Clock10.xml
----------------- Instantiating /home/travis/build/icyphy/ptII/ptolemy/actor/lib/test/auto/Clock10.xml
4 ms. Memory: 516096K Free: 461208K (89%)
----------------- Invoking toplevel() on ptolemy.moml.MoMLSimpleApplication@71be32fe
----------------- Done invoking toplevel() on ptolemy.moml.MoMLSimpleApplication@71be32fe
reloadAllAccessors: .Clock10

===========================================================================================
----------------- testing Thu Jun 27 04:47:37 UTC 2019 /home/travis/build/icyphy/ptII/ptolemy/actor/lib/test/auto/Clock11.xml
----------------- Instantiating /home/travis/build/icyphy/ptII/ptolemy/actor/lib/test/auto/Clock11.xml
6 ms. Memory: 516096K Free: 455064K (88%)
----------------- Invoking toplevel() on ptolemy.moml.MoMLSimpleApplication@5890ad43
----------------- Done invoking toplevel() on ptolemy.moml.MoMLSimpleApplication@5890ad43
reloadAllAccessors: .Clock11

===========================================================================================
----------------- testing Thu Jun 27 04:47:37 UTC 2019 /home/travis/build/icyphy/ptII/ptolemy/actor/lib/test/auto/Clock12.xml
----------------- Instantiating /home/travis/build/icyphy/ptII/ptolemy/actor/lib/test/auto/Clock12.xml
5 ms. Memory: 516096K Free: 449434K (87%)
----------------- Invoking toplevel() on ptolemy.moml.MoMLSimpleApplication@2585d893
----------------- Done invoking toplevel() on ptolemy.moml.MoMLSimpleApplication@2585d893
reloadAllAccessors: .Clock12

===========================================================================================
----------------- testing Thu Jun 27 04:47:37 UTC 2019 /home/travis/build/icyphy/ptII/ptolemy/actor/lib/test/auto/Clock13.xml
----------------- Instantiating /home/travis/build/icyphy/ptII/ptolemy/actor/lib/test/auto/Clock13.xml
7 ms. Memory: 516096K Free: 443290K (86%)
----------------- Invoking toplevel() on ptolemy.moml.MoMLSimpleApplication@54979ac0
----------------- Done invoking toplevel() on ptolemy.moml.MoMLSimpleApplication@54979ac0
reloadAllAccessors: .Clock13

===========================================================================================
----------------- testing Thu Jun 27 04:47:37 UTC 2019 /home/travis/build/icyphy/ptII/ptolemy/actor/lib/test/auto/Clock14.xml
----------------- Instantiating /home/travis/build/icyphy/ptII/ptolemy/actor/lib/test/auto/Clock14.xml
7 ms. Memory: 516096K Free: 437650K (85%)
----------------- Invoking toplevel() on ptolemy.moml.MoMLSimpleApplication@30d43ea6
----------------- Done invoking toplevel() on ptolemy.moml.MoMLSimpleApplication@30d43ea6
reloadAllAccessors: .Clock14

===========================================================================================
----------------- testing Thu Jun 27 04:47:37 UTC 2019 /home/travis/build/icyphy/ptII/ptolemy/actor/lib/test/auto/Clock15.xml
----------------- Instantiating /home/travis/build/icyphy/ptII/ptolemy/actor/lib/test/auto/Clock15.xml
6 ms. Memory: 516096K Free: 431506K (84%)
----------------- Invoking toplevel() on ptolemy.moml.MoMLSimpleApplication@4f497b1b
----------------- Done invoking toplevel() on ptolemy.moml.MoMLSimpleApplication@4f497b1b
reloadAllAccessors: .Clock15

===========================================================================================
----------------- testing Thu Jun 27 04:47:38 UTC 2019 /home/travis/build/icyphy/ptII/ptolemy/actor/lib/test/auto/Clock16.xml
----------------- Instantiating /home/travis/build/icyphy/ptII/ptolemy/actor/lib/test/auto/Clock16.xml
43 ms. Memory: 516096K Free: 417170K (81%)
----------------- Invoking toplevel() on ptolemy.moml.MoMLSimpleApplication@38291bab
----------------- Done invoking toplevel() on ptolemy.moml.MoMLSimpleApplication@38291bab
reloadAllAccessors: .Clock16

===========================================================================================
----------------- testing Thu Jun 27 04:47:38 UTC 2019 /home/travis/build/icyphy/ptII/ptolemy/actor/lib/test/auto/Clock17.xml
----------------- Instantiating /home/travis/build/icyphy/ptII/ptolemy/actor/lib/test/auto/Clock17.xml
28 ms. Memory: 516096K Free: 402826K (78%)
----------------- Invoking toplevel() on ptolemy.moml.MoMLSimpleApplication@1856e714
----------------- Done invoking toplevel() on ptolemy.moml.MoMLSimpleApplication@1856e714
reloadAllAccessors: .Clock17

===========================================================================================
----------------- testing Thu Jun 27 04:47:38 UTC 2019 /home/travis/build/icyphy/ptII/ptolemy/actor/lib/test/auto/Clock18.xml
----------------- Instantiating /home/travis/build/icyphy/ptII/ptolemy/actor/lib/test/auto/Clock18.xml
22 ms. Memory: 516096K Free: 389514K (75%)
----------------- Invoking toplevel() on ptolemy.moml.MoMLSimpleApplication@1518d8e3
----------------- Done invoking toplevel() on ptolemy.moml.MoMLSimpleApplication@1518d8e3
reloadAllAccessors: .Clock18

===========================================================================================
----------------- testing Thu Jun 27 04:47:38 UTC 2019 /home/travis/build/icyphy/ptII/ptolemy/actor/lib/test/auto/Clock19.xml
----------------- Instantiating /home/travis/build/icyphy/ptII/ptolemy/actor/lib/test/auto/Clock19.xml
14 ms. Memory: 516096K Free: 376186K (73%)
----------------- Invoking toplevel() on ptolemy.moml.MoMLSimpleApplication@4e6402b4
----------------- Done invoking toplevel() on ptolemy.moml.MoMLSimpleApplication@4e6402b4
reloadAllAccessors: .Clock19

===========================================================================================
----------------- testing Thu Jun 27 04:47:38 UTC 2019 /home/travis/build/icyphy/ptII/ptolemy/actor/lib/test/auto/Clock2.xml
----------------- Instantiating /home/travis/build/icyphy/ptII/ptolemy/actor/lib/test/auto/Clock2.xml
5 ms. Memory: 516096K Free: 371066K (72%)
----------------- Invoking toplevel() on ptolemy.moml.MoMLSimpleApplication@1687d65b
----------------- Done invoking toplevel() on ptolemy.moml.MoMLSimpleApplication@1687d65b
reloadAllAccessors: .Clock2

===========================================================================================
----------------- testing Thu Jun 27 04:47:38 UTC 2019 /home/travis/build/icyphy/ptII/ptolemy/actor/lib/test/auto/Clock20.xml
----------------- Instantiating /home/travis/build/icyphy/ptII/ptolemy/actor/lib/test/auto/Clock20.xml
7 ms. Memory: 516096K Free: 365976K (71%)
----------------- Invoking toplevel() on ptolemy.moml.MoMLSimpleApplication@190fd01e
----------------- Done invoking toplevel() on ptolemy.moml.MoMLSimpleApplication@190fd01e
reloadAllAccessors: .Clock20

===========================================================================================
----------------- testing Thu Jun 27 04:47:38 UTC 2019 /home/travis/build/icyphy/ptII/ptolemy/actor/lib/test/auto/Clock21.xml
----------------- Instantiating /home/travis/build/icyphy/ptII/ptolemy/actor/lib/test/auto/Clock21.xml
5 ms. Memory: 516096K Free: 360346K (70%)
----------------- Invoking toplevel() on ptolemy.moml.MoMLSimpleApplication@5a885a55
----------------- Done invoking toplevel() on ptolemy.moml.MoMLSimpleApplication@5a885a55
reloadAllAccessors: .Clock21

===========================================================================================
----------------- testing Thu Jun 27 04:47:38 UTC 2019 /home/travis/build/icyphy/ptII/ptolemy/actor/lib/test/auto/Clock22.xml
----------------- Instantiating /home/travis/build/icyphy/ptII/ptolemy/actor/lib/test/auto/Clock22.xml
5 ms. Memory: 516096K Free: 355226K (69%)
----------------- Invoking toplevel() on ptolemy.moml.MoMLSimpleApplication@4e622961
----------------- Done invoking toplevel() on ptolemy.moml.MoMLSimpleApplication@4e622961
reloadAllAccessors: .Clock22

===========================================================================================
----------------- testing Thu Jun 27 04:47:38 UTC 2019 /home/travis/build/icyphy/ptII/ptolemy/actor/lib/test/auto/Clock23.xml
----------------- Instantiating /home/travis/build/icyphy/ptII/ptolemy/actor/lib/test/auto/Clock23.xml
5 ms. Memory: 516096K Free: 349592K (68%)
----------------- Invoking toplevel() on ptolemy.moml.MoMLSimpleApplication@61294d85
----------------- Done invoking toplevel() on ptolemy.moml.MoMLSimpleApplication@61294d85
reloadAllAccessors: .Clock23

===========================================================================================
----------------- testing Thu Jun 27 04:47:38 UTC 2019 /home/travis/build/icyphy/ptII/ptolemy/actor/lib/test/auto/Clock24.xml
----------------- Instantiating /home/travis/build/icyphy/ptII/ptolemy/actor/lib/test/auto/Clock24.xml
6 ms. Memory: 516096K Free: 343962K (67%)
----------------- Invoking toplevel() on ptolemy.moml.MoMLSimpleApplication@2d3be6ee
----------------- Done invoking toplevel() on ptolemy.moml.MoMLSimpleApplication@2d3be6ee
reloadAllAccessors: .Clock24

===========================================================================================
----------------- testing Thu Jun 27 04:47:38 UTC 2019 /home/travis/build/icyphy/ptII/ptolemy/actor/lib/test/auto/Clock4.xml
----------------- Instantiating /home/travis/build/icyphy/ptII/ptolemy/actor/lib/test/auto/Clock4.xml
2 ms. Memory: 516096K Free: 339322K (66%)
----------------- Invoking toplevel() on ptolemy.moml.MoMLSimpleApplication@67f8ad36
----------------- Done invoking toplevel() on ptolemy.moml.MoMLSimpleApplication@67f8ad36
reloadAllAccessors: .Clock4

===========================================================================================
----------------- testing Thu Jun 27 04:47:38 UTC 2019 /home/travis/build/icyphy/ptII/ptolemy/actor/lib/test/auto/Clock5.xml
----------------- Instantiating /home/travis/build/icyphy/ptII/ptolemy/actor/lib/test/auto/Clock5.xml
4 ms. Memory: 516096K Free: 333722K (65%)
----------------- Invoking toplevel() on ptolemy.moml.MoMLSimpleApplication@61fbf64
----------------- Done invoking toplevel() on ptolemy.moml.MoMLSimpleApplication@61fbf64
reloadAllAccessors: .Clock5

===========================================================================================
----------------- testing Thu Jun 27 04:47:38 UTC 2019 /home/travis/build/icyphy/ptII/ptolemy/actor/lib/test/auto/Clock6.xml
----------------- Instantiating /home/travis/build/icyphy/ptII/ptolemy/actor/lib/test/auto/Clock6.xml
3 ms. Memory: 516096K Free: 329626K (64%)
----------------- Invoking toplevel() on ptolemy.moml.MoMLSimpleApplication@49b51e46
----------------- Done invoking toplevel() on ptolemy.moml.MoMLSimpleApplication@49b51e46
reloadAllAccessors: .Clock6

===========================================================================================
----------------- testing Thu Jun 27 04:47:38 UTC 2019 /home/travis/build/icyphy/ptII/ptolemy/actor/lib/test/auto/Clock7.xml
----------------- Instantiating /home/travis/build/icyphy/ptII/ptolemy/actor/lib/test/auto/Clock7.xml
3 ms. Memory: 516096K Free: 325016K (63%)
----------------- Invoking toplevel() on ptolemy.moml.MoMLSimpleApplication@13105320
----------------- Done invoking toplevel() on ptolemy.moml.MoMLSimpleApplication@13105320
reloadAllAccessors: .Clock7

===========================================================================================
----------------- testing Thu Jun 27 04:47:38 UTC 2019 /home/travis/build/icyphy/ptII/ptolemy/actor/lib/test/auto/Clock8.xml
----------------- Instantiating /home/travis/build/icyphy/ptII/ptolemy/actor/lib/test/auto/Clock8.xml
5 ms. Memory: 516096K Free: 319386K (62%)
----------------- Invoking toplevel() on ptolemy.moml.MoMLSimpleApplication@8590a93
----------------- Done invoking toplevel() on ptolemy.moml.MoMLSimpleApplication@8590a93
reloadAllAccessors: .Clock8

===========================================================================================
----------------- testing Thu Jun 27 04:47:38 UTC 2019 /home/travis/build/icyphy/ptII/ptolemy/actor/lib/test/auto/Clock9.xml
----------------- Instantiating /home/travis/build/icyphy/ptII/ptolemy/actor/lib/test/auto/Clock9.xml
6 ms. Memory: 516096K Free: 314266K (61%)
----------------- Invoking toplevel() on ptolemy.moml.MoMLSimpleApplication@59a4c73
----------------- Done invoking toplevel() on ptolemy.moml.MoMLSimpleApplication@59a4c73
reloadAllAccessors: .Clock9

===========================================================================================
----------------- testing Thu Jun 27 04:47:38 UTC 2019 /home/travis/build/icyphy/ptII/ptolemy/actor/lib/test/auto/CommDistDiscard.xml
----------------- Instantiating /home/travis/build/icyphy/ptII/ptolemy/actor/lib/test/auto/CommDistDiscard.xml
2 ms. Memory: 516096K Free: 308632K (60%)
----------------- Invoking toplevel() on ptolemy.moml.MoMLSimpleApplication@3fbfb952
----------------- Done invoking toplevel() on ptolemy.moml.MoMLSimpleApplication@3fbfb952
reloadAllAccessors: .CommDistDiscard

===========================================================================================
----------------- testing Thu Jun 27 04:47:38 UTC 2019 /home/travis/build/icyphy/ptII/ptolemy/actor/lib/test/auto/Commutator.xml
----------------- Instantiating /home/travis/build/icyphy/ptII/ptolemy/actor/lib/test/auto/Commutator.xml
3 ms. Memory: 516096K Free: 304536K (59%)
----------------- Invoking toplevel() on ptolemy.moml.MoMLSimpleApplication@77d080da
----------------- Done invoking toplevel() on ptolemy.moml.MoMLSimpleApplication@77d080da
reloadAllAccessors: .Commutator

===========================================================================================
----------------- testing Thu Jun 27 04:47:38 UTC 2019 /home/travis/build/icyphy/ptII/ptolemy/actor/lib/test/auto/Commutator2.xml
----------------- Instantiating /home/travis/build/icyphy/ptII/ptolemy/actor/lib/test/auto/Commutator2.xml
1 ms. Memory: 516096K Free: 299930K (58%)
----------------- Invoking toplevel() on ptolemy.moml.MoMLSimpleApplication@2487a7
----------------- Done invoking toplevel() on ptolemy.moml.MoMLSimpleApplication@2487a7
reloadAllAccessors: .Commutator2

===========================================================================================
----------------- testing Thu Jun 27 04:47:38 UTC 2019 /home/travis/build/icyphy/ptII/ptolemy/actor/lib/test/auto/Commutator3.xml
----------------- Instantiating /home/travis/build/icyphy/ptII/ptolemy/actor/lib/test/auto/Commutator3.xml
3 ms. Memory: 516096K Free: 295320K (57%)
----------------- Invoking toplevel() on ptolemy.moml.MoMLSimpleApplication@6ab5412a
----------------- Done invoking toplevel() on ptolemy.moml.MoMLSimpleApplication@6ab5412a
reloadAllAccessors: .Commutator3

===========================================================================================
----------------- testing Thu Jun 27 04:47:38 UTC 2019 /home/travis/build/icyphy/ptII/ptolemy/actor/lib/test/auto/Compare.xml
----------------- Instantiating /home/travis/build/icyphy/ptII/ptolemy/actor/lib/test/auto/Compare.xml
3 ms. Memory: 516096K Free: 289176K (56%)
----------------- Invoking toplevel() on ptolemy.moml.MoMLSimpleApplication@7075d41b
----------------- Done invoking toplevel() on ptolemy.moml.MoMLSimpleApplication@7075d41b
reloadAllAccessors: .Compare

===========================================================================================
----------------- testing Thu Jun 27 04:47:38 UTC 2019 /home/travis/build/icyphy/ptII/ptolemy/actor/lib/test/auto/CompareDE.xml
----------------- Instantiating /home/travis/build/icyphy/ptII/ptolemy/actor/lib/test/auto/CompareDE.xml
6 ms. Memory: 516096K Free: 281994K (55%)
----------------- Invoking toplevel() on ptolemy.moml.MoMLSimpleApplication@7c4e74a9
----------------- Done invoking toplevel() on ptolemy.moml.MoMLSimpleApplication@7c4e74a9
reloadAllAccessors: .CompareDE

===========================================================================================
----------------- testing Thu Jun 27 04:47:38 UTC 2019 /home/travis/build/icyphy/ptII/ptolemy/actor/lib/test/auto/ComplexDivide.xml
----------------- Instantiating /home/travis/build/icyphy/ptII/ptolemy/actor/lib/test/auto/ComplexDivide.xml
1 ms. Memory: 516096K Free: 278426K (54%)
----------------- Invoking toplevel() on ptolemy.moml.MoMLSimpleApplication@1c0e406
----------------- Done invoking toplevel() on ptolemy.moml.MoMLSimpleApplication@1c0e406
reloadAllAccessors: .ComplexDivide

===========================================================================================
----------------- testing Thu Jun 27 04:47:38 UTC 2019 /home/travis/build/icyphy/ptII/ptolemy/actor/lib/test/auto/ComputeHistogram.xml
----------------- Instantiating /home/travis/build/icyphy/ptII/ptolemy/actor/lib/test/auto/ComputeHistogram.xml
38 ms. Memory: 516096K Free: 265624K (51%)
----------------- Invoking toplevel() on ptolemy.moml.MoMLSimpleApplication@3a3d659c
----------------- Done invoking toplevel() on ptolemy.moml.MoMLSimpleApplication@3a3d659c
reloadAllAccessors: .ComputeHistogram

===========================================================================================
----------------- testing Thu Jun 27 04:47:38 UTC 2019 /home/travis/build/icyphy/ptII/ptolemy/actor/lib/test/auto/ConfigurationSelect.xml
----------------- Instantiating /home/travis/build/icyphy/ptII/ptolemy/actor/lib/test/auto/ConfigurationSelect.xml
10 ms. Memory: 516096K Free: 259994K (50%)
----------------- Invoking toplevel() on ptolemy.moml.MoMLSimpleApplication@2152f718
----------------- Done invoking toplevel() on ptolemy.moml.MoMLSimpleApplication@2152f718
reloadAllAccessors: .ConfigurationSelect

===========================================================================================
----------------- testing Thu Jun 27 04:47:38 UTC 2019 /home/travis/build/icyphy/ptII/ptolemy/actor/lib/test/auto/ConfigurationSelect2.xml
----------------- Instantiating /home/travis/build/icyphy/ptII/ptolemy/actor/lib/test/auto/ConfigurationSelect2.xml
3 ms. Memory: 516096K Free: 255898K (50%)
----------------- Invoking toplevel() on ptolemy.moml.MoMLSimpleApplication@5aa34fb8
----------------- Done invoking toplevel() on ptolemy.moml.MoMLSimpleApplication@5aa34fb8
reloadAllAccessors: .ConfigurationSelect2

===========================================================================================
----------------- testing Thu Jun 27 04:47:38 UTC 2019 /home/travis/build/icyphy/ptII/ptolemy/actor/lib/test/auto/ConfigurationSwitch.xml
----------------- Instantiating /home/travis/build/icyphy/ptII/ptolemy/actor/lib/test/auto/ConfigurationSwitch.xml
2 ms. Memory: 516096K Free: 250264K (48%)
----------------- Invoking toplevel() on ptolemy.moml.MoMLSimpleApplication@492ecd98
----------------- Done invoking toplevel() on ptolemy.moml.MoMLSimpleApplication@492ecd98
reloadAllAccessors: .ConfigurationSwitch

===========================================================================================
----------------- testing Thu Jun 27 04:47:38 UTC 2019 /home/travis/build/icyphy/ptII/ptolemy/actor/lib/test/auto/ConfigurationSwitch2.xml
----------------- Instantiating /home/travis/build/icyphy/ptII/ptolemy/actor/lib/test/auto/ConfigurationSwitch2.xml
4 ms. Memory: 516096K Free: 244634K (47%)
----------------- Invoking toplevel() on ptolemy.moml.MoMLSimpleApplication@1c820c2f
----------------- Done invoking toplevel() on ptolemy.moml.MoMLSimpleApplication@1c820c2f
reloadAllAccessors: .ConfigurationSwitch2

===========================================================================================
----------------- testing Thu Jun 27 04:47:38 UTC 2019 /home/travis/build/icyphy/ptII/ptolemy/actor/lib/test/auto/ConfigurationSwitchCloningBugWithClassRelationGroup.xml
----------------- Instantiating /home/travis/build/icyphy/ptII/ptolemy/actor/lib/test/auto/ConfigurationSwitchCloningBugWithClassRelationGroup.xml
2 ms. Memory: 516096K Free: 238490K (46%)
----------------- Invoking toplevel() on ptolemy.moml.MoMLSimpleApplication@12f5bd07
----------------- Done invoking toplevel() on ptolemy.moml.MoMLSimpleApplication@12f5bd07
reloadAllAccessors: .ConfigurationSwitchCloningBugWithClassRelationGroup

===========================================================================================
----------------- testing Thu Jun 27 04:47:39 UTC 2019 /home/travis/build/icyphy/ptII/ptolemy/actor/lib/test/auto/ConfigurationSwitchSelectSDF.xml
----------------- Instantiating /home/travis/build/icyphy/ptII/ptolemy/actor/lib/test/auto/ConfigurationSwitchSelectSDF.xml
3 ms. Memory: 516096K Free: 232856K (45%)
----------------- Invoking toplevel() on ptolemy.moml.MoMLSimpleApplication@1e60f52b
----------------- Done invoking toplevel() on ptolemy.moml.MoMLSimpleApplication@1e60f52b
reloadAllAccessors: .ConfigurationSwitchSelectSDF

===========================================================================================
----------------- testing Thu Jun 27 04:47:39 UTC 2019 /home/travis/build/icyphy/ptII/ptolemy/actor/lib/test/auto/ConfigurationSwitchSelectSDF2.xml
----------------- Instantiating /home/travis/build/icyphy/ptII/ptolemy/actor/lib/test/auto/ConfigurationSwitchSelectSDF2.xml
2 ms. Memory: 516096K Free: 227736K (44%)
----------------- Invoking toplevel() on ptolemy.moml.MoMLSimpleApplication@21e9b873
----------------- Done invoking toplevel() on ptolemy.moml.MoMLSimpleApplication@21e9b873
reloadAllAccessors: .ConfigurationSwitchSelectSDF2

===========================================================================================
----------------- testing Thu Jun 27 04:47:39 UTC 2019 /home/travis/build/icyphy/ptII/ptolemy/actor/lib/test/auto/Const.xml
----------------- Instantiating /home/travis/build/icyphy/ptII/ptolemy/actor/lib/test/auto/Const.xml
2 ms. Memory: 516096K Free: 224154K (43%)
----------------- Invoking toplevel() on ptolemy.moml.MoMLSimpleApplication@255dea71
----------------- Done invoking toplevel() on ptolemy.moml.MoMLSimpleApplication@255dea71
reloadAllAccessors: .Const

===========================================================================================
----------------- testing Thu Jun 27 04:47:39 UTC 2019 /home/travis/build/icyphy/ptII/ptolemy/actor/lib/test/auto/Const2.xml
----------------- Instantiating /home/travis/build/icyphy/ptII/ptolemy/actor/lib/test/auto/Const2.xml
1 ms. Memory: 516096K Free: 220058K (43%)
----------------- Invoking toplevel() on ptolemy.moml.MoMLSimpleApplication@8eb1b36
----------------- Done invoking toplevel() on ptolemy.moml.MoMLSimpleApplication@8eb1b36
reloadAllAccessors: .Const2

===========================================================================================
----------------- testing Thu Jun 27 04:47:39 UTC 2019 /home/travis/build/icyphy/ptII/ptolemy/actor/lib/test/auto/Const3.xml
----------------- Instantiating /home/travis/build/icyphy/ptII/ptolemy/actor/lib/test/auto/Const3.xml
1 ms. Memory: 516096K Free: 217496K (42%)
----------------- Invoking toplevel() on ptolemy.moml.MoMLSimpleApplication@51b2e710
----------------- Done invoking toplevel() on ptolemy.moml.MoMLSimpleApplication@51b2e710
reloadAllAccessors: .Const3

===========================================================================================
----------------- testing Thu Jun 27 04:47:39 UTC 2019 /home/travis/build/icyphy/ptII/ptolemy/actor/lib/test/auto/ConstantPublisherPort1.xml
----------------- Instantiating /home/travis/build/icyphy/ptII/ptolemy/actor/lib/test/auto/ConstantPublisherPort1.xml
6 ms. Memory: 516096K Free: 208794K (40%)
----------------- Invoking toplevel() on ptolemy.moml.MoMLSimpleApplication@419cdd4f
----------------- Done invoking toplevel() on ptolemy.moml.MoMLSimpleApplication@419cdd4f
reloadAllAccessors: .ConstantPublisherPort1

===========================================================================================
----------------- testing Thu Jun 27 04:47:39 UTC 2019 /home/travis/build/icyphy/ptII/ptolemy/actor/lib/test/auto/ConstantPublisherPort2.xml
----------------- Instantiating /home/travis/build/icyphy/ptII/ptolemy/actor/lib/test/auto/ConstantPublisherPort2.xml
12 ms. Memory: 516096K Free: 201112K (39%)
----------------- Invoking toplevel() on ptolemy.moml.MoMLSimpleApplication@566eb13e
----------------- Done invoking toplevel() on ptolemy.moml.MoMLSimpleApplication@566eb13e
reloadAllAccessors: .ConstantPublisherPort2

===========================================================================================
----------------- testing Thu Jun 27 04:47:39 UTC 2019 /home/travis/build/icyphy/ptII/ptolemy/actor/lib/test/auto/ConstantPublisherPort3.xml
----------------- Instantiating /home/travis/build/icyphy/ptII/ptolemy/actor/lib/test/auto/ConstantPublisherPort3.xml
11 ms. Memory: 516096K Free: 468035K (91%)
----------------- Invoking toplevel() on ptolemy.moml.MoMLSimpleApplication@33dff8fc
----------------- Done invoking toplevel() on ptolemy.moml.MoMLSimpleApplication@33dff8fc
reloadAllAccessors: .ConstantPublisherPort3

===========================================================================================
----------------- testing Thu Jun 27 04:47:39 UTC 2019 /home/travis/build/icyphy/ptII/ptolemy/actor/lib/test/auto/ConstantPublisherPort4.xml
----------------- Instantiating /home/travis/build/icyphy/ptII/ptolemy/actor/lib/test/auto/ConstantPublisherPort4.xml
4 ms. Memory: 516096K Free: 460357K (89%)
----------------- Invoking toplevel() on ptolemy.moml.MoMLSimpleApplication@7e3a65a8
----------------- Done invoking toplevel() on ptolemy.moml.MoMLSimpleApplication@7e3a65a8
reloadAllAccessors: .ConstantPublisherPort4

===========================================================================================
----------------- testing Thu Jun 27 04:47:39 UTC 2019 /home/travis/build/icyphy/ptII/ptolemy/actor/lib/test/auto/ConstantPublisherPort5.xml
----------------- Instantiating /home/travis/build/icyphy/ptII/ptolemy/actor/lib/test/auto/ConstantPublisherPort5.xml
25 ms. Memory: 516096K Free: 451141K (87%)
----------------- Invoking toplevel() on ptolemy.moml.MoMLSimpleApplication@3d7f96a5
----------------- Done invoking toplevel() on ptolemy.moml.MoMLSimpleApplication@3d7f96a5
reloadAllAccessors: .ConstantPublisherPort5

===========================================================================================
----------------- testing Thu Jun 27 04:47:39 UTC 2019 /home/travis/build/icyphy/ptII/ptolemy/actor/lib/test/auto/ConstantPublisherPort6.xml
----------------- Instantiating /home/travis/build/icyphy/ptII/ptolemy/actor/lib/test/auto/ConstantPublisherPort6.xml
17 ms. Memory: 516096K Free: 441925K (86%)
----------------- Invoking toplevel() on ptolemy.moml.MoMLSimpleApplication@1c6ab77b
----------------- Done invoking toplevel() on ptolemy.moml.MoMLSimpleApplication@1c6ab77b
reloadAllAccessors: .ConstantPublisherPort6

===========================================================================================
----------------- testing Thu Jun 27 04:47:39 UTC 2019 /home/travis/build/icyphy/ptII/ptolemy/actor/lib/test/auto/ConstantPublisherPort7.xml
----------------- Instantiating /home/travis/build/icyphy/ptII/ptolemy/actor/lib/test/auto/ConstantPublisherPort7.xml
22 ms. Memory: 516096K Free: 432195K (84%)
----------------- Invoking toplevel() on ptolemy.moml.MoMLSimpleApplication@e545c58
----------------- Done invoking toplevel() on ptolemy.moml.MoMLSimpleApplication@e545c58
reloadAllAccessors: .ConstantPublisherPort7

===========================================================================================
----------------- testing Thu Jun 27 04:47:39 UTC 2019 /home/travis/build/icyphy/ptII/ptolemy/actor/lib/test/auto/ConstraintMonitor1.xml
----------------- Instantiating /home/travis/build/icyphy/ptII/ptolemy/actor/lib/test/auto/ConstraintMonitor1.xml
2 ms. Memory: 516096K Free: 427589K (83%)
----------------- Invoking toplevel() on ptolemy.moml.MoMLSimpleApplication@1488c123
----------------- Done invoking toplevel() on ptolemy.moml.MoMLSimpleApplication@1488c123
reloadAllAccessors: .ConstraintMonitor1

===========================================================================================
----------------- testing Thu Jun 27 04:47:39 UTC 2019 /home/travis/build/icyphy/ptII/ptolemy/actor/lib/test/auto/ConstraintMonitor2.xml
----------------- Instantiating /home/travis/build/icyphy/ptII/ptolemy/actor/lib/test/auto/ConstraintMonitor2.xml
2 ms. Memory: 516096K Free: 422979K (82%)
----------------- Invoking toplevel() on ptolemy.moml.MoMLSimpleApplication@232057cb
----------------- Done invoking toplevel() on ptolemy.moml.MoMLSimpleApplication@232057cb
reloadAllAccessors: .ConstraintMonitor2

===========================================================================================
----------------- testing Thu Jun 27 04:47:39 UTC 2019 /home/travis/build/icyphy/ptII/ptolemy/actor/lib/test/auto/ConstraintMonitor3.xml
----------------- Instantiating /home/travis/build/icyphy/ptII/ptolemy/actor/lib/test/auto/ConstraintMonitor3.xml
2 ms. Memory: 516096K Free: 418373K (81%)
----------------- Invoking toplevel() on ptolemy.moml.MoMLSimpleApplication@12d911ee
----------------- Done invoking toplevel() on ptolemy.moml.MoMLSimpleApplication@12d911ee
reloadAllAccessors: .ConstraintMonitor3

===========================================================================================
----------------- testing Thu Jun 27 04:47:39 UTC 2019 /home/travis/build/icyphy/ptII/ptolemy/actor/lib/test/auto/ConstraintMonitor4.xml
----------------- Instantiating /home/travis/build/icyphy/ptII/ptolemy/actor/lib/test/auto/ConstraintMonitor4.xml
2 ms. Memory: 516096K Free: 413763K (80%)
----------------- Invoking toplevel() on ptolemy.moml.MoMLSimpleApplication@41841a68
----------------- Done invoking toplevel() on ptolemy.moml.MoMLSimpleApplication@41841a68
reloadAllAccessors: .ConstraintMonitor4

===========================================================================================
----------------- testing Thu Jun 27 04:47:39 UTC 2019 /home/travis/build/icyphy/ptII/ptolemy/actor/lib/test/auto/ConstraintMonitor5.xml
----------------- Instantiating /home/travis/build/icyphy/ptII/ptolemy/actor/lib/test/auto/ConstraintMonitor5.xml
5 ms. Memory: 516096K Free: 408643K (79%)
----------------- Invoking toplevel() on ptolemy.moml.MoMLSimpleApplication@18ea7f5c
----------------- Done invoking toplevel() on ptolemy.moml.MoMLSimpleApplication@18ea7f5c
reloadAllAccessors: .ConstraintMonitor5

===========================================================================================
----------------- testing Thu Jun 27 04:47:39 UTC 2019 /home/travis/build/icyphy/ptII/ptolemy/actor/lib/test/auto/ConstraintMonitor6.xml
----------------- Instantiating /home/travis/build/icyphy/ptII/ptolemy/actor/lib/test/auto/ConstraintMonitor6.xml
7 ms. Memory: 516096K Free: 401989K (78%)
----------------- Invoking toplevel() on ptolemy.moml.MoMLSimpleApplication@705be562
----------------- Done invoking toplevel() on ptolemy.moml.MoMLSimpleApplication@705be562
reloadAllAccessors: .ConstraintMonitor6

===========================================================================================
----------------- testing Thu Jun 27 04:47:39 UTC 2019 /home/travis/build/icyphy/ptII/ptolemy/actor/lib/test/auto/ConstraintMonitor7.xml
----------------- Instantiating /home/travis/build/icyphy/ptII/ptolemy/actor/lib/test/auto/ConstraintMonitor7.xml
3 ms. Memory: 516096K Free: 395845K (77%)
----------------- Invoking toplevel() on ptolemy.moml.MoMLSimpleApplication@6b85ec8
----------------- Done invoking toplevel() on ptolemy.moml.MoMLSimpleApplication@6b85ec8
reloadAllAccessors: .ConstraintMonitor7

===========================================================================================
----------------- testing Thu Jun 27 04:47:39 UTC 2019 /home/travis/build/icyphy/ptII/ptolemy/actor/lib/test/auto/ConstraintMonitor8.xml
----------------- Instantiating /home/travis/build/icyphy/ptII/ptolemy/actor/lib/test/auto/ConstraintMonitor8.xml
5 ms. Memory: 516096K Free: 388163K (75%)
----------------- Invoking toplevel() on ptolemy.moml.MoMLSimpleApplication@25e3be84
----------------- Done invoking toplevel() on ptolemy.moml.MoMLSimpleApplication@25e3be84
reloadAllAccessors: .ConstraintMonitor8

===========================================================================================
----------------- testing Thu Jun 27 04:47:39 UTC 2019 /home/travis/build/icyphy/ptII/ptolemy/actor/lib/test/auto/Counter.xml
----------------- Instantiating /home/travis/build/icyphy/ptII/ptolemy/actor/lib/test/auto/Counter.xml
3 ms. Memory: 516096K Free: 383043K (74%)
----------------- Invoking toplevel() on ptolemy.moml.MoMLSimpleApplication@22e2053b
----------------- Done invoking toplevel() on ptolemy.moml.MoMLSimpleApplication@22e2053b
reloadAllAccessors: .Counter

===========================================================================================
----------------- testing Thu Jun 27 04:47:39 UTC 2019 /home/travis/build/icyphy/ptII/ptolemy/actor/lib/test/auto/CurrentTimeSDF.xml
----------------- Instantiating /home/travis/build/icyphy/ptII/ptolemy/actor/lib/test/auto/CurrentTimeSDF.xml
1 ms. Memory: 516096K Free: 378947K (73%)
----------------- Invoking toplevel() on ptolemy.moml.MoMLSimpleApplication@54f3152b
----------------- Done invoking toplevel() on ptolemy.moml.MoMLSimpleApplication@54f3152b
reloadAllAccessors: .CurrentTimeSDF

===========================================================================================
----------------- testing Thu Jun 27 04:47:39 UTC 2019 /home/travis/build/icyphy/ptII/ptolemy/actor/lib/test/auto/DB.xml
----------------- Instantiating /home/travis/build/icyphy/ptII/ptolemy/actor/lib/test/auto/DB.xml
2 ms. Memory: 516096K Free: 373827K (72%)
----------------- Invoking toplevel() on ptolemy.moml.MoMLSimpleApplication@db92d87
----------------- Done invoking toplevel() on ptolemy.moml.MoMLSimpleApplication@db92d87
reloadAllAccessors: .DB

===========================================================================================
----------------- testing Thu Jun 27 04:47:39 UTC 2019 /home/travis/build/icyphy/ptII/ptolemy/actor/lib/test/auto/DBDE.xml
----------------- Instantiating /home/travis/build/icyphy/ptII/ptolemy/actor/lib/test/auto/DBDE.xml
3 ms. Memory: 516096K Free: 367653K (71%)
----------------- Invoking toplevel() on ptolemy.moml.MoMLSimpleApplication@35c76d63
----------------- Done invoking toplevel() on ptolemy.moml.MoMLSimpleApplication@35c76d63
reloadAllAccessors: .DBDE

===========================================================================================
----------------- testing Thu Jun 27 04:47:39 UTC 2019 /home/travis/build/icyphy/ptII/ptolemy/actor/lib/test/auto/DateConstructor.xml
----------------- Instantiating /home/travis/build/icyphy/ptII/ptolemy/actor/lib/test/auto/DateConstructor.xml
33 ms. Memory: 516096K Free: 350275K (68%)
----------------- Invoking toplevel() on ptolemy.moml.MoMLSimpleApplication@3c542158
----------------- Done invoking toplevel() on ptolemy.moml.MoMLSimpleApplication@3c542158
reloadAllAccessors: .DateConstructor

===========================================================================================
----------------- testing Thu Jun 27 04:47:39 UTC 2019 /home/travis/build/icyphy/ptII/ptolemy/actor/lib/test/auto/DelayTime.xml
----------------- Instantiating /home/travis/build/icyphy/ptII/ptolemy/actor/lib/test/auto/DelayTime.xml
6 ms. Memory: 516096K Free: 345669K (67%)
----------------- Invoking toplevel() on ptolemy.moml.MoMLSimpleApplication@81736b7
----------------- Done invoking toplevel() on ptolemy.moml.MoMLSimpleApplication@81736b7
reloadAllAccessors: .DelayTime

===========================================================================================
----------------- testing Thu Jun 27 04:47:39 UTC 2019 /home/travis/build/icyphy/ptII/ptolemy/actor/lib/test/auto/Dictionary1.xml
----------------- Instantiating /home/travis/build/icyphy/ptII/ptolemy/actor/lib/test/auto/Dictionary1.xml
2 ms. Memory: 516096K Free: 340035K (66%)
----------------- Invoking toplevel() on ptolemy.moml.MoMLSimpleApplication@671df533
----------------- Done invoking toplevel() on ptolemy.moml.MoMLSimpleApplication@671df533
reloadAllAccessors: .Dictionary1

===========================================================================================
----------------- testing Thu Jun 27 04:47:39 UTC 2019 /home/travis/build/icyphy/ptII/ptolemy/actor/lib/test/auto/Dictionary2.xml
----------------- Instantiating /home/travis/build/icyphy/ptII/ptolemy/actor/lib/test/auto/Dictionary2.xml
4 ms. Memory: 516096K Free: 334405K (65%)
----------------- Invoking toplevel() on ptolemy.moml.MoMLSimpleApplication@3176928a
----------------- Done invoking toplevel() on ptolemy.moml.MoMLSimpleApplication@3176928a
reloadAllAccessors: .Dictionary2

===========================================================================================
----------------- testing Thu Jun 27 04:47:39 UTC 2019 /home/travis/build/icyphy/ptII/ptolemy/actor/lib/test/auto/Dictionary3.xml
----------------- Instantiating /home/travis/build/icyphy/ptII/ptolemy/actor/lib/test/auto/Dictionary3.xml
1 ms. Memory: 516096K Free: 328771K (64%)
----------------- Invoking toplevel() on ptolemy.moml.MoMLSimpleApplication@578facd3
----------------- Done invoking toplevel() on ptolemy.moml.MoMLSimpleApplication@578facd3
reloadAllAccessors: .Dictionary3

===========================================================================================
----------------- testing Thu Jun 27 04:47:39 UTC 2019 /home/travis/build/icyphy/ptII/ptolemy/actor/lib/test/auto/Dictionary4.xml
----------------- Instantiating /home/travis/build/icyphy/ptII/ptolemy/actor/lib/test/auto/Dictionary4.xml
3 ms. Memory: 516096K Free: 322117K (62%)
----------------- Invoking toplevel() on ptolemy.moml.MoMLSimpleApplication@410934c2
----------------- Done invoking toplevel() on ptolemy.moml.MoMLSimpleApplication@410934c2
reloadAllAccessors: .Dictionary4

===========================================================================================
----------------- testing Thu Jun 27 04:47:39 UTC 2019 /home/travis/build/icyphy/ptII/ptolemy/actor/lib/test/auto/Differential.xml
----------------- Instantiating /home/travis/build/icyphy/ptII/ptolemy/actor/lib/test/auto/Differential.xml
3 ms. Memory: 516096K Free: 317507K (62%)
----------------- Invoking toplevel() on ptolemy.moml.MoMLSimpleApplication@1d495a45
----------------- Done invoking toplevel() on ptolemy.moml.MoMLSimpleApplication@1d495a45
reloadAllAccessors: .Differential

===========================================================================================
----------------- testing Thu Jun 27 04:47:39 UTC 2019 /home/travis/build/icyphy/ptII/ptolemy/actor/lib/test/auto/Director.xml
----------------- Instantiating /home/travis/build/icyphy/ptII/ptolemy/actor/lib/test/auto/Director.xml
4 ms. Memory: 516096K Free: 313925K (61%)
----------------- Invoking toplevel() on ptolemy.moml.MoMLSimpleApplication@2415c09
----------------- Done invoking toplevel() on ptolemy.moml.MoMLSimpleApplication@2415c09
reloadAllAccessors: .Director

===========================================================================================
----------------- testing Thu Jun 27 04:47:39 UTC 2019 /home/travis/build/icyphy/ptII/ptolemy/actor/lib/test/auto/DiscreteClock.xml
----------------- Instantiating /home/travis/build/icyphy/ptII/ptolemy/actor/lib/test/auto/DiscreteClock.xml
1 ms. Memory: 516096K Free: 310339K (60%)
----------------- Invoking toplevel() on ptolemy.moml.MoMLSimpleApplication@fccd5ab
----------------- Done invoking toplevel() on ptolemy.moml.MoMLSimpleApplication@fccd5ab
reloadAllAccessors: .DiscreteClock

===========================================================================================
----------------- testing Thu Jun 27 04:47:39 UTC 2019 /home/travis/build/icyphy/ptII/ptolemy/actor/lib/test/auto/DiscreteClock10.xml
----------------- Instantiating /home/travis/build/icyphy/ptII/ptolemy/actor/lib/test/auto/DiscreteClock10.xml
5 ms. Memory: 516096K Free: 304195K (59%)
----------------- Invoking toplevel() on ptolemy.moml.MoMLSimpleApplication@701bd782
----------------- Done invoking toplevel() on ptolemy.moml.MoMLSimpleApplication@701bd782
reloadAllAccessors: .DiscreteClock10

===========================================================================================
----------------- testing Thu Jun 27 04:47:39 UTC 2019 /home/travis/build/icyphy/ptII/ptolemy/actor/lib/test/auto/DiscreteClock11.xml
----------------- Instantiating /home/travis/build/icyphy/ptII/ptolemy/actor/lib/test/auto/DiscreteClock11.xml
2 ms. Memory: 516096K Free: 298051K (58%)
----------------- Invoking toplevel() on ptolemy.moml.MoMLSimpleApplication@50006774
----------------- Done invoking toplevel() on ptolemy.moml.MoMLSimpleApplication@50006774
reloadAllAccessors: .DiscreteClock11

===========================================================================================
----------------- testing Thu Jun 27 04:47:39 UTC 2019 /home/travis/build/icyphy/ptII/ptolemy/actor/lib/test/auto/DiscreteClock12.xml
----------------- Instantiating /home/travis/build/icyphy/ptII/ptolemy/actor/lib/test/auto/DiscreteClock12.xml
3 ms. Memory: 516096K Free: 291907K (57%)
----------------- Invoking toplevel() on ptolemy.moml.MoMLSimpleApplication@5720ef75
----------------- Done invoking toplevel() on ptolemy.moml.MoMLSimpleApplication@5720ef75
reloadAllAccessors: .DiscreteClock12

===========================================================================================
----------------- testing Thu Jun 27 04:47:40 UTC 2019 /home/travis/build/icyphy/ptII/ptolemy/actor/lib/test/auto/DiscreteClock13.xml
----------------- Instantiating /home/travis/build/icyphy/ptII/ptolemy/actor/lib/test/auto/DiscreteClock13.xml
3 ms. Memory: 516096K Free: 286277K (55%)
----------------- Invoking toplevel() on ptolemy.moml.MoMLSimpleApplication@71d47004
----------------- Done invoking toplevel() on ptolemy.moml.MoMLSimpleApplication@71d47004
reloadAllAccessors: .DiscreteClock13

===========================================================================================
----------------- testing Thu Jun 27 04:47:40 UTC 2019 /home/travis/build/icyphy/ptII/ptolemy/actor/lib/test/auto/DiscreteClock14.xml
----------------- Instantiating /home/travis/build/icyphy/ptII/ptolemy/actor/lib/test/auto/DiscreteClock14.xml
6 ms. Memory: 516096K Free: 280133K (54%)
----------------- Invoking toplevel() on ptolemy.moml.MoMLSimpleApplication@540fb71f
----------------- Done invoking toplevel() on ptolemy.moml.MoMLSimpleApplication@540fb71f
reloadAllAccessors: .DiscreteClock14

===========================================================================================
----------------- testing Thu Jun 27 04:47:40 UTC 2019 /home/travis/build/icyphy/ptII/ptolemy/actor/lib/test/auto/DiscreteClock15.xml
----------------- Instantiating /home/travis/build/icyphy/ptII/ptolemy/actor/lib/test/auto/DiscreteClock15.xml
5 ms. Memory: 516096K Free: 273989K (53%)
----------------- Invoking toplevel() on ptolemy.moml.MoMLSimpleApplication@15520558
----------------- Done invoking toplevel() on ptolemy.moml.MoMLSimpleApplication@15520558
reloadAllAccessors: .DiscreteClock15

===========================================================================================
----------------- testing Thu Jun 27 04:47:40 UTC 2019 /home/travis/build/icyphy/ptII/ptolemy/actor/lib/test/auto/DiscreteClock16.xml
----------------- Instantiating /home/travis/build/icyphy/ptII/ptolemy/actor/lib/test/auto/DiscreteClock16.xml
19 ms. Memory: 516096K Free: 260149K (50%)
----------------- Invoking toplevel() on ptolemy.moml.MoMLSimpleApplication@7d39bf79
----------------- Done invoking toplevel() on ptolemy.moml.MoMLSimpleApplication@7d39bf79
reloadAllAccessors: .DiscreteClock16

===========================================================================================
----------------- testing Thu Jun 27 04:47:40 UTC 2019 /home/travis/build/icyphy/ptII/ptolemy/actor/lib/test/auto/DiscreteClock17.xml
----------------- Instantiating /home/travis/build/icyphy/ptII/ptolemy/actor/lib/test/auto/DiscreteClock17.xml
16 ms. Memory: 516096K Free: 245797K (48%)
----------------- Invoking toplevel() on ptolemy.moml.MoMLSimpleApplication@669dcc31
----------------- Done invoking toplevel() on ptolemy.moml.MoMLSimpleApplication@669dcc31
reloadAllAccessors: .DiscreteClock17

===========================================================================================
----------------- testing Thu Jun 27 04:47:40 UTC 2019 /home/travis/build/icyphy/ptII/ptolemy/actor/lib/test/auto/DiscreteClock18.xml
----------------- Instantiating /home/travis/build/icyphy/ptII/ptolemy/actor/lib/test/auto/DiscreteClock18.xml
26 ms. Memory: 516096K Free: 232005K (45%)
----------------- Invoking toplevel() on ptolemy.moml.MoMLSimpleApplication@5306ca7
----------------- Done invoking toplevel() on ptolemy.moml.MoMLSimpleApplication@5306ca7
reloadAllAccessors: .DiscreteClock18

===========================================================================================
----------------- testing Thu Jun 27 04:47:40 UTC 2019 /home/travis/build/icyphy/ptII/ptolemy/actor/lib/test/auto/DiscreteClock19.xml
----------------- Instantiating /home/travis/build/icyphy/ptII/ptolemy/actor/lib/test/auto/DiscreteClock19.xml
30 ms. Memory: 516096K Free: 218179K (42%)
----------------- Invoking toplevel() on ptolemy.moml.MoMLSimpleApplication@253fff2d
----------------- Done invoking toplevel() on ptolemy.moml.MoMLSimpleApplication@253fff2d
reloadAllAccessors: .DiscreteClock19

===========================================================================================
----------------- testing Thu Jun 27 04:47:40 UTC 2019 /home/travis/build/icyphy/ptII/ptolemy/actor/lib/test/auto/DiscreteClock2.xml
----------------- Instantiating /home/travis/build/icyphy/ptII/ptolemy/actor/lib/test/auto/DiscreteClock2.xml
5 ms. Memory: 516096K Free: 213029K (41%)
----------------- Invoking toplevel() on ptolemy.moml.MoMLSimpleApplication@1d2962fd
----------------- Done invoking toplevel() on ptolemy.moml.MoMLSimpleApplication@1d2962fd
reloadAllAccessors: .DiscreteClock2

===========================================================================================
----------------- testing Thu Jun 27 04:47:40 UTC 2019 /home/travis/build/icyphy/ptII/ptolemy/actor/lib/test/auto/DiscreteClock20.xml
----------------- Instantiating /home/travis/build/icyphy/ptII/ptolemy/actor/lib/test/auto/DiscreteClock20.xml
9 ms. Memory: 516096K Free: 207939K (40%)
----------------- Invoking toplevel() on ptolemy.moml.MoMLSimpleApplication@34e8931f
----------------- Done invoking toplevel() on ptolemy.moml.MoMLSimpleApplication@34e8931f
reloadAllAccessors: .DiscreteClock20

===========================================================================================
----------------- testing Thu Jun 27 04:47:40 UTC 2019 /home/travis/build/icyphy/ptII/ptolemy/actor/lib/test/auto/DiscreteClock21.xml
----------------- Instantiating /home/travis/build/icyphy/ptII/ptolemy/actor/lib/test/auto/DiscreteClock21.xml
6 ms. Memory: 516096K Free: 202309K (39%)
----------------- Invoking toplevel() on ptolemy.moml.MoMLSimpleApplication@77298882
----------------- Done invoking toplevel() on ptolemy.moml.MoMLSimpleApplication@77298882
reloadAllAccessors: .DiscreteClock21

===========================================================================================
----------------- testing Thu Jun 27 04:47:40 UTC 2019 /home/travis/build/icyphy/ptII/ptolemy/actor/lib/test/auto/DiscreteClock22.xml
----------------- Instantiating /home/travis/build/icyphy/ptII/ptolemy/actor/lib/test/auto/DiscreteClock22.xml
5 ms. Memory: 516096K Free: 196675K (38%)
----------------- Invoking toplevel() on ptolemy.moml.MoMLSimpleApplication@276e7104
----------------- Done invoking toplevel() on ptolemy.moml.MoMLSimpleApplication@276e7104
reloadAllAccessors: .DiscreteClock22

===========================================================================================
----------------- testing Thu Jun 27 04:47:40 UTC 2019 /home/travis/build/icyphy/ptII/ptolemy/actor/lib/test/auto/DiscreteClock23.xml
----------------- Instantiating /home/travis/build/icyphy/ptII/ptolemy/actor/lib/test/auto/DiscreteClock23.xml
12 ms. Memory: 516096K Free: 191045K (37%)
----------------- Invoking toplevel() on ptolemy.moml.MoMLSimpleApplication@247b832b
----------------- Done invoking toplevel() on ptolemy.moml.MoMLSimpleApplication@247b832b
reloadAllAccessors: .DiscreteClock23

===========================================================================================
----------------- testing Thu Jun 27 04:47:40 UTC 2019 /home/travis/build/icyphy/ptII/ptolemy/actor/lib/test/auto/DiscreteClock24.xml
----------------- Instantiating /home/travis/build/icyphy/ptII/ptolemy/actor/lib/test/auto/DiscreteClock24.xml
4 ms. Memory: 516096K Free: 185925K (36%)
----------------- Invoking toplevel() on ptolemy.moml.MoMLSimpleApplication@41e7b381
----------------- Done invoking toplevel() on ptolemy.moml.MoMLSimpleApplication@41e7b381
reloadAllAccessors: .DiscreteClock24

===========================================================================================
----------------- testing Thu Jun 27 04:47:40 UTC 2019 /home/travis/build/icyphy/ptII/ptolemy/actor/lib/test/auto/DiscreteClock4.xml
----------------- Instantiating /home/travis/build/icyphy/ptII/ptolemy/actor/lib/test/auto/DiscreteClock4.xml
4 ms. Memory: 516096K Free: 180277K (35%)
----------------- Invoking toplevel() on ptolemy.moml.MoMLSimpleApplication@27e234de
----------------- Done invoking toplevel() on ptolemy.moml.MoMLSimpleApplication@27e234de
reloadAllAccessors: .DiscreteClock4

===========================================================================================
----------------- testing Thu Jun 27 04:47:40 UTC 2019 /home/travis/build/icyphy/ptII/ptolemy/actor/lib/test/auto/DiscreteClock5.xml
----------------- Instantiating /home/travis/build/icyphy/ptII/ptolemy/actor/lib/test/auto/DiscreteClock5.xml
1 ms. Memory: 516096K Free: 174661K (34%)
----------------- Invoking toplevel() on ptolemy.moml.MoMLSimpleApplication@7200c02d
----------------- Done invoking toplevel() on ptolemy.moml.MoMLSimpleApplication@7200c02d
reloadAllAccessors: .DiscreteClock5

===========================================================================================
----------------- testing Thu Jun 27 04:47:40 UTC 2019 /home/travis/build/icyphy/ptII/ptolemy/actor/lib/test/auto/DiscreteClock6.xml
----------------- Instantiating /home/travis/build/icyphy/ptII/ptolemy/actor/lib/test/auto/DiscreteClock6.xml
1 ms. Memory: 516096K Free: 170565K (33%)
----------------- Invoking toplevel() on ptolemy.moml.MoMLSimpleApplication@784bde1c
----------------- Done invoking toplevel() on ptolemy.moml.MoMLSimpleApplication@784bde1c
reloadAllAccessors: .DiscreteClock6

===========================================================================================
----------------- testing Thu Jun 27 04:47:40 UTC 2019 /home/travis/build/icyphy/ptII/ptolemy/actor/lib/test/auto/DiscreteClock7.xml
----------------- Instantiating /home/travis/build/icyphy/ptII/ptolemy/actor/lib/test/auto/DiscreteClock7.xml
2 ms. Memory: 516096K Free: 165955K (32%)
----------------- Invoking toplevel() on ptolemy.moml.MoMLSimpleApplication@54a47824
----------------- Done invoking toplevel() on ptolemy.moml.MoMLSimpleApplication@54a47824
reloadAllAccessors: .DiscreteClock7

===========================================================================================
----------------- testing Thu Jun 27 04:47:40 UTC 2019 /home/travis/build/icyphy/ptII/ptolemy/actor/lib/test/auto/DiscreteClock8.xml
----------------- Instantiating /home/travis/build/icyphy/ptII/ptolemy/actor/lib/test/auto/DiscreteClock8.xml
5 ms. Memory: 516096K Free: 467745K (91%)
----------------- Invoking toplevel() on ptolemy.moml.MoMLSimpleApplication@27ea2d41
----------------- Done invoking toplevel() on ptolemy.moml.MoMLSimpleApplication@27ea2d41
reloadAllAccessors: .DiscreteClock8

===========================================================================================
----------------- testing Thu Jun 27 04:47:40 UTC 2019 /home/travis/build/icyphy/ptII/ptolemy/actor/lib/test/auto/DiscreteClock9.xml
----------------- Instantiating /home/travis/build/icyphy/ptII/ptolemy/actor/lib/test/auto/DiscreteClock9.xml
5 ms. Memory: 516096K Free: 461609K (89%)
----------------- Invoking toplevel() on ptolemy.moml.MoMLSimpleApplication@2dc9b23e
----------------- Done invoking toplevel() on ptolemy.moml.MoMLSimpleApplication@2dc9b23e
reloadAllAccessors: .DiscreteClock9

===========================================================================================
----------------- testing Thu Jun 27 04:47:40 UTC 2019 /home/travis/build/icyphy/ptII/ptolemy/actor/lib/test/auto/DisplayArray.xml
----------------- Instantiating /home/travis/build/icyphy/ptII/ptolemy/actor/lib/test/auto/DisplayArray.xml
2 ms. Memory: 516096K Free: 458033K (89%)
----------------- Invoking toplevel() on ptolemy.moml.MoMLSimpleApplication@54b013a0
----------------- Done invoking toplevel() on ptolemy.moml.MoMLSimpleApplication@54b013a0
reloadAllAccessors: .DisplayArray

===========================================================================================
----------------- testing Thu Jun 27 04:47:40 UTC 2019 /home/travis/build/icyphy/ptII/ptolemy/actor/lib/test/auto/Distributor.xml
----------------- Instantiating /home/travis/build/icyphy/ptII/ptolemy/actor/lib/test/auto/Distributor.xml
2 ms. Memory: 516096K Free: 452913K (88%)
----------------- Invoking toplevel() on ptolemy.moml.MoMLSimpleApplication@6c2a49f7
----------------- Done invoking toplevel() on ptolemy.moml.MoMLSimpleApplication@6c2a49f7
reloadAllAccessors: .Distributor

===========================================================================================
----------------- testing Thu Jun 27 04:47:40 UTC 2019 /home/travis/build/icyphy/ptII/ptolemy/actor/lib/test/auto/Distributor2.xml
----------------- Instantiating /home/travis/build/icyphy/ptII/ptolemy/actor/lib/test/auto/Distributor2.xml
1 ms. Memory: 516096K Free: 447793K (87%)
----------------- Invoking toplevel() on ptolemy.moml.MoMLSimpleApplication@23c69122
----------------- Done invoking toplevel() on ptolemy.moml.MoMLSimpleApplication@23c69122
reloadAllAccessors: .Distributor2

===========================================================================================
----------------- testing Thu Jun 27 04:47:40 UTC 2019 /home/travis/build/icyphy/ptII/ptolemy/actor/lib/test/auto/DownSample.xml
----------------- Instantiating /home/travis/build/icyphy/ptII/ptolemy/actor/lib/test/auto/DownSample.xml
1 ms. Memory: 516096K Free: 443697K (86%)
----------------- Invoking toplevel() on ptolemy.moml.MoMLSimpleApplication@60f07650
----------------- Done invoking toplevel() on ptolemy.moml.MoMLSimpleApplication@60f07650
reloadAllAccessors: .DownSample

===========================================================================================
----------------- testing Thu Jun 27 04:47:40 UTC 2019 /home/travis/build/icyphy/ptII/ptolemy/actor/lib/test/auto/ElectronicUnitBase1.xml
----------------- Instantiating /home/travis/build/icyphy/ptII/ptolemy/actor/lib/test/auto/ElectronicUnitBase1.xml
20 ms. Memory: 516096K Free: 427823K (83%)
----------------- Invoking toplevel() on ptolemy.moml.MoMLSimpleApplication@5ec526cf
----------------- Done invoking toplevel() on ptolemy.moml.MoMLSimpleApplication@5ec526cf
reloadAllAccessors: .ElectronicUnitBase1

===========================================================================================
----------------- testing Thu Jun 27 04:47:40 UTC 2019 /home/travis/build/icyphy/ptII/ptolemy/actor/lib/test/auto/ElementsToArray.xml
----------------- Instantiating /home/travis/build/icyphy/ptII/ptolemy/actor/lib/test/auto/ElementsToArray.xml
3 ms. Memory: 516096K Free: 422703K (82%)
----------------- Invoking toplevel() on ptolemy.moml.MoMLSimpleApplication@5a32a530
----------------- Done invoking toplevel() on ptolemy.moml.MoMLSimpleApplication@5a32a530
reloadAllAccessors: .ElementsToArray

===========================================================================================
----------------- testing Thu Jun 27 04:47:40 UTC 2019 /home/travis/build/icyphy/ptII/ptolemy/actor/lib/test/auto/Equals.xml
----------------- Instantiating /home/travis/build/icyphy/ptII/ptolemy/actor/lib/test/auto/Equals.xml
3 ms. Memory: 516096K Free: 418097K (81%)
----------------- Invoking toplevel() on ptolemy.moml.MoMLSimpleApplication@9a8f593
----------------- Done invoking toplevel() on ptolemy.moml.MoMLSimpleApplication@9a8f593
reloadAllAccessors: .Equals

===========================================================================================
----------------- testing Thu Jun 27 04:47:40 UTC 2019 /home/travis/build/icyphy/ptII/ptolemy/actor/lib/test/auto/Exec.xml
----------------- Instantiating /home/travis/build/icyphy/ptII/ptolemy/actor/lib/test/auto/Exec.xml
21 ms. Memory: 516096K Free: 412463K (80%)
----------------- Invoking toplevel() on ptolemy.moml.MoMLSimpleApplication@2ca3ae9b
----------------- Done invoking toplevel() on ptolemy.moml.MoMLSimpleApplication@2ca3ae9b
reloadAllAccessors: .Exec

===========================================================================================
----------------- testing Thu Jun 27 04:47:40 UTC 2019 /home/travis/build/icyphy/ptII/ptolemy/actor/lib/test/auto/ExecEnvironment.xml
----------------- Instantiating /home/travis/build/icyphy/ptII/ptolemy/actor/lib/test/auto/ExecEnvironment.xml
30 ms. Memory: 516096K Free: 407857K (79%)
----------------- Invoking toplevel() on ptolemy.moml.MoMLSimpleApplication@499428ae
----------------- Done invoking toplevel() on ptolemy.moml.MoMLSimpleApplication@499428ae
reloadAllAccessors: .ExecEnvironment

===========================================================================================
----------------- testing Thu Jun 27 04:47:40 UTC 2019 /home/travis/build/icyphy/ptII/ptolemy/actor/lib/test/auto/ExecNonZeroReturnOutput.xml
----------------- Instantiating /home/travis/build/icyphy/ptII/ptolemy/actor/lib/test/auto/ExecNonZeroReturnOutput.xml
186 ms. Memory: 516096K Free: 396079K (77%)
----------------- Invoking toplevel() on ptolemy.moml.MoMLSimpleApplication@792353ab
----------------- Done invoking toplevel() on ptolemy.moml.MoMLSimpleApplication@792353ab
reloadAllAccessors: .ExecNonZeroReturnOutput

===========================================================================================
----------------- testing Thu Jun 27 04:47:41 UTC 2019 /home/travis/build/icyphy/ptII/ptolemy/actor/lib/test/auto/ExecRunDemos.xml
----------------- Instantiating /home/travis/build/icyphy/ptII/ptolemy/actor/lib/test/auto/ExecRunDemos.xml
11422 ms. Memory: 516096K Free: 376113K (73%)

===========================================================================================
----------------- testing Thu Jun 27 04:47:52 UTC 2019 /home/travis/build/icyphy/ptII/ptolemy/actor/lib/test/auto/ExecStop.xml
----------------- Instantiating /home/travis/build/icyphy/ptII/ptolemy/actor/lib/test/auto/ExecStop.xml
5022 ms. Memory: 516096K Free: 252209K (49%)
----------------- Invoking toplevel() on ptolemy.moml.MoMLSimpleApplication@239fd75c
----------------- Done invoking toplevel() on ptolemy.moml.MoMLSimpleApplication@239fd75c
reloadAllAccessors: .ExecStop

===========================================================================================
----------------- testing Thu Jun 27 04:47:57 UTC 2019 /home/travis/build/icyphy/ptII/ptolemy/actor/lib/test/auto/ExecutionTimeSDF.xml
----------------- Instantiating /home/travis/build/icyphy/ptII/ptolemy/actor/lib/test/auto/ExecutionTimeSDF.xml
Fired ExecutionTime: 1674400000
Fired ExecutionTime: 1069200000
Fired ExecutionTime: -1112167296
6005 ms. Memory: 516096K Free: 239921K (46%)
----------------- Invoking toplevel() on ptolemy.moml.MoMLSimpleApplication@43e1792
----------------- Done invoking toplevel() on ptolemy.moml.MoMLSimpleApplication@43e1792
reloadAllAccessors: .ExecutionTimeSDF

===========================================================================================
----------------- testing Thu Jun 27 04:48:03 UTC 2019 /home/travis/build/icyphy/ptII/ptolemy/actor/lib/test/auto/Expression1.xml
----------------- Instantiating /home/travis/build/icyphy/ptII/ptolemy/actor/lib/test/auto/Expression1.xml
2 ms. Memory: 516096K Free: 236849K (46%)
----------------- Invoking toplevel() on ptolemy.moml.MoMLSimpleApplication@58e877e5
----------------- Done invoking toplevel() on ptolemy.moml.MoMLSimpleApplication@58e877e5
reloadAllAccessors: .Expression1

===========================================================================================
----------------- testing Thu Jun 27 04:48:03 UTC 2019 /home/travis/build/icyphy/ptII/ptolemy/actor/lib/test/auto/Expression10.xml
----------------- Instantiating /home/travis/build/icyphy/ptII/ptolemy/actor/lib/test/auto/Expression10.xml
6 ms. Memory: 516096K Free: 231215K (45%)
----------------- Invoking toplevel() on ptolemy.moml.MoMLSimpleApplication@2a44ab80
----------------- Done invoking toplevel() on ptolemy.moml.MoMLSimpleApplication@2a44ab80
reloadAllAccessors: .Expression10

===========================================================================================
----------------- testing Thu Jun 27 04:48:03 UTC 2019 /home/travis/build/icyphy/ptII/ptolemy/actor/lib/test/auto/Expression11.xml
----------------- Instantiating /home/travis/build/icyphy/ptII/ptolemy/actor/lib/test/auto/Expression11.xml
2 ms. Memory: 516096K Free: 226095K (44%)
----------------- Invoking toplevel() on ptolemy.moml.MoMLSimpleApplication@4e15c433
----------------- Done invoking toplevel() on ptolemy.moml.MoMLSimpleApplication@4e15c433
reloadAllAccessors: .Expression11

===========================================================================================
----------------- testing Thu Jun 27 04:48:03 UTC 2019 /home/travis/build/icyphy/ptII/ptolemy/actor/lib/test/auto/Expression12.xml
----------------- Instantiating /home/travis/build/icyphy/ptII/ptolemy/actor/lib/test/auto/Expression12.xml
3 ms. Memory: 516096K Free: 220975K (43%)
----------------- Invoking toplevel() on ptolemy.moml.MoMLSimpleApplication@4d3a5863
----------------- Done invoking toplevel() on ptolemy.moml.MoMLSimpleApplication@4d3a5863
reloadAllAccessors: .Expression12

===========================================================================================
----------------- testing Thu Jun 27 04:48:03 UTC 2019 /home/travis/build/icyphy/ptII/ptolemy/actor/lib/test/auto/Expression13.xml
----------------- Instantiating /home/travis/build/icyphy/ptII/ptolemy/actor/lib/test/auto/Expression13.xml
4 ms. Memory: 516096K Free: 215855K (42%)
----------------- Invoking toplevel() on ptolemy.moml.MoMLSimpleApplication@1bbdc665
----------------- Done invoking toplevel() on ptolemy.moml.MoMLSimpleApplication@1bbdc665
reloadAllAccessors: .Expression13

===========================================================================================
----------------- testing Thu Jun 27 04:48:03 UTC 2019 /home/travis/build/icyphy/ptII/ptolemy/actor/lib/test/auto/Expression14.xml
----------------- Instantiating /home/travis/build/icyphy/ptII/ptolemy/actor/lib/test/auto/Expression14.xml
4 ms. Memory: 516096K Free: 210225K (41%)
----------------- Invoking toplevel() on ptolemy.moml.MoMLSimpleApplication@49e8d921
----------------- Done invoking toplevel() on ptolemy.moml.MoMLSimpleApplication@49e8d921
reloadAllAccessors: .Expression14

===========================================================================================
----------------- testing Thu Jun 27 04:48:03 UTC 2019 /home/travis/build/icyphy/ptII/ptolemy/actor/lib/test/auto/Expression15.xml
----------------- Instantiating /home/travis/build/icyphy/ptII/ptolemy/actor/lib/test/auto/Expression15.xml
2 ms. Memory: 516096K Free: 206129K (40%)
----------------- Invoking toplevel() on ptolemy.moml.MoMLSimpleApplication@13386211
----------------- Done invoking toplevel() on ptolemy.moml.MoMLSimpleApplication@13386211
reloadAllAccessors: .Expression15

===========================================================================================
----------------- testing Thu Jun 27 04:48:03 UTC 2019 /home/travis/build/icyphy/ptII/ptolemy/actor/lib/test/auto/Expression16.xml
----------------- Instantiating /home/travis/build/icyphy/ptII/ptolemy/actor/lib/test/auto/Expression16.xml
3 ms. Memory: 516096K Free: 201519K (39%)
----------------- Invoking toplevel() on ptolemy.moml.MoMLSimpleApplication@45b159c4
----------------- Done invoking toplevel() on ptolemy.moml.MoMLSimpleApplication@45b159c4
reloadAllAccessors: .Expression16

===========================================================================================
----------------- testing Thu Jun 27 04:48:03 UTC 2019 /home/travis/build/icyphy/ptII/ptolemy/actor/lib/test/auto/Expression17.xml
----------------- Instantiating /home/travis/build/icyphy/ptII/ptolemy/actor/lib/test/auto/Expression17.xml
3 ms. Memory: 516096K Free: 196399K (38%)
----------------- Invoking toplevel() on ptolemy.moml.MoMLSimpleApplication@7074cec5
----------------- Done invoking toplevel() on ptolemy.moml.MoMLSimpleApplication@7074cec5
reloadAllAccessors: .Expression17

===========================================================================================
----------------- testing Thu Jun 27 04:48:03 UTC 2019 /home/travis/build/icyphy/ptII/ptolemy/actor/lib/test/auto/Expression18.xml
----------------- Instantiating /home/travis/build/icyphy/ptII/ptolemy/actor/lib/test/auto/Expression18.xml
2 ms. Memory: 516096K Free: 191279K (37%)
----------------- Invoking toplevel() on ptolemy.moml.MoMLSimpleApplication@63460ed1
----------------- Done invoking toplevel() on ptolemy.moml.MoMLSimpleApplication@63460ed1
reloadAllAccessors: .Expression18

===========================================================================================
----------------- testing Thu Jun 27 04:48:03 UTC 2019 /home/travis/build/icyphy/ptII/ptolemy/actor/lib/test/auto/Expression2.xml
----------------- Instantiating /home/travis/build/icyphy/ptII/ptolemy/actor/lib/test/auto/Expression2.xml
3 ms. Memory: 516096K Free: 186159K (36%)
----------------- Invoking toplevel() on ptolemy.moml.MoMLSimpleApplication@74a2ea51
----------------- Done invoking toplevel() on ptolemy.moml.MoMLSimpleApplication@74a2ea51
reloadAllAccessors: .Expression2

===========================================================================================
----------------- testing Thu Jun 27 04:48:03 UTC 2019 /home/travis/build/icyphy/ptII/ptolemy/actor/lib/test/auto/Expression3.xml
----------------- Instantiating /home/travis/build/icyphy/ptII/ptolemy/actor/lib/test/auto/Expression3.xml
7 ms. Memory: 516096K Free: 181039K (35%)
----------------- Invoking toplevel() on ptolemy.moml.MoMLSimpleApplication@860469e
----------------- Done invoking toplevel() on ptolemy.moml.MoMLSimpleApplication@860469e
reloadAllAccessors: .Expression3

===========================================================================================
----------------- testing Thu Jun 27 04:48:03 UTC 2019 /home/travis/build/icyphy/ptII/ptolemy/actor/lib/test/auto/Expression4.xml
----------------- Instantiating /home/travis/build/icyphy/ptII/ptolemy/actor/lib/test/auto/Expression4.xml
7 ms. Memory: 516096K Free: 173857K (34%)
----------------- Invoking toplevel() on ptolemy.moml.MoMLSimpleApplication@7b6cff47
----------------- Done invoking toplevel() on ptolemy.moml.MoMLSimpleApplication@7b6cff47
reloadAllAccessors: .Expression4

===========================================================================================
----------------- testing Thu Jun 27 04:48:03 UTC 2019 /home/travis/build/icyphy/ptII/ptolemy/actor/lib/test/auto/Expression5.xml
----------------- Instantiating /home/travis/build/icyphy/ptII/ptolemy/actor/lib/test/auto/Expression5.xml
3 ms. Memory: 516096K Free: 168751K (33%)
----------------- Invoking toplevel() on ptolemy.moml.MoMLSimpleApplication@3ffd1932
----------------- Done invoking toplevel() on ptolemy.moml.MoMLSimpleApplication@3ffd1932
reloadAllAccessors: .Expression5

===========================================================================================
----------------- testing Thu Jun 27 04:48:03 UTC 2019 /home/travis/build/icyphy/ptII/ptolemy/actor/lib/test/auto/Expression6.xml
----------------- Instantiating /home/travis/build/icyphy/ptII/ptolemy/actor/lib/test/auto/Expression6.xml
2 ms. Memory: 516096K Free: 164655K (32%)
----------------- Invoking toplevel() on ptolemy.moml.MoMLSimpleApplication@741097dc
----------------- Done invoking toplevel() on ptolemy.moml.MoMLSimpleApplication@741097dc
reloadAllAccessors: .Expression6

===========================================================================================
----------------- testing Thu Jun 27 04:48:03 UTC 2019 /home/travis/build/icyphy/ptII/ptolemy/actor/lib/test/auto/Expression7.xml
----------------- Instantiating /home/travis/build/icyphy/ptII/ptolemy/actor/lib/test/auto/Expression7.xml
3 ms. Memory: 516096K Free: 465930K (90%)
----------------- Invoking toplevel() on ptolemy.moml.MoMLSimpleApplication@4f09220c
----------------- Done invoking toplevel() on ptolemy.moml.MoMLSimpleApplication@4f09220c
reloadAllAccessors: .Expression7

===========================================================================================
----------------- testing Thu Jun 27 04:48:03 UTC 2019 /home/travis/build/icyphy/ptII/ptolemy/actor/lib/test/auto/Expression8.xml
----------------- Instantiating /home/travis/build/icyphy/ptII/ptolemy/actor/lib/test/auto/Expression8.xml
4 ms. Memory: 516096K Free: 460824K (89%)
----------------- Invoking toplevel() on ptolemy.moml.MoMLSimpleApplication@30c02e70
----------------- Done invoking toplevel() on ptolemy.moml.MoMLSimpleApplication@30c02e70
reloadAllAccessors: .Expression8

===========================================================================================
----------------- testing Thu Jun 27 04:48:04 UTC 2019 /home/travis/build/icyphy/ptII/ptolemy/actor/lib/test/auto/Expression9.xml
----------------- Instantiating /home/travis/build/icyphy/ptII/ptolemy/actor/lib/test/auto/Expression9.xml
1 ms. Memory: 516096K Free: 456728K (88%)
----------------- Invoking toplevel() on ptolemy.moml.MoMLSimpleApplication@c738e3b
----------------- Done invoking toplevel() on ptolemy.moml.MoMLSimpleApplication@c738e3b
reloadAllAccessors: .Expression9

===========================================================================================
----------------- testing Thu Jun 27 04:48:04 UTC 2019 /home/travis/build/icyphy/ptII/ptolemy/actor/lib/test/auto/ExpressionConcatenateArrayType.xml
----------------- Instantiating /home/travis/build/icyphy/ptII/ptolemy/actor/lib/test/auto/ExpressionConcatenateArrayType.xml
2 ms. Memory: 516096K Free: 450584K (87%)
----------------- Invoking toplevel() on ptolemy.moml.MoMLSimpleApplication@17145862
----------------- Done invoking toplevel() on ptolemy.moml.MoMLSimpleApplication@17145862
reloadAllAccessors: .ExpressionConcatenateArrayType

===========================================================================================
----------------- testing Thu Jun 27 04:48:04 UTC 2019 /home/travis/build/icyphy/ptII/ptolemy/actor/lib/test/auto/ExpressionConcatenateArrayType2.xml
----------------- Instantiating /home/travis/build/icyphy/ptII/ptolemy/actor/lib/test/auto/ExpressionConcatenateArrayType2.xml
2 ms. Memory: 516096K Free: 444954K (86%)
----------------- Invoking toplevel() on ptolemy.moml.MoMLSimpleApplication@4587566e
----------------- Done invoking toplevel() on ptolemy.moml.MoMLSimpleApplication@4587566e
reloadAllAccessors: .ExpressionConcatenateArrayType2

===========================================================================================
----------------- testing Thu Jun 27 04:48:04 UTC 2019 /home/travis/build/icyphy/ptII/ptolemy/actor/lib/test/auto/ExpressionFix.xml
----------------- Instantiating /home/travis/build/icyphy/ptII/ptolemy/actor/lib/test/auto/ExpressionFix.xml
27 ms. Memory: 516096K Free: 438808K (85%)
----------------- Invoking toplevel() on ptolemy.moml.MoMLSimpleApplication@66a6f532
----------------- Done invoking toplevel() on ptolemy.moml.MoMLSimpleApplication@66a6f532
reloadAllAccessors: .ExpressionFix

===========================================================================================
----------------- testing Thu Jun 27 04:48:04 UTC 2019 /home/travis/build/icyphy/ptII/ptolemy/actor/lib/test/auto/ExpressionFix2.xml
----------------- Instantiating /home/travis/build/icyphy/ptII/ptolemy/actor/lib/test/auto/ExpressionFix2.xml
5 ms. Memory: 516096K Free: 434714K (84%)
----------------- Invoking toplevel() on ptolemy.moml.MoMLSimpleApplication@43832f9b
----------------- Done invoking toplevel() on ptolemy.moml.MoMLSimpleApplication@43832f9b
reloadAllAccessors: .ExpressionFix2

===========================================================================================
----------------- testing Thu Jun 27 04:48:04 UTC 2019 /home/travis/build/icyphy/ptII/ptolemy/actor/lib/test/auto/ExpressionFix3.xml
----------------- Instantiating /home/travis/build/icyphy/ptII/ptolemy/actor/lib/test/auto/ExpressionFix3.xml
3 ms. Memory: 516096K Free: 430104K (83%)
----------------- Invoking toplevel() on ptolemy.moml.MoMLSimpleApplication@4dcf7de3
----------------- Done invoking toplevel() on ptolemy.moml.MoMLSimpleApplication@4dcf7de3
reloadAllAccessors: .ExpressionFix3

===========================================================================================
----------------- testing Thu Jun 27 04:48:04 UTC 2019 /home/travis/build/icyphy/ptII/ptolemy/actor/lib/test/auto/FileWriter1.xml
----------------- Instantiating /home/travis/build/icyphy/ptII/ptolemy/actor/lib/test/auto/FileWriter1.xml
3 ms. Memory: 516096K Free: 426522K (83%)
----------------- Invoking toplevel() on ptolemy.moml.MoMLSimpleApplication@1cae0a3c
----------------- Done invoking toplevel() on ptolemy.moml.MoMLSimpleApplication@1cae0a3c
reloadAllAccessors: .FileWriter1

===========================================================================================
----------------- testing Thu Jun 27 04:48:04 UTC 2019 /home/travis/build/icyphy/ptII/ptolemy/actor/lib/test/auto/FileWriter2.xml
----------------- Instantiating /home/travis/build/icyphy/ptII/ptolemy/actor/lib/test/auto/FileWriter2.xml
7 ms. Memory: 516096K Free: 421898K (82%)
----------------- Invoking toplevel() on ptolemy.moml.MoMLSimpleApplication@629d8d5a
----------------- Done invoking toplevel() on ptolemy.moml.MoMLSimpleApplication@629d8d5a
reloadAllAccessors: .FileWriter2

===========================================================================================
----------------- testing Thu Jun 27 04:48:04 UTC 2019 /home/travis/build/icyphy/ptII/ptolemy/actor/lib/test/auto/FileWriter3.xml
----------------- Instantiating /home/travis/build/icyphy/ptII/ptolemy/actor/lib/test/auto/FileWriter3.xml
2 ms. Memory: 516096K Free: 417816K (81%)
----------------- Invoking toplevel() on ptolemy.moml.MoMLSimpleApplication@51a5145c
----------------- Done invoking toplevel() on ptolemy.moml.MoMLSimpleApplication@51a5145c
reloadAllAccessors: .FileWriter3

===========================================================================================
----------------- testing Thu Jun 27 04:48:04 UTC 2019 /home/travis/build/icyphy/ptII/ptolemy/actor/lib/test/auto/Gaussian.xml
----------------- Instantiating /home/travis/build/icyphy/ptII/ptolemy/actor/lib/test/auto/Gaussian.xml
3 ms. Memory: 516096K Free: 413720K (80%)
----------------- Invoking toplevel() on ptolemy.moml.MoMLSimpleApplication@129775a8
----------------- Done invoking toplevel() on ptolemy.moml.MoMLSimpleApplication@129775a8
reloadAllAccessors: .Gaussian

===========================================================================================
----------------- testing Thu Jun 27 04:48:04 UTC 2019 /home/travis/build/icyphy/ptII/ptolemy/actor/lib/test/auto/Gaussian1.xml
----------------- Instantiating /home/travis/build/icyphy/ptII/ptolemy/actor/lib/test/auto/Gaussian1.xml
2 ms. Memory: 516096K Free: 408090K (79%)
----------------- Invoking toplevel() on ptolemy.moml.MoMLSimpleApplication@62fff1e3
----------------- Done invoking toplevel() on ptolemy.moml.MoMLSimpleApplication@62fff1e3
reloadAllAccessors: .Gaussian1

===========================================================================================
----------------- testing Thu Jun 27 04:48:04 UTC 2019 /home/travis/build/icyphy/ptII/ptolemy/actor/lib/test/auto/Gaussian2.xml
----------------- Instantiating /home/travis/build/icyphy/ptII/ptolemy/actor/lib/test/auto/Gaussian2.xml
2 ms. Memory: 516096K Free: 402970K (78%)
----------------- Invoking toplevel() on ptolemy.moml.MoMLSimpleApplication@6732b166
----------------- Done invoking toplevel() on ptolemy.moml.MoMLSimpleApplication@6732b166
reloadAllAccessors: .Gaussian2

===========================================================================================
----------------- testing Thu Jun 27 04:48:04 UTC 2019 /home/travis/build/icyphy/ptII/ptolemy/actor/lib/test/auto/GradientAdaptiveLattice.xml
----------------- Instantiating /home/travis/build/icyphy/ptII/ptolemy/actor/lib/test/auto/GradientAdaptiveLattice.xml
15 ms. Memory: 516096K Free: 397850K (77%)
----------------- Invoking toplevel() on ptolemy.moml.MoMLSimpleApplication@6f0808b6
----------------- Done invoking toplevel() on ptolemy.moml.MoMLSimpleApplication@6f0808b6
reloadAllAccessors: .GradientAdaptiveLattice

===========================================================================================
----------------- testing Thu Jun 27 04:48:04 UTC 2019 /home/travis/build/icyphy/ptII/ptolemy/actor/lib/test/auto/IIR.xml
----------------- Instantiating /home/travis/build/icyphy/ptII/ptolemy/actor/lib/test/auto/IIR.xml
1 ms. Memory: 516096K Free: 393240K (76%)
----------------- Invoking toplevel() on ptolemy.moml.MoMLSimpleApplication@181baed2
----------------- Done invoking toplevel() on ptolemy.moml.MoMLSimpleApplication@181baed2
reloadAllAccessors: .IIR

===========================================================================================
----------------- testing Thu Jun 27 04:48:04 UTC 2019 /home/travis/build/icyphy/ptII/ptolemy/actor/lib/test/auto/InputOutputTransparentPorts.xml
----------------- Instantiating /home/travis/build/icyphy/ptII/ptolemy/actor/lib/test/auto/InputOutputTransparentPorts.xml
2 ms. Memory: 516096K Free: 386072K (75%)
----------------- Invoking toplevel() on ptolemy.moml.MoMLSimpleApplication@6f7ff7cb
----------------- Done invoking toplevel() on ptolemy.moml.MoMLSimpleApplication@6f7ff7cb
reloadAllAccessors: .InputOutputTransparentPorts

===========================================================================================
----------------- testing Thu Jun 27 04:48:04 UTC 2019 /home/travis/build/icyphy/ptII/ptolemy/actor/lib/test/auto/Interpolator.xml
----------------- Instantiating /home/travis/build/icyphy/ptII/ptolemy/actor/lib/test/auto/Interpolator.xml
7 ms. Memory: 516096K Free: 381976K (74%)
----------------- Invoking toplevel() on ptolemy.moml.MoMLSimpleApplication@552862ad
----------------- Done invoking toplevel() on ptolemy.moml.MoMLSimpleApplication@552862ad
reloadAllAccessors: .Interpolator

===========================================================================================
----------------- testing Thu Jun 27 04:48:04 UTC 2019 /home/travis/build/icyphy/ptII/ptolemy/actor/lib/test/auto/InterpolatorFiringLimitDE.xml
----------------- Instantiating /home/travis/build/icyphy/ptII/ptolemy/actor/lib/test/auto/InterpolatorFiringLimitDE.xml
2 ms. Memory: 516096K Free: 376346K (73%)
----------------- Invoking toplevel() on ptolemy.moml.MoMLSimpleApplication@3a626a3f
----------------- Done invoking toplevel() on ptolemy.moml.MoMLSimpleApplication@3a626a3f
reloadAllAccessors: .InterpolatorFiringLimitDE

===========================================================================================
----------------- testing Thu Jun 27 04:48:04 UTC 2019 /home/travis/build/icyphy/ptII/ptolemy/actor/lib/test/auto/Lattice.xml
----------------- Instantiating /home/travis/build/icyphy/ptII/ptolemy/actor/lib/test/auto/Lattice.xml
1 ms. Memory: 516096K Free: 372250K (72%)
----------------- Invoking toplevel() on ptolemy.moml.MoMLSimpleApplication@36e2dd59
----------------- Done invoking toplevel() on ptolemy.moml.MoMLSimpleApplication@36e2dd59
reloadAllAccessors: .Lattice

===========================================================================================
----------------- testing Thu Jun 27 04:48:04 UTC 2019 /home/travis/build/icyphy/ptII/ptolemy/actor/lib/test/auto/LazyAOCTestLazy.xml
----------------- Instantiating /home/travis/build/icyphy/ptII/ptolemy/actor/lib/test/auto/LazyAOCTestLazy.xml
19 ms. Memory: 516096K Free: 366106K (71%)
----------------- Invoking toplevel() on ptolemy.moml.MoMLSimpleApplication@3146810f
----------------- Done invoking toplevel() on ptolemy.moml.MoMLSimpleApplication@3146810f
reloadAllAccessors: .LazyAOCTestLazy

===========================================================================================
----------------- testing Thu Jun 27 04:48:04 UTC 2019 /home/travis/build/icyphy/ptII/ptolemy/actor/lib/test/auto/LazyAOCTestNonLazy.xml
----------------- Instantiating /home/travis/build/icyphy/ptII/ptolemy/actor/lib/test/auto/LazyAOCTestNonLazy.xml
2 ms. Memory: 516096K Free: 360472K (70%)
----------------- Invoking toplevel() on ptolemy.moml.MoMLSimpleApplication@2ea3befa
----------------- Done invoking toplevel() on ptolemy.moml.MoMLSimpleApplication@2ea3befa
reloadAllAccessors: .LazyAOCTestNonLazy

===========================================================================================
----------------- testing Thu Jun 27 04:48:04 UTC 2019 /home/travis/build/icyphy/ptII/ptolemy/actor/lib/test/auto/LazyInnerClass.xml
----------------- Instantiating /home/travis/build/icyphy/ptII/ptolemy/actor/lib/test/auto/LazyInnerClass.xml
22 ms. Memory: 516096K Free: 351242K (68%)
----------------- Invoking toplevel() on ptolemy.moml.MoMLSimpleApplication@31cd0af4
----------------- Done invoking toplevel() on ptolemy.moml.MoMLSimpleApplication@31cd0af4
reloadAllAccessors: .LazyInnerClass

===========================================================================================
----------------- testing Thu Jun 27 04:48:04 UTC 2019 /home/travis/build/icyphy/ptII/ptolemy/actor/lib/test/auto/LazyPubSub.xml
----------------- Instantiating /home/travis/build/icyphy/ptII/ptolemy/actor/lib/test/auto/LazyPubSub.xml
24 ms. Memory: 516096K Free: 340506K (66%)
----------------- Invoking toplevel() on ptolemy.moml.MoMLSimpleApplication@714e23fb
----------------- Done invoking toplevel() on ptolemy.moml.MoMLSimpleApplication@714e23fb
reloadAllAccessors: .LazyPubSub

===========================================================================================
----------------- testing Thu Jun 27 04:48:04 UTC 2019 /home/travis/build/icyphy/ptII/ptolemy/actor/lib/test/auto/LazyPubSub2.xml
----------------- Instantiating /home/travis/build/icyphy/ptII/ptolemy/actor/lib/test/auto/LazyPubSub2.xml
22 ms. Memory: 516096K Free: 331290K (64%)
----------------- Invoking toplevel() on ptolemy.moml.MoMLSimpleApplication@64dbb019
----------------- Done invoking toplevel() on ptolemy.moml.MoMLSimpleApplication@64dbb019
reloadAllAccessors: .LazyPubSub2

===========================================================================================
----------------- testing Thu Jun 27 04:48:04 UTC 2019 /home/travis/build/icyphy/ptII/ptolemy/actor/lib/test/auto/LazyPubSub3.xml
----------------- Instantiating /home/travis/build/icyphy/ptII/ptolemy/actor/lib/test/auto/LazyPubSub3.xml
14 ms. Memory: 516096K Free: 321050K (62%)
----------------- Invoking toplevel() on ptolemy.moml.MoMLSimpleApplication@365386c1
----------------- Done invoking toplevel() on ptolemy.moml.MoMLSimpleApplication@365386c1
reloadAllAccessors: .LazyPubSub3

===========================================================================================
----------------- testing Thu Jun 27 04:48:04 UTC 2019 /home/travis/build/icyphy/ptII/ptolemy/actor/lib/test/auto/LazySubClassModel.xml
----------------- Instantiating /home/travis/build/icyphy/ptII/ptolemy/actor/lib/test/auto/LazySubClassModel.xml
2 ms. Memory: 516096K Free: 311834K (60%)
----------------- Invoking toplevel() on ptolemy.moml.MoMLSimpleApplication@565c4160
----------------- Done invoking toplevel() on ptolemy.moml.MoMLSimpleApplication@565c4160
reloadAllAccessors: .LazySubClassModel

===========================================================================================
----------------- testing Thu Jun 27 04:48:04 UTC 2019 /home/travis/build/icyphy/ptII/ptolemy/actor/lib/test/auto/LevelCrossTest1.xml
----------------- Instantiating /home/travis/build/icyphy/ptII/ptolemy/actor/lib/test/auto/LevelCrossTest1.xml
1 ms. Memory: 516096K Free: 306714K (59%)
----------------- Invoking toplevel() on ptolemy.moml.MoMLSimpleApplication@1f2ffb5b
----------------- Done invoking toplevel() on ptolemy.moml.MoMLSimpleApplication@1f2ffb5b
reloadAllAccessors: .broken

===========================================================================================
----------------- testing Thu Jun 27 04:48:04 UTC 2019 /home/travis/build/icyphy/ptII/ptolemy/actor/lib/test/auto/LevelCrossTest10.xml
----------------- Instantiating /home/travis/build/icyphy/ptII/ptolemy/actor/lib/test/auto/LevelCrossTest10.xml
1 ms. Memory: 516096K Free: 299546K (58%)
----------------- Invoking toplevel() on ptolemy.moml.MoMLSimpleApplication@730c4ffa
----------------- Done invoking toplevel() on ptolemy.moml.MoMLSimpleApplication@730c4ffa
reloadAllAccessors: .LevelCrossTest10

===========================================================================================
----------------- testing Thu Jun 27 04:48:04 UTC 2019 /home/travis/build/icyphy/ptII/ptolemy/actor/lib/test/auto/LevelCrossTest11.xml
----------------- Instantiating /home/travis/build/icyphy/ptII/ptolemy/actor/lib/test/auto/LevelCrossTest11.xml
4 ms. Memory: 516096K Free: 292378K (57%)
----------------- Invoking toplevel() on ptolemy.moml.MoMLSimpleApplication@219fdf
----------------- Done invoking toplevel() on ptolemy.moml.MoMLSimpleApplication@219fdf
reloadAllAccessors: .LevelCrossTest11

===========================================================================================
----------------- testing Thu Jun 27 04:48:04 UTC 2019 /home/travis/build/icyphy/ptII/ptolemy/actor/lib/test/auto/LevelCrossTest12.xml
----------------- Instantiating /home/travis/build/icyphy/ptII/ptolemy/actor/lib/test/auto/LevelCrossTest12.xml
1 ms. Memory: 516096K Free: 285210K (55%)
----------------- Invoking toplevel() on ptolemy.moml.MoMLSimpleApplication@227e744b
----------------- Done invoking toplevel() on ptolemy.moml.MoMLSimpleApplication@227e744b
reloadAllAccessors: .LevelCrossTest12

===========================================================================================
----------------- testing Thu Jun 27 04:48:04 UTC 2019 /home/travis/build/icyphy/ptII/ptolemy/actor/lib/test/auto/LevelCrossTest13.xml
----------------- Instantiating /home/travis/build/icyphy/ptII/ptolemy/actor/lib/test/auto/LevelCrossTest13.xml
2 ms. Memory: 516096K Free: 277528K (54%)
----------------- Invoking toplevel() on ptolemy.moml.MoMLSimpleApplication@476afbae
----------------- Done invoking toplevel() on ptolemy.moml.MoMLSimpleApplication@476afbae
reloadAllAccessors: .LevelCrossTest13

===========================================================================================
----------------- testing Thu Jun 27 04:48:04 UTC 2019 /home/travis/build/icyphy/ptII/ptolemy/actor/lib/test/auto/LevelCrossTest2.xml
----------------- Instantiating /home/travis/build/icyphy/ptII/ptolemy/actor/lib/test/auto/LevelCrossTest2.xml
2 ms. Memory: 516096K Free: 271898K (53%)
----------------- Invoking toplevel() on ptolemy.moml.MoMLSimpleApplication@3193ef9e
----------------- Done invoking toplevel() on ptolemy.moml.MoMLSimpleApplication@3193ef9e
reloadAllAccessors: .broken

===========================================================================================
----------------- testing Thu Jun 27 04:48:04 UTC 2019 /home/travis/build/icyphy/ptII/ptolemy/actor/lib/test/auto/LevelCrossTest3.xml
----------------- Instantiating /home/travis/build/icyphy/ptII/ptolemy/actor/lib/test/auto/LevelCrossTest3.xml
3 ms. Memory: 516096K Free: 265754K (51%)
----------------- Invoking toplevel() on ptolemy.moml.MoMLSimpleApplication@2887b15
----------------- Done invoking toplevel() on ptolemy.moml.MoMLSimpleApplication@2887b15
reloadAllAccessors: .LevelCrossTest3

===========================================================================================
----------------- testing Thu Jun 27 04:48:04 UTC 2019 /home/travis/build/icyphy/ptII/ptolemy/actor/lib/test/auto/LevelCrossTest4.xml
----------------- Instantiating /home/travis/build/icyphy/ptII/ptolemy/actor/lib/test/auto/LevelCrossTest4.xml
1 ms. Memory: 516096K Free: 260120K (50%)
----------------- Invoking toplevel() on ptolemy.moml.MoMLSimpleApplication@15ca9652
----------------- Done invoking toplevel() on ptolemy.moml.MoMLSimpleApplication@15ca9652
reloadAllAccessors: .broken

===========================================================================================
----------------- testing Thu Jun 27 04:48:04 UTC 2019 /home/travis/build/icyphy/ptII/ptolemy/actor/lib/test/auto/LevelCrossTest5.xml
----------------- Instantiating /home/travis/build/icyphy/ptII/ptolemy/actor/lib/test/auto/LevelCrossTest5.xml
2 ms. Memory: 516096K Free: 252952K (49%)
----------------- Invoking toplevel() on ptolemy.moml.MoMLSimpleApplication@411f4cb4
----------------- Done invoking toplevel() on ptolemy.moml.MoMLSimpleApplication@411f4cb4
reloadAllAccessors: .LevelCrossTest5

===========================================================================================
----------------- testing Thu Jun 27 04:48:04 UTC 2019 /home/travis/build/icyphy/ptII/ptolemy/actor/lib/test/auto/LevelCrossTest6.xml
----------------- Instantiating /home/travis/build/icyphy/ptII/ptolemy/actor/lib/test/auto/LevelCrossTest6.xml
1 ms. Memory: 516096K Free: 246298K (48%)
----------------- Invoking toplevel() on ptolemy.moml.MoMLSimpleApplication@40037fc
----------------- Done invoking toplevel() on ptolemy.moml.MoMLSimpleApplication@40037fc
reloadAllAccessors: .LevelCrossTest6

===========================================================================================
----------------- testing Thu Jun 27 04:48:04 UTC 2019 /home/travis/build/icyphy/ptII/ptolemy/actor/lib/test/auto/LevelCrossTest7.xml
----------------- Instantiating /home/travis/build/icyphy/ptII/ptolemy/actor/lib/test/auto/LevelCrossTest7.xml
9 ms. Memory: 516096K Free: 239130K (46%)
----------------- Invoking toplevel() on ptolemy.moml.MoMLSimpleApplication@4f92ca5b
----------------- Done invoking toplevel() on ptolemy.moml.MoMLSimpleApplication@4f92ca5b
reloadAllAccessors: .LevelCrossTest7

===========================================================================================
----------------- testing Thu Jun 27 04:48:04 UTC 2019 /home/travis/build/icyphy/ptII/ptolemy/actor/lib/test/auto/LevelCrossTest8.xml
----------------- Instantiating /home/travis/build/icyphy/ptII/ptolemy/actor/lib/test/auto/LevelCrossTest8.xml
2 ms. Memory: 516096K Free: 231962K (45%)
----------------- Invoking toplevel() on ptolemy.moml.MoMLSimpleApplication@7e4b1e77
----------------- Done invoking toplevel() on ptolemy.moml.MoMLSimpleApplication@7e4b1e77
reloadAllAccessors: .LevelCrossTest8

===========================================================================================
----------------- testing Thu Jun 27 04:48:05 UTC 2019 /home/travis/build/icyphy/ptII/ptolemy/actor/lib/test/auto/LevelCrossTest9.xml
----------------- Instantiating /home/travis/build/icyphy/ptII/ptolemy/actor/lib/test/auto/LevelCrossTest9.xml
2 ms. Memory: 516096K Free: 225818K (44%)
----------------- Invoking toplevel() on ptolemy.moml.MoMLSimpleApplication@6c14f45f
----------------- Done invoking toplevel() on ptolemy.moml.MoMLSimpleApplication@6c14f45f
reloadAllAccessors: .LevelCrossTest9

===========================================================================================
----------------- testing Thu Jun 27 04:48:05 UTC 2019 /home/travis/build/icyphy/ptII/ptolemy/actor/lib/test/auto/LevinsonDurbin.xml
----------------- Instantiating /home/travis/build/icyphy/ptII/ptolemy/actor/lib/test/auto/LevinsonDurbin.xml
1 ms. Memory: 516096K Free: 221722K (43%)
----------------- Invoking toplevel() on ptolemy.moml.MoMLSimpleApplication@6b9b1a40
----------------- Done invoking toplevel() on ptolemy.moml.MoMLSimpleApplication@6b9b1a40
reloadAllAccessors: .LevinsonDurbin

===========================================================================================
----------------- testing Thu Jun 27 04:48:05 UTC 2019 /home/travis/build/icyphy/ptII/ptolemy/actor/lib/test/auto/LevinsonDurbin2.xml
----------------- Instantiating /home/travis/build/icyphy/ptII/ptolemy/actor/lib/test/auto/LevinsonDurbin2.xml
2 ms. Memory: 516096K Free: 217626K (42%)
----------------- Invoking toplevel() on ptolemy.moml.MoMLSimpleApplication@63ac482b
----------------- Done invoking toplevel() on ptolemy.moml.MoMLSimpleApplication@63ac482b
reloadAllAccessors: .LevinsonDurbin2

===========================================================================================
----------------- testing Thu Jun 27 04:48:05 UTC 2019 /home/travis/build/icyphy/ptII/ptolemy/actor/lib/test/auto/LevinsonDurbin3.xml
----------------- Instantiating /home/travis/build/icyphy/ptII/ptolemy/actor/lib/test/auto/LevinsonDurbin3.xml
2 ms. Memory: 516096K Free: 214040K (41%)
----------------- Invoking toplevel() on ptolemy.moml.MoMLSimpleApplication@7c7a4a29
----------------- Done invoking toplevel() on ptolemy.moml.MoMLSimpleApplication@7c7a4a29
reloadAllAccessors: .LevinsonDurbin3

===========================================================================================
----------------- testing Thu Jun 27 04:48:05 UTC 2019 /home/travis/build/icyphy/ptII/ptolemy/actor/lib/test/auto/Limiter.xml
----------------- Instantiating /home/travis/build/icyphy/ptII/ptolemy/actor/lib/test/auto/Limiter.xml
5 ms. Memory: 516096K Free: 204810K (40%)
----------------- Invoking toplevel() on ptolemy.moml.MoMLSimpleApplication@3936161e
----------------- Done invoking toplevel() on ptolemy.moml.MoMLSimpleApplication@3936161e
reloadAllAccessors: .Limiter

===========================================================================================
----------------- testing Thu Jun 27 04:48:05 UTC 2019 /home/travis/build/icyphy/ptII/ptolemy/actor/lib/test/auto/LinearDifferenceEquationSystem.xml
----------------- Instantiating /home/travis/build/icyphy/ptII/ptolemy/actor/lib/test/auto/LinearDifferenceEquationSystem.xml
4 ms. Memory: 516096K Free: 197146K (38%)
----------------- Invoking toplevel() on ptolemy.moml.MoMLSimpleApplication@55ce2a99
----------------- Done invoking toplevel() on ptolemy.moml.MoMLSimpleApplication@55ce2a99
reloadAllAccessors: .LinearDifferenceEquationSystem

===========================================================================================
----------------- testing Thu Jun 27 04:48:05 UTC 2019 /home/travis/build/icyphy/ptII/ptolemy/actor/lib/test/auto/LookupTable.xml
----------------- Instantiating /home/travis/build/icyphy/ptII/ptolemy/actor/lib/test/auto/LookupTable.xml
1 ms. Memory: 516096K Free: 192536K (37%)
----------------- Invoking toplevel() on ptolemy.moml.MoMLSimpleApplication@1f85be53
----------------- Done invoking toplevel() on ptolemy.moml.MoMLSimpleApplication@1f85be53
reloadAllAccessors: .LookupTable

===========================================================================================
----------------- testing Thu Jun 27 04:48:05 UTC 2019 /home/travis/build/icyphy/ptII/ptolemy/actor/lib/test/auto/MathFunction.xml
----------------- Instantiating /home/travis/build/icyphy/ptII/ptolemy/actor/lib/test/auto/MathFunction.xml
2 ms. Memory: 516096K Free: 184858K (36%)
----------------- Invoking toplevel() on ptolemy.moml.MoMLSimpleApplication@553e4a2e
----------------- Done invoking toplevel() on ptolemy.moml.MoMLSimpleApplication@553e4a2e
reloadAllAccessors: .MathFunction

===========================================================================================
----------------- testing Thu Jun 27 04:48:05 UTC 2019 /home/travis/build/icyphy/ptII/ptolemy/actor/lib/test/auto/MathFunction2.xml
----------------- Instantiating /home/travis/build/icyphy/ptII/ptolemy/actor/lib/test/auto/MathFunction2.xml
2 ms. Memory: 516096K Free: 180762K (35%)
----------------- Invoking toplevel() on ptolemy.moml.MoMLSimpleApplication@4b38ff46
----------------- Done invoking toplevel() on ptolemy.moml.MoMLSimpleApplication@4b38ff46
reloadAllAccessors: .MathFunction2

===========================================================================================
----------------- testing Thu Jun 27 04:48:05 UTC 2019 /home/travis/build/icyphy/ptII/ptolemy/actor/lib/test/auto/MathFunction3.xml
----------------- Instantiating /home/travis/build/icyphy/ptII/ptolemy/actor/lib/test/auto/MathFunction3.xml
7 ms. Memory: 516096K Free: 173594K (34%)
----------------- Invoking toplevel() on ptolemy.moml.MoMLSimpleApplication@26dfd3e6
----------------- Done invoking toplevel() on ptolemy.moml.MoMLSimpleApplication@26dfd3e6
reloadAllAccessors: .MathFunction3

===========================================================================================
----------------- testing Thu Jun 27 04:48:05 UTC 2019 /home/travis/build/icyphy/ptII/ptolemy/actor/lib/test/auto/MatrixCropBoolean.xml
----------------- Instantiating /home/travis/build/icyphy/ptII/ptolemy/actor/lib/test/auto/MatrixCropBoolean.xml
8 ms. Memory: 516096K Free: 168978K (33%)
----------------- Invoking toplevel() on ptolemy.moml.MoMLSimpleApplication@402d0ccd
----------------- Done invoking toplevel() on ptolemy.moml.MoMLSimpleApplication@402d0ccd
reloadAllAccessors: .MatrixCropBoolean

===========================================================================================
----------------- testing Thu Jun 27 04:48:05 UTC 2019 /home/travis/build/icyphy/ptII/ptolemy/actor/lib/test/auto/MatrixCropComplex.xml
----------------- Instantiating /home/travis/build/icyphy/ptII/ptolemy/actor/lib/test/auto/MatrixCropComplex.xml
2 ms. Memory: 516096K Free: 163834K (32%)
----------------- Invoking toplevel() on ptolemy.moml.MoMLSimpleApplication@5d378c4c
----------------- Done invoking toplevel() on ptolemy.moml.MoMLSimpleApplication@5d378c4c
reloadAllAccessors: .MatrixCropComplex

===========================================================================================
----------------- testing Thu Jun 27 04:48:05 UTC 2019 /home/travis/build/icyphy/ptII/ptolemy/actor/lib/test/auto/MatrixCropDouble.xml
----------------- Instantiating /home/travis/build/icyphy/ptII/ptolemy/actor/lib/test/auto/MatrixCropDouble.xml
2 ms. Memory: 516096K Free: 464739K (90%)
----------------- Invoking toplevel() on ptolemy.moml.MoMLSimpleApplication@22694c56
----------------- Done invoking toplevel() on ptolemy.moml.MoMLSimpleApplication@22694c56
reloadAllAccessors: .MatrixCropDouble

===========================================================================================
----------------- testing Thu Jun 27 04:48:05 UTC 2019 /home/travis/build/icyphy/ptII/ptolemy/actor/lib/test/auto/MatrixCropFix.xml
----------------- Instantiating /home/travis/build/icyphy/ptII/ptolemy/actor/lib/test/auto/MatrixCropFix.xml
2 ms. Memory: 516096K Free: 459635K (89%)
----------------- Invoking toplevel() on ptolemy.moml.MoMLSimpleApplication@594a275f
----------------- Done invoking toplevel() on ptolemy.moml.MoMLSimpleApplication@594a275f
reloadAllAccessors: .MatrixCropFix

===========================================================================================
----------------- testing Thu Jun 27 04:48:05 UTC 2019 /home/travis/build/icyphy/ptII/ptolemy/actor/lib/test/auto/MatrixCropInt.xml
----------------- Instantiating /home/travis/build/icyphy/ptII/ptolemy/actor/lib/test/auto/MatrixCropInt.xml
1 ms. Memory: 516096K Free: 455043K (88%)
----------------- Invoking toplevel() on ptolemy.moml.MoMLSimpleApplication@440fba9b
----------------- Done invoking toplevel() on ptolemy.moml.MoMLSimpleApplication@440fba9b
reloadAllAccessors: .MatrixCropInt

===========================================================================================
----------------- testing Thu Jun 27 04:48:05 UTC 2019 /home/travis/build/icyphy/ptII/ptolemy/actor/lib/test/auto/MatrixCropLong.xml
----------------- Instantiating /home/travis/build/icyphy/ptII/ptolemy/actor/lib/test/auto/MatrixCropLong.xml
6 ms. Memory: 516096K Free: 449923K (87%)
----------------- Invoking toplevel() on ptolemy.moml.MoMLSimpleApplication@5cbf5c96
----------------- Done invoking toplevel() on ptolemy.moml.MoMLSimpleApplication@5cbf5c96
reloadAllAccessors: .MatrixCropLong

===========================================================================================
----------------- testing Thu Jun 27 04:48:05 UTC 2019 /home/travis/build/icyphy/ptII/ptolemy/actor/lib/test/auto/MatrixToArray.xml
----------------- Instantiating /home/travis/build/icyphy/ptII/ptolemy/actor/lib/test/auto/MatrixToArray.xml
7 ms. Memory: 516096K Free: 435073K (84%)
----------------- Invoking toplevel() on ptolemy.moml.MoMLSimpleApplication@42d3b5d3
----------------- Done invoking toplevel() on ptolemy.moml.MoMLSimpleApplication@42d3b5d3
reloadAllAccessors: .MatrixToArray

===========================================================================================
----------------- testing Thu Jun 27 04:48:05 UTC 2019 /home/travis/build/icyphy/ptII/ptolemy/actor/lib/test/auto/MaxIndex.xml
----------------- Instantiating /home/travis/build/icyphy/ptII/ptolemy/actor/lib/test/auto/MaxIndex.xml
2 ms. Memory: 516096K Free: 429953K (83%)
----------------- Invoking toplevel() on ptolemy.moml.MoMLSimpleApplication@9ae6aa9
----------------- Done invoking toplevel() on ptolemy.moml.MoMLSimpleApplication@9ae6aa9
reloadAllAccessors: .MaxIndex

===========================================================================================
----------------- testing Thu Jun 27 04:48:05 UTC 2019 /home/travis/build/icyphy/ptII/ptolemy/actor/lib/test/auto/Maximum.xml
----------------- Instantiating /home/travis/build/icyphy/ptII/ptolemy/actor/lib/test/auto/Maximum.xml
2 ms. Memory: 516096K Free: 423299K (82%)
----------------- Invoking toplevel() on ptolemy.moml.MoMLSimpleApplication@2a780c72
----------------- Done invoking toplevel() on ptolemy.moml.MoMLSimpleApplication@2a780c72
reloadAllAccessors: .Maximum

===========================================================================================
----------------- testing Thu Jun 27 04:48:05 UTC 2019 /home/travis/build/icyphy/ptII/ptolemy/actor/lib/test/auto/MaximumComplex.xml
----------------- Instantiating /home/travis/build/icyphy/ptII/ptolemy/actor/lib/test/auto/MaximumComplex.xml
5 ms. Memory: 516096K Free: 417155K (81%)
----------------- Invoking toplevel() on ptolemy.moml.MoMLSimpleApplication@4d324126
----------------- Done invoking toplevel() on ptolemy.moml.MoMLSimpleApplication@4d324126
reloadAllAccessors: .MaximumComplex

===========================================================================================
----------------- testing Thu Jun 27 04:48:05 UTC 2019 /home/travis/build/icyphy/ptII/ptolemy/actor/lib/test/auto/MethodCallTest.xml
----------------- Instantiating /home/travis/build/icyphy/ptII/ptolemy/actor/lib/test/auto/MethodCallTest.xml
2 ms. Memory: 516096K Free: 411011K (80%)
----------------- Invoking toplevel() on ptolemy.moml.MoMLSimpleApplication@1d7414bf
----------------- Done invoking toplevel() on ptolemy.moml.MoMLSimpleApplication@1d7414bf
reloadAllAccessors: .MethodCallTest

===========================================================================================
----------------- testing Thu Jun 27 04:48:05 UTC 2019 /home/travis/build/icyphy/ptII/ptolemy/actor/lib/test/auto/Minimum.xml
----------------- Instantiating /home/travis/build/icyphy/ptII/ptolemy/actor/lib/test/auto/Minimum.xml
2 ms. Memory: 516096K Free: 404867K (78%)
----------------- Invoking toplevel() on ptolemy.moml.MoMLSimpleApplication@7d4573a2
----------------- Done invoking toplevel() on ptolemy.moml.MoMLSimpleApplication@7d4573a2
reloadAllAccessors: .Minimum

===========================================================================================
----------------- testing Thu Jun 27 04:48:05 UTC 2019 /home/travis/build/icyphy/ptII/ptolemy/actor/lib/test/auto/MinimumComplex.xml
----------------- Instantiating /home/travis/build/icyphy/ptII/ptolemy/actor/lib/test/auto/MinimumComplex.xml
3 ms. Memory: 516096K Free: 398723K (77%)
----------------- Invoking toplevel() on ptolemy.moml.MoMLSimpleApplication@1cc3e6e2
----------------- Done invoking toplevel() on ptolemy.moml.MoMLSimpleApplication@1cc3e6e2
reloadAllAccessors: .MinimumComplex

===========================================================================================
----------------- testing Thu Jun 27 04:48:05 UTC 2019 /home/travis/build/icyphy/ptII/ptolemy/actor/lib/test/auto/MinimumMultiports.xml
----------------- Instantiating /home/travis/build/icyphy/ptII/ptolemy/actor/lib/test/auto/MinimumMultiports.xml
4 ms. Memory: 516096K Free: 390017K (76%)
----------------- Invoking toplevel() on ptolemy.moml.MoMLSimpleApplication@5a3d717e
----------------- Done invoking toplevel() on ptolemy.moml.MoMLSimpleApplication@5a3d717e
reloadAllAccessors: .MinimumMultiports

===========================================================================================
----------------- testing Thu Jun 27 04:48:05 UTC 2019 /home/travis/build/icyphy/ptII/ptolemy/actor/lib/test/auto/ModifyDate.xml
----------------- Instantiating /home/travis/build/icyphy/ptII/ptolemy/actor/lib/test/auto/ModifyDate.xml
8 ms. Memory: 516096K Free: 377729K (73%)
----------------- Invoking toplevel() on ptolemy.moml.MoMLSimpleApplication@4d822201
----------------- Done invoking toplevel() on ptolemy.moml.MoMLSimpleApplication@4d822201
reloadAllAccessors: .ModifyDate

===========================================================================================
----------------- testing Thu Jun 27 04:48:05 UTC 2019 /home/travis/build/icyphy/ptII/ptolemy/actor/lib/test/auto/ModifyDate2.xml
----------------- Instantiating /home/travis/build/icyphy/ptII/ptolemy/actor/lib/test/auto/ModifyDate2.xml
5 ms. Memory: 516096K Free: 369027K (72%)
----------------- Invoking toplevel() on ptolemy.moml.MoMLSimpleApplication@51464fcf
----------------- Done invoking toplevel() on ptolemy.moml.MoMLSimpleApplication@51464fcf
reloadAllAccessors: .ModifyDate2

===========================================================================================
----------------- testing Thu Jun 27 04:48:05 UTC 2019 /home/travis/build/icyphy/ptII/ptolemy/actor/lib/test/auto/MovingAverage.xml
----------------- Instantiating /home/travis/build/icyphy/ptII/ptolemy/actor/lib/test/auto/MovingAverage.xml
6 ms. Memory: 516096K Free: 363907K (71%)
----------------- Invoking toplevel() on ptolemy.moml.MoMLSimpleApplication@481fca10
----------------- Done invoking toplevel() on ptolemy.moml.MoMLSimpleApplication@481fca10
reloadAllAccessors: .MovingAverage

===========================================================================================
----------------- testing Thu Jun 27 04:48:05 UTC 2019 /home/travis/build/icyphy/ptII/ptolemy/actor/lib/test/auto/MovingMaximum.xml
----------------- Instantiating /home/travis/build/icyphy/ptII/ptolemy/actor/lib/test/auto/MovingMaximum.xml
11 ms. Memory: 516096K Free: 359297K (70%)
----------------- Invoking toplevel() on ptolemy.moml.MoMLSimpleApplication@2db4febc
----------------- Done invoking toplevel() on ptolemy.moml.MoMLSimpleApplication@2db4febc
reloadAllAccessors: .MovingMaximum

===========================================================================================
----------------- testing Thu Jun 27 04:48:05 UTC 2019 /home/travis/build/icyphy/ptII/ptolemy/actor/lib/test/auto/MultipleLinksToSameRelation.xml
----------------- Instantiating /home/travis/build/icyphy/ptII/ptolemy/actor/lib/test/auto/MultipleLinksToSameRelation.xml
2 ms. Memory: 516096K Free: 355715K (69%)
----------------- Invoking toplevel() on ptolemy.moml.MoMLSimpleApplication@76933db8
----------------- Done invoking toplevel() on ptolemy.moml.MoMLSimpleApplication@76933db8
reloadAllAccessors: .MultipleLinksToSameRelation

===========================================================================================
----------------- testing Thu Jun 27 04:48:05 UTC 2019 /home/travis/build/icyphy/ptII/ptolemy/actor/lib/test/auto/MultipleLinksToSameRelationDE.xml
----------------- Instantiating /home/travis/build/icyphy/ptII/ptolemy/actor/lib/test/auto/MultipleLinksToSameRelationDE.xml
4 ms. Memory: 516096K Free: 351091K (68%)
----------------- Invoking toplevel() on ptolemy.moml.MoMLSimpleApplication@3a34b489
----------------- Done invoking toplevel() on ptolemy.moml.MoMLSimpleApplication@3a34b489
reloadAllAccessors: .MultipleLinksToSameRelationDE

===========================================================================================
----------------- testing Thu Jun 27 04:48:05 UTC 2019 /home/travis/build/icyphy/ptII/ptolemy/actor/lib/test/auto/Multiplexor.xml
----------------- Instantiating /home/travis/build/icyphy/ptII/ptolemy/actor/lib/test/auto/Multiplexor.xml
2 ms. Memory: 516096K Free: 345475K (67%)
----------------- Invoking toplevel() on ptolemy.moml.MoMLSimpleApplication@7b739fb1
----------------- Done invoking toplevel() on ptolemy.moml.MoMLSimpleApplication@7b739fb1
reloadAllAccessors: .Multiplexor

===========================================================================================
----------------- testing Thu Jun 27 04:48:05 UTC 2019 /home/travis/build/icyphy/ptII/ptolemy/actor/lib/test/auto/Multiplexor1.xml
----------------- Instantiating /home/travis/build/icyphy/ptII/ptolemy/actor/lib/test/auto/Multiplexor1.xml
2 ms. Memory: 516096K Free: 339811K (66%)
----------------- Invoking toplevel() on ptolemy.moml.MoMLSimpleApplication@6dddcb3f
----------------- Done invoking toplevel() on ptolemy.moml.MoMLSimpleApplication@6dddcb3f
reloadAllAccessors: .Multiplexor1

===========================================================================================
----------------- testing Thu Jun 27 04:48:05 UTC 2019 /home/travis/build/icyphy/ptII/ptolemy/actor/lib/test/auto/Multiplexor2.xml
----------------- Instantiating /home/travis/build/icyphy/ptII/ptolemy/actor/lib/test/auto/Multiplexor2.xml
2 ms. Memory: 516096K Free: 333187K (65%)
----------------- Invoking toplevel() on ptolemy.moml.MoMLSimpleApplication@65dced03
----------------- Done invoking toplevel() on ptolemy.moml.MoMLSimpleApplication@65dced03
reloadAllAccessors: .Multiplexor2

===========================================================================================
----------------- testing Thu Jun 27 04:48:05 UTC 2019 /home/travis/build/icyphy/ptII/ptolemy/actor/lib/test/auto/Multiplexor3.xml
----------------- Instantiating /home/travis/build/icyphy/ptII/ptolemy/actor/lib/test/auto/Multiplexor3.xml
3 ms. Memory: 516096K Free: 329601K (64%)
----------------- Invoking toplevel() on ptolemy.moml.MoMLSimpleApplication@452ccfc3
----------------- Done invoking toplevel() on ptolemy.moml.MoMLSimpleApplication@452ccfc3
reloadAllAccessors: .Multiplexor3

===========================================================================================
----------------- testing Thu Jun 27 04:48:05 UTC 2019 /home/travis/build/icyphy/ptII/ptolemy/actor/lib/test/auto/MultiplexorDE.xml
----------------- Instantiating /home/travis/build/icyphy/ptII/ptolemy/actor/lib/test/auto/MultiplexorDE.xml
2 ms. Memory: 516096K Free: 321395K (62%)
----------------- Invoking toplevel() on ptolemy.moml.MoMLSimpleApplication@45501d58
----------------- Done invoking toplevel() on ptolemy.moml.MoMLSimpleApplication@45501d58
reloadAllAccessors: .MultiplexorDE

===========================================================================================
----------------- testing Thu Jun 27 04:48:05 UTC 2019 /home/travis/build/icyphy/ptII/ptolemy/actor/lib/test/auto/MultiportBroadcastTest.xml
----------------- Instantiating /home/travis/build/icyphy/ptII/ptolemy/actor/lib/test/auto/MultiportBroadcastTest.xml
90 ms. Memory: 516096K Free: 314755K (61%)
----------------- Invoking toplevel() on ptolemy.moml.MoMLSimpleApplication@701a6222
----------------- Done invoking toplevel() on ptolemy.moml.MoMLSimpleApplication@701a6222
reloadAllAccessors: .MultiportBroadcastTest

===========================================================================================
----------------- testing Thu Jun 27 04:48:05 UTC 2019 /home/travis/build/icyphy/ptII/ptolemy/actor/lib/test/auto/MultiportOutHangDuringGetWidth.xml
----------------- Instantiating /home/travis/build/icyphy/ptII/ptolemy/actor/lib/test/auto/MultiportOutHangDuringGetWidth.xml
5 ms. Memory: 516096K Free: 302977K (59%)
----------------- Invoking toplevel() on ptolemy.moml.MoMLSimpleApplication@19c4724d
----------------- Done invoking toplevel() on ptolemy.moml.MoMLSimpleApplication@19c4724d
reloadAllAccessors: .MultiportOutHangDuringGetWidth

===========================================================================================
----------------- testing Thu Jun 27 04:48:05 UTC 2019 /home/travis/build/icyphy/ptII/ptolemy/actor/lib/test/auto/NilToken.xml
----------------- Instantiating /home/travis/build/icyphy/ptII/ptolemy/actor/lib/test/auto/NilToken.xml
1 ms. Memory: 516096K Free: 298881K (58%)
----------------- Invoking toplevel() on ptolemy.moml.MoMLSimpleApplication@6828b091
----------------- Done invoking toplevel() on ptolemy.moml.MoMLSimpleApplication@6828b091
reloadAllAccessors: .NilToken

===========================================================================================
----------------- testing Thu Jun 27 04:48:06 UTC 2019 /home/travis/build/icyphy/ptII/ptolemy/actor/lib/test/auto/NilTokenNonStrictTest.xml
----------------- Instantiating /home/travis/build/icyphy/ptII/ptolemy/actor/lib/test/auto/NilTokenNonStrictTest.xml
3 ms. Memory: 516096K Free: 294785K (57%)
----------------- Invoking toplevel() on ptolemy.moml.MoMLSimpleApplication@6ecbd7da
----------------- Done invoking toplevel() on ptolemy.moml.MoMLSimpleApplication@6ecbd7da
reloadAllAccessors: .NilTokenNonStrictTest

===========================================================================================
----------------- testing Thu Jun 27 04:48:06 UTC 2019 /home/travis/build/icyphy/ptII/ptolemy/actor/lib/test/auto/NilTokenRecord.xml
----------------- Instantiating /home/travis/build/icyphy/ptII/ptolemy/actor/lib/test/auto/NilTokenRecord.xml
7 ms. Memory: 516096K Free: 288131K (56%)
----------------- Invoking toplevel() on ptolemy.moml.MoMLSimpleApplication@3631c8cd
----------------- Done invoking toplevel() on ptolemy.moml.MoMLSimpleApplication@3631c8cd
reloadAllAccessors: .NilTokenRecord

===========================================================================================
----------------- testing Thu Jun 27 04:48:06 UTC 2019 /home/travis/build/icyphy/ptII/ptolemy/actor/lib/test/auto/NilTokenTypeTest.xml
----------------- Instantiating /home/travis/build/icyphy/ptII/ptolemy/actor/lib/test/auto/NilTokenTypeTest.xml
11 ms. Memory: 516096K Free: 278401K (54%)
----------------- Invoking toplevel() on ptolemy.moml.MoMLSimpleApplication@6ac6a951
----------------- Done invoking toplevel() on ptolemy.moml.MoMLSimpleApplication@6ac6a951
reloadAllAccessors: .NilTokenTypeTest

===========================================================================================
----------------- testing Thu Jun 27 04:48:06 UTC 2019 /home/travis/build/icyphy/ptII/ptolemy/actor/lib/test/auto/ObjectToken1.xml
----------------- Instantiating /home/travis/build/icyphy/ptII/ptolemy/actor/lib/test/auto/ObjectToken1.xml
2 ms. Memory: 516096K Free: 274305K (53%)
----------------- Invoking toplevel() on ptolemy.moml.MoMLSimpleApplication@420046a2
----------------- Done invoking toplevel() on ptolemy.moml.MoMLSimpleApplication@420046a2
reloadAllAccessors: .ObjectToken1

===========================================================================================
----------------- testing Thu Jun 27 04:48:06 UTC 2019 /home/travis/build/icyphy/ptII/ptolemy/actor/lib/test/auto/OrderedMerge.xml
----------------- Instantiating /home/travis/build/icyphy/ptII/ptolemy/actor/lib/test/auto/OrderedMerge.xml
10 ms. Memory: 516096K Free: 268675K (52%)
----------------- Invoking toplevel() on ptolemy.moml.MoMLSimpleApplication@3d571b05
----------------- Done invoking toplevel() on ptolemy.moml.MoMLSimpleApplication@3d571b05
reloadAllAccessors: .OrderedMerge

===========================================================================================
----------------- testing Thu Jun 27 04:48:06 UTC 2019 /home/travis/build/icyphy/ptII/ptolemy/actor/lib/test/auto/OrderedRecordDisassembler.xml
----------------- Instantiating /home/travis/build/icyphy/ptII/ptolemy/actor/lib/test/auto/OrderedRecordDisassembler.xml
3 ms. Memory: 516096K Free: 264035K (51%)
----------------- Invoking toplevel() on ptolemy.moml.MoMLSimpleApplication@3e45e8a2
----------------- Done invoking toplevel() on ptolemy.moml.MoMLSimpleApplication@3e45e8a2
reloadAllAccessors: .OrderedRecordDisassembler

===========================================================================================
----------------- testing Thu Jun 27 04:48:06 UTC 2019 /home/travis/build/icyphy/ptII/ptolemy/actor/lib/test/auto/OrderedRecordDisassembler2.xml
----------------- Instantiating /home/travis/build/icyphy/ptII/ptolemy/actor/lib/test/auto/OrderedRecordDisassembler2.xml
4 ms. Memory: 516096K Free: 256387K (50%)
----------------- Invoking toplevel() on ptolemy.moml.MoMLSimpleApplication@6155ca12
----------------- Done invoking toplevel() on ptolemy.moml.MoMLSimpleApplication@6155ca12
reloadAllAccessors: .OrderedRecordDisassembler2

===========================================================================================
----------------- testing Thu Jun 27 04:48:06 UTC 2019 /home/travis/build/icyphy/ptII/ptolemy/actor/lib/test/auto/OrderedRecordUpdater.xml
----------------- Instantiating /home/travis/build/icyphy/ptII/ptolemy/actor/lib/test/auto/OrderedRecordUpdater.xml
2 ms. Memory: 516096K Free: 251267K (49%)
----------------- Invoking toplevel() on ptolemy.moml.MoMLSimpleApplication@416ec86e
----------------- Done invoking toplevel() on ptolemy.moml.MoMLSimpleApplication@416ec86e
reloadAllAccessors: .RecordUpdater

===========================================================================================
----------------- testing Thu Jun 27 04:48:06 UTC 2019 /home/travis/build/icyphy/ptII/ptolemy/actor/lib/test/auto/OrderedRecordUpdater2.xml
----------------- Instantiating /home/travis/build/icyphy/ptII/ptolemy/actor/lib/test/auto/OrderedRecordUpdater2.xml
4 ms. Memory: 516096K Free: 246657K (48%)
----------------- Invoking toplevel() on ptolemy.moml.MoMLSimpleApplication@efdd52c
----------------- Done invoking toplevel() on ptolemy.moml.MoMLSimpleApplication@efdd52c
reloadAllAccessors: .RecordUpdater2

===========================================================================================
----------------- testing Thu Jun 27 04:48:06 UTC 2019 /home/travis/build/icyphy/ptII/ptolemy/actor/lib/test/auto/PhaseUnwrap.xml
----------------- Instantiating /home/travis/build/icyphy/ptII/ptolemy/actor/lib/test/auto/PhaseUnwrap.xml
2 ms. Memory: 516096K Free: 242051K (47%)
----------------- Invoking toplevel() on ptolemy.moml.MoMLSimpleApplication@2227229a
----------------- Done invoking toplevel() on ptolemy.moml.MoMLSimpleApplication@2227229a
reloadAllAccessors: .PhaseUnwrap

===========================================================================================
----------------- testing Thu Jun 27 04:48:06 UTC 2019 /home/travis/build/icyphy/ptII/ptolemy/actor/lib/test/auto/PoissonClock.xml
----------------- Instantiating /home/travis/build/icyphy/ptII/ptolemy/actor/lib/test/auto/PoissonClock.xml
1 ms. Memory: 516096K Free: 238465K (46%)
----------------- Invoking toplevel() on ptolemy.moml.MoMLSimpleApplication@4886e4dc
----------------- Done invoking toplevel() on ptolemy.moml.MoMLSimpleApplication@4886e4dc
reloadAllAccessors: .PoissonClock

===========================================================================================
----------------- testing Thu Jun 27 04:48:06 UTC 2019 /home/travis/build/icyphy/ptII/ptolemy/actor/lib/test/auto/PoissonClock2.xml
----------------- Instantiating /home/travis/build/icyphy/ptII/ptolemy/actor/lib/test/auto/PoissonClock2.xml
5 ms. Memory: 516096K Free: 233859K (45%)
----------------- Invoking toplevel() on ptolemy.moml.MoMLSimpleApplication@676dcb9f
----------------- Done invoking toplevel() on ptolemy.moml.MoMLSimpleApplication@676dcb9f
reloadAllAccessors: .PoissonClock2

===========================================================================================
----------------- testing Thu Jun 27 04:48:06 UTC 2019 /home/travis/build/icyphy/ptII/ptolemy/actor/lib/test/auto/PoissonClock3.xml
----------------- Instantiating /home/travis/build/icyphy/ptII/ptolemy/actor/lib/test/auto/PoissonClock3.xml
1 ms. Memory: 516096K Free: 229249K (44%)
----------------- Invoking toplevel() on ptolemy.moml.MoMLSimpleApplication@cccf71b
----------------- Done invoking toplevel() on ptolemy.moml.MoMLSimpleApplication@cccf71b
reloadAllAccessors: .PoissonClock3

===========================================================================================
----------------- testing Thu Jun 27 04:48:06 UTC 2019 /home/travis/build/icyphy/ptII/ptolemy/actor/lib/test/auto/PubSubWithInitialTokens.xml
----------------- Instantiating /home/travis/build/icyphy/ptII/ptolemy/actor/lib/test/auto/PubSubWithInitialTokens.xml
2 ms. Memory: 516096K Free: 223619K (43%)
----------------- Invoking toplevel() on ptolemy.moml.MoMLSimpleApplication@311b9a56
----------------- Done invoking toplevel() on ptolemy.moml.MoMLSimpleApplication@311b9a56
reloadAllAccessors: .PubSubWithInitialTokens

===========================================================================================
----------------- testing Thu Jun 27 04:48:06 UTC 2019 /home/travis/build/icyphy/ptII/ptolemy/actor/lib/test/auto/PubSubWithInitialTokens2.xml
----------------- Instantiating /home/travis/build/icyphy/ptII/ptolemy/actor/lib/test/auto/PubSubWithInitialTokens2.xml
2 ms. Memory: 516096K Free: 217475K (42%)
----------------- Invoking toplevel() on ptolemy.moml.MoMLSimpleApplication@7a506d21
----------------- Done invoking toplevel() on ptolemy.moml.MoMLSimpleApplication@7a506d21
reloadAllAccessors: .PubSubWithInitialTokens2

===========================================================================================
----------------- testing Thu Jun 27 04:48:06 UTC 2019 /home/travis/build/icyphy/ptII/ptolemy/actor/lib/test/auto/PublisherClassNoParameter.xml
----------------- Instantiating /home/travis/build/icyphy/ptII/ptolemy/actor/lib/test/auto/PublisherClassNoParameter.xml
3 ms. Memory: 516096K Free: 207731K (40%)
----------------- Invoking toplevel() on ptolemy.moml.MoMLSimpleApplication@533c367c
----------------- Done invoking toplevel() on ptolemy.moml.MoMLSimpleApplication@533c367c
reloadAllAccessors: .PublisherClassNoParameter

===========================================================================================
----------------- testing Thu Jun 27 04:48:06 UTC 2019 /home/travis/build/icyphy/ptII/ptolemy/actor/lib/test/auto/PublisherClassParameter.xml
----------------- Instantiating /home/travis/build/icyphy/ptII/ptolemy/actor/lib/test/auto/PublisherClassParameter.xml
2 ms. Memory: 516096K Free: 198019K (38%)
----------------- Invoking toplevel() on ptolemy.moml.MoMLSimpleApplication@9b098d6
----------------- Done invoking toplevel() on ptolemy.moml.MoMLSimpleApplication@9b098d6
reloadAllAccessors: .PublisherClassParameter

===========================================================================================
----------------- testing Thu Jun 27 04:48:06 UTC 2019 /home/travis/build/icyphy/ptII/ptolemy/actor/lib/test/auto/PublisherNonStrictTest.xml
----------------- Instantiating /home/travis/build/icyphy/ptII/ptolemy/actor/lib/test/auto/PublisherNonStrictTest.xml
3 ms. Memory: 516096K Free: 190331K (37%)
----------------- Invoking toplevel() on ptolemy.moml.MoMLSimpleApplication@50d5d591
----------------- Done invoking toplevel() on ptolemy.moml.MoMLSimpleApplication@50d5d591
reloadAllAccessors: .PublisherNonStrictTest

===========================================================================================
----------------- testing Thu Jun 27 04:48:06 UTC 2019 /home/travis/build/icyphy/ptII/ptolemy/actor/lib/test/auto/PublisherPort1.xml
----------------- Instantiating /home/travis/build/icyphy/ptII/ptolemy/actor/lib/test/auto/PublisherPort1.xml
13 ms. Memory: 516096K Free: 184707K (36%)
----------------- Invoking toplevel() on ptolemy.moml.MoMLSimpleApplication@26b9f560
----------------- Done invoking toplevel() on ptolemy.moml.MoMLSimpleApplication@26b9f560
reloadAllAccessors: .PublisherPort1

===========================================================================================
----------------- testing Thu Jun 27 04:48:06 UTC 2019 /home/travis/build/icyphy/ptII/ptolemy/actor/lib/test/auto/PublisherPort2.xml
----------------- Instantiating /home/travis/build/icyphy/ptII/ptolemy/actor/lib/test/auto/PublisherPort2.xml
1 ms. Memory: 516096K Free: 179587K (35%)
----------------- Invoking toplevel() on ptolemy.moml.MoMLSimpleApplication@79020a74
----------------- Done invoking toplevel() on ptolemy.moml.MoMLSimpleApplication@79020a74
reloadAllAccessors: .PublisherPort2

===========================================================================================
----------------- testing Thu Jun 27 04:48:06 UTC 2019 /home/travis/build/icyphy/ptII/ptolemy/actor/lib/test/auto/PublisherPort3.xml
----------------- Instantiating /home/travis/build/icyphy/ptII/ptolemy/actor/lib/test/auto/PublisherPort3.xml
3 ms. Memory: 516096K Free: 172899K (34%)
----------------- Invoking toplevel() on ptolemy.moml.MoMLSimpleApplication@19b5113a
----------------- Done invoking toplevel() on ptolemy.moml.MoMLSimpleApplication@19b5113a
reloadAllAccessors: .PublisherPort3

===========================================================================================
----------------- testing Thu Jun 27 04:48:06 UTC 2019 /home/travis/build/icyphy/ptII/ptolemy/actor/lib/test/auto/PublisherPort4.xml
----------------- Instantiating /home/travis/build/icyphy/ptII/ptolemy/actor/lib/test/auto/PublisherPort4.xml
2 ms. Memory: 516096K Free: 167299K (32%)
----------------- Invoking toplevel() on ptolemy.moml.MoMLSimpleApplication@725ecfe2
----------------- Done invoking toplevel() on ptolemy.moml.MoMLSimpleApplication@725ecfe2
reloadAllAccessors: .PublisherPort4

===========================================================================================
----------------- testing Thu Jun 27 04:48:06 UTC 2019 /home/travis/build/icyphy/ptII/ptolemy/actor/lib/test/auto/PublisherPort5.xml
----------------- Instantiating /home/travis/build/icyphy/ptII/ptolemy/actor/lib/test/auto/PublisherPort5.xml
4 ms. Memory: 516096K Free: 465465K (90%)
----------------- Invoking toplevel() on ptolemy.moml.MoMLSimpleApplication@34462451
----------------- Done invoking toplevel() on ptolemy.moml.MoMLSimpleApplication@34462451
reloadAllAccessors: .PublisherPort5

===========================================================================================
----------------- testing Thu Jun 27 04:48:06 UTC 2019 /home/travis/build/icyphy/ptII/ptolemy/actor/lib/test/auto/PublisherPort5LookAlike.xml
----------------- Instantiating /home/travis/build/icyphy/ptII/ptolemy/actor/lib/test/auto/PublisherPort5LookAlike.xml
8 ms. Memory: 516096K Free: 457787K (89%)
----------------- Invoking toplevel() on ptolemy.moml.MoMLSimpleApplication@30bdbf3f
----------------- Done invoking toplevel() on ptolemy.moml.MoMLSimpleApplication@30bdbf3f
reloadAllAccessors: .PublisherPort5LookAlike

===========================================================================================
----------------- testing Thu Jun 27 04:48:06 UTC 2019 /home/travis/build/icyphy/ptII/ptolemy/actor/lib/test/auto/PublisherPort6.xml
----------------- Instantiating /home/travis/build/icyphy/ptII/ptolemy/actor/lib/test/auto/PublisherPort6.xml
2 ms. Memory: 516096K Free: 451115K (87%)
----------------- Invoking toplevel() on ptolemy.moml.MoMLSimpleApplication@1aea1083
----------------- Done invoking toplevel() on ptolemy.moml.MoMLSimpleApplication@1aea1083
reloadAllAccessors: .PublisherPort6

===========================================================================================
----------------- testing Thu Jun 27 04:48:06 UTC 2019 /home/travis/build/icyphy/ptII/ptolemy/actor/lib/test/auto/PublisherPort7.xml
----------------- Instantiating /home/travis/build/icyphy/ptII/ptolemy/actor/lib/test/auto/PublisherPort7.xml
4 ms. Memory: 516096K Free: 443451K (86%)
----------------- Invoking toplevel() on ptolemy.moml.MoMLSimpleApplication@75e9e630
----------------- Done invoking toplevel() on ptolemy.moml.MoMLSimpleApplication@75e9e630
reloadAllAccessors: .PublisherPort7

===========================================================================================
----------------- testing Thu Jun 27 04:48:06 UTC 2019 /home/travis/build/icyphy/ptII/ptolemy/actor/lib/test/auto/PublisherPort8.xml
----------------- Instantiating /home/travis/build/icyphy/ptII/ptolemy/actor/lib/test/auto/PublisherPort8.xml
4 ms. Memory: 516096K Free: 434745K (84%)
----------------- Invoking toplevel() on ptolemy.moml.MoMLSimpleApplication@2dccc7
----------------- Done invoking toplevel() on ptolemy.moml.MoMLSimpleApplication@2dccc7
reloadAllAccessors: .PublisherPort8

===========================================================================================
----------------- testing Thu Jun 27 04:48:06 UTC 2019 /home/travis/build/icyphy/ptII/ptolemy/actor/lib/test/auto/PublisherPortSubscriberChannelVariablesAOC2.xml
----------------- Instantiating /home/travis/build/icyphy/ptII/ptolemy/actor/lib/test/auto/PublisherPortSubscriberChannelVariablesAOC2.xml
3 ms. Memory: 516096K Free: 417851K (81%)
----------------- Invoking toplevel() on ptolemy.moml.MoMLSimpleApplication@3b7fab65
----------------- Done invoking toplevel() on ptolemy.moml.MoMLSimpleApplication@3b7fab65
reloadAllAccessors: .PublisherPortSubscriberChannelVariablesAOC2

===========================================================================================
----------------- testing Thu Jun 27 04:48:06 UTC 2019 /home/travis/build/icyphy/ptII/ptolemy/actor/lib/test/auto/PublisherPortSubscriberOpaqueWidthInference.xml
----------------- Instantiating /home/travis/build/icyphy/ptII/ptolemy/actor/lib/test/auto/PublisherPortSubscriberOpaqueWidthInference.xml
3 ms. Memory: 516096K Free: 410155K (79%)
----------------- Invoking toplevel() on ptolemy.moml.MoMLSimpleApplication@21c5b20b
----------------- Done invoking toplevel() on ptolemy.moml.MoMLSimpleApplication@21c5b20b
reloadAllAccessors: .PublisherPortSubscriberOpaqueWidthInference

===========================================================================================
----------------- testing Thu Jun 27 04:48:06 UTC 2019 /home/travis/build/icyphy/ptII/ptolemy/actor/lib/test/auto/PublisherPortSubscriberPortAdjacent.xml
----------------- Instantiating /home/travis/build/icyphy/ptII/ptolemy/actor/lib/test/auto/PublisherPortSubscriberPortAdjacent.xml
1 ms. Memory: 516096K Free: 401977K (78%)
----------------- Invoking toplevel() on ptolemy.moml.MoMLSimpleApplication@500d7c48
----------------- Done invoking toplevel() on ptolemy.moml.MoMLSimpleApplication@500d7c48
reloadAllAccessors: .PublisherPortSubscriberPortAdjacent

===========================================================================================
----------------- testing Thu Jun 27 04:48:06 UTC 2019 /home/travis/build/icyphy/ptII/ptolemy/actor/lib/test/auto/PublisherPortSubscriberPortExpression.xml
----------------- Instantiating /home/travis/build/icyphy/ptII/ptolemy/actor/lib/test/auto/PublisherPortSubscriberPortExpression.xml
16 ms. Memory: 516096K Free: 394795K (76%)
----------------- Invoking toplevel() on ptolemy.moml.MoMLSimpleApplication@4fa6407
----------------- Done invoking toplevel() on ptolemy.moml.MoMLSimpleApplication@4fa6407
reloadAllAccessors: .PublisherPortSubscriberPortExpression

===========================================================================================
----------------- testing Thu Jun 27 04:48:06 UTC 2019 /home/travis/build/icyphy/ptII/ptolemy/actor/lib/test/auto/PublisherPortSubscriberPortOpaqueD3Reverse.xml
----------------- Instantiating /home/travis/build/icyphy/ptII/ptolemy/actor/lib/test/auto/PublisherPortSubscriberPortOpaqueD3Reverse.xml
8 ms. Memory: 516096K Free: 384569K (75%)
----------------- Invoking toplevel() on ptolemy.moml.MoMLSimpleApplication@7cd31e7
----------------- Done invoking toplevel() on ptolemy.moml.MoMLSimpleApplication@7cd31e7
reloadAllAccessors: .PublisherPortSubscriberPortOpaqueD3Reverse

===========================================================================================
----------------- testing Thu Jun 27 04:48:06 UTC 2019 /home/travis/build/icyphy/ptII/ptolemy/actor/lib/test/auto/PublisherPortSubscriberPortOpaqueWidthInference.xml
----------------- Instantiating /home/travis/build/icyphy/ptII/ptolemy/actor/lib/test/auto/PublisherPortSubscriberPortOpaqueWidthInference.xml
4 ms. Memory: 516096K Free: 376891K (73%)
----------------- Invoking toplevel() on ptolemy.moml.MoMLSimpleApplication@2e9f06b3
----------------- Done invoking toplevel() on ptolemy.moml.MoMLSimpleApplication@2e9f06b3
reloadAllAccessors: .PublisherPortSubscriberPortOpaqueWidthInference

===========================================================================================
----------------- testing Thu Jun 27 04:48:06 UTC 2019 /home/travis/build/icyphy/ptII/ptolemy/actor/lib/test/auto/PublisherPortToplevelSubscriberPortAOC.xml
----------------- Instantiating /home/travis/build/icyphy/ptII/ptolemy/actor/lib/test/auto/PublisherPortToplevelSubscriberPortAOC.xml
.PublisherPortToplevelSubscriberPortAOC.TestExceptionAttribute: initialize() was not invoked, but wrapup() was.  This is unusual, but not always a problem.  For example, exporting JNLP will do this.
3 ms. Memory: 516096K Free: 370747K (72%)
----------------- Invoking toplevel() on ptolemy.moml.MoMLSimpleApplication@4a1c6503
----------------- Done invoking toplevel() on ptolemy.moml.MoMLSimpleApplication@4a1c6503
reloadAllAccessors: .PublisherPortToplevelSubscriberPortAOC

===========================================================================================
----------------- testing Thu Jun 27 04:48:06 UTC 2019 /home/travis/build/icyphy/ptII/ptolemy/actor/lib/test/auto/PublisherSubscriber.xml
----------------- Instantiating /home/travis/build/icyphy/ptII/ptolemy/actor/lib/test/auto/PublisherSubscriber.xml
2 ms. Memory: 516096K Free: 363579K (70%)
----------------- Invoking toplevel() on ptolemy.moml.MoMLSimpleApplication@90fa0ef
----------------- Done invoking toplevel() on ptolemy.moml.MoMLSimpleApplication@90fa0ef
reloadAllAccessors: .PublisherSubscriber

===========================================================================================
----------------- testing Thu Jun 27 04:48:06 UTC 2019 /home/travis/build/icyphy/ptII/ptolemy/actor/lib/test/auto/PublisherSubscriber10.xml
----------------- Instantiating /home/travis/build/icyphy/ptII/ptolemy/actor/lib/test/auto/PublisherSubscriber10.xml
7 ms. Memory: 516096K Free: 353849K (69%)
----------------- Invoking toplevel() on ptolemy.moml.MoMLSimpleApplication@671cf7f0
----------------- Done invoking toplevel() on ptolemy.moml.MoMLSimpleApplication@671cf7f0
reloadAllAccessors: .PublisherSubscriber10

===========================================================================================
----------------- testing Thu Jun 27 04:48:06 UTC 2019 /home/travis/build/icyphy/ptII/ptolemy/actor/lib/test/auto/PublisherSubscriber10InitialOutputs.xml
----------------- Instantiating /home/travis/build/icyphy/ptII/ptolemy/actor/lib/test/auto/PublisherSubscriber10InitialOutputs.xml
14 ms. Memory: 516096K Free: 344633K (67%)
----------------- Invoking toplevel() on ptolemy.moml.MoMLSimpleApplication@7f140477
----------------- Done invoking toplevel() on ptolemy.moml.MoMLSimpleApplication@7f140477
reloadAllAccessors: .PublisherSubscriber10InitialOutputs

===========================================================================================
----------------- testing Thu Jun 27 04:48:06 UTC 2019 /home/travis/build/icyphy/ptII/ptolemy/actor/lib/test/auto/PublisherSubscriber11.xml
----------------- Instantiating /home/travis/build/icyphy/ptII/ptolemy/actor/lib/test/auto/PublisherSubscriber11.xml
3 ms. Memory: 516096K Free: 337979K (65%)
----------------- Invoking toplevel() on ptolemy.moml.MoMLSimpleApplication@3b6d3214
----------------- Done invoking toplevel() on ptolemy.moml.MoMLSimpleApplication@3b6d3214
reloadAllAccessors: .PublisherSubscriber11

===========================================================================================
----------------- testing Thu Jun 27 04:48:06 UTC 2019 /home/travis/build/icyphy/ptII/ptolemy/actor/lib/test/auto/PublisherSubscriber12.xml
----------------- Instantiating /home/travis/build/icyphy/ptII/ptolemy/actor/lib/test/auto/PublisherSubscriber12.xml
5 ms. Memory: 516096K Free: 330811K (64%)
----------------- Invoking toplevel() on ptolemy.moml.MoMLSimpleApplication@78a21118
----------------- Done invoking toplevel() on ptolemy.moml.MoMLSimpleApplication@78a21118
reloadAllAccessors: .PublisherSubscriber12

===========================================================================================
----------------- testing Thu Jun 27 04:48:06 UTC 2019 /home/travis/build/icyphy/ptII/ptolemy/actor/lib/test/auto/PublisherSubscriber13.xml
----------------- Instantiating /home/travis/build/icyphy/ptII/ptolemy/actor/lib/test/auto/PublisherSubscriber13.xml
2 ms. Memory: 516096K Free: 325691K (63%)
----------------- Invoking toplevel() on ptolemy.moml.MoMLSimpleApplication@32955253
----------------- Done invoking toplevel() on ptolemy.moml.MoMLSimpleApplication@32955253
reloadAllAccessors: .PublisherSubscriber13

===========================================================================================
----------------- testing Thu Jun 27 04:48:06 UTC 2019 /home/travis/build/icyphy/ptII/ptolemy/actor/lib/test/auto/PublisherSubscriber14.xml
----------------- Instantiating /home/travis/build/icyphy/ptII/ptolemy/actor/lib/test/auto/PublisherSubscriber14.xml
2 ms. Memory: 516096K Free: 317499K (62%)
----------------- Invoking toplevel() on ptolemy.moml.MoMLSimpleApplication@47f354f6
----------------- Done invoking toplevel() on ptolemy.moml.MoMLSimpleApplication@47f354f6
reloadAllAccessors: .PublisherSubscriber14

===========================================================================================
----------------- testing Thu Jun 27 04:48:06 UTC 2019 /home/travis/build/icyphy/ptII/ptolemy/actor/lib/test/auto/PublisherSubscriber2.xml
----------------- Instantiating /home/travis/build/icyphy/ptII/ptolemy/actor/lib/test/auto/PublisherSubscriber2.xml
3 ms. Memory: 516096K Free: 311835K (60%)
----------------- Invoking toplevel() on ptolemy.moml.MoMLSimpleApplication@dae1ab0
----------------- Done invoking toplevel() on ptolemy.moml.MoMLSimpleApplication@dae1ab0
reloadAllAccessors: .PublisherSubscriber2

===========================================================================================
----------------- testing Thu Jun 27 04:48:07 UTC 2019 /home/travis/build/icyphy/ptII/ptolemy/actor/lib/test/auto/PublisherSubscriber3.xml
----------------- Instantiating /home/travis/build/icyphy/ptII/ptolemy/actor/lib/test/auto/PublisherSubscriber3.xml
2 ms. Memory: 516096K Free: 306235K (59%)
----------------- Invoking toplevel() on ptolemy.moml.MoMLSimpleApplication@111c6513
----------------- Done invoking toplevel() on ptolemy.moml.MoMLSimpleApplication@111c6513
reloadAllAccessors: .PublisherSubscriber3

===========================================================================================
----------------- testing Thu Jun 27 04:48:07 UTC 2019 /home/travis/build/icyphy/ptII/ptolemy/actor/lib/test/auto/PublisherSubscriber4.xml
----------------- Instantiating /home/travis/build/icyphy/ptII/ptolemy/actor/lib/test/auto/PublisherSubscriber4.xml
2 ms. Memory: 516096K Free: 301115K (58%)
----------------- Invoking toplevel() on ptolemy.moml.MoMLSimpleApplication@48a1019d
----------------- Done invoking toplevel() on ptolemy.moml.MoMLSimpleApplication@48a1019d
reloadAllAccessors: .PublisherSubscriber4

===========================================================================================
----------------- testing Thu Jun 27 04:48:07 UTC 2019 /home/travis/build/icyphy/ptII/ptolemy/actor/lib/test/auto/PublisherSubscriber5.xml
----------------- Instantiating /home/travis/build/icyphy/ptII/ptolemy/actor/lib/test/auto/PublisherSubscriber5.xml
2 ms. Memory: 516096K Free: 294457K (57%)
----------------- Invoking toplevel() on ptolemy.moml.MoMLSimpleApplication@7b5fe0d3
----------------- Done invoking toplevel() on ptolemy.moml.MoMLSimpleApplication@7b5fe0d3
reloadAllAccessors: .PublisherSubscriber5

===========================================================================================
----------------- testing Thu Jun 27 04:48:07 UTC 2019 /home/travis/build/icyphy/ptII/ptolemy/actor/lib/test/auto/PublisherSubscriber6.xml
----------------- Instantiating /home/travis/build/icyphy/ptII/ptolemy/actor/lib/test/auto/PublisherSubscriber6.xml
5 ms. Memory: 516096K Free: 287803K (56%)
----------------- Invoking toplevel() on ptolemy.moml.MoMLSimpleApplication@1a68f6ab
----------------- Done invoking toplevel() on ptolemy.moml.MoMLSimpleApplication@1a68f6ab
reloadAllAccessors: .PublisherSubscriber6

===========================================================================================
----------------- testing Thu Jun 27 04:48:07 UTC 2019 /home/travis/build/icyphy/ptII/ptolemy/actor/lib/test/auto/PublisherSubscriber7.xml
----------------- Instantiating /home/travis/build/icyphy/ptII/ptolemy/actor/lib/test/auto/PublisherSubscriber7.xml
8 ms. Memory: 516096K Free: 280635K (54%)
----------------- Invoking toplevel() on ptolemy.moml.MoMLSimpleApplication@1e8315f6
----------------- Done invoking toplevel() on ptolemy.moml.MoMLSimpleApplication@1e8315f6
reloadAllAccessors: .PublisherSubscriber7

===========================================================================================
----------------- testing Thu Jun 27 04:48:07 UTC 2019 /home/travis/build/icyphy/ptII/ptolemy/actor/lib/test/auto/PublisherSubscriber8.xml
----------------- Instantiating /home/travis/build/icyphy/ptII/ptolemy/actor/lib/test/auto/PublisherSubscriber8.xml
14 ms. Memory: 516096K Free: 268857K (52%)
----------------- Invoking toplevel() on ptolemy.moml.MoMLSimpleApplication@56760cf7
----------------- Done invoking toplevel() on ptolemy.moml.MoMLSimpleApplication@56760cf7
reloadAllAccessors: .PublisherSubscriber8

===========================================================================================
----------------- testing Thu Jun 27 04:48:07 UTC 2019 /home/travis/build/icyphy/ptII/ptolemy/actor/lib/test/auto/PublisherSubscriber9.xml
----------------- Instantiating /home/travis/build/icyphy/ptII/ptolemy/actor/lib/test/auto/PublisherSubscriber9.xml
3 ms. Memory: 516096K Free: 261689K (51%)
----------------- Invoking toplevel() on ptolemy.moml.MoMLSimpleApplication@c335da3
----------------- Done invoking toplevel() on ptolemy.moml.MoMLSimpleApplication@c335da3
reloadAllAccessors: .PublisherSubscriber9

===========================================================================================
----------------- testing Thu Jun 27 04:48:07 UTC 2019 /home/travis/build/icyphy/ptII/ptolemy/actor/lib/test/auto/PublisherSubscriberAdjacent.xml
----------------- Instantiating /home/travis/build/icyphy/ptII/ptolemy/actor/lib/test/auto/PublisherSubscriberAdjacent.xml
2 ms. Memory: 516096K Free: 253497K (49%)
----------------- Invoking toplevel() on ptolemy.moml.MoMLSimpleApplication@2267384b
----------------- Done invoking toplevel() on ptolemy.moml.MoMLSimpleApplication@2267384b
reloadAllAccessors: .PublisherSubscriberAdjacent

===========================================================================================
----------------- testing Thu Jun 27 04:48:07 UTC 2019 /home/travis/build/icyphy/ptII/ptolemy/actor/lib/test/auto/PublisherSubscriberChannelVariablesAOC2.xml
----------------- Instantiating /home/travis/build/icyphy/ptII/ptolemy/actor/lib/test/auto/PublisherSubscriberChannelVariablesAOC2.xml
3 ms. Memory: 516096K Free: 239147K (46%)
----------------- Invoking toplevel() on ptolemy.moml.MoMLSimpleApplication@5dcbc050
----------------- Done invoking toplevel() on ptolemy.moml.MoMLSimpleApplication@5dcbc050
reloadAllAccessors: .PublisherSubscriberChannelVariablesAOC2

===========================================================================================
----------------- testing Thu Jun 27 04:48:07 UTC 2019 /home/travis/build/icyphy/ptII/ptolemy/actor/lib/test/auto/PublisherSubscriberD3.xml
----------------- Instantiating /home/travis/build/icyphy/ptII/ptolemy/actor/lib/test/auto/PublisherSubscriberD3.xml
2 ms. Memory: 516096K Free: 231993K (45%)
----------------- Invoking toplevel() on ptolemy.moml.MoMLSimpleApplication@6f62272c
----------------- Done invoking toplevel() on ptolemy.moml.MoMLSimpleApplication@6f62272c
reloadAllAccessors: .PublisherSubscriberD3

===========================================================================================
----------------- testing Thu Jun 27 04:48:07 UTC 2019 /home/travis/build/icyphy/ptII/ptolemy/actor/lib/test/auto/PublisherSubscriberD3Reverse.xml
----------------- Instantiating /home/travis/build/icyphy/ptII/ptolemy/actor/lib/test/auto/PublisherSubscriberD3Reverse.xml
7 ms. Memory: 516096K Free: 226363K (44%)
----------------- Invoking toplevel() on ptolemy.moml.MoMLSimpleApplication@2861bd7d
----------------- Done invoking toplevel() on ptolemy.moml.MoMLSimpleApplication@2861bd7d
reloadAllAccessors: .PublisherSubscriberD3Reverse

===========================================================================================
----------------- testing Thu Jun 27 04:48:07 UTC 2019 /home/travis/build/icyphy/ptII/ptolemy/actor/lib/test/auto/PublisherSubscriberExpression.xml
----------------- Instantiating /home/travis/build/icyphy/ptII/ptolemy/actor/lib/test/auto/PublisherSubscriberExpression.xml
4 ms. Memory: 516096K Free: 218171K (42%)
----------------- Invoking toplevel() on ptolemy.moml.MoMLSimpleApplication@52594fb0
----------------- Done invoking toplevel() on ptolemy.moml.MoMLSimpleApplication@52594fb0
reloadAllAccessors: .PublisherSubscriberExpression

===========================================================================================
----------------- testing Thu Jun 27 04:48:07 UTC 2019 /home/travis/build/icyphy/ptII/ptolemy/actor/lib/test/auto/PublisherSubscriberOpaque.xml
----------------- Instantiating /home/travis/build/icyphy/ptII/ptolemy/actor/lib/test/auto/PublisherSubscriberOpaque.xml
4 ms. Memory: 516096K Free: 209979K (41%)
----------------- Invoking toplevel() on ptolemy.moml.MoMLSimpleApplication@47d03664
----------------- Done invoking toplevel() on ptolemy.moml.MoMLSimpleApplication@47d03664
reloadAllAccessors: .PublisherSubscriberOpaque

===========================================================================================
----------------- testing Thu Jun 27 04:48:07 UTC 2019 /home/travis/build/icyphy/ptII/ptolemy/actor/lib/test/auto/PublisherSubscriberOpaqueD3.xml
----------------- Instantiating /home/travis/build/icyphy/ptII/ptolemy/actor/lib/test/auto/PublisherSubscriberOpaqueD3.xml
5 ms. Memory: 516096K Free: 198201K (38%)
----------------- Invoking toplevel() on ptolemy.moml.MoMLSimpleApplication@7fd030d1
----------------- Done invoking toplevel() on ptolemy.moml.MoMLSimpleApplication@7fd030d1
reloadAllAccessors: .PublisherSubscriberOpaqueD3

===========================================================================================
----------------- testing Thu Jun 27 04:48:07 UTC 2019 /home/travis/build/icyphy/ptII/ptolemy/actor/lib/test/auto/PublisherSubscriberOpaqueD3Reverse.xml
----------------- Instantiating /home/travis/build/icyphy/ptII/ptolemy/actor/lib/test/auto/PublisherSubscriberOpaqueD3Reverse.xml
9 ms. Memory: 516096K Free: 187451K (36%)
----------------- Invoking toplevel() on ptolemy.moml.MoMLSimpleApplication@30b85f24
----------------- Done invoking toplevel() on ptolemy.moml.MoMLSimpleApplication@30b85f24
reloadAllAccessors: .PublisherSubscriberOpaqueD3Reverse

===========================================================================================
----------------- testing Thu Jun 27 04:48:07 UTC 2019 /home/travis/build/icyphy/ptII/ptolemy/actor/lib/test/auto/PublisherSubscriberOpaqueWidthInference.xml
----------------- Instantiating /home/travis/build/icyphy/ptII/ptolemy/actor/lib/test/auto/PublisherSubscriberOpaqueWidthInference.xml
3 ms. Memory: 516096K Free: 179259K (35%)
----------------- Invoking toplevel() on ptolemy.moml.MoMLSimpleApplication@21808e94
----------------- Done invoking toplevel() on ptolemy.moml.MoMLSimpleApplication@21808e94
reloadAllAccessors: .PublisherSubscriberOpaqueWidthInference

===========================================================================================
----------------- testing Thu Jun 27 04:48:07 UTC 2019 /home/travis/build/icyphy/ptII/ptolemy/actor/lib/test/auto/PublisherTestSubscriber.xml
----------------- Instantiating /home/travis/build/icyphy/ptII/ptolemy/actor/lib/test/auto/PublisherTestSubscriber.xml
4 ms. Memory: 516096K Free: 171571K (33%)
----------------- Invoking toplevel() on ptolemy.moml.MoMLSimpleApplication@5bfabdce
----------------- Done invoking toplevel() on ptolemy.moml.MoMLSimpleApplication@5bfabdce
reloadAllAccessors: .PublisherTestSubscriber

===========================================================================================
----------------- testing Thu Jun 27 04:48:07 UTC 2019 /home/travis/build/icyphy/ptII/ptolemy/actor/lib/test/auto/PublisherToplevelSubscriberPortAOC.xml
----------------- Instantiating /home/travis/build/icyphy/ptII/ptolemy/actor/lib/test/auto/PublisherToplevelSubscriberPortAOC.xml
2 ms. Memory: 516096K Free: 165419K (32%)
----------------- Invoking toplevel() on ptolemy.moml.MoMLSimpleApplication@41f1fe9c
----------------- Done invoking toplevel() on ptolemy.moml.MoMLSimpleApplication@41f1fe9c
reloadAllAccessors: .PublisherToplevelSubscriberPortAOC

===========================================================================================
----------------- testing Thu Jun 27 04:48:07 UTC 2019 /home/travis/build/icyphy/ptII/ptolemy/actor/lib/test/auto/PulseFiringLimitDE.xml
----------------- Instantiating /home/travis/build/icyphy/ptII/ptolemy/actor/lib/test/auto/PulseFiringLimitDE.xml
3 ms. Memory: 516096K Free: 465433K (90%)
----------------- Invoking toplevel() on ptolemy.moml.MoMLSimpleApplication@75a9089d
----------------- Done invoking toplevel() on ptolemy.moml.MoMLSimpleApplication@75a9089d
reloadAllAccessors: .PulseFiringLimitDE

===========================================================================================
----------------- testing Thu Jun 27 04:48:07 UTC 2019 /home/travis/build/icyphy/ptII/ptolemy/actor/lib/test/auto/Ramp1.xml
----------------- Instantiating /home/travis/build/icyphy/ptII/ptolemy/actor/lib/test/auto/Ramp1.xml
1 ms. Memory: 516096K Free: 461337K (89%)
----------------- Invoking toplevel() on ptolemy.moml.MoMLSimpleApplication@6ea09a52
----------------- Done invoking toplevel() on ptolemy.moml.MoMLSimpleApplication@6ea09a52
reloadAllAccessors: .Ramp1

===========================================================================================
----------------- testing Thu Jun 27 04:48:07 UTC 2019 /home/travis/build/icyphy/ptII/ptolemy/actor/lib/test/auto/RampFiringLimitDE.xml
----------------- Instantiating /home/travis/build/icyphy/ptII/ptolemy/actor/lib/test/auto/RampFiringLimitDE.xml
2 ms. Memory: 516096K Free: 455185K (88%)
----------------- Invoking toplevel() on ptolemy.moml.MoMLSimpleApplication@7eec60a3
----------------- Done invoking toplevel() on ptolemy.moml.MoMLSimpleApplication@7eec60a3
reloadAllAccessors: .RampFiringLimitDE

===========================================================================================
----------------- testing Thu Jun 27 04:48:07 UTC 2019 /home/travis/build/icyphy/ptII/ptolemy/actor/lib/test/auto/RampFiringLimitSDF.xml
----------------- Instantiating /home/travis/build/icyphy/ptII/ptolemy/actor/lib/test/auto/RampFiringLimitSDF.xml
2 ms. Memory: 516096K Free: 450065K (87%)
----------------- Invoking toplevel() on ptolemy.moml.MoMLSimpleApplication@1a420f2f
----------------- Done invoking toplevel() on ptolemy.moml.MoMLSimpleApplication@1a420f2f
reloadAllAccessors: .RampFiringLimitSDF

===========================================================================================
----------------- testing Thu Jun 27 04:48:07 UTC 2019 /home/travis/build/icyphy/ptII/ptolemy/actor/lib/test/auto/RandomInteger.xml
----------------- Instantiating /home/travis/build/icyphy/ptII/ptolemy/actor/lib/test/auto/RandomInteger.xml
2 ms. Memory: 516096K Free: 445983K (86%)
----------------- Invoking toplevel() on ptolemy.moml.MoMLSimpleApplication@55067ab
----------------- Done invoking toplevel() on ptolemy.moml.MoMLSimpleApplication@55067ab
reloadAllAccessors: .RandomInteger

===========================================================================================
----------------- testing Thu Jun 27 04:48:07 UTC 2019 /home/travis/build/icyphy/ptII/ptolemy/actor/lib/test/auto/ReadFile1.xml
----------------- Instantiating /home/travis/build/icyphy/ptII/ptolemy/actor/lib/test/auto/ReadFile1.xml
1 ms. Memory: 516096K Free: 441377K (86%)
----------------- Invoking toplevel() on ptolemy.moml.MoMLSimpleApplication@208d6cc1
----------------- Done invoking toplevel() on ptolemy.moml.MoMLSimpleApplication@208d6cc1
reloadAllAccessors: .ReadFile1

===========================================================================================
----------------- testing Thu Jun 27 04:48:07 UTC 2019 /home/travis/build/icyphy/ptII/ptolemy/actor/lib/test/auto/ReadFile2.xml
----------------- Instantiating /home/travis/build/icyphy/ptII/ptolemy/actor/lib/test/auto/ReadFile2.xml
1 ms. Memory: 516096K Free: 437281K (85%)
----------------- Invoking toplevel() on ptolemy.moml.MoMLSimpleApplication@2fb8a156
----------------- Done invoking toplevel() on ptolemy.moml.MoMLSimpleApplication@2fb8a156
reloadAllAccessors: .ReadFile2

===========================================================================================
----------------- testing Thu Jun 27 04:48:07 UTC 2019 /home/travis/build/icyphy/ptII/ptolemy/actor/lib/test/auto/Reader.xml
----------------- Instantiating /home/travis/build/icyphy/ptII/ptolemy/actor/lib/test/auto/Reader.xml
actor.lib.Reader is obsolete, use actor.lib.io.ExpressionReader instead
2 ms. Memory: 516096K Free: 433185K (84%)
----------------- Invoking toplevel() on ptolemy.moml.MoMLSimpleApplication@75ca7250
----------------- Done invoking toplevel() on ptolemy.moml.MoMLSimpleApplication@75ca7250
reloadAllAccessors: .Reader

===========================================================================================
----------------- testing Thu Jun 27 04:48:07 UTC 2019 /home/travis/build/icyphy/ptII/ptolemy/actor/lib/test/auto/RecordAssemblerDisplayNameTest.xml
----------------- Instantiating /home/travis/build/icyphy/ptII/ptolemy/actor/lib/test/auto/RecordAssemblerDisplayNameTest.xml
3610 ms. Memory: 516096K Free: 167865K (33%)
----------------- Invoking toplevel() on ptolemy.moml.MoMLSimpleApplication@23d4434f
----------------- Done invoking toplevel() on ptolemy.moml.MoMLSimpleApplication@23d4434f
reloadAllAccessors: .RecordAssemblerDisplayNameTest

===========================================================================================
----------------- testing Thu Jun 27 04:48:11 UTC 2019 /home/travis/build/icyphy/ptII/ptolemy/actor/lib/test/auto/RecordAssemblerTypeError.xml
----------------- Instantiating /home/travis/build/icyphy/ptII/ptolemy/actor/lib/test/auto/RecordAssemblerTypeError.xml
9 ms. Memory: 516096K Free: 464040K (90%)
----------------- Invoking toplevel() on ptolemy.moml.MoMLSimpleApplication@7c145dc6
----------------- Done invoking toplevel() on ptolemy.moml.MoMLSimpleApplication@7c145dc6
reloadAllAccessors: .RecordAssemblerTypeError

===========================================================================================
----------------- testing Thu Jun 27 04:48:11 UTC 2019 /home/travis/build/icyphy/ptII/ptolemy/actor/lib/test/auto/RecordDisassember.xml
----------------- Instantiating /home/travis/build/icyphy/ptII/ptolemy/actor/lib/test/auto/RecordDisassember.xml
11 ms. Memory: 516096K Free: 458914K (89%)
----------------- Invoking toplevel() on ptolemy.moml.MoMLSimpleApplication@254025d0
----------------- Done invoking toplevel() on ptolemy.moml.MoMLSimpleApplication@254025d0
reloadAllAccessors: .RecordDisassember

===========================================================================================
----------------- testing Thu Jun 27 04:48:11 UTC 2019 /home/travis/build/icyphy/ptII/ptolemy/actor/lib/test/auto/RecordDisassemberDisplayNameTest.xml
----------------- Instantiating /home/travis/build/icyphy/ptII/ptolemy/actor/lib/test/auto/RecordDisassemberDisplayNameTest.xml
7 ms. Memory: 516096K Free: 451242K (87%)
----------------- Invoking toplevel() on ptolemy.moml.MoMLSimpleApplication@404226d2
----------------- Done invoking toplevel() on ptolemy.moml.MoMLSimpleApplication@404226d2
reloadAllAccessors: .RecordDisassemberDisplayNameTest

===========================================================================================
----------------- testing Thu Jun 27 04:48:11 UTC 2019 /home/travis/build/icyphy/ptII/ptolemy/actor/lib/test/auto/RecordDisassembler.xml
----------------- Instantiating /home/travis/build/icyphy/ptII/ptolemy/actor/lib/test/auto/RecordDisassembler.xml
3 ms. Memory: 516096K Free: 446122K (86%)
----------------- Invoking toplevel() on ptolemy.moml.MoMLSimpleApplication@2449ed04
----------------- Done invoking toplevel() on ptolemy.moml.MoMLSimpleApplication@2449ed04
reloadAllAccessors: .RecordDisassembler

===========================================================================================
----------------- testing Thu Jun 27 04:48:11 UTC 2019 /home/travis/build/icyphy/ptII/ptolemy/actor/lib/test/auto/RecordDisassembler2.xml
----------------- Instantiating /home/travis/build/icyphy/ptII/ptolemy/actor/lib/test/auto/RecordDisassembler2.xml
3 ms. Memory: 516096K Free: 441002K (85%)
----------------- Invoking toplevel() on ptolemy.moml.MoMLSimpleApplication@3a897a57
----------------- Done invoking toplevel() on ptolemy.moml.MoMLSimpleApplication@3a897a57
reloadAllAccessors: .RecordDisassembler2

===========================================================================================
----------------- testing Thu Jun 27 04:48:11 UTC 2019 /home/travis/build/icyphy/ptII/ptolemy/actor/lib/test/auto/RecordUpdater.xml
----------------- Instantiating /home/travis/build/icyphy/ptII/ptolemy/actor/lib/test/auto/RecordUpdater.xml
2 ms. Memory: 516096K Free: 435882K (84%)
----------------- Invoking toplevel() on ptolemy.moml.MoMLSimpleApplication@7bbce50d
----------------- Done invoking toplevel() on ptolemy.moml.MoMLSimpleApplication@7bbce50d
reloadAllAccessors: .RecordUpdater

===========================================================================================
----------------- testing Thu Jun 27 04:48:11 UTC 2019 /home/travis/build/icyphy/ptII/ptolemy/actor/lib/test/auto/RecordUpdater2.xml
----------------- Instantiating /home/travis/build/icyphy/ptII/ptolemy/actor/lib/test/auto/RecordUpdater2.xml
2 ms. Memory: 516096K Free: 430762K (83%)
----------------- Invoking toplevel() on ptolemy.moml.MoMLSimpleApplication@23d4160d
----------------- Done invoking toplevel() on ptolemy.moml.MoMLSimpleApplication@23d4160d
reloadAllAccessors: .RecordUpdater2

===========================================================================================
----------------- testing Thu Jun 27 04:48:11 UTC 2019 /home/travis/build/icyphy/ptII/ptolemy/actor/lib/test/auto/RecursiveLattice.xml
----------------- Instantiating /home/travis/build/icyphy/ptII/ptolemy/actor/lib/test/auto/RecursiveLattice.xml
2 ms. Memory: 516096K Free: 426152K (83%)
----------------- Invoking toplevel() on ptolemy.moml.MoMLSimpleApplication@77f79754
----------------- Done invoking toplevel() on ptolemy.moml.MoMLSimpleApplication@77f79754
reloadAllAccessors: .RecursiveLattice

===========================================================================================
----------------- testing Thu Jun 27 04:48:11 UTC 2019 /home/travis/build/icyphy/ptII/ptolemy/actor/lib/test/auto/Router.xml
----------------- Instantiating /home/travis/build/icyphy/ptII/ptolemy/actor/lib/test/auto/Router.xml
3008 ms. Memory: 516096K Free: 415402K (80%)
----------------- Invoking toplevel() on ptolemy.moml.MoMLSimpleApplication@1bc56532
----------------- Done invoking toplevel() on ptolemy.moml.MoMLSimpleApplication@1bc56532
reloadAllAccessors: .Router

===========================================================================================
----------------- testing Thu Jun 27 04:48:14 UTC 2019 /home/travis/build/icyphy/ptII/ptolemy/actor/lib/test/auto/Router2.xml
----------------- Instantiating /home/travis/build/icyphy/ptII/ptolemy/actor/lib/test/auto/Router2.xml
3006 ms. Memory: 516096K Free: 403624K (78%)
----------------- Invoking toplevel() on ptolemy.moml.MoMLSimpleApplication@7f63227b
----------------- Done invoking toplevel() on ptolemy.moml.MoMLSimpleApplication@7f63227b
reloadAllAccessors: .Router2

===========================================================================================
----------------- testing Thu Jun 27 04:48:17 UTC 2019 /home/travis/build/icyphy/ptII/ptolemy/actor/lib/test/auto/RunningMaximum.xml
----------------- Instantiating /home/travis/build/icyphy/ptII/ptolemy/actor/lib/test/auto/RunningMaximum.xml
2 ms. Memory: 516096K Free: 399018K (77%)
----------------- Invoking toplevel() on ptolemy.moml.MoMLSimpleApplication@2e5ee893
----------------- Done invoking toplevel() on ptolemy.moml.MoMLSimpleApplication@2e5ee893
reloadAllAccessors: .RunningMaximum

===========================================================================================
----------------- testing Thu Jun 27 04:48:17 UTC 2019 /home/travis/build/icyphy/ptII/ptolemy/actor/lib/test/auto/RunningMinimum.xml
----------------- Instantiating /home/travis/build/icyphy/ptII/ptolemy/actor/lib/test/auto/RunningMinimum.xml
2 ms. Memory: 516096K Free: 394408K (76%)
----------------- Invoking toplevel() on ptolemy.moml.MoMLSimpleApplication@52257f20
----------------- Done invoking toplevel() on ptolemy.moml.MoMLSimpleApplication@52257f20
reloadAllAccessors: .RunningMinimum

===========================================================================================
----------------- testing Thu Jun 27 04:48:17 UTC 2019 /home/travis/build/icyphy/ptII/ptolemy/actor/lib/test/auto/Scale.xml
----------------- Instantiating /home/travis/build/icyphy/ptII/ptolemy/actor/lib/test/auto/Scale.xml
1 ms. Memory: 516096K Free: 389802K (76%)
----------------- Invoking toplevel() on ptolemy.moml.MoMLSimpleApplication@8afa2e7
----------------- Done invoking toplevel() on ptolemy.moml.MoMLSimpleApplication@8afa2e7
reloadAllAccessors: .Scale

===========================================================================================
----------------- testing Thu Jun 27 04:48:17 UTC 2019 /home/travis/build/icyphy/ptII/ptolemy/actor/lib/test/auto/Scale2.xml
----------------- Instantiating /home/travis/build/icyphy/ptII/ptolemy/actor/lib/test/auto/Scale2.xml
1 ms. Memory: 516096K Free: 385192K (75%)
----------------- Invoking toplevel() on ptolemy.moml.MoMLSimpleApplication@3e103fbb
----------------- Done invoking toplevel() on ptolemy.moml.MoMLSimpleApplication@3e103fbb
reloadAllAccessors: .Scale2

===========================================================================================
----------------- testing Thu Jun 27 04:48:17 UTC 2019 /home/travis/build/icyphy/ptII/ptolemy/actor/lib/test/auto/Scale3.xml
----------------- Instantiating /home/travis/build/icyphy/ptII/ptolemy/actor/lib/test/auto/Scale3.xml
3 ms. Memory: 516096K Free: 379048K (73%)
----------------- Invoking toplevel() on ptolemy.moml.MoMLSimpleApplication@78dafafa
----------------- Done invoking toplevel() on ptolemy.moml.MoMLSimpleApplication@78dafafa
reloadAllAccessors: .Scale3

===========================================================================================
----------------- testing Thu Jun 27 04:48:17 UTC 2019 /home/travis/build/icyphy/ptII/ptolemy/actor/lib/test/auto/ScaleArray.xml
----------------- Instantiating /home/travis/build/icyphy/ptII/ptolemy/actor/lib/test/auto/ScaleArray.xml
2 ms. Memory: 516096K Free: 374442K (73%)
----------------- Invoking toplevel() on ptolemy.moml.MoMLSimpleApplication@5c8b36d4
----------------- Done invoking toplevel() on ptolemy.moml.MoMLSimpleApplication@5c8b36d4
reloadAllAccessors: .ScaleArray

===========================================================================================
----------------- testing Thu Jun 27 04:48:17 UTC 2019 /home/travis/build/icyphy/ptII/ptolemy/actor/lib/test/auto/ScaleArray2.xml
----------------- Instantiating /home/travis/build/icyphy/ptII/ptolemy/actor/lib/test/auto/ScaleArray2.xml
2 ms. Memory: 516096K Free: 369832K (72%)
----------------- Invoking toplevel() on ptolemy.moml.MoMLSimpleApplication@41b2121a
----------------- Done invoking toplevel() on ptolemy.moml.MoMLSimpleApplication@41b2121a
reloadAllAccessors: .ScaleArray2

===========================================================================================
----------------- testing Thu Jun 27 04:48:17 UTC 2019 /home/travis/build/icyphy/ptII/ptolemy/actor/lib/test/auto/ScaleMatrix.xml
----------------- Instantiating /home/travis/build/icyphy/ptII/ptolemy/actor/lib/test/auto/ScaleMatrix.xml
175 ms. Memory: 516096K Free: 354472K (69%)
----------------- Invoking toplevel() on ptolemy.moml.MoMLSimpleApplication@4ecd7650
----------------- Done invoking toplevel() on ptolemy.moml.MoMLSimpleApplication@4ecd7650
reloadAllAccessors: .ScaleMatrix

===========================================================================================
----------------- testing Thu Jun 27 04:48:17 UTC 2019 /home/travis/build/icyphy/ptII/ptolemy/actor/lib/test/auto/Select.xml
----------------- Instantiating /home/travis/build/icyphy/ptII/ptolemy/actor/lib/test/auto/Select.xml
3 ms. Memory: 516096K Free: 348314K (67%)
----------------- Invoking toplevel() on ptolemy.moml.MoMLSimpleApplication@77602ea3
----------------- Done invoking toplevel() on ptolemy.moml.MoMLSimpleApplication@77602ea3
reloadAllAccessors: .Select

===========================================================================================
----------------- testing Thu Jun 27 04:48:17 UTC 2019 /home/travis/build/icyphy/ptII/ptolemy/actor/lib/test/auto/Select2.xml
----------------- Instantiating /home/travis/build/icyphy/ptII/ptolemy/actor/lib/test/auto/Select2.xml
1 ms. Memory: 516096K Free: 343722K (67%)
----------------- Invoking toplevel() on ptolemy.moml.MoMLSimpleApplication@1bbd027e
----------------- Done invoking toplevel() on ptolemy.moml.MoMLSimpleApplication@1bbd027e
reloadAllAccessors: .Select2

===========================================================================================
----------------- testing Thu Jun 27 04:48:17 UTC 2019 /home/travis/build/icyphy/ptII/ptolemy/actor/lib/test/auto/SequenceToArray2.xml
----------------- Instantiating /home/travis/build/icyphy/ptII/ptolemy/actor/lib/test/auto/SequenceToArray2.xml
93 ms. Memory: 516096K Free: 320170K (62%)
----------------- Invoking toplevel() on ptolemy.moml.MoMLSimpleApplication@23c64a23
----------------- Done invoking toplevel() on ptolemy.moml.MoMLSimpleApplication@23c64a23
reloadAllAccessors: .SequenceToArray2

===========================================================================================
----------------- testing Thu Jun 27 04:48:17 UTC 2019 /home/travis/build/icyphy/ptII/ptolemy/actor/lib/test/auto/SequentialClock.xml
----------------- Instantiating /home/travis/build/icyphy/ptII/ptolemy/actor/lib/test/auto/SequentialClock.xml
1 ms. Memory: 516096K Free: 316074K (61%)
----------------- Invoking toplevel() on ptolemy.moml.MoMLSimpleApplication@6d637d7a
----------------- Done invoking toplevel() on ptolemy.moml.MoMLSimpleApplication@6d637d7a
reloadAllAccessors: .SequentialClock

===========================================================================================
----------------- testing Thu Jun 27 04:48:17 UTC 2019 /home/travis/build/icyphy/ptII/ptolemy/actor/lib/test/auto/SetVariable.xml
----------------- Instantiating /home/travis/build/icyphy/ptII/ptolemy/actor/lib/test/auto/SetVariable.xml
3 ms. Memory: 516096K Free: 311464K (60%)
----------------- Invoking toplevel() on ptolemy.moml.MoMLSimpleApplication@12944990
----------------- Done invoking toplevel() on ptolemy.moml.MoMLSimpleApplication@12944990
reloadAllAccessors: .SetVariable

===========================================================================================
----------------- testing Thu Jun 27 04:48:17 UTC 2019 /home/travis/build/icyphy/ptII/ptolemy/actor/lib/test/auto/SetVariable2.xml
----------------- Instantiating /home/travis/build/icyphy/ptII/ptolemy/actor/lib/test/auto/SetVariable2.xml
3 ms. Memory: 516096K Free: 306344K (59%)
----------------- Invoking toplevel() on ptolemy.moml.MoMLSimpleApplication@22708cbe
----------------- Done invoking toplevel() on ptolemy.moml.MoMLSimpleApplication@22708cbe
reloadAllAccessors: .SetVariable2

===========================================================================================
----------------- testing Thu Jun 27 04:48:17 UTC 2019 /home/travis/build/icyphy/ptII/ptolemy/actor/lib/test/auto/SetVariable3.xml
----------------- Instantiating /home/travis/build/icyphy/ptII/ptolemy/actor/lib/test/auto/SetVariable3.xml
10 ms. Memory: 516096K Free: 301224K (58%)
----------------- Invoking toplevel() on ptolemy.moml.MoMLSimpleApplication@73a3ba94
----------------- Done invoking toplevel() on ptolemy.moml.MoMLSimpleApplication@73a3ba94
reloadAllAccessors: .SetVariable3

===========================================================================================
----------------- testing Thu Jun 27 04:48:18 UTC 2019 /home/travis/build/icyphy/ptII/ptolemy/actor/lib/test/auto/SetVariable4.xml
----------------- Instantiating /home/travis/build/icyphy/ptII/ptolemy/actor/lib/test/auto/SetVariable4.xml
21 ms. Memory: 516096K Free: 291498K (56%)
----------------- Invoking toplevel() on ptolemy.moml.MoMLSimpleApplication@713825ac
----------------- Done invoking toplevel() on ptolemy.moml.MoMLSimpleApplication@713825ac
reloadAllAccessors: .SetVariable4

===========================================================================================
----------------- testing Thu Jun 27 04:48:18 UTC 2019 /home/travis/build/icyphy/ptII/ptolemy/actor/lib/test/auto/SetVariable5.xml
----------------- Instantiating /home/travis/build/icyphy/ptII/ptolemy/actor/lib/test/auto/SetVariable5.xml
24 ms. Memory: 516096K Free: 281762K (55%)
----------------- Invoking toplevel() on ptolemy.moml.MoMLSimpleApplication@23fce51e
----------------- Done invoking toplevel() on ptolemy.moml.MoMLSimpleApplication@23fce51e
reloadAllAccessors: .SetVariable5

===========================================================================================
----------------- testing Thu Jun 27 04:48:18 UTC 2019 /home/travis/build/icyphy/ptII/ptolemy/actor/lib/test/auto/Sinewave.xml
----------------- Instantiating /home/travis/build/icyphy/ptII/ptolemy/actor/lib/test/auto/Sinewave.xml
6 ms. Memory: 516096K Free: 271528K (53%)
----------------- Invoking toplevel() on ptolemy.moml.MoMLSimpleApplication@7bf89bb1
----------------- Done invoking toplevel() on ptolemy.moml.MoMLSimpleApplication@7bf89bb1
reloadAllAccessors: .Sinewave

===========================================================================================
----------------- testing Thu Jun 27 04:48:18 UTC 2019 /home/travis/build/icyphy/ptII/ptolemy/actor/lib/test/auto/Sinewave2.xml
----------------- Instantiating /home/travis/build/icyphy/ptII/ptolemy/actor/lib/test/auto/Sinewave2.xml
8 ms. Memory: 516096K Free: 263336K (51%)
----------------- Invoking toplevel() on ptolemy.moml.MoMLSimpleApplication@5198d098
----------------- Done invoking toplevel() on ptolemy.moml.MoMLSimpleApplication@5198d098
reloadAllAccessors: .Sinewave2

===========================================================================================
----------------- testing Thu Jun 27 04:48:18 UTC 2019 /home/travis/build/icyphy/ptII/ptolemy/actor/lib/test/auto/Sinewave3.xml
----------------- Instantiating /home/travis/build/icyphy/ptII/ptolemy/actor/lib/test/auto/Sinewave3.xml
11 ms. Memory: 516096K Free: 255114K (49%)
----------------- Invoking toplevel() on ptolemy.moml.MoMLSimpleApplication@3a665f58
----------------- Done invoking toplevel() on ptolemy.moml.MoMLSimpleApplication@3a665f58
reloadAllAccessors: .Sinewave3

===========================================================================================
----------------- testing Thu Jun 27 04:48:18 UTC 2019 /home/travis/build/icyphy/ptII/ptolemy/actor/lib/test/auto/SingleEvent.xml
----------------- Instantiating /home/travis/build/icyphy/ptII/ptolemy/actor/lib/test/auto/SingleEvent.xml
1 ms. Memory: 516096K Free: 251048K (49%)
----------------- Invoking toplevel() on ptolemy.moml.MoMLSimpleApplication@72e36852
----------------- Done invoking toplevel() on ptolemy.moml.MoMLSimpleApplication@72e36852
reloadAllAccessors: .SingleEvent

===========================================================================================
----------------- testing Thu Jun 27 04:48:18 UTC 2019 /home/travis/build/icyphy/ptII/ptolemy/actor/lib/test/auto/Sleep.xml
----------------- Instantiating /home/travis/build/icyphy/ptII/ptolemy/actor/lib/test/auto/Sleep.xml
6003 ms. Memory: 516096K Free: 245898K (48%)
----------------- Invoking toplevel() on ptolemy.moml.MoMLSimpleApplication@68f3e8f9
----------------- Done invoking toplevel() on ptolemy.moml.MoMLSimpleApplication@68f3e8f9
reloadAllAccessors: .Sleep

===========================================================================================
----------------- testing Thu Jun 27 04:48:24 UTC 2019 /home/travis/build/icyphy/ptII/ptolemy/actor/lib/test/auto/SleepMultipleFire.xml
----------------- Instantiating /home/travis/build/icyphy/ptII/ptolemy/actor/lib/test/auto/SleepMultipleFire.xml
1006 ms. Memory: 516096K Free: 240298K (47%)
----------------- Invoking toplevel() on ptolemy.moml.MoMLSimpleApplication@ee1156f
----------------- Done invoking toplevel() on ptolemy.moml.MoMLSimpleApplication@ee1156f
reloadAllAccessors: .SleepMultipleFire

===========================================================================================
----------------- testing Thu Jun 27 04:48:25 UTC 2019 /home/travis/build/icyphy/ptII/ptolemy/actor/lib/test/auto/StopDE.xml
----------------- Instantiating /home/travis/build/icyphy/ptII/ptolemy/actor/lib/test/auto/StopDE.xml
4 ms. Memory: 516096K Free: 234664K (45%)
----------------- Invoking toplevel() on ptolemy.moml.MoMLSimpleApplication@70041674
----------------- Done invoking toplevel() on ptolemy.moml.MoMLSimpleApplication@70041674
reloadAllAccessors: .StopDE

===========================================================================================
----------------- testing Thu Jun 27 04:48:25 UTC 2019 /home/travis/build/icyphy/ptII/ptolemy/actor/lib/test/auto/StopSDF.xml
----------------- Instantiating /home/travis/build/icyphy/ptII/ptolemy/actor/lib/test/auto/StopSDF.xml
6 ms. Memory: 516096K Free: 229544K (44%)
----------------- Invoking toplevel() on ptolemy.moml.MoMLSimpleApplication@7c1f8bf0
----------------- Done invoking toplevel() on ptolemy.moml.MoMLSimpleApplication@7c1f8bf0
reloadAllAccessors: .StopSDF

===========================================================================================
----------------- testing Thu Jun 27 04:48:25 UTC 2019 /home/travis/build/icyphy/ptII/ptolemy/actor/lib/test/auto/StringConstant.xml
----------------- Instantiating /home/travis/build/icyphy/ptII/ptolemy/actor/lib/test/auto/StringConstant.xml
9 ms. Memory: 516096K Free: 225448K (44%)
----------------- Invoking toplevel() on ptolemy.moml.MoMLSimpleApplication@5f5377a2
----------------- Done invoking toplevel() on ptolemy.moml.MoMLSimpleApplication@5f5377a2
reloadAllAccessors: .StringConstant

===========================================================================================
----------------- testing Thu Jun 27 04:48:25 UTC 2019 /home/travis/build/icyphy/ptII/ptolemy/actor/lib/test/auto/SubscriberPortInitialValues1.xml
----------------- Instantiating /home/travis/build/icyphy/ptII/ptolemy/actor/lib/test/auto/SubscriberPortInitialValues1.xml
12 ms. Memory: 516096K Free: 216746K (42%)
----------------- Invoking toplevel() on ptolemy.moml.MoMLSimpleApplication@304283fa
----------------- Done invoking toplevel() on ptolemy.moml.MoMLSimpleApplication@304283fa
reloadAllAccessors: .SubscriberPortInitialValues1

===========================================================================================
----------------- testing Thu Jun 27 04:48:25 UTC 2019 /home/travis/build/icyphy/ptII/ptolemy/actor/lib/test/auto/SubscriberPortInitialValues13.xml
----------------- Instantiating /home/travis/build/icyphy/ptII/ptolemy/actor/lib/test/auto/SubscriberPortInitialValues13.xml
6 ms. Memory: 516096K Free: 203944K (40%)
----------------- Invoking toplevel() on ptolemy.moml.MoMLSimpleApplication@7272ae02
----------------- Done invoking toplevel() on ptolemy.moml.MoMLSimpleApplication@7272ae02
reloadAllAccessors: .SubscriberPortInitialValues13

===========================================================================================
----------------- testing Thu Jun 27 04:48:25 UTC 2019 /home/travis/build/icyphy/ptII/ptolemy/actor/lib/test/auto/SubscriberPortInitialValues14.xml
----------------- Instantiating /home/travis/build/icyphy/ptII/ptolemy/actor/lib/test/auto/SubscriberPortInitialValues14.xml
4 ms. Memory: 516096K Free: 196266K (38%)
----------------- Invoking toplevel() on ptolemy.moml.MoMLSimpleApplication@1ee6d93f
----------------- Done invoking toplevel() on ptolemy.moml.MoMLSimpleApplication@1ee6d93f
reloadAllAccessors: .SubscriberPortInitialValues14

===========================================================================================
----------------- testing Thu Jun 27 04:48:25 UTC 2019 /home/travis/build/icyphy/ptII/ptolemy/actor/lib/test/auto/SubscriberPortInitialValues2.xml
----------------- Instantiating /home/travis/build/icyphy/ptII/ptolemy/actor/lib/test/auto/SubscriberPortInitialValues2.xml
4 ms. Memory: 516096K Free: 188074K (36%)
----------------- Invoking toplevel() on ptolemy.moml.MoMLSimpleApplication@61ef3586
----------------- Done invoking toplevel() on ptolemy.moml.MoMLSimpleApplication@61ef3586
reloadAllAccessors: .SubscriberPortInitialValues2

===========================================================================================
----------------- testing Thu Jun 27 04:48:25 UTC 2019 /home/travis/build/icyphy/ptII/ptolemy/actor/lib/test/auto/SubscriberPortInitialValues3.xml
----------------- Instantiating /home/travis/build/icyphy/ptII/ptolemy/actor/lib/test/auto/SubscriberPortInitialValues3.xml
5 ms. Memory: 516096K Free: 177320K (34%)
----------------- Invoking toplevel() on ptolemy.moml.MoMLSimpleApplication@78f3fd89
----------------- Done invoking toplevel() on ptolemy.moml.MoMLSimpleApplication@78f3fd89
reloadAllAccessors: .SubscriberPortInitialValues3

===========================================================================================
----------------- testing Thu Jun 27 04:48:25 UTC 2019 /home/travis/build/icyphy/ptII/ptolemy/actor/lib/test/auto/SubscriptionAggregator.xml
----------------- Instantiating /home/travis/build/icyphy/ptII/ptolemy/actor/lib/test/auto/SubscriptionAggregator.xml
2 ms. Memory: 516096K Free: 170666K (33%)
----------------- Invoking toplevel() on ptolemy.moml.MoMLSimpleApplication@556c9f07
----------------- Done invoking toplevel() on ptolemy.moml.MoMLSimpleApplication@556c9f07
reloadAllAccessors: .SubscriptionAggregator

===========================================================================================
----------------- testing Thu Jun 27 04:48:25 UTC 2019 /home/travis/build/icyphy/ptII/ptolemy/actor/lib/test/auto/SubscriptionAggregator2.xml
----------------- Instantiating /home/travis/build/icyphy/ptII/ptolemy/actor/lib/test/auto/SubscriptionAggregator2.xml
3 ms. Memory: 516096K Free: 163498K (32%)
----------------- Invoking toplevel() on ptolemy.moml.MoMLSimpleApplication@10153301
----------------- Done invoking toplevel() on ptolemy.moml.MoMLSimpleApplication@10153301
reloadAllAccessors: .SubscriptionAggregator2

===========================================================================================
----------------- testing Thu Jun 27 04:48:25 UTC 2019 /home/travis/build/icyphy/ptII/ptolemy/actor/lib/test/auto/SubscriptionAggregator3.xml
----------------- Instantiating /home/travis/build/icyphy/ptII/ptolemy/actor/lib/test/auto/SubscriptionAggregator3.xml
4 ms. Memory: 516096K Free: 459629K (89%)
----------------- Invoking toplevel() on ptolemy.moml.MoMLSimpleApplication@7c5be3e7
----------------- Done invoking toplevel() on ptolemy.moml.MoMLSimpleApplication@7c5be3e7
reloadAllAccessors: .SubscriptionAggregator3

===========================================================================================
----------------- testing Thu Jun 27 04:48:25 UTC 2019 /home/travis/build/icyphy/ptII/ptolemy/actor/lib/test/auto/SubscriptionAggregatorMultiply.xml
----------------- Instantiating /home/travis/build/icyphy/ptII/ptolemy/actor/lib/test/auto/SubscriptionAggregatorMultiply.xml
17 ms. Memory: 516096K Free: 451445K (87%)
----------------- Invoking toplevel() on ptolemy.moml.MoMLSimpleApplication@5d56a973
----------------- Done invoking toplevel() on ptolemy.moml.MoMLSimpleApplication@5d56a973
reloadAllAccessors: .SubscriptionAggregatorMultiply

===========================================================================================
----------------- testing Thu Jun 27 04:48:25 UTC 2019 /home/travis/build/icyphy/ptII/ptolemy/actor/lib/test/auto/SubscriptionAggregatorPortMultiply1.xml
----------------- Instantiating /home/travis/build/icyphy/ptII/ptolemy/actor/lib/test/auto/SubscriptionAggregatorPortMultiply1.xml
4 ms. Memory: 516096K Free: 443259K (86%)
----------------- Invoking toplevel() on ptolemy.moml.MoMLSimpleApplication@99cdd6f
----------------- Done invoking toplevel() on ptolemy.moml.MoMLSimpleApplication@99cdd6f
reloadAllAccessors: .SubscriptionAggregatorPortMultiply1

===========================================================================================
----------------- testing Thu Jun 27 04:48:25 UTC 2019 /home/travis/build/icyphy/ptII/ptolemy/actor/lib/test/auto/Switch.xml
----------------- Instantiating /home/travis/build/icyphy/ptII/ptolemy/actor/lib/test/auto/Switch.xml
9 ms. Memory: 516096K Free: 435067K (84%)
----------------- Invoking toplevel() on ptolemy.moml.MoMLSimpleApplication@1d46797a
----------------- Done invoking toplevel() on ptolemy.moml.MoMLSimpleApplication@1d46797a
reloadAllAccessors: .Switch

===========================================================================================
----------------- testing Thu Jun 27 04:48:25 UTC 2019 /home/travis/build/icyphy/ptII/ptolemy/actor/lib/test/auto/Switch2.xml
----------------- Instantiating /home/travis/build/icyphy/ptII/ptolemy/actor/lib/test/auto/Switch2.xml
1 ms. Memory: 516096K Free: 430461K (83%)
----------------- Invoking toplevel() on ptolemy.moml.MoMLSimpleApplication@14f1e52b
----------------- Done invoking toplevel() on ptolemy.moml.MoMLSimpleApplication@14f1e52b
reloadAllAccessors: .Switch2

===========================================================================================
----------------- testing Thu Jun 27 04:48:25 UTC 2019 /home/travis/build/icyphy/ptII/ptolemy/actor/lib/test/auto/SwitchDE.xml
----------------- Instantiating /home/travis/build/icyphy/ptII/ptolemy/actor/lib/test/auto/SwitchDE.xml
3 ms. Memory: 516096K Free: 424317K (82%)
----------------- Invoking toplevel() on ptolemy.moml.MoMLSimpleApplication@1a9d7a9
----------------- Done invoking toplevel() on ptolemy.moml.MoMLSimpleApplication@1a9d7a9
reloadAllAccessors: .SwitchDE

===========================================================================================
----------------- testing Thu Jun 27 04:48:25 UTC 2019 /home/travis/build/icyphy/ptII/ptolemy/actor/lib/test/auto/SynchronizerDE.xml
----------------- Instantiating /home/travis/build/icyphy/ptII/ptolemy/actor/lib/test/auto/SynchronizerDE.xml
8 ms. Memory: 516096K Free: 416125K (81%)
----------------- Invoking toplevel() on ptolemy.moml.MoMLSimpleApplication@17d2e636
----------------- Done invoking toplevel() on ptolemy.moml.MoMLSimpleApplication@17d2e636
reloadAllAccessors: .SynchronizerDE

===========================================================================================
----------------- testing Thu Jun 27 04:48:25 UTC 2019 /home/travis/build/icyphy/ptII/ptolemy/actor/lib/test/auto/Test.xml
----------------- Instantiating /home/travis/build/icyphy/ptII/ptolemy/actor/lib/test/auto/Test.xml
12 ms. Memory: 516096K Free: 411005K (80%)
----------------- Invoking toplevel() on ptolemy.moml.MoMLSimpleApplication@64638dee
----------------- Done invoking toplevel() on ptolemy.moml.MoMLSimpleApplication@64638dee
reloadAllAccessors: .Test

===========================================================================================
----------------- testing Thu Jun 27 04:48:25 UTC 2019 /home/travis/build/icyphy/ptII/ptolemy/actor/lib/test/auto/TestExceptionAttribute1.xml
----------------- Instantiating /home/travis/build/icyphy/ptII/ptolemy/actor/lib/test/auto/TestExceptionAttribute1.xml
1 ms. Memory: 516096K Free: 407419K (79%)
----------------- Invoking toplevel() on ptolemy.moml.MoMLSimpleApplication@581cec0b
----------------- Done invoking toplevel() on ptolemy.moml.MoMLSimpleApplication@581cec0b
reloadAllAccessors: .TestExceptionAttribute1

===========================================================================================
----------------- testing Thu Jun 27 04:48:25 UTC 2019 /home/travis/build/icyphy/ptII/ptolemy/actor/lib/test/auto/TestExceptionAttribute2.xml
----------------- Instantiating /home/travis/build/icyphy/ptII/ptolemy/actor/lib/test/auto/TestExceptionAttribute2.xml
2 ms. Memory: 516096K Free: 403837K (78%)
----------------- Invoking toplevel() on ptolemy.moml.MoMLSimpleApplication@46301314
----------------- Done invoking toplevel() on ptolemy.moml.MoMLSimpleApplication@46301314
reloadAllAccessors: .TestExceptionAttribute2

===========================================================================================
----------------- testing Thu Jun 27 04:48:25 UTC 2019 /home/travis/build/icyphy/ptII/ptolemy/actor/lib/test/auto/TestExceptionAttribute3.xml
----------------- Instantiating /home/travis/build/icyphy/ptII/ptolemy/actor/lib/test/auto/TestExceptionAttribute3.xml
.TestExceptionAttribute3.TestExceptionAttribute: initialize() was not invoked, but wrapup() was.  This is unusual, but not always a problem.  For example, exporting JNLP will do this.
0 ms. Memory: 516096K Free: 400251K (78%)
----------------- Invoking toplevel() on ptolemy.moml.MoMLSimpleApplication@1980a979
----------------- Done invoking toplevel() on ptolemy.moml.MoMLSimpleApplication@1980a979
reloadAllAccessors: .TestExceptionAttribute3

===========================================================================================
----------------- testing Thu Jun 27 04:48:25 UTC 2019 /home/travis/build/icyphy/ptII/ptolemy/actor/lib/test/auto/TestExceptionAttribute4.xml
----------------- Instantiating /home/travis/build/icyphy/ptII/ptolemy/actor/lib/test/auto/TestExceptionAttribute4.xml
.TestExceptionAttribute4.TestExceptionAttribute: initialize() was not invoked, but wrapup() was.  This is unusual, but not always a problem.  For example, exporting JNLP will do this.
.TestExceptionAttribute4.TestExceptionAttribute2: initialize() was not invoked, but wrapup() was.  This is unusual, but not always a problem.  For example, exporting JNLP will do this.
1 ms. Memory: 516096K Free: 396155K (77%)
----------------- Invoking toplevel() on ptolemy.moml.MoMLSimpleApplication@3a0d1a71
----------------- Done invoking toplevel() on ptolemy.moml.MoMLSimpleApplication@3a0d1a71
reloadAllAccessors: .TestExceptionAttribute4

===========================================================================================
----------------- testing Thu Jun 27 04:48:25 UTC 2019 /home/travis/build/icyphy/ptII/ptolemy/actor/lib/test/auto/TestExceptionHandler1.xml
----------------- Instantiating /home/travis/build/icyphy/ptII/ptolemy/actor/lib/test/auto/TestExceptionHandler1.xml
0 ms. Memory: 516096K Free: 392573K (76%)
----------------- Invoking toplevel() on ptolemy.moml.MoMLSimpleApplication@6cba494d
----------------- Done invoking toplevel() on ptolemy.moml.MoMLSimpleApplication@6cba494d
reloadAllAccessors: .TestExceptionHandler1

===========================================================================================
----------------- testing Thu Jun 27 04:48:25 UTC 2019 /home/travis/build/icyphy/ptII/ptolemy/actor/lib/test/auto/TestExceptionHandler2.xml
----------------- Instantiating /home/travis/build/icyphy/ptII/ptolemy/actor/lib/test/auto/TestExceptionHandler2.xml
2 ms. Memory: 516096K Free: 388987K (75%)
----------------- Invoking toplevel() on ptolemy.moml.MoMLSimpleApplication@5c80fd7f
----------------- Done invoking toplevel() on ptolemy.moml.MoMLSimpleApplication@5c80fd7f
reloadAllAccessors: .TestExceptionHandler2

===========================================================================================
----------------- testing Thu Jun 27 04:48:25 UTC 2019 /home/travis/build/icyphy/ptII/ptolemy/actor/lib/test/auto/TestExceptionHandler3.xml
----------------- Instantiating /home/travis/build/icyphy/ptII/ptolemy/actor/lib/test/auto/TestExceptionHandler3.xml
1 ms. Memory: 516096K Free: 385405K (75%)
----------------- Invoking toplevel() on ptolemy.moml.MoMLSimpleApplication@15dada3e
----------------- Done invoking toplevel() on ptolemy.moml.MoMLSimpleApplication@15dada3e
reloadAllAccessors: .TestExceptionHandler3

===========================================================================================
----------------- testing Thu Jun 27 04:48:25 UTC 2019 /home/travis/build/icyphy/ptII/ptolemy/actor/lib/test/auto/TestExceptionHandler4.xml
----------------- Instantiating /home/travis/build/icyphy/ptII/ptolemy/actor/lib/test/auto/TestExceptionHandler4.xml
1 ms. Memory: 516096K Free: 381309K (74%)
----------------- Invoking toplevel() on ptolemy.moml.MoMLSimpleApplication@2931272e
----------------- Done invoking toplevel() on ptolemy.moml.MoMLSimpleApplication@2931272e
reloadAllAccessors: .TestExceptionHandler4

===========================================================================================
----------------- testing Thu Jun 27 04:48:25 UTC 2019 /home/travis/build/icyphy/ptII/ptolemy/actor/lib/test/auto/TestRequireCorrectOrder.xml
----------------- Instantiating /home/travis/build/icyphy/ptII/ptolemy/actor/lib/test/auto/TestRequireCorrectOrder.xml
3 ms. Memory: 516096K Free: 376189K (73%)
----------------- Invoking toplevel() on ptolemy.moml.MoMLSimpleApplication@47b73b3f
----------------- Done invoking toplevel() on ptolemy.moml.MoMLSimpleApplication@47b73b3f
reloadAllAccessors: .TestRequireCorrectOrder

===========================================================================================
----------------- testing Thu Jun 27 04:48:25 UTC 2019 /home/travis/build/icyphy/ptII/ptolemy/actor/lib/test/auto/TestSimple.xml
----------------- Instantiating /home/travis/build/icyphy/ptII/ptolemy/actor/lib/test/auto/TestSimple.xml
5 ms. Memory: 516096K Free: 371579K (72%)
----------------- Invoking toplevel() on ptolemy.moml.MoMLSimpleApplication@77fc057b
----------------- Done invoking toplevel() on ptolemy.moml.MoMLSimpleApplication@77fc057b
reloadAllAccessors: .TestSimple

===========================================================================================
----------------- testing Thu Jun 27 04:48:25 UTC 2019 /home/travis/build/icyphy/ptII/ptolemy/actor/lib/test/auto/ThrowModelError.xml
----------------- Instantiating /home/travis/build/icyphy/ptII/ptolemy/actor/lib/test/auto/ThrowModelError.xml
2 ms. Memory: 516096K Free: 366459K (71%)
----------------- Invoking toplevel() on ptolemy.moml.MoMLSimpleApplication@46fec7ac
----------------- Done invoking toplevel() on ptolemy.moml.MoMLSimpleApplication@46fec7ac
reloadAllAccessors: .ThrowModelError

===========================================================================================
----------------- testing Thu Jun 27 04:48:25 UTC 2019 /home/travis/build/icyphy/ptII/ptolemy/actor/lib/test/auto/TimeDelayMicrosteps.xml
----------------- Instantiating /home/travis/build/icyphy/ptII/ptolemy/actor/lib/test/auto/TimeDelayMicrosteps.xml
2 ms. Memory: 516096K Free: 359805K (70%)
----------------- Invoking toplevel() on ptolemy.moml.MoMLSimpleApplication@73d4e5e
----------------- Done invoking toplevel() on ptolemy.moml.MoMLSimpleApplication@73d4e5e
reloadAllAccessors: .TimeDelayMicrosteps

===========================================================================================
----------------- testing Thu Jun 27 04:48:25 UTC 2019 /home/travis/build/icyphy/ptII/ptolemy/actor/lib/test/auto/TimeDelayMicrosteps2.xml
----------------- Instantiating /home/travis/build/icyphy/ptII/ptolemy/actor/lib/test/auto/TimeDelayMicrosteps2.xml
5 ms. Memory: 516096K Free: 352637K (68%)
----------------- Invoking toplevel() on ptolemy.moml.MoMLSimpleApplication@4589850c
----------------- Done invoking toplevel() on ptolemy.moml.MoMLSimpleApplication@4589850c
reloadAllAccessors: .TimeDelayMicrosteps2

===========================================================================================
----------------- testing Thu Jun 27 04:48:25 UTC 2019 /home/travis/build/icyphy/ptII/ptolemy/actor/lib/test/auto/TimeDelayMicrosteps3.xml
----------------- Instantiating /home/travis/build/icyphy/ptII/ptolemy/actor/lib/test/auto/TimeDelayMicrosteps3.xml
3 ms. Memory: 516096K Free: 345965K (67%)
----------------- Invoking toplevel() on ptolemy.moml.MoMLSimpleApplication@20c49437
----------------- Done invoking toplevel() on ptolemy.moml.MoMLSimpleApplication@20c49437
reloadAllAccessors: .TimeDelayMicrosteps3

===========================================================================================
----------------- testing Thu Jun 27 04:48:25 UTC 2019 /home/travis/build/icyphy/ptII/ptolemy/actor/lib/test/auto/TimeDelayVariableMicrosteps.xml
----------------- Instantiating /home/travis/build/icyphy/ptII/ptolemy/actor/lib/test/auto/TimeDelayVariableMicrosteps.xml
4 ms. Memory: 516096K Free: 339325K (66%)
----------------- Invoking toplevel() on ptolemy.moml.MoMLSimpleApplication@5cd70b1e
----------------- Done invoking toplevel() on ptolemy.moml.MoMLSimpleApplication@5cd70b1e
reloadAllAccessors: .TimeDelayVariableMicrosteps

===========================================================================================
----------------- testing Thu Jun 27 04:48:25 UTC 2019 /home/travis/build/icyphy/ptII/ptolemy/actor/lib/test/auto/TimeGap.xml
----------------- Instantiating /home/travis/build/icyphy/ptII/ptolemy/actor/lib/test/auto/TimeGap.xml
3 ms. Memory: 516096K Free: 334205K (65%)
----------------- Invoking toplevel() on ptolemy.moml.MoMLSimpleApplication@5dd0327a
----------------- Done invoking toplevel() on ptolemy.moml.MoMLSimpleApplication@5dd0327a
reloadAllAccessors: .TimeGap

===========================================================================================
----------------- testing Thu Jun 27 04:48:25 UTC 2019 /home/travis/build/icyphy/ptII/ptolemy/actor/lib/test/auto/TimeGap2.xml
----------------- Instantiating /home/travis/build/icyphy/ptII/ptolemy/actor/lib/test/auto/TimeGap2.xml
1 ms. Memory: 516096K Free: 328565K (64%)
----------------- Invoking toplevel() on ptolemy.moml.MoMLSimpleApplication@1650c28
----------------- Done invoking toplevel() on ptolemy.moml.MoMLSimpleApplication@1650c28
reloadAllAccessors: .TimeGap2

===========================================================================================
----------------- testing Thu Jun 27 04:48:25 UTC 2019 /home/travis/build/icyphy/ptII/ptolemy/actor/lib/test/auto/TimedSinewave.xml
----------------- Instantiating /home/travis/build/icyphy/ptII/ptolemy/actor/lib/test/auto/TimedSinewave.xml
21 ms. Memory: 516096K Free: 314749K (61%)
----------------- Invoking toplevel() on ptolemy.moml.MoMLSimpleApplication@4d510291
----------------- Done invoking toplevel() on ptolemy.moml.MoMLSimpleApplication@4d510291
reloadAllAccessors: .TimedSinewave

===========================================================================================
----------------- testing Thu Jun 27 04:48:26 UTC 2019 /home/travis/build/icyphy/ptII/ptolemy/actor/lib/test/auto/TimedSinewavePhase.xml
----------------- Instantiating /home/travis/build/icyphy/ptII/ptolemy/actor/lib/test/auto/TimedSinewavePhase.xml
9 ms. Memory: 516096K Free: 305019K (59%)
----------------- Invoking toplevel() on ptolemy.moml.MoMLSimpleApplication@2e78e2d5
----------------- Done invoking toplevel() on ptolemy.moml.MoMLSimpleApplication@2e78e2d5
reloadAllAccessors: .TimedSinewavePhase

===========================================================================================
----------------- testing Thu Jun 27 04:48:26 UTC 2019 /home/travis/build/icyphy/ptII/ptolemy/actor/lib/test/auto/Timer.xml
----------------- Instantiating /home/travis/build/icyphy/ptII/ptolemy/actor/lib/test/auto/Timer.xml
2 ms. Memory: 516096K Free: 299389K (58%)
----------------- Invoking toplevel() on ptolemy.moml.MoMLSimpleApplication@5cd7fb8e
----------------- Done invoking toplevel() on ptolemy.moml.MoMLSimpleApplication@5cd7fb8e
reloadAllAccessors: .Timer

===========================================================================================
----------------- testing Thu Jun 27 04:48:26 UTC 2019 /home/travis/build/icyphy/ptII/ptolemy/actor/lib/test/auto/TriangularDistTestModel.xml
----------------- Instantiating /home/travis/build/icyphy/ptII/ptolemy/actor/lib/test/auto/TriangularDistTestModel.xml
3 ms. Memory: 516096K Free: 293741K (57%)
----------------- Invoking toplevel() on ptolemy.moml.MoMLSimpleApplication@5845600a
----------------- Done invoking toplevel() on ptolemy.moml.MoMLSimpleApplication@5845600a
reloadAllAccessors: .TriangularDistTestModel

===========================================================================================
----------------- testing Thu Jun 27 04:48:26 UTC 2019 /home/travis/build/icyphy/ptII/ptolemy/actor/lib/test/auto/TrigFunction.xml
----------------- Instantiating /home/travis/build/icyphy/ptII/ptolemy/actor/lib/test/auto/TrigFunction.xml
3 ms. Memory: 516096K Free: 288635K (56%)
----------------- Invoking toplevel() on ptolemy.moml.MoMLSimpleApplication@5eda3b65
----------------- Done invoking toplevel() on ptolemy.moml.MoMLSimpleApplication@5eda3b65
reloadAllAccessors: .TrigFunction

===========================================================================================
----------------- testing Thu Jun 27 04:48:26 UTC 2019 /home/travis/build/icyphy/ptII/ptolemy/actor/lib/test/auto/TrigFunctionDE.xml
----------------- Instantiating /home/travis/build/icyphy/ptII/ptolemy/actor/lib/test/auto/TrigFunctionDE.xml
2 ms. Memory: 516096K Free: 283005K (55%)
----------------- Invoking toplevel() on ptolemy.moml.MoMLSimpleApplication@5418d126
----------------- Done invoking toplevel() on ptolemy.moml.MoMLSimpleApplication@5418d126
reloadAllAccessors: .TrigFunctionDE

===========================================================================================
----------------- testing Thu Jun 27 04:48:26 UTC 2019 /home/travis/build/icyphy/ptII/ptolemy/actor/lib/test/auto/TrigFunctionInverse.xml
----------------- Instantiating /home/travis/build/icyphy/ptII/ptolemy/actor/lib/test/auto/TrigFunctionInverse.xml
2 ms. Memory: 516096K Free: 277885K (54%)
----------------- Invoking toplevel() on ptolemy.moml.MoMLSimpleApplication@2085a708
----------------- Done invoking toplevel() on ptolemy.moml.MoMLSimpleApplication@2085a708
reloadAllAccessors: .TrigFunctionInverse

===========================================================================================
----------------- testing Thu Jun 27 04:48:26 UTC 2019 /home/travis/build/icyphy/ptII/ptolemy/actor/lib/test/auto/TrigFunctionTan.xml
----------------- Instantiating /home/travis/build/icyphy/ptII/ptolemy/actor/lib/test/auto/TrigFunctionTan.xml
2 ms. Memory: 516096K Free: 273789K (53%)
----------------- Invoking toplevel() on ptolemy.moml.MoMLSimpleApplication@1592e85c
----------------- Done invoking toplevel() on ptolemy.moml.MoMLSimpleApplication@1592e85c
reloadAllAccessors: .TrigFunctionTan

===========================================================================================
----------------- testing Thu Jun 27 04:48:26 UTC 2019 /home/travis/build/icyphy/ptII/ptolemy/actor/lib/test/auto/TriggeredClock.xml
----------------- Instantiating /home/travis/build/icyphy/ptII/ptolemy/actor/lib/test/auto/TriggeredClock.xml
2 ms. Memory: 516096K Free: 268669K (52%)
----------------- Invoking toplevel() on ptolemy.moml.MoMLSimpleApplication@7d413eb7
----------------- Done invoking toplevel() on ptolemy.moml.MoMLSimpleApplication@7d413eb7
reloadAllAccessors: .TriggeredClock

===========================================================================================
----------------- testing Thu Jun 27 04:48:26 UTC 2019 /home/travis/build/icyphy/ptII/ptolemy/actor/lib/test/auto/URLDirectoryReader.xml
----------------- Instantiating /home/travis/build/icyphy/ptII/ptolemy/actor/lib/test/auto/URLDirectoryReader.xml
36 ms. Memory: 516096K Free: 258939K (50%)
----------------- Invoking toplevel() on ptolemy.moml.MoMLSimpleApplication@45a9e641
----------------- Done invoking toplevel() on ptolemy.moml.MoMLSimpleApplication@45a9e641
reloadAllAccessors: .URLDirectoryReader

===========================================================================================
----------------- testing Thu Jun 27 04:48:26 UTC 2019 /home/travis/build/icyphy/ptII/ptolemy/actor/lib/test/auto/URLDirectoryReader3.xml
----------------- Instantiating /home/travis/build/icyphy/ptII/ptolemy/actor/lib/test/auto/URLDirectoryReader3.xml
1102 ms. Memory: 516096K Free: 459009K (89%)
----------------- Invoking toplevel() on ptolemy.moml.MoMLSimpleApplication@5e3ac252
----------------- Done invoking toplevel() on ptolemy.moml.MoMLSimpleApplication@5e3ac252
reloadAllAccessors: .URLDirectoryReader3

===========================================================================================
----------------- testing Thu Jun 27 04:48:27 UTC 2019 /home/travis/build/icyphy/ptII/ptolemy/actor/lib/test/auto/UnaryMathFunction.xml
----------------- Instantiating /home/travis/build/icyphy/ptII/ptolemy/actor/lib/test/auto/UnaryMathFunction.xml
3 ms. Memory: 516096K Free: 451226K (87%)
----------------- Invoking toplevel() on ptolemy.moml.MoMLSimpleApplication@6962ff05
----------------- Done invoking toplevel() on ptolemy.moml.MoMLSimpleApplication@6962ff05
reloadAllAccessors: .UnaryMathFunction

===========================================================================================
----------------- testing Thu Jun 27 04:48:27 UTC 2019 /home/travis/build/icyphy/ptII/ptolemy/actor/lib/test/auto/Uniform.xml
----------------- Instantiating /home/travis/build/icyphy/ptII/ptolemy/actor/lib/test/auto/Uniform.xml
9 ms. Memory: 516096K Free: 446610K (87%)
----------------- Invoking toplevel() on ptolemy.moml.MoMLSimpleApplication@4b06dfc5
----------------- Done invoking toplevel() on ptolemy.moml.MoMLSimpleApplication@4b06dfc5
reloadAllAccessors: .Uniform

===========================================================================================
----------------- testing Thu Jun 27 04:48:27 UTC 2019 /home/travis/build/icyphy/ptII/ptolemy/actor/lib/test/auto/UnionDisassemblerTest.xml
----------------- Instantiating /home/travis/build/icyphy/ptII/ptolemy/actor/lib/test/auto/UnionDisassemblerTest.xml
9 ms. Memory: 516096K Free: 443034K (86%)
----------------- Invoking toplevel() on ptolemy.moml.MoMLSimpleApplication@354e5aac
----------------- Done invoking toplevel() on ptolemy.moml.MoMLSimpleApplication@354e5aac
reloadAllAccessors: .UnionDisassemblerTest

===========================================================================================
----------------- testing Thu Jun 27 04:48:27 UTC 2019 /home/travis/build/icyphy/ptII/ptolemy/actor/lib/test/auto/UtilityFunctions.xml
----------------- Instantiating /home/travis/build/icyphy/ptII/ptolemy/actor/lib/test/auto/UtilityFunctions.xml
1 ms. Memory: 516096K Free: 438938K (85%)
----------------- Invoking toplevel() on ptolemy.moml.MoMLSimpleApplication@4f891e57
----------------- Done invoking toplevel() on ptolemy.moml.MoMLSimpleApplication@4f891e57
reloadAllAccessors: .UtilityFunctions

===========================================================================================
----------------- testing Thu Jun 27 04:48:27 UTC 2019 /home/travis/build/icyphy/ptII/ptolemy/actor/lib/test/auto/VariableSleep.xml
----------------- Instantiating /home/travis/build/icyphy/ptII/ptolemy/actor/lib/test/auto/VariableSleep.xml
504 ms. Memory: 516096K Free: 433304K (84%)
----------------- Invoking toplevel() on ptolemy.moml.MoMLSimpleApplication@2b241b4a
----------------- Done invoking toplevel() on ptolemy.moml.MoMLSimpleApplication@2b241b4a
reloadAllAccessors: .VariableSleep

===========================================================================================
----------------- testing Thu Jun 27 04:48:28 UTC 2019 /home/travis/build/icyphy/ptII/ptolemy/actor/lib/test/auto/VectorAssemblerDisassemblerCT.xml
----------------- Instantiating /home/travis/build/icyphy/ptII/ptolemy/actor/lib/test/auto/VectorAssemblerDisassemblerCT.xml
139 ms. Memory: 516096K Free: 413336K (80%)
----------------- Invoking toplevel() on ptolemy.moml.MoMLSimpleApplication@5576d253
----------------- Done invoking toplevel() on ptolemy.moml.MoMLSimpleApplication@5576d253
reloadAllAccessors: .VectorAssemblerDisassemblerCT

===========================================================================================
----------------- testing Thu Jun 27 04:48:28 UTC 2019 /home/travis/build/icyphy/ptII/ptolemy/actor/lib/test/auto/VectorAssemblerDisassemblerDE.xml
----------------- Instantiating /home/travis/build/icyphy/ptII/ptolemy/actor/lib/test/auto/VectorAssemblerDisassemblerDE.xml
3 ms. Memory: 516096K Free: 406170K (79%)
----------------- Invoking toplevel() on ptolemy.moml.MoMLSimpleApplication@4517ed4e
----------------- Done invoking toplevel() on ptolemy.moml.MoMLSimpleApplication@4517ed4e
reloadAllAccessors: .VectorAssemblerDisassemblerDE

===========================================================================================
----------------- testing Thu Jun 27 04:48:28 UTC 2019 /home/travis/build/icyphy/ptII/ptolemy/actor/lib/test/auto/VectorAssemblerDisassemblerSDF.xml
----------------- Instantiating /home/travis/build/icyphy/ptII/ptolemy/actor/lib/test/auto/VectorAssemblerDisassemblerSDF.xml
3 ms. Memory: 516096K Free: 399512K (77%)
----------------- Invoking toplevel() on ptolemy.moml.MoMLSimpleApplication@4cd8ce32
----------------- Done invoking toplevel() on ptolemy.moml.MoMLSimpleApplication@4cd8ce32
reloadAllAccessors: .VectorAssemblerDisassemblerSDF

===========================================================================================
----------------- testing Thu Jun 27 04:48:28 UTC 2019 /home/travis/build/icyphy/ptII/ptolemy/actor/lib/test/auto/WallClockTime.xml
----------------- Instantiating /home/travis/build/icyphy/ptII/ptolemy/actor/lib/test/auto/WallClockTime.xml
1006 ms. Memory: 516096K Free: 394392K (76%)
----------------- Invoking toplevel() on ptolemy.moml.MoMLSimpleApplication@12c06044
----------------- Done invoking toplevel() on ptolemy.moml.MoMLSimpleApplication@12c06044
reloadAllAccessors: .WallClockTime

===========================================================================================
----------------- testing Thu Jun 27 04:48:29 UTC 2019 /home/travis/build/icyphy/ptII/ptolemy/actor/lib/test/auto/WidthTestWithSubscriberPublisher.xml
----------------- Instantiating /home/travis/build/icyphy/ptII/ptolemy/actor/lib/test/auto/WidthTestWithSubscriberPublisher.xml
9 ms. Memory: 516096K Free: 376984K (73%)
----------------- Invoking toplevel() on ptolemy.moml.MoMLSimpleApplication@69128c8b
----------------- Done invoking toplevel() on ptolemy.moml.MoMLSimpleApplication@69128c8b
reloadAllAccessors: .WidthTestWithSubscriberPublisher

===========================================================================================
----------------- testing Thu Jun 27 04:48:29 UTC 2019 /home/travis/build/icyphy/ptII/ptolemy/actor/lib/test/auto/WidthTestWithSubscriberPublisher2.xml
----------------- Instantiating /home/travis/build/icyphy/ptII/ptolemy/actor/lib/test/auto/WidthTestWithSubscriberPublisher2.xml
2 ms. Memory: 516096K Free: 369816K (72%)
----------------- Invoking toplevel() on ptolemy.moml.MoMLSimpleApplication@6825257
----------------- Done invoking toplevel() on ptolemy.moml.MoMLSimpleApplication@6825257
reloadAllAccessors: .WidthTestWithSubscriberPublisher2

===========================================================================================
----------------- testing Thu Jun 27 04:48:29 UTC 2019 /home/travis/build/icyphy/ptII/ptolemy/actor/lib/test/auto/WidthTestWithSubscriberPublisher3.xml
----------------- Instantiating /home/travis/build/icyphy/ptII/ptolemy/actor/lib/test/auto/WidthTestWithSubscriberPublisher3.xml
1 ms. Memory: 516096K Free: 363672K (70%)
----------------- Invoking toplevel() on ptolemy.moml.MoMLSimpleApplication@72636c8a
----------------- Done invoking toplevel() on ptolemy.moml.MoMLSimpleApplication@72636c8a
reloadAllAccessors: .WidthTestWithSubscriberPublisher3

===========================================================================================
----------------- testing Thu Jun 27 04:48:29 UTC 2019 /home/travis/build/icyphy/ptII/ptolemy/actor/lib/test/auto/Writer.xml
----------------- Instantiating /home/travis/build/icyphy/ptII/ptolemy/actor/lib/test/auto/Writer.xml
0
1
2
3
4
1 ms. Memory: 516096K Free: 359546K (70%)
----------------- Invoking toplevel() on ptolemy.moml.MoMLSimpleApplication@25b51ca0
----------------- Done invoking toplevel() on ptolemy.moml.MoMLSimpleApplication@25b51ca0
reloadAllAccessors: .Writer

===========================================================================================
----------------- testing Thu Jun 27 04:48:29 UTC 2019 /home/travis/build/icyphy/ptII/ptolemy/actor/lib/test/auto/array.xml
----------------- Instantiating /home/travis/build/icyphy/ptII/ptolemy/actor/lib/test/auto/array.xml
11 ms. Memory: 516096K Free: 354970K (69%)
----------------- Invoking toplevel() on ptolemy.moml.MoMLSimpleApplication@415fd1fc
----------------- Done invoking toplevel() on ptolemy.moml.MoMLSimpleApplication@415fd1fc
reloadAllAccessors: .array

===========================================================================================
----------------- testing Thu Jun 27 04:48:29 UTC 2019 /home/travis/build/icyphy/ptII/ptolemy/actor/lib/test/auto/array2.xml
----------------- Instantiating /home/travis/build/icyphy/ptII/ptolemy/actor/lib/test/auto/array2.xml
3 ms. Memory: 516096K Free: 350346K (68%)
----------------- Invoking toplevel() on ptolemy.moml.MoMLSimpleApplication@61a6a375
----------------- Done invoking toplevel() on ptolemy.moml.MoMLSimpleApplication@61a6a375
reloadAllAccessors: .array2

===========================================================================================
----------------- testing Thu Jun 27 04:48:29 UTC 2019 /home/travis/build/icyphy/ptII/ptolemy/actor/lib/test/auto/arrayType.xml
----------------- Instantiating /home/travis/build/icyphy/ptII/ptolemy/actor/lib/test/auto/arrayType.xml
1 ms. Memory: 516096K Free: 344730K (67%)
----------------- Invoking toplevel() on ptolemy.moml.MoMLSimpleApplication@24272abe
----------------- Done invoking toplevel() on ptolemy.moml.MoMLSimpleApplication@24272abe
reloadAllAccessors: .arrayType

===========================================================================================
----------------- testing Thu Jun 27 04:48:29 UTC 2019 /home/travis/build/icyphy/ptII/ptolemy/actor/lib/test/auto/arrayType10.xml
----------------- Instantiating /home/travis/build/icyphy/ptII/ptolemy/actor/lib/test/auto/arrayType10.xml
6 ms. Memory: 516096K Free: 340120K (66%)
----------------- Invoking toplevel() on ptolemy.moml.MoMLSimpleApplication@3d098133
----------------- Done invoking toplevel() on ptolemy.moml.MoMLSimpleApplication@3d098133
reloadAllAccessors: .arrayType10

===========================================================================================
----------------- testing Thu Jun 27 04:48:29 UTC 2019 /home/travis/build/icyphy/ptII/ptolemy/actor/lib/test/auto/arrayType11.xml
----------------- Instantiating /home/travis/build/icyphy/ptII/ptolemy/actor/lib/test/auto/arrayType11.xml
2 ms. Memory: 516096K Free: 335514K (65%)
----------------- Invoking toplevel() on ptolemy.moml.MoMLSimpleApplication@3bcedfd8
----------------- Done invoking toplevel() on ptolemy.moml.MoMLSimpleApplication@3bcedfd8
reloadAllAccessors: .arrayType11

===========================================================================================
----------------- testing Thu Jun 27 04:48:29 UTC 2019 /home/travis/build/icyphy/ptII/ptolemy/actor/lib/test/auto/arrayType12.xml
----------------- Instantiating /home/travis/build/icyphy/ptII/ptolemy/actor/lib/test/auto/arrayType12.xml
1 ms. Memory: 516096K Free: 330904K (64%)
----------------- Invoking toplevel() on ptolemy.moml.MoMLSimpleApplication@77a54d26
----------------- Done invoking toplevel() on ptolemy.moml.MoMLSimpleApplication@77a54d26
reloadAllAccessors: .arrayType12

===========================================================================================
----------------- testing Thu Jun 27 04:48:29 UTC 2019 /home/travis/build/icyphy/ptII/ptolemy/actor/lib/test/auto/arrayType13.xml
----------------- Instantiating /home/travis/build/icyphy/ptII/ptolemy/actor/lib/test/auto/arrayType13.xml
2 ms. Memory: 516096K Free: 325784K (63%)
----------------- Invoking toplevel() on ptolemy.moml.MoMLSimpleApplication@1aebf1e5
----------------- Done invoking toplevel() on ptolemy.moml.MoMLSimpleApplication@1aebf1e5
reloadAllAccessors: .arrayType13

===========================================================================================
----------------- testing Thu Jun 27 04:48:29 UTC 2019 /home/travis/build/icyphy/ptII/ptolemy/actor/lib/test/auto/arrayType14.xml
----------------- Instantiating /home/travis/build/icyphy/ptII/ptolemy/actor/lib/test/auto/arrayType14.xml
2 ms. Memory: 516096K Free: 320154K (62%)
----------------- Invoking toplevel() on ptolemy.moml.MoMLSimpleApplication@57146a6d
----------------- Done invoking toplevel() on ptolemy.moml.MoMLSimpleApplication@57146a6d
reloadAllAccessors: .arrayType14

===========================================================================================
----------------- testing Thu Jun 27 04:48:29 UTC 2019 /home/travis/build/icyphy/ptII/ptolemy/actor/lib/test/auto/arrayType15.xml
----------------- Instantiating /home/travis/build/icyphy/ptII/ptolemy/actor/lib/test/auto/arrayType15.xml
2 ms. Memory: 516096K Free: 315034K (61%)
----------------- Invoking toplevel() on ptolemy.moml.MoMLSimpleApplication@75307fdd
----------------- Done invoking toplevel() on ptolemy.moml.MoMLSimpleApplication@75307fdd
reloadAllAccessors: .arrayType15

===========================================================================================
----------------- testing Thu Jun 27 04:48:29 UTC 2019 /home/travis/build/icyphy/ptII/ptolemy/actor/lib/test/auto/arrayType16.xml
----------------- Instantiating /home/travis/build/icyphy/ptII/ptolemy/actor/lib/test/auto/arrayType16.xml
2 ms. Memory: 516096K Free: 309914K (60%)
----------------- Invoking toplevel() on ptolemy.moml.MoMLSimpleApplication@2c0a73a6
----------------- Done invoking toplevel() on ptolemy.moml.MoMLSimpleApplication@2c0a73a6
reloadAllAccessors: .arrayType16

===========================================================================================
----------------- testing Thu Jun 27 04:48:29 UTC 2019 /home/travis/build/icyphy/ptII/ptolemy/actor/lib/test/auto/arrayType17.xml
----------------- Instantiating /home/travis/build/icyphy/ptII/ptolemy/actor/lib/test/auto/arrayType17.xml
1 ms. Memory: 516096K Free: 304794K (59%)
----------------- Invoking toplevel() on ptolemy.moml.MoMLSimpleApplication@3851e206
----------------- Done invoking toplevel() on ptolemy.moml.MoMLSimpleApplication@3851e206
reloadAllAccessors: .arrayType17

===========================================================================================
----------------- testing Thu Jun 27 04:48:29 UTC 2019 /home/travis/build/icyphy/ptII/ptolemy/actor/lib/test/auto/arrayType18.xml
----------------- Instantiating /home/travis/build/icyphy/ptII/ptolemy/actor/lib/test/auto/arrayType18.xml
2 ms. Memory: 516096K Free: 300184K (58%)
----------------- Invoking toplevel() on ptolemy.moml.MoMLSimpleApplication@6382cde4
----------------- Done invoking toplevel() on ptolemy.moml.MoMLSimpleApplication@6382cde4
reloadAllAccessors: .arrayType18

===========================================================================================
----------------- testing Thu Jun 27 04:48:29 UTC 2019 /home/travis/build/icyphy/ptII/ptolemy/actor/lib/test/auto/arrayType19.xml
----------------- Instantiating /home/travis/build/icyphy/ptII/ptolemy/actor/lib/test/auto/arrayType19.xml
1 ms. Memory: 516096K Free: 295064K (57%)
----------------- Invoking toplevel() on ptolemy.moml.MoMLSimpleApplication@f2c8a6f
----------------- Done invoking toplevel() on ptolemy.moml.MoMLSimpleApplication@f2c8a6f
reloadAllAccessors: .arrayType19

===========================================================================================
----------------- testing Thu Jun 27 04:48:29 UTC 2019 /home/travis/build/icyphy/ptII/ptolemy/actor/lib/test/auto/arrayType2.xml
----------------- Instantiating /home/travis/build/icyphy/ptII/ptolemy/actor/lib/test/auto/arrayType2.xml
1 ms. Memory: 516096K Free: 289944K (56%)
----------------- Invoking toplevel() on ptolemy.moml.MoMLSimpleApplication@18e397c1
----------------- Done invoking toplevel() on ptolemy.moml.MoMLSimpleApplication@18e397c1
reloadAllAccessors: .arrayType2

===========================================================================================
----------------- testing Thu Jun 27 04:48:29 UTC 2019 /home/travis/build/icyphy/ptII/ptolemy/actor/lib/test/auto/arrayType20.xml
----------------- Instantiating /home/travis/build/icyphy/ptII/ptolemy/actor/lib/test/auto/arrayType20.xml
1 ms. Memory: 516096K Free: 285338K (55%)
----------------- Invoking toplevel() on ptolemy.moml.MoMLSimpleApplication@5e295134
----------------- Done invoking toplevel() on ptolemy.moml.MoMLSimpleApplication@5e295134
reloadAllAccessors: .arrayType20

===========================================================================================
----------------- testing Thu Jun 27 04:48:29 UTC 2019 /home/travis/build/icyphy/ptII/ptolemy/actor/lib/test/auto/arrayType21.xml
----------------- Instantiating /home/travis/build/icyphy/ptII/ptolemy/actor/lib/test/auto/arrayType21.xml
3 ms. Memory: 516096K Free: 280728K (54%)
----------------- Invoking toplevel() on ptolemy.moml.MoMLSimpleApplication@a429edc
----------------- Done invoking toplevel() on ptolemy.moml.MoMLSimpleApplication@a429edc
reloadAllAccessors: .arrayType21

===========================================================================================
----------------- testing Thu Jun 27 04:48:29 UTC 2019 /home/travis/build/icyphy/ptII/ptolemy/actor/lib/test/auto/arrayType22.xml
----------------- Instantiating /home/travis/build/icyphy/ptII/ptolemy/actor/lib/test/auto/arrayType22.xml
1 ms. Memory: 516096K Free: 275608K (53%)
----------------- Invoking toplevel() on ptolemy.moml.MoMLSimpleApplication@683c23
----------------- Done invoking toplevel() on ptolemy.moml.MoMLSimpleApplication@683c23
reloadAllAccessors: .arrayType22

===========================================================================================
----------------- testing Thu Jun 27 04:48:29 UTC 2019 /home/travis/build/icyphy/ptII/ptolemy/actor/lib/test/auto/arrayType23.xml
----------------- Instantiating /home/travis/build/icyphy/ptII/ptolemy/actor/lib/test/auto/arrayType23.xml
1 ms. Memory: 516096K Free: 271002K (53%)
----------------- Invoking toplevel() on ptolemy.moml.MoMLSimpleApplication@70b67642
----------------- Done invoking toplevel() on ptolemy.moml.MoMLSimpleApplication@70b67642
reloadAllAccessors: .arrayType23

===========================================================================================
----------------- testing Thu Jun 27 04:48:29 UTC 2019 /home/travis/build/icyphy/ptII/ptolemy/actor/lib/test/auto/arrayType24.xml
----------------- Instantiating /home/travis/build/icyphy/ptII/ptolemy/actor/lib/test/auto/arrayType24.xml
1 ms. Memory: 516096K Free: 266392K (52%)
----------------- Invoking toplevel() on ptolemy.moml.MoMLSimpleApplication@44447e23
----------------- Done invoking toplevel() on ptolemy.moml.MoMLSimpleApplication@44447e23
reloadAllAccessors: .arrayType24

===========================================================================================
----------------- testing Thu Jun 27 04:48:29 UTC 2019 /home/travis/build/icyphy/ptII/ptolemy/actor/lib/test/auto/arrayType25.xml
----------------- Instantiating /home/travis/build/icyphy/ptII/ptolemy/actor/lib/test/auto/arrayType25.xml
1 ms. Memory: 516096K Free: 261272K (51%)
----------------- Invoking toplevel() on ptolemy.moml.MoMLSimpleApplication@6a2daeb9
----------------- Done invoking toplevel() on ptolemy.moml.MoMLSimpleApplication@6a2daeb9
reloadAllAccessors: .arrayType25

===========================================================================================
----------------- testing Thu Jun 27 04:48:29 UTC 2019 /home/travis/build/icyphy/ptII/ptolemy/actor/lib/test/auto/arrayType26.xml
----------------- Instantiating /home/travis/build/icyphy/ptII/ptolemy/actor/lib/test/auto/arrayType26.xml
1 ms. Memory: 516096K Free: 256152K (50%)
----------------- Invoking toplevel() on ptolemy.moml.MoMLSimpleApplication@49830f3
----------------- Done invoking toplevel() on ptolemy.moml.MoMLSimpleApplication@49830f3
reloadAllAccessors: .arrayType26

===========================================================================================
----------------- testing Thu Jun 27 04:48:29 UTC 2019 /home/travis/build/icyphy/ptII/ptolemy/actor/lib/test/auto/arrayType27.xml
----------------- Instantiating /home/travis/build/icyphy/ptII/ptolemy/actor/lib/test/auto/arrayType27.xml
1 ms. Memory: 516096K Free: 250522K (49%)
----------------- Invoking toplevel() on ptolemy.moml.MoMLSimpleApplication@3be85650
----------------- Done invoking toplevel() on ptolemy.moml.MoMLSimpleApplication@3be85650
reloadAllAccessors: .arrayType27

===========================================================================================
----------------- testing Thu Jun 27 04:48:29 UTC 2019 /home/travis/build/icyphy/ptII/ptolemy/actor/lib/test/auto/arrayType28.xml
----------------- Instantiating /home/travis/build/icyphy/ptII/ptolemy/actor/lib/test/auto/arrayType28.xml
2 ms. Memory: 516096K Free: 245402K (48%)
----------------- Invoking toplevel() on ptolemy.moml.MoMLSimpleApplication@4134882e
----------------- Done invoking toplevel() on ptolemy.moml.MoMLSimpleApplication@4134882e
reloadAllAccessors: .arrayType28

===========================================================================================
----------------- testing Thu Jun 27 04:48:29 UTC 2019 /home/travis/build/icyphy/ptII/ptolemy/actor/lib/test/auto/arrayType3.xml
----------------- Instantiating /home/travis/build/icyphy/ptII/ptolemy/actor/lib/test/auto/arrayType3.xml
1 ms. Memory: 516096K Free: 240282K (47%)
----------------- Invoking toplevel() on ptolemy.moml.MoMLSimpleApplication@60c598f9
----------------- Done invoking toplevel() on ptolemy.moml.MoMLSimpleApplication@60c598f9
reloadAllAccessors: .arrayType3

===========================================================================================
----------------- testing Thu Jun 27 04:48:29 UTC 2019 /home/travis/build/icyphy/ptII/ptolemy/actor/lib/test/auto/arrayType4.xml
----------------- Instantiating /home/travis/build/icyphy/ptII/ptolemy/actor/lib/test/auto/arrayType4.xml
2 ms. Memory: 516096K Free: 235162K (46%)
----------------- Invoking toplevel() on ptolemy.moml.MoMLSimpleApplication@3bf5ac7a
----------------- Done invoking toplevel() on ptolemy.moml.MoMLSimpleApplication@3bf5ac7a
reloadAllAccessors: .arrayType4

===========================================================================================
----------------- testing Thu Jun 27 04:48:30 UTC 2019 /home/travis/build/icyphy/ptII/ptolemy/actor/lib/test/auto/arrayType5.xml
----------------- Instantiating /home/travis/build/icyphy/ptII/ptolemy/actor/lib/test/auto/arrayType5.xml
1 ms. Memory: 516096K Free: 229528K (44%)
----------------- Invoking toplevel() on ptolemy.moml.MoMLSimpleApplication@1a9aab0a
----------------- Done invoking toplevel() on ptolemy.moml.MoMLSimpleApplication@1a9aab0a
reloadAllAccessors: .arrayType5

===========================================================================================
----------------- testing Thu Jun 27 04:48:30 UTC 2019 /home/travis/build/icyphy/ptII/ptolemy/actor/lib/test/auto/arrayType6.xml
----------------- Instantiating /home/travis/build/icyphy/ptII/ptolemy/actor/lib/test/auto/arrayType6.xml
1 ms. Memory: 516096K Free: 224922K (44%)
----------------- Invoking toplevel() on ptolemy.moml.MoMLSimpleApplication@157b8b22
----------------- Done invoking toplevel() on ptolemy.moml.MoMLSimpleApplication@157b8b22
reloadAllAccessors: .arrayType6

===========================================================================================
----------------- testing Thu Jun 27 04:48:30 UTC 2019 /home/travis/build/icyphy/ptII/ptolemy/actor/lib/test/auto/arrayType7.xml
----------------- Instantiating /home/travis/build/icyphy/ptII/ptolemy/actor/lib/test/auto/arrayType7.xml
6 ms. Memory: 516096K Free: 220312K (43%)
----------------- Invoking toplevel() on ptolemy.moml.MoMLSimpleApplication@3ee30f54
----------------- Done invoking toplevel() on ptolemy.moml.MoMLSimpleApplication@3ee30f54
reloadAllAccessors: .arrayType7

===========================================================================================
----------------- testing Thu Jun 27 04:48:30 UTC 2019 /home/travis/build/icyphy/ptII/ptolemy/actor/lib/test/auto/arrayType8.xml
----------------- Instantiating /home/travis/build/icyphy/ptII/ptolemy/actor/lib/test/auto/arrayType8.xml
2 ms. Memory: 516096K Free: 215706K (42%)
----------------- Invoking toplevel() on ptolemy.moml.MoMLSimpleApplication@15fd8875
----------------- Done invoking toplevel() on ptolemy.moml.MoMLSimpleApplication@15fd8875
reloadAllAccessors: .arrayType8

===========================================================================================
----------------- testing Thu Jun 27 04:48:30 UTC 2019 /home/travis/build/icyphy/ptII/ptolemy/actor/lib/test/auto/arrayType9.xml
----------------- Instantiating /home/travis/build/icyphy/ptII/ptolemy/actor/lib/test/auto/arrayType9.xml
1 ms. Memory: 516096K Free: 210586K (41%)
----------------- Invoking toplevel() on ptolemy.moml.MoMLSimpleApplication@4a6aeb0f
----------------- Done invoking toplevel() on ptolemy.moml.MoMLSimpleApplication@4a6aeb0f
reloadAllAccessors: .arrayType9

===========================================================================================
----------------- testing Thu Jun 27 04:48:30 UTC 2019 /home/travis/build/icyphy/ptII/ptolemy/actor/lib/test/auto/cast.xml
----------------- Instantiating /home/travis/build/icyphy/ptII/ptolemy/actor/lib/test/auto/cast.xml
2 ms. Memory: 516096K Free: 205976K (40%)
----------------- Invoking toplevel() on ptolemy.moml.MoMLSimpleApplication@5e7c0b67
----------------- Done invoking toplevel() on ptolemy.moml.MoMLSimpleApplication@5e7c0b67
reloadAllAccessors: .cast

===========================================================================================
----------------- testing Thu Jun 27 04:48:30 UTC 2019 /home/travis/build/icyphy/ptII/ptolemy/actor/lib/test/auto/compositeMultiPort.xml
----------------- Instantiating /home/travis/build/icyphy/ptII/ptolemy/actor/lib/test/auto/compositeMultiPort.xml
3 ms. Memory: 516096K Free: 197274K (38%)
----------------- Invoking toplevel() on ptolemy.moml.MoMLSimpleApplication@6afa1688
----------------- Done invoking toplevel() on ptolemy.moml.MoMLSimpleApplication@6afa1688
reloadAllAccessors: .compositeMultiPort

===========================================================================================
----------------- testing Thu Jun 27 04:48:30 UTC 2019 /home/travis/build/icyphy/ptII/ptolemy/actor/lib/test/auto/expressionCastInference.xml
----------------- Instantiating /home/travis/build/icyphy/ptII/ptolemy/actor/lib/test/auto/expressionCastInference.xml
2 ms. Memory: 516096K Free: 192154K (37%)
----------------- Invoking toplevel() on ptolemy.moml.MoMLSimpleApplication@39af8fc2
----------------- Done invoking toplevel() on ptolemy.moml.MoMLSimpleApplication@39af8fc2
reloadAllAccessors: .expressionCastInference

===========================================================================================
----------------- testing Thu Jun 27 04:48:30 UTC 2019 /home/travis/build/icyphy/ptII/ptolemy/actor/lib/test/auto/expressionCastInference2.xml
----------------- Instantiating /home/travis/build/icyphy/ptII/ptolemy/actor/lib/test/auto/expressionCastInference2.xml
2 ms. Memory: 516096K Free: 187544K (36%)
----------------- Invoking toplevel() on ptolemy.moml.MoMLSimpleApplication@49afabc4
----------------- Done invoking toplevel() on ptolemy.moml.MoMLSimpleApplication@49afabc4
reloadAllAccessors: .expressionCastInference2

===========================================================================================
----------------- testing Thu Jun 27 04:48:30 UTC 2019 /home/travis/build/icyphy/ptII/ptolemy/actor/lib/test/auto/expressionInference.xml
----------------- Instantiating /home/travis/build/icyphy/ptII/ptolemy/actor/lib/test/auto/expressionInference.xml
1 ms. Memory: 516096K Free: 183448K (36%)
----------------- Invoking toplevel() on ptolemy.moml.MoMLSimpleApplication@31a2f4ab
----------------- Done invoking toplevel() on ptolemy.moml.MoMLSimpleApplication@31a2f4ab
reloadAllAccessors: .expressionInference

===========================================================================================
----------------- testing Thu Jun 27 04:48:30 UTC 2019 /home/travis/build/icyphy/ptII/ptolemy/actor/lib/test/auto/expression_bug.xml
----------------- Instantiating /home/travis/build/icyphy/ptII/ptolemy/actor/lib/test/auto/expression_bug.xml
1 ms. Memory: 516096K Free: 179352K (35%)
----------------- Invoking toplevel() on ptolemy.moml.MoMLSimpleApplication@46930c26
----------------- Done invoking toplevel() on ptolemy.moml.MoMLSimpleApplication@46930c26
reloadAllAccessors: .expression_bug

===========================================================================================
----------------- testing Thu Jun 27 04:48:30 UTC 2019 /home/travis/build/icyphy/ptII/ptolemy/actor/lib/test/auto/factorial.xml
----------------- Instantiating /home/travis/build/icyphy/ptII/ptolemy/actor/lib/test/auto/factorial.xml
45 ms. Memory: 516096K Free: 170650K (33%)
----------------- Invoking toplevel() on ptolemy.moml.MoMLSimpleApplication@155d51dc
----------------- Done invoking toplevel() on ptolemy.moml.MoMLSimpleApplication@155d51dc
reloadAllAccessors: .factorial

===========================================================================================
----------------- testing Thu Jun 27 04:48:30 UTC 2019 /home/travis/build/icyphy/ptII/ptolemy/actor/lib/test/auto/filterTest1.xml
----------------- Instantiating /home/travis/build/icyphy/ptII/ptolemy/actor/lib/test/auto/filterTest1.xml
4 ms. Memory: 516096K Free: 165016K (32%)
----------------- Invoking toplevel() on ptolemy.moml.MoMLSimpleApplication@64bd6e0d
----------------- Done invoking toplevel() on ptolemy.moml.MoMLSimpleApplication@64bd6e0d
reloadAllAccessors: .filterTest1

===========================================================================================
----------------- testing Thu Jun 27 04:48:30 UTC 2019 /home/travis/build/icyphy/ptII/ptolemy/actor/lib/test/auto/funcApplyInConst.xml
----------------- Instantiating /home/travis/build/icyphy/ptII/ptolemy/actor/lib/test/auto/funcApplyInConst.xml
1 ms. Memory: 516096K Free: 161434K (31%)
----------------- Invoking toplevel() on ptolemy.moml.MoMLSimpleApplication@11909705
----------------- Done invoking toplevel() on ptolemy.moml.MoMLSimpleApplication@11909705
reloadAllAccessors: .funcApplyInConst

===========================================================================================
----------------- testing Thu Jun 27 04:48:30 UTC 2019 /home/travis/build/icyphy/ptII/ptolemy/actor/lib/test/auto/funcApplyInExpr.xml
----------------- Instantiating /home/travis/build/icyphy/ptII/ptolemy/actor/lib/test/auto/funcApplyInExpr.xml
1 ms. Memory: 516096K Free: 460263K (89%)
----------------- Invoking toplevel() on ptolemy.moml.MoMLSimpleApplication@4a833111
----------------- Done invoking toplevel() on ptolemy.moml.MoMLSimpleApplication@4a833111
reloadAllAccessors: .funcApplyInExpr

===========================================================================================
----------------- testing Thu Jun 27 04:48:30 UTC 2019 /home/travis/build/icyphy/ptII/ptolemy/actor/lib/test/auto/function.xml
----------------- Instantiating /home/travis/build/icyphy/ptII/ptolemy/actor/lib/test/auto/function.xml
2 ms. Memory: 516096K Free: 455143K (88%)
----------------- Invoking toplevel() on ptolemy.moml.MoMLSimpleApplication@d6b70d4
----------------- Done invoking toplevel() on ptolemy.moml.MoMLSimpleApplication@d6b70d4
reloadAllAccessors: .function

===========================================================================================
----------------- testing Thu Jun 27 04:48:30 UTC 2019 /home/travis/build/icyphy/ptII/ptolemy/actor/lib/test/auto/function2.xml
----------------- Instantiating /home/travis/build/icyphy/ptII/ptolemy/actor/lib/test/auto/function2.xml
2 ms. Memory: 516096K Free: 450533K (87%)
----------------- Invoking toplevel() on ptolemy.moml.MoMLSimpleApplication@15b4ffee
----------------- Done invoking toplevel() on ptolemy.moml.MoMLSimpleApplication@15b4ffee
reloadAllAccessors: .function2

===========================================================================================
----------------- testing Thu Jun 27 04:48:30 UTC 2019 /home/travis/build/icyphy/ptII/ptolemy/actor/lib/test/auto/function3.xml
----------------- Instantiating /home/travis/build/icyphy/ptII/ptolemy/actor/lib/test/auto/function3.xml
1 ms. Memory: 516096K Free: 446951K (87%)
----------------- Invoking toplevel() on ptolemy.moml.MoMLSimpleApplication@3cb8be0f
----------------- Done invoking toplevel() on ptolemy.moml.MoMLSimpleApplication@3cb8be0f
reloadAllAccessors: .function3

===========================================================================================
----------------- testing Thu Jun 27 04:48:30 UTC 2019 /home/travis/build/icyphy/ptII/ptolemy/actor/lib/test/auto/functionClosureTest1.xml
----------------- Instantiating /home/travis/build/icyphy/ptII/ptolemy/actor/lib/test/auto/functionClosureTest1.xml
2 ms. Memory: 516096K Free: 440807K (85%)
----------------- Invoking toplevel() on ptolemy.moml.MoMLSimpleApplication@52f547f7
----------------- Done invoking toplevel() on ptolemy.moml.MoMLSimpleApplication@52f547f7
reloadAllAccessors: .functionClosureTest1

===========================================================================================
----------------- testing Thu Jun 27 04:48:30 UTC 2019 /home/travis/build/icyphy/ptII/ptolemy/actor/lib/test/auto/functionClosureTest2.xml
----------------- Instantiating /home/travis/build/icyphy/ptII/ptolemy/actor/lib/test/auto/functionClosureTest2.xml
1 ms. Memory: 516096K Free: 437221K (85%)
----------------- Invoking toplevel() on ptolemy.moml.MoMLSimpleApplication@2a9af14c
----------------- Done invoking toplevel() on ptolemy.moml.MoMLSimpleApplication@2a9af14c
reloadAllAccessors: .functionClosureTest2

===========================================================================================
----------------- testing Thu Jun 27 04:48:30 UTC 2019 /home/travis/build/icyphy/ptII/ptolemy/actor/lib/test/auto/functionClosureTest3.xml
----------------- Instantiating /home/travis/build/icyphy/ptII/ptolemy/actor/lib/test/auto/functionClosureTest3.xml
2 ms. Memory: 516096K Free: 432101K (84%)
----------------- Invoking toplevel() on ptolemy.moml.MoMLSimpleApplication@119cffd5
----------------- Done invoking toplevel() on ptolemy.moml.MoMLSimpleApplication@119cffd5
reloadAllAccessors: .functionClosureTest3

===========================================================================================
----------------- testing Thu Jun 27 04:48:30 UTC 2019 /home/travis/build/icyphy/ptII/ptolemy/actor/lib/test/auto/functionClosureTest4.xml
----------------- Instantiating /home/travis/build/icyphy/ptII/ptolemy/actor/lib/test/auto/functionClosureTest4.xml
4 ms. Memory: 516096K Free: 425447K (82%)
----------------- Invoking toplevel() on ptolemy.moml.MoMLSimpleApplication@537c691d
----------------- Done invoking toplevel() on ptolemy.moml.MoMLSimpleApplication@537c691d
reloadAllAccessors: .functionClosureTest4

===========================================================================================
----------------- testing Thu Jun 27 04:48:30 UTC 2019 /home/travis/build/icyphy/ptII/ptolemy/actor/lib/test/auto/functionClosureTest5.xml
----------------- Instantiating /home/travis/build/icyphy/ptII/ptolemy/actor/lib/test/auto/functionClosureTest5.xml
4 ms. Memory: 516096K Free: 420327K (81%)
----------------- Invoking toplevel() on ptolemy.moml.MoMLSimpleApplication@58629aa
----------------- Done invoking toplevel() on ptolemy.moml.MoMLSimpleApplication@58629aa
reloadAllAccessors: .functionClosureTest5

===========================================================================================
----------------- testing Thu Jun 27 04:48:30 UTC 2019 /home/travis/build/icyphy/ptII/ptolemy/actor/lib/test/auto/functionClosureTest6.xml
----------------- Instantiating /home/travis/build/icyphy/ptII/ptolemy/actor/lib/test/auto/functionClosureTest6.xml
2 ms. Memory: 516096K Free: 415717K (81%)
----------------- Invoking toplevel() on ptolemy.moml.MoMLSimpleApplication@6217b76d
----------------- Done invoking toplevel() on ptolemy.moml.MoMLSimpleApplication@6217b76d
reloadAllAccessors: .functionClosureTest6

===========================================================================================
----------------- testing Thu Jun 27 04:48:30 UTC 2019 /home/travis/build/icyphy/ptII/ptolemy/actor/lib/test/auto/functionsOnArcs.xml
----------------- Instantiating /home/travis/build/icyphy/ptII/ptolemy/actor/lib/test/auto/functionsOnArcs.xml
2 ms. Memory: 516096K Free: 410087K (79%)
----------------- Invoking toplevel() on ptolemy.moml.MoMLSimpleApplication@652bdf4a
----------------- Done invoking toplevel() on ptolemy.moml.MoMLSimpleApplication@652bdf4a
reloadAllAccessors: .functionsOnArcs

===========================================================================================
----------------- testing Thu Jun 27 04:48:30 UTC 2019 /home/travis/build/icyphy/ptII/ptolemy/actor/lib/test/auto/functionsOnArcsHOF.xml
----------------- Instantiating /home/travis/build/icyphy/ptII/ptolemy/actor/lib/test/auto/functionsOnArcsHOF.xml
4 ms. Memory: 516096K Free: 404453K (78%)
----------------- Invoking toplevel() on ptolemy.moml.MoMLSimpleApplication@5745f002
----------------- Done invoking toplevel() on ptolemy.moml.MoMLSimpleApplication@5745f002
reloadAllAccessors: .functionsOnArcsHOF

===========================================================================================
----------------- testing Thu Jun 27 04:48:30 UTC 2019 /home/travis/build/icyphy/ptII/ptolemy/actor/lib/test/auto/logic.xml
----------------- Instantiating /home/travis/build/icyphy/ptII/ptolemy/actor/lib/test/auto/logic.xml
2 ms. Memory: 516096K Free: 397285K (77%)
----------------- Invoking toplevel() on ptolemy.moml.MoMLSimpleApplication@62fe9b94
----------------- Done invoking toplevel() on ptolemy.moml.MoMLSimpleApplication@62fe9b94
reloadAllAccessors: .logic

===========================================================================================
----------------- testing Thu Jun 27 04:48:30 UTC 2019 /home/travis/build/icyphy/ptII/ptolemy/actor/lib/test/auto/matrixType.xml
----------------- Instantiating /home/travis/build/icyphy/ptII/ptolemy/actor/lib/test/auto/matrixType.xml
1 ms. Memory: 516096K Free: 392165K (76%)
----------------- Invoking toplevel() on ptolemy.moml.MoMLSimpleApplication@52414943
----------------- Done invoking toplevel() on ptolemy.moml.MoMLSimpleApplication@52414943
reloadAllAccessors: .matrixType

===========================================================================================
----------------- testing Thu Jun 27 04:48:30 UTC 2019 /home/travis/build/icyphy/ptII/ptolemy/actor/lib/test/auto/matrixType10.xml
----------------- Instantiating /home/travis/build/icyphy/ptII/ptolemy/actor/lib/test/auto/matrixType10.xml
2 ms. Memory: 516096K Free: 387559K (75%)
----------------- Invoking toplevel() on ptolemy.moml.MoMLSimpleApplication@3ade9601
----------------- Done invoking toplevel() on ptolemy.moml.MoMLSimpleApplication@3ade9601
reloadAllAccessors: .matrixType10

===========================================================================================
----------------- testing Thu Jun 27 04:48:30 UTC 2019 /home/travis/build/icyphy/ptII/ptolemy/actor/lib/test/auto/matrixType11.xml
----------------- Instantiating /home/travis/build/icyphy/ptII/ptolemy/actor/lib/test/auto/matrixType11.xml
2 ms. Memory: 516096K Free: 382949K (74%)
----------------- Invoking toplevel() on ptolemy.moml.MoMLSimpleApplication@683b01ae
----------------- Done invoking toplevel() on ptolemy.moml.MoMLSimpleApplication@683b01ae
reloadAllAccessors: .matrixType11

===========================================================================================
----------------- testing Thu Jun 27 04:48:30 UTC 2019 /home/travis/build/icyphy/ptII/ptolemy/actor/lib/test/auto/matrixType12.xml
----------------- Instantiating /home/travis/build/icyphy/ptII/ptolemy/actor/lib/test/auto/matrixType12.xml
2 ms. Memory: 516096K Free: 377829K (73%)
----------------- Invoking toplevel() on ptolemy.moml.MoMLSimpleApplication@5eaa3dc4
----------------- Done invoking toplevel() on ptolemy.moml.MoMLSimpleApplication@5eaa3dc4
reloadAllAccessors: .matrixType12

===========================================================================================
----------------- testing Thu Jun 27 04:48:30 UTC 2019 /home/travis/build/icyphy/ptII/ptolemy/actor/lib/test/auto/matrixType13.xml
----------------- Instantiating /home/travis/build/icyphy/ptII/ptolemy/actor/lib/test/auto/matrixType13.xml
1 ms. Memory: 516096K Free: 373223K (72%)
----------------- Invoking toplevel() on ptolemy.moml.MoMLSimpleApplication@6f860892
----------------- Done invoking toplevel() on ptolemy.moml.MoMLSimpleApplication@6f860892
reloadAllAccessors: .matrixType13

===========================================================================================
----------------- testing Thu Jun 27 04:48:30 UTC 2019 /home/travis/build/icyphy/ptII/ptolemy/actor/lib/test/auto/matrixType14.xml
----------------- Instantiating /home/travis/build/icyphy/ptII/ptolemy/actor/lib/test/auto/matrixType14.xml
1 ms. Memory: 516096K Free: 368613K (71%)
----------------- Invoking toplevel() on ptolemy.moml.MoMLSimpleApplication@18dd32fe
----------------- Done invoking toplevel() on ptolemy.moml.MoMLSimpleApplication@18dd32fe
reloadAllAccessors: .matrixType14

===========================================================================================
----------------- testing Thu Jun 27 04:48:30 UTC 2019 /home/travis/build/icyphy/ptII/ptolemy/actor/lib/test/auto/matrixType2.xml
----------------- Instantiating /home/travis/build/icyphy/ptII/ptolemy/actor/lib/test/auto/matrixType2.xml
1 ms. Memory: 516096K Free: 363493K (70%)
----------------- Invoking toplevel() on ptolemy.moml.MoMLSimpleApplication@1bce8297
----------------- Done invoking toplevel() on ptolemy.moml.MoMLSimpleApplication@1bce8297
reloadAllAccessors: .matrixType2

===========================================================================================
----------------- testing Thu Jun 27 04:48:30 UTC 2019 /home/travis/build/icyphy/ptII/ptolemy/actor/lib/test/auto/matrixType3.xml
----------------- Instantiating /home/travis/build/icyphy/ptII/ptolemy/actor/lib/test/auto/matrixType3.xml
4 ms. Memory: 516096K Free: 358887K (70%)
----------------- Invoking toplevel() on ptolemy.moml.MoMLSimpleApplication@5e8747da
----------------- Done invoking toplevel() on ptolemy.moml.MoMLSimpleApplication@5e8747da
reloadAllAccessors: .matrixType3

===========================================================================================
----------------- testing Thu Jun 27 04:48:30 UTC 2019 /home/travis/build/icyphy/ptII/ptolemy/actor/lib/test/auto/matrixType4.xml
----------------- Instantiating /home/travis/build/icyphy/ptII/ptolemy/actor/lib/test/auto/matrixType4.xml
2 ms. Memory: 516096K Free: 354277K (69%)
----------------- Invoking toplevel() on ptolemy.moml.MoMLSimpleApplication@7f7c7932
----------------- Done invoking toplevel() on ptolemy.moml.MoMLSimpleApplication@7f7c7932
reloadAllAccessors: .matrixType4

===========================================================================================
----------------- testing Thu Jun 27 04:48:30 UTC 2019 /home/travis/build/icyphy/ptII/ptolemy/actor/lib/test/auto/matrixType5.xml
----------------- Instantiating /home/travis/build/icyphy/ptII/ptolemy/actor/lib/test/auto/matrixType5.xml
1 ms. Memory: 516096K Free: 349157K (68%)
----------------- Invoking toplevel() on ptolemy.moml.MoMLSimpleApplication@308bff7
----------------- Done invoking toplevel() on ptolemy.moml.MoMLSimpleApplication@308bff7
reloadAllAccessors: .matrixType5

===========================================================================================
----------------- testing Thu Jun 27 04:48:30 UTC 2019 /home/travis/build/icyphy/ptII/ptolemy/actor/lib/test/auto/matrixType6.xml
----------------- Instantiating /home/travis/build/icyphy/ptII/ptolemy/actor/lib/test/auto/matrixType6.xml
1 ms. Memory: 516096K Free: 344551K (67%)
----------------- Invoking toplevel() on ptolemy.moml.MoMLSimpleApplication@101e3e97
----------------- Done invoking toplevel() on ptolemy.moml.MoMLSimpleApplication@101e3e97
reloadAllAccessors: .matrixType6

===========================================================================================
----------------- testing Thu Jun 27 04:48:30 UTC 2019 /home/travis/build/icyphy/ptII/ptolemy/actor/lib/test/auto/matrixType7.xml
----------------- Instantiating /home/travis/build/icyphy/ptII/ptolemy/actor/lib/test/auto/matrixType7.xml
2 ms. Memory: 516096K Free: 339941K (66%)
----------------- Invoking toplevel() on ptolemy.moml.MoMLSimpleApplication@1e76447b
----------------- Done invoking toplevel() on ptolemy.moml.MoMLSimpleApplication@1e76447b
reloadAllAccessors: .matrixType7

===========================================================================================
----------------- testing Thu Jun 27 04:48:30 UTC 2019 /home/travis/build/icyphy/ptII/ptolemy/actor/lib/test/auto/matrixType8.xml
----------------- Instantiating /home/travis/build/icyphy/ptII/ptolemy/actor/lib/test/auto/matrixType8.xml
3 ms. Memory: 516096K Free: 334821K (65%)
----------------- Invoking toplevel() on ptolemy.moml.MoMLSimpleApplication@339acf57
----------------- Done invoking toplevel() on ptolemy.moml.MoMLSimpleApplication@339acf57
reloadAllAccessors: .matrixType8

===========================================================================================
----------------- testing Thu Jun 27 04:48:30 UTC 2019 /home/travis/build/icyphy/ptII/ptolemy/actor/lib/test/auto/matrixType9.xml
----------------- Instantiating /home/travis/build/icyphy/ptII/ptolemy/actor/lib/test/auto/matrixType9.xml
1 ms. Memory: 516096K Free: 330215K (64%)
----------------- Invoking toplevel() on ptolemy.moml.MoMLSimpleApplication@40473d8c
----------------- Done invoking toplevel() on ptolemy.moml.MoMLSimpleApplication@40473d8c
reloadAllAccessors: .matrixType9

===========================================================================================
----------------- testing Thu Jun 27 04:48:30 UTC 2019 /home/travis/build/icyphy/ptII/ptolemy/actor/lib/test/auto/paraFunctest.xml
----------------- Instantiating /home/travis/build/icyphy/ptII/ptolemy/actor/lib/test/auto/paraFunctest.xml
1 ms. Memory: 516096K Free: 326629K (63%)
----------------- Invoking toplevel() on ptolemy.moml.MoMLSimpleApplication@3c9c101f
----------------- Done invoking toplevel() on ptolemy.moml.MoMLSimpleApplication@3c9c101f
reloadAllAccessors: .paraFunctest

===========================================================================================
----------------- testing Thu Jun 27 04:48:30 UTC 2019 /home/travis/build/icyphy/ptII/ptolemy/actor/lib/test/auto/paraFunctest2.xml
----------------- Instantiating /home/travis/build/icyphy/ptII/ptolemy/actor/lib/test/auto/paraFunctest2.xml
2 ms. Memory: 516096K Free: 321509K (62%)
----------------- Invoking toplevel() on ptolemy.moml.MoMLSimpleApplication@77ef2221
----------------- Done invoking toplevel() on ptolemy.moml.MoMLSimpleApplication@77ef2221
reloadAllAccessors: .paraFunctest2

===========================================================================================
----------------- testing Thu Jun 27 04:48:30 UTC 2019 /home/travis/build/icyphy/ptII/ptolemy/actor/lib/test/auto/parameterPassing.xml
----------------- Instantiating /home/travis/build/icyphy/ptII/ptolemy/actor/lib/test/auto/parameterPassing.xml
1 ms. Memory: 516096K Free: 317413K (62%)
----------------- Invoking toplevel() on ptolemy.moml.MoMLSimpleApplication@6ba34a0f
----------------- Done invoking toplevel() on ptolemy.moml.MoMLSimpleApplication@6ba34a0f
reloadAllAccessors: .parameterPassing

===========================================================================================
----------------- testing Thu Jun 27 04:48:30 UTC 2019 /home/travis/build/icyphy/ptII/ptolemy/actor/lib/test/auto/record.xml
----------------- Instantiating /home/travis/build/icyphy/ptII/ptolemy/actor/lib/test/auto/record.xml
3 ms. Memory: 516096K Free: 312293K (61%)
----------------- Invoking toplevel() on ptolemy.moml.MoMLSimpleApplication@7363def0
----------------- Done invoking toplevel() on ptolemy.moml.MoMLSimpleApplication@7363def0
reloadAllAccessors: .record

===========================================================================================
----------------- testing Thu Jun 27 04:48:30 UTC 2019 /home/travis/build/icyphy/ptII/ptolemy/actor/lib/test/auto/sizedarray1.xml
----------------- Instantiating /home/travis/build/icyphy/ptII/ptolemy/actor/lib/test/auto/sizedarray1.xml
2 ms. Memory: 516096K Free: 307173K (60%)
----------------- Invoking toplevel() on ptolemy.moml.MoMLSimpleApplication@62b280c9
----------------- Done invoking toplevel() on ptolemy.moml.MoMLSimpleApplication@62b280c9
reloadAllAccessors: .sizedarray1

===========================================================================================
----------------- testing Thu Jun 27 04:48:30 UTC 2019 /home/travis/build/icyphy/ptII/ptolemy/actor/lib/test/auto/sizedarray2.xml
----------------- Instantiating /home/travis/build/icyphy/ptII/ptolemy/actor/lib/test/auto/sizedarray2.xml
3 ms. Memory: 516096K Free: 301543K (58%)
----------------- Invoking toplevel() on ptolemy.moml.MoMLSimpleApplication@7721b3b2
----------------- Done invoking toplevel() on ptolemy.moml.MoMLSimpleApplication@7721b3b2
reloadAllAccessors: .sizedarray2

===========================================================================================
----------------- testing Thu Jun 27 04:48:30 UTC 2019 /home/travis/build/icyphy/ptII/ptolemy/actor/lib/test/auto/twoPublishers.xml
----------------- Instantiating /home/travis/build/icyphy/ptII/ptolemy/actor/lib/test/auto/twoPublishers.xml
7 ms. Memory: 516096K Free: 290775K (56%)
----------------- Invoking toplevel() on ptolemy.moml.MoMLSimpleApplication@483a5df9
----------------- Done invoking toplevel() on ptolemy.moml.MoMLSimpleApplication@483a5df9
reloadAllAccessors: .twoPublishers
AutoTests.java: About to close Vertx.
AutoTests.java: Vertx closed.
]]></system-out>
  <system-err><![CDATA[java.lang.RuntimeException: Execution failed
	at ptolemy.moml.MoMLSimpleApplication$UnloadThread.run(MoMLSimpleApplication.java:402)
Caused by: java.lang.RuntimeException: StringUtilities.exit() was called. Normally, we would exit here because Manager.exitAfterWrapup() was called.  However, because the ptolemy.ptII.exitAfterWrapup property is set, we throw this exception instead.
	at ptolemy.util.StringUtilities.exit(StringUtilities.java:363)
	at ptolemy.actor.Manager.wrapup(Manager.java:1531)
	at ptolemy.actor.Manager.execute(Manager.java:407)
	at ptolemy.actor.Manager.run(Manager.java:1263)
	at ptolemy.actor.Manager$PtolemyRunThread.run(Manager.java:1915)
Warning: '.top.test' is in training mode, set the trainingMode parameter to false before checking in
Warning: '.top.test' is in training mode, set the trainingMode parameter to false before checking in
Warning: '.top.test' is in training mode, set the trainingMode parameter to false before checking in
Warning: '.BooleanSwitch_RegressionTest_WrongTrainingValues.Test' is in training mode, set the trainingMode parameter to false before checking in
Warning: '.BooleanSwitch_RegressionTest_WrongTrainingValues.Test2' is in training mode, set the trainingMode parameter to false before checking in
Warning: '.BooleanSwitch_RegressionTest_WrongTrainingValues.Test2' The test produced 0 tokens.
Warning: '.top.testExceptionHandler' is in training mode, set the trainingMode parameter to false before checking in
java.lang.RuntimeException: Execution failed
	at ptolemy.moml.MoMLSimpleApplication$UnloadThread.run(MoMLSimpleApplication.java:402)
Caused by: ptolemy.kernel.util.IllegalActionException: PublisherPorts cannot be used at the top level, use a Publisher actor instead.
  in .PublisherPortToplevelSubscriber.PublisherPort
	at ptolemy.actor.PublisherPort.preinitialize(PublisherPort.java:403)
	at ptolemy.actor.CompositeActor.preinitialize(CompositeActor.java:1769)
	at ptolemy.actor.Manager.preinitializeAndResolveTypes(Manager.java:1040)
	at ptolemy.actor.Manager.initialize(Manager.java:710)
	at ptolemy.actor.Manager.execute(Manager.java:356)
	at ptolemy.actor.Manager.run(Manager.java:1263)
	at ptolemy.actor.Manager$PtolemyRunThread.run(Manager.java:1915)
java.lang.reflect.InvocationTargetException
	at java.base/jdk.internal.reflect.NativeConstructorAccessorImpl.newInstance0(Native Method)
	at java.base/jdk.internal.reflect.NativeConstructorAccessorImpl.newInstance(NativeConstructorAccessorImpl.java:62)
	at java.base/jdk.internal.reflect.DelegatingConstructorAccessorImpl.newInstance(DelegatingConstructorAccessorImpl.java:45)
	at java.base/java.lang.reflect.Constructor.newInstance(Constructor.java:490)
	at ptolemy.util.test.junit.AutoKnownFailedTests.RunModel(AutoKnownFailedTests.java:105)
	at java.base/jdk.internal.reflect.NativeMethodAccessorImpl.invoke0(Native Method)
	at java.base/jdk.internal.reflect.NativeMethodAccessorImpl.invoke(NativeMethodAccessorImpl.java:62)
	at java.base/jdk.internal.reflect.DelegatingMethodAccessorImpl.invoke(DelegatingMethodAccessorImpl.java:43)
	at java.base/java.lang.reflect.Method.invoke(Method.java:566)
	at org.junit.runners.model.FrameworkMethod$1.runReflectiveCall(FrameworkMethod.java:44)
	at org.junit.internal.runners.model.ReflectiveCallable.run(ReflectiveCallable.java:15)
	at org.junit.runners.model.FrameworkMethod.invokeExplosively(FrameworkMethod.java:41)
	at junitparams.internal.InvokeParameterisedMethod.evaluate(InvokeParameterisedMethod.java:102)
	at org.junit.internal.runners.statements.FailOnTimeout$1.run(FailOnTimeout.java:28)
Caused by: ptolemy.kernel.util.IllegalActionException: PublisherPorts cannot be used at the top level, use a Publisher actor instead.
  in .PublisherPortToplevelSubscriber.PublisherPort
	at ptolemy.actor.PublisherPort.preinitialize(PublisherPort.java:403)
	at ptolemy.actor.CompositeActor.preinitialize(CompositeActor.java:1769)
	at ptolemy.actor.Manager.preinitializeAndResolveTypes(Manager.java:1040)
	at ptolemy.actor.Manager.initialize(Manager.java:710)
	at ptolemy.actor.Manager.execute(Manager.java:356)
	at ptolemy.actor.Manager.run(Manager.java:1263)
	at ptolemy.actor.Manager$PtolemyRunThread.run(Manager.java:1915)
java.lang.RuntimeException: Execution failed
	at ptolemy.moml.MoMLSimpleApplication$UnloadThread.run(MoMLSimpleApplication.java:402)
Caused by: ptolemy.kernel.util.IllegalActionException: SubscriberPorts cannot be used at the top level, use a Subscriber actor instead.
  in .PublisherSubscriberPortToplevel.SubscriberPort
	at ptolemy.actor.SubscriberPort.preinitialize(SubscriberPort.java:328)
	at ptolemy.actor.CompositeActor.preinitialize(CompositeActor.java:1769)
	at ptolemy.actor.Manager.preinitializeAndResolveTypes(Manager.java:1040)
	at ptolemy.actor.Manager.initialize(Manager.java:710)
	at ptolemy.actor.Manager.execute(Manager.java:356)
	at ptolemy.actor.Manager.run(Manager.java:1263)
	at ptolemy.actor.Manager$PtolemyRunThread.run(Manager.java:1915)
java.lang.reflect.InvocationTargetException
	at java.base/jdk.internal.reflect.NativeConstructorAccessorImpl.newInstance0(Native Method)
	at java.base/jdk.internal.reflect.NativeConstructorAccessorImpl.newInstance(NativeConstructorAccessorImpl.java:62)
	at java.base/jdk.internal.reflect.DelegatingConstructorAccessorImpl.newInstance(DelegatingConstructorAccessorImpl.java:45)
	at java.base/java.lang.reflect.Constructor.newInstance(Constructor.java:490)
	at ptolemy.util.test.junit.AutoKnownFailedTests.RunModel(AutoKnownFailedTests.java:105)
	at java.base/jdk.internal.reflect.NativeMethodAccessorImpl.invoke0(Native Method)
	at java.base/jdk.internal.reflect.NativeMethodAccessorImpl.invoke(NativeMethodAccessorImpl.java:62)
	at java.base/jdk.internal.reflect.DelegatingMethodAccessorImpl.invoke(DelegatingMethodAccessorImpl.java:43)
	at java.base/java.lang.reflect.Method.invoke(Method.java:566)
	at org.junit.runners.model.FrameworkMethod$1.runReflectiveCall(FrameworkMethod.java:44)
	at org.junit.internal.runners.model.ReflectiveCallable.run(ReflectiveCallable.java:15)
	at org.junit.runners.model.FrameworkMethod.invokeExplosively(FrameworkMethod.java:41)
	at junitparams.internal.InvokeParameterisedMethod.evaluate(InvokeParameterisedMethod.java:102)
	at org.junit.internal.runners.statements.FailOnTimeout$1.run(FailOnTimeout.java:28)
Caused by: ptolemy.kernel.util.IllegalActionException: SubscriberPorts cannot be used at the top level, use a Subscriber actor instead.
  in .PublisherSubscriberPortToplevel.SubscriberPort
	at ptolemy.actor.SubscriberPort.preinitialize(SubscriberPort.java:328)
	at ptolemy.actor.CompositeActor.preinitialize(CompositeActor.java:1769)
	at ptolemy.actor.Manager.preinitializeAndResolveTypes(Manager.java:1040)
	at ptolemy.actor.Manager.initialize(Manager.java:710)
	at ptolemy.actor.Manager.execute(Manager.java:356)
	at ptolemy.actor.Manager.run(Manager.java:1263)
	at ptolemy.actor.Manager$PtolemyRunThread.run(Manager.java:1915)
java.lang.RuntimeException: Execution failed
	at ptolemy.moml.MoMLSimpleApplication$UnloadThread.run(MoMLSimpleApplication.java:402)
Caused by: ptolemy.kernel.util.IllegalActionException: SubscriptionAggregatorPorts cannot be used at the top level, use a SubscriptionAggregator actor instead.
  in .PublisherSubscriptionAggregatorPort.SubscriptionAggregatorPort
	at ptolemy.actor.SubscriptionAggregatorPort.preinitialize(SubscriptionAggregatorPort.java:353)
	at ptolemy.actor.CompositeActor.preinitialize(CompositeActor.java:1769)
	at ptolemy.actor.Manager.preinitializeAndResolveTypes(Manager.java:1040)
	at ptolemy.actor.Manager.initialize(Manager.java:710)
	at ptolemy.actor.Manager.execute(Manager.java:356)
	at ptolemy.actor.Manager.run(Manager.java:1263)
	at ptolemy.actor.Manager$PtolemyRunThread.run(Manager.java:1915)
java.lang.reflect.InvocationTargetException
	at java.base/jdk.internal.reflect.NativeConstructorAccessorImpl.newInstance0(Native Method)
	at java.base/jdk.internal.reflect.NativeConstructorAccessorImpl.newInstance(NativeConstructorAccessorImpl.java:62)
	at java.base/jdk.internal.reflect.DelegatingConstructorAccessorImpl.newInstance(DelegatingConstructorAccessorImpl.java:45)
	at java.base/java.lang.reflect.Constructor.newInstance(Constructor.java:490)
	at ptolemy.util.test.junit.AutoKnownFailedTests.RunModel(AutoKnownFailedTests.java:105)
	at java.base/jdk.internal.reflect.NativeMethodAccessorImpl.invoke0(Native Method)
	at java.base/jdk.internal.reflect.NativeMethodAccessorImpl.invoke(NativeMethodAccessorImpl.java:62)
	at java.base/jdk.internal.reflect.DelegatingMethodAccessorImpl.invoke(DelegatingMethodAccessorImpl.java:43)
	at java.base/java.lang.reflect.Method.invoke(Method.java:566)
	at org.junit.runners.model.FrameworkMethod$1.runReflectiveCall(FrameworkMethod.java:44)
	at org.junit.internal.runners.model.ReflectiveCallable.run(ReflectiveCallable.java:15)
	at org.junit.runners.model.FrameworkMethod.invokeExplosively(FrameworkMethod.java:41)
	at junitparams.internal.InvokeParameterisedMethod.evaluate(InvokeParameterisedMethod.java:102)
	at org.junit.internal.runners.statements.FailOnTimeout$1.run(FailOnTimeout.java:28)
Caused by: ptolemy.kernel.util.IllegalActionException: SubscriptionAggregatorPorts cannot be used at the top level, use a SubscriptionAggregator actor instead.
  in .PublisherSubscriptionAggregatorPort.SubscriptionAggregatorPort
	at ptolemy.actor.SubscriptionAggregatorPort.preinitialize(SubscriptionAggregatorPort.java:353)
	at ptolemy.actor.CompositeActor.preinitialize(CompositeActor.java:1769)
	at ptolemy.actor.Manager.preinitializeAndResolveTypes(Manager.java:1040)
	at ptolemy.actor.Manager.initialize(Manager.java:710)
	at ptolemy.actor.Manager.execute(Manager.java:356)
	at ptolemy.actor.Manager.run(Manager.java:1263)
	at ptolemy.actor.Manager$PtolemyRunThread.run(Manager.java:1915)
java.lang.RuntimeException: Execution failed
	at ptolemy.moml.MoMLSimpleApplication$UnloadThread.run(MoMLSimpleApplication.java:402)
Caused by: ptolemy.kernel.util.IllegalActionException: TypeTest actor has no training data.
  in .sizedarray3.TypeTest
	at ptolemy.actor.lib.TypeTest.initialize(TypeTest.java:250)
	at ptolemy.actor.Director.initialize(Director.java:938)
	at ptolemy.actor.Director.initialize(Director.java:907)
	at ptolemy.actor.sched.StaticSchedulingDirector.initialize(StaticSchedulingDirector.java:159)
	at ptolemy.domains.sdf.kernel.SDFDirector.initialize(SDFDirector.java:544)
	at ptolemy.actor.CompositeActor.initialize(CompositeActor.java:935)
	at ptolemy.actor.Manager.initialize(Manager.java:724)
	at ptolemy.actor.Manager.execute(Manager.java:356)
	at ptolemy.actor.Manager.run(Manager.java:1263)
	at ptolemy.actor.Manager$PtolemyRunThread.run(Manager.java:1915)
java.lang.reflect.InvocationTargetException
	at java.base/jdk.internal.reflect.NativeConstructorAccessorImpl.newInstance0(Native Method)
	at java.base/jdk.internal.reflect.NativeConstructorAccessorImpl.newInstance(NativeConstructorAccessorImpl.java:62)
	at java.base/jdk.internal.reflect.DelegatingConstructorAccessorImpl.newInstance(DelegatingConstructorAccessorImpl.java:45)
	at java.base/java.lang.reflect.Constructor.newInstance(Constructor.java:490)
	at ptolemy.util.test.junit.AutoKnownFailedTests.RunModel(AutoKnownFailedTests.java:105)
	at java.base/jdk.internal.reflect.NativeMethodAccessorImpl.invoke0(Native Method)
	at java.base/jdk.internal.reflect.NativeMethodAccessorImpl.invoke(NativeMethodAccessorImpl.java:62)
	at java.base/jdk.internal.reflect.DelegatingMethodAccessorImpl.invoke(DelegatingMethodAccessorImpl.java:43)
	at java.base/java.lang.reflect.Method.invoke(Method.java:566)
	at org.junit.runners.model.FrameworkMethod$1.runReflectiveCall(FrameworkMethod.java:44)
	at org.junit.internal.runners.model.ReflectiveCallable.run(ReflectiveCallable.java:15)
	at org.junit.runners.model.FrameworkMethod.invokeExplosively(FrameworkMethod.java:41)
	at junitparams.internal.InvokeParameterisedMethod.evaluate(InvokeParameterisedMethod.java:102)
	at org.junit.internal.runners.statements.FailOnTimeout$1.run(FailOnTimeout.java:28)
Caused by: ptolemy.kernel.util.IllegalActionException: TypeTest actor has no training data.
  in .sizedarray3.TypeTest
	at ptolemy.actor.lib.TypeTest.initialize(TypeTest.java:250)
	at ptolemy.actor.Director.initialize(Director.java:938)
	at ptolemy.actor.Director.initialize(Director.java:907)
	at ptolemy.actor.sched.StaticSchedulingDirector.initialize(StaticSchedulingDirector.java:159)
	at ptolemy.domains.sdf.kernel.SDFDirector.initialize(SDFDirector.java:544)
	at ptolemy.actor.CompositeActor.initialize(CompositeActor.java:935)
	at ptolemy.actor.Manager.initialize(Manager.java:724)
	at ptolemy.actor.Manager.execute(Manager.java:356)
	at ptolemy.actor.Manager.run(Manager.java:1263)
	at ptolemy.actor.Manager$PtolemyRunThread.run(Manager.java:1915)
java.lang.RuntimeException: Execution failed
	at ptolemy.moml.MoMLSimpleApplication$UnloadThread.run(MoMLSimpleApplication.java:402)
Caused by: ptolemy.kernel.util.IllegalActionException: Test fails in iteration 0.
Value was: "WARNING: An illegal reflective access operation has occurred\nWARNING: Illegal reflective access by io.netty.util.internal.ReflectionUtil (file:/home/travis/build/icyphy/ptII/lib/netty-common-4.1.19.Final.jar) to constructor java.nio.DirectByteBuffer(long,int)\nWARNING: Please consider reporting this to the maintainers of io.netty.util.internal.ReflectionUtil\nWARNING: Use --illegal-access=warn to enable warnings of further illegal reflective access operations\nWARNING: All illegal access operations will be denied in a future release\n". Should have been: ""
  in .ExecRunDemos.Test
	at ptolemy.actor.lib.Test.fire(Test.java:268)
	at ptolemy.actor.AtomicActor.iterate(AtomicActor.java:512)
	at ptolemy.actor.sched.StaticSchedulingDirector.fire(StaticSchedulingDirector.java:216)
	at ptolemy.domains.sdf.kernel.SDFDirector.fire(SDFDirector.java:500)
	at ptolemy.actor.CompositeActor.fire(CompositeActor.java:455)
	at ptolemy.actor.Manager.iterate(Manager.java:851)
	at ptolemy.actor.Manager.execute(Manager.java:369)
	at ptolemy.actor.Manager.run(Manager.java:1263)
	at ptolemy.actor.Manager$PtolemyRunThread.run(Manager.java:1915)
]]></system-err>
</testsuite>
