<?xml version="1.0" encoding="UTF-8" ?>
<testsuite errors="0" failures="0" hostname="travis-job-2a96f681-a2ae-46b0-ba1b-b6b8fe7bbc6b" name="ptolemy.domains.de.test.junit.JUnitTclTest" skipped="0" tests="101" time="129.302" timestamp="2018-09-10T02:45:11">
  <properties>
    <property name="npm.executable" value="npm" />
    <property name="file.encoding.pkg" value="sun.io" />
    <property name="ptII.mk.exists" value="true" />
    <property name="env.rvm_bin_path" value="/home/travis/.rvm/bin" />
    <property name="java.home" value="/usr/lib/jvm/java-8-oracle/jre" />
    <property name="env.TRAVIS_JOB_NUMBER" value="725.9" />
    <property name="env.DISPLAY" value=":99.0" />
    <property name="java.net.preferIPv4Stack" value="true" />
    <property name="env.TRAVIS_INIT" value="upstart" />
    <property name="env.SSH_TTY" value="/dev/pts/0" />
    <property name="env.RUN_TESTS" value="false" />
    <property name="timeout.short" value="1000000" />
    <property name="env.TRAVIS_STACK_NODE_ATTRIBUTES" value="/.node-attributes.yml" />
    <property name="junit.formatter" value="xml" />
    <property name="java.endorsed.dirs" value="/usr/lib/jvm/java-8-oracle/jre/lib/endorsed" />
    <property name="env.TRAVIS_SUDO" value="true" />
    <property name="env.LOGNAME" value="travis" />
    <property name="jsdoc.home" value="node_modules/@terraswarm/jsdoc" />
    <property name="debuglevel" value="source,lines,vars" />
    <property name="checkstyle.formatter" value="xml" />
    <property name="bin.vergil.makeable" value="true" />
    <property name="env._system_version" value="14.04" />
    <property name="sun.os.patch.level" value="unknown" />
    <property name="java.vendor.url" value="http://java.oracle.com/" />
    <property name="java.version" value="1.8.0_151" />
    <property name="env.TZ" value="UTC" />
    <property name="env.PT_NO_NET" value="true" />
    <property name="env.TRAVIS_PULL_REQUEST_SHA" value="" />
    <property name="env.TRAVIS_SECURE_ENV_VARS" value="true" />
    <property name="env._system_type" value="Linux" />
    <property name="java.vendor.url.bug" value="http://bugreport.sun.com/bugreport/" />
    <property name="env.SSH_CLIENT" value="10.10.16.2 48310 22" />
    <property name="npmjs-org-is-up" value="true" />
    <property name="env.GEM_HOME" value="/home/travis/.rvm/gems/ruby-2.4.1" />
    <property name="env.HAS_ANTARES_THREE_LITTLE_FRONZIES_BADGE" value="true" />
    <property name="env.PS4" value="+" />
    <property name="ant.project.invoked-targets" value="build,test.core2.xml" />
    <property name="env.TRAVIS_PULL_REQUEST_BRANCH" value="" />
    <property name="env.TRAVIS_REPO_SLUG" value="icyphy/ptII" />
    <property name="node.in.path" value="true" />
    <property name="java.maxmemory" value="1400m" />
    <property name="env.RUBY_VERSION" value="ruby-2.4.1" />
    <property name="user.name" value="travis" />
    <property name="env.LANG" value="en_US.UTF-8" />
    <property name="sun.io.unicode.encoding" value="UnicodeLittle" />
    <property name="sun.jnu.encoding" value="UTF-8" />
    <property name="java.runtime.name" value="Java(TM) SE Runtime Environment" />
    <property name="usefile" value="false" />
    <property name="return.code" value="0" />
    <property name="junit.single.formatter" value="plain" />
    <property name="env.DYLD_LIBRARY_PATH" value="/home/travis/pthla/certi-tools/lib:" />
    <property name="env.DEBIAN_FRONTEND" value="noninteractive" />
    <property name="env.SSH_CONNECTION" value="10.10.16.2 48310 10.20.0.56 22" />
    <property name="env.MYSQL_UNIX_PORT" value="/var/run/mysqld/mysqld.sock" />
    <property name="env.TRAVIS_ALLOW_FAILURE" value="false" />
    <property name="env.LC_ALL" value="en_US.UTF-8" />
    <property name="java.specification.name" value="Java Platform API Specification" />
    <property name="node.works" value="true" />
    <property name="user.timezone" value="" />
    <property name="path.separator" value=":" />
    <property name="env.PYTHON_CFLAGS" value="-g -fstack-protector --param=ssp-buffer-size=4 -Wformat -Werror=format-security" />
    <property name="timeout.long" value="4000000" />
    <property name="env.CERTI_HOME" value="/home/travis/pthla/certi-tools" />
    <property name="file.encoding" value="UTF-8" />
    <property name="ant.file.ptII" value="/home/travis/build/icyphy/ptII/build.xml" />
    <property name="javadoc.packagenames" value="com.*,diva.*,lbnl.*,org.hlacerti.*,org.json.*,org.ptolemy.*,org.terraswarm.*,ptolemy.*,ptserver.*" />
    <property name="env.TRAVIS_PULL_REQUEST_SLUG" value="" />
    <property name="ant.project.default-target" value="build" />
    <property name="env.GIT_ASKPASS" value="echo" />
    <property name="env.HOME" value="/home/travis" />
    <property name="sun.java.command" value="org.apache.tools.ant.taskdefs.optional.junit.JUnitTestRunner ptolemy.domains.de.test.junit.JUnitTclTest skipNonTests=false filtertrace=true haltOnError=false haltOnFailure=false formatter=org.apache.tools.ant.taskdefs.optional.junit.OutErrSummaryJUnitResultFormatter showoutput=true outputtoformatters=true logfailedtests=true threadid=0 logtestlistenerevents=false formatter=org.apache.tools.ant.taskdefs.optional.junit.XMLJUnitResultFormatter,/home/travis/build/icyphy/ptII/reports/junit/TEST-ptolemy.domains.de.test.junit.JUnitTclTest.xml crashfile=/home/travis/build/icyphy/ptII/junitvmwatcher1372467828415604546.properties propsfile=/home/travis/build/icyphy/ptII/junit440123368996407385.properties" />
    <property name="env.MANPATH" value="/home/travis/.nvm/versions/node/v7.10.1/share/man:/home/travis/.kiex/elixirs/elixir-1.4.5/man:/home/travis/.rvm/rubies/ruby-2.4.1/share/man:/usr/local/man:/usr/local/cmake-3.9.2/man:/usr/local/clang-5.0.0/share/man:/usr/local/share/man:/usr/share/man:/home/travis/.rvm/man" />
    <property name="env.COMPOSER_NO_INTERACTION" value="1" />
    <property name="env.JDK_SWITCHER_DEFAULT" value="oraclejdk8" />
    <property name="ant.file" value="/home/travis/build/icyphy/ptII/build.xml" />
    <property name="env.TRAVIS_COMMIT_RANGE" value="c044cb6dc88aec8d9f1ff10d3d6a6137edbceeff...0ab21fb3a645caa3718ae0e80a93ee8e243b51e9" />
    <property name="env._system_name" value="Ubuntu" />
    <property name="timeout" value="2400000" />
    <property name="ptII.classpath.optional.property" value="/home/travis/build/icyphy/ptII/lib/bsh-2.0b4.jar:/home/travis/build/icyphy/ptII/lib/ptCal.jar:/home/travis/build/icyphy/ptII/lib/java_cup.jar:/home/travis/build/icyphy/ptII/lib/saxon8.jar:/home/travis/build/icyphy/ptII/lib/saxon8-dom.jar:/home/travis/build/icyphy/ptII/lib/chic.jar:/home/travis/build/icyphy/ptII/lib/ptcolt.jar:/usr/lib/jvm/java-8-oracle/lib/tools.jar:/usr/lib/eclipse/plugins/org.eclipse.jdt.core_3.8.2.dist.jar:/usr/lib/eclipse/plugins/org.eclipse.core.runtime_3.8.0.dist.jar:/usr/lib/eclipse/plugins/org.eclipse.osgi_3.8.1.dist.jar:/usr/lib/eclipse/plugins/org.eclipse.core.resources_3.8.1.dist.jar:/usr/lib/eclipse/plugins/org.eclipse.equinox.common_3.6.100.dist.jar:/usr/lib/eclipse/plugins/org.eclipse.core.jobs_3.5.200.dist.jar:/usr/lib/eclipse/plugins/org.eclipse.core.contenttype_3.4.200.dist.jar:/usr/lib/eclipse/plugins/org.eclipse.equinox.preferences_3.5.0.dist.jar:/usr/lib/eclipse/plugins/org.eclipse.text_3.5.200.dist.jar:/usr/lib/eclipse/plugins/org.eclipse.ui.workbench_3.8.1.dist.jar:/usr/lib/eclipse/plugins/org.eclipse.jface_3.8.0.dist.jar:/usr/lib/eclipse/plugins/org.eclipse.swt_3.8.2.jar:/usr/lib/eclipse/plugins/org.eclipse.jface.text_3.8.1.dist.jar:/usr/lib/eclipse/plugins/org.eclipse.ui.workbench.texteditor_3.8.0.dist.jar:/usr/lib/eclipse/plugins/org.eclipse.ui.editors_3.8.0.dist.jar:/usr/lib/eclipse/plugins/org.eclipse.core.commands_3.6.1.dist.jar:/usr/lib/eclipse/plugins/org.eclipse.equinox.registry_3.5.200.dist.jar:/usr/lib/eclipse/plugins/org.eclipse.ui.console_3.5.100.dist.jar:/usr/lib/eclipse/plugins/org.eclipse.ui.forms_3.5.200.dist.jar:/usr/lib/eclipse/plugins/org.eclipse.ui.ide_3.8.1.dist.jar:/home/travis/build/icyphy/ptII/vendors/oracle/dbxml.jar:/home/travis/build/icyphy/ptII/vendors/oracle/db.jar:/home/travis/build/icyphy/ptII/vendors/misc/itext/iText.jar:/home/travis/build/icyphy/ptII/lib/g4ltl.jar:/home/travis/build/icyphy/ptII/lib/StructuralCoder.jar:/home/travis/build/icyphy/ptII/lib/org-openide-util.jar:/home/travis/build/icyphy/ptII/lib/org-openide-util-lookup.jar:/home/travis/build/icyphy/ptII/lib/org-netbeans-api-visual.jar:/home/travis/build/icyphy/ptII/vendors/jai-1_1_2_01/lib/jai_core.jar:/home/travis/build/icyphy/ptII/vendors/jai-1_1_2_01/lib/jai_codec.jar:/home/travis/build/icyphy/ptII/lib/jcerti.jar:/home/travis/build/icyphy/ptII/lib/smack.jar:/home/travis/build/icyphy/ptII/lib/smackx.jar:/home/travis/build/icyphy/ptII/lib/jetty-all-8.1.5-v20120716.jar:/home/travis/build/icyphy/ptII/lib/javax.servlet-api-3.0.1.jar:/home/travis/build/icyphy/ptII/lib/javax.mail.jar:/home/travis/build/icyphy/ptII/vendors/JMF-2.1.1e/lib/jmf.jar:/home/travis/build/icyphy/ptII/lib/jna-4.0.0-variadic.jar:/home/travis/build/icyphy/ptII/vendors/misc/joystick/Joystick.jar:/home/travis/build/icyphy/ptII/lib/ptjacl.jar:/home/travis/build/icyphy/ptII/lib/jsoup-1.8.2.jar:/home/travis/build/icyphy/ptII/lib/junit-4.8.2.jar:/home/travis/build/icyphy/ptII/lib/JUnitParams-0.4.0.jar:/home/travis/build/icyphy/ptII/ptolemy/actor/lib/excel/jxl.jar:/home/travis/build/icyphy/ptII/lib/jython.jar:/home/travis/build/icyphy/ptII/lib/kieler.jar:/home/travis/build/icyphy/ptII/vendors/opencv/share/OpenCV/java/opencv-341.jar:/home/travis/build/icyphy/ptII/lib/oscP5.jar:/home/travis/build/icyphy/ptII/lib/nrjavaserial-3.11.0.devel.jar:/home/travis/build/icyphy/ptII/vendors/j3d/lib/j3dcore.jar:/home/travis/build/icyphy/ptII/vendors/j3d/lib/j3dutils.jar:/home/travis/build/icyphy/ptII/vendors/j3d/lib/vecmath.jar:/home/travis/build/icyphy/ptII/ptolemy/distributed/jini/jar/jini-core.jar:/home/travis/build/icyphy/ptII/ptolemy/distributed/jini/jar/jini-ext.jar:/home/travis/build/icyphy/ptII/ptolemy/distributed/jini/jar/sun-util.jar:/home/travis/build/icyphy/ptII/lib/protobuf-java-2.4.1.jar:/home/travis/build/icyphy/ptII/lib/org.eclipse.paho.client.mqttv3.jar:/home/travis/build/icyphy/ptII/ptserver/lib/hessian-4.0.7.jar:/home/travis/build/icyphy/ptII/ptserver/lib/wmqtt.jar:/home/travis/build/icyphy/ptII/lib/mapss.jar:/home/travis/build/icyphy/ptII/ptolemy/actor/ptalon/antlr/antlr.jar:/home/travis/build/icyphy/ptII/lib/JRI.jar:/home/travis/build/icyphy/ptII/lib/commons-lang-2.6.jar:/home/travis/build/icyphy/ptII/lib/commons-logging-1.1.1.jar:/home/travis/build/icyphy/ptII/lib/sootclasses.jar:/home/travis/build/icyphy/ptII/ptolemy/actor/lib/database/mysql-connector-java-5.1.6-bin.jar:/home/travis/build/icyphy/ptII/vendors/misc/sphinx4/sphinx4-data-5prealpha.jar:/home/travis/build/icyphy/ptII/vendors/misc/sphinx4/sphinx4-core-5prealpha.jar:/home/travis/build/icyphy/ptII/lib/PDFRenderer.jar:/home/travis/build/icyphy/ptII/lib/svgSalamander.jar:/home/travis/build/icyphy/ptII/lib/rsyntaxtextarea-2.6.0-SNAPSHOT.jar:/home/travis/build/icyphy/ptII/lib/hazelcast-3.8.2.jar:/home/travis/build/icyphy/ptII/lib/jackson-annotations-2.9.0.jar:/home/travis/build/icyphy/ptII/lib/jackson-core-2.9.3.jar:/home/travis/build/icyphy/ptII/lib/jackson-databind-2.9.3.jar:/home/travis/build/icyphy/ptII/lib/netty-buffer-4.1.19.Final.jar:/home/travis/build/icyphy/ptII/lib/netty-codec-4.1.19.Final.jar:/home/travis/build/icyphy/ptII/lib/netty-codec-dns-4.1.19.Final.jar:/home/travis/build/icyphy/ptII/lib/netty-codec-http-4.1.19.Final.jar:/home/travis/build/icyphy/ptII/lib/netty-codec-http2-4.1.19.Final.jar:/home/travis/build/icyphy/ptII/lib/netty-common-4.1.19.Final.jar:/home/travis/build/icyphy/ptII/lib/netty-handler-4.1.19.Final.jar:/home/travis/build/icyphy/ptII/lib/netty-resolver-4.1.19.Final.jar:/home/travis/build/icyphy/ptII/lib/netty-resolver-dns-4.1.19.Final.jar:/home/travis/build/icyphy/ptII/lib/netty-transport-4.1.19.Final.jar:/home/travis/build/icyphy/ptII/lib/vertx-codegen-3.5.1.jar:/home/travis/build/icyphy/ptII/lib/vertx-core-3.5.2-SNAPSHOT.jar:/home/travis/build/icyphy/ptII/lib/vertx-hazelcast-3.5.1.jar:/home/travis/build/icyphy/ptII/lib/vertx-lang-js-3.5.1.jar:/home/travis/build/icyphy/ptII/lib/vertx-service-proxy-3.5.1.jar:/home/travis/build/icyphy/ptII/lib/vertx-web-3.5.1.jar:/home/travis/build/icyphy/ptII/lib/slf4j-api-1.7.13.jar:/home/travis/build/icyphy/ptII/lib/slf4j-simple-1.7.13.jar:/home/travis/build/icyphy/ptII/lib/webcam-capture-0.3.12.jar:/home/travis/build/icyphy/ptII/lib/bridj-0.7.0.jar:/home/travis/build/icyphy/ptII/lib/xbjlib-1.1.0.nrjavaserial.jar" />
    <property name="test.batch" value="**/junit/*.java" />
    <property name="env._" value="/usr/bin/timeout" />
    <property name="java.io.tmpdir" value="/tmp" />
    <property name="user.language" value="en" />
    <property name="env.HISTCONTROL" value="ignoredups:ignorespace" />
    <property name="env.GOROOT" value="/home/travis/.gimme/versions/go1.7.4.linux.amd64" />
    <property name="line.separator" value="&#xa;" />
    <property name="target" value="1.8" />
    <property name="env.TRAVIS_BUILD_DIR" value="/home/travis/build/icyphy/ptII" />
    <property name="env.ANT_OPTS" value="-Xmx2048m" />
    <property name="ant.file.type" value="file" />
    <property name="ptolemy.ptII.batchMode" value="true" />
    <property name="env.HISTSIZE" value="1000" />
    <property name="env.MERB_ENV" value="test" />
    <property name="java.vm.info" value="mixed mode" />
    <property name="source" value="1.8" />
    <property name="java.vm.specification.name" value="Java Virtual Machine Specification" />
    <property name="env.TRAVIS_TEST_RESULT" value="0" />
    <property name="jsdoc.command" value="node_modules/@terraswarm/jsdoc/jsdoc.js" />
    <property name="npm.works" value="true" />
    <property name="cobertura.dir" value="/home/travis/build/icyphy/ptII/vendors/cobertura-2.0.3" />
    <property name="env.rvm_path" value="/home/travis/.rvm" />
    <property name="env.GEM_PATH" value="/home/travis/.rvm/gems/ruby-2.4.1:/home/travis/.rvm/gems/ruby-2.4.1@global" />
    <property name="env.LC_CTYPE" value="en_US.UTF-8" />
    <property name="java.awt.printerjob" value="sun.print.PSPrinterJob" />
    <property name="env.TRAVIS_STACK_NAME" value="garnet" />
    <property name="ant.version" value="Apache Ant(TM) version 1.10.1 compiled on February 2 2017" />
    <property name="ptII.reports" value="/home/travis/build/icyphy/ptII/reports" />
    <property name="env.TRAVIS_STACK_TIMESTAMP" value="2017-12-05 19:33:09 UTC" />
    <property name="ant.file.type.ptII" value="file" />
    <property name="env.RBENV_SHELL" value="bash" />
    <property name="os.name" value="Linux" />
    <property name="java.specification.vendor" value="Oracle Corporation" />
    <property name="env.rvm_version" value="1.29.3 (latest)" />
    <property name="env.TERM" value="xterm" />
    <property name="java.vm.name" value="Java HotSpot(TM) 64-Bit Server VM" />
    <property name="env.TRAVIS_BUILD_NUMBER" value="725" />
    <property name="env.CI" value="true" />
    <property name="java.library.path" value="/home/travis/pthla/certi-tools/lib:/usr/lib/jni:/usr/local/share/OpenCV/java/:/usr/share/OpenCV/java::/usr/java/packages/lib/amd64:/usr/lib64:/lib64:/lib:/usr/lib" />
    <property name="env.rvm_prefix" value="/home/travis" />
    <property name="env.PATH" value="/home/travis/pthla/certi-tools/share/scripts:/home/travis/.rvm/gems/ruby-2.4.1/bin:/home/travis/.rvm/gems/ruby-2.4.1@global/bin:/home/travis/.rvm/rubies/ruby-2.4.1/bin:/home/travis/.rvm/bin:/home/travis/.nvm/versions/node/v7.10.1/bin:./node_modules/.bin:/home/travis/build/icyphy/ptII/bin:/home/travis/pthla/certi-tools/bin:/home/travis/bin:/home/travis/.local/bin:/opt/pyenv/shims:/home/travis/.phpenv/shims:/home/travis/perl5/perlbrew/bin:/home/travis/.kiex/elixirs/elixir-1.4.5/bin:/home/travis/.kiex/bin:/home/travis/gopath/bin:/home/travis/.gimme/versions/go1.7.4.linux.amd64/bin:/usr/local/phantomjs/bin:/usr/local/phantomjs:/usr/local/neo4j-3.2.7/bin:/usr/local/maven-3.5.2/bin:/usr/local/cmake-3.9.2/bin:/usr/local/clang-5.0.0/bin:/usr/local/sbin:/usr/local/bin:/usr/sbin:/usr/bin:/sbin:/bin:/home/travis/.phpenv/bin:/opt/pyenv/bin:/home/travis/.yarn/bin" />
    <property name="env.TRAVIS_OS_NAME" value="linux" />
    <property name="ant.java.version" value="1.8" />
    <property name="basedir" value="/home/travis/build/icyphy/ptII" />
    <property name="java.class.version" value="52.0" />
    <property name="env.SHLVL" value="3" />
    <property name="env.LD_LIBRARY_PATH" value="/home/travis/pthla/certi-tools/lib:/usr/lib/jni:/usr/local/share/OpenCV/java/:/usr/share/OpenCV/java:" />
    <property name="env.RACK_ENV" value="test" />
    <property name="ant.home" value="/home/travis/build/icyphy/ptII/ant" />
    <property name="env.NVM_DIR" value="/home/travis/.nvm" />
    <property name="env.PERLBREW_BASHRC_VERSION" value="0.80" />
    <property name="env.CERTI_FOM_PATH" value="/home/travis/pthla/certi-tools/share/federations" />
    <property name="env.TRAVIS_BUILD_ID" value="426492440" />
    <property name="env.PYENV_ROOT" value="/opt/pyenv" />
    <property name="env.TRAVIS_UID" value="2000" />
    <property name="env.rvm_pretty_print_flag" value="auto" />
    <property name="env.NVM_BIN" value="/home/travis/.nvm/versions/node/v7.10.1/bin" />
    <property name="env.TRAVIS_COMMIT" value="0ab21fb3a645caa3718ae0e80a93ee8e243b51e9" />
    <property name="env._system_arch" value="x86_64" />
    <property name="node.executable" value="node" />
    <property name="sun.boot.library.path" value="/usr/lib/jvm/java-8-oracle/jre/lib/amd64" />
    <property name="sun.management.compiler" value="HotSpot 64-Bit Tiered Compilers" />
    <property name="env.GOPATH" value="/home/travis/gopath" />
    <property name="java.awt.graphicsenv" value="sun.awt.X11GraphicsEnvironment" />
    <property name="ptolemy.ptII.dir" value="/home/travis/build/icyphy/ptII" />
    <property name="env.USER" value="travis" />
    <property name="env.HISTFILESIZE" value="2000" />
    <property name="timeout.longest" value="19000000" />
    <property name="env.TRAVIS_STACK_FEATURES" value="basic cassandra chromium couchdb disabled-ipv6 docker docker-compose elasticsearch firefox go-toolchain google-chrome jdk memcached mongodb mysql neo4j nodejs_interpreter perl_interpreter perlbrew phantomjs postgresql python_interpreter rabbitmq redis riak ruby_interpreter sqlite xserver" />
    <property name="env.TRAVIS_PULL_REQUEST" value="false" />
    <property name="env.PYENV_SHELL" value="bash" />
    <property name="ant.project.name" value="ptII" />
    <property name="java.vm.specification.version" value="1.8" />
    <property name="env.TRAVIS_DIST" value="trusty" />
    <property name="env.CERTI_VERSION" value="4.0.0" />
    <property name="env.NLSPATH" value="/usr/dt/lib/nls/msg/%L/%N.cat" />
    <property name="awt.toolkit" value="sun.awt.X11.XToolkit" />
    <property name="env.CERTI_HOST" value="localhost" />
    <property name="env.MY_RUBY_HOME" value="/home/travis/.rvm/rubies/ruby-2.4.1" />
    <property name="sun.cpu.isalist" value="" />
    <property name="java.ext.dirs" value="/usr/lib/jvm/java-8-oracle/jre/lib/ext:/usr/java/packages/lib/ext" />
    <property name="os.version" value="4.4.0-101-generic" />
    <property name="user.home" value="/home/travis" />
    <property name="env.MIX_ARCHIVES" value="/home/travis/.kiex/mix/elixir-1.4.5" />
    <property name="java.vm.vendor" value="Oracle Corporation" />
    <property name="env.TRAVIS_TAG" value="nightly" />
    <property name="env.TRAVIS_FILTERED" value="redirect_io" />
    <property name="env.JAVA_HOME" value="/usr/lib/jvm/java-8-oracle" />
    <property name="env.PTII" value="/home/travis/build/icyphy/ptII" />
    <property name="javadoc.excludepackagenames" value="adm.cvs2svn.*,build.*,config.*,doc.coding.templates.*,jni.test.jni.meaningOfLife.*,jni.test.jni.testDeux.*,jni.test.jni.testTrois.*,org.terraswarm.accessor.accessors.web.node_modules.*,org.terraswarm.accessor.accessors.web.hosts.cordova.demo.*,org.terraswarm.accessor.accessors.web.hosts.cordova.plugins.*,org.terraswarm.accessor.accessors-svn.*,pt-modules.*,ptolemy.apps.agilent.*,ptolemy.apps.anytimecontrol.*,ptolemy.apps.apes.*,ptolemy.apps.charon.*,ptolemy.apps.crazyboard.*,ptolemy.apps.eclipse.*,ptolemy.apps.etherealSting.*,ptolemy.apps.fullscreen.*,ptolemy.apps.giotto.*,ptolemy.apps.ia.*,ptolemy.apps.interfaces.*,ptolemy.apps.jmf.*,ptolemy.apps.kurt.*,ptolemy.apps.kvm.*,ptolemy.apps.lego.*,ptolemy.apps.lejos.*,ptolemy.apps.midp.*,ptolemy.apps.mobileCoding.*,ptolemy.apps.pendulum.*,ptolemy.apps.rijndael.*,ptolemy.apps.robot.*,ptolemy.apps.security.*,ptolemy.apps.sobel.*,ptolemy.apps.soot.*,ptolemy.apps.throttle.*,ptolemy.apps.tini.*,ptolemy.apps.transmission.*,ptolemy.apps.vergil.*,ptolemy.apps.waba.*,ptolemy.apps.websensor.*,ptolemy.apps.webstart.*,ptolemy.apps.xsl.*,ptolemy.apps.zaurus.*,ptolemy.backtrack.eclipse.plugin.*,ptolemy.backtrack.test.*,ptolemy.codegen.c.actor.lib.oldJavaFiles.*,ptolemy.codegen.dsp.lib.*,ptolemy.codegen.kernel.newInterfaces.*,ptolemy.codegen.lib.*,ptolemy.copernicus.kernel.fragment.*,ptolemy.copernicus.shallow.cg.*,ptolemy.domains.giotto.demo.Hierarchy.Hierarchy.*,ptolemy.domains.giotto.demo.Multimode.Multimode.*,ptolemy.domains.giotto.demo.Simple.Simple.*,ptolemy.domains.gr.lib.experimental.*,ptolemy.domains.gro.*,ptolemy.domains.pdf.*,ptolemy.domains.ptinyos.demo.Surge.output.*,ptolemy.moml.test.NoPackageActor.java*,ptolemy.plot.adm.*,ptolemy.plot.servlet.*,reports.*,signed.*,src.*,target.*,vendors.*,ptolemy.cg.adapter.generic.program.procedural.c.mbed*,ptolemy.actor.lib.fmi.fmus.omc*,ptolemy.domains.openmodelica*,ptdb.kernel.bl.save.test.*,ptdb.kernel.bl.load.test.*,ptdb.kernel.bl.search.test.*,ptdb.kernel.bl.migration.test.*,ptdb.kernel.database.test.*,ptdb.test.*,ptdb.gui.test.*,org.ptolemy.scala.*,diva.util.java2d.svg.*,ptolemy.domains.ptinyos.*,ptolemy.actor.lib.fmi.fmipp.*,,org.terraswarm.accessor.accessors.web.node_modules.*,org.terraswarm.accessor.accessors-svn,ptolemy.apps.*,ptolemy.actor.ptalon.demo.ptinyos.SendAndReceiveCnt.output,ptolemy.actor.ptalon.demo.ptinyos.SenseToLeds.output,ptolemy.domains.ptinyos.demo.CntToLedsAndRfm.output,ptolemy.domains.ptinyos.demo.RfmToLeds.output,ptolemy.domains.ptinyos.demo.SendAndReceiveCnt.output,ptolemy.domains.ptinyos.demo.SenseToLeds.output,ptolemy.actor.lib.jjs.modules.udpSocket.*" />
    <property name="env.TRAVIS_COMMIT_MESSAGE" value="Added example where the Turtle format can be used to load a raw ontology into the semantic repo." />
    <property name="keystore" value="ptKeystore" />
    <property name="env.XDG_SESSION_ID" value="2" />
    <property name="junit.output.dir" value="/home/travis/build/icyphy/ptII/reports/junit" />
    <property name="npm.return.code" value="0" />
    <property name="user.dir" value="/home/travis/build/icyphy/ptII/ptolemy/domains/de/test" />
    <property name="env.TRAVIS_NODE_VERSION" value="7" />
    <property name="env.XFILESEARCHPATH" value="/usr/dt/app-defaults/%L/Dt" />
    <property name="env.TRAVIS_EVENT_TYPE" value="cron" />
    <property name="env.MAIL" value="/var/mail/travis" />
    <property name="env.PERLBREW_ROOT" value="/home/travis/perl5/perlbrew" />
    <property name="env.PWD" value="/home/travis/build/icyphy/ptII" />
    <property name="timeout.npm" value="45000" />
    <property name="env.PT_TRAVIS_TEST_CORE2_XML" value="true" />
    <property name="env.PAGER" value="cat" />
    <property name="sun.cpu.endian" value="little" />
    <property name="env.TRAVIS_BUILD_STAGE_NAME" value="Test" />
    <property name="env.PERLBREW_HOME" value="/home/travis/.perlbrew" />
    <property name="env.RAILS_ENV" value="test" />
    <property name="java.vm.version" value="25.151-b12" />
    <property name="java.class.path" value="/home/travis/build/icyphy/ptII:/home/travis/build/icyphy/ptII/lib/bsh-2.0b4.jar:/home/travis/build/icyphy/ptII/lib/ptCal.jar:/home/travis/build/icyphy/ptII/lib/java_cup.jar:/home/travis/build/icyphy/ptII/lib/saxon8.jar:/home/travis/build/icyphy/ptII/lib/saxon8-dom.jar:/home/travis/build/icyphy/ptII/lib/chic.jar:/home/travis/build/icyphy/ptII/lib/ptcolt.jar:/usr/lib/jvm/java-8-oracle/lib/tools.jar:/usr/lib/eclipse/plugins/org.eclipse.jdt.core_3.8.2.dist.jar:/usr/lib/eclipse/plugins/org.eclipse.core.runtime_3.8.0.dist.jar:/usr/lib/eclipse/plugins/org.eclipse.osgi_3.8.1.dist.jar:/usr/lib/eclipse/plugins/org.eclipse.core.resources_3.8.1.dist.jar:/usr/lib/eclipse/plugins/org.eclipse.equinox.common_3.6.100.dist.jar:/usr/lib/eclipse/plugins/org.eclipse.core.jobs_3.5.200.dist.jar:/usr/lib/eclipse/plugins/org.eclipse.core.contenttype_3.4.200.dist.jar:/usr/lib/eclipse/plugins/org.eclipse.equinox.preferences_3.5.0.dist.jar:/usr/lib/eclipse/plugins/org.eclipse.text_3.5.200.dist.jar:/usr/lib/eclipse/plugins/org.eclipse.ui.workbench_3.8.1.dist.jar:/usr/lib/eclipse/plugins/org.eclipse.jface_3.8.0.dist.jar:/usr/lib/eclipse/plugins/org.eclipse.swt_3.8.2.jar:/usr/lib/eclipse/plugins/org.eclipse.jface.text_3.8.1.dist.jar:/usr/lib/eclipse/plugins/org.eclipse.ui.workbench.texteditor_3.8.0.dist.jar:/usr/lib/eclipse/plugins/org.eclipse.ui.editors_3.8.0.dist.jar:/usr/lib/eclipse/plugins/org.eclipse.core.commands_3.6.1.dist.jar:/usr/lib/eclipse/plugins/org.eclipse.equinox.registry_3.5.200.dist.jar:/usr/lib/eclipse/plugins/org.eclipse.ui.console_3.5.100.dist.jar:/usr/lib/eclipse/plugins/org.eclipse.ui.forms_3.5.200.dist.jar:/usr/lib/eclipse/plugins/org.eclipse.ui.ide_3.8.1.dist.jar:/home/travis/build/icyphy/ptII/vendors/oracle/dbxml.jar:/home/travis/build/icyphy/ptII/vendors/oracle/db.jar:/home/travis/build/icyphy/ptII/vendors/misc/itext/iText.jar:/home/travis/build/icyphy/ptII/lib/g4ltl.jar:/home/travis/build/icyphy/ptII/lib/StructuralCoder.jar:/home/travis/build/icyphy/ptII/lib/org-openide-util.jar:/home/travis/build/icyphy/ptII/lib/org-openide-util-lookup.jar:/home/travis/build/icyphy/ptII/lib/org-netbeans-api-visual.jar:/home/travis/build/icyphy/ptII/vendors/jai-1_1_2_01/lib/jai_core.jar:/home/travis/build/icyphy/ptII/vendors/jai-1_1_2_01/lib/jai_codec.jar:/home/travis/build/icyphy/ptII/lib/jcerti.jar:/home/travis/build/icyphy/ptII/lib/smack.jar:/home/travis/build/icyphy/ptII/lib/smackx.jar:/home/travis/build/icyphy/ptII/lib/jetty-all-8.1.5-v20120716.jar:/home/travis/build/icyphy/ptII/lib/javax.servlet-api-3.0.1.jar:/home/travis/build/icyphy/ptII/lib/javax.mail.jar:/home/travis/build/icyphy/ptII/vendors/JMF-2.1.1e/lib/jmf.jar:/home/travis/build/icyphy/ptII/lib/jna-4.0.0-variadic.jar:/home/travis/build/icyphy/ptII/vendors/misc/joystick/Joystick.jar:/home/travis/build/icyphy/ptII/lib/ptjacl.jar:/home/travis/build/icyphy/ptII/lib/jsoup-1.8.2.jar:/home/travis/build/icyphy/ptII/lib/junit-4.8.2.jar:/home/travis/build/icyphy/ptII/lib/JUnitParams-0.4.0.jar:/home/travis/build/icyphy/ptII/ptolemy/actor/lib/excel/jxl.jar:/home/travis/build/icyphy/ptII/lib/jython.jar:/home/travis/build/icyphy/ptII/lib/kieler.jar:/home/travis/build/icyphy/ptII/vendors/opencv/share/OpenCV/java/opencv-341.jar:/home/travis/build/icyphy/ptII/lib/oscP5.jar:/home/travis/build/icyphy/ptII/lib/nrjavaserial-3.11.0.devel.jar:/home/travis/build/icyphy/ptII/vendors/j3d/lib/j3dcore.jar:/home/travis/build/icyphy/ptII/vendors/j3d/lib/j3dutils.jar:/home/travis/build/icyphy/ptII/vendors/j3d/lib/vecmath.jar:/home/travis/build/icyphy/ptII/ptolemy/distributed/jini/jar/jini-core.jar:/home/travis/build/icyphy/ptII/ptolemy/distributed/jini/jar/jini-ext.jar:/home/travis/build/icyphy/ptII/ptolemy/distributed/jini/jar/sun-util.jar:/home/travis/build/icyphy/ptII/lib/protobuf-java-2.4.1.jar:/home/travis/build/icyphy/ptII/lib/org.eclipse.paho.client.mqttv3.jar:/home/travis/build/icyphy/ptII/ptserver/lib/hessian-4.0.7.jar:/home/travis/build/icyphy/ptII/ptserver/lib/wmqtt.jar:/home/travis/build/icyphy/ptII/lib/mapss.jar:/home/travis/build/icyphy/ptII/ptolemy/actor/ptalon/antlr/antlr.jar:/home/travis/build/icyphy/ptII/lib/JRI.jar:/home/travis/build/icyphy/ptII/lib/commons-lang-2.6.jar:/home/travis/build/icyphy/ptII/lib/commons-logging-1.1.1.jar:/home/travis/build/icyphy/ptII/lib/sootclasses.jar:/home/travis/build/icyphy/ptII/ptolemy/actor/lib/database/mysql-connector-java-5.1.6-bin.jar:/home/travis/build/icyphy/ptII/vendors/misc/sphinx4/sphinx4-data-5prealpha.jar:/home/travis/build/icyphy/ptII/vendors/misc/sphinx4/sphinx4-core-5prealpha.jar:/home/travis/build/icyphy/ptII/lib/PDFRenderer.jar:/home/travis/build/icyphy/ptII/lib/svgSalamander.jar:/home/travis/build/icyphy/ptII/lib/rsyntaxtextarea-2.6.0-SNAPSHOT.jar:/home/travis/build/icyphy/ptII/lib/hazelcast-3.8.2.jar:/home/travis/build/icyphy/ptII/lib/jackson-annotations-2.9.0.jar:/home/travis/build/icyphy/ptII/lib/jackson-core-2.9.3.jar:/home/travis/build/icyphy/ptII/lib/jackson-databind-2.9.3.jar:/home/travis/build/icyphy/ptII/lib/netty-buffer-4.1.19.Final.jar:/home/travis/build/icyphy/ptII/lib/netty-codec-4.1.19.Final.jar:/home/travis/build/icyphy/ptII/lib/netty-codec-dns-4.1.19.Final.jar:/home/travis/build/icyphy/ptII/lib/netty-codec-http-4.1.19.Final.jar:/home/travis/build/icyphy/ptII/lib/netty-codec-http2-4.1.19.Final.jar:/home/travis/build/icyphy/ptII/lib/netty-common-4.1.19.Final.jar:/home/travis/build/icyphy/ptII/lib/netty-handler-4.1.19.Final.jar:/home/travis/build/icyphy/ptII/lib/netty-resolver-4.1.19.Final.jar:/home/travis/build/icyphy/ptII/lib/netty-resolver-dns-4.1.19.Final.jar:/home/travis/build/icyphy/ptII/lib/netty-transport-4.1.19.Final.jar:/home/travis/build/icyphy/ptII/lib/vertx-codegen-3.5.1.jar:/home/travis/build/icyphy/ptII/lib/vertx-core-3.5.2-SNAPSHOT.jar:/home/travis/build/icyphy/ptII/lib/vertx-hazelcast-3.5.1.jar:/home/travis/build/icyphy/ptII/lib/vertx-lang-js-3.5.1.jar:/home/travis/build/icyphy/ptII/lib/vertx-service-proxy-3.5.1.jar:/home/travis/build/icyphy/ptII/lib/vertx-web-3.5.1.jar:/home/travis/build/icyphy/ptII/lib/slf4j-api-1.7.13.jar:/home/travis/build/icyphy/ptII/lib/slf4j-simple-1.7.13.jar:/home/travis/build/icyphy/ptII/lib/webcam-capture-0.3.12.jar:/home/travis/build/icyphy/ptII/lib/bridj-0.7.0.jar:/home/travis/build/icyphy/ptII/lib/xbjlib-1.1.0.nrjavaserial.jar:/home/travis/build/icyphy/ptII/ptolemy/moml/test:/home/travis/build/icyphy/ptII/ant/lib/ant-launcher.jar:/home/travis/build/icyphy/ptII/ant/lib/ant.jar:/home/travis/build/icyphy/ptII/ant/lib/ant-junit.jar:/home/travis/build/icyphy/ptII/ant/lib/ant-junit4.jar" />
    <property name="ant.library.dir" value="/home/travis/build/icyphy/ptII/ant/lib" />
    <property name="os.arch" value="amd64" />
    <property name="env.TRAVIS_LANGUAGE" value="node_js" />
    <property name="env.CONTINUOUS_INTEGRATION" value="true" />
    <property name="env.TRAVIS_STACK_LANGUAGES" value="__garnet__ c c++ clojure cplusplus cpp default go groovy java node_js php pure_java python ruby scala" />
    <property name="test.name" value="ptolemy.actor.lib.test.junit.JUnitTclTest" />
    <property name="sun.java.launcher" value="SUN_STANDARD" />
    <property name="env.PYTHON_CONFIGURE_OPTS" value="--enable-unicode=ucs4 --with-wide-unicode --enable-shared --enable-ipv6 --enable-loadable-sqlite-extensions --with-computed-gotos" />
    <property name="ant.core.lib" value="/home/travis/build/icyphy/ptII/ant/lib/ant.jar" />
    <property name="java.vm.specification.vendor" value="Oracle Corporation" />
    <property name="env.BCVTB_HOME" value="/home/travis/build/icyphy/ptII/lbnl" />
    <property name="file.separator" value="/" />
    <property name="java.runtime.version" value="1.8.0_151-b12" />
    <property name="spotbugs.home" value="/home/travis/build/icyphy/ptII/vendors/spotbugs-3.1.1" />
    <property name="sun.boot.class.path" value="/usr/lib/jvm/java-8-oracle/jre/lib/resources.jar:/usr/lib/jvm/java-8-oracle/jre/lib/rt.jar:/usr/lib/jvm/java-8-oracle/jre/lib/sunrsasign.jar:/usr/lib/jvm/java-8-oracle/jre/lib/jsse.jar:/usr/lib/jvm/java-8-oracle/jre/lib/jce.jar:/usr/lib/jvm/java-8-oracle/jre/lib/charsets.jar:/usr/lib/jvm/java-8-oracle/jre/lib/jfr.jar:/usr/lib/jvm/java-8-oracle/jre/classes" />
    <property name="env.HAS_JOSH_K_SEAL_OF_APPROVAL" value="true" />
    <property name="env.XDG_RUNTIME_DIR" value="/run/user/2000" />
    <property name="env.TRAVIS_OSX_IMAGE" value="" />
    <property name="env.TRAVIS_BRANCH" value="master" />
    <property name="env.TRAVIS_JOB_ID" value="426492449" />
    <property name="user.country" value="US" />
    <property name="env.CERTI_HOME_TRAVIS" value="/home/travis/pthla/certi-tools" />
    <property name="env.SHELL" value="/bin/bash" />
    <property name="java.maxmemory.large" value="5000m" />
    <property name="model" value="" />
    <property name="env.CASHER_DIR" value="/home/travis/.casher" />
    <property name="env.NVM_CD_FLAGS" value="" />
    <property name="jshint.executable" value="/home/travis/node_modules/jshint/bin/jshint" />
    <property name="java.vendor" value="Oracle Corporation" />
    <property name="env.JRUBY_OPTS" value=" --client -J-XX:+TieredCompilation -J-XX:TieredStopAtLevel=1 -J-Xss2m -Xcompile.invokedynamic=false" />
    <property name="env.TRAVIS_PRE_CHEF_BOOTSTRAP_TIME" value="2017-12-05T19:32:55" />
    <property name="env.ELIXIR_VERSION" value="1.4.5" />
    <property name="env.TRAVIS_STACK_JOB_BOARD_REGISTER" value="/.job-board-register.yml" />
    <property name="java.specification.version" value="1.8" />
    <property name="env.TRAVIS" value="true" />
    <property name="env.IRBRC" value="/home/travis/.rvm/rubies/ruby-2.4.1/.irbrc" />
    <property name="sun.arch.data.model" value="64" />
  </properties>
  <testcase classname="ptolemy.util.test.junit.TclTests" name="[0] /home/travis/build/icyphy/ptII/ptolemy/domains/de/test/DependencyLoop.tcl (RunTclFile)" time="0.705" />
  <testcase classname="ptolemy.util.test.junit.TclTests" name="[1] /home/travis/build/icyphy/ptII/ptolemy/domains/de/test/RunDETestsAsQSS.tcl (RunTclFile)" time="87.177" />
  <testcase classname="ptolemy.util.test.junit.AutoKnownFailedTests" name="[0] /home/travis/build/icyphy/ptII/ptolemy/domains/de/test/auto/knownFailedTests/DESDFClockTest.xml (RunModel)" time="2.039" />
  <testcase classname="ptolemy.util.test.junit.AutoKnownFailedTests" name="[1] /home/travis/build/icyphy/ptII/ptolemy/domains/de/test/auto/knownFailedTests/DirectFeedback.xml (RunModel)" time="0.026" />
  <testcase classname="ptolemy.util.test.junit.AutoKnownFailedTests" name="[2] /home/travis/build/icyphy/ptII/ptolemy/domains/de/test/auto/knownFailedTests/FSMSource.xml (RunModel)" time="0.028" />
  <testcase classname="ptolemy.util.test.junit.AutoKnownFailedTests" name="[3] /home/travis/build/icyphy/ptII/ptolemy/domains/de/test/auto/knownFailedTests/HierarchicalModel.xml (RunModel)" time="0.044" />
  <testcase classname="ptolemy.util.test.junit.AutoKnownFailedTests" name="[4] /home/travis/build/icyphy/ptII/ptolemy/domains/de/test/auto/knownFailedTests/dependencyLoop.xml (RunModel)" time="0.036" />
  <testcase classname="ptolemy.util.test.junit.AutoKnownFailedTests" name="[5] /home/travis/build/icyphy/ptII/ptolemy/domains/de/test/auto/knownFailedTests/dependencyLoop2.xml (RunModel)" time="0.044" />
  <testcase classname="ptolemy.util.test.junit.AutoNameArchTests" name="[0] ThereAreNoAutoArchTests (RunModel)" time="0.005" />
  <testcase classname="ptolemy.util.test.junit.AutoTests" name="[0] /home/travis/build/icyphy/ptII/ptolemy/domains/de/test/auto/ActorDepthCalculation_actorWithoutPorts.xml (RunModel)" time="0.019" />
  <testcase classname="ptolemy.util.test.junit.AutoTests" name="[1] /home/travis/build/icyphy/ptII/ptolemy/domains/de/test/auto/AssemblyLine.xml (RunModel)" time="0.024" />
  <testcase classname="ptolemy.util.test.junit.AutoTests" name="[2] /home/travis/build/icyphy/ptII/ptolemy/domains/de/test/auto/CQBug1.xml (RunModel)" time="0.009" />
  <testcase classname="ptolemy.util.test.junit.AutoTests" name="[3] /home/travis/build/icyphy/ptII/ptolemy/domains/de/test/auto/CancelFireAt.xml (RunModel)" time="0.013" />
  <testcase classname="ptolemy.util.test.junit.AutoTests" name="[4] /home/travis/build/icyphy/ptII/ptolemy/domains/de/test/auto/CausalityAndComposabilityAnalysis.xml (RunModel)" time="0.011" />
  <testcase classname="ptolemy.util.test.junit.AutoTests" name="[5] /home/travis/build/icyphy/ptII/ptolemy/domains/de/test/auto/CausalityInterface1.xml (RunModel)" time="0.012" />
  <testcase classname="ptolemy.util.test.junit.AutoTests" name="[6] /home/travis/build/icyphy/ptII/ptolemy/domains/de/test/auto/CausalityInterface15.xml (RunModel)" time="0.013" />
  <testcase classname="ptolemy.util.test.junit.AutoTests" name="[7] /home/travis/build/icyphy/ptII/ptolemy/domains/de/test/auto/CausalityInterface2.xml (RunModel)" time="0.011" />
  <testcase classname="ptolemy.util.test.junit.AutoTests" name="[8] /home/travis/build/icyphy/ptII/ptolemy/domains/de/test/auto/CausalityInterface3.xml (RunModel)" time="0.011" />
  <testcase classname="ptolemy.util.test.junit.AutoTests" name="[9] /home/travis/build/icyphy/ptII/ptolemy/domains/de/test/auto/ClockDrift.xml (RunModel)" time="0.035" />
  <testcase classname="ptolemy.util.test.junit.AutoTests" name="[10] /home/travis/build/icyphy/ptII/ptolemy/domains/de/test/auto/ClockDriftAndValueChange.xml (RunModel)" time="0.03" />
  <testcase classname="ptolemy.util.test.junit.AutoTests" name="[11] /home/travis/build/icyphy/ptII/ptolemy/domains/de/test/auto/ClockDriftChange.xml (RunModel)" time="0.024" />
  <testcase classname="ptolemy.util.test.junit.AutoTests" name="[12] /home/travis/build/icyphy/ptII/ptolemy/domains/de/test/auto/ComposableCausalityAnalysis.xml (RunModel)" time="0.019" />
  <testcase classname="ptolemy.util.test.junit.AutoTests" name="[13] /home/travis/build/icyphy/ptII/ptolemy/domains/de/test/auto/DEFixedPointLimitation.xml (RunModel)" time="0.009" />
  <testcase classname="ptolemy.util.test.junit.AutoTests" name="[14] /home/travis/build/icyphy/ptII/ptolemy/domains/de/test/auto/DEScheduleTest.xml (RunModel)" time="0.011" />
  <testcase classname="ptolemy.util.test.junit.AutoTests" name="[15] /home/travis/build/icyphy/ptII/ptolemy/domains/de/test/auto/DEinDEwithStartTimes.xml (RunModel)" time="0.014" />
  <testcase classname="ptolemy.util.test.junit.AutoTests" name="[16] /home/travis/build/icyphy/ptII/ptolemy/domains/de/test/auto/DEinDEwithStartTimes2.xml (RunModel)" time="0.017" />
  <testcase classname="ptolemy.util.test.junit.AutoTests" name="[17] /home/travis/build/icyphy/ptII/ptolemy/domains/de/test/auto/DateDemo.xml (RunModel)" time="0.028" />
  <testcase classname="ptolemy.util.test.junit.AutoTests" name="[18] /home/travis/build/icyphy/ptII/ptolemy/domains/de/test/auto/DateToEvent.xml (RunModel)" time="2.039" />
  <testcase classname="ptolemy.util.test.junit.AutoTests" name="[19] /home/travis/build/icyphy/ptII/ptolemy/domains/de/test/auto/DepthTest1.xml (RunModel)" time="0.009" />
  <testcase classname="ptolemy.util.test.junit.AutoTests" name="[20] /home/travis/build/icyphy/ptII/ptolemy/domains/de/test/auto/DepthTest2.xml (RunModel)" time="0.019" />
  <testcase classname="ptolemy.util.test.junit.AutoTests" name="[21] /home/travis/build/icyphy/ptII/ptolemy/domains/de/test/auto/DepthTest3.xml (RunModel)" time="0.007" />
  <testcase classname="ptolemy.util.test.junit.AutoTests" name="[22] /home/travis/build/icyphy/ptII/ptolemy/domains/de/test/auto/DepthTest4.xml (RunModel)" time="0.011" />
  <testcase classname="ptolemy.util.test.junit.AutoTests" name="[23] /home/travis/build/icyphy/ptII/ptolemy/domains/de/test/auto/DepthTest5.xml (RunModel)" time="0.013" />
  <testcase classname="ptolemy.util.test.junit.AutoTests" name="[24] /home/travis/build/icyphy/ptII/ptolemy/domains/de/test/auto/DepthTest6.xml (RunModel)" time="0.012" />
  <testcase classname="ptolemy.util.test.junit.AutoTests" name="[25] /home/travis/build/icyphy/ptII/ptolemy/domains/de/test/auto/DepthTest7.xml (RunModel)" time="0.016" />
  <testcase classname="ptolemy.util.test.junit.AutoTests" name="[26] /home/travis/build/icyphy/ptII/ptolemy/domains/de/test/auto/EventToDate.xml (RunModel)" time="3.038" />
  <testcase classname="ptolemy.util.test.junit.AutoTests" name="[27] /home/travis/build/icyphy/ptII/ptolemy/domains/de/test/auto/FSM1.xml (RunModel)" time="0.061" />
  <testcase classname="ptolemy.util.test.junit.AutoTests" name="[28] /home/travis/build/icyphy/ptII/ptolemy/domains/de/test/auto/FSM7.xml (RunModel)" time="0.038" />
  <testcase classname="ptolemy.util.test.junit.AutoTests" name="[29] /home/travis/build/icyphy/ptII/ptolemy/domains/de/test/auto/Inspection.xml (RunModel)" time="0.037" />
  <testcase classname="ptolemy.util.test.junit.AutoTests" name="[30] /home/travis/build/icyphy/ptII/ptolemy/domains/de/test/auto/Iteration.xml (RunModel)" time="0.016" />
  <testcase classname="ptolemy.util.test.junit.AutoTests" name="[31] /home/travis/build/icyphy/ptII/ptolemy/domains/de/test/auto/LineFault.xml (RunModel)" time="0.531" />
  <testcase classname="ptolemy.util.test.junit.AutoTests" name="[32] /home/travis/build/icyphy/ptII/ptolemy/domains/de/test/auto/MergeModel1Add.xml (RunModel)" time="0.04" />
  <testcase classname="ptolemy.util.test.junit.AutoTests" name="[33] /home/travis/build/icyphy/ptII/ptolemy/domains/de/test/auto/MergeModel2Add.xml (RunModel)" time="0.033" />
  <testcase classname="ptolemy.util.test.junit.AutoTests" name="[34] /home/travis/build/icyphy/ptII/ptolemy/domains/de/test/auto/MergeModel3Add.xml (RunModel)" time="0.032" />
  <testcase classname="ptolemy.util.test.junit.AutoTests" name="[35] /home/travis/build/icyphy/ptII/ptolemy/domains/de/test/auto/MergeWithoutDiscard.xml (RunModel)" time="0.008" />
  <testcase classname="ptolemy.util.test.junit.AutoTests" name="[36] /home/travis/build/icyphy/ptII/ptolemy/domains/de/test/auto/Modal1.xml (RunModel)" time="0.023" />
  <testcase classname="ptolemy.util.test.junit.AutoTests" name="[37] /home/travis/build/icyphy/ptII/ptolemy/domains/de/test/auto/Modal2.xml (RunModel)" time="0.024" />
  <testcase classname="ptolemy.util.test.junit.AutoTests" name="[38] /home/travis/build/icyphy/ptII/ptolemy/domains/de/test/auto/Modal3.xml (RunModel)" time="0.026" />
  <testcase classname="ptolemy.util.test.junit.AutoTests" name="[39] /home/travis/build/icyphy/ptII/ptolemy/domains/de/test/auto/Modal4.xml (RunModel)" time="0.025" />
  <testcase classname="ptolemy.util.test.junit.AutoTests" name="[40] /home/travis/build/icyphy/ptII/ptolemy/domains/de/test/auto/Modal5.xml (RunModel)" time="0.026" />
  <testcase classname="ptolemy.util.test.junit.AutoTests" name="[41] /home/travis/build/icyphy/ptII/ptolemy/domains/de/test/auto/Modal6.xml (RunModel)" time="0.026" />
  <testcase classname="ptolemy.util.test.junit.AutoTests" name="[42] /home/travis/build/icyphy/ptII/ptolemy/domains/de/test/auto/Modal7.xml (RunModel)" time="0.026" />
  <testcase classname="ptolemy.util.test.junit.AutoTests" name="[43] /home/travis/build/icyphy/ptII/ptolemy/domains/de/test/auto/ModalModel.xml (RunModel)" time="0.139" />
  <testcase classname="ptolemy.util.test.junit.AutoTests" name="[44] /home/travis/build/icyphy/ptII/ptolemy/domains/de/test/auto/ModalSource.xml (RunModel)" time="0.02" />
  <testcase classname="ptolemy.util.test.junit.AutoTests" name="[45] /home/travis/build/icyphy/ptII/ptolemy/domains/de/test/auto/NonInterruptibleTimerZeroDelay.xml (RunModel)" time="0.01" />
  <testcase classname="ptolemy.util.test.junit.AutoTests" name="[46] /home/travis/build/icyphy/ptII/ptolemy/domains/de/test/auto/OpenQueueingNetwork.xml (RunModel)" time="2.362" />
  <testcase classname="ptolemy.util.test.junit.AutoTests" name="[47] /home/travis/build/icyphy/ptII/ptolemy/domains/de/test/auto/OpenQueuingNetwork.xml (RunModel)" time="0.282" />
  <testcase classname="ptolemy.util.test.junit.AutoTests" name="[48] /home/travis/build/icyphy/ptII/ptolemy/domains/de/test/auto/PeriodicSampler.xml (RunModel)" time="0.008" />
  <testcase classname="ptolemy.util.test.junit.AutoTests" name="[49] /home/travis/build/icyphy/ptII/ptolemy/domains/de/test/auto/PersistentIO.xml (RunModel)" time="0.019" />
  <testcase classname="ptolemy.util.test.junit.AutoTests" name="[50] /home/travis/build/icyphy/ptII/ptolemy/domains/de/test/auto/PortParameterResetOnInitialize.xml (RunModel)" time="0.009" />
  <testcase classname="ptolemy.util.test.junit.AutoTests" name="[51] /home/travis/build/icyphy/ptII/ptolemy/domains/de/test/auto/PortParameterUpdates.xml (RunModel)" time="0.012" />
  <testcase classname="ptolemy.util.test.junit.AutoTests" name="[52] /home/travis/build/icyphy/ptII/ptolemy/domains/de/test/auto/QueueAndServer.xml (RunModel)" time="0.02" />
  <testcase classname="ptolemy.util.test.junit.AutoTests" name="[53] /home/travis/build/icyphy/ptII/ptolemy/domains/de/test/auto/Records.xml (RunModel)" time="0.013" />
  <testcase classname="ptolemy.util.test.junit.AutoTests" name="[54] /home/travis/build/icyphy/ptII/ptolemy/domains/de/test/auto/ResetTransitionWithStartTime1.xml (RunModel)" time="0.017" />
  <testcase classname="ptolemy.util.test.junit.AutoTests" name="[55] /home/travis/build/icyphy/ptII/ptolemy/domains/de/test/auto/ResetTransitionWithStartTime2.xml (RunModel)" time="0.017" />
  <testcase classname="ptolemy.util.test.junit.AutoTests" name="[56] /home/travis/build/icyphy/ptII/ptolemy/domains/de/test/auto/ResetTransitionWithStartTime3.xml (RunModel)" time="0.016" />
  <testcase classname="ptolemy.util.test.junit.AutoTests" name="[57] /home/travis/build/icyphy/ptII/ptolemy/domains/de/test/auto/ResetTransitionWithStartTime4.xml (RunModel)" time="0.015" />
  <testcase classname="ptolemy.util.test.junit.AutoTests" name="[58] /home/travis/build/icyphy/ptII/ptolemy/domains/de/test/auto/ResettableTimer1.xml (RunModel)" time="0.009" />
  <testcase classname="ptolemy.util.test.junit.AutoTests" name="[59] /home/travis/build/icyphy/ptII/ptolemy/domains/de/test/auto/ResettableTimer2.xml (RunModel)" time="0.01" />
  <testcase classname="ptolemy.util.test.junit.AutoTests" name="[60] /home/travis/build/icyphy/ptII/ptolemy/domains/de/test/auto/ResettableTimer3.xml (RunModel)" time="0.008" />
  <testcase classname="ptolemy.util.test.junit.AutoTests" name="[61] /home/travis/build/icyphy/ptII/ptolemy/domains/de/test/auto/ResettableTimer4.xml (RunModel)" time="0.008" />
  <testcase classname="ptolemy.util.test.junit.AutoTests" name="[62] /home/travis/build/icyphy/ptII/ptolemy/domains/de/test/auto/ResettableTimer5.xml (RunModel)" time="0.008" />
  <testcase classname="ptolemy.util.test.junit.AutoTests" name="[63] /home/travis/build/icyphy/ptII/ptolemy/domains/de/test/auto/ResettableTimer6.xml (RunModel)" time="0.01" />
  <testcase classname="ptolemy.util.test.junit.AutoTests" name="[64] /home/travis/build/icyphy/ptII/ptolemy/domains/de/test/auto/ServerZeroDelay.xml (RunModel)" time="0.009" />
  <testcase classname="ptolemy.util.test.junit.AutoTests" name="[65] /home/travis/build/icyphy/ptII/ptolemy/domains/de/test/auto/SmartSender.xml (RunModel)" time="3.007" />
  <testcase classname="ptolemy.util.test.junit.AutoTests" name="[66] /home/travis/build/icyphy/ptII/ptolemy/domains/de/test/auto/ThreadedComposite.xml (RunModel)" time="2.619" />
  <testcase classname="ptolemy.util.test.junit.AutoTests" name="[67] /home/travis/build/icyphy/ptII/ptolemy/domains/de/test/auto/Time.xml (RunModel)" time="0.395" />
  <testcase classname="ptolemy.util.test.junit.AutoTests" name="[68] /home/travis/build/icyphy/ptII/ptolemy/domains/de/test/auto/TimeDelayZeroDelay.xml (RunModel)" time="0.01" />
  <testcase classname="ptolemy.util.test.junit.AutoTests" name="[69] /home/travis/build/icyphy/ptII/ptolemy/domains/de/test/auto/TimerZeroDelay.xml (RunModel)" time="0.009" />
  <testcase classname="ptolemy.util.test.junit.AutoTests" name="[70] /home/travis/build/icyphy/ptII/ptolemy/domains/de/test/auto/TimingParadox.xml (RunModel)" time="0.342" />
  <testcase classname="ptolemy.util.test.junit.AutoTests" name="[71] /home/travis/build/icyphy/ptII/ptolemy/domains/de/test/auto/TransferInputs.xml (RunModel)" time="0.009" />
  <testcase classname="ptolemy.util.test.junit.AutoTests" name="[72] /home/travis/build/icyphy/ptII/ptolemy/domains/de/test/auto/TransferOutputs2.xml (RunModel)" time="0.014" />
  <testcase classname="ptolemy.util.test.junit.AutoTests" name="[73] /home/travis/build/icyphy/ptII/ptolemy/domains/de/test/auto/Trilateration.xml (RunModel)" time="10.93" />
  <testcase classname="ptolemy.util.test.junit.AutoTests" name="[74] /home/travis/build/icyphy/ptII/ptolemy/domains/de/test/auto/TwoSigmaDelta.xml (RunModel)" time="1.9" />
  <testcase classname="ptolemy.util.test.junit.AutoTests" name="[75] /home/travis/build/icyphy/ptII/ptolemy/domains/de/test/auto/VariableDelay.xml (RunModel)" time="0.013" />
  <testcase classname="ptolemy.util.test.junit.AutoTests" name="[76] /home/travis/build/icyphy/ptII/ptolemy/domains/de/test/auto/VariableDelay2.xml (RunModel)" time="0.018" />
  <testcase classname="ptolemy.util.test.junit.AutoTests" name="[77] /home/travis/build/icyphy/ptII/ptolemy/domains/de/test/auto/VariableDelayZeroDelay.xml (RunModel)" time="0.012" />
  <testcase classname="ptolemy.util.test.junit.AutoTests" name="[78] /home/travis/build/icyphy/ptII/ptolemy/domains/de/test/auto/VariableDelayZeroDelay2.xml (RunModel)" time="0.01" />
  <testcase classname="ptolemy.util.test.junit.AutoTests" name="[79] /home/travis/build/icyphy/ptII/ptolemy/domains/de/test/auto/deInCt.xml (RunModel)" time="0.015" />
  <testcase classname="ptolemy.util.test.junit.AutoTests" name="[80] /home/travis/build/icyphy/ptII/ptolemy/domains/de/test/auto/deInCt2.xml (RunModel)" time="0.017" />
  <testcase classname="ptolemy.util.test.junit.AutoTests" name="[81] /home/travis/build/icyphy/ptII/ptolemy/domains/de/test/auto/dynamicCausalityInterface1.xml (RunModel)" time="0.017" />
  <testcase classname="ptolemy.util.test.junit.AutoTests" name="[82] /home/travis/build/icyphy/ptII/ptolemy/domains/de/test/auto/fsm_de_test.xml (RunModel)" time="0.031" />
  <testcase classname="ptolemy.util.test.junit.AutoTests" name="[83] /home/travis/build/icyphy/ptII/ptolemy/domains/de/test/auto/functionDependencyReconstruction.xml (RunModel)" time="0.03" />
  <testcase classname="ptolemy.util.test.junit.AutoTests" name="[84] /home/travis/build/icyphy/ptII/ptolemy/domains/de/test/auto/multirate.xml (RunModel)" time="0.019" />
  <testcase classname="ptolemy.util.test.junit.AutoTests" name="[85] /home/travis/build/icyphy/ptII/ptolemy/domains/de/test/auto/multirate2.xml (RunModel)" time="0.016" />
  <testcase classname="ptolemy.util.test.junit.AutoTests" name="[86] /home/travis/build/icyphy/ptII/ptolemy/domains/de/test/auto/realtime.xml (RunModel)" time="10.01" />
  <testcase classname="ptolemy.util.test.junit.AutoTests" name="[87] /home/travis/build/icyphy/ptII/ptolemy/domains/de/test/auto/relationGroup.xml (RunModel)" time="0.008" />
  <testcase classname="ptolemy.util.test.junit.AutoTests" name="[88] /home/travis/build/icyphy/ptII/ptolemy/domains/de/test/auto/relationGroup2.xml (RunModel)" time="0.006" />
  <testcase classname="ptolemy.util.test.junit.AutoTests" name="[89] /home/travis/build/icyphy/ptII/ptolemy/domains/de/test/auto/sortWithOpaquePorts.xml (RunModel)" time="0.008" />
  <testcase classname="ptolemy.util.test.junit.AutoTests" name="[90] /home/travis/build/icyphy/ptII/ptolemy/domains/de/test/auto/transferInputsandOutputs.xml (RunModel)" time="0.014" />
  <testcase classname="ptolemy.util.test.junit.AutoTests" name="[91] /home/travis/build/icyphy/ptII/ptolemy/domains/de/test/auto/triggerType.xml (RunModel)" time="0.007" />
  <system-out><![CDATA[/home/travis/build/icyphy/ptII/ptolemy/domains/de/test/DependencyLoop.tcl
testDefs.tcl: setting time out to 9000 seconds at Mon Sep 10 02:45:11 UTC 2018
13 ms. Memory: 116224K Free: 93849K (81%)
12 ms. Memory: 146944K Free: 135475K (92%)
/home/travis/build/icyphy/ptII/ptolemy/domains/de/test/RunDETestsAsQSS.tcl
Run the DE tests using ptolemy.domains.qss.test.QSSDirectorTest, which extends QSSDirector and prints a message in the constructors.
------------------ testing $PTII/ptolemy/domains/de/test/auto/knownFailedTests/dependencyLoop.xml (Known Failure) 
6 ms. Memory: 146944K Free: 132363K (90%)


==== $PTIIhome/travis/build/icyphy/ptII/ptolemy/domains/de/test/../../../../: Auto Automatic test in file $PTII/ptolemy/domains/de/test/auto/knownFailedTests/dependencyLoop.xml
==== Contents of test case:

	    # FIXME: we should use $relativeFilename here, but it
	    # might have backslashes under Windows, which causes no end
	    # of trouble.
	    createAndExecute $file
	    list {}
	
.... Test generated KNOWN error:
    while executing
ptolemy.kernel.util.IllegalActionException: Found a zero delay loop containing .dependencyLoop.original
  in .dependencyLoop and .dependencyLoop.original
	at ptolemy.actor.util.CausalityInterfaceForComposites._computeOutputPortDepth(CausalityInterfaceForComposites.java:759)
	at ptolemy.actor.util.CausalityInterfaceForComposites._computeInputDepth(CausalityInterfaceForComposites.java:696)
	at ptolemy.actor.util.CausalityInterfaceForComposites._computeOutputPortDepth(CausalityInterfaceForComposites.java:765)
	at ptolemy.actor.util.CausalityInterfaceForComposites._computeInputDepth(CausalityInterfaceForComposites.java:696)
	at ptolemy.actor.util.CausalityInterfaceForComposites._computeOutputPortDepth(CausalityInterfaceForComposites.java:765)
	at ptolemy.actor.util.CausalityInterfaceForComposites._computeInputDepth(CausalityInterfaceForComposites.java:696)
	at ptolemy.actor.util.CausalityInterfaceForComposites._computeActorDepth(CausalityInterfaceForComposites.java:532)
	at ptolemy.actor.util.CausalityInterfaceForComposites.checkForCycles(CausalityInterfaceForComposites.java:96)
	at ptolemy.domains.de.kernel.DEDirector.preinitialize(DEDirector.java:1338)
	at ptolemy.actor.CompositeActor.preinitialize(CompositeActor.java:1828)
	at ptolemy.actor.Manager.preinitializeAndResolveTypes(Manager.java:1040)
	at ptolemy.actor.Manager.initialize(Manager.java:710)
	at ptolemy.actor.Manager.execute(Manager.java:356)
	at ptolemy.actor.Manager.run(Manager.java:1263)
	at ptolemy.actor.Manager$PtolemyRunThread.run(Manager.java:1915)

    while executing
ptolemy.kernel.util.IllegalActionException: Found a zero delay loop containing .dependencyLoop.original
  in .dependencyLoop and .dependencyLoop.original
    while executing
"java::new ptolemy.moml.MoMLSimpleApplication $file
"
    (procedure "createAndExecute" line 2)
    invoked from within
"createAndExecute $file"
    ("uplevel" body line 5)
    invoked from within
"uplevel $contents_of_test"
------------------ testing $PTII/ptolemy/domains/de/test/auto/knownFailedTests/DESDFClockTest.xml (Known Failure) 
2057 ms. Memory: 146944K Free: 116534K (79%)


==== $PTIIhome/travis/build/icyphy/ptII/ptolemy/domains/de/test/../../../../: Auto Automatic test in file $PTII/ptolemy/domains/de/test/auto/knownFailedTests/DESDFClockTest.xml
==== Contents of test case:

	    # FIXME: we should use $relativeFilename here, but it
	    # might have backslashes under Windows, which causes no end
	    # of trouble.
	    createAndExecute $file
	    list {}
	
.... Test generated KNOWN error:
    while executing
ptolemy.kernel.util.IllegalActionException: Actor is not ready to fire.  Perhaps UpSample.prefire() returned false? Try debugging the actor by selecting "Listen to Actor".  Also, for SDF check moml for tokenConsumptionRate on input.
  in .DESDFClockTest.Play Bell.Copy1:SDF Director and .DESDFClockTest.Play Bell.UpSample
	at ptolemy.actor.sched.StaticSchedulingDirector.fire(StaticSchedulingDirector.java:227)
	at ptolemy.domains.sdf.kernel.SDFDirector.fire(SDFDirector.java:500)
	at ptolemy.actor.CompositeActor.fire(CompositeActor.java:455)
	at ptolemy.domains.de.kernel.DEDirector._fire(DEDirector.java:1949)
	at ptolemy.domains.de.kernel.DEDirector.fire(DEDirector.java:502)
	at ptolemy.actor.CompositeActor.fire(CompositeActor.java:455)
	at ptolemy.actor.Manager.iterate(Manager.java:851)
	at ptolemy.actor.Manager.execute(Manager.java:369)
	at ptolemy.actor.Manager.run(Manager.java:1263)
	at ptolemy.actor.Manager$PtolemyRunThread.run(Manager.java:1915)

    while executing
ptolemy.kernel.util.IllegalActionException: Actor is not ready to fire.  Perhaps UpSample.prefire() returned false? Try debugging the actor by selecting "Listen to Actor".  Also, for SDF check moml for tokenConsumptionRate on input.
  in .DESDFClockTest.Play Bell.Copy1:SDF Director and .DESDFClockTest.Play Bell.UpSample
    while executing
"java::new ptolemy.moml.MoMLSimpleApplication $file
"
    (procedure "createAndExecute" line 2)
    invoked from within
"createAndExecute $file"
    ("uplevel" body line 5)
    invoked from within
"uplevel $contents_of_test"
------------------ testing $PTII/ptolemy/domains/de/test/auto/knownFailedTests/FSMSource.xml (Known Failure) 
35 ms. Memory: 146944K Free: 107536K (73%)
!!!! Auto was marked as failing, but now passes
------------------ testing $PTII/ptolemy/domains/de/test/auto/knownFailedTests/dependencyLoop2.xml (Known Failure) 
10 ms. Memory: 146944K Free: 105661K (72%)


==== $PTIIhome/travis/build/icyphy/ptII/ptolemy/domains/de/test/../../../../: Auto Automatic test in file $PTII/ptolemy/domains/de/test/auto/knownFailedTests/dependencyLoop2.xml
==== Contents of test case:

	    # FIXME: we should use $relativeFilename here, but it
	    # might have backslashes under Windows, which causes no end
	    # of trouble.
	    createAndExecute $file
	    list {}
	
.... Test generated KNOWN error:
    while executing
ptolemy.kernel.util.IllegalActionException: Found a zero delay loop containing .dependencyLoop2.original
  in .dependencyLoop2 and .dependencyLoop2.original
	at ptolemy.actor.util.CausalityInterfaceForComposites._computeOutputPortDepth(CausalityInterfaceForComposites.java:759)
	at ptolemy.actor.util.CausalityInterfaceForComposites._computeInputDepth(CausalityInterfaceForComposites.java:696)
	at ptolemy.actor.util.CausalityInterfaceForComposites._computeOutputPortDepth(CausalityInterfaceForComposites.java:765)
	at ptolemy.actor.util.CausalityInterfaceForComposites._computeInputDepth(CausalityInterfaceForComposites.java:696)
	at ptolemy.actor.util.CausalityInterfaceForComposites._computeOutputPortDepth(CausalityInterfaceForComposites.java:765)
	at ptolemy.actor.util.CausalityInterfaceForComposites._computeInputDepth(CausalityInterfaceForComposites.java:696)
	at ptolemy.actor.util.CausalityInterfaceForComposites._computeActorDepth(CausalityInterfaceForComposites.java:532)
	at ptolemy.actor.util.CausalityInterfaceForComposites.checkForCycles(CausalityInterfaceForComposites.java:96)
	at ptolemy.domains.de.kernel.DEDirector.preinitialize(DEDirector.java:1338)
	at ptolemy.actor.CompositeActor.preinitialize(CompositeActor.java:1828)
	at ptolemy.actor.Manager.preinitializeAndResolveTypes(Manager.java:1040)
	at ptolemy.actor.Manager.initialize(Manager.java:710)
	at ptolemy.actor.Manager.execute(Manager.java:356)
	at ptolemy.actor.Manager.run(Manager.java:1263)
	at ptolemy.actor.Manager$PtolemyRunThread.run(Manager.java:1915)

    while executing
ptolemy.kernel.util.IllegalActionException: Found a zero delay loop containing .dependencyLoop2.original
  in .dependencyLoop2 and .dependencyLoop2.original
    while executing
"java::new ptolemy.moml.MoMLSimpleApplication $file
"
    (procedure "createAndExecute" line 2)
    invoked from within
"createAndExecute $file"
    ("uplevel" body line 5)
    invoked from within
"uplevel $contents_of_test"
------------------ testing $PTII/ptolemy/domains/de/test/auto/knownFailedTests/HierarchicalModel.xml (Known Failure) 
5 ms. Memory: 146944K Free: 85119K (58%)


==== $PTIIhome/travis/build/icyphy/ptII/ptolemy/domains/de/test/../../../../: Auto Automatic test in file $PTII/ptolemy/domains/de/test/auto/knownFailedTests/HierarchicalModel.xml
==== Contents of test case:

	    # FIXME: we should use $relativeFilename here, but it
	    # might have backslashes under Windows, which causes no end
	    # of trouble.
	    createAndExecute $file
	    list {}
	
.... Test generated KNOWN error:
    while executing
ptolemy.kernel.util.IllegalActionException: Found a zero delay loop containing .HierarchicalModel.A
  in .HierarchicalModel and .HierarchicalModel.A
	at ptolemy.actor.util.CausalityInterfaceForComposites._computeOutputPortDepth(CausalityInterfaceForComposites.java:759)
	at ptolemy.actor.util.CausalityInterfaceForComposites._computeInputDepth(CausalityInterfaceForComposites.java:696)
	at ptolemy.actor.util.CausalityInterfaceForComposites._computeOutputPortDepth(CausalityInterfaceForComposites.java:765)
	at ptolemy.actor.util.CausalityInterfaceForComposites._computeInputDepth(CausalityInterfaceForComposites.java:696)
	at ptolemy.actor.util.CausalityInterfaceForComposites._computeOutputPortDepth(CausalityInterfaceForComposites.java:765)
	at ptolemy.actor.util.CausalityInterfaceForComposites._computeInputDepth(CausalityInterfaceForComposites.java:696)
	at ptolemy.actor.util.CausalityInterfaceForComposites._computeActorDepth(CausalityInterfaceForComposites.java:532)
	at ptolemy.actor.util.CausalityInterfaceForComposites.checkForCycles(CausalityInterfaceForComposites.java:96)
	at ptolemy.domains.de.kernel.DEDirector.preinitialize(DEDirector.java:1338)
	at ptolemy.actor.CompositeActor.preinitialize(CompositeActor.java:1828)
	at ptolemy.actor.Manager.preinitializeAndResolveTypes(Manager.java:1040)
	at ptolemy.actor.Manager.initialize(Manager.java:710)
	at ptolemy.actor.Manager.execute(Manager.java:356)
	at ptolemy.actor.Manager.run(Manager.java:1263)
	at ptolemy.actor.Manager$PtolemyRunThread.run(Manager.java:1915)

    while executing
ptolemy.kernel.util.IllegalActionException: Found a zero delay loop containing .HierarchicalModel.A
  in .HierarchicalModel and .HierarchicalModel.A
    while executing
"java::new ptolemy.moml.MoMLSimpleApplication $file
"
    (procedure "createAndExecute" line 2)
    invoked from within
"createAndExecute $file"
    ("uplevel" body line 5)
    invoked from within
"uplevel $contents_of_test"
------------------ testing $PTII/ptolemy/domains/de/test/auto/knownFailedTests/DirectFeedback.xml (Known Failure) 
6 ms. Memory: 146944K Free: 141104K (96%)


==== $PTIIhome/travis/build/icyphy/ptII/ptolemy/domains/de/test/../../../../: Auto Automatic test in file $PTII/ptolemy/domains/de/test/auto/knownFailedTests/DirectFeedback.xml
==== Contents of test case:

	    # FIXME: we should use $relativeFilename here, but it
	    # might have backslashes under Windows, which causes no end
	    # of trouble.
	    createAndExecute $file
	    list {}
	
.... Test generated KNOWN error:
    while executing
ptolemy.kernel.util.IllegalActionException: Test fails in iteration 1.
Value was: 1.0. Should have been: 2.0
  in .DirectFeedback.Test
	at ptolemy.actor.lib.Test.fire(Test.java:268)
	at ptolemy.domains.de.kernel.DEDirector._fire(DEDirector.java:1949)
	at ptolemy.domains.de.kernel.DEDirector.fire(DEDirector.java:502)
	at ptolemy.actor.CompositeActor.fire(CompositeActor.java:455)
	at ptolemy.actor.Manager.iterate(Manager.java:851)
	at ptolemy.actor.Manager.execute(Manager.java:369)
	at ptolemy.actor.Manager.run(Manager.java:1263)
	at ptolemy.actor.Manager$PtolemyRunThread.run(Manager.java:1915)

    while executing
ptolemy.kernel.util.IllegalActionException: Test fails in iteration 1.
Value was: 1.0. Should have been: 2.0
  in .DirectFeedback.Test
    while executing
"java::new ptolemy.moml.MoMLSimpleApplication $file
"
    (procedure "createAndExecute" line 2)
    invoked from within
"createAndExecute $file"
    ("uplevel" body line 5)
    invoked from within
"uplevel $contents_of_test"
------------------ testing $PTII/ptolemy/domains/de/test/auto/ActorDepthCalculation_actorWithoutPorts.xml
auto.tcl: Setting watchdog for 200 seconds at Mon Sep 10 02:45:14 UTC 2018
4 ms. Memory: 146944K Free: 132370K (90%)
ptolemy.util.test.WatchDog.cancel(): canceling Mon Sep 10 02:45:14 UTC 2018
auto.tcl: Setting watchdog for 200 seconds at Mon Sep 10 02:45:14 UTC 2018
4 ms. Memory: 146944K Free: 131324K (89%)
ptolemy.util.test.WatchDog.cancel(): canceling Mon Sep 10 02:45:14 UTC 2018
------------------ testing $PTII/ptolemy/domains/de/test/auto/AssemblyLine.xml
auto.tcl: Setting watchdog for 200 seconds at Mon Sep 10 02:45:15 UTC 2018
24 ms. Memory: 208384K Free: 186336K (89%)
ptolemy.util.test.WatchDog.cancel(): canceling Mon Sep 10 02:45:15 UTC 2018
auto.tcl: Setting watchdog for 200 seconds at Mon Sep 10 02:45:15 UTC 2018
6 ms. Memory: 208384K Free: 186336K (89%)
ptolemy.util.test.WatchDog.cancel(): canceling Mon Sep 10 02:45:15 UTC 2018
------------------ testing $PTII/ptolemy/domains/de/test/auto/CQBug1.xml
auto.tcl: Setting watchdog for 200 seconds at Mon Sep 10 02:45:15 UTC 2018
12 ms. Memory: 208384K Free: 197723K (95%)
ptolemy.util.test.WatchDog.cancel(): canceling Mon Sep 10 02:45:15 UTC 2018
auto.tcl: Setting watchdog for 200 seconds at Mon Sep 10 02:45:15 UTC 2018
2 ms. Memory: 208384K Free: 197723K (95%)
ptolemy.util.test.WatchDog.cancel(): canceling Mon Sep 10 02:45:15 UTC 2018
------------------ testing $PTII/ptolemy/domains/de/test/auto/CancelFireAt.xml
auto.tcl: Setting watchdog for 200 seconds at Mon Sep 10 02:45:15 UTC 2018
5 ms. Memory: 208384K Free: 201103K (97%)
ptolemy.util.test.WatchDog.cancel(): canceling Mon Sep 10 02:45:15 UTC 2018
auto.tcl: Setting watchdog for 200 seconds at Mon Sep 10 02:45:15 UTC 2018
8 ms. Memory: 208384K Free: 199004K (95%)
ptolemy.util.test.WatchDog.cancel(): canceling Mon Sep 10 02:45:15 UTC 2018
------------------ testing $PTII/ptolemy/domains/de/test/auto/CausalityAndComposabilityAnalysis.xml
auto.tcl: Setting watchdog for 200 seconds at Mon Sep 10 02:45:15 UTC 2018
13 ms. Memory: 208384K Free: 196490K (94%)
ptolemy.util.test.WatchDog.cancel(): canceling Mon Sep 10 02:45:15 UTC 2018
auto.tcl: Setting watchdog for 200 seconds at Mon Sep 10 02:45:15 UTC 2018
11 ms. Memory: 208384K Free: 196490K (94%)
ptolemy.util.test.WatchDog.cancel(): canceling Mon Sep 10 02:45:15 UTC 2018
------------------ testing $PTII/ptolemy/domains/de/test/auto/CausalityInterface1.xml
auto.tcl: Setting watchdog for 200 seconds at Mon Sep 10 02:45:15 UTC 2018
11 ms. Memory: 208384K Free: 196406K (94%)
ptolemy.util.test.WatchDog.cancel(): canceling Mon Sep 10 02:45:15 UTC 2018
auto.tcl: Setting watchdog for 200 seconds at Mon Sep 10 02:45:15 UTC 2018
7 ms. Memory: 208384K Free: 196406K (94%)
ptolemy.util.test.WatchDog.cancel(): canceling Mon Sep 10 02:45:15 UTC 2018
------------------ testing $PTII/ptolemy/domains/de/test/auto/CausalityInterface15.xml
auto.tcl: Setting watchdog for 200 seconds at Mon Sep 10 02:45:15 UTC 2018
14 ms. Memory: 208384K Free: 196750K (94%)
ptolemy.util.test.WatchDog.cancel(): canceling Mon Sep 10 02:45:15 UTC 2018
auto.tcl: Setting watchdog for 200 seconds at Mon Sep 10 02:45:15 UTC 2018
6 ms. Memory: 208384K Free: 196412K (94%)
ptolemy.util.test.WatchDog.cancel(): canceling Mon Sep 10 02:45:15 UTC 2018
------------------ testing $PTII/ptolemy/domains/de/test/auto/CausalityInterface2.xml
auto.tcl: Setting watchdog for 200 seconds at Mon Sep 10 02:45:15 UTC 2018
7 ms. Memory: 208384K Free: 196379K (94%)
ptolemy.util.test.WatchDog.cancel(): canceling Mon Sep 10 02:45:15 UTC 2018
auto.tcl: Setting watchdog for 200 seconds at Mon Sep 10 02:45:15 UTC 2018
5 ms. Memory: 208384K Free: 196379K (94%)
ptolemy.util.test.WatchDog.cancel(): canceling Mon Sep 10 02:45:15 UTC 2018
------------------ testing $PTII/ptolemy/domains/de/test/auto/CausalityInterface3.xml
auto.tcl: Setting watchdog for 200 seconds at Mon Sep 10 02:45:15 UTC 2018
8 ms. Memory: 208384K Free: 196408K (94%)
ptolemy.util.test.WatchDog.cancel(): canceling Mon Sep 10 02:45:15 UTC 2018
auto.tcl: Setting watchdog for 200 seconds at Mon Sep 10 02:45:15 UTC 2018
3 ms. Memory: 208384K Free: 196408K (94%)
ptolemy.util.test.WatchDog.cancel(): canceling Mon Sep 10 02:45:15 UTC 2018
------------------ testing $PTII/ptolemy/domains/de/test/auto/ClockDrift.xml
auto.tcl: Setting watchdog for 200 seconds at Mon Sep 10 02:45:16 UTC 2018
83 ms. Memory: 208384K Free: 187617K (90%)
ptolemy.util.test.WatchDog.cancel(): canceling Mon Sep 10 02:45:16 UTC 2018
auto.tcl: Setting watchdog for 200 seconds at Mon Sep 10 02:45:16 UTC 2018
62 ms. Memory: 208384K Free: 185512K (89%)
ptolemy.util.test.WatchDog.cancel(): canceling Mon Sep 10 02:45:16 UTC 2018
------------------ testing $PTII/ptolemy/domains/de/test/auto/ClockDriftAndValueChange.xml
auto.tcl: Setting watchdog for 200 seconds at Mon Sep 10 02:45:16 UTC 2018
24 ms. Memory: 208384K Free: 187453K (90%)
ptolemy.util.test.WatchDog.cancel(): canceling Mon Sep 10 02:45:16 UTC 2018
auto.tcl: Setting watchdog for 200 seconds at Mon Sep 10 02:45:16 UTC 2018
27 ms. Memory: 208384K Free: 185348K (89%)
ptolemy.util.test.WatchDog.cancel(): canceling Mon Sep 10 02:45:16 UTC 2018
------------------ testing $PTII/ptolemy/domains/de/test/auto/ClockDriftChange.xml
auto.tcl: Setting watchdog for 200 seconds at Mon Sep 10 02:45:16 UTC 2018
40 ms. Memory: 208384K Free: 190812K (92%)
ptolemy.util.test.WatchDog.cancel(): canceling Mon Sep 10 02:45:16 UTC 2018
auto.tcl: Setting watchdog for 200 seconds at Mon Sep 10 02:45:16 UTC 2018
28 ms. Memory: 208384K Free: 188715K (91%)
ptolemy.util.test.WatchDog.cancel(): canceling Mon Sep 10 02:45:16 UTC 2018
------------------ testing $PTII/ptolemy/domains/de/test/auto/ComposableCausalityAnalysis.xml
auto.tcl: Setting watchdog for 200 seconds at Mon Sep 10 02:45:16 UTC 2018
2 ms. Memory: 208384K Free: 196609K (94%)
ptolemy.util.test.WatchDog.cancel(): canceling Mon Sep 10 02:45:16 UTC 2018
auto.tcl: Setting watchdog for 200 seconds at Mon Sep 10 02:45:16 UTC 2018
2 ms. Memory: 208384K Free: 194496K (93%)
ptolemy.util.test.WatchDog.cancel(): canceling Mon Sep 10 02:45:16 UTC 2018
------------------ testing $PTII/ptolemy/domains/de/test/auto/DEFixedPointLimitation.xml
auto.tcl: Setting watchdog for 200 seconds at Mon Sep 10 02:45:16 UTC 2018
9 ms. Memory: 208384K Free: 196336K (94%)
ptolemy.util.test.WatchDog.cancel(): canceling Mon Sep 10 02:45:16 UTC 2018
auto.tcl: Setting watchdog for 200 seconds at Mon Sep 10 02:45:16 UTC 2018
1 ms. Memory: 208384K Free: 196336K (94%)
ptolemy.util.test.WatchDog.cancel(): canceling Mon Sep 10 02:45:16 UTC 2018
------------------ testing $PTII/ptolemy/domains/de/test/auto/DEScheduleTest.xml
auto.tcl: Setting watchdog for 200 seconds at Mon Sep 10 02:45:16 UTC 2018
5 ms. Memory: 208384K Free: 198484K (95%)
ptolemy.util.test.WatchDog.cancel(): canceling Mon Sep 10 02:45:16 UTC 2018
auto.tcl: Setting watchdog for 200 seconds at Mon Sep 10 02:45:16 UTC 2018
5 ms. Memory: 208384K Free: 196371K (94%)
ptolemy.util.test.WatchDog.cancel(): canceling Mon Sep 10 02:45:16 UTC 2018
------------------ testing $PTII/ptolemy/domains/de/test/auto/DEinDEwithStartTimes.xml
auto.tcl: Setting watchdog for 200 seconds at Mon Sep 10 02:45:16 UTC 2018
3 ms. Memory: 208384K Free: 196349K (94%)
ptolemy.util.test.WatchDog.cancel(): canceling Mon Sep 10 02:45:16 UTC 2018
auto.tcl: Setting watchdog for 200 seconds at Mon Sep 10 02:45:16 UTC 2018
3 ms. Memory: 208384K Free: 194236K (93%)
ptolemy.util.test.WatchDog.cancel(): canceling Mon Sep 10 02:45:16 UTC 2018
------------------ testing $PTII/ptolemy/domains/de/test/auto/DEinDEwithStartTimes2.xml
auto.tcl: Setting watchdog for 200 seconds at Mon Sep 10 02:45:16 UTC 2018
8 ms. Memory: 208384K Free: 196344K (94%)
ptolemy.util.test.WatchDog.cancel(): canceling Mon Sep 10 02:45:16 UTC 2018
auto.tcl: Setting watchdog for 200 seconds at Mon Sep 10 02:45:16 UTC 2018
4 ms. Memory: 208384K Free: 194239K (93%)
ptolemy.util.test.WatchDog.cancel(): canceling Mon Sep 10 02:45:16 UTC 2018
------------------ testing $PTII/ptolemy/domains/de/test/auto/DateDemo.xml
auto.tcl: Setting watchdog for 200 seconds at Mon Sep 10 02:45:17 UTC 2018
14 ms. Memory: 208384K Free: 188750K (91%)
ptolemy.util.test.WatchDog.cancel(): canceling Mon Sep 10 02:45:17 UTC 2018
auto.tcl: Setting watchdog for 200 seconds at Mon Sep 10 02:45:17 UTC 2018
6 ms. Memory: 208384K Free: 186653K (90%)
ptolemy.util.test.WatchDog.cancel(): canceling Mon Sep 10 02:45:17 UTC 2018
------------------ testing $PTII/ptolemy/domains/de/test/auto/DateToEvent.xml
auto.tcl: Setting watchdog for 200 seconds at Mon Sep 10 02:45:17 UTC 2018
2030 ms. Memory: 208384K Free: 183457K (88%)
ptolemy.util.test.WatchDog.cancel(): canceling Mon Sep 10 02:45:19 UTC 2018
auto.tcl: Setting watchdog for 200 seconds at Mon Sep 10 02:45:19 UTC 2018
2004 ms. Memory: 208384K Free: 181000K (87%)
ptolemy.util.test.WatchDog.cancel(): canceling Mon Sep 10 02:45:21 UTC 2018
------------------ testing $PTII/ptolemy/domains/de/test/auto/DepthTest1.xml
auto.tcl: Setting watchdog for 200 seconds at Mon Sep 10 02:45:21 UTC 2018
2 ms. Memory: 208384K Free: 198011K (95%)
ptolemy.util.test.WatchDog.cancel(): canceling Mon Sep 10 02:45:21 UTC 2018
auto.tcl: Setting watchdog for 200 seconds at Mon Sep 10 02:45:21 UTC 2018
0 ms. Memory: 208384K Free: 198011K (95%)
ptolemy.util.test.WatchDog.cancel(): canceling Mon Sep 10 02:45:21 UTC 2018
------------------ testing $PTII/ptolemy/domains/de/test/auto/DepthTest2.xml
auto.tcl: Setting watchdog for 200 seconds at Mon Sep 10 02:45:21 UTC 2018
6 ms. Memory: 208384K Free: 194219K (93%)
ptolemy.util.test.WatchDog.cancel(): canceling Mon Sep 10 02:45:21 UTC 2018
auto.tcl: Setting watchdog for 200 seconds at Mon Sep 10 02:45:21 UTC 2018
3 ms. Memory: 208384K Free: 194219K (93%)
ptolemy.util.test.WatchDog.cancel(): canceling Mon Sep 10 02:45:21 UTC 2018
------------------ testing $PTII/ptolemy/domains/de/test/auto/DepthTest3.xml
auto.tcl: Setting watchdog for 200 seconds at Mon Sep 10 02:45:21 UTC 2018
2 ms. Memory: 208384K Free: 198684K (95%)
ptolemy.util.test.WatchDog.cancel(): canceling Mon Sep 10 02:45:21 UTC 2018
auto.tcl: Setting watchdog for 200 seconds at Mon Sep 10 02:45:21 UTC 2018
5 ms. Memory: 208384K Free: 198347K (95%)
ptolemy.util.test.WatchDog.cancel(): canceling Mon Sep 10 02:45:21 UTC 2018
------------------ testing $PTII/ptolemy/domains/de/test/auto/DepthTest4.xml
auto.tcl: Setting watchdog for 200 seconds at Mon Sep 10 02:45:21 UTC 2018
3 ms. Memory: 208384K Free: 196337K (94%)
ptolemy.util.test.WatchDog.cancel(): canceling Mon Sep 10 02:45:21 UTC 2018
auto.tcl: Setting watchdog for 200 seconds at Mon Sep 10 02:45:21 UTC 2018
2 ms. Memory: 208384K Free: 196337K (94%)
ptolemy.util.test.WatchDog.cancel(): canceling Mon Sep 10 02:45:21 UTC 2018
------------------ testing $PTII/ptolemy/domains/de/test/auto/DepthTest5.xml
auto.tcl: Setting watchdog for 200 seconds at Mon Sep 10 02:45:21 UTC 2018
3 ms. Memory: 208384K Free: 196292K (94%)
ptolemy.util.test.WatchDog.cancel(): canceling Mon Sep 10 02:45:21 UTC 2018
auto.tcl: Setting watchdog for 200 seconds at Mon Sep 10 02:45:21 UTC 2018
2 ms. Memory: 208384K Free: 196292K (94%)
ptolemy.util.test.WatchDog.cancel(): canceling Mon Sep 10 02:45:21 UTC 2018
------------------ testing $PTII/ptolemy/domains/de/test/auto/DepthTest6.xml
auto.tcl: Setting watchdog for 200 seconds at Mon Sep 10 02:45:21 UTC 2018
6 ms. Memory: 208384K Free: 196268K (94%)
ptolemy.util.test.WatchDog.cancel(): canceling Mon Sep 10 02:45:21 UTC 2018
auto.tcl: Setting watchdog for 200 seconds at Mon Sep 10 02:45:21 UTC 2018
2 ms. Memory: 208384K Free: 196268K (94%)
ptolemy.util.test.WatchDog.cancel(): canceling Mon Sep 10 02:45:21 UTC 2018
------------------ testing $PTII/ptolemy/domains/de/test/auto/DepthTest7.xml
auto.tcl: Setting watchdog for 200 seconds at Mon Sep 10 02:45:21 UTC 2018
3 ms. Memory: 208384K Free: 196241K (94%)
ptolemy.util.test.WatchDog.cancel(): canceling Mon Sep 10 02:45:21 UTC 2018
auto.tcl: Setting watchdog for 200 seconds at Mon Sep 10 02:45:21 UTC 2018
2 ms. Memory: 208384K Free: 196241K (94%)
ptolemy.util.test.WatchDog.cancel(): canceling Mon Sep 10 02:45:21 UTC 2018
------------------ testing $PTII/ptolemy/domains/de/test/auto/EventToDate.xml
auto.tcl: Setting watchdog for 200 seconds at Mon Sep 10 02:45:21 UTC 2018
3005 ms. Memory: 208384K Free: 185746K (89%)
ptolemy.util.test.WatchDog.cancel(): canceling Mon Sep 10 02:45:24 UTC 2018
auto.tcl: Setting watchdog for 200 seconds at Mon Sep 10 02:45:24 UTC 2018
3004 ms. Memory: 208384K Free: 185746K (89%)
ptolemy.util.test.WatchDog.cancel(): canceling Mon Sep 10 02:45:27 UTC 2018
------------------ testing $PTII/ptolemy/domains/de/test/auto/FSM1.xml
auto.tcl: Setting watchdog for 200 seconds at Mon Sep 10 02:45:27 UTC 2018
32 ms. Memory: 208384K Free: 189259K (91%)
ptolemy.util.test.WatchDog.cancel(): canceling Mon Sep 10 02:45:28 UTC 2018
auto.tcl: Setting watchdog for 200 seconds at Mon Sep 10 02:45:28 UTC 2018
22 ms. Memory: 208384K Free: 185049K (89%)
ptolemy.util.test.WatchDog.cancel(): canceling Mon Sep 10 02:45:28 UTC 2018
------------------ testing $PTII/ptolemy/domains/de/test/auto/FSM7.xml
auto.tcl: Setting watchdog for 200 seconds at Mon Sep 10 02:45:28 UTC 2018
23 ms. Memory: 208384K Free: 187373K (90%)
ptolemy.util.test.WatchDog.cancel(): canceling Mon Sep 10 02:45:28 UTC 2018
auto.tcl: Setting watchdog for 200 seconds at Mon Sep 10 02:45:28 UTC 2018
21 ms. Memory: 208384K Free: 185260K (89%)
ptolemy.util.test.WatchDog.cancel(): canceling Mon Sep 10 02:45:28 UTC 2018
------------------ testing $PTII/ptolemy/domains/de/test/auto/Inspection.xml
auto.tcl: Setting watchdog for 200 seconds at Mon Sep 10 02:45:28 UTC 2018
40 ms. Memory: 208384K Free: 188714K (91%)
ptolemy.util.test.WatchDog.cancel(): canceling Mon Sep 10 02:45:28 UTC 2018
auto.tcl: Setting watchdog for 200 seconds at Mon Sep 10 02:45:28 UTC 2018
30 ms. Memory: 208384K Free: 186601K (90%)
ptolemy.util.test.WatchDog.cancel(): canceling Mon Sep 10 02:45:28 UTC 2018
------------------ testing $PTII/ptolemy/domains/de/test/auto/Iteration.xml
auto.tcl: Setting watchdog for 200 seconds at Mon Sep 10 02:45:28 UTC 2018
16 ms. Memory: 208384K Free: 195836K (94%)
ptolemy.util.test.WatchDog.cancel(): canceling Mon Sep 10 02:45:28 UTC 2018
auto.tcl: Setting watchdog for 200 seconds at Mon Sep 10 02:45:28 UTC 2018
8 ms. Memory: 208384K Free: 193731K (93%)
ptolemy.util.test.WatchDog.cancel(): canceling Mon Sep 10 02:45:28 UTC 2018
------------------ testing $PTII/ptolemy/domains/de/test/auto/LineFault.xml
auto.tcl: Setting watchdog for 200 seconds at Mon Sep 10 02:45:28 UTC 2018
659 ms. Memory: 208384K Free: 196074K (94%)
ptolemy.util.test.WatchDog.cancel(): canceling Mon Sep 10 02:45:29 UTC 2018
auto.tcl: Setting watchdog for 200 seconds at Mon Sep 10 02:45:29 UTC 2018
599 ms. Memory: 208384K Free: 138719K (67%)
ptolemy.util.test.WatchDog.cancel(): canceling Mon Sep 10 02:45:29 UTC 2018
------------------ testing $PTII/ptolemy/domains/de/test/auto/MergeModel1Add.xml
auto.tcl: Setting watchdog for 200 seconds at Mon Sep 10 02:45:30 UTC 2018
22 ms. Memory: 331264K Free: 298646K (90%)
ptolemy.util.test.WatchDog.cancel(): canceling Mon Sep 10 02:45:30 UTC 2018
auto.tcl: Setting watchdog for 200 seconds at Mon Sep 10 02:45:30 UTC 2018
9 ms. Memory: 331264K Free: 298646K (90%)
ptolemy.util.test.WatchDog.cancel(): canceling Mon Sep 10 02:45:30 UTC 2018
------------------ testing $PTII/ptolemy/domains/de/test/auto/MergeModel2Add.xml
auto.tcl: Setting watchdog for 200 seconds at Mon Sep 10 02:45:30 UTC 2018
12 ms. Memory: 331264K Free: 303936K (92%)
ptolemy.util.test.WatchDog.cancel(): canceling Mon Sep 10 02:45:30 UTC 2018
auto.tcl: Setting watchdog for 200 seconds at Mon Sep 10 02:45:30 UTC 2018
15 ms. Memory: 331264K Free: 299976K (91%)
ptolemy.util.test.WatchDog.cancel(): canceling Mon Sep 10 02:45:30 UTC 2018
------------------ testing $PTII/ptolemy/domains/de/test/auto/MergeModel3Add.xml
auto.tcl: Setting watchdog for 200 seconds at Mon Sep 10 02:45:30 UTC 2018
14 ms. Memory: 331264K Free: 303938K (92%)
ptolemy.util.test.WatchDog.cancel(): canceling Mon Sep 10 02:45:30 UTC 2018
auto.tcl: Setting watchdog for 200 seconds at Mon Sep 10 02:45:30 UTC 2018
8 ms. Memory: 331264K Free: 299994K (91%)
ptolemy.util.test.WatchDog.cancel(): canceling Mon Sep 10 02:45:30 UTC 2018
------------------ testing $PTII/ptolemy/domains/de/test/auto/MergeWithoutDiscard.xml
auto.tcl: Setting watchdog for 200 seconds at Mon Sep 10 02:45:30 UTC 2018
2 ms. Memory: 331264K Free: 320028K (97%)
ptolemy.util.test.WatchDog.cancel(): canceling Mon Sep 10 02:45:30 UTC 2018
auto.tcl: Setting watchdog for 200 seconds at Mon Sep 10 02:45:30 UTC 2018
1 ms. Memory: 331264K Free: 316085K (95%)
ptolemy.util.test.WatchDog.cancel(): canceling Mon Sep 10 02:45:30 UTC 2018
------------------ testing $PTII/ptolemy/domains/de/test/auto/Modal1.xml
auto.tcl: Setting watchdog for 200 seconds at Mon Sep 10 02:45:30 UTC 2018
21 ms. Memory: 331264K Free: 309680K (93%)
ptolemy.util.test.WatchDog.cancel(): canceling Mon Sep 10 02:45:30 UTC 2018
auto.tcl: Setting watchdog for 200 seconds at Mon Sep 10 02:45:30 UTC 2018
25 ms. Memory: 331264K Free: 305735K (92%)
ptolemy.util.test.WatchDog.cancel(): canceling Mon Sep 10 02:45:30 UTC 2018
------------------ testing $PTII/ptolemy/domains/de/test/auto/Modal2.xml
auto.tcl: Setting watchdog for 200 seconds at Mon Sep 10 02:45:30 UTC 2018
15 ms. Memory: 331264K Free: 309569K (93%)
ptolemy.util.test.WatchDog.cancel(): canceling Mon Sep 10 02:45:30 UTC 2018
auto.tcl: Setting watchdog for 200 seconds at Mon Sep 10 02:45:30 UTC 2018
17 ms. Memory: 331264K Free: 305625K (92%)
ptolemy.util.test.WatchDog.cancel(): canceling Mon Sep 10 02:45:30 UTC 2018
------------------ testing $PTII/ptolemy/domains/de/test/auto/Modal3.xml
auto.tcl: Setting watchdog for 200 seconds at Mon Sep 10 02:45:30 UTC 2018
9 ms. Memory: 331264K Free: 309820K (94%)
ptolemy.util.test.WatchDog.cancel(): canceling Mon Sep 10 02:45:30 UTC 2018
auto.tcl: Setting watchdog for 200 seconds at Mon Sep 10 02:45:30 UTC 2018
9 ms. Memory: 331264K Free: 305575K (92%)
ptolemy.util.test.WatchDog.cancel(): canceling Mon Sep 10 02:45:30 UTC 2018
------------------ testing $PTII/ptolemy/domains/de/test/auto/Modal4.xml
auto.tcl: Setting watchdog for 200 seconds at Mon Sep 10 02:45:30 UTC 2018
11 ms. Memory: 331264K Free: 309580K (93%)
ptolemy.util.test.WatchDog.cancel(): canceling Mon Sep 10 02:45:30 UTC 2018
auto.tcl: Setting watchdog for 200 seconds at Mon Sep 10 02:45:30 UTC 2018
15 ms. Memory: 331264K Free: 305636K (92%)
ptolemy.util.test.WatchDog.cancel(): canceling Mon Sep 10 02:45:30 UTC 2018
------------------ testing $PTII/ptolemy/domains/de/test/auto/Modal5.xml
auto.tcl: Setting watchdog for 200 seconds at Mon Sep 10 02:45:30 UTC 2018
16 ms. Memory: 331264K Free: 304652K (92%)
ptolemy.util.test.WatchDog.cancel(): canceling Mon Sep 10 02:45:31 UTC 2018
auto.tcl: Setting watchdog for 200 seconds at Mon Sep 10 02:45:31 UTC 2018
12 ms. Memory: 331264K Free: 300693K (91%)
ptolemy.util.test.WatchDog.cancel(): canceling Mon Sep 10 02:45:31 UTC 2018
------------------ testing $PTII/ptolemy/domains/de/test/auto/Modal6.xml
auto.tcl: Setting watchdog for 200 seconds at Mon Sep 10 02:45:31 UTC 2018
11 ms. Memory: 331264K Free: 309549K (93%)
ptolemy.util.test.WatchDog.cancel(): canceling Mon Sep 10 02:45:31 UTC 2018
auto.tcl: Setting watchdog for 200 seconds at Mon Sep 10 02:45:31 UTC 2018
12 ms. Memory: 331264K Free: 305605K (92%)
ptolemy.util.test.WatchDog.cancel(): canceling Mon Sep 10 02:45:31 UTC 2018
------------------ testing $PTII/ptolemy/domains/de/test/auto/Modal7.xml
auto.tcl: Setting watchdog for 200 seconds at Mon Sep 10 02:45:31 UTC 2018
9 ms. Memory: 331264K Free: 309541K (93%)
ptolemy.util.test.WatchDog.cancel(): canceling Mon Sep 10 02:45:31 UTC 2018
auto.tcl: Setting watchdog for 200 seconds at Mon Sep 10 02:45:31 UTC 2018
9 ms. Memory: 331264K Free: 305597K (92%)
ptolemy.util.test.WatchDog.cancel(): canceling Mon Sep 10 02:45:31 UTC 2018
------------------ testing $PTII/ptolemy/domains/de/test/auto/ModalModel.xml
auto.tcl: Setting watchdog for 200 seconds at Mon Sep 10 02:45:31 UTC 2018
157 ms. Memory: 331264K Free: 245787K (74%)
ptolemy.util.test.WatchDog.cancel(): canceling Mon Sep 10 02:45:31 UTC 2018
auto.tcl: Setting watchdog for 200 seconds at Mon Sep 10 02:45:31 UTC 2018
175 ms. Memory: 331264K Free: 190412K (57%)
ptolemy.util.test.WatchDog.cancel(): canceling Mon Sep 10 02:45:31 UTC 2018
------------------ testing $PTII/ptolemy/domains/de/test/auto/ModalSource.xml
auto.tcl: Setting watchdog for 200 seconds at Mon Sep 10 02:45:31 UTC 2018
5 ms. Memory: 331264K Free: 316518K (96%)
ptolemy.util.test.WatchDog.cancel(): canceling Mon Sep 10 02:45:31 UTC 2018
auto.tcl: Setting watchdog for 200 seconds at Mon Sep 10 02:45:31 UTC 2018
5 ms. Memory: 331264K Free: 312990K (94%)
ptolemy.util.test.WatchDog.cancel(): canceling Mon Sep 10 02:45:31 UTC 2018
------------------ testing $PTII/ptolemy/domains/de/test/auto/NonInterruptibleTimerZeroDelay.xml
auto.tcl: Setting watchdog for 200 seconds at Mon Sep 10 02:45:31 UTC 2018
3 ms. Memory: 331264K Free: 320698K (97%)
ptolemy.util.test.WatchDog.cancel(): canceling Mon Sep 10 02:45:31 UTC 2018
auto.tcl: Setting watchdog for 200 seconds at Mon Sep 10 02:45:31 UTC 2018
3 ms. Memory: 331264K Free: 317179K (96%)
ptolemy.util.test.WatchDog.cancel(): canceling Mon Sep 10 02:45:31 UTC 2018
------------------ testing $PTII/ptolemy/domains/de/test/auto/OpenQueueingNetwork.xml
auto.tcl: Setting watchdog for 200 seconds at Mon Sep 10 02:45:31 UTC 2018
2785 ms. Memory: 317952K Free: 165116K (52%)
ptolemy.util.test.WatchDog.cancel(): canceling Mon Sep 10 02:45:34 UTC 2018
auto.tcl: Setting watchdog for 200 seconds at Mon Sep 10 02:45:34 UTC 2018
2244 ms. Memory: 287232K Free: 248836K (87%)
ptolemy.util.test.WatchDog.cancel(): canceling Mon Sep 10 02:45:37 UTC 2018
------------------ testing $PTII/ptolemy/domains/de/test/auto/OpenQueuingNetwork.xml
auto.tcl: Setting watchdog for 200 seconds at Mon Sep 10 02:45:37 UTC 2018
244 ms. Memory: 287232K Free: 187221K (65%)
ptolemy.util.test.WatchDog.cancel(): canceling Mon Sep 10 02:45:37 UTC 2018
auto.tcl: Setting watchdog for 200 seconds at Mon Sep 10 02:45:37 UTC 2018
213 ms. Memory: 287232K Free: 129722K (45%)
ptolemy.util.test.WatchDog.cancel(): canceling Mon Sep 10 02:45:37 UTC 2018
------------------ testing $PTII/ptolemy/domains/de/test/auto/PeriodicSampler.xml
auto.tcl: Setting watchdog for 200 seconds at Mon Sep 10 02:45:37 UTC 2018
3 ms. Memory: 289792K Free: 274645K (95%)
ptolemy.util.test.WatchDog.cancel(): canceling Mon Sep 10 02:45:37 UTC 2018
auto.tcl: Setting watchdog for 200 seconds at Mon Sep 10 02:45:37 UTC 2018
2 ms. Memory: 289792K Free: 274645K (95%)
ptolemy.util.test.WatchDog.cancel(): canceling Mon Sep 10 02:45:37 UTC 2018
------------------ testing $PTII/ptolemy/domains/de/test/auto/PersistentIO.xml
auto.tcl: Setting watchdog for 200 seconds at Mon Sep 10 02:45:37 UTC 2018
14 ms. Memory: 287232K Free: 266888K (93%)
ptolemy.util.test.WatchDog.cancel(): canceling Mon Sep 10 02:45:37 UTC 2018
auto.tcl: Setting watchdog for 200 seconds at Mon Sep 10 02:45:37 UTC 2018
3 ms. Memory: 287232K Free: 266888K (93%)
ptolemy.util.test.WatchDog.cancel(): canceling Mon Sep 10 02:45:37 UTC 2018
------------------ testing $PTII/ptolemy/domains/de/test/auto/PortParameterResetOnInitialize.xml
auto.tcl: Setting watchdog for 200 seconds at Mon Sep 10 02:45:37 UTC 2018
2 ms. Memory: 289280K Free: 274593K (95%)
ptolemy.util.test.WatchDog.cancel(): canceling Mon Sep 10 02:45:37 UTC 2018
auto.tcl: Setting watchdog for 200 seconds at Mon Sep 10 02:45:37 UTC 2018
1 ms. Memory: 289280K Free: 274593K (95%)
ptolemy.util.test.WatchDog.cancel(): canceling Mon Sep 10 02:45:37 UTC 2018
------------------ testing $PTII/ptolemy/domains/de/test/auto/PortParameterUpdates.xml
auto.tcl: Setting watchdog for 200 seconds at Mon Sep 10 02:45:37 UTC 2018
5 ms. Memory: 287232K Free: 274737K (96%)
ptolemy.util.test.WatchDog.cancel(): canceling Mon Sep 10 02:45:37 UTC 2018
auto.tcl: Setting watchdog for 200 seconds at Mon Sep 10 02:45:37 UTC 2018
3 ms. Memory: 287232K Free: 271831K (95%)
ptolemy.util.test.WatchDog.cancel(): canceling Mon Sep 10 02:45:37 UTC 2018
------------------ testing $PTII/ptolemy/domains/de/test/auto/QueueAndServer.xml
auto.tcl: Setting watchdog for 200 seconds at Mon Sep 10 02:45:37 UTC 2018
17 ms. Memory: 289280K Free: 271691K (94%)
ptolemy.util.test.WatchDog.cancel(): canceling Mon Sep 10 02:45:38 UTC 2018
auto.tcl: Setting watchdog for 200 seconds at Mon Sep 10 02:45:38 UTC 2018
5 ms. Memory: 289280K Free: 271691K (94%)
ptolemy.util.test.WatchDog.cancel(): canceling Mon Sep 10 02:45:38 UTC 2018
------------------ testing $PTII/ptolemy/domains/de/test/auto/Records.xml
auto.tcl: Setting watchdog for 200 seconds at Mon Sep 10 02:45:38 UTC 2018
4 ms. Memory: 287232K Free: 274542K (96%)
ptolemy.util.test.WatchDog.cancel(): canceling Mon Sep 10 02:45:38 UTC 2018
auto.tcl: Setting watchdog for 200 seconds at Mon Sep 10 02:45:38 UTC 2018
2 ms. Memory: 287232K Free: 274542K (96%)
ptolemy.util.test.WatchDog.cancel(): canceling Mon Sep 10 02:45:38 UTC 2018
------------------ testing $PTII/ptolemy/domains/de/test/auto/ResetTransitionWithStartTime1.xml
auto.tcl: Setting watchdog for 200 seconds at Mon Sep 10 02:45:38 UTC 2018
6 ms. Memory: 288768K Free: 273206K (95%)
ptolemy.util.test.WatchDog.cancel(): canceling Mon Sep 10 02:45:38 UTC 2018
auto.tcl: Setting watchdog for 200 seconds at Mon Sep 10 02:45:38 UTC 2018
5 ms. Memory: 288768K Free: 270292K (94%)
ptolemy.util.test.WatchDog.cancel(): canceling Mon Sep 10 02:45:38 UTC 2018
------------------ testing $PTII/ptolemy/domains/de/test/auto/ResetTransitionWithStartTime2.xml
auto.tcl: Setting watchdog for 200 seconds at Mon Sep 10 02:45:38 UTC 2018
7 ms. Memory: 287232K Free: 271754K (95%)
ptolemy.util.test.WatchDog.cancel(): canceling Mon Sep 10 02:45:38 UTC 2018
auto.tcl: Setting watchdog for 200 seconds at Mon Sep 10 02:45:38 UTC 2018
6 ms. Memory: 287232K Free: 268840K (94%)
ptolemy.util.test.WatchDog.cancel(): canceling Mon Sep 10 02:45:38 UTC 2018
------------------ testing $PTII/ptolemy/domains/de/test/auto/ResetTransitionWithStartTime3.xml
auto.tcl: Setting watchdog for 200 seconds at Mon Sep 10 02:45:38 UTC 2018
4 ms. Memory: 288768K Free: 273196K (95%)
ptolemy.util.test.WatchDog.cancel(): canceling Mon Sep 10 02:45:38 UTC 2018
auto.tcl: Setting watchdog for 200 seconds at Mon Sep 10 02:45:38 UTC 2018
5 ms. Memory: 288768K Free: 270289K (94%)
ptolemy.util.test.WatchDog.cancel(): canceling Mon Sep 10 02:45:38 UTC 2018
------------------ testing $PTII/ptolemy/domains/de/test/auto/ResetTransitionWithStartTime4.xml
auto.tcl: Setting watchdog for 200 seconds at Mon Sep 10 02:45:38 UTC 2018
3 ms. Memory: 287232K Free: 271674K (95%)
ptolemy.util.test.WatchDog.cancel(): canceling Mon Sep 10 02:45:38 UTC 2018
auto.tcl: Setting watchdog for 200 seconds at Mon Sep 10 02:45:38 UTC 2018
3 ms. Memory: 287232K Free: 271674K (95%)
ptolemy.util.test.WatchDog.cancel(): canceling Mon Sep 10 02:45:38 UTC 2018
------------------ testing $PTII/ptolemy/domains/de/test/auto/ResettableTimer1.xml
auto.tcl: Setting watchdog for 200 seconds at Mon Sep 10 02:45:38 UTC 2018
3 ms. Memory: 288768K Free: 276104K (96%)
ptolemy.util.test.WatchDog.cancel(): canceling Mon Sep 10 02:45:38 UTC 2018
auto.tcl: Setting watchdog for 200 seconds at Mon Sep 10 02:45:38 UTC 2018
2 ms. Memory: 288768K Free: 276104K (96%)
ptolemy.util.test.WatchDog.cancel(): canceling Mon Sep 10 02:45:38 UTC 2018
------------------ testing $PTII/ptolemy/domains/de/test/auto/ResettableTimer2.xml
auto.tcl: Setting watchdog for 200 seconds at Mon Sep 10 02:45:38 UTC 2018
2 ms. Memory: 287232K Free: 274711K (96%)
ptolemy.util.test.WatchDog.cancel(): canceling Mon Sep 10 02:45:38 UTC 2018
auto.tcl: Setting watchdog for 200 seconds at Mon Sep 10 02:45:38 UTC 2018
2 ms. Memory: 287232K Free: 274711K (96%)
ptolemy.util.test.WatchDog.cancel(): canceling Mon Sep 10 02:45:38 UTC 2018
------------------ testing $PTII/ptolemy/domains/de/test/auto/ResettableTimer3.xml
auto.tcl: Setting watchdog for 200 seconds at Mon Sep 10 02:45:38 UTC 2018
1 ms. Memory: 288256K Free: 275634K (96%)
ptolemy.util.test.WatchDog.cancel(): canceling Mon Sep 10 02:45:38 UTC 2018
auto.tcl: Setting watchdog for 200 seconds at Mon Sep 10 02:45:38 UTC 2018
1 ms. Memory: 288256K Free: 275634K (96%)
ptolemy.util.test.WatchDog.cancel(): canceling Mon Sep 10 02:45:38 UTC 2018
------------------ testing $PTII/ptolemy/domains/de/test/auto/ResettableTimer4.xml
auto.tcl: Setting watchdog for 200 seconds at Mon Sep 10 02:45:38 UTC 2018
1 ms. Memory: 287232K Free: 274724K (96%)
ptolemy.util.test.WatchDog.cancel(): canceling Mon Sep 10 02:45:38 UTC 2018
auto.tcl: Setting watchdog for 200 seconds at Mon Sep 10 02:45:38 UTC 2018
1 ms. Memory: 287232K Free: 274724K (96%)
ptolemy.util.test.WatchDog.cancel(): canceling Mon Sep 10 02:45:38 UTC 2018
------------------ testing $PTII/ptolemy/domains/de/test/auto/ResettableTimer5.xml
auto.tcl: Setting watchdog for 200 seconds at Mon Sep 10 02:45:38 UTC 2018
2 ms. Memory: 288256K Free: 273587K (95%)
ptolemy.util.test.WatchDog.cancel(): canceling Mon Sep 10 02:45:38 UTC 2018
auto.tcl: Setting watchdog for 200 seconds at Mon Sep 10 02:45:38 UTC 2018
1 ms. Memory: 288256K Free: 273587K (95%)
ptolemy.util.test.WatchDog.cancel(): canceling Mon Sep 10 02:45:38 UTC 2018
------------------ testing $PTII/ptolemy/domains/de/test/auto/ResettableTimer6.xml
auto.tcl: Setting watchdog for 200 seconds at Mon Sep 10 02:45:38 UTC 2018
3 ms. Memory: 287232K Free: 274570K (96%)
ptolemy.util.test.WatchDog.cancel(): canceling Mon Sep 10 02:45:38 UTC 2018
auto.tcl: Setting watchdog for 200 seconds at Mon Sep 10 02:45:38 UTC 2018
1 ms. Memory: 287232K Free: 274570K (96%)
ptolemy.util.test.WatchDog.cancel(): canceling Mon Sep 10 02:45:38 UTC 2018
------------------ testing $PTII/ptolemy/domains/de/test/auto/ServerZeroDelay.xml
auto.tcl: Setting watchdog for 200 seconds at Mon Sep 10 02:45:38 UTC 2018
2 ms. Memory: 288256K Free: 275686K (96%)
ptolemy.util.test.WatchDog.cancel(): canceling Mon Sep 10 02:45:38 UTC 2018
auto.tcl: Setting watchdog for 200 seconds at Mon Sep 10 02:45:38 UTC 2018
3 ms. Memory: 288256K Free: 275686K (96%)
ptolemy.util.test.WatchDog.cancel(): canceling Mon Sep 10 02:45:38 UTC 2018
------------------ testing $PTII/ptolemy/domains/de/test/auto/SmartSender.xml
auto.tcl: Setting watchdog for 200 seconds at Mon Sep 10 02:45:38 UTC 2018
3002 ms. Memory: 287232K Free: 274657K (96%)
ptolemy.util.test.WatchDog.cancel(): canceling Mon Sep 10 02:45:41 UTC 2018
auto.tcl: Setting watchdog for 200 seconds at Mon Sep 10 02:45:41 UTC 2018
3003 ms. Memory: 287232K Free: 274657K (96%)
ptolemy.util.test.WatchDog.cancel(): canceling Mon Sep 10 02:45:44 UTC 2018
------------------ testing $PTII/ptolemy/domains/de/test/auto/ThreadedComposite.xml
auto.tcl: Setting watchdog for 200 seconds at Mon Sep 10 02:45:44 UTC 2018
226 ms. Memory: 288256K Free: 252474K (88%)
ptolemy.util.test.WatchDog.cancel(): canceling Mon Sep 10 02:45:45 UTC 2018
auto.tcl: Setting watchdog for 200 seconds at Mon Sep 10 02:45:45 UTC 2018
190 ms. Memory: 288256K Free: 234328K (81%)
ptolemy.util.test.WatchDog.cancel(): canceling Mon Sep 10 02:45:45 UTC 2018
------------------ testing $PTII/ptolemy/domains/de/test/auto/Time.xml
auto.tcl: Setting watchdog for 200 seconds at Mon Sep 10 02:45:45 UTC 2018
493 ms. Memory: 287232K Free: 222825K (78%)
ptolemy.util.test.WatchDog.cancel(): canceling Mon Sep 10 02:45:45 UTC 2018
auto.tcl: Setting watchdog for 200 seconds at Mon Sep 10 02:45:45 UTC 2018
452 ms. Memory: 287232K Free: 170656K (59%)
ptolemy.util.test.WatchDog.cancel(): canceling Mon Sep 10 02:45:46 UTC 2018
------------------ testing $PTII/ptolemy/domains/de/test/auto/TimeDelayZeroDelay.xml
auto.tcl: Setting watchdog for 200 seconds at Mon Sep 10 02:45:46 UTC 2018
2 ms. Memory: 287744K Free: 275633K (96%)
ptolemy.util.test.WatchDog.cancel(): canceling Mon Sep 10 02:45:46 UTC 2018
auto.tcl: Setting watchdog for 200 seconds at Mon Sep 10 02:45:46 UTC 2018
2 ms. Memory: 287744K Free: 275633K (96%)
ptolemy.util.test.WatchDog.cancel(): canceling Mon Sep 10 02:45:46 UTC 2018
------------------ testing $PTII/ptolemy/domains/de/test/auto/TimerZeroDelay.xml
auto.tcl: Setting watchdog for 200 seconds at Mon Sep 10 02:45:46 UTC 2018
4 ms. Memory: 287232K Free: 275231K (96%)
ptolemy.util.test.WatchDog.cancel(): canceling Mon Sep 10 02:45:46 UTC 2018
auto.tcl: Setting watchdog for 200 seconds at Mon Sep 10 02:45:46 UTC 2018
2 ms. Memory: 287232K Free: 275231K (96%)
ptolemy.util.test.WatchDog.cancel(): canceling Mon Sep 10 02:45:46 UTC 2018
------------------ testing $PTII/ptolemy/domains/de/test/auto/TimingParadox.xml
auto.tcl: Setting watchdog for 200 seconds at Mon Sep 10 02:45:46 UTC 2018
330 ms. Memory: 287744K Free: 211521K (74%)
ptolemy.util.test.WatchDog.cancel(): canceling Mon Sep 10 02:45:47 UTC 2018
auto.tcl: Setting watchdog for 200 seconds at Mon Sep 10 02:45:47 UTC 2018
318 ms. Memory: 287744K Free: 177772K (62%)
ptolemy.util.test.WatchDog.cancel(): canceling Mon Sep 10 02:45:47 UTC 2018
------------------ testing $PTII/ptolemy/domains/de/test/auto/TransferInputs.xml
auto.tcl: Setting watchdog for 200 seconds at Mon Sep 10 02:45:47 UTC 2018
1 ms. Memory: 287744K Free: 274613K (95%)
ptolemy.util.test.WatchDog.cancel(): canceling Mon Sep 10 02:45:47 UTC 2018
auto.tcl: Setting watchdog for 200 seconds at Mon Sep 10 02:45:47 UTC 2018
2 ms. Memory: 287744K Free: 274613K (95%)
ptolemy.util.test.WatchDog.cancel(): canceling Mon Sep 10 02:45:47 UTC 2018
------------------ testing $PTII/ptolemy/domains/de/test/auto/TransferOutputs2.xml
auto.tcl: Setting watchdog for 200 seconds at Mon Sep 10 02:45:47 UTC 2018
4 ms. Memory: 287232K Free: 270533K (94%)
ptolemy.util.test.WatchDog.cancel(): canceling Mon Sep 10 02:45:47 UTC 2018
auto.tcl: Setting watchdog for 200 seconds at Mon Sep 10 02:45:47 UTC 2018
2 ms. Memory: 287232K Free: 267906K (93%)
ptolemy.util.test.WatchDog.cancel(): canceling Mon Sep 10 02:45:47 UTC 2018
------------------ testing $PTII/ptolemy/domains/de/test/auto/Trilateration.xml
auto.tcl: Setting watchdog for 200 seconds at Mon Sep 10 02:45:47 UTC 2018
13863 ms. Memory: 759296K Free: 729493K (96%)
ptolemy.util.test.WatchDog.cancel(): canceling Mon Sep 10 02:46:02 UTC 2018
auto.tcl: Setting watchdog for 200 seconds at Mon Sep 10 02:46:02 UTC 2018
10877 ms. Memory: 639488K Free: 547956K (86%)
ptolemy.util.test.WatchDog.cancel(): canceling Mon Sep 10 02:46:13 UTC 2018
------------------ testing $PTII/ptolemy/domains/de/test/auto/TwoSigmaDelta.xml
auto.tcl: Setting watchdog for 200 seconds at Mon Sep 10 02:46:13 UTC 2018
2641 ms. Memory: 643072K Free: 337935K (53%)
ptolemy.util.test.WatchDog.cancel(): canceling Mon Sep 10 02:46:16 UTC 2018
auto.tcl: Setting watchdog for 200 seconds at Mon Sep 10 02:46:16 UTC 2018
2107 ms. Memory: 643072K Free: 116843K (18%)
ptolemy.util.test.WatchDog.cancel(): canceling Mon Sep 10 02:46:18 UTC 2018
------------------ testing $PTII/ptolemy/domains/de/test/auto/VariableDelay.xml
auto.tcl: Setting watchdog for 200 seconds at Mon Sep 10 02:46:18 UTC 2018
2 ms. Memory: 640000K Free: 620387K (97%)
ptolemy.util.test.WatchDog.cancel(): canceling Mon Sep 10 02:46:18 UTC 2018
auto.tcl: Setting watchdog for 200 seconds at Mon Sep 10 02:46:18 UTC 2018
2 ms. Memory: 640000K Free: 620387K (97%)
ptolemy.util.test.WatchDog.cancel(): canceling Mon Sep 10 02:46:18 UTC 2018
------------------ testing $PTII/ptolemy/domains/de/test/auto/VariableDelay2.xml
auto.tcl: Setting watchdog for 200 seconds at Mon Sep 10 02:46:18 UTC 2018
3 ms. Memory: 639488K Free: 620298K (97%)
ptolemy.util.test.WatchDog.cancel(): canceling Mon Sep 10 02:46:18 UTC 2018
auto.tcl: Setting watchdog for 200 seconds at Mon Sep 10 02:46:18 UTC 2018
2 ms. Memory: 639488K Free: 620298K (97%)
ptolemy.util.test.WatchDog.cancel(): canceling Mon Sep 10 02:46:18 UTC 2018
------------------ testing $PTII/ptolemy/domains/de/test/auto/VariableDelayZeroDelay.xml
auto.tcl: Setting watchdog for 200 seconds at Mon Sep 10 02:46:18 UTC 2018
2 ms. Memory: 639488K Free: 614716K (96%)
ptolemy.util.test.WatchDog.cancel(): canceling Mon Sep 10 02:46:18 UTC 2018
auto.tcl: Setting watchdog for 200 seconds at Mon Sep 10 02:46:18 UTC 2018
1 ms. Memory: 639488K Free: 614716K (96%)
ptolemy.util.test.WatchDog.cancel(): canceling Mon Sep 10 02:46:18 UTC 2018
------------------ testing $PTII/ptolemy/domains/de/test/auto/VariableDelayZeroDelay2.xml
auto.tcl: Setting watchdog for 200 seconds at Mon Sep 10 02:46:18 UTC 2018
1 ms. Memory: 642048K Free: 617274K (96%)
ptolemy.util.test.WatchDog.cancel(): canceling Mon Sep 10 02:46:18 UTC 2018
auto.tcl: Setting watchdog for 200 seconds at Mon Sep 10 02:46:18 UTC 2018
2 ms. Memory: 642048K Free: 617274K (96%)
ptolemy.util.test.WatchDog.cancel(): canceling Mon Sep 10 02:46:18 UTC 2018
------------------ testing $PTII/ptolemy/domains/de/test/auto/deInCt.xml
auto.tcl: Setting watchdog for 200 seconds at Mon Sep 10 02:46:18 UTC 2018
0
1
1
1
1
1
0
0
0
1
1
0
0
0
1
1
1
0
0
0
0
0
0
1
1
1
1
0
0
0
1
1
1
0
0
0
16 ms. Memory: 639488K Free: 614703K (96%)
ptolemy.util.test.WatchDog.cancel(): canceling Mon Sep 10 02:46:18 UTC 2018
auto.tcl: Setting watchdog for 200 seconds at Mon Sep 10 02:46:18 UTC 2018
0
1
1
1
1
0
0
0
1
1
1
0
0
0
0
1
1
1
1
0
0
0
0
0
0
1
1
1
4 ms. Memory: 639488K Free: 614703K (96%)
ptolemy.util.test.WatchDog.cancel(): canceling Mon Sep 10 02:46:18 UTC 2018
------------------ testing $PTII/ptolemy/domains/de/test/auto/deInCt2.xml
auto.tcl: Setting watchdog for 200 seconds at Mon Sep 10 02:46:18 UTC 2018
0
1
1
1
0
0
1
1
1
0
0
1
1
1
0
0
1
1
1
0
0
1
1
1
0
0
1
1
1
0
0
1
1
1
0
0
1
1
1
0
0
0
8 ms. Memory: 642048K Free: 617263K (96%)
ptolemy.util.test.WatchDog.cancel(): canceling Mon Sep 10 02:46:18 UTC 2018
auto.tcl: Setting watchdog for 200 seconds at Mon Sep 10 02:46:18 UTC 2018
0
1
1
1
0
0
1
1
1
0
0
1
1
1
0
0
1
1
1
0
0
1
1
1
0
0
1
1
1
0
0
1
1
1
0
0
1
1
1
0
0
0
5 ms. Memory: 642048K Free: 617263K (96%)
ptolemy.util.test.WatchDog.cancel(): canceling Mon Sep 10 02:46:18 UTC 2018
------------------ testing $PTII/ptolemy/domains/de/test/auto/dynamicCausalityInterface1.xml
auto.tcl: Setting watchdog for 200 seconds at Mon Sep 10 02:46:18 UTC 2018
2 ms. Memory: 639488K Free: 611530K (96%)
ptolemy.util.test.WatchDog.cancel(): canceling Mon Sep 10 02:46:18 UTC 2018
auto.tcl: Setting watchdog for 200 seconds at Mon Sep 10 02:46:18 UTC 2018
0 ms. Memory: 639488K Free: 611530K (96%)
ptolemy.util.test.WatchDog.cancel(): canceling Mon Sep 10 02:46:18 UTC 2018
------------------ testing $PTII/ptolemy/domains/de/test/auto/fsm_de_test.xml
auto.tcl: Setting watchdog for 200 seconds at Mon Sep 10 02:46:18 UTC 2018
13 ms. Memory: 641536K Free: 616650K (96%)
ptolemy.util.test.WatchDog.cancel(): canceling Mon Sep 10 02:46:18 UTC 2018
auto.tcl: Setting watchdog for 200 seconds at Mon Sep 10 02:46:18 UTC 2018
5 ms. Memory: 641536K Free: 607900K (95%)
ptolemy.util.test.WatchDog.cancel(): canceling Mon Sep 10 02:46:18 UTC 2018
------------------ testing $PTII/ptolemy/domains/de/test/auto/functionDependencyReconstruction.xml
auto.tcl: Setting watchdog for 200 seconds at Mon Sep 10 02:46:18 UTC 2018
2 ms. Memory: 639488K Free: 605851K (95%)
ptolemy.util.test.WatchDog.cancel(): canceling Mon Sep 10 02:46:18 UTC 2018
auto.tcl: Setting watchdog for 200 seconds at Mon Sep 10 02:46:18 UTC 2018
3 ms. Memory: 639488K Free: 605851K (95%)
ptolemy.util.test.WatchDog.cancel(): canceling Mon Sep 10 02:46:18 UTC 2018
------------------ testing $PTII/ptolemy/domains/de/test/auto/multirate.xml
auto.tcl: Setting watchdog for 200 seconds at Mon Sep 10 02:46:18 UTC 2018
6 ms. Memory: 641536K Free: 622096K (97%)
ptolemy.util.test.WatchDog.cancel(): canceling Mon Sep 10 02:46:18 UTC 2018
auto.tcl: Setting watchdog for 200 seconds at Mon Sep 10 02:46:18 UTC 2018
3 ms. Memory: 641536K Free: 622096K (97%)
ptolemy.util.test.WatchDog.cancel(): canceling Mon Sep 10 02:46:18 UTC 2018
------------------ testing $PTII/ptolemy/domains/de/test/auto/multirate2.xml
auto.tcl: Setting watchdog for 200 seconds at Mon Sep 10 02:46:19 UTC 2018
3 ms. Memory: 639488K Free: 614656K (96%)
ptolemy.util.test.WatchDog.cancel(): canceling Mon Sep 10 02:46:19 UTC 2018
auto.tcl: Setting watchdog for 200 seconds at Mon Sep 10 02:46:19 UTC 2018
3 ms. Memory: 639488K Free: 614656K (96%)
ptolemy.util.test.WatchDog.cancel(): canceling Mon Sep 10 02:46:19 UTC 2018
------------------ testing $PTII/ptolemy/domains/de/test/auto/realtime.xml
auto.tcl: Setting watchdog for 200 seconds at Mon Sep 10 02:46:19 UTC 2018
10007 ms. Memory: 641024K Free: 616182K (96%)
ptolemy.util.test.WatchDog.cancel(): canceling Mon Sep 10 02:46:29 UTC 2018
auto.tcl: Setting watchdog for 200 seconds at Mon Sep 10 02:46:29 UTC 2018
10001 ms. Memory: 641024K Free: 616182K (96%)
ptolemy.util.test.WatchDog.cancel(): canceling Mon Sep 10 02:46:39 UTC 2018
------------------ testing $PTII/ptolemy/domains/de/test/auto/relationGroup.xml
auto.tcl: Setting watchdog for 200 seconds at Mon Sep 10 02:46:39 UTC 2018
1 ms. Memory: 639488K Free: 614680K (96%)
ptolemy.util.test.WatchDog.cancel(): canceling Mon Sep 10 02:46:39 UTC 2018
auto.tcl: Setting watchdog for 200 seconds at Mon Sep 10 02:46:39 UTC 2018
2 ms. Memory: 639488K Free: 614680K (96%)
ptolemy.util.test.WatchDog.cancel(): canceling Mon Sep 10 02:46:39 UTC 2018
------------------ testing $PTII/ptolemy/domains/de/test/auto/relationGroup2.xml
auto.tcl: Setting watchdog for 200 seconds at Mon Sep 10 02:46:39 UTC 2018
2 ms. Memory: 641024K Free: 616243K (96%)
ptolemy.util.test.WatchDog.cancel(): canceling Mon Sep 10 02:46:39 UTC 2018
auto.tcl: Setting watchdog for 200 seconds at Mon Sep 10 02:46:39 UTC 2018
1 ms. Memory: 641024K Free: 616243K (96%)
ptolemy.util.test.WatchDog.cancel(): canceling Mon Sep 10 02:46:39 UTC 2018
------------------ testing $PTII/ptolemy/domains/de/test/auto/sortWithOpaquePorts.xml
auto.tcl: Setting watchdog for 200 seconds at Mon Sep 10 02:46:39 UTC 2018
1 ms. Memory: 639488K Free: 614708K (96%)
ptolemy.util.test.WatchDog.cancel(): canceling Mon Sep 10 02:46:39 UTC 2018
auto.tcl: Setting watchdog for 200 seconds at Mon Sep 10 02:46:39 UTC 2018
2 ms. Memory: 639488K Free: 614708K (96%)
ptolemy.util.test.WatchDog.cancel(): canceling Mon Sep 10 02:46:39 UTC 2018
------------------ testing $PTII/ptolemy/domains/de/test/auto/transferInputsandOutputs.xml
auto.tcl: Setting watchdog for 200 seconds at Mon Sep 10 02:46:39 UTC 2018
2 ms. Memory: 640512K Free: 615719K (96%)
ptolemy.util.test.WatchDog.cancel(): canceling Mon Sep 10 02:46:39 UTC 2018
auto.tcl: Setting watchdog for 200 seconds at Mon Sep 10 02:46:39 UTC 2018
2 ms. Memory: 640512K Free: 615719K (96%)
ptolemy.util.test.WatchDog.cancel(): canceling Mon Sep 10 02:46:39 UTC 2018
------------------ testing $PTII/ptolemy/domains/de/test/auto/triggerType.xml
auto.tcl: Setting watchdog for 200 seconds at Mon Sep 10 02:46:39 UTC 2018
2 ms. Memory: 639488K Free: 614645K (96%)
ptolemy.util.test.WatchDog.cancel(): canceling Mon Sep 10 02:46:39 UTC 2018
auto.tcl: Setting watchdog for 200 seconds at Mon Sep 10 02:46:39 UTC 2018
2 ms. Memory: 639488K Free: 614645K (96%)
ptolemy.util.test.WatchDog.cancel(): canceling Mon Sep 10 02:46:39 UTC 2018
09/10/18 02:46:39
Failed: 0  Total Tests: 192  ((Passed: 187, Newly Passed: 1)  Known Failed: 5) /home/travis/build/icyphy/ptII/ptolemy/domains/de/test
09/10/18 02:46:39
Failed: 0  Total Tests: 192  ((Passed: 187, Newly Passed: 1)  Known Failed: 5) /home/travis/build/icyphy/ptII/ptolemy/domains/de/test
----------------- testing (KnownFailure) /home/travis/build/icyphy/ptII/ptolemy/domains/de/test/auto/knownFailedTests/DESDFClockTest.xml
2015 ms. Memory: 640512K Free: 604552K (94%)
Known Failure: java.lang.reflect.InvocationTargetException
----------------- testing (KnownFailure) /home/travis/build/icyphy/ptII/ptolemy/domains/de/test/auto/knownFailedTests/DirectFeedback.xml
3 ms. Memory: 640512K Free: 559905K (87%)
Known Failure: java.lang.reflect.InvocationTargetException
----------------- testing (KnownFailure) /home/travis/build/icyphy/ptII/ptolemy/domains/de/test/auto/knownFailedTests/FSMSource.xml
10 ms. Memory: 640512K Free: 515258K (80%)
----------------- testing (KnownFailure) /home/travis/build/icyphy/ptII/ptolemy/domains/de/test/auto/knownFailedTests/HierarchicalModel.xml
4 ms. Memory: 640512K Free: 481773K (75%)
Known Failure: java.lang.reflect.InvocationTargetException
----------------- testing (KnownFailure) /home/travis/build/icyphy/ptII/ptolemy/domains/de/test/auto/knownFailedTests/dependencyLoop.xml
2 ms. Memory: 640512K Free: 425949K (67%)
Known Failure: java.lang.reflect.InvocationTargetException
----------------- testing (KnownFailure) /home/travis/build/icyphy/ptII/ptolemy/domains/de/test/auto/knownFailedTests/dependencyLoop2.xml
4 ms. Memory: 640512K Free: 370133K (58%)
Known Failure: java.lang.reflect.InvocationTargetException
No auto/linux-amd64/*.xml tests in /home/travis/build/icyphy/ptII/ptolemy/domains/de/test
AutoTests.java: About to close Vertx.
AutoTests.java: Vertx closed.

===========================================================================================
----------------- testing Mon Sep 10 02:46:41 UTC 2018 /home/travis/build/icyphy/ptII/ptolemy/domains/de/test/auto/ActorDepthCalculation_actorWithoutPorts.xml
----------------- Instantiating /home/travis/build/icyphy/ptII/ptolemy/domains/de/test/auto/ActorDepthCalculation_actorWithoutPorts.xml
1 ms. Memory: 640512K Free: 314325K (49%)
----------------- Invoking toplevel() on ptolemy.moml.MoMLSimpleApplication@5451a4d8
----------------- Done invoking toplevel() on ptolemy.moml.MoMLSimpleApplication@5451a4d8
reloadAllAccessors: .ActorDepthCalculation_actorWithoutPorts

===========================================================================================
----------------- testing Mon Sep 10 02:46:41 UTC 2018 /home/travis/build/icyphy/ptII/ptolemy/domains/de/test/auto/AssemblyLine.xml
----------------- Instantiating /home/travis/build/icyphy/ptII/ptolemy/domains/de/test/auto/AssemblyLine.xml
5 ms. Memory: 640512K Free: 292001K (46%)
----------------- Invoking toplevel() on ptolemy.moml.MoMLSimpleApplication@28f9bc64
----------------- Done invoking toplevel() on ptolemy.moml.MoMLSimpleApplication@28f9bc64
reloadAllAccessors: .AssemblyLine

===========================================================================================
----------------- testing Mon Sep 10 02:46:41 UTC 2018 /home/travis/build/icyphy/ptII/ptolemy/domains/de/test/auto/CQBug1.xml
----------------- Instantiating /home/travis/build/icyphy/ptII/ptolemy/domains/de/test/auto/CQBug1.xml
1 ms. Memory: 640512K Free: 269678K (42%)
----------------- Invoking toplevel() on ptolemy.moml.MoMLSimpleApplication@7cfcb50e
----------------- Done invoking toplevel() on ptolemy.moml.MoMLSimpleApplication@7cfcb50e
reloadAllAccessors: .CQBug1

===========================================================================================
----------------- testing Mon Sep 10 02:46:41 UTC 2018 /home/travis/build/icyphy/ptII/ptolemy/domains/de/test/auto/CancelFireAt.xml
----------------- Instantiating /home/travis/build/icyphy/ptII/ptolemy/domains/de/test/auto/CancelFireAt.xml
1 ms. Memory: 640512K Free: 247355K (39%)
----------------- Invoking toplevel() on ptolemy.moml.MoMLSimpleApplication@58d6aa17
----------------- Done invoking toplevel() on ptolemy.moml.MoMLSimpleApplication@58d6aa17
reloadAllAccessors: .CancelFireAt

===========================================================================================
----------------- testing Mon Sep 10 02:46:41 UTC 2018 /home/travis/build/icyphy/ptII/ptolemy/domains/de/test/auto/CausalityAndComposabilityAnalysis.xml
----------------- Instantiating /home/travis/build/icyphy/ptII/ptolemy/domains/de/test/auto/CausalityAndComposabilityAnalysis.xml
2 ms. Memory: 640512K Free: 225032K (35%)
----------------- Invoking toplevel() on ptolemy.moml.MoMLSimpleApplication@379ace5e
----------------- Done invoking toplevel() on ptolemy.moml.MoMLSimpleApplication@379ace5e
reloadAllAccessors: .CausalityAndComposabilityAnalysis

===========================================================================================
----------------- testing Mon Sep 10 02:46:41 UTC 2018 /home/travis/build/icyphy/ptII/ptolemy/domains/de/test/auto/CausalityInterface1.xml
----------------- Instantiating /home/travis/build/icyphy/ptII/ptolemy/domains/de/test/auto/CausalityInterface1.xml
4 ms. Memory: 640512K Free: 202709K (32%)
----------------- Invoking toplevel() on ptolemy.moml.MoMLSimpleApplication@bb6ab05
----------------- Done invoking toplevel() on ptolemy.moml.MoMLSimpleApplication@bb6ab05
reloadAllAccessors: .CausalityInterface1

===========================================================================================
----------------- testing Mon Sep 10 02:46:41 UTC 2018 /home/travis/build/icyphy/ptII/ptolemy/domains/de/test/auto/CausalityInterface15.xml
----------------- Instantiating /home/travis/build/icyphy/ptII/ptolemy/domains/de/test/auto/CausalityInterface15.xml
1 ms. Memory: 640512K Free: 180385K (28%)
----------------- Invoking toplevel() on ptolemy.moml.MoMLSimpleApplication@1de5450d
----------------- Done invoking toplevel() on ptolemy.moml.MoMLSimpleApplication@1de5450d
reloadAllAccessors: .CausalityInterface15

===========================================================================================
----------------- testing Mon Sep 10 02:46:41 UTC 2018 /home/travis/build/icyphy/ptII/ptolemy/domains/de/test/auto/CausalityInterface2.xml
----------------- Instantiating /home/travis/build/icyphy/ptII/ptolemy/domains/de/test/auto/CausalityInterface2.xml
1 ms. Memory: 640512K Free: 158062K (25%)
----------------- Invoking toplevel() on ptolemy.moml.MoMLSimpleApplication@212b13f8
----------------- Done invoking toplevel() on ptolemy.moml.MoMLSimpleApplication@212b13f8
reloadAllAccessors: .CausalityInterface2

===========================================================================================
----------------- testing Mon Sep 10 02:46:41 UTC 2018 /home/travis/build/icyphy/ptII/ptolemy/domains/de/test/auto/CausalityInterface3.xml
----------------- Instantiating /home/travis/build/icyphy/ptII/ptolemy/domains/de/test/auto/CausalityInterface3.xml
1 ms. Memory: 640512K Free: 135739K (21%)
----------------- Invoking toplevel() on ptolemy.moml.MoMLSimpleApplication@4a26a
----------------- Done invoking toplevel() on ptolemy.moml.MoMLSimpleApplication@4a26a
reloadAllAccessors: .CausalityInterface3

===========================================================================================
----------------- testing Mon Sep 10 02:46:41 UTC 2018 /home/travis/build/icyphy/ptII/ptolemy/domains/de/test/auto/ClockDrift.xml
----------------- Instantiating /home/travis/build/icyphy/ptII/ptolemy/domains/de/test/auto/ClockDrift.xml
11 ms. Memory: 640512K Free: 113416K (18%)
----------------- Invoking toplevel() on ptolemy.moml.MoMLSimpleApplication@55ef5112
----------------- Done invoking toplevel() on ptolemy.moml.MoMLSimpleApplication@55ef5112
reloadAllAccessors: .ClockDrift

===========================================================================================
----------------- testing Mon Sep 10 02:46:41 UTC 2018 /home/travis/build/icyphy/ptII/ptolemy/domains/de/test/auto/ClockDriftAndValueChange.xml
----------------- Instantiating /home/travis/build/icyphy/ptII/ptolemy/domains/de/test/auto/ClockDriftAndValueChange.xml
11 ms. Memory: 640512K Free: 91092K (14%)
----------------- Invoking toplevel() on ptolemy.moml.MoMLSimpleApplication@62abd56a
----------------- Done invoking toplevel() on ptolemy.moml.MoMLSimpleApplication@62abd56a
reloadAllAccessors: .ClockDriftAndValueChange

===========================================================================================
----------------- testing Mon Sep 10 02:46:41 UTC 2018 /home/travis/build/icyphy/ptII/ptolemy/domains/de/test/auto/ClockDriftChange.xml
----------------- Instantiating /home/travis/build/icyphy/ptII/ptolemy/domains/de/test/auto/ClockDriftChange.xml
9 ms. Memory: 640512K Free: 77545K (12%)
----------------- Invoking toplevel() on ptolemy.moml.MoMLSimpleApplication@1ad1f0c5
----------------- Done invoking toplevel() on ptolemy.moml.MoMLSimpleApplication@1ad1f0c5
reloadAllAccessors: .ClockDriftChange

===========================================================================================
----------------- testing Mon Sep 10 02:46:41 UTC 2018 /home/travis/build/icyphy/ptII/ptolemy/domains/de/test/auto/ComposableCausalityAnalysis.xml
----------------- Instantiating /home/travis/build/icyphy/ptII/ptolemy/domains/de/test/auto/ComposableCausalityAnalysis.xml
1 ms. Memory: 613376K Free: 586946K (96%)
----------------- Invoking toplevel() on ptolemy.moml.MoMLSimpleApplication@62170467
----------------- Done invoking toplevel() on ptolemy.moml.MoMLSimpleApplication@62170467
reloadAllAccessors: .ComposableCausalityAnalysis

===========================================================================================
----------------- testing Mon Sep 10 02:46:41 UTC 2018 /home/travis/build/icyphy/ptII/ptolemy/domains/de/test/auto/DEFixedPointLimitation.xml
----------------- Instantiating /home/travis/build/icyphy/ptII/ptolemy/domains/de/test/auto/DEFixedPointLimitation.xml
1 ms. Memory: 613376K Free: 560251K (91%)
----------------- Invoking toplevel() on ptolemy.moml.MoMLSimpleApplication@601fe72f
----------------- Done invoking toplevel() on ptolemy.moml.MoMLSimpleApplication@601fe72f
reloadAllAccessors: .DEFixedPointLimitation

===========================================================================================
----------------- testing Mon Sep 10 02:46:41 UTC 2018 /home/travis/build/icyphy/ptII/ptolemy/domains/de/test/auto/DEScheduleTest.xml
----------------- Instantiating /home/travis/build/icyphy/ptII/ptolemy/domains/de/test/auto/DEScheduleTest.xml
1 ms. Memory: 613376K Free: 538972K (88%)
----------------- Invoking toplevel() on ptolemy.moml.MoMLSimpleApplication@2de4b308
----------------- Done invoking toplevel() on ptolemy.moml.MoMLSimpleApplication@2de4b308
reloadAllAccessors: .DEScheduleTest

===========================================================================================
----------------- testing Mon Sep 10 02:46:41 UTC 2018 /home/travis/build/icyphy/ptII/ptolemy/domains/de/test/auto/DEinDEwithStartTimes.xml
----------------- Instantiating /home/travis/build/icyphy/ptII/ptolemy/domains/de/test/auto/DEinDEwithStartTimes.xml
2 ms. Memory: 613376K Free: 517693K (84%)
----------------- Invoking toplevel() on ptolemy.moml.MoMLSimpleApplication@2c8583e4
----------------- Done invoking toplevel() on ptolemy.moml.MoMLSimpleApplication@2c8583e4
reloadAllAccessors: .DEinDEwithStartTimes

===========================================================================================
----------------- testing Mon Sep 10 02:46:42 UTC 2018 /home/travis/build/icyphy/ptII/ptolemy/domains/de/test/auto/DEinDEwithStartTimes2.xml
----------------- Instantiating /home/travis/build/icyphy/ptII/ptolemy/domains/de/test/auto/DEinDEwithStartTimes2.xml
2 ms. Memory: 613376K Free: 496409K (81%)
----------------- Invoking toplevel() on ptolemy.moml.MoMLSimpleApplication@72faf41
----------------- Done invoking toplevel() on ptolemy.moml.MoMLSimpleApplication@72faf41
reloadAllAccessors: .DEinDEwithStartTimes2

===========================================================================================
----------------- testing Mon Sep 10 02:46:42 UTC 2018 /home/travis/build/icyphy/ptII/ptolemy/domains/de/test/auto/DateDemo.xml
----------------- Instantiating /home/travis/build/icyphy/ptII/ptolemy/domains/de/test/auto/DateDemo.xml
4 ms. Memory: 613376K Free: 475130K (77%)
----------------- Invoking toplevel() on ptolemy.moml.MoMLSimpleApplication@2dfdc5b5
----------------- Done invoking toplevel() on ptolemy.moml.MoMLSimpleApplication@2dfdc5b5
reloadAllAccessors: .DateDemo

===========================================================================================
----------------- testing Mon Sep 10 02:46:42 UTC 2018 /home/travis/build/icyphy/ptII/ptolemy/domains/de/test/auto/DateToEvent.xml
----------------- Instantiating /home/travis/build/icyphy/ptII/ptolemy/domains/de/test/auto/DateToEvent.xml
2004 ms. Memory: 613376K Free: 443196K (72%)
----------------- Invoking toplevel() on ptolemy.moml.MoMLSimpleApplication@55d7e218
----------------- Done invoking toplevel() on ptolemy.moml.MoMLSimpleApplication@55d7e218
reloadAllAccessors: .DateToEvent

===========================================================================================
----------------- testing Mon Sep 10 02:46:44 UTC 2018 /home/travis/build/icyphy/ptII/ptolemy/domains/de/test/auto/DepthTest1.xml
----------------- Instantiating /home/travis/build/icyphy/ptII/ptolemy/domains/de/test/auto/DepthTest1.xml
1 ms. Memory: 613376K Free: 421917K (69%)
----------------- Invoking toplevel() on ptolemy.moml.MoMLSimpleApplication@52b0bd97
----------------- Done invoking toplevel() on ptolemy.moml.MoMLSimpleApplication@52b0bd97
reloadAllAccessors: .DepthTest1

===========================================================================================
----------------- testing Mon Sep 10 02:46:44 UTC 2018 /home/travis/build/icyphy/ptII/ptolemy/domains/de/test/auto/DepthTest2.xml
----------------- Instantiating /home/travis/build/icyphy/ptII/ptolemy/domains/de/test/auto/DepthTest2.xml
3 ms. Memory: 613376K Free: 400638K (65%)
----------------- Invoking toplevel() on ptolemy.moml.MoMLSimpleApplication@70ccee7a
----------------- Done invoking toplevel() on ptolemy.moml.MoMLSimpleApplication@70ccee7a
reloadAllAccessors: .DepthTest2

===========================================================================================
----------------- testing Mon Sep 10 02:46:44 UTC 2018 /home/travis/build/icyphy/ptII/ptolemy/domains/de/test/auto/DepthTest3.xml
----------------- Instantiating /home/travis/build/icyphy/ptII/ptolemy/domains/de/test/auto/DepthTest3.xml
1 ms. Memory: 613376K Free: 379360K (62%)
----------------- Invoking toplevel() on ptolemy.moml.MoMLSimpleApplication@1248e815
----------------- Done invoking toplevel() on ptolemy.moml.MoMLSimpleApplication@1248e815
reloadAllAccessors: .DepthTest3

===========================================================================================
----------------- testing Mon Sep 10 02:46:44 UTC 2018 /home/travis/build/icyphy/ptII/ptolemy/domains/de/test/auto/DepthTest4.xml
----------------- Instantiating /home/travis/build/icyphy/ptII/ptolemy/domains/de/test/auto/DepthTest4.xml
2 ms. Memory: 613376K Free: 358081K (58%)
----------------- Invoking toplevel() on ptolemy.moml.MoMLSimpleApplication@28e5f661
----------------- Done invoking toplevel() on ptolemy.moml.MoMLSimpleApplication@28e5f661
reloadAllAccessors: .DepthTest4

===========================================================================================
----------------- testing Mon Sep 10 02:46:44 UTC 2018 /home/travis/build/icyphy/ptII/ptolemy/domains/de/test/auto/DepthTest5.xml
----------------- Instantiating /home/travis/build/icyphy/ptII/ptolemy/domains/de/test/auto/DepthTest5.xml
2 ms. Memory: 613376K Free: 336802K (55%)
----------------- Invoking toplevel() on ptolemy.moml.MoMLSimpleApplication@1e6fd998
----------------- Done invoking toplevel() on ptolemy.moml.MoMLSimpleApplication@1e6fd998
reloadAllAccessors: .DepthTest5

===========================================================================================
----------------- testing Mon Sep 10 02:46:44 UTC 2018 /home/travis/build/icyphy/ptII/ptolemy/domains/de/test/auto/DepthTest6.xml
----------------- Instantiating /home/travis/build/icyphy/ptII/ptolemy/domains/de/test/auto/DepthTest6.xml
2 ms. Memory: 613376K Free: 310107K (51%)
----------------- Invoking toplevel() on ptolemy.moml.MoMLSimpleApplication@5ade2874
----------------- Done invoking toplevel() on ptolemy.moml.MoMLSimpleApplication@5ade2874
reloadAllAccessors: .DepthTest6

===========================================================================================
----------------- testing Mon Sep 10 02:46:44 UTC 2018 /home/travis/build/icyphy/ptII/ptolemy/domains/de/test/auto/DepthTest7.xml
----------------- Instantiating /home/travis/build/icyphy/ptII/ptolemy/domains/de/test/auto/DepthTest7.xml
1 ms. Memory: 613376K Free: 288828K (47%)
----------------- Invoking toplevel() on ptolemy.moml.MoMLSimpleApplication@538d2bda
----------------- Done invoking toplevel() on ptolemy.moml.MoMLSimpleApplication@538d2bda
reloadAllAccessors: .DepthTest7

===========================================================================================
----------------- testing Mon Sep 10 02:46:44 UTC 2018 /home/travis/build/icyphy/ptII/ptolemy/domains/de/test/auto/EventToDate.xml
----------------- Instantiating /home/travis/build/icyphy/ptII/ptolemy/domains/de/test/auto/EventToDate.xml
3008 ms. Memory: 613376K Free: 256894K (42%)
----------------- Invoking toplevel() on ptolemy.moml.MoMLSimpleApplication@74d691e2
----------------- Done invoking toplevel() on ptolemy.moml.MoMLSimpleApplication@74d691e2
reloadAllAccessors: .EventToDate

===========================================================================================
----------------- testing Mon Sep 10 02:46:47 UTC 2018 /home/travis/build/icyphy/ptII/ptolemy/domains/de/test/auto/FSM1.xml
----------------- Instantiating /home/travis/build/icyphy/ptII/ptolemy/domains/de/test/auto/FSM1.xml
19 ms. Memory: 613376K Free: 235615K (38%)
----------------- Invoking toplevel() on ptolemy.moml.MoMLSimpleApplication@7e9f0da8
----------------- Done invoking toplevel() on ptolemy.moml.MoMLSimpleApplication@7e9f0da8
reloadAllAccessors: .FSM1

===========================================================================================
----------------- testing Mon Sep 10 02:46:47 UTC 2018 /home/travis/build/icyphy/ptII/ptolemy/domains/de/test/auto/FSM7.xml
----------------- Instantiating /home/travis/build/icyphy/ptII/ptolemy/domains/de/test/auto/FSM7.xml
14 ms. Memory: 613376K Free: 214336K (35%)
----------------- Invoking toplevel() on ptolemy.moml.MoMLSimpleApplication@427d8abe
----------------- Done invoking toplevel() on ptolemy.moml.MoMLSimpleApplication@427d8abe
reloadAllAccessors: .FSM7

===========================================================================================
----------------- testing Mon Sep 10 02:46:47 UTC 2018 /home/travis/build/icyphy/ptII/ptolemy/domains/de/test/auto/Inspection.xml
----------------- Instantiating /home/travis/build/icyphy/ptII/ptolemy/domains/de/test/auto/Inspection.xml
11 ms. Memory: 613376K Free: 182418K (30%)
----------------- Invoking toplevel() on ptolemy.moml.MoMLSimpleApplication@54b17b94
----------------- Done invoking toplevel() on ptolemy.moml.MoMLSimpleApplication@54b17b94
reloadAllAccessors: .Inspection

===========================================================================================
----------------- testing Mon Sep 10 02:46:47 UTC 2018 /home/travis/build/icyphy/ptII/ptolemy/domains/de/test/auto/Iteration.xml
----------------- Instantiating /home/travis/build/icyphy/ptII/ptolemy/domains/de/test/auto/Iteration.xml
4 ms. Memory: 613376K Free: 161139K (26%)
----------------- Invoking toplevel() on ptolemy.moml.MoMLSimpleApplication@35dcf067
----------------- Done invoking toplevel() on ptolemy.moml.MoMLSimpleApplication@35dcf067
reloadAllAccessors: .Iteration

===========================================================================================
----------------- testing Mon Sep 10 02:46:47 UTC 2018 /home/travis/build/icyphy/ptII/ptolemy/domains/de/test/auto/LineFault.xml
----------------- Instantiating /home/travis/build/icyphy/ptII/ptolemy/domains/de/test/auto/LineFault.xml
418 ms. Memory: 589312K Free: 537524K (91%)
----------------- Invoking toplevel() on ptolemy.moml.MoMLSimpleApplication@864b775
----------------- Done invoking toplevel() on ptolemy.moml.MoMLSimpleApplication@864b775
reloadAllAccessors: .LineFault

===========================================================================================
----------------- testing Mon Sep 10 02:46:47 UTC 2018 /home/travis/build/icyphy/ptII/ptolemy/domains/de/test/auto/MergeModel1Add.xml
----------------- Instantiating /home/travis/build/icyphy/ptII/ptolemy/domains/de/test/auto/MergeModel1Add.xml
5 ms. Memory: 589312K Free: 503043K (85%)
----------------- Invoking toplevel() on ptolemy.moml.MoMLSimpleApplication@426bc659
----------------- Done invoking toplevel() on ptolemy.moml.MoMLSimpleApplication@426bc659
reloadAllAccessors: .MergeModel1Add

===========================================================================================
----------------- testing Mon Sep 10 02:46:47 UTC 2018 /home/travis/build/icyphy/ptII/ptolemy/domains/de/test/auto/MergeModel2Add.xml
----------------- Instantiating /home/travis/build/icyphy/ptII/ptolemy/domains/de/test/auto/MergeModel2Add.xml
5 ms. Memory: 589312K Free: 477667K (81%)
----------------- Invoking toplevel() on ptolemy.moml.MoMLSimpleApplication@3662df6f
----------------- Done invoking toplevel() on ptolemy.moml.MoMLSimpleApplication@3662df6f
reloadAllAccessors: .MergeModel2Add

===========================================================================================
----------------- testing Mon Sep 10 02:46:48 UTC 2018 /home/travis/build/icyphy/ptII/ptolemy/domains/de/test/auto/MergeModel3Add.xml
----------------- Instantiating /home/travis/build/icyphy/ptII/ptolemy/domains/de/test/auto/MergeModel3Add.xml
4 ms. Memory: 589312K Free: 452291K (77%)
----------------- Invoking toplevel() on ptolemy.moml.MoMLSimpleApplication@7cb67c7
----------------- Done invoking toplevel() on ptolemy.moml.MoMLSimpleApplication@7cb67c7
reloadAllAccessors: .MergeModel3Add

===========================================================================================
----------------- testing Mon Sep 10 02:46:48 UTC 2018 /home/travis/build/icyphy/ptII/ptolemy/domains/de/test/auto/MergeWithoutDiscard.xml
----------------- Instantiating /home/travis/build/icyphy/ptII/ptolemy/domains/de/test/auto/MergeWithoutDiscard.xml
1 ms. Memory: 589312K Free: 442153K (75%)
----------------- Invoking toplevel() on ptolemy.moml.MoMLSimpleApplication@73e82587
----------------- Done invoking toplevel() on ptolemy.moml.MoMLSimpleApplication@73e82587
reloadAllAccessors: .MergeWithoutDiscard

===========================================================================================
----------------- testing Mon Sep 10 02:46:48 UTC 2018 /home/travis/build/icyphy/ptII/ptolemy/domains/de/test/auto/Modal1.xml
----------------- Instantiating /home/travis/build/icyphy/ptII/ptolemy/domains/de/test/auto/Modal1.xml
6 ms. Memory: 589312K Free: 426938K (72%)
----------------- Invoking toplevel() on ptolemy.moml.MoMLSimpleApplication@4837975b
----------------- Done invoking toplevel() on ptolemy.moml.MoMLSimpleApplication@4837975b
reloadAllAccessors: .Modal1

===========================================================================================
----------------- testing Mon Sep 10 02:46:48 UTC 2018 /home/travis/build/icyphy/ptII/ptolemy/domains/de/test/auto/Modal2.xml
----------------- Instantiating /home/travis/build/icyphy/ptII/ptolemy/domains/de/test/auto/Modal2.xml
6 ms. Memory: 589312K Free: 411724K (70%)
----------------- Invoking toplevel() on ptolemy.moml.MoMLSimpleApplication@5212d004
----------------- Done invoking toplevel() on ptolemy.moml.MoMLSimpleApplication@5212d004
reloadAllAccessors: .Modal2

===========================================================================================
----------------- testing Mon Sep 10 02:46:48 UTC 2018 /home/travis/build/icyphy/ptII/ptolemy/domains/de/test/auto/Modal3.xml
----------------- Instantiating /home/travis/build/icyphy/ptII/ptolemy/domains/de/test/auto/Modal3.xml
7 ms. Memory: 589312K Free: 396502K (67%)
----------------- Invoking toplevel() on ptolemy.moml.MoMLSimpleApplication@2c37801a
----------------- Done invoking toplevel() on ptolemy.moml.MoMLSimpleApplication@2c37801a
reloadAllAccessors: .Modal3

===========================================================================================
----------------- testing Mon Sep 10 02:46:48 UTC 2018 /home/travis/build/icyphy/ptII/ptolemy/domains/de/test/auto/Modal4.xml
----------------- Instantiating /home/travis/build/icyphy/ptII/ptolemy/domains/de/test/auto/Modal4.xml
7 ms. Memory: 589312K Free: 372766K (63%)
----------------- Invoking toplevel() on ptolemy.moml.MoMLSimpleApplication@7518cda3
----------------- Done invoking toplevel() on ptolemy.moml.MoMLSimpleApplication@7518cda3
reloadAllAccessors: .Modal4

===========================================================================================
----------------- testing Mon Sep 10 02:46:48 UTC 2018 /home/travis/build/icyphy/ptII/ptolemy/domains/de/test/auto/Modal5.xml
----------------- Instantiating /home/travis/build/icyphy/ptII/ptolemy/domains/de/test/auto/Modal5.xml
7 ms. Memory: 589312K Free: 352475K (60%)
----------------- Invoking toplevel() on ptolemy.moml.MoMLSimpleApplication@3cb4f8b3
----------------- Done invoking toplevel() on ptolemy.moml.MoMLSimpleApplication@3cb4f8b3
reloadAllAccessors: .Modal5

===========================================================================================
----------------- testing Mon Sep 10 02:46:48 UTC 2018 /home/travis/build/icyphy/ptII/ptolemy/domains/de/test/auto/Modal6.xml
----------------- Instantiating /home/travis/build/icyphy/ptII/ptolemy/domains/de/test/auto/Modal6.xml
7 ms. Memory: 589312K Free: 337260K (57%)
----------------- Invoking toplevel() on ptolemy.moml.MoMLSimpleApplication@17aea13a
----------------- Done invoking toplevel() on ptolemy.moml.MoMLSimpleApplication@17aea13a
reloadAllAccessors: .Modal6

===========================================================================================
----------------- testing Mon Sep 10 02:46:48 UTC 2018 /home/travis/build/icyphy/ptII/ptolemy/domains/de/test/auto/Modal7.xml
----------------- Instantiating /home/travis/build/icyphy/ptII/ptolemy/domains/de/test/auto/Modal7.xml
6 ms. Memory: 589312K Free: 316977K (54%)
----------------- Invoking toplevel() on ptolemy.moml.MoMLSimpleApplication@44b65802
----------------- Done invoking toplevel() on ptolemy.moml.MoMLSimpleApplication@44b65802
reloadAllAccessors: .Modal7

===========================================================================================
----------------- testing Mon Sep 10 02:46:48 UTC 2018 /home/travis/build/icyphy/ptII/ptolemy/domains/de/test/auto/ModalModel.xml
----------------- Instantiating /home/travis/build/icyphy/ptII/ptolemy/domains/de/test/auto/ModalModel.xml
99 ms. Memory: 589312K Free: 245981K (42%)
----------------- Invoking toplevel() on ptolemy.moml.MoMLSimpleApplication@77bbe0e6
----------------- Done invoking toplevel() on ptolemy.moml.MoMLSimpleApplication@77bbe0e6
reloadAllAccessors: .ModalModel

===========================================================================================
----------------- testing Mon Sep 10 02:46:48 UTC 2018 /home/travis/build/icyphy/ptII/ptolemy/domains/de/test/auto/ModalSource.xml
----------------- Instantiating /home/travis/build/icyphy/ptII/ptolemy/domains/de/test/auto/ModalSource.xml
6 ms. Memory: 589312K Free: 230766K (39%)
----------------- Invoking toplevel() on ptolemy.moml.MoMLSimpleApplication@679f6a58
----------------- Done invoking toplevel() on ptolemy.moml.MoMLSimpleApplication@679f6a58
reloadAllAccessors: .ModalSource

===========================================================================================
----------------- testing Mon Sep 10 02:46:48 UTC 2018 /home/travis/build/icyphy/ptII/ptolemy/domains/de/test/auto/NonInterruptibleTimerZeroDelay.xml
----------------- Instantiating /home/travis/build/icyphy/ptII/ptolemy/domains/de/test/auto/NonInterruptibleTimerZeroDelay.xml
2 ms. Memory: 589312K Free: 220629K (37%)
----------------- Invoking toplevel() on ptolemy.moml.MoMLSimpleApplication@72f8fc35
----------------- Done invoking toplevel() on ptolemy.moml.MoMLSimpleApplication@72f8fc35
reloadAllAccessors: .NonInterruptibleTimerZeroDelay

===========================================================================================
----------------- testing Mon Sep 10 02:46:48 UTC 2018 /home/travis/build/icyphy/ptII/ptolemy/domains/de/test/auto/OpenQueueingNetwork.xml
----------------- Instantiating /home/travis/build/icyphy/ptII/ptolemy/domains/de/test/auto/OpenQueueingNetwork.xml
2278 ms. Memory: 542208K Free: 504045K (93%)
----------------- Invoking toplevel() on ptolemy.moml.MoMLSimpleApplication@2c025cd4
----------------- Done invoking toplevel() on ptolemy.moml.MoMLSimpleApplication@2c025cd4
reloadAllAccessors: .OpenQueueingNetwork

===========================================================================================
----------------- testing Mon Sep 10 02:46:50 UTC 2018 /home/travis/build/icyphy/ptII/ptolemy/domains/de/test/auto/OpenQueuingNetwork.xml
----------------- Instantiating /home/travis/build/icyphy/ptII/ptolemy/domains/de/test/auto/OpenQueuingNetwork.xml
237 ms. Memory: 542208K Free: 402489K (74%)
----------------- Invoking toplevel() on ptolemy.moml.MoMLSimpleApplication@6f40d45b
----------------- Done invoking toplevel() on ptolemy.moml.MoMLSimpleApplication@6f40d45b
reloadAllAccessors: .OpenQueuingNetwork

===========================================================================================
----------------- testing Mon Sep 10 02:46:51 UTC 2018 /home/travis/build/icyphy/ptII/ptolemy/domains/de/test/auto/PeriodicSampler.xml
----------------- Instantiating /home/travis/build/icyphy/ptII/ptolemy/domains/de/test/auto/PeriodicSampler.xml
1 ms. Memory: 542208K Free: 393272K (73%)
----------------- Invoking toplevel() on ptolemy.moml.MoMLSimpleApplication@8e48f97
----------------- Done invoking toplevel() on ptolemy.moml.MoMLSimpleApplication@8e48f97
reloadAllAccessors: .PeriodicSampler

===========================================================================================
----------------- testing Mon Sep 10 02:46:51 UTC 2018 /home/travis/build/icyphy/ptII/ptolemy/domains/de/test/auto/PersistentIO.xml
----------------- Instantiating /home/travis/build/icyphy/ptII/ptolemy/domains/de/test/auto/PersistentIO.xml
3 ms. Memory: 542208K Free: 379432K (70%)
----------------- Invoking toplevel() on ptolemy.moml.MoMLSimpleApplication@176f69f0
----------------- Done invoking toplevel() on ptolemy.moml.MoMLSimpleApplication@176f69f0
reloadAllAccessors: .PersistentIO

===========================================================================================
----------------- testing Mon Sep 10 02:46:51 UTC 2018 /home/travis/build/icyphy/ptII/ptolemy/domains/de/test/auto/PortParameterResetOnInitialize.xml
----------------- Instantiating /home/travis/build/icyphy/ptII/ptolemy/domains/de/test/auto/PortParameterResetOnInitialize.xml
1 ms. Memory: 542208K Free: 370216K (68%)
----------------- Invoking toplevel() on ptolemy.moml.MoMLSimpleApplication@55ee9b87
----------------- Done invoking toplevel() on ptolemy.moml.MoMLSimpleApplication@55ee9b87
reloadAllAccessors: .PortParameterResetOnInitialize

===========================================================================================
----------------- testing Mon Sep 10 02:46:51 UTC 2018 /home/travis/build/icyphy/ptII/ptolemy/domains/de/test/auto/PortParameterUpdates.xml
----------------- Instantiating /home/travis/build/icyphy/ptII/ptolemy/domains/de/test/auto/PortParameterUpdates.xml
3 ms. Memory: 542208K Free: 354280K (65%)
----------------- Invoking toplevel() on ptolemy.moml.MoMLSimpleApplication@217ec7f
----------------- Done invoking toplevel() on ptolemy.moml.MoMLSimpleApplication@217ec7f
reloadAllAccessors: .PortParameterUpdates

===========================================================================================
----------------- testing Mon Sep 10 02:46:51 UTC 2018 /home/travis/build/icyphy/ptII/ptolemy/domains/de/test/auto/QueueAndServer.xml
----------------- Instantiating /home/travis/build/icyphy/ptII/ptolemy/domains/de/test/auto/QueueAndServer.xml
5 ms. Memory: 542208K Free: 340437K (63%)
----------------- Invoking toplevel() on ptolemy.moml.MoMLSimpleApplication@17a5a225
----------------- Done invoking toplevel() on ptolemy.moml.MoMLSimpleApplication@17a5a225
reloadAllAccessors: .QueueAndServer

===========================================================================================
----------------- testing Mon Sep 10 02:46:51 UTC 2018 /home/travis/build/icyphy/ptII/ptolemy/domains/de/test/auto/Records.xml
----------------- Instantiating /home/travis/build/icyphy/ptII/ptolemy/domains/de/test/auto/Records.xml
2 ms. Memory: 542208K Free: 331221K (61%)
----------------- Invoking toplevel() on ptolemy.moml.MoMLSimpleApplication@3106c788
----------------- Done invoking toplevel() on ptolemy.moml.MoMLSimpleApplication@3106c788
reloadAllAccessors: .Records

===========================================================================================
----------------- testing Mon Sep 10 02:46:51 UTC 2018 /home/travis/build/icyphy/ptII/ptolemy/domains/de/test/auto/ResetTransitionWithStartTime1.xml
----------------- Instantiating /home/travis/build/icyphy/ptII/ptolemy/domains/de/test/auto/ResetTransitionWithStartTime1.xml
4 ms. Memory: 542208K Free: 317381K (59%)
----------------- Invoking toplevel() on ptolemy.moml.MoMLSimpleApplication@4e7c5477
----------------- Done invoking toplevel() on ptolemy.moml.MoMLSimpleApplication@4e7c5477
reloadAllAccessors: .ResetTransitionWithStartTime1

===========================================================================================
----------------- testing Mon Sep 10 02:46:51 UTC 2018 /home/travis/build/icyphy/ptII/ptolemy/domains/de/test/auto/ResetTransitionWithStartTime2.xml
----------------- Instantiating /home/travis/build/icyphy/ptII/ptolemy/domains/de/test/auto/ResetTransitionWithStartTime2.xml
3 ms. Memory: 542208K Free: 301444K (56%)
----------------- Invoking toplevel() on ptolemy.moml.MoMLSimpleApplication@67e872f5
----------------- Done invoking toplevel() on ptolemy.moml.MoMLSimpleApplication@67e872f5
reloadAllAccessors: .ResetTransitionWithStartTime2

===========================================================================================
----------------- testing Mon Sep 10 02:46:51 UTC 2018 /home/travis/build/icyphy/ptII/ptolemy/domains/de/test/auto/ResetTransitionWithStartTime3.xml
----------------- Instantiating /home/travis/build/icyphy/ptII/ptolemy/domains/de/test/auto/ResetTransitionWithStartTime3.xml
4 ms. Memory: 542208K Free: 287604K (53%)
----------------- Invoking toplevel() on ptolemy.moml.MoMLSimpleApplication@159a6aa4
----------------- Done invoking toplevel() on ptolemy.moml.MoMLSimpleApplication@159a6aa4
reloadAllAccessors: .ResetTransitionWithStartTime3

===========================================================================================
----------------- testing Mon Sep 10 02:46:51 UTC 2018 /home/travis/build/icyphy/ptII/ptolemy/domains/de/test/auto/ResetTransitionWithStartTime4.xml
----------------- Instantiating /home/travis/build/icyphy/ptII/ptolemy/domains/de/test/auto/ResetTransitionWithStartTime4.xml
3 ms. Memory: 542208K Free: 273764K (50%)
----------------- Invoking toplevel() on ptolemy.moml.MoMLSimpleApplication@540d6fba
----------------- Done invoking toplevel() on ptolemy.moml.MoMLSimpleApplication@540d6fba
reloadAllAccessors: .ResetTransitionWithStartTime4

===========================================================================================
----------------- testing Mon Sep 10 02:46:51 UTC 2018 /home/travis/build/icyphy/ptII/ptolemy/domains/de/test/auto/ResettableTimer1.xml
----------------- Instantiating /home/travis/build/icyphy/ptII/ptolemy/domains/de/test/auto/ResettableTimer1.xml
2 ms. Memory: 542208K Free: 264548K (49%)
----------------- Invoking toplevel() on ptolemy.moml.MoMLSimpleApplication@766d7e1f
----------------- Done invoking toplevel() on ptolemy.moml.MoMLSimpleApplication@766d7e1f
reloadAllAccessors: .ResettableTimer1

===========================================================================================
----------------- testing Mon Sep 10 02:46:51 UTC 2018 /home/travis/build/icyphy/ptII/ptolemy/domains/de/test/auto/ResettableTimer2.xml
----------------- Instantiating /home/travis/build/icyphy/ptII/ptolemy/domains/de/test/auto/ResettableTimer2.xml
1 ms. Memory: 542208K Free: 253236K (47%)
----------------- Invoking toplevel() on ptolemy.moml.MoMLSimpleApplication@3b63c73b
----------------- Done invoking toplevel() on ptolemy.moml.MoMLSimpleApplication@3b63c73b
reloadAllAccessors: .ResettableTimer2

===========================================================================================
----------------- testing Mon Sep 10 02:46:51 UTC 2018 /home/travis/build/icyphy/ptII/ptolemy/domains/de/test/auto/ResettableTimer3.xml
----------------- Instantiating /home/travis/build/icyphy/ptII/ptolemy/domains/de/test/auto/ResettableTimer3.xml
1 ms. Memory: 542208K Free: 244020K (45%)
----------------- Invoking toplevel() on ptolemy.moml.MoMLSimpleApplication@36a1fbf7
----------------- Done invoking toplevel() on ptolemy.moml.MoMLSimpleApplication@36a1fbf7
reloadAllAccessors: .ResettableTimer3

===========================================================================================
----------------- testing Mon Sep 10 02:46:51 UTC 2018 /home/travis/build/icyphy/ptII/ptolemy/domains/de/test/auto/ResettableTimer4.xml
----------------- Instantiating /home/travis/build/icyphy/ptII/ptolemy/domains/de/test/auto/ResettableTimer4.xml
1 ms. Memory: 542208K Free: 234804K (43%)
----------------- Invoking toplevel() on ptolemy.moml.MoMLSimpleApplication@7f3db256
----------------- Done invoking toplevel() on ptolemy.moml.MoMLSimpleApplication@7f3db256
reloadAllAccessors: .ResettableTimer4

===========================================================================================
----------------- testing Mon Sep 10 02:46:51 UTC 2018 /home/travis/build/icyphy/ptII/ptolemy/domains/de/test/auto/ResettableTimer5.xml
----------------- Instantiating /home/travis/build/icyphy/ptII/ptolemy/domains/de/test/auto/ResettableTimer5.xml
1 ms. Memory: 542208K Free: 225588K (42%)
----------------- Invoking toplevel() on ptolemy.moml.MoMLSimpleApplication@557456fa
----------------- Done invoking toplevel() on ptolemy.moml.MoMLSimpleApplication@557456fa
reloadAllAccessors: .ResettableTimer5

===========================================================================================
----------------- testing Mon Sep 10 02:46:51 UTC 2018 /home/travis/build/icyphy/ptII/ptolemy/domains/de/test/auto/ResettableTimer6.xml
----------------- Instantiating /home/travis/build/icyphy/ptII/ptolemy/domains/de/test/auto/ResettableTimer6.xml
1 ms. Memory: 542208K Free: 214275K (40%)
----------------- Invoking toplevel() on ptolemy.moml.MoMLSimpleApplication@3916908e
----------------- Done invoking toplevel() on ptolemy.moml.MoMLSimpleApplication@3916908e
reloadAllAccessors: .ResettableTimer6

===========================================================================================
----------------- testing Mon Sep 10 02:46:51 UTC 2018 /home/travis/build/icyphy/ptII/ptolemy/domains/de/test/auto/ServerZeroDelay.xml
----------------- Instantiating /home/travis/build/icyphy/ptII/ptolemy/domains/de/test/auto/ServerZeroDelay.xml
1 ms. Memory: 542208K Free: 205059K (38%)
----------------- Invoking toplevel() on ptolemy.moml.MoMLSimpleApplication@2899aea9
----------------- Done invoking toplevel() on ptolemy.moml.MoMLSimpleApplication@2899aea9
reloadAllAccessors: .ServerZeroDelay

===========================================================================================
----------------- testing Mon Sep 10 02:46:51 UTC 2018 /home/travis/build/icyphy/ptII/ptolemy/domains/de/test/auto/SmartSender.xml
----------------- Instantiating /home/travis/build/icyphy/ptII/ptolemy/domains/de/test/auto/SmartSender.xml
3001 ms. Memory: 542208K Free: 195843K (36%)
----------------- Invoking toplevel() on ptolemy.moml.MoMLSimpleApplication@c77a0ae
----------------- Done invoking toplevel() on ptolemy.moml.MoMLSimpleApplication@c77a0ae
reloadAllAccessors: .SmartSender

===========================================================================================
----------------- testing Mon Sep 10 02:46:54 UTC 2018 /home/travis/build/icyphy/ptII/ptolemy/domains/de/test/auto/ThreadedComposite.xml
----------------- Instantiating /home/travis/build/icyphy/ptII/ptolemy/domains/de/test/auto/ThreadedComposite.xml
2592 ms. Memory: 520704K Free: 295180K (57%)
----------------- Invoking toplevel() on ptolemy.moml.MoMLSimpleApplication@26b8ea17
----------------- Done invoking toplevel() on ptolemy.moml.MoMLSimpleApplication@26b8ea17
reloadAllAccessors: .ThreadedComposite

===========================================================================================
----------------- testing Mon Sep 10 02:46:56 UTC 2018 /home/travis/build/icyphy/ptII/ptolemy/domains/de/test/auto/Time.xml
----------------- Instantiating /home/travis/build/icyphy/ptII/ptolemy/domains/de/test/auto/Time.xml
374 ms. Memory: 520704K Free: 235880K (45%)
----------------- Invoking toplevel() on ptolemy.moml.MoMLSimpleApplication@16dc7bfe
----------------- Done invoking toplevel() on ptolemy.moml.MoMLSimpleApplication@16dc7bfe
reloadAllAccessors: .Time

===========================================================================================
----------------- testing Mon Sep 10 02:46:57 UTC 2018 /home/travis/build/icyphy/ptII/ptolemy/domains/de/test/auto/TimeDelayZeroDelay.xml
----------------- Instantiating /home/travis/build/icyphy/ptII/ptolemy/domains/de/test/auto/TimeDelayZeroDelay.xml
2 ms. Memory: 520704K Free: 227094K (44%)
----------------- Invoking toplevel() on ptolemy.moml.MoMLSimpleApplication@3dbcb584
----------------- Done invoking toplevel() on ptolemy.moml.MoMLSimpleApplication@3dbcb584
reloadAllAccessors: .TimeDelayZeroDelay

===========================================================================================
----------------- testing Mon Sep 10 02:46:57 UTC 2018 /home/travis/build/icyphy/ptII/ptolemy/domains/de/test/auto/TimerZeroDelay.xml
----------------- Instantiating /home/travis/build/icyphy/ptII/ptolemy/domains/de/test/auto/TimerZeroDelay.xml
1 ms. Memory: 520704K Free: 219881K (42%)
----------------- Invoking toplevel() on ptolemy.moml.MoMLSimpleApplication@7f1308ae
----------------- Done invoking toplevel() on ptolemy.moml.MoMLSimpleApplication@7f1308ae
reloadAllAccessors: .TimerZeroDelay

===========================================================================================
----------------- testing Mon Sep 10 02:46:57 UTC 2018 /home/travis/build/icyphy/ptII/ptolemy/domains/de/test/auto/TimingParadox.xml
----------------- Instantiating /home/travis/build/icyphy/ptII/ptolemy/domains/de/test/auto/TimingParadox.xml
284 ms. Memory: 520704K Free: 149506K (29%)
----------------- Invoking toplevel() on ptolemy.moml.MoMLSimpleApplication@4325604c
----------------- Done invoking toplevel() on ptolemy.moml.MoMLSimpleApplication@4325604c
reloadAllAccessors: .TimingParadox

===========================================================================================
----------------- testing Mon Sep 10 02:46:57 UTC 2018 /home/travis/build/icyphy/ptII/ptolemy/domains/de/test/auto/TransferInputs.xml
----------------- Instantiating /home/travis/build/icyphy/ptII/ptolemy/domains/de/test/auto/TransferInputs.xml
1 ms. Memory: 520704K Free: 140704K (27%)
----------------- Invoking toplevel() on ptolemy.moml.MoMLSimpleApplication@3d5dadd8
----------------- Done invoking toplevel() on ptolemy.moml.MoMLSimpleApplication@3d5dadd8
reloadAllAccessors: .TransferInputs

===========================================================================================
----------------- testing Mon Sep 10 02:46:57 UTC 2018 /home/travis/build/icyphy/ptII/ptolemy/domains/de/test/auto/TransferOutputs2.xml
----------------- Instantiating /home/travis/build/icyphy/ptII/ptolemy/domains/de/test/auto/TransferOutputs2.xml
2 ms. Memory: 520704K Free: 127618K (25%)
----------------- Invoking toplevel() on ptolemy.moml.MoMLSimpleApplication@16d35054
----------------- Done invoking toplevel() on ptolemy.moml.MoMLSimpleApplication@16d35054
reloadAllAccessors: .TransferOutputs2

===========================================================================================
----------------- testing Mon Sep 10 02:46:57 UTC 2018 /home/travis/build/icyphy/ptII/ptolemy/domains/de/test/auto/Trilateration.xml
----------------- Instantiating /home/travis/build/icyphy/ptII/ptolemy/domains/de/test/auto/Trilateration.xml
10222 ms. Memory: 383488K Free: 107804K (28%)
----------------- Invoking toplevel() on ptolemy.moml.MoMLSimpleApplication@8fb546a
----------------- Done invoking toplevel() on ptolemy.moml.MoMLSimpleApplication@8fb546a
reloadAllAccessors: .Trilateration

===========================================================================================
----------------- testing Mon Sep 10 02:47:08 UTC 2018 /home/travis/build/icyphy/ptII/ptolemy/domains/de/test/auto/TwoSigmaDelta.xml
----------------- Instantiating /home/travis/build/icyphy/ptII/ptolemy/domains/de/test/auto/TwoSigmaDelta.xml
1850 ms. Memory: 377344K Free: 113241K (30%)
----------------- Invoking toplevel() on ptolemy.moml.MoMLSimpleApplication@1491b342
----------------- Done invoking toplevel() on ptolemy.moml.MoMLSimpleApplication@1491b342
reloadAllAccessors: .TwoSigmaDelta

===========================================================================================
----------------- testing Mon Sep 10 02:47:10 UTC 2018 /home/travis/build/icyphy/ptII/ptolemy/domains/de/test/auto/VariableDelay.xml
----------------- Instantiating /home/travis/build/icyphy/ptII/ptolemy/domains/de/test/auto/VariableDelay.xml
3 ms. Memory: 377344K Free: 100736K (27%)
----------------- Invoking toplevel() on ptolemy.moml.MoMLSimpleApplication@63da2436
----------------- Done invoking toplevel() on ptolemy.moml.MoMLSimpleApplication@63da2436
reloadAllAccessors: .VariableDelay

===========================================================================================
----------------- testing Mon Sep 10 02:47:10 UTC 2018 /home/travis/build/icyphy/ptII/ptolemy/domains/de/test/auto/VariableDelay2.xml
----------------- Instantiating /home/travis/build/icyphy/ptII/ptolemy/domains/de/test/auto/VariableDelay2.xml
1 ms. Memory: 377344K Free: 91675K (24%)
----------------- Invoking toplevel() on ptolemy.moml.MoMLSimpleApplication@5cdf3577
----------------- Done invoking toplevel() on ptolemy.moml.MoMLSimpleApplication@5cdf3577
reloadAllAccessors: .VariableDelay2

===========================================================================================
----------------- testing Mon Sep 10 02:47:10 UTC 2018 /home/travis/build/icyphy/ptII/ptolemy/domains/de/test/auto/VariableDelayZeroDelay.xml
----------------- Instantiating /home/travis/build/icyphy/ptII/ptolemy/domains/de/test/auto/VariableDelayZeroDelay.xml
4 ms. Memory: 377344K Free: 82215K (22%)
----------------- Invoking toplevel() on ptolemy.moml.MoMLSimpleApplication@456b632
----------------- Done invoking toplevel() on ptolemy.moml.MoMLSimpleApplication@456b632
reloadAllAccessors: .VariableDelayZeroDelay

===========================================================================================
----------------- testing Mon Sep 10 02:47:10 UTC 2018 /home/travis/build/icyphy/ptII/ptolemy/domains/de/test/auto/VariableDelayZeroDelay2.xml
----------------- Instantiating /home/travis/build/icyphy/ptII/ptolemy/domains/de/test/auto/VariableDelayZeroDelay2.xml
1 ms. Memory: 377344K Free: 73154K (19%)
----------------- Invoking toplevel() on ptolemy.moml.MoMLSimpleApplication@7e3ae4c9
----------------- Done invoking toplevel() on ptolemy.moml.MoMLSimpleApplication@7e3ae4c9
reloadAllAccessors: .VariableDelayZeroDelay2

===========================================================================================
----------------- testing Mon Sep 10 02:47:10 UTC 2018 /home/travis/build/icyphy/ptII/ptolemy/domains/de/test/auto/deInCt.xml
----------------- Instantiating /home/travis/build/icyphy/ptII/ptolemy/domains/de/test/auto/deInCt.xml
0
1
1
1
0
0
0
1
1
1
0
0
0
0
1
1
1
0
0
1
1
1
1
0
0
0
0
1
1
1
1
0
0
0
1
1
1
1
1
5 ms. Memory: 377344K Free: 64084K (17%)
----------------- Invoking toplevel() on ptolemy.moml.MoMLSimpleApplication@19e2f811
----------------- Done invoking toplevel() on ptolemy.moml.MoMLSimpleApplication@19e2f811
reloadAllAccessors: .deInCt

===========================================================================================
----------------- testing Mon Sep 10 02:47:10 UTC 2018 /home/travis/build/icyphy/ptII/ptolemy/domains/de/test/auto/deInCt2.xml
----------------- Instantiating /home/travis/build/icyphy/ptII/ptolemy/domains/de/test/auto/deInCt2.xml
0
1
1
1
0
0
1
1
1
0
0
1
1
1
0
0
1
1
1
0
0
1
1
1
0
0
1
1
1
0
0
1
1
1
0
0
1
1
1
0
0
0
7 ms. Memory: 357376K Free: 324369K (91%)
----------------- Invoking toplevel() on ptolemy.moml.MoMLSimpleApplication@3a6b2d5f
----------------- Done invoking toplevel() on ptolemy.moml.MoMLSimpleApplication@3a6b2d5f
reloadAllAccessors: .deInCt2

===========================================================================================
----------------- testing Mon Sep 10 02:47:10 UTC 2018 /home/travis/build/icyphy/ptII/ptolemy/domains/de/test/auto/dynamicCausalityInterface1.xml
----------------- Instantiating /home/travis/build/icyphy/ptII/ptolemy/domains/de/test/auto/dynamicCausalityInterface1.xml
1 ms. Memory: 357376K Free: 308331K (86%)
----------------- Invoking toplevel() on ptolemy.moml.MoMLSimpleApplication@e78128c
----------------- Done invoking toplevel() on ptolemy.moml.MoMLSimpleApplication@e78128c
reloadAllAccessors: .dynamicCausalityInterface1

===========================================================================================
----------------- testing Mon Sep 10 02:47:10 UTC 2018 /home/travis/build/icyphy/ptII/ptolemy/domains/de/test/auto/fsm_de_test.xml
----------------- Instantiating /home/travis/build/icyphy/ptII/ptolemy/domains/de/test/auto/fsm_de_test.xml
9 ms. Memory: 357376K Free: 296748K (83%)
----------------- Invoking toplevel() on ptolemy.moml.MoMLSimpleApplication@1669fad6
----------------- Done invoking toplevel() on ptolemy.moml.MoMLSimpleApplication@1669fad6
reloadAllAccessors: .fsm_de_test

===========================================================================================
----------------- testing Mon Sep 10 02:47:10 UTC 2018 /home/travis/build/icyphy/ptII/ptolemy/domains/de/test/auto/functionDependencyReconstruction.xml
----------------- Instantiating /home/travis/build/icyphy/ptII/ptolemy/domains/de/test/auto/functionDependencyReconstruction.xml
2 ms. Memory: 357376K Free: 276848K (77%)
----------------- Invoking toplevel() on ptolemy.moml.MoMLSimpleApplication@49b601c9
----------------- Done invoking toplevel() on ptolemy.moml.MoMLSimpleApplication@49b601c9
reloadAllAccessors: .functionDependencyReconstruction

===========================================================================================
----------------- testing Mon Sep 10 02:47:10 UTC 2018 /home/travis/build/icyphy/ptII/ptolemy/domains/de/test/auto/multirate.xml
----------------- Instantiating /home/travis/build/icyphy/ptII/ptolemy/domains/de/test/auto/multirate.xml
6 ms. Memory: 357376K Free: 268019K (75%)
----------------- Invoking toplevel() on ptolemy.moml.MoMLSimpleApplication@6a7302ae
----------------- Done invoking toplevel() on ptolemy.moml.MoMLSimpleApplication@6a7302ae
reloadAllAccessors: .multirate

===========================================================================================
----------------- testing Mon Sep 10 02:47:10 UTC 2018 /home/travis/build/icyphy/ptII/ptolemy/domains/de/test/auto/multirate2.xml
----------------- Instantiating /home/travis/build/icyphy/ptII/ptolemy/domains/de/test/auto/multirate2.xml
3 ms. Memory: 357376K Free: 259206K (73%)
----------------- Invoking toplevel() on ptolemy.moml.MoMLSimpleApplication@4d5c7474
----------------- Done invoking toplevel() on ptolemy.moml.MoMLSimpleApplication@4d5c7474
reloadAllAccessors: .multirate2

===========================================================================================
----------------- testing Mon Sep 10 02:47:10 UTC 2018 /home/travis/build/icyphy/ptII/ptolemy/domains/de/test/auto/realtime.xml
----------------- Instantiating /home/travis/build/icyphy/ptII/ptolemy/domains/de/test/auto/realtime.xml
10002 ms. Memory: 357376K Free: 250377K (70%)
----------------- Invoking toplevel() on ptolemy.moml.MoMLSimpleApplication@164e4f90
----------------- Done invoking toplevel() on ptolemy.moml.MoMLSimpleApplication@164e4f90
reloadAllAccessors: .realtime

===========================================================================================
----------------- testing Mon Sep 10 02:47:20 UTC 2018 /home/travis/build/icyphy/ptII/ptolemy/domains/de/test/auto/relationGroup.xml
----------------- Instantiating /home/travis/build/icyphy/ptII/ptolemy/domains/de/test/auto/relationGroup.xml
2 ms. Memory: 357376K Free: 244324K (68%)
----------------- Invoking toplevel() on ptolemy.moml.MoMLSimpleApplication@4605ea2d
----------------- Done invoking toplevel() on ptolemy.moml.MoMLSimpleApplication@4605ea2d
reloadAllAccessors: .relationGroup

===========================================================================================
----------------- testing Mon Sep 10 02:47:20 UTC 2018 /home/travis/build/icyphy/ptII/ptolemy/domains/de/test/auto/relationGroup2.xml
----------------- Instantiating /home/travis/build/icyphy/ptII/ptolemy/domains/de/test/auto/relationGroup2.xml
1 ms. Memory: 357376K Free: 238271K (67%)
----------------- Invoking toplevel() on ptolemy.moml.MoMLSimpleApplication@596f216e
----------------- Done invoking toplevel() on ptolemy.moml.MoMLSimpleApplication@596f216e
reloadAllAccessors: .relationGroup2

===========================================================================================
----------------- testing Mon Sep 10 02:47:20 UTC 2018 /home/travis/build/icyphy/ptII/ptolemy/domains/de/test/auto/sortWithOpaquePorts.xml
----------------- Instantiating /home/travis/build/icyphy/ptII/ptolemy/domains/de/test/auto/sortWithOpaquePorts.xml
2 ms. Memory: 357376K Free: 229442K (64%)
----------------- Invoking toplevel() on ptolemy.moml.MoMLSimpleApplication@778b8254
----------------- Done invoking toplevel() on ptolemy.moml.MoMLSimpleApplication@778b8254
reloadAllAccessors: .sortWithOpaquePorts

===========================================================================================
----------------- testing Mon Sep 10 02:47:20 UTC 2018 /home/travis/build/icyphy/ptII/ptolemy/domains/de/test/auto/transferInputsandOutputs.xml
----------------- Instantiating /home/travis/build/icyphy/ptII/ptolemy/domains/de/test/auto/transferInputsandOutputs.xml
4 ms. Memory: 357376K Free: 217845K (61%)
----------------- Invoking toplevel() on ptolemy.moml.MoMLSimpleApplication@2ebf116f
----------------- Done invoking toplevel() on ptolemy.moml.MoMLSimpleApplication@2ebf116f
reloadAllAccessors: .transferInputsandOutputs

===========================================================================================
----------------- testing Mon Sep 10 02:47:20 UTC 2018 /home/travis/build/icyphy/ptII/ptolemy/domains/de/test/auto/triggerType.xml
----------------- Instantiating /home/travis/build/icyphy/ptII/ptolemy/domains/de/test/auto/triggerType.xml
0 ms. Memory: 357376K Free: 209024K (58%)
----------------- Invoking toplevel() on ptolemy.moml.MoMLSimpleApplication@79ee43ba
----------------- Done invoking toplevel() on ptolemy.moml.MoMLSimpleApplication@79ee43ba
reloadAllAccessors: .triggerType
AutoTests.java: About to close Vertx.
AutoTests.java: Vertx closed.
]]></system-out>
  <system-err><![CDATA[java.lang.RuntimeException: Execution failed
	at ptolemy.moml.MoMLSimpleApplication$UnloadThread.run(MoMLSimpleApplication.java:402)
Caused by: ptolemy.kernel.util.IllegalActionException: Found a zero delay loop containing .dependencyLoop.original
  in .dependencyLoop and .dependencyLoop.original
	at ptolemy.actor.util.CausalityInterfaceForComposites._computeOutputPortDepth(CausalityInterfaceForComposites.java:759)
	at ptolemy.actor.util.CausalityInterfaceForComposites._computeInputDepth(CausalityInterfaceForComposites.java:696)
	at ptolemy.actor.util.CausalityInterfaceForComposites._computeOutputPortDepth(CausalityInterfaceForComposites.java:765)
	at ptolemy.actor.util.CausalityInterfaceForComposites._computeInputDepth(CausalityInterfaceForComposites.java:696)
	at ptolemy.actor.util.CausalityInterfaceForComposites._computeOutputPortDepth(CausalityInterfaceForComposites.java:765)
	at ptolemy.actor.util.CausalityInterfaceForComposites._computeInputDepth(CausalityInterfaceForComposites.java:696)
	at ptolemy.actor.util.CausalityInterfaceForComposites._computeActorDepth(CausalityInterfaceForComposites.java:532)
	at ptolemy.actor.util.CausalityInterfaceForComposites.checkForCycles(CausalityInterfaceForComposites.java:96)
	at ptolemy.domains.de.kernel.DEDirector.preinitialize(DEDirector.java:1338)
	at ptolemy.actor.CompositeActor.preinitialize(CompositeActor.java:1828)
	at ptolemy.actor.Manager.preinitializeAndResolveTypes(Manager.java:1040)
	at ptolemy.actor.Manager.initialize(Manager.java:710)
	at ptolemy.actor.Manager.execute(Manager.java:356)
	at ptolemy.actor.Manager.run(Manager.java:1263)
	at ptolemy.actor.Manager$PtolemyRunThread.run(Manager.java:1915)
java.lang.RuntimeException: Execution failed
	at ptolemy.moml.MoMLSimpleApplication$UnloadThread.run(MoMLSimpleApplication.java:402)
Caused by: ptolemy.kernel.util.IllegalActionException: Found a zero delay loop containing .dependencyLoop2.original
  in .dependencyLoop2 and .dependencyLoop2.original
	at ptolemy.actor.util.CausalityInterfaceForComposites._computeOutputPortDepth(CausalityInterfaceForComposites.java:759)
	at ptolemy.actor.util.CausalityInterfaceForComposites._computeInputDepth(CausalityInterfaceForComposites.java:696)
	at ptolemy.actor.util.CausalityInterfaceForComposites._computeOutputPortDepth(CausalityInterfaceForComposites.java:765)
	at ptolemy.actor.util.CausalityInterfaceForComposites._computeInputDepth(CausalityInterfaceForComposites.java:696)
	at ptolemy.actor.util.CausalityInterfaceForComposites._computeOutputPortDepth(CausalityInterfaceForComposites.java:765)
	at ptolemy.actor.util.CausalityInterfaceForComposites._computeInputDepth(CausalityInterfaceForComposites.java:696)
	at ptolemy.actor.util.CausalityInterfaceForComposites._computeActorDepth(CausalityInterfaceForComposites.java:532)
	at ptolemy.actor.util.CausalityInterfaceForComposites.checkForCycles(CausalityInterfaceForComposites.java:96)
	at ptolemy.domains.de.kernel.DEDirector.preinitialize(DEDirector.java:1338)
	at ptolemy.actor.CompositeActor.preinitialize(CompositeActor.java:1828)
	at ptolemy.actor.Manager.preinitializeAndResolveTypes(Manager.java:1040)
	at ptolemy.actor.Manager.initialize(Manager.java:710)
	at ptolemy.actor.Manager.execute(Manager.java:356)
	at ptolemy.actor.Manager.run(Manager.java:1263)
	at ptolemy.actor.Manager$PtolemyRunThread.run(Manager.java:1915)
java.lang.RuntimeException: Execution failed
	at ptolemy.moml.MoMLSimpleApplication$UnloadThread.run(MoMLSimpleApplication.java:402)
Caused by: ptolemy.kernel.util.IllegalActionException: Found a zero delay loop containing .dependencyLoop.original
  in .dependencyLoop and .dependencyLoop.original
	at ptolemy.actor.util.CausalityInterfaceForComposites._computeOutputPortDepth(CausalityInterfaceForComposites.java:759)
	at ptolemy.actor.util.CausalityInterfaceForComposites._computeInputDepth(CausalityInterfaceForComposites.java:696)
	at ptolemy.actor.util.CausalityInterfaceForComposites._computeOutputPortDepth(CausalityInterfaceForComposites.java:765)
	at ptolemy.actor.util.CausalityInterfaceForComposites._computeInputDepth(CausalityInterfaceForComposites.java:696)
	at ptolemy.actor.util.CausalityInterfaceForComposites._computeOutputPortDepth(CausalityInterfaceForComposites.java:765)
	at ptolemy.actor.util.CausalityInterfaceForComposites._computeInputDepth(CausalityInterfaceForComposites.java:696)
	at ptolemy.actor.util.CausalityInterfaceForComposites._computeActorDepth(CausalityInterfaceForComposites.java:532)
	at ptolemy.actor.util.CausalityInterfaceForComposites.checkForCycles(CausalityInterfaceForComposites.java:96)
	at ptolemy.domains.de.kernel.DEDirector.preinitialize(DEDirector.java:1338)
	at ptolemy.actor.CompositeActor.preinitialize(CompositeActor.java:1828)
	at ptolemy.actor.Manager.preinitializeAndResolveTypes(Manager.java:1040)
	at ptolemy.actor.Manager.initialize(Manager.java:710)
	at ptolemy.actor.Manager.execute(Manager.java:356)
	at ptolemy.actor.Manager.run(Manager.java:1263)
	at ptolemy.actor.Manager$PtolemyRunThread.run(Manager.java:1915)
java.lang.RuntimeException: Execution failed
	at ptolemy.moml.MoMLSimpleApplication$UnloadThread.run(MoMLSimpleApplication.java:402)
Caused by: ptolemy.kernel.util.IllegalActionException: Actor is not ready to fire.  Perhaps UpSample.prefire() returned false? Try debugging the actor by selecting "Listen to Actor".  Also, for SDF check moml for tokenConsumptionRate on input.
  in .DESDFClockTest.Play Bell.Copy1:SDF Director and .DESDFClockTest.Play Bell.UpSample
	at ptolemy.actor.sched.StaticSchedulingDirector.fire(StaticSchedulingDirector.java:227)
	at ptolemy.domains.sdf.kernel.SDFDirector.fire(SDFDirector.java:500)
	at ptolemy.actor.CompositeActor.fire(CompositeActor.java:455)
	at ptolemy.domains.de.kernel.DEDirector._fire(DEDirector.java:1949)
	at ptolemy.domains.de.kernel.DEDirector.fire(DEDirector.java:502)
	at ptolemy.actor.CompositeActor.fire(CompositeActor.java:455)
	at ptolemy.actor.Manager.iterate(Manager.java:851)
	at ptolemy.actor.Manager.execute(Manager.java:369)
	at ptolemy.actor.Manager.run(Manager.java:1263)
	at ptolemy.actor.Manager$PtolemyRunThread.run(Manager.java:1915)
java.lang.RuntimeException: Execution failed
	at ptolemy.moml.MoMLSimpleApplication$UnloadThread.run(MoMLSimpleApplication.java:402)
Caused by: ptolemy.kernel.util.IllegalActionException: Found a zero delay loop containing .dependencyLoop2.original
  in .dependencyLoop2 and .dependencyLoop2.original
	at ptolemy.actor.util.CausalityInterfaceForComposites._computeOutputPortDepth(CausalityInterfaceForComposites.java:759)
	at ptolemy.actor.util.CausalityInterfaceForComposites._computeInputDepth(CausalityInterfaceForComposites.java:696)
	at ptolemy.actor.util.CausalityInterfaceForComposites._computeOutputPortDepth(CausalityInterfaceForComposites.java:765)
	at ptolemy.actor.util.CausalityInterfaceForComposites._computeInputDepth(CausalityInterfaceForComposites.java:696)
	at ptolemy.actor.util.CausalityInterfaceForComposites._computeOutputPortDepth(CausalityInterfaceForComposites.java:765)
	at ptolemy.actor.util.CausalityInterfaceForComposites._computeInputDepth(CausalityInterfaceForComposites.java:696)
	at ptolemy.actor.util.CausalityInterfaceForComposites._computeActorDepth(CausalityInterfaceForComposites.java:532)
	at ptolemy.actor.util.CausalityInterfaceForComposites.checkForCycles(CausalityInterfaceForComposites.java:96)
	at ptolemy.domains.de.kernel.DEDirector.preinitialize(DEDirector.java:1338)
	at ptolemy.actor.CompositeActor.preinitialize(CompositeActor.java:1828)
	at ptolemy.actor.Manager.preinitializeAndResolveTypes(Manager.java:1040)
	at ptolemy.actor.Manager.initialize(Manager.java:710)
	at ptolemy.actor.Manager.execute(Manager.java:356)
	at ptolemy.actor.Manager.run(Manager.java:1263)
	at ptolemy.actor.Manager$PtolemyRunThread.run(Manager.java:1915)
java.lang.RuntimeException: Execution failed
	at ptolemy.moml.MoMLSimpleApplication$UnloadThread.run(MoMLSimpleApplication.java:402)
Caused by: ptolemy.kernel.util.IllegalActionException: Found a zero delay loop containing .HierarchicalModel.A
  in .HierarchicalModel and .HierarchicalModel.A
	at ptolemy.actor.util.CausalityInterfaceForComposites._computeOutputPortDepth(CausalityInterfaceForComposites.java:759)
	at ptolemy.actor.util.CausalityInterfaceForComposites._computeInputDepth(CausalityInterfaceForComposites.java:696)
	at ptolemy.actor.util.CausalityInterfaceForComposites._computeOutputPortDepth(CausalityInterfaceForComposites.java:765)
	at ptolemy.actor.util.CausalityInterfaceForComposites._computeInputDepth(CausalityInterfaceForComposites.java:696)
	at ptolemy.actor.util.CausalityInterfaceForComposites._computeOutputPortDepth(CausalityInterfaceForComposites.java:765)
	at ptolemy.actor.util.CausalityInterfaceForComposites._computeInputDepth(CausalityInterfaceForComposites.java:696)
	at ptolemy.actor.util.CausalityInterfaceForComposites._computeActorDepth(CausalityInterfaceForComposites.java:532)
	at ptolemy.actor.util.CausalityInterfaceForComposites.checkForCycles(CausalityInterfaceForComposites.java:96)
	at ptolemy.domains.de.kernel.DEDirector.preinitialize(DEDirector.java:1338)
	at ptolemy.actor.CompositeActor.preinitialize(CompositeActor.java:1828)
	at ptolemy.actor.Manager.preinitializeAndResolveTypes(Manager.java:1040)
	at ptolemy.actor.Manager.initialize(Manager.java:710)
	at ptolemy.actor.Manager.execute(Manager.java:356)
	at ptolemy.actor.Manager.run(Manager.java:1263)
	at ptolemy.actor.Manager$PtolemyRunThread.run(Manager.java:1915)
java.lang.RuntimeException: Execution failed
	at ptolemy.moml.MoMLSimpleApplication$UnloadThread.run(MoMLSimpleApplication.java:402)
Caused by: ptolemy.kernel.util.IllegalActionException: Test fails in iteration 1.
Value was: 1.0. Should have been: 2.0
  in .DirectFeedback.Test
	at ptolemy.actor.lib.Test.fire(Test.java:268)
	at ptolemy.domains.de.kernel.DEDirector._fire(DEDirector.java:1949)
	at ptolemy.domains.de.kernel.DEDirector.fire(DEDirector.java:502)
	at ptolemy.actor.CompositeActor.fire(CompositeActor.java:455)
	at ptolemy.actor.Manager.iterate(Manager.java:851)
	at ptolemy.actor.Manager.execute(Manager.java:369)
	at ptolemy.actor.Manager.run(Manager.java:1263)
	at ptolemy.actor.Manager$PtolemyRunThread.run(Manager.java:1915)
java.lang.RuntimeException: Execution failed
	at ptolemy.moml.MoMLSimpleApplication$UnloadThread.run(MoMLSimpleApplication.java:402)
Caused by: ptolemy.kernel.util.IllegalActionException: Actor is not ready to fire.  Perhaps UpSample.prefire() returned false? Try debugging the actor by selecting "Listen to Actor".  Also, for SDF check moml for tokenConsumptionRate on input.
  in .DESDFClockTest.Play Bell.Copy1:SDF Director and .DESDFClockTest.Play Bell.UpSample
	at ptolemy.actor.sched.StaticSchedulingDirector.fire(StaticSchedulingDirector.java:227)
	at ptolemy.domains.sdf.kernel.SDFDirector.fire(SDFDirector.java:500)
	at ptolemy.actor.CompositeActor.fire(CompositeActor.java:455)
	at ptolemy.domains.de.kernel.DEDirector._fire(DEDirector.java:1949)
	at ptolemy.domains.de.kernel.DEDirector.fire(DEDirector.java:502)
	at ptolemy.actor.CompositeActor.fire(CompositeActor.java:455)
	at ptolemy.actor.Manager.iterate(Manager.java:851)
	at ptolemy.actor.Manager.execute(Manager.java:369)
	at ptolemy.actor.Manager.run(Manager.java:1263)
	at ptolemy.actor.Manager$PtolemyRunThread.run(Manager.java:1915)
java.lang.reflect.InvocationTargetException
	at sun.reflect.NativeConstructorAccessorImpl.newInstance0(Native Method)
	at sun.reflect.NativeConstructorAccessorImpl.newInstance(NativeConstructorAccessorImpl.java:62)
	at sun.reflect.DelegatingConstructorAccessorImpl.newInstance(DelegatingConstructorAccessorImpl.java:45)
	at java.lang.reflect.Constructor.newInstance(Constructor.java:423)
	at ptolemy.util.test.junit.AutoKnownFailedTests.RunModel(AutoKnownFailedTests.java:107)
	at sun.reflect.NativeMethodAccessorImpl.invoke0(Native Method)
	at sun.reflect.NativeMethodAccessorImpl.invoke(NativeMethodAccessorImpl.java:62)
	at sun.reflect.DelegatingMethodAccessorImpl.invoke(DelegatingMethodAccessorImpl.java:43)
	at java.lang.reflect.Method.invoke(Method.java:498)
	at org.junit.runners.model.FrameworkMethod$1.runReflectiveCall(FrameworkMethod.java:44)
	at org.junit.internal.runners.model.ReflectiveCallable.run(ReflectiveCallable.java:15)
	at org.junit.runners.model.FrameworkMethod.invokeExplosively(FrameworkMethod.java:41)
	at junitparams.internal.InvokeParameterisedMethod.evaluate(InvokeParameterisedMethod.java:102)
	at org.junit.internal.runners.statements.FailOnTimeout$1.run(FailOnTimeout.java:28)
Caused by: ptolemy.kernel.util.IllegalActionException: Actor is not ready to fire.  Perhaps UpSample.prefire() returned false? Try debugging the actor by selecting "Listen to Actor".  Also, for SDF check moml for tokenConsumptionRate on input.
  in .DESDFClockTest.Play Bell.Copy1:SDF Director and .DESDFClockTest.Play Bell.UpSample
	at ptolemy.actor.sched.StaticSchedulingDirector.fire(StaticSchedulingDirector.java:227)
	at ptolemy.domains.sdf.kernel.SDFDirector.fire(SDFDirector.java:500)
	at ptolemy.actor.CompositeActor.fire(CompositeActor.java:455)
	at ptolemy.domains.de.kernel.DEDirector._fire(DEDirector.java:1949)
	at ptolemy.domains.de.kernel.DEDirector.fire(DEDirector.java:502)
	at ptolemy.actor.CompositeActor.fire(CompositeActor.java:455)
	at ptolemy.actor.Manager.iterate(Manager.java:851)
	at ptolemy.actor.Manager.execute(Manager.java:369)
	at ptolemy.actor.Manager.run(Manager.java:1263)
	at ptolemy.actor.Manager$PtolemyRunThread.run(Manager.java:1915)
java.lang.RuntimeException: Execution failed
	at ptolemy.moml.MoMLSimpleApplication$UnloadThread.run(MoMLSimpleApplication.java:402)
Caused by: ptolemy.kernel.util.IllegalActionException: Test fails in iteration 1.
Value was: 1.0. Should have been: 2.0
  in .DirectFeedback.Test
	at ptolemy.actor.lib.Test.fire(Test.java:268)
	at ptolemy.domains.de.kernel.DEDirector._fire(DEDirector.java:1949)
	at ptolemy.domains.de.kernel.DEDirector.fire(DEDirector.java:502)
	at ptolemy.actor.CompositeActor.fire(CompositeActor.java:455)
	at ptolemy.actor.Manager.iterate(Manager.java:851)
	at ptolemy.actor.Manager.execute(Manager.java:369)
	at ptolemy.actor.Manager.run(Manager.java:1263)
	at ptolemy.actor.Manager$PtolemyRunThread.run(Manager.java:1915)
java.lang.reflect.InvocationTargetException
	at sun.reflect.NativeConstructorAccessorImpl.newInstance0(Native Method)
	at sun.reflect.NativeConstructorAccessorImpl.newInstance(NativeConstructorAccessorImpl.java:62)
	at sun.reflect.DelegatingConstructorAccessorImpl.newInstance(DelegatingConstructorAccessorImpl.java:45)
	at java.lang.reflect.Constructor.newInstance(Constructor.java:423)
	at ptolemy.util.test.junit.AutoKnownFailedTests.RunModel(AutoKnownFailedTests.java:107)
	at sun.reflect.NativeMethodAccessorImpl.invoke0(Native Method)
	at sun.reflect.NativeMethodAccessorImpl.invoke(NativeMethodAccessorImpl.java:62)
	at sun.reflect.DelegatingMethodAccessorImpl.invoke(DelegatingMethodAccessorImpl.java:43)
	at java.lang.reflect.Method.invoke(Method.java:498)
	at org.junit.runners.model.FrameworkMethod$1.runReflectiveCall(FrameworkMethod.java:44)
	at org.junit.internal.runners.model.ReflectiveCallable.run(ReflectiveCallable.java:15)
	at org.junit.runners.model.FrameworkMethod.invokeExplosively(FrameworkMethod.java:41)
	at junitparams.internal.InvokeParameterisedMethod.evaluate(InvokeParameterisedMethod.java:102)
	at org.junit.internal.runners.statements.FailOnTimeout$1.run(FailOnTimeout.java:28)
Caused by: ptolemy.kernel.util.IllegalActionException: Test fails in iteration 1.
Value was: 1.0. Should have been: 2.0
  in .DirectFeedback.Test
	at ptolemy.actor.lib.Test.fire(Test.java:268)
	at ptolemy.domains.de.kernel.DEDirector._fire(DEDirector.java:1949)
	at ptolemy.domains.de.kernel.DEDirector.fire(DEDirector.java:502)
	at ptolemy.actor.CompositeActor.fire(CompositeActor.java:455)
	at ptolemy.actor.Manager.iterate(Manager.java:851)
	at ptolemy.actor.Manager.execute(Manager.java:369)
	at ptolemy.actor.Manager.run(Manager.java:1263)
	at ptolemy.actor.Manager$PtolemyRunThread.run(Manager.java:1915)
java.lang.RuntimeException: Execution failed
	at ptolemy.moml.MoMLSimpleApplication$UnloadThread.run(MoMLSimpleApplication.java:402)
Caused by: ptolemy.kernel.util.IllegalActionException: Found a zero delay loop containing .HierarchicalModel.A
  in .HierarchicalModel and .HierarchicalModel.A
	at ptolemy.actor.util.CausalityInterfaceForComposites._computeOutputPortDepth(CausalityInterfaceForComposites.java:759)
	at ptolemy.actor.util.CausalityInterfaceForComposites._computeInputDepth(CausalityInterfaceForComposites.java:696)
	at ptolemy.actor.util.CausalityInterfaceForComposites._computeOutputPortDepth(CausalityInterfaceForComposites.java:765)
	at ptolemy.actor.util.CausalityInterfaceForComposites._computeInputDepth(CausalityInterfaceForComposites.java:696)
	at ptolemy.actor.util.CausalityInterfaceForComposites._computeOutputPortDepth(CausalityInterfaceForComposites.java:765)
	at ptolemy.actor.util.CausalityInterfaceForComposites._computeInputDepth(CausalityInterfaceForComposites.java:696)
	at ptolemy.actor.util.CausalityInterfaceForComposites._computeActorDepth(CausalityInterfaceForComposites.java:532)
	at ptolemy.actor.util.CausalityInterfaceForComposites.checkForCycles(CausalityInterfaceForComposites.java:96)
	at ptolemy.domains.de.kernel.DEDirector.preinitialize(DEDirector.java:1338)
	at ptolemy.actor.CompositeActor.preinitialize(CompositeActor.java:1828)
	at ptolemy.actor.Manager.preinitializeAndResolveTypes(Manager.java:1040)
	at ptolemy.actor.Manager.initialize(Manager.java:710)
	at ptolemy.actor.Manager.execute(Manager.java:356)
	at ptolemy.actor.Manager.run(Manager.java:1263)
	at ptolemy.actor.Manager$PtolemyRunThread.run(Manager.java:1915)
java.lang.reflect.InvocationTargetException
	at sun.reflect.NativeConstructorAccessorImpl.newInstance0(Native Method)
	at sun.reflect.NativeConstructorAccessorImpl.newInstance(NativeConstructorAccessorImpl.java:62)
	at sun.reflect.DelegatingConstructorAccessorImpl.newInstance(DelegatingConstructorAccessorImpl.java:45)
	at java.lang.reflect.Constructor.newInstance(Constructor.java:423)
	at ptolemy.util.test.junit.AutoKnownFailedTests.RunModel(AutoKnownFailedTests.java:107)
	at sun.reflect.NativeMethodAccessorImpl.invoke0(Native Method)
	at sun.reflect.NativeMethodAccessorImpl.invoke(NativeMethodAccessorImpl.java:62)
	at sun.reflect.DelegatingMethodAccessorImpl.invoke(DelegatingMethodAccessorImpl.java:43)
	at java.lang.reflect.Method.invoke(Method.java:498)
	at org.junit.runners.model.FrameworkMethod$1.runReflectiveCall(FrameworkMethod.java:44)
	at org.junit.internal.runners.model.ReflectiveCallable.run(ReflectiveCallable.java:15)
	at org.junit.runners.model.FrameworkMethod.invokeExplosively(FrameworkMethod.java:41)
	at junitparams.internal.InvokeParameterisedMethod.evaluate(InvokeParameterisedMethod.java:102)
	at org.junit.internal.runners.statements.FailOnTimeout$1.run(FailOnTimeout.java:28)
Caused by: ptolemy.kernel.util.IllegalActionException: Found a zero delay loop containing .HierarchicalModel.A
  in .HierarchicalModel and .HierarchicalModel.A
	at ptolemy.actor.util.CausalityInterfaceForComposites._computeOutputPortDepth(CausalityInterfaceForComposites.java:759)
	at ptolemy.actor.util.CausalityInterfaceForComposites._computeInputDepth(CausalityInterfaceForComposites.java:696)
	at ptolemy.actor.util.CausalityInterfaceForComposites._computeOutputPortDepth(CausalityInterfaceForComposites.java:765)
	at ptolemy.actor.util.CausalityInterfaceForComposites._computeInputDepth(CausalityInterfaceForComposites.java:696)
	at ptolemy.actor.util.CausalityInterfaceForComposites._computeOutputPortDepth(CausalityInterfaceForComposites.java:765)
	at ptolemy.actor.util.CausalityInterfaceForComposites._computeInputDepth(CausalityInterfaceForComposites.java:696)
	at ptolemy.actor.util.CausalityInterfaceForComposites._computeActorDepth(CausalityInterfaceForComposites.java:532)
	at ptolemy.actor.util.CausalityInterfaceForComposites.checkForCycles(CausalityInterfaceForComposites.java:96)
	at ptolemy.domains.de.kernel.DEDirector.preinitialize(DEDirector.java:1338)
	at ptolemy.actor.CompositeActor.preinitialize(CompositeActor.java:1828)
	at ptolemy.actor.Manager.preinitializeAndResolveTypes(Manager.java:1040)
	at ptolemy.actor.Manager.initialize(Manager.java:710)
	at ptolemy.actor.Manager.execute(Manager.java:356)
	at ptolemy.actor.Manager.run(Manager.java:1263)
	at ptolemy.actor.Manager$PtolemyRunThread.run(Manager.java:1915)
java.lang.RuntimeException: Execution failed
	at ptolemy.moml.MoMLSimpleApplication$UnloadThread.run(MoMLSimpleApplication.java:402)
Caused by: ptolemy.kernel.util.IllegalActionException: Found a zero delay loop containing .dependencyLoop.original
  in .dependencyLoop and .dependencyLoop.original
	at ptolemy.actor.util.CausalityInterfaceForComposites._computeOutputPortDepth(CausalityInterfaceForComposites.java:759)
	at ptolemy.actor.util.CausalityInterfaceForComposites._computeInputDepth(CausalityInterfaceForComposites.java:696)
	at ptolemy.actor.util.CausalityInterfaceForComposites._computeOutputPortDepth(CausalityInterfaceForComposites.java:765)
	at ptolemy.actor.util.CausalityInterfaceForComposites._computeInputDepth(CausalityInterfaceForComposites.java:696)
	at ptolemy.actor.util.CausalityInterfaceForComposites._computeOutputPortDepth(CausalityInterfaceForComposites.java:765)
	at ptolemy.actor.util.CausalityInterfaceForComposites._computeInputDepth(CausalityInterfaceForComposites.java:696)
	at ptolemy.actor.util.CausalityInterfaceForComposites._computeActorDepth(CausalityInterfaceForComposites.java:532)
	at ptolemy.actor.util.CausalityInterfaceForComposites.checkForCycles(CausalityInterfaceForComposites.java:96)
	at ptolemy.domains.de.kernel.DEDirector.preinitialize(DEDirector.java:1338)
	at ptolemy.actor.CompositeActor.preinitialize(CompositeActor.java:1828)
	at ptolemy.actor.Manager.preinitializeAndResolveTypes(Manager.java:1040)
	at ptolemy.actor.Manager.initialize(Manager.java:710)
	at ptolemy.actor.Manager.execute(Manager.java:356)
	at ptolemy.actor.Manager.run(Manager.java:1263)
	at ptolemy.actor.Manager$PtolemyRunThread.run(Manager.java:1915)
java.lang.reflect.InvocationTargetException
	at sun.reflect.NativeConstructorAccessorImpl.newInstance0(Native Method)
	at sun.reflect.NativeConstructorAccessorImpl.newInstance(NativeConstructorAccessorImpl.java:62)
	at sun.reflect.DelegatingConstructorAccessorImpl.newInstance(DelegatingConstructorAccessorImpl.java:45)
	at java.lang.reflect.Constructor.newInstance(Constructor.java:423)
	at ptolemy.util.test.junit.AutoKnownFailedTests.RunModel(AutoKnownFailedTests.java:107)
	at sun.reflect.NativeMethodAccessorImpl.invoke0(Native Method)
	at sun.reflect.NativeMethodAccessorImpl.invoke(NativeMethodAccessorImpl.java:62)
	at sun.reflect.DelegatingMethodAccessorImpl.invoke(DelegatingMethodAccessorImpl.java:43)
	at java.lang.reflect.Method.invoke(Method.java:498)
	at org.junit.runners.model.FrameworkMethod$1.runReflectiveCall(FrameworkMethod.java:44)
	at org.junit.internal.runners.model.ReflectiveCallable.run(ReflectiveCallable.java:15)
	at org.junit.runners.model.FrameworkMethod.invokeExplosively(FrameworkMethod.java:41)
	at junitparams.internal.InvokeParameterisedMethod.evaluate(InvokeParameterisedMethod.java:102)
	at org.junit.internal.runners.statements.FailOnTimeout$1.run(FailOnTimeout.java:28)
Caused by: ptolemy.kernel.util.IllegalActionException: Found a zero delay loop containing .dependencyLoop.original
  in .dependencyLoop and .dependencyLoop.original
	at ptolemy.actor.util.CausalityInterfaceForComposites._computeOutputPortDepth(CausalityInterfaceForComposites.java:759)
	at ptolemy.actor.util.CausalityInterfaceForComposites._computeInputDepth(CausalityInterfaceForComposites.java:696)
	at ptolemy.actor.util.CausalityInterfaceForComposites._computeOutputPortDepth(CausalityInterfaceForComposites.java:765)
	at ptolemy.actor.util.CausalityInterfaceForComposites._computeInputDepth(CausalityInterfaceForComposites.java:696)
	at ptolemy.actor.util.CausalityInterfaceForComposites._computeOutputPortDepth(CausalityInterfaceForComposites.java:765)
	at ptolemy.actor.util.CausalityInterfaceForComposites._computeInputDepth(CausalityInterfaceForComposites.java:696)
	at ptolemy.actor.util.CausalityInterfaceForComposites._computeActorDepth(CausalityInterfaceForComposites.java:532)
	at ptolemy.actor.util.CausalityInterfaceForComposites.checkForCycles(CausalityInterfaceForComposites.java:96)
	at ptolemy.domains.de.kernel.DEDirector.preinitialize(DEDirector.java:1338)
	at ptolemy.actor.CompositeActor.preinitialize(CompositeActor.java:1828)
	at ptolemy.actor.Manager.preinitializeAndResolveTypes(Manager.java:1040)
	at ptolemy.actor.Manager.initialize(Manager.java:710)
	at ptolemy.actor.Manager.execute(Manager.java:356)
	at ptolemy.actor.Manager.run(Manager.java:1263)
	at ptolemy.actor.Manager$PtolemyRunThread.run(Manager.java:1915)
java.lang.RuntimeException: Execution failed
	at ptolemy.moml.MoMLSimpleApplication$UnloadThread.run(MoMLSimpleApplication.java:402)
Caused by: ptolemy.kernel.util.IllegalActionException: Found a zero delay loop containing .dependencyLoop2.original
  in .dependencyLoop2 and .dependencyLoop2.original
	at ptolemy.actor.util.CausalityInterfaceForComposites._computeOutputPortDepth(CausalityInterfaceForComposites.java:759)
	at ptolemy.actor.util.CausalityInterfaceForComposites._computeInputDepth(CausalityInterfaceForComposites.java:696)
	at ptolemy.actor.util.CausalityInterfaceForComposites._computeOutputPortDepth(CausalityInterfaceForComposites.java:765)
	at ptolemy.actor.util.CausalityInterfaceForComposites._computeInputDepth(CausalityInterfaceForComposites.java:696)
	at ptolemy.actor.util.CausalityInterfaceForComposites._computeOutputPortDepth(CausalityInterfaceForComposites.java:765)
	at ptolemy.actor.util.CausalityInterfaceForComposites._computeInputDepth(CausalityInterfaceForComposites.java:696)
	at ptolemy.actor.util.CausalityInterfaceForComposites._computeActorDepth(CausalityInterfaceForComposites.java:532)
	at ptolemy.actor.util.CausalityInterfaceForComposites.checkForCycles(CausalityInterfaceForComposites.java:96)
	at ptolemy.domains.de.kernel.DEDirector.preinitialize(DEDirector.java:1338)
	at ptolemy.actor.CompositeActor.preinitialize(CompositeActor.java:1828)
	at ptolemy.actor.Manager.preinitializeAndResolveTypes(Manager.java:1040)
	at ptolemy.actor.Manager.initialize(Manager.java:710)
	at ptolemy.actor.Manager.execute(Manager.java:356)
	at ptolemy.actor.Manager.run(Manager.java:1263)
	at ptolemy.actor.Manager$PtolemyRunThread.run(Manager.java:1915)
java.lang.reflect.InvocationTargetException
	at sun.reflect.NativeConstructorAccessorImpl.newInstance0(Native Method)
	at sun.reflect.NativeConstructorAccessorImpl.newInstance(NativeConstructorAccessorImpl.java:62)
	at sun.reflect.DelegatingConstructorAccessorImpl.newInstance(DelegatingConstructorAccessorImpl.java:45)
	at java.lang.reflect.Constructor.newInstance(Constructor.java:423)
	at ptolemy.util.test.junit.AutoKnownFailedTests.RunModel(AutoKnownFailedTests.java:107)
	at sun.reflect.NativeMethodAccessorImpl.invoke0(Native Method)
	at sun.reflect.NativeMethodAccessorImpl.invoke(NativeMethodAccessorImpl.java:62)
	at sun.reflect.DelegatingMethodAccessorImpl.invoke(DelegatingMethodAccessorImpl.java:43)
	at java.lang.reflect.Method.invoke(Method.java:498)
	at org.junit.runners.model.FrameworkMethod$1.runReflectiveCall(FrameworkMethod.java:44)
	at org.junit.internal.runners.model.ReflectiveCallable.run(ReflectiveCallable.java:15)
	at org.junit.runners.model.FrameworkMethod.invokeExplosively(FrameworkMethod.java:41)
	at junitparams.internal.InvokeParameterisedMethod.evaluate(InvokeParameterisedMethod.java:102)
	at org.junit.internal.runners.statements.FailOnTimeout$1.run(FailOnTimeout.java:28)
Caused by: ptolemy.kernel.util.IllegalActionException: Found a zero delay loop containing .dependencyLoop2.original
  in .dependencyLoop2 and .dependencyLoop2.original
	at ptolemy.actor.util.CausalityInterfaceForComposites._computeOutputPortDepth(CausalityInterfaceForComposites.java:759)
	at ptolemy.actor.util.CausalityInterfaceForComposites._computeInputDepth(CausalityInterfaceForComposites.java:696)
	at ptolemy.actor.util.CausalityInterfaceForComposites._computeOutputPortDepth(CausalityInterfaceForComposites.java:765)
	at ptolemy.actor.util.CausalityInterfaceForComposites._computeInputDepth(CausalityInterfaceForComposites.java:696)
	at ptolemy.actor.util.CausalityInterfaceForComposites._computeOutputPortDepth(CausalityInterfaceForComposites.java:765)
	at ptolemy.actor.util.CausalityInterfaceForComposites._computeInputDepth(CausalityInterfaceForComposites.java:696)
	at ptolemy.actor.util.CausalityInterfaceForComposites._computeActorDepth(CausalityInterfaceForComposites.java:532)
	at ptolemy.actor.util.CausalityInterfaceForComposites.checkForCycles(CausalityInterfaceForComposites.java:96)
	at ptolemy.domains.de.kernel.DEDirector.preinitialize(DEDirector.java:1338)
	at ptolemy.actor.CompositeActor.preinitialize(CompositeActor.java:1828)
	at ptolemy.actor.Manager.preinitializeAndResolveTypes(Manager.java:1040)
	at ptolemy.actor.Manager.initialize(Manager.java:710)
	at ptolemy.actor.Manager.execute(Manager.java:356)
	at ptolemy.actor.Manager.run(Manager.java:1263)
	at ptolemy.actor.Manager$PtolemyRunThread.run(Manager.java:1915)
]]></system-err>
</testsuite>
