<?xml version="1.0" encoding="UTF-8" ?>
<testsuite errors="0" failures="0" hostname="travis-job-d802c0d1-da0f-4ab1-b18b-5b825c7be404" name="ptolemy.actor.lib.test.junit.JUnitTclTest" skipped="0" tests="517" time="58.628" timestamp="2019-05-03T04:09:08">
  <properties>
    <property name="npm.executable" value="npm" />
    <property name="file.encoding.pkg" value="sun.io" />
    <property name="env.TRAVIS_ROOT" value="/" />
    <property name="ptII.mk.exists" value="true" />
    <property name="env.TRAVIS_APP_HOST" value="build.travis-ci.org" />
    <property name="env.rvm_bin_path" value="/home/travis/.rvm/bin" />
    <property name="java.home" value="/usr/lib/jvm/java-8-oracle/jre" />
    <property name="env.TRAVIS_JOB_NUMBER" value="1116.8" />
    <property name="env.TRAVIS_HOME" value="/home/travis" />
    <property name="env.DISPLAY" value=":99.0" />
    <property name="java.net.preferIPv4Stack" value="true" />
    <property name="env.TRAVIS_INIT" value="upstart" />
    <property name="env.SSH_TTY" value="/dev/pts/0" />
    <property name="env.RUN_TESTS" value="true" />
    <property name="timeout.short" value="1000000" />
    <property name="env.TRAVIS_JOB_NAME" value="" />
    <property name="env.TRAVIS_STACK_NODE_ATTRIBUTES" value="/.node-attributes.yml" />
    <property name="junit.formatter" value="xml" />
    <property name="java.endorsed.dirs" value="/usr/lib/jvm/java-8-oracle/jre/lib/endorsed" />
    <property name="env.TRAVIS_SUDO" value="true" />
    <property name="env.LOGNAME" value="travis" />
    <property name="env.PT_TRAVIS_TEST_CORE1_XML" value="true" />
    <property name="jsdoc.home" value="node_modules/@terraswarm/jsdoc" />
    <property name="debuglevel" value="source,lines,vars" />
    <property name="checkstyle.formatter" value="xml" />
    <property name="bin.vergil.makeable" value="true" />
    <property name="env._system_version" value="14.04" />
    <property name="sun.os.patch.level" value="unknown" />
    <property name="java.vendor.url" value="http://java.oracle.com/" />
    <property name="env.TRAVIS_BUILD_WEB_URL" value="https://travis-ci.org/icyphy/ptII/builds/527595858" />
    <property name="java.version" value="1.8.0_151" />
    <property name="env.TZ" value="UTC" />
    <property name="env.PT_NO_NET" value="true" />
    <property name="env.TRAVIS_PULL_REQUEST_SHA" value="" />
    <property name="env.TRAVIS_SECURE_ENV_VARS" value="true" />
    <property name="env._system_type" value="Linux" />
    <property name="java.vendor.url.bug" value="http://bugreport.sun.com/bugreport/" />
    <property name="env.SSH_CLIENT" value="10.10.4.58 40986 22" />
    <property name="npmjs-org-is-up" value="true" />
    <property name="env.GEM_HOME" value="/home/travis/.rvm/gems/ruby-2.4.1" />
    <property name="env.HAS_ANTARES_THREE_LITTLE_FRONZIES_BADGE" value="true" />
    <property name="env.PS4" value="+" />
    <property name="ant.project.invoked-targets" value="build,test.core1.xml" />
    <property name="env.TRAVIS_PULL_REQUEST_BRANCH" value="" />
    <property name="env.TRAVIS_REPO_SLUG" value="icyphy/ptII" />
    <property name="env.TRAVIS_APT_PROXY" value="http://build-cache.travisci.net" />
    <property name="node.in.path" value="true" />
    <property name="java.maxmemory" value="1400m" />
    <property name="env.RUBY_VERSION" value="ruby-2.4.1" />
    <property name="user.name" value="travis" />
    <property name="env.LANG" value="en_US.UTF-8" />
    <property name="sun.io.unicode.encoding" value="UnicodeLittle" />
    <property name="sun.jnu.encoding" value="UTF-8" />
    <property name="java.runtime.name" value="Java(TM) SE Runtime Environment" />
    <property name="usefile" value="false" />
    <property name="return.code" value="0" />
    <property name="junit.single.formatter" value="plain" />
    <property name="env.DYLD_LIBRARY_PATH" value="/home/travis/pthla/certi-tools/lib:" />
    <property name="env.DEBIAN_FRONTEND" value="noninteractive" />
    <property name="env.SSH_CONNECTION" value="10.10.4.58 40986 10.20.0.40 22" />
    <property name="env.MYSQL_UNIX_PORT" value="/var/run/mysqld/mysqld.sock" />
    <property name="env.TRAVIS_ALLOW_FAILURE" value="false" />
    <property name="env.LC_ALL" value="en_US.UTF-8" />
    <property name="env.TRAVIS_JOB_WEB_URL" value="https://travis-ci.org/icyphy/ptII/jobs/527595866" />
    <property name="java.specification.name" value="Java Platform API Specification" />
    <property name="node.works" value="true" />
    <property name="user.timezone" value="" />
    <property name="path.separator" value=":" />
    <property name="env.TRAVIS_ENABLE_INFRA_DETECTION" value="true" />
    <property name="env.PYTHON_CFLAGS" value="-g -fstack-protector --param=ssp-buffer-size=4 -Wformat -Werror=format-security" />
    <property name="timeout.long" value="4000000" />
    <property name="env.CERTI_HOME" value="/home/travis/pthla/certi-tools" />
    <property name="file.encoding" value="UTF-8" />
    <property name="ant.file.ptII" value="/home/travis/build/icyphy/ptII/build.xml" />
    <property name="javadoc.packagenames" value="com.*,diva.*,lbnl.*,org.hlacerti.*,org.json.*,org.ptolemy.*,org.terraswarm.*,ptolemy.*,ptserver.*" />
    <property name="env.TRAVIS_PULL_REQUEST_SLUG" value="" />
    <property name="ant.project.default-target" value="build" />
    <property name="env.GIT_ASKPASS" value="echo" />
    <property name="env.HOME" value="/home/travis" />
    <property name="sun.java.command" value="org.apache.tools.ant.taskdefs.optional.junit.JUnitTestRunner ptolemy.actor.lib.test.junit.JUnitTclTest skipNonTests=false filtertrace=true haltOnError=false haltOnFailure=false formatter=org.apache.tools.ant.taskdefs.optional.junit.OutErrSummaryJUnitResultFormatter showoutput=true outputtoformatters=true logfailedtests=true threadid=0 logtestlistenerevents=false formatter=org.apache.tools.ant.taskdefs.optional.junit.XMLJUnitResultFormatter,/home/travis/build/icyphy/ptII/reports/junit/TEST-ptolemy.actor.lib.test.junit.JUnitTclTest.xml crashfile=/home/travis/build/icyphy/ptII/junitvmwatcher3359182840409464357.properties propsfile=/home/travis/build/icyphy/ptII/junit4646665686809853145.properties" />
    <property name="env.MANPATH" value="/home/travis/.nvm/versions/node/v7.10.1/share/man:/home/travis/.kiex/elixirs/elixir-1.4.5/man:/home/travis/.rvm/rubies/ruby-2.4.1/share/man:/usr/local/man:/usr/local/cmake-3.9.2/man:/usr/local/clang-5.0.0/share/man:/usr/local/share/man:/usr/share/man:/home/travis/.rvm/man" />
    <property name="env.COMPOSER_NO_INTERACTION" value="1" />
    <property name="env.JDK_SWITCHER_DEFAULT" value="oraclejdk8" />
    <property name="env.TRAVIS_TIMER_ID" value="18e8c6b0" />
    <property name="ant.file" value="/home/travis/build/icyphy/ptII/build.xml" />
    <property name="env.TRAVIS_COMMIT_RANGE" value="3f6146babdcb91bb774375c51ba364f99a168539...777fcfefa266871934936e100763859d2479d891" />
    <property name="env._system_name" value="Ubuntu" />
    <property name="timeout" value="2400000" />
    <property name="ptII.classpath.optional.property" value="/home/travis/build/icyphy/ptII/lib/bsh-2.0b4.jar:/home/travis/build/icyphy/ptII/lib/ptCal.jar:/home/travis/build/icyphy/ptII/lib/java_cup.jar:/home/travis/build/icyphy/ptII/lib/saxon8.jar:/home/travis/build/icyphy/ptII/lib/saxon8-dom.jar:/home/travis/build/icyphy/ptII/lib/chic.jar:/home/travis/build/icyphy/ptII/lib/ptcolt.jar:/usr/lib/jvm/java-8-oracle/lib/tools.jar:/home/travis/build/icyphy/ptII/vendors/misc/itext/iText.jar:/home/travis/build/icyphy/ptII/lib/g4ltl.jar:/home/travis/build/icyphy/ptII/lib/StructuralCoder.jar:/home/travis/build/icyphy/ptII/vendors/jai-1_1_2_01/lib/jai_core.jar:/home/travis/build/icyphy/ptII/vendors/jai-1_1_2_01/lib/jai_codec.jar:/home/travis/build/icyphy/ptII/lib/jcerti.jar:/home/travis/build/icyphy/ptII/lib/javax.mail.jar:/home/travis/build/icyphy/ptII/vendors/JMF-2.1.1e/lib/jmf.jar:/home/travis/build/icyphy/ptII/lib/jna-4.0.0-variadic.jar:/home/travis/build/icyphy/ptII/vendors/misc/joystick/Joystick.jar:/home/travis/build/icyphy/ptII/lib/ptjacl.jar:/home/travis/build/icyphy/ptII/lib/jsoup-1.8.2.jar:/home/travis/build/icyphy/ptII/lib/junit-4.8.2.jar:/home/travis/build/icyphy/ptII/lib/JUnitParams-0.4.0.jar:/home/travis/build/icyphy/ptII/ptolemy/actor/lib/excel/jxl.jar:/home/travis/build/icyphy/ptII/lib/jython.jar:/home/travis/build/icyphy/ptII/lib/kieler.jar:/home/travis/build/icyphy/ptII/vendors/opencv/share/OpenCV/java/opencv-341.jar:/home/travis/build/icyphy/ptII/lib/oscP5.jar:/home/travis/build/icyphy/ptII/lib/nrjavaserial-3.11.0.devel.jar:/home/travis/build/icyphy/ptII/vendors/j3d/lib/j3dcore.jar:/home/travis/build/icyphy/ptII/vendors/j3d/lib/j3dutils.jar:/home/travis/build/icyphy/ptII/vendors/j3d/lib/vecmath.jar:/home/travis/build/icyphy/ptII/ptolemy/distributed/jini/jar/jini-core.jar:/home/travis/build/icyphy/ptII/ptolemy/distributed/jini/jar/jini-ext.jar:/home/travis/build/icyphy/ptII/ptolemy/distributed/jini/jar/sun-util.jar:/home/travis/build/icyphy/ptII/lib/protobuf-java-2.4.1.jar:/home/travis/build/icyphy/ptII/lib/org.eclipse.paho.client.mqttv3.jar:/home/travis/build/icyphy/ptII/lib/mapss.jar:/home/travis/build/icyphy/ptII/ptolemy/actor/ptalon/antlr/antlr.jar:/home/travis/build/icyphy/ptII/lib/JRI.jar:/home/travis/build/icyphy/ptII/lib/commons-lang-2.6.jar:/home/travis/build/icyphy/ptII/lib/commons-logging-1.1.1.jar:/home/travis/build/icyphy/ptII/lib/sootclasses.jar:/home/travis/build/icyphy/ptII/ptolemy/actor/lib/database/mysql-connector-java-5.1.6-bin.jar:/home/travis/build/icyphy/ptII/vendors/misc/sphinx4/sphinx4-data-5prealpha.jar:/home/travis/build/icyphy/ptII/vendors/misc/sphinx4/sphinx4-core-5prealpha.jar:/home/travis/build/icyphy/ptII/lib/PDFRenderer.jar:/home/travis/build/icyphy/ptII/lib/svgSalamander.jar:/home/travis/build/icyphy/ptII/lib/rsyntaxtextarea-2.6.0-SNAPSHOT.jar:/home/travis/build/icyphy/ptII/lib/hazelcast-3.8.2.jar:/home/travis/build/icyphy/ptII/lib/jackson-annotations-2.9.0.jar:/home/travis/build/icyphy/ptII/lib/jackson-core-2.9.3.jar:/home/travis/build/icyphy/ptII/lib/jackson-databind-2.9.3.jar:/home/travis/build/icyphy/ptII/lib/netty-buffer-4.1.19.Final.jar:/home/travis/build/icyphy/ptII/lib/netty-codec-4.1.19.Final.jar:/home/travis/build/icyphy/ptII/lib/netty-codec-dns-4.1.19.Final.jar:/home/travis/build/icyphy/ptII/lib/netty-codec-http-4.1.19.Final.jar:/home/travis/build/icyphy/ptII/lib/netty-codec-http2-4.1.19.Final.jar:/home/travis/build/icyphy/ptII/lib/netty-common-4.1.19.Final.jar:/home/travis/build/icyphy/ptII/lib/netty-handler-4.1.19.Final.jar:/home/travis/build/icyphy/ptII/lib/netty-resolver-4.1.19.Final.jar:/home/travis/build/icyphy/ptII/lib/netty-resolver-dns-4.1.19.Final.jar:/home/travis/build/icyphy/ptII/lib/netty-transport-4.1.19.Final.jar:/home/travis/build/icyphy/ptII/lib/vertx-codegen-3.5.1.jar:/home/travis/build/icyphy/ptII/lib/vertx-core-3.5.2-SNAPSHOT.jar:/home/travis/build/icyphy/ptII/lib/vertx-hazelcast-3.5.1.jar:/home/travis/build/icyphy/ptII/lib/vertx-lang-js-3.5.1.jar:/home/travis/build/icyphy/ptII/lib/vertx-service-proxy-3.5.1.jar:/home/travis/build/icyphy/ptII/lib/vertx-web-3.5.1.jar:/home/travis/build/icyphy/ptII/lib/slf4j-api-1.7.13.jar:/home/travis/build/icyphy/ptII/lib/slf4j-simple-1.7.13.jar:/home/travis/build/icyphy/ptII/lib/webcam-capture-0.3.12.jar:/home/travis/build/icyphy/ptII/lib/bridj-0.7.0.jar:/home/travis/build/icyphy/ptII/lib/xbjlib-1.1.0.nrjavaserial.jar" />
    <property name="test.batch" value="**/junit/*.java" />
    <property name="env._" value="/usr/bin/timeout" />
    <property name="java.io.tmpdir" value="/tmp" />
    <property name="env.TRAVIS_INTERNAL_RUBY_REGEX" value="^ruby-(2\.[0-4]\.[0-9]|1\.9\.3)" />
    <property name="user.language" value="en" />
    <property name="env.HISTCONTROL" value="ignoredups:ignorespace" />
    <property name="env.GOROOT" value="/home/travis/.gimme/versions/go1.7.4.linux.amd64" />
    <property name="line.separator" value="&#xa;" />
    <property name="target" value="1.8" />
    <property name="env.TRAVIS_BUILD_DIR" value="/home/travis/build/icyphy/ptII" />
    <property name="env.ANT_OPTS" value="-Xmx2048m" />
    <property name="ant.file.type" value="file" />
    <property name="ptolemy.ptII.batchMode" value="true" />
    <property name="env.HISTSIZE" value="1000" />
    <property name="env.MERB_ENV" value="test" />
    <property name="java.vm.info" value="mixed mode" />
    <property name="source" value="1.8" />
    <property name="java.vm.specification.name" value="Java Virtual Machine Specification" />
    <property name="env.TRAVIS_TEST_RESULT" value="0" />
    <property name="jsdoc.command" value="node_modules/@terraswarm/jsdoc/jsdoc.js" />
    <property name="npm.works" value="true" />
    <property name="cobertura.dir" value="/home/travis/build/icyphy/ptII/vendors/cobertura-2.0.3" />
    <property name="env.rvm_path" value="/home/travis/.rvm" />
    <property name="env.GEM_PATH" value="/home/travis/.rvm/gems/ruby-2.4.1:/home/travis/.rvm/gems/ruby-2.4.1@global" />
    <property name="env.LC_CTYPE" value="en_US.UTF-8" />
    <property name="java.awt.printerjob" value="sun.print.PSPrinterJob" />
    <property name="env.TRAVIS_CMD" value="$PTII/bin/ptIITravisBuild.sh $SECONDS" />
    <property name="env.TRAVIS_STACK_NAME" value="garnet" />
    <property name="env.TRAVIS_TIMER_START_TIME" value="1556856197088642821" />
    <property name="ant.version" value="Apache Ant(TM) version 1.10.1 compiled on February 2 2017" />
    <property name="ptII.reports" value="/home/travis/build/icyphy/ptII/reports" />
    <property name="env.TRAVIS_STACK_TIMESTAMP" value="2017-12-05 19:33:09 UTC" />
    <property name="ant.file.type.ptII" value="file" />
    <property name="env.RBENV_SHELL" value="bash" />
    <property name="os.name" value="Linux" />
    <property name="java.specification.vendor" value="Oracle Corporation" />
    <property name="env.rvm_version" value="1.29.3 (latest)" />
    <property name="env.TRAVIS_INFRA" value="gce" />
    <property name="env.TERM" value="xterm" />
    <property name="java.vm.name" value="Java HotSpot(TM) 64-Bit Server VM" />
    <property name="env.TRAVIS_BUILD_NUMBER" value="1116" />
    <property name="env.CI" value="true" />
    <property name="java.library.path" value="/home/travis/pthla/certi-tools/lib:/usr/lib/jni:/usr/local/share/OpenCV/java/:/usr/share/OpenCV/java::/usr/java/packages/lib/amd64:/usr/lib64:/lib64:/lib:/usr/lib" />
    <property name="env.rvm_prefix" value="/home/travis" />
    <property name="env.PATH" value="/home/travis/pthla/certi-tools/share/scripts:/home/travis/.rvm/gems/ruby-2.4.1/bin:/home/travis/.rvm/gems/ruby-2.4.1@global/bin:/home/travis/.rvm/rubies/ruby-2.4.1/bin:/home/travis/.rvm/bin:/home/travis/.nvm/versions/node/v7.10.1/bin:./node_modules/.bin:/home/travis/build/icyphy/ptII/bin:/home/travis/pthla/certi-tools/bin:/home/travis/bin:/home/travis/.local/bin:/opt/pyenv/shims:/home/travis/.phpenv/shims:/home/travis/perl5/perlbrew/bin:/home/travis/.kiex/elixirs/elixir-1.4.5/bin:/home/travis/.kiex/bin:/home/travis/gopath/bin:/home/travis/.gimme/versions/go1.7.4.linux.amd64/bin:/usr/local/phantomjs/bin:/usr/local/phantomjs:/usr/local/neo4j-3.2.7/bin:/usr/local/maven-3.5.2/bin:/usr/local/cmake-3.9.2/bin:/usr/local/clang-5.0.0/bin:/usr/local/sbin:/usr/local/bin:/usr/sbin:/usr/bin:/sbin:/bin:/home/travis/.phpenv/bin:/opt/pyenv/bin:/home/travis/.yarn/bin" />
    <property name="env.TRAVIS_OS_NAME" value="linux" />
    <property name="ant.java.version" value="1.8" />
    <property name="basedir" value="/home/travis/build/icyphy/ptII" />
    <property name="java.class.version" value="52.0" />
    <property name="env.SHLVL" value="3" />
    <property name="env.LD_LIBRARY_PATH" value="/home/travis/pthla/certi-tools/lib:/usr/lib/jni:/usr/local/share/OpenCV/java/:/usr/share/OpenCV/java:" />
    <property name="env.RACK_ENV" value="test" />
    <property name="ant.home" value="/home/travis/build/icyphy/ptII/ant" />
    <property name="env.PERLBREW_BASHRC_VERSION" value="0.80" />
    <property name="env.NVM_DIR" value="/home/travis/.nvm" />
    <property name="env.TRAVIS_BUILD_ID" value="527595858" />
    <property name="env.CERTI_FOM_PATH" value="/home/travis/pthla/certi-tools/share/federations" />
    <property name="env.PYENV_ROOT" value="/opt/pyenv" />
    <property name="env.TRAVIS_UID" value="2000" />
    <property name="env.rvm_pretty_print_flag" value="auto" />
    <property name="env.NVM_BIN" value="/home/travis/.nvm/versions/node/v7.10.1/bin" />
    <property name="env.TRAVIS_COMMIT" value="777fcfefa266871934936e100763859d2479d891" />
    <property name="env._system_arch" value="x86_64" />
    <property name="node.executable" value="node" />
    <property name="sun.boot.library.path" value="/usr/lib/jvm/java-8-oracle/jre/lib/amd64" />
    <property name="sun.management.compiler" value="HotSpot 64-Bit Tiered Compilers" />
    <property name="env.GOPATH" value="/home/travis/gopath" />
    <property name="java.awt.graphicsenv" value="sun.awt.X11GraphicsEnvironment" />
    <property name="ptolemy.ptII.dir" value="/home/travis/build/icyphy/ptII" />
    <property name="env.USER" value="travis" />
    <property name="env.HISTFILESIZE" value="2000" />
    <property name="timeout.longest" value="19000000" />
    <property name="env.TRAVIS_STACK_FEATURES" value="basic cassandra chromium couchdb disabled-ipv6 docker docker-compose elasticsearch firefox go-toolchain google-chrome jdk memcached mongodb mysql neo4j nodejs_interpreter perl_interpreter perlbrew phantomjs postgresql python_interpreter rabbitmq redis riak ruby_interpreter sqlite xserver" />
    <property name="env.TRAVIS_PULL_REQUEST" value="false" />
    <property name="env.PYENV_SHELL" value="bash" />
    <property name="ant.project.name" value="ptII" />
    <property name="java.vm.specification.version" value="1.8" />
    <property name="env.ANSI_RESET" value="\033[0m" />
    <property name="env.TRAVIS_DIST" value="trusty" />
    <property name="env.CERTI_VERSION" value="4.0.0" />
    <property name="env.NLSPATH" value="/usr/dt/lib/nls/msg/%L/%N.cat" />
    <property name="awt.toolkit" value="sun.awt.X11.XToolkit" />
    <property name="env.CERTI_HOST" value="localhost" />
    <property name="env.MY_RUBY_HOME" value="/home/travis/.rvm/rubies/ruby-2.4.1" />
    <property name="sun.cpu.isalist" value="" />
    <property name="env.TRAVIS_TMPDIR" value="/tmp/tmp.r7WT3u6QKN" />
    <property name="java.ext.dirs" value="/usr/lib/jvm/java-8-oracle/jre/lib/ext:/usr/java/packages/lib/ext" />
    <property name="os.version" value="4.4.0-101-generic" />
    <property name="user.home" value="/home/travis" />
    <property name="env.MIX_ARCHIVES" value="/home/travis/.kiex/mix/elixir-1.4.5" />
    <property name="java.vm.vendor" value="Oracle Corporation" />
    <property name="env.TRAVIS_TAG" value="nightly" />
    <property name="env.ANSI_YELLOW" value="\033[33;1m" />
    <property name="env.TRAVIS_FILTERED" value="redirect_io" />
    <property name="env.ANSI_GREEN" value="\033[32;1m" />
    <property name="env.JAVA_HOME" value="/usr/lib/jvm/java-8-oracle" />
    <property name="env.PTII" value="/home/travis/build/icyphy/ptII" />
    <property name="javadoc.excludepackagenames" value="adm.cvs2svn.*,build.*,config.*,doc.coding.templates.*,jni.test.jni.meaningOfLife.*,jni.test.jni.testDeux.*,jni.test.jni.testTrois.*,org.terraswarm.accessor.accessors.web.node_modules.*,org.terraswarm.accessor.accessors.web.hosts.cordova.demo.*,org.terraswarm.accessor.accessors.web.hosts.cordova.plugins.*,org.terraswarm.accessor.accessors-svn.*,pt-modules.*,ptolemy.apps.agilent.*,ptolemy.apps.anytimecontrol.*,ptolemy.apps.apes.*,ptolemy.apps.charon.*,ptolemy.apps.crazyboard.*,ptolemy.apps.eclipse.*,ptolemy.apps.etherealSting.*,ptolemy.apps.fullscreen.*,ptolemy.apps.giotto.*,ptolemy.apps.ia.*,ptolemy.apps.interfaces.*,ptolemy.apps.jmf.*,ptolemy.apps.kurt.*,ptolemy.apps.kvm.*,ptolemy.apps.lego.*,ptolemy.apps.lejos.*,ptolemy.apps.midp.*,ptolemy.apps.mobileCoding.*,ptolemy.apps.pendulum.*,ptolemy.apps.rijndael.*,ptolemy.apps.robot.*,ptolemy.apps.security.*,ptolemy.apps.sobel.*,ptolemy.apps.soot.*,ptolemy.apps.throttle.*,ptolemy.apps.tini.*,ptolemy.apps.transmission.*,ptolemy.apps.vergil.*,ptolemy.apps.waba.*,ptolemy.apps.websensor.*,ptolemy.apps.webstart.*,ptolemy.apps.xsl.*,ptolemy.apps.zaurus.*,ptolemy.codegen.c.actor.lib.oldJavaFiles.*,ptolemy.codegen.dsp.lib.*,ptolemy.codegen.kernel.newInterfaces.*,ptolemy.codegen.lib.*,ptolemy.copernicus.kernel.fragment.*,ptolemy.copernicus.shallow.cg.*,ptolemy.domains.giotto.demo.Hierarchy.Hierarchy.*,ptolemy.domains.giotto.demo.Multimode.Multimode.*,ptolemy.domains.giotto.demo.Simple.Simple.*,ptolemy.domains.gr.lib.experimental.*,ptolemy.domains.gro.*,ptolemy.domains.pdf.*,ptolemy.domains.ptinyos.demo.Surge.output.*,ptolemy.moml.test.NoPackageActor.java*,ptolemy.plot.adm.*,ptolemy.plot.servlet.*,reports.*,signed.*,src.*,target.*,vendors.*,ptolemy.apps.eclipse.awt.*,ptolemy.backtrack.*,ptolemy.backtrack.ast.*,ptolemy.cg.adapter.generic.program.procedural.c.mbed*,ptolemy.homer.*,org.ptolemy.scala.*,diva.util.java2d.svg.*,ptolemy.domains.ptinyos.*,ptolemy.actor.lib.fmi.fmipp.*,,org.terraswarm.accessor.accessors.web.node_modules.*,org.terraswarm.accessor.accessors-svn,ptolemy.apps.*,ptolemy.actor.ptalon.demo.ptinyos.SendAndReceiveCnt.output,ptolemy.actor.ptalon.demo.ptinyos.SenseToLeds.output,ptolemy.domains.ptinyos.demo.CntToLedsAndRfm.output,ptolemy.domains.ptinyos.demo.RfmToLeds.output,ptolemy.domains.ptinyos.demo.SendAndReceiveCnt.output,ptolemy.domains.ptinyos.demo.SenseToLeds.output,ptolemy.actor.lib.jjs.modules.udpSocket.*" />
    <property name="env.TRAVIS_COMMIT_MESSAGE" value="Fixed labels on plots" />
    <property name="keystore" value="ptKeystore" />
    <property name="env.XDG_SESSION_ID" value="2" />
    <property name="junit.output.dir" value="/home/travis/build/icyphy/ptII/reports/junit" />
    <property name="npm.return.code" value="0" />
    <property name="user.dir" value="/home/travis/build/icyphy/ptII/ptolemy/actor/lib/test" />
    <property name="env.TRAVIS_NODE_VERSION" value="7" />
    <property name="env.XFILESEARCHPATH" value="/usr/dt/app-defaults/%L/Dt" />
    <property name="env.TRAVIS_EVENT_TYPE" value="cron" />
    <property name="env.MAIL" value="/var/mail/travis" />
    <property name="env.PWD" value="/home/travis/build/icyphy/ptII" />
    <property name="env.PERLBREW_ROOT" value="/home/travis/perl5/perlbrew" />
    <property name="timeout.npm" value="45000" />
    <property name="env.TRAVIS_ARCH" value="amd64" />
    <property name="env.PAGER" value="cat" />
    <property name="sun.cpu.endian" value="little" />
    <property name="env.TRAVIS_BUILD_STAGE_NAME" value="Test" />
    <property name="env.PERLBREW_HOME" value="/home/travis/.perlbrew" />
    <property name="env.RAILS_ENV" value="test" />
    <property name="java.vm.version" value="25.151-b12" />
    <property name="java.class.path" value="/home/travis/.ptolemyII:/home/travis/.ptolemyII/*:/home/travis/build/icyphy/ptII:/home/travis/build/icyphy/ptII/lib/bsh-2.0b4.jar:/home/travis/build/icyphy/ptII/lib/ptCal.jar:/home/travis/build/icyphy/ptII/lib/java_cup.jar:/home/travis/build/icyphy/ptII/lib/saxon8.jar:/home/travis/build/icyphy/ptII/lib/saxon8-dom.jar:/home/travis/build/icyphy/ptII/lib/chic.jar:/home/travis/build/icyphy/ptII/lib/ptcolt.jar:/usr/lib/jvm/java-8-oracle/lib/tools.jar:/home/travis/build/icyphy/ptII/vendors/misc/itext/iText.jar:/home/travis/build/icyphy/ptII/lib/g4ltl.jar:/home/travis/build/icyphy/ptII/lib/StructuralCoder.jar:/home/travis/build/icyphy/ptII/vendors/jai-1_1_2_01/lib/jai_core.jar:/home/travis/build/icyphy/ptII/vendors/jai-1_1_2_01/lib/jai_codec.jar:/home/travis/build/icyphy/ptII/lib/jcerti.jar:/home/travis/build/icyphy/ptII/lib/javax.mail.jar:/home/travis/build/icyphy/ptII/vendors/JMF-2.1.1e/lib/jmf.jar:/home/travis/build/icyphy/ptII/lib/jna-4.0.0-variadic.jar:/home/travis/build/icyphy/ptII/vendors/misc/joystick/Joystick.jar:/home/travis/build/icyphy/ptII/lib/ptjacl.jar:/home/travis/build/icyphy/ptII/lib/jsoup-1.8.2.jar:/home/travis/build/icyphy/ptII/lib/junit-4.8.2.jar:/home/travis/build/icyphy/ptII/lib/JUnitParams-0.4.0.jar:/home/travis/build/icyphy/ptII/ptolemy/actor/lib/excel/jxl.jar:/home/travis/build/icyphy/ptII/lib/jython.jar:/home/travis/build/icyphy/ptII/lib/kieler.jar:/home/travis/build/icyphy/ptII/vendors/opencv/share/OpenCV/java/opencv-341.jar:/home/travis/build/icyphy/ptII/lib/oscP5.jar:/home/travis/build/icyphy/ptII/lib/nrjavaserial-3.11.0.devel.jar:/home/travis/build/icyphy/ptII/vendors/j3d/lib/j3dcore.jar:/home/travis/build/icyphy/ptII/vendors/j3d/lib/j3dutils.jar:/home/travis/build/icyphy/ptII/vendors/j3d/lib/vecmath.jar:/home/travis/build/icyphy/ptII/ptolemy/distributed/jini/jar/jini-core.jar:/home/travis/build/icyphy/ptII/ptolemy/distributed/jini/jar/jini-ext.jar:/home/travis/build/icyphy/ptII/ptolemy/distributed/jini/jar/sun-util.jar:/home/travis/build/icyphy/ptII/lib/protobuf-java-2.4.1.jar:/home/travis/build/icyphy/ptII/lib/org.eclipse.paho.client.mqttv3.jar:/home/travis/build/icyphy/ptII/lib/mapss.jar:/home/travis/build/icyphy/ptII/ptolemy/actor/ptalon/antlr/antlr.jar:/home/travis/build/icyphy/ptII/lib/JRI.jar:/home/travis/build/icyphy/ptII/lib/commons-lang-2.6.jar:/home/travis/build/icyphy/ptII/lib/commons-logging-1.1.1.jar:/home/travis/build/icyphy/ptII/lib/sootclasses.jar:/home/travis/build/icyphy/ptII/ptolemy/actor/lib/database/mysql-connector-java-5.1.6-bin.jar:/home/travis/build/icyphy/ptII/vendors/misc/sphinx4/sphinx4-data-5prealpha.jar:/home/travis/build/icyphy/ptII/vendors/misc/sphinx4/sphinx4-core-5prealpha.jar:/home/travis/build/icyphy/ptII/lib/PDFRenderer.jar:/home/travis/build/icyphy/ptII/lib/svgSalamander.jar:/home/travis/build/icyphy/ptII/lib/rsyntaxtextarea-2.6.0-SNAPSHOT.jar:/home/travis/build/icyphy/ptII/lib/hazelcast-3.8.2.jar:/home/travis/build/icyphy/ptII/lib/jackson-annotations-2.9.0.jar:/home/travis/build/icyphy/ptII/lib/jackson-core-2.9.3.jar:/home/travis/build/icyphy/ptII/lib/jackson-databind-2.9.3.jar:/home/travis/build/icyphy/ptII/lib/netty-buffer-4.1.19.Final.jar:/home/travis/build/icyphy/ptII/lib/netty-codec-4.1.19.Final.jar:/home/travis/build/icyphy/ptII/lib/netty-codec-dns-4.1.19.Final.jar:/home/travis/build/icyphy/ptII/lib/netty-codec-http-4.1.19.Final.jar:/home/travis/build/icyphy/ptII/lib/netty-codec-http2-4.1.19.Final.jar:/home/travis/build/icyphy/ptII/lib/netty-common-4.1.19.Final.jar:/home/travis/build/icyphy/ptII/lib/netty-handler-4.1.19.Final.jar:/home/travis/build/icyphy/ptII/lib/netty-resolver-4.1.19.Final.jar:/home/travis/build/icyphy/ptII/lib/netty-resolver-dns-4.1.19.Final.jar:/home/travis/build/icyphy/ptII/lib/netty-transport-4.1.19.Final.jar:/home/travis/build/icyphy/ptII/lib/vertx-codegen-3.5.1.jar:/home/travis/build/icyphy/ptII/lib/vertx-core-3.5.2-SNAPSHOT.jar:/home/travis/build/icyphy/ptII/lib/vertx-hazelcast-3.5.1.jar:/home/travis/build/icyphy/ptII/lib/vertx-lang-js-3.5.1.jar:/home/travis/build/icyphy/ptII/lib/vertx-service-proxy-3.5.1.jar:/home/travis/build/icyphy/ptII/lib/vertx-web-3.5.1.jar:/home/travis/build/icyphy/ptII/lib/slf4j-api-1.7.13.jar:/home/travis/build/icyphy/ptII/lib/slf4j-simple-1.7.13.jar:/home/travis/build/icyphy/ptII/lib/webcam-capture-0.3.12.jar:/home/travis/build/icyphy/ptII/lib/bridj-0.7.0.jar:/home/travis/build/icyphy/ptII/lib/xbjlib-1.1.0.nrjavaserial.jar:/home/travis/build/icyphy/ptII/ptolemy/moml/test:/home/travis/build/icyphy/ptII/ant/lib/ant-launcher.jar:/home/travis/build/icyphy/ptII/ant/lib/ant.jar:/home/travis/build/icyphy/ptII/ant/lib/ant-junit.jar:/home/travis/build/icyphy/ptII/ant/lib/ant-junit4.jar" />
    <property name="ant.library.dir" value="/home/travis/build/icyphy/ptII/ant/lib" />
    <property name="os.arch" value="amd64" />
    <property name="env.TRAVIS_LANGUAGE" value="node_js" />
    <property name="env.CONTINUOUS_INTEGRATION" value="true" />
    <property name="env.TRAVIS_STACK_LANGUAGES" value="__garnet__ c c++ clojure cplusplus cpp default go groovy java node_js php pure_java python ruby scala" />
    <property name="test.name" value="ptolemy.actor.lib.test.junit.JUnitTclTest" />
    <property name="sun.java.launcher" value="SUN_STANDARD" />
    <property name="env.PYTHON_CONFIGURE_OPTS" value="--enable-unicode=ucs4 --with-wide-unicode --enable-shared --enable-ipv6 --enable-loadable-sqlite-extensions --with-computed-gotos" />
    <property name="ant.core.lib" value="/home/travis/build/icyphy/ptII/ant/lib/ant.jar" />
    <property name="java.vm.specification.vendor" value="Oracle Corporation" />
    <property name="env.BCVTB_HOME" value="/home/travis/build/icyphy/ptII/lbnl" />
    <property name="file.separator" value="/" />
    <property name="spotbugs.home" value="/home/travis/build/icyphy/ptII/vendors/spotbugs-3.1.1" />
    <property name="java.runtime.version" value="1.8.0_151-b12" />
    <property name="sun.boot.class.path" value="/usr/lib/jvm/java-8-oracle/jre/lib/resources.jar:/usr/lib/jvm/java-8-oracle/jre/lib/rt.jar:/usr/lib/jvm/java-8-oracle/jre/lib/sunrsasign.jar:/usr/lib/jvm/java-8-oracle/jre/lib/jsse.jar:/usr/lib/jvm/java-8-oracle/jre/lib/jce.jar:/usr/lib/jvm/java-8-oracle/jre/lib/charsets.jar:/usr/lib/jvm/java-8-oracle/jre/lib/jfr.jar:/usr/lib/jvm/java-8-oracle/jre/classes" />
    <property name="env.ANSI_CLEAR" value="\033[0K" />
    <property name="env.HAS_JOSH_K_SEAL_OF_APPROVAL" value="true" />
    <property name="env.XDG_RUNTIME_DIR" value="/run/user/2000" />
    <property name="env.TRAVIS_OSX_IMAGE" value="" />
    <property name="env.TRAVIS_BRANCH" value="master" />
    <property name="env.TRAVIS_JOB_ID" value="527595866" />
    <property name="user.country" value="US" />
    <property name="env.CERTI_HOME_TRAVIS" value="/home/travis/pthla/certi-tools" />
    <property name="env.SHELL" value="/bin/bash" />
    <property name="java.maxmemory.large" value="5000m" />
    <property name="model" value="" />
    <property name="env.CASHER_DIR" value="/home/travis/.casher" />
    <property name="env.NVM_CD_FLAGS" value="" />
    <property name="jshint.executable" value="/home/travis/node_modules/jshint/bin/jshint" />
    <property name="java.vendor" value="Oracle Corporation" />
    <property name="env.JRUBY_OPTS" value=" --client -J-XX:+TieredCompilation -J-XX:TieredStopAtLevel=1 -J-Xss2m -Xcompile.invokedynamic=false" />
    <property name="env.TRAVIS_PRE_CHEF_BOOTSTRAP_TIME" value="2017-12-05T19:32:55" />
    <property name="env.TRAVIS_STACK_JOB_BOARD_REGISTER" value="/.job-board-register.yml" />
    <property name="env.ELIXIR_VERSION" value="1.4.5" />
    <property name="env.ANSI_RED" value="\033[31;1m" />
    <property name="java.specification.version" value="1.8" />
    <property name="env.TRAVIS" value="true" />
    <property name="env.IRBRC" value="/home/travis/.rvm/rubies/ruby-2.4.1/.irbrc" />
    <property name="sun.arch.data.model" value="64" />
  </properties>
  <testcase classname="ptolemy.util.test.junit.TclTests" name="[0] /home/travis/build/icyphy/ptII/ptolemy/actor/lib/test/AbsoluteValue.tcl (RunTclFile)" time="0.49" />
  <testcase classname="ptolemy.util.test.junit.TclTests" name="[1] /home/travis/build/icyphy/ptII/ptolemy/actor/lib/test/AddSubtract.tcl (RunTclFile)" time="0.112" />
  <testcase classname="ptolemy.util.test.junit.TclTests" name="[2] /home/travis/build/icyphy/ptII/ptolemy/actor/lib/test/Average.tcl (RunTclFile)" time="0.066" />
  <testcase classname="ptolemy.util.test.junit.TclTests" name="[3] /home/travis/build/icyphy/ptII/ptolemy/actor/lib/test/Bernoulli.tcl (RunTclFile)" time="0.037" />
  <testcase classname="ptolemy.util.test.junit.TclTests" name="[4] /home/travis/build/icyphy/ptII/ptolemy/actor/lib/test/Clock.tcl (RunTclFile)" time="0.072" />
  <testcase classname="ptolemy.util.test.junit.TclTests" name="[5] /home/travis/build/icyphy/ptII/ptolemy/actor/lib/test/Commutator.tcl (RunTclFile)" time="0.094" />
  <testcase classname="ptolemy.util.test.junit.TclTests" name="[6] /home/travis/build/icyphy/ptII/ptolemy/actor/lib/test/Const.tcl (RunTclFile)" time="0.126" />
  <testcase classname="ptolemy.util.test.junit.TclTests" name="[7] /home/travis/build/icyphy/ptII/ptolemy/actor/lib/test/CurrentTime.tcl (RunTclFile)" time="0.043" />
  <testcase classname="ptolemy.util.test.junit.TclTests" name="[8] /home/travis/build/icyphy/ptII/ptolemy/actor/lib/test/DB.tcl (RunTclFile)" time="0.04" />
  <testcase classname="ptolemy.util.test.junit.TclTests" name="[9] /home/travis/build/icyphy/ptII/ptolemy/actor/lib/test/DiscreteRandomSource.tcl (RunTclFile)" time="0.022" />
  <testcase classname="ptolemy.util.test.junit.TclTests" name="[10] /home/travis/build/icyphy/ptII/ptolemy/actor/lib/test/Distributor.tcl (RunTclFile)" time="0.042" />
  <testcase classname="ptolemy.util.test.junit.TclTests" name="[11] /home/travis/build/icyphy/ptII/ptolemy/actor/lib/test/Exit.tcl (RunTclFile)" time="0.044" />
  <testcase classname="ptolemy.util.test.junit.TclTests" name="[12] /home/travis/build/icyphy/ptII/ptolemy/actor/lib/test/Expression.tcl (RunTclFile)" time="0.121" />
  <testcase classname="ptolemy.util.test.junit.TclTests" name="[13] /home/travis/build/icyphy/ptII/ptolemy/actor/lib/test/Gaussian.tcl (RunTclFile)" time="0.066" />
  <testcase classname="ptolemy.util.test.junit.TclTests" name="[14] /home/travis/build/icyphy/ptII/ptolemy/actor/lib/test/IIR.tcl (RunTclFile)" time="0.044" />
  <testcase classname="ptolemy.util.test.junit.TclTests" name="[15] /home/travis/build/icyphy/ptII/ptolemy/actor/lib/test/Interpolator.tcl (RunTclFile)" time="0.107" />
  <testcase classname="ptolemy.util.test.junit.TclTests" name="[16] /home/travis/build/icyphy/ptII/ptolemy/actor/lib/test/MathFunction.tcl (RunTclFile)" time="0.079" />
  <testcase classname="ptolemy.util.test.junit.TclTests" name="[17] /home/travis/build/icyphy/ptII/ptolemy/actor/lib/test/Maximum.tcl (RunTclFile)" time="0.026" />
  <testcase classname="ptolemy.util.test.junit.TclTests" name="[18] /home/travis/build/icyphy/ptII/ptolemy/actor/lib/test/Minimum.tcl (RunTclFile)" time="0.025" />
  <testcase classname="ptolemy.util.test.junit.TclTests" name="[19] /home/travis/build/icyphy/ptII/ptolemy/actor/lib/test/MultiplyDivide.tcl (RunTclFile)" time="0.022" />
  <testcase classname="ptolemy.util.test.junit.TclTests" name="[20] /home/travis/build/icyphy/ptII/ptolemy/actor/lib/test/OrderedMerge.tcl (RunTclFile)" time="0.087" />
  <testcase classname="ptolemy.util.test.junit.TclTests" name="[21] /home/travis/build/icyphy/ptII/ptolemy/actor/lib/test/Publisher.tcl (RunTclFile)" time="0.673" />
  <testcase classname="ptolemy.util.test.junit.TclTests" name="[22] /home/travis/build/icyphy/ptII/ptolemy/actor/lib/test/Pulse.tcl (RunTclFile)" time="0.029" />
  <testcase classname="ptolemy.util.test.junit.TclTests" name="[23] /home/travis/build/icyphy/ptII/ptolemy/actor/lib/test/Ramp.tcl (RunTclFile)" time="1.814" />
  <testcase classname="ptolemy.util.test.junit.TclTests" name="[24] /home/travis/build/icyphy/ptII/ptolemy/actor/lib/test/RampContinuous.tcl (RunTclFile)" time="0.019" />
  <testcase classname="ptolemy.util.test.junit.TclTests" name="[25] /home/travis/build/icyphy/ptII/ptolemy/actor/lib/test/RecordAssembler.tcl (RunTclFile)" time="0.017" />
  <testcase classname="ptolemy.util.test.junit.TclTests" name="[26] /home/travis/build/icyphy/ptII/ptolemy/actor/lib/test/RecordDisassembler.tcl (RunTclFile)" time="0.022" />
  <testcase classname="ptolemy.util.test.junit.TclTests" name="[27] /home/travis/build/icyphy/ptII/ptolemy/actor/lib/test/Scale.tcl (RunTclFile)" time="0.02" />
  <testcase classname="ptolemy.util.test.junit.TclTests" name="[28] /home/travis/build/icyphy/ptII/ptolemy/actor/lib/test/SequentialClock.tcl (RunTclFile)" time="0.014" />
  <testcase classname="ptolemy.util.test.junit.TclTests" name="[29] /home/travis/build/icyphy/ptII/ptolemy/actor/lib/test/SetVariable.tcl (RunTclFile)" time="0.011" />
  <testcase classname="ptolemy.util.test.junit.TclTests" name="[30] /home/travis/build/icyphy/ptII/ptolemy/actor/lib/test/Sinewave.tcl (RunTclFile)" time="0.045" />
  <testcase classname="ptolemy.util.test.junit.TclTests" name="[31] /home/travis/build/icyphy/ptII/ptolemy/actor/lib/test/SubscriptionAggregator.tcl (RunTclFile)" time="2.051" />
  <testcase classname="ptolemy.util.test.junit.TclTests" name="[32] /home/travis/build/icyphy/ptII/ptolemy/actor/lib/test/Test.tcl (RunTclFile)" time="0.099" />
  <testcase classname="ptolemy.util.test.junit.TclTests" name="[33] /home/travis/build/icyphy/ptII/ptolemy/actor/lib/test/TestExceptionHandler.tcl (RunTclFile)" time="0.01" />
  <testcase classname="ptolemy.util.test.junit.TclTests" name="[34] /home/travis/build/icyphy/ptII/ptolemy/actor/lib/test/UnionDisassembler.tcl (RunTclFile)" time="0.046" />
  <testcase classname="ptolemy.util.test.junit.TclTests" name="[35] /home/travis/build/icyphy/ptII/ptolemy/actor/lib/test/VariableClock.tcl (RunTclFile)" time="0.014" />
  <testcase classname="ptolemy.util.test.junit.AutoKnownFailedTests" name="[0] /home/travis/build/icyphy/ptII/ptolemy/actor/lib/test/auto/knownFailedTests/PublisherPortToplevelSubscriber.xml (RunModel)" time="0.017" />
  <testcase classname="ptolemy.util.test.junit.AutoKnownFailedTests" name="[1] /home/travis/build/icyphy/ptII/ptolemy/actor/lib/test/auto/knownFailedTests/PublisherSubscriberPortToplevel.xml (RunModel)" time="0.018" />
  <testcase classname="ptolemy.util.test.junit.AutoKnownFailedTests" name="[2] /home/travis/build/icyphy/ptII/ptolemy/actor/lib/test/auto/knownFailedTests/PublisherSubscriptionAggregatorPort.xml (RunModel)" time="0.022" />
  <testcase classname="ptolemy.util.test.junit.AutoKnownFailedTests" name="[3] /home/travis/build/icyphy/ptII/ptolemy/actor/lib/test/auto/knownFailedTests/sizedarray3.xml (RunModel)" time="0.026" />
  <testcase classname="ptolemy.util.test.junit.AutoNameArchTests" name="[0] ThereAreNoAutoArchTests (RunModel)" time="0.001" />
  <testcase classname="ptolemy.util.test.junit.AutoTests" name="[0] /home/travis/build/icyphy/ptII/ptolemy/actor/lib/test/auto/AbsoluteValue.xml (RunModel)" time="0.106" />
  <testcase classname="ptolemy.util.test.junit.AutoTests" name="[1] /home/travis/build/icyphy/ptII/ptolemy/actor/lib/test/auto/AbsoluteValue2.xml (RunModel)" time="0.057" />
  <testcase classname="ptolemy.util.test.junit.AutoTests" name="[2] /home/travis/build/icyphy/ptII/ptolemy/actor/lib/test/auto/Accumulator.xml (RunModel)" time="0.06" />
  <testcase classname="ptolemy.util.test.junit.AutoTests" name="[3] /home/travis/build/icyphy/ptII/ptolemy/actor/lib/test/auto/Accumulator2.xml (RunModel)" time="0.043" />
  <testcase classname="ptolemy.util.test.junit.AutoTests" name="[4] /home/travis/build/icyphy/ptII/ptolemy/actor/lib/test/auto/Accumulator3.xml (RunModel)" time="0.045" />
  <testcase classname="ptolemy.util.test.junit.AutoTests" name="[5] /home/travis/build/icyphy/ptII/ptolemy/actor/lib/test/auto/ArrayAppend.xml (RunModel)" time="0.039" />
  <testcase classname="ptolemy.util.test.junit.AutoTests" name="[6] /home/travis/build/icyphy/ptII/ptolemy/actor/lib/test/auto/ArrayAppend2.xml (RunModel)" time="0.387" />
  <testcase classname="ptolemy.util.test.junit.AutoTests" name="[7] /home/travis/build/icyphy/ptII/ptolemy/actor/lib/test/auto/ArrayAppend3.xml (RunModel)" time="0.03" />
  <testcase classname="ptolemy.util.test.junit.AutoTests" name="[8] /home/travis/build/icyphy/ptII/ptolemy/actor/lib/test/auto/ArrayAppend4.xml (RunModel)" time="0.035" />
  <testcase classname="ptolemy.util.test.junit.AutoTests" name="[9] /home/travis/build/icyphy/ptII/ptolemy/actor/lib/test/auto/ArrayAppend5.xml (RunModel)" time="0.03" />
  <testcase classname="ptolemy.util.test.junit.AutoTests" name="[10] /home/travis/build/icyphy/ptII/ptolemy/actor/lib/test/auto/ArrayAppend6.xml (RunModel)" time="0.03" />
  <testcase classname="ptolemy.util.test.junit.AutoTests" name="[11] /home/travis/build/icyphy/ptII/ptolemy/actor/lib/test/auto/ArrayAppendPerformanceTest.xml (RunModel)" time="0.05" />
  <testcase classname="ptolemy.util.test.junit.AutoTests" name="[12] /home/travis/build/icyphy/ptII/ptolemy/actor/lib/test/auto/ArrayAppendWithEmptyInput.xml (RunModel)" time="0.058" />
  <testcase classname="ptolemy.util.test.junit.AutoTests" name="[13] /home/travis/build/icyphy/ptII/ptolemy/actor/lib/test/auto/ArrayAverage.xml (RunModel)" time="0.059" />
  <testcase classname="ptolemy.util.test.junit.AutoTests" name="[14] /home/travis/build/icyphy/ptII/ptolemy/actor/lib/test/auto/ArrayContains.xml (RunModel)" time="0.028" />
  <testcase classname="ptolemy.util.test.junit.AutoTests" name="[15] /home/travis/build/icyphy/ptII/ptolemy/actor/lib/test/auto/ArrayElement.xml (RunModel)" time="0.032" />
  <testcase classname="ptolemy.util.test.junit.AutoTests" name="[16] /home/travis/build/icyphy/ptII/ptolemy/actor/lib/test/auto/ArrayElementAsMatrix.xml (RunModel)" time="0.053" />
  <testcase classname="ptolemy.util.test.junit.AutoTests" name="[17] /home/travis/build/icyphy/ptII/ptolemy/actor/lib/test/auto/ArrayElementI.xml (RunModel)" time="0.021" />
  <testcase classname="ptolemy.util.test.junit.AutoTests" name="[18] /home/travis/build/icyphy/ptII/ptolemy/actor/lib/test/auto/ArrayExtract.xml (RunModel)" time="0.051" />
  <testcase classname="ptolemy.util.test.junit.AutoTests" name="[19] /home/travis/build/icyphy/ptII/ptolemy/actor/lib/test/auto/ArrayExtract2.xml (RunModel)" time="0.02" />
  <testcase classname="ptolemy.util.test.junit.AutoTests" name="[20] /home/travis/build/icyphy/ptII/ptolemy/actor/lib/test/auto/ArrayLength.xml (RunModel)" time="0.017" />
  <testcase classname="ptolemy.util.test.junit.AutoTests" name="[21] /home/travis/build/icyphy/ptII/ptolemy/actor/lib/test/auto/ArrayLevelCrossing.xml (RunModel)" time="0.025" />
  <testcase classname="ptolemy.util.test.junit.AutoTests" name="[22] /home/travis/build/icyphy/ptII/ptolemy/actor/lib/test/auto/ArrayLevelCrossing2.xml (RunModel)" time="0.022" />
  <testcase classname="ptolemy.util.test.junit.AutoTests" name="[23] /home/travis/build/icyphy/ptII/ptolemy/actor/lib/test/auto/ArrayPeakSearch.xml (RunModel)" time="0.049" />
  <testcase classname="ptolemy.util.test.junit.AutoTests" name="[24] /home/travis/build/icyphy/ptII/ptolemy/actor/lib/test/auto/ArrayPeakSearch2.xml (RunModel)" time="0.036" />
  <testcase classname="ptolemy.util.test.junit.AutoTests" name="[25] /home/travis/build/icyphy/ptII/ptolemy/actor/lib/test/auto/ArrayPeakSearch3.xml (RunModel)" time="0.037" />
  <testcase classname="ptolemy.util.test.junit.AutoTests" name="[26] /home/travis/build/icyphy/ptII/ptolemy/actor/lib/test/auto/ArrayRemoveElement.xml (RunModel)" time="0.035" />
  <testcase classname="ptolemy.util.test.junit.AutoTests" name="[27] /home/travis/build/icyphy/ptII/ptolemy/actor/lib/test/auto/ArraySort.xml (RunModel)" time="0.034" />
  <testcase classname="ptolemy.util.test.junit.AutoTests" name="[28] /home/travis/build/icyphy/ptII/ptolemy/actor/lib/test/auto/ArraySum.xml (RunModel)" time="0.019" />
  <testcase classname="ptolemy.util.test.junit.AutoTests" name="[29] /home/travis/build/icyphy/ptII/ptolemy/actor/lib/test/auto/ArrayToElements.xml (RunModel)" time="0.032" />
  <testcase classname="ptolemy.util.test.junit.AutoTests" name="[30] /home/travis/build/icyphy/ptII/ptolemy/actor/lib/test/auto/ArrayToMatrix.xml (RunModel)" time="0.051" />
  <testcase classname="ptolemy.util.test.junit.AutoTests" name="[31] /home/travis/build/icyphy/ptII/ptolemy/actor/lib/test/auto/ArrayUpdate1.xml (RunModel)" time="0.019" />
  <testcase classname="ptolemy.util.test.junit.AutoTests" name="[32] /home/travis/build/icyphy/ptII/ptolemy/actor/lib/test/auto/ArrayUpdate2.xml (RunModel)" time="0.03" />
  <testcase classname="ptolemy.util.test.junit.AutoTests" name="[33] /home/travis/build/icyphy/ptII/ptolemy/actor/lib/test/auto/ArrayUpdate3.xml (RunModel)" time="0.015" />
  <testcase classname="ptolemy.util.test.junit.AutoTests" name="[34] /home/travis/build/icyphy/ptII/ptolemy/actor/lib/test/auto/Assert1.xml (RunModel)" time="0.023" />
  <testcase classname="ptolemy.util.test.junit.AutoTests" name="[35] /home/travis/build/icyphy/ptII/ptolemy/actor/lib/test/auto/Assert2.xml (RunModel)" time="0.016" />
  <testcase classname="ptolemy.util.test.junit.AutoTests" name="[36] /home/travis/build/icyphy/ptII/ptolemy/actor/lib/test/auto/BooleanMultiplexor.xml (RunModel)" time="0.02" />
  <testcase classname="ptolemy.util.test.junit.AutoTests" name="[37] /home/travis/build/icyphy/ptII/ptolemy/actor/lib/test/auto/BooleanMultiplexor2.xml (RunModel)" time="0.027" />
  <testcase classname="ptolemy.util.test.junit.AutoTests" name="[38] /home/travis/build/icyphy/ptII/ptolemy/actor/lib/test/auto/BooleanMultiplexor3.xml (RunModel)" time="0.021" />
  <testcase classname="ptolemy.util.test.junit.AutoTests" name="[39] /home/travis/build/icyphy/ptII/ptolemy/actor/lib/test/auto/BooleanSelect.xml (RunModel)" time="0.025" />
  <testcase classname="ptolemy.util.test.junit.AutoTests" name="[40] /home/travis/build/icyphy/ptII/ptolemy/actor/lib/test/auto/BooleanSelect2.xml (RunModel)" time="0.013" />
  <testcase classname="ptolemy.util.test.junit.AutoTests" name="[41] /home/travis/build/icyphy/ptII/ptolemy/actor/lib/test/auto/BooleanSwitch.xml (RunModel)" time="0.018" />
  <testcase classname="ptolemy.util.test.junit.AutoTests" name="[42] /home/travis/build/icyphy/ptII/ptolemy/actor/lib/test/auto/BooleanSwitch2.xml (RunModel)" time="0.049" />
  <testcase classname="ptolemy.util.test.junit.AutoTests" name="[43] /home/travis/build/icyphy/ptII/ptolemy/actor/lib/test/auto/BooleanSwitchCloningBugWithClassRelationGroup.xml (RunModel)" time="0.035" />
  <testcase classname="ptolemy.util.test.junit.AutoTests" name="[44] /home/travis/build/icyphy/ptII/ptolemy/actor/lib/test/auto/BusActors.xml (RunModel)" time="0.031" />
  <testcase classname="ptolemy.util.test.junit.AutoTests" name="[45] /home/travis/build/icyphy/ptII/ptolemy/actor/lib/test/auto/ClassWrapper.xml (RunModel)" time="0.022" />
  <testcase classname="ptolemy.util.test.junit.AutoTests" name="[46] /home/travis/build/icyphy/ptII/ptolemy/actor/lib/test/auto/Clock.xml (RunModel)" time="0.017" />
  <testcase classname="ptolemy.util.test.junit.AutoTests" name="[47] /home/travis/build/icyphy/ptII/ptolemy/actor/lib/test/auto/Clock10.xml (RunModel)" time="0.012" />
  <testcase classname="ptolemy.util.test.junit.AutoTests" name="[48] /home/travis/build/icyphy/ptII/ptolemy/actor/lib/test/auto/Clock11.xml (RunModel)" time="0.011" />
  <testcase classname="ptolemy.util.test.junit.AutoTests" name="[49] /home/travis/build/icyphy/ptII/ptolemy/actor/lib/test/auto/Clock12.xml (RunModel)" time="0.01" />
  <testcase classname="ptolemy.util.test.junit.AutoTests" name="[50] /home/travis/build/icyphy/ptII/ptolemy/actor/lib/test/auto/Clock13.xml (RunModel)" time="0.01" />
  <testcase classname="ptolemy.util.test.junit.AutoTests" name="[51] /home/travis/build/icyphy/ptII/ptolemy/actor/lib/test/auto/Clock14.xml (RunModel)" time="0.023" />
  <testcase classname="ptolemy.util.test.junit.AutoTests" name="[52] /home/travis/build/icyphy/ptII/ptolemy/actor/lib/test/auto/Clock15.xml (RunModel)" time="0.011" />
  <testcase classname="ptolemy.util.test.junit.AutoTests" name="[53] /home/travis/build/icyphy/ptII/ptolemy/actor/lib/test/auto/Clock16.xml (RunModel)" time="0.076" />
  <testcase classname="ptolemy.util.test.junit.AutoTests" name="[54] /home/travis/build/icyphy/ptII/ptolemy/actor/lib/test/auto/Clock17.xml (RunModel)" time="0.034" />
  <testcase classname="ptolemy.util.test.junit.AutoTests" name="[55] /home/travis/build/icyphy/ptII/ptolemy/actor/lib/test/auto/Clock18.xml (RunModel)" time="0.034" />
  <testcase classname="ptolemy.util.test.junit.AutoTests" name="[56] /home/travis/build/icyphy/ptII/ptolemy/actor/lib/test/auto/Clock19.xml (RunModel)" time="0.033" />
  <testcase classname="ptolemy.util.test.junit.AutoTests" name="[57] /home/travis/build/icyphy/ptII/ptolemy/actor/lib/test/auto/Clock2.xml (RunModel)" time="0.015" />
  <testcase classname="ptolemy.util.test.junit.AutoTests" name="[58] /home/travis/build/icyphy/ptII/ptolemy/actor/lib/test/auto/Clock20.xml (RunModel)" time="0.017" />
  <testcase classname="ptolemy.util.test.junit.AutoTests" name="[59] /home/travis/build/icyphy/ptII/ptolemy/actor/lib/test/auto/Clock21.xml (RunModel)" time="0.014" />
  <testcase classname="ptolemy.util.test.junit.AutoTests" name="[60] /home/travis/build/icyphy/ptII/ptolemy/actor/lib/test/auto/Clock22.xml (RunModel)" time="0.014" />
  <testcase classname="ptolemy.util.test.junit.AutoTests" name="[61] /home/travis/build/icyphy/ptII/ptolemy/actor/lib/test/auto/Clock23.xml (RunModel)" time="0.015" />
  <testcase classname="ptolemy.util.test.junit.AutoTests" name="[62] /home/travis/build/icyphy/ptII/ptolemy/actor/lib/test/auto/Clock24.xml (RunModel)" time="0.014" />
  <testcase classname="ptolemy.util.test.junit.AutoTests" name="[63] /home/travis/build/icyphy/ptII/ptolemy/actor/lib/test/auto/Clock4.xml (RunModel)" time="0.012" />
  <testcase classname="ptolemy.util.test.junit.AutoTests" name="[64] /home/travis/build/icyphy/ptII/ptolemy/actor/lib/test/auto/Clock5.xml (RunModel)" time="0.009" />
  <testcase classname="ptolemy.util.test.junit.AutoTests" name="[65] /home/travis/build/icyphy/ptII/ptolemy/actor/lib/test/auto/Clock6.xml (RunModel)" time="0.012" />
  <testcase classname="ptolemy.util.test.junit.AutoTests" name="[66] /home/travis/build/icyphy/ptII/ptolemy/actor/lib/test/auto/Clock7.xml (RunModel)" time="0.01" />
  <testcase classname="ptolemy.util.test.junit.AutoTests" name="[67] /home/travis/build/icyphy/ptII/ptolemy/actor/lib/test/auto/Clock8.xml (RunModel)" time="0.011" />
  <testcase classname="ptolemy.util.test.junit.AutoTests" name="[68] /home/travis/build/icyphy/ptII/ptolemy/actor/lib/test/auto/Clock9.xml (RunModel)" time="0.014" />
  <testcase classname="ptolemy.util.test.junit.AutoTests" name="[69] /home/travis/build/icyphy/ptII/ptolemy/actor/lib/test/auto/CommDistDiscard.xml (RunModel)" time="0.016" />
  <testcase classname="ptolemy.util.test.junit.AutoTests" name="[70] /home/travis/build/icyphy/ptII/ptolemy/actor/lib/test/auto/Commutator.xml (RunModel)" time="0.01" />
  <testcase classname="ptolemy.util.test.junit.AutoTests" name="[71] /home/travis/build/icyphy/ptII/ptolemy/actor/lib/test/auto/Commutator2.xml (RunModel)" time="0.009" />
  <testcase classname="ptolemy.util.test.junit.AutoTests" name="[72] /home/travis/build/icyphy/ptII/ptolemy/actor/lib/test/auto/Commutator3.xml (RunModel)" time="0.009" />
  <testcase classname="ptolemy.util.test.junit.AutoTests" name="[73] /home/travis/build/icyphy/ptII/ptolemy/actor/lib/test/auto/Compare.xml (RunModel)" time="0.015" />
  <testcase classname="ptolemy.util.test.junit.AutoTests" name="[74] /home/travis/build/icyphy/ptII/ptolemy/actor/lib/test/auto/CompareDE.xml (RunModel)" time="0.016" />
  <testcase classname="ptolemy.util.test.junit.AutoTests" name="[75] /home/travis/build/icyphy/ptII/ptolemy/actor/lib/test/auto/ComplexDivide.xml (RunModel)" time="0.008" />
  <testcase classname="ptolemy.util.test.junit.AutoTests" name="[76] /home/travis/build/icyphy/ptII/ptolemy/actor/lib/test/auto/ComputeHistogram.xml (RunModel)" time="0.055" />
  <testcase classname="ptolemy.util.test.junit.AutoTests" name="[77] /home/travis/build/icyphy/ptII/ptolemy/actor/lib/test/auto/ConfigurationSelect.xml (RunModel)" time="0.018" />
  <testcase classname="ptolemy.util.test.junit.AutoTests" name="[78] /home/travis/build/icyphy/ptII/ptolemy/actor/lib/test/auto/ConfigurationSelect2.xml (RunModel)" time="0.012" />
  <testcase classname="ptolemy.util.test.junit.AutoTests" name="[79] /home/travis/build/icyphy/ptII/ptolemy/actor/lib/test/auto/ConfigurationSwitch.xml (RunModel)" time="0.021" />
  <testcase classname="ptolemy.util.test.junit.AutoTests" name="[80] /home/travis/build/icyphy/ptII/ptolemy/actor/lib/test/auto/ConfigurationSwitch2.xml (RunModel)" time="0.023" />
  <testcase classname="ptolemy.util.test.junit.AutoTests" name="[81] /home/travis/build/icyphy/ptII/ptolemy/actor/lib/test/auto/ConfigurationSwitchCloningBugWithClassRelationGroup.xml (RunModel)" time="0.02" />
  <testcase classname="ptolemy.util.test.junit.AutoTests" name="[82] /home/travis/build/icyphy/ptII/ptolemy/actor/lib/test/auto/ConfigurationSwitchSelectSDF.xml (RunModel)" time="0.019" />
  <testcase classname="ptolemy.util.test.junit.AutoTests" name="[83] /home/travis/build/icyphy/ptII/ptolemy/actor/lib/test/auto/ConfigurationSwitchSelectSDF2.xml (RunModel)" time="0.015" />
  <testcase classname="ptolemy.util.test.junit.AutoTests" name="[84] /home/travis/build/icyphy/ptII/ptolemy/actor/lib/test/auto/Const.xml (RunModel)" time="0.007" />
  <testcase classname="ptolemy.util.test.junit.AutoTests" name="[85] /home/travis/build/icyphy/ptII/ptolemy/actor/lib/test/auto/Const2.xml (RunModel)" time="0.01" />
  <testcase classname="ptolemy.util.test.junit.AutoTests" name="[86] /home/travis/build/icyphy/ptII/ptolemy/actor/lib/test/auto/Const3.xml (RunModel)" time="0.008" />
  <testcase classname="ptolemy.util.test.junit.AutoTests" name="[87] /home/travis/build/icyphy/ptII/ptolemy/actor/lib/test/auto/ConstantPublisherPort1.xml (RunModel)" time="0.028" />
  <testcase classname="ptolemy.util.test.junit.AutoTests" name="[88] /home/travis/build/icyphy/ptII/ptolemy/actor/lib/test/auto/ConstantPublisherPort2.xml (RunModel)" time="0.023" />
  <testcase classname="ptolemy.util.test.junit.AutoTests" name="[89] /home/travis/build/icyphy/ptII/ptolemy/actor/lib/test/auto/ConstantPublisherPort3.xml (RunModel)" time="0.016" />
  <testcase classname="ptolemy.util.test.junit.AutoTests" name="[90] /home/travis/build/icyphy/ptII/ptolemy/actor/lib/test/auto/ConstantPublisherPort4.xml (RunModel)" time="0.015" />
  <testcase classname="ptolemy.util.test.junit.AutoTests" name="[91] /home/travis/build/icyphy/ptII/ptolemy/actor/lib/test/auto/ConstantPublisherPort5.xml (RunModel)" time="0.028" />
  <testcase classname="ptolemy.util.test.junit.AutoTests" name="[92] /home/travis/build/icyphy/ptII/ptolemy/actor/lib/test/auto/ConstantPublisherPort6.xml (RunModel)" time="0.033" />
  <testcase classname="ptolemy.util.test.junit.AutoTests" name="[93] /home/travis/build/icyphy/ptII/ptolemy/actor/lib/test/auto/ConstantPublisherPort7.xml (RunModel)" time="0.029" />
  <testcase classname="ptolemy.util.test.junit.AutoTests" name="[94] /home/travis/build/icyphy/ptII/ptolemy/actor/lib/test/auto/ConstraintMonitor1.xml (RunModel)" time="0.038" />
  <testcase classname="ptolemy.util.test.junit.AutoTests" name="[95] /home/travis/build/icyphy/ptII/ptolemy/actor/lib/test/auto/ConstraintMonitor2.xml (RunModel)" time="0.016" />
  <testcase classname="ptolemy.util.test.junit.AutoTests" name="[96] /home/travis/build/icyphy/ptII/ptolemy/actor/lib/test/auto/ConstraintMonitor3.xml (RunModel)" time="0.047" />
  <testcase classname="ptolemy.util.test.junit.AutoTests" name="[97] /home/travis/build/icyphy/ptII/ptolemy/actor/lib/test/auto/ConstraintMonitor4.xml (RunModel)" time="0.014" />
  <testcase classname="ptolemy.util.test.junit.AutoTests" name="[98] /home/travis/build/icyphy/ptII/ptolemy/actor/lib/test/auto/ConstraintMonitor5.xml (RunModel)" time="0.012" />
  <testcase classname="ptolemy.util.test.junit.AutoTests" name="[99] /home/travis/build/icyphy/ptII/ptolemy/actor/lib/test/auto/ConstraintMonitor6.xml (RunModel)" time="0.018" />
  <testcase classname="ptolemy.util.test.junit.AutoTests" name="[100] /home/travis/build/icyphy/ptII/ptolemy/actor/lib/test/auto/ConstraintMonitor7.xml (RunModel)" time="0.015" />
  <testcase classname="ptolemy.util.test.junit.AutoTests" name="[101] /home/travis/build/icyphy/ptII/ptolemy/actor/lib/test/auto/ConstraintMonitor8.xml (RunModel)" time="0.017" />
  <testcase classname="ptolemy.util.test.junit.AutoTests" name="[102] /home/travis/build/icyphy/ptII/ptolemy/actor/lib/test/auto/Counter.xml (RunModel)" time="0.011" />
  <testcase classname="ptolemy.util.test.junit.AutoTests" name="[103] /home/travis/build/icyphy/ptII/ptolemy/actor/lib/test/auto/CurrentTimeSDF.xml (RunModel)" time="0.009" />
  <testcase classname="ptolemy.util.test.junit.AutoTests" name="[104] /home/travis/build/icyphy/ptII/ptolemy/actor/lib/test/auto/DB.xml (RunModel)" time="0.012" />
  <testcase classname="ptolemy.util.test.junit.AutoTests" name="[105] /home/travis/build/icyphy/ptII/ptolemy/actor/lib/test/auto/DBDE.xml (RunModel)" time="0.011" />
  <testcase classname="ptolemy.util.test.junit.AutoTests" name="[106] /home/travis/build/icyphy/ptII/ptolemy/actor/lib/test/auto/DateConstructor.xml (RunModel)" time="0.052" />
  <testcase classname="ptolemy.util.test.junit.AutoTests" name="[107] /home/travis/build/icyphy/ptII/ptolemy/actor/lib/test/auto/DelayTime.xml (RunModel)" time="0.021" />
  <testcase classname="ptolemy.util.test.junit.AutoTests" name="[108] /home/travis/build/icyphy/ptII/ptolemy/actor/lib/test/auto/Dictionary1.xml (RunModel)" time="0.017" />
  <testcase classname="ptolemy.util.test.junit.AutoTests" name="[109] /home/travis/build/icyphy/ptII/ptolemy/actor/lib/test/auto/Dictionary2.xml (RunModel)" time="0.013" />
  <testcase classname="ptolemy.util.test.junit.AutoTests" name="[110] /home/travis/build/icyphy/ptII/ptolemy/actor/lib/test/auto/Dictionary3.xml (RunModel)" time="0.012" />
  <testcase classname="ptolemy.util.test.junit.AutoTests" name="[111] /home/travis/build/icyphy/ptII/ptolemy/actor/lib/test/auto/Dictionary4.xml (RunModel)" time="0.016" />
  <testcase classname="ptolemy.util.test.junit.AutoTests" name="[112] /home/travis/build/icyphy/ptII/ptolemy/actor/lib/test/auto/Differential.xml (RunModel)" time="0.01" />
  <testcase classname="ptolemy.util.test.junit.AutoTests" name="[113] /home/travis/build/icyphy/ptII/ptolemy/actor/lib/test/auto/Director.xml (RunModel)" time="0.008" />
  <testcase classname="ptolemy.util.test.junit.AutoTests" name="[114] /home/travis/build/icyphy/ptII/ptolemy/actor/lib/test/auto/DiscreteClock.xml (RunModel)" time="0.007" />
  <testcase classname="ptolemy.util.test.junit.AutoTests" name="[115] /home/travis/build/icyphy/ptII/ptolemy/actor/lib/test/auto/DiscreteClock10.xml (RunModel)" time="0.014" />
  <testcase classname="ptolemy.util.test.junit.AutoTests" name="[116] /home/travis/build/icyphy/ptII/ptolemy/actor/lib/test/auto/DiscreteClock11.xml (RunModel)" time="0.012" />
  <testcase classname="ptolemy.util.test.junit.AutoTests" name="[117] /home/travis/build/icyphy/ptII/ptolemy/actor/lib/test/auto/DiscreteClock12.xml (RunModel)" time="0.01" />
  <testcase classname="ptolemy.util.test.junit.AutoTests" name="[118] /home/travis/build/icyphy/ptII/ptolemy/actor/lib/test/auto/DiscreteClock13.xml (RunModel)" time="0.014" />
  <testcase classname="ptolemy.util.test.junit.AutoTests" name="[119] /home/travis/build/icyphy/ptII/ptolemy/actor/lib/test/auto/DiscreteClock14.xml (RunModel)" time="0.014" />
  <testcase classname="ptolemy.util.test.junit.AutoTests" name="[120] /home/travis/build/icyphy/ptII/ptolemy/actor/lib/test/auto/DiscreteClock15.xml (RunModel)" time="0.014" />
  <testcase classname="ptolemy.util.test.junit.AutoTests" name="[121] /home/travis/build/icyphy/ptII/ptolemy/actor/lib/test/auto/DiscreteClock16.xml (RunModel)" time="0.039" />
  <testcase classname="ptolemy.util.test.junit.AutoTests" name="[122] /home/travis/build/icyphy/ptII/ptolemy/actor/lib/test/auto/DiscreteClock17.xml (RunModel)" time="0.036" />
  <testcase classname="ptolemy.util.test.junit.AutoTests" name="[123] /home/travis/build/icyphy/ptII/ptolemy/actor/lib/test/auto/DiscreteClock18.xml (RunModel)" time="0.042" />
  <testcase classname="ptolemy.util.test.junit.AutoTests" name="[124] /home/travis/build/icyphy/ptII/ptolemy/actor/lib/test/auto/DiscreteClock19.xml (RunModel)" time="0.05" />
  <testcase classname="ptolemy.util.test.junit.AutoTests" name="[125] /home/travis/build/icyphy/ptII/ptolemy/actor/lib/test/auto/DiscreteClock2.xml (RunModel)" time="0.011" />
  <testcase classname="ptolemy.util.test.junit.AutoTests" name="[126] /home/travis/build/icyphy/ptII/ptolemy/actor/lib/test/auto/DiscreteClock20.xml (RunModel)" time="0.02" />
  <testcase classname="ptolemy.util.test.junit.AutoTests" name="[127] /home/travis/build/icyphy/ptII/ptolemy/actor/lib/test/auto/DiscreteClock21.xml (RunModel)" time="0.016" />
  <testcase classname="ptolemy.util.test.junit.AutoTests" name="[128] /home/travis/build/icyphy/ptII/ptolemy/actor/lib/test/auto/DiscreteClock22.xml (RunModel)" time="0.015" />
  <testcase classname="ptolemy.util.test.junit.AutoTests" name="[129] /home/travis/build/icyphy/ptII/ptolemy/actor/lib/test/auto/DiscreteClock23.xml (RunModel)" time="0.489" />
  <testcase classname="ptolemy.util.test.junit.AutoTests" name="[130] /home/travis/build/icyphy/ptII/ptolemy/actor/lib/test/auto/DiscreteClock24.xml (RunModel)" time="0.011" />
  <testcase classname="ptolemy.util.test.junit.AutoTests" name="[131] /home/travis/build/icyphy/ptII/ptolemy/actor/lib/test/auto/DiscreteClock4.xml (RunModel)" time="0.012" />
  <testcase classname="ptolemy.util.test.junit.AutoTests" name="[132] /home/travis/build/icyphy/ptII/ptolemy/actor/lib/test/auto/DiscreteClock5.xml (RunModel)" time="0.008" />
  <testcase classname="ptolemy.util.test.junit.AutoTests" name="[133] /home/travis/build/icyphy/ptII/ptolemy/actor/lib/test/auto/DiscreteClock6.xml (RunModel)" time="0.008" />
  <testcase classname="ptolemy.util.test.junit.AutoTests" name="[134] /home/travis/build/icyphy/ptII/ptolemy/actor/lib/test/auto/DiscreteClock7.xml (RunModel)" time="0.009" />
  <testcase classname="ptolemy.util.test.junit.AutoTests" name="[135] /home/travis/build/icyphy/ptII/ptolemy/actor/lib/test/auto/DiscreteClock8.xml (RunModel)" time="0.016" />
  <testcase classname="ptolemy.util.test.junit.AutoTests" name="[136] /home/travis/build/icyphy/ptII/ptolemy/actor/lib/test/auto/DiscreteClock9.xml (RunModel)" time="0.013" />
  <testcase classname="ptolemy.util.test.junit.AutoTests" name="[137] /home/travis/build/icyphy/ptII/ptolemy/actor/lib/test/auto/DisplayArray.xml (RunModel)" time="0.025" />
  <testcase classname="ptolemy.util.test.junit.AutoTests" name="[138] /home/travis/build/icyphy/ptII/ptolemy/actor/lib/test/auto/Distributor.xml (RunModel)" time="0.01" />
  <testcase classname="ptolemy.util.test.junit.AutoTests" name="[139] /home/travis/build/icyphy/ptII/ptolemy/actor/lib/test/auto/Distributor2.xml (RunModel)" time="0.008" />
  <testcase classname="ptolemy.util.test.junit.AutoTests" name="[140] /home/travis/build/icyphy/ptII/ptolemy/actor/lib/test/auto/DownSample.xml (RunModel)" time="0.014" />
  <testcase classname="ptolemy.util.test.junit.AutoTests" name="[141] /home/travis/build/icyphy/ptII/ptolemy/actor/lib/test/auto/ElectronicUnitBase1.xml (RunModel)" time="0.058" />
  <testcase classname="ptolemy.util.test.junit.AutoTests" name="[142] /home/travis/build/icyphy/ptII/ptolemy/actor/lib/test/auto/ElementsToArray.xml (RunModel)" time="0.01" />
  <testcase classname="ptolemy.util.test.junit.AutoTests" name="[143] /home/travis/build/icyphy/ptII/ptolemy/actor/lib/test/auto/Equals.xml (RunModel)" time="0.014" />
  <testcase classname="ptolemy.util.test.junit.AutoTests" name="[144] /home/travis/build/icyphy/ptII/ptolemy/actor/lib/test/auto/Exec.xml (RunModel)" time="0.02" />
  <testcase classname="ptolemy.util.test.junit.AutoTests" name="[145] /home/travis/build/icyphy/ptII/ptolemy/actor/lib/test/auto/ExecEnvironment.xml (RunModel)" time="0.031" />
  <testcase classname="ptolemy.util.test.junit.AutoTests" name="[146] /home/travis/build/icyphy/ptII/ptolemy/actor/lib/test/auto/ExecNonZeroReturnOutput.xml (RunModel)" time="0.137" />
  <testcase classname="ptolemy.util.test.junit.AutoTests" name="[147] /home/travis/build/icyphy/ptII/ptolemy/actor/lib/test/auto/ExecRunDemos.xml (RunModel)" time="9.297" />
  <testcase classname="ptolemy.util.test.junit.AutoTests" name="[148] /home/travis/build/icyphy/ptII/ptolemy/actor/lib/test/auto/ExecStop.xml (RunModel)" time="5.032" />
  <testcase classname="ptolemy.util.test.junit.AutoTests" name="[149] /home/travis/build/icyphy/ptII/ptolemy/actor/lib/test/auto/ExecutionTimeSDF.xml (RunModel)" time="6.025" />
  <testcase classname="ptolemy.util.test.junit.AutoTests" name="[150] /home/travis/build/icyphy/ptII/ptolemy/actor/lib/test/auto/Expression1.xml (RunModel)" time="0.028" />
  <testcase classname="ptolemy.util.test.junit.AutoTests" name="[151] /home/travis/build/icyphy/ptII/ptolemy/actor/lib/test/auto/Expression10.xml (RunModel)" time="0.026" />
  <testcase classname="ptolemy.util.test.junit.AutoTests" name="[152] /home/travis/build/icyphy/ptII/ptolemy/actor/lib/test/auto/Expression11.xml (RunModel)" time="0.011" />
  <testcase classname="ptolemy.util.test.junit.AutoTests" name="[153] /home/travis/build/icyphy/ptII/ptolemy/actor/lib/test/auto/Expression12.xml (RunModel)" time="0.014" />
  <testcase classname="ptolemy.util.test.junit.AutoTests" name="[154] /home/travis/build/icyphy/ptII/ptolemy/actor/lib/test/auto/Expression13.xml (RunModel)" time="0.014" />
  <testcase classname="ptolemy.util.test.junit.AutoTests" name="[155] /home/travis/build/icyphy/ptII/ptolemy/actor/lib/test/auto/Expression14.xml (RunModel)" time="0.018" />
  <testcase classname="ptolemy.util.test.junit.AutoTests" name="[156] /home/travis/build/icyphy/ptII/ptolemy/actor/lib/test/auto/Expression15.xml (RunModel)" time="0.008" />
  <testcase classname="ptolemy.util.test.junit.AutoTests" name="[157] /home/travis/build/icyphy/ptII/ptolemy/actor/lib/test/auto/Expression16.xml (RunModel)" time="0.013" />
  <testcase classname="ptolemy.util.test.junit.AutoTests" name="[158] /home/travis/build/icyphy/ptII/ptolemy/actor/lib/test/auto/Expression17.xml (RunModel)" time="0.011" />
  <testcase classname="ptolemy.util.test.junit.AutoTests" name="[159] /home/travis/build/icyphy/ptII/ptolemy/actor/lib/test/auto/Expression18.xml (RunModel)" time="0.015" />
  <testcase classname="ptolemy.util.test.junit.AutoTests" name="[160] /home/travis/build/icyphy/ptII/ptolemy/actor/lib/test/auto/Expression2.xml (RunModel)" time="0.014" />
  <testcase classname="ptolemy.util.test.junit.AutoTests" name="[161] /home/travis/build/icyphy/ptII/ptolemy/actor/lib/test/auto/Expression3.xml (RunModel)" time="0.012" />
  <testcase classname="ptolemy.util.test.junit.AutoTests" name="[162] /home/travis/build/icyphy/ptII/ptolemy/actor/lib/test/auto/Expression4.xml (RunModel)" time="0.019" />
  <testcase classname="ptolemy.util.test.junit.AutoTests" name="[163] /home/travis/build/icyphy/ptII/ptolemy/actor/lib/test/auto/Expression5.xml (RunModel)" time="0.014" />
  <testcase classname="ptolemy.util.test.junit.AutoTests" name="[164] /home/travis/build/icyphy/ptII/ptolemy/actor/lib/test/auto/Expression6.xml (RunModel)" time="0.013" />
  <testcase classname="ptolemy.util.test.junit.AutoTests" name="[165] /home/travis/build/icyphy/ptII/ptolemy/actor/lib/test/auto/Expression7.xml (RunModel)" time="0.014" />
  <testcase classname="ptolemy.util.test.junit.AutoTests" name="[166] /home/travis/build/icyphy/ptII/ptolemy/actor/lib/test/auto/Expression8.xml (RunModel)" time="0.017" />
  <testcase classname="ptolemy.util.test.junit.AutoTests" name="[167] /home/travis/build/icyphy/ptII/ptolemy/actor/lib/test/auto/Expression9.xml (RunModel)" time="0.011" />
  <testcase classname="ptolemy.util.test.junit.AutoTests" name="[168] /home/travis/build/icyphy/ptII/ptolemy/actor/lib/test/auto/ExpressionConcatenateArrayType.xml (RunModel)" time="0.029" />
  <testcase classname="ptolemy.util.test.junit.AutoTests" name="[169] /home/travis/build/icyphy/ptII/ptolemy/actor/lib/test/auto/ExpressionConcatenateArrayType2.xml (RunModel)" time="0.02" />
  <testcase classname="ptolemy.util.test.junit.AutoTests" name="[170] /home/travis/build/icyphy/ptII/ptolemy/actor/lib/test/auto/ExpressionFix.xml (RunModel)" time="0.045" />
  <testcase classname="ptolemy.util.test.junit.AutoTests" name="[171] /home/travis/build/icyphy/ptII/ptolemy/actor/lib/test/auto/ExpressionFix2.xml (RunModel)" time="0.014" />
  <testcase classname="ptolemy.util.test.junit.AutoTests" name="[172] /home/travis/build/icyphy/ptII/ptolemy/actor/lib/test/auto/ExpressionFix3.xml (RunModel)" time="0.02" />
  <testcase classname="ptolemy.util.test.junit.AutoTests" name="[173] /home/travis/build/icyphy/ptII/ptolemy/actor/lib/test/auto/FileWriter1.xml (RunModel)" time="0.01" />
  <testcase classname="ptolemy.util.test.junit.AutoTests" name="[174] /home/travis/build/icyphy/ptII/ptolemy/actor/lib/test/auto/FileWriter2.xml (RunModel)" time="0.013" />
  <testcase classname="ptolemy.util.test.junit.AutoTests" name="[175] /home/travis/build/icyphy/ptII/ptolemy/actor/lib/test/auto/FileWriter3.xml (RunModel)" time="0.015" />
  <testcase classname="ptolemy.util.test.junit.AutoTests" name="[176] /home/travis/build/icyphy/ptII/ptolemy/actor/lib/test/auto/Gaussian.xml (RunModel)" time="0.01" />
  <testcase classname="ptolemy.util.test.junit.AutoTests" name="[177] /home/travis/build/icyphy/ptII/ptolemy/actor/lib/test/auto/Gaussian1.xml (RunModel)" time="0.013" />
  <testcase classname="ptolemy.util.test.junit.AutoTests" name="[178] /home/travis/build/icyphy/ptII/ptolemy/actor/lib/test/auto/Gaussian2.xml (RunModel)" time="0.016" />
  <testcase classname="ptolemy.util.test.junit.AutoTests" name="[179] /home/travis/build/icyphy/ptII/ptolemy/actor/lib/test/auto/GradientAdaptiveLattice.xml (RunModel)" time="0.015" />
  <testcase classname="ptolemy.util.test.junit.AutoTests" name="[180] /home/travis/build/icyphy/ptII/ptolemy/actor/lib/test/auto/IIR.xml (RunModel)" time="0.01" />
  <testcase classname="ptolemy.util.test.junit.AutoTests" name="[181] /home/travis/build/icyphy/ptII/ptolemy/actor/lib/test/auto/InputOutputTransparentPorts.xml (RunModel)" time="0.017" />
  <testcase classname="ptolemy.util.test.junit.AutoTests" name="[182] /home/travis/build/icyphy/ptII/ptolemy/actor/lib/test/auto/Interpolator.xml (RunModel)" time="0.01" />
  <testcase classname="ptolemy.util.test.junit.AutoTests" name="[183] /home/travis/build/icyphy/ptII/ptolemy/actor/lib/test/auto/InterpolatorFiringLimitDE.xml (RunModel)" time="0.013" />
  <testcase classname="ptolemy.util.test.junit.AutoTests" name="[184] /home/travis/build/icyphy/ptII/ptolemy/actor/lib/test/auto/Lattice.xml (RunModel)" time="0.009" />
  <testcase classname="ptolemy.util.test.junit.AutoTests" name="[185] /home/travis/build/icyphy/ptII/ptolemy/actor/lib/test/auto/LazyAOCTestLazy.xml (RunModel)" time="0.023" />
  <testcase classname="ptolemy.util.test.junit.AutoTests" name="[186] /home/travis/build/icyphy/ptII/ptolemy/actor/lib/test/auto/LazyAOCTestNonLazy.xml (RunModel)" time="0.043" />
  <testcase classname="ptolemy.util.test.junit.AutoTests" name="[187] /home/travis/build/icyphy/ptII/ptolemy/actor/lib/test/auto/LazyInnerClass.xml (RunModel)" time="0.058" />
  <testcase classname="ptolemy.util.test.junit.AutoTests" name="[188] /home/travis/build/icyphy/ptII/ptolemy/actor/lib/test/auto/LazyPubSub.xml (RunModel)" time="0.078" />
  <testcase classname="ptolemy.util.test.junit.AutoTests" name="[189] /home/travis/build/icyphy/ptII/ptolemy/actor/lib/test/auto/LazyPubSub2.xml (RunModel)" time="0.056" />
  <testcase classname="ptolemy.util.test.junit.AutoTests" name="[190] /home/travis/build/icyphy/ptII/ptolemy/actor/lib/test/auto/LazyPubSub3.xml (RunModel)" time="0.032" />
  <testcase classname="ptolemy.util.test.junit.AutoTests" name="[191] /home/travis/build/icyphy/ptII/ptolemy/actor/lib/test/auto/LazySubClassModel.xml (RunModel)" time="0.018" />
  <testcase classname="ptolemy.util.test.junit.AutoTests" name="[192] /home/travis/build/icyphy/ptII/ptolemy/actor/lib/test/auto/LevelCrossTest1.xml (RunModel)" time="0.015" />
  <testcase classname="ptolemy.util.test.junit.AutoTests" name="[193] /home/travis/build/icyphy/ptII/ptolemy/actor/lib/test/auto/LevelCrossTest10.xml (RunModel)" time="0.018" />
  <testcase classname="ptolemy.util.test.junit.AutoTests" name="[194] /home/travis/build/icyphy/ptII/ptolemy/actor/lib/test/auto/LevelCrossTest11.xml (RunModel)" time="0.014" />
  <testcase classname="ptolemy.util.test.junit.AutoTests" name="[195] /home/travis/build/icyphy/ptII/ptolemy/actor/lib/test/auto/LevelCrossTest12.xml (RunModel)" time="0.016" />
  <testcase classname="ptolemy.util.test.junit.AutoTests" name="[196] /home/travis/build/icyphy/ptII/ptolemy/actor/lib/test/auto/LevelCrossTest13.xml (RunModel)" time="0.012" />
  <testcase classname="ptolemy.util.test.junit.AutoTests" name="[197] /home/travis/build/icyphy/ptII/ptolemy/actor/lib/test/auto/LevelCrossTest2.xml (RunModel)" time="0.009" />
  <testcase classname="ptolemy.util.test.junit.AutoTests" name="[198] /home/travis/build/icyphy/ptII/ptolemy/actor/lib/test/auto/LevelCrossTest3.xml (RunModel)" time="0.012" />
  <testcase classname="ptolemy.util.test.junit.AutoTests" name="[199] /home/travis/build/icyphy/ptII/ptolemy/actor/lib/test/auto/LevelCrossTest4.xml (RunModel)" time="0.009" />
  <testcase classname="ptolemy.util.test.junit.AutoTests" name="[200] /home/travis/build/icyphy/ptII/ptolemy/actor/lib/test/auto/LevelCrossTest5.xml (RunModel)" time="0.013" />
  <testcase classname="ptolemy.util.test.junit.AutoTests" name="[201] /home/travis/build/icyphy/ptII/ptolemy/actor/lib/test/auto/LevelCrossTest6.xml (RunModel)" time="0.011" />
  <testcase classname="ptolemy.util.test.junit.AutoTests" name="[202] /home/travis/build/icyphy/ptII/ptolemy/actor/lib/test/auto/LevelCrossTest7.xml (RunModel)" time="0.018" />
  <testcase classname="ptolemy.util.test.junit.AutoTests" name="[203] /home/travis/build/icyphy/ptII/ptolemy/actor/lib/test/auto/LevelCrossTest8.xml (RunModel)" time="0.012" />
  <testcase classname="ptolemy.util.test.junit.AutoTests" name="[204] /home/travis/build/icyphy/ptII/ptolemy/actor/lib/test/auto/LevelCrossTest9.xml (RunModel)" time="0.013" />
  <testcase classname="ptolemy.util.test.junit.AutoTests" name="[205] /home/travis/build/icyphy/ptII/ptolemy/actor/lib/test/auto/LevinsonDurbin.xml (RunModel)" time="0.008" />
  <testcase classname="ptolemy.util.test.junit.AutoTests" name="[206] /home/travis/build/icyphy/ptII/ptolemy/actor/lib/test/auto/LevinsonDurbin2.xml (RunModel)" time="0.008" />
  <testcase classname="ptolemy.util.test.junit.AutoTests" name="[207] /home/travis/build/icyphy/ptII/ptolemy/actor/lib/test/auto/LevinsonDurbin3.xml (RunModel)" time="0.009" />
  <testcase classname="ptolemy.util.test.junit.AutoTests" name="[208] /home/travis/build/icyphy/ptII/ptolemy/actor/lib/test/auto/Limiter.xml (RunModel)" time="0.029" />
  <testcase classname="ptolemy.util.test.junit.AutoTests" name="[209] /home/travis/build/icyphy/ptII/ptolemy/actor/lib/test/auto/LinearDifferenceEquationSystem.xml (RunModel)" time="0.021" />
  <testcase classname="ptolemy.util.test.junit.AutoTests" name="[210] /home/travis/build/icyphy/ptII/ptolemy/actor/lib/test/auto/LookupTable.xml (RunModel)" time="0.009" />
  <testcase classname="ptolemy.util.test.junit.AutoTests" name="[211] /home/travis/build/icyphy/ptII/ptolemy/actor/lib/test/auto/MathFunction.xml (RunModel)" time="0.027" />
  <testcase classname="ptolemy.util.test.junit.AutoTests" name="[212] /home/travis/build/icyphy/ptII/ptolemy/actor/lib/test/auto/MathFunction2.xml (RunModel)" time="0.015" />
  <testcase classname="ptolemy.util.test.junit.AutoTests" name="[213] /home/travis/build/icyphy/ptII/ptolemy/actor/lib/test/auto/MathFunction3.xml (RunModel)" time="0.019" />
  <testcase classname="ptolemy.util.test.junit.AutoTests" name="[214] /home/travis/build/icyphy/ptII/ptolemy/actor/lib/test/auto/MatrixCropBoolean.xml (RunModel)" time="0.01" />
  <testcase classname="ptolemy.util.test.junit.AutoTests" name="[215] /home/travis/build/icyphy/ptII/ptolemy/actor/lib/test/auto/MatrixCropComplex.xml (RunModel)" time="0.008" />
  <testcase classname="ptolemy.util.test.junit.AutoTests" name="[216] /home/travis/build/icyphy/ptII/ptolemy/actor/lib/test/auto/MatrixCropDouble.xml (RunModel)" time="0.007" />
  <testcase classname="ptolemy.util.test.junit.AutoTests" name="[217] /home/travis/build/icyphy/ptII/ptolemy/actor/lib/test/auto/MatrixCropFix.xml (RunModel)" time="0.009" />
  <testcase classname="ptolemy.util.test.junit.AutoTests" name="[218] /home/travis/build/icyphy/ptII/ptolemy/actor/lib/test/auto/MatrixCropInt.xml (RunModel)" time="0.008" />
  <testcase classname="ptolemy.util.test.junit.AutoTests" name="[219] /home/travis/build/icyphy/ptII/ptolemy/actor/lib/test/auto/MatrixCropLong.xml (RunModel)" time="0.008" />
  <testcase classname="ptolemy.util.test.junit.AutoTests" name="[220] /home/travis/build/icyphy/ptII/ptolemy/actor/lib/test/auto/MatrixToArray.xml (RunModel)" time="0.04" />
  <testcase classname="ptolemy.util.test.junit.AutoTests" name="[221] /home/travis/build/icyphy/ptII/ptolemy/actor/lib/test/auto/MaxIndex.xml (RunModel)" time="0.011" />
  <testcase classname="ptolemy.util.test.junit.AutoTests" name="[222] /home/travis/build/icyphy/ptII/ptolemy/actor/lib/test/auto/Maximum.xml (RunModel)" time="0.012" />
  <testcase classname="ptolemy.util.test.junit.AutoTests" name="[223] /home/travis/build/icyphy/ptII/ptolemy/actor/lib/test/auto/MaximumComplex.xml (RunModel)" time="0.012" />
  <testcase classname="ptolemy.util.test.junit.AutoTests" name="[224] /home/travis/build/icyphy/ptII/ptolemy/actor/lib/test/auto/MethodCallTest.xml (RunModel)" time="0.016" />
  <testcase classname="ptolemy.util.test.junit.AutoTests" name="[225] /home/travis/build/icyphy/ptII/ptolemy/actor/lib/test/auto/Minimum.xml (RunModel)" time="0.011" />
  <testcase classname="ptolemy.util.test.junit.AutoTests" name="[226] /home/travis/build/icyphy/ptII/ptolemy/actor/lib/test/auto/MinimumComplex.xml (RunModel)" time="0.013" />
  <testcase classname="ptolemy.util.test.junit.AutoTests" name="[227] /home/travis/build/icyphy/ptII/ptolemy/actor/lib/test/auto/MinimumMultiports.xml (RunModel)" time="0.016" />
  <testcase classname="ptolemy.util.test.junit.AutoTests" name="[228] /home/travis/build/icyphy/ptII/ptolemy/actor/lib/test/auto/ModifyDate.xml (RunModel)" time="0.042" />
  <testcase classname="ptolemy.util.test.junit.AutoTests" name="[229] /home/travis/build/icyphy/ptII/ptolemy/actor/lib/test/auto/ModifyDate2.xml (RunModel)" time="0.024" />
  <testcase classname="ptolemy.util.test.junit.AutoTests" name="[230] /home/travis/build/icyphy/ptII/ptolemy/actor/lib/test/auto/MovingAverage.xml (RunModel)" time="0.01" />
  <testcase classname="ptolemy.util.test.junit.AutoTests" name="[231] /home/travis/build/icyphy/ptII/ptolemy/actor/lib/test/auto/MovingMaximum.xml (RunModel)" time="0.009" />
  <testcase classname="ptolemy.util.test.junit.AutoTests" name="[232] /home/travis/build/icyphy/ptII/ptolemy/actor/lib/test/auto/MultipleLinksToSameRelation.xml (RunModel)" time="0.007" />
  <testcase classname="ptolemy.util.test.junit.AutoTests" name="[233] /home/travis/build/icyphy/ptII/ptolemy/actor/lib/test/auto/MultipleLinksToSameRelationDE.xml (RunModel)" time="0.008" />
  <testcase classname="ptolemy.util.test.junit.AutoTests" name="[234] /home/travis/build/icyphy/ptII/ptolemy/actor/lib/test/auto/Multiplexor.xml (RunModel)" time="0.01" />
  <testcase classname="ptolemy.util.test.junit.AutoTests" name="[235] /home/travis/build/icyphy/ptII/ptolemy/actor/lib/test/auto/Multiplexor1.xml (RunModel)" time="0.014" />
  <testcase classname="ptolemy.util.test.junit.AutoTests" name="[236] /home/travis/build/icyphy/ptII/ptolemy/actor/lib/test/auto/Multiplexor2.xml (RunModel)" time="0.012" />
  <testcase classname="ptolemy.util.test.junit.AutoTests" name="[237] /home/travis/build/icyphy/ptII/ptolemy/actor/lib/test/auto/Multiplexor3.xml (RunModel)" time="0.007" />
  <testcase classname="ptolemy.util.test.junit.AutoTests" name="[238] /home/travis/build/icyphy/ptII/ptolemy/actor/lib/test/auto/MultiplexorDE.xml (RunModel)" time="0.015" />
  <testcase classname="ptolemy.util.test.junit.AutoTests" name="[239] /home/travis/build/icyphy/ptII/ptolemy/actor/lib/test/auto/MultiportBroadcastTest.xml (RunModel)" time="0.058" />
  <testcase classname="ptolemy.util.test.junit.AutoTests" name="[240] /home/travis/build/icyphy/ptII/ptolemy/actor/lib/test/auto/MultiportOutHangDuringGetWidth.xml (RunModel)" time="0.027" />
  <testcase classname="ptolemy.util.test.junit.AutoTests" name="[241] /home/travis/build/icyphy/ptII/ptolemy/actor/lib/test/auto/NilToken.xml (RunModel)" time="0.007" />
  <testcase classname="ptolemy.util.test.junit.AutoTests" name="[242] /home/travis/build/icyphy/ptII/ptolemy/actor/lib/test/auto/NilTokenNonStrictTest.xml (RunModel)" time="0.01" />
  <testcase classname="ptolemy.util.test.junit.AutoTests" name="[243] /home/travis/build/icyphy/ptII/ptolemy/actor/lib/test/auto/NilTokenRecord.xml (RunModel)" time="0.02" />
  <testcase classname="ptolemy.util.test.junit.AutoTests" name="[244] /home/travis/build/icyphy/ptII/ptolemy/actor/lib/test/auto/NilTokenTypeTest.xml (RunModel)" time="0.024" />
  <testcase classname="ptolemy.util.test.junit.AutoTests" name="[245] /home/travis/build/icyphy/ptII/ptolemy/actor/lib/test/auto/ObjectToken1.xml (RunModel)" time="0.011" />
  <testcase classname="ptolemy.util.test.junit.AutoTests" name="[246] /home/travis/build/icyphy/ptII/ptolemy/actor/lib/test/auto/OrderedMerge.xml (RunModel)" time="0.011" />
  <testcase classname="ptolemy.util.test.junit.AutoTests" name="[247] /home/travis/build/icyphy/ptII/ptolemy/actor/lib/test/auto/OrderedRecordDisassembler.xml (RunModel)" time="0.012" />
  <testcase classname="ptolemy.util.test.junit.AutoTests" name="[248] /home/travis/build/icyphy/ptII/ptolemy/actor/lib/test/auto/OrderedRecordDisassembler2.xml (RunModel)" time="0.016" />
  <testcase classname="ptolemy.util.test.junit.AutoTests" name="[249] /home/travis/build/icyphy/ptII/ptolemy/actor/lib/test/auto/OrderedRecordUpdater.xml (RunModel)" time="0.009" />
  <testcase classname="ptolemy.util.test.junit.AutoTests" name="[250] /home/travis/build/icyphy/ptII/ptolemy/actor/lib/test/auto/OrderedRecordUpdater2.xml (RunModel)" time="0.012" />
  <testcase classname="ptolemy.util.test.junit.AutoTests" name="[251] /home/travis/build/icyphy/ptII/ptolemy/actor/lib/test/auto/PhaseUnwrap.xml (RunModel)" time="0.012" />
  <testcase classname="ptolemy.util.test.junit.AutoTests" name="[252] /home/travis/build/icyphy/ptII/ptolemy/actor/lib/test/auto/PoissonClock.xml (RunModel)" time="0.01" />
  <testcase classname="ptolemy.util.test.junit.AutoTests" name="[253] /home/travis/build/icyphy/ptII/ptolemy/actor/lib/test/auto/PoissonClock2.xml (RunModel)" time="0.007" />
  <testcase classname="ptolemy.util.test.junit.AutoTests" name="[254] /home/travis/build/icyphy/ptII/ptolemy/actor/lib/test/auto/PoissonClock3.xml (RunModel)" time="0.016" />
  <testcase classname="ptolemy.util.test.junit.AutoTests" name="[255] /home/travis/build/icyphy/ptII/ptolemy/actor/lib/test/auto/PubSubWithInitialTokens.xml (RunModel)" time="0.013" />
  <testcase classname="ptolemy.util.test.junit.AutoTests" name="[256] /home/travis/build/icyphy/ptII/ptolemy/actor/lib/test/auto/PubSubWithInitialTokens2.xml (RunModel)" time="0.011" />
  <testcase classname="ptolemy.util.test.junit.AutoTests" name="[257] /home/travis/build/icyphy/ptII/ptolemy/actor/lib/test/auto/PublisherClassNoParameter.xml (RunModel)" time="0.02" />
  <testcase classname="ptolemy.util.test.junit.AutoTests" name="[258] /home/travis/build/icyphy/ptII/ptolemy/actor/lib/test/auto/PublisherClassParameter.xml (RunModel)" time="0.024" />
  <testcase classname="ptolemy.util.test.junit.AutoTests" name="[259] /home/travis/build/icyphy/ptII/ptolemy/actor/lib/test/auto/PublisherNonStrictTest.xml (RunModel)" time="0.017" />
  <testcase classname="ptolemy.util.test.junit.AutoTests" name="[260] /home/travis/build/icyphy/ptII/ptolemy/actor/lib/test/auto/PublisherPort1.xml (RunModel)" time="0.01" />
  <testcase classname="ptolemy.util.test.junit.AutoTests" name="[261] /home/travis/build/icyphy/ptII/ptolemy/actor/lib/test/auto/PublisherPort2.xml (RunModel)" time="0.009" />
  <testcase classname="ptolemy.util.test.junit.AutoTests" name="[262] /home/travis/build/icyphy/ptII/ptolemy/actor/lib/test/auto/PublisherPort3.xml (RunModel)" time="0.018" />
  <testcase classname="ptolemy.util.test.junit.AutoTests" name="[263] /home/travis/build/icyphy/ptII/ptolemy/actor/lib/test/auto/PublisherPort4.xml (RunModel)" time="0.02" />
  <testcase classname="ptolemy.util.test.junit.AutoTests" name="[264] /home/travis/build/icyphy/ptII/ptolemy/actor/lib/test/auto/PublisherPort5.xml (RunModel)" time="0.014" />
  <testcase classname="ptolemy.util.test.junit.AutoTests" name="[265] /home/travis/build/icyphy/ptII/ptolemy/actor/lib/test/auto/PublisherPort5LookAlike.xml (RunModel)" time="0.017" />
  <testcase classname="ptolemy.util.test.junit.AutoTests" name="[266] /home/travis/build/icyphy/ptII/ptolemy/actor/lib/test/auto/PublisherPort6.xml (RunModel)" time="0.025" />
  <testcase classname="ptolemy.util.test.junit.AutoTests" name="[267] /home/travis/build/icyphy/ptII/ptolemy/actor/lib/test/auto/PublisherPort7.xml (RunModel)" time="0.014" />
  <testcase classname="ptolemy.util.test.junit.AutoTests" name="[268] /home/travis/build/icyphy/ptII/ptolemy/actor/lib/test/auto/PublisherPort8.xml (RunModel)" time="0.015" />
  <testcase classname="ptolemy.util.test.junit.AutoTests" name="[269] /home/travis/build/icyphy/ptII/ptolemy/actor/lib/test/auto/PublisherPortSubscriberChannelVariablesAOC2.xml (RunModel)" time="0.029" />
  <testcase classname="ptolemy.util.test.junit.AutoTests" name="[270] /home/travis/build/icyphy/ptII/ptolemy/actor/lib/test/auto/PublisherPortSubscriberOpaqueWidthInference.xml (RunModel)" time="0.014" />
  <testcase classname="ptolemy.util.test.junit.AutoTests" name="[271] /home/travis/build/icyphy/ptII/ptolemy/actor/lib/test/auto/PublisherPortSubscriberPortAdjacent.xml (RunModel)" time="0.018" />
  <testcase classname="ptolemy.util.test.junit.AutoTests" name="[272] /home/travis/build/icyphy/ptII/ptolemy/actor/lib/test/auto/PublisherPortSubscriberPortExpression.xml (RunModel)" time="0.015" />
  <testcase classname="ptolemy.util.test.junit.AutoTests" name="[273] /home/travis/build/icyphy/ptII/ptolemy/actor/lib/test/auto/PublisherPortSubscriberPortOpaqueD3Reverse.xml (RunModel)" time="0.035" />
  <testcase classname="ptolemy.util.test.junit.AutoTests" name="[274] /home/travis/build/icyphy/ptII/ptolemy/actor/lib/test/auto/PublisherPortSubscriberPortOpaqueWidthInference.xml (RunModel)" time="0.016" />
  <testcase classname="ptolemy.util.test.junit.AutoTests" name="[275] /home/travis/build/icyphy/ptII/ptolemy/actor/lib/test/auto/PublisherPortToplevelSubscriberPortAOC.xml (RunModel)" time="0.01" />
  <testcase classname="ptolemy.util.test.junit.AutoTests" name="[276] /home/travis/build/icyphy/ptII/ptolemy/actor/lib/test/auto/PublisherSubscriber.xml (RunModel)" time="0.017" />
  <testcase classname="ptolemy.util.test.junit.AutoTests" name="[277] /home/travis/build/icyphy/ptII/ptolemy/actor/lib/test/auto/PublisherSubscriber10.xml (RunModel)" time="0.02" />
  <testcase classname="ptolemy.util.test.junit.AutoTests" name="[278] /home/travis/build/icyphy/ptII/ptolemy/actor/lib/test/auto/PublisherSubscriber10InitialOutputs.xml (RunModel)" time="0.037" />
  <testcase classname="ptolemy.util.test.junit.AutoTests" name="[279] /home/travis/build/icyphy/ptII/ptolemy/actor/lib/test/auto/PublisherSubscriber11.xml (RunModel)" time="0.019" />
  <testcase classname="ptolemy.util.test.junit.AutoTests" name="[280] /home/travis/build/icyphy/ptII/ptolemy/actor/lib/test/auto/PublisherSubscriber12.xml (RunModel)" time="0.014" />
  <testcase classname="ptolemy.util.test.junit.AutoTests" name="[281] /home/travis/build/icyphy/ptII/ptolemy/actor/lib/test/auto/PublisherSubscriber13.xml (RunModel)" time="0.009" />
  <testcase classname="ptolemy.util.test.junit.AutoTests" name="[282] /home/travis/build/icyphy/ptII/ptolemy/actor/lib/test/auto/PublisherSubscriber14.xml (RunModel)" time="0.023" />
  <testcase classname="ptolemy.util.test.junit.AutoTests" name="[283] /home/travis/build/icyphy/ptII/ptolemy/actor/lib/test/auto/PublisherSubscriber2.xml (RunModel)" time="0.01" />
  <testcase classname="ptolemy.util.test.junit.AutoTests" name="[284] /home/travis/build/icyphy/ptII/ptolemy/actor/lib/test/auto/PublisherSubscriber3.xml (RunModel)" time="0.009" />
  <testcase classname="ptolemy.util.test.junit.AutoTests" name="[285] /home/travis/build/icyphy/ptII/ptolemy/actor/lib/test/auto/PublisherSubscriber4.xml (RunModel)" time="0.007" />
  <testcase classname="ptolemy.util.test.junit.AutoTests" name="[286] /home/travis/build/icyphy/ptII/ptolemy/actor/lib/test/auto/PublisherSubscriber5.xml (RunModel)" time="0.011" />
  <testcase classname="ptolemy.util.test.junit.AutoTests" name="[287] /home/travis/build/icyphy/ptII/ptolemy/actor/lib/test/auto/PublisherSubscriber6.xml (RunModel)" time="0.014" />
  <testcase classname="ptolemy.util.test.junit.AutoTests" name="[288] /home/travis/build/icyphy/ptII/ptolemy/actor/lib/test/auto/PublisherSubscriber7.xml (RunModel)" time="0.015" />
  <testcase classname="ptolemy.util.test.junit.AutoTests" name="[289] /home/travis/build/icyphy/ptII/ptolemy/actor/lib/test/auto/PublisherSubscriber8.xml (RunModel)" time="0.033" />
  <testcase classname="ptolemy.util.test.junit.AutoTests" name="[290] /home/travis/build/icyphy/ptII/ptolemy/actor/lib/test/auto/PublisherSubscriber9.xml (RunModel)" time="0.015" />
  <testcase classname="ptolemy.util.test.junit.AutoTests" name="[291] /home/travis/build/icyphy/ptII/ptolemy/actor/lib/test/auto/PublisherSubscriberAdjacent.xml (RunModel)" time="0.017" />
  <testcase classname="ptolemy.util.test.junit.AutoTests" name="[292] /home/travis/build/icyphy/ptII/ptolemy/actor/lib/test/auto/PublisherSubscriberChannelVariablesAOC2.xml (RunModel)" time="0.031" />
  <testcase classname="ptolemy.util.test.junit.AutoTests" name="[293] /home/travis/build/icyphy/ptII/ptolemy/actor/lib/test/auto/PublisherSubscriberD3.xml (RunModel)" time="0.012" />
  <testcase classname="ptolemy.util.test.junit.AutoTests" name="[294] /home/travis/build/icyphy/ptII/ptolemy/actor/lib/test/auto/PublisherSubscriberD3Reverse.xml (RunModel)" time="0.011" />
  <testcase classname="ptolemy.util.test.junit.AutoTests" name="[295] /home/travis/build/icyphy/ptII/ptolemy/actor/lib/test/auto/PublisherSubscriberExpression.xml (RunModel)" time="0.016" />
  <testcase classname="ptolemy.util.test.junit.AutoTests" name="[296] /home/travis/build/icyphy/ptII/ptolemy/actor/lib/test/auto/PublisherSubscriberOpaque.xml (RunModel)" time="0.015" />
  <testcase classname="ptolemy.util.test.junit.AutoTests" name="[297] /home/travis/build/icyphy/ptII/ptolemy/actor/lib/test/auto/PublisherSubscriberOpaqueD3.xml (RunModel)" time="0.022" />
  <testcase classname="ptolemy.util.test.junit.AutoTests" name="[298] /home/travis/build/icyphy/ptII/ptolemy/actor/lib/test/auto/PublisherSubscriberOpaqueD3Reverse.xml (RunModel)" time="0.022" />
  <testcase classname="ptolemy.util.test.junit.AutoTests" name="[299] /home/travis/build/icyphy/ptII/ptolemy/actor/lib/test/auto/PublisherSubscriberOpaqueWidthInference.xml (RunModel)" time="0.021" />
  <testcase classname="ptolemy.util.test.junit.AutoTests" name="[300] /home/travis/build/icyphy/ptII/ptolemy/actor/lib/test/auto/PublisherTestSubscriber.xml (RunModel)" time="0.015" />
  <testcase classname="ptolemy.util.test.junit.AutoTests" name="[301] /home/travis/build/icyphy/ptII/ptolemy/actor/lib/test/auto/PublisherToplevelSubscriberPortAOC.xml (RunModel)" time="0.01" />
  <testcase classname="ptolemy.util.test.junit.AutoTests" name="[302] /home/travis/build/icyphy/ptII/ptolemy/actor/lib/test/auto/PulseFiringLimitDE.xml (RunModel)" time="0.013" />
  <testcase classname="ptolemy.util.test.junit.AutoTests" name="[303] /home/travis/build/icyphy/ptII/ptolemy/actor/lib/test/auto/Ramp1.xml (RunModel)" time="0.007" />
  <testcase classname="ptolemy.util.test.junit.AutoTests" name="[304] /home/travis/build/icyphy/ptII/ptolemy/actor/lib/test/auto/RampFiringLimitDE.xml (RunModel)" time="0.011" />
  <testcase classname="ptolemy.util.test.junit.AutoTests" name="[305] /home/travis/build/icyphy/ptII/ptolemy/actor/lib/test/auto/RampFiringLimitSDF.xml (RunModel)" time="0.01" />
  <testcase classname="ptolemy.util.test.junit.AutoTests" name="[306] /home/travis/build/icyphy/ptII/ptolemy/actor/lib/test/auto/RandomInteger.xml (RunModel)" time="0.009" />
  <testcase classname="ptolemy.util.test.junit.AutoTests" name="[307] /home/travis/build/icyphy/ptII/ptolemy/actor/lib/test/auto/ReadFile1.xml (RunModel)" time="0.009" />
  <testcase classname="ptolemy.util.test.junit.AutoTests" name="[308] /home/travis/build/icyphy/ptII/ptolemy/actor/lib/test/auto/ReadFile2.xml (RunModel)" time="0.013" />
  <testcase classname="ptolemy.util.test.junit.AutoTests" name="[309] /home/travis/build/icyphy/ptII/ptolemy/actor/lib/test/auto/Reader.xml (RunModel)" time="0.014" />
  <testcase classname="ptolemy.util.test.junit.AutoTests" name="[310] /home/travis/build/icyphy/ptII/ptolemy/actor/lib/test/auto/RecordAssemblerDisplayNameTest.xml (RunModel)" time="2.95" />
  <testcase classname="ptolemy.util.test.junit.AutoTests" name="[311] /home/travis/build/icyphy/ptII/ptolemy/actor/lib/test/auto/RecordAssemblerTypeError.xml (RunModel)" time="0.031" />
  <testcase classname="ptolemy.util.test.junit.AutoTests" name="[312] /home/travis/build/icyphy/ptII/ptolemy/actor/lib/test/auto/RecordDisassember.xml (RunModel)" time="0.009" />
  <testcase classname="ptolemy.util.test.junit.AutoTests" name="[313] /home/travis/build/icyphy/ptII/ptolemy/actor/lib/test/auto/RecordDisassemberDisplayNameTest.xml (RunModel)" time="0.016" />
  <testcase classname="ptolemy.util.test.junit.AutoTests" name="[314] /home/travis/build/icyphy/ptII/ptolemy/actor/lib/test/auto/RecordDisassembler.xml (RunModel)" time="0.008" />
  <testcase classname="ptolemy.util.test.junit.AutoTests" name="[315] /home/travis/build/icyphy/ptII/ptolemy/actor/lib/test/auto/RecordDisassembler2.xml (RunModel)" time="0.01" />
  <testcase classname="ptolemy.util.test.junit.AutoTests" name="[316] /home/travis/build/icyphy/ptII/ptolemy/actor/lib/test/auto/RecordUpdater.xml (RunModel)" time="0.012" />
  <testcase classname="ptolemy.util.test.junit.AutoTests" name="[317] /home/travis/build/icyphy/ptII/ptolemy/actor/lib/test/auto/RecordUpdater2.xml (RunModel)" time="0.008" />
  <testcase classname="ptolemy.util.test.junit.AutoTests" name="[318] /home/travis/build/icyphy/ptII/ptolemy/actor/lib/test/auto/RecursiveLattice.xml (RunModel)" time="0.007" />
  <testcase classname="ptolemy.util.test.junit.AutoTests" name="[319] /home/travis/build/icyphy/ptII/ptolemy/actor/lib/test/auto/Router.xml (RunModel)" time="3.022" />
  <testcase classname="ptolemy.util.test.junit.AutoTests" name="[320] /home/travis/build/icyphy/ptII/ptolemy/actor/lib/test/auto/Router2.xml (RunModel)" time="3.046" />
  <testcase classname="ptolemy.util.test.junit.AutoTests" name="[321] /home/travis/build/icyphy/ptII/ptolemy/actor/lib/test/auto/RunningMaximum.xml (RunModel)" time="0.016" />
  <testcase classname="ptolemy.util.test.junit.AutoTests" name="[322] /home/travis/build/icyphy/ptII/ptolemy/actor/lib/test/auto/RunningMinimum.xml (RunModel)" time="0.017" />
  <testcase classname="ptolemy.util.test.junit.AutoTests" name="[323] /home/travis/build/icyphy/ptII/ptolemy/actor/lib/test/auto/Scale.xml (RunModel)" time="0.009" />
  <testcase classname="ptolemy.util.test.junit.AutoTests" name="[324] /home/travis/build/icyphy/ptII/ptolemy/actor/lib/test/auto/Scale2.xml (RunModel)" time="0.009" />
  <testcase classname="ptolemy.util.test.junit.AutoTests" name="[325] /home/travis/build/icyphy/ptII/ptolemy/actor/lib/test/auto/Scale3.xml (RunModel)" time="0.013" />
  <testcase classname="ptolemy.util.test.junit.AutoTests" name="[326] /home/travis/build/icyphy/ptII/ptolemy/actor/lib/test/auto/ScaleArray.xml (RunModel)" time="0.007" />
  <testcase classname="ptolemy.util.test.junit.AutoTests" name="[327] /home/travis/build/icyphy/ptII/ptolemy/actor/lib/test/auto/ScaleArray2.xml (RunModel)" time="0.008" />
  <testcase classname="ptolemy.util.test.junit.AutoTests" name="[328] /home/travis/build/icyphy/ptII/ptolemy/actor/lib/test/auto/ScaleMatrix.xml (RunModel)" time="0.12" />
  <testcase classname="ptolemy.util.test.junit.AutoTests" name="[329] /home/travis/build/icyphy/ptII/ptolemy/actor/lib/test/auto/Select.xml (RunModel)" time="0.023" />
  <testcase classname="ptolemy.util.test.junit.AutoTests" name="[330] /home/travis/build/icyphy/ptII/ptolemy/actor/lib/test/auto/Select2.xml (RunModel)" time="0.01" />
  <testcase classname="ptolemy.util.test.junit.AutoTests" name="[331] /home/travis/build/icyphy/ptII/ptolemy/actor/lib/test/auto/SequenceToArray2.xml (RunModel)" time="0.109" />
  <testcase classname="ptolemy.util.test.junit.AutoTests" name="[332] /home/travis/build/icyphy/ptII/ptolemy/actor/lib/test/auto/SequentialClock.xml (RunModel)" time="0.013" />
  <testcase classname="ptolemy.util.test.junit.AutoTests" name="[333] /home/travis/build/icyphy/ptII/ptolemy/actor/lib/test/auto/SetVariable.xml (RunModel)" time="0.012" />
  <testcase classname="ptolemy.util.test.junit.AutoTests" name="[334] /home/travis/build/icyphy/ptII/ptolemy/actor/lib/test/auto/SetVariable2.xml (RunModel)" time="0.01" />
  <testcase classname="ptolemy.util.test.junit.AutoTests" name="[335] /home/travis/build/icyphy/ptII/ptolemy/actor/lib/test/auto/SetVariable3.xml (RunModel)" time="0.017" />
  <testcase classname="ptolemy.util.test.junit.AutoTests" name="[336] /home/travis/build/icyphy/ptII/ptolemy/actor/lib/test/auto/SetVariable4.xml (RunModel)" time="0.026" />
  <testcase classname="ptolemy.util.test.junit.AutoTests" name="[337] /home/travis/build/icyphy/ptII/ptolemy/actor/lib/test/auto/SetVariable5.xml (RunModel)" time="0.038" />
  <testcase classname="ptolemy.util.test.junit.AutoTests" name="[338] /home/travis/build/icyphy/ptII/ptolemy/actor/lib/test/auto/Sinewave.xml (RunModel)" time="0.027" />
  <testcase classname="ptolemy.util.test.junit.AutoTests" name="[339] /home/travis/build/icyphy/ptII/ptolemy/actor/lib/test/auto/Sinewave2.xml (RunModel)" time="0.016" />
  <testcase classname="ptolemy.util.test.junit.AutoTests" name="[340] /home/travis/build/icyphy/ptII/ptolemy/actor/lib/test/auto/Sinewave3.xml (RunModel)" time="0.019" />
  <testcase classname="ptolemy.util.test.junit.AutoTests" name="[341] /home/travis/build/icyphy/ptII/ptolemy/actor/lib/test/auto/SingleEvent.xml (RunModel)" time="0.007" />
  <testcase classname="ptolemy.util.test.junit.AutoTests" name="[342] /home/travis/build/icyphy/ptII/ptolemy/actor/lib/test/auto/Sleep.xml (RunModel)" time="6.014" />
  <testcase classname="ptolemy.util.test.junit.AutoTests" name="[343] /home/travis/build/icyphy/ptII/ptolemy/actor/lib/test/auto/SleepMultipleFire.xml (RunModel)" time="1.019" />
  <testcase classname="ptolemy.util.test.junit.AutoTests" name="[344] /home/travis/build/icyphy/ptII/ptolemy/actor/lib/test/auto/StopDE.xml (RunModel)" time="0.018" />
  <testcase classname="ptolemy.util.test.junit.AutoTests" name="[345] /home/travis/build/icyphy/ptII/ptolemy/actor/lib/test/auto/StopSDF.xml (RunModel)" time="0.011" />
  <testcase classname="ptolemy.util.test.junit.AutoTests" name="[346] /home/travis/build/icyphy/ptII/ptolemy/actor/lib/test/auto/StringConstant.xml (RunModel)" time="0.014" />
  <testcase classname="ptolemy.util.test.junit.AutoTests" name="[347] /home/travis/build/icyphy/ptII/ptolemy/actor/lib/test/auto/SubscriberPortInitialValues1.xml (RunModel)" time="0.021" />
  <testcase classname="ptolemy.util.test.junit.AutoTests" name="[348] /home/travis/build/icyphy/ptII/ptolemy/actor/lib/test/auto/SubscriberPortInitialValues13.xml (RunModel)" time="0.033" />
  <testcase classname="ptolemy.util.test.junit.AutoTests" name="[349] /home/travis/build/icyphy/ptII/ptolemy/actor/lib/test/auto/SubscriberPortInitialValues14.xml (RunModel)" time="0.026" />
  <testcase classname="ptolemy.util.test.junit.AutoTests" name="[350] /home/travis/build/icyphy/ptII/ptolemy/actor/lib/test/auto/SubscriberPortInitialValues2.xml (RunModel)" time="0.014" />
  <testcase classname="ptolemy.util.test.junit.AutoTests" name="[351] /home/travis/build/icyphy/ptII/ptolemy/actor/lib/test/auto/SubscriberPortInitialValues3.xml (RunModel)" time="0.021" />
  <testcase classname="ptolemy.util.test.junit.AutoTests" name="[352] /home/travis/build/icyphy/ptII/ptolemy/actor/lib/test/auto/SubscriptionAggregator.xml (RunModel)" time="0.012" />
  <testcase classname="ptolemy.util.test.junit.AutoTests" name="[353] /home/travis/build/icyphy/ptII/ptolemy/actor/lib/test/auto/SubscriptionAggregator2.xml (RunModel)" time="0.012" />
  <testcase classname="ptolemy.util.test.junit.AutoTests" name="[354] /home/travis/build/icyphy/ptII/ptolemy/actor/lib/test/auto/SubscriptionAggregator3.xml (RunModel)" time="0.016" />
  <testcase classname="ptolemy.util.test.junit.AutoTests" name="[355] /home/travis/build/icyphy/ptII/ptolemy/actor/lib/test/auto/SubscriptionAggregatorMultiply.xml (RunModel)" time="0.015" />
  <testcase classname="ptolemy.util.test.junit.AutoTests" name="[356] /home/travis/build/icyphy/ptII/ptolemy/actor/lib/test/auto/SubscriptionAggregatorPortMultiply1.xml (RunModel)" time="0.015" />
  <testcase classname="ptolemy.util.test.junit.AutoTests" name="[357] /home/travis/build/icyphy/ptII/ptolemy/actor/lib/test/auto/Switch.xml (RunModel)" time="0.019" />
  <testcase classname="ptolemy.util.test.junit.AutoTests" name="[358] /home/travis/build/icyphy/ptII/ptolemy/actor/lib/test/auto/Switch2.xml (RunModel)" time="0.017" />
  <testcase classname="ptolemy.util.test.junit.AutoTests" name="[359] /home/travis/build/icyphy/ptII/ptolemy/actor/lib/test/auto/SwitchDE.xml (RunModel)" time="0.021" />
  <testcase classname="ptolemy.util.test.junit.AutoTests" name="[360] /home/travis/build/icyphy/ptII/ptolemy/actor/lib/test/auto/SynchronizerDE.xml (RunModel)" time="0.024" />
  <testcase classname="ptolemy.util.test.junit.AutoTests" name="[361] /home/travis/build/icyphy/ptII/ptolemy/actor/lib/test/auto/Test.xml (RunModel)" time="0.01" />
  <testcase classname="ptolemy.util.test.junit.AutoTests" name="[362] /home/travis/build/icyphy/ptII/ptolemy/actor/lib/test/auto/TestExceptionAttribute1.xml (RunModel)" time="0.009" />
  <testcase classname="ptolemy.util.test.junit.AutoTests" name="[363] /home/travis/build/icyphy/ptII/ptolemy/actor/lib/test/auto/TestExceptionAttribute2.xml (RunModel)" time="0.006" />
  <testcase classname="ptolemy.util.test.junit.AutoTests" name="[364] /home/travis/build/icyphy/ptII/ptolemy/actor/lib/test/auto/TestExceptionAttribute3.xml (RunModel)" time="0.012" />
  <testcase classname="ptolemy.util.test.junit.AutoTests" name="[365] /home/travis/build/icyphy/ptII/ptolemy/actor/lib/test/auto/TestExceptionAttribute4.xml (RunModel)" time="0.007" />
  <testcase classname="ptolemy.util.test.junit.AutoTests" name="[366] /home/travis/build/icyphy/ptII/ptolemy/actor/lib/test/auto/TestExceptionHandler1.xml (RunModel)" time="0.006" />
  <testcase classname="ptolemy.util.test.junit.AutoTests" name="[367] /home/travis/build/icyphy/ptII/ptolemy/actor/lib/test/auto/TestExceptionHandler2.xml (RunModel)" time="0.006" />
  <testcase classname="ptolemy.util.test.junit.AutoTests" name="[368] /home/travis/build/icyphy/ptII/ptolemy/actor/lib/test/auto/TestExceptionHandler3.xml (RunModel)" time="0.006" />
  <testcase classname="ptolemy.util.test.junit.AutoTests" name="[369] /home/travis/build/icyphy/ptII/ptolemy/actor/lib/test/auto/TestExceptionHandler4.xml (RunModel)" time="0.006" />
  <testcase classname="ptolemy.util.test.junit.AutoTests" name="[370] /home/travis/build/icyphy/ptII/ptolemy/actor/lib/test/auto/TestRequireCorrectOrder.xml (RunModel)" time="0.009" />
  <testcase classname="ptolemy.util.test.junit.AutoTests" name="[371] /home/travis/build/icyphy/ptII/ptolemy/actor/lib/test/auto/TestSimple.xml (RunModel)" time="0.006" />
  <testcase classname="ptolemy.util.test.junit.AutoTests" name="[372] /home/travis/build/icyphy/ptII/ptolemy/actor/lib/test/auto/ThrowModelError.xml (RunModel)" time="0.01" />
  <testcase classname="ptolemy.util.test.junit.AutoTests" name="[373] /home/travis/build/icyphy/ptII/ptolemy/actor/lib/test/auto/TimeDelayMicrosteps.xml (RunModel)" time="0.013" />
  <testcase classname="ptolemy.util.test.junit.AutoTests" name="[374] /home/travis/build/icyphy/ptII/ptolemy/actor/lib/test/auto/TimeDelayMicrosteps2.xml (RunModel)" time="0.015" />
  <testcase classname="ptolemy.util.test.junit.AutoTests" name="[375] /home/travis/build/icyphy/ptII/ptolemy/actor/lib/test/auto/TimeDelayMicrosteps3.xml (RunModel)" time="0.012" />
  <testcase classname="ptolemy.util.test.junit.AutoTests" name="[376] /home/travis/build/icyphy/ptII/ptolemy/actor/lib/test/auto/TimeDelayVariableMicrosteps.xml (RunModel)" time="0.011" />
  <testcase classname="ptolemy.util.test.junit.AutoTests" name="[377] /home/travis/build/icyphy/ptII/ptolemy/actor/lib/test/auto/TimeGap.xml (RunModel)" time="0.012" />
  <testcase classname="ptolemy.util.test.junit.AutoTests" name="[378] /home/travis/build/icyphy/ptII/ptolemy/actor/lib/test/auto/TimeGap2.xml (RunModel)" time="0.012" />
  <testcase classname="ptolemy.util.test.junit.AutoTests" name="[379] /home/travis/build/icyphy/ptII/ptolemy/actor/lib/test/auto/TimedSinewave.xml (RunModel)" time="0.041" />
  <testcase classname="ptolemy.util.test.junit.AutoTests" name="[380] /home/travis/build/icyphy/ptII/ptolemy/actor/lib/test/auto/TimedSinewavePhase.xml (RunModel)" time="0.034" />
  <testcase classname="ptolemy.util.test.junit.AutoTests" name="[381] /home/travis/build/icyphy/ptII/ptolemy/actor/lib/test/auto/Timer.xml (RunModel)" time="0.017" />
  <testcase classname="ptolemy.util.test.junit.AutoTests" name="[382] /home/travis/build/icyphy/ptII/ptolemy/actor/lib/test/auto/TriangularDistTestModel.xml (RunModel)" time="0.016" />
  <testcase classname="ptolemy.util.test.junit.AutoTests" name="[383] /home/travis/build/icyphy/ptII/ptolemy/actor/lib/test/auto/TrigFunction.xml (RunModel)" time="0.009" />
  <testcase classname="ptolemy.util.test.junit.AutoTests" name="[384] /home/travis/build/icyphy/ptII/ptolemy/actor/lib/test/auto/TrigFunctionDE.xml (RunModel)" time="0.011" />
  <testcase classname="ptolemy.util.test.junit.AutoTests" name="[385] /home/travis/build/icyphy/ptII/ptolemy/actor/lib/test/auto/TrigFunctionInverse.xml (RunModel)" time="0.009" />
  <testcase classname="ptolemy.util.test.junit.AutoTests" name="[386] /home/travis/build/icyphy/ptII/ptolemy/actor/lib/test/auto/TrigFunctionTan.xml (RunModel)" time="0.007" />
  <testcase classname="ptolemy.util.test.junit.AutoTests" name="[387] /home/travis/build/icyphy/ptII/ptolemy/actor/lib/test/auto/TriggeredClock.xml (RunModel)" time="0.008" />
  <testcase classname="ptolemy.util.test.junit.AutoTests" name="[388] /home/travis/build/icyphy/ptII/ptolemy/actor/lib/test/auto/URLDirectoryReader.xml (RunModel)" time="0.103" />
  <testcase classname="ptolemy.util.test.junit.AutoTests" name="[389] /home/travis/build/icyphy/ptII/ptolemy/actor/lib/test/auto/URLDirectoryReader3.xml (RunModel)" time="1.346" />
  <testcase classname="ptolemy.util.test.junit.AutoTests" name="[390] /home/travis/build/icyphy/ptII/ptolemy/actor/lib/test/auto/UnaryMathFunction.xml (RunModel)" time="0.054" />
  <testcase classname="ptolemy.util.test.junit.AutoTests" name="[391] /home/travis/build/icyphy/ptII/ptolemy/actor/lib/test/auto/Uniform.xml (RunModel)" time="0.038" />
  <testcase classname="ptolemy.util.test.junit.AutoTests" name="[392] /home/travis/build/icyphy/ptII/ptolemy/actor/lib/test/auto/UnionDisassemblerTest.xml (RunModel)" time="0.025" />
  <testcase classname="ptolemy.util.test.junit.AutoTests" name="[393] /home/travis/build/icyphy/ptII/ptolemy/actor/lib/test/auto/UtilityFunctions.xml (RunModel)" time="0.026" />
  <testcase classname="ptolemy.util.test.junit.AutoTests" name="[394] /home/travis/build/icyphy/ptII/ptolemy/actor/lib/test/auto/VariableSleep.xml (RunModel)" time="0.528" />
  <testcase classname="ptolemy.util.test.junit.AutoTests" name="[395] /home/travis/build/icyphy/ptII/ptolemy/actor/lib/test/auto/VectorAssemblerDisassemblerCT.xml (RunModel)" time="0.134" />
  <testcase classname="ptolemy.util.test.junit.AutoTests" name="[396] /home/travis/build/icyphy/ptII/ptolemy/actor/lib/test/auto/VectorAssemblerDisassemblerDE.xml (RunModel)" time="0.015" />
  <testcase classname="ptolemy.util.test.junit.AutoTests" name="[397] /home/travis/build/icyphy/ptII/ptolemy/actor/lib/test/auto/VectorAssemblerDisassemblerSDF.xml (RunModel)" time="0.012" />
  <testcase classname="ptolemy.util.test.junit.AutoTests" name="[398] /home/travis/build/icyphy/ptII/ptolemy/actor/lib/test/auto/WallClockTime.xml (RunModel)" time="1.013" />
  <testcase classname="ptolemy.util.test.junit.AutoTests" name="[399] /home/travis/build/icyphy/ptII/ptolemy/actor/lib/test/auto/WidthTestWithSubscriberPublisher.xml (RunModel)" time="0.047" />
  <testcase classname="ptolemy.util.test.junit.AutoTests" name="[400] /home/travis/build/icyphy/ptII/ptolemy/actor/lib/test/auto/WidthTestWithSubscriberPublisher2.xml (RunModel)" time="0.016" />
  <testcase classname="ptolemy.util.test.junit.AutoTests" name="[401] /home/travis/build/icyphy/ptII/ptolemy/actor/lib/test/auto/WidthTestWithSubscriberPublisher3.xml (RunModel)" time="0.027" />
  <testcase classname="ptolemy.util.test.junit.AutoTests" name="[402] /home/travis/build/icyphy/ptII/ptolemy/actor/lib/test/auto/Writer.xml (RunModel)" time="0.008" />
  <testcase classname="ptolemy.util.test.junit.AutoTests" name="[403] /home/travis/build/icyphy/ptII/ptolemy/actor/lib/test/auto/array.xml (RunModel)" time="0.01" />
  <testcase classname="ptolemy.util.test.junit.AutoTests" name="[404] /home/travis/build/icyphy/ptII/ptolemy/actor/lib/test/auto/array2.xml (RunModel)" time="0.014" />
  <testcase classname="ptolemy.util.test.junit.AutoTests" name="[405] /home/travis/build/icyphy/ptII/ptolemy/actor/lib/test/auto/arrayType.xml (RunModel)" time="0.013" />
  <testcase classname="ptolemy.util.test.junit.AutoTests" name="[406] /home/travis/build/icyphy/ptII/ptolemy/actor/lib/test/auto/arrayType10.xml (RunModel)" time="0.01" />
  <testcase classname="ptolemy.util.test.junit.AutoTests" name="[407] /home/travis/build/icyphy/ptII/ptolemy/actor/lib/test/auto/arrayType11.xml (RunModel)" time="0.009" />
  <testcase classname="ptolemy.util.test.junit.AutoTests" name="[408] /home/travis/build/icyphy/ptII/ptolemy/actor/lib/test/auto/arrayType12.xml (RunModel)" time="0.01" />
  <testcase classname="ptolemy.util.test.junit.AutoTests" name="[409] /home/travis/build/icyphy/ptII/ptolemy/actor/lib/test/auto/arrayType13.xml (RunModel)" time="0.011" />
  <testcase classname="ptolemy.util.test.junit.AutoTests" name="[410] /home/travis/build/icyphy/ptII/ptolemy/actor/lib/test/auto/arrayType14.xml (RunModel)" time="0.011" />
  <testcase classname="ptolemy.util.test.junit.AutoTests" name="[411] /home/travis/build/icyphy/ptII/ptolemy/actor/lib/test/auto/arrayType15.xml (RunModel)" time="0.012" />
  <testcase classname="ptolemy.util.test.junit.AutoTests" name="[412] /home/travis/build/icyphy/ptII/ptolemy/actor/lib/test/auto/arrayType16.xml (RunModel)" time="0.014" />
  <testcase classname="ptolemy.util.test.junit.AutoTests" name="[413] /home/travis/build/icyphy/ptII/ptolemy/actor/lib/test/auto/arrayType17.xml (RunModel)" time="0.009" />
  <testcase classname="ptolemy.util.test.junit.AutoTests" name="[414] /home/travis/build/icyphy/ptII/ptolemy/actor/lib/test/auto/arrayType18.xml (RunModel)" time="0.007" />
  <testcase classname="ptolemy.util.test.junit.AutoTests" name="[415] /home/travis/build/icyphy/ptII/ptolemy/actor/lib/test/auto/arrayType19.xml (RunModel)" time="0.008" />
  <testcase classname="ptolemy.util.test.junit.AutoTests" name="[416] /home/travis/build/icyphy/ptII/ptolemy/actor/lib/test/auto/arrayType2.xml (RunModel)" time="0.014" />
  <testcase classname="ptolemy.util.test.junit.AutoTests" name="[417] /home/travis/build/icyphy/ptII/ptolemy/actor/lib/test/auto/arrayType20.xml (RunModel)" time="0.009" />
  <testcase classname="ptolemy.util.test.junit.AutoTests" name="[418] /home/travis/build/icyphy/ptII/ptolemy/actor/lib/test/auto/arrayType21.xml (RunModel)" time="0.009" />
  <testcase classname="ptolemy.util.test.junit.AutoTests" name="[419] /home/travis/build/icyphy/ptII/ptolemy/actor/lib/test/auto/arrayType22.xml (RunModel)" time="0.008" />
  <testcase classname="ptolemy.util.test.junit.AutoTests" name="[420] /home/travis/build/icyphy/ptII/ptolemy/actor/lib/test/auto/arrayType23.xml (RunModel)" time="0.008" />
  <testcase classname="ptolemy.util.test.junit.AutoTests" name="[421] /home/travis/build/icyphy/ptII/ptolemy/actor/lib/test/auto/arrayType24.xml (RunModel)" time="0.009" />
  <testcase classname="ptolemy.util.test.junit.AutoTests" name="[422] /home/travis/build/icyphy/ptII/ptolemy/actor/lib/test/auto/arrayType25.xml (RunModel)" time="0.009" />
  <testcase classname="ptolemy.util.test.junit.AutoTests" name="[423] /home/travis/build/icyphy/ptII/ptolemy/actor/lib/test/auto/arrayType26.xml (RunModel)" time="0.011" />
  <testcase classname="ptolemy.util.test.junit.AutoTests" name="[424] /home/travis/build/icyphy/ptII/ptolemy/actor/lib/test/auto/arrayType27.xml (RunModel)" time="0.011" />
  <testcase classname="ptolemy.util.test.junit.AutoTests" name="[425] /home/travis/build/icyphy/ptII/ptolemy/actor/lib/test/auto/arrayType28.xml (RunModel)" time="0.01" />
  <testcase classname="ptolemy.util.test.junit.AutoTests" name="[426] /home/travis/build/icyphy/ptII/ptolemy/actor/lib/test/auto/arrayType3.xml (RunModel)" time="0.009" />
  <testcase classname="ptolemy.util.test.junit.AutoTests" name="[427] /home/travis/build/icyphy/ptII/ptolemy/actor/lib/test/auto/arrayType4.xml (RunModel)" time="0.01" />
  <testcase classname="ptolemy.util.test.junit.AutoTests" name="[428] /home/travis/build/icyphy/ptII/ptolemy/actor/lib/test/auto/arrayType5.xml (RunModel)" time="0.009" />
  <testcase classname="ptolemy.util.test.junit.AutoTests" name="[429] /home/travis/build/icyphy/ptII/ptolemy/actor/lib/test/auto/arrayType6.xml (RunModel)" time="0.008" />
  <testcase classname="ptolemy.util.test.junit.AutoTests" name="[430] /home/travis/build/icyphy/ptII/ptolemy/actor/lib/test/auto/arrayType7.xml (RunModel)" time="0.008" />
  <testcase classname="ptolemy.util.test.junit.AutoTests" name="[431] /home/travis/build/icyphy/ptII/ptolemy/actor/lib/test/auto/arrayType8.xml (RunModel)" time="0.009" />
  <testcase classname="ptolemy.util.test.junit.AutoTests" name="[432] /home/travis/build/icyphy/ptII/ptolemy/actor/lib/test/auto/arrayType9.xml (RunModel)" time="0.023" />
  <testcase classname="ptolemy.util.test.junit.AutoTests" name="[433] /home/travis/build/icyphy/ptII/ptolemy/actor/lib/test/auto/cast.xml (RunModel)" time="0.009" />
  <testcase classname="ptolemy.util.test.junit.AutoTests" name="[434] /home/travis/build/icyphy/ptII/ptolemy/actor/lib/test/auto/compositeMultiPort.xml (RunModel)" time="0.018" />
  <testcase classname="ptolemy.util.test.junit.AutoTests" name="[435] /home/travis/build/icyphy/ptII/ptolemy/actor/lib/test/auto/expressionCastInference.xml (RunModel)" time="0.009" />
  <testcase classname="ptolemy.util.test.junit.AutoTests" name="[436] /home/travis/build/icyphy/ptII/ptolemy/actor/lib/test/auto/expressionCastInference2.xml (RunModel)" time="0.008" />
  <testcase classname="ptolemy.util.test.junit.AutoTests" name="[437] /home/travis/build/icyphy/ptII/ptolemy/actor/lib/test/auto/expressionInference.xml (RunModel)" time="0.007" />
  <testcase classname="ptolemy.util.test.junit.AutoTests" name="[438] /home/travis/build/icyphy/ptII/ptolemy/actor/lib/test/auto/expression_bug.xml (RunModel)" time="0.007" />
  <testcase classname="ptolemy.util.test.junit.AutoTests" name="[439] /home/travis/build/icyphy/ptII/ptolemy/actor/lib/test/auto/factorial.xml (RunModel)" time="0.058" />
  <testcase classname="ptolemy.util.test.junit.AutoTests" name="[440] /home/travis/build/icyphy/ptII/ptolemy/actor/lib/test/auto/filterTest1.xml (RunModel)" time="0.015" />
  <testcase classname="ptolemy.util.test.junit.AutoTests" name="[441] /home/travis/build/icyphy/ptII/ptolemy/actor/lib/test/auto/funcApplyInConst.xml (RunModel)" time="0.007" />
  <testcase classname="ptolemy.util.test.junit.AutoTests" name="[442] /home/travis/build/icyphy/ptII/ptolemy/actor/lib/test/auto/funcApplyInExpr.xml (RunModel)" time="0.006" />
  <testcase classname="ptolemy.util.test.junit.AutoTests" name="[443] /home/travis/build/icyphy/ptII/ptolemy/actor/lib/test/auto/function.xml (RunModel)" time="0.01" />
  <testcase classname="ptolemy.util.test.junit.AutoTests" name="[444] /home/travis/build/icyphy/ptII/ptolemy/actor/lib/test/auto/function2.xml (RunModel)" time="0.008" />
  <testcase classname="ptolemy.util.test.junit.AutoTests" name="[445] /home/travis/build/icyphy/ptII/ptolemy/actor/lib/test/auto/function3.xml (RunModel)" time="0.006" />
  <testcase classname="ptolemy.util.test.junit.AutoTests" name="[446] /home/travis/build/icyphy/ptII/ptolemy/actor/lib/test/auto/functionClosureTest1.xml (RunModel)" time="0.009" />
  <testcase classname="ptolemy.util.test.junit.AutoTests" name="[447] /home/travis/build/icyphy/ptII/ptolemy/actor/lib/test/auto/functionClosureTest2.xml (RunModel)" time="0.007" />
  <testcase classname="ptolemy.util.test.junit.AutoTests" name="[448] /home/travis/build/icyphy/ptII/ptolemy/actor/lib/test/auto/functionClosureTest3.xml (RunModel)" time="0.01" />
  <testcase classname="ptolemy.util.test.junit.AutoTests" name="[449] /home/travis/build/icyphy/ptII/ptolemy/actor/lib/test/auto/functionClosureTest4.xml (RunModel)" time="0.015" />
  <testcase classname="ptolemy.util.test.junit.AutoTests" name="[450] /home/travis/build/icyphy/ptII/ptolemy/actor/lib/test/auto/functionClosureTest5.xml (RunModel)" time="0.015" />
  <testcase classname="ptolemy.util.test.junit.AutoTests" name="[451] /home/travis/build/icyphy/ptII/ptolemy/actor/lib/test/auto/functionClosureTest6.xml (RunModel)" time="0.011" />
  <testcase classname="ptolemy.util.test.junit.AutoTests" name="[452] /home/travis/build/icyphy/ptII/ptolemy/actor/lib/test/auto/functionsOnArcs.xml (RunModel)" time="0.009" />
  <testcase classname="ptolemy.util.test.junit.AutoTests" name="[453] /home/travis/build/icyphy/ptII/ptolemy/actor/lib/test/auto/functionsOnArcsHOF.xml (RunModel)" time="0.012" />
  <testcase classname="ptolemy.util.test.junit.AutoTests" name="[454] /home/travis/build/icyphy/ptII/ptolemy/actor/lib/test/auto/logic.xml (RunModel)" time="0.017" />
  <testcase classname="ptolemy.util.test.junit.AutoTests" name="[455] /home/travis/build/icyphy/ptII/ptolemy/actor/lib/test/auto/matrixType.xml (RunModel)" time="0.01" />
  <testcase classname="ptolemy.util.test.junit.AutoTests" name="[456] /home/travis/build/icyphy/ptII/ptolemy/actor/lib/test/auto/matrixType10.xml (RunModel)" time="0.013" />
  <testcase classname="ptolemy.util.test.junit.AutoTests" name="[457] /home/travis/build/icyphy/ptII/ptolemy/actor/lib/test/auto/matrixType11.xml (RunModel)" time="0.009" />
  <testcase classname="ptolemy.util.test.junit.AutoTests" name="[458] /home/travis/build/icyphy/ptII/ptolemy/actor/lib/test/auto/matrixType12.xml (RunModel)" time="0.01" />
  <testcase classname="ptolemy.util.test.junit.AutoTests" name="[459] /home/travis/build/icyphy/ptII/ptolemy/actor/lib/test/auto/matrixType13.xml (RunModel)" time="0.008" />
  <testcase classname="ptolemy.util.test.junit.AutoTests" name="[460] /home/travis/build/icyphy/ptII/ptolemy/actor/lib/test/auto/matrixType14.xml (RunModel)" time="0.009" />
  <testcase classname="ptolemy.util.test.junit.AutoTests" name="[461] /home/travis/build/icyphy/ptII/ptolemy/actor/lib/test/auto/matrixType2.xml (RunModel)" time="0.009" />
  <testcase classname="ptolemy.util.test.junit.AutoTests" name="[462] /home/travis/build/icyphy/ptII/ptolemy/actor/lib/test/auto/matrixType3.xml (RunModel)" time="0.008" />
  <testcase classname="ptolemy.util.test.junit.AutoTests" name="[463] /home/travis/build/icyphy/ptII/ptolemy/actor/lib/test/auto/matrixType4.xml (RunModel)" time="0.009" />
  <testcase classname="ptolemy.util.test.junit.AutoTests" name="[464] /home/travis/build/icyphy/ptII/ptolemy/actor/lib/test/auto/matrixType5.xml (RunModel)" time="0.008" />
  <testcase classname="ptolemy.util.test.junit.AutoTests" name="[465] /home/travis/build/icyphy/ptII/ptolemy/actor/lib/test/auto/matrixType6.xml (RunModel)" time="0.008" />
  <testcase classname="ptolemy.util.test.junit.AutoTests" name="[466] /home/travis/build/icyphy/ptII/ptolemy/actor/lib/test/auto/matrixType7.xml (RunModel)" time="0.008" />
  <testcase classname="ptolemy.util.test.junit.AutoTests" name="[467] /home/travis/build/icyphy/ptII/ptolemy/actor/lib/test/auto/matrixType8.xml (RunModel)" time="0.009" />
  <testcase classname="ptolemy.util.test.junit.AutoTests" name="[468] /home/travis/build/icyphy/ptII/ptolemy/actor/lib/test/auto/matrixType9.xml (RunModel)" time="0.008" />
  <testcase classname="ptolemy.util.test.junit.AutoTests" name="[469] /home/travis/build/icyphy/ptII/ptolemy/actor/lib/test/auto/paraFunctest.xml (RunModel)" time="0.008" />
  <testcase classname="ptolemy.util.test.junit.AutoTests" name="[470] /home/travis/build/icyphy/ptII/ptolemy/actor/lib/test/auto/paraFunctest2.xml (RunModel)" time="0.007" />
  <testcase classname="ptolemy.util.test.junit.AutoTests" name="[471] /home/travis/build/icyphy/ptII/ptolemy/actor/lib/test/auto/parameterPassing.xml (RunModel)" time="0.009" />
  <testcase classname="ptolemy.util.test.junit.AutoTests" name="[472] /home/travis/build/icyphy/ptII/ptolemy/actor/lib/test/auto/record.xml (RunModel)" time="0.009" />
  <testcase classname="ptolemy.util.test.junit.AutoTests" name="[473] /home/travis/build/icyphy/ptII/ptolemy/actor/lib/test/auto/sizedarray1.xml (RunModel)" time="0.009" />
  <testcase classname="ptolemy.util.test.junit.AutoTests" name="[474] /home/travis/build/icyphy/ptII/ptolemy/actor/lib/test/auto/sizedarray2.xml (RunModel)" time="0.015" />
  <testcase classname="ptolemy.util.test.junit.AutoTests" name="[475] /home/travis/build/icyphy/ptII/ptolemy/actor/lib/test/auto/twoPublishers.xml (RunModel)" time="0.019" />
  <system-out><![CDATA[/home/travis/build/icyphy/ptII/ptolemy/actor/lib/test/AbsoluteValue.tcl
testDefs.tcl: setting time out to 9000 seconds at Fri May 03 04:09:08 UTC 2019
75 ms. Memory: 116224K Free: 109623K (94%)
4 ms. Memory: 116224K Free: 108432K (93%)
4 ms. Memory: 116224K Free: 107821K (93%)
5 ms. Memory: 116224K Free: 106590K (92%)
/home/travis/build/icyphy/ptII/ptolemy/actor/lib/test/AddSubtract.tcl
17 ms. Memory: 116224K Free: 104764K (90%)
12 ms. Memory: 116224K Free: 104153K (90%)
5 ms. Memory: 116224K Free: 102930K (89%)
6 ms. Memory: 116224K Free: 102335K (88%)
5 ms. Memory: 116224K Free: 101724K (88%)
4 ms. Memory: 116224K Free: 101104K (87%)
/home/travis/build/icyphy/ptII/ptolemy/actor/lib/test/Average.tcl
15 ms. Memory: 116224K Free: 99278K (85%)
14 ms. Memory: 116224K Free: 98071K (84%)
/home/travis/build/icyphy/ptII/ptolemy/actor/lib/test/Bernoulli.tcl
8 ms. Memory: 116224K Free: 96269K (83%)
2 ms. Memory: 116224K Free: 95658K (82%)
/home/travis/build/icyphy/ptII/ptolemy/actor/lib/test/Clock.tcl
preinitializing
resolving types
initializing
executing number 1
wrapping up
idle
10 ms. Memory: 116224K Free: 93864K (81%)
Completed execution with 5 iterations
preinitializing
resolving types
initializing
executing number 1
wrapping up
idle
4 ms. Memory: 116224K Free: 92657K (80%)
Completed execution with 5 iterations
preinitializing
resolving types
initializing
executing number 1
wrapping up
idle
3 ms. Memory: 116224K Free: 92022K (79%)
Completed execution with 5 iterations
/home/travis/build/icyphy/ptII/ptolemy/actor/lib/test/Commutator.tcl
7 ms. Memory: 116224K Free: 90212K (78%)
5 ms. Memory: 116224K Free: 89013K (77%)
14 ms. Memory: 116224K Free: 84782K (73%)
/home/travis/build/icyphy/ptII/ptolemy/actor/lib/test/Const.tcl
3 ms. Memory: 116224K Free: 82381K (71%)
5 ms. Memory: 116224K Free: 81786K (70%)
2 ms. Memory: 116224K Free: 81167K (70%)
20 ms. Memory: 146944K Free: 140427K (96%)
2 ms. Memory: 146944K Free: 140427K (96%)
20 ms. Memory: 146944K Free: 138822K (94%)
4 ms. Memory: 146944K Free: 137632K (94%)
7 ms. Memory: 146944K Free: 136442K (93%)
/home/travis/build/icyphy/ptII/ptolemy/actor/lib/test/CurrentTime.tcl
preinitializing
resolving types
initializing
executing number 1
wrapping up
idle
10 ms. Memory: 146944K Free: 134047K (91%)
Completed execution with 11 iterations
/home/travis/build/icyphy/ptII/ptolemy/actor/lib/test/DB.tcl
15 ms. Memory: 146944K Free: 132857K (90%)
1 ms. Memory: 146944K Free: 131652K (90%)
2 ms. Memory: 146944K Free: 131652K (90%)
/home/travis/build/icyphy/ptII/ptolemy/actor/lib/test/DiscreteRandomSource.tcl
preinitializing
resolving types
initializing
executing number 1
wrapping up
idle
3 ms. Memory: 146944K Free: 130446K (89%)
Completed execution with 4 iterations
preinitializing
resolving types
initializing
executing number 1
wrapping up
idle
2 ms. Memory: 146944K Free: 129256K (88%)
Completed execution with 4 iterations
preinitializing
resolving types
initializing
executing number 1
wrapping up
idle
2 ms. Memory: 146944K Free: 129256K (88%)
Completed execution with 4 iterations
preinitializing
resolving types
initializing
executing number 1
wrapping up
idle
2 ms. Memory: 146944K Free: 129256K (88%)
Completed execution with 4 iterations
preinitializing
resolving types
initializing
executing number 1
wrapping up
idle
3 ms. Memory: 146944K Free: 128066K (87%)
Completed execution with 4 iterations
/home/travis/build/icyphy/ptII/ptolemy/actor/lib/test/Distributor.tcl
4 ms. Memory: 146944K Free: 126877K (86%)
3 ms. Memory: 146944K Free: 125671K (86%)
StreamChangeRequest.changeExecuted(): <deleteEntity name="rec2"/> succeeded
StreamChangeRequest.changeExecuted(): <deleteRelation name="r2"/> succeeded
StreamChangeRequest.changeExecuted(): Record firings per iteration succeeded
5 ms. Memory: 146944K Free: 123276K (84%)
/home/travis/build/icyphy/ptII/ptolemy/actor/lib/test/Exit.tcl
Exit.tcl: this will print a message about Manager.exitAfterWrapup, which can be ignored.
3 ms. Memory: 146944K Free: 120266K (82%)
/home/travis/build/icyphy/ptII/ptolemy/actor/lib/test/Expression.tcl
5 ms. Memory: 146944K Free: 116658K (79%)
3 ms. Memory: 146944K Free: 116658K (79%)
3 ms. Memory: 146944K Free: 115468K (79%)
preinitializing
resolving types
initializing
executing number 1
wrapping up
idle
14 ms. Memory: 146944K Free: 114279K (78%)
Completed execution with 6 iterations
3 ms. Memory: 146944K Free: 113089K (77%)
12 ms. Memory: 146944K Free: 113089K (77%)
12 ms. Memory: 146944K Free: 111899K (76%)
7 ms. Memory: 146944K Free: 110710K (75%)
7 ms. Memory: 146944K Free: 109520K (75%)
/home/travis/build/icyphy/ptII/ptolemy/actor/lib/test/Gaussian.tcl
3 ms. Memory: 146944K Free: 107132K (73%)
sleeping 1 seconds: .....................................................................................................................................................................................................................................................................................................................................................................................................................................................................................................................................................................................................................................................................................................................................................................................................................................................................................................................................................................................................................................................................................................................................................................................................................................................................2 ms. Memory: 146944K Free: 101184K (69%)
3 ms. Memory: 146944K Free: 101184K (69%)
2 ms. Memory: 146944K Free: 99994K (68%)
2 ms. Memory: 146944K Free: 98805K (67%)
2 ms. Memory: 146944K Free: 98805K (67%)
/home/travis/build/icyphy/ptII/ptolemy/actor/lib/test/IIR.tcl
/home/travis/build/icyphy/ptII/ptolemy/actor/lib/test/Interpolator.tcl
5 ms. Memory: 146944K Free: 95236K (65%)
8 ms. Memory: 146944K Free: 94046K (64%)
2 ms. Memory: 146944K Free: 94046K (64%)
8 ms. Memory: 146944K Free: 92856K (63%)
6 ms. Memory: 146944K Free: 91667K (62%)
7 ms. Memory: 146944K Free: 91667K (62%)
5 ms. Memory: 146944K Free: 90477K (62%)
2 ms. Memory: 146944K Free: 89288K (61%)
6 ms. Memory: 146944K Free: 89288K (61%)
6 ms. Memory: 146944K Free: 88098K (60%)
/home/travis/build/icyphy/ptII/ptolemy/actor/lib/test/MathFunction.tcl
6 ms. Memory: 146944K Free: 85719K (58%)
2 ms. Memory: 146944K Free: 84529K (58%)
4 ms. Memory: 146944K Free: 83340K (57%)
2 ms. Memory: 146944K Free: 82150K (56%)
9 ms. Memory: 146944K Free: 81437K (55%)
6 ms. Memory: 146944K Free: 138959K (95%)
/home/travis/build/icyphy/ptII/ptolemy/actor/lib/test/Maximum.tcl
5 ms. Memory: 146944K Free: 137772K (94%)
2 ms. Memory: 146944K Free: 136585K (93%)
2 ms. Memory: 146944K Free: 135398K (92%)
2 ms. Memory: 146944K Free: 135398K (92%)
/home/travis/build/icyphy/ptII/ptolemy/actor/lib/test/Minimum.tcl
3 ms. Memory: 146944K Free: 133026K (91%)
2 ms. Memory: 146944K Free: 133026K (91%)
2 ms. Memory: 146944K Free: 131839K (90%)
7 ms. Memory: 146944K Free: 131839K (90%)
/home/travis/build/icyphy/ptII/ptolemy/actor/lib/test/MultiplyDivide.tcl
4 ms. Memory: 146944K Free: 129466K (88%)
3 ms. Memory: 146944K Free: 128280K (87%)
3 ms. Memory: 146944K Free: 128280K (87%)
2 ms. Memory: 146944K Free: 127093K (86%)
2 ms. Memory: 146944K Free: 127093K (86%)
/home/travis/build/icyphy/ptII/ptolemy/actor/lib/test/OrderedMerge.tcl
Connections changed on port: inputA
Connections changed on port: inputB
Connections changed on port: output
Connections changed on port: output
Connections changed on port: output
Connections changed on port: input
.top. Preinitializing ...
Invoking preinitialize():  .top.OrderedMerge
Called preinitialize()
Invoking preinitialize():  .top.Ramp
Called preinitialize()
Invoking preinitialize():  .top.Ramp2
Called preinitialize()
Invoking preinitialize():  .top.Test
Called preinitialize()
Connections changed on port: inputA
Connections changed on port: output
Connections changed on port: inputB
Connections changed on port: output
Connections changed on port: output
Connections changed on port: input
.top. Finished preinitialize().
Called initialize().
Invoking initialize():  .top.OrderedMerge
Initializing actor: .top.OrderedMerge
Adding a thread: .top.OrderedMerge
Invoking initialize():  .top.Ramp
Initializing actor: .top.Ramp
Adding a thread: .top.Ramp
Invoking initialize():  .top.Ramp2
Initializing actor: .top.Ramp2
Adding a thread: .top.Ramp2
Invoking initialize():  .top.Test
Initializing actor: .top.Test
Adding a thread: .top.Test
-- Starting thread.
Called initialize()
Called prefire()
Called fire()
-- Starting thread.
Called initialize()
Called prefire()
Called fire()
Called postfire()
Called prefire()
Called fire()
-- Starting thread.
Called initialize()
Called prefire()
Called fire()
Called postfire()
Called prefire()
Called fire()
Called fire().
Checking for deadlock:
There are 3 Blocked actors, 0 Stopped actors, and 4 active threads.
Waiting for actors to stop.
-- Starting thread.
Called initialize()
Called prefire()
Called fire()
Checking for deadlock:
There are 2 Blocked actors, 0 Stopped actors, and 4 active threads.
Waiting for actors to stop.
Called postfire()
Called prefire()
Called fire()
Checking for deadlock:
There are 3 Blocked actors, 0 Stopped actors, and 4 active threads.
Waiting for actors to stop.
Read input token from inputA with value 0.0
Next port to read input from is inputB
Called postfire()
Called prefire()
Called fire()
Checking for deadlock:
There are 2 Blocked actors, 0 Stopped actors, and 4 active threads.
Waiting for actors to stop.
Called postfire()
Called prefire()
Called fire()
Checking for deadlock:
There are 3 Blocked actors, 0 Stopped actors, and 4 active threads.
Waiting for actors to stop.
Read input token from inputB with value 0.0
Checking for deadlock:
There are 2 Blocked actors, 0 Stopped actors, and 4 active threads.
Waiting for actors to stop.
-- Read input: 0.0, which is expected to match: 0.0
Called prefire()
Called fire()
Checking for deadlock:
There are 3 Blocked actors, 0 Stopped actors, and 4 active threads.
Waiting for actors to stop.
Sent output token with value 0.0
Next port to read input from is inputA
Called postfire()
Called prefire()
Called fire()
Checking for deadlock:
There are 2 Blocked actors, 0 Stopped actors, and 4 active threads.
Waiting for actors to stop.
Called postfire()
Called prefire()
Called fire()
Checking for deadlock:
There are 3 Blocked actors, 0 Stopped actors, and 4 active threads.
Waiting for actors to stop.
Read input token from inputA with value 1.0
Checking for deadlock:
There are 2 Blocked actors, 0 Stopped actors, and 4 active threads.
Waiting for actors to stop.
-- Read input: 0.0, which is expected to match: 0.0
Called prefire()
Called fire()
Checking for deadlock:
There are 3 Blocked actors, 0 Stopped actors, and 4 active threads.
Waiting for actors to stop.
Sent output token with value 0.0
Next port to read input from is inputB
Called postfire()
Called prefire()
Called fire()
Checking for deadlock:
There are 2 Blocked actors, 0 Stopped actors, and 4 active threads.
Waiting for actors to stop.
Called postfire()
Called prefire()
Called fire()
Checking for deadlock:
There are 3 Blocked actors, 0 Stopped actors, and 4 active threads.
Waiting for actors to stop.
Read input token from inputB with value 1.5
Checking for deadlock:
There are 2 Blocked actors, 0 Stopped actors, and 4 active threads.
Waiting for actors to stop.
-- Read input: 1.0, which is expected to match: 1.0
Called prefire()
Called fire()
Checking for deadlock:
There are 3 Blocked actors, 0 Stopped actors, and 4 active threads.
Waiting for actors to stop.
Sent output token with value 1.0
Next port to read input from is inputA
Called postfire()
Called prefire()
Called fire()
Checking for deadlock:
There are 2 Blocked actors, 0 Stopped actors, and 4 active threads.
Waiting for actors to stop.
Called postfire()
Called prefire()
Called fire()
Checking for deadlock:
There are 3 Blocked actors, 0 Stopped actors, and 4 active threads.
Waiting for actors to stop.
Read input token from inputA with value 2.0
Checking for deadlock:
There are 2 Blocked actors, 0 Stopped actors, and 4 active threads.
Waiting for actors to stop.
-- Read input: 1.5, which is expected to match: 1.5
Called prefire()
Called fire()
Checking for deadlock:
There are 3 Blocked actors, 0 Stopped actors, and 4 active threads.
Waiting for actors to stop.
Sent output token with value 1.5
Next port to read input from is inputB
Called postfire()
Called prefire()
Called fire()
Checking for deadlock:
There are 2 Blocked actors, 0 Stopped actors, and 4 active threads.
Waiting for actors to stop.
Called postfire()
Called prefire()
Called fire()
Checking for deadlock:
There are 3 Blocked actors, 0 Stopped actors, and 4 active threads.
Waiting for actors to stop.
Read input token from inputB with value 3.0
Checking for deadlock:
There are 2 Blocked actors, 0 Stopped actors, and 4 active threads.
Waiting for actors to stop.
-- Read input: 2.0, which is expected to match: 2.0
Called prefire()
Called fire()
Checking for deadlock:
There are 3 Blocked actors, 0 Stopped actors, and 4 active threads.
Waiting for actors to stop.
Sent output token with value 2.0
Next port to read input from is inputA
Called postfire()
Called prefire()
Called fire()
Checking for deadlock:
There are 2 Blocked actors, 0 Stopped actors, and 4 active threads.
Waiting for actors to stop.
Called postfire()
Called prefire()
Called fire()
Checking for deadlock:
There are 3 Blocked actors, 0 Stopped actors, and 4 active threads.
Waiting for actors to stop.
Read input token from inputA with value 3.0
Checking for deadlock:
There are 2 Blocked actors, 0 Stopped actors, and 4 active threads.
Waiting for actors to stop.
-- Read input: 3.0, which is expected to match: 3.0
Called prefire()
Called fire()
Checking for deadlock:
There are 3 Blocked actors, 0 Stopped actors, and 4 active threads.
Waiting for actors to stop.
Sent output token with value 3.0
Next port to read input from is inputB
Called postfire()
Called prefire()
Called fire()
Checking for deadlock:
There are 2 Blocked actors, 0 Stopped actors, and 4 active threads.
Waiting for actors to stop.
Called postfire()
Called prefire()
Called fire()
Checking for deadlock:
There are 3 Blocked actors, 0 Stopped actors, and 4 active threads.
Waiting for actors to stop.
Read input token from inputB with value 4.5
Checking for deadlock:
There are 2 Blocked actors, 0 Stopped actors, and 4 active threads.
Waiting for actors to stop.
-- Read input: 3.0, which is expected to match: 3.0
Called prefire()
Called fire()
Checking for deadlock:
There are 3 Blocked actors, 0 Stopped actors, and 4 active threads.
Waiting for actors to stop.
Sent output token with value 3.0
Next port to read input from is inputA
Called postfire()
Called prefire()
Called fire()
Checking for deadlock:
There are 2 Blocked actors, 0 Stopped actors, and 4 active threads.
Waiting for actors to stop.
Called postfire()
Called prefire()
Called fire()
Checking for deadlock:
There are 3 Blocked actors, 0 Stopped actors, and 4 active threads.
Waiting for actors to stop.
Read input token from inputA with value 4.0
Checking for deadlock:
There are 2 Blocked actors, 0 Stopped actors, and 4 active threads.
Waiting for actors to stop.
-- Read input: 4.0, which is expected to match: 4.0
Called prefire()
Called fire()
Past the end of training data. Read and discard all inputs.
Checking for deadlock:
There are 3 Blocked actors, 0 Stopped actors, and 4 active threads.
Waiting for actors to stop.
Sent output token with value 4.0
Next port to read input from is inputA
Called postfire()
Called prefire()
Called fire()
Checking for deadlock:
There are 2 Blocked actors, 0 Stopped actors, and 4 active threads.
Waiting for actors to stop.
Called postfire()
Called prefire()
Called fire()
Checking for deadlock:
There are 3 Blocked actors, 0 Stopped actors, and 4 active threads.
Waiting for actors to stop.
Read input token from inputA with value 5.0
Checking for deadlock:
There are 2 Blocked actors, 0 Stopped actors, and 4 active threads.
Waiting for actors to stop.
Called prefire()
Called fire()
Past the end of training data. Read and discard all inputs.
Checking for deadlock:
There are 3 Blocked actors, 0 Stopped actors, and 4 active threads.
Waiting for actors to stop.
Sent output token with value 4.5
Next port to read input from is inputB
Called postfire()
Called prefire()
Called fire()
Checking for deadlock:
There are 2 Blocked actors, 0 Stopped actors, and 4 active threads.
Waiting for actors to stop.
Called postfire()
Called prefire()
Called fire()
Checking for deadlock:
There are 3 Blocked actors, 0 Stopped actors, and 4 active threads.
Waiting for actors to stop.
Read input token from inputB with value 6.0
Checking for deadlock:
There are 2 Blocked actors, 0 Stopped actors, and 4 active threads.
Waiting for actors to stop.
Called prefire()
Called fire()
Past the end of training data. Read and discard all inputs.
Checking for deadlock:
There are 3 Blocked actors, 0 Stopped actors, and 4 active threads.
Waiting for actors to stop.
Sent output token with value 5.0
Next port to read input from is inputA
Called postfire()
Called prefire()
Called fire()
Checking for deadlock:
There are 2 Blocked actors, 0 Stopped actors, and 4 active threads.
Waiting for actors to stop.
Called postfire()
Called prefire()
Called fire()
Checking for deadlock:
There are 3 Blocked actors, 0 Stopped actors, and 4 active threads.
Waiting for actors to stop.
Read input token from inputA with value 6.0
Checking for deadlock:
There are 2 Blocked actors, 0 Stopped actors, and 4 active threads.
Waiting for actors to stop.
Called prefire()
Called fire()
Past the end of training data. Read and discard all inputs.
Checking for deadlock:
There are 3 Blocked actors, 0 Stopped actors, and 4 active threads.
Waiting for actors to stop.
Sent output token with value 6.0
Next port to read input from is inputB
Called postfire()
Called prefire()
Called fire()
Checking for deadlock:
There are 2 Blocked actors, 0 Stopped actors, and 4 active threads.
Waiting for actors to stop.
Called postfire()
Called prefire()
Called fire()
Checking for deadlock:
There are 3 Blocked actors, 0 Stopped actors, and 4 active threads.
Waiting for actors to stop.
Read input token from inputB with value 7.5
Checking for deadlock:
There are 2 Blocked actors, 0 Stopped actors, and 4 active threads.
Waiting for actors to stop.
Called prefire()
Called fire()
Past the end of training data. Read and discard all inputs.
Checking for deadlock:
There are 3 Blocked actors, 0 Stopped actors, and 4 active threads.
Waiting for actors to stop.
Sent output token with value 6.0
Next port to read input from is inputA
Called postfire()
Called prefire()
Called fire()
Checking for deadlock:
There are 2 Blocked actors, 0 Stopped actors, and 4 active threads.
Waiting for actors to stop.
Called postfire()
Called prefire()
Called fire()
Checking for deadlock:
There are 3 Blocked actors, 0 Stopped actors, and 4 active threads.
Waiting for actors to stop.
Read input token from inputA with value 7.0
Checking for deadlock:
There are 2 Blocked actors, 0 Stopped actors, and 4 active threads.
Waiting for actors to stop.
Called prefire()
Called fire()
Past the end of training data. Read and discard all inputs.
Checking for deadlock:
There are 3 Blocked actors, 0 Stopped actors, and 4 active threads.
Waiting for actors to stop.
Sent output token with value 7.0
Next port to read input from is inputA
Called postfire()
Called prefire()
Called fire()
Checking for deadlock:
There are 2 Blocked actors, 0 Stopped actors, and 4 active threads.
Waiting for actors to stop.
-- Thread wrapup() called.
Called wrapup()
Thread .top.Ramp is exiting.
-- Thread stopped.
Checking for deadlock:
There are 2 Blocked actors, 0 Stopped actors, and 3 active threads.
Waiting for actors to stop.
Read input token from inputA with value 8.0
Checking for deadlock:
There are 1 Blocked actors, 0 Stopped actors, and 3 active threads.
Waiting for actors to stop.
Called prefire()
Called fire()
Past the end of training data. Read and discard all inputs.
Checking for deadlock:
There are 2 Blocked actors, 0 Stopped actors, and 3 active threads.
Waiting for actors to stop.
Sent output token with value 7.5
Next port to read input from is inputB
Called postfire()
Called prefire()
Called fire()
Checking for deadlock:
There are 1 Blocked actors, 0 Stopped actors, and 3 active threads.
Waiting for actors to stop.
Called postfire()
Called prefire()
Called fire()
Checking for deadlock:
There are 2 Blocked actors, 0 Stopped actors, and 3 active threads.
Waiting for actors to stop.
Read input token from inputB with value 9.0
Checking for deadlock:
There are 1 Blocked actors, 0 Stopped actors, and 3 active threads.
Waiting for actors to stop.
Called prefire()
Called fire()
Past the end of training data. Read and discard all inputs.
Checking for deadlock:
There are 2 Blocked actors, 0 Stopped actors, and 3 active threads.
Waiting for actors to stop.
Sent output token with value 8.0
Next port to read input from is inputA
Called postfire()
Called prefire()
Called fire()
Read input token from inputA with value 9.0
Checking for deadlock:
There are 1 Blocked actors, 0 Stopped actors, and 3 active threads.
Waiting for actors to stop.
Called prefire()
Called fire()
Past the end of training data. Read and discard all inputs.
Checking for deadlock:
There are 2 Blocked actors, 0 Stopped actors, and 3 active threads.
Waiting for actors to stop.
Sent output token with value 9.0
Next port to read input from is inputB
Called postfire()
Called prefire()
Called fire()
Checking for deadlock:
There are 1 Blocked actors, 0 Stopped actors, and 3 active threads.
Waiting for actors to stop.
Called postfire()
Called prefire()
Called fire()
Checking for deadlock:
There are 2 Blocked actors, 0 Stopped actors, and 3 active threads.
Waiting for actors to stop.
Read input token from inputB with value 10.5
Checking for deadlock:
There are 1 Blocked actors, 0 Stopped actors, and 3 active threads.
Waiting for actors to stop.
Called prefire()
Called fire()
Past the end of training data. Read and discard all inputs.
Checking for deadlock:
There are 2 Blocked actors, 0 Stopped actors, and 3 active threads.
Waiting for actors to stop.
Sent output token with value 9.0
Next port to read input from is inputA
Called postfire()
Called prefire()
Called fire()
Checking for deadlock:
There are 3 Blocked actors, 0 Stopped actors, and 3 active threads.
Actors have stopped.
Checking for deadlock:
There are 3 Blocked actors, 0 Stopped actors, and 3 active threads.
Deadlock detected.
Resolving Deadlock
Checking for deadlock:
There are 3 Blocked actors, 0 Stopped actors, and 3 active threads.
Artificial Deadlock - increasing queue capacity.
increasing the capacity of receiver ptolemy.actor.TypedIOPort {.top.OrderedMerge.inputB} to 2
Director: Called postfire().
Called postfire().
_stopRequested = false
_stopFireRequested = false
Returning from postfire(): true
Called fire().
Checking for deadlock:
There are 2 Blocked actors, 0 Stopped actors, and 3 active threads.
Waiting for actors to stop.
-- Thread wrapup() called.
Called wrapup()
Thread .top.Ramp2 is exiting.
-- Thread stopped.
Checking for deadlock:
There are 2 Blocked actors, 0 Stopped actors, and 2 active threads.
Actors have stopped.
Checking for deadlock:
There are 2 Blocked actors, 0 Stopped actors, and 2 active threads.
Deadlock detected.
Resolving Deadlock
Checking for deadlock:
There are 2 Blocked actors, 0 Stopped actors, and 2 active threads.
Deadlock detected: no processes blocked on write, but some are blocked on read.
Called postfire().
_stopRequested = false
_stopFireRequested = false
Returning from postfire(): false
Finished deactivating branches.
Called wrapup().
-- Thread wrapup() called.
Called wrapup()
Thread .top.Test is exiting.
-- Thread stopped.
-- Blocked Receiver call threw TerminateProcessException.
-- Thread wrapup() called.
Called wrapup()
Thread .top.OrderedMerge is exiting.
32 ms. Memory: 146944K Free: 123082K (84%)
.top. Preinitializing ...
Invoking preinitialize():  .top.OrderedMerge
Called preinitialize()
Invoking preinitialize():  .top.Ramp
Called preinitialize()
Invoking preinitialize():  .top.Ramp2
Called preinitialize()
Invoking preinitialize():  .top.Test
Called preinitialize()
.top. Finished preinitialize().
Called initialize().
Invoking initialize():  .top.OrderedMerge
Initializing actor: .top.OrderedMerge
Adding a thread: .top.OrderedMerge
Invoking initialize():  .top.Ramp
Initializing actor: .top.Ramp
Adding a thread: .top.Ramp
Invoking initialize():  .top.Ramp2
Initializing actor: .top.Ramp2
Adding a thread: .top.Ramp2
Invoking initialize():  .top.Test
Initializing actor: .top.Test
Adding a thread: .top.Test
-- Thread stopped.
-- Blocked Receiver call threw TerminateProcessException.
-- Starting thread.
Called initialize()
Called prefire()
Called fire()
-- Starting thread.
Called initialize()
Called prefire()
Called fire()
Called postfire()
Called prefire()
Called fire()
-- Starting thread.
Called initialize()
Called prefire()
Called fire()
Called postfire()
Called prefire()
Called fire()
Called fire().
Checking for deadlock:
There are 3 Blocked actors, 0 Stopped actors, and 4 active threads.
Waiting for actors to stop.
-- Starting thread.
Called initialize()
Called prefire()
Called fire()
Checking for deadlock:
There are 2 Blocked actors, 0 Stopped actors, and 4 active threads.
Waiting for actors to stop.
Called postfire()
Called prefire()
Called fire()
Checking for deadlock:
There are 3 Blocked actors, 0 Stopped actors, and 4 active threads.
Waiting for actors to stop.
Read input token from inputA with value 0.0
Next port to read input from is inputB
Called postfire()
Called prefire()
Called fire()
Checking for deadlock:
There are 2 Blocked actors, 0 Stopped actors, and 4 active threads.
Waiting for actors to stop.
Called postfire()
Called prefire()
Called fire()
Checking for deadlock:
There are 3 Blocked actors, 0 Stopped actors, and 4 active threads.
Waiting for actors to stop.
Read input token from inputB with value 0.0
Checking for deadlock:
There are 2 Blocked actors, 0 Stopped actors, and 4 active threads.
Waiting for actors to stop.
-- Read input: 0.0, which is expected to match: 0.0
Called prefire()
Called fire()
Checking for deadlock:
There are 3 Blocked actors, 0 Stopped actors, and 4 active threads.
Waiting for actors to stop.
Sent output token with value 0.0
Next port to read input from is inputA
Called postfire()
Called prefire()
Called fire()
Checking for deadlock:
There are 2 Blocked actors, 0 Stopped actors, and 4 active threads.
Waiting for actors to stop.
Called postfire()
Called prefire()
Called fire()
Checking for deadlock:
There are 3 Blocked actors, 0 Stopped actors, and 4 active threads.
Waiting for actors to stop.
Read input token from inputA with value 1.0
Checking for deadlock:
There are 2 Blocked actors, 0 Stopped actors, and 4 active threads.
Waiting for actors to stop.
-- Read input: 0.0, which is expected to match: 0.0
Called prefire()
Called fire()
Checking for deadlock:
There are 3 Blocked actors, 0 Stopped actors, and 4 active threads.
Waiting for actors to stop.
Sent output token with value 0.0
Next port to read input from is inputB
Called postfire()
Called prefire()
Called fire()
Checking for deadlock:
There are 2 Blocked actors, 0 Stopped actors, and 4 active threads.
Waiting for actors to stop.
Called postfire()
Called prefire()
Called fire()
Checking for deadlock:
There are 3 Blocked actors, 0 Stopped actors, and 4 active threads.
Waiting for actors to stop.
Read input token from inputB with value 1.5
Checking for deadlock:
There are 2 Blocked actors, 0 Stopped actors, and 4 active threads.
Waiting for actors to stop.
-- Read input: 1.0, which is expected to match: 1.0
Called prefire()
Called fire()
Checking for deadlock:
There are 3 Blocked actors, 0 Stopped actors, and 4 active threads.
Waiting for actors to stop.
Sent output token with value 1.0
Next port to read input from is inputA
Called postfire()
Called prefire()
Called fire()
Checking for deadlock:
There are 2 Blocked actors, 0 Stopped actors, and 4 active threads.
Waiting for actors to stop.
Called postfire()
Called prefire()
Called fire()
Checking for deadlock:
There are 3 Blocked actors, 0 Stopped actors, and 4 active threads.
Waiting for actors to stop.
Read input token from inputA with value 2.0
Checking for deadlock:
There are 2 Blocked actors, 0 Stopped actors, and 4 active threads.
Waiting for actors to stop.
-- Read input: 1.5, which is expected to match: 1.5
Called prefire()
Called fire()
Checking for deadlock:
There are 3 Blocked actors, 0 Stopped actors, and 4 active threads.
Waiting for actors to stop.
Sent output token with value 1.5
Next port to read input from is inputB
Called postfire()
Called prefire()
Called fire()
Checking for deadlock:
There are 2 Blocked actors, 0 Stopped actors, and 4 active threads.
Waiting for actors to stop.
Called postfire()
Called prefire()
Called fire()
Checking for deadlock:
There are 3 Blocked actors, 0 Stopped actors, and 4 active threads.
Waiting for actors to stop.
Read input token from inputB with value 3.0
Checking for deadlock:
There are 2 Blocked actors, 0 Stopped actors, and 4 active threads.
Waiting for actors to stop.
-- Read input: 2.0, which is expected to match: 2.0
Called prefire()
Called fire()
Checking for deadlock:
There are 3 Blocked actors, 0 Stopped actors, and 4 active threads.
Waiting for actors to stop.
Sent output token with value 2.0
Next port to read input from is inputA
Called postfire()
Called prefire()
Called fire()
Checking for deadlock:
There are 2 Blocked actors, 0 Stopped actors, and 4 active threads.
Waiting for actors to stop.
Called postfire()
Called prefire()
Called fire()
Checking for deadlock:
There are 3 Blocked actors, 0 Stopped actors, and 4 active threads.
Waiting for actors to stop.
Read input token from inputA with value 3.0
Checking for deadlock:
There are 2 Blocked actors, 0 Stopped actors, and 4 active threads.
Waiting for actors to stop.
-- Read input: 3.0, which is expected to match: 3.0
Called prefire()
Called fire()
Checking for deadlock:
There are 3 Blocked actors, 0 Stopped actors, and 4 active threads.
Waiting for actors to stop.
Sent output token with value 3.0
Next port to read input from is inputB
Called postfire()
Called prefire()
Called fire()
Checking for deadlock:
There are 2 Blocked actors, 0 Stopped actors, and 4 active threads.
Waiting for actors to stop.
Called postfire()
Called prefire()
Called fire()
Checking for deadlock:
There are 3 Blocked actors, 0 Stopped actors, and 4 active threads.
Waiting for actors to stop.
Read input token from inputB with value 4.5
Checking for deadlock:
There are 2 Blocked actors, 0 Stopped actors, and 4 active threads.
Waiting for actors to stop.
-- Read input: 3.0, which is expected to match: 3.0
Called prefire()
Called fire()
Checking for deadlock:
There are 3 Blocked actors, 0 Stopped actors, and 4 active threads.
Waiting for actors to stop.
Sent output token with value 3.0
Next port to read input from is inputA
Called postfire()
Called prefire()
Called fire()
Checking for deadlock:
There are 2 Blocked actors, 0 Stopped actors, and 4 active threads.
Waiting for actors to stop.
Called postfire()
Called prefire()
Called fire()
Checking for deadlock:
There are 3 Blocked actors, 0 Stopped actors, and 4 active threads.
Waiting for actors to stop.
Read input token from inputA with value 4.0
Checking for deadlock:
There are 2 Blocked actors, 0 Stopped actors, and 4 active threads.
Waiting for actors to stop.
-- Read input: 4.0, which is expected to match: 4.0
Called prefire()
Called fire()
Past the end of training data. Read and discard all inputs.
Checking for deadlock:
There are 3 Blocked actors, 0 Stopped actors, and 4 active threads.
Waiting for actors to stop.
Sent output token with value 4.0
Next port to read input from is inputA
Called postfire()
Called prefire()
Called fire()
Checking for deadlock:
There are 2 Blocked actors, 0 Stopped actors, and 4 active threads.
Waiting for actors to stop.
Called postfire()
Called prefire()
Called fire()
Checking for deadlock:
There are 3 Blocked actors, 0 Stopped actors, and 4 active threads.
Waiting for actors to stop.
Read input token from inputA with value 5.0
Checking for deadlock:
There are 2 Blocked actors, 0 Stopped actors, and 4 active threads.
Waiting for actors to stop.
Called prefire()
Called fire()
Past the end of training data. Read and discard all inputs.
Checking for deadlock:
There are 3 Blocked actors, 0 Stopped actors, and 4 active threads.
Waiting for actors to stop.
Sent output token with value 4.5
Next port to read input from is inputB
Called postfire()
Called prefire()
Called fire()
Checking for deadlock:
There are 2 Blocked actors, 0 Stopped actors, and 4 active threads.
Waiting for actors to stop.
Called postfire()
Called prefire()
Called fire()
Checking for deadlock:
There are 3 Blocked actors, 0 Stopped actors, and 4 active threads.
Waiting for actors to stop.
Read input token from inputB with value 6.0
Checking for deadlock:
There are 2 Blocked actors, 0 Stopped actors, and 4 active threads.
Waiting for actors to stop.
Called prefire()
Called fire()
Past the end of training data. Read and discard all inputs.
Checking for deadlock:
There are 3 Blocked actors, 0 Stopped actors, and 4 active threads.
Waiting for actors to stop.
Sent output token with value 5.0
Next port to read input from is inputA
Called postfire()
Called prefire()
Called fire()
Checking for deadlock:
There are 2 Blocked actors, 0 Stopped actors, and 4 active threads.
Waiting for actors to stop.
Called postfire()
Called prefire()
Called fire()
Checking for deadlock:
There are 3 Blocked actors, 0 Stopped actors, and 4 active threads.
Waiting for actors to stop.
Read input token from inputA with value 6.0
Checking for deadlock:
There are 2 Blocked actors, 0 Stopped actors, and 4 active threads.
Waiting for actors to stop.
Called prefire()
Called fire()
Past the end of training data. Read and discard all inputs.
Checking for deadlock:
There are 3 Blocked actors, 0 Stopped actors, and 4 active threads.
Waiting for actors to stop.
Sent output token with value 6.0
Next port to read input from is inputB
Called postfire()
Called prefire()
Called fire()
Checking for deadlock:
There are 2 Blocked actors, 0 Stopped actors, and 4 active threads.
Waiting for actors to stop.
Called postfire()
Called prefire()
Called fire()
Checking for deadlock:
There are 3 Blocked actors, 0 Stopped actors, and 4 active threads.
Waiting for actors to stop.
Read input token from inputB with value 7.5
Checking for deadlock:
There are 2 Blocked actors, 0 Stopped actors, and 4 active threads.
Waiting for actors to stop.
Called prefire()
Called fire()
Past the end of training data. Read and discard all inputs.
Checking for deadlock:
There are 3 Blocked actors, 0 Stopped actors, and 4 active threads.
Waiting for actors to stop.
Sent output token with value 6.0
Next port to read input from is inputA
Called postfire()
Called prefire()
Called fire()
Checking for deadlock:
There are 2 Blocked actors, 0 Stopped actors, and 4 active threads.
Waiting for actors to stop.
Called postfire()
Called prefire()
Called fire()
Checking for deadlock:
There are 3 Blocked actors, 0 Stopped actors, and 4 active threads.
Waiting for actors to stop.
Read input token from inputA with value 7.0
Checking for deadlock:
There are 2 Blocked actors, 0 Stopped actors, and 4 active threads.
Waiting for actors to stop.
Called prefire()
Called fire()
Past the end of training data. Read and discard all inputs.
Checking for deadlock:
There are 3 Blocked actors, 0 Stopped actors, and 4 active threads.
Waiting for actors to stop.
Sent output token with value 7.0
Next port to read input from is inputA
Called postfire()
Called prefire()
Called fire()
Checking for deadlock:
There are 2 Blocked actors, 0 Stopped actors, and 4 active threads.
Waiting for actors to stop.
-- Thread wrapup() called.
Called wrapup()
Thread .top.Ramp is exiting.
Checking for deadlock:
There are 2 Blocked actors, 0 Stopped actors, and 3 active threads.
Waiting for actors to stop.
-- Thread stopped.
Read input token from inputA with value 8.0
Checking for deadlock:
There are 1 Blocked actors, 0 Stopped actors, and 3 active threads.
Waiting for actors to stop.
Called prefire()
Called fire()
Past the end of training data. Read and discard all inputs.
Checking for deadlock:
There are 2 Blocked actors, 0 Stopped actors, and 3 active threads.
Waiting for actors to stop.
Sent output token with value 7.5
Next port to read input from is inputB
Called postfire()
Called prefire()
Called fire()
Checking for deadlock:
There are 1 Blocked actors, 0 Stopped actors, and 3 active threads.
Waiting for actors to stop.
Called postfire()
Called prefire()
Called fire()
Checking for deadlock:
There are 2 Blocked actors, 0 Stopped actors, and 3 active threads.
Waiting for actors to stop.
Read input token from inputB with value 9.0
Checking for deadlock:
There are 1 Blocked actors, 0 Stopped actors, and 3 active threads.
Waiting for actors to stop.
Called prefire()
Called fire()
Past the end of training data. Read and discard all inputs.
Checking for deadlock:
There are 2 Blocked actors, 0 Stopped actors, and 3 active threads.
Waiting for actors to stop.
Sent output token with value 8.0
Next port to read input from is inputA
Called postfire()
Called prefire()
Called fire()
Read input token from inputA with value 9.0
Checking for deadlock:
There are 1 Blocked actors, 0 Stopped actors, and 3 active threads.
Waiting for actors to stop.
Called prefire()
Called fire()
Past the end of training data. Read and discard all inputs.
Checking for deadlock:
There are 2 Blocked actors, 0 Stopped actors, and 3 active threads.
Waiting for actors to stop.
Sent output token with value 9.0
Next port to read input from is inputB
Called postfire()
Called prefire()
Called fire()
Checking for deadlock:
There are 1 Blocked actors, 0 Stopped actors, and 3 active threads.
Waiting for actors to stop.
Called postfire()
Called prefire()
Called fire()
Checking for deadlock:
There are 2 Blocked actors, 0 Stopped actors, and 3 active threads.
Waiting for actors to stop.
Read input token from inputB with value 10.5
Checking for deadlock:
There are 1 Blocked actors, 0 Stopped actors, and 3 active threads.
Waiting for actors to stop.
Called prefire()
Called fire()
Past the end of training data. Read and discard all inputs.
Checking for deadlock:
There are 2 Blocked actors, 0 Stopped actors, and 3 active threads.
Waiting for actors to stop.
Sent output token with value 9.0
Next port to read input from is inputA
Called postfire()
Called prefire()
Called fire()
Checking for deadlock:
There are 3 Blocked actors, 0 Stopped actors, and 3 active threads.
Actors have stopped.
Checking for deadlock:
There are 3 Blocked actors, 0 Stopped actors, and 3 active threads.
Deadlock detected.
Resolving Deadlock
Checking for deadlock:
There are 3 Blocked actors, 0 Stopped actors, and 3 active threads.
Artificial Deadlock - increasing queue capacity.
increasing the capacity of receiver ptolemy.actor.TypedIOPort {.top.OrderedMerge.inputB} to 2
Director: Called postfire().
Called postfire().
_stopRequested = false
_stopFireRequested = false
Returning from postfire(): true
Called fire().
Checking for deadlock:
There are 2 Blocked actors, 0 Stopped actors, and 3 active threads.
Waiting for actors to stop.
-- Thread wrapup() called.
Called wrapup()
Thread .top.Ramp2 is exiting.
-- Thread stopped.
Checking for deadlock:
There are 2 Blocked actors, 0 Stopped actors, and 2 active threads.
Actors have stopped.
Checking for deadlock:
There are 2 Blocked actors, 0 Stopped actors, and 2 active threads.
Deadlock detected.
Resolving Deadlock
Checking for deadlock:
There are 2 Blocked actors, 0 Stopped actors, and 2 active threads.
Deadlock detected: no processes blocked on write, but some are blocked on read.
Called postfire().
_stopRequested = false
_stopFireRequested = false
Returning from postfire(): false
Finished deactivating branches.
Called wrapup().
-- Thread wrapup() called.
Called wrapup()
Thread .top.OrderedMerge is exiting.
-- Thread stopped.
-- Blocked Receiver call threw TerminateProcessException.
-- Thread wrapup() called.
Called wrapup()
Thread .top.Test is exiting.
-- Thread stopped.
-- Blocked Receiver call threw TerminateProcessException.
34 ms. Memory: 146944K Free: 120257K (82%)
/home/travis/build/icyphy/ptII/ptolemy/actor/lib/test/Publisher.tcl
9 ms. Memory: 146944K Free: 114325K (78%)
5 ms. Memory: 146944K Free: 108393K (74%)
5 ms. Memory: 146944K Free: 104833K (71%)
5 ms. Memory: 146944K Free: 103647K (71%)
4 ms. Memory: 146944K Free: 103647K (71%)
9 ms. Memory: 146944K Free: 102460K (70%)
2 ms. Memory: 146944K Free: 101274K (69%)
3 ms. Memory: 146944K Free: 101274K (69%)
1 ms. Memory: 146944K Free: 91751K (62%)
9 ms. Memory: 146944K Free: 88191K (60%)
3 ms. Memory: 146944K Free: 87005K (59%)
1 ms. Memory: 146944K Free: 84632K (58%)
6 ms. Memory: 208384K Free: 197049K (95%)
5 ms. Memory: 208384K Free: 187258K (90%)
7 ms. Memory: 208384K Free: 175441K (84%)
/home/travis/build/icyphy/ptII/ptolemy/actor/lib/test/Pulse.tcl
2 ms. Memory: 208384K Free: 135262K (65%)
1 ms. Memory: 208384K Free: 135262K (65%)
1 ms. Memory: 208384K Free: 135262K (65%)
1 ms. Memory: 208384K Free: 132899K (64%)
1 ms. Memory: 208384K Free: 132899K (64%)
2 ms. Memory: 208384K Free: 132899K (64%)
1 ms. Memory: 208384K Free: 130535K (63%)
1 ms. Memory: 208384K Free: 130535K (63%)
1 ms. Memory: 208384K Free: 130535K (63%)
/home/travis/build/icyphy/ptII/ptolemy/actor/lib/test/Ramp.tcl
3 ms. Memory: 208384K Free: 128172K (62%)
5 ms. Memory: 208384K Free: 128172K (62%)
2 ms. Memory: 208384K Free: 125808K (60%)
1 ms. Memory: 208384K Free: 125808K (60%)
6 ms. Memory: 208384K Free: 125808K (60%)
10 ms. Memory: 208384K Free: 123445K (59%)
5 ms. Memory: 208384K Free: 123445K (59%)
5 actors
13000 microseconds per iteration to create
11 ms. Memory: 208384K Free: 121082K (58%)
2 ms. Memory: 208384K Free: 118718K (57%)
5 ms. Memory: 208384K Free: 118718K (57%)
2 ms. Memory: 208384K Free: 118718K (57%)
50 actors
45000 microseconds per iteration to create
41 ms. Memory: 208384K Free: 102174K (49%)
7 ms. Memory: 208384K Free: 102174K (49%)
9 ms. Memory: 208384K Free: 99811K (48%)
6 ms. Memory: 208384K Free: 99811K (48%)
500 actors
1238000 microseconds per iteration to create
246 ms. Memory: 334336K Free: 292572K (88%)
42 ms. Memory: 334336K Free: 287749K (86%)
41 ms. Memory: 334336K Free: 282926K (85%)
44 ms. Memory: 334336K Free: 278103K (83%)
/home/travis/build/icyphy/ptII/ptolemy/actor/lib/test/RampContinuous.tcl
7 ms. Memory: 334336K Free: 273280K (82%)
/home/travis/build/icyphy/ptII/ptolemy/actor/lib/test/RecordAssembler.tcl
6 ms. Memory: 334336K Free: 273280K (82%)
5 ms. Memory: 334336K Free: 273280K (82%)
/home/travis/build/icyphy/ptII/ptolemy/actor/lib/test/RecordDisassembler.tcl
6 ms. Memory: 334336K Free: 268450K (80%)
3 ms. Memory: 334336K Free: 268450K (80%)
2 ms. Memory: 334336K Free: 268450K (80%)
/home/travis/build/icyphy/ptII/ptolemy/actor/lib/test/Scale.tcl
2 ms. Memory: 334336K Free: 268450K (80%)
2 ms. Memory: 334336K Free: 263611K (79%)
1 ms. Memory: 334336K Free: 263611K (79%)
2 ms. Memory: 334336K Free: 263611K (79%)
2 ms. Memory: 334336K Free: 263611K (79%)
/home/travis/build/icyphy/ptII/ptolemy/actor/lib/test/SequentialClock.tcl
preinitializing
resolving types
initializing
executing number 1
wrapping up
idle
5 ms. Memory: 334336K Free: 263611K (79%)
Completed execution with 5 iterations
preinitializing
resolving types
initializing
executing number 1
wrapping up
idle
2 ms. Memory: 334336K Free: 263611K (79%)
Completed execution with 5 iterations
preinitializing
resolving types
initializing
executing number 1
wrapping up
idle
1 ms. Memory: 334336K Free: 258788K (77%)
Completed execution with 5 iterations
/home/travis/build/icyphy/ptII/ptolemy/actor/lib/test/SetVariable.tcl
3 ms. Memory: 334336K Free: 258788K (77%)
/home/travis/build/icyphy/ptII/ptolemy/actor/lib/test/Sinewave.tcl
/home/travis/build/icyphy/ptII/ptolemy/actor/lib/test/SubscriptionAggregator.tcl
3 ms. Memory: 334336K Free: 244304K (73%)
2 ms. Memory: 334336K Free: 244304K (73%)
0 ms. Memory: 334336K Free: 244304K (73%)
0 ms. Memory: 334336K Free: 244304K (73%)
1 ms. Memory: 334336K Free: 239465K (72%)
3 ms. Memory: 334336K Free: 239465K (72%)
...............................................................1021 ms. Memory: 583168K Free: 373372K (64%)
/home/travis/build/icyphy/ptII/ptolemy/actor/lib/test/Test.tcl
 The next command will produce a warning about training mode,
   which may be ignored.
3 ms. Memory: 583168K Free: 363676K (62%)
1 ms. Memory: 583168K Free: 363676K (62%)
2 ms. Memory: 583168K Free: 363676K (62%)
1 ms. Memory: 583168K Free: 363676K (62%)
2 ms. Memory: 583168K Free: 363676K (62%)
2 ms. Memory: 583168K Free: 363676K (62%)
4 ms. Memory: 583168K Free: 363676K (62%)
 The next command will produce a warning about training mode,
   which may be ignored.
3 ms. Memory: 583168K Free: 363676K (62%)
 The next command will produce a warning about training mode,
   which may be ignored.
2 ms. Memory: 583168K Free: 353980K (61%)
0 ms. Memory: 583168K Free: 353980K (61%)
1 ms. Memory: 583168K Free: 353980K (61%)
1 ms. Memory: 583168K Free: 353980K (61%)
7 ms. Memory: 583168K Free: 353980K (61%)
5 ms. Memory: 583168K Free: 353980K (61%)
/home/travis/build/icyphy/ptII/ptolemy/actor/lib/test/TestExceptionHandler.tcl
 The next command will produce a warning about training mode,
   which may be ignored.
1 ms. Memory: 583168K Free: 353980K (61%)
1 ms. Memory: 583168K Free: 353980K (61%)
1 ms. Memory: 583168K Free: 353980K (61%)
/home/travis/build/icyphy/ptII/ptolemy/actor/lib/test/UnionDisassembler.tcl
11 ms. Memory: 583168K Free: 344284K (59%)
/home/travis/build/icyphy/ptII/ptolemy/actor/lib/test/VariableClock.tcl
preinitializing
resolving types
initializing
executing number 1
wrapping up
idle
3 ms. Memory: 583168K Free: 344284K (59%)
Completed execution with 11 iterations
preinitializing
resolving types
initializing
executing number 1
wrapping up
idle
3 ms. Memory: 583168K Free: 334588K (57%)
Completed execution with 10 iterations
05/03/19 04:09:15
Failed: 0  Total Tests: 234  ((Passed: 234, Newly Passed: 0)  Known Failed: 0) /home/travis/build/icyphy/ptII/ptolemy/actor/lib/test
----------------- testing (KnownFailure) /home/travis/build/icyphy/ptII/ptolemy/actor/lib/test/auto/knownFailedTests/PublisherPortToplevelSubscriber.xml
0 ms. Memory: 583168K Free: 324809K (56%)
Known Failure: java.lang.reflect.InvocationTargetException
----------------- testing (KnownFailure) /home/travis/build/icyphy/ptII/ptolemy/actor/lib/test/auto/knownFailedTests/PublisherSubscriberPortToplevel.xml
4 ms. Memory: 583168K Free: 305250K (52%)
Known Failure: java.lang.reflect.InvocationTargetException
----------------- testing (KnownFailure) /home/travis/build/icyphy/ptII/ptolemy/actor/lib/test/auto/knownFailedTests/PublisherSubscriptionAggregatorPort.xml
2 ms. Memory: 583168K Free: 285691K (49%)
Known Failure: java.lang.reflect.InvocationTargetException
----------------- testing (KnownFailure) /home/travis/build/icyphy/ptII/ptolemy/actor/lib/test/auto/knownFailedTests/sizedarray3.xml
5 ms. Memory: 583168K Free: 266133K (46%)
Known Failure: java.lang.reflect.InvocationTargetException
No auto/linux-amd64/*.xml tests in /home/travis/build/icyphy/ptII/ptolemy/actor/lib/test
AutoTests.java: About to close Vertx.
AutoTests.java: Vertx closed.

===========================================================================================
----------------- testing Fri May 03 04:09:15 UTC 2019 /home/travis/build/icyphy/ptII/ptolemy/actor/lib/test/auto/AbsoluteValue.xml
----------------- Instantiating /home/travis/build/icyphy/ptII/ptolemy/actor/lib/test/auto/AbsoluteValue.xml
11 ms. Memory: 583168K Free: 188065K (32%)
----------------- Invoking toplevel() on ptolemy.moml.MoMLSimpleApplication@2bfb5cd5
----------------- Done invoking toplevel() on ptolemy.moml.MoMLSimpleApplication@2bfb5cd5
reloadAllAccessors: .AbsoluteValue

===========================================================================================
----------------- testing Fri May 03 04:09:15 UTC 2019 /home/travis/build/icyphy/ptII/ptolemy/actor/lib/test/auto/AbsoluteValue2.xml
----------------- Instantiating /home/travis/build/icyphy/ptII/ptolemy/actor/lib/test/auto/AbsoluteValue2.xml
8 ms. Memory: 583168K Free: 178286K (31%)
----------------- Invoking toplevel() on ptolemy.moml.MoMLSimpleApplication@5d3dfd06
----------------- Done invoking toplevel() on ptolemy.moml.MoMLSimpleApplication@5d3dfd06
reloadAllAccessors: .AbsoluteValue2

===========================================================================================
----------------- testing Fri May 03 04:09:15 UTC 2019 /home/travis/build/icyphy/ptII/ptolemy/actor/lib/test/auto/Accumulator.xml
----------------- Instantiating /home/travis/build/icyphy/ptII/ptolemy/actor/lib/test/auto/Accumulator.xml
7 ms. Memory: 583168K Free: 168507K (29%)
----------------- Invoking toplevel() on ptolemy.moml.MoMLSimpleApplication@477e430d
----------------- Done invoking toplevel() on ptolemy.moml.MoMLSimpleApplication@477e430d
reloadAllAccessors: .Accumulator

===========================================================================================
----------------- testing Fri May 03 04:09:15 UTC 2019 /home/travis/build/icyphy/ptII/ptolemy/actor/lib/test/auto/Accumulator2.xml
----------------- Instantiating /home/travis/build/icyphy/ptII/ptolemy/actor/lib/test/auto/Accumulator2.xml
4 ms. Memory: 583168K Free: 149031K (26%)
----------------- Invoking toplevel() on ptolemy.moml.MoMLSimpleApplication@993f338
----------------- Done invoking toplevel() on ptolemy.moml.MoMLSimpleApplication@993f338
reloadAllAccessors: .Accumulator2

===========================================================================================
----------------- testing Fri May 03 04:09:15 UTC 2019 /home/travis/build/icyphy/ptII/ptolemy/actor/lib/test/auto/Accumulator3.xml
----------------- Instantiating /home/travis/build/icyphy/ptII/ptolemy/actor/lib/test/auto/Accumulator3.xml
4 ms. Memory: 583168K Free: 139252K (24%)
----------------- Invoking toplevel() on ptolemy.moml.MoMLSimpleApplication@615a0270
----------------- Done invoking toplevel() on ptolemy.moml.MoMLSimpleApplication@615a0270
reloadAllAccessors: .Accumulator3

===========================================================================================
----------------- testing Fri May 03 04:09:16 UTC 2019 /home/travis/build/icyphy/ptII/ptolemy/actor/lib/test/auto/ArrayAppend.xml
----------------- Instantiating /home/travis/build/icyphy/ptII/ptolemy/actor/lib/test/auto/ArrayAppend.xml
16 ms. Memory: 583168K Free: 129473K (22%)
----------------- Invoking toplevel() on ptolemy.moml.MoMLSimpleApplication@60052c5a
----------------- Done invoking toplevel() on ptolemy.moml.MoMLSimpleApplication@60052c5a
reloadAllAccessors: .ArrayAppend

===========================================================================================
----------------- testing Fri May 03 04:09:16 UTC 2019 /home/travis/build/icyphy/ptII/ptolemy/actor/lib/test/auto/ArrayAppend2.xml
----------------- Instantiating /home/travis/build/icyphy/ptII/ptolemy/actor/lib/test/auto/ArrayAppend2.xml
358 ms. Memory: 583168K Free: 69004K (12%)
----------------- Invoking toplevel() on ptolemy.moml.MoMLSimpleApplication@7015a2f3
----------------- Done invoking toplevel() on ptolemy.moml.MoMLSimpleApplication@7015a2f3
reloadAllAccessors: .ArrayAppend2

===========================================================================================
----------------- testing Fri May 03 04:09:16 UTC 2019 /home/travis/build/icyphy/ptII/ptolemy/actor/lib/test/auto/ArrayAppend3.xml
----------------- Instantiating /home/travis/build/icyphy/ptII/ptolemy/actor/lib/test/auto/ArrayAppend3.xml
3 ms. Memory: 584704K Free: 521558K (89%)
----------------- Invoking toplevel() on ptolemy.moml.MoMLSimpleApplication@79281ee5
----------------- Done invoking toplevel() on ptolemy.moml.MoMLSimpleApplication@79281ee5
reloadAllAccessors: .ArrayAppend3

===========================================================================================
----------------- testing Fri May 03 04:09:16 UTC 2019 /home/travis/build/icyphy/ptII/ptolemy/actor/lib/test/auto/ArrayAppend4.xml
----------------- Instantiating /home/travis/build/icyphy/ptII/ptolemy/actor/lib/test/auto/ArrayAppend4.xml
5 ms. Memory: 584704K Free: 511778K (88%)
----------------- Invoking toplevel() on ptolemy.moml.MoMLSimpleApplication@36654fde
----------------- Done invoking toplevel() on ptolemy.moml.MoMLSimpleApplication@36654fde
reloadAllAccessors: .ArrayAppend4

===========================================================================================
----------------- testing Fri May 03 04:09:16 UTC 2019 /home/travis/build/icyphy/ptII/ptolemy/actor/lib/test/auto/ArrayAppend5.xml
----------------- Instantiating /home/travis/build/icyphy/ptII/ptolemy/actor/lib/test/auto/ArrayAppend5.xml
2 ms. Memory: 584704K Free: 501999K (86%)
----------------- Invoking toplevel() on ptolemy.moml.MoMLSimpleApplication@57a8924a
----------------- Done invoking toplevel() on ptolemy.moml.MoMLSimpleApplication@57a8924a
reloadAllAccessors: .ArrayAppend5

===========================================================================================
----------------- testing Fri May 03 04:09:16 UTC 2019 /home/travis/build/icyphy/ptII/ptolemy/actor/lib/test/auto/ArrayAppend6.xml
----------------- Instantiating /home/travis/build/icyphy/ptII/ptolemy/actor/lib/test/auto/ArrayAppend6.xml
9 ms. Memory: 584704K Free: 492220K (84%)
----------------- Invoking toplevel() on ptolemy.moml.MoMLSimpleApplication@40b0421e
----------------- Done invoking toplevel() on ptolemy.moml.MoMLSimpleApplication@40b0421e
reloadAllAccessors: .ArrayAppend6

===========================================================================================
----------------- testing Fri May 03 04:09:16 UTC 2019 /home/travis/build/icyphy/ptII/ptolemy/actor/lib/test/auto/ArrayAppendPerformanceTest.xml
----------------- Instantiating /home/travis/build/icyphy/ptII/ptolemy/actor/lib/test/auto/ArrayAppendPerformanceTest.xml
20 ms. Memory: 584704K Free: 469484K (80%)
----------------- Invoking toplevel() on ptolemy.moml.MoMLSimpleApplication@7c41010
----------------- Done invoking toplevel() on ptolemy.moml.MoMLSimpleApplication@7c41010
reloadAllAccessors: .ArrayAppendPerformanceTest

===========================================================================================
----------------- testing Fri May 03 04:09:16 UTC 2019 /home/travis/build/icyphy/ptII/ptolemy/actor/lib/test/auto/ArrayAppendWithEmptyInput.xml
----------------- Instantiating /home/travis/build/icyphy/ptII/ptolemy/actor/lib/test/auto/ArrayAppendWithEmptyInput.xml
16 ms. Memory: 584704K Free: 454807K (78%)
----------------- Invoking toplevel() on ptolemy.moml.MoMLSimpleApplication@3eda5dc1
----------------- Done invoking toplevel() on ptolemy.moml.MoMLSimpleApplication@3eda5dc1
reloadAllAccessors: .ArrayAppendWithEmptyInput

===========================================================================================
----------------- testing Fri May 03 04:09:16 UTC 2019 /home/travis/build/icyphy/ptII/ptolemy/actor/lib/test/auto/ArrayAverage.xml
----------------- Instantiating /home/travis/build/icyphy/ptII/ptolemy/actor/lib/test/auto/ArrayAverage.xml
7 ms. Memory: 584704K Free: 440138K (75%)
----------------- Invoking toplevel() on ptolemy.moml.MoMLSimpleApplication@3d7df755
----------------- Done invoking toplevel() on ptolemy.moml.MoMLSimpleApplication@3d7df755
reloadAllAccessors: .ArrayAverage

===========================================================================================
----------------- testing Fri May 03 04:09:16 UTC 2019 /home/travis/build/icyphy/ptII/ptolemy/actor/lib/test/auto/ArrayContains.xml
----------------- Instantiating /home/travis/build/icyphy/ptII/ptolemy/actor/lib/test/auto/ArrayContains.xml
10 ms. Memory: 584704K Free: 430359K (74%)
----------------- Invoking toplevel() on ptolemy.moml.MoMLSimpleApplication@81f4acc
----------------- Done invoking toplevel() on ptolemy.moml.MoMLSimpleApplication@81f4acc
reloadAllAccessors: .ArrayContains

===========================================================================================
----------------- testing Fri May 03 04:09:16 UTC 2019 /home/travis/build/icyphy/ptII/ptolemy/actor/lib/test/auto/ArrayElement.xml
----------------- Instantiating /home/travis/build/icyphy/ptII/ptolemy/actor/lib/test/auto/ArrayElement.xml
6 ms. Memory: 584704K Free: 412512K (71%)
----------------- Invoking toplevel() on ptolemy.moml.MoMLSimpleApplication@432b8e0
----------------- Done invoking toplevel() on ptolemy.moml.MoMLSimpleApplication@432b8e0
reloadAllAccessors: .ArrayElement

===========================================================================================
----------------- testing Fri May 03 04:09:16 UTC 2019 /home/travis/build/icyphy/ptII/ptolemy/actor/lib/test/auto/ArrayElementAsMatrix.xml
----------------- Instantiating /home/travis/build/icyphy/ptII/ptolemy/actor/lib/test/auto/ArrayElementAsMatrix.xml
16 ms. Memory: 584704K Free: 397843K (68%)
----------------- Invoking toplevel() on ptolemy.moml.MoMLSimpleApplication@dfd0c5d
----------------- Done invoking toplevel() on ptolemy.moml.MoMLSimpleApplication@dfd0c5d
reloadAllAccessors: .ArrayElementAsMatrix

===========================================================================================
----------------- testing Fri May 03 04:09:17 UTC 2019 /home/travis/build/icyphy/ptII/ptolemy/actor/lib/test/auto/ArrayElementI.xml
----------------- Instantiating /home/travis/build/icyphy/ptII/ptolemy/actor/lib/test/auto/ArrayElementI.xml
3 ms. Memory: 584704K Free: 388064K (66%)
----------------- Invoking toplevel() on ptolemy.moml.MoMLSimpleApplication@4034425d
----------------- Done invoking toplevel() on ptolemy.moml.MoMLSimpleApplication@4034425d
reloadAllAccessors: .ArrayElementI

===========================================================================================
----------------- testing Fri May 03 04:09:17 UTC 2019 /home/travis/build/icyphy/ptII/ptolemy/actor/lib/test/auto/ArrayExtract.xml
----------------- Instantiating /home/travis/build/icyphy/ptII/ptolemy/actor/lib/test/auto/ArrayExtract.xml
4 ms. Memory: 584704K Free: 370218K (63%)
----------------- Invoking toplevel() on ptolemy.moml.MoMLSimpleApplication@3729d584
----------------- Done invoking toplevel() on ptolemy.moml.MoMLSimpleApplication@3729d584
reloadAllAccessors: .ArrayExtract

===========================================================================================
----------------- testing Fri May 03 04:09:17 UTC 2019 /home/travis/build/icyphy/ptII/ptolemy/actor/lib/test/auto/ArrayExtract2.xml
----------------- Instantiating /home/travis/build/icyphy/ptII/ptolemy/actor/lib/test/auto/ArrayExtract2.xml
2 ms. Memory: 584704K Free: 360439K (62%)
----------------- Invoking toplevel() on ptolemy.moml.MoMLSimpleApplication@37a92036
----------------- Done invoking toplevel() on ptolemy.moml.MoMLSimpleApplication@37a92036
reloadAllAccessors: .ArrayExtract2

===========================================================================================
----------------- testing Fri May 03 04:09:17 UTC 2019 /home/travis/build/icyphy/ptII/ptolemy/actor/lib/test/auto/ArrayLength.xml
----------------- Instantiating /home/travis/build/icyphy/ptII/ptolemy/actor/lib/test/auto/ArrayLength.xml
1 ms. Memory: 584704K Free: 345770K (59%)
----------------- Invoking toplevel() on ptolemy.moml.MoMLSimpleApplication@7ffe5453
----------------- Done invoking toplevel() on ptolemy.moml.MoMLSimpleApplication@7ffe5453
reloadAllAccessors: .ArrayLength

===========================================================================================
----------------- testing Fri May 03 04:09:17 UTC 2019 /home/travis/build/icyphy/ptII/ptolemy/actor/lib/test/auto/ArrayLevelCrossing.xml
----------------- Instantiating /home/travis/build/icyphy/ptII/ptolemy/actor/lib/test/auto/ArrayLevelCrossing.xml
3 ms. Memory: 584704K Free: 331093K (57%)
----------------- Invoking toplevel() on ptolemy.moml.MoMLSimpleApplication@54cec195
----------------- Done invoking toplevel() on ptolemy.moml.MoMLSimpleApplication@54cec195
reloadAllAccessors: .ArrayLevelCrossing

===========================================================================================
----------------- testing Fri May 03 04:09:17 UTC 2019 /home/travis/build/icyphy/ptII/ptolemy/actor/lib/test/auto/ArrayLevelCrossing2.xml
----------------- Instantiating /home/travis/build/icyphy/ptII/ptolemy/actor/lib/test/auto/ArrayLevelCrossing2.xml
2 ms. Memory: 584704K Free: 313247K (54%)
----------------- Invoking toplevel() on ptolemy.moml.MoMLSimpleApplication@5801e5ad
----------------- Done invoking toplevel() on ptolemy.moml.MoMLSimpleApplication@5801e5ad
reloadAllAccessors: .ArrayLevelCrossing2

===========================================================================================
----------------- testing Fri May 03 04:09:17 UTC 2019 /home/travis/build/icyphy/ptII/ptolemy/actor/lib/test/auto/ArrayPeakSearch.xml
----------------- Instantiating /home/travis/build/icyphy/ptII/ptolemy/actor/lib/test/auto/ArrayPeakSearch.xml
5 ms. Memory: 584704K Free: 298562K (51%)
----------------- Invoking toplevel() on ptolemy.moml.MoMLSimpleApplication@71ad556
----------------- Done invoking toplevel() on ptolemy.moml.MoMLSimpleApplication@71ad556
reloadAllAccessors: .ArrayPeakSearch

===========================================================================================
----------------- testing Fri May 03 04:09:17 UTC 2019 /home/travis/build/icyphy/ptII/ptolemy/actor/lib/test/auto/ArrayPeakSearch2.xml
----------------- Instantiating /home/travis/build/icyphy/ptII/ptolemy/actor/lib/test/auto/ArrayPeakSearch2.xml
6 ms. Memory: 584704K Free: 283885K (49%)
----------------- Invoking toplevel() on ptolemy.moml.MoMLSimpleApplication@4a08e8e3
----------------- Done invoking toplevel() on ptolemy.moml.MoMLSimpleApplication@4a08e8e3
reloadAllAccessors: .ArrayPeakSearch2

===========================================================================================
----------------- testing Fri May 03 04:09:17 UTC 2019 /home/travis/build/icyphy/ptII/ptolemy/actor/lib/test/auto/ArrayPeakSearch3.xml
----------------- Instantiating /home/travis/build/icyphy/ptII/ptolemy/actor/lib/test/auto/ArrayPeakSearch3.xml
6 ms. Memory: 584704K Free: 269200K (46%)
----------------- Invoking toplevel() on ptolemy.moml.MoMLSimpleApplication@5b812517
----------------- Done invoking toplevel() on ptolemy.moml.MoMLSimpleApplication@5b812517
reloadAllAccessors: .ArrayPeakSearch3

===========================================================================================
----------------- testing Fri May 03 04:09:17 UTC 2019 /home/travis/build/icyphy/ptII/ptolemy/actor/lib/test/auto/ArrayRemoveElement.xml
----------------- Instantiating /home/travis/build/icyphy/ptII/ptolemy/actor/lib/test/auto/ArrayRemoveElement.xml
4 ms. Memory: 584704K Free: 246448K (42%)
----------------- Invoking toplevel() on ptolemy.moml.MoMLSimpleApplication@12d23f11
----------------- Done invoking toplevel() on ptolemy.moml.MoMLSimpleApplication@12d23f11
reloadAllAccessors: .ArrayRemoveElement

===========================================================================================
----------------- testing Fri May 03 04:09:17 UTC 2019 /home/travis/build/icyphy/ptII/ptolemy/actor/lib/test/auto/ArraySort.xml
----------------- Instantiating /home/travis/build/icyphy/ptII/ptolemy/actor/lib/test/auto/ArraySort.xml
4 ms. Memory: 584704K Free: 231779K (40%)
----------------- Invoking toplevel() on ptolemy.moml.MoMLSimpleApplication@306faa57
----------------- Done invoking toplevel() on ptolemy.moml.MoMLSimpleApplication@306faa57
reloadAllAccessors: .ArraySort

===========================================================================================
----------------- testing Fri May 03 04:09:17 UTC 2019 /home/travis/build/icyphy/ptII/ptolemy/actor/lib/test/auto/ArraySum.xml
----------------- Instantiating /home/travis/build/icyphy/ptII/ptolemy/actor/lib/test/auto/ArraySum.xml
2 ms. Memory: 584704K Free: 222000K (38%)
----------------- Invoking toplevel() on ptolemy.moml.MoMLSimpleApplication@15096b46
----------------- Done invoking toplevel() on ptolemy.moml.MoMLSimpleApplication@15096b46
reloadAllAccessors: .ArraySum

===========================================================================================
----------------- testing Fri May 03 04:09:17 UTC 2019 /home/travis/build/icyphy/ptII/ptolemy/actor/lib/test/auto/ArrayToElements.xml
----------------- Instantiating /home/travis/build/icyphy/ptII/ptolemy/actor/lib/test/auto/ArrayToElements.xml
9 ms. Memory: 584704K Free: 204153K (35%)
----------------- Invoking toplevel() on ptolemy.moml.MoMLSimpleApplication@69a9fcaf
----------------- Done invoking toplevel() on ptolemy.moml.MoMLSimpleApplication@69a9fcaf
reloadAllAccessors: .ArrayToElements

===========================================================================================
----------------- testing Fri May 03 04:09:17 UTC 2019 /home/travis/build/icyphy/ptII/ptolemy/actor/lib/test/auto/ArrayToMatrix.xml
----------------- Instantiating /home/travis/build/icyphy/ptII/ptolemy/actor/lib/test/auto/ArrayToMatrix.xml
9 ms. Memory: 584704K Free: 184563K (32%)
----------------- Invoking toplevel() on ptolemy.moml.MoMLSimpleApplication@751b226a
----------------- Done invoking toplevel() on ptolemy.moml.MoMLSimpleApplication@751b226a
reloadAllAccessors: .ArrayToMatrix

===========================================================================================
----------------- testing Fri May 03 04:09:17 UTC 2019 /home/travis/build/icyphy/ptII/ptolemy/actor/lib/test/auto/ArrayUpdate1.xml
----------------- Instantiating /home/travis/build/icyphy/ptII/ptolemy/actor/lib/test/auto/ArrayUpdate1.xml
3 ms. Memory: 584704K Free: 174784K (30%)
----------------- Invoking toplevel() on ptolemy.moml.MoMLSimpleApplication@a47dcdc
----------------- Done invoking toplevel() on ptolemy.moml.MoMLSimpleApplication@a47dcdc
reloadAllAccessors: .ArrayUpdate1

===========================================================================================
----------------- testing Fri May 03 04:09:17 UTC 2019 /home/travis/build/icyphy/ptII/ptolemy/actor/lib/test/auto/ArrayUpdate2.xml
----------------- Instantiating /home/travis/build/icyphy/ptII/ptolemy/actor/lib/test/auto/ArrayUpdate2.xml
12 ms. Memory: 584704K Free: 165004K (28%)
----------------- Invoking toplevel() on ptolemy.moml.MoMLSimpleApplication@5dad4131
----------------- Done invoking toplevel() on ptolemy.moml.MoMLSimpleApplication@5dad4131
reloadAllAccessors: .ArrayUpdate2

===========================================================================================
----------------- testing Fri May 03 04:09:17 UTC 2019 /home/travis/build/icyphy/ptII/ptolemy/actor/lib/test/auto/ArrayUpdate3.xml
----------------- Instantiating /home/travis/build/icyphy/ptII/ptolemy/actor/lib/test/auto/ArrayUpdate3.xml
2 ms. Memory: 584704K Free: 147158K (25%)
----------------- Invoking toplevel() on ptolemy.moml.MoMLSimpleApplication@61a33d85
----------------- Done invoking toplevel() on ptolemy.moml.MoMLSimpleApplication@61a33d85
reloadAllAccessors: .ArrayUpdate3

===========================================================================================
----------------- testing Fri May 03 04:09:17 UTC 2019 /home/travis/build/icyphy/ptII/ptolemy/actor/lib/test/auto/Assert1.xml
----------------- Instantiating /home/travis/build/icyphy/ptII/ptolemy/actor/lib/test/auto/Assert1.xml
4 ms. Memory: 584704K Free: 137379K (23%)
----------------- Invoking toplevel() on ptolemy.moml.MoMLSimpleApplication@799168e
----------------- Done invoking toplevel() on ptolemy.moml.MoMLSimpleApplication@799168e
reloadAllAccessors: .Assert1

===========================================================================================
----------------- testing Fri May 03 04:09:17 UTC 2019 /home/travis/build/icyphy/ptII/ptolemy/actor/lib/test/auto/Assert2.xml
----------------- Instantiating /home/travis/build/icyphy/ptII/ptolemy/actor/lib/test/auto/Assert2.xml
6 ms. Memory: 584704K Free: 127600K (22%)
----------------- Invoking toplevel() on ptolemy.moml.MoMLSimpleApplication@2ed9f47d
----------------- Done invoking toplevel() on ptolemy.moml.MoMLSimpleApplication@2ed9f47d
reloadAllAccessors: .Assert2

===========================================================================================
----------------- testing Fri May 03 04:09:17 UTC 2019 /home/travis/build/icyphy/ptII/ptolemy/actor/lib/test/auto/BooleanMultiplexor.xml
----------------- Instantiating /home/travis/build/icyphy/ptII/ptolemy/actor/lib/test/auto/BooleanMultiplexor.xml
2 ms. Memory: 584704K Free: 117821K (20%)
----------------- Invoking toplevel() on ptolemy.moml.MoMLSimpleApplication@1c24fb38
----------------- Done invoking toplevel() on ptolemy.moml.MoMLSimpleApplication@1c24fb38
reloadAllAccessors: .BooleanMultiplexor

===========================================================================================
----------------- testing Fri May 03 04:09:17 UTC 2019 /home/travis/build/icyphy/ptII/ptolemy/actor/lib/test/auto/BooleanMultiplexor2.xml
----------------- Instantiating /home/travis/build/icyphy/ptII/ptolemy/actor/lib/test/auto/BooleanMultiplexor2.xml
6 ms. Memory: 584704K Free: 99974K (17%)
----------------- Invoking toplevel() on ptolemy.moml.MoMLSimpleApplication@3202a58
----------------- Done invoking toplevel() on ptolemy.moml.MoMLSimpleApplication@3202a58
reloadAllAccessors: .BooleanMultiplexor2

===========================================================================================
----------------- testing Fri May 03 04:09:17 UTC 2019 /home/travis/build/icyphy/ptII/ptolemy/actor/lib/test/auto/BooleanMultiplexor3.xml
----------------- Instantiating /home/travis/build/icyphy/ptII/ptolemy/actor/lib/test/auto/BooleanMultiplexor3.xml
4 ms. Memory: 584704K Free: 90195K (15%)
----------------- Invoking toplevel() on ptolemy.moml.MoMLSimpleApplication@69f8d22
----------------- Done invoking toplevel() on ptolemy.moml.MoMLSimpleApplication@69f8d22
reloadAllAccessors: .BooleanMultiplexor3

===========================================================================================
----------------- testing Fri May 03 04:09:17 UTC 2019 /home/travis/build/icyphy/ptII/ptolemy/actor/lib/test/auto/BooleanSelect.xml
----------------- Instantiating /home/travis/build/icyphy/ptII/ptolemy/actor/lib/test/auto/BooleanSelect.xml
2 ms. Memory: 584704K Free: 80416K (14%)
----------------- Invoking toplevel() on ptolemy.moml.MoMLSimpleApplication@3b73e43a
----------------- Done invoking toplevel() on ptolemy.moml.MoMLSimpleApplication@3b73e43a
reloadAllAccessors: .BooleanSelect

===========================================================================================
----------------- testing Fri May 03 04:09:17 UTC 2019 /home/travis/build/icyphy/ptII/ptolemy/actor/lib/test/auto/BooleanSelect2.xml
----------------- Instantiating /home/travis/build/icyphy/ptII/ptolemy/actor/lib/test/auto/BooleanSelect2.xml
2 ms. Memory: 584704K Free: 62570K (11%)
----------------- Invoking toplevel() on ptolemy.moml.MoMLSimpleApplication@6fde3b64
----------------- Done invoking toplevel() on ptolemy.moml.MoMLSimpleApplication@6fde3b64
reloadAllAccessors: .BooleanSelect2

===========================================================================================
----------------- testing Fri May 03 04:09:17 UTC 2019 /home/travis/build/icyphy/ptII/ptolemy/actor/lib/test/auto/BooleanSwitch.xml
----------------- Instantiating /home/travis/build/icyphy/ptII/ptolemy/actor/lib/test/auto/BooleanSwitch.xml
5 ms. Memory: 584704K Free: 55574K (10%)
----------------- Invoking toplevel() on ptolemy.moml.MoMLSimpleApplication@3cbc1410
----------------- Done invoking toplevel() on ptolemy.moml.MoMLSimpleApplication@3cbc1410
reloadAllAccessors: .BooleanSwitch

===========================================================================================
----------------- testing Fri May 03 04:09:17 UTC 2019 /home/travis/build/icyphy/ptII/ptolemy/actor/lib/test/auto/BooleanSwitch2.xml
----------------- Instantiating /home/travis/build/icyphy/ptII/ptolemy/actor/lib/test/auto/BooleanSwitch2.xml
2 ms. Memory: 883200K Free: 829281K (94%)
----------------- Invoking toplevel() on ptolemy.moml.MoMLSimpleApplication@745fa7b4
----------------- Done invoking toplevel() on ptolemy.moml.MoMLSimpleApplication@745fa7b4
reloadAllAccessors: .BooleanSwitch2

===========================================================================================
----------------- testing Fri May 03 04:09:17 UTC 2019 /home/travis/build/icyphy/ptII/ptolemy/actor/lib/test/auto/BooleanSwitchCloningBugWithClassRelationGroup.xml
----------------- Instantiating /home/travis/build/icyphy/ptII/ptolemy/actor/lib/test/auto/BooleanSwitchCloningBugWithClassRelationGroup.xml
3 ms. Memory: 883200K Free: 809647K (92%)
----------------- Invoking toplevel() on ptolemy.moml.MoMLSimpleApplication@67cdc76f
----------------- Done invoking toplevel() on ptolemy.moml.MoMLSimpleApplication@67cdc76f
reloadAllAccessors: .BooleanSwitchCloningBugWithClassRelationGroup

===========================================================================================
----------------- testing Fri May 03 04:09:17 UTC 2019 /home/travis/build/icyphy/ptII/ptolemy/actor/lib/test/auto/BusActors.xml
----------------- Instantiating /home/travis/build/icyphy/ptII/ptolemy/actor/lib/test/auto/BusActors.xml
4 ms. Memory: 883200K Free: 793984K (90%)
----------------- Invoking toplevel() on ptolemy.moml.MoMLSimpleApplication@74f367fc
----------------- Done invoking toplevel() on ptolemy.moml.MoMLSimpleApplication@74f367fc
reloadAllAccessors: .BusActors

===========================================================================================
----------------- testing Fri May 03 04:09:17 UTC 2019 /home/travis/build/icyphy/ptII/ptolemy/actor/lib/test/auto/ClassWrapper.xml
----------------- Instantiating /home/travis/build/icyphy/ptII/ptolemy/actor/lib/test/auto/ClassWrapper.xml
3 ms. Memory: 883200K Free: 783553K (89%)
----------------- Invoking toplevel() on ptolemy.moml.MoMLSimpleApplication@19565926
----------------- Done invoking toplevel() on ptolemy.moml.MoMLSimpleApplication@19565926
reloadAllAccessors: .ClassWrapper

===========================================================================================
----------------- testing Fri May 03 04:09:18 UTC 2019 /home/travis/build/icyphy/ptII/ptolemy/actor/lib/test/auto/Clock.xml
----------------- Instantiating /home/travis/build/icyphy/ptII/ptolemy/actor/lib/test/auto/Clock.xml
2 ms. Memory: 883200K Free: 772872K (88%)
----------------- Invoking toplevel() on ptolemy.moml.MoMLSimpleApplication@2a96ff83
----------------- Done invoking toplevel() on ptolemy.moml.MoMLSimpleApplication@2a96ff83
reloadAllAccessors: .Clock

===========================================================================================
----------------- testing Fri May 03 04:09:18 UTC 2019 /home/travis/build/icyphy/ptII/ptolemy/actor/lib/test/auto/Clock10.xml
----------------- Instantiating /home/travis/build/icyphy/ptII/ptolemy/actor/lib/test/auto/Clock10.xml
2 ms. Memory: 883200K Free: 753238K (85%)
----------------- Invoking toplevel() on ptolemy.moml.MoMLSimpleApplication@52388db5
----------------- Done invoking toplevel() on ptolemy.moml.MoMLSimpleApplication@52388db5
reloadAllAccessors: .Clock10

===========================================================================================
----------------- testing Fri May 03 04:09:18 UTC 2019 /home/travis/build/icyphy/ptII/ptolemy/actor/lib/test/auto/Clock11.xml
----------------- Instantiating /home/travis/build/icyphy/ptII/ptolemy/actor/lib/test/auto/Clock11.xml
3 ms. Memory: 883200K Free: 742806K (84%)
----------------- Invoking toplevel() on ptolemy.moml.MoMLSimpleApplication@4abcdfe2
----------------- Done invoking toplevel() on ptolemy.moml.MoMLSimpleApplication@4abcdfe2
reloadAllAccessors: .Clock11

===========================================================================================
----------------- testing Fri May 03 04:09:18 UTC 2019 /home/travis/build/icyphy/ptII/ptolemy/actor/lib/test/auto/Clock12.xml
----------------- Instantiating /home/travis/build/icyphy/ptII/ptolemy/actor/lib/test/auto/Clock12.xml
2 ms. Memory: 883200K Free: 732375K (83%)
----------------- Invoking toplevel() on ptolemy.moml.MoMLSimpleApplication@11befc2c
----------------- Done invoking toplevel() on ptolemy.moml.MoMLSimpleApplication@11befc2c
reloadAllAccessors: .Clock12

===========================================================================================
----------------- testing Fri May 03 04:09:18 UTC 2019 /home/travis/build/icyphy/ptII/ptolemy/actor/lib/test/auto/Clock13.xml
----------------- Instantiating /home/travis/build/icyphy/ptII/ptolemy/actor/lib/test/auto/Clock13.xml
2 ms. Memory: 883200K Free: 721944K (82%)
----------------- Invoking toplevel() on ptolemy.moml.MoMLSimpleApplication@352adadf
----------------- Done invoking toplevel() on ptolemy.moml.MoMLSimpleApplication@352adadf
reloadAllAccessors: .Clock13

===========================================================================================
----------------- testing Fri May 03 04:09:18 UTC 2019 /home/travis/build/icyphy/ptII/ptolemy/actor/lib/test/auto/Clock14.xml
----------------- Instantiating /home/travis/build/icyphy/ptII/ptolemy/actor/lib/test/auto/Clock14.xml
9 ms. Memory: 883200K Free: 702310K (80%)
----------------- Invoking toplevel() on ptolemy.moml.MoMLSimpleApplication@36257e3a
----------------- Done invoking toplevel() on ptolemy.moml.MoMLSimpleApplication@36257e3a
reloadAllAccessors: .Clock14

===========================================================================================
----------------- testing Fri May 03 04:09:18 UTC 2019 /home/travis/build/icyphy/ptII/ptolemy/actor/lib/test/auto/Clock15.xml
----------------- Instantiating /home/travis/build/icyphy/ptII/ptolemy/actor/lib/test/auto/Clock15.xml
3 ms. Memory: 883200K Free: 691879K (78%)
----------------- Invoking toplevel() on ptolemy.moml.MoMLSimpleApplication@1911c251
----------------- Done invoking toplevel() on ptolemy.moml.MoMLSimpleApplication@1911c251
reloadAllAccessors: .Clock15

===========================================================================================
----------------- testing Fri May 03 04:09:18 UTC 2019 /home/travis/build/icyphy/ptII/ptolemy/actor/lib/test/auto/Clock16.xml
----------------- Instantiating /home/travis/build/icyphy/ptII/ptolemy/actor/lib/test/auto/Clock16.xml
15 ms. Memory: 883200K Free: 676216K (77%)
----------------- Invoking toplevel() on ptolemy.moml.MoMLSimpleApplication@4e7afc26
----------------- Done invoking toplevel() on ptolemy.moml.MoMLSimpleApplication@4e7afc26
reloadAllAccessors: .Clock16

===========================================================================================
----------------- testing Fri May 03 04:09:18 UTC 2019 /home/travis/build/icyphy/ptII/ptolemy/actor/lib/test/auto/Clock17.xml
----------------- Instantiating /home/travis/build/icyphy/ptII/ptolemy/actor/lib/test/auto/Clock17.xml
12 ms. Memory: 883200K Free: 660553K (75%)
----------------- Invoking toplevel() on ptolemy.moml.MoMLSimpleApplication@69a0f90d
----------------- Done invoking toplevel() on ptolemy.moml.MoMLSimpleApplication@69a0f90d
reloadAllAccessors: .Clock17

===========================================================================================
----------------- testing Fri May 03 04:09:18 UTC 2019 /home/travis/build/icyphy/ptII/ptolemy/actor/lib/test/auto/Clock18.xml
----------------- Instantiating /home/travis/build/icyphy/ptII/ptolemy/actor/lib/test/auto/Clock18.xml
11 ms. Memory: 883200K Free: 635695K (72%)
----------------- Invoking toplevel() on ptolemy.moml.MoMLSimpleApplication@7ad73787
----------------- Done invoking toplevel() on ptolemy.moml.MoMLSimpleApplication@7ad73787
reloadAllAccessors: .Clock18

===========================================================================================
----------------- testing Fri May 03 04:09:18 UTC 2019 /home/travis/build/icyphy/ptII/ptolemy/actor/lib/test/auto/Clock19.xml
----------------- Instantiating /home/travis/build/icyphy/ptII/ptolemy/actor/lib/test/auto/Clock19.xml
12 ms. Memory: 883200K Free: 620033K (70%)
----------------- Invoking toplevel() on ptolemy.moml.MoMLSimpleApplication@25346b14
----------------- Done invoking toplevel() on ptolemy.moml.MoMLSimpleApplication@25346b14
reloadAllAccessors: .Clock19

===========================================================================================
----------------- testing Fri May 03 04:09:18 UTC 2019 /home/travis/build/icyphy/ptII/ptolemy/actor/lib/test/auto/Clock2.xml
----------------- Instantiating /home/travis/build/icyphy/ptII/ptolemy/actor/lib/test/auto/Clock2.xml
5 ms. Memory: 883200K Free: 609601K (69%)
----------------- Invoking toplevel() on ptolemy.moml.MoMLSimpleApplication@79725714
----------------- Done invoking toplevel() on ptolemy.moml.MoMLSimpleApplication@79725714
reloadAllAccessors: .Clock2

===========================================================================================
----------------- testing Fri May 03 04:09:18 UTC 2019 /home/travis/build/icyphy/ptII/ptolemy/actor/lib/test/auto/Clock20.xml
----------------- Instantiating /home/travis/build/icyphy/ptII/ptolemy/actor/lib/test/auto/Clock20.xml
3 ms. Memory: 883200K Free: 599170K (68%)
----------------- Invoking toplevel() on ptolemy.moml.MoMLSimpleApplication@2d0529eb
----------------- Done invoking toplevel() on ptolemy.moml.MoMLSimpleApplication@2d0529eb
reloadAllAccessors: .Clock20

===========================================================================================
----------------- testing Fri May 03 04:09:18 UTC 2019 /home/travis/build/icyphy/ptII/ptolemy/actor/lib/test/auto/Clock21.xml
----------------- Instantiating /home/travis/build/icyphy/ptII/ptolemy/actor/lib/test/auto/Clock21.xml
7 ms. Memory: 883200K Free: 579536K (66%)
----------------- Invoking toplevel() on ptolemy.moml.MoMLSimpleApplication@458929e3
----------------- Done invoking toplevel() on ptolemy.moml.MoMLSimpleApplication@458929e3
reloadAllAccessors: .Clock21

===========================================================================================
----------------- testing Fri May 03 04:09:18 UTC 2019 /home/travis/build/icyphy/ptII/ptolemy/actor/lib/test/auto/Clock22.xml
----------------- Instantiating /home/travis/build/icyphy/ptII/ptolemy/actor/lib/test/auto/Clock22.xml
6 ms. Memory: 883200K Free: 569105K (64%)
----------------- Invoking toplevel() on ptolemy.moml.MoMLSimpleApplication@530e350
----------------- Done invoking toplevel() on ptolemy.moml.MoMLSimpleApplication@530e350
reloadAllAccessors: .Clock22

===========================================================================================
----------------- testing Fri May 03 04:09:18 UTC 2019 /home/travis/build/icyphy/ptII/ptolemy/actor/lib/test/auto/Clock23.xml
----------------- Instantiating /home/travis/build/icyphy/ptII/ptolemy/actor/lib/test/auto/Clock23.xml
6 ms. Memory: 883200K Free: 558674K (63%)
----------------- Invoking toplevel() on ptolemy.moml.MoMLSimpleApplication@37e31214
----------------- Done invoking toplevel() on ptolemy.moml.MoMLSimpleApplication@37e31214
reloadAllAccessors: .Clock23

===========================================================================================
----------------- testing Fri May 03 04:09:18 UTC 2019 /home/travis/build/icyphy/ptII/ptolemy/actor/lib/test/auto/Clock24.xml
----------------- Instantiating /home/travis/build/icyphy/ptII/ptolemy/actor/lib/test/auto/Clock24.xml
6 ms. Memory: 883200K Free: 548242K (62%)
----------------- Invoking toplevel() on ptolemy.moml.MoMLSimpleApplication@4dd9b264
----------------- Done invoking toplevel() on ptolemy.moml.MoMLSimpleApplication@4dd9b264
reloadAllAccessors: .Clock24

===========================================================================================
----------------- testing Fri May 03 04:09:18 UTC 2019 /home/travis/build/icyphy/ptII/ptolemy/actor/lib/test/auto/Clock4.xml
----------------- Instantiating /home/travis/build/icyphy/ptII/ptolemy/actor/lib/test/auto/Clock4.xml
6 ms. Memory: 883200K Free: 528609K (60%)
----------------- Invoking toplevel() on ptolemy.moml.MoMLSimpleApplication@5a92b406
----------------- Done invoking toplevel() on ptolemy.moml.MoMLSimpleApplication@5a92b406
reloadAllAccessors: .Clock4

===========================================================================================
----------------- testing Fri May 03 04:09:18 UTC 2019 /home/travis/build/icyphy/ptII/ptolemy/actor/lib/test/auto/Clock5.xml
----------------- Instantiating /home/travis/build/icyphy/ptII/ptolemy/actor/lib/test/auto/Clock5.xml
2 ms. Memory: 883200K Free: 518177K (59%)
----------------- Invoking toplevel() on ptolemy.moml.MoMLSimpleApplication@4d480013
----------------- Done invoking toplevel() on ptolemy.moml.MoMLSimpleApplication@4d480013
reloadAllAccessors: .Clock5

===========================================================================================
----------------- testing Fri May 03 04:09:18 UTC 2019 /home/travis/build/icyphy/ptII/ptolemy/actor/lib/test/auto/Clock6.xml
----------------- Instantiating /home/travis/build/icyphy/ptII/ptolemy/actor/lib/test/auto/Clock6.xml
3 ms. Memory: 883200K Free: 507746K (57%)
----------------- Invoking toplevel() on ptolemy.moml.MoMLSimpleApplication@3be45072
----------------- Done invoking toplevel() on ptolemy.moml.MoMLSimpleApplication@3be45072
reloadAllAccessors: .Clock6

===========================================================================================
----------------- testing Fri May 03 04:09:18 UTC 2019 /home/travis/build/icyphy/ptII/ptolemy/actor/lib/test/auto/Clock7.xml
----------------- Instantiating /home/travis/build/icyphy/ptII/ptolemy/actor/lib/test/auto/Clock7.xml
2 ms. Memory: 883200K Free: 497315K (56%)
----------------- Invoking toplevel() on ptolemy.moml.MoMLSimpleApplication@20c523fe
----------------- Done invoking toplevel() on ptolemy.moml.MoMLSimpleApplication@20c523fe
reloadAllAccessors: .Clock7

===========================================================================================
----------------- testing Fri May 03 04:09:18 UTC 2019 /home/travis/build/icyphy/ptII/ptolemy/actor/lib/test/auto/Clock8.xml
----------------- Instantiating /home/travis/build/icyphy/ptII/ptolemy/actor/lib/test/auto/Clock8.xml
3 ms. Memory: 883200K Free: 477681K (54%)
----------------- Invoking toplevel() on ptolemy.moml.MoMLSimpleApplication@1717c3c9
----------------- Done invoking toplevel() on ptolemy.moml.MoMLSimpleApplication@1717c3c9
reloadAllAccessors: .Clock8

===========================================================================================
----------------- testing Fri May 03 04:09:18 UTC 2019 /home/travis/build/icyphy/ptII/ptolemy/actor/lib/test/auto/Clock9.xml
----------------- Instantiating /home/travis/build/icyphy/ptII/ptolemy/actor/lib/test/auto/Clock9.xml
6 ms. Memory: 883200K Free: 467250K (53%)
----------------- Invoking toplevel() on ptolemy.moml.MoMLSimpleApplication@2029a3f6
----------------- Done invoking toplevel() on ptolemy.moml.MoMLSimpleApplication@2029a3f6
reloadAllAccessors: .Clock9

===========================================================================================
----------------- testing Fri May 03 04:09:18 UTC 2019 /home/travis/build/icyphy/ptII/ptolemy/actor/lib/test/auto/CommDistDiscard.xml
----------------- Instantiating /home/travis/build/icyphy/ptII/ptolemy/actor/lib/test/auto/CommDistDiscard.xml
1 ms. Memory: 883200K Free: 456818K (52%)
----------------- Invoking toplevel() on ptolemy.moml.MoMLSimpleApplication@6d61761b
----------------- Done invoking toplevel() on ptolemy.moml.MoMLSimpleApplication@6d61761b
reloadAllAccessors: .CommDistDiscard

===========================================================================================
----------------- testing Fri May 03 04:09:18 UTC 2019 /home/travis/build/icyphy/ptII/ptolemy/actor/lib/test/auto/Commutator.xml
----------------- Instantiating /home/travis/build/icyphy/ptII/ptolemy/actor/lib/test/auto/Commutator.xml
2 ms. Memory: 883200K Free: 446387K (51%)
----------------- Invoking toplevel() on ptolemy.moml.MoMLSimpleApplication@17f12d39
----------------- Done invoking toplevel() on ptolemy.moml.MoMLSimpleApplication@17f12d39
reloadAllAccessors: .Commutator

===========================================================================================
----------------- testing Fri May 03 04:09:18 UTC 2019 /home/travis/build/icyphy/ptII/ptolemy/actor/lib/test/auto/Commutator2.xml
----------------- Instantiating /home/travis/build/icyphy/ptII/ptolemy/actor/lib/test/auto/Commutator2.xml
2 ms. Memory: 883200K Free: 426753K (48%)
----------------- Invoking toplevel() on ptolemy.moml.MoMLSimpleApplication@ed24004
----------------- Done invoking toplevel() on ptolemy.moml.MoMLSimpleApplication@ed24004
reloadAllAccessors: .Commutator2

===========================================================================================
----------------- testing Fri May 03 04:09:18 UTC 2019 /home/travis/build/icyphy/ptII/ptolemy/actor/lib/test/auto/Commutator3.xml
----------------- Instantiating /home/travis/build/icyphy/ptII/ptolemy/actor/lib/test/auto/Commutator3.xml
1 ms. Memory: 883200K Free: 416322K (47%)
----------------- Invoking toplevel() on ptolemy.moml.MoMLSimpleApplication@2d83b861
----------------- Done invoking toplevel() on ptolemy.moml.MoMLSimpleApplication@2d83b861
reloadAllAccessors: .Commutator3

===========================================================================================
----------------- testing Fri May 03 04:09:18 UTC 2019 /home/travis/build/icyphy/ptII/ptolemy/actor/lib/test/auto/Compare.xml
----------------- Instantiating /home/travis/build/icyphy/ptII/ptolemy/actor/lib/test/auto/Compare.xml
1 ms. Memory: 883200K Free: 405891K (46%)
----------------- Invoking toplevel() on ptolemy.moml.MoMLSimpleApplication@1b8151b5
----------------- Done invoking toplevel() on ptolemy.moml.MoMLSimpleApplication@1b8151b5
reloadAllAccessors: .Compare

===========================================================================================
----------------- testing Fri May 03 04:09:18 UTC 2019 /home/travis/build/icyphy/ptII/ptolemy/actor/lib/test/auto/CompareDE.xml
----------------- Instantiating /home/travis/build/icyphy/ptII/ptolemy/actor/lib/test/auto/CompareDE.xml
3 ms. Memory: 883200K Free: 395460K (45%)
----------------- Invoking toplevel() on ptolemy.moml.MoMLSimpleApplication@739f244e
----------------- Done invoking toplevel() on ptolemy.moml.MoMLSimpleApplication@739f244e
reloadAllAccessors: .CompareDE

===========================================================================================
----------------- testing Fri May 03 04:09:18 UTC 2019 /home/travis/build/icyphy/ptII/ptolemy/actor/lib/test/auto/ComplexDivide.xml
----------------- Instantiating /home/travis/build/icyphy/ptII/ptolemy/actor/lib/test/auto/ComplexDivide.xml
1 ms. Memory: 883200K Free: 375825K (43%)
----------------- Invoking toplevel() on ptolemy.moml.MoMLSimpleApplication@3dbf8e36
----------------- Done invoking toplevel() on ptolemy.moml.MoMLSimpleApplication@3dbf8e36
reloadAllAccessors: .ComplexDivide

===========================================================================================
----------------- testing Fri May 03 04:09:18 UTC 2019 /home/travis/build/icyphy/ptII/ptolemy/actor/lib/test/auto/ComputeHistogram.xml
----------------- Instantiating /home/travis/build/icyphy/ptII/ptolemy/actor/lib/test/auto/ComputeHistogram.xml
30 ms. Memory: 883200K Free: 360179K (41%)
----------------- Invoking toplevel() on ptolemy.moml.MoMLSimpleApplication@660f46f5
----------------- Done invoking toplevel() on ptolemy.moml.MoMLSimpleApplication@660f46f5
reloadAllAccessors: .ComputeHistogram

===========================================================================================
----------------- testing Fri May 03 04:09:18 UTC 2019 /home/travis/build/icyphy/ptII/ptolemy/actor/lib/test/auto/ConfigurationSelect.xml
----------------- Instantiating /home/travis/build/icyphy/ptII/ptolemy/actor/lib/test/auto/ConfigurationSelect.xml
2 ms. Memory: 883200K Free: 349747K (40%)
----------------- Invoking toplevel() on ptolemy.moml.MoMLSimpleApplication@28398f97
----------------- Done invoking toplevel() on ptolemy.moml.MoMLSimpleApplication@28398f97
reloadAllAccessors: .ConfigurationSelect

===========================================================================================
----------------- testing Fri May 03 04:09:18 UTC 2019 /home/travis/build/icyphy/ptII/ptolemy/actor/lib/test/auto/ConfigurationSelect2.xml
----------------- Instantiating /home/travis/build/icyphy/ptII/ptolemy/actor/lib/test/auto/ConfigurationSelect2.xml
2 ms. Memory: 883200K Free: 339316K (38%)
----------------- Invoking toplevel() on ptolemy.moml.MoMLSimpleApplication@3b4cee02
----------------- Done invoking toplevel() on ptolemy.moml.MoMLSimpleApplication@3b4cee02
reloadAllAccessors: .ConfigurationSelect2

===========================================================================================
----------------- testing Fri May 03 04:09:18 UTC 2019 /home/travis/build/icyphy/ptII/ptolemy/actor/lib/test/auto/ConfigurationSwitch.xml
----------------- Instantiating /home/travis/build/icyphy/ptII/ptolemy/actor/lib/test/auto/ConfigurationSwitch.xml
2 ms. Memory: 883200K Free: 319682K (36%)
----------------- Invoking toplevel() on ptolemy.moml.MoMLSimpleApplication@2428d082
----------------- Done invoking toplevel() on ptolemy.moml.MoMLSimpleApplication@2428d082
reloadAllAccessors: .ConfigurationSwitch

===========================================================================================
----------------- testing Fri May 03 04:09:18 UTC 2019 /home/travis/build/icyphy/ptII/ptolemy/actor/lib/test/auto/ConfigurationSwitch2.xml
----------------- Instantiating /home/travis/build/icyphy/ptII/ptolemy/actor/lib/test/auto/ConfigurationSwitch2.xml
4 ms. Memory: 883200K Free: 309251K (35%)
----------------- Invoking toplevel() on ptolemy.moml.MoMLSimpleApplication@160b6128
----------------- Done invoking toplevel() on ptolemy.moml.MoMLSimpleApplication@160b6128
reloadAllAccessors: .ConfigurationSwitch2

===========================================================================================
----------------- testing Fri May 03 04:09:18 UTC 2019 /home/travis/build/icyphy/ptII/ptolemy/actor/lib/test/auto/ConfigurationSwitchCloningBugWithClassRelationGroup.xml
----------------- Instantiating /home/travis/build/icyphy/ptII/ptolemy/actor/lib/test/auto/ConfigurationSwitchCloningBugWithClassRelationGroup.xml
1 ms. Memory: 883200K Free: 298820K (34%)
----------------- Invoking toplevel() on ptolemy.moml.MoMLSimpleApplication@10e42f84
----------------- Done invoking toplevel() on ptolemy.moml.MoMLSimpleApplication@10e42f84
reloadAllAccessors: .ConfigurationSwitchCloningBugWithClassRelationGroup

===========================================================================================
----------------- testing Fri May 03 04:09:18 UTC 2019 /home/travis/build/icyphy/ptII/ptolemy/actor/lib/test/auto/ConfigurationSwitchSelectSDF.xml
----------------- Instantiating /home/travis/build/icyphy/ptII/ptolemy/actor/lib/test/auto/ConfigurationSwitchSelectSDF.xml
7 ms. Memory: 883200K Free: 288388K (33%)
----------------- Invoking toplevel() on ptolemy.moml.MoMLSimpleApplication@71b48fba
----------------- Done invoking toplevel() on ptolemy.moml.MoMLSimpleApplication@71b48fba
reloadAllAccessors: .ConfigurationSwitchSelectSDF

===========================================================================================
----------------- testing Fri May 03 04:09:18 UTC 2019 /home/travis/build/icyphy/ptII/ptolemy/actor/lib/test/auto/ConfigurationSwitchSelectSDF2.xml
----------------- Instantiating /home/travis/build/icyphy/ptII/ptolemy/actor/lib/test/auto/ConfigurationSwitchSelectSDF2.xml
2 ms. Memory: 883200K Free: 268754K (30%)
----------------- Invoking toplevel() on ptolemy.moml.MoMLSimpleApplication@3dcc9457
----------------- Done invoking toplevel() on ptolemy.moml.MoMLSimpleApplication@3dcc9457
reloadAllAccessors: .ConfigurationSwitchSelectSDF2

===========================================================================================
----------------- testing Fri May 03 04:09:18 UTC 2019 /home/travis/build/icyphy/ptII/ptolemy/actor/lib/test/auto/Const.xml
----------------- Instantiating /home/travis/build/icyphy/ptII/ptolemy/actor/lib/test/auto/Const.xml
2 ms. Memory: 883200K Free: 258323K (29%)
----------------- Invoking toplevel() on ptolemy.moml.MoMLSimpleApplication@453dcaff
----------------- Done invoking toplevel() on ptolemy.moml.MoMLSimpleApplication@453dcaff
reloadAllAccessors: .Const

===========================================================================================
----------------- testing Fri May 03 04:09:18 UTC 2019 /home/travis/build/icyphy/ptII/ptolemy/actor/lib/test/auto/Const2.xml
----------------- Instantiating /home/travis/build/icyphy/ptII/ptolemy/actor/lib/test/auto/Const2.xml
2 ms. Memory: 883200K Free: 247892K (28%)
----------------- Invoking toplevel() on ptolemy.moml.MoMLSimpleApplication@12c949f9
----------------- Done invoking toplevel() on ptolemy.moml.MoMLSimpleApplication@12c949f9
reloadAllAccessors: .Const2

===========================================================================================
----------------- testing Fri May 03 04:09:18 UTC 2019 /home/travis/build/icyphy/ptII/ptolemy/actor/lib/test/auto/Const3.xml
----------------- Instantiating /home/travis/build/icyphy/ptII/ptolemy/actor/lib/test/auto/Const3.xml
3 ms. Memory: 883200K Free: 237460K (27%)
----------------- Invoking toplevel() on ptolemy.moml.MoMLSimpleApplication@10b192cc
----------------- Done invoking toplevel() on ptolemy.moml.MoMLSimpleApplication@10b192cc
reloadAllAccessors: .Const3

===========================================================================================
----------------- testing Fri May 03 04:09:18 UTC 2019 /home/travis/build/icyphy/ptII/ptolemy/actor/lib/test/auto/ConstantPublisherPort1.xml
----------------- Instantiating /home/travis/build/icyphy/ptII/ptolemy/actor/lib/test/auto/ConstantPublisherPort1.xml
9 ms. Memory: 883200K Free: 212595K (24%)
----------------- Invoking toplevel() on ptolemy.moml.MoMLSimpleApplication@4803bafe
----------------- Done invoking toplevel() on ptolemy.moml.MoMLSimpleApplication@4803bafe
reloadAllAccessors: .ConstantPublisherPort1

===========================================================================================
----------------- testing Fri May 03 04:09:18 UTC 2019 /home/travis/build/icyphy/ptII/ptolemy/actor/lib/test/auto/ConstantPublisherPort2.xml
----------------- Instantiating /home/travis/build/icyphy/ptII/ptolemy/actor/lib/test/auto/ConstantPublisherPort2.xml
8 ms. Memory: 883200K Free: 202164K (23%)
----------------- Invoking toplevel() on ptolemy.moml.MoMLSimpleApplication@371f338a
----------------- Done invoking toplevel() on ptolemy.moml.MoMLSimpleApplication@371f338a
reloadAllAccessors: .ConstantPublisherPort2

===========================================================================================
----------------- testing Fri May 03 04:09:18 UTC 2019 /home/travis/build/icyphy/ptII/ptolemy/actor/lib/test/auto/ConstantPublisherPort3.xml
----------------- Instantiating /home/travis/build/icyphy/ptII/ptolemy/actor/lib/test/auto/ConstantPublisherPort3.xml
4 ms. Memory: 883200K Free: 191732K (22%)
----------------- Invoking toplevel() on ptolemy.moml.MoMLSimpleApplication@1e0c0b88
----------------- Done invoking toplevel() on ptolemy.moml.MoMLSimpleApplication@1e0c0b88
reloadAllAccessors: .ConstantPublisherPort3

===========================================================================================
----------------- testing Fri May 03 04:09:19 UTC 2019 /home/travis/build/icyphy/ptII/ptolemy/actor/lib/test/auto/ConstantPublisherPort4.xml
----------------- Instantiating /home/travis/build/icyphy/ptII/ptolemy/actor/lib/test/auto/ConstantPublisherPort4.xml
3 ms. Memory: 883200K Free: 181301K (21%)
----------------- Invoking toplevel() on ptolemy.moml.MoMLSimpleApplication@6d51fb94
----------------- Done invoking toplevel() on ptolemy.moml.MoMLSimpleApplication@6d51fb94
reloadAllAccessors: .ConstantPublisherPort4

===========================================================================================
----------------- testing Fri May 03 04:09:19 UTC 2019 /home/travis/build/icyphy/ptII/ptolemy/actor/lib/test/auto/ConstantPublisherPort5.xml
----------------- Instantiating /home/travis/build/icyphy/ptII/ptolemy/actor/lib/test/auto/ConstantPublisherPort5.xml
15 ms. Memory: 883200K Free: 146005K (17%)
----------------- Invoking toplevel() on ptolemy.moml.MoMLSimpleApplication@24f231e2
----------------- Done invoking toplevel() on ptolemy.moml.MoMLSimpleApplication@24f231e2
reloadAllAccessors: .ConstantPublisherPort5

===========================================================================================
----------------- testing Fri May 03 04:09:19 UTC 2019 /home/travis/build/icyphy/ptII/ptolemy/actor/lib/test/auto/ConstantPublisherPort6.xml
----------------- Instantiating /home/travis/build/icyphy/ptII/ptolemy/actor/lib/test/auto/ConstantPublisherPort6.xml
16 ms. Memory: 883200K Free: 119927K (14%)
----------------- Invoking toplevel() on ptolemy.moml.MoMLSimpleApplication@7c7dbce1
----------------- Done invoking toplevel() on ptolemy.moml.MoMLSimpleApplication@7c7dbce1
reloadAllAccessors: .ConstantPublisherPort6

===========================================================================================
----------------- testing Fri May 03 04:09:19 UTC 2019 /home/travis/build/icyphy/ptII/ptolemy/actor/lib/test/auto/ConstantPublisherPort7.xml
----------------- Instantiating /home/travis/build/icyphy/ptII/ptolemy/actor/lib/test/auto/ConstantPublisherPort7.xml
14 ms. Memory: 883200K Free: 93848K (11%)
----------------- Invoking toplevel() on ptolemy.moml.MoMLSimpleApplication@160ccb4
----------------- Done invoking toplevel() on ptolemy.moml.MoMLSimpleApplication@160ccb4
reloadAllAccessors: .ConstantPublisherPort7

===========================================================================================
----------------- testing Fri May 03 04:09:19 UTC 2019 /home/travis/build/icyphy/ptII/ptolemy/actor/lib/test/auto/ConstraintMonitor1.xml
----------------- Instantiating /home/travis/build/icyphy/ptII/ptolemy/actor/lib/test/auto/ConstraintMonitor1.xml
9 ms. Memory: 883200K Free: 83417K (9%)
----------------- Invoking toplevel() on ptolemy.moml.MoMLSimpleApplication@6d1aed4a
----------------- Done invoking toplevel() on ptolemy.moml.MoMLSimpleApplication@6d1aed4a
reloadAllAccessors: .ConstraintMonitor1

===========================================================================================
----------------- testing Fri May 03 04:09:19 UTC 2019 /home/travis/build/icyphy/ptII/ptolemy/actor/lib/test/auto/ConstraintMonitor2.xml
----------------- Instantiating /home/travis/build/icyphy/ptII/ptolemy/actor/lib/test/auto/ConstraintMonitor2.xml
6 ms. Memory: 883200K Free: 63783K (7%)
----------------- Invoking toplevel() on ptolemy.moml.MoMLSimpleApplication@22fb1904
----------------- Done invoking toplevel() on ptolemy.moml.MoMLSimpleApplication@22fb1904
reloadAllAccessors: .ConstraintMonitor2

===========================================================================================
----------------- testing Fri May 03 04:09:19 UTC 2019 /home/travis/build/icyphy/ptII/ptolemy/actor/lib/test/auto/ConstraintMonitor3.xml
----------------- Instantiating /home/travis/build/icyphy/ptII/ptolemy/actor/lib/test/auto/ConstraintMonitor3.xml
36 ms. Memory: 884224K Free: 832577K (94%)
----------------- Invoking toplevel() on ptolemy.moml.MoMLSimpleApplication@4a18a236
----------------- Done invoking toplevel() on ptolemy.moml.MoMLSimpleApplication@4a18a236
reloadAllAccessors: .ConstraintMonitor3

===========================================================================================
----------------- testing Fri May 03 04:09:19 UTC 2019 /home/travis/build/icyphy/ptII/ptolemy/actor/lib/test/auto/ConstraintMonitor4.xml
----------------- Instantiating /home/travis/build/icyphy/ptII/ptolemy/actor/lib/test/auto/ConstraintMonitor4.xml
5 ms. Memory: 884224K Free: 812684K (92%)
----------------- Invoking toplevel() on ptolemy.moml.MoMLSimpleApplication@7dce0f3c
----------------- Done invoking toplevel() on ptolemy.moml.MoMLSimpleApplication@7dce0f3c
reloadAllAccessors: .ConstraintMonitor4

===========================================================================================
----------------- testing Fri May 03 04:09:19 UTC 2019 /home/travis/build/icyphy/ptII/ptolemy/actor/lib/test/auto/ConstraintMonitor5.xml
----------------- Instantiating /home/travis/build/icyphy/ptII/ptolemy/actor/lib/test/auto/ConstraintMonitor5.xml
2 ms. Memory: 884224K Free: 802252K (91%)
----------------- Invoking toplevel() on ptolemy.moml.MoMLSimpleApplication@2acdd1d
----------------- Done invoking toplevel() on ptolemy.moml.MoMLSimpleApplication@2acdd1d
reloadAllAccessors: .ConstraintMonitor5

===========================================================================================
----------------- testing Fri May 03 04:09:19 UTC 2019 /home/travis/build/icyphy/ptII/ptolemy/actor/lib/test/auto/ConstraintMonitor6.xml
----------------- Instantiating /home/travis/build/icyphy/ptII/ptolemy/actor/lib/test/auto/ConstraintMonitor6.xml
6 ms. Memory: 884224K Free: 784967K (89%)
----------------- Invoking toplevel() on ptolemy.moml.MoMLSimpleApplication@223468d0
----------------- Done invoking toplevel() on ptolemy.moml.MoMLSimpleApplication@223468d0
reloadAllAccessors: .ConstraintMonitor6

===========================================================================================
----------------- testing Fri May 03 04:09:19 UTC 2019 /home/travis/build/icyphy/ptII/ptolemy/actor/lib/test/auto/ConstraintMonitor7.xml
----------------- Instantiating /home/travis/build/icyphy/ptII/ptolemy/actor/lib/test/auto/ConstraintMonitor7.xml
2 ms. Memory: 884224K Free: 774373K (88%)
----------------- Invoking toplevel() on ptolemy.moml.MoMLSimpleApplication@2055b2f8
----------------- Done invoking toplevel() on ptolemy.moml.MoMLSimpleApplication@2055b2f8
reloadAllAccessors: .ConstraintMonitor7

===========================================================================================
----------------- testing Fri May 03 04:09:19 UTC 2019 /home/travis/build/icyphy/ptII/ptolemy/actor/lib/test/auto/ConstraintMonitor8.xml
----------------- Instantiating /home/travis/build/icyphy/ptII/ptolemy/actor/lib/test/auto/ConstraintMonitor8.xml
8 ms. Memory: 884224K Free: 763942K (86%)
----------------- Invoking toplevel() on ptolemy.moml.MoMLSimpleApplication@636ac586
----------------- Done invoking toplevel() on ptolemy.moml.MoMLSimpleApplication@636ac586
reloadAllAccessors: .ConstraintMonitor8

===========================================================================================
----------------- testing Fri May 03 04:09:19 UTC 2019 /home/travis/build/icyphy/ptII/ptolemy/actor/lib/test/auto/Counter.xml
----------------- Instantiating /home/travis/build/icyphy/ptII/ptolemy/actor/lib/test/auto/Counter.xml
2 ms. Memory: 884224K Free: 746657K (84%)
----------------- Invoking toplevel() on ptolemy.moml.MoMLSimpleApplication@3b73d461
----------------- Done invoking toplevel() on ptolemy.moml.MoMLSimpleApplication@3b73d461
reloadAllAccessors: .Counter

===========================================================================================
----------------- testing Fri May 03 04:09:19 UTC 2019 /home/travis/build/icyphy/ptII/ptolemy/actor/lib/test/auto/CurrentTimeSDF.xml
----------------- Instantiating /home/travis/build/icyphy/ptII/ptolemy/actor/lib/test/auto/CurrentTimeSDF.xml
1 ms. Memory: 884224K Free: 736225K (83%)
----------------- Invoking toplevel() on ptolemy.moml.MoMLSimpleApplication@1b69a141
----------------- Done invoking toplevel() on ptolemy.moml.MoMLSimpleApplication@1b69a141
reloadAllAccessors: .CurrentTimeSDF

===========================================================================================
----------------- testing Fri May 03 04:09:19 UTC 2019 /home/travis/build/icyphy/ptII/ptolemy/actor/lib/test/auto/DB.xml
----------------- Instantiating /home/travis/build/icyphy/ptII/ptolemy/actor/lib/test/auto/DB.xml
1 ms. Memory: 884224K Free: 725794K (82%)
----------------- Invoking toplevel() on ptolemy.moml.MoMLSimpleApplication@3d1f54a6
----------------- Done invoking toplevel() on ptolemy.moml.MoMLSimpleApplication@3d1f54a6
reloadAllAccessors: .DB

===========================================================================================
----------------- testing Fri May 03 04:09:19 UTC 2019 /home/travis/build/icyphy/ptII/ptolemy/actor/lib/test/auto/DBDE.xml
----------------- Instantiating /home/travis/build/icyphy/ptII/ptolemy/actor/lib/test/auto/DBDE.xml
2 ms. Memory: 884224K Free: 708509K (80%)
----------------- Invoking toplevel() on ptolemy.moml.MoMLSimpleApplication@3817ea33
----------------- Done invoking toplevel() on ptolemy.moml.MoMLSimpleApplication@3817ea33
reloadAllAccessors: .DBDE

===========================================================================================
----------------- testing Fri May 03 04:09:19 UTC 2019 /home/travis/build/icyphy/ptII/ptolemy/actor/lib/test/auto/DateConstructor.xml
----------------- Instantiating /home/travis/build/icyphy/ptII/ptolemy/actor/lib/test/auto/DateConstructor.xml
15 ms. Memory: 884224K Free: 687630K (78%)
----------------- Invoking toplevel() on ptolemy.moml.MoMLSimpleApplication@6f9d4a1b
----------------- Done invoking toplevel() on ptolemy.moml.MoMLSimpleApplication@6f9d4a1b
reloadAllAccessors: .DateConstructor

===========================================================================================
----------------- testing Fri May 03 04:09:19 UTC 2019 /home/travis/build/icyphy/ptII/ptolemy/actor/lib/test/auto/DelayTime.xml
----------------- Instantiating /home/travis/build/icyphy/ptII/ptolemy/actor/lib/test/auto/DelayTime.xml
3 ms. Memory: 884224K Free: 677199K (77%)
----------------- Invoking toplevel() on ptolemy.moml.MoMLSimpleApplication@46256635
----------------- Done invoking toplevel() on ptolemy.moml.MoMLSimpleApplication@46256635
reloadAllAccessors: .DelayTime

===========================================================================================
----------------- testing Fri May 03 04:09:19 UTC 2019 /home/travis/build/icyphy/ptII/ptolemy/actor/lib/test/auto/Dictionary1.xml
----------------- Instantiating /home/travis/build/icyphy/ptII/ptolemy/actor/lib/test/auto/Dictionary1.xml
2 ms. Memory: 884224K Free: 659914K (75%)
----------------- Invoking toplevel() on ptolemy.moml.MoMLSimpleApplication@44d661b7
----------------- Done invoking toplevel() on ptolemy.moml.MoMLSimpleApplication@44d661b7
reloadAllAccessors: .Dictionary1

===========================================================================================
----------------- testing Fri May 03 04:09:19 UTC 2019 /home/travis/build/icyphy/ptII/ptolemy/actor/lib/test/auto/Dictionary2.xml
----------------- Instantiating /home/travis/build/icyphy/ptII/ptolemy/actor/lib/test/auto/Dictionary2.xml
3 ms. Memory: 884224K Free: 649483K (73%)
----------------- Invoking toplevel() on ptolemy.moml.MoMLSimpleApplication@7e49647b
----------------- Done invoking toplevel() on ptolemy.moml.MoMLSimpleApplication@7e49647b
reloadAllAccessors: .Dictionary2

===========================================================================================
----------------- testing Fri May 03 04:09:19 UTC 2019 /home/travis/build/icyphy/ptII/ptolemy/actor/lib/test/auto/Dictionary3.xml
----------------- Instantiating /home/travis/build/icyphy/ptII/ptolemy/actor/lib/test/auto/Dictionary3.xml
2 ms. Memory: 884224K Free: 639051K (72%)
----------------- Invoking toplevel() on ptolemy.moml.MoMLSimpleApplication@392d97f1
----------------- Done invoking toplevel() on ptolemy.moml.MoMLSimpleApplication@392d97f1
reloadAllAccessors: .Dictionary3

===========================================================================================
----------------- testing Fri May 03 04:09:19 UTC 2019 /home/travis/build/icyphy/ptII/ptolemy/actor/lib/test/auto/Dictionary4.xml
----------------- Instantiating /home/travis/build/icyphy/ptII/ptolemy/actor/lib/test/auto/Dictionary4.xml
2 ms. Memory: 884224K Free: 621766K (70%)
----------------- Invoking toplevel() on ptolemy.moml.MoMLSimpleApplication@3cf38b2b
----------------- Done invoking toplevel() on ptolemy.moml.MoMLSimpleApplication@3cf38b2b
reloadAllAccessors: .Dictionary4

===========================================================================================
----------------- testing Fri May 03 04:09:19 UTC 2019 /home/travis/build/icyphy/ptII/ptolemy/actor/lib/test/auto/Differential.xml
----------------- Instantiating /home/travis/build/icyphy/ptII/ptolemy/actor/lib/test/auto/Differential.xml
2 ms. Memory: 884224K Free: 611334K (69%)
----------------- Invoking toplevel() on ptolemy.moml.MoMLSimpleApplication@3a7237ca
----------------- Done invoking toplevel() on ptolemy.moml.MoMLSimpleApplication@3a7237ca
reloadAllAccessors: .Differential

===========================================================================================
----------------- testing Fri May 03 04:09:19 UTC 2019 /home/travis/build/icyphy/ptII/ptolemy/actor/lib/test/auto/Director.xml
----------------- Instantiating /home/travis/build/icyphy/ptII/ptolemy/actor/lib/test/auto/Director.xml
2 ms. Memory: 884224K Free: 600903K (68%)
----------------- Invoking toplevel() on ptolemy.moml.MoMLSimpleApplication@31075dc2
----------------- Done invoking toplevel() on ptolemy.moml.MoMLSimpleApplication@31075dc2
reloadAllAccessors: .Director

===========================================================================================
----------------- testing Fri May 03 04:09:19 UTC 2019 /home/travis/build/icyphy/ptII/ptolemy/actor/lib/test/auto/DiscreteClock.xml
----------------- Instantiating /home/travis/build/icyphy/ptII/ptolemy/actor/lib/test/auto/DiscreteClock.xml
1 ms. Memory: 884224K Free: 583617K (66%)
----------------- Invoking toplevel() on ptolemy.moml.MoMLSimpleApplication@26e91a47
----------------- Done invoking toplevel() on ptolemy.moml.MoMLSimpleApplication@26e91a47
reloadAllAccessors: .DiscreteClock

===========================================================================================
----------------- testing Fri May 03 04:09:19 UTC 2019 /home/travis/build/icyphy/ptII/ptolemy/actor/lib/test/auto/DiscreteClock10.xml
----------------- Instantiating /home/travis/build/icyphy/ptII/ptolemy/actor/lib/test/auto/DiscreteClock10.xml
1 ms. Memory: 884224K Free: 573186K (65%)
----------------- Invoking toplevel() on ptolemy.moml.MoMLSimpleApplication@517fb2b9
----------------- Done invoking toplevel() on ptolemy.moml.MoMLSimpleApplication@517fb2b9
reloadAllAccessors: .DiscreteClock10

===========================================================================================
----------------- testing Fri May 03 04:09:19 UTC 2019 /home/travis/build/icyphy/ptII/ptolemy/actor/lib/test/auto/DiscreteClock11.xml
----------------- Instantiating /home/travis/build/icyphy/ptII/ptolemy/actor/lib/test/auto/DiscreteClock11.xml
2 ms. Memory: 884224K Free: 562755K (64%)
----------------- Invoking toplevel() on ptolemy.moml.MoMLSimpleApplication@32d2ba4a
----------------- Done invoking toplevel() on ptolemy.moml.MoMLSimpleApplication@32d2ba4a
reloadAllAccessors: .DiscreteClock11

===========================================================================================
----------------- testing Fri May 03 04:09:19 UTC 2019 /home/travis/build/icyphy/ptII/ptolemy/actor/lib/test/auto/DiscreteClock12.xml
----------------- Instantiating /home/travis/build/icyphy/ptII/ptolemy/actor/lib/test/auto/DiscreteClock12.xml
2 ms. Memory: 884224K Free: 545470K (62%)
----------------- Invoking toplevel() on ptolemy.moml.MoMLSimpleApplication@15b42a12
----------------- Done invoking toplevel() on ptolemy.moml.MoMLSimpleApplication@15b42a12
reloadAllAccessors: .DiscreteClock12

===========================================================================================
----------------- testing Fri May 03 04:09:19 UTC 2019 /home/travis/build/icyphy/ptII/ptolemy/actor/lib/test/auto/DiscreteClock13.xml
----------------- Instantiating /home/travis/build/icyphy/ptII/ptolemy/actor/lib/test/auto/DiscreteClock13.xml
6 ms. Memory: 884224K Free: 535038K (61%)
----------------- Invoking toplevel() on ptolemy.moml.MoMLSimpleApplication@560e07d
----------------- Done invoking toplevel() on ptolemy.moml.MoMLSimpleApplication@560e07d
reloadAllAccessors: .DiscreteClock13

===========================================================================================
----------------- testing Fri May 03 04:09:19 UTC 2019 /home/travis/build/icyphy/ptII/ptolemy/actor/lib/test/auto/DiscreteClock14.xml
----------------- Instantiating /home/travis/build/icyphy/ptII/ptolemy/actor/lib/test/auto/DiscreteClock14.xml
6 ms. Memory: 884224K Free: 524607K (59%)
----------------- Invoking toplevel() on ptolemy.moml.MoMLSimpleApplication@6549985
----------------- Done invoking toplevel() on ptolemy.moml.MoMLSimpleApplication@6549985
reloadAllAccessors: .DiscreteClock14

===========================================================================================
----------------- testing Fri May 03 04:09:19 UTC 2019 /home/travis/build/icyphy/ptII/ptolemy/actor/lib/test/auto/DiscreteClock15.xml
----------------- Instantiating /home/travis/build/icyphy/ptII/ptolemy/actor/lib/test/auto/DiscreteClock15.xml
6 ms. Memory: 884224K Free: 507321K (57%)
----------------- Invoking toplevel() on ptolemy.moml.MoMLSimpleApplication@f74889e
----------------- Done invoking toplevel() on ptolemy.moml.MoMLSimpleApplication@f74889e
reloadAllAccessors: .DiscreteClock15

===========================================================================================
----------------- testing Fri May 03 04:09:19 UTC 2019 /home/travis/build/icyphy/ptII/ptolemy/actor/lib/test/auto/DiscreteClock16.xml
----------------- Instantiating /home/travis/build/icyphy/ptII/ptolemy/actor/lib/test/auto/DiscreteClock16.xml
17 ms. Memory: 884224K Free: 491659K (56%)
----------------- Invoking toplevel() on ptolemy.moml.MoMLSimpleApplication@6aa67eec
----------------- Done invoking toplevel() on ptolemy.moml.MoMLSimpleApplication@6aa67eec
reloadAllAccessors: .DiscreteClock16

===========================================================================================
----------------- testing Fri May 03 04:09:19 UTC 2019 /home/travis/build/icyphy/ptII/ptolemy/actor/lib/test/auto/DiscreteClock17.xml
----------------- Instantiating /home/travis/build/icyphy/ptII/ptolemy/actor/lib/test/auto/DiscreteClock17.xml
16 ms. Memory: 884224K Free: 475996K (54%)
----------------- Invoking toplevel() on ptolemy.moml.MoMLSimpleApplication@6255292d
----------------- Done invoking toplevel() on ptolemy.moml.MoMLSimpleApplication@6255292d
reloadAllAccessors: .DiscreteClock17

===========================================================================================
----------------- testing Fri May 03 04:09:19 UTC 2019 /home/travis/build/icyphy/ptII/ptolemy/actor/lib/test/auto/DiscreteClock18.xml
----------------- Instantiating /home/travis/build/icyphy/ptII/ptolemy/actor/lib/test/auto/DiscreteClock18.xml
22 ms. Memory: 884224K Free: 453479K (51%)
----------------- Invoking toplevel() on ptolemy.moml.MoMLSimpleApplication@284fea65
----------------- Done invoking toplevel() on ptolemy.moml.MoMLSimpleApplication@284fea65
reloadAllAccessors: .DiscreteClock18

===========================================================================================
----------------- testing Fri May 03 04:09:19 UTC 2019 /home/travis/build/icyphy/ptII/ptolemy/actor/lib/test/auto/DiscreteClock19.xml
----------------- Instantiating /home/travis/build/icyphy/ptII/ptolemy/actor/lib/test/auto/DiscreteClock19.xml
19 ms. Memory: 884224K Free: 437816K (50%)
----------------- Invoking toplevel() on ptolemy.moml.MoMLSimpleApplication@70dec10b
----------------- Done invoking toplevel() on ptolemy.moml.MoMLSimpleApplication@70dec10b
reloadAllAccessors: .DiscreteClock19

===========================================================================================
----------------- testing Fri May 03 04:09:19 UTC 2019 /home/travis/build/icyphy/ptII/ptolemy/actor/lib/test/auto/DiscreteClock2.xml
----------------- Instantiating /home/travis/build/icyphy/ptII/ptolemy/actor/lib/test/auto/DiscreteClock2.xml
5 ms. Memory: 884224K Free: 427385K (48%)
----------------- Invoking toplevel() on ptolemy.moml.MoMLSimpleApplication@360e5013
----------------- Done invoking toplevel() on ptolemy.moml.MoMLSimpleApplication@360e5013
reloadAllAccessors: .DiscreteClock2

===========================================================================================
----------------- testing Fri May 03 04:09:19 UTC 2019 /home/travis/build/icyphy/ptII/ptolemy/actor/lib/test/auto/DiscreteClock20.xml
----------------- Instantiating /home/travis/build/icyphy/ptII/ptolemy/actor/lib/test/auto/DiscreteClock20.xml
9 ms. Memory: 884224K Free: 410100K (46%)
----------------- Invoking toplevel() on ptolemy.moml.MoMLSimpleApplication@5caacefc
----------------- Done invoking toplevel() on ptolemy.moml.MoMLSimpleApplication@5caacefc
reloadAllAccessors: .DiscreteClock20

===========================================================================================
----------------- testing Fri May 03 04:09:19 UTC 2019 /home/travis/build/icyphy/ptII/ptolemy/actor/lib/test/auto/DiscreteClock21.xml
----------------- Instantiating /home/travis/build/icyphy/ptII/ptolemy/actor/lib/test/auto/DiscreteClock21.xml
5 ms. Memory: 884224K Free: 399668K (45%)
----------------- Invoking toplevel() on ptolemy.moml.MoMLSimpleApplication@2bdc9516
----------------- Done invoking toplevel() on ptolemy.moml.MoMLSimpleApplication@2bdc9516
reloadAllAccessors: .DiscreteClock21

===========================================================================================
----------------- testing Fri May 03 04:09:19 UTC 2019 /home/travis/build/icyphy/ptII/ptolemy/actor/lib/test/auto/DiscreteClock22.xml
----------------- Instantiating /home/travis/build/icyphy/ptII/ptolemy/actor/lib/test/auto/DiscreteClock22.xml
7 ms. Memory: 884224K Free: 389237K (44%)
----------------- Invoking toplevel() on ptolemy.moml.MoMLSimpleApplication@6812d7b3
----------------- Done invoking toplevel() on ptolemy.moml.MoMLSimpleApplication@6812d7b3
reloadAllAccessors: .DiscreteClock22

===========================================================================================
----------------- testing Fri May 03 04:09:20 UTC 2019 /home/travis/build/icyphy/ptII/ptolemy/actor/lib/test/auto/DiscreteClock23.xml
----------------- Instantiating /home/travis/build/icyphy/ptII/ptolemy/actor/lib/test/auto/DiscreteClock23.xml
480 ms. Memory: 884224K Free: 1333984K (151%)
----------------- Invoking toplevel() on ptolemy.moml.MoMLSimpleApplication@34744944
----------------- Done invoking toplevel() on ptolemy.moml.MoMLSimpleApplication@34744944
reloadAllAccessors: .DiscreteClock23

===========================================================================================
----------------- testing Fri May 03 04:09:20 UTC 2019 /home/travis/build/icyphy/ptII/ptolemy/actor/lib/test/auto/DiscreteClock24.xml
----------------- Instantiating /home/travis/build/icyphy/ptII/ptolemy/actor/lib/test/auto/DiscreteClock24.xml
3 ms. Memory: 1371136K Free: 1299083K (95%)
----------------- Invoking toplevel() on ptolemy.moml.MoMLSimpleApplication@447f62e0
----------------- Done invoking toplevel() on ptolemy.moml.MoMLSimpleApplication@447f62e0
reloadAllAccessors: .DiscreteClock24

===========================================================================================
----------------- testing Fri May 03 04:09:20 UTC 2019 /home/travis/build/icyphy/ptII/ptolemy/actor/lib/test/auto/DiscreteClock4.xml
----------------- Instantiating /home/travis/build/icyphy/ptII/ptolemy/actor/lib/test/auto/DiscreteClock4.xml
3 ms. Memory: 1371136K Free: 1286565K (94%)
----------------- Invoking toplevel() on ptolemy.moml.MoMLSimpleApplication@2e82d423
----------------- Done invoking toplevel() on ptolemy.moml.MoMLSimpleApplication@2e82d423
reloadAllAccessors: .DiscreteClock4

===========================================================================================
----------------- testing Fri May 03 04:09:20 UTC 2019 /home/travis/build/icyphy/ptII/ptolemy/actor/lib/test/auto/DiscreteClock5.xml
----------------- Instantiating /home/travis/build/icyphy/ptII/ptolemy/actor/lib/test/auto/DiscreteClock5.xml
1 ms. Memory: 1371136K Free: 1274046K (93%)
----------------- Invoking toplevel() on ptolemy.moml.MoMLSimpleApplication@5554d238
----------------- Done invoking toplevel() on ptolemy.moml.MoMLSimpleApplication@5554d238
reloadAllAccessors: .DiscreteClock5

===========================================================================================
----------------- testing Fri May 03 04:09:20 UTC 2019 /home/travis/build/icyphy/ptII/ptolemy/actor/lib/test/auto/DiscreteClock6.xml
----------------- Instantiating /home/travis/build/icyphy/ptII/ptolemy/actor/lib/test/auto/DiscreteClock6.xml
1 ms. Memory: 1371136K Free: 1252950K (91%)
----------------- Invoking toplevel() on ptolemy.moml.MoMLSimpleApplication@4c47e04d
----------------- Done invoking toplevel() on ptolemy.moml.MoMLSimpleApplication@4c47e04d
reloadAllAccessors: .DiscreteClock6

===========================================================================================
----------------- testing Fri May 03 04:09:20 UTC 2019 /home/travis/build/icyphy/ptII/ptolemy/actor/lib/test/auto/DiscreteClock7.xml
----------------- Instantiating /home/travis/build/icyphy/ptII/ptolemy/actor/lib/test/auto/DiscreteClock7.xml
1 ms. Memory: 1371136K Free: 1240431K (90%)
----------------- Invoking toplevel() on ptolemy.moml.MoMLSimpleApplication@6fb9803b
----------------- Done invoking toplevel() on ptolemy.moml.MoMLSimpleApplication@6fb9803b
reloadAllAccessors: .DiscreteClock7

===========================================================================================
----------------- testing Fri May 03 04:09:20 UTC 2019 /home/travis/build/icyphy/ptII/ptolemy/actor/lib/test/auto/DiscreteClock8.xml
----------------- Instantiating /home/travis/build/icyphy/ptII/ptolemy/actor/lib/test/auto/DiscreteClock8.xml
6 ms. Memory: 1371136K Free: 1227913K (90%)
----------------- Invoking toplevel() on ptolemy.moml.MoMLSimpleApplication@45c15929
----------------- Done invoking toplevel() on ptolemy.moml.MoMLSimpleApplication@45c15929
reloadAllAccessors: .DiscreteClock8

===========================================================================================
----------------- testing Fri May 03 04:09:20 UTC 2019 /home/travis/build/icyphy/ptII/ptolemy/actor/lib/test/auto/DiscreteClock9.xml
----------------- Instantiating /home/travis/build/icyphy/ptII/ptolemy/actor/lib/test/auto/DiscreteClock9.xml
5 ms. Memory: 1371136K Free: 1215394K (89%)
----------------- Invoking toplevel() on ptolemy.moml.MoMLSimpleApplication@5c4b0b7c
----------------- Done invoking toplevel() on ptolemy.moml.MoMLSimpleApplication@5c4b0b7c
reloadAllAccessors: .DiscreteClock9

===========================================================================================
----------------- testing Fri May 03 04:09:20 UTC 2019 /home/travis/build/icyphy/ptII/ptolemy/actor/lib/test/auto/DisplayArray.xml
----------------- Instantiating /home/travis/build/icyphy/ptII/ptolemy/actor/lib/test/auto/DisplayArray.xml
1 ms. Memory: 1371136K Free: 1194298K (87%)
----------------- Invoking toplevel() on ptolemy.moml.MoMLSimpleApplication@3b9e25e6
----------------- Done invoking toplevel() on ptolemy.moml.MoMLSimpleApplication@3b9e25e6
reloadAllAccessors: .DisplayArray

===========================================================================================
----------------- testing Fri May 03 04:09:20 UTC 2019 /home/travis/build/icyphy/ptII/ptolemy/actor/lib/test/auto/Distributor.xml
----------------- Instantiating /home/travis/build/icyphy/ptII/ptolemy/actor/lib/test/auto/Distributor.xml
2 ms. Memory: 1371136K Free: 1181779K (86%)
----------------- Invoking toplevel() on ptolemy.moml.MoMLSimpleApplication@40532ee2
----------------- Done invoking toplevel() on ptolemy.moml.MoMLSimpleApplication@40532ee2
reloadAllAccessors: .Distributor

===========================================================================================
----------------- testing Fri May 03 04:09:20 UTC 2019 /home/travis/build/icyphy/ptII/ptolemy/actor/lib/test/auto/Distributor2.xml
----------------- Instantiating /home/travis/build/icyphy/ptII/ptolemy/actor/lib/test/auto/Distributor2.xml
1 ms. Memory: 1371136K Free: 1169261K (85%)
----------------- Invoking toplevel() on ptolemy.moml.MoMLSimpleApplication@38126e85
----------------- Done invoking toplevel() on ptolemy.moml.MoMLSimpleApplication@38126e85
reloadAllAccessors: .Distributor2

===========================================================================================
----------------- testing Fri May 03 04:09:20 UTC 2019 /home/travis/build/icyphy/ptII/ptolemy/actor/lib/test/auto/DownSample.xml
----------------- Instantiating /home/travis/build/icyphy/ptII/ptolemy/actor/lib/test/auto/DownSample.xml
1 ms. Memory: 1371136K Free: 1148164K (84%)
----------------- Invoking toplevel() on ptolemy.moml.MoMLSimpleApplication@35b471b0
----------------- Done invoking toplevel() on ptolemy.moml.MoMLSimpleApplication@35b471b0
reloadAllAccessors: .DownSample

===========================================================================================
----------------- testing Fri May 03 04:09:20 UTC 2019 /home/travis/build/icyphy/ptII/ptolemy/actor/lib/test/auto/ElectronicUnitBase1.xml
----------------- Instantiating /home/travis/build/icyphy/ptII/ptolemy/actor/lib/test/auto/ElectronicUnitBase1.xml
19 ms. Memory: 1371136K Free: 1123111K (82%)
----------------- Invoking toplevel() on ptolemy.moml.MoMLSimpleApplication@28331d18
----------------- Done invoking toplevel() on ptolemy.moml.MoMLSimpleApplication@28331d18
reloadAllAccessors: .ElectronicUnitBase1

===========================================================================================
----------------- testing Fri May 03 04:09:20 UTC 2019 /home/travis/build/icyphy/ptII/ptolemy/actor/lib/test/auto/ElementsToArray.xml
----------------- Instantiating /home/travis/build/icyphy/ptII/ptolemy/actor/lib/test/auto/ElementsToArray.xml
2 ms. Memory: 1371136K Free: 1110592K (81%)
----------------- Invoking toplevel() on ptolemy.moml.MoMLSimpleApplication@33a5959
----------------- Done invoking toplevel() on ptolemy.moml.MoMLSimpleApplication@33a5959
reloadAllAccessors: .ElementsToArray

===========================================================================================
----------------- testing Fri May 03 04:09:20 UTC 2019 /home/travis/build/icyphy/ptII/ptolemy/actor/lib/test/auto/Equals.xml
----------------- Instantiating /home/travis/build/icyphy/ptII/ptolemy/actor/lib/test/auto/Equals.xml
3 ms. Memory: 1371136K Free: 1098074K (80%)
----------------- Invoking toplevel() on ptolemy.moml.MoMLSimpleApplication@4f20056e
----------------- Done invoking toplevel() on ptolemy.moml.MoMLSimpleApplication@4f20056e
reloadAllAccessors: .Equals

===========================================================================================
----------------- testing Fri May 03 04:09:20 UTC 2019 /home/travis/build/icyphy/ptII/ptolemy/actor/lib/test/auto/Exec.xml
----------------- Instantiating /home/travis/build/icyphy/ptII/ptolemy/actor/lib/test/auto/Exec.xml
10 ms. Memory: 1371136K Free: 1064458K (78%)
----------------- Invoking toplevel() on ptolemy.moml.MoMLSimpleApplication@2bc09d27
----------------- Done invoking toplevel() on ptolemy.moml.MoMLSimpleApplication@2bc09d27
reloadAllAccessors: .Exec

===========================================================================================
----------------- testing Fri May 03 04:09:20 UTC 2019 /home/travis/build/icyphy/ptII/ptolemy/actor/lib/test/auto/ExecEnvironment.xml
----------------- Instantiating /home/travis/build/icyphy/ptII/ptolemy/actor/lib/test/auto/ExecEnvironment.xml
22 ms. Memory: 1371136K Free: 1051940K (77%)
----------------- Invoking toplevel() on ptolemy.moml.MoMLSimpleApplication@695b0abe
----------------- Done invoking toplevel() on ptolemy.moml.MoMLSimpleApplication@695b0abe
reloadAllAccessors: .ExecEnvironment

===========================================================================================
----------------- testing Fri May 03 04:09:20 UTC 2019 /home/travis/build/icyphy/ptII/ptolemy/actor/lib/test/auto/ExecNonZeroReturnOutput.xml
----------------- Instantiating /home/travis/build/icyphy/ptII/ptolemy/actor/lib/test/auto/ExecNonZeroReturnOutput.xml
118 ms. Memory: 1371136K Free: 958051K (70%)
----------------- Invoking toplevel() on ptolemy.moml.MoMLSimpleApplication@1787f92f
----------------- Done invoking toplevel() on ptolemy.moml.MoMLSimpleApplication@1787f92f
reloadAllAccessors: .ExecNonZeroReturnOutput

===========================================================================================
----------------- testing Fri May 03 04:09:21 UTC 2019 /home/travis/build/icyphy/ptII/ptolemy/actor/lib/test/auto/ExecRunDemos.xml
----------------- Instantiating /home/travis/build/icyphy/ptII/ptolemy/actor/lib/test/auto/ExecRunDemos.xml
Finished: 72 ms. Memory: 116224K Free: 100672K (87%)

Finished: 29 ms. Memory: 116224K Free: 97676K (84%)

Finished: 63 ms. Memory: 116224K Free: 98219K (85%)

Finished: 40 ms. Memory: 116224K Free: 99544K (86%)

Finished: 41 ms. Memory: 116224K Free: 100658K (87%)

9246 ms. Memory: 1371136K Free: 870402K (63%)
----------------- Invoking toplevel() on ptolemy.moml.MoMLSimpleApplication@7a9b4d21
----------------- Done invoking toplevel() on ptolemy.moml.MoMLSimpleApplication@7a9b4d21
reloadAllAccessors: .ExecRunDemos

===========================================================================================
----------------- testing Fri May 03 04:09:30 UTC 2019 /home/travis/build/icyphy/ptII/ptolemy/actor/lib/test/auto/ExecStop.xml
----------------- Instantiating /home/travis/build/icyphy/ptII/ptolemy/actor/lib/test/auto/ExecStop.xml
5015 ms. Memory: 1371136K Free: 661528K (48%)
----------------- Invoking toplevel() on ptolemy.moml.MoMLSimpleApplication@3edb73de
----------------- Done invoking toplevel() on ptolemy.moml.MoMLSimpleApplication@3edb73de
reloadAllAccessors: .ExecStop

===========================================================================================
----------------- testing Fri May 03 04:09:35 UTC 2019 /home/travis/build/icyphy/ptII/ptolemy/actor/lib/test/auto/ExecutionTimeSDF.xml
----------------- Instantiating /home/travis/build/icyphy/ptII/ptolemy/actor/lib/test/auto/ExecutionTimeSDF.xml
Fired ExecutionTime: -516567296
Fired ExecutionTime: 970800000
Fired ExecutionTime: 1000800000
6004 ms. Memory: 1371136K Free: 642735K (47%)
----------------- Invoking toplevel() on ptolemy.moml.MoMLSimpleApplication@1d6a215
----------------- Done invoking toplevel() on ptolemy.moml.MoMLSimpleApplication@1d6a215
reloadAllAccessors: .ExecutionTimeSDF

===========================================================================================
----------------- testing Fri May 03 04:09:41 UTC 2019 /home/travis/build/icyphy/ptII/ptolemy/actor/lib/test/auto/Expression1.xml
----------------- Instantiating /home/travis/build/icyphy/ptII/ptolemy/actor/lib/test/auto/Expression1.xml
3 ms. Memory: 1371136K Free: 630216K (46%)
----------------- Invoking toplevel() on ptolemy.moml.MoMLSimpleApplication@62c9f524
----------------- Done invoking toplevel() on ptolemy.moml.MoMLSimpleApplication@62c9f524
reloadAllAccessors: .Expression1

===========================================================================================
----------------- testing Fri May 03 04:09:41 UTC 2019 /home/travis/build/icyphy/ptII/ptolemy/actor/lib/test/auto/Expression10.xml
----------------- Instantiating /home/travis/build/icyphy/ptII/ptolemy/actor/lib/test/auto/Expression10.xml
6 ms. Memory: 1371136K Free: 617698K (45%)
----------------- Invoking toplevel() on ptolemy.moml.MoMLSimpleApplication@623727d9
----------------- Done invoking toplevel() on ptolemy.moml.MoMLSimpleApplication@623727d9
reloadAllAccessors: .Expression10

===========================================================================================
----------------- testing Fri May 03 04:09:41 UTC 2019 /home/travis/build/icyphy/ptII/ptolemy/actor/lib/test/auto/Expression11.xml
----------------- Instantiating /home/travis/build/icyphy/ptII/ptolemy/actor/lib/test/auto/Expression11.xml
3 ms. Memory: 1371136K Free: 596601K (44%)
----------------- Invoking toplevel() on ptolemy.moml.MoMLSimpleApplication@79527736
----------------- Done invoking toplevel() on ptolemy.moml.MoMLSimpleApplication@79527736
reloadAllAccessors: .Expression11

===========================================================================================
----------------- testing Fri May 03 04:09:41 UTC 2019 /home/travis/build/icyphy/ptII/ptolemy/actor/lib/test/auto/Expression12.xml
----------------- Instantiating /home/travis/build/icyphy/ptII/ptolemy/actor/lib/test/auto/Expression12.xml
3 ms. Memory: 1371136K Free: 584083K (43%)
----------------- Invoking toplevel() on ptolemy.moml.MoMLSimpleApplication@69ed6259
----------------- Done invoking toplevel() on ptolemy.moml.MoMLSimpleApplication@69ed6259
reloadAllAccessors: .Expression12

===========================================================================================
----------------- testing Fri May 03 04:09:41 UTC 2019 /home/travis/build/icyphy/ptII/ptolemy/actor/lib/test/auto/Expression13.xml
----------------- Instantiating /home/travis/build/icyphy/ptII/ptolemy/actor/lib/test/auto/Expression13.xml
3 ms. Memory: 1371136K Free: 571564K (42%)
----------------- Invoking toplevel() on ptolemy.moml.MoMLSimpleApplication@68ad97c1
----------------- Done invoking toplevel() on ptolemy.moml.MoMLSimpleApplication@68ad97c1
reloadAllAccessors: .Expression13

===========================================================================================
----------------- testing Fri May 03 04:09:41 UTC 2019 /home/travis/build/icyphy/ptII/ptolemy/actor/lib/test/auto/Expression14.xml
----------------- Instantiating /home/travis/build/icyphy/ptII/ptolemy/actor/lib/test/auto/Expression14.xml
7 ms. Memory: 1371136K Free: 550468K (40%)
----------------- Invoking toplevel() on ptolemy.moml.MoMLSimpleApplication@680dc06f
----------------- Done invoking toplevel() on ptolemy.moml.MoMLSimpleApplication@680dc06f
reloadAllAccessors: .Expression14

===========================================================================================
----------------- testing Fri May 03 04:09:41 UTC 2019 /home/travis/build/icyphy/ptII/ptolemy/actor/lib/test/auto/Expression15.xml
----------------- Instantiating /home/travis/build/icyphy/ptII/ptolemy/actor/lib/test/auto/Expression15.xml
2 ms. Memory: 1371136K Free: 537949K (39%)
----------------- Invoking toplevel() on ptolemy.moml.MoMLSimpleApplication@44ed9b2d
----------------- Done invoking toplevel() on ptolemy.moml.MoMLSimpleApplication@44ed9b2d
reloadAllAccessors: .Expression15

===========================================================================================
----------------- testing Fri May 03 04:09:41 UTC 2019 /home/travis/build/icyphy/ptII/ptolemy/actor/lib/test/auto/Expression16.xml
----------------- Instantiating /home/travis/build/icyphy/ptII/ptolemy/actor/lib/test/auto/Expression16.xml
4 ms. Memory: 1371136K Free: 525431K (38%)
----------------- Invoking toplevel() on ptolemy.moml.MoMLSimpleApplication@394188c4
----------------- Done invoking toplevel() on ptolemy.moml.MoMLSimpleApplication@394188c4
reloadAllAccessors: .Expression16

===========================================================================================
----------------- testing Fri May 03 04:09:41 UTC 2019 /home/travis/build/icyphy/ptII/ptolemy/actor/lib/test/auto/Expression17.xml
----------------- Instantiating /home/travis/build/icyphy/ptII/ptolemy/actor/lib/test/auto/Expression17.xml
4 ms. Memory: 1371136K Free: 512912K (37%)
----------------- Invoking toplevel() on ptolemy.moml.MoMLSimpleApplication@2ead4a97
----------------- Done invoking toplevel() on ptolemy.moml.MoMLSimpleApplication@2ead4a97
reloadAllAccessors: .Expression17

===========================================================================================
----------------- testing Fri May 03 04:09:41 UTC 2019 /home/travis/build/icyphy/ptII/ptolemy/actor/lib/test/auto/Expression18.xml
----------------- Instantiating /home/travis/build/icyphy/ptII/ptolemy/actor/lib/test/auto/Expression18.xml
4 ms. Memory: 1371136K Free: 491815K (36%)
----------------- Invoking toplevel() on ptolemy.moml.MoMLSimpleApplication@8c50a57
----------------- Done invoking toplevel() on ptolemy.moml.MoMLSimpleApplication@8c50a57
reloadAllAccessors: .Expression18

===========================================================================================
----------------- testing Fri May 03 04:09:41 UTC 2019 /home/travis/build/icyphy/ptII/ptolemy/actor/lib/test/auto/Expression2.xml
----------------- Instantiating /home/travis/build/icyphy/ptII/ptolemy/actor/lib/test/auto/Expression2.xml
3 ms. Memory: 1371136K Free: 479297K (35%)
----------------- Invoking toplevel() on ptolemy.moml.MoMLSimpleApplication@7787ed78
----------------- Done invoking toplevel() on ptolemy.moml.MoMLSimpleApplication@7787ed78
reloadAllAccessors: .Expression2

===========================================================================================
----------------- testing Fri May 03 04:09:41 UTC 2019 /home/travis/build/icyphy/ptII/ptolemy/actor/lib/test/auto/Expression3.xml
----------------- Instantiating /home/travis/build/icyphy/ptII/ptolemy/actor/lib/test/auto/Expression3.xml
5 ms. Memory: 1371136K Free: 466778K (34%)
----------------- Invoking toplevel() on ptolemy.moml.MoMLSimpleApplication@bfd4379
----------------- Done invoking toplevel() on ptolemy.moml.MoMLSimpleApplication@bfd4379
reloadAllAccessors: .Expression3

===========================================================================================
----------------- testing Fri May 03 04:09:41 UTC 2019 /home/travis/build/icyphy/ptII/ptolemy/actor/lib/test/auto/Expression4.xml
----------------- Instantiating /home/travis/build/icyphy/ptII/ptolemy/actor/lib/test/auto/Expression4.xml
3 ms. Memory: 1371136K Free: 454260K (33%)
----------------- Invoking toplevel() on ptolemy.moml.MoMLSimpleApplication@597d2e52
----------------- Done invoking toplevel() on ptolemy.moml.MoMLSimpleApplication@597d2e52
reloadAllAccessors: .Expression4

===========================================================================================
----------------- testing Fri May 03 04:09:41 UTC 2019 /home/travis/build/icyphy/ptII/ptolemy/actor/lib/test/auto/Expression5.xml
----------------- Instantiating /home/travis/build/icyphy/ptII/ptolemy/actor/lib/test/auto/Expression5.xml
5 ms. Memory: 1371136K Free: 433164K (32%)
----------------- Invoking toplevel() on ptolemy.moml.MoMLSimpleApplication@1c0cd266
----------------- Done invoking toplevel() on ptolemy.moml.MoMLSimpleApplication@1c0cd266
reloadAllAccessors: .Expression5

===========================================================================================
----------------- testing Fri May 03 04:09:41 UTC 2019 /home/travis/build/icyphy/ptII/ptolemy/actor/lib/test/auto/Expression6.xml
----------------- Instantiating /home/travis/build/icyphy/ptII/ptolemy/actor/lib/test/auto/Expression6.xml
2 ms. Memory: 1371136K Free: 420645K (31%)
----------------- Invoking toplevel() on ptolemy.moml.MoMLSimpleApplication@37cade8c
----------------- Done invoking toplevel() on ptolemy.moml.MoMLSimpleApplication@37cade8c
reloadAllAccessors: .Expression6

===========================================================================================
----------------- testing Fri May 03 04:09:41 UTC 2019 /home/travis/build/icyphy/ptII/ptolemy/actor/lib/test/auto/Expression7.xml
----------------- Instantiating /home/travis/build/icyphy/ptII/ptolemy/actor/lib/test/auto/Expression7.xml
3 ms. Memory: 1371136K Free: 408127K (30%)
----------------- Invoking toplevel() on ptolemy.moml.MoMLSimpleApplication@13278af5
----------------- Done invoking toplevel() on ptolemy.moml.MoMLSimpleApplication@13278af5
reloadAllAccessors: .Expression7

===========================================================================================
----------------- testing Fri May 03 04:09:41 UTC 2019 /home/travis/build/icyphy/ptII/ptolemy/actor/lib/test/auto/Expression8.xml
----------------- Instantiating /home/travis/build/icyphy/ptII/ptolemy/actor/lib/test/auto/Expression8.xml
9 ms. Memory: 1371136K Free: 395608K (29%)
----------------- Invoking toplevel() on ptolemy.moml.MoMLSimpleApplication@3f10985
----------------- Done invoking toplevel() on ptolemy.moml.MoMLSimpleApplication@3f10985
reloadAllAccessors: .Expression8

===========================================================================================
----------------- testing Fri May 03 04:09:41 UTC 2019 /home/travis/build/icyphy/ptII/ptolemy/actor/lib/test/auto/Expression9.xml
----------------- Instantiating /home/travis/build/icyphy/ptII/ptolemy/actor/lib/test/auto/Expression9.xml
3 ms. Memory: 1371136K Free: 374512K (27%)
----------------- Invoking toplevel() on ptolemy.moml.MoMLSimpleApplication@46699c53
----------------- Done invoking toplevel() on ptolemy.moml.MoMLSimpleApplication@46699c53
reloadAllAccessors: .Expression9

===========================================================================================
----------------- testing Fri May 03 04:09:41 UTC 2019 /home/travis/build/icyphy/ptII/ptolemy/actor/lib/test/auto/ExpressionConcatenateArrayType.xml
----------------- Instantiating /home/travis/build/icyphy/ptII/ptolemy/actor/lib/test/auto/ExpressionConcatenateArrayType.xml
3 ms. Memory: 1371136K Free: 361993K (26%)
----------------- Invoking toplevel() on ptolemy.moml.MoMLSimpleApplication@4af482c
----------------- Done invoking toplevel() on ptolemy.moml.MoMLSimpleApplication@4af482c
reloadAllAccessors: .ExpressionConcatenateArrayType

===========================================================================================
----------------- testing Fri May 03 04:09:41 UTC 2019 /home/travis/build/icyphy/ptII/ptolemy/actor/lib/test/auto/ExpressionConcatenateArrayType2.xml
----------------- Instantiating /home/travis/build/icyphy/ptII/ptolemy/actor/lib/test/auto/ExpressionConcatenateArrayType2.xml
2 ms. Memory: 1371136K Free: 349475K (25%)
----------------- Invoking toplevel() on ptolemy.moml.MoMLSimpleApplication@7c71b785
----------------- Done invoking toplevel() on ptolemy.moml.MoMLSimpleApplication@7c71b785
reloadAllAccessors: .ExpressionConcatenateArrayType2

===========================================================================================
----------------- testing Fri May 03 04:09:41 UTC 2019 /home/travis/build/icyphy/ptII/ptolemy/actor/lib/test/auto/ExpressionFix.xml
----------------- Instantiating /home/travis/build/icyphy/ptII/ptolemy/actor/lib/test/auto/ExpressionFix.xml
20 ms. Memory: 1371136K Free: 336956K (25%)
----------------- Invoking toplevel() on ptolemy.moml.MoMLSimpleApplication@28c79fb8
----------------- Done invoking toplevel() on ptolemy.moml.MoMLSimpleApplication@28c79fb8
reloadAllAccessors: .ExpressionFix

===========================================================================================
----------------- testing Fri May 03 04:09:41 UTC 2019 /home/travis/build/icyphy/ptII/ptolemy/actor/lib/test/auto/ExpressionFix2.xml
----------------- Instantiating /home/travis/build/icyphy/ptII/ptolemy/actor/lib/test/auto/ExpressionFix2.xml
6 ms. Memory: 1371136K Free: 315859K (23%)
----------------- Invoking toplevel() on ptolemy.moml.MoMLSimpleApplication@6565857e
----------------- Done invoking toplevel() on ptolemy.moml.MoMLSimpleApplication@6565857e
reloadAllAccessors: .ExpressionFix2

===========================================================================================
----------------- testing Fri May 03 04:09:41 UTC 2019 /home/travis/build/icyphy/ptII/ptolemy/actor/lib/test/auto/ExpressionFix3.xml
----------------- Instantiating /home/travis/build/icyphy/ptII/ptolemy/actor/lib/test/auto/ExpressionFix3.xml
3 ms. Memory: 1371136K Free: 303341K (22%)
----------------- Invoking toplevel() on ptolemy.moml.MoMLSimpleApplication@4349003b
----------------- Done invoking toplevel() on ptolemy.moml.MoMLSimpleApplication@4349003b
reloadAllAccessors: .ExpressionFix3

===========================================================================================
----------------- testing Fri May 03 04:09:41 UTC 2019 /home/travis/build/icyphy/ptII/ptolemy/actor/lib/test/auto/FileWriter1.xml
----------------- Instantiating /home/travis/build/icyphy/ptII/ptolemy/actor/lib/test/auto/FileWriter1.xml
3 ms. Memory: 1371136K Free: 290822K (21%)
----------------- Invoking toplevel() on ptolemy.moml.MoMLSimpleApplication@182efd20
----------------- Done invoking toplevel() on ptolemy.moml.MoMLSimpleApplication@182efd20
reloadAllAccessors: .FileWriter1

===========================================================================================
----------------- testing Fri May 03 04:09:41 UTC 2019 /home/travis/build/icyphy/ptII/ptolemy/actor/lib/test/auto/FileWriter2.xml
----------------- Instantiating /home/travis/build/icyphy/ptII/ptolemy/actor/lib/test/auto/FileWriter2.xml
3 ms. Memory: 1371136K Free: 269726K (20%)
----------------- Invoking toplevel() on ptolemy.moml.MoMLSimpleApplication@4a72d8d7
----------------- Done invoking toplevel() on ptolemy.moml.MoMLSimpleApplication@4a72d8d7
reloadAllAccessors: .FileWriter2

===========================================================================================
----------------- testing Fri May 03 04:09:41 UTC 2019 /home/travis/build/icyphy/ptII/ptolemy/actor/lib/test/auto/FileWriter3.xml
----------------- Instantiating /home/travis/build/icyphy/ptII/ptolemy/actor/lib/test/auto/FileWriter3.xml
6 ms. Memory: 1371136K Free: 257207K (19%)
----------------- Invoking toplevel() on ptolemy.moml.MoMLSimpleApplication@adde75d
----------------- Done invoking toplevel() on ptolemy.moml.MoMLSimpleApplication@adde75d
reloadAllAccessors: .FileWriter3

===========================================================================================
----------------- testing Fri May 03 04:09:41 UTC 2019 /home/travis/build/icyphy/ptII/ptolemy/actor/lib/test/auto/Gaussian.xml
----------------- Instantiating /home/travis/build/icyphy/ptII/ptolemy/actor/lib/test/auto/Gaussian.xml
2 ms. Memory: 1371136K Free: 244689K (18%)
----------------- Invoking toplevel() on ptolemy.moml.MoMLSimpleApplication@739c2a5e
----------------- Done invoking toplevel() on ptolemy.moml.MoMLSimpleApplication@739c2a5e
reloadAllAccessors: .Gaussian

===========================================================================================
----------------- testing Fri May 03 04:09:41 UTC 2019 /home/travis/build/icyphy/ptII/ptolemy/actor/lib/test/auto/Gaussian1.xml
----------------- Instantiating /home/travis/build/icyphy/ptII/ptolemy/actor/lib/test/auto/Gaussian1.xml
2 ms. Memory: 1371136K Free: 232170K (17%)
----------------- Invoking toplevel() on ptolemy.moml.MoMLSimpleApplication@c8ae4ca
----------------- Done invoking toplevel() on ptolemy.moml.MoMLSimpleApplication@c8ae4ca
reloadAllAccessors: .Gaussian1

===========================================================================================
----------------- testing Fri May 03 04:09:41 UTC 2019 /home/travis/build/icyphy/ptII/ptolemy/actor/lib/test/auto/Gaussian2.xml
----------------- Instantiating /home/travis/build/icyphy/ptII/ptolemy/actor/lib/test/auto/Gaussian2.xml
3 ms. Memory: 1371136K Free: 211074K (15%)
----------------- Invoking toplevel() on ptolemy.moml.MoMLSimpleApplication@5547bb2c
----------------- Done invoking toplevel() on ptolemy.moml.MoMLSimpleApplication@5547bb2c
reloadAllAccessors: .Gaussian2

===========================================================================================
----------------- testing Fri May 03 04:09:41 UTC 2019 /home/travis/build/icyphy/ptII/ptolemy/actor/lib/test/auto/GradientAdaptiveLattice.xml
----------------- Instantiating /home/travis/build/icyphy/ptII/ptolemy/actor/lib/test/auto/GradientAdaptiveLattice.xml
3 ms. Memory: 1371136K Free: 198555K (14%)
----------------- Invoking toplevel() on ptolemy.moml.MoMLSimpleApplication@30542d96
----------------- Done invoking toplevel() on ptolemy.moml.MoMLSimpleApplication@30542d96
reloadAllAccessors: .GradientAdaptiveLattice

===========================================================================================
----------------- testing Fri May 03 04:09:42 UTC 2019 /home/travis/build/icyphy/ptII/ptolemy/actor/lib/test/auto/IIR.xml
----------------- Instantiating /home/travis/build/icyphy/ptII/ptolemy/actor/lib/test/auto/IIR.xml
2 ms. Memory: 1371136K Free: 186037K (14%)
----------------- Invoking toplevel() on ptolemy.moml.MoMLSimpleApplication@27fe9302
----------------- Done invoking toplevel() on ptolemy.moml.MoMLSimpleApplication@27fe9302
reloadAllAccessors: .IIR

===========================================================================================
----------------- testing Fri May 03 04:09:42 UTC 2019 /home/travis/build/icyphy/ptII/ptolemy/actor/lib/test/auto/InputOutputTransparentPorts.xml
----------------- Instantiating /home/travis/build/icyphy/ptII/ptolemy/actor/lib/test/auto/InputOutputTransparentPorts.xml
2 ms. Memory: 1371136K Free: 173518K (13%)
----------------- Invoking toplevel() on ptolemy.moml.MoMLSimpleApplication@572a9f12
----------------- Done invoking toplevel() on ptolemy.moml.MoMLSimpleApplication@572a9f12
reloadAllAccessors: .InputOutputTransparentPorts

===========================================================================================
----------------- testing Fri May 03 04:09:42 UTC 2019 /home/travis/build/icyphy/ptII/ptolemy/actor/lib/test/auto/Interpolator.xml
----------------- Instantiating /home/travis/build/icyphy/ptII/ptolemy/actor/lib/test/auto/Interpolator.xml
3 ms. Memory: 1371136K Free: 152422K (11%)
----------------- Invoking toplevel() on ptolemy.moml.MoMLSimpleApplication@22e45460
----------------- Done invoking toplevel() on ptolemy.moml.MoMLSimpleApplication@22e45460
reloadAllAccessors: .Interpolator

===========================================================================================
----------------- testing Fri May 03 04:09:42 UTC 2019 /home/travis/build/icyphy/ptII/ptolemy/actor/lib/test/auto/InterpolatorFiringLimitDE.xml
----------------- Instantiating /home/travis/build/icyphy/ptII/ptolemy/actor/lib/test/auto/InterpolatorFiringLimitDE.xml
3 ms. Memory: 1371136K Free: 139903K (10%)
----------------- Invoking toplevel() on ptolemy.moml.MoMLSimpleApplication@4da94db0
----------------- Done invoking toplevel() on ptolemy.moml.MoMLSimpleApplication@4da94db0
reloadAllAccessors: .InterpolatorFiringLimitDE

===========================================================================================
----------------- testing Fri May 03 04:09:42 UTC 2019 /home/travis/build/icyphy/ptII/ptolemy/actor/lib/test/auto/Lattice.xml
----------------- Instantiating /home/travis/build/icyphy/ptII/ptolemy/actor/lib/test/auto/Lattice.xml
2 ms. Memory: 1371136K Free: 127385K (9%)
----------------- Invoking toplevel() on ptolemy.moml.MoMLSimpleApplication@2a8d91b2
----------------- Done invoking toplevel() on ptolemy.moml.MoMLSimpleApplication@2a8d91b2
reloadAllAccessors: .Lattice

===========================================================================================
----------------- testing Fri May 03 04:09:42 UTC 2019 /home/travis/build/icyphy/ptII/ptolemy/actor/lib/test/auto/LazyAOCTestLazy.xml
----------------- Instantiating /home/travis/build/icyphy/ptII/ptolemy/actor/lib/test/auto/LazyAOCTestLazy.xml
10 ms. Memory: 1371136K Free: 114866K (8%)
----------------- Invoking toplevel() on ptolemy.moml.MoMLSimpleApplication@41f9deb5
----------------- Done invoking toplevel() on ptolemy.moml.MoMLSimpleApplication@41f9deb5
reloadAllAccessors: .LazyAOCTestLazy

===========================================================================================
----------------- testing Fri May 03 04:09:42 UTC 2019 /home/travis/build/icyphy/ptII/ptolemy/actor/lib/test/auto/LazyAOCTestNonLazy.xml
----------------- Instantiating /home/travis/build/icyphy/ptII/ptolemy/actor/lib/test/auto/LazyAOCTestNonLazy.xml
2 ms. Memory: 1371136K Free: 93770K (7%)
----------------- Invoking toplevel() on ptolemy.moml.MoMLSimpleApplication@6f831b85
----------------- Done invoking toplevel() on ptolemy.moml.MoMLSimpleApplication@6f831b85
reloadAllAccessors: .LazyAOCTestNonLazy

===========================================================================================
----------------- testing Fri May 03 04:09:42 UTC 2019 /home/travis/build/icyphy/ptII/ptolemy/actor/lib/test/auto/LazyInnerClass.xml
----------------- Instantiating /home/travis/build/icyphy/ptII/ptolemy/actor/lib/test/auto/LazyInnerClass.xml
24 ms. Memory: 1371136K Free: 82144K (6%)
----------------- Invoking toplevel() on ptolemy.moml.MoMLSimpleApplication@64385df
----------------- Done invoking toplevel() on ptolemy.moml.MoMLSimpleApplication@64385df
reloadAllAccessors: .LazyInnerClass

===========================================================================================
----------------- testing Fri May 03 04:09:42 UTC 2019 /home/travis/build/icyphy/ptII/ptolemy/actor/lib/test/auto/LazyPubSub.xml
----------------- Instantiating /home/travis/build/icyphy/ptII/ptolemy/actor/lib/test/auto/LazyPubSub.xml
22 ms. Memory: 1371136K Free: 1320253K (96%)
----------------- Invoking toplevel() on ptolemy.moml.MoMLSimpleApplication@3e74ab96
----------------- Done invoking toplevel() on ptolemy.moml.MoMLSimpleApplication@3e74ab96
reloadAllAccessors: .LazyPubSub

===========================================================================================
----------------- testing Fri May 03 04:09:42 UTC 2019 /home/travis/build/icyphy/ptII/ptolemy/actor/lib/test/auto/LazyPubSub2.xml
----------------- Instantiating /home/travis/build/icyphy/ptII/ptolemy/actor/lib/test/auto/LazyPubSub2.xml
12 ms. Memory: 1371136K Free: 1301148K (95%)
----------------- Invoking toplevel() on ptolemy.moml.MoMLSimpleApplication@6cd265c
----------------- Done invoking toplevel() on ptolemy.moml.MoMLSimpleApplication@6cd265c
reloadAllAccessors: .LazyPubSub2

===========================================================================================
----------------- testing Fri May 03 04:09:42 UTC 2019 /home/travis/build/icyphy/ptII/ptolemy/actor/lib/test/auto/LazyPubSub3.xml
----------------- Instantiating /home/travis/build/icyphy/ptII/ptolemy/actor/lib/test/auto/LazyPubSub3.xml
18 ms. Memory: 1371136K Free: 1288630K (94%)
----------------- Invoking toplevel() on ptolemy.moml.MoMLSimpleApplication@34466423
----------------- Done invoking toplevel() on ptolemy.moml.MoMLSimpleApplication@34466423
reloadAllAccessors: .LazyPubSub3

===========================================================================================
----------------- testing Fri May 03 04:09:42 UTC 2019 /home/travis/build/icyphy/ptII/ptolemy/actor/lib/test/auto/LazySubClassModel.xml
----------------- Instantiating /home/travis/build/icyphy/ptII/ptolemy/actor/lib/test/auto/LazySubClassModel.xml
2 ms. Memory: 1371136K Free: 1263368K (92%)
----------------- Invoking toplevel() on ptolemy.moml.MoMLSimpleApplication@3e928865
----------------- Done invoking toplevel() on ptolemy.moml.MoMLSimpleApplication@3e928865
reloadAllAccessors: .LazySubClassModel

===========================================================================================
----------------- testing Fri May 03 04:09:42 UTC 2019 /home/travis/build/icyphy/ptII/ptolemy/actor/lib/test/auto/LevelCrossTest1.xml
----------------- Instantiating /home/travis/build/icyphy/ptII/ptolemy/actor/lib/test/auto/LevelCrossTest1.xml
1 ms. Memory: 1371136K Free: 1250849K (91%)
----------------- Invoking toplevel() on ptolemy.moml.MoMLSimpleApplication@2291ccfb
----------------- Done invoking toplevel() on ptolemy.moml.MoMLSimpleApplication@2291ccfb
reloadAllAccessors: .broken

===========================================================================================
----------------- testing Fri May 03 04:09:42 UTC 2019 /home/travis/build/icyphy/ptII/ptolemy/actor/lib/test/auto/LevelCrossTest10.xml
----------------- Instantiating /home/travis/build/icyphy/ptII/ptolemy/actor/lib/test/auto/LevelCrossTest10.xml
1 ms. Memory: 1371136K Free: 1238331K (90%)
----------------- Invoking toplevel() on ptolemy.moml.MoMLSimpleApplication@73b8338f
----------------- Done invoking toplevel() on ptolemy.moml.MoMLSimpleApplication@73b8338f
reloadAllAccessors: .LevelCrossTest10

===========================================================================================
----------------- testing Fri May 03 04:09:42 UTC 2019 /home/travis/build/icyphy/ptII/ptolemy/actor/lib/test/auto/LevelCrossTest11.xml
----------------- Instantiating /home/travis/build/icyphy/ptII/ptolemy/actor/lib/test/auto/LevelCrossTest11.xml
5 ms. Memory: 1371136K Free: 1219336K (89%)
----------------- Invoking toplevel() on ptolemy.moml.MoMLSimpleApplication@295e3b92
----------------- Done invoking toplevel() on ptolemy.moml.MoMLSimpleApplication@295e3b92
reloadAllAccessors: .LevelCrossTest11

===========================================================================================
----------------- testing Fri May 03 04:09:42 UTC 2019 /home/travis/build/icyphy/ptII/ptolemy/actor/lib/test/auto/LevelCrossTest12.xml
----------------- Instantiating /home/travis/build/icyphy/ptII/ptolemy/actor/lib/test/auto/LevelCrossTest12.xml
1 ms. Memory: 1371136K Free: 1206817K (88%)
----------------- Invoking toplevel() on ptolemy.moml.MoMLSimpleApplication@1581ae7
----------------- Done invoking toplevel() on ptolemy.moml.MoMLSimpleApplication@1581ae7
reloadAllAccessors: .LevelCrossTest12

===========================================================================================
----------------- testing Fri May 03 04:09:42 UTC 2019 /home/travis/build/icyphy/ptII/ptolemy/actor/lib/test/auto/LevelCrossTest13.xml
----------------- Instantiating /home/travis/build/icyphy/ptII/ptolemy/actor/lib/test/auto/LevelCrossTest13.xml
1 ms. Memory: 1371136K Free: 1194299K (87%)
----------------- Invoking toplevel() on ptolemy.moml.MoMLSimpleApplication@774d2206
----------------- Done invoking toplevel() on ptolemy.moml.MoMLSimpleApplication@774d2206
reloadAllAccessors: .LevelCrossTest13

===========================================================================================
----------------- testing Fri May 03 04:09:42 UTC 2019 /home/travis/build/icyphy/ptII/ptolemy/actor/lib/test/auto/LevelCrossTest2.xml
----------------- Instantiating /home/travis/build/icyphy/ptII/ptolemy/actor/lib/test/auto/LevelCrossTest2.xml
1 ms. Memory: 1371136K Free: 1175304K (86%)
----------------- Invoking toplevel() on ptolemy.moml.MoMLSimpleApplication@44234ffd
----------------- Done invoking toplevel() on ptolemy.moml.MoMLSimpleApplication@44234ffd
reloadAllAccessors: .broken

===========================================================================================
----------------- testing Fri May 03 04:09:42 UTC 2019 /home/travis/build/icyphy/ptII/ptolemy/actor/lib/test/auto/LevelCrossTest3.xml
----------------- Instantiating /home/travis/build/icyphy/ptII/ptolemy/actor/lib/test/auto/LevelCrossTest3.xml
1 ms. Memory: 1371136K Free: 1162785K (85%)
----------------- Invoking toplevel() on ptolemy.moml.MoMLSimpleApplication@45712e2
----------------- Done invoking toplevel() on ptolemy.moml.MoMLSimpleApplication@45712e2
reloadAllAccessors: .LevelCrossTest3

===========================================================================================
----------------- testing Fri May 03 04:09:42 UTC 2019 /home/travis/build/icyphy/ptII/ptolemy/actor/lib/test/auto/LevelCrossTest4.xml
----------------- Instantiating /home/travis/build/icyphy/ptII/ptolemy/actor/lib/test/auto/LevelCrossTest4.xml
2 ms. Memory: 1371136K Free: 1150267K (84%)
----------------- Invoking toplevel() on ptolemy.moml.MoMLSimpleApplication@2ce42574
----------------- Done invoking toplevel() on ptolemy.moml.MoMLSimpleApplication@2ce42574
reloadAllAccessors: .broken

===========================================================================================
----------------- testing Fri May 03 04:09:42 UTC 2019 /home/travis/build/icyphy/ptII/ptolemy/actor/lib/test/auto/LevelCrossTest5.xml
----------------- Instantiating /home/travis/build/icyphy/ptII/ptolemy/actor/lib/test/auto/LevelCrossTest5.xml
1 ms. Memory: 1371136K Free: 1131272K (83%)
----------------- Invoking toplevel() on ptolemy.moml.MoMLSimpleApplication@1a187e46
----------------- Done invoking toplevel() on ptolemy.moml.MoMLSimpleApplication@1a187e46
reloadAllAccessors: .LevelCrossTest5

===========================================================================================
----------------- testing Fri May 03 04:09:42 UTC 2019 /home/travis/build/icyphy/ptII/ptolemy/actor/lib/test/auto/LevelCrossTest6.xml
----------------- Instantiating /home/travis/build/icyphy/ptII/ptolemy/actor/lib/test/auto/LevelCrossTest6.xml
1 ms. Memory: 1371136K Free: 1118753K (82%)
----------------- Invoking toplevel() on ptolemy.moml.MoMLSimpleApplication@4a2a28db
----------------- Done invoking toplevel() on ptolemy.moml.MoMLSimpleApplication@4a2a28db
reloadAllAccessors: .LevelCrossTest6

===========================================================================================
----------------- testing Fri May 03 04:09:42 UTC 2019 /home/travis/build/icyphy/ptII/ptolemy/actor/lib/test/auto/LevelCrossTest7.xml
----------------- Instantiating /home/travis/build/icyphy/ptII/ptolemy/actor/lib/test/auto/LevelCrossTest7.xml
1 ms. Memory: 1371136K Free: 1106235K (81%)
----------------- Invoking toplevel() on ptolemy.moml.MoMLSimpleApplication@739133b2
----------------- Done invoking toplevel() on ptolemy.moml.MoMLSimpleApplication@739133b2
reloadAllAccessors: .LevelCrossTest7

===========================================================================================
----------------- testing Fri May 03 04:09:42 UTC 2019 /home/travis/build/icyphy/ptII/ptolemy/actor/lib/test/auto/LevelCrossTest8.xml
----------------- Instantiating /home/travis/build/icyphy/ptII/ptolemy/actor/lib/test/auto/LevelCrossTest8.xml
1 ms. Memory: 1371136K Free: 1087240K (79%)
----------------- Invoking toplevel() on ptolemy.moml.MoMLSimpleApplication@77e8863
----------------- Done invoking toplevel() on ptolemy.moml.MoMLSimpleApplication@77e8863
reloadAllAccessors: .LevelCrossTest8

===========================================================================================
----------------- testing Fri May 03 04:09:42 UTC 2019 /home/travis/build/icyphy/ptII/ptolemy/actor/lib/test/auto/LevelCrossTest9.xml
----------------- Instantiating /home/travis/build/icyphy/ptII/ptolemy/actor/lib/test/auto/LevelCrossTest9.xml
1 ms. Memory: 1371136K Free: 1074721K (78%)
----------------- Invoking toplevel() on ptolemy.moml.MoMLSimpleApplication@41479827
----------------- Done invoking toplevel() on ptolemy.moml.MoMLSimpleApplication@41479827
reloadAllAccessors: .LevelCrossTest9

===========================================================================================
----------------- testing Fri May 03 04:09:42 UTC 2019 /home/travis/build/icyphy/ptII/ptolemy/actor/lib/test/auto/LevinsonDurbin.xml
----------------- Instantiating /home/travis/build/icyphy/ptII/ptolemy/actor/lib/test/auto/LevinsonDurbin.xml
1 ms. Memory: 1371136K Free: 1055726K (77%)
----------------- Invoking toplevel() on ptolemy.moml.MoMLSimpleApplication@68525167
----------------- Done invoking toplevel() on ptolemy.moml.MoMLSimpleApplication@68525167
reloadAllAccessors: .LevinsonDurbin

===========================================================================================
----------------- testing Fri May 03 04:09:42 UTC 2019 /home/travis/build/icyphy/ptII/ptolemy/actor/lib/test/auto/LevinsonDurbin2.xml
----------------- Instantiating /home/travis/build/icyphy/ptII/ptolemy/actor/lib/test/auto/LevinsonDurbin2.xml
1 ms. Memory: 1371136K Free: 1043208K (76%)
----------------- Invoking toplevel() on ptolemy.moml.MoMLSimpleApplication@22ae4211
----------------- Done invoking toplevel() on ptolemy.moml.MoMLSimpleApplication@22ae4211
reloadAllAccessors: .LevinsonDurbin2

===========================================================================================
----------------- testing Fri May 03 04:09:42 UTC 2019 /home/travis/build/icyphy/ptII/ptolemy/actor/lib/test/auto/LevinsonDurbin3.xml
----------------- Instantiating /home/travis/build/icyphy/ptII/ptolemy/actor/lib/test/auto/LevinsonDurbin3.xml
4 ms. Memory: 1371136K Free: 1030689K (75%)
----------------- Invoking toplevel() on ptolemy.moml.MoMLSimpleApplication@3b9d81a0
----------------- Done invoking toplevel() on ptolemy.moml.MoMLSimpleApplication@3b9d81a0
reloadAllAccessors: .LevinsonDurbin3

===========================================================================================
----------------- testing Fri May 03 04:09:42 UTC 2019 /home/travis/build/icyphy/ptII/ptolemy/actor/lib/test/auto/Limiter.xml
----------------- Instantiating /home/travis/build/icyphy/ptII/ptolemy/actor/lib/test/auto/Limiter.xml
4 ms. Memory: 1371136K Free: 1011694K (74%)
----------------- Invoking toplevel() on ptolemy.moml.MoMLSimpleApplication@1c438a94
----------------- Done invoking toplevel() on ptolemy.moml.MoMLSimpleApplication@1c438a94
reloadAllAccessors: .Limiter

===========================================================================================
----------------- testing Fri May 03 04:09:42 UTC 2019 /home/travis/build/icyphy/ptII/ptolemy/actor/lib/test/auto/LinearDifferenceEquationSystem.xml
----------------- Instantiating /home/travis/build/icyphy/ptII/ptolemy/actor/lib/test/auto/LinearDifferenceEquationSystem.xml
4 ms. Memory: 1371136K Free: 999176K (73%)
----------------- Invoking toplevel() on ptolemy.moml.MoMLSimpleApplication@11a45f11
----------------- Done invoking toplevel() on ptolemy.moml.MoMLSimpleApplication@11a45f11
reloadAllAccessors: .LinearDifferenceEquationSystem

===========================================================================================
----------------- testing Fri May 03 04:09:42 UTC 2019 /home/travis/build/icyphy/ptII/ptolemy/actor/lib/test/auto/LookupTable.xml
----------------- Instantiating /home/travis/build/icyphy/ptII/ptolemy/actor/lib/test/auto/LookupTable.xml
1 ms. Memory: 1371136K Free: 986657K (72%)
----------------- Invoking toplevel() on ptolemy.moml.MoMLSimpleApplication@183e898c
----------------- Done invoking toplevel() on ptolemy.moml.MoMLSimpleApplication@183e898c
reloadAllAccessors: .LookupTable

===========================================================================================
----------------- testing Fri May 03 04:09:42 UTC 2019 /home/travis/build/icyphy/ptII/ptolemy/actor/lib/test/auto/MathFunction.xml
----------------- Instantiating /home/travis/build/icyphy/ptII/ptolemy/actor/lib/test/auto/MathFunction.xml
7 ms. Memory: 1371136K Free: 967662K (71%)
----------------- Invoking toplevel() on ptolemy.moml.MoMLSimpleApplication@3a0cf8e7
----------------- Done invoking toplevel() on ptolemy.moml.MoMLSimpleApplication@3a0cf8e7
reloadAllAccessors: .MathFunction

===========================================================================================
----------------- testing Fri May 03 04:09:42 UTC 2019 /home/travis/build/icyphy/ptII/ptolemy/actor/lib/test/auto/MathFunction2.xml
----------------- Instantiating /home/travis/build/icyphy/ptII/ptolemy/actor/lib/test/auto/MathFunction2.xml
1 ms. Memory: 1371136K Free: 955144K (70%)
----------------- Invoking toplevel() on ptolemy.moml.MoMLSimpleApplication@108359ef
----------------- Done invoking toplevel() on ptolemy.moml.MoMLSimpleApplication@108359ef
reloadAllAccessors: .MathFunction2

===========================================================================================
----------------- testing Fri May 03 04:09:42 UTC 2019 /home/travis/build/icyphy/ptII/ptolemy/actor/lib/test/auto/MathFunction3.xml
----------------- Instantiating /home/travis/build/icyphy/ptII/ptolemy/actor/lib/test/auto/MathFunction3.xml
2 ms. Memory: 1371136K Free: 942625K (69%)
----------------- Invoking toplevel() on ptolemy.moml.MoMLSimpleApplication@24304c9b
----------------- Done invoking toplevel() on ptolemy.moml.MoMLSimpleApplication@24304c9b
reloadAllAccessors: .MathFunction3

===========================================================================================
----------------- testing Fri May 03 04:09:42 UTC 2019 /home/travis/build/icyphy/ptII/ptolemy/actor/lib/test/auto/MatrixCropBoolean.xml
----------------- Instantiating /home/travis/build/icyphy/ptII/ptolemy/actor/lib/test/auto/MatrixCropBoolean.xml
1 ms. Memory: 1371136K Free: 923630K (67%)
----------------- Invoking toplevel() on ptolemy.moml.MoMLSimpleApplication@fec7711
----------------- Done invoking toplevel() on ptolemy.moml.MoMLSimpleApplication@fec7711
reloadAllAccessors: .MatrixCropBoolean

===========================================================================================
----------------- testing Fri May 03 04:09:42 UTC 2019 /home/travis/build/icyphy/ptII/ptolemy/actor/lib/test/auto/MatrixCropComplex.xml
----------------- Instantiating /home/travis/build/icyphy/ptII/ptolemy/actor/lib/test/auto/MatrixCropComplex.xml
1 ms. Memory: 1371136K Free: 911112K (66%)
----------------- Invoking toplevel() on ptolemy.moml.MoMLSimpleApplication@3c19300f
----------------- Done invoking toplevel() on ptolemy.moml.MoMLSimpleApplication@3c19300f
reloadAllAccessors: .MatrixCropComplex

===========================================================================================
----------------- testing Fri May 03 04:09:42 UTC 2019 /home/travis/build/icyphy/ptII/ptolemy/actor/lib/test/auto/MatrixCropDouble.xml
----------------- Instantiating /home/travis/build/icyphy/ptII/ptolemy/actor/lib/test/auto/MatrixCropDouble.xml
1 ms. Memory: 1371136K Free: 892117K (65%)
----------------- Invoking toplevel() on ptolemy.moml.MoMLSimpleApplication@290247bf
----------------- Done invoking toplevel() on ptolemy.moml.MoMLSimpleApplication@290247bf
reloadAllAccessors: .MatrixCropDouble

===========================================================================================
----------------- testing Fri May 03 04:09:42 UTC 2019 /home/travis/build/icyphy/ptII/ptolemy/actor/lib/test/auto/MatrixCropFix.xml
----------------- Instantiating /home/travis/build/icyphy/ptII/ptolemy/actor/lib/test/auto/MatrixCropFix.xml
2 ms. Memory: 1371136K Free: 879599K (64%)
----------------- Invoking toplevel() on ptolemy.moml.MoMLSimpleApplication@60dae00f
----------------- Done invoking toplevel() on ptolemy.moml.MoMLSimpleApplication@60dae00f
reloadAllAccessors: .MatrixCropFix

===========================================================================================
----------------- testing Fri May 03 04:09:42 UTC 2019 /home/travis/build/icyphy/ptII/ptolemy/actor/lib/test/auto/MatrixCropInt.xml
----------------- Instantiating /home/travis/build/icyphy/ptII/ptolemy/actor/lib/test/auto/MatrixCropInt.xml
2 ms. Memory: 1371136K Free: 867080K (63%)
----------------- Invoking toplevel() on ptolemy.moml.MoMLSimpleApplication@665e4cbe
----------------- Done invoking toplevel() on ptolemy.moml.MoMLSimpleApplication@665e4cbe
reloadAllAccessors: .MatrixCropInt

===========================================================================================
----------------- testing Fri May 03 04:09:42 UTC 2019 /home/travis/build/icyphy/ptII/ptolemy/actor/lib/test/auto/MatrixCropLong.xml
----------------- Instantiating /home/travis/build/icyphy/ptII/ptolemy/actor/lib/test/auto/MatrixCropLong.xml
2 ms. Memory: 1371136K Free: 848085K (62%)
----------------- Invoking toplevel() on ptolemy.moml.MoMLSimpleApplication@f475c13
----------------- Done invoking toplevel() on ptolemy.moml.MoMLSimpleApplication@f475c13
reloadAllAccessors: .MatrixCropLong

===========================================================================================
----------------- testing Fri May 03 04:09:42 UTC 2019 /home/travis/build/icyphy/ptII/ptolemy/actor/lib/test/auto/MatrixToArray.xml
----------------- Instantiating /home/travis/build/icyphy/ptII/ptolemy/actor/lib/test/auto/MatrixToArray.xml
5 ms. Memory: 1371136K Free: 823040K (60%)
----------------- Invoking toplevel() on ptolemy.moml.MoMLSimpleApplication@4185eddd
----------------- Done invoking toplevel() on ptolemy.moml.MoMLSimpleApplication@4185eddd
reloadAllAccessors: .MatrixToArray

===========================================================================================
----------------- testing Fri May 03 04:09:42 UTC 2019 /home/travis/build/icyphy/ptII/ptolemy/actor/lib/test/auto/MaxIndex.xml
----------------- Instantiating /home/travis/build/icyphy/ptII/ptolemy/actor/lib/test/auto/MaxIndex.xml
2 ms. Memory: 1371136K Free: 810522K (59%)
----------------- Invoking toplevel() on ptolemy.moml.MoMLSimpleApplication@3889e523
----------------- Done invoking toplevel() on ptolemy.moml.MoMLSimpleApplication@3889e523
reloadAllAccessors: .MaxIndex

===========================================================================================
----------------- testing Fri May 03 04:09:42 UTC 2019 /home/travis/build/icyphy/ptII/ptolemy/actor/lib/test/auto/Maximum.xml
----------------- Instantiating /home/travis/build/icyphy/ptII/ptolemy/actor/lib/test/auto/Maximum.xml
2 ms. Memory: 1371136K Free: 791527K (58%)
----------------- Invoking toplevel() on ptolemy.moml.MoMLSimpleApplication@49703e57
----------------- Done invoking toplevel() on ptolemy.moml.MoMLSimpleApplication@49703e57
reloadAllAccessors: .Maximum

===========================================================================================
----------------- testing Fri May 03 04:09:43 UTC 2019 /home/travis/build/icyphy/ptII/ptolemy/actor/lib/test/auto/MaximumComplex.xml
----------------- Instantiating /home/travis/build/icyphy/ptII/ptolemy/actor/lib/test/auto/MaximumComplex.xml
2 ms. Memory: 1371136K Free: 779009K (57%)
----------------- Invoking toplevel() on ptolemy.moml.MoMLSimpleApplication@13cca889
----------------- Done invoking toplevel() on ptolemy.moml.MoMLSimpleApplication@13cca889
reloadAllAccessors: .MaximumComplex

===========================================================================================
----------------- testing Fri May 03 04:09:43 UTC 2019 /home/travis/build/icyphy/ptII/ptolemy/actor/lib/test/auto/MethodCallTest.xml
----------------- Instantiating /home/travis/build/icyphy/ptII/ptolemy/actor/lib/test/auto/MethodCallTest.xml
2 ms. Memory: 1371136K Free: 766490K (56%)
----------------- Invoking toplevel() on ptolemy.moml.MoMLSimpleApplication@2bfeba0d
----------------- Done invoking toplevel() on ptolemy.moml.MoMLSimpleApplication@2bfeba0d
reloadAllAccessors: .MethodCallTest

===========================================================================================
----------------- testing Fri May 03 04:09:43 UTC 2019 /home/travis/build/icyphy/ptII/ptolemy/actor/lib/test/auto/Minimum.xml
----------------- Instantiating /home/travis/build/icyphy/ptII/ptolemy/actor/lib/test/auto/Minimum.xml
2 ms. Memory: 1371136K Free: 747495K (55%)
----------------- Invoking toplevel() on ptolemy.moml.MoMLSimpleApplication@28b4cc51
----------------- Done invoking toplevel() on ptolemy.moml.MoMLSimpleApplication@28b4cc51
reloadAllAccessors: .Minimum

===========================================================================================
----------------- testing Fri May 03 04:09:43 UTC 2019 /home/travis/build/icyphy/ptII/ptolemy/actor/lib/test/auto/MinimumComplex.xml
----------------- Instantiating /home/travis/build/icyphy/ptII/ptolemy/actor/lib/test/auto/MinimumComplex.xml
2 ms. Memory: 1371136K Free: 734977K (54%)
----------------- Invoking toplevel() on ptolemy.moml.MoMLSimpleApplication@29cba696
----------------- Done invoking toplevel() on ptolemy.moml.MoMLSimpleApplication@29cba696
reloadAllAccessors: .MinimumComplex

===========================================================================================
----------------- testing Fri May 03 04:09:43 UTC 2019 /home/travis/build/icyphy/ptII/ptolemy/actor/lib/test/auto/MinimumMultiports.xml
----------------- Instantiating /home/travis/build/icyphy/ptII/ptolemy/actor/lib/test/auto/MinimumMultiports.xml
3 ms. Memory: 1371136K Free: 722458K (53%)
----------------- Invoking toplevel() on ptolemy.moml.MoMLSimpleApplication@7802436d
----------------- Done invoking toplevel() on ptolemy.moml.MoMLSimpleApplication@7802436d
reloadAllAccessors: .MinimumMultiports

===========================================================================================
----------------- testing Fri May 03 04:09:43 UTC 2019 /home/travis/build/icyphy/ptII/ptolemy/actor/lib/test/auto/ModifyDate.xml
----------------- Instantiating /home/travis/build/icyphy/ptII/ptolemy/actor/lib/test/auto/ModifyDate.xml
6 ms. Memory: 1371136K Free: 697188K (51%)
----------------- Invoking toplevel() on ptolemy.moml.MoMLSimpleApplication@23c02ca9
----------------- Done invoking toplevel() on ptolemy.moml.MoMLSimpleApplication@23c02ca9
reloadAllAccessors: .ModifyDate

===========================================================================================
----------------- testing Fri May 03 04:09:43 UTC 2019 /home/travis/build/icyphy/ptII/ptolemy/actor/lib/test/auto/ModifyDate2.xml
----------------- Instantiating /home/travis/build/icyphy/ptII/ptolemy/actor/lib/test/auto/ModifyDate2.xml
2 ms. Memory: 1371136K Free: 678403K (49%)
----------------- Invoking toplevel() on ptolemy.moml.MoMLSimpleApplication@35ca0ccd
----------------- Done invoking toplevel() on ptolemy.moml.MoMLSimpleApplication@35ca0ccd
reloadAllAccessors: .ModifyDate2

===========================================================================================
----------------- testing Fri May 03 04:09:43 UTC 2019 /home/travis/build/icyphy/ptII/ptolemy/actor/lib/test/auto/MovingAverage.xml
----------------- Instantiating /home/travis/build/icyphy/ptII/ptolemy/actor/lib/test/auto/MovingAverage.xml
1 ms. Memory: 1371136K Free: 659408K (48%)
----------------- Invoking toplevel() on ptolemy.moml.MoMLSimpleApplication@39b3d3ed
----------------- Done invoking toplevel() on ptolemy.moml.MoMLSimpleApplication@39b3d3ed
reloadAllAccessors: .MovingAverage

===========================================================================================
----------------- testing Fri May 03 04:09:43 UTC 2019 /home/travis/build/icyphy/ptII/ptolemy/actor/lib/test/auto/MovingMaximum.xml
----------------- Instantiating /home/travis/build/icyphy/ptII/ptolemy/actor/lib/test/auto/MovingMaximum.xml
2 ms. Memory: 1371136K Free: 646889K (47%)
----------------- Invoking toplevel() on ptolemy.moml.MoMLSimpleApplication@3b8fa06d
----------------- Done invoking toplevel() on ptolemy.moml.MoMLSimpleApplication@3b8fa06d
reloadAllAccessors: .MovingMaximum

===========================================================================================
----------------- testing Fri May 03 04:09:43 UTC 2019 /home/travis/build/icyphy/ptII/ptolemy/actor/lib/test/auto/MultipleLinksToSameRelation.xml
----------------- Instantiating /home/travis/build/icyphy/ptII/ptolemy/actor/lib/test/auto/MultipleLinksToSameRelation.xml
2 ms. Memory: 1371136K Free: 634371K (46%)
----------------- Invoking toplevel() on ptolemy.moml.MoMLSimpleApplication@1bdad9e0
----------------- Done invoking toplevel() on ptolemy.moml.MoMLSimpleApplication@1bdad9e0
reloadAllAccessors: .MultipleLinksToSameRelation

===========================================================================================
----------------- testing Fri May 03 04:09:43 UTC 2019 /home/travis/build/icyphy/ptII/ptolemy/actor/lib/test/auto/MultipleLinksToSameRelationDE.xml
----------------- Instantiating /home/travis/build/icyphy/ptII/ptolemy/actor/lib/test/auto/MultipleLinksToSameRelationDE.xml
2 ms. Memory: 1371136K Free: 615376K (45%)
----------------- Invoking toplevel() on ptolemy.moml.MoMLSimpleApplication@c2b4ee4
----------------- Done invoking toplevel() on ptolemy.moml.MoMLSimpleApplication@c2b4ee4
reloadAllAccessors: .MultipleLinksToSameRelationDE

===========================================================================================
----------------- testing Fri May 03 04:09:43 UTC 2019 /home/travis/build/icyphy/ptII/ptolemy/actor/lib/test/auto/Multiplexor.xml
----------------- Instantiating /home/travis/build/icyphy/ptII/ptolemy/actor/lib/test/auto/Multiplexor.xml
1 ms. Memory: 1371136K Free: 602858K (44%)
----------------- Invoking toplevel() on ptolemy.moml.MoMLSimpleApplication@42d43db0
----------------- Done invoking toplevel() on ptolemy.moml.MoMLSimpleApplication@42d43db0
reloadAllAccessors: .Multiplexor

===========================================================================================
----------------- testing Fri May 03 04:09:43 UTC 2019 /home/travis/build/icyphy/ptII/ptolemy/actor/lib/test/auto/Multiplexor1.xml
----------------- Instantiating /home/travis/build/icyphy/ptII/ptolemy/actor/lib/test/auto/Multiplexor1.xml
4 ms. Memory: 1371136K Free: 590339K (43%)
----------------- Invoking toplevel() on ptolemy.moml.MoMLSimpleApplication@6cc0c749
----------------- Done invoking toplevel() on ptolemy.moml.MoMLSimpleApplication@6cc0c749
reloadAllAccessors: .Multiplexor1

===========================================================================================
----------------- testing Fri May 03 04:09:43 UTC 2019 /home/travis/build/icyphy/ptII/ptolemy/actor/lib/test/auto/Multiplexor2.xml
----------------- Instantiating /home/travis/build/icyphy/ptII/ptolemy/actor/lib/test/auto/Multiplexor2.xml
2 ms. Memory: 1371136K Free: 571344K (42%)
----------------- Invoking toplevel() on ptolemy.moml.MoMLSimpleApplication@7e8d6ccb
----------------- Done invoking toplevel() on ptolemy.moml.MoMLSimpleApplication@7e8d6ccb
reloadAllAccessors: .Multiplexor2

===========================================================================================
----------------- testing Fri May 03 04:09:43 UTC 2019 /home/travis/build/icyphy/ptII/ptolemy/actor/lib/test/auto/Multiplexor3.xml
----------------- Instantiating /home/travis/build/icyphy/ptII/ptolemy/actor/lib/test/auto/Multiplexor3.xml
1 ms. Memory: 1371136K Free: 558826K (41%)
----------------- Invoking toplevel() on ptolemy.moml.MoMLSimpleApplication@69c7d134
----------------- Done invoking toplevel() on ptolemy.moml.MoMLSimpleApplication@69c7d134
reloadAllAccessors: .Multiplexor3

===========================================================================================
----------------- testing Fri May 03 04:09:43 UTC 2019 /home/travis/build/icyphy/ptII/ptolemy/actor/lib/test/auto/MultiplexorDE.xml
----------------- Instantiating /home/travis/build/icyphy/ptII/ptolemy/actor/lib/test/auto/MultiplexorDE.xml
2 ms. Memory: 1371136K Free: 546307K (40%)
----------------- Invoking toplevel() on ptolemy.moml.MoMLSimpleApplication@796022c7
----------------- Done invoking toplevel() on ptolemy.moml.MoMLSimpleApplication@796022c7
reloadAllAccessors: .MultiplexorDE

===========================================================================================
----------------- testing Fri May 03 04:09:43 UTC 2019 /home/travis/build/icyphy/ptII/ptolemy/actor/lib/test/auto/MultiportBroadcastTest.xml
----------------- Instantiating /home/travis/build/icyphy/ptII/ptolemy/actor/lib/test/auto/MultiportBroadcastTest.xml
50 ms. Memory: 1371136K Free: 527312K (38%)
----------------- Invoking toplevel() on ptolemy.moml.MoMLSimpleApplication@919f853
----------------- Done invoking toplevel() on ptolemy.moml.MoMLSimpleApplication@919f853
reloadAllAccessors: .MultiportBroadcastTest

===========================================================================================
----------------- testing Fri May 03 04:09:43 UTC 2019 /home/travis/build/icyphy/ptII/ptolemy/actor/lib/test/auto/MultiportOutHangDuringGetWidth.xml
----------------- Instantiating /home/travis/build/icyphy/ptII/ptolemy/actor/lib/test/auto/MultiportOutHangDuringGetWidth.xml
4 ms. Memory: 1371136K Free: 508535K (37%)
----------------- Invoking toplevel() on ptolemy.moml.MoMLSimpleApplication@3c4b4661
----------------- Done invoking toplevel() on ptolemy.moml.MoMLSimpleApplication@3c4b4661
reloadAllAccessors: .MultiportOutHangDuringGetWidth

===========================================================================================
----------------- testing Fri May 03 04:09:43 UTC 2019 /home/travis/build/icyphy/ptII/ptolemy/actor/lib/test/auto/NilToken.xml
----------------- Instantiating /home/travis/build/icyphy/ptII/ptolemy/actor/lib/test/auto/NilToken.xml
2 ms. Memory: 1371136K Free: 489540K (36%)
----------------- Invoking toplevel() on ptolemy.moml.MoMLSimpleApplication@2dbcbcee
----------------- Done invoking toplevel() on ptolemy.moml.MoMLSimpleApplication@2dbcbcee
reloadAllAccessors: .NilToken

===========================================================================================
----------------- testing Fri May 03 04:09:43 UTC 2019 /home/travis/build/icyphy/ptII/ptolemy/actor/lib/test/auto/NilTokenNonStrictTest.xml
----------------- Instantiating /home/travis/build/icyphy/ptII/ptolemy/actor/lib/test/auto/NilTokenNonStrictTest.xml
2 ms. Memory: 1371136K Free: 477022K (35%)
----------------- Invoking toplevel() on ptolemy.moml.MoMLSimpleApplication@71e30a24
----------------- Done invoking toplevel() on ptolemy.moml.MoMLSimpleApplication@71e30a24
reloadAllAccessors: .NilTokenNonStrictTest

===========================================================================================
----------------- testing Fri May 03 04:09:43 UTC 2019 /home/travis/build/icyphy/ptII/ptolemy/actor/lib/test/auto/NilTokenRecord.xml
----------------- Instantiating /home/travis/build/icyphy/ptII/ptolemy/actor/lib/test/auto/NilTokenRecord.xml
5 ms. Memory: 1371136K Free: 464503K (34%)
----------------- Invoking toplevel() on ptolemy.moml.MoMLSimpleApplication@4946ed5b
----------------- Done invoking toplevel() on ptolemy.moml.MoMLSimpleApplication@4946ed5b
reloadAllAccessors: .NilTokenRecord

===========================================================================================
----------------- testing Fri May 03 04:09:43 UTC 2019 /home/travis/build/icyphy/ptII/ptolemy/actor/lib/test/auto/NilTokenTypeTest.xml
----------------- Instantiating /home/travis/build/icyphy/ptII/ptolemy/actor/lib/test/auto/NilTokenTypeTest.xml
3 ms. Memory: 1371136K Free: 439249K (32%)
----------------- Invoking toplevel() on ptolemy.moml.MoMLSimpleApplication@6540717b
----------------- Done invoking toplevel() on ptolemy.moml.MoMLSimpleApplication@6540717b
reloadAllAccessors: .NilTokenTypeTest

===========================================================================================
----------------- testing Fri May 03 04:09:43 UTC 2019 /home/travis/build/icyphy/ptII/ptolemy/actor/lib/test/auto/ObjectToken1.xml
----------------- Instantiating /home/travis/build/icyphy/ptII/ptolemy/actor/lib/test/auto/ObjectToken1.xml
1 ms. Memory: 1371136K Free: 426730K (31%)
----------------- Invoking toplevel() on ptolemy.moml.MoMLSimpleApplication@1df361df
----------------- Done invoking toplevel() on ptolemy.moml.MoMLSimpleApplication@1df361df
reloadAllAccessors: .ObjectToken1

===========================================================================================
----------------- testing Fri May 03 04:09:43 UTC 2019 /home/travis/build/icyphy/ptII/ptolemy/actor/lib/test/auto/OrderedMerge.xml
----------------- Instantiating /home/travis/build/icyphy/ptII/ptolemy/actor/lib/test/auto/OrderedMerge.xml
4 ms. Memory: 1371136K Free: 389175K (28%)
----------------- Invoking toplevel() on ptolemy.moml.MoMLSimpleApplication@122b0d76
----------------- Done invoking toplevel() on ptolemy.moml.MoMLSimpleApplication@122b0d76
reloadAllAccessors: .OrderedMerge

===========================================================================================
----------------- testing Fri May 03 04:09:43 UTC 2019 /home/travis/build/icyphy/ptII/ptolemy/actor/lib/test/auto/OrderedRecordDisassembler.xml
----------------- Instantiating /home/travis/build/icyphy/ptII/ptolemy/actor/lib/test/auto/OrderedRecordDisassembler.xml
4 ms. Memory: 1371136K Free: 370180K (27%)
----------------- Invoking toplevel() on ptolemy.moml.MoMLSimpleApplication@7505dc27
----------------- Done invoking toplevel() on ptolemy.moml.MoMLSimpleApplication@7505dc27
reloadAllAccessors: .OrderedRecordDisassembler

===========================================================================================
----------------- testing Fri May 03 04:09:43 UTC 2019 /home/travis/build/icyphy/ptII/ptolemy/actor/lib/test/auto/OrderedRecordDisassembler2.xml
----------------- Instantiating /home/travis/build/icyphy/ptII/ptolemy/actor/lib/test/auto/OrderedRecordDisassembler2.xml
3 ms. Memory: 1371136K Free: 357662K (26%)
----------------- Invoking toplevel() on ptolemy.moml.MoMLSimpleApplication@73ae157
----------------- Done invoking toplevel() on ptolemy.moml.MoMLSimpleApplication@73ae157
reloadAllAccessors: .OrderedRecordDisassembler2

===========================================================================================
----------------- testing Fri May 03 04:09:43 UTC 2019 /home/travis/build/icyphy/ptII/ptolemy/actor/lib/test/auto/OrderedRecordUpdater.xml
----------------- Instantiating /home/travis/build/icyphy/ptII/ptolemy/actor/lib/test/auto/OrderedRecordUpdater.xml
1 ms. Memory: 1371136K Free: 338667K (25%)
----------------- Invoking toplevel() on ptolemy.moml.MoMLSimpleApplication@43bc56ad
----------------- Done invoking toplevel() on ptolemy.moml.MoMLSimpleApplication@43bc56ad
reloadAllAccessors: .RecordUpdater

===========================================================================================
----------------- testing Fri May 03 04:09:43 UTC 2019 /home/travis/build/icyphy/ptII/ptolemy/actor/lib/test/auto/OrderedRecordUpdater2.xml
----------------- Instantiating /home/travis/build/icyphy/ptII/ptolemy/actor/lib/test/auto/OrderedRecordUpdater2.xml
2 ms. Memory: 1371136K Free: 326148K (24%)
----------------- Invoking toplevel() on ptolemy.moml.MoMLSimpleApplication@75225f96
----------------- Done invoking toplevel() on ptolemy.moml.MoMLSimpleApplication@75225f96
reloadAllAccessors: .RecordUpdater2

===========================================================================================
----------------- testing Fri May 03 04:09:43 UTC 2019 /home/travis/build/icyphy/ptII/ptolemy/actor/lib/test/auto/PhaseUnwrap.xml
----------------- Instantiating /home/travis/build/icyphy/ptII/ptolemy/actor/lib/test/auto/PhaseUnwrap.xml
2 ms. Memory: 1371136K Free: 313630K (23%)
----------------- Invoking toplevel() on ptolemy.moml.MoMLSimpleApplication@2647c3f2
----------------- Done invoking toplevel() on ptolemy.moml.MoMLSimpleApplication@2647c3f2
reloadAllAccessors: .PhaseUnwrap

===========================================================================================
----------------- testing Fri May 03 04:09:43 UTC 2019 /home/travis/build/icyphy/ptII/ptolemy/actor/lib/test/auto/PoissonClock.xml
----------------- Instantiating /home/travis/build/icyphy/ptII/ptolemy/actor/lib/test/auto/PoissonClock.xml
2 ms. Memory: 1371136K Free: 294635K (21%)
----------------- Invoking toplevel() on ptolemy.moml.MoMLSimpleApplication@7d38b656
----------------- Done invoking toplevel() on ptolemy.moml.MoMLSimpleApplication@7d38b656
reloadAllAccessors: .PoissonClock

===========================================================================================
----------------- testing Fri May 03 04:09:43 UTC 2019 /home/travis/build/icyphy/ptII/ptolemy/actor/lib/test/auto/PoissonClock2.xml
----------------- Instantiating /home/travis/build/icyphy/ptII/ptolemy/actor/lib/test/auto/PoissonClock2.xml
1 ms. Memory: 1371136K Free: 282116K (21%)
----------------- Invoking toplevel() on ptolemy.moml.MoMLSimpleApplication@7acb756f
----------------- Done invoking toplevel() on ptolemy.moml.MoMLSimpleApplication@7acb756f
reloadAllAccessors: .PoissonClock2

===========================================================================================
----------------- testing Fri May 03 04:09:43 UTC 2019 /home/travis/build/icyphy/ptII/ptolemy/actor/lib/test/auto/PoissonClock3.xml
----------------- Instantiating /home/travis/build/icyphy/ptII/ptolemy/actor/lib/test/auto/PoissonClock3.xml
2 ms. Memory: 1371136K Free: 269598K (20%)
----------------- Invoking toplevel() on ptolemy.moml.MoMLSimpleApplication@49bf0ae9
----------------- Done invoking toplevel() on ptolemy.moml.MoMLSimpleApplication@49bf0ae9
reloadAllAccessors: .PoissonClock3

===========================================================================================
----------------- testing Fri May 03 04:09:43 UTC 2019 /home/travis/build/icyphy/ptII/ptolemy/actor/lib/test/auto/PubSubWithInitialTokens.xml
----------------- Instantiating /home/travis/build/icyphy/ptII/ptolemy/actor/lib/test/auto/PubSubWithInitialTokens.xml
2 ms. Memory: 1371136K Free: 250603K (18%)
----------------- Invoking toplevel() on ptolemy.moml.MoMLSimpleApplication@41efff64
----------------- Done invoking toplevel() on ptolemy.moml.MoMLSimpleApplication@41efff64
reloadAllAccessors: .PubSubWithInitialTokens

===========================================================================================
----------------- testing Fri May 03 04:09:43 UTC 2019 /home/travis/build/icyphy/ptII/ptolemy/actor/lib/test/auto/PubSubWithInitialTokens2.xml
----------------- Instantiating /home/travis/build/icyphy/ptII/ptolemy/actor/lib/test/auto/PubSubWithInitialTokens2.xml
2 ms. Memory: 1371136K Free: 238085K (17%)
----------------- Invoking toplevel() on ptolemy.moml.MoMLSimpleApplication@72f04c93
----------------- Done invoking toplevel() on ptolemy.moml.MoMLSimpleApplication@72f04c93
reloadAllAccessors: .PubSubWithInitialTokens2

===========================================================================================
----------------- testing Fri May 03 04:09:43 UTC 2019 /home/travis/build/icyphy/ptII/ptolemy/actor/lib/test/auto/PublisherClassNoParameter.xml
----------------- Instantiating /home/travis/build/icyphy/ptII/ptolemy/actor/lib/test/auto/PublisherClassNoParameter.xml
2 ms. Memory: 1371136K Free: 219291K (16%)
----------------- Invoking toplevel() on ptolemy.moml.MoMLSimpleApplication@25658504
----------------- Done invoking toplevel() on ptolemy.moml.MoMLSimpleApplication@25658504
reloadAllAccessors: .PublisherClassNoParameter

===========================================================================================
----------------- testing Fri May 03 04:09:43 UTC 2019 /home/travis/build/icyphy/ptII/ptolemy/actor/lib/test/auto/PublisherClassParameter.xml
----------------- Instantiating /home/travis/build/icyphy/ptII/ptolemy/actor/lib/test/auto/PublisherClassParameter.xml
3 ms. Memory: 1371136K Free: 194021K (14%)
----------------- Invoking toplevel() on ptolemy.moml.MoMLSimpleApplication@491f3e51
----------------- Done invoking toplevel() on ptolemy.moml.MoMLSimpleApplication@491f3e51
reloadAllAccessors: .PublisherClassParameter

===========================================================================================
----------------- testing Fri May 03 04:09:43 UTC 2019 /home/travis/build/icyphy/ptII/ptolemy/actor/lib/test/auto/PublisherNonStrictTest.xml
----------------- Instantiating /home/travis/build/icyphy/ptII/ptolemy/actor/lib/test/auto/PublisherNonStrictTest.xml
3 ms. Memory: 1371136K Free: 181502K (13%)
----------------- Invoking toplevel() on ptolemy.moml.MoMLSimpleApplication@25cc5ccd
----------------- Done invoking toplevel() on ptolemy.moml.MoMLSimpleApplication@25cc5ccd
reloadAllAccessors: .PublisherNonStrictTest

===========================================================================================
----------------- testing Fri May 03 04:09:43 UTC 2019 /home/travis/build/icyphy/ptII/ptolemy/actor/lib/test/auto/PublisherPort1.xml
----------------- Instantiating /home/travis/build/icyphy/ptII/ptolemy/actor/lib/test/auto/PublisherPort1.xml
3 ms. Memory: 1371136K Free: 162507K (12%)
----------------- Invoking toplevel() on ptolemy.moml.MoMLSimpleApplication@7b430ab
----------------- Done invoking toplevel() on ptolemy.moml.MoMLSimpleApplication@7b430ab
reloadAllAccessors: .PublisherPort1

===========================================================================================
----------------- testing Fri May 03 04:09:43 UTC 2019 /home/travis/build/icyphy/ptII/ptolemy/actor/lib/test/auto/PublisherPort2.xml
----------------- Instantiating /home/travis/build/icyphy/ptII/ptolemy/actor/lib/test/auto/PublisherPort2.xml
2 ms. Memory: 1371136K Free: 149989K (11%)
----------------- Invoking toplevel() on ptolemy.moml.MoMLSimpleApplication@52168e6e
----------------- Done invoking toplevel() on ptolemy.moml.MoMLSimpleApplication@52168e6e
reloadAllAccessors: .PublisherPort2

===========================================================================================
----------------- testing Fri May 03 04:09:43 UTC 2019 /home/travis/build/icyphy/ptII/ptolemy/actor/lib/test/auto/PublisherPort3.xml
----------------- Instantiating /home/travis/build/icyphy/ptII/ptolemy/actor/lib/test/auto/PublisherPort3.xml
10 ms. Memory: 1371136K Free: 137471K (10%)
----------------- Invoking toplevel() on ptolemy.moml.MoMLSimpleApplication@2566922b
----------------- Done invoking toplevel() on ptolemy.moml.MoMLSimpleApplication@2566922b
reloadAllAccessors: .PublisherPort3

===========================================================================================
----------------- testing Fri May 03 04:09:43 UTC 2019 /home/travis/build/icyphy/ptII/ptolemy/actor/lib/test/auto/PublisherPort4.xml
----------------- Instantiating /home/travis/build/icyphy/ptII/ptolemy/actor/lib/test/auto/PublisherPort4.xml
2 ms. Memory: 1371136K Free: 118476K (9%)
----------------- Invoking toplevel() on ptolemy.moml.MoMLSimpleApplication@62b3c05f
----------------- Done invoking toplevel() on ptolemy.moml.MoMLSimpleApplication@62b3c05f
reloadAllAccessors: .PublisherPort4

===========================================================================================
----------------- testing Fri May 03 04:09:43 UTC 2019 /home/travis/build/icyphy/ptII/ptolemy/actor/lib/test/auto/PublisherPort5.xml
----------------- Instantiating /home/travis/build/icyphy/ptII/ptolemy/actor/lib/test/auto/PublisherPort5.xml
3 ms. Memory: 1371136K Free: 105957K (8%)
----------------- Invoking toplevel() on ptolemy.moml.MoMLSimpleApplication@234624ae
----------------- Done invoking toplevel() on ptolemy.moml.MoMLSimpleApplication@234624ae
reloadAllAccessors: .PublisherPort5

===========================================================================================
----------------- testing Fri May 03 04:09:43 UTC 2019 /home/travis/build/icyphy/ptII/ptolemy/actor/lib/test/auto/PublisherPort5LookAlike.xml
----------------- Instantiating /home/travis/build/icyphy/ptII/ptolemy/actor/lib/test/auto/PublisherPort5LookAlike.xml
6 ms. Memory: 1371136K Free: 93439K (7%)
----------------- Invoking toplevel() on ptolemy.moml.MoMLSimpleApplication@7adae971
----------------- Done invoking toplevel() on ptolemy.moml.MoMLSimpleApplication@7adae971
reloadAllAccessors: .PublisherPort5LookAlike

===========================================================================================
----------------- testing Fri May 03 04:09:43 UTC 2019 /home/travis/build/icyphy/ptII/ptolemy/actor/lib/test/auto/PublisherPort6.xml
----------------- Instantiating /home/travis/build/icyphy/ptII/ptolemy/actor/lib/test/auto/PublisherPort6.xml
15 ms. Memory: 1572352K Free: 1526201K (97%)
----------------- Invoking toplevel() on ptolemy.moml.MoMLSimpleApplication@7c0a8068
----------------- Done invoking toplevel() on ptolemy.moml.MoMLSimpleApplication@7c0a8068
reloadAllAccessors: .PublisherPort6

===========================================================================================
----------------- testing Fri May 03 04:09:43 UTC 2019 /home/travis/build/icyphy/ptII/ptolemy/actor/lib/test/auto/PublisherPort7.xml
----------------- Instantiating /home/travis/build/icyphy/ptII/ptolemy/actor/lib/test/auto/PublisherPort7.xml
3 ms. Memory: 1572352K Free: 1501294K (95%)
----------------- Invoking toplevel() on ptolemy.moml.MoMLSimpleApplication@64a23e63
----------------- Done invoking toplevel() on ptolemy.moml.MoMLSimpleApplication@64a23e63
reloadAllAccessors: .PublisherPort7

===========================================================================================
----------------- testing Fri May 03 04:09:43 UTC 2019 /home/travis/build/icyphy/ptII/ptolemy/actor/lib/test/auto/PublisherPort8.xml
----------------- Instantiating /home/travis/build/icyphy/ptII/ptolemy/actor/lib/test/auto/PublisherPort8.xml
3 ms. Memory: 1572352K Free: 1486569K (95%)
----------------- Invoking toplevel() on ptolemy.moml.MoMLSimpleApplication@201da16e
----------------- Done invoking toplevel() on ptolemy.moml.MoMLSimpleApplication@201da16e
reloadAllAccessors: .PublisherPort8

===========================================================================================
----------------- testing Fri May 03 04:09:43 UTC 2019 /home/travis/build/icyphy/ptII/ptolemy/actor/lib/test/auto/PublisherPortSubscriberChannelVariablesAOC2.xml
----------------- Instantiating /home/travis/build/icyphy/ptII/ptolemy/actor/lib/test/auto/PublisherPortSubscriberChannelVariablesAOC2.xml
3 ms. Memory: 1572352K Free: 1450585K (92%)
----------------- Invoking toplevel() on ptolemy.moml.MoMLSimpleApplication@7ed41e3e
----------------- Done invoking toplevel() on ptolemy.moml.MoMLSimpleApplication@7ed41e3e
reloadAllAccessors: .PublisherPortSubscriberChannelVariablesAOC2

===========================================================================================
----------------- testing Fri May 03 04:09:43 UTC 2019 /home/travis/build/icyphy/ptII/ptolemy/actor/lib/test/auto/PublisherPortSubscriberOpaqueWidthInference.xml
----------------- Instantiating /home/travis/build/icyphy/ptII/ptolemy/actor/lib/test/auto/PublisherPortSubscriberOpaqueWidthInference.xml
4 ms. Memory: 1572352K Free: 1435860K (91%)
----------------- Invoking toplevel() on ptolemy.moml.MoMLSimpleApplication@727dc441
----------------- Done invoking toplevel() on ptolemy.moml.MoMLSimpleApplication@727dc441
reloadAllAccessors: .PublisherPortSubscriberOpaqueWidthInference

===========================================================================================
----------------- testing Fri May 03 04:09:43 UTC 2019 /home/travis/build/icyphy/ptII/ptolemy/actor/lib/test/auto/PublisherPortSubscriberPortAdjacent.xml
----------------- Instantiating /home/travis/build/icyphy/ptII/ptolemy/actor/lib/test/auto/PublisherPortSubscriberPortAdjacent.xml
1 ms. Memory: 1572352K Free: 1421135K (90%)
----------------- Invoking toplevel() on ptolemy.moml.MoMLSimpleApplication@68a43b91
----------------- Done invoking toplevel() on ptolemy.moml.MoMLSimpleApplication@68a43b91
reloadAllAccessors: .PublisherPortSubscriberPortAdjacent

===========================================================================================
----------------- testing Fri May 03 04:09:44 UTC 2019 /home/travis/build/icyphy/ptII/ptolemy/actor/lib/test/auto/PublisherPortSubscriberPortExpression.xml
----------------- Instantiating /home/travis/build/icyphy/ptII/ptolemy/actor/lib/test/auto/PublisherPortSubscriberPortExpression.xml
4 ms. Memory: 1572352K Free: 1399909K (89%)
----------------- Invoking toplevel() on ptolemy.moml.MoMLSimpleApplication@4e242400
----------------- Done invoking toplevel() on ptolemy.moml.MoMLSimpleApplication@4e242400
reloadAllAccessors: .PublisherPortSubscriberPortExpression

===========================================================================================
----------------- testing Fri May 03 04:09:44 UTC 2019 /home/travis/build/icyphy/ptII/ptolemy/actor/lib/test/auto/PublisherPortSubscriberPortOpaqueD3Reverse.xml
----------------- Instantiating /home/travis/build/icyphy/ptII/ptolemy/actor/lib/test/auto/PublisherPortSubscriberPortOpaqueD3Reverse.xml
10 ms. Memory: 1572352K Free: 1385184K (88%)
----------------- Invoking toplevel() on ptolemy.moml.MoMLSimpleApplication@232fa28
----------------- Done invoking toplevel() on ptolemy.moml.MoMLSimpleApplication@232fa28
reloadAllAccessors: .PublisherPortSubscriberPortOpaqueD3Reverse

===========================================================================================
----------------- testing Fri May 03 04:09:44 UTC 2019 /home/travis/build/icyphy/ptII/ptolemy/actor/lib/test/auto/PublisherPortSubscriberPortOpaqueWidthInference.xml
----------------- Instantiating /home/travis/build/icyphy/ptII/ptolemy/actor/lib/test/auto/PublisherPortSubscriberPortOpaqueWidthInference.xml
3 ms. Memory: 1572352K Free: 1370459K (87%)
----------------- Invoking toplevel() on ptolemy.moml.MoMLSimpleApplication@370c1a3
----------------- Done invoking toplevel() on ptolemy.moml.MoMLSimpleApplication@370c1a3
reloadAllAccessors: .PublisherPortSubscriberPortOpaqueWidthInference

===========================================================================================
----------------- testing Fri May 03 04:09:44 UTC 2019 /home/travis/build/icyphy/ptII/ptolemy/actor/lib/test/auto/PublisherPortToplevelSubscriberPortAOC.xml
----------------- Instantiating /home/travis/build/icyphy/ptII/ptolemy/actor/lib/test/auto/PublisherPortToplevelSubscriberPortAOC.xml
.PublisherPortToplevelSubscriberPortAOC.TestExceptionAttribute: initialize() was not invoked, but wrapup() was.  This is unusual, but not always a problem.  For example, exporting JNLP will do this.
0 ms. Memory: 1572352K Free: 1349233K (86%)
----------------- Invoking toplevel() on ptolemy.moml.MoMLSimpleApplication@2ccab314
----------------- Done invoking toplevel() on ptolemy.moml.MoMLSimpleApplication@2ccab314
reloadAllAccessors: .PublisherPortToplevelSubscriberPortAOC

===========================================================================================
----------------- testing Fri May 03 04:09:44 UTC 2019 /home/travis/build/icyphy/ptII/ptolemy/actor/lib/test/auto/PublisherSubscriber.xml
----------------- Instantiating /home/travis/build/icyphy/ptII/ptolemy/actor/lib/test/auto/PublisherSubscriber.xml
2 ms. Memory: 1572352K Free: 1334508K (85%)
----------------- Invoking toplevel() on ptolemy.moml.MoMLSimpleApplication@7cfe7ef5
----------------- Done invoking toplevel() on ptolemy.moml.MoMLSimpleApplication@7cfe7ef5
reloadAllAccessors: .PublisherSubscriber

===========================================================================================
----------------- testing Fri May 03 04:09:44 UTC 2019 /home/travis/build/icyphy/ptII/ptolemy/actor/lib/test/auto/PublisherSubscriber10.xml
----------------- Instantiating /home/travis/build/icyphy/ptII/ptolemy/actor/lib/test/auto/PublisherSubscriber10.xml
5 ms. Memory: 1572352K Free: 1313282K (84%)
----------------- Invoking toplevel() on ptolemy.moml.MoMLSimpleApplication@6ad8c66e
----------------- Done invoking toplevel() on ptolemy.moml.MoMLSimpleApplication@6ad8c66e
reloadAllAccessors: .PublisherSubscriber10

===========================================================================================
----------------- testing Fri May 03 04:09:44 UTC 2019 /home/travis/build/icyphy/ptII/ptolemy/actor/lib/test/auto/PublisherSubscriber10InitialOutputs.xml
----------------- Instantiating /home/travis/build/icyphy/ptII/ptolemy/actor/lib/test/auto/PublisherSubscriber10InitialOutputs.xml
10 ms. Memory: 1572352K Free: 1298556K (83%)
----------------- Invoking toplevel() on ptolemy.moml.MoMLSimpleApplication@3e27d611
----------------- Done invoking toplevel() on ptolemy.moml.MoMLSimpleApplication@3e27d611
reloadAllAccessors: .PublisherSubscriber10InitialOutputs

===========================================================================================
----------------- testing Fri May 03 04:09:44 UTC 2019 /home/travis/build/icyphy/ptII/ptolemy/actor/lib/test/auto/PublisherSubscriber11.xml
----------------- Instantiating /home/travis/build/icyphy/ptII/ptolemy/actor/lib/test/auto/PublisherSubscriber11.xml
2 ms. Memory: 1572352K Free: 1283831K (82%)
----------------- Invoking toplevel() on ptolemy.moml.MoMLSimpleApplication@2f7fb3ea
----------------- Done invoking toplevel() on ptolemy.moml.MoMLSimpleApplication@2f7fb3ea
reloadAllAccessors: .PublisherSubscriber11

===========================================================================================
----------------- testing Fri May 03 04:09:44 UTC 2019 /home/travis/build/icyphy/ptII/ptolemy/actor/lib/test/auto/PublisherSubscriber12.xml
----------------- Instantiating /home/travis/build/icyphy/ptII/ptolemy/actor/lib/test/auto/PublisherSubscriber12.xml
5 ms. Memory: 1572352K Free: 1262605K (80%)
----------------- Invoking toplevel() on ptolemy.moml.MoMLSimpleApplication@49f82fde
----------------- Done invoking toplevel() on ptolemy.moml.MoMLSimpleApplication@49f82fde
reloadAllAccessors: .PublisherSubscriber12

===========================================================================================
----------------- testing Fri May 03 04:09:44 UTC 2019 /home/travis/build/icyphy/ptII/ptolemy/actor/lib/test/auto/PublisherSubscriber13.xml
----------------- Instantiating /home/travis/build/icyphy/ptII/ptolemy/actor/lib/test/auto/PublisherSubscriber13.xml
2 ms. Memory: 1572352K Free: 1247880K (79%)
----------------- Invoking toplevel() on ptolemy.moml.MoMLSimpleApplication@276c3be1
----------------- Done invoking toplevel() on ptolemy.moml.MoMLSimpleApplication@276c3be1
reloadAllAccessors: .PublisherSubscriber13

===========================================================================================
----------------- testing Fri May 03 04:09:44 UTC 2019 /home/travis/build/icyphy/ptII/ptolemy/actor/lib/test/auto/PublisherSubscriber14.xml
----------------- Instantiating /home/travis/build/icyphy/ptII/ptolemy/actor/lib/test/auto/PublisherSubscriber14.xml
2 ms. Memory: 1572352K Free: 1233155K (78%)
----------------- Invoking toplevel() on ptolemy.moml.MoMLSimpleApplication@e0e1010
----------------- Done invoking toplevel() on ptolemy.moml.MoMLSimpleApplication@e0e1010
reloadAllAccessors: .PublisherSubscriber14

===========================================================================================
----------------- testing Fri May 03 04:09:44 UTC 2019 /home/travis/build/icyphy/ptII/ptolemy/actor/lib/test/auto/PublisherSubscriber2.xml
----------------- Instantiating /home/travis/build/icyphy/ptII/ptolemy/actor/lib/test/auto/PublisherSubscriber2.xml
3 ms. Memory: 1572352K Free: 1211845K (77%)
----------------- Invoking toplevel() on ptolemy.moml.MoMLSimpleApplication@419e929d
----------------- Done invoking toplevel() on ptolemy.moml.MoMLSimpleApplication@419e929d
reloadAllAccessors: .PublisherSubscriber2

===========================================================================================
----------------- testing Fri May 03 04:09:44 UTC 2019 /home/travis/build/icyphy/ptII/ptolemy/actor/lib/test/auto/PublisherSubscriber3.xml
----------------- Instantiating /home/travis/build/icyphy/ptII/ptolemy/actor/lib/test/auto/PublisherSubscriber3.xml
2 ms. Memory: 1572352K Free: 1197120K (76%)
----------------- Invoking toplevel() on ptolemy.moml.MoMLSimpleApplication@42f5bb59
----------------- Done invoking toplevel() on ptolemy.moml.MoMLSimpleApplication@42f5bb59
reloadAllAccessors: .PublisherSubscriber3

===========================================================================================
----------------- testing Fri May 03 04:09:44 UTC 2019 /home/travis/build/icyphy/ptII/ptolemy/actor/lib/test/auto/PublisherSubscriber4.xml
----------------- Instantiating /home/travis/build/icyphy/ptII/ptolemy/actor/lib/test/auto/PublisherSubscriber4.xml
2 ms. Memory: 1572352K Free: 1182395K (75%)
----------------- Invoking toplevel() on ptolemy.moml.MoMLSimpleApplication@4e4c310f
----------------- Done invoking toplevel() on ptolemy.moml.MoMLSimpleApplication@4e4c310f
reloadAllAccessors: .PublisherSubscriber4

===========================================================================================
----------------- testing Fri May 03 04:09:44 UTC 2019 /home/travis/build/icyphy/ptII/ptolemy/actor/lib/test/auto/PublisherSubscriber5.xml
----------------- Instantiating /home/travis/build/icyphy/ptII/ptolemy/actor/lib/test/auto/PublisherSubscriber5.xml
2 ms. Memory: 1572352K Free: 1161169K (74%)
----------------- Invoking toplevel() on ptolemy.moml.MoMLSimpleApplication@5bb6b56c
----------------- Done invoking toplevel() on ptolemy.moml.MoMLSimpleApplication@5bb6b56c
reloadAllAccessors: .PublisherSubscriber5

===========================================================================================
----------------- testing Fri May 03 04:09:44 UTC 2019 /home/travis/build/icyphy/ptII/ptolemy/actor/lib/test/auto/PublisherSubscriber6.xml
----------------- Instantiating /home/travis/build/icyphy/ptII/ptolemy/actor/lib/test/auto/PublisherSubscriber6.xml
4 ms. Memory: 1572352K Free: 1146443K (73%)
----------------- Invoking toplevel() on ptolemy.moml.MoMLSimpleApplication@5bddb7e4
----------------- Done invoking toplevel() on ptolemy.moml.MoMLSimpleApplication@5bddb7e4
reloadAllAccessors: .PublisherSubscriber6

===========================================================================================
----------------- testing Fri May 03 04:09:44 UTC 2019 /home/travis/build/icyphy/ptII/ptolemy/actor/lib/test/auto/PublisherSubscriber7.xml
----------------- Instantiating /home/travis/build/icyphy/ptII/ptolemy/actor/lib/test/auto/PublisherSubscriber7.xml
6 ms. Memory: 1572352K Free: 1125217K (72%)
----------------- Invoking toplevel() on ptolemy.moml.MoMLSimpleApplication@5c388f63
----------------- Done invoking toplevel() on ptolemy.moml.MoMLSimpleApplication@5c388f63
reloadAllAccessors: .PublisherSubscriber7

===========================================================================================
----------------- testing Fri May 03 04:09:44 UTC 2019 /home/travis/build/icyphy/ptII/ptolemy/actor/lib/test/auto/PublisherSubscriber8.xml
----------------- Instantiating /home/travis/build/icyphy/ptII/ptolemy/actor/lib/test/auto/PublisherSubscriber8.xml
20 ms. Memory: 1572352K Free: 1036866K (66%)
----------------- Invoking toplevel() on ptolemy.moml.MoMLSimpleApplication@1fc0f541
----------------- Done invoking toplevel() on ptolemy.moml.MoMLSimpleApplication@1fc0f541
reloadAllAccessors: .PublisherSubscriber8

===========================================================================================
----------------- testing Fri May 03 04:09:44 UTC 2019 /home/travis/build/icyphy/ptII/ptolemy/actor/lib/test/auto/PublisherSubscriber9.xml
----------------- Instantiating /home/travis/build/icyphy/ptII/ptolemy/actor/lib/test/auto/PublisherSubscriber9.xml
2 ms. Memory: 1572352K Free: 1022141K (65%)
----------------- Invoking toplevel() on ptolemy.moml.MoMLSimpleApplication@6820efa2
----------------- Done invoking toplevel() on ptolemy.moml.MoMLSimpleApplication@6820efa2
reloadAllAccessors: .PublisherSubscriber9

===========================================================================================
----------------- testing Fri May 03 04:09:44 UTC 2019 /home/travis/build/icyphy/ptII/ptolemy/actor/lib/test/auto/PublisherSubscriberAdjacent.xml
----------------- Instantiating /home/travis/build/icyphy/ptII/ptolemy/actor/lib/test/auto/PublisherSubscriberAdjacent.xml
2 ms. Memory: 1572352K Free: 1000915K (64%)
----------------- Invoking toplevel() on ptolemy.moml.MoMLSimpleApplication@558b17e5
----------------- Done invoking toplevel() on ptolemy.moml.MoMLSimpleApplication@558b17e5
reloadAllAccessors: .PublisherSubscriberAdjacent

===========================================================================================
----------------- testing Fri May 03 04:09:44 UTC 2019 /home/travis/build/icyphy/ptII/ptolemy/actor/lib/test/auto/PublisherSubscriberChannelVariablesAOC2.xml
----------------- Instantiating /home/travis/build/icyphy/ptII/ptolemy/actor/lib/test/auto/PublisherSubscriberChannelVariablesAOC2.xml
6 ms. Memory: 1572352K Free: 978811K (62%)
----------------- Invoking toplevel() on ptolemy.moml.MoMLSimpleApplication@39f92b19
----------------- Done invoking toplevel() on ptolemy.moml.MoMLSimpleApplication@39f92b19
reloadAllAccessors: .PublisherSubscriberChannelVariablesAOC2

===========================================================================================
----------------- testing Fri May 03 04:09:44 UTC 2019 /home/travis/build/icyphy/ptII/ptolemy/actor/lib/test/auto/PublisherSubscriberD3.xml
----------------- Instantiating /home/travis/build/icyphy/ptII/ptolemy/actor/lib/test/auto/PublisherSubscriberD3.xml
2 ms. Memory: 1572352K Free: 964086K (61%)
----------------- Invoking toplevel() on ptolemy.moml.MoMLSimpleApplication@29d1281d
----------------- Done invoking toplevel() on ptolemy.moml.MoMLSimpleApplication@29d1281d
reloadAllAccessors: .PublisherSubscriberD3

===========================================================================================
----------------- testing Fri May 03 04:09:44 UTC 2019 /home/travis/build/icyphy/ptII/ptolemy/actor/lib/test/auto/PublisherSubscriberD3Reverse.xml
----------------- Instantiating /home/travis/build/icyphy/ptII/ptolemy/actor/lib/test/auto/PublisherSubscriberD3Reverse.xml
1 ms. Memory: 1572352K Free: 942860K (60%)
----------------- Invoking toplevel() on ptolemy.moml.MoMLSimpleApplication@5d30dc3b
----------------- Done invoking toplevel() on ptolemy.moml.MoMLSimpleApplication@5d30dc3b
reloadAllAccessors: .PublisherSubscriberD3Reverse

===========================================================================================
----------------- testing Fri May 03 04:09:44 UTC 2019 /home/travis/build/icyphy/ptII/ptolemy/actor/lib/test/auto/PublisherSubscriberExpression.xml
----------------- Instantiating /home/travis/build/icyphy/ptII/ptolemy/actor/lib/test/auto/PublisherSubscriberExpression.xml
4 ms. Memory: 1572352K Free: 928135K (59%)
----------------- Invoking toplevel() on ptolemy.moml.MoMLSimpleApplication@544591c5
----------------- Done invoking toplevel() on ptolemy.moml.MoMLSimpleApplication@544591c5
reloadAllAccessors: .PublisherSubscriberExpression

===========================================================================================
----------------- testing Fri May 03 04:09:44 UTC 2019 /home/travis/build/icyphy/ptII/ptolemy/actor/lib/test/auto/PublisherSubscriberOpaque.xml
----------------- Instantiating /home/travis/build/icyphy/ptII/ptolemy/actor/lib/test/auto/PublisherSubscriberOpaque.xml
3 ms. Memory: 1572352K Free: 906909K (58%)
----------------- Invoking toplevel() on ptolemy.moml.MoMLSimpleApplication@15d1dad
----------------- Done invoking toplevel() on ptolemy.moml.MoMLSimpleApplication@15d1dad
reloadAllAccessors: .PublisherSubscriberOpaque

===========================================================================================
----------------- testing Fri May 03 04:09:44 UTC 2019 /home/travis/build/icyphy/ptII/ptolemy/actor/lib/test/auto/PublisherSubscriberOpaqueD3.xml
----------------- Instantiating /home/travis/build/icyphy/ptII/ptolemy/actor/lib/test/auto/PublisherSubscriberOpaqueD3.xml
5 ms. Memory: 1572352K Free: 884821K (56%)
----------------- Invoking toplevel() on ptolemy.moml.MoMLSimpleApplication@562bf0cd
----------------- Done invoking toplevel() on ptolemy.moml.MoMLSimpleApplication@562bf0cd
reloadAllAccessors: .PublisherSubscriberOpaqueD3

===========================================================================================
----------------- testing Fri May 03 04:09:44 UTC 2019 /home/travis/build/icyphy/ptII/ptolemy/actor/lib/test/auto/PublisherSubscriberOpaqueD3Reverse.xml
----------------- Instantiating /home/travis/build/icyphy/ptII/ptolemy/actor/lib/test/auto/PublisherSubscriberOpaqueD3Reverse.xml
6 ms. Memory: 1572352K Free: 870096K (55%)
----------------- Invoking toplevel() on ptolemy.moml.MoMLSimpleApplication@53af98e7
----------------- Done invoking toplevel() on ptolemy.moml.MoMLSimpleApplication@53af98e7
reloadAllAccessors: .PublisherSubscriberOpaqueD3Reverse

===========================================================================================
----------------- testing Fri May 03 04:09:44 UTC 2019 /home/travis/build/icyphy/ptII/ptolemy/actor/lib/test/auto/PublisherSubscriberOpaqueWidthInference.xml
----------------- Instantiating /home/travis/build/icyphy/ptII/ptolemy/actor/lib/test/auto/PublisherSubscriberOpaqueWidthInference.xml
4 ms. Memory: 1572352K Free: 848870K (54%)
----------------- Invoking toplevel() on ptolemy.moml.MoMLSimpleApplication@3eb74252
----------------- Done invoking toplevel() on ptolemy.moml.MoMLSimpleApplication@3eb74252
reloadAllAccessors: .PublisherSubscriberOpaqueWidthInference

===========================================================================================
----------------- testing Fri May 03 04:09:44 UTC 2019 /home/travis/build/icyphy/ptII/ptolemy/actor/lib/test/auto/PublisherTestSubscriber.xml
----------------- Instantiating /home/travis/build/icyphy/ptII/ptolemy/actor/lib/test/auto/PublisherTestSubscriber.xml
3 ms. Memory: 1572352K Free: 834145K (53%)
----------------- Invoking toplevel() on ptolemy.moml.MoMLSimpleApplication@785754aa
----------------- Done invoking toplevel() on ptolemy.moml.MoMLSimpleApplication@785754aa
reloadAllAccessors: .PublisherTestSubscriber

===========================================================================================
----------------- testing Fri May 03 04:09:44 UTC 2019 /home/travis/build/icyphy/ptII/ptolemy/actor/lib/test/auto/PublisherToplevelSubscriberPortAOC.xml
----------------- Instantiating /home/travis/build/icyphy/ptII/ptolemy/actor/lib/test/auto/PublisherToplevelSubscriberPortAOC.xml
1 ms. Memory: 1572352K Free: 819419K (52%)
----------------- Invoking toplevel() on ptolemy.moml.MoMLSimpleApplication@469c3d33
----------------- Done invoking toplevel() on ptolemy.moml.MoMLSimpleApplication@469c3d33
reloadAllAccessors: .PublisherToplevelSubscriberPortAOC

===========================================================================================
----------------- testing Fri May 03 04:09:44 UTC 2019 /home/travis/build/icyphy/ptII/ptolemy/actor/lib/test/auto/PulseFiringLimitDE.xml
----------------- Instantiating /home/travis/build/icyphy/ptII/ptolemy/actor/lib/test/auto/PulseFiringLimitDE.xml
2 ms. Memory: 1572352K Free: 798193K (51%)
----------------- Invoking toplevel() on ptolemy.moml.MoMLSimpleApplication@542a37d4
----------------- Done invoking toplevel() on ptolemy.moml.MoMLSimpleApplication@542a37d4
reloadAllAccessors: .PulseFiringLimitDE

===========================================================================================
----------------- testing Fri May 03 04:09:44 UTC 2019 /home/travis/build/icyphy/ptII/ptolemy/actor/lib/test/auto/Ramp1.xml
----------------- Instantiating /home/travis/build/icyphy/ptII/ptolemy/actor/lib/test/auto/Ramp1.xml
1 ms. Memory: 1572352K Free: 783468K (50%)
----------------- Invoking toplevel() on ptolemy.moml.MoMLSimpleApplication@d3eb415
----------------- Done invoking toplevel() on ptolemy.moml.MoMLSimpleApplication@d3eb415
reloadAllAccessors: .Ramp1

===========================================================================================
----------------- testing Fri May 03 04:09:44 UTC 2019 /home/travis/build/icyphy/ptII/ptolemy/actor/lib/test/auto/RampFiringLimitDE.xml
----------------- Instantiating /home/travis/build/icyphy/ptII/ptolemy/actor/lib/test/auto/RampFiringLimitDE.xml
2 ms. Memory: 1572352K Free: 768743K (49%)
----------------- Invoking toplevel() on ptolemy.moml.MoMLSimpleApplication@2b12f87
----------------- Done invoking toplevel() on ptolemy.moml.MoMLSimpleApplication@2b12f87
reloadAllAccessors: .RampFiringLimitDE

===========================================================================================
----------------- testing Fri May 03 04:09:44 UTC 2019 /home/travis/build/icyphy/ptII/ptolemy/actor/lib/test/auto/RampFiringLimitSDF.xml
----------------- Instantiating /home/travis/build/icyphy/ptII/ptolemy/actor/lib/test/auto/RampFiringLimitSDF.xml
2 ms. Memory: 1572352K Free: 747517K (48%)
----------------- Invoking toplevel() on ptolemy.moml.MoMLSimpleApplication@1a485ec1
----------------- Done invoking toplevel() on ptolemy.moml.MoMLSimpleApplication@1a485ec1
reloadAllAccessors: .RampFiringLimitSDF

===========================================================================================
----------------- testing Fri May 03 04:09:44 UTC 2019 /home/travis/build/icyphy/ptII/ptolemy/actor/lib/test/auto/RandomInteger.xml
----------------- Instantiating /home/travis/build/icyphy/ptII/ptolemy/actor/lib/test/auto/RandomInteger.xml
1 ms. Memory: 1572352K Free: 732792K (47%)
----------------- Invoking toplevel() on ptolemy.moml.MoMLSimpleApplication@2a2c2e7d
----------------- Done invoking toplevel() on ptolemy.moml.MoMLSimpleApplication@2a2c2e7d
reloadAllAccessors: .RandomInteger

===========================================================================================
----------------- testing Fri May 03 04:09:44 UTC 2019 /home/travis/build/icyphy/ptII/ptolemy/actor/lib/test/auto/ReadFile1.xml
----------------- Instantiating /home/travis/build/icyphy/ptII/ptolemy/actor/lib/test/auto/ReadFile1.xml
2 ms. Memory: 1572352K Free: 711566K (45%)
----------------- Invoking toplevel() on ptolemy.moml.MoMLSimpleApplication@1e1b6658
----------------- Done invoking toplevel() on ptolemy.moml.MoMLSimpleApplication@1e1b6658
reloadAllAccessors: .ReadFile1

===========================================================================================
----------------- testing Fri May 03 04:09:44 UTC 2019 /home/travis/build/icyphy/ptII/ptolemy/actor/lib/test/auto/ReadFile2.xml
----------------- Instantiating /home/travis/build/icyphy/ptII/ptolemy/actor/lib/test/auto/ReadFile2.xml
1 ms. Memory: 1572352K Free: 696841K (44%)
----------------- Invoking toplevel() on ptolemy.moml.MoMLSimpleApplication@4ca24c31
----------------- Done invoking toplevel() on ptolemy.moml.MoMLSimpleApplication@4ca24c31
reloadAllAccessors: .ReadFile2

===========================================================================================
----------------- testing Fri May 03 04:09:44 UTC 2019 /home/travis/build/icyphy/ptII/ptolemy/actor/lib/test/auto/Reader.xml
----------------- Instantiating /home/travis/build/icyphy/ptII/ptolemy/actor/lib/test/auto/Reader.xml
actor.lib.Reader is obsolete, use actor.lib.io.ExpressionReader instead
6 ms. Memory: 1572352K Free: 682115K (43%)
----------------- Invoking toplevel() on ptolemy.moml.MoMLSimpleApplication@51125c3
----------------- Done invoking toplevel() on ptolemy.moml.MoMLSimpleApplication@51125c3
reloadAllAccessors: .Reader

===========================================================================================
----------------- testing Fri May 03 04:09:44 UTC 2019 /home/travis/build/icyphy/ptII/ptolemy/actor/lib/test/auto/RecordAssemblerDisplayNameTest.xml
----------------- Instantiating /home/travis/build/icyphy/ptII/ptolemy/actor/lib/test/auto/RecordAssemblerDisplayNameTest.xml
2940 ms. Memory: 1607168K Free: 907728K (56%)
----------------- Invoking toplevel() on ptolemy.moml.MoMLSimpleApplication@3e6f2fcd
----------------- Done invoking toplevel() on ptolemy.moml.MoMLSimpleApplication@3e6f2fcd
reloadAllAccessors: .RecordAssemblerDisplayNameTest

===========================================================================================
----------------- testing Fri May 03 04:09:47 UTC 2019 /home/travis/build/icyphy/ptII/ptolemy/actor/lib/test/auto/RecordAssemblerTypeError.xml
----------------- Instantiating /home/travis/build/icyphy/ptII/ptolemy/actor/lib/test/auto/RecordAssemblerTypeError.xml
6 ms. Memory: 1607168K Free: 876653K (55%)
----------------- Invoking toplevel() on ptolemy.moml.MoMLSimpleApplication@620920cc
----------------- Done invoking toplevel() on ptolemy.moml.MoMLSimpleApplication@620920cc
reloadAllAccessors: .RecordAssemblerTypeError

===========================================================================================
----------------- testing Fri May 03 04:09:47 UTC 2019 /home/travis/build/icyphy/ptII/ptolemy/actor/lib/test/auto/RecordDisassember.xml
----------------- Instantiating /home/travis/build/icyphy/ptII/ptolemy/actor/lib/test/auto/RecordDisassember.xml
2 ms. Memory: 1607168K Free: 861714K (54%)
----------------- Invoking toplevel() on ptolemy.moml.MoMLSimpleApplication@3d1b5436
----------------- Done invoking toplevel() on ptolemy.moml.MoMLSimpleApplication@3d1b5436
reloadAllAccessors: .RecordDisassember

===========================================================================================
----------------- testing Fri May 03 04:09:47 UTC 2019 /home/travis/build/icyphy/ptII/ptolemy/actor/lib/test/auto/RecordDisassemberDisplayNameTest.xml
----------------- Instantiating /home/travis/build/icyphy/ptII/ptolemy/actor/lib/test/auto/RecordDisassemberDisplayNameTest.xml
4 ms. Memory: 1607168K Free: 841810K (52%)
----------------- Invoking toplevel() on ptolemy.moml.MoMLSimpleApplication@6022ca4
----------------- Done invoking toplevel() on ptolemy.moml.MoMLSimpleApplication@6022ca4
reloadAllAccessors: .RecordDisassemberDisplayNameTest

===========================================================================================
----------------- testing Fri May 03 04:09:47 UTC 2019 /home/travis/build/icyphy/ptII/ptolemy/actor/lib/test/auto/RecordDisassembler.xml
----------------- Instantiating /home/travis/build/icyphy/ptII/ptolemy/actor/lib/test/auto/RecordDisassembler.xml
2 ms. Memory: 1607168K Free: 826926K (51%)
----------------- Invoking toplevel() on ptolemy.moml.MoMLSimpleApplication@3a7ea51
----------------- Done invoking toplevel() on ptolemy.moml.MoMLSimpleApplication@3a7ea51
reloadAllAccessors: .RecordDisassembler

===========================================================================================
----------------- testing Fri May 03 04:09:47 UTC 2019 /home/travis/build/icyphy/ptII/ptolemy/actor/lib/test/auto/RecordDisassembler2.xml
----------------- Instantiating /home/travis/build/icyphy/ptII/ptolemy/actor/lib/test/auto/RecordDisassembler2.xml
2 ms. Memory: 1607168K Free: 807022K (50%)
----------------- Invoking toplevel() on ptolemy.moml.MoMLSimpleApplication@3a43669a
----------------- Done invoking toplevel() on ptolemy.moml.MoMLSimpleApplication@3a43669a
reloadAllAccessors: .RecordDisassembler2

===========================================================================================
----------------- testing Fri May 03 04:09:47 UTC 2019 /home/travis/build/icyphy/ptII/ptolemy/actor/lib/test/auto/RecordUpdater.xml
----------------- Instantiating /home/travis/build/icyphy/ptII/ptolemy/actor/lib/test/auto/RecordUpdater.xml
2 ms. Memory: 1607168K Free: 792138K (49%)
----------------- Invoking toplevel() on ptolemy.moml.MoMLSimpleApplication@230b40df
----------------- Done invoking toplevel() on ptolemy.moml.MoMLSimpleApplication@230b40df
reloadAllAccessors: .RecordUpdater

===========================================================================================
----------------- testing Fri May 03 04:09:47 UTC 2019 /home/travis/build/icyphy/ptII/ptolemy/actor/lib/test/auto/RecordUpdater2.xml
----------------- Instantiating /home/travis/build/icyphy/ptII/ptolemy/actor/lib/test/auto/RecordUpdater2.xml
2 ms. Memory: 1607168K Free: 772234K (48%)
----------------- Invoking toplevel() on ptolemy.moml.MoMLSimpleApplication@5defd20c
----------------- Done invoking toplevel() on ptolemy.moml.MoMLSimpleApplication@5defd20c
reloadAllAccessors: .RecordUpdater2

===========================================================================================
----------------- testing Fri May 03 04:09:47 UTC 2019 /home/travis/build/icyphy/ptII/ptolemy/actor/lib/test/auto/RecursiveLattice.xml
----------------- Instantiating /home/travis/build/icyphy/ptII/ptolemy/actor/lib/test/auto/RecursiveLattice.xml
1 ms. Memory: 1607168K Free: 757350K (47%)
----------------- Invoking toplevel() on ptolemy.moml.MoMLSimpleApplication@54488f5a
----------------- Done invoking toplevel() on ptolemy.moml.MoMLSimpleApplication@54488f5a
reloadAllAccessors: .RecursiveLattice

===========================================================================================
----------------- testing Fri May 03 04:09:47 UTC 2019 /home/travis/build/icyphy/ptII/ptolemy/actor/lib/test/auto/Router.xml
----------------- Instantiating /home/travis/build/icyphy/ptII/ptolemy/actor/lib/test/auto/Router.xml
3004 ms. Memory: 1607168K Free: 737446K (46%)
----------------- Invoking toplevel() on ptolemy.moml.MoMLSimpleApplication@16ca4a6a
----------------- Done invoking toplevel() on ptolemy.moml.MoMLSimpleApplication@16ca4a6a
reloadAllAccessors: .Router

===========================================================================================
----------------- testing Fri May 03 04:09:50 UTC 2019 /home/travis/build/icyphy/ptII/ptolemy/actor/lib/test/auto/Router2.xml
----------------- Instantiating /home/travis/build/icyphy/ptII/ptolemy/actor/lib/test/auto/Router2.xml
3007 ms. Memory: 1607168K Free: 722562K (45%)
----------------- Invoking toplevel() on ptolemy.moml.MoMLSimpleApplication@75eb5cb
----------------- Done invoking toplevel() on ptolemy.moml.MoMLSimpleApplication@75eb5cb
reloadAllAccessors: .Router2

===========================================================================================
----------------- testing Fri May 03 04:09:53 UTC 2019 /home/travis/build/icyphy/ptII/ptolemy/actor/lib/test/auto/RunningMaximum.xml
----------------- Instantiating /home/travis/build/icyphy/ptII/ptolemy/actor/lib/test/auto/RunningMaximum.xml
1 ms. Memory: 1607168K Free: 702658K (44%)
----------------- Invoking toplevel() on ptolemy.moml.MoMLSimpleApplication@74301ee8
----------------- Done invoking toplevel() on ptolemy.moml.MoMLSimpleApplication@74301ee8
reloadAllAccessors: .RunningMaximum

===========================================================================================
----------------- testing Fri May 03 04:09:53 UTC 2019 /home/travis/build/icyphy/ptII/ptolemy/actor/lib/test/auto/RunningMinimum.xml
----------------- Instantiating /home/travis/build/icyphy/ptII/ptolemy/actor/lib/test/auto/RunningMinimum.xml
6 ms. Memory: 1607168K Free: 687774K (43%)
----------------- Invoking toplevel() on ptolemy.moml.MoMLSimpleApplication@148b4d7d
----------------- Done invoking toplevel() on ptolemy.moml.MoMLSimpleApplication@148b4d7d
reloadAllAccessors: .RunningMinimum

===========================================================================================
----------------- testing Fri May 03 04:09:54 UTC 2019 /home/travis/build/icyphy/ptII/ptolemy/actor/lib/test/auto/Scale.xml
----------------- Instantiating /home/travis/build/icyphy/ptII/ptolemy/actor/lib/test/auto/Scale.xml
1 ms. Memory: 1607168K Free: 667870K (42%)
----------------- Invoking toplevel() on ptolemy.moml.MoMLSimpleApplication@1e216df4
----------------- Done invoking toplevel() on ptolemy.moml.MoMLSimpleApplication@1e216df4
reloadAllAccessors: .Scale

===========================================================================================
----------------- testing Fri May 03 04:09:54 UTC 2019 /home/travis/build/icyphy/ptII/ptolemy/actor/lib/test/auto/Scale2.xml
----------------- Instantiating /home/travis/build/icyphy/ptII/ptolemy/actor/lib/test/auto/Scale2.xml
1 ms. Memory: 1607168K Free: 652986K (41%)
----------------- Invoking toplevel() on ptolemy.moml.MoMLSimpleApplication@5e820fc7
----------------- Done invoking toplevel() on ptolemy.moml.MoMLSimpleApplication@5e820fc7
reloadAllAccessors: .Scale2

===========================================================================================
----------------- testing Fri May 03 04:09:54 UTC 2019 /home/travis/build/icyphy/ptII/ptolemy/actor/lib/test/auto/Scale3.xml
----------------- Instantiating /home/travis/build/icyphy/ptII/ptolemy/actor/lib/test/auto/Scale3.xml
3 ms. Memory: 1607168K Free: 633081K (39%)
----------------- Invoking toplevel() on ptolemy.moml.MoMLSimpleApplication@1ee66fef
----------------- Done invoking toplevel() on ptolemy.moml.MoMLSimpleApplication@1ee66fef
reloadAllAccessors: .Scale3

===========================================================================================
----------------- testing Fri May 03 04:09:54 UTC 2019 /home/travis/build/icyphy/ptII/ptolemy/actor/lib/test/auto/ScaleArray.xml
----------------- Instantiating /home/travis/build/icyphy/ptII/ptolemy/actor/lib/test/auto/ScaleArray.xml
2 ms. Memory: 1607168K Free: 618198K (38%)
----------------- Invoking toplevel() on ptolemy.moml.MoMLSimpleApplication@3b17fcb0
----------------- Done invoking toplevel() on ptolemy.moml.MoMLSimpleApplication@3b17fcb0
reloadAllAccessors: .ScaleArray

===========================================================================================
----------------- testing Fri May 03 04:09:54 UTC 2019 /home/travis/build/icyphy/ptII/ptolemy/actor/lib/test/auto/ScaleArray2.xml
----------------- Instantiating /home/travis/build/icyphy/ptII/ptolemy/actor/lib/test/auto/ScaleArray2.xml
1 ms. Memory: 1607168K Free: 598293K (37%)
----------------- Invoking toplevel() on ptolemy.moml.MoMLSimpleApplication@5a49e926
----------------- Done invoking toplevel() on ptolemy.moml.MoMLSimpleApplication@5a49e926
reloadAllAccessors: .ScaleArray2

===========================================================================================
----------------- testing Fri May 03 04:09:54 UTC 2019 /home/travis/build/icyphy/ptII/ptolemy/actor/lib/test/auto/ScaleMatrix.xml
----------------- Instantiating /home/travis/build/icyphy/ptII/ptolemy/actor/lib/test/auto/ScaleMatrix.xml
113 ms. Memory: 1607168K Free: 575967K (36%)
----------------- Invoking toplevel() on ptolemy.moml.MoMLSimpleApplication@6cf0624b
----------------- Done invoking toplevel() on ptolemy.moml.MoMLSimpleApplication@6cf0624b
reloadAllAccessors: .ScaleMatrix

===========================================================================================
----------------- testing Fri May 03 04:09:54 UTC 2019 /home/travis/build/icyphy/ptII/ptolemy/actor/lib/test/auto/Select.xml
----------------- Instantiating /home/travis/build/icyphy/ptII/ptolemy/actor/lib/test/auto/Select.xml
8 ms. Memory: 1607168K Free: 556063K (35%)
----------------- Invoking toplevel() on ptolemy.moml.MoMLSimpleApplication@7db9fba0
----------------- Done invoking toplevel() on ptolemy.moml.MoMLSimpleApplication@7db9fba0
reloadAllAccessors: .Select

===========================================================================================
----------------- testing Fri May 03 04:09:54 UTC 2019 /home/travis/build/icyphy/ptII/ptolemy/actor/lib/test/auto/Select2.xml
----------------- Instantiating /home/travis/build/icyphy/ptII/ptolemy/actor/lib/test/auto/Select2.xml
1 ms. Memory: 1607168K Free: 541179K (34%)
----------------- Invoking toplevel() on ptolemy.moml.MoMLSimpleApplication@3839e59
----------------- Done invoking toplevel() on ptolemy.moml.MoMLSimpleApplication@3839e59
reloadAllAccessors: .Select2

===========================================================================================
----------------- testing Fri May 03 04:09:54 UTC 2019 /home/travis/build/icyphy/ptII/ptolemy/actor/lib/test/auto/SequenceToArray2.xml
----------------- Instantiating /home/travis/build/icyphy/ptII/ptolemy/actor/lib/test/auto/SequenceToArray2.xml
74 ms. Memory: 1607168K Free: 446840K (28%)
----------------- Invoking toplevel() on ptolemy.moml.MoMLSimpleApplication@35a02c24
----------------- Done invoking toplevel() on ptolemy.moml.MoMLSimpleApplication@35a02c24
reloadAllAccessors: .SequenceToArray2

===========================================================================================
----------------- testing Fri May 03 04:09:54 UTC 2019 /home/travis/build/icyphy/ptII/ptolemy/actor/lib/test/auto/SequentialClock.xml
----------------- Instantiating /home/travis/build/icyphy/ptII/ptolemy/actor/lib/test/auto/SequentialClock.xml
1 ms. Memory: 1607168K Free: 431956K (27%)
----------------- Invoking toplevel() on ptolemy.moml.MoMLSimpleApplication@1f128d69
----------------- Done invoking toplevel() on ptolemy.moml.MoMLSimpleApplication@1f128d69
reloadAllAccessors: .SequentialClock

===========================================================================================
----------------- testing Fri May 03 04:09:54 UTC 2019 /home/travis/build/icyphy/ptII/ptolemy/actor/lib/test/auto/SetVariable.xml
----------------- Instantiating /home/travis/build/icyphy/ptII/ptolemy/actor/lib/test/auto/SetVariable.xml
5 ms. Memory: 1607168K Free: 412052K (26%)
----------------- Invoking toplevel() on ptolemy.moml.MoMLSimpleApplication@55ca71f9
----------------- Done invoking toplevel() on ptolemy.moml.MoMLSimpleApplication@55ca71f9
reloadAllAccessors: .SetVariable

===========================================================================================
----------------- testing Fri May 03 04:09:54 UTC 2019 /home/travis/build/icyphy/ptII/ptolemy/actor/lib/test/auto/SetVariable2.xml
----------------- Instantiating /home/travis/build/icyphy/ptII/ptolemy/actor/lib/test/auto/SetVariable2.xml
3 ms. Memory: 1607168K Free: 397168K (25%)
----------------- Invoking toplevel() on ptolemy.moml.MoMLSimpleApplication@7d109792
----------------- Done invoking toplevel() on ptolemy.moml.MoMLSimpleApplication@7d109792
reloadAllAccessors: .SetVariable2

===========================================================================================
----------------- testing Fri May 03 04:09:54 UTC 2019 /home/travis/build/icyphy/ptII/ptolemy/actor/lib/test/auto/SetVariable3.xml
----------------- Instantiating /home/travis/build/icyphy/ptII/ptolemy/actor/lib/test/auto/SetVariable3.xml
9 ms. Memory: 1607168K Free: 377264K (23%)
----------------- Invoking toplevel() on ptolemy.moml.MoMLSimpleApplication@320c8181
----------------- Done invoking toplevel() on ptolemy.moml.MoMLSimpleApplication@320c8181
reloadAllAccessors: .SetVariable3

===========================================================================================
----------------- testing Fri May 03 04:09:54 UTC 2019 /home/travis/build/icyphy/ptII/ptolemy/actor/lib/test/auto/SetVariable4.xml
----------------- Instantiating /home/travis/build/icyphy/ptII/ptolemy/actor/lib/test/auto/SetVariable4.xml
15 ms. Memory: 1607168K Free: 310286K (19%)
----------------- Invoking toplevel() on ptolemy.moml.MoMLSimpleApplication@1bb4af37
----------------- Done invoking toplevel() on ptolemy.moml.MoMLSimpleApplication@1bb4af37
reloadAllAccessors: .SetVariable4

===========================================================================================
----------------- testing Fri May 03 04:09:54 UTC 2019 /home/travis/build/icyphy/ptII/ptolemy/actor/lib/test/auto/SetVariable5.xml
----------------- Instantiating /home/travis/build/icyphy/ptII/ptolemy/actor/lib/test/auto/SetVariable5.xml
16 ms. Memory: 1607168K Free: 290382K (18%)
----------------- Invoking toplevel() on ptolemy.moml.MoMLSimpleApplication@b94ee18
----------------- Done invoking toplevel() on ptolemy.moml.MoMLSimpleApplication@b94ee18
reloadAllAccessors: .SetVariable5

===========================================================================================
----------------- testing Fri May 03 04:09:54 UTC 2019 /home/travis/build/icyphy/ptII/ptolemy/actor/lib/test/auto/Sinewave.xml
----------------- Instantiating /home/travis/build/icyphy/ptII/ptolemy/actor/lib/test/auto/Sinewave.xml
6 ms. Memory: 1607168K Free: 268040K (17%)
----------------- Invoking toplevel() on ptolemy.moml.MoMLSimpleApplication@5548c8b6
----------------- Done invoking toplevel() on ptolemy.moml.MoMLSimpleApplication@5548c8b6
reloadAllAccessors: .Sinewave

===========================================================================================
----------------- testing Fri May 03 04:09:54 UTC 2019 /home/travis/build/icyphy/ptII/ptolemy/actor/lib/test/auto/Sinewave2.xml
----------------- Instantiating /home/travis/build/icyphy/ptII/ptolemy/actor/lib/test/auto/Sinewave2.xml
6 ms. Memory: 1607168K Free: 248136K (15%)
----------------- Invoking toplevel() on ptolemy.moml.MoMLSimpleApplication@3e6d200a
----------------- Done invoking toplevel() on ptolemy.moml.MoMLSimpleApplication@3e6d200a
reloadAllAccessors: .Sinewave2

===========================================================================================
----------------- testing Fri May 03 04:09:54 UTC 2019 /home/travis/build/icyphy/ptII/ptolemy/actor/lib/test/auto/Sinewave3.xml
----------------- Instantiating /home/travis/build/icyphy/ptII/ptolemy/actor/lib/test/auto/Sinewave3.xml
7 ms. Memory: 1607168K Free: 233252K (15%)
----------------- Invoking toplevel() on ptolemy.moml.MoMLSimpleApplication@3a65739e
----------------- Done invoking toplevel() on ptolemy.moml.MoMLSimpleApplication@3a65739e
reloadAllAccessors: .Sinewave3

===========================================================================================
----------------- testing Fri May 03 04:09:54 UTC 2019 /home/travis/build/icyphy/ptII/ptolemy/actor/lib/test/auto/SingleEvent.xml
----------------- Instantiating /home/travis/build/icyphy/ptII/ptolemy/actor/lib/test/auto/SingleEvent.xml
1 ms. Memory: 1607168K Free: 218369K (14%)
----------------- Invoking toplevel() on ptolemy.moml.MoMLSimpleApplication@7f3b38f0
----------------- Done invoking toplevel() on ptolemy.moml.MoMLSimpleApplication@7f3b38f0
reloadAllAccessors: .SingleEvent

===========================================================================================
----------------- testing Fri May 03 04:09:54 UTC 2019 /home/travis/build/icyphy/ptII/ptolemy/actor/lib/test/auto/Sleep.xml
----------------- Instantiating /home/travis/build/icyphy/ptII/ptolemy/actor/lib/test/auto/Sleep.xml
6003 ms. Memory: 1607168K Free: 198464K (12%)
----------------- Invoking toplevel() on ptolemy.moml.MoMLSimpleApplication@64c6921f
----------------- Done invoking toplevel() on ptolemy.moml.MoMLSimpleApplication@64c6921f
reloadAllAccessors: .Sleep

===========================================================================================
----------------- testing Fri May 03 04:10:00 UTC 2019 /home/travis/build/icyphy/ptII/ptolemy/actor/lib/test/auto/SleepMultipleFire.xml
----------------- Instantiating /home/travis/build/icyphy/ptII/ptolemy/actor/lib/test/auto/SleepMultipleFire.xml
1005 ms. Memory: 1607168K Free: 183581K (11%)
----------------- Invoking toplevel() on ptolemy.moml.MoMLSimpleApplication@c002eb
----------------- Done invoking toplevel() on ptolemy.moml.MoMLSimpleApplication@c002eb
reloadAllAccessors: .SleepMultipleFire

===========================================================================================
----------------- testing Fri May 03 04:10:01 UTC 2019 /home/travis/build/icyphy/ptII/ptolemy/actor/lib/test/auto/StopDE.xml
----------------- Instantiating /home/travis/build/icyphy/ptII/ptolemy/actor/lib/test/auto/StopDE.xml
4 ms. Memory: 1607168K Free: 163676K (10%)
----------------- Invoking toplevel() on ptolemy.moml.MoMLSimpleApplication@68e7a2f5
----------------- Done invoking toplevel() on ptolemy.moml.MoMLSimpleApplication@68e7a2f5
reloadAllAccessors: .StopDE

===========================================================================================
----------------- testing Fri May 03 04:10:01 UTC 2019 /home/travis/build/icyphy/ptII/ptolemy/actor/lib/test/auto/StopSDF.xml
----------------- Instantiating /home/travis/build/icyphy/ptII/ptolemy/actor/lib/test/auto/StopSDF.xml
2 ms. Memory: 1607168K Free: 148792K (9%)
----------------- Invoking toplevel() on ptolemy.moml.MoMLSimpleApplication@60659f34
----------------- Done invoking toplevel() on ptolemy.moml.MoMLSimpleApplication@60659f34
reloadAllAccessors: .StopSDF

===========================================================================================
----------------- testing Fri May 03 04:10:01 UTC 2019 /home/travis/build/icyphy/ptII/ptolemy/actor/lib/test/auto/StringConstant.xml
----------------- Instantiating /home/travis/build/icyphy/ptII/ptolemy/actor/lib/test/auto/StringConstant.xml
4 ms. Memory: 1607168K Free: 128888K (8%)
----------------- Invoking toplevel() on ptolemy.moml.MoMLSimpleApplication@768ae1b4
----------------- Done invoking toplevel() on ptolemy.moml.MoMLSimpleApplication@768ae1b4
reloadAllAccessors: .StringConstant

===========================================================================================
----------------- testing Fri May 03 04:10:01 UTC 2019 /home/travis/build/icyphy/ptII/ptolemy/actor/lib/test/auto/SubscriberPortInitialValues1.xml
----------------- Instantiating /home/travis/build/icyphy/ptII/ptolemy/actor/lib/test/auto/SubscriberPortInitialValues1.xml
9 ms. Memory: 1607168K Free: 114004K (7%)
----------------- Invoking toplevel() on ptolemy.moml.MoMLSimpleApplication@4bde67e5
----------------- Done invoking toplevel() on ptolemy.moml.MoMLSimpleApplication@4bde67e5
reloadAllAccessors: .SubscriberPortInitialValues1

===========================================================================================
----------------- testing Fri May 03 04:10:01 UTC 2019 /home/travis/build/icyphy/ptII/ptolemy/actor/lib/test/auto/SubscriberPortInitialValues13.xml
----------------- Instantiating /home/travis/build/icyphy/ptII/ptolemy/actor/lib/test/auto/SubscriberPortInitialValues13.xml
7 ms. Memory: 1607168K Free: 86658K (5%)
----------------- Invoking toplevel() on ptolemy.moml.MoMLSimpleApplication@64110bf6
----------------- Done invoking toplevel() on ptolemy.moml.MoMLSimpleApplication@64110bf6
reloadAllAccessors: .SubscriberPortInitialValues13

===========================================================================================
----------------- testing Fri May 03 04:10:01 UTC 2019 /home/travis/build/icyphy/ptII/ptolemy/actor/lib/test/auto/SubscriberPortInitialValues14.xml
----------------- Instantiating /home/travis/build/icyphy/ptII/ptolemy/actor/lib/test/auto/SubscriberPortInitialValues14.xml
13 ms. Memory: 1781760K Free: 1734158K (97%)
----------------- Invoking toplevel() on ptolemy.moml.MoMLSimpleApplication@6d34ca86
----------------- Done invoking toplevel() on ptolemy.moml.MoMLSimpleApplication@6d34ca86
reloadAllAccessors: .SubscriberPortInitialValues14

===========================================================================================
----------------- testing Fri May 03 04:10:01 UTC 2019 /home/travis/build/icyphy/ptII/ptolemy/actor/lib/test/auto/SubscriberPortInitialValues2.xml
----------------- Instantiating /home/travis/build/icyphy/ptII/ptolemy/actor/lib/test/auto/SubscriberPortInitialValues2.xml
3 ms. Memory: 1781760K Free: 1703428K (96%)
----------------- Invoking toplevel() on ptolemy.moml.MoMLSimpleApplication@70d57490
----------------- Done invoking toplevel() on ptolemy.moml.MoMLSimpleApplication@70d57490
reloadAllAccessors: .SubscriberPortInitialValues2

===========================================================================================
----------------- testing Fri May 03 04:10:01 UTC 2019 /home/travis/build/icyphy/ptII/ptolemy/actor/lib/test/auto/SubscriberPortInitialValues3.xml
----------------- Instantiating /home/travis/build/icyphy/ptII/ptolemy/actor/lib/test/auto/SubscriberPortInitialValues3.xml
3 ms. Memory: 1781760K Free: 1676861K (94%)
----------------- Invoking toplevel() on ptolemy.moml.MoMLSimpleApplication@67131c8d
----------------- Done invoking toplevel() on ptolemy.moml.MoMLSimpleApplication@67131c8d
reloadAllAccessors: .SubscriberPortInitialValues3

===========================================================================================
----------------- testing Fri May 03 04:10:01 UTC 2019 /home/travis/build/icyphy/ptII/ptolemy/actor/lib/test/auto/SubscriptionAggregator.xml
----------------- Instantiating /home/travis/build/icyphy/ptII/ptolemy/actor/lib/test/auto/SubscriptionAggregator.xml
2 ms. Memory: 1781760K Free: 1654660K (93%)
----------------- Invoking toplevel() on ptolemy.moml.MoMLSimpleApplication@5a98de54
----------------- Done invoking toplevel() on ptolemy.moml.MoMLSimpleApplication@5a98de54
reloadAllAccessors: .SubscriptionAggregator

===========================================================================================
----------------- testing Fri May 03 04:10:01 UTC 2019 /home/travis/build/icyphy/ptII/ptolemy/actor/lib/test/auto/SubscriptionAggregator2.xml
----------------- Instantiating /home/travis/build/icyphy/ptII/ptolemy/actor/lib/test/auto/SubscriptionAggregator2.xml
2 ms. Memory: 1781760K Free: 1628092K (91%)
----------------- Invoking toplevel() on ptolemy.moml.MoMLSimpleApplication@684fb84d
----------------- Done invoking toplevel() on ptolemy.moml.MoMLSimpleApplication@684fb84d
reloadAllAccessors: .SubscriptionAggregator2

===========================================================================================
----------------- testing Fri May 03 04:10:01 UTC 2019 /home/travis/build/icyphy/ptII/ptolemy/actor/lib/test/auto/SubscriptionAggregator3.xml
----------------- Instantiating /home/travis/build/icyphy/ptII/ptolemy/actor/lib/test/auto/SubscriptionAggregator3.xml
4 ms. Memory: 1781760K Free: 1605892K (90%)
----------------- Invoking toplevel() on ptolemy.moml.MoMLSimpleApplication@37660e74
----------------- Done invoking toplevel() on ptolemy.moml.MoMLSimpleApplication@37660e74
reloadAllAccessors: .SubscriptionAggregator3

===========================================================================================
----------------- testing Fri May 03 04:10:01 UTC 2019 /home/travis/build/icyphy/ptII/ptolemy/actor/lib/test/auto/SubscriptionAggregatorMultiply.xml
----------------- Instantiating /home/travis/build/icyphy/ptII/ptolemy/actor/lib/test/auto/SubscriptionAggregatorMultiply.xml
2 ms. Memory: 1781760K Free: 1579324K (89%)
----------------- Invoking toplevel() on ptolemy.moml.MoMLSimpleApplication@4036ef72
----------------- Done invoking toplevel() on ptolemy.moml.MoMLSimpleApplication@4036ef72
reloadAllAccessors: .SubscriptionAggregatorMultiply

===========================================================================================
----------------- testing Fri May 03 04:10:01 UTC 2019 /home/travis/build/icyphy/ptII/ptolemy/actor/lib/test/auto/SubscriptionAggregatorPortMultiply1.xml
----------------- Instantiating /home/travis/build/icyphy/ptII/ptolemy/actor/lib/test/auto/SubscriptionAggregatorPortMultiply1.xml
4 ms. Memory: 1781760K Free: 1557124K (87%)
----------------- Invoking toplevel() on ptolemy.moml.MoMLSimpleApplication@79c34cb0
----------------- Done invoking toplevel() on ptolemy.moml.MoMLSimpleApplication@79c34cb0
reloadAllAccessors: .SubscriptionAggregatorPortMultiply1

===========================================================================================
----------------- testing Fri May 03 04:10:01 UTC 2019 /home/travis/build/icyphy/ptII/ptolemy/actor/lib/test/auto/Switch.xml
----------------- Instantiating /home/travis/build/icyphy/ptII/ptolemy/actor/lib/test/auto/Switch.xml
7 ms. Memory: 1781760K Free: 1463915K (82%)
----------------- Invoking toplevel() on ptolemy.moml.MoMLSimpleApplication@1857f422
----------------- Done invoking toplevel() on ptolemy.moml.MoMLSimpleApplication@1857f422
reloadAllAccessors: .Switch

===========================================================================================
----------------- testing Fri May 03 04:10:01 UTC 2019 /home/travis/build/icyphy/ptII/ptolemy/actor/lib/test/auto/Switch2.xml
----------------- Instantiating /home/travis/build/icyphy/ptII/ptolemy/actor/lib/test/auto/Switch2.xml
1 ms. Memory: 1781760K Free: 1437347K (81%)
----------------- Invoking toplevel() on ptolemy.moml.MoMLSimpleApplication@53737f73
----------------- Done invoking toplevel() on ptolemy.moml.MoMLSimpleApplication@53737f73
reloadAllAccessors: .Switch2

===========================================================================================
----------------- testing Fri May 03 04:10:01 UTC 2019 /home/travis/build/icyphy/ptII/ptolemy/actor/lib/test/auto/SwitchDE.xml
----------------- Instantiating /home/travis/build/icyphy/ptII/ptolemy/actor/lib/test/auto/SwitchDE.xml
9 ms. Memory: 1781760K Free: 1415147K (79%)
----------------- Invoking toplevel() on ptolemy.moml.MoMLSimpleApplication@2672f7b7
----------------- Done invoking toplevel() on ptolemy.moml.MoMLSimpleApplication@2672f7b7
reloadAllAccessors: .SwitchDE

===========================================================================================
----------------- testing Fri May 03 04:10:02 UTC 2019 /home/travis/build/icyphy/ptII/ptolemy/actor/lib/test/auto/SynchronizerDE.xml
----------------- Instantiating /home/travis/build/icyphy/ptII/ptolemy/actor/lib/test/auto/SynchronizerDE.xml
3 ms. Memory: 1781760K Free: 1388579K (78%)
----------------- Invoking toplevel() on ptolemy.moml.MoMLSimpleApplication@354fd7ba
----------------- Done invoking toplevel() on ptolemy.moml.MoMLSimpleApplication@354fd7ba
reloadAllAccessors: .SynchronizerDE

===========================================================================================
----------------- testing Fri May 03 04:10:02 UTC 2019 /home/travis/build/icyphy/ptII/ptolemy/actor/lib/test/auto/Test.xml
----------------- Instantiating /home/travis/build/icyphy/ptII/ptolemy/actor/lib/test/auto/Test.xml
1 ms. Memory: 1781760K Free: 1366379K (77%)
----------------- Invoking toplevel() on ptolemy.moml.MoMLSimpleApplication@66cecd5c
----------------- Done invoking toplevel() on ptolemy.moml.MoMLSimpleApplication@66cecd5c
reloadAllAccessors: .Test

===========================================================================================
----------------- testing Fri May 03 04:10:02 UTC 2019 /home/travis/build/icyphy/ptII/ptolemy/actor/lib/test/auto/TestExceptionAttribute1.xml
----------------- Instantiating /home/travis/build/icyphy/ptII/ptolemy/actor/lib/test/auto/TestExceptionAttribute1.xml
1 ms. Memory: 1781760K Free: 1339811K (75%)
----------------- Invoking toplevel() on ptolemy.moml.MoMLSimpleApplication@4119aefa
----------------- Done invoking toplevel() on ptolemy.moml.MoMLSimpleApplication@4119aefa
reloadAllAccessors: .TestExceptionAttribute1

===========================================================================================
----------------- testing Fri May 03 04:10:02 UTC 2019 /home/travis/build/icyphy/ptII/ptolemy/actor/lib/test/auto/TestExceptionAttribute2.xml
----------------- Instantiating /home/travis/build/icyphy/ptII/ptolemy/actor/lib/test/auto/TestExceptionAttribute2.xml
0 ms. Memory: 1781760K Free: 1317611K (74%)
----------------- Invoking toplevel() on ptolemy.moml.MoMLSimpleApplication@1b53382a
----------------- Done invoking toplevel() on ptolemy.moml.MoMLSimpleApplication@1b53382a
reloadAllAccessors: .TestExceptionAttribute2

===========================================================================================
----------------- testing Fri May 03 04:10:02 UTC 2019 /home/travis/build/icyphy/ptII/ptolemy/actor/lib/test/auto/TestExceptionAttribute3.xml
----------------- Instantiating /home/travis/build/icyphy/ptII/ptolemy/actor/lib/test/auto/TestExceptionAttribute3.xml
.TestExceptionAttribute3.TestExceptionAttribute: initialize() was not invoked, but wrapup() was.  This is unusual, but not always a problem.  For example, exporting JNLP will do this.
1 ms. Memory: 1781760K Free: 1291043K (72%)
----------------- Invoking toplevel() on ptolemy.moml.MoMLSimpleApplication@3073c7cf
----------------- Done invoking toplevel() on ptolemy.moml.MoMLSimpleApplication@3073c7cf
reloadAllAccessors: .TestExceptionAttribute3

===========================================================================================
----------------- testing Fri May 03 04:10:02 UTC 2019 /home/travis/build/icyphy/ptII/ptolemy/actor/lib/test/auto/TestExceptionAttribute4.xml
----------------- Instantiating /home/travis/build/icyphy/ptII/ptolemy/actor/lib/test/auto/TestExceptionAttribute4.xml
.TestExceptionAttribute4.TestExceptionAttribute: initialize() was not invoked, but wrapup() was.  This is unusual, but not always a problem.  For example, exporting JNLP will do this.
.TestExceptionAttribute4.TestExceptionAttribute2: initialize() was not invoked, but wrapup() was.  This is unusual, but not always a problem.  For example, exporting JNLP will do this.
0 ms. Memory: 1781760K Free: 1264475K (71%)
----------------- Invoking toplevel() on ptolemy.moml.MoMLSimpleApplication@1a9762c9
----------------- Done invoking toplevel() on ptolemy.moml.MoMLSimpleApplication@1a9762c9
reloadAllAccessors: .TestExceptionAttribute4

===========================================================================================
----------------- testing Fri May 03 04:10:02 UTC 2019 /home/travis/build/icyphy/ptII/ptolemy/actor/lib/test/auto/TestExceptionHandler1.xml
----------------- Instantiating /home/travis/build/icyphy/ptII/ptolemy/actor/lib/test/auto/TestExceptionHandler1.xml
0 ms. Memory: 1781760K Free: 1242275K (70%)
----------------- Invoking toplevel() on ptolemy.moml.MoMLSimpleApplication@2f456695
----------------- Done invoking toplevel() on ptolemy.moml.MoMLSimpleApplication@2f456695
reloadAllAccessors: .TestExceptionHandler1

===========================================================================================
----------------- testing Fri May 03 04:10:02 UTC 2019 /home/travis/build/icyphy/ptII/ptolemy/actor/lib/test/auto/TestExceptionHandler2.xml
----------------- Instantiating /home/travis/build/icyphy/ptII/ptolemy/actor/lib/test/auto/TestExceptionHandler2.xml
1 ms. Memory: 1781760K Free: 1215707K (68%)
----------------- Invoking toplevel() on ptolemy.moml.MoMLSimpleApplication@7a5ef56d
----------------- Done invoking toplevel() on ptolemy.moml.MoMLSimpleApplication@7a5ef56d
reloadAllAccessors: .TestExceptionHandler2

===========================================================================================
----------------- testing Fri May 03 04:10:02 UTC 2019 /home/travis/build/icyphy/ptII/ptolemy/actor/lib/test/auto/TestExceptionHandler3.xml
----------------- Instantiating /home/travis/build/icyphy/ptII/ptolemy/actor/lib/test/auto/TestExceptionHandler3.xml
1 ms. Memory: 1781760K Free: 1193506K (67%)
----------------- Invoking toplevel() on ptolemy.moml.MoMLSimpleApplication@303c394d
----------------- Done invoking toplevel() on ptolemy.moml.MoMLSimpleApplication@303c394d
reloadAllAccessors: .TestExceptionHandler3

===========================================================================================
----------------- testing Fri May 03 04:10:02 UTC 2019 /home/travis/build/icyphy/ptII/ptolemy/actor/lib/test/auto/TestExceptionHandler4.xml
----------------- Instantiating /home/travis/build/icyphy/ptII/ptolemy/actor/lib/test/auto/TestExceptionHandler4.xml
1 ms. Memory: 1781760K Free: 1166939K (65%)
----------------- Invoking toplevel() on ptolemy.moml.MoMLSimpleApplication@67485cf6
----------------- Done invoking toplevel() on ptolemy.moml.MoMLSimpleApplication@67485cf6
reloadAllAccessors: .TestExceptionHandler4

===========================================================================================
----------------- testing Fri May 03 04:10:02 UTC 2019 /home/travis/build/icyphy/ptII/ptolemy/actor/lib/test/auto/TestRequireCorrectOrder.xml
----------------- Instantiating /home/travis/build/icyphy/ptII/ptolemy/actor/lib/test/auto/TestRequireCorrectOrder.xml
2 ms. Memory: 1781760K Free: 1144738K (64%)
----------------- Invoking toplevel() on ptolemy.moml.MoMLSimpleApplication@594cb210
----------------- Done invoking toplevel() on ptolemy.moml.MoMLSimpleApplication@594cb210
reloadAllAccessors: .TestRequireCorrectOrder

===========================================================================================
----------------- testing Fri May 03 04:10:02 UTC 2019 /home/travis/build/icyphy/ptII/ptolemy/actor/lib/test/auto/TestSimple.xml
----------------- Instantiating /home/travis/build/icyphy/ptII/ptolemy/actor/lib/test/auto/TestSimple.xml
1 ms. Memory: 1781760K Free: 1118170K (63%)
----------------- Invoking toplevel() on ptolemy.moml.MoMLSimpleApplication@4df17d0b
----------------- Done invoking toplevel() on ptolemy.moml.MoMLSimpleApplication@4df17d0b
reloadAllAccessors: .TestSimple

===========================================================================================
----------------- testing Fri May 03 04:10:02 UTC 2019 /home/travis/build/icyphy/ptII/ptolemy/actor/lib/test/auto/ThrowModelError.xml
----------------- Instantiating /home/travis/build/icyphy/ptII/ptolemy/actor/lib/test/auto/ThrowModelError.xml
1 ms. Memory: 1781760K Free: 1091603K (61%)
----------------- Invoking toplevel() on ptolemy.moml.MoMLSimpleApplication@2f2d5958
----------------- Done invoking toplevel() on ptolemy.moml.MoMLSimpleApplication@2f2d5958
reloadAllAccessors: .ThrowModelError

===========================================================================================
----------------- testing Fri May 03 04:10:02 UTC 2019 /home/travis/build/icyphy/ptII/ptolemy/actor/lib/test/auto/TimeDelayMicrosteps.xml
----------------- Instantiating /home/travis/build/icyphy/ptII/ptolemy/actor/lib/test/auto/TimeDelayMicrosteps.xml
2 ms. Memory: 1781760K Free: 1069402K (60%)
----------------- Invoking toplevel() on ptolemy.moml.MoMLSimpleApplication@571c9ed0
----------------- Done invoking toplevel() on ptolemy.moml.MoMLSimpleApplication@571c9ed0
reloadAllAccessors: .TimeDelayMicrosteps

===========================================================================================
----------------- testing Fri May 03 04:10:02 UTC 2019 /home/travis/build/icyphy/ptII/ptolemy/actor/lib/test/auto/TimeDelayMicrosteps2.xml
----------------- Instantiating /home/travis/build/icyphy/ptII/ptolemy/actor/lib/test/auto/TimeDelayMicrosteps2.xml
3 ms. Memory: 1781760K Free: 1042835K (59%)
----------------- Invoking toplevel() on ptolemy.moml.MoMLSimpleApplication@247968cf
----------------- Done invoking toplevel() on ptolemy.moml.MoMLSimpleApplication@247968cf
reloadAllAccessors: .TimeDelayMicrosteps2

===========================================================================================
----------------- testing Fri May 03 04:10:02 UTC 2019 /home/travis/build/icyphy/ptII/ptolemy/actor/lib/test/auto/TimeDelayMicrosteps3.xml
----------------- Instantiating /home/travis/build/icyphy/ptII/ptolemy/actor/lib/test/auto/TimeDelayMicrosteps3.xml
2 ms. Memory: 1781760K Free: 1020634K (57%)
----------------- Invoking toplevel() on ptolemy.moml.MoMLSimpleApplication@51dba2d9
----------------- Done invoking toplevel() on ptolemy.moml.MoMLSimpleApplication@51dba2d9
reloadAllAccessors: .TimeDelayMicrosteps3

===========================================================================================
----------------- testing Fri May 03 04:10:02 UTC 2019 /home/travis/build/icyphy/ptII/ptolemy/actor/lib/test/auto/TimeDelayVariableMicrosteps.xml
----------------- Instantiating /home/travis/build/icyphy/ptII/ptolemy/actor/lib/test/auto/TimeDelayVariableMicrosteps.xml
2 ms. Memory: 1781760K Free: 994067K (56%)
----------------- Invoking toplevel() on ptolemy.moml.MoMLSimpleApplication@33469dae
----------------- Done invoking toplevel() on ptolemy.moml.MoMLSimpleApplication@33469dae
reloadAllAccessors: .TimeDelayVariableMicrosteps

===========================================================================================
----------------- testing Fri May 03 04:10:02 UTC 2019 /home/travis/build/icyphy/ptII/ptolemy/actor/lib/test/auto/TimeGap.xml
----------------- Instantiating /home/travis/build/icyphy/ptII/ptolemy/actor/lib/test/auto/TimeGap.xml
2 ms. Memory: 1781760K Free: 971866K (55%)
----------------- Invoking toplevel() on ptolemy.moml.MoMLSimpleApplication@26ac2e46
----------------- Done invoking toplevel() on ptolemy.moml.MoMLSimpleApplication@26ac2e46
reloadAllAccessors: .TimeGap

===========================================================================================
----------------- testing Fri May 03 04:10:02 UTC 2019 /home/travis/build/icyphy/ptII/ptolemy/actor/lib/test/auto/TimeGap2.xml
----------------- Instantiating /home/travis/build/icyphy/ptII/ptolemy/actor/lib/test/auto/TimeGap2.xml
2 ms. Memory: 1781760K Free: 945298K (53%)
----------------- Invoking toplevel() on ptolemy.moml.MoMLSimpleApplication@76ccb559
----------------- Done invoking toplevel() on ptolemy.moml.MoMLSimpleApplication@76ccb559
reloadAllAccessors: .TimeGap2

===========================================================================================
----------------- testing Fri May 03 04:10:02 UTC 2019 /home/travis/build/icyphy/ptII/ptolemy/actor/lib/test/auto/TimedSinewave.xml
----------------- Instantiating /home/travis/build/icyphy/ptII/ptolemy/actor/lib/test/auto/TimedSinewave.xml
14 ms. Memory: 1781760K Free: 907622K (51%)
----------------- Invoking toplevel() on ptolemy.moml.MoMLSimpleApplication@27521e48
----------------- Done invoking toplevel() on ptolemy.moml.MoMLSimpleApplication@27521e48
reloadAllAccessors: .TimedSinewave

===========================================================================================
----------------- testing Fri May 03 04:10:02 UTC 2019 /home/travis/build/icyphy/ptII/ptolemy/actor/lib/test/auto/TimedSinewavePhase.xml
----------------- Instantiating /home/travis/build/icyphy/ptII/ptolemy/actor/lib/test/auto/TimedSinewavePhase.xml
9 ms. Memory: 1781760K Free: 885422K (50%)
----------------- Invoking toplevel() on ptolemy.moml.MoMLSimpleApplication@6c02a45d
----------------- Done invoking toplevel() on ptolemy.moml.MoMLSimpleApplication@6c02a45d
reloadAllAccessors: .TimedSinewavePhase

===========================================================================================
----------------- testing Fri May 03 04:10:02 UTC 2019 /home/travis/build/icyphy/ptII/ptolemy/actor/lib/test/auto/Timer.xml
----------------- Instantiating /home/travis/build/icyphy/ptII/ptolemy/actor/lib/test/auto/Timer.xml
2 ms. Memory: 1781760K Free: 858854K (48%)
----------------- Invoking toplevel() on ptolemy.moml.MoMLSimpleApplication@117540ba
----------------- Done invoking toplevel() on ptolemy.moml.MoMLSimpleApplication@117540ba
reloadAllAccessors: .Timer

===========================================================================================
----------------- testing Fri May 03 04:10:02 UTC 2019 /home/travis/build/icyphy/ptII/ptolemy/actor/lib/test/auto/TriangularDistTestModel.xml
----------------- Instantiating /home/travis/build/icyphy/ptII/ptolemy/actor/lib/test/auto/TriangularDistTestModel.xml
2 ms. Memory: 1781760K Free: 836654K (47%)
----------------- Invoking toplevel() on ptolemy.moml.MoMLSimpleApplication@f93e193
----------------- Done invoking toplevel() on ptolemy.moml.MoMLSimpleApplication@f93e193
reloadAllAccessors: .TriangularDistTestModel

===========================================================================================
----------------- testing Fri May 03 04:10:02 UTC 2019 /home/travis/build/icyphy/ptII/ptolemy/actor/lib/test/auto/TrigFunction.xml
----------------- Instantiating /home/travis/build/icyphy/ptII/ptolemy/actor/lib/test/auto/TrigFunction.xml
1 ms. Memory: 1781760K Free: 810086K (45%)
----------------- Invoking toplevel() on ptolemy.moml.MoMLSimpleApplication@1ce73c58
----------------- Done invoking toplevel() on ptolemy.moml.MoMLSimpleApplication@1ce73c58
reloadAllAccessors: .TrigFunction

===========================================================================================
----------------- testing Fri May 03 04:10:02 UTC 2019 /home/travis/build/icyphy/ptII/ptolemy/actor/lib/test/auto/TrigFunctionDE.xml
----------------- Instantiating /home/travis/build/icyphy/ptII/ptolemy/actor/lib/test/auto/TrigFunctionDE.xml
2 ms. Memory: 1781760K Free: 787886K (44%)
----------------- Invoking toplevel() on ptolemy.moml.MoMLSimpleApplication@5dc030a9
----------------- Done invoking toplevel() on ptolemy.moml.MoMLSimpleApplication@5dc030a9
reloadAllAccessors: .TrigFunctionDE

===========================================================================================
----------------- testing Fri May 03 04:10:02 UTC 2019 /home/travis/build/icyphy/ptII/ptolemy/actor/lib/test/auto/TrigFunctionInverse.xml
----------------- Instantiating /home/travis/build/icyphy/ptII/ptolemy/actor/lib/test/auto/TrigFunctionInverse.xml
2 ms. Memory: 1781760K Free: 761318K (43%)
----------------- Invoking toplevel() on ptolemy.moml.MoMLSimpleApplication@223808cf
----------------- Done invoking toplevel() on ptolemy.moml.MoMLSimpleApplication@223808cf
reloadAllAccessors: .TrigFunctionInverse

===========================================================================================
----------------- testing Fri May 03 04:10:02 UTC 2019 /home/travis/build/icyphy/ptII/ptolemy/actor/lib/test/auto/TrigFunctionTan.xml
----------------- Instantiating /home/travis/build/icyphy/ptII/ptolemy/actor/lib/test/auto/TrigFunctionTan.xml
1 ms. Memory: 1781760K Free: 734750K (41%)
----------------- Invoking toplevel() on ptolemy.moml.MoMLSimpleApplication@5be8e0d
----------------- Done invoking toplevel() on ptolemy.moml.MoMLSimpleApplication@5be8e0d
reloadAllAccessors: .TrigFunctionTan

===========================================================================================
----------------- testing Fri May 03 04:10:02 UTC 2019 /home/travis/build/icyphy/ptII/ptolemy/actor/lib/test/auto/TriggeredClock.xml
----------------- Instantiating /home/travis/build/icyphy/ptII/ptolemy/actor/lib/test/auto/TriggeredClock.xml
1 ms. Memory: 1781760K Free: 712550K (40%)
----------------- Invoking toplevel() on ptolemy.moml.MoMLSimpleApplication@653c4cef
----------------- Done invoking toplevel() on ptolemy.moml.MoMLSimpleApplication@653c4cef
reloadAllAccessors: .TriggeredClock

===========================================================================================
----------------- testing Fri May 03 04:10:02 UTC 2019 /home/travis/build/icyphy/ptII/ptolemy/actor/lib/test/auto/URLDirectoryReader.xml
----------------- Instantiating /home/travis/build/icyphy/ptII/ptolemy/actor/lib/test/auto/URLDirectoryReader.xml
27 ms. Memory: 1781760K Free: 685982K (39%)
----------------- Invoking toplevel() on ptolemy.moml.MoMLSimpleApplication@fe554e4
----------------- Done invoking toplevel() on ptolemy.moml.MoMLSimpleApplication@fe554e4
reloadAllAccessors: .URLDirectoryReader

===========================================================================================
----------------- testing Fri May 03 04:10:02 UTC 2019 /home/travis/build/icyphy/ptII/ptolemy/actor/lib/test/auto/URLDirectoryReader3.xml
----------------- Instantiating /home/travis/build/icyphy/ptII/ptolemy/actor/lib/test/auto/URLDirectoryReader3.xml
1121 ms. Memory: 1781760K Free: 619381K (35%)
----------------- Invoking toplevel() on ptolemy.moml.MoMLSimpleApplication@6fef7ce6
----------------- Done invoking toplevel() on ptolemy.moml.MoMLSimpleApplication@6fef7ce6
reloadAllAccessors: .URLDirectoryReader3

===========================================================================================
----------------- testing Fri May 03 04:10:03 UTC 2019 /home/travis/build/icyphy/ptII/ptolemy/actor/lib/test/auto/UnaryMathFunction.xml
----------------- Instantiating /home/travis/build/icyphy/ptII/ptolemy/actor/lib/test/auto/UnaryMathFunction.xml
8 ms. Memory: 1781760K Free: 592814K (33%)
----------------- Invoking toplevel() on ptolemy.moml.MoMLSimpleApplication@f6e37ac
----------------- Done invoking toplevel() on ptolemy.moml.MoMLSimpleApplication@f6e37ac
reloadAllAccessors: .UnaryMathFunction

===========================================================================================
----------------- testing Fri May 03 04:10:03 UTC 2019 /home/travis/build/icyphy/ptII/ptolemy/actor/lib/test/auto/Uniform.xml
----------------- Instantiating /home/travis/build/icyphy/ptII/ptolemy/actor/lib/test/auto/Uniform.xml
6 ms. Memory: 1781760K Free: 570613K (32%)
----------------- Invoking toplevel() on ptolemy.moml.MoMLSimpleApplication@47382125
----------------- Done invoking toplevel() on ptolemy.moml.MoMLSimpleApplication@47382125
reloadAllAccessors: .Uniform

===========================================================================================
----------------- testing Fri May 03 04:10:04 UTC 2019 /home/travis/build/icyphy/ptII/ptolemy/actor/lib/test/auto/UnionDisassemblerTest.xml
----------------- Instantiating /home/travis/build/icyphy/ptII/ptolemy/actor/lib/test/auto/UnionDisassemblerTest.xml
12 ms. Memory: 1781760K Free: 544045K (31%)
----------------- Invoking toplevel() on ptolemy.moml.MoMLSimpleApplication@4e839cf
----------------- Done invoking toplevel() on ptolemy.moml.MoMLSimpleApplication@4e839cf
reloadAllAccessors: .UnionDisassemblerTest

===========================================================================================
----------------- testing Fri May 03 04:10:04 UTC 2019 /home/travis/build/icyphy/ptII/ptolemy/actor/lib/test/auto/UtilityFunctions.xml
----------------- Instantiating /home/travis/build/icyphy/ptII/ptolemy/actor/lib/test/auto/UtilityFunctions.xml
9 ms. Memory: 1781760K Free: 517478K (29%)
----------------- Invoking toplevel() on ptolemy.moml.MoMLSimpleApplication@53cc09a2
----------------- Done invoking toplevel() on ptolemy.moml.MoMLSimpleApplication@53cc09a2
reloadAllAccessors: .UtilityFunctions

===========================================================================================
----------------- testing Fri May 03 04:10:04 UTC 2019 /home/travis/build/icyphy/ptII/ptolemy/actor/lib/test/auto/VariableSleep.xml
----------------- Instantiating /home/travis/build/icyphy/ptII/ptolemy/actor/lib/test/auto/VariableSleep.xml
503 ms. Memory: 1781760K Free: 495277K (28%)
----------------- Invoking toplevel() on ptolemy.moml.MoMLSimpleApplication@57023768
----------------- Done invoking toplevel() on ptolemy.moml.MoMLSimpleApplication@57023768
reloadAllAccessors: .VariableSleep

===========================================================================================
----------------- testing Fri May 03 04:10:04 UTC 2019 /home/travis/build/icyphy/ptII/ptolemy/actor/lib/test/auto/VectorAssemblerDisassemblerCT.xml
----------------- Instantiating /home/travis/build/icyphy/ptII/ptolemy/actor/lib/test/auto/VectorAssemblerDisassemblerCT.xml
83 ms. Memory: 1781760K Free: 457609K (26%)
----------------- Invoking toplevel() on ptolemy.moml.MoMLSimpleApplication@3d96d397
----------------- Done invoking toplevel() on ptolemy.moml.MoMLSimpleApplication@3d96d397
reloadAllAccessors: .VectorAssemblerDisassemblerCT

===========================================================================================
----------------- testing Fri May 03 04:10:04 UTC 2019 /home/travis/build/icyphy/ptII/ptolemy/actor/lib/test/auto/VectorAssemblerDisassemblerDE.xml
----------------- Instantiating /home/travis/build/icyphy/ptII/ptolemy/actor/lib/test/auto/VectorAssemblerDisassemblerDE.xml
2 ms. Memory: 1781760K Free: 435409K (24%)
----------------- Invoking toplevel() on ptolemy.moml.MoMLSimpleApplication@7a1e8fe8
----------------- Done invoking toplevel() on ptolemy.moml.MoMLSimpleApplication@7a1e8fe8
reloadAllAccessors: .VectorAssemblerDisassemblerDE

===========================================================================================
----------------- testing Fri May 03 04:10:04 UTC 2019 /home/travis/build/icyphy/ptII/ptolemy/actor/lib/test/auto/VectorAssemblerDisassemblerSDF.xml
----------------- Instantiating /home/travis/build/icyphy/ptII/ptolemy/actor/lib/test/auto/VectorAssemblerDisassemblerSDF.xml
2 ms. Memory: 1781760K Free: 408841K (23%)
----------------- Invoking toplevel() on ptolemy.moml.MoMLSimpleApplication@422adb92
----------------- Done invoking toplevel() on ptolemy.moml.MoMLSimpleApplication@422adb92
reloadAllAccessors: .VectorAssemblerDisassemblerSDF

===========================================================================================
----------------- testing Fri May 03 04:10:04 UTC 2019 /home/travis/build/icyphy/ptII/ptolemy/actor/lib/test/auto/WallClockTime.xml
----------------- Instantiating /home/travis/build/icyphy/ptII/ptolemy/actor/lib/test/auto/WallClockTime.xml
1005 ms. Memory: 1781760K Free: 386641K (22%)
----------------- Invoking toplevel() on ptolemy.moml.MoMLSimpleApplication@3ae7ade7
----------------- Done invoking toplevel() on ptolemy.moml.MoMLSimpleApplication@3ae7ade7
reloadAllAccessors: .WallClockTime

===========================================================================================
----------------- testing Fri May 03 04:10:05 UTC 2019 /home/travis/build/icyphy/ptII/ptolemy/actor/lib/test/auto/WidthTestWithSubscriberPublisher.xml
----------------- Instantiating /home/travis/build/icyphy/ptII/ptolemy/actor/lib/test/auto/WidthTestWithSubscriberPublisher.xml
6 ms. Memory: 1781760K Free: 348957K (20%)
----------------- Invoking toplevel() on ptolemy.moml.MoMLSimpleApplication@34ba06f5
----------------- Done invoking toplevel() on ptolemy.moml.MoMLSimpleApplication@34ba06f5
reloadAllAccessors: .WidthTestWithSubscriberPublisher

===========================================================================================
----------------- testing Fri May 03 04:10:05 UTC 2019 /home/travis/build/icyphy/ptII/ptolemy/actor/lib/test/auto/WidthTestWithSubscriberPublisher2.xml
----------------- Instantiating /home/travis/build/icyphy/ptII/ptolemy/actor/lib/test/auto/WidthTestWithSubscriberPublisher2.xml
2 ms. Memory: 1781760K Free: 322390K (18%)
----------------- Invoking toplevel() on ptolemy.moml.MoMLSimpleApplication@4f279659
----------------- Done invoking toplevel() on ptolemy.moml.MoMLSimpleApplication@4f279659
reloadAllAccessors: .WidthTestWithSubscriberPublisher2

===========================================================================================
----------------- testing Fri May 03 04:10:05 UTC 2019 /home/travis/build/icyphy/ptII/ptolemy/actor/lib/test/auto/WidthTestWithSubscriberPublisher3.xml
----------------- Instantiating /home/travis/build/icyphy/ptII/ptolemy/actor/lib/test/auto/WidthTestWithSubscriberPublisher3.xml
2 ms. Memory: 1781760K Free: 300189K (17%)
----------------- Invoking toplevel() on ptolemy.moml.MoMLSimpleApplication@40ea54f7
----------------- Done invoking toplevel() on ptolemy.moml.MoMLSimpleApplication@40ea54f7
reloadAllAccessors: .WidthTestWithSubscriberPublisher3

===========================================================================================
----------------- testing Fri May 03 04:10:05 UTC 2019 /home/travis/build/icyphy/ptII/ptolemy/actor/lib/test/auto/Writer.xml
----------------- Instantiating /home/travis/build/icyphy/ptII/ptolemy/actor/lib/test/auto/Writer.xml
0
1
2
3
4
1 ms. Memory: 1781760K Free: 273622K (15%)
----------------- Invoking toplevel() on ptolemy.moml.MoMLSimpleApplication@63caf31d
----------------- Done invoking toplevel() on ptolemy.moml.MoMLSimpleApplication@63caf31d
reloadAllAccessors: .Writer

===========================================================================================
----------------- testing Fri May 03 04:10:05 UTC 2019 /home/travis/build/icyphy/ptII/ptolemy/actor/lib/test/auto/array.xml
----------------- Instantiating /home/travis/build/icyphy/ptII/ptolemy/actor/lib/test/auto/array.xml
2 ms. Memory: 1781760K Free: 251421K (14%)
----------------- Invoking toplevel() on ptolemy.moml.MoMLSimpleApplication@3fff6d5e
----------------- Done invoking toplevel() on ptolemy.moml.MoMLSimpleApplication@3fff6d5e
reloadAllAccessors: .array

===========================================================================================
----------------- testing Fri May 03 04:10:05 UTC 2019 /home/travis/build/icyphy/ptII/ptolemy/actor/lib/test/auto/array2.xml
----------------- Instantiating /home/travis/build/icyphy/ptII/ptolemy/actor/lib/test/auto/array2.xml
6 ms. Memory: 1781760K Free: 224853K (13%)
----------------- Invoking toplevel() on ptolemy.moml.MoMLSimpleApplication@7b40d1d9
----------------- Done invoking toplevel() on ptolemy.moml.MoMLSimpleApplication@7b40d1d9
reloadAllAccessors: .array2

===========================================================================================
----------------- testing Fri May 03 04:10:05 UTC 2019 /home/travis/build/icyphy/ptII/ptolemy/actor/lib/test/auto/arrayType.xml
----------------- Instantiating /home/travis/build/icyphy/ptII/ptolemy/actor/lib/test/auto/arrayType.xml
2 ms. Memory: 1781760K Free: 202653K (11%)
----------------- Invoking toplevel() on ptolemy.moml.MoMLSimpleApplication@7032d231
----------------- Done invoking toplevel() on ptolemy.moml.MoMLSimpleApplication@7032d231
reloadAllAccessors: .arrayType

===========================================================================================
----------------- testing Fri May 03 04:10:05 UTC 2019 /home/travis/build/icyphy/ptII/ptolemy/actor/lib/test/auto/arrayType10.xml
----------------- Instantiating /home/travis/build/icyphy/ptII/ptolemy/actor/lib/test/auto/arrayType10.xml
1 ms. Memory: 1781760K Free: 176085K (10%)
----------------- Invoking toplevel() on ptolemy.moml.MoMLSimpleApplication@59710e83
----------------- Done invoking toplevel() on ptolemy.moml.MoMLSimpleApplication@59710e83
reloadAllAccessors: .arrayType10

===========================================================================================
----------------- testing Fri May 03 04:10:06 UTC 2019 /home/travis/build/icyphy/ptII/ptolemy/actor/lib/test/auto/arrayType11.xml
----------------- Instantiating /home/travis/build/icyphy/ptII/ptolemy/actor/lib/test/auto/arrayType11.xml
1 ms. Memory: 1781760K Free: 149517K (8%)
----------------- Invoking toplevel() on ptolemy.moml.MoMLSimpleApplication@7d687290
----------------- Done invoking toplevel() on ptolemy.moml.MoMLSimpleApplication@7d687290
reloadAllAccessors: .arrayType11

===========================================================================================
----------------- testing Fri May 03 04:10:06 UTC 2019 /home/travis/build/icyphy/ptII/ptolemy/actor/lib/test/auto/arrayType12.xml
----------------- Instantiating /home/travis/build/icyphy/ptII/ptolemy/actor/lib/test/auto/arrayType12.xml
2 ms. Memory: 1781760K Free: 127317K (7%)
----------------- Invoking toplevel() on ptolemy.moml.MoMLSimpleApplication@35f119d4
----------------- Done invoking toplevel() on ptolemy.moml.MoMLSimpleApplication@35f119d4
reloadAllAccessors: .arrayType12

===========================================================================================
----------------- testing Fri May 03 04:10:06 UTC 2019 /home/travis/build/icyphy/ptII/ptolemy/actor/lib/test/auto/arrayType13.xml
----------------- Instantiating /home/travis/build/icyphy/ptII/ptolemy/actor/lib/test/auto/arrayType13.xml
2 ms. Memory: 1781760K Free: 100749K (6%)
----------------- Invoking toplevel() on ptolemy.moml.MoMLSimpleApplication@7667626e
----------------- Done invoking toplevel() on ptolemy.moml.MoMLSimpleApplication@7667626e
reloadAllAccessors: .arrayType13

===========================================================================================
----------------- testing Fri May 03 04:10:06 UTC 2019 /home/travis/build/icyphy/ptII/ptolemy/actor/lib/test/auto/arrayType14.xml
----------------- Instantiating /home/travis/build/icyphy/ptII/ptolemy/actor/lib/test/auto/arrayType14.xml
2 ms. Memory: 1781760K Free: 78549K (4%)
----------------- Invoking toplevel() on ptolemy.moml.MoMLSimpleApplication@2abe62
----------------- Done invoking toplevel() on ptolemy.moml.MoMLSimpleApplication@2abe62
reloadAllAccessors: .arrayType14

===========================================================================================
----------------- testing Fri May 03 04:10:06 UTC 2019 /home/travis/build/icyphy/ptII/ptolemy/actor/lib/test/auto/arrayType15.xml
----------------- Instantiating /home/travis/build/icyphy/ptII/ptolemy/actor/lib/test/auto/arrayType15.xml
2 ms. Memory: 1782784K Free: 1708357K (96%)
----------------- Invoking toplevel() on ptolemy.moml.MoMLSimpleApplication@4d89ea57
----------------- Done invoking toplevel() on ptolemy.moml.MoMLSimpleApplication@4d89ea57
reloadAllAccessors: .arrayType15

===========================================================================================
----------------- testing Fri May 03 04:10:06 UTC 2019 /home/travis/build/icyphy/ptII/ptolemy/actor/lib/test/auto/arrayType16.xml
----------------- Instantiating /home/travis/build/icyphy/ptII/ptolemy/actor/lib/test/auto/arrayType16.xml
2 ms. Memory: 1782784K Free: 1686157K (95%)
----------------- Invoking toplevel() on ptolemy.moml.MoMLSimpleApplication@5690649d
----------------- Done invoking toplevel() on ptolemy.moml.MoMLSimpleApplication@5690649d
reloadAllAccessors: .arrayType16

===========================================================================================
----------------- testing Fri May 03 04:10:06 UTC 2019 /home/travis/build/icyphy/ptII/ptolemy/actor/lib/test/auto/arrayType17.xml
----------------- Instantiating /home/travis/build/icyphy/ptII/ptolemy/actor/lib/test/auto/arrayType17.xml
1 ms. Memory: 1782784K Free: 1660009K (93%)
----------------- Invoking toplevel() on ptolemy.moml.MoMLSimpleApplication@b3d1c94
----------------- Done invoking toplevel() on ptolemy.moml.MoMLSimpleApplication@b3d1c94
reloadAllAccessors: .arrayType17

===========================================================================================
----------------- testing Fri May 03 04:10:06 UTC 2019 /home/travis/build/icyphy/ptII/ptolemy/actor/lib/test/auto/arrayType18.xml
----------------- Instantiating /home/travis/build/icyphy/ptII/ptolemy/actor/lib/test/auto/arrayType18.xml
1 ms. Memory: 1782784K Free: 1633861K (92%)
----------------- Invoking toplevel() on ptolemy.moml.MoMLSimpleApplication@3e6f30dc
----------------- Done invoking toplevel() on ptolemy.moml.MoMLSimpleApplication@3e6f30dc
reloadAllAccessors: .arrayType18

===========================================================================================
----------------- testing Fri May 03 04:10:06 UTC 2019 /home/travis/build/icyphy/ptII/ptolemy/actor/lib/test/auto/arrayType19.xml
----------------- Instantiating /home/travis/build/icyphy/ptII/ptolemy/actor/lib/test/auto/arrayType19.xml
1 ms. Memory: 1782784K Free: 1611661K (90%)
----------------- Invoking toplevel() on ptolemy.moml.MoMLSimpleApplication@1c9241ae
----------------- Done invoking toplevel() on ptolemy.moml.MoMLSimpleApplication@1c9241ae
reloadAllAccessors: .arrayType19

===========================================================================================
----------------- testing Fri May 03 04:10:06 UTC 2019 /home/travis/build/icyphy/ptII/ptolemy/actor/lib/test/auto/arrayType2.xml
----------------- Instantiating /home/travis/build/icyphy/ptII/ptolemy/actor/lib/test/auto/arrayType2.xml
1 ms. Memory: 1782784K Free: 1585513K (89%)
----------------- Invoking toplevel() on ptolemy.moml.MoMLSimpleApplication@d70fdcc
----------------- Done invoking toplevel() on ptolemy.moml.MoMLSimpleApplication@d70fdcc
reloadAllAccessors: .arrayType2

===========================================================================================
----------------- testing Fri May 03 04:10:06 UTC 2019 /home/travis/build/icyphy/ptII/ptolemy/actor/lib/test/auto/arrayType20.xml
----------------- Instantiating /home/travis/build/icyphy/ptII/ptolemy/actor/lib/test/auto/arrayType20.xml
1 ms. Memory: 1782784K Free: 1559365K (87%)
----------------- Invoking toplevel() on ptolemy.moml.MoMLSimpleApplication@6a80a6d1
----------------- Done invoking toplevel() on ptolemy.moml.MoMLSimpleApplication@6a80a6d1
reloadAllAccessors: .arrayType20

===========================================================================================
----------------- testing Fri May 03 04:10:06 UTC 2019 /home/travis/build/icyphy/ptII/ptolemy/actor/lib/test/auto/arrayType21.xml
----------------- Instantiating /home/travis/build/icyphy/ptII/ptolemy/actor/lib/test/auto/arrayType21.xml
1 ms. Memory: 1782784K Free: 1537165K (86%)
----------------- Invoking toplevel() on ptolemy.moml.MoMLSimpleApplication@52b8501f
----------------- Done invoking toplevel() on ptolemy.moml.MoMLSimpleApplication@52b8501f
reloadAllAccessors: .arrayType21

===========================================================================================
----------------- testing Fri May 03 04:10:06 UTC 2019 /home/travis/build/icyphy/ptII/ptolemy/actor/lib/test/auto/arrayType22.xml
----------------- Instantiating /home/travis/build/icyphy/ptII/ptolemy/actor/lib/test/auto/arrayType22.xml
1 ms. Memory: 1782784K Free: 1511017K (85%)
----------------- Invoking toplevel() on ptolemy.moml.MoMLSimpleApplication@41193a9f
----------------- Done invoking toplevel() on ptolemy.moml.MoMLSimpleApplication@41193a9f
reloadAllAccessors: .arrayType22

===========================================================================================
----------------- testing Fri May 03 04:10:06 UTC 2019 /home/travis/build/icyphy/ptII/ptolemy/actor/lib/test/auto/arrayType23.xml
----------------- Instantiating /home/travis/build/icyphy/ptII/ptolemy/actor/lib/test/auto/arrayType23.xml
1 ms. Memory: 1782784K Free: 1484869K (83%)
----------------- Invoking toplevel() on ptolemy.moml.MoMLSimpleApplication@226ef505
----------------- Done invoking toplevel() on ptolemy.moml.MoMLSimpleApplication@226ef505
reloadAllAccessors: .arrayType23

===========================================================================================
----------------- testing Fri May 03 04:10:06 UTC 2019 /home/travis/build/icyphy/ptII/ptolemy/actor/lib/test/auto/arrayType24.xml
----------------- Instantiating /home/travis/build/icyphy/ptII/ptolemy/actor/lib/test/auto/arrayType24.xml
1 ms. Memory: 1782784K Free: 1462669K (82%)
----------------- Invoking toplevel() on ptolemy.moml.MoMLSimpleApplication@3575a5d3
----------------- Done invoking toplevel() on ptolemy.moml.MoMLSimpleApplication@3575a5d3
reloadAllAccessors: .arrayType24

===========================================================================================
----------------- testing Fri May 03 04:10:06 UTC 2019 /home/travis/build/icyphy/ptII/ptolemy/actor/lib/test/auto/arrayType25.xml
----------------- Instantiating /home/travis/build/icyphy/ptII/ptolemy/actor/lib/test/auto/arrayType25.xml
1 ms. Memory: 1782784K Free: 1436521K (81%)
----------------- Invoking toplevel() on ptolemy.moml.MoMLSimpleApplication@4f7048a0
----------------- Done invoking toplevel() on ptolemy.moml.MoMLSimpleApplication@4f7048a0
reloadAllAccessors: .arrayType25

===========================================================================================
----------------- testing Fri May 03 04:10:06 UTC 2019 /home/travis/build/icyphy/ptII/ptolemy/actor/lib/test/auto/arrayType26.xml
----------------- Instantiating /home/travis/build/icyphy/ptII/ptolemy/actor/lib/test/auto/arrayType26.xml
2 ms. Memory: 1782784K Free: 1410373K (79%)
----------------- Invoking toplevel() on ptolemy.moml.MoMLSimpleApplication@29ae82bc
----------------- Done invoking toplevel() on ptolemy.moml.MoMLSimpleApplication@29ae82bc
reloadAllAccessors: .arrayType26

===========================================================================================
----------------- testing Fri May 03 04:10:06 UTC 2019 /home/travis/build/icyphy/ptII/ptolemy/actor/lib/test/auto/arrayType27.xml
----------------- Instantiating /home/travis/build/icyphy/ptII/ptolemy/actor/lib/test/auto/arrayType27.xml
3 ms. Memory: 1782784K Free: 1388147K (78%)
----------------- Invoking toplevel() on ptolemy.moml.MoMLSimpleApplication@5869c7ac
----------------- Done invoking toplevel() on ptolemy.moml.MoMLSimpleApplication@5869c7ac
reloadAllAccessors: .arrayType27

===========================================================================================
----------------- testing Fri May 03 04:10:06 UTC 2019 /home/travis/build/icyphy/ptII/ptolemy/actor/lib/test/auto/arrayType28.xml
----------------- Instantiating /home/travis/build/icyphy/ptII/ptolemy/actor/lib/test/auto/arrayType28.xml
2 ms. Memory: 1782784K Free: 1361999K (76%)
----------------- Invoking toplevel() on ptolemy.moml.MoMLSimpleApplication@42f98c82
----------------- Done invoking toplevel() on ptolemy.moml.MoMLSimpleApplication@42f98c82
reloadAllAccessors: .arrayType28

===========================================================================================
----------------- testing Fri May 03 04:10:06 UTC 2019 /home/travis/build/icyphy/ptII/ptolemy/actor/lib/test/auto/arrayType3.xml
----------------- Instantiating /home/travis/build/icyphy/ptII/ptolemy/actor/lib/test/auto/arrayType3.xml
1 ms. Memory: 1782784K Free: 1339799K (75%)
----------------- Invoking toplevel() on ptolemy.moml.MoMLSimpleApplication@27b4186a
----------------- Done invoking toplevel() on ptolemy.moml.MoMLSimpleApplication@27b4186a
reloadAllAccessors: .arrayType3

===========================================================================================
----------------- testing Fri May 03 04:10:06 UTC 2019 /home/travis/build/icyphy/ptII/ptolemy/actor/lib/test/auto/arrayType4.xml
----------------- Instantiating /home/travis/build/icyphy/ptII/ptolemy/actor/lib/test/auto/arrayType4.xml
1 ms. Memory: 1782784K Free: 1313651K (74%)
----------------- Invoking toplevel() on ptolemy.moml.MoMLSimpleApplication@5d13fe41
----------------- Done invoking toplevel() on ptolemy.moml.MoMLSimpleApplication@5d13fe41
reloadAllAccessors: .arrayType4

===========================================================================================
----------------- testing Fri May 03 04:10:06 UTC 2019 /home/travis/build/icyphy/ptII/ptolemy/actor/lib/test/auto/arrayType5.xml
----------------- Instantiating /home/travis/build/icyphy/ptII/ptolemy/actor/lib/test/auto/arrayType5.xml
2 ms. Memory: 1782784K Free: 1287503K (72%)
----------------- Invoking toplevel() on ptolemy.moml.MoMLSimpleApplication@37f911b1
----------------- Done invoking toplevel() on ptolemy.moml.MoMLSimpleApplication@37f911b1
reloadAllAccessors: .arrayType5

===========================================================================================
----------------- testing Fri May 03 04:10:06 UTC 2019 /home/travis/build/icyphy/ptII/ptolemy/actor/lib/test/auto/arrayType6.xml
----------------- Instantiating /home/travis/build/icyphy/ptII/ptolemy/actor/lib/test/auto/arrayType6.xml
1 ms. Memory: 1782784K Free: 1265302K (71%)
----------------- Invoking toplevel() on ptolemy.moml.MoMLSimpleApplication@7e699921
----------------- Done invoking toplevel() on ptolemy.moml.MoMLSimpleApplication@7e699921
reloadAllAccessors: .arrayType6

===========================================================================================
----------------- testing Fri May 03 04:10:06 UTC 2019 /home/travis/build/icyphy/ptII/ptolemy/actor/lib/test/auto/arrayType7.xml
----------------- Instantiating /home/travis/build/icyphy/ptII/ptolemy/actor/lib/test/auto/arrayType7.xml
1 ms. Memory: 1782784K Free: 1239154K (70%)
----------------- Invoking toplevel() on ptolemy.moml.MoMLSimpleApplication@5752327d
----------------- Done invoking toplevel() on ptolemy.moml.MoMLSimpleApplication@5752327d
reloadAllAccessors: .arrayType7

===========================================================================================
----------------- testing Fri May 03 04:10:06 UTC 2019 /home/travis/build/icyphy/ptII/ptolemy/actor/lib/test/auto/arrayType8.xml
----------------- Instantiating /home/travis/build/icyphy/ptII/ptolemy/actor/lib/test/auto/arrayType8.xml
1 ms. Memory: 1782784K Free: 1213007K (68%)
----------------- Invoking toplevel() on ptolemy.moml.MoMLSimpleApplication@37e05d29
----------------- Done invoking toplevel() on ptolemy.moml.MoMLSimpleApplication@37e05d29
reloadAllAccessors: .arrayType8

===========================================================================================
----------------- testing Fri May 03 04:10:06 UTC 2019 /home/travis/build/icyphy/ptII/ptolemy/actor/lib/test/auto/arrayType9.xml
----------------- Instantiating /home/travis/build/icyphy/ptII/ptolemy/actor/lib/test/auto/arrayType9.xml
2 ms. Memory: 1782784K Free: 1190806K (67%)
----------------- Invoking toplevel() on ptolemy.moml.MoMLSimpleApplication@6d5b3d72
----------------- Done invoking toplevel() on ptolemy.moml.MoMLSimpleApplication@6d5b3d72
reloadAllAccessors: .arrayType9

===========================================================================================
----------------- testing Fri May 03 04:10:06 UTC 2019 /home/travis/build/icyphy/ptII/ptolemy/actor/lib/test/auto/cast.xml
----------------- Instantiating /home/travis/build/icyphy/ptII/ptolemy/actor/lib/test/auto/cast.xml
2 ms. Memory: 1782784K Free: 1164658K (65%)
----------------- Invoking toplevel() on ptolemy.moml.MoMLSimpleApplication@46f0565
----------------- Done invoking toplevel() on ptolemy.moml.MoMLSimpleApplication@46f0565
reloadAllAccessors: .cast

===========================================================================================
----------------- testing Fri May 03 04:10:06 UTC 2019 /home/travis/build/icyphy/ptII/ptolemy/actor/lib/test/auto/compositeMultiPort.xml
----------------- Instantiating /home/travis/build/icyphy/ptII/ptolemy/actor/lib/test/auto/compositeMultiPort.xml
3 ms. Memory: 1782784K Free: 1138510K (64%)
----------------- Invoking toplevel() on ptolemy.moml.MoMLSimpleApplication@481d49d0
----------------- Done invoking toplevel() on ptolemy.moml.MoMLSimpleApplication@481d49d0
reloadAllAccessors: .compositeMultiPort

===========================================================================================
----------------- testing Fri May 03 04:10:06 UTC 2019 /home/travis/build/icyphy/ptII/ptolemy/actor/lib/test/auto/expressionCastInference.xml
----------------- Instantiating /home/travis/build/icyphy/ptII/ptolemy/actor/lib/test/auto/expressionCastInference.xml
3 ms. Memory: 1782784K Free: 1116310K (63%)
----------------- Invoking toplevel() on ptolemy.moml.MoMLSimpleApplication@2700331e
----------------- Done invoking toplevel() on ptolemy.moml.MoMLSimpleApplication@2700331e
reloadAllAccessors: .expressionCastInference

===========================================================================================
----------------- testing Fri May 03 04:10:06 UTC 2019 /home/travis/build/icyphy/ptII/ptolemy/actor/lib/test/auto/expressionCastInference2.xml
----------------- Instantiating /home/travis/build/icyphy/ptII/ptolemy/actor/lib/test/auto/expressionCastInference2.xml
1 ms. Memory: 1782784K Free: 1090162K (61%)
----------------- Invoking toplevel() on ptolemy.moml.MoMLSimpleApplication@70e235fb
----------------- Done invoking toplevel() on ptolemy.moml.MoMLSimpleApplication@70e235fb
reloadAllAccessors: .expressionCastInference2

===========================================================================================
----------------- testing Fri May 03 04:10:06 UTC 2019 /home/travis/build/icyphy/ptII/ptolemy/actor/lib/test/auto/expressionInference.xml
----------------- Instantiating /home/travis/build/icyphy/ptII/ptolemy/actor/lib/test/auto/expressionInference.xml
1 ms. Memory: 1782784K Free: 1064014K (60%)
----------------- Invoking toplevel() on ptolemy.moml.MoMLSimpleApplication@b15024
----------------- Done invoking toplevel() on ptolemy.moml.MoMLSimpleApplication@b15024
reloadAllAccessors: .expressionInference

===========================================================================================
----------------- testing Fri May 03 04:10:06 UTC 2019 /home/travis/build/icyphy/ptII/ptolemy/actor/lib/test/auto/expression_bug.xml
----------------- Instantiating /home/travis/build/icyphy/ptII/ptolemy/actor/lib/test/auto/expression_bug.xml
1 ms. Memory: 1782784K Free: 1041814K (58%)
----------------- Invoking toplevel() on ptolemy.moml.MoMLSimpleApplication@cabbf3b
----------------- Done invoking toplevel() on ptolemy.moml.MoMLSimpleApplication@cabbf3b
reloadAllAccessors: .expression_bug

===========================================================================================
----------------- testing Fri May 03 04:10:06 UTC 2019 /home/travis/build/icyphy/ptII/ptolemy/actor/lib/test/auto/factorial.xml
----------------- Instantiating /home/travis/build/icyphy/ptII/ptolemy/actor/lib/test/auto/factorial.xml
45 ms. Memory: 1782784K Free: 1015666K (57%)
----------------- Invoking toplevel() on ptolemy.moml.MoMLSimpleApplication@1aceaa02
----------------- Done invoking toplevel() on ptolemy.moml.MoMLSimpleApplication@1aceaa02
reloadAllAccessors: .factorial

===========================================================================================
----------------- testing Fri May 03 04:10:06 UTC 2019 /home/travis/build/icyphy/ptII/ptolemy/actor/lib/test/auto/filterTest1.xml
----------------- Instantiating /home/travis/build/icyphy/ptII/ptolemy/actor/lib/test/auto/filterTest1.xml
2 ms. Memory: 1782784K Free: 989518K (56%)
----------------- Invoking toplevel() on ptolemy.moml.MoMLSimpleApplication@e7cb379
----------------- Done invoking toplevel() on ptolemy.moml.MoMLSimpleApplication@e7cb379
reloadAllAccessors: .filterTest1

===========================================================================================
----------------- testing Fri May 03 04:10:06 UTC 2019 /home/travis/build/icyphy/ptII/ptolemy/actor/lib/test/auto/funcApplyInConst.xml
----------------- Instantiating /home/travis/build/icyphy/ptII/ptolemy/actor/lib/test/auto/funcApplyInConst.xml
1 ms. Memory: 1782784K Free: 967318K (54%)
----------------- Invoking toplevel() on ptolemy.moml.MoMLSimpleApplication@28ca122a
----------------- Done invoking toplevel() on ptolemy.moml.MoMLSimpleApplication@28ca122a
reloadAllAccessors: .funcApplyInConst

===========================================================================================
----------------- testing Fri May 03 04:10:06 UTC 2019 /home/travis/build/icyphy/ptII/ptolemy/actor/lib/test/auto/funcApplyInExpr.xml
----------------- Instantiating /home/travis/build/icyphy/ptII/ptolemy/actor/lib/test/auto/funcApplyInExpr.xml
1 ms. Memory: 1782784K Free: 941170K (53%)
----------------- Invoking toplevel() on ptolemy.moml.MoMLSimpleApplication@289f8128
----------------- Done invoking toplevel() on ptolemy.moml.MoMLSimpleApplication@289f8128
reloadAllAccessors: .funcApplyInExpr

===========================================================================================
----------------- testing Fri May 03 04:10:06 UTC 2019 /home/travis/build/icyphy/ptII/ptolemy/actor/lib/test/auto/function.xml
----------------- Instantiating /home/travis/build/icyphy/ptII/ptolemy/actor/lib/test/auto/function.xml
2 ms. Memory: 1782784K Free: 915022K (51%)
----------------- Invoking toplevel() on ptolemy.moml.MoMLSimpleApplication@27336937
----------------- Done invoking toplevel() on ptolemy.moml.MoMLSimpleApplication@27336937
reloadAllAccessors: .function

===========================================================================================
----------------- testing Fri May 03 04:10:06 UTC 2019 /home/travis/build/icyphy/ptII/ptolemy/actor/lib/test/auto/function2.xml
----------------- Instantiating /home/travis/build/icyphy/ptII/ptolemy/actor/lib/test/auto/function2.xml
2 ms. Memory: 1782784K Free: 892822K (50%)
----------------- Invoking toplevel() on ptolemy.moml.MoMLSimpleApplication@6170675b
----------------- Done invoking toplevel() on ptolemy.moml.MoMLSimpleApplication@6170675b
reloadAllAccessors: .function2

===========================================================================================
----------------- testing Fri May 03 04:10:06 UTC 2019 /home/travis/build/icyphy/ptII/ptolemy/actor/lib/test/auto/function3.xml
----------------- Instantiating /home/travis/build/icyphy/ptII/ptolemy/actor/lib/test/auto/function3.xml
1 ms. Memory: 1782784K Free: 866674K (49%)
----------------- Invoking toplevel() on ptolemy.moml.MoMLSimpleApplication@2ad2644
----------------- Done invoking toplevel() on ptolemy.moml.MoMLSimpleApplication@2ad2644
reloadAllAccessors: .function3

===========================================================================================
----------------- testing Fri May 03 04:10:06 UTC 2019 /home/travis/build/icyphy/ptII/ptolemy/actor/lib/test/auto/functionClosureTest1.xml
----------------- Instantiating /home/travis/build/icyphy/ptII/ptolemy/actor/lib/test/auto/functionClosureTest1.xml
2 ms. Memory: 1782784K Free: 844474K (47%)
----------------- Invoking toplevel() on ptolemy.moml.MoMLSimpleApplication@6449d0ce
----------------- Done invoking toplevel() on ptolemy.moml.MoMLSimpleApplication@6449d0ce
reloadAllAccessors: .functionClosureTest1

===========================================================================================
----------------- testing Fri May 03 04:10:06 UTC 2019 /home/travis/build/icyphy/ptII/ptolemy/actor/lib/test/auto/functionClosureTest2.xml
----------------- Instantiating /home/travis/build/icyphy/ptII/ptolemy/actor/lib/test/auto/functionClosureTest2.xml
1 ms. Memory: 1782784K Free: 818326K (46%)
----------------- Invoking toplevel() on ptolemy.moml.MoMLSimpleApplication@62e1b29e
----------------- Done invoking toplevel() on ptolemy.moml.MoMLSimpleApplication@62e1b29e
reloadAllAccessors: .functionClosureTest2

===========================================================================================
----------------- testing Fri May 03 04:10:06 UTC 2019 /home/travis/build/icyphy/ptII/ptolemy/actor/lib/test/auto/functionClosureTest3.xml
----------------- Instantiating /home/travis/build/icyphy/ptII/ptolemy/actor/lib/test/auto/functionClosureTest3.xml
2 ms. Memory: 1782784K Free: 792178K (44%)
----------------- Invoking toplevel() on ptolemy.moml.MoMLSimpleApplication@3d1dc0e8
----------------- Done invoking toplevel() on ptolemy.moml.MoMLSimpleApplication@3d1dc0e8
reloadAllAccessors: .functionClosureTest3

===========================================================================================
----------------- testing Fri May 03 04:10:06 UTC 2019 /home/travis/build/icyphy/ptII/ptolemy/actor/lib/test/auto/functionClosureTest4.xml
----------------- Instantiating /home/travis/build/icyphy/ptII/ptolemy/actor/lib/test/auto/functionClosureTest4.xml
3 ms. Memory: 1782784K Free: 769978K (43%)
----------------- Invoking toplevel() on ptolemy.moml.MoMLSimpleApplication@77fb88b
----------------- Done invoking toplevel() on ptolemy.moml.MoMLSimpleApplication@77fb88b
reloadAllAccessors: .functionClosureTest4

===========================================================================================
----------------- testing Fri May 03 04:10:06 UTC 2019 /home/travis/build/icyphy/ptII/ptolemy/actor/lib/test/auto/functionClosureTest5.xml
----------------- Instantiating /home/travis/build/icyphy/ptII/ptolemy/actor/lib/test/auto/functionClosureTest5.xml
6 ms. Memory: 1782784K Free: 743830K (42%)
----------------- Invoking toplevel() on ptolemy.moml.MoMLSimpleApplication@4cc6c88c
----------------- Done invoking toplevel() on ptolemy.moml.MoMLSimpleApplication@4cc6c88c
reloadAllAccessors: .functionClosureTest5

===========================================================================================
----------------- testing Fri May 03 04:10:06 UTC 2019 /home/travis/build/icyphy/ptII/ptolemy/actor/lib/test/auto/functionClosureTest6.xml
----------------- Instantiating /home/travis/build/icyphy/ptII/ptolemy/actor/lib/test/auto/functionClosureTest6.xml
3 ms. Memory: 1782784K Free: 717682K (40%)
----------------- Invoking toplevel() on ptolemy.moml.MoMLSimpleApplication@41d439a2
----------------- Done invoking toplevel() on ptolemy.moml.MoMLSimpleApplication@41d439a2
reloadAllAccessors: .functionClosureTest6

===========================================================================================
----------------- testing Fri May 03 04:10:06 UTC 2019 /home/travis/build/icyphy/ptII/ptolemy/actor/lib/test/auto/functionsOnArcs.xml
----------------- Instantiating /home/travis/build/icyphy/ptII/ptolemy/actor/lib/test/auto/functionsOnArcs.xml
1 ms. Memory: 1782784K Free: 695482K (39%)
----------------- Invoking toplevel() on ptolemy.moml.MoMLSimpleApplication@1f9e6f52
----------------- Done invoking toplevel() on ptolemy.moml.MoMLSimpleApplication@1f9e6f52
reloadAllAccessors: .functionsOnArcs

===========================================================================================
----------------- testing Fri May 03 04:10:06 UTC 2019 /home/travis/build/icyphy/ptII/ptolemy/actor/lib/test/auto/functionsOnArcsHOF.xml
----------------- Instantiating /home/travis/build/icyphy/ptII/ptolemy/actor/lib/test/auto/functionsOnArcsHOF.xml
3 ms. Memory: 1782784K Free: 669334K (38%)
----------------- Invoking toplevel() on ptolemy.moml.MoMLSimpleApplication@424179d1
----------------- Done invoking toplevel() on ptolemy.moml.MoMLSimpleApplication@424179d1
reloadAllAccessors: .functionsOnArcsHOF

===========================================================================================
----------------- testing Fri May 03 04:10:06 UTC 2019 /home/travis/build/icyphy/ptII/ptolemy/actor/lib/test/auto/logic.xml
----------------- Instantiating /home/travis/build/icyphy/ptII/ptolemy/actor/lib/test/auto/logic.xml
2 ms. Memory: 1782784K Free: 643186K (36%)
----------------- Invoking toplevel() on ptolemy.moml.MoMLSimpleApplication@5381bc8
----------------- Done invoking toplevel() on ptolemy.moml.MoMLSimpleApplication@5381bc8
reloadAllAccessors: .logic

===========================================================================================
----------------- testing Fri May 03 04:10:06 UTC 2019 /home/travis/build/icyphy/ptII/ptolemy/actor/lib/test/auto/matrixType.xml
----------------- Instantiating /home/travis/build/icyphy/ptII/ptolemy/actor/lib/test/auto/matrixType.xml
2 ms. Memory: 1782784K Free: 620986K (35%)
----------------- Invoking toplevel() on ptolemy.moml.MoMLSimpleApplication@7eea7441
----------------- Done invoking toplevel() on ptolemy.moml.MoMLSimpleApplication@7eea7441
reloadAllAccessors: .matrixType

===========================================================================================
----------------- testing Fri May 03 04:10:06 UTC 2019 /home/travis/build/icyphy/ptII/ptolemy/actor/lib/test/auto/matrixType10.xml
----------------- Instantiating /home/travis/build/icyphy/ptII/ptolemy/actor/lib/test/auto/matrixType10.xml
2 ms. Memory: 1782784K Free: 594838K (33%)
----------------- Invoking toplevel() on ptolemy.moml.MoMLSimpleApplication@2fd8b0e4
----------------- Done invoking toplevel() on ptolemy.moml.MoMLSimpleApplication@2fd8b0e4
reloadAllAccessors: .matrixType10

===========================================================================================
----------------- testing Fri May 03 04:10:06 UTC 2019 /home/travis/build/icyphy/ptII/ptolemy/actor/lib/test/auto/matrixType11.xml
----------------- Instantiating /home/travis/build/icyphy/ptII/ptolemy/actor/lib/test/auto/matrixType11.xml
2 ms. Memory: 1782784K Free: 568690K (32%)
----------------- Invoking toplevel() on ptolemy.moml.MoMLSimpleApplication@46c09561
----------------- Done invoking toplevel() on ptolemy.moml.MoMLSimpleApplication@46c09561
reloadAllAccessors: .matrixType11

===========================================================================================
----------------- testing Fri May 03 04:10:06 UTC 2019 /home/travis/build/icyphy/ptII/ptolemy/actor/lib/test/auto/matrixType12.xml
----------------- Instantiating /home/travis/build/icyphy/ptII/ptolemy/actor/lib/test/auto/matrixType12.xml
1 ms. Memory: 1782784K Free: 546490K (31%)
----------------- Invoking toplevel() on ptolemy.moml.MoMLSimpleApplication@4bdc9631
----------------- Done invoking toplevel() on ptolemy.moml.MoMLSimpleApplication@4bdc9631
reloadAllAccessors: .matrixType12

===========================================================================================
----------------- testing Fri May 03 04:10:06 UTC 2019 /home/travis/build/icyphy/ptII/ptolemy/actor/lib/test/auto/matrixType13.xml
----------------- Instantiating /home/travis/build/icyphy/ptII/ptolemy/actor/lib/test/auto/matrixType13.xml
1 ms. Memory: 1782784K Free: 520342K (29%)
----------------- Invoking toplevel() on ptolemy.moml.MoMLSimpleApplication@14cf4c33
----------------- Done invoking toplevel() on ptolemy.moml.MoMLSimpleApplication@14cf4c33
reloadAllAccessors: .matrixType13

===========================================================================================
----------------- testing Fri May 03 04:10:06 UTC 2019 /home/travis/build/icyphy/ptII/ptolemy/actor/lib/test/auto/matrixType14.xml
----------------- Instantiating /home/travis/build/icyphy/ptII/ptolemy/actor/lib/test/auto/matrixType14.xml
1 ms. Memory: 1782784K Free: 494194K (28%)
----------------- Invoking toplevel() on ptolemy.moml.MoMLSimpleApplication@417656c7
----------------- Done invoking toplevel() on ptolemy.moml.MoMLSimpleApplication@417656c7
reloadAllAccessors: .matrixType14

===========================================================================================
----------------- testing Fri May 03 04:10:06 UTC 2019 /home/travis/build/icyphy/ptII/ptolemy/actor/lib/test/auto/matrixType2.xml
----------------- Instantiating /home/travis/build/icyphy/ptII/ptolemy/actor/lib/test/auto/matrixType2.xml
1 ms. Memory: 1782784K Free: 471994K (26%)
----------------- Invoking toplevel() on ptolemy.moml.MoMLSimpleApplication@1622e1e7
----------------- Done invoking toplevel() on ptolemy.moml.MoMLSimpleApplication@1622e1e7
reloadAllAccessors: .matrixType2

===========================================================================================
----------------- testing Fri May 03 04:10:06 UTC 2019 /home/travis/build/icyphy/ptII/ptolemy/actor/lib/test/auto/matrixType3.xml
----------------- Instantiating /home/travis/build/icyphy/ptII/ptolemy/actor/lib/test/auto/matrixType3.xml
1 ms. Memory: 1782784K Free: 445846K (25%)
----------------- Invoking toplevel() on ptolemy.moml.MoMLSimpleApplication@6e5a3e71
----------------- Done invoking toplevel() on ptolemy.moml.MoMLSimpleApplication@6e5a3e71
reloadAllAccessors: .matrixType3

===========================================================================================
----------------- testing Fri May 03 04:10:06 UTC 2019 /home/travis/build/icyphy/ptII/ptolemy/actor/lib/test/auto/matrixType4.xml
----------------- Instantiating /home/travis/build/icyphy/ptII/ptolemy/actor/lib/test/auto/matrixType4.xml
1 ms. Memory: 1782784K Free: 419698K (24%)
----------------- Invoking toplevel() on ptolemy.moml.MoMLSimpleApplication@6b05dfd4
----------------- Done invoking toplevel() on ptolemy.moml.MoMLSimpleApplication@6b05dfd4
reloadAllAccessors: .matrixType4

===========================================================================================
----------------- testing Fri May 03 04:10:06 UTC 2019 /home/travis/build/icyphy/ptII/ptolemy/actor/lib/test/auto/matrixType5.xml
----------------- Instantiating /home/travis/build/icyphy/ptII/ptolemy/actor/lib/test/auto/matrixType5.xml
1 ms. Memory: 1782784K Free: 397498K (22%)
----------------- Invoking toplevel() on ptolemy.moml.MoMLSimpleApplication@3740dad6
----------------- Done invoking toplevel() on ptolemy.moml.MoMLSimpleApplication@3740dad6
reloadAllAccessors: .matrixType5

===========================================================================================
----------------- testing Fri May 03 04:10:06 UTC 2019 /home/travis/build/icyphy/ptII/ptolemy/actor/lib/test/auto/matrixType6.xml
----------------- Instantiating /home/travis/build/icyphy/ptII/ptolemy/actor/lib/test/auto/matrixType6.xml
1 ms. Memory: 1782784K Free: 371350K (21%)
----------------- Invoking toplevel() on ptolemy.moml.MoMLSimpleApplication@95c853b
----------------- Done invoking toplevel() on ptolemy.moml.MoMLSimpleApplication@95c853b
reloadAllAccessors: .matrixType6

===========================================================================================
----------------- testing Fri May 03 04:10:06 UTC 2019 /home/travis/build/icyphy/ptII/ptolemy/actor/lib/test/auto/matrixType7.xml
----------------- Instantiating /home/travis/build/icyphy/ptII/ptolemy/actor/lib/test/auto/matrixType7.xml
1 ms. Memory: 1782784K Free: 345202K (19%)
----------------- Invoking toplevel() on ptolemy.moml.MoMLSimpleApplication@74d07f08
----------------- Done invoking toplevel() on ptolemy.moml.MoMLSimpleApplication@74d07f08
reloadAllAccessors: .matrixType7

===========================================================================================
----------------- testing Fri May 03 04:10:06 UTC 2019 /home/travis/build/icyphy/ptII/ptolemy/actor/lib/test/auto/matrixType8.xml
----------------- Instantiating /home/travis/build/icyphy/ptII/ptolemy/actor/lib/test/auto/matrixType8.xml
1 ms. Memory: 1782784K Free: 323002K (18%)
----------------- Invoking toplevel() on ptolemy.moml.MoMLSimpleApplication@31ee0b8f
----------------- Done invoking toplevel() on ptolemy.moml.MoMLSimpleApplication@31ee0b8f
reloadAllAccessors: .matrixType8

===========================================================================================
----------------- testing Fri May 03 04:10:06 UTC 2019 /home/travis/build/icyphy/ptII/ptolemy/actor/lib/test/auto/matrixType9.xml
----------------- Instantiating /home/travis/build/icyphy/ptII/ptolemy/actor/lib/test/auto/matrixType9.xml
1 ms. Memory: 1782784K Free: 296854K (17%)
----------------- Invoking toplevel() on ptolemy.moml.MoMLSimpleApplication@2ac54fba
----------------- Done invoking toplevel() on ptolemy.moml.MoMLSimpleApplication@2ac54fba
reloadAllAccessors: .matrixType9

===========================================================================================
----------------- testing Fri May 03 04:10:07 UTC 2019 /home/travis/build/icyphy/ptII/ptolemy/actor/lib/test/auto/paraFunctest.xml
----------------- Instantiating /home/travis/build/icyphy/ptII/ptolemy/actor/lib/test/auto/paraFunctest.xml
1 ms. Memory: 1782784K Free: 270706K (15%)
----------------- Invoking toplevel() on ptolemy.moml.MoMLSimpleApplication@7fa6de5d
----------------- Done invoking toplevel() on ptolemy.moml.MoMLSimpleApplication@7fa6de5d
reloadAllAccessors: .paraFunctest

===========================================================================================
----------------- testing Fri May 03 04:10:07 UTC 2019 /home/travis/build/icyphy/ptII/ptolemy/actor/lib/test/auto/paraFunctest2.xml
----------------- Instantiating /home/travis/build/icyphy/ptII/ptolemy/actor/lib/test/auto/paraFunctest2.xml
1 ms. Memory: 1782784K Free: 248506K (14%)
----------------- Invoking toplevel() on ptolemy.moml.MoMLSimpleApplication@6b393fe2
----------------- Done invoking toplevel() on ptolemy.moml.MoMLSimpleApplication@6b393fe2
reloadAllAccessors: .paraFunctest2

===========================================================================================
----------------- testing Fri May 03 04:10:07 UTC 2019 /home/travis/build/icyphy/ptII/ptolemy/actor/lib/test/auto/parameterPassing.xml
----------------- Instantiating /home/travis/build/icyphy/ptII/ptolemy/actor/lib/test/auto/parameterPassing.xml
1 ms. Memory: 1782784K Free: 222358K (12%)
----------------- Invoking toplevel() on ptolemy.moml.MoMLSimpleApplication@3ebebbc7
----------------- Done invoking toplevel() on ptolemy.moml.MoMLSimpleApplication@3ebebbc7
reloadAllAccessors: .parameterPassing

===========================================================================================
----------------- testing Fri May 03 04:10:07 UTC 2019 /home/travis/build/icyphy/ptII/ptolemy/actor/lib/test/auto/record.xml
----------------- Instantiating /home/travis/build/icyphy/ptII/ptolemy/actor/lib/test/auto/record.xml
2 ms. Memory: 1782784K Free: 185387K (10%)
----------------- Invoking toplevel() on ptolemy.moml.MoMLSimpleApplication@22154319
----------------- Done invoking toplevel() on ptolemy.moml.MoMLSimpleApplication@22154319
reloadAllAccessors: .record

===========================================================================================
----------------- testing Fri May 03 04:10:07 UTC 2019 /home/travis/build/icyphy/ptII/ptolemy/actor/lib/test/auto/sizedarray1.xml
----------------- Instantiating /home/travis/build/icyphy/ptII/ptolemy/actor/lib/test/auto/sizedarray1.xml
2 ms. Memory: 1782784K Free: 163187K (9%)
----------------- Invoking toplevel() on ptolemy.moml.MoMLSimpleApplication@75f7d221
----------------- Done invoking toplevel() on ptolemy.moml.MoMLSimpleApplication@75f7d221
reloadAllAccessors: .sizedarray1

===========================================================================================
----------------- testing Fri May 03 04:10:07 UTC 2019 /home/travis/build/icyphy/ptII/ptolemy/actor/lib/test/auto/sizedarray2.xml
----------------- Instantiating /home/travis/build/icyphy/ptII/ptolemy/actor/lib/test/auto/sizedarray2.xml
6 ms. Memory: 1782784K Free: 137039K (8%)
----------------- Invoking toplevel() on ptolemy.moml.MoMLSimpleApplication@25740626
----------------- Done invoking toplevel() on ptolemy.moml.MoMLSimpleApplication@25740626
reloadAllAccessors: .sizedarray2

===========================================================================================
----------------- testing Fri May 03 04:10:07 UTC 2019 /home/travis/build/icyphy/ptII/ptolemy/actor/lib/test/auto/twoPublishers.xml
----------------- Instantiating /home/travis/build/icyphy/ptII/ptolemy/actor/lib/test/auto/twoPublishers.xml
2 ms. Memory: 1782784K Free: 110892K (6%)
----------------- Invoking toplevel() on ptolemy.moml.MoMLSimpleApplication@703e5105
----------------- Done invoking toplevel() on ptolemy.moml.MoMLSimpleApplication@703e5105
reloadAllAccessors: .twoPublishers
AutoTests.java: About to close Vertx.
AutoTests.java: Vertx closed.
]]></system-out>
  <system-err><![CDATA[java.lang.RuntimeException: Execution failed
	at ptolemy.moml.MoMLSimpleApplication$UnloadThread.run(MoMLSimpleApplication.java:402)
Caused by: java.lang.RuntimeException: StringUtilities.exit() was called. Normally, we would exit here because Manager.exitAfterWrapup() was called.  However, because the ptolemy.ptII.exitAfterWrapup property is set, we throw this exception instead.
	at ptolemy.util.StringUtilities.exit(StringUtilities.java:363)
	at ptolemy.actor.Manager.wrapup(Manager.java:1531)
	at ptolemy.actor.Manager.execute(Manager.java:407)
	at ptolemy.actor.Manager.run(Manager.java:1263)
	at ptolemy.actor.Manager$PtolemyRunThread.run(Manager.java:1915)
Warning: '.top.test' is in training mode, set the trainingMode parameter to false before checking in
Warning: '.top.test' is in training mode, set the trainingMode parameter to false before checking in
Warning: '.top.test' is in training mode, set the trainingMode parameter to false before checking in
Warning: '.BooleanSwitch_RegressionTest_WrongTrainingValues.Test' is in training mode, set the trainingMode parameter to false before checking in
Warning: '.BooleanSwitch_RegressionTest_WrongTrainingValues.Test2' is in training mode, set the trainingMode parameter to false before checking in
Warning: '.BooleanSwitch_RegressionTest_WrongTrainingValues.Test2' The test produced 0 tokens.
Warning: '.top.testExceptionHandler' is in training mode, set the trainingMode parameter to false before checking in
java.lang.RuntimeException: Execution failed
	at ptolemy.moml.MoMLSimpleApplication$UnloadThread.run(MoMLSimpleApplication.java:402)
Caused by: ptolemy.kernel.util.IllegalActionException: PublisherPorts cannot be used at the top level, use a Publisher actor instead.
  in .PublisherPortToplevelSubscriber.PublisherPort
	at ptolemy.actor.PublisherPort.preinitialize(PublisherPort.java:403)
	at ptolemy.actor.CompositeActor.preinitialize(CompositeActor.java:1769)
	at ptolemy.actor.Manager.preinitializeAndResolveTypes(Manager.java:1040)
	at ptolemy.actor.Manager.initialize(Manager.java:710)
	at ptolemy.actor.Manager.execute(Manager.java:356)
	at ptolemy.actor.Manager.run(Manager.java:1263)
	at ptolemy.actor.Manager$PtolemyRunThread.run(Manager.java:1915)
java.lang.reflect.InvocationTargetException
	at sun.reflect.NativeConstructorAccessorImpl.newInstance0(Native Method)
	at sun.reflect.NativeConstructorAccessorImpl.newInstance(NativeConstructorAccessorImpl.java:62)
	at sun.reflect.DelegatingConstructorAccessorImpl.newInstance(DelegatingConstructorAccessorImpl.java:45)
	at java.lang.reflect.Constructor.newInstance(Constructor.java:423)
	at ptolemy.util.test.junit.AutoKnownFailedTests.RunModel(AutoKnownFailedTests.java:105)
	at sun.reflect.NativeMethodAccessorImpl.invoke0(Native Method)
	at sun.reflect.NativeMethodAccessorImpl.invoke(NativeMethodAccessorImpl.java:62)
	at sun.reflect.DelegatingMethodAccessorImpl.invoke(DelegatingMethodAccessorImpl.java:43)
	at java.lang.reflect.Method.invoke(Method.java:498)
	at org.junit.runners.model.FrameworkMethod$1.runReflectiveCall(FrameworkMethod.java:44)
	at org.junit.internal.runners.model.ReflectiveCallable.run(ReflectiveCallable.java:15)
	at org.junit.runners.model.FrameworkMethod.invokeExplosively(FrameworkMethod.java:41)
	at junitparams.internal.InvokeParameterisedMethod.evaluate(InvokeParameterisedMethod.java:102)
	at org.junit.internal.runners.statements.FailOnTimeout$1.run(FailOnTimeout.java:28)
Caused by: ptolemy.kernel.util.IllegalActionException: PublisherPorts cannot be used at the top level, use a Publisher actor instead.
  in .PublisherPortToplevelSubscriber.PublisherPort
	at ptolemy.actor.PublisherPort.preinitialize(PublisherPort.java:403)
	at ptolemy.actor.CompositeActor.preinitialize(CompositeActor.java:1769)
	at ptolemy.actor.Manager.preinitializeAndResolveTypes(Manager.java:1040)
	at ptolemy.actor.Manager.initialize(Manager.java:710)
	at ptolemy.actor.Manager.execute(Manager.java:356)
	at ptolemy.actor.Manager.run(Manager.java:1263)
	at ptolemy.actor.Manager$PtolemyRunThread.run(Manager.java:1915)
java.lang.RuntimeException: Execution failed
	at ptolemy.moml.MoMLSimpleApplication$UnloadThread.run(MoMLSimpleApplication.java:402)
Caused by: ptolemy.kernel.util.IllegalActionException: SubscriberPorts cannot be used at the top level, use a Subscriber actor instead.
  in .PublisherSubscriberPortToplevel.SubscriberPort
	at ptolemy.actor.SubscriberPort.preinitialize(SubscriberPort.java:328)
	at ptolemy.actor.CompositeActor.preinitialize(CompositeActor.java:1769)
	at ptolemy.actor.Manager.preinitializeAndResolveTypes(Manager.java:1040)
	at ptolemy.actor.Manager.initialize(Manager.java:710)
	at ptolemy.actor.Manager.execute(Manager.java:356)
	at ptolemy.actor.Manager.run(Manager.java:1263)
	at ptolemy.actor.Manager$PtolemyRunThread.run(Manager.java:1915)
java.lang.reflect.InvocationTargetException
	at sun.reflect.NativeConstructorAccessorImpl.newInstance0(Native Method)
	at sun.reflect.NativeConstructorAccessorImpl.newInstance(NativeConstructorAccessorImpl.java:62)
	at sun.reflect.DelegatingConstructorAccessorImpl.newInstance(DelegatingConstructorAccessorImpl.java:45)
	at java.lang.reflect.Constructor.newInstance(Constructor.java:423)
	at ptolemy.util.test.junit.AutoKnownFailedTests.RunModel(AutoKnownFailedTests.java:105)
	at sun.reflect.NativeMethodAccessorImpl.invoke0(Native Method)
	at sun.reflect.NativeMethodAccessorImpl.invoke(NativeMethodAccessorImpl.java:62)
	at sun.reflect.DelegatingMethodAccessorImpl.invoke(DelegatingMethodAccessorImpl.java:43)
	at java.lang.reflect.Method.invoke(Method.java:498)
	at org.junit.runners.model.FrameworkMethod$1.runReflectiveCall(FrameworkMethod.java:44)
	at org.junit.internal.runners.model.ReflectiveCallable.run(ReflectiveCallable.java:15)
	at org.junit.runners.model.FrameworkMethod.invokeExplosively(FrameworkMethod.java:41)
	at junitparams.internal.InvokeParameterisedMethod.evaluate(InvokeParameterisedMethod.java:102)
	at org.junit.internal.runners.statements.FailOnTimeout$1.run(FailOnTimeout.java:28)
Caused by: ptolemy.kernel.util.IllegalActionException: SubscriberPorts cannot be used at the top level, use a Subscriber actor instead.
  in .PublisherSubscriberPortToplevel.SubscriberPort
	at ptolemy.actor.SubscriberPort.preinitialize(SubscriberPort.java:328)
	at ptolemy.actor.CompositeActor.preinitialize(CompositeActor.java:1769)
	at ptolemy.actor.Manager.preinitializeAndResolveTypes(Manager.java:1040)
	at ptolemy.actor.Manager.initialize(Manager.java:710)
	at ptolemy.actor.Manager.execute(Manager.java:356)
	at ptolemy.actor.Manager.run(Manager.java:1263)
	at ptolemy.actor.Manager$PtolemyRunThread.run(Manager.java:1915)
java.lang.RuntimeException: Execution failed
	at ptolemy.moml.MoMLSimpleApplication$UnloadThread.run(MoMLSimpleApplication.java:402)
Caused by: ptolemy.kernel.util.IllegalActionException: SubscriptionAggregatorPorts cannot be used at the top level, use a SubscriptionAggregator actor instead.
  in .PublisherSubscriptionAggregatorPort.SubscriptionAggregatorPort
	at ptolemy.actor.SubscriptionAggregatorPort.preinitialize(SubscriptionAggregatorPort.java:353)
	at ptolemy.actor.CompositeActor.preinitialize(CompositeActor.java:1769)
	at ptolemy.actor.Manager.preinitializeAndResolveTypes(Manager.java:1040)
	at ptolemy.actor.Manager.initialize(Manager.java:710)
	at ptolemy.actor.Manager.execute(Manager.java:356)
	at ptolemy.actor.Manager.run(Manager.java:1263)
	at ptolemy.actor.Manager$PtolemyRunThread.run(Manager.java:1915)
java.lang.reflect.InvocationTargetException
	at sun.reflect.NativeConstructorAccessorImpl.newInstance0(Native Method)
	at sun.reflect.NativeConstructorAccessorImpl.newInstance(NativeConstructorAccessorImpl.java:62)
	at sun.reflect.DelegatingConstructorAccessorImpl.newInstance(DelegatingConstructorAccessorImpl.java:45)
	at java.lang.reflect.Constructor.newInstance(Constructor.java:423)
	at ptolemy.util.test.junit.AutoKnownFailedTests.RunModel(AutoKnownFailedTests.java:105)
	at sun.reflect.NativeMethodAccessorImpl.invoke0(Native Method)
	at sun.reflect.NativeMethodAccessorImpl.invoke(NativeMethodAccessorImpl.java:62)
	at sun.reflect.DelegatingMethodAccessorImpl.invoke(DelegatingMethodAccessorImpl.java:43)
	at java.lang.reflect.Method.invoke(Method.java:498)
	at org.junit.runners.model.FrameworkMethod$1.runReflectiveCall(FrameworkMethod.java:44)
	at org.junit.internal.runners.model.ReflectiveCallable.run(ReflectiveCallable.java:15)
	at org.junit.runners.model.FrameworkMethod.invokeExplosively(FrameworkMethod.java:41)
	at junitparams.internal.InvokeParameterisedMethod.evaluate(InvokeParameterisedMethod.java:102)
	at org.junit.internal.runners.statements.FailOnTimeout$1.run(FailOnTimeout.java:28)
Caused by: ptolemy.kernel.util.IllegalActionException: SubscriptionAggregatorPorts cannot be used at the top level, use a SubscriptionAggregator actor instead.
  in .PublisherSubscriptionAggregatorPort.SubscriptionAggregatorPort
	at ptolemy.actor.SubscriptionAggregatorPort.preinitialize(SubscriptionAggregatorPort.java:353)
	at ptolemy.actor.CompositeActor.preinitialize(CompositeActor.java:1769)
	at ptolemy.actor.Manager.preinitializeAndResolveTypes(Manager.java:1040)
	at ptolemy.actor.Manager.initialize(Manager.java:710)
	at ptolemy.actor.Manager.execute(Manager.java:356)
	at ptolemy.actor.Manager.run(Manager.java:1263)
	at ptolemy.actor.Manager$PtolemyRunThread.run(Manager.java:1915)
java.lang.RuntimeException: Execution failed
	at ptolemy.moml.MoMLSimpleApplication$UnloadThread.run(MoMLSimpleApplication.java:402)
Caused by: ptolemy.kernel.util.IllegalActionException: TypeTest actor has no training data.
  in .sizedarray3.TypeTest
	at ptolemy.actor.lib.TypeTest.initialize(TypeTest.java:250)
	at ptolemy.actor.Director.initialize(Director.java:938)
	at ptolemy.actor.Director.initialize(Director.java:907)
	at ptolemy.actor.sched.StaticSchedulingDirector.initialize(StaticSchedulingDirector.java:159)
	at ptolemy.domains.sdf.kernel.SDFDirector.initialize(SDFDirector.java:544)
	at ptolemy.actor.CompositeActor.initialize(CompositeActor.java:935)
	at ptolemy.actor.Manager.initialize(Manager.java:724)
	at ptolemy.actor.Manager.execute(Manager.java:356)
	at ptolemy.actor.Manager.run(Manager.java:1263)
	at ptolemy.actor.Manager$PtolemyRunThread.run(Manager.java:1915)
java.lang.reflect.InvocationTargetException
	at sun.reflect.NativeConstructorAccessorImpl.newInstance0(Native Method)
	at sun.reflect.NativeConstructorAccessorImpl.newInstance(NativeConstructorAccessorImpl.java:62)
	at sun.reflect.DelegatingConstructorAccessorImpl.newInstance(DelegatingConstructorAccessorImpl.java:45)
	at java.lang.reflect.Constructor.newInstance(Constructor.java:423)
	at ptolemy.util.test.junit.AutoKnownFailedTests.RunModel(AutoKnownFailedTests.java:105)
	at sun.reflect.NativeMethodAccessorImpl.invoke0(Native Method)
	at sun.reflect.NativeMethodAccessorImpl.invoke(NativeMethodAccessorImpl.java:62)
	at sun.reflect.DelegatingMethodAccessorImpl.invoke(DelegatingMethodAccessorImpl.java:43)
	at java.lang.reflect.Method.invoke(Method.java:498)
	at org.junit.runners.model.FrameworkMethod$1.runReflectiveCall(FrameworkMethod.java:44)
	at org.junit.internal.runners.model.ReflectiveCallable.run(ReflectiveCallable.java:15)
	at org.junit.runners.model.FrameworkMethod.invokeExplosively(FrameworkMethod.java:41)
	at junitparams.internal.InvokeParameterisedMethod.evaluate(InvokeParameterisedMethod.java:102)
	at org.junit.internal.runners.statements.FailOnTimeout$1.run(FailOnTimeout.java:28)
Caused by: ptolemy.kernel.util.IllegalActionException: TypeTest actor has no training data.
  in .sizedarray3.TypeTest
	at ptolemy.actor.lib.TypeTest.initialize(TypeTest.java:250)
	at ptolemy.actor.Director.initialize(Director.java:938)
	at ptolemy.actor.Director.initialize(Director.java:907)
	at ptolemy.actor.sched.StaticSchedulingDirector.initialize(StaticSchedulingDirector.java:159)
	at ptolemy.domains.sdf.kernel.SDFDirector.initialize(SDFDirector.java:544)
	at ptolemy.actor.CompositeActor.initialize(CompositeActor.java:935)
	at ptolemy.actor.Manager.initialize(Manager.java:724)
	at ptolemy.actor.Manager.execute(Manager.java:356)
	at ptolemy.actor.Manager.run(Manager.java:1263)
	at ptolemy.actor.Manager$PtolemyRunThread.run(Manager.java:1915)
]]></system-err>
</testsuite>
