<?xml version="1.0" encoding="UTF-8" ?>
<testsuite errors="1" failures="1" hostname="travis-job-bb08a2a6-22e9-474e-ba32-844e5616f026" name="ptolemy.actor.lib.test.junit.JUnitTclTest" skipped="0" tests="517" time="66.224" timestamp="2019-08-21T05:31:26">
  <properties>
    <property name="npm.executable" value="npm" />
    <property name="env.TRAVIS_ROOT" value="/" />
    <property name="ptII.mk.exists" value="true" />
    <property name="env.TRAVIS_APP_HOST" value="build.travis-ci.org" />
    <property name="env.rvm_bin_path" value="/home/travis/.rvm/bin" />
    <property name="java.home" value="/usr/local/lib/jvm/openjdk11" />
    <property name="env.TRAVIS_JOB_NUMBER" value="1303.8" />
    <property name="env.TRAVIS_HOME" value="/home/travis" />
    <property name="env.DISPLAY" value=":99.0" />
    <property name="env.TRAVIS_INIT" value="systemd" />
    <property name="env.SSH_TTY" value="/dev/pts/0" />
    <property name="java.net.preferIPv4Stack" value="true" />
    <property name="env.RUN_TESTS" value="true" />
    <property name="timeout.short" value="1000000" />
    <property name="junit.formatter" value="xml" />
    <property name="env.TRAVIS_SUDO" value="true" />
    <property name="env.TRAVIS_JOB_NAME" value="" />
    <property name="env.TRAVIS_STACK_NODE_ATTRIBUTES" value="/.node-attributes.yml" />
    <property name="env.LOGNAME" value="travis" />
    <property name="env.PT_TRAVIS_TEST_CORE1_XML" value="true" />
    <property name="jsdoc.home" value="node_modules/@terraswarm/jsdoc" />
    <property name="debuglevel" value="source,lines,vars" />
    <property name="checkstyle.formatter" value="xml" />
    <property name="env._system_version" value="16.04" />
    <property name="bin.vergil.makeable" value="true" />
    <property name="sun.os.patch.level" value="unknown" />
    <property name="java.vendor.url" value="http://java.oracle.com/" />
    <property name="env.TRAVIS_BUILD_WEB_URL" value="https://travis-ci.org/icyphy/ptII/builds/574684351" />
    <property name="java.version" value="11.0.2" />
    <property name="env.TZ" value="UTC" />
    <property name="env.TRAVIS_PULL_REQUEST_SHA" value="" />
    <property name="env.PT_NO_NET" value="true" />
    <property name="env.TRAVIS_SECURE_ENV_VARS" value="true" />
    <property name="env._system_type" value="Linux" />
    <property name="java.vendor.url.bug" value="http://bugreport.java.com/bugreport/" />
    <property name="npmjs-org-is-up" value="true" />
    <property name="env.LANGUAGE" value="en_US.UTF-8" />
    <property name="env.SSH_CLIENT" value="10.16.9.7 46606 22" />
    <property name="env.GEM_HOME" value="/home/travis/.rvm/gems/ruby-2.5.3" />
    <property name="env.HAS_ANTARES_THREE_LITTLE_FRONZIES_BADGE" value="true" />
    <property name="java.version.date" value="2019-01-15" />
    <property name="env.PS4" value="+" />
    <property name="ant.project.invoked-targets" value="build,test.core1.xml" />
    <property name="env.TRAVIS_PULL_REQUEST_BRANCH" value="" />
    <property name="env.TRAVIS_REPO_SLUG" value="icyphy/ptII" />
    <property name="env.XDG_DATA_DIRS" value="/usr/local/share:/usr/share:/var/lib/snapd/desktop" />
    <property name="jdk.debug" value="release" />
    <property name="env.TRAVIS_APT_PROXY" value="http://apt.cache.travis-ci.com" />
    <property name="node.in.path" value="true" />
    <property name="user.name" value="travis" />
    <property name="java.maxmemory" value="1400m" />
    <property name="env.RUBY_VERSION" value="ruby-2.5.3" />
    <property name="env.LANG" value="en_US.UTF-8" />
    <property name="sun.io.unicode.encoding" value="UnicodeLittle" />
    <property name="sun.jnu.encoding" value="UTF-8" />
    <property name="java.runtime.name" value="OpenJDK Runtime Environment" />
    <property name="usefile" value="false" />
    <property name="return.code" value="0" />
    <property name="junit.single.formatter" value="plain" />
    <property name="env.DYLD_LIBRARY_PATH" value="/home/travis/pthla/certi-tools/lib:" />
    <property name="env.DEBIAN_FRONTEND" value="noninteractive" />
    <property name="env.SSH_CONNECTION" value="10.16.9.7 46606 10.20.0.156 22" />
    <property name="env.MYSQL_UNIX_PORT" value="/var/run/mysqld/mysqld.sock" />
    <property name="env.LC_ALL" value="en_US.UTF-8" />
    <property name="env.TRAVIS_ALLOW_FAILURE" value="false" />
    <property name="env.TRAVIS_JOB_WEB_URL" value="https://travis-ci.org/icyphy/ptII/jobs/574684359" />
    <property name="java.specification.name" value="Java Platform API Specification" />
    <property name="node.works" value="true" />
    <property name="user.timezone" value="" />
    <property name="path.separator" value=":" />
    <property name="env.TRAVIS_ENABLE_INFRA_DETECTION" value="true" />
    <property name="env.PYTHON_CFLAGS" value="-g -fstack-protector --param=ssp-buffer-size=4 -Wformat -Werror=format-security" />
    <property name="timeout.long" value="4000000" />
    <property name="env.CERTI_HOME" value="/home/travis/pthla/certi-tools" />
    <property name="ant.file.ptII" value="/home/travis/build/icyphy/ptII/build.xml" />
    <property name="javadoc.packagenames" value="com.*,diva.*,lbnl.*,org.hlacerti.*,org.json.*,org.ptolemy.*,org.terraswarm.*,ptolemy.*,ptserver.*" />
    <property name="file.encoding" value="UTF-8" />
    <property name="env.TRAVIS_PULL_REQUEST_SLUG" value="" />
    <property name="ant.project.default-target" value="build" />
    <property name="env.GIT_ASKPASS" value="echo" />
    <property name="env.HOME" value="/home/travis" />
    <property name="sun.java.command" value="org.apache.tools.ant.taskdefs.optional.junit.JUnitTestRunner ptolemy.actor.lib.test.junit.JUnitTclTest skipNonTests=false filtertrace=true haltOnError=false haltOnFailure=false formatter=org.apache.tools.ant.taskdefs.optional.junit.OutErrSummaryJUnitResultFormatter showoutput=true outputtoformatters=true logfailedtests=true threadid=0 logtestlistenerevents=false formatter=org.apache.tools.ant.taskdefs.optional.junit.XMLJUnitResultFormatter,/home/travis/build/icyphy/ptII/reports/junit/TEST-ptolemy.actor.lib.test.junit.JUnitTclTest.xml crashfile=/home/travis/build/icyphy/ptII/junitvmwatcher9162589521618354596.properties propsfile=/home/travis/build/icyphy/ptII/junit8785692329492858691.properties" />
    <property name="env.COMPOSER_NO_INTERACTION" value="1" />
    <property name="env.MANPATH" value="/home/travis/.nvm/versions/node/v7.10.1/share/man:/home/travis/.rvm/rubies/ruby-2.5.3/share/man:/usr/local/cmake-3.12.4/man:/usr/local/clang-7.0.0/share/man:/usr/local/man:/usr/local/share/man:/usr/share/man:/home/travis/.rvm/man" />
    <property name="env.TRAVIS_TIMER_ID" value="1b7e9d14" />
    <property name="ant.file" value="/home/travis/build/icyphy/ptII/build.xml" />
    <property name="env.TRAVIS_COMMIT_RANGE" value="42e172ae347fdc5d0e580488fa33ff6bc00cac99...f9c12c6b2ccbd758ceec4e9ffc44e2f31da246f0" />
    <property name="env._system_name" value="Ubuntu" />
    <property name="ptII.classpath.optional.property" value="/home/travis/build/icyphy/ptII/lib/bsh-2.0b4.jar:/home/travis/build/icyphy/ptII/lib/ptCal.jar:/home/travis/build/icyphy/ptII/lib/java_cup.jar:/home/travis/build/icyphy/ptII/lib/saxon8.jar:/home/travis/build/icyphy/ptII/lib/saxon8-dom.jar:/home/travis/build/icyphy/ptII/lib/chic.jar:/home/travis/build/icyphy/ptII/lib/ptcolt.jar:/home/travis/build/icyphy/ptII/vendors/misc/itext/iText.jar:/home/travis/build/icyphy/ptII/lib/g4ltl.jar:/home/travis/build/icyphy/ptII/lib/StructuralCoder.jar:/home/travis/build/icyphy/ptII/lib/jcerti.jar:/home/travis/build/icyphy/ptII/lib/javax.mail.jar:/home/travis/build/icyphy/ptII/vendors/JMF-2.1.1e/lib/jmf.jar:/home/travis/build/icyphy/ptII/lib/jna-4.0.0-variadic.jar:/home/travis/build/icyphy/ptII/vendors/misc/joystick/Joystick.jar:/home/travis/build/icyphy/ptII/lib/ptjacl.jar:/home/travis/build/icyphy/ptII/lib/jsoup-1.8.2.jar:/home/travis/build/icyphy/ptII/lib/junit-4.8.2.jar:/home/travis/build/icyphy/ptII/lib/JUnitParams-0.4.0.jar:/home/travis/build/icyphy/ptII/ptolemy/actor/lib/excel/jxl.jar:/home/travis/build/icyphy/ptII/lib/jython.jar:/home/travis/build/icyphy/ptII/lib/kieler.jar:/home/travis/build/icyphy/ptII/vendors/opencv/share/OpenCV/java/opencv-341.jar:/home/travis/build/icyphy/ptII/lib/oscP5.jar:/home/travis/build/icyphy/ptII/lib/nrjavaserial-3.11.0.devel.jar:/home/travis/build/icyphy/ptII/vendors/j3d/lib/Linux/j3dcore.jar:/home/travis/build/icyphy/ptII/vendors/j3d/lib/Linux/j3dutils.jar:/home/travis/build/icyphy/ptII/vendors/j3d/lib/Linux/vecmath.jar:/home/travis/build/icyphy/ptII/vendors/jogl/lib/Linux/gluegen-rt-natives-linux-amd64.jar:/home/travis/build/icyphy/ptII/vendors/jogl/lib/Linux/gluegen-rt.jar:/home/travis/build/icyphy/ptII/vendors/jogl/lib/Linux/jogl-all-natives-linux-amd64.jar:/home/travis/build/icyphy/ptII/vendors/jogl/lib/Linux/jogl-all.jar:/home/travis/build/icyphy/ptII/ptolemy/distributed/jini/jar/jini-core.jar:/home/travis/build/icyphy/ptII/ptolemy/distributed/jini/jar/jini-ext.jar:/home/travis/build/icyphy/ptII/ptolemy/distributed/jini/jar/sun-util.jar:/home/travis/build/icyphy/ptII/lib/protobuf-java-2.4.1.jar:/home/travis/build/icyphy/ptII/lib/org.eclipse.paho.client.mqttv3.jar:/home/travis/build/icyphy/ptII/lib/mapss.jar:/home/travis/build/icyphy/ptII/ptolemy/actor/ptalon/antlr/antlr.jar:/home/travis/build/icyphy/ptII/lib/JRI.jar:/home/travis/build/icyphy/ptII/lib/commons-lang-2.6.jar:/home/travis/build/icyphy/ptII/lib/commons-logging-1.1.1.jar:/home/travis/build/icyphy/ptII/lib/sootclasses.jar:/home/travis/build/icyphy/ptII/ptolemy/actor/lib/database/mysql-connector-java-5.1.6-bin.jar:/home/travis/build/icyphy/ptII/vendors/misc/sphinx4/sphinx4-data-5prealpha.jar:/home/travis/build/icyphy/ptII/vendors/misc/sphinx4/sphinx4-core-5prealpha.jar:/home/travis/build/icyphy/ptII/lib/PDFRenderer.jar:/home/travis/build/icyphy/ptII/lib/svgSalamander.jar:/home/travis/build/icyphy/ptII/lib/rsyntaxtextarea-2.6.0-SNAPSHOT.jar:/home/travis/build/icyphy/ptII/lib/hazelcast-3.8.2.jar:/home/travis/build/icyphy/ptII/lib/jackson-annotations-2.9.0.jar:/home/travis/build/icyphy/ptII/lib/jackson-core-2.9.3.jar:/home/travis/build/icyphy/ptII/lib/jackson-databind-2.9.3.jar:/home/travis/build/icyphy/ptII/lib/netty-buffer-4.1.19.Final.jar:/home/travis/build/icyphy/ptII/lib/netty-codec-4.1.19.Final.jar:/home/travis/build/icyphy/ptII/lib/netty-codec-dns-4.1.19.Final.jar:/home/travis/build/icyphy/ptII/lib/netty-codec-http-4.1.19.Final.jar:/home/travis/build/icyphy/ptII/lib/netty-codec-http2-4.1.19.Final.jar:/home/travis/build/icyphy/ptII/lib/netty-common-4.1.19.Final.jar:/home/travis/build/icyphy/ptII/lib/netty-handler-4.1.19.Final.jar:/home/travis/build/icyphy/ptII/lib/netty-resolver-4.1.19.Final.jar:/home/travis/build/icyphy/ptII/lib/netty-resolver-dns-4.1.19.Final.jar:/home/travis/build/icyphy/ptII/lib/netty-transport-4.1.19.Final.jar:/home/travis/build/icyphy/ptII/lib/vertx-codegen-3.5.1.jar:/home/travis/build/icyphy/ptII/lib/vertx-core-3.5.2-SNAPSHOT.jar:/home/travis/build/icyphy/ptII/lib/vertx-hazelcast-3.5.1.jar:/home/travis/build/icyphy/ptII/lib/vertx-lang-js-3.5.1.jar:/home/travis/build/icyphy/ptII/lib/vertx-service-proxy-3.5.1.jar:/home/travis/build/icyphy/ptII/lib/vertx-web-3.5.1.jar:/home/travis/build/icyphy/ptII/lib/slf4j-api-1.7.13.jar:/home/travis/build/icyphy/ptII/lib/slf4j-simple-1.7.13.jar:/home/travis/build/icyphy/ptII/lib/webcam-capture-0.3.12.jar:/home/travis/build/icyphy/ptII/lib/bridj-0.7.0.jar:/home/travis/build/icyphy/ptII/lib/xbjlib-1.1.0.nrjavaserial.jar" />
    <property name="timeout" value="2400000" />
    <property name="test.batch" value="**/junit/*.java" />
    <property name="env._" value="/usr/bin/timeout" />
    <property name="java.io.tmpdir" value="/tmp" />
    <property name="user.language" value="en" />
    <property name="env.TRAVIS_INTERNAL_RUBY_REGEX" value="^ruby-(2\.[0-4]\.[0-9]|1\.9\.3)" />
    <property name="env.HISTCONTROL" value="ignoredups:ignorespace" />
    <property name="env.GOROOT" value="/home/travis/.gimme/versions/go1.11.1.linux.amd64" />
    <property name="line.separator" value="&#xa;" />
    <property name="target" value="11" />
    <property name="env.TRAVIS_BUILD_DIR" value="/home/travis/build/icyphy/ptII" />
    <property name="env.ANT_OPTS" value="-Xmx2048m" />
    <property name="ant.file.type" value="file" />
    <property name="ptolemy.ptII.batchMode" value="true" />
    <property name="env.HISTSIZE" value="1000" />
    <property name="env.MERB_ENV" value="test" />
    <property name="java.vm.info" value="mixed mode" />
    <property name="source" value="11" />
    <property name="java.vm.specification.name" value="Java Virtual Machine Specification" />
    <property name="env.TRAVIS_TEST_RESULT" value="0" />
    <property name="jsdoc.command" value="node_modules/@terraswarm/jsdoc/jsdoc.js" />
    <property name="npm.works" value="true" />
    <property name="cobertura.dir" value="/home/travis/build/icyphy/ptII/vendors/cobertura-2.0.3" />
    <property name="jsdoc.command.exists" value="true" />
    <property name="env.rvm_path" value="/home/travis/.rvm" />
    <property name="env.GEM_PATH" value="/home/travis/.rvm/gems/ruby-2.5.3:/home/travis/.rvm/gems/ruby-2.5.3@global" />
    <property name="env.LC_CTYPE" value="en_US.UTF-8" />
    <property name="env.TRAVIS_CMD" value="$PTII/bin/ptIITravisBuild.sh $SECONDS" />
    <property name="java.awt.printerjob" value="sun.print.PSPrinterJob" />
    <property name="env.TRAVIS_STACK_NAME" value="sardonyx" />
    <property name="env.TRAVIS_TIMER_START_TIME" value="1566364756705998475" />
    <property name="ant.version" value="Apache Ant(TM) version 1.10.1 compiled on February 2 2017" />
    <property name="ptII.reports" value="/home/travis/build/icyphy/ptII/reports" />
    <property name="env.TRAVIS_STACK_TIMESTAMP" value="2019-03-25 16:16:56 UTC" />
    <property name="ant.file.type.ptII" value="file" />
    <property name="env.RBENV_SHELL" value="bash" />
    <property name="os.name" value="Linux" />
    <property name="java.specification.vendor" value="Oracle Corporation" />
    <property name="env.rvm_version" value="1.29.7 (latest)" />
    <property name="env.TRAVIS_INFRA" value="gce" />
    <property name="env.TERM" value="xterm" />
    <property name="java.vm.name" value="OpenJDK 64-Bit Server VM" />
    <property name="env.TRAVIS_BUILD_NUMBER" value="1303" />
    <property name="env.CI" value="true" />
    <property name="java.library.path" value="/home/travis/pthla/certi-tools/lib:/usr/lib/jni:/usr/local/share/OpenCV/java/:/usr/share/OpenCV/java::/usr/java/packages/lib:/usr/lib64:/lib64:/lib:/usr/lib" />
    <property name="jdk.module.path" value="/home/travis/build/icyphy/ptII/vendors/javafx/javafx-sdk-11.0.2/lib:" />
    <property name="env.rvm_prefix" value="/home/travis" />
    <property name="env.PATH" value="/home/travis/pthla/certi-tools/share/scripts:/home/travis/.rvm/gems/ruby-2.5.3/bin:/home/travis/.rvm/gems/ruby-2.5.3@global/bin:/home/travis/.rvm/rubies/ruby-2.5.3/bin:/home/travis/.rvm/bin:/home/travis/.nvm/versions/node/v7.10.1/bin:./node_modules/.bin:/home/travis/build/icyphy/ptII/bin:/home/travis/pthla/certi-tools/bin:/home/travis/bin:/home/travis/.local/bin:/usr/local/lib/jvm/openjdk11/bin:/opt/pyenv/shims:/home/travis/.phpenv/shims:/home/travis/perl5/perlbrew/bin:/home/travis/gopath/bin:/home/travis/.gimme/versions/go1.11.1.linux.amd64/bin:/usr/local/maven-3.6.0/bin:/usr/local/cmake-3.12.4/bin:/usr/local/clang-7.0.0/bin:/usr/local/sbin:/usr/local/bin:/usr/sbin:/usr/bin:/sbin:/bin:/snap/bin:/home/travis/.phpenv/bin:/opt/pyenv/bin:/home/travis/.yarn/bin" />
    <property name="env.TRAVIS_OS_NAME" value="linux" />
    <property name="ant.java.version" value="9" />
    <property name="basedir" value="/home/travis/build/icyphy/ptII" />
    <property name="java.class.version" value="55.0" />
    <property name="env.SHLVL" value="3" />
    <property name="env.LD_LIBRARY_PATH" value="/home/travis/pthla/certi-tools/lib:/usr/lib/jni:/usr/local/share/OpenCV/java/:/usr/share/OpenCV/java:" />
    <property name="env.RACK_ENV" value="test" />
    <property name="ant.home" value="/home/travis/build/icyphy/ptII/ant" />
    <property name="env.NVM_DIR" value="/home/travis/.nvm" />
    <property name="env.CERTI_FOM_PATH" value="/home/travis/pthla/certi-tools/share/federations" />
    <property name="env.TRAVIS_BUILD_ID" value="574684351" />
    <property name="env.PYENV_ROOT" value="/opt/pyenv" />
    <property name="env.TRAVIS_UID" value="2000" />
    <property name="prism.verbose" value="true" />
    <property name="env.NVM_BIN" value="/home/travis/.nvm/versions/node/v7.10.1/bin" />
    <property name="env.TRAVIS_COMMIT" value="f9c12c6b2ccbd758ceec4e9ffc44e2f31da246f0" />
    <property name="env._system_arch" value="x86_64" />
    <property name="node.executable" value="node" />
    <property name="sun.boot.library.path" value="/usr/local/lib/jvm/openjdk11/lib" />
    <property name="sun.management.compiler" value="HotSpot 64-Bit Tiered Compilers" />
    <property name="java.awt.graphicsenv" value="sun.awt.X11GraphicsEnvironment" />
    <property name="env.GOPATH" value="/home/travis/gopath" />
    <property name="ptolemy.ptII.dir" value="/home/travis/build/icyphy/ptII" />
    <property name="env.USER" value="travis" />
    <property name="env.HISTFILESIZE" value="2000" />
    <property name="timeout.longest" value="19000000" />
    <property name="env.PERLBREW_SHELLRC_VERSION" value="0.86" />
    <property name="env.TRAVIS_STACK_FEATURES" value="basic couchdb disabled-ipv6 docker docker-compose elasticsearch firefox go-toolchain google-chrome jdk memcached mongodb mysql nodejs_interpreter perl_interpreter perlbrew phantomjs postgresql python_interpreter redis ruby_interpreter sqlite xserver" />
    <property name="env.TRAVIS_PULL_REQUEST" value="false" />
    <property name="env.PYENV_SHELL" value="bash" />
    <property name="ant.project.name" value="ptII" />
    <property name="env.ANSI_RESET" value="\033[0m" />
    <property name="java.vm.specification.version" value="11" />
    <property name="env.TRAVIS_DIST" value="xenial" />
    <property name="env.CERTI_VERSION" value="4.0.0" />
    <property name="env.CERTI_HOST" value="localhost" />
    <property name="awt.toolkit" value="sun.awt.X11.XToolkit" />
    <property name="env.MY_RUBY_HOME" value="/home/travis/.rvm/rubies/ruby-2.5.3" />
    <property name="sun.cpu.isalist" value="" />
    <property name="env.TRAVIS_TMPDIR" value="/tmp/tmp.40n5wtGokp" />
    <property name="java.vm.compressedOopsMode" value="Zero based" />
    <property name="os.version" value="4.15.0-1028-gcp" />
    <property name="user.home" value="/home/travis" />
    <property name="java.vm.vendor" value="Oracle Corporation" />
    <property name="env.TRAVIS_TAG" value="nightly" />
    <property name="env.ANSI_YELLOW" value="\033[33;1m" />
    <property name="env.TRAVIS_FILTERED" value="redirect_io" />
    <property name="env.ANSI_GREEN" value="\033[32;1m" />
    <property name="env.JAVA_HOME" value="/usr/local/lib/jvm/openjdk11" />
    <property name="javadoc.excludepackagenames" value="adm.cvs2svn.*,build.*,config.*,doc.coding.templates.*,jni.test.jni.meaningOfLife.*,jni.test.jni.testDeux.*,jni.test.jni.testTrois.*,org.terraswarm.accessor.accessors.web.node_modules.*,org.terraswarm.accessor.accessors.web.hosts.cordova.demo.*,org.terraswarm.accessor.accessors.web.hosts.cordova.plugins.*,org.terraswarm.accessor.accessors-svn.*,pt-modules.*,ptolemy.apps.agilent.*,ptolemy.apps.anytimecontrol.*,ptolemy.apps.apes.*,ptolemy.apps.charon.*,ptolemy.apps.crazyboard.*,ptolemy.apps.eclipse.*,ptolemy.apps.etherealSting.*,ptolemy.apps.fullscreen.*,ptolemy.apps.giotto.*,ptolemy.apps.ia.*,ptolemy.apps.interfaces.*,ptolemy.apps.jmf.*,ptolemy.apps.kurt.*,ptolemy.apps.kvm.*,ptolemy.apps.lego.*,ptolemy.apps.lejos.*,ptolemy.apps.midp.*,ptolemy.apps.mobileCoding.*,ptolemy.apps.pendulum.*,ptolemy.apps.rijndael.*,ptolemy.apps.robot.*,ptolemy.apps.security.*,ptolemy.apps.sobel.*,ptolemy.apps.soot.*,ptolemy.apps.throttle.*,ptolemy.apps.tini.*,ptolemy.apps.transmission.*,ptolemy.apps.vergil.*,ptolemy.apps.waba.*,ptolemy.apps.websensor.*,ptolemy.apps.webstart.*,ptolemy.apps.xsl.*,ptolemy.apps.zaurus.*,ptolemy.codegen.c.actor.lib.oldJavaFiles.*,ptolemy.codegen.dsp.lib.*,ptolemy.codegen.kernel.newInterfaces.*,ptolemy.codegen.lib.*,ptolemy.copernicus.kernel.fragment.*,ptolemy.copernicus.shallow.cg.*,ptolemy.domains.giotto.demo.Hierarchy.Hierarchy.*,ptolemy.domains.giotto.demo.Multimode.Multimode.*,ptolemy.domains.giotto.demo.Simple.Simple.*,ptolemy.domains.gr.lib.experimental.*,ptolemy.domains.gro.*,ptolemy.domains.pdf.*,ptolemy.domains.ptinyos.demo.Surge.output.*,ptolemy.moml.test.NoPackageActor.java*,ptolemy.plot.adm.*,ptolemy.plot.servlet.*,reports.*,signed.*,src.*,target.*,vendors.*,ptolemy.copernicus.applet.*,ptolemy.media.viewer.*,ptolemy.actor.corba.*,doc.doclets.*,ptolemy.apps.eclipse.awt.*,ptolemy.backtrack.*,ptolemy.backtrack.ast.*,ptolemy.cg.adapter.generic.program.procedural.c.mbed*,ptolemy.homer.*,ptolemy.actor.lib.jai.*,org.ptolemy.scala.*,diva.util.java2d.svg.*,ptolemy.domains.ptinyos.*,ptolemy.actor.lib.fmi.fmipp.*,,org.terraswarm.accessor.accessors.web.node_modules.*,org.terraswarm.accessor.accessors-svn,ptolemy.apps.*,ptolemy.actor.ptalon.demo.ptinyos.SendAndReceiveCnt.output,ptolemy.actor.ptalon.demo.ptinyos.SenseToLeds.output,ptolemy.domains.ptinyos.demo.CntToLedsAndRfm.output,ptolemy.domains.ptinyos.demo.RfmToLeds.output,ptolemy.domains.ptinyos.demo.SendAndReceiveCnt.output,ptolemy.domains.ptinyos.demo.SenseToLeds.output,ptolemy.actor.lib.jjs.modules.udpSocket.*" />
    <property name="env.PTII" value="/home/travis/build/icyphy/ptII" />
    <property name="env.XDG_SESSION_ID" value="2" />
    <property name="keystore" value="ptKeystore" />
    <property name="env.TRAVIS_COMMIT_MESSAGE" value="Removed mention of svn." />
    <property name="junit.output.dir" value="/home/travis/build/icyphy/ptII/reports/junit" />
    <property name="npm.return.code" value="0" />
    <property name="user.dir" value="/home/travis/build/icyphy/ptII/ptolemy/actor/lib/test" />
    <property name="env.TRAVIS_NODE_VERSION" value="7" />
    <property name="env.TRAVIS_EVENT_TYPE" value="cron" />
    <property name="env.MAIL" value="/var/mail/travis" />
    <property name="env.PERLBREW_ROOT" value="/home/travis/perl5/perlbrew" />
    <property name="env.PWD" value="/home/travis/build/icyphy/ptII" />
    <property name="timeout.npm" value="45000" />
    <property name="env.TRAVIS_ARCH" value="amd64" />
    <property name="sun.cpu.endian" value="little" />
    <property name="env.PAGER" value="cat" />
    <property name="env.TRAVIS_BUILD_STAGE_NAME" value="Test" />
    <property name="env.PERLBREW_HOME" value="/home/travis/.perlbrew" />
    <property name="java.vm.version" value="11.0.2+9" />
    <property name="env.RAILS_ENV" value="test" />
    <property name="java.class.path" value="/home/travis/.ptolemyII:/home/travis/.ptolemyII/*:/home/travis/build/icyphy/ptII:/home/travis/build/icyphy/ptII/lib/bsh-2.0b4.jar:/home/travis/build/icyphy/ptII/lib/ptCal.jar:/home/travis/build/icyphy/ptII/lib/java_cup.jar:/home/travis/build/icyphy/ptII/lib/saxon8.jar:/home/travis/build/icyphy/ptII/lib/saxon8-dom.jar:/home/travis/build/icyphy/ptII/lib/chic.jar:/home/travis/build/icyphy/ptII/lib/ptcolt.jar:/home/travis/build/icyphy/ptII/vendors/misc/itext/iText.jar:/home/travis/build/icyphy/ptII/lib/g4ltl.jar:/home/travis/build/icyphy/ptII/lib/StructuralCoder.jar:/home/travis/build/icyphy/ptII/lib/jcerti.jar:/home/travis/build/icyphy/ptII/lib/javax.mail.jar:/home/travis/build/icyphy/ptII/vendors/JMF-2.1.1e/lib/jmf.jar:/home/travis/build/icyphy/ptII/lib/jna-4.0.0-variadic.jar:/home/travis/build/icyphy/ptII/vendors/misc/joystick/Joystick.jar:/home/travis/build/icyphy/ptII/lib/ptjacl.jar:/home/travis/build/icyphy/ptII/lib/jsoup-1.8.2.jar:/home/travis/build/icyphy/ptII/lib/junit-4.8.2.jar:/home/travis/build/icyphy/ptII/lib/JUnitParams-0.4.0.jar:/home/travis/build/icyphy/ptII/ptolemy/actor/lib/excel/jxl.jar:/home/travis/build/icyphy/ptII/lib/jython.jar:/home/travis/build/icyphy/ptII/lib/kieler.jar:/home/travis/build/icyphy/ptII/vendors/opencv/share/OpenCV/java/opencv-341.jar:/home/travis/build/icyphy/ptII/lib/oscP5.jar:/home/travis/build/icyphy/ptII/lib/nrjavaserial-3.11.0.devel.jar:/home/travis/build/icyphy/ptII/vendors/j3d/lib/Linux/j3dcore.jar:/home/travis/build/icyphy/ptII/vendors/j3d/lib/Linux/j3dutils.jar:/home/travis/build/icyphy/ptII/vendors/j3d/lib/Linux/vecmath.jar:/home/travis/build/icyphy/ptII/vendors/jogl/lib/Linux/gluegen-rt-natives-linux-amd64.jar:/home/travis/build/icyphy/ptII/vendors/jogl/lib/Linux/gluegen-rt.jar:/home/travis/build/icyphy/ptII/vendors/jogl/lib/Linux/jogl-all-natives-linux-amd64.jar:/home/travis/build/icyphy/ptII/vendors/jogl/lib/Linux/jogl-all.jar:/home/travis/build/icyphy/ptII/ptolemy/distributed/jini/jar/jini-core.jar:/home/travis/build/icyphy/ptII/ptolemy/distributed/jini/jar/jini-ext.jar:/home/travis/build/icyphy/ptII/ptolemy/distributed/jini/jar/sun-util.jar:/home/travis/build/icyphy/ptII/lib/protobuf-java-2.4.1.jar:/home/travis/build/icyphy/ptII/lib/org.eclipse.paho.client.mqttv3.jar:/home/travis/build/icyphy/ptII/lib/mapss.jar:/home/travis/build/icyphy/ptII/ptolemy/actor/ptalon/antlr/antlr.jar:/home/travis/build/icyphy/ptII/lib/JRI.jar:/home/travis/build/icyphy/ptII/lib/commons-lang-2.6.jar:/home/travis/build/icyphy/ptII/lib/commons-logging-1.1.1.jar:/home/travis/build/icyphy/ptII/lib/sootclasses.jar:/home/travis/build/icyphy/ptII/ptolemy/actor/lib/database/mysql-connector-java-5.1.6-bin.jar:/home/travis/build/icyphy/ptII/vendors/misc/sphinx4/sphinx4-data-5prealpha.jar:/home/travis/build/icyphy/ptII/vendors/misc/sphinx4/sphinx4-core-5prealpha.jar:/home/travis/build/icyphy/ptII/lib/PDFRenderer.jar:/home/travis/build/icyphy/ptII/lib/svgSalamander.jar:/home/travis/build/icyphy/ptII/lib/rsyntaxtextarea-2.6.0-SNAPSHOT.jar:/home/travis/build/icyphy/ptII/lib/hazelcast-3.8.2.jar:/home/travis/build/icyphy/ptII/lib/jackson-annotations-2.9.0.jar:/home/travis/build/icyphy/ptII/lib/jackson-core-2.9.3.jar:/home/travis/build/icyphy/ptII/lib/jackson-databind-2.9.3.jar:/home/travis/build/icyphy/ptII/lib/netty-buffer-4.1.19.Final.jar:/home/travis/build/icyphy/ptII/lib/netty-codec-4.1.19.Final.jar:/home/travis/build/icyphy/ptII/lib/netty-codec-dns-4.1.19.Final.jar:/home/travis/build/icyphy/ptII/lib/netty-codec-http-4.1.19.Final.jar:/home/travis/build/icyphy/ptII/lib/netty-codec-http2-4.1.19.Final.jar:/home/travis/build/icyphy/ptII/lib/netty-common-4.1.19.Final.jar:/home/travis/build/icyphy/ptII/lib/netty-handler-4.1.19.Final.jar:/home/travis/build/icyphy/ptII/lib/netty-resolver-4.1.19.Final.jar:/home/travis/build/icyphy/ptII/lib/netty-resolver-dns-4.1.19.Final.jar:/home/travis/build/icyphy/ptII/lib/netty-transport-4.1.19.Final.jar:/home/travis/build/icyphy/ptII/lib/vertx-codegen-3.5.1.jar:/home/travis/build/icyphy/ptII/lib/vertx-core-3.5.2-SNAPSHOT.jar:/home/travis/build/icyphy/ptII/lib/vertx-hazelcast-3.5.1.jar:/home/travis/build/icyphy/ptII/lib/vertx-lang-js-3.5.1.jar:/home/travis/build/icyphy/ptII/lib/vertx-service-proxy-3.5.1.jar:/home/travis/build/icyphy/ptII/lib/vertx-web-3.5.1.jar:/home/travis/build/icyphy/ptII/lib/slf4j-api-1.7.13.jar:/home/travis/build/icyphy/ptII/lib/slf4j-simple-1.7.13.jar:/home/travis/build/icyphy/ptII/lib/webcam-capture-0.3.12.jar:/home/travis/build/icyphy/ptII/lib/bridj-0.7.0.jar:/home/travis/build/icyphy/ptII/lib/xbjlib-1.1.0.nrjavaserial.jar:/home/travis/build/icyphy/ptII/ptolemy/moml/test:/home/travis/build/icyphy/ptII/ant/lib/ant-launcher.jar:/home/travis/build/icyphy/ptII/ant/lib/ant.jar:/home/travis/build/icyphy/ptII/ant/lib/ant-junit.jar:/home/travis/build/icyphy/ptII/ant/lib/ant-junit4.jar" />
    <property name="ant.library.dir" value="/home/travis/build/icyphy/ptII/ant/lib" />
    <property name="os.arch" value="amd64" />
    <property name="env.CONTINUOUS_INTEGRATION" value="true" />
    <property name="env.TRAVIS_LANGUAGE" value="node_js" />
    <property name="env.TRAVIS_STACK_LANGUAGES" value="__sardonyx__ c c++ clojure cplusplus cpp default generic go groovy java node_js php pure_java python ruby scala" />
    <property name="test.name" value="ptolemy.actor.lib.test.junit.JUnitTclTest" />
    <property name="env.APT_KEY_DONT_WARN_ON_DANGEROUS_USAGE" value="1" />
    <property name="sun.java.launcher" value="SUN_STANDARD" />
    <property name="env.PYTHON_CONFIGURE_OPTS" value="--enable-unicode=ucs4 --with-wide-unicode --enable-shared --enable-ipv6 --enable-loadable-sqlite-extensions --with-computed-gotos" />
    <property name="ant.core.lib" value="/home/travis/build/icyphy/ptII/ant/lib/ant.jar" />
    <property name="java.vm.specification.vendor" value="Oracle Corporation" />
    <property name="env.BCVTB_HOME" value="/home/travis/build/icyphy/ptII/lbnl" />
    <property name="file.separator" value="/" />
    <property name="spotbugs.home" value="/home/travis/build/icyphy/ptII/vendors/spotbugs-3.1.1" />
    <property name="java.runtime.version" value="11.0.2+9" />
    <property name="env.ANSI_CLEAR" value="\033[0K" />
    <property name="javafx.verbose" value="true" />
    <property name="env.HAS_JOSH_K_SEAL_OF_APPROVAL" value="true" />
    <property name="env.XDG_RUNTIME_DIR" value="/run/user/2000" />
    <property name="env.TRAVIS_OSX_IMAGE" value="" />
    <property name="env.TRAVIS_JOB_ID" value="574684359" />
    <property name="env.TRAVIS_BRANCH" value="master" />
    <property name="user.country" value="US" />
    <property name="env.CERTI_HOME_TRAVIS" value="/home/travis/pthla/certi-tools" />
    <property name="env.SHELL" value="/bin/bash" />
    <property name="java.maxmemory.large" value="3200m" />
    <property name="model" value="" />
    <property name="env.CASHER_DIR" value="/home/travis/.casher" />
    <property name="env.NVM_CD_FLAGS" value="" />
    <property name="java.vendor.version" value="18.9" />
    <property name="jshint.executable" value="/home/travis/node_modules/jshint/bin/jshint" />
    <property name="env.JRUBY_OPTS" value=" --client -J-XX:+TieredCompilation -J-XX:TieredStopAtLevel=1 -J-Xss2m -Xcompile.invokedynamic=false" />
    <property name="java.vendor" value="Oracle Corporation" />
    <property name="env.TRAVIS_PRE_CHEF_BOOTSTRAP_TIME" value="2019-03-25T16:16:42" />
    <property name="env.TRAVIS_STACK_JOB_BOARD_REGISTER" value="/.job-board-register.yml" />
    <property name="env.ANSI_RED" value="\033[31;1m" />
    <property name="java.specification.version" value="11" />
    <property name="env.IRBRC" value="/home/travis/.rvm/rubies/ruby-2.5.3/.irbrc" />
    <property name="env.TRAVIS" value="true" />
    <property name="sun.arch.data.model" value="64" />
  </properties>
  <testcase classname="ptolemy.util.test.junit.TclTests" name="[0] /home/travis/build/icyphy/ptII/ptolemy/actor/lib/test/AbsoluteValue.tcl (RunTclFile)" time="0.669" />
  <testcase classname="ptolemy.util.test.junit.TclTests" name="[1] /home/travis/build/icyphy/ptII/ptolemy/actor/lib/test/AddSubtract.tcl (RunTclFile)" time="0.231" />
  <testcase classname="ptolemy.util.test.junit.TclTests" name="[2] /home/travis/build/icyphy/ptII/ptolemy/actor/lib/test/Average.tcl (RunTclFile)" time="0.071" />
  <testcase classname="ptolemy.util.test.junit.TclTests" name="[3] /home/travis/build/icyphy/ptII/ptolemy/actor/lib/test/Bernoulli.tcl (RunTclFile)" time="0.022" />
  <testcase classname="ptolemy.util.test.junit.TclTests" name="[4] /home/travis/build/icyphy/ptII/ptolemy/actor/lib/test/Clock.tcl (RunTclFile)" time="0.111" />
  <testcase classname="ptolemy.util.test.junit.TclTests" name="[5] /home/travis/build/icyphy/ptII/ptolemy/actor/lib/test/Commutator.tcl (RunTclFile)" time="0.21" />
  <testcase classname="ptolemy.util.test.junit.TclTests" name="[6] /home/travis/build/icyphy/ptII/ptolemy/actor/lib/test/Const.tcl (RunTclFile)" time="0.101" />
  <testcase classname="ptolemy.util.test.junit.TclTests" name="[7] /home/travis/build/icyphy/ptII/ptolemy/actor/lib/test/CurrentTime.tcl (RunTclFile)" time="0.049" />
  <testcase classname="ptolemy.util.test.junit.TclTests" name="[8] /home/travis/build/icyphy/ptII/ptolemy/actor/lib/test/DB.tcl (RunTclFile)" time="0.061" />
  <testcase classname="ptolemy.util.test.junit.TclTests" name="[9] /home/travis/build/icyphy/ptII/ptolemy/actor/lib/test/DiscreteRandomSource.tcl (RunTclFile)" time="0.075" />
  <testcase classname="ptolemy.util.test.junit.TclTests" name="[10] /home/travis/build/icyphy/ptII/ptolemy/actor/lib/test/Distributor.tcl (RunTclFile)" time="0.11" />
  <testcase classname="ptolemy.util.test.junit.TclTests" name="[11] /home/travis/build/icyphy/ptII/ptolemy/actor/lib/test/Exit.tcl (RunTclFile)" time="0.115" />
  <testcase classname="ptolemy.util.test.junit.TclTests" name="[12] /home/travis/build/icyphy/ptII/ptolemy/actor/lib/test/Expression.tcl (RunTclFile)" time="0.078" />
  <testcase classname="ptolemy.util.test.junit.TclTests" name="[13] /home/travis/build/icyphy/ptII/ptolemy/actor/lib/test/Gaussian.tcl (RunTclFile)" time="0.588" />
  <testcase classname="ptolemy.util.test.junit.TclTests" name="[14] /home/travis/build/icyphy/ptII/ptolemy/actor/lib/test/IIR.tcl (RunTclFile)" time="0.053" />
  <testcase classname="ptolemy.util.test.junit.TclTests" name="[15] /home/travis/build/icyphy/ptII/ptolemy/actor/lib/test/Interpolator.tcl (RunTclFile)" time="0.132" />
  <testcase classname="ptolemy.util.test.junit.TclTests" name="[16] /home/travis/build/icyphy/ptII/ptolemy/actor/lib/test/MathFunction.tcl (RunTclFile)" time="0.103" />
  <testcase classname="ptolemy.util.test.junit.TclTests" name="[17] /home/travis/build/icyphy/ptII/ptolemy/actor/lib/test/Maximum.tcl (RunTclFile)" time="0.048" />
  <testcase classname="ptolemy.util.test.junit.TclTests" name="[18] /home/travis/build/icyphy/ptII/ptolemy/actor/lib/test/Minimum.tcl (RunTclFile)" time="0.059" />
  <testcase classname="ptolemy.util.test.junit.TclTests" name="[19] /home/travis/build/icyphy/ptII/ptolemy/actor/lib/test/MultiplyDivide.tcl (RunTclFile)" time="0.044" />
  <testcase classname="ptolemy.util.test.junit.TclTests" name="[20] /home/travis/build/icyphy/ptII/ptolemy/actor/lib/test/OrderedMerge.tcl (RunTclFile)" time="0.12" />
  <testcase classname="ptolemy.util.test.junit.TclTests" name="[21] /home/travis/build/icyphy/ptII/ptolemy/actor/lib/test/Publisher.tcl (RunTclFile)" time="0.924" />
  <testcase classname="ptolemy.util.test.junit.TclTests" name="[22] /home/travis/build/icyphy/ptII/ptolemy/actor/lib/test/Pulse.tcl (RunTclFile)" time="0.041" />
  <testcase classname="ptolemy.util.test.junit.TclTests" name="[23] /home/travis/build/icyphy/ptII/ptolemy/actor/lib/test/Ramp.tcl (RunTclFile)" time="2.314" />
  <testcase classname="ptolemy.util.test.junit.TclTests" name="[24] /home/travis/build/icyphy/ptII/ptolemy/actor/lib/test/RampContinuous.tcl (RunTclFile)" time="0.023" />
  <testcase classname="ptolemy.util.test.junit.TclTests" name="[25] /home/travis/build/icyphy/ptII/ptolemy/actor/lib/test/RecordAssembler.tcl (RunTclFile)" time="0.019" />
  <testcase classname="ptolemy.util.test.junit.TclTests" name="[26] /home/travis/build/icyphy/ptII/ptolemy/actor/lib/test/RecordDisassembler.tcl (RunTclFile)" time="0.026" />
  <testcase classname="ptolemy.util.test.junit.TclTests" name="[27] /home/travis/build/icyphy/ptII/ptolemy/actor/lib/test/Scale.tcl (RunTclFile)" time="0.046" />
  <testcase classname="ptolemy.util.test.junit.TclTests" name="[28] /home/travis/build/icyphy/ptII/ptolemy/actor/lib/test/SequentialClock.tcl (RunTclFile)" time="0.022" />
  <testcase classname="ptolemy.util.test.junit.TclTests" name="[29] /home/travis/build/icyphy/ptII/ptolemy/actor/lib/test/SetVariable.tcl (RunTclFile)" time="0.043">
    <failure message="Number of failed tests is has increased. expected:&lt;0&gt; but was:&lt;1&gt;" type="junit.framework.AssertionFailedError">junit.framework.AssertionFailedError: Number of failed tests is has increased. expected:&lt;0&gt; but was:&lt;1&gt;
	at ptolemy.util.test.junit.TclTests.RunTclFile(TclTests.java:286)
	at jdk.internal.reflect.GeneratedMethodAccessor19.invoke(Unknown Source)
	at java.base/jdk.internal.reflect.DelegatingMethodAccessorImpl.invoke(DelegatingMethodAccessorImpl.java:43)
	at junitparams.internal.InvokeParameterisedMethod.evaluate(InvokeParameterisedMethod.java:102)
	at junitparams.internal.ParameterisedTestMethodRunner.runMethodInvoker(ParameterisedTestMethodRunner.java:47)
	at junitparams.internal.ParameterisedTestMethodRunner.runTestMethod(ParameterisedTestMethodRunner.java:41)
	at junitparams.internal.ParameterisedTestClassRunner.runParameterisedTest(ParameterisedTestClassRunner.java:143)
	at junitparams.JUnitParamsRunner.runChild(JUnitParamsRunner.java:237)
	at junitparams.JUnitParamsRunner.runChild(JUnitParamsRunner.java:215)
</failure>
  </testcase>
  <testcase classname="ptolemy.util.test.junit.TclTests" name="[30] /home/travis/build/icyphy/ptII/ptolemy/actor/lib/test/Sinewave.tcl (RunTclFile)" time="0.068" />
  <testcase classname="ptolemy.util.test.junit.TclTests" name="[31] /home/travis/build/icyphy/ptII/ptolemy/actor/lib/test/SubscriptionAggregator.tcl (RunTclFile)" time="2.442" />
  <testcase classname="ptolemy.util.test.junit.TclTests" name="[32] /home/travis/build/icyphy/ptII/ptolemy/actor/lib/test/Test.tcl (RunTclFile)" time="0.164" />
  <testcase classname="ptolemy.util.test.junit.TclTests" name="[33] /home/travis/build/icyphy/ptII/ptolemy/actor/lib/test/TestExceptionHandler.tcl (RunTclFile)" time="0.014" />
  <testcase classname="ptolemy.util.test.junit.TclTests" name="[34] /home/travis/build/icyphy/ptII/ptolemy/actor/lib/test/UnionDisassembler.tcl (RunTclFile)" time="0.085" />
  <testcase classname="ptolemy.util.test.junit.TclTests" name="[35] /home/travis/build/icyphy/ptII/ptolemy/actor/lib/test/VariableClock.tcl (RunTclFile)" time="0.034" />
  <testcase classname="ptolemy.util.test.junit.AutoKnownFailedTests" name="[0] /home/travis/build/icyphy/ptII/ptolemy/actor/lib/test/auto/knownFailedTests/PublisherPortToplevelSubscriber.xml (RunModel)" time="0.03" />
  <testcase classname="ptolemy.util.test.junit.AutoKnownFailedTests" name="[1] /home/travis/build/icyphy/ptII/ptolemy/actor/lib/test/auto/knownFailedTests/PublisherSubscriberPortToplevel.xml (RunModel)" time="0.021" />
  <testcase classname="ptolemy.util.test.junit.AutoKnownFailedTests" name="[2] /home/travis/build/icyphy/ptII/ptolemy/actor/lib/test/auto/knownFailedTests/PublisherSubscriptionAggregatorPort.xml (RunModel)" time="0.021" />
  <testcase classname="ptolemy.util.test.junit.AutoKnownFailedTests" name="[3] /home/travis/build/icyphy/ptII/ptolemy/actor/lib/test/auto/knownFailedTests/sizedarray3.xml (RunModel)" time="0.027" />
  <testcase classname="ptolemy.util.test.junit.AutoNameArchTests" name="[0] ThereAreNoAutoArchTests (RunModel)" time="0.005" />
  <testcase classname="ptolemy.util.test.junit.AutoTests" name="[0] /home/travis/build/icyphy/ptII/ptolemy/actor/lib/test/auto/AbsoluteValue.xml (RunModel)" time="0.116" />
  <testcase classname="ptolemy.util.test.junit.AutoTests" name="[1] /home/travis/build/icyphy/ptII/ptolemy/actor/lib/test/auto/AbsoluteValue2.xml (RunModel)" time="0.075" />
  <testcase classname="ptolemy.util.test.junit.AutoTests" name="[2] /home/travis/build/icyphy/ptII/ptolemy/actor/lib/test/auto/Accumulator.xml (RunModel)" time="0.043" />
  <testcase classname="ptolemy.util.test.junit.AutoTests" name="[3] /home/travis/build/icyphy/ptII/ptolemy/actor/lib/test/auto/Accumulator2.xml (RunModel)" time="0.13" />
  <testcase classname="ptolemy.util.test.junit.AutoTests" name="[4] /home/travis/build/icyphy/ptII/ptolemy/actor/lib/test/auto/Accumulator3.xml (RunModel)" time="0.046" />
  <testcase classname="ptolemy.util.test.junit.AutoTests" name="[5] /home/travis/build/icyphy/ptII/ptolemy/actor/lib/test/auto/ArrayAppend.xml (RunModel)" time="0.032" />
  <testcase classname="ptolemy.util.test.junit.AutoTests" name="[6] /home/travis/build/icyphy/ptII/ptolemy/actor/lib/test/auto/ArrayAppend2.xml (RunModel)" time="0.447" />
  <testcase classname="ptolemy.util.test.junit.AutoTests" name="[7] /home/travis/build/icyphy/ptII/ptolemy/actor/lib/test/auto/ArrayAppend3.xml (RunModel)" time="0.049" />
  <testcase classname="ptolemy.util.test.junit.AutoTests" name="[8] /home/travis/build/icyphy/ptII/ptolemy/actor/lib/test/auto/ArrayAppend4.xml (RunModel)" time="0.026" />
  <testcase classname="ptolemy.util.test.junit.AutoTests" name="[9] /home/travis/build/icyphy/ptII/ptolemy/actor/lib/test/auto/ArrayAppend5.xml (RunModel)" time="0.021" />
  <testcase classname="ptolemy.util.test.junit.AutoTests" name="[10] /home/travis/build/icyphy/ptII/ptolemy/actor/lib/test/auto/ArrayAppend6.xml (RunModel)" time="0.024" />
  <testcase classname="ptolemy.util.test.junit.AutoTests" name="[11] /home/travis/build/icyphy/ptII/ptolemy/actor/lib/test/auto/ArrayAppendPerformanceTest.xml (RunModel)" time="0.072" />
  <testcase classname="ptolemy.util.test.junit.AutoTests" name="[12] /home/travis/build/icyphy/ptII/ptolemy/actor/lib/test/auto/ArrayAppendWithEmptyInput.xml (RunModel)" time="0.056" />
  <testcase classname="ptolemy.util.test.junit.AutoTests" name="[13] /home/travis/build/icyphy/ptII/ptolemy/actor/lib/test/auto/ArrayAverage.xml (RunModel)" time="0.09" />
  <testcase classname="ptolemy.util.test.junit.AutoTests" name="[14] /home/travis/build/icyphy/ptII/ptolemy/actor/lib/test/auto/ArrayContains.xml (RunModel)" time="0.026" />
  <testcase classname="ptolemy.util.test.junit.AutoTests" name="[15] /home/travis/build/icyphy/ptII/ptolemy/actor/lib/test/auto/ArrayElement.xml (RunModel)" time="0.025" />
  <testcase classname="ptolemy.util.test.junit.AutoTests" name="[16] /home/travis/build/icyphy/ptII/ptolemy/actor/lib/test/auto/ArrayElementAsMatrix.xml (RunModel)" time="0.066" />
  <testcase classname="ptolemy.util.test.junit.AutoTests" name="[17] /home/travis/build/icyphy/ptII/ptolemy/actor/lib/test/auto/ArrayElementI.xml (RunModel)" time="0.041" />
  <testcase classname="ptolemy.util.test.junit.AutoTests" name="[18] /home/travis/build/icyphy/ptII/ptolemy/actor/lib/test/auto/ArrayExtract.xml (RunModel)" time="0.043" />
  <testcase classname="ptolemy.util.test.junit.AutoTests" name="[19] /home/travis/build/icyphy/ptII/ptolemy/actor/lib/test/auto/ArrayExtract2.xml (RunModel)" time="0.024" />
  <testcase classname="ptolemy.util.test.junit.AutoTests" name="[20] /home/travis/build/icyphy/ptII/ptolemy/actor/lib/test/auto/ArrayLength.xml (RunModel)" time="0.025" />
  <testcase classname="ptolemy.util.test.junit.AutoTests" name="[21] /home/travis/build/icyphy/ptII/ptolemy/actor/lib/test/auto/ArrayLevelCrossing.xml (RunModel)" time="0.04" />
  <testcase classname="ptolemy.util.test.junit.AutoTests" name="[22] /home/travis/build/icyphy/ptII/ptolemy/actor/lib/test/auto/ArrayLevelCrossing2.xml (RunModel)" time="0.037" />
  <testcase classname="ptolemy.util.test.junit.AutoTests" name="[23] /home/travis/build/icyphy/ptII/ptolemy/actor/lib/test/auto/ArrayPeakSearch.xml (RunModel)" time="0.053" />
  <testcase classname="ptolemy.util.test.junit.AutoTests" name="[24] /home/travis/build/icyphy/ptII/ptolemy/actor/lib/test/auto/ArrayPeakSearch2.xml (RunModel)" time="0.052" />
  <testcase classname="ptolemy.util.test.junit.AutoTests" name="[25] /home/travis/build/icyphy/ptII/ptolemy/actor/lib/test/auto/ArrayPeakSearch3.xml (RunModel)" time="0.054" />
  <testcase classname="ptolemy.util.test.junit.AutoTests" name="[26] /home/travis/build/icyphy/ptII/ptolemy/actor/lib/test/auto/ArrayRemoveElement.xml (RunModel)" time="0.037" />
  <testcase classname="ptolemy.util.test.junit.AutoTests" name="[27] /home/travis/build/icyphy/ptII/ptolemy/actor/lib/test/auto/ArraySort.xml (RunModel)" time="0.044" />
  <testcase classname="ptolemy.util.test.junit.AutoTests" name="[28] /home/travis/build/icyphy/ptII/ptolemy/actor/lib/test/auto/ArraySum.xml (RunModel)" time="0.024" />
  <testcase classname="ptolemy.util.test.junit.AutoTests" name="[29] /home/travis/build/icyphy/ptII/ptolemy/actor/lib/test/auto/ArrayToElements.xml (RunModel)" time="0.03" />
  <testcase classname="ptolemy.util.test.junit.AutoTests" name="[30] /home/travis/build/icyphy/ptII/ptolemy/actor/lib/test/auto/ArrayToMatrix.xml (RunModel)" time="0.08" />
  <testcase classname="ptolemy.util.test.junit.AutoTests" name="[31] /home/travis/build/icyphy/ptII/ptolemy/actor/lib/test/auto/ArrayUpdate1.xml (RunModel)" time="0.032" />
  <testcase classname="ptolemy.util.test.junit.AutoTests" name="[32] /home/travis/build/icyphy/ptII/ptolemy/actor/lib/test/auto/ArrayUpdate2.xml (RunModel)" time="0.023" />
  <testcase classname="ptolemy.util.test.junit.AutoTests" name="[33] /home/travis/build/icyphy/ptII/ptolemy/actor/lib/test/auto/ArrayUpdate3.xml (RunModel)" time="0.021" />
  <testcase classname="ptolemy.util.test.junit.AutoTests" name="[34] /home/travis/build/icyphy/ptII/ptolemy/actor/lib/test/auto/Assert1.xml (RunModel)" time="0.03" />
  <testcase classname="ptolemy.util.test.junit.AutoTests" name="[35] /home/travis/build/icyphy/ptII/ptolemy/actor/lib/test/auto/Assert2.xml (RunModel)" time="0.021" />
  <testcase classname="ptolemy.util.test.junit.AutoTests" name="[36] /home/travis/build/icyphy/ptII/ptolemy/actor/lib/test/auto/BooleanMultiplexor.xml (RunModel)" time="0.023" />
  <testcase classname="ptolemy.util.test.junit.AutoTests" name="[37] /home/travis/build/icyphy/ptII/ptolemy/actor/lib/test/auto/BooleanMultiplexor2.xml (RunModel)" time="0.034" />
  <testcase classname="ptolemy.util.test.junit.AutoTests" name="[38] /home/travis/build/icyphy/ptII/ptolemy/actor/lib/test/auto/BooleanMultiplexor3.xml (RunModel)" time="0.022" />
  <testcase classname="ptolemy.util.test.junit.AutoTests" name="[39] /home/travis/build/icyphy/ptII/ptolemy/actor/lib/test/auto/BooleanSelect.xml (RunModel)" time="0.03" />
  <testcase classname="ptolemy.util.test.junit.AutoTests" name="[40] /home/travis/build/icyphy/ptII/ptolemy/actor/lib/test/auto/BooleanSelect2.xml (RunModel)" time="0.019" />
  <testcase classname="ptolemy.util.test.junit.AutoTests" name="[41] /home/travis/build/icyphy/ptII/ptolemy/actor/lib/test/auto/BooleanSwitch.xml (RunModel)" time="0.09" />
  <testcase classname="ptolemy.util.test.junit.AutoTests" name="[42] /home/travis/build/icyphy/ptII/ptolemy/actor/lib/test/auto/BooleanSwitch2.xml (RunModel)" time="0.021" />
  <testcase classname="ptolemy.util.test.junit.AutoTests" name="[43] /home/travis/build/icyphy/ptII/ptolemy/actor/lib/test/auto/BooleanSwitchCloningBugWithClassRelationGroup.xml (RunModel)" time="0.032" />
  <testcase classname="ptolemy.util.test.junit.AutoTests" name="[44] /home/travis/build/icyphy/ptII/ptolemy/actor/lib/test/auto/BusActors.xml (RunModel)" time="0.043" />
  <testcase classname="ptolemy.util.test.junit.AutoTests" name="[45] /home/travis/build/icyphy/ptII/ptolemy/actor/lib/test/auto/ClassWrapper.xml (RunModel)" time="0.021" />
  <testcase classname="ptolemy.util.test.junit.AutoTests" name="[46] /home/travis/build/icyphy/ptII/ptolemy/actor/lib/test/auto/Clock.xml (RunModel)" time="0.013" />
  <testcase classname="ptolemy.util.test.junit.AutoTests" name="[47] /home/travis/build/icyphy/ptII/ptolemy/actor/lib/test/auto/Clock10.xml (RunModel)" time="0.048" />
  <testcase classname="ptolemy.util.test.junit.AutoTests" name="[48] /home/travis/build/icyphy/ptII/ptolemy/actor/lib/test/auto/Clock11.xml (RunModel)" time="0.021" />
  <testcase classname="ptolemy.util.test.junit.AutoTests" name="[49] /home/travis/build/icyphy/ptII/ptolemy/actor/lib/test/auto/Clock12.xml (RunModel)" time="0.025" />
  <testcase classname="ptolemy.util.test.junit.AutoTests" name="[50] /home/travis/build/icyphy/ptII/ptolemy/actor/lib/test/auto/Clock13.xml (RunModel)" time="0.015" />
  <testcase classname="ptolemy.util.test.junit.AutoTests" name="[51] /home/travis/build/icyphy/ptII/ptolemy/actor/lib/test/auto/Clock14.xml (RunModel)" time="0.022" />
  <testcase classname="ptolemy.util.test.junit.AutoTests" name="[52] /home/travis/build/icyphy/ptII/ptolemy/actor/lib/test/auto/Clock15.xml (RunModel)" time="0.017" />
  <testcase classname="ptolemy.util.test.junit.AutoTests" name="[53] /home/travis/build/icyphy/ptII/ptolemy/actor/lib/test/auto/Clock16.xml (RunModel)" time="0.087" />
  <testcase classname="ptolemy.util.test.junit.AutoTests" name="[54] /home/travis/build/icyphy/ptII/ptolemy/actor/lib/test/auto/Clock17.xml (RunModel)" time="0.052" />
  <testcase classname="ptolemy.util.test.junit.AutoTests" name="[55] /home/travis/build/icyphy/ptII/ptolemy/actor/lib/test/auto/Clock18.xml (RunModel)" time="0.049" />
  <testcase classname="ptolemy.util.test.junit.AutoTests" name="[56] /home/travis/build/icyphy/ptII/ptolemy/actor/lib/test/auto/Clock19.xml (RunModel)" time="0.045" />
  <testcase classname="ptolemy.util.test.junit.AutoTests" name="[57] /home/travis/build/icyphy/ptII/ptolemy/actor/lib/test/auto/Clock2.xml (RunModel)" time="0.017" />
  <testcase classname="ptolemy.util.test.junit.AutoTests" name="[58] /home/travis/build/icyphy/ptII/ptolemy/actor/lib/test/auto/Clock20.xml (RunModel)" time="0.026" />
  <testcase classname="ptolemy.util.test.junit.AutoTests" name="[59] /home/travis/build/icyphy/ptII/ptolemy/actor/lib/test/auto/Clock21.xml (RunModel)" time="0.018" />
  <testcase classname="ptolemy.util.test.junit.AutoTests" name="[60] /home/travis/build/icyphy/ptII/ptolemy/actor/lib/test/auto/Clock22.xml (RunModel)" time="0.021" />
  <testcase classname="ptolemy.util.test.junit.AutoTests" name="[61] /home/travis/build/icyphy/ptII/ptolemy/actor/lib/test/auto/Clock23.xml (RunModel)" time="0.02" />
  <testcase classname="ptolemy.util.test.junit.AutoTests" name="[62] /home/travis/build/icyphy/ptII/ptolemy/actor/lib/test/auto/Clock24.xml (RunModel)" time="0.018" />
  <testcase classname="ptolemy.util.test.junit.AutoTests" name="[63] /home/travis/build/icyphy/ptII/ptolemy/actor/lib/test/auto/Clock4.xml (RunModel)" time="0.013" />
  <testcase classname="ptolemy.util.test.junit.AutoTests" name="[64] /home/travis/build/icyphy/ptII/ptolemy/actor/lib/test/auto/Clock5.xml (RunModel)" time="0.023" />
  <testcase classname="ptolemy.util.test.junit.AutoTests" name="[65] /home/travis/build/icyphy/ptII/ptolemy/actor/lib/test/auto/Clock6.xml (RunModel)" time="0.012" />
  <testcase classname="ptolemy.util.test.junit.AutoTests" name="[66] /home/travis/build/icyphy/ptII/ptolemy/actor/lib/test/auto/Clock7.xml (RunModel)" time="0.011" />
  <testcase classname="ptolemy.util.test.junit.AutoTests" name="[67] /home/travis/build/icyphy/ptII/ptolemy/actor/lib/test/auto/Clock8.xml (RunModel)" time="0.018" />
  <testcase classname="ptolemy.util.test.junit.AutoTests" name="[68] /home/travis/build/icyphy/ptII/ptolemy/actor/lib/test/auto/Clock9.xml (RunModel)" time="0.016" />
  <testcase classname="ptolemy.util.test.junit.AutoTests" name="[69] /home/travis/build/icyphy/ptII/ptolemy/actor/lib/test/auto/CommDistDiscard.xml (RunModel)" time="0.027" />
  <testcase classname="ptolemy.util.test.junit.AutoTests" name="[70] /home/travis/build/icyphy/ptII/ptolemy/actor/lib/test/auto/Commutator.xml (RunModel)" time="0.019" />
  <testcase classname="ptolemy.util.test.junit.AutoTests" name="[71] /home/travis/build/icyphy/ptII/ptolemy/actor/lib/test/auto/Commutator2.xml (RunModel)" time="0.016" />
  <testcase classname="ptolemy.util.test.junit.AutoTests" name="[72] /home/travis/build/icyphy/ptII/ptolemy/actor/lib/test/auto/Commutator3.xml (RunModel)" time="0.018" />
  <testcase classname="ptolemy.util.test.junit.AutoTests" name="[73] /home/travis/build/icyphy/ptII/ptolemy/actor/lib/test/auto/Compare.xml (RunModel)" time="0.027" />
  <testcase classname="ptolemy.util.test.junit.AutoTests" name="[74] /home/travis/build/icyphy/ptII/ptolemy/actor/lib/test/auto/CompareDE.xml (RunModel)" time="0.023" />
  <testcase classname="ptolemy.util.test.junit.AutoTests" name="[75] /home/travis/build/icyphy/ptII/ptolemy/actor/lib/test/auto/ComplexDivide.xml (RunModel)" time="0.013" />
  <testcase classname="ptolemy.util.test.junit.AutoTests" name="[76] /home/travis/build/icyphy/ptII/ptolemy/actor/lib/test/auto/ComputeHistogram.xml (RunModel)" time="0.082" />
  <testcase classname="ptolemy.util.test.junit.AutoTests" name="[77] /home/travis/build/icyphy/ptII/ptolemy/actor/lib/test/auto/ConfigurationSelect.xml (RunModel)" time="0.026" />
  <testcase classname="ptolemy.util.test.junit.AutoTests" name="[78] /home/travis/build/icyphy/ptII/ptolemy/actor/lib/test/auto/ConfigurationSelect2.xml (RunModel)" time="0.026" />
  <testcase classname="ptolemy.util.test.junit.AutoTests" name="[79] /home/travis/build/icyphy/ptII/ptolemy/actor/lib/test/auto/ConfigurationSwitch.xml (RunModel)" time="0.024" />
  <testcase classname="ptolemy.util.test.junit.AutoTests" name="[80] /home/travis/build/icyphy/ptII/ptolemy/actor/lib/test/auto/ConfigurationSwitch2.xml (RunModel)" time="0.029" />
  <testcase classname="ptolemy.util.test.junit.AutoTests" name="[81] /home/travis/build/icyphy/ptII/ptolemy/actor/lib/test/auto/ConfigurationSwitchCloningBugWithClassRelationGroup.xml (RunModel)" time="0.026" />
  <testcase classname="ptolemy.util.test.junit.AutoTests" name="[82] /home/travis/build/icyphy/ptII/ptolemy/actor/lib/test/auto/ConfigurationSwitchSelectSDF.xml (RunModel)" time="0.016" />
  <testcase classname="ptolemy.util.test.junit.AutoTests" name="[83] /home/travis/build/icyphy/ptII/ptolemy/actor/lib/test/auto/ConfigurationSwitchSelectSDF2.xml (RunModel)" time="0.018" />
  <testcase classname="ptolemy.util.test.junit.AutoTests" name="[84] /home/travis/build/icyphy/ptII/ptolemy/actor/lib/test/auto/Const.xml (RunModel)" time="0.008" />
  <testcase classname="ptolemy.util.test.junit.AutoTests" name="[85] /home/travis/build/icyphy/ptII/ptolemy/actor/lib/test/auto/Const2.xml (RunModel)" time="0.011" />
  <testcase classname="ptolemy.util.test.junit.AutoTests" name="[86] /home/travis/build/icyphy/ptII/ptolemy/actor/lib/test/auto/Const3.xml (RunModel)" time="0.008" />
  <testcase classname="ptolemy.util.test.junit.AutoTests" name="[87] /home/travis/build/icyphy/ptII/ptolemy/actor/lib/test/auto/ConstantPublisherPort1.xml (RunModel)" time="0.028" />
  <testcase classname="ptolemy.util.test.junit.AutoTests" name="[88] /home/travis/build/icyphy/ptII/ptolemy/actor/lib/test/auto/ConstantPublisherPort2.xml (RunModel)" time="0.031" />
  <testcase classname="ptolemy.util.test.junit.AutoTests" name="[89] /home/travis/build/icyphy/ptII/ptolemy/actor/lib/test/auto/ConstantPublisherPort3.xml (RunModel)" time="0.024" />
  <testcase classname="ptolemy.util.test.junit.AutoTests" name="[90] /home/travis/build/icyphy/ptII/ptolemy/actor/lib/test/auto/ConstantPublisherPort4.xml (RunModel)" time="0.024" />
  <testcase classname="ptolemy.util.test.junit.AutoTests" name="[91] /home/travis/build/icyphy/ptII/ptolemy/actor/lib/test/auto/ConstantPublisherPort5.xml (RunModel)" time="0.043" />
  <testcase classname="ptolemy.util.test.junit.AutoTests" name="[92] /home/travis/build/icyphy/ptII/ptolemy/actor/lib/test/auto/ConstantPublisherPort6.xml (RunModel)" time="0.034" />
  <testcase classname="ptolemy.util.test.junit.AutoTests" name="[93] /home/travis/build/icyphy/ptII/ptolemy/actor/lib/test/auto/ConstantPublisherPort7.xml (RunModel)" time="0.047" />
  <testcase classname="ptolemy.util.test.junit.AutoTests" name="[94] /home/travis/build/icyphy/ptII/ptolemy/actor/lib/test/auto/ConstraintMonitor1.xml (RunModel)" time="0.061" />
  <testcase classname="ptolemy.util.test.junit.AutoTests" name="[95] /home/travis/build/icyphy/ptII/ptolemy/actor/lib/test/auto/ConstraintMonitor2.xml (RunModel)" time="0.018" />
  <testcase classname="ptolemy.util.test.junit.AutoTests" name="[96] /home/travis/build/icyphy/ptII/ptolemy/actor/lib/test/auto/ConstraintMonitor3.xml (RunModel)" time="0.015" />
  <testcase classname="ptolemy.util.test.junit.AutoTests" name="[97] /home/travis/build/icyphy/ptII/ptolemy/actor/lib/test/auto/ConstraintMonitor4.xml (RunModel)" time="0.015" />
  <testcase classname="ptolemy.util.test.junit.AutoTests" name="[98] /home/travis/build/icyphy/ptII/ptolemy/actor/lib/test/auto/ConstraintMonitor5.xml (RunModel)" time="0.016" />
  <testcase classname="ptolemy.util.test.junit.AutoTests" name="[99] /home/travis/build/icyphy/ptII/ptolemy/actor/lib/test/auto/ConstraintMonitor6.xml (RunModel)" time="0.024" />
  <testcase classname="ptolemy.util.test.junit.AutoTests" name="[100] /home/travis/build/icyphy/ptII/ptolemy/actor/lib/test/auto/ConstraintMonitor7.xml (RunModel)" time="0.027" />
  <testcase classname="ptolemy.util.test.junit.AutoTests" name="[101] /home/travis/build/icyphy/ptII/ptolemy/actor/lib/test/auto/ConstraintMonitor8.xml (RunModel)" time="0.026" />
  <testcase classname="ptolemy.util.test.junit.AutoTests" name="[102] /home/travis/build/icyphy/ptII/ptolemy/actor/lib/test/auto/Counter.xml (RunModel)" time="0.014" />
  <testcase classname="ptolemy.util.test.junit.AutoTests" name="[103] /home/travis/build/icyphy/ptII/ptolemy/actor/lib/test/auto/CurrentTimeSDF.xml (RunModel)" time="0.014" />
  <testcase classname="ptolemy.util.test.junit.AutoTests" name="[104] /home/travis/build/icyphy/ptII/ptolemy/actor/lib/test/auto/DB.xml (RunModel)" time="0.014" />
  <testcase classname="ptolemy.util.test.junit.AutoTests" name="[105] /home/travis/build/icyphy/ptII/ptolemy/actor/lib/test/auto/DBDE.xml (RunModel)" time="0.018" />
  <testcase classname="ptolemy.util.test.junit.AutoTests" name="[106] /home/travis/build/icyphy/ptII/ptolemy/actor/lib/test/auto/DateConstructor.xml (RunModel)" time="0.083" />
  <testcase classname="ptolemy.util.test.junit.AutoTests" name="[107] /home/travis/build/icyphy/ptII/ptolemy/actor/lib/test/auto/DelayTime.xml (RunModel)" time="0.021" />
  <testcase classname="ptolemy.util.test.junit.AutoTests" name="[108] /home/travis/build/icyphy/ptII/ptolemy/actor/lib/test/auto/Dictionary1.xml (RunModel)" time="0.024" />
  <testcase classname="ptolemy.util.test.junit.AutoTests" name="[109] /home/travis/build/icyphy/ptII/ptolemy/actor/lib/test/auto/Dictionary2.xml (RunModel)" time="0.016" />
  <testcase classname="ptolemy.util.test.junit.AutoTests" name="[110] /home/travis/build/icyphy/ptII/ptolemy/actor/lib/test/auto/Dictionary3.xml (RunModel)" time="0.015" />
  <testcase classname="ptolemy.util.test.junit.AutoTests" name="[111] /home/travis/build/icyphy/ptII/ptolemy/actor/lib/test/auto/Dictionary4.xml (RunModel)" time="0.018" />
  <testcase classname="ptolemy.util.test.junit.AutoTests" name="[112] /home/travis/build/icyphy/ptII/ptolemy/actor/lib/test/auto/Differential.xml (RunModel)" time="0.015" />
  <testcase classname="ptolemy.util.test.junit.AutoTests" name="[113] /home/travis/build/icyphy/ptII/ptolemy/actor/lib/test/auto/Director.xml (RunModel)" time="0.014" />
  <testcase classname="ptolemy.util.test.junit.AutoTests" name="[114] /home/travis/build/icyphy/ptII/ptolemy/actor/lib/test/auto/DiscreteClock.xml (RunModel)" time="0.009" />
  <testcase classname="ptolemy.util.test.junit.AutoTests" name="[115] /home/travis/build/icyphy/ptII/ptolemy/actor/lib/test/auto/DiscreteClock10.xml (RunModel)" time="0.013" />
  <testcase classname="ptolemy.util.test.junit.AutoTests" name="[116] /home/travis/build/icyphy/ptII/ptolemy/actor/lib/test/auto/DiscreteClock11.xml (RunModel)" time="0.014" />
  <testcase classname="ptolemy.util.test.junit.AutoTests" name="[117] /home/travis/build/icyphy/ptII/ptolemy/actor/lib/test/auto/DiscreteClock12.xml (RunModel)" time="0.015" />
  <testcase classname="ptolemy.util.test.junit.AutoTests" name="[118] /home/travis/build/icyphy/ptII/ptolemy/actor/lib/test/auto/DiscreteClock13.xml (RunModel)" time="0.018" />
  <testcase classname="ptolemy.util.test.junit.AutoTests" name="[119] /home/travis/build/icyphy/ptII/ptolemy/actor/lib/test/auto/DiscreteClock14.xml (RunModel)" time="0.021" />
  <testcase classname="ptolemy.util.test.junit.AutoTests" name="[120] /home/travis/build/icyphy/ptII/ptolemy/actor/lib/test/auto/DiscreteClock15.xml (RunModel)" time="0.016" />
  <testcase classname="ptolemy.util.test.junit.AutoTests" name="[121] /home/travis/build/icyphy/ptII/ptolemy/actor/lib/test/auto/DiscreteClock16.xml (RunModel)" time="0.052" />
  <testcase classname="ptolemy.util.test.junit.AutoTests" name="[122] /home/travis/build/icyphy/ptII/ptolemy/actor/lib/test/auto/DiscreteClock17.xml (RunModel)" time="0.043" />
  <testcase classname="ptolemy.util.test.junit.AutoTests" name="[123] /home/travis/build/icyphy/ptII/ptolemy/actor/lib/test/auto/DiscreteClock18.xml (RunModel)" time="0.075" />
  <testcase classname="ptolemy.util.test.junit.AutoTests" name="[124] /home/travis/build/icyphy/ptII/ptolemy/actor/lib/test/auto/DiscreteClock19.xml (RunModel)" time="0.066" />
  <testcase classname="ptolemy.util.test.junit.AutoTests" name="[125] /home/travis/build/icyphy/ptII/ptolemy/actor/lib/test/auto/DiscreteClock2.xml (RunModel)" time="0.013" />
  <testcase classname="ptolemy.util.test.junit.AutoTests" name="[126] /home/travis/build/icyphy/ptII/ptolemy/actor/lib/test/auto/DiscreteClock20.xml (RunModel)" time="0.024" />
  <testcase classname="ptolemy.util.test.junit.AutoTests" name="[127] /home/travis/build/icyphy/ptII/ptolemy/actor/lib/test/auto/DiscreteClock21.xml (RunModel)" time="0.019" />
  <testcase classname="ptolemy.util.test.junit.AutoTests" name="[128] /home/travis/build/icyphy/ptII/ptolemy/actor/lib/test/auto/DiscreteClock22.xml (RunModel)" time="0.014" />
  <testcase classname="ptolemy.util.test.junit.AutoTests" name="[129] /home/travis/build/icyphy/ptII/ptolemy/actor/lib/test/auto/DiscreteClock23.xml (RunModel)" time="0.024" />
  <testcase classname="ptolemy.util.test.junit.AutoTests" name="[130] /home/travis/build/icyphy/ptII/ptolemy/actor/lib/test/auto/DiscreteClock24.xml (RunModel)" time="0.019" />
  <testcase classname="ptolemy.util.test.junit.AutoTests" name="[131] /home/travis/build/icyphy/ptII/ptolemy/actor/lib/test/auto/DiscreteClock4.xml (RunModel)" time="0.017" />
  <testcase classname="ptolemy.util.test.junit.AutoTests" name="[132] /home/travis/build/icyphy/ptII/ptolemy/actor/lib/test/auto/DiscreteClock5.xml (RunModel)" time="0.011" />
  <testcase classname="ptolemy.util.test.junit.AutoTests" name="[133] /home/travis/build/icyphy/ptII/ptolemy/actor/lib/test/auto/DiscreteClock6.xml (RunModel)" time="0.015" />
  <testcase classname="ptolemy.util.test.junit.AutoTests" name="[134] /home/travis/build/icyphy/ptII/ptolemy/actor/lib/test/auto/DiscreteClock7.xml (RunModel)" time="0.012" />
  <testcase classname="ptolemy.util.test.junit.AutoTests" name="[135] /home/travis/build/icyphy/ptII/ptolemy/actor/lib/test/auto/DiscreteClock8.xml (RunModel)" time="0.022" />
  <testcase classname="ptolemy.util.test.junit.AutoTests" name="[136] /home/travis/build/icyphy/ptII/ptolemy/actor/lib/test/auto/DiscreteClock9.xml (RunModel)" time="0.015" />
  <testcase classname="ptolemy.util.test.junit.AutoTests" name="[137] /home/travis/build/icyphy/ptII/ptolemy/actor/lib/test/auto/DisplayArray.xml (RunModel)" time="0.011" />
  <testcase classname="ptolemy.util.test.junit.AutoTests" name="[138] /home/travis/build/icyphy/ptII/ptolemy/actor/lib/test/auto/Distributor.xml (RunModel)" time="0.011" />
  <testcase classname="ptolemy.util.test.junit.AutoTests" name="[139] /home/travis/build/icyphy/ptII/ptolemy/actor/lib/test/auto/Distributor2.xml (RunModel)" time="0.012" />
  <testcase classname="ptolemy.util.test.junit.AutoTests" name="[140] /home/travis/build/icyphy/ptII/ptolemy/actor/lib/test/auto/DownSample.xml (RunModel)" time="0.012" />
  <testcase classname="ptolemy.util.test.junit.AutoTests" name="[141] /home/travis/build/icyphy/ptII/ptolemy/actor/lib/test/auto/ElectronicUnitBase1.xml (RunModel)" time="0.069" />
  <testcase classname="ptolemy.util.test.junit.AutoTests" name="[142] /home/travis/build/icyphy/ptII/ptolemy/actor/lib/test/auto/ElementsToArray.xml (RunModel)" time="0.011" />
  <testcase classname="ptolemy.util.test.junit.AutoTests" name="[143] /home/travis/build/icyphy/ptII/ptolemy/actor/lib/test/auto/Equals.xml (RunModel)" time="0.012" />
  <testcase classname="ptolemy.util.test.junit.AutoTests" name="[144] /home/travis/build/icyphy/ptII/ptolemy/actor/lib/test/auto/Exec.xml (RunModel)" time="0.029" />
  <testcase classname="ptolemy.util.test.junit.AutoTests" name="[145] /home/travis/build/icyphy/ptII/ptolemy/actor/lib/test/auto/ExecEnvironment.xml (RunModel)" time="0.058" />
  <testcase classname="ptolemy.util.test.junit.AutoTests" name="[146] /home/travis/build/icyphy/ptII/ptolemy/actor/lib/test/auto/ExecNonZeroReturnOutput.xml (RunModel)" time="0.208" />
  <testcase classname="ptolemy.util.test.junit.AutoTests" name="[147] /home/travis/build/icyphy/ptII/ptolemy/actor/lib/test/auto/ExecRunDemos.xml (RunModel)" time="11.33" />
  <testcase classname="ptolemy.util.test.junit.AutoTests" name="[148] /home/travis/build/icyphy/ptII/ptolemy/actor/lib/test/auto/ExecStop.xml (RunModel)" time="5.025" />
  <testcase classname="ptolemy.util.test.junit.AutoTests" name="[149] /home/travis/build/icyphy/ptII/ptolemy/actor/lib/test/auto/ExecutionTimeSDF.xml (RunModel)" time="6.053">
    <error type="java.lang.reflect.InvocationTargetException">java.lang.reflect.InvocationTargetException
	at jdk.internal.reflect.GeneratedConstructorAccessor36.newInstance(Unknown Source)
	at java.base/jdk.internal.reflect.DelegatingConstructorAccessorImpl.newInstance(DelegatingConstructorAccessorImpl.java:45)
	at java.base/java.lang.reflect.Constructor.newInstance(Constructor.java:490)
	at ptolemy.util.test.junit.AutoTests.RunModel(AutoTests.java:193)
	at jdk.internal.reflect.GeneratedMethodAccessor43.invoke(Unknown Source)
	at java.base/jdk.internal.reflect.DelegatingMethodAccessorImpl.invoke(DelegatingMethodAccessorImpl.java:43)
	at junitparams.internal.InvokeParameterisedMethod.evaluate(InvokeParameterisedMethod.java:102)
Caused by: ptolemy.kernel.util.IllegalActionException: Test fails in iteration 0.
Value was: 6001L. Should have been: 6000L
  in .ExecutionTimeSDF.NonStrictTest
	at ptolemy.actor.lib.NonStrictTest.postfire(NonStrictTest.java:328)
	at ptolemy.actor.AtomicActor.iterate(AtomicActor.java:518)
	at ptolemy.actor.sched.StaticSchedulingDirector.fire(StaticSchedulingDirector.java:216)
	at ptolemy.domains.sdf.kernel.SDFDirector.fire(SDFDirector.java:500)
	at ptolemy.actor.CompositeActor.fire(CompositeActor.java:455)
	at ptolemy.actor.Manager.iterate(Manager.java:851)
	at ptolemy.actor.Manager.execute(Manager.java:369)
	at ptolemy.actor.Manager.run(Manager.java:1263)
	at ptolemy.actor.Manager$PtolemyRunThread.run(Manager.java:1933)
</error>
  </testcase>
  <testcase classname="ptolemy.util.test.junit.AutoTests" name="[150] /home/travis/build/icyphy/ptII/ptolemy/actor/lib/test/auto/Expression1.xml (RunModel)" time="0.01" />
  <testcase classname="ptolemy.util.test.junit.AutoTests" name="[151] /home/travis/build/icyphy/ptII/ptolemy/actor/lib/test/auto/Expression10.xml (RunModel)" time="0.02" />
  <testcase classname="ptolemy.util.test.junit.AutoTests" name="[152] /home/travis/build/icyphy/ptII/ptolemy/actor/lib/test/auto/Expression11.xml (RunModel)" time="0.017" />
  <testcase classname="ptolemy.util.test.junit.AutoTests" name="[153] /home/travis/build/icyphy/ptII/ptolemy/actor/lib/test/auto/Expression12.xml (RunModel)" time="0.021" />
  <testcase classname="ptolemy.util.test.junit.AutoTests" name="[154] /home/travis/build/icyphy/ptII/ptolemy/actor/lib/test/auto/Expression13.xml (RunModel)" time="0.017" />
  <testcase classname="ptolemy.util.test.junit.AutoTests" name="[155] /home/travis/build/icyphy/ptII/ptolemy/actor/lib/test/auto/Expression14.xml (RunModel)" time="0.022" />
  <testcase classname="ptolemy.util.test.junit.AutoTests" name="[156] /home/travis/build/icyphy/ptII/ptolemy/actor/lib/test/auto/Expression15.xml (RunModel)" time="0.012" />
  <testcase classname="ptolemy.util.test.junit.AutoTests" name="[157] /home/travis/build/icyphy/ptII/ptolemy/actor/lib/test/auto/Expression16.xml (RunModel)" time="0.016" />
  <testcase classname="ptolemy.util.test.junit.AutoTests" name="[158] /home/travis/build/icyphy/ptII/ptolemy/actor/lib/test/auto/Expression17.xml (RunModel)" time="0.016" />
  <testcase classname="ptolemy.util.test.junit.AutoTests" name="[159] /home/travis/build/icyphy/ptII/ptolemy/actor/lib/test/auto/Expression18.xml (RunModel)" time="0.015" />
  <testcase classname="ptolemy.util.test.junit.AutoTests" name="[160] /home/travis/build/icyphy/ptII/ptolemy/actor/lib/test/auto/Expression2.xml (RunModel)" time="0.017" />
  <testcase classname="ptolemy.util.test.junit.AutoTests" name="[161] /home/travis/build/icyphy/ptII/ptolemy/actor/lib/test/auto/Expression3.xml (RunModel)" time="0.019" />
  <testcase classname="ptolemy.util.test.junit.AutoTests" name="[162] /home/travis/build/icyphy/ptII/ptolemy/actor/lib/test/auto/Expression4.xml (RunModel)" time="0.023" />
  <testcase classname="ptolemy.util.test.junit.AutoTests" name="[163] /home/travis/build/icyphy/ptII/ptolemy/actor/lib/test/auto/Expression5.xml (RunModel)" time="0.021" />
  <testcase classname="ptolemy.util.test.junit.AutoTests" name="[164] /home/travis/build/icyphy/ptII/ptolemy/actor/lib/test/auto/Expression6.xml (RunModel)" time="0.013" />
  <testcase classname="ptolemy.util.test.junit.AutoTests" name="[165] /home/travis/build/icyphy/ptII/ptolemy/actor/lib/test/auto/Expression7.xml (RunModel)" time="0.015" />
  <testcase classname="ptolemy.util.test.junit.AutoTests" name="[166] /home/travis/build/icyphy/ptII/ptolemy/actor/lib/test/auto/Expression8.xml (RunModel)" time="0.018" />
  <testcase classname="ptolemy.util.test.junit.AutoTests" name="[167] /home/travis/build/icyphy/ptII/ptolemy/actor/lib/test/auto/Expression9.xml (RunModel)" time="0.01" />
  <testcase classname="ptolemy.util.test.junit.AutoTests" name="[168] /home/travis/build/icyphy/ptII/ptolemy/actor/lib/test/auto/ExpressionConcatenateArrayType.xml (RunModel)" time="0.032" />
  <testcase classname="ptolemy.util.test.junit.AutoTests" name="[169] /home/travis/build/icyphy/ptII/ptolemy/actor/lib/test/auto/ExpressionConcatenateArrayType2.xml (RunModel)" time="0.027" />
  <testcase classname="ptolemy.util.test.junit.AutoTests" name="[170] /home/travis/build/icyphy/ptII/ptolemy/actor/lib/test/auto/ExpressionFix.xml (RunModel)" time="0.068" />
  <testcase classname="ptolemy.util.test.junit.AutoTests" name="[171] /home/travis/build/icyphy/ptII/ptolemy/actor/lib/test/auto/ExpressionFix2.xml (RunModel)" time="0.015" />
  <testcase classname="ptolemy.util.test.junit.AutoTests" name="[172] /home/travis/build/icyphy/ptII/ptolemy/actor/lib/test/auto/ExpressionFix3.xml (RunModel)" time="0.017" />
  <testcase classname="ptolemy.util.test.junit.AutoTests" name="[173] /home/travis/build/icyphy/ptII/ptolemy/actor/lib/test/auto/FileWriter1.xml (RunModel)" time="0.01" />
  <testcase classname="ptolemy.util.test.junit.AutoTests" name="[174] /home/travis/build/icyphy/ptII/ptolemy/actor/lib/test/auto/FileWriter2.xml (RunModel)" time="0.016" />
  <testcase classname="ptolemy.util.test.junit.AutoTests" name="[175] /home/travis/build/icyphy/ptII/ptolemy/actor/lib/test/auto/FileWriter3.xml (RunModel)" time="0.014" />
  <testcase classname="ptolemy.util.test.junit.AutoTests" name="[176] /home/travis/build/icyphy/ptII/ptolemy/actor/lib/test/auto/Gaussian.xml (RunModel)" time="0.013" />
  <testcase classname="ptolemy.util.test.junit.AutoTests" name="[177] /home/travis/build/icyphy/ptII/ptolemy/actor/lib/test/auto/Gaussian1.xml (RunModel)" time="0.014" />
  <testcase classname="ptolemy.util.test.junit.AutoTests" name="[178] /home/travis/build/icyphy/ptII/ptolemy/actor/lib/test/auto/Gaussian2.xml (RunModel)" time="0.028" />
  <testcase classname="ptolemy.util.test.junit.AutoTests" name="[179] /home/travis/build/icyphy/ptII/ptolemy/actor/lib/test/auto/GradientAdaptiveLattice.xml (RunModel)" time="0.023" />
  <testcase classname="ptolemy.util.test.junit.AutoTests" name="[180] /home/travis/build/icyphy/ptII/ptolemy/actor/lib/test/auto/IIR.xml (RunModel)" time="0.011" />
  <testcase classname="ptolemy.util.test.junit.AutoTests" name="[181] /home/travis/build/icyphy/ptII/ptolemy/actor/lib/test/auto/InputOutputTransparentPorts.xml (RunModel)" time="0.02" />
  <testcase classname="ptolemy.util.test.junit.AutoTests" name="[182] /home/travis/build/icyphy/ptII/ptolemy/actor/lib/test/auto/Interpolator.xml (RunModel)" time="0.014" />
  <testcase classname="ptolemy.util.test.junit.AutoTests" name="[183] /home/travis/build/icyphy/ptII/ptolemy/actor/lib/test/auto/InterpolatorFiringLimitDE.xml (RunModel)" time="0.014" />
  <testcase classname="ptolemy.util.test.junit.AutoTests" name="[184] /home/travis/build/icyphy/ptII/ptolemy/actor/lib/test/auto/Lattice.xml (RunModel)" time="0.009" />
  <testcase classname="ptolemy.util.test.junit.AutoTests" name="[185] /home/travis/build/icyphy/ptII/ptolemy/actor/lib/test/auto/LazyAOCTestLazy.xml (RunModel)" time="0.044" />
  <testcase classname="ptolemy.util.test.junit.AutoTests" name="[186] /home/travis/build/icyphy/ptII/ptolemy/actor/lib/test/auto/LazyAOCTestNonLazy.xml (RunModel)" time="0.04" />
  <testcase classname="ptolemy.util.test.junit.AutoTests" name="[187] /home/travis/build/icyphy/ptII/ptolemy/actor/lib/test/auto/LazyInnerClass.xml (RunModel)" time="0.058" />
  <testcase classname="ptolemy.util.test.junit.AutoTests" name="[188] /home/travis/build/icyphy/ptII/ptolemy/actor/lib/test/auto/LazyPubSub.xml (RunModel)" time="0.06" />
  <testcase classname="ptolemy.util.test.junit.AutoTests" name="[189] /home/travis/build/icyphy/ptII/ptolemy/actor/lib/test/auto/LazyPubSub2.xml (RunModel)" time="0.044" />
  <testcase classname="ptolemy.util.test.junit.AutoTests" name="[190] /home/travis/build/icyphy/ptII/ptolemy/actor/lib/test/auto/LazyPubSub3.xml (RunModel)" time="0.029" />
  <testcase classname="ptolemy.util.test.junit.AutoTests" name="[191] /home/travis/build/icyphy/ptII/ptolemy/actor/lib/test/auto/LazySubClassModel.xml (RunModel)" time="0.024" />
  <testcase classname="ptolemy.util.test.junit.AutoTests" name="[192] /home/travis/build/icyphy/ptII/ptolemy/actor/lib/test/auto/LevelCrossTest1.xml (RunModel)" time="0.013" />
  <testcase classname="ptolemy.util.test.junit.AutoTests" name="[193] /home/travis/build/icyphy/ptII/ptolemy/actor/lib/test/auto/LevelCrossTest10.xml (RunModel)" time="0.018" />
  <testcase classname="ptolemy.util.test.junit.AutoTests" name="[194] /home/travis/build/icyphy/ptII/ptolemy/actor/lib/test/auto/LevelCrossTest11.xml (RunModel)" time="0.02" />
  <testcase classname="ptolemy.util.test.junit.AutoTests" name="[195] /home/travis/build/icyphy/ptII/ptolemy/actor/lib/test/auto/LevelCrossTest12.xml (RunModel)" time="0.02" />
  <testcase classname="ptolemy.util.test.junit.AutoTests" name="[196] /home/travis/build/icyphy/ptII/ptolemy/actor/lib/test/auto/LevelCrossTest13.xml (RunModel)" time="0.016" />
  <testcase classname="ptolemy.util.test.junit.AutoTests" name="[197] /home/travis/build/icyphy/ptII/ptolemy/actor/lib/test/auto/LevelCrossTest2.xml (RunModel)" time="0.012" />
  <testcase classname="ptolemy.util.test.junit.AutoTests" name="[198] /home/travis/build/icyphy/ptII/ptolemy/actor/lib/test/auto/LevelCrossTest3.xml (RunModel)" time="0.014" />
  <testcase classname="ptolemy.util.test.junit.AutoTests" name="[199] /home/travis/build/icyphy/ptII/ptolemy/actor/lib/test/auto/LevelCrossTest4.xml (RunModel)" time="0.013" />
  <testcase classname="ptolemy.util.test.junit.AutoTests" name="[200] /home/travis/build/icyphy/ptII/ptolemy/actor/lib/test/auto/LevelCrossTest5.xml (RunModel)" time="0.018" />
  <testcase classname="ptolemy.util.test.junit.AutoTests" name="[201] /home/travis/build/icyphy/ptII/ptolemy/actor/lib/test/auto/LevelCrossTest6.xml (RunModel)" time="0.016" />
  <testcase classname="ptolemy.util.test.junit.AutoTests" name="[202] /home/travis/build/icyphy/ptII/ptolemy/actor/lib/test/auto/LevelCrossTest7.xml (RunModel)" time="0.025" />
  <testcase classname="ptolemy.util.test.junit.AutoTests" name="[203] /home/travis/build/icyphy/ptII/ptolemy/actor/lib/test/auto/LevelCrossTest8.xml (RunModel)" time="0.017" />
  <testcase classname="ptolemy.util.test.junit.AutoTests" name="[204] /home/travis/build/icyphy/ptII/ptolemy/actor/lib/test/auto/LevelCrossTest9.xml (RunModel)" time="0.017" />
  <testcase classname="ptolemy.util.test.junit.AutoTests" name="[205] /home/travis/build/icyphy/ptII/ptolemy/actor/lib/test/auto/LevinsonDurbin.xml (RunModel)" time="0.019" />
  <testcase classname="ptolemy.util.test.junit.AutoTests" name="[206] /home/travis/build/icyphy/ptII/ptolemy/actor/lib/test/auto/LevinsonDurbin2.xml (RunModel)" time="0.01" />
  <testcase classname="ptolemy.util.test.junit.AutoTests" name="[207] /home/travis/build/icyphy/ptII/ptolemy/actor/lib/test/auto/LevinsonDurbin3.xml (RunModel)" time="0.023" />
  <testcase classname="ptolemy.util.test.junit.AutoTests" name="[208] /home/travis/build/icyphy/ptII/ptolemy/actor/lib/test/auto/Limiter.xml (RunModel)" time="0.095" />
  <testcase classname="ptolemy.util.test.junit.AutoTests" name="[209] /home/travis/build/icyphy/ptII/ptolemy/actor/lib/test/auto/LinearDifferenceEquationSystem.xml (RunModel)" time="0.041" />
  <testcase classname="ptolemy.util.test.junit.AutoTests" name="[210] /home/travis/build/icyphy/ptII/ptolemy/actor/lib/test/auto/LookupTable.xml (RunModel)" time="0.013" />
  <testcase classname="ptolemy.util.test.junit.AutoTests" name="[211] /home/travis/build/icyphy/ptII/ptolemy/actor/lib/test/auto/MathFunction.xml (RunModel)" time="0.023" />
  <testcase classname="ptolemy.util.test.junit.AutoTests" name="[212] /home/travis/build/icyphy/ptII/ptolemy/actor/lib/test/auto/MathFunction2.xml (RunModel)" time="0.016" />
  <testcase classname="ptolemy.util.test.junit.AutoTests" name="[213] /home/travis/build/icyphy/ptII/ptolemy/actor/lib/test/auto/MathFunction3.xml (RunModel)" time="0.025" />
  <testcase classname="ptolemy.util.test.junit.AutoTests" name="[214] /home/travis/build/icyphy/ptII/ptolemy/actor/lib/test/auto/MatrixCropBoolean.xml (RunModel)" time="0.014" />
  <testcase classname="ptolemy.util.test.junit.AutoTests" name="[215] /home/travis/build/icyphy/ptII/ptolemy/actor/lib/test/auto/MatrixCropComplex.xml (RunModel)" time="0.01" />
  <testcase classname="ptolemy.util.test.junit.AutoTests" name="[216] /home/travis/build/icyphy/ptII/ptolemy/actor/lib/test/auto/MatrixCropDouble.xml (RunModel)" time="0.012" />
  <testcase classname="ptolemy.util.test.junit.AutoTests" name="[217] /home/travis/build/icyphy/ptII/ptolemy/actor/lib/test/auto/MatrixCropFix.xml (RunModel)" time="0.016" />
  <testcase classname="ptolemy.util.test.junit.AutoTests" name="[218] /home/travis/build/icyphy/ptII/ptolemy/actor/lib/test/auto/MatrixCropInt.xml (RunModel)" time="0.012" />
  <testcase classname="ptolemy.util.test.junit.AutoTests" name="[219] /home/travis/build/icyphy/ptII/ptolemy/actor/lib/test/auto/MatrixCropLong.xml (RunModel)" time="0.01" />
  <testcase classname="ptolemy.util.test.junit.AutoTests" name="[220] /home/travis/build/icyphy/ptII/ptolemy/actor/lib/test/auto/MatrixToArray.xml (RunModel)" time="0.055" />
  <testcase classname="ptolemy.util.test.junit.AutoTests" name="[221] /home/travis/build/icyphy/ptII/ptolemy/actor/lib/test/auto/MaxIndex.xml (RunModel)" time="0.019" />
  <testcase classname="ptolemy.util.test.junit.AutoTests" name="[222] /home/travis/build/icyphy/ptII/ptolemy/actor/lib/test/auto/Maximum.xml (RunModel)" time="0.016" />
  <testcase classname="ptolemy.util.test.junit.AutoTests" name="[223] /home/travis/build/icyphy/ptII/ptolemy/actor/lib/test/auto/MaximumComplex.xml (RunModel)" time="0.016" />
  <testcase classname="ptolemy.util.test.junit.AutoTests" name="[224] /home/travis/build/icyphy/ptII/ptolemy/actor/lib/test/auto/MethodCallTest.xml (RunModel)" time="0.023" />
  <testcase classname="ptolemy.util.test.junit.AutoTests" name="[225] /home/travis/build/icyphy/ptII/ptolemy/actor/lib/test/auto/Minimum.xml (RunModel)" time="0.017" />
  <testcase classname="ptolemy.util.test.junit.AutoTests" name="[226] /home/travis/build/icyphy/ptII/ptolemy/actor/lib/test/auto/MinimumComplex.xml (RunModel)" time="0.028" />
  <testcase classname="ptolemy.util.test.junit.AutoTests" name="[227] /home/travis/build/icyphy/ptII/ptolemy/actor/lib/test/auto/MinimumMultiports.xml (RunModel)" time="0.02" />
  <testcase classname="ptolemy.util.test.junit.AutoTests" name="[228] /home/travis/build/icyphy/ptII/ptolemy/actor/lib/test/auto/ModifyDate.xml (RunModel)" time="0.048" />
  <testcase classname="ptolemy.util.test.junit.AutoTests" name="[229] /home/travis/build/icyphy/ptII/ptolemy/actor/lib/test/auto/ModifyDate2.xml (RunModel)" time="0.031" />
  <testcase classname="ptolemy.util.test.junit.AutoTests" name="[230] /home/travis/build/icyphy/ptII/ptolemy/actor/lib/test/auto/MovingAverage.xml (RunModel)" time="0.012" />
  <testcase classname="ptolemy.util.test.junit.AutoTests" name="[231] /home/travis/build/icyphy/ptII/ptolemy/actor/lib/test/auto/MovingMaximum.xml (RunModel)" time="0.011" />
  <testcase classname="ptolemy.util.test.junit.AutoTests" name="[232] /home/travis/build/icyphy/ptII/ptolemy/actor/lib/test/auto/MultipleLinksToSameRelation.xml (RunModel)" time="0.009" />
  <testcase classname="ptolemy.util.test.junit.AutoTests" name="[233] /home/travis/build/icyphy/ptII/ptolemy/actor/lib/test/auto/MultipleLinksToSameRelationDE.xml (RunModel)" time="0.009" />
  <testcase classname="ptolemy.util.test.junit.AutoTests" name="[234] /home/travis/build/icyphy/ptII/ptolemy/actor/lib/test/auto/Multiplexor.xml (RunModel)" time="0.013" />
  <testcase classname="ptolemy.util.test.junit.AutoTests" name="[235] /home/travis/build/icyphy/ptII/ptolemy/actor/lib/test/auto/Multiplexor1.xml (RunModel)" time="0.012" />
  <testcase classname="ptolemy.util.test.junit.AutoTests" name="[236] /home/travis/build/icyphy/ptII/ptolemy/actor/lib/test/auto/Multiplexor2.xml (RunModel)" time="0.014" />
  <testcase classname="ptolemy.util.test.junit.AutoTests" name="[237] /home/travis/build/icyphy/ptII/ptolemy/actor/lib/test/auto/Multiplexor3.xml (RunModel)" time="0.01" />
  <testcase classname="ptolemy.util.test.junit.AutoTests" name="[238] /home/travis/build/icyphy/ptII/ptolemy/actor/lib/test/auto/MultiplexorDE.xml (RunModel)" time="0.02" />
  <testcase classname="ptolemy.util.test.junit.AutoTests" name="[239] /home/travis/build/icyphy/ptII/ptolemy/actor/lib/test/auto/MultiportBroadcastTest.xml (RunModel)" time="0.11" />
  <testcase classname="ptolemy.util.test.junit.AutoTests" name="[240] /home/travis/build/icyphy/ptII/ptolemy/actor/lib/test/auto/MultiportOutHangDuringGetWidth.xml (RunModel)" time="0.03" />
  <testcase classname="ptolemy.util.test.junit.AutoTests" name="[241] /home/travis/build/icyphy/ptII/ptolemy/actor/lib/test/auto/NilToken.xml (RunModel)" time="0.009" />
  <testcase classname="ptolemy.util.test.junit.AutoTests" name="[242] /home/travis/build/icyphy/ptII/ptolemy/actor/lib/test/auto/NilTokenNonStrictTest.xml (RunModel)" time="0.011" />
  <testcase classname="ptolemy.util.test.junit.AutoTests" name="[243] /home/travis/build/icyphy/ptII/ptolemy/actor/lib/test/auto/NilTokenRecord.xml (RunModel)" time="0.021" />
  <testcase classname="ptolemy.util.test.junit.AutoTests" name="[244] /home/travis/build/icyphy/ptII/ptolemy/actor/lib/test/auto/NilTokenTypeTest.xml (RunModel)" time="0.026" />
  <testcase classname="ptolemy.util.test.junit.AutoTests" name="[245] /home/travis/build/icyphy/ptII/ptolemy/actor/lib/test/auto/ObjectToken1.xml (RunModel)" time="0.009" />
  <testcase classname="ptolemy.util.test.junit.AutoTests" name="[246] /home/travis/build/icyphy/ptII/ptolemy/actor/lib/test/auto/OrderedMerge.xml (RunModel)" time="0.015" />
  <testcase classname="ptolemy.util.test.junit.AutoTests" name="[247] /home/travis/build/icyphy/ptII/ptolemy/actor/lib/test/auto/OrderedRecordDisassembler.xml (RunModel)" time="0.017" />
  <testcase classname="ptolemy.util.test.junit.AutoTests" name="[248] /home/travis/build/icyphy/ptII/ptolemy/actor/lib/test/auto/OrderedRecordDisassembler2.xml (RunModel)" time="0.023" />
  <testcase classname="ptolemy.util.test.junit.AutoTests" name="[249] /home/travis/build/icyphy/ptII/ptolemy/actor/lib/test/auto/OrderedRecordUpdater.xml (RunModel)" time="0.011" />
  <testcase classname="ptolemy.util.test.junit.AutoTests" name="[250] /home/travis/build/icyphy/ptII/ptolemy/actor/lib/test/auto/OrderedRecordUpdater2.xml (RunModel)" time="0.02" />
  <testcase classname="ptolemy.util.test.junit.AutoTests" name="[251] /home/travis/build/icyphy/ptII/ptolemy/actor/lib/test/auto/PhaseUnwrap.xml (RunModel)" time="0.014" />
  <testcase classname="ptolemy.util.test.junit.AutoTests" name="[252] /home/travis/build/icyphy/ptII/ptolemy/actor/lib/test/auto/PoissonClock.xml (RunModel)" time="0.012" />
  <testcase classname="ptolemy.util.test.junit.AutoTests" name="[253] /home/travis/build/icyphy/ptII/ptolemy/actor/lib/test/auto/PoissonClock2.xml (RunModel)" time="0.007" />
  <testcase classname="ptolemy.util.test.junit.AutoTests" name="[254] /home/travis/build/icyphy/ptII/ptolemy/actor/lib/test/auto/PoissonClock3.xml (RunModel)" time="0.027" />
  <testcase classname="ptolemy.util.test.junit.AutoTests" name="[255] /home/travis/build/icyphy/ptII/ptolemy/actor/lib/test/auto/PubSubWithInitialTokens.xml (RunModel)" time="0.015" />
  <testcase classname="ptolemy.util.test.junit.AutoTests" name="[256] /home/travis/build/icyphy/ptII/ptolemy/actor/lib/test/auto/PubSubWithInitialTokens2.xml (RunModel)" time="0.015" />
  <testcase classname="ptolemy.util.test.junit.AutoTests" name="[257] /home/travis/build/icyphy/ptII/ptolemy/actor/lib/test/auto/PublisherClassNoParameter.xml (RunModel)" time="0.027" />
  <testcase classname="ptolemy.util.test.junit.AutoTests" name="[258] /home/travis/build/icyphy/ptII/ptolemy/actor/lib/test/auto/PublisherClassParameter.xml (RunModel)" time="0.023" />
  <testcase classname="ptolemy.util.test.junit.AutoTests" name="[259] /home/travis/build/icyphy/ptII/ptolemy/actor/lib/test/auto/PublisherNonStrictTest.xml (RunModel)" time="0.015" />
  <testcase classname="ptolemy.util.test.junit.AutoTests" name="[260] /home/travis/build/icyphy/ptII/ptolemy/actor/lib/test/auto/PublisherPort1.xml (RunModel)" time="0.021" />
  <testcase classname="ptolemy.util.test.junit.AutoTests" name="[261] /home/travis/build/icyphy/ptII/ptolemy/actor/lib/test/auto/PublisherPort2.xml (RunModel)" time="0.011" />
  <testcase classname="ptolemy.util.test.junit.AutoTests" name="[262] /home/travis/build/icyphy/ptII/ptolemy/actor/lib/test/auto/PublisherPort3.xml (RunModel)" time="0.012" />
  <testcase classname="ptolemy.util.test.junit.AutoTests" name="[263] /home/travis/build/icyphy/ptII/ptolemy/actor/lib/test/auto/PublisherPort4.xml (RunModel)" time="0.014" />
  <testcase classname="ptolemy.util.test.junit.AutoTests" name="[264] /home/travis/build/icyphy/ptII/ptolemy/actor/lib/test/auto/PublisherPort5.xml (RunModel)" time="0.016" />
  <testcase classname="ptolemy.util.test.junit.AutoTests" name="[265] /home/travis/build/icyphy/ptII/ptolemy/actor/lib/test/auto/PublisherPort5LookAlike.xml (RunModel)" time="0.02" />
  <testcase classname="ptolemy.util.test.junit.AutoTests" name="[266] /home/travis/build/icyphy/ptII/ptolemy/actor/lib/test/auto/PublisherPort6.xml (RunModel)" time="0.052" />
  <testcase classname="ptolemy.util.test.junit.AutoTests" name="[267] /home/travis/build/icyphy/ptII/ptolemy/actor/lib/test/auto/PublisherPort7.xml (RunModel)" time="0.024" />
  <testcase classname="ptolemy.util.test.junit.AutoTests" name="[268] /home/travis/build/icyphy/ptII/ptolemy/actor/lib/test/auto/PublisherPort8.xml (RunModel)" time="0.019" />
  <testcase classname="ptolemy.util.test.junit.AutoTests" name="[269] /home/travis/build/icyphy/ptII/ptolemy/actor/lib/test/auto/PublisherPortSubscriberChannelVariablesAOC2.xml (RunModel)" time="0.036" />
  <testcase classname="ptolemy.util.test.junit.AutoTests" name="[270] /home/travis/build/icyphy/ptII/ptolemy/actor/lib/test/auto/PublisherPortSubscriberOpaqueWidthInference.xml (RunModel)" time="0.015" />
  <testcase classname="ptolemy.util.test.junit.AutoTests" name="[271] /home/travis/build/icyphy/ptII/ptolemy/actor/lib/test/auto/PublisherPortSubscriberPortAdjacent.xml (RunModel)" time="0.02" />
  <testcase classname="ptolemy.util.test.junit.AutoTests" name="[272] /home/travis/build/icyphy/ptII/ptolemy/actor/lib/test/auto/PublisherPortSubscriberPortExpression.xml (RunModel)" time="0.027" />
  <testcase classname="ptolemy.util.test.junit.AutoTests" name="[273] /home/travis/build/icyphy/ptII/ptolemy/actor/lib/test/auto/PublisherPortSubscriberPortOpaqueD3Reverse.xml (RunModel)" time="0.041" />
  <testcase classname="ptolemy.util.test.junit.AutoTests" name="[274] /home/travis/build/icyphy/ptII/ptolemy/actor/lib/test/auto/PublisherPortSubscriberPortOpaqueWidthInference.xml (RunModel)" time="0.019" />
  <testcase classname="ptolemy.util.test.junit.AutoTests" name="[275] /home/travis/build/icyphy/ptII/ptolemy/actor/lib/test/auto/PublisherPortToplevelSubscriberPortAOC.xml (RunModel)" time="0.011" />
  <testcase classname="ptolemy.util.test.junit.AutoTests" name="[276] /home/travis/build/icyphy/ptII/ptolemy/actor/lib/test/auto/PublisherSubscriber.xml (RunModel)" time="0.015" />
  <testcase classname="ptolemy.util.test.junit.AutoTests" name="[277] /home/travis/build/icyphy/ptII/ptolemy/actor/lib/test/auto/PublisherSubscriber10.xml (RunModel)" time="0.022" />
  <testcase classname="ptolemy.util.test.junit.AutoTests" name="[278] /home/travis/build/icyphy/ptII/ptolemy/actor/lib/test/auto/PublisherSubscriber10InitialOutputs.xml (RunModel)" time="0.034" />
  <testcase classname="ptolemy.util.test.junit.AutoTests" name="[279] /home/travis/build/icyphy/ptII/ptolemy/actor/lib/test/auto/PublisherSubscriber11.xml (RunModel)" time="0.016" />
  <testcase classname="ptolemy.util.test.junit.AutoTests" name="[280] /home/travis/build/icyphy/ptII/ptolemy/actor/lib/test/auto/PublisherSubscriber12.xml (RunModel)" time="0.031" />
  <testcase classname="ptolemy.util.test.junit.AutoTests" name="[281] /home/travis/build/icyphy/ptII/ptolemy/actor/lib/test/auto/PublisherSubscriber13.xml (RunModel)" time="0.011" />
  <testcase classname="ptolemy.util.test.junit.AutoTests" name="[282] /home/travis/build/icyphy/ptII/ptolemy/actor/lib/test/auto/PublisherSubscriber14.xml (RunModel)" time="0.022" />
  <testcase classname="ptolemy.util.test.junit.AutoTests" name="[283] /home/travis/build/icyphy/ptII/ptolemy/actor/lib/test/auto/PublisherSubscriber2.xml (RunModel)" time="0.012" />
  <testcase classname="ptolemy.util.test.junit.AutoTests" name="[284] /home/travis/build/icyphy/ptII/ptolemy/actor/lib/test/auto/PublisherSubscriber3.xml (RunModel)" time="0.014" />
  <testcase classname="ptolemy.util.test.junit.AutoTests" name="[285] /home/travis/build/icyphy/ptII/ptolemy/actor/lib/test/auto/PublisherSubscriber4.xml (RunModel)" time="0.01" />
  <testcase classname="ptolemy.util.test.junit.AutoTests" name="[286] /home/travis/build/icyphy/ptII/ptolemy/actor/lib/test/auto/PublisherSubscriber5.xml (RunModel)" time="0.013" />
  <testcase classname="ptolemy.util.test.junit.AutoTests" name="[287] /home/travis/build/icyphy/ptII/ptolemy/actor/lib/test/auto/PublisherSubscriber6.xml (RunModel)" time="0.017" />
  <testcase classname="ptolemy.util.test.junit.AutoTests" name="[288] /home/travis/build/icyphy/ptII/ptolemy/actor/lib/test/auto/PublisherSubscriber7.xml (RunModel)" time="0.019" />
  <testcase classname="ptolemy.util.test.junit.AutoTests" name="[289] /home/travis/build/icyphy/ptII/ptolemy/actor/lib/test/auto/PublisherSubscriber8.xml (RunModel)" time="0.036" />
  <testcase classname="ptolemy.util.test.junit.AutoTests" name="[290] /home/travis/build/icyphy/ptII/ptolemy/actor/lib/test/auto/PublisherSubscriber9.xml (RunModel)" time="0.015" />
  <testcase classname="ptolemy.util.test.junit.AutoTests" name="[291] /home/travis/build/icyphy/ptII/ptolemy/actor/lib/test/auto/PublisherSubscriberAdjacent.xml (RunModel)" time="0.018" />
  <testcase classname="ptolemy.util.test.junit.AutoTests" name="[292] /home/travis/build/icyphy/ptII/ptolemy/actor/lib/test/auto/PublisherSubscriberChannelVariablesAOC2.xml (RunModel)" time="0.031" />
  <testcase classname="ptolemy.util.test.junit.AutoTests" name="[293] /home/travis/build/icyphy/ptII/ptolemy/actor/lib/test/auto/PublisherSubscriberD3.xml (RunModel)" time="0.014" />
  <testcase classname="ptolemy.util.test.junit.AutoTests" name="[294] /home/travis/build/icyphy/ptII/ptolemy/actor/lib/test/auto/PublisherSubscriberD3Reverse.xml (RunModel)" time="0.012" />
  <testcase classname="ptolemy.util.test.junit.AutoTests" name="[295] /home/travis/build/icyphy/ptII/ptolemy/actor/lib/test/auto/PublisherSubscriberExpression.xml (RunModel)" time="0.017" />
  <testcase classname="ptolemy.util.test.junit.AutoTests" name="[296] /home/travis/build/icyphy/ptII/ptolemy/actor/lib/test/auto/PublisherSubscriberOpaque.xml (RunModel)" time="0.017" />
  <testcase classname="ptolemy.util.test.junit.AutoTests" name="[297] /home/travis/build/icyphy/ptII/ptolemy/actor/lib/test/auto/PublisherSubscriberOpaqueD3.xml (RunModel)" time="0.023" />
  <testcase classname="ptolemy.util.test.junit.AutoTests" name="[298] /home/travis/build/icyphy/ptII/ptolemy/actor/lib/test/auto/PublisherSubscriberOpaqueD3Reverse.xml (RunModel)" time="0.025" />
  <testcase classname="ptolemy.util.test.junit.AutoTests" name="[299] /home/travis/build/icyphy/ptII/ptolemy/actor/lib/test/auto/PublisherSubscriberOpaqueWidthInference.xml (RunModel)" time="0.017" />
  <testcase classname="ptolemy.util.test.junit.AutoTests" name="[300] /home/travis/build/icyphy/ptII/ptolemy/actor/lib/test/auto/PublisherTestSubscriber.xml (RunModel)" time="0.018" />
  <testcase classname="ptolemy.util.test.junit.AutoTests" name="[301] /home/travis/build/icyphy/ptII/ptolemy/actor/lib/test/auto/PublisherToplevelSubscriberPortAOC.xml (RunModel)" time="0.011" />
  <testcase classname="ptolemy.util.test.junit.AutoTests" name="[302] /home/travis/build/icyphy/ptII/ptolemy/actor/lib/test/auto/PulseFiringLimitDE.xml (RunModel)" time="0.019" />
  <testcase classname="ptolemy.util.test.junit.AutoTests" name="[303] /home/travis/build/icyphy/ptII/ptolemy/actor/lib/test/auto/Ramp1.xml (RunModel)" time="0.008" />
  <testcase classname="ptolemy.util.test.junit.AutoTests" name="[304] /home/travis/build/icyphy/ptII/ptolemy/actor/lib/test/auto/RampFiringLimitDE.xml (RunModel)" time="0.011" />
  <testcase classname="ptolemy.util.test.junit.AutoTests" name="[305] /home/travis/build/icyphy/ptII/ptolemy/actor/lib/test/auto/RampFiringLimitSDF.xml (RunModel)" time="0.011" />
  <testcase classname="ptolemy.util.test.junit.AutoTests" name="[306] /home/travis/build/icyphy/ptII/ptolemy/actor/lib/test/auto/RandomInteger.xml (RunModel)" time="0.011" />
  <testcase classname="ptolemy.util.test.junit.AutoTests" name="[307] /home/travis/build/icyphy/ptII/ptolemy/actor/lib/test/auto/ReadFile1.xml (RunModel)" time="0.008" />
  <testcase classname="ptolemy.util.test.junit.AutoTests" name="[308] /home/travis/build/icyphy/ptII/ptolemy/actor/lib/test/auto/ReadFile2.xml (RunModel)" time="0.012" />
  <testcase classname="ptolemy.util.test.junit.AutoTests" name="[309] /home/travis/build/icyphy/ptII/ptolemy/actor/lib/test/auto/Reader.xml (RunModel)" time="0.013" />
  <testcase classname="ptolemy.util.test.junit.AutoTests" name="[310] /home/travis/build/icyphy/ptII/ptolemy/actor/lib/test/auto/RecordAssemblerDisplayNameTest.xml (RunModel)" time="3.758" />
  <testcase classname="ptolemy.util.test.junit.AutoTests" name="[311] /home/travis/build/icyphy/ptII/ptolemy/actor/lib/test/auto/RecordAssemblerTypeError.xml (RunModel)" time="0.045" />
  <testcase classname="ptolemy.util.test.junit.AutoTests" name="[312] /home/travis/build/icyphy/ptII/ptolemy/actor/lib/test/auto/RecordDisassember.xml (RunModel)" time="0.011" />
  <testcase classname="ptolemy.util.test.junit.AutoTests" name="[313] /home/travis/build/icyphy/ptII/ptolemy/actor/lib/test/auto/RecordDisassemberDisplayNameTest.xml (RunModel)" time="0.021" />
  <testcase classname="ptolemy.util.test.junit.AutoTests" name="[314] /home/travis/build/icyphy/ptII/ptolemy/actor/lib/test/auto/RecordDisassembler.xml (RunModel)" time="0.015" />
  <testcase classname="ptolemy.util.test.junit.AutoTests" name="[315] /home/travis/build/icyphy/ptII/ptolemy/actor/lib/test/auto/RecordDisassembler2.xml (RunModel)" time="0.012" />
  <testcase classname="ptolemy.util.test.junit.AutoTests" name="[316] /home/travis/build/icyphy/ptII/ptolemy/actor/lib/test/auto/RecordUpdater.xml (RunModel)" time="0.011" />
  <testcase classname="ptolemy.util.test.junit.AutoTests" name="[317] /home/travis/build/icyphy/ptII/ptolemy/actor/lib/test/auto/RecordUpdater2.xml (RunModel)" time="0.01" />
  <testcase classname="ptolemy.util.test.junit.AutoTests" name="[318] /home/travis/build/icyphy/ptII/ptolemy/actor/lib/test/auto/RecursiveLattice.xml (RunModel)" time="0.009" />
  <testcase classname="ptolemy.util.test.junit.AutoTests" name="[319] /home/travis/build/icyphy/ptII/ptolemy/actor/lib/test/auto/Router.xml (RunModel)" time="3.029" />
  <testcase classname="ptolemy.util.test.junit.AutoTests" name="[320] /home/travis/build/icyphy/ptII/ptolemy/actor/lib/test/auto/Router2.xml (RunModel)" time="3.029" />
  <testcase classname="ptolemy.util.test.junit.AutoTests" name="[321] /home/travis/build/icyphy/ptII/ptolemy/actor/lib/test/auto/RunningMaximum.xml (RunModel)" time="0.019" />
  <testcase classname="ptolemy.util.test.junit.AutoTests" name="[322] /home/travis/build/icyphy/ptII/ptolemy/actor/lib/test/auto/RunningMinimum.xml (RunModel)" time="0.02" />
  <testcase classname="ptolemy.util.test.junit.AutoTests" name="[323] /home/travis/build/icyphy/ptII/ptolemy/actor/lib/test/auto/Scale.xml (RunModel)" time="0.008" />
  <testcase classname="ptolemy.util.test.junit.AutoTests" name="[324] /home/travis/build/icyphy/ptII/ptolemy/actor/lib/test/auto/Scale2.xml (RunModel)" time="0.011" />
  <testcase classname="ptolemy.util.test.junit.AutoTests" name="[325] /home/travis/build/icyphy/ptII/ptolemy/actor/lib/test/auto/Scale3.xml (RunModel)" time="0.014" />
  <testcase classname="ptolemy.util.test.junit.AutoTests" name="[326] /home/travis/build/icyphy/ptII/ptolemy/actor/lib/test/auto/ScaleArray.xml (RunModel)" time="0.009" />
  <testcase classname="ptolemy.util.test.junit.AutoTests" name="[327] /home/travis/build/icyphy/ptII/ptolemy/actor/lib/test/auto/ScaleArray2.xml (RunModel)" time="0.009" />
  <testcase classname="ptolemy.util.test.junit.AutoTests" name="[328] /home/travis/build/icyphy/ptII/ptolemy/actor/lib/test/auto/ScaleMatrix.xml (RunModel)" time="0.175" />
  <testcase classname="ptolemy.util.test.junit.AutoTests" name="[329] /home/travis/build/icyphy/ptII/ptolemy/actor/lib/test/auto/Select.xml (RunModel)" time="0.02" />
  <testcase classname="ptolemy.util.test.junit.AutoTests" name="[330] /home/travis/build/icyphy/ptII/ptolemy/actor/lib/test/auto/Select2.xml (RunModel)" time="0.009" />
  <testcase classname="ptolemy.util.test.junit.AutoTests" name="[331] /home/travis/build/icyphy/ptII/ptolemy/actor/lib/test/auto/SequenceToArray2.xml (RunModel)" time="0.147" />
  <testcase classname="ptolemy.util.test.junit.AutoTests" name="[332] /home/travis/build/icyphy/ptII/ptolemy/actor/lib/test/auto/SequentialClock.xml (RunModel)" time="0.01" />
  <testcase classname="ptolemy.util.test.junit.AutoTests" name="[333] /home/travis/build/icyphy/ptII/ptolemy/actor/lib/test/auto/SetVariable.xml (RunModel)" time="0.012" />
  <testcase classname="ptolemy.util.test.junit.AutoTests" name="[334] /home/travis/build/icyphy/ptII/ptolemy/actor/lib/test/auto/SetVariable2.xml (RunModel)" time="0.018" />
  <testcase classname="ptolemy.util.test.junit.AutoTests" name="[335] /home/travis/build/icyphy/ptII/ptolemy/actor/lib/test/auto/SetVariable3.xml (RunModel)" time="0.016" />
  <testcase classname="ptolemy.util.test.junit.AutoTests" name="[336] /home/travis/build/icyphy/ptII/ptolemy/actor/lib/test/auto/SetVariable4.xml (RunModel)" time="0.028" />
  <testcase classname="ptolemy.util.test.junit.AutoTests" name="[337] /home/travis/build/icyphy/ptII/ptolemy/actor/lib/test/auto/SetVariable5.xml (RunModel)" time="0.039" />
  <testcase classname="ptolemy.util.test.junit.AutoTests" name="[338] /home/travis/build/icyphy/ptII/ptolemy/actor/lib/test/auto/Sinewave.xml (RunModel)" time="0.032" />
  <testcase classname="ptolemy.util.test.junit.AutoTests" name="[339] /home/travis/build/icyphy/ptII/ptolemy/actor/lib/test/auto/Sinewave2.xml (RunModel)" time="0.02" />
  <testcase classname="ptolemy.util.test.junit.AutoTests" name="[340] /home/travis/build/icyphy/ptII/ptolemy/actor/lib/test/auto/Sinewave3.xml (RunModel)" time="0.024" />
  <testcase classname="ptolemy.util.test.junit.AutoTests" name="[341] /home/travis/build/icyphy/ptII/ptolemy/actor/lib/test/auto/SingleEvent.xml (RunModel)" time="0.008" />
  <testcase classname="ptolemy.util.test.junit.AutoTests" name="[342] /home/travis/build/icyphy/ptII/ptolemy/actor/lib/test/auto/Sleep.xml (RunModel)" time="6.017" />
  <testcase classname="ptolemy.util.test.junit.AutoTests" name="[343] /home/travis/build/icyphy/ptII/ptolemy/actor/lib/test/auto/SleepMultipleFire.xml (RunModel)" time="1.021" />
  <testcase classname="ptolemy.util.test.junit.AutoTests" name="[344] /home/travis/build/icyphy/ptII/ptolemy/actor/lib/test/auto/StopDE.xml (RunModel)" time="0.016" />
  <testcase classname="ptolemy.util.test.junit.AutoTests" name="[345] /home/travis/build/icyphy/ptII/ptolemy/actor/lib/test/auto/StopSDF.xml (RunModel)" time="0.013" />
  <testcase classname="ptolemy.util.test.junit.AutoTests" name="[346] /home/travis/build/icyphy/ptII/ptolemy/actor/lib/test/auto/StringConstant.xml (RunModel)" time="0.019" />
  <testcase classname="ptolemy.util.test.junit.AutoTests" name="[347] /home/travis/build/icyphy/ptII/ptolemy/actor/lib/test/auto/SubscriberPortInitialValues1.xml (RunModel)" time="0.035" />
  <testcase classname="ptolemy.util.test.junit.AutoTests" name="[348] /home/travis/build/icyphy/ptII/ptolemy/actor/lib/test/auto/SubscriberPortInitialValues13.xml (RunModel)" time="0.029" />
  <testcase classname="ptolemy.util.test.junit.AutoTests" name="[349] /home/travis/build/icyphy/ptII/ptolemy/actor/lib/test/auto/SubscriberPortInitialValues14.xml (RunModel)" time="0.019" />
  <testcase classname="ptolemy.util.test.junit.AutoTests" name="[350] /home/travis/build/icyphy/ptII/ptolemy/actor/lib/test/auto/SubscriberPortInitialValues2.xml (RunModel)" time="0.064" />
  <testcase classname="ptolemy.util.test.junit.AutoTests" name="[351] /home/travis/build/icyphy/ptII/ptolemy/actor/lib/test/auto/SubscriberPortInitialValues3.xml (RunModel)" time="0.025" />
  <testcase classname="ptolemy.util.test.junit.AutoTests" name="[352] /home/travis/build/icyphy/ptII/ptolemy/actor/lib/test/auto/SubscriptionAggregator.xml (RunModel)" time="0.014" />
  <testcase classname="ptolemy.util.test.junit.AutoTests" name="[353] /home/travis/build/icyphy/ptII/ptolemy/actor/lib/test/auto/SubscriptionAggregator2.xml (RunModel)" time="0.011" />
  <testcase classname="ptolemy.util.test.junit.AutoTests" name="[354] /home/travis/build/icyphy/ptII/ptolemy/actor/lib/test/auto/SubscriptionAggregator3.xml (RunModel)" time="0.015" />
  <testcase classname="ptolemy.util.test.junit.AutoTests" name="[355] /home/travis/build/icyphy/ptII/ptolemy/actor/lib/test/auto/SubscriptionAggregatorMultiply.xml (RunModel)" time="0.028" />
  <testcase classname="ptolemy.util.test.junit.AutoTests" name="[356] /home/travis/build/icyphy/ptII/ptolemy/actor/lib/test/auto/SubscriptionAggregatorPortMultiply1.xml (RunModel)" time="0.017" />
  <testcase classname="ptolemy.util.test.junit.AutoTests" name="[357] /home/travis/build/icyphy/ptII/ptolemy/actor/lib/test/auto/Switch.xml (RunModel)" time="0.02" />
  <testcase classname="ptolemy.util.test.junit.AutoTests" name="[358] /home/travis/build/icyphy/ptII/ptolemy/actor/lib/test/auto/Switch2.xml (RunModel)" time="0.014" />
  <testcase classname="ptolemy.util.test.junit.AutoTests" name="[359] /home/travis/build/icyphy/ptII/ptolemy/actor/lib/test/auto/SwitchDE.xml (RunModel)" time="0.015" />
  <testcase classname="ptolemy.util.test.junit.AutoTests" name="[360] /home/travis/build/icyphy/ptII/ptolemy/actor/lib/test/auto/SynchronizerDE.xml (RunModel)" time="0.023" />
  <testcase classname="ptolemy.util.test.junit.AutoTests" name="[361] /home/travis/build/icyphy/ptII/ptolemy/actor/lib/test/auto/Test.xml (RunModel)" time="0.009" />
  <testcase classname="ptolemy.util.test.junit.AutoTests" name="[362] /home/travis/build/icyphy/ptII/ptolemy/actor/lib/test/auto/TestExceptionAttribute1.xml (RunModel)" time="0.008" />
  <testcase classname="ptolemy.util.test.junit.AutoTests" name="[363] /home/travis/build/icyphy/ptII/ptolemy/actor/lib/test/auto/TestExceptionAttribute2.xml (RunModel)" time="0.017" />
  <testcase classname="ptolemy.util.test.junit.AutoTests" name="[364] /home/travis/build/icyphy/ptII/ptolemy/actor/lib/test/auto/TestExceptionAttribute3.xml (RunModel)" time="0.011" />
  <testcase classname="ptolemy.util.test.junit.AutoTests" name="[365] /home/travis/build/icyphy/ptII/ptolemy/actor/lib/test/auto/TestExceptionAttribute4.xml (RunModel)" time="0.009" />
  <testcase classname="ptolemy.util.test.junit.AutoTests" name="[366] /home/travis/build/icyphy/ptII/ptolemy/actor/lib/test/auto/TestExceptionHandler1.xml (RunModel)" time="0.007" />
  <testcase classname="ptolemy.util.test.junit.AutoTests" name="[367] /home/travis/build/icyphy/ptII/ptolemy/actor/lib/test/auto/TestExceptionHandler2.xml (RunModel)" time="0.012" />
  <testcase classname="ptolemy.util.test.junit.AutoTests" name="[368] /home/travis/build/icyphy/ptII/ptolemy/actor/lib/test/auto/TestExceptionHandler3.xml (RunModel)" time="0.009" />
  <testcase classname="ptolemy.util.test.junit.AutoTests" name="[369] /home/travis/build/icyphy/ptII/ptolemy/actor/lib/test/auto/TestExceptionHandler4.xml (RunModel)" time="0.006" />
  <testcase classname="ptolemy.util.test.junit.AutoTests" name="[370] /home/travis/build/icyphy/ptII/ptolemy/actor/lib/test/auto/TestRequireCorrectOrder.xml (RunModel)" time="0.015" />
  <testcase classname="ptolemy.util.test.junit.AutoTests" name="[371] /home/travis/build/icyphy/ptII/ptolemy/actor/lib/test/auto/TestSimple.xml (RunModel)" time="0.014" />
  <testcase classname="ptolemy.util.test.junit.AutoTests" name="[372] /home/travis/build/icyphy/ptII/ptolemy/actor/lib/test/auto/ThrowModelError.xml (RunModel)" time="0.011" />
  <testcase classname="ptolemy.util.test.junit.AutoTests" name="[373] /home/travis/build/icyphy/ptII/ptolemy/actor/lib/test/auto/TimeDelayMicrosteps.xml (RunModel)" time="0.016" />
  <testcase classname="ptolemy.util.test.junit.AutoTests" name="[374] /home/travis/build/icyphy/ptII/ptolemy/actor/lib/test/auto/TimeDelayMicrosteps2.xml (RunModel)" time="0.019" />
  <testcase classname="ptolemy.util.test.junit.AutoTests" name="[375] /home/travis/build/icyphy/ptII/ptolemy/actor/lib/test/auto/TimeDelayMicrosteps3.xml (RunModel)" time="0.014" />
  <testcase classname="ptolemy.util.test.junit.AutoTests" name="[376] /home/travis/build/icyphy/ptII/ptolemy/actor/lib/test/auto/TimeDelayVariableMicrosteps.xml (RunModel)" time="0.014" />
  <testcase classname="ptolemy.util.test.junit.AutoTests" name="[377] /home/travis/build/icyphy/ptII/ptolemy/actor/lib/test/auto/TimeGap.xml (RunModel)" time="0.016" />
  <testcase classname="ptolemy.util.test.junit.AutoTests" name="[378] /home/travis/build/icyphy/ptII/ptolemy/actor/lib/test/auto/TimeGap2.xml (RunModel)" time="0.023" />
  <testcase classname="ptolemy.util.test.junit.AutoTests" name="[379] /home/travis/build/icyphy/ptII/ptolemy/actor/lib/test/auto/TimedSinewave.xml (RunModel)" time="0.055" />
  <testcase classname="ptolemy.util.test.junit.AutoTests" name="[380] /home/travis/build/icyphy/ptII/ptolemy/actor/lib/test/auto/TimedSinewavePhase.xml (RunModel)" time="0.037" />
  <testcase classname="ptolemy.util.test.junit.AutoTests" name="[381] /home/travis/build/icyphy/ptII/ptolemy/actor/lib/test/auto/Timer.xml (RunModel)" time="0.016" />
  <testcase classname="ptolemy.util.test.junit.AutoTests" name="[382] /home/travis/build/icyphy/ptII/ptolemy/actor/lib/test/auto/TriangularDistTestModel.xml (RunModel)" time="0.018" />
  <testcase classname="ptolemy.util.test.junit.AutoTests" name="[383] /home/travis/build/icyphy/ptII/ptolemy/actor/lib/test/auto/TrigFunction.xml (RunModel)" time="0.009" />
  <testcase classname="ptolemy.util.test.junit.AutoTests" name="[384] /home/travis/build/icyphy/ptII/ptolemy/actor/lib/test/auto/TrigFunctionDE.xml (RunModel)" time="0.011" />
  <testcase classname="ptolemy.util.test.junit.AutoTests" name="[385] /home/travis/build/icyphy/ptII/ptolemy/actor/lib/test/auto/TrigFunctionInverse.xml (RunModel)" time="0.009" />
  <testcase classname="ptolemy.util.test.junit.AutoTests" name="[386] /home/travis/build/icyphy/ptII/ptolemy/actor/lib/test/auto/TrigFunctionTan.xml (RunModel)" time="0.007" />
  <testcase classname="ptolemy.util.test.junit.AutoTests" name="[387] /home/travis/build/icyphy/ptII/ptolemy/actor/lib/test/auto/TriggeredClock.xml (RunModel)" time="0.009" />
  <testcase classname="ptolemy.util.test.junit.AutoTests" name="[388] /home/travis/build/icyphy/ptII/ptolemy/actor/lib/test/auto/URLDirectoryReader.xml (RunModel)" time="0.126" />
  <testcase classname="ptolemy.util.test.junit.AutoTests" name="[389] /home/travis/build/icyphy/ptII/ptolemy/actor/lib/test/auto/URLDirectoryReader3.xml (RunModel)" time="1.452" />
  <testcase classname="ptolemy.util.test.junit.AutoTests" name="[390] /home/travis/build/icyphy/ptII/ptolemy/actor/lib/test/auto/UnaryMathFunction.xml (RunModel)" time="0.037" />
  <testcase classname="ptolemy.util.test.junit.AutoTests" name="[391] /home/travis/build/icyphy/ptII/ptolemy/actor/lib/test/auto/Uniform.xml (RunModel)" time="0.011" />
  <testcase classname="ptolemy.util.test.junit.AutoTests" name="[392] /home/travis/build/icyphy/ptII/ptolemy/actor/lib/test/auto/UnionDisassemblerTest.xml (RunModel)" time="0.017" />
  <testcase classname="ptolemy.util.test.junit.AutoTests" name="[393] /home/travis/build/icyphy/ptII/ptolemy/actor/lib/test/auto/UtilityFunctions.xml (RunModel)" time="0.015" />
  <testcase classname="ptolemy.util.test.junit.AutoTests" name="[394] /home/travis/build/icyphy/ptII/ptolemy/actor/lib/test/auto/VariableSleep.xml (RunModel)" time="0.512" />
  <testcase classname="ptolemy.util.test.junit.AutoTests" name="[395] /home/travis/build/icyphy/ptII/ptolemy/actor/lib/test/auto/VectorAssemblerDisassemblerCT.xml (RunModel)" time="0.164" />
  <testcase classname="ptolemy.util.test.junit.AutoTests" name="[396] /home/travis/build/icyphy/ptII/ptolemy/actor/lib/test/auto/VectorAssemblerDisassemblerDE.xml (RunModel)" time="0.015" />
  <testcase classname="ptolemy.util.test.junit.AutoTests" name="[397] /home/travis/build/icyphy/ptII/ptolemy/actor/lib/test/auto/VectorAssemblerDisassemblerSDF.xml (RunModel)" time="0.016" />
  <testcase classname="ptolemy.util.test.junit.AutoTests" name="[398] /home/travis/build/icyphy/ptII/ptolemy/actor/lib/test/auto/WallClockTime.xml (RunModel)" time="1.021" />
  <testcase classname="ptolemy.util.test.junit.AutoTests" name="[399] /home/travis/build/icyphy/ptII/ptolemy/actor/lib/test/auto/WidthTestWithSubscriberPublisher.xml (RunModel)" time="0.046" />
  <testcase classname="ptolemy.util.test.junit.AutoTests" name="[400] /home/travis/build/icyphy/ptII/ptolemy/actor/lib/test/auto/WidthTestWithSubscriberPublisher2.xml (RunModel)" time="0.014" />
  <testcase classname="ptolemy.util.test.junit.AutoTests" name="[401] /home/travis/build/icyphy/ptII/ptolemy/actor/lib/test/auto/WidthTestWithSubscriberPublisher3.xml (RunModel)" time="0.014" />
  <testcase classname="ptolemy.util.test.junit.AutoTests" name="[402] /home/travis/build/icyphy/ptII/ptolemy/actor/lib/test/auto/Writer.xml (RunModel)" time="0.008" />
  <testcase classname="ptolemy.util.test.junit.AutoTests" name="[403] /home/travis/build/icyphy/ptII/ptolemy/actor/lib/test/auto/array.xml (RunModel)" time="0.029" />
  <testcase classname="ptolemy.util.test.junit.AutoTests" name="[404] /home/travis/build/icyphy/ptII/ptolemy/actor/lib/test/auto/array2.xml (RunModel)" time="0.017" />
  <testcase classname="ptolemy.util.test.junit.AutoTests" name="[405] /home/travis/build/icyphy/ptII/ptolemy/actor/lib/test/auto/arrayType.xml (RunModel)" time="0.021" />
  <testcase classname="ptolemy.util.test.junit.AutoTests" name="[406] /home/travis/build/icyphy/ptII/ptolemy/actor/lib/test/auto/arrayType10.xml (RunModel)" time="0.01" />
  <testcase classname="ptolemy.util.test.junit.AutoTests" name="[407] /home/travis/build/icyphy/ptII/ptolemy/actor/lib/test/auto/arrayType11.xml (RunModel)" time="0.009" />
  <testcase classname="ptolemy.util.test.junit.AutoTests" name="[408] /home/travis/build/icyphy/ptII/ptolemy/actor/lib/test/auto/arrayType12.xml (RunModel)" time="0.011" />
  <testcase classname="ptolemy.util.test.junit.AutoTests" name="[409] /home/travis/build/icyphy/ptII/ptolemy/actor/lib/test/auto/arrayType13.xml (RunModel)" time="0.01" />
  <testcase classname="ptolemy.util.test.junit.AutoTests" name="[410] /home/travis/build/icyphy/ptII/ptolemy/actor/lib/test/auto/arrayType14.xml (RunModel)" time="0.009" />
  <testcase classname="ptolemy.util.test.junit.AutoTests" name="[411] /home/travis/build/icyphy/ptII/ptolemy/actor/lib/test/auto/arrayType15.xml (RunModel)" time="0.011" />
  <testcase classname="ptolemy.util.test.junit.AutoTests" name="[412] /home/travis/build/icyphy/ptII/ptolemy/actor/lib/test/auto/arrayType16.xml (RunModel)" time="0.01" />
  <testcase classname="ptolemy.util.test.junit.AutoTests" name="[413] /home/travis/build/icyphy/ptII/ptolemy/actor/lib/test/auto/arrayType17.xml (RunModel)" time="0.01" />
  <testcase classname="ptolemy.util.test.junit.AutoTests" name="[414] /home/travis/build/icyphy/ptII/ptolemy/actor/lib/test/auto/arrayType18.xml (RunModel)" time="0.009" />
  <testcase classname="ptolemy.util.test.junit.AutoTests" name="[415] /home/travis/build/icyphy/ptII/ptolemy/actor/lib/test/auto/arrayType19.xml (RunModel)" time="0.008" />
  <testcase classname="ptolemy.util.test.junit.AutoTests" name="[416] /home/travis/build/icyphy/ptII/ptolemy/actor/lib/test/auto/arrayType2.xml (RunModel)" time="0.008" />
  <testcase classname="ptolemy.util.test.junit.AutoTests" name="[417] /home/travis/build/icyphy/ptII/ptolemy/actor/lib/test/auto/arrayType20.xml (RunModel)" time="0.009" />
  <testcase classname="ptolemy.util.test.junit.AutoTests" name="[418] /home/travis/build/icyphy/ptII/ptolemy/actor/lib/test/auto/arrayType21.xml (RunModel)" time="0.01" />
  <testcase classname="ptolemy.util.test.junit.AutoTests" name="[419] /home/travis/build/icyphy/ptII/ptolemy/actor/lib/test/auto/arrayType22.xml (RunModel)" time="0.008" />
  <testcase classname="ptolemy.util.test.junit.AutoTests" name="[420] /home/travis/build/icyphy/ptII/ptolemy/actor/lib/test/auto/arrayType23.xml (RunModel)" time="0.009" />
  <testcase classname="ptolemy.util.test.junit.AutoTests" name="[421] /home/travis/build/icyphy/ptII/ptolemy/actor/lib/test/auto/arrayType24.xml (RunModel)" time="0.009" />
  <testcase classname="ptolemy.util.test.junit.AutoTests" name="[422] /home/travis/build/icyphy/ptII/ptolemy/actor/lib/test/auto/arrayType25.xml (RunModel)" time="0.009" />
  <testcase classname="ptolemy.util.test.junit.AutoTests" name="[423] /home/travis/build/icyphy/ptII/ptolemy/actor/lib/test/auto/arrayType26.xml (RunModel)" time="0.009" />
  <testcase classname="ptolemy.util.test.junit.AutoTests" name="[424] /home/travis/build/icyphy/ptII/ptolemy/actor/lib/test/auto/arrayType27.xml (RunModel)" time="0.01" />
  <testcase classname="ptolemy.util.test.junit.AutoTests" name="[425] /home/travis/build/icyphy/ptII/ptolemy/actor/lib/test/auto/arrayType28.xml (RunModel)" time="0.011" />
  <testcase classname="ptolemy.util.test.junit.AutoTests" name="[426] /home/travis/build/icyphy/ptII/ptolemy/actor/lib/test/auto/arrayType3.xml (RunModel)" time="0.011" />
  <testcase classname="ptolemy.util.test.junit.AutoTests" name="[427] /home/travis/build/icyphy/ptII/ptolemy/actor/lib/test/auto/arrayType4.xml (RunModel)" time="0.009" />
  <testcase classname="ptolemy.util.test.junit.AutoTests" name="[428] /home/travis/build/icyphy/ptII/ptolemy/actor/lib/test/auto/arrayType5.xml (RunModel)" time="0.011" />
  <testcase classname="ptolemy.util.test.junit.AutoTests" name="[429] /home/travis/build/icyphy/ptII/ptolemy/actor/lib/test/auto/arrayType6.xml (RunModel)" time="0.009" />
  <testcase classname="ptolemy.util.test.junit.AutoTests" name="[430] /home/travis/build/icyphy/ptII/ptolemy/actor/lib/test/auto/arrayType7.xml (RunModel)" time="0.015" />
  <testcase classname="ptolemy.util.test.junit.AutoTests" name="[431] /home/travis/build/icyphy/ptII/ptolemy/actor/lib/test/auto/arrayType8.xml (RunModel)" time="0.021" />
  <testcase classname="ptolemy.util.test.junit.AutoTests" name="[432] /home/travis/build/icyphy/ptII/ptolemy/actor/lib/test/auto/arrayType9.xml (RunModel)" time="0.011" />
  <testcase classname="ptolemy.util.test.junit.AutoTests" name="[433] /home/travis/build/icyphy/ptII/ptolemy/actor/lib/test/auto/cast.xml (RunModel)" time="0.01" />
  <testcase classname="ptolemy.util.test.junit.AutoTests" name="[434] /home/travis/build/icyphy/ptII/ptolemy/actor/lib/test/auto/compositeMultiPort.xml (RunModel)" time="0.018" />
  <testcase classname="ptolemy.util.test.junit.AutoTests" name="[435] /home/travis/build/icyphy/ptII/ptolemy/actor/lib/test/auto/expressionCastInference.xml (RunModel)" time="0.01" />
  <testcase classname="ptolemy.util.test.junit.AutoTests" name="[436] /home/travis/build/icyphy/ptII/ptolemy/actor/lib/test/auto/expressionCastInference2.xml (RunModel)" time="0.008" />
  <testcase classname="ptolemy.util.test.junit.AutoTests" name="[437] /home/travis/build/icyphy/ptII/ptolemy/actor/lib/test/auto/expressionInference.xml (RunModel)" time="0.008" />
  <testcase classname="ptolemy.util.test.junit.AutoTests" name="[438] /home/travis/build/icyphy/ptII/ptolemy/actor/lib/test/auto/expression_bug.xml (RunModel)" time="0.008" />
  <testcase classname="ptolemy.util.test.junit.AutoTests" name="[439] /home/travis/build/icyphy/ptII/ptolemy/actor/lib/test/auto/factorial.xml (RunModel)" time="0.056" />
  <testcase classname="ptolemy.util.test.junit.AutoTests" name="[440] /home/travis/build/icyphy/ptII/ptolemy/actor/lib/test/auto/filterTest1.xml (RunModel)" time="0.014" />
  <testcase classname="ptolemy.util.test.junit.AutoTests" name="[441] /home/travis/build/icyphy/ptII/ptolemy/actor/lib/test/auto/funcApplyInConst.xml (RunModel)" time="0.006" />
  <testcase classname="ptolemy.util.test.junit.AutoTests" name="[442] /home/travis/build/icyphy/ptII/ptolemy/actor/lib/test/auto/funcApplyInExpr.xml (RunModel)" time="0.006" />
  <testcase classname="ptolemy.util.test.junit.AutoTests" name="[443] /home/travis/build/icyphy/ptII/ptolemy/actor/lib/test/auto/function.xml (RunModel)" time="0.012" />
  <testcase classname="ptolemy.util.test.junit.AutoTests" name="[444] /home/travis/build/icyphy/ptII/ptolemy/actor/lib/test/auto/function2.xml (RunModel)" time="0.01" />
  <testcase classname="ptolemy.util.test.junit.AutoTests" name="[445] /home/travis/build/icyphy/ptII/ptolemy/actor/lib/test/auto/function3.xml (RunModel)" time="0.008" />
  <testcase classname="ptolemy.util.test.junit.AutoTests" name="[446] /home/travis/build/icyphy/ptII/ptolemy/actor/lib/test/auto/functionClosureTest1.xml (RunModel)" time="0.012" />
  <testcase classname="ptolemy.util.test.junit.AutoTests" name="[447] /home/travis/build/icyphy/ptII/ptolemy/actor/lib/test/auto/functionClosureTest2.xml (RunModel)" time="0.007" />
  <testcase classname="ptolemy.util.test.junit.AutoTests" name="[448] /home/travis/build/icyphy/ptII/ptolemy/actor/lib/test/auto/functionClosureTest3.xml (RunModel)" time="0.01" />
  <testcase classname="ptolemy.util.test.junit.AutoTests" name="[449] /home/travis/build/icyphy/ptII/ptolemy/actor/lib/test/auto/functionClosureTest4.xml (RunModel)" time="0.017" />
  <testcase classname="ptolemy.util.test.junit.AutoTests" name="[450] /home/travis/build/icyphy/ptII/ptolemy/actor/lib/test/auto/functionClosureTest5.xml (RunModel)" time="0.013" />
  <testcase classname="ptolemy.util.test.junit.AutoTests" name="[451] /home/travis/build/icyphy/ptII/ptolemy/actor/lib/test/auto/functionClosureTest6.xml (RunModel)" time="0.008" />
  <testcase classname="ptolemy.util.test.junit.AutoTests" name="[452] /home/travis/build/icyphy/ptII/ptolemy/actor/lib/test/auto/functionsOnArcs.xml (RunModel)" time="0.01" />
  <testcase classname="ptolemy.util.test.junit.AutoTests" name="[453] /home/travis/build/icyphy/ptII/ptolemy/actor/lib/test/auto/functionsOnArcsHOF.xml (RunModel)" time="0.078" />
  <testcase classname="ptolemy.util.test.junit.AutoTests" name="[454] /home/travis/build/icyphy/ptII/ptolemy/actor/lib/test/auto/logic.xml (RunModel)" time="0.019" />
  <testcase classname="ptolemy.util.test.junit.AutoTests" name="[455] /home/travis/build/icyphy/ptII/ptolemy/actor/lib/test/auto/matrixType.xml (RunModel)" time="0.01" />
  <testcase classname="ptolemy.util.test.junit.AutoTests" name="[456] /home/travis/build/icyphy/ptII/ptolemy/actor/lib/test/auto/matrixType10.xml (RunModel)" time="0.009" />
  <testcase classname="ptolemy.util.test.junit.AutoTests" name="[457] /home/travis/build/icyphy/ptII/ptolemy/actor/lib/test/auto/matrixType11.xml (RunModel)" time="0.008" />
  <testcase classname="ptolemy.util.test.junit.AutoTests" name="[458] /home/travis/build/icyphy/ptII/ptolemy/actor/lib/test/auto/matrixType12.xml (RunModel)" time="0.011" />
  <testcase classname="ptolemy.util.test.junit.AutoTests" name="[459] /home/travis/build/icyphy/ptII/ptolemy/actor/lib/test/auto/matrixType13.xml (RunModel)" time="0.008" />
  <testcase classname="ptolemy.util.test.junit.AutoTests" name="[460] /home/travis/build/icyphy/ptII/ptolemy/actor/lib/test/auto/matrixType14.xml (RunModel)" time="0.01" />
  <testcase classname="ptolemy.util.test.junit.AutoTests" name="[461] /home/travis/build/icyphy/ptII/ptolemy/actor/lib/test/auto/matrixType2.xml (RunModel)" time="0.009" />
  <testcase classname="ptolemy.util.test.junit.AutoTests" name="[462] /home/travis/build/icyphy/ptII/ptolemy/actor/lib/test/auto/matrixType3.xml (RunModel)" time="0.011" />
  <testcase classname="ptolemy.util.test.junit.AutoTests" name="[463] /home/travis/build/icyphy/ptII/ptolemy/actor/lib/test/auto/matrixType4.xml (RunModel)" time="0.009" />
  <testcase classname="ptolemy.util.test.junit.AutoTests" name="[464] /home/travis/build/icyphy/ptII/ptolemy/actor/lib/test/auto/matrixType5.xml (RunModel)" time="0.008" />
  <testcase classname="ptolemy.util.test.junit.AutoTests" name="[465] /home/travis/build/icyphy/ptII/ptolemy/actor/lib/test/auto/matrixType6.xml (RunModel)" time="0.015" />
  <testcase classname="ptolemy.util.test.junit.AutoTests" name="[466] /home/travis/build/icyphy/ptII/ptolemy/actor/lib/test/auto/matrixType7.xml (RunModel)" time="0.061" />
  <testcase classname="ptolemy.util.test.junit.AutoTests" name="[467] /home/travis/build/icyphy/ptII/ptolemy/actor/lib/test/auto/matrixType8.xml (RunModel)" time="0.033" />
  <testcase classname="ptolemy.util.test.junit.AutoTests" name="[468] /home/travis/build/icyphy/ptII/ptolemy/actor/lib/test/auto/matrixType9.xml (RunModel)" time="0.017" />
  <testcase classname="ptolemy.util.test.junit.AutoTests" name="[469] /home/travis/build/icyphy/ptII/ptolemy/actor/lib/test/auto/paraFunctest.xml (RunModel)" time="0.008" />
  <testcase classname="ptolemy.util.test.junit.AutoTests" name="[470] /home/travis/build/icyphy/ptII/ptolemy/actor/lib/test/auto/paraFunctest2.xml (RunModel)" time="0.009" />
  <testcase classname="ptolemy.util.test.junit.AutoTests" name="[471] /home/travis/build/icyphy/ptII/ptolemy/actor/lib/test/auto/parameterPassing.xml (RunModel)" time="0.008" />
  <testcase classname="ptolemy.util.test.junit.AutoTests" name="[472] /home/travis/build/icyphy/ptII/ptolemy/actor/lib/test/auto/record.xml (RunModel)" time="0.01" />
  <testcase classname="ptolemy.util.test.junit.AutoTests" name="[473] /home/travis/build/icyphy/ptII/ptolemy/actor/lib/test/auto/sizedarray1.xml (RunModel)" time="0.01" />
  <testcase classname="ptolemy.util.test.junit.AutoTests" name="[474] /home/travis/build/icyphy/ptII/ptolemy/actor/lib/test/auto/sizedarray2.xml (RunModel)" time="0.01" />
  <testcase classname="ptolemy.util.test.junit.AutoTests" name="[475] /home/travis/build/icyphy/ptII/ptolemy/actor/lib/test/auto/twoPublishers.xml (RunModel)" time="0.023" />
  <system-out><![CDATA[/home/travis/build/icyphy/ptII/ptolemy/actor/lib/test/AbsoluteValue.tcl
testDefs.tcl: setting time out to 9000 seconds at Wed Aug 21 05:31:26 UTC 2019
127 ms. Memory: 120832K Free: 85955K (71%)
11 ms. Memory: 120832K Free: 84411K (70%)
5 ms. Memory: 120832K Free: 83393K (69%)
10 ms. Memory: 120832K Free: 82883K (69%)
/home/travis/build/icyphy/ptII/ptolemy/actor/lib/test/AddSubtract.tcl
24 ms. Memory: 120832K Free: 80835K (67%)
16 ms. Memory: 120832K Free: 79811K (66%)
16 ms. Memory: 120832K Free: 79297K (66%)
17 ms. Memory: 120832K Free: 78259K (65%)
86 ms. Memory: 120832K Free: 75715K (63%)
13 ms. Memory: 120832K Free: 74691K (62%)
/home/travis/build/icyphy/ptII/ptolemy/actor/lib/test/Average.tcl
12 ms. Memory: 120832K Free: 73139K (61%)
7 ms. Memory: 120832K Free: 71619K (59%)
/home/travis/build/icyphy/ptII/ptolemy/actor/lib/test/Bernoulli.tcl
5 ms. Memory: 120832K Free: 70067K (58%)
2 ms. Memory: 120832K Free: 70067K (58%)
/home/travis/build/icyphy/ptII/ptolemy/actor/lib/test/Clock.tcl
preinitializing
resolving types
initializing
executing number 1
wrapping up
idle
42 ms. Memory: 120832K Free: 67009K (55%)
Completed execution with 5 iterations
preinitializing
resolving types
initializing
executing number 1
wrapping up
idle
11 ms. Memory: 120832K Free: 66499K (55%)
Completed execution with 5 iterations
preinitializing
resolving types
initializing
executing number 1
wrapping up
idle
4 ms. Memory: 120832K Free: 65985K (55%)
Completed execution with 5 iterations
/home/travis/build/icyphy/ptII/ptolemy/actor/lib/test/Commutator.tcl
14 ms. Memory: 120832K Free: 63937K (53%)
16 ms. Memory: 120832K Free: 62899K (52%)
10 ms. Memory: 120832K Free: 57283K (47%)
/home/travis/build/icyphy/ptII/ptolemy/actor/lib/test/Const.tcl
4 ms. Memory: 120832K Free: 55731K (46%)
2 ms. Memory: 120832K Free: 55235K (46%)
12 ms. Memory: 120832K Free: 54721K (45%)
9 ms. Memory: 120832K Free: 54211K (45%)
3 ms. Memory: 120832K Free: 53187K (44%)
15 ms. Memory: 120832K Free: 51649K (43%)
5 ms. Memory: 120832K Free: 50611K (42%)
4 ms. Memory: 120832K Free: 49601K (41%)
/home/travis/build/icyphy/ptII/ptolemy/actor/lib/test/CurrentTime.tcl
preinitializing
resolving types
initializing
executing number 1
wrapping up
idle
22 ms. Memory: 120832K Free: 48067K (40%)
Completed execution with 11 iterations
/home/travis/build/icyphy/ptII/ptolemy/actor/lib/test/DB.tcl
5 ms. Memory: 120832K Free: 46019K (38%)
27 ms. Memory: 120832K Free: 107039K (89%)
8 ms. Memory: 120832K Free: 106529K (88%)
/home/travis/build/icyphy/ptII/ptolemy/actor/lib/test/DiscreteRandomSource.tcl
preinitializing
resolving types
initializing
executing number 1
wrapping up
idle
12 ms. Memory: 120832K Free: 104960K (87%)
Completed execution with 4 iterations
preinitializing
resolving types
initializing
executing number 1
wrapping up
idle
6 ms. Memory: 120832K Free: 104481K (86%)
Completed execution with 4 iterations
preinitializing
resolving types
initializing
executing number 1
wrapping up
idle
3 ms. Memory: 120832K Free: 103952K (86%)
Completed execution with 4 iterations
preinitializing
resolving types
initializing
executing number 1
wrapping up
idle
3 ms. Memory: 120832K Free: 103457K (86%)
Completed execution with 4 iterations
preinitializing
resolving types
initializing
executing number 1
wrapping up
idle
11 ms. Memory: 120832K Free: 102943K (85%)
Completed execution with 4 iterations
/home/travis/build/icyphy/ptII/ptolemy/actor/lib/test/Distributor.tcl
47 ms. Memory: 120832K Free: 105784K (88%)
13 ms. Memory: 120832K Free: 104858K (87%)
StreamChangeRequest.changeExecuted(): <deleteEntity name="rec2"/> succeeded
StreamChangeRequest.changeExecuted(): <deleteRelation name="r2"/> succeeded
StreamChangeRequest.changeExecuted(): Record firings per iteration succeeded
5 ms. Memory: 120832K Free: 102553K (85%)
/home/travis/build/icyphy/ptII/ptolemy/actor/lib/test/Exit.tcl
Exit.tcl: this will print a message about Manager.exitAfterWrapup, which can be ignored.
11 ms. Memory: 120832K Free: 99205K (82%)
/home/travis/build/icyphy/ptII/ptolemy/actor/lib/test/Expression.tcl
14 ms. Memory: 120832K Free: 96036K (79%)
4 ms. Memory: 120832K Free: 95385K (79%)
3 ms. Memory: 120832K Free: 94602K (78%)
preinitializing
resolving types
initializing
executing number 1
wrapping up
idle
5 ms. Memory: 120832K Free: 93337K (77%)
Completed execution with 6 iterations
4 ms. Memory: 120832K Free: 92313K (76%)
3 ms. Memory: 120832K Free: 91530K (76%)
5 ms. Memory: 120832K Free: 90514K (75%)
5 ms. Memory: 120832K Free: 89241K (74%)
4 ms. Memory: 120832K Free: 87829K (73%)
/home/travis/build/icyphy/ptII/ptolemy/actor/lib/test/Gaussian.tcl
17 ms. Memory: 120832K Free: 105472K (87%)
sleeping 1 seconds: ...........................................................................................................................................................................................................................................................................................................................................................................................................................................................................................................................................................................................................................................................................................................................................................................................................................................................................................................................................................................................................................................................................................................................................................................................................................................................................................................................................................................................................................................................................................................................................................................................................................................................................................................................................................................................................................................................................................................................................................................................................................................................................................................................................................................................................................................................................................................................................................................................................................................................................................................................................................................................................................................................................................................................................................................................................................................................................................................................................................................................................................................................................................................................................................................................................................................................................................................................................................................................................................................................................................................................................................................................................................................................................................................................................................................................................................................................................................................................................................................................................................................................................................................................................................................................................................................................................................................................................................................................................................................................................................................................................................................................................................................................................................................................................................................................................................................................................................................................................................................................................................................................................................................................................................................................................................................................................................................................................................................................................................................................................................................................................................................................................................................................................................................................................................................................................................................................................................................................................................................................................................................................................................................................................................................................................................................................................................................................................................................................................................................................................................................................................................................................................................................................................................................................................................................................................................................................................................................................................................................................................................................................................................................................................................................................................................................................................................................................................................................................................................................................................................................................................................................................................................................................................................................................................................................................................................................................................................................................................................................................................................................................................................................................................................................................................................................................................................................................................................................................................................................................................................................................................................................................................................................................................................................................................................................................................................................................................................................................................................................................................................................................................................................................................................................................................................................................................................................................................................................................................................................................................................................................................................................................................................................................................................................................................................................................................................................................................................................................................................................................................................................................................................................................................................................................................................................................................................................................................................................................................................................................................................................................................................................................................................................................................................................................................................................................................................................................................................................................................................................................................................................................................................................................................................................................................................................................................................................................................................................................................................................................................................................................................................................................................................................................................................................................................................................................................................................................................................................................................................................................................................................................................................................................................................................................................................................................................................................................................................................................................................................................................................................................................................................................................................................................................................................................................................................................................................................................................................................................................................................................................................................................................................................................................................................................................................................................................................................................................................................................................................................................................................................................................................................................................................................................................................................................................................................................................................................................................................................................................................................................................................................................................................................................................................................................................................................................................................................................................................................................................................................................................................................................................................................................................................................................................................................................................................................................................................................................................................................................................................................................................................................................................................................................................................................................................................................................................................................................................................................................................................................................................................................................................................................................................................................................................................................................................................................................................................................................................................................................................................................................................................................................................................................................................................................................................................................................................................................................................................................................................................................................................................................................................................................................................................................................................................................................................................................................................................................................................................................................................................................................................................................................................................................................................................................................................................................................................................................................................................................................................................................................................................................................................................................................................................................................................................................................................................................................................................................................................................................................................................................................................................................................................................................................................................................................................................................................................................................................................................................................................................................................................................................................................................................................................................................................................................................................................................................................................................................................................................................................................................................................................................................................................................................................................................................................................................................................................................................................................................................................................................................................................................................................................................................................................................................................................................................................................................................................................................................................................................................................................................................................................................................................................................................................................................................................................................................................................................................................................................................................................................................................................................................................................................................................................................................................................................................................................................................................................................................................................................................................................................................................................................................................................................................................................................................................................................................................................................................................................................................................................................................................................................................................................................................................................................................................................................................................................................................................................................................................................................................................................................................................................................................................................................................................................................................................................................................................................................................................................................................................................................................................................................................................................................................................................................................................................................................................................................................................................................................................................................................................................................................................................................................................................................................................................................................................................................................................................................................................................................................................................................................................................................................................................................................................................................................................................................................................................................................................................................................................................................................................................................................................................................................................................................................................................................................................................................................................................................................................................................................................................................................................................................................................................................................................................................................................................................................................................................................................................................................................................................................................................................................................................................................................................................................................................................................................................................................................................................................................................................................................5 ms. Memory: 149504K Free: 107683K (72%)
4 ms. Memory: 149504K Free: 107131K (72%)
2 ms. Memory: 149504K Free: 106145K (71%)
6 ms. Memory: 149504K Free: 105633K (71%)
6 ms. Memory: 149504K Free: 105121K (70%)
/home/travis/build/icyphy/ptII/ptolemy/actor/lib/test/IIR.tcl
/home/travis/build/icyphy/ptII/ptolemy/actor/lib/test/Interpolator.tcl
4 ms. Memory: 149504K Free: 101011K (68%)
3 ms. Memory: 149504K Free: 100515K (67%)
5 ms. Memory: 149504K Free: 100001K (67%)
2 ms. Memory: 149504K Free: 99491K (67%)
11 ms. Memory: 149504K Free: 98467K (66%)
1 ms. Memory: 149504K Free: 97939K (66%)
3 ms. Memory: 149504K Free: 96923K (65%)
11 ms. Memory: 149504K Free: 95905K (64%)
3 ms. Memory: 149504K Free: 95395K (64%)
2 ms. Memory: 149504K Free: 94371K (63%)
/home/travis/build/icyphy/ptII/ptolemy/actor/lib/test/MathFunction.tcl
6 ms. Memory: 149504K Free: 92323K (62%)
2 ms. Memory: 149504K Free: 91299K (61%)
4 ms. Memory: 149504K Free: 90275K (60%)
4 ms. Memory: 149504K Free: 89251K (60%)
4 ms. Memory: 149504K Free: 87699K (59%)
19 ms. Memory: 149504K Free: 86179K (58%)
/home/travis/build/icyphy/ptII/ptolemy/actor/lib/test/Maximum.tcl
6 ms. Memory: 149504K Free: 84131K (56%)
7 ms. Memory: 149504K Free: 83617K (56%)
5 ms. Memory: 149504K Free: 82083K (55%)
3 ms. Memory: 149504K Free: 81555K (55%)
/home/travis/build/icyphy/ptII/ptolemy/actor/lib/test/Minimum.tcl
10 ms. Memory: 149504K Free: 80035K (54%)
6 ms. Memory: 149504K Free: 133765K (89%)
4 ms. Memory: 149504K Free: 133237K (89%)
6 ms. Memory: 149504K Free: 132743K (89%)
/home/travis/build/icyphy/ptII/ptolemy/actor/lib/test/MultiplyDivide.tcl
10 ms. Memory: 149504K Free: 130695K (87%)
11 ms. Memory: 149504K Free: 130167K (87%)
3 ms. Memory: 149504K Free: 129157K (86%)
3 ms. Memory: 149504K Free: 128647K (86%)
2 ms. Memory: 149504K Free: 128119K (86%)
/home/travis/build/icyphy/ptII/ptolemy/actor/lib/test/OrderedMerge.tcl
Connections changed on port: inputA
Connections changed on port: inputB
Connections changed on port: output
Connections changed on port: output
Connections changed on port: output
Connections changed on port: input
.top. Preinitializing ...
Invoking preinitialize():  .top.OrderedMerge
Called preinitialize()
Invoking preinitialize():  .top.Ramp
Called preinitialize()
Invoking preinitialize():  .top.Ramp2
Called preinitialize()
Invoking preinitialize():  .top.Test
Called preinitialize()
Connections changed on port: inputA
Connections changed on port: output
Connections changed on port: output
Connections changed on port: input
Connections changed on port: inputB
Connections changed on port: output
.top. Finished preinitialize().
Called initialize().
Invoking initialize():  .top.OrderedMerge
Initializing actor: .top.OrderedMerge
Adding a thread: .top.OrderedMerge
Invoking initialize():  .top.Ramp
Initializing actor: .top.Ramp
Adding a thread: .top.Ramp
Invoking initialize():  .top.Ramp2
Initializing actor: .top.Ramp2
Adding a thread: .top.Ramp2
Invoking initialize():  .top.Test
Initializing actor: .top.Test
Adding a thread: .top.Test
-- Starting thread.
-- Starting thread.
Called initialize()
-- Starting thread.
Called initialize()
Called prefire()
Called fire()
Called prefire()
Called fire()
Called initialize()
Called fire().
Checking for deadlock:
Called postfire()
Called prefire()
Called fire()
Called prefire()
-- Starting thread.
Called initialize()
Called prefire()
Called fire()
Called fire()
There are 1 Blocked actors, 0 Stopped actors, and 4 active threads.
Waiting for actors to stop.
Called postfire()
Called prefire()
Called fire()
Read input token from inputA with value 0.0
Next port to read input from is inputB
Called postfire()
Called prefire()
Called fire()
Read input token from inputB with value 0.0
Sent output token with value 0.0
Next port to read input from is inputA
Called postfire()
Called prefire()
Called fire()
Checking for deadlock:
There are 1 Blocked actors, 0 Stopped actors, and 4 active threads.
Waiting for actors to stop.
Called postfire()
Called prefire()
Called fire()
Read input token from inputA with value 1.0
Checking for deadlock:
There are 1 Blocked actors, 0 Stopped actors, and 4 active threads.
Waiting for actors to stop.
Called postfire()
Called prefire()
Called fire()
-- Read input: 0.0, which is expected to match: 0.0
Called prefire()
Called fire()
Checking for deadlock:
There are 2 Blocked actors, 0 Stopped actors, and 4 active threads.
Waiting for actors to stop.
Called postfire()
Called prefire()
Called fire()
Sent output token with value 0.0
Next port to read input from is inputB
Called postfire()
Called prefire()
Called fire()
Read input token from inputB with value 1.5
Checking for deadlock:
There are 2 Blocked actors, 0 Stopped actors, and 4 active threads.
Waiting for actors to stop.
Called postfire()
Called prefire()
-- Read input: 0.0, which is expected to match: 0.0
Called fire()
Called prefire()
Called fire()
Checking for deadlock:
There are 3 Blocked actors, 0 Stopped actors, and 4 active threads.
Waiting for actors to stop.
-- Read input: 1.0, which is expected to match: 1.0
Called prefire()
Called fire()
Sent output token with value 1.0
Next port to read input from is inputA
Called postfire()
Called prefire()
Called fire()
Read input token from inputA with value 2.0
Sent output token with value 1.5
Next port to read input from is inputB
Called postfire()
Called prefire()
Called fire()
Read input token from inputB with value 3.0
Checking for deadlock:
There are 1 Blocked actors, 0 Stopped actors, and 4 active threads.
Waiting for actors to stop.
Called postfire()
Called prefire()
Called fire()
Called postfire()
Called prefire()
Called fire()
-- Read input: 1.5, which is expected to match: 1.5
Called prefire()
Called fire()
Checking for deadlock:
There are 3 Blocked actors, 0 Stopped actors, and 4 active threads.
Waiting for actors to stop.
-- Read input: 2.0, which is expected to match: 2.0
Called prefire()
Called fire()
Sent output token with value 2.0
Next port to read input from is inputA
Called postfire()
Called prefire()
Called fire()
Read input token from inputA with value 3.0
Sent output token with value 3.0
Next port to read input from is inputB
Called postfire()
Called prefire()
Called fire()
Read input token from inputB with value 4.5
Checking for deadlock:
There are 1 Blocked actors, 0 Stopped actors, and 4 active threads.
Waiting for actors to stop.
-- Read input: 3.0, which is expected to match: 3.0
Called prefire()
Called fire()
Called postfire()
Checking for deadlock:
Called postfire()
Called prefire()
Called prefire()
Called fire()
Called fire()
There are 1 Blocked actors, 0 Stopped actors, and 4 active threads.
Waiting for actors to stop.
Sent output token with value 3.0
Next port to read input from is inputA
Called postfire()
Called prefire()
Called fire()
Read input token from inputA with value 4.0
Checking for deadlock:
There are 2 Blocked actors, 0 Stopped actors, and 4 active threads.
Waiting for actors to stop.
-- Read input: 3.0, which is expected to match: 3.0
Called prefire()
Called postfire()
Checking for deadlock:
Called fire()
Called prefire()
Called fire()
There are 1 Blocked actors, 0 Stopped actors, and 4 active threads.
Waiting for actors to stop.
-- Read input: 4.0, which is expected to match: 4.0
Called prefire()
Called fire()
Past the end of training data. Read and discard all inputs.
Sent output token with value 4.0
Next port to read input from is inputA
Called postfire()
Called prefire()
Called fire()
Read input token from inputA with value 5.0
Sent output token with value 4.5
Next port to read input from is inputB
Called postfire()
Called prefire()
Called fire()
Read input token from inputB with value 6.0
Checking for deadlock:
There are 1 Blocked actors, 0 Stopped actors, and 4 active threads.
Waiting for actors to stop.
Called postfire()
Called prefire()
Called fire()
Past the end of training data. Read and discard all inputs.
Called postfire()
Checking for deadlock:
Called prefire()
Called fire()
There are 1 Blocked actors, 0 Stopped actors, and 4 active threads.
Waiting for actors to stop.
Called prefire()
Called fire()
Sent output token with value 5.0
Next port to read input from is inputA
Called postfire()
Called prefire()
Called fire()
Read input token from inputA with value 6.0
Checking for deadlock:
There are 2 Blocked actors, 0 Stopped actors, and 4 active threads.
Waiting for actors to stop.
Called prefire()
Called fire()
Past the end of training data. Read and discard all inputs.
Called postfire()
Checking for deadlock:
Called prefire()
There are 2 Blocked actors, 0 Stopped actors, and 4 active threads.
Called fire()
Waiting for actors to stop.
Sent output token with value 6.0
Next port to read input from is inputB
Called postfire()
Called prefire()
Called fire()
Read input token from inputB with value 7.5
Checking for deadlock:
There are 2 Blocked actors, 0 Stopped actors, and 4 active threads.
Waiting for actors to stop.
Called prefire()
Called fire()
Past the end of training data. Read and discard all inputs.
Called postfire()
Checking for deadlock:
Called prefire()
Called fire()
There are 2 Blocked actors, 0 Stopped actors, and 4 active threads.
Waiting for actors to stop.
Sent output token with value 6.0
Next port to read input from is inputA
Called postfire()
Called prefire()
Called fire()
Checking for deadlock:
There are 1 Blocked actors, 0 Stopped actors, and 4 active threads.
Waiting for actors to stop.
Called prefire()
Called postfire()
Called fire()
Past the end of training data. Read and discard all inputs.
Called prefire()
Called fire()
Read input token from inputA with value 7.0
Checking for deadlock:
There are 3 Blocked actors, 0 Stopped actors, and 4 active threads.
Waiting for actors to stop.
Sent output token with value 7.0
Next port to read input from is inputA
Called postfire()
Called prefire()
Called fire()
Read input token from inputA with value 8.0
Checking for deadlock:
There are 2 Blocked actors, 0 Stopped actors, and 4 active threads.
Waiting for actors to stop.
Called prefire()
Called fire()
Past the end of training data. Read and discard all inputs.
Checking for deadlock:
-- Thread wrapup() called.
There are 2 Blocked actors, 0 Stopped actors, and 4 active threads.
Waiting for actors to stop.
Called wrapup()
Thread .top.Ramp is exiting.
-- Thread stopped.
Checking for deadlock:
There are 2 Blocked actors, 0 Stopped actors, and 3 active threads.
Waiting for actors to stop.
Sent output token with value 7.5
Next port to read input from is inputB
Called postfire()
Called prefire()
Called fire()
Read input token from inputB with value 9.0
Checking for deadlock:
There are 1 Blocked actors, 0 Stopped actors, and 3 active threads.
Waiting for actors to stop.
Called postfire()
Called prefire()
Called prefire()
Called fire()
Past the end of training data. Read and discard all inputs.
Called fire()
Checking for deadlock:
There are 1 Blocked actors, 0 Stopped actors, and 3 active threads.
Waiting for actors to stop.
Called prefire()
Called fire()
Past the end of training data. Read and discard all inputs.
Checking for deadlock:
There are 2 Blocked actors, 0 Stopped actors, and 3 active threads.
Waiting for actors to stop.
Sent output token with value 8.0
Next port to read input from is inputA
Called postfire()
Called prefire()
Called fire()
Read input token from inputA with value 9.0
Called prefire()
Called fire()
Past the end of training data. Read and discard all inputs.
Checking for deadlock:
There are 2 Blocked actors, 0 Stopped actors, and 3 active threads.
Waiting for actors to stop.
Sent output token with value 9.0
Next port to read input from is inputB
Called postfire()
Called prefire()
Called fire()
Checking for deadlock:
There are 1 Blocked actors, 0 Stopped actors, and 3 active threads.
Waiting for actors to stop.
Called postfire()
Called prefire()
Read input token from inputB with value 10.5
Called fire()
Called prefire()
Called fire()
Past the end of training data. Read and discard all inputs.
Checking for deadlock:
There are 2 Blocked actors, 0 Stopped actors, and 3 active threads.
Waiting for actors to stop.
Sent output token with value 9.0
Next port to read input from is inputA
Called postfire()
Called prefire()
Called fire()
Checking for deadlock:
There are 3 Blocked actors, 0 Stopped actors, and 3 active threads.
Actors have stopped.
Checking for deadlock:
There are 3 Blocked actors, 0 Stopped actors, and 3 active threads.
Deadlock detected.
Resolving Deadlock
Checking for deadlock:
There are 3 Blocked actors, 0 Stopped actors, and 3 active threads.
Artificial Deadlock - increasing queue capacity.
increasing the capacity of receiver ptolemy.actor.TypedIOPort {.top.OrderedMerge.inputB} to 2
-- Thread wrapup() called.
Called wrapup()
Thread .top.Ramp2 is exiting.
-- Thread stopped.
Director: Called postfire().
Called postfire().
_stopRequested = false
_stopFireRequested = false
Returning from postfire(): true
Called fire().
Checking for deadlock:
There are 2 Blocked actors, 0 Stopped actors, and 2 active threads.
Actors have stopped.
Checking for deadlock:
There are 2 Blocked actors, 0 Stopped actors, and 2 active threads.
Deadlock detected.
Resolving Deadlock
Checking for deadlock:
There are 2 Blocked actors, 0 Stopped actors, and 2 active threads.
Deadlock detected: no processes blocked on write, but some are blocked on read.
Called postfire().
_stopRequested = false
_stopFireRequested = false
Returning from postfire(): false
Finished deactivating branches.
Called wrapup().
-- Thread wrapup() called.
Called wrapup()
Thread .top.Test is exiting.
-- Thread stopped.
-- Blocked Receiver call threw TerminateProcessException.
-- Thread wrapup() called.
Called wrapup()
Thread .top.OrderedMerge is exiting.
-- Thread stopped.
-- Blocked Receiver call threw TerminateProcessException.
84 ms. Memory: 149504K Free: 123013K (82%)
.top. Preinitializing ...
Invoking preinitialize():  .top.OrderedMerge
Called preinitialize()
Invoking preinitialize():  .top.Ramp
Called preinitialize()
Invoking preinitialize():  .top.Ramp2
Called preinitialize()
Invoking preinitialize():  .top.Test
Called preinitialize()
.top. Finished preinitialize().
Called initialize().
Invoking initialize():  .top.OrderedMerge
Initializing actor: .top.OrderedMerge
Adding a thread: .top.OrderedMerge
Invoking initialize():  .top.Ramp
Initializing actor: .top.Ramp
Adding a thread: .top.Ramp
Invoking initialize():  .top.Ramp2
Initializing actor: .top.Ramp2
Adding a thread: .top.Ramp2
Invoking initialize():  .top.Test
Initializing actor: .top.Test
Adding a thread: .top.Test
-- Starting thread.
Called initialize()
Called prefire()
Called fire()
-- Starting thread.
Called initialize()
Called prefire()
Called fire()
Called postfire()
Called prefire()
Called fire()
-- Starting thread.
Called initialize()
Called prefire()
Called fire()
Called postfire()
Called prefire()
Called fire()
Called fire().
Checking for deadlock:
There are 3 Blocked actors, 0 Stopped actors, and 4 active threads.
Waiting for actors to stop.
-- Starting thread.
Called initialize()
Called prefire()
Called fire()
Checking for deadlock:
There are 2 Blocked actors, 0 Stopped actors, and 4 active threads.
Waiting for actors to stop.
Called postfire()
Called prefire()
Called fire()
Checking for deadlock:
There are 3 Blocked actors, 0 Stopped actors, and 4 active threads.
Waiting for actors to stop.
Read input token from inputA with value 0.0
Next port to read input from is inputB
Called postfire()
Called prefire()
Called fire()
Called postfire()
Called prefire()
Called fire()
Checking for deadlock:
There are 3 Blocked actors, 0 Stopped actors, and 4 active threads.
Waiting for actors to stop.
Read input token from inputB with value 0.0
Checking for deadlock:
There are 2 Blocked actors, 0 Stopped actors, and 4 active threads.
Waiting for actors to stop.
-- Read input: 0.0, which is expected to match: 0.0
Called prefire()
Called fire()
Checking for deadlock:
There are 3 Blocked actors, 0 Stopped actors, and 4 active threads.
Waiting for actors to stop.
Sent output token with value 0.0
Next port to read input from is inputA
Called postfire()
Called prefire()
Called fire()
Called postfire()
Called prefire()
Called fire()
Checking for deadlock:
There are 3 Blocked actors, 0 Stopped actors, and 4 active threads.
Waiting for actors to stop.
Read input token from inputA with value 1.0
-- Read input: 0.0, which is expected to match: 0.0
Called prefire()
Called fire()
Checking for deadlock:
There are 3 Blocked actors, 0 Stopped actors, and 4 active threads.
Waiting for actors to stop.
Sent output token with value 0.0
Next port to read input from is inputB
Called postfire()
Called prefire()
Called fire()
Checking for deadlock:
There are 2 Blocked actors, 0 Stopped actors, and 4 active threads.
Waiting for actors to stop.
Called postfire()
Called prefire()
Called fire()
Checking for deadlock:
There are 3 Blocked actors, 0 Stopped actors, and 4 active threads.
Waiting for actors to stop.
Read input token from inputB with value 1.5
Checking for deadlock:
There are 2 Blocked actors, 0 Stopped actors, and 4 active threads.
Waiting for actors to stop.
-- Read input: 1.0, which is expected to match: 1.0
Called prefire()
Called fire()
Checking for deadlock:
There are 3 Blocked actors, 0 Stopped actors, and 4 active threads.
Waiting for actors to stop.
Sent output token with value 1.0
Next port to read input from is inputA
Called postfire()
Called prefire()
Called fire()
Called postfire()
Called prefire()
Called fire()
Checking for deadlock:
There are 3 Blocked actors, 0 Stopped actors, and 4 active threads.
Waiting for actors to stop.
Read input token from inputA with value 2.0
-- Read input: 1.5, which is expected to match: 1.5
Called prefire()
Called fire()
Checking for deadlock:
There are 3 Blocked actors, 0 Stopped actors, and 4 active threads.
Waiting for actors to stop.
Sent output token with value 1.5
Next port to read input from is inputB
Called postfire()
Called prefire()
Called fire()
Checking for deadlock:
There are 2 Blocked actors, 0 Stopped actors, and 4 active threads.
Waiting for actors to stop.
Called postfire()
Called prefire()
Called fire()
Checking for deadlock:
There are 3 Blocked actors, 0 Stopped actors, and 4 active threads.
Waiting for actors to stop.
Read input token from inputB with value 3.0
Checking for deadlock:
There are 2 Blocked actors, 0 Stopped actors, and 4 active threads.
Waiting for actors to stop.
-- Read input: 2.0, which is expected to match: 2.0
Called prefire()
Called fire()
Checking for deadlock:
There are 3 Blocked actors, 0 Stopped actors, and 4 active threads.
Waiting for actors to stop.
Sent output token with value 2.0
Next port to read input from is inputA
Called postfire()
Called prefire()
Called fire()
Called postfire()
Called prefire()
Called fire()
Checking for deadlock:
There are 3 Blocked actors, 0 Stopped actors, and 4 active threads.
Waiting for actors to stop.
Read input token from inputA with value 3.0
-- Read input: 3.0, which is expected to match: 3.0
Called prefire()
Called fire()
Checking for deadlock:
There are 3 Blocked actors, 0 Stopped actors, and 4 active threads.
Waiting for actors to stop.
Sent output token with value 3.0
Next port to read input from is inputB
Called postfire()
Called prefire()
Called fire()
Checking for deadlock:
There are 2 Blocked actors, 0 Stopped actors, and 4 active threads.
Waiting for actors to stop.
Called postfire()
Called prefire()
Called fire()
Checking for deadlock:
There are 3 Blocked actors, 0 Stopped actors, and 4 active threads.
Waiting for actors to stop.
Read input token from inputB with value 4.5
Checking for deadlock:
There are 2 Blocked actors, 0 Stopped actors, and 4 active threads.
Waiting for actors to stop.
-- Read input: 3.0, which is expected to match: 3.0
Called prefire()
Called fire()
Checking for deadlock:
There are 3 Blocked actors, 0 Stopped actors, and 4 active threads.
Waiting for actors to stop.
Sent output token with value 3.0
Next port to read input from is inputA
Called postfire()
Called prefire()
Called fire()
Called postfire()
Called prefire()
Called fire()
Checking for deadlock:
There are 3 Blocked actors, 0 Stopped actors, and 4 active threads.
Waiting for actors to stop.
Read input token from inputA with value 4.0
-- Read input: 4.0, which is expected to match: 4.0
Called prefire()
Called fire()
Past the end of training data. Read and discard all inputs.
Checking for deadlock:
There are 3 Blocked actors, 0 Stopped actors, and 4 active threads.
Waiting for actors to stop.
Sent output token with value 4.0
Next port to read input from is inputA
Called postfire()
Called prefire()
Called fire()
Called postfire()
Called prefire()
Called fire()
Checking for deadlock:
There are 3 Blocked actors, 0 Stopped actors, and 4 active threads.
Waiting for actors to stop.
Read input token from inputA with value 5.0
Called prefire()
Called fire()
Past the end of training data. Read and discard all inputs.
Checking for deadlock:
There are 3 Blocked actors, 0 Stopped actors, and 4 active threads.
Waiting for actors to stop.
Sent output token with value 4.5
Next port to read input from is inputB
Called postfire()
Called prefire()
Called fire()
Checking for deadlock:
There are 2 Blocked actors, 0 Stopped actors, and 4 active threads.
Waiting for actors to stop.
Called postfire()
Called prefire()
Called fire()
Checking for deadlock:
There are 3 Blocked actors, 0 Stopped actors, and 4 active threads.
Waiting for actors to stop.
Read input token from inputB with value 6.0
Checking for deadlock:
There are 2 Blocked actors, 0 Stopped actors, and 4 active threads.
Waiting for actors to stop.
Called prefire()
Called fire()
Past the end of training data. Read and discard all inputs.
Checking for deadlock:
There are 3 Blocked actors, 0 Stopped actors, and 4 active threads.
Waiting for actors to stop.
Sent output token with value 5.0
Next port to read input from is inputA
Called postfire()
Called prefire()
Called fire()
Called postfire()
Called prefire()
Called fire()
Checking for deadlock:
There are 3 Blocked actors, 0 Stopped actors, and 4 active threads.
Waiting for actors to stop.
Read input token from inputA with value 6.0
Called prefire()
Called fire()
Past the end of training data. Read and discard all inputs.
Checking for deadlock:
There are 3 Blocked actors, 0 Stopped actors, and 4 active threads.
Waiting for actors to stop.
Sent output token with value 6.0
Next port to read input from is inputB
Called postfire()
Called prefire()
Called fire()
Checking for deadlock:
There are 2 Blocked actors, 0 Stopped actors, and 4 active threads.
Waiting for actors to stop.
Called postfire()
Called prefire()
Called fire()
Checking for deadlock:
There are 3 Blocked actors, 0 Stopped actors, and 4 active threads.
Waiting for actors to stop.
Read input token from inputB with value 7.5
Checking for deadlock:
There are 2 Blocked actors, 0 Stopped actors, and 4 active threads.
Waiting for actors to stop.
Called prefire()
Called fire()
Past the end of training data. Read and discard all inputs.
Checking for deadlock:
There are 3 Blocked actors, 0 Stopped actors, and 4 active threads.
Waiting for actors to stop.
Sent output token with value 6.0
Next port to read input from is inputA
Called postfire()
Called prefire()
Called fire()
Called postfire()
Called prefire()
Called fire()
Checking for deadlock:
There are 3 Blocked actors, 0 Stopped actors, and 4 active threads.
Waiting for actors to stop.
Read input token from inputA with value 7.0
Called prefire()
Called fire()
Past the end of training data. Read and discard all inputs.
Checking for deadlock:
There are 3 Blocked actors, 0 Stopped actors, and 4 active threads.
Waiting for actors to stop.
Sent output token with value 7.0
Next port to read input from is inputA
Called postfire()
Called prefire()
Called fire()
-- Thread wrapup() called.
Called wrapup()
Thread .top.Ramp is exiting.
-- Thread stopped.
Checking for deadlock:
There are 2 Blocked actors, 0 Stopped actors, and 3 active threads.
Waiting for actors to stop.
Read input token from inputA with value 8.0
Checking for deadlock:
There are 1 Blocked actors, 0 Stopped actors, and 3 active threads.
Waiting for actors to stop.
Called prefire()
Called fire()
Past the end of training data. Read and discard all inputs.
Checking for deadlock:
There are 2 Blocked actors, 0 Stopped actors, and 3 active threads.
Waiting for actors to stop.
Sent output token with value 7.5
Next port to read input from is inputB
Called postfire()
Called prefire()
Called fire()
Checking for deadlock:
There are 1 Blocked actors, 0 Stopped actors, and 3 active threads.
Waiting for actors to stop.
Called postfire()
Called prefire()
Called fire()
Checking for deadlock:
There are 2 Blocked actors, 0 Stopped actors, and 3 active threads.
Waiting for actors to stop.
Read input token from inputB with value 9.0
Checking for deadlock:
There are 1 Blocked actors, 0 Stopped actors, and 3 active threads.
Waiting for actors to stop.
Called prefire()
Called fire()
Past the end of training data. Read and discard all inputs.
Checking for deadlock:
There are 2 Blocked actors, 0 Stopped actors, and 3 active threads.
Waiting for actors to stop.
Sent output token with value 8.0
Next port to read input from is inputA
Called postfire()
Called prefire()
Called fire()
Read input token from inputA with value 9.0
Called prefire()
Called fire()
Past the end of training data. Read and discard all inputs.
Checking for deadlock:
There are 2 Blocked actors, 0 Stopped actors, and 3 active threads.
Waiting for actors to stop.
Sent output token with value 9.0
Next port to read input from is inputB
Called postfire()
Called prefire()
Called fire()
Called postfire()
Called prefire()
Called fire()
Checking for deadlock:
There are 2 Blocked actors, 0 Stopped actors, and 3 active threads.
Waiting for actors to stop.
Read input token from inputB with value 10.5
Called prefire()
Called fire()
Past the end of training data. Read and discard all inputs.
Checking for deadlock:
There are 2 Blocked actors, 0 Stopped actors, and 3 active threads.
Waiting for actors to stop.
Sent output token with value 9.0
Next port to read input from is inputA
Called postfire()
Called prefire()
Called fire()
Checking for deadlock:
There are 3 Blocked actors, 0 Stopped actors, and 3 active threads.
Actors have stopped.
Checking for deadlock:
There are 3 Blocked actors, 0 Stopped actors, and 3 active threads.
Deadlock detected.
Resolving Deadlock
Checking for deadlock:
There are 3 Blocked actors, 0 Stopped actors, and 3 active threads.
Artificial Deadlock - increasing queue capacity.
increasing the capacity of receiver ptolemy.actor.TypedIOPort {.top.OrderedMerge.inputB} to 2
Director: Called postfire().
Called postfire().
_stopRequested = false
_stopFireRequested = false
Returning from postfire(): true
Called fire().
Checking for deadlock:
There are 2 Blocked actors, 0 Stopped actors, and 3 active threads.
Waiting for actors to stop.
-- Thread wrapup() called.
Called wrapup()
Thread .top.Ramp2 is exiting.
-- Thread stopped.
Checking for deadlock:
There are 2 Blocked actors, 0 Stopped actors, and 2 active threads.
Actors have stopped.
Checking for deadlock:
There are 2 Blocked actors, 0 Stopped actors, and 2 active threads.
Deadlock detected.
Resolving Deadlock
Checking for deadlock:
There are 2 Blocked actors, 0 Stopped actors, and 2 active threads.
Deadlock detected: no processes blocked on write, but some are blocked on read.
Called postfire().
_stopRequested = false
_stopFireRequested = false
Returning from postfire(): false
Finished deactivating branches.
Called wrapup().
-- Thread wrapup() called.
Called wrapup()
-- Thread wrapup() called.
Called wrapup()
Thread .top.Test is exiting.
-- Thread stopped.
-- Blocked Receiver call threw TerminateProcessException.
Thread .top.OrderedMerge is exiting.
20 ms. Memory: 149504K Free: 120455K (81%)
/home/travis/build/icyphy/ptII/ptolemy/actor/lib/test/Publisher.tcl
-- Thread stopped.
-- Blocked Receiver call threw TerminateProcessException.
7 ms. Memory: 149504K Free: 114311K (76%)
12 ms. Memory: 149504K Free: 108677K (73%)
8 ms. Memory: 149504K Free: 105095K (70%)
5 ms. Memory: 149504K Free: 104071K (70%)
11 ms. Memory: 149504K Free: 103543K (69%)
3 ms. Memory: 149504K Free: 102533K (69%)
3 ms. Memory: 149504K Free: 102023K (68%)
3 ms. Memory: 149504K Free: 100999K (68%)
29 ms. Memory: 149504K Free: 133385K (89%)
8 ms. Memory: 149504K Free: 129273K (86%)
2 ms. Memory: 149504K Free: 128777K (86%)
4 ms. Memory: 149504K Free: 126729K (85%)
15 ms. Memory: 149504K Free: 118537K (79%)
5 ms. Memory: 149504K Free: 109321K (73%)
17 ms. Memory: 149504K Free: 98057K (66%)
/home/travis/build/icyphy/ptII/ptolemy/actor/lib/test/Pulse.tcl
2 ms. Memory: 149504K Free: 127120K (85%)
2 ms. Memory: 149504K Free: 126610K (85%)
1 ms. Memory: 149504K Free: 126096K (84%)
1 ms. Memory: 149504K Free: 125072K (84%)
1 ms. Memory: 149504K Free: 124562K (83%)
6 ms. Memory: 149504K Free: 123538K (83%)
2 ms. Memory: 149504K Free: 122512K (82%)
1 ms. Memory: 149504K Free: 122000K (82%)
2 ms. Memory: 149504K Free: 120976K (81%)
/home/travis/build/icyphy/ptII/ptolemy/actor/lib/test/Ramp.tcl
2 ms. Memory: 149504K Free: 119442K (80%)
2 ms. Memory: 149504K Free: 118418K (79%)
1 ms. Memory: 149504K Free: 117890K (79%)
1 ms. Memory: 149504K Free: 116880K (78%)
4 ms. Memory: 149504K Free: 116370K (78%)
4 ms. Memory: 149504K Free: 115346K (77%)
5 ms. Memory: 149504K Free: 114322K (76%)
5 actors
13000 microseconds per iteration to create
11 ms. Memory: 149504K Free: 111746K (75%)
2 ms. Memory: 149504K Free: 111250K (74%)
2 ms. Memory: 149504K Free: 110730K (74%)
5 ms. Memory: 149504K Free: 109698K (73%)
50 actors
32000 microseconds per iteration to create
35 ms. Memory: 149504K Free: 94352K (63%)
7 ms. Memory: 149504K Free: 93328K (62%)
6 ms. Memory: 149504K Free: 92304K (62%)
6 ms. Memory: 149504K Free: 91280K (61%)
500 actors
1687000 microseconds per iteration to create
271 ms. Memory: 180224K Free: 123945K (69%)
56 ms. Memory: 180224K Free: 118825K (66%)
62 ms. Memory: 180224K Free: 113705K (63%)
73 ms. Memory: 180224K Free: 108585K (60%)
/home/travis/build/icyphy/ptII/ptolemy/actor/lib/test/RampContinuous.tcl
10 ms. Memory: 180224K Free: 107033K (59%)
/home/travis/build/icyphy/ptII/ptolemy/actor/lib/test/RecordAssembler.tcl
6 ms. Memory: 180224K Free: 105513K (59%)
4 ms. Memory: 180224K Free: 104489K (58%)
/home/travis/build/icyphy/ptII/ptolemy/actor/lib/test/RecordDisassembler.tcl
7 ms. Memory: 180224K Free: 102441K (57%)
3 ms. Memory: 180224K Free: 101897K (57%)
6 ms. Memory: 180224K Free: 100889K (56%)
/home/travis/build/icyphy/ptII/ptolemy/actor/lib/test/Scale.tcl
4 ms. Memory: 180224K Free: 98855K (55%)
3 ms. Memory: 180224K Free: 98345K (55%)
2 ms. Memory: 180224K Free: 97321K (54%)
4 ms. Memory: 180224K Free: 96297K (53%)
5 ms. Memory: 180224K Free: 95783K (53%)
/home/travis/build/icyphy/ptII/ptolemy/actor/lib/test/SequentialClock.tcl
preinitializing
resolving types
initializing
executing number 1
wrapping up
idle
5 ms. Memory: 180224K Free: 94249K (52%)
Completed execution with 5 iterations
preinitializing
resolving types
initializing
executing number 1
wrapping up
idle
3 ms. Memory: 180224K Free: 93705K (52%)
Completed execution with 5 iterations
preinitializing
resolving types
initializing
executing number 1
wrapping up
idle
3 ms. Memory: 180224K Free: 93225K (52%)
Completed execution with 5 iterations
/home/travis/build/icyphy/ptII/ptolemy/actor/lib/test/SetVariable.tcl
7 ms. Memory: 180224K Free: 91687K (51%)


==== $PTII/ptolemy/actor/lib/test/SetVariable.tcl: SetVariable-3.1 changeFailed
==== Contents of test case:

    #Uses 2.1 above
    jdkCaptureErr {
        # This test was failing if we ran Exit.tcl and then this test.
        # MessageHandler.error() now actually throws the Exception.
	catch {$setVariable changeFailed [java::null]  [java::new Exception {Test exception for SetVariable.changeFailed()}]} errMsg
    } results
    list [string range $results 0 89] "\n" $errMsg

==== Result was:
{java.lang.Exception: Test exception for SetVariable.changeFailed()
	at java.base/jdk.inter} {
} {java.lang.RuntimeException: java.lang.Exception: Test exception for SetVariable.changeFailed()}
---- Result should have been:
{Failed to set variable.
java.lang.Exception: Test exception for SetVariable.changeFailed()} {
} {java.lang.RuntimeException: java.lang.Exception: Test exception for SetVariable.changeFailed()}
---- SetVariable-3.1 FAILED
/home/travis/build/icyphy/ptII/ptolemy/actor/lib/test/Sinewave.tcl
/home/travis/build/icyphy/ptII/ptolemy/actor/lib/test/SubscriptionAggregator.tcl
6 ms. Memory: 180224K Free: 79399K (44%)
6 ms. Memory: 180224K Free: 78889K (44%)
1 ms. Memory: 180224K Free: 78375K (43%)
0 ms. Memory: 180224K Free: 77865K (43%)
2 ms. Memory: 180224K Free: 74265K (41%)
9 ms. Memory: 180224K Free: 72231K (40%)
...............................................................1192 ms. Memory: 249856K Free: 163933K (66%)
/home/travis/build/icyphy/ptII/ptolemy/actor/lib/test/Test.tcl
 The next command will produce a warning about training mode,
   which may be ignored.
7 ms. Memory: 249856K Free: 161885K (65%)
7 ms. Memory: 249856K Free: 161375K (65%)
13 ms. Memory: 249856K Free: 160846K (64%)
1 ms. Memory: 249856K Free: 160351K (64%)
2 ms. Memory: 249856K Free: 159327K (64%)
3 ms. Memory: 249856K Free: 158303K (63%)
7 ms. Memory: 249856K Free: 156734K (63%)
 The next command will produce a warning about training mode,
   which may be ignored.
11 ms. Memory: 249856K Free: 154686K (62%)
 The next command will produce a warning about training mode,
   which may be ignored.
2 ms. Memory: 249856K Free: 153662K (62%)
1 ms. Memory: 249856K Free: 153183K (61%)
9 ms. Memory: 249856K Free: 152669K (61%)
2 ms. Memory: 249856K Free: 152159K (61%)
8 ms. Memory: 249856K Free: 151135K (60%)
6 ms. Memory: 249856K Free: 147039K (59%)
/home/travis/build/icyphy/ptII/ptolemy/actor/lib/test/TestExceptionHandler.tcl
 The next command will produce a warning about training mode,
   which may be ignored.
3 ms. Memory: 249856K Free: 146015K (58%)
1 ms. Memory: 249856K Free: 145486K (58%)
1 ms. Memory: 249856K Free: 144991K (58%)
/home/travis/build/icyphy/ptII/ptolemy/actor/lib/test/UnionDisassembler.tcl
28 ms. Memory: 249856K Free: 137309K (55%)
/home/travis/build/icyphy/ptII/ptolemy/actor/lib/test/VariableClock.tcl
preinitializing
resolving types
initializing
executing number 1
wrapping up
idle
12 ms. Memory: 249856K Free: 135773K (54%)
Completed execution with 11 iterations
preinitializing
resolving types
initializing
executing number 1
wrapping up
idle
12 ms. Memory: 249856K Free: 134222K (54%)
Completed execution with 10 iterations
08/21/19 05:31:35
Failed: 1  Total Tests: 234  ((Passed: 233, Newly Passed: 0)  Known Failed: 0) /home/travis/build/icyphy/ptII/ptolemy/actor/lib/test
----------------- testing (KnownFailure) /home/travis/build/icyphy/ptII/ptolemy/actor/lib/test/auto/knownFailedTests/PublisherPortToplevelSubscriber.xml
1 ms. Memory: 249856K Free: 130655K (52%)
Known Failure: java.lang.reflect.InvocationTargetException
----------------- testing (KnownFailure) /home/travis/build/icyphy/ptII/ptolemy/actor/lib/test/auto/knownFailedTests/PublisherSubscriberPortToplevel.xml
0 ms. Memory: 249856K Free: 127069K (51%)
Known Failure: java.lang.reflect.InvocationTargetException
----------------- testing (KnownFailure) /home/travis/build/icyphy/ptII/ptolemy/actor/lib/test/auto/knownFailedTests/PublisherSubscriptionAggregatorPort.xml
1 ms. Memory: 249856K Free: 122973K (49%)
Known Failure: java.lang.reflect.InvocationTargetException
----------------- testing (KnownFailure) /home/travis/build/icyphy/ptII/ptolemy/actor/lib/test/auto/knownFailedTests/sizedarray3.xml
4 ms. Memory: 249856K Free: 118877K (48%)
Known Failure: java.lang.reflect.InvocationTargetException
No auto/linux-amd64/*.xml tests in /home/travis/build/icyphy/ptII/ptolemy/actor/lib/test
AutoTests.java: About to close Vertx.
AutoTests.java: Vertx closed.

===========================================================================================
----------------- testing Wed Aug 21 05:31:36 UTC 2019 /home/travis/build/icyphy/ptII/ptolemy/actor/lib/test/auto/AbsoluteValue.xml
----------------- Instantiating /home/travis/build/icyphy/ptII/ptolemy/actor/lib/test/auto/AbsoluteValue.xml
4 ms. Memory: 249856K Free: 95325K (38%)
----------------- Invoking toplevel() on ptolemy.moml.MoMLSimpleApplication@1f410988
----------------- Done invoking toplevel() on ptolemy.moml.MoMLSimpleApplication@1f410988
reloadAllAccessors: .AbsoluteValue

===========================================================================================
----------------- testing Wed Aug 21 05:31:36 UTC 2019 /home/travis/build/icyphy/ptII/ptolemy/actor/lib/test/auto/AbsoluteValue2.xml
----------------- Instantiating /home/travis/build/icyphy/ptII/ptolemy/actor/lib/test/auto/AbsoluteValue2.xml
5 ms. Memory: 249856K Free: 88157K (35%)
----------------- Invoking toplevel() on ptolemy.moml.MoMLSimpleApplication@70696240
----------------- Done invoking toplevel() on ptolemy.moml.MoMLSimpleApplication@70696240
reloadAllAccessors: .AbsoluteValue2

===========================================================================================
----------------- testing Wed Aug 21 05:31:36 UTC 2019 /home/travis/build/icyphy/ptII/ptolemy/actor/lib/test/auto/Accumulator.xml
----------------- Instantiating /home/travis/build/icyphy/ptII/ptolemy/actor/lib/test/auto/Accumulator.xml
8 ms. Memory: 249856K Free: 82013K (33%)
----------------- Invoking toplevel() on ptolemy.moml.MoMLSimpleApplication@c53bb18
----------------- Done invoking toplevel() on ptolemy.moml.MoMLSimpleApplication@c53bb18
reloadAllAccessors: .Accumulator

===========================================================================================
----------------- testing Wed Aug 21 05:31:36 UTC 2019 /home/travis/build/icyphy/ptII/ptolemy/actor/lib/test/auto/Accumulator2.xml
----------------- Instantiating /home/travis/build/icyphy/ptII/ptolemy/actor/lib/test/auto/Accumulator2.xml
96 ms. Memory: 249856K Free: 202998K (81%)
----------------- Invoking toplevel() on ptolemy.moml.MoMLSimpleApplication@634177cb
----------------- Done invoking toplevel() on ptolemy.moml.MoMLSimpleApplication@634177cb
reloadAllAccessors: .Accumulator2

===========================================================================================
----------------- testing Wed Aug 21 05:31:36 UTC 2019 /home/travis/build/icyphy/ptII/ptolemy/actor/lib/test/auto/Accumulator3.xml
----------------- Instantiating /home/travis/build/icyphy/ptII/ptolemy/actor/lib/test/auto/Accumulator3.xml
3 ms. Memory: 249856K Free: 197646K (79%)
----------------- Invoking toplevel() on ptolemy.moml.MoMLSimpleApplication@3d388992
----------------- Done invoking toplevel() on ptolemy.moml.MoMLSimpleApplication@3d388992
reloadAllAccessors: .Accumulator3

===========================================================================================
----------------- testing Wed Aug 21 05:31:36 UTC 2019 /home/travis/build/icyphy/ptII/ptolemy/actor/lib/test/auto/ArrayAppend.xml
----------------- Instantiating /home/travis/build/icyphy/ptII/ptolemy/actor/lib/test/auto/ArrayAppend.xml
5 ms. Memory: 249856K Free: 191487K (77%)
----------------- Invoking toplevel() on ptolemy.moml.MoMLSimpleApplication@588716a0
----------------- Done invoking toplevel() on ptolemy.moml.MoMLSimpleApplication@588716a0
reloadAllAccessors: .ArrayAppend

===========================================================================================
----------------- testing Wed Aug 21 05:31:36 UTC 2019 /home/travis/build/icyphy/ptII/ptolemy/actor/lib/test/auto/ArrayAppend2.xml
----------------- Instantiating /home/travis/build/icyphy/ptII/ptolemy/actor/lib/test/auto/ArrayAppend2.xml
418 ms. Memory: 249856K Free: 108558K (43%)
----------------- Invoking toplevel() on ptolemy.moml.MoMLSimpleApplication@aef6bd7
----------------- Done invoking toplevel() on ptolemy.moml.MoMLSimpleApplication@aef6bd7
reloadAllAccessors: .ArrayAppend2

===========================================================================================
----------------- testing Wed Aug 21 05:31:37 UTC 2019 /home/travis/build/icyphy/ptII/ptolemy/actor/lib/test/auto/ArrayAppend3.xml
----------------- Instantiating /home/travis/build/icyphy/ptII/ptolemy/actor/lib/test/auto/ArrayAppend3.xml
6 ms. Memory: 249856K Free: 103438K (41%)
----------------- Invoking toplevel() on ptolemy.moml.MoMLSimpleApplication@2d98d5e5
----------------- Done invoking toplevel() on ptolemy.moml.MoMLSimpleApplication@2d98d5e5
reloadAllAccessors: .ArrayAppend3

===========================================================================================
----------------- testing Wed Aug 21 05:31:37 UTC 2019 /home/travis/build/icyphy/ptII/ptolemy/actor/lib/test/auto/ArrayAppend4.xml
----------------- Instantiating /home/travis/build/icyphy/ptII/ptolemy/actor/lib/test/auto/ArrayAppend4.xml
3 ms. Memory: 249856K Free: 97808K (39%)
----------------- Invoking toplevel() on ptolemy.moml.MoMLSimpleApplication@3422efca
----------------- Done invoking toplevel() on ptolemy.moml.MoMLSimpleApplication@3422efca
reloadAllAccessors: .ArrayAppend4

===========================================================================================
----------------- testing Wed Aug 21 05:31:37 UTC 2019 /home/travis/build/icyphy/ptII/ptolemy/actor/lib/test/auto/ArrayAppend5.xml
----------------- Instantiating /home/travis/build/icyphy/ptII/ptolemy/actor/lib/test/auto/ArrayAppend5.xml
2 ms. Memory: 249856K Free: 92688K (37%)
----------------- Invoking toplevel() on ptolemy.moml.MoMLSimpleApplication@556a82f4
----------------- Done invoking toplevel() on ptolemy.moml.MoMLSimpleApplication@556a82f4
reloadAllAccessors: .ArrayAppend5

===========================================================================================
----------------- testing Wed Aug 21 05:31:37 UTC 2019 /home/travis/build/icyphy/ptII/ptolemy/actor/lib/test/auto/ArrayAppend6.xml
----------------- Instantiating /home/travis/build/icyphy/ptII/ptolemy/actor/lib/test/auto/ArrayAppend6.xml
3 ms. Memory: 249856K Free: 88078K (35%)
----------------- Invoking toplevel() on ptolemy.moml.MoMLSimpleApplication@2f4587b2
----------------- Done invoking toplevel() on ptolemy.moml.MoMLSimpleApplication@2f4587b2
reloadAllAccessors: .ArrayAppend6

===========================================================================================
----------------- testing Wed Aug 21 05:31:37 UTC 2019 /home/travis/build/icyphy/ptII/ptolemy/actor/lib/test/auto/ArrayAppendPerformanceTest.xml
----------------- Instantiating /home/travis/build/icyphy/ptII/ptolemy/actor/lib/test/auto/ArrayAppendPerformanceTest.xml
41 ms. Memory: 249856K Free: 76814K (31%)
----------------- Invoking toplevel() on ptolemy.moml.MoMLSimpleApplication@159ce5cc
----------------- Done invoking toplevel() on ptolemy.moml.MoMLSimpleApplication@159ce5cc
reloadAllAccessors: .ArrayAppendPerformanceTest

===========================================================================================
----------------- testing Wed Aug 21 05:31:37 UTC 2019 /home/travis/build/icyphy/ptII/ptolemy/actor/lib/test/auto/ArrayAppendWithEmptyInput.xml
----------------- Instantiating /home/travis/build/icyphy/ptII/ptolemy/actor/lib/test/auto/ArrayAppendWithEmptyInput.xml
12 ms. Memory: 249856K Free: 69136K (28%)
----------------- Invoking toplevel() on ptolemy.moml.MoMLSimpleApplication@814ea9a
----------------- Done invoking toplevel() on ptolemy.moml.MoMLSimpleApplication@814ea9a
reloadAllAccessors: .ArrayAppendWithEmptyInput

===========================================================================================
----------------- testing Wed Aug 21 05:31:37 UTC 2019 /home/travis/build/icyphy/ptII/ptolemy/actor/lib/test/auto/ArrayAverage.xml
----------------- Instantiating /home/travis/build/icyphy/ptII/ptolemy/actor/lib/test/auto/ArrayAverage.xml
6 ms. Memory: 499712K Free: 449550K (90%)
----------------- Invoking toplevel() on ptolemy.moml.MoMLSimpleApplication@7af9a6a7
----------------- Done invoking toplevel() on ptolemy.moml.MoMLSimpleApplication@7af9a6a7
reloadAllAccessors: .ArrayAverage

===========================================================================================
----------------- testing Wed Aug 21 05:31:37 UTC 2019 /home/travis/build/icyphy/ptII/ptolemy/actor/lib/test/auto/ArrayContains.xml
----------------- Instantiating /home/travis/build/icyphy/ptII/ptolemy/actor/lib/test/auto/ArrayContains.xml
3 ms. Memory: 499712K Free: 443408K (89%)
----------------- Invoking toplevel() on ptolemy.moml.MoMLSimpleApplication@6360303e
----------------- Done invoking toplevel() on ptolemy.moml.MoMLSimpleApplication@6360303e
reloadAllAccessors: .ArrayContains

===========================================================================================
----------------- testing Wed Aug 21 05:31:37 UTC 2019 /home/travis/build/icyphy/ptII/ptolemy/actor/lib/test/auto/ArrayElement.xml
----------------- Instantiating /home/travis/build/icyphy/ptII/ptolemy/actor/lib/test/auto/ArrayElement.xml
5 ms. Memory: 499712K Free: 437774K (88%)
----------------- Invoking toplevel() on ptolemy.moml.MoMLSimpleApplication@1f5b3096
----------------- Done invoking toplevel() on ptolemy.moml.MoMLSimpleApplication@1f5b3096
reloadAllAccessors: .ArrayElement

===========================================================================================
----------------- testing Wed Aug 21 05:31:37 UTC 2019 /home/travis/build/icyphy/ptII/ptolemy/actor/lib/test/auto/ArrayElementAsMatrix.xml
----------------- Instantiating /home/travis/build/icyphy/ptII/ptolemy/actor/lib/test/auto/ArrayElementAsMatrix.xml
25 ms. Memory: 499712K Free: 427534K (86%)
----------------- Invoking toplevel() on ptolemy.moml.MoMLSimpleApplication@14e731c
----------------- Done invoking toplevel() on ptolemy.moml.MoMLSimpleApplication@14e731c
reloadAllAccessors: .ArrayElementAsMatrix

===========================================================================================
----------------- testing Wed Aug 21 05:31:37 UTC 2019 /home/travis/build/icyphy/ptII/ptolemy/actor/lib/test/auto/ArrayElementI.xml
----------------- Instantiating /home/travis/build/icyphy/ptII/ptolemy/actor/lib/test/auto/ArrayElementI.xml
4 ms. Memory: 499712K Free: 422414K (85%)
----------------- Invoking toplevel() on ptolemy.moml.MoMLSimpleApplication@6b59b1d4
----------------- Done invoking toplevel() on ptolemy.moml.MoMLSimpleApplication@6b59b1d4
reloadAllAccessors: .ArrayElementI

===========================================================================================
----------------- testing Wed Aug 21 05:31:37 UTC 2019 /home/travis/build/icyphy/ptII/ptolemy/actor/lib/test/auto/ArrayExtract.xml
----------------- Instantiating /home/travis/build/icyphy/ptII/ptolemy/actor/lib/test/auto/ArrayExtract.xml
7 ms. Memory: 499712K Free: 413712K (83%)
----------------- Invoking toplevel() on ptolemy.moml.MoMLSimpleApplication@62d9a3db
----------------- Done invoking toplevel() on ptolemy.moml.MoMLSimpleApplication@62d9a3db
reloadAllAccessors: .ArrayExtract

===========================================================================================
----------------- testing Wed Aug 21 05:31:37 UTC 2019 /home/travis/build/icyphy/ptII/ptolemy/actor/lib/test/auto/ArrayExtract2.xml
----------------- Instantiating /home/travis/build/icyphy/ptII/ptolemy/actor/lib/test/auto/ArrayExtract2.xml
2 ms. Memory: 499712K Free: 408592K (82%)
----------------- Invoking toplevel() on ptolemy.moml.MoMLSimpleApplication@3705c57e
----------------- Done invoking toplevel() on ptolemy.moml.MoMLSimpleApplication@3705c57e
reloadAllAccessors: .ArrayExtract2

===========================================================================================
----------------- testing Wed Aug 21 05:31:37 UTC 2019 /home/travis/build/icyphy/ptII/ptolemy/actor/lib/test/auto/ArrayLength.xml
----------------- Instantiating /home/travis/build/icyphy/ptII/ptolemy/actor/lib/test/auto/ArrayLength.xml
4 ms. Memory: 499712K Free: 404496K (81%)
----------------- Invoking toplevel() on ptolemy.moml.MoMLSimpleApplication@5d683529
----------------- Done invoking toplevel() on ptolemy.moml.MoMLSimpleApplication@5d683529
reloadAllAccessors: .ArrayLength

===========================================================================================
----------------- testing Wed Aug 21 05:31:38 UTC 2019 /home/travis/build/icyphy/ptII/ptolemy/actor/lib/test/auto/ArrayLevelCrossing.xml
----------------- Instantiating /home/travis/build/icyphy/ptII/ptolemy/actor/lib/test/auto/ArrayLevelCrossing.xml
5 ms. Memory: 499712K Free: 396814K (79%)
----------------- Invoking toplevel() on ptolemy.moml.MoMLSimpleApplication@299a5e86
----------------- Done invoking toplevel() on ptolemy.moml.MoMLSimpleApplication@299a5e86
reloadAllAccessors: .ArrayLevelCrossing

===========================================================================================
----------------- testing Wed Aug 21 05:31:38 UTC 2019 /home/travis/build/icyphy/ptII/ptolemy/actor/lib/test/auto/ArrayLevelCrossing2.xml
----------------- Instantiating /home/travis/build/icyphy/ptII/ptolemy/actor/lib/test/auto/ArrayLevelCrossing2.xml
4 ms. Memory: 499712K Free: 389136K (78%)
----------------- Invoking toplevel() on ptolemy.moml.MoMLSimpleApplication@6a0c9e91
----------------- Done invoking toplevel() on ptolemy.moml.MoMLSimpleApplication@6a0c9e91
reloadAllAccessors: .ArrayLevelCrossing2

===========================================================================================
----------------- testing Wed Aug 21 05:31:38 UTC 2019 /home/travis/build/icyphy/ptII/ptolemy/actor/lib/test/auto/ArrayPeakSearch.xml
----------------- Instantiating /home/travis/build/icyphy/ptII/ptolemy/actor/lib/test/auto/ArrayPeakSearch.xml
12 ms. Memory: 499712K Free: 380430K (76%)
----------------- Invoking toplevel() on ptolemy.moml.MoMLSimpleApplication@31bf77a3
----------------- Done invoking toplevel() on ptolemy.moml.MoMLSimpleApplication@31bf77a3
reloadAllAccessors: .ArrayPeakSearch

===========================================================================================
----------------- testing Wed Aug 21 05:31:38 UTC 2019 /home/travis/build/icyphy/ptII/ptolemy/actor/lib/test/auto/ArrayPeakSearch2.xml
----------------- Instantiating /home/travis/build/icyphy/ptII/ptolemy/actor/lib/test/auto/ArrayPeakSearch2.xml
10 ms. Memory: 499712K Free: 369680K (74%)
----------------- Invoking toplevel() on ptolemy.moml.MoMLSimpleApplication@38d02d49
----------------- Done invoking toplevel() on ptolemy.moml.MoMLSimpleApplication@38d02d49
reloadAllAccessors: .ArrayPeakSearch2

===========================================================================================
----------------- testing Wed Aug 21 05:31:38 UTC 2019 /home/travis/build/icyphy/ptII/ptolemy/actor/lib/test/auto/ArrayPeakSearch3.xml
----------------- Instantiating /home/travis/build/icyphy/ptII/ptolemy/actor/lib/test/auto/ArrayPeakSearch3.xml
13 ms. Memory: 499712K Free: 360974K (72%)
----------------- Invoking toplevel() on ptolemy.moml.MoMLSimpleApplication@7ba1e532
----------------- Done invoking toplevel() on ptolemy.moml.MoMLSimpleApplication@7ba1e532
reloadAllAccessors: .ArrayPeakSearch3

===========================================================================================
----------------- testing Wed Aug 21 05:31:38 UTC 2019 /home/travis/build/icyphy/ptII/ptolemy/actor/lib/test/auto/ArrayRemoveElement.xml
----------------- Instantiating /home/travis/build/icyphy/ptII/ptolemy/actor/lib/test/auto/ArrayRemoveElement.xml
4 ms. Memory: 499712K Free: 353296K (71%)
----------------- Invoking toplevel() on ptolemy.moml.MoMLSimpleApplication@414cf91f
----------------- Done invoking toplevel() on ptolemy.moml.MoMLSimpleApplication@414cf91f
reloadAllAccessors: .ArrayRemoveElement

===========================================================================================
----------------- testing Wed Aug 21 05:31:38 UTC 2019 /home/travis/build/icyphy/ptII/ptolemy/actor/lib/test/auto/ArraySort.xml
----------------- Instantiating /home/travis/build/icyphy/ptII/ptolemy/actor/lib/test/auto/ArraySort.xml
8 ms. Memory: 499712K Free: 344080K (69%)
----------------- Invoking toplevel() on ptolemy.moml.MoMLSimpleApplication@7caafc5a
----------------- Done invoking toplevel() on ptolemy.moml.MoMLSimpleApplication@7caafc5a
reloadAllAccessors: .ArraySort

===========================================================================================
----------------- testing Wed Aug 21 05:31:38 UTC 2019 /home/travis/build/icyphy/ptII/ptolemy/actor/lib/test/auto/ArraySum.xml
----------------- Instantiating /home/travis/build/icyphy/ptII/ptolemy/actor/lib/test/auto/ArraySum.xml
6 ms. Memory: 499712K Free: 338960K (68%)
----------------- Invoking toplevel() on ptolemy.moml.MoMLSimpleApplication@5e1ce3c8
----------------- Done invoking toplevel() on ptolemy.moml.MoMLSimpleApplication@5e1ce3c8
reloadAllAccessors: .ArraySum

===========================================================================================
----------------- testing Wed Aug 21 05:31:38 UTC 2019 /home/travis/build/icyphy/ptII/ptolemy/actor/lib/test/auto/ArrayToElements.xml
----------------- Instantiating /home/travis/build/icyphy/ptII/ptolemy/actor/lib/test/auto/ArrayToElements.xml
12 ms. Memory: 499712K Free: 333326K (67%)
----------------- Invoking toplevel() on ptolemy.moml.MoMLSimpleApplication@454f3f8a
----------------- Done invoking toplevel() on ptolemy.moml.MoMLSimpleApplication@454f3f8a
reloadAllAccessors: .ArrayToElements

===========================================================================================
----------------- testing Wed Aug 21 05:31:38 UTC 2019 /home/travis/build/icyphy/ptII/ptolemy/actor/lib/test/auto/ArrayToMatrix.xml
----------------- Instantiating /home/travis/build/icyphy/ptII/ptolemy/actor/lib/test/auto/ArrayToMatrix.xml
16 ms. Memory: 499712K Free: 318990K (64%)
----------------- Invoking toplevel() on ptolemy.moml.MoMLSimpleApplication@341f7ef6
----------------- Done invoking toplevel() on ptolemy.moml.MoMLSimpleApplication@341f7ef6
reloadAllAccessors: .ArrayToMatrix

===========================================================================================
----------------- testing Wed Aug 21 05:31:38 UTC 2019 /home/travis/build/icyphy/ptII/ptolemy/actor/lib/test/auto/ArrayUpdate1.xml
----------------- Instantiating /home/travis/build/icyphy/ptII/ptolemy/actor/lib/test/auto/ArrayUpdate1.xml
6 ms. Memory: 499712K Free: 313870K (63%)
----------------- Invoking toplevel() on ptolemy.moml.MoMLSimpleApplication@5c7290d6
----------------- Done invoking toplevel() on ptolemy.moml.MoMLSimpleApplication@5c7290d6
reloadAllAccessors: .ArrayUpdate1

===========================================================================================
----------------- testing Wed Aug 21 05:31:38 UTC 2019 /home/travis/build/icyphy/ptII/ptolemy/actor/lib/test/auto/ArrayUpdate2.xml
----------------- Instantiating /home/travis/build/icyphy/ptII/ptolemy/actor/lib/test/auto/ArrayUpdate2.xml
4 ms. Memory: 499712K Free: 307726K (62%)
----------------- Invoking toplevel() on ptolemy.moml.MoMLSimpleApplication@5399eb20
----------------- Done invoking toplevel() on ptolemy.moml.MoMLSimpleApplication@5399eb20
reloadAllAccessors: .ArrayUpdate2

===========================================================================================
----------------- testing Wed Aug 21 05:31:38 UTC 2019 /home/travis/build/icyphy/ptII/ptolemy/actor/lib/test/auto/ArrayUpdate3.xml
----------------- Instantiating /home/travis/build/icyphy/ptII/ptolemy/actor/lib/test/auto/ArrayUpdate3.xml
6 ms. Memory: 499712K Free: 302606K (61%)
----------------- Invoking toplevel() on ptolemy.moml.MoMLSimpleApplication@58b6939e
----------------- Done invoking toplevel() on ptolemy.moml.MoMLSimpleApplication@58b6939e
reloadAllAccessors: .ArrayUpdate3

===========================================================================================
----------------- testing Wed Aug 21 05:31:38 UTC 2019 /home/travis/build/icyphy/ptII/ptolemy/actor/lib/test/auto/Assert1.xml
----------------- Instantiating /home/travis/build/icyphy/ptII/ptolemy/actor/lib/test/auto/Assert1.xml
7 ms. Memory: 499712K Free: 298510K (60%)
----------------- Invoking toplevel() on ptolemy.moml.MoMLSimpleApplication@26ee68be
----------------- Done invoking toplevel() on ptolemy.moml.MoMLSimpleApplication@26ee68be
reloadAllAccessors: .Assert1

===========================================================================================
----------------- testing Wed Aug 21 05:31:38 UTC 2019 /home/travis/build/icyphy/ptII/ptolemy/actor/lib/test/auto/Assert2.xml
----------------- Instantiating /home/travis/build/icyphy/ptII/ptolemy/actor/lib/test/auto/Assert2.xml
3 ms. Memory: 499712K Free: 293390K (59%)
----------------- Invoking toplevel() on ptolemy.moml.MoMLSimpleApplication@5a5f88e7
----------------- Done invoking toplevel() on ptolemy.moml.MoMLSimpleApplication@5a5f88e7
reloadAllAccessors: .Assert2

===========================================================================================
----------------- testing Wed Aug 21 05:31:38 UTC 2019 /home/travis/build/icyphy/ptII/ptolemy/actor/lib/test/auto/BooleanMultiplexor.xml
----------------- Instantiating /home/travis/build/icyphy/ptII/ptolemy/actor/lib/test/auto/BooleanMultiplexor.xml
3 ms. Memory: 499712K Free: 287760K (58%)
----------------- Invoking toplevel() on ptolemy.moml.MoMLSimpleApplication@52266e13
----------------- Done invoking toplevel() on ptolemy.moml.MoMLSimpleApplication@52266e13
reloadAllAccessors: .BooleanMultiplexor

===========================================================================================
----------------- testing Wed Aug 21 05:31:38 UTC 2019 /home/travis/build/icyphy/ptII/ptolemy/actor/lib/test/auto/BooleanMultiplexor2.xml
----------------- Instantiating /home/travis/build/icyphy/ptII/ptolemy/actor/lib/test/auto/BooleanMultiplexor2.xml
14 ms. Memory: 499712K Free: 281102K (56%)
----------------- Invoking toplevel() on ptolemy.moml.MoMLSimpleApplication@696b9867
----------------- Done invoking toplevel() on ptolemy.moml.MoMLSimpleApplication@696b9867
reloadAllAccessors: .BooleanMultiplexor2

===========================================================================================
----------------- testing Wed Aug 21 05:31:38 UTC 2019 /home/travis/build/icyphy/ptII/ptolemy/actor/lib/test/auto/BooleanMultiplexor3.xml
----------------- Instantiating /home/travis/build/icyphy/ptII/ptolemy/actor/lib/test/auto/BooleanMultiplexor3.xml
7 ms. Memory: 499712K Free: 277520K (56%)
----------------- Invoking toplevel() on ptolemy.moml.MoMLSimpleApplication@1cb7ea3b
----------------- Done invoking toplevel() on ptolemy.moml.MoMLSimpleApplication@1cb7ea3b
reloadAllAccessors: .BooleanMultiplexor3

===========================================================================================
----------------- testing Wed Aug 21 05:31:38 UTC 2019 /home/travis/build/icyphy/ptII/ptolemy/actor/lib/test/auto/BooleanSelect.xml
----------------- Instantiating /home/travis/build/icyphy/ptII/ptolemy/actor/lib/test/auto/BooleanSelect.xml
10 ms. Memory: 499712K Free: 271376K (54%)
----------------- Invoking toplevel() on ptolemy.moml.MoMLSimpleApplication@70daeb2e
----------------- Done invoking toplevel() on ptolemy.moml.MoMLSimpleApplication@70daeb2e
reloadAllAccessors: .BooleanSelect

===========================================================================================
----------------- testing Wed Aug 21 05:31:38 UTC 2019 /home/travis/build/icyphy/ptII/ptolemy/actor/lib/test/auto/BooleanSelect2.xml
----------------- Instantiating /home/travis/build/icyphy/ptII/ptolemy/actor/lib/test/auto/BooleanSelect2.xml
2 ms. Memory: 499712K Free: 267280K (53%)
----------------- Invoking toplevel() on ptolemy.moml.MoMLSimpleApplication@681393fe
----------------- Done invoking toplevel() on ptolemy.moml.MoMLSimpleApplication@681393fe
reloadAllAccessors: .BooleanSelect2

===========================================================================================
----------------- testing Wed Aug 21 05:31:38 UTC 2019 /home/travis/build/icyphy/ptII/ptolemy/actor/lib/test/auto/BooleanSwitch.xml
----------------- Instantiating /home/travis/build/icyphy/ptII/ptolemy/actor/lib/test/auto/BooleanSwitch.xml
10 ms. Memory: 499712K Free: 449550K (90%)
----------------- Invoking toplevel() on ptolemy.moml.MoMLSimpleApplication@69c7d2f3
----------------- Done invoking toplevel() on ptolemy.moml.MoMLSimpleApplication@69c7d2f3
reloadAllAccessors: .BooleanSwitch

===========================================================================================
----------------- testing Wed Aug 21 05:31:38 UTC 2019 /home/travis/build/icyphy/ptII/ptolemy/actor/lib/test/auto/BooleanSwitch2.xml
----------------- Instantiating /home/travis/build/icyphy/ptII/ptolemy/actor/lib/test/auto/BooleanSwitch2.xml
2 ms. Memory: 499712K Free: 444432K (89%)
----------------- Invoking toplevel() on ptolemy.moml.MoMLSimpleApplication@a0d45af
----------------- Done invoking toplevel() on ptolemy.moml.MoMLSimpleApplication@a0d45af
reloadAllAccessors: .BooleanSwitch2

===========================================================================================
----------------- testing Wed Aug 21 05:31:39 UTC 2019 /home/travis/build/icyphy/ptII/ptolemy/actor/lib/test/auto/BooleanSwitchCloningBugWithClassRelationGroup.xml
----------------- Instantiating /home/travis/build/icyphy/ptII/ptolemy/actor/lib/test/auto/BooleanSwitchCloningBugWithClassRelationGroup.xml
3 ms. Memory: 499712K Free: 437774K (88%)
----------------- Invoking toplevel() on ptolemy.moml.MoMLSimpleApplication@6f58ed8f
----------------- Done invoking toplevel() on ptolemy.moml.MoMLSimpleApplication@6f58ed8f
reloadAllAccessors: .BooleanSwitchCloningBugWithClassRelationGroup

===========================================================================================
----------------- testing Wed Aug 21 05:31:39 UTC 2019 /home/travis/build/icyphy/ptII/ptolemy/actor/lib/test/auto/BusActors.xml
----------------- Instantiating /home/travis/build/icyphy/ptII/ptolemy/actor/lib/test/auto/BusActors.xml
5 ms. Memory: 499712K Free: 430096K (86%)
----------------- Invoking toplevel() on ptolemy.moml.MoMLSimpleApplication@4034f24f
----------------- Done invoking toplevel() on ptolemy.moml.MoMLSimpleApplication@4034f24f
reloadAllAccessors: .BusActors

===========================================================================================
----------------- testing Wed Aug 21 05:31:39 UTC 2019 /home/travis/build/icyphy/ptII/ptolemy/actor/lib/test/auto/ClassWrapper.xml
----------------- Instantiating /home/travis/build/icyphy/ptII/ptolemy/actor/lib/test/auto/ClassWrapper.xml
3 ms. Memory: 499712K Free: 425486K (85%)
----------------- Invoking toplevel() on ptolemy.moml.MoMLSimpleApplication@1504889a
----------------- Done invoking toplevel() on ptolemy.moml.MoMLSimpleApplication@1504889a
reloadAllAccessors: .ClassWrapper

===========================================================================================
----------------- testing Wed Aug 21 05:31:39 UTC 2019 /home/travis/build/icyphy/ptII/ptolemy/actor/lib/test/auto/Clock.xml
----------------- Instantiating /home/travis/build/icyphy/ptII/ptolemy/actor/lib/test/auto/Clock.xml
4 ms. Memory: 499712K Free: 421904K (84%)
----------------- Invoking toplevel() on ptolemy.moml.MoMLSimpleApplication@667a55e4
----------------- Done invoking toplevel() on ptolemy.moml.MoMLSimpleApplication@667a55e4
reloadAllAccessors: .Clock

===========================================================================================
----------------- testing Wed Aug 21 05:31:39 UTC 2019 /home/travis/build/icyphy/ptII/ptolemy/actor/lib/test/auto/Clock10.xml
----------------- Instantiating /home/travis/build/icyphy/ptII/ptolemy/actor/lib/test/auto/Clock10.xml
3 ms. Memory: 499712K Free: 415760K (83%)
----------------- Invoking toplevel() on ptolemy.moml.MoMLSimpleApplication@36bab6dd
----------------- Done invoking toplevel() on ptolemy.moml.MoMLSimpleApplication@36bab6dd
reloadAllAccessors: .Clock10

===========================================================================================
----------------- testing Wed Aug 21 05:31:39 UTC 2019 /home/travis/build/icyphy/ptII/ptolemy/actor/lib/test/auto/Clock11.xml
----------------- Instantiating /home/travis/build/icyphy/ptII/ptolemy/actor/lib/test/auto/Clock11.xml
6 ms. Memory: 499712K Free: 410126K (82%)
----------------- Invoking toplevel() on ptolemy.moml.MoMLSimpleApplication@39ffa978
----------------- Done invoking toplevel() on ptolemy.moml.MoMLSimpleApplication@39ffa978
reloadAllAccessors: .Clock11

===========================================================================================
----------------- testing Wed Aug 21 05:31:39 UTC 2019 /home/travis/build/icyphy/ptII/ptolemy/actor/lib/test/auto/Clock12.xml
----------------- Instantiating /home/travis/build/icyphy/ptII/ptolemy/actor/lib/test/auto/Clock12.xml
6 ms. Memory: 499712K Free: 403982K (81%)
----------------- Invoking toplevel() on ptolemy.moml.MoMLSimpleApplication@2bfcdfda
----------------- Done invoking toplevel() on ptolemy.moml.MoMLSimpleApplication@2bfcdfda
reloadAllAccessors: .Clock12

===========================================================================================
----------------- testing Wed Aug 21 05:31:39 UTC 2019 /home/travis/build/icyphy/ptII/ptolemy/actor/lib/test/auto/Clock13.xml
----------------- Instantiating /home/travis/build/icyphy/ptII/ptolemy/actor/lib/test/auto/Clock13.xml
2 ms. Memory: 499712K Free: 398352K (80%)
----------------- Invoking toplevel() on ptolemy.moml.MoMLSimpleApplication@535c0e59
----------------- Done invoking toplevel() on ptolemy.moml.MoMLSimpleApplication@535c0e59
reloadAllAccessors: .Clock13

===========================================================================================
----------------- testing Wed Aug 21 05:31:39 UTC 2019 /home/travis/build/icyphy/ptII/ptolemy/actor/lib/test/auto/Clock14.xml
----------------- Instantiating /home/travis/build/icyphy/ptII/ptolemy/actor/lib/test/auto/Clock14.xml
11 ms. Memory: 499712K Free: 392208K (78%)
----------------- Invoking toplevel() on ptolemy.moml.MoMLSimpleApplication@40097723
----------------- Done invoking toplevel() on ptolemy.moml.MoMLSimpleApplication@40097723
reloadAllAccessors: .Clock14

===========================================================================================
----------------- testing Wed Aug 21 05:31:39 UTC 2019 /home/travis/build/icyphy/ptII/ptolemy/actor/lib/test/auto/Clock15.xml
----------------- Instantiating /home/travis/build/icyphy/ptII/ptolemy/actor/lib/test/auto/Clock15.xml
5 ms. Memory: 499712K Free: 386567K (77%)
----------------- Invoking toplevel() on ptolemy.moml.MoMLSimpleApplication@7af94578
----------------- Done invoking toplevel() on ptolemy.moml.MoMLSimpleApplication@7af94578
reloadAllAccessors: .Clock15

===========================================================================================
----------------- testing Wed Aug 21 05:31:39 UTC 2019 /home/travis/build/icyphy/ptII/ptolemy/actor/lib/test/auto/Clock16.xml
----------------- Instantiating /home/travis/build/icyphy/ptII/ptolemy/actor/lib/test/auto/Clock16.xml
28 ms. Memory: 499712K Free: 371728K (74%)
----------------- Invoking toplevel() on ptolemy.moml.MoMLSimpleApplication@3b0b9e7c
----------------- Done invoking toplevel() on ptolemy.moml.MoMLSimpleApplication@3b0b9e7c
reloadAllAccessors: .Clock16

===========================================================================================
----------------- testing Wed Aug 21 05:31:39 UTC 2019 /home/travis/build/icyphy/ptII/ptolemy/actor/lib/test/auto/Clock17.xml
----------------- Instantiating /home/travis/build/icyphy/ptII/ptolemy/actor/lib/test/auto/Clock17.xml
24 ms. Memory: 499712K Free: 357887K (72%)
----------------- Invoking toplevel() on ptolemy.moml.MoMLSimpleApplication@3a0652d3
----------------- Done invoking toplevel() on ptolemy.moml.MoMLSimpleApplication@3a0652d3
reloadAllAccessors: .Clock17

===========================================================================================
----------------- testing Wed Aug 21 05:31:39 UTC 2019 /home/travis/build/icyphy/ptII/ptolemy/actor/lib/test/auto/Clock18.xml
----------------- Instantiating /home/travis/build/icyphy/ptII/ptolemy/actor/lib/test/auto/Clock18.xml
17 ms. Memory: 499712K Free: 344575K (69%)
----------------- Invoking toplevel() on ptolemy.moml.MoMLSimpleApplication@3eb3a354
----------------- Done invoking toplevel() on ptolemy.moml.MoMLSimpleApplication@3eb3a354
reloadAllAccessors: .Clock18

===========================================================================================
----------------- testing Wed Aug 21 05:31:39 UTC 2019 /home/travis/build/icyphy/ptII/ptolemy/actor/lib/test/auto/Clock19.xml
----------------- Instantiating /home/travis/build/icyphy/ptII/ptolemy/actor/lib/test/auto/Clock19.xml
17 ms. Memory: 499712K Free: 331275K (66%)
----------------- Invoking toplevel() on ptolemy.moml.MoMLSimpleApplication@25947315
----------------- Done invoking toplevel() on ptolemy.moml.MoMLSimpleApplication@25947315
reloadAllAccessors: .Clock19

===========================================================================================
----------------- testing Wed Aug 21 05:31:39 UTC 2019 /home/travis/build/icyphy/ptII/ptolemy/actor/lib/test/auto/Clock2.xml
----------------- Instantiating /home/travis/build/icyphy/ptII/ptolemy/actor/lib/test/auto/Clock2.xml
9 ms. Memory: 499712K Free: 326672K (65%)
----------------- Invoking toplevel() on ptolemy.moml.MoMLSimpleApplication@7f72948b
----------------- Done invoking toplevel() on ptolemy.moml.MoMLSimpleApplication@7f72948b
reloadAllAccessors: .Clock2

===========================================================================================
----------------- testing Wed Aug 21 05:31:39 UTC 2019 /home/travis/build/icyphy/ptII/ptolemy/actor/lib/test/auto/Clock20.xml
----------------- Instantiating /home/travis/build/icyphy/ptII/ptolemy/actor/lib/test/auto/Clock20.xml
11 ms. Memory: 499712K Free: 321038K (64%)
----------------- Invoking toplevel() on ptolemy.moml.MoMLSimpleApplication@5d112989
----------------- Done invoking toplevel() on ptolemy.moml.MoMLSimpleApplication@5d112989
reloadAllAccessors: .Clock20

===========================================================================================
----------------- testing Wed Aug 21 05:31:39 UTC 2019 /home/travis/build/icyphy/ptII/ptolemy/actor/lib/test/auto/Clock21.xml
----------------- Instantiating /home/travis/build/icyphy/ptII/ptolemy/actor/lib/test/auto/Clock21.xml
6 ms. Memory: 499712K Free: 315918K (63%)
----------------- Invoking toplevel() on ptolemy.moml.MoMLSimpleApplication@3a150232
----------------- Done invoking toplevel() on ptolemy.moml.MoMLSimpleApplication@3a150232
reloadAllAccessors: .Clock21

===========================================================================================
----------------- testing Wed Aug 21 05:31:39 UTC 2019 /home/travis/build/icyphy/ptII/ptolemy/actor/lib/test/auto/Clock22.xml
----------------- Instantiating /home/travis/build/icyphy/ptII/ptolemy/actor/lib/test/auto/Clock22.xml
6 ms. Memory: 499712K Free: 310288K (62%)
----------------- Invoking toplevel() on ptolemy.moml.MoMLSimpleApplication@4858f963
----------------- Done invoking toplevel() on ptolemy.moml.MoMLSimpleApplication@4858f963
reloadAllAccessors: .Clock22

===========================================================================================
----------------- testing Wed Aug 21 05:31:39 UTC 2019 /home/travis/build/icyphy/ptII/ptolemy/actor/lib/test/auto/Clock23.xml
----------------- Instantiating /home/travis/build/icyphy/ptII/ptolemy/actor/lib/test/auto/Clock23.xml
7 ms. Memory: 499712K Free: 305168K (61%)
----------------- Invoking toplevel() on ptolemy.moml.MoMLSimpleApplication@60fa1f4a
----------------- Done invoking toplevel() on ptolemy.moml.MoMLSimpleApplication@60fa1f4a
reloadAllAccessors: .Clock23

===========================================================================================
----------------- testing Wed Aug 21 05:31:39 UTC 2019 /home/travis/build/icyphy/ptII/ptolemy/actor/lib/test/auto/Clock24.xml
----------------- Instantiating /home/travis/build/icyphy/ptII/ptolemy/actor/lib/test/auto/Clock24.xml
7 ms. Memory: 499712K Free: 299534K (60%)
----------------- Invoking toplevel() on ptolemy.moml.MoMLSimpleApplication@46119576
----------------- Done invoking toplevel() on ptolemy.moml.MoMLSimpleApplication@46119576
reloadAllAccessors: .Clock24

===========================================================================================
----------------- testing Wed Aug 21 05:31:39 UTC 2019 /home/travis/build/icyphy/ptII/ptolemy/actor/lib/test/auto/Clock4.xml
----------------- Instantiating /home/travis/build/icyphy/ptII/ptolemy/actor/lib/test/auto/Clock4.xml
1 ms. Memory: 499712K Free: 294407K (59%)
----------------- Invoking toplevel() on ptolemy.moml.MoMLSimpleApplication@7821a571
----------------- Done invoking toplevel() on ptolemy.moml.MoMLSimpleApplication@7821a571
reloadAllAccessors: .Clock4

===========================================================================================
----------------- testing Wed Aug 21 05:31:39 UTC 2019 /home/travis/build/icyphy/ptII/ptolemy/actor/lib/test/auto/Clock5.xml
----------------- Instantiating /home/travis/build/icyphy/ptII/ptolemy/actor/lib/test/auto/Clock5.xml
7 ms. Memory: 499712K Free: 289279K (58%)
----------------- Invoking toplevel() on ptolemy.moml.MoMLSimpleApplication@49f525e2
----------------- Done invoking toplevel() on ptolemy.moml.MoMLSimpleApplication@49f525e2
reloadAllAccessors: .Clock5

===========================================================================================
----------------- testing Wed Aug 21 05:31:39 UTC 2019 /home/travis/build/icyphy/ptII/ptolemy/actor/lib/test/auto/Clock6.xml
----------------- Instantiating /home/travis/build/icyphy/ptII/ptolemy/actor/lib/test/auto/Clock6.xml
4 ms. Memory: 499712K Free: 284688K (57%)
----------------- Invoking toplevel() on ptolemy.moml.MoMLSimpleApplication@6d5801f2
----------------- Done invoking toplevel() on ptolemy.moml.MoMLSimpleApplication@6d5801f2
reloadAllAccessors: .Clock6

===========================================================================================
----------------- testing Wed Aug 21 05:31:39 UTC 2019 /home/travis/build/icyphy/ptII/ptolemy/actor/lib/test/auto/Clock7.xml
----------------- Instantiating /home/travis/build/icyphy/ptII/ptolemy/actor/lib/test/auto/Clock7.xml
2 ms. Memory: 499712K Free: 280078K (56%)
----------------- Invoking toplevel() on ptolemy.moml.MoMLSimpleApplication@5b76d2c
----------------- Done invoking toplevel() on ptolemy.moml.MoMLSimpleApplication@5b76d2c
reloadAllAccessors: .Clock7

===========================================================================================
----------------- testing Wed Aug 21 05:31:39 UTC 2019 /home/travis/build/icyphy/ptII/ptolemy/actor/lib/test/auto/Clock8.xml
----------------- Instantiating /home/travis/build/icyphy/ptII/ptolemy/actor/lib/test/auto/Clock8.xml
6 ms. Memory: 499712K Free: 274448K (55%)
----------------- Invoking toplevel() on ptolemy.moml.MoMLSimpleApplication@5391a587
----------------- Done invoking toplevel() on ptolemy.moml.MoMLSimpleApplication@5391a587
reloadAllAccessors: .Clock8

===========================================================================================
----------------- testing Wed Aug 21 05:31:39 UTC 2019 /home/travis/build/icyphy/ptII/ptolemy/actor/lib/test/auto/Clock9.xml
----------------- Instantiating /home/travis/build/icyphy/ptII/ptolemy/actor/lib/test/auto/Clock9.xml
5 ms. Memory: 499712K Free: 268783K (54%)
----------------- Invoking toplevel() on ptolemy.moml.MoMLSimpleApplication@179214b6
----------------- Done invoking toplevel() on ptolemy.moml.MoMLSimpleApplication@179214b6
reloadAllAccessors: .Clock9

===========================================================================================
----------------- testing Wed Aug 21 05:31:39 UTC 2019 /home/travis/build/icyphy/ptII/ptolemy/actor/lib/test/auto/CommDistDiscard.xml
----------------- Instantiating /home/travis/build/icyphy/ptII/ptolemy/actor/lib/test/auto/CommDistDiscard.xml
5 ms. Memory: 499712K Free: 263694K (53%)
----------------- Invoking toplevel() on ptolemy.moml.MoMLSimpleApplication@9d884d
----------------- Done invoking toplevel() on ptolemy.moml.MoMLSimpleApplication@9d884d
reloadAllAccessors: .CommDistDiscard

===========================================================================================
----------------- testing Wed Aug 21 05:31:39 UTC 2019 /home/travis/build/icyphy/ptII/ptolemy/actor/lib/test/auto/Commutator.xml
----------------- Instantiating /home/travis/build/icyphy/ptII/ptolemy/actor/lib/test/auto/Commutator.xml
4 ms. Memory: 499712K Free: 259088K (52%)
----------------- Invoking toplevel() on ptolemy.moml.MoMLSimpleApplication@57db0549
----------------- Done invoking toplevel() on ptolemy.moml.MoMLSimpleApplication@57db0549
reloadAllAccessors: .Commutator

===========================================================================================
----------------- testing Wed Aug 21 05:31:39 UTC 2019 /home/travis/build/icyphy/ptII/ptolemy/actor/lib/test/auto/Commutator2.xml
----------------- Instantiating /home/travis/build/icyphy/ptII/ptolemy/actor/lib/test/auto/Commutator2.xml
2 ms. Memory: 499712K Free: 254992K (51%)
----------------- Invoking toplevel() on ptolemy.moml.MoMLSimpleApplication@163a857d
----------------- Done invoking toplevel() on ptolemy.moml.MoMLSimpleApplication@163a857d
reloadAllAccessors: .Commutator2

===========================================================================================
----------------- testing Wed Aug 21 05:31:39 UTC 2019 /home/travis/build/icyphy/ptII/ptolemy/actor/lib/test/auto/Commutator3.xml
----------------- Instantiating /home/travis/build/icyphy/ptII/ptolemy/actor/lib/test/auto/Commutator3.xml
4 ms. Memory: 499712K Free: 250382K (50%)
----------------- Invoking toplevel() on ptolemy.moml.MoMLSimpleApplication@5762a6eb
----------------- Done invoking toplevel() on ptolemy.moml.MoMLSimpleApplication@5762a6eb
reloadAllAccessors: .Commutator3

===========================================================================================
----------------- testing Wed Aug 21 05:31:39 UTC 2019 /home/travis/build/icyphy/ptII/ptolemy/actor/lib/test/auto/Compare.xml
----------------- Instantiating /home/travis/build/icyphy/ptII/ptolemy/actor/lib/test/auto/Compare.xml
2 ms. Memory: 499712K Free: 243728K (49%)
----------------- Invoking toplevel() on ptolemy.moml.MoMLSimpleApplication@5c422090
----------------- Done invoking toplevel() on ptolemy.moml.MoMLSimpleApplication@5c422090
reloadAllAccessors: .Compare

===========================================================================================
----------------- testing Wed Aug 21 05:31:39 UTC 2019 /home/travis/build/icyphy/ptII/ptolemy/actor/lib/test/auto/CompareDE.xml
----------------- Instantiating /home/travis/build/icyphy/ptII/ptolemy/actor/lib/test/auto/CompareDE.xml
5 ms. Memory: 499712K Free: 237055K (47%)
----------------- Invoking toplevel() on ptolemy.moml.MoMLSimpleApplication@451ad4f9
----------------- Done invoking toplevel() on ptolemy.moml.MoMLSimpleApplication@451ad4f9
reloadAllAccessors: .CompareDE

===========================================================================================
----------------- testing Wed Aug 21 05:31:40 UTC 2019 /home/travis/build/icyphy/ptII/ptolemy/actor/lib/test/auto/ComplexDivide.xml
----------------- Instantiating /home/travis/build/icyphy/ptII/ptolemy/actor/lib/test/auto/ComplexDivide.xml
2 ms. Memory: 499712K Free: 232974K (47%)
----------------- Invoking toplevel() on ptolemy.moml.MoMLSimpleApplication@39e78501
----------------- Done invoking toplevel() on ptolemy.moml.MoMLSimpleApplication@39e78501
reloadAllAccessors: .ComplexDivide

===========================================================================================
----------------- testing Wed Aug 21 05:31:40 UTC 2019 /home/travis/build/icyphy/ptII/ptolemy/actor/lib/test/auto/ComputeHistogram.xml
----------------- Instantiating /home/travis/build/icyphy/ptII/ptolemy/actor/lib/test/auto/ComputeHistogram.xml
39 ms. Memory: 499712K Free: 220176K (44%)
----------------- Invoking toplevel() on ptolemy.moml.MoMLSimpleApplication@6785eb0b
----------------- Done invoking toplevel() on ptolemy.moml.MoMLSimpleApplication@6785eb0b
reloadAllAccessors: .ComputeHistogram

===========================================================================================
----------------- testing Wed Aug 21 05:31:40 UTC 2019 /home/travis/build/icyphy/ptII/ptolemy/actor/lib/test/auto/ConfigurationSelect.xml
----------------- Instantiating /home/travis/build/icyphy/ptII/ptolemy/actor/lib/test/auto/ConfigurationSelect.xml
12 ms. Memory: 499712K Free: 215056K (43%)
----------------- Invoking toplevel() on ptolemy.moml.MoMLSimpleApplication@35fbb7b4
----------------- Done invoking toplevel() on ptolemy.moml.MoMLSimpleApplication@35fbb7b4
reloadAllAccessors: .ConfigurationSelect

===========================================================================================
----------------- testing Wed Aug 21 05:31:40 UTC 2019 /home/travis/build/icyphy/ptII/ptolemy/actor/lib/test/auto/ConfigurationSelect2.xml
----------------- Instantiating /home/travis/build/icyphy/ptII/ptolemy/actor/lib/test/auto/ConfigurationSelect2.xml
2 ms. Memory: 499712K Free: 210446K (42%)
----------------- Invoking toplevel() on ptolemy.moml.MoMLSimpleApplication@5dc3199a
----------------- Done invoking toplevel() on ptolemy.moml.MoMLSimpleApplication@5dc3199a
reloadAllAccessors: .ConfigurationSelect2

===========================================================================================
----------------- testing Wed Aug 21 05:31:40 UTC 2019 /home/travis/build/icyphy/ptII/ptolemy/actor/lib/test/auto/ConfigurationSwitch.xml
----------------- Instantiating /home/travis/build/icyphy/ptII/ptolemy/actor/lib/test/auto/ConfigurationSwitch.xml
2 ms. Memory: 499712K Free: 205326K (41%)
----------------- Invoking toplevel() on ptolemy.moml.MoMLSimpleApplication@1600d4d7
----------------- Done invoking toplevel() on ptolemy.moml.MoMLSimpleApplication@1600d4d7
reloadAllAccessors: .ConfigurationSwitch

===========================================================================================
----------------- testing Wed Aug 21 05:31:40 UTC 2019 /home/travis/build/icyphy/ptII/ptolemy/actor/lib/test/auto/ConfigurationSwitch2.xml
----------------- Instantiating /home/travis/build/icyphy/ptII/ptolemy/actor/lib/test/auto/ConfigurationSwitch2.xml
4 ms. Memory: 499712K Free: 199696K (40%)
----------------- Invoking toplevel() on ptolemy.moml.MoMLSimpleApplication@39615018
----------------- Done invoking toplevel() on ptolemy.moml.MoMLSimpleApplication@39615018
reloadAllAccessors: .ConfigurationSwitch2

===========================================================================================
----------------- testing Wed Aug 21 05:31:40 UTC 2019 /home/travis/build/icyphy/ptII/ptolemy/actor/lib/test/auto/ConfigurationSwitchCloningBugWithClassRelationGroup.xml
----------------- Instantiating /home/travis/build/icyphy/ptII/ptolemy/actor/lib/test/auto/ConfigurationSwitchCloningBugWithClassRelationGroup.xml
2 ms. Memory: 499712K Free: 445966K (89%)
----------------- Invoking toplevel() on ptolemy.moml.MoMLSimpleApplication@567a4f6d
----------------- Done invoking toplevel() on ptolemy.moml.MoMLSimpleApplication@567a4f6d
reloadAllAccessors: .ConfigurationSwitchCloningBugWithClassRelationGroup

===========================================================================================
----------------- testing Wed Aug 21 05:31:40 UTC 2019 /home/travis/build/icyphy/ptII/ptolemy/actor/lib/test/auto/ConfigurationSwitchSelectSDF.xml
----------------- Instantiating /home/travis/build/icyphy/ptII/ptolemy/actor/lib/test/auto/ConfigurationSwitchSelectSDF.xml
3 ms. Memory: 499712K Free: 440846K (88%)
----------------- Invoking toplevel() on ptolemy.moml.MoMLSimpleApplication@32c5945d
----------------- Done invoking toplevel() on ptolemy.moml.MoMLSimpleApplication@32c5945d
reloadAllAccessors: .ConfigurationSwitchSelectSDF

===========================================================================================
----------------- testing Wed Aug 21 05:31:40 UTC 2019 /home/travis/build/icyphy/ptII/ptolemy/actor/lib/test/auto/ConfigurationSwitchSelectSDF2.xml
----------------- Instantiating /home/travis/build/icyphy/ptII/ptolemy/actor/lib/test/auto/ConfigurationSwitchSelectSDF2.xml
3 ms. Memory: 499712K Free: 434702K (87%)
----------------- Invoking toplevel() on ptolemy.moml.MoMLSimpleApplication@5401811d
----------------- Done invoking toplevel() on ptolemy.moml.MoMLSimpleApplication@5401811d
reloadAllAccessors: .ConfigurationSwitchSelectSDF2

===========================================================================================
----------------- testing Wed Aug 21 05:31:40 UTC 2019 /home/travis/build/icyphy/ptII/ptolemy/actor/lib/test/auto/Const.xml
----------------- Instantiating /home/travis/build/icyphy/ptII/ptolemy/actor/lib/test/auto/Const.xml
2 ms. Memory: 499712K Free: 431120K (86%)
----------------- Invoking toplevel() on ptolemy.moml.MoMLSimpleApplication@1d2186bb
----------------- Done invoking toplevel() on ptolemy.moml.MoMLSimpleApplication@1d2186bb
reloadAllAccessors: .Const

===========================================================================================
----------------- testing Wed Aug 21 05:31:40 UTC 2019 /home/travis/build/icyphy/ptII/ptolemy/actor/lib/test/auto/Const2.xml
----------------- Instantiating /home/travis/build/icyphy/ptII/ptolemy/actor/lib/test/auto/Const2.xml
2 ms. Memory: 499712K Free: 427534K (86%)
----------------- Invoking toplevel() on ptolemy.moml.MoMLSimpleApplication@50fc97a
----------------- Done invoking toplevel() on ptolemy.moml.MoMLSimpleApplication@50fc97a
reloadAllAccessors: .Const2

===========================================================================================
----------------- testing Wed Aug 21 05:31:40 UTC 2019 /home/travis/build/icyphy/ptII/ptolemy/actor/lib/test/auto/Const3.xml
----------------- Instantiating /home/travis/build/icyphy/ptII/ptolemy/actor/lib/test/auto/Const3.xml
1 ms. Memory: 499712K Free: 424462K (85%)
----------------- Invoking toplevel() on ptolemy.moml.MoMLSimpleApplication@22d8eb38
----------------- Done invoking toplevel() on ptolemy.moml.MoMLSimpleApplication@22d8eb38
reloadAllAccessors: .Const3

===========================================================================================
----------------- testing Wed Aug 21 05:31:40 UTC 2019 /home/travis/build/icyphy/ptII/ptolemy/actor/lib/test/auto/ConstantPublisherPort1.xml
----------------- Instantiating /home/travis/build/icyphy/ptII/ptolemy/actor/lib/test/auto/ConstantPublisherPort1.xml
6 ms. Memory: 499712K Free: 416270K (83%)
----------------- Invoking toplevel() on ptolemy.moml.MoMLSimpleApplication@46b2ff8d
----------------- Done invoking toplevel() on ptolemy.moml.MoMLSimpleApplication@46b2ff8d
reloadAllAccessors: .ConstantPublisherPort1

===========================================================================================
----------------- testing Wed Aug 21 05:31:40 UTC 2019 /home/travis/build/icyphy/ptII/ptolemy/actor/lib/test/auto/ConstantPublisherPort2.xml
----------------- Instantiating /home/travis/build/icyphy/ptII/ptolemy/actor/lib/test/auto/ConstantPublisherPort2.xml
14 ms. Memory: 499712K Free: 408078K (82%)
----------------- Invoking toplevel() on ptolemy.moml.MoMLSimpleApplication@4009a73c
----------------- Done invoking toplevel() on ptolemy.moml.MoMLSimpleApplication@4009a73c
reloadAllAccessors: .ConstantPublisherPort2

===========================================================================================
----------------- testing Wed Aug 21 05:31:40 UTC 2019 /home/travis/build/icyphy/ptII/ptolemy/actor/lib/test/auto/ConstantPublisherPort3.xml
----------------- Instantiating /home/travis/build/icyphy/ptII/ptolemy/actor/lib/test/auto/ConstantPublisherPort3.xml
9 ms. Memory: 499712K Free: 400400K (80%)
----------------- Invoking toplevel() on ptolemy.moml.MoMLSimpleApplication@5373cb51
----------------- Done invoking toplevel() on ptolemy.moml.MoMLSimpleApplication@5373cb51
reloadAllAccessors: .ConstantPublisherPort3

===========================================================================================
----------------- testing Wed Aug 21 05:31:40 UTC 2019 /home/travis/build/icyphy/ptII/ptolemy/actor/lib/test/auto/ConstantPublisherPort4.xml
----------------- Instantiating /home/travis/build/icyphy/ptII/ptolemy/actor/lib/test/auto/ConstantPublisherPort4.xml
2 ms. Memory: 499712K Free: 393727K (79%)
----------------- Invoking toplevel() on ptolemy.moml.MoMLSimpleApplication@653b1dbd
----------------- Done invoking toplevel() on ptolemy.moml.MoMLSimpleApplication@653b1dbd
reloadAllAccessors: .ConstantPublisherPort4

===========================================================================================
----------------- testing Wed Aug 21 05:31:40 UTC 2019 /home/travis/build/icyphy/ptII/ptolemy/actor/lib/test/auto/ConstantPublisherPort5.xml
----------------- Instantiating /home/travis/build/icyphy/ptII/ptolemy/actor/lib/test/auto/ConstantPublisherPort5.xml
28 ms. Memory: 499712K Free: 384526K (77%)
----------------- Invoking toplevel() on ptolemy.moml.MoMLSimpleApplication@16c2571f
----------------- Done invoking toplevel() on ptolemy.moml.MoMLSimpleApplication@16c2571f
reloadAllAccessors: .ConstantPublisherPort5

===========================================================================================
----------------- testing Wed Aug 21 05:31:40 UTC 2019 /home/travis/build/icyphy/ptII/ptolemy/actor/lib/test/auto/ConstantPublisherPort6.xml
----------------- Instantiating /home/travis/build/icyphy/ptII/ptolemy/actor/lib/test/auto/ConstantPublisherPort6.xml
18 ms. Memory: 499712K Free: 375310K (75%)
----------------- Invoking toplevel() on ptolemy.moml.MoMLSimpleApplication@300a924c
----------------- Done invoking toplevel() on ptolemy.moml.MoMLSimpleApplication@300a924c
reloadAllAccessors: .ConstantPublisherPort6

===========================================================================================
----------------- testing Wed Aug 21 05:31:40 UTC 2019 /home/travis/build/icyphy/ptII/ptolemy/actor/lib/test/auto/ConstantPublisherPort7.xml
----------------- Instantiating /home/travis/build/icyphy/ptII/ptolemy/actor/lib/test/auto/ConstantPublisherPort7.xml
30 ms. Memory: 499712K Free: 366608K (73%)
----------------- Invoking toplevel() on ptolemy.moml.MoMLSimpleApplication@260eb6ba
----------------- Done invoking toplevel() on ptolemy.moml.MoMLSimpleApplication@260eb6ba
reloadAllAccessors: .ConstantPublisherPort7

===========================================================================================
----------------- testing Wed Aug 21 05:31:40 UTC 2019 /home/travis/build/icyphy/ptII/ptolemy/actor/lib/test/auto/ConstraintMonitor1.xml
----------------- Instantiating /home/travis/build/icyphy/ptII/ptolemy/actor/lib/test/auto/ConstraintMonitor1.xml
7 ms. Memory: 499712K Free: 361488K (72%)
----------------- Invoking toplevel() on ptolemy.moml.MoMLSimpleApplication@22eed2ec
----------------- Done invoking toplevel() on ptolemy.moml.MoMLSimpleApplication@22eed2ec
reloadAllAccessors: .ConstraintMonitor1

===========================================================================================
----------------- testing Wed Aug 21 05:31:40 UTC 2019 /home/travis/build/icyphy/ptII/ptolemy/actor/lib/test/auto/ConstraintMonitor2.xml
----------------- Instantiating /home/travis/build/icyphy/ptII/ptolemy/actor/lib/test/auto/ConstraintMonitor2.xml
5 ms. Memory: 499712K Free: 356368K (71%)
----------------- Invoking toplevel() on ptolemy.moml.MoMLSimpleApplication@59fa7057
----------------- Done invoking toplevel() on ptolemy.moml.MoMLSimpleApplication@59fa7057
reloadAllAccessors: .ConstraintMonitor2

===========================================================================================
----------------- testing Wed Aug 21 05:31:40 UTC 2019 /home/travis/build/icyphy/ptII/ptolemy/actor/lib/test/auto/ConstraintMonitor3.xml
----------------- Instantiating /home/travis/build/icyphy/ptII/ptolemy/actor/lib/test/auto/ConstraintMonitor3.xml
3 ms. Memory: 499712K Free: 352272K (70%)
----------------- Invoking toplevel() on ptolemy.moml.MoMLSimpleApplication@1892ab
----------------- Done invoking toplevel() on ptolemy.moml.MoMLSimpleApplication@1892ab
reloadAllAccessors: .ConstraintMonitor3

===========================================================================================
----------------- testing Wed Aug 21 05:31:40 UTC 2019 /home/travis/build/icyphy/ptII/ptolemy/actor/lib/test/auto/ConstraintMonitor4.xml
----------------- Instantiating /home/travis/build/icyphy/ptII/ptolemy/actor/lib/test/auto/ConstraintMonitor4.xml
5 ms. Memory: 499712K Free: 347152K (69%)
----------------- Invoking toplevel() on ptolemy.moml.MoMLSimpleApplication@2901b90b
----------------- Done invoking toplevel() on ptolemy.moml.MoMLSimpleApplication@2901b90b
reloadAllAccessors: .ConstraintMonitor4

===========================================================================================
----------------- testing Wed Aug 21 05:31:40 UTC 2019 /home/travis/build/icyphy/ptII/ptolemy/actor/lib/test/auto/ConstraintMonitor5.xml
----------------- Instantiating /home/travis/build/icyphy/ptII/ptolemy/actor/lib/test/auto/ConstraintMonitor5.xml
5 ms. Memory: 499712K Free: 342032K (68%)
----------------- Invoking toplevel() on ptolemy.moml.MoMLSimpleApplication@6c72d17c
----------------- Done invoking toplevel() on ptolemy.moml.MoMLSimpleApplication@6c72d17c
reloadAllAccessors: .ConstraintMonitor5

===========================================================================================
----------------- testing Wed Aug 21 05:31:40 UTC 2019 /home/travis/build/icyphy/ptII/ptolemy/actor/lib/test/auto/ConstraintMonitor6.xml
----------------- Instantiating /home/travis/build/icyphy/ptII/ptolemy/actor/lib/test/auto/ConstraintMonitor6.xml
8 ms. Memory: 499712K Free: 336383K (67%)
----------------- Invoking toplevel() on ptolemy.moml.MoMLSimpleApplication@7499da79
----------------- Done invoking toplevel() on ptolemy.moml.MoMLSimpleApplication@7499da79
reloadAllAccessors: .ConstraintMonitor6

===========================================================================================
----------------- testing Wed Aug 21 05:31:40 UTC 2019 /home/travis/build/icyphy/ptII/ptolemy/actor/lib/test/auto/ConstraintMonitor7.xml
----------------- Instantiating /home/travis/build/icyphy/ptII/ptolemy/actor/lib/test/auto/ConstraintMonitor7.xml
8 ms. Memory: 499712K Free: 329744K (66%)
----------------- Invoking toplevel() on ptolemy.moml.MoMLSimpleApplication@45b734f5
----------------- Done invoking toplevel() on ptolemy.moml.MoMLSimpleApplication@45b734f5
reloadAllAccessors: .ConstraintMonitor7

===========================================================================================
----------------- testing Wed Aug 21 05:31:40 UTC 2019 /home/travis/build/icyphy/ptII/ptolemy/actor/lib/test/auto/ConstraintMonitor8.xml
----------------- Instantiating /home/travis/build/icyphy/ptII/ptolemy/actor/lib/test/auto/ConstraintMonitor8.xml
9 ms. Memory: 499712K Free: 321552K (64%)
----------------- Invoking toplevel() on ptolemy.moml.MoMLSimpleApplication@1a657e36
----------------- Done invoking toplevel() on ptolemy.moml.MoMLSimpleApplication@1a657e36
reloadAllAccessors: .ConstraintMonitor8

===========================================================================================
----------------- testing Wed Aug 21 05:31:40 UTC 2019 /home/travis/build/icyphy/ptII/ptolemy/actor/lib/test/auto/Counter.xml
----------------- Instantiating /home/travis/build/icyphy/ptII/ptolemy/actor/lib/test/auto/Counter.xml
2 ms. Memory: 499712K Free: 316432K (63%)
----------------- Invoking toplevel() on ptolemy.moml.MoMLSimpleApplication@2fd88637
----------------- Done invoking toplevel() on ptolemy.moml.MoMLSimpleApplication@2fd88637
reloadAllAccessors: .Counter

===========================================================================================
----------------- testing Wed Aug 21 05:31:40 UTC 2019 /home/travis/build/icyphy/ptII/ptolemy/actor/lib/test/auto/CurrentTimeSDF.xml
----------------- Instantiating /home/travis/build/icyphy/ptII/ptolemy/actor/lib/test/auto/CurrentTimeSDF.xml
2 ms. Memory: 499712K Free: 312846K (63%)
----------------- Invoking toplevel() on ptolemy.moml.MoMLSimpleApplication@40987b00
----------------- Done invoking toplevel() on ptolemy.moml.MoMLSimpleApplication@40987b00
reloadAllAccessors: .CurrentTimeSDF

===========================================================================================
----------------- testing Wed Aug 21 05:31:40 UTC 2019 /home/travis/build/icyphy/ptII/ptolemy/actor/lib/test/auto/DB.xml
----------------- Instantiating /home/travis/build/icyphy/ptII/ptolemy/actor/lib/test/auto/DB.xml
2 ms. Memory: 499712K Free: 307726K (62%)
----------------- Invoking toplevel() on ptolemy.moml.MoMLSimpleApplication@2f0d25a5
----------------- Done invoking toplevel() on ptolemy.moml.MoMLSimpleApplication@2f0d25a5
reloadAllAccessors: .DB

===========================================================================================
----------------- testing Wed Aug 21 05:31:41 UTC 2019 /home/travis/build/icyphy/ptII/ptolemy/actor/lib/test/auto/DBDE.xml
----------------- Instantiating /home/travis/build/icyphy/ptII/ptolemy/actor/lib/test/auto/DBDE.xml
3 ms. Memory: 499712K Free: 301575K (60%)
----------------- Invoking toplevel() on ptolemy.moml.MoMLSimpleApplication@52f8d199
----------------- Done invoking toplevel() on ptolemy.moml.MoMLSimpleApplication@52f8d199
reloadAllAccessors: .DBDE

===========================================================================================
----------------- testing Wed Aug 21 05:31:41 UTC 2019 /home/travis/build/icyphy/ptII/ptolemy/actor/lib/test/auto/DateConstructor.xml
----------------- Instantiating /home/travis/build/icyphy/ptII/ptolemy/actor/lib/test/auto/DateConstructor.xml
31 ms. Memory: 499712K Free: 284688K (57%)
----------------- Invoking toplevel() on ptolemy.moml.MoMLSimpleApplication@582b718b
----------------- Done invoking toplevel() on ptolemy.moml.MoMLSimpleApplication@582b718b
reloadAllAccessors: .DateConstructor

===========================================================================================
----------------- testing Wed Aug 21 05:31:41 UTC 2019 /home/travis/build/icyphy/ptII/ptolemy/actor/lib/test/auto/DelayTime.xml
----------------- Instantiating /home/travis/build/icyphy/ptII/ptolemy/actor/lib/test/auto/DelayTime.xml
7 ms. Memory: 499712K Free: 279568K (56%)
----------------- Invoking toplevel() on ptolemy.moml.MoMLSimpleApplication@33dd0815
----------------- Done invoking toplevel() on ptolemy.moml.MoMLSimpleApplication@33dd0815
reloadAllAccessors: .DelayTime

===========================================================================================
----------------- testing Wed Aug 21 05:31:41 UTC 2019 /home/travis/build/icyphy/ptII/ptolemy/actor/lib/test/auto/Dictionary1.xml
----------------- Instantiating /home/travis/build/icyphy/ptII/ptolemy/actor/lib/test/auto/Dictionary1.xml
2 ms. Memory: 499712K Free: 273934K (55%)
----------------- Invoking toplevel() on ptolemy.moml.MoMLSimpleApplication@52c6beaf
----------------- Done invoking toplevel() on ptolemy.moml.MoMLSimpleApplication@52c6beaf
reloadAllAccessors: .Dictionary1

===========================================================================================
----------------- testing Wed Aug 21 05:31:41 UTC 2019 /home/travis/build/icyphy/ptII/ptolemy/actor/lib/test/auto/Dictionary2.xml
----------------- Instantiating /home/travis/build/icyphy/ptII/ptolemy/actor/lib/test/auto/Dictionary2.xml
2 ms. Memory: 499712K Free: 268814K (54%)
----------------- Invoking toplevel() on ptolemy.moml.MoMLSimpleApplication@19b306b1
----------------- Done invoking toplevel() on ptolemy.moml.MoMLSimpleApplication@19b306b1
reloadAllAccessors: .Dictionary2

===========================================================================================
----------------- testing Wed Aug 21 05:31:41 UTC 2019 /home/travis/build/icyphy/ptII/ptolemy/actor/lib/test/auto/Dictionary3.xml
----------------- Instantiating /home/travis/build/icyphy/ptII/ptolemy/actor/lib/test/auto/Dictionary3.xml
2 ms. Memory: 499712K Free: 263184K (53%)
----------------- Invoking toplevel() on ptolemy.moml.MoMLSimpleApplication@23f927e
----------------- Done invoking toplevel() on ptolemy.moml.MoMLSimpleApplication@23f927e
reloadAllAccessors: .Dictionary3

===========================================================================================
----------------- testing Wed Aug 21 05:31:41 UTC 2019 /home/travis/build/icyphy/ptII/ptolemy/actor/lib/test/auto/Dictionary4.xml
----------------- Instantiating /home/travis/build/icyphy/ptII/ptolemy/actor/lib/test/auto/Dictionary4.xml
3 ms. Memory: 499712K Free: 256016K (51%)
----------------- Invoking toplevel() on ptolemy.moml.MoMLSimpleApplication@3bf0dd69
----------------- Done invoking toplevel() on ptolemy.moml.MoMLSimpleApplication@3bf0dd69
reloadAllAccessors: .Dictionary4

===========================================================================================
----------------- testing Wed Aug 21 05:31:41 UTC 2019 /home/travis/build/icyphy/ptII/ptolemy/actor/lib/test/auto/Differential.xml
----------------- Instantiating /home/travis/build/icyphy/ptII/ptolemy/actor/lib/test/auto/Differential.xml
3 ms. Memory: 499712K Free: 251406K (50%)
----------------- Invoking toplevel() on ptolemy.moml.MoMLSimpleApplication@19c1a5ca
----------------- Done invoking toplevel() on ptolemy.moml.MoMLSimpleApplication@19c1a5ca
reloadAllAccessors: .Differential

===========================================================================================
----------------- testing Wed Aug 21 05:31:41 UTC 2019 /home/travis/build/icyphy/ptII/ptolemy/actor/lib/test/auto/Director.xml
----------------- Instantiating /home/travis/build/icyphy/ptII/ptolemy/actor/lib/test/auto/Director.xml
4 ms. Memory: 499712K Free: 248334K (50%)
----------------- Invoking toplevel() on ptolemy.moml.MoMLSimpleApplication@55e6e8cb
----------------- Done invoking toplevel() on ptolemy.moml.MoMLSimpleApplication@55e6e8cb
reloadAllAccessors: .Director

===========================================================================================
----------------- testing Wed Aug 21 05:31:41 UTC 2019 /home/travis/build/icyphy/ptII/ptolemy/actor/lib/test/auto/DiscreteClock.xml
----------------- Instantiating /home/travis/build/icyphy/ptII/ptolemy/actor/lib/test/auto/DiscreteClock.xml
2 ms. Memory: 499712K Free: 244238K (49%)
----------------- Invoking toplevel() on ptolemy.moml.MoMLSimpleApplication@62c36ce5
----------------- Done invoking toplevel() on ptolemy.moml.MoMLSimpleApplication@62c36ce5
reloadAllAccessors: .DiscreteClock

===========================================================================================
----------------- testing Wed Aug 21 05:31:41 UTC 2019 /home/travis/build/icyphy/ptII/ptolemy/actor/lib/test/auto/DiscreteClock10.xml
----------------- Instantiating /home/travis/build/icyphy/ptII/ptolemy/actor/lib/test/auto/DiscreteClock10.xml
3 ms. Memory: 499712K Free: 238094K (48%)
----------------- Invoking toplevel() on ptolemy.moml.MoMLSimpleApplication@6e4481b7
----------------- Done invoking toplevel() on ptolemy.moml.MoMLSimpleApplication@6e4481b7
reloadAllAccessors: .DiscreteClock10

===========================================================================================
----------------- testing Wed Aug 21 05:31:41 UTC 2019 /home/travis/build/icyphy/ptII/ptolemy/actor/lib/test/auto/DiscreteClock11.xml
----------------- Instantiating /home/travis/build/icyphy/ptII/ptolemy/actor/lib/test/auto/DiscreteClock11.xml
2 ms. Memory: 499712K Free: 232464K (47%)
----------------- Invoking toplevel() on ptolemy.moml.MoMLSimpleApplication@2d15adc6
----------------- Done invoking toplevel() on ptolemy.moml.MoMLSimpleApplication@2d15adc6
reloadAllAccessors: .DiscreteClock11

===========================================================================================
----------------- testing Wed Aug 21 05:31:41 UTC 2019 /home/travis/build/icyphy/ptII/ptolemy/actor/lib/test/auto/DiscreteClock12.xml
----------------- Instantiating /home/travis/build/icyphy/ptII/ptolemy/actor/lib/test/auto/DiscreteClock12.xml
3 ms. Memory: 499712K Free: 226320K (45%)
----------------- Invoking toplevel() on ptolemy.moml.MoMLSimpleApplication@27183f67
----------------- Done invoking toplevel() on ptolemy.moml.MoMLSimpleApplication@27183f67
reloadAllAccessors: .DiscreteClock12

===========================================================================================
----------------- testing Wed Aug 21 05:31:41 UTC 2019 /home/travis/build/icyphy/ptII/ptolemy/actor/lib/test/auto/DiscreteClock13.xml
----------------- Instantiating /home/travis/build/icyphy/ptII/ptolemy/actor/lib/test/auto/DiscreteClock13.xml
6 ms. Memory: 499712K Free: 220176K (44%)
----------------- Invoking toplevel() on ptolemy.moml.MoMLSimpleApplication@63b6733a
----------------- Done invoking toplevel() on ptolemy.moml.MoMLSimpleApplication@63b6733a
reloadAllAccessors: .DiscreteClock13

===========================================================================================
----------------- testing Wed Aug 21 05:31:41 UTC 2019 /home/travis/build/icyphy/ptII/ptolemy/actor/lib/test/auto/DiscreteClock14.xml
----------------- Instantiating /home/travis/build/icyphy/ptII/ptolemy/actor/lib/test/auto/DiscreteClock14.xml
6 ms. Memory: 499712K Free: 214032K (43%)
----------------- Invoking toplevel() on ptolemy.moml.MoMLSimpleApplication@5529d6fb
----------------- Done invoking toplevel() on ptolemy.moml.MoMLSimpleApplication@5529d6fb
reloadAllAccessors: .DiscreteClock14

===========================================================================================
----------------- testing Wed Aug 21 05:31:41 UTC 2019 /home/travis/build/icyphy/ptII/ptolemy/actor/lib/test/auto/DiscreteClock15.xml
----------------- Instantiating /home/travis/build/icyphy/ptII/ptolemy/actor/lib/test/auto/DiscreteClock15.xml
5 ms. Memory: 499712K Free: 208367K (42%)
----------------- Invoking toplevel() on ptolemy.moml.MoMLSimpleApplication@47ed64f9
----------------- Done invoking toplevel() on ptolemy.moml.MoMLSimpleApplication@47ed64f9
reloadAllAccessors: .DiscreteClock15

===========================================================================================
----------------- testing Wed Aug 21 05:31:41 UTC 2019 /home/travis/build/icyphy/ptII/ptolemy/actor/lib/test/auto/DiscreteClock16.xml
----------------- Instantiating /home/travis/build/icyphy/ptII/ptolemy/actor/lib/test/auto/DiscreteClock16.xml
19 ms. Memory: 499712K Free: 194576K (39%)
----------------- Invoking toplevel() on ptolemy.moml.MoMLSimpleApplication@3b5877b5
----------------- Done invoking toplevel() on ptolemy.moml.MoMLSimpleApplication@3b5877b5
reloadAllAccessors: .DiscreteClock16

===========================================================================================
----------------- testing Wed Aug 21 05:31:41 UTC 2019 /home/travis/build/icyphy/ptII/ptolemy/actor/lib/test/auto/DiscreteClock17.xml
----------------- Instantiating /home/travis/build/icyphy/ptII/ptolemy/actor/lib/test/auto/DiscreteClock17.xml
19 ms. Memory: 499712K Free: 179711K (36%)
----------------- Invoking toplevel() on ptolemy.moml.MoMLSimpleApplication@1a1856d3
----------------- Done invoking toplevel() on ptolemy.moml.MoMLSimpleApplication@1a1856d3
reloadAllAccessors: .DiscreteClock17

===========================================================================================
----------------- testing Wed Aug 21 05:31:41 UTC 2019 /home/travis/build/icyphy/ptII/ptolemy/actor/lib/test/auto/DiscreteClock18.xml
----------------- Instantiating /home/travis/build/icyphy/ptII/ptolemy/actor/lib/test/auto/DiscreteClock18.xml
50 ms. Memory: 499712K Free: 449040K (90%)
----------------- Invoking toplevel() on ptolemy.moml.MoMLSimpleApplication@200d4029
----------------- Done invoking toplevel() on ptolemy.moml.MoMLSimpleApplication@200d4029
reloadAllAccessors: .DiscreteClock18

===========================================================================================
----------------- testing Wed Aug 21 05:31:41 UTC 2019 /home/travis/build/icyphy/ptII/ptolemy/actor/lib/test/auto/DiscreteClock19.xml
----------------- Instantiating /home/travis/build/icyphy/ptII/ptolemy/actor/lib/test/auto/DiscreteClock19.xml
24 ms. Memory: 499712K Free: 434704K (87%)
----------------- Invoking toplevel() on ptolemy.moml.MoMLSimpleApplication@54e1cd06
----------------- Done invoking toplevel() on ptolemy.moml.MoMLSimpleApplication@54e1cd06
reloadAllAccessors: .DiscreteClock19

===========================================================================================
----------------- testing Wed Aug 21 05:31:41 UTC 2019 /home/travis/build/icyphy/ptII/ptolemy/actor/lib/test/auto/DiscreteClock2.xml
----------------- Instantiating /home/travis/build/icyphy/ptII/ptolemy/actor/lib/test/auto/DiscreteClock2.xml
5 ms. Memory: 499712K Free: 429584K (86%)
----------------- Invoking toplevel() on ptolemy.moml.MoMLSimpleApplication@4c16137
----------------- Done invoking toplevel() on ptolemy.moml.MoMLSimpleApplication@4c16137
reloadAllAccessors: .DiscreteClock2

===========================================================================================
----------------- testing Wed Aug 21 05:31:41 UTC 2019 /home/travis/build/icyphy/ptII/ptolemy/actor/lib/test/auto/DiscreteClock20.xml
----------------- Instantiating /home/travis/build/icyphy/ptII/ptolemy/actor/lib/test/auto/DiscreteClock20.xml
10 ms. Memory: 499712K Free: 424464K (85%)
----------------- Invoking toplevel() on ptolemy.moml.MoMLSimpleApplication@655e17d0
----------------- Done invoking toplevel() on ptolemy.moml.MoMLSimpleApplication@655e17d0
reloadAllAccessors: .DiscreteClock20

===========================================================================================
----------------- testing Wed Aug 21 05:31:41 UTC 2019 /home/travis/build/icyphy/ptII/ptolemy/actor/lib/test/auto/DiscreteClock21.xml
----------------- Instantiating /home/travis/build/icyphy/ptII/ptolemy/actor/lib/test/auto/DiscreteClock21.xml
6 ms. Memory: 499712K Free: 418830K (84%)
----------------- Invoking toplevel() on ptolemy.moml.MoMLSimpleApplication@44374beb
----------------- Done invoking toplevel() on ptolemy.moml.MoMLSimpleApplication@44374beb
reloadAllAccessors: .DiscreteClock21

===========================================================================================
----------------- testing Wed Aug 21 05:31:41 UTC 2019 /home/travis/build/icyphy/ptII/ptolemy/actor/lib/test/auto/DiscreteClock22.xml
----------------- Instantiating /home/travis/build/icyphy/ptII/ptolemy/actor/lib/test/auto/DiscreteClock22.xml
5 ms. Memory: 499712K Free: 413200K (83%)
----------------- Invoking toplevel() on ptolemy.moml.MoMLSimpleApplication@61b6abc4
----------------- Done invoking toplevel() on ptolemy.moml.MoMLSimpleApplication@61b6abc4
reloadAllAccessors: .DiscreteClock22

===========================================================================================
----------------- testing Wed Aug 21 05:31:41 UTC 2019 /home/travis/build/icyphy/ptII/ptolemy/actor/lib/test/auto/DiscreteClock23.xml
----------------- Instantiating /home/travis/build/icyphy/ptII/ptolemy/actor/lib/test/auto/DiscreteClock23.xml
11 ms. Memory: 499712K Free: 407566K (82%)
----------------- Invoking toplevel() on ptolemy.moml.MoMLSimpleApplication@7409da14
----------------- Done invoking toplevel() on ptolemy.moml.MoMLSimpleApplication@7409da14
reloadAllAccessors: .DiscreteClock23

===========================================================================================
----------------- testing Wed Aug 21 05:31:41 UTC 2019 /home/travis/build/icyphy/ptII/ptolemy/actor/lib/test/auto/DiscreteClock24.xml
----------------- Instantiating /home/travis/build/icyphy/ptII/ptolemy/actor/lib/test/auto/DiscreteClock24.xml
5 ms. Memory: 499712K Free: 402446K (81%)
----------------- Invoking toplevel() on ptolemy.moml.MoMLSimpleApplication@21042b4f
----------------- Done invoking toplevel() on ptolemy.moml.MoMLSimpleApplication@21042b4f
reloadAllAccessors: .DiscreteClock24

===========================================================================================
----------------- testing Wed Aug 21 05:31:41 UTC 2019 /home/travis/build/icyphy/ptII/ptolemy/actor/lib/test/auto/DiscreteClock4.xml
----------------- Instantiating /home/travis/build/icyphy/ptII/ptolemy/actor/lib/test/auto/DiscreteClock4.xml
9 ms. Memory: 499712K Free: 396816K (79%)
----------------- Invoking toplevel() on ptolemy.moml.MoMLSimpleApplication@c0f3cb3
----------------- Done invoking toplevel() on ptolemy.moml.MoMLSimpleApplication@c0f3cb3
reloadAllAccessors: .DiscreteClock4

===========================================================================================
----------------- testing Wed Aug 21 05:31:41 UTC 2019 /home/travis/build/icyphy/ptII/ptolemy/actor/lib/test/auto/DiscreteClock5.xml
----------------- Instantiating /home/travis/build/icyphy/ptII/ptolemy/actor/lib/test/auto/DiscreteClock5.xml
2 ms. Memory: 499712K Free: 391167K (78%)
----------------- Invoking toplevel() on ptolemy.moml.MoMLSimpleApplication@4689fdf9
----------------- Done invoking toplevel() on ptolemy.moml.MoMLSimpleApplication@4689fdf9
reloadAllAccessors: .DiscreteClock5

===========================================================================================
----------------- testing Wed Aug 21 05:31:41 UTC 2019 /home/travis/build/icyphy/ptII/ptolemy/actor/lib/test/auto/DiscreteClock6.xml
----------------- Instantiating /home/travis/build/icyphy/ptII/ptolemy/actor/lib/test/auto/DiscreteClock6.xml
1 ms. Memory: 499712K Free: 386576K (77%)
----------------- Invoking toplevel() on ptolemy.moml.MoMLSimpleApplication@217d02d7
----------------- Done invoking toplevel() on ptolemy.moml.MoMLSimpleApplication@217d02d7
reloadAllAccessors: .DiscreteClock6

===========================================================================================
----------------- testing Wed Aug 21 05:31:41 UTC 2019 /home/travis/build/icyphy/ptII/ptolemy/actor/lib/test/auto/DiscreteClock7.xml
----------------- Instantiating /home/travis/build/icyphy/ptII/ptolemy/actor/lib/test/auto/DiscreteClock7.xml
1 ms. Memory: 499712K Free: 381966K (76%)
----------------- Invoking toplevel() on ptolemy.moml.MoMLSimpleApplication@2cfe4b88
----------------- Done invoking toplevel() on ptolemy.moml.MoMLSimpleApplication@2cfe4b88
reloadAllAccessors: .DiscreteClock7

===========================================================================================
----------------- testing Wed Aug 21 05:31:41 UTC 2019 /home/travis/build/icyphy/ptII/ptolemy/actor/lib/test/auto/DiscreteClock8.xml
----------------- Instantiating /home/travis/build/icyphy/ptII/ptolemy/actor/lib/test/auto/DiscreteClock8.xml
5 ms. Memory: 499712K Free: 376839K (75%)
----------------- Invoking toplevel() on ptolemy.moml.MoMLSimpleApplication@6cf76485
----------------- Done invoking toplevel() on ptolemy.moml.MoMLSimpleApplication@6cf76485
reloadAllAccessors: .DiscreteClock8

===========================================================================================
----------------- testing Wed Aug 21 05:31:41 UTC 2019 /home/travis/build/icyphy/ptII/ptolemy/actor/lib/test/auto/DiscreteClock9.xml
----------------- Instantiating /home/travis/build/icyphy/ptII/ptolemy/actor/lib/test/auto/DiscreteClock9.xml
5 ms. Memory: 499712K Free: 370671K (74%)
----------------- Invoking toplevel() on ptolemy.moml.MoMLSimpleApplication@78c3a96b
----------------- Done invoking toplevel() on ptolemy.moml.MoMLSimpleApplication@78c3a96b
reloadAllAccessors: .DiscreteClock9

===========================================================================================
----------------- testing Wed Aug 21 05:31:41 UTC 2019 /home/travis/build/icyphy/ptII/ptolemy/actor/lib/test/auto/DisplayArray.xml
----------------- Instantiating /home/travis/build/icyphy/ptII/ptolemy/actor/lib/test/auto/DisplayArray.xml
1 ms. Memory: 499712K Free: 367120K (73%)
----------------- Invoking toplevel() on ptolemy.moml.MoMLSimpleApplication@15f3ef76
----------------- Done invoking toplevel() on ptolemy.moml.MoMLSimpleApplication@15f3ef76
reloadAllAccessors: .DisplayArray

===========================================================================================
----------------- testing Wed Aug 21 05:31:41 UTC 2019 /home/travis/build/icyphy/ptII/ptolemy/actor/lib/test/auto/Distributor.xml
----------------- Instantiating /home/travis/build/icyphy/ptII/ptolemy/actor/lib/test/auto/Distributor.xml
2 ms. Memory: 499712K Free: 362000K (72%)
----------------- Invoking toplevel() on ptolemy.moml.MoMLSimpleApplication@773ae64d
----------------- Done invoking toplevel() on ptolemy.moml.MoMLSimpleApplication@773ae64d
reloadAllAccessors: .Distributor

===========================================================================================
----------------- testing Wed Aug 21 05:31:41 UTC 2019 /home/travis/build/icyphy/ptII/ptolemy/actor/lib/test/auto/Distributor2.xml
----------------- Instantiating /home/travis/build/icyphy/ptII/ptolemy/actor/lib/test/auto/Distributor2.xml
2 ms. Memory: 499712K Free: 356880K (71%)
----------------- Invoking toplevel() on ptolemy.moml.MoMLSimpleApplication@5e11cf5
----------------- Done invoking toplevel() on ptolemy.moml.MoMLSimpleApplication@5e11cf5
reloadAllAccessors: .Distributor2

===========================================================================================
----------------- testing Wed Aug 21 05:31:41 UTC 2019 /home/travis/build/icyphy/ptII/ptolemy/actor/lib/test/auto/DownSample.xml
----------------- Instantiating /home/travis/build/icyphy/ptII/ptolemy/actor/lib/test/auto/DownSample.xml
3 ms. Memory: 499712K Free: 352784K (71%)
----------------- Invoking toplevel() on ptolemy.moml.MoMLSimpleApplication@3af9a8e6
----------------- Done invoking toplevel() on ptolemy.moml.MoMLSimpleApplication@3af9a8e6
reloadAllAccessors: .DownSample

===========================================================================================
----------------- testing Wed Aug 21 05:31:42 UTC 2019 /home/travis/build/icyphy/ptII/ptolemy/actor/lib/test/auto/ElectronicUnitBase1.xml
----------------- Instantiating /home/travis/build/icyphy/ptII/ptolemy/actor/lib/test/auto/ElectronicUnitBase1.xml
19 ms. Memory: 499712K Free: 336400K (67%)
----------------- Invoking toplevel() on ptolemy.moml.MoMLSimpleApplication@13f4c2d9
----------------- Done invoking toplevel() on ptolemy.moml.MoMLSimpleApplication@13f4c2d9
reloadAllAccessors: .ElectronicUnitBase1

===========================================================================================
----------------- testing Wed Aug 21 05:31:42 UTC 2019 /home/travis/build/icyphy/ptII/ptolemy/actor/lib/test/auto/ElementsToArray.xml
----------------- Instantiating /home/travis/build/icyphy/ptII/ptolemy/actor/lib/test/auto/ElementsToArray.xml
2 ms. Memory: 499712K Free: 331280K (66%)
----------------- Invoking toplevel() on ptolemy.moml.MoMLSimpleApplication@3a34d7e7
----------------- Done invoking toplevel() on ptolemy.moml.MoMLSimpleApplication@3a34d7e7
reloadAllAccessors: .ElementsToArray

===========================================================================================
----------------- testing Wed Aug 21 05:31:42 UTC 2019 /home/travis/build/icyphy/ptII/ptolemy/actor/lib/test/auto/Equals.xml
----------------- Instantiating /home/travis/build/icyphy/ptII/ptolemy/actor/lib/test/auto/Equals.xml
2 ms. Memory: 499712K Free: 326670K (65%)
----------------- Invoking toplevel() on ptolemy.moml.MoMLSimpleApplication@76c2356
----------------- Done invoking toplevel() on ptolemy.moml.MoMLSimpleApplication@76c2356
reloadAllAccessors: .Equals

===========================================================================================
----------------- testing Wed Aug 21 05:31:42 UTC 2019 /home/travis/build/icyphy/ptII/ptolemy/actor/lib/test/auto/Exec.xml
----------------- Instantiating /home/travis/build/icyphy/ptII/ptolemy/actor/lib/test/auto/Exec.xml
19 ms. Memory: 499712K Free: 321550K (64%)
----------------- Invoking toplevel() on ptolemy.moml.MoMLSimpleApplication@1ebdfbb6
----------------- Done invoking toplevel() on ptolemy.moml.MoMLSimpleApplication@1ebdfbb6
reloadAllAccessors: .Exec

===========================================================================================
----------------- testing Wed Aug 21 05:31:42 UTC 2019 /home/travis/build/icyphy/ptII/ptolemy/actor/lib/test/auto/ExecEnvironment.xml
----------------- Instantiating /home/travis/build/icyphy/ptII/ptolemy/actor/lib/test/auto/ExecEnvironment.xml
39 ms. Memory: 499712K Free: 315406K (63%)
----------------- Invoking toplevel() on ptolemy.moml.MoMLSimpleApplication@14e56354
----------------- Done invoking toplevel() on ptolemy.moml.MoMLSimpleApplication@14e56354
reloadAllAccessors: .ExecEnvironment

===========================================================================================
----------------- testing Wed Aug 21 05:31:42 UTC 2019 /home/travis/build/icyphy/ptII/ptolemy/actor/lib/test/auto/ExecNonZeroReturnOutput.xml
----------------- Instantiating /home/travis/build/icyphy/ptII/ptolemy/actor/lib/test/auto/ExecNonZeroReturnOutput.xml
190 ms. Memory: 499712K Free: 303632K (61%)
----------------- Invoking toplevel() on ptolemy.moml.MoMLSimpleApplication@370bc45f
----------------- Done invoking toplevel() on ptolemy.moml.MoMLSimpleApplication@370bc45f
reloadAllAccessors: .ExecNonZeroReturnOutput

===========================================================================================
----------------- testing Wed Aug 21 05:31:42 UTC 2019 /home/travis/build/icyphy/ptII/ptolemy/actor/lib/test/auto/ExecRunDemos.xml
----------------- Instantiating /home/travis/build/icyphy/ptII/ptolemy/actor/lib/test/auto/ExecRunDemos.xml
Finished: 106 ms. Memory: 120832K Free: 104572K (87%)

Finished: 95 ms. Memory: 120832K Free: 110591K (92%)

Finished: 116 ms. Memory: 120832K Free: 111075K (92%)

Finished: 85 ms. Memory: 120832K Free: 103232K (85%)

Finished: 100 ms. Memory: 120832K Free: 104209K (86%)

11284 ms. Memory: 499712K Free: 282126K (56%)
----------------- Invoking toplevel() on ptolemy.moml.MoMLSimpleApplication@6e778dba
----------------- Done invoking toplevel() on ptolemy.moml.MoMLSimpleApplication@6e778dba
reloadAllAccessors: .ExecRunDemos

===========================================================================================
----------------- testing Wed Aug 21 05:31:53 UTC 2019 /home/travis/build/icyphy/ptII/ptolemy/actor/lib/test/auto/ExecStop.xml
----------------- Instantiating /home/travis/build/icyphy/ptII/ptolemy/actor/lib/test/auto/ExecStop.xml
5010 ms. Memory: 628736K Free: 570756K (91%)
----------------- Invoking toplevel() on ptolemy.moml.MoMLSimpleApplication@711c6dff
----------------- Done invoking toplevel() on ptolemy.moml.MoMLSimpleApplication@711c6dff
reloadAllAccessors: .ExecStop

===========================================================================================
----------------- testing Wed Aug 21 05:31:58 UTC 2019 /home/travis/build/icyphy/ptII/ptolemy/actor/lib/test/auto/ExecutionTimeSDF.xml
----------------- Instantiating /home/travis/build/icyphy/ptII/ptolemy/actor/lib/test/auto/ExecutionTimeSDF.xml
Fired ExecutionTime: 2116800000
Fired ExecutionTime: 1071200000
Fired ExecutionTime: -1650967296
6007 ms. Memory: 628736K Free: 557582K (89%)

===========================================================================================
----------------- testing Wed Aug 21 05:32:04 UTC 2019 /home/travis/build/icyphy/ptII/ptolemy/actor/lib/test/auto/Expression1.xml
----------------- Instantiating /home/travis/build/icyphy/ptII/ptolemy/actor/lib/test/auto/Expression1.xml
2 ms. Memory: 628736K Free: 552976K (88%)
----------------- Invoking toplevel() on ptolemy.moml.MoMLSimpleApplication@34eeb996
----------------- Done invoking toplevel() on ptolemy.moml.MoMLSimpleApplication@34eeb996
reloadAllAccessors: .Expression1

===========================================================================================
----------------- testing Wed Aug 21 05:32:04 UTC 2019 /home/travis/build/icyphy/ptII/ptolemy/actor/lib/test/auto/Expression10.xml
----------------- Instantiating /home/travis/build/icyphy/ptII/ptolemy/actor/lib/test/auto/Expression10.xml
9 ms. Memory: 628736K Free: 547342K (87%)
----------------- Invoking toplevel() on ptolemy.moml.MoMLSimpleApplication@5e7b4ab
----------------- Done invoking toplevel() on ptolemy.moml.MoMLSimpleApplication@5e7b4ab
reloadAllAccessors: .Expression10

===========================================================================================
----------------- testing Wed Aug 21 05:32:04 UTC 2019 /home/travis/build/icyphy/ptII/ptolemy/actor/lib/test/auto/Expression11.xml
----------------- Instantiating /home/travis/build/icyphy/ptII/ptolemy/actor/lib/test/auto/Expression11.xml
5 ms. Memory: 628736K Free: 543246K (86%)
----------------- Invoking toplevel() on ptolemy.moml.MoMLSimpleApplication@5f12e90e
----------------- Done invoking toplevel() on ptolemy.moml.MoMLSimpleApplication@5f12e90e
reloadAllAccessors: .Expression11

===========================================================================================
----------------- testing Wed Aug 21 05:32:04 UTC 2019 /home/travis/build/icyphy/ptII/ptolemy/actor/lib/test/auto/Expression12.xml
----------------- Instantiating /home/travis/build/icyphy/ptII/ptolemy/actor/lib/test/auto/Expression12.xml
4 ms. Memory: 628736K Free: 537616K (86%)
----------------- Invoking toplevel() on ptolemy.moml.MoMLSimpleApplication@163749f7
----------------- Done invoking toplevel() on ptolemy.moml.MoMLSimpleApplication@163749f7
reloadAllAccessors: .Expression12

===========================================================================================
----------------- testing Wed Aug 21 05:32:04 UTC 2019 /home/travis/build/icyphy/ptII/ptolemy/actor/lib/test/auto/Expression13.xml
----------------- Instantiating /home/travis/build/icyphy/ptII/ptolemy/actor/lib/test/auto/Expression13.xml
3 ms. Memory: 628736K Free: 532496K (85%)
----------------- Invoking toplevel() on ptolemy.moml.MoMLSimpleApplication@3b7702e3
----------------- Done invoking toplevel() on ptolemy.moml.MoMLSimpleApplication@3b7702e3
reloadAllAccessors: .Expression13

===========================================================================================
----------------- testing Wed Aug 21 05:32:04 UTC 2019 /home/travis/build/icyphy/ptII/ptolemy/actor/lib/test/auto/Expression14.xml
----------------- Instantiating /home/travis/build/icyphy/ptII/ptolemy/actor/lib/test/auto/Expression14.xml
9 ms. Memory: 628736K Free: 526862K (84%)
----------------- Invoking toplevel() on ptolemy.moml.MoMLSimpleApplication@79ee7aad
----------------- Done invoking toplevel() on ptolemy.moml.MoMLSimpleApplication@79ee7aad
reloadAllAccessors: .Expression14

===========================================================================================
----------------- testing Wed Aug 21 05:32:04 UTC 2019 /home/travis/build/icyphy/ptII/ptolemy/actor/lib/test/auto/Expression15.xml
----------------- Instantiating /home/travis/build/icyphy/ptII/ptolemy/actor/lib/test/auto/Expression15.xml
2 ms. Memory: 628736K Free: 522766K (83%)
----------------- Invoking toplevel() on ptolemy.moml.MoMLSimpleApplication@63224150
----------------- Done invoking toplevel() on ptolemy.moml.MoMLSimpleApplication@63224150
reloadAllAccessors: .Expression15

===========================================================================================
----------------- testing Wed Aug 21 05:32:05 UTC 2019 /home/travis/build/icyphy/ptII/ptolemy/actor/lib/test/auto/Expression16.xml
----------------- Instantiating /home/travis/build/icyphy/ptII/ptolemy/actor/lib/test/auto/Expression16.xml
4 ms. Memory: 628736K Free: 517646K (82%)
----------------- Invoking toplevel() on ptolemy.moml.MoMLSimpleApplication@71446f0a
----------------- Done invoking toplevel() on ptolemy.moml.MoMLSimpleApplication@71446f0a
reloadAllAccessors: .Expression16

===========================================================================================
----------------- testing Wed Aug 21 05:32:05 UTC 2019 /home/travis/build/icyphy/ptII/ptolemy/actor/lib/test/auto/Expression17.xml
----------------- Instantiating /home/travis/build/icyphy/ptII/ptolemy/actor/lib/test/auto/Expression17.xml
5 ms. Memory: 628736K Free: 513040K (82%)
----------------- Invoking toplevel() on ptolemy.moml.MoMLSimpleApplication@7aaec16
----------------- Done invoking toplevel() on ptolemy.moml.MoMLSimpleApplication@7aaec16
reloadAllAccessors: .Expression17

===========================================================================================
----------------- testing Wed Aug 21 05:32:05 UTC 2019 /home/travis/build/icyphy/ptII/ptolemy/actor/lib/test/auto/Expression18.xml
----------------- Instantiating /home/travis/build/icyphy/ptII/ptolemy/actor/lib/test/auto/Expression18.xml
2 ms. Memory: 628736K Free: 507918K (81%)
----------------- Invoking toplevel() on ptolemy.moml.MoMLSimpleApplication@7077457f
----------------- Done invoking toplevel() on ptolemy.moml.MoMLSimpleApplication@7077457f
reloadAllAccessors: .Expression18

===========================================================================================
----------------- testing Wed Aug 21 05:32:05 UTC 2019 /home/travis/build/icyphy/ptII/ptolemy/actor/lib/test/auto/Expression2.xml
----------------- Instantiating /home/travis/build/icyphy/ptII/ptolemy/actor/lib/test/auto/Expression2.xml
3 ms. Memory: 628736K Free: 502286K (80%)
----------------- Invoking toplevel() on ptolemy.moml.MoMLSimpleApplication@13f09950
----------------- Done invoking toplevel() on ptolemy.moml.MoMLSimpleApplication@13f09950
reloadAllAccessors: .Expression2

===========================================================================================
----------------- testing Wed Aug 21 05:32:05 UTC 2019 /home/travis/build/icyphy/ptII/ptolemy/actor/lib/test/auto/Expression3.xml
----------------- Instantiating /home/travis/build/icyphy/ptII/ptolemy/actor/lib/test/auto/Expression3.xml
8 ms. Memory: 628736K Free: 497680K (79%)
----------------- Invoking toplevel() on ptolemy.moml.MoMLSimpleApplication@25f2c827
----------------- Done invoking toplevel() on ptolemy.moml.MoMLSimpleApplication@25f2c827
reloadAllAccessors: .Expression3

===========================================================================================
----------------- testing Wed Aug 21 05:32:05 UTC 2019 /home/travis/build/icyphy/ptII/ptolemy/actor/lib/test/auto/Expression4.xml
----------------- Instantiating /home/travis/build/icyphy/ptII/ptolemy/actor/lib/test/auto/Expression4.xml
5 ms. Memory: 628736K Free: 489998K (78%)
----------------- Invoking toplevel() on ptolemy.moml.MoMLSimpleApplication@6951ca3
----------------- Done invoking toplevel() on ptolemy.moml.MoMLSimpleApplication@6951ca3
reloadAllAccessors: .Expression4

===========================================================================================
----------------- testing Wed Aug 21 05:32:05 UTC 2019 /home/travis/build/icyphy/ptII/ptolemy/actor/lib/test/auto/Expression5.xml
----------------- Instantiating /home/travis/build/icyphy/ptII/ptolemy/actor/lib/test/auto/Expression5.xml
6 ms. Memory: 628736K Free: 484878K (77%)
----------------- Invoking toplevel() on ptolemy.moml.MoMLSimpleApplication@3f2868cd
----------------- Done invoking toplevel() on ptolemy.moml.MoMLSimpleApplication@3f2868cd
reloadAllAccessors: .Expression5

===========================================================================================
----------------- testing Wed Aug 21 05:32:05 UTC 2019 /home/travis/build/icyphy/ptII/ptolemy/actor/lib/test/auto/Expression6.xml
----------------- Instantiating /home/travis/build/icyphy/ptII/ptolemy/actor/lib/test/auto/Expression6.xml
3 ms. Memory: 628736K Free: 480782K (76%)
----------------- Invoking toplevel() on ptolemy.moml.MoMLSimpleApplication@53f2b4aa
----------------- Done invoking toplevel() on ptolemy.moml.MoMLSimpleApplication@53f2b4aa
reloadAllAccessors: .Expression6

===========================================================================================
----------------- testing Wed Aug 21 05:32:05 UTC 2019 /home/travis/build/icyphy/ptII/ptolemy/actor/lib/test/auto/Expression7.xml
----------------- Instantiating /home/travis/build/icyphy/ptII/ptolemy/actor/lib/test/auto/Expression7.xml
3 ms. Memory: 628736K Free: 475662K (76%)
----------------- Invoking toplevel() on ptolemy.moml.MoMLSimpleApplication@1bcf99ff
----------------- Done invoking toplevel() on ptolemy.moml.MoMLSimpleApplication@1bcf99ff
reloadAllAccessors: .Expression7

===========================================================================================
----------------- testing Wed Aug 21 05:32:05 UTC 2019 /home/travis/build/icyphy/ptII/ptolemy/actor/lib/test/auto/Expression8.xml
----------------- Instantiating /home/travis/build/icyphy/ptII/ptolemy/actor/lib/test/auto/Expression8.xml
9 ms. Memory: 628736K Free: 470542K (75%)
----------------- Invoking toplevel() on ptolemy.moml.MoMLSimpleApplication@23621759
----------------- Done invoking toplevel() on ptolemy.moml.MoMLSimpleApplication@23621759
reloadAllAccessors: .Expression8

===========================================================================================
----------------- testing Wed Aug 21 05:32:05 UTC 2019 /home/travis/build/icyphy/ptII/ptolemy/actor/lib/test/auto/Expression9.xml
----------------- Instantiating /home/travis/build/icyphy/ptII/ptolemy/actor/lib/test/auto/Expression9.xml
1 ms. Memory: 628736K Free: 466446K (74%)
----------------- Invoking toplevel() on ptolemy.moml.MoMLSimpleApplication@631aaddb
----------------- Done invoking toplevel() on ptolemy.moml.MoMLSimpleApplication@631aaddb
reloadAllAccessors: .Expression9

===========================================================================================
----------------- testing Wed Aug 21 05:32:05 UTC 2019 /home/travis/build/icyphy/ptII/ptolemy/actor/lib/test/auto/ExpressionConcatenateArrayType.xml
----------------- Instantiating /home/travis/build/icyphy/ptII/ptolemy/actor/lib/test/auto/ExpressionConcatenateArrayType.xml
4 ms. Memory: 628736K Free: 460302K (73%)
----------------- Invoking toplevel() on ptolemy.moml.MoMLSimpleApplication@7067630e
----------------- Done invoking toplevel() on ptolemy.moml.MoMLSimpleApplication@7067630e
reloadAllAccessors: .ExpressionConcatenateArrayType

===========================================================================================
----------------- testing Wed Aug 21 05:32:05 UTC 2019 /home/travis/build/icyphy/ptII/ptolemy/actor/lib/test/auto/ExpressionConcatenateArrayType2.xml
----------------- Instantiating /home/travis/build/icyphy/ptII/ptolemy/actor/lib/test/auto/ExpressionConcatenateArrayType2.xml
3 ms. Memory: 628736K Free: 454158K (72%)
----------------- Invoking toplevel() on ptolemy.moml.MoMLSimpleApplication@5bc37c10
----------------- Done invoking toplevel() on ptolemy.moml.MoMLSimpleApplication@5bc37c10
reloadAllAccessors: .ExpressionConcatenateArrayType2

===========================================================================================
----------------- testing Wed Aug 21 05:32:05 UTC 2019 /home/travis/build/icyphy/ptII/ptolemy/actor/lib/test/auto/ExpressionFix.xml
----------------- Instantiating /home/travis/build/icyphy/ptII/ptolemy/actor/lib/test/auto/ExpressionFix.xml
29 ms. Memory: 628736K Free: 447504K (71%)
----------------- Invoking toplevel() on ptolemy.moml.MoMLSimpleApplication@5edf4935
----------------- Done invoking toplevel() on ptolemy.moml.MoMLSimpleApplication@5edf4935
reloadAllAccessors: .ExpressionFix

===========================================================================================
----------------- testing Wed Aug 21 05:32:05 UTC 2019 /home/travis/build/icyphy/ptII/ptolemy/actor/lib/test/auto/ExpressionFix2.xml
----------------- Instantiating /home/travis/build/icyphy/ptII/ptolemy/actor/lib/test/auto/ExpressionFix2.xml
4 ms. Memory: 628736K Free: 443918K (71%)
----------------- Invoking toplevel() on ptolemy.moml.MoMLSimpleApplication@4d01ab90
----------------- Done invoking toplevel() on ptolemy.moml.MoMLSimpleApplication@4d01ab90
reloadAllAccessors: .ExpressionFix2

===========================================================================================
----------------- testing Wed Aug 21 05:32:05 UTC 2019 /home/travis/build/icyphy/ptII/ptolemy/actor/lib/test/auto/ExpressionFix3.xml
----------------- Instantiating /home/travis/build/icyphy/ptII/ptolemy/actor/lib/test/auto/ExpressionFix3.xml
3 ms. Memory: 628736K Free: 439312K (70%)
----------------- Invoking toplevel() on ptolemy.moml.MoMLSimpleApplication@227100de
----------------- Done invoking toplevel() on ptolemy.moml.MoMLSimpleApplication@227100de
reloadAllAccessors: .ExpressionFix3

===========================================================================================
----------------- testing Wed Aug 21 05:32:05 UTC 2019 /home/travis/build/icyphy/ptII/ptolemy/actor/lib/test/auto/FileWriter1.xml
----------------- Instantiating /home/travis/build/icyphy/ptII/ptolemy/actor/lib/test/auto/FileWriter1.xml
3 ms. Memory: 628736K Free: 435216K (69%)
----------------- Invoking toplevel() on ptolemy.moml.MoMLSimpleApplication@63f5492
----------------- Done invoking toplevel() on ptolemy.moml.MoMLSimpleApplication@63f5492
reloadAllAccessors: .FileWriter1

===========================================================================================
----------------- testing Wed Aug 21 05:32:05 UTC 2019 /home/travis/build/icyphy/ptII/ptolemy/actor/lib/test/auto/FileWriter2.xml
----------------- Instantiating /home/travis/build/icyphy/ptII/ptolemy/actor/lib/test/auto/FileWriter2.xml
7 ms. Memory: 628736K Free: 430606K (68%)
----------------- Invoking toplevel() on ptolemy.moml.MoMLSimpleApplication@785d561c
----------------- Done invoking toplevel() on ptolemy.moml.MoMLSimpleApplication@785d561c
reloadAllAccessors: .FileWriter2

===========================================================================================
----------------- testing Wed Aug 21 05:32:05 UTC 2019 /home/travis/build/icyphy/ptII/ptolemy/actor/lib/test/auto/FileWriter3.xml
----------------- Instantiating /home/travis/build/icyphy/ptII/ptolemy/actor/lib/test/auto/FileWriter3.xml
3 ms. Memory: 628736K Free: 427024K (68%)
----------------- Invoking toplevel() on ptolemy.moml.MoMLSimpleApplication@49a9fa82
----------------- Done invoking toplevel() on ptolemy.moml.MoMLSimpleApplication@49a9fa82
reloadAllAccessors: .FileWriter3

===========================================================================================
----------------- testing Wed Aug 21 05:32:05 UTC 2019 /home/travis/build/icyphy/ptII/ptolemy/actor/lib/test/auto/Gaussian.xml
----------------- Instantiating /home/travis/build/icyphy/ptII/ptolemy/actor/lib/test/auto/Gaussian.xml
2 ms. Memory: 628736K Free: 422414K (67%)
----------------- Invoking toplevel() on ptolemy.moml.MoMLSimpleApplication@2ebbe5f7
----------------- Done invoking toplevel() on ptolemy.moml.MoMLSimpleApplication@2ebbe5f7
reloadAllAccessors: .Gaussian

===========================================================================================
----------------- testing Wed Aug 21 05:32:05 UTC 2019 /home/travis/build/icyphy/ptII/ptolemy/actor/lib/test/auto/Gaussian1.xml
----------------- Instantiating /home/travis/build/icyphy/ptII/ptolemy/actor/lib/test/auto/Gaussian1.xml
2 ms. Memory: 628736K Free: 416784K (66%)
----------------- Invoking toplevel() on ptolemy.moml.MoMLSimpleApplication@4fef24bc
----------------- Done invoking toplevel() on ptolemy.moml.MoMLSimpleApplication@4fef24bc
reloadAllAccessors: .Gaussian1

===========================================================================================
----------------- testing Wed Aug 21 05:32:05 UTC 2019 /home/travis/build/icyphy/ptII/ptolemy/actor/lib/test/auto/Gaussian2.xml
----------------- Instantiating /home/travis/build/icyphy/ptII/ptolemy/actor/lib/test/auto/Gaussian2.xml
11 ms. Memory: 628736K Free: 411664K (65%)
----------------- Invoking toplevel() on ptolemy.moml.MoMLSimpleApplication@72bff1a1
----------------- Done invoking toplevel() on ptolemy.moml.MoMLSimpleApplication@72bff1a1
reloadAllAccessors: .Gaussian2

===========================================================================================
----------------- testing Wed Aug 21 05:32:05 UTC 2019 /home/travis/build/icyphy/ptII/ptolemy/actor/lib/test/auto/GradientAdaptiveLattice.xml
----------------- Instantiating /home/travis/build/icyphy/ptII/ptolemy/actor/lib/test/auto/GradientAdaptiveLattice.xml
9 ms. Memory: 628736K Free: 406544K (65%)
----------------- Invoking toplevel() on ptolemy.moml.MoMLSimpleApplication@737f797f
----------------- Done invoking toplevel() on ptolemy.moml.MoMLSimpleApplication@737f797f
reloadAllAccessors: .GradientAdaptiveLattice

===========================================================================================
----------------- testing Wed Aug 21 05:32:05 UTC 2019 /home/travis/build/icyphy/ptII/ptolemy/actor/lib/test/auto/IIR.xml
----------------- Instantiating /home/travis/build/icyphy/ptII/ptolemy/actor/lib/test/auto/IIR.xml
2 ms. Memory: 628736K Free: 401934K (64%)
----------------- Invoking toplevel() on ptolemy.moml.MoMLSimpleApplication@4c95fa9f
----------------- Done invoking toplevel() on ptolemy.moml.MoMLSimpleApplication@4c95fa9f
reloadAllAccessors: .IIR

===========================================================================================
----------------- testing Wed Aug 21 05:32:05 UTC 2019 /home/travis/build/icyphy/ptII/ptolemy/actor/lib/test/auto/InputOutputTransparentPorts.xml
----------------- Instantiating /home/travis/build/icyphy/ptII/ptolemy/actor/lib/test/auto/InputOutputTransparentPorts.xml
2 ms. Memory: 628736K Free: 394766K (63%)
----------------- Invoking toplevel() on ptolemy.moml.MoMLSimpleApplication@5975a0cb
----------------- Done invoking toplevel() on ptolemy.moml.MoMLSimpleApplication@5975a0cb
reloadAllAccessors: .InputOutputTransparentPorts

===========================================================================================
----------------- testing Wed Aug 21 05:32:05 UTC 2019 /home/travis/build/icyphy/ptII/ptolemy/actor/lib/test/auto/Interpolator.xml
----------------- Instantiating /home/travis/build/icyphy/ptII/ptolemy/actor/lib/test/auto/Interpolator.xml
5 ms. Memory: 628736K Free: 390670K (62%)
----------------- Invoking toplevel() on ptolemy.moml.MoMLSimpleApplication@4aed5c8e
----------------- Done invoking toplevel() on ptolemy.moml.MoMLSimpleApplication@4aed5c8e
reloadAllAccessors: .Interpolator

===========================================================================================
----------------- testing Wed Aug 21 05:32:05 UTC 2019 /home/travis/build/icyphy/ptII/ptolemy/actor/lib/test/auto/InterpolatorFiringLimitDE.xml
----------------- Instantiating /home/travis/build/icyphy/ptII/ptolemy/actor/lib/test/auto/InterpolatorFiringLimitDE.xml
2 ms. Memory: 628736K Free: 384526K (61%)
----------------- Invoking toplevel() on ptolemy.moml.MoMLSimpleApplication@268f289
----------------- Done invoking toplevel() on ptolemy.moml.MoMLSimpleApplication@268f289
reloadAllAccessors: .InterpolatorFiringLimitDE

===========================================================================================
----------------- testing Wed Aug 21 05:32:05 UTC 2019 /home/travis/build/icyphy/ptII/ptolemy/actor/lib/test/auto/Lattice.xml
----------------- Instantiating /home/travis/build/icyphy/ptII/ptolemy/actor/lib/test/auto/Lattice.xml
1 ms. Memory: 628736K Free: 380430K (61%)
----------------- Invoking toplevel() on ptolemy.moml.MoMLSimpleApplication@55a9ab17
----------------- Done invoking toplevel() on ptolemy.moml.MoMLSimpleApplication@55a9ab17
reloadAllAccessors: .Lattice

===========================================================================================
----------------- testing Wed Aug 21 05:32:05 UTC 2019 /home/travis/build/icyphy/ptII/ptolemy/actor/lib/test/auto/LazyAOCTestLazy.xml
----------------- Instantiating /home/travis/build/icyphy/ptII/ptolemy/actor/lib/test/auto/LazyAOCTestLazy.xml
9 ms. Memory: 628736K Free: 374271K (60%)
----------------- Invoking toplevel() on ptolemy.moml.MoMLSimpleApplication@55db86c
----------------- Done invoking toplevel() on ptolemy.moml.MoMLSimpleApplication@55db86c
reloadAllAccessors: .LazyAOCTestLazy

===========================================================================================
----------------- testing Wed Aug 21 05:32:05 UTC 2019 /home/travis/build/icyphy/ptII/ptolemy/actor/lib/test/auto/LazyAOCTestNonLazy.xml
----------------- Instantiating /home/travis/build/icyphy/ptII/ptolemy/actor/lib/test/auto/LazyAOCTestNonLazy.xml
2 ms. Memory: 628736K Free: 368142K (59%)
----------------- Invoking toplevel() on ptolemy.moml.MoMLSimpleApplication@77d7d8ad
----------------- Done invoking toplevel() on ptolemy.moml.MoMLSimpleApplication@77d7d8ad
reloadAllAccessors: .LazyAOCTestNonLazy

===========================================================================================
----------------- testing Wed Aug 21 05:32:05 UTC 2019 /home/travis/build/icyphy/ptII/ptolemy/actor/lib/test/auto/LazyInnerClass.xml
----------------- Instantiating /home/travis/build/icyphy/ptII/ptolemy/actor/lib/test/auto/LazyInnerClass.xml
24 ms. Memory: 628736K Free: 358926K (57%)
----------------- Invoking toplevel() on ptolemy.moml.MoMLSimpleApplication@623de6e8
----------------- Done invoking toplevel() on ptolemy.moml.MoMLSimpleApplication@623de6e8
reloadAllAccessors: .LazyInnerClass

===========================================================================================
----------------- testing Wed Aug 21 05:32:05 UTC 2019 /home/travis/build/icyphy/ptII/ptolemy/actor/lib/test/auto/LazyPubSub.xml
----------------- Instantiating /home/travis/build/icyphy/ptII/ptolemy/actor/lib/test/auto/LazyPubSub.xml
34 ms. Memory: 628736K Free: 348686K (55%)
----------------- Invoking toplevel() on ptolemy.moml.MoMLSimpleApplication@34dffe7a
----------------- Done invoking toplevel() on ptolemy.moml.MoMLSimpleApplication@34dffe7a
reloadAllAccessors: .LazyPubSub

===========================================================================================
----------------- testing Wed Aug 21 05:32:05 UTC 2019 /home/travis/build/icyphy/ptII/ptolemy/actor/lib/test/auto/LazyPubSub2.xml
----------------- Instantiating /home/travis/build/icyphy/ptII/ptolemy/actor/lib/test/auto/LazyPubSub2.xml
24 ms. Memory: 628736K Free: 338446K (54%)
----------------- Invoking toplevel() on ptolemy.moml.MoMLSimpleApplication@19865c27
----------------- Done invoking toplevel() on ptolemy.moml.MoMLSimpleApplication@19865c27
reloadAllAccessors: .LazyPubSub2

===========================================================================================
----------------- testing Wed Aug 21 05:32:05 UTC 2019 /home/travis/build/icyphy/ptII/ptolemy/actor/lib/test/auto/LazyPubSub3.xml
----------------- Instantiating /home/travis/build/icyphy/ptII/ptolemy/actor/lib/test/auto/LazyPubSub3.xml
15 ms. Memory: 628736K Free: 328720K (52%)
----------------- Invoking toplevel() on ptolemy.moml.MoMLSimpleApplication@3e39c071
----------------- Done invoking toplevel() on ptolemy.moml.MoMLSimpleApplication@3e39c071
reloadAllAccessors: .LazyPubSub3

===========================================================================================
----------------- testing Wed Aug 21 05:32:06 UTC 2019 /home/travis/build/icyphy/ptII/ptolemy/actor/lib/test/auto/LazySubClassModel.xml
----------------- Instantiating /home/travis/build/icyphy/ptII/ptolemy/actor/lib/test/auto/LazySubClassModel.xml
3 ms. Memory: 628736K Free: 318990K (51%)
----------------- Invoking toplevel() on ptolemy.moml.MoMLSimpleApplication@2151e313
----------------- Done invoking toplevel() on ptolemy.moml.MoMLSimpleApplication@2151e313
reloadAllAccessors: .LazySubClassModel

===========================================================================================
----------------- testing Wed Aug 21 05:32:06 UTC 2019 /home/travis/build/icyphy/ptII/ptolemy/actor/lib/test/auto/LevelCrossTest1.xml
----------------- Instantiating /home/travis/build/icyphy/ptII/ptolemy/actor/lib/test/auto/LevelCrossTest1.xml
1 ms. Memory: 628736K Free: 313360K (50%)
----------------- Invoking toplevel() on ptolemy.moml.MoMLSimpleApplication@4dac4809
----------------- Done invoking toplevel() on ptolemy.moml.MoMLSimpleApplication@4dac4809
reloadAllAccessors: .broken

===========================================================================================
----------------- testing Wed Aug 21 05:32:06 UTC 2019 /home/travis/build/icyphy/ptII/ptolemy/actor/lib/test/auto/LevelCrossTest10.xml
----------------- Instantiating /home/travis/build/icyphy/ptII/ptolemy/actor/lib/test/auto/LevelCrossTest10.xml
1 ms. Memory: 628736K Free: 305678K (49%)
----------------- Invoking toplevel() on ptolemy.moml.MoMLSimpleApplication@36afb047
----------------- Done invoking toplevel() on ptolemy.moml.MoMLSimpleApplication@36afb047
reloadAllAccessors: .LevelCrossTest10

===========================================================================================
----------------- testing Wed Aug 21 05:32:06 UTC 2019 /home/travis/build/icyphy/ptII/ptolemy/actor/lib/test/auto/LevelCrossTest11.xml
----------------- Instantiating /home/travis/build/icyphy/ptII/ptolemy/actor/lib/test/auto/LevelCrossTest11.xml
1 ms. Memory: 628736K Free: 298000K (47%)
----------------- Invoking toplevel() on ptolemy.moml.MoMLSimpleApplication@5cc2e914
----------------- Done invoking toplevel() on ptolemy.moml.MoMLSimpleApplication@5cc2e914
reloadAllAccessors: .LevelCrossTest11

===========================================================================================
----------------- testing Wed Aug 21 05:32:06 UTC 2019 /home/travis/build/icyphy/ptII/ptolemy/actor/lib/test/auto/LevelCrossTest12.xml
----------------- Instantiating /home/travis/build/icyphy/ptII/ptolemy/actor/lib/test/auto/LevelCrossTest12.xml
1 ms. Memory: 628736K Free: 291342K (46%)
----------------- Invoking toplevel() on ptolemy.moml.MoMLSimpleApplication@7f773f85
----------------- Done invoking toplevel() on ptolemy.moml.MoMLSimpleApplication@7f773f85
reloadAllAccessors: .LevelCrossTest12

===========================================================================================
----------------- testing Wed Aug 21 05:32:06 UTC 2019 /home/travis/build/icyphy/ptII/ptolemy/actor/lib/test/auto/LevelCrossTest13.xml
----------------- Instantiating /home/travis/build/icyphy/ptII/ptolemy/actor/lib/test/auto/LevelCrossTest13.xml
2 ms. Memory: 628736K Free: 283664K (45%)
----------------- Invoking toplevel() on ptolemy.moml.MoMLSimpleApplication@38afa77a
----------------- Done invoking toplevel() on ptolemy.moml.MoMLSimpleApplication@38afa77a
reloadAllAccessors: .LevelCrossTest13

===========================================================================================
----------------- testing Wed Aug 21 05:32:06 UTC 2019 /home/travis/build/icyphy/ptII/ptolemy/actor/lib/test/auto/LevelCrossTest2.xml
----------------- Instantiating /home/travis/build/icyphy/ptII/ptolemy/actor/lib/test/auto/LevelCrossTest2.xml
2 ms. Memory: 628736K Free: 278030K (44%)
----------------- Invoking toplevel() on ptolemy.moml.MoMLSimpleApplication@64da7293
----------------- Done invoking toplevel() on ptolemy.moml.MoMLSimpleApplication@64da7293
reloadAllAccessors: .broken

===========================================================================================
----------------- testing Wed Aug 21 05:32:06 UTC 2019 /home/travis/build/icyphy/ptII/ptolemy/actor/lib/test/auto/LevelCrossTest3.xml
----------------- Instantiating /home/travis/build/icyphy/ptII/ptolemy/actor/lib/test/auto/LevelCrossTest3.xml
1 ms. Memory: 628736K Free: 271886K (43%)
----------------- Invoking toplevel() on ptolemy.moml.MoMLSimpleApplication@719a4965
----------------- Done invoking toplevel() on ptolemy.moml.MoMLSimpleApplication@719a4965
reloadAllAccessors: .LevelCrossTest3

===========================================================================================
----------------- testing Wed Aug 21 05:32:06 UTC 2019 /home/travis/build/icyphy/ptII/ptolemy/actor/lib/test/auto/LevelCrossTest4.xml
----------------- Instantiating /home/travis/build/icyphy/ptII/ptolemy/actor/lib/test/auto/LevelCrossTest4.xml
1 ms. Memory: 628736K Free: 266766K (42%)
----------------- Invoking toplevel() on ptolemy.moml.MoMLSimpleApplication@7131bb5d
----------------- Done invoking toplevel() on ptolemy.moml.MoMLSimpleApplication@7131bb5d
reloadAllAccessors: .broken

===========================================================================================
----------------- testing Wed Aug 21 05:32:06 UTC 2019 /home/travis/build/icyphy/ptII/ptolemy/actor/lib/test/auto/LevelCrossTest5.xml
----------------- Instantiating /home/travis/build/icyphy/ptII/ptolemy/actor/lib/test/auto/LevelCrossTest5.xml
4 ms. Memory: 628736K Free: 260112K (41%)
----------------- Invoking toplevel() on ptolemy.moml.MoMLSimpleApplication@45d2e642
----------------- Done invoking toplevel() on ptolemy.moml.MoMLSimpleApplication@45d2e642
reloadAllAccessors: .LevelCrossTest5

===========================================================================================
----------------- testing Wed Aug 21 05:32:06 UTC 2019 /home/travis/build/icyphy/ptII/ptolemy/actor/lib/test/auto/LevelCrossTest6.xml
----------------- Instantiating /home/travis/build/icyphy/ptII/ptolemy/actor/lib/test/auto/LevelCrossTest6.xml
1 ms. Memory: 628736K Free: 253968K (40%)
----------------- Invoking toplevel() on ptolemy.moml.MoMLSimpleApplication@723b32b9
----------------- Done invoking toplevel() on ptolemy.moml.MoMLSimpleApplication@723b32b9
reloadAllAccessors: .LevelCrossTest6

===========================================================================================
----------------- testing Wed Aug 21 05:32:06 UTC 2019 /home/travis/build/icyphy/ptII/ptolemy/actor/lib/test/auto/LevelCrossTest7.xml
----------------- Instantiating /home/travis/build/icyphy/ptII/ptolemy/actor/lib/test/auto/LevelCrossTest7.xml
2 ms. Memory: 628736K Free: 246286K (39%)
----------------- Invoking toplevel() on ptolemy.moml.MoMLSimpleApplication@78a0cfc5
----------------- Done invoking toplevel() on ptolemy.moml.MoMLSimpleApplication@78a0cfc5
reloadAllAccessors: .LevelCrossTest7

===========================================================================================
----------------- testing Wed Aug 21 05:32:06 UTC 2019 /home/travis/build/icyphy/ptII/ptolemy/actor/lib/test/auto/LevelCrossTest8.xml
----------------- Instantiating /home/travis/build/icyphy/ptII/ptolemy/actor/lib/test/auto/LevelCrossTest8.xml
1 ms. Memory: 628736K Free: 238608K (38%)
----------------- Invoking toplevel() on ptolemy.moml.MoMLSimpleApplication@42b0aaf5
----------------- Done invoking toplevel() on ptolemy.moml.MoMLSimpleApplication@42b0aaf5
reloadAllAccessors: .LevelCrossTest8

===========================================================================================
----------------- testing Wed Aug 21 05:32:06 UTC 2019 /home/travis/build/icyphy/ptII/ptolemy/actor/lib/test/auto/LevelCrossTest9.xml
----------------- Instantiating /home/travis/build/icyphy/ptII/ptolemy/actor/lib/test/auto/LevelCrossTest9.xml
2 ms. Memory: 628736K Free: 232464K (37%)
----------------- Invoking toplevel() on ptolemy.moml.MoMLSimpleApplication@dab3c45
----------------- Done invoking toplevel() on ptolemy.moml.MoMLSimpleApplication@dab3c45
reloadAllAccessors: .LevelCrossTest9

===========================================================================================
----------------- testing Wed Aug 21 05:32:06 UTC 2019 /home/travis/build/icyphy/ptII/ptolemy/actor/lib/test/auto/LevinsonDurbin.xml
----------------- Instantiating /home/travis/build/icyphy/ptII/ptolemy/actor/lib/test/auto/LevinsonDurbin.xml
11 ms. Memory: 628736K Free: 228368K (36%)
----------------- Invoking toplevel() on ptolemy.moml.MoMLSimpleApplication@35ec0cab
----------------- Done invoking toplevel() on ptolemy.moml.MoMLSimpleApplication@35ec0cab
reloadAllAccessors: .LevinsonDurbin

===========================================================================================
----------------- testing Wed Aug 21 05:32:06 UTC 2019 /home/travis/build/icyphy/ptII/ptolemy/actor/lib/test/auto/LevinsonDurbin2.xml
----------------- Instantiating /home/travis/build/icyphy/ptII/ptolemy/actor/lib/test/auto/LevinsonDurbin2.xml
1 ms. Memory: 628736K Free: 224272K (36%)
----------------- Invoking toplevel() on ptolemy.moml.MoMLSimpleApplication@396aa067
----------------- Done invoking toplevel() on ptolemy.moml.MoMLSimpleApplication@396aa067
reloadAllAccessors: .LevinsonDurbin2

===========================================================================================
----------------- testing Wed Aug 21 05:32:06 UTC 2019 /home/travis/build/icyphy/ptII/ptolemy/actor/lib/test/auto/LevinsonDurbin3.xml
----------------- Instantiating /home/travis/build/icyphy/ptII/ptolemy/actor/lib/test/auto/LevinsonDurbin3.xml
11 ms. Memory: 628736K Free: 220176K (35%)
----------------- Invoking toplevel() on ptolemy.moml.MoMLSimpleApplication@4b793dea
----------------- Done invoking toplevel() on ptolemy.moml.MoMLSimpleApplication@4b793dea
reloadAllAccessors: .LevinsonDurbin3

===========================================================================================
----------------- testing Wed Aug 21 05:32:06 UTC 2019 /home/travis/build/icyphy/ptII/ptolemy/actor/lib/test/auto/Limiter.xml
----------------- Instantiating /home/travis/build/icyphy/ptII/ptolemy/actor/lib/test/auto/Limiter.xml
63 ms. Memory: 628736K Free: 578064K (92%)
----------------- Invoking toplevel() on ptolemy.moml.MoMLSimpleApplication@7020b83c
----------------- Done invoking toplevel() on ptolemy.moml.MoMLSimpleApplication@7020b83c
reloadAllAccessors: .Limiter

===========================================================================================
----------------- testing Wed Aug 21 05:32:06 UTC 2019 /home/travis/build/icyphy/ptII/ptolemy/actor/lib/test/auto/LinearDifferenceEquationSystem.xml
----------------- Instantiating /home/travis/build/icyphy/ptII/ptolemy/actor/lib/test/auto/LinearDifferenceEquationSystem.xml
5 ms. Memory: 628736K Free: 570382K (91%)
----------------- Invoking toplevel() on ptolemy.moml.MoMLSimpleApplication@2bde64f1
----------------- Done invoking toplevel() on ptolemy.moml.MoMLSimpleApplication@2bde64f1
reloadAllAccessors: .LinearDifferenceEquationSystem

===========================================================================================
----------------- testing Wed Aug 21 05:32:06 UTC 2019 /home/travis/build/icyphy/ptII/ptolemy/actor/lib/test/auto/LookupTable.xml
----------------- Instantiating /home/travis/build/icyphy/ptII/ptolemy/actor/lib/test/auto/LookupTable.xml
2 ms. Memory: 628736K Free: 565776K (90%)
----------------- Invoking toplevel() on ptolemy.moml.MoMLSimpleApplication@2580e36a
----------------- Done invoking toplevel() on ptolemy.moml.MoMLSimpleApplication@2580e36a
reloadAllAccessors: .LookupTable

===========================================================================================
----------------- testing Wed Aug 21 05:32:06 UTC 2019 /home/travis/build/icyphy/ptII/ptolemy/actor/lib/test/auto/MathFunction.xml
----------------- Instantiating /home/travis/build/icyphy/ptII/ptolemy/actor/lib/test/auto/MathFunction.xml
2 ms. Memory: 628736K Free: 557584K (89%)
----------------- Invoking toplevel() on ptolemy.moml.MoMLSimpleApplication@3bbf910
----------------- Done invoking toplevel() on ptolemy.moml.MoMLSimpleApplication@3bbf910
reloadAllAccessors: .MathFunction

===========================================================================================
----------------- testing Wed Aug 21 05:32:06 UTC 2019 /home/travis/build/icyphy/ptII/ptolemy/actor/lib/test/auto/MathFunction2.xml
----------------- Instantiating /home/travis/build/icyphy/ptII/ptolemy/actor/lib/test/auto/MathFunction2.xml
5 ms. Memory: 628736K Free: 553998K (88%)
----------------- Invoking toplevel() on ptolemy.moml.MoMLSimpleApplication@36015414
----------------- Done invoking toplevel() on ptolemy.moml.MoMLSimpleApplication@36015414
reloadAllAccessors: .MathFunction2

===========================================================================================
----------------- testing Wed Aug 21 05:32:06 UTC 2019 /home/travis/build/icyphy/ptII/ptolemy/actor/lib/test/auto/MathFunction3.xml
----------------- Instantiating /home/travis/build/icyphy/ptII/ptolemy/actor/lib/test/auto/MathFunction3.xml
3 ms. Memory: 628736K Free: 546830K (87%)
----------------- Invoking toplevel() on ptolemy.moml.MoMLSimpleApplication@25bde96
----------------- Done invoking toplevel() on ptolemy.moml.MoMLSimpleApplication@25bde96
reloadAllAccessors: .MathFunction3

===========================================================================================
----------------- testing Wed Aug 21 05:32:06 UTC 2019 /home/travis/build/icyphy/ptII/ptolemy/actor/lib/test/auto/MatrixCropBoolean.xml
----------------- Instantiating /home/travis/build/icyphy/ptII/ptolemy/actor/lib/test/auto/MatrixCropBoolean.xml
1 ms. Memory: 628736K Free: 541703K (86%)
----------------- Invoking toplevel() on ptolemy.moml.MoMLSimpleApplication@624d0d62
----------------- Done invoking toplevel() on ptolemy.moml.MoMLSimpleApplication@624d0d62
reloadAllAccessors: .MatrixCropBoolean

===========================================================================================
----------------- testing Wed Aug 21 05:32:06 UTC 2019 /home/travis/build/icyphy/ptII/ptolemy/actor/lib/test/auto/MatrixCropComplex.xml
----------------- Instantiating /home/travis/build/icyphy/ptII/ptolemy/actor/lib/test/auto/MatrixCropComplex.xml
2 ms. Memory: 628736K Free: 536559K (85%)
----------------- Invoking toplevel() on ptolemy.moml.MoMLSimpleApplication@5181fe61
----------------- Done invoking toplevel() on ptolemy.moml.MoMLSimpleApplication@5181fe61
reloadAllAccessors: .MatrixCropComplex

===========================================================================================
----------------- testing Wed Aug 21 05:32:06 UTC 2019 /home/travis/build/icyphy/ptII/ptolemy/actor/lib/test/auto/MatrixCropDouble.xml
----------------- Instantiating /home/travis/build/icyphy/ptII/ptolemy/actor/lib/test/auto/MatrixCropDouble.xml
3 ms. Memory: 628736K Free: 531439K (85%)
----------------- Invoking toplevel() on ptolemy.moml.MoMLSimpleApplication@1cd27b16
----------------- Done invoking toplevel() on ptolemy.moml.MoMLSimpleApplication@1cd27b16
reloadAllAccessors: .MatrixCropDouble

===========================================================================================
----------------- testing Wed Aug 21 05:32:06 UTC 2019 /home/travis/build/icyphy/ptII/ptolemy/actor/lib/test/auto/MatrixCropFix.xml
----------------- Instantiating /home/travis/build/icyphy/ptII/ptolemy/actor/lib/test/auto/MatrixCropFix.xml
2 ms. Memory: 628736K Free: 526343K (84%)
----------------- Invoking toplevel() on ptolemy.moml.MoMLSimpleApplication@7262dc00
----------------- Done invoking toplevel() on ptolemy.moml.MoMLSimpleApplication@7262dc00
reloadAllAccessors: .MatrixCropFix

===========================================================================================
----------------- testing Wed Aug 21 05:32:06 UTC 2019 /home/travis/build/icyphy/ptII/ptolemy/actor/lib/test/auto/MatrixCropInt.xml
----------------- Instantiating /home/travis/build/icyphy/ptII/ptolemy/actor/lib/test/auto/MatrixCropInt.xml
2 ms. Memory: 628736K Free: 521744K (83%)
----------------- Invoking toplevel() on ptolemy.moml.MoMLSimpleApplication@3a99220
----------------- Done invoking toplevel() on ptolemy.moml.MoMLSimpleApplication@3a99220
reloadAllAccessors: .MatrixCropInt

===========================================================================================
----------------- testing Wed Aug 21 05:32:06 UTC 2019 /home/travis/build/icyphy/ptII/ptolemy/actor/lib/test/auto/MatrixCropLong.xml
----------------- Instantiating /home/travis/build/icyphy/ptII/ptolemy/actor/lib/test/auto/MatrixCropLong.xml
2 ms. Memory: 628736K Free: 517648K (82%)
----------------- Invoking toplevel() on ptolemy.moml.MoMLSimpleApplication@2e1db2a3
----------------- Done invoking toplevel() on ptolemy.moml.MoMLSimpleApplication@2e1db2a3
reloadAllAccessors: .MatrixCropLong

===========================================================================================
----------------- testing Wed Aug 21 05:32:06 UTC 2019 /home/travis/build/icyphy/ptII/ptolemy/actor/lib/test/auto/MatrixToArray.xml
----------------- Instantiating /home/travis/build/icyphy/ptII/ptolemy/actor/lib/test/auto/MatrixToArray.xml
8 ms. Memory: 628736K Free: 502798K (80%)
----------------- Invoking toplevel() on ptolemy.moml.MoMLSimpleApplication@6b1e5108
----------------- Done invoking toplevel() on ptolemy.moml.MoMLSimpleApplication@6b1e5108
reloadAllAccessors: .MatrixToArray

===========================================================================================
----------------- testing Wed Aug 21 05:32:06 UTC 2019 /home/travis/build/icyphy/ptII/ptolemy/actor/lib/test/auto/MaxIndex.xml
----------------- Instantiating /home/travis/build/icyphy/ptII/ptolemy/actor/lib/test/auto/MaxIndex.xml
9 ms. Memory: 628736K Free: 497678K (79%)
----------------- Invoking toplevel() on ptolemy.moml.MoMLSimpleApplication@7e1d5a4c
----------------- Done invoking toplevel() on ptolemy.moml.MoMLSimpleApplication@7e1d5a4c
reloadAllAccessors: .MaxIndex

===========================================================================================
----------------- testing Wed Aug 21 05:32:06 UTC 2019 /home/travis/build/icyphy/ptII/ptolemy/actor/lib/test/auto/Maximum.xml
----------------- Instantiating /home/travis/build/icyphy/ptII/ptolemy/actor/lib/test/auto/Maximum.xml
3 ms. Memory: 628736K Free: 491024K (78%)
----------------- Invoking toplevel() on ptolemy.moml.MoMLSimpleApplication@5774237e
----------------- Done invoking toplevel() on ptolemy.moml.MoMLSimpleApplication@5774237e
reloadAllAccessors: .Maximum

===========================================================================================
----------------- testing Wed Aug 21 05:32:06 UTC 2019 /home/travis/build/icyphy/ptII/ptolemy/actor/lib/test/auto/MaximumComplex.xml
----------------- Instantiating /home/travis/build/icyphy/ptII/ptolemy/actor/lib/test/auto/MaximumComplex.xml
5 ms. Memory: 628736K Free: 484880K (77%)
----------------- Invoking toplevel() on ptolemy.moml.MoMLSimpleApplication@6c7097b4
----------------- Done invoking toplevel() on ptolemy.moml.MoMLSimpleApplication@6c7097b4
reloadAllAccessors: .MaximumComplex

===========================================================================================
----------------- testing Wed Aug 21 05:32:06 UTC 2019 /home/travis/build/icyphy/ptII/ptolemy/actor/lib/test/auto/MethodCallTest.xml
----------------- Instantiating /home/travis/build/icyphy/ptII/ptolemy/actor/lib/test/auto/MethodCallTest.xml
3 ms. Memory: 628736K Free: 478222K (76%)
----------------- Invoking toplevel() on ptolemy.moml.MoMLSimpleApplication@6e94f61a
----------------- Done invoking toplevel() on ptolemy.moml.MoMLSimpleApplication@6e94f61a
reloadAllAccessors: .MethodCallTest

===========================================================================================
----------------- testing Wed Aug 21 05:32:06 UTC 2019 /home/travis/build/icyphy/ptII/ptolemy/actor/lib/test/auto/Minimum.xml
----------------- Instantiating /home/travis/build/icyphy/ptII/ptolemy/actor/lib/test/auto/Minimum.xml
3 ms. Memory: 628736K Free: 472063K (75%)
----------------- Invoking toplevel() on ptolemy.moml.MoMLSimpleApplication@19aa463c
----------------- Done invoking toplevel() on ptolemy.moml.MoMLSimpleApplication@19aa463c
reloadAllAccessors: .Minimum

===========================================================================================
----------------- testing Wed Aug 21 05:32:06 UTC 2019 /home/travis/build/icyphy/ptII/ptolemy/actor/lib/test/auto/MinimumComplex.xml
----------------- Instantiating /home/travis/build/icyphy/ptII/ptolemy/actor/lib/test/auto/MinimumComplex.xml
3 ms. Memory: 628736K Free: 465919K (74%)
----------------- Invoking toplevel() on ptolemy.moml.MoMLSimpleApplication@45ef27fd
----------------- Done invoking toplevel() on ptolemy.moml.MoMLSimpleApplication@45ef27fd
reloadAllAccessors: .MinimumComplex

===========================================================================================
----------------- testing Wed Aug 21 05:32:06 UTC 2019 /home/travis/build/icyphy/ptII/ptolemy/actor/lib/test/auto/MinimumMultiports.xml
----------------- Instantiating /home/travis/build/icyphy/ptII/ptolemy/actor/lib/test/auto/MinimumMultiports.xml
5 ms. Memory: 628736K Free: 457232K (73%)
----------------- Invoking toplevel() on ptolemy.moml.MoMLSimpleApplication@53d85435
----------------- Done invoking toplevel() on ptolemy.moml.MoMLSimpleApplication@53d85435
reloadAllAccessors: .MinimumMultiports

===========================================================================================
----------------- testing Wed Aug 21 05:32:06 UTC 2019 /home/travis/build/icyphy/ptII/ptolemy/actor/lib/test/auto/ModifyDate.xml
----------------- Instantiating /home/travis/build/icyphy/ptII/ptolemy/actor/lib/test/auto/ModifyDate.xml
9 ms. Memory: 628736K Free: 444430K (71%)
----------------- Invoking toplevel() on ptolemy.moml.MoMLSimpleApplication@5b6dcd66
----------------- Done invoking toplevel() on ptolemy.moml.MoMLSimpleApplication@5b6dcd66
reloadAllAccessors: .ModifyDate

===========================================================================================
----------------- testing Wed Aug 21 05:32:07 UTC 2019 /home/travis/build/icyphy/ptII/ptolemy/actor/lib/test/auto/ModifyDate2.xml
----------------- Instantiating /home/travis/build/icyphy/ptII/ptolemy/actor/lib/test/auto/ModifyDate2.xml
6 ms. Memory: 628736K Free: 435728K (69%)
----------------- Invoking toplevel() on ptolemy.moml.MoMLSimpleApplication@6a8ebd10
----------------- Done invoking toplevel() on ptolemy.moml.MoMLSimpleApplication@6a8ebd10
reloadAllAccessors: .ModifyDate2

===========================================================================================
----------------- testing Wed Aug 21 05:32:07 UTC 2019 /home/travis/build/icyphy/ptII/ptolemy/actor/lib/test/auto/MovingAverage.xml
----------------- Instantiating /home/travis/build/icyphy/ptII/ptolemy/actor/lib/test/auto/MovingAverage.xml
2 ms. Memory: 628736K Free: 430608K (68%)
----------------- Invoking toplevel() on ptolemy.moml.MoMLSimpleApplication@6857851a
----------------- Done invoking toplevel() on ptolemy.moml.MoMLSimpleApplication@6857851a
reloadAllAccessors: .MovingAverage

===========================================================================================
----------------- testing Wed Aug 21 05:32:07 UTC 2019 /home/travis/build/icyphy/ptII/ptolemy/actor/lib/test/auto/MovingMaximum.xml
----------------- Instantiating /home/travis/build/icyphy/ptII/ptolemy/actor/lib/test/auto/MovingMaximum.xml
1 ms. Memory: 628736K Free: 425998K (68%)
----------------- Invoking toplevel() on ptolemy.moml.MoMLSimpleApplication@3b722ec2
----------------- Done invoking toplevel() on ptolemy.moml.MoMLSimpleApplication@3b722ec2
reloadAllAccessors: .MovingMaximum

===========================================================================================
----------------- testing Wed Aug 21 05:32:07 UTC 2019 /home/travis/build/icyphy/ptII/ptolemy/actor/lib/test/auto/MultipleLinksToSameRelation.xml
----------------- Instantiating /home/travis/build/icyphy/ptII/ptolemy/actor/lib/test/auto/MultipleLinksToSameRelation.xml
3 ms. Memory: 628736K Free: 421902K (67%)
----------------- Invoking toplevel() on ptolemy.moml.MoMLSimpleApplication@3669066f
----------------- Done invoking toplevel() on ptolemy.moml.MoMLSimpleApplication@3669066f
reloadAllAccessors: .MultipleLinksToSameRelation

===========================================================================================
----------------- testing Wed Aug 21 05:32:07 UTC 2019 /home/travis/build/icyphy/ptII/ptolemy/actor/lib/test/auto/MultipleLinksToSameRelationDE.xml
----------------- Instantiating /home/travis/build/icyphy/ptII/ptolemy/actor/lib/test/auto/MultipleLinksToSameRelationDE.xml
2 ms. Memory: 628736K Free: 417296K (66%)
----------------- Invoking toplevel() on ptolemy.moml.MoMLSimpleApplication@4f904a34
----------------- Done invoking toplevel() on ptolemy.moml.MoMLSimpleApplication@4f904a34
reloadAllAccessors: .MultipleLinksToSameRelationDE

===========================================================================================
----------------- testing Wed Aug 21 05:32:07 UTC 2019 /home/travis/build/icyphy/ptII/ptolemy/actor/lib/test/auto/Multiplexor.xml
----------------- Instantiating /home/travis/build/icyphy/ptII/ptolemy/actor/lib/test/auto/Multiplexor.xml
2 ms. Memory: 628736K Free: 412176K (66%)
----------------- Invoking toplevel() on ptolemy.moml.MoMLSimpleApplication@594287cb
----------------- Done invoking toplevel() on ptolemy.moml.MoMLSimpleApplication@594287cb
reloadAllAccessors: .Multiplexor

===========================================================================================
----------------- testing Wed Aug 21 05:32:07 UTC 2019 /home/travis/build/icyphy/ptII/ptolemy/actor/lib/test/auto/Multiplexor1.xml
----------------- Instantiating /home/travis/build/icyphy/ptII/ptolemy/actor/lib/test/auto/Multiplexor1.xml
2 ms. Memory: 628736K Free: 406535K (65%)
----------------- Invoking toplevel() on ptolemy.moml.MoMLSimpleApplication@3a08cfe8
----------------- Done invoking toplevel() on ptolemy.moml.MoMLSimpleApplication@3a08cfe8
reloadAllAccessors: .Multiplexor1

===========================================================================================
----------------- testing Wed Aug 21 05:32:07 UTC 2019 /home/travis/build/icyphy/ptII/ptolemy/actor/lib/test/auto/Multiplexor2.xml
----------------- Instantiating /home/travis/build/icyphy/ptII/ptolemy/actor/lib/test/auto/Multiplexor2.xml
2 ms. Memory: 628736K Free: 399888K (64%)
----------------- Invoking toplevel() on ptolemy.moml.MoMLSimpleApplication@60aa8688
----------------- Done invoking toplevel() on ptolemy.moml.MoMLSimpleApplication@60aa8688
reloadAllAccessors: .Multiplexor2

===========================================================================================
----------------- testing Wed Aug 21 05:32:07 UTC 2019 /home/travis/build/icyphy/ptII/ptolemy/actor/lib/test/auto/Multiplexor3.xml
----------------- Instantiating /home/travis/build/icyphy/ptII/ptolemy/actor/lib/test/auto/Multiplexor3.xml
2 ms. Memory: 628736K Free: 395792K (63%)
----------------- Invoking toplevel() on ptolemy.moml.MoMLSimpleApplication@48697c59
----------------- Done invoking toplevel() on ptolemy.moml.MoMLSimpleApplication@48697c59
reloadAllAccessors: .Multiplexor3

===========================================================================================
----------------- testing Wed Aug 21 05:32:07 UTC 2019 /home/travis/build/icyphy/ptII/ptolemy/actor/lib/test/auto/MultiplexorDE.xml
----------------- Instantiating /home/travis/build/icyphy/ptII/ptolemy/actor/lib/test/auto/MultiplexorDE.xml
3 ms. Memory: 628736K Free: 388095K (62%)
----------------- Invoking toplevel() on ptolemy.moml.MoMLSimpleApplication@3a750eeb
----------------- Done invoking toplevel() on ptolemy.moml.MoMLSimpleApplication@3a750eeb
reloadAllAccessors: .MultiplexorDE

===========================================================================================
----------------- testing Wed Aug 21 05:32:07 UTC 2019 /home/travis/build/icyphy/ptII/ptolemy/actor/lib/test/auto/MultiportBroadcastTest.xml
----------------- Instantiating /home/travis/build/icyphy/ptII/ptolemy/actor/lib/test/auto/MultiportBroadcastTest.xml
99 ms. Memory: 628736K Free: 381966K (61%)
----------------- Invoking toplevel() on ptolemy.moml.MoMLSimpleApplication@41e3f88f
----------------- Done invoking toplevel() on ptolemy.moml.MoMLSimpleApplication@41e3f88f
reloadAllAccessors: .MultiportBroadcastTest

===========================================================================================
----------------- testing Wed Aug 21 05:32:07 UTC 2019 /home/travis/build/icyphy/ptII/ptolemy/actor/lib/test/auto/MultiportOutHangDuringGetWidth.xml
----------------- Instantiating /home/travis/build/icyphy/ptII/ptolemy/actor/lib/test/auto/MultiportOutHangDuringGetWidth.xml
5 ms. Memory: 628736K Free: 369678K (59%)
----------------- Invoking toplevel() on ptolemy.moml.MoMLSimpleApplication@3e827917
----------------- Done invoking toplevel() on ptolemy.moml.MoMLSimpleApplication@3e827917
reloadAllAccessors: .MultiportOutHangDuringGetWidth

===========================================================================================
----------------- testing Wed Aug 21 05:32:07 UTC 2019 /home/travis/build/icyphy/ptII/ptolemy/actor/lib/test/auto/NilToken.xml
----------------- Instantiating /home/travis/build/icyphy/ptII/ptolemy/actor/lib/test/auto/NilToken.xml
1 ms. Memory: 628736K Free: 365582K (58%)
----------------- Invoking toplevel() on ptolemy.moml.MoMLSimpleApplication@4447b432
----------------- Done invoking toplevel() on ptolemy.moml.MoMLSimpleApplication@4447b432
reloadAllAccessors: .NilToken

===========================================================================================
----------------- testing Wed Aug 21 05:32:07 UTC 2019 /home/travis/build/icyphy/ptII/ptolemy/actor/lib/test/auto/NilTokenNonStrictTest.xml
----------------- Instantiating /home/travis/build/icyphy/ptII/ptolemy/actor/lib/test/auto/NilTokenNonStrictTest.xml
1 ms. Memory: 628736K Free: 360974K (57%)
----------------- Invoking toplevel() on ptolemy.moml.MoMLSimpleApplication@26a305e8
----------------- Done invoking toplevel() on ptolemy.moml.MoMLSimpleApplication@26a305e8
reloadAllAccessors: .NilTokenNonStrictTest

===========================================================================================
----------------- testing Wed Aug 21 05:32:07 UTC 2019 /home/travis/build/icyphy/ptII/ptolemy/actor/lib/test/auto/NilTokenRecord.xml
----------------- Instantiating /home/travis/build/icyphy/ptII/ptolemy/actor/lib/test/auto/NilTokenRecord.xml
6 ms. Memory: 628736K Free: 354318K (56%)
----------------- Invoking toplevel() on ptolemy.moml.MoMLSimpleApplication@2124bd64
----------------- Done invoking toplevel() on ptolemy.moml.MoMLSimpleApplication@2124bd64
reloadAllAccessors: .NilTokenRecord

===========================================================================================
----------------- testing Wed Aug 21 05:32:07 UTC 2019 /home/travis/build/icyphy/ptII/ptolemy/actor/lib/test/auto/NilTokenTypeTest.xml
----------------- Instantiating /home/travis/build/icyphy/ptII/ptolemy/actor/lib/test/auto/NilTokenTypeTest.xml
7 ms. Memory: 628736K Free: 345102K (55%)
----------------- Invoking toplevel() on ptolemy.moml.MoMLSimpleApplication@457133ba
----------------- Done invoking toplevel() on ptolemy.moml.MoMLSimpleApplication@457133ba
reloadAllAccessors: .NilTokenTypeTest

===========================================================================================
----------------- testing Wed Aug 21 05:32:07 UTC 2019 /home/travis/build/icyphy/ptII/ptolemy/actor/lib/test/auto/ObjectToken1.xml
----------------- Instantiating /home/travis/build/icyphy/ptII/ptolemy/actor/lib/test/auto/ObjectToken1.xml
2 ms. Memory: 628736K Free: 341006K (54%)
----------------- Invoking toplevel() on ptolemy.moml.MoMLSimpleApplication@3012c131
----------------- Done invoking toplevel() on ptolemy.moml.MoMLSimpleApplication@3012c131
reloadAllAccessors: .ObjectToken1

===========================================================================================
----------------- testing Wed Aug 21 05:32:07 UTC 2019 /home/travis/build/icyphy/ptII/ptolemy/actor/lib/test/auto/OrderedMerge.xml
----------------- Instantiating /home/travis/build/icyphy/ptII/ptolemy/actor/lib/test/auto/OrderedMerge.xml
8 ms. Memory: 628736K Free: 335376K (53%)
----------------- Invoking toplevel() on ptolemy.moml.MoMLSimpleApplication@6827307b
----------------- Done invoking toplevel() on ptolemy.moml.MoMLSimpleApplication@6827307b
reloadAllAccessors: .OrderedMerge

===========================================================================================
----------------- testing Wed Aug 21 05:32:07 UTC 2019 /home/travis/build/icyphy/ptII/ptolemy/actor/lib/test/auto/OrderedRecordDisassembler.xml
----------------- Instantiating /home/travis/build/icyphy/ptII/ptolemy/actor/lib/test/auto/OrderedRecordDisassembler.xml
8 ms. Memory: 628736K Free: 330256K (53%)
----------------- Invoking toplevel() on ptolemy.moml.MoMLSimpleApplication@7a8de779
----------------- Done invoking toplevel() on ptolemy.moml.MoMLSimpleApplication@7a8de779
reloadAllAccessors: .OrderedRecordDisassembler

===========================================================================================
----------------- testing Wed Aug 21 05:32:07 UTC 2019 /home/travis/build/icyphy/ptII/ptolemy/actor/lib/test/auto/OrderedRecordDisassembler2.xml
----------------- Instantiating /home/travis/build/icyphy/ptII/ptolemy/actor/lib/test/auto/OrderedRecordDisassembler2.xml
4 ms. Memory: 628736K Free: 322559K (51%)
----------------- Invoking toplevel() on ptolemy.moml.MoMLSimpleApplication@3f272052
----------------- Done invoking toplevel() on ptolemy.moml.MoMLSimpleApplication@3f272052
reloadAllAccessors: .OrderedRecordDisassembler2

===========================================================================================
----------------- testing Wed Aug 21 05:32:07 UTC 2019 /home/travis/build/icyphy/ptII/ptolemy/actor/lib/test/auto/OrderedRecordUpdater.xml
----------------- Instantiating /home/travis/build/icyphy/ptII/ptolemy/actor/lib/test/auto/OrderedRecordUpdater.xml
2 ms. Memory: 628736K Free: 317454K (50%)
----------------- Invoking toplevel() on ptolemy.moml.MoMLSimpleApplication@62ea3863
----------------- Done invoking toplevel() on ptolemy.moml.MoMLSimpleApplication@62ea3863
reloadAllAccessors: .RecordUpdater

===========================================================================================
----------------- testing Wed Aug 21 05:32:07 UTC 2019 /home/travis/build/icyphy/ptII/ptolemy/actor/lib/test/auto/OrderedRecordUpdater2.xml
----------------- Instantiating /home/travis/build/icyphy/ptII/ptolemy/actor/lib/test/auto/OrderedRecordUpdater2.xml
3 ms. Memory: 628736K Free: 312334K (50%)
----------------- Invoking toplevel() on ptolemy.moml.MoMLSimpleApplication@2b4efb40
----------------- Done invoking toplevel() on ptolemy.moml.MoMLSimpleApplication@2b4efb40
reloadAllAccessors: .RecordUpdater2

===========================================================================================
----------------- testing Wed Aug 21 05:32:07 UTC 2019 /home/travis/build/icyphy/ptII/ptolemy/actor/lib/test/auto/PhaseUnwrap.xml
----------------- Instantiating /home/travis/build/icyphy/ptII/ptolemy/actor/lib/test/auto/PhaseUnwrap.xml
2 ms. Memory: 628736K Free: 307728K (49%)
----------------- Invoking toplevel() on ptolemy.moml.MoMLSimpleApplication@75b41d8d
----------------- Done invoking toplevel() on ptolemy.moml.MoMLSimpleApplication@75b41d8d
reloadAllAccessors: .PhaseUnwrap

===========================================================================================
----------------- testing Wed Aug 21 05:32:07 UTC 2019 /home/travis/build/icyphy/ptII/ptolemy/actor/lib/test/auto/PoissonClock.xml
----------------- Instantiating /home/travis/build/icyphy/ptII/ptolemy/actor/lib/test/auto/PoissonClock.xml
1 ms. Memory: 628736K Free: 303632K (48%)
----------------- Invoking toplevel() on ptolemy.moml.MoMLSimpleApplication@cbd7e4d
----------------- Done invoking toplevel() on ptolemy.moml.MoMLSimpleApplication@cbd7e4d
reloadAllAccessors: .PoissonClock

===========================================================================================
----------------- testing Wed Aug 21 05:32:07 UTC 2019 /home/travis/build/icyphy/ptII/ptolemy/actor/lib/test/auto/PoissonClock2.xml
----------------- Instantiating /home/travis/build/icyphy/ptII/ptolemy/actor/lib/test/auto/PoissonClock2.xml
1 ms. Memory: 628736K Free: 299022K (48%)
----------------- Invoking toplevel() on ptolemy.moml.MoMLSimpleApplication@492b7469
----------------- Done invoking toplevel() on ptolemy.moml.MoMLSimpleApplication@492b7469
reloadAllAccessors: .PoissonClock2

===========================================================================================
----------------- testing Wed Aug 21 05:32:07 UTC 2019 /home/travis/build/icyphy/ptII/ptolemy/actor/lib/test/auto/PoissonClock3.xml
----------------- Instantiating /home/travis/build/icyphy/ptII/ptolemy/actor/lib/test/auto/PoissonClock3.xml
2 ms. Memory: 628736K Free: 294416K (47%)
----------------- Invoking toplevel() on ptolemy.moml.MoMLSimpleApplication@191c7bc
----------------- Done invoking toplevel() on ptolemy.moml.MoMLSimpleApplication@191c7bc
reloadAllAccessors: .PoissonClock3

===========================================================================================
----------------- testing Wed Aug 21 05:32:07 UTC 2019 /home/travis/build/icyphy/ptII/ptolemy/actor/lib/test/auto/PubSubWithInitialTokens.xml
----------------- Instantiating /home/travis/build/icyphy/ptII/ptolemy/actor/lib/test/auto/PubSubWithInitialTokens.xml
2 ms. Memory: 628736K Free: 288751K (46%)
----------------- Invoking toplevel() on ptolemy.moml.MoMLSimpleApplication@3622b176
----------------- Done invoking toplevel() on ptolemy.moml.MoMLSimpleApplication@3622b176
reloadAllAccessors: .PubSubWithInitialTokens

===========================================================================================
----------------- testing Wed Aug 21 05:32:07 UTC 2019 /home/travis/build/icyphy/ptII/ptolemy/actor/lib/test/auto/PubSubWithInitialTokens2.xml
----------------- Instantiating /home/travis/build/icyphy/ptII/ptolemy/actor/lib/test/auto/PubSubWithInitialTokens2.xml
2 ms. Memory: 628736K Free: 282623K (45%)
----------------- Invoking toplevel() on ptolemy.moml.MoMLSimpleApplication@2d3ab242
----------------- Done invoking toplevel() on ptolemy.moml.MoMLSimpleApplication@2d3ab242
reloadAllAccessors: .PubSubWithInitialTokens2

===========================================================================================
----------------- testing Wed Aug 21 05:32:07 UTC 2019 /home/travis/build/icyphy/ptII/ptolemy/actor/lib/test/auto/PublisherClassNoParameter.xml
----------------- Instantiating /home/travis/build/icyphy/ptII/ptolemy/actor/lib/test/auto/PublisherClassNoParameter.xml
2 ms. Memory: 628736K Free: 272912K (43%)
----------------- Invoking toplevel() on ptolemy.moml.MoMLSimpleApplication@56c421b3
----------------- Done invoking toplevel() on ptolemy.moml.MoMLSimpleApplication@56c421b3
reloadAllAccessors: .PublisherClassNoParameter

===========================================================================================
----------------- testing Wed Aug 21 05:32:07 UTC 2019 /home/travis/build/icyphy/ptII/ptolemy/actor/lib/test/auto/PublisherClassParameter.xml
----------------- Instantiating /home/travis/build/icyphy/ptII/ptolemy/actor/lib/test/auto/PublisherClassParameter.xml
2 ms. Memory: 628736K Free: 262672K (42%)
----------------- Invoking toplevel() on ptolemy.moml.MoMLSimpleApplication@13c8c56e
----------------- Done invoking toplevel() on ptolemy.moml.MoMLSimpleApplication@13c8c56e
reloadAllAccessors: .PublisherClassParameter

===========================================================================================
----------------- testing Wed Aug 21 05:32:07 UTC 2019 /home/travis/build/icyphy/ptII/ptolemy/actor/lib/test/auto/PublisherNonStrictTest.xml
----------------- Instantiating /home/travis/build/icyphy/ptII/ptolemy/actor/lib/test/auto/PublisherNonStrictTest.xml
2 ms. Memory: 628736K Free: 254983K (41%)
----------------- Invoking toplevel() on ptolemy.moml.MoMLSimpleApplication@21da9e6a
----------------- Done invoking toplevel() on ptolemy.moml.MoMLSimpleApplication@21da9e6a
reloadAllAccessors: .PublisherNonStrictTest

===========================================================================================
----------------- testing Wed Aug 21 05:32:07 UTC 2019 /home/travis/build/icyphy/ptII/ptolemy/actor/lib/test/auto/PublisherPort1.xml
----------------- Instantiating /home/travis/build/icyphy/ptII/ptolemy/actor/lib/test/auto/PublisherPort1.xml
13 ms. Memory: 628736K Free: 249360K (40%)
----------------- Invoking toplevel() on ptolemy.moml.MoMLSimpleApplication@5eab70a6
----------------- Done invoking toplevel() on ptolemy.moml.MoMLSimpleApplication@5eab70a6
reloadAllAccessors: .PublisherPort1

===========================================================================================
----------------- testing Wed Aug 21 05:32:07 UTC 2019 /home/travis/build/icyphy/ptII/ptolemy/actor/lib/test/auto/PublisherPort2.xml
----------------- Instantiating /home/travis/build/icyphy/ptII/ptolemy/actor/lib/test/auto/PublisherPort2.xml
2 ms. Memory: 628736K Free: 244240K (39%)
----------------- Invoking toplevel() on ptolemy.moml.MoMLSimpleApplication@396336ae
----------------- Done invoking toplevel() on ptolemy.moml.MoMLSimpleApplication@396336ae
reloadAllAccessors: .PublisherPort2

===========================================================================================
----------------- testing Wed Aug 21 05:32:07 UTC 2019 /home/travis/build/icyphy/ptII/ptolemy/actor/lib/test/auto/PublisherPort3.xml
----------------- Instantiating /home/travis/build/icyphy/ptII/ptolemy/actor/lib/test/auto/PublisherPort3.xml
3 ms. Memory: 628736K Free: 237551K (38%)
----------------- Invoking toplevel() on ptolemy.moml.MoMLSimpleApplication@6964c44f
----------------- Done invoking toplevel() on ptolemy.moml.MoMLSimpleApplication@6964c44f
reloadAllAccessors: .PublisherPort3

===========================================================================================
----------------- testing Wed Aug 21 05:32:07 UTC 2019 /home/travis/build/icyphy/ptII/ptolemy/actor/lib/test/auto/PublisherPort4.xml
----------------- Instantiating /home/travis/build/icyphy/ptII/ptolemy/actor/lib/test/auto/PublisherPort4.xml
2 ms. Memory: 628736K Free: 231952K (37%)
----------------- Invoking toplevel() on ptolemy.moml.MoMLSimpleApplication@112aebc8
----------------- Done invoking toplevel() on ptolemy.moml.MoMLSimpleApplication@112aebc8
reloadAllAccessors: .PublisherPort4

===========================================================================================
----------------- testing Wed Aug 21 05:32:07 UTC 2019 /home/travis/build/icyphy/ptII/ptolemy/actor/lib/test/auto/PublisherPort5.xml
----------------- Instantiating /home/travis/build/icyphy/ptII/ptolemy/actor/lib/test/auto/PublisherPort5.xml
4 ms. Memory: 628736K Free: 224270K (36%)
----------------- Invoking toplevel() on ptolemy.moml.MoMLSimpleApplication@2a79c6ba
----------------- Done invoking toplevel() on ptolemy.moml.MoMLSimpleApplication@2a79c6ba
reloadAllAccessors: .PublisherPort5

===========================================================================================
----------------- testing Wed Aug 21 05:32:07 UTC 2019 /home/travis/build/icyphy/ptII/ptolemy/actor/lib/test/auto/PublisherPort5LookAlike.xml
----------------- Instantiating /home/travis/build/icyphy/ptII/ptolemy/actor/lib/test/auto/PublisherPort5LookAlike.xml
8 ms. Memory: 628736K Free: 217095K (35%)
----------------- Invoking toplevel() on ptolemy.moml.MoMLSimpleApplication@46f663b
----------------- Done invoking toplevel() on ptolemy.moml.MoMLSimpleApplication@46f663b
reloadAllAccessors: .PublisherPort5LookAlike

===========================================================================================
----------------- testing Wed Aug 21 05:32:07 UTC 2019 /home/travis/build/icyphy/ptII/ptolemy/actor/lib/test/auto/PublisherPort6.xml
----------------- Instantiating /home/travis/build/icyphy/ptII/ptolemy/actor/lib/test/auto/PublisherPort6.xml
4 ms. Memory: 628736K Free: 576528K (92%)
----------------- Invoking toplevel() on ptolemy.moml.MoMLSimpleApplication@1cdc783a
----------------- Done invoking toplevel() on ptolemy.moml.MoMLSimpleApplication@1cdc783a
reloadAllAccessors: .PublisherPort6

===========================================================================================
----------------- testing Wed Aug 21 05:32:07 UTC 2019 /home/travis/build/icyphy/ptII/ptolemy/actor/lib/test/auto/PublisherPort7.xml
----------------- Instantiating /home/travis/build/icyphy/ptII/ptolemy/actor/lib/test/auto/PublisherPort7.xml
4 ms. Memory: 628736K Free: 568846K (90%)
----------------- Invoking toplevel() on ptolemy.moml.MoMLSimpleApplication@1fb573d0
----------------- Done invoking toplevel() on ptolemy.moml.MoMLSimpleApplication@1fb573d0
reloadAllAccessors: .PublisherPort7

===========================================================================================
----------------- testing Wed Aug 21 05:32:07 UTC 2019 /home/travis/build/icyphy/ptII/ptolemy/actor/lib/test/auto/PublisherPort8.xml
----------------- Instantiating /home/travis/build/icyphy/ptII/ptolemy/actor/lib/test/auto/PublisherPort8.xml
5 ms. Memory: 628736K Free: 560144K (89%)
----------------- Invoking toplevel() on ptolemy.moml.MoMLSimpleApplication@625a540f
----------------- Done invoking toplevel() on ptolemy.moml.MoMLSimpleApplication@625a540f
reloadAllAccessors: .PublisherPort8

===========================================================================================
----------------- testing Wed Aug 21 05:32:07 UTC 2019 /home/travis/build/icyphy/ptII/ptolemy/actor/lib/test/auto/PublisherPortSubscriberChannelVariablesAOC2.xml
----------------- Instantiating /home/travis/build/icyphy/ptII/ptolemy/actor/lib/test/auto/PublisherPortSubscriberChannelVariablesAOC2.xml
3 ms. Memory: 628736K Free: 542222K (86%)
----------------- Invoking toplevel() on ptolemy.moml.MoMLSimpleApplication@16d86c24
----------------- Done invoking toplevel() on ptolemy.moml.MoMLSimpleApplication@16d86c24
reloadAllAccessors: .PublisherPortSubscriberChannelVariablesAOC2

===========================================================================================
----------------- testing Wed Aug 21 05:32:08 UTC 2019 /home/travis/build/icyphy/ptII/ptolemy/actor/lib/test/auto/PublisherPortSubscriberOpaqueWidthInference.xml
----------------- Instantiating /home/travis/build/icyphy/ptII/ptolemy/actor/lib/test/auto/PublisherPortSubscriberOpaqueWidthInference.xml
3 ms. Memory: 628736K Free: 534015K (85%)
----------------- Invoking toplevel() on ptolemy.moml.MoMLSimpleApplication@31e589f9
----------------- Done invoking toplevel() on ptolemy.moml.MoMLSimpleApplication@31e589f9
reloadAllAccessors: .PublisherPortSubscriberOpaqueWidthInference

===========================================================================================
----------------- testing Wed Aug 21 05:32:08 UTC 2019 /home/travis/build/icyphy/ptII/ptolemy/actor/lib/test/auto/PublisherPortSubscriberPortAdjacent.xml
----------------- Instantiating /home/travis/build/icyphy/ptII/ptolemy/actor/lib/test/auto/PublisherPortSubscriberPortAdjacent.xml
2 ms. Memory: 628736K Free: 525838K (84%)
----------------- Invoking toplevel() on ptolemy.moml.MoMLSimpleApplication@4fe1f847
----------------- Done invoking toplevel() on ptolemy.moml.MoMLSimpleApplication@4fe1f847
reloadAllAccessors: .PublisherPortSubscriberPortAdjacent

===========================================================================================
----------------- testing Wed Aug 21 05:32:08 UTC 2019 /home/travis/build/icyphy/ptII/ptolemy/actor/lib/test/auto/PublisherPortSubscriberPortExpression.xml
----------------- Instantiating /home/travis/build/icyphy/ptII/ptolemy/actor/lib/test/auto/PublisherPortSubscriberPortExpression.xml
8 ms. Memory: 628736K Free: 518160K (82%)
----------------- Invoking toplevel() on ptolemy.moml.MoMLSimpleApplication@4bc92583
----------------- Done invoking toplevel() on ptolemy.moml.MoMLSimpleApplication@4bc92583
reloadAllAccessors: .PublisherPortSubscriberPortExpression

===========================================================================================
----------------- testing Wed Aug 21 05:32:08 UTC 2019 /home/travis/build/icyphy/ptII/ptolemy/actor/lib/test/auto/PublisherPortSubscriberPortOpaqueD3Reverse.xml
----------------- Instantiating /home/travis/build/icyphy/ptII/ptolemy/actor/lib/test/auto/PublisherPortSubscriberPortOpaqueD3Reverse.xml
5 ms. Memory: 628736K Free: 507920K (81%)
----------------- Invoking toplevel() on ptolemy.moml.MoMLSimpleApplication@3f86a527
----------------- Done invoking toplevel() on ptolemy.moml.MoMLSimpleApplication@3f86a527
reloadAllAccessors: .PublisherPortSubscriberPortOpaqueD3Reverse

===========================================================================================
----------------- testing Wed Aug 21 05:32:08 UTC 2019 /home/travis/build/icyphy/ptII/ptolemy/actor/lib/test/auto/PublisherPortSubscriberPortOpaqueWidthInference.xml
----------------- Instantiating /home/travis/build/icyphy/ptII/ptolemy/actor/lib/test/auto/PublisherPortSubscriberPortOpaqueWidthInference.xml
4 ms. Memory: 628736K Free: 500223K (80%)
----------------- Invoking toplevel() on ptolemy.moml.MoMLSimpleApplication@5520e55d
----------------- Done invoking toplevel() on ptolemy.moml.MoMLSimpleApplication@5520e55d
reloadAllAccessors: .PublisherPortSubscriberPortOpaqueWidthInference

===========================================================================================
----------------- testing Wed Aug 21 05:32:08 UTC 2019 /home/travis/build/icyphy/ptII/ptolemy/actor/lib/test/auto/PublisherPortToplevelSubscriberPortAOC.xml
----------------- Instantiating /home/travis/build/icyphy/ptII/ptolemy/actor/lib/test/auto/PublisherPortToplevelSubscriberPortAOC.xml
.PublisherPortToplevelSubscriberPortAOC.TestExceptionAttribute: initialize() was not invoked, but wrapup() was.  This is unusual, but not always a problem.  For example, exporting JNLP will do this.
1 ms. Memory: 628736K Free: 494094K (79%)
----------------- Invoking toplevel() on ptolemy.moml.MoMLSimpleApplication@291d4c01
----------------- Done invoking toplevel() on ptolemy.moml.MoMLSimpleApplication@291d4c01
reloadAllAccessors: .PublisherPortToplevelSubscriberPortAOC

===========================================================================================
----------------- testing Wed Aug 21 05:32:08 UTC 2019 /home/travis/build/icyphy/ptII/ptolemy/actor/lib/test/auto/PublisherSubscriber.xml
----------------- Instantiating /home/travis/build/icyphy/ptII/ptolemy/actor/lib/test/auto/PublisherSubscriber.xml
3 ms. Memory: 628736K Free: 486416K (77%)
----------------- Invoking toplevel() on ptolemy.moml.MoMLSimpleApplication@440dcfc9
----------------- Done invoking toplevel() on ptolemy.moml.MoMLSimpleApplication@440dcfc9
reloadAllAccessors: .PublisherSubscriber

===========================================================================================
----------------- testing Wed Aug 21 05:32:08 UTC 2019 /home/travis/build/icyphy/ptII/ptolemy/actor/lib/test/auto/PublisherSubscriber10.xml
----------------- Instantiating /home/travis/build/icyphy/ptII/ptolemy/actor/lib/test/auto/PublisherSubscriber10.xml
7 ms. Memory: 628736K Free: 476686K (76%)
----------------- Invoking toplevel() on ptolemy.moml.MoMLSimpleApplication@26b5bf7
----------------- Done invoking toplevel() on ptolemy.moml.MoMLSimpleApplication@26b5bf7
reloadAllAccessors: .PublisherSubscriber10

===========================================================================================
----------------- testing Wed Aug 21 05:32:08 UTC 2019 /home/travis/build/icyphy/ptII/ptolemy/actor/lib/test/auto/PublisherSubscriber10InitialOutputs.xml
----------------- Instantiating /home/travis/build/icyphy/ptII/ptolemy/actor/lib/test/auto/PublisherSubscriber10InitialOutputs.xml
15 ms. Memory: 628736K Free: 467470K (74%)
----------------- Invoking toplevel() on ptolemy.moml.MoMLSimpleApplication@58e3ba6a
----------------- Done invoking toplevel() on ptolemy.moml.MoMLSimpleApplication@58e3ba6a
reloadAllAccessors: .PublisherSubscriber10InitialOutputs

===========================================================================================
----------------- testing Wed Aug 21 05:32:08 UTC 2019 /home/travis/build/icyphy/ptII/ptolemy/actor/lib/test/auto/PublisherSubscriber11.xml
----------------- Instantiating /home/travis/build/icyphy/ptII/ptolemy/actor/lib/test/auto/PublisherSubscriber11.xml
2 ms. Memory: 628736K Free: 461295K (73%)
----------------- Invoking toplevel() on ptolemy.moml.MoMLSimpleApplication@7cb57683
----------------- Done invoking toplevel() on ptolemy.moml.MoMLSimpleApplication@7cb57683
reloadAllAccessors: .PublisherSubscriber11

===========================================================================================
----------------- testing Wed Aug 21 05:32:08 UTC 2019 /home/travis/build/icyphy/ptII/ptolemy/actor/lib/test/auto/PublisherSubscriber12.xml
----------------- Instantiating /home/travis/build/icyphy/ptII/ptolemy/actor/lib/test/auto/PublisherSubscriber12.xml
3 ms. Memory: 628736K Free: 454158K (72%)
----------------- Invoking toplevel() on ptolemy.moml.MoMLSimpleApplication@57661ead
----------------- Done invoking toplevel() on ptolemy.moml.MoMLSimpleApplication@57661ead
reloadAllAccessors: .PublisherSubscriber12

===========================================================================================
----------------- testing Wed Aug 21 05:32:08 UTC 2019 /home/travis/build/icyphy/ptII/ptolemy/actor/lib/test/auto/PublisherSubscriber13.xml
----------------- Instantiating /home/travis/build/icyphy/ptII/ptolemy/actor/lib/test/auto/PublisherSubscriber13.xml
2 ms. Memory: 628736K Free: 448528K (71%)
----------------- Invoking toplevel() on ptolemy.moml.MoMLSimpleApplication@4b3dc85e
----------------- Done invoking toplevel() on ptolemy.moml.MoMLSimpleApplication@4b3dc85e
reloadAllAccessors: .PublisherSubscriber13

===========================================================================================
----------------- testing Wed Aug 21 05:32:08 UTC 2019 /home/travis/build/icyphy/ptII/ptolemy/actor/lib/test/auto/PublisherSubscriber14.xml
----------------- Instantiating /home/travis/build/icyphy/ptII/ptolemy/actor/lib/test/auto/PublisherSubscriber14.xml
2 ms. Memory: 628736K Free: 439807K (70%)
----------------- Invoking toplevel() on ptolemy.moml.MoMLSimpleApplication@6ae4c6fb
----------------- Done invoking toplevel() on ptolemy.moml.MoMLSimpleApplication@6ae4c6fb
reloadAllAccessors: .PublisherSubscriber14

===========================================================================================
----------------- testing Wed Aug 21 05:32:08 UTC 2019 /home/travis/build/icyphy/ptII/ptolemy/actor/lib/test/auto/PublisherSubscriber2.xml
----------------- Instantiating /home/travis/build/icyphy/ptII/ptolemy/actor/lib/test/auto/PublisherSubscriber2.xml
3 ms. Memory: 628736K Free: 434192K (69%)
----------------- Invoking toplevel() on ptolemy.moml.MoMLSimpleApplication@2e460ea7
----------------- Done invoking toplevel() on ptolemy.moml.MoMLSimpleApplication@2e460ea7
reloadAllAccessors: .PublisherSubscriber2

===========================================================================================
----------------- testing Wed Aug 21 05:32:08 UTC 2019 /home/travis/build/icyphy/ptII/ptolemy/actor/lib/test/auto/PublisherSubscriber3.xml
----------------- Instantiating /home/travis/build/icyphy/ptII/ptolemy/actor/lib/test/auto/PublisherSubscriber3.xml
5 ms. Memory: 628736K Free: 428527K (68%)
----------------- Invoking toplevel() on ptolemy.moml.MoMLSimpleApplication@1f758b7f
----------------- Done invoking toplevel() on ptolemy.moml.MoMLSimpleApplication@1f758b7f
reloadAllAccessors: .PublisherSubscriber3

===========================================================================================
----------------- testing Wed Aug 21 05:32:08 UTC 2019 /home/travis/build/icyphy/ptII/ptolemy/actor/lib/test/auto/PublisherSubscriber4.xml
----------------- Instantiating /home/travis/build/icyphy/ptII/ptolemy/actor/lib/test/auto/PublisherSubscriber4.xml
2 ms. Memory: 628736K Free: 423407K (67%)
----------------- Invoking toplevel() on ptolemy.moml.MoMLSimpleApplication@f07c7c1
----------------- Done invoking toplevel() on ptolemy.moml.MoMLSimpleApplication@f07c7c1
reloadAllAccessors: .PublisherSubscriber4

===========================================================================================
----------------- testing Wed Aug 21 05:32:08 UTC 2019 /home/travis/build/icyphy/ptII/ptolemy/actor/lib/test/auto/PublisherSubscriber5.xml
----------------- Instantiating /home/travis/build/icyphy/ptII/ptolemy/actor/lib/test/auto/PublisherSubscriber5.xml
2 ms. Memory: 628736K Free: 416784K (66%)
----------------- Invoking toplevel() on ptolemy.moml.MoMLSimpleApplication@34f59ab9
----------------- Done invoking toplevel() on ptolemy.moml.MoMLSimpleApplication@34f59ab9
reloadAllAccessors: .PublisherSubscriber5

===========================================================================================
----------------- testing Wed Aug 21 05:32:08 UTC 2019 /home/travis/build/icyphy/ptII/ptolemy/actor/lib/test/auto/PublisherSubscriber6.xml
----------------- Instantiating /home/travis/build/icyphy/ptII/ptolemy/actor/lib/test/auto/PublisherSubscriber6.xml
4 ms. Memory: 628736K Free: 410111K (65%)
----------------- Invoking toplevel() on ptolemy.moml.MoMLSimpleApplication@ab59f74
----------------- Done invoking toplevel() on ptolemy.moml.MoMLSimpleApplication@ab59f74
reloadAllAccessors: .PublisherSubscriber6

===========================================================================================
----------------- testing Wed Aug 21 05:32:08 UTC 2019 /home/travis/build/icyphy/ptII/ptolemy/actor/lib/test/auto/PublisherSubscriber7.xml
----------------- Instantiating /home/travis/build/icyphy/ptII/ptolemy/actor/lib/test/auto/PublisherSubscriber7.xml
6 ms. Memory: 628736K Free: 403472K (64%)
----------------- Invoking toplevel() on ptolemy.moml.MoMLSimpleApplication@5156400
----------------- Done invoking toplevel() on ptolemy.moml.MoMLSimpleApplication@5156400
reloadAllAccessors: .PublisherSubscriber7

===========================================================================================
----------------- testing Wed Aug 21 05:32:08 UTC 2019 /home/travis/build/icyphy/ptII/ptolemy/actor/lib/test/auto/PublisherSubscriber8.xml
----------------- Instantiating /home/travis/build/icyphy/ptII/ptolemy/actor/lib/test/auto/PublisherSubscriber8.xml
15 ms. Memory: 628736K Free: 391694K (62%)
----------------- Invoking toplevel() on ptolemy.moml.MoMLSimpleApplication@23352a6e
----------------- Done invoking toplevel() on ptolemy.moml.MoMLSimpleApplication@23352a6e
reloadAllAccessors: .PublisherSubscriber8

===========================================================================================
----------------- testing Wed Aug 21 05:32:08 UTC 2019 /home/travis/build/icyphy/ptII/ptolemy/actor/lib/test/auto/PublisherSubscriber9.xml
----------------- Instantiating /home/travis/build/icyphy/ptII/ptolemy/actor/lib/test/auto/PublisherSubscriber9.xml
3 ms. Memory: 628736K Free: 384526K (61%)
----------------- Invoking toplevel() on ptolemy.moml.MoMLSimpleApplication@3687b13c
----------------- Done invoking toplevel() on ptolemy.moml.MoMLSimpleApplication@3687b13c
reloadAllAccessors: .PublisherSubscriber9

===========================================================================================
----------------- testing Wed Aug 21 05:32:08 UTC 2019 /home/travis/build/icyphy/ptII/ptolemy/actor/lib/test/auto/PublisherSubscriberAdjacent.xml
----------------- Instantiating /home/travis/build/icyphy/ptII/ptolemy/actor/lib/test/auto/PublisherSubscriberAdjacent.xml
2 ms. Memory: 628736K Free: 376334K (60%)
----------------- Invoking toplevel() on ptolemy.moml.MoMLSimpleApplication@713365d7
----------------- Done invoking toplevel() on ptolemy.moml.MoMLSimpleApplication@713365d7
reloadAllAccessors: .PublisherSubscriberAdjacent

===========================================================================================
----------------- testing Wed Aug 21 05:32:08 UTC 2019 /home/travis/build/icyphy/ptII/ptolemy/actor/lib/test/auto/PublisherSubscriberChannelVariablesAOC2.xml
----------------- Instantiating /home/travis/build/icyphy/ptII/ptolemy/actor/lib/test/auto/PublisherSubscriberChannelVariablesAOC2.xml
4 ms. Memory: 628736K Free: 361488K (57%)
----------------- Invoking toplevel() on ptolemy.moml.MoMLSimpleApplication@71713094
----------------- Done invoking toplevel() on ptolemy.moml.MoMLSimpleApplication@71713094
reloadAllAccessors: .PublisherSubscriberChannelVariablesAOC2

===========================================================================================
----------------- testing Wed Aug 21 05:32:08 UTC 2019 /home/travis/build/icyphy/ptII/ptolemy/actor/lib/test/auto/PublisherSubscriberD3.xml
----------------- Instantiating /home/travis/build/icyphy/ptII/ptolemy/actor/lib/test/auto/PublisherSubscriberD3.xml
2 ms. Memory: 628736K Free: 354320K (56%)
----------------- Invoking toplevel() on ptolemy.moml.MoMLSimpleApplication@2424a120
----------------- Done invoking toplevel() on ptolemy.moml.MoMLSimpleApplication@2424a120
reloadAllAccessors: .PublisherSubscriberD3

===========================================================================================
----------------- testing Wed Aug 21 05:32:08 UTC 2019 /home/travis/build/icyphy/ptII/ptolemy/actor/lib/test/auto/PublisherSubscriberD3Reverse.xml
----------------- Instantiating /home/travis/build/icyphy/ptII/ptolemy/actor/lib/test/auto/PublisherSubscriberD3Reverse.xml
2 ms. Memory: 628736K Free: 348176K (55%)
----------------- Invoking toplevel() on ptolemy.moml.MoMLSimpleApplication@6ecbd20d
----------------- Done invoking toplevel() on ptolemy.moml.MoMLSimpleApplication@6ecbd20d
reloadAllAccessors: .PublisherSubscriberD3Reverse

===========================================================================================
----------------- testing Wed Aug 21 05:32:08 UTC 2019 /home/travis/build/icyphy/ptII/ptolemy/actor/lib/test/auto/PublisherSubscriberExpression.xml
----------------- Instantiating /home/travis/build/icyphy/ptII/ptolemy/actor/lib/test/auto/PublisherSubscriberExpression.xml
3 ms. Memory: 628736K Free: 339455K (54%)
----------------- Invoking toplevel() on ptolemy.moml.MoMLSimpleApplication@44daec15
----------------- Done invoking toplevel() on ptolemy.moml.MoMLSimpleApplication@44daec15
reloadAllAccessors: .PublisherSubscriberExpression

===========================================================================================
----------------- testing Wed Aug 21 05:32:08 UTC 2019 /home/travis/build/icyphy/ptII/ptolemy/actor/lib/test/auto/PublisherSubscriberOpaque.xml
----------------- Instantiating /home/travis/build/icyphy/ptII/ptolemy/actor/lib/test/auto/PublisherSubscriberOpaque.xml
4 ms. Memory: 628736K Free: 331278K (53%)
----------------- Invoking toplevel() on ptolemy.moml.MoMLSimpleApplication@4e494200
----------------- Done invoking toplevel() on ptolemy.moml.MoMLSimpleApplication@4e494200
reloadAllAccessors: .PublisherSubscriberOpaque

===========================================================================================
----------------- testing Wed Aug 21 05:32:08 UTC 2019 /home/travis/build/icyphy/ptII/ptolemy/actor/lib/test/auto/PublisherSubscriberOpaqueD3.xml
----------------- Instantiating /home/travis/build/icyphy/ptII/ptolemy/actor/lib/test/auto/PublisherSubscriberOpaqueD3.xml
5 ms. Memory: 628736K Free: 319504K (51%)
----------------- Invoking toplevel() on ptolemy.moml.MoMLSimpleApplication@1d1b4480
----------------- Done invoking toplevel() on ptolemy.moml.MoMLSimpleApplication@1d1b4480
reloadAllAccessors: .PublisherSubscriberOpaqueD3

===========================================================================================
----------------- testing Wed Aug 21 05:32:08 UTC 2019 /home/travis/build/icyphy/ptII/ptolemy/actor/lib/test/auto/PublisherSubscriberOpaqueD3Reverse.xml
----------------- Instantiating /home/travis/build/icyphy/ptII/ptolemy/actor/lib/test/auto/PublisherSubscriberOpaqueD3Reverse.xml
8 ms. Memory: 628736K Free: 308240K (49%)
----------------- Invoking toplevel() on ptolemy.moml.MoMLSimpleApplication@3d8179f5
----------------- Done invoking toplevel() on ptolemy.moml.MoMLSimpleApplication@3d8179f5
reloadAllAccessors: .PublisherSubscriberOpaqueD3Reverse

===========================================================================================
----------------- testing Wed Aug 21 05:32:08 UTC 2019 /home/travis/build/icyphy/ptII/ptolemy/actor/lib/test/auto/PublisherSubscriberOpaqueWidthInference.xml
----------------- Instantiating /home/travis/build/icyphy/ptII/ptolemy/actor/lib/test/auto/PublisherSubscriberOpaqueWidthInference.xml
4 ms. Memory: 628736K Free: 300048K (48%)
----------------- Invoking toplevel() on ptolemy.moml.MoMLSimpleApplication@2e0128f3
----------------- Done invoking toplevel() on ptolemy.moml.MoMLSimpleApplication@2e0128f3
reloadAllAccessors: .PublisherSubscriberOpaqueWidthInference

===========================================================================================
----------------- testing Wed Aug 21 05:32:08 UTC 2019 /home/travis/build/icyphy/ptII/ptolemy/actor/lib/test/auto/PublisherTestSubscriber.xml
----------------- Instantiating /home/travis/build/icyphy/ptII/ptolemy/actor/lib/test/auto/PublisherTestSubscriber.xml
3 ms. Memory: 628736K Free: 292359K (46%)
----------------- Invoking toplevel() on ptolemy.moml.MoMLSimpleApplication@5831c9f7
----------------- Done invoking toplevel() on ptolemy.moml.MoMLSimpleApplication@5831c9f7
reloadAllAccessors: .PublisherTestSubscriber

===========================================================================================
----------------- testing Wed Aug 21 05:32:08 UTC 2019 /home/travis/build/icyphy/ptII/ptolemy/actor/lib/test/auto/PublisherToplevelSubscriberPortAOC.xml
----------------- Instantiating /home/travis/build/icyphy/ptII/ptolemy/actor/lib/test/auto/PublisherToplevelSubscriberPortAOC.xml
2 ms. Memory: 628736K Free: 286207K (46%)
----------------- Invoking toplevel() on ptolemy.moml.MoMLSimpleApplication@155af131
----------------- Done invoking toplevel() on ptolemy.moml.MoMLSimpleApplication@155af131
reloadAllAccessors: .PublisherToplevelSubscriberPortAOC

===========================================================================================
----------------- testing Wed Aug 21 05:32:08 UTC 2019 /home/travis/build/icyphy/ptII/ptolemy/actor/lib/test/auto/PulseFiringLimitDE.xml
----------------- Instantiating /home/travis/build/icyphy/ptII/ptolemy/actor/lib/test/auto/PulseFiringLimitDE.xml
2 ms. Memory: 628736K Free: 279568K (44%)
----------------- Invoking toplevel() on ptolemy.moml.MoMLSimpleApplication@4f6c19f4
----------------- Done invoking toplevel() on ptolemy.moml.MoMLSimpleApplication@4f6c19f4
reloadAllAccessors: .PulseFiringLimitDE

===========================================================================================
----------------- testing Wed Aug 21 05:32:08 UTC 2019 /home/travis/build/icyphy/ptII/ptolemy/actor/lib/test/auto/Ramp1.xml
----------------- Instantiating /home/travis/build/icyphy/ptII/ptolemy/actor/lib/test/auto/Ramp1.xml
1 ms. Memory: 628736K Free: 274943K (44%)
----------------- Invoking toplevel() on ptolemy.moml.MoMLSimpleApplication@4e7e625d
----------------- Done invoking toplevel() on ptolemy.moml.MoMLSimpleApplication@4e7e625d
reloadAllAccessors: .Ramp1

===========================================================================================
----------------- testing Wed Aug 21 05:32:08 UTC 2019 /home/travis/build/icyphy/ptII/ptolemy/actor/lib/test/auto/RampFiringLimitDE.xml
----------------- Instantiating /home/travis/build/icyphy/ptII/ptolemy/actor/lib/test/auto/RampFiringLimitDE.xml
2 ms. Memory: 628736K Free: 268799K (43%)
----------------- Invoking toplevel() on ptolemy.moml.MoMLSimpleApplication@4932a075
----------------- Done invoking toplevel() on ptolemy.moml.MoMLSimpleApplication@4932a075
reloadAllAccessors: .RampFiringLimitDE

===========================================================================================
----------------- testing Wed Aug 21 05:32:08 UTC 2019 /home/travis/build/icyphy/ptII/ptolemy/actor/lib/test/auto/RampFiringLimitSDF.xml
----------------- Instantiating /home/travis/build/icyphy/ptII/ptolemy/actor/lib/test/auto/RampFiringLimitSDF.xml
2 ms. Memory: 628736K Free: 263679K (42%)
----------------- Invoking toplevel() on ptolemy.moml.MoMLSimpleApplication@67dc478e
----------------- Done invoking toplevel() on ptolemy.moml.MoMLSimpleApplication@67dc478e
reloadAllAccessors: .RampFiringLimitSDF

===========================================================================================
----------------- testing Wed Aug 21 05:32:08 UTC 2019 /home/travis/build/icyphy/ptII/ptolemy/actor/lib/test/auto/RandomInteger.xml
----------------- Instantiating /home/travis/build/icyphy/ptII/ptolemy/actor/lib/test/auto/RandomInteger.xml
1 ms. Memory: 628736K Free: 259598K (41%)
----------------- Invoking toplevel() on ptolemy.moml.MoMLSimpleApplication@658f4f9b
----------------- Done invoking toplevel() on ptolemy.moml.MoMLSimpleApplication@658f4f9b
reloadAllAccessors: .RandomInteger

===========================================================================================
----------------- testing Wed Aug 21 05:32:08 UTC 2019 /home/travis/build/icyphy/ptII/ptolemy/actor/lib/test/auto/ReadFile1.xml
----------------- Instantiating /home/travis/build/icyphy/ptII/ptolemy/actor/lib/test/auto/ReadFile1.xml
2 ms. Memory: 628736K Free: 254992K (41%)
----------------- Invoking toplevel() on ptolemy.moml.MoMLSimpleApplication@40f74ae
----------------- Done invoking toplevel() on ptolemy.moml.MoMLSimpleApplication@40f74ae
reloadAllAccessors: .ReadFile1

===========================================================================================
----------------- testing Wed Aug 21 05:32:08 UTC 2019 /home/travis/build/icyphy/ptII/ptolemy/actor/lib/test/auto/ReadFile2.xml
----------------- Instantiating /home/travis/build/icyphy/ptII/ptolemy/actor/lib/test/auto/ReadFile2.xml
1 ms. Memory: 628736K Free: 250896K (40%)
----------------- Invoking toplevel() on ptolemy.moml.MoMLSimpleApplication@31103b27
----------------- Done invoking toplevel() on ptolemy.moml.MoMLSimpleApplication@31103b27
reloadAllAccessors: .ReadFile2

===========================================================================================
----------------- testing Wed Aug 21 05:32:08 UTC 2019 /home/travis/build/icyphy/ptII/ptolemy/actor/lib/test/auto/Reader.xml
----------------- Instantiating /home/travis/build/icyphy/ptII/ptolemy/actor/lib/test/auto/Reader.xml
actor.lib.Reader is obsolete, use actor.lib.io.ExpressionReader instead
2 ms. Memory: 628736K Free: 246286K (39%)
----------------- Invoking toplevel() on ptolemy.moml.MoMLSimpleApplication@b828fe1
----------------- Done invoking toplevel() on ptolemy.moml.MoMLSimpleApplication@b828fe1
reloadAllAccessors: .Reader

===========================================================================================
----------------- testing Wed Aug 21 05:32:08 UTC 2019 /home/travis/build/icyphy/ptII/ptolemy/actor/lib/test/auto/RecordAssemblerDisplayNameTest.xml
----------------- Instantiating /home/travis/build/icyphy/ptII/ptolemy/actor/lib/test/auto/RecordAssemblerDisplayNameTest.xml
3746 ms. Memory: 628736K Free: 495630K (79%)
----------------- Invoking toplevel() on ptolemy.moml.MoMLSimpleApplication@43221747
----------------- Done invoking toplevel() on ptolemy.moml.MoMLSimpleApplication@43221747
reloadAllAccessors: .RecordAssemblerDisplayNameTest

===========================================================================================
----------------- testing Wed Aug 21 05:32:12 UTC 2019 /home/travis/build/icyphy/ptII/ptolemy/actor/lib/test/auto/RecordAssemblerTypeError.xml
----------------- Instantiating /home/travis/build/icyphy/ptII/ptolemy/actor/lib/test/auto/RecordAssemblerTypeError.xml
10 ms. Memory: 628736K Free: 485904K (77%)
----------------- Invoking toplevel() on ptolemy.moml.MoMLSimpleApplication@4c8794bf
----------------- Done invoking toplevel() on ptolemy.moml.MoMLSimpleApplication@4c8794bf
reloadAllAccessors: .RecordAssemblerTypeError

===========================================================================================
----------------- testing Wed Aug 21 05:32:12 UTC 2019 /home/travis/build/icyphy/ptII/ptolemy/actor/lib/test/auto/RecordDisassember.xml
----------------- Instantiating /home/travis/build/icyphy/ptII/ptolemy/actor/lib/test/auto/RecordDisassember.xml
4 ms. Memory: 628736K Free: 481287K (77%)
----------------- Invoking toplevel() on ptolemy.moml.MoMLSimpleApplication@41548fc5
----------------- Done invoking toplevel() on ptolemy.moml.MoMLSimpleApplication@41548fc5
reloadAllAccessors: .RecordDisassember

===========================================================================================
----------------- testing Wed Aug 21 05:32:12 UTC 2019 /home/travis/build/icyphy/ptII/ptolemy/actor/lib/test/auto/RecordDisassemberDisplayNameTest.xml
----------------- Instantiating /home/travis/build/icyphy/ptII/ptolemy/actor/lib/test/auto/RecordDisassemberDisplayNameTest.xml
6 ms. Memory: 628736K Free: 473102K (75%)
----------------- Invoking toplevel() on ptolemy.moml.MoMLSimpleApplication@72a73226
----------------- Done invoking toplevel() on ptolemy.moml.MoMLSimpleApplication@72a73226
reloadAllAccessors: .RecordDisassemberDisplayNameTest

===========================================================================================
----------------- testing Wed Aug 21 05:32:12 UTC 2019 /home/travis/build/icyphy/ptII/ptolemy/actor/lib/test/auto/RecordDisassembler.xml
----------------- Instantiating /home/travis/build/icyphy/ptII/ptolemy/actor/lib/test/auto/RecordDisassembler.xml
4 ms. Memory: 628736K Free: 467975K (74%)
----------------- Invoking toplevel() on ptolemy.moml.MoMLSimpleApplication@531b0e03
----------------- Done invoking toplevel() on ptolemy.moml.MoMLSimpleApplication@531b0e03
reloadAllAccessors: .RecordDisassembler

===========================================================================================
----------------- testing Wed Aug 21 05:32:12 UTC 2019 /home/travis/build/icyphy/ptII/ptolemy/actor/lib/test/auto/RecordDisassembler2.xml
----------------- Instantiating /home/travis/build/icyphy/ptII/ptolemy/actor/lib/test/auto/RecordDisassembler2.xml
3 ms. Memory: 628736K Free: 462847K (74%)
----------------- Invoking toplevel() on ptolemy.moml.MoMLSimpleApplication@49b68d
----------------- Done invoking toplevel() on ptolemy.moml.MoMLSimpleApplication@49b68d
reloadAllAccessors: .RecordDisassembler2

===========================================================================================
----------------- testing Wed Aug 21 05:32:12 UTC 2019 /home/travis/build/icyphy/ptII/ptolemy/actor/lib/test/auto/RecordUpdater.xml
----------------- Instantiating /home/travis/build/icyphy/ptII/ptolemy/actor/lib/test/auto/RecordUpdater.xml
2 ms. Memory: 628736K Free: 458254K (73%)
----------------- Invoking toplevel() on ptolemy.moml.MoMLSimpleApplication@49aff99
----------------- Done invoking toplevel() on ptolemy.moml.MoMLSimpleApplication@49aff99
reloadAllAccessors: .RecordUpdater

===========================================================================================
----------------- testing Wed Aug 21 05:32:12 UTC 2019 /home/travis/build/icyphy/ptII/ptolemy/actor/lib/test/auto/RecordUpdater2.xml
----------------- Instantiating /home/travis/build/icyphy/ptII/ptolemy/actor/lib/test/auto/RecordUpdater2.xml
2 ms. Memory: 628736K Free: 453136K (72%)
----------------- Invoking toplevel() on ptolemy.moml.MoMLSimpleApplication@3a454bd1
----------------- Done invoking toplevel() on ptolemy.moml.MoMLSimpleApplication@3a454bd1
reloadAllAccessors: .RecordUpdater2

===========================================================================================
----------------- testing Wed Aug 21 05:32:12 UTC 2019 /home/travis/build/icyphy/ptII/ptolemy/actor/lib/test/auto/RecursiveLattice.xml
----------------- Instantiating /home/travis/build/icyphy/ptII/ptolemy/actor/lib/test/auto/RecursiveLattice.xml
2 ms. Memory: 628736K Free: 449040K (71%)
----------------- Invoking toplevel() on ptolemy.moml.MoMLSimpleApplication@19a0b5c
----------------- Done invoking toplevel() on ptolemy.moml.MoMLSimpleApplication@19a0b5c
reloadAllAccessors: .RecursiveLattice

===========================================================================================
----------------- testing Wed Aug 21 05:32:12 UTC 2019 /home/travis/build/icyphy/ptII/ptolemy/actor/lib/test/auto/Router.xml
----------------- Instantiating /home/travis/build/icyphy/ptII/ptolemy/actor/lib/test/auto/Router.xml
3003 ms. Memory: 628736K Free: 438286K (70%)
----------------- Invoking toplevel() on ptolemy.moml.MoMLSimpleApplication@2933f23e
----------------- Done invoking toplevel() on ptolemy.moml.MoMLSimpleApplication@2933f23e
reloadAllAccessors: .Router

===========================================================================================
----------------- testing Wed Aug 21 05:32:15 UTC 2019 /home/travis/build/icyphy/ptII/ptolemy/actor/lib/test/auto/Router2.xml
----------------- Instantiating /home/travis/build/icyphy/ptII/ptolemy/actor/lib/test/auto/Router2.xml
3003 ms. Memory: 628736K Free: 427536K (68%)
----------------- Invoking toplevel() on ptolemy.moml.MoMLSimpleApplication@3af5be02
----------------- Done invoking toplevel() on ptolemy.moml.MoMLSimpleApplication@3af5be02
reloadAllAccessors: .Router2

===========================================================================================
----------------- testing Wed Aug 21 05:32:18 UTC 2019 /home/travis/build/icyphy/ptII/ptolemy/actor/lib/test/auto/RunningMaximum.xml
----------------- Instantiating /home/travis/build/icyphy/ptII/ptolemy/actor/lib/test/auto/RunningMaximum.xml
2 ms. Memory: 628736K Free: 422926K (67%)
----------------- Invoking toplevel() on ptolemy.moml.MoMLSimpleApplication@13387466
----------------- Done invoking toplevel() on ptolemy.moml.MoMLSimpleApplication@13387466
reloadAllAccessors: .RunningMaximum

===========================================================================================
----------------- testing Wed Aug 21 05:32:18 UTC 2019 /home/travis/build/icyphy/ptII/ptolemy/actor/lib/test/auto/RunningMinimum.xml
----------------- Instantiating /home/travis/build/icyphy/ptII/ptolemy/actor/lib/test/auto/RunningMinimum.xml
8 ms. Memory: 628736K Free: 418320K (67%)
----------------- Invoking toplevel() on ptolemy.moml.MoMLSimpleApplication@5b9154e7
----------------- Done invoking toplevel() on ptolemy.moml.MoMLSimpleApplication@5b9154e7
reloadAllAccessors: .RunningMinimum

===========================================================================================
----------------- testing Wed Aug 21 05:32:18 UTC 2019 /home/travis/build/icyphy/ptII/ptolemy/actor/lib/test/auto/Scale.xml
----------------- Instantiating /home/travis/build/icyphy/ptII/ptolemy/actor/lib/test/auto/Scale.xml
2 ms. Memory: 628736K Free: 413710K (66%)
----------------- Invoking toplevel() on ptolemy.moml.MoMLSimpleApplication@3ff39101
----------------- Done invoking toplevel() on ptolemy.moml.MoMLSimpleApplication@3ff39101
reloadAllAccessors: .Scale

===========================================================================================
----------------- testing Wed Aug 21 05:32:18 UTC 2019 /home/travis/build/icyphy/ptII/ptolemy/actor/lib/test/auto/Scale2.xml
----------------- Instantiating /home/travis/build/icyphy/ptII/ptolemy/actor/lib/test/auto/Scale2.xml
1 ms. Memory: 628736K Free: 409104K (65%)
----------------- Invoking toplevel() on ptolemy.moml.MoMLSimpleApplication@422bed34
----------------- Done invoking toplevel() on ptolemy.moml.MoMLSimpleApplication@422bed34
reloadAllAccessors: .Scale2

===========================================================================================
----------------- testing Wed Aug 21 05:32:18 UTC 2019 /home/travis/build/icyphy/ptII/ptolemy/actor/lib/test/auto/Scale3.xml
----------------- Instantiating /home/travis/build/icyphy/ptII/ptolemy/actor/lib/test/auto/Scale3.xml
3 ms. Memory: 628736K Free: 402446K (64%)
----------------- Invoking toplevel() on ptolemy.moml.MoMLSimpleApplication@597ab355
----------------- Done invoking toplevel() on ptolemy.moml.MoMLSimpleApplication@597ab355
reloadAllAccessors: .Scale3

===========================================================================================
----------------- testing Wed Aug 21 05:32:18 UTC 2019 /home/travis/build/icyphy/ptII/ptolemy/actor/lib/test/auto/ScaleArray.xml
----------------- Instantiating /home/travis/build/icyphy/ptII/ptolemy/actor/lib/test/auto/ScaleArray.xml
1 ms. Memory: 628736K Free: 397840K (63%)
----------------- Invoking toplevel() on ptolemy.moml.MoMLSimpleApplication@2a711392
----------------- Done invoking toplevel() on ptolemy.moml.MoMLSimpleApplication@2a711392
reloadAllAccessors: .ScaleArray

===========================================================================================
----------------- testing Wed Aug 21 05:32:18 UTC 2019 /home/travis/build/icyphy/ptII/ptolemy/actor/lib/test/auto/ScaleArray2.xml
----------------- Instantiating /home/travis/build/icyphy/ptII/ptolemy/actor/lib/test/auto/ScaleArray2.xml
1 ms. Memory: 628736K Free: 393230K (63%)
----------------- Invoking toplevel() on ptolemy.moml.MoMLSimpleApplication@1d69d81a
----------------- Done invoking toplevel() on ptolemy.moml.MoMLSimpleApplication@1d69d81a
reloadAllAccessors: .ScaleArray2

===========================================================================================
----------------- testing Wed Aug 21 05:32:19 UTC 2019 /home/travis/build/icyphy/ptII/ptolemy/actor/lib/test/auto/ScaleMatrix.xml
----------------- Instantiating /home/travis/build/icyphy/ptII/ptolemy/actor/lib/test/auto/ScaleMatrix.xml
166 ms. Memory: 628736K Free: 379408K (60%)
----------------- Invoking toplevel() on ptolemy.moml.MoMLSimpleApplication@34bdf70
----------------- Done invoking toplevel() on ptolemy.moml.MoMLSimpleApplication@34bdf70
reloadAllAccessors: .ScaleMatrix

===========================================================================================
----------------- testing Wed Aug 21 05:32:19 UTC 2019 /home/travis/build/icyphy/ptII/ptolemy/actor/lib/test/auto/Select.xml
----------------- Instantiating /home/travis/build/icyphy/ptII/ptolemy/actor/lib/test/auto/Select.xml
2 ms. Memory: 628736K Free: 373264K (59%)
----------------- Invoking toplevel() on ptolemy.moml.MoMLSimpleApplication@11659293
----------------- Done invoking toplevel() on ptolemy.moml.MoMLSimpleApplication@11659293
reloadAllAccessors: .Select

===========================================================================================
----------------- testing Wed Aug 21 05:32:19 UTC 2019 /home/travis/build/icyphy/ptII/ptolemy/actor/lib/test/auto/Select2.xml
----------------- Instantiating /home/travis/build/icyphy/ptII/ptolemy/actor/lib/test/auto/Select2.xml
1 ms. Memory: 628736K Free: 368654K (59%)
----------------- Invoking toplevel() on ptolemy.moml.MoMLSimpleApplication@3b336b23
----------------- Done invoking toplevel() on ptolemy.moml.MoMLSimpleApplication@3b336b23
reloadAllAccessors: .Select2

===========================================================================================
----------------- testing Wed Aug 21 05:32:19 UTC 2019 /home/travis/build/icyphy/ptII/ptolemy/actor/lib/test/auto/SequenceToArray2.xml
----------------- Instantiating /home/travis/build/icyphy/ptII/ptolemy/actor/lib/test/auto/SequenceToArray2.xml
111 ms. Memory: 628736K Free: 344078K (55%)
----------------- Invoking toplevel() on ptolemy.moml.MoMLSimpleApplication@751d8e2c
----------------- Done invoking toplevel() on ptolemy.moml.MoMLSimpleApplication@751d8e2c
reloadAllAccessors: .SequenceToArray2

===========================================================================================
----------------- testing Wed Aug 21 05:32:19 UTC 2019 /home/travis/build/icyphy/ptII/ptolemy/actor/lib/test/auto/SequentialClock.xml
----------------- Instantiating /home/travis/build/icyphy/ptII/ptolemy/actor/lib/test/auto/SequentialClock.xml
1 ms. Memory: 628736K Free: 339982K (54%)
----------------- Invoking toplevel() on ptolemy.moml.MoMLSimpleApplication@5fe58997
----------------- Done invoking toplevel() on ptolemy.moml.MoMLSimpleApplication@5fe58997
reloadAllAccessors: .SequentialClock

===========================================================================================
----------------- testing Wed Aug 21 05:32:19 UTC 2019 /home/travis/build/icyphy/ptII/ptolemy/actor/lib/test/auto/SetVariable.xml
----------------- Instantiating /home/travis/build/icyphy/ptII/ptolemy/actor/lib/test/auto/SetVariable.xml
2 ms. Memory: 628736K Free: 335376K (53%)
----------------- Invoking toplevel() on ptolemy.moml.MoMLSimpleApplication@529f7a72
----------------- Done invoking toplevel() on ptolemy.moml.MoMLSimpleApplication@529f7a72
reloadAllAccessors: .SetVariable

===========================================================================================
----------------- testing Wed Aug 21 05:32:19 UTC 2019 /home/travis/build/icyphy/ptII/ptolemy/actor/lib/test/auto/SetVariable2.xml
----------------- Instantiating /home/travis/build/icyphy/ptII/ptolemy/actor/lib/test/auto/SetVariable2.xml
2 ms. Memory: 628736K Free: 329742K (52%)
----------------- Invoking toplevel() on ptolemy.moml.MoMLSimpleApplication@5957ce9d
----------------- Done invoking toplevel() on ptolemy.moml.MoMLSimpleApplication@5957ce9d
reloadAllAccessors: .SetVariable2

===========================================================================================
----------------- testing Wed Aug 21 05:32:19 UTC 2019 /home/travis/build/icyphy/ptII/ptolemy/actor/lib/test/auto/SetVariable3.xml
----------------- Instantiating /home/travis/build/icyphy/ptII/ptolemy/actor/lib/test/auto/SetVariable3.xml
7 ms. Memory: 628736K Free: 324622K (52%)
----------------- Invoking toplevel() on ptolemy.moml.MoMLSimpleApplication@3fd248dc
----------------- Done invoking toplevel() on ptolemy.moml.MoMLSimpleApplication@3fd248dc
reloadAllAccessors: .SetVariable3

===========================================================================================
----------------- testing Wed Aug 21 05:32:19 UTC 2019 /home/travis/build/icyphy/ptII/ptolemy/actor/lib/test/auto/SetVariable4.xml
----------------- Instantiating /home/travis/build/icyphy/ptII/ptolemy/actor/lib/test/auto/SetVariable4.xml
17 ms. Memory: 628736K Free: 314894K (50%)
----------------- Invoking toplevel() on ptolemy.moml.MoMLSimpleApplication@533b9c63
----------------- Done invoking toplevel() on ptolemy.moml.MoMLSimpleApplication@533b9c63
reloadAllAccessors: .SetVariable4

===========================================================================================
----------------- testing Wed Aug 21 05:32:19 UTC 2019 /home/travis/build/icyphy/ptII/ptolemy/actor/lib/test/auto/SetVariable5.xml
----------------- Instantiating /home/travis/build/icyphy/ptII/ptolemy/actor/lib/test/auto/SetVariable5.xml
21 ms. Memory: 628736K Free: 305680K (49%)
----------------- Invoking toplevel() on ptolemy.moml.MoMLSimpleApplication@1dd0c971
----------------- Done invoking toplevel() on ptolemy.moml.MoMLSimpleApplication@1dd0c971
reloadAllAccessors: .SetVariable5

===========================================================================================
----------------- testing Wed Aug 21 05:32:19 UTC 2019 /home/travis/build/icyphy/ptII/ptolemy/actor/lib/test/auto/Sinewave.xml
----------------- Instantiating /home/travis/build/icyphy/ptII/ptolemy/actor/lib/test/auto/Sinewave.xml
5 ms. Memory: 628736K Free: 294926K (47%)
----------------- Invoking toplevel() on ptolemy.moml.MoMLSimpleApplication@21f49fce
----------------- Done invoking toplevel() on ptolemy.moml.MoMLSimpleApplication@21f49fce
reloadAllAccessors: .Sinewave

===========================================================================================
----------------- testing Wed Aug 21 05:32:19 UTC 2019 /home/travis/build/icyphy/ptII/ptolemy/actor/lib/test/auto/Sinewave2.xml
----------------- Instantiating /home/travis/build/icyphy/ptII/ptolemy/actor/lib/test/auto/Sinewave2.xml
8 ms. Memory: 628736K Free: 286719K (46%)
----------------- Invoking toplevel() on ptolemy.moml.MoMLSimpleApplication@61b3748
----------------- Done invoking toplevel() on ptolemy.moml.MoMLSimpleApplication@61b3748
reloadAllAccessors: .Sinewave2

===========================================================================================
----------------- testing Wed Aug 21 05:32:19 UTC 2019 /home/travis/build/icyphy/ptII/ptolemy/actor/lib/test/auto/Sinewave3.xml
----------------- Instantiating /home/travis/build/icyphy/ptII/ptolemy/actor/lib/test/auto/Sinewave3.xml
10 ms. Memory: 628736K Free: 278527K (44%)
----------------- Invoking toplevel() on ptolemy.moml.MoMLSimpleApplication@39c27bc
----------------- Done invoking toplevel() on ptolemy.moml.MoMLSimpleApplication@39c27bc
reloadAllAccessors: .Sinewave3

===========================================================================================
----------------- testing Wed Aug 21 05:32:19 UTC 2019 /home/travis/build/icyphy/ptII/ptolemy/actor/lib/test/auto/SingleEvent.xml
----------------- Instantiating /home/travis/build/icyphy/ptII/ptolemy/actor/lib/test/auto/SingleEvent.xml
1 ms. Memory: 628736K Free: 274446K (44%)
----------------- Invoking toplevel() on ptolemy.moml.MoMLSimpleApplication@66b21d75
----------------- Done invoking toplevel() on ptolemy.moml.MoMLSimpleApplication@66b21d75
reloadAllAccessors: .SingleEvent

===========================================================================================
----------------- testing Wed Aug 21 05:32:19 UTC 2019 /home/travis/build/icyphy/ptII/ptolemy/actor/lib/test/auto/Sleep.xml
----------------- Instantiating /home/travis/build/icyphy/ptII/ptolemy/actor/lib/test/auto/Sleep.xml
6003 ms. Memory: 628736K Free: 269295K (43%)
----------------- Invoking toplevel() on ptolemy.moml.MoMLSimpleApplication@68b83a68
----------------- Done invoking toplevel() on ptolemy.moml.MoMLSimpleApplication@68b83a68
reloadAllAccessors: .Sleep

===========================================================================================
----------------- testing Wed Aug 21 05:32:25 UTC 2019 /home/travis/build/icyphy/ptII/ptolemy/actor/lib/test/auto/SleepMultipleFire.xml
----------------- Instantiating /home/travis/build/icyphy/ptII/ptolemy/actor/lib/test/auto/SleepMultipleFire.xml
1009 ms. Memory: 628736K Free: 262672K (42%)
----------------- Invoking toplevel() on ptolemy.moml.MoMLSimpleApplication@104b40be
----------------- Done invoking toplevel() on ptolemy.moml.MoMLSimpleApplication@104b40be
reloadAllAccessors: .SleepMultipleFire

===========================================================================================
----------------- testing Wed Aug 21 05:32:26 UTC 2019 /home/travis/build/icyphy/ptII/ptolemy/actor/lib/test/auto/StopDE.xml
----------------- Instantiating /home/travis/build/icyphy/ptII/ptolemy/actor/lib/test/auto/StopDE.xml
3 ms. Memory: 628736K Free: 257038K (41%)
----------------- Invoking toplevel() on ptolemy.moml.MoMLSimpleApplication@11acf2e7
----------------- Done invoking toplevel() on ptolemy.moml.MoMLSimpleApplication@11acf2e7
reloadAllAccessors: .StopDE

===========================================================================================
----------------- testing Wed Aug 21 05:32:26 UTC 2019 /home/travis/build/icyphy/ptII/ptolemy/actor/lib/test/auto/StopSDF.xml
----------------- Instantiating /home/travis/build/icyphy/ptII/ptolemy/actor/lib/test/auto/StopSDF.xml
3 ms. Memory: 628736K Free: 251918K (40%)
----------------- Invoking toplevel() on ptolemy.moml.MoMLSimpleApplication@14eef118
----------------- Done invoking toplevel() on ptolemy.moml.MoMLSimpleApplication@14eef118
reloadAllAccessors: .StopSDF

===========================================================================================
----------------- testing Wed Aug 21 05:32:26 UTC 2019 /home/travis/build/icyphy/ptII/ptolemy/actor/lib/test/auto/StringConstant.xml
----------------- Instantiating /home/travis/build/icyphy/ptII/ptolemy/actor/lib/test/auto/StringConstant.xml
12 ms. Memory: 628736K Free: 247822K (39%)
----------------- Invoking toplevel() on ptolemy.moml.MoMLSimpleApplication@1f40c333
----------------- Done invoking toplevel() on ptolemy.moml.MoMLSimpleApplication@1f40c333
reloadAllAccessors: .StringConstant

===========================================================================================
----------------- testing Wed Aug 21 05:32:26 UTC 2019 /home/travis/build/icyphy/ptII/ptolemy/actor/lib/test/auto/SubscriberPortInitialValues1.xml
----------------- Instantiating /home/travis/build/icyphy/ptII/ptolemy/actor/lib/test/auto/SubscriberPortInitialValues1.xml
12 ms. Memory: 628736K Free: 239120K (38%)
----------------- Invoking toplevel() on ptolemy.moml.MoMLSimpleApplication@357c087
----------------- Done invoking toplevel() on ptolemy.moml.MoMLSimpleApplication@357c087
reloadAllAccessors: .SubscriberPortInitialValues1

===========================================================================================
----------------- testing Wed Aug 21 05:32:26 UTC 2019 /home/travis/build/icyphy/ptII/ptolemy/actor/lib/test/auto/SubscriberPortInitialValues13.xml
----------------- Instantiating /home/travis/build/icyphy/ptII/ptolemy/actor/lib/test/auto/SubscriberPortInitialValues13.xml
6 ms. Memory: 628736K Free: 226318K (36%)
----------------- Invoking toplevel() on ptolemy.moml.MoMLSimpleApplication@7c53fd61
----------------- Done invoking toplevel() on ptolemy.moml.MoMLSimpleApplication@7c53fd61
reloadAllAccessors: .SubscriberPortInitialValues13

===========================================================================================
----------------- testing Wed Aug 21 05:32:26 UTC 2019 /home/travis/build/icyphy/ptII/ptolemy/actor/lib/test/auto/SubscriberPortInitialValues14.xml
----------------- Instantiating /home/travis/build/icyphy/ptII/ptolemy/actor/lib/test/auto/SubscriberPortInitialValues14.xml
9 ms. Memory: 628736K Free: 218640K (35%)
----------------- Invoking toplevel() on ptolemy.moml.MoMLSimpleApplication@5d0a4612
----------------- Done invoking toplevel() on ptolemy.moml.MoMLSimpleApplication@5d0a4612
reloadAllAccessors: .SubscriberPortInitialValues14

===========================================================================================
----------------- testing Wed Aug 21 05:32:26 UTC 2019 /home/travis/build/icyphy/ptII/ptolemy/actor/lib/test/auto/SubscriberPortInitialValues2.xml
----------------- Instantiating /home/travis/build/icyphy/ptII/ptolemy/actor/lib/test/auto/SubscriberPortInitialValues2.xml
4 ms. Memory: 628736K Free: 577038K (92%)
----------------- Invoking toplevel() on ptolemy.moml.MoMLSimpleApplication@384c8c17
----------------- Done invoking toplevel() on ptolemy.moml.MoMLSimpleApplication@384c8c17
reloadAllAccessors: .SubscriberPortInitialValues2

===========================================================================================
----------------- testing Wed Aug 21 05:32:26 UTC 2019 /home/travis/build/icyphy/ptII/ptolemy/actor/lib/test/auto/SubscriberPortInitialValues3.xml
----------------- Instantiating /home/travis/build/icyphy/ptII/ptolemy/actor/lib/test/auto/SubscriberPortInitialValues3.xml
11 ms. Memory: 628736K Free: 565774K (90%)
----------------- Invoking toplevel() on ptolemy.moml.MoMLSimpleApplication@52367bf4
----------------- Done invoking toplevel() on ptolemy.moml.MoMLSimpleApplication@52367bf4
reloadAllAccessors: .SubscriberPortInitialValues3

===========================================================================================
----------------- testing Wed Aug 21 05:32:26 UTC 2019 /home/travis/build/icyphy/ptII/ptolemy/actor/lib/test/auto/SubscriptionAggregator.xml
----------------- Instantiating /home/travis/build/icyphy/ptII/ptolemy/actor/lib/test/auto/SubscriptionAggregator.xml
2 ms. Memory: 628736K Free: 559120K (89%)
----------------- Invoking toplevel() on ptolemy.moml.MoMLSimpleApplication@4fef24fd
----------------- Done invoking toplevel() on ptolemy.moml.MoMLSimpleApplication@4fef24fd
reloadAllAccessors: .SubscriptionAggregator

===========================================================================================
----------------- testing Wed Aug 21 05:32:26 UTC 2019 /home/travis/build/icyphy/ptII/ptolemy/actor/lib/test/auto/SubscriptionAggregator2.xml
----------------- Instantiating /home/travis/build/icyphy/ptII/ptolemy/actor/lib/test/auto/SubscriptionAggregator2.xml
2 ms. Memory: 628736K Free: 552455K (88%)
----------------- Invoking toplevel() on ptolemy.moml.MoMLSimpleApplication@6e9e5136
----------------- Done invoking toplevel() on ptolemy.moml.MoMLSimpleApplication@6e9e5136
reloadAllAccessors: .SubscriptionAggregator2

===========================================================================================
----------------- testing Wed Aug 21 05:32:26 UTC 2019 /home/travis/build/icyphy/ptII/ptolemy/actor/lib/test/auto/SubscriptionAggregator3.xml
----------------- Instantiating /home/travis/build/icyphy/ptII/ptolemy/actor/lib/test/auto/SubscriptionAggregator3.xml
4 ms. Memory: 628736K Free: 543760K (86%)
----------------- Invoking toplevel() on ptolemy.moml.MoMLSimpleApplication@4fab3ea7
----------------- Done invoking toplevel() on ptolemy.moml.MoMLSimpleApplication@4fab3ea7
reloadAllAccessors: .SubscriptionAggregator3

===========================================================================================
----------------- testing Wed Aug 21 05:32:26 UTC 2019 /home/travis/build/icyphy/ptII/ptolemy/actor/lib/test/auto/SubscriptionAggregatorMultiply.xml
----------------- Instantiating /home/travis/build/icyphy/ptII/ptolemy/actor/lib/test/auto/SubscriptionAggregatorMultiply.xml
16 ms. Memory: 628736K Free: 535568K (85%)
----------------- Invoking toplevel() on ptolemy.moml.MoMLSimpleApplication@13ded21a
----------------- Done invoking toplevel() on ptolemy.moml.MoMLSimpleApplication@13ded21a
reloadAllAccessors: .SubscriptionAggregatorMultiply

===========================================================================================
----------------- testing Wed Aug 21 05:32:27 UTC 2019 /home/travis/build/icyphy/ptII/ptolemy/actor/lib/test/auto/SubscriptionAggregatorPortMultiply1.xml
----------------- Instantiating /home/travis/build/icyphy/ptII/ptolemy/actor/lib/test/auto/SubscriptionAggregatorPortMultiply1.xml
5 ms. Memory: 628736K Free: 527376K (84%)
----------------- Invoking toplevel() on ptolemy.moml.MoMLSimpleApplication@6427d027
----------------- Done invoking toplevel() on ptolemy.moml.MoMLSimpleApplication@6427d027
reloadAllAccessors: .SubscriptionAggregatorPortMultiply1

===========================================================================================
----------------- testing Wed Aug 21 05:32:27 UTC 2019 /home/travis/build/icyphy/ptII/ptolemy/actor/lib/test/auto/Switch.xml
----------------- Instantiating /home/travis/build/icyphy/ptII/ptolemy/actor/lib/test/auto/Switch.xml
10 ms. Memory: 628736K Free: 518670K (82%)
----------------- Invoking toplevel() on ptolemy.moml.MoMLSimpleApplication@4c8324b7
----------------- Done invoking toplevel() on ptolemy.moml.MoMLSimpleApplication@4c8324b7
reloadAllAccessors: .Switch

===========================================================================================
----------------- testing Wed Aug 21 05:32:27 UTC 2019 /home/travis/build/icyphy/ptII/ptolemy/actor/lib/test/auto/Switch2.xml
----------------- Instantiating /home/travis/build/icyphy/ptII/ptolemy/actor/lib/test/auto/Switch2.xml
1 ms. Memory: 628736K Free: 514064K (82%)
----------------- Invoking toplevel() on ptolemy.moml.MoMLSimpleApplication@1d59f838
----------------- Done invoking toplevel() on ptolemy.moml.MoMLSimpleApplication@1d59f838
reloadAllAccessors: .Switch2

===========================================================================================
----------------- testing Wed Aug 21 05:32:27 UTC 2019 /home/travis/build/icyphy/ptII/ptolemy/actor/lib/test/auto/SwitchDE.xml
----------------- Instantiating /home/travis/build/icyphy/ptII/ptolemy/actor/lib/test/auto/SwitchDE.xml
4 ms. Memory: 628736K Free: 507920K (81%)
----------------- Invoking toplevel() on ptolemy.moml.MoMLSimpleApplication@78ef4275
----------------- Done invoking toplevel() on ptolemy.moml.MoMLSimpleApplication@78ef4275
reloadAllAccessors: .SwitchDE

===========================================================================================
----------------- testing Wed Aug 21 05:32:27 UTC 2019 /home/travis/build/icyphy/ptII/ptolemy/actor/lib/test/auto/SynchronizerDE.xml
----------------- Instantiating /home/travis/build/icyphy/ptII/ptolemy/actor/lib/test/auto/SynchronizerDE.xml
7 ms. Memory: 628736K Free: 499728K (79%)
----------------- Invoking toplevel() on ptolemy.moml.MoMLSimpleApplication@7f715581
----------------- Done invoking toplevel() on ptolemy.moml.MoMLSimpleApplication@7f715581
reloadAllAccessors: .SynchronizerDE

===========================================================================================
----------------- testing Wed Aug 21 05:32:27 UTC 2019 /home/travis/build/icyphy/ptII/ptolemy/actor/lib/test/auto/Test.xml
----------------- Instantiating /home/travis/build/icyphy/ptII/ptolemy/actor/lib/test/auto/Test.xml
2 ms. Memory: 628736K Free: 494608K (79%)
----------------- Invoking toplevel() on ptolemy.moml.MoMLSimpleApplication@697d4b99
----------------- Done invoking toplevel() on ptolemy.moml.MoMLSimpleApplication@697d4b99
reloadAllAccessors: .Test

===========================================================================================
----------------- testing Wed Aug 21 05:32:27 UTC 2019 /home/travis/build/icyphy/ptII/ptolemy/actor/lib/test/auto/TestExceptionAttribute1.xml
----------------- Instantiating /home/travis/build/icyphy/ptII/ptolemy/actor/lib/test/auto/TestExceptionAttribute1.xml
2 ms. Memory: 628736K Free: 491022K (78%)
----------------- Invoking toplevel() on ptolemy.moml.MoMLSimpleApplication@3949a342
----------------- Done invoking toplevel() on ptolemy.moml.MoMLSimpleApplication@3949a342
reloadAllAccessors: .TestExceptionAttribute1

===========================================================================================
----------------- testing Wed Aug 21 05:32:27 UTC 2019 /home/travis/build/icyphy/ptII/ptolemy/actor/lib/test/auto/TestExceptionAttribute2.xml
----------------- Instantiating /home/travis/build/icyphy/ptII/ptolemy/actor/lib/test/auto/TestExceptionAttribute2.xml
1 ms. Memory: 628736K Free: 486926K (77%)
----------------- Invoking toplevel() on ptolemy.moml.MoMLSimpleApplication@1d449234
----------------- Done invoking toplevel() on ptolemy.moml.MoMLSimpleApplication@1d449234
reloadAllAccessors: .TestExceptionAttribute2

===========================================================================================
----------------- testing Wed Aug 21 05:32:27 UTC 2019 /home/travis/build/icyphy/ptII/ptolemy/actor/lib/test/auto/TestExceptionAttribute3.xml
----------------- Instantiating /home/travis/build/icyphy/ptII/ptolemy/actor/lib/test/auto/TestExceptionAttribute3.xml
.TestExceptionAttribute3.TestExceptionAttribute: initialize() was not invoked, but wrapup() was.  This is unusual, but not always a problem.  For example, exporting JNLP will do this.
1 ms. Memory: 628736K Free: 483344K (77%)
----------------- Invoking toplevel() on ptolemy.moml.MoMLSimpleApplication@41ed564e
----------------- Done invoking toplevel() on ptolemy.moml.MoMLSimpleApplication@41ed564e
reloadAllAccessors: .TestExceptionAttribute3

===========================================================================================
----------------- testing Wed Aug 21 05:32:27 UTC 2019 /home/travis/build/icyphy/ptII/ptolemy/actor/lib/test/auto/TestExceptionAttribute4.xml
----------------- Instantiating /home/travis/build/icyphy/ptII/ptolemy/actor/lib/test/auto/TestExceptionAttribute4.xml
.TestExceptionAttribute4.TestExceptionAttribute: initialize() was not invoked, but wrapup() was.  This is unusual, but not always a problem.  For example, exporting JNLP will do this.
.TestExceptionAttribute4.TestExceptionAttribute2: initialize() was not invoked, but wrapup() was.  This is unusual, but not always a problem.  For example, exporting JNLP will do this.
0 ms. Memory: 628736K Free: 479248K (76%)
----------------- Invoking toplevel() on ptolemy.moml.MoMLSimpleApplication@2b2480ea
----------------- Done invoking toplevel() on ptolemy.moml.MoMLSimpleApplication@2b2480ea
reloadAllAccessors: .TestExceptionAttribute4

===========================================================================================
----------------- testing Wed Aug 21 05:32:27 UTC 2019 /home/travis/build/icyphy/ptII/ptolemy/actor/lib/test/auto/TestExceptionHandler1.xml
----------------- Instantiating /home/travis/build/icyphy/ptII/ptolemy/actor/lib/test/auto/TestExceptionHandler1.xml
1 ms. Memory: 628736K Free: 475662K (76%)
----------------- Invoking toplevel() on ptolemy.moml.MoMLSimpleApplication@2c853fcc
----------------- Done invoking toplevel() on ptolemy.moml.MoMLSimpleApplication@2c853fcc
reloadAllAccessors: .TestExceptionHandler1

===========================================================================================
----------------- testing Wed Aug 21 05:32:27 UTC 2019 /home/travis/build/icyphy/ptII/ptolemy/actor/lib/test/auto/TestExceptionHandler2.xml
----------------- Instantiating /home/travis/build/icyphy/ptII/ptolemy/actor/lib/test/auto/TestExceptionHandler2.xml
2 ms. Memory: 628736K Free: 472080K (75%)
----------------- Invoking toplevel() on ptolemy.moml.MoMLSimpleApplication@4441b311
----------------- Done invoking toplevel() on ptolemy.moml.MoMLSimpleApplication@4441b311
reloadAllAccessors: .TestExceptionHandler2

===========================================================================================
----------------- testing Wed Aug 21 05:32:27 UTC 2019 /home/travis/build/icyphy/ptII/ptolemy/actor/lib/test/auto/TestExceptionHandler3.xml
----------------- Instantiating /home/travis/build/icyphy/ptII/ptolemy/actor/lib/test/auto/TestExceptionHandler3.xml
0 ms. Memory: 628736K Free: 468494K (75%)
----------------- Invoking toplevel() on ptolemy.moml.MoMLSimpleApplication@274945f3
----------------- Done invoking toplevel() on ptolemy.moml.MoMLSimpleApplication@274945f3
reloadAllAccessors: .TestExceptionHandler3

===========================================================================================
----------------- testing Wed Aug 21 05:32:27 UTC 2019 /home/travis/build/icyphy/ptII/ptolemy/actor/lib/test/auto/TestExceptionHandler4.xml
----------------- Instantiating /home/travis/build/icyphy/ptII/ptolemy/actor/lib/test/auto/TestExceptionHandler4.xml
0 ms. Memory: 628736K Free: 463888K (74%)
----------------- Invoking toplevel() on ptolemy.moml.MoMLSimpleApplication@753c4adb
----------------- Done invoking toplevel() on ptolemy.moml.MoMLSimpleApplication@753c4adb
reloadAllAccessors: .TestExceptionHandler4

===========================================================================================
----------------- testing Wed Aug 21 05:32:27 UTC 2019 /home/travis/build/icyphy/ptII/ptolemy/actor/lib/test/auto/TestRequireCorrectOrder.xml
----------------- Instantiating /home/travis/build/icyphy/ptII/ptolemy/actor/lib/test/auto/TestRequireCorrectOrder.xml
9 ms. Memory: 628736K Free: 458768K (73%)
----------------- Invoking toplevel() on ptolemy.moml.MoMLSimpleApplication@3d4b10e3
----------------- Done invoking toplevel() on ptolemy.moml.MoMLSimpleApplication@3d4b10e3
reloadAllAccessors: .TestRequireCorrectOrder

===========================================================================================
----------------- testing Wed Aug 21 05:32:27 UTC 2019 /home/travis/build/icyphy/ptII/ptolemy/actor/lib/test/auto/TestSimple.xml
----------------- Instantiating /home/travis/build/icyphy/ptII/ptolemy/actor/lib/test/auto/TestSimple.xml
2 ms. Memory: 628736K Free: 454151K (72%)
----------------- Invoking toplevel() on ptolemy.moml.MoMLSimpleApplication@2e97a268
----------------- Done invoking toplevel() on ptolemy.moml.MoMLSimpleApplication@2e97a268
reloadAllAccessors: .TestSimple

===========================================================================================
----------------- testing Wed Aug 21 05:32:27 UTC 2019 /home/travis/build/icyphy/ptII/ptolemy/actor/lib/test/auto/ThrowModelError.xml
----------------- Instantiating /home/travis/build/icyphy/ptII/ptolemy/actor/lib/test/auto/ThrowModelError.xml
2 ms. Memory: 628736K Free: 449552K (72%)
----------------- Invoking toplevel() on ptolemy.moml.MoMLSimpleApplication@7196975d
----------------- Done invoking toplevel() on ptolemy.moml.MoMLSimpleApplication@7196975d
reloadAllAccessors: .ThrowModelError

===========================================================================================
----------------- testing Wed Aug 21 05:32:27 UTC 2019 /home/travis/build/icyphy/ptII/ptolemy/actor/lib/test/auto/TimeDelayMicrosteps.xml
----------------- Instantiating /home/travis/build/icyphy/ptII/ptolemy/actor/lib/test/auto/TimeDelayMicrosteps.xml
2 ms. Memory: 628736K Free: 442863K (70%)
----------------- Invoking toplevel() on ptolemy.moml.MoMLSimpleApplication@72558dd9
----------------- Done invoking toplevel() on ptolemy.moml.MoMLSimpleApplication@72558dd9
reloadAllAccessors: .TimeDelayMicrosteps

===========================================================================================
----------------- testing Wed Aug 21 05:32:27 UTC 2019 /home/travis/build/icyphy/ptII/ptolemy/actor/lib/test/auto/TimeDelayMicrosteps2.xml
----------------- Instantiating /home/travis/build/icyphy/ptII/ptolemy/actor/lib/test/auto/TimeDelayMicrosteps2.xml
4 ms. Memory: 628736K Free: 435216K (69%)
----------------- Invoking toplevel() on ptolemy.moml.MoMLSimpleApplication@36407cb5
----------------- Done invoking toplevel() on ptolemy.moml.MoMLSimpleApplication@36407cb5
reloadAllAccessors: .TimeDelayMicrosteps2

===========================================================================================
----------------- testing Wed Aug 21 05:32:27 UTC 2019 /home/travis/build/icyphy/ptII/ptolemy/actor/lib/test/auto/TimeDelayMicrosteps3.xml
----------------- Instantiating /home/travis/build/icyphy/ptII/ptolemy/actor/lib/test/auto/TimeDelayMicrosteps3.xml
4 ms. Memory: 628736K Free: 428527K (68%)
----------------- Invoking toplevel() on ptolemy.moml.MoMLSimpleApplication@1cbfcf68
----------------- Done invoking toplevel() on ptolemy.moml.MoMLSimpleApplication@1cbfcf68
reloadAllAccessors: .TimeDelayMicrosteps3

===========================================================================================
----------------- testing Wed Aug 21 05:32:27 UTC 2019 /home/travis/build/icyphy/ptII/ptolemy/actor/lib/test/auto/TimeDelayVariableMicrosteps.xml
----------------- Instantiating /home/travis/build/icyphy/ptII/ptolemy/actor/lib/test/auto/TimeDelayVariableMicrosteps.xml
3 ms. Memory: 628736K Free: 421902K (67%)
----------------- Invoking toplevel() on ptolemy.moml.MoMLSimpleApplication@2453cc2f
----------------- Done invoking toplevel() on ptolemy.moml.MoMLSimpleApplication@2453cc2f
reloadAllAccessors: .TimeDelayVariableMicrosteps

===========================================================================================
----------------- testing Wed Aug 21 05:32:27 UTC 2019 /home/travis/build/icyphy/ptII/ptolemy/actor/lib/test/auto/TimeGap.xml
----------------- Instantiating /home/travis/build/icyphy/ptII/ptolemy/actor/lib/test/auto/TimeGap.xml
4 ms. Memory: 628736K Free: 416784K (66%)
----------------- Invoking toplevel() on ptolemy.moml.MoMLSimpleApplication@34c2b2d9
----------------- Done invoking toplevel() on ptolemy.moml.MoMLSimpleApplication@34c2b2d9
reloadAllAccessors: .TimeGap

===========================================================================================
----------------- testing Wed Aug 21 05:32:27 UTC 2019 /home/travis/build/icyphy/ptII/ptolemy/actor/lib/test/auto/TimeGap2.xml
----------------- Instantiating /home/travis/build/icyphy/ptII/ptolemy/actor/lib/test/auto/TimeGap2.xml
13 ms. Memory: 628736K Free: 409616K (65%)
----------------- Invoking toplevel() on ptolemy.moml.MoMLSimpleApplication@354952e
----------------- Done invoking toplevel() on ptolemy.moml.MoMLSimpleApplication@354952e
reloadAllAccessors: .TimeGap2

===========================================================================================
----------------- testing Wed Aug 21 05:32:27 UTC 2019 /home/travis/build/icyphy/ptII/ptolemy/actor/lib/test/auto/TimedSinewave.xml
----------------- Instantiating /home/travis/build/icyphy/ptII/ptolemy/actor/lib/test/auto/TimedSinewave.xml
22 ms. Memory: 628736K Free: 395280K (63%)
----------------- Invoking toplevel() on ptolemy.moml.MoMLSimpleApplication@7f60ba9c
----------------- Done invoking toplevel() on ptolemy.moml.MoMLSimpleApplication@7f60ba9c
reloadAllAccessors: .TimedSinewave

===========================================================================================
----------------- testing Wed Aug 21 05:32:27 UTC 2019 /home/travis/build/icyphy/ptII/ptolemy/actor/lib/test/auto/TimedSinewavePhase.xml
----------------- Instantiating /home/travis/build/icyphy/ptII/ptolemy/actor/lib/test/auto/TimedSinewavePhase.xml
12 ms. Memory: 628736K Free: 385550K (61%)
----------------- Invoking toplevel() on ptolemy.moml.MoMLSimpleApplication@4c1ed395
----------------- Done invoking toplevel() on ptolemy.moml.MoMLSimpleApplication@4c1ed395
reloadAllAccessors: .TimedSinewavePhase

===========================================================================================
----------------- testing Wed Aug 21 05:32:27 UTC 2019 /home/travis/build/icyphy/ptII/ptolemy/actor/lib/test/auto/Timer.xml
----------------- Instantiating /home/travis/build/icyphy/ptII/ptolemy/actor/lib/test/auto/Timer.xml
2 ms. Memory: 628736K Free: 379920K (60%)
----------------- Invoking toplevel() on ptolemy.moml.MoMLSimpleApplication@38ecb21a
----------------- Done invoking toplevel() on ptolemy.moml.MoMLSimpleApplication@38ecb21a
reloadAllAccessors: .Timer

===========================================================================================
----------------- testing Wed Aug 21 05:32:27 UTC 2019 /home/travis/build/icyphy/ptII/ptolemy/actor/lib/test/auto/TriangularDistTestModel.xml
----------------- Instantiating /home/travis/build/icyphy/ptII/ptolemy/actor/lib/test/auto/TriangularDistTestModel.xml
2 ms. Memory: 628736K Free: 374255K (60%)
----------------- Invoking toplevel() on ptolemy.moml.MoMLSimpleApplication@11586f33
----------------- Done invoking toplevel() on ptolemy.moml.MoMLSimpleApplication@11586f33
reloadAllAccessors: .TriangularDistTestModel

===========================================================================================
----------------- testing Wed Aug 21 05:32:27 UTC 2019 /home/travis/build/icyphy/ptII/ptolemy/actor/lib/test/auto/TrigFunction.xml
----------------- Instantiating /home/travis/build/icyphy/ptII/ptolemy/actor/lib/test/auto/TrigFunction.xml
2 ms. Memory: 628736K Free: 369166K (59%)
----------------- Invoking toplevel() on ptolemy.moml.MoMLSimpleApplication@1c5ff69f
----------------- Done invoking toplevel() on ptolemy.moml.MoMLSimpleApplication@1c5ff69f
reloadAllAccessors: .TrigFunction

===========================================================================================
----------------- testing Wed Aug 21 05:32:27 UTC 2019 /home/travis/build/icyphy/ptII/ptolemy/actor/lib/test/auto/TrigFunctionDE.xml
----------------- Instantiating /home/travis/build/icyphy/ptII/ptolemy/actor/lib/test/auto/TrigFunctionDE.xml
2 ms. Memory: 628736K Free: 363536K (58%)
----------------- Invoking toplevel() on ptolemy.moml.MoMLSimpleApplication@2e9d7e6d
----------------- Done invoking toplevel() on ptolemy.moml.MoMLSimpleApplication@2e9d7e6d
reloadAllAccessors: .TrigFunctionDE

===========================================================================================
----------------- testing Wed Aug 21 05:32:27 UTC 2019 /home/travis/build/icyphy/ptII/ptolemy/actor/lib/test/auto/TrigFunctionInverse.xml
----------------- Instantiating /home/travis/build/icyphy/ptII/ptolemy/actor/lib/test/auto/TrigFunctionInverse.xml
2 ms. Memory: 628736K Free: 358416K (57%)
----------------- Invoking toplevel() on ptolemy.moml.MoMLSimpleApplication@1a7a62c3
----------------- Done invoking toplevel() on ptolemy.moml.MoMLSimpleApplication@1a7a62c3
reloadAllAccessors: .TrigFunctionInverse

===========================================================================================
----------------- testing Wed Aug 21 05:32:27 UTC 2019 /home/travis/build/icyphy/ptII/ptolemy/actor/lib/test/auto/TrigFunctionTan.xml
----------------- Instantiating /home/travis/build/icyphy/ptII/ptolemy/actor/lib/test/auto/TrigFunctionTan.xml
2 ms. Memory: 628736K Free: 354320K (56%)
----------------- Invoking toplevel() on ptolemy.moml.MoMLSimpleApplication@662f7f68
----------------- Done invoking toplevel() on ptolemy.moml.MoMLSimpleApplication@662f7f68
reloadAllAccessors: .TrigFunctionTan

===========================================================================================
----------------- testing Wed Aug 21 05:32:27 UTC 2019 /home/travis/build/icyphy/ptII/ptolemy/actor/lib/test/auto/TriggeredClock.xml
----------------- Instantiating /home/travis/build/icyphy/ptII/ptolemy/actor/lib/test/auto/TriggeredClock.xml
2 ms. Memory: 628736K Free: 348671K (55%)
----------------- Invoking toplevel() on ptolemy.moml.MoMLSimpleApplication@72cb8256
----------------- Done invoking toplevel() on ptolemy.moml.MoMLSimpleApplication@72cb8256
reloadAllAccessors: .TriggeredClock

===========================================================================================
----------------- testing Wed Aug 21 05:32:27 UTC 2019 /home/travis/build/icyphy/ptII/ptolemy/actor/lib/test/auto/URLDirectoryReader.xml
----------------- Instantiating /home/travis/build/icyphy/ptII/ptolemy/actor/lib/test/auto/URLDirectoryReader.xml
37 ms. Memory: 628736K Free: 338960K (54%)
----------------- Invoking toplevel() on ptolemy.moml.MoMLSimpleApplication@2696f338
----------------- Done invoking toplevel() on ptolemy.moml.MoMLSimpleApplication@2696f338
reloadAllAccessors: .URLDirectoryReader

===========================================================================================
----------------- testing Wed Aug 21 05:32:27 UTC 2019 /home/travis/build/icyphy/ptII/ptolemy/actor/lib/test/auto/URLDirectoryReader3.xml
----------------- Instantiating /home/travis/build/icyphy/ptII/ptolemy/actor/lib/test/auto/URLDirectoryReader3.xml
1230 ms. Memory: 628736K Free: 569872K (91%)
----------------- Invoking toplevel() on ptolemy.moml.MoMLSimpleApplication@6d24cf3a
----------------- Done invoking toplevel() on ptolemy.moml.MoMLSimpleApplication@6d24cf3a
reloadAllAccessors: .URLDirectoryReader3

===========================================================================================
----------------- testing Wed Aug 21 05:32:29 UTC 2019 /home/travis/build/icyphy/ptII/ptolemy/actor/lib/test/auto/UnaryMathFunction.xml
----------------- Instantiating /home/travis/build/icyphy/ptII/ptolemy/actor/lib/test/auto/UnaryMathFunction.xml
3 ms. Memory: 628736K Free: 562190K (89%)
----------------- Invoking toplevel() on ptolemy.moml.MoMLSimpleApplication@448e7457
----------------- Done invoking toplevel() on ptolemy.moml.MoMLSimpleApplication@448e7457
reloadAllAccessors: .UnaryMathFunction

===========================================================================================
----------------- testing Wed Aug 21 05:32:29 UTC 2019 /home/travis/build/icyphy/ptII/ptolemy/actor/lib/test/auto/Uniform.xml
----------------- Instantiating /home/travis/build/icyphy/ptII/ptolemy/actor/lib/test/auto/Uniform.xml
2 ms. Memory: 628736K Free: 557070K (89%)
----------------- Invoking toplevel() on ptolemy.moml.MoMLSimpleApplication@11b57ea1
----------------- Done invoking toplevel() on ptolemy.moml.MoMLSimpleApplication@11b57ea1
reloadAllAccessors: .Uniform

===========================================================================================
----------------- testing Wed Aug 21 05:32:29 UTC 2019 /home/travis/build/icyphy/ptII/ptolemy/actor/lib/test/auto/UnionDisassemblerTest.xml
----------------- Instantiating /home/travis/build/icyphy/ptII/ptolemy/actor/lib/test/auto/UnionDisassemblerTest.xml
16 ms. Memory: 628736K Free: 553488K (88%)
----------------- Invoking toplevel() on ptolemy.moml.MoMLSimpleApplication@68880ca5
----------------- Done invoking toplevel() on ptolemy.moml.MoMLSimpleApplication@68880ca5
reloadAllAccessors: .UnionDisassemblerTest

===========================================================================================
----------------- testing Wed Aug 21 05:32:29 UTC 2019 /home/travis/build/icyphy/ptII/ptolemy/actor/lib/test/auto/UtilityFunctions.xml
----------------- Instantiating /home/travis/build/icyphy/ptII/ptolemy/actor/lib/test/auto/UtilityFunctions.xml
1 ms. Memory: 628736K Free: 549392K (87%)
----------------- Invoking toplevel() on ptolemy.moml.MoMLSimpleApplication@77e96500
----------------- Done invoking toplevel() on ptolemy.moml.MoMLSimpleApplication@77e96500
reloadAllAccessors: .UtilityFunctions

===========================================================================================
----------------- testing Wed Aug 21 05:32:29 UTC 2019 /home/travis/build/icyphy/ptII/ptolemy/actor/lib/test/auto/VariableSleep.xml
----------------- Instantiating /home/travis/build/icyphy/ptII/ptolemy/actor/lib/test/auto/VariableSleep.xml
503 ms. Memory: 628736K Free: 544272K (87%)
----------------- Invoking toplevel() on ptolemy.moml.MoMLSimpleApplication@723e9cd0
----------------- Done invoking toplevel() on ptolemy.moml.MoMLSimpleApplication@723e9cd0
reloadAllAccessors: .VariableSleep

===========================================================================================
----------------- testing Wed Aug 21 05:32:29 UTC 2019 /home/travis/build/icyphy/ptII/ptolemy/actor/lib/test/auto/VectorAssemblerDisassemblerCT.xml
----------------- Instantiating /home/travis/build/icyphy/ptII/ptolemy/actor/lib/test/auto/VectorAssemblerDisassemblerCT.xml
93 ms. Memory: 628736K Free: 523792K (83%)
----------------- Invoking toplevel() on ptolemy.moml.MoMLSimpleApplication@474dbbda
----------------- Done invoking toplevel() on ptolemy.moml.MoMLSimpleApplication@474dbbda
reloadAllAccessors: .VectorAssemblerDisassemblerCT

===========================================================================================
----------------- testing Wed Aug 21 05:32:30 UTC 2019 /home/travis/build/icyphy/ptII/ptolemy/actor/lib/test/auto/VectorAssemblerDisassemblerDE.xml
----------------- Instantiating /home/travis/build/icyphy/ptII/ptolemy/actor/lib/test/auto/VectorAssemblerDisassemblerDE.xml
3 ms. Memory: 628736K Free: 516624K (82%)
----------------- Invoking toplevel() on ptolemy.moml.MoMLSimpleApplication@2a7b9345
----------------- Done invoking toplevel() on ptolemy.moml.MoMLSimpleApplication@2a7b9345
reloadAllAccessors: .VectorAssemblerDisassemblerDE

===========================================================================================
----------------- testing Wed Aug 21 05:32:30 UTC 2019 /home/travis/build/icyphy/ptII/ptolemy/actor/lib/test/auto/VectorAssemblerDisassemblerSDF.xml
----------------- Instantiating /home/travis/build/icyphy/ptII/ptolemy/actor/lib/test/auto/VectorAssemblerDisassemblerSDF.xml
5 ms. Memory: 628736K Free: 509966K (81%)
----------------- Invoking toplevel() on ptolemy.moml.MoMLSimpleApplication@5d7f8e76
----------------- Done invoking toplevel() on ptolemy.moml.MoMLSimpleApplication@5d7f8e76
reloadAllAccessors: .VectorAssemblerDisassemblerSDF

===========================================================================================
----------------- testing Wed Aug 21 05:32:30 UTC 2019 /home/travis/build/icyphy/ptII/ptolemy/actor/lib/test/auto/WallClockTime.xml
----------------- Instantiating /home/travis/build/icyphy/ptII/ptolemy/actor/lib/test/auto/WallClockTime.xml
1005 ms. Memory: 628736K Free: 504846K (80%)
----------------- Invoking toplevel() on ptolemy.moml.MoMLSimpleApplication@248e135
----------------- Done invoking toplevel() on ptolemy.moml.MoMLSimpleApplication@248e135
reloadAllAccessors: .WallClockTime

===========================================================================================
----------------- testing Wed Aug 21 05:32:31 UTC 2019 /home/travis/build/icyphy/ptII/ptolemy/actor/lib/test/auto/WidthTestWithSubscriberPublisher.xml
----------------- Instantiating /home/travis/build/icyphy/ptII/ptolemy/actor/lib/test/auto/WidthTestWithSubscriberPublisher.xml
8 ms. Memory: 628736K Free: 486928K (77%)
----------------- Invoking toplevel() on ptolemy.moml.MoMLSimpleApplication@ab05caf
----------------- Done invoking toplevel() on ptolemy.moml.MoMLSimpleApplication@ab05caf
reloadAllAccessors: .WidthTestWithSubscriberPublisher

===========================================================================================
----------------- testing Wed Aug 21 05:32:31 UTC 2019 /home/travis/build/icyphy/ptII/ptolemy/actor/lib/test/auto/WidthTestWithSubscriberPublisher2.xml
----------------- Instantiating /home/travis/build/icyphy/ptII/ptolemy/actor/lib/test/auto/WidthTestWithSubscriberPublisher2.xml
3 ms. Memory: 628736K Free: 480784K (76%)
----------------- Invoking toplevel() on ptolemy.moml.MoMLSimpleApplication@333825a3
----------------- Done invoking toplevel() on ptolemy.moml.MoMLSimpleApplication@333825a3
reloadAllAccessors: .WidthTestWithSubscriberPublisher2

===========================================================================================
----------------- testing Wed Aug 21 05:32:31 UTC 2019 /home/travis/build/icyphy/ptII/ptolemy/actor/lib/test/auto/WidthTestWithSubscriberPublisher3.xml
----------------- Instantiating /home/travis/build/icyphy/ptII/ptolemy/actor/lib/test/auto/WidthTestWithSubscriberPublisher3.xml
2 ms. Memory: 628736K Free: 475150K (76%)
----------------- Invoking toplevel() on ptolemy.moml.MoMLSimpleApplication@3e33b24e
----------------- Done invoking toplevel() on ptolemy.moml.MoMLSimpleApplication@3e33b24e
reloadAllAccessors: .WidthTestWithSubscriberPublisher3

===========================================================================================
----------------- testing Wed Aug 21 05:32:31 UTC 2019 /home/travis/build/icyphy/ptII/ptolemy/actor/lib/test/auto/Writer.xml
----------------- Instantiating /home/travis/build/icyphy/ptII/ptolemy/actor/lib/test/auto/Writer.xml
0
1
2
3
4
2 ms. Memory: 628736K Free: 471023K (75%)
----------------- Invoking toplevel() on ptolemy.moml.MoMLSimpleApplication@7412e80c
----------------- Done invoking toplevel() on ptolemy.moml.MoMLSimpleApplication@7412e80c
reloadAllAccessors: .Writer

===========================================================================================
----------------- testing Wed Aug 21 05:32:31 UTC 2019 /home/travis/build/icyphy/ptII/ptolemy/actor/lib/test/auto/array.xml
----------------- Instantiating /home/travis/build/icyphy/ptII/ptolemy/actor/lib/test/auto/array.xml
3 ms. Memory: 628736K Free: 465934K (74%)
----------------- Invoking toplevel() on ptolemy.moml.MoMLSimpleApplication@2261e
----------------- Done invoking toplevel() on ptolemy.moml.MoMLSimpleApplication@2261e
reloadAllAccessors: .array

===========================================================================================
----------------- testing Wed Aug 21 05:32:31 UTC 2019 /home/travis/build/icyphy/ptII/ptolemy/actor/lib/test/auto/array2.xml
----------------- Instantiating /home/travis/build/icyphy/ptII/ptolemy/actor/lib/test/auto/array2.xml
9 ms. Memory: 628736K Free: 460799K (73%)
----------------- Invoking toplevel() on ptolemy.moml.MoMLSimpleApplication@223d679f
----------------- Done invoking toplevel() on ptolemy.moml.MoMLSimpleApplication@223d679f
reloadAllAccessors: .array2

===========================================================================================
----------------- testing Wed Aug 21 05:32:31 UTC 2019 /home/travis/build/icyphy/ptII/ptolemy/actor/lib/test/auto/arrayType.xml
----------------- Instantiating /home/travis/build/icyphy/ptII/ptolemy/actor/lib/test/auto/arrayType.xml
2 ms. Memory: 628736K Free: 455694K (72%)
----------------- Invoking toplevel() on ptolemy.moml.MoMLSimpleApplication@315e7e24
----------------- Done invoking toplevel() on ptolemy.moml.MoMLSimpleApplication@315e7e24
reloadAllAccessors: .arrayType

===========================================================================================
----------------- testing Wed Aug 21 05:32:31 UTC 2019 /home/travis/build/icyphy/ptII/ptolemy/actor/lib/test/auto/arrayType10.xml
----------------- Instantiating /home/travis/build/icyphy/ptII/ptolemy/actor/lib/test/auto/arrayType10.xml
1 ms. Memory: 628736K Free: 450574K (72%)
----------------- Invoking toplevel() on ptolemy.moml.MoMLSimpleApplication@7b73c8b2
----------------- Done invoking toplevel() on ptolemy.moml.MoMLSimpleApplication@7b73c8b2
reloadAllAccessors: .arrayType10

===========================================================================================
----------------- testing Wed Aug 21 05:32:31 UTC 2019 /home/travis/build/icyphy/ptII/ptolemy/actor/lib/test/auto/arrayType11.xml
----------------- Instantiating /home/travis/build/icyphy/ptII/ptolemy/actor/lib/test/auto/arrayType11.xml
2 ms. Memory: 628736K Free: 445968K (71%)
----------------- Invoking toplevel() on ptolemy.moml.MoMLSimpleApplication@1cebcd1a
----------------- Done invoking toplevel() on ptolemy.moml.MoMLSimpleApplication@1cebcd1a
reloadAllAccessors: .arrayType11

===========================================================================================
----------------- testing Wed Aug 21 05:32:31 UTC 2019 /home/travis/build/icyphy/ptII/ptolemy/actor/lib/test/auto/arrayType12.xml
----------------- Instantiating /home/travis/build/icyphy/ptII/ptolemy/actor/lib/test/auto/arrayType12.xml
1 ms. Memory: 628736K Free: 441358K (70%)
----------------- Invoking toplevel() on ptolemy.moml.MoMLSimpleApplication@54cbcc23
----------------- Done invoking toplevel() on ptolemy.moml.MoMLSimpleApplication@54cbcc23
reloadAllAccessors: .arrayType12

===========================================================================================
----------------- testing Wed Aug 21 05:32:31 UTC 2019 /home/travis/build/icyphy/ptII/ptolemy/actor/lib/test/auto/arrayType13.xml
----------------- Instantiating /home/travis/build/icyphy/ptII/ptolemy/actor/lib/test/auto/arrayType13.xml
2 ms. Memory: 628736K Free: 435728K (69%)
----------------- Invoking toplevel() on ptolemy.moml.MoMLSimpleApplication@13cb6eaa
----------------- Done invoking toplevel() on ptolemy.moml.MoMLSimpleApplication@13cb6eaa
reloadAllAccessors: .arrayType13

===========================================================================================
----------------- testing Wed Aug 21 05:32:31 UTC 2019 /home/travis/build/icyphy/ptII/ptolemy/actor/lib/test/auto/arrayType14.xml
----------------- Instantiating /home/travis/build/icyphy/ptII/ptolemy/actor/lib/test/auto/arrayType14.xml
2 ms. Memory: 628736K Free: 430608K (68%)
----------------- Invoking toplevel() on ptolemy.moml.MoMLSimpleApplication@4798b1e3
----------------- Done invoking toplevel() on ptolemy.moml.MoMLSimpleApplication@4798b1e3
reloadAllAccessors: .arrayType14

===========================================================================================
----------------- testing Wed Aug 21 05:32:31 UTC 2019 /home/travis/build/icyphy/ptII/ptolemy/actor/lib/test/auto/arrayType15.xml
----------------- Instantiating /home/travis/build/icyphy/ptII/ptolemy/actor/lib/test/auto/arrayType15.xml
3 ms. Memory: 628736K Free: 425488K (68%)
----------------- Invoking toplevel() on ptolemy.moml.MoMLSimpleApplication@11e63501
----------------- Done invoking toplevel() on ptolemy.moml.MoMLSimpleApplication@11e63501
reloadAllAccessors: .arrayType15

===========================================================================================
----------------- testing Wed Aug 21 05:32:31 UTC 2019 /home/travis/build/icyphy/ptII/ptolemy/actor/lib/test/auto/arrayType16.xml
----------------- Instantiating /home/travis/build/icyphy/ptII/ptolemy/actor/lib/test/auto/arrayType16.xml
1 ms. Memory: 628736K Free: 419854K (67%)
----------------- Invoking toplevel() on ptolemy.moml.MoMLSimpleApplication@2ad0ddb4
----------------- Done invoking toplevel() on ptolemy.moml.MoMLSimpleApplication@2ad0ddb4
reloadAllAccessors: .arrayType16

===========================================================================================
----------------- testing Wed Aug 21 05:32:31 UTC 2019 /home/travis/build/icyphy/ptII/ptolemy/actor/lib/test/auto/arrayType17.xml
----------------- Instantiating /home/travis/build/icyphy/ptII/ptolemy/actor/lib/test/auto/arrayType17.xml
1 ms. Memory: 628736K Free: 414734K (66%)
----------------- Invoking toplevel() on ptolemy.moml.MoMLSimpleApplication@2a08f088
----------------- Done invoking toplevel() on ptolemy.moml.MoMLSimpleApplication@2a08f088
reloadAllAccessors: .arrayType17

===========================================================================================
----------------- testing Wed Aug 21 05:32:31 UTC 2019 /home/travis/build/icyphy/ptII/ptolemy/actor/lib/test/auto/arrayType18.xml
----------------- Instantiating /home/travis/build/icyphy/ptII/ptolemy/actor/lib/test/auto/arrayType18.xml
1 ms. Memory: 628736K Free: 410128K (65%)
----------------- Invoking toplevel() on ptolemy.moml.MoMLSimpleApplication@25cf49a4
----------------- Done invoking toplevel() on ptolemy.moml.MoMLSimpleApplication@25cf49a4
reloadAllAccessors: .arrayType18

===========================================================================================
----------------- testing Wed Aug 21 05:32:31 UTC 2019 /home/travis/build/icyphy/ptII/ptolemy/actor/lib/test/auto/arrayType19.xml
----------------- Instantiating /home/travis/build/icyphy/ptII/ptolemy/actor/lib/test/auto/arrayType19.xml
2 ms. Memory: 628736K Free: 405518K (64%)
----------------- Invoking toplevel() on ptolemy.moml.MoMLSimpleApplication@49735db8
----------------- Done invoking toplevel() on ptolemy.moml.MoMLSimpleApplication@49735db8
reloadAllAccessors: .arrayType19

===========================================================================================
----------------- testing Wed Aug 21 05:32:31 UTC 2019 /home/travis/build/icyphy/ptII/ptolemy/actor/lib/test/auto/arrayType2.xml
----------------- Instantiating /home/travis/build/icyphy/ptII/ptolemy/actor/lib/test/auto/arrayType2.xml
2 ms. Memory: 628736K Free: 400398K (64%)
----------------- Invoking toplevel() on ptolemy.moml.MoMLSimpleApplication@1cd2da9f
----------------- Done invoking toplevel() on ptolemy.moml.MoMLSimpleApplication@1cd2da9f
reloadAllAccessors: .arrayType2

===========================================================================================
----------------- testing Wed Aug 21 05:32:31 UTC 2019 /home/travis/build/icyphy/ptII/ptolemy/actor/lib/test/auto/arrayType20.xml
----------------- Instantiating /home/travis/build/icyphy/ptII/ptolemy/actor/lib/test/auto/arrayType20.xml
1 ms. Memory: 628736K Free: 395278K (63%)
----------------- Invoking toplevel() on ptolemy.moml.MoMLSimpleApplication@17e06213
----------------- Done invoking toplevel() on ptolemy.moml.MoMLSimpleApplication@17e06213
reloadAllAccessors: .arrayType20

===========================================================================================
----------------- testing Wed Aug 21 05:32:31 UTC 2019 /home/travis/build/icyphy/ptII/ptolemy/actor/lib/test/auto/arrayType21.xml
----------------- Instantiating /home/travis/build/icyphy/ptII/ptolemy/actor/lib/test/auto/arrayType21.xml
3 ms. Memory: 628736K Free: 390672K (62%)
----------------- Invoking toplevel() on ptolemy.moml.MoMLSimpleApplication@53ddc74e
----------------- Done invoking toplevel() on ptolemy.moml.MoMLSimpleApplication@53ddc74e
reloadAllAccessors: .arrayType21

===========================================================================================
----------------- testing Wed Aug 21 05:32:31 UTC 2019 /home/travis/build/icyphy/ptII/ptolemy/actor/lib/test/auto/arrayType22.xml
----------------- Instantiating /home/travis/build/icyphy/ptII/ptolemy/actor/lib/test/auto/arrayType22.xml
2 ms. Memory: 628736K Free: 385552K (61%)
----------------- Invoking toplevel() on ptolemy.moml.MoMLSimpleApplication@2d528aa5
----------------- Done invoking toplevel() on ptolemy.moml.MoMLSimpleApplication@2d528aa5
reloadAllAccessors: .arrayType22

===========================================================================================
----------------- testing Wed Aug 21 05:32:31 UTC 2019 /home/travis/build/icyphy/ptII/ptolemy/actor/lib/test/auto/arrayType23.xml
----------------- Instantiating /home/travis/build/icyphy/ptII/ptolemy/actor/lib/test/auto/arrayType23.xml
1 ms. Memory: 628736K Free: 380942K (61%)
----------------- Invoking toplevel() on ptolemy.moml.MoMLSimpleApplication@36bb8a08
----------------- Done invoking toplevel() on ptolemy.moml.MoMLSimpleApplication@36bb8a08
reloadAllAccessors: .arrayType23

===========================================================================================
----------------- testing Wed Aug 21 05:32:31 UTC 2019 /home/travis/build/icyphy/ptII/ptolemy/actor/lib/test/auto/arrayType24.xml
----------------- Instantiating /home/travis/build/icyphy/ptII/ptolemy/actor/lib/test/auto/arrayType24.xml
2 ms. Memory: 628736K Free: 376336K (60%)
----------------- Invoking toplevel() on ptolemy.moml.MoMLSimpleApplication@775eaa1f
----------------- Done invoking toplevel() on ptolemy.moml.MoMLSimpleApplication@775eaa1f
reloadAllAccessors: .arrayType24

===========================================================================================
----------------- testing Wed Aug 21 05:32:31 UTC 2019 /home/travis/build/icyphy/ptII/ptolemy/actor/lib/test/auto/arrayType25.xml
----------------- Instantiating /home/travis/build/icyphy/ptII/ptolemy/actor/lib/test/auto/arrayType25.xml
2 ms. Memory: 628736K Free: 370687K (59%)
----------------- Invoking toplevel() on ptolemy.moml.MoMLSimpleApplication@4febd458
----------------- Done invoking toplevel() on ptolemy.moml.MoMLSimpleApplication@4febd458
reloadAllAccessors: .arrayType25

===========================================================================================
----------------- testing Wed Aug 21 05:32:31 UTC 2019 /home/travis/build/icyphy/ptII/ptolemy/actor/lib/test/auto/arrayType26.xml
----------------- Instantiating /home/travis/build/icyphy/ptII/ptolemy/actor/lib/test/auto/arrayType26.xml
1 ms. Memory: 628736K Free: 365582K (58%)
----------------- Invoking toplevel() on ptolemy.moml.MoMLSimpleApplication@75d12568
----------------- Done invoking toplevel() on ptolemy.moml.MoMLSimpleApplication@75d12568
reloadAllAccessors: .arrayType26

===========================================================================================
----------------- testing Wed Aug 21 05:32:31 UTC 2019 /home/travis/build/icyphy/ptII/ptolemy/actor/lib/test/auto/arrayType27.xml
----------------- Instantiating /home/travis/build/icyphy/ptII/ptolemy/actor/lib/test/auto/arrayType27.xml
2 ms. Memory: 628736K Free: 360462K (57%)
----------------- Invoking toplevel() on ptolemy.moml.MoMLSimpleApplication@11d31141
----------------- Done invoking toplevel() on ptolemy.moml.MoMLSimpleApplication@11d31141
reloadAllAccessors: .arrayType27

===========================================================================================
----------------- testing Wed Aug 21 05:32:31 UTC 2019 /home/travis/build/icyphy/ptII/ptolemy/actor/lib/test/auto/arrayType28.xml
----------------- Instantiating /home/travis/build/icyphy/ptII/ptolemy/actor/lib/test/auto/arrayType28.xml
2 ms. Memory: 628736K Free: 354832K (56%)
----------------- Invoking toplevel() on ptolemy.moml.MoMLSimpleApplication@72376bb9
----------------- Done invoking toplevel() on ptolemy.moml.MoMLSimpleApplication@72376bb9
reloadAllAccessors: .arrayType28

===========================================================================================
----------------- testing Wed Aug 21 05:32:31 UTC 2019 /home/travis/build/icyphy/ptII/ptolemy/actor/lib/test/auto/arrayType3.xml
----------------- Instantiating /home/travis/build/icyphy/ptII/ptolemy/actor/lib/test/auto/arrayType3.xml
2 ms. Memory: 628736K Free: 349712K (56%)
----------------- Invoking toplevel() on ptolemy.moml.MoMLSimpleApplication@793c74e7
----------------- Done invoking toplevel() on ptolemy.moml.MoMLSimpleApplication@793c74e7
reloadAllAccessors: .arrayType3

===========================================================================================
----------------- testing Wed Aug 21 05:32:31 UTC 2019 /home/travis/build/icyphy/ptII/ptolemy/actor/lib/test/auto/arrayType4.xml
----------------- Instantiating /home/travis/build/icyphy/ptII/ptolemy/actor/lib/test/auto/arrayType4.xml
2 ms. Memory: 628736K Free: 344063K (55%)
----------------- Invoking toplevel() on ptolemy.moml.MoMLSimpleApplication@4d5be002
----------------- Done invoking toplevel() on ptolemy.moml.MoMLSimpleApplication@4d5be002
reloadAllAccessors: .arrayType4

===========================================================================================
----------------- testing Wed Aug 21 05:32:31 UTC 2019 /home/travis/build/icyphy/ptII/ptolemy/actor/lib/test/auto/arrayType5.xml
----------------- Instantiating /home/travis/build/icyphy/ptII/ptolemy/actor/lib/test/auto/arrayType5.xml
3 ms. Memory: 628736K Free: 338943K (54%)
----------------- Invoking toplevel() on ptolemy.moml.MoMLSimpleApplication@55cfae3e
----------------- Done invoking toplevel() on ptolemy.moml.MoMLSimpleApplication@55cfae3e
reloadAllAccessors: .arrayType5

===========================================================================================
----------------- testing Wed Aug 21 05:32:31 UTC 2019 /home/travis/build/icyphy/ptII/ptolemy/actor/lib/test/auto/arrayType6.xml
----------------- Instantiating /home/travis/build/icyphy/ptII/ptolemy/actor/lib/test/auto/arrayType6.xml
2 ms. Memory: 628736K Free: 334352K (53%)
----------------- Invoking toplevel() on ptolemy.moml.MoMLSimpleApplication@88266da
----------------- Done invoking toplevel() on ptolemy.moml.MoMLSimpleApplication@88266da
reloadAllAccessors: .arrayType6

===========================================================================================
----------------- testing Wed Aug 21 05:32:31 UTC 2019 /home/travis/build/icyphy/ptII/ptolemy/actor/lib/test/auto/arrayType7.xml
----------------- Instantiating /home/travis/build/icyphy/ptII/ptolemy/actor/lib/test/auto/arrayType7.xml
7 ms. Memory: 628736K Free: 329232K (52%)
----------------- Invoking toplevel() on ptolemy.moml.MoMLSimpleApplication@5acec28d
----------------- Done invoking toplevel() on ptolemy.moml.MoMLSimpleApplication@5acec28d
reloadAllAccessors: .arrayType7

===========================================================================================
----------------- testing Wed Aug 21 05:32:31 UTC 2019 /home/travis/build/icyphy/ptII/ptolemy/actor/lib/test/auto/arrayType8.xml
----------------- Instantiating /home/travis/build/icyphy/ptII/ptolemy/actor/lib/test/auto/arrayType8.xml
2 ms. Memory: 628736K Free: 324622K (52%)
----------------- Invoking toplevel() on ptolemy.moml.MoMLSimpleApplication@3ee70c2b
----------------- Done invoking toplevel() on ptolemy.moml.MoMLSimpleApplication@3ee70c2b
reloadAllAccessors: .arrayType8

===========================================================================================
----------------- testing Wed Aug 21 05:32:31 UTC 2019 /home/travis/build/icyphy/ptII/ptolemy/actor/lib/test/auto/arrayType9.xml
----------------- Instantiating /home/travis/build/icyphy/ptII/ptolemy/actor/lib/test/auto/arrayType9.xml
1 ms. Memory: 628736K Free: 320016K (51%)
----------------- Invoking toplevel() on ptolemy.moml.MoMLSimpleApplication@61294f50
----------------- Done invoking toplevel() on ptolemy.moml.MoMLSimpleApplication@61294f50
reloadAllAccessors: .arrayType9

===========================================================================================
----------------- testing Wed Aug 21 05:32:31 UTC 2019 /home/travis/build/icyphy/ptII/ptolemy/actor/lib/test/auto/cast.xml
----------------- Instantiating /home/travis/build/icyphy/ptII/ptolemy/actor/lib/test/auto/cast.xml
2 ms. Memory: 628736K Free: 314896K (50%)
----------------- Invoking toplevel() on ptolemy.moml.MoMLSimpleApplication@7808230e
----------------- Done invoking toplevel() on ptolemy.moml.MoMLSimpleApplication@7808230e
reloadAllAccessors: .cast

===========================================================================================
----------------- testing Wed Aug 21 05:32:31 UTC 2019 /home/travis/build/icyphy/ptII/ptolemy/actor/lib/test/auto/compositeMultiPort.xml
----------------- Instantiating /home/travis/build/icyphy/ptII/ptolemy/actor/lib/test/auto/compositeMultiPort.xml
3 ms. Memory: 628736K Free: 306175K (49%)
----------------- Invoking toplevel() on ptolemy.moml.MoMLSimpleApplication@678ef019
----------------- Done invoking toplevel() on ptolemy.moml.MoMLSimpleApplication@678ef019
reloadAllAccessors: .compositeMultiPort

===========================================================================================
----------------- testing Wed Aug 21 05:32:31 UTC 2019 /home/travis/build/icyphy/ptII/ptolemy/actor/lib/test/auto/expressionCastInference.xml
----------------- Instantiating /home/travis/build/icyphy/ptII/ptolemy/actor/lib/test/auto/expressionCastInference.xml
3 ms. Memory: 628736K Free: 301070K (48%)
----------------- Invoking toplevel() on ptolemy.moml.MoMLSimpleApplication@3fe533a3
----------------- Done invoking toplevel() on ptolemy.moml.MoMLSimpleApplication@3fe533a3
reloadAllAccessors: .expressionCastInference

===========================================================================================
----------------- testing Wed Aug 21 05:32:31 UTC 2019 /home/travis/build/icyphy/ptII/ptolemy/actor/lib/test/auto/expressionCastInference2.xml
----------------- Instantiating /home/travis/build/icyphy/ptII/ptolemy/actor/lib/test/auto/expressionCastInference2.xml
2 ms. Memory: 628736K Free: 296464K (47%)
----------------- Invoking toplevel() on ptolemy.moml.MoMLSimpleApplication@19be9bed
----------------- Done invoking toplevel() on ptolemy.moml.MoMLSimpleApplication@19be9bed
reloadAllAccessors: .expressionCastInference2

===========================================================================================
----------------- testing Wed Aug 21 05:32:31 UTC 2019 /home/travis/build/icyphy/ptII/ptolemy/actor/lib/test/auto/expressionInference.xml
----------------- Instantiating /home/travis/build/icyphy/ptII/ptolemy/actor/lib/test/auto/expressionInference.xml
1 ms. Memory: 628736K Free: 292368K (47%)
----------------- Invoking toplevel() on ptolemy.moml.MoMLSimpleApplication@6519be6a
----------------- Done invoking toplevel() on ptolemy.moml.MoMLSimpleApplication@6519be6a
reloadAllAccessors: .expressionInference

===========================================================================================
----------------- testing Wed Aug 21 05:32:31 UTC 2019 /home/travis/build/icyphy/ptII/ptolemy/actor/lib/test/auto/expression_bug.xml
----------------- Instantiating /home/travis/build/icyphy/ptII/ptolemy/actor/lib/test/auto/expression_bug.xml
1 ms. Memory: 628736K Free: 287758K (46%)
----------------- Invoking toplevel() on ptolemy.moml.MoMLSimpleApplication@475bcb66
----------------- Done invoking toplevel() on ptolemy.moml.MoMLSimpleApplication@475bcb66
reloadAllAccessors: .expression_bug

===========================================================================================
----------------- testing Wed Aug 21 05:32:31 UTC 2019 /home/travis/build/icyphy/ptII/ptolemy/actor/lib/test/auto/factorial.xml
----------------- Instantiating /home/travis/build/icyphy/ptII/ptolemy/actor/lib/test/auto/factorial.xml
44 ms. Memory: 628736K Free: 279566K (44%)
----------------- Invoking toplevel() on ptolemy.moml.MoMLSimpleApplication@3b7c7ea8
----------------- Done invoking toplevel() on ptolemy.moml.MoMLSimpleApplication@3b7c7ea8
reloadAllAccessors: .factorial

===========================================================================================
----------------- testing Wed Aug 21 05:32:31 UTC 2019 /home/travis/build/icyphy/ptII/ptolemy/actor/lib/test/auto/filterTest1.xml
----------------- Instantiating /home/travis/build/icyphy/ptII/ptolemy/actor/lib/test/auto/filterTest1.xml
3 ms. Memory: 628736K Free: 273936K (44%)
----------------- Invoking toplevel() on ptolemy.moml.MoMLSimpleApplication@68d5b355
----------------- Done invoking toplevel() on ptolemy.moml.MoMLSimpleApplication@68d5b355
reloadAllAccessors: .filterTest1

===========================================================================================
----------------- testing Wed Aug 21 05:32:31 UTC 2019 /home/travis/build/icyphy/ptII/ptolemy/actor/lib/test/auto/funcApplyInConst.xml
----------------- Instantiating /home/travis/build/icyphy/ptII/ptolemy/actor/lib/test/auto/funcApplyInConst.xml
1 ms. Memory: 628736K Free: 269840K (43%)
----------------- Invoking toplevel() on ptolemy.moml.MoMLSimpleApplication@15b543b7
----------------- Done invoking toplevel() on ptolemy.moml.MoMLSimpleApplication@15b543b7
reloadAllAccessors: .funcApplyInConst

===========================================================================================
----------------- testing Wed Aug 21 05:32:31 UTC 2019 /home/travis/build/icyphy/ptII/ptolemy/actor/lib/test/auto/funcApplyInExpr.xml
----------------- Instantiating /home/travis/build/icyphy/ptII/ptolemy/actor/lib/test/auto/funcApplyInExpr.xml
1 ms. Memory: 628736K Free: 266254K (42%)
----------------- Invoking toplevel() on ptolemy.moml.MoMLSimpleApplication@293bf8e4
----------------- Done invoking toplevel() on ptolemy.moml.MoMLSimpleApplication@293bf8e4
reloadAllAccessors: .funcApplyInExpr

===========================================================================================
----------------- testing Wed Aug 21 05:32:31 UTC 2019 /home/travis/build/icyphy/ptII/ptolemy/actor/lib/test/auto/function.xml
----------------- Instantiating /home/travis/build/icyphy/ptII/ptolemy/actor/lib/test/auto/function.xml
2 ms. Memory: 628736K Free: 261134K (42%)
----------------- Invoking toplevel() on ptolemy.moml.MoMLSimpleApplication@318da895
----------------- Done invoking toplevel() on ptolemy.moml.MoMLSimpleApplication@318da895
reloadAllAccessors: .function

===========================================================================================
----------------- testing Wed Aug 21 05:32:31 UTC 2019 /home/travis/build/icyphy/ptII/ptolemy/actor/lib/test/auto/function2.xml
----------------- Instantiating /home/travis/build/icyphy/ptII/ptolemy/actor/lib/test/auto/function2.xml
2 ms. Memory: 628736K Free: 256528K (41%)
----------------- Invoking toplevel() on ptolemy.moml.MoMLSimpleApplication@719a7117
----------------- Done invoking toplevel() on ptolemy.moml.MoMLSimpleApplication@719a7117
reloadAllAccessors: .function2

===========================================================================================
----------------- testing Wed Aug 21 05:32:31 UTC 2019 /home/travis/build/icyphy/ptII/ptolemy/actor/lib/test/auto/function3.xml
----------------- Instantiating /home/travis/build/icyphy/ptII/ptolemy/actor/lib/test/auto/function3.xml
1 ms. Memory: 628736K Free: 252942K (40%)
----------------- Invoking toplevel() on ptolemy.moml.MoMLSimpleApplication@a263414
----------------- Done invoking toplevel() on ptolemy.moml.MoMLSimpleApplication@a263414
reloadAllAccessors: .function3

===========================================================================================
----------------- testing Wed Aug 21 05:32:31 UTC 2019 /home/travis/build/icyphy/ptII/ptolemy/actor/lib/test/auto/functionClosureTest1.xml
----------------- Instantiating /home/travis/build/icyphy/ptII/ptolemy/actor/lib/test/auto/functionClosureTest1.xml
2 ms. Memory: 628736K Free: 246798K (39%)
----------------- Invoking toplevel() on ptolemy.moml.MoMLSimpleApplication@6e108aaa
----------------- Done invoking toplevel() on ptolemy.moml.MoMLSimpleApplication@6e108aaa
reloadAllAccessors: .functionClosureTest1

===========================================================================================
----------------- testing Wed Aug 21 05:32:31 UTC 2019 /home/travis/build/icyphy/ptII/ptolemy/actor/lib/test/auto/functionClosureTest2.xml
----------------- Instantiating /home/travis/build/icyphy/ptII/ptolemy/actor/lib/test/auto/functionClosureTest2.xml
1 ms. Memory: 628736K Free: 243216K (39%)
----------------- Invoking toplevel() on ptolemy.moml.MoMLSimpleApplication@67f55309
----------------- Done invoking toplevel() on ptolemy.moml.MoMLSimpleApplication@67f55309
reloadAllAccessors: .functionClosureTest2

===========================================================================================
----------------- testing Wed Aug 21 05:32:31 UTC 2019 /home/travis/build/icyphy/ptII/ptolemy/actor/lib/test/auto/functionClosureTest3.xml
----------------- Instantiating /home/travis/build/icyphy/ptII/ptolemy/actor/lib/test/auto/functionClosureTest3.xml
3 ms. Memory: 628736K Free: 237582K (38%)
----------------- Invoking toplevel() on ptolemy.moml.MoMLSimpleApplication@5abb7a61
----------------- Done invoking toplevel() on ptolemy.moml.MoMLSimpleApplication@5abb7a61
reloadAllAccessors: .functionClosureTest3

===========================================================================================
----------------- testing Wed Aug 21 05:32:31 UTC 2019 /home/travis/build/icyphy/ptII/ptolemy/actor/lib/test/auto/functionClosureTest4.xml
----------------- Instantiating /home/travis/build/icyphy/ptII/ptolemy/actor/lib/test/auto/functionClosureTest4.xml
5 ms. Memory: 628736K Free: 231438K (37%)
----------------- Invoking toplevel() on ptolemy.moml.MoMLSimpleApplication@4d21a3df
----------------- Done invoking toplevel() on ptolemy.moml.MoMLSimpleApplication@4d21a3df
reloadAllAccessors: .functionClosureTest4

===========================================================================================
----------------- testing Wed Aug 21 05:32:31 UTC 2019 /home/travis/build/icyphy/ptII/ptolemy/actor/lib/test/auto/functionClosureTest5.xml
----------------- Instantiating /home/travis/build/icyphy/ptII/ptolemy/actor/lib/test/auto/functionClosureTest5.xml
3 ms. Memory: 628736K Free: 226311K (36%)
----------------- Invoking toplevel() on ptolemy.moml.MoMLSimpleApplication@1453d7e1
----------------- Done invoking toplevel() on ptolemy.moml.MoMLSimpleApplication@1453d7e1
reloadAllAccessors: .functionClosureTest5

===========================================================================================
----------------- testing Wed Aug 21 05:32:31 UTC 2019 /home/travis/build/icyphy/ptII/ptolemy/actor/lib/test/auto/functionClosureTest6.xml
----------------- Instantiating /home/travis/build/icyphy/ptII/ptolemy/actor/lib/test/auto/functionClosureTest6.xml
2 ms. Memory: 628736K Free: 221191K (35%)
----------------- Invoking toplevel() on ptolemy.moml.MoMLSimpleApplication@3763951
----------------- Done invoking toplevel() on ptolemy.moml.MoMLSimpleApplication@3763951
reloadAllAccessors: .functionClosureTest6

===========================================================================================
----------------- testing Wed Aug 21 05:32:31 UTC 2019 /home/travis/build/icyphy/ptII/ptolemy/actor/lib/test/auto/functionsOnArcs.xml
----------------- Instantiating /home/travis/build/icyphy/ptII/ptolemy/actor/lib/test/auto/functionsOnArcs.xml
2 ms. Memory: 628736K Free: 216078K (34%)
----------------- Invoking toplevel() on ptolemy.moml.MoMLSimpleApplication@5d1f63a
----------------- Done invoking toplevel() on ptolemy.moml.MoMLSimpleApplication@5d1f63a
reloadAllAccessors: .functionsOnArcs

===========================================================================================
----------------- testing Wed Aug 21 05:32:31 UTC 2019 /home/travis/build/icyphy/ptII/ptolemy/actor/lib/test/auto/functionsOnArcsHOF.xml
----------------- Instantiating /home/travis/build/icyphy/ptII/ptolemy/actor/lib/test/auto/functionsOnArcsHOF.xml
5 ms. Memory: 628736K Free: 573456K (91%)
----------------- Invoking toplevel() on ptolemy.moml.MoMLSimpleApplication@51861436
----------------- Done invoking toplevel() on ptolemy.moml.MoMLSimpleApplication@51861436
reloadAllAccessors: .functionsOnArcsHOF

===========================================================================================
----------------- testing Wed Aug 21 05:32:32 UTC 2019 /home/travis/build/icyphy/ptII/ptolemy/actor/lib/test/auto/logic.xml
----------------- Instantiating /home/travis/build/icyphy/ptII/ptolemy/actor/lib/test/auto/logic.xml
2 ms. Memory: 628736K Free: 565774K (90%)
----------------- Invoking toplevel() on ptolemy.moml.MoMLSimpleApplication@5e1a4651
----------------- Done invoking toplevel() on ptolemy.moml.MoMLSimpleApplication@5e1a4651
reloadAllAccessors: .logic

===========================================================================================
----------------- testing Wed Aug 21 05:32:32 UTC 2019 /home/travis/build/icyphy/ptII/ptolemy/actor/lib/test/auto/matrixType.xml
----------------- Instantiating /home/travis/build/icyphy/ptII/ptolemy/actor/lib/test/auto/matrixType.xml
1 ms. Memory: 628736K Free: 560654K (89%)
----------------- Invoking toplevel() on ptolemy.moml.MoMLSimpleApplication@6419fdd7
----------------- Done invoking toplevel() on ptolemy.moml.MoMLSimpleApplication@6419fdd7
reloadAllAccessors: .matrixType

===========================================================================================
----------------- testing Wed Aug 21 05:32:32 UTC 2019 /home/travis/build/icyphy/ptII/ptolemy/actor/lib/test/auto/matrixType10.xml
----------------- Instantiating /home/travis/build/icyphy/ptII/ptolemy/actor/lib/test/auto/matrixType10.xml
2 ms. Memory: 628736K Free: 555534K (88%)
----------------- Invoking toplevel() on ptolemy.moml.MoMLSimpleApplication@234f674e
----------------- Done invoking toplevel() on ptolemy.moml.MoMLSimpleApplication@234f674e
reloadAllAccessors: .matrixType10

===========================================================================================
----------------- testing Wed Aug 21 05:32:32 UTC 2019 /home/travis/build/icyphy/ptII/ptolemy/actor/lib/test/auto/matrixType11.xml
----------------- Instantiating /home/travis/build/icyphy/ptII/ptolemy/actor/lib/test/auto/matrixType11.xml
1 ms. Memory: 628736K Free: 550928K (88%)
----------------- Invoking toplevel() on ptolemy.moml.MoMLSimpleApplication@518c6325
----------------- Done invoking toplevel() on ptolemy.moml.MoMLSimpleApplication@518c6325
reloadAllAccessors: .matrixType11

===========================================================================================
----------------- testing Wed Aug 21 05:32:32 UTC 2019 /home/travis/build/icyphy/ptII/ptolemy/actor/lib/test/auto/matrixType12.xml
----------------- Instantiating /home/travis/build/icyphy/ptII/ptolemy/actor/lib/test/auto/matrixType12.xml
2 ms. Memory: 628736K Free: 545808K (87%)
----------------- Invoking toplevel() on ptolemy.moml.MoMLSimpleApplication@749b969d
----------------- Done invoking toplevel() on ptolemy.moml.MoMLSimpleApplication@749b969d
reloadAllAccessors: .matrixType12

===========================================================================================
----------------- testing Wed Aug 21 05:32:32 UTC 2019 /home/travis/build/icyphy/ptII/ptolemy/actor/lib/test/auto/matrixType13.xml
----------------- Instantiating /home/travis/build/icyphy/ptII/ptolemy/actor/lib/test/auto/matrixType13.xml
2 ms. Memory: 628736K Free: 541198K (86%)
----------------- Invoking toplevel() on ptolemy.moml.MoMLSimpleApplication@3ad84572
----------------- Done invoking toplevel() on ptolemy.moml.MoMLSimpleApplication@3ad84572
reloadAllAccessors: .matrixType13

===========================================================================================
----------------- testing Wed Aug 21 05:32:32 UTC 2019 /home/travis/build/icyphy/ptII/ptolemy/actor/lib/test/auto/matrixType14.xml
----------------- Instantiating /home/travis/build/icyphy/ptII/ptolemy/actor/lib/test/auto/matrixType14.xml
1 ms. Memory: 628736K Free: 536078K (85%)
----------------- Invoking toplevel() on ptolemy.moml.MoMLSimpleApplication@7b043ca6
----------------- Done invoking toplevel() on ptolemy.moml.MoMLSimpleApplication@7b043ca6
reloadAllAccessors: .matrixType14

===========================================================================================
----------------- testing Wed Aug 21 05:32:32 UTC 2019 /home/travis/build/icyphy/ptII/ptolemy/actor/lib/test/auto/matrixType2.xml
----------------- Instantiating /home/travis/build/icyphy/ptII/ptolemy/actor/lib/test/auto/matrixType2.xml
2 ms. Memory: 628736K Free: 530958K (84%)
----------------- Invoking toplevel() on ptolemy.moml.MoMLSimpleApplication@2f2073a9
----------------- Done invoking toplevel() on ptolemy.moml.MoMLSimpleApplication@2f2073a9
reloadAllAccessors: .matrixType2

===========================================================================================
----------------- testing Wed Aug 21 05:32:32 UTC 2019 /home/travis/build/icyphy/ptII/ptolemy/actor/lib/test/auto/matrixType3.xml
----------------- Instantiating /home/travis/build/icyphy/ptII/ptolemy/actor/lib/test/auto/matrixType3.xml
4 ms. Memory: 628736K Free: 526352K (84%)
----------------- Invoking toplevel() on ptolemy.moml.MoMLSimpleApplication@5ec0b04a
----------------- Done invoking toplevel() on ptolemy.moml.MoMLSimpleApplication@5ec0b04a
reloadAllAccessors: .matrixType3

===========================================================================================
----------------- testing Wed Aug 21 05:32:32 UTC 2019 /home/travis/build/icyphy/ptII/ptolemy/actor/lib/test/auto/matrixType4.xml
----------------- Instantiating /home/travis/build/icyphy/ptII/ptolemy/actor/lib/test/auto/matrixType4.xml
2 ms. Memory: 628736K Free: 521232K (83%)
----------------- Invoking toplevel() on ptolemy.moml.MoMLSimpleApplication@28a8152f
----------------- Done invoking toplevel() on ptolemy.moml.MoMLSimpleApplication@28a8152f
reloadAllAccessors: .matrixType4

===========================================================================================
----------------- testing Wed Aug 21 05:32:32 UTC 2019 /home/travis/build/icyphy/ptII/ptolemy/actor/lib/test/auto/matrixType5.xml
----------------- Instantiating /home/travis/build/icyphy/ptII/ptolemy/actor/lib/test/auto/matrixType5.xml
2 ms. Memory: 628736K Free: 516622K (82%)
----------------- Invoking toplevel() on ptolemy.moml.MoMLSimpleApplication@5e76710d
----------------- Done invoking toplevel() on ptolemy.moml.MoMLSimpleApplication@5e76710d
reloadAllAccessors: .matrixType5

===========================================================================================
----------------- testing Wed Aug 21 05:32:32 UTC 2019 /home/travis/build/icyphy/ptII/ptolemy/actor/lib/test/auto/matrixType6.xml
----------------- Instantiating /home/travis/build/icyphy/ptII/ptolemy/actor/lib/test/auto/matrixType6.xml
2 ms. Memory: 628736K Free: 511502K (81%)
----------------- Invoking toplevel() on ptolemy.moml.MoMLSimpleApplication@27a645b7
----------------- Done invoking toplevel() on ptolemy.moml.MoMLSimpleApplication@27a645b7
reloadAllAccessors: .matrixType6

===========================================================================================
----------------- testing Wed Aug 21 05:32:32 UTC 2019 /home/travis/build/icyphy/ptII/ptolemy/actor/lib/test/auto/matrixType7.xml
----------------- Instantiating /home/travis/build/icyphy/ptII/ptolemy/actor/lib/test/auto/matrixType7.xml
2 ms. Memory: 628736K Free: 506896K (81%)
----------------- Invoking toplevel() on ptolemy.moml.MoMLSimpleApplication@4fea5c88
----------------- Done invoking toplevel() on ptolemy.moml.MoMLSimpleApplication@4fea5c88
reloadAllAccessors: .matrixType7

===========================================================================================
----------------- testing Wed Aug 21 05:32:32 UTC 2019 /home/travis/build/icyphy/ptII/ptolemy/actor/lib/test/auto/matrixType8.xml
----------------- Instantiating /home/travis/build/icyphy/ptII/ptolemy/actor/lib/test/auto/matrixType8.xml
1 ms. Memory: 628736K Free: 501776K (80%)
----------------- Invoking toplevel() on ptolemy.moml.MoMLSimpleApplication@348440fe
----------------- Done invoking toplevel() on ptolemy.moml.MoMLSimpleApplication@348440fe
reloadAllAccessors: .matrixType8

===========================================================================================
----------------- testing Wed Aug 21 05:32:32 UTC 2019 /home/travis/build/icyphy/ptII/ptolemy/actor/lib/test/auto/matrixType9.xml
----------------- Instantiating /home/travis/build/icyphy/ptII/ptolemy/actor/lib/test/auto/matrixType9.xml
1 ms. Memory: 628736K Free: 497166K (79%)
----------------- Invoking toplevel() on ptolemy.moml.MoMLSimpleApplication@741a51b0
----------------- Done invoking toplevel() on ptolemy.moml.MoMLSimpleApplication@741a51b0
reloadAllAccessors: .matrixType9

===========================================================================================
----------------- testing Wed Aug 21 05:32:32 UTC 2019 /home/travis/build/icyphy/ptII/ptolemy/actor/lib/test/auto/paraFunctest.xml
----------------- Instantiating /home/travis/build/icyphy/ptII/ptolemy/actor/lib/test/auto/paraFunctest.xml
2 ms. Memory: 628736K Free: 492560K (78%)
----------------- Invoking toplevel() on ptolemy.moml.MoMLSimpleApplication@24c88b92
----------------- Done invoking toplevel() on ptolemy.moml.MoMLSimpleApplication@24c88b92
reloadAllAccessors: .paraFunctest

===========================================================================================
----------------- testing Wed Aug 21 05:32:32 UTC 2019 /home/travis/build/icyphy/ptII/ptolemy/actor/lib/test/auto/paraFunctest2.xml
----------------- Instantiating /home/travis/build/icyphy/ptII/ptolemy/actor/lib/test/auto/paraFunctest2.xml
1 ms. Memory: 628736K Free: 487950K (78%)
----------------- Invoking toplevel() on ptolemy.moml.MoMLSimpleApplication@2cb0fec2
----------------- Done invoking toplevel() on ptolemy.moml.MoMLSimpleApplication@2cb0fec2
reloadAllAccessors: .paraFunctest2

===========================================================================================
----------------- testing Wed Aug 21 05:32:32 UTC 2019 /home/travis/build/icyphy/ptII/ptolemy/actor/lib/test/auto/parameterPassing.xml
----------------- Instantiating /home/travis/build/icyphy/ptII/ptolemy/actor/lib/test/auto/parameterPassing.xml
1 ms. Memory: 628736K Free: 483344K (77%)
----------------- Invoking toplevel() on ptolemy.moml.MoMLSimpleApplication@40b5775
----------------- Done invoking toplevel() on ptolemy.moml.MoMLSimpleApplication@40b5775
reloadAllAccessors: .parameterPassing

===========================================================================================
----------------- testing Wed Aug 21 05:32:32 UTC 2019 /home/travis/build/icyphy/ptII/ptolemy/actor/lib/test/auto/record.xml
----------------- Instantiating /home/travis/build/icyphy/ptII/ptolemy/actor/lib/test/auto/record.xml
1 ms. Memory: 628736K Free: 478734K (76%)
----------------- Invoking toplevel() on ptolemy.moml.MoMLSimpleApplication@7f9149d1
----------------- Done invoking toplevel() on ptolemy.moml.MoMLSimpleApplication@7f9149d1
reloadAllAccessors: .record

===========================================================================================
----------------- testing Wed Aug 21 05:32:32 UTC 2019 /home/travis/build/icyphy/ptII/ptolemy/actor/lib/test/auto/sizedarray1.xml
----------------- Instantiating /home/travis/build/icyphy/ptII/ptolemy/actor/lib/test/auto/sizedarray1.xml
2 ms. Memory: 628736K Free: 473104K (75%)
----------------- Invoking toplevel() on ptolemy.moml.MoMLSimpleApplication@3444f758
----------------- Done invoking toplevel() on ptolemy.moml.MoMLSimpleApplication@3444f758
reloadAllAccessors: .sizedarray1

===========================================================================================
----------------- testing Wed Aug 21 05:32:32 UTC 2019 /home/travis/build/icyphy/ptII/ptolemy/actor/lib/test/auto/sizedarray2.xml
----------------- Instantiating /home/travis/build/icyphy/ptII/ptolemy/actor/lib/test/auto/sizedarray2.xml
2 ms. Memory: 628736K Free: 467984K (74%)
----------------- Invoking toplevel() on ptolemy.moml.MoMLSimpleApplication@20bb8f8d
----------------- Done invoking toplevel() on ptolemy.moml.MoMLSimpleApplication@20bb8f8d
reloadAllAccessors: .sizedarray2

===========================================================================================
----------------- testing Wed Aug 21 05:32:32 UTC 2019 /home/travis/build/icyphy/ptII/ptolemy/actor/lib/test/auto/twoPublishers.xml
----------------- Instantiating /home/travis/build/icyphy/ptII/ptolemy/actor/lib/test/auto/twoPublishers.xml
7 ms. Memory: 628736K Free: 457744K (73%)
----------------- Invoking toplevel() on ptolemy.moml.MoMLSimpleApplication@6759fb0f
----------------- Done invoking toplevel() on ptolemy.moml.MoMLSimpleApplication@6759fb0f
reloadAllAccessors: .twoPublishers
AutoTests.java: About to close Vertx.
AutoTests.java: Vertx closed.
]]></system-out>
  <system-err><![CDATA[java.lang.RuntimeException: Execution failed
	at ptolemy.moml.MoMLSimpleApplication$UnloadThread.run(MoMLSimpleApplication.java:402)
Caused by: java.lang.RuntimeException: StringUtilities.exit() was called. Normally, we would exit here because Manager.exitAfterWrapup() was called.  However, because the ptolemy.ptII.exitAfterWrapup property is set, we throw this exception instead.
	at ptolemy.util.StringUtilities.exit(StringUtilities.java:365)
	at ptolemy.actor.Manager.wrapup(Manager.java:1549)
	at ptolemy.actor.Manager.execute(Manager.java:407)
	at ptolemy.actor.Manager.run(Manager.java:1263)
	at ptolemy.actor.Manager$PtolemyRunThread.run(Manager.java:1933)
Warning: '.top.test' is in training mode, set the trainingMode parameter to false before checking in
Warning: '.top.test' is in training mode, set the trainingMode parameter to false before checking in
Warning: '.top.test' is in training mode, set the trainingMode parameter to false before checking in
Warning: '.BooleanSwitch_RegressionTest_WrongTrainingValues.Test' is in training mode, set the trainingMode parameter to false before checking in
Warning: '.BooleanSwitch_RegressionTest_WrongTrainingValues.Test2' is in training mode, set the trainingMode parameter to false before checking in
Warning: '.BooleanSwitch_RegressionTest_WrongTrainingValues.Test2' The test produced 0 tokens.
Warning: '.top.testExceptionHandler' is in training mode, set the trainingMode parameter to false before checking in
java.lang.RuntimeException: Execution failed
	at ptolemy.moml.MoMLSimpleApplication$UnloadThread.run(MoMLSimpleApplication.java:402)
Caused by: ptolemy.kernel.util.IllegalActionException: PublisherPorts cannot be used at the top level, use a Publisher actor instead.
  in .PublisherPortToplevelSubscriber.PublisherPort
	at ptolemy.actor.PublisherPort.preinitialize(PublisherPort.java:403)
	at ptolemy.actor.CompositeActor.preinitialize(CompositeActor.java:1769)
	at ptolemy.actor.Manager.preinitializeAndResolveTypes(Manager.java:1040)
	at ptolemy.actor.Manager.initialize(Manager.java:710)
	at ptolemy.actor.Manager.execute(Manager.java:356)
	at ptolemy.actor.Manager.run(Manager.java:1263)
	at ptolemy.actor.Manager$PtolemyRunThread.run(Manager.java:1933)
java.lang.reflect.InvocationTargetException
	at java.base/jdk.internal.reflect.NativeConstructorAccessorImpl.newInstance0(Native Method)
	at java.base/jdk.internal.reflect.NativeConstructorAccessorImpl.newInstance(NativeConstructorAccessorImpl.java:62)
	at java.base/jdk.internal.reflect.DelegatingConstructorAccessorImpl.newInstance(DelegatingConstructorAccessorImpl.java:45)
	at java.base/java.lang.reflect.Constructor.newInstance(Constructor.java:490)
	at ptolemy.util.test.junit.AutoKnownFailedTests.RunModel(AutoKnownFailedTests.java:105)
	at java.base/jdk.internal.reflect.NativeMethodAccessorImpl.invoke0(Native Method)
	at java.base/jdk.internal.reflect.NativeMethodAccessorImpl.invoke(NativeMethodAccessorImpl.java:62)
	at java.base/jdk.internal.reflect.DelegatingMethodAccessorImpl.invoke(DelegatingMethodAccessorImpl.java:43)
	at java.base/java.lang.reflect.Method.invoke(Method.java:566)
	at org.junit.runners.model.FrameworkMethod$1.runReflectiveCall(FrameworkMethod.java:44)
	at org.junit.internal.runners.model.ReflectiveCallable.run(ReflectiveCallable.java:15)
	at org.junit.runners.model.FrameworkMethod.invokeExplosively(FrameworkMethod.java:41)
	at junitparams.internal.InvokeParameterisedMethod.evaluate(InvokeParameterisedMethod.java:102)
	at org.junit.internal.runners.statements.FailOnTimeout$1.run(FailOnTimeout.java:28)
Caused by: ptolemy.kernel.util.IllegalActionException: PublisherPorts cannot be used at the top level, use a Publisher actor instead.
  in .PublisherPortToplevelSubscriber.PublisherPort
	at ptolemy.actor.PublisherPort.preinitialize(PublisherPort.java:403)
	at ptolemy.actor.CompositeActor.preinitialize(CompositeActor.java:1769)
	at ptolemy.actor.Manager.preinitializeAndResolveTypes(Manager.java:1040)
	at ptolemy.actor.Manager.initialize(Manager.java:710)
	at ptolemy.actor.Manager.execute(Manager.java:356)
	at ptolemy.actor.Manager.run(Manager.java:1263)
	at ptolemy.actor.Manager$PtolemyRunThread.run(Manager.java:1933)
java.lang.RuntimeException: Execution failed
	at ptolemy.moml.MoMLSimpleApplication$UnloadThread.run(MoMLSimpleApplication.java:402)
Caused by: ptolemy.kernel.util.IllegalActionException: SubscriberPorts cannot be used at the top level, use a Subscriber actor instead.
  in .PublisherSubscriberPortToplevel.SubscriberPort
	at ptolemy.actor.SubscriberPort.preinitialize(SubscriberPort.java:328)
	at ptolemy.actor.CompositeActor.preinitialize(CompositeActor.java:1769)
	at ptolemy.actor.Manager.preinitializeAndResolveTypes(Manager.java:1040)
	at ptolemy.actor.Manager.initialize(Manager.java:710)
	at ptolemy.actor.Manager.execute(Manager.java:356)
	at ptolemy.actor.Manager.run(Manager.java:1263)
	at ptolemy.actor.Manager$PtolemyRunThread.run(Manager.java:1933)
java.lang.reflect.InvocationTargetException
	at java.base/jdk.internal.reflect.NativeConstructorAccessorImpl.newInstance0(Native Method)
	at java.base/jdk.internal.reflect.NativeConstructorAccessorImpl.newInstance(NativeConstructorAccessorImpl.java:62)
	at java.base/jdk.internal.reflect.DelegatingConstructorAccessorImpl.newInstance(DelegatingConstructorAccessorImpl.java:45)
	at java.base/java.lang.reflect.Constructor.newInstance(Constructor.java:490)
	at ptolemy.util.test.junit.AutoKnownFailedTests.RunModel(AutoKnownFailedTests.java:105)
	at java.base/jdk.internal.reflect.NativeMethodAccessorImpl.invoke0(Native Method)
	at java.base/jdk.internal.reflect.NativeMethodAccessorImpl.invoke(NativeMethodAccessorImpl.java:62)
	at java.base/jdk.internal.reflect.DelegatingMethodAccessorImpl.invoke(DelegatingMethodAccessorImpl.java:43)
	at java.base/java.lang.reflect.Method.invoke(Method.java:566)
	at org.junit.runners.model.FrameworkMethod$1.runReflectiveCall(FrameworkMethod.java:44)
	at org.junit.internal.runners.model.ReflectiveCallable.run(ReflectiveCallable.java:15)
	at org.junit.runners.model.FrameworkMethod.invokeExplosively(FrameworkMethod.java:41)
	at junitparams.internal.InvokeParameterisedMethod.evaluate(InvokeParameterisedMethod.java:102)
	at org.junit.internal.runners.statements.FailOnTimeout$1.run(FailOnTimeout.java:28)
Caused by: ptolemy.kernel.util.IllegalActionException: SubscriberPorts cannot be used at the top level, use a Subscriber actor instead.
  in .PublisherSubscriberPortToplevel.SubscriberPort
	at ptolemy.actor.SubscriberPort.preinitialize(SubscriberPort.java:328)
	at ptolemy.actor.CompositeActor.preinitialize(CompositeActor.java:1769)
	at ptolemy.actor.Manager.preinitializeAndResolveTypes(Manager.java:1040)
	at ptolemy.actor.Manager.initialize(Manager.java:710)
	at ptolemy.actor.Manager.execute(Manager.java:356)
	at ptolemy.actor.Manager.run(Manager.java:1263)
	at ptolemy.actor.Manager$PtolemyRunThread.run(Manager.java:1933)
java.lang.RuntimeException: Execution failed
	at ptolemy.moml.MoMLSimpleApplication$UnloadThread.run(MoMLSimpleApplication.java:402)
Caused by: ptolemy.kernel.util.IllegalActionException: SubscriptionAggregatorPorts cannot be used at the top level, use a SubscriptionAggregator actor instead.
  in .PublisherSubscriptionAggregatorPort.SubscriptionAggregatorPort
	at ptolemy.actor.SubscriptionAggregatorPort.preinitialize(SubscriptionAggregatorPort.java:353)
	at ptolemy.actor.CompositeActor.preinitialize(CompositeActor.java:1769)
	at ptolemy.actor.Manager.preinitializeAndResolveTypes(Manager.java:1040)
	at ptolemy.actor.Manager.initialize(Manager.java:710)
	at ptolemy.actor.Manager.execute(Manager.java:356)
	at ptolemy.actor.Manager.run(Manager.java:1263)
	at ptolemy.actor.Manager$PtolemyRunThread.run(Manager.java:1933)
java.lang.reflect.InvocationTargetException
	at java.base/jdk.internal.reflect.NativeConstructorAccessorImpl.newInstance0(Native Method)
	at java.base/jdk.internal.reflect.NativeConstructorAccessorImpl.newInstance(NativeConstructorAccessorImpl.java:62)
	at java.base/jdk.internal.reflect.DelegatingConstructorAccessorImpl.newInstance(DelegatingConstructorAccessorImpl.java:45)
	at java.base/java.lang.reflect.Constructor.newInstance(Constructor.java:490)
	at ptolemy.util.test.junit.AutoKnownFailedTests.RunModel(AutoKnownFailedTests.java:105)
	at java.base/jdk.internal.reflect.NativeMethodAccessorImpl.invoke0(Native Method)
	at java.base/jdk.internal.reflect.NativeMethodAccessorImpl.invoke(NativeMethodAccessorImpl.java:62)
	at java.base/jdk.internal.reflect.DelegatingMethodAccessorImpl.invoke(DelegatingMethodAccessorImpl.java:43)
	at java.base/java.lang.reflect.Method.invoke(Method.java:566)
	at org.junit.runners.model.FrameworkMethod$1.runReflectiveCall(FrameworkMethod.java:44)
	at org.junit.internal.runners.model.ReflectiveCallable.run(ReflectiveCallable.java:15)
	at org.junit.runners.model.FrameworkMethod.invokeExplosively(FrameworkMethod.java:41)
	at junitparams.internal.InvokeParameterisedMethod.evaluate(InvokeParameterisedMethod.java:102)
	at org.junit.internal.runners.statements.FailOnTimeout$1.run(FailOnTimeout.java:28)
Caused by: ptolemy.kernel.util.IllegalActionException: SubscriptionAggregatorPorts cannot be used at the top level, use a SubscriptionAggregator actor instead.
  in .PublisherSubscriptionAggregatorPort.SubscriptionAggregatorPort
	at ptolemy.actor.SubscriptionAggregatorPort.preinitialize(SubscriptionAggregatorPort.java:353)
	at ptolemy.actor.CompositeActor.preinitialize(CompositeActor.java:1769)
	at ptolemy.actor.Manager.preinitializeAndResolveTypes(Manager.java:1040)
	at ptolemy.actor.Manager.initialize(Manager.java:710)
	at ptolemy.actor.Manager.execute(Manager.java:356)
	at ptolemy.actor.Manager.run(Manager.java:1263)
	at ptolemy.actor.Manager$PtolemyRunThread.run(Manager.java:1933)
java.lang.RuntimeException: Execution failed
	at ptolemy.moml.MoMLSimpleApplication$UnloadThread.run(MoMLSimpleApplication.java:402)
Caused by: ptolemy.kernel.util.IllegalActionException: TypeTest actor has no training data.
  in .sizedarray3.TypeTest
	at ptolemy.actor.lib.TypeTest.initialize(TypeTest.java:250)
	at ptolemy.actor.Director.initialize(Director.java:938)
	at ptolemy.actor.Director.initialize(Director.java:907)
	at ptolemy.actor.sched.StaticSchedulingDirector.initialize(StaticSchedulingDirector.java:159)
	at ptolemy.domains.sdf.kernel.SDFDirector.initialize(SDFDirector.java:544)
	at ptolemy.actor.CompositeActor.initialize(CompositeActor.java:935)
	at ptolemy.actor.Manager.initialize(Manager.java:724)
	at ptolemy.actor.Manager.execute(Manager.java:356)
	at ptolemy.actor.Manager.run(Manager.java:1263)
	at ptolemy.actor.Manager$PtolemyRunThread.run(Manager.java:1933)
java.lang.reflect.InvocationTargetException
	at java.base/jdk.internal.reflect.NativeConstructorAccessorImpl.newInstance0(Native Method)
	at java.base/jdk.internal.reflect.NativeConstructorAccessorImpl.newInstance(NativeConstructorAccessorImpl.java:62)
	at java.base/jdk.internal.reflect.DelegatingConstructorAccessorImpl.newInstance(DelegatingConstructorAccessorImpl.java:45)
	at java.base/java.lang.reflect.Constructor.newInstance(Constructor.java:490)
	at ptolemy.util.test.junit.AutoKnownFailedTests.RunModel(AutoKnownFailedTests.java:105)
	at java.base/jdk.internal.reflect.NativeMethodAccessorImpl.invoke0(Native Method)
	at java.base/jdk.internal.reflect.NativeMethodAccessorImpl.invoke(NativeMethodAccessorImpl.java:62)
	at java.base/jdk.internal.reflect.DelegatingMethodAccessorImpl.invoke(DelegatingMethodAccessorImpl.java:43)
	at java.base/java.lang.reflect.Method.invoke(Method.java:566)
	at org.junit.runners.model.FrameworkMethod$1.runReflectiveCall(FrameworkMethod.java:44)
	at org.junit.internal.runners.model.ReflectiveCallable.run(ReflectiveCallable.java:15)
	at org.junit.runners.model.FrameworkMethod.invokeExplosively(FrameworkMethod.java:41)
	at junitparams.internal.InvokeParameterisedMethod.evaluate(InvokeParameterisedMethod.java:102)
	at org.junit.internal.runners.statements.FailOnTimeout$1.run(FailOnTimeout.java:28)
Caused by: ptolemy.kernel.util.IllegalActionException: TypeTest actor has no training data.
  in .sizedarray3.TypeTest
	at ptolemy.actor.lib.TypeTest.initialize(TypeTest.java:250)
	at ptolemy.actor.Director.initialize(Director.java:938)
	at ptolemy.actor.Director.initialize(Director.java:907)
	at ptolemy.actor.sched.StaticSchedulingDirector.initialize(StaticSchedulingDirector.java:159)
	at ptolemy.domains.sdf.kernel.SDFDirector.initialize(SDFDirector.java:544)
	at ptolemy.actor.CompositeActor.initialize(CompositeActor.java:935)
	at ptolemy.actor.Manager.initialize(Manager.java:724)
	at ptolemy.actor.Manager.execute(Manager.java:356)
	at ptolemy.actor.Manager.run(Manager.java:1263)
	at ptolemy.actor.Manager$PtolemyRunThread.run(Manager.java:1933)
ptolemy.kernel.util.InternalErrorException: Exec Stderr Gobbler-3: Failed while reading from java.lang.ProcessImpl$ProcessPipeInputStream@58a3fd8e. To avoid this, try setting the ignoreIOExceptionReadErrors parameter to true.null
  in .ExecEnvironment.Exec
Because:
Stream closed
	at ptolemy.actor.lib.Exec$_StreamReaderThread._read(Exec.java:762)
	at ptolemy.actor.lib.Exec$_StreamReaderThread.run(Exec.java:706)
Caused by: java.io.IOException: Stream closed
	at java.base/sun.nio.cs.StreamDecoder.ensureOpen(StreamDecoder.java:46)
	at java.base/sun.nio.cs.StreamDecoder.read(StreamDecoder.java:148)
	at java.base/java.io.InputStreamReader.read(InputStreamReader.java:185)
	at ptolemy.actor.lib.Exec$_StreamReaderThread._read(Exec.java:724)
	... 1 more
Caused by: java.io.IOException: Stream closed
	at java.base/sun.nio.cs.StreamDecoder.ensureOpen(StreamDecoder.java:46)
	at java.base/sun.nio.cs.StreamDecoder.read(StreamDecoder.java:148)
	at java.base/java.io.InputStreamReader.read(InputStreamReader.java:185)
	at ptolemy.actor.lib.Exec$_StreamReaderThread._read(Exec.java:724)
	at ptolemy.actor.lib.Exec$_StreamReaderThread.run(Exec.java:706)
java.lang.RuntimeException: Execution failed
	at ptolemy.moml.MoMLSimpleApplication$UnloadThread.run(MoMLSimpleApplication.java:402)
Caused by: ptolemy.kernel.util.IllegalActionException: Test fails in iteration 0.
Value was: 6001L. Should have been: 6000L
  in .ExecutionTimeSDF.NonStrictTest
	at ptolemy.actor.lib.NonStrictTest.postfire(NonStrictTest.java:328)
	at ptolemy.actor.AtomicActor.iterate(AtomicActor.java:518)
	at ptolemy.actor.sched.StaticSchedulingDirector.fire(StaticSchedulingDirector.java:216)
	at ptolemy.domains.sdf.kernel.SDFDirector.fire(SDFDirector.java:500)
	at ptolemy.actor.CompositeActor.fire(CompositeActor.java:455)
	at ptolemy.actor.Manager.iterate(Manager.java:851)
	at ptolemy.actor.Manager.execute(Manager.java:369)
	at ptolemy.actor.Manager.run(Manager.java:1263)
	at ptolemy.actor.Manager$PtolemyRunThread.run(Manager.java:1933)
]]></system-err>
</testsuite>
