<?xml version="1.0" encoding="UTF-8" ?>
<testsuite errors="0" failures="0" hostname="travis-job-0742284e-bf26-4898-8d1c-60c488fb28d1" name="ptolemy.actor.lib.test.junit.JUnitTclTest" skipped="0" tests="517" time="63.173" timestamp="2018-10-25T02:31:28">
  <properties>
    <property name="npm.executable" value="npm" />
    <property name="file.encoding.pkg" value="sun.io" />
    <property name="env.TRAVIS_ROOT" value="/" />
    <property name="ptII.mk.exists" value="true" />
    <property name="env.TRAVIS_APP_HOST" value="build.travis-ci.org" />
    <property name="env.rvm_bin_path" value="/home/travis/.rvm/bin" />
    <property name="java.home" value="/usr/lib/jvm/java-8-oracle/jre" />
    <property name="env.TRAVIS_JOB_NUMBER" value="794.8" />
    <property name="env.TRAVIS_HOME" value="/home/travis" />
    <property name="env.DISPLAY" value=":99.0" />
    <property name="java.net.preferIPv4Stack" value="true" />
    <property name="env.TRAVIS_INIT" value="upstart" />
    <property name="env.SSH_TTY" value="/dev/pts/0" />
    <property name="env.RUN_TESTS" value="false" />
    <property name="timeout.short" value="1000000" />
    <property name="env.TRAVIS_STACK_NODE_ATTRIBUTES" value="/.node-attributes.yml" />
    <property name="junit.formatter" value="xml" />
    <property name="java.endorsed.dirs" value="/usr/lib/jvm/java-8-oracle/jre/lib/endorsed" />
    <property name="env.TRAVIS_SUDO" value="true" />
    <property name="env.LOGNAME" value="travis" />
    <property name="env.PT_TRAVIS_TEST_CORE1_XML" value="true" />
    <property name="jsdoc.home" value="node_modules/@terraswarm/jsdoc" />
    <property name="debuglevel" value="source,lines,vars" />
    <property name="checkstyle.formatter" value="xml" />
    <property name="bin.vergil.makeable" value="true" />
    <property name="env._system_version" value="14.04" />
    <property name="sun.os.patch.level" value="unknown" />
    <property name="java.vendor.url" value="http://java.oracle.com/" />
    <property name="env.TRAVIS_BUILD_WEB_URL" value="https://travis-ci.org/icyphy/ptII/builds/445970209" />
    <property name="java.version" value="1.8.0_151" />
    <property name="env.TZ" value="UTC" />
    <property name="env.PT_NO_NET" value="true" />
    <property name="env.TRAVIS_PULL_REQUEST_SHA" value="" />
    <property name="env.TRAVIS_SECURE_ENV_VARS" value="true" />
    <property name="env._system_type" value="Linux" />
    <property name="java.vendor.url.bug" value="http://bugreport.sun.com/bugreport/" />
    <property name="env.SSH_CLIENT" value="10.10.19.236 43964 22" />
    <property name="npmjs-org-is-up" value="true" />
    <property name="env.GEM_HOME" value="/home/travis/.rvm/gems/ruby-2.4.1" />
    <property name="env.HAS_ANTARES_THREE_LITTLE_FRONZIES_BADGE" value="true" />
    <property name="env.PS4" value="+" />
    <property name="ant.project.invoked-targets" value="build,test.core1.xml" />
    <property name="env.TRAVIS_PULL_REQUEST_BRANCH" value="" />
    <property name="env.TRAVIS_REPO_SLUG" value="icyphy/ptII" />
    <property name="node.in.path" value="true" />
    <property name="java.maxmemory" value="1400m" />
    <property name="env.RUBY_VERSION" value="ruby-2.4.1" />
    <property name="user.name" value="travis" />
    <property name="env.LANG" value="en_US.UTF-8" />
    <property name="sun.io.unicode.encoding" value="UnicodeLittle" />
    <property name="sun.jnu.encoding" value="UTF-8" />
    <property name="java.runtime.name" value="Java(TM) SE Runtime Environment" />
    <property name="usefile" value="false" />
    <property name="return.code" value="0" />
    <property name="junit.single.formatter" value="plain" />
    <property name="env.DYLD_LIBRARY_PATH" value="/home/travis/pthla/certi-tools/lib:" />
    <property name="env.DEBIAN_FRONTEND" value="noninteractive" />
    <property name="env.SSH_CONNECTION" value="10.10.19.236 43964 10.20.0.204 22" />
    <property name="env.MYSQL_UNIX_PORT" value="/var/run/mysqld/mysqld.sock" />
    <property name="env.TRAVIS_ALLOW_FAILURE" value="false" />
    <property name="env.LC_ALL" value="en_US.UTF-8" />
    <property name="env.TRAVIS_JOB_WEB_URL" value="https://travis-ci.org/icyphy/ptII/jobs/445970217" />
    <property name="java.specification.name" value="Java Platform API Specification" />
    <property name="node.works" value="true" />
    <property name="user.timezone" value="" />
    <property name="path.separator" value=":" />
    <property name="env.TRAVIS_ENABLE_INFRA_DETECTION" value="true" />
    <property name="env.PYTHON_CFLAGS" value="-g -fstack-protector --param=ssp-buffer-size=4 -Wformat -Werror=format-security" />
    <property name="timeout.long" value="4000000" />
    <property name="env.CERTI_HOME" value="/home/travis/pthla/certi-tools" />
    <property name="file.encoding" value="UTF-8" />
    <property name="ant.file.ptII" value="/home/travis/build/icyphy/ptII/build.xml" />
    <property name="javadoc.packagenames" value="com.*,diva.*,lbnl.*,org.hlacerti.*,org.json.*,org.ptolemy.*,org.terraswarm.*,ptolemy.*,ptserver.*" />
    <property name="env.TRAVIS_PULL_REQUEST_SLUG" value="" />
    <property name="ant.project.default-target" value="build" />
    <property name="env.GIT_ASKPASS" value="echo" />
    <property name="env.HOME" value="/home/travis" />
    <property name="sun.java.command" value="org.apache.tools.ant.taskdefs.optional.junit.JUnitTestRunner ptolemy.actor.lib.test.junit.JUnitTclTest skipNonTests=false filtertrace=true haltOnError=false haltOnFailure=false formatter=org.apache.tools.ant.taskdefs.optional.junit.OutErrSummaryJUnitResultFormatter showoutput=true outputtoformatters=true logfailedtests=true threadid=0 logtestlistenerevents=false formatter=org.apache.tools.ant.taskdefs.optional.junit.XMLJUnitResultFormatter,/home/travis/build/icyphy/ptII/reports/junit/TEST-ptolemy.actor.lib.test.junit.JUnitTclTest.xml crashfile=/home/travis/build/icyphy/ptII/junitvmwatcher3622112887026325190.properties propsfile=/home/travis/build/icyphy/ptII/junit6820602929555092259.properties" />
    <property name="env.MANPATH" value="/home/travis/.nvm/versions/node/v7.10.1/share/man:/home/travis/.kiex/elixirs/elixir-1.4.5/man:/home/travis/.rvm/rubies/ruby-2.4.1/share/man:/usr/local/man:/usr/local/cmake-3.9.2/man:/usr/local/clang-5.0.0/share/man:/usr/local/share/man:/usr/share/man:/home/travis/.rvm/man" />
    <property name="env.COMPOSER_NO_INTERACTION" value="1" />
    <property name="env.JDK_SWITCHER_DEFAULT" value="oraclejdk8" />
    <property name="env.TRAVIS_TIMER_ID" value="071d0a5b" />
    <property name="ant.file" value="/home/travis/build/icyphy/ptII/build.xml" />
    <property name="env.TRAVIS_COMMIT_RANGE" value="f4a048072f351af2d4ce6363b40c40fabd42e61f...1030fb5ad331c35a74d153341617630674744da1" />
    <property name="env._system_name" value="Ubuntu" />
    <property name="timeout" value="2400000" />
    <property name="ptII.classpath.optional.property" value="/home/travis/build/icyphy/ptII/lib/bsh-2.0b4.jar:/home/travis/build/icyphy/ptII/lib/ptCal.jar:/home/travis/build/icyphy/ptII/lib/java_cup.jar:/home/travis/build/icyphy/ptII/lib/saxon8.jar:/home/travis/build/icyphy/ptII/lib/saxon8-dom.jar:/home/travis/build/icyphy/ptII/lib/chic.jar:/home/travis/build/icyphy/ptII/lib/ptcolt.jar:/usr/lib/jvm/java-8-oracle/lib/tools.jar:/usr/lib/eclipse/plugins/org.eclipse.jdt.core_3.8.2.dist.jar:/usr/lib/eclipse/plugins/org.eclipse.core.runtime_3.8.0.dist.jar:/usr/lib/eclipse/plugins/org.eclipse.osgi_3.8.1.dist.jar:/usr/lib/eclipse/plugins/org.eclipse.core.resources_3.8.1.dist.jar:/usr/lib/eclipse/plugins/org.eclipse.equinox.common_3.6.100.dist.jar:/usr/lib/eclipse/plugins/org.eclipse.core.jobs_3.5.200.dist.jar:/usr/lib/eclipse/plugins/org.eclipse.core.contenttype_3.4.200.dist.jar:/usr/lib/eclipse/plugins/org.eclipse.equinox.preferences_3.5.0.dist.jar:/usr/lib/eclipse/plugins/org.eclipse.text_3.5.200.dist.jar:/usr/lib/eclipse/plugins/org.eclipse.ui.workbench_3.8.1.dist.jar:/usr/lib/eclipse/plugins/org.eclipse.jface_3.8.0.dist.jar:/usr/lib/eclipse/plugins/org.eclipse.swt_3.8.2.jar:/usr/lib/eclipse/plugins/org.eclipse.jface.text_3.8.1.dist.jar:/usr/lib/eclipse/plugins/org.eclipse.ui.workbench.texteditor_3.8.0.dist.jar:/usr/lib/eclipse/plugins/org.eclipse.ui.editors_3.8.0.dist.jar:/usr/lib/eclipse/plugins/org.eclipse.core.commands_3.6.1.dist.jar:/usr/lib/eclipse/plugins/org.eclipse.equinox.registry_3.5.200.dist.jar:/usr/lib/eclipse/plugins/org.eclipse.ui.console_3.5.100.dist.jar:/usr/lib/eclipse/plugins/org.eclipse.ui.forms_3.5.200.dist.jar:/usr/lib/eclipse/plugins/org.eclipse.ui.ide_3.8.1.dist.jar:/home/travis/build/icyphy/ptII/vendors/oracle/dbxml.jar:/home/travis/build/icyphy/ptII/vendors/oracle/db.jar:/home/travis/build/icyphy/ptII/vendors/misc/itext/iText.jar:/home/travis/build/icyphy/ptII/lib/g4ltl.jar:/home/travis/build/icyphy/ptII/lib/StructuralCoder.jar:/home/travis/build/icyphy/ptII/lib/org-openide-util.jar:/home/travis/build/icyphy/ptII/lib/org-openide-util-lookup.jar:/home/travis/build/icyphy/ptII/lib/org-netbeans-api-visual.jar:/home/travis/build/icyphy/ptII/vendors/jai-1_1_2_01/lib/jai_core.jar:/home/travis/build/icyphy/ptII/vendors/jai-1_1_2_01/lib/jai_codec.jar:/home/travis/build/icyphy/ptII/lib/jcerti.jar:/home/travis/build/icyphy/ptII/lib/smack.jar:/home/travis/build/icyphy/ptII/lib/smackx.jar:/home/travis/build/icyphy/ptII/lib/jetty-all-8.1.5-v20120716.jar:/home/travis/build/icyphy/ptII/lib/javax.servlet-api-3.0.1.jar:/home/travis/build/icyphy/ptII/lib/javax.mail.jar:/home/travis/build/icyphy/ptII/vendors/JMF-2.1.1e/lib/jmf.jar:/home/travis/build/icyphy/ptII/lib/jna-4.0.0-variadic.jar:/home/travis/build/icyphy/ptII/vendors/misc/joystick/Joystick.jar:/home/travis/build/icyphy/ptII/lib/ptjacl.jar:/home/travis/build/icyphy/ptII/lib/jsoup-1.8.2.jar:/home/travis/build/icyphy/ptII/lib/junit-4.8.2.jar:/home/travis/build/icyphy/ptII/lib/JUnitParams-0.4.0.jar:/home/travis/build/icyphy/ptII/ptolemy/actor/lib/excel/jxl.jar:/home/travis/build/icyphy/ptII/lib/jython.jar:/home/travis/build/icyphy/ptII/lib/kieler.jar:/home/travis/build/icyphy/ptII/vendors/opencv/share/OpenCV/java/opencv-341.jar:/home/travis/build/icyphy/ptII/lib/oscP5.jar:/home/travis/build/icyphy/ptII/lib/nrjavaserial-3.11.0.devel.jar:/home/travis/build/icyphy/ptII/vendors/j3d/lib/j3dcore.jar:/home/travis/build/icyphy/ptII/vendors/j3d/lib/j3dutils.jar:/home/travis/build/icyphy/ptII/vendors/j3d/lib/vecmath.jar:/home/travis/build/icyphy/ptII/ptolemy/distributed/jini/jar/jini-core.jar:/home/travis/build/icyphy/ptII/ptolemy/distributed/jini/jar/jini-ext.jar:/home/travis/build/icyphy/ptII/ptolemy/distributed/jini/jar/sun-util.jar:/home/travis/build/icyphy/ptII/lib/protobuf-java-2.4.1.jar:/home/travis/build/icyphy/ptII/lib/org.eclipse.paho.client.mqttv3.jar:/home/travis/build/icyphy/ptII/ptserver/lib/hessian-4.0.7.jar:/home/travis/build/icyphy/ptII/ptserver/lib/wmqtt.jar:/home/travis/build/icyphy/ptII/lib/mapss.jar:/home/travis/build/icyphy/ptII/ptolemy/actor/ptalon/antlr/antlr.jar:/home/travis/build/icyphy/ptII/lib/JRI.jar:/home/travis/build/icyphy/ptII/lib/commons-lang-2.6.jar:/home/travis/build/icyphy/ptII/lib/commons-logging-1.1.1.jar:/home/travis/build/icyphy/ptII/lib/sootclasses.jar:/home/travis/build/icyphy/ptII/ptolemy/actor/lib/database/mysql-connector-java-5.1.6-bin.jar:/home/travis/build/icyphy/ptII/vendors/misc/sphinx4/sphinx4-data-5prealpha.jar:/home/travis/build/icyphy/ptII/vendors/misc/sphinx4/sphinx4-core-5prealpha.jar:/home/travis/build/icyphy/ptII/lib/PDFRenderer.jar:/home/travis/build/icyphy/ptII/lib/svgSalamander.jar:/home/travis/build/icyphy/ptII/lib/rsyntaxtextarea-2.6.0-SNAPSHOT.jar:/home/travis/build/icyphy/ptII/lib/hazelcast-3.8.2.jar:/home/travis/build/icyphy/ptII/lib/jackson-annotations-2.9.0.jar:/home/travis/build/icyphy/ptII/lib/jackson-core-2.9.3.jar:/home/travis/build/icyphy/ptII/lib/jackson-databind-2.9.3.jar:/home/travis/build/icyphy/ptII/lib/netty-buffer-4.1.19.Final.jar:/home/travis/build/icyphy/ptII/lib/netty-codec-4.1.19.Final.jar:/home/travis/build/icyphy/ptII/lib/netty-codec-dns-4.1.19.Final.jar:/home/travis/build/icyphy/ptII/lib/netty-codec-http-4.1.19.Final.jar:/home/travis/build/icyphy/ptII/lib/netty-codec-http2-4.1.19.Final.jar:/home/travis/build/icyphy/ptII/lib/netty-common-4.1.19.Final.jar:/home/travis/build/icyphy/ptII/lib/netty-handler-4.1.19.Final.jar:/home/travis/build/icyphy/ptII/lib/netty-resolver-4.1.19.Final.jar:/home/travis/build/icyphy/ptII/lib/netty-resolver-dns-4.1.19.Final.jar:/home/travis/build/icyphy/ptII/lib/netty-transport-4.1.19.Final.jar:/home/travis/build/icyphy/ptII/lib/vertx-codegen-3.5.1.jar:/home/travis/build/icyphy/ptII/lib/vertx-core-3.5.2-SNAPSHOT.jar:/home/travis/build/icyphy/ptII/lib/vertx-hazelcast-3.5.1.jar:/home/travis/build/icyphy/ptII/lib/vertx-lang-js-3.5.1.jar:/home/travis/build/icyphy/ptII/lib/vertx-service-proxy-3.5.1.jar:/home/travis/build/icyphy/ptII/lib/vertx-web-3.5.1.jar:/home/travis/build/icyphy/ptII/lib/slf4j-api-1.7.13.jar:/home/travis/build/icyphy/ptII/lib/slf4j-simple-1.7.13.jar:/home/travis/build/icyphy/ptII/lib/webcam-capture-0.3.12.jar:/home/travis/build/icyphy/ptII/lib/bridj-0.7.0.jar:/home/travis/build/icyphy/ptII/lib/xbjlib-1.1.0.nrjavaserial.jar" />
    <property name="test.batch" value="**/junit/*.java" />
    <property name="env._" value="/usr/bin/timeout" />
    <property name="java.io.tmpdir" value="/tmp" />
    <property name="env.TRAVIS_INTERNAL_RUBY_REGEX" value="^ruby-(2\.[0-2]\.[0-9]|1\.9\.3)" />
    <property name="user.language" value="en" />
    <property name="env.HISTCONTROL" value="ignoredups:ignorespace" />
    <property name="env.GOROOT" value="/home/travis/.gimme/versions/go1.7.4.linux.amd64" />
    <property name="line.separator" value="&#xa;" />
    <property name="target" value="1.8" />
    <property name="env.TRAVIS_BUILD_DIR" value="/home/travis/build/icyphy/ptII" />
    <property name="env.ANT_OPTS" value="-Xmx2048m" />
    <property name="ant.file.type" value="file" />
    <property name="ptolemy.ptII.batchMode" value="true" />
    <property name="env.HISTSIZE" value="1000" />
    <property name="env.MERB_ENV" value="test" />
    <property name="java.vm.info" value="mixed mode" />
    <property name="source" value="1.8" />
    <property name="java.vm.specification.name" value="Java Virtual Machine Specification" />
    <property name="env.TRAVIS_TEST_RESULT" value="0" />
    <property name="jsdoc.command" value="node_modules/@terraswarm/jsdoc/jsdoc.js" />
    <property name="npm.works" value="true" />
    <property name="cobertura.dir" value="/home/travis/build/icyphy/ptII/vendors/cobertura-2.0.3" />
    <property name="env.rvm_path" value="/home/travis/.rvm" />
    <property name="env.GEM_PATH" value="/home/travis/.rvm/gems/ruby-2.4.1:/home/travis/.rvm/gems/ruby-2.4.1@global" />
    <property name="env.LC_CTYPE" value="en_US.UTF-8" />
    <property name="java.awt.printerjob" value="sun.print.PSPrinterJob" />
    <property name="env.TRAVIS_CMD" value="$PTII/bin/ptIITravisBuild.sh $SECONDS" />
    <property name="env.TRAVIS_STACK_NAME" value="garnet" />
    <property name="env.TRAVIS_TIMER_START_TIME" value="1540434327039228553" />
    <property name="ant.version" value="Apache Ant(TM) version 1.10.1 compiled on February 2 2017" />
    <property name="ptII.reports" value="/home/travis/build/icyphy/ptII/reports" />
    <property name="env.TRAVIS_STACK_TIMESTAMP" value="2017-12-05 19:33:09 UTC" />
    <property name="ant.file.type.ptII" value="file" />
    <property name="env.RBENV_SHELL" value="bash" />
    <property name="os.name" value="Linux" />
    <property name="java.specification.vendor" value="Oracle Corporation" />
    <property name="env.rvm_version" value="1.29.3 (latest)" />
    <property name="env.TRAVIS_INFRA" value="gce" />
    <property name="env.TERM" value="xterm" />
    <property name="java.vm.name" value="Java HotSpot(TM) 64-Bit Server VM" />
    <property name="env.TRAVIS_BUILD_NUMBER" value="794" />
    <property name="env.CI" value="true" />
    <property name="java.library.path" value="/home/travis/pthla/certi-tools/lib:/usr/lib/jni:/usr/local/share/OpenCV/java/:/usr/share/OpenCV/java::/usr/java/packages/lib/amd64:/usr/lib64:/lib64:/lib:/usr/lib" />
    <property name="env.rvm_prefix" value="/home/travis" />
    <property name="env.PATH" value="/home/travis/pthla/certi-tools/share/scripts:/home/travis/.rvm/gems/ruby-2.4.1/bin:/home/travis/.rvm/gems/ruby-2.4.1@global/bin:/home/travis/.rvm/rubies/ruby-2.4.1/bin:/home/travis/.rvm/bin:/home/travis/.nvm/versions/node/v7.10.1/bin:./node_modules/.bin:/home/travis/build/icyphy/ptII/bin:/home/travis/pthla/certi-tools/bin:/home/travis/bin:/home/travis/.local/bin:/opt/pyenv/shims:/home/travis/.phpenv/shims:/home/travis/perl5/perlbrew/bin:/home/travis/.kiex/elixirs/elixir-1.4.5/bin:/home/travis/.kiex/bin:/home/travis/gopath/bin:/home/travis/.gimme/versions/go1.7.4.linux.amd64/bin:/usr/local/phantomjs/bin:/usr/local/phantomjs:/usr/local/neo4j-3.2.7/bin:/usr/local/maven-3.5.2/bin:/usr/local/cmake-3.9.2/bin:/usr/local/clang-5.0.0/bin:/usr/local/sbin:/usr/local/bin:/usr/sbin:/usr/bin:/sbin:/bin:/home/travis/.phpenv/bin:/opt/pyenv/bin:/home/travis/.yarn/bin" />
    <property name="env.TRAVIS_OS_NAME" value="linux" />
    <property name="ant.java.version" value="1.8" />
    <property name="basedir" value="/home/travis/build/icyphy/ptII" />
    <property name="java.class.version" value="52.0" />
    <property name="env.SHLVL" value="3" />
    <property name="env.LD_LIBRARY_PATH" value="/home/travis/pthla/certi-tools/lib:/usr/lib/jni:/usr/local/share/OpenCV/java/:/usr/share/OpenCV/java:" />
    <property name="env.RACK_ENV" value="test" />
    <property name="ant.home" value="/home/travis/build/icyphy/ptII/ant" />
    <property name="env.NVM_DIR" value="/home/travis/.nvm" />
    <property name="env.PERLBREW_BASHRC_VERSION" value="0.80" />
    <property name="env.CERTI_FOM_PATH" value="/home/travis/pthla/certi-tools/share/federations" />
    <property name="env.TRAVIS_BUILD_ID" value="445970209" />
    <property name="env.PYENV_ROOT" value="/opt/pyenv" />
    <property name="env.TRAVIS_UID" value="2000" />
    <property name="env.rvm_pretty_print_flag" value="auto" />
    <property name="env.NVM_BIN" value="/home/travis/.nvm/versions/node/v7.10.1/bin" />
    <property name="env.TRAVIS_COMMIT" value="1030fb5ad331c35a74d153341617630674744da1" />
    <property name="env._system_arch" value="x86_64" />
    <property name="node.executable" value="node" />
    <property name="sun.boot.library.path" value="/usr/lib/jvm/java-8-oracle/jre/lib/amd64" />
    <property name="sun.management.compiler" value="HotSpot 64-Bit Tiered Compilers" />
    <property name="env.GOPATH" value="/home/travis/gopath" />
    <property name="java.awt.graphicsenv" value="sun.awt.X11GraphicsEnvironment" />
    <property name="ptolemy.ptII.dir" value="/home/travis/build/icyphy/ptII" />
    <property name="env.USER" value="travis" />
    <property name="env.HISTFILESIZE" value="2000" />
    <property name="timeout.longest" value="19000000" />
    <property name="env.TRAVIS_STACK_FEATURES" value="basic cassandra chromium couchdb disabled-ipv6 docker docker-compose elasticsearch firefox go-toolchain google-chrome jdk memcached mongodb mysql neo4j nodejs_interpreter perl_interpreter perlbrew phantomjs postgresql python_interpreter rabbitmq redis riak ruby_interpreter sqlite xserver" />
    <property name="env.TRAVIS_PULL_REQUEST" value="false" />
    <property name="env.PYENV_SHELL" value="bash" />
    <property name="ant.project.name" value="ptII" />
    <property name="java.vm.specification.version" value="1.8" />
    <property name="env.ANSI_RESET" value="\033[0m" />
    <property name="env.TRAVIS_DIST" value="trusty" />
    <property name="env.CERTI_VERSION" value="4.0.0" />
    <property name="env.NLSPATH" value="/usr/dt/lib/nls/msg/%L/%N.cat" />
    <property name="env.CERTI_HOST" value="localhost" />
    <property name="awt.toolkit" value="sun.awt.X11.XToolkit" />
    <property name="env.MY_RUBY_HOME" value="/home/travis/.rvm/rubies/ruby-2.4.1" />
    <property name="sun.cpu.isalist" value="" />
    <property name="env.TRAVIS_TMPDIR" value="/tmp/tmp.2fg0ZVG6D1" />
    <property name="java.ext.dirs" value="/usr/lib/jvm/java-8-oracle/jre/lib/ext:/usr/java/packages/lib/ext" />
    <property name="os.version" value="4.4.0-101-generic" />
    <property name="user.home" value="/home/travis" />
    <property name="env.MIX_ARCHIVES" value="/home/travis/.kiex/mix/elixir-1.4.5" />
    <property name="java.vm.vendor" value="Oracle Corporation" />
    <property name="env.TRAVIS_TAG" value="nightly" />
    <property name="env.ANSI_YELLOW" value="\033[33;1m" />
    <property name="env.TRAVIS_FILTERED" value="redirect_io" />
    <property name="env.ANSI_GREEN" value="\033[32;1m" />
    <property name="javadoc.excludepackagenames" value="adm.cvs2svn.*,build.*,config.*,doc.coding.templates.*,jni.test.jni.meaningOfLife.*,jni.test.jni.testDeux.*,jni.test.jni.testTrois.*,org.terraswarm.accessor.accessors.web.node_modules.*,org.terraswarm.accessor.accessors.web.hosts.cordova.demo.*,org.terraswarm.accessor.accessors.web.hosts.cordova.plugins.*,org.terraswarm.accessor.accessors-svn.*,pt-modules.*,ptolemy.apps.agilent.*,ptolemy.apps.anytimecontrol.*,ptolemy.apps.apes.*,ptolemy.apps.charon.*,ptolemy.apps.crazyboard.*,ptolemy.apps.eclipse.*,ptolemy.apps.etherealSting.*,ptolemy.apps.fullscreen.*,ptolemy.apps.giotto.*,ptolemy.apps.ia.*,ptolemy.apps.interfaces.*,ptolemy.apps.jmf.*,ptolemy.apps.kurt.*,ptolemy.apps.kvm.*,ptolemy.apps.lego.*,ptolemy.apps.lejos.*,ptolemy.apps.midp.*,ptolemy.apps.mobileCoding.*,ptolemy.apps.pendulum.*,ptolemy.apps.rijndael.*,ptolemy.apps.robot.*,ptolemy.apps.security.*,ptolemy.apps.sobel.*,ptolemy.apps.soot.*,ptolemy.apps.throttle.*,ptolemy.apps.tini.*,ptolemy.apps.transmission.*,ptolemy.apps.vergil.*,ptolemy.apps.waba.*,ptolemy.apps.websensor.*,ptolemy.apps.webstart.*,ptolemy.apps.xsl.*,ptolemy.apps.zaurus.*,ptolemy.backtrack.eclipse.plugin.*,ptolemy.backtrack.test.*,ptolemy.codegen.c.actor.lib.oldJavaFiles.*,ptolemy.codegen.dsp.lib.*,ptolemy.codegen.kernel.newInterfaces.*,ptolemy.codegen.lib.*,ptolemy.copernicus.kernel.fragment.*,ptolemy.copernicus.shallow.cg.*,ptolemy.domains.giotto.demo.Hierarchy.Hierarchy.*,ptolemy.domains.giotto.demo.Multimode.Multimode.*,ptolemy.domains.giotto.demo.Simple.Simple.*,ptolemy.domains.gr.lib.experimental.*,ptolemy.domains.gro.*,ptolemy.domains.pdf.*,ptolemy.domains.ptinyos.demo.Surge.output.*,ptolemy.moml.test.NoPackageActor.java*,ptolemy.plot.adm.*,ptolemy.plot.servlet.*,reports.*,signed.*,src.*,target.*,vendors.*,ptolemy.cg.adapter.generic.program.procedural.c.mbed*,ptolemy.actor.lib.fmi.fmus.omc*,ptolemy.domains.openmodelica*,ptdb.kernel.bl.save.test.*,ptdb.kernel.bl.load.test.*,ptdb.kernel.bl.search.test.*,ptdb.kernel.bl.migration.test.*,ptdb.kernel.database.test.*,ptdb.test.*,ptdb.gui.test.*,org.ptolemy.scala.*,diva.util.java2d.svg.*,ptolemy.domains.ptinyos.*,ptolemy.actor.lib.fmi.fmipp.*,,org.terraswarm.accessor.accessors.web.node_modules.*,org.terraswarm.accessor.accessors-svn,ptolemy.apps.*,ptolemy.actor.ptalon.demo.ptinyos.SendAndReceiveCnt.output,ptolemy.actor.ptalon.demo.ptinyos.SenseToLeds.output,ptolemy.domains.ptinyos.demo.CntToLedsAndRfm.output,ptolemy.domains.ptinyos.demo.RfmToLeds.output,ptolemy.domains.ptinyos.demo.SendAndReceiveCnt.output,ptolemy.domains.ptinyos.demo.SenseToLeds.output,ptolemy.actor.lib.jjs.modules.udpSocket.*" />
    <property name="env.JAVA_HOME" value="/usr/lib/jvm/java-8-oracle" />
    <property name="env.PTII" value="/home/travis/build/icyphy/ptII" />
    <property name="env.XDG_SESSION_ID" value="2" />
    <property name="keystore" value="ptKeystore" />
    <property name="env.TRAVIS_COMMIT_MESSAGE" value="Merge branch &apos;master&apos; of https://github.com/icyphy/ptII" />
    <property name="junit.output.dir" value="/home/travis/build/icyphy/ptII/reports/junit" />
    <property name="npm.return.code" value="0" />
    <property name="user.dir" value="/home/travis/build/icyphy/ptII/ptolemy/actor/lib/test" />
    <property name="env.TRAVIS_NODE_VERSION" value="7" />
    <property name="env.XFILESEARCHPATH" value="/usr/dt/app-defaults/%L/Dt" />
    <property name="env.MAIL" value="/var/mail/travis" />
    <property name="env.TRAVIS_EVENT_TYPE" value="cron" />
    <property name="env.PERLBREW_ROOT" value="/home/travis/perl5/perlbrew" />
    <property name="env.PWD" value="/home/travis/build/icyphy/ptII" />
    <property name="timeout.npm" value="45000" />
    <property name="env.TRAVIS_ARCH" value="amd64" />
    <property name="env.PAGER" value="cat" />
    <property name="sun.cpu.endian" value="little" />
    <property name="env.TRAVIS_BUILD_STAGE_NAME" value="Test" />
    <property name="env.PERLBREW_HOME" value="/home/travis/.perlbrew" />
    <property name="env.RAILS_ENV" value="test" />
    <property name="java.vm.version" value="25.151-b12" />
    <property name="java.class.path" value="/home/travis/.ptolemyII:/home/travis/.ptolemyII/*:/home/travis/build/icyphy/ptII:/home/travis/build/icyphy/ptII/lib/bsh-2.0b4.jar:/home/travis/build/icyphy/ptII/lib/ptCal.jar:/home/travis/build/icyphy/ptII/lib/java_cup.jar:/home/travis/build/icyphy/ptII/lib/saxon8.jar:/home/travis/build/icyphy/ptII/lib/saxon8-dom.jar:/home/travis/build/icyphy/ptII/lib/chic.jar:/home/travis/build/icyphy/ptII/lib/ptcolt.jar:/usr/lib/jvm/java-8-oracle/lib/tools.jar:/usr/lib/eclipse/plugins/org.eclipse.jdt.core_3.8.2.dist.jar:/usr/lib/eclipse/plugins/org.eclipse.core.runtime_3.8.0.dist.jar:/usr/lib/eclipse/plugins/org.eclipse.osgi_3.8.1.dist.jar:/usr/lib/eclipse/plugins/org.eclipse.core.resources_3.8.1.dist.jar:/usr/lib/eclipse/plugins/org.eclipse.equinox.common_3.6.100.dist.jar:/usr/lib/eclipse/plugins/org.eclipse.core.jobs_3.5.200.dist.jar:/usr/lib/eclipse/plugins/org.eclipse.core.contenttype_3.4.200.dist.jar:/usr/lib/eclipse/plugins/org.eclipse.equinox.preferences_3.5.0.dist.jar:/usr/lib/eclipse/plugins/org.eclipse.text_3.5.200.dist.jar:/usr/lib/eclipse/plugins/org.eclipse.ui.workbench_3.8.1.dist.jar:/usr/lib/eclipse/plugins/org.eclipse.jface_3.8.0.dist.jar:/usr/lib/eclipse/plugins/org.eclipse.swt_3.8.2.jar:/usr/lib/eclipse/plugins/org.eclipse.jface.text_3.8.1.dist.jar:/usr/lib/eclipse/plugins/org.eclipse.ui.workbench.texteditor_3.8.0.dist.jar:/usr/lib/eclipse/plugins/org.eclipse.ui.editors_3.8.0.dist.jar:/usr/lib/eclipse/plugins/org.eclipse.core.commands_3.6.1.dist.jar:/usr/lib/eclipse/plugins/org.eclipse.equinox.registry_3.5.200.dist.jar:/usr/lib/eclipse/plugins/org.eclipse.ui.console_3.5.100.dist.jar:/usr/lib/eclipse/plugins/org.eclipse.ui.forms_3.5.200.dist.jar:/usr/lib/eclipse/plugins/org.eclipse.ui.ide_3.8.1.dist.jar:/home/travis/build/icyphy/ptII/vendors/oracle/dbxml.jar:/home/travis/build/icyphy/ptII/vendors/oracle/db.jar:/home/travis/build/icyphy/ptII/vendors/misc/itext/iText.jar:/home/travis/build/icyphy/ptII/lib/g4ltl.jar:/home/travis/build/icyphy/ptII/lib/StructuralCoder.jar:/home/travis/build/icyphy/ptII/lib/org-openide-util.jar:/home/travis/build/icyphy/ptII/lib/org-openide-util-lookup.jar:/home/travis/build/icyphy/ptII/lib/org-netbeans-api-visual.jar:/home/travis/build/icyphy/ptII/vendors/jai-1_1_2_01/lib/jai_core.jar:/home/travis/build/icyphy/ptII/vendors/jai-1_1_2_01/lib/jai_codec.jar:/home/travis/build/icyphy/ptII/lib/jcerti.jar:/home/travis/build/icyphy/ptII/lib/smack.jar:/home/travis/build/icyphy/ptII/lib/smackx.jar:/home/travis/build/icyphy/ptII/lib/jetty-all-8.1.5-v20120716.jar:/home/travis/build/icyphy/ptII/lib/javax.servlet-api-3.0.1.jar:/home/travis/build/icyphy/ptII/lib/javax.mail.jar:/home/travis/build/icyphy/ptII/vendors/JMF-2.1.1e/lib/jmf.jar:/home/travis/build/icyphy/ptII/lib/jna-4.0.0-variadic.jar:/home/travis/build/icyphy/ptII/vendors/misc/joystick/Joystick.jar:/home/travis/build/icyphy/ptII/lib/ptjacl.jar:/home/travis/build/icyphy/ptII/lib/jsoup-1.8.2.jar:/home/travis/build/icyphy/ptII/lib/junit-4.8.2.jar:/home/travis/build/icyphy/ptII/lib/JUnitParams-0.4.0.jar:/home/travis/build/icyphy/ptII/ptolemy/actor/lib/excel/jxl.jar:/home/travis/build/icyphy/ptII/lib/jython.jar:/home/travis/build/icyphy/ptII/lib/kieler.jar:/home/travis/build/icyphy/ptII/vendors/opencv/share/OpenCV/java/opencv-341.jar:/home/travis/build/icyphy/ptII/lib/oscP5.jar:/home/travis/build/icyphy/ptII/lib/nrjavaserial-3.11.0.devel.jar:/home/travis/build/icyphy/ptII/vendors/j3d/lib/j3dcore.jar:/home/travis/build/icyphy/ptII/vendors/j3d/lib/j3dutils.jar:/home/travis/build/icyphy/ptII/vendors/j3d/lib/vecmath.jar:/home/travis/build/icyphy/ptII/ptolemy/distributed/jini/jar/jini-core.jar:/home/travis/build/icyphy/ptII/ptolemy/distributed/jini/jar/jini-ext.jar:/home/travis/build/icyphy/ptII/ptolemy/distributed/jini/jar/sun-util.jar:/home/travis/build/icyphy/ptII/lib/protobuf-java-2.4.1.jar:/home/travis/build/icyphy/ptII/lib/org.eclipse.paho.client.mqttv3.jar:/home/travis/build/icyphy/ptII/ptserver/lib/hessian-4.0.7.jar:/home/travis/build/icyphy/ptII/ptserver/lib/wmqtt.jar:/home/travis/build/icyphy/ptII/lib/mapss.jar:/home/travis/build/icyphy/ptII/ptolemy/actor/ptalon/antlr/antlr.jar:/home/travis/build/icyphy/ptII/lib/JRI.jar:/home/travis/build/icyphy/ptII/lib/commons-lang-2.6.jar:/home/travis/build/icyphy/ptII/lib/commons-logging-1.1.1.jar:/home/travis/build/icyphy/ptII/lib/sootclasses.jar:/home/travis/build/icyphy/ptII/ptolemy/actor/lib/database/mysql-connector-java-5.1.6-bin.jar:/home/travis/build/icyphy/ptII/vendors/misc/sphinx4/sphinx4-data-5prealpha.jar:/home/travis/build/icyphy/ptII/vendors/misc/sphinx4/sphinx4-core-5prealpha.jar:/home/travis/build/icyphy/ptII/lib/PDFRenderer.jar:/home/travis/build/icyphy/ptII/lib/svgSalamander.jar:/home/travis/build/icyphy/ptII/lib/rsyntaxtextarea-2.6.0-SNAPSHOT.jar:/home/travis/build/icyphy/ptII/lib/hazelcast-3.8.2.jar:/home/travis/build/icyphy/ptII/lib/jackson-annotations-2.9.0.jar:/home/travis/build/icyphy/ptII/lib/jackson-core-2.9.3.jar:/home/travis/build/icyphy/ptII/lib/jackson-databind-2.9.3.jar:/home/travis/build/icyphy/ptII/lib/netty-buffer-4.1.19.Final.jar:/home/travis/build/icyphy/ptII/lib/netty-codec-4.1.19.Final.jar:/home/travis/build/icyphy/ptII/lib/netty-codec-dns-4.1.19.Final.jar:/home/travis/build/icyphy/ptII/lib/netty-codec-http-4.1.19.Final.jar:/home/travis/build/icyphy/ptII/lib/netty-codec-http2-4.1.19.Final.jar:/home/travis/build/icyphy/ptII/lib/netty-common-4.1.19.Final.jar:/home/travis/build/icyphy/ptII/lib/netty-handler-4.1.19.Final.jar:/home/travis/build/icyphy/ptII/lib/netty-resolver-4.1.19.Final.jar:/home/travis/build/icyphy/ptII/lib/netty-resolver-dns-4.1.19.Final.jar:/home/travis/build/icyphy/ptII/lib/netty-transport-4.1.19.Final.jar:/home/travis/build/icyphy/ptII/lib/vertx-codegen-3.5.1.jar:/home/travis/build/icyphy/ptII/lib/vertx-core-3.5.2-SNAPSHOT.jar:/home/travis/build/icyphy/ptII/lib/vertx-hazelcast-3.5.1.jar:/home/travis/build/icyphy/ptII/lib/vertx-lang-js-3.5.1.jar:/home/travis/build/icyphy/ptII/lib/vertx-service-proxy-3.5.1.jar:/home/travis/build/icyphy/ptII/lib/vertx-web-3.5.1.jar:/home/travis/build/icyphy/ptII/lib/slf4j-api-1.7.13.jar:/home/travis/build/icyphy/ptII/lib/slf4j-simple-1.7.13.jar:/home/travis/build/icyphy/ptII/lib/webcam-capture-0.3.12.jar:/home/travis/build/icyphy/ptII/lib/bridj-0.7.0.jar:/home/travis/build/icyphy/ptII/lib/xbjlib-1.1.0.nrjavaserial.jar:/home/travis/build/icyphy/ptII/ptolemy/moml/test:/home/travis/build/icyphy/ptII/ant/lib/ant-launcher.jar:/home/travis/build/icyphy/ptII/ant/lib/ant.jar:/home/travis/build/icyphy/ptII/ant/lib/ant-junit.jar:/home/travis/build/icyphy/ptII/ant/lib/ant-junit4.jar" />
    <property name="ant.library.dir" value="/home/travis/build/icyphy/ptII/ant/lib" />
    <property name="os.arch" value="amd64" />
    <property name="env.TRAVIS_LANGUAGE" value="node_js" />
    <property name="env.CONTINUOUS_INTEGRATION" value="true" />
    <property name="env.TRAVIS_STACK_LANGUAGES" value="__garnet__ c c++ clojure cplusplus cpp default go groovy java node_js php pure_java python ruby scala" />
    <property name="test.name" value="ptolemy.actor.lib.test.junit.JUnitTclTest" />
    <property name="sun.java.launcher" value="SUN_STANDARD" />
    <property name="env.PYTHON_CONFIGURE_OPTS" value="--enable-unicode=ucs4 --with-wide-unicode --enable-shared --enable-ipv6 --enable-loadable-sqlite-extensions --with-computed-gotos" />
    <property name="ant.core.lib" value="/home/travis/build/icyphy/ptII/ant/lib/ant.jar" />
    <property name="java.vm.specification.vendor" value="Oracle Corporation" />
    <property name="env.BCVTB_HOME" value="/home/travis/build/icyphy/ptII/lbnl" />
    <property name="file.separator" value="/" />
    <property name="spotbugs.home" value="/home/travis/build/icyphy/ptII/vendors/spotbugs-3.1.1" />
    <property name="java.runtime.version" value="1.8.0_151-b12" />
    <property name="sun.boot.class.path" value="/usr/lib/jvm/java-8-oracle/jre/lib/resources.jar:/usr/lib/jvm/java-8-oracle/jre/lib/rt.jar:/usr/lib/jvm/java-8-oracle/jre/lib/sunrsasign.jar:/usr/lib/jvm/java-8-oracle/jre/lib/jsse.jar:/usr/lib/jvm/java-8-oracle/jre/lib/jce.jar:/usr/lib/jvm/java-8-oracle/jre/lib/charsets.jar:/usr/lib/jvm/java-8-oracle/jre/lib/jfr.jar:/usr/lib/jvm/java-8-oracle/jre/classes" />
    <property name="env.ANSI_CLEAR" value="\033[0K" />
    <property name="env.HAS_JOSH_K_SEAL_OF_APPROVAL" value="true" />
    <property name="env.TRAVIS_OSX_IMAGE" value="" />
    <property name="env.XDG_RUNTIME_DIR" value="/run/user/2000" />
    <property name="env.TRAVIS_BRANCH" value="master" />
    <property name="env.TRAVIS_JOB_ID" value="445970217" />
    <property name="env.CERTI_HOME_TRAVIS" value="/home/travis/pthla/certi-tools" />
    <property name="user.country" value="US" />
    <property name="env.SHELL" value="/bin/bash" />
    <property name="model" value="" />
    <property name="java.maxmemory.large" value="5000m" />
    <property name="env.CASHER_DIR" value="/home/travis/.casher" />
    <property name="env.NVM_CD_FLAGS" value="" />
    <property name="jshint.executable" value="/home/travis/node_modules/jshint/bin/jshint" />
    <property name="env.JRUBY_OPTS" value=" --client -J-XX:+TieredCompilation -J-XX:TieredStopAtLevel=1 -J-Xss2m -Xcompile.invokedynamic=false" />
    <property name="java.vendor" value="Oracle Corporation" />
    <property name="env.TRAVIS_PRE_CHEF_BOOTSTRAP_TIME" value="2017-12-05T19:32:55" />
    <property name="env.ELIXIR_VERSION" value="1.4.5" />
    <property name="env.TRAVIS_STACK_JOB_BOARD_REGISTER" value="/.job-board-register.yml" />
    <property name="env.ANSI_RED" value="\033[31;1m" />
    <property name="java.specification.version" value="1.8" />
    <property name="env.TRAVIS" value="true" />
    <property name="env.IRBRC" value="/home/travis/.rvm/rubies/ruby-2.4.1/.irbrc" />
    <property name="sun.arch.data.model" value="64" />
  </properties>
  <testcase classname="ptolemy.util.test.junit.TclTests" name="[0] /home/travis/build/icyphy/ptII/ptolemy/actor/lib/test/AbsoluteValue.tcl (RunTclFile)" time="0.511" />
  <testcase classname="ptolemy.util.test.junit.TclTests" name="[1] /home/travis/build/icyphy/ptII/ptolemy/actor/lib/test/AddSubtract.tcl (RunTclFile)" time="0.106" />
  <testcase classname="ptolemy.util.test.junit.TclTests" name="[2] /home/travis/build/icyphy/ptII/ptolemy/actor/lib/test/Average.tcl (RunTclFile)" time="0.034" />
  <testcase classname="ptolemy.util.test.junit.TclTests" name="[3] /home/travis/build/icyphy/ptII/ptolemy/actor/lib/test/Bernoulli.tcl (RunTclFile)" time="0.018" />
  <testcase classname="ptolemy.util.test.junit.TclTests" name="[4] /home/travis/build/icyphy/ptII/ptolemy/actor/lib/test/Clock.tcl (RunTclFile)" time="0.066" />
  <testcase classname="ptolemy.util.test.junit.TclTests" name="[5] /home/travis/build/icyphy/ptII/ptolemy/actor/lib/test/Commutator.tcl (RunTclFile)" time="0.162" />
  <testcase classname="ptolemy.util.test.junit.TclTests" name="[6] /home/travis/build/icyphy/ptII/ptolemy/actor/lib/test/Const.tcl (RunTclFile)" time="0.116" />
  <testcase classname="ptolemy.util.test.junit.TclTests" name="[7] /home/travis/build/icyphy/ptII/ptolemy/actor/lib/test/CurrentTime.tcl (RunTclFile)" time="0.045" />
  <testcase classname="ptolemy.util.test.junit.TclTests" name="[8] /home/travis/build/icyphy/ptII/ptolemy/actor/lib/test/DB.tcl (RunTclFile)" time="0.036" />
  <testcase classname="ptolemy.util.test.junit.TclTests" name="[9] /home/travis/build/icyphy/ptII/ptolemy/actor/lib/test/DiscreteRandomSource.tcl (RunTclFile)" time="0.046" />
  <testcase classname="ptolemy.util.test.junit.TclTests" name="[10] /home/travis/build/icyphy/ptII/ptolemy/actor/lib/test/Distributor.tcl (RunTclFile)" time="0.053" />
  <testcase classname="ptolemy.util.test.junit.TclTests" name="[11] /home/travis/build/icyphy/ptII/ptolemy/actor/lib/test/Exit.tcl (RunTclFile)" time="0.048" />
  <testcase classname="ptolemy.util.test.junit.TclTests" name="[12] /home/travis/build/icyphy/ptII/ptolemy/actor/lib/test/Expression.tcl (RunTclFile)" time="0.083" />
  <testcase classname="ptolemy.util.test.junit.TclTests" name="[13] /home/travis/build/icyphy/ptII/ptolemy/actor/lib/test/Gaussian.tcl (RunTclFile)" time="0.424" />
  <testcase classname="ptolemy.util.test.junit.TclTests" name="[14] /home/travis/build/icyphy/ptII/ptolemy/actor/lib/test/IIR.tcl (RunTclFile)" time="0.045" />
  <testcase classname="ptolemy.util.test.junit.TclTests" name="[15] /home/travis/build/icyphy/ptII/ptolemy/actor/lib/test/Interpolator.tcl (RunTclFile)" time="0.088" />
  <testcase classname="ptolemy.util.test.junit.TclTests" name="[16] /home/travis/build/icyphy/ptII/ptolemy/actor/lib/test/MathFunction.tcl (RunTclFile)" time="0.11" />
  <testcase classname="ptolemy.util.test.junit.TclTests" name="[17] /home/travis/build/icyphy/ptII/ptolemy/actor/lib/test/Maximum.tcl (RunTclFile)" time="0.049" />
  <testcase classname="ptolemy.util.test.junit.TclTests" name="[18] /home/travis/build/icyphy/ptII/ptolemy/actor/lib/test/Minimum.tcl (RunTclFile)" time="0.033" />
  <testcase classname="ptolemy.util.test.junit.TclTests" name="[19] /home/travis/build/icyphy/ptII/ptolemy/actor/lib/test/MultiplyDivide.tcl (RunTclFile)" time="0.047" />
  <testcase classname="ptolemy.util.test.junit.TclTests" name="[20] /home/travis/build/icyphy/ptII/ptolemy/actor/lib/test/OrderedMerge.tcl (RunTclFile)" time="0.091" />
  <testcase classname="ptolemy.util.test.junit.TclTests" name="[21] /home/travis/build/icyphy/ptII/ptolemy/actor/lib/test/Publisher.tcl (RunTclFile)" time="0.744" />
  <testcase classname="ptolemy.util.test.junit.TclTests" name="[22] /home/travis/build/icyphy/ptII/ptolemy/actor/lib/test/Pulse.tcl (RunTclFile)" time="0.041" />
  <testcase classname="ptolemy.util.test.junit.TclTests" name="[23] /home/travis/build/icyphy/ptII/ptolemy/actor/lib/test/Ramp.tcl (RunTclFile)" time="2.149" />
  <testcase classname="ptolemy.util.test.junit.TclTests" name="[24] /home/travis/build/icyphy/ptII/ptolemy/actor/lib/test/RampContinuous.tcl (RunTclFile)" time="0.017" />
  <testcase classname="ptolemy.util.test.junit.TclTests" name="[25] /home/travis/build/icyphy/ptII/ptolemy/actor/lib/test/RecordAssembler.tcl (RunTclFile)" time="0.014" />
  <testcase classname="ptolemy.util.test.junit.TclTests" name="[26] /home/travis/build/icyphy/ptII/ptolemy/actor/lib/test/RecordDisassembler.tcl (RunTclFile)" time="0.017" />
  <testcase classname="ptolemy.util.test.junit.TclTests" name="[27] /home/travis/build/icyphy/ptII/ptolemy/actor/lib/test/Scale.tcl (RunTclFile)" time="0.017" />
  <testcase classname="ptolemy.util.test.junit.TclTests" name="[28] /home/travis/build/icyphy/ptII/ptolemy/actor/lib/test/SequentialClock.tcl (RunTclFile)" time="0.012" />
  <testcase classname="ptolemy.util.test.junit.TclTests" name="[29] /home/travis/build/icyphy/ptII/ptolemy/actor/lib/test/SetVariable.tcl (RunTclFile)" time="0.012" />
  <testcase classname="ptolemy.util.test.junit.TclTests" name="[30] /home/travis/build/icyphy/ptII/ptolemy/actor/lib/test/Sinewave.tcl (RunTclFile)" time="0.032" />
  <testcase classname="ptolemy.util.test.junit.TclTests" name="[31] /home/travis/build/icyphy/ptII/ptolemy/actor/lib/test/SubscriptionAggregator.tcl (RunTclFile)" time="2.2" />
  <testcase classname="ptolemy.util.test.junit.TclTests" name="[32] /home/travis/build/icyphy/ptII/ptolemy/actor/lib/test/Test.tcl (RunTclFile)" time="0.071" />
  <testcase classname="ptolemy.util.test.junit.TclTests" name="[33] /home/travis/build/icyphy/ptII/ptolemy/actor/lib/test/TestExceptionHandler.tcl (RunTclFile)" time="0.009" />
  <testcase classname="ptolemy.util.test.junit.TclTests" name="[34] /home/travis/build/icyphy/ptII/ptolemy/actor/lib/test/UnionDisassembler.tcl (RunTclFile)" time="0.066" />
  <testcase classname="ptolemy.util.test.junit.TclTests" name="[35] /home/travis/build/icyphy/ptII/ptolemy/actor/lib/test/VariableClock.tcl (RunTclFile)" time="0.03" />
  <testcase classname="ptolemy.util.test.junit.AutoKnownFailedTests" name="[0] /home/travis/build/icyphy/ptII/ptolemy/actor/lib/test/auto/knownFailedTests/PublisherPortToplevelSubscriber.xml (RunModel)" time="0.028" />
  <testcase classname="ptolemy.util.test.junit.AutoKnownFailedTests" name="[1] /home/travis/build/icyphy/ptII/ptolemy/actor/lib/test/auto/knownFailedTests/PublisherSubscriberPortToplevel.xml (RunModel)" time="0.025" />
  <testcase classname="ptolemy.util.test.junit.AutoKnownFailedTests" name="[2] /home/travis/build/icyphy/ptII/ptolemy/actor/lib/test/auto/knownFailedTests/PublisherSubscriptionAggregatorPort.xml (RunModel)" time="0.022" />
  <testcase classname="ptolemy.util.test.junit.AutoKnownFailedTests" name="[3] /home/travis/build/icyphy/ptII/ptolemy/actor/lib/test/auto/knownFailedTests/sizedarray3.xml (RunModel)" time="0.022" />
  <testcase classname="ptolemy.util.test.junit.AutoNameArchTests" name="[0] ThereAreNoAutoArchTests (RunModel)" time="0.003" />
  <testcase classname="ptolemy.util.test.junit.AutoTests" name="[0] /home/travis/build/icyphy/ptII/ptolemy/actor/lib/test/auto/AbsoluteValue.xml (RunModel)" time="0.1" />
  <testcase classname="ptolemy.util.test.junit.AutoTests" name="[1] /home/travis/build/icyphy/ptII/ptolemy/actor/lib/test/auto/AbsoluteValue2.xml (RunModel)" time="0.076" />
  <testcase classname="ptolemy.util.test.junit.AutoTests" name="[2] /home/travis/build/icyphy/ptII/ptolemy/actor/lib/test/auto/Accumulator.xml (RunModel)" time="0.074" />
  <testcase classname="ptolemy.util.test.junit.AutoTests" name="[3] /home/travis/build/icyphy/ptII/ptolemy/actor/lib/test/auto/Accumulator2.xml (RunModel)" time="0.046" />
  <testcase classname="ptolemy.util.test.junit.AutoTests" name="[4] /home/travis/build/icyphy/ptII/ptolemy/actor/lib/test/auto/Accumulator3.xml (RunModel)" time="0.121" />
  <testcase classname="ptolemy.util.test.junit.AutoTests" name="[5] /home/travis/build/icyphy/ptII/ptolemy/actor/lib/test/auto/ArrayAppend.xml (RunModel)" time="0.043" />
  <testcase classname="ptolemy.util.test.junit.AutoTests" name="[6] /home/travis/build/icyphy/ptII/ptolemy/actor/lib/test/auto/ArrayAppend2.xml (RunModel)" time="0.719" />
  <testcase classname="ptolemy.util.test.junit.AutoTests" name="[7] /home/travis/build/icyphy/ptII/ptolemy/actor/lib/test/auto/ArrayAppend3.xml (RunModel)" time="0.019" />
  <testcase classname="ptolemy.util.test.junit.AutoTests" name="[8] /home/travis/build/icyphy/ptII/ptolemy/actor/lib/test/auto/ArrayAppend4.xml (RunModel)" time="0.028" />
  <testcase classname="ptolemy.util.test.junit.AutoTests" name="[9] /home/travis/build/icyphy/ptII/ptolemy/actor/lib/test/auto/ArrayAppend5.xml (RunModel)" time="0.026" />
  <testcase classname="ptolemy.util.test.junit.AutoTests" name="[10] /home/travis/build/icyphy/ptII/ptolemy/actor/lib/test/auto/ArrayAppend6.xml (RunModel)" time="0.022" />
  <testcase classname="ptolemy.util.test.junit.AutoTests" name="[11] /home/travis/build/icyphy/ptII/ptolemy/actor/lib/test/auto/ArrayAppendPerformanceTest.xml (RunModel)" time="0.059" />
  <testcase classname="ptolemy.util.test.junit.AutoTests" name="[12] /home/travis/build/icyphy/ptII/ptolemy/actor/lib/test/auto/ArrayAppendWithEmptyInput.xml (RunModel)" time="0.066" />
  <testcase classname="ptolemy.util.test.junit.AutoTests" name="[13] /home/travis/build/icyphy/ptII/ptolemy/actor/lib/test/auto/ArrayAverage.xml (RunModel)" time="0.042" />
  <testcase classname="ptolemy.util.test.junit.AutoTests" name="[14] /home/travis/build/icyphy/ptII/ptolemy/actor/lib/test/auto/ArrayContains.xml (RunModel)" time="0.032" />
  <testcase classname="ptolemy.util.test.junit.AutoTests" name="[15] /home/travis/build/icyphy/ptII/ptolemy/actor/lib/test/auto/ArrayElement.xml (RunModel)" time="0.026" />
  <testcase classname="ptolemy.util.test.junit.AutoTests" name="[16] /home/travis/build/icyphy/ptII/ptolemy/actor/lib/test/auto/ArrayElementAsMatrix.xml (RunModel)" time="0.061" />
  <testcase classname="ptolemy.util.test.junit.AutoTests" name="[17] /home/travis/build/icyphy/ptII/ptolemy/actor/lib/test/auto/ArrayElementI.xml (RunModel)" time="0.015" />
  <testcase classname="ptolemy.util.test.junit.AutoTests" name="[18] /home/travis/build/icyphy/ptII/ptolemy/actor/lib/test/auto/ArrayExtract.xml (RunModel)" time="0.032" />
  <testcase classname="ptolemy.util.test.junit.AutoTests" name="[19] /home/travis/build/icyphy/ptII/ptolemy/actor/lib/test/auto/ArrayExtract2.xml (RunModel)" time="0.024" />
  <testcase classname="ptolemy.util.test.junit.AutoTests" name="[20] /home/travis/build/icyphy/ptII/ptolemy/actor/lib/test/auto/ArrayLength.xml (RunModel)" time="0.043" />
  <testcase classname="ptolemy.util.test.junit.AutoTests" name="[21] /home/travis/build/icyphy/ptII/ptolemy/actor/lib/test/auto/ArrayLevelCrossing.xml (RunModel)" time="0.031" />
  <testcase classname="ptolemy.util.test.junit.AutoTests" name="[22] /home/travis/build/icyphy/ptII/ptolemy/actor/lib/test/auto/ArrayLevelCrossing2.xml (RunModel)" time="0.025" />
  <testcase classname="ptolemy.util.test.junit.AutoTests" name="[23] /home/travis/build/icyphy/ptII/ptolemy/actor/lib/test/auto/ArrayPeakSearch.xml (RunModel)" time="0.047" />
  <testcase classname="ptolemy.util.test.junit.AutoTests" name="[24] /home/travis/build/icyphy/ptII/ptolemy/actor/lib/test/auto/ArrayPeakSearch2.xml (RunModel)" time="0.043" />
  <testcase classname="ptolemy.util.test.junit.AutoTests" name="[25] /home/travis/build/icyphy/ptII/ptolemy/actor/lib/test/auto/ArrayPeakSearch3.xml (RunModel)" time="0.035" />
  <testcase classname="ptolemy.util.test.junit.AutoTests" name="[26] /home/travis/build/icyphy/ptII/ptolemy/actor/lib/test/auto/ArrayRemoveElement.xml (RunModel)" time="0.032" />
  <testcase classname="ptolemy.util.test.junit.AutoTests" name="[27] /home/travis/build/icyphy/ptII/ptolemy/actor/lib/test/auto/ArraySort.xml (RunModel)" time="0.036" />
  <testcase classname="ptolemy.util.test.junit.AutoTests" name="[28] /home/travis/build/icyphy/ptII/ptolemy/actor/lib/test/auto/ArraySum.xml (RunModel)" time="0.028" />
  <testcase classname="ptolemy.util.test.junit.AutoTests" name="[29] /home/travis/build/icyphy/ptII/ptolemy/actor/lib/test/auto/ArrayToElements.xml (RunModel)" time="0.026" />
  <testcase classname="ptolemy.util.test.junit.AutoTests" name="[30] /home/travis/build/icyphy/ptII/ptolemy/actor/lib/test/auto/ArrayToMatrix.xml (RunModel)" time="0.061" />
  <testcase classname="ptolemy.util.test.junit.AutoTests" name="[31] /home/travis/build/icyphy/ptII/ptolemy/actor/lib/test/auto/ArrayUpdate1.xml (RunModel)" time="0.016" />
  <testcase classname="ptolemy.util.test.junit.AutoTests" name="[32] /home/travis/build/icyphy/ptII/ptolemy/actor/lib/test/auto/ArrayUpdate2.xml (RunModel)" time="0.084" />
  <testcase classname="ptolemy.util.test.junit.AutoTests" name="[33] /home/travis/build/icyphy/ptII/ptolemy/actor/lib/test/auto/ArrayUpdate3.xml (RunModel)" time="0.019" />
  <testcase classname="ptolemy.util.test.junit.AutoTests" name="[34] /home/travis/build/icyphy/ptII/ptolemy/actor/lib/test/auto/Assert1.xml (RunModel)" time="0.027" />
  <testcase classname="ptolemy.util.test.junit.AutoTests" name="[35] /home/travis/build/icyphy/ptII/ptolemy/actor/lib/test/auto/Assert2.xml (RunModel)" time="0.015" />
  <testcase classname="ptolemy.util.test.junit.AutoTests" name="[36] /home/travis/build/icyphy/ptII/ptolemy/actor/lib/test/auto/BooleanMultiplexor.xml (RunModel)" time="0.022" />
  <testcase classname="ptolemy.util.test.junit.AutoTests" name="[37] /home/travis/build/icyphy/ptII/ptolemy/actor/lib/test/auto/BooleanMultiplexor2.xml (RunModel)" time="0.027" />
  <testcase classname="ptolemy.util.test.junit.AutoTests" name="[38] /home/travis/build/icyphy/ptII/ptolemy/actor/lib/test/auto/BooleanMultiplexor3.xml (RunModel)" time="0.024" />
  <testcase classname="ptolemy.util.test.junit.AutoTests" name="[39] /home/travis/build/icyphy/ptII/ptolemy/actor/lib/test/auto/BooleanSelect.xml (RunModel)" time="0.025" />
  <testcase classname="ptolemy.util.test.junit.AutoTests" name="[40] /home/travis/build/icyphy/ptII/ptolemy/actor/lib/test/auto/BooleanSelect2.xml (RunModel)" time="0.016" />
  <testcase classname="ptolemy.util.test.junit.AutoTests" name="[41] /home/travis/build/icyphy/ptII/ptolemy/actor/lib/test/auto/BooleanSwitch.xml (RunModel)" time="0.026" />
  <testcase classname="ptolemy.util.test.junit.AutoTests" name="[42] /home/travis/build/icyphy/ptII/ptolemy/actor/lib/test/auto/BooleanSwitch2.xml (RunModel)" time="0.015" />
  <testcase classname="ptolemy.util.test.junit.AutoTests" name="[43] /home/travis/build/icyphy/ptII/ptolemy/actor/lib/test/auto/BooleanSwitchCloningBugWithClassRelationGroup.xml (RunModel)" time="0.024" />
  <testcase classname="ptolemy.util.test.junit.AutoTests" name="[44] /home/travis/build/icyphy/ptII/ptolemy/actor/lib/test/auto/BusActors.xml (RunModel)" time="0.045" />
  <testcase classname="ptolemy.util.test.junit.AutoTests" name="[45] /home/travis/build/icyphy/ptII/ptolemy/actor/lib/test/auto/ClassWrapper.xml (RunModel)" time="0.011" />
  <testcase classname="ptolemy.util.test.junit.AutoTests" name="[46] /home/travis/build/icyphy/ptII/ptolemy/actor/lib/test/auto/Clock.xml (RunModel)" time="0.009" />
  <testcase classname="ptolemy.util.test.junit.AutoTests" name="[47] /home/travis/build/icyphy/ptII/ptolemy/actor/lib/test/auto/Clock10.xml (RunModel)" time="0.02" />
  <testcase classname="ptolemy.util.test.junit.AutoTests" name="[48] /home/travis/build/icyphy/ptII/ptolemy/actor/lib/test/auto/Clock11.xml (RunModel)" time="0.02" />
  <testcase classname="ptolemy.util.test.junit.AutoTests" name="[49] /home/travis/build/icyphy/ptII/ptolemy/actor/lib/test/auto/Clock12.xml (RunModel)" time="0.018" />
  <testcase classname="ptolemy.util.test.junit.AutoTests" name="[50] /home/travis/build/icyphy/ptII/ptolemy/actor/lib/test/auto/Clock13.xml (RunModel)" time="0.028" />
  <testcase classname="ptolemy.util.test.junit.AutoTests" name="[51] /home/travis/build/icyphy/ptII/ptolemy/actor/lib/test/auto/Clock14.xml (RunModel)" time="0.023" />
  <testcase classname="ptolemy.util.test.junit.AutoTests" name="[52] /home/travis/build/icyphy/ptII/ptolemy/actor/lib/test/auto/Clock15.xml (RunModel)" time="0.019" />
  <testcase classname="ptolemy.util.test.junit.AutoTests" name="[53] /home/travis/build/icyphy/ptII/ptolemy/actor/lib/test/auto/Clock16.xml (RunModel)" time="0.122" />
  <testcase classname="ptolemy.util.test.junit.AutoTests" name="[54] /home/travis/build/icyphy/ptII/ptolemy/actor/lib/test/auto/Clock17.xml (RunModel)" time="0.057" />
  <testcase classname="ptolemy.util.test.junit.AutoTests" name="[55] /home/travis/build/icyphy/ptII/ptolemy/actor/lib/test/auto/Clock18.xml (RunModel)" time="0.066" />
  <testcase classname="ptolemy.util.test.junit.AutoTests" name="[56] /home/travis/build/icyphy/ptII/ptolemy/actor/lib/test/auto/Clock19.xml (RunModel)" time="0.049" />
  <testcase classname="ptolemy.util.test.junit.AutoTests" name="[57] /home/travis/build/icyphy/ptII/ptolemy/actor/lib/test/auto/Clock2.xml (RunModel)" time="0.014" />
  <testcase classname="ptolemy.util.test.junit.AutoTests" name="[58] /home/travis/build/icyphy/ptII/ptolemy/actor/lib/test/auto/Clock20.xml (RunModel)" time="0.025" />
  <testcase classname="ptolemy.util.test.junit.AutoTests" name="[59] /home/travis/build/icyphy/ptII/ptolemy/actor/lib/test/auto/Clock21.xml (RunModel)" time="0.016" />
  <testcase classname="ptolemy.util.test.junit.AutoTests" name="[60] /home/travis/build/icyphy/ptII/ptolemy/actor/lib/test/auto/Clock22.xml (RunModel)" time="0.013" />
  <testcase classname="ptolemy.util.test.junit.AutoTests" name="[61] /home/travis/build/icyphy/ptII/ptolemy/actor/lib/test/auto/Clock23.xml (RunModel)" time="0.016" />
  <testcase classname="ptolemy.util.test.junit.AutoTests" name="[62] /home/travis/build/icyphy/ptII/ptolemy/actor/lib/test/auto/Clock24.xml (RunModel)" time="0.019" />
  <testcase classname="ptolemy.util.test.junit.AutoTests" name="[63] /home/travis/build/icyphy/ptII/ptolemy/actor/lib/test/auto/Clock4.xml (RunModel)" time="0.018" />
  <testcase classname="ptolemy.util.test.junit.AutoTests" name="[64] /home/travis/build/icyphy/ptII/ptolemy/actor/lib/test/auto/Clock5.xml (RunModel)" time="0.012" />
  <testcase classname="ptolemy.util.test.junit.AutoTests" name="[65] /home/travis/build/icyphy/ptII/ptolemy/actor/lib/test/auto/Clock6.xml (RunModel)" time="0.014" />
  <testcase classname="ptolemy.util.test.junit.AutoTests" name="[66] /home/travis/build/icyphy/ptII/ptolemy/actor/lib/test/auto/Clock7.xml (RunModel)" time="0.012" />
  <testcase classname="ptolemy.util.test.junit.AutoTests" name="[67] /home/travis/build/icyphy/ptII/ptolemy/actor/lib/test/auto/Clock8.xml (RunModel)" time="0.024" />
  <testcase classname="ptolemy.util.test.junit.AutoTests" name="[68] /home/travis/build/icyphy/ptII/ptolemy/actor/lib/test/auto/Clock9.xml (RunModel)" time="0.017" />
  <testcase classname="ptolemy.util.test.junit.AutoTests" name="[69] /home/travis/build/icyphy/ptII/ptolemy/actor/lib/test/auto/CommDistDiscard.xml (RunModel)" time="0.025" />
  <testcase classname="ptolemy.util.test.junit.AutoTests" name="[70] /home/travis/build/icyphy/ptII/ptolemy/actor/lib/test/auto/Commutator.xml (RunModel)" time="0.014" />
  <testcase classname="ptolemy.util.test.junit.AutoTests" name="[71] /home/travis/build/icyphy/ptII/ptolemy/actor/lib/test/auto/Commutator2.xml (RunModel)" time="0.012" />
  <testcase classname="ptolemy.util.test.junit.AutoTests" name="[72] /home/travis/build/icyphy/ptII/ptolemy/actor/lib/test/auto/Commutator3.xml (RunModel)" time="0.013" />
  <testcase classname="ptolemy.util.test.junit.AutoTests" name="[73] /home/travis/build/icyphy/ptII/ptolemy/actor/lib/test/auto/Compare.xml (RunModel)" time="0.02" />
  <testcase classname="ptolemy.util.test.junit.AutoTests" name="[74] /home/travis/build/icyphy/ptII/ptolemy/actor/lib/test/auto/CompareDE.xml (RunModel)" time="0.02" />
  <testcase classname="ptolemy.util.test.junit.AutoTests" name="[75] /home/travis/build/icyphy/ptII/ptolemy/actor/lib/test/auto/ComplexDivide.xml (RunModel)" time="0.021" />
  <testcase classname="ptolemy.util.test.junit.AutoTests" name="[76] /home/travis/build/icyphy/ptII/ptolemy/actor/lib/test/auto/ComputeHistogram.xml (RunModel)" time="0.075" />
  <testcase classname="ptolemy.util.test.junit.AutoTests" name="[77] /home/travis/build/icyphy/ptII/ptolemy/actor/lib/test/auto/ConfigurationSelect.xml (RunModel)" time="0.016" />
  <testcase classname="ptolemy.util.test.junit.AutoTests" name="[78] /home/travis/build/icyphy/ptII/ptolemy/actor/lib/test/auto/ConfigurationSelect2.xml (RunModel)" time="0.013" />
  <testcase classname="ptolemy.util.test.junit.AutoTests" name="[79] /home/travis/build/icyphy/ptII/ptolemy/actor/lib/test/auto/ConfigurationSwitch.xml (RunModel)" time="0.015" />
  <testcase classname="ptolemy.util.test.junit.AutoTests" name="[80] /home/travis/build/icyphy/ptII/ptolemy/actor/lib/test/auto/ConfigurationSwitch2.xml (RunModel)" time="0.014" />
  <testcase classname="ptolemy.util.test.junit.AutoTests" name="[81] /home/travis/build/icyphy/ptII/ptolemy/actor/lib/test/auto/ConfigurationSwitchCloningBugWithClassRelationGroup.xml (RunModel)" time="0.021" />
  <testcase classname="ptolemy.util.test.junit.AutoTests" name="[82] /home/travis/build/icyphy/ptII/ptolemy/actor/lib/test/auto/ConfigurationSwitchSelectSDF.xml (RunModel)" time="0.015" />
  <testcase classname="ptolemy.util.test.junit.AutoTests" name="[83] /home/travis/build/icyphy/ptII/ptolemy/actor/lib/test/auto/ConfigurationSwitchSelectSDF2.xml (RunModel)" time="0.015" />
  <testcase classname="ptolemy.util.test.junit.AutoTests" name="[84] /home/travis/build/icyphy/ptII/ptolemy/actor/lib/test/auto/Const.xml (RunModel)" time="0.008" />
  <testcase classname="ptolemy.util.test.junit.AutoTests" name="[85] /home/travis/build/icyphy/ptII/ptolemy/actor/lib/test/auto/Const2.xml (RunModel)" time="0.012" />
  <testcase classname="ptolemy.util.test.junit.AutoTests" name="[86] /home/travis/build/icyphy/ptII/ptolemy/actor/lib/test/auto/Const3.xml (RunModel)" time="0.007" />
  <testcase classname="ptolemy.util.test.junit.AutoTests" name="[87] /home/travis/build/icyphy/ptII/ptolemy/actor/lib/test/auto/ConstantPublisherPort1.xml (RunModel)" time="0.023" />
  <testcase classname="ptolemy.util.test.junit.AutoTests" name="[88] /home/travis/build/icyphy/ptII/ptolemy/actor/lib/test/auto/ConstantPublisherPort2.xml (RunModel)" time="0.023" />
  <testcase classname="ptolemy.util.test.junit.AutoTests" name="[89] /home/travis/build/icyphy/ptII/ptolemy/actor/lib/test/auto/ConstantPublisherPort3.xml (RunModel)" time="0.019" />
  <testcase classname="ptolemy.util.test.junit.AutoTests" name="[90] /home/travis/build/icyphy/ptII/ptolemy/actor/lib/test/auto/ConstantPublisherPort4.xml (RunModel)" time="0.057" />
  <testcase classname="ptolemy.util.test.junit.AutoTests" name="[91] /home/travis/build/icyphy/ptII/ptolemy/actor/lib/test/auto/ConstantPublisherPort5.xml (RunModel)" time="0.04" />
  <testcase classname="ptolemy.util.test.junit.AutoTests" name="[92] /home/travis/build/icyphy/ptII/ptolemy/actor/lib/test/auto/ConstantPublisherPort6.xml (RunModel)" time="0.023" />
  <testcase classname="ptolemy.util.test.junit.AutoTests" name="[93] /home/travis/build/icyphy/ptII/ptolemy/actor/lib/test/auto/ConstantPublisherPort7.xml (RunModel)" time="0.031" />
  <testcase classname="ptolemy.util.test.junit.AutoTests" name="[94] /home/travis/build/icyphy/ptII/ptolemy/actor/lib/test/auto/ConstraintMonitor1.xml (RunModel)" time="0.04" />
  <testcase classname="ptolemy.util.test.junit.AutoTests" name="[95] /home/travis/build/icyphy/ptII/ptolemy/actor/lib/test/auto/ConstraintMonitor2.xml (RunModel)" time="0.012" />
  <testcase classname="ptolemy.util.test.junit.AutoTests" name="[96] /home/travis/build/icyphy/ptII/ptolemy/actor/lib/test/auto/ConstraintMonitor3.xml (RunModel)" time="0.013" />
  <testcase classname="ptolemy.util.test.junit.AutoTests" name="[97] /home/travis/build/icyphy/ptII/ptolemy/actor/lib/test/auto/ConstraintMonitor4.xml (RunModel)" time="0.015" />
  <testcase classname="ptolemy.util.test.junit.AutoTests" name="[98] /home/travis/build/icyphy/ptII/ptolemy/actor/lib/test/auto/ConstraintMonitor5.xml (RunModel)" time="0.017" />
  <testcase classname="ptolemy.util.test.junit.AutoTests" name="[99] /home/travis/build/icyphy/ptII/ptolemy/actor/lib/test/auto/ConstraintMonitor6.xml (RunModel)" time="0.021" />
  <testcase classname="ptolemy.util.test.junit.AutoTests" name="[100] /home/travis/build/icyphy/ptII/ptolemy/actor/lib/test/auto/ConstraintMonitor7.xml (RunModel)" time="0.02" />
  <testcase classname="ptolemy.util.test.junit.AutoTests" name="[101] /home/travis/build/icyphy/ptII/ptolemy/actor/lib/test/auto/ConstraintMonitor8.xml (RunModel)" time="0.022" />
  <testcase classname="ptolemy.util.test.junit.AutoTests" name="[102] /home/travis/build/icyphy/ptII/ptolemy/actor/lib/test/auto/Counter.xml (RunModel)" time="0.014" />
  <testcase classname="ptolemy.util.test.junit.AutoTests" name="[103] /home/travis/build/icyphy/ptII/ptolemy/actor/lib/test/auto/CurrentTimeSDF.xml (RunModel)" time="0.01" />
  <testcase classname="ptolemy.util.test.junit.AutoTests" name="[104] /home/travis/build/icyphy/ptII/ptolemy/actor/lib/test/auto/DB.xml (RunModel)" time="0.016" />
  <testcase classname="ptolemy.util.test.junit.AutoTests" name="[105] /home/travis/build/icyphy/ptII/ptolemy/actor/lib/test/auto/DBDE.xml (RunModel)" time="0.015" />
  <testcase classname="ptolemy.util.test.junit.AutoTests" name="[106] /home/travis/build/icyphy/ptII/ptolemy/actor/lib/test/auto/DateConstructor.xml (RunModel)" time="0.07" />
  <testcase classname="ptolemy.util.test.junit.AutoTests" name="[107] /home/travis/build/icyphy/ptII/ptolemy/actor/lib/test/auto/DelayTime.xml (RunModel)" time="0.017" />
  <testcase classname="ptolemy.util.test.junit.AutoTests" name="[108] /home/travis/build/icyphy/ptII/ptolemy/actor/lib/test/auto/Dictionary1.xml (RunModel)" time="0.018" />
  <testcase classname="ptolemy.util.test.junit.AutoTests" name="[109] /home/travis/build/icyphy/ptII/ptolemy/actor/lib/test/auto/Dictionary2.xml (RunModel)" time="0.017" />
  <testcase classname="ptolemy.util.test.junit.AutoTests" name="[110] /home/travis/build/icyphy/ptII/ptolemy/actor/lib/test/auto/Dictionary3.xml (RunModel)" time="0.013" />
  <testcase classname="ptolemy.util.test.junit.AutoTests" name="[111] /home/travis/build/icyphy/ptII/ptolemy/actor/lib/test/auto/Dictionary4.xml (RunModel)" time="0.024" />
  <testcase classname="ptolemy.util.test.junit.AutoTests" name="[112] /home/travis/build/icyphy/ptII/ptolemy/actor/lib/test/auto/Differential.xml (RunModel)" time="0.013" />
  <testcase classname="ptolemy.util.test.junit.AutoTests" name="[113] /home/travis/build/icyphy/ptII/ptolemy/actor/lib/test/auto/Director.xml (RunModel)" time="0.01" />
  <testcase classname="ptolemy.util.test.junit.AutoTests" name="[114] /home/travis/build/icyphy/ptII/ptolemy/actor/lib/test/auto/DiscreteClock.xml (RunModel)" time="0.008" />
  <testcase classname="ptolemy.util.test.junit.AutoTests" name="[115] /home/travis/build/icyphy/ptII/ptolemy/actor/lib/test/auto/DiscreteClock10.xml (RunModel)" time="0.015" />
  <testcase classname="ptolemy.util.test.junit.AutoTests" name="[116] /home/travis/build/icyphy/ptII/ptolemy/actor/lib/test/auto/DiscreteClock11.xml (RunModel)" time="0.013" />
  <testcase classname="ptolemy.util.test.junit.AutoTests" name="[117] /home/travis/build/icyphy/ptII/ptolemy/actor/lib/test/auto/DiscreteClock12.xml (RunModel)" time="0.016" />
  <testcase classname="ptolemy.util.test.junit.AutoTests" name="[118] /home/travis/build/icyphy/ptII/ptolemy/actor/lib/test/auto/DiscreteClock13.xml (RunModel)" time="0.019" />
  <testcase classname="ptolemy.util.test.junit.AutoTests" name="[119] /home/travis/build/icyphy/ptII/ptolemy/actor/lib/test/auto/DiscreteClock14.xml (RunModel)" time="0.018" />
  <testcase classname="ptolemy.util.test.junit.AutoTests" name="[120] /home/travis/build/icyphy/ptII/ptolemy/actor/lib/test/auto/DiscreteClock15.xml (RunModel)" time="0.017" />
  <testcase classname="ptolemy.util.test.junit.AutoTests" name="[121] /home/travis/build/icyphy/ptII/ptolemy/actor/lib/test/auto/DiscreteClock16.xml (RunModel)" time="0.66" />
  <testcase classname="ptolemy.util.test.junit.AutoTests" name="[122] /home/travis/build/icyphy/ptII/ptolemy/actor/lib/test/auto/DiscreteClock17.xml (RunModel)" time="0.046" />
  <testcase classname="ptolemy.util.test.junit.AutoTests" name="[123] /home/travis/build/icyphy/ptII/ptolemy/actor/lib/test/auto/DiscreteClock18.xml (RunModel)" time="0.039" />
  <testcase classname="ptolemy.util.test.junit.AutoTests" name="[124] /home/travis/build/icyphy/ptII/ptolemy/actor/lib/test/auto/DiscreteClock19.xml (RunModel)" time="0.04" />
  <testcase classname="ptolemy.util.test.junit.AutoTests" name="[125] /home/travis/build/icyphy/ptII/ptolemy/actor/lib/test/auto/DiscreteClock2.xml (RunModel)" time="0.013" />
  <testcase classname="ptolemy.util.test.junit.AutoTests" name="[126] /home/travis/build/icyphy/ptII/ptolemy/actor/lib/test/auto/DiscreteClock20.xml (RunModel)" time="0.019" />
  <testcase classname="ptolemy.util.test.junit.AutoTests" name="[127] /home/travis/build/icyphy/ptII/ptolemy/actor/lib/test/auto/DiscreteClock21.xml (RunModel)" time="0.018" />
  <testcase classname="ptolemy.util.test.junit.AutoTests" name="[128] /home/travis/build/icyphy/ptII/ptolemy/actor/lib/test/auto/DiscreteClock22.xml (RunModel)" time="0.014" />
  <testcase classname="ptolemy.util.test.junit.AutoTests" name="[129] /home/travis/build/icyphy/ptII/ptolemy/actor/lib/test/auto/DiscreteClock23.xml (RunModel)" time="0.019" />
  <testcase classname="ptolemy.util.test.junit.AutoTests" name="[130] /home/travis/build/icyphy/ptII/ptolemy/actor/lib/test/auto/DiscreteClock24.xml (RunModel)" time="0.015" />
  <testcase classname="ptolemy.util.test.junit.AutoTests" name="[131] /home/travis/build/icyphy/ptII/ptolemy/actor/lib/test/auto/DiscreteClock4.xml (RunModel)" time="0.011" />
  <testcase classname="ptolemy.util.test.junit.AutoTests" name="[132] /home/travis/build/icyphy/ptII/ptolemy/actor/lib/test/auto/DiscreteClock5.xml (RunModel)" time="0.01" />
  <testcase classname="ptolemy.util.test.junit.AutoTests" name="[133] /home/travis/build/icyphy/ptII/ptolemy/actor/lib/test/auto/DiscreteClock6.xml (RunModel)" time="0.008" />
  <testcase classname="ptolemy.util.test.junit.AutoTests" name="[134] /home/travis/build/icyphy/ptII/ptolemy/actor/lib/test/auto/DiscreteClock7.xml (RunModel)" time="0.01" />
  <testcase classname="ptolemy.util.test.junit.AutoTests" name="[135] /home/travis/build/icyphy/ptII/ptolemy/actor/lib/test/auto/DiscreteClock8.xml (RunModel)" time="0.019" />
  <testcase classname="ptolemy.util.test.junit.AutoTests" name="[136] /home/travis/build/icyphy/ptII/ptolemy/actor/lib/test/auto/DiscreteClock9.xml (RunModel)" time="0.016" />
  <testcase classname="ptolemy.util.test.junit.AutoTests" name="[137] /home/travis/build/icyphy/ptII/ptolemy/actor/lib/test/auto/DisplayArray.xml (RunModel)" time="0.009" />
  <testcase classname="ptolemy.util.test.junit.AutoTests" name="[138] /home/travis/build/icyphy/ptII/ptolemy/actor/lib/test/auto/Distributor.xml (RunModel)" time="0.012" />
  <testcase classname="ptolemy.util.test.junit.AutoTests" name="[139] /home/travis/build/icyphy/ptII/ptolemy/actor/lib/test/auto/Distributor2.xml (RunModel)" time="0.011" />
  <testcase classname="ptolemy.util.test.junit.AutoTests" name="[140] /home/travis/build/icyphy/ptII/ptolemy/actor/lib/test/auto/DownSample.xml (RunModel)" time="0.014" />
  <testcase classname="ptolemy.util.test.junit.AutoTests" name="[141] /home/travis/build/icyphy/ptII/ptolemy/actor/lib/test/auto/ElectronicUnitBase1.xml (RunModel)" time="0.091" />
  <testcase classname="ptolemy.util.test.junit.AutoTests" name="[142] /home/travis/build/icyphy/ptII/ptolemy/actor/lib/test/auto/ElementsToArray.xml (RunModel)" time="0.011" />
  <testcase classname="ptolemy.util.test.junit.AutoTests" name="[143] /home/travis/build/icyphy/ptII/ptolemy/actor/lib/test/auto/Equals.xml (RunModel)" time="0.011" />
  <testcase classname="ptolemy.util.test.junit.AutoTests" name="[144] /home/travis/build/icyphy/ptII/ptolemy/actor/lib/test/auto/Exec.xml (RunModel)" time="0.02" />
  <testcase classname="ptolemy.util.test.junit.AutoTests" name="[145] /home/travis/build/icyphy/ptII/ptolemy/actor/lib/test/auto/ExecEnvironment.xml (RunModel)" time="0.034" />
  <testcase classname="ptolemy.util.test.junit.AutoTests" name="[146] /home/travis/build/icyphy/ptII/ptolemy/actor/lib/test/auto/ExecNonZeroReturnOutput.xml (RunModel)" time="0.142" />
  <testcase classname="ptolemy.util.test.junit.AutoTests" name="[147] /home/travis/build/icyphy/ptII/ptolemy/actor/lib/test/auto/ExecRunDemos.xml (RunModel)" time="9.556" />
  <testcase classname="ptolemy.util.test.junit.AutoTests" name="[148] /home/travis/build/icyphy/ptII/ptolemy/actor/lib/test/auto/ExecStop.xml (RunModel)" time="5.029" />
  <testcase classname="ptolemy.util.test.junit.AutoTests" name="[149] /home/travis/build/icyphy/ptII/ptolemy/actor/lib/test/auto/ExecutionTimeSDF.xml (RunModel)" time="6.029" />
  <testcase classname="ptolemy.util.test.junit.AutoTests" name="[150] /home/travis/build/icyphy/ptII/ptolemy/actor/lib/test/auto/Expression1.xml (RunModel)" time="0.036" />
  <testcase classname="ptolemy.util.test.junit.AutoTests" name="[151] /home/travis/build/icyphy/ptII/ptolemy/actor/lib/test/auto/Expression10.xml (RunModel)" time="0.022" />
  <testcase classname="ptolemy.util.test.junit.AutoTests" name="[152] /home/travis/build/icyphy/ptII/ptolemy/actor/lib/test/auto/Expression11.xml (RunModel)" time="0.013" />
  <testcase classname="ptolemy.util.test.junit.AutoTests" name="[153] /home/travis/build/icyphy/ptII/ptolemy/actor/lib/test/auto/Expression12.xml (RunModel)" time="0.016" />
  <testcase classname="ptolemy.util.test.junit.AutoTests" name="[154] /home/travis/build/icyphy/ptII/ptolemy/actor/lib/test/auto/Expression13.xml (RunModel)" time="0.017" />
  <testcase classname="ptolemy.util.test.junit.AutoTests" name="[155] /home/travis/build/icyphy/ptII/ptolemy/actor/lib/test/auto/Expression14.xml (RunModel)" time="0.021" />
  <testcase classname="ptolemy.util.test.junit.AutoTests" name="[156] /home/travis/build/icyphy/ptII/ptolemy/actor/lib/test/auto/Expression15.xml (RunModel)" time="0.011" />
  <testcase classname="ptolemy.util.test.junit.AutoTests" name="[157] /home/travis/build/icyphy/ptII/ptolemy/actor/lib/test/auto/Expression16.xml (RunModel)" time="0.015" />
  <testcase classname="ptolemy.util.test.junit.AutoTests" name="[158] /home/travis/build/icyphy/ptII/ptolemy/actor/lib/test/auto/Expression17.xml (RunModel)" time="0.015" />
  <testcase classname="ptolemy.util.test.junit.AutoTests" name="[159] /home/travis/build/icyphy/ptII/ptolemy/actor/lib/test/auto/Expression18.xml (RunModel)" time="0.019" />
  <testcase classname="ptolemy.util.test.junit.AutoTests" name="[160] /home/travis/build/icyphy/ptII/ptolemy/actor/lib/test/auto/Expression2.xml (RunModel)" time="0.018" />
  <testcase classname="ptolemy.util.test.junit.AutoTests" name="[161] /home/travis/build/icyphy/ptII/ptolemy/actor/lib/test/auto/Expression3.xml (RunModel)" time="0.023" />
  <testcase classname="ptolemy.util.test.junit.AutoTests" name="[162] /home/travis/build/icyphy/ptII/ptolemy/actor/lib/test/auto/Expression4.xml (RunModel)" time="0.026" />
  <testcase classname="ptolemy.util.test.junit.AutoTests" name="[163] /home/travis/build/icyphy/ptII/ptolemy/actor/lib/test/auto/Expression5.xml (RunModel)" time="0.013" />
  <testcase classname="ptolemy.util.test.junit.AutoTests" name="[164] /home/travis/build/icyphy/ptII/ptolemy/actor/lib/test/auto/Expression6.xml (RunModel)" time="0.01" />
  <testcase classname="ptolemy.util.test.junit.AutoTests" name="[165] /home/travis/build/icyphy/ptII/ptolemy/actor/lib/test/auto/Expression7.xml (RunModel)" time="0.013" />
  <testcase classname="ptolemy.util.test.junit.AutoTests" name="[166] /home/travis/build/icyphy/ptII/ptolemy/actor/lib/test/auto/Expression8.xml (RunModel)" time="0.011" />
  <testcase classname="ptolemy.util.test.junit.AutoTests" name="[167] /home/travis/build/icyphy/ptII/ptolemy/actor/lib/test/auto/Expression9.xml (RunModel)" time="0.009" />
  <testcase classname="ptolemy.util.test.junit.AutoTests" name="[168] /home/travis/build/icyphy/ptII/ptolemy/actor/lib/test/auto/ExpressionConcatenateArrayType.xml (RunModel)" time="0.026" />
  <testcase classname="ptolemy.util.test.junit.AutoTests" name="[169] /home/travis/build/icyphy/ptII/ptolemy/actor/lib/test/auto/ExpressionConcatenateArrayType2.xml (RunModel)" time="0.024" />
  <testcase classname="ptolemy.util.test.junit.AutoTests" name="[170] /home/travis/build/icyphy/ptII/ptolemy/actor/lib/test/auto/ExpressionFix.xml (RunModel)" time="0.049" />
  <testcase classname="ptolemy.util.test.junit.AutoTests" name="[171] /home/travis/build/icyphy/ptII/ptolemy/actor/lib/test/auto/ExpressionFix2.xml (RunModel)" time="0.012" />
  <testcase classname="ptolemy.util.test.junit.AutoTests" name="[172] /home/travis/build/icyphy/ptII/ptolemy/actor/lib/test/auto/ExpressionFix3.xml (RunModel)" time="0.016" />
  <testcase classname="ptolemy.util.test.junit.AutoTests" name="[173] /home/travis/build/icyphy/ptII/ptolemy/actor/lib/test/auto/FileWriter1.xml (RunModel)" time="0.009" />
  <testcase classname="ptolemy.util.test.junit.AutoTests" name="[174] /home/travis/build/icyphy/ptII/ptolemy/actor/lib/test/auto/FileWriter2.xml (RunModel)" time="0.017" />
  <testcase classname="ptolemy.util.test.junit.AutoTests" name="[175] /home/travis/build/icyphy/ptII/ptolemy/actor/lib/test/auto/FileWriter3.xml (RunModel)" time="0.016" />
  <testcase classname="ptolemy.util.test.junit.AutoTests" name="[176] /home/travis/build/icyphy/ptII/ptolemy/actor/lib/test/auto/Gaussian.xml (RunModel)" time="0.012" />
  <testcase classname="ptolemy.util.test.junit.AutoTests" name="[177] /home/travis/build/icyphy/ptII/ptolemy/actor/lib/test/auto/Gaussian1.xml (RunModel)" time="0.016" />
  <testcase classname="ptolemy.util.test.junit.AutoTests" name="[178] /home/travis/build/icyphy/ptII/ptolemy/actor/lib/test/auto/Gaussian2.xml (RunModel)" time="0.016" />
  <testcase classname="ptolemy.util.test.junit.AutoTests" name="[179] /home/travis/build/icyphy/ptII/ptolemy/actor/lib/test/auto/GradientAdaptiveLattice.xml (RunModel)" time="0.025" />
  <testcase classname="ptolemy.util.test.junit.AutoTests" name="[180] /home/travis/build/icyphy/ptII/ptolemy/actor/lib/test/auto/IIR.xml (RunModel)" time="0.012" />
  <testcase classname="ptolemy.util.test.junit.AutoTests" name="[181] /home/travis/build/icyphy/ptII/ptolemy/actor/lib/test/auto/InputOutputTransparentPorts.xml (RunModel)" time="0.02" />
  <testcase classname="ptolemy.util.test.junit.AutoTests" name="[182] /home/travis/build/icyphy/ptII/ptolemy/actor/lib/test/auto/Interpolator.xml (RunModel)" time="0.013" />
  <testcase classname="ptolemy.util.test.junit.AutoTests" name="[183] /home/travis/build/icyphy/ptII/ptolemy/actor/lib/test/auto/InterpolatorFiringLimitDE.xml (RunModel)" time="0.015" />
  <testcase classname="ptolemy.util.test.junit.AutoTests" name="[184] /home/travis/build/icyphy/ptII/ptolemy/actor/lib/test/auto/Lattice.xml (RunModel)" time="0.009" />
  <testcase classname="ptolemy.util.test.junit.AutoTests" name="[185] /home/travis/build/icyphy/ptII/ptolemy/actor/lib/test/auto/LazyAOCTestLazy.xml (RunModel)" time="0.046" />
  <testcase classname="ptolemy.util.test.junit.AutoTests" name="[186] /home/travis/build/icyphy/ptII/ptolemy/actor/lib/test/auto/LazyAOCTestNonLazy.xml (RunModel)" time="0.041" />
  <testcase classname="ptolemy.util.test.junit.AutoTests" name="[187] /home/travis/build/icyphy/ptII/ptolemy/actor/lib/test/auto/LazyInnerClass.xml (RunModel)" time="0.055" />
  <testcase classname="ptolemy.util.test.junit.AutoTests" name="[188] /home/travis/build/icyphy/ptII/ptolemy/actor/lib/test/auto/LazyPubSub.xml (RunModel)" time="0.067" />
  <testcase classname="ptolemy.util.test.junit.AutoTests" name="[189] /home/travis/build/icyphy/ptII/ptolemy/actor/lib/test/auto/LazyPubSub2.xml (RunModel)" time="0.033" />
  <testcase classname="ptolemy.util.test.junit.AutoTests" name="[190] /home/travis/build/icyphy/ptII/ptolemy/actor/lib/test/auto/LazyPubSub3.xml (RunModel)" time="0.031" />
  <testcase classname="ptolemy.util.test.junit.AutoTests" name="[191] /home/travis/build/icyphy/ptII/ptolemy/actor/lib/test/auto/LazySubClassModel.xml (RunModel)" time="0.025" />
  <testcase classname="ptolemy.util.test.junit.AutoTests" name="[192] /home/travis/build/icyphy/ptII/ptolemy/actor/lib/test/auto/LevelCrossTest1.xml (RunModel)" time="0.013" />
  <testcase classname="ptolemy.util.test.junit.AutoTests" name="[193] /home/travis/build/icyphy/ptII/ptolemy/actor/lib/test/auto/LevelCrossTest10.xml (RunModel)" time="0.022" />
  <testcase classname="ptolemy.util.test.junit.AutoTests" name="[194] /home/travis/build/icyphy/ptII/ptolemy/actor/lib/test/auto/LevelCrossTest11.xml (RunModel)" time="0.014" />
  <testcase classname="ptolemy.util.test.junit.AutoTests" name="[195] /home/travis/build/icyphy/ptII/ptolemy/actor/lib/test/auto/LevelCrossTest12.xml (RunModel)" time="0.019" />
  <testcase classname="ptolemy.util.test.junit.AutoTests" name="[196] /home/travis/build/icyphy/ptII/ptolemy/actor/lib/test/auto/LevelCrossTest13.xml (RunModel)" time="0.016" />
  <testcase classname="ptolemy.util.test.junit.AutoTests" name="[197] /home/travis/build/icyphy/ptII/ptolemy/actor/lib/test/auto/LevelCrossTest2.xml (RunModel)" time="0.013" />
  <testcase classname="ptolemy.util.test.junit.AutoTests" name="[198] /home/travis/build/icyphy/ptII/ptolemy/actor/lib/test/auto/LevelCrossTest3.xml (RunModel)" time="0.016" />
  <testcase classname="ptolemy.util.test.junit.AutoTests" name="[199] /home/travis/build/icyphy/ptII/ptolemy/actor/lib/test/auto/LevelCrossTest4.xml (RunModel)" time="0.012" />
  <testcase classname="ptolemy.util.test.junit.AutoTests" name="[200] /home/travis/build/icyphy/ptII/ptolemy/actor/lib/test/auto/LevelCrossTest5.xml (RunModel)" time="0.016" />
  <testcase classname="ptolemy.util.test.junit.AutoTests" name="[201] /home/travis/build/icyphy/ptII/ptolemy/actor/lib/test/auto/LevelCrossTest6.xml (RunModel)" time="0.016" />
  <testcase classname="ptolemy.util.test.junit.AutoTests" name="[202] /home/travis/build/icyphy/ptII/ptolemy/actor/lib/test/auto/LevelCrossTest7.xml (RunModel)" time="0.025" />
  <testcase classname="ptolemy.util.test.junit.AutoTests" name="[203] /home/travis/build/icyphy/ptII/ptolemy/actor/lib/test/auto/LevelCrossTest8.xml (RunModel)" time="0.016" />
  <testcase classname="ptolemy.util.test.junit.AutoTests" name="[204] /home/travis/build/icyphy/ptII/ptolemy/actor/lib/test/auto/LevelCrossTest9.xml (RunModel)" time="0.015" />
  <testcase classname="ptolemy.util.test.junit.AutoTests" name="[205] /home/travis/build/icyphy/ptII/ptolemy/actor/lib/test/auto/LevinsonDurbin.xml (RunModel)" time="0.009" />
  <testcase classname="ptolemy.util.test.junit.AutoTests" name="[206] /home/travis/build/icyphy/ptII/ptolemy/actor/lib/test/auto/LevinsonDurbin2.xml (RunModel)" time="0.008" />
  <testcase classname="ptolemy.util.test.junit.AutoTests" name="[207] /home/travis/build/icyphy/ptII/ptolemy/actor/lib/test/auto/LevinsonDurbin3.xml (RunModel)" time="0.009" />
  <testcase classname="ptolemy.util.test.junit.AutoTests" name="[208] /home/travis/build/icyphy/ptII/ptolemy/actor/lib/test/auto/Limiter.xml (RunModel)" time="0.036" />
  <testcase classname="ptolemy.util.test.junit.AutoTests" name="[209] /home/travis/build/icyphy/ptII/ptolemy/actor/lib/test/auto/LinearDifferenceEquationSystem.xml (RunModel)" time="0.024" />
  <testcase classname="ptolemy.util.test.junit.AutoTests" name="[210] /home/travis/build/icyphy/ptII/ptolemy/actor/lib/test/auto/LookupTable.xml (RunModel)" time="0.009" />
  <testcase classname="ptolemy.util.test.junit.AutoTests" name="[211] /home/travis/build/icyphy/ptII/ptolemy/actor/lib/test/auto/MathFunction.xml (RunModel)" time="0.025" />
  <testcase classname="ptolemy.util.test.junit.AutoTests" name="[212] /home/travis/build/icyphy/ptII/ptolemy/actor/lib/test/auto/MathFunction2.xml (RunModel)" time="0.02" />
  <testcase classname="ptolemy.util.test.junit.AutoTests" name="[213] /home/travis/build/icyphy/ptII/ptolemy/actor/lib/test/auto/MathFunction3.xml (RunModel)" time="0.031" />
  <testcase classname="ptolemy.util.test.junit.AutoTests" name="[214] /home/travis/build/icyphy/ptII/ptolemy/actor/lib/test/auto/MatrixCropBoolean.xml (RunModel)" time="0.016" />
  <testcase classname="ptolemy.util.test.junit.AutoTests" name="[215] /home/travis/build/icyphy/ptII/ptolemy/actor/lib/test/auto/MatrixCropComplex.xml (RunModel)" time="0.01" />
  <testcase classname="ptolemy.util.test.junit.AutoTests" name="[216] /home/travis/build/icyphy/ptII/ptolemy/actor/lib/test/auto/MatrixCropDouble.xml (RunModel)" time="0.008" />
  <testcase classname="ptolemy.util.test.junit.AutoTests" name="[217] /home/travis/build/icyphy/ptII/ptolemy/actor/lib/test/auto/MatrixCropFix.xml (RunModel)" time="0.011" />
  <testcase classname="ptolemy.util.test.junit.AutoTests" name="[218] /home/travis/build/icyphy/ptII/ptolemy/actor/lib/test/auto/MatrixCropInt.xml (RunModel)" time="0.009" />
  <testcase classname="ptolemy.util.test.junit.AutoTests" name="[219] /home/travis/build/icyphy/ptII/ptolemy/actor/lib/test/auto/MatrixCropLong.xml (RunModel)" time="0.01" />
  <testcase classname="ptolemy.util.test.junit.AutoTests" name="[220] /home/travis/build/icyphy/ptII/ptolemy/actor/lib/test/auto/MatrixToArray.xml (RunModel)" time="0.06" />
  <testcase classname="ptolemy.util.test.junit.AutoTests" name="[221] /home/travis/build/icyphy/ptII/ptolemy/actor/lib/test/auto/MaxIndex.xml (RunModel)" time="0.011" />
  <testcase classname="ptolemy.util.test.junit.AutoTests" name="[222] /home/travis/build/icyphy/ptII/ptolemy/actor/lib/test/auto/Maximum.xml (RunModel)" time="0.021" />
  <testcase classname="ptolemy.util.test.junit.AutoTests" name="[223] /home/travis/build/icyphy/ptII/ptolemy/actor/lib/test/auto/MaximumComplex.xml (RunModel)" time="0.014" />
  <testcase classname="ptolemy.util.test.junit.AutoTests" name="[224] /home/travis/build/icyphy/ptII/ptolemy/actor/lib/test/auto/MethodCallTest.xml (RunModel)" time="0.025" />
  <testcase classname="ptolemy.util.test.junit.AutoTests" name="[225] /home/travis/build/icyphy/ptII/ptolemy/actor/lib/test/auto/Minimum.xml (RunModel)" time="0.018" />
  <testcase classname="ptolemy.util.test.junit.AutoTests" name="[226] /home/travis/build/icyphy/ptII/ptolemy/actor/lib/test/auto/MinimumComplex.xml (RunModel)" time="0.018" />
  <testcase classname="ptolemy.util.test.junit.AutoTests" name="[227] /home/travis/build/icyphy/ptII/ptolemy/actor/lib/test/auto/MinimumMultiports.xml (RunModel)" time="0.023" />
  <testcase classname="ptolemy.util.test.junit.AutoTests" name="[228] /home/travis/build/icyphy/ptII/ptolemy/actor/lib/test/auto/ModifyDate.xml (RunModel)" time="0.046" />
  <testcase classname="ptolemy.util.test.junit.AutoTests" name="[229] /home/travis/build/icyphy/ptII/ptolemy/actor/lib/test/auto/ModifyDate2.xml (RunModel)" time="0.036" />
  <testcase classname="ptolemy.util.test.junit.AutoTests" name="[230] /home/travis/build/icyphy/ptII/ptolemy/actor/lib/test/auto/MovingAverage.xml (RunModel)" time="0.013" />
  <testcase classname="ptolemy.util.test.junit.AutoTests" name="[231] /home/travis/build/icyphy/ptII/ptolemy/actor/lib/test/auto/MovingMaximum.xml (RunModel)" time="0.012" />
  <testcase classname="ptolemy.util.test.junit.AutoTests" name="[232] /home/travis/build/icyphy/ptII/ptolemy/actor/lib/test/auto/MultipleLinksToSameRelation.xml (RunModel)" time="0.012" />
  <testcase classname="ptolemy.util.test.junit.AutoTests" name="[233] /home/travis/build/icyphy/ptII/ptolemy/actor/lib/test/auto/MultipleLinksToSameRelationDE.xml (RunModel)" time="0.014" />
  <testcase classname="ptolemy.util.test.junit.AutoTests" name="[234] /home/travis/build/icyphy/ptII/ptolemy/actor/lib/test/auto/Multiplexor.xml (RunModel)" time="0.016" />
  <testcase classname="ptolemy.util.test.junit.AutoTests" name="[235] /home/travis/build/icyphy/ptII/ptolemy/actor/lib/test/auto/Multiplexor1.xml (RunModel)" time="0.013" />
  <testcase classname="ptolemy.util.test.junit.AutoTests" name="[236] /home/travis/build/icyphy/ptII/ptolemy/actor/lib/test/auto/Multiplexor2.xml (RunModel)" time="0.019" />
  <testcase classname="ptolemy.util.test.junit.AutoTests" name="[237] /home/travis/build/icyphy/ptII/ptolemy/actor/lib/test/auto/Multiplexor3.xml (RunModel)" time="0.01" />
  <testcase classname="ptolemy.util.test.junit.AutoTests" name="[238] /home/travis/build/icyphy/ptII/ptolemy/actor/lib/test/auto/MultiplexorDE.xml (RunModel)" time="0.019" />
  <testcase classname="ptolemy.util.test.junit.AutoTests" name="[239] /home/travis/build/icyphy/ptII/ptolemy/actor/lib/test/auto/MultiportBroadcastTest.xml (RunModel)" time="0.105" />
  <testcase classname="ptolemy.util.test.junit.AutoTests" name="[240] /home/travis/build/icyphy/ptII/ptolemy/actor/lib/test/auto/MultiportOutHangDuringGetWidth.xml (RunModel)" time="0.043" />
  <testcase classname="ptolemy.util.test.junit.AutoTests" name="[241] /home/travis/build/icyphy/ptII/ptolemy/actor/lib/test/auto/NilToken.xml (RunModel)" time="0.014" />
  <testcase classname="ptolemy.util.test.junit.AutoTests" name="[242] /home/travis/build/icyphy/ptII/ptolemy/actor/lib/test/auto/NilTokenNonStrictTest.xml (RunModel)" time="0.015" />
  <testcase classname="ptolemy.util.test.junit.AutoTests" name="[243] /home/travis/build/icyphy/ptII/ptolemy/actor/lib/test/auto/NilTokenRecord.xml (RunModel)" time="0.031" />
  <testcase classname="ptolemy.util.test.junit.AutoTests" name="[244] /home/travis/build/icyphy/ptII/ptolemy/actor/lib/test/auto/NilTokenTypeTest.xml (RunModel)" time="0.029" />
  <testcase classname="ptolemy.util.test.junit.AutoTests" name="[245] /home/travis/build/icyphy/ptII/ptolemy/actor/lib/test/auto/ObjectToken1.xml (RunModel)" time="0.011" />
  <testcase classname="ptolemy.util.test.junit.AutoTests" name="[246] /home/travis/build/icyphy/ptII/ptolemy/actor/lib/test/auto/OrderedMerge.xml (RunModel)" time="0.022" />
  <testcase classname="ptolemy.util.test.junit.AutoTests" name="[247] /home/travis/build/icyphy/ptII/ptolemy/actor/lib/test/auto/OrderedRecordDisassembler.xml (RunModel)" time="0.016" />
  <testcase classname="ptolemy.util.test.junit.AutoTests" name="[248] /home/travis/build/icyphy/ptII/ptolemy/actor/lib/test/auto/OrderedRecordDisassembler2.xml (RunModel)" time="0.022" />
  <testcase classname="ptolemy.util.test.junit.AutoTests" name="[249] /home/travis/build/icyphy/ptII/ptolemy/actor/lib/test/auto/OrderedRecordUpdater.xml (RunModel)" time="0.011" />
  <testcase classname="ptolemy.util.test.junit.AutoTests" name="[250] /home/travis/build/icyphy/ptII/ptolemy/actor/lib/test/auto/OrderedRecordUpdater2.xml (RunModel)" time="0.018" />
  <testcase classname="ptolemy.util.test.junit.AutoTests" name="[251] /home/travis/build/icyphy/ptII/ptolemy/actor/lib/test/auto/PhaseUnwrap.xml (RunModel)" time="0.011" />
  <testcase classname="ptolemy.util.test.junit.AutoTests" name="[252] /home/travis/build/icyphy/ptII/ptolemy/actor/lib/test/auto/PoissonClock.xml (RunModel)" time="0.008" />
  <testcase classname="ptolemy.util.test.junit.AutoTests" name="[253] /home/travis/build/icyphy/ptII/ptolemy/actor/lib/test/auto/PoissonClock2.xml (RunModel)" time="0.007" />
  <testcase classname="ptolemy.util.test.junit.AutoTests" name="[254] /home/travis/build/icyphy/ptII/ptolemy/actor/lib/test/auto/PoissonClock3.xml (RunModel)" time="0.015" />
  <testcase classname="ptolemy.util.test.junit.AutoTests" name="[255] /home/travis/build/icyphy/ptII/ptolemy/actor/lib/test/auto/PubSubWithInitialTokens.xml (RunModel)" time="0.013" />
  <testcase classname="ptolemy.util.test.junit.AutoTests" name="[256] /home/travis/build/icyphy/ptII/ptolemy/actor/lib/test/auto/PubSubWithInitialTokens2.xml (RunModel)" time="0.013" />
  <testcase classname="ptolemy.util.test.junit.AutoTests" name="[257] /home/travis/build/icyphy/ptII/ptolemy/actor/lib/test/auto/PublisherClassNoParameter.xml (RunModel)" time="0.026" />
  <testcase classname="ptolemy.util.test.junit.AutoTests" name="[258] /home/travis/build/icyphy/ptII/ptolemy/actor/lib/test/auto/PublisherClassParameter.xml (RunModel)" time="0.024" />
  <testcase classname="ptolemy.util.test.junit.AutoTests" name="[259] /home/travis/build/icyphy/ptII/ptolemy/actor/lib/test/auto/PublisherNonStrictTest.xml (RunModel)" time="0.015" />
  <testcase classname="ptolemy.util.test.junit.AutoTests" name="[260] /home/travis/build/icyphy/ptII/ptolemy/actor/lib/test/auto/PublisherPort1.xml (RunModel)" time="0.011" />
  <testcase classname="ptolemy.util.test.junit.AutoTests" name="[261] /home/travis/build/icyphy/ptII/ptolemy/actor/lib/test/auto/PublisherPort2.xml (RunModel)" time="0.01" />
  <testcase classname="ptolemy.util.test.junit.AutoTests" name="[262] /home/travis/build/icyphy/ptII/ptolemy/actor/lib/test/auto/PublisherPort3.xml (RunModel)" time="0.019" />
  <testcase classname="ptolemy.util.test.junit.AutoTests" name="[263] /home/travis/build/icyphy/ptII/ptolemy/actor/lib/test/auto/PublisherPort4.xml (RunModel)" time="0.021" />
  <testcase classname="ptolemy.util.test.junit.AutoTests" name="[264] /home/travis/build/icyphy/ptII/ptolemy/actor/lib/test/auto/PublisherPort5.xml (RunModel)" time="0.015" />
  <testcase classname="ptolemy.util.test.junit.AutoTests" name="[265] /home/travis/build/icyphy/ptII/ptolemy/actor/lib/test/auto/PublisherPort5LookAlike.xml (RunModel)" time="0.019" />
  <testcase classname="ptolemy.util.test.junit.AutoTests" name="[266] /home/travis/build/icyphy/ptII/ptolemy/actor/lib/test/auto/PublisherPort6.xml (RunModel)" time="0.013" />
  <testcase classname="ptolemy.util.test.junit.AutoTests" name="[267] /home/travis/build/icyphy/ptII/ptolemy/actor/lib/test/auto/PublisherPort7.xml (RunModel)" time="0.016" />
  <testcase classname="ptolemy.util.test.junit.AutoTests" name="[268] /home/travis/build/icyphy/ptII/ptolemy/actor/lib/test/auto/PublisherPort8.xml (RunModel)" time="0.018" />
  <testcase classname="ptolemy.util.test.junit.AutoTests" name="[269] /home/travis/build/icyphy/ptII/ptolemy/actor/lib/test/auto/PublisherPortSubscriberChannelVariablesAOC2.xml (RunModel)" time="0.037" />
  <testcase classname="ptolemy.util.test.junit.AutoTests" name="[270] /home/travis/build/icyphy/ptII/ptolemy/actor/lib/test/auto/PublisherPortSubscriberOpaqueWidthInference.xml (RunModel)" time="0.018" />
  <testcase classname="ptolemy.util.test.junit.AutoTests" name="[271] /home/travis/build/icyphy/ptII/ptolemy/actor/lib/test/auto/PublisherPortSubscriberPortAdjacent.xml (RunModel)" time="0.022" />
  <testcase classname="ptolemy.util.test.junit.AutoTests" name="[272] /home/travis/build/icyphy/ptII/ptolemy/actor/lib/test/auto/PublisherPortSubscriberPortExpression.xml (RunModel)" time="0.027" />
  <testcase classname="ptolemy.util.test.junit.AutoTests" name="[273] /home/travis/build/icyphy/ptII/ptolemy/actor/lib/test/auto/PublisherPortSubscriberPortOpaqueD3Reverse.xml (RunModel)" time="0.038" />
  <testcase classname="ptolemy.util.test.junit.AutoTests" name="[274] /home/travis/build/icyphy/ptII/ptolemy/actor/lib/test/auto/PublisherPortSubscriberPortOpaqueWidthInference.xml (RunModel)" time="0.017" />
  <testcase classname="ptolemy.util.test.junit.AutoTests" name="[275] /home/travis/build/icyphy/ptII/ptolemy/actor/lib/test/auto/PublisherPortToplevelSubscriberPortAOC.xml (RunModel)" time="0.012" />
  <testcase classname="ptolemy.util.test.junit.AutoTests" name="[276] /home/travis/build/icyphy/ptII/ptolemy/actor/lib/test/auto/PublisherSubscriber.xml (RunModel)" time="0.014" />
  <testcase classname="ptolemy.util.test.junit.AutoTests" name="[277] /home/travis/build/icyphy/ptII/ptolemy/actor/lib/test/auto/PublisherSubscriber10.xml (RunModel)" time="0.025" />
  <testcase classname="ptolemy.util.test.junit.AutoTests" name="[278] /home/travis/build/icyphy/ptII/ptolemy/actor/lib/test/auto/PublisherSubscriber10InitialOutputs.xml (RunModel)" time="0.03" />
  <testcase classname="ptolemy.util.test.junit.AutoTests" name="[279] /home/travis/build/icyphy/ptII/ptolemy/actor/lib/test/auto/PublisherSubscriber11.xml (RunModel)" time="0.016" />
  <testcase classname="ptolemy.util.test.junit.AutoTests" name="[280] /home/travis/build/icyphy/ptII/ptolemy/actor/lib/test/auto/PublisherSubscriber12.xml (RunModel)" time="0.014" />
  <testcase classname="ptolemy.util.test.junit.AutoTests" name="[281] /home/travis/build/icyphy/ptII/ptolemy/actor/lib/test/auto/PublisherSubscriber13.xml (RunModel)" time="0.011" />
  <testcase classname="ptolemy.util.test.junit.AutoTests" name="[282] /home/travis/build/icyphy/ptII/ptolemy/actor/lib/test/auto/PublisherSubscriber14.xml (RunModel)" time="0.024" />
  <testcase classname="ptolemy.util.test.junit.AutoTests" name="[283] /home/travis/build/icyphy/ptII/ptolemy/actor/lib/test/auto/PublisherSubscriber2.xml (RunModel)" time="0.01" />
  <testcase classname="ptolemy.util.test.junit.AutoTests" name="[284] /home/travis/build/icyphy/ptII/ptolemy/actor/lib/test/auto/PublisherSubscriber3.xml (RunModel)" time="0.011" />
  <testcase classname="ptolemy.util.test.junit.AutoTests" name="[285] /home/travis/build/icyphy/ptII/ptolemy/actor/lib/test/auto/PublisherSubscriber4.xml (RunModel)" time="0.011" />
  <testcase classname="ptolemy.util.test.junit.AutoTests" name="[286] /home/travis/build/icyphy/ptII/ptolemy/actor/lib/test/auto/PublisherSubscriber5.xml (RunModel)" time="0.013" />
  <testcase classname="ptolemy.util.test.junit.AutoTests" name="[287] /home/travis/build/icyphy/ptII/ptolemy/actor/lib/test/auto/PublisherSubscriber6.xml (RunModel)" time="0.014" />
  <testcase classname="ptolemy.util.test.junit.AutoTests" name="[288] /home/travis/build/icyphy/ptII/ptolemy/actor/lib/test/auto/PublisherSubscriber7.xml (RunModel)" time="0.016" />
  <testcase classname="ptolemy.util.test.junit.AutoTests" name="[289] /home/travis/build/icyphy/ptII/ptolemy/actor/lib/test/auto/PublisherSubscriber8.xml (RunModel)" time="0.025" />
  <testcase classname="ptolemy.util.test.junit.AutoTests" name="[290] /home/travis/build/icyphy/ptII/ptolemy/actor/lib/test/auto/PublisherSubscriber9.xml (RunModel)" time="0.017" />
  <testcase classname="ptolemy.util.test.junit.AutoTests" name="[291] /home/travis/build/icyphy/ptII/ptolemy/actor/lib/test/auto/PublisherSubscriberAdjacent.xml (RunModel)" time="0.018" />
  <testcase classname="ptolemy.util.test.junit.AutoTests" name="[292] /home/travis/build/icyphy/ptII/ptolemy/actor/lib/test/auto/PublisherSubscriberChannelVariablesAOC2.xml (RunModel)" time="0.029" />
  <testcase classname="ptolemy.util.test.junit.AutoTests" name="[293] /home/travis/build/icyphy/ptII/ptolemy/actor/lib/test/auto/PublisherSubscriberD3.xml (RunModel)" time="0.014" />
  <testcase classname="ptolemy.util.test.junit.AutoTests" name="[294] /home/travis/build/icyphy/ptII/ptolemy/actor/lib/test/auto/PublisherSubscriberD3Reverse.xml (RunModel)" time="0.014" />
  <testcase classname="ptolemy.util.test.junit.AutoTests" name="[295] /home/travis/build/icyphy/ptII/ptolemy/actor/lib/test/auto/PublisherSubscriberExpression.xml (RunModel)" time="0.021" />
  <testcase classname="ptolemy.util.test.junit.AutoTests" name="[296] /home/travis/build/icyphy/ptII/ptolemy/actor/lib/test/auto/PublisherSubscriberOpaque.xml (RunModel)" time="0.019" />
  <testcase classname="ptolemy.util.test.junit.AutoTests" name="[297] /home/travis/build/icyphy/ptII/ptolemy/actor/lib/test/auto/PublisherSubscriberOpaqueD3.xml (RunModel)" time="0.028" />
  <testcase classname="ptolemy.util.test.junit.AutoTests" name="[298] /home/travis/build/icyphy/ptII/ptolemy/actor/lib/test/auto/PublisherSubscriberOpaqueD3Reverse.xml (RunModel)" time="0.023" />
  <testcase classname="ptolemy.util.test.junit.AutoTests" name="[299] /home/travis/build/icyphy/ptII/ptolemy/actor/lib/test/auto/PublisherSubscriberOpaqueWidthInference.xml (RunModel)" time="0.02" />
  <testcase classname="ptolemy.util.test.junit.AutoTests" name="[300] /home/travis/build/icyphy/ptII/ptolemy/actor/lib/test/auto/PublisherTestSubscriber.xml (RunModel)" time="0.017" />
  <testcase classname="ptolemy.util.test.junit.AutoTests" name="[301] /home/travis/build/icyphy/ptII/ptolemy/actor/lib/test/auto/PublisherToplevelSubscriberPortAOC.xml (RunModel)" time="0.013" />
  <testcase classname="ptolemy.util.test.junit.AutoTests" name="[302] /home/travis/build/icyphy/ptII/ptolemy/actor/lib/test/auto/PulseFiringLimitDE.xml (RunModel)" time="0.016" />
  <testcase classname="ptolemy.util.test.junit.AutoTests" name="[303] /home/travis/build/icyphy/ptII/ptolemy/actor/lib/test/auto/Ramp1.xml (RunModel)" time="0.009" />
  <testcase classname="ptolemy.util.test.junit.AutoTests" name="[304] /home/travis/build/icyphy/ptII/ptolemy/actor/lib/test/auto/RampFiringLimitDE.xml (RunModel)" time="0.012" />
  <testcase classname="ptolemy.util.test.junit.AutoTests" name="[305] /home/travis/build/icyphy/ptII/ptolemy/actor/lib/test/auto/RampFiringLimitSDF.xml (RunModel)" time="0.011" />
  <testcase classname="ptolemy.util.test.junit.AutoTests" name="[306] /home/travis/build/icyphy/ptII/ptolemy/actor/lib/test/auto/RandomInteger.xml (RunModel)" time="0.009" />
  <testcase classname="ptolemy.util.test.junit.AutoTests" name="[307] /home/travis/build/icyphy/ptII/ptolemy/actor/lib/test/auto/ReadFile1.xml (RunModel)" time="0.01" />
  <testcase classname="ptolemy.util.test.junit.AutoTests" name="[308] /home/travis/build/icyphy/ptII/ptolemy/actor/lib/test/auto/ReadFile2.xml (RunModel)" time="0.016" />
  <testcase classname="ptolemy.util.test.junit.AutoTests" name="[309] /home/travis/build/icyphy/ptII/ptolemy/actor/lib/test/auto/Reader.xml (RunModel)" time="0.014" />
  <testcase classname="ptolemy.util.test.junit.AutoTests" name="[310] /home/travis/build/icyphy/ptII/ptolemy/actor/lib/test/auto/RecordAssemblerDisplayNameTest.xml (RunModel)" time="4.044" />
  <testcase classname="ptolemy.util.test.junit.AutoTests" name="[311] /home/travis/build/icyphy/ptII/ptolemy/actor/lib/test/auto/RecordAssemblerTypeError.xml (RunModel)" time="0.045" />
  <testcase classname="ptolemy.util.test.junit.AutoTests" name="[312] /home/travis/build/icyphy/ptII/ptolemy/actor/lib/test/auto/RecordDisassember.xml (RunModel)" time="0.012" />
  <testcase classname="ptolemy.util.test.junit.AutoTests" name="[313] /home/travis/build/icyphy/ptII/ptolemy/actor/lib/test/auto/RecordDisassemberDisplayNameTest.xml (RunModel)" time="0.023" />
  <testcase classname="ptolemy.util.test.junit.AutoTests" name="[314] /home/travis/build/icyphy/ptII/ptolemy/actor/lib/test/auto/RecordDisassembler.xml (RunModel)" time="0.009" />
  <testcase classname="ptolemy.util.test.junit.AutoTests" name="[315] /home/travis/build/icyphy/ptII/ptolemy/actor/lib/test/auto/RecordDisassembler2.xml (RunModel)" time="0.012" />
  <testcase classname="ptolemy.util.test.junit.AutoTests" name="[316] /home/travis/build/icyphy/ptII/ptolemy/actor/lib/test/auto/RecordUpdater.xml (RunModel)" time="0.01" />
  <testcase classname="ptolemy.util.test.junit.AutoTests" name="[317] /home/travis/build/icyphy/ptII/ptolemy/actor/lib/test/auto/RecordUpdater2.xml (RunModel)" time="0.009" />
  <testcase classname="ptolemy.util.test.junit.AutoTests" name="[318] /home/travis/build/icyphy/ptII/ptolemy/actor/lib/test/auto/RecursiveLattice.xml (RunModel)" time="0.011" />
  <testcase classname="ptolemy.util.test.junit.AutoTests" name="[319] /home/travis/build/icyphy/ptII/ptolemy/actor/lib/test/auto/Router.xml (RunModel)" time="3.026" />
  <testcase classname="ptolemy.util.test.junit.AutoTests" name="[320] /home/travis/build/icyphy/ptII/ptolemy/actor/lib/test/auto/Router2.xml (RunModel)" time="3.023" />
  <testcase classname="ptolemy.util.test.junit.AutoTests" name="[321] /home/travis/build/icyphy/ptII/ptolemy/actor/lib/test/auto/RunningMaximum.xml (RunModel)" time="0.012" />
  <testcase classname="ptolemy.util.test.junit.AutoTests" name="[322] /home/travis/build/icyphy/ptII/ptolemy/actor/lib/test/auto/RunningMinimum.xml (RunModel)" time="0.01" />
  <testcase classname="ptolemy.util.test.junit.AutoTests" name="[323] /home/travis/build/icyphy/ptII/ptolemy/actor/lib/test/auto/Scale.xml (RunModel)" time="0.008" />
  <testcase classname="ptolemy.util.test.junit.AutoTests" name="[324] /home/travis/build/icyphy/ptII/ptolemy/actor/lib/test/auto/Scale2.xml (RunModel)" time="0.01" />
  <testcase classname="ptolemy.util.test.junit.AutoTests" name="[325] /home/travis/build/icyphy/ptII/ptolemy/actor/lib/test/auto/Scale3.xml (RunModel)" time="0.014" />
  <testcase classname="ptolemy.util.test.junit.AutoTests" name="[326] /home/travis/build/icyphy/ptII/ptolemy/actor/lib/test/auto/ScaleArray.xml (RunModel)" time="0.008" />
  <testcase classname="ptolemy.util.test.junit.AutoTests" name="[327] /home/travis/build/icyphy/ptII/ptolemy/actor/lib/test/auto/ScaleArray2.xml (RunModel)" time="0.008" />
  <testcase classname="ptolemy.util.test.junit.AutoTests" name="[328] /home/travis/build/icyphy/ptII/ptolemy/actor/lib/test/auto/ScaleMatrix.xml (RunModel)" time="0.108" />
  <testcase classname="ptolemy.util.test.junit.AutoTests" name="[329] /home/travis/build/icyphy/ptII/ptolemy/actor/lib/test/auto/Select.xml (RunModel)" time="0.022" />
  <testcase classname="ptolemy.util.test.junit.AutoTests" name="[330] /home/travis/build/icyphy/ptII/ptolemy/actor/lib/test/auto/Select2.xml (RunModel)" time="0.009" />
  <testcase classname="ptolemy.util.test.junit.AutoTests" name="[331] /home/travis/build/icyphy/ptII/ptolemy/actor/lib/test/auto/SequenceToArray2.xml (RunModel)" time="0.108" />
  <testcase classname="ptolemy.util.test.junit.AutoTests" name="[332] /home/travis/build/icyphy/ptII/ptolemy/actor/lib/test/auto/SequentialClock.xml (RunModel)" time="0.008" />
  <testcase classname="ptolemy.util.test.junit.AutoTests" name="[333] /home/travis/build/icyphy/ptII/ptolemy/actor/lib/test/auto/SetVariable.xml (RunModel)" time="0.011" />
  <testcase classname="ptolemy.util.test.junit.AutoTests" name="[334] /home/travis/build/icyphy/ptII/ptolemy/actor/lib/test/auto/SetVariable2.xml (RunModel)" time="0.014" />
  <testcase classname="ptolemy.util.test.junit.AutoTests" name="[335] /home/travis/build/icyphy/ptII/ptolemy/actor/lib/test/auto/SetVariable3.xml (RunModel)" time="0.022" />
  <testcase classname="ptolemy.util.test.junit.AutoTests" name="[336] /home/travis/build/icyphy/ptII/ptolemy/actor/lib/test/auto/SetVariable4.xml (RunModel)" time="0.029" />
  <testcase classname="ptolemy.util.test.junit.AutoTests" name="[337] /home/travis/build/icyphy/ptII/ptolemy/actor/lib/test/auto/SetVariable5.xml (RunModel)" time="0.04" />
  <testcase classname="ptolemy.util.test.junit.AutoTests" name="[338] /home/travis/build/icyphy/ptII/ptolemy/actor/lib/test/auto/Sinewave.xml (RunModel)" time="0.027" />
  <testcase classname="ptolemy.util.test.junit.AutoTests" name="[339] /home/travis/build/icyphy/ptII/ptolemy/actor/lib/test/auto/Sinewave2.xml (RunModel)" time="0.016" />
  <testcase classname="ptolemy.util.test.junit.AutoTests" name="[340] /home/travis/build/icyphy/ptII/ptolemy/actor/lib/test/auto/Sinewave3.xml (RunModel)" time="0.023" />
  <testcase classname="ptolemy.util.test.junit.AutoTests" name="[341] /home/travis/build/icyphy/ptII/ptolemy/actor/lib/test/auto/SingleEvent.xml (RunModel)" time="0.008" />
  <testcase classname="ptolemy.util.test.junit.AutoTests" name="[342] /home/travis/build/icyphy/ptII/ptolemy/actor/lib/test/auto/Sleep.xml (RunModel)" time="6.012" />
  <testcase classname="ptolemy.util.test.junit.AutoTests" name="[343] /home/travis/build/icyphy/ptII/ptolemy/actor/lib/test/auto/SleepMultipleFire.xml (RunModel)" time="1.021" />
  <testcase classname="ptolemy.util.test.junit.AutoTests" name="[344] /home/travis/build/icyphy/ptII/ptolemy/actor/lib/test/auto/StopDE.xml (RunModel)" time="0.014" />
  <testcase classname="ptolemy.util.test.junit.AutoTests" name="[345] /home/travis/build/icyphy/ptII/ptolemy/actor/lib/test/auto/StopSDF.xml (RunModel)" time="0.017" />
  <testcase classname="ptolemy.util.test.junit.AutoTests" name="[346] /home/travis/build/icyphy/ptII/ptolemy/actor/lib/test/auto/StringConstant.xml (RunModel)" time="0.01" />
  <testcase classname="ptolemy.util.test.junit.AutoTests" name="[347] /home/travis/build/icyphy/ptII/ptolemy/actor/lib/test/auto/SubscriberPortInitialValues1.xml (RunModel)" time="0.018" />
  <testcase classname="ptolemy.util.test.junit.AutoTests" name="[348] /home/travis/build/icyphy/ptII/ptolemy/actor/lib/test/auto/SubscriberPortInitialValues13.xml (RunModel)" time="0.025" />
  <testcase classname="ptolemy.util.test.junit.AutoTests" name="[349] /home/travis/build/icyphy/ptII/ptolemy/actor/lib/test/auto/SubscriberPortInitialValues14.xml (RunModel)" time="0.016" />
  <testcase classname="ptolemy.util.test.junit.AutoTests" name="[350] /home/travis/build/icyphy/ptII/ptolemy/actor/lib/test/auto/SubscriberPortInitialValues2.xml (RunModel)" time="0.015" />
  <testcase classname="ptolemy.util.test.junit.AutoTests" name="[351] /home/travis/build/icyphy/ptII/ptolemy/actor/lib/test/auto/SubscriberPortInitialValues3.xml (RunModel)" time="0.022" />
  <testcase classname="ptolemy.util.test.junit.AutoTests" name="[352] /home/travis/build/icyphy/ptII/ptolemy/actor/lib/test/auto/SubscriptionAggregator.xml (RunModel)" time="0.013" />
  <testcase classname="ptolemy.util.test.junit.AutoTests" name="[353] /home/travis/build/icyphy/ptII/ptolemy/actor/lib/test/auto/SubscriptionAggregator2.xml (RunModel)" time="0.013" />
  <testcase classname="ptolemy.util.test.junit.AutoTests" name="[354] /home/travis/build/icyphy/ptII/ptolemy/actor/lib/test/auto/SubscriptionAggregator3.xml (RunModel)" time="0.016" />
  <testcase classname="ptolemy.util.test.junit.AutoTests" name="[355] /home/travis/build/icyphy/ptII/ptolemy/actor/lib/test/auto/SubscriptionAggregatorMultiply.xml (RunModel)" time="0.015" />
  <testcase classname="ptolemy.util.test.junit.AutoTests" name="[356] /home/travis/build/icyphy/ptII/ptolemy/actor/lib/test/auto/SubscriptionAggregatorPortMultiply1.xml (RunModel)" time="0.015" />
  <testcase classname="ptolemy.util.test.junit.AutoTests" name="[357] /home/travis/build/icyphy/ptII/ptolemy/actor/lib/test/auto/Switch.xml (RunModel)" time="0.014" />
  <testcase classname="ptolemy.util.test.junit.AutoTests" name="[358] /home/travis/build/icyphy/ptII/ptolemy/actor/lib/test/auto/Switch2.xml (RunModel)" time="0.014" />
  <testcase classname="ptolemy.util.test.junit.AutoTests" name="[359] /home/travis/build/icyphy/ptII/ptolemy/actor/lib/test/auto/SwitchDE.xml (RunModel)" time="0.013" />
  <testcase classname="ptolemy.util.test.junit.AutoTests" name="[360] /home/travis/build/icyphy/ptII/ptolemy/actor/lib/test/auto/SynchronizerDE.xml (RunModel)" time="0.021" />
  <testcase classname="ptolemy.util.test.junit.AutoTests" name="[361] /home/travis/build/icyphy/ptII/ptolemy/actor/lib/test/auto/Test.xml (RunModel)" time="0.009" />
  <testcase classname="ptolemy.util.test.junit.AutoTests" name="[362] /home/travis/build/icyphy/ptII/ptolemy/actor/lib/test/auto/TestExceptionAttribute1.xml (RunModel)" time="0.006" />
  <testcase classname="ptolemy.util.test.junit.AutoTests" name="[363] /home/travis/build/icyphy/ptII/ptolemy/actor/lib/test/auto/TestExceptionAttribute2.xml (RunModel)" time="0.008" />
  <testcase classname="ptolemy.util.test.junit.AutoTests" name="[364] /home/travis/build/icyphy/ptII/ptolemy/actor/lib/test/auto/TestExceptionAttribute3.xml (RunModel)" time="0.006" />
  <testcase classname="ptolemy.util.test.junit.AutoTests" name="[365] /home/travis/build/icyphy/ptII/ptolemy/actor/lib/test/auto/TestExceptionAttribute4.xml (RunModel)" time="0.006" />
  <testcase classname="ptolemy.util.test.junit.AutoTests" name="[366] /home/travis/build/icyphy/ptII/ptolemy/actor/lib/test/auto/TestExceptionHandler1.xml (RunModel)" time="0.006" />
  <testcase classname="ptolemy.util.test.junit.AutoTests" name="[367] /home/travis/build/icyphy/ptII/ptolemy/actor/lib/test/auto/TestExceptionHandler2.xml (RunModel)" time="0.006" />
  <testcase classname="ptolemy.util.test.junit.AutoTests" name="[368] /home/travis/build/icyphy/ptII/ptolemy/actor/lib/test/auto/TestExceptionHandler3.xml (RunModel)" time="0.006" />
  <testcase classname="ptolemy.util.test.junit.AutoTests" name="[369] /home/travis/build/icyphy/ptII/ptolemy/actor/lib/test/auto/TestExceptionHandler4.xml (RunModel)" time="0.006" />
  <testcase classname="ptolemy.util.test.junit.AutoTests" name="[370] /home/travis/build/icyphy/ptII/ptolemy/actor/lib/test/auto/TestRequireCorrectOrder.xml (RunModel)" time="0.01" />
  <testcase classname="ptolemy.util.test.junit.AutoTests" name="[371] /home/travis/build/icyphy/ptII/ptolemy/actor/lib/test/auto/TestSimple.xml (RunModel)" time="0.008" />
  <testcase classname="ptolemy.util.test.junit.AutoTests" name="[372] /home/travis/build/icyphy/ptII/ptolemy/actor/lib/test/auto/ThrowModelError.xml (RunModel)" time="0.011" />
  <testcase classname="ptolemy.util.test.junit.AutoTests" name="[373] /home/travis/build/icyphy/ptII/ptolemy/actor/lib/test/auto/TimeDelayMicrosteps.xml (RunModel)" time="0.015" />
  <testcase classname="ptolemy.util.test.junit.AutoTests" name="[374] /home/travis/build/icyphy/ptII/ptolemy/actor/lib/test/auto/TimeDelayMicrosteps2.xml (RunModel)" time="0.017" />
  <testcase classname="ptolemy.util.test.junit.AutoTests" name="[375] /home/travis/build/icyphy/ptII/ptolemy/actor/lib/test/auto/TimeDelayMicrosteps3.xml (RunModel)" time="0.014" />
  <testcase classname="ptolemy.util.test.junit.AutoTests" name="[376] /home/travis/build/icyphy/ptII/ptolemy/actor/lib/test/auto/TimeDelayVariableMicrosteps.xml (RunModel)" time="0.013" />
  <testcase classname="ptolemy.util.test.junit.AutoTests" name="[377] /home/travis/build/icyphy/ptII/ptolemy/actor/lib/test/auto/TimeGap.xml (RunModel)" time="0.014" />
  <testcase classname="ptolemy.util.test.junit.AutoTests" name="[378] /home/travis/build/icyphy/ptII/ptolemy/actor/lib/test/auto/TimeGap2.xml (RunModel)" time="0.012" />
  <testcase classname="ptolemy.util.test.junit.AutoTests" name="[379] /home/travis/build/icyphy/ptII/ptolemy/actor/lib/test/auto/TimedSinewave.xml (RunModel)" time="0.043" />
  <testcase classname="ptolemy.util.test.junit.AutoTests" name="[380] /home/travis/build/icyphy/ptII/ptolemy/actor/lib/test/auto/TimedSinewavePhase.xml (RunModel)" time="0.037" />
  <testcase classname="ptolemy.util.test.junit.AutoTests" name="[381] /home/travis/build/icyphy/ptII/ptolemy/actor/lib/test/auto/Timer.xml (RunModel)" time="0.016" />
  <testcase classname="ptolemy.util.test.junit.AutoTests" name="[382] /home/travis/build/icyphy/ptII/ptolemy/actor/lib/test/auto/TriangularDistTestModel.xml (RunModel)" time="0.017" />
  <testcase classname="ptolemy.util.test.junit.AutoTests" name="[383] /home/travis/build/icyphy/ptII/ptolemy/actor/lib/test/auto/TrigFunction.xml (RunModel)" time="0.009" />
  <testcase classname="ptolemy.util.test.junit.AutoTests" name="[384] /home/travis/build/icyphy/ptII/ptolemy/actor/lib/test/auto/TrigFunctionDE.xml (RunModel)" time="0.012" />
  <testcase classname="ptolemy.util.test.junit.AutoTests" name="[385] /home/travis/build/icyphy/ptII/ptolemy/actor/lib/test/auto/TrigFunctionInverse.xml (RunModel)" time="0.01" />
  <testcase classname="ptolemy.util.test.junit.AutoTests" name="[386] /home/travis/build/icyphy/ptII/ptolemy/actor/lib/test/auto/TrigFunctionTan.xml (RunModel)" time="0.009" />
  <testcase classname="ptolemy.util.test.junit.AutoTests" name="[387] /home/travis/build/icyphy/ptII/ptolemy/actor/lib/test/auto/TriggeredClock.xml (RunModel)" time="0.008" />
  <testcase classname="ptolemy.util.test.junit.AutoTests" name="[388] /home/travis/build/icyphy/ptII/ptolemy/actor/lib/test/auto/URLDirectoryReader.xml (RunModel)" time="0.108" />
  <testcase classname="ptolemy.util.test.junit.AutoTests" name="[389] /home/travis/build/icyphy/ptII/ptolemy/actor/lib/test/auto/URLDirectoryReader3.xml (RunModel)" time="1.406" />
  <testcase classname="ptolemy.util.test.junit.AutoTests" name="[390] /home/travis/build/icyphy/ptII/ptolemy/actor/lib/test/auto/UnaryMathFunction.xml (RunModel)" time="0.053" />
  <testcase classname="ptolemy.util.test.junit.AutoTests" name="[391] /home/travis/build/icyphy/ptII/ptolemy/actor/lib/test/auto/Uniform.xml (RunModel)" time="0.035" />
  <testcase classname="ptolemy.util.test.junit.AutoTests" name="[392] /home/travis/build/icyphy/ptII/ptolemy/actor/lib/test/auto/UnionDisassemblerTest.xml (RunModel)" time="0.036" />
  <testcase classname="ptolemy.util.test.junit.AutoTests" name="[393] /home/travis/build/icyphy/ptII/ptolemy/actor/lib/test/auto/UtilityFunctions.xml (RunModel)" time="0.034" />
  <testcase classname="ptolemy.util.test.junit.AutoTests" name="[394] /home/travis/build/icyphy/ptII/ptolemy/actor/lib/test/auto/VariableSleep.xml (RunModel)" time="0.534" />
  <testcase classname="ptolemy.util.test.junit.AutoTests" name="[395] /home/travis/build/icyphy/ptII/ptolemy/actor/lib/test/auto/VectorAssemblerDisassemblerCT.xml (RunModel)" time="0.128" />
  <testcase classname="ptolemy.util.test.junit.AutoTests" name="[396] /home/travis/build/icyphy/ptII/ptolemy/actor/lib/test/auto/VectorAssemblerDisassemblerDE.xml (RunModel)" time="0.017" />
  <testcase classname="ptolemy.util.test.junit.AutoTests" name="[397] /home/travis/build/icyphy/ptII/ptolemy/actor/lib/test/auto/VectorAssemblerDisassemblerSDF.xml (RunModel)" time="0.016" />
  <testcase classname="ptolemy.util.test.junit.AutoTests" name="[398] /home/travis/build/icyphy/ptII/ptolemy/actor/lib/test/auto/WallClockTime.xml (RunModel)" time="1.018" />
  <testcase classname="ptolemy.util.test.junit.AutoTests" name="[399] /home/travis/build/icyphy/ptII/ptolemy/actor/lib/test/auto/WidthTestWithSubscriberPublisher.xml (RunModel)" time="0.051" />
  <testcase classname="ptolemy.util.test.junit.AutoTests" name="[400] /home/travis/build/icyphy/ptII/ptolemy/actor/lib/test/auto/WidthTestWithSubscriberPublisher2.xml (RunModel)" time="0.032" />
  <testcase classname="ptolemy.util.test.junit.AutoTests" name="[401] /home/travis/build/icyphy/ptII/ptolemy/actor/lib/test/auto/WidthTestWithSubscriberPublisher3.xml (RunModel)" time="0.025" />
  <testcase classname="ptolemy.util.test.junit.AutoTests" name="[402] /home/travis/build/icyphy/ptII/ptolemy/actor/lib/test/auto/Writer.xml (RunModel)" time="0.009" />
  <testcase classname="ptolemy.util.test.junit.AutoTests" name="[403] /home/travis/build/icyphy/ptII/ptolemy/actor/lib/test/auto/array.xml (RunModel)" time="0.01" />
  <testcase classname="ptolemy.util.test.junit.AutoTests" name="[404] /home/travis/build/icyphy/ptII/ptolemy/actor/lib/test/auto/array2.xml (RunModel)" time="0.01" />
  <testcase classname="ptolemy.util.test.junit.AutoTests" name="[405] /home/travis/build/icyphy/ptII/ptolemy/actor/lib/test/auto/arrayType.xml (RunModel)" time="0.02" />
  <testcase classname="ptolemy.util.test.junit.AutoTests" name="[406] /home/travis/build/icyphy/ptII/ptolemy/actor/lib/test/auto/arrayType10.xml (RunModel)" time="0.009" />
  <testcase classname="ptolemy.util.test.junit.AutoTests" name="[407] /home/travis/build/icyphy/ptII/ptolemy/actor/lib/test/auto/arrayType11.xml (RunModel)" time="0.008" />
  <testcase classname="ptolemy.util.test.junit.AutoTests" name="[408] /home/travis/build/icyphy/ptII/ptolemy/actor/lib/test/auto/arrayType12.xml (RunModel)" time="0.01" />
  <testcase classname="ptolemy.util.test.junit.AutoTests" name="[409] /home/travis/build/icyphy/ptII/ptolemy/actor/lib/test/auto/arrayType13.xml (RunModel)" time="0.011" />
  <testcase classname="ptolemy.util.test.junit.AutoTests" name="[410] /home/travis/build/icyphy/ptII/ptolemy/actor/lib/test/auto/arrayType14.xml (RunModel)" time="0.019" />
  <testcase classname="ptolemy.util.test.junit.AutoTests" name="[411] /home/travis/build/icyphy/ptII/ptolemy/actor/lib/test/auto/arrayType15.xml (RunModel)" time="0.01" />
  <testcase classname="ptolemy.util.test.junit.AutoTests" name="[412] /home/travis/build/icyphy/ptII/ptolemy/actor/lib/test/auto/arrayType16.xml (RunModel)" time="0.01" />
  <testcase classname="ptolemy.util.test.junit.AutoTests" name="[413] /home/travis/build/icyphy/ptII/ptolemy/actor/lib/test/auto/arrayType17.xml (RunModel)" time="0.01" />
  <testcase classname="ptolemy.util.test.junit.AutoTests" name="[414] /home/travis/build/icyphy/ptII/ptolemy/actor/lib/test/auto/arrayType18.xml (RunModel)" time="0.009" />
  <testcase classname="ptolemy.util.test.junit.AutoTests" name="[415] /home/travis/build/icyphy/ptII/ptolemy/actor/lib/test/auto/arrayType19.xml (RunModel)" time="0.009" />
  <testcase classname="ptolemy.util.test.junit.AutoTests" name="[416] /home/travis/build/icyphy/ptII/ptolemy/actor/lib/test/auto/arrayType2.xml (RunModel)" time="0.016" />
  <testcase classname="ptolemy.util.test.junit.AutoTests" name="[417] /home/travis/build/icyphy/ptII/ptolemy/actor/lib/test/auto/arrayType20.xml (RunModel)" time="0.01" />
  <testcase classname="ptolemy.util.test.junit.AutoTests" name="[418] /home/travis/build/icyphy/ptII/ptolemy/actor/lib/test/auto/arrayType21.xml (RunModel)" time="0.009" />
  <testcase classname="ptolemy.util.test.junit.AutoTests" name="[419] /home/travis/build/icyphy/ptII/ptolemy/actor/lib/test/auto/arrayType22.xml (RunModel)" time="0.011" />
  <testcase classname="ptolemy.util.test.junit.AutoTests" name="[420] /home/travis/build/icyphy/ptII/ptolemy/actor/lib/test/auto/arrayType23.xml (RunModel)" time="0.012" />
  <testcase classname="ptolemy.util.test.junit.AutoTests" name="[421] /home/travis/build/icyphy/ptII/ptolemy/actor/lib/test/auto/arrayType24.xml (RunModel)" time="0.01" />
  <testcase classname="ptolemy.util.test.junit.AutoTests" name="[422] /home/travis/build/icyphy/ptII/ptolemy/actor/lib/test/auto/arrayType25.xml (RunModel)" time="0.012" />
  <testcase classname="ptolemy.util.test.junit.AutoTests" name="[423] /home/travis/build/icyphy/ptII/ptolemy/actor/lib/test/auto/arrayType26.xml (RunModel)" time="0.011" />
  <testcase classname="ptolemy.util.test.junit.AutoTests" name="[424] /home/travis/build/icyphy/ptII/ptolemy/actor/lib/test/auto/arrayType27.xml (RunModel)" time="0.011" />
  <testcase classname="ptolemy.util.test.junit.AutoTests" name="[425] /home/travis/build/icyphy/ptII/ptolemy/actor/lib/test/auto/arrayType28.xml (RunModel)" time="0.011" />
  <testcase classname="ptolemy.util.test.junit.AutoTests" name="[426] /home/travis/build/icyphy/ptII/ptolemy/actor/lib/test/auto/arrayType3.xml (RunModel)" time="0.01" />
  <testcase classname="ptolemy.util.test.junit.AutoTests" name="[427] /home/travis/build/icyphy/ptII/ptolemy/actor/lib/test/auto/arrayType4.xml (RunModel)" time="0.01" />
  <testcase classname="ptolemy.util.test.junit.AutoTests" name="[428] /home/travis/build/icyphy/ptII/ptolemy/actor/lib/test/auto/arrayType5.xml (RunModel)" time="0.011" />
  <testcase classname="ptolemy.util.test.junit.AutoTests" name="[429] /home/travis/build/icyphy/ptII/ptolemy/actor/lib/test/auto/arrayType6.xml (RunModel)" time="0.009" />
  <testcase classname="ptolemy.util.test.junit.AutoTests" name="[430] /home/travis/build/icyphy/ptII/ptolemy/actor/lib/test/auto/arrayType7.xml (RunModel)" time="0.01" />
  <testcase classname="ptolemy.util.test.junit.AutoTests" name="[431] /home/travis/build/icyphy/ptII/ptolemy/actor/lib/test/auto/arrayType8.xml (RunModel)" time="0.025" />
  <testcase classname="ptolemy.util.test.junit.AutoTests" name="[432] /home/travis/build/icyphy/ptII/ptolemy/actor/lib/test/auto/arrayType9.xml (RunModel)" time="0.009" />
  <testcase classname="ptolemy.util.test.junit.AutoTests" name="[433] /home/travis/build/icyphy/ptII/ptolemy/actor/lib/test/auto/cast.xml (RunModel)" time="0.01" />
  <testcase classname="ptolemy.util.test.junit.AutoTests" name="[434] /home/travis/build/icyphy/ptII/ptolemy/actor/lib/test/auto/compositeMultiPort.xml (RunModel)" time="0.022" />
  <testcase classname="ptolemy.util.test.junit.AutoTests" name="[435] /home/travis/build/icyphy/ptII/ptolemy/actor/lib/test/auto/expressionCastInference.xml (RunModel)" time="0.008" />
  <testcase classname="ptolemy.util.test.junit.AutoTests" name="[436] /home/travis/build/icyphy/ptII/ptolemy/actor/lib/test/auto/expressionCastInference2.xml (RunModel)" time="0.008" />
  <testcase classname="ptolemy.util.test.junit.AutoTests" name="[437] /home/travis/build/icyphy/ptII/ptolemy/actor/lib/test/auto/expressionInference.xml (RunModel)" time="0.007" />
  <testcase classname="ptolemy.util.test.junit.AutoTests" name="[438] /home/travis/build/icyphy/ptII/ptolemy/actor/lib/test/auto/expression_bug.xml (RunModel)" time="0.007" />
  <testcase classname="ptolemy.util.test.junit.AutoTests" name="[439] /home/travis/build/icyphy/ptII/ptolemy/actor/lib/test/auto/factorial.xml (RunModel)" time="0.044" />
  <testcase classname="ptolemy.util.test.junit.AutoTests" name="[440] /home/travis/build/icyphy/ptII/ptolemy/actor/lib/test/auto/filterTest1.xml (RunModel)" time="0.014" />
  <testcase classname="ptolemy.util.test.junit.AutoTests" name="[441] /home/travis/build/icyphy/ptII/ptolemy/actor/lib/test/auto/funcApplyInConst.xml (RunModel)" time="0.007" />
  <testcase classname="ptolemy.util.test.junit.AutoTests" name="[442] /home/travis/build/icyphy/ptII/ptolemy/actor/lib/test/auto/funcApplyInExpr.xml (RunModel)" time="0.008" />
  <testcase classname="ptolemy.util.test.junit.AutoTests" name="[443] /home/travis/build/icyphy/ptII/ptolemy/actor/lib/test/auto/function.xml (RunModel)" time="0.011" />
  <testcase classname="ptolemy.util.test.junit.AutoTests" name="[444] /home/travis/build/icyphy/ptII/ptolemy/actor/lib/test/auto/function2.xml (RunModel)" time="0.008" />
  <testcase classname="ptolemy.util.test.junit.AutoTests" name="[445] /home/travis/build/icyphy/ptII/ptolemy/actor/lib/test/auto/function3.xml (RunModel)" time="0.007" />
  <testcase classname="ptolemy.util.test.junit.AutoTests" name="[446] /home/travis/build/icyphy/ptII/ptolemy/actor/lib/test/auto/functionClosureTest1.xml (RunModel)" time="0.011" />
  <testcase classname="ptolemy.util.test.junit.AutoTests" name="[447] /home/travis/build/icyphy/ptII/ptolemy/actor/lib/test/auto/functionClosureTest2.xml (RunModel)" time="0.007" />
  <testcase classname="ptolemy.util.test.junit.AutoTests" name="[448] /home/travis/build/icyphy/ptII/ptolemy/actor/lib/test/auto/functionClosureTest3.xml (RunModel)" time="0.011" />
  <testcase classname="ptolemy.util.test.junit.AutoTests" name="[449] /home/travis/build/icyphy/ptII/ptolemy/actor/lib/test/auto/functionClosureTest4.xml (RunModel)" time="0.016" />
  <testcase classname="ptolemy.util.test.junit.AutoTests" name="[450] /home/travis/build/icyphy/ptII/ptolemy/actor/lib/test/auto/functionClosureTest5.xml (RunModel)" time="0.013" />
  <testcase classname="ptolemy.util.test.junit.AutoTests" name="[451] /home/travis/build/icyphy/ptII/ptolemy/actor/lib/test/auto/functionClosureTest6.xml (RunModel)" time="0.009" />
  <testcase classname="ptolemy.util.test.junit.AutoTests" name="[452] /home/travis/build/icyphy/ptII/ptolemy/actor/lib/test/auto/functionsOnArcs.xml (RunModel)" time="0.011" />
  <testcase classname="ptolemy.util.test.junit.AutoTests" name="[453] /home/travis/build/icyphy/ptII/ptolemy/actor/lib/test/auto/functionsOnArcsHOF.xml (RunModel)" time="0.014" />
  <testcase classname="ptolemy.util.test.junit.AutoTests" name="[454] /home/travis/build/icyphy/ptII/ptolemy/actor/lib/test/auto/logic.xml (RunModel)" time="0.017" />
  <testcase classname="ptolemy.util.test.junit.AutoTests" name="[455] /home/travis/build/icyphy/ptII/ptolemy/actor/lib/test/auto/matrixType.xml (RunModel)" time="0.009" />
  <testcase classname="ptolemy.util.test.junit.AutoTests" name="[456] /home/travis/build/icyphy/ptII/ptolemy/actor/lib/test/auto/matrixType10.xml (RunModel)" time="0.01" />
  <testcase classname="ptolemy.util.test.junit.AutoTests" name="[457] /home/travis/build/icyphy/ptII/ptolemy/actor/lib/test/auto/matrixType11.xml (RunModel)" time="0.009" />
  <testcase classname="ptolemy.util.test.junit.AutoTests" name="[458] /home/travis/build/icyphy/ptII/ptolemy/actor/lib/test/auto/matrixType12.xml (RunModel)" time="0.011" />
  <testcase classname="ptolemy.util.test.junit.AutoTests" name="[459] /home/travis/build/icyphy/ptII/ptolemy/actor/lib/test/auto/matrixType13.xml (RunModel)" time="0.009" />
  <testcase classname="ptolemy.util.test.junit.AutoTests" name="[460] /home/travis/build/icyphy/ptII/ptolemy/actor/lib/test/auto/matrixType14.xml (RunModel)" time="0.01" />
  <testcase classname="ptolemy.util.test.junit.AutoTests" name="[461] /home/travis/build/icyphy/ptII/ptolemy/actor/lib/test/auto/matrixType2.xml (RunModel)" time="0.011" />
  <testcase classname="ptolemy.util.test.junit.AutoTests" name="[462] /home/travis/build/icyphy/ptII/ptolemy/actor/lib/test/auto/matrixType3.xml (RunModel)" time="0.012" />
  <testcase classname="ptolemy.util.test.junit.AutoTests" name="[463] /home/travis/build/icyphy/ptII/ptolemy/actor/lib/test/auto/matrixType4.xml (RunModel)" time="0.008" />
  <testcase classname="ptolemy.util.test.junit.AutoTests" name="[464] /home/travis/build/icyphy/ptII/ptolemy/actor/lib/test/auto/matrixType5.xml (RunModel)" time="0.009" />
  <testcase classname="ptolemy.util.test.junit.AutoTests" name="[465] /home/travis/build/icyphy/ptII/ptolemy/actor/lib/test/auto/matrixType6.xml (RunModel)" time="0.008" />
  <testcase classname="ptolemy.util.test.junit.AutoTests" name="[466] /home/travis/build/icyphy/ptII/ptolemy/actor/lib/test/auto/matrixType7.xml (RunModel)" time="0.008" />
  <testcase classname="ptolemy.util.test.junit.AutoTests" name="[467] /home/travis/build/icyphy/ptII/ptolemy/actor/lib/test/auto/matrixType8.xml (RunModel)" time="0.009" />
  <testcase classname="ptolemy.util.test.junit.AutoTests" name="[468] /home/travis/build/icyphy/ptII/ptolemy/actor/lib/test/auto/matrixType9.xml (RunModel)" time="0.009" />
  <testcase classname="ptolemy.util.test.junit.AutoTests" name="[469] /home/travis/build/icyphy/ptII/ptolemy/actor/lib/test/auto/paraFunctest.xml (RunModel)" time="0.008" />
  <testcase classname="ptolemy.util.test.junit.AutoTests" name="[470] /home/travis/build/icyphy/ptII/ptolemy/actor/lib/test/auto/paraFunctest2.xml (RunModel)" time="0.01" />
  <testcase classname="ptolemy.util.test.junit.AutoTests" name="[471] /home/travis/build/icyphy/ptII/ptolemy/actor/lib/test/auto/parameterPassing.xml (RunModel)" time="0.009" />
  <testcase classname="ptolemy.util.test.junit.AutoTests" name="[472] /home/travis/build/icyphy/ptII/ptolemy/actor/lib/test/auto/record.xml (RunModel)" time="0.01" />
  <testcase classname="ptolemy.util.test.junit.AutoTests" name="[473] /home/travis/build/icyphy/ptII/ptolemy/actor/lib/test/auto/sizedarray1.xml (RunModel)" time="0.01" />
  <testcase classname="ptolemy.util.test.junit.AutoTests" name="[474] /home/travis/build/icyphy/ptII/ptolemy/actor/lib/test/auto/sizedarray2.xml (RunModel)" time="0.01" />
  <testcase classname="ptolemy.util.test.junit.AutoTests" name="[475] /home/travis/build/icyphy/ptII/ptolemy/actor/lib/test/auto/twoPublishers.xml (RunModel)" time="0.023" />
  <system-out><![CDATA[/home/travis/build/icyphy/ptII/ptolemy/actor/lib/test/AbsoluteValue.tcl
testDefs.tcl: setting time out to 9000 seconds at Thu Oct 25 02:31:28 UTC 2018
92 ms. Memory: 116224K Free: 106788K (92%)
9 ms. Memory: 116224K Free: 105593K (91%)
5 ms. Memory: 116224K Free: 104398K (90%)
5 ms. Memory: 116224K Free: 103793K (89%)
/home/travis/build/icyphy/ptII/ptolemy/actor/lib/test/AddSubtract.tcl
16 ms. Memory: 116224K Free: 102006K (88%)
15 ms. Memory: 116224K Free: 100810K (87%)
4 ms. Memory: 116224K Free: 100221K (86%)
11 ms. Memory: 116224K Free: 99615K (86%)
16 ms. Memory: 116224K Free: 98436K (85%)
4 ms. Memory: 116224K Free: 97847K (84%)
/home/travis/build/icyphy/ptII/ptolemy/actor/lib/test/Average.tcl
7 ms. Memory: 116224K Free: 96070K (83%)
5 ms. Memory: 116224K Free: 94850K (82%)
/home/travis/build/icyphy/ptII/ptolemy/actor/lib/test/Bernoulli.tcl
4 ms. Memory: 116224K Free: 93042K (80%)
2 ms. Memory: 116224K Free: 93042K (80%)
/home/travis/build/icyphy/ptII/ptolemy/actor/lib/test/Clock.tcl
preinitializing
resolving types
initializing
executing number 1
wrapping up
idle
11 ms. Memory: 116224K Free: 90667K (78%)
Completed execution with 5 iterations
preinitializing
resolving types
initializing
executing number 1
wrapping up
idle
3 ms. Memory: 116224K Free: 90062K (77%)
Completed execution with 5 iterations
preinitializing
resolving types
initializing
executing number 1
wrapping up
idle
8 ms. Memory: 116224K Free: 88858K (76%)
Completed execution with 5 iterations
/home/travis/build/icyphy/ptII/ptolemy/actor/lib/test/Commutator.tcl
16 ms. Memory: 116224K Free: 86492K (74%)
5 ms. Memory: 116224K Free: 85256K (73%)
16 ms. Memory: 116224K Free: 81194K (70%)
/home/travis/build/icyphy/ptII/ptolemy/actor/lib/test/Const.tcl
9 ms. Memory: 146944K Free: 138828K (94%)
3 ms. Memory: 146944K Free: 138828K (94%)
8 ms. Memory: 146944K Free: 137632K (94%)
7 ms. Memory: 146944K Free: 137632K (94%)
2 ms. Memory: 146944K Free: 136444K (93%)
12 ms. Memory: 146944K Free: 135256K (92%)
4 ms. Memory: 146944K Free: 134069K (91%)
11 ms. Memory: 146944K Free: 132881K (90%)
/home/travis/build/icyphy/ptII/ptolemy/actor/lib/test/CurrentTime.tcl
preinitializing
resolving types
initializing
executing number 1
wrapping up
idle
16 ms. Memory: 146944K Free: 130489K (89%)
Completed execution with 11 iterations
/home/travis/build/icyphy/ptII/ptolemy/actor/lib/test/DB.tcl
4 ms. Memory: 146944K Free: 129286K (88%)
7 ms. Memory: 146944K Free: 129286K (88%)
1 ms. Memory: 146944K Free: 128098K (87%)
/home/travis/build/icyphy/ptII/ptolemy/actor/lib/test/DiscreteRandomSource.tcl
preinitializing
resolving types
initializing
executing number 1
wrapping up
idle
3 ms. Memory: 146944K Free: 126894K (86%)
Completed execution with 4 iterations
preinitializing
resolving types
initializing
executing number 1
wrapping up
idle
2 ms. Memory: 146944K Free: 126894K (86%)
Completed execution with 4 iterations
preinitializing
resolving types
initializing
executing number 1
wrapping up
idle
3 ms. Memory: 146944K Free: 125706K (86%)
Completed execution with 4 iterations
preinitializing
resolving types
initializing
executing number 1
wrapping up
idle
12 ms. Memory: 146944K Free: 125706K (86%)
Completed execution with 4 iterations
preinitializing
resolving types
initializing
executing number 1
wrapping up
idle
7 ms. Memory: 146944K Free: 124503K (85%)
Completed execution with 4 iterations
/home/travis/build/icyphy/ptII/ptolemy/actor/lib/test/Distributor.tcl
4 ms. Memory: 146944K Free: 123299K (84%)
3 ms. Memory: 146944K Free: 122111K (83%)
StreamChangeRequest.changeExecuted(): <deleteEntity name="rec2"/> succeeded
StreamChangeRequest.changeExecuted(): <deleteRelation name="r2"/> succeeded
StreamChangeRequest.changeExecuted(): Record firings per iteration succeeded
6 ms. Memory: 146944K Free: 119720K (81%)
/home/travis/build/icyphy/ptII/ptolemy/actor/lib/test/Exit.tcl
Exit.tcl: this will print a message about Manager.exitAfterWrapup, which can be ignored.
3 ms. Memory: 146944K Free: 116714K (79%)
/home/travis/build/icyphy/ptII/ptolemy/actor/lib/test/Expression.tcl
5 ms. Memory: 146944K Free: 113094K (77%)
3 ms. Memory: 146944K Free: 113094K (77%)
2 ms. Memory: 146944K Free: 111890K (76%)
preinitializing
resolving types
initializing
executing number 1
wrapping up
idle
5 ms. Memory: 146944K Free: 110686K (75%)
Completed execution with 6 iterations
5 ms. Memory: 146944K Free: 109498K (75%)
3 ms. Memory: 146944K Free: 109498K (75%)
7 ms. Memory: 146944K Free: 108295K (74%)
8 ms. Memory: 146944K Free: 107091K (73%)
7 ms. Memory: 146944K Free: 105903K (72%)
/home/travis/build/icyphy/ptII/ptolemy/actor/lib/test/Gaussian.tcl
4 ms. Memory: 146944K Free: 103528K (70%)
sleeping 1 seconds: ..................................................................................................................................................................................................................................................................................................................................................................................................................................................................................................................................................................................................................................................................................................................................................................................................................................................................................................................................................................................................................................................................................................................................................................................................................................................................................................................................................................................................................................................................................................................................................................................................................................................................................................................................................................................................................................................................................................................................................................................................................................................................................................................................................................................................................................................................................................................................................................................................................................................................................................................................................................................................................................................................................................................................................................................................................................................................................................................................................................................................................................................................................................................................................................................................................................................................................................................................................................................................................................................................................................................................................................................................................................................................................................................................................................................................................................................................................................................................................................................................................................................................................................................................................................................................................................................................................................................................................................................................................................................................................................................................................................................................................................................................................................................................................................................................................................................................................................................................................................................................................................................................................................................................................................................................................................................................................................................................................................................................................................................................................................................................................................................................................................................................................................................................................................................................................................................................................................................................................................................................................................................................................................................................................................................................................................................................................................................................................................................................................................................................................................................................................................................................................................................................................................................................................................................................................................................................................................................................................................................................................................................................................................................................................................................................................................................................................................................................................................................................................................................................................................................................................................................................................................................................................................................................................................................................................................................................................................................................................................................................................................................................................................................................................................................................................................................................................................................................................................................................................................................................................................................................................................................................................................................................................................................................................................................................................................................................................................................................................................................................................................................................................................................................................................................................................................................................................................................................................................................................................................................................................................................................................................................................................................................................................................................................................................................................................................................................................................................................................................................................................................................................................................................................................................................................................................................................................................................................................................................................................................................................................................................................................................................................................................................................................................................................................................................................................................................................................................................................................................................................................................................................................................................................................................................................................................................................................................................................................................................................................................................................................................................................................................................................................................................................................................................................................................................................................................................................................................................................................................................................................................................................................................................................................................................................................................................................................................................................................................................................................................................................................................................................................................................................................................................................................................................................................................................................................................................................................................................................................................................................................................................................................................................................................................................................................................................................................................................................................................................................................................................................................................................................................................................................................................................................................................................................................................................................................................................................................................................................................................................................................................................................................................................................................................................................................................................................................................................................................................................................................................................................................................................................................................................................................................................................................................................................................................................................................................................................................................................................................................................................................................................................................................................................................................................................................................................................................................................................................................................................................................................................................................................................................................................................................................................................................................................................................................................................................................................................................................................................................................................................................................................................................................................................................................................................................................................................................................................................................................................................................................................................................................................................................................................................................................................................................................................................................................................................................................................................4 ms. Memory: 146944K Free: 94831K (65%)
5 ms. Memory: 146944K Free: 93654K (64%)
1 ms. Memory: 146944K Free: 93654K (64%)
7 ms. Memory: 146944K Free: 92217K (63%)
4 ms. Memory: 146944K Free: 92217K (63%)
/home/travis/build/icyphy/ptII/ptolemy/actor/lib/test/IIR.tcl
/home/travis/build/icyphy/ptII/ptolemy/actor/lib/test/Interpolator.tcl
3 ms. Memory: 146944K Free: 87508K (60%)
2 ms. Memory: 146944K Free: 87508K (60%)
1 ms. Memory: 146944K Free: 87508K (60%)
2 ms. Memory: 146944K Free: 86331K (59%)
3 ms. Memory: 146944K Free: 85154K (58%)
2 ms. Memory: 146944K Free: 85154K (58%)
3 ms. Memory: 146944K Free: 83976K (57%)
3 ms. Memory: 146944K Free: 82799K (56%)
10 ms. Memory: 146944K Free: 81622K (56%)
3 ms. Memory: 146944K Free: 81622K (56%)
/home/travis/build/icyphy/ptII/ptolemy/actor/lib/test/MathFunction.tcl
25 ms. Memory: 208384K Free: 200539K (96%)
3 ms. Memory: 208384K Free: 200201K (96%)
2 ms. Memory: 208384K Free: 197811K (95%)
11 ms. Memory: 208384K Free: 197811K (95%)
9 ms. Memory: 208384K Free: 195421K (94%)
13 ms. Memory: 208384K Free: 195421K (94%)
/home/travis/build/icyphy/ptII/ptolemy/actor/lib/test/Maximum.tcl
7 ms. Memory: 208384K Free: 193031K (93%)
7 ms. Memory: 208384K Free: 190640K (91%)
6 ms. Memory: 208384K Free: 190640K (91%)
3 ms. Memory: 208384K Free: 190640K (91%)
/home/travis/build/icyphy/ptII/ptolemy/actor/lib/test/Minimum.tcl
5 ms. Memory: 208384K Free: 188250K (90%)
1 ms. Memory: 208384K Free: 188250K (90%)
1 ms. Memory: 208384K Free: 188250K (90%)
2 ms. Memory: 208384K Free: 185859K (89%)
/home/travis/build/icyphy/ptII/ptolemy/actor/lib/test/MultiplyDivide.tcl
9 ms. Memory: 208384K Free: 183469K (88%)
12 ms. Memory: 208384K Free: 183469K (88%)
3 ms. Memory: 208384K Free: 183469K (88%)
8 ms. Memory: 208384K Free: 183469K (88%)
3 ms. Memory: 208384K Free: 181079K (87%)
/home/travis/build/icyphy/ptII/ptolemy/actor/lib/test/OrderedMerge.tcl
Connections changed on port: inputA
Connections changed on port: inputB
Connections changed on port: output
Connections changed on port: output
Connections changed on port: output
Connections changed on port: input
.top. Preinitializing ...
Invoking preinitialize():  .top.OrderedMerge
Called preinitialize()
Invoking preinitialize():  .top.Ramp
Called preinitialize()
Invoking preinitialize():  .top.Ramp2
Called preinitialize()
Invoking preinitialize():  .top.Test
Called preinitialize()
Connections changed on port: inputA
Connections changed on port: output
Connections changed on port: inputB
Connections changed on port: output
Connections changed on port: output
Connections changed on port: input
.top. Finished preinitialize().
Called initialize().
Invoking initialize():  .top.OrderedMerge
Initializing actor: .top.OrderedMerge
Adding a thread: .top.OrderedMerge
Invoking initialize():  .top.Ramp
Initializing actor: .top.Ramp
Adding a thread: .top.Ramp
Invoking initialize():  .top.Ramp2
Initializing actor: .top.Ramp2
Adding a thread: .top.Ramp2
Invoking initialize():  .top.Test
Initializing actor: .top.Test
Adding a thread: .top.Test
-- Starting thread.
Called initialize()
Called prefire()
Called fire()
-- Starting thread.
Called initialize()
Called prefire()
Called fire()
Called postfire()
Called prefire()
Called fire()
-- Starting thread.
Called initialize()
Called prefire()
Called fire()
Called postfire()
Called prefire()
Called fire()
Called fire().
Checking for deadlock:
There are 3 Blocked actors, 0 Stopped actors, and 4 active threads.
Waiting for actors to stop.
-- Starting thread.
Called initialize()
Called prefire()
Called fire()
Checking for deadlock:
There are 2 Blocked actors, 0 Stopped actors, and 4 active threads.
Waiting for actors to stop.
Called postfire()
Called prefire()
Called fire()
Checking for deadlock:
There are 3 Blocked actors, 0 Stopped actors, and 4 active threads.
Waiting for actors to stop.
Read input token from inputA with value 0.0
Next port to read input from is inputB
Called postfire()
Called prefire()
Called fire()
Checking for deadlock:
There are 2 Blocked actors, 0 Stopped actors, and 4 active threads.
Waiting for actors to stop.
Called postfire()
Called prefire()
Called fire()
Checking for deadlock:
There are 3 Blocked actors, 0 Stopped actors, and 4 active threads.
Waiting for actors to stop.
Read input token from inputB with value 0.0
Checking for deadlock:
There are 2 Blocked actors, 0 Stopped actors, and 4 active threads.
Waiting for actors to stop.
-- Read input: 0.0, which is expected to match: 0.0
Called prefire()
Called fire()
Checking for deadlock:
There are 3 Blocked actors, 0 Stopped actors, and 4 active threads.
Waiting for actors to stop.
Sent output token with value 0.0
Next port to read input from is inputA
Called postfire()
Called prefire()
Called fire()
Called postfire()
Called prefire()
Called fire()
Checking for deadlock:
There are 3 Blocked actors, 0 Stopped actors, and 4 active threads.
Waiting for actors to stop.
Read input token from inputA with value 1.0
-- Read input: 0.0, which is expected to match: 0.0
Called prefire()
Called fire()
Checking for deadlock:
There are 3 Blocked actors, 0 Stopped actors, and 4 active threads.
Waiting for actors to stop.
Sent output token with value 0.0
Next port to read input from is inputB
Called postfire()
Called prefire()
Called fire()
Checking for deadlock:
There are 2 Blocked actors, 0 Stopped actors, and 4 active threads.
Waiting for actors to stop.
Called postfire()
Called prefire()
Called fire()
Checking for deadlock:
There are 3 Blocked actors, 0 Stopped actors, and 4 active threads.
Waiting for actors to stop.
Read input token from inputB with value 1.5
Checking for deadlock:
There are 2 Blocked actors, 0 Stopped actors, and 4 active threads.
Waiting for actors to stop.
-- Read input: 1.0, which is expected to match: 1.0
Called prefire()
Called fire()
Checking for deadlock:
There are 3 Blocked actors, 0 Stopped actors, and 4 active threads.
Waiting for actors to stop.
Sent output token with value 1.0
Next port to read input from is inputA
Called postfire()
Called prefire()
Called fire()
Called postfire()
Called prefire()
Called fire()
Checking for deadlock:
There are 3 Blocked actors, 0 Stopped actors, and 4 active threads.
Waiting for actors to stop.
Read input token from inputA with value 2.0
-- Read input: 1.5, which is expected to match: 1.5
Called prefire()
Called fire()
Checking for deadlock:
There are 3 Blocked actors, 0 Stopped actors, and 4 active threads.
Waiting for actors to stop.
Sent output token with value 1.5
Next port to read input from is inputB
Called postfire()
Called prefire()
Called fire()
Checking for deadlock:
There are 2 Blocked actors, 0 Stopped actors, and 4 active threads.
Waiting for actors to stop.
Called postfire()
Called prefire()
Called fire()
Checking for deadlock:
There are 3 Blocked actors, 0 Stopped actors, and 4 active threads.
Waiting for actors to stop.
Read input token from inputB with value 3.0
Checking for deadlock:
There are 2 Blocked actors, 0 Stopped actors, and 4 active threads.
Waiting for actors to stop.
-- Read input: 2.0, which is expected to match: 2.0
Called prefire()
Called fire()
Checking for deadlock:
There are 3 Blocked actors, 0 Stopped actors, and 4 active threads.
Waiting for actors to stop.
Sent output token with value 2.0
Next port to read input from is inputA
Called postfire()
Called prefire()
Called fire()
Called postfire()
Called prefire()
Called fire()
Checking for deadlock:
There are 3 Blocked actors, 0 Stopped actors, and 4 active threads.
Waiting for actors to stop.
Read input token from inputA with value 3.0
-- Read input: 3.0, which is expected to match: 3.0
Called prefire()
Called fire()
Checking for deadlock:
There are 3 Blocked actors, 0 Stopped actors, and 4 active threads.
Waiting for actors to stop.
Sent output token with value 3.0
Next port to read input from is inputB
Called postfire()
Called prefire()
Called fire()
Checking for deadlock:
There are 2 Blocked actors, 0 Stopped actors, and 4 active threads.
Waiting for actors to stop.
Called postfire()
Called prefire()
Called fire()
Checking for deadlock:
There are 3 Blocked actors, 0 Stopped actors, and 4 active threads.
Waiting for actors to stop.
Read input token from inputB with value 4.5
Checking for deadlock:
There are 2 Blocked actors, 0 Stopped actors, and 4 active threads.
Waiting for actors to stop.
-- Read input: 3.0, which is expected to match: 3.0
Called prefire()
Called fire()
Checking for deadlock:
There are 3 Blocked actors, 0 Stopped actors, and 4 active threads.
Waiting for actors to stop.
Sent output token with value 3.0
Next port to read input from is inputA
Called postfire()
Called prefire()
Called fire()
Called postfire()
Called prefire()
Called fire()
Checking for deadlock:
There are 3 Blocked actors, 0 Stopped actors, and 4 active threads.
Waiting for actors to stop.
Read input token from inputA with value 4.0
-- Read input: 4.0, which is expected to match: 4.0
Called prefire()
Called fire()
Past the end of training data. Read and discard all inputs.
Checking for deadlock:
There are 3 Blocked actors, 0 Stopped actors, and 4 active threads.
Waiting for actors to stop.
Sent output token with value 4.0
Next port to read input from is inputA
Called postfire()
Called prefire()
Called fire()
Called postfire()
Called prefire()
Called fire()
Checking for deadlock:
There are 3 Blocked actors, 0 Stopped actors, and 4 active threads.
Waiting for actors to stop.
Read input token from inputA with value 5.0
Called prefire()
Called fire()
Past the end of training data. Read and discard all inputs.
Checking for deadlock:
There are 3 Blocked actors, 0 Stopped actors, and 4 active threads.
Waiting for actors to stop.
Sent output token with value 4.5
Next port to read input from is inputB
Called postfire()
Called prefire()
Called fire()
Called postfire()
Called prefire()
Called fire()
Checking for deadlock:
There are 3 Blocked actors, 0 Stopped actors, and 4 active threads.
Waiting for actors to stop.
Read input token from inputB with value 6.0
Called prefire()
Called fire()
Past the end of training data. Read and discard all inputs.
Checking for deadlock:
There are 3 Blocked actors, 0 Stopped actors, and 4 active threads.
Waiting for actors to stop.
Sent output token with value 5.0
Next port to read input from is inputA
Called postfire()
Called prefire()
Called fire()
Called postfire()
Called prefire()
Called fire()
Checking for deadlock:
There are 3 Blocked actors, 0 Stopped actors, and 4 active threads.
Waiting for actors to stop.
Read input token from inputA with value 6.0
Called prefire()
Called fire()
Past the end of training data. Read and discard all inputs.
Checking for deadlock:
There are 3 Blocked actors, 0 Stopped actors, and 4 active threads.
Waiting for actors to stop.
Sent output token with value 6.0
Next port to read input from is inputB
Called postfire()
Called prefire()
Called fire()
Called postfire()
Called prefire()
Called fire()
Checking for deadlock:
There are 3 Blocked actors, 0 Stopped actors, and 4 active threads.
Waiting for actors to stop.
Read input token from inputB with value 7.5
Called prefire()
Called fire()
Past the end of training data. Read and discard all inputs.
Checking for deadlock:
There are 3 Blocked actors, 0 Stopped actors, and 4 active threads.
Waiting for actors to stop.
Sent output token with value 6.0
Next port to read input from is inputA
Called postfire()
Called prefire()
Called fire()
Called postfire()
Called prefire()
Called fire()
Checking for deadlock:
There are 3 Blocked actors, 0 Stopped actors, and 4 active threads.
Waiting for actors to stop.
Read input token from inputA with value 7.0
Called prefire()
Called fire()
Past the end of training data. Read and discard all inputs.
Checking for deadlock:
There are 3 Blocked actors, 0 Stopped actors, and 4 active threads.
Waiting for actors to stop.
Sent output token with value 7.0
Next port to read input from is inputA
Called postfire()
Called prefire()
Called fire()
-- Thread wrapup() called.
Called wrapup()
Thread .top.Ramp is exiting.
-- Thread stopped.
Checking for deadlock:
There are 2 Blocked actors, 0 Stopped actors, and 3 active threads.
Waiting for actors to stop.
Read input token from inputA with value 8.0
Called prefire()
Called fire()
Past the end of training data. Read and discard all inputs.
Checking for deadlock:
There are 2 Blocked actors, 0 Stopped actors, and 3 active threads.
Waiting for actors to stop.
Sent output token with value 7.5
Next port to read input from is inputB
Called postfire()
Called prefire()
Called fire()
Called postfire()
Called prefire()
Called fire()
Checking for deadlock:
There are 2 Blocked actors, 0 Stopped actors, and 3 active threads.
Waiting for actors to stop.
Read input token from inputB with value 9.0
Called prefire()
Called fire()
Past the end of training data. Read and discard all inputs.
Checking for deadlock:
There are 2 Blocked actors, 0 Stopped actors, and 3 active threads.
Waiting for actors to stop.
Sent output token with value 8.0
Next port to read input from is inputA
Called postfire()
Called prefire()
Called fire()
Read input token from inputA with value 9.0
Checking for deadlock:
There are 1 Blocked actors, 0 Stopped actors, and 3 active threads.
Waiting for actors to stop.
Called prefire()
Called fire()
Past the end of training data. Read and discard all inputs.
Checking for deadlock:
There are 2 Blocked actors, 0 Stopped actors, and 3 active threads.
Waiting for actors to stop.
Sent output token with value 9.0
Next port to read input from is inputB
Called postfire()
Called prefire()
Called fire()
Called postfire()
Called prefire()
Called fire()
Checking for deadlock:
There are 2 Blocked actors, 0 Stopped actors, and 3 active threads.
Waiting for actors to stop.
Read input token from inputB with value 10.5
Called prefire()
Called fire()
Past the end of training data. Read and discard all inputs.
Checking for deadlock:
There are 2 Blocked actors, 0 Stopped actors, and 3 active threads.
Waiting for actors to stop.
Sent output token with value 9.0
Next port to read input from is inputA
Called postfire()
Called prefire()
Called fire()
Checking for deadlock:
There are 3 Blocked actors, 0 Stopped actors, and 3 active threads.
Actors have stopped.
Checking for deadlock:
There are 3 Blocked actors, 0 Stopped actors, and 3 active threads.
Deadlock detected.
Resolving Deadlock
Checking for deadlock:
There are 3 Blocked actors, 0 Stopped actors, and 3 active threads.
Artificial Deadlock - increasing queue capacity.
increasing the capacity of receiver ptolemy.actor.TypedIOPort {.top.OrderedMerge.inputB} to 2
Director: Called postfire().
Called postfire().
_stopRequested = false
_stopFireRequested = false
Returning from postfire(): true
Called fire().
Checking for deadlock:
There are 2 Blocked actors, 0 Stopped actors, and 3 active threads.
Waiting for actors to stop.
-- Thread wrapup() called.
Called wrapup()
Thread .top.Ramp2 is exiting.
-- Thread stopped.
Checking for deadlock:
There are 2 Blocked actors, 0 Stopped actors, and 2 active threads.
Actors have stopped.
Checking for deadlock:
There are 2 Blocked actors, 0 Stopped actors, and 2 active threads.
Deadlock detected.
Resolving Deadlock
Checking for deadlock:
There are 2 Blocked actors, 0 Stopped actors, and 2 active threads.
Deadlock detected: no processes blocked on write, but some are blocked on read.
Called postfire().
_stopRequested = false
_stopFireRequested = false
Returning from postfire(): false
Finished deactivating branches.
Called wrapup().
-- Thread wrapup() called.
Called wrapup()
Thread .top.OrderedMerge is exiting.
-- Thread wrapup() called.
Called wrapup()
Thread .top.Test is exiting.
-- Thread stopped.
-- Blocked Receiver call threw TerminateProcessException.
24 ms. Memory: 208384K Free: 173773K (83%)
.top. Preinitializing ...
Invoking preinitialize():  .top.OrderedMerge
Called preinitialize()
Invoking preinitialize():  .top.Ramp
Called preinitialize()
Invoking preinitialize():  .top.Ramp2
Called preinitialize()
Invoking preinitialize():  .top.Test
Called preinitialize()
.top. Finished preinitialize().
Called initialize().
Invoking initialize():  .top.OrderedMerge
Initializing actor: .top.OrderedMerge
Adding a thread: .top.OrderedMerge
Invoking initialize():  .top.Ramp
Initializing actor: .top.Ramp
Adding a thread: .top.Ramp
Invoking initialize():  .top.Ramp2
Initializing actor: .top.Ramp2
Adding a thread: .top.Ramp2
Invoking initialize():  .top.Test
Initializing actor: .top.Test
Adding a thread: .top.Test
-- Thread stopped.
-- Blocked Receiver call threw TerminateProcessException.
-- Starting thread.
Called initialize()
Called prefire()
Called fire()
-- Starting thread.
Called initialize()
Called prefire()
Called fire()
Called postfire()
Called prefire()
Called fire()
-- Starting thread.
Called initialize()
Called prefire()
Called fire()
Called postfire()
Called prefire()
Called fire()
Called fire().
Checking for deadlock:
There are 3 Blocked actors, 0 Stopped actors, and 4 active threads.
Waiting for actors to stop.
-- Starting thread.
Called initialize()
Called prefire()
Called fire()
Checking for deadlock:
There are 2 Blocked actors, 0 Stopped actors, and 4 active threads.
Waiting for actors to stop.
Called postfire()
Called prefire()
Called fire()
Checking for deadlock:
There are 3 Blocked actors, 0 Stopped actors, and 4 active threads.
Waiting for actors to stop.
Read input token from inputA with value 0.0
Next port to read input from is inputB
Called postfire()
Called prefire()
Called fire()
Checking for deadlock:
There are 2 Blocked actors, 0 Stopped actors, and 4 active threads.
Waiting for actors to stop.
Called postfire()
Called prefire()
Called fire()
Checking for deadlock:
There are 3 Blocked actors, 0 Stopped actors, and 4 active threads.
Waiting for actors to stop.
Read input token from inputB with value 0.0
Checking for deadlock:
There are 2 Blocked actors, 0 Stopped actors, and 4 active threads.
Waiting for actors to stop.
-- Read input: 0.0, which is expected to match: 0.0
Called prefire()
Called fire()
Checking for deadlock:
There are 3 Blocked actors, 0 Stopped actors, and 4 active threads.
Waiting for actors to stop.
Sent output token with value 0.0
Next port to read input from is inputA
Called postfire()
Called prefire()
Called fire()
Checking for deadlock:
There are 2 Blocked actors, 0 Stopped actors, and 4 active threads.
Waiting for actors to stop.
Called postfire()
Called prefire()
Called fire()
Checking for deadlock:
There are 3 Blocked actors, 0 Stopped actors, and 4 active threads.
Waiting for actors to stop.
Read input token from inputA with value 1.0
Checking for deadlock:
There are 2 Blocked actors, 0 Stopped actors, and 4 active threads.
Waiting for actors to stop.
-- Read input: 0.0, which is expected to match: 0.0
Called prefire()
Called fire()
Checking for deadlock:
There are 3 Blocked actors, 0 Stopped actors, and 4 active threads.
Waiting for actors to stop.
Sent output token with value 0.0
Next port to read input from is inputB
Called postfire()
Called prefire()
Called fire()
Checking for deadlock:
There are 2 Blocked actors, 0 Stopped actors, and 4 active threads.
Waiting for actors to stop.
Called postfire()
Called prefire()
Called fire()
Checking for deadlock:
There are 3 Blocked actors, 0 Stopped actors, and 4 active threads.
Waiting for actors to stop.
Read input token from inputB with value 1.5
Checking for deadlock:
There are 2 Blocked actors, 0 Stopped actors, and 4 active threads.
Waiting for actors to stop.
-- Read input: 1.0, which is expected to match: 1.0
Called prefire()
Called fire()
Checking for deadlock:
There are 3 Blocked actors, 0 Stopped actors, and 4 active threads.
Waiting for actors to stop.
Sent output token with value 1.0
Next port to read input from is inputA
Called postfire()
Called prefire()
Called fire()
Checking for deadlock:
There are 2 Blocked actors, 0 Stopped actors, and 4 active threads.
Waiting for actors to stop.
Called postfire()
Called prefire()
Called fire()
Checking for deadlock:
There are 3 Blocked actors, 0 Stopped actors, and 4 active threads.
Waiting for actors to stop.
Read input token from inputA with value 2.0
Checking for deadlock:
There are 2 Blocked actors, 0 Stopped actors, and 4 active threads.
Waiting for actors to stop.
-- Read input: 1.5, which is expected to match: 1.5
Called prefire()
Called fire()
Checking for deadlock:
There are 3 Blocked actors, 0 Stopped actors, and 4 active threads.
Waiting for actors to stop.
Sent output token with value 1.5
Next port to read input from is inputB
Called postfire()
Called prefire()
Called fire()
Checking for deadlock:
There are 2 Blocked actors, 0 Stopped actors, and 4 active threads.
Waiting for actors to stop.
Called postfire()
Called prefire()
Called fire()
Checking for deadlock:
There are 3 Blocked actors, 0 Stopped actors, and 4 active threads.
Waiting for actors to stop.
Read input token from inputB with value 3.0
Checking for deadlock:
There are 2 Blocked actors, 0 Stopped actors, and 4 active threads.
Waiting for actors to stop.
-- Read input: 2.0, which is expected to match: 2.0
Called prefire()
Called fire()
Checking for deadlock:
There are 3 Blocked actors, 0 Stopped actors, and 4 active threads.
Waiting for actors to stop.
Sent output token with value 2.0
Next port to read input from is inputA
Called postfire()
Called prefire()
Called fire()
Checking for deadlock:
There are 2 Blocked actors, 0 Stopped actors, and 4 active threads.
Waiting for actors to stop.
Called postfire()
Called prefire()
Called fire()
Checking for deadlock:
There are 3 Blocked actors, 0 Stopped actors, and 4 active threads.
Waiting for actors to stop.
Read input token from inputA with value 3.0
Checking for deadlock:
There are 2 Blocked actors, 0 Stopped actors, and 4 active threads.
Waiting for actors to stop.
-- Read input: 3.0, which is expected to match: 3.0
Called prefire()
Called fire()
Checking for deadlock:
There are 3 Blocked actors, 0 Stopped actors, and 4 active threads.
Waiting for actors to stop.
Sent output token with value 3.0
Next port to read input from is inputB
Called postfire()
Called prefire()
Called fire()
Checking for deadlock:
There are 2 Blocked actors, 0 Stopped actors, and 4 active threads.
Waiting for actors to stop.
Called postfire()
Called prefire()
Called fire()
Checking for deadlock:
There are 3 Blocked actors, 0 Stopped actors, and 4 active threads.
Waiting for actors to stop.
Read input token from inputB with value 4.5
Checking for deadlock:
There are 2 Blocked actors, 0 Stopped actors, and 4 active threads.
Waiting for actors to stop.
-- Read input: 3.0, which is expected to match: 3.0
Called prefire()
Called fire()
Checking for deadlock:
There are 3 Blocked actors, 0 Stopped actors, and 4 active threads.
Waiting for actors to stop.
Sent output token with value 3.0
Next port to read input from is inputA
Called postfire()
Called prefire()
Called fire()
Called postfire()
Called prefire()
Called fire()
Checking for deadlock:
There are 3 Blocked actors, 0 Stopped actors, and 4 active threads.
Waiting for actors to stop.
Read input token from inputA with value 4.0
-- Read input: 4.0, which is expected to match: 4.0
Called prefire()
Called fire()
Past the end of training data. Read and discard all inputs.
Checking for deadlock:
There are 3 Blocked actors, 0 Stopped actors, and 4 active threads.
Waiting for actors to stop.
Sent output token with value 4.0
Next port to read input from is inputA
Called postfire()
Called prefire()
Called fire()
Called postfire()
Called prefire()
Called fire()
Checking for deadlock:
There are 3 Blocked actors, 0 Stopped actors, and 4 active threads.
Waiting for actors to stop.
Read input token from inputA with value 5.0
Called prefire()
Called fire()
Past the end of training data. Read and discard all inputs.
Checking for deadlock:
There are 3 Blocked actors, 0 Stopped actors, and 4 active threads.
Waiting for actors to stop.
Sent output token with value 4.5
Next port to read input from is inputB
Called postfire()
Called prefire()
Called fire()
Checking for deadlock:
There are 2 Blocked actors, 0 Stopped actors, and 4 active threads.
Waiting for actors to stop.
Called postfire()
Called prefire()
Called fire()
Checking for deadlock:
There are 3 Blocked actors, 0 Stopped actors, and 4 active threads.
Waiting for actors to stop.
Read input token from inputB with value 6.0
Checking for deadlock:
There are 2 Blocked actors, 0 Stopped actors, and 4 active threads.
Waiting for actors to stop.
Called prefire()
Called fire()
Past the end of training data. Read and discard all inputs.
Checking for deadlock:
There are 3 Blocked actors, 0 Stopped actors, and 4 active threads.
Waiting for actors to stop.
Sent output token with value 5.0
Next port to read input from is inputA
Called postfire()
Called prefire()
Called fire()
Called postfire()
Called prefire()
Called fire()
Checking for deadlock:
There are 3 Blocked actors, 0 Stopped actors, and 4 active threads.
Waiting for actors to stop.
Read input token from inputA with value 6.0
Called prefire()
Called fire()
Past the end of training data. Read and discard all inputs.
Checking for deadlock:
There are 3 Blocked actors, 0 Stopped actors, and 4 active threads.
Waiting for actors to stop.
Sent output token with value 6.0
Next port to read input from is inputB
Called postfire()
Called prefire()
Called fire()
Checking for deadlock:
There are 2 Blocked actors, 0 Stopped actors, and 4 active threads.
Waiting for actors to stop.
Called postfire()
Called prefire()
Called fire()
Checking for deadlock:
There are 3 Blocked actors, 0 Stopped actors, and 4 active threads.
Waiting for actors to stop.
Read input token from inputB with value 7.5
Checking for deadlock:
There are 2 Blocked actors, 0 Stopped actors, and 4 active threads.
Waiting for actors to stop.
Called prefire()
Called fire()
Past the end of training data. Read and discard all inputs.
Checking for deadlock:
There are 3 Blocked actors, 0 Stopped actors, and 4 active threads.
Waiting for actors to stop.
Sent output token with value 6.0
Next port to read input from is inputA
Called postfire()
Called prefire()
Called fire()
Called postfire()
Called prefire()
Called fire()
Checking for deadlock:
There are 2 Blocked actors, 0 Stopped actors, and 4 active threads.
Waiting for actors to stop.
Checking for deadlock:
There are 3 Blocked actors, 0 Stopped actors, and 4 active threads.
Waiting for actors to stop.
Read input token from inputA with value 7.0
Checking for deadlock:
There are 2 Blocked actors, 0 Stopped actors, and 4 active threads.
Waiting for actors to stop.
Called prefire()
Called fire()
Past the end of training data. Read and discard all inputs.
Checking for deadlock:
There are 3 Blocked actors, 0 Stopped actors, and 4 active threads.
Waiting for actors to stop.
Sent output token with value 7.0
Next port to read input from is inputA
Called postfire()
Called prefire()
Called fire()
Checking for deadlock:
There are 2 Blocked actors, 0 Stopped actors, and 4 active threads.
Waiting for actors to stop.
-- Thread wrapup() called.
Called wrapup()
Thread .top.Ramp is exiting.
-- Thread stopped.
Checking for deadlock:
There are 2 Blocked actors, 0 Stopped actors, and 3 active threads.
Waiting for actors to stop.
Read input token from inputA with value 8.0
Checking for deadlock:
There are 1 Blocked actors, 0 Stopped actors, and 3 active threads.
Waiting for actors to stop.
Called prefire()
Called fire()
Past the end of training data. Read and discard all inputs.
Checking for deadlock:
There are 2 Blocked actors, 0 Stopped actors, and 3 active threads.
Waiting for actors to stop.
Sent output token with value 7.5
Next port to read input from is inputB
Called postfire()
Called prefire()
Called fire()
Checking for deadlock:
There are 1 Blocked actors, 0 Stopped actors, and 3 active threads.
Waiting for actors to stop.
Called postfire()
Called prefire()
Called fire()
Checking for deadlock:
There are 2 Blocked actors, 0 Stopped actors, and 3 active threads.
Waiting for actors to stop.
Read input token from inputB with value 9.0
Checking for deadlock:
There are 1 Blocked actors, 0 Stopped actors, and 3 active threads.
Waiting for actors to stop.
Called prefire()
Called fire()
Past the end of training data. Read and discard all inputs.
Checking for deadlock:
There are 2 Blocked actors, 0 Stopped actors, and 3 active threads.
Waiting for actors to stop.
Sent output token with value 8.0
Next port to read input from is inputA
Called postfire()
Called prefire()
Called fire()
Read input token from inputA with value 9.0
Checking for deadlock:
There are 1 Blocked actors, 0 Stopped actors, and 3 active threads.
Waiting for actors to stop.
Called prefire()
Called fire()
Past the end of training data. Read and discard all inputs.
Checking for deadlock:
There are 2 Blocked actors, 0 Stopped actors, and 3 active threads.
Waiting for actors to stop.
Sent output token with value 9.0
Next port to read input from is inputB
Called postfire()
Called prefire()
Called fire()
Checking for deadlock:
There are 1 Blocked actors, 0 Stopped actors, and 3 active threads.
Waiting for actors to stop.
Called postfire()
Called prefire()
Called fire()
Checking for deadlock:
There are 2 Blocked actors, 0 Stopped actors, and 3 active threads.
Waiting for actors to stop.
Read input token from inputB with value 10.5
Checking for deadlock:
There are 1 Blocked actors, 0 Stopped actors, and 3 active threads.
Waiting for actors to stop.
Called prefire()
Called fire()
Past the end of training data. Read and discard all inputs.
Checking for deadlock:
There are 2 Blocked actors, 0 Stopped actors, and 3 active threads.
Waiting for actors to stop.
Sent output token with value 9.0
Next port to read input from is inputA
Called postfire()
Called prefire()
Called fire()
Checking for deadlock:
There are 3 Blocked actors, 0 Stopped actors, and 3 active threads.
Actors have stopped.
Checking for deadlock:
There are 3 Blocked actors, 0 Stopped actors, and 3 active threads.
Deadlock detected.
Resolving Deadlock
Checking for deadlock:
There are 3 Blocked actors, 0 Stopped actors, and 3 active threads.
Artificial Deadlock - increasing queue capacity.
increasing the capacity of receiver ptolemy.actor.TypedIOPort {.top.OrderedMerge.inputB} to 2
Director: Called postfire().
Called postfire().
_stopRequested = false
_stopFireRequested = false
Returning from postfire(): true
Called fire().
Checking for deadlock:
There are 2 Blocked actors, 0 Stopped actors, and 3 active threads.
Waiting for actors to stop.
-- Thread wrapup() called.
Called wrapup()
Thread .top.Ramp2 is exiting.
-- Thread stopped.
Checking for deadlock:
There are 2 Blocked actors, 0 Stopped actors, and 2 active threads.
Actors have stopped.
Checking for deadlock:
There are 2 Blocked actors, 0 Stopped actors, and 2 active threads.
Deadlock detected.
Resolving Deadlock
Checking for deadlock:
There are 2 Blocked actors, 0 Stopped actors, and 2 active threads.
Deadlock detected: no processes blocked on write, but some are blocked on read.
Called postfire().
_stopRequested = false
_stopFireRequested = false
Returning from postfire(): false
Finished deactivating branches.
Called wrapup().
-- Thread wrapup() called.
Called wrapup()
Thread .top.OrderedMerge is exiting.
-- Thread stopped.
-- Blocked Receiver call threw TerminateProcessException.
-- Thread wrapup() called.
Called wrapup()
Thread .top.Test is exiting.
-- Thread stopped.
-- Blocked Receiver call threw TerminateProcessException.
38 ms. Memory: 208384K Free: 168858K (81%)
/home/travis/build/icyphy/ptII/ptolemy/actor/lib/test/Publisher.tcl
6 ms. Memory: 208384K Free: 161687K (78%)
11 ms. Memory: 208384K Free: 156906K (75%)
9 ms. Memory: 208384K Free: 152125K (73%)
6 ms. Memory: 208384K Free: 152125K (73%)
5 ms. Memory: 208384K Free: 152125K (73%)
12 ms. Memory: 208384K Free: 149735K (72%)
3 ms. Memory: 208384K Free: 149735K (72%)
3 ms. Memory: 208384K Free: 149735K (72%)
2 ms. Memory: 208384K Free: 140142K (67%)
4 ms. Memory: 208384K Free: 135361K (65%)
2 ms. Memory: 208384K Free: 135361K (65%)
1 ms. Memory: 208384K Free: 132971K (64%)
7 ms. Memory: 208384K Free: 123377K (59%)
6 ms. Memory: 208384K Free: 113767K (55%)
6 ms. Memory: 208384K Free: 101768K (49%)
/home/travis/build/icyphy/ptII/ptolemy/actor/lib/test/Pulse.tcl
5 ms. Memory: 208384K Free: 179800K (86%)
2 ms. Memory: 208384K Free: 179800K (86%)
2 ms. Memory: 208384K Free: 179800K (86%)
1 ms. Memory: 208384K Free: 179800K (86%)
2 ms. Memory: 208384K Free: 177443K (85%)
2 ms. Memory: 208384K Free: 177443K (85%)
3 ms. Memory: 208384K Free: 177443K (85%)
1 ms. Memory: 208384K Free: 175102K (84%)
2 ms. Memory: 208384K Free: 175102K (84%)
/home/travis/build/icyphy/ptII/ptolemy/actor/lib/test/Ramp.tcl
3 ms. Memory: 208384K Free: 172752K (83%)
1 ms. Memory: 208384K Free: 172752K (83%)
1 ms. Memory: 208384K Free: 172752K (83%)
1 ms. Memory: 208384K Free: 170403K (82%)
3 ms. Memory: 208384K Free: 170403K (82%)
3 ms. Memory: 208384K Free: 170403K (82%)
4 ms. Memory: 208384K Free: 168061K (81%)
5 actors
8000 microseconds per iteration to create
11 ms. Memory: 208384K Free: 165704K (80%)
2 ms. Memory: 208384K Free: 165704K (80%)
2 ms. Memory: 208384K Free: 163347K (78%)
2 ms. Memory: 208384K Free: 163347K (78%)
50 actors
48000 microseconds per iteration to create
47 ms. Memory: 208384K Free: 149250K (72%)
17 ms. Memory: 208384K Free: 146893K (70%)
6 ms. Memory: 208384K Free: 146893K (70%)
8 ms. Memory: 208384K Free: 144550K (69%)
500 actors
1589000 microseconds per iteration to create
263 ms. Memory: 331776K Free: 220967K (67%)
35 ms. Memory: 331776K Free: 216238K (65%)
32 ms. Memory: 331776K Free: 211501K (64%)
30 ms. Memory: 331776K Free: 206772K (62%)
/home/travis/build/icyphy/ptII/ptolemy/actor/lib/test/RampContinuous.tcl
6 ms. Memory: 331776K Free: 202044K (61%)
/home/travis/build/icyphy/ptII/ptolemy/actor/lib/test/RecordAssembler.tcl
5 ms. Memory: 331776K Free: 202044K (61%)
3 ms. Memory: 331776K Free: 202044K (61%)
/home/travis/build/icyphy/ptII/ptolemy/actor/lib/test/RecordDisassembler.tcl
4 ms. Memory: 331776K Free: 197315K (59%)
3 ms. Memory: 331776K Free: 197315K (59%)
4 ms. Memory: 331776K Free: 197315K (59%)
/home/travis/build/icyphy/ptII/ptolemy/actor/lib/test/Scale.tcl
2 ms. Memory: 331776K Free: 192586K (58%)
2 ms. Memory: 331776K Free: 192586K (58%)
1 ms. Memory: 331776K Free: 192586K (58%)
2 ms. Memory: 331776K Free: 192586K (58%)
3 ms. Memory: 331776K Free: 192586K (58%)
/home/travis/build/icyphy/ptII/ptolemy/actor/lib/test/SequentialClock.tcl
preinitializing
resolving types
initializing
executing number 1
wrapping up
idle
3 ms. Memory: 331776K Free: 187841K (57%)
Completed execution with 5 iterations
preinitializing
resolving types
initializing
executing number 1
wrapping up
idle
2 ms. Memory: 331776K Free: 187841K (57%)
Completed execution with 5 iterations
preinitializing
resolving types
initializing
executing number 1
wrapping up
idle
1 ms. Memory: 331776K Free: 187841K (57%)
Completed execution with 5 iterations
/home/travis/build/icyphy/ptII/ptolemy/actor/lib/test/SetVariable.tcl
4 ms. Memory: 331776K Free: 187841K (57%)
/home/travis/build/icyphy/ptII/ptolemy/actor/lib/test/Sinewave.tcl
/home/travis/build/icyphy/ptII/ptolemy/actor/lib/test/SubscriptionAggregator.tcl
4 ms. Memory: 331776K Free: 173653K (52%)
2 ms. Memory: 331776K Free: 173653K (52%)
1 ms. Memory: 331776K Free: 173653K (52%)
0 ms. Memory: 331776K Free: 173653K (52%)
1 ms. Memory: 331776K Free: 168924K (51%)
4 ms. Memory: 331776K Free: 164180K (49%)
...............................................................916 ms. Memory: 579584K Free: 297962K (51%)
/home/travis/build/icyphy/ptII/ptolemy/actor/lib/test/Test.tcl
 The next command will produce a warning about training mode,
   which may be ignored.
4 ms. Memory: 579584K Free: 288349K (50%)
2 ms. Memory: 579584K Free: 288349K (50%)
2 ms. Memory: 579584K Free: 288349K (50%)
1 ms. Memory: 579584K Free: 288349K (50%)
1 ms. Memory: 579584K Free: 288349K (50%)
2 ms. Memory: 579584K Free: 288349K (50%)
3 ms. Memory: 579584K Free: 288349K (50%)
 The next command will produce a warning about training mode,
   which may be ignored.
4 ms. Memory: 579584K Free: 288349K (50%)
 The next command will produce a warning about training mode,
   which may be ignored.
3 ms. Memory: 579584K Free: 288349K (50%)
1 ms. Memory: 579584K Free: 278752K (48%)
1 ms. Memory: 579584K Free: 278752K (48%)
1 ms. Memory: 579584K Free: 278752K (48%)
1 ms. Memory: 579584K Free: 278752K (48%)
3 ms. Memory: 579584K Free: 278752K (48%)
/home/travis/build/icyphy/ptII/ptolemy/actor/lib/test/TestExceptionHandler.tcl
 The next command will produce a warning about training mode,
   which may be ignored.
1 ms. Memory: 579584K Free: 278752K (48%)
0 ms. Memory: 579584K Free: 278752K (48%)
1 ms. Memory: 579584K Free: 278752K (48%)
/home/travis/build/icyphy/ptII/ptolemy/actor/lib/test/UnionDisassembler.tcl
26 ms. Memory: 579584K Free: 269154K (46%)
/home/travis/build/icyphy/ptII/ptolemy/actor/lib/test/VariableClock.tcl
preinitializing
resolving types
initializing
executing number 1
wrapping up
idle
9 ms. Memory: 579584K Free: 269154K (46%)
Completed execution with 11 iterations
preinitializing
resolving types
initializing
executing number 1
wrapping up
idle
3 ms. Memory: 579584K Free: 259549K (45%)
Completed execution with 10 iterations
10/25/18 02:31:35
Failed: 0  Total Tests: 234  ((Passed: 234, Newly Passed: 0)  Known Failed: 0) /home/travis/build/icyphy/ptII/ptolemy/actor/lib/test
----------------- testing (KnownFailure) /home/travis/build/icyphy/ptII/ptolemy/actor/lib/test/auto/knownFailedTests/PublisherPortToplevelSubscriber.xml
1 ms. Memory: 579584K Free: 249810K (43%)
Known Failure: java.lang.reflect.InvocationTargetException
----------------- testing (KnownFailure) /home/travis/build/icyphy/ptII/ptolemy/actor/lib/test/auto/knownFailedTests/PublisherSubscriberPortToplevel.xml
3 ms. Memory: 579584K Free: 230334K (40%)
Known Failure: java.lang.reflect.InvocationTargetException
----------------- testing (KnownFailure) /home/travis/build/icyphy/ptII/ptolemy/actor/lib/test/auto/knownFailedTests/PublisherSubscriptionAggregatorPort.xml
2 ms. Memory: 579584K Free: 210857K (36%)
Known Failure: java.lang.reflect.InvocationTargetException
----------------- testing (KnownFailure) /home/travis/build/icyphy/ptII/ptolemy/actor/lib/test/auto/knownFailedTests/sizedarray3.xml
4 ms. Memory: 579584K Free: 191380K (33%)
Known Failure: java.lang.reflect.InvocationTargetException
No auto/linux-amd64/*.xml tests in /home/travis/build/icyphy/ptII/ptolemy/actor/lib/test
AutoTests.java: About to close Vertx.
AutoTests.java: Vertx closed.

===========================================================================================
----------------- testing Thu Oct 25 02:31:36 UTC 2018 /home/travis/build/icyphy/ptII/ptolemy/actor/lib/test/auto/AbsoluteValue.xml
----------------- Instantiating /home/travis/build/icyphy/ptII/ptolemy/actor/lib/test/auto/AbsoluteValue.xml
10 ms. Memory: 579584K Free: 113755K (20%)
----------------- Invoking toplevel() on ptolemy.moml.MoMLSimpleApplication@49cd3ccf
----------------- Done invoking toplevel() on ptolemy.moml.MoMLSimpleApplication@49cd3ccf
reloadAllAccessors: .AbsoluteValue

===========================================================================================
----------------- testing Thu Oct 25 02:31:36 UTC 2018 /home/travis/build/icyphy/ptII/ptolemy/actor/lib/test/auto/AbsoluteValue2.xml
----------------- Instantiating /home/travis/build/icyphy/ptII/ptolemy/actor/lib/test/auto/AbsoluteValue2.xml
5 ms. Memory: 579584K Free: 89534K (15%)
----------------- Invoking toplevel() on ptolemy.moml.MoMLSimpleApplication@6ad52a5a
----------------- Done invoking toplevel() on ptolemy.moml.MoMLSimpleApplication@6ad52a5a
reloadAllAccessors: .AbsoluteValue2

===========================================================================================
----------------- testing Thu Oct 25 02:31:36 UTC 2018 /home/travis/build/icyphy/ptII/ptolemy/actor/lib/test/auto/Accumulator.xml
----------------- Instantiating /home/travis/build/icyphy/ptII/ptolemy/actor/lib/test/auto/Accumulator.xml
19 ms. Memory: 579584K Free: 79796K (14%)
----------------- Invoking toplevel() on ptolemy.moml.MoMLSimpleApplication@3ecda589
----------------- Done invoking toplevel() on ptolemy.moml.MoMLSimpleApplication@3ecda589
reloadAllAccessors: .Accumulator

===========================================================================================
----------------- testing Thu Oct 25 02:31:36 UTC 2018 /home/travis/build/icyphy/ptII/ptolemy/actor/lib/test/auto/Accumulator2.xml
----------------- Instantiating /home/travis/build/icyphy/ptII/ptolemy/actor/lib/test/auto/Accumulator2.xml
4 ms. Memory: 579584K Free: 70508K (12%)
----------------- Invoking toplevel() on ptolemy.moml.MoMLSimpleApplication@2aaa896e
----------------- Done invoking toplevel() on ptolemy.moml.MoMLSimpleApplication@2aaa896e
reloadAllAccessors: .Accumulator2

===========================================================================================
----------------- testing Thu Oct 25 02:31:36 UTC 2018 /home/travis/build/icyphy/ptII/ptolemy/actor/lib/test/auto/Accumulator3.xml
----------------- Instantiating /home/travis/build/icyphy/ptII/ptolemy/actor/lib/test/auto/Accumulator3.xml
2 ms. Memory: 581120K Free: 531800K (92%)
----------------- Invoking toplevel() on ptolemy.moml.MoMLSimpleApplication@6ac0db40
----------------- Done invoking toplevel() on ptolemy.moml.MoMLSimpleApplication@6ac0db40
reloadAllAccessors: .Accumulator3

===========================================================================================
----------------- testing Thu Oct 25 02:31:36 UTC 2018 /home/travis/build/icyphy/ptII/ptolemy/actor/lib/test/auto/ArrayAppend.xml
----------------- Instantiating /home/travis/build/icyphy/ptII/ptolemy/actor/lib/test/auto/ArrayAppend.xml
4 ms. Memory: 581120K Free: 513606K (88%)
----------------- Invoking toplevel() on ptolemy.moml.MoMLSimpleApplication@4446bbd9
----------------- Done invoking toplevel() on ptolemy.moml.MoMLSimpleApplication@4446bbd9
reloadAllAccessors: .ArrayAppend

===========================================================================================
----------------- testing Thu Oct 25 02:31:36 UTC 2018 /home/travis/build/icyphy/ptII/ptolemy/actor/lib/test/auto/ArrayAppend2.xml
----------------- Instantiating /home/travis/build/icyphy/ptII/ptolemy/actor/lib/test/auto/ArrayAppend2.xml
698 ms. Memory: 581120K Free: 425961K (73%)
----------------- Invoking toplevel() on ptolemy.moml.MoMLSimpleApplication@7cdd0d7a
----------------- Done invoking toplevel() on ptolemy.moml.MoMLSimpleApplication@7cdd0d7a
reloadAllAccessors: .ArrayAppend2

===========================================================================================
----------------- testing Thu Oct 25 02:31:37 UTC 2018 /home/travis/build/icyphy/ptII/ptolemy/actor/lib/test/auto/ArrayAppend3.xml
----------------- Instantiating /home/travis/build/icyphy/ptII/ptolemy/actor/lib/test/auto/ArrayAppend3.xml
3 ms. Memory: 581120K Free: 416223K (72%)
----------------- Invoking toplevel() on ptolemy.moml.MoMLSimpleApplication@5904d2ef
----------------- Done invoking toplevel() on ptolemy.moml.MoMLSimpleApplication@5904d2ef
reloadAllAccessors: .ArrayAppend3

===========================================================================================
----------------- testing Thu Oct 25 02:31:37 UTC 2018 /home/travis/build/icyphy/ptII/ptolemy/actor/lib/test/auto/ArrayAppend4.xml
----------------- Instantiating /home/travis/build/icyphy/ptII/ptolemy/actor/lib/test/auto/ArrayAppend4.xml
7 ms. Memory: 581120K Free: 398029K (68%)
----------------- Invoking toplevel() on ptolemy.moml.MoMLSimpleApplication@75abe6b6
----------------- Done invoking toplevel() on ptolemy.moml.MoMLSimpleApplication@75abe6b6
reloadAllAccessors: .ArrayAppend4

===========================================================================================
----------------- testing Thu Oct 25 02:31:37 UTC 2018 /home/travis/build/icyphy/ptII/ptolemy/actor/lib/test/auto/ArrayAppend5.xml
----------------- Instantiating /home/travis/build/icyphy/ptII/ptolemy/actor/lib/test/auto/ArrayAppend5.xml
4 ms. Memory: 581120K Free: 388290K (67%)
----------------- Invoking toplevel() on ptolemy.moml.MoMLSimpleApplication@3a6ef74c
----------------- Done invoking toplevel() on ptolemy.moml.MoMLSimpleApplication@3a6ef74c
reloadAllAccessors: .ArrayAppend5

===========================================================================================
----------------- testing Thu Oct 25 02:31:37 UTC 2018 /home/travis/build/icyphy/ptII/ptolemy/actor/lib/test/auto/ArrayAppend6.xml
----------------- Instantiating /home/travis/build/icyphy/ptII/ptolemy/actor/lib/test/auto/ArrayAppend6.xml
8 ms. Memory: 581120K Free: 378552K (65%)
----------------- Invoking toplevel() on ptolemy.moml.MoMLSimpleApplication@34df5888
----------------- Done invoking toplevel() on ptolemy.moml.MoMLSimpleApplication@34df5888
reloadAllAccessors: .ArrayAppend6

===========================================================================================
----------------- testing Thu Oct 25 02:31:37 UTC 2018 /home/travis/build/icyphy/ptII/ptolemy/actor/lib/test/auto/ArrayAppendPerformanceTest.xml
----------------- Instantiating /home/travis/build/icyphy/ptII/ptolemy/actor/lib/test/auto/ArrayAppendPerformanceTest.xml
25 ms. Memory: 581120K Free: 363928K (63%)
----------------- Invoking toplevel() on ptolemy.moml.MoMLSimpleApplication@12c711d7
----------------- Done invoking toplevel() on ptolemy.moml.MoMLSimpleApplication@12c711d7
reloadAllAccessors: .ArrayAppendPerformanceTest

===========================================================================================
----------------- testing Thu Oct 25 02:31:37 UTC 2018 /home/travis/build/icyphy/ptII/ptolemy/actor/lib/test/auto/ArrayAppendWithEmptyInput.xml
----------------- Instantiating /home/travis/build/icyphy/ptII/ptolemy/actor/lib/test/auto/ArrayAppendWithEmptyInput.xml
16 ms. Memory: 581120K Free: 340849K (59%)
----------------- Invoking toplevel() on ptolemy.moml.MoMLSimpleApplication@474a765f
----------------- Done invoking toplevel() on ptolemy.moml.MoMLSimpleApplication@474a765f
reloadAllAccessors: .ArrayAppendWithEmptyInput

===========================================================================================
----------------- testing Thu Oct 25 02:31:37 UTC 2018 /home/travis/build/icyphy/ptII/ptolemy/actor/lib/test/auto/ArrayAverage.xml
----------------- Instantiating /home/travis/build/icyphy/ptII/ptolemy/actor/lib/test/auto/ArrayAverage.xml
10 ms. Memory: 581120K Free: 326226K (56%)
----------------- Invoking toplevel() on ptolemy.moml.MoMLSimpleApplication@773a91bb
----------------- Done invoking toplevel() on ptolemy.moml.MoMLSimpleApplication@773a91bb
reloadAllAccessors: .ArrayAverage

===========================================================================================
----------------- testing Thu Oct 25 02:31:38 UTC 2018 /home/travis/build/icyphy/ptII/ptolemy/actor/lib/test/auto/ArrayContains.xml
----------------- Instantiating /home/travis/build/icyphy/ptII/ptolemy/actor/lib/test/auto/ArrayContains.xml
6 ms. Memory: 581120K Free: 316487K (54%)
----------------- Invoking toplevel() on ptolemy.moml.MoMLSimpleApplication@3e4701f
----------------- Done invoking toplevel() on ptolemy.moml.MoMLSimpleApplication@3e4701f
reloadAllAccessors: .ArrayContains

===========================================================================================
----------------- testing Thu Oct 25 02:31:38 UTC 2018 /home/travis/build/icyphy/ptII/ptolemy/actor/lib/test/auto/ArrayElement.xml
----------------- Instantiating /home/travis/build/icyphy/ptII/ptolemy/actor/lib/test/auto/ArrayElement.xml
4 ms. Memory: 581120K Free: 306749K (53%)
----------------- Invoking toplevel() on ptolemy.moml.MoMLSimpleApplication@12bfc1e4
----------------- Done invoking toplevel() on ptolemy.moml.MoMLSimpleApplication@12bfc1e4
reloadAllAccessors: .ArrayElement

===========================================================================================
----------------- testing Thu Oct 25 02:31:38 UTC 2018 /home/travis/build/icyphy/ptII/ptolemy/actor/lib/test/auto/ArrayElementAsMatrix.xml
----------------- Instantiating /home/travis/build/icyphy/ptII/ptolemy/actor/lib/test/auto/ArrayElementAsMatrix.xml
27 ms. Memory: 581120K Free: 283686K (49%)
----------------- Invoking toplevel() on ptolemy.moml.MoMLSimpleApplication@38f9db
----------------- Done invoking toplevel() on ptolemy.moml.MoMLSimpleApplication@38f9db
reloadAllAccessors: .ArrayElementAsMatrix

===========================================================================================
----------------- testing Thu Oct 25 02:31:38 UTC 2018 /home/travis/build/icyphy/ptII/ptolemy/actor/lib/test/auto/ArrayElementI.xml
----------------- Instantiating /home/travis/build/icyphy/ptII/ptolemy/actor/lib/test/auto/ArrayElementI.xml
4 ms. Memory: 581120K Free: 273947K (47%)
----------------- Invoking toplevel() on ptolemy.moml.MoMLSimpleApplication@1eb27a9e
----------------- Done invoking toplevel() on ptolemy.moml.MoMLSimpleApplication@1eb27a9e
reloadAllAccessors: .ArrayElementI

===========================================================================================
----------------- testing Thu Oct 25 02:31:38 UTC 2018 /home/travis/build/icyphy/ptII/ptolemy/actor/lib/test/auto/ArrayExtract.xml
----------------- Instantiating /home/travis/build/icyphy/ptII/ptolemy/actor/lib/test/auto/ArrayExtract.xml
6 ms. Memory: 581120K Free: 264209K (45%)
----------------- Invoking toplevel() on ptolemy.moml.MoMLSimpleApplication@50b2bacb
----------------- Done invoking toplevel() on ptolemy.moml.MoMLSimpleApplication@50b2bacb
reloadAllAccessors: .ArrayExtract

===========================================================================================
----------------- testing Thu Oct 25 02:31:38 UTC 2018 /home/travis/build/icyphy/ptII/ptolemy/actor/lib/test/auto/ArrayExtract2.xml
----------------- Instantiating /home/travis/build/icyphy/ptII/ptolemy/actor/lib/test/auto/ArrayExtract2.xml
2 ms. Memory: 581120K Free: 254471K (44%)
----------------- Invoking toplevel() on ptolemy.moml.MoMLSimpleApplication@24ba1572
----------------- Done invoking toplevel() on ptolemy.moml.MoMLSimpleApplication@24ba1572
reloadAllAccessors: .ArrayExtract2

===========================================================================================
----------------- testing Thu Oct 25 02:31:38 UTC 2018 /home/travis/build/icyphy/ptII/ptolemy/actor/lib/test/auto/ArrayLength.xml
----------------- Instantiating /home/travis/build/icyphy/ptII/ptolemy/actor/lib/test/auto/ArrayLength.xml
1 ms. Memory: 581120K Free: 236277K (41%)
----------------- Invoking toplevel() on ptolemy.moml.MoMLSimpleApplication@4c872276
----------------- Done invoking toplevel() on ptolemy.moml.MoMLSimpleApplication@4c872276
reloadAllAccessors: .ArrayLength

===========================================================================================
----------------- testing Thu Oct 25 02:31:38 UTC 2018 /home/travis/build/icyphy/ptII/ptolemy/actor/lib/test/auto/ArrayLevelCrossing.xml
----------------- Instantiating /home/travis/build/icyphy/ptII/ptolemy/actor/lib/test/auto/ArrayLevelCrossing.xml
4 ms. Memory: 581120K Free: 221653K (38%)
----------------- Invoking toplevel() on ptolemy.moml.MoMLSimpleApplication@26ac7296
----------------- Done invoking toplevel() on ptolemy.moml.MoMLSimpleApplication@26ac7296
reloadAllAccessors: .ArrayLevelCrossing

===========================================================================================
----------------- testing Thu Oct 25 02:31:38 UTC 2018 /home/travis/build/icyphy/ptII/ptolemy/actor/lib/test/auto/ArrayLevelCrossing2.xml
----------------- Instantiating /home/travis/build/icyphy/ptII/ptolemy/actor/lib/test/auto/ArrayLevelCrossing2.xml
2 ms. Memory: 581120K Free: 202169K (35%)
----------------- Invoking toplevel() on ptolemy.moml.MoMLSimpleApplication@7b82df4f
----------------- Done invoking toplevel() on ptolemy.moml.MoMLSimpleApplication@7b82df4f
reloadAllAccessors: .ArrayLevelCrossing2

===========================================================================================
----------------- testing Thu Oct 25 02:31:38 UTC 2018 /home/travis/build/icyphy/ptII/ptolemy/actor/lib/test/auto/ArrayPeakSearch.xml
----------------- Instantiating /home/travis/build/icyphy/ptII/ptolemy/actor/lib/test/auto/ArrayPeakSearch.xml
7 ms. Memory: 581120K Free: 187545K (32%)
----------------- Invoking toplevel() on ptolemy.moml.MoMLSimpleApplication@39681c68
----------------- Done invoking toplevel() on ptolemy.moml.MoMLSimpleApplication@39681c68
reloadAllAccessors: .ArrayPeakSearch

===========================================================================================
----------------- testing Thu Oct 25 02:31:38 UTC 2018 /home/travis/build/icyphy/ptII/ptolemy/actor/lib/test/auto/ArrayPeakSearch2.xml
----------------- Instantiating /home/travis/build/icyphy/ptII/ptolemy/actor/lib/test/auto/ArrayPeakSearch2.xml
6 ms. Memory: 581120K Free: 164466K (28%)
----------------- Invoking toplevel() on ptolemy.moml.MoMLSimpleApplication@602c0f5e
----------------- Done invoking toplevel() on ptolemy.moml.MoMLSimpleApplication@602c0f5e
reloadAllAccessors: .ArrayPeakSearch2

===========================================================================================
----------------- testing Thu Oct 25 02:31:38 UTC 2018 /home/travis/build/icyphy/ptII/ptolemy/actor/lib/test/auto/ArrayPeakSearch3.xml
----------------- Instantiating /home/travis/build/icyphy/ptII/ptolemy/actor/lib/test/auto/ArrayPeakSearch3.xml
6 ms. Memory: 581120K Free: 149842K (26%)
----------------- Invoking toplevel() on ptolemy.moml.MoMLSimpleApplication@66efc84d
----------------- Done invoking toplevel() on ptolemy.moml.MoMLSimpleApplication@66efc84d
reloadAllAccessors: .ArrayPeakSearch3

===========================================================================================
----------------- testing Thu Oct 25 02:31:38 UTC 2018 /home/travis/build/icyphy/ptII/ptolemy/actor/lib/test/auto/ArrayRemoveElement.xml
----------------- Instantiating /home/travis/build/icyphy/ptII/ptolemy/actor/lib/test/auto/ArrayRemoveElement.xml
3 ms. Memory: 581120K Free: 135219K (23%)
----------------- Invoking toplevel() on ptolemy.moml.MoMLSimpleApplication@611f3a1a
----------------- Done invoking toplevel() on ptolemy.moml.MoMLSimpleApplication@611f3a1a
reloadAllAccessors: .ArrayRemoveElement

===========================================================================================
----------------- testing Thu Oct 25 02:31:38 UTC 2018 /home/travis/build/icyphy/ptII/ptolemy/actor/lib/test/auto/ArraySort.xml
----------------- Instantiating /home/travis/build/icyphy/ptII/ptolemy/actor/lib/test/auto/ArraySort.xml
3 ms. Memory: 581120K Free: 120611K (21%)
----------------- Invoking toplevel() on ptolemy.moml.MoMLSimpleApplication@5c87b5ff
----------------- Done invoking toplevel() on ptolemy.moml.MoMLSimpleApplication@5c87b5ff
reloadAllAccessors: .ArraySort

===========================================================================================
----------------- testing Thu Oct 25 02:31:38 UTC 2018 /home/travis/build/icyphy/ptII/ptolemy/actor/lib/test/auto/ArraySum.xml
----------------- Instantiating /home/travis/build/icyphy/ptII/ptolemy/actor/lib/test/auto/ArraySum.xml
5 ms. Memory: 581120K Free: 102417K (18%)
----------------- Invoking toplevel() on ptolemy.moml.MoMLSimpleApplication@46acd62c
----------------- Done invoking toplevel() on ptolemy.moml.MoMLSimpleApplication@46acd62c
reloadAllAccessors: .ArraySum

===========================================================================================
----------------- testing Thu Oct 25 02:31:38 UTC 2018 /home/travis/build/icyphy/ptII/ptolemy/actor/lib/test/auto/ArrayToElements.xml
----------------- Instantiating /home/travis/build/icyphy/ptII/ptolemy/actor/lib/test/auto/ArrayToElements.xml
6 ms. Memory: 581120K Free: 92679K (16%)
----------------- Invoking toplevel() on ptolemy.moml.MoMLSimpleApplication@615570a3
----------------- Done invoking toplevel() on ptolemy.moml.MoMLSimpleApplication@615570a3
reloadAllAccessors: .ArrayToElements

===========================================================================================
----------------- testing Thu Oct 25 02:31:38 UTC 2018 /home/travis/build/icyphy/ptII/ptolemy/actor/lib/test/auto/ArrayToMatrix.xml
----------------- Instantiating /home/travis/build/icyphy/ptII/ptolemy/actor/lib/test/auto/ArrayToMatrix.xml
8 ms. Memory: 581120K Free: 73186K (13%)
----------------- Invoking toplevel() on ptolemy.moml.MoMLSimpleApplication@7b564a6a
----------------- Done invoking toplevel() on ptolemy.moml.MoMLSimpleApplication@7b564a6a
reloadAllAccessors: .ArrayToMatrix

===========================================================================================
----------------- testing Thu Oct 25 02:31:38 UTC 2018 /home/travis/build/icyphy/ptII/ptolemy/actor/lib/test/auto/ArrayUpdate1.xml
----------------- Instantiating /home/travis/build/icyphy/ptII/ptolemy/actor/lib/test/auto/ArrayUpdate1.xml
2 ms. Memory: 581120K Free: 54992K (9%)
----------------- Invoking toplevel() on ptolemy.moml.MoMLSimpleApplication@293ebfcd
----------------- Done invoking toplevel() on ptolemy.moml.MoMLSimpleApplication@293ebfcd
reloadAllAccessors: .ArrayUpdate1

===========================================================================================
----------------- testing Thu Oct 25 02:31:38 UTC 2018 /home/travis/build/icyphy/ptII/ptolemy/actor/lib/test/auto/ArrayUpdate2.xml
----------------- Instantiating /home/travis/build/icyphy/ptII/ptolemy/actor/lib/test/auto/ArrayUpdate2.xml
3 ms. Memory: 879616K Free: 829999K (94%)
----------------- Invoking toplevel() on ptolemy.moml.MoMLSimpleApplication@406a9d19
----------------- Done invoking toplevel() on ptolemy.moml.MoMLSimpleApplication@406a9d19
reloadAllAccessors: .ArrayUpdate2

===========================================================================================
----------------- testing Thu Oct 25 02:31:38 UTC 2018 /home/travis/build/icyphy/ptII/ptolemy/actor/lib/test/auto/ArrayUpdate3.xml
----------------- Instantiating /home/travis/build/icyphy/ptII/ptolemy/actor/lib/test/auto/ArrayUpdate3.xml
2 ms. Memory: 879616K Free: 810067K (92%)
----------------- Invoking toplevel() on ptolemy.moml.MoMLSimpleApplication@22adbef
----------------- Done invoking toplevel() on ptolemy.moml.MoMLSimpleApplication@22adbef
reloadAllAccessors: .ArrayUpdate3

===========================================================================================
----------------- testing Thu Oct 25 02:31:38 UTC 2018 /home/travis/build/icyphy/ptII/ptolemy/actor/lib/test/auto/Assert1.xml
----------------- Instantiating /home/travis/build/icyphy/ptII/ptolemy/actor/lib/test/auto/Assert1.xml
3 ms. Memory: 879616K Free: 799677K (91%)
----------------- Invoking toplevel() on ptolemy.moml.MoMLSimpleApplication@5118c89c
----------------- Done invoking toplevel() on ptolemy.moml.MoMLSimpleApplication@5118c89c
reloadAllAccessors: .Assert1

===========================================================================================
----------------- testing Thu Oct 25 02:31:38 UTC 2018 /home/travis/build/icyphy/ptII/ptolemy/actor/lib/test/auto/Assert2.xml
----------------- Instantiating /home/travis/build/icyphy/ptII/ptolemy/actor/lib/test/auto/Assert2.xml
5 ms. Memory: 879616K Free: 789286K (90%)
----------------- Invoking toplevel() on ptolemy.moml.MoMLSimpleApplication@67e9c9f3
----------------- Done invoking toplevel() on ptolemy.moml.MoMLSimpleApplication@67e9c9f3
reloadAllAccessors: .Assert2

===========================================================================================
----------------- testing Thu Oct 25 02:31:38 UTC 2018 /home/travis/build/icyphy/ptII/ptolemy/actor/lib/test/auto/BooleanMultiplexor.xml
----------------- Instantiating /home/travis/build/icyphy/ptII/ptolemy/actor/lib/test/auto/BooleanMultiplexor.xml
2 ms. Memory: 879616K Free: 778896K (89%)
----------------- Invoking toplevel() on ptolemy.moml.MoMLSimpleApplication@1c361e9d
----------------- Done invoking toplevel() on ptolemy.moml.MoMLSimpleApplication@1c361e9d
reloadAllAccessors: .BooleanMultiplexor

===========================================================================================
----------------- testing Thu Oct 25 02:31:39 UTC 2018 /home/travis/build/icyphy/ptII/ptolemy/actor/lib/test/auto/BooleanMultiplexor2.xml
----------------- Instantiating /home/travis/build/icyphy/ptII/ptolemy/actor/lib/test/auto/BooleanMultiplexor2.xml
12 ms. Memory: 879616K Free: 758963K (86%)
----------------- Invoking toplevel() on ptolemy.moml.MoMLSimpleApplication@5099bc20
----------------- Done invoking toplevel() on ptolemy.moml.MoMLSimpleApplication@5099bc20
reloadAllAccessors: .BooleanMultiplexor2

===========================================================================================
----------------- testing Thu Oct 25 02:31:39 UTC 2018 /home/travis/build/icyphy/ptII/ptolemy/actor/lib/test/auto/BooleanMultiplexor3.xml
----------------- Instantiating /home/travis/build/icyphy/ptII/ptolemy/actor/lib/test/auto/BooleanMultiplexor3.xml
1 ms. Memory: 879616K Free: 748573K (85%)
----------------- Invoking toplevel() on ptolemy.moml.MoMLSimpleApplication@1ba2fc8a
----------------- Done invoking toplevel() on ptolemy.moml.MoMLSimpleApplication@1ba2fc8a
reloadAllAccessors: .BooleanMultiplexor3

===========================================================================================
----------------- testing Thu Oct 25 02:31:39 UTC 2018 /home/travis/build/icyphy/ptII/ptolemy/actor/lib/test/auto/BooleanSelect.xml
----------------- Instantiating /home/travis/build/icyphy/ptII/ptolemy/actor/lib/test/auto/BooleanSelect.xml
7 ms. Memory: 879616K Free: 738183K (84%)
----------------- Invoking toplevel() on ptolemy.moml.MoMLSimpleApplication@52d56ef9
----------------- Done invoking toplevel() on ptolemy.moml.MoMLSimpleApplication@52d56ef9
reloadAllAccessors: .BooleanSelect

===========================================================================================
----------------- testing Thu Oct 25 02:31:39 UTC 2018 /home/travis/build/icyphy/ptII/ptolemy/actor/lib/test/auto/BooleanSelect2.xml
----------------- Instantiating /home/travis/build/icyphy/ptII/ptolemy/actor/lib/test/auto/BooleanSelect2.xml
2 ms. Memory: 879616K Free: 727793K (83%)
----------------- Invoking toplevel() on ptolemy.moml.MoMLSimpleApplication@790eb180
----------------- Done invoking toplevel() on ptolemy.moml.MoMLSimpleApplication@790eb180
reloadAllAccessors: .BooleanSelect2

===========================================================================================
----------------- testing Thu Oct 25 02:31:39 UTC 2018 /home/travis/build/icyphy/ptII/ptolemy/actor/lib/test/auto/BooleanSwitch.xml
----------------- Instantiating /home/travis/build/icyphy/ptII/ptolemy/actor/lib/test/auto/BooleanSwitch.xml
7 ms. Memory: 879616K Free: 707860K (80%)
----------------- Invoking toplevel() on ptolemy.moml.MoMLSimpleApplication@2bd9ad59
----------------- Done invoking toplevel() on ptolemy.moml.MoMLSimpleApplication@2bd9ad59
reloadAllAccessors: .BooleanSwitch

===========================================================================================
----------------- testing Thu Oct 25 02:31:39 UTC 2018 /home/travis/build/icyphy/ptII/ptolemy/actor/lib/test/auto/BooleanSwitch2.xml
----------------- Instantiating /home/travis/build/icyphy/ptII/ptolemy/actor/lib/test/auto/BooleanSwitch2.xml
2 ms. Memory: 879616K Free: 697470K (79%)
----------------- Invoking toplevel() on ptolemy.moml.MoMLSimpleApplication@4835edae
----------------- Done invoking toplevel() on ptolemy.moml.MoMLSimpleApplication@4835edae
reloadAllAccessors: .BooleanSwitch2

===========================================================================================
----------------- testing Thu Oct 25 02:31:39 UTC 2018 /home/travis/build/icyphy/ptII/ptolemy/actor/lib/test/auto/BooleanSwitchCloningBugWithClassRelationGroup.xml
----------------- Instantiating /home/travis/build/icyphy/ptII/ptolemy/actor/lib/test/auto/BooleanSwitchCloningBugWithClassRelationGroup.xml
2 ms. Memory: 879616K Free: 687080K (78%)
----------------- Invoking toplevel() on ptolemy.moml.MoMLSimpleApplication@364839bb
----------------- Done invoking toplevel() on ptolemy.moml.MoMLSimpleApplication@364839bb
reloadAllAccessors: .BooleanSwitchCloningBugWithClassRelationGroup

===========================================================================================
----------------- testing Thu Oct 25 02:31:39 UTC 2018 /home/travis/build/icyphy/ptII/ptolemy/actor/lib/test/auto/BusActors.xml
----------------- Instantiating /home/travis/build/icyphy/ptII/ptolemy/actor/lib/test/auto/BusActors.xml
6 ms. Memory: 879616K Free: 671479K (76%)
----------------- Invoking toplevel() on ptolemy.moml.MoMLSimpleApplication@852cc17
----------------- Done invoking toplevel() on ptolemy.moml.MoMLSimpleApplication@852cc17
reloadAllAccessors: .BusActors

===========================================================================================
----------------- testing Thu Oct 25 02:31:39 UTC 2018 /home/travis/build/icyphy/ptII/ptolemy/actor/lib/test/auto/ClassWrapper.xml
----------------- Instantiating /home/travis/build/icyphy/ptII/ptolemy/actor/lib/test/auto/ClassWrapper.xml
2 ms. Memory: 879616K Free: 651546K (74%)
----------------- Invoking toplevel() on ptolemy.moml.MoMLSimpleApplication@35c25c43
----------------- Done invoking toplevel() on ptolemy.moml.MoMLSimpleApplication@35c25c43
reloadAllAccessors: .ClassWrapper

===========================================================================================
----------------- testing Thu Oct 25 02:31:39 UTC 2018 /home/travis/build/icyphy/ptII/ptolemy/actor/lib/test/auto/Clock.xml
----------------- Instantiating /home/travis/build/icyphy/ptII/ptolemy/actor/lib/test/auto/Clock.xml
2 ms. Memory: 879616K Free: 641156K (73%)
----------------- Invoking toplevel() on ptolemy.moml.MoMLSimpleApplication@4c3d6d6e
----------------- Done invoking toplevel() on ptolemy.moml.MoMLSimpleApplication@4c3d6d6e
reloadAllAccessors: .Clock

===========================================================================================
----------------- testing Thu Oct 25 02:31:39 UTC 2018 /home/travis/build/icyphy/ptII/ptolemy/actor/lib/test/auto/Clock10.xml
----------------- Instantiating /home/travis/build/icyphy/ptII/ptolemy/actor/lib/test/auto/Clock10.xml
4 ms. Memory: 879616K Free: 630766K (72%)
----------------- Invoking toplevel() on ptolemy.moml.MoMLSimpleApplication@25747285
----------------- Done invoking toplevel() on ptolemy.moml.MoMLSimpleApplication@25747285
reloadAllAccessors: .Clock10

===========================================================================================
----------------- testing Thu Oct 25 02:31:39 UTC 2018 /home/travis/build/icyphy/ptII/ptolemy/actor/lib/test/auto/Clock11.xml
----------------- Instantiating /home/travis/build/icyphy/ptII/ptolemy/actor/lib/test/auto/Clock11.xml
6 ms. Memory: 879616K Free: 620375K (71%)
----------------- Invoking toplevel() on ptolemy.moml.MoMLSimpleApplication@7b235f2b
----------------- Done invoking toplevel() on ptolemy.moml.MoMLSimpleApplication@7b235f2b
reloadAllAccessors: .Clock11

===========================================================================================
----------------- testing Thu Oct 25 02:31:39 UTC 2018 /home/travis/build/icyphy/ptII/ptolemy/actor/lib/test/auto/Clock12.xml
----------------- Instantiating /home/travis/build/icyphy/ptII/ptolemy/actor/lib/test/auto/Clock12.xml
5 ms. Memory: 879616K Free: 609985K (69%)
----------------- Invoking toplevel() on ptolemy.moml.MoMLSimpleApplication@34840302
----------------- Done invoking toplevel() on ptolemy.moml.MoMLSimpleApplication@34840302
reloadAllAccessors: .Clock12

===========================================================================================
----------------- testing Thu Oct 25 02:31:39 UTC 2018 /home/travis/build/icyphy/ptII/ptolemy/actor/lib/test/auto/Clock13.xml
----------------- Instantiating /home/travis/build/icyphy/ptII/ptolemy/actor/lib/test/auto/Clock13.xml
9 ms. Memory: 879616K Free: 590053K (67%)
----------------- Invoking toplevel() on ptolemy.moml.MoMLSimpleApplication@2fb3ddec
----------------- Done invoking toplevel() on ptolemy.moml.MoMLSimpleApplication@2fb3ddec
reloadAllAccessors: .Clock13

===========================================================================================
----------------- testing Thu Oct 25 02:31:39 UTC 2018 /home/travis/build/icyphy/ptII/ptolemy/actor/lib/test/auto/Clock14.xml
----------------- Instantiating /home/travis/build/icyphy/ptII/ptolemy/actor/lib/test/auto/Clock14.xml
9 ms. Memory: 879616K Free: 579663K (66%)
----------------- Invoking toplevel() on ptolemy.moml.MoMLSimpleApplication@6d5c60e4
----------------- Done invoking toplevel() on ptolemy.moml.MoMLSimpleApplication@6d5c60e4
reloadAllAccessors: .Clock14

===========================================================================================
----------------- testing Thu Oct 25 02:31:39 UTC 2018 /home/travis/build/icyphy/ptII/ptolemy/actor/lib/test/auto/Clock15.xml
----------------- Instantiating /home/travis/build/icyphy/ptII/ptolemy/actor/lib/test/auto/Clock15.xml
7 ms. Memory: 879616K Free: 569272K (65%)
----------------- Invoking toplevel() on ptolemy.moml.MoMLSimpleApplication@5c275f3c
----------------- Done invoking toplevel() on ptolemy.moml.MoMLSimpleApplication@5c275f3c
reloadAllAccessors: .Clock15

===========================================================================================
----------------- testing Thu Oct 25 02:31:39 UTC 2018 /home/travis/build/icyphy/ptII/ptolemy/actor/lib/test/auto/Clock16.xml
----------------- Instantiating /home/travis/build/icyphy/ptII/ptolemy/actor/lib/test/auto/Clock16.xml
24 ms. Memory: 879616K Free: 548476K (62%)
----------------- Invoking toplevel() on ptolemy.moml.MoMLSimpleApplication@3606adc2
----------------- Done invoking toplevel() on ptolemy.moml.MoMLSimpleApplication@3606adc2
reloadAllAccessors: .Clock16

===========================================================================================
----------------- testing Thu Oct 25 02:31:39 UTC 2018 /home/travis/build/icyphy/ptII/ptolemy/actor/lib/test/auto/Clock17.xml
----------------- Instantiating /home/travis/build/icyphy/ptII/ptolemy/actor/lib/test/auto/Clock17.xml
25 ms. Memory: 879616K Free: 523332K (59%)
----------------- Invoking toplevel() on ptolemy.moml.MoMLSimpleApplication@6396d2fe
----------------- Done invoking toplevel() on ptolemy.moml.MoMLSimpleApplication@6396d2fe
reloadAllAccessors: .Clock17

===========================================================================================
----------------- testing Thu Oct 25 02:31:39 UTC 2018 /home/travis/build/icyphy/ptII/ptolemy/actor/lib/test/auto/Clock18.xml
----------------- Instantiating /home/travis/build/icyphy/ptII/ptolemy/actor/lib/test/auto/Clock18.xml
22 ms. Memory: 879616K Free: 507731K (58%)
----------------- Invoking toplevel() on ptolemy.moml.MoMLSimpleApplication@373c73f
----------------- Done invoking toplevel() on ptolemy.moml.MoMLSimpleApplication@373c73f
reloadAllAccessors: .Clock18

===========================================================================================
----------------- testing Thu Oct 25 02:31:39 UTC 2018 /home/travis/build/icyphy/ptII/ptolemy/actor/lib/test/auto/Clock19.xml
----------------- Instantiating /home/travis/build/icyphy/ptII/ptolemy/actor/lib/test/auto/Clock19.xml
16 ms. Memory: 879616K Free: 492138K (56%)
----------------- Invoking toplevel() on ptolemy.moml.MoMLSimpleApplication@34279d6
----------------- Done invoking toplevel() on ptolemy.moml.MoMLSimpleApplication@34279d6
reloadAllAccessors: .Clock19

===========================================================================================
----------------- testing Thu Oct 25 02:31:39 UTC 2018 /home/travis/build/icyphy/ptII/ptolemy/actor/lib/test/auto/Clock2.xml
----------------- Instantiating /home/travis/build/icyphy/ptII/ptolemy/actor/lib/test/auto/Clock2.xml
6 ms. Memory: 879616K Free: 481747K (55%)
----------------- Invoking toplevel() on ptolemy.moml.MoMLSimpleApplication@2fe4fd21
----------------- Done invoking toplevel() on ptolemy.moml.MoMLSimpleApplication@2fe4fd21
reloadAllAccessors: .Clock2

===========================================================================================
----------------- testing Thu Oct 25 02:31:39 UTC 2018 /home/travis/build/icyphy/ptII/ptolemy/actor/lib/test/auto/Clock20.xml
----------------- Instantiating /home/travis/build/icyphy/ptII/ptolemy/actor/lib/test/auto/Clock20.xml
11 ms. Memory: 879616K Free: 461815K (53%)
----------------- Invoking toplevel() on ptolemy.moml.MoMLSimpleApplication@1a3ead18
----------------- Done invoking toplevel() on ptolemy.moml.MoMLSimpleApplication@1a3ead18
reloadAllAccessors: .Clock20

===========================================================================================
----------------- testing Thu Oct 25 02:31:39 UTC 2018 /home/travis/build/icyphy/ptII/ptolemy/actor/lib/test/auto/Clock21.xml
----------------- Instantiating /home/travis/build/icyphy/ptII/ptolemy/actor/lib/test/auto/Clock21.xml
2 ms. Memory: 879616K Free: 451425K (51%)
----------------- Invoking toplevel() on ptolemy.moml.MoMLSimpleApplication@4193ed26
----------------- Done invoking toplevel() on ptolemy.moml.MoMLSimpleApplication@4193ed26
reloadAllAccessors: .Clock21

===========================================================================================
----------------- testing Thu Oct 25 02:31:39 UTC 2018 /home/travis/build/icyphy/ptII/ptolemy/actor/lib/test/auto/Clock22.xml
----------------- Instantiating /home/travis/build/icyphy/ptII/ptolemy/actor/lib/test/auto/Clock22.xml
2 ms. Memory: 879616K Free: 441034K (50%)
----------------- Invoking toplevel() on ptolemy.moml.MoMLSimpleApplication@da5799f
----------------- Done invoking toplevel() on ptolemy.moml.MoMLSimpleApplication@da5799f
reloadAllAccessors: .Clock22

===========================================================================================
----------------- testing Thu Oct 25 02:31:39 UTC 2018 /home/travis/build/icyphy/ptII/ptolemy/actor/lib/test/auto/Clock23.xml
----------------- Instantiating /home/travis/build/icyphy/ptII/ptolemy/actor/lib/test/auto/Clock23.xml
4 ms. Memory: 879616K Free: 430644K (49%)
----------------- Invoking toplevel() on ptolemy.moml.MoMLSimpleApplication@49baf942
----------------- Done invoking toplevel() on ptolemy.moml.MoMLSimpleApplication@49baf942
reloadAllAccessors: .Clock23

===========================================================================================
----------------- testing Thu Oct 25 02:31:39 UTC 2018 /home/travis/build/icyphy/ptII/ptolemy/actor/lib/test/auto/Clock24.xml
----------------- Instantiating /home/travis/build/icyphy/ptII/ptolemy/actor/lib/test/auto/Clock24.xml
6 ms. Memory: 879616K Free: 410712K (47%)
----------------- Invoking toplevel() on ptolemy.moml.MoMLSimpleApplication@6475c01d
----------------- Done invoking toplevel() on ptolemy.moml.MoMLSimpleApplication@6475c01d
reloadAllAccessors: .Clock24

===========================================================================================
----------------- testing Thu Oct 25 02:31:39 UTC 2018 /home/travis/build/icyphy/ptII/ptolemy/actor/lib/test/auto/Clock4.xml
----------------- Instantiating /home/travis/build/icyphy/ptII/ptolemy/actor/lib/test/auto/Clock4.xml
5 ms. Memory: 879616K Free: 400321K (46%)
----------------- Invoking toplevel() on ptolemy.moml.MoMLSimpleApplication@51c07920
----------------- Done invoking toplevel() on ptolemy.moml.MoMLSimpleApplication@51c07920
reloadAllAccessors: .Clock4

===========================================================================================
----------------- testing Thu Oct 25 02:31:40 UTC 2018 /home/travis/build/icyphy/ptII/ptolemy/actor/lib/test/auto/Clock5.xml
----------------- Instantiating /home/travis/build/icyphy/ptII/ptolemy/actor/lib/test/auto/Clock5.xml
1 ms. Memory: 879616K Free: 389931K (44%)
----------------- Invoking toplevel() on ptolemy.moml.MoMLSimpleApplication@77b11187
----------------- Done invoking toplevel() on ptolemy.moml.MoMLSimpleApplication@77b11187
reloadAllAccessors: .Clock5

===========================================================================================
----------------- testing Thu Oct 25 02:31:40 UTC 2018 /home/travis/build/icyphy/ptII/ptolemy/actor/lib/test/auto/Clock6.xml
----------------- Instantiating /home/travis/build/icyphy/ptII/ptolemy/actor/lib/test/auto/Clock6.xml
2 ms. Memory: 879616K Free: 379541K (43%)
----------------- Invoking toplevel() on ptolemy.moml.MoMLSimpleApplication@c295a7e
----------------- Done invoking toplevel() on ptolemy.moml.MoMLSimpleApplication@c295a7e
reloadAllAccessors: .Clock6

===========================================================================================
----------------- testing Thu Oct 25 02:31:40 UTC 2018 /home/travis/build/icyphy/ptII/ptolemy/actor/lib/test/auto/Clock7.xml
----------------- Instantiating /home/travis/build/icyphy/ptII/ptolemy/actor/lib/test/auto/Clock7.xml
4 ms. Memory: 879616K Free: 369151K (42%)
----------------- Invoking toplevel() on ptolemy.moml.MoMLSimpleApplication@78e3f703
----------------- Done invoking toplevel() on ptolemy.moml.MoMLSimpleApplication@78e3f703
reloadAllAccessors: .Clock7

===========================================================================================
----------------- testing Thu Oct 25 02:31:40 UTC 2018 /home/travis/build/icyphy/ptII/ptolemy/actor/lib/test/auto/Clock8.xml
----------------- Instantiating /home/travis/build/icyphy/ptII/ptolemy/actor/lib/test/auto/Clock8.xml
7 ms. Memory: 879616K Free: 349218K (40%)
----------------- Invoking toplevel() on ptolemy.moml.MoMLSimpleApplication@7b67df70
----------------- Done invoking toplevel() on ptolemy.moml.MoMLSimpleApplication@7b67df70
reloadAllAccessors: .Clock8

===========================================================================================
----------------- testing Thu Oct 25 02:31:40 UTC 2018 /home/travis/build/icyphy/ptII/ptolemy/actor/lib/test/auto/Clock9.xml
----------------- Instantiating /home/travis/build/icyphy/ptII/ptolemy/actor/lib/test/auto/Clock9.xml
8 ms. Memory: 879616K Free: 338828K (39%)
----------------- Invoking toplevel() on ptolemy.moml.MoMLSimpleApplication@40122e62
----------------- Done invoking toplevel() on ptolemy.moml.MoMLSimpleApplication@40122e62
reloadAllAccessors: .Clock9

===========================================================================================
----------------- testing Thu Oct 25 02:31:40 UTC 2018 /home/travis/build/icyphy/ptII/ptolemy/actor/lib/test/auto/CommDistDiscard.xml
----------------- Instantiating /home/travis/build/icyphy/ptII/ptolemy/actor/lib/test/auto/CommDistDiscard.xml
6 ms. Memory: 879616K Free: 328438K (37%)
----------------- Invoking toplevel() on ptolemy.moml.MoMLSimpleApplication@18bf2323
----------------- Done invoking toplevel() on ptolemy.moml.MoMLSimpleApplication@18bf2323
reloadAllAccessors: .CommDistDiscard

===========================================================================================
----------------- testing Thu Oct 25 02:31:40 UTC 2018 /home/travis/build/icyphy/ptII/ptolemy/actor/lib/test/auto/Commutator.xml
----------------- Instantiating /home/travis/build/icyphy/ptII/ptolemy/actor/lib/test/auto/Commutator.xml
2 ms. Memory: 879616K Free: 318048K (36%)
----------------- Invoking toplevel() on ptolemy.moml.MoMLSimpleApplication@42b73b52
----------------- Done invoking toplevel() on ptolemy.moml.MoMLSimpleApplication@42b73b52
reloadAllAccessors: .Commutator

===========================================================================================
----------------- testing Thu Oct 25 02:31:40 UTC 2018 /home/travis/build/icyphy/ptII/ptolemy/actor/lib/test/auto/Commutator2.xml
----------------- Instantiating /home/travis/build/icyphy/ptII/ptolemy/actor/lib/test/auto/Commutator2.xml
2 ms. Memory: 879616K Free: 298115K (34%)
----------------- Invoking toplevel() on ptolemy.moml.MoMLSimpleApplication@51471d6d
----------------- Done invoking toplevel() on ptolemy.moml.MoMLSimpleApplication@51471d6d
reloadAllAccessors: .Commutator2

===========================================================================================
----------------- testing Thu Oct 25 02:31:40 UTC 2018 /home/travis/build/icyphy/ptII/ptolemy/actor/lib/test/auto/Commutator3.xml
----------------- Instantiating /home/travis/build/icyphy/ptII/ptolemy/actor/lib/test/auto/Commutator3.xml
2 ms. Memory: 879616K Free: 287725K (33%)
----------------- Invoking toplevel() on ptolemy.moml.MoMLSimpleApplication@1c8736c
----------------- Done invoking toplevel() on ptolemy.moml.MoMLSimpleApplication@1c8736c
reloadAllAccessors: .Commutator3

===========================================================================================
----------------- testing Thu Oct 25 02:31:40 UTC 2018 /home/travis/build/icyphy/ptII/ptolemy/actor/lib/test/auto/Compare.xml
----------------- Instantiating /home/travis/build/icyphy/ptII/ptolemy/actor/lib/test/auto/Compare.xml
2 ms. Memory: 879616K Free: 277335K (32%)
----------------- Invoking toplevel() on ptolemy.moml.MoMLSimpleApplication@5c15d116
----------------- Done invoking toplevel() on ptolemy.moml.MoMLSimpleApplication@5c15d116
reloadAllAccessors: .Compare

===========================================================================================
----------------- testing Thu Oct 25 02:31:40 UTC 2018 /home/travis/build/icyphy/ptII/ptolemy/actor/lib/test/auto/CompareDE.xml
----------------- Instantiating /home/travis/build/icyphy/ptII/ptolemy/actor/lib/test/auto/CompareDE.xml
3 ms. Memory: 879616K Free: 266944K (30%)
----------------- Invoking toplevel() on ptolemy.moml.MoMLSimpleApplication@33b56aee
----------------- Done invoking toplevel() on ptolemy.moml.MoMLSimpleApplication@33b56aee
reloadAllAccessors: .CompareDE

===========================================================================================
----------------- testing Thu Oct 25 02:31:40 UTC 2018 /home/travis/build/icyphy/ptII/ptolemy/actor/lib/test/auto/ComplexDivide.xml
----------------- Instantiating /home/travis/build/icyphy/ptII/ptolemy/actor/lib/test/auto/ComplexDivide.xml
2 ms. Memory: 879616K Free: 247012K (28%)
----------------- Invoking toplevel() on ptolemy.moml.MoMLSimpleApplication@3a253df8
----------------- Done invoking toplevel() on ptolemy.moml.MoMLSimpleApplication@3a253df8
reloadAllAccessors: .ComplexDivide

===========================================================================================
----------------- testing Thu Oct 25 02:31:40 UTC 2018 /home/travis/build/icyphy/ptII/ptolemy/actor/lib/test/auto/ComputeHistogram.xml
----------------- Instantiating /home/travis/build/icyphy/ptII/ptolemy/actor/lib/test/auto/ComputeHistogram.xml
40 ms. Memory: 879616K Free: 231427K (26%)
----------------- Invoking toplevel() on ptolemy.moml.MoMLSimpleApplication@3f1f9f3e
----------------- Done invoking toplevel() on ptolemy.moml.MoMLSimpleApplication@3f1f9f3e
reloadAllAccessors: .ComputeHistogram

===========================================================================================
----------------- testing Thu Oct 25 02:31:40 UTC 2018 /home/travis/build/icyphy/ptII/ptolemy/actor/lib/test/auto/ConfigurationSelect.xml
----------------- Instantiating /home/travis/build/icyphy/ptII/ptolemy/actor/lib/test/auto/ConfigurationSelect.xml
3 ms. Memory: 879616K Free: 221036K (25%)
----------------- Invoking toplevel() on ptolemy.moml.MoMLSimpleApplication@2c1af9e6
----------------- Done invoking toplevel() on ptolemy.moml.MoMLSimpleApplication@2c1af9e6
reloadAllAccessors: .ConfigurationSelect

===========================================================================================
----------------- testing Thu Oct 25 02:31:40 UTC 2018 /home/travis/build/icyphy/ptII/ptolemy/actor/lib/test/auto/ConfigurationSelect2.xml
----------------- Instantiating /home/travis/build/icyphy/ptII/ptolemy/actor/lib/test/auto/ConfigurationSelect2.xml
2 ms. Memory: 879616K Free: 210646K (24%)
----------------- Invoking toplevel() on ptolemy.moml.MoMLSimpleApplication@51157919
----------------- Done invoking toplevel() on ptolemy.moml.MoMLSimpleApplication@51157919
reloadAllAccessors: .ConfigurationSelect2

===========================================================================================
----------------- testing Thu Oct 25 02:31:40 UTC 2018 /home/travis/build/icyphy/ptII/ptolemy/actor/lib/test/auto/ConfigurationSwitch.xml
----------------- Instantiating /home/travis/build/icyphy/ptII/ptolemy/actor/lib/test/auto/ConfigurationSwitch.xml
3 ms. Memory: 879616K Free: 190714K (22%)
----------------- Invoking toplevel() on ptolemy.moml.MoMLSimpleApplication@31e98776
----------------- Done invoking toplevel() on ptolemy.moml.MoMLSimpleApplication@31e98776
reloadAllAccessors: .ConfigurationSwitch

===========================================================================================
----------------- testing Thu Oct 25 02:31:40 UTC 2018 /home/travis/build/icyphy/ptII/ptolemy/actor/lib/test/auto/ConfigurationSwitch2.xml
----------------- Instantiating /home/travis/build/icyphy/ptII/ptolemy/actor/lib/test/auto/ConfigurationSwitch2.xml
3 ms. Memory: 879616K Free: 180323K (21%)
----------------- Invoking toplevel() on ptolemy.moml.MoMLSimpleApplication@7da12e95
----------------- Done invoking toplevel() on ptolemy.moml.MoMLSimpleApplication@7da12e95
reloadAllAccessors: .ConfigurationSwitch2

===========================================================================================
----------------- testing Thu Oct 25 02:31:40 UTC 2018 /home/travis/build/icyphy/ptII/ptolemy/actor/lib/test/auto/ConfigurationSwitchCloningBugWithClassRelationGroup.xml
----------------- Instantiating /home/travis/build/icyphy/ptII/ptolemy/actor/lib/test/auto/ConfigurationSwitchCloningBugWithClassRelationGroup.xml
2 ms. Memory: 879616K Free: 169933K (19%)
----------------- Invoking toplevel() on ptolemy.moml.MoMLSimpleApplication@5c49fee9
----------------- Done invoking toplevel() on ptolemy.moml.MoMLSimpleApplication@5c49fee9
reloadAllAccessors: .ConfigurationSwitchCloningBugWithClassRelationGroup

===========================================================================================
----------------- testing Thu Oct 25 02:31:40 UTC 2018 /home/travis/build/icyphy/ptII/ptolemy/actor/lib/test/auto/ConfigurationSwitchSelectSDF.xml
----------------- Instantiating /home/travis/build/icyphy/ptII/ptolemy/actor/lib/test/auto/ConfigurationSwitchSelectSDF.xml
3 ms. Memory: 879616K Free: 159543K (18%)
----------------- Invoking toplevel() on ptolemy.moml.MoMLSimpleApplication@5d31bf8a
----------------- Done invoking toplevel() on ptolemy.moml.MoMLSimpleApplication@5d31bf8a
reloadAllAccessors: .ConfigurationSwitchSelectSDF

===========================================================================================
----------------- testing Thu Oct 25 02:31:40 UTC 2018 /home/travis/build/icyphy/ptII/ptolemy/actor/lib/test/auto/ConfigurationSwitchSelectSDF2.xml
----------------- Instantiating /home/travis/build/icyphy/ptII/ptolemy/actor/lib/test/auto/ConfigurationSwitchSelectSDF2.xml
2 ms. Memory: 879616K Free: 139610K (16%)
----------------- Invoking toplevel() on ptolemy.moml.MoMLSimpleApplication@4031f817
----------------- Done invoking toplevel() on ptolemy.moml.MoMLSimpleApplication@4031f817
reloadAllAccessors: .ConfigurationSwitchSelectSDF2

===========================================================================================
----------------- testing Thu Oct 25 02:31:40 UTC 2018 /home/travis/build/icyphy/ptII/ptolemy/actor/lib/test/auto/Const.xml
----------------- Instantiating /home/travis/build/icyphy/ptII/ptolemy/actor/lib/test/auto/Const.xml
2 ms. Memory: 879616K Free: 129220K (15%)
----------------- Invoking toplevel() on ptolemy.moml.MoMLSimpleApplication@7e0e4b3b
----------------- Done invoking toplevel() on ptolemy.moml.MoMLSimpleApplication@7e0e4b3b
reloadAllAccessors: .Const

===========================================================================================
----------------- testing Thu Oct 25 02:31:40 UTC 2018 /home/travis/build/icyphy/ptII/ptolemy/actor/lib/test/auto/Const2.xml
----------------- Instantiating /home/travis/build/icyphy/ptII/ptolemy/actor/lib/test/auto/Const2.xml
2 ms. Memory: 879616K Free: 118830K (14%)
----------------- Invoking toplevel() on ptolemy.moml.MoMLSimpleApplication@31dc38e8
----------------- Done invoking toplevel() on ptolemy.moml.MoMLSimpleApplication@31dc38e8
reloadAllAccessors: .Const2

===========================================================================================
----------------- testing Thu Oct 25 02:31:40 UTC 2018 /home/travis/build/icyphy/ptII/ptolemy/actor/lib/test/auto/Const3.xml
----------------- Instantiating /home/travis/build/icyphy/ptII/ptolemy/actor/lib/test/auto/Const3.xml
1 ms. Memory: 879616K Free: 108440K (12%)
----------------- Invoking toplevel() on ptolemy.moml.MoMLSimpleApplication@6faaccae
----------------- Done invoking toplevel() on ptolemy.moml.MoMLSimpleApplication@6faaccae
reloadAllAccessors: .Const3

===========================================================================================
----------------- testing Thu Oct 25 02:31:40 UTC 2018 /home/travis/build/icyphy/ptII/ptolemy/actor/lib/test/auto/ConstantPublisherPort1.xml
----------------- Instantiating /home/travis/build/icyphy/ptII/ptolemy/actor/lib/test/auto/ConstantPublisherPort1.xml
6 ms. Memory: 879616K Free: 92854K (11%)
----------------- Invoking toplevel() on ptolemy.moml.MoMLSimpleApplication@5bd75ef6
----------------- Done invoking toplevel() on ptolemy.moml.MoMLSimpleApplication@5bd75ef6
reloadAllAccessors: .ConstantPublisherPort1

===========================================================================================
----------------- testing Thu Oct 25 02:31:40 UTC 2018 /home/travis/build/icyphy/ptII/ptolemy/actor/lib/test/auto/ConstantPublisherPort2.xml
----------------- Instantiating /home/travis/build/icyphy/ptII/ptolemy/actor/lib/test/auto/ConstantPublisherPort2.xml
4 ms. Memory: 879616K Free: 72922K (8%)
----------------- Invoking toplevel() on ptolemy.moml.MoMLSimpleApplication@7682e188
----------------- Done invoking toplevel() on ptolemy.moml.MoMLSimpleApplication@7682e188
reloadAllAccessors: .ConstantPublisherPort2

===========================================================================================
----------------- testing Thu Oct 25 02:31:40 UTC 2018 /home/travis/build/icyphy/ptII/ptolemy/actor/lib/test/auto/ConstantPublisherPort3.xml
----------------- Instantiating /home/travis/build/icyphy/ptII/ptolemy/actor/lib/test/auto/ConstantPublisherPort3.xml
4 ms. Memory: 879616K Free: 59992K (7%)
----------------- Invoking toplevel() on ptolemy.moml.MoMLSimpleApplication@6127e1c5
----------------- Done invoking toplevel() on ptolemy.moml.MoMLSimpleApplication@6127e1c5
reloadAllAccessors: .ConstantPublisherPort3

===========================================================================================
----------------- testing Thu Oct 25 02:31:40 UTC 2018 /home/travis/build/icyphy/ptII/ptolemy/actor/lib/test/auto/ConstantPublisherPort4.xml
----------------- Instantiating /home/travis/build/icyphy/ptII/ptolemy/actor/lib/test/auto/ConstantPublisherPort4.xml
3 ms. Memory: 880640K Free: 829587K (94%)
----------------- Invoking toplevel() on ptolemy.moml.MoMLSimpleApplication@29f5d264
----------------- Done invoking toplevel() on ptolemy.moml.MoMLSimpleApplication@29f5d264
reloadAllAccessors: .ConstantPublisherPort4

===========================================================================================
----------------- testing Thu Oct 25 02:31:40 UTC 2018 /home/travis/build/icyphy/ptII/ptolemy/actor/lib/test/auto/ConstantPublisherPort5.xml
----------------- Instantiating /home/travis/build/icyphy/ptII/ptolemy/actor/lib/test/auto/ConstantPublisherPort5.xml
24 ms. Memory: 880640K Free: 796419K (90%)
----------------- Invoking toplevel() on ptolemy.moml.MoMLSimpleApplication@3c6aa024
----------------- Done invoking toplevel() on ptolemy.moml.MoMLSimpleApplication@3c6aa024
reloadAllAccessors: .ConstantPublisherPort5

===========================================================================================
----------------- testing Thu Oct 25 02:31:40 UTC 2018 /home/travis/build/icyphy/ptII/ptolemy/actor/lib/test/auto/ConstantPublisherPort6.xml
----------------- Instantiating /home/travis/build/icyphy/ptII/ptolemy/actor/lib/test/auto/ConstantPublisherPort6.xml
9 ms. Memory: 880640K Free: 770444K (87%)
----------------- Invoking toplevel() on ptolemy.moml.MoMLSimpleApplication@22e88650
----------------- Done invoking toplevel() on ptolemy.moml.MoMLSimpleApplication@22e88650
reloadAllAccessors: .ConstantPublisherPort6

===========================================================================================
----------------- testing Thu Oct 25 02:31:40 UTC 2018 /home/travis/build/icyphy/ptII/ptolemy/actor/lib/test/auto/ConstantPublisherPort7.xml
----------------- Instantiating /home/travis/build/icyphy/ptII/ptolemy/actor/lib/test/auto/ConstantPublisherPort7.xml
12 ms. Memory: 880640K Free: 744468K (85%)
----------------- Invoking toplevel() on ptolemy.moml.MoMLSimpleApplication@9774834
----------------- Done invoking toplevel() on ptolemy.moml.MoMLSimpleApplication@9774834
reloadAllAccessors: .ConstantPublisherPort7

===========================================================================================
----------------- testing Thu Oct 25 02:31:40 UTC 2018 /home/travis/build/icyphy/ptII/ptolemy/actor/lib/test/auto/ConstraintMonitor1.xml
----------------- Instantiating /home/travis/build/icyphy/ptII/ptolemy/actor/lib/test/auto/ConstraintMonitor1.xml
9 ms. Memory: 880640K Free: 726991K (83%)
----------------- Invoking toplevel() on ptolemy.moml.MoMLSimpleApplication@55b87e30
----------------- Done invoking toplevel() on ptolemy.moml.MoMLSimpleApplication@55b87e30
reloadAllAccessors: .ConstraintMonitor1

===========================================================================================
----------------- testing Thu Oct 25 02:31:40 UTC 2018 /home/travis/build/icyphy/ptII/ptolemy/actor/lib/test/auto/ConstraintMonitor2.xml
----------------- Instantiating /home/travis/build/icyphy/ptII/ptolemy/actor/lib/test/auto/ConstraintMonitor2.xml
2 ms. Memory: 880640K Free: 716601K (81%)
----------------- Invoking toplevel() on ptolemy.moml.MoMLSimpleApplication@5a42c41b
----------------- Done invoking toplevel() on ptolemy.moml.MoMLSimpleApplication@5a42c41b
reloadAllAccessors: .ConstraintMonitor2

===========================================================================================
----------------- testing Thu Oct 25 02:31:40 UTC 2018 /home/travis/build/icyphy/ptII/ptolemy/actor/lib/test/auto/ConstraintMonitor3.xml
----------------- Instantiating /home/travis/build/icyphy/ptII/ptolemy/actor/lib/test/auto/ConstraintMonitor3.xml
1 ms. Memory: 880640K Free: 706210K (80%)
----------------- Invoking toplevel() on ptolemy.moml.MoMLSimpleApplication@62b20457
----------------- Done invoking toplevel() on ptolemy.moml.MoMLSimpleApplication@62b20457
reloadAllAccessors: .ConstraintMonitor3

===========================================================================================
----------------- testing Thu Oct 25 02:31:40 UTC 2018 /home/travis/build/icyphy/ptII/ptolemy/actor/lib/test/auto/ConstraintMonitor4.xml
----------------- Instantiating /home/travis/build/icyphy/ptII/ptolemy/actor/lib/test/auto/ConstraintMonitor4.xml
6 ms. Memory: 880640K Free: 688733K (78%)
----------------- Invoking toplevel() on ptolemy.moml.MoMLSimpleApplication@5a8c6d13
----------------- Done invoking toplevel() on ptolemy.moml.MoMLSimpleApplication@5a8c6d13
reloadAllAccessors: .ConstraintMonitor4

===========================================================================================
----------------- testing Thu Oct 25 02:31:41 UTC 2018 /home/travis/build/icyphy/ptII/ptolemy/actor/lib/test/auto/ConstraintMonitor5.xml
----------------- Instantiating /home/travis/build/icyphy/ptII/ptolemy/actor/lib/test/auto/ConstraintMonitor5.xml
5 ms. Memory: 880640K Free: 678343K (77%)
----------------- Invoking toplevel() on ptolemy.moml.MoMLSimpleApplication@7d38758d
----------------- Done invoking toplevel() on ptolemy.moml.MoMLSimpleApplication@7d38758d
reloadAllAccessors: .ConstraintMonitor5

===========================================================================================
----------------- testing Thu Oct 25 02:31:41 UTC 2018 /home/travis/build/icyphy/ptII/ptolemy/actor/lib/test/auto/ConstraintMonitor6.xml
----------------- Instantiating /home/travis/build/icyphy/ptII/ptolemy/actor/lib/test/auto/ConstraintMonitor6.xml
7 ms. Memory: 880640K Free: 667953K (76%)
----------------- Invoking toplevel() on ptolemy.moml.MoMLSimpleApplication@10d104c8
----------------- Done invoking toplevel() on ptolemy.moml.MoMLSimpleApplication@10d104c8
reloadAllAccessors: .ConstraintMonitor6

===========================================================================================
----------------- testing Thu Oct 25 02:31:41 UTC 2018 /home/travis/build/icyphy/ptII/ptolemy/actor/lib/test/auto/ConstraintMonitor7.xml
----------------- Instantiating /home/travis/build/icyphy/ptII/ptolemy/actor/lib/test/auto/ConstraintMonitor7.xml
2 ms. Memory: 880640K Free: 650476K (74%)
----------------- Invoking toplevel() on ptolemy.moml.MoMLSimpleApplication@18565f05
----------------- Done invoking toplevel() on ptolemy.moml.MoMLSimpleApplication@18565f05
reloadAllAccessors: .ConstraintMonitor7

===========================================================================================
----------------- testing Thu Oct 25 02:31:41 UTC 2018 /home/travis/build/icyphy/ptII/ptolemy/actor/lib/test/auto/ConstraintMonitor8.xml
----------------- Instantiating /home/travis/build/icyphy/ptII/ptolemy/actor/lib/test/auto/ConstraintMonitor8.xml
8 ms. Memory: 880640K Free: 640085K (73%)
----------------- Invoking toplevel() on ptolemy.moml.MoMLSimpleApplication@43a3270c
----------------- Done invoking toplevel() on ptolemy.moml.MoMLSimpleApplication@43a3270c
reloadAllAccessors: .ConstraintMonitor8

===========================================================================================
----------------- testing Thu Oct 25 02:31:41 UTC 2018 /home/travis/build/icyphy/ptII/ptolemy/actor/lib/test/auto/Counter.xml
----------------- Instantiating /home/travis/build/icyphy/ptII/ptolemy/actor/lib/test/auto/Counter.xml
3 ms. Memory: 880640K Free: 629695K (72%)
----------------- Invoking toplevel() on ptolemy.moml.MoMLSimpleApplication@6170e768
----------------- Done invoking toplevel() on ptolemy.moml.MoMLSimpleApplication@6170e768
reloadAllAccessors: .Counter

===========================================================================================
----------------- testing Thu Oct 25 02:31:41 UTC 2018 /home/travis/build/icyphy/ptII/ptolemy/actor/lib/test/auto/CurrentTimeSDF.xml
----------------- Instantiating /home/travis/build/icyphy/ptII/ptolemy/actor/lib/test/auto/CurrentTimeSDF.xml
1 ms. Memory: 880640K Free: 612218K (70%)
----------------- Invoking toplevel() on ptolemy.moml.MoMLSimpleApplication@2ada833c
----------------- Done invoking toplevel() on ptolemy.moml.MoMLSimpleApplication@2ada833c
reloadAllAccessors: .CurrentTimeSDF

===========================================================================================
----------------- testing Thu Oct 25 02:31:41 UTC 2018 /home/travis/build/icyphy/ptII/ptolemy/actor/lib/test/auto/DB.xml
----------------- Instantiating /home/travis/build/icyphy/ptII/ptolemy/actor/lib/test/auto/DB.xml
2 ms. Memory: 880640K Free: 601828K (68%)
----------------- Invoking toplevel() on ptolemy.moml.MoMLSimpleApplication@50510ec2
----------------- Done invoking toplevel() on ptolemy.moml.MoMLSimpleApplication@50510ec2
reloadAllAccessors: .DB

===========================================================================================
----------------- testing Thu Oct 25 02:31:41 UTC 2018 /home/travis/build/icyphy/ptII/ptolemy/actor/lib/test/auto/DBDE.xml
----------------- Instantiating /home/travis/build/icyphy/ptII/ptolemy/actor/lib/test/auto/DBDE.xml
2 ms. Memory: 880640K Free: 591437K (67%)
----------------- Invoking toplevel() on ptolemy.moml.MoMLSimpleApplication@94ca0f7
----------------- Done invoking toplevel() on ptolemy.moml.MoMLSimpleApplication@94ca0f7
reloadAllAccessors: .DBDE

===========================================================================================
----------------- testing Thu Oct 25 02:31:41 UTC 2018 /home/travis/build/icyphy/ptII/ptolemy/actor/lib/test/auto/DateConstructor.xml
----------------- Instantiating /home/travis/build/icyphy/ptII/ptolemy/actor/lib/test/auto/DateConstructor.xml
16 ms. Memory: 880640K Free: 563570K (64%)
----------------- Invoking toplevel() on ptolemy.moml.MoMLSimpleApplication@6baad9f2
----------------- Done invoking toplevel() on ptolemy.moml.MoMLSimpleApplication@6baad9f2
reloadAllAccessors: .DateConstructor

===========================================================================================
----------------- testing Thu Oct 25 02:31:41 UTC 2018 /home/travis/build/icyphy/ptII/ptolemy/actor/lib/test/auto/DelayTime.xml
----------------- Instantiating /home/travis/build/icyphy/ptII/ptolemy/actor/lib/test/auto/DelayTime.xml
3 ms. Memory: 880640K Free: 553180K (63%)
----------------- Invoking toplevel() on ptolemy.moml.MoMLSimpleApplication@1859fab3
----------------- Done invoking toplevel() on ptolemy.moml.MoMLSimpleApplication@1859fab3
reloadAllAccessors: .DelayTime

===========================================================================================
----------------- testing Thu Oct 25 02:31:41 UTC 2018 /home/travis/build/icyphy/ptII/ptolemy/actor/lib/test/auto/Dictionary1.xml
----------------- Instantiating /home/travis/build/icyphy/ptII/ptolemy/actor/lib/test/auto/Dictionary1.xml
2 ms. Memory: 880640K Free: 542789K (62%)
----------------- Invoking toplevel() on ptolemy.moml.MoMLSimpleApplication@e026fd6
----------------- Done invoking toplevel() on ptolemy.moml.MoMLSimpleApplication@e026fd6
reloadAllAccessors: .Dictionary1

===========================================================================================
----------------- testing Thu Oct 25 02:31:41 UTC 2018 /home/travis/build/icyphy/ptII/ptolemy/actor/lib/test/auto/Dictionary2.xml
----------------- Instantiating /home/travis/build/icyphy/ptII/ptolemy/actor/lib/test/auto/Dictionary2.xml
3 ms. Memory: 880640K Free: 525312K (60%)
----------------- Invoking toplevel() on ptolemy.moml.MoMLSimpleApplication@6eaa8de2
----------------- Done invoking toplevel() on ptolemy.moml.MoMLSimpleApplication@6eaa8de2
reloadAllAccessors: .Dictionary2

===========================================================================================
----------------- testing Thu Oct 25 02:31:41 UTC 2018 /home/travis/build/icyphy/ptII/ptolemy/actor/lib/test/auto/Dictionary3.xml
----------------- Instantiating /home/travis/build/icyphy/ptII/ptolemy/actor/lib/test/auto/Dictionary3.xml
2 ms. Memory: 880640K Free: 514922K (58%)
----------------- Invoking toplevel() on ptolemy.moml.MoMLSimpleApplication@516d57fc
----------------- Done invoking toplevel() on ptolemy.moml.MoMLSimpleApplication@516d57fc
reloadAllAccessors: .Dictionary3

===========================================================================================
----------------- testing Thu Oct 25 02:31:41 UTC 2018 /home/travis/build/icyphy/ptII/ptolemy/actor/lib/test/auto/Dictionary4.xml
----------------- Instantiating /home/travis/build/icyphy/ptII/ptolemy/actor/lib/test/auto/Dictionary4.xml
5 ms. Memory: 880640K Free: 504532K (57%)
----------------- Invoking toplevel() on ptolemy.moml.MoMLSimpleApplication@76e81408
----------------- Done invoking toplevel() on ptolemy.moml.MoMLSimpleApplication@76e81408
reloadAllAccessors: .Dictionary4

===========================================================================================
----------------- testing Thu Oct 25 02:31:41 UTC 2018 /home/travis/build/icyphy/ptII/ptolemy/actor/lib/test/auto/Differential.xml
----------------- Instantiating /home/travis/build/icyphy/ptII/ptolemy/actor/lib/test/auto/Differential.xml
2 ms. Memory: 880640K Free: 487054K (55%)
----------------- Invoking toplevel() on ptolemy.moml.MoMLSimpleApplication@41cac28f
----------------- Done invoking toplevel() on ptolemy.moml.MoMLSimpleApplication@41cac28f
reloadAllAccessors: .Differential

===========================================================================================
----------------- testing Thu Oct 25 02:31:41 UTC 2018 /home/travis/build/icyphy/ptII/ptolemy/actor/lib/test/auto/Director.xml
----------------- Instantiating /home/travis/build/icyphy/ptII/ptolemy/actor/lib/test/auto/Director.xml
2 ms. Memory: 880640K Free: 476664K (54%)
----------------- Invoking toplevel() on ptolemy.moml.MoMLSimpleApplication@69216932
----------------- Done invoking toplevel() on ptolemy.moml.MoMLSimpleApplication@69216932
reloadAllAccessors: .Director

===========================================================================================
----------------- testing Thu Oct 25 02:31:41 UTC 2018 /home/travis/build/icyphy/ptII/ptolemy/actor/lib/test/auto/DiscreteClock.xml
----------------- Instantiating /home/travis/build/icyphy/ptII/ptolemy/actor/lib/test/auto/DiscreteClock.xml
1 ms. Memory: 880640K Free: 466274K (53%)
----------------- Invoking toplevel() on ptolemy.moml.MoMLSimpleApplication@12e8f0da
----------------- Done invoking toplevel() on ptolemy.moml.MoMLSimpleApplication@12e8f0da
reloadAllAccessors: .DiscreteClock

===========================================================================================
----------------- testing Thu Oct 25 02:31:41 UTC 2018 /home/travis/build/icyphy/ptII/ptolemy/actor/lib/test/auto/DiscreteClock10.xml
----------------- Instantiating /home/travis/build/icyphy/ptII/ptolemy/actor/lib/test/auto/DiscreteClock10.xml
4 ms. Memory: 880640K Free: 448797K (51%)
----------------- Invoking toplevel() on ptolemy.moml.MoMLSimpleApplication@51c1c0c6
----------------- Done invoking toplevel() on ptolemy.moml.MoMLSimpleApplication@51c1c0c6
reloadAllAccessors: .DiscreteClock10

===========================================================================================
----------------- testing Thu Oct 25 02:31:41 UTC 2018 /home/travis/build/icyphy/ptII/ptolemy/actor/lib/test/auto/DiscreteClock11.xml
----------------- Instantiating /home/travis/build/icyphy/ptII/ptolemy/actor/lib/test/auto/DiscreteClock11.xml
2 ms. Memory: 880640K Free: 438406K (50%)
----------------- Invoking toplevel() on ptolemy.moml.MoMLSimpleApplication@7b2f1f3a
----------------- Done invoking toplevel() on ptolemy.moml.MoMLSimpleApplication@7b2f1f3a
reloadAllAccessors: .DiscreteClock11

===========================================================================================
----------------- testing Thu Oct 25 02:31:41 UTC 2018 /home/travis/build/icyphy/ptII/ptolemy/actor/lib/test/auto/DiscreteClock12.xml
----------------- Instantiating /home/travis/build/icyphy/ptII/ptolemy/actor/lib/test/auto/DiscreteClock12.xml
3 ms. Memory: 880640K Free: 428016K (49%)
----------------- Invoking toplevel() on ptolemy.moml.MoMLSimpleApplication@79b9ff68
----------------- Done invoking toplevel() on ptolemy.moml.MoMLSimpleApplication@79b9ff68
reloadAllAccessors: .DiscreteClock12

===========================================================================================
----------------- testing Thu Oct 25 02:31:41 UTC 2018 /home/travis/build/icyphy/ptII/ptolemy/actor/lib/test/auto/DiscreteClock13.xml
----------------- Instantiating /home/travis/build/icyphy/ptII/ptolemy/actor/lib/test/auto/DiscreteClock13.xml
6 ms. Memory: 880640K Free: 410539K (47%)
----------------- Invoking toplevel() on ptolemy.moml.MoMLSimpleApplication@617b680c
----------------- Done invoking toplevel() on ptolemy.moml.MoMLSimpleApplication@617b680c
reloadAllAccessors: .DiscreteClock13

===========================================================================================
----------------- testing Thu Oct 25 02:31:41 UTC 2018 /home/travis/build/icyphy/ptII/ptolemy/actor/lib/test/auto/DiscreteClock14.xml
----------------- Instantiating /home/travis/build/icyphy/ptII/ptolemy/actor/lib/test/auto/DiscreteClock14.xml
7 ms. Memory: 880640K Free: 400148K (45%)
----------------- Invoking toplevel() on ptolemy.moml.MoMLSimpleApplication@188a875f
----------------- Done invoking toplevel() on ptolemy.moml.MoMLSimpleApplication@188a875f
reloadAllAccessors: .DiscreteClock14

===========================================================================================
----------------- testing Thu Oct 25 02:31:41 UTC 2018 /home/travis/build/icyphy/ptII/ptolemy/actor/lib/test/auto/DiscreteClock15.xml
----------------- Instantiating /home/travis/build/icyphy/ptII/ptolemy/actor/lib/test/auto/DiscreteClock15.xml
6 ms. Memory: 880640K Free: 389758K (44%)
----------------- Invoking toplevel() on ptolemy.moml.MoMLSimpleApplication@19a57187
----------------- Done invoking toplevel() on ptolemy.moml.MoMLSimpleApplication@19a57187
reloadAllAccessors: .DiscreteClock15

===========================================================================================
----------------- testing Thu Oct 25 02:31:41 UTC 2018 /home/travis/build/icyphy/ptII/ptolemy/actor/lib/test/auto/DiscreteClock16.xml
----------------- Instantiating /home/travis/build/icyphy/ptII/ptolemy/actor/lib/test/auto/DiscreteClock16.xml
630 ms. Memory: 1369088K Free: 1313571K (96%)
----------------- Invoking toplevel() on ptolemy.moml.MoMLSimpleApplication@217d7982
----------------- Done invoking toplevel() on ptolemy.moml.MoMLSimpleApplication@217d7982
reloadAllAccessors: .DiscreteClock16

===========================================================================================
----------------- testing Thu Oct 25 02:31:42 UTC 2018 /home/travis/build/icyphy/ptII/ptolemy/actor/lib/test/auto/DiscreteClock17.xml
----------------- Instantiating /home/travis/build/icyphy/ptII/ptolemy/actor/lib/test/auto/DiscreteClock17.xml
17 ms. Memory: 1369088K Free: 1275520K (93%)
----------------- Invoking toplevel() on ptolemy.moml.MoMLSimpleApplication@4ed3a8d0
----------------- Done invoking toplevel() on ptolemy.moml.MoMLSimpleApplication@4ed3a8d0
reloadAllAccessors: .DiscreteClock17

===========================================================================================
----------------- testing Thu Oct 25 02:31:42 UTC 2018 /home/travis/build/icyphy/ptII/ptolemy/actor/lib/test/auto/DiscreteClock18.xml
----------------- Instantiating /home/travis/build/icyphy/ptII/ptolemy/actor/lib/test/auto/DiscreteClock18.xml
12 ms. Memory: 1369088K Free: 1250465K (91%)
----------------- Invoking toplevel() on ptolemy.moml.MoMLSimpleApplication@2ee07097
----------------- Done invoking toplevel() on ptolemy.moml.MoMLSimpleApplication@2ee07097
reloadAllAccessors: .DiscreteClock18

===========================================================================================
----------------- testing Thu Oct 25 02:31:42 UTC 2018 /home/travis/build/icyphy/ptII/ptolemy/actor/lib/test/auto/DiscreteClock19.xml
----------------- Instantiating /home/travis/build/icyphy/ptII/ptolemy/actor/lib/test/auto/DiscreteClock19.xml
10 ms. Memory: 1369088K Free: 1225513K (90%)
----------------- Invoking toplevel() on ptolemy.moml.MoMLSimpleApplication@3862f74e
----------------- Done invoking toplevel() on ptolemy.moml.MoMLSimpleApplication@3862f74e
reloadAllAccessors: .DiscreteClock19

===========================================================================================
----------------- testing Thu Oct 25 02:31:42 UTC 2018 /home/travis/build/icyphy/ptII/ptolemy/actor/lib/test/auto/DiscreteClock2.xml
----------------- Instantiating /home/travis/build/icyphy/ptII/ptolemy/actor/lib/test/auto/DiscreteClock2.xml
6 ms. Memory: 1369088K Free: 1200079K (88%)
----------------- Invoking toplevel() on ptolemy.moml.MoMLSimpleApplication@dfd2303
----------------- Done invoking toplevel() on ptolemy.moml.MoMLSimpleApplication@dfd2303
reloadAllAccessors: .DiscreteClock2

===========================================================================================
----------------- testing Thu Oct 25 02:31:42 UTC 2018 /home/travis/build/icyphy/ptII/ptolemy/actor/lib/test/auto/DiscreteClock20.xml
----------------- Instantiating /home/travis/build/icyphy/ptII/ptolemy/actor/lib/test/auto/DiscreteClock20.xml
6 ms. Memory: 1369088K Free: 1183449K (86%)
----------------- Invoking toplevel() on ptolemy.moml.MoMLSimpleApplication@75c0f50
----------------- Done invoking toplevel() on ptolemy.moml.MoMLSimpleApplication@75c0f50
reloadAllAccessors: .DiscreteClock20

===========================================================================================
----------------- testing Thu Oct 25 02:31:42 UTC 2018 /home/travis/build/icyphy/ptII/ptolemy/actor/lib/test/auto/DiscreteClock21.xml
----------------- Instantiating /home/travis/build/icyphy/ptII/ptolemy/actor/lib/test/auto/DiscreteClock21.xml
3 ms. Memory: 1369088K Free: 1166819K (85%)
----------------- Invoking toplevel() on ptolemy.moml.MoMLSimpleApplication@357e7cf1
----------------- Done invoking toplevel() on ptolemy.moml.MoMLSimpleApplication@357e7cf1
reloadAllAccessors: .DiscreteClock21

===========================================================================================
----------------- testing Thu Oct 25 02:31:42 UTC 2018 /home/travis/build/icyphy/ptII/ptolemy/actor/lib/test/auto/DiscreteClock22.xml
----------------- Instantiating /home/travis/build/icyphy/ptII/ptolemy/actor/lib/test/auto/DiscreteClock22.xml
3 ms. Memory: 1369088K Free: 1150189K (84%)
----------------- Invoking toplevel() on ptolemy.moml.MoMLSimpleApplication@31ec80b8
----------------- Done invoking toplevel() on ptolemy.moml.MoMLSimpleApplication@31ec80b8
reloadAllAccessors: .DiscreteClock22

===========================================================================================
----------------- testing Thu Oct 25 02:31:42 UTC 2018 /home/travis/build/icyphy/ptII/ptolemy/actor/lib/test/auto/DiscreteClock23.xml
----------------- Instantiating /home/travis/build/icyphy/ptII/ptolemy/actor/lib/test/auto/DiscreteClock23.xml
5 ms. Memory: 1369088K Free: 1124756K (82%)
----------------- Invoking toplevel() on ptolemy.moml.MoMLSimpleApplication@612d648e
----------------- Done invoking toplevel() on ptolemy.moml.MoMLSimpleApplication@612d648e
reloadAllAccessors: .DiscreteClock23

===========================================================================================
----------------- testing Thu Oct 25 02:31:42 UTC 2018 /home/travis/build/icyphy/ptII/ptolemy/actor/lib/test/auto/DiscreteClock24.xml
----------------- Instantiating /home/travis/build/icyphy/ptII/ptolemy/actor/lib/test/auto/DiscreteClock24.xml
3 ms. Memory: 1369088K Free: 1108126K (81%)
----------------- Invoking toplevel() on ptolemy.moml.MoMLSimpleApplication@5c2bea42
----------------- Done invoking toplevel() on ptolemy.moml.MoMLSimpleApplication@5c2bea42
reloadAllAccessors: .DiscreteClock24

===========================================================================================
----------------- testing Thu Oct 25 02:31:42 UTC 2018 /home/travis/build/icyphy/ptII/ptolemy/actor/lib/test/auto/DiscreteClock4.xml
----------------- Instantiating /home/travis/build/icyphy/ptII/ptolemy/actor/lib/test/auto/DiscreteClock4.xml
2 ms. Memory: 1369088K Free: 1091496K (80%)
----------------- Invoking toplevel() on ptolemy.moml.MoMLSimpleApplication@2660467
----------------- Done invoking toplevel() on ptolemy.moml.MoMLSimpleApplication@2660467
reloadAllAccessors: .DiscreteClock4

===========================================================================================
----------------- testing Thu Oct 25 02:31:42 UTC 2018 /home/travis/build/icyphy/ptII/ptolemy/actor/lib/test/auto/DiscreteClock5.xml
----------------- Instantiating /home/travis/build/icyphy/ptII/ptolemy/actor/lib/test/auto/DiscreteClock5.xml
1 ms. Memory: 1369088K Free: 1074866K (79%)
----------------- Invoking toplevel() on ptolemy.moml.MoMLSimpleApplication@428b2ecb
----------------- Done invoking toplevel() on ptolemy.moml.MoMLSimpleApplication@428b2ecb
reloadAllAccessors: .DiscreteClock5

===========================================================================================
----------------- testing Thu Oct 25 02:31:42 UTC 2018 /home/travis/build/icyphy/ptII/ptolemy/actor/lib/test/auto/DiscreteClock6.xml
----------------- Instantiating /home/travis/build/icyphy/ptII/ptolemy/actor/lib/test/auto/DiscreteClock6.xml
1 ms. Memory: 1369088K Free: 1049432K (77%)
----------------- Invoking toplevel() on ptolemy.moml.MoMLSimpleApplication@718842fe
----------------- Done invoking toplevel() on ptolemy.moml.MoMLSimpleApplication@718842fe
reloadAllAccessors: .DiscreteClock6

===========================================================================================
----------------- testing Thu Oct 25 02:31:42 UTC 2018 /home/travis/build/icyphy/ptII/ptolemy/actor/lib/test/auto/DiscreteClock7.xml
----------------- Instantiating /home/travis/build/icyphy/ptII/ptolemy/actor/lib/test/auto/DiscreteClock7.xml
2 ms. Memory: 1369088K Free: 1032802K (75%)
----------------- Invoking toplevel() on ptolemy.moml.MoMLSimpleApplication@19e1f5b3
----------------- Done invoking toplevel() on ptolemy.moml.MoMLSimpleApplication@19e1f5b3
reloadAllAccessors: .DiscreteClock7

===========================================================================================
----------------- testing Thu Oct 25 02:31:42 UTC 2018 /home/travis/build/icyphy/ptII/ptolemy/actor/lib/test/auto/DiscreteClock8.xml
----------------- Instantiating /home/travis/build/icyphy/ptII/ptolemy/actor/lib/test/auto/DiscreteClock8.xml
6 ms. Memory: 1369088K Free: 1016173K (74%)
----------------- Invoking toplevel() on ptolemy.moml.MoMLSimpleApplication@502d69a
----------------- Done invoking toplevel() on ptolemy.moml.MoMLSimpleApplication@502d69a
reloadAllAccessors: .DiscreteClock8

===========================================================================================
----------------- testing Thu Oct 25 02:31:42 UTC 2018 /home/travis/build/icyphy/ptII/ptolemy/actor/lib/test/auto/DiscreteClock9.xml
----------------- Instantiating /home/travis/build/icyphy/ptII/ptolemy/actor/lib/test/auto/DiscreteClock9.xml
6 ms. Memory: 1369088K Free: 999543K (73%)
----------------- Invoking toplevel() on ptolemy.moml.MoMLSimpleApplication@28a6fcc0
----------------- Done invoking toplevel() on ptolemy.moml.MoMLSimpleApplication@28a6fcc0
reloadAllAccessors: .DiscreteClock9

===========================================================================================
----------------- testing Thu Oct 25 02:31:42 UTC 2018 /home/travis/build/icyphy/ptII/ptolemy/actor/lib/test/auto/DisplayArray.xml
----------------- Instantiating /home/travis/build/icyphy/ptII/ptolemy/actor/lib/test/auto/DisplayArray.xml
2 ms. Memory: 1369088K Free: 974109K (71%)
----------------- Invoking toplevel() on ptolemy.moml.MoMLSimpleApplication@382d06ce
----------------- Done invoking toplevel() on ptolemy.moml.MoMLSimpleApplication@382d06ce
reloadAllAccessors: .DisplayArray

===========================================================================================
----------------- testing Thu Oct 25 02:31:42 UTC 2018 /home/travis/build/icyphy/ptII/ptolemy/actor/lib/test/auto/Distributor.xml
----------------- Instantiating /home/travis/build/icyphy/ptII/ptolemy/actor/lib/test/auto/Distributor.xml
2 ms. Memory: 1369088K Free: 957479K (70%)
----------------- Invoking toplevel() on ptolemy.moml.MoMLSimpleApplication@3dd87aa3
----------------- Done invoking toplevel() on ptolemy.moml.MoMLSimpleApplication@3dd87aa3
reloadAllAccessors: .Distributor

===========================================================================================
----------------- testing Thu Oct 25 02:31:42 UTC 2018 /home/travis/build/icyphy/ptII/ptolemy/actor/lib/test/auto/Distributor2.xml
----------------- Instantiating /home/travis/build/icyphy/ptII/ptolemy/actor/lib/test/auto/Distributor2.xml
2 ms. Memory: 1369088K Free: 940849K (69%)
----------------- Invoking toplevel() on ptolemy.moml.MoMLSimpleApplication@1e86dd44
----------------- Done invoking toplevel() on ptolemy.moml.MoMLSimpleApplication@1e86dd44
reloadAllAccessors: .Distributor2

===========================================================================================
----------------- testing Thu Oct 25 02:31:42 UTC 2018 /home/travis/build/icyphy/ptII/ptolemy/actor/lib/test/auto/DownSample.xml
----------------- Instantiating /home/travis/build/icyphy/ptII/ptolemy/actor/lib/test/auto/DownSample.xml
2 ms. Memory: 1369088K Free: 915415K (67%)
----------------- Invoking toplevel() on ptolemy.moml.MoMLSimpleApplication@67d10d33
----------------- Done invoking toplevel() on ptolemy.moml.MoMLSimpleApplication@67d10d33
reloadAllAccessors: .DownSample

===========================================================================================
----------------- testing Thu Oct 25 02:31:42 UTC 2018 /home/travis/build/icyphy/ptII/ptolemy/actor/lib/test/auto/ElectronicUnitBase1.xml
----------------- Instantiating /home/travis/build/icyphy/ptII/ptolemy/actor/lib/test/auto/ElectronicUnitBase1.xml
19 ms. Memory: 1369088K Free: 890455K (65%)
----------------- Invoking toplevel() on ptolemy.moml.MoMLSimpleApplication@19ccfe75
----------------- Done invoking toplevel() on ptolemy.moml.MoMLSimpleApplication@19ccfe75
reloadAllAccessors: .ElectronicUnitBase1

===========================================================================================
----------------- testing Thu Oct 25 02:31:42 UTC 2018 /home/travis/build/icyphy/ptII/ptolemy/actor/lib/test/auto/ElementsToArray.xml
----------------- Instantiating /home/travis/build/icyphy/ptII/ptolemy/actor/lib/test/auto/ElementsToArray.xml
2 ms. Memory: 1369088K Free: 873825K (64%)
----------------- Invoking toplevel() on ptolemy.moml.MoMLSimpleApplication@3a8b6fdc
----------------- Done invoking toplevel() on ptolemy.moml.MoMLSimpleApplication@3a8b6fdc
reloadAllAccessors: .ElementsToArray

===========================================================================================
----------------- testing Thu Oct 25 02:31:42 UTC 2018 /home/travis/build/icyphy/ptII/ptolemy/actor/lib/test/auto/Equals.xml
----------------- Instantiating /home/travis/build/icyphy/ptII/ptolemy/actor/lib/test/auto/Equals.xml
2 ms. Memory: 1369088K Free: 857195K (63%)
----------------- Invoking toplevel() on ptolemy.moml.MoMLSimpleApplication@20e6add0
----------------- Done invoking toplevel() on ptolemy.moml.MoMLSimpleApplication@20e6add0
reloadAllAccessors: .Equals

===========================================================================================
----------------- testing Thu Oct 25 02:31:42 UTC 2018 /home/travis/build/icyphy/ptII/ptolemy/actor/lib/test/auto/Exec.xml
----------------- Instantiating /home/travis/build/icyphy/ptII/ptolemy/actor/lib/test/auto/Exec.xml
9 ms. Memory: 1369088K Free: 819289K (60%)
----------------- Invoking toplevel() on ptolemy.moml.MoMLSimpleApplication@50a5d029
----------------- Done invoking toplevel() on ptolemy.moml.MoMLSimpleApplication@50a5d029
reloadAllAccessors: .Exec

===========================================================================================
----------------- testing Thu Oct 25 02:31:43 UTC 2018 /home/travis/build/icyphy/ptII/ptolemy/actor/lib/test/auto/ExecEnvironment.xml
----------------- Instantiating /home/travis/build/icyphy/ptII/ptolemy/actor/lib/test/auto/ExecEnvironment.xml
22 ms. Memory: 1369088K Free: 786029K (57%)
----------------- Invoking toplevel() on ptolemy.moml.MoMLSimpleApplication@3f31634c
----------------- Done invoking toplevel() on ptolemy.moml.MoMLSimpleApplication@3f31634c
reloadAllAccessors: .ExecEnvironment

===========================================================================================
----------------- testing Thu Oct 25 02:31:43 UTC 2018 /home/travis/build/icyphy/ptII/ptolemy/actor/lib/test/auto/ExecNonZeroReturnOutput.xml
----------------- Instantiating /home/travis/build/icyphy/ptII/ptolemy/actor/lib/test/auto/ExecNonZeroReturnOutput.xml
125 ms. Memory: 1369088K Free: 661305K (48%)
----------------- Invoking toplevel() on ptolemy.moml.MoMLSimpleApplication@655bebd
----------------- Done invoking toplevel() on ptolemy.moml.MoMLSimpleApplication@655bebd
reloadAllAccessors: .ExecNonZeroReturnOutput

===========================================================================================
----------------- testing Thu Oct 25 02:31:43 UTC 2018 /home/travis/build/icyphy/ptII/ptolemy/actor/lib/test/auto/ExecRunDemos.xml
----------------- Instantiating /home/travis/build/icyphy/ptII/ptolemy/actor/lib/test/auto/ExecRunDemos.xml
Finished: 79 ms. Memory: 116224K Free: 100103K (86%)

Finished: 60 ms. Memory: 116224K Free: 96344K (83%)

Finished: 44 ms. Memory: 116224K Free: 96957K (83%)

Finished: 38 ms. Memory: 116224K Free: 98207K (84%)

Finished: 39 ms. Memory: 116224K Free: 99505K (86%)

9522 ms. Memory: 1369088K Free: 544894K (40%)
----------------- Invoking toplevel() on ptolemy.moml.MoMLSimpleApplication@3fa2d2c2
----------------- Done invoking toplevel() on ptolemy.moml.MoMLSimpleApplication@3fa2d2c2
reloadAllAccessors: .ExecRunDemos

===========================================================================================
----------------- testing Thu Oct 25 02:31:52 UTC 2018 /home/travis/build/icyphy/ptII/ptolemy/actor/lib/test/auto/ExecStop.xml
----------------- Instantiating /home/travis/build/icyphy/ptII/ptolemy/actor/lib/test/auto/ExecStop.xml
5009 ms. Memory: 1369088K Free: 336532K (25%)
----------------- Invoking toplevel() on ptolemy.moml.MoMLSimpleApplication@64dfda0
----------------- Done invoking toplevel() on ptolemy.moml.MoMLSimpleApplication@64dfda0
reloadAllAccessors: .ExecStop

===========================================================================================
----------------- testing Thu Oct 25 02:31:57 UTC 2018 /home/travis/build/icyphy/ptII/ptolemy/actor/lib/test/auto/ExecutionTimeSDF.xml
----------------- Instantiating /home/travis/build/icyphy/ptII/ptolemy/actor/lib/test/auto/ExecutionTimeSDF.xml
Fired ExecutionTime: -530967296
Fired ExecutionTime: 917600000
Fired ExecutionTime: -850567296
6004 ms. Memory: 1369088K Free: 311571K (23%)
----------------- Invoking toplevel() on ptolemy.moml.MoMLSimpleApplication@357f967d
----------------- Done invoking toplevel() on ptolemy.moml.MoMLSimpleApplication@357f967d
reloadAllAccessors: .ExecutionTimeSDF

===========================================================================================
----------------- testing Thu Oct 25 02:32:03 UTC 2018 /home/travis/build/icyphy/ptII/ptolemy/actor/lib/test/auto/Expression1.xml
----------------- Instantiating /home/travis/build/icyphy/ptII/ptolemy/actor/lib/test/auto/Expression1.xml
9 ms. Memory: 1369088K Free: 294941K (22%)
----------------- Invoking toplevel() on ptolemy.moml.MoMLSimpleApplication@4851fd67
----------------- Done invoking toplevel() on ptolemy.moml.MoMLSimpleApplication@4851fd67
reloadAllAccessors: .Expression1

===========================================================================================
----------------- testing Thu Oct 25 02:32:03 UTC 2018 /home/travis/build/icyphy/ptII/ptolemy/actor/lib/test/auto/Expression10.xml
----------------- Instantiating /home/travis/build/icyphy/ptII/ptolemy/actor/lib/test/auto/Expression10.xml
5 ms. Memory: 1369088K Free: 278312K (20%)
----------------- Invoking toplevel() on ptolemy.moml.MoMLSimpleApplication@7a02b5d3
----------------- Done invoking toplevel() on ptolemy.moml.MoMLSimpleApplication@7a02b5d3
reloadAllAccessors: .Expression10

===========================================================================================
----------------- testing Thu Oct 25 02:32:03 UTC 2018 /home/travis/build/icyphy/ptII/ptolemy/actor/lib/test/auto/Expression11.xml
----------------- Instantiating /home/travis/build/icyphy/ptII/ptolemy/actor/lib/test/auto/Expression11.xml
3 ms. Memory: 1369088K Free: 252878K (18%)
----------------- Invoking toplevel() on ptolemy.moml.MoMLSimpleApplication@33c8e9ac
----------------- Done invoking toplevel() on ptolemy.moml.MoMLSimpleApplication@33c8e9ac
reloadAllAccessors: .Expression11

===========================================================================================
----------------- testing Thu Oct 25 02:32:03 UTC 2018 /home/travis/build/icyphy/ptII/ptolemy/actor/lib/test/auto/Expression12.xml
----------------- Instantiating /home/travis/build/icyphy/ptII/ptolemy/actor/lib/test/auto/Expression12.xml
4 ms. Memory: 1369088K Free: 236248K (17%)
----------------- Invoking toplevel() on ptolemy.moml.MoMLSimpleApplication@53d926bf
----------------- Done invoking toplevel() on ptolemy.moml.MoMLSimpleApplication@53d926bf
reloadAllAccessors: .Expression12

===========================================================================================
----------------- testing Thu Oct 25 02:32:03 UTC 2018 /home/travis/build/icyphy/ptII/ptolemy/actor/lib/test/auto/Expression13.xml
----------------- Instantiating /home/travis/build/icyphy/ptII/ptolemy/actor/lib/test/auto/Expression13.xml
4 ms. Memory: 1369088K Free: 219618K (16%)
----------------- Invoking toplevel() on ptolemy.moml.MoMLSimpleApplication@623727d9
----------------- Done invoking toplevel() on ptolemy.moml.MoMLSimpleApplication@623727d9
reloadAllAccessors: .Expression13

===========================================================================================
----------------- testing Thu Oct 25 02:32:03 UTC 2018 /home/travis/build/icyphy/ptII/ptolemy/actor/lib/test/auto/Expression14.xml
----------------- Instantiating /home/travis/build/icyphy/ptII/ptolemy/actor/lib/test/auto/Expression14.xml
7 ms. Memory: 1369088K Free: 194184K (14%)
----------------- Invoking toplevel() on ptolemy.moml.MoMLSimpleApplication@7db0e10f
----------------- Done invoking toplevel() on ptolemy.moml.MoMLSimpleApplication@7db0e10f
reloadAllAccessors: .Expression14

===========================================================================================
----------------- testing Thu Oct 25 02:32:04 UTC 2018 /home/travis/build/icyphy/ptII/ptolemy/actor/lib/test/auto/Expression15.xml
----------------- Instantiating /home/travis/build/icyphy/ptII/ptolemy/actor/lib/test/auto/Expression15.xml
2 ms. Memory: 1369088K Free: 177554K (13%)
----------------- Invoking toplevel() on ptolemy.moml.MoMLSimpleApplication@60330c2
----------------- Done invoking toplevel() on ptolemy.moml.MoMLSimpleApplication@60330c2
reloadAllAccessors: .Expression15

===========================================================================================
----------------- testing Thu Oct 25 02:32:04 UTC 2018 /home/travis/build/icyphy/ptII/ptolemy/actor/lib/test/auto/Expression16.xml
----------------- Instantiating /home/travis/build/icyphy/ptII/ptolemy/actor/lib/test/auto/Expression16.xml
3 ms. Memory: 1369088K Free: 160925K (12%)
----------------- Invoking toplevel() on ptolemy.moml.MoMLSimpleApplication@5aa3851b
----------------- Done invoking toplevel() on ptolemy.moml.MoMLSimpleApplication@5aa3851b
reloadAllAccessors: .Expression16

===========================================================================================
----------------- testing Thu Oct 25 02:32:04 UTC 2018 /home/travis/build/icyphy/ptII/ptolemy/actor/lib/test/auto/Expression17.xml
----------------- Instantiating /home/travis/build/icyphy/ptII/ptolemy/actor/lib/test/auto/Expression17.xml
4 ms. Memory: 1369088K Free: 144295K (11%)
----------------- Invoking toplevel() on ptolemy.moml.MoMLSimpleApplication@48e56c94
----------------- Done invoking toplevel() on ptolemy.moml.MoMLSimpleApplication@48e56c94
reloadAllAccessors: .Expression17

===========================================================================================
----------------- testing Thu Oct 25 02:32:04 UTC 2018 /home/travis/build/icyphy/ptII/ptolemy/actor/lib/test/auto/Expression18.xml
----------------- Instantiating /home/travis/build/icyphy/ptII/ptolemy/actor/lib/test/auto/Expression18.xml
6 ms. Memory: 1369088K Free: 118861K (9%)
----------------- Invoking toplevel() on ptolemy.moml.MoMLSimpleApplication@17ab92f6
----------------- Done invoking toplevel() on ptolemy.moml.MoMLSimpleApplication@17ab92f6
reloadAllAccessors: .Expression18

===========================================================================================
----------------- testing Thu Oct 25 02:32:04 UTC 2018 /home/travis/build/icyphy/ptII/ptolemy/actor/lib/test/auto/Expression2.xml
----------------- Instantiating /home/travis/build/icyphy/ptII/ptolemy/actor/lib/test/auto/Expression2.xml
3 ms. Memory: 1369088K Free: 102231K (7%)
----------------- Invoking toplevel() on ptolemy.moml.MoMLSimpleApplication@599e0be4
----------------- Done invoking toplevel() on ptolemy.moml.MoMLSimpleApplication@599e0be4
reloadAllAccessors: .Expression2

===========================================================================================
----------------- testing Thu Oct 25 02:32:04 UTC 2018 /home/travis/build/icyphy/ptII/ptolemy/actor/lib/test/auto/Expression3.xml
----------------- Instantiating /home/travis/build/icyphy/ptII/ptolemy/actor/lib/test/auto/Expression3.xml
6 ms. Memory: 1369088K Free: 85601K (6%)
----------------- Invoking toplevel() on ptolemy.moml.MoMLSimpleApplication@356c8904
----------------- Done invoking toplevel() on ptolemy.moml.MoMLSimpleApplication@356c8904
reloadAllAccessors: .Expression3

===========================================================================================
----------------- testing Thu Oct 25 02:32:04 UTC 2018 /home/travis/build/icyphy/ptII/ptolemy/actor/lib/test/auto/Expression4.xml
----------------- Instantiating /home/travis/build/icyphy/ptII/ptolemy/actor/lib/test/auto/Expression4.xml
4 ms. Memory: 1369088K Free: 1318496K (96%)
----------------- Invoking toplevel() on ptolemy.moml.MoMLSimpleApplication@3ff84a0b
----------------- Done invoking toplevel() on ptolemy.moml.MoMLSimpleApplication@3ff84a0b
reloadAllAccessors: .Expression4

===========================================================================================
----------------- testing Thu Oct 25 02:32:04 UTC 2018 /home/travis/build/icyphy/ptII/ptolemy/actor/lib/test/auto/Expression5.xml
----------------- Instantiating /home/travis/build/icyphy/ptII/ptolemy/actor/lib/test/auto/Expression5.xml
3 ms. Memory: 1369088K Free: 1299685K (95%)
----------------- Invoking toplevel() on ptolemy.moml.MoMLSimpleApplication@12c4ad79
----------------- Done invoking toplevel() on ptolemy.moml.MoMLSimpleApplication@12c4ad79
reloadAllAccessors: .Expression5

===========================================================================================
----------------- testing Thu Oct 25 02:32:04 UTC 2018 /home/travis/build/icyphy/ptII/ptolemy/actor/lib/test/auto/Expression6.xml
----------------- Instantiating /home/travis/build/icyphy/ptII/ptolemy/actor/lib/test/auto/Expression6.xml
2 ms. Memory: 1369088K Free: 1287213K (94%)
----------------- Invoking toplevel() on ptolemy.moml.MoMLSimpleApplication@757357a5
----------------- Done invoking toplevel() on ptolemy.moml.MoMLSimpleApplication@757357a5
reloadAllAccessors: .Expression6

===========================================================================================
----------------- testing Thu Oct 25 02:32:04 UTC 2018 /home/travis/build/icyphy/ptII/ptolemy/actor/lib/test/auto/Expression7.xml
----------------- Instantiating /home/travis/build/icyphy/ptII/ptolemy/actor/lib/test/auto/Expression7.xml
2 ms. Memory: 1369088K Free: 1268401K (93%)
----------------- Invoking toplevel() on ptolemy.moml.MoMLSimpleApplication@37b871da
----------------- Done invoking toplevel() on ptolemy.moml.MoMLSimpleApplication@37b871da
reloadAllAccessors: .Expression7

===========================================================================================
----------------- testing Thu Oct 25 02:32:04 UTC 2018 /home/travis/build/icyphy/ptII/ptolemy/actor/lib/test/auto/Expression8.xml
----------------- Instantiating /home/travis/build/icyphy/ptII/ptolemy/actor/lib/test/auto/Expression8.xml
3 ms. Memory: 1369088K Free: 1255929K (92%)
----------------- Invoking toplevel() on ptolemy.moml.MoMLSimpleApplication@4a720918
----------------- Done invoking toplevel() on ptolemy.moml.MoMLSimpleApplication@4a720918
reloadAllAccessors: .Expression8

===========================================================================================
----------------- testing Thu Oct 25 02:32:04 UTC 2018 /home/travis/build/icyphy/ptII/ptolemy/actor/lib/test/auto/Expression9.xml
----------------- Instantiating /home/travis/build/icyphy/ptII/ptolemy/actor/lib/test/auto/Expression9.xml
1 ms. Memory: 1369088K Free: 1243457K (91%)
----------------- Invoking toplevel() on ptolemy.moml.MoMLSimpleApplication@143ddfa6
----------------- Done invoking toplevel() on ptolemy.moml.MoMLSimpleApplication@143ddfa6
reloadAllAccessors: .Expression9

===========================================================================================
----------------- testing Thu Oct 25 02:32:04 UTC 2018 /home/travis/build/icyphy/ptII/ptolemy/actor/lib/test/auto/ExpressionConcatenateArrayType.xml
----------------- Instantiating /home/travis/build/icyphy/ptII/ptolemy/actor/lib/test/auto/ExpressionConcatenateArrayType.xml
2 ms. Memory: 1369088K Free: 1216538K (89%)
----------------- Invoking toplevel() on ptolemy.moml.MoMLSimpleApplication@78e48cae
----------------- Done invoking toplevel() on ptolemy.moml.MoMLSimpleApplication@78e48cae
reloadAllAccessors: .ExpressionConcatenateArrayType

===========================================================================================
----------------- testing Thu Oct 25 02:32:04 UTC 2018 /home/travis/build/icyphy/ptII/ptolemy/actor/lib/test/auto/ExpressionConcatenateArrayType2.xml
----------------- Instantiating /home/travis/build/icyphy/ptII/ptolemy/actor/lib/test/auto/ExpressionConcatenateArrayType2.xml
1 ms. Memory: 1369088K Free: 1204066K (88%)
----------------- Invoking toplevel() on ptolemy.moml.MoMLSimpleApplication@62d2d116
----------------- Done invoking toplevel() on ptolemy.moml.MoMLSimpleApplication@62d2d116
reloadAllAccessors: .ExpressionConcatenateArrayType2

===========================================================================================
----------------- testing Thu Oct 25 02:32:04 UTC 2018 /home/travis/build/icyphy/ptII/ptolemy/actor/lib/test/auto/ExpressionFix.xml
----------------- Instantiating /home/travis/build/icyphy/ptII/ptolemy/actor/lib/test/auto/ExpressionFix.xml
15 ms. Memory: 1369088K Free: 1191522K (87%)
----------------- Invoking toplevel() on ptolemy.moml.MoMLSimpleApplication@37471a18
----------------- Done invoking toplevel() on ptolemy.moml.MoMLSimpleApplication@37471a18
reloadAllAccessors: .ExpressionFix

===========================================================================================
----------------- testing Thu Oct 25 02:32:04 UTC 2018 /home/travis/build/icyphy/ptII/ptolemy/actor/lib/test/auto/ExpressionFix2.xml
----------------- Instantiating /home/travis/build/icyphy/ptII/ptolemy/actor/lib/test/auto/ExpressionFix2.xml
3 ms. Memory: 1369088K Free: 1172711K (86%)
----------------- Invoking toplevel() on ptolemy.moml.MoMLSimpleApplication@26ec60c3
----------------- Done invoking toplevel() on ptolemy.moml.MoMLSimpleApplication@26ec60c3
reloadAllAccessors: .ExpressionFix2

===========================================================================================
----------------- testing Thu Oct 25 02:32:04 UTC 2018 /home/travis/build/icyphy/ptII/ptolemy/actor/lib/test/auto/ExpressionFix3.xml
----------------- Instantiating /home/travis/build/icyphy/ptII/ptolemy/actor/lib/test/auto/ExpressionFix3.xml
4 ms. Memory: 1369088K Free: 1160238K (85%)
----------------- Invoking toplevel() on ptolemy.moml.MoMLSimpleApplication@114ddd1e
----------------- Done invoking toplevel() on ptolemy.moml.MoMLSimpleApplication@114ddd1e
reloadAllAccessors: .ExpressionFix3

===========================================================================================
----------------- testing Thu Oct 25 02:32:04 UTC 2018 /home/travis/build/icyphy/ptII/ptolemy/actor/lib/test/auto/FileWriter1.xml
----------------- Instantiating /home/travis/build/icyphy/ptII/ptolemy/actor/lib/test/auto/FileWriter1.xml
2 ms. Memory: 1369088K Free: 1147766K (84%)
----------------- Invoking toplevel() on ptolemy.moml.MoMLSimpleApplication@56be1107
----------------- Done invoking toplevel() on ptolemy.moml.MoMLSimpleApplication@56be1107
reloadAllAccessors: .FileWriter1

===========================================================================================
----------------- testing Thu Oct 25 02:32:04 UTC 2018 /home/travis/build/icyphy/ptII/ptolemy/actor/lib/test/auto/FileWriter2.xml
----------------- Instantiating /home/travis/build/icyphy/ptII/ptolemy/actor/lib/test/auto/FileWriter2.xml
5 ms. Memory: 1369088K Free: 1128955K (82%)
----------------- Invoking toplevel() on ptolemy.moml.MoMLSimpleApplication@2fcc3902
----------------- Done invoking toplevel() on ptolemy.moml.MoMLSimpleApplication@2fcc3902
reloadAllAccessors: .FileWriter2

===========================================================================================
----------------- testing Thu Oct 25 02:32:04 UTC 2018 /home/travis/build/icyphy/ptII/ptolemy/actor/lib/test/auto/FileWriter3.xml
----------------- Instantiating /home/travis/build/icyphy/ptII/ptolemy/actor/lib/test/auto/FileWriter3.xml
6 ms. Memory: 1369088K Free: 1116482K (82%)
----------------- Invoking toplevel() on ptolemy.moml.MoMLSimpleApplication@14d9765d
----------------- Done invoking toplevel() on ptolemy.moml.MoMLSimpleApplication@14d9765d
reloadAllAccessors: .FileWriter3

===========================================================================================
----------------- testing Thu Oct 25 02:32:04 UTC 2018 /home/travis/build/icyphy/ptII/ptolemy/actor/lib/test/auto/Gaussian.xml
----------------- Instantiating /home/travis/build/icyphy/ptII/ptolemy/actor/lib/test/auto/Gaussian.xml
2 ms. Memory: 1369088K Free: 1097671K (80%)
----------------- Invoking toplevel() on ptolemy.moml.MoMLSimpleApplication@77ac5d56
----------------- Done invoking toplevel() on ptolemy.moml.MoMLSimpleApplication@77ac5d56
reloadAllAccessors: .Gaussian

===========================================================================================
----------------- testing Thu Oct 25 02:32:04 UTC 2018 /home/travis/build/icyphy/ptII/ptolemy/actor/lib/test/auto/Gaussian1.xml
----------------- Instantiating /home/travis/build/icyphy/ptII/ptolemy/actor/lib/test/auto/Gaussian1.xml
5 ms. Memory: 1369088K Free: 1085199K (79%)
----------------- Invoking toplevel() on ptolemy.moml.MoMLSimpleApplication@26424fe9
----------------- Done invoking toplevel() on ptolemy.moml.MoMLSimpleApplication@26424fe9
reloadAllAccessors: .Gaussian1

===========================================================================================
----------------- testing Thu Oct 25 02:32:04 UTC 2018 /home/travis/build/icyphy/ptII/ptolemy/actor/lib/test/auto/Gaussian2.xml
----------------- Instantiating /home/travis/build/icyphy/ptII/ptolemy/actor/lib/test/auto/Gaussian2.xml
2 ms. Memory: 1369088K Free: 1072726K (78%)
----------------- Invoking toplevel() on ptolemy.moml.MoMLSimpleApplication@143f188
----------------- Done invoking toplevel() on ptolemy.moml.MoMLSimpleApplication@143f188
reloadAllAccessors: .Gaussian2

===========================================================================================
----------------- testing Thu Oct 25 02:32:04 UTC 2018 /home/travis/build/icyphy/ptII/ptolemy/actor/lib/test/auto/GradientAdaptiveLattice.xml
----------------- Instantiating /home/travis/build/icyphy/ptII/ptolemy/actor/lib/test/auto/GradientAdaptiveLattice.xml
6 ms. Memory: 1369088K Free: 1053915K (77%)
----------------- Invoking toplevel() on ptolemy.moml.MoMLSimpleApplication@39520749
----------------- Done invoking toplevel() on ptolemy.moml.MoMLSimpleApplication@39520749
reloadAllAccessors: .GradientAdaptiveLattice

===========================================================================================
----------------- testing Thu Oct 25 02:32:04 UTC 2018 /home/travis/build/icyphy/ptII/ptolemy/actor/lib/test/auto/IIR.xml
----------------- Instantiating /home/travis/build/icyphy/ptII/ptolemy/actor/lib/test/auto/IIR.xml
2 ms. Memory: 1369088K Free: 1041443K (76%)
----------------- Invoking toplevel() on ptolemy.moml.MoMLSimpleApplication@6ac7341
----------------- Done invoking toplevel() on ptolemy.moml.MoMLSimpleApplication@6ac7341
reloadAllAccessors: .IIR

===========================================================================================
----------------- testing Thu Oct 25 02:32:04 UTC 2018 /home/travis/build/icyphy/ptII/ptolemy/actor/lib/test/auto/InputOutputTransparentPorts.xml
----------------- Instantiating /home/travis/build/icyphy/ptII/ptolemy/actor/lib/test/auto/InputOutputTransparentPorts.xml
1 ms. Memory: 1369088K Free: 1028970K (75%)
----------------- Invoking toplevel() on ptolemy.moml.MoMLSimpleApplication@210c548d
----------------- Done invoking toplevel() on ptolemy.moml.MoMLSimpleApplication@210c548d
reloadAllAccessors: .InputOutputTransparentPorts

===========================================================================================
----------------- testing Thu Oct 25 02:32:04 UTC 2018 /home/travis/build/icyphy/ptII/ptolemy/actor/lib/test/auto/Interpolator.xml
----------------- Instantiating /home/travis/build/icyphy/ptII/ptolemy/actor/lib/test/auto/Interpolator.xml
4 ms. Memory: 1369088K Free: 1010159K (74%)
----------------- Invoking toplevel() on ptolemy.moml.MoMLSimpleApplication@626c6607
----------------- Done invoking toplevel() on ptolemy.moml.MoMLSimpleApplication@626c6607
reloadAllAccessors: .Interpolator

===========================================================================================
----------------- testing Thu Oct 25 02:32:04 UTC 2018 /home/travis/build/icyphy/ptII/ptolemy/actor/lib/test/auto/InterpolatorFiringLimitDE.xml
----------------- Instantiating /home/travis/build/icyphy/ptII/ptolemy/actor/lib/test/auto/InterpolatorFiringLimitDE.xml
2 ms. Memory: 1369088K Free: 997686K (73%)
----------------- Invoking toplevel() on ptolemy.moml.MoMLSimpleApplication@7843bc83
----------------- Done invoking toplevel() on ptolemy.moml.MoMLSimpleApplication@7843bc83
reloadAllAccessors: .InterpolatorFiringLimitDE

===========================================================================================
----------------- testing Thu Oct 25 02:32:04 UTC 2018 /home/travis/build/icyphy/ptII/ptolemy/actor/lib/test/auto/Lattice.xml
----------------- Instantiating /home/travis/build/icyphy/ptII/ptolemy/actor/lib/test/auto/Lattice.xml
1 ms. Memory: 1369088K Free: 985214K (72%)
----------------- Invoking toplevel() on ptolemy.moml.MoMLSimpleApplication@7a75c111
----------------- Done invoking toplevel() on ptolemy.moml.MoMLSimpleApplication@7a75c111
reloadAllAccessors: .Lattice

===========================================================================================
----------------- testing Thu Oct 25 02:32:04 UTC 2018 /home/travis/build/icyphy/ptII/ptolemy/actor/lib/test/auto/LazyAOCTestLazy.xml
----------------- Instantiating /home/travis/build/icyphy/ptII/ptolemy/actor/lib/test/auto/LazyAOCTestLazy.xml
14 ms. Memory: 1369088K Free: 966402K (71%)
----------------- Invoking toplevel() on ptolemy.moml.MoMLSimpleApplication@5588f545
----------------- Done invoking toplevel() on ptolemy.moml.MoMLSimpleApplication@5588f545
reloadAllAccessors: .LazyAOCTestLazy

===========================================================================================
----------------- testing Thu Oct 25 02:32:04 UTC 2018 /home/travis/build/icyphy/ptII/ptolemy/actor/lib/test/auto/LazyAOCTestNonLazy.xml
----------------- Instantiating /home/travis/build/icyphy/ptII/ptolemy/actor/lib/test/auto/LazyAOCTestNonLazy.xml
5 ms. Memory: 1369088K Free: 953930K (70%)
----------------- Invoking toplevel() on ptolemy.moml.MoMLSimpleApplication@42783c25
----------------- Done invoking toplevel() on ptolemy.moml.MoMLSimpleApplication@42783c25
reloadAllAccessors: .LazyAOCTestNonLazy

===========================================================================================
----------------- testing Thu Oct 25 02:32:04 UTC 2018 /home/travis/build/icyphy/ptII/ptolemy/actor/lib/test/auto/LazyInnerClass.xml
----------------- Instantiating /home/travis/build/icyphy/ptII/ptolemy/actor/lib/test/auto/LazyInnerClass.xml
20 ms. Memory: 1369088K Free: 941458K (69%)
----------------- Invoking toplevel() on ptolemy.moml.MoMLSimpleApplication@571da0d7
----------------- Done invoking toplevel() on ptolemy.moml.MoMLSimpleApplication@571da0d7
reloadAllAccessors: .LazyInnerClass

===========================================================================================
----------------- testing Thu Oct 25 02:32:04 UTC 2018 /home/travis/build/icyphy/ptII/ptolemy/actor/lib/test/auto/LazyPubSub.xml
----------------- Instantiating /home/travis/build/icyphy/ptII/ptolemy/actor/lib/test/auto/LazyPubSub.xml
25 ms. Memory: 1369088K Free: 922646K (67%)
----------------- Invoking toplevel() on ptolemy.moml.MoMLSimpleApplication@66d70940
----------------- Done invoking toplevel() on ptolemy.moml.MoMLSimpleApplication@66d70940
reloadAllAccessors: .LazyPubSub

===========================================================================================
----------------- testing Thu Oct 25 02:32:04 UTC 2018 /home/travis/build/icyphy/ptII/ptolemy/actor/lib/test/auto/LazyPubSub2.xml
----------------- Instantiating /home/travis/build/icyphy/ptII/ptolemy/actor/lib/test/auto/LazyPubSub2.xml
14 ms. Memory: 1369088K Free: 910174K (66%)
----------------- Invoking toplevel() on ptolemy.moml.MoMLSimpleApplication@1a79bb97
----------------- Done invoking toplevel() on ptolemy.moml.MoMLSimpleApplication@1a79bb97
reloadAllAccessors: .LazyPubSub2

===========================================================================================
----------------- testing Thu Oct 25 02:32:04 UTC 2018 /home/travis/build/icyphy/ptII/ptolemy/actor/lib/test/auto/LazyPubSub3.xml
----------------- Instantiating /home/travis/build/icyphy/ptII/ptolemy/actor/lib/test/auto/LazyPubSub3.xml
11 ms. Memory: 1369088K Free: 891363K (65%)
----------------- Invoking toplevel() on ptolemy.moml.MoMLSimpleApplication@254c96eb
----------------- Done invoking toplevel() on ptolemy.moml.MoMLSimpleApplication@254c96eb
reloadAllAccessors: .LazyPubSub3

===========================================================================================
----------------- testing Thu Oct 25 02:32:04 UTC 2018 /home/travis/build/icyphy/ptII/ptolemy/actor/lib/test/auto/LazySubClassModel.xml
----------------- Instantiating /home/travis/build/icyphy/ptII/ptolemy/actor/lib/test/auto/LazySubClassModel.xml
2 ms. Memory: 1369088K Free: 872638K (64%)
----------------- Invoking toplevel() on ptolemy.moml.MoMLSimpleApplication@3799e978
----------------- Done invoking toplevel() on ptolemy.moml.MoMLSimpleApplication@3799e978
reloadAllAccessors: .LazySubClassModel

===========================================================================================
----------------- testing Thu Oct 25 02:32:04 UTC 2018 /home/travis/build/icyphy/ptII/ptolemy/actor/lib/test/auto/LevelCrossTest1.xml
----------------- Instantiating /home/travis/build/icyphy/ptII/ptolemy/actor/lib/test/auto/LevelCrossTest1.xml
1 ms. Memory: 1369088K Free: 860166K (63%)
----------------- Invoking toplevel() on ptolemy.moml.MoMLSimpleApplication@47606c1f
----------------- Done invoking toplevel() on ptolemy.moml.MoMLSimpleApplication@47606c1f
reloadAllAccessors: .broken

===========================================================================================
----------------- testing Thu Oct 25 02:32:04 UTC 2018 /home/travis/build/icyphy/ptII/ptolemy/actor/lib/test/auto/LevelCrossTest10.xml
----------------- Instantiating /home/travis/build/icyphy/ptII/ptolemy/actor/lib/test/auto/LevelCrossTest10.xml
1 ms. Memory: 1369088K Free: 841354K (61%)
----------------- Invoking toplevel() on ptolemy.moml.MoMLSimpleApplication@7f4ce601
----------------- Done invoking toplevel() on ptolemy.moml.MoMLSimpleApplication@7f4ce601
reloadAllAccessors: .LevelCrossTest10

===========================================================================================
----------------- testing Thu Oct 25 02:32:04 UTC 2018 /home/travis/build/icyphy/ptII/ptolemy/actor/lib/test/auto/LevelCrossTest11.xml
----------------- Instantiating /home/travis/build/icyphy/ptII/ptolemy/actor/lib/test/auto/LevelCrossTest11.xml
1 ms. Memory: 1369088K Free: 828882K (61%)
----------------- Invoking toplevel() on ptolemy.moml.MoMLSimpleApplication@36b67e64
----------------- Done invoking toplevel() on ptolemy.moml.MoMLSimpleApplication@36b67e64
reloadAllAccessors: .LevelCrossTest11

===========================================================================================
----------------- testing Thu Oct 25 02:32:05 UTC 2018 /home/travis/build/icyphy/ptII/ptolemy/actor/lib/test/auto/LevelCrossTest12.xml
----------------- Instantiating /home/travis/build/icyphy/ptII/ptolemy/actor/lib/test/auto/LevelCrossTest12.xml
1 ms. Memory: 1369088K Free: 816410K (60%)
----------------- Invoking toplevel() on ptolemy.moml.MoMLSimpleApplication@1242222f
----------------- Done invoking toplevel() on ptolemy.moml.MoMLSimpleApplication@1242222f
reloadAllAccessors: .LevelCrossTest12

===========================================================================================
----------------- testing Thu Oct 25 02:32:05 UTC 2018 /home/travis/build/icyphy/ptII/ptolemy/actor/lib/test/auto/LevelCrossTest13.xml
----------------- Instantiating /home/travis/build/icyphy/ptII/ptolemy/actor/lib/test/auto/LevelCrossTest13.xml
1 ms. Memory: 1369088K Free: 797598K (58%)
----------------- Invoking toplevel() on ptolemy.moml.MoMLSimpleApplication@38251fab
----------------- Done invoking toplevel() on ptolemy.moml.MoMLSimpleApplication@38251fab
reloadAllAccessors: .LevelCrossTest13

===========================================================================================
----------------- testing Thu Oct 25 02:32:05 UTC 2018 /home/travis/build/icyphy/ptII/ptolemy/actor/lib/test/auto/LevelCrossTest2.xml
----------------- Instantiating /home/travis/build/icyphy/ptII/ptolemy/actor/lib/test/auto/LevelCrossTest2.xml
1 ms. Memory: 1369088K Free: 785126K (57%)
----------------- Invoking toplevel() on ptolemy.moml.MoMLSimpleApplication@71b12f8d
----------------- Done invoking toplevel() on ptolemy.moml.MoMLSimpleApplication@71b12f8d
reloadAllAccessors: .broken

===========================================================================================
----------------- testing Thu Oct 25 02:32:05 UTC 2018 /home/travis/build/icyphy/ptII/ptolemy/actor/lib/test/auto/LevelCrossTest3.xml
----------------- Instantiating /home/travis/build/icyphy/ptII/ptolemy/actor/lib/test/auto/LevelCrossTest3.xml
1 ms. Memory: 1369088K Free: 772653K (56%)
----------------- Invoking toplevel() on ptolemy.moml.MoMLSimpleApplication@3f1f7ca
----------------- Done invoking toplevel() on ptolemy.moml.MoMLSimpleApplication@3f1f7ca
reloadAllAccessors: .LevelCrossTest3

===========================================================================================
----------------- testing Thu Oct 25 02:32:05 UTC 2018 /home/travis/build/icyphy/ptII/ptolemy/actor/lib/test/auto/LevelCrossTest4.xml
----------------- Instantiating /home/travis/build/icyphy/ptII/ptolemy/actor/lib/test/auto/LevelCrossTest4.xml
1 ms. Memory: 1369088K Free: 753842K (55%)
----------------- Invoking toplevel() on ptolemy.moml.MoMLSimpleApplication@56be20e1
----------------- Done invoking toplevel() on ptolemy.moml.MoMLSimpleApplication@56be20e1
reloadAllAccessors: .broken

===========================================================================================
----------------- testing Thu Oct 25 02:32:05 UTC 2018 /home/travis/build/icyphy/ptII/ptolemy/actor/lib/test/auto/LevelCrossTest5.xml
----------------- Instantiating /home/travis/build/icyphy/ptII/ptolemy/actor/lib/test/auto/LevelCrossTest5.xml
1 ms. Memory: 1369088K Free: 741370K (54%)
----------------- Invoking toplevel() on ptolemy.moml.MoMLSimpleApplication@1aa0e10
----------------- Done invoking toplevel() on ptolemy.moml.MoMLSimpleApplication@1aa0e10
reloadAllAccessors: .LevelCrossTest5

===========================================================================================
----------------- testing Thu Oct 25 02:32:05 UTC 2018 /home/travis/build/icyphy/ptII/ptolemy/actor/lib/test/auto/LevelCrossTest6.xml
----------------- Instantiating /home/travis/build/icyphy/ptII/ptolemy/actor/lib/test/auto/LevelCrossTest6.xml
1 ms. Memory: 1369088K Free: 722558K (53%)
----------------- Invoking toplevel() on ptolemy.moml.MoMLSimpleApplication@16ddd30d
----------------- Done invoking toplevel() on ptolemy.moml.MoMLSimpleApplication@16ddd30d
reloadAllAccessors: .LevelCrossTest6

===========================================================================================
----------------- testing Thu Oct 25 02:32:05 UTC 2018 /home/travis/build/icyphy/ptII/ptolemy/actor/lib/test/auto/LevelCrossTest7.xml
----------------- Instantiating /home/travis/build/icyphy/ptII/ptolemy/actor/lib/test/auto/LevelCrossTest7.xml
3 ms. Memory: 1369088K Free: 710086K (52%)
----------------- Invoking toplevel() on ptolemy.moml.MoMLSimpleApplication@3b071553
----------------- Done invoking toplevel() on ptolemy.moml.MoMLSimpleApplication@3b071553
reloadAllAccessors: .LevelCrossTest7

===========================================================================================
----------------- testing Thu Oct 25 02:32:05 UTC 2018 /home/travis/build/icyphy/ptII/ptolemy/actor/lib/test/auto/LevelCrossTest8.xml
----------------- Instantiating /home/travis/build/icyphy/ptII/ptolemy/actor/lib/test/auto/LevelCrossTest8.xml
1 ms. Memory: 1369088K Free: 697613K (51%)
----------------- Invoking toplevel() on ptolemy.moml.MoMLSimpleApplication@1d4c64ac
----------------- Done invoking toplevel() on ptolemy.moml.MoMLSimpleApplication@1d4c64ac
reloadAllAccessors: .LevelCrossTest8

===========================================================================================
----------------- testing Thu Oct 25 02:32:05 UTC 2018 /home/travis/build/icyphy/ptII/ptolemy/actor/lib/test/auto/LevelCrossTest9.xml
----------------- Instantiating /home/travis/build/icyphy/ptII/ptolemy/actor/lib/test/auto/LevelCrossTest9.xml
1 ms. Memory: 1369088K Free: 678802K (50%)
----------------- Invoking toplevel() on ptolemy.moml.MoMLSimpleApplication@3673b608
----------------- Done invoking toplevel() on ptolemy.moml.MoMLSimpleApplication@3673b608
reloadAllAccessors: .LevelCrossTest9

===========================================================================================
----------------- testing Thu Oct 25 02:32:05 UTC 2018 /home/travis/build/icyphy/ptII/ptolemy/actor/lib/test/auto/LevinsonDurbin.xml
----------------- Instantiating /home/travis/build/icyphy/ptII/ptolemy/actor/lib/test/auto/LevinsonDurbin.xml
1 ms. Memory: 1369088K Free: 666330K (49%)
----------------- Invoking toplevel() on ptolemy.moml.MoMLSimpleApplication@261c8fb5
----------------- Done invoking toplevel() on ptolemy.moml.MoMLSimpleApplication@261c8fb5
reloadAllAccessors: .LevinsonDurbin

===========================================================================================
----------------- testing Thu Oct 25 02:32:05 UTC 2018 /home/travis/build/icyphy/ptII/ptolemy/actor/lib/test/auto/LevinsonDurbin2.xml
----------------- Instantiating /home/travis/build/icyphy/ptII/ptolemy/actor/lib/test/auto/LevinsonDurbin2.xml
1 ms. Memory: 1369088K Free: 653857K (48%)
----------------- Invoking toplevel() on ptolemy.moml.MoMLSimpleApplication@6e6a4610
----------------- Done invoking toplevel() on ptolemy.moml.MoMLSimpleApplication@6e6a4610
reloadAllAccessors: .LevinsonDurbin2

===========================================================================================
----------------- testing Thu Oct 25 02:32:05 UTC 2018 /home/travis/build/icyphy/ptII/ptolemy/actor/lib/test/auto/LevinsonDurbin3.xml
----------------- Instantiating /home/travis/build/icyphy/ptII/ptolemy/actor/lib/test/auto/LevinsonDurbin3.xml
2 ms. Memory: 1369088K Free: 635046K (46%)
----------------- Invoking toplevel() on ptolemy.moml.MoMLSimpleApplication@79a3bfd9
----------------- Done invoking toplevel() on ptolemy.moml.MoMLSimpleApplication@79a3bfd9
reloadAllAccessors: .LevinsonDurbin3

===========================================================================================
----------------- testing Thu Oct 25 02:32:05 UTC 2018 /home/travis/build/icyphy/ptII/ptolemy/actor/lib/test/auto/Limiter.xml
----------------- Instantiating /home/travis/build/icyphy/ptII/ptolemy/actor/lib/test/auto/Limiter.xml
4 ms. Memory: 1369088K Free: 616321K (45%)
----------------- Invoking toplevel() on ptolemy.moml.MoMLSimpleApplication@6ffb4223
----------------- Done invoking toplevel() on ptolemy.moml.MoMLSimpleApplication@6ffb4223
reloadAllAccessors: .Limiter

===========================================================================================
----------------- testing Thu Oct 25 02:32:05 UTC 2018 /home/travis/build/icyphy/ptII/ptolemy/actor/lib/test/auto/LinearDifferenceEquationSystem.xml
----------------- Instantiating /home/travis/build/icyphy/ptII/ptolemy/actor/lib/test/auto/LinearDifferenceEquationSystem.xml
4 ms. Memory: 1369088K Free: 597510K (44%)
----------------- Invoking toplevel() on ptolemy.moml.MoMLSimpleApplication@770a6087
----------------- Done invoking toplevel() on ptolemy.moml.MoMLSimpleApplication@770a6087
reloadAllAccessors: .LinearDifferenceEquationSystem

===========================================================================================
----------------- testing Thu Oct 25 02:32:05 UTC 2018 /home/travis/build/icyphy/ptII/ptolemy/actor/lib/test/auto/LookupTable.xml
----------------- Instantiating /home/travis/build/icyphy/ptII/ptolemy/actor/lib/test/auto/LookupTable.xml
1 ms. Memory: 1369088K Free: 585038K (43%)
----------------- Invoking toplevel() on ptolemy.moml.MoMLSimpleApplication@5aa4d663
----------------- Done invoking toplevel() on ptolemy.moml.MoMLSimpleApplication@5aa4d663
reloadAllAccessors: .LookupTable

===========================================================================================
----------------- testing Thu Oct 25 02:32:05 UTC 2018 /home/travis/build/icyphy/ptII/ptolemy/actor/lib/test/auto/MathFunction.xml
----------------- Instantiating /home/travis/build/icyphy/ptII/ptolemy/actor/lib/test/auto/MathFunction.xml
2 ms. Memory: 1369088K Free: 572565K (42%)
----------------- Invoking toplevel() on ptolemy.moml.MoMLSimpleApplication@7180dfb5
----------------- Done invoking toplevel() on ptolemy.moml.MoMLSimpleApplication@7180dfb5
reloadAllAccessors: .MathFunction

===========================================================================================
----------------- testing Thu Oct 25 02:32:05 UTC 2018 /home/travis/build/icyphy/ptII/ptolemy/actor/lib/test/auto/MathFunction2.xml
----------------- Instantiating /home/travis/build/icyphy/ptII/ptolemy/actor/lib/test/auto/MathFunction2.xml
7 ms. Memory: 1369088K Free: 553754K (40%)
----------------- Invoking toplevel() on ptolemy.moml.MoMLSimpleApplication@589fd5bc
----------------- Done invoking toplevel() on ptolemy.moml.MoMLSimpleApplication@589fd5bc
reloadAllAccessors: .MathFunction2

===========================================================================================
----------------- testing Thu Oct 25 02:32:05 UTC 2018 /home/travis/build/icyphy/ptII/ptolemy/actor/lib/test/auto/MathFunction3.xml
----------------- Instantiating /home/travis/build/icyphy/ptII/ptolemy/actor/lib/test/auto/MathFunction3.xml
2 ms. Memory: 1369088K Free: 541281K (40%)
----------------- Invoking toplevel() on ptolemy.moml.MoMLSimpleApplication@69cd03c8
----------------- Done invoking toplevel() on ptolemy.moml.MoMLSimpleApplication@69cd03c8
reloadAllAccessors: .MathFunction3

===========================================================================================
----------------- testing Thu Oct 25 02:32:05 UTC 2018 /home/travis/build/icyphy/ptII/ptolemy/actor/lib/test/auto/MatrixCropBoolean.xml
----------------- Instantiating /home/travis/build/icyphy/ptII/ptolemy/actor/lib/test/auto/MatrixCropBoolean.xml
5 ms. Memory: 1369088K Free: 528809K (39%)
----------------- Invoking toplevel() on ptolemy.moml.MoMLSimpleApplication@7b578ff7
----------------- Done invoking toplevel() on ptolemy.moml.MoMLSimpleApplication@7b578ff7
reloadAllAccessors: .MatrixCropBoolean

===========================================================================================
----------------- testing Thu Oct 25 02:32:05 UTC 2018 /home/travis/build/icyphy/ptII/ptolemy/actor/lib/test/auto/MatrixCropComplex.xml
----------------- Instantiating /home/travis/build/icyphy/ptII/ptolemy/actor/lib/test/auto/MatrixCropComplex.xml
2 ms. Memory: 1369088K Free: 509998K (37%)
----------------- Invoking toplevel() on ptolemy.moml.MoMLSimpleApplication@fec7711
----------------- Done invoking toplevel() on ptolemy.moml.MoMLSimpleApplication@fec7711
reloadAllAccessors: .MatrixCropComplex

===========================================================================================
----------------- testing Thu Oct 25 02:32:05 UTC 2018 /home/travis/build/icyphy/ptII/ptolemy/actor/lib/test/auto/MatrixCropDouble.xml
----------------- Instantiating /home/travis/build/icyphy/ptII/ptolemy/actor/lib/test/auto/MatrixCropDouble.xml
2 ms. Memory: 1369088K Free: 497525K (36%)
----------------- Invoking toplevel() on ptolemy.moml.MoMLSimpleApplication@6b083771
----------------- Done invoking toplevel() on ptolemy.moml.MoMLSimpleApplication@6b083771
reloadAllAccessors: .MatrixCropDouble

===========================================================================================
----------------- testing Thu Oct 25 02:32:05 UTC 2018 /home/travis/build/icyphy/ptII/ptolemy/actor/lib/test/auto/MatrixCropFix.xml
----------------- Instantiating /home/travis/build/icyphy/ptII/ptolemy/actor/lib/test/auto/MatrixCropFix.xml
2 ms. Memory: 1369088K Free: 485053K (35%)
----------------- Invoking toplevel() on ptolemy.moml.MoMLSimpleApplication@498b1b84
----------------- Done invoking toplevel() on ptolemy.moml.MoMLSimpleApplication@498b1b84
reloadAllAccessors: .MatrixCropFix

===========================================================================================
----------------- testing Thu Oct 25 02:32:05 UTC 2018 /home/travis/build/icyphy/ptII/ptolemy/actor/lib/test/auto/MatrixCropInt.xml
----------------- Instantiating /home/travis/build/icyphy/ptII/ptolemy/actor/lib/test/auto/MatrixCropInt.xml
2 ms. Memory: 1369088K Free: 466242K (34%)
----------------- Invoking toplevel() on ptolemy.moml.MoMLSimpleApplication@bf89bad
----------------- Done invoking toplevel() on ptolemy.moml.MoMLSimpleApplication@bf89bad
reloadAllAccessors: .MatrixCropInt

===========================================================================================
----------------- testing Thu Oct 25 02:32:05 UTC 2018 /home/travis/build/icyphy/ptII/ptolemy/actor/lib/test/auto/MatrixCropLong.xml
----------------- Instantiating /home/travis/build/icyphy/ptII/ptolemy/actor/lib/test/auto/MatrixCropLong.xml
2 ms. Memory: 1369088K Free: 453769K (33%)
----------------- Invoking toplevel() on ptolemy.moml.MoMLSimpleApplication@a9988d9
----------------- Done invoking toplevel() on ptolemy.moml.MoMLSimpleApplication@a9988d9
reloadAllAccessors: .MatrixCropLong

===========================================================================================
----------------- testing Thu Oct 25 02:32:05 UTC 2018 /home/travis/build/icyphy/ptII/ptolemy/actor/lib/test/auto/MatrixToArray.xml
----------------- Instantiating /home/travis/build/icyphy/ptII/ptolemy/actor/lib/test/auto/MatrixToArray.xml
7 ms. Memory: 1369088K Free: 422462K (31%)
----------------- Invoking toplevel() on ptolemy.moml.MoMLSimpleApplication@6e9016d0
----------------- Done invoking toplevel() on ptolemy.moml.MoMLSimpleApplication@6e9016d0
reloadAllAccessors: .MatrixToArray

===========================================================================================
----------------- testing Thu Oct 25 02:32:05 UTC 2018 /home/travis/build/icyphy/ptII/ptolemy/actor/lib/test/auto/MaxIndex.xml
----------------- Instantiating /home/travis/build/icyphy/ptII/ptolemy/actor/lib/test/auto/MaxIndex.xml
2 ms. Memory: 1369088K Free: 409989K (30%)
----------------- Invoking toplevel() on ptolemy.moml.MoMLSimpleApplication@2ac7b761
----------------- Done invoking toplevel() on ptolemy.moml.MoMLSimpleApplication@2ac7b761
reloadAllAccessors: .MaxIndex

===========================================================================================
----------------- testing Thu Oct 25 02:32:05 UTC 2018 /home/travis/build/icyphy/ptII/ptolemy/actor/lib/test/auto/Maximum.xml
----------------- Instantiating /home/travis/build/icyphy/ptII/ptolemy/actor/lib/test/auto/Maximum.xml
6 ms. Memory: 1369088K Free: 397517K (29%)
----------------- Invoking toplevel() on ptolemy.moml.MoMLSimpleApplication@4b452470
----------------- Done invoking toplevel() on ptolemy.moml.MoMLSimpleApplication@4b452470
reloadAllAccessors: .Maximum

===========================================================================================
----------------- testing Thu Oct 25 02:32:05 UTC 2018 /home/travis/build/icyphy/ptII/ptolemy/actor/lib/test/auto/MaximumComplex.xml
----------------- Instantiating /home/travis/build/icyphy/ptII/ptolemy/actor/lib/test/auto/MaximumComplex.xml
3 ms. Memory: 1369088K Free: 378706K (28%)
----------------- Invoking toplevel() on ptolemy.moml.MoMLSimpleApplication@2157cd8c
----------------- Done invoking toplevel() on ptolemy.moml.MoMLSimpleApplication@2157cd8c
reloadAllAccessors: .MaximumComplex

===========================================================================================
----------------- testing Thu Oct 25 02:32:05 UTC 2018 /home/travis/build/icyphy/ptII/ptolemy/actor/lib/test/auto/MethodCallTest.xml
----------------- Instantiating /home/travis/build/icyphy/ptII/ptolemy/actor/lib/test/auto/MethodCallTest.xml
2 ms. Memory: 1369088K Free: 366234K (27%)
----------------- Invoking toplevel() on ptolemy.moml.MoMLSimpleApplication@7048ec76
----------------- Done invoking toplevel() on ptolemy.moml.MoMLSimpleApplication@7048ec76
reloadAllAccessors: .MethodCallTest

===========================================================================================
----------------- testing Thu Oct 25 02:32:05 UTC 2018 /home/travis/build/icyphy/ptII/ptolemy/actor/lib/test/auto/Minimum.xml
----------------- Instantiating /home/travis/build/icyphy/ptII/ptolemy/actor/lib/test/auto/Minimum.xml
5 ms. Memory: 1369088K Free: 353761K (26%)
----------------- Invoking toplevel() on ptolemy.moml.MoMLSimpleApplication@1b27e49
----------------- Done invoking toplevel() on ptolemy.moml.MoMLSimpleApplication@1b27e49
reloadAllAccessors: .Minimum

===========================================================================================
----------------- testing Thu Oct 25 02:32:05 UTC 2018 /home/travis/build/icyphy/ptII/ptolemy/actor/lib/test/auto/MinimumComplex.xml
----------------- Instantiating /home/travis/build/icyphy/ptII/ptolemy/actor/lib/test/auto/MinimumComplex.xml
3 ms. Memory: 1369088K Free: 334950K (24%)
----------------- Invoking toplevel() on ptolemy.moml.MoMLSimpleApplication@27da83ca
----------------- Done invoking toplevel() on ptolemy.moml.MoMLSimpleApplication@27da83ca
reloadAllAccessors: .MinimumComplex

===========================================================================================
----------------- testing Thu Oct 25 02:32:05 UTC 2018 /home/travis/build/icyphy/ptII/ptolemy/actor/lib/test/auto/MinimumMultiports.xml
----------------- Instantiating /home/travis/build/icyphy/ptII/ptolemy/actor/lib/test/auto/MinimumMultiports.xml
4 ms. Memory: 1369088K Free: 322478K (24%)
----------------- Invoking toplevel() on ptolemy.moml.MoMLSimpleApplication@17cc78a3
----------------- Done invoking toplevel() on ptolemy.moml.MoMLSimpleApplication@17cc78a3
reloadAllAccessors: .MinimumMultiports

===========================================================================================
----------------- testing Thu Oct 25 02:32:05 UTC 2018 /home/travis/build/icyphy/ptII/ptolemy/actor/lib/test/auto/ModifyDate.xml
----------------- Instantiating /home/travis/build/icyphy/ptII/ptolemy/actor/lib/test/auto/ModifyDate.xml
6 ms. Memory: 1369088K Free: 297414K (22%)
----------------- Invoking toplevel() on ptolemy.moml.MoMLSimpleApplication@c1a8a97
----------------- Done invoking toplevel() on ptolemy.moml.MoMLSimpleApplication@c1a8a97
reloadAllAccessors: .ModifyDate

===========================================================================================
----------------- testing Thu Oct 25 02:32:05 UTC 2018 /home/travis/build/icyphy/ptII/ptolemy/actor/lib/test/auto/ModifyDate2.xml
----------------- Instantiating /home/travis/build/icyphy/ptII/ptolemy/actor/lib/test/auto/ModifyDate2.xml
7 ms. Memory: 1369088K Free: 278706K (20%)
----------------- Invoking toplevel() on ptolemy.moml.MoMLSimpleApplication@4905ffc2
----------------- Done invoking toplevel() on ptolemy.moml.MoMLSimpleApplication@4905ffc2
reloadAllAccessors: .ModifyDate2

===========================================================================================
----------------- testing Thu Oct 25 02:32:05 UTC 2018 /home/travis/build/icyphy/ptII/ptolemy/actor/lib/test/auto/MovingAverage.xml
----------------- Instantiating /home/travis/build/icyphy/ptII/ptolemy/actor/lib/test/auto/MovingAverage.xml
1 ms. Memory: 1369088K Free: 266233K (19%)
----------------- Invoking toplevel() on ptolemy.moml.MoMLSimpleApplication@1c644cff
----------------- Done invoking toplevel() on ptolemy.moml.MoMLSimpleApplication@1c644cff
reloadAllAccessors: .MovingAverage

===========================================================================================
----------------- testing Thu Oct 25 02:32:05 UTC 2018 /home/travis/build/icyphy/ptII/ptolemy/actor/lib/test/auto/MovingMaximum.xml
----------------- Instantiating /home/travis/build/icyphy/ptII/ptolemy/actor/lib/test/auto/MovingMaximum.xml
2 ms. Memory: 1369088K Free: 247422K (18%)
----------------- Invoking toplevel() on ptolemy.moml.MoMLSimpleApplication@7fd6ddc2
----------------- Done invoking toplevel() on ptolemy.moml.MoMLSimpleApplication@7fd6ddc2
reloadAllAccessors: .MovingMaximum

===========================================================================================
----------------- testing Thu Oct 25 02:32:05 UTC 2018 /home/travis/build/icyphy/ptII/ptolemy/actor/lib/test/auto/MultipleLinksToSameRelation.xml
----------------- Instantiating /home/travis/build/icyphy/ptII/ptolemy/actor/lib/test/auto/MultipleLinksToSameRelation.xml
6 ms. Memory: 1369088K Free: 234950K (17%)
----------------- Invoking toplevel() on ptolemy.moml.MoMLSimpleApplication@5ce4beb4
----------------- Done invoking toplevel() on ptolemy.moml.MoMLSimpleApplication@5ce4beb4
reloadAllAccessors: .MultipleLinksToSameRelation

===========================================================================================
----------------- testing Thu Oct 25 02:32:05 UTC 2018 /home/travis/build/icyphy/ptII/ptolemy/actor/lib/test/auto/MultipleLinksToSameRelationDE.xml
----------------- Instantiating /home/travis/build/icyphy/ptII/ptolemy/actor/lib/test/auto/MultipleLinksToSameRelationDE.xml
7 ms. Memory: 1369088K Free: 222477K (16%)
----------------- Invoking toplevel() on ptolemy.moml.MoMLSimpleApplication@1888b1ff
----------------- Done invoking toplevel() on ptolemy.moml.MoMLSimpleApplication@1888b1ff
reloadAllAccessors: .MultipleLinksToSameRelationDE

===========================================================================================
----------------- testing Thu Oct 25 02:32:05 UTC 2018 /home/travis/build/icyphy/ptII/ptolemy/actor/lib/test/auto/Multiplexor.xml
----------------- Instantiating /home/travis/build/icyphy/ptII/ptolemy/actor/lib/test/auto/Multiplexor.xml
1 ms. Memory: 1369088K Free: 203666K (15%)
----------------- Invoking toplevel() on ptolemy.moml.MoMLSimpleApplication@5829dcdc
----------------- Done invoking toplevel() on ptolemy.moml.MoMLSimpleApplication@5829dcdc
reloadAllAccessors: .Multiplexor

===========================================================================================
----------------- testing Thu Oct 25 02:32:05 UTC 2018 /home/travis/build/icyphy/ptII/ptolemy/actor/lib/test/auto/Multiplexor1.xml
----------------- Instantiating /home/travis/build/icyphy/ptII/ptolemy/actor/lib/test/auto/Multiplexor1.xml
3 ms. Memory: 1369088K Free: 191194K (14%)
----------------- Invoking toplevel() on ptolemy.moml.MoMLSimpleApplication@769578c7
----------------- Done invoking toplevel() on ptolemy.moml.MoMLSimpleApplication@769578c7
reloadAllAccessors: .Multiplexor1

===========================================================================================
----------------- testing Thu Oct 25 02:32:05 UTC 2018 /home/travis/build/icyphy/ptII/ptolemy/actor/lib/test/auto/Multiplexor2.xml
----------------- Instantiating /home/travis/build/icyphy/ptII/ptolemy/actor/lib/test/auto/Multiplexor2.xml
7 ms. Memory: 1369088K Free: 178722K (13%)
----------------- Invoking toplevel() on ptolemy.moml.MoMLSimpleApplication@282dc086
----------------- Done invoking toplevel() on ptolemy.moml.MoMLSimpleApplication@282dc086
reloadAllAccessors: .Multiplexor2

===========================================================================================
----------------- testing Thu Oct 25 02:32:06 UTC 2018 /home/travis/build/icyphy/ptII/ptolemy/actor/lib/test/auto/Multiplexor3.xml
----------------- Instantiating /home/travis/build/icyphy/ptII/ptolemy/actor/lib/test/auto/Multiplexor3.xml
2 ms. Memory: 1369088K Free: 159910K (12%)
----------------- Invoking toplevel() on ptolemy.moml.MoMLSimpleApplication@44d03404
----------------- Done invoking toplevel() on ptolemy.moml.MoMLSimpleApplication@44d03404
reloadAllAccessors: .Multiplexor3

===========================================================================================
----------------- testing Thu Oct 25 02:32:06 UTC 2018 /home/travis/build/icyphy/ptII/ptolemy/actor/lib/test/auto/MultiplexorDE.xml
----------------- Instantiating /home/travis/build/icyphy/ptII/ptolemy/actor/lib/test/auto/MultiplexorDE.xml
2 ms. Memory: 1369088K Free: 147438K (11%)
----------------- Invoking toplevel() on ptolemy.moml.MoMLSimpleApplication@67df00c9
----------------- Done invoking toplevel() on ptolemy.moml.MoMLSimpleApplication@67df00c9
reloadAllAccessors: .MultiplexorDE

===========================================================================================
----------------- testing Thu Oct 25 02:32:06 UTC 2018 /home/travis/build/icyphy/ptII/ptolemy/actor/lib/test/auto/MultiportBroadcastTest.xml
----------------- Instantiating /home/travis/build/icyphy/ptII/ptolemy/actor/lib/test/auto/MultiportBroadcastTest.xml
90 ms. Memory: 1369088K Free: 128627K (9%)
----------------- Invoking toplevel() on ptolemy.moml.MoMLSimpleApplication@7229edf0
----------------- Done invoking toplevel() on ptolemy.moml.MoMLSimpleApplication@7229edf0
reloadAllAccessors: .MultiportBroadcastTest

===========================================================================================
----------------- testing Thu Oct 25 02:32:06 UTC 2018 /home/travis/build/icyphy/ptII/ptolemy/actor/lib/test/auto/MultiportOutHangDuringGetWidth.xml
----------------- Instantiating /home/travis/build/icyphy/ptII/ptolemy/actor/lib/test/auto/MultiportOutHangDuringGetWidth.xml
4 ms. Memory: 1369088K Free: 109918K (8%)
----------------- Invoking toplevel() on ptolemy.moml.MoMLSimpleApplication@48650676
----------------- Done invoking toplevel() on ptolemy.moml.MoMLSimpleApplication@48650676
reloadAllAccessors: .MultiportOutHangDuringGetWidth

===========================================================================================
----------------- testing Thu Oct 25 02:32:06 UTC 2018 /home/travis/build/icyphy/ptII/ptolemy/actor/lib/test/auto/NilToken.xml
----------------- Instantiating /home/travis/build/icyphy/ptII/ptolemy/actor/lib/test/auto/NilToken.xml
2 ms. Memory: 1369088K Free: 97446K (7%)
----------------- Invoking toplevel() on ptolemy.moml.MoMLSimpleApplication@3147b3f8
----------------- Done invoking toplevel() on ptolemy.moml.MoMLSimpleApplication@3147b3f8
reloadAllAccessors: .NilToken

===========================================================================================
----------------- testing Thu Oct 25 02:32:06 UTC 2018 /home/travis/build/icyphy/ptII/ptolemy/actor/lib/test/auto/NilTokenNonStrictTest.xml
----------------- Instantiating /home/travis/build/icyphy/ptII/ptolemy/actor/lib/test/auto/NilTokenNonStrictTest.xml
2 ms. Memory: 1369088K Free: 81716K (6%)
----------------- Invoking toplevel() on ptolemy.moml.MoMLSimpleApplication@18d8641c
----------------- Done invoking toplevel() on ptolemy.moml.MoMLSimpleApplication@18d8641c
reloadAllAccessors: .NilTokenNonStrictTest

===========================================================================================
----------------- testing Thu Oct 25 02:32:06 UTC 2018 /home/travis/build/icyphy/ptII/ptolemy/actor/lib/test/auto/NilTokenRecord.xml
----------------- Instantiating /home/travis/build/icyphy/ptII/ptolemy/actor/lib/test/auto/NilTokenRecord.xml
4 ms. Memory: 1532416K Free: 1477696K (96%)
----------------- Invoking toplevel() on ptolemy.moml.MoMLSimpleApplication@2909b265
----------------- Done invoking toplevel() on ptolemy.moml.MoMLSimpleApplication@2909b265
reloadAllAccessors: .NilTokenRecord

===========================================================================================
----------------- testing Thu Oct 25 02:32:06 UTC 2018 /home/travis/build/icyphy/ptII/ptolemy/actor/lib/test/auto/NilTokenTypeTest.xml
----------------- Instantiating /home/travis/build/icyphy/ptII/ptolemy/actor/lib/test/auto/NilTokenTypeTest.xml
3 ms. Memory: 1532416K Free: 1449973K (95%)
----------------- Invoking toplevel() on ptolemy.moml.MoMLSimpleApplication@6b6fd2b3
----------------- Done invoking toplevel() on ptolemy.moml.MoMLSimpleApplication@6b6fd2b3
reloadAllAccessors: .NilTokenTypeTest

===========================================================================================
----------------- testing Thu Oct 25 02:32:06 UTC 2018 /home/travis/build/icyphy/ptII/ptolemy/actor/lib/test/auto/ObjectToken1.xml
----------------- Instantiating /home/travis/build/icyphy/ptII/ptolemy/actor/lib/test/auto/ObjectToken1.xml
1 ms. Memory: 1532416K Free: 1435673K (94%)
----------------- Invoking toplevel() on ptolemy.moml.MoMLSimpleApplication@4e362194
----------------- Done invoking toplevel() on ptolemy.moml.MoMLSimpleApplication@4e362194
reloadAllAccessors: .ObjectToken1

===========================================================================================
----------------- testing Thu Oct 25 02:32:06 UTC 2018 /home/travis/build/icyphy/ptII/ptolemy/actor/lib/test/auto/OrderedMerge.xml
----------------- Instantiating /home/travis/build/icyphy/ptII/ptolemy/actor/lib/test/auto/OrderedMerge.xml
14 ms. Memory: 1532416K Free: 1386516K (90%)
----------------- Invoking toplevel() on ptolemy.moml.MoMLSimpleApplication@38393a4b
----------------- Done invoking toplevel() on ptolemy.moml.MoMLSimpleApplication@38393a4b
reloadAllAccessors: .OrderedMerge

===========================================================================================
----------------- testing Thu Oct 25 02:32:06 UTC 2018 /home/travis/build/icyphy/ptII/ptolemy/actor/lib/test/auto/OrderedRecordDisassembler.xml
----------------- Instantiating /home/travis/build/icyphy/ptII/ptolemy/actor/lib/test/auto/OrderedRecordDisassembler.xml
3 ms. Memory: 1532416K Free: 1372216K (90%)
----------------- Invoking toplevel() on ptolemy.moml.MoMLSimpleApplication@75828263
----------------- Done invoking toplevel() on ptolemy.moml.MoMLSimpleApplication@75828263
reloadAllAccessors: .OrderedRecordDisassembler

===========================================================================================
----------------- testing Thu Oct 25 02:32:06 UTC 2018 /home/travis/build/icyphy/ptII/ptolemy/actor/lib/test/auto/OrderedRecordDisassembler2.xml
----------------- Instantiating /home/travis/build/icyphy/ptII/ptolemy/actor/lib/test/auto/OrderedRecordDisassembler2.xml
3 ms. Memory: 1532416K Free: 1357916K (89%)
----------------- Invoking toplevel() on ptolemy.moml.MoMLSimpleApplication@7d384379
----------------- Done invoking toplevel() on ptolemy.moml.MoMLSimpleApplication@7d384379
reloadAllAccessors: .OrderedRecordDisassembler2

===========================================================================================
----------------- testing Thu Oct 25 02:32:06 UTC 2018 /home/travis/build/icyphy/ptII/ptolemy/actor/lib/test/auto/OrderedRecordUpdater.xml
----------------- Instantiating /home/travis/build/icyphy/ptII/ptolemy/actor/lib/test/auto/OrderedRecordUpdater.xml
1 ms. Memory: 1532416K Free: 1337306K (87%)
----------------- Invoking toplevel() on ptolemy.moml.MoMLSimpleApplication@1fadf555
----------------- Done invoking toplevel() on ptolemy.moml.MoMLSimpleApplication@1fadf555
reloadAllAccessors: .RecordUpdater

===========================================================================================
----------------- testing Thu Oct 25 02:32:06 UTC 2018 /home/travis/build/icyphy/ptII/ptolemy/actor/lib/test/auto/OrderedRecordUpdater2.xml
----------------- Instantiating /home/travis/build/icyphy/ptII/ptolemy/actor/lib/test/auto/OrderedRecordUpdater2.xml
3 ms. Memory: 1532416K Free: 1323006K (86%)
----------------- Invoking toplevel() on ptolemy.moml.MoMLSimpleApplication@306a2d8e
----------------- Done invoking toplevel() on ptolemy.moml.MoMLSimpleApplication@306a2d8e
reloadAllAccessors: .RecordUpdater2

===========================================================================================
----------------- testing Thu Oct 25 02:32:06 UTC 2018 /home/travis/build/icyphy/ptII/ptolemy/actor/lib/test/auto/PhaseUnwrap.xml
----------------- Instantiating /home/travis/build/icyphy/ptII/ptolemy/actor/lib/test/auto/PhaseUnwrap.xml
1 ms. Memory: 1532416K Free: 1302449K (85%)
----------------- Invoking toplevel() on ptolemy.moml.MoMLSimpleApplication@30a23b63
----------------- Done invoking toplevel() on ptolemy.moml.MoMLSimpleApplication@30a23b63
reloadAllAccessors: .PhaseUnwrap

===========================================================================================
----------------- testing Thu Oct 25 02:32:06 UTC 2018 /home/travis/build/icyphy/ptII/ptolemy/actor/lib/test/auto/PoissonClock.xml
----------------- Instantiating /home/travis/build/icyphy/ptII/ptolemy/actor/lib/test/auto/PoissonClock.xml
1 ms. Memory: 1532416K Free: 1288149K (84%)
----------------- Invoking toplevel() on ptolemy.moml.MoMLSimpleApplication@31d4f6ac
----------------- Done invoking toplevel() on ptolemy.moml.MoMLSimpleApplication@31d4f6ac
reloadAllAccessors: .PoissonClock

===========================================================================================
----------------- testing Thu Oct 25 02:32:06 UTC 2018 /home/travis/build/icyphy/ptII/ptolemy/actor/lib/test/auto/PoissonClock2.xml
----------------- Instantiating /home/travis/build/icyphy/ptII/ptolemy/actor/lib/test/auto/PoissonClock2.xml
1 ms. Memory: 1532416K Free: 1273849K (83%)
----------------- Invoking toplevel() on ptolemy.moml.MoMLSimpleApplication@ac337b0
----------------- Done invoking toplevel() on ptolemy.moml.MoMLSimpleApplication@ac337b0
reloadAllAccessors: .PoissonClock2

===========================================================================================
----------------- testing Thu Oct 25 02:32:06 UTC 2018 /home/travis/build/icyphy/ptII/ptolemy/actor/lib/test/auto/PoissonClock3.xml
----------------- Instantiating /home/travis/build/icyphy/ptII/ptolemy/actor/lib/test/auto/PoissonClock3.xml
1 ms. Memory: 1532416K Free: 1253292K (82%)
----------------- Invoking toplevel() on ptolemy.moml.MoMLSimpleApplication@23de6155
----------------- Done invoking toplevel() on ptolemy.moml.MoMLSimpleApplication@23de6155
reloadAllAccessors: .PoissonClock3

===========================================================================================
----------------- testing Thu Oct 25 02:32:06 UTC 2018 /home/travis/build/icyphy/ptII/ptolemy/actor/lib/test/auto/PubSubWithInitialTokens.xml
----------------- Instantiating /home/travis/build/icyphy/ptII/ptolemy/actor/lib/test/auto/PubSubWithInitialTokens.xml
2 ms. Memory: 1532416K Free: 1238992K (81%)
----------------- Invoking toplevel() on ptolemy.moml.MoMLSimpleApplication@61839b97
----------------- Done invoking toplevel() on ptolemy.moml.MoMLSimpleApplication@61839b97
reloadAllAccessors: .PubSubWithInitialTokens

===========================================================================================
----------------- testing Thu Oct 25 02:32:06 UTC 2018 /home/travis/build/icyphy/ptII/ptolemy/actor/lib/test/auto/PubSubWithInitialTokens2.xml
----------------- Instantiating /home/travis/build/icyphy/ptII/ptolemy/actor/lib/test/auto/PubSubWithInitialTokens2.xml
2 ms. Memory: 1532416K Free: 1224692K (80%)
----------------- Invoking toplevel() on ptolemy.moml.MoMLSimpleApplication@246566f1
----------------- Done invoking toplevel() on ptolemy.moml.MoMLSimpleApplication@246566f1
reloadAllAccessors: .PubSubWithInitialTokens2

===========================================================================================
----------------- testing Thu Oct 25 02:32:06 UTC 2018 /home/travis/build/icyphy/ptII/ptolemy/actor/lib/test/auto/PublisherClassNoParameter.xml
----------------- Instantiating /home/travis/build/icyphy/ptII/ptolemy/actor/lib/test/auto/PublisherClassNoParameter.xml
2 ms. Memory: 1532416K Free: 1196969K (78%)
----------------- Invoking toplevel() on ptolemy.moml.MoMLSimpleApplication@3f8b94cf
----------------- Done invoking toplevel() on ptolemy.moml.MoMLSimpleApplication@3f8b94cf
reloadAllAccessors: .PublisherClassNoParameter

===========================================================================================
----------------- testing Thu Oct 25 02:32:06 UTC 2018 /home/travis/build/icyphy/ptII/ptolemy/actor/lib/test/auto/PublisherClassParameter.xml
----------------- Instantiating /home/travis/build/icyphy/ptII/ptolemy/actor/lib/test/auto/PublisherClassParameter.xml
2 ms. Memory: 1532416K Free: 1175510K (77%)
----------------- Invoking toplevel() on ptolemy.moml.MoMLSimpleApplication@1fe0b084
----------------- Done invoking toplevel() on ptolemy.moml.MoMLSimpleApplication@1fe0b084
reloadAllAccessors: .PublisherClassParameter

===========================================================================================
----------------- testing Thu Oct 25 02:32:06 UTC 2018 /home/travis/build/icyphy/ptII/ptolemy/actor/lib/test/auto/PublisherNonStrictTest.xml
----------------- Instantiating /home/travis/build/icyphy/ptII/ptolemy/actor/lib/test/auto/PublisherNonStrictTest.xml
3 ms. Memory: 1532416K Free: 1154954K (75%)
----------------- Invoking toplevel() on ptolemy.moml.MoMLSimpleApplication@5ca7b4a4
----------------- Done invoking toplevel() on ptolemy.moml.MoMLSimpleApplication@5ca7b4a4
reloadAllAccessors: .PublisherNonStrictTest

===========================================================================================
----------------- testing Thu Oct 25 02:32:06 UTC 2018 /home/travis/build/icyphy/ptII/ptolemy/actor/lib/test/auto/PublisherPort1.xml
----------------- Instantiating /home/travis/build/icyphy/ptII/ptolemy/actor/lib/test/auto/PublisherPort1.xml
3 ms. Memory: 1532416K Free: 1140653K (74%)
----------------- Invoking toplevel() on ptolemy.moml.MoMLSimpleApplication@c41012
----------------- Done invoking toplevel() on ptolemy.moml.MoMLSimpleApplication@c41012
reloadAllAccessors: .PublisherPort1

===========================================================================================
----------------- testing Thu Oct 25 02:32:06 UTC 2018 /home/travis/build/icyphy/ptII/ptolemy/actor/lib/test/auto/PublisherPort2.xml
----------------- Instantiating /home/travis/build/icyphy/ptII/ptolemy/actor/lib/test/auto/PublisherPort2.xml
1 ms. Memory: 1532416K Free: 1126353K (74%)
----------------- Invoking toplevel() on ptolemy.moml.MoMLSimpleApplication@1d29d812
----------------- Done invoking toplevel() on ptolemy.moml.MoMLSimpleApplication@1d29d812
reloadAllAccessors: .PublisherPort2

===========================================================================================
----------------- testing Thu Oct 25 02:32:06 UTC 2018 /home/travis/build/icyphy/ptII/ptolemy/actor/lib/test/auto/PublisherPort3.xml
----------------- Instantiating /home/travis/build/icyphy/ptII/ptolemy/actor/lib/test/auto/PublisherPort3.xml
9 ms. Memory: 1532416K Free: 1105797K (72%)
----------------- Invoking toplevel() on ptolemy.moml.MoMLSimpleApplication@7415e5e1
----------------- Done invoking toplevel() on ptolemy.moml.MoMLSimpleApplication@7415e5e1
reloadAllAccessors: .PublisherPort3

===========================================================================================
----------------- testing Thu Oct 25 02:32:06 UTC 2018 /home/travis/build/icyphy/ptII/ptolemy/actor/lib/test/auto/PublisherPort4.xml
----------------- Instantiating /home/travis/build/icyphy/ptII/ptolemy/actor/lib/test/auto/PublisherPort4.xml
2 ms. Memory: 1532416K Free: 1091497K (71%)
----------------- Invoking toplevel() on ptolemy.moml.MoMLSimpleApplication@37dca7e5
----------------- Done invoking toplevel() on ptolemy.moml.MoMLSimpleApplication@37dca7e5
reloadAllAccessors: .PublisherPort4

===========================================================================================
----------------- testing Thu Oct 25 02:32:06 UTC 2018 /home/travis/build/icyphy/ptII/ptolemy/actor/lib/test/auto/PublisherPort5.xml
----------------- Instantiating /home/travis/build/icyphy/ptII/ptolemy/actor/lib/test/auto/PublisherPort5.xml
3 ms. Memory: 1532416K Free: 1070940K (70%)
----------------- Invoking toplevel() on ptolemy.moml.MoMLSimpleApplication@629b78ca
----------------- Done invoking toplevel() on ptolemy.moml.MoMLSimpleApplication@629b78ca
reloadAllAccessors: .PublisherPort5

===========================================================================================
----------------- testing Thu Oct 25 02:32:06 UTC 2018 /home/travis/build/icyphy/ptII/ptolemy/actor/lib/test/auto/PublisherPort5LookAlike.xml
----------------- Instantiating /home/travis/build/icyphy/ptII/ptolemy/actor/lib/test/auto/PublisherPort5LookAlike.xml
6 ms. Memory: 1532416K Free: 1056640K (69%)
----------------- Invoking toplevel() on ptolemy.moml.MoMLSimpleApplication@3401d220
----------------- Done invoking toplevel() on ptolemy.moml.MoMLSimpleApplication@3401d220
reloadAllAccessors: .PublisherPort5LookAlike

===========================================================================================
----------------- testing Thu Oct 25 02:32:06 UTC 2018 /home/travis/build/icyphy/ptII/ptolemy/actor/lib/test/auto/PublisherPort6.xml
----------------- Instantiating /home/travis/build/icyphy/ptII/ptolemy/actor/lib/test/auto/PublisherPort6.xml
2 ms. Memory: 1532416K Free: 1042339K (68%)
----------------- Invoking toplevel() on ptolemy.moml.MoMLSimpleApplication@6e2bfaae
----------------- Done invoking toplevel() on ptolemy.moml.MoMLSimpleApplication@6e2bfaae
reloadAllAccessors: .PublisherPort6

===========================================================================================
----------------- testing Thu Oct 25 02:32:06 UTC 2018 /home/travis/build/icyphy/ptII/ptolemy/actor/lib/test/auto/PublisherPort7.xml
----------------- Instantiating /home/travis/build/icyphy/ptII/ptolemy/actor/lib/test/auto/PublisherPort7.xml
4 ms. Memory: 1532416K Free: 1021783K (67%)
----------------- Invoking toplevel() on ptolemy.moml.MoMLSimpleApplication@7c53c02c
----------------- Done invoking toplevel() on ptolemy.moml.MoMLSimpleApplication@7c53c02c
reloadAllAccessors: .PublisherPort7

===========================================================================================
----------------- testing Thu Oct 25 02:32:06 UTC 2018 /home/travis/build/icyphy/ptII/ptolemy/actor/lib/test/auto/PublisherPort8.xml
----------------- Instantiating /home/travis/build/icyphy/ptII/ptolemy/actor/lib/test/auto/PublisherPort8.xml
4 ms. Memory: 1532416K Free: 1007482K (66%)
----------------- Invoking toplevel() on ptolemy.moml.MoMLSimpleApplication@74c648c9
----------------- Done invoking toplevel() on ptolemy.moml.MoMLSimpleApplication@74c648c9
reloadAllAccessors: .PublisherPort8

===========================================================================================
----------------- testing Thu Oct 25 02:32:06 UTC 2018 /home/travis/build/icyphy/ptII/ptolemy/actor/lib/test/auto/PublisherPortSubscriberChannelVariablesAOC2.xml
----------------- Instantiating /home/travis/build/icyphy/ptII/ptolemy/actor/lib/test/auto/PublisherPortSubscriberChannelVariablesAOC2.xml
3 ms. Memory: 1532416K Free: 978850K (64%)
----------------- Invoking toplevel() on ptolemy.moml.MoMLSimpleApplication@5d09ac12
----------------- Done invoking toplevel() on ptolemy.moml.MoMLSimpleApplication@5d09ac12
reloadAllAccessors: .PublisherPortSubscriberChannelVariablesAOC2

===========================================================================================
----------------- testing Thu Oct 25 02:32:06 UTC 2018 /home/travis/build/icyphy/ptII/ptolemy/actor/lib/test/auto/PublisherPortSubscriberOpaqueWidthInference.xml
----------------- Instantiating /home/travis/build/icyphy/ptII/ptolemy/actor/lib/test/auto/PublisherPortSubscriberOpaqueWidthInference.xml
5 ms. Memory: 1532416K Free: 958293K (63%)
----------------- Invoking toplevel() on ptolemy.moml.MoMLSimpleApplication@67b18a8b
----------------- Done invoking toplevel() on ptolemy.moml.MoMLSimpleApplication@67b18a8b
reloadAllAccessors: .PublisherPortSubscriberOpaqueWidthInference

===========================================================================================
----------------- testing Thu Oct 25 02:32:06 UTC 2018 /home/travis/build/icyphy/ptII/ptolemy/actor/lib/test/auto/PublisherPortSubscriberPortAdjacent.xml
----------------- Instantiating /home/travis/build/icyphy/ptII/ptolemy/actor/lib/test/auto/PublisherPortSubscriberPortAdjacent.xml
2 ms. Memory: 1532416K Free: 943993K (62%)
----------------- Invoking toplevel() on ptolemy.moml.MoMLSimpleApplication@70f9401c
----------------- Done invoking toplevel() on ptolemy.moml.MoMLSimpleApplication@70f9401c
reloadAllAccessors: .PublisherPortSubscriberPortAdjacent

===========================================================================================
----------------- testing Thu Oct 25 02:32:06 UTC 2018 /home/travis/build/icyphy/ptII/ptolemy/actor/lib/test/auto/PublisherPortSubscriberPortExpression.xml
----------------- Instantiating /home/travis/build/icyphy/ptII/ptolemy/actor/lib/test/auto/PublisherPortSubscriberPortExpression.xml
4 ms. Memory: 1532416K Free: 923436K (60%)
----------------- Invoking toplevel() on ptolemy.moml.MoMLSimpleApplication@515365e6
----------------- Done invoking toplevel() on ptolemy.moml.MoMLSimpleApplication@515365e6
reloadAllAccessors: .PublisherPortSubscriberPortExpression

===========================================================================================
----------------- testing Thu Oct 25 02:32:06 UTC 2018 /home/travis/build/icyphy/ptII/ptolemy/actor/lib/test/auto/PublisherPortSubscriberPortOpaqueD3Reverse.xml
----------------- Instantiating /home/travis/build/icyphy/ptII/ptolemy/actor/lib/test/auto/PublisherPortSubscriberPortOpaqueD3Reverse.xml
6 ms. Memory: 1532416K Free: 909136K (59%)
----------------- Invoking toplevel() on ptolemy.moml.MoMLSimpleApplication@3391705c
----------------- Done invoking toplevel() on ptolemy.moml.MoMLSimpleApplication@3391705c
reloadAllAccessors: .PublisherPortSubscriberPortOpaqueD3Reverse

===========================================================================================
----------------- testing Thu Oct 25 02:32:06 UTC 2018 /home/travis/build/icyphy/ptII/ptolemy/actor/lib/test/auto/PublisherPortSubscriberPortOpaqueWidthInference.xml
----------------- Instantiating /home/travis/build/icyphy/ptII/ptolemy/actor/lib/test/auto/PublisherPortSubscriberPortOpaqueWidthInference.xml
4 ms. Memory: 1532416K Free: 894836K (58%)
----------------- Invoking toplevel() on ptolemy.moml.MoMLSimpleApplication@2d6f230e
----------------- Done invoking toplevel() on ptolemy.moml.MoMLSimpleApplication@2d6f230e
reloadAllAccessors: .PublisherPortSubscriberPortOpaqueWidthInference

===========================================================================================
----------------- testing Thu Oct 25 02:32:06 UTC 2018 /home/travis/build/icyphy/ptII/ptolemy/actor/lib/test/auto/PublisherPortToplevelSubscriberPortAOC.xml
----------------- Instantiating /home/travis/build/icyphy/ptII/ptolemy/actor/lib/test/auto/PublisherPortToplevelSubscriberPortAOC.xml
.PublisherPortToplevelSubscriberPortAOC.TestExceptionAttribute: initialize() was not invoked, but wrapup() was.  This is unusual, but not always a problem.  For example, exporting JNLP will do this.
1 ms. Memory: 1532416K Free: 874279K (57%)
----------------- Invoking toplevel() on ptolemy.moml.MoMLSimpleApplication@479f9adf
----------------- Done invoking toplevel() on ptolemy.moml.MoMLSimpleApplication@479f9adf
reloadAllAccessors: .PublisherPortToplevelSubscriberPortAOC

===========================================================================================
----------------- testing Thu Oct 25 02:32:06 UTC 2018 /home/travis/build/icyphy/ptII/ptolemy/actor/lib/test/auto/PublisherSubscriber.xml
----------------- Instantiating /home/travis/build/icyphy/ptII/ptolemy/actor/lib/test/auto/PublisherSubscriber.xml
3 ms. Memory: 1532416K Free: 859979K (56%)
----------------- Invoking toplevel() on ptolemy.moml.MoMLSimpleApplication@156280a5
----------------- Done invoking toplevel() on ptolemy.moml.MoMLSimpleApplication@156280a5
reloadAllAccessors: .PublisherSubscriber

===========================================================================================
----------------- testing Thu Oct 25 02:32:07 UTC 2018 /home/travis/build/icyphy/ptII/ptolemy/actor/lib/test/auto/PublisherSubscriber10.xml
----------------- Instantiating /home/travis/build/icyphy/ptII/ptolemy/actor/lib/test/auto/PublisherSubscriber10.xml
5 ms. Memory: 1532416K Free: 839422K (55%)
----------------- Invoking toplevel() on ptolemy.moml.MoMLSimpleApplication@3a8d8c51
----------------- Done invoking toplevel() on ptolemy.moml.MoMLSimpleApplication@3a8d8c51
reloadAllAccessors: .PublisherSubscriber10

===========================================================================================
----------------- testing Thu Oct 25 02:32:07 UTC 2018 /home/travis/build/icyphy/ptII/ptolemy/actor/lib/test/auto/PublisherSubscriber10InitialOutputs.xml
----------------- Instantiating /home/travis/build/icyphy/ptII/ptolemy/actor/lib/test/auto/PublisherSubscriber10InitialOutputs.xml
14 ms. Memory: 1532416K Free: 825122K (54%)
----------------- Invoking toplevel() on ptolemy.moml.MoMLSimpleApplication@59d60ed1
----------------- Done invoking toplevel() on ptolemy.moml.MoMLSimpleApplication@59d60ed1
reloadAllAccessors: .PublisherSubscriber10InitialOutputs

===========================================================================================
----------------- testing Thu Oct 25 02:32:07 UTC 2018 /home/travis/build/icyphy/ptII/ptolemy/actor/lib/test/auto/PublisherSubscriber11.xml
----------------- Instantiating /home/travis/build/icyphy/ptII/ptolemy/actor/lib/test/auto/PublisherSubscriber11.xml
2 ms. Memory: 1532416K Free: 810822K (53%)
----------------- Invoking toplevel() on ptolemy.moml.MoMLSimpleApplication@2be8629c
----------------- Done invoking toplevel() on ptolemy.moml.MoMLSimpleApplication@2be8629c
reloadAllAccessors: .PublisherSubscriber11

===========================================================================================
----------------- testing Thu Oct 25 02:32:07 UTC 2018 /home/travis/build/icyphy/ptII/ptolemy/actor/lib/test/auto/PublisherSubscriber12.xml
----------------- Instantiating /home/travis/build/icyphy/ptII/ptolemy/actor/lib/test/auto/PublisherSubscriber12.xml
2 ms. Memory: 1532416K Free: 790265K (52%)
----------------- Invoking toplevel() on ptolemy.moml.MoMLSimpleApplication@166bcf41
----------------- Done invoking toplevel() on ptolemy.moml.MoMLSimpleApplication@166bcf41
reloadAllAccessors: .PublisherSubscriber12

===========================================================================================
----------------- testing Thu Oct 25 02:32:07 UTC 2018 /home/travis/build/icyphy/ptII/ptolemy/actor/lib/test/auto/PublisherSubscriber13.xml
----------------- Instantiating /home/travis/build/icyphy/ptII/ptolemy/actor/lib/test/auto/PublisherSubscriber13.xml
2 ms. Memory: 1532416K Free: 775965K (51%)
----------------- Invoking toplevel() on ptolemy.moml.MoMLSimpleApplication@42cab79b
----------------- Done invoking toplevel() on ptolemy.moml.MoMLSimpleApplication@42cab79b
reloadAllAccessors: .PublisherSubscriber13

===========================================================================================
----------------- testing Thu Oct 25 02:32:07 UTC 2018 /home/travis/build/icyphy/ptII/ptolemy/actor/lib/test/auto/PublisherSubscriber14.xml
----------------- Instantiating /home/travis/build/icyphy/ptII/ptolemy/actor/lib/test/auto/PublisherSubscriber14.xml
1 ms. Memory: 1532416K Free: 761665K (50%)
----------------- Invoking toplevel() on ptolemy.moml.MoMLSimpleApplication@7c14426a
----------------- Done invoking toplevel() on ptolemy.moml.MoMLSimpleApplication@7c14426a
reloadAllAccessors: .PublisherSubscriber14

===========================================================================================
----------------- testing Thu Oct 25 02:32:07 UTC 2018 /home/travis/build/icyphy/ptII/ptolemy/actor/lib/test/auto/PublisherSubscriber2.xml
----------------- Instantiating /home/travis/build/icyphy/ptII/ptolemy/actor/lib/test/auto/PublisherSubscriber2.xml
2 ms. Memory: 1532416K Free: 741108K (48%)
----------------- Invoking toplevel() on ptolemy.moml.MoMLSimpleApplication@4b9402cd
----------------- Done invoking toplevel() on ptolemy.moml.MoMLSimpleApplication@4b9402cd
reloadAllAccessors: .PublisherSubscriber2

===========================================================================================
----------------- testing Thu Oct 25 02:32:07 UTC 2018 /home/travis/build/icyphy/ptII/ptolemy/actor/lib/test/auto/PublisherSubscriber3.xml
----------------- Instantiating /home/travis/build/icyphy/ptII/ptolemy/actor/lib/test/auto/PublisherSubscriber3.xml
2 ms. Memory: 1532416K Free: 726808K (47%)
----------------- Invoking toplevel() on ptolemy.moml.MoMLSimpleApplication@3a60c2f
----------------- Done invoking toplevel() on ptolemy.moml.MoMLSimpleApplication@3a60c2f
reloadAllAccessors: .PublisherSubscriber3

===========================================================================================
----------------- testing Thu Oct 25 02:32:07 UTC 2018 /home/travis/build/icyphy/ptII/ptolemy/actor/lib/test/auto/PublisherSubscriber4.xml
----------------- Instantiating /home/travis/build/icyphy/ptII/ptolemy/actor/lib/test/auto/PublisherSubscriber4.xml
1 ms. Memory: 1532416K Free: 706252K (46%)
----------------- Invoking toplevel() on ptolemy.moml.MoMLSimpleApplication@c21e58d
----------------- Done invoking toplevel() on ptolemy.moml.MoMLSimpleApplication@c21e58d
reloadAllAccessors: .PublisherSubscriber4

===========================================================================================
----------------- testing Thu Oct 25 02:32:07 UTC 2018 /home/travis/build/icyphy/ptII/ptolemy/actor/lib/test/auto/PublisherSubscriber5.xml
----------------- Instantiating /home/travis/build/icyphy/ptII/ptolemy/actor/lib/test/auto/PublisherSubscriber5.xml
2 ms. Memory: 1532416K Free: 691951K (45%)
----------------- Invoking toplevel() on ptolemy.moml.MoMLSimpleApplication@3b474c13
----------------- Done invoking toplevel() on ptolemy.moml.MoMLSimpleApplication@3b474c13
reloadAllAccessors: .PublisherSubscriber5

===========================================================================================
----------------- testing Thu Oct 25 02:32:07 UTC 2018 /home/travis/build/icyphy/ptII/ptolemy/actor/lib/test/auto/PublisherSubscriber6.xml
----------------- Instantiating /home/travis/build/icyphy/ptII/ptolemy/actor/lib/test/auto/PublisherSubscriber6.xml
2 ms. Memory: 1532416K Free: 677651K (44%)
----------------- Invoking toplevel() on ptolemy.moml.MoMLSimpleApplication@5d9a8b58
----------------- Done invoking toplevel() on ptolemy.moml.MoMLSimpleApplication@5d9a8b58
reloadAllAccessors: .PublisherSubscriber6

===========================================================================================
----------------- testing Thu Oct 25 02:32:07 UTC 2018 /home/travis/build/icyphy/ptII/ptolemy/actor/lib/test/auto/PublisherSubscriber7.xml
----------------- Instantiating /home/travis/build/icyphy/ptII/ptolemy/actor/lib/test/auto/PublisherSubscriber7.xml
2 ms. Memory: 1532416K Free: 657094K (43%)
----------------- Invoking toplevel() on ptolemy.moml.MoMLSimpleApplication@74dbcd14
----------------- Done invoking toplevel() on ptolemy.moml.MoMLSimpleApplication@74dbcd14
reloadAllAccessors: .PublisherSubscriber7

===========================================================================================
----------------- testing Thu Oct 25 02:32:07 UTC 2018 /home/travis/build/icyphy/ptII/ptolemy/actor/lib/test/auto/PublisherSubscriber8.xml
----------------- Instantiating /home/travis/build/icyphy/ptII/ptolemy/actor/lib/test/auto/PublisherSubscriber8.xml
10 ms. Memory: 1532416K Free: 571293K (37%)
----------------- Invoking toplevel() on ptolemy.moml.MoMLSimpleApplication@1c593b4d
----------------- Done invoking toplevel() on ptolemy.moml.MoMLSimpleApplication@1c593b4d
reloadAllAccessors: .PublisherSubscriber8

===========================================================================================
----------------- testing Thu Oct 25 02:32:07 UTC 2018 /home/travis/build/icyphy/ptII/ptolemy/actor/lib/test/auto/PublisherSubscriber9.xml
----------------- Instantiating /home/travis/build/icyphy/ptII/ptolemy/actor/lib/test/auto/PublisherSubscriber9.xml
3 ms. Memory: 1532416K Free: 550736K (36%)
----------------- Invoking toplevel() on ptolemy.moml.MoMLSimpleApplication@165847cd
----------------- Done invoking toplevel() on ptolemy.moml.MoMLSimpleApplication@165847cd
reloadAllAccessors: .PublisherSubscriber9

===========================================================================================
----------------- testing Thu Oct 25 02:32:07 UTC 2018 /home/travis/build/icyphy/ptII/ptolemy/actor/lib/test/auto/PublisherSubscriberAdjacent.xml
----------------- Instantiating /home/travis/build/icyphy/ptII/ptolemy/actor/lib/test/auto/PublisherSubscriberAdjacent.xml
2 ms. Memory: 1532416K Free: 536436K (35%)
----------------- Invoking toplevel() on ptolemy.moml.MoMLSimpleApplication@442ef0ce
----------------- Done invoking toplevel() on ptolemy.moml.MoMLSimpleApplication@442ef0ce
reloadAllAccessors: .PublisherSubscriberAdjacent

===========================================================================================
----------------- testing Thu Oct 25 02:32:07 UTC 2018 /home/travis/build/icyphy/ptII/ptolemy/actor/lib/test/auto/PublisherSubscriberChannelVariablesAOC2.xml
----------------- Instantiating /home/travis/build/icyphy/ptII/ptolemy/actor/lib/test/auto/PublisherSubscriberChannelVariablesAOC2.xml
3 ms. Memory: 1532416K Free: 514970K (34%)
----------------- Invoking toplevel() on ptolemy.moml.MoMLSimpleApplication@5513b77b
----------------- Done invoking toplevel() on ptolemy.moml.MoMLSimpleApplication@5513b77b
reloadAllAccessors: .PublisherSubscriberChannelVariablesAOC2

===========================================================================================
----------------- testing Thu Oct 25 02:32:07 UTC 2018 /home/travis/build/icyphy/ptII/ptolemy/actor/lib/test/auto/PublisherSubscriberD3.xml
----------------- Instantiating /home/travis/build/icyphy/ptII/ptolemy/actor/lib/test/auto/PublisherSubscriberD3.xml
2 ms. Memory: 1532416K Free: 494413K (32%)
----------------- Invoking toplevel() on ptolemy.moml.MoMLSimpleApplication@51d4aa65
----------------- Done invoking toplevel() on ptolemy.moml.MoMLSimpleApplication@51d4aa65
reloadAllAccessors: .PublisherSubscriberD3

===========================================================================================
----------------- testing Thu Oct 25 02:32:07 UTC 2018 /home/travis/build/icyphy/ptII/ptolemy/actor/lib/test/auto/PublisherSubscriberD3Reverse.xml
----------------- Instantiating /home/travis/build/icyphy/ptII/ptolemy/actor/lib/test/auto/PublisherSubscriberD3Reverse.xml
2 ms. Memory: 1532416K Free: 480113K (31%)
----------------- Invoking toplevel() on ptolemy.moml.MoMLSimpleApplication@39df675e
----------------- Done invoking toplevel() on ptolemy.moml.MoMLSimpleApplication@39df675e
reloadAllAccessors: .PublisherSubscriberD3Reverse

===========================================================================================
----------------- testing Thu Oct 25 02:32:07 UTC 2018 /home/travis/build/icyphy/ptII/ptolemy/actor/lib/test/auto/PublisherSubscriberExpression.xml
----------------- Instantiating /home/travis/build/icyphy/ptII/ptolemy/actor/lib/test/auto/PublisherSubscriberExpression.xml
3 ms. Memory: 1532416K Free: 465813K (30%)
----------------- Invoking toplevel() on ptolemy.moml.MoMLSimpleApplication@38b8372e
----------------- Done invoking toplevel() on ptolemy.moml.MoMLSimpleApplication@38b8372e
reloadAllAccessors: .PublisherSubscriberExpression

===========================================================================================
----------------- testing Thu Oct 25 02:32:07 UTC 2018 /home/travis/build/icyphy/ptII/ptolemy/actor/lib/test/auto/PublisherSubscriberOpaque.xml
----------------- Instantiating /home/travis/build/icyphy/ptII/ptolemy/actor/lib/test/auto/PublisherSubscriberOpaque.xml
4 ms. Memory: 1532416K Free: 445256K (29%)
----------------- Invoking toplevel() on ptolemy.moml.MoMLSimpleApplication@168bb21f
----------------- Done invoking toplevel() on ptolemy.moml.MoMLSimpleApplication@168bb21f
reloadAllAccessors: .PublisherSubscriberOpaque

===========================================================================================
----------------- testing Thu Oct 25 02:32:07 UTC 2018 /home/travis/build/icyphy/ptII/ptolemy/actor/lib/test/auto/PublisherSubscriberOpaqueD3.xml
----------------- Instantiating /home/travis/build/icyphy/ptII/ptolemy/actor/lib/test/auto/PublisherSubscriberOpaqueD3.xml
5 ms. Memory: 1532416K Free: 423790K (28%)
----------------- Invoking toplevel() on ptolemy.moml.MoMLSimpleApplication@d3610a3
----------------- Done invoking toplevel() on ptolemy.moml.MoMLSimpleApplication@d3610a3
reloadAllAccessors: .PublisherSubscriberOpaqueD3

===========================================================================================
----------------- testing Thu Oct 25 02:32:07 UTC 2018 /home/travis/build/icyphy/ptII/ptolemy/actor/lib/test/auto/PublisherSubscriberOpaqueD3Reverse.xml
----------------- Instantiating /home/travis/build/icyphy/ptII/ptolemy/actor/lib/test/auto/PublisherSubscriberOpaqueD3Reverse.xml
6 ms. Memory: 1532416K Free: 403233K (26%)
----------------- Invoking toplevel() on ptolemy.moml.MoMLSimpleApplication@65a99a83
----------------- Done invoking toplevel() on ptolemy.moml.MoMLSimpleApplication@65a99a83
reloadAllAccessors: .PublisherSubscriberOpaqueD3Reverse

===========================================================================================
----------------- testing Thu Oct 25 02:32:07 UTC 2018 /home/travis/build/icyphy/ptII/ptolemy/actor/lib/test/auto/PublisherSubscriberOpaqueWidthInference.xml
----------------- Instantiating /home/travis/build/icyphy/ptII/ptolemy/actor/lib/test/auto/PublisherSubscriberOpaqueWidthInference.xml
4 ms. Memory: 1532416K Free: 388933K (25%)
----------------- Invoking toplevel() on ptolemy.moml.MoMLSimpleApplication@26312ed4
----------------- Done invoking toplevel() on ptolemy.moml.MoMLSimpleApplication@26312ed4
reloadAllAccessors: .PublisherSubscriberOpaqueWidthInference

===========================================================================================
----------------- testing Thu Oct 25 02:32:07 UTC 2018 /home/travis/build/icyphy/ptII/ptolemy/actor/lib/test/auto/PublisherTestSubscriber.xml
----------------- Instantiating /home/travis/build/icyphy/ptII/ptolemy/actor/lib/test/auto/PublisherTestSubscriber.xml
3 ms. Memory: 1532416K Free: 374633K (24%)
----------------- Invoking toplevel() on ptolemy.moml.MoMLSimpleApplication@3b77e87f
----------------- Done invoking toplevel() on ptolemy.moml.MoMLSimpleApplication@3b77e87f
reloadAllAccessors: .PublisherTestSubscriber

===========================================================================================
----------------- testing Thu Oct 25 02:32:07 UTC 2018 /home/travis/build/icyphy/ptII/ptolemy/actor/lib/test/auto/PublisherToplevelSubscriberPortAOC.xml
----------------- Instantiating /home/travis/build/icyphy/ptII/ptolemy/actor/lib/test/auto/PublisherToplevelSubscriberPortAOC.xml
2 ms. Memory: 1532416K Free: 354076K (23%)
----------------- Invoking toplevel() on ptolemy.moml.MoMLSimpleApplication@6272d0fc
----------------- Done invoking toplevel() on ptolemy.moml.MoMLSimpleApplication@6272d0fc
reloadAllAccessors: .PublisherToplevelSubscriberPortAOC

===========================================================================================
----------------- testing Thu Oct 25 02:32:07 UTC 2018 /home/travis/build/icyphy/ptII/ptolemy/actor/lib/test/auto/PulseFiringLimitDE.xml
----------------- Instantiating /home/travis/build/icyphy/ptII/ptolemy/actor/lib/test/auto/PulseFiringLimitDE.xml
2 ms. Memory: 1532416K Free: 339776K (22%)
----------------- Invoking toplevel() on ptolemy.moml.MoMLSimpleApplication@4cb79ce5
----------------- Done invoking toplevel() on ptolemy.moml.MoMLSimpleApplication@4cb79ce5
reloadAllAccessors: .PulseFiringLimitDE

===========================================================================================
----------------- testing Thu Oct 25 02:32:07 UTC 2018 /home/travis/build/icyphy/ptII/ptolemy/actor/lib/test/auto/Ramp1.xml
----------------- Instantiating /home/travis/build/icyphy/ptII/ptolemy/actor/lib/test/auto/Ramp1.xml
2 ms. Memory: 1532416K Free: 319219K (21%)
----------------- Invoking toplevel() on ptolemy.moml.MoMLSimpleApplication@249653f4
----------------- Done invoking toplevel() on ptolemy.moml.MoMLSimpleApplication@249653f4
reloadAllAccessors: .Ramp1

===========================================================================================
----------------- testing Thu Oct 25 02:32:07 UTC 2018 /home/travis/build/icyphy/ptII/ptolemy/actor/lib/test/auto/RampFiringLimitDE.xml
----------------- Instantiating /home/travis/build/icyphy/ptII/ptolemy/actor/lib/test/auto/RampFiringLimitDE.xml
2 ms. Memory: 1532416K Free: 304919K (20%)
----------------- Invoking toplevel() on ptolemy.moml.MoMLSimpleApplication@3f096965
----------------- Done invoking toplevel() on ptolemy.moml.MoMLSimpleApplication@3f096965
reloadAllAccessors: .RampFiringLimitDE

===========================================================================================
----------------- testing Thu Oct 25 02:32:07 UTC 2018 /home/travis/build/icyphy/ptII/ptolemy/actor/lib/test/auto/RampFiringLimitSDF.xml
----------------- Instantiating /home/travis/build/icyphy/ptII/ptolemy/actor/lib/test/auto/RampFiringLimitSDF.xml
2 ms. Memory: 1532416K Free: 290619K (19%)
----------------- Invoking toplevel() on ptolemy.moml.MoMLSimpleApplication@1d0c84db
----------------- Done invoking toplevel() on ptolemy.moml.MoMLSimpleApplication@1d0c84db
reloadAllAccessors: .RampFiringLimitSDF

===========================================================================================
----------------- testing Thu Oct 25 02:32:07 UTC 2018 /home/travis/build/icyphy/ptII/ptolemy/actor/lib/test/auto/RandomInteger.xml
----------------- Instantiating /home/travis/build/icyphy/ptII/ptolemy/actor/lib/test/auto/RandomInteger.xml
2 ms. Memory: 1532416K Free: 270062K (18%)
----------------- Invoking toplevel() on ptolemy.moml.MoMLSimpleApplication@7a7a17a4
----------------- Done invoking toplevel() on ptolemy.moml.MoMLSimpleApplication@7a7a17a4
reloadAllAccessors: .RandomInteger

===========================================================================================
----------------- testing Thu Oct 25 02:32:07 UTC 2018 /home/travis/build/icyphy/ptII/ptolemy/actor/lib/test/auto/ReadFile1.xml
----------------- Instantiating /home/travis/build/icyphy/ptII/ptolemy/actor/lib/test/auto/ReadFile1.xml
2 ms. Memory: 1532416K Free: 255762K (17%)
----------------- Invoking toplevel() on ptolemy.moml.MoMLSimpleApplication@3a9d7de7
----------------- Done invoking toplevel() on ptolemy.moml.MoMLSimpleApplication@3a9d7de7
reloadAllAccessors: .ReadFile1

===========================================================================================
----------------- testing Thu Oct 25 02:32:07 UTC 2018 /home/travis/build/icyphy/ptII/ptolemy/actor/lib/test/auto/ReadFile2.xml
----------------- Instantiating /home/travis/build/icyphy/ptII/ptolemy/actor/lib/test/auto/ReadFile2.xml
2 ms. Memory: 1532416K Free: 235205K (15%)
----------------- Invoking toplevel() on ptolemy.moml.MoMLSimpleApplication@78ed4b26
----------------- Done invoking toplevel() on ptolemy.moml.MoMLSimpleApplication@78ed4b26
reloadAllAccessors: .ReadFile2

===========================================================================================
----------------- testing Thu Oct 25 02:32:07 UTC 2018 /home/travis/build/icyphy/ptII/ptolemy/actor/lib/test/auto/Reader.xml
----------------- Instantiating /home/travis/build/icyphy/ptII/ptolemy/actor/lib/test/auto/Reader.xml
actor.lib.Reader is obsolete, use actor.lib.io.ExpressionReader instead
6 ms. Memory: 1532416K Free: 220905K (14%)
----------------- Invoking toplevel() on ptolemy.moml.MoMLSimpleApplication@3ef150ad
----------------- Done invoking toplevel() on ptolemy.moml.MoMLSimpleApplication@3ef150ad
reloadAllAccessors: .Reader

===========================================================================================
----------------- testing Thu Oct 25 02:32:07 UTC 2018 /home/travis/build/icyphy/ptII/ptolemy/actor/lib/test/auto/RecordAssemblerDisplayNameTest.xml
----------------- Instantiating /home/travis/build/icyphy/ptII/ptolemy/actor/lib/test/auto/RecordAssemblerDisplayNameTest.xml
4032 ms. Memory: 1563648K Free: 403182K (26%)
----------------- Invoking toplevel() on ptolemy.moml.MoMLSimpleApplication@246eef55
----------------- Done invoking toplevel() on ptolemy.moml.MoMLSimpleApplication@246eef55
reloadAllAccessors: .RecordAssemblerDisplayNameTest

===========================================================================================
----------------- testing Thu Oct 25 02:32:11 UTC 2018 /home/travis/build/icyphy/ptII/ptolemy/actor/lib/test/auto/RecordAssemblerTypeError.xml
----------------- Instantiating /home/travis/build/icyphy/ptII/ptolemy/actor/lib/test/auto/RecordAssemblerTypeError.xml
8 ms. Memory: 1563648K Free: 372674K (24%)
----------------- Invoking toplevel() on ptolemy.moml.MoMLSimpleApplication@293c7999
----------------- Done invoking toplevel() on ptolemy.moml.MoMLSimpleApplication@293c7999
reloadAllAccessors: .RecordAssemblerTypeError

===========================================================================================
----------------- testing Thu Oct 25 02:32:11 UTC 2018 /home/travis/build/icyphy/ptII/ptolemy/actor/lib/test/auto/RecordDisassember.xml
----------------- Instantiating /home/travis/build/icyphy/ptII/ptolemy/actor/lib/test/auto/RecordDisassember.xml
4 ms. Memory: 1563648K Free: 358251K (23%)
----------------- Invoking toplevel() on ptolemy.moml.MoMLSimpleApplication@1f1ea89d
----------------- Done invoking toplevel() on ptolemy.moml.MoMLSimpleApplication@1f1ea89d
reloadAllAccessors: .RecordDisassember

===========================================================================================
----------------- testing Thu Oct 25 02:32:11 UTC 2018 /home/travis/build/icyphy/ptII/ptolemy/actor/lib/test/auto/RecordDisassemberDisplayNameTest.xml
----------------- Instantiating /home/travis/build/icyphy/ptII/ptolemy/actor/lib/test/auto/RecordDisassemberDisplayNameTest.xml
4 ms. Memory: 1563648K Free: 338596K (22%)
----------------- Invoking toplevel() on ptolemy.moml.MoMLSimpleApplication@26060cee
----------------- Done invoking toplevel() on ptolemy.moml.MoMLSimpleApplication@26060cee
reloadAllAccessors: .RecordDisassemberDisplayNameTest

===========================================================================================
----------------- testing Thu Oct 25 02:32:11 UTC 2018 /home/travis/build/icyphy/ptII/ptolemy/actor/lib/test/auto/RecordDisassembler.xml
----------------- Instantiating /home/travis/build/icyphy/ptII/ptolemy/actor/lib/test/auto/RecordDisassembler.xml
2 ms. Memory: 1563648K Free: 324173K (21%)
----------------- Invoking toplevel() on ptolemy.moml.MoMLSimpleApplication@709a9ab6
----------------- Done invoking toplevel() on ptolemy.moml.MoMLSimpleApplication@709a9ab6
reloadAllAccessors: .RecordDisassembler

===========================================================================================
----------------- testing Thu Oct 25 02:32:11 UTC 2018 /home/travis/build/icyphy/ptII/ptolemy/actor/lib/test/auto/RecordDisassembler2.xml
----------------- Instantiating /home/travis/build/icyphy/ptII/ptolemy/actor/lib/test/auto/RecordDisassembler2.xml
2 ms. Memory: 1563648K Free: 304517K (19%)
----------------- Invoking toplevel() on ptolemy.moml.MoMLSimpleApplication@7681d226
----------------- Done invoking toplevel() on ptolemy.moml.MoMLSimpleApplication@7681d226
reloadAllAccessors: .RecordDisassembler2

===========================================================================================
----------------- testing Thu Oct 25 02:32:11 UTC 2018 /home/travis/build/icyphy/ptII/ptolemy/actor/lib/test/auto/RecordUpdater.xml
----------------- Instantiating /home/travis/build/icyphy/ptII/ptolemy/actor/lib/test/auto/RecordUpdater.xml
2 ms. Memory: 1563648K Free: 290094K (19%)
----------------- Invoking toplevel() on ptolemy.moml.MoMLSimpleApplication@5969fa63
----------------- Done invoking toplevel() on ptolemy.moml.MoMLSimpleApplication@5969fa63
reloadAllAccessors: .RecordUpdater

===========================================================================================
----------------- testing Thu Oct 25 02:32:11 UTC 2018 /home/travis/build/icyphy/ptII/ptolemy/actor/lib/test/auto/RecordUpdater2.xml
----------------- Instantiating /home/travis/build/icyphy/ptII/ptolemy/actor/lib/test/auto/RecordUpdater2.xml
2 ms. Memory: 1563648K Free: 270439K (17%)
----------------- Invoking toplevel() on ptolemy.moml.MoMLSimpleApplication@57f046f6
----------------- Done invoking toplevel() on ptolemy.moml.MoMLSimpleApplication@57f046f6
reloadAllAccessors: .RecordUpdater2

===========================================================================================
----------------- testing Thu Oct 25 02:32:11 UTC 2018 /home/travis/build/icyphy/ptII/ptolemy/actor/lib/test/auto/RecursiveLattice.xml
----------------- Instantiating /home/travis/build/icyphy/ptII/ptolemy/actor/lib/test/auto/RecursiveLattice.xml
1 ms. Memory: 1563648K Free: 256016K (16%)
----------------- Invoking toplevel() on ptolemy.moml.MoMLSimpleApplication@3a41a2dc
----------------- Done invoking toplevel() on ptolemy.moml.MoMLSimpleApplication@3a41a2dc
reloadAllAccessors: .RecursiveLattice

===========================================================================================
----------------- testing Thu Oct 25 02:32:11 UTC 2018 /home/travis/build/icyphy/ptII/ptolemy/actor/lib/test/auto/Router.xml
----------------- Instantiating /home/travis/build/icyphy/ptII/ptolemy/actor/lib/test/auto/Router.xml
3004 ms. Memory: 1563648K Free: 236360K (15%)
----------------- Invoking toplevel() on ptolemy.moml.MoMLSimpleApplication@3b15878b
----------------- Done invoking toplevel() on ptolemy.moml.MoMLSimpleApplication@3b15878b
reloadAllAccessors: .Router

===========================================================================================
----------------- testing Thu Oct 25 02:32:14 UTC 2018 /home/travis/build/icyphy/ptII/ptolemy/actor/lib/test/auto/Router2.xml
----------------- Instantiating /home/travis/build/icyphy/ptII/ptolemy/actor/lib/test/auto/Router2.xml
3003 ms. Memory: 1563648K Free: 221937K (14%)
----------------- Invoking toplevel() on ptolemy.moml.MoMLSimpleApplication@2413bc31
----------------- Done invoking toplevel() on ptolemy.moml.MoMLSimpleApplication@2413bc31
reloadAllAccessors: .Router2

===========================================================================================
----------------- testing Thu Oct 25 02:32:18 UTC 2018 /home/travis/build/icyphy/ptII/ptolemy/actor/lib/test/auto/RunningMaximum.xml
----------------- Instantiating /home/travis/build/icyphy/ptII/ptolemy/actor/lib/test/auto/RunningMaximum.xml
2 ms. Memory: 1563648K Free: 202281K (13%)
----------------- Invoking toplevel() on ptolemy.moml.MoMLSimpleApplication@76f12b7c
----------------- Done invoking toplevel() on ptolemy.moml.MoMLSimpleApplication@76f12b7c
reloadAllAccessors: .RunningMaximum

===========================================================================================
----------------- testing Thu Oct 25 02:32:18 UTC 2018 /home/travis/build/icyphy/ptII/ptolemy/actor/lib/test/auto/RunningMinimum.xml
----------------- Instantiating /home/travis/build/icyphy/ptII/ptolemy/actor/lib/test/auto/RunningMinimum.xml
1 ms. Memory: 1563648K Free: 187858K (12%)
----------------- Invoking toplevel() on ptolemy.moml.MoMLSimpleApplication@639132b
----------------- Done invoking toplevel() on ptolemy.moml.MoMLSimpleApplication@639132b
reloadAllAccessors: .RunningMinimum

===========================================================================================
----------------- testing Thu Oct 25 02:32:18 UTC 2018 /home/travis/build/icyphy/ptII/ptolemy/actor/lib/test/auto/Scale.xml
----------------- Instantiating /home/travis/build/icyphy/ptII/ptolemy/actor/lib/test/auto/Scale.xml
2 ms. Memory: 1563648K Free: 168202K (11%)
----------------- Invoking toplevel() on ptolemy.moml.MoMLSimpleApplication@25aa23b9
----------------- Done invoking toplevel() on ptolemy.moml.MoMLSimpleApplication@25aa23b9
reloadAllAccessors: .Scale

===========================================================================================
----------------- testing Thu Oct 25 02:32:18 UTC 2018 /home/travis/build/icyphy/ptII/ptolemy/actor/lib/test/auto/Scale2.xml
----------------- Instantiating /home/travis/build/icyphy/ptII/ptolemy/actor/lib/test/auto/Scale2.xml
1 ms. Memory: 1563648K Free: 153779K (10%)
----------------- Invoking toplevel() on ptolemy.moml.MoMLSimpleApplication@4451be94
----------------- Done invoking toplevel() on ptolemy.moml.MoMLSimpleApplication@4451be94
reloadAllAccessors: .Scale2

===========================================================================================
----------------- testing Thu Oct 25 02:32:18 UTC 2018 /home/travis/build/icyphy/ptII/ptolemy/actor/lib/test/auto/Scale3.xml
----------------- Instantiating /home/travis/build/icyphy/ptII/ptolemy/actor/lib/test/auto/Scale3.xml
3 ms. Memory: 1563648K Free: 134124K (9%)
----------------- Invoking toplevel() on ptolemy.moml.MoMLSimpleApplication@6d2da678
----------------- Done invoking toplevel() on ptolemy.moml.MoMLSimpleApplication@6d2da678
reloadAllAccessors: .Scale3

===========================================================================================
----------------- testing Thu Oct 25 02:32:18 UTC 2018 /home/travis/build/icyphy/ptII/ptolemy/actor/lib/test/auto/ScaleArray.xml
----------------- Instantiating /home/travis/build/icyphy/ptII/ptolemy/actor/lib/test/auto/ScaleArray.xml
1 ms. Memory: 1563648K Free: 119701K (8%)
----------------- Invoking toplevel() on ptolemy.moml.MoMLSimpleApplication@1d66d127
----------------- Done invoking toplevel() on ptolemy.moml.MoMLSimpleApplication@1d66d127
reloadAllAccessors: .ScaleArray

===========================================================================================
----------------- testing Thu Oct 25 02:32:18 UTC 2018 /home/travis/build/icyphy/ptII/ptolemy/actor/lib/test/auto/ScaleArray2.xml
----------------- Instantiating /home/travis/build/icyphy/ptII/ptolemy/actor/lib/test/auto/ScaleArray2.xml
1 ms. Memory: 1563648K Free: 100045K (6%)
----------------- Invoking toplevel() on ptolemy.moml.MoMLSimpleApplication@40a128a9
----------------- Done invoking toplevel() on ptolemy.moml.MoMLSimpleApplication@40a128a9
reloadAllAccessors: .ScaleArray2

===========================================================================================
----------------- testing Thu Oct 25 02:32:18 UTC 2018 /home/travis/build/icyphy/ptII/ptolemy/actor/lib/test/auto/ScaleMatrix.xml
----------------- Instantiating /home/travis/build/icyphy/ptII/ptolemy/actor/lib/test/auto/ScaleMatrix.xml
101 ms. Memory: 1563648K Free: 80628K (5%)
----------------- Invoking toplevel() on ptolemy.moml.MoMLSimpleApplication@2e4f157
----------------- Done invoking toplevel() on ptolemy.moml.MoMLSimpleApplication@2e4f157
reloadAllAccessors: .ScaleMatrix

===========================================================================================
----------------- testing Thu Oct 25 02:32:18 UTC 2018 /home/travis/build/icyphy/ptII/ptolemy/actor/lib/test/auto/Select.xml
----------------- Instantiating /home/travis/build/icyphy/ptII/ptolemy/actor/lib/test/auto/Select.xml
2 ms. Memory: 1686528K Free: 1633975K (97%)
----------------- Invoking toplevel() on ptolemy.moml.MoMLSimpleApplication@589bbe97
----------------- Done invoking toplevel() on ptolemy.moml.MoMLSimpleApplication@589bbe97
reloadAllAccessors: .Select

===========================================================================================
----------------- testing Thu Oct 25 02:32:18 UTC 2018 /home/travis/build/icyphy/ptII/ptolemy/actor/lib/test/auto/Select2.xml
----------------- Instantiating /home/travis/build/icyphy/ptII/ptolemy/actor/lib/test/auto/Select2.xml
1 ms. Memory: 1686528K Free: 1614041K (96%)
----------------- Invoking toplevel() on ptolemy.moml.MoMLSimpleApplication@15f99b8a
----------------- Done invoking toplevel() on ptolemy.moml.MoMLSimpleApplication@15f99b8a
reloadAllAccessors: .Select2

===========================================================================================
----------------- testing Thu Oct 25 02:32:18 UTC 2018 /home/travis/build/icyphy/ptII/ptolemy/actor/lib/test/auto/SequenceToArray2.xml
----------------- Instantiating /home/travis/build/icyphy/ptII/ptolemy/actor/lib/test/auto/SequenceToArray2.xml
69 ms. Memory: 1686528K Free: 1514885K (90%)
----------------- Invoking toplevel() on ptolemy.moml.MoMLSimpleApplication@39a5105a
----------------- Done invoking toplevel() on ptolemy.moml.MoMLSimpleApplication@39a5105a
reloadAllAccessors: .SequenceToArray2

===========================================================================================
----------------- testing Thu Oct 25 02:32:18 UTC 2018 /home/travis/build/icyphy/ptII/ptolemy/actor/lib/test/auto/SequentialClock.xml
----------------- Instantiating /home/travis/build/icyphy/ptII/ptolemy/actor/lib/test/auto/SequentialClock.xml
1 ms. Memory: 1686528K Free: 1499049K (89%)
----------------- Invoking toplevel() on ptolemy.moml.MoMLSimpleApplication@404474a6
----------------- Done invoking toplevel() on ptolemy.moml.MoMLSimpleApplication@404474a6
reloadAllAccessors: .SequentialClock

===========================================================================================
----------------- testing Thu Oct 25 02:32:18 UTC 2018 /home/travis/build/icyphy/ptII/ptolemy/actor/lib/test/auto/SetVariable.xml
----------------- Instantiating /home/travis/build/icyphy/ptII/ptolemy/actor/lib/test/auto/SetVariable.xml
3 ms. Memory: 1686528K Free: 1479114K (88%)
----------------- Invoking toplevel() on ptolemy.moml.MoMLSimpleApplication@19b5ce5b
----------------- Done invoking toplevel() on ptolemy.moml.MoMLSimpleApplication@19b5ce5b
reloadAllAccessors: .SetVariable

===========================================================================================
----------------- testing Thu Oct 25 02:32:18 UTC 2018 /home/travis/build/icyphy/ptII/ptolemy/actor/lib/test/auto/SetVariable2.xml
----------------- Instantiating /home/travis/build/icyphy/ptII/ptolemy/actor/lib/test/auto/SetVariable2.xml
4 ms. Memory: 1686528K Free: 1459180K (87%)
----------------- Invoking toplevel() on ptolemy.moml.MoMLSimpleApplication@41f388a7
----------------- Done invoking toplevel() on ptolemy.moml.MoMLSimpleApplication@41f388a7
reloadAllAccessors: .SetVariable2

===========================================================================================
----------------- testing Thu Oct 25 02:32:18 UTC 2018 /home/travis/build/icyphy/ptII/ptolemy/actor/lib/test/auto/SetVariable3.xml
----------------- Instantiating /home/travis/build/icyphy/ptII/ptolemy/actor/lib/test/auto/SetVariable3.xml
5 ms. Memory: 1686528K Free: 1443344K (86%)
----------------- Invoking toplevel() on ptolemy.moml.MoMLSimpleApplication@fbee07f
----------------- Done invoking toplevel() on ptolemy.moml.MoMLSimpleApplication@fbee07f
reloadAllAccessors: .SetVariable3

===========================================================================================
----------------- testing Thu Oct 25 02:32:18 UTC 2018 /home/travis/build/icyphy/ptII/ptolemy/actor/lib/test/auto/SetVariable4.xml
----------------- Instantiating /home/travis/build/icyphy/ptII/ptolemy/actor/lib/test/auto/SetVariable4.xml
15 ms. Memory: 1686528K Free: 1367983K (81%)
----------------- Invoking toplevel() on ptolemy.moml.MoMLSimpleApplication@5bc8a5dc
----------------- Done invoking toplevel() on ptolemy.moml.MoMLSimpleApplication@5bc8a5dc
reloadAllAccessors: .SetVariable4

===========================================================================================
----------------- testing Thu Oct 25 02:32:18 UTC 2018 /home/travis/build/icyphy/ptII/ptolemy/actor/lib/test/auto/SetVariable5.xml
----------------- Instantiating /home/travis/build/icyphy/ptII/ptolemy/actor/lib/test/auto/SetVariable5.xml
17 ms. Memory: 1686528K Free: 1352147K (80%)
----------------- Invoking toplevel() on ptolemy.moml.MoMLSimpleApplication@75dd8589
----------------- Done invoking toplevel() on ptolemy.moml.MoMLSimpleApplication@75dd8589
reloadAllAccessors: .SetVariable5

===========================================================================================
----------------- testing Thu Oct 25 02:32:18 UTC 2018 /home/travis/build/icyphy/ptII/ptolemy/actor/lib/test/auto/Sinewave.xml
----------------- Instantiating /home/travis/build/icyphy/ptII/ptolemy/actor/lib/test/auto/Sinewave.xml
4 ms. Memory: 1686528K Free: 1324278K (79%)
----------------- Invoking toplevel() on ptolemy.moml.MoMLSimpleApplication@6b82b275
----------------- Done invoking toplevel() on ptolemy.moml.MoMLSimpleApplication@6b82b275
reloadAllAccessors: .Sinewave

===========================================================================================
----------------- testing Thu Oct 25 02:32:18 UTC 2018 /home/travis/build/icyphy/ptII/ptolemy/actor/lib/test/auto/Sinewave2.xml
----------------- Instantiating /home/travis/build/icyphy/ptII/ptolemy/actor/lib/test/auto/Sinewave2.xml
4 ms. Memory: 1686528K Free: 1304344K (77%)
----------------- Invoking toplevel() on ptolemy.moml.MoMLSimpleApplication@2f973d90
----------------- Done invoking toplevel() on ptolemy.moml.MoMLSimpleApplication@2f973d90
reloadAllAccessors: .Sinewave2

===========================================================================================
----------------- testing Thu Oct 25 02:32:18 UTC 2018 /home/travis/build/icyphy/ptII/ptolemy/actor/lib/test/auto/Sinewave3.xml
----------------- Instantiating /home/travis/build/icyphy/ptII/ptolemy/actor/lib/test/auto/Sinewave3.xml
5 ms. Memory: 1686528K Free: 1288508K (76%)
----------------- Invoking toplevel() on ptolemy.moml.MoMLSimpleApplication@8b1dd95
----------------- Done invoking toplevel() on ptolemy.moml.MoMLSimpleApplication@8b1dd95
reloadAllAccessors: .Sinewave3

===========================================================================================
----------------- testing Thu Oct 25 02:32:18 UTC 2018 /home/travis/build/icyphy/ptII/ptolemy/actor/lib/test/auto/SingleEvent.xml
----------------- Instantiating /home/travis/build/icyphy/ptII/ptolemy/actor/lib/test/auto/SingleEvent.xml
0 ms. Memory: 1686528K Free: 1268574K (75%)
----------------- Invoking toplevel() on ptolemy.moml.MoMLSimpleApplication@4bf1eb2d
----------------- Done invoking toplevel() on ptolemy.moml.MoMLSimpleApplication@4bf1eb2d
reloadAllAccessors: .SingleEvent

===========================================================================================
----------------- testing Thu Oct 25 02:32:18 UTC 2018 /home/travis/build/icyphy/ptII/ptolemy/actor/lib/test/auto/Sleep.xml
----------------- Instantiating /home/travis/build/icyphy/ptII/ptolemy/actor/lib/test/auto/Sleep.xml
6003 ms. Memory: 1686528K Free: 1252738K (74%)
----------------- Invoking toplevel() on ptolemy.moml.MoMLSimpleApplication@7015f0a2
----------------- Done invoking toplevel() on ptolemy.moml.MoMLSimpleApplication@7015f0a2
reloadAllAccessors: .Sleep

===========================================================================================
----------------- testing Thu Oct 25 02:32:24 UTC 2018 /home/travis/build/icyphy/ptII/ptolemy/actor/lib/test/auto/SleepMultipleFire.xml
----------------- Instantiating /home/travis/build/icyphy/ptII/ptolemy/actor/lib/test/auto/SleepMultipleFire.xml
1004 ms. Memory: 1686528K Free: 1232804K (73%)
----------------- Invoking toplevel() on ptolemy.moml.MoMLSimpleApplication@7f220a82
----------------- Done invoking toplevel() on ptolemy.moml.MoMLSimpleApplication@7f220a82
reloadAllAccessors: .SleepMultipleFire

===========================================================================================
----------------- testing Thu Oct 25 02:32:25 UTC 2018 /home/travis/build/icyphy/ptII/ptolemy/actor/lib/test/auto/StopDE.xml
----------------- Instantiating /home/travis/build/icyphy/ptII/ptolemy/actor/lib/test/auto/StopDE.xml
2 ms. Memory: 1686528K Free: 1212870K (72%)
----------------- Invoking toplevel() on ptolemy.moml.MoMLSimpleApplication@4c4a697a
----------------- Done invoking toplevel() on ptolemy.moml.MoMLSimpleApplication@4c4a697a
reloadAllAccessors: .StopDE

===========================================================================================
----------------- testing Thu Oct 25 02:32:25 UTC 2018 /home/travis/build/icyphy/ptII/ptolemy/actor/lib/test/auto/StopSDF.xml
----------------- Instantiating /home/travis/build/icyphy/ptII/ptolemy/actor/lib/test/auto/StopSDF.xml
6 ms. Memory: 1686528K Free: 1197033K (71%)
----------------- Invoking toplevel() on ptolemy.moml.MoMLSimpleApplication@142c0a9d
----------------- Done invoking toplevel() on ptolemy.moml.MoMLSimpleApplication@142c0a9d
reloadAllAccessors: .StopSDF

===========================================================================================
----------------- testing Thu Oct 25 02:32:25 UTC 2018 /home/travis/build/icyphy/ptII/ptolemy/actor/lib/test/auto/StringConstant.xml
----------------- Instantiating /home/travis/build/icyphy/ptII/ptolemy/actor/lib/test/auto/StringConstant.xml
1 ms. Memory: 1686528K Free: 1177099K (70%)
----------------- Invoking toplevel() on ptolemy.moml.MoMLSimpleApplication@1543519f
----------------- Done invoking toplevel() on ptolemy.moml.MoMLSimpleApplication@1543519f
reloadAllAccessors: .StringConstant

===========================================================================================
----------------- testing Thu Oct 25 02:32:25 UTC 2018 /home/travis/build/icyphy/ptII/ptolemy/actor/lib/test/auto/SubscriberPortInitialValues1.xml
----------------- Instantiating /home/travis/build/icyphy/ptII/ptolemy/actor/lib/test/auto/SubscriberPortInitialValues1.xml
5 ms. Memory: 1686528K Free: 1161263K (69%)
----------------- Invoking toplevel() on ptolemy.moml.MoMLSimpleApplication@4d1c51e1
----------------- Done invoking toplevel() on ptolemy.moml.MoMLSimpleApplication@4d1c51e1
reloadAllAccessors: .SubscriberPortInitialValues1

===========================================================================================
----------------- testing Thu Oct 25 02:32:25 UTC 2018 /home/travis/build/icyphy/ptII/ptolemy/actor/lib/test/auto/SubscriberPortInitialValues13.xml
----------------- Instantiating /home/travis/build/icyphy/ptII/ptolemy/actor/lib/test/auto/SubscriberPortInitialValues13.xml
4 ms. Memory: 1686528K Free: 1133403K (67%)
----------------- Invoking toplevel() on ptolemy.moml.MoMLSimpleApplication@30561bc7
----------------- Done invoking toplevel() on ptolemy.moml.MoMLSimpleApplication@30561bc7
reloadAllAccessors: .SubscriberPortInitialValues13

===========================================================================================
----------------- testing Thu Oct 25 02:32:25 UTC 2018 /home/travis/build/icyphy/ptII/ptolemy/actor/lib/test/auto/SubscriberPortInitialValues14.xml
----------------- Instantiating /home/travis/build/icyphy/ptII/ptolemy/actor/lib/test/auto/SubscriberPortInitialValues14.xml
4 ms. Memory: 1686528K Free: 1113469K (66%)
----------------- Invoking toplevel() on ptolemy.moml.MoMLSimpleApplication@72e2a20
----------------- Done invoking toplevel() on ptolemy.moml.MoMLSimpleApplication@72e2a20
reloadAllAccessors: .SubscriberPortInitialValues14

===========================================================================================
----------------- testing Thu Oct 25 02:32:25 UTC 2018 /home/travis/build/icyphy/ptII/ptolemy/actor/lib/test/auto/SubscriberPortInitialValues2.xml
----------------- Instantiating /home/travis/build/icyphy/ptII/ptolemy/actor/lib/test/auto/SubscriberPortInitialValues2.xml
3 ms. Memory: 1686528K Free: 1097632K (65%)
----------------- Invoking toplevel() on ptolemy.moml.MoMLSimpleApplication@41baf298
----------------- Done invoking toplevel() on ptolemy.moml.MoMLSimpleApplication@41baf298
reloadAllAccessors: .SubscriberPortInitialValues2

===========================================================================================
----------------- testing Thu Oct 25 02:32:25 UTC 2018 /home/travis/build/icyphy/ptII/ptolemy/actor/lib/test/auto/SubscriberPortInitialValues3.xml
----------------- Instantiating /home/travis/build/icyphy/ptII/ptolemy/actor/lib/test/auto/SubscriberPortInitialValues3.xml
4 ms. Memory: 1686528K Free: 1077698K (64%)
----------------- Invoking toplevel() on ptolemy.moml.MoMLSimpleApplication@60c6d966
----------------- Done invoking toplevel() on ptolemy.moml.MoMLSimpleApplication@60c6d966
reloadAllAccessors: .SubscriberPortInitialValues3

===========================================================================================
----------------- testing Thu Oct 25 02:32:25 UTC 2018 /home/travis/build/icyphy/ptII/ptolemy/actor/lib/test/auto/SubscriptionAggregator.xml
----------------- Instantiating /home/travis/build/icyphy/ptII/ptolemy/actor/lib/test/auto/SubscriptionAggregator.xml
2 ms. Memory: 1686528K Free: 1057764K (63%)
----------------- Invoking toplevel() on ptolemy.moml.MoMLSimpleApplication@67212b03
----------------- Done invoking toplevel() on ptolemy.moml.MoMLSimpleApplication@67212b03
reloadAllAccessors: .SubscriptionAggregator

===========================================================================================
----------------- testing Thu Oct 25 02:32:25 UTC 2018 /home/travis/build/icyphy/ptII/ptolemy/actor/lib/test/auto/SubscriptionAggregator2.xml
----------------- Instantiating /home/travis/build/icyphy/ptII/ptolemy/actor/lib/test/auto/SubscriptionAggregator2.xml
2 ms. Memory: 1686528K Free: 1041928K (62%)
----------------- Invoking toplevel() on ptolemy.moml.MoMLSimpleApplication@b33057e
----------------- Done invoking toplevel() on ptolemy.moml.MoMLSimpleApplication@b33057e
reloadAllAccessors: .SubscriptionAggregator2

===========================================================================================
----------------- testing Thu Oct 25 02:32:25 UTC 2018 /home/travis/build/icyphy/ptII/ptolemy/actor/lib/test/auto/SubscriptionAggregator3.xml
----------------- Instantiating /home/travis/build/icyphy/ptII/ptolemy/actor/lib/test/auto/SubscriptionAggregator3.xml
2 ms. Memory: 1686528K Free: 1021994K (61%)
----------------- Invoking toplevel() on ptolemy.moml.MoMLSimpleApplication@666bc29c
----------------- Done invoking toplevel() on ptolemy.moml.MoMLSimpleApplication@666bc29c
reloadAllAccessors: .SubscriptionAggregator3

===========================================================================================
----------------- testing Thu Oct 25 02:32:25 UTC 2018 /home/travis/build/icyphy/ptII/ptolemy/actor/lib/test/auto/SubscriptionAggregatorMultiply.xml
----------------- Instantiating /home/travis/build/icyphy/ptII/ptolemy/actor/lib/test/auto/SubscriptionAggregatorMultiply.xml
3 ms. Memory: 1686528K Free: 1006158K (60%)
----------------- Invoking toplevel() on ptolemy.moml.MoMLSimpleApplication@a25383a
----------------- Done invoking toplevel() on ptolemy.moml.MoMLSimpleApplication@a25383a
reloadAllAccessors: .SubscriptionAggregatorMultiply

===========================================================================================
----------------- testing Thu Oct 25 02:32:25 UTC 2018 /home/travis/build/icyphy/ptII/ptolemy/actor/lib/test/auto/SubscriptionAggregatorPortMultiply1.xml
----------------- Instantiating /home/travis/build/icyphy/ptII/ptolemy/actor/lib/test/auto/SubscriptionAggregatorPortMultiply1.xml
4 ms. Memory: 1686528K Free: 986223K (58%)
----------------- Invoking toplevel() on ptolemy.moml.MoMLSimpleApplication@2c2c9513
----------------- Done invoking toplevel() on ptolemy.moml.MoMLSimpleApplication@2c2c9513
reloadAllAccessors: .SubscriptionAggregatorPortMultiply1

===========================================================================================
----------------- testing Thu Oct 25 02:32:25 UTC 2018 /home/travis/build/icyphy/ptII/ptolemy/actor/lib/test/auto/Switch.xml
----------------- Instantiating /home/travis/build/icyphy/ptII/ptolemy/actor/lib/test/auto/Switch.xml
4 ms. Memory: 1686528K Free: 918780K (54%)
----------------- Invoking toplevel() on ptolemy.moml.MoMLSimpleApplication@8b7707c
----------------- Done invoking toplevel() on ptolemy.moml.MoMLSimpleApplication@8b7707c
reloadAllAccessors: .Switch

===========================================================================================
----------------- testing Thu Oct 25 02:32:25 UTC 2018 /home/travis/build/icyphy/ptII/ptolemy/actor/lib/test/auto/Switch2.xml
----------------- Instantiating /home/travis/build/icyphy/ptII/ptolemy/actor/lib/test/auto/Switch2.xml
1 ms. Memory: 1686528K Free: 902944K (54%)
----------------- Invoking toplevel() on ptolemy.moml.MoMLSimpleApplication@17264819
----------------- Done invoking toplevel() on ptolemy.moml.MoMLSimpleApplication@17264819
reloadAllAccessors: .Switch2

===========================================================================================
----------------- testing Thu Oct 25 02:32:25 UTC 2018 /home/travis/build/icyphy/ptII/ptolemy/actor/lib/test/auto/SwitchDE.xml
----------------- Instantiating /home/travis/build/icyphy/ptII/ptolemy/actor/lib/test/auto/SwitchDE.xml
2 ms. Memory: 1686528K Free: 883010K (52%)
----------------- Invoking toplevel() on ptolemy.moml.MoMLSimpleApplication@6adfea73
----------------- Done invoking toplevel() on ptolemy.moml.MoMLSimpleApplication@6adfea73
reloadAllAccessors: .SwitchDE

===========================================================================================
----------------- testing Thu Oct 25 02:32:25 UTC 2018 /home/travis/build/icyphy/ptII/ptolemy/actor/lib/test/auto/SynchronizerDE.xml
----------------- Instantiating /home/travis/build/icyphy/ptII/ptolemy/actor/lib/test/auto/SynchronizerDE.xml
3 ms. Memory: 1686528K Free: 867174K (51%)
----------------- Invoking toplevel() on ptolemy.moml.MoMLSimpleApplication@45150554
----------------- Done invoking toplevel() on ptolemy.moml.MoMLSimpleApplication@45150554
reloadAllAccessors: .SynchronizerDE

===========================================================================================
----------------- testing Thu Oct 25 02:32:26 UTC 2018 /home/travis/build/icyphy/ptII/ptolemy/actor/lib/test/auto/Test.xml
----------------- Instantiating /home/travis/build/icyphy/ptII/ptolemy/actor/lib/test/auto/Test.xml
2 ms. Memory: 1686528K Free: 847240K (50%)
----------------- Invoking toplevel() on ptolemy.moml.MoMLSimpleApplication@29040e4e
----------------- Done invoking toplevel() on ptolemy.moml.MoMLSimpleApplication@29040e4e
reloadAllAccessors: .Test

===========================================================================================
----------------- testing Thu Oct 25 02:32:26 UTC 2018 /home/travis/build/icyphy/ptII/ptolemy/actor/lib/test/auto/TestExceptionAttribute1.xml
----------------- Instantiating /home/travis/build/icyphy/ptII/ptolemy/actor/lib/test/auto/TestExceptionAttribute1.xml
1 ms. Memory: 1686528K Free: 827306K (49%)
----------------- Invoking toplevel() on ptolemy.moml.MoMLSimpleApplication@4f394e6
----------------- Done invoking toplevel() on ptolemy.moml.MoMLSimpleApplication@4f394e6
reloadAllAccessors: .TestExceptionAttribute1

===========================================================================================
----------------- testing Thu Oct 25 02:32:26 UTC 2018 /home/travis/build/icyphy/ptII/ptolemy/actor/lib/test/auto/TestExceptionAttribute2.xml
----------------- Instantiating /home/travis/build/icyphy/ptII/ptolemy/actor/lib/test/auto/TestExceptionAttribute2.xml
1 ms. Memory: 1686528K Free: 811470K (48%)
----------------- Invoking toplevel() on ptolemy.moml.MoMLSimpleApplication@63ab0cc2
----------------- Done invoking toplevel() on ptolemy.moml.MoMLSimpleApplication@63ab0cc2
reloadAllAccessors: .TestExceptionAttribute2

===========================================================================================
----------------- testing Thu Oct 25 02:32:26 UTC 2018 /home/travis/build/icyphy/ptII/ptolemy/actor/lib/test/auto/TestExceptionAttribute3.xml
----------------- Instantiating /home/travis/build/icyphy/ptII/ptolemy/actor/lib/test/auto/TestExceptionAttribute3.xml
.TestExceptionAttribute3.TestExceptionAttribute: initialize() was not invoked, but wrapup() was.  This is unusual, but not always a problem.  For example, exporting JNLP will do this.
1 ms. Memory: 1686528K Free: 791536K (47%)
----------------- Invoking toplevel() on ptolemy.moml.MoMLSimpleApplication@24ca210e
----------------- Done invoking toplevel() on ptolemy.moml.MoMLSimpleApplication@24ca210e
reloadAllAccessors: .TestExceptionAttribute3

===========================================================================================
----------------- testing Thu Oct 25 02:32:26 UTC 2018 /home/travis/build/icyphy/ptII/ptolemy/actor/lib/test/auto/TestExceptionAttribute4.xml
----------------- Instantiating /home/travis/build/icyphy/ptII/ptolemy/actor/lib/test/auto/TestExceptionAttribute4.xml
.TestExceptionAttribute4.TestExceptionAttribute: initialize() was not invoked, but wrapup() was.  This is unusual, but not always a problem.  For example, exporting JNLP will do this.
.TestExceptionAttribute4.TestExceptionAttribute2: initialize() was not invoked, but wrapup() was.  This is unusual, but not always a problem.  For example, exporting JNLP will do this.
0 ms. Memory: 1686528K Free: 775699K (46%)
----------------- Invoking toplevel() on ptolemy.moml.MoMLSimpleApplication@5dd65235
----------------- Done invoking toplevel() on ptolemy.moml.MoMLSimpleApplication@5dd65235
reloadAllAccessors: .TestExceptionAttribute4

===========================================================================================
----------------- testing Thu Oct 25 02:32:26 UTC 2018 /home/travis/build/icyphy/ptII/ptolemy/actor/lib/test/auto/TestExceptionHandler1.xml
----------------- Instantiating /home/travis/build/icyphy/ptII/ptolemy/actor/lib/test/auto/TestExceptionHandler1.xml
1 ms. Memory: 1686528K Free: 755765K (45%)
----------------- Invoking toplevel() on ptolemy.moml.MoMLSimpleApplication@e53b130
----------------- Done invoking toplevel() on ptolemy.moml.MoMLSimpleApplication@e53b130
reloadAllAccessors: .TestExceptionHandler1

===========================================================================================
----------------- testing Thu Oct 25 02:32:26 UTC 2018 /home/travis/build/icyphy/ptII/ptolemy/actor/lib/test/auto/TestExceptionHandler2.xml
----------------- Instantiating /home/travis/build/icyphy/ptII/ptolemy/actor/lib/test/auto/TestExceptionHandler2.xml
1 ms. Memory: 1686528K Free: 735831K (44%)
----------------- Invoking toplevel() on ptolemy.moml.MoMLSimpleApplication@417a090a
----------------- Done invoking toplevel() on ptolemy.moml.MoMLSimpleApplication@417a090a
reloadAllAccessors: .TestExceptionHandler2

===========================================================================================
----------------- testing Thu Oct 25 02:32:26 UTC 2018 /home/travis/build/icyphy/ptII/ptolemy/actor/lib/test/auto/TestExceptionHandler3.xml
----------------- Instantiating /home/travis/build/icyphy/ptII/ptolemy/actor/lib/test/auto/TestExceptionHandler3.xml
1 ms. Memory: 1686528K Free: 719995K (43%)
----------------- Invoking toplevel() on ptolemy.moml.MoMLSimpleApplication@11d2aae1
----------------- Done invoking toplevel() on ptolemy.moml.MoMLSimpleApplication@11d2aae1
reloadAllAccessors: .TestExceptionHandler3

===========================================================================================
----------------- testing Thu Oct 25 02:32:26 UTC 2018 /home/travis/build/icyphy/ptII/ptolemy/actor/lib/test/auto/TestExceptionHandler4.xml
----------------- Instantiating /home/travis/build/icyphy/ptII/ptolemy/actor/lib/test/auto/TestExceptionHandler4.xml
0 ms. Memory: 1686528K Free: 700060K (42%)
----------------- Invoking toplevel() on ptolemy.moml.MoMLSimpleApplication@3a08bfe1
----------------- Done invoking toplevel() on ptolemy.moml.MoMLSimpleApplication@3a08bfe1
reloadAllAccessors: .TestExceptionHandler4

===========================================================================================
----------------- testing Thu Oct 25 02:32:26 UTC 2018 /home/travis/build/icyphy/ptII/ptolemy/actor/lib/test/auto/TestRequireCorrectOrder.xml
----------------- Instantiating /home/travis/build/icyphy/ptII/ptolemy/actor/lib/test/auto/TestRequireCorrectOrder.xml
3 ms. Memory: 1686528K Free: 684224K (41%)
----------------- Invoking toplevel() on ptolemy.moml.MoMLSimpleApplication@3b938292
----------------- Done invoking toplevel() on ptolemy.moml.MoMLSimpleApplication@3b938292
reloadAllAccessors: .TestRequireCorrectOrder

===========================================================================================
----------------- testing Thu Oct 25 02:32:26 UTC 2018 /home/travis/build/icyphy/ptII/ptolemy/actor/lib/test/auto/TestSimple.xml
----------------- Instantiating /home/travis/build/icyphy/ptII/ptolemy/actor/lib/test/auto/TestSimple.xml
2 ms. Memory: 1686528K Free: 664290K (39%)
----------------- Invoking toplevel() on ptolemy.moml.MoMLSimpleApplication@73e1ec6
----------------- Done invoking toplevel() on ptolemy.moml.MoMLSimpleApplication@73e1ec6
reloadAllAccessors: .TestSimple

===========================================================================================
----------------- testing Thu Oct 25 02:32:26 UTC 2018 /home/travis/build/icyphy/ptII/ptolemy/actor/lib/test/auto/ThrowModelError.xml
----------------- Instantiating /home/travis/build/icyphy/ptII/ptolemy/actor/lib/test/auto/ThrowModelError.xml
1 ms. Memory: 1686528K Free: 644356K (38%)
----------------- Invoking toplevel() on ptolemy.moml.MoMLSimpleApplication@5ec08412
----------------- Done invoking toplevel() on ptolemy.moml.MoMLSimpleApplication@5ec08412
reloadAllAccessors: .ThrowModelError

===========================================================================================
----------------- testing Thu Oct 25 02:32:26 UTC 2018 /home/travis/build/icyphy/ptII/ptolemy/actor/lib/test/auto/TimeDelayMicrosteps.xml
----------------- Instantiating /home/travis/build/icyphy/ptII/ptolemy/actor/lib/test/auto/TimeDelayMicrosteps.xml
3 ms. Memory: 1686528K Free: 628520K (37%)
----------------- Invoking toplevel() on ptolemy.moml.MoMLSimpleApplication@5479337e
----------------- Done invoking toplevel() on ptolemy.moml.MoMLSimpleApplication@5479337e
reloadAllAccessors: .TimeDelayMicrosteps

===========================================================================================
----------------- testing Thu Oct 25 02:32:26 UTC 2018 /home/travis/build/icyphy/ptII/ptolemy/actor/lib/test/auto/TimeDelayMicrosteps2.xml
----------------- Instantiating /home/travis/build/icyphy/ptII/ptolemy/actor/lib/test/auto/TimeDelayMicrosteps2.xml
4 ms. Memory: 1686528K Free: 608585K (36%)
----------------- Invoking toplevel() on ptolemy.moml.MoMLSimpleApplication@c9d1bd1
----------------- Done invoking toplevel() on ptolemy.moml.MoMLSimpleApplication@c9d1bd1
reloadAllAccessors: .TimeDelayMicrosteps2

===========================================================================================
----------------- testing Thu Oct 25 02:32:26 UTC 2018 /home/travis/build/icyphy/ptII/ptolemy/actor/lib/test/auto/TimeDelayMicrosteps3.xml
----------------- Instantiating /home/travis/build/icyphy/ptII/ptolemy/actor/lib/test/auto/TimeDelayMicrosteps3.xml
3 ms. Memory: 1686528K Free: 592749K (35%)
----------------- Invoking toplevel() on ptolemy.moml.MoMLSimpleApplication@246828f5
----------------- Done invoking toplevel() on ptolemy.moml.MoMLSimpleApplication@246828f5
reloadAllAccessors: .TimeDelayMicrosteps3

===========================================================================================
----------------- testing Thu Oct 25 02:32:26 UTC 2018 /home/travis/build/icyphy/ptII/ptolemy/actor/lib/test/auto/TimeDelayVariableMicrosteps.xml
----------------- Instantiating /home/travis/build/icyphy/ptII/ptolemy/actor/lib/test/auto/TimeDelayVariableMicrosteps.xml
3 ms. Memory: 1686528K Free: 572815K (34%)
----------------- Invoking toplevel() on ptolemy.moml.MoMLSimpleApplication@74ada0c0
----------------- Done invoking toplevel() on ptolemy.moml.MoMLSimpleApplication@74ada0c0
reloadAllAccessors: .TimeDelayVariableMicrosteps

===========================================================================================
----------------- testing Thu Oct 25 02:32:26 UTC 2018 /home/travis/build/icyphy/ptII/ptolemy/actor/lib/test/auto/TimeGap.xml
----------------- Instantiating /home/travis/build/icyphy/ptII/ptolemy/actor/lib/test/auto/TimeGap.xml
2 ms. Memory: 1686528K Free: 552881K (33%)
----------------- Invoking toplevel() on ptolemy.moml.MoMLSimpleApplication@700c310d
----------------- Done invoking toplevel() on ptolemy.moml.MoMLSimpleApplication@700c310d
reloadAllAccessors: .TimeGap

===========================================================================================
----------------- testing Thu Oct 25 02:32:26 UTC 2018 /home/travis/build/icyphy/ptII/ptolemy/actor/lib/test/auto/TimeGap2.xml
----------------- Instantiating /home/travis/build/icyphy/ptII/ptolemy/actor/lib/test/auto/TimeGap2.xml
2 ms. Memory: 1686528K Free: 537044K (32%)
----------------- Invoking toplevel() on ptolemy.moml.MoMLSimpleApplication@2fd197c0
----------------- Done invoking toplevel() on ptolemy.moml.MoMLSimpleApplication@2fd197c0
reloadAllAccessors: .TimeGap2

===========================================================================================
----------------- testing Thu Oct 25 02:32:26 UTC 2018 /home/travis/build/icyphy/ptII/ptolemy/actor/lib/test/auto/TimedSinewave.xml
----------------- Instantiating /home/travis/build/icyphy/ptII/ptolemy/actor/lib/test/auto/TimedSinewave.xml
13 ms. Memory: 1686528K Free: 509192K (30%)
----------------- Invoking toplevel() on ptolemy.moml.MoMLSimpleApplication@4edac550
----------------- Done invoking toplevel() on ptolemy.moml.MoMLSimpleApplication@4edac550
reloadAllAccessors: .TimedSinewave

===========================================================================================
----------------- testing Thu Oct 25 02:32:26 UTC 2018 /home/travis/build/icyphy/ptII/ptolemy/actor/lib/test/auto/TimedSinewavePhase.xml
----------------- Instantiating /home/travis/build/icyphy/ptII/ptolemy/actor/lib/test/auto/TimedSinewavePhase.xml
10 ms. Memory: 1686528K Free: 489258K (29%)
----------------- Invoking toplevel() on ptolemy.moml.MoMLSimpleApplication@361fb535
----------------- Done invoking toplevel() on ptolemy.moml.MoMLSimpleApplication@361fb535
reloadAllAccessors: .TimedSinewavePhase

===========================================================================================
----------------- testing Thu Oct 25 02:32:26 UTC 2018 /home/travis/build/icyphy/ptII/ptolemy/actor/lib/test/auto/Timer.xml
----------------- Instantiating /home/travis/build/icyphy/ptII/ptolemy/actor/lib/test/auto/Timer.xml
1 ms. Memory: 1686528K Free: 473422K (28%)
----------------- Invoking toplevel() on ptolemy.moml.MoMLSimpleApplication@296c7f1c
----------------- Done invoking toplevel() on ptolemy.moml.MoMLSimpleApplication@296c7f1c
reloadAllAccessors: .Timer

===========================================================================================
----------------- testing Thu Oct 25 02:32:26 UTC 2018 /home/travis/build/icyphy/ptII/ptolemy/actor/lib/test/auto/TriangularDistTestModel.xml
----------------- Instantiating /home/travis/build/icyphy/ptII/ptolemy/actor/lib/test/auto/TriangularDistTestModel.xml
1 ms. Memory: 1686528K Free: 453487K (27%)
----------------- Invoking toplevel() on ptolemy.moml.MoMLSimpleApplication@369e0b5f
----------------- Done invoking toplevel() on ptolemy.moml.MoMLSimpleApplication@369e0b5f
reloadAllAccessors: .TriangularDistTestModel

===========================================================================================
----------------- testing Thu Oct 25 02:32:26 UTC 2018 /home/travis/build/icyphy/ptII/ptolemy/actor/lib/test/auto/TrigFunction.xml
----------------- Instantiating /home/travis/build/icyphy/ptII/ptolemy/actor/lib/test/auto/TrigFunction.xml
1 ms. Memory: 1686528K Free: 437651K (26%)
----------------- Invoking toplevel() on ptolemy.moml.MoMLSimpleApplication@34dd0dba
----------------- Done invoking toplevel() on ptolemy.moml.MoMLSimpleApplication@34dd0dba
reloadAllAccessors: .TrigFunction

===========================================================================================
----------------- testing Thu Oct 25 02:32:26 UTC 2018 /home/travis/build/icyphy/ptII/ptolemy/actor/lib/test/auto/TrigFunctionDE.xml
----------------- Instantiating /home/travis/build/icyphy/ptII/ptolemy/actor/lib/test/auto/TrigFunctionDE.xml
1 ms. Memory: 1686528K Free: 417717K (25%)
----------------- Invoking toplevel() on ptolemy.moml.MoMLSimpleApplication@5e2d5344
----------------- Done invoking toplevel() on ptolemy.moml.MoMLSimpleApplication@5e2d5344
reloadAllAccessors: .TrigFunctionDE

===========================================================================================
----------------- testing Thu Oct 25 02:32:26 UTC 2018 /home/travis/build/icyphy/ptII/ptolemy/actor/lib/test/auto/TrigFunctionInverse.xml
----------------- Instantiating /home/travis/build/icyphy/ptII/ptolemy/actor/lib/test/auto/TrigFunctionInverse.xml
1 ms. Memory: 1686528K Free: 397783K (24%)
----------------- Invoking toplevel() on ptolemy.moml.MoMLSimpleApplication@4c593741
----------------- Done invoking toplevel() on ptolemy.moml.MoMLSimpleApplication@4c593741
reloadAllAccessors: .TrigFunctionInverse

===========================================================================================
----------------- testing Thu Oct 25 02:32:26 UTC 2018 /home/travis/build/icyphy/ptII/ptolemy/actor/lib/test/auto/TrigFunctionTan.xml
----------------- Instantiating /home/travis/build/icyphy/ptII/ptolemy/actor/lib/test/auto/TrigFunctionTan.xml
2 ms. Memory: 1686528K Free: 381947K (23%)
----------------- Invoking toplevel() on ptolemy.moml.MoMLSimpleApplication@6a69cf89
----------------- Done invoking toplevel() on ptolemy.moml.MoMLSimpleApplication@6a69cf89
reloadAllAccessors: .TrigFunctionTan

===========================================================================================
----------------- testing Thu Oct 25 02:32:26 UTC 2018 /home/travis/build/icyphy/ptII/ptolemy/actor/lib/test/auto/TriggeredClock.xml
----------------- Instantiating /home/travis/build/icyphy/ptII/ptolemy/actor/lib/test/auto/TriggeredClock.xml
1 ms. Memory: 1686528K Free: 362012K (21%)
----------------- Invoking toplevel() on ptolemy.moml.MoMLSimpleApplication@61dad631
----------------- Done invoking toplevel() on ptolemy.moml.MoMLSimpleApplication@61dad631
reloadAllAccessors: .TriggeredClock

===========================================================================================
----------------- testing Thu Oct 25 02:32:26 UTC 2018 /home/travis/build/icyphy/ptII/ptolemy/actor/lib/test/auto/URLDirectoryReader.xml
----------------- Instantiating /home/travis/build/icyphy/ptII/ptolemy/actor/lib/test/auto/URLDirectoryReader.xml
31 ms. Memory: 1686528K Free: 346176K (21%)
----------------- Invoking toplevel() on ptolemy.moml.MoMLSimpleApplication@76cd346b
----------------- Done invoking toplevel() on ptolemy.moml.MoMLSimpleApplication@76cd346b
reloadAllAccessors: .URLDirectoryReader

===========================================================================================
----------------- testing Thu Oct 25 02:32:26 UTC 2018 /home/travis/build/icyphy/ptII/ptolemy/actor/lib/test/auto/URLDirectoryReader3.xml
----------------- Instantiating /home/travis/build/icyphy/ptII/ptolemy/actor/lib/test/auto/URLDirectoryReader3.xml
1194 ms. Memory: 1686528K Free: 278477K (17%)
----------------- Invoking toplevel() on ptolemy.moml.MoMLSimpleApplication@6cd19ac8
----------------- Done invoking toplevel() on ptolemy.moml.MoMLSimpleApplication@6cd19ac8
reloadAllAccessors: .URLDirectoryReader3

===========================================================================================
----------------- testing Thu Oct 25 02:32:27 UTC 2018 /home/travis/build/icyphy/ptII/ptolemy/actor/lib/test/auto/UnaryMathFunction.xml
----------------- Instantiating /home/travis/build/icyphy/ptII/ptolemy/actor/lib/test/auto/UnaryMathFunction.xml
5 ms. Memory: 1686528K Free: 258543K (15%)
----------------- Invoking toplevel() on ptolemy.moml.MoMLSimpleApplication@55a0eb8f
----------------- Done invoking toplevel() on ptolemy.moml.MoMLSimpleApplication@55a0eb8f
reloadAllAccessors: .UnaryMathFunction

===========================================================================================
----------------- testing Thu Oct 25 02:32:28 UTC 2018 /home/travis/build/icyphy/ptII/ptolemy/actor/lib/test/auto/Uniform.xml
----------------- Instantiating /home/travis/build/icyphy/ptII/ptolemy/actor/lib/test/auto/Uniform.xml
5 ms. Memory: 1686528K Free: 242706K (14%)
----------------- Invoking toplevel() on ptolemy.moml.MoMLSimpleApplication@1ab019d7
----------------- Done invoking toplevel() on ptolemy.moml.MoMLSimpleApplication@1ab019d7
reloadAllAccessors: .Uniform

===========================================================================================
----------------- testing Thu Oct 25 02:32:28 UTC 2018 /home/travis/build/icyphy/ptII/ptolemy/actor/lib/test/auto/UnionDisassemblerTest.xml
----------------- Instantiating /home/travis/build/icyphy/ptII/ptolemy/actor/lib/test/auto/UnionDisassemblerTest.xml
13 ms. Memory: 1686528K Free: 222772K (13%)
----------------- Invoking toplevel() on ptolemy.moml.MoMLSimpleApplication@745106c8
----------------- Done invoking toplevel() on ptolemy.moml.MoMLSimpleApplication@745106c8
reloadAllAccessors: .UnionDisassemblerTest

===========================================================================================
----------------- testing Thu Oct 25 02:32:28 UTC 2018 /home/travis/build/icyphy/ptII/ptolemy/actor/lib/test/auto/UtilityFunctions.xml
----------------- Instantiating /home/travis/build/icyphy/ptII/ptolemy/actor/lib/test/auto/UtilityFunctions.xml
9 ms. Memory: 1686528K Free: 202838K (12%)
----------------- Invoking toplevel() on ptolemy.moml.MoMLSimpleApplication@d70522b
----------------- Done invoking toplevel() on ptolemy.moml.MoMLSimpleApplication@d70522b
reloadAllAccessors: .UtilityFunctions

===========================================================================================
----------------- testing Thu Oct 25 02:32:28 UTC 2018 /home/travis/build/icyphy/ptII/ptolemy/actor/lib/test/auto/VariableSleep.xml
----------------- Instantiating /home/travis/build/icyphy/ptII/ptolemy/actor/lib/test/auto/VariableSleep.xml
503 ms. Memory: 1686528K Free: 187002K (11%)
----------------- Invoking toplevel() on ptolemy.moml.MoMLSimpleApplication@6c322329
----------------- Done invoking toplevel() on ptolemy.moml.MoMLSimpleApplication@6c322329
reloadAllAccessors: .VariableSleep

===========================================================================================
----------------- testing Thu Oct 25 02:32:28 UTC 2018 /home/travis/build/icyphy/ptII/ptolemy/actor/lib/test/auto/VectorAssemblerDisassemblerCT.xml
----------------- Instantiating /home/travis/build/icyphy/ptII/ptolemy/actor/lib/test/auto/VectorAssemblerDisassemblerCT.xml
74 ms. Memory: 1686528K Free: 151216K (9%)
----------------- Invoking toplevel() on ptolemy.moml.MoMLSimpleApplication@4edc364b
----------------- Done invoking toplevel() on ptolemy.moml.MoMLSimpleApplication@4edc364b
reloadAllAccessors: .VectorAssemblerDisassemblerCT

===========================================================================================
----------------- testing Thu Oct 25 02:32:28 UTC 2018 /home/travis/build/icyphy/ptII/ptolemy/actor/lib/test/auto/VectorAssemblerDisassemblerDE.xml
----------------- Instantiating /home/travis/build/icyphy/ptII/ptolemy/actor/lib/test/auto/VectorAssemblerDisassemblerDE.xml
2 ms. Memory: 1686528K Free: 135379K (8%)
----------------- Invoking toplevel() on ptolemy.moml.MoMLSimpleApplication@b06e613
----------------- Done invoking toplevel() on ptolemy.moml.MoMLSimpleApplication@b06e613
reloadAllAccessors: .VectorAssemblerDisassemblerDE

===========================================================================================
----------------- testing Thu Oct 25 02:32:28 UTC 2018 /home/travis/build/icyphy/ptII/ptolemy/actor/lib/test/auto/VectorAssemblerDisassemblerSDF.xml
----------------- Instantiating /home/travis/build/icyphy/ptII/ptolemy/actor/lib/test/auto/VectorAssemblerDisassemblerSDF.xml
3 ms. Memory: 1686528K Free: 115445K (7%)
----------------- Invoking toplevel() on ptolemy.moml.MoMLSimpleApplication@6ac04d19
----------------- Done invoking toplevel() on ptolemy.moml.MoMLSimpleApplication@6ac04d19
reloadAllAccessors: .VectorAssemblerDisassemblerSDF

===========================================================================================
----------------- testing Thu Oct 25 02:32:28 UTC 2018 /home/travis/build/icyphy/ptII/ptolemy/actor/lib/test/auto/WallClockTime.xml
----------------- Instantiating /home/travis/build/icyphy/ptII/ptolemy/actor/lib/test/auto/WallClockTime.xml
1005 ms. Memory: 1686528K Free: 95511K (6%)
----------------- Invoking toplevel() on ptolemy.moml.MoMLSimpleApplication@1e9211c9
----------------- Done invoking toplevel() on ptolemy.moml.MoMLSimpleApplication@1e9211c9
reloadAllAccessors: .WallClockTime

===========================================================================================
----------------- testing Thu Oct 25 02:32:29 UTC 2018 /home/travis/build/icyphy/ptII/ptolemy/actor/lib/test/auto/WidthTestWithSubscriberPublisher.xml
----------------- Instantiating /home/travis/build/icyphy/ptII/ptolemy/actor/lib/test/auto/WidthTestWithSubscriberPublisher.xml
8 ms. Memory: 1686528K Free: 63807K (4%)
----------------- Invoking toplevel() on ptolemy.moml.MoMLSimpleApplication@4f297b53
----------------- Done invoking toplevel() on ptolemy.moml.MoMLSimpleApplication@4f297b53
reloadAllAccessors: .WidthTestWithSubscriberPublisher

===========================================================================================
----------------- testing Thu Oct 25 02:32:30 UTC 2018 /home/travis/build/icyphy/ptII/ptolemy/actor/lib/test/auto/WidthTestWithSubscriberPublisher2.xml
----------------- Instantiating /home/travis/build/icyphy/ptII/ptolemy/actor/lib/test/auto/WidthTestWithSubscriberPublisher2.xml
2 ms. Memory: 1707520K Free: 1635683K (96%)
----------------- Invoking toplevel() on ptolemy.moml.MoMLSimpleApplication@2345c85e
----------------- Done invoking toplevel() on ptolemy.moml.MoMLSimpleApplication@2345c85e
reloadAllAccessors: .WidthTestWithSubscriberPublisher2

===========================================================================================
----------------- testing Thu Oct 25 02:32:30 UTC 2018 /home/travis/build/icyphy/ptII/ptolemy/actor/lib/test/auto/WidthTestWithSubscriberPublisher3.xml
----------------- Instantiating /home/travis/build/icyphy/ptII/ptolemy/actor/lib/test/auto/WidthTestWithSubscriberPublisher3.xml
2 ms. Memory: 1707520K Free: 1615869K (95%)
----------------- Invoking toplevel() on ptolemy.moml.MoMLSimpleApplication@4f2177db
----------------- Done invoking toplevel() on ptolemy.moml.MoMLSimpleApplication@4f2177db
reloadAllAccessors: .WidthTestWithSubscriberPublisher3

===========================================================================================
----------------- testing Thu Oct 25 02:32:30 UTC 2018 /home/travis/build/icyphy/ptII/ptolemy/actor/lib/test/auto/Writer.xml
----------------- Instantiating /home/travis/build/icyphy/ptII/ptolemy/actor/lib/test/auto/Writer.xml
0
1
2
3
4
1 ms. Memory: 1707520K Free: 1596055K (93%)
----------------- Invoking toplevel() on ptolemy.moml.MoMLSimpleApplication@3b6b3015
----------------- Done invoking toplevel() on ptolemy.moml.MoMLSimpleApplication@3b6b3015
reloadAllAccessors: .Writer

===========================================================================================
----------------- testing Thu Oct 25 02:32:30 UTC 2018 /home/travis/build/icyphy/ptII/ptolemy/actor/lib/test/auto/array.xml
----------------- Instantiating /home/travis/build/icyphy/ptII/ptolemy/actor/lib/test/auto/array.xml
1 ms. Memory: 1707520K Free: 1580183K (93%)
----------------- Invoking toplevel() on ptolemy.moml.MoMLSimpleApplication@484e11d0
----------------- Done invoking toplevel() on ptolemy.moml.MoMLSimpleApplication@484e11d0
reloadAllAccessors: .array

===========================================================================================
----------------- testing Thu Oct 25 02:32:30 UTC 2018 /home/travis/build/icyphy/ptII/ptolemy/actor/lib/test/auto/array2.xml
----------------- Instantiating /home/travis/build/icyphy/ptII/ptolemy/actor/lib/test/auto/array2.xml
2 ms. Memory: 1707520K Free: 1560369K (91%)
----------------- Invoking toplevel() on ptolemy.moml.MoMLSimpleApplication@2e03c80c
----------------- Done invoking toplevel() on ptolemy.moml.MoMLSimpleApplication@2e03c80c
reloadAllAccessors: .array2

===========================================================================================
----------------- testing Thu Oct 25 02:32:30 UTC 2018 /home/travis/build/icyphy/ptII/ptolemy/actor/lib/test/auto/arrayType.xml
----------------- Instantiating /home/travis/build/icyphy/ptII/ptolemy/actor/lib/test/auto/arrayType.xml
2 ms. Memory: 1707520K Free: 1540554K (90%)
----------------- Invoking toplevel() on ptolemy.moml.MoMLSimpleApplication@1f6c60d8
----------------- Done invoking toplevel() on ptolemy.moml.MoMLSimpleApplication@1f6c60d8
reloadAllAccessors: .arrayType

===========================================================================================
----------------- testing Thu Oct 25 02:32:30 UTC 2018 /home/travis/build/icyphy/ptII/ptolemy/actor/lib/test/auto/arrayType10.xml
----------------- Instantiating /home/travis/build/icyphy/ptII/ptolemy/actor/lib/test/auto/arrayType10.xml
1 ms. Memory: 1707520K Free: 1524682K (89%)
----------------- Invoking toplevel() on ptolemy.moml.MoMLSimpleApplication@59710e83
----------------- Done invoking toplevel() on ptolemy.moml.MoMLSimpleApplication@59710e83
reloadAllAccessors: .arrayType10

===========================================================================================
----------------- testing Thu Oct 25 02:32:30 UTC 2018 /home/travis/build/icyphy/ptII/ptolemy/actor/lib/test/auto/arrayType11.xml
----------------- Instantiating /home/travis/build/icyphy/ptII/ptolemy/actor/lib/test/auto/arrayType11.xml
1 ms. Memory: 1707520K Free: 1504868K (88%)
----------------- Invoking toplevel() on ptolemy.moml.MoMLSimpleApplication@7f041748
----------------- Done invoking toplevel() on ptolemy.moml.MoMLSimpleApplication@7f041748
reloadAllAccessors: .arrayType11

===========================================================================================
----------------- testing Thu Oct 25 02:32:30 UTC 2018 /home/travis/build/icyphy/ptII/ptolemy/actor/lib/test/auto/arrayType12.xml
----------------- Instantiating /home/travis/build/icyphy/ptII/ptolemy/actor/lib/test/auto/arrayType12.xml
1 ms. Memory: 1707520K Free: 1485054K (87%)
----------------- Invoking toplevel() on ptolemy.moml.MoMLSimpleApplication@5bf61df7
----------------- Done invoking toplevel() on ptolemy.moml.MoMLSimpleApplication@5bf61df7
reloadAllAccessors: .arrayType12

===========================================================================================
----------------- testing Thu Oct 25 02:32:30 UTC 2018 /home/travis/build/icyphy/ptII/ptolemy/actor/lib/test/auto/arrayType13.xml
----------------- Instantiating /home/travis/build/icyphy/ptII/ptolemy/actor/lib/test/auto/arrayType13.xml
3 ms. Memory: 1707520K Free: 1469182K (86%)
----------------- Invoking toplevel() on ptolemy.moml.MoMLSimpleApplication@58631a7a
----------------- Done invoking toplevel() on ptolemy.moml.MoMLSimpleApplication@58631a7a
reloadAllAccessors: .arrayType13

===========================================================================================
----------------- testing Thu Oct 25 02:32:30 UTC 2018 /home/travis/build/icyphy/ptII/ptolemy/actor/lib/test/auto/arrayType14.xml
----------------- Instantiating /home/travis/build/icyphy/ptII/ptolemy/actor/lib/test/auto/arrayType14.xml
6 ms. Memory: 1707520K Free: 1449368K (85%)
----------------- Invoking toplevel() on ptolemy.moml.MoMLSimpleApplication@596b71b0
----------------- Done invoking toplevel() on ptolemy.moml.MoMLSimpleApplication@596b71b0
reloadAllAccessors: .arrayType14

===========================================================================================
----------------- testing Thu Oct 25 02:32:30 UTC 2018 /home/travis/build/icyphy/ptII/ptolemy/actor/lib/test/auto/arrayType15.xml
----------------- Instantiating /home/travis/build/icyphy/ptII/ptolemy/actor/lib/test/auto/arrayType15.xml
1 ms. Memory: 1707520K Free: 1429554K (84%)
----------------- Invoking toplevel() on ptolemy.moml.MoMLSimpleApplication@6c3c6bec
----------------- Done invoking toplevel() on ptolemy.moml.MoMLSimpleApplication@6c3c6bec
reloadAllAccessors: .arrayType15

===========================================================================================
----------------- testing Thu Oct 25 02:32:30 UTC 2018 /home/travis/build/icyphy/ptII/ptolemy/actor/lib/test/auto/arrayType16.xml
----------------- Instantiating /home/travis/build/icyphy/ptII/ptolemy/actor/lib/test/auto/arrayType16.xml
2 ms. Memory: 1707520K Free: 1413682K (83%)
----------------- Invoking toplevel() on ptolemy.moml.MoMLSimpleApplication@66024b29
----------------- Done invoking toplevel() on ptolemy.moml.MoMLSimpleApplication@66024b29
reloadAllAccessors: .arrayType16

===========================================================================================
----------------- testing Thu Oct 25 02:32:30 UTC 2018 /home/travis/build/icyphy/ptII/ptolemy/actor/lib/test/auto/arrayType17.xml
----------------- Instantiating /home/travis/build/icyphy/ptII/ptolemy/actor/lib/test/auto/arrayType17.xml
2 ms. Memory: 1707520K Free: 1393868K (82%)
----------------- Invoking toplevel() on ptolemy.moml.MoMLSimpleApplication@4ef3cd6a
----------------- Done invoking toplevel() on ptolemy.moml.MoMLSimpleApplication@4ef3cd6a
reloadAllAccessors: .arrayType17

===========================================================================================
----------------- testing Thu Oct 25 02:32:30 UTC 2018 /home/travis/build/icyphy/ptII/ptolemy/actor/lib/test/auto/arrayType18.xml
----------------- Instantiating /home/travis/build/icyphy/ptII/ptolemy/actor/lib/test/auto/arrayType18.xml
1 ms. Memory: 1707520K Free: 1374054K (80%)
----------------- Invoking toplevel() on ptolemy.moml.MoMLSimpleApplication@19abb04b
----------------- Done invoking toplevel() on ptolemy.moml.MoMLSimpleApplication@19abb04b
reloadAllAccessors: .arrayType18

===========================================================================================
----------------- testing Thu Oct 25 02:32:30 UTC 2018 /home/travis/build/icyphy/ptII/ptolemy/actor/lib/test/auto/arrayType19.xml
----------------- Instantiating /home/travis/build/icyphy/ptII/ptolemy/actor/lib/test/auto/arrayType19.xml
1 ms. Memory: 1707520K Free: 1358182K (80%)
----------------- Invoking toplevel() on ptolemy.moml.MoMLSimpleApplication@49b0abc0
----------------- Done invoking toplevel() on ptolemy.moml.MoMLSimpleApplication@49b0abc0
reloadAllAccessors: .arrayType19

===========================================================================================
----------------- testing Thu Oct 25 02:32:30 UTC 2018 /home/travis/build/icyphy/ptII/ptolemy/actor/lib/test/auto/arrayType2.xml
----------------- Instantiating /home/travis/build/icyphy/ptII/ptolemy/actor/lib/test/auto/arrayType2.xml
2 ms. Memory: 1707520K Free: 1338368K (78%)
----------------- Invoking toplevel() on ptolemy.moml.MoMLSimpleApplication@21ec219e
----------------- Done invoking toplevel() on ptolemy.moml.MoMLSimpleApplication@21ec219e
reloadAllAccessors: .arrayType2

===========================================================================================
----------------- testing Thu Oct 25 02:32:30 UTC 2018 /home/travis/build/icyphy/ptII/ptolemy/actor/lib/test/auto/arrayType20.xml
----------------- Instantiating /home/travis/build/icyphy/ptII/ptolemy/actor/lib/test/auto/arrayType20.xml
1 ms. Memory: 1707520K Free: 1322496K (77%)
----------------- Invoking toplevel() on ptolemy.moml.MoMLSimpleApplication@3642fbb7
----------------- Done invoking toplevel() on ptolemy.moml.MoMLSimpleApplication@3642fbb7
reloadAllAccessors: .arrayType20

===========================================================================================
----------------- testing Thu Oct 25 02:32:30 UTC 2018 /home/travis/build/icyphy/ptII/ptolemy/actor/lib/test/auto/arrayType21.xml
----------------- Instantiating /home/travis/build/icyphy/ptII/ptolemy/actor/lib/test/auto/arrayType21.xml
2 ms. Memory: 1707520K Free: 1302682K (76%)
----------------- Invoking toplevel() on ptolemy.moml.MoMLSimpleApplication@6baab0ee
----------------- Done invoking toplevel() on ptolemy.moml.MoMLSimpleApplication@6baab0ee
reloadAllAccessors: .arrayType21

===========================================================================================
----------------- testing Thu Oct 25 02:32:30 UTC 2018 /home/travis/build/icyphy/ptII/ptolemy/actor/lib/test/auto/arrayType22.xml
----------------- Instantiating /home/travis/build/icyphy/ptII/ptolemy/actor/lib/test/auto/arrayType22.xml
3 ms. Memory: 1707520K Free: 1282868K (75%)
----------------- Invoking toplevel() on ptolemy.moml.MoMLSimpleApplication@52b27de7
----------------- Done invoking toplevel() on ptolemy.moml.MoMLSimpleApplication@52b27de7
reloadAllAccessors: .arrayType22

===========================================================================================
----------------- testing Thu Oct 25 02:32:30 UTC 2018 /home/travis/build/icyphy/ptII/ptolemy/actor/lib/test/auto/arrayType23.xml
----------------- Instantiating /home/travis/build/icyphy/ptII/ptolemy/actor/lib/test/auto/arrayType23.xml
3 ms. Memory: 1707520K Free: 1266979K (74%)
----------------- Invoking toplevel() on ptolemy.moml.MoMLSimpleApplication@55c6b3b8
----------------- Done invoking toplevel() on ptolemy.moml.MoMLSimpleApplication@55c6b3b8
reloadAllAccessors: .arrayType23

===========================================================================================
----------------- testing Thu Oct 25 02:32:30 UTC 2018 /home/travis/build/icyphy/ptII/ptolemy/actor/lib/test/auto/arrayType24.xml
----------------- Instantiating /home/travis/build/icyphy/ptII/ptolemy/actor/lib/test/auto/arrayType24.xml
1 ms. Memory: 1707520K Free: 1247165K (73%)
----------------- Invoking toplevel() on ptolemy.moml.MoMLSimpleApplication@e2a8186
----------------- Done invoking toplevel() on ptolemy.moml.MoMLSimpleApplication@e2a8186
reloadAllAccessors: .arrayType24

===========================================================================================
----------------- testing Thu Oct 25 02:32:30 UTC 2018 /home/travis/build/icyphy/ptII/ptolemy/actor/lib/test/auto/arrayType25.xml
----------------- Instantiating /home/travis/build/icyphy/ptII/ptolemy/actor/lib/test/auto/arrayType25.xml
2 ms. Memory: 1707520K Free: 1227351K (72%)
----------------- Invoking toplevel() on ptolemy.moml.MoMLSimpleApplication@321f5fd2
----------------- Done invoking toplevel() on ptolemy.moml.MoMLSimpleApplication@321f5fd2
reloadAllAccessors: .arrayType25

===========================================================================================
----------------- testing Thu Oct 25 02:32:30 UTC 2018 /home/travis/build/icyphy/ptII/ptolemy/actor/lib/test/auto/arrayType26.xml
----------------- Instantiating /home/travis/build/icyphy/ptII/ptolemy/actor/lib/test/auto/arrayType26.xml
1 ms. Memory: 1707520K Free: 1211479K (71%)
----------------- Invoking toplevel() on ptolemy.moml.MoMLSimpleApplication@5d34e511
----------------- Done invoking toplevel() on ptolemy.moml.MoMLSimpleApplication@5d34e511
reloadAllAccessors: .arrayType26

===========================================================================================
----------------- testing Thu Oct 25 02:32:30 UTC 2018 /home/travis/build/icyphy/ptII/ptolemy/actor/lib/test/auto/arrayType27.xml
----------------- Instantiating /home/travis/build/icyphy/ptII/ptolemy/actor/lib/test/auto/arrayType27.xml
1 ms. Memory: 1707520K Free: 1191665K (70%)
----------------- Invoking toplevel() on ptolemy.moml.MoMLSimpleApplication@4f17b73c
----------------- Done invoking toplevel() on ptolemy.moml.MoMLSimpleApplication@4f17b73c
reloadAllAccessors: .arrayType27

===========================================================================================
----------------- testing Thu Oct 25 02:32:30 UTC 2018 /home/travis/build/icyphy/ptII/ptolemy/actor/lib/test/auto/arrayType28.xml
----------------- Instantiating /home/travis/build/icyphy/ptII/ptolemy/actor/lib/test/auto/arrayType28.xml
1 ms. Memory: 1707520K Free: 1171851K (69%)
----------------- Invoking toplevel() on ptolemy.moml.MoMLSimpleApplication@4730ba10
----------------- Done invoking toplevel() on ptolemy.moml.MoMLSimpleApplication@4730ba10
reloadAllAccessors: .arrayType28

===========================================================================================
----------------- testing Thu Oct 25 02:32:30 UTC 2018 /home/travis/build/icyphy/ptII/ptolemy/actor/lib/test/auto/arrayType3.xml
----------------- Instantiating /home/travis/build/icyphy/ptII/ptolemy/actor/lib/test/auto/arrayType3.xml
1 ms. Memory: 1707520K Free: 1155979K (68%)
----------------- Invoking toplevel() on ptolemy.moml.MoMLSimpleApplication@f6ce21c
----------------- Done invoking toplevel() on ptolemy.moml.MoMLSimpleApplication@f6ce21c
reloadAllAccessors: .arrayType3

===========================================================================================
----------------- testing Thu Oct 25 02:32:30 UTC 2018 /home/travis/build/icyphy/ptII/ptolemy/actor/lib/test/auto/arrayType4.xml
----------------- Instantiating /home/travis/build/icyphy/ptII/ptolemy/actor/lib/test/auto/arrayType4.xml
1 ms. Memory: 1707520K Free: 1136165K (67%)
----------------- Invoking toplevel() on ptolemy.moml.MoMLSimpleApplication@516429ac
----------------- Done invoking toplevel() on ptolemy.moml.MoMLSimpleApplication@516429ac
reloadAllAccessors: .arrayType4

===========================================================================================
----------------- testing Thu Oct 25 02:32:30 UTC 2018 /home/travis/build/icyphy/ptII/ptolemy/actor/lib/test/auto/arrayType5.xml
----------------- Instantiating /home/travis/build/icyphy/ptII/ptolemy/actor/lib/test/auto/arrayType5.xml
1 ms. Memory: 1707520K Free: 1116351K (65%)
----------------- Invoking toplevel() on ptolemy.moml.MoMLSimpleApplication@2f8ba437
----------------- Done invoking toplevel() on ptolemy.moml.MoMLSimpleApplication@2f8ba437
reloadAllAccessors: .arrayType5

===========================================================================================
----------------- testing Thu Oct 25 02:32:30 UTC 2018 /home/travis/build/icyphy/ptII/ptolemy/actor/lib/test/auto/arrayType6.xml
----------------- Instantiating /home/travis/build/icyphy/ptII/ptolemy/actor/lib/test/auto/arrayType6.xml
2 ms. Memory: 1707520K Free: 1100479K (64%)
----------------- Invoking toplevel() on ptolemy.moml.MoMLSimpleApplication@7cf1bf77
----------------- Done invoking toplevel() on ptolemy.moml.MoMLSimpleApplication@7cf1bf77
reloadAllAccessors: .arrayType6

===========================================================================================
----------------- testing Thu Oct 25 02:32:30 UTC 2018 /home/travis/build/icyphy/ptII/ptolemy/actor/lib/test/auto/arrayType7.xml
----------------- Instantiating /home/travis/build/icyphy/ptII/ptolemy/actor/lib/test/auto/arrayType7.xml
1 ms. Memory: 1707520K Free: 1080665K (63%)
----------------- Invoking toplevel() on ptolemy.moml.MoMLSimpleApplication@27c96773
----------------- Done invoking toplevel() on ptolemy.moml.MoMLSimpleApplication@27c96773
reloadAllAccessors: .arrayType7

===========================================================================================
----------------- testing Thu Oct 25 02:32:30 UTC 2018 /home/travis/build/icyphy/ptII/ptolemy/actor/lib/test/auto/arrayType8.xml
----------------- Instantiating /home/travis/build/icyphy/ptII/ptolemy/actor/lib/test/auto/arrayType8.xml
1 ms. Memory: 1707520K Free: 1060851K (62%)
----------------- Invoking toplevel() on ptolemy.moml.MoMLSimpleApplication@42c5cfde
----------------- Done invoking toplevel() on ptolemy.moml.MoMLSimpleApplication@42c5cfde
reloadAllAccessors: .arrayType8

===========================================================================================
----------------- testing Thu Oct 25 02:32:30 UTC 2018 /home/travis/build/icyphy/ptII/ptolemy/actor/lib/test/auto/arrayType9.xml
----------------- Instantiating /home/travis/build/icyphy/ptII/ptolemy/actor/lib/test/auto/arrayType9.xml
1 ms. Memory: 1707520K Free: 1044979K (61%)
----------------- Invoking toplevel() on ptolemy.moml.MoMLSimpleApplication@37d825
----------------- Done invoking toplevel() on ptolemy.moml.MoMLSimpleApplication@37d825
reloadAllAccessors: .arrayType9

===========================================================================================
----------------- testing Thu Oct 25 02:32:30 UTC 2018 /home/travis/build/icyphy/ptII/ptolemy/actor/lib/test/auto/cast.xml
----------------- Instantiating /home/travis/build/icyphy/ptII/ptolemy/actor/lib/test/auto/cast.xml
2 ms. Memory: 1707520K Free: 1025165K (60%)
----------------- Invoking toplevel() on ptolemy.moml.MoMLSimpleApplication@3a663ba6
----------------- Done invoking toplevel() on ptolemy.moml.MoMLSimpleApplication@3a663ba6
reloadAllAccessors: .cast

===========================================================================================
----------------- testing Thu Oct 25 02:32:30 UTC 2018 /home/travis/build/icyphy/ptII/ptolemy/actor/lib/test/auto/compositeMultiPort.xml
----------------- Instantiating /home/travis/build/icyphy/ptII/ptolemy/actor/lib/test/auto/compositeMultiPort.xml
4 ms. Memory: 1707520K Free: 1005351K (59%)
----------------- Invoking toplevel() on ptolemy.moml.MoMLSimpleApplication@55b9084a
----------------- Done invoking toplevel() on ptolemy.moml.MoMLSimpleApplication@55b9084a
reloadAllAccessors: .compositeMultiPort

===========================================================================================
----------------- testing Thu Oct 25 02:32:30 UTC 2018 /home/travis/build/icyphy/ptII/ptolemy/actor/lib/test/auto/expressionCastInference.xml
----------------- Instantiating /home/travis/build/icyphy/ptII/ptolemy/actor/lib/test/auto/expressionCastInference.xml
2 ms. Memory: 1707520K Free: 989479K (58%)
----------------- Invoking toplevel() on ptolemy.moml.MoMLSimpleApplication@7c484218
----------------- Done invoking toplevel() on ptolemy.moml.MoMLSimpleApplication@7c484218
reloadAllAccessors: .expressionCastInference

===========================================================================================
----------------- testing Thu Oct 25 02:32:30 UTC 2018 /home/travis/build/icyphy/ptII/ptolemy/actor/lib/test/auto/expressionCastInference2.xml
----------------- Instantiating /home/travis/build/icyphy/ptII/ptolemy/actor/lib/test/auto/expressionCastInference2.xml
2 ms. Memory: 1707520K Free: 969665K (57%)
----------------- Invoking toplevel() on ptolemy.moml.MoMLSimpleApplication@19ec1202
----------------- Done invoking toplevel() on ptolemy.moml.MoMLSimpleApplication@19ec1202
reloadAllAccessors: .expressionCastInference2

===========================================================================================
----------------- testing Thu Oct 25 02:32:30 UTC 2018 /home/travis/build/icyphy/ptII/ptolemy/actor/lib/test/auto/expressionInference.xml
----------------- Instantiating /home/travis/build/icyphy/ptII/ptolemy/actor/lib/test/auto/expressionInference.xml
1 ms. Memory: 1707520K Free: 949851K (56%)
----------------- Invoking toplevel() on ptolemy.moml.MoMLSimpleApplication@5a806e95
----------------- Done invoking toplevel() on ptolemy.moml.MoMLSimpleApplication@5a806e95
reloadAllAccessors: .expressionInference

===========================================================================================
----------------- testing Thu Oct 25 02:32:30 UTC 2018 /home/travis/build/icyphy/ptII/ptolemy/actor/lib/test/auto/expression_bug.xml
----------------- Instantiating /home/travis/build/icyphy/ptII/ptolemy/actor/lib/test/auto/expression_bug.xml
1 ms. Memory: 1707520K Free: 933979K (55%)
----------------- Invoking toplevel() on ptolemy.moml.MoMLSimpleApplication@55a1dc0
----------------- Done invoking toplevel() on ptolemy.moml.MoMLSimpleApplication@55a1dc0
reloadAllAccessors: .expression_bug

===========================================================================================
----------------- testing Thu Oct 25 02:32:30 UTC 2018 /home/travis/build/icyphy/ptII/ptolemy/actor/lib/test/auto/factorial.xml
----------------- Instantiating /home/travis/build/icyphy/ptII/ptolemy/actor/lib/test/auto/factorial.xml
30 ms. Memory: 1707520K Free: 914165K (54%)
----------------- Invoking toplevel() on ptolemy.moml.MoMLSimpleApplication@7cdb9885
----------------- Done invoking toplevel() on ptolemy.moml.MoMLSimpleApplication@7cdb9885
reloadAllAccessors: .factorial

===========================================================================================
----------------- testing Thu Oct 25 02:32:30 UTC 2018 /home/travis/build/icyphy/ptII/ptolemy/actor/lib/test/auto/filterTest1.xml
----------------- Instantiating /home/travis/build/icyphy/ptII/ptolemy/actor/lib/test/auto/filterTest1.xml
2 ms. Memory: 1707520K Free: 894351K (52%)
----------------- Invoking toplevel() on ptolemy.moml.MoMLSimpleApplication@265e326a
----------------- Done invoking toplevel() on ptolemy.moml.MoMLSimpleApplication@265e326a
reloadAllAccessors: .filterTest1

===========================================================================================
----------------- testing Thu Oct 25 02:32:30 UTC 2018 /home/travis/build/icyphy/ptII/ptolemy/actor/lib/test/auto/funcApplyInConst.xml
----------------- Instantiating /home/travis/build/icyphy/ptII/ptolemy/actor/lib/test/auto/funcApplyInConst.xml
1 ms. Memory: 1707520K Free: 878479K (51%)
----------------- Invoking toplevel() on ptolemy.moml.MoMLSimpleApplication@76f775e8
----------------- Done invoking toplevel() on ptolemy.moml.MoMLSimpleApplication@76f775e8
reloadAllAccessors: .funcApplyInConst

===========================================================================================
----------------- testing Thu Oct 25 02:32:30 UTC 2018 /home/travis/build/icyphy/ptII/ptolemy/actor/lib/test/auto/funcApplyInExpr.xml
----------------- Instantiating /home/travis/build/icyphy/ptII/ptolemy/actor/lib/test/auto/funcApplyInExpr.xml
1 ms. Memory: 1707520K Free: 858665K (50%)
----------------- Invoking toplevel() on ptolemy.moml.MoMLSimpleApplication@278b085a
----------------- Done invoking toplevel() on ptolemy.moml.MoMLSimpleApplication@278b085a
reloadAllAccessors: .funcApplyInExpr

===========================================================================================
----------------- testing Thu Oct 25 02:32:30 UTC 2018 /home/travis/build/icyphy/ptII/ptolemy/actor/lib/test/auto/function.xml
----------------- Instantiating /home/travis/build/icyphy/ptII/ptolemy/actor/lib/test/auto/function.xml
1 ms. Memory: 1707520K Free: 842793K (49%)
----------------- Invoking toplevel() on ptolemy.moml.MoMLSimpleApplication@2760735d
----------------- Done invoking toplevel() on ptolemy.moml.MoMLSimpleApplication@2760735d
reloadAllAccessors: .function

===========================================================================================
----------------- testing Thu Oct 25 02:32:30 UTC 2018 /home/travis/build/icyphy/ptII/ptolemy/actor/lib/test/auto/function2.xml
----------------- Instantiating /home/travis/build/icyphy/ptII/ptolemy/actor/lib/test/auto/function2.xml
1 ms. Memory: 1707520K Free: 822979K (48%)
----------------- Invoking toplevel() on ptolemy.moml.MoMLSimpleApplication@7942a1ab
----------------- Done invoking toplevel() on ptolemy.moml.MoMLSimpleApplication@7942a1ab
reloadAllAccessors: .function2

===========================================================================================
----------------- testing Thu Oct 25 02:32:30 UTC 2018 /home/travis/build/icyphy/ptII/ptolemy/actor/lib/test/auto/function3.xml
----------------- Instantiating /home/travis/build/icyphy/ptII/ptolemy/actor/lib/test/auto/function3.xml
1 ms. Memory: 1707520K Free: 803165K (47%)
----------------- Invoking toplevel() on ptolemy.moml.MoMLSimpleApplication@4fd2310a
----------------- Done invoking toplevel() on ptolemy.moml.MoMLSimpleApplication@4fd2310a
reloadAllAccessors: .function3

===========================================================================================
----------------- testing Thu Oct 25 02:32:30 UTC 2018 /home/travis/build/icyphy/ptII/ptolemy/actor/lib/test/auto/functionClosureTest1.xml
----------------- Instantiating /home/travis/build/icyphy/ptII/ptolemy/actor/lib/test/auto/functionClosureTest1.xml
1 ms. Memory: 1707520K Free: 787293K (46%)
----------------- Invoking toplevel() on ptolemy.moml.MoMLSimpleApplication@1b42eb34
----------------- Done invoking toplevel() on ptolemy.moml.MoMLSimpleApplication@1b42eb34
reloadAllAccessors: .functionClosureTest1

===========================================================================================
----------------- testing Thu Oct 25 02:32:30 UTC 2018 /home/travis/build/icyphy/ptII/ptolemy/actor/lib/test/auto/functionClosureTest2.xml
----------------- Instantiating /home/travis/build/icyphy/ptII/ptolemy/actor/lib/test/auto/functionClosureTest2.xml
2 ms. Memory: 1707520K Free: 767479K (45%)
----------------- Invoking toplevel() on ptolemy.moml.MoMLSimpleApplication@50e1e30e
----------------- Done invoking toplevel() on ptolemy.moml.MoMLSimpleApplication@50e1e30e
reloadAllAccessors: .functionClosureTest2

===========================================================================================
----------------- testing Thu Oct 25 02:32:30 UTC 2018 /home/travis/build/icyphy/ptII/ptolemy/actor/lib/test/auto/functionClosureTest3.xml
----------------- Instantiating /home/travis/build/icyphy/ptII/ptolemy/actor/lib/test/auto/functionClosureTest3.xml
2 ms. Memory: 1707520K Free: 747664K (44%)
----------------- Invoking toplevel() on ptolemy.moml.MoMLSimpleApplication@183db82e
----------------- Done invoking toplevel() on ptolemy.moml.MoMLSimpleApplication@183db82e
reloadAllAccessors: .functionClosureTest3

===========================================================================================
----------------- testing Thu Oct 25 02:32:30 UTC 2018 /home/travis/build/icyphy/ptII/ptolemy/actor/lib/test/auto/functionClosureTest4.xml
----------------- Instantiating /home/travis/build/icyphy/ptII/ptolemy/actor/lib/test/auto/functionClosureTest4.xml
4 ms. Memory: 1707520K Free: 731792K (43%)
----------------- Invoking toplevel() on ptolemy.moml.MoMLSimpleApplication@32d43f34
----------------- Done invoking toplevel() on ptolemy.moml.MoMLSimpleApplication@32d43f34
reloadAllAccessors: .functionClosureTest4

===========================================================================================
----------------- testing Thu Oct 25 02:32:30 UTC 2018 /home/travis/build/icyphy/ptII/ptolemy/actor/lib/test/auto/functionClosureTest5.xml
----------------- Instantiating /home/travis/build/icyphy/ptII/ptolemy/actor/lib/test/auto/functionClosureTest5.xml
4 ms. Memory: 1707520K Free: 711978K (42%)
----------------- Invoking toplevel() on ptolemy.moml.MoMLSimpleApplication@50aadf31
----------------- Done invoking toplevel() on ptolemy.moml.MoMLSimpleApplication@50aadf31
reloadAllAccessors: .functionClosureTest5

===========================================================================================
----------------- testing Thu Oct 25 02:32:30 UTC 2018 /home/travis/build/icyphy/ptII/ptolemy/actor/lib/test/auto/functionClosureTest6.xml
----------------- Instantiating /home/travis/build/icyphy/ptII/ptolemy/actor/lib/test/auto/functionClosureTest6.xml
1 ms. Memory: 1707520K Free: 692164K (41%)
----------------- Invoking toplevel() on ptolemy.moml.MoMLSimpleApplication@3b9a650a
----------------- Done invoking toplevel() on ptolemy.moml.MoMLSimpleApplication@3b9a650a
reloadAllAccessors: .functionClosureTest6

===========================================================================================
----------------- testing Thu Oct 25 02:32:30 UTC 2018 /home/travis/build/icyphy/ptII/ptolemy/actor/lib/test/auto/functionsOnArcs.xml
----------------- Instantiating /home/travis/build/icyphy/ptII/ptolemy/actor/lib/test/auto/functionsOnArcs.xml
2 ms. Memory: 1707520K Free: 676292K (40%)
----------------- Invoking toplevel() on ptolemy.moml.MoMLSimpleApplication@1db0801e
----------------- Done invoking toplevel() on ptolemy.moml.MoMLSimpleApplication@1db0801e
reloadAllAccessors: .functionsOnArcs

===========================================================================================
----------------- testing Thu Oct 25 02:32:30 UTC 2018 /home/travis/build/icyphy/ptII/ptolemy/actor/lib/test/auto/functionsOnArcsHOF.xml
----------------- Instantiating /home/travis/build/icyphy/ptII/ptolemy/actor/lib/test/auto/functionsOnArcsHOF.xml
3 ms. Memory: 1707520K Free: 656478K (38%)
----------------- Invoking toplevel() on ptolemy.moml.MoMLSimpleApplication@2bc8c591
----------------- Done invoking toplevel() on ptolemy.moml.MoMLSimpleApplication@2bc8c591
reloadAllAccessors: .functionsOnArcsHOF

===========================================================================================
----------------- testing Thu Oct 25 02:32:30 UTC 2018 /home/travis/build/icyphy/ptII/ptolemy/actor/lib/test/auto/logic.xml
----------------- Instantiating /home/travis/build/icyphy/ptII/ptolemy/actor/lib/test/auto/logic.xml
2 ms. Memory: 1707520K Free: 636664K (37%)
----------------- Invoking toplevel() on ptolemy.moml.MoMLSimpleApplication@15cb7911
----------------- Done invoking toplevel() on ptolemy.moml.MoMLSimpleApplication@15cb7911
reloadAllAccessors: .logic

===========================================================================================
----------------- testing Thu Oct 25 02:32:30 UTC 2018 /home/travis/build/icyphy/ptII/ptolemy/actor/lib/test/auto/matrixType.xml
----------------- Instantiating /home/travis/build/icyphy/ptII/ptolemy/actor/lib/test/auto/matrixType.xml
1 ms. Memory: 1707520K Free: 620792K (36%)
----------------- Invoking toplevel() on ptolemy.moml.MoMLSimpleApplication@65929203
----------------- Done invoking toplevel() on ptolemy.moml.MoMLSimpleApplication@65929203
reloadAllAccessors: .matrixType

===========================================================================================
----------------- testing Thu Oct 25 02:32:30 UTC 2018 /home/travis/build/icyphy/ptII/ptolemy/actor/lib/test/auto/matrixType10.xml
----------------- Instantiating /home/travis/build/icyphy/ptII/ptolemy/actor/lib/test/auto/matrixType10.xml
1 ms. Memory: 1707520K Free: 600978K (35%)
----------------- Invoking toplevel() on ptolemy.moml.MoMLSimpleApplication@571b14f
----------------- Done invoking toplevel() on ptolemy.moml.MoMLSimpleApplication@571b14f
reloadAllAccessors: .matrixType10

===========================================================================================
----------------- testing Thu Oct 25 02:32:30 UTC 2018 /home/travis/build/icyphy/ptII/ptolemy/actor/lib/test/auto/matrixType11.xml
----------------- Instantiating /home/travis/build/icyphy/ptII/ptolemy/actor/lib/test/auto/matrixType11.xml
1 ms. Memory: 1707520K Free: 581163K (34%)
----------------- Invoking toplevel() on ptolemy.moml.MoMLSimpleApplication@15f144c1
----------------- Done invoking toplevel() on ptolemy.moml.MoMLSimpleApplication@15f144c1
reloadAllAccessors: .matrixType11

===========================================================================================
----------------- testing Thu Oct 25 02:32:31 UTC 2018 /home/travis/build/icyphy/ptII/ptolemy/actor/lib/test/auto/matrixType12.xml
----------------- Instantiating /home/travis/build/icyphy/ptII/ptolemy/actor/lib/test/auto/matrixType12.xml
1 ms. Memory: 1707520K Free: 565291K (33%)
----------------- Invoking toplevel() on ptolemy.moml.MoMLSimpleApplication@60fd3d8e
----------------- Done invoking toplevel() on ptolemy.moml.MoMLSimpleApplication@60fd3d8e
reloadAllAccessors: .matrixType12

===========================================================================================
----------------- testing Thu Oct 25 02:32:31 UTC 2018 /home/travis/build/icyphy/ptII/ptolemy/actor/lib/test/auto/matrixType13.xml
----------------- Instantiating /home/travis/build/icyphy/ptII/ptolemy/actor/lib/test/auto/matrixType13.xml
2 ms. Memory: 1707520K Free: 545477K (32%)
----------------- Invoking toplevel() on ptolemy.moml.MoMLSimpleApplication@4e1a00e1
----------------- Done invoking toplevel() on ptolemy.moml.MoMLSimpleApplication@4e1a00e1
reloadAllAccessors: .matrixType13

===========================================================================================
----------------- testing Thu Oct 25 02:32:31 UTC 2018 /home/travis/build/icyphy/ptII/ptolemy/actor/lib/test/auto/matrixType14.xml
----------------- Instantiating /home/travis/build/icyphy/ptII/ptolemy/actor/lib/test/auto/matrixType14.xml
1 ms. Memory: 1707520K Free: 525663K (31%)
----------------- Invoking toplevel() on ptolemy.moml.MoMLSimpleApplication@11ccc981
----------------- Done invoking toplevel() on ptolemy.moml.MoMLSimpleApplication@11ccc981
reloadAllAccessors: .matrixType14

===========================================================================================
----------------- testing Thu Oct 25 02:32:31 UTC 2018 /home/travis/build/icyphy/ptII/ptolemy/actor/lib/test/auto/matrixType2.xml
----------------- Instantiating /home/travis/build/icyphy/ptII/ptolemy/actor/lib/test/auto/matrixType2.xml
1 ms. Memory: 1707520K Free: 509791K (30%)
----------------- Invoking toplevel() on ptolemy.moml.MoMLSimpleApplication@7bd28758
----------------- Done invoking toplevel() on ptolemy.moml.MoMLSimpleApplication@7bd28758
reloadAllAccessors: .matrixType2

===========================================================================================
----------------- testing Thu Oct 25 02:32:31 UTC 2018 /home/travis/build/icyphy/ptII/ptolemy/actor/lib/test/auto/matrixType3.xml
----------------- Instantiating /home/travis/build/icyphy/ptII/ptolemy/actor/lib/test/auto/matrixType3.xml
3 ms. Memory: 1707520K Free: 489977K (29%)
----------------- Invoking toplevel() on ptolemy.moml.MoMLSimpleApplication@14cf4c33
----------------- Done invoking toplevel() on ptolemy.moml.MoMLSimpleApplication@14cf4c33
reloadAllAccessors: .matrixType3

===========================================================================================
----------------- testing Thu Oct 25 02:32:31 UTC 2018 /home/travis/build/icyphy/ptII/ptolemy/actor/lib/test/auto/matrixType4.xml
----------------- Instantiating /home/travis/build/icyphy/ptII/ptolemy/actor/lib/test/auto/matrixType4.xml
1 ms. Memory: 1707520K Free: 470163K (28%)
----------------- Invoking toplevel() on ptolemy.moml.MoMLSimpleApplication@ac8ab1d
----------------- Done invoking toplevel() on ptolemy.moml.MoMLSimpleApplication@ac8ab1d
reloadAllAccessors: .matrixType4

===========================================================================================
----------------- testing Thu Oct 25 02:32:31 UTC 2018 /home/travis/build/icyphy/ptII/ptolemy/actor/lib/test/auto/matrixType5.xml
----------------- Instantiating /home/travis/build/icyphy/ptII/ptolemy/actor/lib/test/auto/matrixType5.xml
1 ms. Memory: 1707520K Free: 454291K (27%)
----------------- Invoking toplevel() on ptolemy.moml.MoMLSimpleApplication@73f9b70b
----------------- Done invoking toplevel() on ptolemy.moml.MoMLSimpleApplication@73f9b70b
reloadAllAccessors: .matrixType5

===========================================================================================
----------------- testing Thu Oct 25 02:32:31 UTC 2018 /home/travis/build/icyphy/ptII/ptolemy/actor/lib/test/auto/matrixType6.xml
----------------- Instantiating /home/travis/build/icyphy/ptII/ptolemy/actor/lib/test/auto/matrixType6.xml
1 ms. Memory: 1707520K Free: 434477K (25%)
----------------- Invoking toplevel() on ptolemy.moml.MoMLSimpleApplication@564fb20a
----------------- Done invoking toplevel() on ptolemy.moml.MoMLSimpleApplication@564fb20a
reloadAllAccessors: .matrixType6

===========================================================================================
----------------- testing Thu Oct 25 02:32:31 UTC 2018 /home/travis/build/icyphy/ptII/ptolemy/actor/lib/test/auto/matrixType7.xml
----------------- Instantiating /home/travis/build/icyphy/ptII/ptolemy/actor/lib/test/auto/matrixType7.xml
2 ms. Memory: 1707520K Free: 414663K (24%)
----------------- Invoking toplevel() on ptolemy.moml.MoMLSimpleApplication@5815f1da
----------------- Done invoking toplevel() on ptolemy.moml.MoMLSimpleApplication@5815f1da
reloadAllAccessors: .matrixType7

===========================================================================================
----------------- testing Thu Oct 25 02:32:31 UTC 2018 /home/travis/build/icyphy/ptII/ptolemy/actor/lib/test/auto/matrixType8.xml
----------------- Instantiating /home/travis/build/icyphy/ptII/ptolemy/actor/lib/test/auto/matrixType8.xml
1 ms. Memory: 1707520K Free: 398791K (23%)
----------------- Invoking toplevel() on ptolemy.moml.MoMLSimpleApplication@681aa6d5
----------------- Done invoking toplevel() on ptolemy.moml.MoMLSimpleApplication@681aa6d5
reloadAllAccessors: .matrixType8

===========================================================================================
----------------- testing Thu Oct 25 02:32:31 UTC 2018 /home/travis/build/icyphy/ptII/ptolemy/actor/lib/test/auto/matrixType9.xml
----------------- Instantiating /home/travis/build/icyphy/ptII/ptolemy/actor/lib/test/auto/matrixType9.xml
1 ms. Memory: 1707520K Free: 378977K (22%)
----------------- Invoking toplevel() on ptolemy.moml.MoMLSimpleApplication@65a6db4b
----------------- Done invoking toplevel() on ptolemy.moml.MoMLSimpleApplication@65a6db4b
reloadAllAccessors: .matrixType9

===========================================================================================
----------------- testing Thu Oct 25 02:32:31 UTC 2018 /home/travis/build/icyphy/ptII/ptolemy/actor/lib/test/auto/paraFunctest.xml
----------------- Instantiating /home/travis/build/icyphy/ptII/ptolemy/actor/lib/test/auto/paraFunctest.xml
2 ms. Memory: 1707520K Free: 359163K (21%)
----------------- Invoking toplevel() on ptolemy.moml.MoMLSimpleApplication@577359fd
----------------- Done invoking toplevel() on ptolemy.moml.MoMLSimpleApplication@577359fd
reloadAllAccessors: .paraFunctest

===========================================================================================
----------------- testing Thu Oct 25 02:32:31 UTC 2018 /home/travis/build/icyphy/ptII/ptolemy/actor/lib/test/auto/paraFunctest2.xml
----------------- Instantiating /home/travis/build/icyphy/ptII/ptolemy/actor/lib/test/auto/paraFunctest2.xml
1 ms. Memory: 1707520K Free: 343291K (20%)
----------------- Invoking toplevel() on ptolemy.moml.MoMLSimpleApplication@1d248653
----------------- Done invoking toplevel() on ptolemy.moml.MoMLSimpleApplication@1d248653
reloadAllAccessors: .paraFunctest2

===========================================================================================
----------------- testing Thu Oct 25 02:32:31 UTC 2018 /home/travis/build/icyphy/ptII/ptolemy/actor/lib/test/auto/parameterPassing.xml
----------------- Instantiating /home/travis/build/icyphy/ptII/ptolemy/actor/lib/test/auto/parameterPassing.xml
1 ms. Memory: 1707520K Free: 323477K (19%)
----------------- Invoking toplevel() on ptolemy.moml.MoMLSimpleApplication@49db9e04
----------------- Done invoking toplevel() on ptolemy.moml.MoMLSimpleApplication@49db9e04
reloadAllAccessors: .parameterPassing

===========================================================================================
----------------- testing Thu Oct 25 02:32:31 UTC 2018 /home/travis/build/icyphy/ptII/ptolemy/actor/lib/test/auto/record.xml
----------------- Instantiating /home/travis/build/icyphy/ptII/ptolemy/actor/lib/test/auto/record.xml
1 ms. Memory: 1707520K Free: 303662K (18%)
----------------- Invoking toplevel() on ptolemy.moml.MoMLSimpleApplication@1bb194bc
----------------- Done invoking toplevel() on ptolemy.moml.MoMLSimpleApplication@1bb194bc
reloadAllAccessors: .record

===========================================================================================
----------------- testing Thu Oct 25 02:32:31 UTC 2018 /home/travis/build/icyphy/ptII/ptolemy/actor/lib/test/auto/sizedarray1.xml
----------------- Instantiating /home/travis/build/icyphy/ptII/ptolemy/actor/lib/test/auto/sizedarray1.xml
1 ms. Memory: 1707520K Free: 287790K (17%)
----------------- Invoking toplevel() on ptolemy.moml.MoMLSimpleApplication@4ed0ea8
----------------- Done invoking toplevel() on ptolemy.moml.MoMLSimpleApplication@4ed0ea8
reloadAllAccessors: .sizedarray1

===========================================================================================
----------------- testing Thu Oct 25 02:32:31 UTC 2018 /home/travis/build/icyphy/ptII/ptolemy/actor/lib/test/auto/sizedarray2.xml
----------------- Instantiating /home/travis/build/icyphy/ptII/ptolemy/actor/lib/test/auto/sizedarray2.xml
2 ms. Memory: 1707520K Free: 267976K (16%)
----------------- Invoking toplevel() on ptolemy.moml.MoMLSimpleApplication@1d56fe03
----------------- Done invoking toplevel() on ptolemy.moml.MoMLSimpleApplication@1d56fe03
reloadAllAccessors: .sizedarray2

===========================================================================================
----------------- testing Thu Oct 25 02:32:31 UTC 2018 /home/travis/build/icyphy/ptII/ptolemy/actor/lib/test/auto/twoPublishers.xml
----------------- Instantiating /home/travis/build/icyphy/ptII/ptolemy/actor/lib/test/auto/twoPublishers.xml
4 ms. Memory: 1707520K Free: 240210K (14%)
----------------- Invoking toplevel() on ptolemy.moml.MoMLSimpleApplication@3472fef6
----------------- Done invoking toplevel() on ptolemy.moml.MoMLSimpleApplication@3472fef6
reloadAllAccessors: .twoPublishers
AutoTests.java: About to close Vertx.
AutoTests.java: Vertx closed.
]]></system-out>
  <system-err><![CDATA[java.lang.RuntimeException: Execution failed
	at ptolemy.moml.MoMLSimpleApplication$UnloadThread.run(MoMLSimpleApplication.java:402)
Caused by: java.lang.RuntimeException: Normally, we would exit here because Manager.exitAfterWrapup() was called.  However, because the ptolemy.ptII.exitAfterWrapup property is set, we throw this exception instead.
	at ptolemy.util.StringUtilities.exit(StringUtilities.java:363)
	at ptolemy.actor.Manager.wrapup(Manager.java:1531)
	at ptolemy.actor.Manager.execute(Manager.java:407)
	at ptolemy.actor.Manager.run(Manager.java:1263)
	at ptolemy.actor.Manager$PtolemyRunThread.run(Manager.java:1915)
Warning: '.top.test' is in training mode, set the trainingMode parameter to false before checking in
Warning: '.top.test' is in training mode, set the trainingMode parameter to false before checking in
Warning: '.top.test' is in training mode, set the trainingMode parameter to false before checking in
Warning: '.BooleanSwitch_RegressionTest_WrongTrainingValues.Test' is in training mode, set the trainingMode parameter to false before checking in
Warning: '.BooleanSwitch_RegressionTest_WrongTrainingValues.Test2' is in training mode, set the trainingMode parameter to false before checking in
Warning: '.BooleanSwitch_RegressionTest_WrongTrainingValues.Test2' The test produced 0 tokens.
Warning: '.top.testExceptionHandler' is in training mode, set the trainingMode parameter to false before checking in
java.lang.RuntimeException: Execution failed
	at ptolemy.moml.MoMLSimpleApplication$UnloadThread.run(MoMLSimpleApplication.java:402)
Caused by: ptolemy.kernel.util.IllegalActionException: PublisherPorts cannot be used at the top level, use a Publisher actor instead.
  in .PublisherPortToplevelSubscriber.PublisherPort
	at ptolemy.actor.PublisherPort.preinitialize(PublisherPort.java:403)
	at ptolemy.actor.CompositeActor.preinitialize(CompositeActor.java:1769)
	at ptolemy.actor.Manager.preinitializeAndResolveTypes(Manager.java:1040)
	at ptolemy.actor.Manager.initialize(Manager.java:710)
	at ptolemy.actor.Manager.execute(Manager.java:356)
	at ptolemy.actor.Manager.run(Manager.java:1263)
	at ptolemy.actor.Manager$PtolemyRunThread.run(Manager.java:1915)
java.lang.reflect.InvocationTargetException
	at sun.reflect.NativeConstructorAccessorImpl.newInstance0(Native Method)
	at sun.reflect.NativeConstructorAccessorImpl.newInstance(NativeConstructorAccessorImpl.java:62)
	at sun.reflect.DelegatingConstructorAccessorImpl.newInstance(DelegatingConstructorAccessorImpl.java:45)
	at java.lang.reflect.Constructor.newInstance(Constructor.java:423)
	at ptolemy.util.test.junit.AutoKnownFailedTests.RunModel(AutoKnownFailedTests.java:105)
	at sun.reflect.NativeMethodAccessorImpl.invoke0(Native Method)
	at sun.reflect.NativeMethodAccessorImpl.invoke(NativeMethodAccessorImpl.java:62)
	at sun.reflect.DelegatingMethodAccessorImpl.invoke(DelegatingMethodAccessorImpl.java:43)
	at java.lang.reflect.Method.invoke(Method.java:498)
	at org.junit.runners.model.FrameworkMethod$1.runReflectiveCall(FrameworkMethod.java:44)
	at org.junit.internal.runners.model.ReflectiveCallable.run(ReflectiveCallable.java:15)
	at org.junit.runners.model.FrameworkMethod.invokeExplosively(FrameworkMethod.java:41)
	at junitparams.internal.InvokeParameterisedMethod.evaluate(InvokeParameterisedMethod.java:102)
	at org.junit.internal.runners.statements.FailOnTimeout$1.run(FailOnTimeout.java:28)
Caused by: ptolemy.kernel.util.IllegalActionException: PublisherPorts cannot be used at the top level, use a Publisher actor instead.
  in .PublisherPortToplevelSubscriber.PublisherPort
	at ptolemy.actor.PublisherPort.preinitialize(PublisherPort.java:403)
	at ptolemy.actor.CompositeActor.preinitialize(CompositeActor.java:1769)
	at ptolemy.actor.Manager.preinitializeAndResolveTypes(Manager.java:1040)
	at ptolemy.actor.Manager.initialize(Manager.java:710)
	at ptolemy.actor.Manager.execute(Manager.java:356)
	at ptolemy.actor.Manager.run(Manager.java:1263)
	at ptolemy.actor.Manager$PtolemyRunThread.run(Manager.java:1915)
java.lang.RuntimeException: Execution failed
	at ptolemy.moml.MoMLSimpleApplication$UnloadThread.run(MoMLSimpleApplication.java:402)
Caused by: ptolemy.kernel.util.IllegalActionException: SubscriberPorts cannot be used at the top level, use a Subscriber actor instead.
  in .PublisherSubscriberPortToplevel.SubscriberPort
	at ptolemy.actor.SubscriberPort.preinitialize(SubscriberPort.java:328)
	at ptolemy.actor.CompositeActor.preinitialize(CompositeActor.java:1769)
	at ptolemy.actor.Manager.preinitializeAndResolveTypes(Manager.java:1040)
	at ptolemy.actor.Manager.initialize(Manager.java:710)
	at ptolemy.actor.Manager.execute(Manager.java:356)
	at ptolemy.actor.Manager.run(Manager.java:1263)
	at ptolemy.actor.Manager$PtolemyRunThread.run(Manager.java:1915)
java.lang.reflect.InvocationTargetException
	at sun.reflect.NativeConstructorAccessorImpl.newInstance0(Native Method)
	at sun.reflect.NativeConstructorAccessorImpl.newInstance(NativeConstructorAccessorImpl.java:62)
	at sun.reflect.DelegatingConstructorAccessorImpl.newInstance(DelegatingConstructorAccessorImpl.java:45)
	at java.lang.reflect.Constructor.newInstance(Constructor.java:423)
	at ptolemy.util.test.junit.AutoKnownFailedTests.RunModel(AutoKnownFailedTests.java:105)
	at sun.reflect.NativeMethodAccessorImpl.invoke0(Native Method)
	at sun.reflect.NativeMethodAccessorImpl.invoke(NativeMethodAccessorImpl.java:62)
	at sun.reflect.DelegatingMethodAccessorImpl.invoke(DelegatingMethodAccessorImpl.java:43)
	at java.lang.reflect.Method.invoke(Method.java:498)
	at org.junit.runners.model.FrameworkMethod$1.runReflectiveCall(FrameworkMethod.java:44)
	at org.junit.internal.runners.model.ReflectiveCallable.run(ReflectiveCallable.java:15)
	at org.junit.runners.model.FrameworkMethod.invokeExplosively(FrameworkMethod.java:41)
	at junitparams.internal.InvokeParameterisedMethod.evaluate(InvokeParameterisedMethod.java:102)
	at org.junit.internal.runners.statements.FailOnTimeout$1.run(FailOnTimeout.java:28)
Caused by: ptolemy.kernel.util.IllegalActionException: SubscriberPorts cannot be used at the top level, use a Subscriber actor instead.
  in .PublisherSubscriberPortToplevel.SubscriberPort
	at ptolemy.actor.SubscriberPort.preinitialize(SubscriberPort.java:328)
	at ptolemy.actor.CompositeActor.preinitialize(CompositeActor.java:1769)
	at ptolemy.actor.Manager.preinitializeAndResolveTypes(Manager.java:1040)
	at ptolemy.actor.Manager.initialize(Manager.java:710)
	at ptolemy.actor.Manager.execute(Manager.java:356)
	at ptolemy.actor.Manager.run(Manager.java:1263)
	at ptolemy.actor.Manager$PtolemyRunThread.run(Manager.java:1915)
java.lang.RuntimeException: Execution failed
	at ptolemy.moml.MoMLSimpleApplication$UnloadThread.run(MoMLSimpleApplication.java:402)
Caused by: ptolemy.kernel.util.IllegalActionException: SubscriptionAggregatorPorts cannot be used at the top level, use a SubscriptionAggregator actor instead.
  in .PublisherSubscriptionAggregatorPort.SubscriptionAggregatorPort
	at ptolemy.actor.SubscriptionAggregatorPort.preinitialize(SubscriptionAggregatorPort.java:353)
	at ptolemy.actor.CompositeActor.preinitialize(CompositeActor.java:1769)
	at ptolemy.actor.Manager.preinitializeAndResolveTypes(Manager.java:1040)
	at ptolemy.actor.Manager.initialize(Manager.java:710)
	at ptolemy.actor.Manager.execute(Manager.java:356)
	at ptolemy.actor.Manager.run(Manager.java:1263)
	at ptolemy.actor.Manager$PtolemyRunThread.run(Manager.java:1915)
java.lang.reflect.InvocationTargetException
	at sun.reflect.NativeConstructorAccessorImpl.newInstance0(Native Method)
	at sun.reflect.NativeConstructorAccessorImpl.newInstance(NativeConstructorAccessorImpl.java:62)
	at sun.reflect.DelegatingConstructorAccessorImpl.newInstance(DelegatingConstructorAccessorImpl.java:45)
	at java.lang.reflect.Constructor.newInstance(Constructor.java:423)
	at ptolemy.util.test.junit.AutoKnownFailedTests.RunModel(AutoKnownFailedTests.java:105)
	at sun.reflect.NativeMethodAccessorImpl.invoke0(Native Method)
	at sun.reflect.NativeMethodAccessorImpl.invoke(NativeMethodAccessorImpl.java:62)
	at sun.reflect.DelegatingMethodAccessorImpl.invoke(DelegatingMethodAccessorImpl.java:43)
	at java.lang.reflect.Method.invoke(Method.java:498)
	at org.junit.runners.model.FrameworkMethod$1.runReflectiveCall(FrameworkMethod.java:44)
	at org.junit.internal.runners.model.ReflectiveCallable.run(ReflectiveCallable.java:15)
	at org.junit.runners.model.FrameworkMethod.invokeExplosively(FrameworkMethod.java:41)
	at junitparams.internal.InvokeParameterisedMethod.evaluate(InvokeParameterisedMethod.java:102)
	at org.junit.internal.runners.statements.FailOnTimeout$1.run(FailOnTimeout.java:28)
Caused by: ptolemy.kernel.util.IllegalActionException: SubscriptionAggregatorPorts cannot be used at the top level, use a SubscriptionAggregator actor instead.
  in .PublisherSubscriptionAggregatorPort.SubscriptionAggregatorPort
	at ptolemy.actor.SubscriptionAggregatorPort.preinitialize(SubscriptionAggregatorPort.java:353)
	at ptolemy.actor.CompositeActor.preinitialize(CompositeActor.java:1769)
	at ptolemy.actor.Manager.preinitializeAndResolveTypes(Manager.java:1040)
	at ptolemy.actor.Manager.initialize(Manager.java:710)
	at ptolemy.actor.Manager.execute(Manager.java:356)
	at ptolemy.actor.Manager.run(Manager.java:1263)
	at ptolemy.actor.Manager$PtolemyRunThread.run(Manager.java:1915)
java.lang.RuntimeException: Execution failed
	at ptolemy.moml.MoMLSimpleApplication$UnloadThread.run(MoMLSimpleApplication.java:402)
Caused by: ptolemy.kernel.util.IllegalActionException: TypeTest actor has no training data.
  in .sizedarray3.TypeTest
	at ptolemy.actor.lib.TypeTest.initialize(TypeTest.java:250)
	at ptolemy.actor.Director.initialize(Director.java:938)
	at ptolemy.actor.Director.initialize(Director.java:907)
	at ptolemy.actor.sched.StaticSchedulingDirector.initialize(StaticSchedulingDirector.java:159)
	at ptolemy.domains.sdf.kernel.SDFDirector.initialize(SDFDirector.java:544)
	at ptolemy.actor.CompositeActor.initialize(CompositeActor.java:935)
	at ptolemy.actor.Manager.initialize(Manager.java:724)
	at ptolemy.actor.Manager.execute(Manager.java:356)
	at ptolemy.actor.Manager.run(Manager.java:1263)
	at ptolemy.actor.Manager$PtolemyRunThread.run(Manager.java:1915)
java.lang.reflect.InvocationTargetException
	at sun.reflect.NativeConstructorAccessorImpl.newInstance0(Native Method)
	at sun.reflect.NativeConstructorAccessorImpl.newInstance(NativeConstructorAccessorImpl.java:62)
	at sun.reflect.DelegatingConstructorAccessorImpl.newInstance(DelegatingConstructorAccessorImpl.java:45)
	at java.lang.reflect.Constructor.newInstance(Constructor.java:423)
	at ptolemy.util.test.junit.AutoKnownFailedTests.RunModel(AutoKnownFailedTests.java:105)
	at sun.reflect.NativeMethodAccessorImpl.invoke0(Native Method)
	at sun.reflect.NativeMethodAccessorImpl.invoke(NativeMethodAccessorImpl.java:62)
	at sun.reflect.DelegatingMethodAccessorImpl.invoke(DelegatingMethodAccessorImpl.java:43)
	at java.lang.reflect.Method.invoke(Method.java:498)
	at org.junit.runners.model.FrameworkMethod$1.runReflectiveCall(FrameworkMethod.java:44)
	at org.junit.internal.runners.model.ReflectiveCallable.run(ReflectiveCallable.java:15)
	at org.junit.runners.model.FrameworkMethod.invokeExplosively(FrameworkMethod.java:41)
	at junitparams.internal.InvokeParameterisedMethod.evaluate(InvokeParameterisedMethod.java:102)
	at org.junit.internal.runners.statements.FailOnTimeout$1.run(FailOnTimeout.java:28)
Caused by: ptolemy.kernel.util.IllegalActionException: TypeTest actor has no training data.
  in .sizedarray3.TypeTest
	at ptolemy.actor.lib.TypeTest.initialize(TypeTest.java:250)
	at ptolemy.actor.Director.initialize(Director.java:938)
	at ptolemy.actor.Director.initialize(Director.java:907)
	at ptolemy.actor.sched.StaticSchedulingDirector.initialize(StaticSchedulingDirector.java:159)
	at ptolemy.domains.sdf.kernel.SDFDirector.initialize(SDFDirector.java:544)
	at ptolemy.actor.CompositeActor.initialize(CompositeActor.java:935)
	at ptolemy.actor.Manager.initialize(Manager.java:724)
	at ptolemy.actor.Manager.execute(Manager.java:356)
	at ptolemy.actor.Manager.run(Manager.java:1263)
	at ptolemy.actor.Manager$PtolemyRunThread.run(Manager.java:1915)
]]></system-err>
</testsuite>
