<?xml version="1.0" encoding="UTF-8" ?>
<testsuite errors="1" failures="2" hostname="travis-job-c03591fb-fd09-499f-a5d4-07cda1c6361b" name="ptolemy.actor.lib.test.junit.JUnitTclTest" skipped="0" tests="517" time="64.93" timestamp="2019-06-24T04:44:47">
  <properties>
    <property name="npm.executable" value="npm" />
    <property name="env.TRAVIS_ROOT" value="/" />
    <property name="ptII.mk.exists" value="true" />
    <property name="env.TRAVIS_APP_HOST" value="build.travis-ci.org" />
    <property name="env.rvm_bin_path" value="/home/travis/.rvm/bin" />
    <property name="java.home" value="/usr/local/lib/jvm/openjdk11" />
    <property name="env.TRAVIS_JOB_NUMBER" value="1182.8" />
    <property name="env.TRAVIS_HOME" value="/home/travis" />
    <property name="env.DISPLAY" value=":99.0" />
    <property name="env.TRAVIS_INIT" value="systemd" />
    <property name="env.SSH_TTY" value="/dev/pts/0" />
    <property name="java.net.preferIPv4Stack" value="true" />
    <property name="env.RUN_TESTS" value="true" />
    <property name="timeout.short" value="1000000" />
    <property name="junit.formatter" value="xml" />
    <property name="env.TRAVIS_SUDO" value="true" />
    <property name="env.TRAVIS_JOB_NAME" value="" />
    <property name="env.TRAVIS_STACK_NODE_ATTRIBUTES" value="/.node-attributes.yml" />
    <property name="env.LOGNAME" value="travis" />
    <property name="env.PT_TRAVIS_TEST_CORE1_XML" value="true" />
    <property name="jsdoc.home" value="node_modules/@terraswarm/jsdoc" />
    <property name="debuglevel" value="source,lines,vars" />
    <property name="checkstyle.formatter" value="xml" />
    <property name="env._system_version" value="16.04" />
    <property name="bin.vergil.makeable" value="true" />
    <property name="sun.os.patch.level" value="unknown" />
    <property name="java.vendor.url" value="http://java.oracle.com/" />
    <property name="env.TRAVIS_BUILD_WEB_URL" value="https://travis-ci.org/icyphy/ptII/builds/549551831" />
    <property name="java.version" value="11.0.2" />
    <property name="env.TZ" value="UTC" />
    <property name="env.TRAVIS_PULL_REQUEST_SHA" value="" />
    <property name="env.PT_NO_NET" value="true" />
    <property name="env.TRAVIS_SECURE_ENV_VARS" value="true" />
    <property name="env._system_type" value="Linux" />
    <property name="java.vendor.url.bug" value="http://bugreport.java.com/bugreport/" />
    <property name="npmjs-org-is-up" value="true" />
    <property name="env.LANGUAGE" value="en_US.UTF-8" />
    <property name="env.SSH_CLIENT" value="10.10.16.25 39160 22" />
    <property name="env.GEM_HOME" value="/home/travis/.rvm/gems/ruby-2.5.3" />
    <property name="env.HAS_ANTARES_THREE_LITTLE_FRONZIES_BADGE" value="true" />
    <property name="java.version.date" value="2019-01-15" />
    <property name="env.PS4" value="+" />
    <property name="ant.project.invoked-targets" value="build,test.core1.xml" />
    <property name="env.TRAVIS_PULL_REQUEST_BRANCH" value="" />
    <property name="env.TRAVIS_REPO_SLUG" value="icyphy/ptII" />
    <property name="env.XDG_DATA_DIRS" value="/usr/local/share:/usr/share:/var/lib/snapd/desktop" />
    <property name="jdk.debug" value="release" />
    <property name="env.TRAVIS_APT_PROXY" value="http://apt.cache.travis-ci.com" />
    <property name="node.in.path" value="true" />
    <property name="user.name" value="travis" />
    <property name="java.maxmemory" value="1400m" />
    <property name="env.RUBY_VERSION" value="ruby-2.5.3" />
    <property name="env.LANG" value="en_US.UTF-8" />
    <property name="sun.io.unicode.encoding" value="UnicodeLittle" />
    <property name="sun.jnu.encoding" value="UTF-8" />
    <property name="java.runtime.name" value="OpenJDK Runtime Environment" />
    <property name="usefile" value="false" />
    <property name="return.code" value="0" />
    <property name="junit.single.formatter" value="plain" />
    <property name="env.DYLD_LIBRARY_PATH" value="/home/travis/pthla/certi-tools/lib:" />
    <property name="env.DEBIAN_FRONTEND" value="noninteractive" />
    <property name="env.SSH_CONNECTION" value="10.10.16.25 39160 10.20.1.34 22" />
    <property name="env.MYSQL_UNIX_PORT" value="/var/run/mysqld/mysqld.sock" />
    <property name="env.LC_ALL" value="en_US.UTF-8" />
    <property name="env.TRAVIS_ALLOW_FAILURE" value="false" />
    <property name="env.TRAVIS_JOB_WEB_URL" value="https://travis-ci.org/icyphy/ptII/jobs/549551839" />
    <property name="java.specification.name" value="Java Platform API Specification" />
    <property name="node.works" value="true" />
    <property name="user.timezone" value="" />
    <property name="path.separator" value=":" />
    <property name="env.TRAVIS_ENABLE_INFRA_DETECTION" value="true" />
    <property name="env.PYTHON_CFLAGS" value="-g -fstack-protector --param=ssp-buffer-size=4 -Wformat -Werror=format-security" />
    <property name="timeout.long" value="4000000" />
    <property name="env.CERTI_HOME" value="/home/travis/pthla/certi-tools" />
    <property name="ant.file.ptII" value="/home/travis/build/icyphy/ptII/build.xml" />
    <property name="javadoc.packagenames" value="com.*,diva.*,lbnl.*,org.hlacerti.*,org.json.*,org.ptolemy.*,org.terraswarm.*,ptolemy.*,ptserver.*" />
    <property name="file.encoding" value="UTF-8" />
    <property name="env.TRAVIS_PULL_REQUEST_SLUG" value="" />
    <property name="ant.project.default-target" value="build" />
    <property name="env.GIT_ASKPASS" value="echo" />
    <property name="env.HOME" value="/home/travis" />
    <property name="sun.java.command" value="org.apache.tools.ant.taskdefs.optional.junit.JUnitTestRunner ptolemy.actor.lib.test.junit.JUnitTclTest skipNonTests=false filtertrace=true haltOnError=false haltOnFailure=false formatter=org.apache.tools.ant.taskdefs.optional.junit.OutErrSummaryJUnitResultFormatter showoutput=true outputtoformatters=true logfailedtests=true threadid=0 logtestlistenerevents=false formatter=org.apache.tools.ant.taskdefs.optional.junit.XMLJUnitResultFormatter,/home/travis/build/icyphy/ptII/reports/junit/TEST-ptolemy.actor.lib.test.junit.JUnitTclTest.xml crashfile=/home/travis/build/icyphy/ptII/junitvmwatcher17072343177630714755.properties propsfile=/home/travis/build/icyphy/ptII/junit18120915896560932510.properties" />
    <property name="env.COMPOSER_NO_INTERACTION" value="1" />
    <property name="env.MANPATH" value="/home/travis/.nvm/versions/node/v7.10.1/share/man:/home/travis/.rvm/rubies/ruby-2.5.3/share/man:/usr/local/cmake-3.12.4/man:/usr/local/clang-7.0.0/share/man:/usr/local/man:/usr/local/share/man:/usr/share/man:/home/travis/.rvm/man" />
    <property name="env.TRAVIS_TIMER_ID" value="1c85a2aa" />
    <property name="ant.file" value="/home/travis/build/icyphy/ptII/build.xml" />
    <property name="env.TRAVIS_COMMIT_RANGE" value="fcbd8b5a68c760c19c82e52584d805fab600307d...b6de4a29689c219dd7cbcef974805eca11f91674" />
    <property name="env._system_name" value="Ubuntu" />
    <property name="ptII.classpath.optional.property" value="/home/travis/build/icyphy/ptII/lib/bsh-2.0b4.jar:/home/travis/build/icyphy/ptII/lib/ptCal.jar:/home/travis/build/icyphy/ptII/lib/java_cup.jar:/home/travis/build/icyphy/ptII/lib/saxon8.jar:/home/travis/build/icyphy/ptII/lib/saxon8-dom.jar:/home/travis/build/icyphy/ptII/lib/chic.jar:/home/travis/build/icyphy/ptII/lib/ptcolt.jar:/home/travis/build/icyphy/ptII/vendors/misc/itext/iText.jar:/home/travis/build/icyphy/ptII/lib/g4ltl.jar:/home/travis/build/icyphy/ptII/lib/StructuralCoder.jar:/home/travis/build/icyphy/ptII/vendors/jai-1_1_2_01/lib/jai_core.jar:/home/travis/build/icyphy/ptII/vendors/jai-1_1_2_01/lib/jai_codec.jar:/home/travis/build/icyphy/ptII/lib/jcerti.jar:/home/travis/build/icyphy/ptII/lib/javax.mail.jar:/home/travis/build/icyphy/ptII/vendors/JMF-2.1.1e/lib/jmf.jar:/home/travis/build/icyphy/ptII/lib/jna-4.0.0-variadic.jar:/home/travis/build/icyphy/ptII/vendors/misc/joystick/Joystick.jar:/home/travis/build/icyphy/ptII/lib/ptjacl.jar:/home/travis/build/icyphy/ptII/lib/jsoup-1.8.2.jar:/home/travis/build/icyphy/ptII/lib/junit-4.8.2.jar:/home/travis/build/icyphy/ptII/lib/JUnitParams-0.4.0.jar:/home/travis/build/icyphy/ptII/ptolemy/actor/lib/excel/jxl.jar:/home/travis/build/icyphy/ptII/lib/jython.jar:/home/travis/build/icyphy/ptII/lib/kieler.jar:/home/travis/build/icyphy/ptII/vendors/opencv/share/OpenCV/java/opencv-341.jar:/home/travis/build/icyphy/ptII/lib/oscP5.jar:/home/travis/build/icyphy/ptII/lib/nrjavaserial-3.11.0.devel.jar:/home/travis/build/icyphy/ptII/vendors/j3d/lib/j3dcore.jar:/home/travis/build/icyphy/ptII/vendors/j3d/lib/j3dutils.jar:/home/travis/build/icyphy/ptII/vendors/j3d/lib/vecmath.jar:/home/travis/build/icyphy/ptII/ptolemy/distributed/jini/jar/jini-core.jar:/home/travis/build/icyphy/ptII/ptolemy/distributed/jini/jar/jini-ext.jar:/home/travis/build/icyphy/ptII/ptolemy/distributed/jini/jar/sun-util.jar:/home/travis/build/icyphy/ptII/lib/protobuf-java-2.4.1.jar:/home/travis/build/icyphy/ptII/lib/org.eclipse.paho.client.mqttv3.jar:/home/travis/build/icyphy/ptII/lib/mapss.jar:/home/travis/build/icyphy/ptII/ptolemy/actor/ptalon/antlr/antlr.jar:/home/travis/build/icyphy/ptII/lib/JRI.jar:/home/travis/build/icyphy/ptII/lib/commons-lang-2.6.jar:/home/travis/build/icyphy/ptII/lib/commons-logging-1.1.1.jar:/home/travis/build/icyphy/ptII/lib/sootclasses.jar:/home/travis/build/icyphy/ptII/ptolemy/actor/lib/database/mysql-connector-java-5.1.6-bin.jar:/home/travis/build/icyphy/ptII/vendors/misc/sphinx4/sphinx4-data-5prealpha.jar:/home/travis/build/icyphy/ptII/vendors/misc/sphinx4/sphinx4-core-5prealpha.jar:/home/travis/build/icyphy/ptII/lib/PDFRenderer.jar:/home/travis/build/icyphy/ptII/lib/svgSalamander.jar:/home/travis/build/icyphy/ptII/lib/rsyntaxtextarea-2.6.0-SNAPSHOT.jar:/home/travis/build/icyphy/ptII/lib/hazelcast-3.8.2.jar:/home/travis/build/icyphy/ptII/lib/jackson-annotations-2.9.0.jar:/home/travis/build/icyphy/ptII/lib/jackson-core-2.9.3.jar:/home/travis/build/icyphy/ptII/lib/jackson-databind-2.9.3.jar:/home/travis/build/icyphy/ptII/lib/netty-buffer-4.1.19.Final.jar:/home/travis/build/icyphy/ptII/lib/netty-codec-4.1.19.Final.jar:/home/travis/build/icyphy/ptII/lib/netty-codec-dns-4.1.19.Final.jar:/home/travis/build/icyphy/ptII/lib/netty-codec-http-4.1.19.Final.jar:/home/travis/build/icyphy/ptII/lib/netty-codec-http2-4.1.19.Final.jar:/home/travis/build/icyphy/ptII/lib/netty-common-4.1.19.Final.jar:/home/travis/build/icyphy/ptII/lib/netty-handler-4.1.19.Final.jar:/home/travis/build/icyphy/ptII/lib/netty-resolver-4.1.19.Final.jar:/home/travis/build/icyphy/ptII/lib/netty-resolver-dns-4.1.19.Final.jar:/home/travis/build/icyphy/ptII/lib/netty-transport-4.1.19.Final.jar:/home/travis/build/icyphy/ptII/lib/vertx-codegen-3.5.1.jar:/home/travis/build/icyphy/ptII/lib/vertx-core-3.5.2-SNAPSHOT.jar:/home/travis/build/icyphy/ptII/lib/vertx-hazelcast-3.5.1.jar:/home/travis/build/icyphy/ptII/lib/vertx-lang-js-3.5.1.jar:/home/travis/build/icyphy/ptII/lib/vertx-service-proxy-3.5.1.jar:/home/travis/build/icyphy/ptII/lib/vertx-web-3.5.1.jar:/home/travis/build/icyphy/ptII/lib/slf4j-api-1.7.13.jar:/home/travis/build/icyphy/ptII/lib/slf4j-simple-1.7.13.jar:/home/travis/build/icyphy/ptII/lib/webcam-capture-0.3.12.jar:/home/travis/build/icyphy/ptII/lib/bridj-0.7.0.jar:/home/travis/build/icyphy/ptII/lib/xbjlib-1.1.0.nrjavaserial.jar" />
    <property name="timeout" value="2400000" />
    <property name="test.batch" value="**/junit/*.java" />
    <property name="env._" value="/usr/bin/timeout" />
    <property name="java.io.tmpdir" value="/tmp" />
    <property name="user.language" value="en" />
    <property name="env.TRAVIS_INTERNAL_RUBY_REGEX" value="^ruby-(2\.[0-4]\.[0-9]|1\.9\.3)" />
    <property name="env.HISTCONTROL" value="ignoredups:ignorespace" />
    <property name="env.GOROOT" value="/home/travis/.gimme/versions/go1.11.1.linux.amd64" />
    <property name="line.separator" value="&#xa;" />
    <property name="target" value="11" />
    <property name="env.TRAVIS_BUILD_DIR" value="/home/travis/build/icyphy/ptII" />
    <property name="env.ANT_OPTS" value="-Xmx2048m" />
    <property name="ant.file.type" value="file" />
    <property name="ptolemy.ptII.batchMode" value="true" />
    <property name="env.HISTSIZE" value="1000" />
    <property name="env.MERB_ENV" value="test" />
    <property name="java.vm.info" value="mixed mode" />
    <property name="source" value="11" />
    <property name="java.vm.specification.name" value="Java Virtual Machine Specification" />
    <property name="env.TRAVIS_TEST_RESULT" value="0" />
    <property name="jsdoc.command" value="node_modules/@terraswarm/jsdoc/jsdoc.js" />
    <property name="npm.works" value="true" />
    <property name="cobertura.dir" value="/home/travis/build/icyphy/ptII/vendors/cobertura-2.0.3" />
    <property name="env.rvm_path" value="/home/travis/.rvm" />
    <property name="env.GEM_PATH" value="/home/travis/.rvm/gems/ruby-2.5.3:/home/travis/.rvm/gems/ruby-2.5.3@global" />
    <property name="env.LC_CTYPE" value="en_US.UTF-8" />
    <property name="env.TRAVIS_CMD" value="$PTII/bin/ptIITravisBuild.sh $SECONDS" />
    <property name="java.awt.printerjob" value="sun.print.PSPrinterJob" />
    <property name="env.TRAVIS_STACK_NAME" value="sardonyx" />
    <property name="env.TRAVIS_TIMER_START_TIME" value="1561350816553802579" />
    <property name="ant.version" value="Apache Ant(TM) version 1.10.1 compiled on February 2 2017" />
    <property name="ptII.reports" value="/home/travis/build/icyphy/ptII/reports" />
    <property name="env.TRAVIS_STACK_TIMESTAMP" value="2019-03-25 16:16:56 UTC" />
    <property name="ant.file.type.ptII" value="file" />
    <property name="env.RBENV_SHELL" value="bash" />
    <property name="os.name" value="Linux" />
    <property name="java.specification.vendor" value="Oracle Corporation" />
    <property name="env.rvm_version" value="1.29.7 (latest)" />
    <property name="env.TRAVIS_INFRA" value="gce" />
    <property name="env.TERM" value="xterm" />
    <property name="java.vm.name" value="OpenJDK 64-Bit Server VM" />
    <property name="env.TRAVIS_BUILD_NUMBER" value="1182" />
    <property name="env.CI" value="true" />
    <property name="java.library.path" value="/home/travis/pthla/certi-tools/lib:/usr/lib/jni:/usr/local/share/OpenCV/java/:/usr/share/OpenCV/java::/usr/java/packages/lib:/usr/lib64:/lib64:/lib:/usr/lib" />
    <property name="env.rvm_prefix" value="/home/travis" />
    <property name="env.PATH" value="/home/travis/pthla/certi-tools/share/scripts:/home/travis/.rvm/gems/ruby-2.5.3/bin:/home/travis/.rvm/gems/ruby-2.5.3@global/bin:/home/travis/.rvm/rubies/ruby-2.5.3/bin:/home/travis/.rvm/bin:/home/travis/.nvm/versions/node/v7.10.1/bin:./node_modules/.bin:/home/travis/build/icyphy/ptII/bin:/home/travis/pthla/certi-tools/bin:/home/travis/bin:/home/travis/.local/bin:/usr/local/lib/jvm/openjdk11/bin:/opt/pyenv/shims:/home/travis/.phpenv/shims:/home/travis/perl5/perlbrew/bin:/home/travis/gopath/bin:/home/travis/.gimme/versions/go1.11.1.linux.amd64/bin:/usr/local/maven-3.6.0/bin:/usr/local/cmake-3.12.4/bin:/usr/local/clang-7.0.0/bin:/usr/local/sbin:/usr/local/bin:/usr/sbin:/usr/bin:/sbin:/bin:/snap/bin:/home/travis/.phpenv/bin:/opt/pyenv/bin:/home/travis/.yarn/bin" />
    <property name="env.TRAVIS_OS_NAME" value="linux" />
    <property name="ant.java.version" value="9" />
    <property name="basedir" value="/home/travis/build/icyphy/ptII" />
    <property name="java.class.version" value="55.0" />
    <property name="env.SHLVL" value="3" />
    <property name="env.LD_LIBRARY_PATH" value="/home/travis/pthla/certi-tools/lib:/usr/lib/jni:/usr/local/share/OpenCV/java/:/usr/share/OpenCV/java:" />
    <property name="env.RACK_ENV" value="test" />
    <property name="ant.home" value="/home/travis/build/icyphy/ptII/ant" />
    <property name="env.NVM_DIR" value="/home/travis/.nvm" />
    <property name="env.CERTI_FOM_PATH" value="/home/travis/pthla/certi-tools/share/federations" />
    <property name="env.TRAVIS_BUILD_ID" value="549551831" />
    <property name="env.PYENV_ROOT" value="/opt/pyenv" />
    <property name="env.TRAVIS_UID" value="2000" />
    <property name="env.NVM_BIN" value="/home/travis/.nvm/versions/node/v7.10.1/bin" />
    <property name="env.TRAVIS_COMMIT" value="b6de4a29689c219dd7cbcef974805eca11f91674" />
    <property name="env._system_arch" value="x86_64" />
    <property name="node.executable" value="node" />
    <property name="sun.boot.library.path" value="/usr/local/lib/jvm/openjdk11/lib" />
    <property name="sun.management.compiler" value="HotSpot 64-Bit Tiered Compilers" />
    <property name="java.awt.graphicsenv" value="sun.awt.X11GraphicsEnvironment" />
    <property name="env.GOPATH" value="/home/travis/gopath" />
    <property name="ptolemy.ptII.dir" value="/home/travis/build/icyphy/ptII" />
    <property name="env.USER" value="travis" />
    <property name="env.HISTFILESIZE" value="2000" />
    <property name="timeout.longest" value="19000000" />
    <property name="env.PERLBREW_SHELLRC_VERSION" value="0.86" />
    <property name="env.TRAVIS_STACK_FEATURES" value="basic couchdb disabled-ipv6 docker docker-compose elasticsearch firefox go-toolchain google-chrome jdk memcached mongodb mysql nodejs_interpreter perl_interpreter perlbrew phantomjs postgresql python_interpreter redis ruby_interpreter sqlite xserver" />
    <property name="env.TRAVIS_PULL_REQUEST" value="false" />
    <property name="env.PYENV_SHELL" value="bash" />
    <property name="ant.project.name" value="ptII" />
    <property name="env.ANSI_RESET" value="\033[0m" />
    <property name="java.vm.specification.version" value="11" />
    <property name="env.TRAVIS_DIST" value="xenial" />
    <property name="env.CERTI_VERSION" value="4.0.0" />
    <property name="env.CERTI_HOST" value="localhost" />
    <property name="awt.toolkit" value="sun.awt.X11.XToolkit" />
    <property name="env.MY_RUBY_HOME" value="/home/travis/.rvm/rubies/ruby-2.5.3" />
    <property name="sun.cpu.isalist" value="" />
    <property name="env.TRAVIS_TMPDIR" value="/tmp/tmp.3qycSdls8n" />
    <property name="java.vm.compressedOopsMode" value="Zero based" />
    <property name="os.version" value="4.15.0-1028-gcp" />
    <property name="user.home" value="/home/travis" />
    <property name="java.vm.vendor" value="Oracle Corporation" />
    <property name="env.TRAVIS_TAG" value="nightly" />
    <property name="env.ANSI_YELLOW" value="\033[33;1m" />
    <property name="env.TRAVIS_FILTERED" value="redirect_io" />
    <property name="env.ANSI_GREEN" value="\033[32;1m" />
    <property name="env.JAVA_HOME" value="/usr/local/lib/jvm/openjdk11" />
    <property name="javadoc.excludepackagenames" value="adm.cvs2svn.*,build.*,config.*,doc.coding.templates.*,jni.test.jni.meaningOfLife.*,jni.test.jni.testDeux.*,jni.test.jni.testTrois.*,org.terraswarm.accessor.accessors.web.node_modules.*,org.terraswarm.accessor.accessors.web.hosts.cordova.demo.*,org.terraswarm.accessor.accessors.web.hosts.cordova.plugins.*,org.terraswarm.accessor.accessors-svn.*,pt-modules.*,ptolemy.apps.agilent.*,ptolemy.apps.anytimecontrol.*,ptolemy.apps.apes.*,ptolemy.apps.charon.*,ptolemy.apps.crazyboard.*,ptolemy.apps.eclipse.*,ptolemy.apps.etherealSting.*,ptolemy.apps.fullscreen.*,ptolemy.apps.giotto.*,ptolemy.apps.ia.*,ptolemy.apps.interfaces.*,ptolemy.apps.jmf.*,ptolemy.apps.kurt.*,ptolemy.apps.kvm.*,ptolemy.apps.lego.*,ptolemy.apps.lejos.*,ptolemy.apps.midp.*,ptolemy.apps.mobileCoding.*,ptolemy.apps.pendulum.*,ptolemy.apps.rijndael.*,ptolemy.apps.robot.*,ptolemy.apps.security.*,ptolemy.apps.sobel.*,ptolemy.apps.soot.*,ptolemy.apps.throttle.*,ptolemy.apps.tini.*,ptolemy.apps.transmission.*,ptolemy.apps.vergil.*,ptolemy.apps.waba.*,ptolemy.apps.websensor.*,ptolemy.apps.webstart.*,ptolemy.apps.xsl.*,ptolemy.apps.zaurus.*,ptolemy.codegen.c.actor.lib.oldJavaFiles.*,ptolemy.codegen.dsp.lib.*,ptolemy.codegen.kernel.newInterfaces.*,ptolemy.codegen.lib.*,ptolemy.copernicus.kernel.fragment.*,ptolemy.copernicus.shallow.cg.*,ptolemy.domains.giotto.demo.Hierarchy.Hierarchy.*,ptolemy.domains.giotto.demo.Multimode.Multimode.*,ptolemy.domains.giotto.demo.Simple.Simple.*,ptolemy.domains.gr.lib.experimental.*,ptolemy.domains.gro.*,ptolemy.domains.pdf.*,ptolemy.domains.ptinyos.demo.Surge.output.*,ptolemy.moml.test.NoPackageActor.java*,ptolemy.plot.adm.*,ptolemy.plot.servlet.*,reports.*,signed.*,src.*,target.*,vendors.*,ptolemy.copernicus.applet.*,ptolemy.media.viewer.*,ptolemy.actor.corba.*,doc.doclets.*,ptolemy.apps.eclipse.awt.*,ptolemy.backtrack.*,ptolemy.backtrack.ast.*,ptolemy.cg.adapter.generic.program.procedural.c.mbed*,ptolemy.homer.*,ptolemy.actor.lib.jjs.modules.audio.*,org.ptolemy.scala.*,diva.util.java2d.svg.*,ptolemy.domains.ptinyos.*,ptolemy.actor.lib.fmi.fmipp.*,,org.terraswarm.accessor.accessors.web.node_modules.*,org.terraswarm.accessor.accessors-svn,ptolemy.apps.*,ptolemy.actor.ptalon.demo.ptinyos.SendAndReceiveCnt.output,ptolemy.actor.ptalon.demo.ptinyos.SenseToLeds.output,ptolemy.domains.ptinyos.demo.CntToLedsAndRfm.output,ptolemy.domains.ptinyos.demo.RfmToLeds.output,ptolemy.domains.ptinyos.demo.SendAndReceiveCnt.output,ptolemy.domains.ptinyos.demo.SenseToLeds.output,ptolemy.actor.lib.jjs.modules.udpSocket.*" />
    <property name="env.PTII" value="/home/travis/build/icyphy/ptII" />
    <property name="env.XDG_SESSION_ID" value="2" />
    <property name="keystore" value="ptKeystore" />
    <property name="env.TRAVIS_COMMIT_MESSAGE" value="Moved csp and doc tests to core6 so that core2 will run to completion." />
    <property name="junit.output.dir" value="/home/travis/build/icyphy/ptII/reports/junit" />
    <property name="npm.return.code" value="0" />
    <property name="user.dir" value="/home/travis/build/icyphy/ptII/ptolemy/actor/lib/test" />
    <property name="env.TRAVIS_NODE_VERSION" value="7" />
    <property name="env.TRAVIS_EVENT_TYPE" value="cron" />
    <property name="env.MAIL" value="/var/mail/travis" />
    <property name="env.PERLBREW_ROOT" value="/home/travis/perl5/perlbrew" />
    <property name="env.PWD" value="/home/travis/build/icyphy/ptII" />
    <property name="timeout.npm" value="45000" />
    <property name="env.TRAVIS_ARCH" value="amd64" />
    <property name="sun.cpu.endian" value="little" />
    <property name="env.PAGER" value="cat" />
    <property name="env.TRAVIS_BUILD_STAGE_NAME" value="Test" />
    <property name="env.PERLBREW_HOME" value="/home/travis/.perlbrew" />
    <property name="java.vm.version" value="11.0.2+9" />
    <property name="env.RAILS_ENV" value="test" />
    <property name="java.class.path" value="/home/travis/.ptolemyII:/home/travis/.ptolemyII/*:/home/travis/build/icyphy/ptII:/home/travis/build/icyphy/ptII/lib/bsh-2.0b4.jar:/home/travis/build/icyphy/ptII/lib/ptCal.jar:/home/travis/build/icyphy/ptII/lib/java_cup.jar:/home/travis/build/icyphy/ptII/lib/saxon8.jar:/home/travis/build/icyphy/ptII/lib/saxon8-dom.jar:/home/travis/build/icyphy/ptII/lib/chic.jar:/home/travis/build/icyphy/ptII/lib/ptcolt.jar:/home/travis/build/icyphy/ptII/vendors/misc/itext/iText.jar:/home/travis/build/icyphy/ptII/lib/g4ltl.jar:/home/travis/build/icyphy/ptII/lib/StructuralCoder.jar:/home/travis/build/icyphy/ptII/vendors/jai-1_1_2_01/lib/jai_core.jar:/home/travis/build/icyphy/ptII/vendors/jai-1_1_2_01/lib/jai_codec.jar:/home/travis/build/icyphy/ptII/lib/jcerti.jar:/home/travis/build/icyphy/ptII/lib/javax.mail.jar:/home/travis/build/icyphy/ptII/vendors/JMF-2.1.1e/lib/jmf.jar:/home/travis/build/icyphy/ptII/lib/jna-4.0.0-variadic.jar:/home/travis/build/icyphy/ptII/vendors/misc/joystick/Joystick.jar:/home/travis/build/icyphy/ptII/lib/ptjacl.jar:/home/travis/build/icyphy/ptII/lib/jsoup-1.8.2.jar:/home/travis/build/icyphy/ptII/lib/junit-4.8.2.jar:/home/travis/build/icyphy/ptII/lib/JUnitParams-0.4.0.jar:/home/travis/build/icyphy/ptII/ptolemy/actor/lib/excel/jxl.jar:/home/travis/build/icyphy/ptII/lib/jython.jar:/home/travis/build/icyphy/ptII/lib/kieler.jar:/home/travis/build/icyphy/ptII/vendors/opencv/share/OpenCV/java/opencv-341.jar:/home/travis/build/icyphy/ptII/lib/oscP5.jar:/home/travis/build/icyphy/ptII/lib/nrjavaserial-3.11.0.devel.jar:/home/travis/build/icyphy/ptII/vendors/j3d/lib/j3dcore.jar:/home/travis/build/icyphy/ptII/vendors/j3d/lib/j3dutils.jar:/home/travis/build/icyphy/ptII/vendors/j3d/lib/vecmath.jar:/home/travis/build/icyphy/ptII/ptolemy/distributed/jini/jar/jini-core.jar:/home/travis/build/icyphy/ptII/ptolemy/distributed/jini/jar/jini-ext.jar:/home/travis/build/icyphy/ptII/ptolemy/distributed/jini/jar/sun-util.jar:/home/travis/build/icyphy/ptII/lib/protobuf-java-2.4.1.jar:/home/travis/build/icyphy/ptII/lib/org.eclipse.paho.client.mqttv3.jar:/home/travis/build/icyphy/ptII/lib/mapss.jar:/home/travis/build/icyphy/ptII/ptolemy/actor/ptalon/antlr/antlr.jar:/home/travis/build/icyphy/ptII/lib/JRI.jar:/home/travis/build/icyphy/ptII/lib/commons-lang-2.6.jar:/home/travis/build/icyphy/ptII/lib/commons-logging-1.1.1.jar:/home/travis/build/icyphy/ptII/lib/sootclasses.jar:/home/travis/build/icyphy/ptII/ptolemy/actor/lib/database/mysql-connector-java-5.1.6-bin.jar:/home/travis/build/icyphy/ptII/vendors/misc/sphinx4/sphinx4-data-5prealpha.jar:/home/travis/build/icyphy/ptII/vendors/misc/sphinx4/sphinx4-core-5prealpha.jar:/home/travis/build/icyphy/ptII/lib/PDFRenderer.jar:/home/travis/build/icyphy/ptII/lib/svgSalamander.jar:/home/travis/build/icyphy/ptII/lib/rsyntaxtextarea-2.6.0-SNAPSHOT.jar:/home/travis/build/icyphy/ptII/lib/hazelcast-3.8.2.jar:/home/travis/build/icyphy/ptII/lib/jackson-annotations-2.9.0.jar:/home/travis/build/icyphy/ptII/lib/jackson-core-2.9.3.jar:/home/travis/build/icyphy/ptII/lib/jackson-databind-2.9.3.jar:/home/travis/build/icyphy/ptII/lib/netty-buffer-4.1.19.Final.jar:/home/travis/build/icyphy/ptII/lib/netty-codec-4.1.19.Final.jar:/home/travis/build/icyphy/ptII/lib/netty-codec-dns-4.1.19.Final.jar:/home/travis/build/icyphy/ptII/lib/netty-codec-http-4.1.19.Final.jar:/home/travis/build/icyphy/ptII/lib/netty-codec-http2-4.1.19.Final.jar:/home/travis/build/icyphy/ptII/lib/netty-common-4.1.19.Final.jar:/home/travis/build/icyphy/ptII/lib/netty-handler-4.1.19.Final.jar:/home/travis/build/icyphy/ptII/lib/netty-resolver-4.1.19.Final.jar:/home/travis/build/icyphy/ptII/lib/netty-resolver-dns-4.1.19.Final.jar:/home/travis/build/icyphy/ptII/lib/netty-transport-4.1.19.Final.jar:/home/travis/build/icyphy/ptII/lib/vertx-codegen-3.5.1.jar:/home/travis/build/icyphy/ptII/lib/vertx-core-3.5.2-SNAPSHOT.jar:/home/travis/build/icyphy/ptII/lib/vertx-hazelcast-3.5.1.jar:/home/travis/build/icyphy/ptII/lib/vertx-lang-js-3.5.1.jar:/home/travis/build/icyphy/ptII/lib/vertx-service-proxy-3.5.1.jar:/home/travis/build/icyphy/ptII/lib/vertx-web-3.5.1.jar:/home/travis/build/icyphy/ptII/lib/slf4j-api-1.7.13.jar:/home/travis/build/icyphy/ptII/lib/slf4j-simple-1.7.13.jar:/home/travis/build/icyphy/ptII/lib/webcam-capture-0.3.12.jar:/home/travis/build/icyphy/ptII/lib/bridj-0.7.0.jar:/home/travis/build/icyphy/ptII/lib/xbjlib-1.1.0.nrjavaserial.jar:/home/travis/build/icyphy/ptII/ptolemy/moml/test:/home/travis/build/icyphy/ptII/ant/lib/ant-launcher.jar:/home/travis/build/icyphy/ptII/ant/lib/ant.jar:/home/travis/build/icyphy/ptII/ant/lib/ant-junit.jar:/home/travis/build/icyphy/ptII/ant/lib/ant-junit4.jar" />
    <property name="ant.library.dir" value="/home/travis/build/icyphy/ptII/ant/lib" />
    <property name="os.arch" value="amd64" />
    <property name="env.CONTINUOUS_INTEGRATION" value="true" />
    <property name="env.TRAVIS_LANGUAGE" value="node_js" />
    <property name="env.TRAVIS_STACK_LANGUAGES" value="__sardonyx__ c c++ clojure cplusplus cpp default generic go groovy java node_js php pure_java python ruby scala" />
    <property name="test.name" value="ptolemy.actor.lib.test.junit.JUnitTclTest" />
    <property name="env.APT_KEY_DONT_WARN_ON_DANGEROUS_USAGE" value="1" />
    <property name="sun.java.launcher" value="SUN_STANDARD" />
    <property name="env.PYTHON_CONFIGURE_OPTS" value="--enable-unicode=ucs4 --with-wide-unicode --enable-shared --enable-ipv6 --enable-loadable-sqlite-extensions --with-computed-gotos" />
    <property name="ant.core.lib" value="/home/travis/build/icyphy/ptII/ant/lib/ant.jar" />
    <property name="java.vm.specification.vendor" value="Oracle Corporation" />
    <property name="env.BCVTB_HOME" value="/home/travis/build/icyphy/ptII/lbnl" />
    <property name="file.separator" value="/" />
    <property name="spotbugs.home" value="/home/travis/build/icyphy/ptII/vendors/spotbugs-3.1.1" />
    <property name="java.runtime.version" value="11.0.2+9" />
    <property name="env.ANSI_CLEAR" value="\033[0K" />
    <property name="env.HAS_JOSH_K_SEAL_OF_APPROVAL" value="true" />
    <property name="env.XDG_RUNTIME_DIR" value="/run/user/2000" />
    <property name="env.TRAVIS_OSX_IMAGE" value="" />
    <property name="env.TRAVIS_JOB_ID" value="549551839" />
    <property name="env.TRAVIS_BRANCH" value="master" />
    <property name="user.country" value="US" />
    <property name="env.CERTI_HOME_TRAVIS" value="/home/travis/pthla/certi-tools" />
    <property name="env.SHELL" value="/bin/bash" />
    <property name="java.maxmemory.large" value="5000m" />
    <property name="model" value="" />
    <property name="env.CASHER_DIR" value="/home/travis/.casher" />
    <property name="env.NVM_CD_FLAGS" value="" />
    <property name="java.vendor.version" value="18.9" />
    <property name="jshint.executable" value="/home/travis/node_modules/jshint/bin/jshint" />
    <property name="env.JRUBY_OPTS" value=" --client -J-XX:+TieredCompilation -J-XX:TieredStopAtLevel=1 -J-Xss2m -Xcompile.invokedynamic=false" />
    <property name="java.vendor" value="Oracle Corporation" />
    <property name="env.TRAVIS_PRE_CHEF_BOOTSTRAP_TIME" value="2019-03-25T16:16:42" />
    <property name="env.TRAVIS_STACK_JOB_BOARD_REGISTER" value="/.job-board-register.yml" />
    <property name="env.ANSI_RED" value="\033[31;1m" />
    <property name="java.specification.version" value="11" />
    <property name="env.IRBRC" value="/home/travis/.rvm/rubies/ruby-2.5.3/.irbrc" />
    <property name="env.TRAVIS" value="true" />
    <property name="sun.arch.data.model" value="64" />
  </properties>
  <testcase classname="ptolemy.util.test.junit.TclTests" name="[0] /home/travis/build/icyphy/ptII/ptolemy/actor/lib/test/AbsoluteValue.tcl (RunTclFile)" time="0.554" />
  <testcase classname="ptolemy.util.test.junit.TclTests" name="[1] /home/travis/build/icyphy/ptII/ptolemy/actor/lib/test/AddSubtract.tcl (RunTclFile)" time="0.177" />
  <testcase classname="ptolemy.util.test.junit.TclTests" name="[2] /home/travis/build/icyphy/ptII/ptolemy/actor/lib/test/Average.tcl (RunTclFile)" time="0.034" />
  <testcase classname="ptolemy.util.test.junit.TclTests" name="[3] /home/travis/build/icyphy/ptII/ptolemy/actor/lib/test/Bernoulli.tcl (RunTclFile)" time="0.019" />
  <testcase classname="ptolemy.util.test.junit.TclTests" name="[4] /home/travis/build/icyphy/ptII/ptolemy/actor/lib/test/Clock.tcl (RunTclFile)" time="0.116" />
  <testcase classname="ptolemy.util.test.junit.TclTests" name="[5] /home/travis/build/icyphy/ptII/ptolemy/actor/lib/test/Commutator.tcl (RunTclFile)" time="0.16">
    <failure message="Number of failed tests is has increased. expected:&lt;0&gt; but was:&lt;1&gt;" type="junit.framework.AssertionFailedError">junit.framework.AssertionFailedError: Number of failed tests is has increased. expected:&lt;0&gt; but was:&lt;1&gt;
	at ptolemy.util.test.junit.TclTests.RunTclFile(TclTests.java:286)
	at java.base/jdk.internal.reflect.NativeMethodAccessorImpl.invoke0(Native Method)
	at java.base/jdk.internal.reflect.NativeMethodAccessorImpl.invoke(NativeMethodAccessorImpl.java:62)
	at java.base/jdk.internal.reflect.DelegatingMethodAccessorImpl.invoke(DelegatingMethodAccessorImpl.java:43)
	at junitparams.internal.InvokeParameterisedMethod.evaluate(InvokeParameterisedMethod.java:102)
	at junitparams.internal.ParameterisedTestMethodRunner.runMethodInvoker(ParameterisedTestMethodRunner.java:47)
	at junitparams.internal.ParameterisedTestMethodRunner.runTestMethod(ParameterisedTestMethodRunner.java:41)
	at junitparams.internal.ParameterisedTestClassRunner.runParameterisedTest(ParameterisedTestClassRunner.java:143)
	at junitparams.JUnitParamsRunner.runChild(JUnitParamsRunner.java:237)
	at junitparams.JUnitParamsRunner.runChild(JUnitParamsRunner.java:215)
</failure>
  </testcase>
  <testcase classname="ptolemy.util.test.junit.TclTests" name="[6] /home/travis/build/icyphy/ptII/ptolemy/actor/lib/test/Const.tcl (RunTclFile)" time="0.141" />
  <testcase classname="ptolemy.util.test.junit.TclTests" name="[7] /home/travis/build/icyphy/ptII/ptolemy/actor/lib/test/CurrentTime.tcl (RunTclFile)" time="0.048" />
  <testcase classname="ptolemy.util.test.junit.TclTests" name="[8] /home/travis/build/icyphy/ptII/ptolemy/actor/lib/test/DB.tcl (RunTclFile)" time="0.031" />
  <testcase classname="ptolemy.util.test.junit.TclTests" name="[9] /home/travis/build/icyphy/ptII/ptolemy/actor/lib/test/DiscreteRandomSource.tcl (RunTclFile)" time="0.028" />
  <testcase classname="ptolemy.util.test.junit.TclTests" name="[10] /home/travis/build/icyphy/ptII/ptolemy/actor/lib/test/Distributor.tcl (RunTclFile)" time="0.063" />
  <testcase classname="ptolemy.util.test.junit.TclTests" name="[11] /home/travis/build/icyphy/ptII/ptolemy/actor/lib/test/Exit.tcl (RunTclFile)" time="0.108" />
  <testcase classname="ptolemy.util.test.junit.TclTests" name="[12] /home/travis/build/icyphy/ptII/ptolemy/actor/lib/test/Expression.tcl (RunTclFile)" time="0.12" />
  <testcase classname="ptolemy.util.test.junit.TclTests" name="[13] /home/travis/build/icyphy/ptII/ptolemy/actor/lib/test/Gaussian.tcl (RunTclFile)" time="0.623" />
  <testcase classname="ptolemy.util.test.junit.TclTests" name="[14] /home/travis/build/icyphy/ptII/ptolemy/actor/lib/test/IIR.tcl (RunTclFile)" time="0.039" />
  <testcase classname="ptolemy.util.test.junit.TclTests" name="[15] /home/travis/build/icyphy/ptII/ptolemy/actor/lib/test/Interpolator.tcl (RunTclFile)" time="0.109" />
  <testcase classname="ptolemy.util.test.junit.TclTests" name="[16] /home/travis/build/icyphy/ptII/ptolemy/actor/lib/test/MathFunction.tcl (RunTclFile)" time="0.041" />
  <testcase classname="ptolemy.util.test.junit.TclTests" name="[17] /home/travis/build/icyphy/ptII/ptolemy/actor/lib/test/Maximum.tcl (RunTclFile)" time="0.026" />
  <testcase classname="ptolemy.util.test.junit.TclTests" name="[18] /home/travis/build/icyphy/ptII/ptolemy/actor/lib/test/Minimum.tcl (RunTclFile)" time="0.02" />
  <testcase classname="ptolemy.util.test.junit.TclTests" name="[19] /home/travis/build/icyphy/ptII/ptolemy/actor/lib/test/MultiplyDivide.tcl (RunTclFile)" time="0.029" />
  <testcase classname="ptolemy.util.test.junit.TclTests" name="[20] /home/travis/build/icyphy/ptII/ptolemy/actor/lib/test/OrderedMerge.tcl (RunTclFile)" time="0.144" />
  <testcase classname="ptolemy.util.test.junit.TclTests" name="[21] /home/travis/build/icyphy/ptII/ptolemy/actor/lib/test/Publisher.tcl (RunTclFile)" time="0.811" />
  <testcase classname="ptolemy.util.test.junit.TclTests" name="[22] /home/travis/build/icyphy/ptII/ptolemy/actor/lib/test/Pulse.tcl (RunTclFile)" time="0.082" />
  <testcase classname="ptolemy.util.test.junit.TclTests" name="[23] /home/travis/build/icyphy/ptII/ptolemy/actor/lib/test/Ramp.tcl (RunTclFile)" time="2.28" />
  <testcase classname="ptolemy.util.test.junit.TclTests" name="[24] /home/travis/build/icyphy/ptII/ptolemy/actor/lib/test/RampContinuous.tcl (RunTclFile)" time="0.02" />
  <testcase classname="ptolemy.util.test.junit.TclTests" name="[25] /home/travis/build/icyphy/ptII/ptolemy/actor/lib/test/RecordAssembler.tcl (RunTclFile)" time="0.015" />
  <testcase classname="ptolemy.util.test.junit.TclTests" name="[26] /home/travis/build/icyphy/ptII/ptolemy/actor/lib/test/RecordDisassembler.tcl (RunTclFile)" time="0.02" />
  <testcase classname="ptolemy.util.test.junit.TclTests" name="[27] /home/travis/build/icyphy/ptII/ptolemy/actor/lib/test/Scale.tcl (RunTclFile)" time="0.017" />
  <testcase classname="ptolemy.util.test.junit.TclTests" name="[28] /home/travis/build/icyphy/ptII/ptolemy/actor/lib/test/SequentialClock.tcl (RunTclFile)" time="0.012" />
  <testcase classname="ptolemy.util.test.junit.TclTests" name="[29] /home/travis/build/icyphy/ptII/ptolemy/actor/lib/test/SetVariable.tcl (RunTclFile)" time="0.017">
    <failure message="Number of failed tests is has increased. expected:&lt;1&gt; but was:&lt;2&gt;" type="junit.framework.AssertionFailedError">junit.framework.AssertionFailedError: Number of failed tests is has increased. expected:&lt;1&gt; but was:&lt;2&gt;
	at ptolemy.util.test.junit.TclTests.RunTclFile(TclTests.java:286)
	at jdk.internal.reflect.GeneratedMethodAccessor19.invoke(Unknown Source)
	at java.base/jdk.internal.reflect.DelegatingMethodAccessorImpl.invoke(DelegatingMethodAccessorImpl.java:43)
	at junitparams.internal.InvokeParameterisedMethod.evaluate(InvokeParameterisedMethod.java:102)
	at junitparams.internal.ParameterisedTestMethodRunner.runMethodInvoker(ParameterisedTestMethodRunner.java:47)
	at junitparams.internal.ParameterisedTestMethodRunner.runTestMethod(ParameterisedTestMethodRunner.java:41)
	at junitparams.internal.ParameterisedTestClassRunner.runParameterisedTest(ParameterisedTestClassRunner.java:143)
	at junitparams.JUnitParamsRunner.runChild(JUnitParamsRunner.java:237)
	at junitparams.JUnitParamsRunner.runChild(JUnitParamsRunner.java:215)
</failure>
  </testcase>
  <testcase classname="ptolemy.util.test.junit.TclTests" name="[30] /home/travis/build/icyphy/ptII/ptolemy/actor/lib/test/Sinewave.tcl (RunTclFile)" time="0.027" />
  <testcase classname="ptolemy.util.test.junit.TclTests" name="[31] /home/travis/build/icyphy/ptII/ptolemy/actor/lib/test/SubscriptionAggregator.tcl (RunTclFile)" time="2.202" />
  <testcase classname="ptolemy.util.test.junit.TclTests" name="[32] /home/travis/build/icyphy/ptII/ptolemy/actor/lib/test/Test.tcl (RunTclFile)" time="0.15" />
  <testcase classname="ptolemy.util.test.junit.TclTests" name="[33] /home/travis/build/icyphy/ptII/ptolemy/actor/lib/test/TestExceptionHandler.tcl (RunTclFile)" time="0.012" />
  <testcase classname="ptolemy.util.test.junit.TclTests" name="[34] /home/travis/build/icyphy/ptII/ptolemy/actor/lib/test/UnionDisassembler.tcl (RunTclFile)" time="0.08" />
  <testcase classname="ptolemy.util.test.junit.TclTests" name="[35] /home/travis/build/icyphy/ptII/ptolemy/actor/lib/test/VariableClock.tcl (RunTclFile)" time="0.027" />
  <testcase classname="ptolemy.util.test.junit.AutoKnownFailedTests" name="[0] /home/travis/build/icyphy/ptII/ptolemy/actor/lib/test/auto/knownFailedTests/PublisherPortToplevelSubscriber.xml (RunModel)" time="0.033" />
  <testcase classname="ptolemy.util.test.junit.AutoKnownFailedTests" name="[1] /home/travis/build/icyphy/ptII/ptolemy/actor/lib/test/auto/knownFailedTests/PublisherSubscriberPortToplevel.xml (RunModel)" time="0.029" />
  <testcase classname="ptolemy.util.test.junit.AutoKnownFailedTests" name="[2] /home/travis/build/icyphy/ptII/ptolemy/actor/lib/test/auto/knownFailedTests/PublisherSubscriptionAggregatorPort.xml (RunModel)" time="0.018" />
  <testcase classname="ptolemy.util.test.junit.AutoKnownFailedTests" name="[3] /home/travis/build/icyphy/ptII/ptolemy/actor/lib/test/auto/knownFailedTests/sizedarray3.xml (RunModel)" time="0.031" />
  <testcase classname="ptolemy.util.test.junit.AutoNameArchTests" name="[0] ThereAreNoAutoArchTests (RunModel)" time="0.004" />
  <testcase classname="ptolemy.util.test.junit.AutoTests" name="[0] /home/travis/build/icyphy/ptII/ptolemy/actor/lib/test/auto/AbsoluteValue.xml (RunModel)" time="0.105" />
  <testcase classname="ptolemy.util.test.junit.AutoTests" name="[1] /home/travis/build/icyphy/ptII/ptolemy/actor/lib/test/auto/AbsoluteValue2.xml (RunModel)" time="0.067" />
  <testcase classname="ptolemy.util.test.junit.AutoTests" name="[2] /home/travis/build/icyphy/ptII/ptolemy/actor/lib/test/auto/Accumulator.xml (RunModel)" time="0.087" />
  <testcase classname="ptolemy.util.test.junit.AutoTests" name="[3] /home/travis/build/icyphy/ptII/ptolemy/actor/lib/test/auto/Accumulator2.xml (RunModel)" time="0.056" />
  <testcase classname="ptolemy.util.test.junit.AutoTests" name="[4] /home/travis/build/icyphy/ptII/ptolemy/actor/lib/test/auto/Accumulator3.xml (RunModel)" time="0.047" />
  <testcase classname="ptolemy.util.test.junit.AutoTests" name="[5] /home/travis/build/icyphy/ptII/ptolemy/actor/lib/test/auto/ArrayAppend.xml (RunModel)" time="0.032" />
  <testcase classname="ptolemy.util.test.junit.AutoTests" name="[6] /home/travis/build/icyphy/ptII/ptolemy/actor/lib/test/auto/ArrayAppend2.xml (RunModel)" time="0.58" />
  <testcase classname="ptolemy.util.test.junit.AutoTests" name="[7] /home/travis/build/icyphy/ptII/ptolemy/actor/lib/test/auto/ArrayAppend3.xml (RunModel)" time="0.016" />
  <testcase classname="ptolemy.util.test.junit.AutoTests" name="[8] /home/travis/build/icyphy/ptII/ptolemy/actor/lib/test/auto/ArrayAppend4.xml (RunModel)" time="0.018" />
  <testcase classname="ptolemy.util.test.junit.AutoTests" name="[9] /home/travis/build/icyphy/ptII/ptolemy/actor/lib/test/auto/ArrayAppend5.xml (RunModel)" time="0.029" />
  <testcase classname="ptolemy.util.test.junit.AutoTests" name="[10] /home/travis/build/icyphy/ptII/ptolemy/actor/lib/test/auto/ArrayAppend6.xml (RunModel)" time="0.016" />
  <testcase classname="ptolemy.util.test.junit.AutoTests" name="[11] /home/travis/build/icyphy/ptII/ptolemy/actor/lib/test/auto/ArrayAppendPerformanceTest.xml (RunModel)" time="0.079" />
  <testcase classname="ptolemy.util.test.junit.AutoTests" name="[12] /home/travis/build/icyphy/ptII/ptolemy/actor/lib/test/auto/ArrayAppendWithEmptyInput.xml (RunModel)" time="0.033" />
  <testcase classname="ptolemy.util.test.junit.AutoTests" name="[13] /home/travis/build/icyphy/ptII/ptolemy/actor/lib/test/auto/ArrayAverage.xml (RunModel)" time="0.05" />
  <testcase classname="ptolemy.util.test.junit.AutoTests" name="[14] /home/travis/build/icyphy/ptII/ptolemy/actor/lib/test/auto/ArrayContains.xml (RunModel)" time="0.037" />
  <testcase classname="ptolemy.util.test.junit.AutoTests" name="[15] /home/travis/build/icyphy/ptII/ptolemy/actor/lib/test/auto/ArrayElement.xml (RunModel)" time="0.017" />
  <testcase classname="ptolemy.util.test.junit.AutoTests" name="[16] /home/travis/build/icyphy/ptII/ptolemy/actor/lib/test/auto/ArrayElementAsMatrix.xml (RunModel)" time="0.075" />
  <testcase classname="ptolemy.util.test.junit.AutoTests" name="[17] /home/travis/build/icyphy/ptII/ptolemy/actor/lib/test/auto/ArrayElementI.xml (RunModel)" time="0.016" />
  <testcase classname="ptolemy.util.test.junit.AutoTests" name="[18] /home/travis/build/icyphy/ptII/ptolemy/actor/lib/test/auto/ArrayExtract.xml (RunModel)" time="0.027" />
  <testcase classname="ptolemy.util.test.junit.AutoTests" name="[19] /home/travis/build/icyphy/ptII/ptolemy/actor/lib/test/auto/ArrayExtract2.xml (RunModel)" time="0.022" />
  <testcase classname="ptolemy.util.test.junit.AutoTests" name="[20] /home/travis/build/icyphy/ptII/ptolemy/actor/lib/test/auto/ArrayLength.xml (RunModel)" time="0.013" />
  <testcase classname="ptolemy.util.test.junit.AutoTests" name="[21] /home/travis/build/icyphy/ptII/ptolemy/actor/lib/test/auto/ArrayLevelCrossing.xml (RunModel)" time="0.084" />
  <testcase classname="ptolemy.util.test.junit.AutoTests" name="[22] /home/travis/build/icyphy/ptII/ptolemy/actor/lib/test/auto/ArrayLevelCrossing2.xml (RunModel)" time="0.022" />
  <testcase classname="ptolemy.util.test.junit.AutoTests" name="[23] /home/travis/build/icyphy/ptII/ptolemy/actor/lib/test/auto/ArrayPeakSearch.xml (RunModel)" time="0.037" />
  <testcase classname="ptolemy.util.test.junit.AutoTests" name="[24] /home/travis/build/icyphy/ptII/ptolemy/actor/lib/test/auto/ArrayPeakSearch2.xml (RunModel)" time="0.036" />
  <testcase classname="ptolemy.util.test.junit.AutoTests" name="[25] /home/travis/build/icyphy/ptII/ptolemy/actor/lib/test/auto/ArrayPeakSearch3.xml (RunModel)" time="0.034" />
  <testcase classname="ptolemy.util.test.junit.AutoTests" name="[26] /home/travis/build/icyphy/ptII/ptolemy/actor/lib/test/auto/ArrayRemoveElement.xml (RunModel)" time="0.029" />
  <testcase classname="ptolemy.util.test.junit.AutoTests" name="[27] /home/travis/build/icyphy/ptII/ptolemy/actor/lib/test/auto/ArraySort.xml (RunModel)" time="0.035" />
  <testcase classname="ptolemy.util.test.junit.AutoTests" name="[28] /home/travis/build/icyphy/ptII/ptolemy/actor/lib/test/auto/ArraySum.xml (RunModel)" time="0.017" />
  <testcase classname="ptolemy.util.test.junit.AutoTests" name="[29] /home/travis/build/icyphy/ptII/ptolemy/actor/lib/test/auto/ArrayToElements.xml (RunModel)" time="0.022" />
  <testcase classname="ptolemy.util.test.junit.AutoTests" name="[30] /home/travis/build/icyphy/ptII/ptolemy/actor/lib/test/auto/ArrayToMatrix.xml (RunModel)" time="0.064" />
  <testcase classname="ptolemy.util.test.junit.AutoTests" name="[31] /home/travis/build/icyphy/ptII/ptolemy/actor/lib/test/auto/ArrayUpdate1.xml (RunModel)" time="0.023" />
  <testcase classname="ptolemy.util.test.junit.AutoTests" name="[32] /home/travis/build/icyphy/ptII/ptolemy/actor/lib/test/auto/ArrayUpdate2.xml (RunModel)" time="0.037" />
  <testcase classname="ptolemy.util.test.junit.AutoTests" name="[33] /home/travis/build/icyphy/ptII/ptolemy/actor/lib/test/auto/ArrayUpdate3.xml (RunModel)" time="0.016" />
  <testcase classname="ptolemy.util.test.junit.AutoTests" name="[34] /home/travis/build/icyphy/ptII/ptolemy/actor/lib/test/auto/Assert1.xml (RunModel)" time="0.024" />
  <testcase classname="ptolemy.util.test.junit.AutoTests" name="[35] /home/travis/build/icyphy/ptII/ptolemy/actor/lib/test/auto/Assert2.xml (RunModel)" time="0.011" />
  <testcase classname="ptolemy.util.test.junit.AutoTests" name="[36] /home/travis/build/icyphy/ptII/ptolemy/actor/lib/test/auto/BooleanMultiplexor.xml (RunModel)" time="0.014" />
  <testcase classname="ptolemy.util.test.junit.AutoTests" name="[37] /home/travis/build/icyphy/ptII/ptolemy/actor/lib/test/auto/BooleanMultiplexor2.xml (RunModel)" time="0.023" />
  <testcase classname="ptolemy.util.test.junit.AutoTests" name="[38] /home/travis/build/icyphy/ptII/ptolemy/actor/lib/test/auto/BooleanMultiplexor3.xml (RunModel)" time="0.023" />
  <testcase classname="ptolemy.util.test.junit.AutoTests" name="[39] /home/travis/build/icyphy/ptII/ptolemy/actor/lib/test/auto/BooleanSelect.xml (RunModel)" time="0.024" />
  <testcase classname="ptolemy.util.test.junit.AutoTests" name="[40] /home/travis/build/icyphy/ptII/ptolemy/actor/lib/test/auto/BooleanSelect2.xml (RunModel)" time="0.02" />
  <testcase classname="ptolemy.util.test.junit.AutoTests" name="[41] /home/travis/build/icyphy/ptII/ptolemy/actor/lib/test/auto/BooleanSwitch.xml (RunModel)" time="0.025" />
  <testcase classname="ptolemy.util.test.junit.AutoTests" name="[42] /home/travis/build/icyphy/ptII/ptolemy/actor/lib/test/auto/BooleanSwitch2.xml (RunModel)" time="0.012" />
  <testcase classname="ptolemy.util.test.junit.AutoTests" name="[43] /home/travis/build/icyphy/ptII/ptolemy/actor/lib/test/auto/BooleanSwitchCloningBugWithClassRelationGroup.xml (RunModel)" time="0.068" />
  <testcase classname="ptolemy.util.test.junit.AutoTests" name="[44] /home/travis/build/icyphy/ptII/ptolemy/actor/lib/test/auto/BusActors.xml (RunModel)" time="0.079" />
  <testcase classname="ptolemy.util.test.junit.AutoTests" name="[45] /home/travis/build/icyphy/ptII/ptolemy/actor/lib/test/auto/ClassWrapper.xml (RunModel)" time="0.027" />
  <testcase classname="ptolemy.util.test.junit.AutoTests" name="[46] /home/travis/build/icyphy/ptII/ptolemy/actor/lib/test/auto/Clock.xml (RunModel)" time="0.009" />
  <testcase classname="ptolemy.util.test.junit.AutoTests" name="[47] /home/travis/build/icyphy/ptII/ptolemy/actor/lib/test/auto/Clock10.xml (RunModel)" time="0.018" />
  <testcase classname="ptolemy.util.test.junit.AutoTests" name="[48] /home/travis/build/icyphy/ptII/ptolemy/actor/lib/test/auto/Clock11.xml (RunModel)" time="0.018" />
  <testcase classname="ptolemy.util.test.junit.AutoTests" name="[49] /home/travis/build/icyphy/ptII/ptolemy/actor/lib/test/auto/Clock12.xml (RunModel)" time="0.02" />
  <testcase classname="ptolemy.util.test.junit.AutoTests" name="[50] /home/travis/build/icyphy/ptII/ptolemy/actor/lib/test/auto/Clock13.xml (RunModel)" time="0.071" />
  <testcase classname="ptolemy.util.test.junit.AutoTests" name="[51] /home/travis/build/icyphy/ptII/ptolemy/actor/lib/test/auto/Clock14.xml (RunModel)" time="0.016" />
  <testcase classname="ptolemy.util.test.junit.AutoTests" name="[52] /home/travis/build/icyphy/ptII/ptolemy/actor/lib/test/auto/Clock15.xml (RunModel)" time="0.015" />
  <testcase classname="ptolemy.util.test.junit.AutoTests" name="[53] /home/travis/build/icyphy/ptII/ptolemy/actor/lib/test/auto/Clock16.xml (RunModel)" time="0.099" />
  <testcase classname="ptolemy.util.test.junit.AutoTests" name="[54] /home/travis/build/icyphy/ptII/ptolemy/actor/lib/test/auto/Clock17.xml (RunModel)" time="0.067" />
  <testcase classname="ptolemy.util.test.junit.AutoTests" name="[55] /home/travis/build/icyphy/ptII/ptolemy/actor/lib/test/auto/Clock18.xml (RunModel)" time="0.058" />
  <testcase classname="ptolemy.util.test.junit.AutoTests" name="[56] /home/travis/build/icyphy/ptII/ptolemy/actor/lib/test/auto/Clock19.xml (RunModel)" time="0.075" />
  <testcase classname="ptolemy.util.test.junit.AutoTests" name="[57] /home/travis/build/icyphy/ptII/ptolemy/actor/lib/test/auto/Clock2.xml (RunModel)" time="0.017" />
  <testcase classname="ptolemy.util.test.junit.AutoTests" name="[58] /home/travis/build/icyphy/ptII/ptolemy/actor/lib/test/auto/Clock20.xml (RunModel)" time="0.025" />
  <testcase classname="ptolemy.util.test.junit.AutoTests" name="[59] /home/travis/build/icyphy/ptII/ptolemy/actor/lib/test/auto/Clock21.xml (RunModel)" time="0.022" />
  <testcase classname="ptolemy.util.test.junit.AutoTests" name="[60] /home/travis/build/icyphy/ptII/ptolemy/actor/lib/test/auto/Clock22.xml (RunModel)" time="0.02" />
  <testcase classname="ptolemy.util.test.junit.AutoTests" name="[61] /home/travis/build/icyphy/ptII/ptolemy/actor/lib/test/auto/Clock23.xml (RunModel)" time="0.022" />
  <testcase classname="ptolemy.util.test.junit.AutoTests" name="[62] /home/travis/build/icyphy/ptII/ptolemy/actor/lib/test/auto/Clock24.xml (RunModel)" time="0.015" />
  <testcase classname="ptolemy.util.test.junit.AutoTests" name="[63] /home/travis/build/icyphy/ptII/ptolemy/actor/lib/test/auto/Clock4.xml (RunModel)" time="0.017" />
  <testcase classname="ptolemy.util.test.junit.AutoTests" name="[64] /home/travis/build/icyphy/ptII/ptolemy/actor/lib/test/auto/Clock5.xml (RunModel)" time="0.013" />
  <testcase classname="ptolemy.util.test.junit.AutoTests" name="[65] /home/travis/build/icyphy/ptII/ptolemy/actor/lib/test/auto/Clock6.xml (RunModel)" time="0.015" />
  <testcase classname="ptolemy.util.test.junit.AutoTests" name="[66] /home/travis/build/icyphy/ptII/ptolemy/actor/lib/test/auto/Clock7.xml (RunModel)" time="0.012" />
  <testcase classname="ptolemy.util.test.junit.AutoTests" name="[67] /home/travis/build/icyphy/ptII/ptolemy/actor/lib/test/auto/Clock8.xml (RunModel)" time="0.015" />
  <testcase classname="ptolemy.util.test.junit.AutoTests" name="[68] /home/travis/build/icyphy/ptII/ptolemy/actor/lib/test/auto/Clock9.xml (RunModel)" time="0.019" />
  <testcase classname="ptolemy.util.test.junit.AutoTests" name="[69] /home/travis/build/icyphy/ptII/ptolemy/actor/lib/test/auto/CommDistDiscard.xml (RunModel)" time="0.026" />
  <testcase classname="ptolemy.util.test.junit.AutoTests" name="[70] /home/travis/build/icyphy/ptII/ptolemy/actor/lib/test/auto/Commutator.xml (RunModel)" time="0.023" />
  <testcase classname="ptolemy.util.test.junit.AutoTests" name="[71] /home/travis/build/icyphy/ptII/ptolemy/actor/lib/test/auto/Commutator2.xml (RunModel)" time="0.013" />
  <testcase classname="ptolemy.util.test.junit.AutoTests" name="[72] /home/travis/build/icyphy/ptII/ptolemy/actor/lib/test/auto/Commutator3.xml (RunModel)" time="0.016" />
  <testcase classname="ptolemy.util.test.junit.AutoTests" name="[73] /home/travis/build/icyphy/ptII/ptolemy/actor/lib/test/auto/Compare.xml (RunModel)" time="0.028" />
  <testcase classname="ptolemy.util.test.junit.AutoTests" name="[74] /home/travis/build/icyphy/ptII/ptolemy/actor/lib/test/auto/CompareDE.xml (RunModel)" time="0.022" />
  <testcase classname="ptolemy.util.test.junit.AutoTests" name="[75] /home/travis/build/icyphy/ptII/ptolemy/actor/lib/test/auto/ComplexDivide.xml (RunModel)" time="0.011" />
  <testcase classname="ptolemy.util.test.junit.AutoTests" name="[76] /home/travis/build/icyphy/ptII/ptolemy/actor/lib/test/auto/ComputeHistogram.xml (RunModel)" time="0.084" />
  <testcase classname="ptolemy.util.test.junit.AutoTests" name="[77] /home/travis/build/icyphy/ptII/ptolemy/actor/lib/test/auto/ConfigurationSelect.xml (RunModel)" time="0.022" />
  <testcase classname="ptolemy.util.test.junit.AutoTests" name="[78] /home/travis/build/icyphy/ptII/ptolemy/actor/lib/test/auto/ConfigurationSelect2.xml (RunModel)" time="0.015" />
  <testcase classname="ptolemy.util.test.junit.AutoTests" name="[79] /home/travis/build/icyphy/ptII/ptolemy/actor/lib/test/auto/ConfigurationSwitch.xml (RunModel)" time="0.026" />
  <testcase classname="ptolemy.util.test.junit.AutoTests" name="[80] /home/travis/build/icyphy/ptII/ptolemy/actor/lib/test/auto/ConfigurationSwitch2.xml (RunModel)" time="0.028" />
  <testcase classname="ptolemy.util.test.junit.AutoTests" name="[81] /home/travis/build/icyphy/ptII/ptolemy/actor/lib/test/auto/ConfigurationSwitchCloningBugWithClassRelationGroup.xml (RunModel)" time="0.028" />
  <testcase classname="ptolemy.util.test.junit.AutoTests" name="[82] /home/travis/build/icyphy/ptII/ptolemy/actor/lib/test/auto/ConfigurationSwitchSelectSDF.xml (RunModel)" time="0.02" />
  <testcase classname="ptolemy.util.test.junit.AutoTests" name="[83] /home/travis/build/icyphy/ptII/ptolemy/actor/lib/test/auto/ConfigurationSwitchSelectSDF2.xml (RunModel)" time="0.02" />
  <testcase classname="ptolemy.util.test.junit.AutoTests" name="[84] /home/travis/build/icyphy/ptII/ptolemy/actor/lib/test/auto/Const.xml (RunModel)" time="0.008" />
  <testcase classname="ptolemy.util.test.junit.AutoTests" name="[85] /home/travis/build/icyphy/ptII/ptolemy/actor/lib/test/auto/Const2.xml (RunModel)" time="0.017" />
  <testcase classname="ptolemy.util.test.junit.AutoTests" name="[86] /home/travis/build/icyphy/ptII/ptolemy/actor/lib/test/auto/Const3.xml (RunModel)" time="0.008" />
  <testcase classname="ptolemy.util.test.junit.AutoTests" name="[87] /home/travis/build/icyphy/ptII/ptolemy/actor/lib/test/auto/ConstantPublisherPort1.xml (RunModel)" time="0.026" />
  <testcase classname="ptolemy.util.test.junit.AutoTests" name="[88] /home/travis/build/icyphy/ptII/ptolemy/actor/lib/test/auto/ConstantPublisherPort2.xml (RunModel)" time="0.031" />
  <testcase classname="ptolemy.util.test.junit.AutoTests" name="[89] /home/travis/build/icyphy/ptII/ptolemy/actor/lib/test/auto/ConstantPublisherPort3.xml (RunModel)" time="0.035" />
  <testcase classname="ptolemy.util.test.junit.AutoTests" name="[90] /home/travis/build/icyphy/ptII/ptolemy/actor/lib/test/auto/ConstantPublisherPort4.xml (RunModel)" time="0.016" />
  <testcase classname="ptolemy.util.test.junit.AutoTests" name="[91] /home/travis/build/icyphy/ptII/ptolemy/actor/lib/test/auto/ConstantPublisherPort5.xml (RunModel)" time="0.05" />
  <testcase classname="ptolemy.util.test.junit.AutoTests" name="[92] /home/travis/build/icyphy/ptII/ptolemy/actor/lib/test/auto/ConstantPublisherPort6.xml (RunModel)" time="0.028" />
  <testcase classname="ptolemy.util.test.junit.AutoTests" name="[93] /home/travis/build/icyphy/ptII/ptolemy/actor/lib/test/auto/ConstantPublisherPort7.xml (RunModel)" time="0.03" />
  <testcase classname="ptolemy.util.test.junit.AutoTests" name="[94] /home/travis/build/icyphy/ptII/ptolemy/actor/lib/test/auto/ConstraintMonitor1.xml (RunModel)" time="0.044" />
  <testcase classname="ptolemy.util.test.junit.AutoTests" name="[95] /home/travis/build/icyphy/ptII/ptolemy/actor/lib/test/auto/ConstraintMonitor2.xml (RunModel)" time="0.013" />
  <testcase classname="ptolemy.util.test.junit.AutoTests" name="[96] /home/travis/build/icyphy/ptII/ptolemy/actor/lib/test/auto/ConstraintMonitor3.xml (RunModel)" time="0.017" />
  <testcase classname="ptolemy.util.test.junit.AutoTests" name="[97] /home/travis/build/icyphy/ptII/ptolemy/actor/lib/test/auto/ConstraintMonitor4.xml (RunModel)" time="0.013" />
  <testcase classname="ptolemy.util.test.junit.AutoTests" name="[98] /home/travis/build/icyphy/ptII/ptolemy/actor/lib/test/auto/ConstraintMonitor5.xml (RunModel)" time="0.012" />
  <testcase classname="ptolemy.util.test.junit.AutoTests" name="[99] /home/travis/build/icyphy/ptII/ptolemy/actor/lib/test/auto/ConstraintMonitor6.xml (RunModel)" time="0.017" />
  <testcase classname="ptolemy.util.test.junit.AutoTests" name="[100] /home/travis/build/icyphy/ptII/ptolemy/actor/lib/test/auto/ConstraintMonitor7.xml (RunModel)" time="0.025" />
  <testcase classname="ptolemy.util.test.junit.AutoTests" name="[101] /home/travis/build/icyphy/ptII/ptolemy/actor/lib/test/auto/ConstraintMonitor8.xml (RunModel)" time="0.02" />
  <testcase classname="ptolemy.util.test.junit.AutoTests" name="[102] /home/travis/build/icyphy/ptII/ptolemy/actor/lib/test/auto/Counter.xml (RunModel)" time="0.019" />
  <testcase classname="ptolemy.util.test.junit.AutoTests" name="[103] /home/travis/build/icyphy/ptII/ptolemy/actor/lib/test/auto/CurrentTimeSDF.xml (RunModel)" time="0.011" />
  <testcase classname="ptolemy.util.test.junit.AutoTests" name="[104] /home/travis/build/icyphy/ptII/ptolemy/actor/lib/test/auto/DB.xml (RunModel)" time="0.014" />
  <testcase classname="ptolemy.util.test.junit.AutoTests" name="[105] /home/travis/build/icyphy/ptII/ptolemy/actor/lib/test/auto/DBDE.xml (RunModel)" time="0.015" />
  <testcase classname="ptolemy.util.test.junit.AutoTests" name="[106] /home/travis/build/icyphy/ptII/ptolemy/actor/lib/test/auto/DateConstructor.xml (RunModel)" time="0.078" />
  <testcase classname="ptolemy.util.test.junit.AutoTests" name="[107] /home/travis/build/icyphy/ptII/ptolemy/actor/lib/test/auto/DelayTime.xml (RunModel)" time="0.02" />
  <testcase classname="ptolemy.util.test.junit.AutoTests" name="[108] /home/travis/build/icyphy/ptII/ptolemy/actor/lib/test/auto/Dictionary1.xml (RunModel)" time="0.029" />
  <testcase classname="ptolemy.util.test.junit.AutoTests" name="[109] /home/travis/build/icyphy/ptII/ptolemy/actor/lib/test/auto/Dictionary2.xml (RunModel)" time="0.02" />
  <testcase classname="ptolemy.util.test.junit.AutoTests" name="[110] /home/travis/build/icyphy/ptII/ptolemy/actor/lib/test/auto/Dictionary3.xml (RunModel)" time="0.014" />
  <testcase classname="ptolemy.util.test.junit.AutoTests" name="[111] /home/travis/build/icyphy/ptII/ptolemy/actor/lib/test/auto/Dictionary4.xml (RunModel)" time="0.02" />
  <testcase classname="ptolemy.util.test.junit.AutoTests" name="[112] /home/travis/build/icyphy/ptII/ptolemy/actor/lib/test/auto/Differential.xml (RunModel)" time="0.014" />
  <testcase classname="ptolemy.util.test.junit.AutoTests" name="[113] /home/travis/build/icyphy/ptII/ptolemy/actor/lib/test/auto/Director.xml (RunModel)" time="0.009" />
  <testcase classname="ptolemy.util.test.junit.AutoTests" name="[114] /home/travis/build/icyphy/ptII/ptolemy/actor/lib/test/auto/DiscreteClock.xml (RunModel)" time="0.012" />
  <testcase classname="ptolemy.util.test.junit.AutoTests" name="[115] /home/travis/build/icyphy/ptII/ptolemy/actor/lib/test/auto/DiscreteClock10.xml (RunModel)" time="0.015" />
  <testcase classname="ptolemy.util.test.junit.AutoTests" name="[116] /home/travis/build/icyphy/ptII/ptolemy/actor/lib/test/auto/DiscreteClock11.xml (RunModel)" time="0.012" />
  <testcase classname="ptolemy.util.test.junit.AutoTests" name="[117] /home/travis/build/icyphy/ptII/ptolemy/actor/lib/test/auto/DiscreteClock12.xml (RunModel)" time="0.013" />
  <testcase classname="ptolemy.util.test.junit.AutoTests" name="[118] /home/travis/build/icyphy/ptII/ptolemy/actor/lib/test/auto/DiscreteClock13.xml (RunModel)" time="0.019" />
  <testcase classname="ptolemy.util.test.junit.AutoTests" name="[119] /home/travis/build/icyphy/ptII/ptolemy/actor/lib/test/auto/DiscreteClock14.xml (RunModel)" time="0.015" />
  <testcase classname="ptolemy.util.test.junit.AutoTests" name="[120] /home/travis/build/icyphy/ptII/ptolemy/actor/lib/test/auto/DiscreteClock15.xml (RunModel)" time="0.015" />
  <testcase classname="ptolemy.util.test.junit.AutoTests" name="[121] /home/travis/build/icyphy/ptII/ptolemy/actor/lib/test/auto/DiscreteClock16.xml (RunModel)" time="0.05" />
  <testcase classname="ptolemy.util.test.junit.AutoTests" name="[122] /home/travis/build/icyphy/ptII/ptolemy/actor/lib/test/auto/DiscreteClock17.xml (RunModel)" time="0.047" />
  <testcase classname="ptolemy.util.test.junit.AutoTests" name="[123] /home/travis/build/icyphy/ptII/ptolemy/actor/lib/test/auto/DiscreteClock18.xml (RunModel)" time="0.112" />
  <testcase classname="ptolemy.util.test.junit.AutoTests" name="[124] /home/travis/build/icyphy/ptII/ptolemy/actor/lib/test/auto/DiscreteClock19.xml (RunModel)" time="0.051" />
  <testcase classname="ptolemy.util.test.junit.AutoTests" name="[125] /home/travis/build/icyphy/ptII/ptolemy/actor/lib/test/auto/DiscreteClock2.xml (RunModel)" time="0.013" />
  <testcase classname="ptolemy.util.test.junit.AutoTests" name="[126] /home/travis/build/icyphy/ptII/ptolemy/actor/lib/test/auto/DiscreteClock20.xml (RunModel)" time="0.022" />
  <testcase classname="ptolemy.util.test.junit.AutoTests" name="[127] /home/travis/build/icyphy/ptII/ptolemy/actor/lib/test/auto/DiscreteClock21.xml (RunModel)" time="0.018" />
  <testcase classname="ptolemy.util.test.junit.AutoTests" name="[128] /home/travis/build/icyphy/ptII/ptolemy/actor/lib/test/auto/DiscreteClock22.xml (RunModel)" time="0.018" />
  <testcase classname="ptolemy.util.test.junit.AutoTests" name="[129] /home/travis/build/icyphy/ptII/ptolemy/actor/lib/test/auto/DiscreteClock23.xml (RunModel)" time="0.026" />
  <testcase classname="ptolemy.util.test.junit.AutoTests" name="[130] /home/travis/build/icyphy/ptII/ptolemy/actor/lib/test/auto/DiscreteClock24.xml (RunModel)" time="0.014" />
  <testcase classname="ptolemy.util.test.junit.AutoTests" name="[131] /home/travis/build/icyphy/ptII/ptolemy/actor/lib/test/auto/DiscreteClock4.xml (RunModel)" time="0.015" />
  <testcase classname="ptolemy.util.test.junit.AutoTests" name="[132] /home/travis/build/icyphy/ptII/ptolemy/actor/lib/test/auto/DiscreteClock5.xml (RunModel)" time="0.011" />
  <testcase classname="ptolemy.util.test.junit.AutoTests" name="[133] /home/travis/build/icyphy/ptII/ptolemy/actor/lib/test/auto/DiscreteClock6.xml (RunModel)" time="0.012" />
  <testcase classname="ptolemy.util.test.junit.AutoTests" name="[134] /home/travis/build/icyphy/ptII/ptolemy/actor/lib/test/auto/DiscreteClock7.xml (RunModel)" time="0.012" />
  <testcase classname="ptolemy.util.test.junit.AutoTests" name="[135] /home/travis/build/icyphy/ptII/ptolemy/actor/lib/test/auto/DiscreteClock8.xml (RunModel)" time="0.029" />
  <testcase classname="ptolemy.util.test.junit.AutoTests" name="[136] /home/travis/build/icyphy/ptII/ptolemy/actor/lib/test/auto/DiscreteClock9.xml (RunModel)" time="0.015" />
  <testcase classname="ptolemy.util.test.junit.AutoTests" name="[137] /home/travis/build/icyphy/ptII/ptolemy/actor/lib/test/auto/DisplayArray.xml (RunModel)" time="0.01" />
  <testcase classname="ptolemy.util.test.junit.AutoTests" name="[138] /home/travis/build/icyphy/ptII/ptolemy/actor/lib/test/auto/Distributor.xml (RunModel)" time="0.01" />
  <testcase classname="ptolemy.util.test.junit.AutoTests" name="[139] /home/travis/build/icyphy/ptII/ptolemy/actor/lib/test/auto/Distributor2.xml (RunModel)" time="0.014" />
  <testcase classname="ptolemy.util.test.junit.AutoTests" name="[140] /home/travis/build/icyphy/ptII/ptolemy/actor/lib/test/auto/DownSample.xml (RunModel)" time="0.013" />
  <testcase classname="ptolemy.util.test.junit.AutoTests" name="[141] /home/travis/build/icyphy/ptII/ptolemy/actor/lib/test/auto/ElectronicUnitBase1.xml (RunModel)" time="0.069" />
  <testcase classname="ptolemy.util.test.junit.AutoTests" name="[142] /home/travis/build/icyphy/ptII/ptolemy/actor/lib/test/auto/ElementsToArray.xml (RunModel)" time="0.012" />
  <testcase classname="ptolemy.util.test.junit.AutoTests" name="[143] /home/travis/build/icyphy/ptII/ptolemy/actor/lib/test/auto/Equals.xml (RunModel)" time="0.014" />
  <testcase classname="ptolemy.util.test.junit.AutoTests" name="[144] /home/travis/build/icyphy/ptII/ptolemy/actor/lib/test/auto/Exec.xml (RunModel)" time="0.03" />
  <testcase classname="ptolemy.util.test.junit.AutoTests" name="[145] /home/travis/build/icyphy/ptII/ptolemy/actor/lib/test/auto/ExecEnvironment.xml (RunModel)" time="0.047" />
  <testcase classname="ptolemy.util.test.junit.AutoTests" name="[146] /home/travis/build/icyphy/ptII/ptolemy/actor/lib/test/auto/ExecNonZeroReturnOutput.xml (RunModel)" time="0.187" />
  <testcase classname="ptolemy.util.test.junit.AutoTests" name="[147] /home/travis/build/icyphy/ptII/ptolemy/actor/lib/test/auto/ExecRunDemos.xml (RunModel)" time="10.789">
    <error type="java.lang.reflect.InvocationTargetException">java.lang.reflect.InvocationTargetException
	at jdk.internal.reflect.GeneratedConstructorAccessor36.newInstance(Unknown Source)
	at java.base/jdk.internal.reflect.DelegatingConstructorAccessorImpl.newInstance(DelegatingConstructorAccessorImpl.java:45)
	at java.base/java.lang.reflect.Constructor.newInstance(Constructor.java:490)
	at ptolemy.util.test.junit.AutoTests.RunModel(AutoTests.java:193)
	at jdk.internal.reflect.GeneratedMethodAccessor43.invoke(Unknown Source)
	at java.base/jdk.internal.reflect.DelegatingMethodAccessorImpl.invoke(DelegatingMethodAccessorImpl.java:43)
	at junitparams.internal.InvokeParameterisedMethod.evaluate(InvokeParameterisedMethod.java:102)
Caused by: ptolemy.kernel.util.IllegalActionException: Test fails in iteration 0.
Value was: &quot;WARNING: An illegal reflective access operation has occurred\nWARNING: Illegal reflective access by io.netty.util.internal.ReflectionUtil (file:/home/travis/build/icyphy/ptII/lib/netty-common-4.1.19.Final.jar) to constructor java.nio.DirectByteBuffer(long,int)\nWARNING: Please consider reporting this to the maintainers of io.netty.util.internal.ReflectionUtil\nWARNING: Use --illegal-access=warn to enable warnings of further illegal reflective access operations\nWARNING: All illegal access operations will be denied in a future release\n&quot;. Should have been: &quot;&quot;
  in .ExecRunDemos.Test
	at ptolemy.actor.lib.Test.fire(Test.java:268)
	at ptolemy.actor.AtomicActor.iterate(AtomicActor.java:512)
	at ptolemy.actor.sched.StaticSchedulingDirector.fire(StaticSchedulingDirector.java:216)
	at ptolemy.domains.sdf.kernel.SDFDirector.fire(SDFDirector.java:500)
	at ptolemy.actor.CompositeActor.fire(CompositeActor.java:455)
	at ptolemy.actor.Manager.iterate(Manager.java:851)
	at ptolemy.actor.Manager.execute(Manager.java:369)
	at ptolemy.actor.Manager.run(Manager.java:1263)
	at ptolemy.actor.Manager$PtolemyRunThread.run(Manager.java:1915)
</error>
  </testcase>
  <testcase classname="ptolemy.util.test.junit.AutoTests" name="[148] /home/travis/build/icyphy/ptII/ptolemy/actor/lib/test/auto/ExecStop.xml (RunModel)" time="5.029" />
  <testcase classname="ptolemy.util.test.junit.AutoTests" name="[149] /home/travis/build/icyphy/ptII/ptolemy/actor/lib/test/auto/ExecutionTimeSDF.xml (RunModel)" time="6.037" />
  <testcase classname="ptolemy.util.test.junit.AutoTests" name="[150] /home/travis/build/icyphy/ptII/ptolemy/actor/lib/test/auto/Expression1.xml (RunModel)" time="0.023" />
  <testcase classname="ptolemy.util.test.junit.AutoTests" name="[151] /home/travis/build/icyphy/ptII/ptolemy/actor/lib/test/auto/Expression10.xml (RunModel)" time="0.016" />
  <testcase classname="ptolemy.util.test.junit.AutoTests" name="[152] /home/travis/build/icyphy/ptII/ptolemy/actor/lib/test/auto/Expression11.xml (RunModel)" time="0.016" />
  <testcase classname="ptolemy.util.test.junit.AutoTests" name="[153] /home/travis/build/icyphy/ptII/ptolemy/actor/lib/test/auto/Expression12.xml (RunModel)" time="0.02" />
  <testcase classname="ptolemy.util.test.junit.AutoTests" name="[154] /home/travis/build/icyphy/ptII/ptolemy/actor/lib/test/auto/Expression13.xml (RunModel)" time="0.012" />
  <testcase classname="ptolemy.util.test.junit.AutoTests" name="[155] /home/travis/build/icyphy/ptII/ptolemy/actor/lib/test/auto/Expression14.xml (RunModel)" time="0.022" />
  <testcase classname="ptolemy.util.test.junit.AutoTests" name="[156] /home/travis/build/icyphy/ptII/ptolemy/actor/lib/test/auto/Expression15.xml (RunModel)" time="0.008" />
  <testcase classname="ptolemy.util.test.junit.AutoTests" name="[157] /home/travis/build/icyphy/ptII/ptolemy/actor/lib/test/auto/Expression16.xml (RunModel)" time="0.052" />
  <testcase classname="ptolemy.util.test.junit.AutoTests" name="[158] /home/travis/build/icyphy/ptII/ptolemy/actor/lib/test/auto/Expression17.xml (RunModel)" time="0.017" />
  <testcase classname="ptolemy.util.test.junit.AutoTests" name="[159] /home/travis/build/icyphy/ptII/ptolemy/actor/lib/test/auto/Expression18.xml (RunModel)" time="0.014" />
  <testcase classname="ptolemy.util.test.junit.AutoTests" name="[160] /home/travis/build/icyphy/ptII/ptolemy/actor/lib/test/auto/Expression2.xml (RunModel)" time="0.011" />
  <testcase classname="ptolemy.util.test.junit.AutoTests" name="[161] /home/travis/build/icyphy/ptII/ptolemy/actor/lib/test/auto/Expression3.xml (RunModel)" time="0.014" />
  <testcase classname="ptolemy.util.test.junit.AutoTests" name="[162] /home/travis/build/icyphy/ptII/ptolemy/actor/lib/test/auto/Expression4.xml (RunModel)" time="0.02" />
  <testcase classname="ptolemy.util.test.junit.AutoTests" name="[163] /home/travis/build/icyphy/ptII/ptolemy/actor/lib/test/auto/Expression5.xml (RunModel)" time="0.015" />
  <testcase classname="ptolemy.util.test.junit.AutoTests" name="[164] /home/travis/build/icyphy/ptII/ptolemy/actor/lib/test/auto/Expression6.xml (RunModel)" time="0.009" />
  <testcase classname="ptolemy.util.test.junit.AutoTests" name="[165] /home/travis/build/icyphy/ptII/ptolemy/actor/lib/test/auto/Expression7.xml (RunModel)" time="0.012" />
  <testcase classname="ptolemy.util.test.junit.AutoTests" name="[166] /home/travis/build/icyphy/ptII/ptolemy/actor/lib/test/auto/Expression8.xml (RunModel)" time="0.018" />
  <testcase classname="ptolemy.util.test.junit.AutoTests" name="[167] /home/travis/build/icyphy/ptII/ptolemy/actor/lib/test/auto/Expression9.xml (RunModel)" time="0.009" />
  <testcase classname="ptolemy.util.test.junit.AutoTests" name="[168] /home/travis/build/icyphy/ptII/ptolemy/actor/lib/test/auto/ExpressionConcatenateArrayType.xml (RunModel)" time="0.033" />
  <testcase classname="ptolemy.util.test.junit.AutoTests" name="[169] /home/travis/build/icyphy/ptII/ptolemy/actor/lib/test/auto/ExpressionConcatenateArrayType2.xml (RunModel)" time="0.024" />
  <testcase classname="ptolemy.util.test.junit.AutoTests" name="[170] /home/travis/build/icyphy/ptII/ptolemy/actor/lib/test/auto/ExpressionFix.xml (RunModel)" time="0.047" />
  <testcase classname="ptolemy.util.test.junit.AutoTests" name="[171] /home/travis/build/icyphy/ptII/ptolemy/actor/lib/test/auto/ExpressionFix2.xml (RunModel)" time="0.01" />
  <testcase classname="ptolemy.util.test.junit.AutoTests" name="[172] /home/travis/build/icyphy/ptII/ptolemy/actor/lib/test/auto/ExpressionFix3.xml (RunModel)" time="0.01" />
  <testcase classname="ptolemy.util.test.junit.AutoTests" name="[173] /home/travis/build/icyphy/ptII/ptolemy/actor/lib/test/auto/FileWriter1.xml (RunModel)" time="0.012" />
  <testcase classname="ptolemy.util.test.junit.AutoTests" name="[174] /home/travis/build/icyphy/ptII/ptolemy/actor/lib/test/auto/FileWriter2.xml (RunModel)" time="0.013" />
  <testcase classname="ptolemy.util.test.junit.AutoTests" name="[175] /home/travis/build/icyphy/ptII/ptolemy/actor/lib/test/auto/FileWriter3.xml (RunModel)" time="0.011" />
  <testcase classname="ptolemy.util.test.junit.AutoTests" name="[176] /home/travis/build/icyphy/ptII/ptolemy/actor/lib/test/auto/Gaussian.xml (RunModel)" time="0.011" />
  <testcase classname="ptolemy.util.test.junit.AutoTests" name="[177] /home/travis/build/icyphy/ptII/ptolemy/actor/lib/test/auto/Gaussian1.xml (RunModel)" time="0.024" />
  <testcase classname="ptolemy.util.test.junit.AutoTests" name="[178] /home/travis/build/icyphy/ptII/ptolemy/actor/lib/test/auto/Gaussian2.xml (RunModel)" time="0.018" />
  <testcase classname="ptolemy.util.test.junit.AutoTests" name="[179] /home/travis/build/icyphy/ptII/ptolemy/actor/lib/test/auto/GradientAdaptiveLattice.xml (RunModel)" time="0.016" />
  <testcase classname="ptolemy.util.test.junit.AutoTests" name="[180] /home/travis/build/icyphy/ptII/ptolemy/actor/lib/test/auto/IIR.xml (RunModel)" time="0.01" />
  <testcase classname="ptolemy.util.test.junit.AutoTests" name="[181] /home/travis/build/icyphy/ptII/ptolemy/actor/lib/test/auto/InputOutputTransparentPorts.xml (RunModel)" time="0.023" />
  <testcase classname="ptolemy.util.test.junit.AutoTests" name="[182] /home/travis/build/icyphy/ptII/ptolemy/actor/lib/test/auto/Interpolator.xml (RunModel)" time="0.013" />
  <testcase classname="ptolemy.util.test.junit.AutoTests" name="[183] /home/travis/build/icyphy/ptII/ptolemy/actor/lib/test/auto/InterpolatorFiringLimitDE.xml (RunModel)" time="0.013" />
  <testcase classname="ptolemy.util.test.junit.AutoTests" name="[184] /home/travis/build/icyphy/ptII/ptolemy/actor/lib/test/auto/Lattice.xml (RunModel)" time="0.008" />
  <testcase classname="ptolemy.util.test.junit.AutoTests" name="[185] /home/travis/build/icyphy/ptII/ptolemy/actor/lib/test/auto/LazyAOCTestLazy.xml (RunModel)" time="0.036" />
  <testcase classname="ptolemy.util.test.junit.AutoTests" name="[186] /home/travis/build/icyphy/ptII/ptolemy/actor/lib/test/auto/LazyAOCTestNonLazy.xml (RunModel)" time="0.015" />
  <testcase classname="ptolemy.util.test.junit.AutoTests" name="[187] /home/travis/build/icyphy/ptII/ptolemy/actor/lib/test/auto/LazyInnerClass.xml (RunModel)" time="0.018" />
  <testcase classname="ptolemy.util.test.junit.AutoTests" name="[188] /home/travis/build/icyphy/ptII/ptolemy/actor/lib/test/auto/LazyPubSub.xml (RunModel)" time="0.027" />
  <testcase classname="ptolemy.util.test.junit.AutoTests" name="[189] /home/travis/build/icyphy/ptII/ptolemy/actor/lib/test/auto/LazyPubSub2.xml (RunModel)" time="0.062" />
  <testcase classname="ptolemy.util.test.junit.AutoTests" name="[190] /home/travis/build/icyphy/ptII/ptolemy/actor/lib/test/auto/LazyPubSub3.xml (RunModel)" time="0.055" />
  <testcase classname="ptolemy.util.test.junit.AutoTests" name="[191] /home/travis/build/icyphy/ptII/ptolemy/actor/lib/test/auto/LazySubClassModel.xml (RunModel)" time="0.038" />
  <testcase classname="ptolemy.util.test.junit.AutoTests" name="[192] /home/travis/build/icyphy/ptII/ptolemy/actor/lib/test/auto/LevelCrossTest1.xml (RunModel)" time="0.01" />
  <testcase classname="ptolemy.util.test.junit.AutoTests" name="[193] /home/travis/build/icyphy/ptII/ptolemy/actor/lib/test/auto/LevelCrossTest10.xml (RunModel)" time="0.016" />
  <testcase classname="ptolemy.util.test.junit.AutoTests" name="[194] /home/travis/build/icyphy/ptII/ptolemy/actor/lib/test/auto/LevelCrossTest11.xml (RunModel)" time="0.015" />
  <testcase classname="ptolemy.util.test.junit.AutoTests" name="[195] /home/travis/build/icyphy/ptII/ptolemy/actor/lib/test/auto/LevelCrossTest12.xml (RunModel)" time="0.017" />
  <testcase classname="ptolemy.util.test.junit.AutoTests" name="[196] /home/travis/build/icyphy/ptII/ptolemy/actor/lib/test/auto/LevelCrossTest13.xml (RunModel)" time="0.014" />
  <testcase classname="ptolemy.util.test.junit.AutoTests" name="[197] /home/travis/build/icyphy/ptII/ptolemy/actor/lib/test/auto/LevelCrossTest2.xml (RunModel)" time="0.01" />
  <testcase classname="ptolemy.util.test.junit.AutoTests" name="[198] /home/travis/build/icyphy/ptII/ptolemy/actor/lib/test/auto/LevelCrossTest3.xml (RunModel)" time="0.014" />
  <testcase classname="ptolemy.util.test.junit.AutoTests" name="[199] /home/travis/build/icyphy/ptII/ptolemy/actor/lib/test/auto/LevelCrossTest4.xml (RunModel)" time="0.011" />
  <testcase classname="ptolemy.util.test.junit.AutoTests" name="[200] /home/travis/build/icyphy/ptII/ptolemy/actor/lib/test/auto/LevelCrossTest5.xml (RunModel)" time="0.014" />
  <testcase classname="ptolemy.util.test.junit.AutoTests" name="[201] /home/travis/build/icyphy/ptII/ptolemy/actor/lib/test/auto/LevelCrossTest6.xml (RunModel)" time="0.013" />
  <testcase classname="ptolemy.util.test.junit.AutoTests" name="[202] /home/travis/build/icyphy/ptII/ptolemy/actor/lib/test/auto/LevelCrossTest7.xml (RunModel)" time="0.018" />
  <testcase classname="ptolemy.util.test.junit.AutoTests" name="[203] /home/travis/build/icyphy/ptII/ptolemy/actor/lib/test/auto/LevelCrossTest8.xml (RunModel)" time="0.013" />
  <testcase classname="ptolemy.util.test.junit.AutoTests" name="[204] /home/travis/build/icyphy/ptII/ptolemy/actor/lib/test/auto/LevelCrossTest9.xml (RunModel)" time="0.015" />
  <testcase classname="ptolemy.util.test.junit.AutoTests" name="[205] /home/travis/build/icyphy/ptII/ptolemy/actor/lib/test/auto/LevinsonDurbin.xml (RunModel)" time="0.009" />
  <testcase classname="ptolemy.util.test.junit.AutoTests" name="[206] /home/travis/build/icyphy/ptII/ptolemy/actor/lib/test/auto/LevinsonDurbin2.xml (RunModel)" time="0.009" />
  <testcase classname="ptolemy.util.test.junit.AutoTests" name="[207] /home/travis/build/icyphy/ptII/ptolemy/actor/lib/test/auto/LevinsonDurbin3.xml (RunModel)" time="0.01" />
  <testcase classname="ptolemy.util.test.junit.AutoTests" name="[208] /home/travis/build/icyphy/ptII/ptolemy/actor/lib/test/auto/Limiter.xml (RunModel)" time="0.047" />
  <testcase classname="ptolemy.util.test.junit.AutoTests" name="[209] /home/travis/build/icyphy/ptII/ptolemy/actor/lib/test/auto/LinearDifferenceEquationSystem.xml (RunModel)" time="0.023" />
  <testcase classname="ptolemy.util.test.junit.AutoTests" name="[210] /home/travis/build/icyphy/ptII/ptolemy/actor/lib/test/auto/LookupTable.xml (RunModel)" time="0.011" />
  <testcase classname="ptolemy.util.test.junit.AutoTests" name="[211] /home/travis/build/icyphy/ptII/ptolemy/actor/lib/test/auto/MathFunction.xml (RunModel)" time="0.027" />
  <testcase classname="ptolemy.util.test.junit.AutoTests" name="[212] /home/travis/build/icyphy/ptII/ptolemy/actor/lib/test/auto/MathFunction2.xml (RunModel)" time="0.02" />
  <testcase classname="ptolemy.util.test.junit.AutoTests" name="[213] /home/travis/build/icyphy/ptII/ptolemy/actor/lib/test/auto/MathFunction3.xml (RunModel)" time="0.07" />
  <testcase classname="ptolemy.util.test.junit.AutoTests" name="[214] /home/travis/build/icyphy/ptII/ptolemy/actor/lib/test/auto/MatrixCropBoolean.xml (RunModel)" time="0.01" />
  <testcase classname="ptolemy.util.test.junit.AutoTests" name="[215] /home/travis/build/icyphy/ptII/ptolemy/actor/lib/test/auto/MatrixCropComplex.xml (RunModel)" time="0.011" />
  <testcase classname="ptolemy.util.test.junit.AutoTests" name="[216] /home/travis/build/icyphy/ptII/ptolemy/actor/lib/test/auto/MatrixCropDouble.xml (RunModel)" time="0.009" />
  <testcase classname="ptolemy.util.test.junit.AutoTests" name="[217] /home/travis/build/icyphy/ptII/ptolemy/actor/lib/test/auto/MatrixCropFix.xml (RunModel)" time="0.013" />
  <testcase classname="ptolemy.util.test.junit.AutoTests" name="[218] /home/travis/build/icyphy/ptII/ptolemy/actor/lib/test/auto/MatrixCropInt.xml (RunModel)" time="0.01" />
  <testcase classname="ptolemy.util.test.junit.AutoTests" name="[219] /home/travis/build/icyphy/ptII/ptolemy/actor/lib/test/auto/MatrixCropLong.xml (RunModel)" time="0.009" />
  <testcase classname="ptolemy.util.test.junit.AutoTests" name="[220] /home/travis/build/icyphy/ptII/ptolemy/actor/lib/test/auto/MatrixToArray.xml (RunModel)" time="0.049" />
  <testcase classname="ptolemy.util.test.junit.AutoTests" name="[221] /home/travis/build/icyphy/ptII/ptolemy/actor/lib/test/auto/MaxIndex.xml (RunModel)" time="0.013" />
  <testcase classname="ptolemy.util.test.junit.AutoTests" name="[222] /home/travis/build/icyphy/ptII/ptolemy/actor/lib/test/auto/Maximum.xml (RunModel)" time="0.016" />
  <testcase classname="ptolemy.util.test.junit.AutoTests" name="[223] /home/travis/build/icyphy/ptII/ptolemy/actor/lib/test/auto/MaximumComplex.xml (RunModel)" time="0.014" />
  <testcase classname="ptolemy.util.test.junit.AutoTests" name="[224] /home/travis/build/icyphy/ptII/ptolemy/actor/lib/test/auto/MethodCallTest.xml (RunModel)" time="0.019" />
  <testcase classname="ptolemy.util.test.junit.AutoTests" name="[225] /home/travis/build/icyphy/ptII/ptolemy/actor/lib/test/auto/Minimum.xml (RunModel)" time="0.012" />
  <testcase classname="ptolemy.util.test.junit.AutoTests" name="[226] /home/travis/build/icyphy/ptII/ptolemy/actor/lib/test/auto/MinimumComplex.xml (RunModel)" time="0.024" />
  <testcase classname="ptolemy.util.test.junit.AutoTests" name="[227] /home/travis/build/icyphy/ptII/ptolemy/actor/lib/test/auto/MinimumMultiports.xml (RunModel)" time="0.023" />
  <testcase classname="ptolemy.util.test.junit.AutoTests" name="[228] /home/travis/build/icyphy/ptII/ptolemy/actor/lib/test/auto/ModifyDate.xml (RunModel)" time="0.043" />
  <testcase classname="ptolemy.util.test.junit.AutoTests" name="[229] /home/travis/build/icyphy/ptII/ptolemy/actor/lib/test/auto/ModifyDate2.xml (RunModel)" time="0.027" />
  <testcase classname="ptolemy.util.test.junit.AutoTests" name="[230] /home/travis/build/icyphy/ptII/ptolemy/actor/lib/test/auto/MovingAverage.xml (RunModel)" time="0.012" />
  <testcase classname="ptolemy.util.test.junit.AutoTests" name="[231] /home/travis/build/icyphy/ptII/ptolemy/actor/lib/test/auto/MovingMaximum.xml (RunModel)" time="0.021" />
  <testcase classname="ptolemy.util.test.junit.AutoTests" name="[232] /home/travis/build/icyphy/ptII/ptolemy/actor/lib/test/auto/MultipleLinksToSameRelation.xml (RunModel)" time="0.008" />
  <testcase classname="ptolemy.util.test.junit.AutoTests" name="[233] /home/travis/build/icyphy/ptII/ptolemy/actor/lib/test/auto/MultipleLinksToSameRelationDE.xml (RunModel)" time="0.008" />
  <testcase classname="ptolemy.util.test.junit.AutoTests" name="[234] /home/travis/build/icyphy/ptII/ptolemy/actor/lib/test/auto/Multiplexor.xml (RunModel)" time="0.012" />
  <testcase classname="ptolemy.util.test.junit.AutoTests" name="[235] /home/travis/build/icyphy/ptII/ptolemy/actor/lib/test/auto/Multiplexor1.xml (RunModel)" time="0.011" />
  <testcase classname="ptolemy.util.test.junit.AutoTests" name="[236] /home/travis/build/icyphy/ptII/ptolemy/actor/lib/test/auto/Multiplexor2.xml (RunModel)" time="0.017" />
  <testcase classname="ptolemy.util.test.junit.AutoTests" name="[237] /home/travis/build/icyphy/ptII/ptolemy/actor/lib/test/auto/Multiplexor3.xml (RunModel)" time="0.009" />
  <testcase classname="ptolemy.util.test.junit.AutoTests" name="[238] /home/travis/build/icyphy/ptII/ptolemy/actor/lib/test/auto/MultiplexorDE.xml (RunModel)" time="0.017" />
  <testcase classname="ptolemy.util.test.junit.AutoTests" name="[239] /home/travis/build/icyphy/ptII/ptolemy/actor/lib/test/auto/MultiportBroadcastTest.xml (RunModel)" time="0.093" />
  <testcase classname="ptolemy.util.test.junit.AutoTests" name="[240] /home/travis/build/icyphy/ptII/ptolemy/actor/lib/test/auto/MultiportOutHangDuringGetWidth.xml (RunModel)" time="0.033" />
  <testcase classname="ptolemy.util.test.junit.AutoTests" name="[241] /home/travis/build/icyphy/ptII/ptolemy/actor/lib/test/auto/NilToken.xml (RunModel)" time="0.011" />
  <testcase classname="ptolemy.util.test.junit.AutoTests" name="[242] /home/travis/build/icyphy/ptII/ptolemy/actor/lib/test/auto/NilTokenNonStrictTest.xml (RunModel)" time="0.012" />
  <testcase classname="ptolemy.util.test.junit.AutoTests" name="[243] /home/travis/build/icyphy/ptII/ptolemy/actor/lib/test/auto/NilTokenRecord.xml (RunModel)" time="0.022" />
  <testcase classname="ptolemy.util.test.junit.AutoTests" name="[244] /home/travis/build/icyphy/ptII/ptolemy/actor/lib/test/auto/NilTokenTypeTest.xml (RunModel)" time="0.029" />
  <testcase classname="ptolemy.util.test.junit.AutoTests" name="[245] /home/travis/build/icyphy/ptII/ptolemy/actor/lib/test/auto/ObjectToken1.xml (RunModel)" time="0.013" />
  <testcase classname="ptolemy.util.test.junit.AutoTests" name="[246] /home/travis/build/icyphy/ptII/ptolemy/actor/lib/test/auto/OrderedMerge.xml (RunModel)" time="0.022" />
  <testcase classname="ptolemy.util.test.junit.AutoTests" name="[247] /home/travis/build/icyphy/ptII/ptolemy/actor/lib/test/auto/OrderedRecordDisassembler.xml (RunModel)" time="0.021" />
  <testcase classname="ptolemy.util.test.junit.AutoTests" name="[248] /home/travis/build/icyphy/ptII/ptolemy/actor/lib/test/auto/OrderedRecordDisassembler2.xml (RunModel)" time="0.018" />
  <testcase classname="ptolemy.util.test.junit.AutoTests" name="[249] /home/travis/build/icyphy/ptII/ptolemy/actor/lib/test/auto/OrderedRecordUpdater.xml (RunModel)" time="0.01" />
  <testcase classname="ptolemy.util.test.junit.AutoTests" name="[250] /home/travis/build/icyphy/ptII/ptolemy/actor/lib/test/auto/OrderedRecordUpdater2.xml (RunModel)" time="0.021" />
  <testcase classname="ptolemy.util.test.junit.AutoTests" name="[251] /home/travis/build/icyphy/ptII/ptolemy/actor/lib/test/auto/PhaseUnwrap.xml (RunModel)" time="0.012" />
  <testcase classname="ptolemy.util.test.junit.AutoTests" name="[252] /home/travis/build/icyphy/ptII/ptolemy/actor/lib/test/auto/PoissonClock.xml (RunModel)" time="0.01" />
  <testcase classname="ptolemy.util.test.junit.AutoTests" name="[253] /home/travis/build/icyphy/ptII/ptolemy/actor/lib/test/auto/PoissonClock2.xml (RunModel)" time="0.007" />
  <testcase classname="ptolemy.util.test.junit.AutoTests" name="[254] /home/travis/build/icyphy/ptII/ptolemy/actor/lib/test/auto/PoissonClock3.xml (RunModel)" time="0.027" />
  <testcase classname="ptolemy.util.test.junit.AutoTests" name="[255] /home/travis/build/icyphy/ptII/ptolemy/actor/lib/test/auto/PubSubWithInitialTokens.xml (RunModel)" time="0.012" />
  <testcase classname="ptolemy.util.test.junit.AutoTests" name="[256] /home/travis/build/icyphy/ptII/ptolemy/actor/lib/test/auto/PubSubWithInitialTokens2.xml (RunModel)" time="0.012" />
  <testcase classname="ptolemy.util.test.junit.AutoTests" name="[257] /home/travis/build/icyphy/ptII/ptolemy/actor/lib/test/auto/PublisherClassNoParameter.xml (RunModel)" time="0.028" />
  <testcase classname="ptolemy.util.test.junit.AutoTests" name="[258] /home/travis/build/icyphy/ptII/ptolemy/actor/lib/test/auto/PublisherClassParameter.xml (RunModel)" time="0.023" />
  <testcase classname="ptolemy.util.test.junit.AutoTests" name="[259] /home/travis/build/icyphy/ptII/ptolemy/actor/lib/test/auto/PublisherNonStrictTest.xml (RunModel)" time="0.016" />
  <testcase classname="ptolemy.util.test.junit.AutoTests" name="[260] /home/travis/build/icyphy/ptII/ptolemy/actor/lib/test/auto/PublisherPort1.xml (RunModel)" time="0.021" />
  <testcase classname="ptolemy.util.test.junit.AutoTests" name="[261] /home/travis/build/icyphy/ptII/ptolemy/actor/lib/test/auto/PublisherPort2.xml (RunModel)" time="0.012" />
  <testcase classname="ptolemy.util.test.junit.AutoTests" name="[262] /home/travis/build/icyphy/ptII/ptolemy/actor/lib/test/auto/PublisherPort3.xml (RunModel)" time="0.014" />
  <testcase classname="ptolemy.util.test.junit.AutoTests" name="[263] /home/travis/build/icyphy/ptII/ptolemy/actor/lib/test/auto/PublisherPort4.xml (RunModel)" time="0.013" />
  <testcase classname="ptolemy.util.test.junit.AutoTests" name="[264] /home/travis/build/icyphy/ptII/ptolemy/actor/lib/test/auto/PublisherPort5.xml (RunModel)" time="0.015" />
  <testcase classname="ptolemy.util.test.junit.AutoTests" name="[265] /home/travis/build/icyphy/ptII/ptolemy/actor/lib/test/auto/PublisherPort5LookAlike.xml (RunModel)" time="0.02" />
  <testcase classname="ptolemy.util.test.junit.AutoTests" name="[266] /home/travis/build/icyphy/ptII/ptolemy/actor/lib/test/auto/PublisherPort6.xml (RunModel)" time="0.061" />
  <testcase classname="ptolemy.util.test.junit.AutoTests" name="[267] /home/travis/build/icyphy/ptII/ptolemy/actor/lib/test/auto/PublisherPort7.xml (RunModel)" time="0.018" />
  <testcase classname="ptolemy.util.test.junit.AutoTests" name="[268] /home/travis/build/icyphy/ptII/ptolemy/actor/lib/test/auto/PublisherPort8.xml (RunModel)" time="0.019" />
  <testcase classname="ptolemy.util.test.junit.AutoTests" name="[269] /home/travis/build/icyphy/ptII/ptolemy/actor/lib/test/auto/PublisherPortSubscriberChannelVariablesAOC2.xml (RunModel)" time="0.044" />
  <testcase classname="ptolemy.util.test.junit.AutoTests" name="[270] /home/travis/build/icyphy/ptII/ptolemy/actor/lib/test/auto/PublisherPortSubscriberOpaqueWidthInference.xml (RunModel)" time="0.016" />
  <testcase classname="ptolemy.util.test.junit.AutoTests" name="[271] /home/travis/build/icyphy/ptII/ptolemy/actor/lib/test/auto/PublisherPortSubscriberPortAdjacent.xml (RunModel)" time="0.017" />
  <testcase classname="ptolemy.util.test.junit.AutoTests" name="[272] /home/travis/build/icyphy/ptII/ptolemy/actor/lib/test/auto/PublisherPortSubscriberPortExpression.xml (RunModel)" time="0.016" />
  <testcase classname="ptolemy.util.test.junit.AutoTests" name="[273] /home/travis/build/icyphy/ptII/ptolemy/actor/lib/test/auto/PublisherPortSubscriberPortOpaqueD3Reverse.xml (RunModel)" time="0.019" />
  <testcase classname="ptolemy.util.test.junit.AutoTests" name="[274] /home/travis/build/icyphy/ptII/ptolemy/actor/lib/test/auto/PublisherPortSubscriberPortOpaqueWidthInference.xml (RunModel)" time="0.018" />
  <testcase classname="ptolemy.util.test.junit.AutoTests" name="[275] /home/travis/build/icyphy/ptII/ptolemy/actor/lib/test/auto/PublisherPortToplevelSubscriberPortAOC.xml (RunModel)" time="0.011" />
  <testcase classname="ptolemy.util.test.junit.AutoTests" name="[276] /home/travis/build/icyphy/ptII/ptolemy/actor/lib/test/auto/PublisherSubscriber.xml (RunModel)" time="0.012" />
  <testcase classname="ptolemy.util.test.junit.AutoTests" name="[277] /home/travis/build/icyphy/ptII/ptolemy/actor/lib/test/auto/PublisherSubscriber10.xml (RunModel)" time="0.029" />
  <testcase classname="ptolemy.util.test.junit.AutoTests" name="[278] /home/travis/build/icyphy/ptII/ptolemy/actor/lib/test/auto/PublisherSubscriber10InitialOutputs.xml (RunModel)" time="0.027" />
  <testcase classname="ptolemy.util.test.junit.AutoTests" name="[279] /home/travis/build/icyphy/ptII/ptolemy/actor/lib/test/auto/PublisherSubscriber11.xml (RunModel)" time="0.017" />
  <testcase classname="ptolemy.util.test.junit.AutoTests" name="[280] /home/travis/build/icyphy/ptII/ptolemy/actor/lib/test/auto/PublisherSubscriber12.xml (RunModel)" time="0.015" />
  <testcase classname="ptolemy.util.test.junit.AutoTests" name="[281] /home/travis/build/icyphy/ptII/ptolemy/actor/lib/test/auto/PublisherSubscriber13.xml (RunModel)" time="0.009" />
  <testcase classname="ptolemy.util.test.junit.AutoTests" name="[282] /home/travis/build/icyphy/ptII/ptolemy/actor/lib/test/auto/PublisherSubscriber14.xml (RunModel)" time="0.018" />
  <testcase classname="ptolemy.util.test.junit.AutoTests" name="[283] /home/travis/build/icyphy/ptII/ptolemy/actor/lib/test/auto/PublisherSubscriber2.xml (RunModel)" time="0.01" />
  <testcase classname="ptolemy.util.test.junit.AutoTests" name="[284] /home/travis/build/icyphy/ptII/ptolemy/actor/lib/test/auto/PublisherSubscriber3.xml (RunModel)" time="0.009" />
  <testcase classname="ptolemy.util.test.junit.AutoTests" name="[285] /home/travis/build/icyphy/ptII/ptolemy/actor/lib/test/auto/PublisherSubscriber4.xml (RunModel)" time="0.008" />
  <testcase classname="ptolemy.util.test.junit.AutoTests" name="[286] /home/travis/build/icyphy/ptII/ptolemy/actor/lib/test/auto/PublisherSubscriber5.xml (RunModel)" time="0.011" />
  <testcase classname="ptolemy.util.test.junit.AutoTests" name="[287] /home/travis/build/icyphy/ptII/ptolemy/actor/lib/test/auto/PublisherSubscriber6.xml (RunModel)" time="0.014" />
  <testcase classname="ptolemy.util.test.junit.AutoTests" name="[288] /home/travis/build/icyphy/ptII/ptolemy/actor/lib/test/auto/PublisherSubscriber7.xml (RunModel)" time="0.021" />
  <testcase classname="ptolemy.util.test.junit.AutoTests" name="[289] /home/travis/build/icyphy/ptII/ptolemy/actor/lib/test/auto/PublisherSubscriber8.xml (RunModel)" time="0.032" />
  <testcase classname="ptolemy.util.test.junit.AutoTests" name="[290] /home/travis/build/icyphy/ptII/ptolemy/actor/lib/test/auto/PublisherSubscriber9.xml (RunModel)" time="0.015" />
  <testcase classname="ptolemy.util.test.junit.AutoTests" name="[291] /home/travis/build/icyphy/ptII/ptolemy/actor/lib/test/auto/PublisherSubscriberAdjacent.xml (RunModel)" time="0.015" />
  <testcase classname="ptolemy.util.test.junit.AutoTests" name="[292] /home/travis/build/icyphy/ptII/ptolemy/actor/lib/test/auto/PublisherSubscriberChannelVariablesAOC2.xml (RunModel)" time="0.025" />
  <testcase classname="ptolemy.util.test.junit.AutoTests" name="[293] /home/travis/build/icyphy/ptII/ptolemy/actor/lib/test/auto/PublisherSubscriberD3.xml (RunModel)" time="0.013" />
  <testcase classname="ptolemy.util.test.junit.AutoTests" name="[294] /home/travis/build/icyphy/ptII/ptolemy/actor/lib/test/auto/PublisherSubscriberD3Reverse.xml (RunModel)" time="0.016" />
  <testcase classname="ptolemy.util.test.junit.AutoTests" name="[295] /home/travis/build/icyphy/ptII/ptolemy/actor/lib/test/auto/PublisherSubscriberExpression.xml (RunModel)" time="0.022" />
  <testcase classname="ptolemy.util.test.junit.AutoTests" name="[296] /home/travis/build/icyphy/ptII/ptolemy/actor/lib/test/auto/PublisherSubscriberOpaque.xml (RunModel)" time="0.016" />
  <testcase classname="ptolemy.util.test.junit.AutoTests" name="[297] /home/travis/build/icyphy/ptII/ptolemy/actor/lib/test/auto/PublisherSubscriberOpaqueD3.xml (RunModel)" time="0.022" />
  <testcase classname="ptolemy.util.test.junit.AutoTests" name="[298] /home/travis/build/icyphy/ptII/ptolemy/actor/lib/test/auto/PublisherSubscriberOpaqueD3Reverse.xml (RunModel)" time="0.023" />
  <testcase classname="ptolemy.util.test.junit.AutoTests" name="[299] /home/travis/build/icyphy/ptII/ptolemy/actor/lib/test/auto/PublisherSubscriberOpaqueWidthInference.xml (RunModel)" time="0.02" />
  <testcase classname="ptolemy.util.test.junit.AutoTests" name="[300] /home/travis/build/icyphy/ptII/ptolemy/actor/lib/test/auto/PublisherTestSubscriber.xml (RunModel)" time="0.015" />
  <testcase classname="ptolemy.util.test.junit.AutoTests" name="[301] /home/travis/build/icyphy/ptII/ptolemy/actor/lib/test/auto/PublisherToplevelSubscriberPortAOC.xml (RunModel)" time="0.011" />
  <testcase classname="ptolemy.util.test.junit.AutoTests" name="[302] /home/travis/build/icyphy/ptII/ptolemy/actor/lib/test/auto/PulseFiringLimitDE.xml (RunModel)" time="0.015" />
  <testcase classname="ptolemy.util.test.junit.AutoTests" name="[303] /home/travis/build/icyphy/ptII/ptolemy/actor/lib/test/auto/Ramp1.xml (RunModel)" time="0.007" />
  <testcase classname="ptolemy.util.test.junit.AutoTests" name="[304] /home/travis/build/icyphy/ptII/ptolemy/actor/lib/test/auto/RampFiringLimitDE.xml (RunModel)" time="0.011" />
  <testcase classname="ptolemy.util.test.junit.AutoTests" name="[305] /home/travis/build/icyphy/ptII/ptolemy/actor/lib/test/auto/RampFiringLimitSDF.xml (RunModel)" time="0.009" />
  <testcase classname="ptolemy.util.test.junit.AutoTests" name="[306] /home/travis/build/icyphy/ptII/ptolemy/actor/lib/test/auto/RandomInteger.xml (RunModel)" time="0.009" />
  <testcase classname="ptolemy.util.test.junit.AutoTests" name="[307] /home/travis/build/icyphy/ptII/ptolemy/actor/lib/test/auto/ReadFile1.xml (RunModel)" time="0.008" />
  <testcase classname="ptolemy.util.test.junit.AutoTests" name="[308] /home/travis/build/icyphy/ptII/ptolemy/actor/lib/test/auto/ReadFile2.xml (RunModel)" time="0.008" />
  <testcase classname="ptolemy.util.test.junit.AutoTests" name="[309] /home/travis/build/icyphy/ptII/ptolemy/actor/lib/test/auto/Reader.xml (RunModel)" time="0.01" />
  <testcase classname="ptolemy.util.test.junit.AutoTests" name="[310] /home/travis/build/icyphy/ptII/ptolemy/actor/lib/test/auto/RecordAssemblerDisplayNameTest.xml (RunModel)" time="3.874" />
  <testcase classname="ptolemy.util.test.junit.AutoTests" name="[311] /home/travis/build/icyphy/ptII/ptolemy/actor/lib/test/auto/RecordAssemblerTypeError.xml (RunModel)" time="0.036" />
  <testcase classname="ptolemy.util.test.junit.AutoTests" name="[312] /home/travis/build/icyphy/ptII/ptolemy/actor/lib/test/auto/RecordDisassember.xml (RunModel)" time="0.011" />
  <testcase classname="ptolemy.util.test.junit.AutoTests" name="[313] /home/travis/build/icyphy/ptII/ptolemy/actor/lib/test/auto/RecordDisassemberDisplayNameTest.xml (RunModel)" time="0.02" />
  <testcase classname="ptolemy.util.test.junit.AutoTests" name="[314] /home/travis/build/icyphy/ptII/ptolemy/actor/lib/test/auto/RecordDisassembler.xml (RunModel)" time="0.01" />
  <testcase classname="ptolemy.util.test.junit.AutoTests" name="[315] /home/travis/build/icyphy/ptII/ptolemy/actor/lib/test/auto/RecordDisassembler2.xml (RunModel)" time="0.011" />
  <testcase classname="ptolemy.util.test.junit.AutoTests" name="[316] /home/travis/build/icyphy/ptII/ptolemy/actor/lib/test/auto/RecordUpdater.xml (RunModel)" time="0.011" />
  <testcase classname="ptolemy.util.test.junit.AutoTests" name="[317] /home/travis/build/icyphy/ptII/ptolemy/actor/lib/test/auto/RecordUpdater2.xml (RunModel)" time="0.01" />
  <testcase classname="ptolemy.util.test.junit.AutoTests" name="[318] /home/travis/build/icyphy/ptII/ptolemy/actor/lib/test/auto/RecursiveLattice.xml (RunModel)" time="0.009" />
  <testcase classname="ptolemy.util.test.junit.AutoTests" name="[319] /home/travis/build/icyphy/ptII/ptolemy/actor/lib/test/auto/Router.xml (RunModel)" time="3.027" />
  <testcase classname="ptolemy.util.test.junit.AutoTests" name="[320] /home/travis/build/icyphy/ptII/ptolemy/actor/lib/test/auto/Router2.xml (RunModel)" time="3.038" />
  <testcase classname="ptolemy.util.test.junit.AutoTests" name="[321] /home/travis/build/icyphy/ptII/ptolemy/actor/lib/test/auto/RunningMaximum.xml (RunModel)" time="0.015" />
  <testcase classname="ptolemy.util.test.junit.AutoTests" name="[322] /home/travis/build/icyphy/ptII/ptolemy/actor/lib/test/auto/RunningMinimum.xml (RunModel)" time="0.019" />
  <testcase classname="ptolemy.util.test.junit.AutoTests" name="[323] /home/travis/build/icyphy/ptII/ptolemy/actor/lib/test/auto/Scale.xml (RunModel)" time="0.027" />
  <testcase classname="ptolemy.util.test.junit.AutoTests" name="[324] /home/travis/build/icyphy/ptII/ptolemy/actor/lib/test/auto/Scale2.xml (RunModel)" time="0.011" />
  <testcase classname="ptolemy.util.test.junit.AutoTests" name="[325] /home/travis/build/icyphy/ptII/ptolemy/actor/lib/test/auto/Scale3.xml (RunModel)" time="0.02" />
  <testcase classname="ptolemy.util.test.junit.AutoTests" name="[326] /home/travis/build/icyphy/ptII/ptolemy/actor/lib/test/auto/ScaleArray.xml (RunModel)" time="0.008" />
  <testcase classname="ptolemy.util.test.junit.AutoTests" name="[327] /home/travis/build/icyphy/ptII/ptolemy/actor/lib/test/auto/ScaleArray2.xml (RunModel)" time="0.008" />
  <testcase classname="ptolemy.util.test.junit.AutoTests" name="[328] /home/travis/build/icyphy/ptII/ptolemy/actor/lib/test/auto/ScaleMatrix.xml (RunModel)" time="0.168" />
  <testcase classname="ptolemy.util.test.junit.AutoTests" name="[329] /home/travis/build/icyphy/ptII/ptolemy/actor/lib/test/auto/Select.xml (RunModel)" time="0.018" />
  <testcase classname="ptolemy.util.test.junit.AutoTests" name="[330] /home/travis/build/icyphy/ptII/ptolemy/actor/lib/test/auto/Select2.xml (RunModel)" time="0.008" />
  <testcase classname="ptolemy.util.test.junit.AutoTests" name="[331] /home/travis/build/icyphy/ptII/ptolemy/actor/lib/test/auto/SequenceToArray2.xml (RunModel)" time="0.144" />
  <testcase classname="ptolemy.util.test.junit.AutoTests" name="[332] /home/travis/build/icyphy/ptII/ptolemy/actor/lib/test/auto/SequentialClock.xml (RunModel)" time="0.008" />
  <testcase classname="ptolemy.util.test.junit.AutoTests" name="[333] /home/travis/build/icyphy/ptII/ptolemy/actor/lib/test/auto/SetVariable.xml (RunModel)" time="0.012" />
  <testcase classname="ptolemy.util.test.junit.AutoTests" name="[334] /home/travis/build/icyphy/ptII/ptolemy/actor/lib/test/auto/SetVariable2.xml (RunModel)" time="0.008" />
  <testcase classname="ptolemy.util.test.junit.AutoTests" name="[335] /home/travis/build/icyphy/ptII/ptolemy/actor/lib/test/auto/SetVariable3.xml (RunModel)" time="0.015" />
  <testcase classname="ptolemy.util.test.junit.AutoTests" name="[336] /home/travis/build/icyphy/ptII/ptolemy/actor/lib/test/auto/SetVariable4.xml (RunModel)" time="0.024" />
  <testcase classname="ptolemy.util.test.junit.AutoTests" name="[337] /home/travis/build/icyphy/ptII/ptolemy/actor/lib/test/auto/SetVariable5.xml (RunModel)" time="0.041" />
  <testcase classname="ptolemy.util.test.junit.AutoTests" name="[338] /home/travis/build/icyphy/ptII/ptolemy/actor/lib/test/auto/Sinewave.xml (RunModel)" time="0.026" />
  <testcase classname="ptolemy.util.test.junit.AutoTests" name="[339] /home/travis/build/icyphy/ptII/ptolemy/actor/lib/test/auto/Sinewave2.xml (RunModel)" time="0.017" />
  <testcase classname="ptolemy.util.test.junit.AutoTests" name="[340] /home/travis/build/icyphy/ptII/ptolemy/actor/lib/test/auto/Sinewave3.xml (RunModel)" time="0.023" />
  <testcase classname="ptolemy.util.test.junit.AutoTests" name="[341] /home/travis/build/icyphy/ptII/ptolemy/actor/lib/test/auto/SingleEvent.xml (RunModel)" time="0.006" />
  <testcase classname="ptolemy.util.test.junit.AutoTests" name="[342] /home/travis/build/icyphy/ptII/ptolemy/actor/lib/test/auto/Sleep.xml (RunModel)" time="6.017" />
  <testcase classname="ptolemy.util.test.junit.AutoTests" name="[343] /home/travis/build/icyphy/ptII/ptolemy/actor/lib/test/auto/SleepMultipleFire.xml (RunModel)" time="1.033" />
  <testcase classname="ptolemy.util.test.junit.AutoTests" name="[344] /home/travis/build/icyphy/ptII/ptolemy/actor/lib/test/auto/StopDE.xml (RunModel)" time="0.017" />
  <testcase classname="ptolemy.util.test.junit.AutoTests" name="[345] /home/travis/build/icyphy/ptII/ptolemy/actor/lib/test/auto/StopSDF.xml (RunModel)" time="0.022" />
  <testcase classname="ptolemy.util.test.junit.AutoTests" name="[346] /home/travis/build/icyphy/ptII/ptolemy/actor/lib/test/auto/StringConstant.xml (RunModel)" time="0.024" />
  <testcase classname="ptolemy.util.test.junit.AutoTests" name="[347] /home/travis/build/icyphy/ptII/ptolemy/actor/lib/test/auto/SubscriberPortInitialValues1.xml (RunModel)" time="0.024" />
  <testcase classname="ptolemy.util.test.junit.AutoTests" name="[348] /home/travis/build/icyphy/ptII/ptolemy/actor/lib/test/auto/SubscriberPortInitialValues13.xml (RunModel)" time="0.026" />
  <testcase classname="ptolemy.util.test.junit.AutoTests" name="[349] /home/travis/build/icyphy/ptII/ptolemy/actor/lib/test/auto/SubscriberPortInitialValues14.xml (RunModel)" time="0.016" />
  <testcase classname="ptolemy.util.test.junit.AutoTests" name="[350] /home/travis/build/icyphy/ptII/ptolemy/actor/lib/test/auto/SubscriberPortInitialValues2.xml (RunModel)" time="0.018" />
  <testcase classname="ptolemy.util.test.junit.AutoTests" name="[351] /home/travis/build/icyphy/ptII/ptolemy/actor/lib/test/auto/SubscriberPortInitialValues3.xml (RunModel)" time="0.022" />
  <testcase classname="ptolemy.util.test.junit.AutoTests" name="[352] /home/travis/build/icyphy/ptII/ptolemy/actor/lib/test/auto/SubscriptionAggregator.xml (RunModel)" time="0.012" />
  <testcase classname="ptolemy.util.test.junit.AutoTests" name="[353] /home/travis/build/icyphy/ptII/ptolemy/actor/lib/test/auto/SubscriptionAggregator2.xml (RunModel)" time="0.016" />
  <testcase classname="ptolemy.util.test.junit.AutoTests" name="[354] /home/travis/build/icyphy/ptII/ptolemy/actor/lib/test/auto/SubscriptionAggregator3.xml (RunModel)" time="0.016" />
  <testcase classname="ptolemy.util.test.junit.AutoTests" name="[355] /home/travis/build/icyphy/ptII/ptolemy/actor/lib/test/auto/SubscriptionAggregatorMultiply.xml (RunModel)" time="0.024" />
  <testcase classname="ptolemy.util.test.junit.AutoTests" name="[356] /home/travis/build/icyphy/ptII/ptolemy/actor/lib/test/auto/SubscriptionAggregatorPortMultiply1.xml (RunModel)" time="0.019" />
  <testcase classname="ptolemy.util.test.junit.AutoTests" name="[357] /home/travis/build/icyphy/ptII/ptolemy/actor/lib/test/auto/Switch.xml (RunModel)" time="0.019" />
  <testcase classname="ptolemy.util.test.junit.AutoTests" name="[358] /home/travis/build/icyphy/ptII/ptolemy/actor/lib/test/auto/Switch2.xml (RunModel)" time="0.014" />
  <testcase classname="ptolemy.util.test.junit.AutoTests" name="[359] /home/travis/build/icyphy/ptII/ptolemy/actor/lib/test/auto/SwitchDE.xml (RunModel)" time="0.018" />
  <testcase classname="ptolemy.util.test.junit.AutoTests" name="[360] /home/travis/build/icyphy/ptII/ptolemy/actor/lib/test/auto/SynchronizerDE.xml (RunModel)" time="0.024" />
  <testcase classname="ptolemy.util.test.junit.AutoTests" name="[361] /home/travis/build/icyphy/ptII/ptolemy/actor/lib/test/auto/Test.xml (RunModel)" time="0.019" />
  <testcase classname="ptolemy.util.test.junit.AutoTests" name="[362] /home/travis/build/icyphy/ptII/ptolemy/actor/lib/test/auto/TestExceptionAttribute1.xml (RunModel)" time="0.008" />
  <testcase classname="ptolemy.util.test.junit.AutoTests" name="[363] /home/travis/build/icyphy/ptII/ptolemy/actor/lib/test/auto/TestExceptionAttribute2.xml (RunModel)" time="0.014" />
  <testcase classname="ptolemy.util.test.junit.AutoTests" name="[364] /home/travis/build/icyphy/ptII/ptolemy/actor/lib/test/auto/TestExceptionAttribute3.xml (RunModel)" time="0.007" />
  <testcase classname="ptolemy.util.test.junit.AutoTests" name="[365] /home/travis/build/icyphy/ptII/ptolemy/actor/lib/test/auto/TestExceptionAttribute4.xml (RunModel)" time="0.01" />
  <testcase classname="ptolemy.util.test.junit.AutoTests" name="[366] /home/travis/build/icyphy/ptII/ptolemy/actor/lib/test/auto/TestExceptionHandler1.xml (RunModel)" time="0.01" />
  <testcase classname="ptolemy.util.test.junit.AutoTests" name="[367] /home/travis/build/icyphy/ptII/ptolemy/actor/lib/test/auto/TestExceptionHandler2.xml (RunModel)" time="0.016" />
  <testcase classname="ptolemy.util.test.junit.AutoTests" name="[368] /home/travis/build/icyphy/ptII/ptolemy/actor/lib/test/auto/TestExceptionHandler3.xml (RunModel)" time="0.008" />
  <testcase classname="ptolemy.util.test.junit.AutoTests" name="[369] /home/travis/build/icyphy/ptII/ptolemy/actor/lib/test/auto/TestExceptionHandler4.xml (RunModel)" time="0.006" />
  <testcase classname="ptolemy.util.test.junit.AutoTests" name="[370] /home/travis/build/icyphy/ptII/ptolemy/actor/lib/test/auto/TestRequireCorrectOrder.xml (RunModel)" time="0.013" />
  <testcase classname="ptolemy.util.test.junit.AutoTests" name="[371] /home/travis/build/icyphy/ptII/ptolemy/actor/lib/test/auto/TestSimple.xml (RunModel)" time="0.006" />
  <testcase classname="ptolemy.util.test.junit.AutoTests" name="[372] /home/travis/build/icyphy/ptII/ptolemy/actor/lib/test/auto/ThrowModelError.xml (RunModel)" time="0.01" />
  <testcase classname="ptolemy.util.test.junit.AutoTests" name="[373] /home/travis/build/icyphy/ptII/ptolemy/actor/lib/test/auto/TimeDelayMicrosteps.xml (RunModel)" time="0.015" />
  <testcase classname="ptolemy.util.test.junit.AutoTests" name="[374] /home/travis/build/icyphy/ptII/ptolemy/actor/lib/test/auto/TimeDelayMicrosteps2.xml (RunModel)" time="0.018" />
  <testcase classname="ptolemy.util.test.junit.AutoTests" name="[375] /home/travis/build/icyphy/ptII/ptolemy/actor/lib/test/auto/TimeDelayMicrosteps3.xml (RunModel)" time="0.013" />
  <testcase classname="ptolemy.util.test.junit.AutoTests" name="[376] /home/travis/build/icyphy/ptII/ptolemy/actor/lib/test/auto/TimeDelayVariableMicrosteps.xml (RunModel)" time="0.012" />
  <testcase classname="ptolemy.util.test.junit.AutoTests" name="[377] /home/travis/build/icyphy/ptII/ptolemy/actor/lib/test/auto/TimeGap.xml (RunModel)" time="0.017" />
  <testcase classname="ptolemy.util.test.junit.AutoTests" name="[378] /home/travis/build/icyphy/ptII/ptolemy/actor/lib/test/auto/TimeGap2.xml (RunModel)" time="0.011" />
  <testcase classname="ptolemy.util.test.junit.AutoTests" name="[379] /home/travis/build/icyphy/ptII/ptolemy/actor/lib/test/auto/TimedSinewave.xml (RunModel)" time="0.049" />
  <testcase classname="ptolemy.util.test.junit.AutoTests" name="[380] /home/travis/build/icyphy/ptII/ptolemy/actor/lib/test/auto/TimedSinewavePhase.xml (RunModel)" time="0.043" />
  <testcase classname="ptolemy.util.test.junit.AutoTests" name="[381] /home/travis/build/icyphy/ptII/ptolemy/actor/lib/test/auto/Timer.xml (RunModel)" time="0.021" />
  <testcase classname="ptolemy.util.test.junit.AutoTests" name="[382] /home/travis/build/icyphy/ptII/ptolemy/actor/lib/test/auto/TriangularDistTestModel.xml (RunModel)" time="0.018" />
  <testcase classname="ptolemy.util.test.junit.AutoTests" name="[383] /home/travis/build/icyphy/ptII/ptolemy/actor/lib/test/auto/TrigFunction.xml (RunModel)" time="0.009" />
  <testcase classname="ptolemy.util.test.junit.AutoTests" name="[384] /home/travis/build/icyphy/ptII/ptolemy/actor/lib/test/auto/TrigFunctionDE.xml (RunModel)" time="0.011" />
  <testcase classname="ptolemy.util.test.junit.AutoTests" name="[385] /home/travis/build/icyphy/ptII/ptolemy/actor/lib/test/auto/TrigFunctionInverse.xml (RunModel)" time="0.01" />
  <testcase classname="ptolemy.util.test.junit.AutoTests" name="[386] /home/travis/build/icyphy/ptII/ptolemy/actor/lib/test/auto/TrigFunctionTan.xml (RunModel)" time="0.01" />
  <testcase classname="ptolemy.util.test.junit.AutoTests" name="[387] /home/travis/build/icyphy/ptII/ptolemy/actor/lib/test/auto/TriggeredClock.xml (RunModel)" time="0.01" />
  <testcase classname="ptolemy.util.test.junit.AutoTests" name="[388] /home/travis/build/icyphy/ptII/ptolemy/actor/lib/test/auto/URLDirectoryReader.xml (RunModel)" time="0.161" />
  <testcase classname="ptolemy.util.test.junit.AutoTests" name="[389] /home/travis/build/icyphy/ptII/ptolemy/actor/lib/test/auto/URLDirectoryReader3.xml (RunModel)" time="2.465" />
  <testcase classname="ptolemy.util.test.junit.AutoTests" name="[390] /home/travis/build/icyphy/ptII/ptolemy/actor/lib/test/auto/UnaryMathFunction.xml (RunModel)" time="0.03" />
  <testcase classname="ptolemy.util.test.junit.AutoTests" name="[391] /home/travis/build/icyphy/ptII/ptolemy/actor/lib/test/auto/Uniform.xml (RunModel)" time="0.016" />
  <testcase classname="ptolemy.util.test.junit.AutoTests" name="[392] /home/travis/build/icyphy/ptII/ptolemy/actor/lib/test/auto/UnionDisassemblerTest.xml (RunModel)" time="0.015" />
  <testcase classname="ptolemy.util.test.junit.AutoTests" name="[393] /home/travis/build/icyphy/ptII/ptolemy/actor/lib/test/auto/UtilityFunctions.xml (RunModel)" time="0.008" />
  <testcase classname="ptolemy.util.test.junit.AutoTests" name="[394] /home/travis/build/icyphy/ptII/ptolemy/actor/lib/test/auto/VariableSleep.xml (RunModel)" time="0.512" />
  <testcase classname="ptolemy.util.test.junit.AutoTests" name="[395] /home/travis/build/icyphy/ptII/ptolemy/actor/lib/test/auto/VectorAssemblerDisassemblerCT.xml (RunModel)" time="0.12" />
  <testcase classname="ptolemy.util.test.junit.AutoTests" name="[396] /home/travis/build/icyphy/ptII/ptolemy/actor/lib/test/auto/VectorAssemblerDisassemblerDE.xml (RunModel)" time="0.014" />
  <testcase classname="ptolemy.util.test.junit.AutoTests" name="[397] /home/travis/build/icyphy/ptII/ptolemy/actor/lib/test/auto/VectorAssemblerDisassemblerSDF.xml (RunModel)" time="0.013" />
  <testcase classname="ptolemy.util.test.junit.AutoTests" name="[398] /home/travis/build/icyphy/ptII/ptolemy/actor/lib/test/auto/WallClockTime.xml (RunModel)" time="1.019" />
  <testcase classname="ptolemy.util.test.junit.AutoTests" name="[399] /home/travis/build/icyphy/ptII/ptolemy/actor/lib/test/auto/WidthTestWithSubscriberPublisher.xml (RunModel)" time="0.048" />
  <testcase classname="ptolemy.util.test.junit.AutoTests" name="[400] /home/travis/build/icyphy/ptII/ptolemy/actor/lib/test/auto/WidthTestWithSubscriberPublisher2.xml (RunModel)" time="0.021" />
  <testcase classname="ptolemy.util.test.junit.AutoTests" name="[401] /home/travis/build/icyphy/ptII/ptolemy/actor/lib/test/auto/WidthTestWithSubscriberPublisher3.xml (RunModel)" time="0.016" />
  <testcase classname="ptolemy.util.test.junit.AutoTests" name="[402] /home/travis/build/icyphy/ptII/ptolemy/actor/lib/test/auto/Writer.xml (RunModel)" time="0.008" />
  <testcase classname="ptolemy.util.test.junit.AutoTests" name="[403] /home/travis/build/icyphy/ptII/ptolemy/actor/lib/test/auto/array.xml (RunModel)" time="0.008" />
  <testcase classname="ptolemy.util.test.junit.AutoTests" name="[404] /home/travis/build/icyphy/ptII/ptolemy/actor/lib/test/auto/array2.xml (RunModel)" time="0.012" />
  <testcase classname="ptolemy.util.test.junit.AutoTests" name="[405] /home/travis/build/icyphy/ptII/ptolemy/actor/lib/test/auto/arrayType.xml (RunModel)" time="0.014" />
  <testcase classname="ptolemy.util.test.junit.AutoTests" name="[406] /home/travis/build/icyphy/ptII/ptolemy/actor/lib/test/auto/arrayType10.xml (RunModel)" time="0.008" />
  <testcase classname="ptolemy.util.test.junit.AutoTests" name="[407] /home/travis/build/icyphy/ptII/ptolemy/actor/lib/test/auto/arrayType11.xml (RunModel)" time="0.008" />
  <testcase classname="ptolemy.util.test.junit.AutoTests" name="[408] /home/travis/build/icyphy/ptII/ptolemy/actor/lib/test/auto/arrayType12.xml (RunModel)" time="0.008" />
  <testcase classname="ptolemy.util.test.junit.AutoTests" name="[409] /home/travis/build/icyphy/ptII/ptolemy/actor/lib/test/auto/arrayType13.xml (RunModel)" time="0.009" />
  <testcase classname="ptolemy.util.test.junit.AutoTests" name="[410] /home/travis/build/icyphy/ptII/ptolemy/actor/lib/test/auto/arrayType14.xml (RunModel)" time="0.009" />
  <testcase classname="ptolemy.util.test.junit.AutoTests" name="[411] /home/travis/build/icyphy/ptII/ptolemy/actor/lib/test/auto/arrayType15.xml (RunModel)" time="0.008" />
  <testcase classname="ptolemy.util.test.junit.AutoTests" name="[412] /home/travis/build/icyphy/ptII/ptolemy/actor/lib/test/auto/arrayType16.xml (RunModel)" time="0.009" />
  <testcase classname="ptolemy.util.test.junit.AutoTests" name="[413] /home/travis/build/icyphy/ptII/ptolemy/actor/lib/test/auto/arrayType17.xml (RunModel)" time="0.009" />
  <testcase classname="ptolemy.util.test.junit.AutoTests" name="[414] /home/travis/build/icyphy/ptII/ptolemy/actor/lib/test/auto/arrayType18.xml (RunModel)" time="0.007" />
  <testcase classname="ptolemy.util.test.junit.AutoTests" name="[415] /home/travis/build/icyphy/ptII/ptolemy/actor/lib/test/auto/arrayType19.xml (RunModel)" time="0.008" />
  <testcase classname="ptolemy.util.test.junit.AutoTests" name="[416] /home/travis/build/icyphy/ptII/ptolemy/actor/lib/test/auto/arrayType2.xml (RunModel)" time="0.008" />
  <testcase classname="ptolemy.util.test.junit.AutoTests" name="[417] /home/travis/build/icyphy/ptII/ptolemy/actor/lib/test/auto/arrayType20.xml (RunModel)" time="0.01" />
  <testcase classname="ptolemy.util.test.junit.AutoTests" name="[418] /home/travis/build/icyphy/ptII/ptolemy/actor/lib/test/auto/arrayType21.xml (RunModel)" time="0.008" />
  <testcase classname="ptolemy.util.test.junit.AutoTests" name="[419] /home/travis/build/icyphy/ptII/ptolemy/actor/lib/test/auto/arrayType22.xml (RunModel)" time="0.008" />
  <testcase classname="ptolemy.util.test.junit.AutoTests" name="[420] /home/travis/build/icyphy/ptII/ptolemy/actor/lib/test/auto/arrayType23.xml (RunModel)" time="0.008" />
  <testcase classname="ptolemy.util.test.junit.AutoTests" name="[421] /home/travis/build/icyphy/ptII/ptolemy/actor/lib/test/auto/arrayType24.xml (RunModel)" time="0.009" />
  <testcase classname="ptolemy.util.test.junit.AutoTests" name="[422] /home/travis/build/icyphy/ptII/ptolemy/actor/lib/test/auto/arrayType25.xml (RunModel)" time="0.009" />
  <testcase classname="ptolemy.util.test.junit.AutoTests" name="[423] /home/travis/build/icyphy/ptII/ptolemy/actor/lib/test/auto/arrayType26.xml (RunModel)" time="0.008" />
  <testcase classname="ptolemy.util.test.junit.AutoTests" name="[424] /home/travis/build/icyphy/ptII/ptolemy/actor/lib/test/auto/arrayType27.xml (RunModel)" time="0.083" />
  <testcase classname="ptolemy.util.test.junit.AutoTests" name="[425] /home/travis/build/icyphy/ptII/ptolemy/actor/lib/test/auto/arrayType28.xml (RunModel)" time="0.032" />
  <testcase classname="ptolemy.util.test.junit.AutoTests" name="[426] /home/travis/build/icyphy/ptII/ptolemy/actor/lib/test/auto/arrayType3.xml (RunModel)" time="0.024" />
  <testcase classname="ptolemy.util.test.junit.AutoTests" name="[427] /home/travis/build/icyphy/ptII/ptolemy/actor/lib/test/auto/arrayType4.xml (RunModel)" time="0.008" />
  <testcase classname="ptolemy.util.test.junit.AutoTests" name="[428] /home/travis/build/icyphy/ptII/ptolemy/actor/lib/test/auto/arrayType5.xml (RunModel)" time="0.009" />
  <testcase classname="ptolemy.util.test.junit.AutoTests" name="[429] /home/travis/build/icyphy/ptII/ptolemy/actor/lib/test/auto/arrayType6.xml (RunModel)" time="0.008" />
  <testcase classname="ptolemy.util.test.junit.AutoTests" name="[430] /home/travis/build/icyphy/ptII/ptolemy/actor/lib/test/auto/arrayType7.xml (RunModel)" time="0.04" />
  <testcase classname="ptolemy.util.test.junit.AutoTests" name="[431] /home/travis/build/icyphy/ptII/ptolemy/actor/lib/test/auto/arrayType8.xml (RunModel)" time="0.048" />
  <testcase classname="ptolemy.util.test.junit.AutoTests" name="[432] /home/travis/build/icyphy/ptII/ptolemy/actor/lib/test/auto/arrayType9.xml (RunModel)" time="0.034" />
  <testcase classname="ptolemy.util.test.junit.AutoTests" name="[433] /home/travis/build/icyphy/ptII/ptolemy/actor/lib/test/auto/cast.xml (RunModel)" time="0.009" />
  <testcase classname="ptolemy.util.test.junit.AutoTests" name="[434] /home/travis/build/icyphy/ptII/ptolemy/actor/lib/test/auto/compositeMultiPort.xml (RunModel)" time="0.018" />
  <testcase classname="ptolemy.util.test.junit.AutoTests" name="[435] /home/travis/build/icyphy/ptII/ptolemy/actor/lib/test/auto/expressionCastInference.xml (RunModel)" time="0.009" />
  <testcase classname="ptolemy.util.test.junit.AutoTests" name="[436] /home/travis/build/icyphy/ptII/ptolemy/actor/lib/test/auto/expressionCastInference2.xml (RunModel)" time="0.007" />
  <testcase classname="ptolemy.util.test.junit.AutoTests" name="[437] /home/travis/build/icyphy/ptII/ptolemy/actor/lib/test/auto/expressionInference.xml (RunModel)" time="0.007" />
  <testcase classname="ptolemy.util.test.junit.AutoTests" name="[438] /home/travis/build/icyphy/ptII/ptolemy/actor/lib/test/auto/expression_bug.xml (RunModel)" time="0.007" />
  <testcase classname="ptolemy.util.test.junit.AutoTests" name="[439] /home/travis/build/icyphy/ptII/ptolemy/actor/lib/test/auto/factorial.xml (RunModel)" time="0.062" />
  <testcase classname="ptolemy.util.test.junit.AutoTests" name="[440] /home/travis/build/icyphy/ptII/ptolemy/actor/lib/test/auto/filterTest1.xml (RunModel)" time="0.019" />
  <testcase classname="ptolemy.util.test.junit.AutoTests" name="[441] /home/travis/build/icyphy/ptII/ptolemy/actor/lib/test/auto/funcApplyInConst.xml (RunModel)" time="0.006" />
  <testcase classname="ptolemy.util.test.junit.AutoTests" name="[442] /home/travis/build/icyphy/ptII/ptolemy/actor/lib/test/auto/funcApplyInExpr.xml (RunModel)" time="0.005" />
  <testcase classname="ptolemy.util.test.junit.AutoTests" name="[443] /home/travis/build/icyphy/ptII/ptolemy/actor/lib/test/auto/function.xml (RunModel)" time="0.01" />
  <testcase classname="ptolemy.util.test.junit.AutoTests" name="[444] /home/travis/build/icyphy/ptII/ptolemy/actor/lib/test/auto/function2.xml (RunModel)" time="0.008" />
  <testcase classname="ptolemy.util.test.junit.AutoTests" name="[445] /home/travis/build/icyphy/ptII/ptolemy/actor/lib/test/auto/function3.xml (RunModel)" time="0.007" />
  <testcase classname="ptolemy.util.test.junit.AutoTests" name="[446] /home/travis/build/icyphy/ptII/ptolemy/actor/lib/test/auto/functionClosureTest1.xml (RunModel)" time="0.01" />
  <testcase classname="ptolemy.util.test.junit.AutoTests" name="[447] /home/travis/build/icyphy/ptII/ptolemy/actor/lib/test/auto/functionClosureTest2.xml (RunModel)" time="0.007" />
  <testcase classname="ptolemy.util.test.junit.AutoTests" name="[448] /home/travis/build/icyphy/ptII/ptolemy/actor/lib/test/auto/functionClosureTest3.xml (RunModel)" time="0.01" />
  <testcase classname="ptolemy.util.test.junit.AutoTests" name="[449] /home/travis/build/icyphy/ptII/ptolemy/actor/lib/test/auto/functionClosureTest4.xml (RunModel)" time="0.017" />
  <testcase classname="ptolemy.util.test.junit.AutoTests" name="[450] /home/travis/build/icyphy/ptII/ptolemy/actor/lib/test/auto/functionClosureTest5.xml (RunModel)" time="0.011" />
  <testcase classname="ptolemy.util.test.junit.AutoTests" name="[451] /home/travis/build/icyphy/ptII/ptolemy/actor/lib/test/auto/functionClosureTest6.xml (RunModel)" time="0.008" />
  <testcase classname="ptolemy.util.test.junit.AutoTests" name="[452] /home/travis/build/icyphy/ptII/ptolemy/actor/lib/test/auto/functionsOnArcs.xml (RunModel)" time="0.009" />
  <testcase classname="ptolemy.util.test.junit.AutoTests" name="[453] /home/travis/build/icyphy/ptII/ptolemy/actor/lib/test/auto/functionsOnArcsHOF.xml (RunModel)" time="0.012" />
  <testcase classname="ptolemy.util.test.junit.AutoTests" name="[454] /home/travis/build/icyphy/ptII/ptolemy/actor/lib/test/auto/logic.xml (RunModel)" time="0.017" />
  <testcase classname="ptolemy.util.test.junit.AutoTests" name="[455] /home/travis/build/icyphy/ptII/ptolemy/actor/lib/test/auto/matrixType.xml (RunModel)" time="0.009" />
  <testcase classname="ptolemy.util.test.junit.AutoTests" name="[456] /home/travis/build/icyphy/ptII/ptolemy/actor/lib/test/auto/matrixType10.xml (RunModel)" time="0.009" />
  <testcase classname="ptolemy.util.test.junit.AutoTests" name="[457] /home/travis/build/icyphy/ptII/ptolemy/actor/lib/test/auto/matrixType11.xml (RunModel)" time="0.007" />
  <testcase classname="ptolemy.util.test.junit.AutoTests" name="[458] /home/travis/build/icyphy/ptII/ptolemy/actor/lib/test/auto/matrixType12.xml (RunModel)" time="0.011" />
  <testcase classname="ptolemy.util.test.junit.AutoTests" name="[459] /home/travis/build/icyphy/ptII/ptolemy/actor/lib/test/auto/matrixType13.xml (RunModel)" time="0.008" />
  <testcase classname="ptolemy.util.test.junit.AutoTests" name="[460] /home/travis/build/icyphy/ptII/ptolemy/actor/lib/test/auto/matrixType14.xml (RunModel)" time="0.01" />
  <testcase classname="ptolemy.util.test.junit.AutoTests" name="[461] /home/travis/build/icyphy/ptII/ptolemy/actor/lib/test/auto/matrixType2.xml (RunModel)" time="0.009" />
  <testcase classname="ptolemy.util.test.junit.AutoTests" name="[462] /home/travis/build/icyphy/ptII/ptolemy/actor/lib/test/auto/matrixType3.xml (RunModel)" time="0.01" />
  <testcase classname="ptolemy.util.test.junit.AutoTests" name="[463] /home/travis/build/icyphy/ptII/ptolemy/actor/lib/test/auto/matrixType4.xml (RunModel)" time="0.008" />
  <testcase classname="ptolemy.util.test.junit.AutoTests" name="[464] /home/travis/build/icyphy/ptII/ptolemy/actor/lib/test/auto/matrixType5.xml (RunModel)" time="0.009" />
  <testcase classname="ptolemy.util.test.junit.AutoTests" name="[465] /home/travis/build/icyphy/ptII/ptolemy/actor/lib/test/auto/matrixType6.xml (RunModel)" time="0.009" />
  <testcase classname="ptolemy.util.test.junit.AutoTests" name="[466] /home/travis/build/icyphy/ptII/ptolemy/actor/lib/test/auto/matrixType7.xml (RunModel)" time="0.008" />
  <testcase classname="ptolemy.util.test.junit.AutoTests" name="[467] /home/travis/build/icyphy/ptII/ptolemy/actor/lib/test/auto/matrixType8.xml (RunModel)" time="0.008" />
  <testcase classname="ptolemy.util.test.junit.AutoTests" name="[468] /home/travis/build/icyphy/ptII/ptolemy/actor/lib/test/auto/matrixType9.xml (RunModel)" time="0.007" />
  <testcase classname="ptolemy.util.test.junit.AutoTests" name="[469] /home/travis/build/icyphy/ptII/ptolemy/actor/lib/test/auto/paraFunctest.xml (RunModel)" time="0.007" />
  <testcase classname="ptolemy.util.test.junit.AutoTests" name="[470] /home/travis/build/icyphy/ptII/ptolemy/actor/lib/test/auto/paraFunctest2.xml (RunModel)" time="0.008" />
  <testcase classname="ptolemy.util.test.junit.AutoTests" name="[471] /home/travis/build/icyphy/ptII/ptolemy/actor/lib/test/auto/parameterPassing.xml (RunModel)" time="0.008" />
  <testcase classname="ptolemy.util.test.junit.AutoTests" name="[472] /home/travis/build/icyphy/ptII/ptolemy/actor/lib/test/auto/record.xml (RunModel)" time="0.01" />
  <testcase classname="ptolemy.util.test.junit.AutoTests" name="[473] /home/travis/build/icyphy/ptII/ptolemy/actor/lib/test/auto/sizedarray1.xml (RunModel)" time="0.01" />
  <testcase classname="ptolemy.util.test.junit.AutoTests" name="[474] /home/travis/build/icyphy/ptII/ptolemy/actor/lib/test/auto/sizedarray2.xml (RunModel)" time="0.01" />
  <testcase classname="ptolemy.util.test.junit.AutoTests" name="[475] /home/travis/build/icyphy/ptII/ptolemy/actor/lib/test/auto/twoPublishers.xml (RunModel)" time="0.041" />
  <system-out><![CDATA[/home/travis/build/icyphy/ptII/ptolemy/actor/lib/test/AbsoluteValue.tcl
testDefs.tcl: setting time out to 9000 seconds at Mon Jun 24 04:44:47 UTC 2019
123 ms. Memory: 120832K Free: 100360K (83%)
5 ms. Memory: 120832K Free: 98462K (81%)
5 ms. Memory: 120832K Free: 97678K (81%)
4 ms. Memory: 120832K Free: 96963K (80%)
/home/travis/build/icyphy/ptII/ptolemy/actor/lib/test/AddSubtract.tcl
21 ms. Memory: 120832K Free: 107762K (89%)
14 ms. Memory: 120832K Free: 106738K (88%)
11 ms. Memory: 120832K Free: 106301K (88%)
11 ms. Memory: 120832K Free: 105263K (87%)
58 ms. Memory: 120832K Free: 102221K (85%)
5 ms. Memory: 120832K Free: 101618K (84%)
/home/travis/build/icyphy/ptII/ptolemy/actor/lib/test/Average.tcl
7 ms. Memory: 120832K Free: 100127K (83%)
7 ms. Memory: 120832K Free: 98532K (82%)
/home/travis/build/icyphy/ptII/ptolemy/actor/lib/test/Bernoulli.tcl
5 ms. Memory: 120832K Free: 97077K (80%)
2 ms. Memory: 120832K Free: 96921K (80%)
/home/travis/build/icyphy/ptII/ptolemy/actor/lib/test/Clock.tcl
preinitializing
resolving types
initializing
executing number 1
wrapping up
idle
36 ms. Memory: 120832K Free: 94029K (78%)
Completed execution with 5 iterations
preinitializing
resolving types
initializing
executing number 1
wrapping up
idle
7 ms. Memory: 120832K Free: 93388K (77%)
Completed execution with 5 iterations
preinitializing
resolving types
initializing
executing number 1
wrapping up
idle
9 ms. Memory: 120832K Free: 92825K (77%)
Completed execution with 5 iterations
/home/travis/build/icyphy/ptII/ptolemy/actor/lib/test/Commutator.tcl
7 ms. Memory: 120832K Free: 90941K (75%)
6 ms. Memory: 120832K Free: 89753K (74%)


==== $PTII/ptolemy/actor/lib/test/Commutator.tcl: Commutator-4.1 run with mutations
==== Contents of test case:

    # Grab stdout and put it into results
    jdkCapture {
	$m addChangeListener  [java::new ptolemy.kernel.util.StreamChangeListener]

	set dir [$e0 getDirector]
	#	$dir addDebugListener  #		[java::new ptolemy.kernel.util.StreamListener]
	$m initialize
	$m iterate
	set c1 [java::new ptolemy.moml.MoMLChangeRequest $e0 $e0  {<deleteEntity name="ramp1"/>}]
	set c2 [java::new ptolemy.moml.MoMLChangeRequest $e0 $e0  {<deleteRelation name="r1"/>}]
	$e0 requestChange $c1
	$e0 requestChange $c2
	$m iterate
	$m wrapup
    } results
    # The MoML within <group> ...</group> comes 
    # from SDFScheduler._setBufferSize
    list $results  [enumToTokenValues [$rec getRecord 0]]

==== Result was:
{} {0 0 1}
---- Result should have been:
{StreamChangeRequest.changeExecuted(): <deleteEntity name="ramp1"/> succeeded
StreamChangeRequest.changeExecuted(): <deleteRelation name="r1"/> succeeded
StreamChangeRequest.changeExecuted(): Record firings per iteration succeeded
} {0 0 1}
---- Commutator-4.1 FAILED
9 ms. Memory: 186368K Free: 169792K (91%)
/home/travis/build/icyphy/ptII/ptolemy/actor/lib/test/Const.tcl
5 ms. Memory: 186368K Free: 167744K (90%)
2 ms. Memory: 186368K Free: 167230K (90%)
4 ms. Memory: 186368K Free: 166720K (89%)
5 ms. Memory: 186368K Free: 166176K (89%)
13 ms. Memory: 186368K Free: 165696K (89%)
24 ms. Memory: 186368K Free: 164158K (88%)
10 ms. Memory: 186368K Free: 163120K (88%)
11 ms. Memory: 186368K Free: 162096K (87%)
/home/travis/build/icyphy/ptII/ptolemy/actor/lib/test/CurrentTime.tcl
preinitializing
resolving types
initializing
executing number 1
wrapping up
idle
28 ms. Memory: 186368K Free: 160048K (86%)
Completed execution with 11 iterations
/home/travis/build/icyphy/ptII/ptolemy/actor/lib/test/DB.tcl
5 ms. Memory: 186368K Free: 158528K (85%)
2 ms. Memory: 186368K Free: 158000K (85%)
2 ms. Memory: 186368K Free: 157504K (85%)
/home/travis/build/icyphy/ptII/ptolemy/actor/lib/test/DiscreteRandomSource.tcl
preinitializing
resolving types
initializing
executing number 1
wrapping up
idle
4 ms. Memory: 186368K Free: 155966K (84%)
Completed execution with 4 iterations
preinitializing
resolving types
initializing
executing number 1
wrapping up
idle
2 ms. Memory: 186368K Free: 155966K (84%)
Completed execution with 4 iterations
preinitializing
resolving types
initializing
executing number 1
wrapping up
idle
3 ms. Memory: 186368K Free: 155456K (83%)
Completed execution with 4 iterations
preinitializing
resolving types
initializing
executing number 1
wrapping up
idle
2 ms. Memory: 186368K Free: 154928K (83%)
Completed execution with 4 iterations
preinitializing
resolving types
initializing
executing number 1
wrapping up
idle
4 ms. Memory: 186368K Free: 154432K (83%)
Completed execution with 4 iterations
/home/travis/build/icyphy/ptII/ptolemy/actor/lib/test/Distributor.tcl
5 ms. Memory: 186368K Free: 152888K (82%)
4 ms. Memory: 186368K Free: 151856K (81%)
StreamChangeRequest.changeExecuted(): <deleteEntity name="rec2"/> succeeded
StreamChangeRequest.changeExecuted(): <deleteRelation name="r2"/> succeeded
StreamChangeRequest.changeExecuted(): Record firings per iteration succeeded
13 ms. Memory: 186368K Free: 149808K (80%)
/home/travis/build/icyphy/ptII/ptolemy/actor/lib/test/Exit.tcl
Exit.tcl: this will print a message about Manager.exitAfterWrapup, which can be ignored.
7 ms. Memory: 186368K Free: 146853K (79%)
/home/travis/build/icyphy/ptII/ptolemy/actor/lib/test/Expression.tcl
23 ms. Memory: 186368K Free: 143168K (77%)
10 ms. Memory: 186368K Free: 142608K (77%)
3 ms. Memory: 186368K Free: 141624K (76%)
preinitializing
resolving types
initializing
executing number 1
wrapping up
idle
14 ms. Memory: 186368K Free: 140096K (75%)
Completed execution with 6 iterations
4 ms. Memory: 186368K Free: 139072K (75%)
3 ms. Memory: 186368K Free: 138544K (74%)
5 ms. Memory: 186368K Free: 137520K (74%)
4 ms. Memory: 186368K Free: 136000K (73%)
5 ms. Memory: 186368K Free: 134976K (72%)
/home/travis/build/icyphy/ptII/ptolemy/actor/lib/test/Gaussian.tcl
5 ms. Memory: 186368K Free: 133392K (72%)
sleeping 1 seconds: .......................................................................................................................................................................................................................................................................................................................................................................................................................................................................................................................................................................................................................................................................................................................................................................................................................................................................................................................................................................................................................................................................................................................................................................................................................................................................................................................................................................................................................................................................................................................................................................................................................................................................................................................................................................................................................................................................................................................................................................................................................................................................................................................................................................................................................................................................................................................................................................................................................................................................................................................................................................................................................................................................................................................................................................................................................................................................................................................................................................................................................................................................................................................................................................................................................................................................................................................................................................................................................................................................................................................................................................................................................................................................................................................................................................................................................................................................................................................................................................................................................................................................................................................................................................................................................................................................................................................................................................................................................................................................................................................................................................................................................................................................................................................................................................................................................................................................................................................................................................................................................................................................................................................................................................................................................................................................................................................................................................................................................................................................................................................................................................................................................................................................................................................................................................................................................................................................................................................................................................................................................................................................................................................................................................................................................................................................................................................................................................................................................................................................................................................................................................................................................................................................................................................................................................................................................................................................................................................................................................................................................................................................................................................................................................................................................................................................................................................................................................................................................................................................................................................................................................................................................................................................................................................................................................................................................................................................................................................................................................................................................................................................................................................................................................................................................................................................................................................................................................................................................................................................................................................................................................................................................................................................................................................................................................................................................................................................................................................................................................................................................................................................................................................................................................................................................................................................................................................................................................................................................................................................................................................................................................................................................................................................................................................................................................................................................................................................................................................................................................................................................................................................................................................................................................................................................................................................................................................................................................................................................................................................................................................................................................................................................................................................................................................................................................................................................................................................................................................................................................................................................................................................................................................................................................................................................................................................................................................................................................................................................................................................................................................................................................................................................................................................................................................................................................................................................................................................................................................................................................................................................................................................................................................................................................................................................................................................................................................................................................................................................................................................................................................................................................................................................................................................................................................................................................................................................................................................................................................................................................................................................................................................................................................................................................................................................................................................................................................................................................................................................................................................................................................................................................................................................................................................................................................................................................................................................................................................................................................................................................................................................................................................................................................................................................................................................................................................................................................................................................................................................................................................................................................................................................................................................................................................................................................................................................................................................................................................................................................................................................................................................................................................................................................................................................................................................................................................................................................................................................................................................................................................................................................................................................................................................................................................................................................................................................................................................................................................................................................................................................................................................................................................................................................................................................................................................................................................................................................................................................................................................................................................................................................................................................................................................................................................................................................................................................................................................................................................................................................................................................................................................................................................................................................................................................................................................................................................................................................................................................................................................................................................................................................................................................................................................................................................................................................................................................................................................................................................................................................................................................................................................................................................................................................................................................................................................................................................................................................................................................................................................................................................................................................................................................................................................................................................................................................................................................................................................................................................................................................................................................................................................................................................................................................................................................................................................................................................................................................................................................................................................................................................................................................................................................................................................................................................................................................................................................................................................................................................................................................................................................................................................................................................................................................................................................................................................................................................................................................................................................................................................................................................................................................................................................................................................................................................................................................................................................................................................................................................................................................................................................................................................................................................................................................................................................................................................................................................................................................................................................................................................................................................................................................................................................................................................................................................................................................................................................................................................................................................................................................................................................................................................................................................................................................................................................................................................................................................................................................................................................................................................................................................................................................................................................................................................................................................................................................................................................................................................................................................................................................................................................................................................................................................................................................................................................................................................................................................................................................................................................................................................................................................................................................................................................................................................................................................................................................................................................................................................................................................................................................................................................................................................................................................................................................................................................................................................................................................................................................................................................................................................................................................................................................................................................................................................................................................................................................................................................................................................................................................................................................................................................................................................................................................................................................................................................................................................................................................................................................................................................................................................................................................................................................................................................................................................................................................................................................................................................................................................................................................................................................................................................................................................................................................................................................................................................................................................................................................................................................................................................................................................................................................................................................................................................................................................................................................................................................................................................................................................................................................................................................................................................................................................................................................................................................................................................................................................................................................................................................................................................................................................................................................................................................................................................................................................................................................................................................................................................................................................................................................................................................................................................................................................................................................................................................................................................................................................................................................................................................................................................................................................................................................................................................................................................................................................................................................................................................................................................................................................................................................................................................................................................................................................................................................................................................................................................................................................................................................................................................................................................................................................................................................................................................................................................................................................................................................................................................................................................................................................................................................................................................................................................................................................................................................................................................................................................................................................................................................................................................................................................................................................................................................................................................................................................................................................................................................................................................................................................................................................................................................................................................................................................................................................................................................................................................................................................................................................................................................................................................................................................................................2 ms. Memory: 186368K Free: 142519K (76%)
3 ms. Memory: 186368K Free: 141991K (76%)
1 ms. Memory: 186368K Free: 140975K (76%)
4 ms. Memory: 186368K Free: 140469K (75%)
3 ms. Memory: 186368K Free: 139957K (75%)
/home/travis/build/icyphy/ptII/ptolemy/actor/lib/test/IIR.tcl
/home/travis/build/icyphy/ptII/ptolemy/actor/lib/test/Interpolator.tcl
4 ms. Memory: 186368K Free: 136375K (73%)
3 ms. Memory: 186368K Free: 135351K (73%)
3 ms. Memory: 186368K Free: 134837K (72%)
1 ms. Memory: 186368K Free: 134327K (72%)
3 ms. Memory: 186368K Free: 133303K (72%)
2 ms. Memory: 186368K Free: 132759K (71%)
9 ms. Memory: 186368K Free: 131683K (71%)
3 ms. Memory: 186368K Free: 130727K (70%)
1 ms. Memory: 186368K Free: 129717K (70%)
3 ms. Memory: 186368K Free: 129207K (69%)
/home/travis/build/icyphy/ptII/ptolemy/actor/lib/test/MathFunction.tcl
5 ms. Memory: 186368K Free: 127159K (68%)
2 ms. Memory: 186368K Free: 125591K (67%)
2 ms. Memory: 186368K Free: 124597K (67%)
2 ms. Memory: 186368K Free: 124087K (67%)
3 ms. Memory: 186368K Free: 122549K (66%)
5 ms. Memory: 186368K Free: 120501K (65%)
/home/travis/build/icyphy/ptII/ptolemy/actor/lib/test/Maximum.tcl
4 ms. Memory: 186368K Free: 118967K (64%)
2 ms. Memory: 186368K Free: 117943K (63%)
2 ms. Memory: 186368K Free: 117423K (63%)
2 ms. Memory: 186368K Free: 116919K (63%)
/home/travis/build/icyphy/ptII/ptolemy/actor/lib/test/Minimum.tcl
4 ms. Memory: 186368K Free: 114871K (62%)
2 ms. Memory: 186368K Free: 114357K (61%)
2 ms. Memory: 186368K Free: 113847K (61%)
2 ms. Memory: 186368K Free: 113319K (61%)
/home/travis/build/icyphy/ptII/ptolemy/actor/lib/test/MultiplyDivide.tcl
4 ms. Memory: 186368K Free: 111271K (60%)
6 ms. Memory: 186368K Free: 110261K (59%)
3 ms. Memory: 186368K Free: 109751K (59%)
3 ms. Memory: 186368K Free: 109207K (59%)
3 ms. Memory: 186368K Free: 108213K (58%)
/home/travis/build/icyphy/ptII/ptolemy/actor/lib/test/OrderedMerge.tcl
Connections changed on port: inputA
Connections changed on port: inputB
Connections changed on port: output
Connections changed on port: output
Connections changed on port: output
Connections changed on port: input
.top. Preinitializing ...
Invoking preinitialize():  .top.OrderedMerge
Called preinitialize()
Invoking preinitialize():  .top.Ramp
Called preinitialize()
Invoking preinitialize():  .top.Ramp2
Called preinitialize()
Invoking preinitialize():  .top.Test
Called preinitialize()
Connections changed on port: inputA
Connections changed on port: output
Connections changed on port: output
Connections changed on port: input
Connections changed on port: inputB
Connections changed on port: output
.top. Finished preinitialize().
Called initialize().
Invoking initialize():  .top.OrderedMerge
Initializing actor: .top.OrderedMerge
Adding a thread: .top.OrderedMerge
Invoking initialize():  .top.Ramp
Initializing actor: .top.Ramp
Adding a thread: .top.Ramp
Invoking initialize():  .top.Ramp2
Initializing actor: .top.Ramp2
Adding a thread: .top.Ramp2
Invoking initialize():  .top.Test
Initializing actor: .top.Test
Adding a thread: .top.Test
-- Starting thread.
Called initialize()
Called prefire()
Called fire()
Called fire().
Checking for deadlock:
-- Starting thread.
Called initialize()
Called prefire()
Called fire()
-- Starting thread.
Called initialize()
Called prefire()
Called fire()
-- Starting thread.
Called initialize()
Called prefire()
Called fire()
There are 1 Blocked actors, 0 Stopped actors, and 4 active threads.
Waiting for actors to stop.
Called postfire()
Called prefire()
Called fire()
Called postfire()
Called prefire()
Called fire()
Checking for deadlock:
There are 1 Blocked actors, 0 Stopped actors, and 4 active threads.
Waiting for actors to stop.
Called postfire()
Called prefire()
Called fire()
Read input token from inputA with value 0.0
Next port to read input from is inputB
Called postfire()
Called prefire()
Called fire()
Read input token from inputB with value 0.0
Sent output token with value 0.0
Next port to read input from is inputA
Called postfire()
Called prefire()
Called fire()
Read input token from inputA with value 1.0
Checking for deadlock:
There are 1 Blocked actors, 0 Stopped actors, and 4 active threads.
Waiting for actors to stop.
-- Read input: 0.0, which is expected to match: 0.0
Called prefire()
Called fire()
Called postfire()
Called prefire()
Called fire()
Called postfire()
Called prefire()
Called fire()
Checking for deadlock:
There are 3 Blocked actors, 0 Stopped actors, and 4 active threads.
Waiting for actors to stop.
Sent output token with value 0.0
Next port to read input from is inputB
Called postfire()
Called prefire()
Called fire()
Read input token from inputB with value 1.5
Checking for deadlock:
There are 2 Blocked actors, 0 Stopped actors, and 4 active threads.
Waiting for actors to stop.
-- Read input: 0.0, which is expected to match: 0.0
Called prefire()
Called fire()
Called postfire()
Called prefire()
Called fire()
Checking for deadlock:
There are 3 Blocked actors, 0 Stopped actors, and 4 active threads.
Waiting for actors to stop.
-- Read input: 1.0, which is expected to match: 1.0
Called prefire()
Called fire()
Sent output token with value 1.0
Next port to read input from is inputA
Called postfire()
Called prefire()
Called fire()
Read input token from inputA with value 2.0
Sent output token with value 1.5
Next port to read input from is inputB
Called postfire()
Called prefire()
Called fire()
Read input token from inputB with value 3.0
Checking for deadlock:
There are 1 Blocked actors, 0 Stopped actors, and 4 active threads.
Waiting for actors to stop.
Called postfire()
Called prefire()
Called fire()
-- Read input: 1.5, which is expected to match: 1.5
Called prefire()
Called fire()
Called postfire()
Called prefire()
Called fire()
Checking for deadlock:
There are 3 Blocked actors, 0 Stopped actors, and 4 active threads.
Waiting for actors to stop.
-- Read input: 2.0, which is expected to match: 2.0
Called prefire()
Called fire()
Sent output token with value 2.0
Next port to read input from is inputA
Called postfire()
Called prefire()
Called fire()
Read input token from inputA with value 3.0
Sent output token with value 3.0
Next port to read input from is inputB
Called postfire()
Called prefire()
Called fire()
Read input token from inputB with value 4.5
Checking for deadlock:
There are 1 Blocked actors, 0 Stopped actors, and 4 active threads.
Waiting for actors to stop.
Called postfire()
Called prefire()
Called fire()
-- Read input: 3.0, which is expected to match: 3.0
Called prefire()
Called fire()
Called postfire()
Called prefire()
Called fire()
Checking for deadlock:
There are 3 Blocked actors, 0 Stopped actors, and 4 active threads.
Waiting for actors to stop.
-- Read input: 3.0, which is expected to match: 3.0
Called prefire()
Called fire()
Sent output token with value 3.0
Next port to read input from is inputA
Called postfire()
Called prefire()
Called fire()
Read input token from inputA with value 4.0
Sent output token with value 4.0
Next port to read input from is inputA
Called postfire()
Called prefire()
Called fire()
Checking for deadlock:
There are 2 Blocked actors, 0 Stopped actors, and 4 active threads.
Waiting for actors to stop.
Called postfire()
Called prefire()
Called fire()
-- Read input: 4.0, which is expected to match: 4.0
Called prefire()
Called fire()
Past the end of training data. Read and discard all inputs.
Checking for deadlock:
There are 3 Blocked actors, 0 Stopped actors, and 4 active threads.
Waiting for actors to stop.
Checking for deadlock:
There are 2 Blocked actors, 0 Stopped actors, and 4 active threads.
Waiting for actors to stop.
Called postfire()
Called prefire()
Called fire()
Checking for deadlock:
There are 3 Blocked actors, 0 Stopped actors, and 4 active threads.
Waiting for actors to stop.
Read input token from inputA with value 5.0
Called prefire()
Called fire()
Past the end of training data. Read and discard all inputs.
Checking for deadlock:
There are 3 Blocked actors, 0 Stopped actors, and 4 active threads.
Waiting for actors to stop.
Sent output token with value 4.5
Next port to read input from is inputB
Called postfire()
Called prefire()
Called fire()
Called postfire()
Called prefire()
Called fire()
Checking for deadlock:
There are 3 Blocked actors, 0 Stopped actors, and 4 active threads.
Waiting for actors to stop.
Read input token from inputB with value 6.0
Called prefire()
Called fire()
Past the end of training data. Read and discard all inputs.
Checking for deadlock:
There are 3 Blocked actors, 0 Stopped actors, and 4 active threads.
Waiting for actors to stop.
Sent output token with value 5.0
Next port to read input from is inputA
Called postfire()
Called prefire()
Called fire()
Checking for deadlock:
There are 2 Blocked actors, 0 Stopped actors, and 4 active threads.
Waiting for actors to stop.
Called postfire()
Called prefire()
Called fire()
Checking for deadlock:
There are 3 Blocked actors, 0 Stopped actors, and 4 active threads.
Waiting for actors to stop.
Read input token from inputA with value 6.0
Checking for deadlock:
There are 2 Blocked actors, 0 Stopped actors, and 4 active threads.
Waiting for actors to stop.
Called prefire()
Called fire()
Past the end of training data. Read and discard all inputs.
Checking for deadlock:
There are 3 Blocked actors, 0 Stopped actors, and 4 active threads.
Waiting for actors to stop.
Sent output token with value 6.0
Next port to read input from is inputB
Called postfire()
Called prefire()
Called fire()
Called postfire()
Called prefire()
Called fire()
Checking for deadlock:
There are 3 Blocked actors, 0 Stopped actors, and 4 active threads.
Waiting for actors to stop.
Read input token from inputB with value 7.5
Called prefire()
Called fire()
Past the end of training data. Read and discard all inputs.
Checking for deadlock:
There are 3 Blocked actors, 0 Stopped actors, and 4 active threads.
Waiting for actors to stop.
Sent output token with value 6.0
Next port to read input from is inputA
Called postfire()
Called prefire()
Called fire()
Checking for deadlock:
There are 2 Blocked actors, 0 Stopped actors, and 4 active threads.
Waiting for actors to stop.
Called postfire()
Called prefire()
Called fire()
Checking for deadlock:
There are 3 Blocked actors, 0 Stopped actors, and 4 active threads.
Waiting for actors to stop.
Read input token from inputA with value 7.0
Checking for deadlock:
There are 2 Blocked actors, 0 Stopped actors, and 4 active threads.
Waiting for actors to stop.
Called prefire()
Called fire()
Past the end of training data. Read and discard all inputs.
Checking for deadlock:
There are 3 Blocked actors, 0 Stopped actors, and 4 active threads.
Waiting for actors to stop.
Sent output token with value 7.0
Next port to read input from is inputA
Called postfire()
Called prefire()
Called fire()
Checking for deadlock:
There are 2 Blocked actors, 0 Stopped actors, and 4 active threads.
Waiting for actors to stop.
-- Thread wrapup() called.
Called wrapup()
Thread .top.Ramp is exiting.
-- Thread stopped.
Checking for deadlock:
There are 2 Blocked actors, 0 Stopped actors, and 3 active threads.
Waiting for actors to stop.
Read input token from inputA with value 8.0
Called prefire()
Called fire()
Past the end of training data. Read and discard all inputs.
Checking for deadlock:
There are 2 Blocked actors, 0 Stopped actors, and 3 active threads.
Waiting for actors to stop.
Sent output token with value 7.5
Next port to read input from is inputB
Called postfire()
Called prefire()
Called fire()
Checking for deadlock:
There are 1 Blocked actors, 0 Stopped actors, and 3 active threads.
Waiting for actors to stop.
Called postfire()
Called prefire()
Called fire()
Checking for deadlock:
There are 2 Blocked actors, 0 Stopped actors, and 3 active threads.
Waiting for actors to stop.
Read input token from inputB with value 9.0
Checking for deadlock:
There are 1 Blocked actors, 0 Stopped actors, and 3 active threads.
Waiting for actors to stop.
Called prefire()
Called fire()
Past the end of training data. Read and discard all inputs.
Checking for deadlock:
There are 2 Blocked actors, 0 Stopped actors, and 3 active threads.
Waiting for actors to stop.
Sent output token with value 8.0
Next port to read input from is inputA
Called postfire()
Called prefire()
Called fire()
Read input token from inputA with value 9.0
Called prefire()
Called fire()
Past the end of training data. Read and discard all inputs.
Checking for deadlock:
There are 2 Blocked actors, 0 Stopped actors, and 3 active threads.
Waiting for actors to stop.
Sent output token with value 9.0
Next port to read input from is inputB
Called postfire()
Called prefire()
Called fire()
Called postfire()
Called prefire()
Called fire()
Checking for deadlock:
There are 2 Blocked actors, 0 Stopped actors, and 3 active threads.
Waiting for actors to stop.
Read input token from inputB with value 10.5
Called prefire()
Called fire()
Past the end of training data. Read and discard all inputs.
Checking for deadlock:
There are 2 Blocked actors, 0 Stopped actors, and 3 active threads.
Waiting for actors to stop.
Sent output token with value 9.0
Next port to read input from is inputA
Called postfire()
Called prefire()
Called fire()
Checking for deadlock:
There are 3 Blocked actors, 0 Stopped actors, and 3 active threads.
Actors have stopped.
Checking for deadlock:
There are 3 Blocked actors, 0 Stopped actors, and 3 active threads.
Deadlock detected.
Resolving Deadlock
Checking for deadlock:
There are 3 Blocked actors, 0 Stopped actors, and 3 active threads.
Artificial Deadlock - increasing queue capacity.
increasing the capacity of receiver ptolemy.actor.TypedIOPort {.top.OrderedMerge.inputB} to 2
Director: Called postfire().
Called postfire().
_stopRequested = false
_stopFireRequested = false
Returning from postfire(): true
Called fire().
Checking for deadlock:
There are 2 Blocked actors, 0 Stopped actors, and 3 active threads.
Waiting for actors to stop.
-- Thread wrapup() called.
Called wrapup()
Thread .top.Ramp2 is exiting.
-- Thread stopped.
Checking for deadlock:
There are 2 Blocked actors, 0 Stopped actors, and 2 active threads.
Actors have stopped.
Checking for deadlock:
There are 2 Blocked actors, 0 Stopped actors, and 2 active threads.
Deadlock detected.
Resolving Deadlock
Checking for deadlock:
There are 2 Blocked actors, 0 Stopped actors, and 2 active threads.
Deadlock detected: no processes blocked on write, but some are blocked on read.
Called postfire().
_stopRequested = false
_stopFireRequested = false
Returning from postfire(): false
Finished deactivating branches.
Called wrapup().
-- Thread wrapup() called.
Called wrapup()
Thread .top.Test is exiting.
-- Thread stopped.
-- Blocked Receiver call threw TerminateProcessException.
-- Thread wrapup() called.
Called wrapup()
Thread .top.OrderedMerge is exiting.
-- Thread stopped.
-- Blocked Receiver call threw TerminateProcessException.
71 ms. Memory: 186368K Free: 103093K (55%)
.top. Preinitializing ...
Invoking preinitialize():  .top.OrderedMerge
Called preinitialize()
Invoking preinitialize():  .top.Ramp
Called preinitialize()
Invoking preinitialize():  .top.Ramp2
Called preinitialize()
Invoking preinitialize():  .top.Test
Called preinitialize()
.top. Finished preinitialize().
Called initialize().
Invoking initialize():  .top.OrderedMerge
Initializing actor: .top.OrderedMerge
Adding a thread: .top.OrderedMerge
Invoking initialize():  .top.Ramp
Initializing actor: .top.Ramp
Adding a thread: .top.Ramp
Invoking initialize():  .top.Ramp2
Initializing actor: .top.Ramp2
Adding a thread: .top.Ramp2
Invoking initialize():  .top.Test
Initializing actor: .top.Test
Adding a thread: .top.Test
-- Starting thread.
Called initialize()
Called prefire()
Called fire()
Called postfire()
Called prefire()
Called fire()
-- Starting thread.
Called initialize()
Called prefire()
Called fire()
Called postfire()
Called prefire()
Called fire()
Called fire().
Checking for deadlock:
There are 2 Blocked actors, 0 Stopped actors, and 4 active threads.
Waiting for actors to stop.
-- Starting thread.
Called initialize()
Called prefire()
Called fire()
Checking for deadlock:
There are 3 Blocked actors, 0 Stopped actors, and 4 active threads.
Waiting for actors to stop.
-- Starting thread.
Called initialize()
Called prefire()
Called fire()
Checking for deadlock:
There are 2 Blocked actors, 0 Stopped actors, and 4 active threads.
Waiting for actors to stop.
Called postfire()
Called prefire()
Called fire()
Checking for deadlock:
There are 3 Blocked actors, 0 Stopped actors, and 4 active threads.
Waiting for actors to stop.
Read input token from inputA with value 0.0
Next port to read input from is inputB
Called postfire()
Called prefire()
Called fire()
Called postfire()
Called prefire()
Called fire()
Checking for deadlock:
There are 3 Blocked actors, 0 Stopped actors, and 4 active threads.
Waiting for actors to stop.
Read input token from inputB with value 0.0
-- Read input: 0.0, which is expected to match: 0.0
Called prefire()
Called fire()
Checking for deadlock:
There are 3 Blocked actors, 0 Stopped actors, and 4 active threads.
Waiting for actors to stop.
Sent output token with value 0.0
Next port to read input from is inputA
Called postfire()
Called prefire()
Called fire()
Checking for deadlock:
There are 2 Blocked actors, 0 Stopped actors, and 4 active threads.
Waiting for actors to stop.
Called postfire()
Called prefire()
Called fire()
Checking for deadlock:
There are 3 Blocked actors, 0 Stopped actors, and 4 active threads.
Waiting for actors to stop.
Read input token from inputA with value 1.0
Checking for deadlock:
There are 2 Blocked actors, 0 Stopped actors, and 4 active threads.
Waiting for actors to stop.
-- Read input: 0.0, which is expected to match: 0.0
Called prefire()
Called fire()
Checking for deadlock:
There are 3 Blocked actors, 0 Stopped actors, and 4 active threads.
Waiting for actors to stop.
Sent output token with value 0.0
Next port to read input from is inputB
Called postfire()
Called prefire()
Called fire()
Checking for deadlock:
There are 2 Blocked actors, 0 Stopped actors, and 4 active threads.
Waiting for actors to stop.
Called postfire()
Called prefire()
Called fire()
Checking for deadlock:
There are 3 Blocked actors, 0 Stopped actors, and 4 active threads.
Waiting for actors to stop.
Read input token from inputB with value 1.5
Checking for deadlock:
There are 2 Blocked actors, 0 Stopped actors, and 4 active threads.
Waiting for actors to stop.
-- Read input: 1.0, which is expected to match: 1.0
Called prefire()
Called fire()
Checking for deadlock:
There are 3 Blocked actors, 0 Stopped actors, and 4 active threads.
Waiting for actors to stop.
Sent output token with value 1.0
Next port to read input from is inputA
Called postfire()
Called prefire()
Called fire()
Checking for deadlock:
There are 2 Blocked actors, 0 Stopped actors, and 4 active threads.
Waiting for actors to stop.
Called postfire()
Called prefire()
Called fire()
Checking for deadlock:
There are 3 Blocked actors, 0 Stopped actors, and 4 active threads.
Waiting for actors to stop.
Read input token from inputA with value 2.0
Checking for deadlock:
There are 2 Blocked actors, 0 Stopped actors, and 4 active threads.
Waiting for actors to stop.
-- Read input: 1.5, which is expected to match: 1.5
Called prefire()
Called fire()
Checking for deadlock:
There are 3 Blocked actors, 0 Stopped actors, and 4 active threads.
Waiting for actors to stop.
Sent output token with value 1.5
Next port to read input from is inputB
Called postfire()
Called prefire()
Called fire()
Called postfire()
Called prefire()
Called fire()
Checking for deadlock:
There are 3 Blocked actors, 0 Stopped actors, and 4 active threads.
Waiting for actors to stop.
Read input token from inputB with value 3.0
-- Read input: 2.0, which is expected to match: 2.0
Called prefire()
Called fire()
Checking for deadlock:
There are 3 Blocked actors, 0 Stopped actors, and 4 active threads.
Waiting for actors to stop.
Sent output token with value 2.0
Next port to read input from is inputA
Called postfire()
Called prefire()
Called fire()
Checking for deadlock:
There are 2 Blocked actors, 0 Stopped actors, and 4 active threads.
Waiting for actors to stop.
Called postfire()
Called prefire()
Called fire()
Checking for deadlock:
There are 3 Blocked actors, 0 Stopped actors, and 4 active threads.
Waiting for actors to stop.
Read input token from inputA with value 3.0
Checking for deadlock:
There are 2 Blocked actors, 0 Stopped actors, and 4 active threads.
Waiting for actors to stop.
-- Read input: 3.0, which is expected to match: 3.0
Called prefire()
Called fire()
Checking for deadlock:
There are 3 Blocked actors, 0 Stopped actors, and 4 active threads.
Waiting for actors to stop.
Sent output token with value 3.0
Next port to read input from is inputB
Called postfire()
Called prefire()
Called fire()
Checking for deadlock:
There are 2 Blocked actors, 0 Stopped actors, and 4 active threads.
Waiting for actors to stop.
Called postfire()
Called prefire()
Called fire()
Checking for deadlock:
There are 3 Blocked actors, 0 Stopped actors, and 4 active threads.
Waiting for actors to stop.
Read input token from inputB with value 4.5
Checking for deadlock:
There are 2 Blocked actors, 0 Stopped actors, and 4 active threads.
Waiting for actors to stop.
-- Read input: 3.0, which is expected to match: 3.0
Called prefire()
Called fire()
Checking for deadlock:
There are 3 Blocked actors, 0 Stopped actors, and 4 active threads.
Waiting for actors to stop.
Sent output token with value 3.0
Next port to read input from is inputA
Called postfire()
Called prefire()
Called fire()
Called postfire()
Called prefire()
Called fire()
Checking for deadlock:
There are 3 Blocked actors, 0 Stopped actors, and 4 active threads.
Waiting for actors to stop.
Read input token from inputA with value 4.0
-- Read input: 4.0, which is expected to match: 4.0
Called prefire()
Called fire()
Past the end of training data. Read and discard all inputs.
Checking for deadlock:
There are 3 Blocked actors, 0 Stopped actors, and 4 active threads.
Waiting for actors to stop.
Sent output token with value 4.0
Next port to read input from is inputA
Called postfire()
Called prefire()
Called fire()
Called postfire()
Called prefire()
Called fire()
Checking for deadlock:
There are 3 Blocked actors, 0 Stopped actors, and 4 active threads.
Waiting for actors to stop.
Read input token from inputA with value 5.0
Called prefire()
Called fire()
Past the end of training data. Read and discard all inputs.
Checking for deadlock:
There are 3 Blocked actors, 0 Stopped actors, and 4 active threads.
Waiting for actors to stop.
Sent output token with value 4.5
Next port to read input from is inputB
Called postfire()
Called prefire()
Called fire()
Checking for deadlock:
There are 2 Blocked actors, 0 Stopped actors, and 4 active threads.
Waiting for actors to stop.
Called postfire()
Called prefire()
Called fire()
Checking for deadlock:
There are 3 Blocked actors, 0 Stopped actors, and 4 active threads.
Waiting for actors to stop.
Read input token from inputB with value 6.0
Checking for deadlock:
There are 2 Blocked actors, 0 Stopped actors, and 4 active threads.
Waiting for actors to stop.
Called prefire()
Called fire()
Past the end of training data. Read and discard all inputs.
Checking for deadlock:
There are 3 Blocked actors, 0 Stopped actors, and 4 active threads.
Waiting for actors to stop.
Sent output token with value 5.0
Next port to read input from is inputA
Called postfire()
Called prefire()
Called fire()
Called postfire()
Called prefire()
Called fire()
Checking for deadlock:
There are 3 Blocked actors, 0 Stopped actors, and 4 active threads.
Waiting for actors to stop.
Read input token from inputA with value 6.0
Called prefire()
Called fire()
Past the end of training data. Read and discard all inputs.
Checking for deadlock:
There are 3 Blocked actors, 0 Stopped actors, and 4 active threads.
Waiting for actors to stop.
Sent output token with value 6.0
Next port to read input from is inputB
Called postfire()
Called prefire()
Called fire()
Checking for deadlock:
There are 2 Blocked actors, 0 Stopped actors, and 4 active threads.
Waiting for actors to stop.
Called postfire()
Called prefire()
Called fire()
Checking for deadlock:
There are 3 Blocked actors, 0 Stopped actors, and 4 active threads.
Waiting for actors to stop.
Read input token from inputB with value 7.5
Checking for deadlock:
There are 2 Blocked actors, 0 Stopped actors, and 4 active threads.
Waiting for actors to stop.
Called prefire()
Called fire()
Past the end of training data. Read and discard all inputs.
Checking for deadlock:
There are 3 Blocked actors, 0 Stopped actors, and 4 active threads.
Waiting for actors to stop.
Sent output token with value 6.0
Next port to read input from is inputA
Called postfire()
Called prefire()
Called fire()
Called postfire()
Called prefire()
Called fire()
Checking for deadlock:
There are 3 Blocked actors, 0 Stopped actors, and 4 active threads.
Waiting for actors to stop.
Read input token from inputA with value 7.0
Called prefire()
Called fire()
Past the end of training data. Read and discard all inputs.
Checking for deadlock:
There are 3 Blocked actors, 0 Stopped actors, and 4 active threads.
Waiting for actors to stop.
Sent output token with value 7.0
Next port to read input from is inputA
Called postfire()
Called prefire()
Called fire()
-- Thread wrapup() called.
Called wrapup()
Thread .top.Ramp is exiting.
-- Thread stopped.
Checking for deadlock:
There are 2 Blocked actors, 0 Stopped actors, and 3 active threads.
Waiting for actors to stop.
Read input token from inputA with value 8.0
Checking for deadlock:
There are 1 Blocked actors, 0 Stopped actors, and 3 active threads.
Waiting for actors to stop.
Called prefire()
Called fire()
Past the end of training data. Read and discard all inputs.
Checking for deadlock:
There are 2 Blocked actors, 0 Stopped actors, and 3 active threads.
Waiting for actors to stop.
Sent output token with value 7.5
Next port to read input from is inputB
Called postfire()
Called prefire()
Called fire()
Checking for deadlock:
There are 1 Blocked actors, 0 Stopped actors, and 3 active threads.
Waiting for actors to stop.
Called postfire()
Called prefire()
Called fire()
Checking for deadlock:
There are 2 Blocked actors, 0 Stopped actors, and 3 active threads.
Waiting for actors to stop.
Read input token from inputB with value 9.0
Checking for deadlock:
There are 1 Blocked actors, 0 Stopped actors, and 3 active threads.
Waiting for actors to stop.
Called prefire()
Called fire()
Past the end of training data. Read and discard all inputs.
Checking for deadlock:
There are 2 Blocked actors, 0 Stopped actors, and 3 active threads.
Waiting for actors to stop.
Sent output token with value 8.0
Next port to read input from is inputA
Called postfire()
Called prefire()
Called fire()
Read input token from inputA with value 9.0
Called prefire()
Called fire()
Past the end of training data. Read and discard all inputs.
Checking for deadlock:
There are 2 Blocked actors, 0 Stopped actors, and 3 active threads.
Waiting for actors to stop.
Sent output token with value 9.0
Next port to read input from is inputB
Called postfire()
Called prefire()
Called fire()
Called postfire()
Called prefire()
Called fire()
Checking for deadlock:
There are 2 Blocked actors, 0 Stopped actors, and 3 active threads.
Waiting for actors to stop.
Read input token from inputB with value 10.5
Called prefire()
Called fire()
Past the end of training data. Read and discard all inputs.
Checking for deadlock:
There are 2 Blocked actors, 0 Stopped actors, and 3 active threads.
Waiting for actors to stop.
Sent output token with value 9.0
Next port to read input from is inputA
Called postfire()
Called prefire()
Called fire()
Checking for deadlock:
There are 3 Blocked actors, 0 Stopped actors, and 3 active threads.
Actors have stopped.
Checking for deadlock:
There are 3 Blocked actors, 0 Stopped actors, and 3 active threads.
Deadlock detected.
Resolving Deadlock
Checking for deadlock:
There are 3 Blocked actors, 0 Stopped actors, and 3 active threads.
Artificial Deadlock - increasing queue capacity.
increasing the capacity of receiver ptolemy.actor.TypedIOPort {.top.OrderedMerge.inputB} to 2
Director: Called postfire().
Called postfire().
_stopRequested = false
_stopFireRequested = false
Returning from postfire(): true
Called fire().
Checking for deadlock:
There are 2 Blocked actors, 0 Stopped actors, and 3 active threads.
Waiting for actors to stop.
-- Thread wrapup() called.
Called wrapup()
Thread .top.Ramp2 is exiting.
-- Thread stopped.
Checking for deadlock:
There are 2 Blocked actors, 0 Stopped actors, and 2 active threads.
Actors have stopped.
Checking for deadlock:
There are 2 Blocked actors, 0 Stopped actors, and 2 active threads.
Deadlock detected.
Resolving Deadlock
Checking for deadlock:
There are 2 Blocked actors, 0 Stopped actors, and 2 active threads.
Deadlock detected: no processes blocked on write, but some are blocked on read.
Called postfire().
_stopRequested = false
_stopFireRequested = false
Returning from postfire(): false
Finished deactivating branches.
Called wrapup().
-- Thread wrapup() called.
Called wrapup()
-- Thread wrapup() called.
Called wrapup()
Thread .top.OrderedMerge is exiting.
-- Thread stopped.
-- Blocked Receiver call threw TerminateProcessException.
Thread .top.Test is exiting.
-- Thread stopped.
-- Blocked Receiver call threw TerminateProcessException.
40 ms. Memory: 186368K Free: 101045K (54%)
/home/travis/build/icyphy/ptII/ptolemy/actor/lib/test/Publisher.tcl
20 ms. Memory: 186368K Free: 94901K (51%)
4 ms. Memory: 186368K Free: 89271K (48%)
3 ms. Memory: 186368K Free: 85685K (46%)
4 ms. Memory: 186368K Free: 84661K (45%)
3 ms. Memory: 186368K Free: 84151K (45%)
3 ms. Memory: 186368K Free: 83127K (45%)
3 ms. Memory: 186368K Free: 82103K (44%)
3 ms. Memory: 186368K Free: 81575K (44%)
20 ms. Memory: 186368K Free: 71349K (38%)
4 ms. Memory: 186368K Free: 67767K (36%)
2 ms. Memory: 186368K Free: 66743K (36%)
4 ms. Memory: 186368K Free: 64695K (35%)
15 ms. Memory: 186368K Free: 163072K (88%)
6 ms. Memory: 186368K Free: 153856K (83%)
6 ms. Memory: 186368K Free: 142592K (77%)
/home/travis/build/icyphy/ptII/ptolemy/actor/lib/test/Pulse.tcl
6 ms. Memory: 238592K Free: 211059K (88%)
2 ms. Memory: 238592K Free: 210545K (88%)
1 ms. Memory: 238592K Free: 210035K (88%)
12 ms. Memory: 238592K Free: 209521K (88%)
2 ms. Memory: 238592K Free: 208497K (87%)
11 ms. Memory: 238592K Free: 207473K (87%)
13 ms. Memory: 238592K Free: 206419K (87%)
2 ms. Memory: 238592K Free: 205939K (86%)
2 ms. Memory: 238592K Free: 205425K (86%)
/home/travis/build/icyphy/ptII/ptolemy/actor/lib/test/Ramp.tcl
5 ms. Memory: 238592K Free: 203363K (85%)
4 ms. Memory: 238592K Free: 202353K (85%)
3 ms. Memory: 238592K Free: 201843K (85%)
2 ms. Memory: 238592K Free: 200819K (84%)
6 ms. Memory: 238592K Free: 200291K (84%)
8 ms. Memory: 238592K Free: 199281K (84%)
6 ms. Memory: 238592K Free: 198257K (83%)
5 actors
4000 microseconds per iteration to create
12 ms. Memory: 238592K Free: 195699K (82%)
2 ms. Memory: 238592K Free: 195171K (82%)
4 ms. Memory: 238592K Free: 194675K (82%)
3 ms. Memory: 238592K Free: 193651K (81%)
50 actors
53000 microseconds per iteration to create
43 ms. Memory: 238592K Free: 178291K (75%)
15 ms. Memory: 238592K Free: 177267K (74%)
11 ms. Memory: 238592K Free: 176243K (74%)
8 ms. Memory: 238592K Free: 175219K (73%)
500 actors
1653000 microseconds per iteration to create
251 ms. Memory: 238592K Free: 149587K (63%)
40 ms. Memory: 238592K Free: 144467K (61%)
67 ms. Memory: 238592K Free: 139347K (58%)
41 ms. Memory: 238592K Free: 134227K (56%)
/home/travis/build/icyphy/ptII/ptolemy/actor/lib/test/RampContinuous.tcl
8 ms. Memory: 238592K Free: 132693K (56%)
/home/travis/build/icyphy/ptII/ptolemy/actor/lib/test/RecordAssembler.tcl
5 ms. Memory: 238592K Free: 131155K (55%)
3 ms. Memory: 238592K Free: 130117K (55%)
/home/travis/build/icyphy/ptII/ptolemy/actor/lib/test/RecordDisassembler.tcl
6 ms. Memory: 238592K Free: 128597K (54%)
2 ms. Memory: 238592K Free: 128069K (54%)
4 ms. Memory: 238592K Free: 126549K (53%)
/home/travis/build/icyphy/ptII/ptolemy/actor/lib/test/Scale.tcl
3 ms. Memory: 238592K Free: 124997K (52%)
1 ms. Memory: 238592K Free: 123987K (52%)
1 ms. Memory: 238592K Free: 123477K (52%)
3 ms. Memory: 238592K Free: 122453K (51%)
2 ms. Memory: 238592K Free: 121429K (51%)
/home/travis/build/icyphy/ptII/ptolemy/actor/lib/test/SequentialClock.tcl
preinitializing
resolving types
initializing
executing number 1
wrapping up
idle
2 ms. Memory: 238592K Free: 120405K (50%)
Completed execution with 5 iterations
preinitializing
resolving types
initializing
executing number 1
wrapping up
idle
1 ms. Memory: 238592K Free: 119891K (50%)
Completed execution with 5 iterations
preinitializing
resolving types
initializing
executing number 1
wrapping up
idle
1 ms. Memory: 238592K Free: 119381K (50%)
Completed execution with 5 iterations
/home/travis/build/icyphy/ptII/ptolemy/actor/lib/test/SetVariable.tcl
4 ms. Memory: 238592K Free: 117333K (49%)


==== $PTII/ptolemy/actor/lib/test/SetVariable.tcl: SetVariable-3.1 changeFailed
==== Contents of test case:

    #Uses 2.1 above
    jdkCaptureErr {
        # This test was failing if we ran Exit.tcl and then this test.
        # MessageHandler.error() now actually throws the Exception.
	catch {$setVariable changeFailed [java::null]  [java::new Exception {Test exception for SetVariable.changeFailed()}]} errMsg
    } results
    list [string range $results 0 89] "\n" $errMsg

==== Result was:
{java.lang.Exception: Test exception for SetVariable.changeFailed()
	at java.base/jdk.inter} {
} {java.lang.RuntimeException: java.lang.Exception: Test exception for SetVariable.changeFailed()}
---- Result should have been:
{java.lang.Exception: Test exception for SetVariable.changeFailed()
	at sun.reflect.NativeC} {
} {java.lang.RuntimeException: java.lang.Exception: Test exception for SetVariable.changeFailed()}
---- SetVariable-3.1 FAILED
/home/travis/build/icyphy/ptII/ptolemy/actor/lib/test/Sinewave.tcl
/home/travis/build/icyphy/ptII/ptolemy/actor/lib/test/SubscriptionAggregator.tcl
4 ms. Memory: 238592K Free: 105555K (44%)
2 ms. Memory: 238592K Free: 105045K (44%)
1 ms. Memory: 238592K Free: 104517K (44%)
1 ms. Memory: 238592K Free: 104021K (44%)
2 ms. Memory: 238592K Free: 100949K (42%)
8 ms. Memory: 238592K Free: 98387K (41%)
...............................................................1000 ms. Memory: 330752K Free: 227326K (69%)
/home/travis/build/icyphy/ptII/ptolemy/actor/lib/test/Test.tcl
 The next command will produce a warning about training mode,
   which may be ignored.
10 ms. Memory: 330752K Free: 225280K (68%)
3 ms. Memory: 330752K Free: 224256K (68%)
2 ms. Memory: 330752K Free: 223727K (68%)
1 ms. Memory: 330752K Free: 223232K (67%)
1 ms. Memory: 330752K Free: 222687K (67%)
12 ms. Memory: 330752K Free: 221184K (67%)
3 ms. Memory: 330752K Free: 220160K (67%)
 The next command will produce a warning about training mode,
   which may be ignored.
16 ms. Memory: 330752K Free: 217583K (66%)
 The next command will produce a warning about training mode,
   which may be ignored.
7 ms. Memory: 330752K Free: 216559K (65%)
1 ms. Memory: 330752K Free: 216064K (65%)
1 ms. Memory: 330752K Free: 215550K (65%)
1 ms. Memory: 330752K Free: 215040K (65%)
8 ms. Memory: 330752K Free: 214016K (65%)
6 ms. Memory: 330752K Free: 210430K (64%)
/home/travis/build/icyphy/ptII/ptolemy/actor/lib/test/TestExceptionHandler.tcl
 The next command will produce a warning about training mode,
   which may be ignored.
3 ms. Memory: 330752K Free: 208896K (63%)
1 ms. Memory: 330752K Free: 208382K (63%)
1 ms. Memory: 330752K Free: 207872K (63%)
/home/travis/build/icyphy/ptII/ptolemy/actor/lib/test/UnionDisassembler.tcl
33 ms. Memory: 330752K Free: 200704K (61%)
/home/travis/build/icyphy/ptII/ptolemy/actor/lib/test/VariableClock.tcl
preinitializing
resolving types
initializing
executing number 1
wrapping up
idle
8 ms. Memory: 330752K Free: 198656K (60%)
Completed execution with 11 iterations
preinitializing
resolving types
initializing
executing number 1
wrapping up
idle
3 ms. Memory: 330752K Free: 197630K (60%)
Completed execution with 10 iterations
06/24/19 04:44:56
Failed: 2  Total Tests: 234  ((Passed: 232, Newly Passed: 0)  Known Failed: 0) /home/travis/build/icyphy/ptII/ptolemy/actor/lib/test
----------------- testing (KnownFailure) /home/travis/build/icyphy/ptII/ptolemy/actor/lib/test/auto/knownFailedTests/PublisherPortToplevelSubscriber.xml
0 ms. Memory: 330752K Free: 194046K (59%)
Known Failure: java.lang.reflect.InvocationTargetException
----------------- testing (KnownFailure) /home/travis/build/icyphy/ptII/ptolemy/actor/lib/test/auto/knownFailedTests/PublisherSubscriberPortToplevel.xml
0 ms. Memory: 330752K Free: 189950K (57%)
Known Failure: java.lang.reflect.InvocationTargetException
----------------- testing (KnownFailure) /home/travis/build/icyphy/ptII/ptolemy/actor/lib/test/auto/knownFailedTests/PublisherSubscriptionAggregatorPort.xml
1 ms. Memory: 330752K Free: 185344K (56%)
Known Failure: java.lang.reflect.InvocationTargetException
----------------- testing (KnownFailure) /home/travis/build/icyphy/ptII/ptolemy/actor/lib/test/auto/knownFailedTests/sizedarray3.xml
4 ms. Memory: 330752K Free: 181248K (55%)
Known Failure: java.lang.reflect.InvocationTargetException
No auto/linux-amd64/*.xml tests in /home/travis/build/icyphy/ptII/ptolemy/actor/lib/test
AutoTests.java: About to close Vertx.
AutoTests.java: Vertx closed.

===========================================================================================
----------------- testing Mon Jun 24 04:44:56 UTC 2019 /home/travis/build/icyphy/ptII/ptolemy/actor/lib/test/auto/AbsoluteValue.xml
----------------- Instantiating /home/travis/build/icyphy/ptII/ptolemy/actor/lib/test/auto/AbsoluteValue.xml
4 ms. Memory: 330752K Free: 158720K (48%)
----------------- Invoking toplevel() on ptolemy.moml.MoMLSimpleApplication@7e4c5ccb
----------------- Done invoking toplevel() on ptolemy.moml.MoMLSimpleApplication@7e4c5ccb
reloadAllAccessors: .AbsoluteValue

===========================================================================================
----------------- testing Mon Jun 24 04:44:56 UTC 2019 /home/travis/build/icyphy/ptII/ptolemy/actor/lib/test/auto/AbsoluteValue2.xml
----------------- Instantiating /home/travis/build/icyphy/ptII/ptolemy/actor/lib/test/auto/AbsoluteValue2.xml
5 ms. Memory: 330752K Free: 152062K (46%)
----------------- Invoking toplevel() on ptolemy.moml.MoMLSimpleApplication@42d178ec
----------------- Done invoking toplevel() on ptolemy.moml.MoMLSimpleApplication@42d178ec
reloadAllAccessors: .AbsoluteValue2

===========================================================================================
----------------- testing Mon Jun 24 04:44:56 UTC 2019 /home/travis/build/icyphy/ptII/ptolemy/actor/lib/test/auto/Accumulator.xml
----------------- Instantiating /home/travis/build/icyphy/ptII/ptolemy/actor/lib/test/auto/Accumulator.xml
6 ms. Memory: 330752K Free: 145408K (44%)
----------------- Invoking toplevel() on ptolemy.moml.MoMLSimpleApplication@33672362
----------------- Done invoking toplevel() on ptolemy.moml.MoMLSimpleApplication@33672362
reloadAllAccessors: .Accumulator

===========================================================================================
----------------- testing Mon Jun 24 04:44:56 UTC 2019 /home/travis/build/icyphy/ptII/ptolemy/actor/lib/test/auto/Accumulator2.xml
----------------- Instantiating /home/travis/build/icyphy/ptII/ptolemy/actor/lib/test/auto/Accumulator2.xml
11 ms. Memory: 330752K Free: 140288K (42%)
----------------- Invoking toplevel() on ptolemy.moml.MoMLSimpleApplication@76a9f4c8
----------------- Done invoking toplevel() on ptolemy.moml.MoMLSimpleApplication@76a9f4c8
reloadAllAccessors: .Accumulator2

===========================================================================================
----------------- testing Mon Jun 24 04:44:57 UTC 2019 /home/travis/build/icyphy/ptII/ptolemy/actor/lib/test/auto/Accumulator3.xml
----------------- Instantiating /home/travis/build/icyphy/ptII/ptolemy/actor/lib/test/auto/Accumulator3.xml
2 ms. Memory: 330752K Free: 135678K (41%)
----------------- Invoking toplevel() on ptolemy.moml.MoMLSimpleApplication@74d93a3b
----------------- Done invoking toplevel() on ptolemy.moml.MoMLSimpleApplication@74d93a3b
reloadAllAccessors: .Accumulator3

===========================================================================================
----------------- testing Mon Jun 24 04:44:57 UTC 2019 /home/travis/build/icyphy/ptII/ptolemy/actor/lib/test/auto/ArrayAppend.xml
----------------- Instantiating /home/travis/build/icyphy/ptII/ptolemy/actor/lib/test/auto/ArrayAppend.xml
4 ms. Memory: 330752K Free: 129519K (39%)
----------------- Invoking toplevel() on ptolemy.moml.MoMLSimpleApplication@3791c82f
----------------- Done invoking toplevel() on ptolemy.moml.MoMLSimpleApplication@3791c82f
reloadAllAccessors: .ArrayAppend

===========================================================================================
----------------- testing Mon Jun 24 04:44:57 UTC 2019 /home/travis/build/icyphy/ptII/ptolemy/actor/lib/test/auto/ArrayAppend2.xml
----------------- Instantiating /home/travis/build/icyphy/ptII/ptolemy/actor/lib/test/auto/ArrayAppend2.xml
564 ms. Memory: 330752K Free: 217520K (66%)
----------------- Invoking toplevel() on ptolemy.moml.MoMLSimpleApplication@4afba6e0
----------------- Done invoking toplevel() on ptolemy.moml.MoMLSimpleApplication@4afba6e0
reloadAllAccessors: .ArrayAppend2

===========================================================================================
----------------- testing Mon Jun 24 04:44:57 UTC 2019 /home/travis/build/icyphy/ptII/ptolemy/actor/lib/test/auto/ArrayAppend3.xml
----------------- Instantiating /home/travis/build/icyphy/ptII/ptolemy/actor/lib/test/auto/ArrayAppend3.xml
3 ms. Memory: 330752K Free: 212615K (64%)
----------------- Invoking toplevel() on ptolemy.moml.MoMLSimpleApplication@332a5a0b
----------------- Done invoking toplevel() on ptolemy.moml.MoMLSimpleApplication@332a5a0b
reloadAllAccessors: .ArrayAppend3

===========================================================================================
----------------- testing Mon Jun 24 04:44:57 UTC 2019 /home/travis/build/icyphy/ptII/ptolemy/actor/lib/test/auto/ArrayAppend4.xml
----------------- Instantiating /home/travis/build/icyphy/ptII/ptolemy/actor/lib/test/auto/ArrayAppend4.xml
4 ms. Memory: 330752K Free: 206486K (62%)
----------------- Invoking toplevel() on ptolemy.moml.MoMLSimpleApplication@57bb4b22
----------------- Done invoking toplevel() on ptolemy.moml.MoMLSimpleApplication@57bb4b22
reloadAllAccessors: .ArrayAppend4

===========================================================================================
----------------- testing Mon Jun 24 04:44:57 UTC 2019 /home/travis/build/icyphy/ptII/ptolemy/actor/lib/test/auto/ArrayAppend5.xml
----------------- Instantiating /home/travis/build/icyphy/ptII/ptolemy/actor/lib/test/auto/ArrayAppend5.xml
2 ms. Memory: 330752K Free: 201366K (61%)
----------------- Invoking toplevel() on ptolemy.moml.MoMLSimpleApplication@95b8c44
----------------- Done invoking toplevel() on ptolemy.moml.MoMLSimpleApplication@95b8c44
reloadAllAccessors: .ArrayAppend5

===========================================================================================
----------------- testing Mon Jun 24 04:44:57 UTC 2019 /home/travis/build/icyphy/ptII/ptolemy/actor/lib/test/auto/ArrayAppend6.xml
----------------- Instantiating /home/travis/build/icyphy/ptII/ptolemy/actor/lib/test/auto/ArrayAppend6.xml
2 ms. Memory: 330752K Free: 196760K (59%)
----------------- Invoking toplevel() on ptolemy.moml.MoMLSimpleApplication@6a30214c
----------------- Done invoking toplevel() on ptolemy.moml.MoMLSimpleApplication@6a30214c
reloadAllAccessors: .ArrayAppend6

===========================================================================================
----------------- testing Mon Jun 24 04:44:57 UTC 2019 /home/travis/build/icyphy/ptII/ptolemy/actor/lib/test/auto/ArrayAppendPerformanceTest.xml
----------------- Instantiating /home/travis/build/icyphy/ptII/ptolemy/actor/lib/test/auto/ArrayAppendPerformanceTest.xml
47 ms. Memory: 330752K Free: 185496K (56%)
----------------- Invoking toplevel() on ptolemy.moml.MoMLSimpleApplication@2e26676a
----------------- Done invoking toplevel() on ptolemy.moml.MoMLSimpleApplication@2e26676a
reloadAllAccessors: .ArrayAppendPerformanceTest

===========================================================================================
----------------- testing Mon Jun 24 04:44:57 UTC 2019 /home/travis/build/icyphy/ptII/ptolemy/actor/lib/test/auto/ArrayAppendWithEmptyInput.xml
----------------- Instantiating /home/travis/build/icyphy/ptII/ptolemy/actor/lib/test/auto/ArrayAppendWithEmptyInput.xml
14 ms. Memory: 330752K Free: 177814K (54%)
----------------- Invoking toplevel() on ptolemy.moml.MoMLSimpleApplication@2ada142e
----------------- Done invoking toplevel() on ptolemy.moml.MoMLSimpleApplication@2ada142e
reloadAllAccessors: .ArrayAppendWithEmptyInput

===========================================================================================
----------------- testing Mon Jun 24 04:44:57 UTC 2019 /home/travis/build/icyphy/ptII/ptolemy/actor/lib/test/auto/ArrayAverage.xml
----------------- Instantiating /home/travis/build/icyphy/ptII/ptolemy/actor/lib/test/auto/ArrayAverage.xml
9 ms. Memory: 330752K Free: 169622K (51%)
----------------- Invoking toplevel() on ptolemy.moml.MoMLSimpleApplication@7cc02245
----------------- Done invoking toplevel() on ptolemy.moml.MoMLSimpleApplication@7cc02245
reloadAllAccessors: .ArrayAverage

===========================================================================================
----------------- testing Mon Jun 24 04:44:57 UTC 2019 /home/travis/build/icyphy/ptII/ptolemy/actor/lib/test/auto/ArrayContains.xml
----------------- Instantiating /home/travis/build/icyphy/ptII/ptolemy/actor/lib/test/auto/ArrayContains.xml
6 ms. Memory: 330752K Free: 163992K (50%)
----------------- Invoking toplevel() on ptolemy.moml.MoMLSimpleApplication@7635278e
----------------- Done invoking toplevel() on ptolemy.moml.MoMLSimpleApplication@7635278e
reloadAllAccessors: .ArrayContains

===========================================================================================
----------------- testing Mon Jun 24 04:44:58 UTC 2019 /home/travis/build/icyphy/ptII/ptolemy/actor/lib/test/auto/ArrayElement.xml
----------------- Instantiating /home/travis/build/icyphy/ptII/ptolemy/actor/lib/test/auto/ArrayElement.xml
3 ms. Memory: 330752K Free: 158358K (48%)
----------------- Invoking toplevel() on ptolemy.moml.MoMLSimpleApplication@1d9607c7
----------------- Done invoking toplevel() on ptolemy.moml.MoMLSimpleApplication@1d9607c7
reloadAllAccessors: .ArrayElement

===========================================================================================
----------------- testing Mon Jun 24 04:44:58 UTC 2019 /home/travis/build/icyphy/ptII/ptolemy/actor/lib/test/auto/ArrayElementAsMatrix.xml
----------------- Instantiating /home/travis/build/icyphy/ptII/ptolemy/actor/lib/test/auto/ArrayElementAsMatrix.xml
28 ms. Memory: 330752K Free: 148118K (45%)
----------------- Invoking toplevel() on ptolemy.moml.MoMLSimpleApplication@8f95c0
----------------- Done invoking toplevel() on ptolemy.moml.MoMLSimpleApplication@8f95c0
reloadAllAccessors: .ArrayElementAsMatrix

===========================================================================================
----------------- testing Mon Jun 24 04:44:58 UTC 2019 /home/travis/build/icyphy/ptII/ptolemy/actor/lib/test/auto/ArrayElementI.xml
----------------- Instantiating /home/travis/build/icyphy/ptII/ptolemy/actor/lib/test/auto/ArrayElementI.xml
4 ms. Memory: 330752K Free: 143512K (43%)
----------------- Invoking toplevel() on ptolemy.moml.MoMLSimpleApplication@4ff53069
----------------- Done invoking toplevel() on ptolemy.moml.MoMLSimpleApplication@4ff53069
reloadAllAccessors: .ArrayElementI

===========================================================================================
----------------- testing Mon Jun 24 04:44:58 UTC 2019 /home/travis/build/icyphy/ptII/ptolemy/actor/lib/test/auto/ArrayExtract.xml
----------------- Instantiating /home/travis/build/icyphy/ptII/ptolemy/actor/lib/test/auto/ArrayExtract.xml
5 ms. Memory: 330752K Free: 134296K (41%)
----------------- Invoking toplevel() on ptolemy.moml.MoMLSimpleApplication@66afc467
----------------- Done invoking toplevel() on ptolemy.moml.MoMLSimpleApplication@66afc467
reloadAllAccessors: .ArrayExtract

===========================================================================================
----------------- testing Mon Jun 24 04:44:58 UTC 2019 /home/travis/build/icyphy/ptII/ptolemy/actor/lib/test/auto/ArrayExtract2.xml
----------------- Instantiating /home/travis/build/icyphy/ptII/ptolemy/actor/lib/test/auto/ArrayExtract2.xml
2 ms. Memory: 330752K Free: 129176K (39%)
----------------- Invoking toplevel() on ptolemy.moml.MoMLSimpleApplication@2a3d4a10
----------------- Done invoking toplevel() on ptolemy.moml.MoMLSimpleApplication@2a3d4a10
reloadAllAccessors: .ArrayExtract2

===========================================================================================
----------------- testing Mon Jun 24 04:44:58 UTC 2019 /home/travis/build/icyphy/ptII/ptolemy/actor/lib/test/auto/ArrayLength.xml
----------------- Instantiating /home/travis/build/icyphy/ptII/ptolemy/actor/lib/test/auto/ArrayLength.xml
1 ms. Memory: 330752K Free: 125080K (38%)
----------------- Invoking toplevel() on ptolemy.moml.MoMLSimpleApplication@621ab75f
----------------- Done invoking toplevel() on ptolemy.moml.MoMLSimpleApplication@621ab75f
reloadAllAccessors: .ArrayLength

===========================================================================================
----------------- testing Mon Jun 24 04:44:58 UTC 2019 /home/travis/build/icyphy/ptII/ptolemy/actor/lib/test/auto/ArrayLevelCrossing.xml
----------------- Instantiating /home/travis/build/icyphy/ptII/ptolemy/actor/lib/test/auto/ArrayLevelCrossing.xml
3 ms. Memory: 330752K Free: 278495K (84%)
----------------- Invoking toplevel() on ptolemy.moml.MoMLSimpleApplication@60ea3e3
----------------- Done invoking toplevel() on ptolemy.moml.MoMLSimpleApplication@60ea3e3
reloadAllAccessors: .ArrayLevelCrossing

===========================================================================================
----------------- testing Mon Jun 24 04:44:58 UTC 2019 /home/travis/build/icyphy/ptII/ptolemy/actor/lib/test/auto/ArrayLevelCrossing2.xml
----------------- Instantiating /home/travis/build/icyphy/ptII/ptolemy/actor/lib/test/auto/ArrayLevelCrossing2.xml
3 ms. Memory: 330752K Free: 271343K (82%)
----------------- Invoking toplevel() on ptolemy.moml.MoMLSimpleApplication@652161ac
----------------- Done invoking toplevel() on ptolemy.moml.MoMLSimpleApplication@652161ac
reloadAllAccessors: .ArrayLevelCrossing2

===========================================================================================
----------------- testing Mon Jun 24 04:44:58 UTC 2019 /home/travis/build/icyphy/ptII/ptolemy/actor/lib/test/auto/ArrayPeakSearch.xml
----------------- Instantiating /home/travis/build/icyphy/ptII/ptolemy/actor/lib/test/auto/ArrayPeakSearch.xml
5 ms. Memory: 330752K Free: 262142K (79%)
----------------- Invoking toplevel() on ptolemy.moml.MoMLSimpleApplication@39606d01
----------------- Done invoking toplevel() on ptolemy.moml.MoMLSimpleApplication@39606d01
reloadAllAccessors: .ArrayPeakSearch

===========================================================================================
----------------- testing Mon Jun 24 04:44:58 UTC 2019 /home/travis/build/icyphy/ptII/ptolemy/actor/lib/test/auto/ArrayPeakSearch2.xml
----------------- Instantiating /home/travis/build/icyphy/ptII/ptolemy/actor/lib/test/auto/ArrayPeakSearch2.xml
4 ms. Memory: 330752K Free: 251887K (76%)
----------------- Invoking toplevel() on ptolemy.moml.MoMLSimpleApplication@5676e47
----------------- Done invoking toplevel() on ptolemy.moml.MoMLSimpleApplication@5676e47
reloadAllAccessors: .ArrayPeakSearch2

===========================================================================================
----------------- testing Mon Jun 24 04:44:58 UTC 2019 /home/travis/build/icyphy/ptII/ptolemy/actor/lib/test/auto/ArrayPeakSearch3.xml
----------------- Instantiating /home/travis/build/icyphy/ptII/ptolemy/actor/lib/test/auto/ArrayPeakSearch3.xml
4 ms. Memory: 330752K Free: 243200K (74%)
----------------- Invoking toplevel() on ptolemy.moml.MoMLSimpleApplication@3e99d881
----------------- Done invoking toplevel() on ptolemy.moml.MoMLSimpleApplication@3e99d881
reloadAllAccessors: .ArrayPeakSearch3

===========================================================================================
----------------- testing Mon Jun 24 04:44:58 UTC 2019 /home/travis/build/icyphy/ptII/ptolemy/actor/lib/test/auto/ArrayRemoveElement.xml
----------------- Instantiating /home/travis/build/icyphy/ptII/ptolemy/actor/lib/test/auto/ArrayRemoveElement.xml
4 ms. Memory: 330752K Free: 235008K (71%)
----------------- Invoking toplevel() on ptolemy.moml.MoMLSimpleApplication@6fa65aa
----------------- Done invoking toplevel() on ptolemy.moml.MoMLSimpleApplication@6fa65aa
reloadAllAccessors: .ArrayRemoveElement

===========================================================================================
----------------- testing Mon Jun 24 04:44:58 UTC 2019 /home/travis/build/icyphy/ptII/ptolemy/actor/lib/test/auto/ArraySort.xml
----------------- Instantiating /home/travis/build/icyphy/ptII/ptolemy/actor/lib/test/auto/ArraySort.xml
9 ms. Memory: 330752K Free: 226302K (68%)
----------------- Invoking toplevel() on ptolemy.moml.MoMLSimpleApplication@328f34e7
----------------- Done invoking toplevel() on ptolemy.moml.MoMLSimpleApplication@328f34e7
reloadAllAccessors: .ArraySort

===========================================================================================
----------------- testing Mon Jun 24 04:44:58 UTC 2019 /home/travis/build/icyphy/ptII/ptolemy/actor/lib/test/auto/ArraySum.xml
----------------- Instantiating /home/travis/build/icyphy/ptII/ptolemy/actor/lib/test/auto/ArraySum.xml
5 ms. Memory: 330752K Free: 220672K (67%)
----------------- Invoking toplevel() on ptolemy.moml.MoMLSimpleApplication@3fe89836
----------------- Done invoking toplevel() on ptolemy.moml.MoMLSimpleApplication@3fe89836
reloadAllAccessors: .ArraySum

===========================================================================================
----------------- testing Mon Jun 24 04:44:58 UTC 2019 /home/travis/build/icyphy/ptII/ptolemy/actor/lib/test/auto/ArrayToElements.xml
----------------- Instantiating /home/travis/build/icyphy/ptII/ptolemy/actor/lib/test/auto/ArrayToElements.xml
7 ms. Memory: 330752K Free: 215552K (65%)
----------------- Invoking toplevel() on ptolemy.moml.MoMLSimpleApplication@14b3b0d6
----------------- Done invoking toplevel() on ptolemy.moml.MoMLSimpleApplication@14b3b0d6
reloadAllAccessors: .ArrayToElements

===========================================================================================
----------------- testing Mon Jun 24 04:44:58 UTC 2019 /home/travis/build/icyphy/ptII/ptolemy/actor/lib/test/auto/ArrayToMatrix.xml
----------------- Instantiating /home/travis/build/icyphy/ptII/ptolemy/actor/lib/test/auto/ArrayToMatrix.xml
11 ms. Memory: 330752K Free: 201216K (61%)
----------------- Invoking toplevel() on ptolemy.moml.MoMLSimpleApplication@7f3fc107
----------------- Done invoking toplevel() on ptolemy.moml.MoMLSimpleApplication@7f3fc107
reloadAllAccessors: .ArrayToMatrix

===========================================================================================
----------------- testing Mon Jun 24 04:44:58 UTC 2019 /home/travis/build/icyphy/ptII/ptolemy/actor/lib/test/auto/ArrayUpdate1.xml
----------------- Instantiating /home/travis/build/icyphy/ptII/ptolemy/actor/lib/test/auto/ArrayUpdate1.xml
12 ms. Memory: 330752K Free: 196606K (59%)
----------------- Invoking toplevel() on ptolemy.moml.MoMLSimpleApplication@1c242d37
----------------- Done invoking toplevel() on ptolemy.moml.MoMLSimpleApplication@1c242d37
reloadAllAccessors: .ArrayUpdate1

===========================================================================================
----------------- testing Mon Jun 24 04:44:58 UTC 2019 /home/travis/build/icyphy/ptII/ptolemy/actor/lib/test/auto/ArrayUpdate2.xml
----------------- Instantiating /home/travis/build/icyphy/ptII/ptolemy/actor/lib/test/auto/ArrayUpdate2.xml
9 ms. Memory: 330752K Free: 189952K (57%)
----------------- Invoking toplevel() on ptolemy.moml.MoMLSimpleApplication@74c9cd42
----------------- Done invoking toplevel() on ptolemy.moml.MoMLSimpleApplication@74c9cd42
reloadAllAccessors: .ArrayUpdate2

===========================================================================================
----------------- testing Mon Jun 24 04:44:58 UTC 2019 /home/travis/build/icyphy/ptII/ptolemy/actor/lib/test/auto/ArrayUpdate3.xml
----------------- Instantiating /home/travis/build/icyphy/ptII/ptolemy/actor/lib/test/auto/ArrayUpdate3.xml
6 ms. Memory: 330752K Free: 185342K (56%)
----------------- Invoking toplevel() on ptolemy.moml.MoMLSimpleApplication@12cbaf20
----------------- Done invoking toplevel() on ptolemy.moml.MoMLSimpleApplication@12cbaf20
reloadAllAccessors: .ArrayUpdate3

===========================================================================================
----------------- testing Mon Jun 24 04:44:58 UTC 2019 /home/travis/build/icyphy/ptII/ptolemy/actor/lib/test/auto/Assert1.xml
----------------- Instantiating /home/travis/build/icyphy/ptII/ptolemy/actor/lib/test/auto/Assert1.xml
8 ms. Memory: 330752K Free: 180736K (55%)
----------------- Invoking toplevel() on ptolemy.moml.MoMLSimpleApplication@6a555518
----------------- Done invoking toplevel() on ptolemy.moml.MoMLSimpleApplication@6a555518
reloadAllAccessors: .Assert1

===========================================================================================
----------------- testing Mon Jun 24 04:44:58 UTC 2019 /home/travis/build/icyphy/ptII/ptolemy/actor/lib/test/auto/Assert2.xml
----------------- Instantiating /home/travis/build/icyphy/ptII/ptolemy/actor/lib/test/auto/Assert2.xml
2 ms. Memory: 330752K Free: 176126K (53%)
----------------- Invoking toplevel() on ptolemy.moml.MoMLSimpleApplication@5d1d9b56
----------------- Done invoking toplevel() on ptolemy.moml.MoMLSimpleApplication@5d1d9b56
reloadAllAccessors: .Assert2

===========================================================================================
----------------- testing Mon Jun 24 04:44:58 UTC 2019 /home/travis/build/icyphy/ptII/ptolemy/actor/lib/test/auto/BooleanMultiplexor.xml
----------------- Instantiating /home/travis/build/icyphy/ptII/ptolemy/actor/lib/test/auto/BooleanMultiplexor.xml
2 ms. Memory: 330752K Free: 170496K (52%)
----------------- Invoking toplevel() on ptolemy.moml.MoMLSimpleApplication@77c44372
----------------- Done invoking toplevel() on ptolemy.moml.MoMLSimpleApplication@77c44372
reloadAllAccessors: .BooleanMultiplexor

===========================================================================================
----------------- testing Mon Jun 24 04:44:58 UTC 2019 /home/travis/build/icyphy/ptII/ptolemy/actor/lib/test/auto/BooleanMultiplexor2.xml
----------------- Instantiating /home/travis/build/icyphy/ptII/ptolemy/actor/lib/test/auto/BooleanMultiplexor2.xml
12 ms. Memory: 330752K Free: 164352K (50%)
----------------- Invoking toplevel() on ptolemy.moml.MoMLSimpleApplication@176070ba
----------------- Done invoking toplevel() on ptolemy.moml.MoMLSimpleApplication@176070ba
reloadAllAccessors: .BooleanMultiplexor2

===========================================================================================
----------------- testing Mon Jun 24 04:44:58 UTC 2019 /home/travis/build/icyphy/ptII/ptolemy/actor/lib/test/auto/BooleanMultiplexor3.xml
----------------- Instantiating /home/travis/build/icyphy/ptII/ptolemy/actor/lib/test/auto/BooleanMultiplexor3.xml
2 ms. Memory: 330752K Free: 160256K (48%)
----------------- Invoking toplevel() on ptolemy.moml.MoMLSimpleApplication@7b1fabd3
----------------- Done invoking toplevel() on ptolemy.moml.MoMLSimpleApplication@7b1fabd3
reloadAllAccessors: .BooleanMultiplexor3

===========================================================================================
----------------- testing Mon Jun 24 04:44:58 UTC 2019 /home/travis/build/icyphy/ptII/ptolemy/actor/lib/test/auto/BooleanSelect.xml
----------------- Instantiating /home/travis/build/icyphy/ptII/ptolemy/actor/lib/test/auto/BooleanSelect.xml
9 ms. Memory: 330752K Free: 154591K (47%)
----------------- Invoking toplevel() on ptolemy.moml.MoMLSimpleApplication@2c171aa4
----------------- Done invoking toplevel() on ptolemy.moml.MoMLSimpleApplication@2c171aa4
reloadAllAccessors: .BooleanSelect

===========================================================================================
----------------- testing Mon Jun 24 04:44:58 UTC 2019 /home/travis/build/icyphy/ptII/ptolemy/actor/lib/test/auto/BooleanSelect2.xml
----------------- Instantiating /home/travis/build/icyphy/ptII/ptolemy/actor/lib/test/auto/BooleanSelect2.xml
3 ms. Memory: 330752K Free: 150016K (45%)
----------------- Invoking toplevel() on ptolemy.moml.MoMLSimpleApplication@27b3c7df
----------------- Done invoking toplevel() on ptolemy.moml.MoMLSimpleApplication@27b3c7df
reloadAllAccessors: .BooleanSelect2

===========================================================================================
----------------- testing Mon Jun 24 04:44:58 UTC 2019 /home/travis/build/icyphy/ptII/ptolemy/actor/lib/test/auto/BooleanSwitch.xml
----------------- Instantiating /home/travis/build/icyphy/ptII/ptolemy/actor/lib/test/auto/BooleanSwitch.xml
8 ms. Memory: 330752K Free: 144382K (44%)
----------------- Invoking toplevel() on ptolemy.moml.MoMLSimpleApplication@7395331f
----------------- Done invoking toplevel() on ptolemy.moml.MoMLSimpleApplication@7395331f
reloadAllAccessors: .BooleanSwitch

===========================================================================================
----------------- testing Mon Jun 24 04:44:58 UTC 2019 /home/travis/build/icyphy/ptII/ptolemy/actor/lib/test/auto/BooleanSwitch2.xml
----------------- Instantiating /home/travis/build/icyphy/ptII/ptolemy/actor/lib/test/auto/BooleanSwitch2.xml
1 ms. Memory: 330752K Free: 139776K (42%)
----------------- Invoking toplevel() on ptolemy.moml.MoMLSimpleApplication@5906d079
----------------- Done invoking toplevel() on ptolemy.moml.MoMLSimpleApplication@5906d079
reloadAllAccessors: .BooleanSwitch2

===========================================================================================
----------------- testing Mon Jun 24 04:44:58 UTC 2019 /home/travis/build/icyphy/ptII/ptolemy/actor/lib/test/auto/BooleanSwitchCloningBugWithClassRelationGroup.xml
----------------- Instantiating /home/travis/build/icyphy/ptII/ptolemy/actor/lib/test/auto/BooleanSwitchCloningBugWithClassRelationGroup.xml
3 ms. Memory: 330752K Free: 133632K (40%)
----------------- Invoking toplevel() on ptolemy.moml.MoMLSimpleApplication@2d3264e0
----------------- Done invoking toplevel() on ptolemy.moml.MoMLSimpleApplication@2d3264e0
reloadAllAccessors: .BooleanSwitchCloningBugWithClassRelationGroup

===========================================================================================
----------------- testing Mon Jun 24 04:44:59 UTC 2019 /home/travis/build/icyphy/ptII/ptolemy/actor/lib/test/auto/BusActors.xml
----------------- Instantiating /home/travis/build/icyphy/ptII/ptolemy/actor/lib/test/auto/BusActors.xml
16 ms. Memory: 330752K Free: 125950K (38%)
----------------- Invoking toplevel() on ptolemy.moml.MoMLSimpleApplication@46053203
----------------- Done invoking toplevel() on ptolemy.moml.MoMLSimpleApplication@46053203
reloadAllAccessors: .BusActors

===========================================================================================
----------------- testing Mon Jun 24 04:44:59 UTC 2019 /home/travis/build/icyphy/ptII/ptolemy/actor/lib/test/auto/ClassWrapper.xml
----------------- Instantiating /home/travis/build/icyphy/ptII/ptolemy/actor/lib/test/auto/ClassWrapper.xml
3 ms. Memory: 330752K Free: 121344K (37%)
----------------- Invoking toplevel() on ptolemy.moml.MoMLSimpleApplication@13388f03
----------------- Done invoking toplevel() on ptolemy.moml.MoMLSimpleApplication@13388f03
reloadAllAccessors: .ClassWrapper

===========================================================================================
----------------- testing Mon Jun 24 04:44:59 UTC 2019 /home/travis/build/icyphy/ptII/ptolemy/actor/lib/test/auto/Clock.xml
----------------- Instantiating /home/travis/build/icyphy/ptII/ptolemy/actor/lib/test/auto/Clock.xml
1 ms. Memory: 330752K Free: 117758K (36%)
----------------- Invoking toplevel() on ptolemy.moml.MoMLSimpleApplication@26916349
----------------- Done invoking toplevel() on ptolemy.moml.MoMLSimpleApplication@26916349
reloadAllAccessors: .Clock

===========================================================================================
----------------- testing Mon Jun 24 04:44:59 UTC 2019 /home/travis/build/icyphy/ptII/ptolemy/actor/lib/test/auto/Clock10.xml
----------------- Instantiating /home/travis/build/icyphy/ptII/ptolemy/actor/lib/test/auto/Clock10.xml
5 ms. Memory: 330752K Free: 111614K (34%)
----------------- Invoking toplevel() on ptolemy.moml.MoMLSimpleApplication@4b4da18d
----------------- Done invoking toplevel() on ptolemy.moml.MoMLSimpleApplication@4b4da18d
reloadAllAccessors: .Clock10

===========================================================================================
----------------- testing Mon Jun 24 04:44:59 UTC 2019 /home/travis/build/icyphy/ptII/ptolemy/actor/lib/test/auto/Clock11.xml
----------------- Instantiating /home/travis/build/icyphy/ptII/ptolemy/actor/lib/test/auto/Clock11.xml
5 ms. Memory: 330752K Free: 105984K (32%)
----------------- Invoking toplevel() on ptolemy.moml.MoMLSimpleApplication@4bb1a2e9
----------------- Done invoking toplevel() on ptolemy.moml.MoMLSimpleApplication@4bb1a2e9
reloadAllAccessors: .Clock11

===========================================================================================
----------------- testing Mon Jun 24 04:44:59 UTC 2019 /home/travis/build/icyphy/ptII/ptolemy/actor/lib/test/auto/Clock12.xml
----------------- Instantiating /home/travis/build/icyphy/ptII/ptolemy/actor/lib/test/auto/Clock12.xml
5 ms. Memory: 330752K Free: 99840K (30%)
----------------- Invoking toplevel() on ptolemy.moml.MoMLSimpleApplication@3c51264
----------------- Done invoking toplevel() on ptolemy.moml.MoMLSimpleApplication@3c51264
reloadAllAccessors: .Clock12

===========================================================================================
----------------- testing Mon Jun 24 04:44:59 UTC 2019 /home/travis/build/icyphy/ptII/ptolemy/actor/lib/test/auto/Clock13.xml
----------------- Instantiating /home/travis/build/icyphy/ptII/ptolemy/actor/lib/test/auto/Clock13.xml
12 ms. Memory: 587776K Free: 537583K (91%)
----------------- Invoking toplevel() on ptolemy.moml.MoMLSimpleApplication@ab25614
----------------- Done invoking toplevel() on ptolemy.moml.MoMLSimpleApplication@ab25614
reloadAllAccessors: .Clock13

===========================================================================================
----------------- testing Mon Jun 24 04:44:59 UTC 2019 /home/travis/build/icyphy/ptII/ptolemy/actor/lib/test/auto/Clock14.xml
----------------- Instantiating /home/travis/build/icyphy/ptII/ptolemy/actor/lib/test/auto/Clock14.xml
4 ms. Memory: 587776K Free: 531423K (90%)
----------------- Invoking toplevel() on ptolemy.moml.MoMLSimpleApplication@7bf75ae
----------------- Done invoking toplevel() on ptolemy.moml.MoMLSimpleApplication@7bf75ae
reloadAllAccessors: .Clock14

===========================================================================================
----------------- testing Mon Jun 24 04:44:59 UTC 2019 /home/travis/build/icyphy/ptII/ptolemy/actor/lib/test/auto/Clock15.xml
----------------- Instantiating /home/travis/build/icyphy/ptII/ptolemy/actor/lib/test/auto/Clock15.xml
3 ms. Memory: 587776K Free: 525295K (89%)
----------------- Invoking toplevel() on ptolemy.moml.MoMLSimpleApplication@3ab13523
----------------- Done invoking toplevel() on ptolemy.moml.MoMLSimpleApplication@3ab13523
reloadAllAccessors: .Clock15

===========================================================================================
----------------- testing Mon Jun 24 04:44:59 UTC 2019 /home/travis/build/icyphy/ptII/ptolemy/actor/lib/test/auto/Clock16.xml
----------------- Instantiating /home/travis/build/icyphy/ptII/ptolemy/actor/lib/test/auto/Clock16.xml
37 ms. Memory: 587776K Free: 510967K (87%)
----------------- Invoking toplevel() on ptolemy.moml.MoMLSimpleApplication@75aee399
----------------- Done invoking toplevel() on ptolemy.moml.MoMLSimpleApplication@75aee399
reloadAllAccessors: .Clock16

===========================================================================================
----------------- testing Mon Jun 24 04:44:59 UTC 2019 /home/travis/build/icyphy/ptII/ptolemy/actor/lib/test/auto/Clock17.xml
----------------- Instantiating /home/travis/build/icyphy/ptII/ptolemy/actor/lib/test/auto/Clock17.xml
27 ms. Memory: 587776K Free: 497152K (85%)
----------------- Invoking toplevel() on ptolemy.moml.MoMLSimpleApplication@259c1049
----------------- Done invoking toplevel() on ptolemy.moml.MoMLSimpleApplication@259c1049
reloadAllAccessors: .Clock17

===========================================================================================
----------------- testing Mon Jun 24 04:44:59 UTC 2019 /home/travis/build/icyphy/ptII/ptolemy/actor/lib/test/auto/Clock18.xml
----------------- Instantiating /home/travis/build/icyphy/ptII/ptolemy/actor/lib/test/auto/Clock18.xml
28 ms. Memory: 587776K Free: 483311K (82%)
----------------- Invoking toplevel() on ptolemy.moml.MoMLSimpleApplication@385dc187
----------------- Done invoking toplevel() on ptolemy.moml.MoMLSimpleApplication@385dc187
reloadAllAccessors: .Clock18

===========================================================================================
----------------- testing Mon Jun 24 04:44:59 UTC 2019 /home/travis/build/icyphy/ptII/ptolemy/actor/lib/test/auto/Clock19.xml
----------------- Instantiating /home/travis/build/icyphy/ptII/ptolemy/actor/lib/test/auto/Clock19.xml
19 ms. Memory: 587776K Free: 469999K (80%)
----------------- Invoking toplevel() on ptolemy.moml.MoMLSimpleApplication@1549fcac
----------------- Done invoking toplevel() on ptolemy.moml.MoMLSimpleApplication@1549fcac
reloadAllAccessors: .Clock19

===========================================================================================
----------------- testing Mon Jun 24 04:44:59 UTC 2019 /home/travis/build/icyphy/ptII/ptolemy/actor/lib/test/auto/Clock2.xml
----------------- Instantiating /home/travis/build/icyphy/ptII/ptolemy/actor/lib/test/auto/Clock2.xml
8 ms. Memory: 587776K Free: 465408K (79%)
----------------- Invoking toplevel() on ptolemy.moml.MoMLSimpleApplication@384b7e72
----------------- Done invoking toplevel() on ptolemy.moml.MoMLSimpleApplication@384b7e72
reloadAllAccessors: .Clock2

===========================================================================================
----------------- testing Mon Jun 24 04:44:59 UTC 2019 /home/travis/build/icyphy/ptII/ptolemy/actor/lib/test/auto/Clock20.xml
----------------- Instantiating /home/travis/build/icyphy/ptII/ptolemy/actor/lib/test/auto/Clock20.xml
12 ms. Memory: 587776K Free: 460288K (78%)
----------------- Invoking toplevel() on ptolemy.moml.MoMLSimpleApplication@3cf18cce
----------------- Done invoking toplevel() on ptolemy.moml.MoMLSimpleApplication@3cf18cce
reloadAllAccessors: .Clock20

===========================================================================================
----------------- testing Mon Jun 24 04:44:59 UTC 2019 /home/travis/build/icyphy/ptII/ptolemy/actor/lib/test/auto/Clock21.xml
----------------- Instantiating /home/travis/build/icyphy/ptII/ptolemy/actor/lib/test/auto/Clock21.xml
11 ms. Memory: 587776K Free: 454654K (77%)
----------------- Invoking toplevel() on ptolemy.moml.MoMLSimpleApplication@59d71163
----------------- Done invoking toplevel() on ptolemy.moml.MoMLSimpleApplication@59d71163
reloadAllAccessors: .Clock21

===========================================================================================
----------------- testing Mon Jun 24 04:44:59 UTC 2019 /home/travis/build/icyphy/ptII/ptolemy/actor/lib/test/auto/Clock22.xml
----------------- Instantiating /home/travis/build/icyphy/ptII/ptolemy/actor/lib/test/auto/Clock22.xml
4 ms. Memory: 587776K Free: 449534K (76%)
----------------- Invoking toplevel() on ptolemy.moml.MoMLSimpleApplication@5389aba4
----------------- Done invoking toplevel() on ptolemy.moml.MoMLSimpleApplication@5389aba4
reloadAllAccessors: .Clock22

===========================================================================================
----------------- testing Mon Jun 24 04:44:59 UTC 2019 /home/travis/build/icyphy/ptII/ptolemy/actor/lib/test/auto/Clock23.xml
----------------- Instantiating /home/travis/build/icyphy/ptII/ptolemy/actor/lib/test/auto/Clock23.xml
7 ms. Memory: 587776K Free: 443904K (76%)
----------------- Invoking toplevel() on ptolemy.moml.MoMLSimpleApplication@61294d85
----------------- Done invoking toplevel() on ptolemy.moml.MoMLSimpleApplication@61294d85
reloadAllAccessors: .Clock23

===========================================================================================
----------------- testing Mon Jun 24 04:44:59 UTC 2019 /home/travis/build/icyphy/ptII/ptolemy/actor/lib/test/auto/Clock24.xml
----------------- Instantiating /home/travis/build/icyphy/ptII/ptolemy/actor/lib/test/auto/Clock24.xml
2 ms. Memory: 587776K Free: 438784K (75%)
----------------- Invoking toplevel() on ptolemy.moml.MoMLSimpleApplication@2d3be6ee
----------------- Done invoking toplevel() on ptolemy.moml.MoMLSimpleApplication@2d3be6ee
reloadAllAccessors: .Clock24

===========================================================================================
----------------- testing Mon Jun 24 04:44:59 UTC 2019 /home/travis/build/icyphy/ptII/ptolemy/actor/lib/test/auto/Clock4.xml
----------------- Instantiating /home/travis/build/icyphy/ptII/ptolemy/actor/lib/test/auto/Clock4.xml
2 ms. Memory: 587776K Free: 433664K (74%)
----------------- Invoking toplevel() on ptolemy.moml.MoMLSimpleApplication@67f8ad36
----------------- Done invoking toplevel() on ptolemy.moml.MoMLSimpleApplication@67f8ad36
reloadAllAccessors: .Clock4

===========================================================================================
----------------- testing Mon Jun 24 04:44:59 UTC 2019 /home/travis/build/icyphy/ptII/ptolemy/actor/lib/test/auto/Clock5.xml
----------------- Instantiating /home/travis/build/icyphy/ptII/ptolemy/actor/lib/test/auto/Clock5.xml
2 ms. Memory: 587776K Free: 428030K (73%)
----------------- Invoking toplevel() on ptolemy.moml.MoMLSimpleApplication@61fbf64
----------------- Done invoking toplevel() on ptolemy.moml.MoMLSimpleApplication@61fbf64
reloadAllAccessors: .Clock5

===========================================================================================
----------------- testing Mon Jun 24 04:44:59 UTC 2019 /home/travis/build/icyphy/ptII/ptolemy/actor/lib/test/auto/Clock6.xml
----------------- Instantiating /home/travis/build/icyphy/ptII/ptolemy/actor/lib/test/auto/Clock6.xml
1 ms. Memory: 587776K Free: 424448K (72%)
----------------- Invoking toplevel() on ptolemy.moml.MoMLSimpleApplication@7ac128fd
----------------- Done invoking toplevel() on ptolemy.moml.MoMLSimpleApplication@7ac128fd
reloadAllAccessors: .Clock6

===========================================================================================
----------------- testing Mon Jun 24 04:44:59 UTC 2019 /home/travis/build/icyphy/ptII/ptolemy/actor/lib/test/auto/Clock7.xml
----------------- Instantiating /home/travis/build/icyphy/ptII/ptolemy/actor/lib/test/auto/Clock7.xml
3 ms. Memory: 587776K Free: 419838K (71%)
----------------- Invoking toplevel() on ptolemy.moml.MoMLSimpleApplication@13105320
----------------- Done invoking toplevel() on ptolemy.moml.MoMLSimpleApplication@13105320
reloadAllAccessors: .Clock7

===========================================================================================
----------------- testing Mon Jun 24 04:44:59 UTC 2019 /home/travis/build/icyphy/ptII/ptolemy/actor/lib/test/auto/Clock8.xml
----------------- Instantiating /home/travis/build/icyphy/ptII/ptolemy/actor/lib/test/auto/Clock8.xml
3 ms. Memory: 587776K Free: 414687K (71%)
----------------- Invoking toplevel() on ptolemy.moml.MoMLSimpleApplication@8590a93
----------------- Done invoking toplevel() on ptolemy.moml.MoMLSimpleApplication@8590a93
reloadAllAccessors: .Clock8

===========================================================================================
----------------- testing Mon Jun 24 04:44:59 UTC 2019 /home/travis/build/icyphy/ptII/ptolemy/actor/lib/test/auto/Clock9.xml
----------------- Instantiating /home/travis/build/icyphy/ptII/ptolemy/actor/lib/test/auto/Clock9.xml
8 ms. Memory: 587776K Free: 409088K (70%)
----------------- Invoking toplevel() on ptolemy.moml.MoMLSimpleApplication@59a4c73
----------------- Done invoking toplevel() on ptolemy.moml.MoMLSimpleApplication@59a4c73
reloadAllAccessors: .Clock9

===========================================================================================
----------------- testing Mon Jun 24 04:44:59 UTC 2019 /home/travis/build/icyphy/ptII/ptolemy/actor/lib/test/auto/CommDistDiscard.xml
----------------- Instantiating /home/travis/build/icyphy/ptII/ptolemy/actor/lib/test/auto/CommDistDiscard.xml
5 ms. Memory: 587776K Free: 403454K (69%)
----------------- Invoking toplevel() on ptolemy.moml.MoMLSimpleApplication@3fbfb952
----------------- Done invoking toplevel() on ptolemy.moml.MoMLSimpleApplication@3fbfb952
reloadAllAccessors: .CommDistDiscard

===========================================================================================
----------------- testing Mon Jun 24 04:45:00 UTC 2019 /home/travis/build/icyphy/ptII/ptolemy/actor/lib/test/auto/Commutator.xml
----------------- Instantiating /home/travis/build/icyphy/ptII/ptolemy/actor/lib/test/auto/Commutator.xml
8 ms. Memory: 587776K Free: 399358K (68%)
----------------- Invoking toplevel() on ptolemy.moml.MoMLSimpleApplication@77d080da
----------------- Done invoking toplevel() on ptolemy.moml.MoMLSimpleApplication@77d080da
reloadAllAccessors: .Commutator

===========================================================================================
----------------- testing Mon Jun 24 04:45:00 UTC 2019 /home/travis/build/icyphy/ptII/ptolemy/actor/lib/test/auto/Commutator2.xml
----------------- Instantiating /home/travis/build/icyphy/ptII/ptolemy/actor/lib/test/auto/Commutator2.xml
2 ms. Memory: 587776K Free: 394752K (67%)
----------------- Invoking toplevel() on ptolemy.moml.MoMLSimpleApplication@10afc38f
----------------- Done invoking toplevel() on ptolemy.moml.MoMLSimpleApplication@10afc38f
reloadAllAccessors: .Commutator2

===========================================================================================
----------------- testing Mon Jun 24 04:45:00 UTC 2019 /home/travis/build/icyphy/ptII/ptolemy/actor/lib/test/auto/Commutator3.xml
----------------- Instantiating /home/travis/build/icyphy/ptII/ptolemy/actor/lib/test/auto/Commutator3.xml
3 ms. Memory: 587776K Free: 390656K (66%)
----------------- Invoking toplevel() on ptolemy.moml.MoMLSimpleApplication@40245879
----------------- Done invoking toplevel() on ptolemy.moml.MoMLSimpleApplication@40245879
reloadAllAccessors: .Commutator3

===========================================================================================
----------------- testing Mon Jun 24 04:45:00 UTC 2019 /home/travis/build/icyphy/ptII/ptolemy/actor/lib/test/auto/Compare.xml
----------------- Instantiating /home/travis/build/icyphy/ptII/ptolemy/actor/lib/test/auto/Compare.xml
7 ms. Memory: 587776K Free: 383998K (65%)
----------------- Invoking toplevel() on ptolemy.moml.MoMLSimpleApplication@7075d41b
----------------- Done invoking toplevel() on ptolemy.moml.MoMLSimpleApplication@7075d41b
reloadAllAccessors: .Compare

===========================================================================================
----------------- testing Mon Jun 24 04:45:00 UTC 2019 /home/travis/build/icyphy/ptII/ptolemy/actor/lib/test/auto/CompareDE.xml
----------------- Instantiating /home/travis/build/icyphy/ptII/ptolemy/actor/lib/test/auto/CompareDE.xml
6 ms. Memory: 587776K Free: 376815K (64%)
----------------- Invoking toplevel() on ptolemy.moml.MoMLSimpleApplication@1c3f28aa
----------------- Done invoking toplevel() on ptolemy.moml.MoMLSimpleApplication@1c3f28aa
reloadAllAccessors: .CompareDE

===========================================================================================
----------------- testing Mon Jun 24 04:45:00 UTC 2019 /home/travis/build/icyphy/ptII/ptolemy/actor/lib/test/auto/ComplexDivide.xml
----------------- Instantiating /home/travis/build/icyphy/ptII/ptolemy/actor/lib/test/auto/ComplexDivide.xml
1 ms. Memory: 587776K Free: 373248K (64%)
----------------- Invoking toplevel() on ptolemy.moml.MoMLSimpleApplication@7ec74d0
----------------- Done invoking toplevel() on ptolemy.moml.MoMLSimpleApplication@7ec74d0
reloadAllAccessors: .ComplexDivide

===========================================================================================
----------------- testing Mon Jun 24 04:45:00 UTC 2019 /home/travis/build/icyphy/ptII/ptolemy/actor/lib/test/auto/ComputeHistogram.xml
----------------- Instantiating /home/travis/build/icyphy/ptII/ptolemy/actor/lib/test/auto/ComputeHistogram.xml
42 ms. Memory: 587776K Free: 360960K (61%)
----------------- Invoking toplevel() on ptolemy.moml.MoMLSimpleApplication@1a978b47
----------------- Done invoking toplevel() on ptolemy.moml.MoMLSimpleApplication@1a978b47
reloadAllAccessors: .ComputeHistogram

===========================================================================================
----------------- testing Mon Jun 24 04:45:00 UTC 2019 /home/travis/build/icyphy/ptII/ptolemy/actor/lib/test/auto/ConfigurationSelect.xml
----------------- Instantiating /home/travis/build/icyphy/ptII/ptolemy/actor/lib/test/auto/ConfigurationSelect.xml
8 ms. Memory: 587776K Free: 355840K (61%)
----------------- Invoking toplevel() on ptolemy.moml.MoMLSimpleApplication@2b397b84
----------------- Done invoking toplevel() on ptolemy.moml.MoMLSimpleApplication@2b397b84
reloadAllAccessors: .ConfigurationSelect

===========================================================================================
----------------- testing Mon Jun 24 04:45:00 UTC 2019 /home/travis/build/icyphy/ptII/ptolemy/actor/lib/test/auto/ConfigurationSelect2.xml
----------------- Instantiating /home/travis/build/icyphy/ptII/ptolemy/actor/lib/test/auto/ConfigurationSelect2.xml
2 ms. Memory: 587776K Free: 351230K (60%)
----------------- Invoking toplevel() on ptolemy.moml.MoMLSimpleApplication@75a25fc1
----------------- Done invoking toplevel() on ptolemy.moml.MoMLSimpleApplication@75a25fc1
reloadAllAccessors: .ConfigurationSelect2

===========================================================================================
----------------- testing Mon Jun 24 04:45:00 UTC 2019 /home/travis/build/icyphy/ptII/ptolemy/actor/lib/test/auto/ConfigurationSwitch.xml
----------------- Instantiating /home/travis/build/icyphy/ptII/ptolemy/actor/lib/test/auto/ConfigurationSwitch.xml
3 ms. Memory: 587776K Free: 345600K (59%)
----------------- Invoking toplevel() on ptolemy.moml.MoMLSimpleApplication@76352e9d
----------------- Done invoking toplevel() on ptolemy.moml.MoMLSimpleApplication@76352e9d
reloadAllAccessors: .ConfigurationSwitch

===========================================================================================
----------------- testing Mon Jun 24 04:45:00 UTC 2019 /home/travis/build/icyphy/ptII/ptolemy/actor/lib/test/auto/ConfigurationSwitch2.xml
----------------- Instantiating /home/travis/build/icyphy/ptII/ptolemy/actor/lib/test/auto/ConfigurationSwitch2.xml
4 ms. Memory: 587776K Free: 340480K (58%)
----------------- Invoking toplevel() on ptolemy.moml.MoMLSimpleApplication@3735c234
----------------- Done invoking toplevel() on ptolemy.moml.MoMLSimpleApplication@3735c234
reloadAllAccessors: .ConfigurationSwitch2

===========================================================================================
----------------- testing Mon Jun 24 04:45:00 UTC 2019 /home/travis/build/icyphy/ptII/ptolemy/actor/lib/test/auto/ConfigurationSwitchCloningBugWithClassRelationGroup.xml
----------------- Instantiating /home/travis/build/icyphy/ptII/ptolemy/actor/lib/test/auto/ConfigurationSwitchCloningBugWithClassRelationGroup.xml
1 ms. Memory: 587776K Free: 333312K (57%)
----------------- Invoking toplevel() on ptolemy.moml.MoMLSimpleApplication@13df55c7
----------------- Done invoking toplevel() on ptolemy.moml.MoMLSimpleApplication@13df55c7
reloadAllAccessors: .ConfigurationSwitchCloningBugWithClassRelationGroup

===========================================================================================
----------------- testing Mon Jun 24 04:45:00 UTC 2019 /home/travis/build/icyphy/ptII/ptolemy/actor/lib/test/auto/ConfigurationSwitchSelectSDF.xml
----------------- Instantiating /home/travis/build/icyphy/ptII/ptolemy/actor/lib/test/auto/ConfigurationSwitchSelectSDF.xml
3 ms. Memory: 587776K Free: 328192K (56%)
----------------- Invoking toplevel() on ptolemy.moml.MoMLSimpleApplication@3d50d74f
----------------- Done invoking toplevel() on ptolemy.moml.MoMLSimpleApplication@3d50d74f
reloadAllAccessors: .ConfigurationSwitchSelectSDF

===========================================================================================
----------------- testing Mon Jun 24 04:45:00 UTC 2019 /home/travis/build/icyphy/ptII/ptolemy/actor/lib/test/auto/ConfigurationSwitchSelectSDF2.xml
----------------- Instantiating /home/travis/build/icyphy/ptII/ptolemy/actor/lib/test/auto/ConfigurationSwitchSelectSDF2.xml
3 ms. Memory: 587776K Free: 322048K (55%)
----------------- Invoking toplevel() on ptolemy.moml.MoMLSimpleApplication@1e60f52b
----------------- Done invoking toplevel() on ptolemy.moml.MoMLSimpleApplication@1e60f52b
reloadAllAccessors: .ConfigurationSwitchSelectSDF2

===========================================================================================
----------------- testing Mon Jun 24 04:45:00 UTC 2019 /home/travis/build/icyphy/ptII/ptolemy/actor/lib/test/auto/Const.xml
----------------- Instantiating /home/travis/build/icyphy/ptII/ptolemy/actor/lib/test/auto/Const.xml
1 ms. Memory: 587776K Free: 318462K (54%)
----------------- Invoking toplevel() on ptolemy.moml.MoMLSimpleApplication@491c449a
----------------- Done invoking toplevel() on ptolemy.moml.MoMLSimpleApplication@491c449a
reloadAllAccessors: .Const

===========================================================================================
----------------- testing Mon Jun 24 04:45:00 UTC 2019 /home/travis/build/icyphy/ptII/ptolemy/actor/lib/test/auto/Const2.xml
----------------- Instantiating /home/travis/build/icyphy/ptII/ptolemy/actor/lib/test/auto/Const2.xml
1 ms. Memory: 587776K Free: 537600K (91%)
----------------- Invoking toplevel() on ptolemy.moml.MoMLSimpleApplication@5bc3663b
----------------- Done invoking toplevel() on ptolemy.moml.MoMLSimpleApplication@5bc3663b
reloadAllAccessors: .Const2

===========================================================================================
----------------- testing Mon Jun 24 04:45:00 UTC 2019 /home/travis/build/icyphy/ptII/ptolemy/actor/lib/test/auto/Const3.xml
----------------- Instantiating /home/travis/build/icyphy/ptII/ptolemy/actor/lib/test/auto/Const3.xml
1 ms. Memory: 587776K Free: 534528K (91%)
----------------- Invoking toplevel() on ptolemy.moml.MoMLSimpleApplication@29a90b59
----------------- Done invoking toplevel() on ptolemy.moml.MoMLSimpleApplication@29a90b59
reloadAllAccessors: .Const3

===========================================================================================
----------------- testing Mon Jun 24 04:45:00 UTC 2019 /home/travis/build/icyphy/ptII/ptolemy/actor/lib/test/auto/ConstantPublisherPort1.xml
----------------- Instantiating /home/travis/build/icyphy/ptII/ptolemy/actor/lib/test/auto/ConstantPublisherPort1.xml
8 ms. Memory: 587776K Free: 526336K (90%)
----------------- Invoking toplevel() on ptolemy.moml.MoMLSimpleApplication@3dbb938d
----------------- Done invoking toplevel() on ptolemy.moml.MoMLSimpleApplication@3dbb938d
reloadAllAccessors: .ConstantPublisherPort1

===========================================================================================
----------------- testing Mon Jun 24 04:45:00 UTC 2019 /home/travis/build/icyphy/ptII/ptolemy/actor/lib/test/auto/ConstantPublisherPort2.xml
----------------- Instantiating /home/travis/build/icyphy/ptII/ptolemy/actor/lib/test/auto/ConstantPublisherPort2.xml
14 ms. Memory: 587776K Free: 518654K (88%)
----------------- Invoking toplevel() on ptolemy.moml.MoMLSimpleApplication@342b8aa
----------------- Done invoking toplevel() on ptolemy.moml.MoMLSimpleApplication@342b8aa
reloadAllAccessors: .ConstantPublisherPort2

===========================================================================================
----------------- testing Mon Jun 24 04:45:00 UTC 2019 /home/travis/build/icyphy/ptII/ptolemy/actor/lib/test/auto/ConstantPublisherPort3.xml
----------------- Instantiating /home/travis/build/icyphy/ptII/ptolemy/actor/lib/test/auto/ConstantPublisherPort3.xml
6 ms. Memory: 587776K Free: 510976K (87%)
----------------- Invoking toplevel() on ptolemy.moml.MoMLSimpleApplication@380717f9
----------------- Done invoking toplevel() on ptolemy.moml.MoMLSimpleApplication@380717f9
reloadAllAccessors: .ConstantPublisherPort3

===========================================================================================
----------------- testing Mon Jun 24 04:45:00 UTC 2019 /home/travis/build/icyphy/ptII/ptolemy/actor/lib/test/auto/ConstantPublisherPort4.xml
----------------- Instantiating /home/travis/build/icyphy/ptII/ptolemy/actor/lib/test/auto/ConstantPublisherPort4.xml
2 ms. Memory: 587776K Free: 504318K (86%)
----------------- Invoking toplevel() on ptolemy.moml.MoMLSimpleApplication@3b79dd79
----------------- Done invoking toplevel() on ptolemy.moml.MoMLSimpleApplication@3b79dd79
reloadAllAccessors: .ConstantPublisherPort4

===========================================================================================
----------------- testing Mon Jun 24 04:45:00 UTC 2019 /home/travis/build/icyphy/ptII/ptolemy/actor/lib/test/auto/ConstantPublisherPort5.xml
----------------- Instantiating /home/travis/build/icyphy/ptII/ptolemy/actor/lib/test/auto/ConstantPublisherPort5.xml
35 ms. Memory: 587776K Free: 494592K (84%)
----------------- Invoking toplevel() on ptolemy.moml.MoMLSimpleApplication@355c7bde
----------------- Done invoking toplevel() on ptolemy.moml.MoMLSimpleApplication@355c7bde
reloadAllAccessors: .ConstantPublisherPort5

===========================================================================================
----------------- testing Mon Jun 24 04:45:00 UTC 2019 /home/travis/build/icyphy/ptII/ptolemy/actor/lib/test/auto/ConstantPublisherPort6.xml
----------------- Instantiating /home/travis/build/icyphy/ptII/ptolemy/actor/lib/test/auto/ConstantPublisherPort6.xml
13 ms. Memory: 587776K Free: 485886K (83%)
----------------- Invoking toplevel() on ptolemy.moml.MoMLSimpleApplication@3e41565d
----------------- Done invoking toplevel() on ptolemy.moml.MoMLSimpleApplication@3e41565d
reloadAllAccessors: .ConstantPublisherPort6

===========================================================================================
----------------- testing Mon Jun 24 04:45:00 UTC 2019 /home/travis/build/icyphy/ptII/ptolemy/actor/lib/test/auto/ConstantPublisherPort7.xml
----------------- Instantiating /home/travis/build/icyphy/ptII/ptolemy/actor/lib/test/auto/ConstantPublisherPort7.xml
15 ms. Memory: 587776K Free: 476670K (81%)
----------------- Invoking toplevel() on ptolemy.moml.MoMLSimpleApplication@35eae9b5
----------------- Done invoking toplevel() on ptolemy.moml.MoMLSimpleApplication@35eae9b5
reloadAllAccessors: .ConstantPublisherPort7

===========================================================================================
----------------- testing Mon Jun 24 04:45:00 UTC 2019 /home/travis/build/icyphy/ptII/ptolemy/actor/lib/test/auto/ConstraintMonitor1.xml
----------------- Instantiating /home/travis/build/icyphy/ptII/ptolemy/actor/lib/test/auto/ConstraintMonitor1.xml
7 ms. Memory: 587776K Free: 471550K (80%)
----------------- Invoking toplevel() on ptolemy.moml.MoMLSimpleApplication@18c99644
----------------- Done invoking toplevel() on ptolemy.moml.MoMLSimpleApplication@18c99644
reloadAllAccessors: .ConstraintMonitor1

===========================================================================================
----------------- testing Mon Jun 24 04:45:00 UTC 2019 /home/travis/build/icyphy/ptII/ptolemy/actor/lib/test/auto/ConstraintMonitor2.xml
----------------- Instantiating /home/travis/build/icyphy/ptII/ptolemy/actor/lib/test/auto/ConstraintMonitor2.xml
5 ms. Memory: 587776K Free: 466944K (79%)
----------------- Invoking toplevel() on ptolemy.moml.MoMLSimpleApplication@1ef94c23
----------------- Done invoking toplevel() on ptolemy.moml.MoMLSimpleApplication@1ef94c23
reloadAllAccessors: .ConstraintMonitor2

===========================================================================================
----------------- testing Mon Jun 24 04:45:00 UTC 2019 /home/travis/build/icyphy/ptII/ptolemy/actor/lib/test/auto/ConstraintMonitor3.xml
----------------- Instantiating /home/travis/build/icyphy/ptII/ptolemy/actor/lib/test/auto/ConstraintMonitor3.xml
4 ms. Memory: 587776K Free: 461824K (79%)
----------------- Invoking toplevel() on ptolemy.moml.MoMLSimpleApplication@679fd254
----------------- Done invoking toplevel() on ptolemy.moml.MoMLSimpleApplication@679fd254
reloadAllAccessors: .ConstraintMonitor3

===========================================================================================
----------------- testing Mon Jun 24 04:45:00 UTC 2019 /home/travis/build/icyphy/ptII/ptolemy/actor/lib/test/auto/ConstraintMonitor4.xml
----------------- Instantiating /home/travis/build/icyphy/ptII/ptolemy/actor/lib/test/auto/ConstraintMonitor4.xml
5 ms. Memory: 587776K Free: 456704K (78%)
----------------- Invoking toplevel() on ptolemy.moml.MoMLSimpleApplication@29be940
----------------- Done invoking toplevel() on ptolemy.moml.MoMLSimpleApplication@29be940
reloadAllAccessors: .ConstraintMonitor4

===========================================================================================
----------------- testing Mon Jun 24 04:45:00 UTC 2019 /home/travis/build/icyphy/ptII/ptolemy/actor/lib/test/auto/ConstraintMonitor5.xml
----------------- Instantiating /home/travis/build/icyphy/ptII/ptolemy/actor/lib/test/auto/ConstraintMonitor5.xml
2 ms. Memory: 587776K Free: 451584K (77%)
----------------- Invoking toplevel() on ptolemy.moml.MoMLSimpleApplication@4371f46e
----------------- Done invoking toplevel() on ptolemy.moml.MoMLSimpleApplication@4371f46e
reloadAllAccessors: .ConstraintMonitor5

===========================================================================================
----------------- testing Mon Jun 24 04:45:00 UTC 2019 /home/travis/build/icyphy/ptII/ptolemy/actor/lib/test/auto/ConstraintMonitor6.xml
----------------- Instantiating /home/travis/build/icyphy/ptII/ptolemy/actor/lib/test/auto/ConstraintMonitor6.xml
6 ms. Memory: 587776K Free: 444919K (76%)
----------------- Invoking toplevel() on ptolemy.moml.MoMLSimpleApplication@6cdca4a0
----------------- Done invoking toplevel() on ptolemy.moml.MoMLSimpleApplication@6cdca4a0
reloadAllAccessors: .ConstraintMonitor6

===========================================================================================
----------------- testing Mon Jun 24 04:45:00 UTC 2019 /home/travis/build/icyphy/ptII/ptolemy/actor/lib/test/auto/ConstraintMonitor7.xml
----------------- Instantiating /home/travis/build/icyphy/ptII/ptolemy/actor/lib/test/auto/ConstraintMonitor7.xml
6 ms. Memory: 587776K Free: 438767K (75%)
----------------- Invoking toplevel() on ptolemy.moml.MoMLSimpleApplication@1d8e0c57
----------------- Done invoking toplevel() on ptolemy.moml.MoMLSimpleApplication@1d8e0c57
reloadAllAccessors: .ConstraintMonitor7

===========================================================================================
----------------- testing Mon Jun 24 04:45:00 UTC 2019 /home/travis/build/icyphy/ptII/ptolemy/actor/lib/test/auto/ConstraintMonitor8.xml
----------------- Instantiating /home/travis/build/icyphy/ptII/ptolemy/actor/lib/test/auto/ConstraintMonitor8.xml
7 ms. Memory: 587776K Free: 431104K (73%)
----------------- Invoking toplevel() on ptolemy.moml.MoMLSimpleApplication@5a1e4de2
----------------- Done invoking toplevel() on ptolemy.moml.MoMLSimpleApplication@5a1e4de2
reloadAllAccessors: .ConstraintMonitor8

===========================================================================================
----------------- testing Mon Jun 24 04:45:00 UTC 2019 /home/travis/build/icyphy/ptII/ptolemy/actor/lib/test/auto/Counter.xml
----------------- Instantiating /home/travis/build/icyphy/ptII/ptolemy/actor/lib/test/auto/Counter.xml
2 ms. Memory: 587776K Free: 425984K (72%)
----------------- Invoking toplevel() on ptolemy.moml.MoMLSimpleApplication@22061762
----------------- Done invoking toplevel() on ptolemy.moml.MoMLSimpleApplication@22061762
reloadAllAccessors: .Counter

===========================================================================================
----------------- testing Mon Jun 24 04:45:01 UTC 2019 /home/travis/build/icyphy/ptII/ptolemy/actor/lib/test/auto/CurrentTimeSDF.xml
----------------- Instantiating /home/travis/build/icyphy/ptII/ptolemy/actor/lib/test/auto/CurrentTimeSDF.xml
2 ms. Memory: 587776K Free: 422398K (72%)
----------------- Invoking toplevel() on ptolemy.moml.MoMLSimpleApplication@7083d44d
----------------- Done invoking toplevel() on ptolemy.moml.MoMLSimpleApplication@7083d44d
reloadAllAccessors: .CurrentTimeSDF

===========================================================================================
----------------- testing Mon Jun 24 04:45:01 UTC 2019 /home/travis/build/icyphy/ptII/ptolemy/actor/lib/test/auto/DB.xml
----------------- Instantiating /home/travis/build/icyphy/ptII/ptolemy/actor/lib/test/auto/DB.xml
2 ms. Memory: 587776K Free: 417278K (71%)
----------------- Invoking toplevel() on ptolemy.moml.MoMLSimpleApplication@472bd786
----------------- Done invoking toplevel() on ptolemy.moml.MoMLSimpleApplication@472bd786
reloadAllAccessors: .DB

===========================================================================================
----------------- testing Mon Jun 24 04:45:01 UTC 2019 /home/travis/build/icyphy/ptII/ptolemy/actor/lib/test/auto/DBDE.xml
----------------- Instantiating /home/travis/build/icyphy/ptII/ptolemy/actor/lib/test/auto/DBDE.xml
2 ms. Memory: 587776K Free: 411103K (70%)
----------------- Invoking toplevel() on ptolemy.moml.MoMLSimpleApplication@2bb94ed2
----------------- Done invoking toplevel() on ptolemy.moml.MoMLSimpleApplication@2bb94ed2
reloadAllAccessors: .DBDE

===========================================================================================
----------------- testing Mon Jun 24 04:45:01 UTC 2019 /home/travis/build/icyphy/ptII/ptolemy/actor/lib/test/auto/DateConstructor.xml
----------------- Instantiating /home/travis/build/icyphy/ptII/ptolemy/actor/lib/test/auto/DateConstructor.xml
30 ms. Memory: 587776K Free: 393726K (67%)
----------------- Invoking toplevel() on ptolemy.moml.MoMLSimpleApplication@1b4c002e
----------------- Done invoking toplevel() on ptolemy.moml.MoMLSimpleApplication@1b4c002e
reloadAllAccessors: .DateConstructor

===========================================================================================
----------------- testing Mon Jun 24 04:45:01 UTC 2019 /home/travis/build/icyphy/ptII/ptolemy/actor/lib/test/auto/DelayTime.xml
----------------- Instantiating /home/travis/build/icyphy/ptII/ptolemy/actor/lib/test/auto/DelayTime.xml
6 ms. Memory: 587776K Free: 388606K (66%)
----------------- Invoking toplevel() on ptolemy.moml.MoMLSimpleApplication@65e22134
----------------- Done invoking toplevel() on ptolemy.moml.MoMLSimpleApplication@65e22134
reloadAllAccessors: .DelayTime

===========================================================================================
----------------- testing Mon Jun 24 04:45:01 UTC 2019 /home/travis/build/icyphy/ptII/ptolemy/actor/lib/test/auto/Dictionary1.xml
----------------- Instantiating /home/travis/build/icyphy/ptII/ptolemy/actor/lib/test/auto/Dictionary1.xml
2 ms. Memory: 587776K Free: 382976K (65%)
----------------- Invoking toplevel() on ptolemy.moml.MoMLSimpleApplication@a8bedcf
----------------- Done invoking toplevel() on ptolemy.moml.MoMLSimpleApplication@a8bedcf
reloadAllAccessors: .Dictionary1

===========================================================================================
----------------- testing Mon Jun 24 04:45:01 UTC 2019 /home/travis/build/icyphy/ptII/ptolemy/actor/lib/test/auto/Dictionary2.xml
----------------- Instantiating /home/travis/build/icyphy/ptII/ptolemy/actor/lib/test/auto/Dictionary2.xml
5 ms. Memory: 587776K Free: 377856K (64%)
----------------- Invoking toplevel() on ptolemy.moml.MoMLSimpleApplication@6ad7b902
----------------- Done invoking toplevel() on ptolemy.moml.MoMLSimpleApplication@6ad7b902
reloadAllAccessors: .Dictionary2

===========================================================================================
----------------- testing Mon Jun 24 04:45:01 UTC 2019 /home/travis/build/icyphy/ptII/ptolemy/actor/lib/test/auto/Dictionary3.xml
----------------- Instantiating /home/travis/build/icyphy/ptII/ptolemy/actor/lib/test/auto/Dictionary3.xml
2 ms. Memory: 587776K Free: 372222K (63%)
----------------- Invoking toplevel() on ptolemy.moml.MoMLSimpleApplication@2bae0215
----------------- Done invoking toplevel() on ptolemy.moml.MoMLSimpleApplication@2bae0215
reloadAllAccessors: .Dictionary3

===========================================================================================
----------------- testing Mon Jun 24 04:45:01 UTC 2019 /home/travis/build/icyphy/ptII/ptolemy/actor/lib/test/auto/Dictionary4.xml
----------------- Instantiating /home/travis/build/icyphy/ptII/ptolemy/actor/lib/test/auto/Dictionary4.xml
4 ms. Memory: 587776K Free: 365054K (62%)
----------------- Invoking toplevel() on ptolemy.moml.MoMLSimpleApplication@15de9032
----------------- Done invoking toplevel() on ptolemy.moml.MoMLSimpleApplication@15de9032
reloadAllAccessors: .Dictionary4

===========================================================================================
----------------- testing Mon Jun 24 04:45:01 UTC 2019 /home/travis/build/icyphy/ptII/ptolemy/actor/lib/test/auto/Differential.xml
----------------- Instantiating /home/travis/build/icyphy/ptII/ptolemy/actor/lib/test/auto/Differential.xml
3 ms. Memory: 587776K Free: 360448K (61%)
----------------- Invoking toplevel() on ptolemy.moml.MoMLSimpleApplication@1cc1a4fc
----------------- Done invoking toplevel() on ptolemy.moml.MoMLSimpleApplication@1cc1a4fc
reloadAllAccessors: .Differential

===========================================================================================
----------------- testing Mon Jun 24 04:45:01 UTC 2019 /home/travis/build/icyphy/ptII/ptolemy/actor/lib/test/auto/Director.xml
----------------- Instantiating /home/travis/build/icyphy/ptII/ptolemy/actor/lib/test/auto/Director.xml
1 ms. Memory: 587776K Free: 357376K (61%)
----------------- Invoking toplevel() on ptolemy.moml.MoMLSimpleApplication@5d7b1063
----------------- Done invoking toplevel() on ptolemy.moml.MoMLSimpleApplication@5d7b1063
reloadAllAccessors: .Director

===========================================================================================
----------------- testing Mon Jun 24 04:45:01 UTC 2019 /home/travis/build/icyphy/ptII/ptolemy/actor/lib/test/auto/DiscreteClock.xml
----------------- Instantiating /home/travis/build/icyphy/ptII/ptolemy/actor/lib/test/auto/DiscreteClock.xml
4 ms. Memory: 587776K Free: 353280K (60%)
----------------- Invoking toplevel() on ptolemy.moml.MoMLSimpleApplication@251a4521
----------------- Done invoking toplevel() on ptolemy.moml.MoMLSimpleApplication@251a4521
reloadAllAccessors: .DiscreteClock

===========================================================================================
----------------- testing Mon Jun 24 04:45:01 UTC 2019 /home/travis/build/icyphy/ptII/ptolemy/actor/lib/test/auto/DiscreteClock10.xml
----------------- Instantiating /home/travis/build/icyphy/ptII/ptolemy/actor/lib/test/auto/DiscreteClock10.xml
4 ms. Memory: 587776K Free: 347136K (59%)
----------------- Invoking toplevel() on ptolemy.moml.MoMLSimpleApplication@5ab752f3
----------------- Done invoking toplevel() on ptolemy.moml.MoMLSimpleApplication@5ab752f3
reloadAllAccessors: .DiscreteClock10

===========================================================================================
----------------- testing Mon Jun 24 04:45:01 UTC 2019 /home/travis/build/icyphy/ptII/ptolemy/actor/lib/test/auto/DiscreteClock11.xml
----------------- Instantiating /home/travis/build/icyphy/ptII/ptolemy/actor/lib/test/auto/DiscreteClock11.xml
3 ms. Memory: 587776K Free: 341502K (58%)
----------------- Invoking toplevel() on ptolemy.moml.MoMLSimpleApplication@70c18d0
----------------- Done invoking toplevel() on ptolemy.moml.MoMLSimpleApplication@70c18d0
reloadAllAccessors: .DiscreteClock11

===========================================================================================
----------------- testing Mon Jun 24 04:45:01 UTC 2019 /home/travis/build/icyphy/ptII/ptolemy/actor/lib/test/auto/DiscreteClock12.xml
----------------- Instantiating /home/travis/build/icyphy/ptII/ptolemy/actor/lib/test/auto/DiscreteClock12.xml
3 ms. Memory: 587776K Free: 335358K (57%)
----------------- Invoking toplevel() on ptolemy.moml.MoMLSimpleApplication@3dfafaa3
----------------- Done invoking toplevel() on ptolemy.moml.MoMLSimpleApplication@3dfafaa3
reloadAllAccessors: .DiscreteClock12

===========================================================================================
----------------- testing Mon Jun 24 04:45:01 UTC 2019 /home/travis/build/icyphy/ptII/ptolemy/actor/lib/test/auto/DiscreteClock13.xml
----------------- Instantiating /home/travis/build/icyphy/ptII/ptolemy/actor/lib/test/auto/DiscreteClock13.xml
5 ms. Memory: 587776K Free: 329183K (56%)
----------------- Invoking toplevel() on ptolemy.moml.MoMLSimpleApplication@68c3bdc7
----------------- Done invoking toplevel() on ptolemy.moml.MoMLSimpleApplication@68c3bdc7
reloadAllAccessors: .DiscreteClock13

===========================================================================================
----------------- testing Mon Jun 24 04:45:01 UTC 2019 /home/travis/build/icyphy/ptII/ptolemy/actor/lib/test/auto/DiscreteClock14.xml
----------------- Instantiating /home/travis/build/icyphy/ptII/ptolemy/actor/lib/test/auto/DiscreteClock14.xml
6 ms. Memory: 587776K Free: 323055K (55%)
----------------- Invoking toplevel() on ptolemy.moml.MoMLSimpleApplication@7923a927
----------------- Done invoking toplevel() on ptolemy.moml.MoMLSimpleApplication@7923a927
reloadAllAccessors: .DiscreteClock14

===========================================================================================
----------------- testing Mon Jun 24 04:45:01 UTC 2019 /home/travis/build/icyphy/ptII/ptolemy/actor/lib/test/auto/DiscreteClock15.xml
----------------- Instantiating /home/travis/build/icyphy/ptII/ptolemy/actor/lib/test/auto/DiscreteClock15.xml
5 ms. Memory: 587776K Free: 317440K (54%)
----------------- Invoking toplevel() on ptolemy.moml.MoMLSimpleApplication@31aba71a
----------------- Done invoking toplevel() on ptolemy.moml.MoMLSimpleApplication@31aba71a
reloadAllAccessors: .DiscreteClock15

===========================================================================================
----------------- testing Mon Jun 24 04:45:01 UTC 2019 /home/travis/build/icyphy/ptII/ptolemy/actor/lib/test/auto/DiscreteClock16.xml
----------------- Instantiating /home/travis/build/icyphy/ptII/ptolemy/actor/lib/test/auto/DiscreteClock16.xml
20 ms. Memory: 587776K Free: 303583K (52%)
----------------- Invoking toplevel() on ptolemy.moml.MoMLSimpleApplication@1b7bc284
----------------- Done invoking toplevel() on ptolemy.moml.MoMLSimpleApplication@1b7bc284
reloadAllAccessors: .DiscreteClock16

===========================================================================================
----------------- testing Mon Jun 24 04:45:01 UTC 2019 /home/travis/build/icyphy/ptII/ptolemy/actor/lib/test/auto/DiscreteClock17.xml
----------------- Instantiating /home/travis/build/icyphy/ptII/ptolemy/actor/lib/test/auto/DiscreteClock17.xml
19 ms. Memory: 587776K Free: 289261K (49%)
----------------- Invoking toplevel() on ptolemy.moml.MoMLSimpleApplication@67b94fd9
----------------- Done invoking toplevel() on ptolemy.moml.MoMLSimpleApplication@67b94fd9
reloadAllAccessors: .DiscreteClock17

===========================================================================================
----------------- testing Mon Jun 24 04:45:01 UTC 2019 /home/travis/build/icyphy/ptII/ptolemy/actor/lib/test/auto/DiscreteClock18.xml
----------------- Instantiating /home/travis/build/icyphy/ptII/ptolemy/actor/lib/test/auto/DiscreteClock18.xml
25 ms. Memory: 587776K Free: 536064K (91%)
----------------- Invoking toplevel() on ptolemy.moml.MoMLSimpleApplication@305f7d23
----------------- Done invoking toplevel() on ptolemy.moml.MoMLSimpleApplication@305f7d23
reloadAllAccessors: .DiscreteClock18

===========================================================================================
----------------- testing Mon Jun 24 04:45:01 UTC 2019 /home/travis/build/icyphy/ptII/ptolemy/actor/lib/test/auto/DiscreteClock19.xml
----------------- Instantiating /home/travis/build/icyphy/ptII/ptolemy/actor/lib/test/auto/DiscreteClock19.xml
22 ms. Memory: 587776K Free: 522235K (89%)
----------------- Invoking toplevel() on ptolemy.moml.MoMLSimpleApplication@62724460
----------------- Done invoking toplevel() on ptolemy.moml.MoMLSimpleApplication@62724460
reloadAllAccessors: .DiscreteClock19

===========================================================================================
----------------- testing Mon Jun 24 04:45:01 UTC 2019 /home/travis/build/icyphy/ptII/ptolemy/actor/lib/test/auto/DiscreteClock2.xml
----------------- Instantiating /home/travis/build/icyphy/ptII/ptolemy/actor/lib/test/auto/DiscreteClock2.xml
5 ms. Memory: 587776K Free: 517087K (88%)
----------------- Invoking toplevel() on ptolemy.moml.MoMLSimpleApplication@20f2b7bd
----------------- Done invoking toplevel() on ptolemy.moml.MoMLSimpleApplication@20f2b7bd
reloadAllAccessors: .DiscreteClock2

===========================================================================================
----------------- testing Mon Jun 24 04:45:01 UTC 2019 /home/travis/build/icyphy/ptII/ptolemy/actor/lib/test/auto/DiscreteClock20.xml
----------------- Instantiating /home/travis/build/icyphy/ptII/ptolemy/actor/lib/test/auto/DiscreteClock20.xml
7 ms. Memory: 587776K Free: 511488K (87%)
----------------- Invoking toplevel() on ptolemy.moml.MoMLSimpleApplication@63bcc35a
----------------- Done invoking toplevel() on ptolemy.moml.MoMLSimpleApplication@63bcc35a
reloadAllAccessors: .DiscreteClock20

===========================================================================================
----------------- testing Mon Jun 24 04:45:01 UTC 2019 /home/travis/build/icyphy/ptII/ptolemy/actor/lib/test/auto/DiscreteClock21.xml
----------------- Instantiating /home/travis/build/icyphy/ptII/ptolemy/actor/lib/test/auto/DiscreteClock21.xml
5 ms. Memory: 587776K Free: 505854K (86%)
----------------- Invoking toplevel() on ptolemy.moml.MoMLSimpleApplication@7ab2aaca
----------------- Done invoking toplevel() on ptolemy.moml.MoMLSimpleApplication@7ab2aaca
reloadAllAccessors: .DiscreteClock21

===========================================================================================
----------------- testing Mon Jun 24 04:45:01 UTC 2019 /home/travis/build/icyphy/ptII/ptolemy/actor/lib/test/auto/DiscreteClock22.xml
----------------- Instantiating /home/travis/build/icyphy/ptII/ptolemy/actor/lib/test/auto/DiscreteClock22.xml
6 ms. Memory: 587776K Free: 500734K (85%)
----------------- Invoking toplevel() on ptolemy.moml.MoMLSimpleApplication@297158a8
----------------- Done invoking toplevel() on ptolemy.moml.MoMLSimpleApplication@297158a8
reloadAllAccessors: .DiscreteClock22

===========================================================================================
----------------- testing Mon Jun 24 04:45:01 UTC 2019 /home/travis/build/icyphy/ptII/ptolemy/actor/lib/test/auto/DiscreteClock23.xml
----------------- Instantiating /home/travis/build/icyphy/ptII/ptolemy/actor/lib/test/auto/DiscreteClock23.xml
11 ms. Memory: 587776K Free: 495104K (84%)
----------------- Invoking toplevel() on ptolemy.moml.MoMLSimpleApplication@5b140b09
----------------- Done invoking toplevel() on ptolemy.moml.MoMLSimpleApplication@5b140b09
reloadAllAccessors: .DiscreteClock23

===========================================================================================
----------------- testing Mon Jun 24 04:45:01 UTC 2019 /home/travis/build/icyphy/ptII/ptolemy/actor/lib/test/auto/DiscreteClock24.xml
----------------- Instantiating /home/travis/build/icyphy/ptII/ptolemy/actor/lib/test/auto/DiscreteClock24.xml
5 ms. Memory: 587776K Free: 489470K (83%)
----------------- Invoking toplevel() on ptolemy.moml.MoMLSimpleApplication@6bc6d118
----------------- Done invoking toplevel() on ptolemy.moml.MoMLSimpleApplication@6bc6d118
reloadAllAccessors: .DiscreteClock24

===========================================================================================
----------------- testing Mon Jun 24 04:45:01 UTC 2019 /home/travis/build/icyphy/ptII/ptolemy/actor/lib/test/auto/DiscreteClock4.xml
----------------- Instantiating /home/travis/build/icyphy/ptII/ptolemy/actor/lib/test/auto/DiscreteClock4.xml
5 ms. Memory: 587776K Free: 483840K (82%)
----------------- Invoking toplevel() on ptolemy.moml.MoMLSimpleApplication@5394fd5e
----------------- Done invoking toplevel() on ptolemy.moml.MoMLSimpleApplication@5394fd5e
reloadAllAccessors: .DiscreteClock4

===========================================================================================
----------------- testing Mon Jun 24 04:45:01 UTC 2019 /home/travis/build/icyphy/ptII/ptolemy/actor/lib/test/auto/DiscreteClock5.xml
----------------- Instantiating /home/travis/build/icyphy/ptII/ptolemy/actor/lib/test/auto/DiscreteClock5.xml
2 ms. Memory: 587776K Free: 478720K (81%)
----------------- Invoking toplevel() on ptolemy.moml.MoMLSimpleApplication@584eaf2a
----------------- Done invoking toplevel() on ptolemy.moml.MoMLSimpleApplication@584eaf2a
reloadAllAccessors: .DiscreteClock5

===========================================================================================
----------------- testing Mon Jun 24 04:45:01 UTC 2019 /home/travis/build/icyphy/ptII/ptolemy/actor/lib/test/auto/DiscreteClock6.xml
----------------- Instantiating /home/travis/build/icyphy/ptII/ptolemy/actor/lib/test/auto/DiscreteClock6.xml
2 ms. Memory: 587776K Free: 474624K (81%)
----------------- Invoking toplevel() on ptolemy.moml.MoMLSimpleApplication@3c7ccb73
----------------- Done invoking toplevel() on ptolemy.moml.MoMLSimpleApplication@3c7ccb73
reloadAllAccessors: .DiscreteClock6

===========================================================================================
----------------- testing Mon Jun 24 04:45:01 UTC 2019 /home/travis/build/icyphy/ptII/ptolemy/actor/lib/test/auto/DiscreteClock7.xml
----------------- Instantiating /home/travis/build/icyphy/ptII/ptolemy/actor/lib/test/auto/DiscreteClock7.xml
2 ms. Memory: 587776K Free: 470014K (80%)
----------------- Invoking toplevel() on ptolemy.moml.MoMLSimpleApplication@d5202f6
----------------- Done invoking toplevel() on ptolemy.moml.MoMLSimpleApplication@d5202f6
reloadAllAccessors: .DiscreteClock7

===========================================================================================
----------------- testing Mon Jun 24 04:45:01 UTC 2019 /home/travis/build/icyphy/ptII/ptolemy/actor/lib/test/auto/DiscreteClock8.xml
----------------- Instantiating /home/travis/build/icyphy/ptII/ptolemy/actor/lib/test/auto/DiscreteClock8.xml
5 ms. Memory: 587776K Free: 464384K (79%)
----------------- Invoking toplevel() on ptolemy.moml.MoMLSimpleApplication@4542ed69
----------------- Done invoking toplevel() on ptolemy.moml.MoMLSimpleApplication@4542ed69
reloadAllAccessors: .DiscreteClock8

===========================================================================================
----------------- testing Mon Jun 24 04:45:01 UTC 2019 /home/travis/build/icyphy/ptII/ptolemy/actor/lib/test/auto/DiscreteClock9.xml
----------------- Instantiating /home/travis/build/icyphy/ptII/ptolemy/actor/lib/test/auto/DiscreteClock9.xml
6 ms. Memory: 587776K Free: 458743K (78%)
----------------- Invoking toplevel() on ptolemy.moml.MoMLSimpleApplication@6c39d22a
----------------- Done invoking toplevel() on ptolemy.moml.MoMLSimpleApplication@6c39d22a
reloadAllAccessors: .DiscreteClock9

===========================================================================================
----------------- testing Mon Jun 24 04:45:02 UTC 2019 /home/travis/build/icyphy/ptII/ptolemy/actor/lib/test/auto/DisplayArray.xml
----------------- Instantiating /home/travis/build/icyphy/ptII/ptolemy/actor/lib/test/auto/DisplayArray.xml
1 ms. Memory: 587776K Free: 455678K (78%)
----------------- Invoking toplevel() on ptolemy.moml.MoMLSimpleApplication@637f3ccd
----------------- Done invoking toplevel() on ptolemy.moml.MoMLSimpleApplication@637f3ccd
reloadAllAccessors: .DisplayArray

===========================================================================================
----------------- testing Mon Jun 24 04:45:02 UTC 2019 /home/travis/build/icyphy/ptII/ptolemy/actor/lib/test/auto/Distributor.xml
----------------- Instantiating /home/travis/build/icyphy/ptII/ptolemy/actor/lib/test/auto/Distributor.xml
2 ms. Memory: 587776K Free: 451072K (77%)
----------------- Invoking toplevel() on ptolemy.moml.MoMLSimpleApplication@3e8ec8d8
----------------- Done invoking toplevel() on ptolemy.moml.MoMLSimpleApplication@3e8ec8d8
reloadAllAccessors: .Distributor

===========================================================================================
----------------- testing Mon Jun 24 04:45:02 UTC 2019 /home/travis/build/icyphy/ptII/ptolemy/actor/lib/test/auto/Distributor2.xml
----------------- Instantiating /home/travis/build/icyphy/ptII/ptolemy/actor/lib/test/auto/Distributor2.xml
2 ms. Memory: 587776K Free: 446462K (76%)
----------------- Invoking toplevel() on ptolemy.moml.MoMLSimpleApplication@4e1861a8
----------------- Done invoking toplevel() on ptolemy.moml.MoMLSimpleApplication@4e1861a8
reloadAllAccessors: .Distributor2

===========================================================================================
----------------- testing Mon Jun 24 04:45:02 UTC 2019 /home/travis/build/icyphy/ptII/ptolemy/actor/lib/test/auto/DownSample.xml
----------------- Instantiating /home/travis/build/icyphy/ptII/ptolemy/actor/lib/test/auto/DownSample.xml
2 ms. Memory: 587776K Free: 441342K (75%)
----------------- Invoking toplevel() on ptolemy.moml.MoMLSimpleApplication@3ff38b3a
----------------- Done invoking toplevel() on ptolemy.moml.MoMLSimpleApplication@3ff38b3a
reloadAllAccessors: .DownSample

===========================================================================================
----------------- testing Mon Jun 24 04:45:02 UTC 2019 /home/travis/build/icyphy/ptII/ptolemy/actor/lib/test/auto/ElectronicUnitBase1.xml
----------------- Instantiating /home/travis/build/icyphy/ptII/ptolemy/actor/lib/test/auto/ElectronicUnitBase1.xml
19 ms. Memory: 587776K Free: 425982K (72%)
----------------- Invoking toplevel() on ptolemy.moml.MoMLSimpleApplication@342df74d
----------------- Done invoking toplevel() on ptolemy.moml.MoMLSimpleApplication@342df74d
reloadAllAccessors: .ElectronicUnitBase1

===========================================================================================
----------------- testing Mon Jun 24 04:45:02 UTC 2019 /home/travis/build/icyphy/ptII/ptolemy/actor/lib/test/auto/ElementsToArray.xml
----------------- Instantiating /home/travis/build/icyphy/ptII/ptolemy/actor/lib/test/auto/ElementsToArray.xml
3 ms. Memory: 587776K Free: 420862K (72%)
----------------- Invoking toplevel() on ptolemy.moml.MoMLSimpleApplication@60a97007
----------------- Done invoking toplevel() on ptolemy.moml.MoMLSimpleApplication@60a97007
reloadAllAccessors: .ElementsToArray

===========================================================================================
----------------- testing Mon Jun 24 04:45:02 UTC 2019 /home/travis/build/icyphy/ptII/ptolemy/actor/lib/test/auto/Equals.xml
----------------- Instantiating /home/travis/build/icyphy/ptII/ptolemy/actor/lib/test/auto/Equals.xml
4 ms. Memory: 587776K Free: 416256K (71%)
----------------- Invoking toplevel() on ptolemy.moml.MoMLSimpleApplication@2860ce1e
----------------- Done invoking toplevel() on ptolemy.moml.MoMLSimpleApplication@2860ce1e
reloadAllAccessors: .Equals

===========================================================================================
----------------- testing Mon Jun 24 04:45:02 UTC 2019 /home/travis/build/icyphy/ptII/ptolemy/actor/lib/test/auto/Exec.xml
----------------- Instantiating /home/travis/build/icyphy/ptII/ptolemy/actor/lib/test/auto/Exec.xml
19 ms. Memory: 587776K Free: 410112K (70%)
----------------- Invoking toplevel() on ptolemy.moml.MoMLSimpleApplication@4e823a16
----------------- Done invoking toplevel() on ptolemy.moml.MoMLSimpleApplication@4e823a16
reloadAllAccessors: .Exec

===========================================================================================
----------------- testing Mon Jun 24 04:45:02 UTC 2019 /home/travis/build/icyphy/ptII/ptolemy/actor/lib/test/auto/ExecEnvironment.xml
----------------- Instantiating /home/travis/build/icyphy/ptII/ptolemy/actor/lib/test/auto/ExecEnvironment.xml
32 ms. Memory: 587776K Free: 404992K (69%)
----------------- Invoking toplevel() on ptolemy.moml.MoMLSimpleApplication@778087bd
----------------- Done invoking toplevel() on ptolemy.moml.MoMLSimpleApplication@778087bd
reloadAllAccessors: .ExecEnvironment

===========================================================================================
----------------- testing Mon Jun 24 04:45:02 UTC 2019 /home/travis/build/icyphy/ptII/ptolemy/actor/lib/test/auto/ExecNonZeroReturnOutput.xml
----------------- Instantiating /home/travis/build/icyphy/ptII/ptolemy/actor/lib/test/auto/ExecNonZeroReturnOutput.xml
168 ms. Memory: 587776K Free: 394238K (67%)
----------------- Invoking toplevel() on ptolemy.moml.MoMLSimpleApplication@74fb7ff4
----------------- Done invoking toplevel() on ptolemy.moml.MoMLSimpleApplication@74fb7ff4
reloadAllAccessors: .ExecNonZeroReturnOutput

===========================================================================================
----------------- testing Mon Jun 24 04:45:02 UTC 2019 /home/travis/build/icyphy/ptII/ptolemy/actor/lib/test/auto/ExecRunDemos.xml
----------------- Instantiating /home/travis/build/icyphy/ptII/ptolemy/actor/lib/test/auto/ExecRunDemos.xml
10744 ms. Memory: 587776K Free: 374272K (64%)

===========================================================================================
----------------- testing Mon Jun 24 04:45:13 UTC 2019 /home/travis/build/icyphy/ptII/ptolemy/actor/lib/test/auto/ExecStop.xml
----------------- Instantiating /home/travis/build/icyphy/ptII/ptolemy/actor/lib/test/auto/ExecStop.xml
5012 ms. Memory: 587776K Free: 249342K (42%)
----------------- Invoking toplevel() on ptolemy.moml.MoMLSimpleApplication@2da1d733
----------------- Done invoking toplevel() on ptolemy.moml.MoMLSimpleApplication@2da1d733
reloadAllAccessors: .ExecStop

===========================================================================================
----------------- testing Mon Jun 24 04:45:18 UTC 2019 /home/travis/build/icyphy/ptII/ptolemy/actor/lib/test/auto/ExecutionTimeSDF.xml
----------------- Instantiating /home/travis/build/icyphy/ptII/ptolemy/actor/lib/test/auto/ExecutionTimeSDF.xml
Fired ExecutionTime: -1937367296
Fired ExecutionTime: 1066000000
Fired ExecutionTime: -1653367296
6005 ms. Memory: 587776K Free: 237056K (40%)
----------------- Invoking toplevel() on ptolemy.moml.MoMLSimpleApplication@6aeb4f51
----------------- Done invoking toplevel() on ptolemy.moml.MoMLSimpleApplication@6aeb4f51
reloadAllAccessors: .ExecutionTimeSDF

===========================================================================================
----------------- testing Mon Jun 24 04:45:24 UTC 2019 /home/travis/build/icyphy/ptII/ptolemy/actor/lib/test/auto/Expression1.xml
----------------- Instantiating /home/travis/build/icyphy/ptII/ptolemy/actor/lib/test/auto/Expression1.xml
1 ms. Memory: 587776K Free: 232960K (40%)
----------------- Invoking toplevel() on ptolemy.moml.MoMLSimpleApplication@63ca3178
----------------- Done invoking toplevel() on ptolemy.moml.MoMLSimpleApplication@63ca3178
reloadAllAccessors: .Expression1

===========================================================================================
----------------- testing Mon Jun 24 04:45:24 UTC 2019 /home/travis/build/icyphy/ptII/ptolemy/actor/lib/test/auto/Expression10.xml
----------------- Instantiating /home/travis/build/icyphy/ptII/ptolemy/actor/lib/test/auto/Expression10.xml
5 ms. Memory: 587776K Free: 227326K (39%)
----------------- Invoking toplevel() on ptolemy.moml.MoMLSimpleApplication@599509b5
----------------- Done invoking toplevel() on ptolemy.moml.MoMLSimpleApplication@599509b5
reloadAllAccessors: .Expression10

===========================================================================================
----------------- testing Mon Jun 24 04:45:24 UTC 2019 /home/travis/build/icyphy/ptII/ptolemy/actor/lib/test/auto/Expression11.xml
----------------- Instantiating /home/travis/build/icyphy/ptII/ptolemy/actor/lib/test/auto/Expression11.xml
2 ms. Memory: 587776K Free: 223230K (38%)
----------------- Invoking toplevel() on ptolemy.moml.MoMLSimpleApplication@2179f80f
----------------- Done invoking toplevel() on ptolemy.moml.MoMLSimpleApplication@2179f80f
reloadAllAccessors: .Expression11

===========================================================================================
----------------- testing Mon Jun 24 04:45:24 UTC 2019 /home/travis/build/icyphy/ptII/ptolemy/actor/lib/test/auto/Expression12.xml
----------------- Instantiating /home/travis/build/icyphy/ptII/ptolemy/actor/lib/test/auto/Expression12.xml
3 ms. Memory: 587776K Free: 217600K (37%)
----------------- Invoking toplevel() on ptolemy.moml.MoMLSimpleApplication@2b97c892
----------------- Done invoking toplevel() on ptolemy.moml.MoMLSimpleApplication@2b97c892
reloadAllAccessors: .Expression12

===========================================================================================
----------------- testing Mon Jun 24 04:45:24 UTC 2019 /home/travis/build/icyphy/ptII/ptolemy/actor/lib/test/auto/Expression13.xml
----------------- Instantiating /home/travis/build/icyphy/ptII/ptolemy/actor/lib/test/auto/Expression13.xml
3 ms. Memory: 587776K Free: 212480K (36%)
----------------- Invoking toplevel() on ptolemy.moml.MoMLSimpleApplication@1e783c0
----------------- Done invoking toplevel() on ptolemy.moml.MoMLSimpleApplication@1e783c0
reloadAllAccessors: .Expression13

===========================================================================================
----------------- testing Mon Jun 24 04:45:24 UTC 2019 /home/travis/build/icyphy/ptII/ptolemy/actor/lib/test/auto/Expression14.xml
----------------- Instantiating /home/travis/build/icyphy/ptII/ptolemy/actor/lib/test/auto/Expression14.xml
11 ms. Memory: 587776K Free: 206336K (35%)
----------------- Invoking toplevel() on ptolemy.moml.MoMLSimpleApplication@772328f4
----------------- Done invoking toplevel() on ptolemy.moml.MoMLSimpleApplication@772328f4
reloadAllAccessors: .Expression14

===========================================================================================
----------------- testing Mon Jun 24 04:45:24 UTC 2019 /home/travis/build/icyphy/ptII/ptolemy/actor/lib/test/auto/Expression15.xml
----------------- Instantiating /home/travis/build/icyphy/ptII/ptolemy/actor/lib/test/auto/Expression15.xml
2 ms. Memory: 587776K Free: 202240K (34%)
----------------- Invoking toplevel() on ptolemy.moml.MoMLSimpleApplication@1ff483dc
----------------- Done invoking toplevel() on ptolemy.moml.MoMLSimpleApplication@1ff483dc
reloadAllAccessors: .Expression15

===========================================================================================
----------------- testing Mon Jun 24 04:45:24 UTC 2019 /home/travis/build/icyphy/ptII/ptolemy/actor/lib/test/auto/Expression16.xml
----------------- Instantiating /home/travis/build/icyphy/ptII/ptolemy/actor/lib/test/auto/Expression16.xml
4 ms. Memory: 587776K Free: 537086K (91%)
----------------- Invoking toplevel() on ptolemy.moml.MoMLSimpleApplication@25a69b9a
----------------- Done invoking toplevel() on ptolemy.moml.MoMLSimpleApplication@25a69b9a
reloadAllAccessors: .Expression16

===========================================================================================
----------------- testing Mon Jun 24 04:45:24 UTC 2019 /home/travis/build/icyphy/ptII/ptolemy/actor/lib/test/auto/Expression17.xml
----------------- Instantiating /home/travis/build/icyphy/ptII/ptolemy/actor/lib/test/auto/Expression17.xml
3 ms. Memory: 587776K Free: 531966K (91%)
----------------- Invoking toplevel() on ptolemy.moml.MoMLSimpleApplication@16407236
----------------- Done invoking toplevel() on ptolemy.moml.MoMLSimpleApplication@16407236
reloadAllAccessors: .Expression17

===========================================================================================
----------------- testing Mon Jun 24 04:45:24 UTC 2019 /home/travis/build/icyphy/ptII/ptolemy/actor/lib/test/auto/Expression18.xml
----------------- Instantiating /home/travis/build/icyphy/ptII/ptolemy/actor/lib/test/auto/Expression18.xml
3 ms. Memory: 587776K Free: 526846K (90%)
----------------- Invoking toplevel() on ptolemy.moml.MoMLSimpleApplication@65c63955
----------------- Done invoking toplevel() on ptolemy.moml.MoMLSimpleApplication@65c63955
reloadAllAccessors: .Expression18

===========================================================================================
----------------- testing Mon Jun 24 04:45:24 UTC 2019 /home/travis/build/icyphy/ptII/ptolemy/actor/lib/test/auto/Expression2.xml
----------------- Instantiating /home/travis/build/icyphy/ptII/ptolemy/actor/lib/test/auto/Expression2.xml
4 ms. Memory: 587776K Free: 521726K (89%)
----------------- Invoking toplevel() on ptolemy.moml.MoMLSimpleApplication@350ddf22
----------------- Done invoking toplevel() on ptolemy.moml.MoMLSimpleApplication@350ddf22
reloadAllAccessors: .Expression2

===========================================================================================
----------------- testing Mon Jun 24 04:45:24 UTC 2019 /home/travis/build/icyphy/ptII/ptolemy/actor/lib/test/auto/Expression3.xml
----------------- Instantiating /home/travis/build/icyphy/ptII/ptolemy/actor/lib/test/auto/Expression3.xml
6 ms. Memory: 587776K Free: 516606K (88%)
----------------- Invoking toplevel() on ptolemy.moml.MoMLSimpleApplication@134a9328
----------------- Done invoking toplevel() on ptolemy.moml.MoMLSimpleApplication@134a9328
reloadAllAccessors: .Expression3

===========================================================================================
----------------- testing Mon Jun 24 04:45:24 UTC 2019 /home/travis/build/icyphy/ptII/ptolemy/actor/lib/test/auto/Expression4.xml
----------------- Instantiating /home/travis/build/icyphy/ptII/ptolemy/actor/lib/test/auto/Expression4.xml
7 ms. Memory: 587776K Free: 508928K (87%)
----------------- Invoking toplevel() on ptolemy.moml.MoMLSimpleApplication@4838e99d
----------------- Done invoking toplevel() on ptolemy.moml.MoMLSimpleApplication@4838e99d
reloadAllAccessors: .Expression4

===========================================================================================
----------------- testing Mon Jun 24 04:45:24 UTC 2019 /home/travis/build/icyphy/ptII/ptolemy/actor/lib/test/auto/Expression5.xml
----------------- Instantiating /home/travis/build/icyphy/ptII/ptolemy/actor/lib/test/auto/Expression5.xml
4 ms. Memory: 587776K Free: 504318K (86%)
----------------- Invoking toplevel() on ptolemy.moml.MoMLSimpleApplication@38e679f4
----------------- Done invoking toplevel() on ptolemy.moml.MoMLSimpleApplication@38e679f4
reloadAllAccessors: .Expression5

===========================================================================================
----------------- testing Mon Jun 24 04:45:24 UTC 2019 /home/travis/build/icyphy/ptII/ptolemy/actor/lib/test/auto/Expression6.xml
----------------- Instantiating /home/travis/build/icyphy/ptII/ptolemy/actor/lib/test/auto/Expression6.xml
2 ms. Memory: 587776K Free: 499712K (85%)
----------------- Invoking toplevel() on ptolemy.moml.MoMLSimpleApplication@e49046d
----------------- Done invoking toplevel() on ptolemy.moml.MoMLSimpleApplication@e49046d
reloadAllAccessors: .Expression6

===========================================================================================
----------------- testing Mon Jun 24 04:45:24 UTC 2019 /home/travis/build/icyphy/ptII/ptolemy/actor/lib/test/auto/Expression7.xml
----------------- Instantiating /home/travis/build/icyphy/ptII/ptolemy/actor/lib/test/auto/Expression7.xml
2 ms. Memory: 587776K Free: 494592K (84%)
----------------- Invoking toplevel() on ptolemy.moml.MoMLSimpleApplication@2fa8ce78
----------------- Done invoking toplevel() on ptolemy.moml.MoMLSimpleApplication@2fa8ce78
reloadAllAccessors: .Expression7

===========================================================================================
----------------- testing Mon Jun 24 04:45:24 UTC 2019 /home/travis/build/icyphy/ptII/ptolemy/actor/lib/test/auto/Expression8.xml
----------------- Instantiating /home/travis/build/icyphy/ptII/ptolemy/actor/lib/test/auto/Expression8.xml
10 ms. Memory: 587776K Free: 489472K (83%)
----------------- Invoking toplevel() on ptolemy.moml.MoMLSimpleApplication@5ba50998
----------------- Done invoking toplevel() on ptolemy.moml.MoMLSimpleApplication@5ba50998
reloadAllAccessors: .Expression8

===========================================================================================
----------------- testing Mon Jun 24 04:45:24 UTC 2019 /home/travis/build/icyphy/ptII/ptolemy/actor/lib/test/auto/Expression9.xml
----------------- Instantiating /home/travis/build/icyphy/ptII/ptolemy/actor/lib/test/auto/Expression9.xml
1 ms. Memory: 587776K Free: 485376K (83%)
----------------- Invoking toplevel() on ptolemy.moml.MoMLSimpleApplication@7806533
----------------- Done invoking toplevel() on ptolemy.moml.MoMLSimpleApplication@7806533
reloadAllAccessors: .Expression9

===========================================================================================
----------------- testing Mon Jun 24 04:45:24 UTC 2019 /home/travis/build/icyphy/ptII/ptolemy/actor/lib/test/auto/ExpressionConcatenateArrayType.xml
----------------- Instantiating /home/travis/build/icyphy/ptII/ptolemy/actor/lib/test/auto/ExpressionConcatenateArrayType.xml
3 ms. Memory: 587776K Free: 479232K (82%)
----------------- Invoking toplevel() on ptolemy.moml.MoMLSimpleApplication@2a9b2429
----------------- Done invoking toplevel() on ptolemy.moml.MoMLSimpleApplication@2a9b2429
reloadAllAccessors: .ExpressionConcatenateArrayType

===========================================================================================
----------------- testing Mon Jun 24 04:45:24 UTC 2019 /home/travis/build/icyphy/ptII/ptolemy/actor/lib/test/auto/ExpressionConcatenateArrayType2.xml
----------------- Instantiating /home/travis/build/icyphy/ptII/ptolemy/actor/lib/test/auto/ExpressionConcatenateArrayType2.xml
2 ms. Memory: 587776K Free: 474112K (81%)
----------------- Invoking toplevel() on ptolemy.moml.MoMLSimpleApplication@2ca927e5
----------------- Done invoking toplevel() on ptolemy.moml.MoMLSimpleApplication@2ca927e5
reloadAllAccessors: .ExpressionConcatenateArrayType2

===========================================================================================
----------------- testing Mon Jun 24 04:45:24 UTC 2019 /home/travis/build/icyphy/ptII/ptolemy/actor/lib/test/auto/ExpressionFix.xml
----------------- Instantiating /home/travis/build/icyphy/ptII/ptolemy/actor/lib/test/auto/ExpressionFix.xml
23 ms. Memory: 587776K Free: 467454K (80%)
----------------- Invoking toplevel() on ptolemy.moml.MoMLSimpleApplication@1db584ca
----------------- Done invoking toplevel() on ptolemy.moml.MoMLSimpleApplication@1db584ca
reloadAllAccessors: .ExpressionFix

===========================================================================================
----------------- testing Mon Jun 24 04:45:24 UTC 2019 /home/travis/build/icyphy/ptII/ptolemy/actor/lib/test/auto/ExpressionFix2.xml
----------------- Instantiating /home/travis/build/icyphy/ptII/ptolemy/actor/lib/test/auto/ExpressionFix2.xml
2 ms. Memory: 587776K Free: 463358K (79%)
----------------- Invoking toplevel() on ptolemy.moml.MoMLSimpleApplication@73b0ac97
----------------- Done invoking toplevel() on ptolemy.moml.MoMLSimpleApplication@73b0ac97
reloadAllAccessors: .ExpressionFix2

===========================================================================================
----------------- testing Mon Jun 24 04:45:24 UTC 2019 /home/travis/build/icyphy/ptII/ptolemy/actor/lib/test/auto/ExpressionFix3.xml
----------------- Instantiating /home/travis/build/icyphy/ptII/ptolemy/actor/lib/test/auto/ExpressionFix3.xml
2 ms. Memory: 587776K Free: 458752K (78%)
----------------- Invoking toplevel() on ptolemy.moml.MoMLSimpleApplication@1b479224
----------------- Done invoking toplevel() on ptolemy.moml.MoMLSimpleApplication@1b479224
reloadAllAccessors: .ExpressionFix3

===========================================================================================
----------------- testing Mon Jun 24 04:45:24 UTC 2019 /home/travis/build/icyphy/ptII/ptolemy/actor/lib/test/auto/FileWriter1.xml
----------------- Instantiating /home/travis/build/icyphy/ptII/ptolemy/actor/lib/test/auto/FileWriter1.xml
3 ms. Memory: 587776K Free: 454656K (77%)
----------------- Invoking toplevel() on ptolemy.moml.MoMLSimpleApplication@1600985f
----------------- Done invoking toplevel() on ptolemy.moml.MoMLSimpleApplication@1600985f
reloadAllAccessors: .FileWriter1

===========================================================================================
----------------- testing Mon Jun 24 04:45:24 UTC 2019 /home/travis/build/icyphy/ptII/ptolemy/actor/lib/test/auto/FileWriter2.xml
----------------- Instantiating /home/travis/build/icyphy/ptII/ptolemy/actor/lib/test/auto/FileWriter2.xml
2 ms. Memory: 587776K Free: 450046K (77%)
----------------- Invoking toplevel() on ptolemy.moml.MoMLSimpleApplication@8f3e8f
----------------- Done invoking toplevel() on ptolemy.moml.MoMLSimpleApplication@8f3e8f
reloadAllAccessors: .FileWriter2

===========================================================================================
----------------- testing Mon Jun 24 04:45:24 UTC 2019 /home/travis/build/icyphy/ptII/ptolemy/actor/lib/test/auto/FileWriter3.xml
----------------- Instantiating /home/travis/build/icyphy/ptII/ptolemy/actor/lib/test/auto/FileWriter3.xml
4 ms. Memory: 587776K Free: 446464K (76%)
----------------- Invoking toplevel() on ptolemy.moml.MoMLSimpleApplication@121afcb1
----------------- Done invoking toplevel() on ptolemy.moml.MoMLSimpleApplication@121afcb1
reloadAllAccessors: .FileWriter3

===========================================================================================
----------------- testing Mon Jun 24 04:45:24 UTC 2019 /home/travis/build/icyphy/ptII/ptolemy/actor/lib/test/auto/Gaussian.xml
----------------- Instantiating /home/travis/build/icyphy/ptII/ptolemy/actor/lib/test/auto/Gaussian.xml
1 ms. Memory: 587776K Free: 441847K (75%)
----------------- Invoking toplevel() on ptolemy.moml.MoMLSimpleApplication@45dbf70
----------------- Done invoking toplevel() on ptolemy.moml.MoMLSimpleApplication@45dbf70
reloadAllAccessors: .Gaussian

===========================================================================================
----------------- testing Mon Jun 24 04:45:24 UTC 2019 /home/travis/build/icyphy/ptII/ptolemy/actor/lib/test/auto/Gaussian1.xml
----------------- Instantiating /home/travis/build/icyphy/ptII/ptolemy/actor/lib/test/auto/Gaussian1.xml
13 ms. Memory: 587776K Free: 436727K (74%)
----------------- Invoking toplevel() on ptolemy.moml.MoMLSimpleApplication@4698ea71
----------------- Done invoking toplevel() on ptolemy.moml.MoMLSimpleApplication@4698ea71
reloadAllAccessors: .Gaussian1

===========================================================================================
----------------- testing Mon Jun 24 04:45:24 UTC 2019 /home/travis/build/icyphy/ptII/ptolemy/actor/lib/test/auto/Gaussian2.xml
----------------- Instantiating /home/travis/build/icyphy/ptII/ptolemy/actor/lib/test/auto/Gaussian2.xml
2 ms. Memory: 587776K Free: 431104K (73%)
----------------- Invoking toplevel() on ptolemy.moml.MoMLSimpleApplication@117c483e
----------------- Done invoking toplevel() on ptolemy.moml.MoMLSimpleApplication@117c483e
reloadAllAccessors: .Gaussian2

===========================================================================================
----------------- testing Mon Jun 24 04:45:24 UTC 2019 /home/travis/build/icyphy/ptII/ptolemy/actor/lib/test/auto/GradientAdaptiveLattice.xml
----------------- Instantiating /home/travis/build/icyphy/ptII/ptolemy/actor/lib/test/auto/GradientAdaptiveLattice.xml
3 ms. Memory: 587776K Free: 425984K (72%)
----------------- Invoking toplevel() on ptolemy.moml.MoMLSimpleApplication@4439e3a6
----------------- Done invoking toplevel() on ptolemy.moml.MoMLSimpleApplication@4439e3a6
reloadAllAccessors: .GradientAdaptiveLattice

===========================================================================================
----------------- testing Mon Jun 24 04:45:24 UTC 2019 /home/travis/build/icyphy/ptII/ptolemy/actor/lib/test/auto/IIR.xml
----------------- Instantiating /home/travis/build/icyphy/ptII/ptolemy/actor/lib/test/auto/IIR.xml
1 ms. Memory: 587776K Free: 421374K (72%)
----------------- Invoking toplevel() on ptolemy.moml.MoMLSimpleApplication@65a90c85
----------------- Done invoking toplevel() on ptolemy.moml.MoMLSimpleApplication@65a90c85
reloadAllAccessors: .IIR

===========================================================================================
----------------- testing Mon Jun 24 04:45:24 UTC 2019 /home/travis/build/icyphy/ptII/ptolemy/actor/lib/test/auto/InputOutputTransparentPorts.xml
----------------- Instantiating /home/travis/build/icyphy/ptII/ptolemy/actor/lib/test/auto/InputOutputTransparentPorts.xml
5 ms. Memory: 587776K Free: 414206K (70%)
----------------- Invoking toplevel() on ptolemy.moml.MoMLSimpleApplication@3a10548f
----------------- Done invoking toplevel() on ptolemy.moml.MoMLSimpleApplication@3a10548f
reloadAllAccessors: .InputOutputTransparentPorts

===========================================================================================
----------------- testing Mon Jun 24 04:45:25 UTC 2019 /home/travis/build/icyphy/ptII/ptolemy/actor/lib/test/auto/Interpolator.xml
----------------- Instantiating /home/travis/build/icyphy/ptII/ptolemy/actor/lib/test/auto/Interpolator.xml
5 ms. Memory: 587776K Free: 410622K (70%)
----------------- Invoking toplevel() on ptolemy.moml.MoMLSimpleApplication@71163ff3
----------------- Done invoking toplevel() on ptolemy.moml.MoMLSimpleApplication@71163ff3
reloadAllAccessors: .Interpolator

===========================================================================================
----------------- testing Mon Jun 24 04:45:25 UTC 2019 /home/travis/build/icyphy/ptII/ptolemy/actor/lib/test/auto/InterpolatorFiringLimitDE.xml
----------------- Instantiating /home/travis/build/icyphy/ptII/ptolemy/actor/lib/test/auto/InterpolatorFiringLimitDE.xml
3 ms. Memory: 587776K Free: 404480K (69%)
----------------- Invoking toplevel() on ptolemy.moml.MoMLSimpleApplication@1259f168
----------------- Done invoking toplevel() on ptolemy.moml.MoMLSimpleApplication@1259f168
reloadAllAccessors: .InterpolatorFiringLimitDE

===========================================================================================
----------------- testing Mon Jun 24 04:45:25 UTC 2019 /home/travis/build/icyphy/ptII/ptolemy/actor/lib/test/auto/Lattice.xml
----------------- Instantiating /home/travis/build/icyphy/ptII/ptolemy/actor/lib/test/auto/Lattice.xml
2 ms. Memory: 587776K Free: 400384K (68%)
----------------- Invoking toplevel() on ptolemy.moml.MoMLSimpleApplication@52195711
----------------- Done invoking toplevel() on ptolemy.moml.MoMLSimpleApplication@52195711
reloadAllAccessors: .Lattice

===========================================================================================
----------------- testing Mon Jun 24 04:45:25 UTC 2019 /home/travis/build/icyphy/ptII/ptolemy/actor/lib/test/auto/LazyAOCTestLazy.xml
----------------- Instantiating /home/travis/build/icyphy/ptII/ptolemy/actor/lib/test/auto/LazyAOCTestLazy.xml
24 ms. Memory: 587776K Free: 394240K (67%)
----------------- Invoking toplevel() on ptolemy.moml.MoMLSimpleApplication@7fb063e4
----------------- Done invoking toplevel() on ptolemy.moml.MoMLSimpleApplication@7fb063e4
reloadAllAccessors: .LazyAOCTestLazy

===========================================================================================
----------------- testing Mon Jun 24 04:45:25 UTC 2019 /home/travis/build/icyphy/ptII/ptolemy/actor/lib/test/auto/LazyAOCTestNonLazy.xml
----------------- Instantiating /home/travis/build/icyphy/ptII/ptolemy/actor/lib/test/auto/LazyAOCTestNonLazy.xml
1 ms. Memory: 587776K Free: 387582K (66%)
----------------- Invoking toplevel() on ptolemy.moml.MoMLSimpleApplication@f6b47e2
----------------- Done invoking toplevel() on ptolemy.moml.MoMLSimpleApplication@f6b47e2
reloadAllAccessors: .LazyAOCTestNonLazy

===========================================================================================
----------------- testing Mon Jun 24 04:45:25 UTC 2019 /home/travis/build/icyphy/ptII/ptolemy/actor/lib/test/auto/LazyInnerClass.xml
----------------- Instantiating /home/travis/build/icyphy/ptII/ptolemy/actor/lib/test/auto/LazyInnerClass.xml
10 ms. Memory: 587776K Free: 378880K (64%)
----------------- Invoking toplevel() on ptolemy.moml.MoMLSimpleApplication@4ee58bac
----------------- Done invoking toplevel() on ptolemy.moml.MoMLSimpleApplication@4ee58bac
reloadAllAccessors: .LazyInnerClass

===========================================================================================
----------------- testing Mon Jun 24 04:45:25 UTC 2019 /home/travis/build/icyphy/ptII/ptolemy/actor/lib/test/auto/LazyPubSub.xml
----------------- Instantiating /home/travis/build/icyphy/ptII/ptolemy/actor/lib/test/auto/LazyPubSub.xml
15 ms. Memory: 587776K Free: 368640K (63%)
----------------- Invoking toplevel() on ptolemy.moml.MoMLSimpleApplication@2547a65a
----------------- Done invoking toplevel() on ptolemy.moml.MoMLSimpleApplication@2547a65a
reloadAllAccessors: .LazyPubSub

===========================================================================================
----------------- testing Mon Jun 24 04:45:25 UTC 2019 /home/travis/build/icyphy/ptII/ptolemy/actor/lib/test/auto/LazyPubSub2.xml
----------------- Instantiating /home/travis/build/icyphy/ptII/ptolemy/actor/lib/test/auto/LazyPubSub2.xml
22 ms. Memory: 587776K Free: 358400K (61%)
----------------- Invoking toplevel() on ptolemy.moml.MoMLSimpleApplication@5b634efa
----------------- Done invoking toplevel() on ptolemy.moml.MoMLSimpleApplication@5b634efa
reloadAllAccessors: .LazyPubSub2

===========================================================================================
----------------- testing Mon Jun 24 04:45:25 UTC 2019 /home/travis/build/icyphy/ptII/ptolemy/actor/lib/test/auto/LazyPubSub3.xml
----------------- Instantiating /home/travis/build/icyphy/ptII/ptolemy/actor/lib/test/auto/LazyPubSub3.xml
34 ms. Memory: 587776K Free: 348670K (59%)
----------------- Invoking toplevel() on ptolemy.moml.MoMLSimpleApplication@57a718e9
----------------- Done invoking toplevel() on ptolemy.moml.MoMLSimpleApplication@57a718e9
reloadAllAccessors: .LazyPubSub3

===========================================================================================
----------------- testing Mon Jun 24 04:45:25 UTC 2019 /home/travis/build/icyphy/ptII/ptolemy/actor/lib/test/auto/LazySubClassModel.xml
----------------- Instantiating /home/travis/build/icyphy/ptII/ptolemy/actor/lib/test/auto/LazySubClassModel.xml
2 ms. Memory: 587776K Free: 339454K (58%)
----------------- Invoking toplevel() on ptolemy.moml.MoMLSimpleApplication@73b711fd
----------------- Done invoking toplevel() on ptolemy.moml.MoMLSimpleApplication@73b711fd
reloadAllAccessors: .LazySubClassModel

===========================================================================================
----------------- testing Mon Jun 24 04:45:25 UTC 2019 /home/travis/build/icyphy/ptII/ptolemy/actor/lib/test/auto/LevelCrossTest1.xml
----------------- Instantiating /home/travis/build/icyphy/ptII/ptolemy/actor/lib/test/auto/LevelCrossTest1.xml
2 ms. Memory: 587776K Free: 333824K (57%)
----------------- Invoking toplevel() on ptolemy.moml.MoMLSimpleApplication@50905ad5
----------------- Done invoking toplevel() on ptolemy.moml.MoMLSimpleApplication@50905ad5
reloadAllAccessors: .broken

===========================================================================================
----------------- testing Mon Jun 24 04:45:25 UTC 2019 /home/travis/build/icyphy/ptII/ptolemy/actor/lib/test/auto/LevelCrossTest10.xml
----------------- Instantiating /home/travis/build/icyphy/ptII/ptolemy/actor/lib/test/auto/LevelCrossTest10.xml
1 ms. Memory: 587776K Free: 326142K (55%)
----------------- Invoking toplevel() on ptolemy.moml.MoMLSimpleApplication@4d84ed68
----------------- Done invoking toplevel() on ptolemy.moml.MoMLSimpleApplication@4d84ed68
reloadAllAccessors: .LevelCrossTest10

===========================================================================================
----------------- testing Mon Jun 24 04:45:25 UTC 2019 /home/travis/build/icyphy/ptII/ptolemy/actor/lib/test/auto/LevelCrossTest11.xml
----------------- Instantiating /home/travis/build/icyphy/ptII/ptolemy/actor/lib/test/auto/LevelCrossTest11.xml
1 ms. Memory: 587776K Free: 319488K (54%)
----------------- Invoking toplevel() on ptolemy.moml.MoMLSimpleApplication@7224afbe
----------------- Done invoking toplevel() on ptolemy.moml.MoMLSimpleApplication@7224afbe
reloadAllAccessors: .LevelCrossTest11

===========================================================================================
----------------- testing Mon Jun 24 04:45:25 UTC 2019 /home/travis/build/icyphy/ptII/ptolemy/actor/lib/test/auto/LevelCrossTest12.xml
----------------- Instantiating /home/travis/build/icyphy/ptII/ptolemy/actor/lib/test/auto/LevelCrossTest12.xml
1 ms. Memory: 587776K Free: 312830K (53%)
----------------- Invoking toplevel() on ptolemy.moml.MoMLSimpleApplication@7193dee3
----------------- Done invoking toplevel() on ptolemy.moml.MoMLSimpleApplication@7193dee3
reloadAllAccessors: .LevelCrossTest12

===========================================================================================
----------------- testing Mon Jun 24 04:45:25 UTC 2019 /home/travis/build/icyphy/ptII/ptolemy/actor/lib/test/auto/LevelCrossTest13.xml
----------------- Instantiating /home/travis/build/icyphy/ptII/ptolemy/actor/lib/test/auto/LevelCrossTest13.xml
1 ms. Memory: 587776K Free: 304638K (52%)
----------------- Invoking toplevel() on ptolemy.moml.MoMLSimpleApplication@792f840d
----------------- Done invoking toplevel() on ptolemy.moml.MoMLSimpleApplication@792f840d
reloadAllAccessors: .LevelCrossTest13

===========================================================================================
----------------- testing Mon Jun 24 04:45:25 UTC 2019 /home/travis/build/icyphy/ptII/ptolemy/actor/lib/test/auto/LevelCrossTest2.xml
----------------- Instantiating /home/travis/build/icyphy/ptII/ptolemy/actor/lib/test/auto/LevelCrossTest2.xml
2 ms. Memory: 587776K Free: 299008K (51%)
----------------- Invoking toplevel() on ptolemy.moml.MoMLSimpleApplication@6ace4f46
----------------- Done invoking toplevel() on ptolemy.moml.MoMLSimpleApplication@6ace4f46
reloadAllAccessors: .broken

===========================================================================================
----------------- testing Mon Jun 24 04:45:25 UTC 2019 /home/travis/build/icyphy/ptII/ptolemy/actor/lib/test/auto/LevelCrossTest3.xml
----------------- Instantiating /home/travis/build/icyphy/ptII/ptolemy/actor/lib/test/auto/LevelCrossTest3.xml
2 ms. Memory: 587776K Free: 292864K (50%)
----------------- Invoking toplevel() on ptolemy.moml.MoMLSimpleApplication@475d1a48
----------------- Done invoking toplevel() on ptolemy.moml.MoMLSimpleApplication@475d1a48
reloadAllAccessors: .LevelCrossTest3

===========================================================================================
----------------- testing Mon Jun 24 04:45:25 UTC 2019 /home/travis/build/icyphy/ptII/ptolemy/actor/lib/test/auto/LevelCrossTest4.xml
----------------- Instantiating /home/travis/build/icyphy/ptII/ptolemy/actor/lib/test/auto/LevelCrossTest4.xml
1 ms. Memory: 587776K Free: 287230K (49%)
----------------- Invoking toplevel() on ptolemy.moml.MoMLSimpleApplication@6f0e2d74
----------------- Done invoking toplevel() on ptolemy.moml.MoMLSimpleApplication@6f0e2d74
reloadAllAccessors: .broken

===========================================================================================
----------------- testing Mon Jun 24 04:45:25 UTC 2019 /home/travis/build/icyphy/ptII/ptolemy/actor/lib/test/auto/LevelCrossTest5.xml
----------------- Instantiating /home/travis/build/icyphy/ptII/ptolemy/actor/lib/test/auto/LevelCrossTest5.xml
4 ms. Memory: 587776K Free: 280062K (48%)
----------------- Invoking toplevel() on ptolemy.moml.MoMLSimpleApplication@168f6199
----------------- Done invoking toplevel() on ptolemy.moml.MoMLSimpleApplication@168f6199
reloadAllAccessors: .LevelCrossTest5

===========================================================================================
----------------- testing Mon Jun 24 04:45:25 UTC 2019 /home/travis/build/icyphy/ptII/ptolemy/actor/lib/test/auto/LevelCrossTest6.xml
----------------- Instantiating /home/travis/build/icyphy/ptII/ptolemy/actor/lib/test/auto/LevelCrossTest6.xml
1 ms. Memory: 587776K Free: 273918K (47%)
----------------- Invoking toplevel() on ptolemy.moml.MoMLSimpleApplication@47ed712b
----------------- Done invoking toplevel() on ptolemy.moml.MoMLSimpleApplication@47ed712b
reloadAllAccessors: .LevelCrossTest6

===========================================================================================
----------------- testing Mon Jun 24 04:45:25 UTC 2019 /home/travis/build/icyphy/ptII/ptolemy/actor/lib/test/auto/LevelCrossTest7.xml
----------------- Instantiating /home/travis/build/icyphy/ptII/ptolemy/actor/lib/test/auto/LevelCrossTest7.xml
1 ms. Memory: 587776K Free: 266240K (45%)
----------------- Invoking toplevel() on ptolemy.moml.MoMLSimpleApplication@36ec75e6
----------------- Done invoking toplevel() on ptolemy.moml.MoMLSimpleApplication@36ec75e6
reloadAllAccessors: .LevelCrossTest7

===========================================================================================
----------------- testing Mon Jun 24 04:45:25 UTC 2019 /home/travis/build/icyphy/ptII/ptolemy/actor/lib/test/auto/LevelCrossTest8.xml
----------------- Instantiating /home/travis/build/icyphy/ptII/ptolemy/actor/lib/test/auto/LevelCrossTest8.xml
1 ms. Memory: 587776K Free: 259072K (44%)
----------------- Invoking toplevel() on ptolemy.moml.MoMLSimpleApplication@414147a4
----------------- Done invoking toplevel() on ptolemy.moml.MoMLSimpleApplication@414147a4
reloadAllAccessors: .LevelCrossTest8

===========================================================================================
----------------- testing Mon Jun 24 04:45:25 UTC 2019 /home/travis/build/icyphy/ptII/ptolemy/actor/lib/test/auto/LevelCrossTest9.xml
----------------- Instantiating /home/travis/build/icyphy/ptII/ptolemy/actor/lib/test/auto/LevelCrossTest9.xml
2 ms. Memory: 587776K Free: 251904K (43%)
----------------- Invoking toplevel() on ptolemy.moml.MoMLSimpleApplication@57ac277d
----------------- Done invoking toplevel() on ptolemy.moml.MoMLSimpleApplication@57ac277d
reloadAllAccessors: .LevelCrossTest9

===========================================================================================
----------------- testing Mon Jun 24 04:45:25 UTC 2019 /home/travis/build/icyphy/ptII/ptolemy/actor/lib/test/auto/LevinsonDurbin.xml
----------------- Instantiating /home/travis/build/icyphy/ptII/ptolemy/actor/lib/test/auto/LevinsonDurbin.xml
1 ms. Memory: 587776K Free: 247808K (42%)
----------------- Invoking toplevel() on ptolemy.moml.MoMLSimpleApplication@60edb678
----------------- Done invoking toplevel() on ptolemy.moml.MoMLSimpleApplication@60edb678
reloadAllAccessors: .LevinsonDurbin

===========================================================================================
----------------- testing Mon Jun 24 04:45:25 UTC 2019 /home/travis/build/icyphy/ptII/ptolemy/actor/lib/test/auto/LevinsonDurbin2.xml
----------------- Instantiating /home/travis/build/icyphy/ptII/ptolemy/actor/lib/test/auto/LevinsonDurbin2.xml
3 ms. Memory: 587776K Free: 243712K (41%)
----------------- Invoking toplevel() on ptolemy.moml.MoMLSimpleApplication@72e1a6e6
----------------- Done invoking toplevel() on ptolemy.moml.MoMLSimpleApplication@72e1a6e6
reloadAllAccessors: .LevinsonDurbin2

===========================================================================================
----------------- testing Mon Jun 24 04:45:25 UTC 2019 /home/travis/build/icyphy/ptII/ptolemy/actor/lib/test/auto/LevinsonDurbin3.xml
----------------- Instantiating /home/travis/build/icyphy/ptII/ptolemy/actor/lib/test/auto/LevinsonDurbin3.xml
2 ms. Memory: 587776K Free: 239616K (41%)
----------------- Invoking toplevel() on ptolemy.moml.MoMLSimpleApplication@1c11db19
----------------- Done invoking toplevel() on ptolemy.moml.MoMLSimpleApplication@1c11db19
reloadAllAccessors: .LevinsonDurbin3

===========================================================================================
----------------- testing Mon Jun 24 04:45:25 UTC 2019 /home/travis/build/icyphy/ptII/ptolemy/actor/lib/test/auto/Limiter.xml
----------------- Instantiating /home/travis/build/icyphy/ptII/ptolemy/actor/lib/test/auto/Limiter.xml
11 ms. Memory: 587776K Free: 230400K (39%)
----------------- Invoking toplevel() on ptolemy.moml.MoMLSimpleApplication@26888777
----------------- Done invoking toplevel() on ptolemy.moml.MoMLSimpleApplication@26888777
reloadAllAccessors: .Limiter

===========================================================================================
----------------- testing Mon Jun 24 04:45:25 UTC 2019 /home/travis/build/icyphy/ptII/ptolemy/actor/lib/test/auto/LinearDifferenceEquationSystem.xml
----------------- Instantiating /home/travis/build/icyphy/ptII/ptolemy/actor/lib/test/auto/LinearDifferenceEquationSystem.xml
4 ms. Memory: 587776K Free: 223232K (38%)
----------------- Invoking toplevel() on ptolemy.moml.MoMLSimpleApplication@29831b8e
----------------- Done invoking toplevel() on ptolemy.moml.MoMLSimpleApplication@29831b8e
reloadAllAccessors: .LinearDifferenceEquationSystem

===========================================================================================
----------------- testing Mon Jun 24 04:45:25 UTC 2019 /home/travis/build/icyphy/ptII/ptolemy/actor/lib/test/auto/LookupTable.xml
----------------- Instantiating /home/travis/build/icyphy/ptII/ptolemy/actor/lib/test/auto/LookupTable.xml
2 ms. Memory: 587776K Free: 218622K (37%)
----------------- Invoking toplevel() on ptolemy.moml.MoMLSimpleApplication@384c2c69
----------------- Done invoking toplevel() on ptolemy.moml.MoMLSimpleApplication@384c2c69
reloadAllAccessors: .LookupTable

===========================================================================================
----------------- testing Mon Jun 24 04:45:25 UTC 2019 /home/travis/build/icyphy/ptII/ptolemy/actor/lib/test/auto/MathFunction.xml
----------------- Instantiating /home/travis/build/icyphy/ptII/ptolemy/actor/lib/test/auto/MathFunction.xml
8 ms. Memory: 587776K Free: 210430K (36%)
----------------- Invoking toplevel() on ptolemy.moml.MoMLSimpleApplication@162fb249
----------------- Done invoking toplevel() on ptolemy.moml.MoMLSimpleApplication@162fb249
reloadAllAccessors: .MathFunction

===========================================================================================
----------------- testing Mon Jun 24 04:45:25 UTC 2019 /home/travis/build/icyphy/ptII/ptolemy/actor/lib/test/auto/MathFunction2.xml
----------------- Instantiating /home/travis/build/icyphy/ptII/ptolemy/actor/lib/test/auto/MathFunction2.xml
1 ms. Memory: 587776K Free: 206334K (35%)
----------------- Invoking toplevel() on ptolemy.moml.MoMLSimpleApplication@2faaf1fd
----------------- Done invoking toplevel() on ptolemy.moml.MoMLSimpleApplication@2faaf1fd
reloadAllAccessors: .MathFunction2

===========================================================================================
----------------- testing Mon Jun 24 04:45:25 UTC 2019 /home/travis/build/icyphy/ptII/ptolemy/actor/lib/test/auto/MathFunction3.xml
----------------- Instantiating /home/travis/build/icyphy/ptII/ptolemy/actor/lib/test/auto/MathFunction3.xml
2 ms. Memory: 587776K Free: 538112K (92%)
----------------- Invoking toplevel() on ptolemy.moml.MoMLSimpleApplication@49736419
----------------- Done invoking toplevel() on ptolemy.moml.MoMLSimpleApplication@49736419
reloadAllAccessors: .MathFunction3

===========================================================================================
----------------- testing Mon Jun 24 04:45:25 UTC 2019 /home/travis/build/icyphy/ptII/ptolemy/actor/lib/test/auto/MatrixCropBoolean.xml
----------------- Instantiating /home/travis/build/icyphy/ptII/ptolemy/actor/lib/test/auto/MatrixCropBoolean.xml
2 ms. Memory: 587776K Free: 532992K (91%)
----------------- Invoking toplevel() on ptolemy.moml.MoMLSimpleApplication@7ae5019a
----------------- Done invoking toplevel() on ptolemy.moml.MoMLSimpleApplication@7ae5019a
reloadAllAccessors: .MatrixCropBoolean

===========================================================================================
----------------- testing Mon Jun 24 04:45:25 UTC 2019 /home/travis/build/icyphy/ptII/ptolemy/actor/lib/test/auto/MatrixCropComplex.xml
----------------- Instantiating /home/travis/build/icyphy/ptII/ptolemy/actor/lib/test/auto/MatrixCropComplex.xml
2 ms. Memory: 587776K Free: 527872K (90%)
----------------- Invoking toplevel() on ptolemy.moml.MoMLSimpleApplication@6e7432c8
----------------- Done invoking toplevel() on ptolemy.moml.MoMLSimpleApplication@6e7432c8
reloadAllAccessors: .MatrixCropComplex

===========================================================================================
----------------- testing Mon Jun 24 04:45:25 UTC 2019 /home/travis/build/icyphy/ptII/ptolemy/actor/lib/test/auto/MatrixCropDouble.xml
----------------- Instantiating /home/travis/build/icyphy/ptII/ptolemy/actor/lib/test/auto/MatrixCropDouble.xml
2 ms. Memory: 587776K Free: 523231K (89%)
----------------- Invoking toplevel() on ptolemy.moml.MoMLSimpleApplication@16536774
----------------- Done invoking toplevel() on ptolemy.moml.MoMLSimpleApplication@16536774
reloadAllAccessors: .MatrixCropDouble

===========================================================================================
----------------- testing Mon Jun 24 04:45:25 UTC 2019 /home/travis/build/icyphy/ptII/ptolemy/actor/lib/test/auto/MatrixCropFix.xml
----------------- Instantiating /home/travis/build/icyphy/ptII/ptolemy/actor/lib/test/auto/MatrixCropFix.xml
1 ms. Memory: 587776K Free: 518111K (88%)
----------------- Invoking toplevel() on ptolemy.moml.MoMLSimpleApplication@4d0ae533
----------------- Done invoking toplevel() on ptolemy.moml.MoMLSimpleApplication@4d0ae533
reloadAllAccessors: .MatrixCropFix

===========================================================================================
----------------- testing Mon Jun 24 04:45:25 UTC 2019 /home/travis/build/icyphy/ptII/ptolemy/actor/lib/test/auto/MatrixCropInt.xml
----------------- Instantiating /home/travis/build/icyphy/ptII/ptolemy/actor/lib/test/auto/MatrixCropInt.xml
2 ms. Memory: 587776K Free: 513007K (87%)
----------------- Invoking toplevel() on ptolemy.moml.MoMLSimpleApplication@492fe61b
----------------- Done invoking toplevel() on ptolemy.moml.MoMLSimpleApplication@492fe61b
reloadAllAccessors: .MatrixCropInt

===========================================================================================
----------------- testing Mon Jun 24 04:45:25 UTC 2019 /home/travis/build/icyphy/ptII/ptolemy/actor/lib/test/auto/MatrixCropLong.xml
----------------- Instantiating /home/travis/build/icyphy/ptII/ptolemy/actor/lib/test/auto/MatrixCropLong.xml
1 ms. Memory: 587776K Free: 507871K (86%)
----------------- Invoking toplevel() on ptolemy.moml.MoMLSimpleApplication@5c552b08
----------------- Done invoking toplevel() on ptolemy.moml.MoMLSimpleApplication@5c552b08
reloadAllAccessors: .MatrixCropLong

===========================================================================================
----------------- testing Mon Jun 24 04:45:25 UTC 2019 /home/travis/build/icyphy/ptII/ptolemy/actor/lib/test/auto/MatrixToArray.xml
----------------- Instantiating /home/travis/build/icyphy/ptII/ptolemy/actor/lib/test/auto/MatrixToArray.xml
6 ms. Memory: 587776K Free: 493056K (84%)
----------------- Invoking toplevel() on ptolemy.moml.MoMLSimpleApplication@3f271fbf
----------------- Done invoking toplevel() on ptolemy.moml.MoMLSimpleApplication@3f271fbf
reloadAllAccessors: .MatrixToArray

===========================================================================================
----------------- testing Mon Jun 24 04:45:25 UTC 2019 /home/travis/build/icyphy/ptII/ptolemy/actor/lib/test/auto/MaxIndex.xml
----------------- Instantiating /home/travis/build/icyphy/ptII/ptolemy/actor/lib/test/auto/MaxIndex.xml
2 ms. Memory: 587776K Free: 487936K (83%)
----------------- Invoking toplevel() on ptolemy.moml.MoMLSimpleApplication@207a917e
----------------- Done invoking toplevel() on ptolemy.moml.MoMLSimpleApplication@207a917e
reloadAllAccessors: .MaxIndex

===========================================================================================
----------------- testing Mon Jun 24 04:45:25 UTC 2019 /home/travis/build/icyphy/ptII/ptolemy/actor/lib/test/auto/Maximum.xml
----------------- Instantiating /home/travis/build/icyphy/ptII/ptolemy/actor/lib/test/auto/Maximum.xml
6 ms. Memory: 587776K Free: 481247K (82%)
----------------- Invoking toplevel() on ptolemy.moml.MoMLSimpleApplication@58025850
----------------- Done invoking toplevel() on ptolemy.moml.MoMLSimpleApplication@58025850
reloadAllAccessors: .Maximum

===========================================================================================
----------------- testing Mon Jun 24 04:45:25 UTC 2019 /home/travis/build/icyphy/ptII/ptolemy/actor/lib/test/auto/MaximumComplex.xml
----------------- Instantiating /home/travis/build/icyphy/ptII/ptolemy/actor/lib/test/auto/MaximumComplex.xml
4 ms. Memory: 587776K Free: 475119K (81%)
----------------- Invoking toplevel() on ptolemy.moml.MoMLSimpleApplication@7ac12d8e
----------------- Done invoking toplevel() on ptolemy.moml.MoMLSimpleApplication@7ac12d8e
reloadAllAccessors: .MaximumComplex

===========================================================================================
----------------- testing Mon Jun 24 04:45:26 UTC 2019 /home/travis/build/icyphy/ptII/ptolemy/actor/lib/test/auto/MethodCallTest.xml
----------------- Instantiating /home/travis/build/icyphy/ptII/ptolemy/actor/lib/test/auto/MethodCallTest.xml
2 ms. Memory: 587776K Free: 468480K (80%)
----------------- Invoking toplevel() on ptolemy.moml.MoMLSimpleApplication@62fde2f7
----------------- Done invoking toplevel() on ptolemy.moml.MoMLSimpleApplication@62fde2f7
reloadAllAccessors: .MethodCallTest

===========================================================================================
----------------- testing Mon Jun 24 04:45:26 UTC 2019 /home/travis/build/icyphy/ptII/ptolemy/actor/lib/test/auto/Minimum.xml
----------------- Instantiating /home/travis/build/icyphy/ptII/ptolemy/actor/lib/test/auto/Minimum.xml
2 ms. Memory: 587776K Free: 461807K (79%)
----------------- Invoking toplevel() on ptolemy.moml.MoMLSimpleApplication@19feb3e4
----------------- Done invoking toplevel() on ptolemy.moml.MoMLSimpleApplication@19feb3e4
reloadAllAccessors: .Minimum

===========================================================================================
----------------- testing Mon Jun 24 04:45:26 UTC 2019 /home/travis/build/icyphy/ptII/ptolemy/actor/lib/test/auto/MinimumComplex.xml
----------------- Instantiating /home/travis/build/icyphy/ptII/ptolemy/actor/lib/test/auto/MinimumComplex.xml
3 ms. Memory: 587776K Free: 455663K (78%)
----------------- Invoking toplevel() on ptolemy.moml.MoMLSimpleApplication@58e22377
----------------- Done invoking toplevel() on ptolemy.moml.MoMLSimpleApplication@58e22377
reloadAllAccessors: .MinimumComplex

===========================================================================================
----------------- testing Mon Jun 24 04:45:26 UTC 2019 /home/travis/build/icyphy/ptII/ptolemy/actor/lib/test/auto/MinimumMultiports.xml
----------------- Instantiating /home/travis/build/icyphy/ptII/ptolemy/actor/lib/test/auto/MinimumMultiports.xml
3 ms. Memory: 587776K Free: 446976K (76%)
----------------- Invoking toplevel() on ptolemy.moml.MoMLSimpleApplication@3586ef33
----------------- Done invoking toplevel() on ptolemy.moml.MoMLSimpleApplication@3586ef33
reloadAllAccessors: .MinimumMultiports

===========================================================================================
----------------- testing Mon Jun 24 04:45:26 UTC 2019 /home/travis/build/icyphy/ptII/ptolemy/actor/lib/test/auto/ModifyDate.xml
----------------- Instantiating /home/travis/build/icyphy/ptII/ptolemy/actor/lib/test/auto/ModifyDate.xml
7 ms. Memory: 587776K Free: 434174K (74%)
----------------- Invoking toplevel() on ptolemy.moml.MoMLSimpleApplication@4d03353
----------------- Done invoking toplevel() on ptolemy.moml.MoMLSimpleApplication@4d03353
reloadAllAccessors: .ModifyDate

===========================================================================================
----------------- testing Mon Jun 24 04:45:26 UTC 2019 /home/travis/build/icyphy/ptII/ptolemy/actor/lib/test/auto/ModifyDate2.xml
----------------- Instantiating /home/travis/build/icyphy/ptII/ptolemy/actor/lib/test/auto/ModifyDate2.xml
3 ms. Memory: 587776K Free: 425472K (72%)
----------------- Invoking toplevel() on ptolemy.moml.MoMLSimpleApplication@2747b29c
----------------- Done invoking toplevel() on ptolemy.moml.MoMLSimpleApplication@2747b29c
reloadAllAccessors: .ModifyDate2

===========================================================================================
----------------- testing Mon Jun 24 04:45:26 UTC 2019 /home/travis/build/icyphy/ptII/ptolemy/actor/lib/test/auto/MovingAverage.xml
----------------- Instantiating /home/travis/build/icyphy/ptII/ptolemy/actor/lib/test/auto/MovingAverage.xml
3 ms. Memory: 587776K Free: 420352K (72%)
----------------- Invoking toplevel() on ptolemy.moml.MoMLSimpleApplication@1a36be7b
----------------- Done invoking toplevel() on ptolemy.moml.MoMLSimpleApplication@1a36be7b
reloadAllAccessors: .MovingAverage

===========================================================================================
----------------- testing Mon Jun 24 04:45:26 UTC 2019 /home/travis/build/icyphy/ptII/ptolemy/actor/lib/test/auto/MovingMaximum.xml
----------------- Instantiating /home/travis/build/icyphy/ptII/ptolemy/actor/lib/test/auto/MovingMaximum.xml
11 ms. Memory: 587776K Free: 415742K (71%)
----------------- Invoking toplevel() on ptolemy.moml.MoMLSimpleApplication@63bfa969
----------------- Done invoking toplevel() on ptolemy.moml.MoMLSimpleApplication@63bfa969
reloadAllAccessors: .MovingMaximum

===========================================================================================
----------------- testing Mon Jun 24 04:45:26 UTC 2019 /home/travis/build/icyphy/ptII/ptolemy/actor/lib/test/auto/MultipleLinksToSameRelation.xml
----------------- Instantiating /home/travis/build/icyphy/ptII/ptolemy/actor/lib/test/auto/MultipleLinksToSameRelation.xml
2 ms. Memory: 587776K Free: 411646K (70%)
----------------- Invoking toplevel() on ptolemy.moml.MoMLSimpleApplication@3c0752e0
----------------- Done invoking toplevel() on ptolemy.moml.MoMLSimpleApplication@3c0752e0
reloadAllAccessors: .MultipleLinksToSameRelation

===========================================================================================
----------------- testing Mon Jun 24 04:45:26 UTC 2019 /home/travis/build/icyphy/ptII/ptolemy/actor/lib/test/auto/MultipleLinksToSameRelationDE.xml
----------------- Instantiating /home/travis/build/icyphy/ptII/ptolemy/actor/lib/test/auto/MultipleLinksToSameRelationDE.xml
2 ms. Memory: 587776K Free: 407040K (69%)
----------------- Invoking toplevel() on ptolemy.moml.MoMLSimpleApplication@69371377
----------------- Done invoking toplevel() on ptolemy.moml.MoMLSimpleApplication@69371377
reloadAllAccessors: .MultipleLinksToSameRelationDE

===========================================================================================
----------------- testing Mon Jun 24 04:45:26 UTC 2019 /home/travis/build/icyphy/ptII/ptolemy/actor/lib/test/auto/Multiplexor.xml
----------------- Instantiating /home/travis/build/icyphy/ptII/ptolemy/actor/lib/test/auto/Multiplexor.xml
2 ms. Memory: 587776K Free: 401406K (68%)
----------------- Invoking toplevel() on ptolemy.moml.MoMLSimpleApplication@d083e5f
----------------- Done invoking toplevel() on ptolemy.moml.MoMLSimpleApplication@d083e5f
reloadAllAccessors: .Multiplexor

===========================================================================================
----------------- testing Mon Jun 24 04:45:26 UTC 2019 /home/travis/build/icyphy/ptII/ptolemy/actor/lib/test/auto/Multiplexor1.xml
----------------- Instantiating /home/travis/build/icyphy/ptII/ptolemy/actor/lib/test/auto/Multiplexor1.xml
2 ms. Memory: 587776K Free: 395231K (67%)
----------------- Invoking toplevel() on ptolemy.moml.MoMLSimpleApplication@56ee8a4f
----------------- Done invoking toplevel() on ptolemy.moml.MoMLSimpleApplication@56ee8a4f
reloadAllAccessors: .Multiplexor1

===========================================================================================
----------------- testing Mon Jun 24 04:45:26 UTC 2019 /home/travis/build/icyphy/ptII/ptolemy/actor/lib/test/auto/Multiplexor2.xml
----------------- Instantiating /home/travis/build/icyphy/ptII/ptolemy/actor/lib/test/auto/Multiplexor2.xml
6 ms. Memory: 587776K Free: 388608K (66%)
----------------- Invoking toplevel() on ptolemy.moml.MoMLSimpleApplication@5cdbe489
----------------- Done invoking toplevel() on ptolemy.moml.MoMLSimpleApplication@5cdbe489
reloadAllAccessors: .Multiplexor2

===========================================================================================
----------------- testing Mon Jun 24 04:45:26 UTC 2019 /home/travis/build/icyphy/ptII/ptolemy/actor/lib/test/auto/Multiplexor3.xml
----------------- Instantiating /home/travis/build/icyphy/ptII/ptolemy/actor/lib/test/auto/Multiplexor3.xml
2 ms. Memory: 587776K Free: 384512K (65%)
----------------- Invoking toplevel() on ptolemy.moml.MoMLSimpleApplication@12eadddc
----------------- Done invoking toplevel() on ptolemy.moml.MoMLSimpleApplication@12eadddc
reloadAllAccessors: .Multiplexor3

===========================================================================================
----------------- testing Mon Jun 24 04:45:26 UTC 2019 /home/travis/build/icyphy/ptII/ptolemy/actor/lib/test/auto/MultiplexorDE.xml
----------------- Instantiating /home/travis/build/icyphy/ptII/ptolemy/actor/lib/test/auto/MultiplexorDE.xml
2 ms. Memory: 587776K Free: 376799K (64%)
----------------- Invoking toplevel() on ptolemy.moml.MoMLSimpleApplication@75232fbe
----------------- Done invoking toplevel() on ptolemy.moml.MoMLSimpleApplication@75232fbe
reloadAllAccessors: .MultiplexorDE

===========================================================================================
----------------- testing Mon Jun 24 04:45:26 UTC 2019 /home/travis/build/icyphy/ptII/ptolemy/actor/lib/test/auto/MultiportBroadcastTest.xml
----------------- Instantiating /home/travis/build/icyphy/ptII/ptolemy/actor/lib/test/auto/MultiportBroadcastTest.xml
85 ms. Memory: 587776K Free: 370671K (63%)
----------------- Invoking toplevel() on ptolemy.moml.MoMLSimpleApplication@42bd743a
----------------- Done invoking toplevel() on ptolemy.moml.MoMLSimpleApplication@42bd743a
reloadAllAccessors: .MultiportBroadcastTest

===========================================================================================
----------------- testing Mon Jun 24 04:45:26 UTC 2019 /home/travis/build/icyphy/ptII/ptolemy/actor/lib/test/auto/MultiportOutHangDuringGetWidth.xml
----------------- Instantiating /home/travis/build/icyphy/ptII/ptolemy/actor/lib/test/auto/MultiportOutHangDuringGetWidth.xml
11 ms. Memory: 587776K Free: 358912K (61%)
----------------- Invoking toplevel() on ptolemy.moml.MoMLSimpleApplication@1b2cd886
----------------- Done invoking toplevel() on ptolemy.moml.MoMLSimpleApplication@1b2cd886
reloadAllAccessors: .MultiportOutHangDuringGetWidth

===========================================================================================
----------------- testing Mon Jun 24 04:45:26 UTC 2019 /home/travis/build/icyphy/ptII/ptolemy/actor/lib/test/auto/NilToken.xml
----------------- Instantiating /home/travis/build/icyphy/ptII/ptolemy/actor/lib/test/auto/NilToken.xml
2 ms. Memory: 587776K Free: 354816K (60%)
----------------- Invoking toplevel() on ptolemy.moml.MoMLSimpleApplication@7f247315
----------------- Done invoking toplevel() on ptolemy.moml.MoMLSimpleApplication@7f247315
reloadAllAccessors: .NilToken

===========================================================================================
----------------- testing Mon Jun 24 04:45:26 UTC 2019 /home/travis/build/icyphy/ptII/ptolemy/actor/lib/test/auto/NilTokenNonStrictTest.xml
----------------- Instantiating /home/travis/build/icyphy/ptII/ptolemy/actor/lib/test/auto/NilTokenNonStrictTest.xml
3 ms. Memory: 587776K Free: 350206K (60%)
----------------- Invoking toplevel() on ptolemy.moml.MoMLSimpleApplication@60534fd
----------------- Done invoking toplevel() on ptolemy.moml.MoMLSimpleApplication@60534fd
reloadAllAccessors: .NilTokenNonStrictTest

===========================================================================================
----------------- testing Mon Jun 24 04:45:26 UTC 2019 /home/travis/build/icyphy/ptII/ptolemy/actor/lib/test/auto/NilTokenRecord.xml
----------------- Instantiating /home/travis/build/icyphy/ptII/ptolemy/actor/lib/test/auto/NilTokenRecord.xml
6 ms. Memory: 587776K Free: 343552K (58%)
----------------- Invoking toplevel() on ptolemy.moml.MoMLSimpleApplication@6dc47f64
----------------- Done invoking toplevel() on ptolemy.moml.MoMLSimpleApplication@6dc47f64
reloadAllAccessors: .NilTokenRecord

===========================================================================================
----------------- testing Mon Jun 24 04:45:26 UTC 2019 /home/travis/build/icyphy/ptII/ptolemy/actor/lib/test/auto/NilTokenTypeTest.xml
----------------- Instantiating /home/travis/build/icyphy/ptII/ptolemy/actor/lib/test/auto/NilTokenTypeTest.xml
5 ms. Memory: 587776K Free: 333822K (57%)
----------------- Invoking toplevel() on ptolemy.moml.MoMLSimpleApplication@7c3791e2
----------------- Done invoking toplevel() on ptolemy.moml.MoMLSimpleApplication@7c3791e2
reloadAllAccessors: .NilTokenTypeTest

===========================================================================================
----------------- testing Mon Jun 24 04:45:26 UTC 2019 /home/travis/build/icyphy/ptII/ptolemy/actor/lib/test/auto/ObjectToken1.xml
----------------- Instantiating /home/travis/build/icyphy/ptII/ptolemy/actor/lib/test/auto/ObjectToken1.xml
2 ms. Memory: 587776K Free: 329726K (56%)
----------------- Invoking toplevel() on ptolemy.moml.MoMLSimpleApplication@527385a3
----------------- Done invoking toplevel() on ptolemy.moml.MoMLSimpleApplication@527385a3
reloadAllAccessors: .ObjectToken1

===========================================================================================
----------------- testing Mon Jun 24 04:45:26 UTC 2019 /home/travis/build/icyphy/ptII/ptolemy/actor/lib/test/auto/OrderedMerge.xml
----------------- Instantiating /home/travis/build/icyphy/ptII/ptolemy/actor/lib/test/auto/OrderedMerge.xml
11 ms. Memory: 587776K Free: 324096K (55%)
----------------- Invoking toplevel() on ptolemy.moml.MoMLSimpleApplication@71a0213f
----------------- Done invoking toplevel() on ptolemy.moml.MoMLSimpleApplication@71a0213f
reloadAllAccessors: .OrderedMerge

===========================================================================================
----------------- testing Mon Jun 24 04:45:26 UTC 2019 /home/travis/build/icyphy/ptII/ptolemy/actor/lib/test/auto/OrderedRecordDisassembler.xml
----------------- Instantiating /home/travis/build/icyphy/ptII/ptolemy/actor/lib/test/auto/OrderedRecordDisassembler.xml
3 ms. Memory: 587776K Free: 318976K (54%)
----------------- Invoking toplevel() on ptolemy.moml.MoMLSimpleApplication@64b0a72d
----------------- Done invoking toplevel() on ptolemy.moml.MoMLSimpleApplication@64b0a72d
reloadAllAccessors: .OrderedRecordDisassembler

===========================================================================================
----------------- testing Mon Jun 24 04:45:26 UTC 2019 /home/travis/build/icyphy/ptII/ptolemy/actor/lib/test/auto/OrderedRecordDisassembler2.xml
----------------- Instantiating /home/travis/build/icyphy/ptII/ptolemy/actor/lib/test/auto/OrderedRecordDisassembler2.xml
4 ms. Memory: 587776K Free: 311279K (53%)
----------------- Invoking toplevel() on ptolemy.moml.MoMLSimpleApplication@62e8296c
----------------- Done invoking toplevel() on ptolemy.moml.MoMLSimpleApplication@62e8296c
reloadAllAccessors: .OrderedRecordDisassembler2

===========================================================================================
----------------- testing Mon Jun 24 04:45:26 UTC 2019 /home/travis/build/icyphy/ptII/ptolemy/actor/lib/test/auto/OrderedRecordUpdater.xml
----------------- Instantiating /home/travis/build/icyphy/ptII/ptolemy/actor/lib/test/auto/OrderedRecordUpdater.xml
2 ms. Memory: 587776K Free: 306174K (52%)
----------------- Invoking toplevel() on ptolemy.moml.MoMLSimpleApplication@22c9c3c1
----------------- Done invoking toplevel() on ptolemy.moml.MoMLSimpleApplication@22c9c3c1
reloadAllAccessors: .RecordUpdater

===========================================================================================
----------------- testing Mon Jun 24 04:45:26 UTC 2019 /home/travis/build/icyphy/ptII/ptolemy/actor/lib/test/auto/OrderedRecordUpdater2.xml
----------------- Instantiating /home/travis/build/icyphy/ptII/ptolemy/actor/lib/test/auto/OrderedRecordUpdater2.xml
2 ms. Memory: 587776K Free: 301568K (51%)
----------------- Invoking toplevel() on ptolemy.moml.MoMLSimpleApplication@5576d1f0
----------------- Done invoking toplevel() on ptolemy.moml.MoMLSimpleApplication@5576d1f0
reloadAllAccessors: .RecordUpdater2

===========================================================================================
----------------- testing Mon Jun 24 04:45:26 UTC 2019 /home/travis/build/icyphy/ptII/ptolemy/actor/lib/test/auto/PhaseUnwrap.xml
----------------- Instantiating /home/travis/build/icyphy/ptII/ptolemy/actor/lib/test/auto/PhaseUnwrap.xml
2 ms. Memory: 587776K Free: 296958K (51%)
----------------- Invoking toplevel() on ptolemy.moml.MoMLSimpleApplication@5078715e
----------------- Done invoking toplevel() on ptolemy.moml.MoMLSimpleApplication@5078715e
reloadAllAccessors: .PhaseUnwrap

===========================================================================================
----------------- testing Mon Jun 24 04:45:26 UTC 2019 /home/travis/build/icyphy/ptII/ptolemy/actor/lib/test/auto/PoissonClock.xml
----------------- Instantiating /home/travis/build/icyphy/ptII/ptolemy/actor/lib/test/auto/PoissonClock.xml
1 ms. Memory: 587776K Free: 292862K (50%)
----------------- Invoking toplevel() on ptolemy.moml.MoMLSimpleApplication@301f445
----------------- Done invoking toplevel() on ptolemy.moml.MoMLSimpleApplication@301f445
reloadAllAccessors: .PoissonClock

===========================================================================================
----------------- testing Mon Jun 24 04:45:26 UTC 2019 /home/travis/build/icyphy/ptII/ptolemy/actor/lib/test/auto/PoissonClock2.xml
----------------- Instantiating /home/travis/build/icyphy/ptII/ptolemy/actor/lib/test/auto/PoissonClock2.xml
1 ms. Memory: 587776K Free: 288256K (49%)
----------------- Invoking toplevel() on ptolemy.moml.MoMLSimpleApplication@630ad01
----------------- Done invoking toplevel() on ptolemy.moml.MoMLSimpleApplication@630ad01
reloadAllAccessors: .PoissonClock2

===========================================================================================
----------------- testing Mon Jun 24 04:45:26 UTC 2019 /home/travis/build/icyphy/ptII/ptolemy/actor/lib/test/auto/PoissonClock3.xml
----------------- Instantiating /home/travis/build/icyphy/ptII/ptolemy/actor/lib/test/auto/PoissonClock3.xml
2 ms. Memory: 587776K Free: 283646K (48%)
----------------- Invoking toplevel() on ptolemy.moml.MoMLSimpleApplication@51ebf6e6
----------------- Done invoking toplevel() on ptolemy.moml.MoMLSimpleApplication@51ebf6e6
reloadAllAccessors: .PoissonClock3

===========================================================================================
----------------- testing Mon Jun 24 04:45:26 UTC 2019 /home/travis/build/icyphy/ptII/ptolemy/actor/lib/test/auto/PubSubWithInitialTokens.xml
----------------- Instantiating /home/travis/build/icyphy/ptII/ptolemy/actor/lib/test/auto/PubSubWithInitialTokens.xml
2 ms. Memory: 587776K Free: 277495K (47%)
----------------- Invoking toplevel() on ptolemy.moml.MoMLSimpleApplication@6d34091f
----------------- Done invoking toplevel() on ptolemy.moml.MoMLSimpleApplication@6d34091f
reloadAllAccessors: .PubSubWithInitialTokens

===========================================================================================
----------------- testing Mon Jun 24 04:45:26 UTC 2019 /home/travis/build/icyphy/ptII/ptolemy/actor/lib/test/auto/PubSubWithInitialTokens2.xml
----------------- Instantiating /home/travis/build/icyphy/ptII/ptolemy/actor/lib/test/auto/PubSubWithInitialTokens2.xml
2 ms. Memory: 587776K Free: 271872K (46%)
----------------- Invoking toplevel() on ptolemy.moml.MoMLSimpleApplication@2ff07163
----------------- Done invoking toplevel() on ptolemy.moml.MoMLSimpleApplication@2ff07163
reloadAllAccessors: .PubSubWithInitialTokens2

===========================================================================================
----------------- testing Mon Jun 24 04:45:26 UTC 2019 /home/travis/build/icyphy/ptII/ptolemy/actor/lib/test/auto/PublisherClassNoParameter.xml
----------------- Instantiating /home/travis/build/icyphy/ptII/ptolemy/actor/lib/test/auto/PublisherClassNoParameter.xml
2 ms. Memory: 587776K Free: 261632K (45%)
----------------- Invoking toplevel() on ptolemy.moml.MoMLSimpleApplication@447ca91e
----------------- Done invoking toplevel() on ptolemy.moml.MoMLSimpleApplication@447ca91e
reloadAllAccessors: .PublisherClassNoParameter

===========================================================================================
----------------- testing Mon Jun 24 04:45:26 UTC 2019 /home/travis/build/icyphy/ptII/ptolemy/actor/lib/test/auto/PublisherClassParameter.xml
----------------- Instantiating /home/travis/build/icyphy/ptII/ptolemy/actor/lib/test/auto/PublisherClassParameter.xml
2 ms. Memory: 587776K Free: 251392K (43%)
----------------- Invoking toplevel() on ptolemy.moml.MoMLSimpleApplication@7834bb07
----------------- Done invoking toplevel() on ptolemy.moml.MoMLSimpleApplication@7834bb07
reloadAllAccessors: .PublisherClassParameter

===========================================================================================
----------------- testing Mon Jun 24 04:45:26 UTC 2019 /home/travis/build/icyphy/ptII/ptolemy/actor/lib/test/auto/PublisherNonStrictTest.xml
----------------- Instantiating /home/travis/build/icyphy/ptII/ptolemy/actor/lib/test/auto/PublisherNonStrictTest.xml
3 ms. Memory: 587776K Free: 243703K (41%)
----------------- Invoking toplevel() on ptolemy.moml.MoMLSimpleApplication@59e654e3
----------------- Done invoking toplevel() on ptolemy.moml.MoMLSimpleApplication@59e654e3
reloadAllAccessors: .PublisherNonStrictTest

===========================================================================================
----------------- testing Mon Jun 24 04:45:26 UTC 2019 /home/travis/build/icyphy/ptII/ptolemy/actor/lib/test/auto/PublisherPort1.xml
----------------- Instantiating /home/travis/build/icyphy/ptII/ptolemy/actor/lib/test/auto/PublisherPort1.xml
10 ms. Memory: 587776K Free: 238080K (41%)
----------------- Invoking toplevel() on ptolemy.moml.MoMLSimpleApplication@61e99b02
----------------- Done invoking toplevel() on ptolemy.moml.MoMLSimpleApplication@61e99b02
reloadAllAccessors: .PublisherPort1

===========================================================================================
----------------- testing Mon Jun 24 04:45:26 UTC 2019 /home/travis/build/icyphy/ptII/ptolemy/actor/lib/test/auto/PublisherPort2.xml
----------------- Instantiating /home/travis/build/icyphy/ptII/ptolemy/actor/lib/test/auto/PublisherPort2.xml
1 ms. Memory: 587776K Free: 232960K (40%)
----------------- Invoking toplevel() on ptolemy.moml.MoMLSimpleApplication@4accbe22
----------------- Done invoking toplevel() on ptolemy.moml.MoMLSimpleApplication@4accbe22
reloadAllAccessors: .PublisherPort2

===========================================================================================
----------------- testing Mon Jun 24 04:45:26 UTC 2019 /home/travis/build/icyphy/ptII/ptolemy/actor/lib/test/auto/PublisherPort3.xml
----------------- Instantiating /home/travis/build/icyphy/ptII/ptolemy/actor/lib/test/auto/PublisherPort3.xml
5 ms. Memory: 587776K Free: 226271K (38%)
----------------- Invoking toplevel() on ptolemy.moml.MoMLSimpleApplication@70df9531
----------------- Done invoking toplevel() on ptolemy.moml.MoMLSimpleApplication@70df9531
reloadAllAccessors: .PublisherPort3

===========================================================================================
----------------- testing Mon Jun 24 04:45:26 UTC 2019 /home/travis/build/icyphy/ptII/ptolemy/actor/lib/test/auto/PublisherPort4.xml
----------------- Instantiating /home/travis/build/icyphy/ptII/ptolemy/actor/lib/test/auto/PublisherPort4.xml
2 ms. Memory: 587776K Free: 220672K (38%)
----------------- Invoking toplevel() on ptolemy.moml.MoMLSimpleApplication@34403243
----------------- Done invoking toplevel() on ptolemy.moml.MoMLSimpleApplication@34403243
reloadAllAccessors: .PublisherPort4

===========================================================================================
----------------- testing Mon Jun 24 04:45:26 UTC 2019 /home/travis/build/icyphy/ptII/ptolemy/actor/lib/test/auto/PublisherPort5.xml
----------------- Instantiating /home/travis/build/icyphy/ptII/ptolemy/actor/lib/test/auto/PublisherPort5.xml
3 ms. Memory: 587776K Free: 212990K (36%)
----------------- Invoking toplevel() on ptolemy.moml.MoMLSimpleApplication@365ea03a
----------------- Done invoking toplevel() on ptolemy.moml.MoMLSimpleApplication@365ea03a
reloadAllAccessors: .PublisherPort5

===========================================================================================
----------------- testing Mon Jun 24 04:45:26 UTC 2019 /home/travis/build/icyphy/ptII/ptolemy/actor/lib/test/auto/PublisherPort5LookAlike.xml
----------------- Instantiating /home/travis/build/icyphy/ptII/ptolemy/actor/lib/test/auto/PublisherPort5LookAlike.xml
8 ms. Memory: 587776K Free: 205312K (35%)
----------------- Invoking toplevel() on ptolemy.moml.MoMLSimpleApplication@157883a5
----------------- Done invoking toplevel() on ptolemy.moml.MoMLSimpleApplication@157883a5
reloadAllAccessors: .PublisherPort5LookAlike

===========================================================================================
----------------- testing Mon Jun 24 04:45:26 UTC 2019 /home/travis/build/icyphy/ptII/ptolemy/actor/lib/test/auto/PublisherPort6.xml
----------------- Instantiating /home/travis/build/icyphy/ptII/ptolemy/actor/lib/test/auto/PublisherPort6.xml
2 ms. Memory: 587776K Free: 537088K (91%)
----------------- Invoking toplevel() on ptolemy.moml.MoMLSimpleApplication@604c1495
----------------- Done invoking toplevel() on ptolemy.moml.MoMLSimpleApplication@604c1495
reloadAllAccessors: .PublisherPort6

===========================================================================================
----------------- testing Mon Jun 24 04:45:27 UTC 2019 /home/travis/build/icyphy/ptII/ptolemy/actor/lib/test/auto/PublisherPort7.xml
----------------- Instantiating /home/travis/build/icyphy/ptII/ptolemy/actor/lib/test/auto/PublisherPort7.xml
3 ms. Memory: 587776K Free: 528896K (90%)
----------------- Invoking toplevel() on ptolemy.moml.MoMLSimpleApplication@54f17123
----------------- Done invoking toplevel() on ptolemy.moml.MoMLSimpleApplication@54f17123
reloadAllAccessors: .PublisherPort7

===========================================================================================
----------------- testing Mon Jun 24 04:45:27 UTC 2019 /home/travis/build/icyphy/ptII/ptolemy/actor/lib/test/auto/PublisherPort8.xml
----------------- Instantiating /home/travis/build/icyphy/ptII/ptolemy/actor/lib/test/auto/PublisherPort8.xml
4 ms. Memory: 587776K Free: 520190K (89%)
----------------- Invoking toplevel() on ptolemy.moml.MoMLSimpleApplication@6078dbf4
----------------- Done invoking toplevel() on ptolemy.moml.MoMLSimpleApplication@6078dbf4
reloadAllAccessors: .PublisherPort8

===========================================================================================
----------------- testing Mon Jun 24 04:45:27 UTC 2019 /home/travis/build/icyphy/ptII/ptolemy/actor/lib/test/auto/PublisherPortSubscriberChannelVariablesAOC2.xml
----------------- Instantiating /home/travis/build/icyphy/ptII/ptolemy/actor/lib/test/auto/PublisherPortSubscriberChannelVariablesAOC2.xml
3 ms. Memory: 587776K Free: 503296K (86%)
----------------- Invoking toplevel() on ptolemy.moml.MoMLSimpleApplication@2251d6d9
----------------- Done invoking toplevel() on ptolemy.moml.MoMLSimpleApplication@2251d6d9
reloadAllAccessors: .PublisherPortSubscriberChannelVariablesAOC2

===========================================================================================
----------------- testing Mon Jun 24 04:45:27 UTC 2019 /home/travis/build/icyphy/ptII/ptolemy/actor/lib/test/auto/PublisherPortSubscriberOpaqueWidthInference.xml
----------------- Instantiating /home/travis/build/icyphy/ptII/ptolemy/actor/lib/test/auto/PublisherPortSubscriberOpaqueWidthInference.xml
5 ms. Memory: 587776K Free: 495599K (84%)
----------------- Invoking toplevel() on ptolemy.moml.MoMLSimpleApplication@67128581
----------------- Done invoking toplevel() on ptolemy.moml.MoMLSimpleApplication@67128581
reloadAllAccessors: .PublisherPortSubscriberOpaqueWidthInference

===========================================================================================
----------------- testing Mon Jun 24 04:45:27 UTC 2019 /home/travis/build/icyphy/ptII/ptolemy/actor/lib/test/auto/PublisherPortSubscriberPortAdjacent.xml
----------------- Instantiating /home/travis/build/icyphy/ptII/ptolemy/actor/lib/test/auto/PublisherPortSubscriberPortAdjacent.xml
1 ms. Memory: 587776K Free: 487422K (83%)
----------------- Invoking toplevel() on ptolemy.moml.MoMLSimpleApplication@6d22c036
----------------- Done invoking toplevel() on ptolemy.moml.MoMLSimpleApplication@6d22c036
reloadAllAccessors: .PublisherPortSubscriberPortAdjacent

===========================================================================================
----------------- testing Mon Jun 24 04:45:27 UTC 2019 /home/travis/build/icyphy/ptII/ptolemy/actor/lib/test/auto/PublisherPortSubscriberPortExpression.xml
----------------- Instantiating /home/travis/build/icyphy/ptII/ptolemy/actor/lib/test/auto/PublisherPortSubscriberPortExpression.xml
4 ms. Memory: 587776K Free: 479744K (82%)
----------------- Invoking toplevel() on ptolemy.moml.MoMLSimpleApplication@2860b4ef
----------------- Done invoking toplevel() on ptolemy.moml.MoMLSimpleApplication@2860b4ef
reloadAllAccessors: .PublisherPortSubscriberPortExpression

===========================================================================================
----------------- testing Mon Jun 24 04:45:27 UTC 2019 /home/travis/build/icyphy/ptII/ptolemy/actor/lib/test/auto/PublisherPortSubscriberPortOpaqueD3Reverse.xml
----------------- Instantiating /home/travis/build/icyphy/ptII/ptolemy/actor/lib/test/auto/PublisherPortSubscriberPortOpaqueD3Reverse.xml
7 ms. Memory: 587776K Free: 469504K (80%)
----------------- Invoking toplevel() on ptolemy.moml.MoMLSimpleApplication@39e7b45a
----------------- Done invoking toplevel() on ptolemy.moml.MoMLSimpleApplication@39e7b45a
reloadAllAccessors: .PublisherPortSubscriberPortOpaqueD3Reverse

===========================================================================================
----------------- testing Mon Jun 24 04:45:27 UTC 2019 /home/travis/build/icyphy/ptII/ptolemy/actor/lib/test/auto/PublisherPortSubscriberPortOpaqueWidthInference.xml
----------------- Instantiating /home/travis/build/icyphy/ptII/ptolemy/actor/lib/test/auto/PublisherPortSubscriberPortOpaqueWidthInference.xml
3 ms. Memory: 587776K Free: 461807K (79%)
----------------- Invoking toplevel() on ptolemy.moml.MoMLSimpleApplication@708a6fbf
----------------- Done invoking toplevel() on ptolemy.moml.MoMLSimpleApplication@708a6fbf
reloadAllAccessors: .PublisherPortSubscriberPortOpaqueWidthInference

===========================================================================================
----------------- testing Mon Jun 24 04:45:27 UTC 2019 /home/travis/build/icyphy/ptII/ptolemy/actor/lib/test/auto/PublisherPortToplevelSubscriberPortAOC.xml
----------------- Instantiating /home/travis/build/icyphy/ptII/ptolemy/actor/lib/test/auto/PublisherPortToplevelSubscriberPortAOC.xml
.PublisherPortToplevelSubscriberPortAOC.TestExceptionAttribute: initialize() was not invoked, but wrapup() was.  This is unusual, but not always a problem.  For example, exporting JNLP will do this.
3 ms. Memory: 587776K Free: 456192K (78%)
----------------- Invoking toplevel() on ptolemy.moml.MoMLSimpleApplication@8838049
----------------- Done invoking toplevel() on ptolemy.moml.MoMLSimpleApplication@8838049
reloadAllAccessors: .PublisherPortToplevelSubscriberPortAOC

===========================================================================================
----------------- testing Mon Jun 24 04:45:27 UTC 2019 /home/travis/build/icyphy/ptII/ptolemy/actor/lib/test/auto/PublisherSubscriber.xml
----------------- Instantiating /home/travis/build/icyphy/ptII/ptolemy/actor/lib/test/auto/PublisherSubscriber.xml
3 ms. Memory: 587776K Free: 449024K (76%)
----------------- Invoking toplevel() on ptolemy.moml.MoMLSimpleApplication@28ad6585
----------------- Done invoking toplevel() on ptolemy.moml.MoMLSimpleApplication@28ad6585
reloadAllAccessors: .PublisherSubscriber

===========================================================================================
----------------- testing Mon Jun 24 04:45:27 UTC 2019 /home/travis/build/icyphy/ptII/ptolemy/actor/lib/test/auto/PublisherSubscriber10.xml
----------------- Instantiating /home/travis/build/icyphy/ptII/ptolemy/actor/lib/test/auto/PublisherSubscriber10.xml
6 ms. Memory: 587776K Free: 439294K (75%)
----------------- Invoking toplevel() on ptolemy.moml.MoMLSimpleApplication@47310bb8
----------------- Done invoking toplevel() on ptolemy.moml.MoMLSimpleApplication@47310bb8
reloadAllAccessors: .PublisherSubscriber10

===========================================================================================
----------------- testing Mon Jun 24 04:45:27 UTC 2019 /home/travis/build/icyphy/ptII/ptolemy/actor/lib/test/auto/PublisherSubscriber10InitialOutputs.xml
----------------- Instantiating /home/travis/build/icyphy/ptII/ptolemy/actor/lib/test/auto/PublisherSubscriber10InitialOutputs.xml
12 ms. Memory: 587776K Free: 430078K (73%)
----------------- Invoking toplevel() on ptolemy.moml.MoMLSimpleApplication@15915c7
----------------- Done invoking toplevel() on ptolemy.moml.MoMLSimpleApplication@15915c7
reloadAllAccessors: .PublisherSubscriber10InitialOutputs

===========================================================================================
----------------- testing Mon Jun 24 04:45:27 UTC 2019 /home/travis/build/icyphy/ptII/ptolemy/actor/lib/test/auto/PublisherSubscriber11.xml
----------------- Instantiating /home/travis/build/icyphy/ptII/ptolemy/actor/lib/test/auto/PublisherSubscriber11.xml
3 ms. Memory: 587776K Free: 423903K (72%)
----------------- Invoking toplevel() on ptolemy.moml.MoMLSimpleApplication@77d51f2c
----------------- Done invoking toplevel() on ptolemy.moml.MoMLSimpleApplication@77d51f2c
reloadAllAccessors: .PublisherSubscriber11

===========================================================================================
----------------- testing Mon Jun 24 04:45:27 UTC 2019 /home/travis/build/icyphy/ptII/ptolemy/actor/lib/test/auto/PublisherSubscriber12.xml
----------------- Instantiating /home/travis/build/icyphy/ptII/ptolemy/actor/lib/test/auto/PublisherSubscriber12.xml
6 ms. Memory: 587776K Free: 416766K (71%)
----------------- Invoking toplevel() on ptolemy.moml.MoMLSimpleApplication@7de56a
----------------- Done invoking toplevel() on ptolemy.moml.MoMLSimpleApplication@7de56a
reloadAllAccessors: .PublisherSubscriber12

===========================================================================================
----------------- testing Mon Jun 24 04:45:27 UTC 2019 /home/travis/build/icyphy/ptII/ptolemy/actor/lib/test/auto/PublisherSubscriber13.xml
----------------- Instantiating /home/travis/build/icyphy/ptII/ptolemy/actor/lib/test/auto/PublisherSubscriber13.xml
2 ms. Memory: 587776K Free: 411136K (70%)
----------------- Invoking toplevel() on ptolemy.moml.MoMLSimpleApplication@69fd4b18
----------------- Done invoking toplevel() on ptolemy.moml.MoMLSimpleApplication@69fd4b18
reloadAllAccessors: .PublisherSubscriber13

===========================================================================================
----------------- testing Mon Jun 24 04:45:27 UTC 2019 /home/travis/build/icyphy/ptII/ptolemy/actor/lib/test/auto/PublisherSubscriber14.xml
----------------- Instantiating /home/travis/build/icyphy/ptII/ptolemy/actor/lib/test/auto/PublisherSubscriber14.xml
2 ms. Memory: 587776K Free: 402415K (68%)
----------------- Invoking toplevel() on ptolemy.moml.MoMLSimpleApplication@4a9f06b4
----------------- Done invoking toplevel() on ptolemy.moml.MoMLSimpleApplication@4a9f06b4
reloadAllAccessors: .PublisherSubscriber14

===========================================================================================
----------------- testing Mon Jun 24 04:45:27 UTC 2019 /home/travis/build/icyphy/ptII/ptolemy/actor/lib/test/auto/PublisherSubscriber2.xml
----------------- Instantiating /home/travis/build/icyphy/ptII/ptolemy/actor/lib/test/auto/PublisherSubscriber2.xml
3 ms. Memory: 587776K Free: 396271K (67%)
----------------- Invoking toplevel() on ptolemy.moml.MoMLSimpleApplication@30d1fd40
----------------- Done invoking toplevel() on ptolemy.moml.MoMLSimpleApplication@30d1fd40
reloadAllAccessors: .PublisherSubscriber2

===========================================================================================
----------------- testing Mon Jun 24 04:45:27 UTC 2019 /home/travis/build/icyphy/ptII/ptolemy/actor/lib/test/auto/PublisherSubscriber3.xml
----------------- Instantiating /home/travis/build/icyphy/ptII/ptolemy/actor/lib/test/auto/PublisherSubscriber3.xml
2 ms. Memory: 587776K Free: 390656K (66%)
----------------- Invoking toplevel() on ptolemy.moml.MoMLSimpleApplication@13fa8cdf
----------------- Done invoking toplevel() on ptolemy.moml.MoMLSimpleApplication@13fa8cdf
reloadAllAccessors: .PublisherSubscriber3

===========================================================================================
----------------- testing Mon Jun 24 04:45:27 UTC 2019 /home/travis/build/icyphy/ptII/ptolemy/actor/lib/test/auto/PublisherSubscriber4.xml
----------------- Instantiating /home/travis/build/icyphy/ptII/ptolemy/actor/lib/test/auto/PublisherSubscriber4.xml
2 ms. Memory: 587776K Free: 385536K (66%)
----------------- Invoking toplevel() on ptolemy.moml.MoMLSimpleApplication@12fa47f3
----------------- Done invoking toplevel() on ptolemy.moml.MoMLSimpleApplication@12fa47f3
reloadAllAccessors: .PublisherSubscriber4

===========================================================================================
----------------- testing Mon Jun 24 04:45:27 UTC 2019 /home/travis/build/icyphy/ptII/ptolemy/actor/lib/test/auto/PublisherSubscriber5.xml
----------------- Instantiating /home/travis/build/icyphy/ptII/ptolemy/actor/lib/test/auto/PublisherSubscriber5.xml
2 ms. Memory: 587776K Free: 378871K (64%)
----------------- Invoking toplevel() on ptolemy.moml.MoMLSimpleApplication@7e24363b
----------------- Done invoking toplevel() on ptolemy.moml.MoMLSimpleApplication@7e24363b
reloadAllAccessors: .PublisherSubscriber5

===========================================================================================
----------------- testing Mon Jun 24 04:45:27 UTC 2019 /home/travis/build/icyphy/ptII/ptolemy/actor/lib/test/auto/PublisherSubscriber6.xml
----------------- Instantiating /home/travis/build/icyphy/ptII/ptolemy/actor/lib/test/auto/PublisherSubscriber6.xml
4 ms. Memory: 587776K Free: 372224K (63%)
----------------- Invoking toplevel() on ptolemy.moml.MoMLSimpleApplication@63ae5d36
----------------- Done invoking toplevel() on ptolemy.moml.MoMLSimpleApplication@63ae5d36
reloadAllAccessors: .PublisherSubscriber6

===========================================================================================
----------------- testing Mon Jun 24 04:45:27 UTC 2019 /home/travis/build/icyphy/ptII/ptolemy/actor/lib/test/auto/PublisherSubscriber7.xml
----------------- Instantiating /home/travis/build/icyphy/ptII/ptolemy/actor/lib/test/auto/PublisherSubscriber7.xml
7 ms. Memory: 587776K Free: 365551K (62%)
----------------- Invoking toplevel() on ptolemy.moml.MoMLSimpleApplication@54d3d655
----------------- Done invoking toplevel() on ptolemy.moml.MoMLSimpleApplication@54d3d655
reloadAllAccessors: .PublisherSubscriber7

===========================================================================================
----------------- testing Mon Jun 24 04:45:27 UTC 2019 /home/travis/build/icyphy/ptII/ptolemy/actor/lib/test/auto/PublisherSubscriber8.xml
----------------- Instantiating /home/travis/build/icyphy/ptII/ptolemy/actor/lib/test/auto/PublisherSubscriber8.xml
19 ms. Memory: 587776K Free: 353792K (60%)
----------------- Invoking toplevel() on ptolemy.moml.MoMLSimpleApplication@1bab6069
----------------- Done invoking toplevel() on ptolemy.moml.MoMLSimpleApplication@1bab6069
reloadAllAccessors: .PublisherSubscriber8

===========================================================================================
----------------- testing Mon Jun 24 04:45:27 UTC 2019 /home/travis/build/icyphy/ptII/ptolemy/actor/lib/test/auto/PublisherSubscriber9.xml
----------------- Instantiating /home/travis/build/icyphy/ptII/ptolemy/actor/lib/test/auto/PublisherSubscriber9.xml
2 ms. Memory: 587776K Free: 346624K (59%)
----------------- Invoking toplevel() on ptolemy.moml.MoMLSimpleApplication@29cb5022
----------------- Done invoking toplevel() on ptolemy.moml.MoMLSimpleApplication@29cb5022
reloadAllAccessors: .PublisherSubscriber9

===========================================================================================
----------------- testing Mon Jun 24 04:45:27 UTC 2019 /home/travis/build/icyphy/ptII/ptolemy/actor/lib/test/auto/PublisherSubscriberAdjacent.xml
----------------- Instantiating /home/travis/build/icyphy/ptII/ptolemy/actor/lib/test/auto/PublisherSubscriberAdjacent.xml
2 ms. Memory: 587776K Free: 338432K (58%)
----------------- Invoking toplevel() on ptolemy.moml.MoMLSimpleApplication@1f9e14d2
----------------- Done invoking toplevel() on ptolemy.moml.MoMLSimpleApplication@1f9e14d2
reloadAllAccessors: .PublisherSubscriberAdjacent

===========================================================================================
----------------- testing Mon Jun 24 04:45:27 UTC 2019 /home/travis/build/icyphy/ptII/ptolemy/actor/lib/test/auto/PublisherSubscriberChannelVariablesAOC2.xml
----------------- Instantiating /home/travis/build/icyphy/ptII/ptolemy/actor/lib/test/auto/PublisherSubscriberChannelVariablesAOC2.xml
3 ms. Memory: 587776K Free: 323567K (55%)
----------------- Invoking toplevel() on ptolemy.moml.MoMLSimpleApplication@36dabdc
----------------- Done invoking toplevel() on ptolemy.moml.MoMLSimpleApplication@36dabdc
reloadAllAccessors: .PublisherSubscriberChannelVariablesAOC2

===========================================================================================
----------------- testing Mon Jun 24 04:45:27 UTC 2019 /home/travis/build/icyphy/ptII/ptolemy/actor/lib/test/auto/PublisherSubscriberD3.xml
----------------- Instantiating /home/travis/build/icyphy/ptII/ptolemy/actor/lib/test/auto/PublisherSubscriberD3.xml
2 ms. Memory: 587776K Free: 316414K (54%)
----------------- Invoking toplevel() on ptolemy.moml.MoMLSimpleApplication@230a595f
----------------- Done invoking toplevel() on ptolemy.moml.MoMLSimpleApplication@230a595f
reloadAllAccessors: .PublisherSubscriberD3

===========================================================================================
----------------- testing Mon Jun 24 04:45:27 UTC 2019 /home/travis/build/icyphy/ptII/ptolemy/actor/lib/test/auto/PublisherSubscriberD3Reverse.xml
----------------- Instantiating /home/travis/build/icyphy/ptII/ptolemy/actor/lib/test/auto/PublisherSubscriberD3Reverse.xml
1 ms. Memory: 587776K Free: 309760K (53%)
----------------- Invoking toplevel() on ptolemy.moml.MoMLSimpleApplication@7ca8c98f
----------------- Done invoking toplevel() on ptolemy.moml.MoMLSimpleApplication@7ca8c98f
reloadAllAccessors: .PublisherSubscriberD3Reverse

===========================================================================================
----------------- testing Mon Jun 24 04:45:27 UTC 2019 /home/travis/build/icyphy/ptII/ptolemy/actor/lib/test/auto/PublisherSubscriberExpression.xml
----------------- Instantiating /home/travis/build/icyphy/ptII/ptolemy/actor/lib/test/auto/PublisherSubscriberExpression.xml
3 ms. Memory: 587776K Free: 301023K (51%)
----------------- Invoking toplevel() on ptolemy.moml.MoMLSimpleApplication@2acd1f45
----------------- Done invoking toplevel() on ptolemy.moml.MoMLSimpleApplication@2acd1f45
reloadAllAccessors: .PublisherSubscriberExpression

===========================================================================================
----------------- testing Mon Jun 24 04:45:27 UTC 2019 /home/travis/build/icyphy/ptII/ptolemy/actor/lib/test/auto/PublisherSubscriberOpaque.xml
----------------- Instantiating /home/travis/build/icyphy/ptII/ptolemy/actor/lib/test/auto/PublisherSubscriberOpaque.xml
3 ms. Memory: 587776K Free: 292862K (50%)
----------------- Invoking toplevel() on ptolemy.moml.MoMLSimpleApplication@56d01932
----------------- Done invoking toplevel() on ptolemy.moml.MoMLSimpleApplication@56d01932
reloadAllAccessors: .PublisherSubscriberOpaque

===========================================================================================
----------------- testing Mon Jun 24 04:45:27 UTC 2019 /home/travis/build/icyphy/ptII/ptolemy/actor/lib/test/auto/PublisherSubscriberOpaqueD3.xml
----------------- Instantiating /home/travis/build/icyphy/ptII/ptolemy/actor/lib/test/auto/PublisherSubscriberOpaqueD3.xml
5 ms. Memory: 587776K Free: 281598K (48%)
----------------- Invoking toplevel() on ptolemy.moml.MoMLSimpleApplication@6fb93b39
----------------- Done invoking toplevel() on ptolemy.moml.MoMLSimpleApplication@6fb93b39
reloadAllAccessors: .PublisherSubscriberOpaqueD3

===========================================================================================
----------------- testing Mon Jun 24 04:45:27 UTC 2019 /home/travis/build/icyphy/ptII/ptolemy/actor/lib/test/auto/PublisherSubscriberOpaqueD3Reverse.xml
----------------- Instantiating /home/travis/build/icyphy/ptII/ptolemy/actor/lib/test/auto/PublisherSubscriberOpaqueD3Reverse.xml
10 ms. Memory: 587776K Free: 270848K (46%)
----------------- Invoking toplevel() on ptolemy.moml.MoMLSimpleApplication@36863034
----------------- Done invoking toplevel() on ptolemy.moml.MoMLSimpleApplication@36863034
reloadAllAccessors: .PublisherSubscriberOpaqueD3Reverse

===========================================================================================
----------------- testing Mon Jun 24 04:45:27 UTC 2019 /home/travis/build/icyphy/ptII/ptolemy/actor/lib/test/auto/PublisherSubscriberOpaqueWidthInference.xml
----------------- Instantiating /home/travis/build/icyphy/ptII/ptolemy/actor/lib/test/auto/PublisherSubscriberOpaqueWidthInference.xml
4 ms. Memory: 587776K Free: 262656K (45%)
----------------- Invoking toplevel() on ptolemy.moml.MoMLSimpleApplication@4a5f7ef6
----------------- Done invoking toplevel() on ptolemy.moml.MoMLSimpleApplication@4a5f7ef6
reloadAllAccessors: .PublisherSubscriberOpaqueWidthInference

===========================================================================================
----------------- testing Mon Jun 24 04:45:27 UTC 2019 /home/travis/build/icyphy/ptII/ptolemy/actor/lib/test/auto/PublisherTestSubscriber.xml
----------------- Instantiating /home/travis/build/icyphy/ptII/ptolemy/actor/lib/test/auto/PublisherTestSubscriber.xml
3 ms. Memory: 587776K Free: 254967K (43%)
----------------- Invoking toplevel() on ptolemy.moml.MoMLSimpleApplication@5cc516d3
----------------- Done invoking toplevel() on ptolemy.moml.MoMLSimpleApplication@5cc516d3
reloadAllAccessors: .PublisherTestSubscriber

===========================================================================================
----------------- testing Mon Jun 24 04:45:27 UTC 2019 /home/travis/build/icyphy/ptII/ptolemy/actor/lib/test/auto/PublisherToplevelSubscriberPortAOC.xml
----------------- Instantiating /home/travis/build/icyphy/ptII/ptolemy/actor/lib/test/auto/PublisherToplevelSubscriberPortAOC.xml
2 ms. Memory: 587776K Free: 248320K (42%)
----------------- Invoking toplevel() on ptolemy.moml.MoMLSimpleApplication@3eee0025
----------------- Done invoking toplevel() on ptolemy.moml.MoMLSimpleApplication@3eee0025
reloadAllAccessors: .PublisherToplevelSubscriberPortAOC

===========================================================================================
----------------- testing Mon Jun 24 04:45:27 UTC 2019 /home/travis/build/icyphy/ptII/ptolemy/actor/lib/test/auto/PulseFiringLimitDE.xml
----------------- Instantiating /home/travis/build/icyphy/ptII/ptolemy/actor/lib/test/auto/PulseFiringLimitDE.xml
1 ms. Memory: 587776K Free: 241662K (41%)
----------------- Invoking toplevel() on ptolemy.moml.MoMLSimpleApplication@3013cef6
----------------- Done invoking toplevel() on ptolemy.moml.MoMLSimpleApplication@3013cef6
reloadAllAccessors: .PulseFiringLimitDE

===========================================================================================
----------------- testing Mon Jun 24 04:45:27 UTC 2019 /home/travis/build/icyphy/ptII/ptolemy/actor/lib/test/auto/Ramp1.xml
----------------- Instantiating /home/travis/build/icyphy/ptII/ptolemy/actor/lib/test/auto/Ramp1.xml
1 ms. Memory: 587776K Free: 237551K (40%)
----------------- Invoking toplevel() on ptolemy.moml.MoMLSimpleApplication@5e852ae6
----------------- Done invoking toplevel() on ptolemy.moml.MoMLSimpleApplication@5e852ae6
reloadAllAccessors: .Ramp1

===========================================================================================
----------------- testing Mon Jun 24 04:45:27 UTC 2019 /home/travis/build/icyphy/ptII/ptolemy/actor/lib/test/auto/RampFiringLimitDE.xml
----------------- Instantiating /home/travis/build/icyphy/ptII/ptolemy/actor/lib/test/auto/RampFiringLimitDE.xml
2 ms. Memory: 587776K Free: 231407K (39%)
----------------- Invoking toplevel() on ptolemy.moml.MoMLSimpleApplication@70cfd3c5
----------------- Done invoking toplevel() on ptolemy.moml.MoMLSimpleApplication@70cfd3c5
reloadAllAccessors: .RampFiringLimitDE

===========================================================================================
----------------- testing Mon Jun 24 04:45:27 UTC 2019 /home/travis/build/icyphy/ptII/ptolemy/actor/lib/test/auto/RampFiringLimitSDF.xml
----------------- Instantiating /home/travis/build/icyphy/ptII/ptolemy/actor/lib/test/auto/RampFiringLimitSDF.xml
2 ms. Memory: 587776K Free: 226271K (38%)
----------------- Invoking toplevel() on ptolemy.moml.MoMLSimpleApplication@264f8dcb
----------------- Done invoking toplevel() on ptolemy.moml.MoMLSimpleApplication@264f8dcb
reloadAllAccessors: .RampFiringLimitSDF

===========================================================================================
----------------- testing Mon Jun 24 04:45:27 UTC 2019 /home/travis/build/icyphy/ptII/ptolemy/actor/lib/test/auto/RandomInteger.xml
----------------- Instantiating /home/travis/build/icyphy/ptII/ptolemy/actor/lib/test/auto/RandomInteger.xml
2 ms. Memory: 587776K Free: 222206K (38%)
----------------- Invoking toplevel() on ptolemy.moml.MoMLSimpleApplication@2f7ca02b
----------------- Done invoking toplevel() on ptolemy.moml.MoMLSimpleApplication@2f7ca02b
reloadAllAccessors: .RandomInteger

===========================================================================================
----------------- testing Mon Jun 24 04:45:27 UTC 2019 /home/travis/build/icyphy/ptII/ptolemy/actor/lib/test/auto/ReadFile1.xml
----------------- Instantiating /home/travis/build/icyphy/ptII/ptolemy/actor/lib/test/auto/ReadFile1.xml
2 ms. Memory: 587776K Free: 217600K (37%)
----------------- Invoking toplevel() on ptolemy.moml.MoMLSimpleApplication@5d30b2d1
----------------- Done invoking toplevel() on ptolemy.moml.MoMLSimpleApplication@5d30b2d1
reloadAllAccessors: .ReadFile1

===========================================================================================
----------------- testing Mon Jun 24 04:45:27 UTC 2019 /home/travis/build/icyphy/ptII/ptolemy/actor/lib/test/auto/ReadFile2.xml
----------------- Instantiating /home/travis/build/icyphy/ptII/ptolemy/actor/lib/test/auto/ReadFile2.xml
1 ms. Memory: 587776K Free: 212990K (36%)
----------------- Invoking toplevel() on ptolemy.moml.MoMLSimpleApplication@52bcb21a
----------------- Done invoking toplevel() on ptolemy.moml.MoMLSimpleApplication@52bcb21a
reloadAllAccessors: .ReadFile2

===========================================================================================
----------------- testing Mon Jun 24 04:45:27 UTC 2019 /home/travis/build/icyphy/ptII/ptolemy/actor/lib/test/auto/Reader.xml
----------------- Instantiating /home/travis/build/icyphy/ptII/ptolemy/actor/lib/test/auto/Reader.xml
actor.lib.Reader is obsolete, use actor.lib.io.ExpressionReader instead
1 ms. Memory: 587776K Free: 208894K (36%)
----------------- Invoking toplevel() on ptolemy.moml.MoMLSimpleApplication@5ef44cf3
----------------- Done invoking toplevel() on ptolemy.moml.MoMLSimpleApplication@5ef44cf3
reloadAllAccessors: .Reader

===========================================================================================
----------------- testing Mon Jun 24 04:45:27 UTC 2019 /home/travis/build/icyphy/ptII/ptolemy/actor/lib/test/auto/RecordAssemblerDisplayNameTest.xml
----------------- Instantiating /home/travis/build/icyphy/ptII/ptolemy/actor/lib/test/auto/RecordAssemblerDisplayNameTest.xml
3863 ms. Memory: 587776K Free: 379392K (65%)
----------------- Invoking toplevel() on ptolemy.moml.MoMLSimpleApplication@4c4f948c
----------------- Done invoking toplevel() on ptolemy.moml.MoMLSimpleApplication@4c4f948c
reloadAllAccessors: .RecordAssemblerDisplayNameTest

===========================================================================================
----------------- testing Mon Jun 24 04:45:31 UTC 2019 /home/travis/build/icyphy/ptII/ptolemy/actor/lib/test/auto/RecordAssemblerTypeError.xml
----------------- Instantiating /home/travis/build/icyphy/ptII/ptolemy/actor/lib/test/auto/RecordAssemblerTypeError.xml
16 ms. Memory: 587776K Free: 370176K (63%)
----------------- Invoking toplevel() on ptolemy.moml.MoMLSimpleApplication@78bfdbd7
----------------- Done invoking toplevel() on ptolemy.moml.MoMLSimpleApplication@78bfdbd7
reloadAllAccessors: .RecordAssemblerTypeError

===========================================================================================
----------------- testing Mon Jun 24 04:45:31 UTC 2019 /home/travis/build/icyphy/ptII/ptolemy/actor/lib/test/auto/RecordDisassember.xml
----------------- Instantiating /home/travis/build/icyphy/ptII/ptolemy/actor/lib/test/auto/RecordDisassember.xml
3 ms. Memory: 587776K Free: 365535K (62%)
----------------- Invoking toplevel() on ptolemy.moml.MoMLSimpleApplication@68838f05
----------------- Done invoking toplevel() on ptolemy.moml.MoMLSimpleApplication@68838f05
reloadAllAccessors: .RecordDisassember

===========================================================================================
----------------- testing Mon Jun 24 04:45:31 UTC 2019 /home/travis/build/icyphy/ptII/ptolemy/actor/lib/test/auto/RecordDisassemberDisplayNameTest.xml
----------------- Instantiating /home/travis/build/icyphy/ptII/ptolemy/actor/lib/test/auto/RecordDisassemberDisplayNameTest.xml
7 ms. Memory: 587776K Free: 357888K (61%)
----------------- Invoking toplevel() on ptolemy.moml.MoMLSimpleApplication@743f78f
----------------- Done invoking toplevel() on ptolemy.moml.MoMLSimpleApplication@743f78f
reloadAllAccessors: .RecordDisassemberDisplayNameTest

===========================================================================================
----------------- testing Mon Jun 24 04:45:31 UTC 2019 /home/travis/build/icyphy/ptII/ptolemy/actor/lib/test/auto/RecordDisassembler.xml
----------------- Instantiating /home/travis/build/icyphy/ptII/ptolemy/actor/lib/test/auto/RecordDisassembler.xml
3 ms. Memory: 587776K Free: 352768K (60%)
----------------- Invoking toplevel() on ptolemy.moml.MoMLSimpleApplication@4f1dd8b4
----------------- Done invoking toplevel() on ptolemy.moml.MoMLSimpleApplication@4f1dd8b4
reloadAllAccessors: .RecordDisassembler

===========================================================================================
----------------- testing Mon Jun 24 04:45:31 UTC 2019 /home/travis/build/icyphy/ptII/ptolemy/actor/lib/test/auto/RecordDisassembler2.xml
----------------- Instantiating /home/travis/build/icyphy/ptII/ptolemy/actor/lib/test/auto/RecordDisassembler2.xml
2 ms. Memory: 587776K Free: 347648K (59%)
----------------- Invoking toplevel() on ptolemy.moml.MoMLSimpleApplication@5d0f0340
----------------- Done invoking toplevel() on ptolemy.moml.MoMLSimpleApplication@5d0f0340
reloadAllAccessors: .RecordDisassembler2

===========================================================================================
----------------- testing Mon Jun 24 04:45:31 UTC 2019 /home/travis/build/icyphy/ptII/ptolemy/actor/lib/test/auto/RecordUpdater.xml
----------------- Instantiating /home/travis/build/icyphy/ptII/ptolemy/actor/lib/test/auto/RecordUpdater.xml
2 ms. Memory: 587776K Free: 342014K (58%)
----------------- Invoking toplevel() on ptolemy.moml.MoMLSimpleApplication@2f977346
----------------- Done invoking toplevel() on ptolemy.moml.MoMLSimpleApplication@2f977346
reloadAllAccessors: .RecordUpdater

===========================================================================================
----------------- testing Mon Jun 24 04:45:31 UTC 2019 /home/travis/build/icyphy/ptII/ptolemy/actor/lib/test/auto/RecordUpdater2.xml
----------------- Instantiating /home/travis/build/icyphy/ptII/ptolemy/actor/lib/test/auto/RecordUpdater2.xml
2 ms. Memory: 587776K Free: 336894K (57%)
----------------- Invoking toplevel() on ptolemy.moml.MoMLSimpleApplication@1f02d5d
----------------- Done invoking toplevel() on ptolemy.moml.MoMLSimpleApplication@1f02d5d
reloadAllAccessors: .RecordUpdater2

===========================================================================================
----------------- testing Mon Jun 24 04:45:31 UTC 2019 /home/travis/build/icyphy/ptII/ptolemy/actor/lib/test/auto/RecursiveLattice.xml
----------------- Instantiating /home/travis/build/icyphy/ptII/ptolemy/actor/lib/test/auto/RecursiveLattice.xml
2 ms. Memory: 587776K Free: 332288K (57%)
----------------- Invoking toplevel() on ptolemy.moml.MoMLSimpleApplication@b72858e
----------------- Done invoking toplevel() on ptolemy.moml.MoMLSimpleApplication@b72858e
reloadAllAccessors: .RecursiveLattice

===========================================================================================
----------------- testing Mon Jun 24 04:45:31 UTC 2019 /home/travis/build/icyphy/ptII/ptolemy/actor/lib/test/auto/Router.xml
----------------- Instantiating /home/travis/build/icyphy/ptII/ptolemy/actor/lib/test/auto/Router.xml
3005 ms. Memory: 587776K Free: 322048K (55%)
----------------- Invoking toplevel() on ptolemy.moml.MoMLSimpleApplication@1e3d919b
----------------- Done invoking toplevel() on ptolemy.moml.MoMLSimpleApplication@1e3d919b
reloadAllAccessors: .Router

===========================================================================================
----------------- testing Mon Jun 24 04:45:34 UTC 2019 /home/travis/build/icyphy/ptII/ptolemy/actor/lib/test/auto/Router2.xml
----------------- Instantiating /home/travis/build/icyphy/ptII/ptolemy/actor/lib/test/auto/Router2.xml
3003 ms. Memory: 587776K Free: 312318K (53%)
----------------- Invoking toplevel() on ptolemy.moml.MoMLSimpleApplication@49c7d001
----------------- Done invoking toplevel() on ptolemy.moml.MoMLSimpleApplication@49c7d001
reloadAllAccessors: .Router2

===========================================================================================
----------------- testing Mon Jun 24 04:45:38 UTC 2019 /home/travis/build/icyphy/ptII/ptolemy/actor/lib/test/auto/RunningMaximum.xml
----------------- Instantiating /home/travis/build/icyphy/ptII/ptolemy/actor/lib/test/auto/RunningMaximum.xml
1 ms. Memory: 587776K Free: 307712K (52%)
----------------- Invoking toplevel() on ptolemy.moml.MoMLSimpleApplication@5c94b0c6
----------------- Done invoking toplevel() on ptolemy.moml.MoMLSimpleApplication@5c94b0c6
reloadAllAccessors: .RunningMaximum

===========================================================================================
----------------- testing Mon Jun 24 04:45:38 UTC 2019 /home/travis/build/icyphy/ptII/ptolemy/actor/lib/test/auto/RunningMinimum.xml
----------------- Instantiating /home/travis/build/icyphy/ptII/ptolemy/actor/lib/test/auto/RunningMinimum.xml
5 ms. Memory: 587776K Free: 303102K (52%)
----------------- Invoking toplevel() on ptolemy.moml.MoMLSimpleApplication@539adfa5
----------------- Done invoking toplevel() on ptolemy.moml.MoMLSimpleApplication@539adfa5
reloadAllAccessors: .RunningMinimum

===========================================================================================
----------------- testing Mon Jun 24 04:45:38 UTC 2019 /home/travis/build/icyphy/ptII/ptolemy/actor/lib/test/auto/Scale.xml
----------------- Instantiating /home/travis/build/icyphy/ptII/ptolemy/actor/lib/test/auto/Scale.xml
2 ms. Memory: 587776K Free: 298496K (51%)
----------------- Invoking toplevel() on ptolemy.moml.MoMLSimpleApplication@3c2469e8
----------------- Done invoking toplevel() on ptolemy.moml.MoMLSimpleApplication@3c2469e8
reloadAllAccessors: .Scale

===========================================================================================
----------------- testing Mon Jun 24 04:45:38 UTC 2019 /home/travis/build/icyphy/ptII/ptolemy/actor/lib/test/auto/Scale2.xml
----------------- Instantiating /home/travis/build/icyphy/ptII/ptolemy/actor/lib/test/auto/Scale2.xml
1 ms. Memory: 587776K Free: 293886K (50%)
----------------- Invoking toplevel() on ptolemy.moml.MoMLSimpleApplication@21b09582
----------------- Done invoking toplevel() on ptolemy.moml.MoMLSimpleApplication@21b09582
reloadAllAccessors: .Scale2

===========================================================================================
----------------- testing Mon Jun 24 04:45:38 UTC 2019 /home/travis/build/icyphy/ptII/ptolemy/actor/lib/test/auto/Scale3.xml
----------------- Instantiating /home/travis/build/icyphy/ptII/ptolemy/actor/lib/test/auto/Scale3.xml
10 ms. Memory: 587776K Free: 287742K (49%)
----------------- Invoking toplevel() on ptolemy.moml.MoMLSimpleApplication@5edf60c
----------------- Done invoking toplevel() on ptolemy.moml.MoMLSimpleApplication@5edf60c
reloadAllAccessors: .Scale3

===========================================================================================
----------------- testing Mon Jun 24 04:45:38 UTC 2019 /home/travis/build/icyphy/ptII/ptolemy/actor/lib/test/auto/ScaleArray.xml
----------------- Instantiating /home/travis/build/icyphy/ptII/ptolemy/actor/lib/test/auto/ScaleArray.xml
1 ms. Memory: 587776K Free: 282622K (48%)
----------------- Invoking toplevel() on ptolemy.moml.MoMLSimpleApplication@77018087
----------------- Done invoking toplevel() on ptolemy.moml.MoMLSimpleApplication@77018087
reloadAllAccessors: .ScaleArray

===========================================================================================
----------------- testing Mon Jun 24 04:45:38 UTC 2019 /home/travis/build/icyphy/ptII/ptolemy/actor/lib/test/auto/ScaleArray2.xml
----------------- Instantiating /home/travis/build/icyphy/ptII/ptolemy/actor/lib/test/auto/ScaleArray2.xml
1 ms. Memory: 587776K Free: 278016K (47%)
----------------- Invoking toplevel() on ptolemy.moml.MoMLSimpleApplication@5b8e314a
----------------- Done invoking toplevel() on ptolemy.moml.MoMLSimpleApplication@5b8e314a
reloadAllAccessors: .ScaleArray2

===========================================================================================
----------------- testing Mon Jun 24 04:45:38 UTC 2019 /home/travis/build/icyphy/ptII/ptolemy/actor/lib/test/auto/ScaleMatrix.xml
----------------- Instantiating /home/travis/build/icyphy/ptII/ptolemy/actor/lib/test/auto/ScaleMatrix.xml
162 ms. Memory: 587776K Free: 263166K (45%)
----------------- Invoking toplevel() on ptolemy.moml.MoMLSimpleApplication@120524d2
----------------- Done invoking toplevel() on ptolemy.moml.MoMLSimpleApplication@120524d2
reloadAllAccessors: .ScaleMatrix

===========================================================================================
----------------- testing Mon Jun 24 04:45:38 UTC 2019 /home/travis/build/icyphy/ptII/ptolemy/actor/lib/test/auto/Select.xml
----------------- Instantiating /home/travis/build/icyphy/ptII/ptolemy/actor/lib/test/auto/Select.xml
3 ms. Memory: 587776K Free: 256991K (44%)
----------------- Invoking toplevel() on ptolemy.moml.MoMLSimpleApplication@6376ddcb
----------------- Done invoking toplevel() on ptolemy.moml.MoMLSimpleApplication@6376ddcb
reloadAllAccessors: .Select

===========================================================================================
----------------- testing Mon Jun 24 04:45:38 UTC 2019 /home/travis/build/icyphy/ptII/ptolemy/actor/lib/test/auto/Select2.xml
----------------- Instantiating /home/travis/build/icyphy/ptII/ptolemy/actor/lib/test/auto/Select2.xml
1 ms. Memory: 587776K Free: 252416K (43%)
----------------- Invoking toplevel() on ptolemy.moml.MoMLSimpleApplication@4c54e121
----------------- Done invoking toplevel() on ptolemy.moml.MoMLSimpleApplication@4c54e121
reloadAllAccessors: .Select2

===========================================================================================
----------------- testing Mon Jun 24 04:45:38 UTC 2019 /home/travis/build/icyphy/ptII/ptolemy/actor/lib/test/auto/SequenceToArray2.xml
----------------- Instantiating /home/travis/build/icyphy/ptII/ptolemy/actor/lib/test/auto/SequenceToArray2.xml
103 ms. Memory: 587776K Free: 228864K (39%)
----------------- Invoking toplevel() on ptolemy.moml.MoMLSimpleApplication@275323b5
----------------- Done invoking toplevel() on ptolemy.moml.MoMLSimpleApplication@275323b5
reloadAllAccessors: .SequenceToArray2

===========================================================================================
----------------- testing Mon Jun 24 04:45:38 UTC 2019 /home/travis/build/icyphy/ptII/ptolemy/actor/lib/test/auto/SequentialClock.xml
----------------- Instantiating /home/travis/build/icyphy/ptII/ptolemy/actor/lib/test/auto/SequentialClock.xml
1 ms. Memory: 587776K Free: 224768K (38%)
----------------- Invoking toplevel() on ptolemy.moml.MoMLSimpleApplication@69621874
----------------- Done invoking toplevel() on ptolemy.moml.MoMLSimpleApplication@69621874
reloadAllAccessors: .SequentialClock

===========================================================================================
----------------- testing Mon Jun 24 04:45:38 UTC 2019 /home/travis/build/icyphy/ptII/ptolemy/actor/lib/test/auto/SetVariable.xml
----------------- Instantiating /home/travis/build/icyphy/ptII/ptolemy/actor/lib/test/auto/SetVariable.xml
3 ms. Memory: 587776K Free: 220158K (37%)
----------------- Invoking toplevel() on ptolemy.moml.MoMLSimpleApplication@c758fc7
----------------- Done invoking toplevel() on ptolemy.moml.MoMLSimpleApplication@c758fc7
reloadAllAccessors: .SetVariable

===========================================================================================
----------------- testing Mon Jun 24 04:45:38 UTC 2019 /home/travis/build/icyphy/ptII/ptolemy/actor/lib/test/auto/SetVariable2.xml
----------------- Instantiating /home/travis/build/icyphy/ptII/ptolemy/actor/lib/test/auto/SetVariable2.xml
2 ms. Memory: 587776K Free: 215038K (37%)
----------------- Invoking toplevel() on ptolemy.moml.MoMLSimpleApplication@76bd1314
----------------- Done invoking toplevel() on ptolemy.moml.MoMLSimpleApplication@76bd1314
reloadAllAccessors: .SetVariable2

===========================================================================================
----------------- testing Mon Jun 24 04:45:38 UTC 2019 /home/travis/build/icyphy/ptII/ptolemy/actor/lib/test/auto/SetVariable3.xml
----------------- Instantiating /home/travis/build/icyphy/ptII/ptolemy/actor/lib/test/auto/SetVariable3.xml
7 ms. Memory: 587776K Free: 209918K (36%)
----------------- Invoking toplevel() on ptolemy.moml.MoMLSimpleApplication@7f063903
----------------- Done invoking toplevel() on ptolemy.moml.MoMLSimpleApplication@7f063903
reloadAllAccessors: .SetVariable3

===========================================================================================
----------------- testing Mon Jun 24 04:45:38 UTC 2019 /home/travis/build/icyphy/ptII/ptolemy/actor/lib/test/auto/SetVariable4.xml
----------------- Instantiating /home/travis/build/icyphy/ptII/ptolemy/actor/lib/test/auto/SetVariable4.xml
13 ms. Memory: 587776K Free: 200192K (34%)
----------------- Invoking toplevel() on ptolemy.moml.MoMLSimpleApplication@3d11edd7
----------------- Done invoking toplevel() on ptolemy.moml.MoMLSimpleApplication@3d11edd7
reloadAllAccessors: .SetVariable4

===========================================================================================
----------------- testing Mon Jun 24 04:45:38 UTC 2019 /home/travis/build/icyphy/ptII/ptolemy/actor/lib/test/auto/SetVariable5.xml
----------------- Instantiating /home/travis/build/icyphy/ptII/ptolemy/actor/lib/test/auto/SetVariable5.xml
22 ms. Memory: 587776K Free: 530147K (90%)
----------------- Invoking toplevel() on ptolemy.moml.MoMLSimpleApplication@46380e53
----------------- Done invoking toplevel() on ptolemy.moml.MoMLSimpleApplication@46380e53
reloadAllAccessors: .SetVariable5

===========================================================================================
----------------- testing Mon Jun 24 04:45:38 UTC 2019 /home/travis/build/icyphy/ptII/ptolemy/actor/lib/test/auto/Sinewave.xml
----------------- Instantiating /home/travis/build/icyphy/ptII/ptolemy/actor/lib/test/auto/Sinewave.xml
6 ms. Memory: 587776K Free: 519907K (88%)
----------------- Invoking toplevel() on ptolemy.moml.MoMLSimpleApplication@7581b3ce
----------------- Done invoking toplevel() on ptolemy.moml.MoMLSimpleApplication@7581b3ce
reloadAllAccessors: .Sinewave

===========================================================================================
----------------- testing Mon Jun 24 04:45:38 UTC 2019 /home/travis/build/icyphy/ptII/ptolemy/actor/lib/test/auto/Sinewave2.xml
----------------- Instantiating /home/travis/build/icyphy/ptII/ptolemy/actor/lib/test/auto/Sinewave2.xml
7 ms. Memory: 587776K Free: 511715K (87%)
----------------- Invoking toplevel() on ptolemy.moml.MoMLSimpleApplication@8300e14
----------------- Done invoking toplevel() on ptolemy.moml.MoMLSimpleApplication@8300e14
reloadAllAccessors: .Sinewave2

===========================================================================================
----------------- testing Mon Jun 24 04:45:38 UTC 2019 /home/travis/build/icyphy/ptII/ptolemy/actor/lib/test/auto/Sinewave3.xml
----------------- Instantiating /home/travis/build/icyphy/ptII/ptolemy/actor/lib/test/auto/Sinewave3.xml
7 ms. Memory: 587776K Free: 503523K (86%)
----------------- Invoking toplevel() on ptolemy.moml.MoMLSimpleApplication@48096320
----------------- Done invoking toplevel() on ptolemy.moml.MoMLSimpleApplication@48096320
reloadAllAccessors: .Sinewave3

===========================================================================================
----------------- testing Mon Jun 24 04:45:38 UTC 2019 /home/travis/build/icyphy/ptII/ptolemy/actor/lib/test/auto/SingleEvent.xml
----------------- Instantiating /home/travis/build/icyphy/ptII/ptolemy/actor/lib/test/auto/SingleEvent.xml
1 ms. Memory: 587776K Free: 498913K (85%)
----------------- Invoking toplevel() on ptolemy.moml.MoMLSimpleApplication@57f1dfeb
----------------- Done invoking toplevel() on ptolemy.moml.MoMLSimpleApplication@57f1dfeb
reloadAllAccessors: .SingleEvent

===========================================================================================
----------------- testing Mon Jun 24 04:45:38 UTC 2019 /home/travis/build/icyphy/ptII/ptolemy/actor/lib/test/auto/Sleep.xml
----------------- Instantiating /home/travis/build/icyphy/ptII/ptolemy/actor/lib/test/auto/Sleep.xml
6004 ms. Memory: 587776K Free: 493763K (84%)
----------------- Invoking toplevel() on ptolemy.moml.MoMLSimpleApplication@50735d39
----------------- Done invoking toplevel() on ptolemy.moml.MoMLSimpleApplication@50735d39
reloadAllAccessors: .Sleep

===========================================================================================
----------------- testing Mon Jun 24 04:45:44 UTC 2019 /home/travis/build/icyphy/ptII/ptolemy/actor/lib/test/auto/SleepMultipleFire.xml
----------------- Instantiating /home/travis/build/icyphy/ptII/ptolemy/actor/lib/test/auto/SleepMultipleFire.xml
1006 ms. Memory: 587776K Free: 488163K (83%)
----------------- Invoking toplevel() on ptolemy.moml.MoMLSimpleApplication@56e4cb9
----------------- Done invoking toplevel() on ptolemy.moml.MoMLSimpleApplication@56e4cb9
reloadAllAccessors: .SleepMultipleFire

===========================================================================================
----------------- testing Mon Jun 24 04:45:45 UTC 2019 /home/travis/build/icyphy/ptII/ptolemy/actor/lib/test/auto/StopDE.xml
----------------- Instantiating /home/travis/build/icyphy/ptII/ptolemy/actor/lib/test/auto/StopDE.xml
3 ms. Memory: 587776K Free: 482529K (82%)
----------------- Invoking toplevel() on ptolemy.moml.MoMLSimpleApplication@766f53e5
----------------- Done invoking toplevel() on ptolemy.moml.MoMLSimpleApplication@766f53e5
reloadAllAccessors: .StopDE

===========================================================================================
----------------- testing Mon Jun 24 04:45:45 UTC 2019 /home/travis/build/icyphy/ptII/ptolemy/actor/lib/test/auto/StopSDF.xml
----------------- Instantiating /home/travis/build/icyphy/ptII/ptolemy/actor/lib/test/auto/StopSDF.xml
9 ms. Memory: 587776K Free: 477409K (81%)
----------------- Invoking toplevel() on ptolemy.moml.MoMLSimpleApplication@7948cb55
----------------- Done invoking toplevel() on ptolemy.moml.MoMLSimpleApplication@7948cb55
reloadAllAccessors: .StopSDF

===========================================================================================
----------------- testing Mon Jun 24 04:45:45 UTC 2019 /home/travis/build/icyphy/ptII/ptolemy/actor/lib/test/auto/StringConstant.xml
----------------- Instantiating /home/travis/build/icyphy/ptII/ptolemy/actor/lib/test/auto/StringConstant.xml
17 ms. Memory: 587776K Free: 473313K (81%)
----------------- Invoking toplevel() on ptolemy.moml.MoMLSimpleApplication@136546b0
----------------- Done invoking toplevel() on ptolemy.moml.MoMLSimpleApplication@136546b0
reloadAllAccessors: .StringConstant

===========================================================================================
----------------- testing Mon Jun 24 04:45:45 UTC 2019 /home/travis/build/icyphy/ptII/ptolemy/actor/lib/test/auto/SubscriberPortInitialValues1.xml
----------------- Instantiating /home/travis/build/icyphy/ptII/ptolemy/actor/lib/test/auto/SubscriberPortInitialValues1.xml
6 ms. Memory: 587776K Free: 464097K (79%)
----------------- Invoking toplevel() on ptolemy.moml.MoMLSimpleApplication@70351f24
----------------- Done invoking toplevel() on ptolemy.moml.MoMLSimpleApplication@70351f24
reloadAllAccessors: .SubscriberPortInitialValues1

===========================================================================================
----------------- testing Mon Jun 24 04:45:45 UTC 2019 /home/travis/build/icyphy/ptII/ptolemy/actor/lib/test/auto/SubscriberPortInitialValues13.xml
----------------- Instantiating /home/travis/build/icyphy/ptII/ptolemy/actor/lib/test/auto/SubscriberPortInitialValues13.xml
7 ms. Memory: 587776K Free: 451299K (77%)
----------------- Invoking toplevel() on ptolemy.moml.MoMLSimpleApplication@3052226f
----------------- Done invoking toplevel() on ptolemy.moml.MoMLSimpleApplication@3052226f
reloadAllAccessors: .SubscriberPortInitialValues13

===========================================================================================
----------------- testing Mon Jun 24 04:45:45 UTC 2019 /home/travis/build/icyphy/ptII/ptolemy/actor/lib/test/auto/SubscriberPortInitialValues14.xml
----------------- Instantiating /home/travis/build/icyphy/ptII/ptolemy/actor/lib/test/auto/SubscriberPortInitialValues14.xml
4 ms. Memory: 587776K Free: 443617K (75%)
----------------- Invoking toplevel() on ptolemy.moml.MoMLSimpleApplication@32c342e2
----------------- Done invoking toplevel() on ptolemy.moml.MoMLSimpleApplication@32c342e2
reloadAllAccessors: .SubscriberPortInitialValues14

===========================================================================================
----------------- testing Mon Jun 24 04:45:45 UTC 2019 /home/travis/build/icyphy/ptII/ptolemy/actor/lib/test/auto/SubscriberPortInitialValues2.xml
----------------- Instantiating /home/travis/build/icyphy/ptII/ptolemy/actor/lib/test/auto/SubscriberPortInitialValues2.xml
4 ms. Memory: 587776K Free: 435939K (74%)
----------------- Invoking toplevel() on ptolemy.moml.MoMLSimpleApplication@12a5075d
----------------- Done invoking toplevel() on ptolemy.moml.MoMLSimpleApplication@12a5075d
reloadAllAccessors: .SubscriberPortInitialValues2

===========================================================================================
----------------- testing Mon Jun 24 04:45:45 UTC 2019 /home/travis/build/icyphy/ptII/ptolemy/actor/lib/test/auto/SubscriberPortInitialValues3.xml
----------------- Instantiating /home/travis/build/icyphy/ptII/ptolemy/actor/lib/test/auto/SubscriberPortInitialValues3.xml
4 ms. Memory: 587776K Free: 425185K (72%)
----------------- Invoking toplevel() on ptolemy.moml.MoMLSimpleApplication@6681a17e
----------------- Done invoking toplevel() on ptolemy.moml.MoMLSimpleApplication@6681a17e
reloadAllAccessors: .SubscriberPortInitialValues3

===========================================================================================
----------------- testing Mon Jun 24 04:45:46 UTC 2019 /home/travis/build/icyphy/ptII/ptolemy/actor/lib/test/auto/SubscriptionAggregator.xml
----------------- Instantiating /home/travis/build/icyphy/ptII/ptolemy/actor/lib/test/auto/SubscriptionAggregator.xml
3 ms. Memory: 587776K Free: 418003K (71%)
----------------- Invoking toplevel() on ptolemy.moml.MoMLSimpleApplication@247b4e71
----------------- Done invoking toplevel() on ptolemy.moml.MoMLSimpleApplication@247b4e71
reloadAllAccessors: .SubscriptionAggregator

===========================================================================================
----------------- testing Mon Jun 24 04:45:46 UTC 2019 /home/travis/build/icyphy/ptII/ptolemy/actor/lib/test/auto/SubscriptionAggregator2.xml
----------------- Instantiating /home/travis/build/icyphy/ptII/ptolemy/actor/lib/test/auto/SubscriptionAggregator2.xml
8 ms. Memory: 587776K Free: 410339K (70%)
----------------- Invoking toplevel() on ptolemy.moml.MoMLSimpleApplication@57d3937e
----------------- Done invoking toplevel() on ptolemy.moml.MoMLSimpleApplication@57d3937e
reloadAllAccessors: .SubscriptionAggregator2

===========================================================================================
----------------- testing Mon Jun 24 04:45:46 UTC 2019 /home/travis/build/icyphy/ptII/ptolemy/actor/lib/test/auto/SubscriptionAggregator3.xml
----------------- Instantiating /home/travis/build/icyphy/ptII/ptolemy/actor/lib/test/auto/SubscriptionAggregator3.xml
4 ms. Memory: 587776K Free: 401627K (68%)
----------------- Invoking toplevel() on ptolemy.moml.MoMLSimpleApplication@7589193f
----------------- Done invoking toplevel() on ptolemy.moml.MoMLSimpleApplication@7589193f
reloadAllAccessors: .SubscriptionAggregator3

===========================================================================================
----------------- testing Mon Jun 24 04:45:46 UTC 2019 /home/travis/build/icyphy/ptII/ptolemy/actor/lib/test/auto/SubscriptionAggregatorMultiply.xml
----------------- Instantiating /home/travis/build/icyphy/ptII/ptolemy/actor/lib/test/auto/SubscriptionAggregatorMultiply.xml
9 ms. Memory: 587776K Free: 392931K (67%)
----------------- Invoking toplevel() on ptolemy.moml.MoMLSimpleApplication@59be0efe
----------------- Done invoking toplevel() on ptolemy.moml.MoMLSimpleApplication@59be0efe
reloadAllAccessors: .SubscriptionAggregatorMultiply

===========================================================================================
----------------- testing Mon Jun 24 04:45:46 UTC 2019 /home/travis/build/icyphy/ptII/ptolemy/actor/lib/test/auto/SubscriptionAggregatorPortMultiply1.xml
----------------- Instantiating /home/travis/build/icyphy/ptII/ptolemy/actor/lib/test/auto/SubscriptionAggregatorPortMultiply1.xml
3 ms. Memory: 587776K Free: 385249K (66%)
----------------- Invoking toplevel() on ptolemy.moml.MoMLSimpleApplication@5d8b00e2
----------------- Done invoking toplevel() on ptolemy.moml.MoMLSimpleApplication@5d8b00e2
reloadAllAccessors: .SubscriptionAggregatorPortMultiply1

===========================================================================================
----------------- testing Mon Jun 24 04:45:46 UTC 2019 /home/travis/build/icyphy/ptII/ptolemy/actor/lib/test/auto/Switch.xml
----------------- Instantiating /home/travis/build/icyphy/ptII/ptolemy/actor/lib/test/auto/Switch.xml
9 ms. Memory: 587776K Free: 377057K (64%)
----------------- Invoking toplevel() on ptolemy.moml.MoMLSimpleApplication@383bdfc2
----------------- Done invoking toplevel() on ptolemy.moml.MoMLSimpleApplication@383bdfc2
reloadAllAccessors: .Switch

===========================================================================================
----------------- testing Mon Jun 24 04:45:46 UTC 2019 /home/travis/build/icyphy/ptII/ptolemy/actor/lib/test/auto/Switch2.xml
----------------- Instantiating /home/travis/build/icyphy/ptII/ptolemy/actor/lib/test/auto/Switch2.xml
1 ms. Memory: 587776K Free: 371937K (63%)
----------------- Invoking toplevel() on ptolemy.moml.MoMLSimpleApplication@69177321
----------------- Done invoking toplevel() on ptolemy.moml.MoMLSimpleApplication@69177321
reloadAllAccessors: .Switch2

===========================================================================================
----------------- testing Mon Jun 24 04:45:46 UTC 2019 /home/travis/build/icyphy/ptII/ptolemy/actor/lib/test/auto/SwitchDE.xml
----------------- Instantiating /home/travis/build/icyphy/ptII/ptolemy/actor/lib/test/auto/SwitchDE.xml
5 ms. Memory: 587776K Free: 365763K (62%)
----------------- Invoking toplevel() on ptolemy.moml.MoMLSimpleApplication@33f1af2a
----------------- Done invoking toplevel() on ptolemy.moml.MoMLSimpleApplication@33f1af2a
reloadAllAccessors: .SwitchDE

===========================================================================================
----------------- testing Mon Jun 24 04:45:46 UTC 2019 /home/travis/build/icyphy/ptII/ptolemy/actor/lib/test/auto/SynchronizerDE.xml
----------------- Instantiating /home/travis/build/icyphy/ptII/ptolemy/actor/lib/test/auto/SynchronizerDE.xml
10 ms. Memory: 587776K Free: 357571K (61%)
----------------- Invoking toplevel() on ptolemy.moml.MoMLSimpleApplication@13a7bf2c
----------------- Done invoking toplevel() on ptolemy.moml.MoMLSimpleApplication@13a7bf2c
reloadAllAccessors: .SynchronizerDE

===========================================================================================
----------------- testing Mon Jun 24 04:45:46 UTC 2019 /home/travis/build/icyphy/ptII/ptolemy/actor/lib/test/auto/Test.xml
----------------- Instantiating /home/travis/build/icyphy/ptII/ptolemy/actor/lib/test/auto/Test.xml
12 ms. Memory: 587776K Free: 352475K (60%)
----------------- Invoking toplevel() on ptolemy.moml.MoMLSimpleApplication@5af2c2b6
----------------- Done invoking toplevel() on ptolemy.moml.MoMLSimpleApplication@5af2c2b6
reloadAllAccessors: .Test

===========================================================================================
----------------- testing Mon Jun 24 04:45:46 UTC 2019 /home/travis/build/icyphy/ptII/ptolemy/actor/lib/test/auto/TestExceptionAttribute1.xml
----------------- Instantiating /home/travis/build/icyphy/ptII/ptolemy/actor/lib/test/auto/TestExceptionAttribute1.xml
2 ms. Memory: 587776K Free: 348385K (59%)
----------------- Invoking toplevel() on ptolemy.moml.MoMLSimpleApplication@4aa82796
----------------- Done invoking toplevel() on ptolemy.moml.MoMLSimpleApplication@4aa82796
reloadAllAccessors: .TestExceptionAttribute1

===========================================================================================
----------------- testing Mon Jun 24 04:45:46 UTC 2019 /home/travis/build/icyphy/ptII/ptolemy/actor/lib/test/auto/TestExceptionAttribute2.xml
----------------- Instantiating /home/travis/build/icyphy/ptII/ptolemy/actor/lib/test/auto/TestExceptionAttribute2.xml
2 ms. Memory: 587776K Free: 344803K (59%)
----------------- Invoking toplevel() on ptolemy.moml.MoMLSimpleApplication@4ba00650
----------------- Done invoking toplevel() on ptolemy.moml.MoMLSimpleApplication@4ba00650
reloadAllAccessors: .TestExceptionAttribute2

===========================================================================================
----------------- testing Mon Jun 24 04:45:46 UTC 2019 /home/travis/build/icyphy/ptII/ptolemy/actor/lib/test/auto/TestExceptionAttribute3.xml
----------------- Instantiating /home/travis/build/icyphy/ptII/ptolemy/actor/lib/test/auto/TestExceptionAttribute3.xml
.TestExceptionAttribute3.TestExceptionAttribute: initialize() was not invoked, but wrapup() was.  This is unusual, but not always a problem.  For example, exporting JNLP will do this.
1 ms. Memory: 587776K Free: 341217K (58%)
----------------- Invoking toplevel() on ptolemy.moml.MoMLSimpleApplication@1d34ee67
----------------- Done invoking toplevel() on ptolemy.moml.MoMLSimpleApplication@1d34ee67
reloadAllAccessors: .TestExceptionAttribute3

===========================================================================================
----------------- testing Mon Jun 24 04:45:46 UTC 2019 /home/travis/build/icyphy/ptII/ptolemy/actor/lib/test/auto/TestExceptionAttribute4.xml
----------------- Instantiating /home/travis/build/icyphy/ptII/ptolemy/actor/lib/test/auto/TestExceptionAttribute4.xml
.TestExceptionAttribute4.TestExceptionAttribute: initialize() was not invoked, but wrapup() was.  This is unusual, but not always a problem.  For example, exporting JNLP will do this.
.TestExceptionAttribute4.TestExceptionAttribute2: initialize() was not invoked, but wrapup() was.  This is unusual, but not always a problem.  For example, exporting JNLP will do this.
1 ms. Memory: 587776K Free: 336097K (57%)
----------------- Invoking toplevel() on ptolemy.moml.MoMLSimpleApplication@7dd273f1
----------------- Done invoking toplevel() on ptolemy.moml.MoMLSimpleApplication@7dd273f1
reloadAllAccessors: .TestExceptionAttribute4

===========================================================================================
----------------- testing Mon Jun 24 04:45:46 UTC 2019 /home/travis/build/icyphy/ptII/ptolemy/actor/lib/test/auto/TestExceptionHandler1.xml
----------------- Instantiating /home/travis/build/icyphy/ptII/ptolemy/actor/lib/test/auto/TestExceptionHandler1.xml
1 ms. Memory: 587776K Free: 332515K (57%)
----------------- Invoking toplevel() on ptolemy.moml.MoMLSimpleApplication@1ab5cc62
----------------- Done invoking toplevel() on ptolemy.moml.MoMLSimpleApplication@1ab5cc62
reloadAllAccessors: .TestExceptionHandler1

===========================================================================================
----------------- testing Mon Jun 24 04:45:46 UTC 2019 /home/travis/build/icyphy/ptII/ptolemy/actor/lib/test/auto/TestExceptionHandler2.xml
----------------- Instantiating /home/travis/build/icyphy/ptII/ptolemy/actor/lib/test/auto/TestExceptionHandler2.xml
1 ms. Memory: 587776K Free: 328419K (56%)
----------------- Invoking toplevel() on ptolemy.moml.MoMLSimpleApplication@203b9908
----------------- Done invoking toplevel() on ptolemy.moml.MoMLSimpleApplication@203b9908
reloadAllAccessors: .TestExceptionHandler2

===========================================================================================
----------------- testing Mon Jun 24 04:45:46 UTC 2019 /home/travis/build/icyphy/ptII/ptolemy/actor/lib/test/auto/TestExceptionHandler3.xml
----------------- Instantiating /home/travis/build/icyphy/ptII/ptolemy/actor/lib/test/auto/TestExceptionHandler3.xml
1 ms. Memory: 587776K Free: 324833K (55%)
----------------- Invoking toplevel() on ptolemy.moml.MoMLSimpleApplication@74ecec8e
----------------- Done invoking toplevel() on ptolemy.moml.MoMLSimpleApplication@74ecec8e
reloadAllAccessors: .TestExceptionHandler3

===========================================================================================
----------------- testing Mon Jun 24 04:45:46 UTC 2019 /home/travis/build/icyphy/ptII/ptolemy/actor/lib/test/auto/TestExceptionHandler4.xml
----------------- Instantiating /home/travis/build/icyphy/ptII/ptolemy/actor/lib/test/auto/TestExceptionHandler4.xml
1 ms. Memory: 587776K Free: 320737K (55%)
----------------- Invoking toplevel() on ptolemy.moml.MoMLSimpleApplication@3b70431c
----------------- Done invoking toplevel() on ptolemy.moml.MoMLSimpleApplication@3b70431c
reloadAllAccessors: .TestExceptionHandler4

===========================================================================================
----------------- testing Mon Jun 24 04:45:46 UTC 2019 /home/travis/build/icyphy/ptII/ptolemy/actor/lib/test/auto/TestRequireCorrectOrder.xml
----------------- Instantiating /home/travis/build/icyphy/ptII/ptolemy/actor/lib/test/auto/TestRequireCorrectOrder.xml
6 ms. Memory: 587776K Free: 315587K (54%)
----------------- Invoking toplevel() on ptolemy.moml.MoMLSimpleApplication@2f8c5575
----------------- Done invoking toplevel() on ptolemy.moml.MoMLSimpleApplication@2f8c5575
reloadAllAccessors: .TestRequireCorrectOrder

===========================================================================================
----------------- testing Mon Jun 24 04:45:46 UTC 2019 /home/travis/build/icyphy/ptII/ptolemy/actor/lib/test/auto/TestSimple.xml
----------------- Instantiating /home/travis/build/icyphy/ptII/ptolemy/actor/lib/test/auto/TestSimple.xml
2 ms. Memory: 587776K Free: 310497K (53%)
----------------- Invoking toplevel() on ptolemy.moml.MoMLSimpleApplication@a6cfc16
----------------- Done invoking toplevel() on ptolemy.moml.MoMLSimpleApplication@a6cfc16
reloadAllAccessors: .TestSimple

===========================================================================================
----------------- testing Mon Jun 24 04:45:46 UTC 2019 /home/travis/build/icyphy/ptII/ptolemy/actor/lib/test/auto/ThrowModelError.xml
----------------- Instantiating /home/travis/build/icyphy/ptII/ptolemy/actor/lib/test/auto/ThrowModelError.xml
2 ms. Memory: 587776K Free: 305891K (52%)
----------------- Invoking toplevel() on ptolemy.moml.MoMLSimpleApplication@11198bb1
----------------- Done invoking toplevel() on ptolemy.moml.MoMLSimpleApplication@11198bb1
reloadAllAccessors: .ThrowModelError

===========================================================================================
----------------- testing Mon Jun 24 04:45:46 UTC 2019 /home/travis/build/icyphy/ptII/ptolemy/actor/lib/test/auto/TimeDelayMicrosteps.xml
----------------- Instantiating /home/travis/build/icyphy/ptII/ptolemy/actor/lib/test/auto/TimeDelayMicrosteps.xml
4 ms. Memory: 587776K Free: 299219K (51%)
----------------- Invoking toplevel() on ptolemy.moml.MoMLSimpleApplication@586fe95f
----------------- Done invoking toplevel() on ptolemy.moml.MoMLSimpleApplication@586fe95f
reloadAllAccessors: .TimeDelayMicrosteps

===========================================================================================
----------------- testing Mon Jun 24 04:45:46 UTC 2019 /home/travis/build/icyphy/ptII/ptolemy/actor/lib/test/auto/TimeDelayMicrosteps2.xml
----------------- Instantiating /home/travis/build/icyphy/ptII/ptolemy/actor/lib/test/auto/TimeDelayMicrosteps2.xml
4 ms. Memory: 587776K Free: 292035K (50%)
----------------- Invoking toplevel() on ptolemy.moml.MoMLSimpleApplication@77072a4c
----------------- Done invoking toplevel() on ptolemy.moml.MoMLSimpleApplication@77072a4c
reloadAllAccessors: .TimeDelayMicrosteps2

===========================================================================================
----------------- testing Mon Jun 24 04:45:46 UTC 2019 /home/travis/build/icyphy/ptII/ptolemy/actor/lib/test/auto/TimeDelayMicrosteps3.xml
----------------- Instantiating /home/travis/build/icyphy/ptII/ptolemy/actor/lib/test/auto/TimeDelayMicrosteps3.xml
3 ms. Memory: 587776K Free: 284891K (48%)
----------------- Invoking toplevel() on ptolemy.moml.MoMLSimpleApplication@5cc4ade7
----------------- Done invoking toplevel() on ptolemy.moml.MoMLSimpleApplication@5cc4ade7
reloadAllAccessors: .TimeDelayMicrosteps3

===========================================================================================
----------------- testing Mon Jun 24 04:45:46 UTC 2019 /home/travis/build/icyphy/ptII/ptolemy/actor/lib/test/auto/TimeDelayVariableMicrosteps.xml
----------------- Instantiating /home/travis/build/icyphy/ptII/ptolemy/actor/lib/test/auto/TimeDelayVariableMicrosteps.xml
3 ms. Memory: 587776K Free: 278243K (47%)
----------------- Invoking toplevel() on ptolemy.moml.MoMLSimpleApplication@74ea90f8
----------------- Done invoking toplevel() on ptolemy.moml.MoMLSimpleApplication@74ea90f8
reloadAllAccessors: .TimeDelayVariableMicrosteps

===========================================================================================
----------------- testing Mon Jun 24 04:45:46 UTC 2019 /home/travis/build/icyphy/ptII/ptolemy/actor/lib/test/auto/TimeGap.xml
----------------- Instantiating /home/travis/build/icyphy/ptII/ptolemy/actor/lib/test/auto/TimeGap.xml
3 ms. Memory: 587776K Free: 273123K (46%)
----------------- Invoking toplevel() on ptolemy.moml.MoMLSimpleApplication@6be2f95b
----------------- Done invoking toplevel() on ptolemy.moml.MoMLSimpleApplication@6be2f95b
reloadAllAccessors: .TimeGap

===========================================================================================
----------------- testing Mon Jun 24 04:45:46 UTC 2019 /home/travis/build/icyphy/ptII/ptolemy/actor/lib/test/auto/TimeGap2.xml
----------------- Instantiating /home/travis/build/icyphy/ptII/ptolemy/actor/lib/test/auto/TimeGap2.xml
2 ms. Memory: 587776K Free: 267475K (46%)
----------------- Invoking toplevel() on ptolemy.moml.MoMLSimpleApplication@7dfee49f
----------------- Done invoking toplevel() on ptolemy.moml.MoMLSimpleApplication@7dfee49f
reloadAllAccessors: .TimeGap2

===========================================================================================
----------------- testing Mon Jun 24 04:45:46 UTC 2019 /home/travis/build/icyphy/ptII/ptolemy/actor/lib/test/auto/TimedSinewave.xml
----------------- Instantiating /home/travis/build/icyphy/ptII/ptolemy/actor/lib/test/auto/TimedSinewave.xml
25 ms. Memory: 587776K Free: 253153K (43%)
----------------- Invoking toplevel() on ptolemy.moml.MoMLSimpleApplication@2bd59ad7
----------------- Done invoking toplevel() on ptolemy.moml.MoMLSimpleApplication@2bd59ad7
reloadAllAccessors: .TimedSinewave

===========================================================================================
----------------- testing Mon Jun 24 04:45:46 UTC 2019 /home/travis/build/icyphy/ptII/ptolemy/actor/lib/test/auto/TimedSinewavePhase.xml
----------------- Instantiating /home/travis/build/icyphy/ptII/ptolemy/actor/lib/test/auto/TimedSinewavePhase.xml
14 ms. Memory: 587776K Free: 242913K (41%)
----------------- Invoking toplevel() on ptolemy.moml.MoMLSimpleApplication@1d50ac36
----------------- Done invoking toplevel() on ptolemy.moml.MoMLSimpleApplication@1d50ac36
reloadAllAccessors: .TimedSinewavePhase

===========================================================================================
----------------- testing Mon Jun 24 04:45:46 UTC 2019 /home/travis/build/icyphy/ptII/ptolemy/actor/lib/test/auto/Timer.xml
----------------- Instantiating /home/travis/build/icyphy/ptII/ptolemy/actor/lib/test/auto/Timer.xml
5 ms. Memory: 587776K Free: 237283K (40%)
----------------- Invoking toplevel() on ptolemy.moml.MoMLSimpleApplication@668106d
----------------- Done invoking toplevel() on ptolemy.moml.MoMLSimpleApplication@668106d
reloadAllAccessors: .Timer

===========================================================================================
----------------- testing Mon Jun 24 04:45:46 UTC 2019 /home/travis/build/icyphy/ptII/ptolemy/actor/lib/test/auto/TriangularDistTestModel.xml
----------------- Instantiating /home/travis/build/icyphy/ptII/ptolemy/actor/lib/test/auto/TriangularDistTestModel.xml
2 ms. Memory: 587776K Free: 231139K (39%)
----------------- Invoking toplevel() on ptolemy.moml.MoMLSimpleApplication@3e682203
----------------- Done invoking toplevel() on ptolemy.moml.MoMLSimpleApplication@3e682203
reloadAllAccessors: .TriangularDistTestModel

===========================================================================================
----------------- testing Mon Jun 24 04:45:46 UTC 2019 /home/travis/build/icyphy/ptII/ptolemy/actor/lib/test/auto/TrigFunction.xml
----------------- Instantiating /home/travis/build/icyphy/ptII/ptolemy/actor/lib/test/auto/TrigFunction.xml
2 ms. Memory: 587776K Free: 226529K (39%)
----------------- Invoking toplevel() on ptolemy.moml.MoMLSimpleApplication@3129d0e3
----------------- Done invoking toplevel() on ptolemy.moml.MoMLSimpleApplication@3129d0e3
reloadAllAccessors: .TrigFunction

===========================================================================================
----------------- testing Mon Jun 24 04:45:46 UTC 2019 /home/travis/build/icyphy/ptII/ptolemy/actor/lib/test/auto/TrigFunctionDE.xml
----------------- Instantiating /home/travis/build/icyphy/ptII/ptolemy/actor/lib/test/auto/TrigFunctionDE.xml
1 ms. Memory: 587776K Free: 220899K (38%)
----------------- Invoking toplevel() on ptolemy.moml.MoMLSimpleApplication@633231af
----------------- Done invoking toplevel() on ptolemy.moml.MoMLSimpleApplication@633231af
reloadAllAccessors: .TrigFunctionDE

===========================================================================================
----------------- testing Mon Jun 24 04:45:46 UTC 2019 /home/travis/build/icyphy/ptII/ptolemy/actor/lib/test/auto/TrigFunctionInverse.xml
----------------- Instantiating /home/travis/build/icyphy/ptII/ptolemy/actor/lib/test/auto/TrigFunctionInverse.xml
2 ms. Memory: 587776K Free: 215779K (37%)
----------------- Invoking toplevel() on ptolemy.moml.MoMLSimpleApplication@5b17c3b6
----------------- Done invoking toplevel() on ptolemy.moml.MoMLSimpleApplication@5b17c3b6
reloadAllAccessors: .TrigFunctionInverse

===========================================================================================
----------------- testing Mon Jun 24 04:45:46 UTC 2019 /home/travis/build/icyphy/ptII/ptolemy/actor/lib/test/auto/TrigFunctionTan.xml
----------------- Instantiating /home/travis/build/icyphy/ptII/ptolemy/actor/lib/test/auto/TrigFunctionTan.xml
1 ms. Memory: 587776K Free: 211169K (36%)
----------------- Invoking toplevel() on ptolemy.moml.MoMLSimpleApplication@44222aa
----------------- Done invoking toplevel() on ptolemy.moml.MoMLSimpleApplication@44222aa
reloadAllAccessors: .TrigFunctionTan

===========================================================================================
----------------- testing Mon Jun 24 04:45:46 UTC 2019 /home/travis/build/icyphy/ptII/ptolemy/actor/lib/test/auto/TriggeredClock.xml
----------------- Instantiating /home/travis/build/icyphy/ptII/ptolemy/actor/lib/test/auto/TriggeredClock.xml
1 ms. Memory: 587776K Free: 206035K (35%)
----------------- Invoking toplevel() on ptolemy.moml.MoMLSimpleApplication@509fb439
----------------- Done invoking toplevel() on ptolemy.moml.MoMLSimpleApplication@509fb439
reloadAllAccessors: .TriggeredClock

===========================================================================================
----------------- testing Mon Jun 24 04:45:46 UTC 2019 /home/travis/build/icyphy/ptII/ptolemy/actor/lib/test/auto/URLDirectoryReader.xml
----------------- Instantiating /home/travis/build/icyphy/ptII/ptolemy/actor/lib/test/auto/URLDirectoryReader.xml
76 ms. Memory: 587776K Free: 535785K (91%)
----------------- Invoking toplevel() on ptolemy.moml.MoMLSimpleApplication@2c3caaa5
----------------- Done invoking toplevel() on ptolemy.moml.MoMLSimpleApplication@2c3caaa5
reloadAllAccessors: .URLDirectoryReader

===========================================================================================
----------------- testing Mon Jun 24 04:45:46 UTC 2019 /home/travis/build/icyphy/ptII/ptolemy/actor/lib/test/auto/URLDirectoryReader3.xml
----------------- Instantiating /home/travis/build/icyphy/ptII/ptolemy/actor/lib/test/auto/URLDirectoryReader3.xml
2234 ms. Memory: 587776K Free: 529085K (90%)
----------------- Invoking toplevel() on ptolemy.moml.MoMLSimpleApplication@4d7b90f4
----------------- Done invoking toplevel() on ptolemy.moml.MoMLSimpleApplication@4d7b90f4
reloadAllAccessors: .URLDirectoryReader3

===========================================================================================
----------------- testing Mon Jun 24 04:45:49 UTC 2019 /home/travis/build/icyphy/ptII/ptolemy/actor/lib/test/auto/UnaryMathFunction.xml
----------------- Instantiating /home/travis/build/icyphy/ptII/ptolemy/actor/lib/test/auto/UnaryMathFunction.xml
3 ms. Memory: 587776K Free: 521214K (89%)
----------------- Invoking toplevel() on ptolemy.moml.MoMLSimpleApplication@730922a6
----------------- Done invoking toplevel() on ptolemy.moml.MoMLSimpleApplication@730922a6
reloadAllAccessors: .UnaryMathFunction

===========================================================================================
----------------- testing Mon Jun 24 04:45:49 UTC 2019 /home/travis/build/icyphy/ptII/ptolemy/actor/lib/test/auto/Uniform.xml
----------------- Instantiating /home/travis/build/icyphy/ptII/ptolemy/actor/lib/test/auto/Uniform.xml
4 ms. Memory: 587776K Free: 516608K (88%)
----------------- Invoking toplevel() on ptolemy.moml.MoMLSimpleApplication@21adf4d7
----------------- Done invoking toplevel() on ptolemy.moml.MoMLSimpleApplication@21adf4d7
reloadAllAccessors: .Uniform

===========================================================================================
----------------- testing Mon Jun 24 04:45:49 UTC 2019 /home/travis/build/icyphy/ptII/ptolemy/actor/lib/test/auto/UnionDisassemblerTest.xml
----------------- Instantiating /home/travis/build/icyphy/ptII/ptolemy/actor/lib/test/auto/UnionDisassemblerTest.xml
14 ms. Memory: 587776K Free: 512991K (87%)
----------------- Invoking toplevel() on ptolemy.moml.MoMLSimpleApplication@2a2ab142
----------------- Done invoking toplevel() on ptolemy.moml.MoMLSimpleApplication@2a2ab142
reloadAllAccessors: .UnionDisassemblerTest

===========================================================================================
----------------- testing Mon Jun 24 04:45:49 UTC 2019 /home/travis/build/icyphy/ptII/ptolemy/actor/lib/test/auto/UtilityFunctions.xml
----------------- Instantiating /home/travis/build/icyphy/ptII/ptolemy/actor/lib/test/auto/UtilityFunctions.xml
1 ms. Memory: 587776K Free: 508926K (87%)
----------------- Invoking toplevel() on ptolemy.moml.MoMLSimpleApplication@14da6067
----------------- Done invoking toplevel() on ptolemy.moml.MoMLSimpleApplication@14da6067
reloadAllAccessors: .UtilityFunctions

===========================================================================================
----------------- testing Mon Jun 24 04:45:49 UTC 2019 /home/travis/build/icyphy/ptII/ptolemy/actor/lib/test/auto/VariableSleep.xml
----------------- Instantiating /home/travis/build/icyphy/ptII/ptolemy/actor/lib/test/auto/VariableSleep.xml
503 ms. Memory: 587776K Free: 503296K (86%)
----------------- Invoking toplevel() on ptolemy.moml.MoMLSimpleApplication@5c67b16f
----------------- Done invoking toplevel() on ptolemy.moml.MoMLSimpleApplication@5c67b16f
reloadAllAccessors: .VariableSleep

===========================================================================================
----------------- testing Mon Jun 24 04:45:49 UTC 2019 /home/travis/build/icyphy/ptII/ptolemy/actor/lib/test/auto/VectorAssemblerDisassemblerCT.xml
----------------- Instantiating /home/travis/build/icyphy/ptII/ptolemy/actor/lib/test/auto/VectorAssemblerDisassemblerCT.xml
80 ms. Memory: 587776K Free: 483326K (82%)
----------------- Invoking toplevel() on ptolemy.moml.MoMLSimpleApplication@2cf9b85a
----------------- Done invoking toplevel() on ptolemy.moml.MoMLSimpleApplication@2cf9b85a
reloadAllAccessors: .VectorAssemblerDisassemblerCT

===========================================================================================
----------------- testing Mon Jun 24 04:45:50 UTC 2019 /home/travis/build/icyphy/ptII/ptolemy/actor/lib/test/auto/VectorAssemblerDisassemblerDE.xml
----------------- Instantiating /home/travis/build/icyphy/ptII/ptolemy/actor/lib/test/auto/VectorAssemblerDisassemblerDE.xml
2 ms. Memory: 587776K Free: 475648K (81%)
----------------- Invoking toplevel() on ptolemy.moml.MoMLSimpleApplication@4f5b8b1a
----------------- Done invoking toplevel() on ptolemy.moml.MoMLSimpleApplication@4f5b8b1a
reloadAllAccessors: .VectorAssemblerDisassemblerDE

===========================================================================================
----------------- testing Mon Jun 24 04:45:50 UTC 2019 /home/travis/build/icyphy/ptII/ptolemy/actor/lib/test/auto/VectorAssemblerDisassemblerSDF.xml
----------------- Instantiating /home/travis/build/icyphy/ptII/ptolemy/actor/lib/test/auto/VectorAssemblerDisassemblerSDF.xml
3 ms. Memory: 587776K Free: 469504K (80%)
----------------- Invoking toplevel() on ptolemy.moml.MoMLSimpleApplication@3a5f64b
----------------- Done invoking toplevel() on ptolemy.moml.MoMLSimpleApplication@3a5f64b
reloadAllAccessors: .VectorAssemblerDisassemblerSDF

===========================================================================================
----------------- testing Mon Jun 24 04:45:50 UTC 2019 /home/travis/build/icyphy/ptII/ptolemy/actor/lib/test/auto/WallClockTime.xml
----------------- Instantiating /home/travis/build/icyphy/ptII/ptolemy/actor/lib/test/auto/WallClockTime.xml
1005 ms. Memory: 587776K Free: 463870K (79%)
----------------- Invoking toplevel() on ptolemy.moml.MoMLSimpleApplication@2dd31f8c
----------------- Done invoking toplevel() on ptolemy.moml.MoMLSimpleApplication@2dd31f8c
reloadAllAccessors: .WallClockTime

===========================================================================================
----------------- testing Mon Jun 24 04:45:51 UTC 2019 /home/travis/build/icyphy/ptII/ptolemy/actor/lib/test/auto/WidthTestWithSubscriberPublisher.xml
----------------- Instantiating /home/travis/build/icyphy/ptII/ptolemy/actor/lib/test/auto/WidthTestWithSubscriberPublisher.xml
14 ms. Memory: 587776K Free: 445438K (76%)
----------------- Invoking toplevel() on ptolemy.moml.MoMLSimpleApplication@362cecc5
----------------- Done invoking toplevel() on ptolemy.moml.MoMLSimpleApplication@362cecc5
reloadAllAccessors: .WidthTestWithSubscriberPublisher

===========================================================================================
----------------- testing Mon Jun 24 04:45:51 UTC 2019 /home/travis/build/icyphy/ptII/ptolemy/actor/lib/test/auto/WidthTestWithSubscriberPublisher2.xml
----------------- Instantiating /home/travis/build/icyphy/ptII/ptolemy/actor/lib/test/auto/WidthTestWithSubscriberPublisher2.xml
2 ms. Memory: 587776K Free: 439294K (75%)
----------------- Invoking toplevel() on ptolemy.moml.MoMLSimpleApplication@7c24870b
----------------- Done invoking toplevel() on ptolemy.moml.MoMLSimpleApplication@7c24870b
reloadAllAccessors: .WidthTestWithSubscriberPublisher2

===========================================================================================
----------------- testing Mon Jun 24 04:45:51 UTC 2019 /home/travis/build/icyphy/ptII/ptolemy/actor/lib/test/auto/WidthTestWithSubscriberPublisher3.xml
----------------- Instantiating /home/travis/build/icyphy/ptII/ptolemy/actor/lib/test/auto/WidthTestWithSubscriberPublisher3.xml
2 ms. Memory: 587776K Free: 433664K (74%)
----------------- Invoking toplevel() on ptolemy.moml.MoMLSimpleApplication@1dd47b8d
----------------- Done invoking toplevel() on ptolemy.moml.MoMLSimpleApplication@1dd47b8d
reloadAllAccessors: .WidthTestWithSubscriberPublisher3

===========================================================================================
----------------- testing Mon Jun 24 04:45:51 UTC 2019 /home/travis/build/icyphy/ptII/ptolemy/actor/lib/test/auto/Writer.xml
----------------- Instantiating /home/travis/build/icyphy/ptII/ptolemy/actor/lib/test/auto/Writer.xml
0
1
2
3
4
1 ms. Memory: 587776K Free: 429047K (73%)
----------------- Invoking toplevel() on ptolemy.moml.MoMLSimpleApplication@1f6ab2aa
----------------- Done invoking toplevel() on ptolemy.moml.MoMLSimpleApplication@1f6ab2aa
reloadAllAccessors: .Writer

===========================================================================================
----------------- testing Mon Jun 24 04:45:51 UTC 2019 /home/travis/build/icyphy/ptII/ptolemy/actor/lib/test/auto/array.xml
----------------- Instantiating /home/travis/build/icyphy/ptII/ptolemy/actor/lib/test/auto/array.xml
2 ms. Memory: 587776K Free: 424448K (72%)
----------------- Invoking toplevel() on ptolemy.moml.MoMLSimpleApplication@63ac00f6
----------------- Done invoking toplevel() on ptolemy.moml.MoMLSimpleApplication@63ac00f6
reloadAllAccessors: .array

===========================================================================================
----------------- testing Mon Jun 24 04:45:51 UTC 2019 /home/travis/build/icyphy/ptII/ptolemy/actor/lib/test/auto/array2.xml
----------------- Instantiating /home/travis/build/icyphy/ptII/ptolemy/actor/lib/test/auto/array2.xml
5 ms. Memory: 587776K Free: 419823K (71%)
----------------- Invoking toplevel() on ptolemy.moml.MoMLSimpleApplication@31e75c53
----------------- Done invoking toplevel() on ptolemy.moml.MoMLSimpleApplication@31e75c53
reloadAllAccessors: .array2

===========================================================================================
----------------- testing Mon Jun 24 04:45:51 UTC 2019 /home/travis/build/icyphy/ptII/ptolemy/actor/lib/test/auto/arrayType.xml
----------------- Instantiating /home/travis/build/icyphy/ptII/ptolemy/actor/lib/test/auto/arrayType.xml
4 ms. Memory: 587776K Free: 414208K (70%)
----------------- Invoking toplevel() on ptolemy.moml.MoMLSimpleApplication@763d186e
----------------- Done invoking toplevel() on ptolemy.moml.MoMLSimpleApplication@763d186e
reloadAllAccessors: .arrayType

===========================================================================================
----------------- testing Mon Jun 24 04:45:51 UTC 2019 /home/travis/build/icyphy/ptII/ptolemy/actor/lib/test/auto/arrayType10.xml
----------------- Instantiating /home/travis/build/icyphy/ptII/ptolemy/actor/lib/test/auto/arrayType10.xml
1 ms. Memory: 587776K Free: 409598K (70%)
----------------- Invoking toplevel() on ptolemy.moml.MoMLSimpleApplication@361066ed
----------------- Done invoking toplevel() on ptolemy.moml.MoMLSimpleApplication@361066ed
reloadAllAccessors: .arrayType10

===========================================================================================
----------------- testing Mon Jun 24 04:45:51 UTC 2019 /home/travis/build/icyphy/ptII/ptolemy/actor/lib/test/auto/arrayType11.xml
----------------- Instantiating /home/travis/build/icyphy/ptII/ptolemy/actor/lib/test/auto/arrayType11.xml
2 ms. Memory: 587776K Free: 404478K (69%)
----------------- Invoking toplevel() on ptolemy.moml.MoMLSimpleApplication@343d9355
----------------- Done invoking toplevel() on ptolemy.moml.MoMLSimpleApplication@343d9355
reloadAllAccessors: .arrayType11

===========================================================================================
----------------- testing Mon Jun 24 04:45:51 UTC 2019 /home/travis/build/icyphy/ptII/ptolemy/actor/lib/test/auto/arrayType12.xml
----------------- Instantiating /home/travis/build/icyphy/ptII/ptolemy/actor/lib/test/auto/arrayType12.xml
1 ms. Memory: 587776K Free: 399872K (68%)
----------------- Invoking toplevel() on ptolemy.moml.MoMLSimpleApplication@5b399813
----------------- Done invoking toplevel() on ptolemy.moml.MoMLSimpleApplication@5b399813
reloadAllAccessors: .arrayType12

===========================================================================================
----------------- testing Mon Jun 24 04:45:51 UTC 2019 /home/travis/build/icyphy/ptII/ptolemy/actor/lib/test/auto/arrayType13.xml
----------------- Instantiating /home/travis/build/icyphy/ptII/ptolemy/actor/lib/test/auto/arrayType13.xml
1 ms. Memory: 587776K Free: 394752K (67%)
----------------- Invoking toplevel() on ptolemy.moml.MoMLSimpleApplication@49830f3
----------------- Done invoking toplevel() on ptolemy.moml.MoMLSimpleApplication@49830f3
reloadAllAccessors: .arrayType13

===========================================================================================
----------------- testing Mon Jun 24 04:45:51 UTC 2019 /home/travis/build/icyphy/ptII/ptolemy/actor/lib/test/auto/arrayType14.xml
----------------- Instantiating /home/travis/build/icyphy/ptII/ptolemy/actor/lib/test/auto/arrayType14.xml
2 ms. Memory: 587776K Free: 389118K (66%)
----------------- Invoking toplevel() on ptolemy.moml.MoMLSimpleApplication@66e8d58e
----------------- Done invoking toplevel() on ptolemy.moml.MoMLSimpleApplication@66e8d58e
reloadAllAccessors: .arrayType14

===========================================================================================
----------------- testing Mon Jun 24 04:45:51 UTC 2019 /home/travis/build/icyphy/ptII/ptolemy/actor/lib/test/auto/arrayType15.xml
----------------- Instantiating /home/travis/build/icyphy/ptII/ptolemy/actor/lib/test/auto/arrayType15.xml
2 ms. Memory: 587776K Free: 383998K (65%)
----------------- Invoking toplevel() on ptolemy.moml.MoMLSimpleApplication@60c598f9
----------------- Done invoking toplevel() on ptolemy.moml.MoMLSimpleApplication@60c598f9
reloadAllAccessors: .arrayType15

===========================================================================================
----------------- testing Mon Jun 24 04:45:51 UTC 2019 /home/travis/build/icyphy/ptII/ptolemy/actor/lib/test/auto/arrayType16.xml
----------------- Instantiating /home/travis/build/icyphy/ptII/ptolemy/actor/lib/test/auto/arrayType16.xml
1 ms. Memory: 587776K Free: 378878K (64%)
----------------- Invoking toplevel() on ptolemy.moml.MoMLSimpleApplication@3bf5ac7a
----------------- Done invoking toplevel() on ptolemy.moml.MoMLSimpleApplication@3bf5ac7a
reloadAllAccessors: .arrayType16

===========================================================================================
----------------- testing Mon Jun 24 04:45:51 UTC 2019 /home/travis/build/icyphy/ptII/ptolemy/actor/lib/test/auto/arrayType17.xml
----------------- Instantiating /home/travis/build/icyphy/ptII/ptolemy/actor/lib/test/auto/arrayType17.xml
1 ms. Memory: 587776K Free: 373248K (64%)
----------------- Invoking toplevel() on ptolemy.moml.MoMLSimpleApplication@3fa10689
----------------- Done invoking toplevel() on ptolemy.moml.MoMLSimpleApplication@3fa10689
reloadAllAccessors: .arrayType17

===========================================================================================
----------------- testing Mon Jun 24 04:45:51 UTC 2019 /home/travis/build/icyphy/ptII/ptolemy/actor/lib/test/auto/arrayType18.xml
----------------- Instantiating /home/travis/build/icyphy/ptII/ptolemy/actor/lib/test/auto/arrayType18.xml
1 ms. Memory: 587776K Free: 368638K (63%)
----------------- Invoking toplevel() on ptolemy.moml.MoMLSimpleApplication@6c197c56
----------------- Done invoking toplevel() on ptolemy.moml.MoMLSimpleApplication@6c197c56
reloadAllAccessors: .arrayType18

===========================================================================================
----------------- testing Mon Jun 24 04:45:51 UTC 2019 /home/travis/build/icyphy/ptII/ptolemy/actor/lib/test/auto/arrayType19.xml
----------------- Instantiating /home/travis/build/icyphy/ptII/ptolemy/actor/lib/test/auto/arrayType19.xml
1 ms. Memory: 587776K Free: 363518K (62%)
----------------- Invoking toplevel() on ptolemy.moml.MoMLSimpleApplication@4033f7e4
----------------- Done invoking toplevel() on ptolemy.moml.MoMLSimpleApplication@4033f7e4
reloadAllAccessors: .arrayType19

===========================================================================================
----------------- testing Mon Jun 24 04:45:51 UTC 2019 /home/travis/build/icyphy/ptII/ptolemy/actor/lib/test/auto/arrayType2.xml
----------------- Instantiating /home/travis/build/icyphy/ptII/ptolemy/actor/lib/test/auto/arrayType2.xml
2 ms. Memory: 587776K Free: 358398K (61%)
----------------- Invoking toplevel() on ptolemy.moml.MoMLSimpleApplication@6fcc13c
----------------- Done invoking toplevel() on ptolemy.moml.MoMLSimpleApplication@6fcc13c
reloadAllAccessors: .arrayType2

===========================================================================================
----------------- testing Mon Jun 24 04:45:51 UTC 2019 /home/travis/build/icyphy/ptII/ptolemy/actor/lib/test/auto/arrayType20.xml
----------------- Instantiating /home/travis/build/icyphy/ptII/ptolemy/actor/lib/test/auto/arrayType20.xml
1 ms. Memory: 587776K Free: 353792K (60%)
----------------- Invoking toplevel() on ptolemy.moml.MoMLSimpleApplication@7955a69b
----------------- Done invoking toplevel() on ptolemy.moml.MoMLSimpleApplication@7955a69b
reloadAllAccessors: .arrayType20

===========================================================================================
----------------- testing Mon Jun 24 04:45:51 UTC 2019 /home/travis/build/icyphy/ptII/ptolemy/actor/lib/test/auto/arrayType21.xml
----------------- Instantiating /home/travis/build/icyphy/ptII/ptolemy/actor/lib/test/auto/arrayType21.xml
1 ms. Memory: 587776K Free: 348672K (59%)
----------------- Invoking toplevel() on ptolemy.moml.MoMLSimpleApplication@29f024e8
----------------- Done invoking toplevel() on ptolemy.moml.MoMLSimpleApplication@29f024e8
reloadAllAccessors: .arrayType21

===========================================================================================
----------------- testing Mon Jun 24 04:45:51 UTC 2019 /home/travis/build/icyphy/ptII/ptolemy/actor/lib/test/auto/arrayType22.xml
----------------- Instantiating /home/travis/build/icyphy/ptII/ptolemy/actor/lib/test/auto/arrayType22.xml
1 ms. Memory: 587776K Free: 344062K (59%)
----------------- Invoking toplevel() on ptolemy.moml.MoMLSimpleApplication@6c651191
----------------- Done invoking toplevel() on ptolemy.moml.MoMLSimpleApplication@6c651191
reloadAllAccessors: .arrayType22

===========================================================================================
----------------- testing Mon Jun 24 04:45:51 UTC 2019 /home/travis/build/icyphy/ptII/ptolemy/actor/lib/test/auto/arrayType23.xml
----------------- Instantiating /home/travis/build/icyphy/ptII/ptolemy/actor/lib/test/auto/arrayType23.xml
1 ms. Memory: 587776K Free: 339456K (58%)
----------------- Invoking toplevel() on ptolemy.moml.MoMLSimpleApplication@bab71e6
----------------- Done invoking toplevel() on ptolemy.moml.MoMLSimpleApplication@bab71e6
reloadAllAccessors: .arrayType23

===========================================================================================
----------------- testing Mon Jun 24 04:45:51 UTC 2019 /home/travis/build/icyphy/ptII/ptolemy/actor/lib/test/auto/arrayType24.xml
----------------- Instantiating /home/travis/build/icyphy/ptII/ptolemy/actor/lib/test/auto/arrayType24.xml
3 ms. Memory: 587776K Free: 333822K (57%)
----------------- Invoking toplevel() on ptolemy.moml.MoMLSimpleApplication@24c74b2a
----------------- Done invoking toplevel() on ptolemy.moml.MoMLSimpleApplication@24c74b2a
reloadAllAccessors: .arrayType24

===========================================================================================
----------------- testing Mon Jun 24 04:45:51 UTC 2019 /home/travis/build/icyphy/ptII/ptolemy/actor/lib/test/auto/arrayType25.xml
----------------- Instantiating /home/travis/build/icyphy/ptII/ptolemy/actor/lib/test/auto/arrayType25.xml
1 ms. Memory: 587776K Free: 328702K (56%)
----------------- Invoking toplevel() on ptolemy.moml.MoMLSimpleApplication@7822d051
----------------- Done invoking toplevel() on ptolemy.moml.MoMLSimpleApplication@7822d051
reloadAllAccessors: .arrayType25

===========================================================================================
----------------- testing Mon Jun 24 04:45:51 UTC 2019 /home/travis/build/icyphy/ptII/ptolemy/actor/lib/test/auto/arrayType26.xml
----------------- Instantiating /home/travis/build/icyphy/ptII/ptolemy/actor/lib/test/auto/arrayType26.xml
1 ms. Memory: 587776K Free: 323072K (55%)
----------------- Invoking toplevel() on ptolemy.moml.MoMLSimpleApplication@150a23ec
----------------- Done invoking toplevel() on ptolemy.moml.MoMLSimpleApplication@150a23ec
reloadAllAccessors: .arrayType26

===========================================================================================
----------------- testing Mon Jun 24 04:45:51 UTC 2019 /home/travis/build/icyphy/ptII/ptolemy/actor/lib/test/auto/arrayType27.xml
----------------- Instantiating /home/travis/build/icyphy/ptII/ptolemy/actor/lib/test/auto/arrayType27.xml
1 ms. Memory: 587776K Free: 531293K (90%)
----------------- Invoking toplevel() on ptolemy.moml.MoMLSimpleApplication@cd625c6
----------------- Done invoking toplevel() on ptolemy.moml.MoMLSimpleApplication@cd625c6
reloadAllAccessors: .arrayType27

===========================================================================================
----------------- testing Mon Jun 24 04:45:51 UTC 2019 /home/travis/build/icyphy/ptII/ptolemy/actor/lib/test/auto/arrayType28.xml
----------------- Instantiating /home/travis/build/icyphy/ptII/ptolemy/actor/lib/test/auto/arrayType28.xml
1 ms. Memory: 587776K Free: 525663K (89%)
----------------- Invoking toplevel() on ptolemy.moml.MoMLSimpleApplication@424192b2
----------------- Done invoking toplevel() on ptolemy.moml.MoMLSimpleApplication@424192b2
reloadAllAccessors: .arrayType28

===========================================================================================
----------------- testing Mon Jun 24 04:45:51 UTC 2019 /home/travis/build/icyphy/ptII/ptolemy/actor/lib/test/auto/arrayType3.xml
----------------- Instantiating /home/travis/build/icyphy/ptII/ptolemy/actor/lib/test/auto/arrayType3.xml
2 ms. Memory: 587776K Free: 520543K (89%)
----------------- Invoking toplevel() on ptolemy.moml.MoMLSimpleApplication@2a8670b0
----------------- Done invoking toplevel() on ptolemy.moml.MoMLSimpleApplication@2a8670b0
reloadAllAccessors: .arrayType3

===========================================================================================
----------------- testing Mon Jun 24 04:45:51 UTC 2019 /home/travis/build/icyphy/ptII/ptolemy/actor/lib/test/auto/arrayType4.xml
----------------- Instantiating /home/travis/build/icyphy/ptII/ptolemy/actor/lib/test/auto/arrayType4.xml
2 ms. Memory: 587776K Free: 514909K (88%)
----------------- Invoking toplevel() on ptolemy.moml.MoMLSimpleApplication@60d468f1
----------------- Done invoking toplevel() on ptolemy.moml.MoMLSimpleApplication@60d468f1
reloadAllAccessors: .arrayType4

===========================================================================================
----------------- testing Mon Jun 24 04:45:51 UTC 2019 /home/travis/build/icyphy/ptII/ptolemy/actor/lib/test/auto/arrayType5.xml
----------------- Instantiating /home/travis/build/icyphy/ptII/ptolemy/actor/lib/test/auto/arrayType5.xml
1 ms. Memory: 587776K Free: 509789K (87%)
----------------- Invoking toplevel() on ptolemy.moml.MoMLSimpleApplication@1b461700
----------------- Done invoking toplevel() on ptolemy.moml.MoMLSimpleApplication@1b461700
reloadAllAccessors: .arrayType5

===========================================================================================
----------------- testing Mon Jun 24 04:45:51 UTC 2019 /home/travis/build/icyphy/ptII/ptolemy/actor/lib/test/auto/arrayType6.xml
----------------- Instantiating /home/travis/build/icyphy/ptII/ptolemy/actor/lib/test/auto/arrayType6.xml
1 ms. Memory: 587776K Free: 504669K (86%)
----------------- Invoking toplevel() on ptolemy.moml.MoMLSimpleApplication@3840508d
----------------- Done invoking toplevel() on ptolemy.moml.MoMLSimpleApplication@3840508d
reloadAllAccessors: .arrayType6

===========================================================================================
----------------- testing Mon Jun 24 04:45:51 UTC 2019 /home/travis/build/icyphy/ptII/ptolemy/actor/lib/test/auto/arrayType7.xml
----------------- Instantiating /home/travis/build/icyphy/ptII/ptolemy/actor/lib/test/auto/arrayType7.xml
2 ms. Memory: 587776K Free: 500063K (85%)
----------------- Invoking toplevel() on ptolemy.moml.MoMLSimpleApplication@ca7769d
----------------- Done invoking toplevel() on ptolemy.moml.MoMLSimpleApplication@ca7769d
reloadAllAccessors: .arrayType7

===========================================================================================
----------------- testing Mon Jun 24 04:45:51 UTC 2019 /home/travis/build/icyphy/ptII/ptolemy/actor/lib/test/auto/arrayType8.xml
----------------- Instantiating /home/travis/build/icyphy/ptII/ptolemy/actor/lib/test/auto/arrayType8.xml
2 ms. Memory: 587776K Free: 495453K (84%)
----------------- Invoking toplevel() on ptolemy.moml.MoMLSimpleApplication@5e8eddbc
----------------- Done invoking toplevel() on ptolemy.moml.MoMLSimpleApplication@5e8eddbc
reloadAllAccessors: .arrayType8

===========================================================================================
----------------- testing Mon Jun 24 04:45:51 UTC 2019 /home/travis/build/icyphy/ptII/ptolemy/actor/lib/test/auto/arrayType9.xml
----------------- Instantiating /home/travis/build/icyphy/ptII/ptolemy/actor/lib/test/auto/arrayType9.xml
1 ms. Memory: 587776K Free: 490333K (83%)
----------------- Invoking toplevel() on ptolemy.moml.MoMLSimpleApplication@71c49a75
----------------- Done invoking toplevel() on ptolemy.moml.MoMLSimpleApplication@71c49a75
reloadAllAccessors: .arrayType9

===========================================================================================
----------------- testing Mon Jun 24 04:45:51 UTC 2019 /home/travis/build/icyphy/ptII/ptolemy/actor/lib/test/auto/cast.xml
----------------- Instantiating /home/travis/build/icyphy/ptII/ptolemy/actor/lib/test/auto/cast.xml
2 ms. Memory: 587776K Free: 485727K (83%)
----------------- Invoking toplevel() on ptolemy.moml.MoMLSimpleApplication@621e12a0
----------------- Done invoking toplevel() on ptolemy.moml.MoMLSimpleApplication@621e12a0
reloadAllAccessors: .cast

===========================================================================================
----------------- testing Mon Jun 24 04:45:51 UTC 2019 /home/travis/build/icyphy/ptII/ptolemy/actor/lib/test/auto/compositeMultiPort.xml
----------------- Instantiating /home/travis/build/icyphy/ptII/ptolemy/actor/lib/test/auto/compositeMultiPort.xml
3 ms. Memory: 587776K Free: 476511K (81%)
----------------- Invoking toplevel() on ptolemy.moml.MoMLSimpleApplication@38d9b7bf
----------------- Done invoking toplevel() on ptolemy.moml.MoMLSimpleApplication@38d9b7bf
reloadAllAccessors: .compositeMultiPort

===========================================================================================
----------------- testing Mon Jun 24 04:45:51 UTC 2019 /home/travis/build/icyphy/ptII/ptolemy/actor/lib/test/auto/expressionCastInference.xml
----------------- Instantiating /home/travis/build/icyphy/ptII/ptolemy/actor/lib/test/auto/expressionCastInference.xml
2 ms. Memory: 587776K Free: 471901K (80%)
----------------- Invoking toplevel() on ptolemy.moml.MoMLSimpleApplication@505d3689
----------------- Done invoking toplevel() on ptolemy.moml.MoMLSimpleApplication@505d3689
reloadAllAccessors: .expressionCastInference

===========================================================================================
----------------- testing Mon Jun 24 04:45:51 UTC 2019 /home/travis/build/icyphy/ptII/ptolemy/actor/lib/test/auto/expressionCastInference2.xml
----------------- Instantiating /home/travis/build/icyphy/ptII/ptolemy/actor/lib/test/auto/expressionCastInference2.xml
2 ms. Memory: 587776K Free: 466781K (79%)
----------------- Invoking toplevel() on ptolemy.moml.MoMLSimpleApplication@26c7e18b
----------------- Done invoking toplevel() on ptolemy.moml.MoMLSimpleApplication@26c7e18b
reloadAllAccessors: .expressionCastInference2

===========================================================================================
----------------- testing Mon Jun 24 04:45:51 UTC 2019 /home/travis/build/icyphy/ptII/ptolemy/actor/lib/test/auto/expressionInference.xml
----------------- Instantiating /home/travis/build/icyphy/ptII/ptolemy/actor/lib/test/auto/expressionInference.xml
1 ms. Memory: 587776K Free: 462685K (79%)
----------------- Invoking toplevel() on ptolemy.moml.MoMLSimpleApplication@84f91d3
----------------- Done invoking toplevel() on ptolemy.moml.MoMLSimpleApplication@84f91d3
reloadAllAccessors: .expressionInference

===========================================================================================
----------------- testing Mon Jun 24 04:45:51 UTC 2019 /home/travis/build/icyphy/ptII/ptolemy/actor/lib/test/auto/expression_bug.xml
----------------- Instantiating /home/travis/build/icyphy/ptII/ptolemy/actor/lib/test/auto/expression_bug.xml
1 ms. Memory: 587776K Free: 458589K (78%)
----------------- Invoking toplevel() on ptolemy.moml.MoMLSimpleApplication@7c7c156b
----------------- Done invoking toplevel() on ptolemy.moml.MoMLSimpleApplication@7c7c156b
reloadAllAccessors: .expression_bug

===========================================================================================
----------------- testing Mon Jun 24 04:45:51 UTC 2019 /home/travis/build/icyphy/ptII/ptolemy/actor/lib/test/auto/factorial.xml
----------------- Instantiating /home/travis/build/icyphy/ptII/ptolemy/actor/lib/test/auto/factorial.xml
50 ms. Memory: 587776K Free: 449887K (77%)
----------------- Invoking toplevel() on ptolemy.moml.MoMLSimpleApplication@2f36d6dc
----------------- Done invoking toplevel() on ptolemy.moml.MoMLSimpleApplication@2f36d6dc
reloadAllAccessors: .factorial

===========================================================================================
----------------- testing Mon Jun 24 04:45:51 UTC 2019 /home/travis/build/icyphy/ptII/ptolemy/actor/lib/test/auto/filterTest1.xml
----------------- Instantiating /home/travis/build/icyphy/ptII/ptolemy/actor/lib/test/auto/filterTest1.xml
4 ms. Memory: 587776K Free: 444239K (76%)
----------------- Invoking toplevel() on ptolemy.moml.MoMLSimpleApplication@7d0a6fee
----------------- Done invoking toplevel() on ptolemy.moml.MoMLSimpleApplication@7d0a6fee
reloadAllAccessors: .filterTest1

===========================================================================================
----------------- testing Mon Jun 24 04:45:52 UTC 2019 /home/travis/build/icyphy/ptII/ptolemy/actor/lib/test/auto/funcApplyInConst.xml
----------------- Instantiating /home/travis/build/icyphy/ptII/ptolemy/actor/lib/test/auto/funcApplyInConst.xml
1 ms. Memory: 587776K Free: 440157K (75%)
----------------- Invoking toplevel() on ptolemy.moml.MoMLSimpleApplication@781b33c7
----------------- Done invoking toplevel() on ptolemy.moml.MoMLSimpleApplication@781b33c7
reloadAllAccessors: .funcApplyInConst

===========================================================================================
----------------- testing Mon Jun 24 04:45:52 UTC 2019 /home/travis/build/icyphy/ptII/ptolemy/actor/lib/test/auto/funcApplyInExpr.xml
----------------- Instantiating /home/travis/build/icyphy/ptII/ptolemy/actor/lib/test/auto/funcApplyInExpr.xml
2 ms. Memory: 587776K Free: 436575K (74%)
----------------- Invoking toplevel() on ptolemy.moml.MoMLSimpleApplication@25c6775f
----------------- Done invoking toplevel() on ptolemy.moml.MoMLSimpleApplication@25c6775f
reloadAllAccessors: .funcApplyInExpr

===========================================================================================
----------------- testing Mon Jun 24 04:45:52 UTC 2019 /home/travis/build/icyphy/ptII/ptolemy/actor/lib/test/auto/function.xml
----------------- Instantiating /home/travis/build/icyphy/ptII/ptolemy/actor/lib/test/auto/function.xml
2 ms. Memory: 587776K Free: 431455K (73%)
----------------- Invoking toplevel() on ptolemy.moml.MoMLSimpleApplication@5d4f0a4b
----------------- Done invoking toplevel() on ptolemy.moml.MoMLSimpleApplication@5d4f0a4b
reloadAllAccessors: .function

===========================================================================================
----------------- testing Mon Jun 24 04:45:52 UTC 2019 /home/travis/build/icyphy/ptII/ptolemy/actor/lib/test/auto/function2.xml
----------------- Instantiating /home/travis/build/icyphy/ptII/ptolemy/actor/lib/test/auto/function2.xml
2 ms. Memory: 587776K Free: 426845K (73%)
----------------- Invoking toplevel() on ptolemy.moml.MoMLSimpleApplication@51057c0d
----------------- Done invoking toplevel() on ptolemy.moml.MoMLSimpleApplication@51057c0d
reloadAllAccessors: .function2

===========================================================================================
----------------- testing Mon Jun 24 04:45:52 UTC 2019 /home/travis/build/icyphy/ptII/ptolemy/actor/lib/test/auto/function3.xml
----------------- Instantiating /home/travis/build/icyphy/ptII/ptolemy/actor/lib/test/auto/function3.xml
2 ms. Memory: 587776K Free: 422749K (72%)
----------------- Invoking toplevel() on ptolemy.moml.MoMLSimpleApplication@60f5d72
----------------- Done invoking toplevel() on ptolemy.moml.MoMLSimpleApplication@60f5d72
reloadAllAccessors: .function3

===========================================================================================
----------------- testing Mon Jun 24 04:45:52 UTC 2019 /home/travis/build/icyphy/ptII/ptolemy/actor/lib/test/auto/functionClosureTest1.xml
----------------- Instantiating /home/travis/build/icyphy/ptII/ptolemy/actor/lib/test/auto/functionClosureTest1.xml
1 ms. Memory: 587776K Free: 417629K (71%)
----------------- Invoking toplevel() on ptolemy.moml.MoMLSimpleApplication@7c650b5d
----------------- Done invoking toplevel() on ptolemy.moml.MoMLSimpleApplication@7c650b5d
reloadAllAccessors: .functionClosureTest1

===========================================================================================
----------------- testing Mon Jun 24 04:45:52 UTC 2019 /home/travis/build/icyphy/ptII/ptolemy/actor/lib/test/auto/functionClosureTest2.xml
----------------- Instantiating /home/travis/build/icyphy/ptII/ptolemy/actor/lib/test/auto/functionClosureTest2.xml
2 ms. Memory: 587776K Free: 413533K (70%)
----------------- Invoking toplevel() on ptolemy.moml.MoMLSimpleApplication@2f1ae067
----------------- Done invoking toplevel() on ptolemy.moml.MoMLSimpleApplication@2f1ae067
reloadAllAccessors: .functionClosureTest2

===========================================================================================
----------------- testing Mon Jun 24 04:45:52 UTC 2019 /home/travis/build/icyphy/ptII/ptolemy/actor/lib/test/auto/functionClosureTest3.xml
----------------- Instantiating /home/travis/build/icyphy/ptII/ptolemy/actor/lib/test/auto/functionClosureTest3.xml
3 ms. Memory: 587776K Free: 408399K (69%)
----------------- Invoking toplevel() on ptolemy.moml.MoMLSimpleApplication@3ac766e6
----------------- Done invoking toplevel() on ptolemy.moml.MoMLSimpleApplication@3ac766e6
reloadAllAccessors: .functionClosureTest3

===========================================================================================
----------------- testing Mon Jun 24 04:45:52 UTC 2019 /home/travis/build/icyphy/ptII/ptolemy/actor/lib/test/auto/functionClosureTest4.xml
----------------- Instantiating /home/travis/build/icyphy/ptII/ptolemy/actor/lib/test/auto/functionClosureTest4.xml
4 ms. Memory: 587776K Free: 401759K (68%)
----------------- Invoking toplevel() on ptolemy.moml.MoMLSimpleApplication@34ec05ab
----------------- Done invoking toplevel() on ptolemy.moml.MoMLSimpleApplication@34ec05ab
reloadAllAccessors: .functionClosureTest4

===========================================================================================
----------------- testing Mon Jun 24 04:45:52 UTC 2019 /home/travis/build/icyphy/ptII/ptolemy/actor/lib/test/auto/functionClosureTest5.xml
----------------- Instantiating /home/travis/build/icyphy/ptII/ptolemy/actor/lib/test/auto/functionClosureTest5.xml
5 ms. Memory: 587776K Free: 396095K (67%)
----------------- Invoking toplevel() on ptolemy.moml.MoMLSimpleApplication@33f6519
----------------- Done invoking toplevel() on ptolemy.moml.MoMLSimpleApplication@33f6519
reloadAllAccessors: .functionClosureTest5

===========================================================================================
----------------- testing Mon Jun 24 04:45:52 UTC 2019 /home/travis/build/icyphy/ptII/ptolemy/actor/lib/test/auto/functionClosureTest6.xml
----------------- Instantiating /home/travis/build/icyphy/ptII/ptolemy/actor/lib/test/auto/functionClosureTest6.xml
2 ms. Memory: 587776K Free: 391519K (67%)
----------------- Invoking toplevel() on ptolemy.moml.MoMLSimpleApplication@6eb1d91
----------------- Done invoking toplevel() on ptolemy.moml.MoMLSimpleApplication@6eb1d91
reloadAllAccessors: .functionClosureTest6

===========================================================================================
----------------- testing Mon Jun 24 04:45:52 UTC 2019 /home/travis/build/icyphy/ptII/ptolemy/actor/lib/test/auto/functionsOnArcs.xml
----------------- Instantiating /home/travis/build/icyphy/ptII/ptolemy/actor/lib/test/auto/functionsOnArcs.xml
2 ms. Memory: 587776K Free: 385885K (66%)
----------------- Invoking toplevel() on ptolemy.moml.MoMLSimpleApplication@4459f5c1
----------------- Done invoking toplevel() on ptolemy.moml.MoMLSimpleApplication@4459f5c1
reloadAllAccessors: .functionsOnArcs

===========================================================================================
----------------- testing Mon Jun 24 04:45:52 UTC 2019 /home/travis/build/icyphy/ptII/ptolemy/actor/lib/test/auto/functionsOnArcsHOF.xml
----------------- Instantiating /home/travis/build/icyphy/ptII/ptolemy/actor/lib/test/auto/functionsOnArcsHOF.xml
4 ms. Memory: 587776K Free: 380255K (65%)
----------------- Invoking toplevel() on ptolemy.moml.MoMLSimpleApplication@42fca9ef
----------------- Done invoking toplevel() on ptolemy.moml.MoMLSimpleApplication@42fca9ef
reloadAllAccessors: .functionsOnArcsHOF

===========================================================================================
----------------- testing Mon Jun 24 04:45:52 UTC 2019 /home/travis/build/icyphy/ptII/ptolemy/actor/lib/test/auto/logic.xml
----------------- Instantiating /home/travis/build/icyphy/ptII/ptolemy/actor/lib/test/auto/logic.xml
2 ms. Memory: 587776K Free: 372573K (63%)
----------------- Invoking toplevel() on ptolemy.moml.MoMLSimpleApplication@186a0631
----------------- Done invoking toplevel() on ptolemy.moml.MoMLSimpleApplication@186a0631
reloadAllAccessors: .logic

===========================================================================================
----------------- testing Mon Jun 24 04:45:52 UTC 2019 /home/travis/build/icyphy/ptII/ptolemy/actor/lib/test/auto/matrixType.xml
----------------- Instantiating /home/travis/build/icyphy/ptII/ptolemy/actor/lib/test/auto/matrixType.xml
2 ms. Memory: 587776K Free: 367453K (63%)
----------------- Invoking toplevel() on ptolemy.moml.MoMLSimpleApplication@351392bb
----------------- Done invoking toplevel() on ptolemy.moml.MoMLSimpleApplication@351392bb
reloadAllAccessors: .matrixType

===========================================================================================
----------------- testing Mon Jun 24 04:45:52 UTC 2019 /home/travis/build/icyphy/ptII/ptolemy/actor/lib/test/auto/matrixType10.xml
----------------- Instantiating /home/travis/build/icyphy/ptII/ptolemy/actor/lib/test/auto/matrixType10.xml
2 ms. Memory: 587776K Free: 362333K (62%)
----------------- Invoking toplevel() on ptolemy.moml.MoMLSimpleApplication@62495fdc
----------------- Done invoking toplevel() on ptolemy.moml.MoMLSimpleApplication@62495fdc
reloadAllAccessors: .matrixType10

===========================================================================================
----------------- testing Mon Jun 24 04:45:52 UTC 2019 /home/travis/build/icyphy/ptII/ptolemy/actor/lib/test/auto/matrixType11.xml
----------------- Instantiating /home/travis/build/icyphy/ptII/ptolemy/actor/lib/test/auto/matrixType11.xml
1 ms. Memory: 587776K Free: 357727K (61%)
----------------- Invoking toplevel() on ptolemy.moml.MoMLSimpleApplication@74892b05
----------------- Done invoking toplevel() on ptolemy.moml.MoMLSimpleApplication@74892b05
reloadAllAccessors: .matrixType11

===========================================================================================
----------------- testing Mon Jun 24 04:45:52 UTC 2019 /home/travis/build/icyphy/ptII/ptolemy/actor/lib/test/auto/matrixType12.xml
----------------- Instantiating /home/travis/build/icyphy/ptII/ptolemy/actor/lib/test/auto/matrixType12.xml
1 ms. Memory: 587776K Free: 352607K (60%)
----------------- Invoking toplevel() on ptolemy.moml.MoMLSimpleApplication@7df23e3d
----------------- Done invoking toplevel() on ptolemy.moml.MoMLSimpleApplication@7df23e3d
reloadAllAccessors: .matrixType12

===========================================================================================
----------------- testing Mon Jun 24 04:45:52 UTC 2019 /home/travis/build/icyphy/ptII/ptolemy/actor/lib/test/auto/matrixType13.xml
----------------- Instantiating /home/travis/build/icyphy/ptII/ptolemy/actor/lib/test/auto/matrixType13.xml
1 ms. Memory: 587776K Free: 347997K (59%)
----------------- Invoking toplevel() on ptolemy.moml.MoMLSimpleApplication@fa06b73
----------------- Done invoking toplevel() on ptolemy.moml.MoMLSimpleApplication@fa06b73
reloadAllAccessors: .matrixType13

===========================================================================================
----------------- testing Mon Jun 24 04:45:52 UTC 2019 /home/travis/build/icyphy/ptII/ptolemy/actor/lib/test/auto/matrixType14.xml
----------------- Instantiating /home/travis/build/icyphy/ptII/ptolemy/actor/lib/test/auto/matrixType14.xml
1 ms. Memory: 587776K Free: 342877K (58%)
----------------- Invoking toplevel() on ptolemy.moml.MoMLSimpleApplication@13ccd796
----------------- Done invoking toplevel() on ptolemy.moml.MoMLSimpleApplication@13ccd796
reloadAllAccessors: .matrixType14

===========================================================================================
----------------- testing Mon Jun 24 04:45:52 UTC 2019 /home/travis/build/icyphy/ptII/ptolemy/actor/lib/test/auto/matrixType2.xml
----------------- Instantiating /home/travis/build/icyphy/ptII/ptolemy/actor/lib/test/auto/matrixType2.xml
2 ms. Memory: 587776K Free: 337757K (57%)
----------------- Invoking toplevel() on ptolemy.moml.MoMLSimpleApplication@758ed91f
----------------- Done invoking toplevel() on ptolemy.moml.MoMLSimpleApplication@758ed91f
reloadAllAccessors: .matrixType2

===========================================================================================
----------------- testing Mon Jun 24 04:45:52 UTC 2019 /home/travis/build/icyphy/ptII/ptolemy/actor/lib/test/auto/matrixType3.xml
----------------- Instantiating /home/travis/build/icyphy/ptII/ptolemy/actor/lib/test/auto/matrixType3.xml
3 ms. Memory: 587776K Free: 332637K (57%)
----------------- Invoking toplevel() on ptolemy.moml.MoMLSimpleApplication@7c023d40
----------------- Done invoking toplevel() on ptolemy.moml.MoMLSimpleApplication@7c023d40
reloadAllAccessors: .matrixType3

===========================================================================================
----------------- testing Mon Jun 24 04:45:52 UTC 2019 /home/travis/build/icyphy/ptII/ptolemy/actor/lib/test/auto/matrixType4.xml
----------------- Instantiating /home/travis/build/icyphy/ptII/ptolemy/actor/lib/test/auto/matrixType4.xml
1 ms. Memory: 587776K Free: 328031K (56%)
----------------- Invoking toplevel() on ptolemy.moml.MoMLSimpleApplication@506afebb
----------------- Done invoking toplevel() on ptolemy.moml.MoMLSimpleApplication@506afebb
reloadAllAccessors: .matrixType4

===========================================================================================
----------------- testing Mon Jun 24 04:45:52 UTC 2019 /home/travis/build/icyphy/ptII/ptolemy/actor/lib/test/auto/matrixType5.xml
----------------- Instantiating /home/travis/build/icyphy/ptII/ptolemy/actor/lib/test/auto/matrixType5.xml
2 ms. Memory: 587776K Free: 322911K (55%)
----------------- Invoking toplevel() on ptolemy.moml.MoMLSimpleApplication@177d12d3
----------------- Done invoking toplevel() on ptolemy.moml.MoMLSimpleApplication@177d12d3
reloadAllAccessors: .matrixType5

===========================================================================================
----------------- testing Mon Jun 24 04:45:52 UTC 2019 /home/travis/build/icyphy/ptII/ptolemy/actor/lib/test/auto/matrixType6.xml
----------------- Instantiating /home/travis/build/icyphy/ptII/ptolemy/actor/lib/test/auto/matrixType6.xml
2 ms. Memory: 587776K Free: 318301K (54%)
----------------- Invoking toplevel() on ptolemy.moml.MoMLSimpleApplication@314cf00f
----------------- Done invoking toplevel() on ptolemy.moml.MoMLSimpleApplication@314cf00f
reloadAllAccessors: .matrixType6

===========================================================================================
----------------- testing Mon Jun 24 04:45:52 UTC 2019 /home/travis/build/icyphy/ptII/ptolemy/actor/lib/test/auto/matrixType7.xml
----------------- Instantiating /home/travis/build/icyphy/ptII/ptolemy/actor/lib/test/auto/matrixType7.xml
2 ms. Memory: 587776K Free: 313181K (53%)
----------------- Invoking toplevel() on ptolemy.moml.MoMLSimpleApplication@44c3683c
----------------- Done invoking toplevel() on ptolemy.moml.MoMLSimpleApplication@44c3683c
reloadAllAccessors: .matrixType7

===========================================================================================
----------------- testing Mon Jun 24 04:45:52 UTC 2019 /home/travis/build/icyphy/ptII/ptolemy/actor/lib/test/auto/matrixType8.xml
----------------- Instantiating /home/travis/build/icyphy/ptII/ptolemy/actor/lib/test/auto/matrixType8.xml
1 ms. Memory: 587776K Free: 308575K (52%)
----------------- Invoking toplevel() on ptolemy.moml.MoMLSimpleApplication@10e0845e
----------------- Done invoking toplevel() on ptolemy.moml.MoMLSimpleApplication@10e0845e
reloadAllAccessors: .matrixType8

===========================================================================================
----------------- testing Mon Jun 24 04:45:52 UTC 2019 /home/travis/build/icyphy/ptII/ptolemy/actor/lib/test/auto/matrixType9.xml
----------------- Instantiating /home/travis/build/icyphy/ptII/ptolemy/actor/lib/test/auto/matrixType9.xml
2 ms. Memory: 587776K Free: 303455K (52%)
----------------- Invoking toplevel() on ptolemy.moml.MoMLSimpleApplication@3f4bfafa
----------------- Done invoking toplevel() on ptolemy.moml.MoMLSimpleApplication@3f4bfafa
reloadAllAccessors: .matrixType9

===========================================================================================
----------------- testing Mon Jun 24 04:45:52 UTC 2019 /home/travis/build/icyphy/ptII/ptolemy/actor/lib/test/auto/paraFunctest.xml
----------------- Instantiating /home/travis/build/icyphy/ptII/ptolemy/actor/lib/test/auto/paraFunctest.xml
1 ms. Memory: 587776K Free: 299359K (51%)
----------------- Invoking toplevel() on ptolemy.moml.MoMLSimpleApplication@3e1784c4
----------------- Done invoking toplevel() on ptolemy.moml.MoMLSimpleApplication@3e1784c4
reloadAllAccessors: .paraFunctest

===========================================================================================
----------------- testing Mon Jun 24 04:45:52 UTC 2019 /home/travis/build/icyphy/ptII/ptolemy/actor/lib/test/auto/paraFunctest2.xml
----------------- Instantiating /home/travis/build/icyphy/ptII/ptolemy/actor/lib/test/auto/paraFunctest2.xml
2 ms. Memory: 587776K Free: 294749K (50%)
----------------- Invoking toplevel() on ptolemy.moml.MoMLSimpleApplication@7e55c27a
----------------- Done invoking toplevel() on ptolemy.moml.MoMLSimpleApplication@7e55c27a
reloadAllAccessors: .paraFunctest2

===========================================================================================
----------------- testing Mon Jun 24 04:45:52 UTC 2019 /home/travis/build/icyphy/ptII/ptolemy/actor/lib/test/auto/parameterPassing.xml
----------------- Instantiating /home/travis/build/icyphy/ptII/ptolemy/actor/lib/test/auto/parameterPassing.xml
1 ms. Memory: 587776K Free: 290653K (49%)
----------------- Invoking toplevel() on ptolemy.moml.MoMLSimpleApplication@47466a60
----------------- Done invoking toplevel() on ptolemy.moml.MoMLSimpleApplication@47466a60
reloadAllAccessors: .parameterPassing

===========================================================================================
----------------- testing Mon Jun 24 04:45:52 UTC 2019 /home/travis/build/icyphy/ptII/ptolemy/actor/lib/test/auto/record.xml
----------------- Instantiating /home/travis/build/icyphy/ptII/ptolemy/actor/lib/test/auto/record.xml
2 ms. Memory: 587776K Free: 285533K (49%)
----------------- Invoking toplevel() on ptolemy.moml.MoMLSimpleApplication@3ffa8e11
----------------- Done invoking toplevel() on ptolemy.moml.MoMLSimpleApplication@3ffa8e11
reloadAllAccessors: .record

===========================================================================================
----------------- testing Mon Jun 24 04:45:52 UTC 2019 /home/travis/build/icyphy/ptII/ptolemy/actor/lib/test/auto/sizedarray1.xml
----------------- Instantiating /home/travis/build/icyphy/ptII/ptolemy/actor/lib/test/auto/sizedarray1.xml
1 ms. Memory: 587776K Free: 279903K (48%)
----------------- Invoking toplevel() on ptolemy.moml.MoMLSimpleApplication@7f650b0a
----------------- Done invoking toplevel() on ptolemy.moml.MoMLSimpleApplication@7f650b0a
reloadAllAccessors: .sizedarray1

===========================================================================================
----------------- testing Mon Jun 24 04:45:52 UTC 2019 /home/travis/build/icyphy/ptII/ptolemy/actor/lib/test/auto/sizedarray2.xml
----------------- Instantiating /home/travis/build/icyphy/ptII/ptolemy/actor/lib/test/auto/sizedarray2.xml
3 ms. Memory: 587776K Free: 274783K (47%)
----------------- Invoking toplevel() on ptolemy.moml.MoMLSimpleApplication@6067402d
----------------- Done invoking toplevel() on ptolemy.moml.MoMLSimpleApplication@6067402d
reloadAllAccessors: .sizedarray2

===========================================================================================
----------------- testing Mon Jun 24 04:45:52 UTC 2019 /home/travis/build/icyphy/ptII/ptolemy/actor/lib/test/auto/twoPublishers.xml
----------------- Instantiating /home/travis/build/icyphy/ptII/ptolemy/actor/lib/test/auto/twoPublishers.xml
2 ms. Memory: 587776K Free: 525822K (89%)
----------------- Invoking toplevel() on ptolemy.moml.MoMLSimpleApplication@743c71a1
----------------- Done invoking toplevel() on ptolemy.moml.MoMLSimpleApplication@743c71a1
reloadAllAccessors: .twoPublishers
AutoTests.java: About to close Vertx.
AutoTests.java: Vertx closed.
]]></system-out>
  <system-err><![CDATA[java.lang.RuntimeException: Execution failed
	at ptolemy.moml.MoMLSimpleApplication$UnloadThread.run(MoMLSimpleApplication.java:402)
Caused by: java.lang.RuntimeException: StringUtilities.exit() was called. Normally, we would exit here because Manager.exitAfterWrapup() was called.  However, because the ptolemy.ptII.exitAfterWrapup property is set, we throw this exception instead.
	at ptolemy.util.StringUtilities.exit(StringUtilities.java:363)
	at ptolemy.actor.Manager.wrapup(Manager.java:1531)
	at ptolemy.actor.Manager.execute(Manager.java:407)
	at ptolemy.actor.Manager.run(Manager.java:1263)
	at ptolemy.actor.Manager$PtolemyRunThread.run(Manager.java:1915)
Warning: '.top.test' is in training mode, set the trainingMode parameter to false before checking in
Warning: '.top.test' is in training mode, set the trainingMode parameter to false before checking in
Warning: '.top.test' is in training mode, set the trainingMode parameter to false before checking in
Warning: '.BooleanSwitch_RegressionTest_WrongTrainingValues.Test' is in training mode, set the trainingMode parameter to false before checking in
Warning: '.BooleanSwitch_RegressionTest_WrongTrainingValues.Test2' is in training mode, set the trainingMode parameter to false before checking in
Warning: '.BooleanSwitch_RegressionTest_WrongTrainingValues.Test2' The test produced 0 tokens.
Warning: '.top.testExceptionHandler' is in training mode, set the trainingMode parameter to false before checking in
java.lang.RuntimeException: Execution failed
	at ptolemy.moml.MoMLSimpleApplication$UnloadThread.run(MoMLSimpleApplication.java:402)
Caused by: ptolemy.kernel.util.IllegalActionException: PublisherPorts cannot be used at the top level, use a Publisher actor instead.
  in .PublisherPortToplevelSubscriber.PublisherPort
	at ptolemy.actor.PublisherPort.preinitialize(PublisherPort.java:403)
	at ptolemy.actor.CompositeActor.preinitialize(CompositeActor.java:1769)
	at ptolemy.actor.Manager.preinitializeAndResolveTypes(Manager.java:1040)
	at ptolemy.actor.Manager.initialize(Manager.java:710)
	at ptolemy.actor.Manager.execute(Manager.java:356)
	at ptolemy.actor.Manager.run(Manager.java:1263)
	at ptolemy.actor.Manager$PtolemyRunThread.run(Manager.java:1915)
java.lang.reflect.InvocationTargetException
	at java.base/jdk.internal.reflect.NativeConstructorAccessorImpl.newInstance0(Native Method)
	at java.base/jdk.internal.reflect.NativeConstructorAccessorImpl.newInstance(NativeConstructorAccessorImpl.java:62)
	at java.base/jdk.internal.reflect.DelegatingConstructorAccessorImpl.newInstance(DelegatingConstructorAccessorImpl.java:45)
	at java.base/java.lang.reflect.Constructor.newInstance(Constructor.java:490)
	at ptolemy.util.test.junit.AutoKnownFailedTests.RunModel(AutoKnownFailedTests.java:105)
	at java.base/jdk.internal.reflect.NativeMethodAccessorImpl.invoke0(Native Method)
	at java.base/jdk.internal.reflect.NativeMethodAccessorImpl.invoke(NativeMethodAccessorImpl.java:62)
	at java.base/jdk.internal.reflect.DelegatingMethodAccessorImpl.invoke(DelegatingMethodAccessorImpl.java:43)
	at java.base/java.lang.reflect.Method.invoke(Method.java:566)
	at org.junit.runners.model.FrameworkMethod$1.runReflectiveCall(FrameworkMethod.java:44)
	at org.junit.internal.runners.model.ReflectiveCallable.run(ReflectiveCallable.java:15)
	at org.junit.runners.model.FrameworkMethod.invokeExplosively(FrameworkMethod.java:41)
	at junitparams.internal.InvokeParameterisedMethod.evaluate(InvokeParameterisedMethod.java:102)
	at org.junit.internal.runners.statements.FailOnTimeout$1.run(FailOnTimeout.java:28)
Caused by: ptolemy.kernel.util.IllegalActionException: PublisherPorts cannot be used at the top level, use a Publisher actor instead.
  in .PublisherPortToplevelSubscriber.PublisherPort
	at ptolemy.actor.PublisherPort.preinitialize(PublisherPort.java:403)
	at ptolemy.actor.CompositeActor.preinitialize(CompositeActor.java:1769)
	at ptolemy.actor.Manager.preinitializeAndResolveTypes(Manager.java:1040)
	at ptolemy.actor.Manager.initialize(Manager.java:710)
	at ptolemy.actor.Manager.execute(Manager.java:356)
	at ptolemy.actor.Manager.run(Manager.java:1263)
	at ptolemy.actor.Manager$PtolemyRunThread.run(Manager.java:1915)
java.lang.RuntimeException: Execution failed
	at ptolemy.moml.MoMLSimpleApplication$UnloadThread.run(MoMLSimpleApplication.java:402)
Caused by: ptolemy.kernel.util.IllegalActionException: SubscriberPorts cannot be used at the top level, use a Subscriber actor instead.
  in .PublisherSubscriberPortToplevel.SubscriberPort
	at ptolemy.actor.SubscriberPort.preinitialize(SubscriberPort.java:328)
	at ptolemy.actor.CompositeActor.preinitialize(CompositeActor.java:1769)
	at ptolemy.actor.Manager.preinitializeAndResolveTypes(Manager.java:1040)
	at ptolemy.actor.Manager.initialize(Manager.java:710)
	at ptolemy.actor.Manager.execute(Manager.java:356)
	at ptolemy.actor.Manager.run(Manager.java:1263)
	at ptolemy.actor.Manager$PtolemyRunThread.run(Manager.java:1915)
java.lang.reflect.InvocationTargetException
	at java.base/jdk.internal.reflect.NativeConstructorAccessorImpl.newInstance0(Native Method)
	at java.base/jdk.internal.reflect.NativeConstructorAccessorImpl.newInstance(NativeConstructorAccessorImpl.java:62)
	at java.base/jdk.internal.reflect.DelegatingConstructorAccessorImpl.newInstance(DelegatingConstructorAccessorImpl.java:45)
	at java.base/java.lang.reflect.Constructor.newInstance(Constructor.java:490)
	at ptolemy.util.test.junit.AutoKnownFailedTests.RunModel(AutoKnownFailedTests.java:105)
	at java.base/jdk.internal.reflect.NativeMethodAccessorImpl.invoke0(Native Method)
	at java.base/jdk.internal.reflect.NativeMethodAccessorImpl.invoke(NativeMethodAccessorImpl.java:62)
	at java.base/jdk.internal.reflect.DelegatingMethodAccessorImpl.invoke(DelegatingMethodAccessorImpl.java:43)
	at java.base/java.lang.reflect.Method.invoke(Method.java:566)
	at org.junit.runners.model.FrameworkMethod$1.runReflectiveCall(FrameworkMethod.java:44)
	at org.junit.internal.runners.model.ReflectiveCallable.run(ReflectiveCallable.java:15)
	at org.junit.runners.model.FrameworkMethod.invokeExplosively(FrameworkMethod.java:41)
	at junitparams.internal.InvokeParameterisedMethod.evaluate(InvokeParameterisedMethod.java:102)
	at org.junit.internal.runners.statements.FailOnTimeout$1.run(FailOnTimeout.java:28)
Caused by: ptolemy.kernel.util.IllegalActionException: SubscriberPorts cannot be used at the top level, use a Subscriber actor instead.
  in .PublisherSubscriberPortToplevel.SubscriberPort
	at ptolemy.actor.SubscriberPort.preinitialize(SubscriberPort.java:328)
	at ptolemy.actor.CompositeActor.preinitialize(CompositeActor.java:1769)
	at ptolemy.actor.Manager.preinitializeAndResolveTypes(Manager.java:1040)
	at ptolemy.actor.Manager.initialize(Manager.java:710)
	at ptolemy.actor.Manager.execute(Manager.java:356)
	at ptolemy.actor.Manager.run(Manager.java:1263)
	at ptolemy.actor.Manager$PtolemyRunThread.run(Manager.java:1915)
java.lang.RuntimeException: Execution failed
	at ptolemy.moml.MoMLSimpleApplication$UnloadThread.run(MoMLSimpleApplication.java:402)
Caused by: ptolemy.kernel.util.IllegalActionException: SubscriptionAggregatorPorts cannot be used at the top level, use a SubscriptionAggregator actor instead.
  in .PublisherSubscriptionAggregatorPort.SubscriptionAggregatorPort
	at ptolemy.actor.SubscriptionAggregatorPort.preinitialize(SubscriptionAggregatorPort.java:353)
	at ptolemy.actor.CompositeActor.preinitialize(CompositeActor.java:1769)
	at ptolemy.actor.Manager.preinitializeAndResolveTypes(Manager.java:1040)
	at ptolemy.actor.Manager.initialize(Manager.java:710)
	at ptolemy.actor.Manager.execute(Manager.java:356)
	at ptolemy.actor.Manager.run(Manager.java:1263)
	at ptolemy.actor.Manager$PtolemyRunThread.run(Manager.java:1915)
java.lang.reflect.InvocationTargetException
	at java.base/jdk.internal.reflect.NativeConstructorAccessorImpl.newInstance0(Native Method)
	at java.base/jdk.internal.reflect.NativeConstructorAccessorImpl.newInstance(NativeConstructorAccessorImpl.java:62)
	at java.base/jdk.internal.reflect.DelegatingConstructorAccessorImpl.newInstance(DelegatingConstructorAccessorImpl.java:45)
	at java.base/java.lang.reflect.Constructor.newInstance(Constructor.java:490)
	at ptolemy.util.test.junit.AutoKnownFailedTests.RunModel(AutoKnownFailedTests.java:105)
	at java.base/jdk.internal.reflect.NativeMethodAccessorImpl.invoke0(Native Method)
	at java.base/jdk.internal.reflect.NativeMethodAccessorImpl.invoke(NativeMethodAccessorImpl.java:62)
	at java.base/jdk.internal.reflect.DelegatingMethodAccessorImpl.invoke(DelegatingMethodAccessorImpl.java:43)
	at java.base/java.lang.reflect.Method.invoke(Method.java:566)
	at org.junit.runners.model.FrameworkMethod$1.runReflectiveCall(FrameworkMethod.java:44)
	at org.junit.internal.runners.model.ReflectiveCallable.run(ReflectiveCallable.java:15)
	at org.junit.runners.model.FrameworkMethod.invokeExplosively(FrameworkMethod.java:41)
	at junitparams.internal.InvokeParameterisedMethod.evaluate(InvokeParameterisedMethod.java:102)
	at org.junit.internal.runners.statements.FailOnTimeout$1.run(FailOnTimeout.java:28)
Caused by: ptolemy.kernel.util.IllegalActionException: SubscriptionAggregatorPorts cannot be used at the top level, use a SubscriptionAggregator actor instead.
  in .PublisherSubscriptionAggregatorPort.SubscriptionAggregatorPort
	at ptolemy.actor.SubscriptionAggregatorPort.preinitialize(SubscriptionAggregatorPort.java:353)
	at ptolemy.actor.CompositeActor.preinitialize(CompositeActor.java:1769)
	at ptolemy.actor.Manager.preinitializeAndResolveTypes(Manager.java:1040)
	at ptolemy.actor.Manager.initialize(Manager.java:710)
	at ptolemy.actor.Manager.execute(Manager.java:356)
	at ptolemy.actor.Manager.run(Manager.java:1263)
	at ptolemy.actor.Manager$PtolemyRunThread.run(Manager.java:1915)
java.lang.RuntimeException: Execution failed
	at ptolemy.moml.MoMLSimpleApplication$UnloadThread.run(MoMLSimpleApplication.java:402)
Caused by: ptolemy.kernel.util.IllegalActionException: TypeTest actor has no training data.
  in .sizedarray3.TypeTest
	at ptolemy.actor.lib.TypeTest.initialize(TypeTest.java:250)
	at ptolemy.actor.Director.initialize(Director.java:938)
	at ptolemy.actor.Director.initialize(Director.java:907)
	at ptolemy.actor.sched.StaticSchedulingDirector.initialize(StaticSchedulingDirector.java:159)
	at ptolemy.domains.sdf.kernel.SDFDirector.initialize(SDFDirector.java:544)
	at ptolemy.actor.CompositeActor.initialize(CompositeActor.java:935)
	at ptolemy.actor.Manager.initialize(Manager.java:724)
	at ptolemy.actor.Manager.execute(Manager.java:356)
	at ptolemy.actor.Manager.run(Manager.java:1263)
	at ptolemy.actor.Manager$PtolemyRunThread.run(Manager.java:1915)
java.lang.reflect.InvocationTargetException
	at java.base/jdk.internal.reflect.NativeConstructorAccessorImpl.newInstance0(Native Method)
	at java.base/jdk.internal.reflect.NativeConstructorAccessorImpl.newInstance(NativeConstructorAccessorImpl.java:62)
	at java.base/jdk.internal.reflect.DelegatingConstructorAccessorImpl.newInstance(DelegatingConstructorAccessorImpl.java:45)
	at java.base/java.lang.reflect.Constructor.newInstance(Constructor.java:490)
	at ptolemy.util.test.junit.AutoKnownFailedTests.RunModel(AutoKnownFailedTests.java:105)
	at java.base/jdk.internal.reflect.NativeMethodAccessorImpl.invoke0(Native Method)
	at java.base/jdk.internal.reflect.NativeMethodAccessorImpl.invoke(NativeMethodAccessorImpl.java:62)
	at java.base/jdk.internal.reflect.DelegatingMethodAccessorImpl.invoke(DelegatingMethodAccessorImpl.java:43)
	at java.base/java.lang.reflect.Method.invoke(Method.java:566)
	at org.junit.runners.model.FrameworkMethod$1.runReflectiveCall(FrameworkMethod.java:44)
	at org.junit.internal.runners.model.ReflectiveCallable.run(ReflectiveCallable.java:15)
	at org.junit.runners.model.FrameworkMethod.invokeExplosively(FrameworkMethod.java:41)
	at junitparams.internal.InvokeParameterisedMethod.evaluate(InvokeParameterisedMethod.java:102)
	at org.junit.internal.runners.statements.FailOnTimeout$1.run(FailOnTimeout.java:28)
Caused by: ptolemy.kernel.util.IllegalActionException: TypeTest actor has no training data.
  in .sizedarray3.TypeTest
	at ptolemy.actor.lib.TypeTest.initialize(TypeTest.java:250)
	at ptolemy.actor.Director.initialize(Director.java:938)
	at ptolemy.actor.Director.initialize(Director.java:907)
	at ptolemy.actor.sched.StaticSchedulingDirector.initialize(StaticSchedulingDirector.java:159)
	at ptolemy.domains.sdf.kernel.SDFDirector.initialize(SDFDirector.java:544)
	at ptolemy.actor.CompositeActor.initialize(CompositeActor.java:935)
	at ptolemy.actor.Manager.initialize(Manager.java:724)
	at ptolemy.actor.Manager.execute(Manager.java:356)
	at ptolemy.actor.Manager.run(Manager.java:1263)
	at ptolemy.actor.Manager$PtolemyRunThread.run(Manager.java:1915)
java.lang.RuntimeException: Execution failed
	at ptolemy.moml.MoMLSimpleApplication$UnloadThread.run(MoMLSimpleApplication.java:402)
Caused by: ptolemy.kernel.util.IllegalActionException: Test fails in iteration 0.
Value was: "WARNING: An illegal reflective access operation has occurred\nWARNING: Illegal reflective access by io.netty.util.internal.ReflectionUtil (file:/home/travis/build/icyphy/ptII/lib/netty-common-4.1.19.Final.jar) to constructor java.nio.DirectByteBuffer(long,int)\nWARNING: Please consider reporting this to the maintainers of io.netty.util.internal.ReflectionUtil\nWARNING: Use --illegal-access=warn to enable warnings of further illegal reflective access operations\nWARNING: All illegal access operations will be denied in a future release\n". Should have been: ""
  in .ExecRunDemos.Test
	at ptolemy.actor.lib.Test.fire(Test.java:268)
	at ptolemy.actor.AtomicActor.iterate(AtomicActor.java:512)
	at ptolemy.actor.sched.StaticSchedulingDirector.fire(StaticSchedulingDirector.java:216)
	at ptolemy.domains.sdf.kernel.SDFDirector.fire(SDFDirector.java:500)
	at ptolemy.actor.CompositeActor.fire(CompositeActor.java:455)
	at ptolemy.actor.Manager.iterate(Manager.java:851)
	at ptolemy.actor.Manager.execute(Manager.java:369)
	at ptolemy.actor.Manager.run(Manager.java:1263)
	at ptolemy.actor.Manager$PtolemyRunThread.run(Manager.java:1915)
]]></system-err>
</testsuite>
