<?xml version="1.0" encoding="UTF-8" ?>
<testsuite errors="0" failures="0" hostname="travis-job-373427fb-c4a7-4967-9552-b256598cb982" name="ptolemy.actor.lib.test.junit.JUnitTclTest" skipped="0" tests="517" time="59.197" timestamp="2018-11-19T02:46:18">
  <properties>
    <property name="npm.executable" value="npm" />
    <property name="file.encoding.pkg" value="sun.io" />
    <property name="env.TRAVIS_ROOT" value="/" />
    <property name="ptII.mk.exists" value="true" />
    <property name="env.TRAVIS_APP_HOST" value="build.travis-ci.org" />
    <property name="env.rvm_bin_path" value="/home/travis/.rvm/bin" />
    <property name="java.home" value="/usr/lib/jvm/java-8-oracle/jre" />
    <property name="env.TRAVIS_JOB_NUMBER" value="825.8" />
    <property name="env.TRAVIS_HOME" value="/home/travis" />
    <property name="env.DISPLAY" value=":99.0" />
    <property name="java.net.preferIPv4Stack" value="true" />
    <property name="env.TRAVIS_INIT" value="upstart" />
    <property name="env.SSH_TTY" value="/dev/pts/0" />
    <property name="env.RUN_TESTS" value="false" />
    <property name="timeout.short" value="1000000" />
    <property name="env.TRAVIS_JOB_NAME" value="" />
    <property name="env.TRAVIS_STACK_NODE_ATTRIBUTES" value="/.node-attributes.yml" />
    <property name="junit.formatter" value="xml" />
    <property name="java.endorsed.dirs" value="/usr/lib/jvm/java-8-oracle/jre/lib/endorsed" />
    <property name="env.TRAVIS_SUDO" value="true" />
    <property name="env.LOGNAME" value="travis" />
    <property name="env.PT_TRAVIS_TEST_CORE1_XML" value="true" />
    <property name="jsdoc.home" value="node_modules/@terraswarm/jsdoc" />
    <property name="debuglevel" value="source,lines,vars" />
    <property name="checkstyle.formatter" value="xml" />
    <property name="bin.vergil.makeable" value="true" />
    <property name="env._system_version" value="14.04" />
    <property name="sun.os.patch.level" value="unknown" />
    <property name="java.vendor.url" value="http://java.oracle.com/" />
    <property name="env.TRAVIS_BUILD_WEB_URL" value="https://travis-ci.org/icyphy/ptII/builds/456783610" />
    <property name="java.version" value="1.8.0_151" />
    <property name="env.TZ" value="UTC" />
    <property name="env.PT_NO_NET" value="true" />
    <property name="env.TRAVIS_PULL_REQUEST_SHA" value="" />
    <property name="env.TRAVIS_SECURE_ENV_VARS" value="true" />
    <property name="env._system_type" value="Linux" />
    <property name="java.vendor.url.bug" value="http://bugreport.sun.com/bugreport/" />
    <property name="env.SSH_CLIENT" value="10.10.16.10 45748 22" />
    <property name="npmjs-org-is-up" value="true" />
    <property name="env.GEM_HOME" value="/home/travis/.rvm/gems/ruby-2.4.1" />
    <property name="env.HAS_ANTARES_THREE_LITTLE_FRONZIES_BADGE" value="true" />
    <property name="env.PS4" value="+" />
    <property name="ant.project.invoked-targets" value="build,test.core1.xml" />
    <property name="env.TRAVIS_PULL_REQUEST_BRANCH" value="" />
    <property name="env.TRAVIS_REPO_SLUG" value="icyphy/ptII" />
    <property name="node.in.path" value="true" />
    <property name="java.maxmemory" value="1400m" />
    <property name="env.RUBY_VERSION" value="ruby-2.4.1" />
    <property name="user.name" value="travis" />
    <property name="env.LANG" value="en_US.UTF-8" />
    <property name="sun.io.unicode.encoding" value="UnicodeLittle" />
    <property name="sun.jnu.encoding" value="UTF-8" />
    <property name="java.runtime.name" value="Java(TM) SE Runtime Environment" />
    <property name="usefile" value="false" />
    <property name="return.code" value="0" />
    <property name="junit.single.formatter" value="plain" />
    <property name="env.DYLD_LIBRARY_PATH" value="/home/travis/pthla/certi-tools/lib:" />
    <property name="env.DEBIAN_FRONTEND" value="noninteractive" />
    <property name="env.SSH_CONNECTION" value="10.10.16.10 45748 10.20.0.148 22" />
    <property name="env.MYSQL_UNIX_PORT" value="/var/run/mysqld/mysqld.sock" />
    <property name="env.TRAVIS_ALLOW_FAILURE" value="false" />
    <property name="env.LC_ALL" value="en_US.UTF-8" />
    <property name="env.TRAVIS_JOB_WEB_URL" value="https://travis-ci.org/icyphy/ptII/jobs/456783622" />
    <property name="java.specification.name" value="Java Platform API Specification" />
    <property name="node.works" value="true" />
    <property name="user.timezone" value="" />
    <property name="path.separator" value=":" />
    <property name="env.TRAVIS_ENABLE_INFRA_DETECTION" value="true" />
    <property name="env.PYTHON_CFLAGS" value="-g -fstack-protector --param=ssp-buffer-size=4 -Wformat -Werror=format-security" />
    <property name="timeout.long" value="4000000" />
    <property name="env.CERTI_HOME" value="/home/travis/pthla/certi-tools" />
    <property name="file.encoding" value="UTF-8" />
    <property name="ant.file.ptII" value="/home/travis/build/icyphy/ptII/build.xml" />
    <property name="javadoc.packagenames" value="com.*,diva.*,lbnl.*,org.hlacerti.*,org.json.*,org.ptolemy.*,org.terraswarm.*,ptolemy.*,ptserver.*" />
    <property name="env.TRAVIS_PULL_REQUEST_SLUG" value="" />
    <property name="ant.project.default-target" value="build" />
    <property name="env.GIT_ASKPASS" value="echo" />
    <property name="env.HOME" value="/home/travis" />
    <property name="sun.java.command" value="org.apache.tools.ant.taskdefs.optional.junit.JUnitTestRunner ptolemy.actor.lib.test.junit.JUnitTclTest skipNonTests=false filtertrace=true haltOnError=false haltOnFailure=false formatter=org.apache.tools.ant.taskdefs.optional.junit.OutErrSummaryJUnitResultFormatter showoutput=true outputtoformatters=true logfailedtests=true threadid=0 logtestlistenerevents=false formatter=org.apache.tools.ant.taskdefs.optional.junit.XMLJUnitResultFormatter,/home/travis/build/icyphy/ptII/reports/junit/TEST-ptolemy.actor.lib.test.junit.JUnitTclTest.xml crashfile=/home/travis/build/icyphy/ptII/junitvmwatcher7444593731645716990.properties propsfile=/home/travis/build/icyphy/ptII/junit2231366800743232718.properties" />
    <property name="env.MANPATH" value="/home/travis/.nvm/versions/node/v7.10.1/share/man:/home/travis/.kiex/elixirs/elixir-1.4.5/man:/home/travis/.rvm/rubies/ruby-2.4.1/share/man:/usr/local/man:/usr/local/cmake-3.9.2/man:/usr/local/clang-5.0.0/share/man:/usr/local/share/man:/usr/share/man:/home/travis/.rvm/man" />
    <property name="env.COMPOSER_NO_INTERACTION" value="1" />
    <property name="env.JDK_SWITCHER_DEFAULT" value="oraclejdk8" />
    <property name="env.TRAVIS_TIMER_ID" value="08afe280" />
    <property name="ant.file" value="/home/travis/build/icyphy/ptII/build.xml" />
    <property name="env.TRAVIS_COMMIT_RANGE" value="1c5d1a3af4925012af4277c1845585069763f502...f8d3f5b756e84c5ab9ae489796dc2f976582fece" />
    <property name="env._system_name" value="Ubuntu" />
    <property name="timeout" value="2400000" />
    <property name="ptII.classpath.optional.property" value="/home/travis/build/icyphy/ptII/lib/bsh-2.0b4.jar:/home/travis/build/icyphy/ptII/lib/ptCal.jar:/home/travis/build/icyphy/ptII/lib/java_cup.jar:/home/travis/build/icyphy/ptII/lib/saxon8.jar:/home/travis/build/icyphy/ptII/lib/saxon8-dom.jar:/home/travis/build/icyphy/ptII/lib/chic.jar:/home/travis/build/icyphy/ptII/lib/ptcolt.jar:/usr/lib/jvm/java-8-oracle/lib/tools.jar:/usr/lib/eclipse/plugins/org.eclipse.jdt.core_3.8.2.dist.jar:/usr/lib/eclipse/plugins/org.eclipse.core.runtime_3.8.0.dist.jar:/usr/lib/eclipse/plugins/org.eclipse.osgi_3.8.1.dist.jar:/usr/lib/eclipse/plugins/org.eclipse.core.resources_3.8.1.dist.jar:/usr/lib/eclipse/plugins/org.eclipse.equinox.common_3.6.100.dist.jar:/usr/lib/eclipse/plugins/org.eclipse.core.jobs_3.5.200.dist.jar:/usr/lib/eclipse/plugins/org.eclipse.core.contenttype_3.4.200.dist.jar:/usr/lib/eclipse/plugins/org.eclipse.equinox.preferences_3.5.0.dist.jar:/usr/lib/eclipse/plugins/org.eclipse.text_3.5.200.dist.jar:/usr/lib/eclipse/plugins/org.eclipse.ui.workbench_3.8.1.dist.jar:/usr/lib/eclipse/plugins/org.eclipse.jface_3.8.0.dist.jar:/usr/lib/eclipse/plugins/org.eclipse.swt_3.8.2.jar:/usr/lib/eclipse/plugins/org.eclipse.jface.text_3.8.1.dist.jar:/usr/lib/eclipse/plugins/org.eclipse.ui.workbench.texteditor_3.8.0.dist.jar:/usr/lib/eclipse/plugins/org.eclipse.ui.editors_3.8.0.dist.jar:/usr/lib/eclipse/plugins/org.eclipse.core.commands_3.6.1.dist.jar:/usr/lib/eclipse/plugins/org.eclipse.equinox.registry_3.5.200.dist.jar:/usr/lib/eclipse/plugins/org.eclipse.ui.console_3.5.100.dist.jar:/usr/lib/eclipse/plugins/org.eclipse.ui.forms_3.5.200.dist.jar:/usr/lib/eclipse/plugins/org.eclipse.ui.ide_3.8.1.dist.jar:/home/travis/build/icyphy/ptII/vendors/oracle/dbxml.jar:/home/travis/build/icyphy/ptII/vendors/oracle/db.jar:/home/travis/build/icyphy/ptII/vendors/misc/itext/iText.jar:/home/travis/build/icyphy/ptII/lib/g4ltl.jar:/home/travis/build/icyphy/ptII/lib/StructuralCoder.jar:/home/travis/build/icyphy/ptII/lib/org-openide-util.jar:/home/travis/build/icyphy/ptII/lib/org-openide-util-lookup.jar:/home/travis/build/icyphy/ptII/lib/org-netbeans-api-visual.jar:/home/travis/build/icyphy/ptII/vendors/jai-1_1_2_01/lib/jai_core.jar:/home/travis/build/icyphy/ptII/vendors/jai-1_1_2_01/lib/jai_codec.jar:/home/travis/build/icyphy/ptII/lib/jcerti.jar:/home/travis/build/icyphy/ptII/lib/smack.jar:/home/travis/build/icyphy/ptII/lib/smackx.jar:/home/travis/build/icyphy/ptII/lib/jetty-all-8.1.5-v20120716.jar:/home/travis/build/icyphy/ptII/lib/javax.servlet-api-3.0.1.jar:/home/travis/build/icyphy/ptII/lib/javax.mail.jar:/home/travis/build/icyphy/ptII/vendors/JMF-2.1.1e/lib/jmf.jar:/home/travis/build/icyphy/ptII/lib/jna-4.0.0-variadic.jar:/home/travis/build/icyphy/ptII/vendors/misc/joystick/Joystick.jar:/home/travis/build/icyphy/ptII/lib/ptjacl.jar:/home/travis/build/icyphy/ptII/lib/jsoup-1.8.2.jar:/home/travis/build/icyphy/ptII/lib/junit-4.8.2.jar:/home/travis/build/icyphy/ptII/lib/JUnitParams-0.4.0.jar:/home/travis/build/icyphy/ptII/ptolemy/actor/lib/excel/jxl.jar:/home/travis/build/icyphy/ptII/lib/jython.jar:/home/travis/build/icyphy/ptII/lib/kieler.jar:/home/travis/build/icyphy/ptII/vendors/opencv/share/OpenCV/java/opencv-341.jar:/home/travis/build/icyphy/ptII/lib/oscP5.jar:/home/travis/build/icyphy/ptII/lib/nrjavaserial-3.11.0.devel.jar:/home/travis/build/icyphy/ptII/vendors/j3d/lib/j3dcore.jar:/home/travis/build/icyphy/ptII/vendors/j3d/lib/j3dutils.jar:/home/travis/build/icyphy/ptII/vendors/j3d/lib/vecmath.jar:/home/travis/build/icyphy/ptII/ptolemy/distributed/jini/jar/jini-core.jar:/home/travis/build/icyphy/ptII/ptolemy/distributed/jini/jar/jini-ext.jar:/home/travis/build/icyphy/ptII/ptolemy/distributed/jini/jar/sun-util.jar:/home/travis/build/icyphy/ptII/lib/protobuf-java-2.4.1.jar:/home/travis/build/icyphy/ptII/lib/org.eclipse.paho.client.mqttv3.jar:/home/travis/build/icyphy/ptII/ptserver/lib/hessian-4.0.7.jar:/home/travis/build/icyphy/ptII/ptserver/lib/wmqtt.jar:/home/travis/build/icyphy/ptII/lib/mapss.jar:/home/travis/build/icyphy/ptII/ptolemy/actor/ptalon/antlr/antlr.jar:/home/travis/build/icyphy/ptII/lib/JRI.jar:/home/travis/build/icyphy/ptII/lib/commons-lang-2.6.jar:/home/travis/build/icyphy/ptII/lib/commons-logging-1.1.1.jar:/home/travis/build/icyphy/ptII/lib/sootclasses.jar:/home/travis/build/icyphy/ptII/ptolemy/actor/lib/database/mysql-connector-java-5.1.6-bin.jar:/home/travis/build/icyphy/ptII/vendors/misc/sphinx4/sphinx4-data-5prealpha.jar:/home/travis/build/icyphy/ptII/vendors/misc/sphinx4/sphinx4-core-5prealpha.jar:/home/travis/build/icyphy/ptII/lib/PDFRenderer.jar:/home/travis/build/icyphy/ptII/lib/svgSalamander.jar:/home/travis/build/icyphy/ptII/lib/rsyntaxtextarea-2.6.0-SNAPSHOT.jar:/home/travis/build/icyphy/ptII/lib/hazelcast-3.8.2.jar:/home/travis/build/icyphy/ptII/lib/jackson-annotations-2.9.0.jar:/home/travis/build/icyphy/ptII/lib/jackson-core-2.9.3.jar:/home/travis/build/icyphy/ptII/lib/jackson-databind-2.9.3.jar:/home/travis/build/icyphy/ptII/lib/netty-buffer-4.1.19.Final.jar:/home/travis/build/icyphy/ptII/lib/netty-codec-4.1.19.Final.jar:/home/travis/build/icyphy/ptII/lib/netty-codec-dns-4.1.19.Final.jar:/home/travis/build/icyphy/ptII/lib/netty-codec-http-4.1.19.Final.jar:/home/travis/build/icyphy/ptII/lib/netty-codec-http2-4.1.19.Final.jar:/home/travis/build/icyphy/ptII/lib/netty-common-4.1.19.Final.jar:/home/travis/build/icyphy/ptII/lib/netty-handler-4.1.19.Final.jar:/home/travis/build/icyphy/ptII/lib/netty-resolver-4.1.19.Final.jar:/home/travis/build/icyphy/ptII/lib/netty-resolver-dns-4.1.19.Final.jar:/home/travis/build/icyphy/ptII/lib/netty-transport-4.1.19.Final.jar:/home/travis/build/icyphy/ptII/lib/vertx-codegen-3.5.1.jar:/home/travis/build/icyphy/ptII/lib/vertx-core-3.5.2-SNAPSHOT.jar:/home/travis/build/icyphy/ptII/lib/vertx-hazelcast-3.5.1.jar:/home/travis/build/icyphy/ptII/lib/vertx-lang-js-3.5.1.jar:/home/travis/build/icyphy/ptII/lib/vertx-service-proxy-3.5.1.jar:/home/travis/build/icyphy/ptII/lib/vertx-web-3.5.1.jar:/home/travis/build/icyphy/ptII/lib/slf4j-api-1.7.13.jar:/home/travis/build/icyphy/ptII/lib/slf4j-simple-1.7.13.jar:/home/travis/build/icyphy/ptII/lib/webcam-capture-0.3.12.jar:/home/travis/build/icyphy/ptII/lib/bridj-0.7.0.jar:/home/travis/build/icyphy/ptII/lib/xbjlib-1.1.0.nrjavaserial.jar" />
    <property name="test.batch" value="**/junit/*.java" />
    <property name="env._" value="/usr/bin/timeout" />
    <property name="java.io.tmpdir" value="/tmp" />
    <property name="env.TRAVIS_INTERNAL_RUBY_REGEX" value="^ruby-(2\.[0-4]\.[0-9]|1\.9\.3)" />
    <property name="user.language" value="en" />
    <property name="env.HISTCONTROL" value="ignoredups:ignorespace" />
    <property name="env.GOROOT" value="/home/travis/.gimme/versions/go1.7.4.linux.amd64" />
    <property name="line.separator" value="&#xa;" />
    <property name="target" value="1.8" />
    <property name="env.TRAVIS_BUILD_DIR" value="/home/travis/build/icyphy/ptII" />
    <property name="env.ANT_OPTS" value="-Xmx2048m" />
    <property name="ant.file.type" value="file" />
    <property name="ptolemy.ptII.batchMode" value="true" />
    <property name="env.HISTSIZE" value="1000" />
    <property name="env.MERB_ENV" value="test" />
    <property name="java.vm.info" value="mixed mode" />
    <property name="source" value="1.8" />
    <property name="java.vm.specification.name" value="Java Virtual Machine Specification" />
    <property name="env.TRAVIS_TEST_RESULT" value="0" />
    <property name="jsdoc.command" value="node_modules/@terraswarm/jsdoc/jsdoc.js" />
    <property name="npm.works" value="true" />
    <property name="cobertura.dir" value="/home/travis/build/icyphy/ptII/vendors/cobertura-2.0.3" />
    <property name="env.rvm_path" value="/home/travis/.rvm" />
    <property name="env.GEM_PATH" value="/home/travis/.rvm/gems/ruby-2.4.1:/home/travis/.rvm/gems/ruby-2.4.1@global" />
    <property name="env.LC_CTYPE" value="en_US.UTF-8" />
    <property name="java.awt.printerjob" value="sun.print.PSPrinterJob" />
    <property name="env.TRAVIS_CMD" value="$PTII/bin/ptIITravisBuild.sh $SECONDS" />
    <property name="env.TRAVIS_STACK_NAME" value="garnet" />
    <property name="env.TRAVIS_TIMER_START_TIME" value="1542595217325005658" />
    <property name="ant.version" value="Apache Ant(TM) version 1.10.1 compiled on February 2 2017" />
    <property name="ptII.reports" value="/home/travis/build/icyphy/ptII/reports" />
    <property name="env.TRAVIS_STACK_TIMESTAMP" value="2017-12-05 19:33:09 UTC" />
    <property name="ant.file.type.ptII" value="file" />
    <property name="env.RBENV_SHELL" value="bash" />
    <property name="os.name" value="Linux" />
    <property name="java.specification.vendor" value="Oracle Corporation" />
    <property name="env.rvm_version" value="1.29.3 (latest)" />
    <property name="env.TRAVIS_INFRA" value="gce" />
    <property name="env.TERM" value="xterm" />
    <property name="java.vm.name" value="Java HotSpot(TM) 64-Bit Server VM" />
    <property name="env.TRAVIS_BUILD_NUMBER" value="825" />
    <property name="env.CI" value="true" />
    <property name="java.library.path" value="/home/travis/pthla/certi-tools/lib:/usr/lib/jni:/usr/local/share/OpenCV/java/:/usr/share/OpenCV/java::/usr/java/packages/lib/amd64:/usr/lib64:/lib64:/lib:/usr/lib" />
    <property name="env.rvm_prefix" value="/home/travis" />
    <property name="env.PATH" value="/home/travis/pthla/certi-tools/share/scripts:/home/travis/.rvm/gems/ruby-2.4.1/bin:/home/travis/.rvm/gems/ruby-2.4.1@global/bin:/home/travis/.rvm/rubies/ruby-2.4.1/bin:/home/travis/.rvm/bin:/home/travis/.nvm/versions/node/v7.10.1/bin:./node_modules/.bin:/home/travis/build/icyphy/ptII/bin:/home/travis/pthla/certi-tools/bin:/home/travis/bin:/home/travis/.local/bin:/opt/pyenv/shims:/home/travis/.phpenv/shims:/home/travis/perl5/perlbrew/bin:/home/travis/.kiex/elixirs/elixir-1.4.5/bin:/home/travis/.kiex/bin:/home/travis/gopath/bin:/home/travis/.gimme/versions/go1.7.4.linux.amd64/bin:/usr/local/phantomjs/bin:/usr/local/phantomjs:/usr/local/neo4j-3.2.7/bin:/usr/local/maven-3.5.2/bin:/usr/local/cmake-3.9.2/bin:/usr/local/clang-5.0.0/bin:/usr/local/sbin:/usr/local/bin:/usr/sbin:/usr/bin:/sbin:/bin:/home/travis/.phpenv/bin:/opt/pyenv/bin:/home/travis/.yarn/bin" />
    <property name="env.TRAVIS_OS_NAME" value="linux" />
    <property name="ant.java.version" value="1.8" />
    <property name="basedir" value="/home/travis/build/icyphy/ptII" />
    <property name="java.class.version" value="52.0" />
    <property name="env.SHLVL" value="3" />
    <property name="env.LD_LIBRARY_PATH" value="/home/travis/pthla/certi-tools/lib:/usr/lib/jni:/usr/local/share/OpenCV/java/:/usr/share/OpenCV/java:" />
    <property name="env.RACK_ENV" value="test" />
    <property name="ant.home" value="/home/travis/build/icyphy/ptII/ant" />
    <property name="env.PERLBREW_BASHRC_VERSION" value="0.80" />
    <property name="env.NVM_DIR" value="/home/travis/.nvm" />
    <property name="env.CERTI_FOM_PATH" value="/home/travis/pthla/certi-tools/share/federations" />
    <property name="env.TRAVIS_BUILD_ID" value="456783610" />
    <property name="env.PYENV_ROOT" value="/opt/pyenv" />
    <property name="env.TRAVIS_UID" value="2000" />
    <property name="env.rvm_pretty_print_flag" value="auto" />
    <property name="env.NVM_BIN" value="/home/travis/.nvm/versions/node/v7.10.1/bin" />
    <property name="env.TRAVIS_COMMIT" value="f8d3f5b756e84c5ab9ae489796dc2f976582fece" />
    <property name="env._system_arch" value="x86_64" />
    <property name="node.executable" value="node" />
    <property name="sun.boot.library.path" value="/usr/lib/jvm/java-8-oracle/jre/lib/amd64" />
    <property name="sun.management.compiler" value="HotSpot 64-Bit Tiered Compilers" />
    <property name="java.awt.graphicsenv" value="sun.awt.X11GraphicsEnvironment" />
    <property name="env.GOPATH" value="/home/travis/gopath" />
    <property name="ptolemy.ptII.dir" value="/home/travis/build/icyphy/ptII" />
    <property name="env.USER" value="travis" />
    <property name="env.HISTFILESIZE" value="2000" />
    <property name="timeout.longest" value="19000000" />
    <property name="env.TRAVIS_STACK_FEATURES" value="basic cassandra chromium couchdb disabled-ipv6 docker docker-compose elasticsearch firefox go-toolchain google-chrome jdk memcached mongodb mysql neo4j nodejs_interpreter perl_interpreter perlbrew phantomjs postgresql python_interpreter rabbitmq redis riak ruby_interpreter sqlite xserver" />
    <property name="env.TRAVIS_PULL_REQUEST" value="false" />
    <property name="env.PYENV_SHELL" value="bash" />
    <property name="ant.project.name" value="ptII" />
    <property name="java.vm.specification.version" value="1.8" />
    <property name="env.ANSI_RESET" value="\033[0m" />
    <property name="env.TRAVIS_DIST" value="trusty" />
    <property name="env.CERTI_VERSION" value="4.0.0" />
    <property name="env.NLSPATH" value="/usr/dt/lib/nls/msg/%L/%N.cat" />
    <property name="awt.toolkit" value="sun.awt.X11.XToolkit" />
    <property name="env.CERTI_HOST" value="localhost" />
    <property name="env.MY_RUBY_HOME" value="/home/travis/.rvm/rubies/ruby-2.4.1" />
    <property name="sun.cpu.isalist" value="" />
    <property name="env.TRAVIS_TMPDIR" value="/tmp/tmp.qoIQnUaNeS" />
    <property name="java.ext.dirs" value="/usr/lib/jvm/java-8-oracle/jre/lib/ext:/usr/java/packages/lib/ext" />
    <property name="os.version" value="4.4.0-101-generic" />
    <property name="user.home" value="/home/travis" />
    <property name="env.MIX_ARCHIVES" value="/home/travis/.kiex/mix/elixir-1.4.5" />
    <property name="java.vm.vendor" value="Oracle Corporation" />
    <property name="env.TRAVIS_TAG" value="nightly" />
    <property name="env.ANSI_YELLOW" value="\033[33;1m" />
    <property name="env.TRAVIS_FILTERED" value="redirect_io" />
    <property name="env.ANSI_GREEN" value="\033[32;1m" />
    <property name="env.JAVA_HOME" value="/usr/lib/jvm/java-8-oracle" />
    <property name="javadoc.excludepackagenames" value="adm.cvs2svn.*,build.*,config.*,doc.coding.templates.*,jni.test.jni.meaningOfLife.*,jni.test.jni.testDeux.*,jni.test.jni.testTrois.*,org.terraswarm.accessor.accessors.web.node_modules.*,org.terraswarm.accessor.accessors.web.hosts.cordova.demo.*,org.terraswarm.accessor.accessors.web.hosts.cordova.plugins.*,org.terraswarm.accessor.accessors-svn.*,pt-modules.*,ptolemy.apps.agilent.*,ptolemy.apps.anytimecontrol.*,ptolemy.apps.apes.*,ptolemy.apps.charon.*,ptolemy.apps.crazyboard.*,ptolemy.apps.eclipse.*,ptolemy.apps.etherealSting.*,ptolemy.apps.fullscreen.*,ptolemy.apps.giotto.*,ptolemy.apps.ia.*,ptolemy.apps.interfaces.*,ptolemy.apps.jmf.*,ptolemy.apps.kurt.*,ptolemy.apps.kvm.*,ptolemy.apps.lego.*,ptolemy.apps.lejos.*,ptolemy.apps.midp.*,ptolemy.apps.mobileCoding.*,ptolemy.apps.pendulum.*,ptolemy.apps.rijndael.*,ptolemy.apps.robot.*,ptolemy.apps.security.*,ptolemy.apps.sobel.*,ptolemy.apps.soot.*,ptolemy.apps.throttle.*,ptolemy.apps.tini.*,ptolemy.apps.transmission.*,ptolemy.apps.vergil.*,ptolemy.apps.waba.*,ptolemy.apps.websensor.*,ptolemy.apps.webstart.*,ptolemy.apps.xsl.*,ptolemy.apps.zaurus.*,ptolemy.backtrack.eclipse.plugin.*,ptolemy.backtrack.test.*,ptolemy.codegen.c.actor.lib.oldJavaFiles.*,ptolemy.codegen.dsp.lib.*,ptolemy.codegen.kernel.newInterfaces.*,ptolemy.codegen.lib.*,ptolemy.copernicus.kernel.fragment.*,ptolemy.copernicus.shallow.cg.*,ptolemy.domains.giotto.demo.Hierarchy.Hierarchy.*,ptolemy.domains.giotto.demo.Multimode.Multimode.*,ptolemy.domains.giotto.demo.Simple.Simple.*,ptolemy.domains.gr.lib.experimental.*,ptolemy.domains.gro.*,ptolemy.domains.pdf.*,ptolemy.domains.ptinyos.demo.Surge.output.*,ptolemy.moml.test.NoPackageActor.java*,ptolemy.plot.adm.*,ptolemy.plot.servlet.*,reports.*,signed.*,src.*,target.*,vendors.*,ptolemy.cg.adapter.generic.program.procedural.c.mbed*,ptolemy.actor.lib.fmi.fmus.omc*,ptolemy.domains.openmodelica*,ptdb.kernel.bl.save.test.*,ptdb.kernel.bl.load.test.*,ptdb.kernel.bl.search.test.*,ptdb.kernel.bl.migration.test.*,ptdb.kernel.database.test.*,ptdb.test.*,ptdb.gui.test.*,org.ptolemy.scala.*,diva.util.java2d.svg.*,ptolemy.domains.ptinyos.*,ptolemy.actor.lib.fmi.fmipp.*,,org.terraswarm.accessor.accessors.web.node_modules.*,org.terraswarm.accessor.accessors-svn,ptolemy.apps.*,ptolemy.actor.ptalon.demo.ptinyos.SendAndReceiveCnt.output,ptolemy.actor.ptalon.demo.ptinyos.SenseToLeds.output,ptolemy.domains.ptinyos.demo.CntToLedsAndRfm.output,ptolemy.domains.ptinyos.demo.RfmToLeds.output,ptolemy.domains.ptinyos.demo.SendAndReceiveCnt.output,ptolemy.domains.ptinyos.demo.SenseToLeds.output,ptolemy.actor.lib.jjs.modules.udpSocket.*" />
    <property name="env.PTII" value="/home/travis/build/icyphy/ptII" />
    <property name="keystore" value="ptKeystore" />
    <property name="env.XDG_SESSION_ID" value="2" />
    <property name="env.TRAVIS_COMMIT_MESSAGE" value="Adding comments in CertiRtig.java and some debug." />
    <property name="junit.output.dir" value="/home/travis/build/icyphy/ptII/reports/junit" />
    <property name="npm.return.code" value="0" />
    <property name="user.dir" value="/home/travis/build/icyphy/ptII/ptolemy/actor/lib/test" />
    <property name="env.XFILESEARCHPATH" value="/usr/dt/app-defaults/%L/Dt" />
    <property name="env.TRAVIS_NODE_VERSION" value="7" />
    <property name="env.MAIL" value="/var/mail/travis" />
    <property name="env.TRAVIS_EVENT_TYPE" value="cron" />
    <property name="env.PERLBREW_ROOT" value="/home/travis/perl5/perlbrew" />
    <property name="env.PWD" value="/home/travis/build/icyphy/ptII" />
    <property name="timeout.npm" value="45000" />
    <property name="env.TRAVIS_ARCH" value="amd64" />
    <property name="sun.cpu.endian" value="little" />
    <property name="env.PAGER" value="cat" />
    <property name="env.TRAVIS_BUILD_STAGE_NAME" value="Test" />
    <property name="env.PERLBREW_HOME" value="/home/travis/.perlbrew" />
    <property name="java.vm.version" value="25.151-b12" />
    <property name="env.RAILS_ENV" value="test" />
    <property name="java.class.path" value="/home/travis/.ptolemyII:/home/travis/.ptolemyII/*:/home/travis/build/icyphy/ptII:/home/travis/build/icyphy/ptII/lib/bsh-2.0b4.jar:/home/travis/build/icyphy/ptII/lib/ptCal.jar:/home/travis/build/icyphy/ptII/lib/java_cup.jar:/home/travis/build/icyphy/ptII/lib/saxon8.jar:/home/travis/build/icyphy/ptII/lib/saxon8-dom.jar:/home/travis/build/icyphy/ptII/lib/chic.jar:/home/travis/build/icyphy/ptII/lib/ptcolt.jar:/usr/lib/jvm/java-8-oracle/lib/tools.jar:/usr/lib/eclipse/plugins/org.eclipse.jdt.core_3.8.2.dist.jar:/usr/lib/eclipse/plugins/org.eclipse.core.runtime_3.8.0.dist.jar:/usr/lib/eclipse/plugins/org.eclipse.osgi_3.8.1.dist.jar:/usr/lib/eclipse/plugins/org.eclipse.core.resources_3.8.1.dist.jar:/usr/lib/eclipse/plugins/org.eclipse.equinox.common_3.6.100.dist.jar:/usr/lib/eclipse/plugins/org.eclipse.core.jobs_3.5.200.dist.jar:/usr/lib/eclipse/plugins/org.eclipse.core.contenttype_3.4.200.dist.jar:/usr/lib/eclipse/plugins/org.eclipse.equinox.preferences_3.5.0.dist.jar:/usr/lib/eclipse/plugins/org.eclipse.text_3.5.200.dist.jar:/usr/lib/eclipse/plugins/org.eclipse.ui.workbench_3.8.1.dist.jar:/usr/lib/eclipse/plugins/org.eclipse.jface_3.8.0.dist.jar:/usr/lib/eclipse/plugins/org.eclipse.swt_3.8.2.jar:/usr/lib/eclipse/plugins/org.eclipse.jface.text_3.8.1.dist.jar:/usr/lib/eclipse/plugins/org.eclipse.ui.workbench.texteditor_3.8.0.dist.jar:/usr/lib/eclipse/plugins/org.eclipse.ui.editors_3.8.0.dist.jar:/usr/lib/eclipse/plugins/org.eclipse.core.commands_3.6.1.dist.jar:/usr/lib/eclipse/plugins/org.eclipse.equinox.registry_3.5.200.dist.jar:/usr/lib/eclipse/plugins/org.eclipse.ui.console_3.5.100.dist.jar:/usr/lib/eclipse/plugins/org.eclipse.ui.forms_3.5.200.dist.jar:/usr/lib/eclipse/plugins/org.eclipse.ui.ide_3.8.1.dist.jar:/home/travis/build/icyphy/ptII/vendors/oracle/dbxml.jar:/home/travis/build/icyphy/ptII/vendors/oracle/db.jar:/home/travis/build/icyphy/ptII/vendors/misc/itext/iText.jar:/home/travis/build/icyphy/ptII/lib/g4ltl.jar:/home/travis/build/icyphy/ptII/lib/StructuralCoder.jar:/home/travis/build/icyphy/ptII/lib/org-openide-util.jar:/home/travis/build/icyphy/ptII/lib/org-openide-util-lookup.jar:/home/travis/build/icyphy/ptII/lib/org-netbeans-api-visual.jar:/home/travis/build/icyphy/ptII/vendors/jai-1_1_2_01/lib/jai_core.jar:/home/travis/build/icyphy/ptII/vendors/jai-1_1_2_01/lib/jai_codec.jar:/home/travis/build/icyphy/ptII/lib/jcerti.jar:/home/travis/build/icyphy/ptII/lib/smack.jar:/home/travis/build/icyphy/ptII/lib/smackx.jar:/home/travis/build/icyphy/ptII/lib/jetty-all-8.1.5-v20120716.jar:/home/travis/build/icyphy/ptII/lib/javax.servlet-api-3.0.1.jar:/home/travis/build/icyphy/ptII/lib/javax.mail.jar:/home/travis/build/icyphy/ptII/vendors/JMF-2.1.1e/lib/jmf.jar:/home/travis/build/icyphy/ptII/lib/jna-4.0.0-variadic.jar:/home/travis/build/icyphy/ptII/vendors/misc/joystick/Joystick.jar:/home/travis/build/icyphy/ptII/lib/ptjacl.jar:/home/travis/build/icyphy/ptII/lib/jsoup-1.8.2.jar:/home/travis/build/icyphy/ptII/lib/junit-4.8.2.jar:/home/travis/build/icyphy/ptII/lib/JUnitParams-0.4.0.jar:/home/travis/build/icyphy/ptII/ptolemy/actor/lib/excel/jxl.jar:/home/travis/build/icyphy/ptII/lib/jython.jar:/home/travis/build/icyphy/ptII/lib/kieler.jar:/home/travis/build/icyphy/ptII/vendors/opencv/share/OpenCV/java/opencv-341.jar:/home/travis/build/icyphy/ptII/lib/oscP5.jar:/home/travis/build/icyphy/ptII/lib/nrjavaserial-3.11.0.devel.jar:/home/travis/build/icyphy/ptII/vendors/j3d/lib/j3dcore.jar:/home/travis/build/icyphy/ptII/vendors/j3d/lib/j3dutils.jar:/home/travis/build/icyphy/ptII/vendors/j3d/lib/vecmath.jar:/home/travis/build/icyphy/ptII/ptolemy/distributed/jini/jar/jini-core.jar:/home/travis/build/icyphy/ptII/ptolemy/distributed/jini/jar/jini-ext.jar:/home/travis/build/icyphy/ptII/ptolemy/distributed/jini/jar/sun-util.jar:/home/travis/build/icyphy/ptII/lib/protobuf-java-2.4.1.jar:/home/travis/build/icyphy/ptII/lib/org.eclipse.paho.client.mqttv3.jar:/home/travis/build/icyphy/ptII/ptserver/lib/hessian-4.0.7.jar:/home/travis/build/icyphy/ptII/ptserver/lib/wmqtt.jar:/home/travis/build/icyphy/ptII/lib/mapss.jar:/home/travis/build/icyphy/ptII/ptolemy/actor/ptalon/antlr/antlr.jar:/home/travis/build/icyphy/ptII/lib/JRI.jar:/home/travis/build/icyphy/ptII/lib/commons-lang-2.6.jar:/home/travis/build/icyphy/ptII/lib/commons-logging-1.1.1.jar:/home/travis/build/icyphy/ptII/lib/sootclasses.jar:/home/travis/build/icyphy/ptII/ptolemy/actor/lib/database/mysql-connector-java-5.1.6-bin.jar:/home/travis/build/icyphy/ptII/vendors/misc/sphinx4/sphinx4-data-5prealpha.jar:/home/travis/build/icyphy/ptII/vendors/misc/sphinx4/sphinx4-core-5prealpha.jar:/home/travis/build/icyphy/ptII/lib/PDFRenderer.jar:/home/travis/build/icyphy/ptII/lib/svgSalamander.jar:/home/travis/build/icyphy/ptII/lib/rsyntaxtextarea-2.6.0-SNAPSHOT.jar:/home/travis/build/icyphy/ptII/lib/hazelcast-3.8.2.jar:/home/travis/build/icyphy/ptII/lib/jackson-annotations-2.9.0.jar:/home/travis/build/icyphy/ptII/lib/jackson-core-2.9.3.jar:/home/travis/build/icyphy/ptII/lib/jackson-databind-2.9.3.jar:/home/travis/build/icyphy/ptII/lib/netty-buffer-4.1.19.Final.jar:/home/travis/build/icyphy/ptII/lib/netty-codec-4.1.19.Final.jar:/home/travis/build/icyphy/ptII/lib/netty-codec-dns-4.1.19.Final.jar:/home/travis/build/icyphy/ptII/lib/netty-codec-http-4.1.19.Final.jar:/home/travis/build/icyphy/ptII/lib/netty-codec-http2-4.1.19.Final.jar:/home/travis/build/icyphy/ptII/lib/netty-common-4.1.19.Final.jar:/home/travis/build/icyphy/ptII/lib/netty-handler-4.1.19.Final.jar:/home/travis/build/icyphy/ptII/lib/netty-resolver-4.1.19.Final.jar:/home/travis/build/icyphy/ptII/lib/netty-resolver-dns-4.1.19.Final.jar:/home/travis/build/icyphy/ptII/lib/netty-transport-4.1.19.Final.jar:/home/travis/build/icyphy/ptII/lib/vertx-codegen-3.5.1.jar:/home/travis/build/icyphy/ptII/lib/vertx-core-3.5.2-SNAPSHOT.jar:/home/travis/build/icyphy/ptII/lib/vertx-hazelcast-3.5.1.jar:/home/travis/build/icyphy/ptII/lib/vertx-lang-js-3.5.1.jar:/home/travis/build/icyphy/ptII/lib/vertx-service-proxy-3.5.1.jar:/home/travis/build/icyphy/ptII/lib/vertx-web-3.5.1.jar:/home/travis/build/icyphy/ptII/lib/slf4j-api-1.7.13.jar:/home/travis/build/icyphy/ptII/lib/slf4j-simple-1.7.13.jar:/home/travis/build/icyphy/ptII/lib/webcam-capture-0.3.12.jar:/home/travis/build/icyphy/ptII/lib/bridj-0.7.0.jar:/home/travis/build/icyphy/ptII/lib/xbjlib-1.1.0.nrjavaserial.jar:/home/travis/build/icyphy/ptII/ptolemy/moml/test:/home/travis/build/icyphy/ptII/ant/lib/ant-launcher.jar:/home/travis/build/icyphy/ptII/ant/lib/ant.jar:/home/travis/build/icyphy/ptII/ant/lib/ant-junit.jar:/home/travis/build/icyphy/ptII/ant/lib/ant-junit4.jar" />
    <property name="ant.library.dir" value="/home/travis/build/icyphy/ptII/ant/lib" />
    <property name="os.arch" value="amd64" />
    <property name="env.TRAVIS_LANGUAGE" value="node_js" />
    <property name="env.CONTINUOUS_INTEGRATION" value="true" />
    <property name="env.TRAVIS_STACK_LANGUAGES" value="__garnet__ c c++ clojure cplusplus cpp default go groovy java node_js php pure_java python ruby scala" />
    <property name="test.name" value="ptolemy.actor.lib.test.junit.JUnitTclTest" />
    <property name="sun.java.launcher" value="SUN_STANDARD" />
    <property name="env.PYTHON_CONFIGURE_OPTS" value="--enable-unicode=ucs4 --with-wide-unicode --enable-shared --enable-ipv6 --enable-loadable-sqlite-extensions --with-computed-gotos" />
    <property name="ant.core.lib" value="/home/travis/build/icyphy/ptII/ant/lib/ant.jar" />
    <property name="java.vm.specification.vendor" value="Oracle Corporation" />
    <property name="env.BCVTB_HOME" value="/home/travis/build/icyphy/ptII/lbnl" />
    <property name="file.separator" value="/" />
    <property name="spotbugs.home" value="/home/travis/build/icyphy/ptII/vendors/spotbugs-3.1.1" />
    <property name="java.runtime.version" value="1.8.0_151-b12" />
    <property name="sun.boot.class.path" value="/usr/lib/jvm/java-8-oracle/jre/lib/resources.jar:/usr/lib/jvm/java-8-oracle/jre/lib/rt.jar:/usr/lib/jvm/java-8-oracle/jre/lib/sunrsasign.jar:/usr/lib/jvm/java-8-oracle/jre/lib/jsse.jar:/usr/lib/jvm/java-8-oracle/jre/lib/jce.jar:/usr/lib/jvm/java-8-oracle/jre/lib/charsets.jar:/usr/lib/jvm/java-8-oracle/jre/lib/jfr.jar:/usr/lib/jvm/java-8-oracle/jre/classes" />
    <property name="env.ANSI_CLEAR" value="\033[0K" />
    <property name="env.HAS_JOSH_K_SEAL_OF_APPROVAL" value="true" />
    <property name="env.XDG_RUNTIME_DIR" value="/run/user/2000" />
    <property name="env.TRAVIS_OSX_IMAGE" value="" />
    <property name="env.TRAVIS_JOB_ID" value="456783622" />
    <property name="env.TRAVIS_BRANCH" value="master" />
    <property name="user.country" value="US" />
    <property name="env.CERTI_HOME_TRAVIS" value="/home/travis/pthla/certi-tools" />
    <property name="env.SHELL" value="/bin/bash" />
    <property name="java.maxmemory.large" value="5000m" />
    <property name="model" value="" />
    <property name="env.CASHER_DIR" value="/home/travis/.casher" />
    <property name="env.NVM_CD_FLAGS" value="" />
    <property name="jshint.executable" value="/home/travis/node_modules/jshint/bin/jshint" />
    <property name="java.vendor" value="Oracle Corporation" />
    <property name="env.JRUBY_OPTS" value=" --client -J-XX:+TieredCompilation -J-XX:TieredStopAtLevel=1 -J-Xss2m -Xcompile.invokedynamic=false" />
    <property name="env.TRAVIS_PRE_CHEF_BOOTSTRAP_TIME" value="2017-12-05T19:32:55" />
    <property name="env.TRAVIS_STACK_JOB_BOARD_REGISTER" value="/.job-board-register.yml" />
    <property name="env.ELIXIR_VERSION" value="1.4.5" />
    <property name="env.ANSI_RED" value="\033[31;1m" />
    <property name="java.specification.version" value="1.8" />
    <property name="env.TRAVIS" value="true" />
    <property name="env.IRBRC" value="/home/travis/.rvm/rubies/ruby-2.4.1/.irbrc" />
    <property name="sun.arch.data.model" value="64" />
  </properties>
  <testcase classname="ptolemy.util.test.junit.TclTests" name="[0] /home/travis/build/icyphy/ptII/ptolemy/actor/lib/test/AbsoluteValue.tcl (RunTclFile)" time="0.445" />
  <testcase classname="ptolemy.util.test.junit.TclTests" name="[1] /home/travis/build/icyphy/ptII/ptolemy/actor/lib/test/AddSubtract.tcl (RunTclFile)" time="0.071" />
  <testcase classname="ptolemy.util.test.junit.TclTests" name="[2] /home/travis/build/icyphy/ptII/ptolemy/actor/lib/test/Average.tcl (RunTclFile)" time="0.055" />
  <testcase classname="ptolemy.util.test.junit.TclTests" name="[3] /home/travis/build/icyphy/ptII/ptolemy/actor/lib/test/Bernoulli.tcl (RunTclFile)" time="0.036" />
  <testcase classname="ptolemy.util.test.junit.TclTests" name="[4] /home/travis/build/icyphy/ptII/ptolemy/actor/lib/test/Clock.tcl (RunTclFile)" time="0.049" />
  <testcase classname="ptolemy.util.test.junit.TclTests" name="[5] /home/travis/build/icyphy/ptII/ptolemy/actor/lib/test/Commutator.tcl (RunTclFile)" time="0.116" />
  <testcase classname="ptolemy.util.test.junit.TclTests" name="[6] /home/travis/build/icyphy/ptII/ptolemy/actor/lib/test/Const.tcl (RunTclFile)" time="0.127" />
  <testcase classname="ptolemy.util.test.junit.TclTests" name="[7] /home/travis/build/icyphy/ptII/ptolemy/actor/lib/test/CurrentTime.tcl (RunTclFile)" time="0.018" />
  <testcase classname="ptolemy.util.test.junit.TclTests" name="[8] /home/travis/build/icyphy/ptII/ptolemy/actor/lib/test/DB.tcl (RunTclFile)" time="0.032" />
  <testcase classname="ptolemy.util.test.junit.TclTests" name="[9] /home/travis/build/icyphy/ptII/ptolemy/actor/lib/test/DiscreteRandomSource.tcl (RunTclFile)" time="0.039" />
  <testcase classname="ptolemy.util.test.junit.TclTests" name="[10] /home/travis/build/icyphy/ptII/ptolemy/actor/lib/test/Distributor.tcl (RunTclFile)" time="0.044" />
  <testcase classname="ptolemy.util.test.junit.TclTests" name="[11] /home/travis/build/icyphy/ptII/ptolemy/actor/lib/test/Exit.tcl (RunTclFile)" time="0.056" />
  <testcase classname="ptolemy.util.test.junit.TclTests" name="[12] /home/travis/build/icyphy/ptII/ptolemy/actor/lib/test/Expression.tcl (RunTclFile)" time="0.098" />
  <testcase classname="ptolemy.util.test.junit.TclTests" name="[13] /home/travis/build/icyphy/ptII/ptolemy/actor/lib/test/Gaussian.tcl (RunTclFile)" time="0.591" />
  <testcase classname="ptolemy.util.test.junit.TclTests" name="[14] /home/travis/build/icyphy/ptII/ptolemy/actor/lib/test/IIR.tcl (RunTclFile)" time="0.043" />
  <testcase classname="ptolemy.util.test.junit.TclTests" name="[15] /home/travis/build/icyphy/ptII/ptolemy/actor/lib/test/Interpolator.tcl (RunTclFile)" time="0.097" />
  <testcase classname="ptolemy.util.test.junit.TclTests" name="[16] /home/travis/build/icyphy/ptII/ptolemy/actor/lib/test/MathFunction.tcl (RunTclFile)" time="0.064" />
  <testcase classname="ptolemy.util.test.junit.TclTests" name="[17] /home/travis/build/icyphy/ptII/ptolemy/actor/lib/test/Maximum.tcl (RunTclFile)" time="0.043" />
  <testcase classname="ptolemy.util.test.junit.TclTests" name="[18] /home/travis/build/icyphy/ptII/ptolemy/actor/lib/test/Minimum.tcl (RunTclFile)" time="0.044" />
  <testcase classname="ptolemy.util.test.junit.TclTests" name="[19] /home/travis/build/icyphy/ptII/ptolemy/actor/lib/test/MultiplyDivide.tcl (RunTclFile)" time="0.057" />
  <testcase classname="ptolemy.util.test.junit.TclTests" name="[20] /home/travis/build/icyphy/ptII/ptolemy/actor/lib/test/OrderedMerge.tcl (RunTclFile)" time="0.093" />
  <testcase classname="ptolemy.util.test.junit.TclTests" name="[21] /home/travis/build/icyphy/ptII/ptolemy/actor/lib/test/Publisher.tcl (RunTclFile)" time="0.647" />
  <testcase classname="ptolemy.util.test.junit.TclTests" name="[22] /home/travis/build/icyphy/ptII/ptolemy/actor/lib/test/Pulse.tcl (RunTclFile)" time="0.063" />
  <testcase classname="ptolemy.util.test.junit.TclTests" name="[23] /home/travis/build/icyphy/ptII/ptolemy/actor/lib/test/Ramp.tcl (RunTclFile)" time="1.902" />
  <testcase classname="ptolemy.util.test.junit.TclTests" name="[24] /home/travis/build/icyphy/ptII/ptolemy/actor/lib/test/RampContinuous.tcl (RunTclFile)" time="0.02" />
  <testcase classname="ptolemy.util.test.junit.TclTests" name="[25] /home/travis/build/icyphy/ptII/ptolemy/actor/lib/test/RecordAssembler.tcl (RunTclFile)" time="0.019" />
  <testcase classname="ptolemy.util.test.junit.TclTests" name="[26] /home/travis/build/icyphy/ptII/ptolemy/actor/lib/test/RecordDisassembler.tcl (RunTclFile)" time="0.026" />
  <testcase classname="ptolemy.util.test.junit.TclTests" name="[27] /home/travis/build/icyphy/ptII/ptolemy/actor/lib/test/Scale.tcl (RunTclFile)" time="0.029" />
  <testcase classname="ptolemy.util.test.junit.TclTests" name="[28] /home/travis/build/icyphy/ptII/ptolemy/actor/lib/test/SequentialClock.tcl (RunTclFile)" time="0.021" />
  <testcase classname="ptolemy.util.test.junit.TclTests" name="[29] /home/travis/build/icyphy/ptII/ptolemy/actor/lib/test/SetVariable.tcl (RunTclFile)" time="0.015" />
  <testcase classname="ptolemy.util.test.junit.TclTests" name="[30] /home/travis/build/icyphy/ptII/ptolemy/actor/lib/test/Sinewave.tcl (RunTclFile)" time="0.047" />
  <testcase classname="ptolemy.util.test.junit.TclTests" name="[31] /home/travis/build/icyphy/ptII/ptolemy/actor/lib/test/SubscriptionAggregator.tcl (RunTclFile)" time="1.654" />
  <testcase classname="ptolemy.util.test.junit.TclTests" name="[32] /home/travis/build/icyphy/ptII/ptolemy/actor/lib/test/Test.tcl (RunTclFile)" time="0.091" />
  <testcase classname="ptolemy.util.test.junit.TclTests" name="[33] /home/travis/build/icyphy/ptII/ptolemy/actor/lib/test/TestExceptionHandler.tcl (RunTclFile)" time="0.012" />
  <testcase classname="ptolemy.util.test.junit.TclTests" name="[34] /home/travis/build/icyphy/ptII/ptolemy/actor/lib/test/UnionDisassembler.tcl (RunTclFile)" time="0.065" />
  <testcase classname="ptolemy.util.test.junit.TclTests" name="[35] /home/travis/build/icyphy/ptII/ptolemy/actor/lib/test/VariableClock.tcl (RunTclFile)" time="0.028" />
  <testcase classname="ptolemy.util.test.junit.AutoKnownFailedTests" name="[0] /home/travis/build/icyphy/ptII/ptolemy/actor/lib/test/auto/knownFailedTests/PublisherPortToplevelSubscriber.xml (RunModel)" time="0.017" />
  <testcase classname="ptolemy.util.test.junit.AutoKnownFailedTests" name="[1] /home/travis/build/icyphy/ptII/ptolemy/actor/lib/test/auto/knownFailedTests/PublisherSubscriberPortToplevel.xml (RunModel)" time="0.019" />
  <testcase classname="ptolemy.util.test.junit.AutoKnownFailedTests" name="[2] /home/travis/build/icyphy/ptII/ptolemy/actor/lib/test/auto/knownFailedTests/PublisherSubscriptionAggregatorPort.xml (RunModel)" time="0.018" />
  <testcase classname="ptolemy.util.test.junit.AutoKnownFailedTests" name="[3] /home/travis/build/icyphy/ptII/ptolemy/actor/lib/test/auto/knownFailedTests/sizedarray3.xml (RunModel)" time="0.02" />
  <testcase classname="ptolemy.util.test.junit.AutoNameArchTests" name="[0] ThereAreNoAutoArchTests (RunModel)" time="0.001" />
  <testcase classname="ptolemy.util.test.junit.AutoTests" name="[0] /home/travis/build/icyphy/ptII/ptolemy/actor/lib/test/auto/AbsoluteValue.xml (RunModel)" time="0.114" />
  <testcase classname="ptolemy.util.test.junit.AutoTests" name="[1] /home/travis/build/icyphy/ptII/ptolemy/actor/lib/test/auto/AbsoluteValue2.xml (RunModel)" time="0.057" />
  <testcase classname="ptolemy.util.test.junit.AutoTests" name="[2] /home/travis/build/icyphy/ptII/ptolemy/actor/lib/test/auto/Accumulator.xml (RunModel)" time="0.06" />
  <testcase classname="ptolemy.util.test.junit.AutoTests" name="[3] /home/travis/build/icyphy/ptII/ptolemy/actor/lib/test/auto/Accumulator2.xml (RunModel)" time="0.031" />
  <testcase classname="ptolemy.util.test.junit.AutoTests" name="[4] /home/travis/build/icyphy/ptII/ptolemy/actor/lib/test/auto/Accumulator3.xml (RunModel)" time="0.033" />
  <testcase classname="ptolemy.util.test.junit.AutoTests" name="[5] /home/travis/build/icyphy/ptII/ptolemy/actor/lib/test/auto/ArrayAppend.xml (RunModel)" time="0.032" />
  <testcase classname="ptolemy.util.test.junit.AutoTests" name="[6] /home/travis/build/icyphy/ptII/ptolemy/actor/lib/test/auto/ArrayAppend2.xml (RunModel)" time="0.399" />
  <testcase classname="ptolemy.util.test.junit.AutoTests" name="[7] /home/travis/build/icyphy/ptII/ptolemy/actor/lib/test/auto/ArrayAppend3.xml (RunModel)" time="0.03" />
  <testcase classname="ptolemy.util.test.junit.AutoTests" name="[8] /home/travis/build/icyphy/ptII/ptolemy/actor/lib/test/auto/ArrayAppend4.xml (RunModel)" time="0.027" />
  <testcase classname="ptolemy.util.test.junit.AutoTests" name="[9] /home/travis/build/icyphy/ptII/ptolemy/actor/lib/test/auto/ArrayAppend5.xml (RunModel)" time="0.026" />
  <testcase classname="ptolemy.util.test.junit.AutoTests" name="[10] /home/travis/build/icyphy/ptII/ptolemy/actor/lib/test/auto/ArrayAppend6.xml (RunModel)" time="0.025" />
  <testcase classname="ptolemy.util.test.junit.AutoTests" name="[11] /home/travis/build/icyphy/ptII/ptolemy/actor/lib/test/auto/ArrayAppendPerformanceTest.xml (RunModel)" time="0.051" />
  <testcase classname="ptolemy.util.test.junit.AutoTests" name="[12] /home/travis/build/icyphy/ptII/ptolemy/actor/lib/test/auto/ArrayAppendWithEmptyInput.xml (RunModel)" time="0.062" />
  <testcase classname="ptolemy.util.test.junit.AutoTests" name="[13] /home/travis/build/icyphy/ptII/ptolemy/actor/lib/test/auto/ArrayAverage.xml (RunModel)" time="0.039" />
  <testcase classname="ptolemy.util.test.junit.AutoTests" name="[14] /home/travis/build/icyphy/ptII/ptolemy/actor/lib/test/auto/ArrayContains.xml (RunModel)" time="0.026" />
  <testcase classname="ptolemy.util.test.junit.AutoTests" name="[15] /home/travis/build/icyphy/ptII/ptolemy/actor/lib/test/auto/ArrayElement.xml (RunModel)" time="0.028" />
  <testcase classname="ptolemy.util.test.junit.AutoTests" name="[16] /home/travis/build/icyphy/ptII/ptolemy/actor/lib/test/auto/ArrayElementAsMatrix.xml (RunModel)" time="0.066" />
  <testcase classname="ptolemy.util.test.junit.AutoTests" name="[17] /home/travis/build/icyphy/ptII/ptolemy/actor/lib/test/auto/ArrayElementI.xml (RunModel)" time="0.018" />
  <testcase classname="ptolemy.util.test.junit.AutoTests" name="[18] /home/travis/build/icyphy/ptII/ptolemy/actor/lib/test/auto/ArrayExtract.xml (RunModel)" time="0.047" />
  <testcase classname="ptolemy.util.test.junit.AutoTests" name="[19] /home/travis/build/icyphy/ptII/ptolemy/actor/lib/test/auto/ArrayExtract2.xml (RunModel)" time="0.021" />
  <testcase classname="ptolemy.util.test.junit.AutoTests" name="[20] /home/travis/build/icyphy/ptII/ptolemy/actor/lib/test/auto/ArrayLength.xml (RunModel)" time="0.021" />
  <testcase classname="ptolemy.util.test.junit.AutoTests" name="[21] /home/travis/build/icyphy/ptII/ptolemy/actor/lib/test/auto/ArrayLevelCrossing.xml (RunModel)" time="0.034" />
  <testcase classname="ptolemy.util.test.junit.AutoTests" name="[22] /home/travis/build/icyphy/ptII/ptolemy/actor/lib/test/auto/ArrayLevelCrossing2.xml (RunModel)" time="0.023" />
  <testcase classname="ptolemy.util.test.junit.AutoTests" name="[23] /home/travis/build/icyphy/ptII/ptolemy/actor/lib/test/auto/ArrayPeakSearch.xml (RunModel)" time="0.039" />
  <testcase classname="ptolemy.util.test.junit.AutoTests" name="[24] /home/travis/build/icyphy/ptII/ptolemy/actor/lib/test/auto/ArrayPeakSearch2.xml (RunModel)" time="0.044" />
  <testcase classname="ptolemy.util.test.junit.AutoTests" name="[25] /home/travis/build/icyphy/ptII/ptolemy/actor/lib/test/auto/ArrayPeakSearch3.xml (RunModel)" time="0.033" />
  <testcase classname="ptolemy.util.test.junit.AutoTests" name="[26] /home/travis/build/icyphy/ptII/ptolemy/actor/lib/test/auto/ArrayRemoveElement.xml (RunModel)" time="0.032" />
  <testcase classname="ptolemy.util.test.junit.AutoTests" name="[27] /home/travis/build/icyphy/ptII/ptolemy/actor/lib/test/auto/ArraySort.xml (RunModel)" time="0.033" />
  <testcase classname="ptolemy.util.test.junit.AutoTests" name="[28] /home/travis/build/icyphy/ptII/ptolemy/actor/lib/test/auto/ArraySum.xml (RunModel)" time="0.022" />
  <testcase classname="ptolemy.util.test.junit.AutoTests" name="[29] /home/travis/build/icyphy/ptII/ptolemy/actor/lib/test/auto/ArrayToElements.xml (RunModel)" time="0.031" />
  <testcase classname="ptolemy.util.test.junit.AutoTests" name="[30] /home/travis/build/icyphy/ptII/ptolemy/actor/lib/test/auto/ArrayToMatrix.xml (RunModel)" time="0.061" />
  <testcase classname="ptolemy.util.test.junit.AutoTests" name="[31] /home/travis/build/icyphy/ptII/ptolemy/actor/lib/test/auto/ArrayUpdate1.xml (RunModel)" time="0.028" />
  <testcase classname="ptolemy.util.test.junit.AutoTests" name="[32] /home/travis/build/icyphy/ptII/ptolemy/actor/lib/test/auto/ArrayUpdate2.xml (RunModel)" time="0.062" />
  <testcase classname="ptolemy.util.test.junit.AutoTests" name="[33] /home/travis/build/icyphy/ptII/ptolemy/actor/lib/test/auto/ArrayUpdate3.xml (RunModel)" time="0.02" />
  <testcase classname="ptolemy.util.test.junit.AutoTests" name="[34] /home/travis/build/icyphy/ptII/ptolemy/actor/lib/test/auto/Assert1.xml (RunModel)" time="0.029" />
  <testcase classname="ptolemy.util.test.junit.AutoTests" name="[35] /home/travis/build/icyphy/ptII/ptolemy/actor/lib/test/auto/Assert2.xml (RunModel)" time="0.019" />
  <testcase classname="ptolemy.util.test.junit.AutoTests" name="[36] /home/travis/build/icyphy/ptII/ptolemy/actor/lib/test/auto/BooleanMultiplexor.xml (RunModel)" time="0.016" />
  <testcase classname="ptolemy.util.test.junit.AutoTests" name="[37] /home/travis/build/icyphy/ptII/ptolemy/actor/lib/test/auto/BooleanMultiplexor2.xml (RunModel)" time="0.024" />
  <testcase classname="ptolemy.util.test.junit.AutoTests" name="[38] /home/travis/build/icyphy/ptII/ptolemy/actor/lib/test/auto/BooleanMultiplexor3.xml (RunModel)" time="0.023" />
  <testcase classname="ptolemy.util.test.junit.AutoTests" name="[39] /home/travis/build/icyphy/ptII/ptolemy/actor/lib/test/auto/BooleanSelect.xml (RunModel)" time="0.023" />
  <testcase classname="ptolemy.util.test.junit.AutoTests" name="[40] /home/travis/build/icyphy/ptII/ptolemy/actor/lib/test/auto/BooleanSelect2.xml (RunModel)" time="0.015" />
  <testcase classname="ptolemy.util.test.junit.AutoTests" name="[41] /home/travis/build/icyphy/ptII/ptolemy/actor/lib/test/auto/BooleanSwitch.xml (RunModel)" time="0.016" />
  <testcase classname="ptolemy.util.test.junit.AutoTests" name="[42] /home/travis/build/icyphy/ptII/ptolemy/actor/lib/test/auto/BooleanSwitch2.xml (RunModel)" time="0.013" />
  <testcase classname="ptolemy.util.test.junit.AutoTests" name="[43] /home/travis/build/icyphy/ptII/ptolemy/actor/lib/test/auto/BooleanSwitchCloningBugWithClassRelationGroup.xml (RunModel)" time="0.021" />
  <testcase classname="ptolemy.util.test.junit.AutoTests" name="[44] /home/travis/build/icyphy/ptII/ptolemy/actor/lib/test/auto/BusActors.xml (RunModel)" time="0.026" />
  <testcase classname="ptolemy.util.test.junit.AutoTests" name="[45] /home/travis/build/icyphy/ptII/ptolemy/actor/lib/test/auto/ClassWrapper.xml (RunModel)" time="0.01" />
  <testcase classname="ptolemy.util.test.junit.AutoTests" name="[46] /home/travis/build/icyphy/ptII/ptolemy/actor/lib/test/auto/Clock.xml (RunModel)" time="0.009" />
  <testcase classname="ptolemy.util.test.junit.AutoTests" name="[47] /home/travis/build/icyphy/ptII/ptolemy/actor/lib/test/auto/Clock10.xml (RunModel)" time="0.014" />
  <testcase classname="ptolemy.util.test.junit.AutoTests" name="[48] /home/travis/build/icyphy/ptII/ptolemy/actor/lib/test/auto/Clock11.xml (RunModel)" time="0.013" />
  <testcase classname="ptolemy.util.test.junit.AutoTests" name="[49] /home/travis/build/icyphy/ptII/ptolemy/actor/lib/test/auto/Clock12.xml (RunModel)" time="0.018" />
  <testcase classname="ptolemy.util.test.junit.AutoTests" name="[50] /home/travis/build/icyphy/ptII/ptolemy/actor/lib/test/auto/Clock13.xml (RunModel)" time="0.019" />
  <testcase classname="ptolemy.util.test.junit.AutoTests" name="[51] /home/travis/build/icyphy/ptII/ptolemy/actor/lib/test/auto/Clock14.xml (RunModel)" time="0.02" />
  <testcase classname="ptolemy.util.test.junit.AutoTests" name="[52] /home/travis/build/icyphy/ptII/ptolemy/actor/lib/test/auto/Clock15.xml (RunModel)" time="0.015" />
  <testcase classname="ptolemy.util.test.junit.AutoTests" name="[53] /home/travis/build/icyphy/ptII/ptolemy/actor/lib/test/auto/Clock16.xml (RunModel)" time="0.086" />
  <testcase classname="ptolemy.util.test.junit.AutoTests" name="[54] /home/travis/build/icyphy/ptII/ptolemy/actor/lib/test/auto/Clock17.xml (RunModel)" time="0.065" />
  <testcase classname="ptolemy.util.test.junit.AutoTests" name="[55] /home/travis/build/icyphy/ptII/ptolemy/actor/lib/test/auto/Clock18.xml (RunModel)" time="0.062" />
  <testcase classname="ptolemy.util.test.junit.AutoTests" name="[56] /home/travis/build/icyphy/ptII/ptolemy/actor/lib/test/auto/Clock19.xml (RunModel)" time="0.049" />
  <testcase classname="ptolemy.util.test.junit.AutoTests" name="[57] /home/travis/build/icyphy/ptII/ptolemy/actor/lib/test/auto/Clock2.xml (RunModel)" time="0.02" />
  <testcase classname="ptolemy.util.test.junit.AutoTests" name="[58] /home/travis/build/icyphy/ptII/ptolemy/actor/lib/test/auto/Clock20.xml (RunModel)" time="0.023" />
  <testcase classname="ptolemy.util.test.junit.AutoTests" name="[59] /home/travis/build/icyphy/ptII/ptolemy/actor/lib/test/auto/Clock21.xml (RunModel)" time="0.017" />
  <testcase classname="ptolemy.util.test.junit.AutoTests" name="[60] /home/travis/build/icyphy/ptII/ptolemy/actor/lib/test/auto/Clock22.xml (RunModel)" time="0.016" />
  <testcase classname="ptolemy.util.test.junit.AutoTests" name="[61] /home/travis/build/icyphy/ptII/ptolemy/actor/lib/test/auto/Clock23.xml (RunModel)" time="0.013" />
  <testcase classname="ptolemy.util.test.junit.AutoTests" name="[62] /home/travis/build/icyphy/ptII/ptolemy/actor/lib/test/auto/Clock24.xml (RunModel)" time="0.014" />
  <testcase classname="ptolemy.util.test.junit.AutoTests" name="[63] /home/travis/build/icyphy/ptII/ptolemy/actor/lib/test/auto/Clock4.xml (RunModel)" time="0.01" />
  <testcase classname="ptolemy.util.test.junit.AutoTests" name="[64] /home/travis/build/icyphy/ptII/ptolemy/actor/lib/test/auto/Clock5.xml (RunModel)" time="0.018" />
  <testcase classname="ptolemy.util.test.junit.AutoTests" name="[65] /home/travis/build/icyphy/ptII/ptolemy/actor/lib/test/auto/Clock6.xml (RunModel)" time="0.008" />
  <testcase classname="ptolemy.util.test.junit.AutoTests" name="[66] /home/travis/build/icyphy/ptII/ptolemy/actor/lib/test/auto/Clock7.xml (RunModel)" time="0.009" />
  <testcase classname="ptolemy.util.test.junit.AutoTests" name="[67] /home/travis/build/icyphy/ptII/ptolemy/actor/lib/test/auto/Clock8.xml (RunModel)" time="0.012" />
  <testcase classname="ptolemy.util.test.junit.AutoTests" name="[68] /home/travis/build/icyphy/ptII/ptolemy/actor/lib/test/auto/Clock9.xml (RunModel)" time="0.012" />
  <testcase classname="ptolemy.util.test.junit.AutoTests" name="[69] /home/travis/build/icyphy/ptII/ptolemy/actor/lib/test/auto/CommDistDiscard.xml (RunModel)" time="0.017" />
  <testcase classname="ptolemy.util.test.junit.AutoTests" name="[70] /home/travis/build/icyphy/ptII/ptolemy/actor/lib/test/auto/Commutator.xml (RunModel)" time="0.013" />
  <testcase classname="ptolemy.util.test.junit.AutoTests" name="[71] /home/travis/build/icyphy/ptII/ptolemy/actor/lib/test/auto/Commutator2.xml (RunModel)" time="0.012" />
  <testcase classname="ptolemy.util.test.junit.AutoTests" name="[72] /home/travis/build/icyphy/ptII/ptolemy/actor/lib/test/auto/Commutator3.xml (RunModel)" time="0.012" />
  <testcase classname="ptolemy.util.test.junit.AutoTests" name="[73] /home/travis/build/icyphy/ptII/ptolemy/actor/lib/test/auto/Compare.xml (RunModel)" time="0.018" />
  <testcase classname="ptolemy.util.test.junit.AutoTests" name="[74] /home/travis/build/icyphy/ptII/ptolemy/actor/lib/test/auto/CompareDE.xml (RunModel)" time="0.019" />
  <testcase classname="ptolemy.util.test.junit.AutoTests" name="[75] /home/travis/build/icyphy/ptII/ptolemy/actor/lib/test/auto/ComplexDivide.xml (RunModel)" time="0.01" />
  <testcase classname="ptolemy.util.test.junit.AutoTests" name="[76] /home/travis/build/icyphy/ptII/ptolemy/actor/lib/test/auto/ComputeHistogram.xml (RunModel)" time="0.054" />
  <testcase classname="ptolemy.util.test.junit.AutoTests" name="[77] /home/travis/build/icyphy/ptII/ptolemy/actor/lib/test/auto/ConfigurationSelect.xml (RunModel)" time="0.016" />
  <testcase classname="ptolemy.util.test.junit.AutoTests" name="[78] /home/travis/build/icyphy/ptII/ptolemy/actor/lib/test/auto/ConfigurationSelect2.xml (RunModel)" time="0.013" />
  <testcase classname="ptolemy.util.test.junit.AutoTests" name="[79] /home/travis/build/icyphy/ptII/ptolemy/actor/lib/test/auto/ConfigurationSwitch.xml (RunModel)" time="0.015" />
  <testcase classname="ptolemy.util.test.junit.AutoTests" name="[80] /home/travis/build/icyphy/ptII/ptolemy/actor/lib/test/auto/ConfigurationSwitch2.xml (RunModel)" time="0.023" />
  <testcase classname="ptolemy.util.test.junit.AutoTests" name="[81] /home/travis/build/icyphy/ptII/ptolemy/actor/lib/test/auto/ConfigurationSwitchCloningBugWithClassRelationGroup.xml (RunModel)" time="0.025" />
  <testcase classname="ptolemy.util.test.junit.AutoTests" name="[82] /home/travis/build/icyphy/ptII/ptolemy/actor/lib/test/auto/ConfigurationSwitchSelectSDF.xml (RunModel)" time="0.018" />
  <testcase classname="ptolemy.util.test.junit.AutoTests" name="[83] /home/travis/build/icyphy/ptII/ptolemy/actor/lib/test/auto/ConfigurationSwitchSelectSDF2.xml (RunModel)" time="0.02" />
  <testcase classname="ptolemy.util.test.junit.AutoTests" name="[84] /home/travis/build/icyphy/ptII/ptolemy/actor/lib/test/auto/Const.xml (RunModel)" time="0.009" />
  <testcase classname="ptolemy.util.test.junit.AutoTests" name="[85] /home/travis/build/icyphy/ptII/ptolemy/actor/lib/test/auto/Const2.xml (RunModel)" time="0.011" />
  <testcase classname="ptolemy.util.test.junit.AutoTests" name="[86] /home/travis/build/icyphy/ptII/ptolemy/actor/lib/test/auto/Const3.xml (RunModel)" time="0.007" />
  <testcase classname="ptolemy.util.test.junit.AutoTests" name="[87] /home/travis/build/icyphy/ptII/ptolemy/actor/lib/test/auto/ConstantPublisherPort1.xml (RunModel)" time="0.026" />
  <testcase classname="ptolemy.util.test.junit.AutoTests" name="[88] /home/travis/build/icyphy/ptII/ptolemy/actor/lib/test/auto/ConstantPublisherPort2.xml (RunModel)" time="0.023" />
  <testcase classname="ptolemy.util.test.junit.AutoTests" name="[89] /home/travis/build/icyphy/ptII/ptolemy/actor/lib/test/auto/ConstantPublisherPort3.xml (RunModel)" time="0.05" />
  <testcase classname="ptolemy.util.test.junit.AutoTests" name="[90] /home/travis/build/icyphy/ptII/ptolemy/actor/lib/test/auto/ConstantPublisherPort4.xml (RunModel)" time="0.015" />
  <testcase classname="ptolemy.util.test.junit.AutoTests" name="[91] /home/travis/build/icyphy/ptII/ptolemy/actor/lib/test/auto/ConstantPublisherPort5.xml (RunModel)" time="0.025" />
  <testcase classname="ptolemy.util.test.junit.AutoTests" name="[92] /home/travis/build/icyphy/ptII/ptolemy/actor/lib/test/auto/ConstantPublisherPort6.xml (RunModel)" time="0.031" />
  <testcase classname="ptolemy.util.test.junit.AutoTests" name="[93] /home/travis/build/icyphy/ptII/ptolemy/actor/lib/test/auto/ConstantPublisherPort7.xml (RunModel)" time="0.024" />
  <testcase classname="ptolemy.util.test.junit.AutoTests" name="[94] /home/travis/build/icyphy/ptII/ptolemy/actor/lib/test/auto/ConstraintMonitor1.xml (RunModel)" time="0.028" />
  <testcase classname="ptolemy.util.test.junit.AutoTests" name="[95] /home/travis/build/icyphy/ptII/ptolemy/actor/lib/test/auto/ConstraintMonitor2.xml (RunModel)" time="0.018" />
  <testcase classname="ptolemy.util.test.junit.AutoTests" name="[96] /home/travis/build/icyphy/ptII/ptolemy/actor/lib/test/auto/ConstraintMonitor3.xml (RunModel)" time="0.012" />
  <testcase classname="ptolemy.util.test.junit.AutoTests" name="[97] /home/travis/build/icyphy/ptII/ptolemy/actor/lib/test/auto/ConstraintMonitor4.xml (RunModel)" time="0.015" />
  <testcase classname="ptolemy.util.test.junit.AutoTests" name="[98] /home/travis/build/icyphy/ptII/ptolemy/actor/lib/test/auto/ConstraintMonitor5.xml (RunModel)" time="0.01" />
  <testcase classname="ptolemy.util.test.junit.AutoTests" name="[99] /home/travis/build/icyphy/ptII/ptolemy/actor/lib/test/auto/ConstraintMonitor6.xml (RunModel)" time="0.017" />
  <testcase classname="ptolemy.util.test.junit.AutoTests" name="[100] /home/travis/build/icyphy/ptII/ptolemy/actor/lib/test/auto/ConstraintMonitor7.xml (RunModel)" time="0.015" />
  <testcase classname="ptolemy.util.test.junit.AutoTests" name="[101] /home/travis/build/icyphy/ptII/ptolemy/actor/lib/test/auto/ConstraintMonitor8.xml (RunModel)" time="0.015" />
  <testcase classname="ptolemy.util.test.junit.AutoTests" name="[102] /home/travis/build/icyphy/ptII/ptolemy/actor/lib/test/auto/Counter.xml (RunModel)" time="0.012" />
  <testcase classname="ptolemy.util.test.junit.AutoTests" name="[103] /home/travis/build/icyphy/ptII/ptolemy/actor/lib/test/auto/CurrentTimeSDF.xml (RunModel)" time="0.009" />
  <testcase classname="ptolemy.util.test.junit.AutoTests" name="[104] /home/travis/build/icyphy/ptII/ptolemy/actor/lib/test/auto/DB.xml (RunModel)" time="0.012" />
  <testcase classname="ptolemy.util.test.junit.AutoTests" name="[105] /home/travis/build/icyphy/ptII/ptolemy/actor/lib/test/auto/DBDE.xml (RunModel)" time="0.013" />
  <testcase classname="ptolemy.util.test.junit.AutoTests" name="[106] /home/travis/build/icyphy/ptII/ptolemy/actor/lib/test/auto/DateConstructor.xml (RunModel)" time="0.053" />
  <testcase classname="ptolemy.util.test.junit.AutoTests" name="[107] /home/travis/build/icyphy/ptII/ptolemy/actor/lib/test/auto/DelayTime.xml (RunModel)" time="0.019" />
  <testcase classname="ptolemy.util.test.junit.AutoTests" name="[108] /home/travis/build/icyphy/ptII/ptolemy/actor/lib/test/auto/Dictionary1.xml (RunModel)" time="0.016" />
  <testcase classname="ptolemy.util.test.junit.AutoTests" name="[109] /home/travis/build/icyphy/ptII/ptolemy/actor/lib/test/auto/Dictionary2.xml (RunModel)" time="0.013" />
  <testcase classname="ptolemy.util.test.junit.AutoTests" name="[110] /home/travis/build/icyphy/ptII/ptolemy/actor/lib/test/auto/Dictionary3.xml (RunModel)" time="0.015" />
  <testcase classname="ptolemy.util.test.junit.AutoTests" name="[111] /home/travis/build/icyphy/ptII/ptolemy/actor/lib/test/auto/Dictionary4.xml (RunModel)" time="0.015" />
  <testcase classname="ptolemy.util.test.junit.AutoTests" name="[112] /home/travis/build/icyphy/ptII/ptolemy/actor/lib/test/auto/Differential.xml (RunModel)" time="0.011" />
  <testcase classname="ptolemy.util.test.junit.AutoTests" name="[113] /home/travis/build/icyphy/ptII/ptolemy/actor/lib/test/auto/Director.xml (RunModel)" time="0.018" />
  <testcase classname="ptolemy.util.test.junit.AutoTests" name="[114] /home/travis/build/icyphy/ptII/ptolemy/actor/lib/test/auto/DiscreteClock.xml (RunModel)" time="0.007" />
  <testcase classname="ptolemy.util.test.junit.AutoTests" name="[115] /home/travis/build/icyphy/ptII/ptolemy/actor/lib/test/auto/DiscreteClock10.xml (RunModel)" time="0.012" />
  <testcase classname="ptolemy.util.test.junit.AutoTests" name="[116] /home/travis/build/icyphy/ptII/ptolemy/actor/lib/test/auto/DiscreteClock11.xml (RunModel)" time="0.011" />
  <testcase classname="ptolemy.util.test.junit.AutoTests" name="[117] /home/travis/build/icyphy/ptII/ptolemy/actor/lib/test/auto/DiscreteClock12.xml (RunModel)" time="0.014" />
  <testcase classname="ptolemy.util.test.junit.AutoTests" name="[118] /home/travis/build/icyphy/ptII/ptolemy/actor/lib/test/auto/DiscreteClock13.xml (RunModel)" time="0.011" />
  <testcase classname="ptolemy.util.test.junit.AutoTests" name="[119] /home/travis/build/icyphy/ptII/ptolemy/actor/lib/test/auto/DiscreteClock14.xml (RunModel)" time="0.014" />
  <testcase classname="ptolemy.util.test.junit.AutoTests" name="[120] /home/travis/build/icyphy/ptII/ptolemy/actor/lib/test/auto/DiscreteClock15.xml (RunModel)" time="0.018" />
  <testcase classname="ptolemy.util.test.junit.AutoTests" name="[121] /home/travis/build/icyphy/ptII/ptolemy/actor/lib/test/auto/DiscreteClock16.xml (RunModel)" time="0.043" />
  <testcase classname="ptolemy.util.test.junit.AutoTests" name="[122] /home/travis/build/icyphy/ptII/ptolemy/actor/lib/test/auto/DiscreteClock17.xml (RunModel)" time="0.063" />
  <testcase classname="ptolemy.util.test.junit.AutoTests" name="[123] /home/travis/build/icyphy/ptII/ptolemy/actor/lib/test/auto/DiscreteClock18.xml (RunModel)" time="0.041" />
  <testcase classname="ptolemy.util.test.junit.AutoTests" name="[124] /home/travis/build/icyphy/ptII/ptolemy/actor/lib/test/auto/DiscreteClock19.xml (RunModel)" time="0.04" />
  <testcase classname="ptolemy.util.test.junit.AutoTests" name="[125] /home/travis/build/icyphy/ptII/ptolemy/actor/lib/test/auto/DiscreteClock2.xml (RunModel)" time="0.013" />
  <testcase classname="ptolemy.util.test.junit.AutoTests" name="[126] /home/travis/build/icyphy/ptII/ptolemy/actor/lib/test/auto/DiscreteClock20.xml (RunModel)" time="0.015" />
  <testcase classname="ptolemy.util.test.junit.AutoTests" name="[127] /home/travis/build/icyphy/ptII/ptolemy/actor/lib/test/auto/DiscreteClock21.xml (RunModel)" time="0.596" />
  <testcase classname="ptolemy.util.test.junit.AutoTests" name="[128] /home/travis/build/icyphy/ptII/ptolemy/actor/lib/test/auto/DiscreteClock22.xml (RunModel)" time="0.016" />
  <testcase classname="ptolemy.util.test.junit.AutoTests" name="[129] /home/travis/build/icyphy/ptII/ptolemy/actor/lib/test/auto/DiscreteClock23.xml (RunModel)" time="0.018" />
  <testcase classname="ptolemy.util.test.junit.AutoTests" name="[130] /home/travis/build/icyphy/ptII/ptolemy/actor/lib/test/auto/DiscreteClock24.xml (RunModel)" time="0.032" />
  <testcase classname="ptolemy.util.test.junit.AutoTests" name="[131] /home/travis/build/icyphy/ptII/ptolemy/actor/lib/test/auto/DiscreteClock4.xml (RunModel)" time="0.015" />
  <testcase classname="ptolemy.util.test.junit.AutoTests" name="[132] /home/travis/build/icyphy/ptII/ptolemy/actor/lib/test/auto/DiscreteClock5.xml (RunModel)" time="0.015" />
  <testcase classname="ptolemy.util.test.junit.AutoTests" name="[133] /home/travis/build/icyphy/ptII/ptolemy/actor/lib/test/auto/DiscreteClock6.xml (RunModel)" time="0.009" />
  <testcase classname="ptolemy.util.test.junit.AutoTests" name="[134] /home/travis/build/icyphy/ptII/ptolemy/actor/lib/test/auto/DiscreteClock7.xml (RunModel)" time="0.01" />
  <testcase classname="ptolemy.util.test.junit.AutoTests" name="[135] /home/travis/build/icyphy/ptII/ptolemy/actor/lib/test/auto/DiscreteClock8.xml (RunModel)" time="0.013" />
  <testcase classname="ptolemy.util.test.junit.AutoTests" name="[136] /home/travis/build/icyphy/ptII/ptolemy/actor/lib/test/auto/DiscreteClock9.xml (RunModel)" time="0.014" />
  <testcase classname="ptolemy.util.test.junit.AutoTests" name="[137] /home/travis/build/icyphy/ptII/ptolemy/actor/lib/test/auto/DisplayArray.xml (RunModel)" time="0.026" />
  <testcase classname="ptolemy.util.test.junit.AutoTests" name="[138] /home/travis/build/icyphy/ptII/ptolemy/actor/lib/test/auto/Distributor.xml (RunModel)" time="0.016" />
  <testcase classname="ptolemy.util.test.junit.AutoTests" name="[139] /home/travis/build/icyphy/ptII/ptolemy/actor/lib/test/auto/Distributor2.xml (RunModel)" time="0.011" />
  <testcase classname="ptolemy.util.test.junit.AutoTests" name="[140] /home/travis/build/icyphy/ptII/ptolemy/actor/lib/test/auto/DownSample.xml (RunModel)" time="0.026" />
  <testcase classname="ptolemy.util.test.junit.AutoTests" name="[141] /home/travis/build/icyphy/ptII/ptolemy/actor/lib/test/auto/ElectronicUnitBase1.xml (RunModel)" time="0.064" />
  <testcase classname="ptolemy.util.test.junit.AutoTests" name="[142] /home/travis/build/icyphy/ptII/ptolemy/actor/lib/test/auto/ElementsToArray.xml (RunModel)" time="0.01" />
  <testcase classname="ptolemy.util.test.junit.AutoTests" name="[143] /home/travis/build/icyphy/ptII/ptolemy/actor/lib/test/auto/Equals.xml (RunModel)" time="0.032" />
  <testcase classname="ptolemy.util.test.junit.AutoTests" name="[144] /home/travis/build/icyphy/ptII/ptolemy/actor/lib/test/auto/Exec.xml (RunModel)" time="0.029" />
  <testcase classname="ptolemy.util.test.junit.AutoTests" name="[145] /home/travis/build/icyphy/ptII/ptolemy/actor/lib/test/auto/ExecEnvironment.xml (RunModel)" time="0.036" />
  <testcase classname="ptolemy.util.test.junit.AutoTests" name="[146] /home/travis/build/icyphy/ptII/ptolemy/actor/lib/test/auto/ExecNonZeroReturnOutput.xml (RunModel)" time="0.137" />
  <testcase classname="ptolemy.util.test.junit.AutoTests" name="[147] /home/travis/build/icyphy/ptII/ptolemy/actor/lib/test/auto/ExecRunDemos.xml (RunModel)" time="9.688" />
  <testcase classname="ptolemy.util.test.junit.AutoTests" name="[148] /home/travis/build/icyphy/ptII/ptolemy/actor/lib/test/auto/ExecStop.xml (RunModel)" time="5.031" />
  <testcase classname="ptolemy.util.test.junit.AutoTests" name="[149] /home/travis/build/icyphy/ptII/ptolemy/actor/lib/test/auto/ExecutionTimeSDF.xml (RunModel)" time="6.025" />
  <testcase classname="ptolemy.util.test.junit.AutoTests" name="[150] /home/travis/build/icyphy/ptII/ptolemy/actor/lib/test/auto/Expression1.xml (RunModel)" time="0.014" />
  <testcase classname="ptolemy.util.test.junit.AutoTests" name="[151] /home/travis/build/icyphy/ptII/ptolemy/actor/lib/test/auto/Expression10.xml (RunModel)" time="0.018" />
  <testcase classname="ptolemy.util.test.junit.AutoTests" name="[152] /home/travis/build/icyphy/ptII/ptolemy/actor/lib/test/auto/Expression11.xml (RunModel)" time="0.013" />
  <testcase classname="ptolemy.util.test.junit.AutoTests" name="[153] /home/travis/build/icyphy/ptII/ptolemy/actor/lib/test/auto/Expression12.xml (RunModel)" time="0.014" />
  <testcase classname="ptolemy.util.test.junit.AutoTests" name="[154] /home/travis/build/icyphy/ptII/ptolemy/actor/lib/test/auto/Expression13.xml (RunModel)" time="0.013" />
  <testcase classname="ptolemy.util.test.junit.AutoTests" name="[155] /home/travis/build/icyphy/ptII/ptolemy/actor/lib/test/auto/Expression14.xml (RunModel)" time="0.019" />
  <testcase classname="ptolemy.util.test.junit.AutoTests" name="[156] /home/travis/build/icyphy/ptII/ptolemy/actor/lib/test/auto/Expression15.xml (RunModel)" time="0.011" />
  <testcase classname="ptolemy.util.test.junit.AutoTests" name="[157] /home/travis/build/icyphy/ptII/ptolemy/actor/lib/test/auto/Expression16.xml (RunModel)" time="0.015" />
  <testcase classname="ptolemy.util.test.junit.AutoTests" name="[158] /home/travis/build/icyphy/ptII/ptolemy/actor/lib/test/auto/Expression17.xml (RunModel)" time="0.012" />
  <testcase classname="ptolemy.util.test.junit.AutoTests" name="[159] /home/travis/build/icyphy/ptII/ptolemy/actor/lib/test/auto/Expression18.xml (RunModel)" time="0.016" />
  <testcase classname="ptolemy.util.test.junit.AutoTests" name="[160] /home/travis/build/icyphy/ptII/ptolemy/actor/lib/test/auto/Expression2.xml (RunModel)" time="0.014" />
  <testcase classname="ptolemy.util.test.junit.AutoTests" name="[161] /home/travis/build/icyphy/ptII/ptolemy/actor/lib/test/auto/Expression3.xml (RunModel)" time="0.014" />
  <testcase classname="ptolemy.util.test.junit.AutoTests" name="[162] /home/travis/build/icyphy/ptII/ptolemy/actor/lib/test/auto/Expression4.xml (RunModel)" time="0.022" />
  <testcase classname="ptolemy.util.test.junit.AutoTests" name="[163] /home/travis/build/icyphy/ptII/ptolemy/actor/lib/test/auto/Expression5.xml (RunModel)" time="0.014" />
  <testcase classname="ptolemy.util.test.junit.AutoTests" name="[164] /home/travis/build/icyphy/ptII/ptolemy/actor/lib/test/auto/Expression6.xml (RunModel)" time="0.011" />
  <testcase classname="ptolemy.util.test.junit.AutoTests" name="[165] /home/travis/build/icyphy/ptII/ptolemy/actor/lib/test/auto/Expression7.xml (RunModel)" time="0.013" />
  <testcase classname="ptolemy.util.test.junit.AutoTests" name="[166] /home/travis/build/icyphy/ptII/ptolemy/actor/lib/test/auto/Expression8.xml (RunModel)" time="0.018" />
  <testcase classname="ptolemy.util.test.junit.AutoTests" name="[167] /home/travis/build/icyphy/ptII/ptolemy/actor/lib/test/auto/Expression9.xml (RunModel)" time="0.01" />
  <testcase classname="ptolemy.util.test.junit.AutoTests" name="[168] /home/travis/build/icyphy/ptII/ptolemy/actor/lib/test/auto/ExpressionConcatenateArrayType.xml (RunModel)" time="0.026" />
  <testcase classname="ptolemy.util.test.junit.AutoTests" name="[169] /home/travis/build/icyphy/ptII/ptolemy/actor/lib/test/auto/ExpressionConcatenateArrayType2.xml (RunModel)" time="0.019" />
  <testcase classname="ptolemy.util.test.junit.AutoTests" name="[170] /home/travis/build/icyphy/ptII/ptolemy/actor/lib/test/auto/ExpressionFix.xml (RunModel)" time="0.032" />
  <testcase classname="ptolemy.util.test.junit.AutoTests" name="[171] /home/travis/build/icyphy/ptII/ptolemy/actor/lib/test/auto/ExpressionFix2.xml (RunModel)" time="0.012" />
  <testcase classname="ptolemy.util.test.junit.AutoTests" name="[172] /home/travis/build/icyphy/ptII/ptolemy/actor/lib/test/auto/ExpressionFix3.xml (RunModel)" time="0.011" />
  <testcase classname="ptolemy.util.test.junit.AutoTests" name="[173] /home/travis/build/icyphy/ptII/ptolemy/actor/lib/test/auto/FileWriter1.xml (RunModel)" time="0.007" />
  <testcase classname="ptolemy.util.test.junit.AutoTests" name="[174] /home/travis/build/icyphy/ptII/ptolemy/actor/lib/test/auto/FileWriter2.xml (RunModel)" time="0.013" />
  <testcase classname="ptolemy.util.test.junit.AutoTests" name="[175] /home/travis/build/icyphy/ptII/ptolemy/actor/lib/test/auto/FileWriter3.xml (RunModel)" time="0.017" />
  <testcase classname="ptolemy.util.test.junit.AutoTests" name="[176] /home/travis/build/icyphy/ptII/ptolemy/actor/lib/test/auto/Gaussian.xml (RunModel)" time="0.011" />
  <testcase classname="ptolemy.util.test.junit.AutoTests" name="[177] /home/travis/build/icyphy/ptII/ptolemy/actor/lib/test/auto/Gaussian1.xml (RunModel)" time="0.02" />
  <testcase classname="ptolemy.util.test.junit.AutoTests" name="[178] /home/travis/build/icyphy/ptII/ptolemy/actor/lib/test/auto/Gaussian2.xml (RunModel)" time="0.017" />
  <testcase classname="ptolemy.util.test.junit.AutoTests" name="[179] /home/travis/build/icyphy/ptII/ptolemy/actor/lib/test/auto/GradientAdaptiveLattice.xml (RunModel)" time="0.016" />
  <testcase classname="ptolemy.util.test.junit.AutoTests" name="[180] /home/travis/build/icyphy/ptII/ptolemy/actor/lib/test/auto/IIR.xml (RunModel)" time="0.009" />
  <testcase classname="ptolemy.util.test.junit.AutoTests" name="[181] /home/travis/build/icyphy/ptII/ptolemy/actor/lib/test/auto/InputOutputTransparentPorts.xml (RunModel)" time="0.017" />
  <testcase classname="ptolemy.util.test.junit.AutoTests" name="[182] /home/travis/build/icyphy/ptII/ptolemy/actor/lib/test/auto/Interpolator.xml (RunModel)" time="0.013" />
  <testcase classname="ptolemy.util.test.junit.AutoTests" name="[183] /home/travis/build/icyphy/ptII/ptolemy/actor/lib/test/auto/InterpolatorFiringLimitDE.xml (RunModel)" time="0.012" />
  <testcase classname="ptolemy.util.test.junit.AutoTests" name="[184] /home/travis/build/icyphy/ptII/ptolemy/actor/lib/test/auto/Lattice.xml (RunModel)" time="0.01" />
  <testcase classname="ptolemy.util.test.junit.AutoTests" name="[185] /home/travis/build/icyphy/ptII/ptolemy/actor/lib/test/auto/LazyAOCTestLazy.xml (RunModel)" time="0.021" />
  <testcase classname="ptolemy.util.test.junit.AutoTests" name="[186] /home/travis/build/icyphy/ptII/ptolemy/actor/lib/test/auto/LazyAOCTestNonLazy.xml (RunModel)" time="0.043" />
  <testcase classname="ptolemy.util.test.junit.AutoTests" name="[187] /home/travis/build/icyphy/ptII/ptolemy/actor/lib/test/auto/LazyInnerClass.xml (RunModel)" time="0.044" />
  <testcase classname="ptolemy.util.test.junit.AutoTests" name="[188] /home/travis/build/icyphy/ptII/ptolemy/actor/lib/test/auto/LazyPubSub.xml (RunModel)" time="0.062" />
  <testcase classname="ptolemy.util.test.junit.AutoTests" name="[189] /home/travis/build/icyphy/ptII/ptolemy/actor/lib/test/auto/LazyPubSub2.xml (RunModel)" time="0.035" />
  <testcase classname="ptolemy.util.test.junit.AutoTests" name="[190] /home/travis/build/icyphy/ptII/ptolemy/actor/lib/test/auto/LazyPubSub3.xml (RunModel)" time="0.025" />
  <testcase classname="ptolemy.util.test.junit.AutoTests" name="[191] /home/travis/build/icyphy/ptII/ptolemy/actor/lib/test/auto/LazySubClassModel.xml (RunModel)" time="0.021" />
  <testcase classname="ptolemy.util.test.junit.AutoTests" name="[192] /home/travis/build/icyphy/ptII/ptolemy/actor/lib/test/auto/LevelCrossTest1.xml (RunModel)" time="0.011" />
  <testcase classname="ptolemy.util.test.junit.AutoTests" name="[193] /home/travis/build/icyphy/ptII/ptolemy/actor/lib/test/auto/LevelCrossTest10.xml (RunModel)" time="0.014" />
  <testcase classname="ptolemy.util.test.junit.AutoTests" name="[194] /home/travis/build/icyphy/ptII/ptolemy/actor/lib/test/auto/LevelCrossTest11.xml (RunModel)" time="0.013" />
  <testcase classname="ptolemy.util.test.junit.AutoTests" name="[195] /home/travis/build/icyphy/ptII/ptolemy/actor/lib/test/auto/LevelCrossTest12.xml (RunModel)" time="0.013" />
  <testcase classname="ptolemy.util.test.junit.AutoTests" name="[196] /home/travis/build/icyphy/ptII/ptolemy/actor/lib/test/auto/LevelCrossTest13.xml (RunModel)" time="0.014" />
  <testcase classname="ptolemy.util.test.junit.AutoTests" name="[197] /home/travis/build/icyphy/ptII/ptolemy/actor/lib/test/auto/LevelCrossTest2.xml (RunModel)" time="0.011" />
  <testcase classname="ptolemy.util.test.junit.AutoTests" name="[198] /home/travis/build/icyphy/ptII/ptolemy/actor/lib/test/auto/LevelCrossTest3.xml (RunModel)" time="0.012" />
  <testcase classname="ptolemy.util.test.junit.AutoTests" name="[199] /home/travis/build/icyphy/ptII/ptolemy/actor/lib/test/auto/LevelCrossTest4.xml (RunModel)" time="0.01" />
  <testcase classname="ptolemy.util.test.junit.AutoTests" name="[200] /home/travis/build/icyphy/ptII/ptolemy/actor/lib/test/auto/LevelCrossTest5.xml (RunModel)" time="0.014" />
  <testcase classname="ptolemy.util.test.junit.AutoTests" name="[201] /home/travis/build/icyphy/ptII/ptolemy/actor/lib/test/auto/LevelCrossTest6.xml (RunModel)" time="0.013" />
  <testcase classname="ptolemy.util.test.junit.AutoTests" name="[202] /home/travis/build/icyphy/ptII/ptolemy/actor/lib/test/auto/LevelCrossTest7.xml (RunModel)" time="0.014" />
  <testcase classname="ptolemy.util.test.junit.AutoTests" name="[203] /home/travis/build/icyphy/ptII/ptolemy/actor/lib/test/auto/LevelCrossTest8.xml (RunModel)" time="0.019" />
  <testcase classname="ptolemy.util.test.junit.AutoTests" name="[204] /home/travis/build/icyphy/ptII/ptolemy/actor/lib/test/auto/LevelCrossTest9.xml (RunModel)" time="0.013" />
  <testcase classname="ptolemy.util.test.junit.AutoTests" name="[205] /home/travis/build/icyphy/ptII/ptolemy/actor/lib/test/auto/LevinsonDurbin.xml (RunModel)" time="0.009" />
  <testcase classname="ptolemy.util.test.junit.AutoTests" name="[206] /home/travis/build/icyphy/ptII/ptolemy/actor/lib/test/auto/LevinsonDurbin2.xml (RunModel)" time="0.007" />
  <testcase classname="ptolemy.util.test.junit.AutoTests" name="[207] /home/travis/build/icyphy/ptII/ptolemy/actor/lib/test/auto/LevinsonDurbin3.xml (RunModel)" time="0.011" />
  <testcase classname="ptolemy.util.test.junit.AutoTests" name="[208] /home/travis/build/icyphy/ptII/ptolemy/actor/lib/test/auto/Limiter.xml (RunModel)" time="0.032" />
  <testcase classname="ptolemy.util.test.junit.AutoTests" name="[209] /home/travis/build/icyphy/ptII/ptolemy/actor/lib/test/auto/LinearDifferenceEquationSystem.xml (RunModel)" time="0.022" />
  <testcase classname="ptolemy.util.test.junit.AutoTests" name="[210] /home/travis/build/icyphy/ptII/ptolemy/actor/lib/test/auto/LookupTable.xml (RunModel)" time="0.009" />
  <testcase classname="ptolemy.util.test.junit.AutoTests" name="[211] /home/travis/build/icyphy/ptII/ptolemy/actor/lib/test/auto/MathFunction.xml (RunModel)" time="0.018" />
  <testcase classname="ptolemy.util.test.junit.AutoTests" name="[212] /home/travis/build/icyphy/ptII/ptolemy/actor/lib/test/auto/MathFunction2.xml (RunModel)" time="0.007" />
  <testcase classname="ptolemy.util.test.junit.AutoTests" name="[213] /home/travis/build/icyphy/ptII/ptolemy/actor/lib/test/auto/MathFunction3.xml (RunModel)" time="0.016" />
  <testcase classname="ptolemy.util.test.junit.AutoTests" name="[214] /home/travis/build/icyphy/ptII/ptolemy/actor/lib/test/auto/MatrixCropBoolean.xml (RunModel)" time="0.008" />
  <testcase classname="ptolemy.util.test.junit.AutoTests" name="[215] /home/travis/build/icyphy/ptII/ptolemy/actor/lib/test/auto/MatrixCropComplex.xml (RunModel)" time="0.007" />
  <testcase classname="ptolemy.util.test.junit.AutoTests" name="[216] /home/travis/build/icyphy/ptII/ptolemy/actor/lib/test/auto/MatrixCropDouble.xml (RunModel)" time="0.007" />
  <testcase classname="ptolemy.util.test.junit.AutoTests" name="[217] /home/travis/build/icyphy/ptII/ptolemy/actor/lib/test/auto/MatrixCropFix.xml (RunModel)" time="0.008" />
  <testcase classname="ptolemy.util.test.junit.AutoTests" name="[218] /home/travis/build/icyphy/ptII/ptolemy/actor/lib/test/auto/MatrixCropInt.xml (RunModel)" time="0.013" />
  <testcase classname="ptolemy.util.test.junit.AutoTests" name="[219] /home/travis/build/icyphy/ptII/ptolemy/actor/lib/test/auto/MatrixCropLong.xml (RunModel)" time="0.008" />
  <testcase classname="ptolemy.util.test.junit.AutoTests" name="[220] /home/travis/build/icyphy/ptII/ptolemy/actor/lib/test/auto/MatrixToArray.xml (RunModel)" time="0.043" />
  <testcase classname="ptolemy.util.test.junit.AutoTests" name="[221] /home/travis/build/icyphy/ptII/ptolemy/actor/lib/test/auto/MaxIndex.xml (RunModel)" time="0.011" />
  <testcase classname="ptolemy.util.test.junit.AutoTests" name="[222] /home/travis/build/icyphy/ptII/ptolemy/actor/lib/test/auto/Maximum.xml (RunModel)" time="0.011" />
  <testcase classname="ptolemy.util.test.junit.AutoTests" name="[223] /home/travis/build/icyphy/ptII/ptolemy/actor/lib/test/auto/MaximumComplex.xml (RunModel)" time="0.013" />
  <testcase classname="ptolemy.util.test.junit.AutoTests" name="[224] /home/travis/build/icyphy/ptII/ptolemy/actor/lib/test/auto/MethodCallTest.xml (RunModel)" time="0.015" />
  <testcase classname="ptolemy.util.test.junit.AutoTests" name="[225] /home/travis/build/icyphy/ptII/ptolemy/actor/lib/test/auto/Minimum.xml (RunModel)" time="0.012" />
  <testcase classname="ptolemy.util.test.junit.AutoTests" name="[226] /home/travis/build/icyphy/ptII/ptolemy/actor/lib/test/auto/MinimumComplex.xml (RunModel)" time="0.012" />
  <testcase classname="ptolemy.util.test.junit.AutoTests" name="[227] /home/travis/build/icyphy/ptII/ptolemy/actor/lib/test/auto/MinimumMultiports.xml (RunModel)" time="0.017" />
  <testcase classname="ptolemy.util.test.junit.AutoTests" name="[228] /home/travis/build/icyphy/ptII/ptolemy/actor/lib/test/auto/ModifyDate.xml (RunModel)" time="0.035" />
  <testcase classname="ptolemy.util.test.junit.AutoTests" name="[229] /home/travis/build/icyphy/ptII/ptolemy/actor/lib/test/auto/ModifyDate2.xml (RunModel)" time="0.025" />
  <testcase classname="ptolemy.util.test.junit.AutoTests" name="[230] /home/travis/build/icyphy/ptII/ptolemy/actor/lib/test/auto/MovingAverage.xml (RunModel)" time="0.009" />
  <testcase classname="ptolemy.util.test.junit.AutoTests" name="[231] /home/travis/build/icyphy/ptII/ptolemy/actor/lib/test/auto/MovingMaximum.xml (RunModel)" time="0.009" />
  <testcase classname="ptolemy.util.test.junit.AutoTests" name="[232] /home/travis/build/icyphy/ptII/ptolemy/actor/lib/test/auto/MultipleLinksToSameRelation.xml (RunModel)" time="0.011" />
  <testcase classname="ptolemy.util.test.junit.AutoTests" name="[233] /home/travis/build/icyphy/ptII/ptolemy/actor/lib/test/auto/MultipleLinksToSameRelationDE.xml (RunModel)" time="0.007" />
  <testcase classname="ptolemy.util.test.junit.AutoTests" name="[234] /home/travis/build/icyphy/ptII/ptolemy/actor/lib/test/auto/Multiplexor.xml (RunModel)" time="0.012" />
  <testcase classname="ptolemy.util.test.junit.AutoTests" name="[235] /home/travis/build/icyphy/ptII/ptolemy/actor/lib/test/auto/Multiplexor1.xml (RunModel)" time="0.009" />
  <testcase classname="ptolemy.util.test.junit.AutoTests" name="[236] /home/travis/build/icyphy/ptII/ptolemy/actor/lib/test/auto/Multiplexor2.xml (RunModel)" time="0.011" />
  <testcase classname="ptolemy.util.test.junit.AutoTests" name="[237] /home/travis/build/icyphy/ptII/ptolemy/actor/lib/test/auto/Multiplexor3.xml (RunModel)" time="0.007" />
  <testcase classname="ptolemy.util.test.junit.AutoTests" name="[238] /home/travis/build/icyphy/ptII/ptolemy/actor/lib/test/auto/MultiplexorDE.xml (RunModel)" time="0.015" />
  <testcase classname="ptolemy.util.test.junit.AutoTests" name="[239] /home/travis/build/icyphy/ptII/ptolemy/actor/lib/test/auto/MultiportBroadcastTest.xml (RunModel)" time="0.078" />
  <testcase classname="ptolemy.util.test.junit.AutoTests" name="[240] /home/travis/build/icyphy/ptII/ptolemy/actor/lib/test/auto/MultiportOutHangDuringGetWidth.xml (RunModel)" time="0.033" />
  <testcase classname="ptolemy.util.test.junit.AutoTests" name="[241] /home/travis/build/icyphy/ptII/ptolemy/actor/lib/test/auto/NilToken.xml (RunModel)" time="0.008" />
  <testcase classname="ptolemy.util.test.junit.AutoTests" name="[242] /home/travis/build/icyphy/ptII/ptolemy/actor/lib/test/auto/NilTokenNonStrictTest.xml (RunModel)" time="0.01" />
  <testcase classname="ptolemy.util.test.junit.AutoTests" name="[243] /home/travis/build/icyphy/ptII/ptolemy/actor/lib/test/auto/NilTokenRecord.xml (RunModel)" time="0.018" />
  <testcase classname="ptolemy.util.test.junit.AutoTests" name="[244] /home/travis/build/icyphy/ptII/ptolemy/actor/lib/test/auto/NilTokenTypeTest.xml (RunModel)" time="0.023" />
  <testcase classname="ptolemy.util.test.junit.AutoTests" name="[245] /home/travis/build/icyphy/ptII/ptolemy/actor/lib/test/auto/ObjectToken1.xml (RunModel)" time="0.013" />
  <testcase classname="ptolemy.util.test.junit.AutoTests" name="[246] /home/travis/build/icyphy/ptII/ptolemy/actor/lib/test/auto/OrderedMerge.xml (RunModel)" time="0.011" />
  <testcase classname="ptolemy.util.test.junit.AutoTests" name="[247] /home/travis/build/icyphy/ptII/ptolemy/actor/lib/test/auto/OrderedRecordDisassembler.xml (RunModel)" time="0.012" />
  <testcase classname="ptolemy.util.test.junit.AutoTests" name="[248] /home/travis/build/icyphy/ptII/ptolemy/actor/lib/test/auto/OrderedRecordDisassembler2.xml (RunModel)" time="0.014" />
  <testcase classname="ptolemy.util.test.junit.AutoTests" name="[249] /home/travis/build/icyphy/ptII/ptolemy/actor/lib/test/auto/OrderedRecordUpdater.xml (RunModel)" time="0.008" />
  <testcase classname="ptolemy.util.test.junit.AutoTests" name="[250] /home/travis/build/icyphy/ptII/ptolemy/actor/lib/test/auto/OrderedRecordUpdater2.xml (RunModel)" time="0.008" />
  <testcase classname="ptolemy.util.test.junit.AutoTests" name="[251] /home/travis/build/icyphy/ptII/ptolemy/actor/lib/test/auto/PhaseUnwrap.xml (RunModel)" time="0.01" />
  <testcase classname="ptolemy.util.test.junit.AutoTests" name="[252] /home/travis/build/icyphy/ptII/ptolemy/actor/lib/test/auto/PoissonClock.xml (RunModel)" time="0.01" />
  <testcase classname="ptolemy.util.test.junit.AutoTests" name="[253] /home/travis/build/icyphy/ptII/ptolemy/actor/lib/test/auto/PoissonClock2.xml (RunModel)" time="0.006" />
  <testcase classname="ptolemy.util.test.junit.AutoTests" name="[254] /home/travis/build/icyphy/ptII/ptolemy/actor/lib/test/auto/PoissonClock3.xml (RunModel)" time="0.008" />
  <testcase classname="ptolemy.util.test.junit.AutoTests" name="[255] /home/travis/build/icyphy/ptII/ptolemy/actor/lib/test/auto/PubSubWithInitialTokens.xml (RunModel)" time="0.014" />
  <testcase classname="ptolemy.util.test.junit.AutoTests" name="[256] /home/travis/build/icyphy/ptII/ptolemy/actor/lib/test/auto/PubSubWithInitialTokens2.xml (RunModel)" time="0.011" />
  <testcase classname="ptolemy.util.test.junit.AutoTests" name="[257] /home/travis/build/icyphy/ptII/ptolemy/actor/lib/test/auto/PublisherClassNoParameter.xml (RunModel)" time="0.023" />
  <testcase classname="ptolemy.util.test.junit.AutoTests" name="[258] /home/travis/build/icyphy/ptII/ptolemy/actor/lib/test/auto/PublisherClassParameter.xml (RunModel)" time="0.019" />
  <testcase classname="ptolemy.util.test.junit.AutoTests" name="[259] /home/travis/build/icyphy/ptII/ptolemy/actor/lib/test/auto/PublisherNonStrictTest.xml (RunModel)" time="0.013" />
  <testcase classname="ptolemy.util.test.junit.AutoTests" name="[260] /home/travis/build/icyphy/ptII/ptolemy/actor/lib/test/auto/PublisherPort1.xml (RunModel)" time="0.01" />
  <testcase classname="ptolemy.util.test.junit.AutoTests" name="[261] /home/travis/build/icyphy/ptII/ptolemy/actor/lib/test/auto/PublisherPort2.xml (RunModel)" time="0.012" />
  <testcase classname="ptolemy.util.test.junit.AutoTests" name="[262] /home/travis/build/icyphy/ptII/ptolemy/actor/lib/test/auto/PublisherPort3.xml (RunModel)" time="0.019" />
  <testcase classname="ptolemy.util.test.junit.AutoTests" name="[263] /home/travis/build/icyphy/ptII/ptolemy/actor/lib/test/auto/PublisherPort4.xml (RunModel)" time="0.02" />
  <testcase classname="ptolemy.util.test.junit.AutoTests" name="[264] /home/travis/build/icyphy/ptII/ptolemy/actor/lib/test/auto/PublisherPort5.xml (RunModel)" time="0.014" />
  <testcase classname="ptolemy.util.test.junit.AutoTests" name="[265] /home/travis/build/icyphy/ptII/ptolemy/actor/lib/test/auto/PublisherPort5LookAlike.xml (RunModel)" time="0.017" />
  <testcase classname="ptolemy.util.test.junit.AutoTests" name="[266] /home/travis/build/icyphy/ptII/ptolemy/actor/lib/test/auto/PublisherPort6.xml (RunModel)" time="0.011" />
  <testcase classname="ptolemy.util.test.junit.AutoTests" name="[267] /home/travis/build/icyphy/ptII/ptolemy/actor/lib/test/auto/PublisherPort7.xml (RunModel)" time="0.015" />
  <testcase classname="ptolemy.util.test.junit.AutoTests" name="[268] /home/travis/build/icyphy/ptII/ptolemy/actor/lib/test/auto/PublisherPort8.xml (RunModel)" time="0.016" />
  <testcase classname="ptolemy.util.test.junit.AutoTests" name="[269] /home/travis/build/icyphy/ptII/ptolemy/actor/lib/test/auto/PublisherPortSubscriberChannelVariablesAOC2.xml (RunModel)" time="0.032" />
  <testcase classname="ptolemy.util.test.junit.AutoTests" name="[270] /home/travis/build/icyphy/ptII/ptolemy/actor/lib/test/auto/PublisherPortSubscriberOpaqueWidthInference.xml (RunModel)" time="0.014" />
  <testcase classname="ptolemy.util.test.junit.AutoTests" name="[271] /home/travis/build/icyphy/ptII/ptolemy/actor/lib/test/auto/PublisherPortSubscriberPortAdjacent.xml (RunModel)" time="0.018" />
  <testcase classname="ptolemy.util.test.junit.AutoTests" name="[272] /home/travis/build/icyphy/ptII/ptolemy/actor/lib/test/auto/PublisherPortSubscriberPortExpression.xml (RunModel)" time="0.016" />
  <testcase classname="ptolemy.util.test.junit.AutoTests" name="[273] /home/travis/build/icyphy/ptII/ptolemy/actor/lib/test/auto/PublisherPortSubscriberPortOpaqueD3Reverse.xml (RunModel)" time="0.017" />
  <testcase classname="ptolemy.util.test.junit.AutoTests" name="[274] /home/travis/build/icyphy/ptII/ptolemy/actor/lib/test/auto/PublisherPortSubscriberPortOpaqueWidthInference.xml (RunModel)" time="0.015" />
  <testcase classname="ptolemy.util.test.junit.AutoTests" name="[275] /home/travis/build/icyphy/ptII/ptolemy/actor/lib/test/auto/PublisherPortToplevelSubscriberPortAOC.xml (RunModel)" time="0.009" />
  <testcase classname="ptolemy.util.test.junit.AutoTests" name="[276] /home/travis/build/icyphy/ptII/ptolemy/actor/lib/test/auto/PublisherSubscriber.xml (RunModel)" time="0.013" />
  <testcase classname="ptolemy.util.test.junit.AutoTests" name="[277] /home/travis/build/icyphy/ptII/ptolemy/actor/lib/test/auto/PublisherSubscriber10.xml (RunModel)" time="0.021" />
  <testcase classname="ptolemy.util.test.junit.AutoTests" name="[278] /home/travis/build/icyphy/ptII/ptolemy/actor/lib/test/auto/PublisherSubscriber10InitialOutputs.xml (RunModel)" time="0.031" />
  <testcase classname="ptolemy.util.test.junit.AutoTests" name="[279] /home/travis/build/icyphy/ptII/ptolemy/actor/lib/test/auto/PublisherSubscriber11.xml (RunModel)" time="0.02" />
  <testcase classname="ptolemy.util.test.junit.AutoTests" name="[280] /home/travis/build/icyphy/ptII/ptolemy/actor/lib/test/auto/PublisherSubscriber12.xml (RunModel)" time="0.015" />
  <testcase classname="ptolemy.util.test.junit.AutoTests" name="[281] /home/travis/build/icyphy/ptII/ptolemy/actor/lib/test/auto/PublisherSubscriber13.xml (RunModel)" time="0.009" />
  <testcase classname="ptolemy.util.test.junit.AutoTests" name="[282] /home/travis/build/icyphy/ptII/ptolemy/actor/lib/test/auto/PublisherSubscriber14.xml (RunModel)" time="0.02" />
  <testcase classname="ptolemy.util.test.junit.AutoTests" name="[283] /home/travis/build/icyphy/ptII/ptolemy/actor/lib/test/auto/PublisherSubscriber2.xml (RunModel)" time="0.012" />
  <testcase classname="ptolemy.util.test.junit.AutoTests" name="[284] /home/travis/build/icyphy/ptII/ptolemy/actor/lib/test/auto/PublisherSubscriber3.xml (RunModel)" time="0.01" />
  <testcase classname="ptolemy.util.test.junit.AutoTests" name="[285] /home/travis/build/icyphy/ptII/ptolemy/actor/lib/test/auto/PublisherSubscriber4.xml (RunModel)" time="0.007" />
  <testcase classname="ptolemy.util.test.junit.AutoTests" name="[286] /home/travis/build/icyphy/ptII/ptolemy/actor/lib/test/auto/PublisherSubscriber5.xml (RunModel)" time="0.011" />
  <testcase classname="ptolemy.util.test.junit.AutoTests" name="[287] /home/travis/build/icyphy/ptII/ptolemy/actor/lib/test/auto/PublisherSubscriber6.xml (RunModel)" time="0.012" />
  <testcase classname="ptolemy.util.test.junit.AutoTests" name="[288] /home/travis/build/icyphy/ptII/ptolemy/actor/lib/test/auto/PublisherSubscriber7.xml (RunModel)" time="0.015" />
  <testcase classname="ptolemy.util.test.junit.AutoTests" name="[289] /home/travis/build/icyphy/ptII/ptolemy/actor/lib/test/auto/PublisherSubscriber8.xml (RunModel)" time="0.027" />
  <testcase classname="ptolemy.util.test.junit.AutoTests" name="[290] /home/travis/build/icyphy/ptII/ptolemy/actor/lib/test/auto/PublisherSubscriber9.xml (RunModel)" time="0.018" />
  <testcase classname="ptolemy.util.test.junit.AutoTests" name="[291] /home/travis/build/icyphy/ptII/ptolemy/actor/lib/test/auto/PublisherSubscriberAdjacent.xml (RunModel)" time="0.014" />
  <testcase classname="ptolemy.util.test.junit.AutoTests" name="[292] /home/travis/build/icyphy/ptII/ptolemy/actor/lib/test/auto/PublisherSubscriberChannelVariablesAOC2.xml (RunModel)" time="0.025" />
  <testcase classname="ptolemy.util.test.junit.AutoTests" name="[293] /home/travis/build/icyphy/ptII/ptolemy/actor/lib/test/auto/PublisherSubscriberD3.xml (RunModel)" time="0.012" />
  <testcase classname="ptolemy.util.test.junit.AutoTests" name="[294] /home/travis/build/icyphy/ptII/ptolemy/actor/lib/test/auto/PublisherSubscriberD3Reverse.xml (RunModel)" time="0.011" />
  <testcase classname="ptolemy.util.test.junit.AutoTests" name="[295] /home/travis/build/icyphy/ptII/ptolemy/actor/lib/test/auto/PublisherSubscriberExpression.xml (RunModel)" time="0.016" />
  <testcase classname="ptolemy.util.test.junit.AutoTests" name="[296] /home/travis/build/icyphy/ptII/ptolemy/actor/lib/test/auto/PublisherSubscriberOpaque.xml (RunModel)" time="0.016" />
  <testcase classname="ptolemy.util.test.junit.AutoTests" name="[297] /home/travis/build/icyphy/ptII/ptolemy/actor/lib/test/auto/PublisherSubscriberOpaqueD3.xml (RunModel)" time="0.031" />
  <testcase classname="ptolemy.util.test.junit.AutoTests" name="[298] /home/travis/build/icyphy/ptII/ptolemy/actor/lib/test/auto/PublisherSubscriberOpaqueD3Reverse.xml (RunModel)" time="0.02" />
  <testcase classname="ptolemy.util.test.junit.AutoTests" name="[299] /home/travis/build/icyphy/ptII/ptolemy/actor/lib/test/auto/PublisherSubscriberOpaqueWidthInference.xml (RunModel)" time="0.016" />
  <testcase classname="ptolemy.util.test.junit.AutoTests" name="[300] /home/travis/build/icyphy/ptII/ptolemy/actor/lib/test/auto/PublisherTestSubscriber.xml (RunModel)" time="0.014" />
  <testcase classname="ptolemy.util.test.junit.AutoTests" name="[301] /home/travis/build/icyphy/ptII/ptolemy/actor/lib/test/auto/PublisherToplevelSubscriberPortAOC.xml (RunModel)" time="0.01" />
  <testcase classname="ptolemy.util.test.junit.AutoTests" name="[302] /home/travis/build/icyphy/ptII/ptolemy/actor/lib/test/auto/PulseFiringLimitDE.xml (RunModel)" time="0.015" />
  <testcase classname="ptolemy.util.test.junit.AutoTests" name="[303] /home/travis/build/icyphy/ptII/ptolemy/actor/lib/test/auto/Ramp1.xml (RunModel)" time="0.007" />
  <testcase classname="ptolemy.util.test.junit.AutoTests" name="[304] /home/travis/build/icyphy/ptII/ptolemy/actor/lib/test/auto/RampFiringLimitDE.xml (RunModel)" time="0.01" />
  <testcase classname="ptolemy.util.test.junit.AutoTests" name="[305] /home/travis/build/icyphy/ptII/ptolemy/actor/lib/test/auto/RampFiringLimitSDF.xml (RunModel)" time="0.011" />
  <testcase classname="ptolemy.util.test.junit.AutoTests" name="[306] /home/travis/build/icyphy/ptII/ptolemy/actor/lib/test/auto/RandomInteger.xml (RunModel)" time="0.008" />
  <testcase classname="ptolemy.util.test.junit.AutoTests" name="[307] /home/travis/build/icyphy/ptII/ptolemy/actor/lib/test/auto/ReadFile1.xml (RunModel)" time="0.008" />
  <testcase classname="ptolemy.util.test.junit.AutoTests" name="[308] /home/travis/build/icyphy/ptII/ptolemy/actor/lib/test/auto/ReadFile2.xml (RunModel)" time="0.007" />
  <testcase classname="ptolemy.util.test.junit.AutoTests" name="[309] /home/travis/build/icyphy/ptII/ptolemy/actor/lib/test/auto/Reader.xml (RunModel)" time="0.013" />
  <testcase classname="ptolemy.util.test.junit.AutoTests" name="[310] /home/travis/build/icyphy/ptII/ptolemy/actor/lib/test/auto/RecordAssemblerDisplayNameTest.xml (RunModel)" time="3.057" />
  <testcase classname="ptolemy.util.test.junit.AutoTests" name="[311] /home/travis/build/icyphy/ptII/ptolemy/actor/lib/test/auto/RecordAssemblerTypeError.xml (RunModel)" time="0.031" />
  <testcase classname="ptolemy.util.test.junit.AutoTests" name="[312] /home/travis/build/icyphy/ptII/ptolemy/actor/lib/test/auto/RecordDisassember.xml (RunModel)" time="0.01" />
  <testcase classname="ptolemy.util.test.junit.AutoTests" name="[313] /home/travis/build/icyphy/ptII/ptolemy/actor/lib/test/auto/RecordDisassemberDisplayNameTest.xml (RunModel)" time="0.017" />
  <testcase classname="ptolemy.util.test.junit.AutoTests" name="[314] /home/travis/build/icyphy/ptII/ptolemy/actor/lib/test/auto/RecordDisassembler.xml (RunModel)" time="0.008" />
  <testcase classname="ptolemy.util.test.junit.AutoTests" name="[315] /home/travis/build/icyphy/ptII/ptolemy/actor/lib/test/auto/RecordDisassembler2.xml (RunModel)" time="0.009" />
  <testcase classname="ptolemy.util.test.junit.AutoTests" name="[316] /home/travis/build/icyphy/ptII/ptolemy/actor/lib/test/auto/RecordUpdater.xml (RunModel)" time="0.008" />
  <testcase classname="ptolemy.util.test.junit.AutoTests" name="[317] /home/travis/build/icyphy/ptII/ptolemy/actor/lib/test/auto/RecordUpdater2.xml (RunModel)" time="0.008" />
  <testcase classname="ptolemy.util.test.junit.AutoTests" name="[318] /home/travis/build/icyphy/ptII/ptolemy/actor/lib/test/auto/RecursiveLattice.xml (RunModel)" time="0.008" />
  <testcase classname="ptolemy.util.test.junit.AutoTests" name="[319] /home/travis/build/icyphy/ptII/ptolemy/actor/lib/test/auto/Router.xml (RunModel)" time="3.024" />
  <testcase classname="ptolemy.util.test.junit.AutoTests" name="[320] /home/travis/build/icyphy/ptII/ptolemy/actor/lib/test/auto/Router2.xml (RunModel)" time="3.026" />
  <testcase classname="ptolemy.util.test.junit.AutoTests" name="[321] /home/travis/build/icyphy/ptII/ptolemy/actor/lib/test/auto/RunningMaximum.xml (RunModel)" time="0.012" />
  <testcase classname="ptolemy.util.test.junit.AutoTests" name="[322] /home/travis/build/icyphy/ptII/ptolemy/actor/lib/test/auto/RunningMinimum.xml (RunModel)" time="0.01" />
  <testcase classname="ptolemy.util.test.junit.AutoTests" name="[323] /home/travis/build/icyphy/ptII/ptolemy/actor/lib/test/auto/Scale.xml (RunModel)" time="0.007" />
  <testcase classname="ptolemy.util.test.junit.AutoTests" name="[324] /home/travis/build/icyphy/ptII/ptolemy/actor/lib/test/auto/Scale2.xml (RunModel)" time="0.009" />
  <testcase classname="ptolemy.util.test.junit.AutoTests" name="[325] /home/travis/build/icyphy/ptII/ptolemy/actor/lib/test/auto/Scale3.xml (RunModel)" time="0.017" />
  <testcase classname="ptolemy.util.test.junit.AutoTests" name="[326] /home/travis/build/icyphy/ptII/ptolemy/actor/lib/test/auto/ScaleArray.xml (RunModel)" time="0.007" />
  <testcase classname="ptolemy.util.test.junit.AutoTests" name="[327] /home/travis/build/icyphy/ptII/ptolemy/actor/lib/test/auto/ScaleArray2.xml (RunModel)" time="0.008" />
  <testcase classname="ptolemy.util.test.junit.AutoTests" name="[328] /home/travis/build/icyphy/ptII/ptolemy/actor/lib/test/auto/ScaleMatrix.xml (RunModel)" time="0.142" />
  <testcase classname="ptolemy.util.test.junit.AutoTests" name="[329] /home/travis/build/icyphy/ptII/ptolemy/actor/lib/test/auto/Select.xml (RunModel)" time="0.013" />
  <testcase classname="ptolemy.util.test.junit.AutoTests" name="[330] /home/travis/build/icyphy/ptII/ptolemy/actor/lib/test/auto/Select2.xml (RunModel)" time="0.007" />
  <testcase classname="ptolemy.util.test.junit.AutoTests" name="[331] /home/travis/build/icyphy/ptII/ptolemy/actor/lib/test/auto/SequenceToArray2.xml (RunModel)" time="0.125" />
  <testcase classname="ptolemy.util.test.junit.AutoTests" name="[332] /home/travis/build/icyphy/ptII/ptolemy/actor/lib/test/auto/SequentialClock.xml (RunModel)" time="0.013" />
  <testcase classname="ptolemy.util.test.junit.AutoTests" name="[333] /home/travis/build/icyphy/ptII/ptolemy/actor/lib/test/auto/SetVariable.xml (RunModel)" time="0.009" />
  <testcase classname="ptolemy.util.test.junit.AutoTests" name="[334] /home/travis/build/icyphy/ptII/ptolemy/actor/lib/test/auto/SetVariable2.xml (RunModel)" time="0.009" />
  <testcase classname="ptolemy.util.test.junit.AutoTests" name="[335] /home/travis/build/icyphy/ptII/ptolemy/actor/lib/test/auto/SetVariable3.xml (RunModel)" time="0.012" />
  <testcase classname="ptolemy.util.test.junit.AutoTests" name="[336] /home/travis/build/icyphy/ptII/ptolemy/actor/lib/test/auto/SetVariable4.xml (RunModel)" time="0.032" />
  <testcase classname="ptolemy.util.test.junit.AutoTests" name="[337] /home/travis/build/icyphy/ptII/ptolemy/actor/lib/test/auto/SetVariable5.xml (RunModel)" time="0.038" />
  <testcase classname="ptolemy.util.test.junit.AutoTests" name="[338] /home/travis/build/icyphy/ptII/ptolemy/actor/lib/test/auto/Sinewave.xml (RunModel)" time="0.042" />
  <testcase classname="ptolemy.util.test.junit.AutoTests" name="[339] /home/travis/build/icyphy/ptII/ptolemy/actor/lib/test/auto/Sinewave2.xml (RunModel)" time="0.018" />
  <testcase classname="ptolemy.util.test.junit.AutoTests" name="[340] /home/travis/build/icyphy/ptII/ptolemy/actor/lib/test/auto/Sinewave3.xml (RunModel)" time="0.018" />
  <testcase classname="ptolemy.util.test.junit.AutoTests" name="[341] /home/travis/build/icyphy/ptII/ptolemy/actor/lib/test/auto/SingleEvent.xml (RunModel)" time="0.006" />
  <testcase classname="ptolemy.util.test.junit.AutoTests" name="[342] /home/travis/build/icyphy/ptII/ptolemy/actor/lib/test/auto/Sleep.xml (RunModel)" time="6.011" />
  <testcase classname="ptolemy.util.test.junit.AutoTests" name="[343] /home/travis/build/icyphy/ptII/ptolemy/actor/lib/test/auto/SleepMultipleFire.xml (RunModel)" time="1.024" />
  <testcase classname="ptolemy.util.test.junit.AutoTests" name="[344] /home/travis/build/icyphy/ptII/ptolemy/actor/lib/test/auto/StopDE.xml (RunModel)" time="0.011" />
  <testcase classname="ptolemy.util.test.junit.AutoTests" name="[345] /home/travis/build/icyphy/ptII/ptolemy/actor/lib/test/auto/StopSDF.xml (RunModel)" time="0.01" />
  <testcase classname="ptolemy.util.test.junit.AutoTests" name="[346] /home/travis/build/icyphy/ptII/ptolemy/actor/lib/test/auto/StringConstant.xml (RunModel)" time="0.007" />
  <testcase classname="ptolemy.util.test.junit.AutoTests" name="[347] /home/travis/build/icyphy/ptII/ptolemy/actor/lib/test/auto/SubscriberPortInitialValues1.xml (RunModel)" time="0.015" />
  <testcase classname="ptolemy.util.test.junit.AutoTests" name="[348] /home/travis/build/icyphy/ptII/ptolemy/actor/lib/test/auto/SubscriberPortInitialValues13.xml (RunModel)" time="0.02" />
  <testcase classname="ptolemy.util.test.junit.AutoTests" name="[349] /home/travis/build/icyphy/ptII/ptolemy/actor/lib/test/auto/SubscriberPortInitialValues14.xml (RunModel)" time="0.014" />
  <testcase classname="ptolemy.util.test.junit.AutoTests" name="[350] /home/travis/build/icyphy/ptII/ptolemy/actor/lib/test/auto/SubscriberPortInitialValues2.xml (RunModel)" time="0.013" />
  <testcase classname="ptolemy.util.test.junit.AutoTests" name="[351] /home/travis/build/icyphy/ptII/ptolemy/actor/lib/test/auto/SubscriberPortInitialValues3.xml (RunModel)" time="0.016" />
  <testcase classname="ptolemy.util.test.junit.AutoTests" name="[352] /home/travis/build/icyphy/ptII/ptolemy/actor/lib/test/auto/SubscriptionAggregator.xml (RunModel)" time="0.009" />
  <testcase classname="ptolemy.util.test.junit.AutoTests" name="[353] /home/travis/build/icyphy/ptII/ptolemy/actor/lib/test/auto/SubscriptionAggregator2.xml (RunModel)" time="0.01" />
  <testcase classname="ptolemy.util.test.junit.AutoTests" name="[354] /home/travis/build/icyphy/ptII/ptolemy/actor/lib/test/auto/SubscriptionAggregator3.xml (RunModel)" time="0.013" />
  <testcase classname="ptolemy.util.test.junit.AutoTests" name="[355] /home/travis/build/icyphy/ptII/ptolemy/actor/lib/test/auto/SubscriptionAggregatorMultiply.xml (RunModel)" time="0.012" />
  <testcase classname="ptolemy.util.test.junit.AutoTests" name="[356] /home/travis/build/icyphy/ptII/ptolemy/actor/lib/test/auto/SubscriptionAggregatorPortMultiply1.xml (RunModel)" time="0.011" />
  <testcase classname="ptolemy.util.test.junit.AutoTests" name="[357] /home/travis/build/icyphy/ptII/ptolemy/actor/lib/test/auto/Switch.xml (RunModel)" time="0.012" />
  <testcase classname="ptolemy.util.test.junit.AutoTests" name="[358] /home/travis/build/icyphy/ptII/ptolemy/actor/lib/test/auto/Switch2.xml (RunModel)" time="0.012" />
  <testcase classname="ptolemy.util.test.junit.AutoTests" name="[359] /home/travis/build/icyphy/ptII/ptolemy/actor/lib/test/auto/SwitchDE.xml (RunModel)" time="0.011" />
  <testcase classname="ptolemy.util.test.junit.AutoTests" name="[360] /home/travis/build/icyphy/ptII/ptolemy/actor/lib/test/auto/SynchronizerDE.xml (RunModel)" time="0.017" />
  <testcase classname="ptolemy.util.test.junit.AutoTests" name="[361] /home/travis/build/icyphy/ptII/ptolemy/actor/lib/test/auto/Test.xml (RunModel)" time="0.008" />
  <testcase classname="ptolemy.util.test.junit.AutoTests" name="[362] /home/travis/build/icyphy/ptII/ptolemy/actor/lib/test/auto/TestExceptionAttribute1.xml (RunModel)" time="0.004" />
  <testcase classname="ptolemy.util.test.junit.AutoTests" name="[363] /home/travis/build/icyphy/ptII/ptolemy/actor/lib/test/auto/TestExceptionAttribute2.xml (RunModel)" time="0.005" />
  <testcase classname="ptolemy.util.test.junit.AutoTests" name="[364] /home/travis/build/icyphy/ptII/ptolemy/actor/lib/test/auto/TestExceptionAttribute3.xml (RunModel)" time="0.005" />
  <testcase classname="ptolemy.util.test.junit.AutoTests" name="[365] /home/travis/build/icyphy/ptII/ptolemy/actor/lib/test/auto/TestExceptionAttribute4.xml (RunModel)" time="0.005" />
  <testcase classname="ptolemy.util.test.junit.AutoTests" name="[366] /home/travis/build/icyphy/ptII/ptolemy/actor/lib/test/auto/TestExceptionHandler1.xml (RunModel)" time="0.004" />
  <testcase classname="ptolemy.util.test.junit.AutoTests" name="[367] /home/travis/build/icyphy/ptII/ptolemy/actor/lib/test/auto/TestExceptionHandler2.xml (RunModel)" time="0.006" />
  <testcase classname="ptolemy.util.test.junit.AutoTests" name="[368] /home/travis/build/icyphy/ptII/ptolemy/actor/lib/test/auto/TestExceptionHandler3.xml (RunModel)" time="0.005" />
  <testcase classname="ptolemy.util.test.junit.AutoTests" name="[369] /home/travis/build/icyphy/ptII/ptolemy/actor/lib/test/auto/TestExceptionHandler4.xml (RunModel)" time="0.005" />
  <testcase classname="ptolemy.util.test.junit.AutoTests" name="[370] /home/travis/build/icyphy/ptII/ptolemy/actor/lib/test/auto/TestRequireCorrectOrder.xml (RunModel)" time="0.007" />
  <testcase classname="ptolemy.util.test.junit.AutoTests" name="[371] /home/travis/build/icyphy/ptII/ptolemy/actor/lib/test/auto/TestSimple.xml (RunModel)" time="0.005" />
  <testcase classname="ptolemy.util.test.junit.AutoTests" name="[372] /home/travis/build/icyphy/ptII/ptolemy/actor/lib/test/auto/ThrowModelError.xml (RunModel)" time="0.009" />
  <testcase classname="ptolemy.util.test.junit.AutoTests" name="[373] /home/travis/build/icyphy/ptII/ptolemy/actor/lib/test/auto/TimeDelayMicrosteps.xml (RunModel)" time="0.01" />
  <testcase classname="ptolemy.util.test.junit.AutoTests" name="[374] /home/travis/build/icyphy/ptII/ptolemy/actor/lib/test/auto/TimeDelayMicrosteps2.xml (RunModel)" time="0.012" />
  <testcase classname="ptolemy.util.test.junit.AutoTests" name="[375] /home/travis/build/icyphy/ptII/ptolemy/actor/lib/test/auto/TimeDelayMicrosteps3.xml (RunModel)" time="0.011" />
  <testcase classname="ptolemy.util.test.junit.AutoTests" name="[376] /home/travis/build/icyphy/ptII/ptolemy/actor/lib/test/auto/TimeDelayVariableMicrosteps.xml (RunModel)" time="0.01" />
  <testcase classname="ptolemy.util.test.junit.AutoTests" name="[377] /home/travis/build/icyphy/ptII/ptolemy/actor/lib/test/auto/TimeGap.xml (RunModel)" time="0.011" />
  <testcase classname="ptolemy.util.test.junit.AutoTests" name="[378] /home/travis/build/icyphy/ptII/ptolemy/actor/lib/test/auto/TimeGap2.xml (RunModel)" time="0.009" />
  <testcase classname="ptolemy.util.test.junit.AutoTests" name="[379] /home/travis/build/icyphy/ptII/ptolemy/actor/lib/test/auto/TimedSinewave.xml (RunModel)" time="0.036" />
  <testcase classname="ptolemy.util.test.junit.AutoTests" name="[380] /home/travis/build/icyphy/ptII/ptolemy/actor/lib/test/auto/TimedSinewavePhase.xml (RunModel)" time="0.035" />
  <testcase classname="ptolemy.util.test.junit.AutoTests" name="[381] /home/travis/build/icyphy/ptII/ptolemy/actor/lib/test/auto/Timer.xml (RunModel)" time="0.014" />
  <testcase classname="ptolemy.util.test.junit.AutoTests" name="[382] /home/travis/build/icyphy/ptII/ptolemy/actor/lib/test/auto/TriangularDistTestModel.xml (RunModel)" time="0.016" />
  <testcase classname="ptolemy.util.test.junit.AutoTests" name="[383] /home/travis/build/icyphy/ptII/ptolemy/actor/lib/test/auto/TrigFunction.xml (RunModel)" time="0.006" />
  <testcase classname="ptolemy.util.test.junit.AutoTests" name="[384] /home/travis/build/icyphy/ptII/ptolemy/actor/lib/test/auto/TrigFunctionDE.xml (RunModel)" time="0.01" />
  <testcase classname="ptolemy.util.test.junit.AutoTests" name="[385] /home/travis/build/icyphy/ptII/ptolemy/actor/lib/test/auto/TrigFunctionInverse.xml (RunModel)" time="0.008" />
  <testcase classname="ptolemy.util.test.junit.AutoTests" name="[386] /home/travis/build/icyphy/ptII/ptolemy/actor/lib/test/auto/TrigFunctionTan.xml (RunModel)" time="0.01" />
  <testcase classname="ptolemy.util.test.junit.AutoTests" name="[387] /home/travis/build/icyphy/ptII/ptolemy/actor/lib/test/auto/TriggeredClock.xml (RunModel)" time="0.008" />
  <testcase classname="ptolemy.util.test.junit.AutoTests" name="[388] /home/travis/build/icyphy/ptII/ptolemy/actor/lib/test/auto/URLDirectoryReader.xml (RunModel)" time="0.081" />
  <testcase classname="ptolemy.util.test.junit.AutoTests" name="[389] /home/travis/build/icyphy/ptII/ptolemy/actor/lib/test/auto/URLDirectoryReader3.xml (RunModel)" time="1.207" />
  <testcase classname="ptolemy.util.test.junit.AutoTests" name="[390] /home/travis/build/icyphy/ptII/ptolemy/actor/lib/test/auto/UnaryMathFunction.xml (RunModel)" time="0.052" />
  <testcase classname="ptolemy.util.test.junit.AutoTests" name="[391] /home/travis/build/icyphy/ptII/ptolemy/actor/lib/test/auto/Uniform.xml (RunModel)" time="0.04" />
  <testcase classname="ptolemy.util.test.junit.AutoTests" name="[392] /home/travis/build/icyphy/ptII/ptolemy/actor/lib/test/auto/UnionDisassemblerTest.xml (RunModel)" time="0.028" />
  <testcase classname="ptolemy.util.test.junit.AutoTests" name="[393] /home/travis/build/icyphy/ptII/ptolemy/actor/lib/test/auto/UtilityFunctions.xml (RunModel)" time="0.026" />
  <testcase classname="ptolemy.util.test.junit.AutoTests" name="[394] /home/travis/build/icyphy/ptII/ptolemy/actor/lib/test/auto/VariableSleep.xml (RunModel)" time="0.526" />
  <testcase classname="ptolemy.util.test.junit.AutoTests" name="[395] /home/travis/build/icyphy/ptII/ptolemy/actor/lib/test/auto/VectorAssemblerDisassemblerCT.xml (RunModel)" time="0.109" />
  <testcase classname="ptolemy.util.test.junit.AutoTests" name="[396] /home/travis/build/icyphy/ptII/ptolemy/actor/lib/test/auto/VectorAssemblerDisassemblerDE.xml (RunModel)" time="0.011" />
  <testcase classname="ptolemy.util.test.junit.AutoTests" name="[397] /home/travis/build/icyphy/ptII/ptolemy/actor/lib/test/auto/VectorAssemblerDisassemblerSDF.xml (RunModel)" time="0.012" />
  <testcase classname="ptolemy.util.test.junit.AutoTests" name="[398] /home/travis/build/icyphy/ptII/ptolemy/actor/lib/test/auto/WallClockTime.xml (RunModel)" time="1.011" />
  <testcase classname="ptolemy.util.test.junit.AutoTests" name="[399] /home/travis/build/icyphy/ptII/ptolemy/actor/lib/test/auto/WidthTestWithSubscriberPublisher.xml (RunModel)" time="0.044" />
  <testcase classname="ptolemy.util.test.junit.AutoTests" name="[400] /home/travis/build/icyphy/ptII/ptolemy/actor/lib/test/auto/WidthTestWithSubscriberPublisher2.xml (RunModel)" time="0.013" />
  <testcase classname="ptolemy.util.test.junit.AutoTests" name="[401] /home/travis/build/icyphy/ptII/ptolemy/actor/lib/test/auto/WidthTestWithSubscriberPublisher3.xml (RunModel)" time="0.025" />
  <testcase classname="ptolemy.util.test.junit.AutoTests" name="[402] /home/travis/build/icyphy/ptII/ptolemy/actor/lib/test/auto/Writer.xml (RunModel)" time="0.006" />
  <testcase classname="ptolemy.util.test.junit.AutoTests" name="[403] /home/travis/build/icyphy/ptII/ptolemy/actor/lib/test/auto/array.xml (RunModel)" time="0.007" />
  <testcase classname="ptolemy.util.test.junit.AutoTests" name="[404] /home/travis/build/icyphy/ptII/ptolemy/actor/lib/test/auto/array2.xml (RunModel)" time="0.01" />
  <testcase classname="ptolemy.util.test.junit.AutoTests" name="[405] /home/travis/build/icyphy/ptII/ptolemy/actor/lib/test/auto/arrayType.xml (RunModel)" time="0.009" />
  <testcase classname="ptolemy.util.test.junit.AutoTests" name="[406] /home/travis/build/icyphy/ptII/ptolemy/actor/lib/test/auto/arrayType10.xml (RunModel)" time="0.007" />
  <testcase classname="ptolemy.util.test.junit.AutoTests" name="[407] /home/travis/build/icyphy/ptII/ptolemy/actor/lib/test/auto/arrayType11.xml (RunModel)" time="0.007" />
  <testcase classname="ptolemy.util.test.junit.AutoTests" name="[408] /home/travis/build/icyphy/ptII/ptolemy/actor/lib/test/auto/arrayType12.xml (RunModel)" time="0.008" />
  <testcase classname="ptolemy.util.test.junit.AutoTests" name="[409] /home/travis/build/icyphy/ptII/ptolemy/actor/lib/test/auto/arrayType13.xml (RunModel)" time="0.009" />
  <testcase classname="ptolemy.util.test.junit.AutoTests" name="[410] /home/travis/build/icyphy/ptII/ptolemy/actor/lib/test/auto/arrayType14.xml (RunModel)" time="0.01" />
  <testcase classname="ptolemy.util.test.junit.AutoTests" name="[411] /home/travis/build/icyphy/ptII/ptolemy/actor/lib/test/auto/arrayType15.xml (RunModel)" time="0.017" />
  <testcase classname="ptolemy.util.test.junit.AutoTests" name="[412] /home/travis/build/icyphy/ptII/ptolemy/actor/lib/test/auto/arrayType16.xml (RunModel)" time="0.01" />
  <testcase classname="ptolemy.util.test.junit.AutoTests" name="[413] /home/travis/build/icyphy/ptII/ptolemy/actor/lib/test/auto/arrayType17.xml (RunModel)" time="0.01" />
  <testcase classname="ptolemy.util.test.junit.AutoTests" name="[414] /home/travis/build/icyphy/ptII/ptolemy/actor/lib/test/auto/arrayType18.xml (RunModel)" time="0.009" />
  <testcase classname="ptolemy.util.test.junit.AutoTests" name="[415] /home/travis/build/icyphy/ptII/ptolemy/actor/lib/test/auto/arrayType19.xml (RunModel)" time="0.009" />
  <testcase classname="ptolemy.util.test.junit.AutoTests" name="[416] /home/travis/build/icyphy/ptII/ptolemy/actor/lib/test/auto/arrayType2.xml (RunModel)" time="0.013" />
  <testcase classname="ptolemy.util.test.junit.AutoTests" name="[417] /home/travis/build/icyphy/ptII/ptolemy/actor/lib/test/auto/arrayType20.xml (RunModel)" time="0.01" />
  <testcase classname="ptolemy.util.test.junit.AutoTests" name="[418] /home/travis/build/icyphy/ptII/ptolemy/actor/lib/test/auto/arrayType21.xml (RunModel)" time="0.025" />
  <testcase classname="ptolemy.util.test.junit.AutoTests" name="[419] /home/travis/build/icyphy/ptII/ptolemy/actor/lib/test/auto/arrayType22.xml (RunModel)" time="0.009" />
  <testcase classname="ptolemy.util.test.junit.AutoTests" name="[420] /home/travis/build/icyphy/ptII/ptolemy/actor/lib/test/auto/arrayType23.xml (RunModel)" time="0.007" />
  <testcase classname="ptolemy.util.test.junit.AutoTests" name="[421] /home/travis/build/icyphy/ptII/ptolemy/actor/lib/test/auto/arrayType24.xml (RunModel)" time="0.008" />
  <testcase classname="ptolemy.util.test.junit.AutoTests" name="[422] /home/travis/build/icyphy/ptII/ptolemy/actor/lib/test/auto/arrayType25.xml (RunModel)" time="0.008" />
  <testcase classname="ptolemy.util.test.junit.AutoTests" name="[423] /home/travis/build/icyphy/ptII/ptolemy/actor/lib/test/auto/arrayType26.xml (RunModel)" time="0.008" />
  <testcase classname="ptolemy.util.test.junit.AutoTests" name="[424] /home/travis/build/icyphy/ptII/ptolemy/actor/lib/test/auto/arrayType27.xml (RunModel)" time="0.008" />
  <testcase classname="ptolemy.util.test.junit.AutoTests" name="[425] /home/travis/build/icyphy/ptII/ptolemy/actor/lib/test/auto/arrayType28.xml (RunModel)" time="0.008" />
  <testcase classname="ptolemy.util.test.junit.AutoTests" name="[426] /home/travis/build/icyphy/ptII/ptolemy/actor/lib/test/auto/arrayType3.xml (RunModel)" time="0.008" />
  <testcase classname="ptolemy.util.test.junit.AutoTests" name="[427] /home/travis/build/icyphy/ptII/ptolemy/actor/lib/test/auto/arrayType4.xml (RunModel)" time="0.009" />
  <testcase classname="ptolemy.util.test.junit.AutoTests" name="[428] /home/travis/build/icyphy/ptII/ptolemy/actor/lib/test/auto/arrayType5.xml (RunModel)" time="0.008" />
  <testcase classname="ptolemy.util.test.junit.AutoTests" name="[429] /home/travis/build/icyphy/ptII/ptolemy/actor/lib/test/auto/arrayType6.xml (RunModel)" time="0.007" />
  <testcase classname="ptolemy.util.test.junit.AutoTests" name="[430] /home/travis/build/icyphy/ptII/ptolemy/actor/lib/test/auto/arrayType7.xml (RunModel)" time="0.009" />
  <testcase classname="ptolemy.util.test.junit.AutoTests" name="[431] /home/travis/build/icyphy/ptII/ptolemy/actor/lib/test/auto/arrayType8.xml (RunModel)" time="0.02" />
  <testcase classname="ptolemy.util.test.junit.AutoTests" name="[432] /home/travis/build/icyphy/ptII/ptolemy/actor/lib/test/auto/arrayType9.xml (RunModel)" time="0.009" />
  <testcase classname="ptolemy.util.test.junit.AutoTests" name="[433] /home/travis/build/icyphy/ptII/ptolemy/actor/lib/test/auto/cast.xml (RunModel)" time="0.008" />
  <testcase classname="ptolemy.util.test.junit.AutoTests" name="[434] /home/travis/build/icyphy/ptII/ptolemy/actor/lib/test/auto/compositeMultiPort.xml (RunModel)" time="0.017" />
  <testcase classname="ptolemy.util.test.junit.AutoTests" name="[435] /home/travis/build/icyphy/ptII/ptolemy/actor/lib/test/auto/expressionCastInference.xml (RunModel)" time="0.007" />
  <testcase classname="ptolemy.util.test.junit.AutoTests" name="[436] /home/travis/build/icyphy/ptII/ptolemy/actor/lib/test/auto/expressionCastInference2.xml (RunModel)" time="0.006" />
  <testcase classname="ptolemy.util.test.junit.AutoTests" name="[437] /home/travis/build/icyphy/ptII/ptolemy/actor/lib/test/auto/expressionInference.xml (RunModel)" time="0.006" />
  <testcase classname="ptolemy.util.test.junit.AutoTests" name="[438] /home/travis/build/icyphy/ptII/ptolemy/actor/lib/test/auto/expression_bug.xml (RunModel)" time="0.006" />
  <testcase classname="ptolemy.util.test.junit.AutoTests" name="[439] /home/travis/build/icyphy/ptII/ptolemy/actor/lib/test/auto/factorial.xml (RunModel)" time="0.041" />
  <testcase classname="ptolemy.util.test.junit.AutoTests" name="[440] /home/travis/build/icyphy/ptII/ptolemy/actor/lib/test/auto/filterTest1.xml (RunModel)" time="0.012" />
  <testcase classname="ptolemy.util.test.junit.AutoTests" name="[441] /home/travis/build/icyphy/ptII/ptolemy/actor/lib/test/auto/funcApplyInConst.xml (RunModel)" time="0.006" />
  <testcase classname="ptolemy.util.test.junit.AutoTests" name="[442] /home/travis/build/icyphy/ptII/ptolemy/actor/lib/test/auto/funcApplyInExpr.xml (RunModel)" time="0.005" />
  <testcase classname="ptolemy.util.test.junit.AutoTests" name="[443] /home/travis/build/icyphy/ptII/ptolemy/actor/lib/test/auto/function.xml (RunModel)" time="0.007" />
  <testcase classname="ptolemy.util.test.junit.AutoTests" name="[444] /home/travis/build/icyphy/ptII/ptolemy/actor/lib/test/auto/function2.xml (RunModel)" time="0.007" />
  <testcase classname="ptolemy.util.test.junit.AutoTests" name="[445] /home/travis/build/icyphy/ptII/ptolemy/actor/lib/test/auto/function3.xml (RunModel)" time="0.006" />
  <testcase classname="ptolemy.util.test.junit.AutoTests" name="[446] /home/travis/build/icyphy/ptII/ptolemy/actor/lib/test/auto/functionClosureTest1.xml (RunModel)" time="0.009" />
  <testcase classname="ptolemy.util.test.junit.AutoTests" name="[447] /home/travis/build/icyphy/ptII/ptolemy/actor/lib/test/auto/functionClosureTest2.xml (RunModel)" time="0.006" />
  <testcase classname="ptolemy.util.test.junit.AutoTests" name="[448] /home/travis/build/icyphy/ptII/ptolemy/actor/lib/test/auto/functionClosureTest3.xml (RunModel)" time="0.008" />
  <testcase classname="ptolemy.util.test.junit.AutoTests" name="[449] /home/travis/build/icyphy/ptII/ptolemy/actor/lib/test/auto/functionClosureTest4.xml (RunModel)" time="0.011" />
  <testcase classname="ptolemy.util.test.junit.AutoTests" name="[450] /home/travis/build/icyphy/ptII/ptolemy/actor/lib/test/auto/functionClosureTest5.xml (RunModel)" time="0.009" />
  <testcase classname="ptolemy.util.test.junit.AutoTests" name="[451] /home/travis/build/icyphy/ptII/ptolemy/actor/lib/test/auto/functionClosureTest6.xml (RunModel)" time="0.007" />
  <testcase classname="ptolemy.util.test.junit.AutoTests" name="[452] /home/travis/build/icyphy/ptII/ptolemy/actor/lib/test/auto/functionsOnArcs.xml (RunModel)" time="0.008" />
  <testcase classname="ptolemy.util.test.junit.AutoTests" name="[453] /home/travis/build/icyphy/ptII/ptolemy/actor/lib/test/auto/functionsOnArcsHOF.xml (RunModel)" time="0.01" />
  <testcase classname="ptolemy.util.test.junit.AutoTests" name="[454] /home/travis/build/icyphy/ptII/ptolemy/actor/lib/test/auto/logic.xml (RunModel)" time="0.014" />
  <testcase classname="ptolemy.util.test.junit.AutoTests" name="[455] /home/travis/build/icyphy/ptII/ptolemy/actor/lib/test/auto/matrixType.xml (RunModel)" time="0.008" />
  <testcase classname="ptolemy.util.test.junit.AutoTests" name="[456] /home/travis/build/icyphy/ptII/ptolemy/actor/lib/test/auto/matrixType10.xml (RunModel)" time="0.008" />
  <testcase classname="ptolemy.util.test.junit.AutoTests" name="[457] /home/travis/build/icyphy/ptII/ptolemy/actor/lib/test/auto/matrixType11.xml (RunModel)" time="0.008" />
  <testcase classname="ptolemy.util.test.junit.AutoTests" name="[458] /home/travis/build/icyphy/ptII/ptolemy/actor/lib/test/auto/matrixType12.xml (RunModel)" time="0.008" />
  <testcase classname="ptolemy.util.test.junit.AutoTests" name="[459] /home/travis/build/icyphy/ptII/ptolemy/actor/lib/test/auto/matrixType13.xml (RunModel)" time="0.007" />
  <testcase classname="ptolemy.util.test.junit.AutoTests" name="[460] /home/travis/build/icyphy/ptII/ptolemy/actor/lib/test/auto/matrixType14.xml (RunModel)" time="0.008" />
  <testcase classname="ptolemy.util.test.junit.AutoTests" name="[461] /home/travis/build/icyphy/ptII/ptolemy/actor/lib/test/auto/matrixType2.xml (RunModel)" time="0.008" />
  <testcase classname="ptolemy.util.test.junit.AutoTests" name="[462] /home/travis/build/icyphy/ptII/ptolemy/actor/lib/test/auto/matrixType3.xml (RunModel)" time="0.007" />
  <testcase classname="ptolemy.util.test.junit.AutoTests" name="[463] /home/travis/build/icyphy/ptII/ptolemy/actor/lib/test/auto/matrixType4.xml (RunModel)" time="0.007" />
  <testcase classname="ptolemy.util.test.junit.AutoTests" name="[464] /home/travis/build/icyphy/ptII/ptolemy/actor/lib/test/auto/matrixType5.xml (RunModel)" time="0.007" />
  <testcase classname="ptolemy.util.test.junit.AutoTests" name="[465] /home/travis/build/icyphy/ptII/ptolemy/actor/lib/test/auto/matrixType6.xml (RunModel)" time="0.007" />
  <testcase classname="ptolemy.util.test.junit.AutoTests" name="[466] /home/travis/build/icyphy/ptII/ptolemy/actor/lib/test/auto/matrixType7.xml (RunModel)" time="0.007" />
  <testcase classname="ptolemy.util.test.junit.AutoTests" name="[467] /home/travis/build/icyphy/ptII/ptolemy/actor/lib/test/auto/matrixType8.xml (RunModel)" time="0.007" />
  <testcase classname="ptolemy.util.test.junit.AutoTests" name="[468] /home/travis/build/icyphy/ptII/ptolemy/actor/lib/test/auto/matrixType9.xml (RunModel)" time="0.007" />
  <testcase classname="ptolemy.util.test.junit.AutoTests" name="[469] /home/travis/build/icyphy/ptII/ptolemy/actor/lib/test/auto/paraFunctest.xml (RunModel)" time="0.006" />
  <testcase classname="ptolemy.util.test.junit.AutoTests" name="[470] /home/travis/build/icyphy/ptII/ptolemy/actor/lib/test/auto/paraFunctest2.xml (RunModel)" time="0.006" />
  <testcase classname="ptolemy.util.test.junit.AutoTests" name="[471] /home/travis/build/icyphy/ptII/ptolemy/actor/lib/test/auto/parameterPassing.xml (RunModel)" time="0.006" />
  <testcase classname="ptolemy.util.test.junit.AutoTests" name="[472] /home/travis/build/icyphy/ptII/ptolemy/actor/lib/test/auto/record.xml (RunModel)" time="0.007" />
  <testcase classname="ptolemy.util.test.junit.AutoTests" name="[473] /home/travis/build/icyphy/ptII/ptolemy/actor/lib/test/auto/sizedarray1.xml (RunModel)" time="0.007" />
  <testcase classname="ptolemy.util.test.junit.AutoTests" name="[474] /home/travis/build/icyphy/ptII/ptolemy/actor/lib/test/auto/sizedarray2.xml (RunModel)" time="0.008" />
  <testcase classname="ptolemy.util.test.junit.AutoTests" name="[475] /home/travis/build/icyphy/ptII/ptolemy/actor/lib/test/auto/twoPublishers.xml (RunModel)" time="0.015" />
  <system-out><![CDATA[/home/travis/build/icyphy/ptII/ptolemy/actor/lib/test/AbsoluteValue.tcl
testDefs.tcl: setting time out to 9000 seconds at Mon Nov 19 02:46:18 UTC 2018
72 ms. Memory: 116224K Free: 106740K (92%)
9 ms. Memory: 116224K Free: 105547K (91%)
4 ms. Memory: 116224K Free: 104951K (90%)
9 ms. Memory: 116224K Free: 103760K (89%)
/home/travis/build/icyphy/ptII/ptolemy/actor/lib/test/AddSubtract.tcl
7 ms. Memory: 116224K Free: 101941K (88%)
8 ms. Memory: 116224K Free: 100725K (87%)
10 ms. Memory: 116224K Free: 100129K (86%)
13 ms. Memory: 116224K Free: 99526K (86%)
6 ms. Memory: 116224K Free: 98906K (85%)
4 ms. Memory: 116224K Free: 98270K (85%)
/home/travis/build/icyphy/ptII/ptolemy/actor/lib/test/Average.tcl
15 ms. Memory: 116224K Free: 96451K (83%)
6 ms. Memory: 116224K Free: 95243K (82%)
/home/travis/build/icyphy/ptII/ptolemy/actor/lib/test/Bernoulli.tcl
13 ms. Memory: 116224K Free: 93416K (80%)
2 ms. Memory: 116224K Free: 92812K (80%)
/home/travis/build/icyphy/ptII/ptolemy/actor/lib/test/Clock.tcl
preinitializing
resolving types
initializing
executing number 1
wrapping up
idle
10 ms. Memory: 116224K Free: 90413K (78%)
Completed execution with 5 iterations
preinitializing
resolving types
initializing
executing number 1
wrapping up
idle
3 ms. Memory: 116224K Free: 89777K (77%)
Completed execution with 5 iterations
preinitializing
resolving types
initializing
executing number 1
wrapping up
idle
3 ms. Memory: 116224K Free: 89174K (77%)
Completed execution with 5 iterations
/home/travis/build/icyphy/ptII/ptolemy/actor/lib/test/Commutator.tcl
5 ms. Memory: 116224K Free: 87354K (75%)
5 ms. Memory: 116224K Free: 86147K (74%)
8 ms. Memory: 116224K Free: 81857K (70%)
/home/travis/build/icyphy/ptII/ptolemy/actor/lib/test/Const.tcl
14 ms. Memory: 146944K Free: 139949K (95%)
2 ms. Memory: 146944K Free: 139949K (95%)
6 ms. Memory: 146944K Free: 139949K (95%)
2 ms. Memory: 146944K Free: 138751K (94%)
1 ms. Memory: 146944K Free: 138751K (94%)
22 ms. Memory: 146944K Free: 136357K (93%)
6 ms. Memory: 146944K Free: 135143K (92%)
3 ms. Memory: 146944K Free: 135143K (92%)
/home/travis/build/icyphy/ptII/ptolemy/actor/lib/test/CurrentTime.tcl
preinitializing
resolving types
initializing
executing number 1
wrapping up
idle
6 ms. Memory: 146944K Free: 132740K (90%)
Completed execution with 11 iterations
/home/travis/build/icyphy/ptII/ptolemy/actor/lib/test/DB.tcl
6 ms. Memory: 146944K Free: 131535K (90%)
3 ms. Memory: 146944K Free: 130337K (89%)
3 ms. Memory: 146944K Free: 130337K (89%)
/home/travis/build/icyphy/ptII/ptolemy/actor/lib/test/DiscreteRandomSource.tcl
preinitializing
resolving types
initializing
executing number 1
wrapping up
idle
6 ms. Memory: 146944K Free: 127943K (87%)
Completed execution with 4 iterations
preinitializing
resolving types
initializing
executing number 1
wrapping up
idle
7 ms. Memory: 146944K Free: 127943K (87%)
Completed execution with 4 iterations
preinitializing
resolving types
initializing
executing number 1
wrapping up
idle
2 ms. Memory: 146944K Free: 127943K (87%)
Completed execution with 4 iterations
preinitializing
resolving types
initializing
executing number 1
wrapping up
idle
2 ms. Memory: 146944K Free: 126745K (86%)
Completed execution with 4 iterations
preinitializing
resolving types
initializing
executing number 1
wrapping up
idle
9 ms. Memory: 146944K Free: 126745K (86%)
Completed execution with 4 iterations
/home/travis/build/icyphy/ptII/ptolemy/actor/lib/test/Distributor.tcl
6 ms. Memory: 146944K Free: 125548K (85%)
2 ms. Memory: 146944K Free: 124351K (85%)
StreamChangeRequest.changeExecuted(): <deleteEntity name="rec2"/> succeeded
StreamChangeRequest.changeExecuted(): <deleteRelation name="r2"/> succeeded
StreamChangeRequest.changeExecuted(): Record firings per iteration succeeded
4 ms. Memory: 146944K Free: 121956K (83%)
/home/travis/build/icyphy/ptII/ptolemy/actor/lib/test/Exit.tcl
Exit.tcl: this will print a message about Manager.exitAfterWrapup, which can be ignored.
5 ms. Memory: 146944K Free: 118946K (81%)
/home/travis/build/icyphy/ptII/ptolemy/actor/lib/test/Expression.tcl
6 ms. Memory: 146944K Free: 115323K (78%)
13 ms. Memory: 146944K Free: 114125K (78%)
3 ms. Memory: 146944K Free: 114125K (78%)
preinitializing
resolving types
initializing
executing number 1
wrapping up
idle
9 ms. Memory: 146944K Free: 112928K (77%)
Completed execution with 6 iterations
3 ms. Memory: 146944K Free: 111731K (76%)
6 ms. Memory: 146944K Free: 110533K (75%)
12 ms. Memory: 146944K Free: 109336K (74%)
2 ms. Memory: 146944K Free: 108138K (74%)
5 ms. Memory: 146944K Free: 106941K (73%)
/home/travis/build/icyphy/ptII/ptolemy/actor/lib/test/Gaussian.tcl
6 ms. Memory: 146944K Free: 105743K (72%)
sleeping 1 seconds: .................................................................................................................................................................................................................................................................................................................................................................................................................................................................................................................................................................................................................................................................................................................................................................................................................................................................................................................................................................................................................................................................................................................................................................................................................................................................................................................................................................................................................................................................................................................................................................................................................................................................................................................................................................................................................................................................................................................................................................................................................................................................................................................................................................................................................................................................................................................................................................................................................................................................................................................................................................................................................................................................................................................................................................................................................................................................................................................................................................................................................................................................................................................................................................................................................................................................................................................................................................................................................................................................................................................................................................................................................................................................................................................................................................................................................................................................................................................................................................................................................................................................................................................................................................................................................................................................................................................................................................................................................................................................................................................................................................................................................................................................................................................................................................................................................................................................................................................................................................................................................................................................................................................................................................................................................................................................................................................................................................................................................................................................................................................................................................................................................................................................................................................................................................................................................................................................................................................................................................................................................................................................................................................................................................................................................................................................................................................................................................................................................................................................................................................................................................................................................................................................................................................................................................................................................................................................................................................................................................................................................................................................................................................................................................................................................................................................................................................................................................................................................................................................................................................................................................................................................................................................................................................................................................................................................................................................................................................................................................................................................................................................................................................................................................................................................................................................................................................................................................................................................................................................................................................................................................................................................................................................................................................................................................................................................................................................................................................................................................................................................................................................................................................................................................................................................................................................................................................................................................................................................................................................................................................................................................................................................................................................................................................................................................................................................................................................................................................................................................................................................................................................................................................................................................................................................................................................................................................................................................................................................................................................................................................................................................................................................................................................................................................................................................................................................................................................................................................................................................................................................................................................................................................................................................................................................................................................................................................................................................................................................................................................................................................................................................................................................................................................................................................................................................................................................................................................................................................................................................................................................................................................................................................................................................................................................................................................................................................................................................................................................................................................................................................................................................................................................................................................................................................................................................................................................................................................................................................................................................................................................................................................................................................................................................................................................................................................................................................................................................................................................................................................................................................................................................................................................................................................................................................................................................................................................................................................................................................................................................................................................................................................................................................................................................................................................................................................................................................................................................................................................................................................................................................................................................................................................................................................................................................................................................................................................................................................................................................................................................................................................................................................................................................................................................................................................................................................................................................................................................................................................................................................................................................................................................................................................................................................................................................................................................................................................................................................................................................................................................................................................................................................................................................................................................................................................................................................................................................................................................................................................................................................................................................................................................................................................................................................................................................................................................................................................................................................................................................................................................................................................................................................................................................................................................................................................................................................................................................................................................................................................................................................................................................................................................................................................................................................................................................................................................................................................................................................................................................................................................................................................................................................................................................................................................................................................................................................................................................................................................................................................................................................................................................................................................................................................................................................................................................................................................................................................................................................................................................................................................................................................................................................................................................................................................................................................................................................................................................................................................................................................................................................................................................................................................................................................................................................................................................................................................................................................................................................................................................................................................................................................................................................................................................................................................................................................................................................................................................................................................................................................................................................................................................................................................................................................................................................................................................................................................................................................................................................................................................................................................................................................................................................................................................................................................................................................................................................................................................................................................................................................................................................................................................................................................................................................................................................................................................................................................................................................................................................................................................................................................................................................................................................................................................................................................................................................................................................................................................................................................................................................................................................................................................................................................................................................................................................................................................................................................................................................................................................................................................................................................................................................................................................................................................................................................................................................................................................................................................................................................................................................................................................................................................................................................................................................................................................................................................................................................................................................................................................................................................................................................................................................................................................................................................................................................................................................................................................................................................................................................................................................................................................................................................................................................................................................................................................................................................................................................................................................................................................................................................................................................................................................................................................................................................................................................................................................................................................................................................................................................................................................................................................................................................................................................................................................................................................................................................................................................................................................................................................................................................................................................................................................................................................................................................................................................................................................................................................................................................................................................................................................................................................................................................................................................................................................................................................................................................................................................................................................................................................................................................................................................................................................................................................................................................................................................................................................................................................................................................................................................................................................................................................................................................................................................................................................................................................................................................................................................................................................................................................................................................................................................................................................................................................................................................................................................................................................................................................................................................................................................................................................................................................................................................................................................................................................................................................................................................................................................................................................................................................................................................................................................................................................................................................................................................................................................................................................................................................................................................................................................................................................................................................................................................................................................................................................................................................................................................................................................................................................................................................................................................................................................................................................................................................................................................................................................................................................................................................................................................................................................................................................................................................................................................................................................................................................................................................................................................................................................................................................................................................................................................................................................................................................................................................................................................................................................................................................................................................................................................................................................................................................................................................................................................................................................................................................................................................................................................................................................................................................................................................................................................................................................................................................................................................................................................................................................................................................................................................................................................................................................................................................................................................................................................................................................................................................................................................................................................................................................................................................................................................................................................................................................................................................................................................................................................................................................................................................................................................................................................................................................................................................................................................................................................................................................................................................................................................................................................................................................................................................................................................................................................................................................................................................................................................................................................................................................................................................................................................................................................................................................................................................................................................................................................................................................................................................................................................................................................................................................................................................................................................................................................................................................................................................................................................................................................................................................................................................................................................................................................................................................................................................................................................................................................................................................................................................................................................................................................................................................................................................................................................................................................................................................................................................................................................................................................................................................................................................................................................................................................................................................................................................................................................................................................................................................................................................................................................................................................................................................................................................................................................................................................................................................................................................................................................................................................................................................................................................................................................................................................................................................................................................................................................................................................................................................................................................................................................................................................................................................................................................................................................................................................................................................................................................................................................................................................................................................................................................................................................................................................................................................................................................................................................................................................................................................................................................................................................................................................................................................................................................................................................................................................................................................................................................................................................................................................................................................................................................................................................................................................................................................................................................................................................................................................................................................................................................................................................................................................................................................................................................................................................................................................................................................................................................................................................................................................................................................................................................................................................................................................................................................................................................................................................................................................................................................................................................................................................................................................................................................................................................................................................................................................................................................................................................................................................................................................................................................................................................................................................................................................................................................................................................................................................................................................................................................................................................................................................................................................................................................................................................................................................................................................................................................................................................................................................................................................................................................................................................................................................................................................................................................................................................................................................................................................................................................................................................................................................................................................................................................................................................................................................................................................................................................................................................................................................................................................................................................................................................................................................................................................................................................................................................................................................................................................................................................................................................................................................................................................................................................................................................................................................................3 ms. Memory: 208384K Free: 111720K (54%)
5 ms. Memory: 208384K Free: 111720K (54%)
1 ms. Memory: 208384K Free: 111720K (54%)
6 ms. Memory: 208384K Free: 108791K (52%)
3 ms. Memory: 208384K Free: 108791K (52%)
/home/travis/build/icyphy/ptII/ptolemy/actor/lib/test/IIR.tcl
/home/travis/build/icyphy/ptII/ptolemy/actor/lib/test/Interpolator.tcl
3 ms. Memory: 208384K Free: 106381K (51%)
2 ms. Memory: 208384K Free: 103971K (50%)
4 ms. Memory: 208384K Free: 103971K (50%)
1 ms. Memory: 208384K Free: 103971K (50%)
2 ms. Memory: 208384K Free: 101561K (49%)
8 ms. Memory: 208384K Free: 101561K (49%)
2 ms. Memory: 208384K Free: 101561K (49%)
2 ms. Memory: 208384K Free: 99151K (48%)
2 ms. Memory: 208384K Free: 99151K (48%)
2 ms. Memory: 208384K Free: 99151K (48%)
/home/travis/build/icyphy/ptII/ptolemy/actor/lib/test/MathFunction.tcl
5 ms. Memory: 208384K Free: 96741K (46%)
2 ms. Memory: 208384K Free: 94332K (45%)
2 ms. Memory: 208384K Free: 94332K (45%)
1 ms. Memory: 208384K Free: 94332K (45%)
2 ms. Memory: 208384K Free: 91917K (44%)
5 ms. Memory: 208384K Free: 89507K (43%)
/home/travis/build/icyphy/ptII/ptolemy/actor/lib/test/Maximum.tcl
3 ms. Memory: 208384K Free: 87097K (42%)
8 ms. Memory: 208384K Free: 87097K (42%)
3 ms. Memory: 208384K Free: 87097K (42%)
10 ms. Memory: 208384K Free: 87097K (42%)
/home/travis/build/icyphy/ptII/ptolemy/actor/lib/test/Minimum.tcl
11 ms. Memory: 208384K Free: 84687K (41%)
1 ms. Memory: 208384K Free: 84687K (41%)
2 ms. Memory: 208384K Free: 82277K (39%)
1 ms. Memory: 208384K Free: 82277K (39%)
/home/travis/build/icyphy/ptII/ptolemy/actor/lib/test/MultiplyDivide.tcl
6 ms. Memory: 208384K Free: 80414K (39%)
6 ms. Memory: 208384K Free: 80414K (39%)
16 ms. Memory: 208384K Free: 200111K (96%)
2 ms. Memory: 208384K Free: 199774K (96%)
8 ms. Memory: 208384K Free: 199774K (96%)
/home/travis/build/icyphy/ptII/ptolemy/actor/lib/test/OrderedMerge.tcl
Connections changed on port: inputA
Connections changed on port: inputB
Connections changed on port: output
Connections changed on port: output
Connections changed on port: output
Connections changed on port: input
.top. Preinitializing ...
Invoking preinitialize():  .top.OrderedMerge
Called preinitialize()
Invoking preinitialize():  .top.Ramp
Called preinitialize()
Invoking preinitialize():  .top.Ramp2
Called preinitialize()
Invoking preinitialize():  .top.Test
Called preinitialize()
Connections changed on port: inputA
Connections changed on port: output
Connections changed on port: inputB
Connections changed on port: output
Connections changed on port: output
Connections changed on port: input
.top. Finished preinitialize().
Called initialize().
Invoking initialize():  .top.OrderedMerge
Initializing actor: .top.OrderedMerge
Adding a thread: .top.OrderedMerge
Invoking initialize():  .top.Ramp
Initializing actor: .top.Ramp
Adding a thread: .top.Ramp
Invoking initialize():  .top.Ramp2
Initializing actor: .top.Ramp2
Adding a thread: .top.Ramp2
Invoking initialize():  .top.Test
Initializing actor: .top.Test
Adding a thread: .top.Test
-- Starting thread.
Called initialize()
Called prefire()
Called fire()
-- Starting thread.
Called initialize()
Called prefire()
Called fire()
Called postfire()
Called prefire()
Called fire()
-- Starting thread.
Called initialize()
Called prefire()
Called fire()
Called postfire()
Called prefire()
Called fire()
Called fire().
Checking for deadlock:
There are 3 Blocked actors, 0 Stopped actors, and 4 active threads.
Waiting for actors to stop.
-- Starting thread.
Called initialize()
Called prefire()
Called fire()
Checking for deadlock:
There are 2 Blocked actors, 0 Stopped actors, and 4 active threads.
Waiting for actors to stop.
Called postfire()
Called prefire()
Called fire()
Checking for deadlock:
There are 3 Blocked actors, 0 Stopped actors, and 4 active threads.
Waiting for actors to stop.
Read input token from inputA with value 0.0
Next port to read input from is inputB
Called postfire()
Called prefire()
Called fire()
Checking for deadlock:
There are 2 Blocked actors, 0 Stopped actors, and 4 active threads.
Waiting for actors to stop.
Called postfire()
Called prefire()
Called fire()
Checking for deadlock:
There are 3 Blocked actors, 0 Stopped actors, and 4 active threads.
Waiting for actors to stop.
Read input token from inputB with value 0.0
Checking for deadlock:
There are 2 Blocked actors, 0 Stopped actors, and 4 active threads.
Waiting for actors to stop.
-- Read input: 0.0, which is expected to match: 0.0
Called prefire()
Called fire()
Checking for deadlock:
There are 3 Blocked actors, 0 Stopped actors, and 4 active threads.
Waiting for actors to stop.
Sent output token with value 0.0
Next port to read input from is inputA
Called postfire()
Called prefire()
Called fire()
Called postfire()
Called prefire()
Called fire()
Checking for deadlock:
There are 3 Blocked actors, 0 Stopped actors, and 4 active threads.
Waiting for actors to stop.
Read input token from inputA with value 1.0
-- Read input: 0.0, which is expected to match: 0.0
Called prefire()
Called fire()
Checking for deadlock:
There are 3 Blocked actors, 0 Stopped actors, and 4 active threads.
Waiting for actors to stop.
Sent output token with value 0.0
Next port to read input from is inputB
Called postfire()
Called prefire()
Called fire()
Checking for deadlock:
There are 2 Blocked actors, 0 Stopped actors, and 4 active threads.
Waiting for actors to stop.
Called postfire()
Called prefire()
Called fire()
Checking for deadlock:
There are 3 Blocked actors, 0 Stopped actors, and 4 active threads.
Waiting for actors to stop.
Read input token from inputB with value 1.5
Checking for deadlock:
There are 2 Blocked actors, 0 Stopped actors, and 4 active threads.
Waiting for actors to stop.
-- Read input: 1.0, which is expected to match: 1.0
Called prefire()
Called fire()
Checking for deadlock:
There are 3 Blocked actors, 0 Stopped actors, and 4 active threads.
Waiting for actors to stop.
Sent output token with value 1.0
Next port to read input from is inputA
Called postfire()
Called prefire()
Called fire()
Called postfire()
Called prefire()
Called fire()
Checking for deadlock:
There are 3 Blocked actors, 0 Stopped actors, and 4 active threads.
Waiting for actors to stop.
Read input token from inputA with value 2.0
-- Read input: 1.5, which is expected to match: 1.5
Called prefire()
Called fire()
Checking for deadlock:
There are 3 Blocked actors, 0 Stopped actors, and 4 active threads.
Waiting for actors to stop.
Sent output token with value 1.5
Next port to read input from is inputB
Called postfire()
Called prefire()
Called fire()
Checking for deadlock:
There are 2 Blocked actors, 0 Stopped actors, and 4 active threads.
Waiting for actors to stop.
Called postfire()
Called prefire()
Called fire()
Checking for deadlock:
There are 3 Blocked actors, 0 Stopped actors, and 4 active threads.
Waiting for actors to stop.
Read input token from inputB with value 3.0
Checking for deadlock:
There are 2 Blocked actors, 0 Stopped actors, and 4 active threads.
Waiting for actors to stop.
-- Read input: 2.0, which is expected to match: 2.0
Called prefire()
Called fire()
Checking for deadlock:
There are 3 Blocked actors, 0 Stopped actors, and 4 active threads.
Waiting for actors to stop.
Sent output token with value 2.0
Next port to read input from is inputA
Called postfire()
Called prefire()
Called fire()
Called postfire()
Called prefire()
Called fire()
Checking for deadlock:
There are 3 Blocked actors, 0 Stopped actors, and 4 active threads.
Waiting for actors to stop.
Read input token from inputA with value 3.0
-- Read input: 3.0, which is expected to match: 3.0
Called prefire()
Called fire()
Checking for deadlock:
There are 3 Blocked actors, 0 Stopped actors, and 4 active threads.
Waiting for actors to stop.
Sent output token with value 3.0
Next port to read input from is inputB
Called postfire()
Called prefire()
Called fire()
Checking for deadlock:
There are 2 Blocked actors, 0 Stopped actors, and 4 active threads.
Waiting for actors to stop.
Called postfire()
Called prefire()
Called fire()
Checking for deadlock:
There are 3 Blocked actors, 0 Stopped actors, and 4 active threads.
Waiting for actors to stop.
Read input token from inputB with value 4.5
Checking for deadlock:
There are 2 Blocked actors, 0 Stopped actors, and 4 active threads.
Waiting for actors to stop.
-- Read input: 3.0, which is expected to match: 3.0
Called prefire()
Called fire()
Checking for deadlock:
There are 3 Blocked actors, 0 Stopped actors, and 4 active threads.
Waiting for actors to stop.
Sent output token with value 3.0
Next port to read input from is inputA
Called postfire()
Called prefire()
Called fire()
Called postfire()
Called prefire()
Called fire()
Checking for deadlock:
There are 3 Blocked actors, 0 Stopped actors, and 4 active threads.
Waiting for actors to stop.
Read input token from inputA with value 4.0
-- Read input: 4.0, which is expected to match: 4.0
Called prefire()
Called fire()
Past the end of training data. Read and discard all inputs.
Checking for deadlock:
There are 3 Blocked actors, 0 Stopped actors, and 4 active threads.
Waiting for actors to stop.
Sent output token with value 4.0
Next port to read input from is inputA
Called postfire()
Called prefire()
Called fire()
Called postfire()
Called prefire()
Called fire()
Checking for deadlock:
There are 3 Blocked actors, 0 Stopped actors, and 4 active threads.
Waiting for actors to stop.
Read input token from inputA with value 5.0
Called prefire()
Called fire()
Past the end of training data. Read and discard all inputs.
Checking for deadlock:
There are 3 Blocked actors, 0 Stopped actors, and 4 active threads.
Waiting for actors to stop.
Sent output token with value 4.5
Next port to read input from is inputB
Called postfire()
Called prefire()
Called fire()
Checking for deadlock:
There are 2 Blocked actors, 0 Stopped actors, and 4 active threads.
Waiting for actors to stop.
Called postfire()
Called prefire()
Called fire()
Checking for deadlock:
There are 3 Blocked actors, 0 Stopped actors, and 4 active threads.
Waiting for actors to stop.
Read input token from inputB with value 6.0
Checking for deadlock:
There are 2 Blocked actors, 0 Stopped actors, and 4 active threads.
Waiting for actors to stop.
Called prefire()
Called fire()
Past the end of training data. Read and discard all inputs.
Checking for deadlock:
There are 3 Blocked actors, 0 Stopped actors, and 4 active threads.
Waiting for actors to stop.
Sent output token with value 5.0
Next port to read input from is inputA
Called postfire()
Called prefire()
Called fire()
Called postfire()
Called prefire()
Called fire()
Checking for deadlock:
There are 3 Blocked actors, 0 Stopped actors, and 4 active threads.
Waiting for actors to stop.
Read input token from inputA with value 6.0
Called prefire()
Called fire()
Past the end of training data. Read and discard all inputs.
Checking for deadlock:
There are 3 Blocked actors, 0 Stopped actors, and 4 active threads.
Waiting for actors to stop.
Sent output token with value 6.0
Next port to read input from is inputB
Called postfire()
Called prefire()
Called fire()
Checking for deadlock:
There are 2 Blocked actors, 0 Stopped actors, and 4 active threads.
Waiting for actors to stop.
Called postfire()
Called prefire()
Called fire()
Checking for deadlock:
There are 3 Blocked actors, 0 Stopped actors, and 4 active threads.
Waiting for actors to stop.
Read input token from inputB with value 7.5
Checking for deadlock:
There are 2 Blocked actors, 0 Stopped actors, and 4 active threads.
Waiting for actors to stop.
Called prefire()
Called fire()
Past the end of training data. Read and discard all inputs.
Checking for deadlock:
There are 3 Blocked actors, 0 Stopped actors, and 4 active threads.
Waiting for actors to stop.
Sent output token with value 6.0
Next port to read input from is inputA
Called postfire()
Called prefire()
Called fire()
Called postfire()
Called prefire()
Called fire()
Checking for deadlock:
There are 3 Blocked actors, 0 Stopped actors, and 4 active threads.
Waiting for actors to stop.
Read input token from inputA with value 7.0
Called prefire()
Called fire()
Past the end of training data. Read and discard all inputs.
Checking for deadlock:
There are 3 Blocked actors, 0 Stopped actors, and 4 active threads.
Waiting for actors to stop.
Sent output token with value 7.0
Next port to read input from is inputA
Called postfire()
Called prefire()
Called fire()
-- Thread wrapup() called.
Called wrapup()
Thread .top.Ramp is exiting.
-- Thread stopped.
Checking for deadlock:
There are 2 Blocked actors, 0 Stopped actors, and 3 active threads.
Waiting for actors to stop.
Read input token from inputA with value 8.0
Called prefire()
Called fire()
Past the end of training data. Read and discard all inputs.
Checking for deadlock:
There are 2 Blocked actors, 0 Stopped actors, and 3 active threads.
Waiting for actors to stop.
Sent output token with value 7.5
Next port to read input from is inputB
Called postfire()
Called prefire()
Called fire()
Checking for deadlock:
There are 1 Blocked actors, 0 Stopped actors, and 3 active threads.
Waiting for actors to stop.
Called postfire()
Called prefire()
Called fire()
Checking for deadlock:
There are 2 Blocked actors, 0 Stopped actors, and 3 active threads.
Waiting for actors to stop.
Read input token from inputB with value 9.0
Checking for deadlock:
There are 1 Blocked actors, 0 Stopped actors, and 3 active threads.
Waiting for actors to stop.
Called prefire()
Called fire()
Past the end of training data. Read and discard all inputs.
Checking for deadlock:
There are 2 Blocked actors, 0 Stopped actors, and 3 active threads.
Waiting for actors to stop.
Sent output token with value 8.0
Next port to read input from is inputA
Called postfire()
Called prefire()
Called fire()
Read input token from inputA with value 9.0
Checking for deadlock:
There are 1 Blocked actors, 0 Stopped actors, and 3 active threads.
Waiting for actors to stop.
Called prefire()
Called fire()
Past the end of training data. Read and discard all inputs.
Checking for deadlock:
There are 2 Blocked actors, 0 Stopped actors, and 3 active threads.
Waiting for actors to stop.
Sent output token with value 9.0
Next port to read input from is inputB
Called postfire()
Called prefire()
Called fire()
Checking for deadlock:
There are 1 Blocked actors, 0 Stopped actors, and 3 active threads.
Waiting for actors to stop.
Called postfire()
Called prefire()
Called fire()
Checking for deadlock:
There are 2 Blocked actors, 0 Stopped actors, and 3 active threads.
Waiting for actors to stop.
Read input token from inputB with value 10.5
Checking for deadlock:
There are 1 Blocked actors, 0 Stopped actors, and 3 active threads.
Waiting for actors to stop.
Called prefire()
Called fire()
Past the end of training data. Read and discard all inputs.
Checking for deadlock:
There are 2 Blocked actors, 0 Stopped actors, and 3 active threads.
Waiting for actors to stop.
Sent output token with value 9.0
Next port to read input from is inputA
Called postfire()
Called prefire()
Called fire()
Checking for deadlock:
There are 3 Blocked actors, 0 Stopped actors, and 3 active threads.
Actors have stopped.
Checking for deadlock:
There are 3 Blocked actors, 0 Stopped actors, and 3 active threads.
Deadlock detected.
Resolving Deadlock
Checking for deadlock:
There are 3 Blocked actors, 0 Stopped actors, and 3 active threads.
Artificial Deadlock - increasing queue capacity.
increasing the capacity of receiver ptolemy.actor.TypedIOPort {.top.OrderedMerge.inputB} to 2
Director: Called postfire().
Called postfire().
_stopRequested = false
_stopFireRequested = false
Returning from postfire(): true
Called fire().
Checking for deadlock:
There are 2 Blocked actors, 0 Stopped actors, and 3 active threads.
Waiting for actors to stop.
-- Thread wrapup() called.
Called wrapup()
Thread .top.Ramp2 is exiting.
-- Thread stopped.
Checking for deadlock:
There are 2 Blocked actors, 0 Stopped actors, and 2 active threads.
Actors have stopped.
Checking for deadlock:
There are 2 Blocked actors, 0 Stopped actors, and 2 active threads.
Deadlock detected.
Resolving Deadlock
Checking for deadlock:
There are 2 Blocked actors, 0 Stopped actors, and 2 active threads.
Deadlock detected: no processes blocked on write, but some are blocked on read.
Called postfire().
_stopRequested = false
_stopFireRequested = false
Returning from postfire(): false
Finished deactivating branches.
Called wrapup().
-- Thread wrapup() called.
Called wrapup()
Thread .top.Test is exiting.
-- Thread stopped.
-- Blocked Receiver call threw TerminateProcessException.
-- Thread wrapup() called.
Called wrapup()
Thread .top.OrderedMerge is exiting.
30 ms. Memory: 208384K Free: 192432K (92%)
.top. Preinitializing ...
Invoking preinitialize():  .top.OrderedMerge
Called preinitialize()
Invoking preinitialize():  .top.Ramp
Called preinitialize()
Invoking preinitialize():  .top.Ramp2
Called preinitialize()
Invoking preinitialize():  .top.Test
Called preinitialize()
.top. Finished preinitialize().
Called initialize().
Invoking initialize():  .top.OrderedMerge
Initializing actor: .top.OrderedMerge
Adding a thread: .top.OrderedMerge
Invoking initialize():  .top.Ramp
Initializing actor: .top.Ramp
Adding a thread: .top.Ramp
Invoking initialize():  .top.Ramp2
Initializing actor: .top.Ramp2
Adding a thread: .top.Ramp2
Invoking initialize():  .top.Test
Initializing actor: .top.Test
Adding a thread: .top.Test
-- Thread stopped.
-- Blocked Receiver call threw TerminateProcessException.
-- Starting thread.
Called initialize()
Called prefire()
Called fire()
-- Starting thread.
Called initialize()
Called prefire()
Called fire()
Called postfire()
Called prefire()
Called fire()
-- Starting thread.
Called initialize()
Called fire().
Checking for deadlock:
There are 2 Blocked actors, 0 Stopped actors, and 4 active threads.
Waiting for actors to stop.
Called prefire()
Called fire()
Called postfire()
Called prefire()
Called fire()
Checking for deadlock:
There are 3 Blocked actors, 0 Stopped actors, and 4 active threads.
Waiting for actors to stop.
-- Starting thread.
Called initialize()
Called prefire()
Called fire()
Checking for deadlock:
There are 2 Blocked actors, 0 Stopped actors, and 4 active threads.
Waiting for actors to stop.
Read input token from inputA with value 0.0
Called postfire()
Called prefire()
Next port to read input from is inputB
Called fire()
Called postfire()
Called prefire()
Called fire()
Read input token from inputB with value 0.0
Sent output token with value 0.0
Next port to read input from is inputA
Called postfire()
Called prefire()
Called fire()
Read input token from inputA with value 1.0
Called postfire()
Called prefire()
Called fire()
Checking for deadlock:
There are 2 Blocked actors, 0 Stopped actors, and 4 active threads.
Waiting for actors to stop.
-- Read input: 0.0, which is expected to match: 0.0
Called prefire()
Called fire()
Called postfire()
Called prefire()
Called fire()
Checking for deadlock:
There are 3 Blocked actors, 0 Stopped actors, and 4 active threads.
Waiting for actors to stop.
Checking for deadlock:
There are 2 Blocked actors, 0 Stopped actors, and 4 active threads.
Sent output token with value 0.0
Waiting for actors to stop.
-- Read input: 0.0, which is expected to match: 0.0
Called prefire()
Called fire()
Next port to read input from is inputB
Called postfire()
Called prefire()
Called fire()
Read input token from inputB with value 1.5
Sent output token with value 1.0
Next port to read input from is inputA
Called postfire()
Called prefire()
Called fire()
Read input token from inputA with value 2.0
Checking for deadlock:
There are 1 Blocked actors, 0 Stopped actors, and 4 active threads.
Waiting for actors to stop.
Called postfire()
Called postfire()
Called prefire()
Called prefire()
Called fire()
Called fire()
-- Read input: 1.0, which is expected to match: 1.0
Called prefire()
Called fire()
Checking for deadlock:
There are 3 Blocked actors, 0 Stopped actors, and 4 active threads.
Waiting for actors to stop.
Sent output token with value 1.5
Checking for deadlock:
There are 2 Blocked actors, 0 Stopped actors, and 4 active threads.
Waiting for actors to stop.
-- Read input: 1.5, which is expected to match: 1.5
Called prefire()
Called fire()
Checking for deadlock:
There are 3 Blocked actors, 0 Stopped actors, and 4 active threads.
Waiting for actors to stop.
Next port to read input from is inputB
Called postfire()
Called prefire()
Called fire()
Read input token from inputB with value 3.0
Checking for deadlock:
There are 1 Blocked actors, 0 Stopped actors, and 4 active threads.
Waiting for actors to stop.
Called postfire()
Called prefire()
Called fire()
Checking for deadlock:
There are 2 Blocked actors, 0 Stopped actors, and 4 active threads.
Waiting for actors to stop.
Sent output token with value 2.0
-- Read input: 2.0, which is expected to match: 2.0
Next port to read input from is inputA
Called postfire()
Called prefire()
Called prefire()
Called fire()
Called fire()
Read input token from inputA with value 3.0
Sent output token with value 3.0
Next port to read input from is inputB
Called postfire()
Called prefire()
Called fire()
Read input token from inputB with value 4.5
Checking for deadlock:
There are 1 Blocked actors, 0 Stopped actors, and 4 active threads.
Waiting for actors to stop.
Called postfire()
Called postfire()
Called prefire()
Called prefire()
Called fire()
Called fire()
-- Read input: 3.0, which is expected to match: 3.0
Called prefire()
Called fire()
Checking for deadlock:
There are 3 Blocked actors, 0 Stopped actors, and 4 active threads.
Waiting for actors to stop.
Sent output token with value 3.0
Next port to read input from is inputA
Called postfire()
Called prefire()
Called fire()
Read input token from inputA with value 4.0
Checking for deadlock:
There are 2 Blocked actors, 0 Stopped actors, and 4 active threads.
Waiting for actors to stop.
Called postfire()
Called prefire()
Called fire()
-- Read input: 3.0, which is expected to match: 3.0
Called prefire()
Called fire()
Checking for deadlock:
There are 3 Blocked actors, 0 Stopped actors, and 4 active threads.
Waiting for actors to stop.
Sent output token with value 4.0
Next port to read input from is inputA
Called postfire()
Called prefire()
Called fire()
Read input token from inputA with value 5.0
Checking for deadlock:
There are 2 Blocked actors, 0 Stopped actors, and 4 active threads.
Waiting for actors to stop.
Called postfire()
Called prefire()
Called fire()
-- Read input: 4.0, which is expected to match: 4.0
Called prefire()
Called fire()
Past the end of training data. Read and discard all inputs.
Checking for deadlock:
There are 3 Blocked actors, 0 Stopped actors, and 4 active threads.
Waiting for actors to stop.
Sent output token with value 4.5
Next port to read input from is inputB
Called postfire()
Called prefire()
Called fire()
Read input token from inputB with value 6.0
Checking for deadlock:
Called postfire()
There are 2 Blocked actors, 0 Stopped actors, and 4 active threads.
Called prefire()
Waiting for actors to stop.
Called fire()
Checking for deadlock:
There are 2 Blocked actors, 0 Stopped actors, and 4 active threads.
Called prefire()
Waiting for actors to stop.
Called fire()
Past the end of training data. Read and discard all inputs.
Checking for deadlock:
There are 2 Blocked actors, 0 Stopped actors, and 4 active threads.
Waiting for actors to stop.
Called prefire()
Called fire()
Sent output token with value 5.0
Past the end of training data. Read and discard all inputs.
Checking for deadlock:
There are 3 Blocked actors, 0 Stopped actors, and 4 active threads.
Waiting for actors to stop.
Next port to read input from is inputA
Called postfire()
Called prefire()
Called fire()
Checking for deadlock:
There are 2 Blocked actors, 0 Stopped actors, and 4 active threads.
Waiting for actors to stop.
Called postfire()
Called prefire()
Called fire()
Checking for deadlock:
There are 3 Blocked actors, 0 Stopped actors, and 4 active threads.
Waiting for actors to stop.
Read input token from inputA with value 6.0
Checking for deadlock:
There are 2 Blocked actors, 0 Stopped actors, and 4 active threads.
Waiting for actors to stop.
Called prefire()
Called fire()
Past the end of training data. Read and discard all inputs.
Sent output token with value 6.0
Next port to read input from is inputB
Called postfire()
Called prefire()
Called fire()
Read input token from inputB with value 7.5
Sent output token with value 6.0
Next port to read input from is inputA
Called postfire()
Called prefire()
Called fire()
Read input token from inputA with value 7.0
Called postfire()
Called prefire()
Called postfire()
Called fire()
Called prefire()
Called fire()
Called prefire()
Called fire()
Past the end of training data. Read and discard all inputs.
Checking for deadlock:
There are 2 Blocked actors, 0 Stopped actors, and 4 active threads.
Waiting for actors to stop.
Checking for deadlock:
There are 3 Blocked actors, 0 Stopped actors, and 4 active threads.
Waiting for actors to stop.
Called prefire()
Called fire()
Past the end of training data. Read and discard all inputs.
Checking for deadlock:
There are 3 Blocked actors, 0 Stopped actors, and 4 active threads.
Waiting for actors to stop.
Sent output token with value 7.0
Next port to read input from is inputA
Called postfire()
Called prefire()
Called fire()
Checking for deadlock:
There are 2 Blocked actors, 0 Stopped actors, and 4 active threads.
-- Thread wrapup() called.
Waiting for actors to stop.
Called wrapup()
Thread .top.Ramp is exiting.
-- Thread stopped.
Checking for deadlock:
There are 2 Blocked actors, 0 Stopped actors, and 3 active threads.
Waiting for actors to stop.
Read input token from inputA with value 8.0
Checking for deadlock:
There are 1 Blocked actors, 0 Stopped actors, and 3 active threads.
Waiting for actors to stop.
Called prefire()
Called fire()
Past the end of training data. Read and discard all inputs.
Checking for deadlock:
There are 2 Blocked actors, 0 Stopped actors, and 3 active threads.
Waiting for actors to stop.
Sent output token with value 7.5
Next port to read input from is inputB
Called postfire()
Called prefire()
Called fire()
Called postfire()
Called prefire()
Called fire()
Checking for deadlock:
There are 2 Blocked actors, 0 Stopped actors, and 3 active threads.
Waiting for actors to stop.
Read input token from inputB with value 9.0
Called prefire()
Called fire()
Past the end of training data. Read and discard all inputs.
Checking for deadlock:
There are 2 Blocked actors, 0 Stopped actors, and 3 active threads.
Waiting for actors to stop.
Sent output token with value 8.0
Next port to read input from is inputA
Called postfire()
Called prefire()
Called fire()
Read input token from inputA with value 9.0
Checking for deadlock:
There are 1 Blocked actors, 0 Stopped actors, and 3 active threads.
Waiting for actors to stop.
Called prefire()
Called fire()
Past the end of training data. Read and discard all inputs.
Checking for deadlock:
There are 2 Blocked actors, 0 Stopped actors, and 3 active threads.
Waiting for actors to stop.
Sent output token with value 9.0
Next port to read input from is inputB
Called postfire()
Called prefire()
Called fire()
Called postfire()
Called prefire()
Called fire()
Checking for deadlock:
There are 2 Blocked actors, 0 Stopped actors, and 3 active threads.
Waiting for actors to stop.
Read input token from inputB with value 10.5
Called prefire()
Called fire()
Past the end of training data. Read and discard all inputs.
Checking for deadlock:
There are 2 Blocked actors, 0 Stopped actors, and 3 active threads.
Waiting for actors to stop.
Sent output token with value 9.0
Next port to read input from is inputA
Called postfire()
Called prefire()
Called fire()
Checking for deadlock:
There are 3 Blocked actors, 0 Stopped actors, and 3 active threads.
Actors have stopped.
Checking for deadlock:
There are 3 Blocked actors, 0 Stopped actors, and 3 active threads.
Deadlock detected.
Resolving Deadlock
Checking for deadlock:
There are 3 Blocked actors, 0 Stopped actors, and 3 active threads.
Artificial Deadlock - increasing queue capacity.
increasing the capacity of receiver ptolemy.actor.TypedIOPort {.top.OrderedMerge.inputB} to 2
Director: Called postfire().
Called postfire().
_stopRequested = false
_stopFireRequested = false
Returning from postfire(): true
Called fire().
Checking for deadlock:
There are 2 Blocked actors, 0 Stopped actors, and 3 active threads.
Waiting for actors to stop.
-- Thread wrapup() called.
Called wrapup()
Thread .top.Ramp2 is exiting.
-- Thread stopped.
Checking for deadlock:
There are 2 Blocked actors, 0 Stopped actors, and 2 active threads.
Actors have stopped.
Checking for deadlock:
There are 2 Blocked actors, 0 Stopped actors, and 2 active threads.
Deadlock detected.
Resolving Deadlock
Checking for deadlock:
There are 2 Blocked actors, 0 Stopped actors, and 2 active threads.
Deadlock detected: no processes blocked on write, but some are blocked on read.
Called postfire().
_stopRequested = false
_stopFireRequested = false
Returning from postfire(): false
Finished deactivating branches.
Called wrapup().
-- Thread wrapup() called.
Called wrapup()
Thread .top.OrderedMerge is exiting.
-- Thread wrapup() called.
Called wrapup()
Thread .top.Test is exiting.
-- Thread stopped.
-- Blocked Receiver call threw TerminateProcessException.
34 ms. Memory: 208384K Free: 187517K (90%)
/home/travis/build/icyphy/ptII/ptolemy/actor/lib/test/Publisher.tcl
-- Thread stopped.
-- Blocked Receiver call threw TerminateProcessException.
11 ms. Memory: 208384K Free: 180237K (86%)
3 ms. Memory: 208384K Free: 175383K (84%)
3 ms. Memory: 208384K Free: 170498K (82%)
3 ms. Memory: 208384K Free: 170498K (82%)
6 ms. Memory: 208384K Free: 168056K (81%)
7 ms. Memory: 208384K Free: 168056K (81%)
2 ms. Memory: 208384K Free: 168056K (81%)
3 ms. Memory: 208384K Free: 165597K (79%)
1 ms. Memory: 208384K Free: 158310K (76%)
6 ms. Memory: 208384K Free: 153440K (74%)
4 ms. Memory: 208384K Free: 151014K (72%)
1 ms. Memory: 208384K Free: 151014K (72%)
17 ms. Memory: 208384K Free: 141292K (68%)
4 ms. Memory: 208384K Free: 131529K (63%)
5 ms. Memory: 208384K Free: 119333K (57%)
/home/travis/build/icyphy/ptII/ptolemy/actor/lib/test/Pulse.tcl
2 ms. Memory: 331264K Free: 319127K (96%)
1 ms. Memory: 331264K Free: 319127K (96%)
1 ms. Memory: 331264K Free: 319127K (96%)
1 ms. Memory: 331264K Free: 319127K (96%)
1 ms. Memory: 331264K Free: 319127K (96%)
1 ms. Memory: 331264K Free: 319127K (96%)
2 ms. Memory: 331264K Free: 314368K (95%)
1 ms. Memory: 331264K Free: 314368K (95%)
1 ms. Memory: 331264K Free: 314368K (95%)
/home/travis/build/icyphy/ptII/ptolemy/actor/lib/test/Ramp.tcl
2 ms. Memory: 331264K Free: 314368K (95%)
1 ms. Memory: 331264K Free: 314368K (95%)
2 ms. Memory: 331264K Free: 309624K (93%)
1 ms. Memory: 331264K Free: 309624K (93%)
3 ms. Memory: 331264K Free: 309624K (93%)
3 ms. Memory: 331264K Free: 309624K (93%)
3 ms. Memory: 331264K Free: 309624K (93%)
5 actors
5000 microseconds per iteration to create
4 ms. Memory: 331264K Free: 304865K (92%)
2 ms. Memory: 331264K Free: 304865K (92%)
1 ms. Memory: 331264K Free: 304865K (92%)
2 ms. Memory: 331264K Free: 304865K (92%)
50 actors
38000 microseconds per iteration to create
44 ms. Memory: 331264K Free: 285446K (86%)
22 ms. Memory: 331264K Free: 285446K (86%)
6 ms. Memory: 331264K Free: 285446K (86%)
9 ms. Memory: 331264K Free: 285446K (86%)
500 actors
1323000 microseconds per iteration to create
273 ms. Memory: 331264K Free: 123955K (37%)
52 ms. Memory: 331264K Free: 119211K (36%)
54 ms. Memory: 331264K Free: 114468K (35%)
32 ms. Memory: 331264K Free: 109725K (33%)
/home/travis/build/icyphy/ptII/ptolemy/actor/lib/test/RampContinuous.tcl
10 ms. Memory: 331264K Free: 104981K (32%)
/home/travis/build/icyphy/ptII/ptolemy/actor/lib/test/RecordAssembler.tcl
5 ms. Memory: 331264K Free: 104981K (32%)
6 ms. Memory: 331264K Free: 104981K (32%)
/home/travis/build/icyphy/ptII/ptolemy/actor/lib/test/RecordDisassembler.tcl
6 ms. Memory: 331264K Free: 100236K (30%)
4 ms. Memory: 331264K Free: 100236K (30%)
6 ms. Memory: 331264K Free: 100236K (30%)
/home/travis/build/icyphy/ptII/ptolemy/actor/lib/test/Scale.tcl
3 ms. Memory: 331264K Free: 95476K (29%)
1 ms. Memory: 331264K Free: 95476K (29%)
1 ms. Memory: 331264K Free: 95476K (29%)
2 ms. Memory: 331264K Free: 95476K (29%)
2 ms. Memory: 331264K Free: 95476K (29%)
/home/travis/build/icyphy/ptII/ptolemy/actor/lib/test/SequentialClock.tcl
preinitializing
resolving types
initializing
executing number 1
wrapping up
idle
4 ms. Memory: 331264K Free: 90725K (27%)
Completed execution with 5 iterations
preinitializing
resolving types
initializing
executing number 1
wrapping up
idle
1 ms. Memory: 331264K Free: 90725K (27%)
Completed execution with 5 iterations
preinitializing
resolving types
initializing
executing number 1
wrapping up
idle
1 ms. Memory: 331264K Free: 90725K (27%)
Completed execution with 5 iterations
/home/travis/build/icyphy/ptII/ptolemy/actor/lib/test/SetVariable.tcl
4 ms. Memory: 331264K Free: 90725K (27%)
/home/travis/build/icyphy/ptII/ptolemy/actor/lib/test/Sinewave.tcl
/home/travis/build/icyphy/ptII/ptolemy/actor/lib/test/SubscriptionAggregator.tcl
45 ms. Memory: 332288K Free: 314573K (95%)
2 ms. Memory: 332288K Free: 314289K (95%)
0 ms. Memory: 332288K Free: 314289K (95%)
0 ms. Memory: 332288K Free: 314289K (95%)
1 ms. Memory: 332288K Free: 309481K (93%)
3 ms. Memory: 332288K Free: 309481K (93%)
...............................................................744 ms. Memory: 576000K Free: 267307K (46%)
/home/travis/build/icyphy/ptII/ptolemy/actor/lib/test/Test.tcl
 The next command will produce a warning about training mode,
   which may be ignored.
4 ms. Memory: 576000K Free: 267307K (46%)
2 ms. Memory: 576000K Free: 267307K (46%)
1 ms. Memory: 576000K Free: 267307K (46%)
1 ms. Memory: 576000K Free: 257729K (45%)
4 ms. Memory: 576000K Free: 257729K (45%)
3 ms. Memory: 576000K Free: 257729K (45%)
3 ms. Memory: 576000K Free: 257729K (45%)
 The next command will produce a warning about training mode,
   which may be ignored.
6 ms. Memory: 576000K Free: 257729K (45%)
 The next command will produce a warning about training mode,
   which may be ignored.
2 ms. Memory: 576000K Free: 257729K (45%)
2 ms. Memory: 576000K Free: 257729K (45%)
1 ms. Memory: 576000K Free: 257729K (45%)
4 ms. Memory: 576000K Free: 257729K (45%)
3 ms. Memory: 576000K Free: 257729K (45%)
6 ms. Memory: 576000K Free: 248151K (43%)
/home/travis/build/icyphy/ptII/ptolemy/actor/lib/test/TestExceptionHandler.tcl
 The next command will produce a warning about training mode,
   which may be ignored.
1 ms. Memory: 576000K Free: 248151K (43%)
1 ms. Memory: 576000K Free: 248151K (43%)
1 ms. Memory: 576000K Free: 248151K (43%)
/home/travis/build/icyphy/ptII/ptolemy/actor/lib/test/UnionDisassembler.tcl
22 ms. Memory: 576000K Free: 238557K (41%)
/home/travis/build/icyphy/ptII/ptolemy/actor/lib/test/VariableClock.tcl
preinitializing
resolving types
initializing
executing number 1
wrapping up
idle
8 ms. Memory: 576000K Free: 238557K (41%)
Completed execution with 11 iterations
preinitializing
resolving types
initializing
executing number 1
wrapping up
idle
7 ms. Memory: 576000K Free: 238557K (41%)
Completed execution with 10 iterations
11/19/18 02:46:25
Failed: 0  Total Tests: 234  ((Passed: 234, Newly Passed: 0)  Known Failed: 0) /home/travis/build/icyphy/ptII/ptolemy/actor/lib/test
----------------- testing (KnownFailure) /home/travis/build/icyphy/ptII/ptolemy/actor/lib/test/auto/knownFailedTests/PublisherPortToplevelSubscriber.xml
1 ms. Memory: 576000K Free: 228839K (40%)
Known Failure: java.lang.reflect.InvocationTargetException
----------------- testing (KnownFailure) /home/travis/build/icyphy/ptII/ptolemy/actor/lib/test/auto/knownFailedTests/PublisherSubscriberPortToplevel.xml
1 ms. Memory: 576000K Free: 209404K (36%)
Known Failure: java.lang.reflect.InvocationTargetException
----------------- testing (KnownFailure) /home/travis/build/icyphy/ptII/ptolemy/actor/lib/test/auto/knownFailedTests/PublisherSubscriptionAggregatorPort.xml
3 ms. Memory: 576000K Free: 189968K (33%)
Known Failure: java.lang.reflect.InvocationTargetException
----------------- testing (KnownFailure) /home/travis/build/icyphy/ptII/ptolemy/actor/lib/test/auto/knownFailedTests/sizedarray3.xml
4 ms. Memory: 576000K Free: 170532K (30%)
Known Failure: java.lang.reflect.InvocationTargetException
No auto/linux-amd64/*.xml tests in /home/travis/build/icyphy/ptII/ptolemy/actor/lib/test
AutoTests.java: About to close Vertx.
AutoTests.java: Vertx closed.

===========================================================================================
----------------- testing Mon Nov 19 02:46:25 UTC 2018 /home/travis/build/icyphy/ptII/ptolemy/actor/lib/test/auto/AbsoluteValue.xml
----------------- Instantiating /home/travis/build/icyphy/ptII/ptolemy/actor/lib/test/auto/AbsoluteValue.xml
12 ms. Memory: 576000K Free: 83491K (14%)
----------------- Invoking toplevel() on ptolemy.moml.MoMLSimpleApplication@72892b44
----------------- Done invoking toplevel() on ptolemy.moml.MoMLSimpleApplication@72892b44
reloadAllAccessors: .AbsoluteValue

===========================================================================================
----------------- testing Mon Nov 19 02:46:25 UTC 2018 /home/travis/build/icyphy/ptII/ptolemy/actor/lib/test/auto/AbsoluteValue2.xml
----------------- Instantiating /home/travis/build/icyphy/ptII/ptolemy/actor/lib/test/auto/AbsoluteValue2.xml
4 ms. Memory: 576000K Free: 69314K (12%)
----------------- Invoking toplevel() on ptolemy.moml.MoMLSimpleApplication@36bec031
----------------- Done invoking toplevel() on ptolemy.moml.MoMLSimpleApplication@36bec031
reloadAllAccessors: .AbsoluteValue2

===========================================================================================
----------------- testing Mon Nov 19 02:46:25 UTC 2018 /home/travis/build/icyphy/ptII/ptolemy/actor/lib/test/auto/Accumulator.xml
----------------- Instantiating /home/travis/build/icyphy/ptII/ptolemy/actor/lib/test/auto/Accumulator.xml
7 ms. Memory: 579584K Free: 522260K (90%)
----------------- Invoking toplevel() on ptolemy.moml.MoMLSimpleApplication@59adbba8
----------------- Done invoking toplevel() on ptolemy.moml.MoMLSimpleApplication@59adbba8
reloadAllAccessors: .Accumulator

===========================================================================================
----------------- testing Mon Nov 19 02:46:25 UTC 2018 /home/travis/build/icyphy/ptII/ptolemy/actor/lib/test/auto/Accumulator2.xml
----------------- Instantiating /home/travis/build/icyphy/ptII/ptolemy/actor/lib/test/auto/Accumulator2.xml
7 ms. Memory: 579584K Free: 512542K (88%)
----------------- Invoking toplevel() on ptolemy.moml.MoMLSimpleApplication@701eb6e5
----------------- Done invoking toplevel() on ptolemy.moml.MoMLSimpleApplication@701eb6e5
reloadAllAccessors: .Accumulator2

===========================================================================================
----------------- testing Mon Nov 19 02:46:25 UTC 2018 /home/travis/build/icyphy/ptII/ptolemy/actor/lib/test/auto/Accumulator3.xml
----------------- Instantiating /home/travis/build/icyphy/ptII/ptolemy/actor/lib/test/auto/Accumulator3.xml
13 ms. Memory: 579584K Free: 502586K (87%)
----------------- Invoking toplevel() on ptolemy.moml.MoMLSimpleApplication@6a05d786
----------------- Done invoking toplevel() on ptolemy.moml.MoMLSimpleApplication@6a05d786
reloadAllAccessors: .Accumulator3

===========================================================================================
----------------- testing Mon Nov 19 02:46:25 UTC 2018 /home/travis/build/icyphy/ptII/ptolemy/actor/lib/test/auto/ArrayAppend.xml
----------------- Instantiating /home/travis/build/icyphy/ptII/ptolemy/actor/lib/test/auto/ArrayAppend.xml
4 ms. Memory: 579584K Free: 492868K (85%)
----------------- Invoking toplevel() on ptolemy.moml.MoMLSimpleApplication@3954be76
----------------- Done invoking toplevel() on ptolemy.moml.MoMLSimpleApplication@3954be76
reloadAllAccessors: .ArrayAppend

===========================================================================================
----------------- testing Mon Nov 19 02:46:25 UTC 2018 /home/travis/build/icyphy/ptII/ptolemy/actor/lib/test/auto/ArrayAppend2.xml
----------------- Instantiating /home/travis/build/icyphy/ptII/ptolemy/actor/lib/test/auto/ArrayAppend2.xml
371 ms. Memory: 579584K Free: 421062K (73%)
----------------- Invoking toplevel() on ptolemy.moml.MoMLSimpleApplication@266515a9
----------------- Done invoking toplevel() on ptolemy.moml.MoMLSimpleApplication@266515a9
reloadAllAccessors: .ArrayAppend2

===========================================================================================
----------------- testing Mon Nov 19 02:46:26 UTC 2018 /home/travis/build/icyphy/ptII/ptolemy/actor/lib/test/auto/ArrayAppend3.xml
----------------- Instantiating /home/travis/build/icyphy/ptII/ptolemy/actor/lib/test/auto/ArrayAppend3.xml
3 ms. Memory: 579584K Free: 411344K (71%)
----------------- Invoking toplevel() on ptolemy.moml.MoMLSimpleApplication@76fd714
----------------- Done invoking toplevel() on ptolemy.moml.MoMLSimpleApplication@76fd714
reloadAllAccessors: .ArrayAppend3

===========================================================================================
----------------- testing Mon Nov 19 02:46:26 UTC 2018 /home/travis/build/icyphy/ptII/ptolemy/actor/lib/test/auto/ArrayAppend4.xml
----------------- Instantiating /home/travis/build/icyphy/ptII/ptolemy/actor/lib/test/auto/ArrayAppend4.xml
9 ms. Memory: 579584K Free: 401626K (69%)
----------------- Invoking toplevel() on ptolemy.moml.MoMLSimpleApplication@c6fa65b
----------------- Done invoking toplevel() on ptolemy.moml.MoMLSimpleApplication@c6fa65b
reloadAllAccessors: .ArrayAppend4

===========================================================================================
----------------- testing Mon Nov 19 02:46:26 UTC 2018 /home/travis/build/icyphy/ptII/ptolemy/actor/lib/test/auto/ArrayAppend5.xml
----------------- Instantiating /home/travis/build/icyphy/ptII/ptolemy/actor/lib/test/auto/ArrayAppend5.xml
3 ms. Memory: 579584K Free: 391908K (68%)
----------------- Invoking toplevel() on ptolemy.moml.MoMLSimpleApplication@1ef27b9d
----------------- Done invoking toplevel() on ptolemy.moml.MoMLSimpleApplication@1ef27b9d
reloadAllAccessors: .ArrayAppend5

===========================================================================================
----------------- testing Mon Nov 19 02:46:26 UTC 2018 /home/travis/build/icyphy/ptII/ptolemy/actor/lib/test/auto/ArrayAppend6.xml
----------------- Instantiating /home/travis/build/icyphy/ptII/ptolemy/actor/lib/test/auto/ArrayAppend6.xml
7 ms. Memory: 579584K Free: 373550K (64%)
----------------- Invoking toplevel() on ptolemy.moml.MoMLSimpleApplication@40b0421e
----------------- Done invoking toplevel() on ptolemy.moml.MoMLSimpleApplication@40b0421e
reloadAllAccessors: .ArrayAppend6

===========================================================================================
----------------- testing Mon Nov 19 02:46:26 UTC 2018 /home/travis/build/icyphy/ptII/ptolemy/actor/lib/test/auto/ArrayAppendPerformanceTest.xml
----------------- Instantiating /home/travis/build/icyphy/ptII/ptolemy/actor/lib/test/auto/ArrayAppendPerformanceTest.xml
23 ms. Memory: 579584K Free: 358957K (62%)
----------------- Invoking toplevel() on ptolemy.moml.MoMLSimpleApplication@683362b7
----------------- Done invoking toplevel() on ptolemy.moml.MoMLSimpleApplication@683362b7
reloadAllAccessors: .ArrayAppendPerformanceTest

===========================================================================================
----------------- testing Mon Nov 19 02:46:26 UTC 2018 /home/travis/build/icyphy/ptII/ptolemy/actor/lib/test/auto/ArrayAppendWithEmptyInput.xml
----------------- Instantiating /home/travis/build/icyphy/ptII/ptolemy/actor/lib/test/auto/ArrayAppendWithEmptyInput.xml
17 ms. Memory: 579584K Free: 344365K (59%)
----------------- Invoking toplevel() on ptolemy.moml.MoMLSimpleApplication@26518194
----------------- Done invoking toplevel() on ptolemy.moml.MoMLSimpleApplication@26518194
reloadAllAccessors: .ArrayAppendWithEmptyInput

===========================================================================================
----------------- testing Mon Nov 19 02:46:26 UTC 2018 /home/travis/build/icyphy/ptII/ptolemy/actor/lib/test/auto/ArrayAverage.xml
----------------- Instantiating /home/travis/build/icyphy/ptII/ptolemy/actor/lib/test/auto/ArrayAverage.xml
4 ms. Memory: 579584K Free: 329780K (57%)
----------------- Invoking toplevel() on ptolemy.moml.MoMLSimpleApplication@3d7df755
----------------- Done invoking toplevel() on ptolemy.moml.MoMLSimpleApplication@3d7df755
reloadAllAccessors: .ArrayAverage

===========================================================================================
----------------- testing Mon Nov 19 02:46:26 UTC 2018 /home/travis/build/icyphy/ptII/ptolemy/actor/lib/test/auto/ArrayContains.xml
----------------- Instantiating /home/travis/build/icyphy/ptII/ptolemy/actor/lib/test/auto/ArrayContains.xml
3 ms. Memory: 579584K Free: 311422K (54%)
----------------- Invoking toplevel() on ptolemy.moml.MoMLSimpleApplication@4171ea7c
----------------- Done invoking toplevel() on ptolemy.moml.MoMLSimpleApplication@4171ea7c
reloadAllAccessors: .ArrayContains

===========================================================================================
----------------- testing Mon Nov 19 02:46:26 UTC 2018 /home/travis/build/icyphy/ptII/ptolemy/actor/lib/test/auto/ArrayElement.xml
----------------- Instantiating /home/travis/build/icyphy/ptII/ptolemy/actor/lib/test/auto/ArrayElement.xml
7 ms. Memory: 579584K Free: 301704K (52%)
----------------- Invoking toplevel() on ptolemy.moml.MoMLSimpleApplication@65351c21
----------------- Done invoking toplevel() on ptolemy.moml.MoMLSimpleApplication@65351c21
reloadAllAccessors: .ArrayElement

===========================================================================================
----------------- testing Mon Nov 19 02:46:26 UTC 2018 /home/travis/build/icyphy/ptII/ptolemy/actor/lib/test/auto/ArrayElementAsMatrix.xml
----------------- Instantiating /home/travis/build/icyphy/ptII/ptolemy/actor/lib/test/auto/ArrayElementAsMatrix.xml
25 ms. Memory: 579584K Free: 282260K (49%)
----------------- Invoking toplevel() on ptolemy.moml.MoMLSimpleApplication@79a16e02
----------------- Done invoking toplevel() on ptolemy.moml.MoMLSimpleApplication@79a16e02
reloadAllAccessors: .ArrayElementAsMatrix

===========================================================================================
----------------- testing Mon Nov 19 02:46:26 UTC 2018 /home/travis/build/icyphy/ptII/ptolemy/actor/lib/test/auto/ArrayElementI.xml
----------------- Instantiating /home/travis/build/icyphy/ptII/ptolemy/actor/lib/test/auto/ArrayElementI.xml
3 ms. Memory: 579584K Free: 272543K (47%)
----------------- Invoking toplevel() on ptolemy.moml.MoMLSimpleApplication@255dd303
----------------- Done invoking toplevel() on ptolemy.moml.MoMLSimpleApplication@255dd303
reloadAllAccessors: .ArrayElementI

===========================================================================================
----------------- testing Mon Nov 19 02:46:26 UTC 2018 /home/travis/build/icyphy/ptII/ptolemy/actor/lib/test/auto/ArrayExtract.xml
----------------- Instantiating /home/travis/build/icyphy/ptII/ptolemy/actor/lib/test/auto/ArrayExtract.xml
4 ms. Memory: 579584K Free: 254185K (44%)
----------------- Invoking toplevel() on ptolemy.moml.MoMLSimpleApplication@294d8029
----------------- Done invoking toplevel() on ptolemy.moml.MoMLSimpleApplication@294d8029
reloadAllAccessors: .ArrayExtract

===========================================================================================
----------------- testing Mon Nov 19 02:46:26 UTC 2018 /home/travis/build/icyphy/ptII/ptolemy/actor/lib/test/auto/ArrayExtract2.xml
----------------- Instantiating /home/travis/build/icyphy/ptII/ptolemy/actor/lib/test/auto/ArrayExtract2.xml
3 ms. Memory: 579584K Free: 244467K (42%)
----------------- Invoking toplevel() on ptolemy.moml.MoMLSimpleApplication@695bbc22
----------------- Done invoking toplevel() on ptolemy.moml.MoMLSimpleApplication@695bbc22
reloadAllAccessors: .ArrayExtract2

===========================================================================================
----------------- testing Mon Nov 19 02:46:26 UTC 2018 /home/travis/build/icyphy/ptII/ptolemy/actor/lib/test/auto/ArrayLength.xml
----------------- Instantiating /home/travis/build/icyphy/ptII/ptolemy/actor/lib/test/auto/ArrayLength.xml
1 ms. Memory: 579584K Free: 234749K (41%)
----------------- Invoking toplevel() on ptolemy.moml.MoMLSimpleApplication@601c2564
----------------- Done invoking toplevel() on ptolemy.moml.MoMLSimpleApplication@601c2564
reloadAllAccessors: .ArrayLength

===========================================================================================
----------------- testing Mon Nov 19 02:46:26 UTC 2018 /home/travis/build/icyphy/ptII/ptolemy/actor/lib/test/auto/ArrayLevelCrossing.xml
----------------- Instantiating /home/travis/build/icyphy/ptII/ptolemy/actor/lib/test/auto/ArrayLevelCrossing.xml
3 ms. Memory: 579584K Free: 220156K (38%)
----------------- Invoking toplevel() on ptolemy.moml.MoMLSimpleApplication@fac5c01
----------------- Done invoking toplevel() on ptolemy.moml.MoMLSimpleApplication@fac5c01
reloadAllAccessors: .ArrayLevelCrossing

===========================================================================================
----------------- testing Mon Nov 19 02:46:26 UTC 2018 /home/travis/build/icyphy/ptII/ptolemy/actor/lib/test/auto/ArrayLevelCrossing2.xml
----------------- Instantiating /home/travis/build/icyphy/ptII/ptolemy/actor/lib/test/auto/ArrayLevelCrossing2.xml
3 ms. Memory: 579584K Free: 196939K (34%)
----------------- Invoking toplevel() on ptolemy.moml.MoMLSimpleApplication@1417a16e
----------------- Done invoking toplevel() on ptolemy.moml.MoMLSimpleApplication@1417a16e
reloadAllAccessors: .ArrayLevelCrossing2

===========================================================================================
----------------- testing Mon Nov 19 02:46:27 UTC 2018 /home/travis/build/icyphy/ptII/ptolemy/actor/lib/test/auto/ArrayPeakSearch.xml
----------------- Instantiating /home/travis/build/icyphy/ptII/ptolemy/actor/lib/test/auto/ArrayPeakSearch.xml
3 ms. Memory: 579584K Free: 182363K (31%)
----------------- Invoking toplevel() on ptolemy.moml.MoMLSimpleApplication@3dc10c80
----------------- Done invoking toplevel() on ptolemy.moml.MoMLSimpleApplication@3dc10c80
reloadAllAccessors: .ArrayPeakSearch

===========================================================================================
----------------- testing Mon Nov 19 02:46:27 UTC 2018 /home/travis/build/icyphy/ptII/ptolemy/actor/lib/test/auto/ArrayPeakSearch2.xml
----------------- Instantiating /home/travis/build/icyphy/ptII/ptolemy/actor/lib/test/auto/ArrayPeakSearch2.xml
5 ms. Memory: 579584K Free: 167770K (29%)
----------------- Invoking toplevel() on ptolemy.moml.MoMLSimpleApplication@1d8132bd
----------------- Done invoking toplevel() on ptolemy.moml.MoMLSimpleApplication@1d8132bd
reloadAllAccessors: .ArrayPeakSearch2

===========================================================================================
----------------- testing Mon Nov 19 02:46:27 UTC 2018 /home/travis/build/icyphy/ptII/ptolemy/actor/lib/test/auto/ArrayPeakSearch3.xml
----------------- Instantiating /home/travis/build/icyphy/ptII/ptolemy/actor/lib/test/auto/ArrayPeakSearch3.xml
3 ms. Memory: 579584K Free: 153177K (26%)
----------------- Invoking toplevel() on ptolemy.moml.MoMLSimpleApplication@790588cd
----------------- Done invoking toplevel() on ptolemy.moml.MoMLSimpleApplication@790588cd
reloadAllAccessors: .ArrayPeakSearch3

===========================================================================================
----------------- testing Mon Nov 19 02:46:27 UTC 2018 /home/travis/build/icyphy/ptII/ptolemy/actor/lib/test/auto/ArrayRemoveElement.xml
----------------- Instantiating /home/travis/build/icyphy/ptII/ptolemy/actor/lib/test/auto/ArrayRemoveElement.xml
5 ms. Memory: 579584K Free: 129961K (22%)
----------------- Invoking toplevel() on ptolemy.moml.MoMLSimpleApplication@28296b51
----------------- Done invoking toplevel() on ptolemy.moml.MoMLSimpleApplication@28296b51
reloadAllAccessors: .ArrayRemoveElement

===========================================================================================
----------------- testing Mon Nov 19 02:46:27 UTC 2018 /home/travis/build/icyphy/ptII/ptolemy/actor/lib/test/auto/ArraySort.xml
----------------- Instantiating /home/travis/build/icyphy/ptII/ptolemy/actor/lib/test/auto/ArraySort.xml
4 ms. Memory: 579584K Free: 115384K (20%)
----------------- Invoking toplevel() on ptolemy.moml.MoMLSimpleApplication@71fd452e
----------------- Done invoking toplevel() on ptolemy.moml.MoMLSimpleApplication@71fd452e
reloadAllAccessors: .ArraySort

===========================================================================================
----------------- testing Mon Nov 19 02:46:27 UTC 2018 /home/travis/build/icyphy/ptII/ptolemy/actor/lib/test/auto/ArraySum.xml
----------------- Instantiating /home/travis/build/icyphy/ptII/ptolemy/actor/lib/test/auto/ArraySum.xml
3 ms. Memory: 579584K Free: 105666K (18%)
----------------- Invoking toplevel() on ptolemy.moml.MoMLSimpleApplication@2d28761c
----------------- Done invoking toplevel() on ptolemy.moml.MoMLSimpleApplication@2d28761c
reloadAllAccessors: .ArraySum

===========================================================================================
----------------- testing Mon Nov 19 02:46:27 UTC 2018 /home/travis/build/icyphy/ptII/ptolemy/actor/lib/test/auto/ArrayToElements.xml
----------------- Instantiating /home/travis/build/icyphy/ptII/ptolemy/actor/lib/test/auto/ArrayToElements.xml
11 ms. Memory: 579584K Free: 95948K (17%)
----------------- Invoking toplevel() on ptolemy.moml.MoMLSimpleApplication@4bdddfcd
----------------- Done invoking toplevel() on ptolemy.moml.MoMLSimpleApplication@4bdddfcd
reloadAllAccessors: .ArrayToElements

===========================================================================================
----------------- testing Mon Nov 19 02:46:27 UTC 2018 /home/travis/build/icyphy/ptII/ptolemy/actor/lib/test/auto/ArrayToMatrix.xml
----------------- Instantiating /home/travis/build/icyphy/ptII/ptolemy/actor/lib/test/auto/ArrayToMatrix.xml
16 ms. Memory: 579584K Free: 67872K (12%)
----------------- Invoking toplevel() on ptolemy.moml.MoMLSimpleApplication@6580b073
----------------- Done invoking toplevel() on ptolemy.moml.MoMLSimpleApplication@6580b073
reloadAllAccessors: .ArrayToMatrix

===========================================================================================
----------------- testing Mon Nov 19 02:46:27 UTC 2018 /home/travis/build/icyphy/ptII/ptolemy/actor/lib/test/auto/ArrayUpdate1.xml
----------------- Instantiating /home/travis/build/icyphy/ptII/ptolemy/actor/lib/test/auto/ArrayUpdate1.xml
9 ms. Memory: 579584K Free: 58154K (10%)
----------------- Invoking toplevel() on ptolemy.moml.MoMLSimpleApplication@1829c610
----------------- Done invoking toplevel() on ptolemy.moml.MoMLSimpleApplication@1829c610
reloadAllAccessors: .ArrayUpdate1

===========================================================================================
----------------- testing Mon Nov 19 02:46:27 UTC 2018 /home/travis/build/icyphy/ptII/ptolemy/actor/lib/test/auto/ArrayUpdate2.xml
----------------- Instantiating /home/travis/build/icyphy/ptII/ptolemy/actor/lib/test/auto/ArrayUpdate2.xml
6 ms. Memory: 877056K Free: 827932K (94%)
----------------- Invoking toplevel() on ptolemy.moml.MoMLSimpleApplication@a22272b
----------------- Done invoking toplevel() on ptolemy.moml.MoMLSimpleApplication@a22272b
reloadAllAccessors: .ArrayUpdate2

===========================================================================================
----------------- testing Mon Nov 19 02:46:27 UTC 2018 /home/travis/build/icyphy/ptII/ptolemy/actor/lib/test/auto/ArrayUpdate3.xml
----------------- Instantiating /home/travis/build/icyphy/ptII/ptolemy/actor/lib/test/auto/ArrayUpdate3.xml
5 ms. Memory: 877056K Free: 807895K (92%)
----------------- Invoking toplevel() on ptolemy.moml.MoMLSimpleApplication@45573e05
----------------- Done invoking toplevel() on ptolemy.moml.MoMLSimpleApplication@45573e05
reloadAllAccessors: .ArrayUpdate3

===========================================================================================
----------------- testing Mon Nov 19 02:46:27 UTC 2018 /home/travis/build/icyphy/ptII/ptolemy/actor/lib/test/auto/Assert1.xml
----------------- Instantiating /home/travis/build/icyphy/ptII/ptolemy/actor/lib/test/auto/Assert1.xml
3 ms. Memory: 877056K Free: 797526K (91%)
----------------- Invoking toplevel() on ptolemy.moml.MoMLSimpleApplication@46f0597e
----------------- Done invoking toplevel() on ptolemy.moml.MoMLSimpleApplication@46f0597e
reloadAllAccessors: .Assert1

===========================================================================================
----------------- testing Mon Nov 19 02:46:27 UTC 2018 /home/travis/build/icyphy/ptII/ptolemy/actor/lib/test/auto/Assert2.xml
----------------- Instantiating /home/travis/build/icyphy/ptII/ptolemy/actor/lib/test/auto/Assert2.xml
6 ms. Memory: 877056K Free: 787156K (90%)
----------------- Invoking toplevel() on ptolemy.moml.MoMLSimpleApplication@161c00cf
----------------- Done invoking toplevel() on ptolemy.moml.MoMLSimpleApplication@161c00cf
reloadAllAccessors: .Assert2

===========================================================================================
----------------- testing Mon Nov 19 02:46:27 UTC 2018 /home/travis/build/icyphy/ptII/ptolemy/actor/lib/test/auto/BooleanMultiplexor.xml
----------------- Instantiating /home/travis/build/icyphy/ptII/ptolemy/actor/lib/test/auto/BooleanMultiplexor.xml
3 ms. Memory: 877056K Free: 776786K (89%)
----------------- Invoking toplevel() on ptolemy.moml.MoMLSimpleApplication@207637a6
----------------- Done invoking toplevel() on ptolemy.moml.MoMLSimpleApplication@207637a6
reloadAllAccessors: .BooleanMultiplexor

===========================================================================================
----------------- testing Mon Nov 19 02:46:27 UTC 2018 /home/travis/build/icyphy/ptII/ptolemy/actor/lib/test/auto/BooleanMultiplexor2.xml
----------------- Instantiating /home/travis/build/icyphy/ptII/ptolemy/actor/lib/test/auto/BooleanMultiplexor2.xml
10 ms. Memory: 877056K Free: 756501K (86%)
----------------- Invoking toplevel() on ptolemy.moml.MoMLSimpleApplication@397e3826
----------------- Done invoking toplevel() on ptolemy.moml.MoMLSimpleApplication@397e3826
reloadAllAccessors: .BooleanMultiplexor2

===========================================================================================
----------------- testing Mon Nov 19 02:46:27 UTC 2018 /home/travis/build/icyphy/ptII/ptolemy/actor/lib/test/auto/BooleanMultiplexor3.xml
----------------- Instantiating /home/travis/build/icyphy/ptII/ptolemy/actor/lib/test/auto/BooleanMultiplexor3.xml
3 ms. Memory: 877056K Free: 746131K (85%)
----------------- Invoking toplevel() on ptolemy.moml.MoMLSimpleApplication@576bc8c6
----------------- Done invoking toplevel() on ptolemy.moml.MoMLSimpleApplication@576bc8c6
reloadAllAccessors: .BooleanMultiplexor3

===========================================================================================
----------------- testing Mon Nov 19 02:46:27 UTC 2018 /home/travis/build/icyphy/ptII/ptolemy/actor/lib/test/auto/BooleanSelect.xml
----------------- Instantiating /home/travis/build/icyphy/ptII/ptolemy/actor/lib/test/auto/BooleanSelect.xml
3 ms. Memory: 877056K Free: 735761K (84%)
----------------- Invoking toplevel() on ptolemy.moml.MoMLSimpleApplication@6207b483
----------------- Done invoking toplevel() on ptolemy.moml.MoMLSimpleApplication@6207b483
reloadAllAccessors: .BooleanSelect

===========================================================================================
----------------- testing Mon Nov 19 02:46:27 UTC 2018 /home/travis/build/icyphy/ptII/ptolemy/actor/lib/test/auto/BooleanSelect2.xml
----------------- Instantiating /home/travis/build/icyphy/ptII/ptolemy/actor/lib/test/auto/BooleanSelect2.xml
1 ms. Memory: 877056K Free: 725392K (83%)
----------------- Invoking toplevel() on ptolemy.moml.MoMLSimpleApplication@153dd813
----------------- Done invoking toplevel() on ptolemy.moml.MoMLSimpleApplication@153dd813
reloadAllAccessors: .BooleanSelect2

===========================================================================================
----------------- testing Mon Nov 19 02:46:27 UTC 2018 /home/travis/build/icyphy/ptII/ptolemy/actor/lib/test/auto/BooleanSwitch.xml
----------------- Instantiating /home/travis/build/icyphy/ptII/ptolemy/actor/lib/test/auto/BooleanSwitch.xml
2 ms. Memory: 877056K Free: 705355K (80%)
----------------- Invoking toplevel() on ptolemy.moml.MoMLSimpleApplication@471d2ac
----------------- Done invoking toplevel() on ptolemy.moml.MoMLSimpleApplication@471d2ac
reloadAllAccessors: .BooleanSwitch

===========================================================================================
----------------- testing Mon Nov 19 02:46:27 UTC 2018 /home/travis/build/icyphy/ptII/ptolemy/actor/lib/test/auto/BooleanSwitch2.xml
----------------- Instantiating /home/travis/build/icyphy/ptII/ptolemy/actor/lib/test/auto/BooleanSwitch2.xml
1 ms. Memory: 877056K Free: 694985K (79%)
----------------- Invoking toplevel() on ptolemy.moml.MoMLSimpleApplication@5ffcbac2
----------------- Done invoking toplevel() on ptolemy.moml.MoMLSimpleApplication@5ffcbac2
reloadAllAccessors: .BooleanSwitch2

===========================================================================================
----------------- testing Mon Nov 19 02:46:27 UTC 2018 /home/travis/build/icyphy/ptII/ptolemy/actor/lib/test/auto/BooleanSwitchCloningBugWithClassRelationGroup.xml
----------------- Instantiating /home/travis/build/icyphy/ptII/ptolemy/actor/lib/test/auto/BooleanSwitchCloningBugWithClassRelationGroup.xml
2 ms. Memory: 877056K Free: 684615K (78%)
----------------- Invoking toplevel() on ptolemy.moml.MoMLSimpleApplication@363512aa
----------------- Done invoking toplevel() on ptolemy.moml.MoMLSimpleApplication@363512aa
reloadAllAccessors: .BooleanSwitchCloningBugWithClassRelationGroup

===========================================================================================
----------------- testing Mon Nov 19 02:46:27 UTC 2018 /home/travis/build/icyphy/ptII/ptolemy/actor/lib/test/auto/BusActors.xml
----------------- Instantiating /home/travis/build/icyphy/ptII/ptolemy/actor/lib/test/auto/BusActors.xml
3 ms. Memory: 877056K Free: 669045K (76%)
----------------- Invoking toplevel() on ptolemy.moml.MoMLSimpleApplication@4a52b43d
----------------- Done invoking toplevel() on ptolemy.moml.MoMLSimpleApplication@4a52b43d
reloadAllAccessors: .BusActors

===========================================================================================
----------------- testing Mon Nov 19 02:46:27 UTC 2018 /home/travis/build/icyphy/ptII/ptolemy/actor/lib/test/auto/ClassWrapper.xml
----------------- Instantiating /home/travis/build/icyphy/ptII/ptolemy/actor/lib/test/auto/ClassWrapper.xml
2 ms. Memory: 877056K Free: 658675K (75%)
----------------- Invoking toplevel() on ptolemy.moml.MoMLSimpleApplication@444e4658
----------------- Done invoking toplevel() on ptolemy.moml.MoMLSimpleApplication@444e4658
reloadAllAccessors: .ClassWrapper

===========================================================================================
----------------- testing Mon Nov 19 02:46:27 UTC 2018 /home/travis/build/icyphy/ptII/ptolemy/actor/lib/test/auto/Clock.xml
----------------- Instantiating /home/travis/build/icyphy/ptII/ptolemy/actor/lib/test/auto/Clock.xml
2 ms. Memory: 877056K Free: 638638K (73%)
----------------- Invoking toplevel() on ptolemy.moml.MoMLSimpleApplication@dbd8cf5
----------------- Done invoking toplevel() on ptolemy.moml.MoMLSimpleApplication@dbd8cf5
reloadAllAccessors: .Clock

===========================================================================================
----------------- testing Mon Nov 19 02:46:27 UTC 2018 /home/travis/build/icyphy/ptII/ptolemy/actor/lib/test/auto/Clock10.xml
----------------- Instantiating /home/travis/build/icyphy/ptII/ptolemy/actor/lib/test/auto/Clock10.xml
2 ms. Memory: 877056K Free: 628268K (72%)
----------------- Invoking toplevel() on ptolemy.moml.MoMLSimpleApplication@36274496
----------------- Done invoking toplevel() on ptolemy.moml.MoMLSimpleApplication@36274496
reloadAllAccessors: .Clock10

===========================================================================================
----------------- testing Mon Nov 19 02:46:27 UTC 2018 /home/travis/build/icyphy/ptII/ptolemy/actor/lib/test/auto/Clock11.xml
----------------- Instantiating /home/travis/build/icyphy/ptII/ptolemy/actor/lib/test/auto/Clock11.xml
2 ms. Memory: 877056K Free: 617899K (70%)
----------------- Invoking toplevel() on ptolemy.moml.MoMLSimpleApplication@455bfa33
----------------- Done invoking toplevel() on ptolemy.moml.MoMLSimpleApplication@455bfa33
reloadAllAccessors: .Clock11

===========================================================================================
----------------- testing Mon Nov 19 02:46:27 UTC 2018 /home/travis/build/icyphy/ptII/ptolemy/actor/lib/test/auto/Clock12.xml
----------------- Instantiating /home/travis/build/icyphy/ptII/ptolemy/actor/lib/test/auto/Clock12.xml
3 ms. Memory: 877056K Free: 607529K (69%)
----------------- Invoking toplevel() on ptolemy.moml.MoMLSimpleApplication@2e89c40
----------------- Done invoking toplevel() on ptolemy.moml.MoMLSimpleApplication@2e89c40
reloadAllAccessors: .Clock12

===========================================================================================
----------------- testing Mon Nov 19 02:46:27 UTC 2018 /home/travis/build/icyphy/ptII/ptolemy/actor/lib/test/auto/Clock13.xml
----------------- Instantiating /home/travis/build/icyphy/ptII/ptolemy/actor/lib/test/auto/Clock13.xml
8 ms. Memory: 877056K Free: 587492K (67%)
----------------- Invoking toplevel() on ptolemy.moml.MoMLSimpleApplication@298acec1
----------------- Done invoking toplevel() on ptolemy.moml.MoMLSimpleApplication@298acec1
reloadAllAccessors: .Clock13

===========================================================================================
----------------- testing Mon Nov 19 02:46:27 UTC 2018 /home/travis/build/icyphy/ptII/ptolemy/actor/lib/test/auto/Clock14.xml
----------------- Instantiating /home/travis/build/icyphy/ptII/ptolemy/actor/lib/test/auto/Clock14.xml
7 ms. Memory: 877056K Free: 577122K (66%)
----------------- Invoking toplevel() on ptolemy.moml.MoMLSimpleApplication@4eafab11
----------------- Done invoking toplevel() on ptolemy.moml.MoMLSimpleApplication@4eafab11
reloadAllAccessors: .Clock14

===========================================================================================
----------------- testing Mon Nov 19 02:46:27 UTC 2018 /home/travis/build/icyphy/ptII/ptolemy/actor/lib/test/auto/Clock15.xml
----------------- Instantiating /home/travis/build/icyphy/ptII/ptolemy/actor/lib/test/auto/Clock15.xml
6 ms. Memory: 877056K Free: 566752K (65%)
----------------- Invoking toplevel() on ptolemy.moml.MoMLSimpleApplication@2bc53ae5
----------------- Done invoking toplevel() on ptolemy.moml.MoMLSimpleApplication@2bc53ae5
reloadAllAccessors: .Clock15

===========================================================================================
----------------- testing Mon Nov 19 02:46:27 UTC 2018 /home/travis/build/icyphy/ptII/ptolemy/actor/lib/test/auto/Clock16.xml
----------------- Instantiating /home/travis/build/icyphy/ptII/ptolemy/actor/lib/test/auto/Clock16.xml
26 ms. Memory: 877056K Free: 545996K (62%)
----------------- Invoking toplevel() on ptolemy.moml.MoMLSimpleApplication@3e18b738
----------------- Done invoking toplevel() on ptolemy.moml.MoMLSimpleApplication@3e18b738
reloadAllAccessors: .Clock16

===========================================================================================
----------------- testing Mon Nov 19 02:46:28 UTC 2018 /home/travis/build/icyphy/ptII/ptolemy/actor/lib/test/auto/Clock17.xml
----------------- Instantiating /home/travis/build/icyphy/ptII/ptolemy/actor/lib/test/auto/Clock17.xml
20 ms. Memory: 877056K Free: 520775K (59%)
----------------- Invoking toplevel() on ptolemy.moml.MoMLSimpleApplication@33e668b0
----------------- Done invoking toplevel() on ptolemy.moml.MoMLSimpleApplication@33e668b0
reloadAllAccessors: .Clock17

===========================================================================================
----------------- testing Mon Nov 19 02:46:28 UTC 2018 /home/travis/build/icyphy/ptII/ptolemy/actor/lib/test/auto/Clock18.xml
----------------- Instantiating /home/travis/build/icyphy/ptII/ptolemy/actor/lib/test/auto/Clock18.xml
18 ms. Memory: 877056K Free: 505204K (58%)
----------------- Invoking toplevel() on ptolemy.moml.MoMLSimpleApplication@79e3e2e1
----------------- Done invoking toplevel() on ptolemy.moml.MoMLSimpleApplication@79e3e2e1
reloadAllAccessors: .Clock18

===========================================================================================
----------------- testing Mon Nov 19 02:46:28 UTC 2018 /home/travis/build/icyphy/ptII/ptolemy/actor/lib/test/auto/Clock19.xml
----------------- Instantiating /home/travis/build/icyphy/ptII/ptolemy/actor/lib/test/auto/Clock19.xml
17 ms. Memory: 877056K Free: 489634K (56%)
----------------- Invoking toplevel() on ptolemy.moml.MoMLSimpleApplication@7867c284
----------------- Done invoking toplevel() on ptolemy.moml.MoMLSimpleApplication@7867c284
reloadAllAccessors: .Clock19

===========================================================================================
----------------- testing Mon Nov 19 02:46:28 UTC 2018 /home/travis/build/icyphy/ptII/ptolemy/actor/lib/test/auto/Clock2.xml
----------------- Instantiating /home/travis/build/icyphy/ptII/ptolemy/actor/lib/test/auto/Clock2.xml
6 ms. Memory: 877056K Free: 479264K (55%)
----------------- Invoking toplevel() on ptolemy.moml.MoMLSimpleApplication@7f34fd69
----------------- Done invoking toplevel() on ptolemy.moml.MoMLSimpleApplication@7f34fd69
reloadAllAccessors: .Clock2

===========================================================================================
----------------- testing Mon Nov 19 02:46:28 UTC 2018 /home/travis/build/icyphy/ptII/ptolemy/actor/lib/test/auto/Clock20.xml
----------------- Instantiating /home/travis/build/icyphy/ptII/ptolemy/actor/lib/test/auto/Clock20.xml
6 ms. Memory: 877056K Free: 459227K (52%)
----------------- Invoking toplevel() on ptolemy.moml.MoMLSimpleApplication@2a827e60
----------------- Done invoking toplevel() on ptolemy.moml.MoMLSimpleApplication@2a827e60
reloadAllAccessors: .Clock20

===========================================================================================
----------------- testing Mon Nov 19 02:46:28 UTC 2018 /home/travis/build/icyphy/ptII/ptolemy/actor/lib/test/auto/Clock21.xml
----------------- Instantiating /home/travis/build/icyphy/ptII/ptolemy/actor/lib/test/auto/Clock21.xml
6 ms. Memory: 877056K Free: 448857K (51%)
----------------- Invoking toplevel() on ptolemy.moml.MoMLSimpleApplication@3b523cb7
----------------- Done invoking toplevel() on ptolemy.moml.MoMLSimpleApplication@3b523cb7
reloadAllAccessors: .Clock21

===========================================================================================
----------------- testing Mon Nov 19 02:46:28 UTC 2018 /home/travis/build/icyphy/ptII/ptolemy/actor/lib/test/auto/Clock22.xml
----------------- Instantiating /home/travis/build/icyphy/ptII/ptolemy/actor/lib/test/auto/Clock22.xml
6 ms. Memory: 877056K Free: 438488K (50%)
----------------- Invoking toplevel() on ptolemy.moml.MoMLSimpleApplication@52e79629
----------------- Done invoking toplevel() on ptolemy.moml.MoMLSimpleApplication@52e79629
reloadAllAccessors: .Clock22

===========================================================================================
----------------- testing Mon Nov 19 02:46:28 UTC 2018 /home/travis/build/icyphy/ptII/ptolemy/actor/lib/test/auto/Clock23.xml
----------------- Instantiating /home/travis/build/icyphy/ptII/ptolemy/actor/lib/test/auto/Clock23.xml
2 ms. Memory: 877056K Free: 428118K (49%)
----------------- Invoking toplevel() on ptolemy.moml.MoMLSimpleApplication@2b81d77a
----------------- Done invoking toplevel() on ptolemy.moml.MoMLSimpleApplication@2b81d77a
reloadAllAccessors: .Clock23

===========================================================================================
----------------- testing Mon Nov 19 02:46:28 UTC 2018 /home/travis/build/icyphy/ptII/ptolemy/actor/lib/test/auto/Clock24.xml
----------------- Instantiating /home/travis/build/icyphy/ptII/ptolemy/actor/lib/test/auto/Clock24.xml
3 ms. Memory: 877056K Free: 417748K (48%)
----------------- Invoking toplevel() on ptolemy.moml.MoMLSimpleApplication@d6232a3
----------------- Done invoking toplevel() on ptolemy.moml.MoMLSimpleApplication@d6232a3
reloadAllAccessors: .Clock24

===========================================================================================
----------------- testing Mon Nov 19 02:46:28 UTC 2018 /home/travis/build/icyphy/ptII/ptolemy/actor/lib/test/auto/Clock4.xml
----------------- Instantiating /home/travis/build/icyphy/ptII/ptolemy/actor/lib/test/auto/Clock4.xml
1 ms. Memory: 877056K Free: 397711K (45%)
----------------- Invoking toplevel() on ptolemy.moml.MoMLSimpleApplication@6113b088
----------------- Done invoking toplevel() on ptolemy.moml.MoMLSimpleApplication@6113b088
reloadAllAccessors: .Clock4

===========================================================================================
----------------- testing Mon Nov 19 02:46:28 UTC 2018 /home/travis/build/icyphy/ptII/ptolemy/actor/lib/test/auto/Clock5.xml
----------------- Instantiating /home/travis/build/icyphy/ptII/ptolemy/actor/lib/test/auto/Clock5.xml
1 ms. Memory: 877056K Free: 387341K (44%)
----------------- Invoking toplevel() on ptolemy.moml.MoMLSimpleApplication@5c343e0a
----------------- Done invoking toplevel() on ptolemy.moml.MoMLSimpleApplication@5c343e0a
reloadAllAccessors: .Clock5

===========================================================================================
----------------- testing Mon Nov 19 02:46:28 UTC 2018 /home/travis/build/icyphy/ptII/ptolemy/actor/lib/test/auto/Clock6.xml
----------------- Instantiating /home/travis/build/icyphy/ptII/ptolemy/actor/lib/test/auto/Clock6.xml
2 ms. Memory: 877056K Free: 376972K (43%)
----------------- Invoking toplevel() on ptolemy.moml.MoMLSimpleApplication@5121a1f2
----------------- Done invoking toplevel() on ptolemy.moml.MoMLSimpleApplication@5121a1f2
reloadAllAccessors: .Clock6

===========================================================================================
----------------- testing Mon Nov 19 02:46:28 UTC 2018 /home/travis/build/icyphy/ptII/ptolemy/actor/lib/test/auto/Clock7.xml
----------------- Instantiating /home/travis/build/icyphy/ptII/ptolemy/actor/lib/test/auto/Clock7.xml
1 ms. Memory: 877056K Free: 366602K (42%)
----------------- Invoking toplevel() on ptolemy.moml.MoMLSimpleApplication@480a3728
----------------- Done invoking toplevel() on ptolemy.moml.MoMLSimpleApplication@480a3728
reloadAllAccessors: .Clock7

===========================================================================================
----------------- testing Mon Nov 19 02:46:28 UTC 2018 /home/travis/build/icyphy/ptII/ptolemy/actor/lib/test/auto/Clock8.xml
----------------- Instantiating /home/travis/build/icyphy/ptII/ptolemy/actor/lib/test/auto/Clock8.xml
2 ms. Memory: 877056K Free: 346565K (40%)
----------------- Invoking toplevel() on ptolemy.moml.MoMLSimpleApplication@360faa88
----------------- Done invoking toplevel() on ptolemy.moml.MoMLSimpleApplication@360faa88
reloadAllAccessors: .Clock8

===========================================================================================
----------------- testing Mon Nov 19 02:46:28 UTC 2018 /home/travis/build/icyphy/ptII/ptolemy/actor/lib/test/auto/Clock9.xml
----------------- Instantiating /home/travis/build/icyphy/ptII/ptolemy/actor/lib/test/auto/Clock9.xml
2 ms. Memory: 877056K Free: 336195K (38%)
----------------- Invoking toplevel() on ptolemy.moml.MoMLSimpleApplication@8c3e208
----------------- Done invoking toplevel() on ptolemy.moml.MoMLSimpleApplication@8c3e208
reloadAllAccessors: .Clock9

===========================================================================================
----------------- testing Mon Nov 19 02:46:28 UTC 2018 /home/travis/build/icyphy/ptII/ptolemy/actor/lib/test/auto/CommDistDiscard.xml
----------------- Instantiating /home/travis/build/icyphy/ptII/ptolemy/actor/lib/test/auto/CommDistDiscard.xml
1 ms. Memory: 877056K Free: 325826K (37%)
----------------- Invoking toplevel() on ptolemy.moml.MoMLSimpleApplication@5d4a4b60
----------------- Done invoking toplevel() on ptolemy.moml.MoMLSimpleApplication@5d4a4b60
reloadAllAccessors: .CommDistDiscard

===========================================================================================
----------------- testing Mon Nov 19 02:46:28 UTC 2018 /home/travis/build/icyphy/ptII/ptolemy/actor/lib/test/auto/Commutator.xml
----------------- Instantiating /home/travis/build/icyphy/ptII/ptolemy/actor/lib/test/auto/Commutator.xml
2 ms. Memory: 877056K Free: 315456K (36%)
----------------- Invoking toplevel() on ptolemy.moml.MoMLSimpleApplication@724ca452
----------------- Done invoking toplevel() on ptolemy.moml.MoMLSimpleApplication@724ca452
reloadAllAccessors: .Commutator

===========================================================================================
----------------- testing Mon Nov 19 02:46:28 UTC 2018 /home/travis/build/icyphy/ptII/ptolemy/actor/lib/test/auto/Commutator2.xml
----------------- Instantiating /home/travis/build/icyphy/ptII/ptolemy/actor/lib/test/auto/Commutator2.xml
1 ms. Memory: 877056K Free: 295419K (34%)
----------------- Invoking toplevel() on ptolemy.moml.MoMLSimpleApplication@6e1f3694
----------------- Done invoking toplevel() on ptolemy.moml.MoMLSimpleApplication@6e1f3694
reloadAllAccessors: .Commutator2

===========================================================================================
----------------- testing Mon Nov 19 02:46:28 UTC 2018 /home/travis/build/icyphy/ptII/ptolemy/actor/lib/test/auto/Commutator3.xml
----------------- Instantiating /home/travis/build/icyphy/ptII/ptolemy/actor/lib/test/auto/Commutator3.xml
1 ms. Memory: 877056K Free: 285049K (33%)
----------------- Invoking toplevel() on ptolemy.moml.MoMLSimpleApplication@5ebb5db0
----------------- Done invoking toplevel() on ptolemy.moml.MoMLSimpleApplication@5ebb5db0
reloadAllAccessors: .Commutator3

===========================================================================================
----------------- testing Mon Nov 19 02:46:28 UTC 2018 /home/travis/build/icyphy/ptII/ptolemy/actor/lib/test/auto/Compare.xml
----------------- Instantiating /home/travis/build/icyphy/ptII/ptolemy/actor/lib/test/auto/Compare.xml
3 ms. Memory: 877056K Free: 274679K (31%)
----------------- Invoking toplevel() on ptolemy.moml.MoMLSimpleApplication@62b26878
----------------- Done invoking toplevel() on ptolemy.moml.MoMLSimpleApplication@62b26878
reloadAllAccessors: .Compare

===========================================================================================
----------------- testing Mon Nov 19 02:46:28 UTC 2018 /home/travis/build/icyphy/ptII/ptolemy/actor/lib/test/auto/CompareDE.xml
----------------- Instantiating /home/travis/build/icyphy/ptII/ptolemy/actor/lib/test/auto/CompareDE.xml
4 ms. Memory: 877056K Free: 264309K (30%)
----------------- Invoking toplevel() on ptolemy.moml.MoMLSimpleApplication@37b90e11
----------------- Done invoking toplevel() on ptolemy.moml.MoMLSimpleApplication@37b90e11
reloadAllAccessors: .CompareDE

===========================================================================================
----------------- testing Mon Nov 19 02:46:28 UTC 2018 /home/travis/build/icyphy/ptII/ptolemy/actor/lib/test/auto/ComplexDivide.xml
----------------- Instantiating /home/travis/build/icyphy/ptII/ptolemy/actor/lib/test/auto/ComplexDivide.xml
2 ms. Memory: 877056K Free: 253940K (29%)
----------------- Invoking toplevel() on ptolemy.moml.MoMLSimpleApplication@314a028d
----------------- Done invoking toplevel() on ptolemy.moml.MoMLSimpleApplication@314a028d
reloadAllAccessors: .ComplexDivide

===========================================================================================
----------------- testing Mon Nov 19 02:46:28 UTC 2018 /home/travis/build/icyphy/ptII/ptolemy/actor/lib/test/auto/ComputeHistogram.xml
----------------- Instantiating /home/travis/build/icyphy/ptII/ptolemy/actor/lib/test/auto/ComputeHistogram.xml
24 ms. Memory: 877056K Free: 228718K (26%)
----------------- Invoking toplevel() on ptolemy.moml.MoMLSimpleApplication@26e89feb
----------------- Done invoking toplevel() on ptolemy.moml.MoMLSimpleApplication@26e89feb
reloadAllAccessors: .ComputeHistogram

===========================================================================================
----------------- testing Mon Nov 19 02:46:28 UTC 2018 /home/travis/build/icyphy/ptII/ptolemy/actor/lib/test/auto/ConfigurationSelect.xml
----------------- Instantiating /home/travis/build/icyphy/ptII/ptolemy/actor/lib/test/auto/ConfigurationSelect.xml
2 ms. Memory: 877056K Free: 218348K (25%)
----------------- Invoking toplevel() on ptolemy.moml.MoMLSimpleApplication@487c265b
----------------- Done invoking toplevel() on ptolemy.moml.MoMLSimpleApplication@487c265b
reloadAllAccessors: .ConfigurationSelect

===========================================================================================
----------------- testing Mon Nov 19 02:46:28 UTC 2018 /home/travis/build/icyphy/ptII/ptolemy/actor/lib/test/auto/ConfigurationSelect2.xml
----------------- Instantiating /home/travis/build/icyphy/ptII/ptolemy/actor/lib/test/auto/ConfigurationSelect2.xml
2 ms. Memory: 877056K Free: 207979K (24%)
----------------- Invoking toplevel() on ptolemy.moml.MoMLSimpleApplication@78d43b34
----------------- Done invoking toplevel() on ptolemy.moml.MoMLSimpleApplication@78d43b34
reloadAllAccessors: .ConfigurationSelect2

===========================================================================================
----------------- testing Mon Nov 19 02:46:28 UTC 2018 /home/travis/build/icyphy/ptII/ptolemy/actor/lib/test/auto/ConfigurationSwitch.xml
----------------- Instantiating /home/travis/build/icyphy/ptII/ptolemy/actor/lib/test/auto/ConfigurationSwitch.xml
2 ms. Memory: 877056K Free: 197609K (23%)
----------------- Invoking toplevel() on ptolemy.moml.MoMLSimpleApplication@6ee408e5
----------------- Done invoking toplevel() on ptolemy.moml.MoMLSimpleApplication@6ee408e5
reloadAllAccessors: .ConfigurationSwitch

===========================================================================================
----------------- testing Mon Nov 19 02:46:28 UTC 2018 /home/travis/build/icyphy/ptII/ptolemy/actor/lib/test/auto/ConfigurationSwitch2.xml
----------------- Instantiating /home/travis/build/icyphy/ptII/ptolemy/actor/lib/test/auto/ConfigurationSwitch2.xml
4 ms. Memory: 877056K Free: 177572K (20%)
----------------- Invoking toplevel() on ptolemy.moml.MoMLSimpleApplication@6127324c
----------------- Done invoking toplevel() on ptolemy.moml.MoMLSimpleApplication@6127324c
reloadAllAccessors: .ConfigurationSwitch2

===========================================================================================
----------------- testing Mon Nov 19 02:46:28 UTC 2018 /home/travis/build/icyphy/ptII/ptolemy/actor/lib/test/auto/ConfigurationSwitchCloningBugWithClassRelationGroup.xml
----------------- Instantiating /home/travis/build/icyphy/ptII/ptolemy/actor/lib/test/auto/ConfigurationSwitchCloningBugWithClassRelationGroup.xml
1 ms. Memory: 877056K Free: 167202K (19%)
----------------- Invoking toplevel() on ptolemy.moml.MoMLSimpleApplication@3e70f4a3
----------------- Done invoking toplevel() on ptolemy.moml.MoMLSimpleApplication@3e70f4a3
reloadAllAccessors: .ConfigurationSwitchCloningBugWithClassRelationGroup

===========================================================================================
----------------- testing Mon Nov 19 02:46:28 UTC 2018 /home/travis/build/icyphy/ptII/ptolemy/actor/lib/test/auto/ConfigurationSwitchSelectSDF.xml
----------------- Instantiating /home/travis/build/icyphy/ptII/ptolemy/actor/lib/test/auto/ConfigurationSwitchSelectSDF.xml
2 ms. Memory: 877056K Free: 156833K (18%)
----------------- Invoking toplevel() on ptolemy.moml.MoMLSimpleApplication@61cced16
----------------- Done invoking toplevel() on ptolemy.moml.MoMLSimpleApplication@61cced16
reloadAllAccessors: .ConfigurationSwitchSelectSDF

===========================================================================================
----------------- testing Mon Nov 19 02:46:28 UTC 2018 /home/travis/build/icyphy/ptII/ptolemy/actor/lib/test/auto/ConfigurationSwitchSelectSDF2.xml
----------------- Instantiating /home/travis/build/icyphy/ptII/ptolemy/actor/lib/test/auto/ConfigurationSwitchSelectSDF2.xml
2 ms. Memory: 877056K Free: 146463K (17%)
----------------- Invoking toplevel() on ptolemy.moml.MoMLSimpleApplication@5c341765
----------------- Done invoking toplevel() on ptolemy.moml.MoMLSimpleApplication@5c341765
reloadAllAccessors: .ConfigurationSwitchSelectSDF2

===========================================================================================
----------------- testing Mon Nov 19 02:46:28 UTC 2018 /home/travis/build/icyphy/ptII/ptolemy/actor/lib/test/auto/Const.xml
----------------- Instantiating /home/travis/build/icyphy/ptII/ptolemy/actor/lib/test/auto/Const.xml
1 ms. Memory: 877056K Free: 126426K (14%)
----------------- Invoking toplevel() on ptolemy.moml.MoMLSimpleApplication@29c016c7
----------------- Done invoking toplevel() on ptolemy.moml.MoMLSimpleApplication@29c016c7
reloadAllAccessors: .Const

===========================================================================================
----------------- testing Mon Nov 19 02:46:28 UTC 2018 /home/travis/build/icyphy/ptII/ptolemy/actor/lib/test/auto/Const2.xml
----------------- Instantiating /home/travis/build/icyphy/ptII/ptolemy/actor/lib/test/auto/Const2.xml
1 ms. Memory: 877056K Free: 116056K (13%)
----------------- Invoking toplevel() on ptolemy.moml.MoMLSimpleApplication@222cca69
----------------- Done invoking toplevel() on ptolemy.moml.MoMLSimpleApplication@222cca69
reloadAllAccessors: .Const2

===========================================================================================
----------------- testing Mon Nov 19 02:46:28 UTC 2018 /home/travis/build/icyphy/ptII/ptolemy/actor/lib/test/auto/Const3.xml
----------------- Instantiating /home/travis/build/icyphy/ptII/ptolemy/actor/lib/test/auto/Const3.xml
1 ms. Memory: 877056K Free: 105686K (12%)
----------------- Invoking toplevel() on ptolemy.moml.MoMLSimpleApplication@2fba46f0
----------------- Done invoking toplevel() on ptolemy.moml.MoMLSimpleApplication@2fba46f0
reloadAllAccessors: .Const3

===========================================================================================
----------------- testing Mon Nov 19 02:46:28 UTC 2018 /home/travis/build/icyphy/ptII/ptolemy/actor/lib/test/auto/ConstantPublisherPort1.xml
----------------- Instantiating /home/travis/build/icyphy/ptII/ptolemy/actor/lib/test/auto/ConstantPublisherPort1.xml
6 ms. Memory: 877056K Free: 90116K (10%)
----------------- Invoking toplevel() on ptolemy.moml.MoMLSimpleApplication@35ee2851
----------------- Done invoking toplevel() on ptolemy.moml.MoMLSimpleApplication@35ee2851
reloadAllAccessors: .ConstantPublisherPort1

===========================================================================================
----------------- testing Mon Nov 19 02:46:28 UTC 2018 /home/travis/build/icyphy/ptII/ptolemy/actor/lib/test/auto/ConstantPublisherPort2.xml
----------------- Instantiating /home/travis/build/icyphy/ptII/ptolemy/actor/lib/test/auto/ConstantPublisherPort2.xml
8 ms. Memory: 877056K Free: 65024K (7%)
----------------- Invoking toplevel() on ptolemy.moml.MoMLSimpleApplication@34187ef5
----------------- Done invoking toplevel() on ptolemy.moml.MoMLSimpleApplication@34187ef5
reloadAllAccessors: .ConstantPublisherPort2

===========================================================================================
----------------- testing Mon Nov 19 02:46:28 UTC 2018 /home/travis/build/icyphy/ptII/ptolemy/actor/lib/test/auto/ConstantPublisherPort3.xml
----------------- Instantiating /home/travis/build/icyphy/ptII/ptolemy/actor/lib/test/auto/ConstantPublisherPort3.xml
5 ms. Memory: 878080K Free: 827262K (94%)
----------------- Invoking toplevel() on ptolemy.moml.MoMLSimpleApplication@54e0f05a
----------------- Done invoking toplevel() on ptolemy.moml.MoMLSimpleApplication@54e0f05a
reloadAllAccessors: .ConstantPublisherPort3

===========================================================================================
----------------- testing Mon Nov 19 02:46:29 UTC 2018 /home/travis/build/icyphy/ptII/ptolemy/actor/lib/test/auto/ConstantPublisherPort4.xml
----------------- Instantiating /home/travis/build/icyphy/ptII/ptolemy/actor/lib/test/auto/ConstantPublisherPort4.xml
3 ms. Memory: 878080K Free: 809686K (92%)
----------------- Invoking toplevel() on ptolemy.moml.MoMLSimpleApplication@5226175a
----------------- Done invoking toplevel() on ptolemy.moml.MoMLSimpleApplication@5226175a
reloadAllAccessors: .ConstantPublisherPort4

===========================================================================================
----------------- testing Mon Nov 19 02:46:29 UTC 2018 /home/travis/build/icyphy/ptII/ptolemy/actor/lib/test/auto/ConstantPublisherPort5.xml
----------------- Instantiating /home/travis/build/icyphy/ptII/ptolemy/actor/lib/test/auto/ConstantPublisherPort5.xml
13 ms. Memory: 878080K Free: 783584K (89%)
----------------- Invoking toplevel() on ptolemy.moml.MoMLSimpleApplication@5c6bb641
----------------- Done invoking toplevel() on ptolemy.moml.MoMLSimpleApplication@5c6bb641
reloadAllAccessors: .ConstantPublisherPort5

===========================================================================================
----------------- testing Mon Nov 19 02:46:29 UTC 2018 /home/travis/build/icyphy/ptII/ptolemy/actor/lib/test/auto/ConstantPublisherPort6.xml
----------------- Instantiating /home/travis/build/icyphy/ptII/ptolemy/actor/lib/test/auto/ConstantPublisherPort6.xml
17 ms. Memory: 878080K Free: 757659K (86%)
----------------- Invoking toplevel() on ptolemy.moml.MoMLSimpleApplication@7c840dd2
----------------- Done invoking toplevel() on ptolemy.moml.MoMLSimpleApplication@7c840dd2
reloadAllAccessors: .ConstantPublisherPort6

===========================================================================================
----------------- testing Mon Nov 19 02:46:29 UTC 2018 /home/travis/build/icyphy/ptII/ptolemy/actor/lib/test/auto/ConstantPublisherPort7.xml
----------------- Instantiating /home/travis/build/icyphy/ptII/ptolemy/actor/lib/test/auto/ConstantPublisherPort7.xml
11 ms. Memory: 878080K Free: 724528K (83%)
----------------- Invoking toplevel() on ptolemy.moml.MoMLSimpleApplication@7b3d896a
----------------- Done invoking toplevel() on ptolemy.moml.MoMLSimpleApplication@7b3d896a
reloadAllAccessors: .ConstantPublisherPort7

===========================================================================================
----------------- testing Mon Nov 19 02:46:29 UTC 2018 /home/travis/build/icyphy/ptII/ptolemy/actor/lib/test/auto/ConstraintMonitor1.xml
----------------- Instantiating /home/travis/build/icyphy/ptII/ptolemy/actor/lib/test/auto/ConstraintMonitor1.xml
2 ms. Memory: 878080K Free: 714158K (81%)
----------------- Invoking toplevel() on ptolemy.moml.MoMLSimpleApplication@71414ce7
----------------- Done invoking toplevel() on ptolemy.moml.MoMLSimpleApplication@71414ce7
reloadAllAccessors: .ConstraintMonitor1

===========================================================================================
----------------- testing Mon Nov 19 02:46:29 UTC 2018 /home/travis/build/icyphy/ptII/ptolemy/actor/lib/test/auto/ConstraintMonitor2.xml
----------------- Instantiating /home/travis/build/icyphy/ptII/ptolemy/actor/lib/test/auto/ConstraintMonitor2.xml
5 ms. Memory: 878080K Free: 703788K (80%)
----------------- Invoking toplevel() on ptolemy.moml.MoMLSimpleApplication@6045eead
----------------- Done invoking toplevel() on ptolemy.moml.MoMLSimpleApplication@6045eead
reloadAllAccessors: .ConstraintMonitor2

===========================================================================================
----------------- testing Mon Nov 19 02:46:29 UTC 2018 /home/travis/build/icyphy/ptII/ptolemy/actor/lib/test/auto/ConstraintMonitor3.xml
----------------- Instantiating /home/travis/build/icyphy/ptII/ptolemy/actor/lib/test/auto/ConstraintMonitor3.xml
1 ms. Memory: 878080K Free: 686211K (78%)
----------------- Invoking toplevel() on ptolemy.moml.MoMLSimpleApplication@3d54ad8d
----------------- Done invoking toplevel() on ptolemy.moml.MoMLSimpleApplication@3d54ad8d
reloadAllAccessors: .ConstraintMonitor3

===========================================================================================
----------------- testing Mon Nov 19 02:46:29 UTC 2018 /home/travis/build/icyphy/ptII/ptolemy/actor/lib/test/auto/ConstraintMonitor4.xml
----------------- Instantiating /home/travis/build/icyphy/ptII/ptolemy/actor/lib/test/auto/ConstraintMonitor4.xml
6 ms. Memory: 878080K Free: 675841K (77%)
----------------- Invoking toplevel() on ptolemy.moml.MoMLSimpleApplication@2f579e3e
----------------- Done invoking toplevel() on ptolemy.moml.MoMLSimpleApplication@2f579e3e
reloadAllAccessors: .ConstraintMonitor4

===========================================================================================
----------------- testing Mon Nov 19 02:46:29 UTC 2018 /home/travis/build/icyphy/ptII/ptolemy/actor/lib/test/auto/ConstraintMonitor5.xml
----------------- Instantiating /home/travis/build/icyphy/ptII/ptolemy/actor/lib/test/auto/ConstraintMonitor5.xml
1 ms. Memory: 878080K Free: 665472K (76%)
----------------- Invoking toplevel() on ptolemy.moml.MoMLSimpleApplication@355de434
----------------- Done invoking toplevel() on ptolemy.moml.MoMLSimpleApplication@355de434
reloadAllAccessors: .ConstraintMonitor5

===========================================================================================
----------------- testing Mon Nov 19 02:46:29 UTC 2018 /home/travis/build/icyphy/ptII/ptolemy/actor/lib/test/auto/ConstraintMonitor6.xml
----------------- Instantiating /home/travis/build/icyphy/ptII/ptolemy/actor/lib/test/auto/ConstraintMonitor6.xml
7 ms. Memory: 878080K Free: 647895K (74%)
----------------- Invoking toplevel() on ptolemy.moml.MoMLSimpleApplication@209545d7
----------------- Done invoking toplevel() on ptolemy.moml.MoMLSimpleApplication@209545d7
reloadAllAccessors: .ConstraintMonitor6

===========================================================================================
----------------- testing Mon Nov 19 02:46:29 UTC 2018 /home/travis/build/icyphy/ptII/ptolemy/actor/lib/test/auto/ConstraintMonitor7.xml
----------------- Instantiating /home/travis/build/icyphy/ptII/ptolemy/actor/lib/test/auto/ConstraintMonitor7.xml
2 ms. Memory: 878080K Free: 637525K (73%)
----------------- Invoking toplevel() on ptolemy.moml.MoMLSimpleApplication@24b8f035
----------------- Done invoking toplevel() on ptolemy.moml.MoMLSimpleApplication@24b8f035
reloadAllAccessors: .ConstraintMonitor7

===========================================================================================
----------------- testing Mon Nov 19 02:46:29 UTC 2018 /home/travis/build/icyphy/ptII/ptolemy/actor/lib/test/auto/ConstraintMonitor8.xml
----------------- Instantiating /home/travis/build/icyphy/ptII/ptolemy/actor/lib/test/auto/ConstraintMonitor8.xml
4 ms. Memory: 878080K Free: 621954K (71%)
----------------- Invoking toplevel() on ptolemy.moml.MoMLSimpleApplication@28567de9
----------------- Done invoking toplevel() on ptolemy.moml.MoMLSimpleApplication@28567de9
reloadAllAccessors: .ConstraintMonitor8

===========================================================================================
----------------- testing Mon Nov 19 02:46:29 UTC 2018 /home/travis/build/icyphy/ptII/ptolemy/actor/lib/test/auto/Counter.xml
----------------- Instantiating /home/travis/build/icyphy/ptII/ptolemy/actor/lib/test/auto/Counter.xml
2 ms. Memory: 878080K Free: 604377K (69%)
----------------- Invoking toplevel() on ptolemy.moml.MoMLSimpleApplication@6f45e578
----------------- Done invoking toplevel() on ptolemy.moml.MoMLSimpleApplication@6f45e578
reloadAllAccessors: .Counter

===========================================================================================
----------------- testing Mon Nov 19 02:46:29 UTC 2018 /home/travis/build/icyphy/ptII/ptolemy/actor/lib/test/auto/CurrentTimeSDF.xml
----------------- Instantiating /home/travis/build/icyphy/ptII/ptolemy/actor/lib/test/auto/CurrentTimeSDF.xml
1 ms. Memory: 878080K Free: 594007K (68%)
----------------- Invoking toplevel() on ptolemy.moml.MoMLSimpleApplication@3361bc88
----------------- Done invoking toplevel() on ptolemy.moml.MoMLSimpleApplication@3361bc88
reloadAllAccessors: .CurrentTimeSDF

===========================================================================================
----------------- testing Mon Nov 19 02:46:29 UTC 2018 /home/travis/build/icyphy/ptII/ptolemy/actor/lib/test/auto/DB.xml
----------------- Instantiating /home/travis/build/icyphy/ptII/ptolemy/actor/lib/test/auto/DB.xml
2 ms. Memory: 878080K Free: 583638K (66%)
----------------- Invoking toplevel() on ptolemy.moml.MoMLSimpleApplication@203e2e6f
----------------- Done invoking toplevel() on ptolemy.moml.MoMLSimpleApplication@203e2e6f
reloadAllAccessors: .DB

===========================================================================================
----------------- testing Mon Nov 19 02:46:29 UTC 2018 /home/travis/build/icyphy/ptII/ptolemy/actor/lib/test/auto/DBDE.xml
----------------- Instantiating /home/travis/build/icyphy/ptII/ptolemy/actor/lib/test/auto/DBDE.xml
1 ms. Memory: 878080K Free: 566061K (64%)
----------------- Invoking toplevel() on ptolemy.moml.MoMLSimpleApplication@6f19d443
----------------- Done invoking toplevel() on ptolemy.moml.MoMLSimpleApplication@6f19d443
reloadAllAccessors: .DBDE

===========================================================================================
----------------- testing Mon Nov 19 02:46:29 UTC 2018 /home/travis/build/icyphy/ptII/ptolemy/actor/lib/test/auto/DateConstructor.xml
----------------- Instantiating /home/travis/build/icyphy/ptII/ptolemy/actor/lib/test/auto/DateConstructor.xml
13 ms. Memory: 878080K Free: 545321K (62%)
----------------- Invoking toplevel() on ptolemy.moml.MoMLSimpleApplication@704fb02f
----------------- Done invoking toplevel() on ptolemy.moml.MoMLSimpleApplication@704fb02f
reloadAllAccessors: .DateConstructor

===========================================================================================
----------------- testing Mon Nov 19 02:46:29 UTC 2018 /home/travis/build/icyphy/ptII/ptolemy/actor/lib/test/auto/DelayTime.xml
----------------- Instantiating /home/travis/build/icyphy/ptII/ptolemy/actor/lib/test/auto/DelayTime.xml
2 ms. Memory: 878080K Free: 534951K (61%)
----------------- Invoking toplevel() on ptolemy.moml.MoMLSimpleApplication@20dc9a5b
----------------- Done invoking toplevel() on ptolemy.moml.MoMLSimpleApplication@20dc9a5b
reloadAllAccessors: .DelayTime

===========================================================================================
----------------- testing Mon Nov 19 02:46:29 UTC 2018 /home/travis/build/icyphy/ptII/ptolemy/actor/lib/test/auto/Dictionary1.xml
----------------- Instantiating /home/travis/build/icyphy/ptII/ptolemy/actor/lib/test/auto/Dictionary1.xml
1 ms. Memory: 878080K Free: 517374K (59%)
----------------- Invoking toplevel() on ptolemy.moml.MoMLSimpleApplication@39ccfb60
----------------- Done invoking toplevel() on ptolemy.moml.MoMLSimpleApplication@39ccfb60
reloadAllAccessors: .Dictionary1

===========================================================================================
----------------- testing Mon Nov 19 02:46:29 UTC 2018 /home/travis/build/icyphy/ptII/ptolemy/actor/lib/test/auto/Dictionary2.xml
----------------- Instantiating /home/travis/build/icyphy/ptII/ptolemy/actor/lib/test/auto/Dictionary2.xml
3 ms. Memory: 878080K Free: 507005K (58%)
----------------- Invoking toplevel() on ptolemy.moml.MoMLSimpleApplication@4a43c3c9
----------------- Done invoking toplevel() on ptolemy.moml.MoMLSimpleApplication@4a43c3c9
reloadAllAccessors: .Dictionary2

===========================================================================================
----------------- testing Mon Nov 19 02:46:29 UTC 2018 /home/travis/build/icyphy/ptII/ptolemy/actor/lib/test/auto/Dictionary3.xml
----------------- Instantiating /home/travis/build/icyphy/ptII/ptolemy/actor/lib/test/auto/Dictionary3.xml
1 ms. Memory: 878080K Free: 496635K (57%)
----------------- Invoking toplevel() on ptolemy.moml.MoMLSimpleApplication@155d6a70
----------------- Done invoking toplevel() on ptolemy.moml.MoMLSimpleApplication@155d6a70
reloadAllAccessors: .Dictionary3

===========================================================================================
----------------- testing Mon Nov 19 02:46:29 UTC 2018 /home/travis/build/icyphy/ptII/ptolemy/actor/lib/test/auto/Dictionary4.xml
----------------- Instantiating /home/travis/build/icyphy/ptII/ptolemy/actor/lib/test/auto/Dictionary4.xml
2 ms. Memory: 878080K Free: 479058K (55%)
----------------- Invoking toplevel() on ptolemy.moml.MoMLSimpleApplication@4af74c2f
----------------- Done invoking toplevel() on ptolemy.moml.MoMLSimpleApplication@4af74c2f
reloadAllAccessors: .Dictionary4

===========================================================================================
----------------- testing Mon Nov 19 02:46:29 UTC 2018 /home/travis/build/icyphy/ptII/ptolemy/actor/lib/test/auto/Differential.xml
----------------- Instantiating /home/travis/build/icyphy/ptII/ptolemy/actor/lib/test/auto/Differential.xml
2 ms. Memory: 878080K Free: 468688K (53%)
----------------- Invoking toplevel() on ptolemy.moml.MoMLSimpleApplication@2f4db2e5
----------------- Done invoking toplevel() on ptolemy.moml.MoMLSimpleApplication@2f4db2e5
reloadAllAccessors: .Differential

===========================================================================================
----------------- testing Mon Nov 19 02:46:29 UTC 2018 /home/travis/build/icyphy/ptII/ptolemy/actor/lib/test/auto/Director.xml
----------------- Instantiating /home/travis/build/icyphy/ptII/ptolemy/actor/lib/test/auto/Director.xml
4 ms. Memory: 878080K Free: 458318K (52%)
----------------- Invoking toplevel() on ptolemy.moml.MoMLSimpleApplication@29621bab
----------------- Done invoking toplevel() on ptolemy.moml.MoMLSimpleApplication@29621bab
reloadAllAccessors: .Director

===========================================================================================
----------------- testing Mon Nov 19 02:46:29 UTC 2018 /home/travis/build/icyphy/ptII/ptolemy/actor/lib/test/auto/DiscreteClock.xml
----------------- Instantiating /home/travis/build/icyphy/ptII/ptolemy/actor/lib/test/auto/DiscreteClock.xml
1 ms. Memory: 878080K Free: 440742K (50%)
----------------- Invoking toplevel() on ptolemy.moml.MoMLSimpleApplication@791a19aa
----------------- Done invoking toplevel() on ptolemy.moml.MoMLSimpleApplication@791a19aa
reloadAllAccessors: .DiscreteClock

===========================================================================================
----------------- testing Mon Nov 19 02:46:29 UTC 2018 /home/travis/build/icyphy/ptII/ptolemy/actor/lib/test/auto/DiscreteClock10.xml
----------------- Instantiating /home/travis/build/icyphy/ptII/ptolemy/actor/lib/test/auto/DiscreteClock10.xml
4 ms. Memory: 878080K Free: 430372K (49%)
----------------- Invoking toplevel() on ptolemy.moml.MoMLSimpleApplication@c5afc78
----------------- Done invoking toplevel() on ptolemy.moml.MoMLSimpleApplication@c5afc78
reloadAllAccessors: .DiscreteClock10

===========================================================================================
----------------- testing Mon Nov 19 02:46:29 UTC 2018 /home/travis/build/icyphy/ptII/ptolemy/actor/lib/test/auto/DiscreteClock11.xml
----------------- Instantiating /home/travis/build/icyphy/ptII/ptolemy/actor/lib/test/auto/DiscreteClock11.xml
2 ms. Memory: 878080K Free: 420002K (48%)
----------------- Invoking toplevel() on ptolemy.moml.MoMLSimpleApplication@5ad2c184
----------------- Done invoking toplevel() on ptolemy.moml.MoMLSimpleApplication@5ad2c184
reloadAllAccessors: .DiscreteClock11

===========================================================================================
----------------- testing Mon Nov 19 02:46:29 UTC 2018 /home/travis/build/icyphy/ptII/ptolemy/actor/lib/test/auto/DiscreteClock12.xml
----------------- Instantiating /home/travis/build/icyphy/ptII/ptolemy/actor/lib/test/auto/DiscreteClock12.xml
2 ms. Memory: 878080K Free: 409632K (47%)
----------------- Invoking toplevel() on ptolemy.moml.MoMLSimpleApplication@587f3bc9
----------------- Done invoking toplevel() on ptolemy.moml.MoMLSimpleApplication@587f3bc9
reloadAllAccessors: .DiscreteClock12

===========================================================================================
----------------- testing Mon Nov 19 02:46:29 UTC 2018 /home/travis/build/icyphy/ptII/ptolemy/actor/lib/test/auto/DiscreteClock13.xml
----------------- Instantiating /home/travis/build/icyphy/ptII/ptolemy/actor/lib/test/auto/DiscreteClock13.xml
2 ms. Memory: 878080K Free: 392056K (45%)
----------------- Invoking toplevel() on ptolemy.moml.MoMLSimpleApplication@2ea5480
----------------- Done invoking toplevel() on ptolemy.moml.MoMLSimpleApplication@2ea5480
reloadAllAccessors: .DiscreteClock13

===========================================================================================
----------------- testing Mon Nov 19 02:46:29 UTC 2018 /home/travis/build/icyphy/ptII/ptolemy/actor/lib/test/auto/DiscreteClock14.xml
----------------- Instantiating /home/travis/build/icyphy/ptII/ptolemy/actor/lib/test/auto/DiscreteClock14.xml
4 ms. Memory: 878080K Free: 381686K (43%)
----------------- Invoking toplevel() on ptolemy.moml.MoMLSimpleApplication@690bbfe2
----------------- Done invoking toplevel() on ptolemy.moml.MoMLSimpleApplication@690bbfe2
reloadAllAccessors: .DiscreteClock14

===========================================================================================
----------------- testing Mon Nov 19 02:46:29 UTC 2018 /home/travis/build/icyphy/ptII/ptolemy/actor/lib/test/auto/DiscreteClock15.xml
----------------- Instantiating /home/travis/build/icyphy/ptII/ptolemy/actor/lib/test/auto/DiscreteClock15.xml
2 ms. Memory: 878080K Free: 371316K (42%)
----------------- Invoking toplevel() on ptolemy.moml.MoMLSimpleApplication@3b4cca4
----------------- Done invoking toplevel() on ptolemy.moml.MoMLSimpleApplication@3b4cca4
reloadAllAccessors: .DiscreteClock15

===========================================================================================
----------------- testing Mon Nov 19 02:46:29 UTC 2018 /home/travis/build/icyphy/ptII/ptolemy/actor/lib/test/auto/DiscreteClock16.xml
----------------- Instantiating /home/travis/build/icyphy/ptII/ptolemy/actor/lib/test/auto/DiscreteClock16.xml
16 ms. Memory: 878080K Free: 348546K (40%)
----------------- Invoking toplevel() on ptolemy.moml.MoMLSimpleApplication@69b5694f
----------------- Done invoking toplevel() on ptolemy.moml.MoMLSimpleApplication@69b5694f
reloadAllAccessors: .DiscreteClock16

===========================================================================================
----------------- testing Mon Nov 19 02:46:29 UTC 2018 /home/travis/build/icyphy/ptII/ptolemy/actor/lib/test/auto/DiscreteClock17.xml
----------------- Instantiating /home/travis/build/icyphy/ptII/ptolemy/actor/lib/test/auto/DiscreteClock17.xml
19 ms. Memory: 878080K Free: 332983K (38%)
----------------- Invoking toplevel() on ptolemy.moml.MoMLSimpleApplication@24e9ae37
----------------- Done invoking toplevel() on ptolemy.moml.MoMLSimpleApplication@24e9ae37
reloadAllAccessors: .DiscreteClock17

===========================================================================================
----------------- testing Mon Nov 19 02:46:29 UTC 2018 /home/travis/build/icyphy/ptII/ptolemy/actor/lib/test/auto/DiscreteClock18.xml
----------------- Instantiating /home/travis/build/icyphy/ptII/ptolemy/actor/lib/test/auto/DiscreteClock18.xml
20 ms. Memory: 878080K Free: 317413K (36%)
----------------- Invoking toplevel() on ptolemy.moml.MoMLSimpleApplication@2cc9850e
----------------- Done invoking toplevel() on ptolemy.moml.MoMLSimpleApplication@2cc9850e
reloadAllAccessors: .DiscreteClock18

===========================================================================================
----------------- testing Mon Nov 19 02:46:29 UTC 2018 /home/travis/build/icyphy/ptII/ptolemy/actor/lib/test/auto/DiscreteClock19.xml
----------------- Instantiating /home/travis/build/icyphy/ptII/ptolemy/actor/lib/test/auto/DiscreteClock19.xml
8 ms. Memory: 878080K Free: 294650K (34%)
----------------- Invoking toplevel() on ptolemy.moml.MoMLSimpleApplication@5e334039
----------------- Done invoking toplevel() on ptolemy.moml.MoMLSimpleApplication@5e334039
reloadAllAccessors: .DiscreteClock19

===========================================================================================
----------------- testing Mon Nov 19 02:46:29 UTC 2018 /home/travis/build/icyphy/ptII/ptolemy/actor/lib/test/auto/DiscreteClock2.xml
----------------- Instantiating /home/travis/build/icyphy/ptII/ptolemy/actor/lib/test/auto/DiscreteClock2.xml
6 ms. Memory: 878080K Free: 284281K (32%)
----------------- Invoking toplevel() on ptolemy.moml.MoMLSimpleApplication@4afeb8b6
----------------- Done invoking toplevel() on ptolemy.moml.MoMLSimpleApplication@4afeb8b6
reloadAllAccessors: .DiscreteClock2

===========================================================================================
----------------- testing Mon Nov 19 02:46:29 UTC 2018 /home/travis/build/icyphy/ptII/ptolemy/actor/lib/test/auto/DiscreteClock20.xml
----------------- Instantiating /home/travis/build/icyphy/ptII/ptolemy/actor/lib/test/auto/DiscreteClock20.xml
6 ms. Memory: 878080K Free: 273911K (31%)
----------------- Invoking toplevel() on ptolemy.moml.MoMLSimpleApplication@654501e6
----------------- Done invoking toplevel() on ptolemy.moml.MoMLSimpleApplication@654501e6
reloadAllAccessors: .DiscreteClock20

===========================================================================================
----------------- testing Mon Nov 19 02:46:29 UTC 2018 /home/travis/build/icyphy/ptII/ptolemy/actor/lib/test/auto/DiscreteClock21.xml
----------------- Instantiating /home/travis/build/icyphy/ptII/ptolemy/actor/lib/test/auto/DiscreteClock21.xml
7 ms. Memory: 1366528K Free: 1290422K (94%)
----------------- Invoking toplevel() on ptolemy.moml.MoMLSimpleApplication@6a8f9b7c
----------------- Done invoking toplevel() on ptolemy.moml.MoMLSimpleApplication@6a8f9b7c
reloadAllAccessors: .DiscreteClock21

===========================================================================================
----------------- testing Mon Nov 19 02:46:30 UTC 2018 /home/travis/build/icyphy/ptII/ptolemy/actor/lib/test/auto/DiscreteClock22.xml
----------------- Instantiating /home/travis/build/icyphy/ptII/ptolemy/actor/lib/test/auto/DiscreteClock22.xml
6 ms. Memory: 1366528K Free: 1264979K (93%)
----------------- Invoking toplevel() on ptolemy.moml.MoMLSimpleApplication@6f4f9452
----------------- Done invoking toplevel() on ptolemy.moml.MoMLSimpleApplication@6f4f9452
reloadAllAccessors: .DiscreteClock22

===========================================================================================
----------------- testing Mon Nov 19 02:46:30 UTC 2018 /home/travis/build/icyphy/ptII/ptolemy/actor/lib/test/auto/DiscreteClock23.xml
----------------- Instantiating /home/travis/build/icyphy/ptII/ptolemy/actor/lib/test/auto/DiscreteClock23.xml
5 ms. Memory: 1366528K Free: 1248216K (91%)
----------------- Invoking toplevel() on ptolemy.moml.MoMLSimpleApplication@6812d7b3
----------------- Done invoking toplevel() on ptolemy.moml.MoMLSimpleApplication@6812d7b3
reloadAllAccessors: .DiscreteClock23

===========================================================================================
----------------- testing Mon Nov 19 02:46:30 UTC 2018 /home/travis/build/icyphy/ptII/ptolemy/actor/lib/test/auto/DiscreteClock24.xml
----------------- Instantiating /home/travis/build/icyphy/ptII/ptolemy/actor/lib/test/auto/DiscreteClock24.xml
7 ms. Memory: 1366528K Free: 1231620K (90%)
----------------- Invoking toplevel() on ptolemy.moml.MoMLSimpleApplication@34744944
----------------- Done invoking toplevel() on ptolemy.moml.MoMLSimpleApplication@34744944
reloadAllAccessors: .DiscreteClock24

===========================================================================================
----------------- testing Mon Nov 19 02:46:30 UTC 2018 /home/travis/build/icyphy/ptII/ptolemy/actor/lib/test/auto/DiscreteClock4.xml
----------------- Instantiating /home/travis/build/icyphy/ptII/ptolemy/actor/lib/test/auto/DiscreteClock4.xml
3 ms. Memory: 1366528K Free: 1206178K (88%)
----------------- Invoking toplevel() on ptolemy.moml.MoMLSimpleApplication@2f64973e
----------------- Done invoking toplevel() on ptolemy.moml.MoMLSimpleApplication@2f64973e
reloadAllAccessors: .DiscreteClock4

===========================================================================================
----------------- testing Mon Nov 19 02:46:30 UTC 2018 /home/travis/build/icyphy/ptII/ptolemy/actor/lib/test/auto/DiscreteClock5.xml
----------------- Instantiating /home/travis/build/icyphy/ptII/ptolemy/actor/lib/test/auto/DiscreteClock5.xml
1 ms. Memory: 1366528K Free: 1189582K (87%)
----------------- Invoking toplevel() on ptolemy.moml.MoMLSimpleApplication@7d2e111c
----------------- Done invoking toplevel() on ptolemy.moml.MoMLSimpleApplication@7d2e111c
reloadAllAccessors: .DiscreteClock5

===========================================================================================
----------------- testing Mon Nov 19 02:46:30 UTC 2018 /home/travis/build/icyphy/ptII/ptolemy/actor/lib/test/auto/DiscreteClock6.xml
----------------- Instantiating /home/travis/build/icyphy/ptII/ptolemy/actor/lib/test/auto/DiscreteClock6.xml
1 ms. Memory: 1366528K Free: 1172986K (86%)
----------------- Invoking toplevel() on ptolemy.moml.MoMLSimpleApplication@255a262f
----------------- Done invoking toplevel() on ptolemy.moml.MoMLSimpleApplication@255a262f
reloadAllAccessors: .DiscreteClock6

===========================================================================================
----------------- testing Mon Nov 19 02:46:30 UTC 2018 /home/travis/build/icyphy/ptII/ptolemy/actor/lib/test/auto/DiscreteClock7.xml
----------------- Instantiating /home/travis/build/icyphy/ptII/ptolemy/actor/lib/test/auto/DiscreteClock7.xml
1 ms. Memory: 1366528K Free: 1156391K (85%)
----------------- Invoking toplevel() on ptolemy.moml.MoMLSimpleApplication@a93bbae
----------------- Done invoking toplevel() on ptolemy.moml.MoMLSimpleApplication@a93bbae
reloadAllAccessors: .DiscreteClock7

===========================================================================================
----------------- testing Mon Nov 19 02:46:30 UTC 2018 /home/travis/build/icyphy/ptII/ptolemy/actor/lib/test/auto/DiscreteClock8.xml
----------------- Instantiating /home/travis/build/icyphy/ptII/ptolemy/actor/lib/test/auto/DiscreteClock8.xml
6 ms. Memory: 1366528K Free: 1130948K (83%)
----------------- Invoking toplevel() on ptolemy.moml.MoMLSimpleApplication@2511175
----------------- Done invoking toplevel() on ptolemy.moml.MoMLSimpleApplication@2511175
reloadAllAccessors: .DiscreteClock8

===========================================================================================
----------------- testing Mon Nov 19 02:46:30 UTC 2018 /home/travis/build/icyphy/ptII/ptolemy/actor/lib/test/auto/DiscreteClock9.xml
----------------- Instantiating /home/travis/build/icyphy/ptII/ptolemy/actor/lib/test/auto/DiscreteClock9.xml
6 ms. Memory: 1366528K Free: 1114353K (82%)
----------------- Invoking toplevel() on ptolemy.moml.MoMLSimpleApplication@78947c4d
----------------- Done invoking toplevel() on ptolemy.moml.MoMLSimpleApplication@78947c4d
reloadAllAccessors: .DiscreteClock9

===========================================================================================
----------------- testing Mon Nov 19 02:46:30 UTC 2018 /home/travis/build/icyphy/ptII/ptolemy/actor/lib/test/auto/DisplayArray.xml
----------------- Instantiating /home/travis/build/icyphy/ptII/ptolemy/actor/lib/test/auto/DisplayArray.xml
1 ms. Memory: 1366528K Free: 1097757K (80%)
----------------- Invoking toplevel() on ptolemy.moml.MoMLSimpleApplication@4c0cb91d
----------------- Done invoking toplevel() on ptolemy.moml.MoMLSimpleApplication@4c0cb91d
reloadAllAccessors: .DisplayArray

===========================================================================================
----------------- testing Mon Nov 19 02:46:30 UTC 2018 /home/travis/build/icyphy/ptII/ptolemy/actor/lib/test/auto/Distributor.xml
----------------- Instantiating /home/travis/build/icyphy/ptII/ptolemy/actor/lib/test/auto/Distributor.xml
1 ms. Memory: 1366528K Free: 1081161K (79%)
----------------- Invoking toplevel() on ptolemy.moml.MoMLSimpleApplication@c64db2e
----------------- Done invoking toplevel() on ptolemy.moml.MoMLSimpleApplication@c64db2e
reloadAllAccessors: .Distributor

===========================================================================================
----------------- testing Mon Nov 19 02:46:30 UTC 2018 /home/travis/build/icyphy/ptII/ptolemy/actor/lib/test/auto/Distributor2.xml
----------------- Instantiating /home/travis/build/icyphy/ptII/ptolemy/actor/lib/test/auto/Distributor2.xml
1 ms. Memory: 1366528K Free: 1055719K (77%)
----------------- Invoking toplevel() on ptolemy.moml.MoMLSimpleApplication@1be32b56
----------------- Done invoking toplevel() on ptolemy.moml.MoMLSimpleApplication@1be32b56
reloadAllAccessors: .Distributor2

===========================================================================================
----------------- testing Mon Nov 19 02:46:30 UTC 2018 /home/travis/build/icyphy/ptII/ptolemy/actor/lib/test/auto/DownSample.xml
----------------- Instantiating /home/travis/build/icyphy/ptII/ptolemy/actor/lib/test/auto/DownSample.xml
2 ms. Memory: 1366528K Free: 1039123K (76%)
----------------- Invoking toplevel() on ptolemy.moml.MoMLSimpleApplication@4182826e
----------------- Done invoking toplevel() on ptolemy.moml.MoMLSimpleApplication@4182826e
reloadAllAccessors: .DownSample

===========================================================================================
----------------- testing Mon Nov 19 02:46:30 UTC 2018 /home/travis/build/icyphy/ptII/ptolemy/actor/lib/test/auto/ElectronicUnitBase1.xml
----------------- Instantiating /home/travis/build/icyphy/ptII/ptolemy/actor/lib/test/auto/ElectronicUnitBase1.xml
17 ms. Memory: 1366528K Free: 1014222K (74%)
----------------- Invoking toplevel() on ptolemy.moml.MoMLSimpleApplication@258d04c0
----------------- Done invoking toplevel() on ptolemy.moml.MoMLSimpleApplication@258d04c0
reloadAllAccessors: .ElectronicUnitBase1

===========================================================================================
----------------- testing Mon Nov 19 02:46:30 UTC 2018 /home/travis/build/icyphy/ptII/ptolemy/actor/lib/test/auto/ElementsToArray.xml
----------------- Instantiating /home/travis/build/icyphy/ptII/ptolemy/actor/lib/test/auto/ElementsToArray.xml
2 ms. Memory: 1366528K Free: 997626K (73%)
----------------- Invoking toplevel() on ptolemy.moml.MoMLSimpleApplication@63808500
----------------- Done invoking toplevel() on ptolemy.moml.MoMLSimpleApplication@63808500
reloadAllAccessors: .ElementsToArray

===========================================================================================
----------------- testing Mon Nov 19 02:46:30 UTC 2018 /home/travis/build/icyphy/ptII/ptolemy/actor/lib/test/auto/Equals.xml
----------------- Instantiating /home/travis/build/icyphy/ptII/ptolemy/actor/lib/test/auto/Equals.xml
6 ms. Memory: 1366528K Free: 972184K (71%)
----------------- Invoking toplevel() on ptolemy.moml.MoMLSimpleApplication@139f2daf
----------------- Done invoking toplevel() on ptolemy.moml.MoMLSimpleApplication@139f2daf
reloadAllAccessors: .Equals

===========================================================================================
----------------- testing Mon Nov 19 02:46:30 UTC 2018 /home/travis/build/icyphy/ptII/ptolemy/actor/lib/test/auto/Exec.xml
----------------- Instantiating /home/travis/build/icyphy/ptII/ptolemy/actor/lib/test/auto/Exec.xml
16 ms. Memory: 1366528K Free: 934843K (68%)
----------------- Invoking toplevel() on ptolemy.moml.MoMLSimpleApplication@303ec515
----------------- Done invoking toplevel() on ptolemy.moml.MoMLSimpleApplication@303ec515
reloadAllAccessors: .Exec

===========================================================================================
----------------- testing Mon Nov 19 02:46:31 UTC 2018 /home/travis/build/icyphy/ptII/ptolemy/actor/lib/test/auto/ExecEnvironment.xml
----------------- Instantiating /home/travis/build/icyphy/ptII/ptolemy/actor/lib/test/auto/ExecEnvironment.xml
26 ms. Memory: 1366528K Free: 909950K (67%)
----------------- Invoking toplevel() on ptolemy.moml.MoMLSimpleApplication@3e92bfdc
----------------- Done invoking toplevel() on ptolemy.moml.MoMLSimpleApplication@3e92bfdc
reloadAllAccessors: .ExecEnvironment

===========================================================================================
----------------- testing Mon Nov 19 02:46:31 UTC 2018 /home/travis/build/icyphy/ptII/ptolemy/actor/lib/test/auto/ExecNonZeroReturnOutput.xml
----------------- Instantiating /home/travis/build/icyphy/ptII/ptolemy/actor/lib/test/auto/ExecNonZeroReturnOutput.xml
121 ms. Memory: 1366528K Free: 776635K (57%)
----------------- Invoking toplevel() on ptolemy.moml.MoMLSimpleApplication@2992730b
----------------- Done invoking toplevel() on ptolemy.moml.MoMLSimpleApplication@2992730b
reloadAllAccessors: .ExecNonZeroReturnOutput

===========================================================================================
----------------- testing Mon Nov 19 02:46:31 UTC 2018 /home/travis/build/icyphy/ptII/ptolemy/actor/lib/test/auto/ExecRunDemos.xml
----------------- Instantiating /home/travis/build/icyphy/ptII/ptolemy/actor/lib/test/auto/ExecRunDemos.xml
Finished: 60 ms. Memory: 116224K Free: 100103K (86%)

Finished: 44 ms. Memory: 116224K Free: 96348K (83%)

Finished: 55 ms. Memory: 116224K Free: 96933K (83%)

Finished: 55 ms. Memory: 116224K Free: 98236K (85%)

Finished: 49 ms. Memory: 116224K Free: 99505K (86%)

9643 ms. Memory: 1366528K Free: 668762K (49%)
----------------- Invoking toplevel() on ptolemy.moml.MoMLSimpleApplication@70386e9b
----------------- Done invoking toplevel() on ptolemy.moml.MoMLSimpleApplication@70386e9b
reloadAllAccessors: .ExecRunDemos

===========================================================================================
----------------- testing Mon Nov 19 02:46:40 UTC 2018 /home/travis/build/icyphy/ptII/ptolemy/actor/lib/test/auto/ExecStop.xml
----------------- Instantiating /home/travis/build/icyphy/ptII/ptolemy/actor/lib/test/auto/ExecStop.xml
5019 ms. Memory: 1366528K Free: 453017K (33%)
----------------- Invoking toplevel() on ptolemy.moml.MoMLSimpleApplication@24fcb183
----------------- Done invoking toplevel() on ptolemy.moml.MoMLSimpleApplication@24fcb183
reloadAllAccessors: .ExecStop

===========================================================================================
----------------- testing Mon Nov 19 02:46:45 UTC 2018 /home/travis/build/icyphy/ptII/ptolemy/actor/lib/test/auto/ExecutionTimeSDF.xml
----------------- Instantiating /home/travis/build/icyphy/ptII/ptolemy/actor/lib/test/auto/ExecutionTimeSDF.xml
Fired ExecutionTime: -516567296
Fired ExecutionTime: 982400000
Fired ExecutionTime: -1672967296
6004 ms. Memory: 1366528K Free: 428108K (31%)
----------------- Invoking toplevel() on ptolemy.moml.MoMLSimpleApplication@25c2f8d3
----------------- Done invoking toplevel() on ptolemy.moml.MoMLSimpleApplication@25c2f8d3
reloadAllAccessors: .ExecutionTimeSDF

===========================================================================================
----------------- testing Mon Nov 19 02:46:51 UTC 2018 /home/travis/build/icyphy/ptII/ptolemy/actor/lib/test/auto/Expression1.xml
----------------- Instantiating /home/travis/build/icyphy/ptII/ptolemy/actor/lib/test/auto/Expression1.xml
1 ms. Memory: 1366528K Free: 402665K (29%)
----------------- Invoking toplevel() on ptolemy.moml.MoMLSimpleApplication@37ceabad
----------------- Done invoking toplevel() on ptolemy.moml.MoMLSimpleApplication@37ceabad
reloadAllAccessors: .Expression1

===========================================================================================
----------------- testing Mon Nov 19 02:46:51 UTC 2018 /home/travis/build/icyphy/ptII/ptolemy/actor/lib/test/auto/Expression10.xml
----------------- Instantiating /home/travis/build/icyphy/ptII/ptolemy/actor/lib/test/auto/Expression10.xml
9 ms. Memory: 1366528K Free: 386070K (28%)
----------------- Invoking toplevel() on ptolemy.moml.MoMLSimpleApplication@2dd5f1bb
----------------- Done invoking toplevel() on ptolemy.moml.MoMLSimpleApplication@2dd5f1bb
reloadAllAccessors: .Expression10

===========================================================================================
----------------- testing Mon Nov 19 02:46:52 UTC 2018 /home/travis/build/icyphy/ptII/ptolemy/actor/lib/test/auto/Expression11.xml
----------------- Instantiating /home/travis/build/icyphy/ptII/ptolemy/actor/lib/test/auto/Expression11.xml
2 ms. Memory: 1366528K Free: 369474K (27%)
----------------- Invoking toplevel() on ptolemy.moml.MoMLSimpleApplication@63092a63
----------------- Done invoking toplevel() on ptolemy.moml.MoMLSimpleApplication@63092a63
reloadAllAccessors: .Expression11

===========================================================================================
----------------- testing Mon Nov 19 02:46:52 UTC 2018 /home/travis/build/icyphy/ptII/ptolemy/actor/lib/test/auto/Expression12.xml
----------------- Instantiating /home/travis/build/icyphy/ptII/ptolemy/actor/lib/test/auto/Expression12.xml
4 ms. Memory: 1366528K Free: 352878K (26%)
----------------- Invoking toplevel() on ptolemy.moml.MoMLSimpleApplication@7fbc2139
----------------- Done invoking toplevel() on ptolemy.moml.MoMLSimpleApplication@7fbc2139
reloadAllAccessors: .Expression12

===========================================================================================
----------------- testing Mon Nov 19 02:46:52 UTC 2018 /home/travis/build/icyphy/ptII/ptolemy/actor/lib/test/auto/Expression13.xml
----------------- Instantiating /home/travis/build/icyphy/ptII/ptolemy/actor/lib/test/auto/Expression13.xml
3 ms. Memory: 1366528K Free: 327436K (24%)
----------------- Invoking toplevel() on ptolemy.moml.MoMLSimpleApplication@16b4a168
----------------- Done invoking toplevel() on ptolemy.moml.MoMLSimpleApplication@16b4a168
reloadAllAccessors: .Expression13

===========================================================================================
----------------- testing Mon Nov 19 02:46:52 UTC 2018 /home/travis/build/icyphy/ptII/ptolemy/actor/lib/test/auto/Expression14.xml
----------------- Instantiating /home/travis/build/icyphy/ptII/ptolemy/actor/lib/test/auto/Expression14.xml
6 ms. Memory: 1366528K Free: 310841K (23%)
----------------- Invoking toplevel() on ptolemy.moml.MoMLSimpleApplication@21239c74
----------------- Done invoking toplevel() on ptolemy.moml.MoMLSimpleApplication@21239c74
reloadAllAccessors: .Expression14

===========================================================================================
----------------- testing Mon Nov 19 02:46:52 UTC 2018 /home/travis/build/icyphy/ptII/ptolemy/actor/lib/test/auto/Expression15.xml
----------------- Instantiating /home/travis/build/icyphy/ptII/ptolemy/actor/lib/test/auto/Expression15.xml
1 ms. Memory: 1366528K Free: 294245K (22%)
----------------- Invoking toplevel() on ptolemy.moml.MoMLSimpleApplication@1d0de54a
----------------- Done invoking toplevel() on ptolemy.moml.MoMLSimpleApplication@1d0de54a
reloadAllAccessors: .Expression15

===========================================================================================
----------------- testing Mon Nov 19 02:46:52 UTC 2018 /home/travis/build/icyphy/ptII/ptolemy/actor/lib/test/auto/Expression16.xml
----------------- Instantiating /home/travis/build/icyphy/ptII/ptolemy/actor/lib/test/auto/Expression16.xml
3 ms. Memory: 1366528K Free: 277649K (20%)
----------------- Invoking toplevel() on ptolemy.moml.MoMLSimpleApplication@2de6f063
----------------- Done invoking toplevel() on ptolemy.moml.MoMLSimpleApplication@2de6f063
reloadAllAccessors: .Expression16

===========================================================================================
----------------- testing Mon Nov 19 02:46:52 UTC 2018 /home/travis/build/icyphy/ptII/ptolemy/actor/lib/test/auto/Expression17.xml
----------------- Instantiating /home/travis/build/icyphy/ptII/ptolemy/actor/lib/test/auto/Expression17.xml
3 ms. Memory: 1366528K Free: 252207K (18%)
----------------- Invoking toplevel() on ptolemy.moml.MoMLSimpleApplication@17f479f5
----------------- Done invoking toplevel() on ptolemy.moml.MoMLSimpleApplication@17f479f5
reloadAllAccessors: .Expression17

===========================================================================================
----------------- testing Mon Nov 19 02:46:52 UTC 2018 /home/travis/build/icyphy/ptII/ptolemy/actor/lib/test/auto/Expression18.xml
----------------- Instantiating /home/travis/build/icyphy/ptII/ptolemy/actor/lib/test/auto/Expression18.xml
4 ms. Memory: 1366528K Free: 235611K (17%)
----------------- Invoking toplevel() on ptolemy.moml.MoMLSimpleApplication@36871b6f
----------------- Done invoking toplevel() on ptolemy.moml.MoMLSimpleApplication@36871b6f
reloadAllAccessors: .Expression18

===========================================================================================
----------------- testing Mon Nov 19 02:46:52 UTC 2018 /home/travis/build/icyphy/ptII/ptolemy/actor/lib/test/auto/Expression2.xml
----------------- Instantiating /home/travis/build/icyphy/ptII/ptolemy/actor/lib/test/auto/Expression2.xml
3 ms. Memory: 1366528K Free: 219015K (16%)
----------------- Invoking toplevel() on ptolemy.moml.MoMLSimpleApplication@12c4ad79
----------------- Done invoking toplevel() on ptolemy.moml.MoMLSimpleApplication@12c4ad79
reloadAllAccessors: .Expression2

===========================================================================================
----------------- testing Mon Nov 19 02:46:52 UTC 2018 /home/travis/build/icyphy/ptII/ptolemy/actor/lib/test/auto/Expression3.xml
----------------- Instantiating /home/travis/build/icyphy/ptII/ptolemy/actor/lib/test/auto/Expression3.xml
4 ms. Memory: 1366528K Free: 193573K (14%)
----------------- Invoking toplevel() on ptolemy.moml.MoMLSimpleApplication@35481f1
----------------- Done invoking toplevel() on ptolemy.moml.MoMLSimpleApplication@35481f1
reloadAllAccessors: .Expression3

===========================================================================================
----------------- testing Mon Nov 19 02:46:52 UTC 2018 /home/travis/build/icyphy/ptII/ptolemy/actor/lib/test/auto/Expression4.xml
----------------- Instantiating /home/travis/build/icyphy/ptII/ptolemy/actor/lib/test/auto/Expression4.xml
7 ms. Memory: 1366528K Free: 176978K (13%)
----------------- Invoking toplevel() on ptolemy.moml.MoMLSimpleApplication@16d1c7b6
----------------- Done invoking toplevel() on ptolemy.moml.MoMLSimpleApplication@16d1c7b6
reloadAllAccessors: .Expression4

===========================================================================================
----------------- testing Mon Nov 19 02:46:52 UTC 2018 /home/travis/build/icyphy/ptII/ptolemy/actor/lib/test/auto/Expression5.xml
----------------- Instantiating /home/travis/build/icyphy/ptII/ptolemy/actor/lib/test/auto/Expression5.xml
6 ms. Memory: 1366528K Free: 160382K (12%)
----------------- Invoking toplevel() on ptolemy.moml.MoMLSimpleApplication@452ba03a
----------------- Done invoking toplevel() on ptolemy.moml.MoMLSimpleApplication@452ba03a
reloadAllAccessors: .Expression5

===========================================================================================
----------------- testing Mon Nov 19 02:46:52 UTC 2018 /home/travis/build/icyphy/ptII/ptolemy/actor/lib/test/auto/Expression6.xml
----------------- Instantiating /home/travis/build/icyphy/ptII/ptolemy/actor/lib/test/auto/Expression6.xml
3 ms. Memory: 1366528K Free: 143786K (11%)
----------------- Invoking toplevel() on ptolemy.moml.MoMLSimpleApplication@3fd6c0bd
----------------- Done invoking toplevel() on ptolemy.moml.MoMLSimpleApplication@3fd6c0bd
reloadAllAccessors: .Expression6

===========================================================================================
----------------- testing Mon Nov 19 02:46:52 UTC 2018 /home/travis/build/icyphy/ptII/ptolemy/actor/lib/test/auto/Expression7.xml
----------------- Instantiating /home/travis/build/icyphy/ptII/ptolemy/actor/lib/test/auto/Expression7.xml
2 ms. Memory: 1366528K Free: 118344K (9%)
----------------- Invoking toplevel() on ptolemy.moml.MoMLSimpleApplication@60347088
----------------- Done invoking toplevel() on ptolemy.moml.MoMLSimpleApplication@60347088
reloadAllAccessors: .Expression7

===========================================================================================
----------------- testing Mon Nov 19 02:46:52 UTC 2018 /home/travis/build/icyphy/ptII/ptolemy/actor/lib/test/auto/Expression8.xml
----------------- Instantiating /home/travis/build/icyphy/ptII/ptolemy/actor/lib/test/auto/Expression8.xml
6 ms. Memory: 1366528K Free: 101748K (7%)
----------------- Invoking toplevel() on ptolemy.moml.MoMLSimpleApplication@5f4f1b58
----------------- Done invoking toplevel() on ptolemy.moml.MoMLSimpleApplication@5f4f1b58
reloadAllAccessors: .Expression8

===========================================================================================
----------------- testing Mon Nov 19 02:46:52 UTC 2018 /home/travis/build/icyphy/ptII/ptolemy/actor/lib/test/auto/Expression9.xml
----------------- Instantiating /home/travis/build/icyphy/ptII/ptolemy/actor/lib/test/auto/Expression9.xml
2 ms. Memory: 1366528K Free: 85152K (6%)
----------------- Invoking toplevel() on ptolemy.moml.MoMLSimpleApplication@5982236a
----------------- Done invoking toplevel() on ptolemy.moml.MoMLSimpleApplication@5982236a
reloadAllAccessors: .Expression9

===========================================================================================
----------------- testing Mon Nov 19 02:46:52 UTC 2018 /home/travis/build/icyphy/ptII/ptolemy/actor/lib/test/auto/ExpressionConcatenateArrayType.xml
----------------- Instantiating /home/travis/build/icyphy/ptII/ptolemy/actor/lib/test/auto/ExpressionConcatenateArrayType.xml
2 ms. Memory: 1366528K Free: 1316416K (96%)
----------------- Invoking toplevel() on ptolemy.moml.MoMLSimpleApplication@a7ff387
----------------- Done invoking toplevel() on ptolemy.moml.MoMLSimpleApplication@a7ff387
reloadAllAccessors: .ExpressionConcatenateArrayType

===========================================================================================
----------------- testing Mon Nov 19 02:46:52 UTC 2018 /home/travis/build/icyphy/ptII/ptolemy/actor/lib/test/auto/ExpressionConcatenateArrayType2.xml
----------------- Instantiating /home/travis/build/icyphy/ptII/ptolemy/actor/lib/test/auto/ExpressionConcatenateArrayType2.xml
3 ms. Memory: 1366528K Free: 1297600K (95%)
----------------- Invoking toplevel() on ptolemy.moml.MoMLSimpleApplication@7c71b785
----------------- Done invoking toplevel() on ptolemy.moml.MoMLSimpleApplication@7c71b785
reloadAllAccessors: .ExpressionConcatenateArrayType2

===========================================================================================
----------------- testing Mon Nov 19 02:46:52 UTC 2018 /home/travis/build/icyphy/ptII/ptolemy/actor/lib/test/auto/ExpressionFix.xml
----------------- Instantiating /home/travis/build/icyphy/ptII/ptolemy/actor/lib/test/auto/ExpressionFix.xml
12 ms. Memory: 1366528K Free: 1285044K (94%)
----------------- Invoking toplevel() on ptolemy.moml.MoMLSimpleApplication@28c79fb8
----------------- Done invoking toplevel() on ptolemy.moml.MoMLSimpleApplication@28c79fb8
reloadAllAccessors: .ExpressionFix

===========================================================================================
----------------- testing Mon Nov 19 02:46:52 UTC 2018 /home/travis/build/icyphy/ptII/ptolemy/actor/lib/test/auto/ExpressionFix2.xml
----------------- Instantiating /home/travis/build/icyphy/ptII/ptolemy/actor/lib/test/auto/ExpressionFix2.xml
3 ms. Memory: 1366528K Free: 1266228K (93%)
----------------- Invoking toplevel() on ptolemy.moml.MoMLSimpleApplication@6565857e
----------------- Done invoking toplevel() on ptolemy.moml.MoMLSimpleApplication@6565857e
reloadAllAccessors: .ExpressionFix2

===========================================================================================
----------------- testing Mon Nov 19 02:46:52 UTC 2018 /home/travis/build/icyphy/ptII/ptolemy/actor/lib/test/auto/ExpressionFix3.xml
----------------- Instantiating /home/travis/build/icyphy/ptII/ptolemy/actor/lib/test/auto/ExpressionFix3.xml
2 ms. Memory: 1366528K Free: 1253781K (92%)
----------------- Invoking toplevel() on ptolemy.moml.MoMLSimpleApplication@4349003b
----------------- Done invoking toplevel() on ptolemy.moml.MoMLSimpleApplication@4349003b
reloadAllAccessors: .ExpressionFix3

===========================================================================================
----------------- testing Mon Nov 19 02:46:52 UTC 2018 /home/travis/build/icyphy/ptII/ptolemy/actor/lib/test/auto/FileWriter1.xml
----------------- Instantiating /home/travis/build/icyphy/ptII/ptolemy/actor/lib/test/auto/FileWriter1.xml
2 ms. Memory: 1366528K Free: 1241334K (91%)
----------------- Invoking toplevel() on ptolemy.moml.MoMLSimpleApplication@182efd20
----------------- Done invoking toplevel() on ptolemy.moml.MoMLSimpleApplication@182efd20
reloadAllAccessors: .FileWriter1

===========================================================================================
----------------- testing Mon Nov 19 02:46:52 UTC 2018 /home/travis/build/icyphy/ptII/ptolemy/actor/lib/test/auto/FileWriter2.xml
----------------- Instantiating /home/travis/build/icyphy/ptII/ptolemy/actor/lib/test/auto/FileWriter2.xml
5 ms. Memory: 1366528K Free: 1222518K (89%)
----------------- Invoking toplevel() on ptolemy.moml.MoMLSimpleApplication@4a72d8d7
----------------- Done invoking toplevel() on ptolemy.moml.MoMLSimpleApplication@4a72d8d7
reloadAllAccessors: .FileWriter2

===========================================================================================
----------------- testing Mon Nov 19 02:46:52 UTC 2018 /home/travis/build/icyphy/ptII/ptolemy/actor/lib/test/auto/FileWriter3.xml
----------------- Instantiating /home/travis/build/icyphy/ptII/ptolemy/actor/lib/test/auto/FileWriter3.xml
4 ms. Memory: 1366528K Free: 1210071K (89%)
----------------- Invoking toplevel() on ptolemy.moml.MoMLSimpleApplication@adde75d
----------------- Done invoking toplevel() on ptolemy.moml.MoMLSimpleApplication@adde75d
reloadAllAccessors: .FileWriter3

===========================================================================================
----------------- testing Mon Nov 19 02:46:52 UTC 2018 /home/travis/build/icyphy/ptII/ptolemy/actor/lib/test/auto/Gaussian.xml
----------------- Instantiating /home/travis/build/icyphy/ptII/ptolemy/actor/lib/test/auto/Gaussian.xml
2 ms. Memory: 1366528K Free: 1191255K (87%)
----------------- Invoking toplevel() on ptolemy.moml.MoMLSimpleApplication@739c2a5e
----------------- Done invoking toplevel() on ptolemy.moml.MoMLSimpleApplication@739c2a5e
reloadAllAccessors: .Gaussian

===========================================================================================
----------------- testing Mon Nov 19 02:46:52 UTC 2018 /home/travis/build/icyphy/ptII/ptolemy/actor/lib/test/auto/Gaussian1.xml
----------------- Instantiating /home/travis/build/icyphy/ptII/ptolemy/actor/lib/test/auto/Gaussian1.xml
6 ms. Memory: 1366528K Free: 1178808K (86%)
----------------- Invoking toplevel() on ptolemy.moml.MoMLSimpleApplication@c8ae4ca
----------------- Done invoking toplevel() on ptolemy.moml.MoMLSimpleApplication@c8ae4ca
reloadAllAccessors: .Gaussian1

===========================================================================================
----------------- testing Mon Nov 19 02:46:52 UTC 2018 /home/travis/build/icyphy/ptII/ptolemy/actor/lib/test/auto/Gaussian2.xml
----------------- Instantiating /home/travis/build/icyphy/ptII/ptolemy/actor/lib/test/auto/Gaussian2.xml
1 ms. Memory: 1366528K Free: 1166361K (85%)
----------------- Invoking toplevel() on ptolemy.moml.MoMLSimpleApplication@5547bb2c
----------------- Done invoking toplevel() on ptolemy.moml.MoMLSimpleApplication@5547bb2c
reloadAllAccessors: .Gaussian2

===========================================================================================
----------------- testing Mon Nov 19 02:46:52 UTC 2018 /home/travis/build/icyphy/ptII/ptolemy/actor/lib/test/auto/GradientAdaptiveLattice.xml
----------------- Instantiating /home/travis/build/icyphy/ptII/ptolemy/actor/lib/test/auto/GradientAdaptiveLattice.xml
4 ms. Memory: 1366528K Free: 1147545K (84%)
----------------- Invoking toplevel() on ptolemy.moml.MoMLSimpleApplication@30542d96
----------------- Done invoking toplevel() on ptolemy.moml.MoMLSimpleApplication@30542d96
reloadAllAccessors: .GradientAdaptiveLattice

===========================================================================================
----------------- testing Mon Nov 19 02:46:52 UTC 2018 /home/travis/build/icyphy/ptII/ptolemy/actor/lib/test/auto/IIR.xml
----------------- Instantiating /home/travis/build/icyphy/ptII/ptolemy/actor/lib/test/auto/IIR.xml
1 ms. Memory: 1366528K Free: 1135098K (83%)
----------------- Invoking toplevel() on ptolemy.moml.MoMLSimpleApplication@69a2f2a2
----------------- Done invoking toplevel() on ptolemy.moml.MoMLSimpleApplication@69a2f2a2
reloadAllAccessors: .IIR

===========================================================================================
----------------- testing Mon Nov 19 02:46:52 UTC 2018 /home/travis/build/icyphy/ptII/ptolemy/actor/lib/test/auto/InputOutputTransparentPorts.xml
----------------- Instantiating /home/travis/build/icyphy/ptII/ptolemy/actor/lib/test/auto/InputOutputTransparentPorts.xml
1 ms. Memory: 1366528K Free: 1122652K (82%)
----------------- Invoking toplevel() on ptolemy.moml.MoMLSimpleApplication@4a0ddf74
----------------- Done invoking toplevel() on ptolemy.moml.MoMLSimpleApplication@4a0ddf74
reloadAllAccessors: .InputOutputTransparentPorts

===========================================================================================
----------------- testing Mon Nov 19 02:46:52 UTC 2018 /home/travis/build/icyphy/ptII/ptolemy/actor/lib/test/auto/Interpolator.xml
----------------- Instantiating /home/travis/build/icyphy/ptII/ptolemy/actor/lib/test/auto/Interpolator.xml
5 ms. Memory: 1366528K Free: 1103835K (81%)
----------------- Invoking toplevel() on ptolemy.moml.MoMLSimpleApplication@6e180e8a
----------------- Done invoking toplevel() on ptolemy.moml.MoMLSimpleApplication@6e180e8a
reloadAllAccessors: .Interpolator

===========================================================================================
----------------- testing Mon Nov 19 02:46:52 UTC 2018 /home/travis/build/icyphy/ptII/ptolemy/actor/lib/test/auto/InterpolatorFiringLimitDE.xml
----------------- Instantiating /home/travis/build/icyphy/ptII/ptolemy/actor/lib/test/auto/InterpolatorFiringLimitDE.xml
1 ms. Memory: 1366528K Free: 1091388K (80%)
----------------- Invoking toplevel() on ptolemy.moml.MoMLSimpleApplication@38694e55
----------------- Done invoking toplevel() on ptolemy.moml.MoMLSimpleApplication@38694e55
reloadAllAccessors: .InterpolatorFiringLimitDE

===========================================================================================
----------------- testing Mon Nov 19 02:46:52 UTC 2018 /home/travis/build/icyphy/ptII/ptolemy/actor/lib/test/auto/Lattice.xml
----------------- Instantiating /home/travis/build/icyphy/ptII/ptolemy/actor/lib/test/auto/Lattice.xml
1 ms. Memory: 1366528K Free: 1072572K (78%)
----------------- Invoking toplevel() on ptolemy.moml.MoMLSimpleApplication@71254b9a
----------------- Done invoking toplevel() on ptolemy.moml.MoMLSimpleApplication@71254b9a
reloadAllAccessors: .Lattice

===========================================================================================
----------------- testing Mon Nov 19 02:46:52 UTC 2018 /home/travis/build/icyphy/ptII/ptolemy/actor/lib/test/auto/LazyAOCTestLazy.xml
----------------- Instantiating /home/travis/build/icyphy/ptII/ptolemy/actor/lib/test/auto/LazyAOCTestLazy.xml
7 ms. Memory: 1366528K Free: 1060125K (78%)
----------------- Invoking toplevel() on ptolemy.moml.MoMLSimpleApplication@94ba04f
----------------- Done invoking toplevel() on ptolemy.moml.MoMLSimpleApplication@94ba04f
reloadAllAccessors: .LazyAOCTestLazy

===========================================================================================
----------------- testing Mon Nov 19 02:46:52 UTC 2018 /home/travis/build/icyphy/ptII/ptolemy/actor/lib/test/auto/LazyAOCTestNonLazy.xml
----------------- Instantiating /home/travis/build/icyphy/ptII/ptolemy/actor/lib/test/auto/LazyAOCTestNonLazy.xml
9 ms. Memory: 1366528K Free: 1047678K (77%)
----------------- Invoking toplevel() on ptolemy.moml.MoMLSimpleApplication@76a325e6
----------------- Done invoking toplevel() on ptolemy.moml.MoMLSimpleApplication@76a325e6
reloadAllAccessors: .LazyAOCTestNonLazy

===========================================================================================
----------------- testing Mon Nov 19 02:46:52 UTC 2018 /home/travis/build/icyphy/ptII/ptolemy/actor/lib/test/auto/LazyInnerClass.xml
----------------- Instantiating /home/travis/build/icyphy/ptII/ptolemy/actor/lib/test/auto/LazyInnerClass.xml
22 ms. Memory: 1366528K Free: 1028862K (75%)
----------------- Invoking toplevel() on ptolemy.moml.MoMLSimpleApplication@68715091
----------------- Done invoking toplevel() on ptolemy.moml.MoMLSimpleApplication@68715091
reloadAllAccessors: .LazyInnerClass

===========================================================================================
----------------- testing Mon Nov 19 02:46:52 UTC 2018 /home/travis/build/icyphy/ptII/ptolemy/actor/lib/test/auto/LazyPubSub.xml
----------------- Instantiating /home/travis/build/icyphy/ptII/ptolemy/actor/lib/test/auto/LazyPubSub.xml
25 ms. Memory: 1366528K Free: 1016415K (74%)
----------------- Invoking toplevel() on ptolemy.moml.MoMLSimpleApplication@a228c21
----------------- Done invoking toplevel() on ptolemy.moml.MoMLSimpleApplication@a228c21
reloadAllAccessors: .LazyPubSub

===========================================================================================
----------------- testing Mon Nov 19 02:46:52 UTC 2018 /home/travis/build/icyphy/ptII/ptolemy/actor/lib/test/auto/LazyPubSub2.xml
----------------- Instantiating /home/travis/build/icyphy/ptII/ptolemy/actor/lib/test/auto/LazyPubSub2.xml
9 ms. Memory: 1366528K Free: 1003968K (73%)
----------------- Invoking toplevel() on ptolemy.moml.MoMLSimpleApplication@2cd7a689
----------------- Done invoking toplevel() on ptolemy.moml.MoMLSimpleApplication@2cd7a689
reloadAllAccessors: .LazyPubSub2

===========================================================================================
----------------- testing Mon Nov 19 02:46:52 UTC 2018 /home/travis/build/icyphy/ptII/ptolemy/actor/lib/test/auto/LazyPubSub3.xml
----------------- Instantiating /home/travis/build/icyphy/ptII/ptolemy/actor/lib/test/auto/LazyPubSub3.xml
14 ms. Memory: 1366528K Free: 985152K (72%)
----------------- Invoking toplevel() on ptolemy.moml.MoMLSimpleApplication@e7ce695
----------------- Done invoking toplevel() on ptolemy.moml.MoMLSimpleApplication@e7ce695
reloadAllAccessors: .LazyPubSub3

===========================================================================================
----------------- testing Mon Nov 19 02:46:52 UTC 2018 /home/travis/build/icyphy/ptII/ptolemy/actor/lib/test/auto/LazySubClassModel.xml
----------------- Instantiating /home/travis/build/icyphy/ptII/ptolemy/actor/lib/test/auto/LazySubClassModel.xml
1 ms. Memory: 1366528K Free: 966482K (71%)
----------------- Invoking toplevel() on ptolemy.moml.MoMLSimpleApplication@31ac770a
----------------- Done invoking toplevel() on ptolemy.moml.MoMLSimpleApplication@31ac770a
reloadAllAccessors: .LazySubClassModel

===========================================================================================
----------------- testing Mon Nov 19 02:46:52 UTC 2018 /home/travis/build/icyphy/ptII/ptolemy/actor/lib/test/auto/LevelCrossTest1.xml
----------------- Instantiating /home/travis/build/icyphy/ptII/ptolemy/actor/lib/test/auto/LevelCrossTest1.xml
1 ms. Memory: 1366528K Free: 947665K (69%)
----------------- Invoking toplevel() on ptolemy.moml.MoMLSimpleApplication@68927856
----------------- Done invoking toplevel() on ptolemy.moml.MoMLSimpleApplication@68927856
reloadAllAccessors: .broken

===========================================================================================
----------------- testing Mon Nov 19 02:46:52 UTC 2018 /home/travis/build/icyphy/ptII/ptolemy/actor/lib/test/auto/LevelCrossTest10.xml
----------------- Instantiating /home/travis/build/icyphy/ptII/ptolemy/actor/lib/test/auto/LevelCrossTest10.xml
1 ms. Memory: 1366528K Free: 935218K (68%)
----------------- Invoking toplevel() on ptolemy.moml.MoMLSimpleApplication@6a4309ba
----------------- Done invoking toplevel() on ptolemy.moml.MoMLSimpleApplication@6a4309ba
reloadAllAccessors: .LevelCrossTest10

===========================================================================================
----------------- testing Mon Nov 19 02:46:52 UTC 2018 /home/travis/build/icyphy/ptII/ptolemy/actor/lib/test/auto/LevelCrossTest11.xml
----------------- Instantiating /home/travis/build/icyphy/ptII/ptolemy/actor/lib/test/auto/LevelCrossTest11.xml
1 ms. Memory: 1366528K Free: 922772K (68%)
----------------- Invoking toplevel() on ptolemy.moml.MoMLSimpleApplication@3be4bc92
----------------- Done invoking toplevel() on ptolemy.moml.MoMLSimpleApplication@3be4bc92
reloadAllAccessors: .LevelCrossTest11

===========================================================================================
----------------- testing Mon Nov 19 02:46:52 UTC 2018 /home/travis/build/icyphy/ptII/ptolemy/actor/lib/test/auto/LevelCrossTest12.xml
----------------- Instantiating /home/travis/build/icyphy/ptII/ptolemy/actor/lib/test/auto/LevelCrossTest12.xml
1 ms. Memory: 1366528K Free: 903955K (66%)
----------------- Invoking toplevel() on ptolemy.moml.MoMLSimpleApplication@48cf064
----------------- Done invoking toplevel() on ptolemy.moml.MoMLSimpleApplication@48cf064
reloadAllAccessors: .LevelCrossTest12

===========================================================================================
----------------- testing Mon Nov 19 02:46:52 UTC 2018 /home/travis/build/icyphy/ptII/ptolemy/actor/lib/test/auto/LevelCrossTest13.xml
----------------- Instantiating /home/travis/build/icyphy/ptII/ptolemy/actor/lib/test/auto/LevelCrossTest13.xml
1 ms. Memory: 1366528K Free: 891508K (65%)
----------------- Invoking toplevel() on ptolemy.moml.MoMLSimpleApplication@5656e086
----------------- Done invoking toplevel() on ptolemy.moml.MoMLSimpleApplication@5656e086
reloadAllAccessors: .LevelCrossTest13

===========================================================================================
----------------- testing Mon Nov 19 02:46:53 UTC 2018 /home/travis/build/icyphy/ptII/ptolemy/actor/lib/test/auto/LevelCrossTest2.xml
----------------- Instantiating /home/travis/build/icyphy/ptII/ptolemy/actor/lib/test/auto/LevelCrossTest2.xml
2 ms. Memory: 1366528K Free: 879061K (64%)
----------------- Invoking toplevel() on ptolemy.moml.MoMLSimpleApplication@2bde9081
----------------- Done invoking toplevel() on ptolemy.moml.MoMLSimpleApplication@2bde9081
reloadAllAccessors: .broken

===========================================================================================
----------------- testing Mon Nov 19 02:46:53 UTC 2018 /home/travis/build/icyphy/ptII/ptolemy/actor/lib/test/auto/LevelCrossTest3.xml
----------------- Instantiating /home/travis/build/icyphy/ptII/ptolemy/actor/lib/test/auto/LevelCrossTest3.xml
1 ms. Memory: 1366528K Free: 860245K (63%)
----------------- Invoking toplevel() on ptolemy.moml.MoMLSimpleApplication@7bc9dc58
----------------- Done invoking toplevel() on ptolemy.moml.MoMLSimpleApplication@7bc9dc58
reloadAllAccessors: .LevelCrossTest3

===========================================================================================
----------------- testing Mon Nov 19 02:46:53 UTC 2018 /home/travis/build/icyphy/ptII/ptolemy/actor/lib/test/auto/LevelCrossTest4.xml
----------------- Instantiating /home/travis/build/icyphy/ptII/ptolemy/actor/lib/test/auto/LevelCrossTest4.xml
1 ms. Memory: 1366528K Free: 847798K (62%)
----------------- Invoking toplevel() on ptolemy.moml.MoMLSimpleApplication@7356dba8
----------------- Done invoking toplevel() on ptolemy.moml.MoMLSimpleApplication@7356dba8
reloadAllAccessors: .broken

===========================================================================================
----------------- testing Mon Nov 19 02:46:53 UTC 2018 /home/travis/build/icyphy/ptII/ptolemy/actor/lib/test/auto/LevelCrossTest5.xml
----------------- Instantiating /home/travis/build/icyphy/ptII/ptolemy/actor/lib/test/auto/LevelCrossTest5.xml
1 ms. Memory: 1366528K Free: 828982K (61%)
----------------- Invoking toplevel() on ptolemy.moml.MoMLSimpleApplication@39d9be0d
----------------- Done invoking toplevel() on ptolemy.moml.MoMLSimpleApplication@39d9be0d
reloadAllAccessors: .LevelCrossTest5

===========================================================================================
----------------- testing Mon Nov 19 02:46:53 UTC 2018 /home/travis/build/icyphy/ptII/ptolemy/actor/lib/test/auto/LevelCrossTest6.xml
----------------- Instantiating /home/travis/build/icyphy/ptII/ptolemy/actor/lib/test/auto/LevelCrossTest6.xml
1 ms. Memory: 1366528K Free: 816535K (60%)
----------------- Invoking toplevel() on ptolemy.moml.MoMLSimpleApplication@57b0ed86
----------------- Done invoking toplevel() on ptolemy.moml.MoMLSimpleApplication@57b0ed86
reloadAllAccessors: .LevelCrossTest6

===========================================================================================
----------------- testing Mon Nov 19 02:46:53 UTC 2018 /home/travis/build/icyphy/ptII/ptolemy/actor/lib/test/auto/LevelCrossTest7.xml
----------------- Instantiating /home/travis/build/icyphy/ptII/ptolemy/actor/lib/test/auto/LevelCrossTest7.xml
1 ms. Memory: 1366528K Free: 804088K (59%)
----------------- Invoking toplevel() on ptolemy.moml.MoMLSimpleApplication@55dc6700
----------------- Done invoking toplevel() on ptolemy.moml.MoMLSimpleApplication@55dc6700
reloadAllAccessors: .LevelCrossTest7

===========================================================================================
----------------- testing Mon Nov 19 02:46:53 UTC 2018 /home/travis/build/icyphy/ptII/ptolemy/actor/lib/test/auto/LevelCrossTest8.xml
----------------- Instantiating /home/travis/build/icyphy/ptII/ptolemy/actor/lib/test/auto/LevelCrossTest8.xml
2 ms. Memory: 1366528K Free: 785272K (57%)
----------------- Invoking toplevel() on ptolemy.moml.MoMLSimpleApplication@3e42cc5
----------------- Done invoking toplevel() on ptolemy.moml.MoMLSimpleApplication@3e42cc5
reloadAllAccessors: .LevelCrossTest8

===========================================================================================
----------------- testing Mon Nov 19 02:46:53 UTC 2018 /home/travis/build/icyphy/ptII/ptolemy/actor/lib/test/auto/LevelCrossTest9.xml
----------------- Instantiating /home/travis/build/icyphy/ptII/ptolemy/actor/lib/test/auto/LevelCrossTest9.xml
1 ms. Memory: 1366528K Free: 772825K (57%)
----------------- Invoking toplevel() on ptolemy.moml.MoMLSimpleApplication@78ccdc51
----------------- Done invoking toplevel() on ptolemy.moml.MoMLSimpleApplication@78ccdc51
reloadAllAccessors: .LevelCrossTest9

===========================================================================================
----------------- testing Mon Nov 19 02:46:53 UTC 2018 /home/travis/build/icyphy/ptII/ptolemy/actor/lib/test/auto/LevinsonDurbin.xml
----------------- Instantiating /home/travis/build/icyphy/ptII/ptolemy/actor/lib/test/auto/LevinsonDurbin.xml
1 ms. Memory: 1366528K Free: 760379K (56%)
----------------- Invoking toplevel() on ptolemy.moml.MoMLSimpleApplication@33174f6d
----------------- Done invoking toplevel() on ptolemy.moml.MoMLSimpleApplication@33174f6d
reloadAllAccessors: .LevinsonDurbin

===========================================================================================
----------------- testing Mon Nov 19 02:46:53 UTC 2018 /home/travis/build/icyphy/ptII/ptolemy/actor/lib/test/auto/LevinsonDurbin2.xml
----------------- Instantiating /home/travis/build/icyphy/ptII/ptolemy/actor/lib/test/auto/LevinsonDurbin2.xml
1 ms. Memory: 1366528K Free: 741562K (54%)
----------------- Invoking toplevel() on ptolemy.moml.MoMLSimpleApplication@45033e87
----------------- Done invoking toplevel() on ptolemy.moml.MoMLSimpleApplication@45033e87
reloadAllAccessors: .LevinsonDurbin2

===========================================================================================
----------------- testing Mon Nov 19 02:46:53 UTC 2018 /home/travis/build/icyphy/ptII/ptolemy/actor/lib/test/auto/LevinsonDurbin3.xml
----------------- Instantiating /home/travis/build/icyphy/ptII/ptolemy/actor/lib/test/auto/LevinsonDurbin3.xml
3 ms. Memory: 1366528K Free: 729116K (53%)
----------------- Invoking toplevel() on ptolemy.moml.MoMLSimpleApplication@6b4dfa3d
----------------- Done invoking toplevel() on ptolemy.moml.MoMLSimpleApplication@6b4dfa3d
reloadAllAccessors: .LevinsonDurbin3

===========================================================================================
----------------- testing Mon Nov 19 02:46:53 UTC 2018 /home/travis/build/icyphy/ptII/ptolemy/actor/lib/test/auto/Limiter.xml
----------------- Instantiating /home/travis/build/icyphy/ptII/ptolemy/actor/lib/test/auto/Limiter.xml
4 ms. Memory: 1366528K Free: 704060K (52%)
----------------- Invoking toplevel() on ptolemy.moml.MoMLSimpleApplication@6d8d5db6
----------------- Done invoking toplevel() on ptolemy.moml.MoMLSimpleApplication@6d8d5db6
reloadAllAccessors: .Limiter

===========================================================================================
----------------- testing Mon Nov 19 02:46:53 UTC 2018 /home/travis/build/icyphy/ptII/ptolemy/actor/lib/test/auto/LinearDifferenceEquationSystem.xml
----------------- Instantiating /home/travis/build/icyphy/ptII/ptolemy/actor/lib/test/auto/LinearDifferenceEquationSystem.xml
5 ms. Memory: 1366528K Free: 691613K (51%)
----------------- Invoking toplevel() on ptolemy.moml.MoMLSimpleApplication@39280643
----------------- Done invoking toplevel() on ptolemy.moml.MoMLSimpleApplication@39280643
reloadAllAccessors: .LinearDifferenceEquationSystem

===========================================================================================
----------------- testing Mon Nov 19 02:46:53 UTC 2018 /home/travis/build/icyphy/ptII/ptolemy/actor/lib/test/auto/LookupTable.xml
----------------- Instantiating /home/travis/build/icyphy/ptII/ptolemy/actor/lib/test/auto/LookupTable.xml
1 ms. Memory: 1366528K Free: 679166K (50%)
----------------- Invoking toplevel() on ptolemy.moml.MoMLSimpleApplication@af64940
----------------- Done invoking toplevel() on ptolemy.moml.MoMLSimpleApplication@af64940
reloadAllAccessors: .LookupTable

===========================================================================================
----------------- testing Mon Nov 19 02:46:53 UTC 2018 /home/travis/build/icyphy/ptII/ptolemy/actor/lib/test/auto/MathFunction.xml
----------------- Instantiating /home/travis/build/icyphy/ptII/ptolemy/actor/lib/test/auto/MathFunction.xml
2 ms. Memory: 1366528K Free: 660350K (48%)
----------------- Invoking toplevel() on ptolemy.moml.MoMLSimpleApplication@d150891
----------------- Done invoking toplevel() on ptolemy.moml.MoMLSimpleApplication@d150891
reloadAllAccessors: .MathFunction

===========================================================================================
----------------- testing Mon Nov 19 02:46:53 UTC 2018 /home/travis/build/icyphy/ptII/ptolemy/actor/lib/test/auto/MathFunction2.xml
----------------- Instantiating /home/travis/build/icyphy/ptII/ptolemy/actor/lib/test/auto/MathFunction2.xml
1 ms. Memory: 1366528K Free: 647903K (47%)
----------------- Invoking toplevel() on ptolemy.moml.MoMLSimpleApplication@1845361
----------------- Done invoking toplevel() on ptolemy.moml.MoMLSimpleApplication@1845361
reloadAllAccessors: .MathFunction2

===========================================================================================
----------------- testing Mon Nov 19 02:46:53 UTC 2018 /home/travis/build/icyphy/ptII/ptolemy/actor/lib/test/auto/MathFunction3.xml
----------------- Instantiating /home/travis/build/icyphy/ptII/ptolemy/actor/lib/test/auto/MathFunction3.xml
2 ms. Memory: 1366528K Free: 629086K (46%)
----------------- Invoking toplevel() on ptolemy.moml.MoMLSimpleApplication@759b6d68
----------------- Done invoking toplevel() on ptolemy.moml.MoMLSimpleApplication@759b6d68
reloadAllAccessors: .MathFunction3

===========================================================================================
----------------- testing Mon Nov 19 02:46:53 UTC 2018 /home/travis/build/icyphy/ptII/ptolemy/actor/lib/test/auto/MatrixCropBoolean.xml
----------------- Instantiating /home/travis/build/icyphy/ptII/ptolemy/actor/lib/test/auto/MatrixCropBoolean.xml
2 ms. Memory: 1366528K Free: 616640K (45%)
----------------- Invoking toplevel() on ptolemy.moml.MoMLSimpleApplication@5fb4362
----------------- Done invoking toplevel() on ptolemy.moml.MoMLSimpleApplication@5fb4362
reloadAllAccessors: .MatrixCropBoolean

===========================================================================================
----------------- testing Mon Nov 19 02:46:53 UTC 2018 /home/travis/build/icyphy/ptII/ptolemy/actor/lib/test/auto/MatrixCropComplex.xml
----------------- Instantiating /home/travis/build/icyphy/ptII/ptolemy/actor/lib/test/auto/MatrixCropComplex.xml
1 ms. Memory: 1366528K Free: 604193K (44%)
----------------- Invoking toplevel() on ptolemy.moml.MoMLSimpleApplication@3c19300f
----------------- Done invoking toplevel() on ptolemy.moml.MoMLSimpleApplication@3c19300f
reloadAllAccessors: .MatrixCropComplex

===========================================================================================
----------------- testing Mon Nov 19 02:46:53 UTC 2018 /home/travis/build/icyphy/ptII/ptolemy/actor/lib/test/auto/MatrixCropDouble.xml
----------------- Instantiating /home/travis/build/icyphy/ptII/ptolemy/actor/lib/test/auto/MatrixCropDouble.xml
1 ms. Memory: 1366528K Free: 585376K (43%)
----------------- Invoking toplevel() on ptolemy.moml.MoMLSimpleApplication@290247bf
----------------- Done invoking toplevel() on ptolemy.moml.MoMLSimpleApplication@290247bf
reloadAllAccessors: .MatrixCropDouble

===========================================================================================
----------------- testing Mon Nov 19 02:46:53 UTC 2018 /home/travis/build/icyphy/ptII/ptolemy/actor/lib/test/auto/MatrixCropFix.xml
----------------- Instantiating /home/travis/build/icyphy/ptII/ptolemy/actor/lib/test/auto/MatrixCropFix.xml
1 ms. Memory: 1366528K Free: 572930K (42%)
----------------- Invoking toplevel() on ptolemy.moml.MoMLSimpleApplication@60dae00f
----------------- Done invoking toplevel() on ptolemy.moml.MoMLSimpleApplication@60dae00f
reloadAllAccessors: .MatrixCropFix

===========================================================================================
----------------- testing Mon Nov 19 02:46:53 UTC 2018 /home/travis/build/icyphy/ptII/ptolemy/actor/lib/test/auto/MatrixCropInt.xml
----------------- Instantiating /home/travis/build/icyphy/ptII/ptolemy/actor/lib/test/auto/MatrixCropInt.xml
1 ms. Memory: 1366528K Free: 560483K (41%)
----------------- Invoking toplevel() on ptolemy.moml.MoMLSimpleApplication@665e4cbe
----------------- Done invoking toplevel() on ptolemy.moml.MoMLSimpleApplication@665e4cbe
reloadAllAccessors: .MatrixCropInt

===========================================================================================
----------------- testing Mon Nov 19 02:46:53 UTC 2018 /home/travis/build/icyphy/ptII/ptolemy/actor/lib/test/auto/MatrixCropLong.xml
----------------- Instantiating /home/travis/build/icyphy/ptII/ptolemy/actor/lib/test/auto/MatrixCropLong.xml
2 ms. Memory: 1366528K Free: 541667K (40%)
----------------- Invoking toplevel() on ptolemy.moml.MoMLSimpleApplication@f475c13
----------------- Done invoking toplevel() on ptolemy.moml.MoMLSimpleApplication@f475c13
reloadAllAccessors: .MatrixCropLong

===========================================================================================
----------------- testing Mon Nov 19 02:46:53 UTC 2018 /home/travis/build/icyphy/ptII/ptolemy/actor/lib/test/auto/MatrixToArray.xml
----------------- Instantiating /home/travis/build/icyphy/ptII/ptolemy/actor/lib/test/auto/MatrixToArray.xml
8 ms. Memory: 1366528K Free: 516757K (38%)
----------------- Invoking toplevel() on ptolemy.moml.MoMLSimpleApplication@4185eddd
----------------- Done invoking toplevel() on ptolemy.moml.MoMLSimpleApplication@4185eddd
reloadAllAccessors: .MatrixToArray

===========================================================================================
----------------- testing Mon Nov 19 02:46:53 UTC 2018 /home/travis/build/icyphy/ptII/ptolemy/actor/lib/test/auto/MaxIndex.xml
----------------- Instantiating /home/travis/build/icyphy/ptII/ptolemy/actor/lib/test/auto/MaxIndex.xml
1 ms. Memory: 1366528K Free: 497941K (36%)
----------------- Invoking toplevel() on ptolemy.moml.MoMLSimpleApplication@4f0d1d7c
----------------- Done invoking toplevel() on ptolemy.moml.MoMLSimpleApplication@4f0d1d7c
reloadAllAccessors: .MaxIndex

===========================================================================================
----------------- testing Mon Nov 19 02:46:53 UTC 2018 /home/travis/build/icyphy/ptII/ptolemy/actor/lib/test/auto/Maximum.xml
----------------- Instantiating /home/travis/build/icyphy/ptII/ptolemy/actor/lib/test/auto/Maximum.xml
2 ms. Memory: 1366528K Free: 485494K (36%)
----------------- Invoking toplevel() on ptolemy.moml.MoMLSimpleApplication@61521671
----------------- Done invoking toplevel() on ptolemy.moml.MoMLSimpleApplication@61521671
reloadAllAccessors: .Maximum

===========================================================================================
----------------- testing Mon Nov 19 02:46:53 UTC 2018 /home/travis/build/icyphy/ptII/ptolemy/actor/lib/test/auto/MaximumComplex.xml
----------------- Instantiating /home/travis/build/icyphy/ptII/ptolemy/actor/lib/test/auto/MaximumComplex.xml
2 ms. Memory: 1366528K Free: 473048K (35%)
----------------- Invoking toplevel() on ptolemy.moml.MoMLSimpleApplication@4aa94476
----------------- Done invoking toplevel() on ptolemy.moml.MoMLSimpleApplication@4aa94476
reloadAllAccessors: .MaximumComplex

===========================================================================================
----------------- testing Mon Nov 19 02:46:53 UTC 2018 /home/travis/build/icyphy/ptII/ptolemy/actor/lib/test/auto/MethodCallTest.xml
----------------- Instantiating /home/travis/build/icyphy/ptII/ptolemy/actor/lib/test/auto/MethodCallTest.xml
1 ms. Memory: 1366528K Free: 454232K (33%)
----------------- Invoking toplevel() on ptolemy.moml.MoMLSimpleApplication@5d28f6f4
----------------- Done invoking toplevel() on ptolemy.moml.MoMLSimpleApplication@5d28f6f4
reloadAllAccessors: .MethodCallTest

===========================================================================================
----------------- testing Mon Nov 19 02:46:53 UTC 2018 /home/travis/build/icyphy/ptII/ptolemy/actor/lib/test/auto/Minimum.xml
----------------- Instantiating /home/travis/build/icyphy/ptII/ptolemy/actor/lib/test/auto/Minimum.xml
2 ms. Memory: 1366528K Free: 441785K (32%)
----------------- Invoking toplevel() on ptolemy.moml.MoMLSimpleApplication@655c77c2
----------------- Done invoking toplevel() on ptolemy.moml.MoMLSimpleApplication@655c77c2
reloadAllAccessors: .Minimum

===========================================================================================
----------------- testing Mon Nov 19 02:46:53 UTC 2018 /home/travis/build/icyphy/ptII/ptolemy/actor/lib/test/auto/MinimumComplex.xml
----------------- Instantiating /home/travis/build/icyphy/ptII/ptolemy/actor/lib/test/auto/MinimumComplex.xml
3 ms. Memory: 1366528K Free: 422969K (31%)
----------------- Invoking toplevel() on ptolemy.moml.MoMLSimpleApplication@5bc20c35
----------------- Done invoking toplevel() on ptolemy.moml.MoMLSimpleApplication@5bc20c35
reloadAllAccessors: .MinimumComplex

===========================================================================================
----------------- testing Mon Nov 19 02:46:53 UTC 2018 /home/travis/build/icyphy/ptII/ptolemy/actor/lib/test/auto/MinimumMultiports.xml
----------------- Instantiating /home/travis/build/icyphy/ptII/ptolemy/actor/lib/test/auto/MinimumMultiports.xml
3 ms. Memory: 1366528K Free: 410522K (30%)
----------------- Invoking toplevel() on ptolemy.moml.MoMLSimpleApplication@5c718603
----------------- Done invoking toplevel() on ptolemy.moml.MoMLSimpleApplication@5c718603
reloadAllAccessors: .MinimumMultiports

===========================================================================================
----------------- testing Mon Nov 19 02:46:53 UTC 2018 /home/travis/build/icyphy/ptII/ptolemy/actor/lib/test/auto/ModifyDate.xml
----------------- Instantiating /home/travis/build/icyphy/ptII/ptolemy/actor/lib/test/auto/ModifyDate.xml
4 ms. Memory: 1366528K Free: 391851K (29%)
----------------- Invoking toplevel() on ptolemy.moml.MoMLSimpleApplication@74ff33bc
----------------- Done invoking toplevel() on ptolemy.moml.MoMLSimpleApplication@74ff33bc
reloadAllAccessors: .ModifyDate

===========================================================================================
----------------- testing Mon Nov 19 02:46:53 UTC 2018 /home/travis/build/icyphy/ptII/ptolemy/actor/lib/test/auto/ModifyDate2.xml
----------------- Instantiating /home/travis/build/icyphy/ptII/ptolemy/actor/lib/test/auto/ModifyDate2.xml
2 ms. Memory: 1366528K Free: 366812K (27%)
----------------- Invoking toplevel() on ptolemy.moml.MoMLSimpleApplication@3fecbd47
----------------- Done invoking toplevel() on ptolemy.moml.MoMLSimpleApplication@3fecbd47
reloadAllAccessors: .ModifyDate2

===========================================================================================
----------------- testing Mon Nov 19 02:46:53 UTC 2018 /home/travis/build/icyphy/ptII/ptolemy/actor/lib/test/auto/MovingAverage.xml
----------------- Instantiating /home/travis/build/icyphy/ptII/ptolemy/actor/lib/test/auto/MovingAverage.xml
2 ms. Memory: 1366528K Free: 354365K (26%)
----------------- Invoking toplevel() on ptolemy.moml.MoMLSimpleApplication@3e606fc8
----------------- Done invoking toplevel() on ptolemy.moml.MoMLSimpleApplication@3e606fc8
reloadAllAccessors: .MovingAverage

===========================================================================================
----------------- testing Mon Nov 19 02:46:53 UTC 2018 /home/travis/build/icyphy/ptII/ptolemy/actor/lib/test/auto/MovingMaximum.xml
----------------- Instantiating /home/travis/build/icyphy/ptII/ptolemy/actor/lib/test/auto/MovingMaximum.xml
1 ms. Memory: 1366528K Free: 335549K (25%)
----------------- Invoking toplevel() on ptolemy.moml.MoMLSimpleApplication@40bf5fe3
----------------- Done invoking toplevel() on ptolemy.moml.MoMLSimpleApplication@40bf5fe3
reloadAllAccessors: .MovingMaximum

===========================================================================================
----------------- testing Mon Nov 19 02:46:53 UTC 2018 /home/travis/build/icyphy/ptII/ptolemy/actor/lib/test/auto/MultipleLinksToSameRelation.xml
----------------- Instantiating /home/travis/build/icyphy/ptII/ptolemy/actor/lib/test/auto/MultipleLinksToSameRelation.xml
2 ms. Memory: 1366528K Free: 323102K (24%)
----------------- Invoking toplevel() on ptolemy.moml.MoMLSimpleApplication@37730f59
----------------- Done invoking toplevel() on ptolemy.moml.MoMLSimpleApplication@37730f59
reloadAllAccessors: .MultipleLinksToSameRelation

===========================================================================================
----------------- testing Mon Nov 19 02:46:53 UTC 2018 /home/travis/build/icyphy/ptII/ptolemy/actor/lib/test/auto/MultipleLinksToSameRelationDE.xml
----------------- Instantiating /home/travis/build/icyphy/ptII/ptolemy/actor/lib/test/auto/MultipleLinksToSameRelationDE.xml
2 ms. Memory: 1366528K Free: 310655K (23%)
----------------- Invoking toplevel() on ptolemy.moml.MoMLSimpleApplication@443322ad
----------------- Done invoking toplevel() on ptolemy.moml.MoMLSimpleApplication@443322ad
reloadAllAccessors: .MultipleLinksToSameRelationDE

===========================================================================================
----------------- testing Mon Nov 19 02:46:53 UTC 2018 /home/travis/build/icyphy/ptII/ptolemy/actor/lib/test/auto/Multiplexor.xml
----------------- Instantiating /home/travis/build/icyphy/ptII/ptolemy/actor/lib/test/auto/Multiplexor.xml
1 ms. Memory: 1366528K Free: 291839K (21%)
----------------- Invoking toplevel() on ptolemy.moml.MoMLSimpleApplication@3fcd3187
----------------- Done invoking toplevel() on ptolemy.moml.MoMLSimpleApplication@3fcd3187
reloadAllAccessors: .Multiplexor

===========================================================================================
----------------- testing Mon Nov 19 02:46:53 UTC 2018 /home/travis/build/icyphy/ptII/ptolemy/actor/lib/test/auto/Multiplexor1.xml
----------------- Instantiating /home/travis/build/icyphy/ptII/ptolemy/actor/lib/test/auto/Multiplexor1.xml
2 ms. Memory: 1366528K Free: 279392K (20%)
----------------- Invoking toplevel() on ptolemy.moml.MoMLSimpleApplication@74b79bdf
----------------- Done invoking toplevel() on ptolemy.moml.MoMLSimpleApplication@74b79bdf
reloadAllAccessors: .Multiplexor1

===========================================================================================
----------------- testing Mon Nov 19 02:46:53 UTC 2018 /home/travis/build/icyphy/ptII/ptolemy/actor/lib/test/auto/Multiplexor2.xml
----------------- Instantiating /home/travis/build/icyphy/ptII/ptolemy/actor/lib/test/auto/Multiplexor2.xml
2 ms. Memory: 1366528K Free: 266946K (20%)
----------------- Invoking toplevel() on ptolemy.moml.MoMLSimpleApplication@4e0e1df5
----------------- Done invoking toplevel() on ptolemy.moml.MoMLSimpleApplication@4e0e1df5
reloadAllAccessors: .Multiplexor2

===========================================================================================
----------------- testing Mon Nov 19 02:46:53 UTC 2018 /home/travis/build/icyphy/ptII/ptolemy/actor/lib/test/auto/Multiplexor3.xml
----------------- Instantiating /home/travis/build/icyphy/ptII/ptolemy/actor/lib/test/auto/Multiplexor3.xml
1 ms. Memory: 1366528K Free: 248129K (18%)
----------------- Invoking toplevel() on ptolemy.moml.MoMLSimpleApplication@4c23a5f3
----------------- Done invoking toplevel() on ptolemy.moml.MoMLSimpleApplication@4c23a5f3
reloadAllAccessors: .Multiplexor3

===========================================================================================
----------------- testing Mon Nov 19 02:46:53 UTC 2018 /home/travis/build/icyphy/ptII/ptolemy/actor/lib/test/auto/MultiplexorDE.xml
----------------- Instantiating /home/travis/build/icyphy/ptII/ptolemy/actor/lib/test/auto/MultiplexorDE.xml
1 ms. Memory: 1366528K Free: 235682K (17%)
----------------- Invoking toplevel() on ptolemy.moml.MoMLSimpleApplication@d5bceec
----------------- Done invoking toplevel() on ptolemy.moml.MoMLSimpleApplication@d5bceec
reloadAllAccessors: .MultiplexorDE

===========================================================================================
----------------- testing Mon Nov 19 02:46:53 UTC 2018 /home/travis/build/icyphy/ptII/ptolemy/actor/lib/test/auto/MultiportBroadcastTest.xml
----------------- Instantiating /home/travis/build/icyphy/ptII/ptolemy/actor/lib/test/auto/MultiportBroadcastTest.xml
68 ms. Memory: 1366528K Free: 216866K (16%)
----------------- Invoking toplevel() on ptolemy.moml.MoMLSimpleApplication@488d5f26
----------------- Done invoking toplevel() on ptolemy.moml.MoMLSimpleApplication@488d5f26
reloadAllAccessors: .MultiportBroadcastTest

===========================================================================================
----------------- testing Mon Nov 19 02:46:53 UTC 2018 /home/travis/build/icyphy/ptII/ptolemy/actor/lib/test/auto/MultiportOutHangDuringGetWidth.xml
----------------- Instantiating /home/travis/build/icyphy/ptII/ptolemy/actor/lib/test/auto/MultiportOutHangDuringGetWidth.xml
5 ms. Memory: 1366528K Free: 198196K (15%)
----------------- Invoking toplevel() on ptolemy.moml.MoMLSimpleApplication@7364e71d
----------------- Done invoking toplevel() on ptolemy.moml.MoMLSimpleApplication@7364e71d
reloadAllAccessors: .MultiportOutHangDuringGetWidth

===========================================================================================
----------------- testing Mon Nov 19 02:46:53 UTC 2018 /home/travis/build/icyphy/ptII/ptolemy/actor/lib/test/auto/NilToken.xml
----------------- Instantiating /home/travis/build/icyphy/ptII/ptolemy/actor/lib/test/auto/NilToken.xml
1 ms. Memory: 1366528K Free: 185749K (14%)
----------------- Invoking toplevel() on ptolemy.moml.MoMLSimpleApplication@13e83e57
----------------- Done invoking toplevel() on ptolemy.moml.MoMLSimpleApplication@13e83e57
reloadAllAccessors: .NilToken

===========================================================================================
----------------- testing Mon Nov 19 02:46:53 UTC 2018 /home/travis/build/icyphy/ptII/ptolemy/actor/lib/test/auto/NilTokenNonStrictTest.xml
----------------- Instantiating /home/travis/build/icyphy/ptII/ptolemy/actor/lib/test/auto/NilTokenNonStrictTest.xml
2 ms. Memory: 1366528K Free: 166933K (12%)
----------------- Invoking toplevel() on ptolemy.moml.MoMLSimpleApplication@25afb492
----------------- Done invoking toplevel() on ptolemy.moml.MoMLSimpleApplication@25afb492
reloadAllAccessors: .NilTokenNonStrictTest

===========================================================================================
----------------- testing Mon Nov 19 02:46:53 UTC 2018 /home/travis/build/icyphy/ptII/ptolemy/actor/lib/test/auto/NilTokenRecord.xml
----------------- Instantiating /home/travis/build/icyphy/ptII/ptolemy/actor/lib/test/auto/NilTokenRecord.xml
3 ms. Memory: 1366528K Free: 154486K (11%)
----------------- Invoking toplevel() on ptolemy.moml.MoMLSimpleApplication@29d25c6f
----------------- Done invoking toplevel() on ptolemy.moml.MoMLSimpleApplication@29d25c6f
reloadAllAccessors: .NilTokenRecord

===========================================================================================
----------------- testing Mon Nov 19 02:46:53 UTC 2018 /home/travis/build/icyphy/ptII/ptolemy/actor/lib/test/auto/NilTokenTypeTest.xml
----------------- Instantiating /home/travis/build/icyphy/ptII/ptolemy/actor/lib/test/auto/NilTokenTypeTest.xml
3 ms. Memory: 1366528K Free: 129431K (9%)
----------------- Invoking toplevel() on ptolemy.moml.MoMLSimpleApplication@787c23e
----------------- Done invoking toplevel() on ptolemy.moml.MoMLSimpleApplication@787c23e
reloadAllAccessors: .NilTokenTypeTest

===========================================================================================
----------------- testing Mon Nov 19 02:46:53 UTC 2018 /home/travis/build/icyphy/ptII/ptolemy/actor/lib/test/auto/ObjectToken1.xml
----------------- Instantiating /home/travis/build/icyphy/ptII/ptolemy/actor/lib/test/auto/ObjectToken1.xml
4 ms. Memory: 1366528K Free: 116984K (9%)
----------------- Invoking toplevel() on ptolemy.moml.MoMLSimpleApplication@3252dbaa
----------------- Done invoking toplevel() on ptolemy.moml.MoMLSimpleApplication@3252dbaa
reloadAllAccessors: .ObjectToken1

===========================================================================================
----------------- testing Mon Nov 19 02:46:54 UTC 2018 /home/travis/build/icyphy/ptII/ptolemy/actor/lib/test/auto/OrderedMerge.xml
----------------- Instantiating /home/travis/build/icyphy/ptII/ptolemy/actor/lib/test/auto/OrderedMerge.xml
5 ms. Memory: 1366528K Free: 82138K (6%)
----------------- Invoking toplevel() on ptolemy.moml.MoMLSimpleApplication@4bcdd7b
----------------- Done invoking toplevel() on ptolemy.moml.MoMLSimpleApplication@4bcdd7b
reloadAllAccessors: .OrderedMerge

===========================================================================================
----------------- testing Mon Nov 19 02:46:54 UTC 2018 /home/travis/build/icyphy/ptII/ptolemy/actor/lib/test/auto/OrderedRecordDisassembler.xml
----------------- Instantiating /home/travis/build/icyphy/ptII/ptolemy/actor/lib/test/auto/OrderedRecordDisassembler.xml
2 ms. Memory: 1507840K Free: 1447598K (96%)
----------------- Invoking toplevel() on ptolemy.moml.MoMLSimpleApplication@515d7ade
----------------- Done invoking toplevel() on ptolemy.moml.MoMLSimpleApplication@515d7ade
reloadAllAccessors: .OrderedRecordDisassembler

===========================================================================================
----------------- testing Mon Nov 19 02:46:54 UTC 2018 /home/travis/build/icyphy/ptII/ptolemy/actor/lib/test/auto/OrderedRecordDisassembler2.xml
----------------- Instantiating /home/travis/build/icyphy/ptII/ptolemy/actor/lib/test/auto/OrderedRecordDisassembler2.xml
2 ms. Memory: 1507840K Free: 1433554K (95%)
----------------- Invoking toplevel() on ptolemy.moml.MoMLSimpleApplication@79718062
----------------- Done invoking toplevel() on ptolemy.moml.MoMLSimpleApplication@79718062
reloadAllAccessors: .OrderedRecordDisassembler2

===========================================================================================
----------------- testing Mon Nov 19 02:46:54 UTC 2018 /home/travis/build/icyphy/ptII/ptolemy/actor/lib/test/auto/OrderedRecordUpdater.xml
----------------- Instantiating /home/travis/build/icyphy/ptII/ptolemy/actor/lib/test/auto/OrderedRecordUpdater.xml
1 ms. Memory: 1507840K Free: 1413182K (94%)
----------------- Invoking toplevel() on ptolemy.moml.MoMLSimpleApplication@4b5de333
----------------- Done invoking toplevel() on ptolemy.moml.MoMLSimpleApplication@4b5de333
reloadAllAccessors: .RecordUpdater

===========================================================================================
----------------- testing Mon Nov 19 02:46:54 UTC 2018 /home/travis/build/icyphy/ptII/ptolemy/actor/lib/test/auto/OrderedRecordUpdater2.xml
----------------- Instantiating /home/travis/build/icyphy/ptII/ptolemy/actor/lib/test/auto/OrderedRecordUpdater2.xml
1 ms. Memory: 1507840K Free: 1399138K (93%)
----------------- Invoking toplevel() on ptolemy.moml.MoMLSimpleApplication@7e7e4b25
----------------- Done invoking toplevel() on ptolemy.moml.MoMLSimpleApplication@7e7e4b25
reloadAllAccessors: .RecordUpdater2

===========================================================================================
----------------- testing Mon Nov 19 02:46:54 UTC 2018 /home/travis/build/icyphy/ptII/ptolemy/actor/lib/test/auto/PhaseUnwrap.xml
----------------- Instantiating /home/travis/build/icyphy/ptII/ptolemy/actor/lib/test/auto/PhaseUnwrap.xml
2 ms. Memory: 1507840K Free: 1385094K (92%)
----------------- Invoking toplevel() on ptolemy.moml.MoMLSimpleApplication@7bca80f4
----------------- Done invoking toplevel() on ptolemy.moml.MoMLSimpleApplication@7bca80f4
reloadAllAccessors: .PhaseUnwrap

===========================================================================================
----------------- testing Mon Nov 19 02:46:54 UTC 2018 /home/travis/build/icyphy/ptII/ptolemy/actor/lib/test/auto/PoissonClock.xml
----------------- Instantiating /home/travis/build/icyphy/ptII/ptolemy/actor/lib/test/auto/PoissonClock.xml
1 ms. Memory: 1507840K Free: 1364802K (91%)
----------------- Invoking toplevel() on ptolemy.moml.MoMLSimpleApplication@230857a8
----------------- Done invoking toplevel() on ptolemy.moml.MoMLSimpleApplication@230857a8
reloadAllAccessors: .PoissonClock

===========================================================================================
----------------- testing Mon Nov 19 02:46:54 UTC 2018 /home/travis/build/icyphy/ptII/ptolemy/actor/lib/test/auto/PoissonClock2.xml
----------------- Instantiating /home/travis/build/icyphy/ptII/ptolemy/actor/lib/test/auto/PoissonClock2.xml
1 ms. Memory: 1507840K Free: 1350758K (90%)
----------------- Invoking toplevel() on ptolemy.moml.MoMLSimpleApplication@34a27df6
----------------- Done invoking toplevel() on ptolemy.moml.MoMLSimpleApplication@34a27df6
reloadAllAccessors: .PoissonClock2

===========================================================================================
----------------- testing Mon Nov 19 02:46:54 UTC 2018 /home/travis/build/icyphy/ptII/ptolemy/actor/lib/test/auto/PoissonClock3.xml
----------------- Instantiating /home/travis/build/icyphy/ptII/ptolemy/actor/lib/test/auto/PoissonClock3.xml
1 ms. Memory: 1507840K Free: 1330467K (88%)
----------------- Invoking toplevel() on ptolemy.moml.MoMLSimpleApplication@4dce5c74
----------------- Done invoking toplevel() on ptolemy.moml.MoMLSimpleApplication@4dce5c74
reloadAllAccessors: .PoissonClock3

===========================================================================================
----------------- testing Mon Nov 19 02:46:54 UTC 2018 /home/travis/build/icyphy/ptII/ptolemy/actor/lib/test/auto/PubSubWithInitialTokens.xml
----------------- Instantiating /home/travis/build/icyphy/ptII/ptolemy/actor/lib/test/auto/PubSubWithInitialTokens.xml
1 ms. Memory: 1507840K Free: 1316422K (87%)
----------------- Invoking toplevel() on ptolemy.moml.MoMLSimpleApplication@3a1a1fd3
----------------- Done invoking toplevel() on ptolemy.moml.MoMLSimpleApplication@3a1a1fd3
reloadAllAccessors: .PubSubWithInitialTokens

===========================================================================================
----------------- testing Mon Nov 19 02:46:54 UTC 2018 /home/travis/build/icyphy/ptII/ptolemy/actor/lib/test/auto/PubSubWithInitialTokens2.xml
----------------- Instantiating /home/travis/build/icyphy/ptII/ptolemy/actor/lib/test/auto/PubSubWithInitialTokens2.xml
1 ms. Memory: 1507840K Free: 1302378K (86%)
----------------- Invoking toplevel() on ptolemy.moml.MoMLSimpleApplication@37955727
----------------- Done invoking toplevel() on ptolemy.moml.MoMLSimpleApplication@37955727
reloadAllAccessors: .PubSubWithInitialTokens2

===========================================================================================
----------------- testing Mon Nov 19 02:46:54 UTC 2018 /home/travis/build/icyphy/ptII/ptolemy/actor/lib/test/auto/PublisherClassNoParameter.xml
----------------- Instantiating /home/travis/build/icyphy/ptII/ptolemy/actor/lib/test/auto/PublisherClassNoParameter.xml
2 ms. Memory: 1507840K Free: 1275063K (85%)
----------------- Invoking toplevel() on ptolemy.moml.MoMLSimpleApplication@4cddf70c
----------------- Done invoking toplevel() on ptolemy.moml.MoMLSimpleApplication@4cddf70c
reloadAllAccessors: .PublisherClassNoParameter

===========================================================================================
----------------- testing Mon Nov 19 02:46:54 UTC 2018 /home/travis/build/icyphy/ptII/ptolemy/actor/lib/test/auto/PublisherClassParameter.xml
----------------- Instantiating /home/travis/build/icyphy/ptII/ptolemy/actor/lib/test/auto/PublisherClassParameter.xml
2 ms. Memory: 1507840K Free: 1253989K (83%)
----------------- Invoking toplevel() on ptolemy.moml.MoMLSimpleApplication@61cb314a
----------------- Done invoking toplevel() on ptolemy.moml.MoMLSimpleApplication@61cb314a
reloadAllAccessors: .PublisherClassParameter

===========================================================================================
----------------- testing Mon Nov 19 02:46:54 UTC 2018 /home/travis/build/icyphy/ptII/ptolemy/actor/lib/test/auto/PublisherNonStrictTest.xml
----------------- Instantiating /home/travis/build/icyphy/ptII/ptolemy/actor/lib/test/auto/PublisherNonStrictTest.xml
3 ms. Memory: 1507840K Free: 1233698K (82%)
----------------- Invoking toplevel() on ptolemy.moml.MoMLSimpleApplication@4dc8427e
----------------- Done invoking toplevel() on ptolemy.moml.MoMLSimpleApplication@4dc8427e
reloadAllAccessors: .PublisherNonStrictTest

===========================================================================================
----------------- testing Mon Nov 19 02:46:54 UTC 2018 /home/travis/build/icyphy/ptII/ptolemy/actor/lib/test/auto/PublisherPort1.xml
----------------- Instantiating /home/travis/build/icyphy/ptII/ptolemy/actor/lib/test/auto/PublisherPort1.xml
2 ms. Memory: 1507840K Free: 1219653K (81%)
----------------- Invoking toplevel() on ptolemy.moml.MoMLSimpleApplication@71746534
----------------- Done invoking toplevel() on ptolemy.moml.MoMLSimpleApplication@71746534
reloadAllAccessors: .PublisherPort1

===========================================================================================
----------------- testing Mon Nov 19 02:46:54 UTC 2018 /home/travis/build/icyphy/ptII/ptolemy/actor/lib/test/auto/PublisherPort2.xml
----------------- Instantiating /home/travis/build/icyphy/ptII/ptolemy/actor/lib/test/auto/PublisherPort2.xml
1 ms. Memory: 1507840K Free: 1205609K (80%)
----------------- Invoking toplevel() on ptolemy.moml.MoMLSimpleApplication@14f4f020
----------------- Done invoking toplevel() on ptolemy.moml.MoMLSimpleApplication@14f4f020
reloadAllAccessors: .PublisherPort2

===========================================================================================
----------------- testing Mon Nov 19 02:46:54 UTC 2018 /home/travis/build/icyphy/ptII/ptolemy/actor/lib/test/auto/PublisherPort3.xml
----------------- Instantiating /home/travis/build/icyphy/ptII/ptolemy/actor/lib/test/auto/PublisherPort3.xml
11 ms. Memory: 1507840K Free: 1185318K (79%)
----------------- Invoking toplevel() on ptolemy.moml.MoMLSimpleApplication@1c39d40
----------------- Done invoking toplevel() on ptolemy.moml.MoMLSimpleApplication@1c39d40
reloadAllAccessors: .PublisherPort3

===========================================================================================
----------------- testing Mon Nov 19 02:46:54 UTC 2018 /home/travis/build/icyphy/ptII/ptolemy/actor/lib/test/auto/PublisherPort4.xml
----------------- Instantiating /home/travis/build/icyphy/ptII/ptolemy/actor/lib/test/auto/PublisherPort4.xml
2 ms. Memory: 1507840K Free: 1171273K (78%)
----------------- Invoking toplevel() on ptolemy.moml.MoMLSimpleApplication@73483e98
----------------- Done invoking toplevel() on ptolemy.moml.MoMLSimpleApplication@73483e98
reloadAllAccessors: .PublisherPort4

===========================================================================================
----------------- testing Mon Nov 19 02:46:54 UTC 2018 /home/travis/build/icyphy/ptII/ptolemy/actor/lib/test/auto/PublisherPort5.xml
----------------- Instantiating /home/travis/build/icyphy/ptII/ptolemy/actor/lib/test/auto/PublisherPort5.xml
3 ms. Memory: 1507840K Free: 1150982K (76%)
----------------- Invoking toplevel() on ptolemy.moml.MoMLSimpleApplication@5628ac05
----------------- Done invoking toplevel() on ptolemy.moml.MoMLSimpleApplication@5628ac05
reloadAllAccessors: .PublisherPort5

===========================================================================================
----------------- testing Mon Nov 19 02:46:54 UTC 2018 /home/travis/build/icyphy/ptII/ptolemy/actor/lib/test/auto/PublisherPort5LookAlike.xml
----------------- Instantiating /home/travis/build/icyphy/ptII/ptolemy/actor/lib/test/auto/PublisherPort5LookAlike.xml
6 ms. Memory: 1507840K Free: 1136938K (75%)
----------------- Invoking toplevel() on ptolemy.moml.MoMLSimpleApplication@f0e890b
----------------- Done invoking toplevel() on ptolemy.moml.MoMLSimpleApplication@f0e890b
reloadAllAccessors: .PublisherPort5LookAlike

===========================================================================================
----------------- testing Mon Nov 19 02:46:54 UTC 2018 /home/travis/build/icyphy/ptII/ptolemy/actor/lib/test/auto/PublisherPort6.xml
----------------- Instantiating /home/travis/build/icyphy/ptII/ptolemy/actor/lib/test/auto/PublisherPort6.xml
2 ms. Memory: 1507840K Free: 1122894K (74%)
----------------- Invoking toplevel() on ptolemy.moml.MoMLSimpleApplication@6536fcf4
----------------- Done invoking toplevel() on ptolemy.moml.MoMLSimpleApplication@6536fcf4
reloadAllAccessors: .PublisherPort6

===========================================================================================
----------------- testing Mon Nov 19 02:46:54 UTC 2018 /home/travis/build/icyphy/ptII/ptolemy/actor/lib/test/auto/PublisherPort7.xml
----------------- Instantiating /home/travis/build/icyphy/ptII/ptolemy/actor/lib/test/auto/PublisherPort7.xml
3 ms. Memory: 1507840K Free: 1102602K (73%)
----------------- Invoking toplevel() on ptolemy.moml.MoMLSimpleApplication@6876ff31
----------------- Done invoking toplevel() on ptolemy.moml.MoMLSimpleApplication@6876ff31
reloadAllAccessors: .PublisherPort7

===========================================================================================
----------------- testing Mon Nov 19 02:46:54 UTC 2018 /home/travis/build/icyphy/ptII/ptolemy/actor/lib/test/auto/PublisherPort8.xml
----------------- Instantiating /home/travis/build/icyphy/ptII/ptolemy/actor/lib/test/auto/PublisherPort8.xml
4 ms. Memory: 1507840K Free: 1088558K (72%)
----------------- Invoking toplevel() on ptolemy.moml.MoMLSimpleApplication@184bf031
----------------- Done invoking toplevel() on ptolemy.moml.MoMLSimpleApplication@184bf031
reloadAllAccessors: .PublisherPort8

===========================================================================================
----------------- testing Mon Nov 19 02:46:54 UTC 2018 /home/travis/build/icyphy/ptII/ptolemy/actor/lib/test/auto/PublisherPortSubscriberChannelVariablesAOC2.xml
----------------- Instantiating /home/travis/build/icyphy/ptII/ptolemy/actor/lib/test/auto/PublisherPortSubscriberChannelVariablesAOC2.xml
3 ms. Memory: 1507840K Free: 1054206K (70%)
----------------- Invoking toplevel() on ptolemy.moml.MoMLSimpleApplication@34afb6a8
----------------- Done invoking toplevel() on ptolemy.moml.MoMLSimpleApplication@34afb6a8
reloadAllAccessors: .PublisherPortSubscriberChannelVariablesAOC2

===========================================================================================
----------------- testing Mon Nov 19 02:46:54 UTC 2018 /home/travis/build/icyphy/ptII/ptolemy/actor/lib/test/auto/PublisherPortSubscriberOpaqueWidthInference.xml
----------------- Instantiating /home/travis/build/icyphy/ptII/ptolemy/actor/lib/test/auto/PublisherPortSubscriberOpaqueWidthInference.xml
3 ms. Memory: 1507840K Free: 1040162K (69%)
----------------- Invoking toplevel() on ptolemy.moml.MoMLSimpleApplication@c9e6359
----------------- Done invoking toplevel() on ptolemy.moml.MoMLSimpleApplication@c9e6359
reloadAllAccessors: .PublisherPortSubscriberOpaqueWidthInference

===========================================================================================
----------------- testing Mon Nov 19 02:46:54 UTC 2018 /home/travis/build/icyphy/ptII/ptolemy/actor/lib/test/auto/PublisherPortSubscriberPortAdjacent.xml
----------------- Instantiating /home/travis/build/icyphy/ptII/ptolemy/actor/lib/test/auto/PublisherPortSubscriberPortAdjacent.xml
1 ms. Memory: 1507840K Free: 1026117K (68%)
----------------- Invoking toplevel() on ptolemy.moml.MoMLSimpleApplication@142aefb3
----------------- Done invoking toplevel() on ptolemy.moml.MoMLSimpleApplication@142aefb3
reloadAllAccessors: .PublisherPortSubscriberPortAdjacent

===========================================================================================
----------------- testing Mon Nov 19 02:46:54 UTC 2018 /home/travis/build/icyphy/ptII/ptolemy/actor/lib/test/auto/PublisherPortSubscriberPortExpression.xml
----------------- Instantiating /home/travis/build/icyphy/ptII/ptolemy/actor/lib/test/auto/PublisherPortSubscriberPortExpression.xml
4 ms. Memory: 1507840K Free: 1005826K (67%)
----------------- Invoking toplevel() on ptolemy.moml.MoMLSimpleApplication@6ef1f0c4
----------------- Done invoking toplevel() on ptolemy.moml.MoMLSimpleApplication@6ef1f0c4
reloadAllAccessors: .PublisherPortSubscriberPortExpression

===========================================================================================
----------------- testing Mon Nov 19 02:46:54 UTC 2018 /home/travis/build/icyphy/ptII/ptolemy/actor/lib/test/auto/PublisherPortSubscriberPortOpaqueD3Reverse.xml
----------------- Instantiating /home/travis/build/icyphy/ptII/ptolemy/actor/lib/test/auto/PublisherPortSubscriberPortOpaqueD3Reverse.xml
4 ms. Memory: 1507840K Free: 991782K (66%)
----------------- Invoking toplevel() on ptolemy.moml.MoMLSimpleApplication@7f9ba8bf
----------------- Done invoking toplevel() on ptolemy.moml.MoMLSimpleApplication@7f9ba8bf
reloadAllAccessors: .PublisherPortSubscriberPortOpaqueD3Reverse

===========================================================================================
----------------- testing Mon Nov 19 02:46:54 UTC 2018 /home/travis/build/icyphy/ptII/ptolemy/actor/lib/test/auto/PublisherPortSubscriberPortOpaqueWidthInference.xml
----------------- Instantiating /home/travis/build/icyphy/ptII/ptolemy/actor/lib/test/auto/PublisherPortSubscriberPortOpaqueWidthInference.xml
4 ms. Memory: 1507840K Free: 971490K (64%)
----------------- Invoking toplevel() on ptolemy.moml.MoMLSimpleApplication@555c8ce7
----------------- Done invoking toplevel() on ptolemy.moml.MoMLSimpleApplication@555c8ce7
reloadAllAccessors: .PublisherPortSubscriberPortOpaqueWidthInference

===========================================================================================
----------------- testing Mon Nov 19 02:46:54 UTC 2018 /home/travis/build/icyphy/ptII/ptolemy/actor/lib/test/auto/PublisherPortToplevelSubscriberPortAOC.xml
----------------- Instantiating /home/travis/build/icyphy/ptII/ptolemy/actor/lib/test/auto/PublisherPortToplevelSubscriberPortAOC.xml
.PublisherPortToplevelSubscriberPortAOC.TestExceptionAttribute: initialize() was not invoked, but wrapup() was.  This is unusual, but not always a problem.  For example, exporting JNLP will do this.
1 ms. Memory: 1507840K Free: 957446K (63%)
----------------- Invoking toplevel() on ptolemy.moml.MoMLSimpleApplication@2db91490
----------------- Done invoking toplevel() on ptolemy.moml.MoMLSimpleApplication@2db91490
reloadAllAccessors: .PublisherPortToplevelSubscriberPortAOC

===========================================================================================
----------------- testing Mon Nov 19 02:46:54 UTC 2018 /home/travis/build/icyphy/ptII/ptolemy/actor/lib/test/auto/PublisherSubscriber.xml
----------------- Instantiating /home/travis/build/icyphy/ptII/ptolemy/actor/lib/test/auto/PublisherSubscriber.xml
2 ms. Memory: 1507840K Free: 943401K (63%)
----------------- Invoking toplevel() on ptolemy.moml.MoMLSimpleApplication@1be87ba1
----------------- Done invoking toplevel() on ptolemy.moml.MoMLSimpleApplication@1be87ba1
reloadAllAccessors: .PublisherSubscriber

===========================================================================================
----------------- testing Mon Nov 19 02:46:54 UTC 2018 /home/travis/build/icyphy/ptII/ptolemy/actor/lib/test/auto/PublisherSubscriber10.xml
----------------- Instantiating /home/travis/build/icyphy/ptII/ptolemy/actor/lib/test/auto/PublisherSubscriber10.xml
5 ms. Memory: 1507840K Free: 923109K (61%)
----------------- Invoking toplevel() on ptolemy.moml.MoMLSimpleApplication@693a120d
----------------- Done invoking toplevel() on ptolemy.moml.MoMLSimpleApplication@693a120d
reloadAllAccessors: .PublisherSubscriber10

===========================================================================================
----------------- testing Mon Nov 19 02:46:54 UTC 2018 /home/travis/build/icyphy/ptII/ptolemy/actor/lib/test/auto/PublisherSubscriber10InitialOutputs.xml
----------------- Instantiating /home/travis/build/icyphy/ptII/ptolemy/actor/lib/test/auto/PublisherSubscriber10InitialOutputs.xml
12 ms. Memory: 1507840K Free: 909065K (60%)
----------------- Invoking toplevel() on ptolemy.moml.MoMLSimpleApplication@44b6d797
----------------- Done invoking toplevel() on ptolemy.moml.MoMLSimpleApplication@44b6d797
reloadAllAccessors: .PublisherSubscriber10InitialOutputs

===========================================================================================
----------------- testing Mon Nov 19 02:46:54 UTC 2018 /home/travis/build/icyphy/ptII/ptolemy/actor/lib/test/auto/PublisherSubscriber11.xml
----------------- Instantiating /home/travis/build/icyphy/ptII/ptolemy/actor/lib/test/auto/PublisherSubscriber11.xml
3 ms. Memory: 1507840K Free: 888773K (59%)
----------------- Invoking toplevel() on ptolemy.moml.MoMLSimpleApplication@397938ee
----------------- Done invoking toplevel() on ptolemy.moml.MoMLSimpleApplication@397938ee
reloadAllAccessors: .PublisherSubscriber11

===========================================================================================
----------------- testing Mon Nov 19 02:46:54 UTC 2018 /home/travis/build/icyphy/ptII/ptolemy/actor/lib/test/auto/PublisherSubscriber12.xml
----------------- Instantiating /home/travis/build/icyphy/ptII/ptolemy/actor/lib/test/auto/PublisherSubscriber12.xml
5 ms. Memory: 1507840K Free: 874729K (58%)
----------------- Invoking toplevel() on ptolemy.moml.MoMLSimpleApplication@250a5c88
----------------- Done invoking toplevel() on ptolemy.moml.MoMLSimpleApplication@250a5c88
reloadAllAccessors: .PublisherSubscriber12

===========================================================================================
----------------- testing Mon Nov 19 02:46:54 UTC 2018 /home/travis/build/icyphy/ptII/ptolemy/actor/lib/test/auto/PublisherSubscriber13.xml
----------------- Instantiating /home/travis/build/icyphy/ptII/ptolemy/actor/lib/test/auto/PublisherSubscriber13.xml
2 ms. Memory: 1507840K Free: 860685K (57%)
----------------- Invoking toplevel() on ptolemy.moml.MoMLSimpleApplication@76982925
----------------- Done invoking toplevel() on ptolemy.moml.MoMLSimpleApplication@76982925
reloadAllAccessors: .PublisherSubscriber13

===========================================================================================
----------------- testing Mon Nov 19 02:46:54 UTC 2018 /home/travis/build/icyphy/ptII/ptolemy/actor/lib/test/auto/PublisherSubscriber14.xml
----------------- Instantiating /home/travis/build/icyphy/ptII/ptolemy/actor/lib/test/auto/PublisherSubscriber14.xml
2 ms. Memory: 1507840K Free: 840393K (56%)
----------------- Invoking toplevel() on ptolemy.moml.MoMLSimpleApplication@741242b4
----------------- Done invoking toplevel() on ptolemy.moml.MoMLSimpleApplication@741242b4
reloadAllAccessors: .PublisherSubscriber14

===========================================================================================
----------------- testing Mon Nov 19 02:46:54 UTC 2018 /home/travis/build/icyphy/ptII/ptolemy/actor/lib/test/auto/PublisherSubscriber2.xml
----------------- Instantiating /home/travis/build/icyphy/ptII/ptolemy/actor/lib/test/auto/PublisherSubscriber2.xml
3 ms. Memory: 1507840K Free: 826349K (55%)
----------------- Invoking toplevel() on ptolemy.moml.MoMLSimpleApplication@1ef8ed4
----------------- Done invoking toplevel() on ptolemy.moml.MoMLSimpleApplication@1ef8ed4
reloadAllAccessors: .PublisherSubscriber2

===========================================================================================
----------------- testing Mon Nov 19 02:46:54 UTC 2018 /home/travis/build/icyphy/ptII/ptolemy/actor/lib/test/auto/PublisherSubscriber3.xml
----------------- Instantiating /home/travis/build/icyphy/ptII/ptolemy/actor/lib/test/auto/PublisherSubscriber3.xml
1 ms. Memory: 1507840K Free: 806058K (53%)
----------------- Invoking toplevel() on ptolemy.moml.MoMLSimpleApplication@293357f7
----------------- Done invoking toplevel() on ptolemy.moml.MoMLSimpleApplication@293357f7
reloadAllAccessors: .PublisherSubscriber3

===========================================================================================
----------------- testing Mon Nov 19 02:46:54 UTC 2018 /home/travis/build/icyphy/ptII/ptolemy/actor/lib/test/auto/PublisherSubscriber4.xml
----------------- Instantiating /home/travis/build/icyphy/ptII/ptolemy/actor/lib/test/auto/PublisherSubscriber4.xml
1 ms. Memory: 1507840K Free: 792014K (53%)
----------------- Invoking toplevel() on ptolemy.moml.MoMLSimpleApplication@369ae49
----------------- Done invoking toplevel() on ptolemy.moml.MoMLSimpleApplication@369ae49
reloadAllAccessors: .PublisherSubscriber4

===========================================================================================
----------------- testing Mon Nov 19 02:46:54 UTC 2018 /home/travis/build/icyphy/ptII/ptolemy/actor/lib/test/auto/PublisherSubscriber5.xml
----------------- Instantiating /home/travis/build/icyphy/ptII/ptolemy/actor/lib/test/auto/PublisherSubscriber5.xml
2 ms. Memory: 1507840K Free: 777969K (52%)
----------------- Invoking toplevel() on ptolemy.moml.MoMLSimpleApplication@2059e292
----------------- Done invoking toplevel() on ptolemy.moml.MoMLSimpleApplication@2059e292
reloadAllAccessors: .PublisherSubscriber5

===========================================================================================
----------------- testing Mon Nov 19 02:46:54 UTC 2018 /home/travis/build/icyphy/ptII/ptolemy/actor/lib/test/auto/PublisherSubscriber6.xml
----------------- Instantiating /home/travis/build/icyphy/ptII/ptolemy/actor/lib/test/auto/PublisherSubscriber6.xml
3 ms. Memory: 1507840K Free: 757678K (50%)
----------------- Invoking toplevel() on ptolemy.moml.MoMLSimpleApplication@5d863fb1
----------------- Done invoking toplevel() on ptolemy.moml.MoMLSimpleApplication@5d863fb1
reloadAllAccessors: .PublisherSubscriber6

===========================================================================================
----------------- testing Mon Nov 19 02:46:54 UTC 2018 /home/travis/build/icyphy/ptII/ptolemy/actor/lib/test/auto/PublisherSubscriber7.xml
----------------- Instantiating /home/travis/build/icyphy/ptII/ptolemy/actor/lib/test/auto/PublisherSubscriber7.xml
6 ms. Memory: 1507840K Free: 743634K (49%)
----------------- Invoking toplevel() on ptolemy.moml.MoMLSimpleApplication@698f88de
----------------- Done invoking toplevel() on ptolemy.moml.MoMLSimpleApplication@698f88de
reloadAllAccessors: .PublisherSubscriber7

===========================================================================================
----------------- testing Mon Nov 19 02:46:54 UTC 2018 /home/travis/build/icyphy/ptII/ptolemy/actor/lib/test/auto/PublisherSubscriber8.xml
----------------- Instantiating /home/travis/build/icyphy/ptII/ptolemy/actor/lib/test/auto/PublisherSubscriber8.xml
11 ms. Memory: 1507840K Free: 653121K (43%)
----------------- Invoking toplevel() on ptolemy.moml.MoMLSimpleApplication@b72b0a7
----------------- Done invoking toplevel() on ptolemy.moml.MoMLSimpleApplication@b72b0a7
reloadAllAccessors: .PublisherSubscriber8

===========================================================================================
----------------- testing Mon Nov 19 02:46:54 UTC 2018 /home/travis/build/icyphy/ptII/ptolemy/actor/lib/test/auto/PublisherSubscriber9.xml
----------------- Instantiating /home/travis/build/icyphy/ptII/ptolemy/actor/lib/test/auto/PublisherSubscriber9.xml
2 ms. Memory: 1507840K Free: 639077K (42%)
----------------- Invoking toplevel() on ptolemy.moml.MoMLSimpleApplication@7c8c141b
----------------- Done invoking toplevel() on ptolemy.moml.MoMLSimpleApplication@7c8c141b
reloadAllAccessors: .PublisherSubscriber9

===========================================================================================
----------------- testing Mon Nov 19 02:46:54 UTC 2018 /home/travis/build/icyphy/ptII/ptolemy/actor/lib/test/auto/PublisherSubscriberAdjacent.xml
----------------- Instantiating /home/travis/build/icyphy/ptII/ptolemy/actor/lib/test/auto/PublisherSubscriberAdjacent.xml
2 ms. Memory: 1507840K Free: 625032K (41%)
----------------- Invoking toplevel() on ptolemy.moml.MoMLSimpleApplication@2da6fc0b
----------------- Done invoking toplevel() on ptolemy.moml.MoMLSimpleApplication@2da6fc0b
reloadAllAccessors: .PublisherSubscriberAdjacent

===========================================================================================
----------------- testing Mon Nov 19 02:46:54 UTC 2018 /home/travis/build/icyphy/ptII/ptolemy/actor/lib/test/auto/PublisherSubscriberChannelVariablesAOC2.xml
----------------- Instantiating /home/travis/build/icyphy/ptII/ptolemy/actor/lib/test/auto/PublisherSubscriberChannelVariablesAOC2.xml
2 ms. Memory: 1507840K Free: 597719K (40%)
----------------- Invoking toplevel() on ptolemy.moml.MoMLSimpleApplication@271be6db
----------------- Done invoking toplevel() on ptolemy.moml.MoMLSimpleApplication@271be6db
reloadAllAccessors: .PublisherSubscriberChannelVariablesAOC2

===========================================================================================
----------------- testing Mon Nov 19 02:46:54 UTC 2018 /home/travis/build/icyphy/ptII/ptolemy/actor/lib/test/auto/PublisherSubscriberD3.xml
----------------- Instantiating /home/travis/build/icyphy/ptII/ptolemy/actor/lib/test/auto/PublisherSubscriberD3.xml
2 ms. Memory: 1507840K Free: 583674K (39%)
----------------- Invoking toplevel() on ptolemy.moml.MoMLSimpleApplication@7a6da94d
----------------- Done invoking toplevel() on ptolemy.moml.MoMLSimpleApplication@7a6da94d
reloadAllAccessors: .PublisherSubscriberD3

===========================================================================================
----------------- testing Mon Nov 19 02:46:54 UTC 2018 /home/travis/build/icyphy/ptII/ptolemy/actor/lib/test/auto/PublisherSubscriberD3Reverse.xml
----------------- Instantiating /home/travis/build/icyphy/ptII/ptolemy/actor/lib/test/auto/PublisherSubscriberD3Reverse.xml
2 ms. Memory: 1507840K Free: 563383K (37%)
----------------- Invoking toplevel() on ptolemy.moml.MoMLSimpleApplication@65547804
----------------- Done invoking toplevel() on ptolemy.moml.MoMLSimpleApplication@65547804
reloadAllAccessors: .PublisherSubscriberD3Reverse

===========================================================================================
----------------- testing Mon Nov 19 02:46:55 UTC 2018 /home/travis/build/icyphy/ptII/ptolemy/actor/lib/test/auto/PublisherSubscriberExpression.xml
----------------- Instantiating /home/travis/build/icyphy/ptII/ptolemy/actor/lib/test/auto/PublisherSubscriberExpression.xml
3 ms. Memory: 1507840K Free: 549339K (36%)
----------------- Invoking toplevel() on ptolemy.moml.MoMLSimpleApplication@550228e9
----------------- Done invoking toplevel() on ptolemy.moml.MoMLSimpleApplication@550228e9
reloadAllAccessors: .PublisherSubscriberExpression

===========================================================================================
----------------- testing Mon Nov 19 02:46:55 UTC 2018 /home/travis/build/icyphy/ptII/ptolemy/actor/lib/test/auto/PublisherSubscriberOpaque.xml
----------------- Instantiating /home/travis/build/icyphy/ptII/ptolemy/actor/lib/test/auto/PublisherSubscriberOpaque.xml
4 ms. Memory: 1507840K Free: 529047K (35%)
----------------- Invoking toplevel() on ptolemy.moml.MoMLSimpleApplication@4396b92
----------------- Done invoking toplevel() on ptolemy.moml.MoMLSimpleApplication@4396b92
reloadAllAccessors: .PublisherSubscriberOpaque

===========================================================================================
----------------- testing Mon Nov 19 02:46:55 UTC 2018 /home/travis/build/icyphy/ptII/ptolemy/actor/lib/test/auto/PublisherSubscriberOpaqueD3.xml
----------------- Instantiating /home/travis/build/icyphy/ptII/ptolemy/actor/lib/test/auto/PublisherSubscriberOpaqueD3.xml
5 ms. Memory: 1507840K Free: 507965K (34%)
----------------- Invoking toplevel() on ptolemy.moml.MoMLSimpleApplication@26d9635b
----------------- Done invoking toplevel() on ptolemy.moml.MoMLSimpleApplication@26d9635b
reloadAllAccessors: .PublisherSubscriberOpaqueD3

===========================================================================================
----------------- testing Mon Nov 19 02:46:55 UTC 2018 /home/travis/build/icyphy/ptII/ptolemy/actor/lib/test/auto/PublisherSubscriberOpaqueD3Reverse.xml
----------------- Instantiating /home/travis/build/icyphy/ptII/ptolemy/actor/lib/test/auto/PublisherSubscriberOpaqueD3Reverse.xml
6 ms. Memory: 1507840K Free: 493921K (33%)
----------------- Invoking toplevel() on ptolemy.moml.MoMLSimpleApplication@69056784
----------------- Done invoking toplevel() on ptolemy.moml.MoMLSimpleApplication@69056784
reloadAllAccessors: .PublisherSubscriberOpaqueD3Reverse

===========================================================================================
----------------- testing Mon Nov 19 02:46:55 UTC 2018 /home/travis/build/icyphy/ptII/ptolemy/actor/lib/test/auto/PublisherSubscriberOpaqueWidthInference.xml
----------------- Instantiating /home/travis/build/icyphy/ptII/ptolemy/actor/lib/test/auto/PublisherSubscriberOpaqueWidthInference.xml
5 ms. Memory: 1507840K Free: 473629K (31%)
----------------- Invoking toplevel() on ptolemy.moml.MoMLSimpleApplication@5fb24b1f
----------------- Done invoking toplevel() on ptolemy.moml.MoMLSimpleApplication@5fb24b1f
reloadAllAccessors: .PublisherSubscriberOpaqueWidthInference

===========================================================================================
----------------- testing Mon Nov 19 02:46:55 UTC 2018 /home/travis/build/icyphy/ptII/ptolemy/actor/lib/test/auto/PublisherTestSubscriber.xml
----------------- Instantiating /home/travis/build/icyphy/ptII/ptolemy/actor/lib/test/auto/PublisherTestSubscriber.xml
2 ms. Memory: 1507840K Free: 459585K (30%)
----------------- Invoking toplevel() on ptolemy.moml.MoMLSimpleApplication@561a5cf9
----------------- Done invoking toplevel() on ptolemy.moml.MoMLSimpleApplication@561a5cf9
reloadAllAccessors: .PublisherTestSubscriber

===========================================================================================
----------------- testing Mon Nov 19 02:46:55 UTC 2018 /home/travis/build/icyphy/ptII/ptolemy/actor/lib/test/auto/PublisherToplevelSubscriberPortAOC.xml
----------------- Instantiating /home/travis/build/icyphy/ptII/ptolemy/actor/lib/test/auto/PublisherToplevelSubscriberPortAOC.xml
1 ms. Memory: 1507840K Free: 439293K (29%)
----------------- Invoking toplevel() on ptolemy.moml.MoMLSimpleApplication@4b15471
----------------- Done invoking toplevel() on ptolemy.moml.MoMLSimpleApplication@4b15471
reloadAllAccessors: .PublisherToplevelSubscriberPortAOC

===========================================================================================
----------------- testing Mon Nov 19 02:46:55 UTC 2018 /home/travis/build/icyphy/ptII/ptolemy/actor/lib/test/auto/PulseFiringLimitDE.xml
----------------- Instantiating /home/travis/build/icyphy/ptII/ptolemy/actor/lib/test/auto/PulseFiringLimitDE.xml
2 ms. Memory: 1507840K Free: 425249K (28%)
----------------- Invoking toplevel() on ptolemy.moml.MoMLSimpleApplication@140bafe9
----------------- Done invoking toplevel() on ptolemy.moml.MoMLSimpleApplication@140bafe9
reloadAllAccessors: .PulseFiringLimitDE

===========================================================================================
----------------- testing Mon Nov 19 02:46:55 UTC 2018 /home/travis/build/icyphy/ptII/ptolemy/actor/lib/test/auto/Ramp1.xml
----------------- Instantiating /home/travis/build/icyphy/ptII/ptolemy/actor/lib/test/auto/Ramp1.xml
1 ms. Memory: 1507840K Free: 411205K (27%)
----------------- Invoking toplevel() on ptolemy.moml.MoMLSimpleApplication@54d15a5c
----------------- Done invoking toplevel() on ptolemy.moml.MoMLSimpleApplication@54d15a5c
reloadAllAccessors: .Ramp1

===========================================================================================
----------------- testing Mon Nov 19 02:46:55 UTC 2018 /home/travis/build/icyphy/ptII/ptolemy/actor/lib/test/auto/RampFiringLimitDE.xml
----------------- Instantiating /home/travis/build/icyphy/ptII/ptolemy/actor/lib/test/auto/RampFiringLimitDE.xml
3 ms. Memory: 1507840K Free: 390913K (26%)
----------------- Invoking toplevel() on ptolemy.moml.MoMLSimpleApplication@6de14535
----------------- Done invoking toplevel() on ptolemy.moml.MoMLSimpleApplication@6de14535
reloadAllAccessors: .RampFiringLimitDE

===========================================================================================
----------------- testing Mon Nov 19 02:46:55 UTC 2018 /home/travis/build/icyphy/ptII/ptolemy/actor/lib/test/auto/RampFiringLimitSDF.xml
----------------- Instantiating /home/travis/build/icyphy/ptII/ptolemy/actor/lib/test/auto/RampFiringLimitSDF.xml
1 ms. Memory: 1507840K Free: 376869K (25%)
----------------- Invoking toplevel() on ptolemy.moml.MoMLSimpleApplication@685f2b04
----------------- Done invoking toplevel() on ptolemy.moml.MoMLSimpleApplication@685f2b04
reloadAllAccessors: .RampFiringLimitSDF

===========================================================================================
----------------- testing Mon Nov 19 02:46:55 UTC 2018 /home/travis/build/icyphy/ptII/ptolemy/actor/lib/test/auto/RandomInteger.xml
----------------- Instantiating /home/travis/build/icyphy/ptII/ptolemy/actor/lib/test/auto/RandomInteger.xml
1 ms. Memory: 1507840K Free: 356577K (24%)
----------------- Invoking toplevel() on ptolemy.moml.MoMLSimpleApplication@7cb48097
----------------- Done invoking toplevel() on ptolemy.moml.MoMLSimpleApplication@7cb48097
reloadAllAccessors: .RandomInteger

===========================================================================================
----------------- testing Mon Nov 19 02:46:55 UTC 2018 /home/travis/build/icyphy/ptII/ptolemy/actor/lib/test/auto/ReadFile1.xml
----------------- Instantiating /home/travis/build/icyphy/ptII/ptolemy/actor/lib/test/auto/ReadFile1.xml
1 ms. Memory: 1507840K Free: 342533K (23%)
----------------- Invoking toplevel() on ptolemy.moml.MoMLSimpleApplication@e4c299d
----------------- Done invoking toplevel() on ptolemy.moml.MoMLSimpleApplication@e4c299d
reloadAllAccessors: .ReadFile1

===========================================================================================
----------------- testing Mon Nov 19 02:46:55 UTC 2018 /home/travis/build/icyphy/ptII/ptolemy/actor/lib/test/auto/ReadFile2.xml
----------------- Instantiating /home/travis/build/icyphy/ptII/ptolemy/actor/lib/test/auto/ReadFile2.xml
1 ms. Memory: 1507840K Free: 328489K (22%)
----------------- Invoking toplevel() on ptolemy.moml.MoMLSimpleApplication@3383453d
----------------- Done invoking toplevel() on ptolemy.moml.MoMLSimpleApplication@3383453d
reloadAllAccessors: .ReadFile2

===========================================================================================
----------------- testing Mon Nov 19 02:46:55 UTC 2018 /home/travis/build/icyphy/ptII/ptolemy/actor/lib/test/auto/Reader.xml
----------------- Instantiating /home/travis/build/icyphy/ptII/ptolemy/actor/lib/test/auto/Reader.xml
actor.lib.Reader is obsolete, use actor.lib.io.ExpressionReader instead
6 ms. Memory: 1507840K Free: 308197K (20%)
----------------- Invoking toplevel() on ptolemy.moml.MoMLSimpleApplication@31746197
----------------- Done invoking toplevel() on ptolemy.moml.MoMLSimpleApplication@31746197
reloadAllAccessors: .Reader

===========================================================================================
----------------- testing Mon Nov 19 02:46:55 UTC 2018 /home/travis/build/icyphy/ptII/ptolemy/actor/lib/test/auto/RecordAssemblerDisplayNameTest.xml
----------------- Instantiating /home/travis/build/icyphy/ptII/ptolemy/actor/lib/test/auto/RecordAssemblerDisplayNameTest.xml
3048 ms. Memory: 1534976K Free: 481221K (31%)
----------------- Invoking toplevel() on ptolemy.moml.MoMLSimpleApplication@76bfbbdd
----------------- Done invoking toplevel() on ptolemy.moml.MoMLSimpleApplication@76bfbbdd
reloadAllAccessors: .RecordAssemblerDisplayNameTest

===========================================================================================
----------------- testing Mon Nov 19 02:46:58 UTC 2018 /home/travis/build/icyphy/ptII/ptolemy/actor/lib/test/auto/RecordAssemblerTypeError.xml
----------------- Instantiating /home/travis/build/icyphy/ptII/ptolemy/actor/lib/test/auto/RecordAssemblerTypeError.xml
4 ms. Memory: 1534976K Free: 451295K (29%)
----------------- Invoking toplevel() on ptolemy.moml.MoMLSimpleApplication@25c9995d
----------------- Done invoking toplevel() on ptolemy.moml.MoMLSimpleApplication@25c9995d
reloadAllAccessors: .RecordAssemblerTypeError

===========================================================================================
----------------- testing Mon Nov 19 02:46:58 UTC 2018 /home/travis/build/icyphy/ptII/ptolemy/actor/lib/test/auto/RecordDisassember.xml
----------------- Instantiating /home/travis/build/icyphy/ptII/ptolemy/actor/lib/test/auto/RecordDisassember.xml
3 ms. Memory: 1534976K Free: 437106K (28%)
----------------- Invoking toplevel() on ptolemy.moml.MoMLSimpleApplication@28e09ab4
----------------- Done invoking toplevel() on ptolemy.moml.MoMLSimpleApplication@28e09ab4
reloadAllAccessors: .RecordDisassember

===========================================================================================
----------------- testing Mon Nov 19 02:46:58 UTC 2018 /home/travis/build/icyphy/ptII/ptolemy/actor/lib/test/auto/RecordDisassemberDisplayNameTest.xml
----------------- Instantiating /home/travis/build/icyphy/ptII/ptolemy/actor/lib/test/auto/RecordDisassemberDisplayNameTest.xml
5 ms. Memory: 1534976K Free: 417781K (27%)
----------------- Invoking toplevel() on ptolemy.moml.MoMLSimpleApplication@7389cff7
----------------- Done invoking toplevel() on ptolemy.moml.MoMLSimpleApplication@7389cff7
reloadAllAccessors: .RecordDisassemberDisplayNameTest

===========================================================================================
----------------- testing Mon Nov 19 02:46:58 UTC 2018 /home/travis/build/icyphy/ptII/ptolemy/actor/lib/test/auto/RecordDisassembler.xml
----------------- Instantiating /home/travis/build/icyphy/ptII/ptolemy/actor/lib/test/auto/RecordDisassembler.xml
2 ms. Memory: 1534976K Free: 403645K (26%)
----------------- Invoking toplevel() on ptolemy.moml.MoMLSimpleApplication@1c0b5ce0
----------------- Done invoking toplevel() on ptolemy.moml.MoMLSimpleApplication@1c0b5ce0
reloadAllAccessors: .RecordDisassembler

===========================================================================================
----------------- testing Mon Nov 19 02:46:58 UTC 2018 /home/travis/build/icyphy/ptII/ptolemy/actor/lib/test/auto/RecordDisassembler2.xml
----------------- Instantiating /home/travis/build/icyphy/ptII/ptolemy/actor/lib/test/auto/RecordDisassembler2.xml
2 ms. Memory: 1534976K Free: 384321K (25%)
----------------- Invoking toplevel() on ptolemy.moml.MoMLSimpleApplication@119fa971
----------------- Done invoking toplevel() on ptolemy.moml.MoMLSimpleApplication@119fa971
reloadAllAccessors: .RecordDisassembler2

===========================================================================================
----------------- testing Mon Nov 19 02:46:58 UTC 2018 /home/travis/build/icyphy/ptII/ptolemy/actor/lib/test/auto/RecordUpdater.xml
----------------- Instantiating /home/travis/build/icyphy/ptII/ptolemy/actor/lib/test/auto/RecordUpdater.xml
2 ms. Memory: 1534976K Free: 370185K (24%)
----------------- Invoking toplevel() on ptolemy.moml.MoMLSimpleApplication@53738029
----------------- Done invoking toplevel() on ptolemy.moml.MoMLSimpleApplication@53738029
reloadAllAccessors: .RecordUpdater

===========================================================================================
----------------- testing Mon Nov 19 02:46:58 UTC 2018 /home/travis/build/icyphy/ptII/ptolemy/actor/lib/test/auto/RecordUpdater2.xml
----------------- Instantiating /home/travis/build/icyphy/ptII/ptolemy/actor/lib/test/auto/RecordUpdater2.xml
2 ms. Memory: 1534976K Free: 350860K (23%)
----------------- Invoking toplevel() on ptolemy.moml.MoMLSimpleApplication@21c3d587
----------------- Done invoking toplevel() on ptolemy.moml.MoMLSimpleApplication@21c3d587
reloadAllAccessors: .RecordUpdater2

===========================================================================================
----------------- testing Mon Nov 19 02:46:58 UTC 2018 /home/travis/build/icyphy/ptII/ptolemy/actor/lib/test/auto/RecursiveLattice.xml
----------------- Instantiating /home/travis/build/icyphy/ptII/ptolemy/actor/lib/test/auto/RecursiveLattice.xml
1 ms. Memory: 1534976K Free: 336724K (22%)
----------------- Invoking toplevel() on ptolemy.moml.MoMLSimpleApplication@2d575e46
----------------- Done invoking toplevel() on ptolemy.moml.MoMLSimpleApplication@2d575e46
reloadAllAccessors: .RecursiveLattice

===========================================================================================
----------------- testing Mon Nov 19 02:46:58 UTC 2018 /home/travis/build/icyphy/ptII/ptolemy/actor/lib/test/auto/Router.xml
----------------- Instantiating /home/travis/build/icyphy/ptII/ptolemy/actor/lib/test/auto/Router.xml
3004 ms. Memory: 1534976K Free: 317400K (21%)
----------------- Invoking toplevel() on ptolemy.moml.MoMLSimpleApplication@561537fa
----------------- Done invoking toplevel() on ptolemy.moml.MoMLSimpleApplication@561537fa
reloadAllAccessors: .Router

===========================================================================================
----------------- testing Mon Nov 19 02:47:01 UTC 2018 /home/travis/build/icyphy/ptII/ptolemy/actor/lib/test/auto/Router2.xml
----------------- Instantiating /home/travis/build/icyphy/ptII/ptolemy/actor/lib/test/auto/Router2.xml
3003 ms. Memory: 1534976K Free: 303263K (20%)
----------------- Invoking toplevel() on ptolemy.moml.MoMLSimpleApplication@6793297d
----------------- Done invoking toplevel() on ptolemy.moml.MoMLSimpleApplication@6793297d
reloadAllAccessors: .Router2

===========================================================================================
----------------- testing Mon Nov 19 02:47:04 UTC 2018 /home/travis/build/icyphy/ptII/ptolemy/actor/lib/test/auto/RunningMaximum.xml
----------------- Instantiating /home/travis/build/icyphy/ptII/ptolemy/actor/lib/test/auto/RunningMaximum.xml
2 ms. Memory: 1534976K Free: 283939K (18%)
----------------- Invoking toplevel() on ptolemy.moml.MoMLSimpleApplication@59ddfe81
----------------- Done invoking toplevel() on ptolemy.moml.MoMLSimpleApplication@59ddfe81
reloadAllAccessors: .RunningMaximum

===========================================================================================
----------------- testing Mon Nov 19 02:47:04 UTC 2018 /home/travis/build/icyphy/ptII/ptolemy/actor/lib/test/auto/RunningMinimum.xml
----------------- Instantiating /home/travis/build/icyphy/ptII/ptolemy/actor/lib/test/auto/RunningMinimum.xml
2 ms. Memory: 1534976K Free: 269803K (18%)
----------------- Invoking toplevel() on ptolemy.moml.MoMLSimpleApplication@33cfadd5
----------------- Done invoking toplevel() on ptolemy.moml.MoMLSimpleApplication@33cfadd5
reloadAllAccessors: .RunningMinimum

===========================================================================================
----------------- testing Mon Nov 19 02:47:04 UTC 2018 /home/travis/build/icyphy/ptII/ptolemy/actor/lib/test/auto/Scale.xml
----------------- Instantiating /home/travis/build/icyphy/ptII/ptolemy/actor/lib/test/auto/Scale.xml
2 ms. Memory: 1534976K Free: 250478K (16%)
----------------- Invoking toplevel() on ptolemy.moml.MoMLSimpleApplication@102c69e
----------------- Done invoking toplevel() on ptolemy.moml.MoMLSimpleApplication@102c69e
reloadAllAccessors: .Scale

===========================================================================================
----------------- testing Mon Nov 19 02:47:04 UTC 2018 /home/travis/build/icyphy/ptII/ptolemy/actor/lib/test/auto/Scale2.xml
----------------- Instantiating /home/travis/build/icyphy/ptII/ptolemy/actor/lib/test/auto/Scale2.xml
1 ms. Memory: 1534976K Free: 236342K (15%)
----------------- Invoking toplevel() on ptolemy.moml.MoMLSimpleApplication@359e3441
----------------- Done invoking toplevel() on ptolemy.moml.MoMLSimpleApplication@359e3441
reloadAllAccessors: .Scale2

===========================================================================================
----------------- testing Mon Nov 19 02:47:04 UTC 2018 /home/travis/build/icyphy/ptII/ptolemy/actor/lib/test/auto/Scale3.xml
----------------- Instantiating /home/travis/build/icyphy/ptII/ptolemy/actor/lib/test/auto/Scale3.xml
7 ms. Memory: 1534976K Free: 217018K (14%)
----------------- Invoking toplevel() on ptolemy.moml.MoMLSimpleApplication@5c2afd5b
----------------- Done invoking toplevel() on ptolemy.moml.MoMLSimpleApplication@5c2afd5b
reloadAllAccessors: .Scale3

===========================================================================================
----------------- testing Mon Nov 19 02:47:04 UTC 2018 /home/travis/build/icyphy/ptII/ptolemy/actor/lib/test/auto/ScaleArray.xml
----------------- Instantiating /home/travis/build/icyphy/ptII/ptolemy/actor/lib/test/auto/ScaleArray.xml
2 ms. Memory: 1534976K Free: 202881K (13%)
----------------- Invoking toplevel() on ptolemy.moml.MoMLSimpleApplication@653cd62d
----------------- Done invoking toplevel() on ptolemy.moml.MoMLSimpleApplication@653cd62d
reloadAllAccessors: .ScaleArray

===========================================================================================
----------------- testing Mon Nov 19 02:47:04 UTC 2018 /home/travis/build/icyphy/ptII/ptolemy/actor/lib/test/auto/ScaleArray2.xml
----------------- Instantiating /home/travis/build/icyphy/ptII/ptolemy/actor/lib/test/auto/ScaleArray2.xml
2 ms. Memory: 1534976K Free: 183557K (12%)
----------------- Invoking toplevel() on ptolemy.moml.MoMLSimpleApplication@3d67eb41
----------------- Done invoking toplevel() on ptolemy.moml.MoMLSimpleApplication@3d67eb41
reloadAllAccessors: .ScaleArray2

===========================================================================================
----------------- testing Mon Nov 19 02:47:04 UTC 2018 /home/travis/build/icyphy/ptII/ptolemy/actor/lib/test/auto/ScaleMatrix.xml
----------------- Instantiating /home/travis/build/icyphy/ptII/ptolemy/actor/lib/test/auto/ScaleMatrix.xml
134 ms. Memory: 1534976K Free: 162353K (11%)
----------------- Invoking toplevel() on ptolemy.moml.MoMLSimpleApplication@1ea0ce8c
----------------- Done invoking toplevel() on ptolemy.moml.MoMLSimpleApplication@1ea0ce8c
reloadAllAccessors: .ScaleMatrix

===========================================================================================
----------------- testing Mon Nov 19 02:47:04 UTC 2018 /home/travis/build/icyphy/ptII/ptolemy/actor/lib/test/auto/Select.xml
----------------- Instantiating /home/travis/build/icyphy/ptII/ptolemy/actor/lib/test/auto/Select.xml
1 ms. Memory: 1534976K Free: 143028K (9%)
----------------- Invoking toplevel() on ptolemy.moml.MoMLSimpleApplication@689dc5e4
----------------- Done invoking toplevel() on ptolemy.moml.MoMLSimpleApplication@689dc5e4
reloadAllAccessors: .Select

===========================================================================================
----------------- testing Mon Nov 19 02:47:04 UTC 2018 /home/travis/build/icyphy/ptII/ptolemy/actor/lib/test/auto/Select2.xml
----------------- Instantiating /home/travis/build/icyphy/ptII/ptolemy/actor/lib/test/auto/Select2.xml
1 ms. Memory: 1534976K Free: 128892K (8%)
----------------- Invoking toplevel() on ptolemy.moml.MoMLSimpleApplication@39c74b5e
----------------- Done invoking toplevel() on ptolemy.moml.MoMLSimpleApplication@39c74b5e
reloadAllAccessors: .Select2

===========================================================================================
----------------- testing Mon Nov 19 02:47:04 UTC 2018 /home/travis/build/icyphy/ptII/ptolemy/actor/lib/test/auto/SequenceToArray2.xml
----------------- Instantiating /home/travis/build/icyphy/ptII/ptolemy/actor/lib/test/auto/SequenceToArray2.xml
93 ms. Memory: 1649664K Free: 1550942K (94%)
----------------- Invoking toplevel() on ptolemy.moml.MoMLSimpleApplication@6604dfc4
----------------- Done invoking toplevel() on ptolemy.moml.MoMLSimpleApplication@6604dfc4
reloadAllAccessors: .SequenceToArray2

===========================================================================================
----------------- testing Mon Nov 19 02:47:04 UTC 2018 /home/travis/build/icyphy/ptII/ptolemy/actor/lib/test/auto/SequentialClock.xml
----------------- Instantiating /home/travis/build/icyphy/ptII/ptolemy/actor/lib/test/auto/SequentialClock.xml
1 ms. Memory: 1649664K Free: 1530475K (93%)
----------------- Invoking toplevel() on ptolemy.moml.MoMLSimpleApplication@6704ab5a
----------------- Done invoking toplevel() on ptolemy.moml.MoMLSimpleApplication@6704ab5a
reloadAllAccessors: .SequentialClock

===========================================================================================
----------------- testing Mon Nov 19 02:47:04 UTC 2018 /home/travis/build/icyphy/ptII/ptolemy/actor/lib/test/auto/SetVariable.xml
----------------- Instantiating /home/travis/build/icyphy/ptII/ptolemy/actor/lib/test/auto/SetVariable.xml
2 ms. Memory: 1649664K Free: 1513987K (92%)
----------------- Invoking toplevel() on ptolemy.moml.MoMLSimpleApplication@3edb56d7
----------------- Done invoking toplevel() on ptolemy.moml.MoMLSimpleApplication@3edb56d7
reloadAllAccessors: .SetVariable

===========================================================================================
----------------- testing Mon Nov 19 02:47:05 UTC 2018 /home/travis/build/icyphy/ptII/ptolemy/actor/lib/test/auto/SetVariable2.xml
----------------- Instantiating /home/travis/build/icyphy/ptII/ptolemy/actor/lib/test/auto/SetVariable2.xml
3 ms. Memory: 1649664K Free: 1501621K (91%)
----------------- Invoking toplevel() on ptolemy.moml.MoMLSimpleApplication@142443b4
----------------- Done invoking toplevel() on ptolemy.moml.MoMLSimpleApplication@142443b4
reloadAllAccessors: .SetVariable2

===========================================================================================
----------------- testing Mon Nov 19 02:47:05 UTC 2018 /home/travis/build/icyphy/ptII/ptolemy/actor/lib/test/auto/SetVariable3.xml
----------------- Instantiating /home/travis/build/icyphy/ptII/ptolemy/actor/lib/test/auto/SetVariable3.xml
5 ms. Memory: 1649664K Free: 1485133K (90%)
----------------- Invoking toplevel() on ptolemy.moml.MoMLSimpleApplication@1aed0a49
----------------- Done invoking toplevel() on ptolemy.moml.MoMLSimpleApplication@1aed0a49
reloadAllAccessors: .SetVariable3

===========================================================================================
----------------- testing Mon Nov 19 02:47:05 UTC 2018 /home/travis/build/icyphy/ptII/ptolemy/actor/lib/test/auto/SetVariable4.xml
----------------- Instantiating /home/travis/build/icyphy/ptII/ptolemy/actor/lib/test/auto/SetVariable4.xml
18 ms. Memory: 1649664K Free: 1425364K (86%)
----------------- Invoking toplevel() on ptolemy.moml.MoMLSimpleApplication@6da9dfab
----------------- Done invoking toplevel() on ptolemy.moml.MoMLSimpleApplication@6da9dfab
reloadAllAccessors: .SetVariable4

===========================================================================================
----------------- testing Mon Nov 19 02:47:05 UTC 2018 /home/travis/build/icyphy/ptII/ptolemy/actor/lib/test/auto/SetVariable5.xml
----------------- Instantiating /home/travis/build/icyphy/ptII/ptolemy/actor/lib/test/auto/SetVariable5.xml
16 ms. Memory: 1649664K Free: 1406815K (85%)
----------------- Invoking toplevel() on ptolemy.moml.MoMLSimpleApplication@1ea638c2
----------------- Done invoking toplevel() on ptolemy.moml.MoMLSimpleApplication@1ea638c2
reloadAllAccessors: .SetVariable5

===========================================================================================
----------------- testing Mon Nov 19 02:47:05 UTC 2018 /home/travis/build/icyphy/ptII/ptolemy/actor/lib/test/auto/Sinewave.xml
----------------- Instantiating /home/travis/build/icyphy/ptII/ptolemy/actor/lib/test/auto/Sinewave.xml
7 ms. Memory: 1649664K Free: 1384144K (84%)
----------------- Invoking toplevel() on ptolemy.moml.MoMLSimpleApplication@4050ef69
----------------- Done invoking toplevel() on ptolemy.moml.MoMLSimpleApplication@4050ef69
reloadAllAccessors: .Sinewave

===========================================================================================
----------------- testing Mon Nov 19 02:47:05 UTC 2018 /home/travis/build/icyphy/ptII/ptolemy/actor/lib/test/auto/Sinewave2.xml
----------------- Instantiating /home/travis/build/icyphy/ptII/ptolemy/actor/lib/test/auto/Sinewave2.xml
6 ms. Memory: 1649664K Free: 1371778K (83%)
----------------- Invoking toplevel() on ptolemy.moml.MoMLSimpleApplication@53adba81
----------------- Done invoking toplevel() on ptolemy.moml.MoMLSimpleApplication@53adba81
reloadAllAccessors: .Sinewave2

===========================================================================================
----------------- testing Mon Nov 19 02:47:05 UTC 2018 /home/travis/build/icyphy/ptII/ptolemy/actor/lib/test/auto/Sinewave3.xml
----------------- Instantiating /home/travis/build/icyphy/ptII/ptolemy/actor/lib/test/auto/Sinewave3.xml
8 ms. Memory: 1649664K Free: 1355290K (82%)
----------------- Invoking toplevel() on ptolemy.moml.MoMLSimpleApplication@60ebd1a3
----------------- Done invoking toplevel() on ptolemy.moml.MoMLSimpleApplication@60ebd1a3
reloadAllAccessors: .Sinewave3

===========================================================================================
----------------- testing Mon Nov 19 02:47:05 UTC 2018 /home/travis/build/icyphy/ptII/ptolemy/actor/lib/test/auto/SingleEvent.xml
----------------- Instantiating /home/travis/build/icyphy/ptII/ptolemy/actor/lib/test/auto/SingleEvent.xml
1 ms. Memory: 1649664K Free: 1338802K (81%)
----------------- Invoking toplevel() on ptolemy.moml.MoMLSimpleApplication@1dd33f35
----------------- Done invoking toplevel() on ptolemy.moml.MoMLSimpleApplication@1dd33f35
reloadAllAccessors: .SingleEvent

===========================================================================================
----------------- testing Mon Nov 19 02:47:05 UTC 2018 /home/travis/build/icyphy/ptII/ptolemy/actor/lib/test/auto/Sleep.xml
----------------- Instantiating /home/travis/build/icyphy/ptII/ptolemy/actor/lib/test/auto/Sleep.xml
6003 ms. Memory: 1649664K Free: 1326436K (80%)
----------------- Invoking toplevel() on ptolemy.moml.MoMLSimpleApplication@2ab8171e
----------------- Done invoking toplevel() on ptolemy.moml.MoMLSimpleApplication@2ab8171e
reloadAllAccessors: .Sleep

===========================================================================================
----------------- testing Mon Nov 19 02:47:11 UTC 2018 /home/travis/build/icyphy/ptII/ptolemy/actor/lib/test/auto/SleepMultipleFire.xml
----------------- Instantiating /home/travis/build/icyphy/ptII/ptolemy/actor/lib/test/auto/SleepMultipleFire.xml
1005 ms. Memory: 1649664K Free: 1309948K (79%)
----------------- Invoking toplevel() on ptolemy.moml.MoMLSimpleApplication@5f97e741
----------------- Done invoking toplevel() on ptolemy.moml.MoMLSimpleApplication@5f97e741
reloadAllAccessors: .SleepMultipleFire

===========================================================================================
----------------- testing Mon Nov 19 02:47:12 UTC 2018 /home/travis/build/icyphy/ptII/ptolemy/actor/lib/test/auto/StopDE.xml
----------------- Instantiating /home/travis/build/icyphy/ptII/ptolemy/actor/lib/test/auto/StopDE.xml
2 ms. Memory: 1649664K Free: 1293459K (78%)
----------------- Invoking toplevel() on ptolemy.moml.MoMLSimpleApplication@54b47ee0
----------------- Done invoking toplevel() on ptolemy.moml.MoMLSimpleApplication@54b47ee0
reloadAllAccessors: .StopDE

===========================================================================================
----------------- testing Mon Nov 19 02:47:12 UTC 2018 /home/travis/build/icyphy/ptII/ptolemy/actor/lib/test/auto/StopSDF.xml
----------------- Instantiating /home/travis/build/icyphy/ptII/ptolemy/actor/lib/test/auto/StopSDF.xml
2 ms. Memory: 1649664K Free: 1281093K (78%)
----------------- Invoking toplevel() on ptolemy.moml.MoMLSimpleApplication@7b0adb56
----------------- Done invoking toplevel() on ptolemy.moml.MoMLSimpleApplication@7b0adb56
reloadAllAccessors: .StopSDF

===========================================================================================
----------------- testing Mon Nov 19 02:47:12 UTC 2018 /home/travis/build/icyphy/ptII/ptolemy/actor/lib/test/auto/StringConstant.xml
----------------- Instantiating /home/travis/build/icyphy/ptII/ptolemy/actor/lib/test/auto/StringConstant.xml
2 ms. Memory: 1649664K Free: 1264605K (77%)
----------------- Invoking toplevel() on ptolemy.moml.MoMLSimpleApplication@1aa132d3
----------------- Done invoking toplevel() on ptolemy.moml.MoMLSimpleApplication@1aa132d3
reloadAllAccessors: .StringConstant

===========================================================================================
----------------- testing Mon Nov 19 02:47:12 UTC 2018 /home/travis/build/icyphy/ptII/ptolemy/actor/lib/test/auto/SubscriberPortInitialValues1.xml
----------------- Instantiating /home/travis/build/icyphy/ptII/ptolemy/actor/lib/test/auto/SubscriberPortInitialValues1.xml
4 ms. Memory: 1649664K Free: 1252239K (76%)
----------------- Invoking toplevel() on ptolemy.moml.MoMLSimpleApplication@7ded392
----------------- Done invoking toplevel() on ptolemy.moml.MoMLSimpleApplication@7ded392
reloadAllAccessors: .SubscriberPortInitialValues1

===========================================================================================
----------------- testing Mon Nov 19 02:47:12 UTC 2018 /home/travis/build/icyphy/ptII/ptolemy/actor/lib/test/auto/SubscriberPortInitialValues13.xml
----------------- Instantiating /home/travis/build/icyphy/ptII/ptolemy/actor/lib/test/auto/SubscriberPortInitialValues13.xml
4 ms. Memory: 1649664K Free: 1229552K (75%)
----------------- Invoking toplevel() on ptolemy.moml.MoMLSimpleApplication@7f8eece2
----------------- Done invoking toplevel() on ptolemy.moml.MoMLSimpleApplication@7f8eece2
reloadAllAccessors: .SubscriberPortInitialValues13

===========================================================================================
----------------- testing Mon Nov 19 02:47:12 UTC 2018 /home/travis/build/icyphy/ptII/ptolemy/actor/lib/test/auto/SubscriberPortInitialValues14.xml
----------------- Instantiating /home/travis/build/icyphy/ptII/ptolemy/actor/lib/test/auto/SubscriberPortInitialValues14.xml
4 ms. Memory: 1649664K Free: 1213064K (74%)
----------------- Invoking toplevel() on ptolemy.moml.MoMLSimpleApplication@b6a9197
----------------- Done invoking toplevel() on ptolemy.moml.MoMLSimpleApplication@b6a9197
reloadAllAccessors: .SubscriberPortInitialValues14

===========================================================================================
----------------- testing Mon Nov 19 02:47:12 UTC 2018 /home/travis/build/icyphy/ptII/ptolemy/actor/lib/test/auto/SubscriberPortInitialValues2.xml
----------------- Instantiating /home/travis/build/icyphy/ptII/ptolemy/actor/lib/test/auto/SubscriberPortInitialValues2.xml
2 ms. Memory: 1649664K Free: 1200698K (73%)
----------------- Invoking toplevel() on ptolemy.moml.MoMLSimpleApplication@7964f99
----------------- Done invoking toplevel() on ptolemy.moml.MoMLSimpleApplication@7964f99
reloadAllAccessors: .SubscriberPortInitialValues2

===========================================================================================
----------------- testing Mon Nov 19 02:47:12 UTC 2018 /home/travis/build/icyphy/ptII/ptolemy/actor/lib/test/auto/SubscriberPortInitialValues3.xml
----------------- Instantiating /home/travis/build/icyphy/ptII/ptolemy/actor/lib/test/auto/SubscriberPortInitialValues3.xml
3 ms. Memory: 1649664K Free: 1178010K (71%)
----------------- Invoking toplevel() on ptolemy.moml.MoMLSimpleApplication@5d3c73a7
----------------- Done invoking toplevel() on ptolemy.moml.MoMLSimpleApplication@5d3c73a7
reloadAllAccessors: .SubscriberPortInitialValues3

===========================================================================================
----------------- testing Mon Nov 19 02:47:12 UTC 2018 /home/travis/build/icyphy/ptII/ptolemy/actor/lib/test/auto/SubscriptionAggregator.xml
----------------- Instantiating /home/travis/build/icyphy/ptII/ptolemy/actor/lib/test/auto/SubscriptionAggregator.xml
2 ms. Memory: 1649664K Free: 1161522K (70%)
----------------- Invoking toplevel() on ptolemy.moml.MoMLSimpleApplication@2be0b75
----------------- Done invoking toplevel() on ptolemy.moml.MoMLSimpleApplication@2be0b75
reloadAllAccessors: .SubscriptionAggregator

===========================================================================================
----------------- testing Mon Nov 19 02:47:12 UTC 2018 /home/travis/build/icyphy/ptII/ptolemy/actor/lib/test/auto/SubscriptionAggregator2.xml
----------------- Instantiating /home/travis/build/icyphy/ptII/ptolemy/actor/lib/test/auto/SubscriptionAggregator2.xml
2 ms. Memory: 1649664K Free: 1149156K (70%)
----------------- Invoking toplevel() on ptolemy.moml.MoMLSimpleApplication@3116c5d9
----------------- Done invoking toplevel() on ptolemy.moml.MoMLSimpleApplication@3116c5d9
reloadAllAccessors: .SubscriptionAggregator2

===========================================================================================
----------------- testing Mon Nov 19 02:47:12 UTC 2018 /home/travis/build/icyphy/ptII/ptolemy/actor/lib/test/auto/SubscriptionAggregator3.xml
----------------- Instantiating /home/travis/build/icyphy/ptII/ptolemy/actor/lib/test/auto/SubscriptionAggregator3.xml
2 ms. Memory: 1649664K Free: 1126469K (68%)
----------------- Invoking toplevel() on ptolemy.moml.MoMLSimpleApplication@6961fa5a
----------------- Done invoking toplevel() on ptolemy.moml.MoMLSimpleApplication@6961fa5a
reloadAllAccessors: .SubscriptionAggregator3

===========================================================================================
----------------- testing Mon Nov 19 02:47:12 UTC 2018 /home/travis/build/icyphy/ptII/ptolemy/actor/lib/test/auto/SubscriptionAggregatorMultiply.xml
----------------- Instantiating /home/travis/build/icyphy/ptII/ptolemy/actor/lib/test/auto/SubscriptionAggregatorMultiply.xml
3 ms. Memory: 1649664K Free: 1114103K (68%)
----------------- Invoking toplevel() on ptolemy.moml.MoMLSimpleApplication@46a626b
----------------- Done invoking toplevel() on ptolemy.moml.MoMLSimpleApplication@46a626b
reloadAllAccessors: .SubscriptionAggregatorMultiply

===========================================================================================
----------------- testing Mon Nov 19 02:47:12 UTC 2018 /home/travis/build/icyphy/ptII/ptolemy/actor/lib/test/auto/SubscriptionAggregatorPortMultiply1.xml
----------------- Instantiating /home/travis/build/icyphy/ptII/ptolemy/actor/lib/test/auto/SubscriptionAggregatorPortMultiply1.xml
3 ms. Memory: 1649664K Free: 1097615K (67%)
----------------- Invoking toplevel() on ptolemy.moml.MoMLSimpleApplication@9199b24
----------------- Done invoking toplevel() on ptolemy.moml.MoMLSimpleApplication@9199b24
reloadAllAccessors: .SubscriptionAggregatorPortMultiply1

===========================================================================================
----------------- testing Mon Nov 19 02:47:12 UTC 2018 /home/travis/build/icyphy/ptII/ptolemy/actor/lib/test/auto/Switch.xml
----------------- Instantiating /home/travis/build/icyphy/ptII/ptolemy/actor/lib/test/auto/Switch.xml
3 ms. Memory: 1649664K Free: 1044029K (63%)
----------------- Invoking toplevel() on ptolemy.moml.MoMLSimpleApplication@41901f0b
----------------- Done invoking toplevel() on ptolemy.moml.MoMLSimpleApplication@41901f0b
reloadAllAccessors: .Switch

===========================================================================================
----------------- testing Mon Nov 19 02:47:12 UTC 2018 /home/travis/build/icyphy/ptII/ptolemy/actor/lib/test/auto/Switch2.xml
----------------- Instantiating /home/travis/build/icyphy/ptII/ptolemy/actor/lib/test/auto/Switch2.xml
1 ms. Memory: 1649664K Free: 1031663K (63%)
----------------- Invoking toplevel() on ptolemy.moml.MoMLSimpleApplication@602fe41
----------------- Done invoking toplevel() on ptolemy.moml.MoMLSimpleApplication@602fe41
reloadAllAccessors: .Switch2

===========================================================================================
----------------- testing Mon Nov 19 02:47:12 UTC 2018 /home/travis/build/icyphy/ptII/ptolemy/actor/lib/test/auto/SwitchDE.xml
----------------- Instantiating /home/travis/build/icyphy/ptII/ptolemy/actor/lib/test/auto/SwitchDE.xml
1 ms. Memory: 1649664K Free: 1015175K (62%)
----------------- Invoking toplevel() on ptolemy.moml.MoMLSimpleApplication@716c73ec
----------------- Done invoking toplevel() on ptolemy.moml.MoMLSimpleApplication@716c73ec
reloadAllAccessors: .SwitchDE

===========================================================================================
----------------- testing Mon Nov 19 02:47:12 UTC 2018 /home/travis/build/icyphy/ptII/ptolemy/actor/lib/test/auto/SynchronizerDE.xml
----------------- Instantiating /home/travis/build/icyphy/ptII/ptolemy/actor/lib/test/auto/SynchronizerDE.xml
3 ms. Memory: 1649664K Free: 992488K (60%)
----------------- Invoking toplevel() on ptolemy.moml.MoMLSimpleApplication@5e25d6c0
----------------- Done invoking toplevel() on ptolemy.moml.MoMLSimpleApplication@5e25d6c0
reloadAllAccessors: .SynchronizerDE

===========================================================================================
----------------- testing Mon Nov 19 02:47:12 UTC 2018 /home/travis/build/icyphy/ptII/ptolemy/actor/lib/test/auto/Test.xml
----------------- Instantiating /home/travis/build/icyphy/ptII/ptolemy/actor/lib/test/auto/Test.xml
1 ms. Memory: 1649664K Free: 980122K (59%)
----------------- Invoking toplevel() on ptolemy.moml.MoMLSimpleApplication@3b938292
----------------- Done invoking toplevel() on ptolemy.moml.MoMLSimpleApplication@3b938292
reloadAllAccessors: .Test

===========================================================================================
----------------- testing Mon Nov 19 02:47:12 UTC 2018 /home/travis/build/icyphy/ptII/ptolemy/actor/lib/test/auto/TestExceptionAttribute1.xml
----------------- Instantiating /home/travis/build/icyphy/ptII/ptolemy/actor/lib/test/auto/TestExceptionAttribute1.xml
1 ms. Memory: 1649664K Free: 963634K (58%)
----------------- Invoking toplevel() on ptolemy.moml.MoMLSimpleApplication@527c9673
----------------- Done invoking toplevel() on ptolemy.moml.MoMLSimpleApplication@527c9673
reloadAllAccessors: .TestExceptionAttribute1

===========================================================================================
----------------- testing Mon Nov 19 02:47:12 UTC 2018 /home/travis/build/icyphy/ptII/ptolemy/actor/lib/test/auto/TestExceptionAttribute2.xml
----------------- Instantiating /home/travis/build/icyphy/ptII/ptolemy/actor/lib/test/auto/TestExceptionAttribute2.xml
1 ms. Memory: 1649664K Free: 951268K (58%)
----------------- Invoking toplevel() on ptolemy.moml.MoMLSimpleApplication@41de09b4
----------------- Done invoking toplevel() on ptolemy.moml.MoMLSimpleApplication@41de09b4
reloadAllAccessors: .TestExceptionAttribute2

===========================================================================================
----------------- testing Mon Nov 19 02:47:12 UTC 2018 /home/travis/build/icyphy/ptII/ptolemy/actor/lib/test/auto/TestExceptionAttribute3.xml
----------------- Instantiating /home/travis/build/icyphy/ptII/ptolemy/actor/lib/test/auto/TestExceptionAttribute3.xml
.TestExceptionAttribute3.TestExceptionAttribute: initialize() was not invoked, but wrapup() was.  This is unusual, but not always a problem.  For example, exporting JNLP will do this.
0 ms. Memory: 1649664K Free: 934780K (57%)
----------------- Invoking toplevel() on ptolemy.moml.MoMLSimpleApplication@56e2ec82
----------------- Done invoking toplevel() on ptolemy.moml.MoMLSimpleApplication@56e2ec82
reloadAllAccessors: .TestExceptionAttribute3

===========================================================================================
----------------- testing Mon Nov 19 02:47:12 UTC 2018 /home/travis/build/icyphy/ptII/ptolemy/actor/lib/test/auto/TestExceptionAttribute4.xml
----------------- Instantiating /home/travis/build/icyphy/ptII/ptolemy/actor/lib/test/auto/TestExceptionAttribute4.xml
.TestExceptionAttribute4.TestExceptionAttribute: initialize() was not invoked, but wrapup() was.  This is unusual, but not always a problem.  For example, exporting JNLP will do this.
.TestExceptionAttribute4.TestExceptionAttribute2: initialize() was not invoked, but wrapup() was.  This is unusual, but not always a problem.  For example, exporting JNLP will do this.
1 ms. Memory: 1649664K Free: 918291K (56%)
----------------- Invoking toplevel() on ptolemy.moml.MoMLSimpleApplication@5a6a7947
----------------- Done invoking toplevel() on ptolemy.moml.MoMLSimpleApplication@5a6a7947
reloadAllAccessors: .TestExceptionAttribute4

===========================================================================================
----------------- testing Mon Nov 19 02:47:12 UTC 2018 /home/travis/build/icyphy/ptII/ptolemy/actor/lib/test/auto/TestExceptionHandler1.xml
----------------- Instantiating /home/travis/build/icyphy/ptII/ptolemy/actor/lib/test/auto/TestExceptionHandler1.xml
1 ms. Memory: 1649664K Free: 905925K (55%)
----------------- Invoking toplevel() on ptolemy.moml.MoMLSimpleApplication@6a2d7ee8
----------------- Done invoking toplevel() on ptolemy.moml.MoMLSimpleApplication@6a2d7ee8
reloadAllAccessors: .TestExceptionHandler1

===========================================================================================
----------------- testing Mon Nov 19 02:47:12 UTC 2018 /home/travis/build/icyphy/ptII/ptolemy/actor/lib/test/auto/TestExceptionHandler2.xml
----------------- Instantiating /home/travis/build/icyphy/ptII/ptolemy/actor/lib/test/auto/TestExceptionHandler2.xml
1 ms. Memory: 1649664K Free: 889437K (54%)
----------------- Invoking toplevel() on ptolemy.moml.MoMLSimpleApplication@22bcfc5f
----------------- Done invoking toplevel() on ptolemy.moml.MoMLSimpleApplication@22bcfc5f
reloadAllAccessors: .TestExceptionHandler2

===========================================================================================
----------------- testing Mon Nov 19 02:47:12 UTC 2018 /home/travis/build/icyphy/ptII/ptolemy/actor/lib/test/auto/TestExceptionHandler3.xml
----------------- Instantiating /home/travis/build/icyphy/ptII/ptolemy/actor/lib/test/auto/TestExceptionHandler3.xml
1 ms. Memory: 1649664K Free: 872949K (53%)
----------------- Invoking toplevel() on ptolemy.moml.MoMLSimpleApplication@67acde75
----------------- Done invoking toplevel() on ptolemy.moml.MoMLSimpleApplication@67acde75
reloadAllAccessors: .TestExceptionHandler3

===========================================================================================
----------------- testing Mon Nov 19 02:47:12 UTC 2018 /home/travis/build/icyphy/ptII/ptolemy/actor/lib/test/auto/TestExceptionHandler4.xml
----------------- Instantiating /home/travis/build/icyphy/ptII/ptolemy/actor/lib/test/auto/TestExceptionHandler4.xml
1 ms. Memory: 1649664K Free: 860583K (52%)
----------------- Invoking toplevel() on ptolemy.moml.MoMLSimpleApplication@705fb88b
----------------- Done invoking toplevel() on ptolemy.moml.MoMLSimpleApplication@705fb88b
reloadAllAccessors: .TestExceptionHandler4

===========================================================================================
----------------- testing Mon Nov 19 02:47:12 UTC 2018 /home/travis/build/icyphy/ptII/ptolemy/actor/lib/test/auto/TestRequireCorrectOrder.xml
----------------- Instantiating /home/travis/build/icyphy/ptII/ptolemy/actor/lib/test/auto/TestRequireCorrectOrder.xml
2 ms. Memory: 1649664K Free: 844095K (51%)
----------------- Invoking toplevel() on ptolemy.moml.MoMLSimpleApplication@413a49f8
----------------- Done invoking toplevel() on ptolemy.moml.MoMLSimpleApplication@413a49f8
reloadAllAccessors: .TestRequireCorrectOrder

===========================================================================================
----------------- testing Mon Nov 19 02:47:12 UTC 2018 /home/travis/build/icyphy/ptII/ptolemy/actor/lib/test/auto/TestSimple.xml
----------------- Instantiating /home/travis/build/icyphy/ptII/ptolemy/actor/lib/test/auto/TestSimple.xml
1 ms. Memory: 1649664K Free: 831729K (50%)
----------------- Invoking toplevel() on ptolemy.moml.MoMLSimpleApplication@6472e8f6
----------------- Done invoking toplevel() on ptolemy.moml.MoMLSimpleApplication@6472e8f6
reloadAllAccessors: .TestSimple

===========================================================================================
----------------- testing Mon Nov 19 02:47:12 UTC 2018 /home/travis/build/icyphy/ptII/ptolemy/actor/lib/test/auto/ThrowModelError.xml
----------------- Instantiating /home/travis/build/icyphy/ptII/ptolemy/actor/lib/test/auto/ThrowModelError.xml
0 ms. Memory: 1649664K Free: 815241K (49%)
----------------- Invoking toplevel() on ptolemy.moml.MoMLSimpleApplication@4e402b26
----------------- Done invoking toplevel() on ptolemy.moml.MoMLSimpleApplication@4e402b26
reloadAllAccessors: .ThrowModelError

===========================================================================================
----------------- testing Mon Nov 19 02:47:12 UTC 2018 /home/travis/build/icyphy/ptII/ptolemy/actor/lib/test/auto/TimeDelayMicrosteps.xml
----------------- Instantiating /home/travis/build/icyphy/ptII/ptolemy/actor/lib/test/auto/TimeDelayMicrosteps.xml
2 ms. Memory: 1649664K Free: 798752K (48%)
----------------- Invoking toplevel() on ptolemy.moml.MoMLSimpleApplication@b6b37a3
----------------- Done invoking toplevel() on ptolemy.moml.MoMLSimpleApplication@b6b37a3
reloadAllAccessors: .TimeDelayMicrosteps

===========================================================================================
----------------- testing Mon Nov 19 02:47:12 UTC 2018 /home/travis/build/icyphy/ptII/ptolemy/actor/lib/test/auto/TimeDelayMicrosteps2.xml
----------------- Instantiating /home/travis/build/icyphy/ptII/ptolemy/actor/lib/test/auto/TimeDelayMicrosteps2.xml
3 ms. Memory: 1649664K Free: 786387K (48%)
----------------- Invoking toplevel() on ptolemy.moml.MoMLSimpleApplication@769fdfee
----------------- Done invoking toplevel() on ptolemy.moml.MoMLSimpleApplication@769fdfee
reloadAllAccessors: .TimeDelayMicrosteps2

===========================================================================================
----------------- testing Mon Nov 19 02:47:12 UTC 2018 /home/travis/build/icyphy/ptII/ptolemy/actor/lib/test/auto/TimeDelayMicrosteps3.xml
----------------- Instantiating /home/travis/build/icyphy/ptII/ptolemy/actor/lib/test/auto/TimeDelayMicrosteps3.xml
2 ms. Memory: 1649664K Free: 769898K (47%)
----------------- Invoking toplevel() on ptolemy.moml.MoMLSimpleApplication@3938fb62
----------------- Done invoking toplevel() on ptolemy.moml.MoMLSimpleApplication@3938fb62
reloadAllAccessors: .TimeDelayMicrosteps3

===========================================================================================
----------------- testing Mon Nov 19 02:47:12 UTC 2018 /home/travis/build/icyphy/ptII/ptolemy/actor/lib/test/auto/TimeDelayVariableMicrosteps.xml
----------------- Instantiating /home/travis/build/icyphy/ptII/ptolemy/actor/lib/test/auto/TimeDelayVariableMicrosteps.xml
2 ms. Memory: 1649664K Free: 753410K (46%)
----------------- Invoking toplevel() on ptolemy.moml.MoMLSimpleApplication@548e8bf9
----------------- Done invoking toplevel() on ptolemy.moml.MoMLSimpleApplication@548e8bf9
reloadAllAccessors: .TimeDelayVariableMicrosteps

===========================================================================================
----------------- testing Mon Nov 19 02:47:12 UTC 2018 /home/travis/build/icyphy/ptII/ptolemy/actor/lib/test/auto/TimeGap.xml
----------------- Instantiating /home/travis/build/icyphy/ptII/ptolemy/actor/lib/test/auto/TimeGap.xml
2 ms. Memory: 1649664K Free: 741044K (45%)
----------------- Invoking toplevel() on ptolemy.moml.MoMLSimpleApplication@771d25de
----------------- Done invoking toplevel() on ptolemy.moml.MoMLSimpleApplication@771d25de
reloadAllAccessors: .TimeGap

===========================================================================================
----------------- testing Mon Nov 19 02:47:12 UTC 2018 /home/travis/build/icyphy/ptII/ptolemy/actor/lib/test/auto/TimeGap2.xml
----------------- Instantiating /home/travis/build/icyphy/ptII/ptolemy/actor/lib/test/auto/TimeGap2.xml
2 ms. Memory: 1649664K Free: 724556K (44%)
----------------- Invoking toplevel() on ptolemy.moml.MoMLSimpleApplication@5c54d500
----------------- Done invoking toplevel() on ptolemy.moml.MoMLSimpleApplication@5c54d500
reloadAllAccessors: .TimeGap2

===========================================================================================
----------------- testing Mon Nov 19 02:47:12 UTC 2018 /home/travis/build/icyphy/ptII/ptolemy/actor/lib/test/auto/TimedSinewave.xml
----------------- Instantiating /home/travis/build/icyphy/ptII/ptolemy/actor/lib/test/auto/TimedSinewave.xml
12 ms. Memory: 1649664K Free: 701885K (43%)
----------------- Invoking toplevel() on ptolemy.moml.MoMLSimpleApplication@93691a4
----------------- Done invoking toplevel() on ptolemy.moml.MoMLSimpleApplication@93691a4
reloadAllAccessors: .TimedSinewave

===========================================================================================
----------------- testing Mon Nov 19 02:47:12 UTC 2018 /home/travis/build/icyphy/ptII/ptolemy/actor/lib/test/auto/TimedSinewavePhase.xml
----------------- Instantiating /home/travis/build/icyphy/ptII/ptolemy/actor/lib/test/auto/TimedSinewavePhase.xml
8 ms. Memory: 1649664K Free: 683320K (41%)
----------------- Invoking toplevel() on ptolemy.moml.MoMLSimpleApplication@4fd63057
----------------- Done invoking toplevel() on ptolemy.moml.MoMLSimpleApplication@4fd63057
reloadAllAccessors: .TimedSinewavePhase

===========================================================================================
----------------- testing Mon Nov 19 02:47:12 UTC 2018 /home/travis/build/icyphy/ptII/ptolemy/actor/lib/test/auto/Timer.xml
----------------- Instantiating /home/travis/build/icyphy/ptII/ptolemy/actor/lib/test/auto/Timer.xml
3 ms. Memory: 1649664K Free: 666832K (40%)
----------------- Invoking toplevel() on ptolemy.moml.MoMLSimpleApplication@7483a3c5
----------------- Done invoking toplevel() on ptolemy.moml.MoMLSimpleApplication@7483a3c5
reloadAllAccessors: .Timer

===========================================================================================
----------------- testing Mon Nov 19 02:47:12 UTC 2018 /home/travis/build/icyphy/ptII/ptolemy/actor/lib/test/auto/TriangularDistTestModel.xml
----------------- Instantiating /home/travis/build/icyphy/ptII/ptolemy/actor/lib/test/auto/TriangularDistTestModel.xml
2 ms. Memory: 1649664K Free: 654466K (40%)
----------------- Invoking toplevel() on ptolemy.moml.MoMLSimpleApplication@f434d27
----------------- Done invoking toplevel() on ptolemy.moml.MoMLSimpleApplication@f434d27
reloadAllAccessors: .TriangularDistTestModel

===========================================================================================
----------------- testing Mon Nov 19 02:47:12 UTC 2018 /home/travis/build/icyphy/ptII/ptolemy/actor/lib/test/auto/TrigFunction.xml
----------------- Instantiating /home/travis/build/icyphy/ptII/ptolemy/actor/lib/test/auto/TrigFunction.xml
2 ms. Memory: 1649664K Free: 637978K (39%)
----------------- Invoking toplevel() on ptolemy.moml.MoMLSimpleApplication@aa885ed
----------------- Done invoking toplevel() on ptolemy.moml.MoMLSimpleApplication@aa885ed
reloadAllAccessors: .TrigFunction

===========================================================================================
----------------- testing Mon Nov 19 02:47:12 UTC 2018 /home/travis/build/icyphy/ptII/ptolemy/actor/lib/test/auto/TrigFunctionDE.xml
----------------- Instantiating /home/travis/build/icyphy/ptII/ptolemy/actor/lib/test/auto/TrigFunctionDE.xml
1 ms. Memory: 1649664K Free: 621489K (38%)
----------------- Invoking toplevel() on ptolemy.moml.MoMLSimpleApplication@19d244f1
----------------- Done invoking toplevel() on ptolemy.moml.MoMLSimpleApplication@19d244f1
reloadAllAccessors: .TrigFunctionDE

===========================================================================================
----------------- testing Mon Nov 19 02:47:12 UTC 2018 /home/travis/build/icyphy/ptII/ptolemy/actor/lib/test/auto/TrigFunctionInverse.xml
----------------- Instantiating /home/travis/build/icyphy/ptII/ptolemy/actor/lib/test/auto/TrigFunctionInverse.xml
2 ms. Memory: 1649664K Free: 609123K (37%)
----------------- Invoking toplevel() on ptolemy.moml.MoMLSimpleApplication@e58dba7
----------------- Done invoking toplevel() on ptolemy.moml.MoMLSimpleApplication@e58dba7
reloadAllAccessors: .TrigFunctionInverse

===========================================================================================
----------------- testing Mon Nov 19 02:47:12 UTC 2018 /home/travis/build/icyphy/ptII/ptolemy/actor/lib/test/auto/TrigFunctionTan.xml
----------------- Instantiating /home/travis/build/icyphy/ptII/ptolemy/actor/lib/test/auto/TrigFunctionTan.xml
5 ms. Memory: 1649664K Free: 592635K (36%)
----------------- Invoking toplevel() on ptolemy.moml.MoMLSimpleApplication@53fe74e4
----------------- Done invoking toplevel() on ptolemy.moml.MoMLSimpleApplication@53fe74e4
reloadAllAccessors: .TrigFunctionTan

===========================================================================================
----------------- testing Mon Nov 19 02:47:12 UTC 2018 /home/travis/build/icyphy/ptII/ptolemy/actor/lib/test/auto/TriggeredClock.xml
----------------- Instantiating /home/travis/build/icyphy/ptII/ptolemy/actor/lib/test/auto/TriggeredClock.xml
1 ms. Memory: 1649664K Free: 576147K (35%)
----------------- Invoking toplevel() on ptolemy.moml.MoMLSimpleApplication@51a67964
----------------- Done invoking toplevel() on ptolemy.moml.MoMLSimpleApplication@51a67964
reloadAllAccessors: .TriggeredClock

===========================================================================================
----------------- testing Mon Nov 19 02:47:12 UTC 2018 /home/travis/build/icyphy/ptII/ptolemy/actor/lib/test/auto/URLDirectoryReader.xml
----------------- Instantiating /home/travis/build/icyphy/ptII/ptolemy/actor/lib/test/auto/URLDirectoryReader.xml
27 ms. Memory: 1649664K Free: 563781K (34%)
----------------- Invoking toplevel() on ptolemy.moml.MoMLSimpleApplication@6429af9e
----------------- Done invoking toplevel() on ptolemy.moml.MoMLSimpleApplication@6429af9e
reloadAllAccessors: .URLDirectoryReader

===========================================================================================
----------------- testing Mon Nov 19 02:47:13 UTC 2018 /home/travis/build/icyphy/ptII/ptolemy/actor/lib/test/auto/URLDirectoryReader3.xml
----------------- Instantiating /home/travis/build/icyphy/ptII/ptolemy/actor/lib/test/auto/URLDirectoryReader3.xml
997 ms. Memory: 1649664K Free: 510195K (31%)
----------------- Invoking toplevel() on ptolemy.moml.MoMLSimpleApplication@5e4da34e
----------------- Done invoking toplevel() on ptolemy.moml.MoMLSimpleApplication@5e4da34e
reloadAllAccessors: .URLDirectoryReader3

===========================================================================================
----------------- testing Mon Nov 19 02:47:14 UTC 2018 /home/travis/build/icyphy/ptII/ptolemy/actor/lib/test/auto/UnaryMathFunction.xml
----------------- Instantiating /home/travis/build/icyphy/ptII/ptolemy/actor/lib/test/auto/UnaryMathFunction.xml
14 ms. Memory: 1649664K Free: 493707K (30%)
----------------- Invoking toplevel() on ptolemy.moml.MoMLSimpleApplication@524681f9
----------------- Done invoking toplevel() on ptolemy.moml.MoMLSimpleApplication@524681f9
reloadAllAccessors: .UnaryMathFunction

===========================================================================================
----------------- testing Mon Nov 19 02:47:14 UTC 2018 /home/travis/build/icyphy/ptII/ptolemy/actor/lib/test/auto/Uniform.xml
----------------- Instantiating /home/travis/build/icyphy/ptII/ptolemy/actor/lib/test/auto/Uniform.xml
9 ms. Memory: 1649664K Free: 481341K (29%)
----------------- Invoking toplevel() on ptolemy.moml.MoMLSimpleApplication@553a5fe3
----------------- Done invoking toplevel() on ptolemy.moml.MoMLSimpleApplication@553a5fe3
reloadAllAccessors: .Uniform

===========================================================================================
----------------- testing Mon Nov 19 02:47:14 UTC 2018 /home/travis/build/icyphy/ptII/ptolemy/actor/lib/test/auto/UnionDisassemblerTest.xml
----------------- Instantiating /home/travis/build/icyphy/ptII/ptolemy/actor/lib/test/auto/UnionDisassemblerTest.xml
10 ms. Memory: 1649664K Free: 464852K (28%)
----------------- Invoking toplevel() on ptolemy.moml.MoMLSimpleApplication@5311636f
----------------- Done invoking toplevel() on ptolemy.moml.MoMLSimpleApplication@5311636f
reloadAllAccessors: .UnionDisassemblerTest

===========================================================================================
----------------- testing Mon Nov 19 02:47:14 UTC 2018 /home/travis/build/icyphy/ptII/ptolemy/actor/lib/test/auto/UtilityFunctions.xml
----------------- Instantiating /home/travis/build/icyphy/ptII/ptolemy/actor/lib/test/auto/UtilityFunctions.xml
9 ms. Memory: 1649664K Free: 452487K (27%)
----------------- Invoking toplevel() on ptolemy.moml.MoMLSimpleApplication@228f5b31
----------------- Done invoking toplevel() on ptolemy.moml.MoMLSimpleApplication@228f5b31
reloadAllAccessors: .UtilityFunctions

===========================================================================================
----------------- testing Mon Nov 19 02:47:14 UTC 2018 /home/travis/build/icyphy/ptII/ptolemy/actor/lib/test/auto/VariableSleep.xml
----------------- Instantiating /home/travis/build/icyphy/ptII/ptolemy/actor/lib/test/auto/VariableSleep.xml
503 ms. Memory: 1649664K Free: 435998K (26%)
----------------- Invoking toplevel() on ptolemy.moml.MoMLSimpleApplication@52488cef
----------------- Done invoking toplevel() on ptolemy.moml.MoMLSimpleApplication@52488cef
reloadAllAccessors: .VariableSleep

===========================================================================================
----------------- testing Mon Nov 19 02:47:14 UTC 2018 /home/travis/build/icyphy/ptII/ptolemy/actor/lib/test/auto/VectorAssemblerDisassemblerCT.xml
----------------- Instantiating /home/travis/build/icyphy/ptII/ptolemy/actor/lib/test/auto/VectorAssemblerDisassemblerCT.xml
64 ms. Memory: 1649664K Free: 407128K (25%)
----------------- Invoking toplevel() on ptolemy.moml.MoMLSimpleApplication@2bf7a482
----------------- Done invoking toplevel() on ptolemy.moml.MoMLSimpleApplication@2bf7a482
reloadAllAccessors: .VectorAssemblerDisassemblerCT

===========================================================================================
----------------- testing Mon Nov 19 02:47:15 UTC 2018 /home/travis/build/icyphy/ptII/ptolemy/actor/lib/test/auto/VectorAssemblerDisassemblerDE.xml
----------------- Instantiating /home/travis/build/icyphy/ptII/ptolemy/actor/lib/test/auto/VectorAssemblerDisassemblerDE.xml
2 ms. Memory: 1649664K Free: 394762K (24%)
----------------- Invoking toplevel() on ptolemy.moml.MoMLSimpleApplication@11a2ef88
----------------- Done invoking toplevel() on ptolemy.moml.MoMLSimpleApplication@11a2ef88
reloadAllAccessors: .VectorAssemblerDisassemblerDE

===========================================================================================
----------------- testing Mon Nov 19 02:47:15 UTC 2018 /home/travis/build/icyphy/ptII/ptolemy/actor/lib/test/auto/VectorAssemblerDisassemblerSDF.xml
----------------- Instantiating /home/travis/build/icyphy/ptII/ptolemy/actor/lib/test/auto/VectorAssemblerDisassemblerSDF.xml
2 ms. Memory: 1649664K Free: 378274K (23%)
----------------- Invoking toplevel() on ptolemy.moml.MoMLSimpleApplication@24016c0a
----------------- Done invoking toplevel() on ptolemy.moml.MoMLSimpleApplication@24016c0a
reloadAllAccessors: .VectorAssemblerDisassemblerSDF

===========================================================================================
----------------- testing Mon Nov 19 02:47:15 UTC 2018 /home/travis/build/icyphy/ptII/ptolemy/actor/lib/test/auto/WallClockTime.xml
----------------- Instantiating /home/travis/build/icyphy/ptII/ptolemy/actor/lib/test/auto/WallClockTime.xml
1003 ms. Memory: 1649664K Free: 361786K (22%)
----------------- Invoking toplevel() on ptolemy.moml.MoMLSimpleApplication@44e2b56d
----------------- Done invoking toplevel() on ptolemy.moml.MoMLSimpleApplication@44e2b56d
reloadAllAccessors: .WallClockTime

===========================================================================================
----------------- testing Mon Nov 19 02:47:16 UTC 2018 /home/travis/build/icyphy/ptII/ptolemy/actor/lib/test/auto/WidthTestWithSubscriberPublisher.xml
----------------- Instantiating /home/travis/build/icyphy/ptII/ptolemy/actor/lib/test/auto/WidthTestWithSubscriberPublisher.xml
7 ms. Memory: 1649664K Free: 337045K (20%)
----------------- Invoking toplevel() on ptolemy.moml.MoMLSimpleApplication@db4b029
----------------- Done invoking toplevel() on ptolemy.moml.MoMLSimpleApplication@db4b029
reloadAllAccessors: .WidthTestWithSubscriberPublisher

===========================================================================================
----------------- testing Mon Nov 19 02:47:16 UTC 2018 /home/travis/build/icyphy/ptII/ptolemy/actor/lib/test/auto/WidthTestWithSubscriberPublisher2.xml
----------------- Instantiating /home/travis/build/icyphy/ptII/ptolemy/actor/lib/test/auto/WidthTestWithSubscriberPublisher2.xml
2 ms. Memory: 1649664K Free: 320557K (19%)
----------------- Invoking toplevel() on ptolemy.moml.MoMLSimpleApplication@360e6aad
----------------- Done invoking toplevel() on ptolemy.moml.MoMLSimpleApplication@360e6aad
reloadAllAccessors: .WidthTestWithSubscriberPublisher2

===========================================================================================
----------------- testing Mon Nov 19 02:47:16 UTC 2018 /home/travis/build/icyphy/ptII/ptolemy/actor/lib/test/auto/WidthTestWithSubscriberPublisher3.xml
----------------- Instantiating /home/travis/build/icyphy/ptII/ptolemy/actor/lib/test/auto/WidthTestWithSubscriberPublisher3.xml
1 ms. Memory: 1649664K Free: 304069K (18%)
----------------- Invoking toplevel() on ptolemy.moml.MoMLSimpleApplication@6fadab4
----------------- Done invoking toplevel() on ptolemy.moml.MoMLSimpleApplication@6fadab4
reloadAllAccessors: .WidthTestWithSubscriberPublisher3

===========================================================================================
----------------- testing Mon Nov 19 02:47:16 UTC 2018 /home/travis/build/icyphy/ptII/ptolemy/actor/lib/test/auto/Writer.xml
----------------- Instantiating /home/travis/build/icyphy/ptII/ptolemy/actor/lib/test/auto/Writer.xml
0
1
2
3
4
1 ms. Memory: 1649664K Free: 291703K (18%)
----------------- Invoking toplevel() on ptolemy.moml.MoMLSimpleApplication@7698b1c0
----------------- Done invoking toplevel() on ptolemy.moml.MoMLSimpleApplication@7698b1c0
reloadAllAccessors: .Writer

===========================================================================================
----------------- testing Mon Nov 19 02:47:16 UTC 2018 /home/travis/build/icyphy/ptII/ptolemy/actor/lib/test/auto/array.xml
----------------- Instantiating /home/travis/build/icyphy/ptII/ptolemy/actor/lib/test/auto/array.xml
2 ms. Memory: 1649664K Free: 275214K (17%)
----------------- Invoking toplevel() on ptolemy.moml.MoMLSimpleApplication@2cd3467c
----------------- Done invoking toplevel() on ptolemy.moml.MoMLSimpleApplication@2cd3467c
reloadAllAccessors: .array

===========================================================================================
----------------- testing Mon Nov 19 02:47:16 UTC 2018 /home/travis/build/icyphy/ptII/ptolemy/actor/lib/test/auto/array2.xml
----------------- Instantiating /home/travis/build/icyphy/ptII/ptolemy/actor/lib/test/auto/array2.xml
2 ms. Memory: 1649664K Free: 262848K (16%)
----------------- Invoking toplevel() on ptolemy.moml.MoMLSimpleApplication@489b5f91
----------------- Done invoking toplevel() on ptolemy.moml.MoMLSimpleApplication@489b5f91
reloadAllAccessors: .array2

===========================================================================================
----------------- testing Mon Nov 19 02:47:16 UTC 2018 /home/travis/build/icyphy/ptII/ptolemy/actor/lib/test/auto/arrayType.xml
----------------- Instantiating /home/travis/build/icyphy/ptII/ptolemy/actor/lib/test/auto/arrayType.xml
1 ms. Memory: 1649664K Free: 246360K (15%)
----------------- Invoking toplevel() on ptolemy.moml.MoMLSimpleApplication@20174ce3
----------------- Done invoking toplevel() on ptolemy.moml.MoMLSimpleApplication@20174ce3
reloadAllAccessors: .arrayType

===========================================================================================
----------------- testing Mon Nov 19 02:47:16 UTC 2018 /home/travis/build/icyphy/ptII/ptolemy/actor/lib/test/auto/arrayType10.xml
----------------- Instantiating /home/travis/build/icyphy/ptII/ptolemy/actor/lib/test/auto/arrayType10.xml
1 ms. Memory: 1649664K Free: 229871K (14%)
----------------- Invoking toplevel() on ptolemy.moml.MoMLSimpleApplication@247b6383
----------------- Done invoking toplevel() on ptolemy.moml.MoMLSimpleApplication@247b6383
reloadAllAccessors: .arrayType10

===========================================================================================
----------------- testing Mon Nov 19 02:47:16 UTC 2018 /home/travis/build/icyphy/ptII/ptolemy/actor/lib/test/auto/arrayType11.xml
----------------- Instantiating /home/travis/build/icyphy/ptII/ptolemy/actor/lib/test/auto/arrayType11.xml
1 ms. Memory: 1649664K Free: 217506K (13%)
----------------- Invoking toplevel() on ptolemy.moml.MoMLSimpleApplication@66089833
----------------- Done invoking toplevel() on ptolemy.moml.MoMLSimpleApplication@66089833
reloadAllAccessors: .arrayType11

===========================================================================================
----------------- testing Mon Nov 19 02:47:16 UTC 2018 /home/travis/build/icyphy/ptII/ptolemy/actor/lib/test/auto/arrayType12.xml
----------------- Instantiating /home/travis/build/icyphy/ptII/ptolemy/actor/lib/test/auto/arrayType12.xml
1 ms. Memory: 1649664K Free: 201017K (12%)
----------------- Invoking toplevel() on ptolemy.moml.MoMLSimpleApplication@425da5c3
----------------- Done invoking toplevel() on ptolemy.moml.MoMLSimpleApplication@425da5c3
reloadAllAccessors: .arrayType12

===========================================================================================
----------------- testing Mon Nov 19 02:47:16 UTC 2018 /home/travis/build/icyphy/ptII/ptolemy/actor/lib/test/auto/arrayType13.xml
----------------- Instantiating /home/travis/build/icyphy/ptII/ptolemy/actor/lib/test/auto/arrayType13.xml
1 ms. Memory: 1649664K Free: 184529K (11%)
----------------- Invoking toplevel() on ptolemy.moml.MoMLSimpleApplication@441bbaaf
----------------- Done invoking toplevel() on ptolemy.moml.MoMLSimpleApplication@441bbaaf
reloadAllAccessors: .arrayType13

===========================================================================================
----------------- testing Mon Nov 19 02:47:16 UTC 2018 /home/travis/build/icyphy/ptII/ptolemy/actor/lib/test/auto/arrayType14.xml
----------------- Instantiating /home/travis/build/icyphy/ptII/ptolemy/actor/lib/test/auto/arrayType14.xml
3 ms. Memory: 1649664K Free: 172163K (10%)
----------------- Invoking toplevel() on ptolemy.moml.MoMLSimpleApplication@53bd46ae
----------------- Done invoking toplevel() on ptolemy.moml.MoMLSimpleApplication@53bd46ae
reloadAllAccessors: .arrayType14

===========================================================================================
----------------- testing Mon Nov 19 02:47:16 UTC 2018 /home/travis/build/icyphy/ptII/ptolemy/actor/lib/test/auto/arrayType15.xml
----------------- Instantiating /home/travis/build/icyphy/ptII/ptolemy/actor/lib/test/auto/arrayType15.xml
5 ms. Memory: 1649664K Free: 155675K (9%)
----------------- Invoking toplevel() on ptolemy.moml.MoMLSimpleApplication@68276932
----------------- Done invoking toplevel() on ptolemy.moml.MoMLSimpleApplication@68276932
reloadAllAccessors: .arrayType15

===========================================================================================
----------------- testing Mon Nov 19 02:47:16 UTC 2018 /home/travis/build/icyphy/ptII/ptolemy/actor/lib/test/auto/arrayType16.xml
----------------- Instantiating /home/travis/build/icyphy/ptII/ptolemy/actor/lib/test/auto/arrayType16.xml
2 ms. Memory: 1649664K Free: 139186K (8%)
----------------- Invoking toplevel() on ptolemy.moml.MoMLSimpleApplication@5a2bc648
----------------- Done invoking toplevel() on ptolemy.moml.MoMLSimpleApplication@5a2bc648
reloadAllAccessors: .arrayType16

===========================================================================================
----------------- testing Mon Nov 19 02:47:16 UTC 2018 /home/travis/build/icyphy/ptII/ptolemy/actor/lib/test/auto/arrayType17.xml
----------------- Instantiating /home/travis/build/icyphy/ptII/ptolemy/actor/lib/test/auto/arrayType17.xml
2 ms. Memory: 1649664K Free: 126820K (8%)
----------------- Invoking toplevel() on ptolemy.moml.MoMLSimpleApplication@5690649d
----------------- Done invoking toplevel() on ptolemy.moml.MoMLSimpleApplication@5690649d
reloadAllAccessors: .arrayType17

===========================================================================================
----------------- testing Mon Nov 19 02:47:16 UTC 2018 /home/travis/build/icyphy/ptII/ptolemy/actor/lib/test/auto/arrayType18.xml
----------------- Instantiating /home/travis/build/icyphy/ptII/ptolemy/actor/lib/test/auto/arrayType18.xml
1 ms. Memory: 1649664K Free: 110332K (7%)
----------------- Invoking toplevel() on ptolemy.moml.MoMLSimpleApplication@185bdb1
----------------- Done invoking toplevel() on ptolemy.moml.MoMLSimpleApplication@185bdb1
reloadAllAccessors: .arrayType18

===========================================================================================
----------------- testing Mon Nov 19 02:47:16 UTC 2018 /home/travis/build/icyphy/ptII/ptolemy/actor/lib/test/auto/arrayType19.xml
----------------- Instantiating /home/travis/build/icyphy/ptII/ptolemy/actor/lib/test/auto/arrayType19.xml
2 ms. Memory: 1649664K Free: 93844K (6%)
----------------- Invoking toplevel() on ptolemy.moml.MoMLSimpleApplication@3e6f30dc
----------------- Done invoking toplevel() on ptolemy.moml.MoMLSimpleApplication@3e6f30dc
reloadAllAccessors: .arrayType19

===========================================================================================
----------------- testing Mon Nov 19 02:47:16 UTC 2018 /home/travis/build/icyphy/ptII/ptolemy/actor/lib/test/auto/arrayType2.xml
----------------- Instantiating /home/travis/build/icyphy/ptII/ptolemy/actor/lib/test/auto/arrayType2.xml
1 ms. Memory: 1649664K Free: 81478K (5%)
----------------- Invoking toplevel() on ptolemy.moml.MoMLSimpleApplication@792ee066
----------------- Done invoking toplevel() on ptolemy.moml.MoMLSimpleApplication@792ee066
reloadAllAccessors: .arrayType2

===========================================================================================
----------------- testing Mon Nov 19 02:47:16 UTC 2018 /home/travis/build/icyphy/ptII/ptolemy/actor/lib/test/auto/arrayType20.xml
----------------- Instantiating /home/travis/build/icyphy/ptII/ptolemy/actor/lib/test/auto/arrayType20.xml
1 ms. Memory: 1649664K Free: 64989K (4%)
----------------- Invoking toplevel() on ptolemy.moml.MoMLSimpleApplication@2c6d720c
----------------- Done invoking toplevel() on ptolemy.moml.MoMLSimpleApplication@2c6d720c
reloadAllAccessors: .arrayType20

===========================================================================================
----------------- testing Mon Nov 19 02:47:16 UTC 2018 /home/travis/build/icyphy/ptII/ptolemy/actor/lib/test/auto/arrayType21.xml
----------------- Instantiating /home/travis/build/icyphy/ptII/ptolemy/actor/lib/test/auto/arrayType21.xml
1 ms. Memory: 1670656K Free: 1600508K (96%)
----------------- Invoking toplevel() on ptolemy.moml.MoMLSimpleApplication@1b41fe31
----------------- Done invoking toplevel() on ptolemy.moml.MoMLSimpleApplication@1b41fe31
reloadAllAccessors: .arrayType21

===========================================================================================
----------------- testing Mon Nov 19 02:47:16 UTC 2018 /home/travis/build/icyphy/ptII/ptolemy/actor/lib/test/auto/arrayType22.xml
----------------- Instantiating /home/travis/build/icyphy/ptII/ptolemy/actor/lib/test/auto/arrayType22.xml
3 ms. Memory: 1670656K Free: 1583792K (95%)
----------------- Invoking toplevel() on ptolemy.moml.MoMLSimpleApplication@3a48c296
----------------- Done invoking toplevel() on ptolemy.moml.MoMLSimpleApplication@3a48c296
reloadAllAccessors: .arrayType22

===========================================================================================
----------------- testing Mon Nov 19 02:47:16 UTC 2018 /home/travis/build/icyphy/ptII/ptolemy/actor/lib/test/auto/arrayType23.xml
----------------- Instantiating /home/travis/build/icyphy/ptII/ptolemy/actor/lib/test/auto/arrayType23.xml
1 ms. Memory: 1670656K Free: 1567101K (94%)
----------------- Invoking toplevel() on ptolemy.moml.MoMLSimpleApplication@74818620
----------------- Done invoking toplevel() on ptolemy.moml.MoMLSimpleApplication@74818620
reloadAllAccessors: .arrayType23

===========================================================================================
----------------- testing Mon Nov 19 02:47:16 UTC 2018 /home/travis/build/icyphy/ptII/ptolemy/actor/lib/test/auto/arrayType24.xml
----------------- Instantiating /home/travis/build/icyphy/ptII/ptolemy/actor/lib/test/auto/arrayType24.xml
1 ms. Memory: 1670656K Free: 1554698K (93%)
----------------- Invoking toplevel() on ptolemy.moml.MoMLSimpleApplication@591963c
----------------- Done invoking toplevel() on ptolemy.moml.MoMLSimpleApplication@591963c
reloadAllAccessors: .arrayType24

===========================================================================================
----------------- testing Mon Nov 19 02:47:16 UTC 2018 /home/travis/build/icyphy/ptII/ptolemy/actor/lib/test/auto/arrayType25.xml
----------------- Instantiating /home/travis/build/icyphy/ptII/ptolemy/actor/lib/test/auto/arrayType25.xml
1 ms. Memory: 1670656K Free: 1538007K (92%)
----------------- Invoking toplevel() on ptolemy.moml.MoMLSimpleApplication@7f1e6723
----------------- Done invoking toplevel() on ptolemy.moml.MoMLSimpleApplication@7f1e6723
reloadAllAccessors: .arrayType25

===========================================================================================
----------------- testing Mon Nov 19 02:47:16 UTC 2018 /home/travis/build/icyphy/ptII/ptolemy/actor/lib/test/auto/arrayType26.xml
----------------- Instantiating /home/travis/build/icyphy/ptII/ptolemy/actor/lib/test/auto/arrayType26.xml
2 ms. Memory: 1670656K Free: 1521315K (91%)
----------------- Invoking toplevel() on ptolemy.moml.MoMLSimpleApplication@4089529f
----------------- Done invoking toplevel() on ptolemy.moml.MoMLSimpleApplication@4089529f
reloadAllAccessors: .arrayType26

===========================================================================================
----------------- testing Mon Nov 19 02:47:16 UTC 2018 /home/travis/build/icyphy/ptII/ptolemy/actor/lib/test/auto/arrayType27.xml
----------------- Instantiating /home/travis/build/icyphy/ptII/ptolemy/actor/lib/test/auto/arrayType27.xml
1 ms. Memory: 1670656K Free: 1508912K (90%)
----------------- Invoking toplevel() on ptolemy.moml.MoMLSimpleApplication@68eb2de8
----------------- Done invoking toplevel() on ptolemy.moml.MoMLSimpleApplication@68eb2de8
reloadAllAccessors: .arrayType27

===========================================================================================
----------------- testing Mon Nov 19 02:47:16 UTC 2018 /home/travis/build/icyphy/ptII/ptolemy/actor/lib/test/auto/arrayType28.xml
----------------- Instantiating /home/travis/build/icyphy/ptII/ptolemy/actor/lib/test/auto/arrayType28.xml
1 ms. Memory: 1670656K Free: 1492221K (89%)
----------------- Invoking toplevel() on ptolemy.moml.MoMLSimpleApplication@4567479b
----------------- Done invoking toplevel() on ptolemy.moml.MoMLSimpleApplication@4567479b
reloadAllAccessors: .arrayType28

===========================================================================================
----------------- testing Mon Nov 19 02:47:16 UTC 2018 /home/travis/build/icyphy/ptII/ptolemy/actor/lib/test/auto/arrayType3.xml
----------------- Instantiating /home/travis/build/icyphy/ptII/ptolemy/actor/lib/test/auto/arrayType3.xml
1 ms. Memory: 1670656K Free: 1479818K (89%)
----------------- Invoking toplevel() on ptolemy.moml.MoMLSimpleApplication@dbd44b7
----------------- Done invoking toplevel() on ptolemy.moml.MoMLSimpleApplication@dbd44b7
reloadAllAccessors: .arrayType3

===========================================================================================
----------------- testing Mon Nov 19 02:47:16 UTC 2018 /home/travis/build/icyphy/ptII/ptolemy/actor/lib/test/auto/arrayType4.xml
----------------- Instantiating /home/travis/build/icyphy/ptII/ptolemy/actor/lib/test/auto/arrayType4.xml
1 ms. Memory: 1670656K Free: 1463126K (88%)
----------------- Invoking toplevel() on ptolemy.moml.MoMLSimpleApplication@401ff0dc
----------------- Done invoking toplevel() on ptolemy.moml.MoMLSimpleApplication@401ff0dc
reloadAllAccessors: .arrayType4

===========================================================================================
----------------- testing Mon Nov 19 02:47:16 UTC 2018 /home/travis/build/icyphy/ptII/ptolemy/actor/lib/test/auto/arrayType5.xml
----------------- Instantiating /home/travis/build/icyphy/ptII/ptolemy/actor/lib/test/auto/arrayType5.xml
1 ms. Memory: 1670656K Free: 1446435K (87%)
----------------- Invoking toplevel() on ptolemy.moml.MoMLSimpleApplication@2730014a
----------------- Done invoking toplevel() on ptolemy.moml.MoMLSimpleApplication@2730014a
reloadAllAccessors: .arrayType5

===========================================================================================
----------------- testing Mon Nov 19 02:47:16 UTC 2018 /home/travis/build/icyphy/ptII/ptolemy/actor/lib/test/auto/arrayType6.xml
----------------- Instantiating /home/travis/build/icyphy/ptII/ptolemy/actor/lib/test/auto/arrayType6.xml
2 ms. Memory: 1670656K Free: 1434032K (86%)
----------------- Invoking toplevel() on ptolemy.moml.MoMLSimpleApplication@38fc75f9
----------------- Done invoking toplevel() on ptolemy.moml.MoMLSimpleApplication@38fc75f9
reloadAllAccessors: .arrayType6

===========================================================================================
----------------- testing Mon Nov 19 02:47:16 UTC 2018 /home/travis/build/icyphy/ptII/ptolemy/actor/lib/test/auto/arrayType7.xml
----------------- Instantiating /home/travis/build/icyphy/ptII/ptolemy/actor/lib/test/auto/arrayType7.xml
3 ms. Memory: 1670656K Free: 1417340K (85%)
----------------- Invoking toplevel() on ptolemy.moml.MoMLSimpleApplication@55c34b9f
----------------- Done invoking toplevel() on ptolemy.moml.MoMLSimpleApplication@55c34b9f
reloadAllAccessors: .arrayType7

===========================================================================================
----------------- testing Mon Nov 19 02:47:16 UTC 2018 /home/travis/build/icyphy/ptII/ptolemy/actor/lib/test/auto/arrayType8.xml
----------------- Instantiating /home/travis/build/icyphy/ptII/ptolemy/actor/lib/test/auto/arrayType8.xml
2 ms. Memory: 1670656K Free: 1400649K (84%)
----------------- Invoking toplevel() on ptolemy.moml.MoMLSimpleApplication@ebd1420
----------------- Done invoking toplevel() on ptolemy.moml.MoMLSimpleApplication@ebd1420
reloadAllAccessors: .arrayType8

===========================================================================================
----------------- testing Mon Nov 19 02:47:16 UTC 2018 /home/travis/build/icyphy/ptII/ptolemy/actor/lib/test/auto/arrayType9.xml
----------------- Instantiating /home/travis/build/icyphy/ptII/ptolemy/actor/lib/test/auto/arrayType9.xml
1 ms. Memory: 1670656K Free: 1388246K (83%)
----------------- Invoking toplevel() on ptolemy.moml.MoMLSimpleApplication@3db93ff1
----------------- Done invoking toplevel() on ptolemy.moml.MoMLSimpleApplication@3db93ff1
reloadAllAccessors: .arrayType9

===========================================================================================
----------------- testing Mon Nov 19 02:47:16 UTC 2018 /home/travis/build/icyphy/ptII/ptolemy/actor/lib/test/auto/cast.xml
----------------- Instantiating /home/travis/build/icyphy/ptII/ptolemy/actor/lib/test/auto/cast.xml
2 ms. Memory: 1670656K Free: 1371554K (82%)
----------------- Invoking toplevel() on ptolemy.moml.MoMLSimpleApplication@3d19cd78
----------------- Done invoking toplevel() on ptolemy.moml.MoMLSimpleApplication@3d19cd78
reloadAllAccessors: .cast

===========================================================================================
----------------- testing Mon Nov 19 02:47:16 UTC 2018 /home/travis/build/icyphy/ptII/ptolemy/actor/lib/test/auto/compositeMultiPort.xml
----------------- Instantiating /home/travis/build/icyphy/ptII/ptolemy/actor/lib/test/auto/compositeMultiPort.xml
2 ms. Memory: 1670656K Free: 1359151K (81%)
----------------- Invoking toplevel() on ptolemy.moml.MoMLSimpleApplication@50f936c8
----------------- Done invoking toplevel() on ptolemy.moml.MoMLSimpleApplication@50f936c8
reloadAllAccessors: .compositeMultiPort

===========================================================================================
----------------- testing Mon Nov 19 02:47:16 UTC 2018 /home/travis/build/icyphy/ptII/ptolemy/actor/lib/test/auto/expressionCastInference.xml
----------------- Instantiating /home/travis/build/icyphy/ptII/ptolemy/actor/lib/test/auto/expressionCastInference.xml
2 ms. Memory: 1670656K Free: 1342460K (80%)
----------------- Invoking toplevel() on ptolemy.moml.MoMLSimpleApplication@49b72067
----------------- Done invoking toplevel() on ptolemy.moml.MoMLSimpleApplication@49b72067
reloadAllAccessors: .expressionCastInference

===========================================================================================
----------------- testing Mon Nov 19 02:47:16 UTC 2018 /home/travis/build/icyphy/ptII/ptolemy/actor/lib/test/auto/expressionCastInference2.xml
----------------- Instantiating /home/travis/build/icyphy/ptII/ptolemy/actor/lib/test/auto/expressionCastInference2.xml
1 ms. Memory: 1670656K Free: 1325768K (79%)
----------------- Invoking toplevel() on ptolemy.moml.MoMLSimpleApplication@43e1c9b1
----------------- Done invoking toplevel() on ptolemy.moml.MoMLSimpleApplication@43e1c9b1
reloadAllAccessors: .expressionCastInference2

===========================================================================================
----------------- testing Mon Nov 19 02:47:16 UTC 2018 /home/travis/build/icyphy/ptII/ptolemy/actor/lib/test/auto/expressionInference.xml
----------------- Instantiating /home/travis/build/icyphy/ptII/ptolemy/actor/lib/test/auto/expressionInference.xml
1 ms. Memory: 1670656K Free: 1313366K (79%)
----------------- Invoking toplevel() on ptolemy.moml.MoMLSimpleApplication@10aa65fe
----------------- Done invoking toplevel() on ptolemy.moml.MoMLSimpleApplication@10aa65fe
reloadAllAccessors: .expressionInference

===========================================================================================
----------------- testing Mon Nov 19 02:47:16 UTC 2018 /home/travis/build/icyphy/ptII/ptolemy/actor/lib/test/auto/expression_bug.xml
----------------- Instantiating /home/travis/build/icyphy/ptII/ptolemy/actor/lib/test/auto/expression_bug.xml
1 ms. Memory: 1670656K Free: 1296674K (78%)
----------------- Invoking toplevel() on ptolemy.moml.MoMLSimpleApplication@64e3acfe
----------------- Done invoking toplevel() on ptolemy.moml.MoMLSimpleApplication@64e3acfe
reloadAllAccessors: .expression_bug

===========================================================================================
----------------- testing Mon Nov 19 02:47:16 UTC 2018 /home/travis/build/icyphy/ptII/ptolemy/actor/lib/test/auto/factorial.xml
----------------- Instantiating /home/travis/build/icyphy/ptII/ptolemy/actor/lib/test/auto/factorial.xml
28 ms. Memory: 1670656K Free: 1279983K (77%)
----------------- Invoking toplevel() on ptolemy.moml.MoMLSimpleApplication@7bca3ba6
----------------- Done invoking toplevel() on ptolemy.moml.MoMLSimpleApplication@7bca3ba6
reloadAllAccessors: .factorial

===========================================================================================
----------------- testing Mon Nov 19 02:47:16 UTC 2018 /home/travis/build/icyphy/ptII/ptolemy/actor/lib/test/auto/filterTest1.xml
----------------- Instantiating /home/travis/build/icyphy/ptII/ptolemy/actor/lib/test/auto/filterTest1.xml
2 ms. Memory: 1670656K Free: 1267580K (76%)
----------------- Invoking toplevel() on ptolemy.moml.MoMLSimpleApplication@6183956a
----------------- Done invoking toplevel() on ptolemy.moml.MoMLSimpleApplication@6183956a
reloadAllAccessors: .filterTest1

===========================================================================================
----------------- testing Mon Nov 19 02:47:16 UTC 2018 /home/travis/build/icyphy/ptII/ptolemy/actor/lib/test/auto/funcApplyInConst.xml
----------------- Instantiating /home/travis/build/icyphy/ptII/ptolemy/actor/lib/test/auto/funcApplyInConst.xml
1 ms. Memory: 1670656K Free: 1250888K (75%)
----------------- Invoking toplevel() on ptolemy.moml.MoMLSimpleApplication@16c97c96
----------------- Done invoking toplevel() on ptolemy.moml.MoMLSimpleApplication@16c97c96
reloadAllAccessors: .funcApplyInConst

===========================================================================================
----------------- testing Mon Nov 19 02:47:16 UTC 2018 /home/travis/build/icyphy/ptII/ptolemy/actor/lib/test/auto/funcApplyInExpr.xml
----------------- Instantiating /home/travis/build/icyphy/ptII/ptolemy/actor/lib/test/auto/funcApplyInExpr.xml
1 ms. Memory: 1670656K Free: 1238485K (74%)
----------------- Invoking toplevel() on ptolemy.moml.MoMLSimpleApplication@2b438e0a
----------------- Done invoking toplevel() on ptolemy.moml.MoMLSimpleApplication@2b438e0a
reloadAllAccessors: .funcApplyInExpr

===========================================================================================
----------------- testing Mon Nov 19 02:47:16 UTC 2018 /home/travis/build/icyphy/ptII/ptolemy/actor/lib/test/auto/function.xml
----------------- Instantiating /home/travis/build/icyphy/ptII/ptolemy/actor/lib/test/auto/function.xml
2 ms. Memory: 1670656K Free: 1221794K (73%)
----------------- Invoking toplevel() on ptolemy.moml.MoMLSimpleApplication@4da76a66
----------------- Done invoking toplevel() on ptolemy.moml.MoMLSimpleApplication@4da76a66
reloadAllAccessors: .function

===========================================================================================
----------------- testing Mon Nov 19 02:47:16 UTC 2018 /home/travis/build/icyphy/ptII/ptolemy/actor/lib/test/auto/function2.xml
----------------- Instantiating /home/travis/build/icyphy/ptII/ptolemy/actor/lib/test/auto/function2.xml
1 ms. Memory: 1670656K Free: 1205102K (72%)
----------------- Invoking toplevel() on ptolemy.moml.MoMLSimpleApplication@1e74adaf
----------------- Done invoking toplevel() on ptolemy.moml.MoMLSimpleApplication@1e74adaf
reloadAllAccessors: .function2

===========================================================================================
----------------- testing Mon Nov 19 02:47:16 UTC 2018 /home/travis/build/icyphy/ptII/ptolemy/actor/lib/test/auto/function3.xml
----------------- Instantiating /home/travis/build/icyphy/ptII/ptolemy/actor/lib/test/auto/function3.xml
1 ms. Memory: 1670656K Free: 1192699K (71%)
----------------- Invoking toplevel() on ptolemy.moml.MoMLSimpleApplication@de64f88
----------------- Done invoking toplevel() on ptolemy.moml.MoMLSimpleApplication@de64f88
reloadAllAccessors: .function3

===========================================================================================
----------------- testing Mon Nov 19 02:47:16 UTC 2018 /home/travis/build/icyphy/ptII/ptolemy/actor/lib/test/auto/functionClosureTest1.xml
----------------- Instantiating /home/travis/build/icyphy/ptII/ptolemy/actor/lib/test/auto/functionClosureTest1.xml
2 ms. Memory: 1670656K Free: 1176008K (70%)
----------------- Invoking toplevel() on ptolemy.moml.MoMLSimpleApplication@91d21c6
----------------- Done invoking toplevel() on ptolemy.moml.MoMLSimpleApplication@91d21c6
reloadAllAccessors: .functionClosureTest1

===========================================================================================
----------------- testing Mon Nov 19 02:47:16 UTC 2018 /home/travis/build/icyphy/ptII/ptolemy/actor/lib/test/auto/functionClosureTest2.xml
----------------- Instantiating /home/travis/build/icyphy/ptII/ptolemy/actor/lib/test/auto/functionClosureTest2.xml
1 ms. Memory: 1670656K Free: 1159316K (69%)
----------------- Invoking toplevel() on ptolemy.moml.MoMLSimpleApplication@342c7344
----------------- Done invoking toplevel() on ptolemy.moml.MoMLSimpleApplication@342c7344
reloadAllAccessors: .functionClosureTest2

===========================================================================================
----------------- testing Mon Nov 19 02:47:16 UTC 2018 /home/travis/build/icyphy/ptII/ptolemy/actor/lib/test/auto/functionClosureTest3.xml
----------------- Instantiating /home/travis/build/icyphy/ptII/ptolemy/actor/lib/test/auto/functionClosureTest3.xml
1 ms. Memory: 1670656K Free: 1146914K (69%)
----------------- Invoking toplevel() on ptolemy.moml.MoMLSimpleApplication@3b5c04aa
----------------- Done invoking toplevel() on ptolemy.moml.MoMLSimpleApplication@3b5c04aa
reloadAllAccessors: .functionClosureTest3

===========================================================================================
----------------- testing Mon Nov 19 02:47:16 UTC 2018 /home/travis/build/icyphy/ptII/ptolemy/actor/lib/test/auto/functionClosureTest4.xml
----------------- Instantiating /home/travis/build/icyphy/ptII/ptolemy/actor/lib/test/auto/functionClosureTest4.xml
2 ms. Memory: 1670656K Free: 1130222K (68%)
----------------- Invoking toplevel() on ptolemy.moml.MoMLSimpleApplication@22353e34
----------------- Done invoking toplevel() on ptolemy.moml.MoMLSimpleApplication@22353e34
reloadAllAccessors: .functionClosureTest4

===========================================================================================
----------------- testing Mon Nov 19 02:47:16 UTC 2018 /home/travis/build/icyphy/ptII/ptolemy/actor/lib/test/auto/functionClosureTest5.xml
----------------- Instantiating /home/travis/build/icyphy/ptII/ptolemy/actor/lib/test/auto/functionClosureTest5.xml
3 ms. Memory: 1670656K Free: 1113530K (67%)
----------------- Invoking toplevel() on ptolemy.moml.MoMLSimpleApplication@1455fcd5
----------------- Done invoking toplevel() on ptolemy.moml.MoMLSimpleApplication@1455fcd5
reloadAllAccessors: .functionClosureTest5

===========================================================================================
----------------- testing Mon Nov 19 02:47:16 UTC 2018 /home/travis/build/icyphy/ptII/ptolemy/actor/lib/test/auto/functionClosureTest6.xml
----------------- Instantiating /home/travis/build/icyphy/ptII/ptolemy/actor/lib/test/auto/functionClosureTest6.xml
2 ms. Memory: 1670656K Free: 1101128K (66%)
----------------- Invoking toplevel() on ptolemy.moml.MoMLSimpleApplication@67e6158
----------------- Done invoking toplevel() on ptolemy.moml.MoMLSimpleApplication@67e6158
reloadAllAccessors: .functionClosureTest6

===========================================================================================
----------------- testing Mon Nov 19 02:47:16 UTC 2018 /home/travis/build/icyphy/ptII/ptolemy/actor/lib/test/auto/functionsOnArcs.xml
----------------- Instantiating /home/travis/build/icyphy/ptII/ptolemy/actor/lib/test/auto/functionsOnArcs.xml
1 ms. Memory: 1670656K Free: 1084436K (65%)
----------------- Invoking toplevel() on ptolemy.moml.MoMLSimpleApplication@25d32880
----------------- Done invoking toplevel() on ptolemy.moml.MoMLSimpleApplication@25d32880
reloadAllAccessors: .functionsOnArcs

===========================================================================================
----------------- testing Mon Nov 19 02:47:17 UTC 2018 /home/travis/build/icyphy/ptII/ptolemy/actor/lib/test/auto/functionsOnArcsHOF.xml
----------------- Instantiating /home/travis/build/icyphy/ptII/ptolemy/actor/lib/test/auto/functionsOnArcsHOF.xml
2 ms. Memory: 1670656K Free: 1072033K (64%)
----------------- Invoking toplevel() on ptolemy.moml.MoMLSimpleApplication@32b5559d
----------------- Done invoking toplevel() on ptolemy.moml.MoMLSimpleApplication@32b5559d
reloadAllAccessors: .functionsOnArcsHOF

===========================================================================================
----------------- testing Mon Nov 19 02:47:17 UTC 2018 /home/travis/build/icyphy/ptII/ptolemy/actor/lib/test/auto/logic.xml
----------------- Instantiating /home/travis/build/icyphy/ptII/ptolemy/actor/lib/test/auto/logic.xml
2 ms. Memory: 1670656K Free: 1055342K (63%)
----------------- Invoking toplevel() on ptolemy.moml.MoMLSimpleApplication@491729ac
----------------- Done invoking toplevel() on ptolemy.moml.MoMLSimpleApplication@491729ac
reloadAllAccessors: .logic

===========================================================================================
----------------- testing Mon Nov 19 02:47:17 UTC 2018 /home/travis/build/icyphy/ptII/ptolemy/actor/lib/test/auto/matrixType.xml
----------------- Instantiating /home/travis/build/icyphy/ptII/ptolemy/actor/lib/test/auto/matrixType.xml
1 ms. Memory: 1670656K Free: 1038650K (62%)
----------------- Invoking toplevel() on ptolemy.moml.MoMLSimpleApplication@1181b29e
----------------- Done invoking toplevel() on ptolemy.moml.MoMLSimpleApplication@1181b29e
reloadAllAccessors: .matrixType

===========================================================================================
----------------- testing Mon Nov 19 02:47:17 UTC 2018 /home/travis/build/icyphy/ptII/ptolemy/actor/lib/test/auto/matrixType10.xml
----------------- Instantiating /home/travis/build/icyphy/ptII/ptolemy/actor/lib/test/auto/matrixType10.xml
1 ms. Memory: 1670656K Free: 1026247K (61%)
----------------- Invoking toplevel() on ptolemy.moml.MoMLSimpleApplication@15010e25
----------------- Done invoking toplevel() on ptolemy.moml.MoMLSimpleApplication@15010e25
reloadAllAccessors: .matrixType10

===========================================================================================
----------------- testing Mon Nov 19 02:47:17 UTC 2018 /home/travis/build/icyphy/ptII/ptolemy/actor/lib/test/auto/matrixType11.xml
----------------- Instantiating /home/travis/build/icyphy/ptII/ptolemy/actor/lib/test/auto/matrixType11.xml
2 ms. Memory: 1670656K Free: 1009556K (60%)
----------------- Invoking toplevel() on ptolemy.moml.MoMLSimpleApplication@6ba32ec9
----------------- Done invoking toplevel() on ptolemy.moml.MoMLSimpleApplication@6ba32ec9
reloadAllAccessors: .matrixType11

===========================================================================================
----------------- testing Mon Nov 19 02:47:17 UTC 2018 /home/travis/build/icyphy/ptII/ptolemy/actor/lib/test/auto/matrixType12.xml
----------------- Instantiating /home/travis/build/icyphy/ptII/ptolemy/actor/lib/test/auto/matrixType12.xml
2 ms. Memory: 1670656K Free: 992864K (59%)
----------------- Invoking toplevel() on ptolemy.moml.MoMLSimpleApplication@33965209
----------------- Done invoking toplevel() on ptolemy.moml.MoMLSimpleApplication@33965209
reloadAllAccessors: .matrixType12

===========================================================================================
----------------- testing Mon Nov 19 02:47:17 UTC 2018 /home/travis/build/icyphy/ptII/ptolemy/actor/lib/test/auto/matrixType13.xml
----------------- Instantiating /home/travis/build/icyphy/ptII/ptolemy/actor/lib/test/auto/matrixType13.xml
1 ms. Memory: 1670656K Free: 980462K (59%)
----------------- Invoking toplevel() on ptolemy.moml.MoMLSimpleApplication@6bceec04
----------------- Done invoking toplevel() on ptolemy.moml.MoMLSimpleApplication@6bceec04
reloadAllAccessors: .matrixType13

===========================================================================================
----------------- testing Mon Nov 19 02:47:17 UTC 2018 /home/travis/build/icyphy/ptII/ptolemy/actor/lib/test/auto/matrixType14.xml
----------------- Instantiating /home/travis/build/icyphy/ptII/ptolemy/actor/lib/test/auto/matrixType14.xml
2 ms. Memory: 1670656K Free: 963770K (58%)
----------------- Invoking toplevel() on ptolemy.moml.MoMLSimpleApplication@40054787
----------------- Done invoking toplevel() on ptolemy.moml.MoMLSimpleApplication@40054787
reloadAllAccessors: .matrixType14

===========================================================================================
----------------- testing Mon Nov 19 02:47:17 UTC 2018 /home/travis/build/icyphy/ptII/ptolemy/actor/lib/test/auto/matrixType2.xml
----------------- Instantiating /home/travis/build/icyphy/ptII/ptolemy/actor/lib/test/auto/matrixType2.xml
2 ms. Memory: 1670656K Free: 947078K (57%)
----------------- Invoking toplevel() on ptolemy.moml.MoMLSimpleApplication@31e69933
----------------- Done invoking toplevel() on ptolemy.moml.MoMLSimpleApplication@31e69933
reloadAllAccessors: .matrixType2

===========================================================================================
----------------- testing Mon Nov 19 02:47:17 UTC 2018 /home/travis/build/icyphy/ptII/ptolemy/actor/lib/test/auto/matrixType3.xml
----------------- Instantiating /home/travis/build/icyphy/ptII/ptolemy/actor/lib/test/auto/matrixType3.xml
2 ms. Memory: 1670656K Free: 934675K (56%)
----------------- Invoking toplevel() on ptolemy.moml.MoMLSimpleApplication@4dae93c0
----------------- Done invoking toplevel() on ptolemy.moml.MoMLSimpleApplication@4dae93c0
reloadAllAccessors: .matrixType3

===========================================================================================
----------------- testing Mon Nov 19 02:47:17 UTC 2018 /home/travis/build/icyphy/ptII/ptolemy/actor/lib/test/auto/matrixType4.xml
----------------- Instantiating /home/travis/build/icyphy/ptII/ptolemy/actor/lib/test/auto/matrixType4.xml
1 ms. Memory: 1670656K Free: 917984K (55%)
----------------- Invoking toplevel() on ptolemy.moml.MoMLSimpleApplication@20bd2fa5
----------------- Done invoking toplevel() on ptolemy.moml.MoMLSimpleApplication@20bd2fa5
reloadAllAccessors: .matrixType4

===========================================================================================
----------------- testing Mon Nov 19 02:47:17 UTC 2018 /home/travis/build/icyphy/ptII/ptolemy/actor/lib/test/auto/matrixType5.xml
----------------- Instantiating /home/travis/build/icyphy/ptII/ptolemy/actor/lib/test/auto/matrixType5.xml
2 ms. Memory: 1670656K Free: 905581K (54%)
----------------- Invoking toplevel() on ptolemy.moml.MoMLSimpleApplication@5e2e1ce5
----------------- Done invoking toplevel() on ptolemy.moml.MoMLSimpleApplication@5e2e1ce5
reloadAllAccessors: .matrixType5

===========================================================================================
----------------- testing Mon Nov 19 02:47:17 UTC 2018 /home/travis/build/icyphy/ptII/ptolemy/actor/lib/test/auto/matrixType6.xml
----------------- Instantiating /home/travis/build/icyphy/ptII/ptolemy/actor/lib/test/auto/matrixType6.xml
1 ms. Memory: 1670656K Free: 888890K (53%)
----------------- Invoking toplevel() on ptolemy.moml.MoMLSimpleApplication@d4fe59f
----------------- Done invoking toplevel() on ptolemy.moml.MoMLSimpleApplication@d4fe59f
reloadAllAccessors: .matrixType6

===========================================================================================
----------------- testing Mon Nov 19 02:47:17 UTC 2018 /home/travis/build/icyphy/ptII/ptolemy/actor/lib/test/auto/matrixType7.xml
----------------- Instantiating /home/travis/build/icyphy/ptII/ptolemy/actor/lib/test/auto/matrixType7.xml
1 ms. Memory: 1670656K Free: 872198K (52%)
----------------- Invoking toplevel() on ptolemy.moml.MoMLSimpleApplication@1b6c7a94
----------------- Done invoking toplevel() on ptolemy.moml.MoMLSimpleApplication@1b6c7a94
reloadAllAccessors: .matrixType7

===========================================================================================
----------------- testing Mon Nov 19 02:47:17 UTC 2018 /home/travis/build/icyphy/ptII/ptolemy/actor/lib/test/auto/matrixType8.xml
----------------- Instantiating /home/travis/build/icyphy/ptII/ptolemy/actor/lib/test/auto/matrixType8.xml
1 ms. Memory: 1670656K Free: 859795K (51%)
----------------- Invoking toplevel() on ptolemy.moml.MoMLSimpleApplication@274f2ca5
----------------- Done invoking toplevel() on ptolemy.moml.MoMLSimpleApplication@274f2ca5
reloadAllAccessors: .matrixType8

===========================================================================================
----------------- testing Mon Nov 19 02:47:17 UTC 2018 /home/travis/build/icyphy/ptII/ptolemy/actor/lib/test/auto/matrixType9.xml
----------------- Instantiating /home/travis/build/icyphy/ptII/ptolemy/actor/lib/test/auto/matrixType9.xml
1 ms. Memory: 1670656K Free: 843104K (50%)
----------------- Invoking toplevel() on ptolemy.moml.MoMLSimpleApplication@30906951
----------------- Done invoking toplevel() on ptolemy.moml.MoMLSimpleApplication@30906951
reloadAllAccessors: .matrixType9

===========================================================================================
----------------- testing Mon Nov 19 02:47:17 UTC 2018 /home/travis/build/icyphy/ptII/ptolemy/actor/lib/test/auto/paraFunctest.xml
----------------- Instantiating /home/travis/build/icyphy/ptII/ptolemy/actor/lib/test/auto/paraFunctest.xml
2 ms. Memory: 1670656K Free: 826412K (49%)
----------------- Invoking toplevel() on ptolemy.moml.MoMLSimpleApplication@5961a6b3
----------------- Done invoking toplevel() on ptolemy.moml.MoMLSimpleApplication@5961a6b3
reloadAllAccessors: .paraFunctest

===========================================================================================
----------------- testing Mon Nov 19 02:47:17 UTC 2018 /home/travis/build/icyphy/ptII/ptolemy/actor/lib/test/auto/paraFunctest2.xml
----------------- Instantiating /home/travis/build/icyphy/ptII/ptolemy/actor/lib/test/auto/paraFunctest2.xml
1 ms. Memory: 1670656K Free: 814010K (49%)
----------------- Invoking toplevel() on ptolemy.moml.MoMLSimpleApplication@6acf841d
----------------- Done invoking toplevel() on ptolemy.moml.MoMLSimpleApplication@6acf841d
reloadAllAccessors: .paraFunctest2

===========================================================================================
----------------- testing Mon Nov 19 02:47:17 UTC 2018 /home/travis/build/icyphy/ptII/ptolemy/actor/lib/test/auto/parameterPassing.xml
----------------- Instantiating /home/travis/build/icyphy/ptII/ptolemy/actor/lib/test/auto/parameterPassing.xml
1 ms. Memory: 1670656K Free: 797318K (48%)
----------------- Invoking toplevel() on ptolemy.moml.MoMLSimpleApplication@16df7834
----------------- Done invoking toplevel() on ptolemy.moml.MoMLSimpleApplication@16df7834
reloadAllAccessors: .parameterPassing

===========================================================================================
----------------- testing Mon Nov 19 02:47:17 UTC 2018 /home/travis/build/icyphy/ptII/ptolemy/actor/lib/test/auto/record.xml
----------------- Instantiating /home/travis/build/icyphy/ptII/ptolemy/actor/lib/test/auto/record.xml
2 ms. Memory: 1670656K Free: 784915K (47%)
----------------- Invoking toplevel() on ptolemy.moml.MoMLSimpleApplication@4db67e0f
----------------- Done invoking toplevel() on ptolemy.moml.MoMLSimpleApplication@4db67e0f
reloadAllAccessors: .record

===========================================================================================
----------------- testing Mon Nov 19 02:47:17 UTC 2018 /home/travis/build/icyphy/ptII/ptolemy/actor/lib/test/auto/sizedarray1.xml
----------------- Instantiating /home/travis/build/icyphy/ptII/ptolemy/actor/lib/test/auto/sizedarray1.xml
1 ms. Memory: 1670656K Free: 768224K (46%)
----------------- Invoking toplevel() on ptolemy.moml.MoMLSimpleApplication@76c98399
----------------- Done invoking toplevel() on ptolemy.moml.MoMLSimpleApplication@76c98399
reloadAllAccessors: .sizedarray1

===========================================================================================
----------------- testing Mon Nov 19 02:47:17 UTC 2018 /home/travis/build/icyphy/ptII/ptolemy/actor/lib/test/auto/sizedarray2.xml
----------------- Instantiating /home/travis/build/icyphy/ptII/ptolemy/actor/lib/test/auto/sizedarray2.xml
2 ms. Memory: 1670656K Free: 751532K (45%)
----------------- Invoking toplevel() on ptolemy.moml.MoMLSimpleApplication@70d55605
----------------- Done invoking toplevel() on ptolemy.moml.MoMLSimpleApplication@70d55605
reloadAllAccessors: .sizedarray2

===========================================================================================
----------------- testing Mon Nov 19 02:47:17 UTC 2018 /home/travis/build/icyphy/ptII/ptolemy/actor/lib/test/auto/twoPublishers.xml
----------------- Instantiating /home/travis/build/icyphy/ptII/ptolemy/actor/lib/test/auto/twoPublishers.xml
2 ms. Memory: 1670656K Free: 732912K (44%)
----------------- Invoking toplevel() on ptolemy.moml.MoMLSimpleApplication@7b5712d2
----------------- Done invoking toplevel() on ptolemy.moml.MoMLSimpleApplication@7b5712d2
reloadAllAccessors: .twoPublishers
AutoTests.java: About to close Vertx.
AutoTests.java: Vertx closed.
]]></system-out>
  <system-err><![CDATA[java.lang.RuntimeException: Execution failed
	at ptolemy.moml.MoMLSimpleApplication$UnloadThread.run(MoMLSimpleApplication.java:402)
Caused by: java.lang.RuntimeException: Normally, we would exit here because Manager.exitAfterWrapup() was called.  However, because the ptolemy.ptII.exitAfterWrapup property is set, we throw this exception instead.
	at ptolemy.util.StringUtilities.exit(StringUtilities.java:363)
	at ptolemy.actor.Manager.wrapup(Manager.java:1531)
	at ptolemy.actor.Manager.execute(Manager.java:407)
	at ptolemy.actor.Manager.run(Manager.java:1263)
	at ptolemy.actor.Manager$PtolemyRunThread.run(Manager.java:1915)
Warning: '.top.test' is in training mode, set the trainingMode parameter to false before checking in
Warning: '.top.test' is in training mode, set the trainingMode parameter to false before checking in
Warning: '.top.test' is in training mode, set the trainingMode parameter to false before checking in
Warning: '.BooleanSwitch_RegressionTest_WrongTrainingValues.Test' is in training mode, set the trainingMode parameter to false before checking in
Warning: '.BooleanSwitch_RegressionTest_WrongTrainingValues.Test2' is in training mode, set the trainingMode parameter to false before checking in
Warning: '.BooleanSwitch_RegressionTest_WrongTrainingValues.Test2' The test produced 0 tokens.
Warning: '.top.testExceptionHandler' is in training mode, set the trainingMode parameter to false before checking in
java.lang.RuntimeException: Execution failed
	at ptolemy.moml.MoMLSimpleApplication$UnloadThread.run(MoMLSimpleApplication.java:402)
Caused by: ptolemy.kernel.util.IllegalActionException: PublisherPorts cannot be used at the top level, use a Publisher actor instead.
  in .PublisherPortToplevelSubscriber.PublisherPort
	at ptolemy.actor.PublisherPort.preinitialize(PublisherPort.java:403)
	at ptolemy.actor.CompositeActor.preinitialize(CompositeActor.java:1769)
	at ptolemy.actor.Manager.preinitializeAndResolveTypes(Manager.java:1040)
	at ptolemy.actor.Manager.initialize(Manager.java:710)
	at ptolemy.actor.Manager.execute(Manager.java:356)
	at ptolemy.actor.Manager.run(Manager.java:1263)
	at ptolemy.actor.Manager$PtolemyRunThread.run(Manager.java:1915)
java.lang.reflect.InvocationTargetException
	at sun.reflect.NativeConstructorAccessorImpl.newInstance0(Native Method)
	at sun.reflect.NativeConstructorAccessorImpl.newInstance(NativeConstructorAccessorImpl.java:62)
	at sun.reflect.DelegatingConstructorAccessorImpl.newInstance(DelegatingConstructorAccessorImpl.java:45)
	at java.lang.reflect.Constructor.newInstance(Constructor.java:423)
	at ptolemy.util.test.junit.AutoKnownFailedTests.RunModel(AutoKnownFailedTests.java:105)
	at sun.reflect.NativeMethodAccessorImpl.invoke0(Native Method)
	at sun.reflect.NativeMethodAccessorImpl.invoke(NativeMethodAccessorImpl.java:62)
	at sun.reflect.DelegatingMethodAccessorImpl.invoke(DelegatingMethodAccessorImpl.java:43)
	at java.lang.reflect.Method.invoke(Method.java:498)
	at org.junit.runners.model.FrameworkMethod$1.runReflectiveCall(FrameworkMethod.java:44)
	at org.junit.internal.runners.model.ReflectiveCallable.run(ReflectiveCallable.java:15)
	at org.junit.runners.model.FrameworkMethod.invokeExplosively(FrameworkMethod.java:41)
	at junitparams.internal.InvokeParameterisedMethod.evaluate(InvokeParameterisedMethod.java:102)
	at org.junit.internal.runners.statements.FailOnTimeout$1.run(FailOnTimeout.java:28)
Caused by: ptolemy.kernel.util.IllegalActionException: PublisherPorts cannot be used at the top level, use a Publisher actor instead.
  in .PublisherPortToplevelSubscriber.PublisherPort
	at ptolemy.actor.PublisherPort.preinitialize(PublisherPort.java:403)
	at ptolemy.actor.CompositeActor.preinitialize(CompositeActor.java:1769)
	at ptolemy.actor.Manager.preinitializeAndResolveTypes(Manager.java:1040)
	at ptolemy.actor.Manager.initialize(Manager.java:710)
	at ptolemy.actor.Manager.execute(Manager.java:356)
	at ptolemy.actor.Manager.run(Manager.java:1263)
	at ptolemy.actor.Manager$PtolemyRunThread.run(Manager.java:1915)
java.lang.RuntimeException: Execution failed
	at ptolemy.moml.MoMLSimpleApplication$UnloadThread.run(MoMLSimpleApplication.java:402)
Caused by: ptolemy.kernel.util.IllegalActionException: SubscriberPorts cannot be used at the top level, use a Subscriber actor instead.
  in .PublisherSubscriberPortToplevel.SubscriberPort
	at ptolemy.actor.SubscriberPort.preinitialize(SubscriberPort.java:328)
	at ptolemy.actor.CompositeActor.preinitialize(CompositeActor.java:1769)
	at ptolemy.actor.Manager.preinitializeAndResolveTypes(Manager.java:1040)
	at ptolemy.actor.Manager.initialize(Manager.java:710)
	at ptolemy.actor.Manager.execute(Manager.java:356)
	at ptolemy.actor.Manager.run(Manager.java:1263)
	at ptolemy.actor.Manager$PtolemyRunThread.run(Manager.java:1915)
java.lang.reflect.InvocationTargetException
	at sun.reflect.NativeConstructorAccessorImpl.newInstance0(Native Method)
	at sun.reflect.NativeConstructorAccessorImpl.newInstance(NativeConstructorAccessorImpl.java:62)
	at sun.reflect.DelegatingConstructorAccessorImpl.newInstance(DelegatingConstructorAccessorImpl.java:45)
	at java.lang.reflect.Constructor.newInstance(Constructor.java:423)
	at ptolemy.util.test.junit.AutoKnownFailedTests.RunModel(AutoKnownFailedTests.java:105)
	at sun.reflect.NativeMethodAccessorImpl.invoke0(Native Method)
	at sun.reflect.NativeMethodAccessorImpl.invoke(NativeMethodAccessorImpl.java:62)
	at sun.reflect.DelegatingMethodAccessorImpl.invoke(DelegatingMethodAccessorImpl.java:43)
	at java.lang.reflect.Method.invoke(Method.java:498)
	at org.junit.runners.model.FrameworkMethod$1.runReflectiveCall(FrameworkMethod.java:44)
	at org.junit.internal.runners.model.ReflectiveCallable.run(ReflectiveCallable.java:15)
	at org.junit.runners.model.FrameworkMethod.invokeExplosively(FrameworkMethod.java:41)
	at junitparams.internal.InvokeParameterisedMethod.evaluate(InvokeParameterisedMethod.java:102)
	at org.junit.internal.runners.statements.FailOnTimeout$1.run(FailOnTimeout.java:28)
Caused by: ptolemy.kernel.util.IllegalActionException: SubscriberPorts cannot be used at the top level, use a Subscriber actor instead.
  in .PublisherSubscriberPortToplevel.SubscriberPort
	at ptolemy.actor.SubscriberPort.preinitialize(SubscriberPort.java:328)
	at ptolemy.actor.CompositeActor.preinitialize(CompositeActor.java:1769)
	at ptolemy.actor.Manager.preinitializeAndResolveTypes(Manager.java:1040)
	at ptolemy.actor.Manager.initialize(Manager.java:710)
	at ptolemy.actor.Manager.execute(Manager.java:356)
	at ptolemy.actor.Manager.run(Manager.java:1263)
	at ptolemy.actor.Manager$PtolemyRunThread.run(Manager.java:1915)
java.lang.RuntimeException: Execution failed
	at ptolemy.moml.MoMLSimpleApplication$UnloadThread.run(MoMLSimpleApplication.java:402)
Caused by: ptolemy.kernel.util.IllegalActionException: SubscriptionAggregatorPorts cannot be used at the top level, use a SubscriptionAggregator actor instead.
  in .PublisherSubscriptionAggregatorPort.SubscriptionAggregatorPort
	at ptolemy.actor.SubscriptionAggregatorPort.preinitialize(SubscriptionAggregatorPort.java:353)
	at ptolemy.actor.CompositeActor.preinitialize(CompositeActor.java:1769)
	at ptolemy.actor.Manager.preinitializeAndResolveTypes(Manager.java:1040)
	at ptolemy.actor.Manager.initialize(Manager.java:710)
	at ptolemy.actor.Manager.execute(Manager.java:356)
	at ptolemy.actor.Manager.run(Manager.java:1263)
	at ptolemy.actor.Manager$PtolemyRunThread.run(Manager.java:1915)
java.lang.reflect.InvocationTargetException
	at sun.reflect.NativeConstructorAccessorImpl.newInstance0(Native Method)
	at sun.reflect.NativeConstructorAccessorImpl.newInstance(NativeConstructorAccessorImpl.java:62)
	at sun.reflect.DelegatingConstructorAccessorImpl.newInstance(DelegatingConstructorAccessorImpl.java:45)
	at java.lang.reflect.Constructor.newInstance(Constructor.java:423)
	at ptolemy.util.test.junit.AutoKnownFailedTests.RunModel(AutoKnownFailedTests.java:105)
	at sun.reflect.NativeMethodAccessorImpl.invoke0(Native Method)
	at sun.reflect.NativeMethodAccessorImpl.invoke(NativeMethodAccessorImpl.java:62)
	at sun.reflect.DelegatingMethodAccessorImpl.invoke(DelegatingMethodAccessorImpl.java:43)
	at java.lang.reflect.Method.invoke(Method.java:498)
	at org.junit.runners.model.FrameworkMethod$1.runReflectiveCall(FrameworkMethod.java:44)
	at org.junit.internal.runners.model.ReflectiveCallable.run(ReflectiveCallable.java:15)
	at org.junit.runners.model.FrameworkMethod.invokeExplosively(FrameworkMethod.java:41)
	at junitparams.internal.InvokeParameterisedMethod.evaluate(InvokeParameterisedMethod.java:102)
	at org.junit.internal.runners.statements.FailOnTimeout$1.run(FailOnTimeout.java:28)
Caused by: ptolemy.kernel.util.IllegalActionException: SubscriptionAggregatorPorts cannot be used at the top level, use a SubscriptionAggregator actor instead.
  in .PublisherSubscriptionAggregatorPort.SubscriptionAggregatorPort
	at ptolemy.actor.SubscriptionAggregatorPort.preinitialize(SubscriptionAggregatorPort.java:353)
	at ptolemy.actor.CompositeActor.preinitialize(CompositeActor.java:1769)
	at ptolemy.actor.Manager.preinitializeAndResolveTypes(Manager.java:1040)
	at ptolemy.actor.Manager.initialize(Manager.java:710)
	at ptolemy.actor.Manager.execute(Manager.java:356)
	at ptolemy.actor.Manager.run(Manager.java:1263)
	at ptolemy.actor.Manager$PtolemyRunThread.run(Manager.java:1915)
java.lang.RuntimeException: Execution failed
	at ptolemy.moml.MoMLSimpleApplication$UnloadThread.run(MoMLSimpleApplication.java:402)
Caused by: ptolemy.kernel.util.IllegalActionException: TypeTest actor has no training data.
  in .sizedarray3.TypeTest
	at ptolemy.actor.lib.TypeTest.initialize(TypeTest.java:250)
	at ptolemy.actor.Director.initialize(Director.java:938)
	at ptolemy.actor.Director.initialize(Director.java:907)
	at ptolemy.actor.sched.StaticSchedulingDirector.initialize(StaticSchedulingDirector.java:159)
	at ptolemy.domains.sdf.kernel.SDFDirector.initialize(SDFDirector.java:544)
	at ptolemy.actor.CompositeActor.initialize(CompositeActor.java:935)
	at ptolemy.actor.Manager.initialize(Manager.java:724)
	at ptolemy.actor.Manager.execute(Manager.java:356)
	at ptolemy.actor.Manager.run(Manager.java:1263)
	at ptolemy.actor.Manager$PtolemyRunThread.run(Manager.java:1915)
java.lang.reflect.InvocationTargetException
	at sun.reflect.NativeConstructorAccessorImpl.newInstance0(Native Method)
	at sun.reflect.NativeConstructorAccessorImpl.newInstance(NativeConstructorAccessorImpl.java:62)
	at sun.reflect.DelegatingConstructorAccessorImpl.newInstance(DelegatingConstructorAccessorImpl.java:45)
	at java.lang.reflect.Constructor.newInstance(Constructor.java:423)
	at ptolemy.util.test.junit.AutoKnownFailedTests.RunModel(AutoKnownFailedTests.java:105)
	at sun.reflect.NativeMethodAccessorImpl.invoke0(Native Method)
	at sun.reflect.NativeMethodAccessorImpl.invoke(NativeMethodAccessorImpl.java:62)
	at sun.reflect.DelegatingMethodAccessorImpl.invoke(DelegatingMethodAccessorImpl.java:43)
	at java.lang.reflect.Method.invoke(Method.java:498)
	at org.junit.runners.model.FrameworkMethod$1.runReflectiveCall(FrameworkMethod.java:44)
	at org.junit.internal.runners.model.ReflectiveCallable.run(ReflectiveCallable.java:15)
	at org.junit.runners.model.FrameworkMethod.invokeExplosively(FrameworkMethod.java:41)
	at junitparams.internal.InvokeParameterisedMethod.evaluate(InvokeParameterisedMethod.java:102)
	at org.junit.internal.runners.statements.FailOnTimeout$1.run(FailOnTimeout.java:28)
Caused by: ptolemy.kernel.util.IllegalActionException: TypeTest actor has no training data.
  in .sizedarray3.TypeTest
	at ptolemy.actor.lib.TypeTest.initialize(TypeTest.java:250)
	at ptolemy.actor.Director.initialize(Director.java:938)
	at ptolemy.actor.Director.initialize(Director.java:907)
	at ptolemy.actor.sched.StaticSchedulingDirector.initialize(StaticSchedulingDirector.java:159)
	at ptolemy.domains.sdf.kernel.SDFDirector.initialize(SDFDirector.java:544)
	at ptolemy.actor.CompositeActor.initialize(CompositeActor.java:935)
	at ptolemy.actor.Manager.initialize(Manager.java:724)
	at ptolemy.actor.Manager.execute(Manager.java:356)
	at ptolemy.actor.Manager.run(Manager.java:1263)
	at ptolemy.actor.Manager$PtolemyRunThread.run(Manager.java:1915)
]]></system-err>
</testsuite>
