<?xml version="1.0" encoding="UTF-8" ?>
<testsuite errors="0" failures="1" hostname="travis-job-ad403dce-137c-4a5f-8adb-4b94ae768093" name="ptolemy.actor.lib.test.junit.JUnitTclTest" skipped="0" tests="517" time="63.559" timestamp="2019-09-19T05:48:44">
  <properties>
    <property name="npm.executable" value="npm" />
    <property name="env.TRAVIS_ROOT" value="/" />
    <property name="ptII.mk.exists" value="true" />
    <property name="env.TRAVIS_APP_HOST" value="build.travis-ci.org" />
    <property name="env.rvm_bin_path" value="/home/travis/.rvm/bin" />
    <property name="java.home" value="/usr/local/lib/jvm/openjdk11" />
    <property name="env.TRAVIS_JOB_NUMBER" value="1334.8" />
    <property name="env.TRAVIS_HOME" value="/home/travis" />
    <property name="env.DISPLAY" value=":99.0" />
    <property name="env.TRAVIS_INIT" value="systemd" />
    <property name="env.SSH_TTY" value="/dev/pts/0" />
    <property name="java.net.preferIPv4Stack" value="true" />
    <property name="env.RUN_TESTS" value="true" />
    <property name="timeout.short" value="1000000" />
    <property name="junit.formatter" value="xml" />
    <property name="env.TRAVIS_SUDO" value="true" />
    <property name="env.TRAVIS_JOB_NAME" value="" />
    <property name="env.TRAVIS_STACK_NODE_ATTRIBUTES" value="/.node-attributes.yml" />
    <property name="env.LOGNAME" value="travis" />
    <property name="env.PT_TRAVIS_TEST_CORE1_XML" value="true" />
    <property name="jsdoc.home" value="node_modules/@terraswarm/jsdoc" />
    <property name="debuglevel" value="source,lines,vars" />
    <property name="checkstyle.formatter" value="xml" />
    <property name="env._system_version" value="16.04" />
    <property name="bin.vergil.makeable" value="true" />
    <property name="sun.os.patch.level" value="unknown" />
    <property name="java.vendor.url" value="http://java.oracle.com/" />
    <property name="env.TRAVIS_BUILD_WEB_URL" value="https://travis-ci.org/icyphy/ptII/builds/586850560" />
    <property name="java.version" value="11.0.2" />
    <property name="env.TZ" value="UTC" />
    <property name="env.TRAVIS_PULL_REQUEST_SHA" value="" />
    <property name="env.PT_NO_NET" value="true" />
    <property name="env.TRAVIS_SECURE_ENV_VARS" value="true" />
    <property name="env._system_type" value="Linux" />
    <property name="java.vendor.url.bug" value="http://bugreport.java.com/bugreport/" />
    <property name="npmjs-org-is-up" value="true" />
    <property name="env.LANGUAGE" value="en_US.UTF-8" />
    <property name="env.SSH_CLIENT" value="10.24.18.4 60846 22" />
    <property name="env.GEM_HOME" value="/home/travis/.rvm/gems/ruby-2.5.3" />
    <property name="env.HAS_ANTARES_THREE_LITTLE_FRONZIES_BADGE" value="true" />
    <property name="java.version.date" value="2019-01-15" />
    <property name="env.PS4" value="+" />
    <property name="ant.project.invoked-targets" value="build,test.core1.xml" />
    <property name="env.TRAVIS_PULL_REQUEST_BRANCH" value="" />
    <property name="env.TRAVIS_REPO_SLUG" value="icyphy/ptII" />
    <property name="env.XDG_DATA_DIRS" value="/usr/local/share:/usr/share:/var/lib/snapd/desktop" />
    <property name="jdk.debug" value="release" />
    <property name="env.TRAVIS_APT_PROXY" value="http://apt.cache.travis-ci.com" />
    <property name="node.in.path" value="true" />
    <property name="user.name" value="travis" />
    <property name="java.maxmemory" value="1400m" />
    <property name="env.RUBY_VERSION" value="ruby-2.5.3" />
    <property name="env.LANG" value="en_US.UTF-8" />
    <property name="sun.io.unicode.encoding" value="UnicodeLittle" />
    <property name="sun.jnu.encoding" value="UTF-8" />
    <property name="java.runtime.name" value="OpenJDK Runtime Environment" />
    <property name="usefile" value="false" />
    <property name="return.code" value="0" />
    <property name="junit.single.formatter" value="plain" />
    <property name="env.DYLD_LIBRARY_PATH" value="/home/travis/pthla/certi-tools/lib:" />
    <property name="env.DEBIAN_FRONTEND" value="noninteractive" />
    <property name="env.SSH_CONNECTION" value="10.24.18.4 60846 10.20.1.102 22" />
    <property name="env.MYSQL_UNIX_PORT" value="/var/run/mysqld/mysqld.sock" />
    <property name="env.LC_ALL" value="en_US.UTF-8" />
    <property name="env.TRAVIS_ALLOW_FAILURE" value="false" />
    <property name="env.TRAVIS_JOB_WEB_URL" value="https://travis-ci.org/icyphy/ptII/jobs/586850568" />
    <property name="java.specification.name" value="Java Platform API Specification" />
    <property name="node.works" value="true" />
    <property name="user.timezone" value="" />
    <property name="path.separator" value=":" />
    <property name="env.TRAVIS_ENABLE_INFRA_DETECTION" value="true" />
    <property name="env.PYTHON_CFLAGS" value="-g -fstack-protector --param=ssp-buffer-size=4 -Wformat -Werror=format-security" />
    <property name="timeout.long" value="4000000" />
    <property name="env.CERTI_HOME" value="/home/travis/pthla/certi-tools" />
    <property name="ant.file.ptII" value="/home/travis/build/icyphy/ptII/build.xml" />
    <property name="javadoc.packagenames" value="com.*,diva.*,lbnl.*,org.hlacerti.*,org.json.*,org.ptolemy.*,org.terraswarm.*,ptolemy.*,ptserver.*" />
    <property name="file.encoding" value="UTF-8" />
    <property name="env.TRAVIS_PULL_REQUEST_SLUG" value="" />
    <property name="ant.project.default-target" value="build" />
    <property name="env.GIT_ASKPASS" value="echo" />
    <property name="env.HOME" value="/home/travis" />
    <property name="sun.java.command" value="org.apache.tools.ant.taskdefs.optional.junit.JUnitTestRunner ptolemy.actor.lib.test.junit.JUnitTclTest skipNonTests=false filtertrace=true haltOnError=false haltOnFailure=false formatter=org.apache.tools.ant.taskdefs.optional.junit.OutErrSummaryJUnitResultFormatter showoutput=true outputtoformatters=true logfailedtests=true threadid=0 logtestlistenerevents=false formatter=org.apache.tools.ant.taskdefs.optional.junit.XMLJUnitResultFormatter,/home/travis/build/icyphy/ptII/reports/junit/TEST-ptolemy.actor.lib.test.junit.JUnitTclTest.xml crashfile=/home/travis/build/icyphy/ptII/junitvmwatcher4348455306483391844.properties propsfile=/home/travis/build/icyphy/ptII/junit3053687535309046664.properties" />
    <property name="env.COMPOSER_NO_INTERACTION" value="1" />
    <property name="env.MANPATH" value="/home/travis/.nvm/versions/node/v7.10.1/share/man:/home/travis/.rvm/rubies/ruby-2.5.3/share/man:/usr/local/cmake-3.12.4/man:/usr/local/clang-7.0.0/share/man:/usr/local/man:/usr/local/share/man:/usr/share/man:/home/travis/.rvm/man" />
    <property name="env.TRAVIS_TIMER_ID" value="022956de" />
    <property name="ant.file" value="/home/travis/build/icyphy/ptII/build.xml" />
    <property name="env.TRAVIS_COMMIT_RANGE" value="bc7bfed3151ace78f6177b95f8054c233d74f1bf...1691c4a63a7f6e8f7441362a7c71a7ee30ba8bb1" />
    <property name="env._system_name" value="Ubuntu" />
    <property name="ptII.classpath.optional.property" value="/home/travis/build/icyphy/ptII/lib/bsh-2.0b4.jar:/home/travis/build/icyphy/ptII/lib/ptCal.jar:/home/travis/build/icyphy/ptII/lib/java_cup.jar:/home/travis/build/icyphy/ptII/lib/saxon8.jar:/home/travis/build/icyphy/ptII/lib/saxon8-dom.jar:/home/travis/build/icyphy/ptII/lib/chic.jar:/home/travis/build/icyphy/ptII/lib/ptcolt.jar:/home/travis/build/icyphy/ptII/vendors/misc/itext/iText.jar:/home/travis/build/icyphy/ptII/lib/g4ltl.jar:/home/travis/build/icyphy/ptII/lib/StructuralCoder.jar:/home/travis/build/icyphy/ptII/lib/jcerti.jar:/home/travis/build/icyphy/ptII/lib/javax.mail.jar:/home/travis/build/icyphy/ptII/vendors/JMF-2.1.1e/lib/jmf.jar:/home/travis/build/icyphy/ptII/lib/jna-4.0.0-variadic.jar:/home/travis/build/icyphy/ptII/vendors/misc/joystick/Joystick.jar:/home/travis/build/icyphy/ptII/lib/ptjacl.jar:/home/travis/build/icyphy/ptII/lib/jsoup-1.8.2.jar:/home/travis/build/icyphy/ptII/lib/junit-4.8.2.jar:/home/travis/build/icyphy/ptII/lib/JUnitParams-0.4.0.jar:/home/travis/build/icyphy/ptII/ptolemy/actor/lib/excel/jxl.jar:/home/travis/build/icyphy/ptII/lib/jython.jar:/home/travis/build/icyphy/ptII/lib/kieler.jar:/home/travis/build/icyphy/ptII/vendors/opencv/share/OpenCV/java/opencv-341.jar:/home/travis/build/icyphy/ptII/lib/oscP5.jar:/home/travis/build/icyphy/ptII/lib/nrjavaserial-3.11.0.devel.jar:/home/travis/build/icyphy/ptII/vendors/j3d/lib/Linux/j3dcore.jar:/home/travis/build/icyphy/ptII/vendors/j3d/lib/Linux/j3dutils.jar:/home/travis/build/icyphy/ptII/vendors/j3d/lib/Linux/vecmath.jar:/home/travis/build/icyphy/ptII/vendors/jogl/lib/Linux/gluegen-rt-natives-linux-amd64.jar:/home/travis/build/icyphy/ptII/vendors/jogl/lib/Linux/gluegen-rt.jar:/home/travis/build/icyphy/ptII/vendors/jogl/lib/Linux/jogl-all-natives-linux-amd64.jar:/home/travis/build/icyphy/ptII/vendors/jogl/lib/Linux/jogl-all.jar:/home/travis/build/icyphy/ptII/ptolemy/distributed/jini/jar/jini-core.jar:/home/travis/build/icyphy/ptII/ptolemy/distributed/jini/jar/jini-ext.jar:/home/travis/build/icyphy/ptII/ptolemy/distributed/jini/jar/sun-util.jar:/home/travis/build/icyphy/ptII/lib/protobuf-java-2.4.1.jar:/home/travis/build/icyphy/ptII/lib/org.eclipse.paho.client.mqttv3.jar:/home/travis/build/icyphy/ptII/lib/mapss.jar:/home/travis/build/icyphy/ptII/ptolemy/actor/ptalon/antlr/antlr.jar:/home/travis/build/icyphy/ptII/lib/JRI.jar:/home/travis/build/icyphy/ptII/lib/commons-lang-2.6.jar:/home/travis/build/icyphy/ptII/lib/commons-logging-1.1.1.jar:/home/travis/build/icyphy/ptII/lib/sootclasses.jar:/home/travis/build/icyphy/ptII/ptolemy/actor/lib/database/mysql-connector-java-5.1.6-bin.jar:/home/travis/build/icyphy/ptII/vendors/misc/sphinx4/sphinx4-data-5prealpha.jar:/home/travis/build/icyphy/ptII/vendors/misc/sphinx4/sphinx4-core-5prealpha.jar:/home/travis/build/icyphy/ptII/lib/PDFRenderer.jar:/home/travis/build/icyphy/ptII/lib/svgSalamander.jar:/home/travis/build/icyphy/ptII/lib/rsyntaxtextarea-2.6.0-SNAPSHOT.jar:/home/travis/build/icyphy/ptII/lib/hazelcast-3.8.2.jar:/home/travis/build/icyphy/ptII/lib/jackson-annotations-2.9.0.jar:/home/travis/build/icyphy/ptII/lib/jackson-core-2.9.3.jar:/home/travis/build/icyphy/ptII/lib/jackson-databind-2.9.3.jar:/home/travis/build/icyphy/ptII/lib/netty-buffer-4.1.19.Final.jar:/home/travis/build/icyphy/ptII/lib/netty-codec-4.1.19.Final.jar:/home/travis/build/icyphy/ptII/lib/netty-codec-dns-4.1.19.Final.jar:/home/travis/build/icyphy/ptII/lib/netty-codec-http-4.1.19.Final.jar:/home/travis/build/icyphy/ptII/lib/netty-codec-http2-4.1.19.Final.jar:/home/travis/build/icyphy/ptII/lib/netty-common-4.1.19.Final.jar:/home/travis/build/icyphy/ptII/lib/netty-handler-4.1.19.Final.jar:/home/travis/build/icyphy/ptII/lib/netty-resolver-4.1.19.Final.jar:/home/travis/build/icyphy/ptII/lib/netty-resolver-dns-4.1.19.Final.jar:/home/travis/build/icyphy/ptII/lib/netty-transport-4.1.19.Final.jar:/home/travis/build/icyphy/ptII/lib/vertx-codegen-3.5.1.jar:/home/travis/build/icyphy/ptII/lib/vertx-core-3.5.2-SNAPSHOT.jar:/home/travis/build/icyphy/ptII/lib/vertx-hazelcast-3.5.1.jar:/home/travis/build/icyphy/ptII/lib/vertx-lang-js-3.5.1.jar:/home/travis/build/icyphy/ptII/lib/vertx-service-proxy-3.5.1.jar:/home/travis/build/icyphy/ptII/lib/vertx-web-3.5.1.jar:/home/travis/build/icyphy/ptII/lib/slf4j-api-1.7.13.jar:/home/travis/build/icyphy/ptII/lib/slf4j-simple-1.7.13.jar:/home/travis/build/icyphy/ptII/lib/webcam-capture-0.3.12.jar:/home/travis/build/icyphy/ptII/lib/bridj-0.7.0.jar:/home/travis/build/icyphy/ptII/lib/xbjlib-1.1.0.nrjavaserial.jar" />
    <property name="timeout" value="2400000" />
    <property name="test.batch" value="**/junit/*.java" />
    <property name="env._" value="/usr/bin/timeout" />
    <property name="java.io.tmpdir" value="/tmp" />
    <property name="user.language" value="en" />
    <property name="env.TRAVIS_INTERNAL_RUBY_REGEX" value="^ruby-(2\.[0-4]\.[0-9]|1\.9\.3)" />
    <property name="env.HISTCONTROL" value="ignoredups:ignorespace" />
    <property name="env.GOROOT" value="/home/travis/.gimme/versions/go1.11.1.linux.amd64" />
    <property name="line.separator" value="&#xa;" />
    <property name="target" value="11" />
    <property name="env.TRAVIS_BUILD_DIR" value="/home/travis/build/icyphy/ptII" />
    <property name="env.ANT_OPTS" value="-Xmx2048m" />
    <property name="ant.file.type" value="file" />
    <property name="ptolemy.ptII.batchMode" value="true" />
    <property name="env.HISTSIZE" value="1000" />
    <property name="env.MERB_ENV" value="test" />
    <property name="java.vm.info" value="mixed mode" />
    <property name="source" value="11" />
    <property name="java.vm.specification.name" value="Java Virtual Machine Specification" />
    <property name="env.TRAVIS_TEST_RESULT" value="0" />
    <property name="jsdoc.command" value="node_modules/@terraswarm/jsdoc/jsdoc.js" />
    <property name="npm.works" value="true" />
    <property name="cobertura.dir" value="/home/travis/build/icyphy/ptII/vendors/cobertura-2.0.3" />
    <property name="jsdoc.command.exists" value="true" />
    <property name="env.rvm_path" value="/home/travis/.rvm" />
    <property name="env.GEM_PATH" value="/home/travis/.rvm/gems/ruby-2.5.3:/home/travis/.rvm/gems/ruby-2.5.3@global" />
    <property name="env.LC_CTYPE" value="en_US.UTF-8" />
    <property name="env.TRAVIS_CMD" value="$PTII/bin/ptIITravisBuild.sh $SECONDS" />
    <property name="java.awt.printerjob" value="sun.print.PSPrinterJob" />
    <property name="env.TRAVIS_STACK_NAME" value="sardonyx" />
    <property name="env.TRAVIS_TIMER_START_TIME" value="1568871458967203392" />
    <property name="ant.version" value="Apache Ant(TM) version 1.10.1 compiled on February 2 2017" />
    <property name="ptII.reports" value="/home/travis/build/icyphy/ptII/reports" />
    <property name="env.TRAVIS_STACK_TIMESTAMP" value="2019-03-25 16:16:56 UTC" />
    <property name="ant.file.type.ptII" value="file" />
    <property name="env.RBENV_SHELL" value="bash" />
    <property name="os.name" value="Linux" />
    <property name="java.specification.vendor" value="Oracle Corporation" />
    <property name="env.rvm_version" value="1.29.7 (latest)" />
    <property name="env.TRAVIS_INFRA" value="gce" />
    <property name="env.TERM" value="xterm" />
    <property name="java.vm.name" value="OpenJDK 64-Bit Server VM" />
    <property name="env.TRAVIS_BUILD_NUMBER" value="1334" />
    <property name="env.CI" value="true" />
    <property name="java.library.path" value="/home/travis/pthla/certi-tools/lib:/usr/lib/jni:/usr/local/share/OpenCV/java/:/usr/share/OpenCV/java::/usr/java/packages/lib:/usr/lib64:/lib64:/lib:/usr/lib" />
    <property name="jdk.module.path" value="/home/travis/build/icyphy/ptII/vendors/javafx/javafx-sdk-11.0.2/lib:" />
    <property name="env.rvm_prefix" value="/home/travis" />
    <property name="env.PATH" value="/home/travis/pthla/certi-tools/share/scripts:/home/travis/.rvm/gems/ruby-2.5.3/bin:/home/travis/.rvm/gems/ruby-2.5.3@global/bin:/home/travis/.rvm/rubies/ruby-2.5.3/bin:/home/travis/.rvm/bin:/home/travis/.nvm/versions/node/v7.10.1/bin:./node_modules/.bin:/home/travis/build/icyphy/ptII/bin:/home/travis/pthla/certi-tools/bin:/home/travis/bin:/home/travis/.local/bin:/usr/local/lib/jvm/openjdk11/bin:/opt/pyenv/shims:/home/travis/.phpenv/shims:/home/travis/perl5/perlbrew/bin:/home/travis/gopath/bin:/home/travis/.gimme/versions/go1.11.1.linux.amd64/bin:/usr/local/maven-3.6.0/bin:/usr/local/cmake-3.12.4/bin:/usr/local/clang-7.0.0/bin:/usr/local/sbin:/usr/local/bin:/usr/sbin:/usr/bin:/sbin:/bin:/snap/bin:/home/travis/.phpenv/bin:/opt/pyenv/bin:/home/travis/.yarn/bin" />
    <property name="env.TRAVIS_OS_NAME" value="linux" />
    <property name="ant.java.version" value="9" />
    <property name="basedir" value="/home/travis/build/icyphy/ptII" />
    <property name="java.class.version" value="55.0" />
    <property name="env.SHLVL" value="3" />
    <property name="env.LD_LIBRARY_PATH" value="/home/travis/pthla/certi-tools/lib:/usr/lib/jni:/usr/local/share/OpenCV/java/:/usr/share/OpenCV/java:" />
    <property name="env.RACK_ENV" value="test" />
    <property name="ant.home" value="/home/travis/build/icyphy/ptII/ant" />
    <property name="env.NVM_DIR" value="/home/travis/.nvm" />
    <property name="env.CERTI_FOM_PATH" value="/home/travis/pthla/certi-tools/share/federations" />
    <property name="env.TRAVIS_BUILD_ID" value="586850560" />
    <property name="env.PYENV_ROOT" value="/opt/pyenv" />
    <property name="env.TRAVIS_UID" value="2000" />
    <property name="prism.verbose" value="true" />
    <property name="env.NVM_BIN" value="/home/travis/.nvm/versions/node/v7.10.1/bin" />
    <property name="env.TRAVIS_COMMIT" value="1691c4a63a7f6e8f7441362a7c71a7ee30ba8bb1" />
    <property name="env._system_arch" value="x86_64" />
    <property name="node.executable" value="node" />
    <property name="sun.boot.library.path" value="/usr/local/lib/jvm/openjdk11/lib" />
    <property name="sun.management.compiler" value="HotSpot 64-Bit Tiered Compilers" />
    <property name="java.awt.graphicsenv" value="sun.awt.X11GraphicsEnvironment" />
    <property name="env.GOPATH" value="/home/travis/gopath" />
    <property name="ptolemy.ptII.dir" value="/home/travis/build/icyphy/ptII" />
    <property name="env.USER" value="travis" />
    <property name="env.HISTFILESIZE" value="2000" />
    <property name="timeout.longest" value="19000000" />
    <property name="env.PERLBREW_SHELLRC_VERSION" value="0.86" />
    <property name="env.TRAVIS_STACK_FEATURES" value="basic couchdb disabled-ipv6 docker docker-compose elasticsearch firefox go-toolchain google-chrome jdk memcached mongodb mysql nodejs_interpreter perl_interpreter perlbrew phantomjs postgresql python_interpreter redis ruby_interpreter sqlite xserver" />
    <property name="env.TRAVIS_PULL_REQUEST" value="false" />
    <property name="env.PYENV_SHELL" value="bash" />
    <property name="ant.project.name" value="ptII" />
    <property name="env.ANSI_RESET" value="\033[0m" />
    <property name="java.vm.specification.version" value="11" />
    <property name="env.TRAVIS_DIST" value="xenial" />
    <property name="env.CERTI_VERSION" value="4.0.0" />
    <property name="env.CERTI_HOST" value="localhost" />
    <property name="awt.toolkit" value="sun.awt.X11.XToolkit" />
    <property name="env.MY_RUBY_HOME" value="/home/travis/.rvm/rubies/ruby-2.5.3" />
    <property name="sun.cpu.isalist" value="" />
    <property name="env.TRAVIS_TMPDIR" value="/tmp/tmp.PS2hGiW5e1" />
    <property name="java.vm.compressedOopsMode" value="Zero based" />
    <property name="os.version" value="4.15.0-1028-gcp" />
    <property name="user.home" value="/home/travis" />
    <property name="java.vm.vendor" value="Oracle Corporation" />
    <property name="env.TRAVIS_TAG" value="nightly" />
    <property name="env.ANSI_YELLOW" value="\033[33;1m" />
    <property name="env.TRAVIS_FILTERED" value="redirect_io" />
    <property name="env.ANSI_GREEN" value="\033[32;1m" />
    <property name="env.JAVA_HOME" value="/usr/local/lib/jvm/openjdk11" />
    <property name="javadoc.excludepackagenames" value="adm.cvs2svn.*,build.*,config.*,doc.coding.templates.*,jni.test.jni.meaningOfLife.*,jni.test.jni.testDeux.*,jni.test.jni.testTrois.*,org.terraswarm.accessor.accessors.web.node_modules.*,org.terraswarm.accessor.accessors.web.hosts.cordova.demo.*,org.terraswarm.accessor.accessors.web.hosts.cordova.plugins.*,org.terraswarm.accessor.accessors-svn.*,pt-modules.*,ptolemy.apps.agilent.*,ptolemy.apps.anytimecontrol.*,ptolemy.apps.apes.*,ptolemy.apps.charon.*,ptolemy.apps.crazyboard.*,ptolemy.apps.eclipse.*,ptolemy.apps.etherealSting.*,ptolemy.apps.fullscreen.*,ptolemy.apps.giotto.*,ptolemy.apps.ia.*,ptolemy.apps.interfaces.*,ptolemy.apps.jmf.*,ptolemy.apps.kurt.*,ptolemy.apps.kvm.*,ptolemy.apps.lego.*,ptolemy.apps.lejos.*,ptolemy.apps.midp.*,ptolemy.apps.mobileCoding.*,ptolemy.apps.pendulum.*,ptolemy.apps.rijndael.*,ptolemy.apps.robot.*,ptolemy.apps.security.*,ptolemy.apps.sobel.*,ptolemy.apps.soot.*,ptolemy.apps.throttle.*,ptolemy.apps.tini.*,ptolemy.apps.transmission.*,ptolemy.apps.vergil.*,ptolemy.apps.waba.*,ptolemy.apps.websensor.*,ptolemy.apps.webstart.*,ptolemy.apps.xsl.*,ptolemy.apps.zaurus.*,ptolemy.codegen.c.actor.lib.oldJavaFiles.*,ptolemy.codegen.dsp.lib.*,ptolemy.codegen.kernel.newInterfaces.*,ptolemy.codegen.lib.*,ptolemy.copernicus.kernel.fragment.*,ptolemy.copernicus.shallow.cg.*,ptolemy.domains.giotto.demo.Hierarchy.Hierarchy.*,ptolemy.domains.giotto.demo.Multimode.Multimode.*,ptolemy.domains.giotto.demo.Simple.Simple.*,ptolemy.domains.gr.lib.experimental.*,ptolemy.domains.gro.*,ptolemy.domains.pdf.*,ptolemy.domains.ptinyos.demo.Surge.output.*,ptolemy.moml.test.NoPackageActor.java*,ptolemy.plot.adm.*,ptolemy.plot.servlet.*,reports.*,signed.*,src.*,target.*,vendors.*,ptolemy.copernicus.applet.*,ptolemy.media.viewer.*,ptolemy.actor.corba.*,doc.doclets.*,ptolemy.apps.eclipse.awt.*,ptolemy.backtrack.*,ptolemy.backtrack.ast.*,ptolemy.cg.adapter.generic.program.procedural.c.mbed*,ptolemy.homer.*,ptolemy.actor.lib.jai.*,org.ptolemy.scala.*,diva.util.java2d.svg.*,ptolemy.domains.ptinyos.*,ptolemy.actor.lib.fmi.fmipp.*,,org.terraswarm.accessor.accessors.web.node_modules.*,org.terraswarm.accessor.accessors-svn,ptolemy.apps.*,ptolemy.actor.ptalon.demo.ptinyos.SendAndReceiveCnt.output,ptolemy.actor.ptalon.demo.ptinyos.SenseToLeds.output,ptolemy.domains.ptinyos.demo.CntToLedsAndRfm.output,ptolemy.domains.ptinyos.demo.RfmToLeds.output,ptolemy.domains.ptinyos.demo.SendAndReceiveCnt.output,ptolemy.domains.ptinyos.demo.SenseToLeds.output,ptolemy.actor.lib.jjs.modules.udpSocket.*" />
    <property name="env.PTII" value="/home/travis/build/icyphy/ptII" />
    <property name="env.XDG_SESSION_ID" value="2" />
    <property name="keystore" value="ptKeystore" />
    <property name="env.TRAVIS_COMMIT_MESSAGE" value="Use --release 8 instead of -target 8 -release 8 because --release 8 includes -target 8." />
    <property name="junit.output.dir" value="/home/travis/build/icyphy/ptII/reports/junit" />
    <property name="npm.return.code" value="0" />
    <property name="user.dir" value="/home/travis/build/icyphy/ptII/ptolemy/actor/lib/test" />
    <property name="env.TRAVIS_NODE_VERSION" value="7" />
    <property name="env.TRAVIS_EVENT_TYPE" value="cron" />
    <property name="env.MAIL" value="/var/mail/travis" />
    <property name="env.PERLBREW_ROOT" value="/home/travis/perl5/perlbrew" />
    <property name="env.PWD" value="/home/travis/build/icyphy/ptII" />
    <property name="timeout.npm" value="45000" />
    <property name="env.TRAVIS_ARCH" value="amd64" />
    <property name="sun.cpu.endian" value="little" />
    <property name="env.PAGER" value="cat" />
    <property name="env.TRAVIS_BUILD_STAGE_NAME" value="Test" />
    <property name="env.PERLBREW_HOME" value="/home/travis/.perlbrew" />
    <property name="java.vm.version" value="11.0.2+9" />
    <property name="env.RAILS_ENV" value="test" />
    <property name="java.class.path" value="/home/travis/.ptolemyII:/home/travis/.ptolemyII/*:/home/travis/build/icyphy/ptII:/home/travis/build/icyphy/ptII/lib/bsh-2.0b4.jar:/home/travis/build/icyphy/ptII/lib/ptCal.jar:/home/travis/build/icyphy/ptII/lib/java_cup.jar:/home/travis/build/icyphy/ptII/lib/saxon8.jar:/home/travis/build/icyphy/ptII/lib/saxon8-dom.jar:/home/travis/build/icyphy/ptII/lib/chic.jar:/home/travis/build/icyphy/ptII/lib/ptcolt.jar:/home/travis/build/icyphy/ptII/vendors/misc/itext/iText.jar:/home/travis/build/icyphy/ptII/lib/g4ltl.jar:/home/travis/build/icyphy/ptII/lib/StructuralCoder.jar:/home/travis/build/icyphy/ptII/lib/jcerti.jar:/home/travis/build/icyphy/ptII/lib/javax.mail.jar:/home/travis/build/icyphy/ptII/vendors/JMF-2.1.1e/lib/jmf.jar:/home/travis/build/icyphy/ptII/lib/jna-4.0.0-variadic.jar:/home/travis/build/icyphy/ptII/vendors/misc/joystick/Joystick.jar:/home/travis/build/icyphy/ptII/lib/ptjacl.jar:/home/travis/build/icyphy/ptII/lib/jsoup-1.8.2.jar:/home/travis/build/icyphy/ptII/lib/junit-4.8.2.jar:/home/travis/build/icyphy/ptII/lib/JUnitParams-0.4.0.jar:/home/travis/build/icyphy/ptII/ptolemy/actor/lib/excel/jxl.jar:/home/travis/build/icyphy/ptII/lib/jython.jar:/home/travis/build/icyphy/ptII/lib/kieler.jar:/home/travis/build/icyphy/ptII/vendors/opencv/share/OpenCV/java/opencv-341.jar:/home/travis/build/icyphy/ptII/lib/oscP5.jar:/home/travis/build/icyphy/ptII/lib/nrjavaserial-3.11.0.devel.jar:/home/travis/build/icyphy/ptII/vendors/j3d/lib/Linux/j3dcore.jar:/home/travis/build/icyphy/ptII/vendors/j3d/lib/Linux/j3dutils.jar:/home/travis/build/icyphy/ptII/vendors/j3d/lib/Linux/vecmath.jar:/home/travis/build/icyphy/ptII/vendors/jogl/lib/Linux/gluegen-rt-natives-linux-amd64.jar:/home/travis/build/icyphy/ptII/vendors/jogl/lib/Linux/gluegen-rt.jar:/home/travis/build/icyphy/ptII/vendors/jogl/lib/Linux/jogl-all-natives-linux-amd64.jar:/home/travis/build/icyphy/ptII/vendors/jogl/lib/Linux/jogl-all.jar:/home/travis/build/icyphy/ptII/ptolemy/distributed/jini/jar/jini-core.jar:/home/travis/build/icyphy/ptII/ptolemy/distributed/jini/jar/jini-ext.jar:/home/travis/build/icyphy/ptII/ptolemy/distributed/jini/jar/sun-util.jar:/home/travis/build/icyphy/ptII/lib/protobuf-java-2.4.1.jar:/home/travis/build/icyphy/ptII/lib/org.eclipse.paho.client.mqttv3.jar:/home/travis/build/icyphy/ptII/lib/mapss.jar:/home/travis/build/icyphy/ptII/ptolemy/actor/ptalon/antlr/antlr.jar:/home/travis/build/icyphy/ptII/lib/JRI.jar:/home/travis/build/icyphy/ptII/lib/commons-lang-2.6.jar:/home/travis/build/icyphy/ptII/lib/commons-logging-1.1.1.jar:/home/travis/build/icyphy/ptII/lib/sootclasses.jar:/home/travis/build/icyphy/ptII/ptolemy/actor/lib/database/mysql-connector-java-5.1.6-bin.jar:/home/travis/build/icyphy/ptII/vendors/misc/sphinx4/sphinx4-data-5prealpha.jar:/home/travis/build/icyphy/ptII/vendors/misc/sphinx4/sphinx4-core-5prealpha.jar:/home/travis/build/icyphy/ptII/lib/PDFRenderer.jar:/home/travis/build/icyphy/ptII/lib/svgSalamander.jar:/home/travis/build/icyphy/ptII/lib/rsyntaxtextarea-2.6.0-SNAPSHOT.jar:/home/travis/build/icyphy/ptII/lib/hazelcast-3.8.2.jar:/home/travis/build/icyphy/ptII/lib/jackson-annotations-2.9.0.jar:/home/travis/build/icyphy/ptII/lib/jackson-core-2.9.3.jar:/home/travis/build/icyphy/ptII/lib/jackson-databind-2.9.3.jar:/home/travis/build/icyphy/ptII/lib/netty-buffer-4.1.19.Final.jar:/home/travis/build/icyphy/ptII/lib/netty-codec-4.1.19.Final.jar:/home/travis/build/icyphy/ptII/lib/netty-codec-dns-4.1.19.Final.jar:/home/travis/build/icyphy/ptII/lib/netty-codec-http-4.1.19.Final.jar:/home/travis/build/icyphy/ptII/lib/netty-codec-http2-4.1.19.Final.jar:/home/travis/build/icyphy/ptII/lib/netty-common-4.1.19.Final.jar:/home/travis/build/icyphy/ptII/lib/netty-handler-4.1.19.Final.jar:/home/travis/build/icyphy/ptII/lib/netty-resolver-4.1.19.Final.jar:/home/travis/build/icyphy/ptII/lib/netty-resolver-dns-4.1.19.Final.jar:/home/travis/build/icyphy/ptII/lib/netty-transport-4.1.19.Final.jar:/home/travis/build/icyphy/ptII/lib/vertx-codegen-3.5.1.jar:/home/travis/build/icyphy/ptII/lib/vertx-core-3.5.2-SNAPSHOT.jar:/home/travis/build/icyphy/ptII/lib/vertx-hazelcast-3.5.1.jar:/home/travis/build/icyphy/ptII/lib/vertx-lang-js-3.5.1.jar:/home/travis/build/icyphy/ptII/lib/vertx-service-proxy-3.5.1.jar:/home/travis/build/icyphy/ptII/lib/vertx-web-3.5.1.jar:/home/travis/build/icyphy/ptII/lib/slf4j-api-1.7.13.jar:/home/travis/build/icyphy/ptII/lib/slf4j-simple-1.7.13.jar:/home/travis/build/icyphy/ptII/lib/webcam-capture-0.3.12.jar:/home/travis/build/icyphy/ptII/lib/bridj-0.7.0.jar:/home/travis/build/icyphy/ptII/lib/xbjlib-1.1.0.nrjavaserial.jar:/home/travis/build/icyphy/ptII/ptolemy/moml/test:/home/travis/build/icyphy/ptII/ant/lib/ant-launcher.jar:/home/travis/build/icyphy/ptII/ant/lib/ant.jar:/home/travis/build/icyphy/ptII/ant/lib/ant-junit.jar:/home/travis/build/icyphy/ptII/ant/lib/ant-junit4.jar" />
    <property name="ant.library.dir" value="/home/travis/build/icyphy/ptII/ant/lib" />
    <property name="os.arch" value="amd64" />
    <property name="env.CONTINUOUS_INTEGRATION" value="true" />
    <property name="env.TRAVIS_LANGUAGE" value="node_js" />
    <property name="env.TRAVIS_STACK_LANGUAGES" value="__sardonyx__ c c++ clojure cplusplus cpp default generic go groovy java node_js php pure_java python ruby scala" />
    <property name="test.name" value="ptolemy.actor.lib.test.junit.JUnitTclTest" />
    <property name="env.APT_KEY_DONT_WARN_ON_DANGEROUS_USAGE" value="1" />
    <property name="sun.java.launcher" value="SUN_STANDARD" />
    <property name="env.PYTHON_CONFIGURE_OPTS" value="--enable-unicode=ucs4 --with-wide-unicode --enable-shared --enable-ipv6 --enable-loadable-sqlite-extensions --with-computed-gotos" />
    <property name="ant.core.lib" value="/home/travis/build/icyphy/ptII/ant/lib/ant.jar" />
    <property name="java.vm.specification.vendor" value="Oracle Corporation" />
    <property name="env.BCVTB_HOME" value="/home/travis/build/icyphy/ptII/lbnl" />
    <property name="file.separator" value="/" />
    <property name="spotbugs.home" value="/home/travis/build/icyphy/ptII/vendors/spotbugs-3.1.1" />
    <property name="java.runtime.version" value="11.0.2+9" />
    <property name="env.ANSI_CLEAR" value="\033[0K" />
    <property name="javafx.verbose" value="true" />
    <property name="env.HAS_JOSH_K_SEAL_OF_APPROVAL" value="true" />
    <property name="env.XDG_RUNTIME_DIR" value="/run/user/2000" />
    <property name="env.TRAVIS_OSX_IMAGE" value="" />
    <property name="env.TRAVIS_JOB_ID" value="586850568" />
    <property name="env.TRAVIS_BRANCH" value="master" />
    <property name="user.country" value="US" />
    <property name="env.CERTI_HOME_TRAVIS" value="/home/travis/pthla/certi-tools" />
    <property name="env.SHELL" value="/bin/bash" />
    <property name="java.maxmemory.large" value="3200m" />
    <property name="model" value="" />
    <property name="env.CASHER_DIR" value="/home/travis/.casher" />
    <property name="env.NVM_CD_FLAGS" value="" />
    <property name="java.vendor.version" value="18.9" />
    <property name="jshint.executable" value="/home/travis/node_modules/jshint/bin/jshint" />
    <property name="env.JRUBY_OPTS" value=" --client -J-XX:+TieredCompilation -J-XX:TieredStopAtLevel=1 -J-Xss2m -Xcompile.invokedynamic=false" />
    <property name="java.vendor" value="Oracle Corporation" />
    <property name="env.TRAVIS_PRE_CHEF_BOOTSTRAP_TIME" value="2019-03-25T16:16:42" />
    <property name="env.TRAVIS_STACK_JOB_BOARD_REGISTER" value="/.job-board-register.yml" />
    <property name="env.ANSI_RED" value="\033[31;1m" />
    <property name="java.specification.version" value="11" />
    <property name="env.IRBRC" value="/home/travis/.rvm/rubies/ruby-2.5.3/.irbrc" />
    <property name="env.TRAVIS" value="true" />
    <property name="sun.arch.data.model" value="64" />
  </properties>
  <testcase classname="ptolemy.util.test.junit.TclTests" name="[0] /home/travis/build/icyphy/ptII/ptolemy/actor/lib/test/AbsoluteValue.tcl (RunTclFile)" time="0.599" />
  <testcase classname="ptolemy.util.test.junit.TclTests" name="[1] /home/travis/build/icyphy/ptII/ptolemy/actor/lib/test/AddSubtract.tcl (RunTclFile)" time="0.173" />
  <testcase classname="ptolemy.util.test.junit.TclTests" name="[2] /home/travis/build/icyphy/ptII/ptolemy/actor/lib/test/Average.tcl (RunTclFile)" time="0.051" />
  <testcase classname="ptolemy.util.test.junit.TclTests" name="[3] /home/travis/build/icyphy/ptII/ptolemy/actor/lib/test/Bernoulli.tcl (RunTclFile)" time="0.023" />
  <testcase classname="ptolemy.util.test.junit.TclTests" name="[4] /home/travis/build/icyphy/ptII/ptolemy/actor/lib/test/Clock.tcl (RunTclFile)" time="0.099" />
  <testcase classname="ptolemy.util.test.junit.TclTests" name="[5] /home/travis/build/icyphy/ptII/ptolemy/actor/lib/test/Commutator.tcl (RunTclFile)" time="0.185" />
  <testcase classname="ptolemy.util.test.junit.TclTests" name="[6] /home/travis/build/icyphy/ptII/ptolemy/actor/lib/test/Const.tcl (RunTclFile)" time="0.166" />
  <testcase classname="ptolemy.util.test.junit.TclTests" name="[7] /home/travis/build/icyphy/ptII/ptolemy/actor/lib/test/CurrentTime.tcl (RunTclFile)" time="0.022" />
  <testcase classname="ptolemy.util.test.junit.TclTests" name="[8] /home/travis/build/icyphy/ptII/ptolemy/actor/lib/test/DB.tcl (RunTclFile)" time="0.061" />
  <testcase classname="ptolemy.util.test.junit.TclTests" name="[9] /home/travis/build/icyphy/ptII/ptolemy/actor/lib/test/DiscreteRandomSource.tcl (RunTclFile)" time="0.038" />
  <testcase classname="ptolemy.util.test.junit.TclTests" name="[10] /home/travis/build/icyphy/ptII/ptolemy/actor/lib/test/Distributor.tcl (RunTclFile)" time="0.079" />
  <testcase classname="ptolemy.util.test.junit.TclTests" name="[11] /home/travis/build/icyphy/ptII/ptolemy/actor/lib/test/Exit.tcl (RunTclFile)" time="0.093" />
  <testcase classname="ptolemy.util.test.junit.TclTests" name="[12] /home/travis/build/icyphy/ptII/ptolemy/actor/lib/test/Expression.tcl (RunTclFile)" time="0.127" />
  <testcase classname="ptolemy.util.test.junit.TclTests" name="[13] /home/travis/build/icyphy/ptII/ptolemy/actor/lib/test/Gaussian.tcl (RunTclFile)" time="0.18" />
  <testcase classname="ptolemy.util.test.junit.TclTests" name="[14] /home/travis/build/icyphy/ptII/ptolemy/actor/lib/test/IIR.tcl (RunTclFile)" time="0.023" />
  <testcase classname="ptolemy.util.test.junit.TclTests" name="[15] /home/travis/build/icyphy/ptII/ptolemy/actor/lib/test/Interpolator.tcl (RunTclFile)" time="0.107" />
  <testcase classname="ptolemy.util.test.junit.TclTests" name="[16] /home/travis/build/icyphy/ptII/ptolemy/actor/lib/test/MathFunction.tcl (RunTclFile)" time="0.068" />
  <testcase classname="ptolemy.util.test.junit.TclTests" name="[17] /home/travis/build/icyphy/ptII/ptolemy/actor/lib/test/Maximum.tcl (RunTclFile)" time="0.048" />
  <testcase classname="ptolemy.util.test.junit.TclTests" name="[18] /home/travis/build/icyphy/ptII/ptolemy/actor/lib/test/Minimum.tcl (RunTclFile)" time="0.028" />
  <testcase classname="ptolemy.util.test.junit.TclTests" name="[19] /home/travis/build/icyphy/ptII/ptolemy/actor/lib/test/MultiplyDivide.tcl (RunTclFile)" time="0.037" />
  <testcase classname="ptolemy.util.test.junit.TclTests" name="[20] /home/travis/build/icyphy/ptII/ptolemy/actor/lib/test/OrderedMerge.tcl (RunTclFile)" time="0.115" />
  <testcase classname="ptolemy.util.test.junit.TclTests" name="[21] /home/travis/build/icyphy/ptII/ptolemy/actor/lib/test/Publisher.tcl (RunTclFile)" time="0.859" />
  <testcase classname="ptolemy.util.test.junit.TclTests" name="[22] /home/travis/build/icyphy/ptII/ptolemy/actor/lib/test/Pulse.tcl (RunTclFile)" time="0.039" />
  <testcase classname="ptolemy.util.test.junit.TclTests" name="[23] /home/travis/build/icyphy/ptII/ptolemy/actor/lib/test/Ramp.tcl (RunTclFile)" time="2.099" />
  <testcase classname="ptolemy.util.test.junit.TclTests" name="[24] /home/travis/build/icyphy/ptII/ptolemy/actor/lib/test/RampContinuous.tcl (RunTclFile)" time="0.021" />
  <testcase classname="ptolemy.util.test.junit.TclTests" name="[25] /home/travis/build/icyphy/ptII/ptolemy/actor/lib/test/RecordAssembler.tcl (RunTclFile)" time="0.019" />
  <testcase classname="ptolemy.util.test.junit.TclTests" name="[26] /home/travis/build/icyphy/ptII/ptolemy/actor/lib/test/RecordDisassembler.tcl (RunTclFile)" time="0.037" />
  <testcase classname="ptolemy.util.test.junit.TclTests" name="[27] /home/travis/build/icyphy/ptII/ptolemy/actor/lib/test/Scale.tcl (RunTclFile)" time="0.035" />
  <testcase classname="ptolemy.util.test.junit.TclTests" name="[28] /home/travis/build/icyphy/ptII/ptolemy/actor/lib/test/SequentialClock.tcl (RunTclFile)" time="0.014" />
  <testcase classname="ptolemy.util.test.junit.TclTests" name="[29] /home/travis/build/icyphy/ptII/ptolemy/actor/lib/test/SetVariable.tcl (RunTclFile)" time="0.024">
    <failure message="Number of failed tests is has increased. expected:&lt;0&gt; but was:&lt;1&gt;" type="junit.framework.AssertionFailedError">junit.framework.AssertionFailedError: Number of failed tests is has increased. expected:&lt;0&gt; but was:&lt;1&gt;
	at ptolemy.util.test.junit.TclTests.RunTclFile(TclTests.java:286)
	at jdk.internal.reflect.GeneratedMethodAccessor19.invoke(Unknown Source)
	at java.base/jdk.internal.reflect.DelegatingMethodAccessorImpl.invoke(DelegatingMethodAccessorImpl.java:43)
	at junitparams.internal.InvokeParameterisedMethod.evaluate(InvokeParameterisedMethod.java:102)
	at junitparams.internal.ParameterisedTestMethodRunner.runMethodInvoker(ParameterisedTestMethodRunner.java:47)
	at junitparams.internal.ParameterisedTestMethodRunner.runTestMethod(ParameterisedTestMethodRunner.java:41)
	at junitparams.internal.ParameterisedTestClassRunner.runParameterisedTest(ParameterisedTestClassRunner.java:143)
	at junitparams.JUnitParamsRunner.runChild(JUnitParamsRunner.java:237)
	at junitparams.JUnitParamsRunner.runChild(JUnitParamsRunner.java:215)
</failure>
  </testcase>
  <testcase classname="ptolemy.util.test.junit.TclTests" name="[30] /home/travis/build/icyphy/ptII/ptolemy/actor/lib/test/Sinewave.tcl (RunTclFile)" time="0.058" />
  <testcase classname="ptolemy.util.test.junit.TclTests" name="[31] /home/travis/build/icyphy/ptII/ptolemy/actor/lib/test/SubscriptionAggregator.tcl (RunTclFile)" time="2.425" />
  <testcase classname="ptolemy.util.test.junit.TclTests" name="[32] /home/travis/build/icyphy/ptII/ptolemy/actor/lib/test/Test.tcl (RunTclFile)" time="0.138" />
  <testcase classname="ptolemy.util.test.junit.TclTests" name="[33] /home/travis/build/icyphy/ptII/ptolemy/actor/lib/test/TestExceptionHandler.tcl (RunTclFile)" time="0.012" />
  <testcase classname="ptolemy.util.test.junit.TclTests" name="[34] /home/travis/build/icyphy/ptII/ptolemy/actor/lib/test/UnionDisassembler.tcl (RunTclFile)" time="0.055" />
  <testcase classname="ptolemy.util.test.junit.TclTests" name="[35] /home/travis/build/icyphy/ptII/ptolemy/actor/lib/test/VariableClock.tcl (RunTclFile)" time="0.018" />
  <testcase classname="ptolemy.util.test.junit.AutoKnownFailedTests" name="[0] /home/travis/build/icyphy/ptII/ptolemy/actor/lib/test/auto/knownFailedTests/PublisherPortToplevelSubscriber.xml (RunModel)" time="0.031" />
  <testcase classname="ptolemy.util.test.junit.AutoKnownFailedTests" name="[1] /home/travis/build/icyphy/ptII/ptolemy/actor/lib/test/auto/knownFailedTests/PublisherSubscriberPortToplevel.xml (RunModel)" time="0.018" />
  <testcase classname="ptolemy.util.test.junit.AutoKnownFailedTests" name="[2] /home/travis/build/icyphy/ptII/ptolemy/actor/lib/test/auto/knownFailedTests/PublisherSubscriptionAggregatorPort.xml (RunModel)" time="0.02" />
  <testcase classname="ptolemy.util.test.junit.AutoKnownFailedTests" name="[3] /home/travis/build/icyphy/ptII/ptolemy/actor/lib/test/auto/knownFailedTests/sizedarray3.xml (RunModel)" time="0.032" />
  <testcase classname="ptolemy.util.test.junit.AutoNameArchTests" name="[0] ThereAreNoAutoArchTests (RunModel)" time="0.001" />
  <testcase classname="ptolemy.util.test.junit.AutoTests" name="[0] /home/travis/build/icyphy/ptII/ptolemy/actor/lib/test/auto/AbsoluteValue.xml (RunModel)" time="0.103" />
  <testcase classname="ptolemy.util.test.junit.AutoTests" name="[1] /home/travis/build/icyphy/ptII/ptolemy/actor/lib/test/auto/AbsoluteValue2.xml (RunModel)" time="0.028" />
  <testcase classname="ptolemy.util.test.junit.AutoTests" name="[2] /home/travis/build/icyphy/ptII/ptolemy/actor/lib/test/auto/Accumulator.xml (RunModel)" time="0.067" />
  <testcase classname="ptolemy.util.test.junit.AutoTests" name="[3] /home/travis/build/icyphy/ptII/ptolemy/actor/lib/test/auto/Accumulator2.xml (RunModel)" time="0.042" />
  <testcase classname="ptolemy.util.test.junit.AutoTests" name="[4] /home/travis/build/icyphy/ptII/ptolemy/actor/lib/test/auto/Accumulator3.xml (RunModel)" time="0.044" />
  <testcase classname="ptolemy.util.test.junit.AutoTests" name="[5] /home/travis/build/icyphy/ptII/ptolemy/actor/lib/test/auto/ArrayAppend.xml (RunModel)" time="0.03" />
  <testcase classname="ptolemy.util.test.junit.AutoTests" name="[6] /home/travis/build/icyphy/ptII/ptolemy/actor/lib/test/auto/ArrayAppend2.xml (RunModel)" time="0.356" />
  <testcase classname="ptolemy.util.test.junit.AutoTests" name="[7] /home/travis/build/icyphy/ptII/ptolemy/actor/lib/test/auto/ArrayAppend3.xml (RunModel)" time="0.022" />
  <testcase classname="ptolemy.util.test.junit.AutoTests" name="[8] /home/travis/build/icyphy/ptII/ptolemy/actor/lib/test/auto/ArrayAppend4.xml (RunModel)" time="0.028" />
  <testcase classname="ptolemy.util.test.junit.AutoTests" name="[9] /home/travis/build/icyphy/ptII/ptolemy/actor/lib/test/auto/ArrayAppend5.xml (RunModel)" time="0.019" />
  <testcase classname="ptolemy.util.test.junit.AutoTests" name="[10] /home/travis/build/icyphy/ptII/ptolemy/actor/lib/test/auto/ArrayAppend6.xml (RunModel)" time="0.023" />
  <testcase classname="ptolemy.util.test.junit.AutoTests" name="[11] /home/travis/build/icyphy/ptII/ptolemy/actor/lib/test/auto/ArrayAppendPerformanceTest.xml (RunModel)" time="0.072" />
  <testcase classname="ptolemy.util.test.junit.AutoTests" name="[12] /home/travis/build/icyphy/ptII/ptolemy/actor/lib/test/auto/ArrayAppendWithEmptyInput.xml (RunModel)" time="0.058" />
  <testcase classname="ptolemy.util.test.junit.AutoTests" name="[13] /home/travis/build/icyphy/ptII/ptolemy/actor/lib/test/auto/ArrayAverage.xml (RunModel)" time="0.066" />
  <testcase classname="ptolemy.util.test.junit.AutoTests" name="[14] /home/travis/build/icyphy/ptII/ptolemy/actor/lib/test/auto/ArrayContains.xml (RunModel)" time="0.036" />
  <testcase classname="ptolemy.util.test.junit.AutoTests" name="[15] /home/travis/build/icyphy/ptII/ptolemy/actor/lib/test/auto/ArrayElement.xml (RunModel)" time="0.026" />
  <testcase classname="ptolemy.util.test.junit.AutoTests" name="[16] /home/travis/build/icyphy/ptII/ptolemy/actor/lib/test/auto/ArrayElementAsMatrix.xml (RunModel)" time="0.136" />
  <testcase classname="ptolemy.util.test.junit.AutoTests" name="[17] /home/travis/build/icyphy/ptII/ptolemy/actor/lib/test/auto/ArrayElementI.xml (RunModel)" time="0.017" />
  <testcase classname="ptolemy.util.test.junit.AutoTests" name="[18] /home/travis/build/icyphy/ptII/ptolemy/actor/lib/test/auto/ArrayExtract.xml (RunModel)" time="0.033" />
  <testcase classname="ptolemy.util.test.junit.AutoTests" name="[19] /home/travis/build/icyphy/ptII/ptolemy/actor/lib/test/auto/ArrayExtract2.xml (RunModel)" time="0.017" />
  <testcase classname="ptolemy.util.test.junit.AutoTests" name="[20] /home/travis/build/icyphy/ptII/ptolemy/actor/lib/test/auto/ArrayLength.xml (RunModel)" time="0.015" />
  <testcase classname="ptolemy.util.test.junit.AutoTests" name="[21] /home/travis/build/icyphy/ptII/ptolemy/actor/lib/test/auto/ArrayLevelCrossing.xml (RunModel)" time="0.026" />
  <testcase classname="ptolemy.util.test.junit.AutoTests" name="[22] /home/travis/build/icyphy/ptII/ptolemy/actor/lib/test/auto/ArrayLevelCrossing2.xml (RunModel)" time="0.025" />
  <testcase classname="ptolemy.util.test.junit.AutoTests" name="[23] /home/travis/build/icyphy/ptII/ptolemy/actor/lib/test/auto/ArrayPeakSearch.xml (RunModel)" time="0.047" />
  <testcase classname="ptolemy.util.test.junit.AutoTests" name="[24] /home/travis/build/icyphy/ptII/ptolemy/actor/lib/test/auto/ArrayPeakSearch2.xml (RunModel)" time="0.043" />
  <testcase classname="ptolemy.util.test.junit.AutoTests" name="[25] /home/travis/build/icyphy/ptII/ptolemy/actor/lib/test/auto/ArrayPeakSearch3.xml (RunModel)" time="0.035" />
  <testcase classname="ptolemy.util.test.junit.AutoTests" name="[26] /home/travis/build/icyphy/ptII/ptolemy/actor/lib/test/auto/ArrayRemoveElement.xml (RunModel)" time="0.028" />
  <testcase classname="ptolemy.util.test.junit.AutoTests" name="[27] /home/travis/build/icyphy/ptII/ptolemy/actor/lib/test/auto/ArraySort.xml (RunModel)" time="0.042" />
  <testcase classname="ptolemy.util.test.junit.AutoTests" name="[28] /home/travis/build/icyphy/ptII/ptolemy/actor/lib/test/auto/ArraySum.xml (RunModel)" time="0.019" />
  <testcase classname="ptolemy.util.test.junit.AutoTests" name="[29] /home/travis/build/icyphy/ptII/ptolemy/actor/lib/test/auto/ArrayToElements.xml (RunModel)" time="0.027" />
  <testcase classname="ptolemy.util.test.junit.AutoTests" name="[30] /home/travis/build/icyphy/ptII/ptolemy/actor/lib/test/auto/ArrayToMatrix.xml (RunModel)" time="0.07" />
  <testcase classname="ptolemy.util.test.junit.AutoTests" name="[31] /home/travis/build/icyphy/ptII/ptolemy/actor/lib/test/auto/ArrayUpdate1.xml (RunModel)" time="0.025" />
  <testcase classname="ptolemy.util.test.junit.AutoTests" name="[32] /home/travis/build/icyphy/ptII/ptolemy/actor/lib/test/auto/ArrayUpdate2.xml (RunModel)" time="0.02" />
  <testcase classname="ptolemy.util.test.junit.AutoTests" name="[33] /home/travis/build/icyphy/ptII/ptolemy/actor/lib/test/auto/ArrayUpdate3.xml (RunModel)" time="0.016" />
  <testcase classname="ptolemy.util.test.junit.AutoTests" name="[34] /home/travis/build/icyphy/ptII/ptolemy/actor/lib/test/auto/Assert1.xml (RunModel)" time="0.02" />
  <testcase classname="ptolemy.util.test.junit.AutoTests" name="[35] /home/travis/build/icyphy/ptII/ptolemy/actor/lib/test/auto/Assert2.xml (RunModel)" time="0.012" />
  <testcase classname="ptolemy.util.test.junit.AutoTests" name="[36] /home/travis/build/icyphy/ptII/ptolemy/actor/lib/test/auto/BooleanMultiplexor.xml (RunModel)" time="0.023" />
  <testcase classname="ptolemy.util.test.junit.AutoTests" name="[37] /home/travis/build/icyphy/ptII/ptolemy/actor/lib/test/auto/BooleanMultiplexor2.xml (RunModel)" time="0.026" />
  <testcase classname="ptolemy.util.test.junit.AutoTests" name="[38] /home/travis/build/icyphy/ptII/ptolemy/actor/lib/test/auto/BooleanMultiplexor3.xml (RunModel)" time="0.021" />
  <testcase classname="ptolemy.util.test.junit.AutoTests" name="[39] /home/travis/build/icyphy/ptII/ptolemy/actor/lib/test/auto/BooleanSelect.xml (RunModel)" time="0.024" />
  <testcase classname="ptolemy.util.test.junit.AutoTests" name="[40] /home/travis/build/icyphy/ptII/ptolemy/actor/lib/test/auto/BooleanSelect2.xml (RunModel)" time="0.013" />
  <testcase classname="ptolemy.util.test.junit.AutoTests" name="[41] /home/travis/build/icyphy/ptII/ptolemy/actor/lib/test/auto/BooleanSwitch.xml (RunModel)" time="0.024" />
  <testcase classname="ptolemy.util.test.junit.AutoTests" name="[42] /home/travis/build/icyphy/ptII/ptolemy/actor/lib/test/auto/BooleanSwitch2.xml (RunModel)" time="0.018" />
  <testcase classname="ptolemy.util.test.junit.AutoTests" name="[43] /home/travis/build/icyphy/ptII/ptolemy/actor/lib/test/auto/BooleanSwitchCloningBugWithClassRelationGroup.xml (RunModel)" time="0.051" />
  <testcase classname="ptolemy.util.test.junit.AutoTests" name="[44] /home/travis/build/icyphy/ptII/ptolemy/actor/lib/test/auto/BusActors.xml (RunModel)" time="0.042" />
  <testcase classname="ptolemy.util.test.junit.AutoTests" name="[45] /home/travis/build/icyphy/ptII/ptolemy/actor/lib/test/auto/ClassWrapper.xml (RunModel)" time="0.011" />
  <testcase classname="ptolemy.util.test.junit.AutoTests" name="[46] /home/travis/build/icyphy/ptII/ptolemy/actor/lib/test/auto/Clock.xml (RunModel)" time="0.009" />
  <testcase classname="ptolemy.util.test.junit.AutoTests" name="[47] /home/travis/build/icyphy/ptII/ptolemy/actor/lib/test/auto/Clock10.xml (RunModel)" time="0.024" />
  <testcase classname="ptolemy.util.test.junit.AutoTests" name="[48] /home/travis/build/icyphy/ptII/ptolemy/actor/lib/test/auto/Clock11.xml (RunModel)" time="0.018" />
  <testcase classname="ptolemy.util.test.junit.AutoTests" name="[49] /home/travis/build/icyphy/ptII/ptolemy/actor/lib/test/auto/Clock12.xml (RunModel)" time="0.02" />
  <testcase classname="ptolemy.util.test.junit.AutoTests" name="[50] /home/travis/build/icyphy/ptII/ptolemy/actor/lib/test/auto/Clock13.xml (RunModel)" time="0.019" />
  <testcase classname="ptolemy.util.test.junit.AutoTests" name="[51] /home/travis/build/icyphy/ptII/ptolemy/actor/lib/test/auto/Clock14.xml (RunModel)" time="0.02" />
  <testcase classname="ptolemy.util.test.junit.AutoTests" name="[52] /home/travis/build/icyphy/ptII/ptolemy/actor/lib/test/auto/Clock15.xml (RunModel)" time="0.015" />
  <testcase classname="ptolemy.util.test.junit.AutoTests" name="[53] /home/travis/build/icyphy/ptII/ptolemy/actor/lib/test/auto/Clock16.xml (RunModel)" time="0.084" />
  <testcase classname="ptolemy.util.test.junit.AutoTests" name="[54] /home/travis/build/icyphy/ptII/ptolemy/actor/lib/test/auto/Clock17.xml (RunModel)" time="0.04" />
  <testcase classname="ptolemy.util.test.junit.AutoTests" name="[55] /home/travis/build/icyphy/ptII/ptolemy/actor/lib/test/auto/Clock18.xml (RunModel)" time="0.04" />
  <testcase classname="ptolemy.util.test.junit.AutoTests" name="[56] /home/travis/build/icyphy/ptII/ptolemy/actor/lib/test/auto/Clock19.xml (RunModel)" time="0.039" />
  <testcase classname="ptolemy.util.test.junit.AutoTests" name="[57] /home/travis/build/icyphy/ptII/ptolemy/actor/lib/test/auto/Clock2.xml (RunModel)" time="0.011" />
  <testcase classname="ptolemy.util.test.junit.AutoTests" name="[58] /home/travis/build/icyphy/ptII/ptolemy/actor/lib/test/auto/Clock20.xml (RunModel)" time="0.025" />
  <testcase classname="ptolemy.util.test.junit.AutoTests" name="[59] /home/travis/build/icyphy/ptII/ptolemy/actor/lib/test/auto/Clock21.xml (RunModel)" time="0.015" />
  <testcase classname="ptolemy.util.test.junit.AutoTests" name="[60] /home/travis/build/icyphy/ptII/ptolemy/actor/lib/test/auto/Clock22.xml (RunModel)" time="0.012" />
  <testcase classname="ptolemy.util.test.junit.AutoTests" name="[61] /home/travis/build/icyphy/ptII/ptolemy/actor/lib/test/auto/Clock23.xml (RunModel)" time="0.015" />
  <testcase classname="ptolemy.util.test.junit.AutoTests" name="[62] /home/travis/build/icyphy/ptII/ptolemy/actor/lib/test/auto/Clock24.xml (RunModel)" time="0.014" />
  <testcase classname="ptolemy.util.test.junit.AutoTests" name="[63] /home/travis/build/icyphy/ptII/ptolemy/actor/lib/test/auto/Clock4.xml (RunModel)" time="0.009" />
  <testcase classname="ptolemy.util.test.junit.AutoTests" name="[64] /home/travis/build/icyphy/ptII/ptolemy/actor/lib/test/auto/Clock5.xml (RunModel)" time="0.011" />
  <testcase classname="ptolemy.util.test.junit.AutoTests" name="[65] /home/travis/build/icyphy/ptII/ptolemy/actor/lib/test/auto/Clock6.xml (RunModel)" time="0.009" />
  <testcase classname="ptolemy.util.test.junit.AutoTests" name="[66] /home/travis/build/icyphy/ptII/ptolemy/actor/lib/test/auto/Clock7.xml (RunModel)" time="0.009" />
  <testcase classname="ptolemy.util.test.junit.AutoTests" name="[67] /home/travis/build/icyphy/ptII/ptolemy/actor/lib/test/auto/Clock8.xml (RunModel)" time="0.012" />
  <testcase classname="ptolemy.util.test.junit.AutoTests" name="[68] /home/travis/build/icyphy/ptII/ptolemy/actor/lib/test/auto/Clock9.xml (RunModel)" time="0.013" />
  <testcase classname="ptolemy.util.test.junit.AutoTests" name="[69] /home/travis/build/icyphy/ptII/ptolemy/actor/lib/test/auto/CommDistDiscard.xml (RunModel)" time="0.017" />
  <testcase classname="ptolemy.util.test.junit.AutoTests" name="[70] /home/travis/build/icyphy/ptII/ptolemy/actor/lib/test/auto/Commutator.xml (RunModel)" time="0.02" />
  <testcase classname="ptolemy.util.test.junit.AutoTests" name="[71] /home/travis/build/icyphy/ptII/ptolemy/actor/lib/test/auto/Commutator2.xml (RunModel)" time="0.013" />
  <testcase classname="ptolemy.util.test.junit.AutoTests" name="[72] /home/travis/build/icyphy/ptII/ptolemy/actor/lib/test/auto/Commutator3.xml (RunModel)" time="0.01" />
  <testcase classname="ptolemy.util.test.junit.AutoTests" name="[73] /home/travis/build/icyphy/ptII/ptolemy/actor/lib/test/auto/Compare.xml (RunModel)" time="0.018" />
  <testcase classname="ptolemy.util.test.junit.AutoTests" name="[74] /home/travis/build/icyphy/ptII/ptolemy/actor/lib/test/auto/CompareDE.xml (RunModel)" time="0.018" />
  <testcase classname="ptolemy.util.test.junit.AutoTests" name="[75] /home/travis/build/icyphy/ptII/ptolemy/actor/lib/test/auto/ComplexDivide.xml (RunModel)" time="0.008" />
  <testcase classname="ptolemy.util.test.junit.AutoTests" name="[76] /home/travis/build/icyphy/ptII/ptolemy/actor/lib/test/auto/ComputeHistogram.xml (RunModel)" time="0.079" />
  <testcase classname="ptolemy.util.test.junit.AutoTests" name="[77] /home/travis/build/icyphy/ptII/ptolemy/actor/lib/test/auto/ConfigurationSelect.xml (RunModel)" time="0.022" />
  <testcase classname="ptolemy.util.test.junit.AutoTests" name="[78] /home/travis/build/icyphy/ptII/ptolemy/actor/lib/test/auto/ConfigurationSelect2.xml (RunModel)" time="0.013" />
  <testcase classname="ptolemy.util.test.junit.AutoTests" name="[79] /home/travis/build/icyphy/ptII/ptolemy/actor/lib/test/auto/ConfigurationSwitch.xml (RunModel)" time="0.031" />
  <testcase classname="ptolemy.util.test.junit.AutoTests" name="[80] /home/travis/build/icyphy/ptII/ptolemy/actor/lib/test/auto/ConfigurationSwitch2.xml (RunModel)" time="0.021" />
  <testcase classname="ptolemy.util.test.junit.AutoTests" name="[81] /home/travis/build/icyphy/ptII/ptolemy/actor/lib/test/auto/ConfigurationSwitchCloningBugWithClassRelationGroup.xml (RunModel)" time="0.022" />
  <testcase classname="ptolemy.util.test.junit.AutoTests" name="[82] /home/travis/build/icyphy/ptII/ptolemy/actor/lib/test/auto/ConfigurationSwitchSelectSDF.xml (RunModel)" time="0.021" />
  <testcase classname="ptolemy.util.test.junit.AutoTests" name="[83] /home/travis/build/icyphy/ptII/ptolemy/actor/lib/test/auto/ConfigurationSwitchSelectSDF2.xml (RunModel)" time="0.022" />
  <testcase classname="ptolemy.util.test.junit.AutoTests" name="[84] /home/travis/build/icyphy/ptII/ptolemy/actor/lib/test/auto/Const.xml (RunModel)" time="0.007" />
  <testcase classname="ptolemy.util.test.junit.AutoTests" name="[85] /home/travis/build/icyphy/ptII/ptolemy/actor/lib/test/auto/Const2.xml (RunModel)" time="0.012" />
  <testcase classname="ptolemy.util.test.junit.AutoTests" name="[86] /home/travis/build/icyphy/ptII/ptolemy/actor/lib/test/auto/Const3.xml (RunModel)" time="0.006" />
  <testcase classname="ptolemy.util.test.junit.AutoTests" name="[87] /home/travis/build/icyphy/ptII/ptolemy/actor/lib/test/auto/ConstantPublisherPort1.xml (RunModel)" time="0.017" />
  <testcase classname="ptolemy.util.test.junit.AutoTests" name="[88] /home/travis/build/icyphy/ptII/ptolemy/actor/lib/test/auto/ConstantPublisherPort2.xml (RunModel)" time="0.015" />
  <testcase classname="ptolemy.util.test.junit.AutoTests" name="[89] /home/travis/build/icyphy/ptII/ptolemy/actor/lib/test/auto/ConstantPublisherPort3.xml (RunModel)" time="0.014" />
  <testcase classname="ptolemy.util.test.junit.AutoTests" name="[90] /home/travis/build/icyphy/ptII/ptolemy/actor/lib/test/auto/ConstantPublisherPort4.xml (RunModel)" time="0.014" />
  <testcase classname="ptolemy.util.test.junit.AutoTests" name="[91] /home/travis/build/icyphy/ptII/ptolemy/actor/lib/test/auto/ConstantPublisherPort5.xml (RunModel)" time="0.055" />
  <testcase classname="ptolemy.util.test.junit.AutoTests" name="[92] /home/travis/build/icyphy/ptII/ptolemy/actor/lib/test/auto/ConstantPublisherPort6.xml (RunModel)" time="0.02" />
  <testcase classname="ptolemy.util.test.junit.AutoTests" name="[93] /home/travis/build/icyphy/ptII/ptolemy/actor/lib/test/auto/ConstantPublisherPort7.xml (RunModel)" time="0.039" />
  <testcase classname="ptolemy.util.test.junit.AutoTests" name="[94] /home/travis/build/icyphy/ptII/ptolemy/actor/lib/test/auto/ConstraintMonitor1.xml (RunModel)" time="0.042" />
  <testcase classname="ptolemy.util.test.junit.AutoTests" name="[95] /home/travis/build/icyphy/ptII/ptolemy/actor/lib/test/auto/ConstraintMonitor2.xml (RunModel)" time="0.014" />
  <testcase classname="ptolemy.util.test.junit.AutoTests" name="[96] /home/travis/build/icyphy/ptII/ptolemy/actor/lib/test/auto/ConstraintMonitor3.xml (RunModel)" time="0.009" />
  <testcase classname="ptolemy.util.test.junit.AutoTests" name="[97] /home/travis/build/icyphy/ptII/ptolemy/actor/lib/test/auto/ConstraintMonitor4.xml (RunModel)" time="0.012" />
  <testcase classname="ptolemy.util.test.junit.AutoTests" name="[98] /home/travis/build/icyphy/ptII/ptolemy/actor/lib/test/auto/ConstraintMonitor5.xml (RunModel)" time="0.01" />
  <testcase classname="ptolemy.util.test.junit.AutoTests" name="[99] /home/travis/build/icyphy/ptII/ptolemy/actor/lib/test/auto/ConstraintMonitor6.xml (RunModel)" time="0.022" />
  <testcase classname="ptolemy.util.test.junit.AutoTests" name="[100] /home/travis/build/icyphy/ptII/ptolemy/actor/lib/test/auto/ConstraintMonitor7.xml (RunModel)" time="0.02" />
  <testcase classname="ptolemy.util.test.junit.AutoTests" name="[101] /home/travis/build/icyphy/ptII/ptolemy/actor/lib/test/auto/ConstraintMonitor8.xml (RunModel)" time="0.017" />
  <testcase classname="ptolemy.util.test.junit.AutoTests" name="[102] /home/travis/build/icyphy/ptII/ptolemy/actor/lib/test/auto/Counter.xml (RunModel)" time="0.012" />
  <testcase classname="ptolemy.util.test.junit.AutoTests" name="[103] /home/travis/build/icyphy/ptII/ptolemy/actor/lib/test/auto/CurrentTimeSDF.xml (RunModel)" time="0.008" />
  <testcase classname="ptolemy.util.test.junit.AutoTests" name="[104] /home/travis/build/icyphy/ptII/ptolemy/actor/lib/test/auto/DB.xml (RunModel)" time="0.011" />
  <testcase classname="ptolemy.util.test.junit.AutoTests" name="[105] /home/travis/build/icyphy/ptII/ptolemy/actor/lib/test/auto/DBDE.xml (RunModel)" time="0.016" />
  <testcase classname="ptolemy.util.test.junit.AutoTests" name="[106] /home/travis/build/icyphy/ptII/ptolemy/actor/lib/test/auto/DateConstructor.xml (RunModel)" time="0.076" />
  <testcase classname="ptolemy.util.test.junit.AutoTests" name="[107] /home/travis/build/icyphy/ptII/ptolemy/actor/lib/test/auto/DelayTime.xml (RunModel)" time="0.021" />
  <testcase classname="ptolemy.util.test.junit.AutoTests" name="[108] /home/travis/build/icyphy/ptII/ptolemy/actor/lib/test/auto/Dictionary1.xml (RunModel)" time="0.019" />
  <testcase classname="ptolemy.util.test.junit.AutoTests" name="[109] /home/travis/build/icyphy/ptII/ptolemy/actor/lib/test/auto/Dictionary2.xml (RunModel)" time="0.023" />
  <testcase classname="ptolemy.util.test.junit.AutoTests" name="[110] /home/travis/build/icyphy/ptII/ptolemy/actor/lib/test/auto/Dictionary3.xml (RunModel)" time="0.015" />
  <testcase classname="ptolemy.util.test.junit.AutoTests" name="[111] /home/travis/build/icyphy/ptII/ptolemy/actor/lib/test/auto/Dictionary4.xml (RunModel)" time="0.018" />
  <testcase classname="ptolemy.util.test.junit.AutoTests" name="[112] /home/travis/build/icyphy/ptII/ptolemy/actor/lib/test/auto/Differential.xml (RunModel)" time="0.014" />
  <testcase classname="ptolemy.util.test.junit.AutoTests" name="[113] /home/travis/build/icyphy/ptII/ptolemy/actor/lib/test/auto/Director.xml (RunModel)" time="0.014" />
  <testcase classname="ptolemy.util.test.junit.AutoTests" name="[114] /home/travis/build/icyphy/ptII/ptolemy/actor/lib/test/auto/DiscreteClock.xml (RunModel)" time="0.007" />
  <testcase classname="ptolemy.util.test.junit.AutoTests" name="[115] /home/travis/build/icyphy/ptII/ptolemy/actor/lib/test/auto/DiscreteClock10.xml (RunModel)" time="0.012" />
  <testcase classname="ptolemy.util.test.junit.AutoTests" name="[116] /home/travis/build/icyphy/ptII/ptolemy/actor/lib/test/auto/DiscreteClock11.xml (RunModel)" time="0.011" />
  <testcase classname="ptolemy.util.test.junit.AutoTests" name="[117] /home/travis/build/icyphy/ptII/ptolemy/actor/lib/test/auto/DiscreteClock12.xml (RunModel)" time="0.013" />
  <testcase classname="ptolemy.util.test.junit.AutoTests" name="[118] /home/travis/build/icyphy/ptII/ptolemy/actor/lib/test/auto/DiscreteClock13.xml (RunModel)" time="0.012" />
  <testcase classname="ptolemy.util.test.junit.AutoTests" name="[119] /home/travis/build/icyphy/ptII/ptolemy/actor/lib/test/auto/DiscreteClock14.xml (RunModel)" time="0.012" />
  <testcase classname="ptolemy.util.test.junit.AutoTests" name="[120] /home/travis/build/icyphy/ptII/ptolemy/actor/lib/test/auto/DiscreteClock15.xml (RunModel)" time="0.016" />
  <testcase classname="ptolemy.util.test.junit.AutoTests" name="[121] /home/travis/build/icyphy/ptII/ptolemy/actor/lib/test/auto/DiscreteClock16.xml (RunModel)" time="0.047" />
  <testcase classname="ptolemy.util.test.junit.AutoTests" name="[122] /home/travis/build/icyphy/ptII/ptolemy/actor/lib/test/auto/DiscreteClock17.xml (RunModel)" time="0.039" />
  <testcase classname="ptolemy.util.test.junit.AutoTests" name="[123] /home/travis/build/icyphy/ptII/ptolemy/actor/lib/test/auto/DiscreteClock18.xml (RunModel)" time="0.046" />
  <testcase classname="ptolemy.util.test.junit.AutoTests" name="[124] /home/travis/build/icyphy/ptII/ptolemy/actor/lib/test/auto/DiscreteClock19.xml (RunModel)" time="0.047" />
  <testcase classname="ptolemy.util.test.junit.AutoTests" name="[125] /home/travis/build/icyphy/ptII/ptolemy/actor/lib/test/auto/DiscreteClock2.xml (RunModel)" time="0.014" />
  <testcase classname="ptolemy.util.test.junit.AutoTests" name="[126] /home/travis/build/icyphy/ptII/ptolemy/actor/lib/test/auto/DiscreteClock20.xml (RunModel)" time="0.026" />
  <testcase classname="ptolemy.util.test.junit.AutoTests" name="[127] /home/travis/build/icyphy/ptII/ptolemy/actor/lib/test/auto/DiscreteClock21.xml (RunModel)" time="0.018" />
  <testcase classname="ptolemy.util.test.junit.AutoTests" name="[128] /home/travis/build/icyphy/ptII/ptolemy/actor/lib/test/auto/DiscreteClock22.xml (RunModel)" time="0.014" />
  <testcase classname="ptolemy.util.test.junit.AutoTests" name="[129] /home/travis/build/icyphy/ptII/ptolemy/actor/lib/test/auto/DiscreteClock23.xml (RunModel)" time="0.016" />
  <testcase classname="ptolemy.util.test.junit.AutoTests" name="[130] /home/travis/build/icyphy/ptII/ptolemy/actor/lib/test/auto/DiscreteClock24.xml (RunModel)" time="0.02" />
  <testcase classname="ptolemy.util.test.junit.AutoTests" name="[131] /home/travis/build/icyphy/ptII/ptolemy/actor/lib/test/auto/DiscreteClock4.xml (RunModel)" time="0.014" />
  <testcase classname="ptolemy.util.test.junit.AutoTests" name="[132] /home/travis/build/icyphy/ptII/ptolemy/actor/lib/test/auto/DiscreteClock5.xml (RunModel)" time="0.009" />
  <testcase classname="ptolemy.util.test.junit.AutoTests" name="[133] /home/travis/build/icyphy/ptII/ptolemy/actor/lib/test/auto/DiscreteClock6.xml (RunModel)" time="0.013" />
  <testcase classname="ptolemy.util.test.junit.AutoTests" name="[134] /home/travis/build/icyphy/ptII/ptolemy/actor/lib/test/auto/DiscreteClock7.xml (RunModel)" time="0.012" />
  <testcase classname="ptolemy.util.test.junit.AutoTests" name="[135] /home/travis/build/icyphy/ptII/ptolemy/actor/lib/test/auto/DiscreteClock8.xml (RunModel)" time="0.019" />
  <testcase classname="ptolemy.util.test.junit.AutoTests" name="[136] /home/travis/build/icyphy/ptII/ptolemy/actor/lib/test/auto/DiscreteClock9.xml (RunModel)" time="0.014" />
  <testcase classname="ptolemy.util.test.junit.AutoTests" name="[137] /home/travis/build/icyphy/ptII/ptolemy/actor/lib/test/auto/DisplayArray.xml (RunModel)" time="0.013" />
  <testcase classname="ptolemy.util.test.junit.AutoTests" name="[138] /home/travis/build/icyphy/ptII/ptolemy/actor/lib/test/auto/Distributor.xml (RunModel)" time="0.009" />
  <testcase classname="ptolemy.util.test.junit.AutoTests" name="[139] /home/travis/build/icyphy/ptII/ptolemy/actor/lib/test/auto/Distributor2.xml (RunModel)" time="0.011" />
  <testcase classname="ptolemy.util.test.junit.AutoTests" name="[140] /home/travis/build/icyphy/ptII/ptolemy/actor/lib/test/auto/DownSample.xml (RunModel)" time="0.01" />
  <testcase classname="ptolemy.util.test.junit.AutoTests" name="[141] /home/travis/build/icyphy/ptII/ptolemy/actor/lib/test/auto/ElectronicUnitBase1.xml (RunModel)" time="0.089" />
  <testcase classname="ptolemy.util.test.junit.AutoTests" name="[142] /home/travis/build/icyphy/ptII/ptolemy/actor/lib/test/auto/ElementsToArray.xml (RunModel)" time="0.01" />
  <testcase classname="ptolemy.util.test.junit.AutoTests" name="[143] /home/travis/build/icyphy/ptII/ptolemy/actor/lib/test/auto/Equals.xml (RunModel)" time="0.014" />
  <testcase classname="ptolemy.util.test.junit.AutoTests" name="[144] /home/travis/build/icyphy/ptII/ptolemy/actor/lib/test/auto/Exec.xml (RunModel)" time="0.027" />
  <testcase classname="ptolemy.util.test.junit.AutoTests" name="[145] /home/travis/build/icyphy/ptII/ptolemy/actor/lib/test/auto/ExecEnvironment.xml (RunModel)" time="0.044" />
  <testcase classname="ptolemy.util.test.junit.AutoTests" name="[146] /home/travis/build/icyphy/ptII/ptolemy/actor/lib/test/auto/ExecNonZeroReturnOutput.xml (RunModel)" time="0.209" />
  <testcase classname="ptolemy.util.test.junit.AutoTests" name="[147] /home/travis/build/icyphy/ptII/ptolemy/actor/lib/test/auto/ExecRunDemos.xml (RunModel)" time="10.721" />
  <testcase classname="ptolemy.util.test.junit.AutoTests" name="[148] /home/travis/build/icyphy/ptII/ptolemy/actor/lib/test/auto/ExecStop.xml (RunModel)" time="5.038" />
  <testcase classname="ptolemy.util.test.junit.AutoTests" name="[149] /home/travis/build/icyphy/ptII/ptolemy/actor/lib/test/auto/ExecutionTimeSDF.xml (RunModel)" time="6.035" />
  <testcase classname="ptolemy.util.test.junit.AutoTests" name="[150] /home/travis/build/icyphy/ptII/ptolemy/actor/lib/test/auto/Expression1.xml (RunModel)" time="0.011" />
  <testcase classname="ptolemy.util.test.junit.AutoTests" name="[151] /home/travis/build/icyphy/ptII/ptolemy/actor/lib/test/auto/Expression10.xml (RunModel)" time="0.017" />
  <testcase classname="ptolemy.util.test.junit.AutoTests" name="[152] /home/travis/build/icyphy/ptII/ptolemy/actor/lib/test/auto/Expression11.xml (RunModel)" time="0.011" />
  <testcase classname="ptolemy.util.test.junit.AutoTests" name="[153] /home/travis/build/icyphy/ptII/ptolemy/actor/lib/test/auto/Expression12.xml (RunModel)" time="0.014" />
  <testcase classname="ptolemy.util.test.junit.AutoTests" name="[154] /home/travis/build/icyphy/ptII/ptolemy/actor/lib/test/auto/Expression13.xml (RunModel)" time="0.014" />
  <testcase classname="ptolemy.util.test.junit.AutoTests" name="[155] /home/travis/build/icyphy/ptII/ptolemy/actor/lib/test/auto/Expression14.xml (RunModel)" time="0.022" />
  <testcase classname="ptolemy.util.test.junit.AutoTests" name="[156] /home/travis/build/icyphy/ptII/ptolemy/actor/lib/test/auto/Expression15.xml (RunModel)" time="0.007" />
  <testcase classname="ptolemy.util.test.junit.AutoTests" name="[157] /home/travis/build/icyphy/ptII/ptolemy/actor/lib/test/auto/Expression16.xml (RunModel)" time="0.013" />
  <testcase classname="ptolemy.util.test.junit.AutoTests" name="[158] /home/travis/build/icyphy/ptII/ptolemy/actor/lib/test/auto/Expression17.xml (RunModel)" time="0.012" />
  <testcase classname="ptolemy.util.test.junit.AutoTests" name="[159] /home/travis/build/icyphy/ptII/ptolemy/actor/lib/test/auto/Expression18.xml (RunModel)" time="0.013" />
  <testcase classname="ptolemy.util.test.junit.AutoTests" name="[160] /home/travis/build/icyphy/ptII/ptolemy/actor/lib/test/auto/Expression2.xml (RunModel)" time="0.014" />
  <testcase classname="ptolemy.util.test.junit.AutoTests" name="[161] /home/travis/build/icyphy/ptII/ptolemy/actor/lib/test/auto/Expression3.xml (RunModel)" time="0.014" />
  <testcase classname="ptolemy.util.test.junit.AutoTests" name="[162] /home/travis/build/icyphy/ptII/ptolemy/actor/lib/test/auto/Expression4.xml (RunModel)" time="0.028" />
  <testcase classname="ptolemy.util.test.junit.AutoTests" name="[163] /home/travis/build/icyphy/ptII/ptolemy/actor/lib/test/auto/Expression5.xml (RunModel)" time="0.013" />
  <testcase classname="ptolemy.util.test.junit.AutoTests" name="[164] /home/travis/build/icyphy/ptII/ptolemy/actor/lib/test/auto/Expression6.xml (RunModel)" time="0.015" />
  <testcase classname="ptolemy.util.test.junit.AutoTests" name="[165] /home/travis/build/icyphy/ptII/ptolemy/actor/lib/test/auto/Expression7.xml (RunModel)" time="0.013" />
  <testcase classname="ptolemy.util.test.junit.AutoTests" name="[166] /home/travis/build/icyphy/ptII/ptolemy/actor/lib/test/auto/Expression8.xml (RunModel)" time="0.015" />
  <testcase classname="ptolemy.util.test.junit.AutoTests" name="[167] /home/travis/build/icyphy/ptII/ptolemy/actor/lib/test/auto/Expression9.xml (RunModel)" time="0.009" />
  <testcase classname="ptolemy.util.test.junit.AutoTests" name="[168] /home/travis/build/icyphy/ptII/ptolemy/actor/lib/test/auto/ExpressionConcatenateArrayType.xml (RunModel)" time="0.025" />
  <testcase classname="ptolemy.util.test.junit.AutoTests" name="[169] /home/travis/build/icyphy/ptII/ptolemy/actor/lib/test/auto/ExpressionConcatenateArrayType2.xml (RunModel)" time="0.022" />
  <testcase classname="ptolemy.util.test.junit.AutoTests" name="[170] /home/travis/build/icyphy/ptII/ptolemy/actor/lib/test/auto/ExpressionFix.xml (RunModel)" time="0.043" />
  <testcase classname="ptolemy.util.test.junit.AutoTests" name="[171] /home/travis/build/icyphy/ptII/ptolemy/actor/lib/test/auto/ExpressionFix2.xml (RunModel)" time="0.01" />
  <testcase classname="ptolemy.util.test.junit.AutoTests" name="[172] /home/travis/build/icyphy/ptII/ptolemy/actor/lib/test/auto/ExpressionFix3.xml (RunModel)" time="0.012" />
  <testcase classname="ptolemy.util.test.junit.AutoTests" name="[173] /home/travis/build/icyphy/ptII/ptolemy/actor/lib/test/auto/FileWriter1.xml (RunModel)" time="0.009" />
  <testcase classname="ptolemy.util.test.junit.AutoTests" name="[174] /home/travis/build/icyphy/ptII/ptolemy/actor/lib/test/auto/FileWriter2.xml (RunModel)" time="0.017" />
  <testcase classname="ptolemy.util.test.junit.AutoTests" name="[175] /home/travis/build/icyphy/ptII/ptolemy/actor/lib/test/auto/FileWriter3.xml (RunModel)" time="0.011" />
  <testcase classname="ptolemy.util.test.junit.AutoTests" name="[176] /home/travis/build/icyphy/ptII/ptolemy/actor/lib/test/auto/Gaussian.xml (RunModel)" time="0.013" />
  <testcase classname="ptolemy.util.test.junit.AutoTests" name="[177] /home/travis/build/icyphy/ptII/ptolemy/actor/lib/test/auto/Gaussian1.xml (RunModel)" time="0.023" />
  <testcase classname="ptolemy.util.test.junit.AutoTests" name="[178] /home/travis/build/icyphy/ptII/ptolemy/actor/lib/test/auto/Gaussian2.xml (RunModel)" time="0.018" />
  <testcase classname="ptolemy.util.test.junit.AutoTests" name="[179] /home/travis/build/icyphy/ptII/ptolemy/actor/lib/test/auto/GradientAdaptiveLattice.xml (RunModel)" time="0.019" />
  <testcase classname="ptolemy.util.test.junit.AutoTests" name="[180] /home/travis/build/icyphy/ptII/ptolemy/actor/lib/test/auto/IIR.xml (RunModel)" time="0.01" />
  <testcase classname="ptolemy.util.test.junit.AutoTests" name="[181] /home/travis/build/icyphy/ptII/ptolemy/actor/lib/test/auto/InputOutputTransparentPorts.xml (RunModel)" time="0.019" />
  <testcase classname="ptolemy.util.test.junit.AutoTests" name="[182] /home/travis/build/icyphy/ptII/ptolemy/actor/lib/test/auto/Interpolator.xml (RunModel)" time="0.014" />
  <testcase classname="ptolemy.util.test.junit.AutoTests" name="[183] /home/travis/build/icyphy/ptII/ptolemy/actor/lib/test/auto/InterpolatorFiringLimitDE.xml (RunModel)" time="0.016" />
  <testcase classname="ptolemy.util.test.junit.AutoTests" name="[184] /home/travis/build/icyphy/ptII/ptolemy/actor/lib/test/auto/Lattice.xml (RunModel)" time="0.009" />
  <testcase classname="ptolemy.util.test.junit.AutoTests" name="[185] /home/travis/build/icyphy/ptII/ptolemy/actor/lib/test/auto/LazyAOCTestLazy.xml (RunModel)" time="0.05" />
  <testcase classname="ptolemy.util.test.junit.AutoTests" name="[186] /home/travis/build/icyphy/ptII/ptolemy/actor/lib/test/auto/LazyAOCTestNonLazy.xml (RunModel)" time="0.036" />
  <testcase classname="ptolemy.util.test.junit.AutoTests" name="[187] /home/travis/build/icyphy/ptII/ptolemy/actor/lib/test/auto/LazyInnerClass.xml (RunModel)" time="0.044" />
  <testcase classname="ptolemy.util.test.junit.AutoTests" name="[188] /home/travis/build/icyphy/ptII/ptolemy/actor/lib/test/auto/LazyPubSub.xml (RunModel)" time="0.054" />
  <testcase classname="ptolemy.util.test.junit.AutoTests" name="[189] /home/travis/build/icyphy/ptII/ptolemy/actor/lib/test/auto/LazyPubSub2.xml (RunModel)" time="0.04" />
  <testcase classname="ptolemy.util.test.junit.AutoTests" name="[190] /home/travis/build/icyphy/ptII/ptolemy/actor/lib/test/auto/LazyPubSub3.xml (RunModel)" time="0.036" />
  <testcase classname="ptolemy.util.test.junit.AutoTests" name="[191] /home/travis/build/icyphy/ptII/ptolemy/actor/lib/test/auto/LazySubClassModel.xml (RunModel)" time="0.024" />
  <testcase classname="ptolemy.util.test.junit.AutoTests" name="[192] /home/travis/build/icyphy/ptII/ptolemy/actor/lib/test/auto/LevelCrossTest1.xml (RunModel)" time="0.017" />
  <testcase classname="ptolemy.util.test.junit.AutoTests" name="[193] /home/travis/build/icyphy/ptII/ptolemy/actor/lib/test/auto/LevelCrossTest10.xml (RunModel)" time="0.017" />
  <testcase classname="ptolemy.util.test.junit.AutoTests" name="[194] /home/travis/build/icyphy/ptII/ptolemy/actor/lib/test/auto/LevelCrossTest11.xml (RunModel)" time="0.017" />
  <testcase classname="ptolemy.util.test.junit.AutoTests" name="[195] /home/travis/build/icyphy/ptII/ptolemy/actor/lib/test/auto/LevelCrossTest12.xml (RunModel)" time="0.017" />
  <testcase classname="ptolemy.util.test.junit.AutoTests" name="[196] /home/travis/build/icyphy/ptII/ptolemy/actor/lib/test/auto/LevelCrossTest13.xml (RunModel)" time="0.025" />
  <testcase classname="ptolemy.util.test.junit.AutoTests" name="[197] /home/travis/build/icyphy/ptII/ptolemy/actor/lib/test/auto/LevelCrossTest2.xml (RunModel)" time="0.02" />
  <testcase classname="ptolemy.util.test.junit.AutoTests" name="[198] /home/travis/build/icyphy/ptII/ptolemy/actor/lib/test/auto/LevelCrossTest3.xml (RunModel)" time="0.012" />
  <testcase classname="ptolemy.util.test.junit.AutoTests" name="[199] /home/travis/build/icyphy/ptII/ptolemy/actor/lib/test/auto/LevelCrossTest4.xml (RunModel)" time="0.01" />
  <testcase classname="ptolemy.util.test.junit.AutoTests" name="[200] /home/travis/build/icyphy/ptII/ptolemy/actor/lib/test/auto/LevelCrossTest5.xml (RunModel)" time="0.015" />
  <testcase classname="ptolemy.util.test.junit.AutoTests" name="[201] /home/travis/build/icyphy/ptII/ptolemy/actor/lib/test/auto/LevelCrossTest6.xml (RunModel)" time="0.017" />
  <testcase classname="ptolemy.util.test.junit.AutoTests" name="[202] /home/travis/build/icyphy/ptII/ptolemy/actor/lib/test/auto/LevelCrossTest7.xml (RunModel)" time="0.015" />
  <testcase classname="ptolemy.util.test.junit.AutoTests" name="[203] /home/travis/build/icyphy/ptII/ptolemy/actor/lib/test/auto/LevelCrossTest8.xml (RunModel)" time="0.013" />
  <testcase classname="ptolemy.util.test.junit.AutoTests" name="[204] /home/travis/build/icyphy/ptII/ptolemy/actor/lib/test/auto/LevelCrossTest9.xml (RunModel)" time="0.018" />
  <testcase classname="ptolemy.util.test.junit.AutoTests" name="[205] /home/travis/build/icyphy/ptII/ptolemy/actor/lib/test/auto/LevinsonDurbin.xml (RunModel)" time="0.019" />
  <testcase classname="ptolemy.util.test.junit.AutoTests" name="[206] /home/travis/build/icyphy/ptII/ptolemy/actor/lib/test/auto/LevinsonDurbin2.xml (RunModel)" time="0.009" />
  <testcase classname="ptolemy.util.test.junit.AutoTests" name="[207] /home/travis/build/icyphy/ptII/ptolemy/actor/lib/test/auto/LevinsonDurbin3.xml (RunModel)" time="0.01" />
  <testcase classname="ptolemy.util.test.junit.AutoTests" name="[208] /home/travis/build/icyphy/ptII/ptolemy/actor/lib/test/auto/Limiter.xml (RunModel)" time="0.034" />
  <testcase classname="ptolemy.util.test.junit.AutoTests" name="[209] /home/travis/build/icyphy/ptII/ptolemy/actor/lib/test/auto/LinearDifferenceEquationSystem.xml (RunModel)" time="0.026" />
  <testcase classname="ptolemy.util.test.junit.AutoTests" name="[210] /home/travis/build/icyphy/ptII/ptolemy/actor/lib/test/auto/LookupTable.xml (RunModel)" time="0.014" />
  <testcase classname="ptolemy.util.test.junit.AutoTests" name="[211] /home/travis/build/icyphy/ptII/ptolemy/actor/lib/test/auto/MathFunction.xml (RunModel)" time="0.019" />
  <testcase classname="ptolemy.util.test.junit.AutoTests" name="[212] /home/travis/build/icyphy/ptII/ptolemy/actor/lib/test/auto/MathFunction2.xml (RunModel)" time="0.01" />
  <testcase classname="ptolemy.util.test.junit.AutoTests" name="[213] /home/travis/build/icyphy/ptII/ptolemy/actor/lib/test/auto/MathFunction3.xml (RunModel)" time="0.018" />
  <testcase classname="ptolemy.util.test.junit.AutoTests" name="[214] /home/travis/build/icyphy/ptII/ptolemy/actor/lib/test/auto/MatrixCropBoolean.xml (RunModel)" time="0.012" />
  <testcase classname="ptolemy.util.test.junit.AutoTests" name="[215] /home/travis/build/icyphy/ptII/ptolemy/actor/lib/test/auto/MatrixCropComplex.xml (RunModel)" time="0.013" />
  <testcase classname="ptolemy.util.test.junit.AutoTests" name="[216] /home/travis/build/icyphy/ptII/ptolemy/actor/lib/test/auto/MatrixCropDouble.xml (RunModel)" time="0.011" />
  <testcase classname="ptolemy.util.test.junit.AutoTests" name="[217] /home/travis/build/icyphy/ptII/ptolemy/actor/lib/test/auto/MatrixCropFix.xml (RunModel)" time="0.013" />
  <testcase classname="ptolemy.util.test.junit.AutoTests" name="[218] /home/travis/build/icyphy/ptII/ptolemy/actor/lib/test/auto/MatrixCropInt.xml (RunModel)" time="0.009" />
  <testcase classname="ptolemy.util.test.junit.AutoTests" name="[219] /home/travis/build/icyphy/ptII/ptolemy/actor/lib/test/auto/MatrixCropLong.xml (RunModel)" time="0.011" />
  <testcase classname="ptolemy.util.test.junit.AutoTests" name="[220] /home/travis/build/icyphy/ptII/ptolemy/actor/lib/test/auto/MatrixToArray.xml (RunModel)" time="0.065" />
  <testcase classname="ptolemy.util.test.junit.AutoTests" name="[221] /home/travis/build/icyphy/ptII/ptolemy/actor/lib/test/auto/MaxIndex.xml (RunModel)" time="0.025" />
  <testcase classname="ptolemy.util.test.junit.AutoTests" name="[222] /home/travis/build/icyphy/ptII/ptolemy/actor/lib/test/auto/Maximum.xml (RunModel)" time="0.019" />
  <testcase classname="ptolemy.util.test.junit.AutoTests" name="[223] /home/travis/build/icyphy/ptII/ptolemy/actor/lib/test/auto/MaximumComplex.xml (RunModel)" time="0.019" />
  <testcase classname="ptolemy.util.test.junit.AutoTests" name="[224] /home/travis/build/icyphy/ptII/ptolemy/actor/lib/test/auto/MethodCallTest.xml (RunModel)" time="0.025" />
  <testcase classname="ptolemy.util.test.junit.AutoTests" name="[225] /home/travis/build/icyphy/ptII/ptolemy/actor/lib/test/auto/Minimum.xml (RunModel)" time="0.015" />
  <testcase classname="ptolemy.util.test.junit.AutoTests" name="[226] /home/travis/build/icyphy/ptII/ptolemy/actor/lib/test/auto/MinimumComplex.xml (RunModel)" time="0.031" />
  <testcase classname="ptolemy.util.test.junit.AutoTests" name="[227] /home/travis/build/icyphy/ptII/ptolemy/actor/lib/test/auto/MinimumMultiports.xml (RunModel)" time="0.018" />
  <testcase classname="ptolemy.util.test.junit.AutoTests" name="[228] /home/travis/build/icyphy/ptII/ptolemy/actor/lib/test/auto/ModifyDate.xml (RunModel)" time="0.047" />
  <testcase classname="ptolemy.util.test.junit.AutoTests" name="[229] /home/travis/build/icyphy/ptII/ptolemy/actor/lib/test/auto/ModifyDate2.xml (RunModel)" time="0.031" />
  <testcase classname="ptolemy.util.test.junit.AutoTests" name="[230] /home/travis/build/icyphy/ptII/ptolemy/actor/lib/test/auto/MovingAverage.xml (RunModel)" time="0.015" />
  <testcase classname="ptolemy.util.test.junit.AutoTests" name="[231] /home/travis/build/icyphy/ptII/ptolemy/actor/lib/test/auto/MovingMaximum.xml (RunModel)" time="0.012" />
  <testcase classname="ptolemy.util.test.junit.AutoTests" name="[232] /home/travis/build/icyphy/ptII/ptolemy/actor/lib/test/auto/MultipleLinksToSameRelation.xml (RunModel)" time="0.007" />
  <testcase classname="ptolemy.util.test.junit.AutoTests" name="[233] /home/travis/build/icyphy/ptII/ptolemy/actor/lib/test/auto/MultipleLinksToSameRelationDE.xml (RunModel)" time="0.011" />
  <testcase classname="ptolemy.util.test.junit.AutoTests" name="[234] /home/travis/build/icyphy/ptII/ptolemy/actor/lib/test/auto/Multiplexor.xml (RunModel)" time="0.012" />
  <testcase classname="ptolemy.util.test.junit.AutoTests" name="[235] /home/travis/build/icyphy/ptII/ptolemy/actor/lib/test/auto/Multiplexor1.xml (RunModel)" time="0.011" />
  <testcase classname="ptolemy.util.test.junit.AutoTests" name="[236] /home/travis/build/icyphy/ptII/ptolemy/actor/lib/test/auto/Multiplexor2.xml (RunModel)" time="0.012" />
  <testcase classname="ptolemy.util.test.junit.AutoTests" name="[237] /home/travis/build/icyphy/ptII/ptolemy/actor/lib/test/auto/Multiplexor3.xml (RunModel)" time="0.009" />
  <testcase classname="ptolemy.util.test.junit.AutoTests" name="[238] /home/travis/build/icyphy/ptII/ptolemy/actor/lib/test/auto/MultiplexorDE.xml (RunModel)" time="0.018" />
  <testcase classname="ptolemy.util.test.junit.AutoTests" name="[239] /home/travis/build/icyphy/ptII/ptolemy/actor/lib/test/auto/MultiportBroadcastTest.xml (RunModel)" time="0.106" />
  <testcase classname="ptolemy.util.test.junit.AutoTests" name="[240] /home/travis/build/icyphy/ptII/ptolemy/actor/lib/test/auto/MultiportOutHangDuringGetWidth.xml (RunModel)" time="0.039" />
  <testcase classname="ptolemy.util.test.junit.AutoTests" name="[241] /home/travis/build/icyphy/ptII/ptolemy/actor/lib/test/auto/NilToken.xml (RunModel)" time="0.011" />
  <testcase classname="ptolemy.util.test.junit.AutoTests" name="[242] /home/travis/build/icyphy/ptII/ptolemy/actor/lib/test/auto/NilTokenNonStrictTest.xml (RunModel)" time="0.011" />
  <testcase classname="ptolemy.util.test.junit.AutoTests" name="[243] /home/travis/build/icyphy/ptII/ptolemy/actor/lib/test/auto/NilTokenRecord.xml (RunModel)" time="0.024" />
  <testcase classname="ptolemy.util.test.junit.AutoTests" name="[244] /home/travis/build/icyphy/ptII/ptolemy/actor/lib/test/auto/NilTokenTypeTest.xml (RunModel)" time="0.035" />
  <testcase classname="ptolemy.util.test.junit.AutoTests" name="[245] /home/travis/build/icyphy/ptII/ptolemy/actor/lib/test/auto/ObjectToken1.xml (RunModel)" time="0.01" />
  <testcase classname="ptolemy.util.test.junit.AutoTests" name="[246] /home/travis/build/icyphy/ptII/ptolemy/actor/lib/test/auto/OrderedMerge.xml (RunModel)" time="0.019" />
  <testcase classname="ptolemy.util.test.junit.AutoTests" name="[247] /home/travis/build/icyphy/ptII/ptolemy/actor/lib/test/auto/OrderedRecordDisassembler.xml (RunModel)" time="0.02" />
  <testcase classname="ptolemy.util.test.junit.AutoTests" name="[248] /home/travis/build/icyphy/ptII/ptolemy/actor/lib/test/auto/OrderedRecordDisassembler2.xml (RunModel)" time="0.019" />
  <testcase classname="ptolemy.util.test.junit.AutoTests" name="[249] /home/travis/build/icyphy/ptII/ptolemy/actor/lib/test/auto/OrderedRecordUpdater.xml (RunModel)" time="0.011" />
  <testcase classname="ptolemy.util.test.junit.AutoTests" name="[250] /home/travis/build/icyphy/ptII/ptolemy/actor/lib/test/auto/OrderedRecordUpdater2.xml (RunModel)" time="0.019" />
  <testcase classname="ptolemy.util.test.junit.AutoTests" name="[251] /home/travis/build/icyphy/ptII/ptolemy/actor/lib/test/auto/PhaseUnwrap.xml (RunModel)" time="0.017" />
  <testcase classname="ptolemy.util.test.junit.AutoTests" name="[252] /home/travis/build/icyphy/ptII/ptolemy/actor/lib/test/auto/PoissonClock.xml (RunModel)" time="0.011" />
  <testcase classname="ptolemy.util.test.junit.AutoTests" name="[253] /home/travis/build/icyphy/ptII/ptolemy/actor/lib/test/auto/PoissonClock2.xml (RunModel)" time="0.007" />
  <testcase classname="ptolemy.util.test.junit.AutoTests" name="[254] /home/travis/build/icyphy/ptII/ptolemy/actor/lib/test/auto/PoissonClock3.xml (RunModel)" time="0.027" />
  <testcase classname="ptolemy.util.test.junit.AutoTests" name="[255] /home/travis/build/icyphy/ptII/ptolemy/actor/lib/test/auto/PubSubWithInitialTokens.xml (RunModel)" time="0.01" />
  <testcase classname="ptolemy.util.test.junit.AutoTests" name="[256] /home/travis/build/icyphy/ptII/ptolemy/actor/lib/test/auto/PubSubWithInitialTokens2.xml (RunModel)" time="0.014" />
  <testcase classname="ptolemy.util.test.junit.AutoTests" name="[257] /home/travis/build/icyphy/ptII/ptolemy/actor/lib/test/auto/PublisherClassNoParameter.xml (RunModel)" time="0.02" />
  <testcase classname="ptolemy.util.test.junit.AutoTests" name="[258] /home/travis/build/icyphy/ptII/ptolemy/actor/lib/test/auto/PublisherClassParameter.xml (RunModel)" time="0.021" />
  <testcase classname="ptolemy.util.test.junit.AutoTests" name="[259] /home/travis/build/icyphy/ptII/ptolemy/actor/lib/test/auto/PublisherNonStrictTest.xml (RunModel)" time="0.015" />
  <testcase classname="ptolemy.util.test.junit.AutoTests" name="[260] /home/travis/build/icyphy/ptII/ptolemy/actor/lib/test/auto/PublisherPort1.xml (RunModel)" time="0.02" />
  <testcase classname="ptolemy.util.test.junit.AutoTests" name="[261] /home/travis/build/icyphy/ptII/ptolemy/actor/lib/test/auto/PublisherPort2.xml (RunModel)" time="0.013" />
  <testcase classname="ptolemy.util.test.junit.AutoTests" name="[262] /home/travis/build/icyphy/ptII/ptolemy/actor/lib/test/auto/PublisherPort3.xml (RunModel)" time="0.012" />
  <testcase classname="ptolemy.util.test.junit.AutoTests" name="[263] /home/travis/build/icyphy/ptII/ptolemy/actor/lib/test/auto/PublisherPort4.xml (RunModel)" time="0.013" />
  <testcase classname="ptolemy.util.test.junit.AutoTests" name="[264] /home/travis/build/icyphy/ptII/ptolemy/actor/lib/test/auto/PublisherPort5.xml (RunModel)" time="0.014" />
  <testcase classname="ptolemy.util.test.junit.AutoTests" name="[265] /home/travis/build/icyphy/ptII/ptolemy/actor/lib/test/auto/PublisherPort5LookAlike.xml (RunModel)" time="0.022" />
  <testcase classname="ptolemy.util.test.junit.AutoTests" name="[266] /home/travis/build/icyphy/ptII/ptolemy/actor/lib/test/auto/PublisherPort6.xml (RunModel)" time="0.013" />
  <testcase classname="ptolemy.util.test.junit.AutoTests" name="[267] /home/travis/build/icyphy/ptII/ptolemy/actor/lib/test/auto/PublisherPort7.xml (RunModel)" time="0.015" />
  <testcase classname="ptolemy.util.test.junit.AutoTests" name="[268] /home/travis/build/icyphy/ptII/ptolemy/actor/lib/test/auto/PublisherPort8.xml (RunModel)" time="0.017" />
  <testcase classname="ptolemy.util.test.junit.AutoTests" name="[269] /home/travis/build/icyphy/ptII/ptolemy/actor/lib/test/auto/PublisherPortSubscriberChannelVariablesAOC2.xml (RunModel)" time="0.035" />
  <testcase classname="ptolemy.util.test.junit.AutoTests" name="[270] /home/travis/build/icyphy/ptII/ptolemy/actor/lib/test/auto/PublisherPortSubscriberOpaqueWidthInference.xml (RunModel)" time="0.015" />
  <testcase classname="ptolemy.util.test.junit.AutoTests" name="[271] /home/travis/build/icyphy/ptII/ptolemy/actor/lib/test/auto/PublisherPortSubscriberPortAdjacent.xml (RunModel)" time="0.026" />
  <testcase classname="ptolemy.util.test.junit.AutoTests" name="[272] /home/travis/build/icyphy/ptII/ptolemy/actor/lib/test/auto/PublisherPortSubscriberPortExpression.xml (RunModel)" time="0.017" />
  <testcase classname="ptolemy.util.test.junit.AutoTests" name="[273] /home/travis/build/icyphy/ptII/ptolemy/actor/lib/test/auto/PublisherPortSubscriberPortOpaqueD3Reverse.xml (RunModel)" time="0.027" />
  <testcase classname="ptolemy.util.test.junit.AutoTests" name="[274] /home/travis/build/icyphy/ptII/ptolemy/actor/lib/test/auto/PublisherPortSubscriberPortOpaqueWidthInference.xml (RunModel)" time="0.015" />
  <testcase classname="ptolemy.util.test.junit.AutoTests" name="[275] /home/travis/build/icyphy/ptII/ptolemy/actor/lib/test/auto/PublisherPortToplevelSubscriberPortAOC.xml (RunModel)" time="0.011" />
  <testcase classname="ptolemy.util.test.junit.AutoTests" name="[276] /home/travis/build/icyphy/ptII/ptolemy/actor/lib/test/auto/PublisherSubscriber.xml (RunModel)" time="0.013" />
  <testcase classname="ptolemy.util.test.junit.AutoTests" name="[277] /home/travis/build/icyphy/ptII/ptolemy/actor/lib/test/auto/PublisherSubscriber10.xml (RunModel)" time="0.02" />
  <testcase classname="ptolemy.util.test.junit.AutoTests" name="[278] /home/travis/build/icyphy/ptII/ptolemy/actor/lib/test/auto/PublisherSubscriber10InitialOutputs.xml (RunModel)" time="0.036" />
  <testcase classname="ptolemy.util.test.junit.AutoTests" name="[279] /home/travis/build/icyphy/ptII/ptolemy/actor/lib/test/auto/PublisherSubscriber11.xml (RunModel)" time="0.016" />
  <testcase classname="ptolemy.util.test.junit.AutoTests" name="[280] /home/travis/build/icyphy/ptII/ptolemy/actor/lib/test/auto/PublisherSubscriber12.xml (RunModel)" time="0.026" />
  <testcase classname="ptolemy.util.test.junit.AutoTests" name="[281] /home/travis/build/icyphy/ptII/ptolemy/actor/lib/test/auto/PublisherSubscriber13.xml (RunModel)" time="0.011" />
  <testcase classname="ptolemy.util.test.junit.AutoTests" name="[282] /home/travis/build/icyphy/ptII/ptolemy/actor/lib/test/auto/PublisherSubscriber14.xml (RunModel)" time="0.023" />
  <testcase classname="ptolemy.util.test.junit.AutoTests" name="[283] /home/travis/build/icyphy/ptII/ptolemy/actor/lib/test/auto/PublisherSubscriber2.xml (RunModel)" time="0.023" />
  <testcase classname="ptolemy.util.test.junit.AutoTests" name="[284] /home/travis/build/icyphy/ptII/ptolemy/actor/lib/test/auto/PublisherSubscriber3.xml (RunModel)" time="0.012" />
  <testcase classname="ptolemy.util.test.junit.AutoTests" name="[285] /home/travis/build/icyphy/ptII/ptolemy/actor/lib/test/auto/PublisherSubscriber4.xml (RunModel)" time="0.01" />
  <testcase classname="ptolemy.util.test.junit.AutoTests" name="[286] /home/travis/build/icyphy/ptII/ptolemy/actor/lib/test/auto/PublisherSubscriber5.xml (RunModel)" time="0.015" />
  <testcase classname="ptolemy.util.test.junit.AutoTests" name="[287] /home/travis/build/icyphy/ptII/ptolemy/actor/lib/test/auto/PublisherSubscriber6.xml (RunModel)" time="0.018" />
  <testcase classname="ptolemy.util.test.junit.AutoTests" name="[288] /home/travis/build/icyphy/ptII/ptolemy/actor/lib/test/auto/PublisherSubscriber7.xml (RunModel)" time="0.022" />
  <testcase classname="ptolemy.util.test.junit.AutoTests" name="[289] /home/travis/build/icyphy/ptII/ptolemy/actor/lib/test/auto/PublisherSubscriber8.xml (RunModel)" time="0.038" />
  <testcase classname="ptolemy.util.test.junit.AutoTests" name="[290] /home/travis/build/icyphy/ptII/ptolemy/actor/lib/test/auto/PublisherSubscriber9.xml (RunModel)" time="0.024" />
  <testcase classname="ptolemy.util.test.junit.AutoTests" name="[291] /home/travis/build/icyphy/ptII/ptolemy/actor/lib/test/auto/PublisherSubscriberAdjacent.xml (RunModel)" time="0.021" />
  <testcase classname="ptolemy.util.test.junit.AutoTests" name="[292] /home/travis/build/icyphy/ptII/ptolemy/actor/lib/test/auto/PublisherSubscriberChannelVariablesAOC2.xml (RunModel)" time="0.031" />
  <testcase classname="ptolemy.util.test.junit.AutoTests" name="[293] /home/travis/build/icyphy/ptII/ptolemy/actor/lib/test/auto/PublisherSubscriberD3.xml (RunModel)" time="0.015" />
  <testcase classname="ptolemy.util.test.junit.AutoTests" name="[294] /home/travis/build/icyphy/ptII/ptolemy/actor/lib/test/auto/PublisherSubscriberD3Reverse.xml (RunModel)" time="0.012" />
  <testcase classname="ptolemy.util.test.junit.AutoTests" name="[295] /home/travis/build/icyphy/ptII/ptolemy/actor/lib/test/auto/PublisherSubscriberExpression.xml (RunModel)" time="0.037" />
  <testcase classname="ptolemy.util.test.junit.AutoTests" name="[296] /home/travis/build/icyphy/ptII/ptolemy/actor/lib/test/auto/PublisherSubscriberOpaque.xml (RunModel)" time="0.018" />
  <testcase classname="ptolemy.util.test.junit.AutoTests" name="[297] /home/travis/build/icyphy/ptII/ptolemy/actor/lib/test/auto/PublisherSubscriberOpaqueD3.xml (RunModel)" time="0.027" />
  <testcase classname="ptolemy.util.test.junit.AutoTests" name="[298] /home/travis/build/icyphy/ptII/ptolemy/actor/lib/test/auto/PublisherSubscriberOpaqueD3Reverse.xml (RunModel)" time="0.025" />
  <testcase classname="ptolemy.util.test.junit.AutoTests" name="[299] /home/travis/build/icyphy/ptII/ptolemy/actor/lib/test/auto/PublisherSubscriberOpaqueWidthInference.xml (RunModel)" time="0.019" />
  <testcase classname="ptolemy.util.test.junit.AutoTests" name="[300] /home/travis/build/icyphy/ptII/ptolemy/actor/lib/test/auto/PublisherTestSubscriber.xml (RunModel)" time="0.017" />
  <testcase classname="ptolemy.util.test.junit.AutoTests" name="[301] /home/travis/build/icyphy/ptII/ptolemy/actor/lib/test/auto/PublisherToplevelSubscriberPortAOC.xml (RunModel)" time="0.011" />
  <testcase classname="ptolemy.util.test.junit.AutoTests" name="[302] /home/travis/build/icyphy/ptII/ptolemy/actor/lib/test/auto/PulseFiringLimitDE.xml (RunModel)" time="0.014" />
  <testcase classname="ptolemy.util.test.junit.AutoTests" name="[303] /home/travis/build/icyphy/ptII/ptolemy/actor/lib/test/auto/Ramp1.xml (RunModel)" time="0.007" />
  <testcase classname="ptolemy.util.test.junit.AutoTests" name="[304] /home/travis/build/icyphy/ptII/ptolemy/actor/lib/test/auto/RampFiringLimitDE.xml (RunModel)" time="0.01" />
  <testcase classname="ptolemy.util.test.junit.AutoTests" name="[305] /home/travis/build/icyphy/ptII/ptolemy/actor/lib/test/auto/RampFiringLimitSDF.xml (RunModel)" time="0.009" />
  <testcase classname="ptolemy.util.test.junit.AutoTests" name="[306] /home/travis/build/icyphy/ptII/ptolemy/actor/lib/test/auto/RandomInteger.xml (RunModel)" time="0.009" />
  <testcase classname="ptolemy.util.test.junit.AutoTests" name="[307] /home/travis/build/icyphy/ptII/ptolemy/actor/lib/test/auto/ReadFile1.xml (RunModel)" time="0.007" />
  <testcase classname="ptolemy.util.test.junit.AutoTests" name="[308] /home/travis/build/icyphy/ptII/ptolemy/actor/lib/test/auto/ReadFile2.xml (RunModel)" time="0.01" />
  <testcase classname="ptolemy.util.test.junit.AutoTests" name="[309] /home/travis/build/icyphy/ptII/ptolemy/actor/lib/test/auto/Reader.xml (RunModel)" time="0.012" />
  <testcase classname="ptolemy.util.test.junit.AutoTests" name="[310] /home/travis/build/icyphy/ptII/ptolemy/actor/lib/test/auto/RecordAssemblerDisplayNameTest.xml (RunModel)" time="4.453" />
  <testcase classname="ptolemy.util.test.junit.AutoTests" name="[311] /home/travis/build/icyphy/ptII/ptolemy/actor/lib/test/auto/RecordAssemblerTypeError.xml (RunModel)" time="0.038" />
  <testcase classname="ptolemy.util.test.junit.AutoTests" name="[312] /home/travis/build/icyphy/ptII/ptolemy/actor/lib/test/auto/RecordDisassember.xml (RunModel)" time="0.011" />
  <testcase classname="ptolemy.util.test.junit.AutoTests" name="[313] /home/travis/build/icyphy/ptII/ptolemy/actor/lib/test/auto/RecordDisassemberDisplayNameTest.xml (RunModel)" time="0.022" />
  <testcase classname="ptolemy.util.test.junit.AutoTests" name="[314] /home/travis/build/icyphy/ptII/ptolemy/actor/lib/test/auto/RecordDisassembler.xml (RunModel)" time="0.01" />
  <testcase classname="ptolemy.util.test.junit.AutoTests" name="[315] /home/travis/build/icyphy/ptII/ptolemy/actor/lib/test/auto/RecordDisassembler2.xml (RunModel)" time="0.01" />
  <testcase classname="ptolemy.util.test.junit.AutoTests" name="[316] /home/travis/build/icyphy/ptII/ptolemy/actor/lib/test/auto/RecordUpdater.xml (RunModel)" time="0.011" />
  <testcase classname="ptolemy.util.test.junit.AutoTests" name="[317] /home/travis/build/icyphy/ptII/ptolemy/actor/lib/test/auto/RecordUpdater2.xml (RunModel)" time="0.009" />
  <testcase classname="ptolemy.util.test.junit.AutoTests" name="[318] /home/travis/build/icyphy/ptII/ptolemy/actor/lib/test/auto/RecursiveLattice.xml (RunModel)" time="0.008" />
  <testcase classname="ptolemy.util.test.junit.AutoTests" name="[319] /home/travis/build/icyphy/ptII/ptolemy/actor/lib/test/auto/Router.xml (RunModel)" time="3.026" />
  <testcase classname="ptolemy.util.test.junit.AutoTests" name="[320] /home/travis/build/icyphy/ptII/ptolemy/actor/lib/test/auto/Router2.xml (RunModel)" time="3.022" />
  <testcase classname="ptolemy.util.test.junit.AutoTests" name="[321] /home/travis/build/icyphy/ptII/ptolemy/actor/lib/test/auto/RunningMaximum.xml (RunModel)" time="0.03" />
  <testcase classname="ptolemy.util.test.junit.AutoTests" name="[322] /home/travis/build/icyphy/ptII/ptolemy/actor/lib/test/auto/RunningMinimum.xml (RunModel)" time="0.021" />
  <testcase classname="ptolemy.util.test.junit.AutoTests" name="[323] /home/travis/build/icyphy/ptII/ptolemy/actor/lib/test/auto/Scale.xml (RunModel)" time="0.009" />
  <testcase classname="ptolemy.util.test.junit.AutoTests" name="[324] /home/travis/build/icyphy/ptII/ptolemy/actor/lib/test/auto/Scale2.xml (RunModel)" time="0.01" />
  <testcase classname="ptolemy.util.test.junit.AutoTests" name="[325] /home/travis/build/icyphy/ptII/ptolemy/actor/lib/test/auto/Scale3.xml (RunModel)" time="0.016" />
  <testcase classname="ptolemy.util.test.junit.AutoTests" name="[326] /home/travis/build/icyphy/ptII/ptolemy/actor/lib/test/auto/ScaleArray.xml (RunModel)" time="0.027" />
  <testcase classname="ptolemy.util.test.junit.AutoTests" name="[327] /home/travis/build/icyphy/ptII/ptolemy/actor/lib/test/auto/ScaleArray2.xml (RunModel)" time="0.009" />
  <testcase classname="ptolemy.util.test.junit.AutoTests" name="[328] /home/travis/build/icyphy/ptII/ptolemy/actor/lib/test/auto/ScaleMatrix.xml (RunModel)" time="0.189" />
  <testcase classname="ptolemy.util.test.junit.AutoTests" name="[329] /home/travis/build/icyphy/ptII/ptolemy/actor/lib/test/auto/Select.xml (RunModel)" time="0.018" />
  <testcase classname="ptolemy.util.test.junit.AutoTests" name="[330] /home/travis/build/icyphy/ptII/ptolemy/actor/lib/test/auto/Select2.xml (RunModel)" time="0.011" />
  <testcase classname="ptolemy.util.test.junit.AutoTests" name="[331] /home/travis/build/icyphy/ptII/ptolemy/actor/lib/test/auto/SequenceToArray2.xml (RunModel)" time="0.15" />
  <testcase classname="ptolemy.util.test.junit.AutoTests" name="[332] /home/travis/build/icyphy/ptII/ptolemy/actor/lib/test/auto/SequentialClock.xml (RunModel)" time="0.012" />
  <testcase classname="ptolemy.util.test.junit.AutoTests" name="[333] /home/travis/build/icyphy/ptII/ptolemy/actor/lib/test/auto/SetVariable.xml (RunModel)" time="0.01" />
  <testcase classname="ptolemy.util.test.junit.AutoTests" name="[334] /home/travis/build/icyphy/ptII/ptolemy/actor/lib/test/auto/SetVariable2.xml (RunModel)" time="0.01" />
  <testcase classname="ptolemy.util.test.junit.AutoTests" name="[335] /home/travis/build/icyphy/ptII/ptolemy/actor/lib/test/auto/SetVariable3.xml (RunModel)" time="0.016" />
  <testcase classname="ptolemy.util.test.junit.AutoTests" name="[336] /home/travis/build/icyphy/ptII/ptolemy/actor/lib/test/auto/SetVariable4.xml (RunModel)" time="0.024" />
  <testcase classname="ptolemy.util.test.junit.AutoTests" name="[337] /home/travis/build/icyphy/ptII/ptolemy/actor/lib/test/auto/SetVariable5.xml (RunModel)" time="0.036" />
  <testcase classname="ptolemy.util.test.junit.AutoTests" name="[338] /home/travis/build/icyphy/ptII/ptolemy/actor/lib/test/auto/Sinewave.xml (RunModel)" time="0.024" />
  <testcase classname="ptolemy.util.test.junit.AutoTests" name="[339] /home/travis/build/icyphy/ptII/ptolemy/actor/lib/test/auto/Sinewave2.xml (RunModel)" time="0.017" />
  <testcase classname="ptolemy.util.test.junit.AutoTests" name="[340] /home/travis/build/icyphy/ptII/ptolemy/actor/lib/test/auto/Sinewave3.xml (RunModel)" time="0.019" />
  <testcase classname="ptolemy.util.test.junit.AutoTests" name="[341] /home/travis/build/icyphy/ptII/ptolemy/actor/lib/test/auto/SingleEvent.xml (RunModel)" time="0.007" />
  <testcase classname="ptolemy.util.test.junit.AutoTests" name="[342] /home/travis/build/icyphy/ptII/ptolemy/actor/lib/test/auto/Sleep.xml (RunModel)" time="6.019" />
  <testcase classname="ptolemy.util.test.junit.AutoTests" name="[343] /home/travis/build/icyphy/ptII/ptolemy/actor/lib/test/auto/SleepMultipleFire.xml (RunModel)" time="1.023" />
  <testcase classname="ptolemy.util.test.junit.AutoTests" name="[344] /home/travis/build/icyphy/ptII/ptolemy/actor/lib/test/auto/StopDE.xml (RunModel)" time="0.03" />
  <testcase classname="ptolemy.util.test.junit.AutoTests" name="[345] /home/travis/build/icyphy/ptII/ptolemy/actor/lib/test/auto/StopSDF.xml (RunModel)" time="0.032" />
  <testcase classname="ptolemy.util.test.junit.AutoTests" name="[346] /home/travis/build/icyphy/ptII/ptolemy/actor/lib/test/auto/StringConstant.xml (RunModel)" time="0.04" />
  <testcase classname="ptolemy.util.test.junit.AutoTests" name="[347] /home/travis/build/icyphy/ptII/ptolemy/actor/lib/test/auto/SubscriberPortInitialValues1.xml (RunModel)" time="0.023" />
  <testcase classname="ptolemy.util.test.junit.AutoTests" name="[348] /home/travis/build/icyphy/ptII/ptolemy/actor/lib/test/auto/SubscriberPortInitialValues13.xml (RunModel)" time="0.062" />
  <testcase classname="ptolemy.util.test.junit.AutoTests" name="[349] /home/travis/build/icyphy/ptII/ptolemy/actor/lib/test/auto/SubscriberPortInitialValues14.xml (RunModel)" time="0.046" />
  <testcase classname="ptolemy.util.test.junit.AutoTests" name="[350] /home/travis/build/icyphy/ptII/ptolemy/actor/lib/test/auto/SubscriberPortInitialValues2.xml (RunModel)" time="0.04" />
  <testcase classname="ptolemy.util.test.junit.AutoTests" name="[351] /home/travis/build/icyphy/ptII/ptolemy/actor/lib/test/auto/SubscriberPortInitialValues3.xml (RunModel)" time="0.039" />
  <testcase classname="ptolemy.util.test.junit.AutoTests" name="[352] /home/travis/build/icyphy/ptII/ptolemy/actor/lib/test/auto/SubscriptionAggregator.xml (RunModel)" time="0.011" />
  <testcase classname="ptolemy.util.test.junit.AutoTests" name="[353] /home/travis/build/icyphy/ptII/ptolemy/actor/lib/test/auto/SubscriptionAggregator2.xml (RunModel)" time="0.013" />
  <testcase classname="ptolemy.util.test.junit.AutoTests" name="[354] /home/travis/build/icyphy/ptII/ptolemy/actor/lib/test/auto/SubscriptionAggregator3.xml (RunModel)" time="0.02" />
  <testcase classname="ptolemy.util.test.junit.AutoTests" name="[355] /home/travis/build/icyphy/ptII/ptolemy/actor/lib/test/auto/SubscriptionAggregatorMultiply.xml (RunModel)" time="0.014" />
  <testcase classname="ptolemy.util.test.junit.AutoTests" name="[356] /home/travis/build/icyphy/ptII/ptolemy/actor/lib/test/auto/SubscriptionAggregatorPortMultiply1.xml (RunModel)" time="0.013" />
  <testcase classname="ptolemy.util.test.junit.AutoTests" name="[357] /home/travis/build/icyphy/ptII/ptolemy/actor/lib/test/auto/Switch.xml (RunModel)" time="0.019" />
  <testcase classname="ptolemy.util.test.junit.AutoTests" name="[358] /home/travis/build/icyphy/ptII/ptolemy/actor/lib/test/auto/Switch2.xml (RunModel)" time="0.013" />
  <testcase classname="ptolemy.util.test.junit.AutoTests" name="[359] /home/travis/build/icyphy/ptII/ptolemy/actor/lib/test/auto/SwitchDE.xml (RunModel)" time="0.015" />
  <testcase classname="ptolemy.util.test.junit.AutoTests" name="[360] /home/travis/build/icyphy/ptII/ptolemy/actor/lib/test/auto/SynchronizerDE.xml (RunModel)" time="0.02" />
  <testcase classname="ptolemy.util.test.junit.AutoTests" name="[361] /home/travis/build/icyphy/ptII/ptolemy/actor/lib/test/auto/Test.xml (RunModel)" time="0.018" />
  <testcase classname="ptolemy.util.test.junit.AutoTests" name="[362] /home/travis/build/icyphy/ptII/ptolemy/actor/lib/test/auto/TestExceptionAttribute1.xml (RunModel)" time="0.007" />
  <testcase classname="ptolemy.util.test.junit.AutoTests" name="[363] /home/travis/build/icyphy/ptII/ptolemy/actor/lib/test/auto/TestExceptionAttribute2.xml (RunModel)" time="0.008" />
  <testcase classname="ptolemy.util.test.junit.AutoTests" name="[364] /home/travis/build/icyphy/ptII/ptolemy/actor/lib/test/auto/TestExceptionAttribute3.xml (RunModel)" time="0.011" />
  <testcase classname="ptolemy.util.test.junit.AutoTests" name="[365] /home/travis/build/icyphy/ptII/ptolemy/actor/lib/test/auto/TestExceptionAttribute4.xml (RunModel)" time="0.009" />
  <testcase classname="ptolemy.util.test.junit.AutoTests" name="[366] /home/travis/build/icyphy/ptII/ptolemy/actor/lib/test/auto/TestExceptionHandler1.xml (RunModel)" time="0.006" />
  <testcase classname="ptolemy.util.test.junit.AutoTests" name="[367] /home/travis/build/icyphy/ptII/ptolemy/actor/lib/test/auto/TestExceptionHandler2.xml (RunModel)" time="0.008" />
  <testcase classname="ptolemy.util.test.junit.AutoTests" name="[368] /home/travis/build/icyphy/ptII/ptolemy/actor/lib/test/auto/TestExceptionHandler3.xml (RunModel)" time="0.005" />
  <testcase classname="ptolemy.util.test.junit.AutoTests" name="[369] /home/travis/build/icyphy/ptII/ptolemy/actor/lib/test/auto/TestExceptionHandler4.xml (RunModel)" time="0.006" />
  <testcase classname="ptolemy.util.test.junit.AutoTests" name="[370] /home/travis/build/icyphy/ptII/ptolemy/actor/lib/test/auto/TestRequireCorrectOrder.xml (RunModel)" time="0.013" />
  <testcase classname="ptolemy.util.test.junit.AutoTests" name="[371] /home/travis/build/icyphy/ptII/ptolemy/actor/lib/test/auto/TestSimple.xml (RunModel)" time="0.006" />
  <testcase classname="ptolemy.util.test.junit.AutoTests" name="[372] /home/travis/build/icyphy/ptII/ptolemy/actor/lib/test/auto/ThrowModelError.xml (RunModel)" time="0.011" />
  <testcase classname="ptolemy.util.test.junit.AutoTests" name="[373] /home/travis/build/icyphy/ptII/ptolemy/actor/lib/test/auto/TimeDelayMicrosteps.xml (RunModel)" time="0.014" />
  <testcase classname="ptolemy.util.test.junit.AutoTests" name="[374] /home/travis/build/icyphy/ptII/ptolemy/actor/lib/test/auto/TimeDelayMicrosteps2.xml (RunModel)" time="0.015" />
  <testcase classname="ptolemy.util.test.junit.AutoTests" name="[375] /home/travis/build/icyphy/ptII/ptolemy/actor/lib/test/auto/TimeDelayMicrosteps3.xml (RunModel)" time="0.012" />
  <testcase classname="ptolemy.util.test.junit.AutoTests" name="[376] /home/travis/build/icyphy/ptII/ptolemy/actor/lib/test/auto/TimeDelayVariableMicrosteps.xml (RunModel)" time="0.012" />
  <testcase classname="ptolemy.util.test.junit.AutoTests" name="[377] /home/travis/build/icyphy/ptII/ptolemy/actor/lib/test/auto/TimeGap.xml (RunModel)" time="0.014" />
  <testcase classname="ptolemy.util.test.junit.AutoTests" name="[378] /home/travis/build/icyphy/ptII/ptolemy/actor/lib/test/auto/TimeGap2.xml (RunModel)" time="0.01" />
  <testcase classname="ptolemy.util.test.junit.AutoTests" name="[379] /home/travis/build/icyphy/ptII/ptolemy/actor/lib/test/auto/TimedSinewave.xml (RunModel)" time="0.061" />
  <testcase classname="ptolemy.util.test.junit.AutoTests" name="[380] /home/travis/build/icyphy/ptII/ptolemy/actor/lib/test/auto/TimedSinewavePhase.xml (RunModel)" time="0.035" />
  <testcase classname="ptolemy.util.test.junit.AutoTests" name="[381] /home/travis/build/icyphy/ptII/ptolemy/actor/lib/test/auto/Timer.xml (RunModel)" time="0.016" />
  <testcase classname="ptolemy.util.test.junit.AutoTests" name="[382] /home/travis/build/icyphy/ptII/ptolemy/actor/lib/test/auto/TriangularDistTestModel.xml (RunModel)" time="0.016" />
  <testcase classname="ptolemy.util.test.junit.AutoTests" name="[383] /home/travis/build/icyphy/ptII/ptolemy/actor/lib/test/auto/TrigFunction.xml (RunModel)" time="0.011" />
  <testcase classname="ptolemy.util.test.junit.AutoTests" name="[384] /home/travis/build/icyphy/ptII/ptolemy/actor/lib/test/auto/TrigFunctionDE.xml (RunModel)" time="0.01" />
  <testcase classname="ptolemy.util.test.junit.AutoTests" name="[385] /home/travis/build/icyphy/ptII/ptolemy/actor/lib/test/auto/TrigFunctionInverse.xml (RunModel)" time="0.009" />
  <testcase classname="ptolemy.util.test.junit.AutoTests" name="[386] /home/travis/build/icyphy/ptII/ptolemy/actor/lib/test/auto/TrigFunctionTan.xml (RunModel)" time="0.007" />
  <testcase classname="ptolemy.util.test.junit.AutoTests" name="[387] /home/travis/build/icyphy/ptII/ptolemy/actor/lib/test/auto/TriggeredClock.xml (RunModel)" time="0.008" />
  <testcase classname="ptolemy.util.test.junit.AutoTests" name="[388] /home/travis/build/icyphy/ptII/ptolemy/actor/lib/test/auto/URLDirectoryReader.xml (RunModel)" time="0.118" />
  <testcase classname="ptolemy.util.test.junit.AutoTests" name="[389] /home/travis/build/icyphy/ptII/ptolemy/actor/lib/test/auto/URLDirectoryReader3.xml (RunModel)" time="1.433" />
  <testcase classname="ptolemy.util.test.junit.AutoTests" name="[390] /home/travis/build/icyphy/ptII/ptolemy/actor/lib/test/auto/UnaryMathFunction.xml (RunModel)" time="0.024" />
  <testcase classname="ptolemy.util.test.junit.AutoTests" name="[391] /home/travis/build/icyphy/ptII/ptolemy/actor/lib/test/auto/Uniform.xml (RunModel)" time="0.013" />
  <testcase classname="ptolemy.util.test.junit.AutoTests" name="[392] /home/travis/build/icyphy/ptII/ptolemy/actor/lib/test/auto/UnionDisassemblerTest.xml (RunModel)" time="0.016" />
  <testcase classname="ptolemy.util.test.junit.AutoTests" name="[393] /home/travis/build/icyphy/ptII/ptolemy/actor/lib/test/auto/UtilityFunctions.xml (RunModel)" time="0.009" />
  <testcase classname="ptolemy.util.test.junit.AutoTests" name="[394] /home/travis/build/icyphy/ptII/ptolemy/actor/lib/test/auto/VariableSleep.xml (RunModel)" time="0.512" />
  <testcase classname="ptolemy.util.test.junit.AutoTests" name="[395] /home/travis/build/icyphy/ptII/ptolemy/actor/lib/test/auto/VectorAssemblerDisassemblerCT.xml (RunModel)" time="0.129" />
  <testcase classname="ptolemy.util.test.junit.AutoTests" name="[396] /home/travis/build/icyphy/ptII/ptolemy/actor/lib/test/auto/VectorAssemblerDisassemblerDE.xml (RunModel)" time="0.021" />
  <testcase classname="ptolemy.util.test.junit.AutoTests" name="[397] /home/travis/build/icyphy/ptII/ptolemy/actor/lib/test/auto/VectorAssemblerDisassemblerSDF.xml (RunModel)" time="0.012" />
  <testcase classname="ptolemy.util.test.junit.AutoTests" name="[398] /home/travis/build/icyphy/ptII/ptolemy/actor/lib/test/auto/WallClockTime.xml (RunModel)" time="1.012" />
  <testcase classname="ptolemy.util.test.junit.AutoTests" name="[399] /home/travis/build/icyphy/ptII/ptolemy/actor/lib/test/auto/WidthTestWithSubscriberPublisher.xml (RunModel)" time="0.04" />
  <testcase classname="ptolemy.util.test.junit.AutoTests" name="[400] /home/travis/build/icyphy/ptII/ptolemy/actor/lib/test/auto/WidthTestWithSubscriberPublisher2.xml (RunModel)" time="0.015" />
  <testcase classname="ptolemy.util.test.junit.AutoTests" name="[401] /home/travis/build/icyphy/ptII/ptolemy/actor/lib/test/auto/WidthTestWithSubscriberPublisher3.xml (RunModel)" time="0.012" />
  <testcase classname="ptolemy.util.test.junit.AutoTests" name="[402] /home/travis/build/icyphy/ptII/ptolemy/actor/lib/test/auto/Writer.xml (RunModel)" time="0.008" />
  <testcase classname="ptolemy.util.test.junit.AutoTests" name="[403] /home/travis/build/icyphy/ptII/ptolemy/actor/lib/test/auto/array.xml (RunModel)" time="0.009" />
  <testcase classname="ptolemy.util.test.junit.AutoTests" name="[404] /home/travis/build/icyphy/ptII/ptolemy/actor/lib/test/auto/array2.xml (RunModel)" time="0.024" />
  <testcase classname="ptolemy.util.test.junit.AutoTests" name="[405] /home/travis/build/icyphy/ptII/ptolemy/actor/lib/test/auto/arrayType.xml (RunModel)" time="0.009" />
  <testcase classname="ptolemy.util.test.junit.AutoTests" name="[406] /home/travis/build/icyphy/ptII/ptolemy/actor/lib/test/auto/arrayType10.xml (RunModel)" time="0.008" />
  <testcase classname="ptolemy.util.test.junit.AutoTests" name="[407] /home/travis/build/icyphy/ptII/ptolemy/actor/lib/test/auto/arrayType11.xml (RunModel)" time="0.009" />
  <testcase classname="ptolemy.util.test.junit.AutoTests" name="[408] /home/travis/build/icyphy/ptII/ptolemy/actor/lib/test/auto/arrayType12.xml (RunModel)" time="0.009" />
  <testcase classname="ptolemy.util.test.junit.AutoTests" name="[409] /home/travis/build/icyphy/ptII/ptolemy/actor/lib/test/auto/arrayType13.xml (RunModel)" time="0.009" />
  <testcase classname="ptolemy.util.test.junit.AutoTests" name="[410] /home/travis/build/icyphy/ptII/ptolemy/actor/lib/test/auto/arrayType14.xml (RunModel)" time="0.008" />
  <testcase classname="ptolemy.util.test.junit.AutoTests" name="[411] /home/travis/build/icyphy/ptII/ptolemy/actor/lib/test/auto/arrayType15.xml (RunModel)" time="0.009" />
  <testcase classname="ptolemy.util.test.junit.AutoTests" name="[412] /home/travis/build/icyphy/ptII/ptolemy/actor/lib/test/auto/arrayType16.xml (RunModel)" time="0.009" />
  <testcase classname="ptolemy.util.test.junit.AutoTests" name="[413] /home/travis/build/icyphy/ptII/ptolemy/actor/lib/test/auto/arrayType17.xml (RunModel)" time="0.008" />
  <testcase classname="ptolemy.util.test.junit.AutoTests" name="[414] /home/travis/build/icyphy/ptII/ptolemy/actor/lib/test/auto/arrayType18.xml (RunModel)" time="0.007" />
  <testcase classname="ptolemy.util.test.junit.AutoTests" name="[415] /home/travis/build/icyphy/ptII/ptolemy/actor/lib/test/auto/arrayType19.xml (RunModel)" time="0.008" />
  <testcase classname="ptolemy.util.test.junit.AutoTests" name="[416] /home/travis/build/icyphy/ptII/ptolemy/actor/lib/test/auto/arrayType2.xml (RunModel)" time="0.029" />
  <testcase classname="ptolemy.util.test.junit.AutoTests" name="[417] /home/travis/build/icyphy/ptII/ptolemy/actor/lib/test/auto/arrayType20.xml (RunModel)" time="0.043" />
  <testcase classname="ptolemy.util.test.junit.AutoTests" name="[418] /home/travis/build/icyphy/ptII/ptolemy/actor/lib/test/auto/arrayType21.xml (RunModel)" time="0.03" />
  <testcase classname="ptolemy.util.test.junit.AutoTests" name="[419] /home/travis/build/icyphy/ptII/ptolemy/actor/lib/test/auto/arrayType22.xml (RunModel)" time="0.035" />
  <testcase classname="ptolemy.util.test.junit.AutoTests" name="[420] /home/travis/build/icyphy/ptII/ptolemy/actor/lib/test/auto/arrayType23.xml (RunModel)" time="0.039" />
  <testcase classname="ptolemy.util.test.junit.AutoTests" name="[421] /home/travis/build/icyphy/ptII/ptolemy/actor/lib/test/auto/arrayType24.xml (RunModel)" time="0.04" />
  <testcase classname="ptolemy.util.test.junit.AutoTests" name="[422] /home/travis/build/icyphy/ptII/ptolemy/actor/lib/test/auto/arrayType25.xml (RunModel)" time="0.017" />
  <testcase classname="ptolemy.util.test.junit.AutoTests" name="[423] /home/travis/build/icyphy/ptII/ptolemy/actor/lib/test/auto/arrayType26.xml (RunModel)" time="0.008" />
  <testcase classname="ptolemy.util.test.junit.AutoTests" name="[424] /home/travis/build/icyphy/ptII/ptolemy/actor/lib/test/auto/arrayType27.xml (RunModel)" time="0.01" />
  <testcase classname="ptolemy.util.test.junit.AutoTests" name="[425] /home/travis/build/icyphy/ptII/ptolemy/actor/lib/test/auto/arrayType28.xml (RunModel)" time="0.01" />
  <testcase classname="ptolemy.util.test.junit.AutoTests" name="[426] /home/travis/build/icyphy/ptII/ptolemy/actor/lib/test/auto/arrayType3.xml (RunModel)" time="0.008" />
  <testcase classname="ptolemy.util.test.junit.AutoTests" name="[427] /home/travis/build/icyphy/ptII/ptolemy/actor/lib/test/auto/arrayType4.xml (RunModel)" time="0.007" />
  <testcase classname="ptolemy.util.test.junit.AutoTests" name="[428] /home/travis/build/icyphy/ptII/ptolemy/actor/lib/test/auto/arrayType5.xml (RunModel)" time="0.008" />
  <testcase classname="ptolemy.util.test.junit.AutoTests" name="[429] /home/travis/build/icyphy/ptII/ptolemy/actor/lib/test/auto/arrayType6.xml (RunModel)" time="0.007" />
  <testcase classname="ptolemy.util.test.junit.AutoTests" name="[430] /home/travis/build/icyphy/ptII/ptolemy/actor/lib/test/auto/arrayType7.xml (RunModel)" time="0.019" />
  <testcase classname="ptolemy.util.test.junit.AutoTests" name="[431] /home/travis/build/icyphy/ptII/ptolemy/actor/lib/test/auto/arrayType8.xml (RunModel)" time="0.007" />
  <testcase classname="ptolemy.util.test.junit.AutoTests" name="[432] /home/travis/build/icyphy/ptII/ptolemy/actor/lib/test/auto/arrayType9.xml (RunModel)" time="0.013" />
  <testcase classname="ptolemy.util.test.junit.AutoTests" name="[433] /home/travis/build/icyphy/ptII/ptolemy/actor/lib/test/auto/cast.xml (RunModel)" time="0.009" />
  <testcase classname="ptolemy.util.test.junit.AutoTests" name="[434] /home/travis/build/icyphy/ptII/ptolemy/actor/lib/test/auto/compositeMultiPort.xml (RunModel)" time="0.014" />
  <testcase classname="ptolemy.util.test.junit.AutoTests" name="[435] /home/travis/build/icyphy/ptII/ptolemy/actor/lib/test/auto/expressionCastInference.xml (RunModel)" time="0.008" />
  <testcase classname="ptolemy.util.test.junit.AutoTests" name="[436] /home/travis/build/icyphy/ptII/ptolemy/actor/lib/test/auto/expressionCastInference2.xml (RunModel)" time="0.007" />
  <testcase classname="ptolemy.util.test.junit.AutoTests" name="[437] /home/travis/build/icyphy/ptII/ptolemy/actor/lib/test/auto/expressionInference.xml (RunModel)" time="0.006" />
  <testcase classname="ptolemy.util.test.junit.AutoTests" name="[438] /home/travis/build/icyphy/ptII/ptolemy/actor/lib/test/auto/expression_bug.xml (RunModel)" time="0.006" />
  <testcase classname="ptolemy.util.test.junit.AutoTests" name="[439] /home/travis/build/icyphy/ptII/ptolemy/actor/lib/test/auto/factorial.xml (RunModel)" time="0.053" />
  <testcase classname="ptolemy.util.test.junit.AutoTests" name="[440] /home/travis/build/icyphy/ptII/ptolemy/actor/lib/test/auto/filterTest1.xml (RunModel)" time="0.013" />
  <testcase classname="ptolemy.util.test.junit.AutoTests" name="[441] /home/travis/build/icyphy/ptII/ptolemy/actor/lib/test/auto/funcApplyInConst.xml (RunModel)" time="0.006" />
  <testcase classname="ptolemy.util.test.junit.AutoTests" name="[442] /home/travis/build/icyphy/ptII/ptolemy/actor/lib/test/auto/funcApplyInExpr.xml (RunModel)" time="0.005" />
  <testcase classname="ptolemy.util.test.junit.AutoTests" name="[443] /home/travis/build/icyphy/ptII/ptolemy/actor/lib/test/auto/function.xml (RunModel)" time="0.01" />
  <testcase classname="ptolemy.util.test.junit.AutoTests" name="[444] /home/travis/build/icyphy/ptII/ptolemy/actor/lib/test/auto/function2.xml (RunModel)" time="0.013" />
  <testcase classname="ptolemy.util.test.junit.AutoTests" name="[445] /home/travis/build/icyphy/ptII/ptolemy/actor/lib/test/auto/function3.xml (RunModel)" time="0.006" />
  <testcase classname="ptolemy.util.test.junit.AutoTests" name="[446] /home/travis/build/icyphy/ptII/ptolemy/actor/lib/test/auto/functionClosureTest1.xml (RunModel)" time="0.01" />
  <testcase classname="ptolemy.util.test.junit.AutoTests" name="[447] /home/travis/build/icyphy/ptII/ptolemy/actor/lib/test/auto/functionClosureTest2.xml (RunModel)" time="0.006" />
  <testcase classname="ptolemy.util.test.junit.AutoTests" name="[448] /home/travis/build/icyphy/ptII/ptolemy/actor/lib/test/auto/functionClosureTest3.xml (RunModel)" time="0.009" />
  <testcase classname="ptolemy.util.test.junit.AutoTests" name="[449] /home/travis/build/icyphy/ptII/ptolemy/actor/lib/test/auto/functionClosureTest4.xml (RunModel)" time="0.016" />
  <testcase classname="ptolemy.util.test.junit.AutoTests" name="[450] /home/travis/build/icyphy/ptII/ptolemy/actor/lib/test/auto/functionClosureTest5.xml (RunModel)" time="0.029" />
  <testcase classname="ptolemy.util.test.junit.AutoTests" name="[451] /home/travis/build/icyphy/ptII/ptolemy/actor/lib/test/auto/functionClosureTest6.xml (RunModel)" time="0.008" />
  <testcase classname="ptolemy.util.test.junit.AutoTests" name="[452] /home/travis/build/icyphy/ptII/ptolemy/actor/lib/test/auto/functionsOnArcs.xml (RunModel)" time="0.009" />
  <testcase classname="ptolemy.util.test.junit.AutoTests" name="[453] /home/travis/build/icyphy/ptII/ptolemy/actor/lib/test/auto/functionsOnArcsHOF.xml (RunModel)" time="0.011" />
  <testcase classname="ptolemy.util.test.junit.AutoTests" name="[454] /home/travis/build/icyphy/ptII/ptolemy/actor/lib/test/auto/logic.xml (RunModel)" time="0.016" />
  <testcase classname="ptolemy.util.test.junit.AutoTests" name="[455] /home/travis/build/icyphy/ptII/ptolemy/actor/lib/test/auto/matrixType.xml (RunModel)" time="0.008" />
  <testcase classname="ptolemy.util.test.junit.AutoTests" name="[456] /home/travis/build/icyphy/ptII/ptolemy/actor/lib/test/auto/matrixType10.xml (RunModel)" time="0.008" />
  <testcase classname="ptolemy.util.test.junit.AutoTests" name="[457] /home/travis/build/icyphy/ptII/ptolemy/actor/lib/test/auto/matrixType11.xml (RunModel)" time="0.008" />
  <testcase classname="ptolemy.util.test.junit.AutoTests" name="[458] /home/travis/build/icyphy/ptII/ptolemy/actor/lib/test/auto/matrixType12.xml (RunModel)" time="0.01" />
  <testcase classname="ptolemy.util.test.junit.AutoTests" name="[459] /home/travis/build/icyphy/ptII/ptolemy/actor/lib/test/auto/matrixType13.xml (RunModel)" time="0.008" />
  <testcase classname="ptolemy.util.test.junit.AutoTests" name="[460] /home/travis/build/icyphy/ptII/ptolemy/actor/lib/test/auto/matrixType14.xml (RunModel)" time="0.009" />
  <testcase classname="ptolemy.util.test.junit.AutoTests" name="[461] /home/travis/build/icyphy/ptII/ptolemy/actor/lib/test/auto/matrixType2.xml (RunModel)" time="0.009" />
  <testcase classname="ptolemy.util.test.junit.AutoTests" name="[462] /home/travis/build/icyphy/ptII/ptolemy/actor/lib/test/auto/matrixType3.xml (RunModel)" time="0.01" />
  <testcase classname="ptolemy.util.test.junit.AutoTests" name="[463] /home/travis/build/icyphy/ptII/ptolemy/actor/lib/test/auto/matrixType4.xml (RunModel)" time="0.007" />
  <testcase classname="ptolemy.util.test.junit.AutoTests" name="[464] /home/travis/build/icyphy/ptII/ptolemy/actor/lib/test/auto/matrixType5.xml (RunModel)" time="0.009" />
  <testcase classname="ptolemy.util.test.junit.AutoTests" name="[465] /home/travis/build/icyphy/ptII/ptolemy/actor/lib/test/auto/matrixType6.xml (RunModel)" time="0.008" />
  <testcase classname="ptolemy.util.test.junit.AutoTests" name="[466] /home/travis/build/icyphy/ptII/ptolemy/actor/lib/test/auto/matrixType7.xml (RunModel)" time="0.008" />
  <testcase classname="ptolemy.util.test.junit.AutoTests" name="[467] /home/travis/build/icyphy/ptII/ptolemy/actor/lib/test/auto/matrixType8.xml (RunModel)" time="0.009" />
  <testcase classname="ptolemy.util.test.junit.AutoTests" name="[468] /home/travis/build/icyphy/ptII/ptolemy/actor/lib/test/auto/matrixType9.xml (RunModel)" time="0.007" />
  <testcase classname="ptolemy.util.test.junit.AutoTests" name="[469] /home/travis/build/icyphy/ptII/ptolemy/actor/lib/test/auto/paraFunctest.xml (RunModel)" time="0.006" />
  <testcase classname="ptolemy.util.test.junit.AutoTests" name="[470] /home/travis/build/icyphy/ptII/ptolemy/actor/lib/test/auto/paraFunctest2.xml (RunModel)" time="0.012" />
  <testcase classname="ptolemy.util.test.junit.AutoTests" name="[471] /home/travis/build/icyphy/ptII/ptolemy/actor/lib/test/auto/parameterPassing.xml (RunModel)" time="0.009" />
  <testcase classname="ptolemy.util.test.junit.AutoTests" name="[472] /home/travis/build/icyphy/ptII/ptolemy/actor/lib/test/auto/record.xml (RunModel)" time="0.008" />
  <testcase classname="ptolemy.util.test.junit.AutoTests" name="[473] /home/travis/build/icyphy/ptII/ptolemy/actor/lib/test/auto/sizedarray1.xml (RunModel)" time="0.009" />
  <testcase classname="ptolemy.util.test.junit.AutoTests" name="[474] /home/travis/build/icyphy/ptII/ptolemy/actor/lib/test/auto/sizedarray2.xml (RunModel)" time="0.01" />
  <testcase classname="ptolemy.util.test.junit.AutoTests" name="[475] /home/travis/build/icyphy/ptII/ptolemy/actor/lib/test/auto/twoPublishers.xml (RunModel)" time="0.025" />
  <system-out><![CDATA[/home/travis/build/icyphy/ptII/ptolemy/actor/lib/test/AbsoluteValue.tcl
testDefs.tcl: setting time out to 9000 seconds at Thu Sep 19 05:48:45 UTC 2019
91 ms. Memory: 120832K Free: 85956K (71%)
5 ms. Memory: 120832K Free: 84411K (70%)
5 ms. Memory: 120832K Free: 83394K (69%)
4 ms. Memory: 120832K Free: 82884K (69%)
/home/travis/build/icyphy/ptII/ptolemy/actor/lib/test/AddSubtract.tcl
10 ms. Memory: 120832K Free: 80836K (67%)
6 ms. Memory: 120832K Free: 79812K (66%)
14 ms. Memory: 120832K Free: 79298K (66%)
15 ms. Memory: 120832K Free: 78259K (65%)
86 ms. Memory: 120832K Free: 75716K (63%)
7 ms. Memory: 120832K Free: 74692K (62%)
/home/travis/build/icyphy/ptII/ptolemy/actor/lib/test/Average.tcl
14 ms. Memory: 120832K Free: 73139K (61%)
7 ms. Memory: 120832K Free: 71620K (59%)
/home/travis/build/icyphy/ptII/ptolemy/actor/lib/test/Bernoulli.tcl
8 ms. Memory: 120832K Free: 70067K (58%)
2 ms. Memory: 120832K Free: 70067K (58%)
/home/travis/build/icyphy/ptII/ptolemy/actor/lib/test/Clock.tcl
preinitializing
resolving types
initializing
executing number 1
wrapping up
idle
28 ms. Memory: 120832K Free: 67010K (55%)
Completed execution with 5 iterations
preinitializing
resolving types
initializing
executing number 1
wrapping up
idle
4 ms. Memory: 120832K Free: 66500K (55%)
Completed execution with 5 iterations
preinitializing
resolving types
initializing
executing number 1
wrapping up
idle
4 ms. Memory: 120832K Free: 65986K (55%)
Completed execution with 5 iterations
/home/travis/build/icyphy/ptII/ptolemy/actor/lib/test/Commutator.tcl
12 ms. Memory: 120832K Free: 63923K (53%)
14 ms. Memory: 120832K Free: 62914K (52%)
16 ms. Memory: 120832K Free: 57284K (47%)
/home/travis/build/icyphy/ptII/ptolemy/actor/lib/test/Const.tcl
4 ms. Memory: 120832K Free: 55739K (46%)
9 ms. Memory: 120832K Free: 55236K (46%)
5 ms. Memory: 120832K Free: 54722K (45%)
2 ms. Memory: 120832K Free: 54212K (45%)
2 ms. Memory: 120832K Free: 53188K (44%)
36 ms. Memory: 120832K Free: 51650K (43%)
9 ms. Memory: 120832K Free: 50619K (42%)
6 ms. Memory: 120832K Free: 49587K (41%)
/home/travis/build/icyphy/ptII/ptolemy/actor/lib/test/CurrentTime.tcl
preinitializing
resolving types
initializing
executing number 1
wrapping up
idle
9 ms. Memory: 120832K Free: 48068K (40%)
Completed execution with 11 iterations
/home/travis/build/icyphy/ptII/ptolemy/actor/lib/test/DB.tcl
4 ms. Memory: 120832K Free: 46020K (38%)
30 ms. Memory: 120832K Free: 107249K (89%)
1 ms. Memory: 120832K Free: 106753K (88%)
/home/travis/build/icyphy/ptII/ptolemy/actor/lib/test/DiscreteRandomSource.tcl
preinitializing
resolving types
initializing
executing number 1
wrapping up
idle
11 ms. Memory: 120832K Free: 105729K (88%)
Completed execution with 4 iterations
preinitializing
resolving types
initializing
executing number 1
wrapping up
idle
3 ms. Memory: 120832K Free: 105215K (87%)
Completed execution with 4 iterations
preinitializing
resolving types
initializing
executing number 1
wrapping up
idle
2 ms. Memory: 120832K Free: 104705K (87%)
Completed execution with 4 iterations
preinitializing
resolving types
initializing
executing number 1
wrapping up
idle
3 ms. Memory: 120832K Free: 104191K (86%)
Completed execution with 4 iterations
preinitializing
resolving types
initializing
executing number 1
wrapping up
idle
4 ms. Memory: 120832K Free: 103681K (86%)
Completed execution with 4 iterations
/home/travis/build/icyphy/ptII/ptolemy/actor/lib/test/Distributor.tcl
28 ms. Memory: 120832K Free: 106416K (88%)
4 ms. Memory: 120832K Free: 105378K (87%)
StreamChangeRequest.changeExecuted(): <deleteEntity name="rec2"/> succeeded
StreamChangeRequest.changeExecuted(): <deleteRelation name="r2"/> succeeded
StreamChangeRequest.changeExecuted(): Record firings per iteration succeeded
13 ms. Memory: 120832K Free: 102905K (85%)
/home/travis/build/icyphy/ptII/ptolemy/actor/lib/test/Exit.tcl
Exit.tcl: this will print a message about Manager.exitAfterWrapup, which can be ignored.
4 ms. Memory: 120832K Free: 100244K (83%)
/home/travis/build/icyphy/ptII/ptolemy/actor/lib/test/Expression.tcl
20 ms. Memory: 120832K Free: 96563K (80%)
12 ms. Memory: 120832K Free: 95729K (79%)
8 ms. Memory: 120832K Free: 95122K (79%)
preinitializing
resolving types
initializing
executing number 1
wrapping up
idle
13 ms. Memory: 120832K Free: 93712K (78%)
Completed execution with 6 iterations
3 ms. Memory: 120832K Free: 92718K (77%)
3 ms. Memory: 120832K Free: 92050K (76%)
5 ms. Memory: 120832K Free: 91056K (75%)
5 ms. Memory: 120832K Free: 89625K (74%)
14 ms. Memory: 120832K Free: 88609K (73%)
/home/travis/build/icyphy/ptII/ptolemy/actor/lib/test/Gaussian.tcl
17 ms. Memory: 120832K Free: 106269K (88%)
sleeping 1 seconds: ....................................................................................................................................................................................................................................................................................................................................................................................................................................................................................................................................................................................................................................................................................................................................................................................................................................................................................................................................................................................................................................................................................................................................................................................................................................................................................................................................................................................................................................................................................................................................................................................................................................................................................................................................................................................................................................................................................................................................................................................................................................................................................................................................................................................................................................................................................................................................................................................................................................................................................................................................................................................................................................................................................................................................................................................................................................................................................................................................................................................................................................................................................................................................................................................................................................................................................................................................................................................................................................................................................................................................................................................................................................................................................................................................................................................................................................................................................................................................................................................................................................................................................................................................................................................................................................................................................................................................................................................................................................................................................................................................................................................................................................................................................................................................................................................................................................................................................................................................................................................................................................................................................................................................................................................................................................................................................................................................................................................................................................................................................................................................................2 ms. Memory: 120832K Free: 82701K (68%)
2 ms. Memory: 120832K Free: 82221K (68%)
2 ms. Memory: 120832K Free: 81693K (68%)
2 ms. Memory: 120832K Free: 81165K (67%)
1 ms. Memory: 120832K Free: 80173K (66%)
/home/travis/build/icyphy/ptII/ptolemy/actor/lib/test/IIR.tcl
/home/travis/build/icyphy/ptII/ptolemy/actor/lib/test/Interpolator.tcl
4 ms. Memory: 120832K Free: 76573K (63%)
3 ms. Memory: 120832K Free: 76077K (63%)
5 ms. Memory: 120832K Free: 75533K (63%)
1 ms. Memory: 120832K Free: 75053K (62%)
11 ms. Memory: 120832K Free: 74029K (61%)
2 ms. Memory: 120832K Free: 73515K (61%)
9 ms. Memory: 120832K Free: 105997K (88%)
6 ms. Memory: 120832K Free: 105067K (87%)
5 ms. Memory: 120832K Free: 104029K (86%)
4 ms. Memory: 120832K Free: 103019K (85%)
/home/travis/build/icyphy/ptII/ptolemy/actor/lib/test/MathFunction.tcl
6 ms. Memory: 120832K Free: 100971K (84%)
2 ms. Memory: 120832K Free: 99947K (83%)
5 ms. Memory: 120832K Free: 98482K (82%)
2 ms. Memory: 120832K Free: 97893K (81%)
3 ms. Memory: 120832K Free: 96365K (80%)
6 ms. Memory: 120832K Free: 94317K (78%)
/home/travis/build/icyphy/ptII/ptolemy/actor/lib/test/Maximum.tcl
10 ms. Memory: 120832K Free: 92765K (77%)
5 ms. Memory: 120832K Free: 91755K (76%)
6 ms. Memory: 120832K Free: 91245K (76%)
3 ms. Memory: 120832K Free: 90731K (75%)
/home/travis/build/icyphy/ptII/ptolemy/actor/lib/test/Minimum.tcl
7 ms. Memory: 120832K Free: 88683K (73%)
2 ms. Memory: 120832K Free: 88173K (73%)
2 ms. Memory: 120832K Free: 87659K (73%)
3 ms. Memory: 120832K Free: 86635K (72%)
/home/travis/build/icyphy/ptII/ptolemy/actor/lib/test/MultiplyDivide.tcl
9 ms. Memory: 120832K Free: 85101K (70%)
7 ms. Memory: 120832K Free: 84077K (70%)
3 ms. Memory: 120832K Free: 83563K (69%)
3 ms. Memory: 120832K Free: 82525K (68%)
2 ms. Memory: 120832K Free: 82029K (68%)
/home/travis/build/icyphy/ptII/ptolemy/actor/lib/test/OrderedMerge.tcl
Connections changed on port: inputA
Connections changed on port: inputB
Connections changed on port: output
Connections changed on port: output
Connections changed on port: output
Connections changed on port: input
.top. Preinitializing ...
Invoking preinitialize():  .top.OrderedMerge
Called preinitialize()
Invoking preinitialize():  .top.Ramp
Called preinitialize()
Invoking preinitialize():  .top.Ramp2
Called preinitialize()
Invoking preinitialize():  .top.Test
Called preinitialize()
Connections changed on port: inputA
Connections changed on port: output
Connections changed on port: output
Connections changed on port: input
Connections changed on port: inputB
Connections changed on port: output
.top. Finished preinitialize().
Called initialize().
Invoking initialize():  .top.OrderedMerge
Initializing actor: .top.OrderedMerge
Adding a thread: .top.OrderedMerge
Invoking initialize():  .top.Ramp
Initializing actor: .top.Ramp
Adding a thread: .top.Ramp
Invoking initialize():  .top.Ramp2
Initializing actor: .top.Ramp2
Adding a thread: .top.Ramp2
Invoking initialize():  .top.Test
Initializing actor: .top.Test
Adding a thread: .top.Test
Called fire().
Checking for deadlock:
-- Starting thread.
Called initialize()
Called prefire()
Called fire()
-- Starting thread.
Called initialize()
-- Starting thread.
Called initialize()
Called prefire()
Called prefire()
Called fire()
Called fire()
There are 0 Blocked actors, 0 Stopped actors, and 4 active threads.
-- Starting thread.
Called initialize()
Called prefire()
Called fire()
Waiting for actors to stop.
Called postfire()
Called prefire()
Called fire()
Called postfire()
Called prefire()
Called fire()
Read input token from inputA with value 0.0
Next port to read input from is inputB
Called postfire()
Called prefire()
Called fire()
Read input token from inputB with value 0.0
Sent output token with value 0.0
Next port to read input from is inputA
Called postfire()
Called prefire()
Called fire()
Checking for deadlock:
There are 1 Blocked actors, 0 Stopped actors, and 4 active threads.
Waiting for actors to stop.
Called postfire()
Called prefire()
Called fire()
Called postfire()
Called prefire()
Called fire()
-- Read input: 0.0, which is expected to match: 0.0
Called prefire()
Called fire()
Checking for deadlock:
There are 3 Blocked actors, 0 Stopped actors, and 4 active threads.
Waiting for actors to stop.
Called postfire()
Called prefire()
Called fire()
Read input token from inputA with value 1.0
Sent output token with value 0.0
Next port to read input from is inputB
Called postfire()
Called prefire()
Called fire()
Read input token from inputB with value 1.5
Checking for deadlock:
There are 2 Blocked actors, 0 Stopped actors, and 4 active threads.
Waiting for actors to stop.
Called postfire()
Called prefire()
Called fire()
-- Read input: 0.0, which is expected to match: 0.0
Called prefire()
Called fire()
Checking for deadlock:
There are 3 Blocked actors, 0 Stopped actors, and 4 active threads.
Waiting for actors to stop.
-- Read input: 1.0, which is expected to match: 1.0
Called prefire()
Called fire()
Sent output token with value 1.0
Next port to read input from is inputA
Called postfire()
Called prefire()
Called fire()
Read input token from inputA with value 2.0
Sent output token with value 1.5
Next port to read input from is inputB
Called postfire()
Called prefire()
Called fire()
Read input token from inputB with value 3.0
Checking for deadlock:
There are 1 Blocked actors, 0 Stopped actors, and 4 active threads.
Waiting for actors to stop.
-- Read input: 1.5, which is expected to match: 1.5
Called postfire()
Called prefire()
Called fire()
Called prefire()
Called fire()
Called postfire()
Called prefire()
Called fire()
Sent output token with value 2.0
Next port to read input from is inputA
Called postfire()
Called prefire()
Called fire()
Read input token from inputA with value 3.0
Checking for deadlock:
There are 2 Blocked actors, 0 Stopped actors, and 4 active threads.
Waiting for actors to stop.
Called postfire()
Called prefire()
Called fire()
-- Read input: 2.0, which is expected to match: 2.0
Called prefire()
Called fire()
Checking for deadlock:
There are 3 Blocked actors, 0 Stopped actors, and 4 active threads.
Waiting for actors to stop.
-- Read input: 3.0, which is expected to match: 3.0
Called prefire()
Called fire()
Checking for deadlock:
There are 3 Blocked actors, 0 Stopped actors, and 4 active threads.
Waiting for actors to stop.
Sent output token with value 3.0
Next port to read input from is inputB
Called postfire()
Called prefire()
Called fire()
Called postfire()
Called prefire()
Called fire()
Checking for deadlock:
There are 3 Blocked actors, 0 Stopped actors, and 4 active threads.
Waiting for actors to stop.
Read input token from inputB with value 4.5
-- Read input: 3.0, which is expected to match: 3.0
Called prefire()
Called fire()
Checking for deadlock:
There are 3 Blocked actors, 0 Stopped actors, and 4 active threads.
Waiting for actors to stop.
Sent output token with value 3.0
Next port to read input from is inputA
Called postfire()
Called prefire()
Called fire()
Called postfire()
Called prefire()
Called fire()
Checking for deadlock:
There are 3 Blocked actors, 0 Stopped actors, and 4 active threads.
Waiting for actors to stop.
Read input token from inputA with value 4.0
-- Read input: 4.0, which is expected to match: 4.0
Called prefire()
Called fire()
Past the end of training data. Read and discard all inputs.
Checking for deadlock:
There are 3 Blocked actors, 0 Stopped actors, and 4 active threads.
Waiting for actors to stop.
Sent output token with value 4.0
Next port to read input from is inputA
Called postfire()
Called prefire()
Called fire()
Read input token from inputA with value 5.0
Called postfire()
Sent output token with value 4.5
Called prefire()
Called fire()
Next port to read input from is inputB
Called postfire()
Checking for deadlock:
Called prefire()
Called fire()
There are 2 Blocked actors, 0 Stopped actors, and 4 active threads.
Waiting for actors to stop.
Called postfire()
Called prefire()
Called prefire()
Called fire()
Checking for deadlock:
There are 1 Blocked actors, 0 Stopped actors, and 4 active threads.
Waiting for actors to stop.
Checking for deadlock:
Read input token from inputB with value 6.0
Called fire()
Past the end of training data. Read and discard all inputs.
There are 2 Blocked actors, 0 Stopped actors, and 4 active threads.
Waiting for actors to stop.
Checking for deadlock:
Called prefire()
There are 2 Blocked actors, 0 Stopped actors, and 4 active threads.
Called fire()
Waiting for actors to stop.
Past the end of training data. Read and discard all inputs.
Checking for deadlock:
There are 3 Blocked actors, 0 Stopped actors, and 4 active threads.
Waiting for actors to stop.
Sent output token with value 5.0
Next port to read input from is inputA
Called postfire()
Called prefire()
Called fire()
Checking for deadlock:
Read input token from inputA with value 6.0
There are 2 Blocked actors, 0 Stopped actors, and 4 active threads.
Waiting for actors to stop.
Sent output token with value 6.0
Called postfire()
Called prefire()
Called fire()
Next port to read input from is inputB
Called postfire()
Called prefire()
Checking for deadlock:
There are 2 Blocked actors, 0 Stopped actors, and 4 active threads.
Waiting for actors to stop.
Called prefire()
Called fire()
Past the end of training data. Read and discard all inputs.
Checking for deadlock:
There are 3 Blocked actors, 0 Stopped actors, and 4 active threads.
Waiting for actors to stop.
Called fire()
Checking for deadlock:
Read input token from inputB with value 7.5
There are 2 Blocked actors, 0 Stopped actors, and 4 active threads.
Waiting for actors to stop.
Checking for deadlock:
Called postfire()
There are 1 Blocked actors, 0 Stopped actors, and 4 active threads.
Called prefire()
Waiting for actors to stop.
Called fire()
Checking for deadlock:
Called prefire()
Called fire()
There are 2 Blocked actors, 0 Stopped actors, and 4 active threads.
Past the end of training data. Read and discard all inputs.
Waiting for actors to stop.
Checking for deadlock:
Sent output token with value 6.0
There are 3 Blocked actors, 0 Stopped actors, and 4 active threads.
Waiting for actors to stop.
Next port to read input from is inputA
Called postfire()
Called prefire()
Called fire()
Checking for deadlock:
There are 2 Blocked actors, 0 Stopped actors, and 4 active threads.
Waiting for actors to stop.
Read input token from inputA with value 7.0
Called postfire()
Called prefire()
Called fire()
Called prefire()
Called fire()
Past the end of training data. Read and discard all inputs.
Checking for deadlock:
There are 3 Blocked actors, 0 Stopped actors, and 4 active threads.
Waiting for actors to stop.
Sent output token with value 7.0
Next port to read input from is inputA
Called postfire()
Called prefire()
Called fire()
-- Thread wrapup() called.
Called wrapup()
Thread .top.Ramp is exiting.
-- Thread stopped.
Read input token from inputA with value 8.0
Sent output token with value 7.5
Next port to read input from is inputB
Called postfire()
Called prefire()
Called fire()
Read input token from inputB with value 9.0
Checking for deadlock:
There are 1 Blocked actors, 0 Stopped actors, and 3 active threads.
Waiting for actors to stop.
Called postfire()
Called prefire()
Called fire()
Called prefire()
Called fire()
Past the end of training data. Read and discard all inputs.
Checking for deadlock:
There are 2 Blocked actors, 0 Stopped actors, and 3 active threads.
Waiting for actors to stop.
Called prefire()
Called fire()
Past the end of training data. Read and discard all inputs.
Checking for deadlock:
There are 2 Blocked actors, 0 Stopped actors, and 3 active threads.
Waiting for actors to stop.
Sent output token with value 8.0
Next port to read input from is inputA
Called postfire()
Called prefire()
Called fire()
Read input token from inputA with value 9.0
Checking for deadlock:
Called prefire()
Called fire()
There are 1 Blocked actors, 0 Stopped actors, and 3 active threads.
Past the end of training data. Read and discard all inputs.
Waiting for actors to stop.
Checking for deadlock:
Sent output token with value 9.0
There are 2 Blocked actors, 0 Stopped actors, and 3 active threads.
Waiting for actors to stop.
Next port to read input from is inputB
Called postfire()
Called prefire()
Called fire()
Checking for deadlock:
There are 1 Blocked actors, 0 Stopped actors, and 3 active threads.
Waiting for actors to stop.
Called postfire()
Called prefire()
Called fire()
Checking for deadlock:
Read input token from inputB with value 10.5
There are 2 Blocked actors, 0 Stopped actors, and 3 active threads.
Waiting for actors to stop.
Checking for deadlock:
There are 1 Blocked actors, 0 Stopped actors, and 3 active threads.
Waiting for actors to stop.
Sent output token with value 9.0
Called prefire()
Called fire()
Past the end of training data. Read and discard all inputs.
Checking for deadlock:
There are 2 Blocked actors, 0 Stopped actors, and 3 active threads.
Waiting for actors to stop.
Next port to read input from is inputA
Called postfire()
Called prefire()
Called fire()
Checking for deadlock:
There are 3 Blocked actors, 0 Stopped actors, and 3 active threads.
Actors have stopped.
Checking for deadlock:
There are 3 Blocked actors, 0 Stopped actors, and 3 active threads.
Deadlock detected.
Resolving Deadlock
Checking for deadlock:
There are 3 Blocked actors, 0 Stopped actors, and 3 active threads.
Artificial Deadlock - increasing queue capacity.
increasing the capacity of receiver ptolemy.actor.TypedIOPort {.top.OrderedMerge.inputB} to 2
Director: Called postfire().
Called postfire().
-- Thread wrapup() called.
Called wrapup()
_stopRequested = false
_stopFireRequested = false
Returning from postfire(): true
Thread .top.Ramp2 is exiting.
-- Thread stopped.
Called fire().
Checking for deadlock:
There are 2 Blocked actors, 0 Stopped actors, and 2 active threads.
Actors have stopped.
Checking for deadlock:
There are 2 Blocked actors, 0 Stopped actors, and 2 active threads.
Deadlock detected.
Resolving Deadlock
Checking for deadlock:
There are 2 Blocked actors, 0 Stopped actors, and 2 active threads.
Deadlock detected: no processes blocked on write, but some are blocked on read.
Called postfire().
_stopRequested = false
_stopFireRequested = false
Returning from postfire(): false
Finished deactivating branches.
Called wrapup().
-- Thread wrapup() called.
-- Thread wrapup() called.
Called wrapup()
Called wrapup()
Thread .top.OrderedMerge is exiting.
-- Thread stopped.
Thread .top.Test is exiting.
-- Blocked Receiver call threw TerminateProcessException.
64 ms. Memory: 120832K Free: 77419K (64%)
.top. Preinitializing ...
Invoking preinitialize():  .top.OrderedMerge
Called preinitialize()
Invoking preinitialize():  .top.Ramp
Called preinitialize()
Invoking preinitialize():  .top.Ramp2
Called preinitialize()
Invoking preinitialize():  .top.Test
Called preinitialize()
.top. Finished preinitialize().
Called initialize().
Invoking initialize():  .top.OrderedMerge
Initializing actor: .top.OrderedMerge
Adding a thread: .top.OrderedMerge
Invoking initialize():  .top.Ramp
Initializing actor: .top.Ramp
Adding a thread: .top.Ramp
Invoking initialize():  .top.Ramp2
Initializing actor: .top.Ramp2
Adding a thread: .top.Ramp2
Invoking initialize():  .top.Test
Initializing actor: .top.Test
Adding a thread: .top.Test
-- Thread stopped.
-- Blocked Receiver call threw TerminateProcessException.
-- Starting thread.
Called initialize()
Called prefire()
Called fire()
-- Starting thread.
Called initialize()
Called prefire()
Called fire()
Called postfire()
Called prefire()
Called fire()
-- Starting thread.
Called initialize()
Called prefire()
Called fire()
Called postfire()
Called prefire()
Called fire()
Called fire().
Checking for deadlock:
There are 3 Blocked actors, 0 Stopped actors, and 4 active threads.
Waiting for actors to stop.
-- Starting thread.
Called initialize()
Called prefire()
Called fire()
Checking for deadlock:
There are 2 Blocked actors, 0 Stopped actors, and 4 active threads.
Waiting for actors to stop.
Read input token from inputA with value 0.0
Called postfire()
Next port to read input from is inputB
Called postfire()
Called prefire()
Called fire()
Called prefire()
Called fire()
Checking for deadlock:
There are 1 Blocked actors, 0 Stopped actors, and 4 active threads.
Waiting for actors to stop.
Read input token from inputB with value 0.0
Checking for deadlock:
There are 2 Blocked actors, 0 Stopped actors, and 4 active threads.
Waiting for actors to stop.
Called postfire()
Sent output token with value 0.0
Checking for deadlock:
Called prefire()
There are 1 Blocked actors, 0 Stopped actors, and 4 active threads.
Waiting for actors to stop.
-- Read input: 0.0, which is expected to match: 0.0
Called prefire()
Called fire()
Checking for deadlock:
There are 2 Blocked actors, 0 Stopped actors, and 4 active threads.
Waiting for actors to stop.
Called fire()
Next port to read input from is inputA
Checking for deadlock:
There are 3 Blocked actors, 0 Stopped actors, and 4 active threads.
Waiting for actors to stop.
Called postfire()
Called prefire()
Called fire()
Checking for deadlock:
There are 2 Blocked actors, 0 Stopped actors, and 4 active threads.
Waiting for actors to stop.
Read input token from inputA with value 1.0
Called postfire()
Called prefire()
Called fire()
Checking for deadlock:
There are 2 Blocked actors, 0 Stopped actors, and 4 active threads.
Waiting for actors to stop.
-- Read input: 0.0, which is expected to match: 0.0
Called prefire()
Called fire()
Checking for deadlock:
There are 3 Blocked actors, 0 Stopped actors, and 4 active threads.
Waiting for actors to stop.
Sent output token with value 0.0
Next port to read input from is inputB
Called postfire()
Called prefire()
Called fire()
Checking for deadlock:
There are 2 Blocked actors, 0 Stopped actors, and 4 active threads.
Waiting for actors to stop.
Called postfire()
Read input token from inputB with value 1.5
Called prefire()
Called fire()
-- Read input: 1.0, which is expected to match: 1.0
Called prefire()
Called fire()
Checking for deadlock:
There are 2 Blocked actors, 0 Stopped actors, and 4 active threads.
Waiting for actors to stop.
Sent output token with value 1.0
Checking for deadlock:
There are 3 Blocked actors, 0 Stopped actors, and 4 active threads.
Waiting for actors to stop.
Next port to read input from is inputA
Called postfire()
Called prefire()
Called fire()
Checking for deadlock:
There are 2 Blocked actors, 0 Stopped actors, and 4 active threads.
Waiting for actors to stop.
Read input token from inputA with value 2.0
Called postfire()
Called prefire()
Called fire()
Sent output token with value 1.5
Checking for deadlock:
There are 2 Blocked actors, 0 Stopped actors, and 4 active threads.
Waiting for actors to stop.
-- Read input: 1.5, which is expected to match: 1.5
Called prefire()
Called fire()
Checking for deadlock:
There are 3 Blocked actors, 0 Stopped actors, and 4 active threads.
Waiting for actors to stop.
Next port to read input from is inputB
Called postfire()
Called prefire()
Called fire()
Called postfire()
Read input token from inputB with value 3.0
Checking for deadlock:
Called prefire()
There are 2 Blocked actors, 0 Stopped actors, and 4 active threads.
Called fire()
Waiting for actors to stop.
Checking for deadlock:
There are 3 Blocked actors, 0 Stopped actors, and 4 active threads.
Waiting for actors to stop.
Checking for deadlock:
There are 2 Blocked actors, 0 Stopped actors, and 4 active threads.
Waiting for actors to stop.
-- Read input: 2.0, which is expected to match: 2.0
Called prefire()
Called fire()
Checking for deadlock:
There are 3 Blocked actors, 0 Stopped actors, and 4 active threads.
Waiting for actors to stop.
Sent output token with value 2.0
Next port to read input from is inputA
Called postfire()
Called prefire()
Called fire()
Checking for deadlock:
There are 2 Blocked actors, 0 Stopped actors, and 4 active threads.
Waiting for actors to stop.
Called postfire()
Read input token from inputA with value 3.0
Called prefire()
Called fire()
Sent output token with value 3.0
Checking for deadlock:
There are 2 Blocked actors, 0 Stopped actors, and 4 active threads.
Waiting for actors to stop.
-- Read input: 3.0, which is expected to match: 3.0
Called prefire()
Called fire()
Checking for deadlock:
There are 3 Blocked actors, 0 Stopped actors, and 4 active threads.
Waiting for actors to stop.
Next port to read input from is inputB
Called postfire()
Called prefire()
Called fire()
Checking for deadlock:
There are 2 Blocked actors, 0 Stopped actors, and 4 active threads.
Waiting for actors to stop.
Called postfire()
Called prefire()
Called fire()
Checking for deadlock:
There are 3 Blocked actors, 0 Stopped actors, and 4 active threads.
Waiting for actors to stop.
Read input token from inputB with value 4.5
Checking for deadlock:
There are 2 Blocked actors, 0 Stopped actors, and 4 active threads.
Waiting for actors to stop.
-- Read input: 3.0, which is expected to match: 3.0
Called prefire()
Called fire()
Checking for deadlock:
There are 3 Blocked actors, 0 Stopped actors, and 4 active threads.
Waiting for actors to stop.
Sent output token with value 3.0
Next port to read input from is inputA
Called postfire()
Called prefire()
Called fire()
Checking for deadlock:
There are 2 Blocked actors, 0 Stopped actors, and 4 active threads.
Waiting for actors to stop.
Read input token from inputA with value 4.0
Called postfire()
Called prefire()
Called fire()
-- Read input: 4.0, which is expected to match: 4.0
Called prefire()
Called fire()
Past the end of training data. Read and discard all inputs.
Checking for deadlock:
There are 3 Blocked actors, 0 Stopped actors, and 4 active threads.
Waiting for actors to stop.
Sent output token with value 4.0
Next port to read input from is inputA
Called postfire()
Called prefire()
Called fire()
Called postfire()
Read input token from inputA with value 5.0
Called prefire()
Called fire()
Sent output token with value 4.5
Next port to read input from is inputB
Called postfire()
Called prefire()
Called fire()
Checking for deadlock:
There are 2 Blocked actors, 0 Stopped actors, and 4 active threads.
Waiting for actors to stop.
Called prefire()
Called postfire()
Checking for deadlock:
There are 1 Blocked actors, 0 Stopped actors, and 4 active threads.
Waiting for actors to stop.
Called fire()
Called prefire()
Past the end of training data. Read and discard all inputs.
Called fire()
Checking for deadlock:
There are 2 Blocked actors, 0 Stopped actors, and 4 active threads.
Waiting for actors to stop.
Checking for deadlock:
There are 3 Blocked actors, 0 Stopped actors, and 4 active threads.
Waiting for actors to stop.
Read input token from inputB with value 6.0
Called prefire()
Called fire()
Past the end of training data. Read and discard all inputs.
Checking for deadlock:
There are 3 Blocked actors, 0 Stopped actors, and 4 active threads.
Waiting for actors to stop.
Sent output token with value 5.0
Next port to read input from is inputA
Called postfire()
Called prefire()
Called fire()
Checking for deadlock:
There are 2 Blocked actors, 0 Stopped actors, and 4 active threads.
Waiting for actors to stop.
Called postfire()
Read input token from inputA with value 6.0
Called prefire()
Called fire()
Called prefire()
Called fire()
Past the end of training data. Read and discard all inputs.
Checking for deadlock:
There are 3 Blocked actors, 0 Stopped actors, and 4 active threads.
Waiting for actors to stop.
Sent output token with value 6.0
Next port to read input from is inputB
Called postfire()
Called prefire()
Called fire()
Checking for deadlock:
There are 2 Blocked actors, 0 Stopped actors, and 4 active threads.
Waiting for actors to stop.
Called postfire()
Called prefire()
Called fire()
Checking for deadlock:
There are 3 Blocked actors, 0 Stopped actors, and 4 active threads.
Waiting for actors to stop.
Read input token from inputB with value 7.5
Checking for deadlock:
There are 2 Blocked actors, 0 Stopped actors, and 4 active threads.
Waiting for actors to stop.
Called prefire()
Called fire()
Past the end of training data. Read and discard all inputs.
Sent output token with value 6.0
Checking for deadlock:
There are 3 Blocked actors, 0 Stopped actors, and 4 active threads.
Waiting for actors to stop.
Next port to read input from is inputA
Called postfire()
Called prefire()
Called fire()
Checking for deadlock:
There are 2 Blocked actors, 0 Stopped actors, and 4 active threads.
Waiting for actors to stop.
Read input token from inputA with value 7.0
Called postfire()
Called prefire()
Called fire()
Called prefire()
Called fire()
Past the end of training data. Read and discard all inputs.
Checking for deadlock:
There are 3 Blocked actors, 0 Stopped actors, and 4 active threads.
Waiting for actors to stop.
Sent output token with value 7.0
Next port to read input from is inputA
Called postfire()
Called prefire()
Called fire()
-- Thread wrapup() called.
Called wrapup()
Thread .top.Ramp is exiting.
-- Thread stopped.
Checking for deadlock:
There are 2 Blocked actors, 0 Stopped actors, and 3 active threads.
Waiting for actors to stop.
Read input token from inputA with value 8.0
Checking for deadlock:
There are 1 Blocked actors, 0 Stopped actors, and 3 active threads.
Waiting for actors to stop.
Called prefire()
Called fire()
Past the end of training data. Read and discard all inputs.
Checking for deadlock:
There are 2 Blocked actors, 0 Stopped actors, and 3 active threads.
Waiting for actors to stop.
Sent output token with value 7.5
Next port to read input from is inputB
Called postfire()
Called prefire()
Called fire()
Checking for deadlock:
There are 1 Blocked actors, 0 Stopped actors, and 3 active threads.
Waiting for actors to stop.
Called postfire()
Read input token from inputB with value 9.0
Called prefire()
Called fire()
Called prefire()
Called fire()
Past the end of training data. Read and discard all inputs.
Checking for deadlock:
There are 2 Blocked actors, 0 Stopped actors, and 3 active threads.
Waiting for actors to stop.
Sent output token with value 8.0
Next port to read input from is inputA
Called postfire()
Called prefire()
Called fire()
Read input token from inputA with value 9.0
Called prefire()
Called fire()
Checking for deadlock:
Past the end of training data. Read and discard all inputs.
There are 1 Blocked actors, 0 Stopped actors, and 3 active threads.
Waiting for actors to stop.
Sent output token with value 9.0
Checking for deadlock:
There are 2 Blocked actors, 0 Stopped actors, and 3 active threads.
Waiting for actors to stop.
Next port to read input from is inputB
Called postfire()
Called prefire()
Called fire()
Checking for deadlock:
There are 1 Blocked actors, 0 Stopped actors, and 3 active threads.
Waiting for actors to stop.
Called postfire()
Called prefire()
Read input token from inputB with value 10.5
Called fire()
Called prefire()
Called fire()
Checking for deadlock:
Past the end of training data. Read and discard all inputs.
There are 1 Blocked actors, 0 Stopped actors, and 3 active threads.
Waiting for actors to stop.
Sent output token with value 9.0
Checking for deadlock:
There are 2 Blocked actors, 0 Stopped actors, and 3 active threads.
Waiting for actors to stop.
Next port to read input from is inputA
Called postfire()
Called prefire()
Called fire()
Checking for deadlock:
There are 3 Blocked actors, 0 Stopped actors, and 3 active threads.
Actors have stopped.
Checking for deadlock:
There are 3 Blocked actors, 0 Stopped actors, and 3 active threads.
Deadlock detected.
Resolving Deadlock
Checking for deadlock:
There are 3 Blocked actors, 0 Stopped actors, and 3 active threads.
Artificial Deadlock - increasing queue capacity.
increasing the capacity of receiver ptolemy.actor.TypedIOPort {.top.OrderedMerge.inputB} to 2
Director: Called postfire().
Called postfire().
_stopRequested = false
_stopFireRequested = false
Returning from postfire(): true
Called fire().
Checking for deadlock:
-- Thread wrapup() called.
There are 2 Blocked actors, 0 Stopped actors, and 3 active threads.
Called wrapup()
Waiting for actors to stop.
Thread .top.Ramp2 is exiting.
-- Thread stopped.
Checking for deadlock:
There are 2 Blocked actors, 0 Stopped actors, and 2 active threads.
Actors have stopped.
Checking for deadlock:
There are 2 Blocked actors, 0 Stopped actors, and 2 active threads.
Deadlock detected.
Resolving Deadlock
Checking for deadlock:
There are 2 Blocked actors, 0 Stopped actors, and 2 active threads.
Deadlock detected: no processes blocked on write, but some are blocked on read.
Called postfire().
_stopRequested = false
_stopFireRequested = false
Returning from postfire(): false
Finished deactivating branches.
Called wrapup().
-- Thread wrapup() called.
Called wrapup()
Thread .top.Test is exiting.
-- Thread stopped.
-- Blocked Receiver call threw TerminateProcessException.
-- Thread wrapup() called.
Called wrapup()
Thread .top.OrderedMerge is exiting.
-- Thread stopped.
-- Blocked Receiver call threw TerminateProcessException.
35 ms. Memory: 120832K Free: 75885K (63%)
/home/travis/build/icyphy/ptII/ptolemy/actor/lib/test/Publisher.tcl
18 ms. Memory: 120832K Free: 69741K (58%)
4 ms. Memory: 120832K Free: 64101K (53%)
6 ms. Memory: 120832K Free: 103386K (86%)
9 ms. Memory: 120832K Free: 102362K (85%)
5 ms. Memory: 120832K Free: 101834K (84%)
14 ms. Memory: 120832K Free: 100824K (83%)
3 ms. Memory: 120832K Free: 99786K (83%)
5 ms. Memory: 120832K Free: 99290K (82%)
20 ms. Memory: 120832K Free: 95255K (79%)
5 ms. Memory: 120832K Free: 91669K (76%)
3 ms. Memory: 120832K Free: 91159K (75%)
4 ms. Memory: 120832K Free: 88597K (73%)
14 ms. Memory: 120832K Free: 80919K (67%)
6 ms. Memory: 120832K Free: 71703K (59%)
18 ms. Memory: 120832K Free: 60439K (50%)
/home/travis/build/icyphy/ptII/ptolemy/actor/lib/test/Pulse.tcl
2 ms. Memory: 150528K Free: 108776K (72%)
1 ms. Memory: 150528K Free: 108248K (72%)
1 ms. Memory: 150528K Free: 107752K (72%)
2 ms. Memory: 150528K Free: 107208K (71%)
1 ms. Memory: 150528K Free: 106728K (71%)
5 ms. Memory: 150528K Free: 105704K (70%)
3 ms. Memory: 150528K Free: 104680K (70%)
1 ms. Memory: 150528K Free: 103656K (69%)
2 ms. Memory: 150528K Free: 103112K (69%)
/home/travis/build/icyphy/ptII/ptolemy/actor/lib/test/Ramp.tcl
2 ms. Memory: 150528K Free: 101094K (67%)
2 ms. Memory: 150528K Free: 100584K (67%)
1 ms. Memory: 150528K Free: 99560K (66%)
1 ms. Memory: 150528K Free: 99032K (66%)
4 ms. Memory: 150528K Free: 98008K (65%)
4 ms. Memory: 150528K Free: 97512K (65%)
5 ms. Memory: 150528K Free: 96488K (64%)
5 actors
7000 microseconds per iteration to create
5 ms. Memory: 150528K Free: 93912K (62%)
2 ms. Memory: 150528K Free: 92902K (62%)
2 ms. Memory: 150528K Free: 92392K (61%)
2 ms. Memory: 150528K Free: 91848K (61%)
50 actors
36000 microseconds per iteration to create
32 ms. Memory: 150528K Free: 76008K (50%)
17 ms. Memory: 150528K Free: 74984K (50%)
11 ms. Memory: 150528K Free: 73960K (49%)
15 ms. Memory: 150528K Free: 72936K (48%)
500 actors
1498000 microseconds per iteration to create
250 ms. Memory: 150528K Free: 60620K (40%)
67 ms. Memory: 150528K Free: 54986K (37%)
52 ms. Memory: 150528K Free: 49851K (33%)
55 ms. Memory: 150528K Free: 124420K (83%)
/home/travis/build/icyphy/ptII/ptolemy/actor/lib/test/RampContinuous.tcl
10 ms. Memory: 150528K Free: 122884K (82%)
/home/travis/build/icyphy/ptII/ptolemy/actor/lib/test/RecordAssembler.tcl
6 ms. Memory: 150528K Free: 121334K (81%)
4 ms. Memory: 150528K Free: 120318K (80%)
/home/travis/build/icyphy/ptII/ptolemy/actor/lib/test/RecordDisassembler.tcl
13 ms. Memory: 150528K Free: 118790K (79%)
6 ms. Memory: 150528K Free: 117766K (78%)
4 ms. Memory: 150528K Free: 116742K (78%)
/home/travis/build/icyphy/ptII/ptolemy/actor/lib/test/Scale.tcl
3 ms. Memory: 150528K Free: 114694K (76%)
2 ms. Memory: 150528K Free: 114166K (76%)
2 ms. Memory: 150528K Free: 113142K (75%)
3 ms. Memory: 150528K Free: 112646K (75%)
5 ms. Memory: 150528K Free: 111622K (74%)
/home/travis/build/icyphy/ptII/ptolemy/actor/lib/test/SequentialClock.tcl
preinitializing
resolving types
initializing
executing number 1
wrapping up
idle
3 ms. Memory: 150528K Free: 110598K (73%)
Completed execution with 5 iterations
preinitializing
resolving types
initializing
executing number 1
wrapping up
idle
1 ms. Memory: 150528K Free: 109574K (73%)
Completed execution with 5 iterations
preinitializing
resolving types
initializing
executing number 1
wrapping up
idle
1 ms. Memory: 150528K Free: 109574K (73%)
Completed execution with 5 iterations
/home/travis/build/icyphy/ptII/ptolemy/actor/lib/test/SetVariable.tcl
4 ms. Memory: 150528K Free: 107526K (71%)


==== $PTII/ptolemy/actor/lib/test/SetVariable.tcl: SetVariable-3.1 changeFailed
==== Contents of test case:

    #Uses 2.1 above
    jdkCaptureErr {
        # This test was failing if we ran Exit.tcl and then this test.
        # MessageHandler.error() now actually throws the Exception.
	catch {$setVariable changeFailed [java::null]  [java::new Exception {Test exception for SetVariable.changeFailed()}]} errMsg
    } results
    list [string range $results 0 89] "\n" $errMsg

==== Result was:
{java.lang.Exception: Test exception for SetVariable.changeFailed()
	at java.base/jdk.inter} {
} {java.lang.RuntimeException: java.lang.Exception: Test exception for SetVariable.changeFailed()}
---- Result should have been:
{Failed to set variable.
java.lang.Exception: Test exception for SetVariable.changeFailed()} {
} {java.lang.RuntimeException: java.lang.Exception: Test exception for SetVariable.changeFailed()}
---- SetVariable-3.1 FAILED
/home/travis/build/icyphy/ptII/ptolemy/actor/lib/test/Sinewave.tcl
/home/travis/build/icyphy/ptII/ptolemy/actor/lib/test/SubscriptionAggregator.tcl
4 ms. Memory: 150528K Free: 95238K (63%)
3 ms. Memory: 150528K Free: 94718K (63%)
1 ms. Memory: 150528K Free: 94214K (63%)
1 ms. Memory: 150528K Free: 93700K (62%)
2 ms. Memory: 150528K Free: 90628K (60%)
8 ms. Memory: 150528K Free: 88070K (59%)
...............................................................1200 ms. Memory: 300032K Free: 184073K (61%)
/home/travis/build/icyphy/ptII/ptolemy/actor/lib/test/Test.tcl
 The next command will produce a warning about training mode,
   which may be ignored.
23 ms. Memory: 300032K Free: 182001K (61%)
4 ms. Memory: 300032K Free: 181521K (61%)
7 ms. Memory: 300032K Free: 180993K (60%)
2 ms. Memory: 300032K Free: 179983K (60%)
1 ms. Memory: 300032K Free: 179473K (60%)
4 ms. Memory: 300032K Free: 178449K (59%)
5 ms. Memory: 300032K Free: 176897K (59%)
 The next command will produce a warning about training mode,
   which may be ignored.
4 ms. Memory: 300032K Free: 174849K (58%)
 The next command will produce a warning about training mode,
   which may be ignored.
5 ms. Memory: 300032K Free: 173329K (58%)
2 ms. Memory: 300032K Free: 172815K (58%)
2 ms. Memory: 300032K Free: 172815K (58%)
2 ms. Memory: 300032K Free: 171791K (57%)
7 ms. Memory: 300032K Free: 171281K (57%)
3 ms. Memory: 300032K Free: 167185K (56%)
/home/travis/build/icyphy/ptII/ptolemy/actor/lib/test/TestExceptionHandler.tcl
 The next command will produce a warning about training mode,
   which may be ignored.
3 ms. Memory: 300032K Free: 166161K (55%)
1 ms. Memory: 300032K Free: 165647K (55%)
1 ms. Memory: 300032K Free: 164593K (55%)
/home/travis/build/icyphy/ptII/ptolemy/actor/lib/test/UnionDisassembler.tcl
16 ms. Memory: 300032K Free: 157455K (52%)
/home/travis/build/icyphy/ptII/ptolemy/actor/lib/test/VariableClock.tcl
preinitializing
resolving types
initializing
executing number 1
wrapping up
idle
4 ms. Memory: 300032K Free: 155921K (52%)
Completed execution with 11 iterations
preinitializing
resolving types
initializing
executing number 1
wrapping up
idle
4 ms. Memory: 300032K Free: 154377K (51%)
Completed execution with 10 iterations
09/19/19 05:48:53
Failed: 1  Total Tests: 234  ((Passed: 233, Newly Passed: 0)  Known Failed: 0) /home/travis/build/icyphy/ptII/ptolemy/actor/lib/test
----------------- testing (KnownFailure) /home/travis/build/icyphy/ptII/ptolemy/actor/lib/test/auto/knownFailedTests/PublisherPortToplevelSubscriber.xml
0 ms. Memory: 300032K Free: 150801K (50%)
Known Failure: java.lang.reflect.InvocationTargetException
----------------- testing (KnownFailure) /home/travis/build/icyphy/ptII/ptolemy/actor/lib/test/auto/knownFailedTests/PublisherSubscriberPortToplevel.xml
0 ms. Memory: 300032K Free: 147215K (49%)
Known Failure: java.lang.reflect.InvocationTargetException
----------------- testing (KnownFailure) /home/travis/build/icyphy/ptII/ptolemy/actor/lib/test/auto/knownFailedTests/PublisherSubscriptionAggregatorPort.xml
0 ms. Memory: 300032K Free: 143119K (48%)
Known Failure: java.lang.reflect.InvocationTargetException
----------------- testing (KnownFailure) /home/travis/build/icyphy/ptII/ptolemy/actor/lib/test/auto/knownFailedTests/sizedarray3.xml
4 ms. Memory: 300032K Free: 138513K (46%)
Known Failure: java.lang.reflect.InvocationTargetException
No auto/linux-amd64/*.xml tests in /home/travis/build/icyphy/ptII/ptolemy/actor/lib/test
AutoTests.java: About to close Vertx.
AutoTests.java: Vertx closed.

===========================================================================================
----------------- testing Thu Sep 19 05:48:53 UTC 2019 /home/travis/build/icyphy/ptII/ptolemy/actor/lib/test/auto/AbsoluteValue.xml
----------------- Instantiating /home/travis/build/icyphy/ptII/ptolemy/actor/lib/test/auto/AbsoluteValue.xml
3 ms. Memory: 300032K Free: 115985K (39%)
----------------- Invoking toplevel() on ptolemy.moml.MoMLSimpleApplication@a8bd4f8
----------------- Done invoking toplevel() on ptolemy.moml.MoMLSimpleApplication@a8bd4f8
reloadAllAccessors: .AbsoluteValue

===========================================================================================
----------------- testing Thu Sep 19 05:48:53 UTC 2019 /home/travis/build/icyphy/ptII/ptolemy/actor/lib/test/auto/AbsoluteValue2.xml
----------------- Instantiating /home/travis/build/icyphy/ptII/ptolemy/actor/lib/test/auto/AbsoluteValue2.xml
5 ms. Memory: 300032K Free: 108817K (36%)
----------------- Invoking toplevel() on ptolemy.moml.MoMLSimpleApplication@6a4dddc2
----------------- Done invoking toplevel() on ptolemy.moml.MoMLSimpleApplication@6a4dddc2
reloadAllAccessors: .AbsoluteValue2

===========================================================================================
----------------- testing Thu Sep 19 05:48:53 UTC 2019 /home/travis/build/icyphy/ptII/ptolemy/actor/lib/test/auto/Accumulator.xml
----------------- Instantiating /home/travis/build/icyphy/ptII/ptolemy/actor/lib/test/auto/Accumulator.xml
7 ms. Memory: 300032K Free: 102673K (34%)
----------------- Invoking toplevel() on ptolemy.moml.MoMLSimpleApplication@788a3db4
----------------- Done invoking toplevel() on ptolemy.moml.MoMLSimpleApplication@788a3db4
reloadAllAccessors: .Accumulator

===========================================================================================
----------------- testing Thu Sep 19 05:48:54 UTC 2019 /home/travis/build/icyphy/ptII/ptolemy/actor/lib/test/auto/Accumulator2.xml
----------------- Instantiating /home/travis/build/icyphy/ptII/ptolemy/actor/lib/test/auto/Accumulator2.xml
4 ms. Memory: 300032K Free: 97039K (32%)
----------------- Invoking toplevel() on ptolemy.moml.MoMLSimpleApplication@c795f40
----------------- Done invoking toplevel() on ptolemy.moml.MoMLSimpleApplication@c795f40
reloadAllAccessors: .Accumulator2

===========================================================================================
----------------- testing Thu Sep 19 05:48:54 UTC 2019 /home/travis/build/icyphy/ptII/ptolemy/actor/lib/test/auto/Accumulator3.xml
----------------- Instantiating /home/travis/build/icyphy/ptII/ptolemy/actor/lib/test/auto/Accumulator3.xml
3 ms. Memory: 300032K Free: 249874K (83%)
----------------- Invoking toplevel() on ptolemy.moml.MoMLSimpleApplication@278f0545
----------------- Done invoking toplevel() on ptolemy.moml.MoMLSimpleApplication@278f0545
reloadAllAccessors: .Accumulator3

===========================================================================================
----------------- testing Thu Sep 19 05:48:54 UTC 2019 /home/travis/build/icyphy/ptII/ptolemy/actor/lib/test/auto/ArrayAppend.xml
----------------- Instantiating /home/travis/build/icyphy/ptII/ptolemy/actor/lib/test/auto/ArrayAppend.xml
5 ms. Memory: 300032K Free: 243716K (81%)
----------------- Invoking toplevel() on ptolemy.moml.MoMLSimpleApplication@70986633
----------------- Done invoking toplevel() on ptolemy.moml.MoMLSimpleApplication@70986633
reloadAllAccessors: .ArrayAppend

===========================================================================================
----------------- testing Thu Sep 19 05:48:54 UTC 2019 /home/travis/build/icyphy/ptII/ptolemy/actor/lib/test/auto/ArrayAppend2.xml
----------------- Instantiating /home/travis/build/icyphy/ptII/ptolemy/actor/lib/test/auto/ArrayAppend2.xml
340 ms. Memory: 300032K Free: 160786K (54%)
----------------- Invoking toplevel() on ptolemy.moml.MoMLSimpleApplication@79e25116
----------------- Done invoking toplevel() on ptolemy.moml.MoMLSimpleApplication@79e25116
reloadAllAccessors: .ArrayAppend2

===========================================================================================
----------------- testing Thu Sep 19 05:48:54 UTC 2019 /home/travis/build/icyphy/ptII/ptolemy/actor/lib/test/auto/ArrayAppend3.xml
----------------- Instantiating /home/travis/build/icyphy/ptII/ptolemy/actor/lib/test/auto/ArrayAppend3.xml
7 ms. Memory: 300032K Free: 155666K (52%)
----------------- Invoking toplevel() on ptolemy.moml.MoMLSimpleApplication@412825ef
----------------- Done invoking toplevel() on ptolemy.moml.MoMLSimpleApplication@412825ef
reloadAllAccessors: .ArrayAppend3

===========================================================================================
----------------- testing Thu Sep 19 05:48:54 UTC 2019 /home/travis/build/icyphy/ptII/ptolemy/actor/lib/test/auto/ArrayAppend4.xml
----------------- Instantiating /home/travis/build/icyphy/ptII/ptolemy/actor/lib/test/auto/ArrayAppend4.xml
7 ms. Memory: 300032K Free: 150036K (50%)
----------------- Invoking toplevel() on ptolemy.moml.MoMLSimpleApplication@766d0f35
----------------- Done invoking toplevel() on ptolemy.moml.MoMLSimpleApplication@766d0f35
reloadAllAccessors: .ArrayAppend4

===========================================================================================
----------------- testing Thu Sep 19 05:48:54 UTC 2019 /home/travis/build/icyphy/ptII/ptolemy/actor/lib/test/auto/ArrayAppend5.xml
----------------- Instantiating /home/travis/build/icyphy/ptII/ptolemy/actor/lib/test/auto/ArrayAppend5.xml
2 ms. Memory: 300032K Free: 144916K (48%)
----------------- Invoking toplevel() on ptolemy.moml.MoMLSimpleApplication@347dad37
----------------- Done invoking toplevel() on ptolemy.moml.MoMLSimpleApplication@347dad37
reloadAllAccessors: .ArrayAppend5

===========================================================================================
----------------- testing Thu Sep 19 05:48:54 UTC 2019 /home/travis/build/icyphy/ptII/ptolemy/actor/lib/test/auto/ArrayAppend6.xml
----------------- Instantiating /home/travis/build/icyphy/ptII/ptolemy/actor/lib/test/auto/ArrayAppend6.xml
3 ms. Memory: 300032K Free: 139282K (46%)
----------------- Invoking toplevel() on ptolemy.moml.MoMLSimpleApplication@6ca2ec83
----------------- Done invoking toplevel() on ptolemy.moml.MoMLSimpleApplication@6ca2ec83
reloadAllAccessors: .ArrayAppend6

===========================================================================================
----------------- testing Thu Sep 19 05:48:54 UTC 2019 /home/travis/build/icyphy/ptII/ptolemy/actor/lib/test/auto/ArrayAppendPerformanceTest.xml
----------------- Instantiating /home/travis/build/icyphy/ptII/ptolemy/actor/lib/test/auto/ArrayAppendPerformanceTest.xml
43 ms. Memory: 300032K Free: 128532K (43%)
----------------- Invoking toplevel() on ptolemy.moml.MoMLSimpleApplication@103d0d81
----------------- Done invoking toplevel() on ptolemy.moml.MoMLSimpleApplication@103d0d81
reloadAllAccessors: .ArrayAppendPerformanceTest

===========================================================================================
----------------- testing Thu Sep 19 05:48:54 UTC 2019 /home/travis/build/icyphy/ptII/ptolemy/actor/lib/test/auto/ArrayAppendWithEmptyInput.xml
----------------- Instantiating /home/travis/build/icyphy/ptII/ptolemy/actor/lib/test/auto/ArrayAppendWithEmptyInput.xml
19 ms. Memory: 300032K Free: 120850K (40%)
----------------- Invoking toplevel() on ptolemy.moml.MoMLSimpleApplication@36e7ee3e
----------------- Done invoking toplevel() on ptolemy.moml.MoMLSimpleApplication@36e7ee3e
reloadAllAccessors: .ArrayAppendWithEmptyInput

===========================================================================================
----------------- testing Thu Sep 19 05:48:54 UTC 2019 /home/travis/build/icyphy/ptII/ptolemy/actor/lib/test/auto/ArrayAverage.xml
----------------- Instantiating /home/travis/build/icyphy/ptII/ptolemy/actor/lib/test/auto/ArrayAverage.xml
5 ms. Memory: 300032K Free: 112658K (38%)
----------------- Invoking toplevel() on ptolemy.moml.MoMLSimpleApplication@2ce9727c
----------------- Done invoking toplevel() on ptolemy.moml.MoMLSimpleApplication@2ce9727c
reloadAllAccessors: .ArrayAverage

===========================================================================================
----------------- testing Thu Sep 19 05:48:54 UTC 2019 /home/travis/build/icyphy/ptII/ptolemy/actor/lib/test/auto/ArrayContains.xml
----------------- Instantiating /home/travis/build/icyphy/ptII/ptolemy/actor/lib/test/auto/ArrayContains.xml
10 ms. Memory: 300032K Free: 107028K (36%)
----------------- Invoking toplevel() on ptolemy.moml.MoMLSimpleApplication@66b18404
----------------- Done invoking toplevel() on ptolemy.moml.MoMLSimpleApplication@66b18404
reloadAllAccessors: .ArrayContains

===========================================================================================
----------------- testing Thu Sep 19 05:48:54 UTC 2019 /home/travis/build/icyphy/ptII/ptolemy/actor/lib/test/auto/ArrayElement.xml
----------------- Instantiating /home/travis/build/icyphy/ptII/ptolemy/actor/lib/test/auto/ArrayElement.xml
4 ms. Memory: 300032K Free: 100884K (34%)
----------------- Invoking toplevel() on ptolemy.moml.MoMLSimpleApplication@30ef0e22
----------------- Done invoking toplevel() on ptolemy.moml.MoMLSimpleApplication@30ef0e22
reloadAllAccessors: .ArrayElement

===========================================================================================
----------------- testing Thu Sep 19 05:48:54 UTC 2019 /home/travis/build/icyphy/ptII/ptolemy/actor/lib/test/auto/ArrayElementAsMatrix.xml
----------------- Instantiating /home/travis/build/icyphy/ptII/ptolemy/actor/lib/test/auto/ArrayElementAsMatrix.xml
83 ms. Memory: 300032K Free: 251128K (84%)
----------------- Invoking toplevel() on ptolemy.moml.MoMLSimpleApplication@5d193acd
----------------- Done invoking toplevel() on ptolemy.moml.MoMLSimpleApplication@5d193acd
reloadAllAccessors: .ArrayElementAsMatrix

===========================================================================================
----------------- testing Thu Sep 19 05:48:55 UTC 2019 /home/travis/build/icyphy/ptII/ptolemy/actor/lib/test/auto/ArrayElementI.xml
----------------- Instantiating /home/travis/build/icyphy/ptII/ptolemy/actor/lib/test/auto/ArrayElementI.xml
3 ms. Memory: 300032K Free: 245280K (82%)
----------------- Invoking toplevel() on ptolemy.moml.MoMLSimpleApplication@656c04ec
----------------- Done invoking toplevel() on ptolemy.moml.MoMLSimpleApplication@656c04ec
reloadAllAccessors: .ArrayElementI

===========================================================================================
----------------- testing Thu Sep 19 05:48:55 UTC 2019 /home/travis/build/icyphy/ptII/ptolemy/actor/lib/test/auto/ArrayExtract.xml
----------------- Instantiating /home/travis/build/icyphy/ptII/ptolemy/actor/lib/test/auto/ArrayExtract.xml
8 ms. Memory: 300032K Free: 236574K (79%)
----------------- Invoking toplevel() on ptolemy.moml.MoMLSimpleApplication@646d6e3c
----------------- Done invoking toplevel() on ptolemy.moml.MoMLSimpleApplication@646d6e3c
reloadAllAccessors: .ArrayExtract

===========================================================================================
----------------- testing Thu Sep 19 05:48:55 UTC 2019 /home/travis/build/icyphy/ptII/ptolemy/actor/lib/test/auto/ArrayExtract2.xml
----------------- Instantiating /home/travis/build/icyphy/ptII/ptolemy/actor/lib/test/auto/ArrayExtract2.xml
5 ms. Memory: 300032K Free: 231447K (77%)
----------------- Invoking toplevel() on ptolemy.moml.MoMLSimpleApplication@76952b71
----------------- Done invoking toplevel() on ptolemy.moml.MoMLSimpleApplication@76952b71
reloadAllAccessors: .ArrayExtract2

===========================================================================================
----------------- testing Thu Sep 19 05:48:55 UTC 2019 /home/travis/build/icyphy/ptII/ptolemy/actor/lib/test/auto/ArrayLength.xml
----------------- Instantiating /home/travis/build/icyphy/ptII/ptolemy/actor/lib/test/auto/ArrayLength.xml
1 ms. Memory: 300032K Free: 227358K (76%)
----------------- Invoking toplevel() on ptolemy.moml.MoMLSimpleApplication@608c84bc
----------------- Done invoking toplevel() on ptolemy.moml.MoMLSimpleApplication@608c84bc
reloadAllAccessors: .ArrayLength

===========================================================================================
----------------- testing Thu Sep 19 05:48:55 UTC 2019 /home/travis/build/icyphy/ptII/ptolemy/actor/lib/test/auto/ArrayLevelCrossing.xml
----------------- Instantiating /home/travis/build/icyphy/ptII/ptolemy/actor/lib/test/auto/ArrayLevelCrossing.xml
3 ms. Memory: 300032K Free: 219166K (73%)
----------------- Invoking toplevel() on ptolemy.moml.MoMLSimpleApplication@58730519
----------------- Done invoking toplevel() on ptolemy.moml.MoMLSimpleApplication@58730519
reloadAllAccessors: .ArrayLevelCrossing

===========================================================================================
----------------- testing Thu Sep 19 05:48:55 UTC 2019 /home/travis/build/icyphy/ptII/ptolemy/actor/lib/test/auto/ArrayLevelCrossing2.xml
----------------- Instantiating /home/travis/build/icyphy/ptII/ptolemy/actor/lib/test/auto/ArrayLevelCrossing2.xml
3 ms. Memory: 300032K Free: 211488K (70%)
----------------- Invoking toplevel() on ptolemy.moml.MoMLSimpleApplication@12be81fa
----------------- Done invoking toplevel() on ptolemy.moml.MoMLSimpleApplication@12be81fa
reloadAllAccessors: .ArrayLevelCrossing2

===========================================================================================
----------------- testing Thu Sep 19 05:48:55 UTC 2019 /home/travis/build/icyphy/ptII/ptolemy/actor/lib/test/auto/ArrayPeakSearch.xml
----------------- Instantiating /home/travis/build/icyphy/ptII/ptolemy/actor/lib/test/auto/ArrayPeakSearch.xml
8 ms. Memory: 300032K Free: 202782K (68%)
----------------- Invoking toplevel() on ptolemy.moml.MoMLSimpleApplication@2cb8bbae
----------------- Done invoking toplevel() on ptolemy.moml.MoMLSimpleApplication@2cb8bbae
reloadAllAccessors: .ArrayPeakSearch

===========================================================================================
----------------- testing Thu Sep 19 05:48:55 UTC 2019 /home/travis/build/icyphy/ptII/ptolemy/actor/lib/test/auto/ArrayPeakSearch2.xml
----------------- Instantiating /home/travis/build/icyphy/ptII/ptolemy/actor/lib/test/auto/ArrayPeakSearch2.xml
5 ms. Memory: 300032K Free: 192535K (64%)
----------------- Invoking toplevel() on ptolemy.moml.MoMLSimpleApplication@1cf173a0
----------------- Done invoking toplevel() on ptolemy.moml.MoMLSimpleApplication@1cf173a0
reloadAllAccessors: .ArrayPeakSearch2

===========================================================================================
----------------- testing Thu Sep 19 05:48:55 UTC 2019 /home/travis/build/icyphy/ptII/ptolemy/actor/lib/test/auto/ArrayPeakSearch3.xml
----------------- Instantiating /home/travis/build/icyphy/ptII/ptolemy/actor/lib/test/auto/ArrayPeakSearch3.xml
6 ms. Memory: 300032K Free: 183326K (61%)
----------------- Invoking toplevel() on ptolemy.moml.MoMLSimpleApplication@697f9c10
----------------- Done invoking toplevel() on ptolemy.moml.MoMLSimpleApplication@697f9c10
reloadAllAccessors: .ArrayPeakSearch3

===========================================================================================
----------------- testing Thu Sep 19 05:48:55 UTC 2019 /home/travis/build/icyphy/ptII/ptolemy/actor/lib/test/auto/ArrayRemoveElement.xml
----------------- Instantiating /home/travis/build/icyphy/ptII/ptolemy/actor/lib/test/auto/ArrayRemoveElement.xml
3 ms. Memory: 300032K Free: 175648K (59%)
----------------- Invoking toplevel() on ptolemy.moml.MoMLSimpleApplication@49373999
----------------- Done invoking toplevel() on ptolemy.moml.MoMLSimpleApplication@49373999
reloadAllAccessors: .ArrayRemoveElement

===========================================================================================
----------------- testing Thu Sep 19 05:48:55 UTC 2019 /home/travis/build/icyphy/ptII/ptolemy/actor/lib/test/auto/ArraySort.xml
----------------- Instantiating /home/travis/build/icyphy/ptII/ptolemy/actor/lib/test/auto/ArraySort.xml
17 ms. Memory: 300032K Free: 166432K (55%)
----------------- Invoking toplevel() on ptolemy.moml.MoMLSimpleApplication@e272ba9
----------------- Done invoking toplevel() on ptolemy.moml.MoMLSimpleApplication@e272ba9
reloadAllAccessors: .ArraySort

===========================================================================================
----------------- testing Thu Sep 19 05:48:55 UTC 2019 /home/travis/build/icyphy/ptII/ptolemy/actor/lib/test/auto/ArraySum.xml
----------------- Instantiating /home/travis/build/icyphy/ptII/ptolemy/actor/lib/test/auto/ArraySum.xml
4 ms. Memory: 300032K Free: 161312K (54%)
----------------- Invoking toplevel() on ptolemy.moml.MoMLSimpleApplication@153714bb
----------------- Done invoking toplevel() on ptolemy.moml.MoMLSimpleApplication@153714bb
reloadAllAccessors: .ArraySum

===========================================================================================
----------------- testing Thu Sep 19 05:48:55 UTC 2019 /home/travis/build/icyphy/ptII/ptolemy/actor/lib/test/auto/ArrayToElements.xml
----------------- Instantiating /home/travis/build/icyphy/ptII/ptolemy/actor/lib/test/auto/ArrayToElements.xml
11 ms. Memory: 300032K Free: 155678K (52%)
----------------- Invoking toplevel() on ptolemy.moml.MoMLSimpleApplication@612c23f9
----------------- Done invoking toplevel() on ptolemy.moml.MoMLSimpleApplication@612c23f9
reloadAllAccessors: .ArrayToElements

===========================================================================================
----------------- testing Thu Sep 19 05:48:55 UTC 2019 /home/travis/build/icyphy/ptII/ptolemy/actor/lib/test/auto/ArrayToMatrix.xml
----------------- Instantiating /home/travis/build/icyphy/ptII/ptolemy/actor/lib/test/auto/ArrayToMatrix.xml
14 ms. Memory: 300032K Free: 141856K (47%)
----------------- Invoking toplevel() on ptolemy.moml.MoMLSimpleApplication@c5fbe78
----------------- Done invoking toplevel() on ptolemy.moml.MoMLSimpleApplication@c5fbe78
reloadAllAccessors: .ArrayToMatrix

===========================================================================================
----------------- testing Thu Sep 19 05:48:55 UTC 2019 /home/travis/build/icyphy/ptII/ptolemy/actor/lib/test/auto/ArrayUpdate1.xml
----------------- Instantiating /home/travis/build/icyphy/ptII/ptolemy/actor/lib/test/auto/ArrayUpdate1.xml
2 ms. Memory: 300032K Free: 136736K (46%)
----------------- Invoking toplevel() on ptolemy.moml.MoMLSimpleApplication@75cee414
----------------- Done invoking toplevel() on ptolemy.moml.MoMLSimpleApplication@75cee414
reloadAllAccessors: .ArrayUpdate1

===========================================================================================
----------------- testing Thu Sep 19 05:48:55 UTC 2019 /home/travis/build/icyphy/ptII/ptolemy/actor/lib/test/auto/ArrayUpdate2.xml
----------------- Instantiating /home/travis/build/icyphy/ptII/ptolemy/actor/lib/test/auto/ArrayUpdate2.xml
5 ms. Memory: 300032K Free: 130592K (44%)
----------------- Invoking toplevel() on ptolemy.moml.MoMLSimpleApplication@3e2b632c
----------------- Done invoking toplevel() on ptolemy.moml.MoMLSimpleApplication@3e2b632c
reloadAllAccessors: .ArrayUpdate2

===========================================================================================
----------------- testing Thu Sep 19 05:48:55 UTC 2019 /home/travis/build/icyphy/ptII/ptolemy/actor/lib/test/auto/ArrayUpdate3.xml
----------------- Instantiating /home/travis/build/icyphy/ptII/ptolemy/actor/lib/test/auto/ArrayUpdate3.xml
2 ms. Memory: 300032K Free: 125472K (42%)
----------------- Invoking toplevel() on ptolemy.moml.MoMLSimpleApplication@77017ee6
----------------- Done invoking toplevel() on ptolemy.moml.MoMLSimpleApplication@77017ee6
reloadAllAccessors: .ArrayUpdate3

===========================================================================================
----------------- testing Thu Sep 19 05:48:55 UTC 2019 /home/travis/build/icyphy/ptII/ptolemy/actor/lib/test/auto/Assert1.xml
----------------- Instantiating /home/travis/build/icyphy/ptII/ptolemy/actor/lib/test/auto/Assert1.xml
6 ms. Memory: 300032K Free: 121376K (40%)
----------------- Invoking toplevel() on ptolemy.moml.MoMLSimpleApplication@67419693
----------------- Done invoking toplevel() on ptolemy.moml.MoMLSimpleApplication@67419693
reloadAllAccessors: .Assert1

===========================================================================================
----------------- testing Thu Sep 19 05:48:55 UTC 2019 /home/travis/build/icyphy/ptII/ptolemy/actor/lib/test/auto/Assert2.xml
----------------- Instantiating /home/travis/build/icyphy/ptII/ptolemy/actor/lib/test/auto/Assert2.xml
2 ms. Memory: 300032K Free: 115742K (39%)
----------------- Invoking toplevel() on ptolemy.moml.MoMLSimpleApplication@5c5eb754
----------------- Done invoking toplevel() on ptolemy.moml.MoMLSimpleApplication@5c5eb754
reloadAllAccessors: .Assert2

===========================================================================================
----------------- testing Thu Sep 19 05:48:55 UTC 2019 /home/travis/build/icyphy/ptII/ptolemy/actor/lib/test/auto/BooleanMultiplexor.xml
----------------- Instantiating /home/travis/build/icyphy/ptII/ptolemy/actor/lib/test/auto/BooleanMultiplexor.xml
2 ms. Memory: 300032K Free: 110607K (37%)
----------------- Invoking toplevel() on ptolemy.moml.MoMLSimpleApplication@3b1d3343
----------------- Done invoking toplevel() on ptolemy.moml.MoMLSimpleApplication@3b1d3343
reloadAllAccessors: .BooleanMultiplexor

===========================================================================================
----------------- testing Thu Sep 19 05:48:55 UTC 2019 /home/travis/build/icyphy/ptII/ptolemy/actor/lib/test/auto/BooleanMultiplexor2.xml
----------------- Instantiating /home/travis/build/icyphy/ptII/ptolemy/actor/lib/test/auto/BooleanMultiplexor2.xml
12 ms. Memory: 300032K Free: 103968K (35%)
----------------- Invoking toplevel() on ptolemy.moml.MoMLSimpleApplication@553b13b2
----------------- Done invoking toplevel() on ptolemy.moml.MoMLSimpleApplication@553b13b2
reloadAllAccessors: .BooleanMultiplexor2

===========================================================================================
----------------- testing Thu Sep 19 05:48:55 UTC 2019 /home/travis/build/icyphy/ptII/ptolemy/actor/lib/test/auto/BooleanMultiplexor3.xml
----------------- Instantiating /home/travis/build/icyphy/ptII/ptolemy/actor/lib/test/auto/BooleanMultiplexor3.xml
6 ms. Memory: 300032K Free: 100379K (33%)
----------------- Invoking toplevel() on ptolemy.moml.MoMLSimpleApplication@132231c
----------------- Done invoking toplevel() on ptolemy.moml.MoMLSimpleApplication@132231c
reloadAllAccessors: .BooleanMultiplexor3

===========================================================================================
----------------- testing Thu Sep 19 05:48:55 UTC 2019 /home/travis/build/icyphy/ptII/ptolemy/actor/lib/test/auto/BooleanSelect.xml
----------------- Instantiating /home/travis/build/icyphy/ptII/ptolemy/actor/lib/test/auto/BooleanSelect.xml
9 ms. Memory: 300032K Free: 94207K (31%)
----------------- Invoking toplevel() on ptolemy.moml.MoMLSimpleApplication@55d46741
----------------- Done invoking toplevel() on ptolemy.moml.MoMLSimpleApplication@55d46741
reloadAllAccessors: .BooleanSelect

===========================================================================================
----------------- testing Thu Sep 19 05:48:55 UTC 2019 /home/travis/build/icyphy/ptII/ptolemy/actor/lib/test/auto/BooleanSelect2.xml
----------------- Instantiating /home/travis/build/icyphy/ptII/ptolemy/actor/lib/test/auto/BooleanSelect2.xml
1 ms. Memory: 300032K Free: 90142K (30%)
----------------- Invoking toplevel() on ptolemy.moml.MoMLSimpleApplication@375fe223
----------------- Done invoking toplevel() on ptolemy.moml.MoMLSimpleApplication@375fe223
reloadAllAccessors: .BooleanSelect2

===========================================================================================
----------------- testing Thu Sep 19 05:48:55 UTC 2019 /home/travis/build/icyphy/ptII/ptolemy/actor/lib/test/auto/BooleanSwitch.xml
----------------- Instantiating /home/travis/build/icyphy/ptII/ptolemy/actor/lib/test/auto/BooleanSwitch.xml
10 ms. Memory: 300032K Free: 83998K (28%)
----------------- Invoking toplevel() on ptolemy.moml.MoMLSimpleApplication@3d2d9e8f
----------------- Done invoking toplevel() on ptolemy.moml.MoMLSimpleApplication@3d2d9e8f
reloadAllAccessors: .BooleanSwitch

===========================================================================================
----------------- testing Thu Sep 19 05:48:55 UTC 2019 /home/travis/build/icyphy/ptII/ptolemy/actor/lib/test/auto/BooleanSwitch2.xml
----------------- Instantiating /home/travis/build/icyphy/ptII/ptolemy/actor/lib/test/auto/BooleanSwitch2.xml
1 ms. Memory: 300032K Free: 79902K (27%)
----------------- Invoking toplevel() on ptolemy.moml.MoMLSimpleApplication@30b23666
----------------- Done invoking toplevel() on ptolemy.moml.MoMLSimpleApplication@30b23666
reloadAllAccessors: .BooleanSwitch2

===========================================================================================
----------------- testing Thu Sep 19 05:48:55 UTC 2019 /home/travis/build/icyphy/ptII/ptolemy/actor/lib/test/auto/BooleanSwitchCloningBugWithClassRelationGroup.xml
----------------- Instantiating /home/travis/build/icyphy/ptII/ptolemy/actor/lib/test/auto/BooleanSwitchCloningBugWithClassRelationGroup.xml
4 ms. Memory: 300032K Free: 251103K (84%)
----------------- Invoking toplevel() on ptolemy.moml.MoMLSimpleApplication@4ad3201c
----------------- Done invoking toplevel() on ptolemy.moml.MoMLSimpleApplication@4ad3201c
reloadAllAccessors: .BooleanSwitchCloningBugWithClassRelationGroup

===========================================================================================
----------------- testing Thu Sep 19 05:48:55 UTC 2019 /home/travis/build/icyphy/ptII/ptolemy/actor/lib/test/auto/BusActors.xml
----------------- Instantiating /home/travis/build/icyphy/ptII/ptolemy/actor/lib/test/auto/BusActors.xml
4 ms. Memory: 300032K Free: 242720K (81%)
----------------- Invoking toplevel() on ptolemy.moml.MoMLSimpleApplication@3c5d8e1a
----------------- Done invoking toplevel() on ptolemy.moml.MoMLSimpleApplication@3c5d8e1a
reloadAllAccessors: .BusActors

===========================================================================================
----------------- testing Thu Sep 19 05:48:55 UTC 2019 /home/travis/build/icyphy/ptII/ptolemy/actor/lib/test/auto/ClassWrapper.xml
----------------- Instantiating /home/travis/build/icyphy/ptII/ptolemy/actor/lib/test/auto/ClassWrapper.xml
2 ms. Memory: 300032K Free: 238624K (80%)
----------------- Invoking toplevel() on ptolemy.moml.MoMLSimpleApplication@520c7e48
----------------- Done invoking toplevel() on ptolemy.moml.MoMLSimpleApplication@520c7e48
reloadAllAccessors: .ClassWrapper

===========================================================================================
----------------- testing Thu Sep 19 05:48:56 UTC 2019 /home/travis/build/icyphy/ptII/ptolemy/actor/lib/test/auto/Clock.xml
----------------- Instantiating /home/travis/build/icyphy/ptII/ptolemy/actor/lib/test/auto/Clock.xml
1 ms. Memory: 300032K Free: 234528K (78%)
----------------- Invoking toplevel() on ptolemy.moml.MoMLSimpleApplication@7a6d1436
----------------- Done invoking toplevel() on ptolemy.moml.MoMLSimpleApplication@7a6d1436
reloadAllAccessors: .Clock

===========================================================================================
----------------- testing Thu Sep 19 05:48:56 UTC 2019 /home/travis/build/icyphy/ptII/ptolemy/actor/lib/test/auto/Clock10.xml
----------------- Instantiating /home/travis/build/icyphy/ptII/ptolemy/actor/lib/test/auto/Clock10.xml
5 ms. Memory: 300032K Free: 228894K (76%)
----------------- Invoking toplevel() on ptolemy.moml.MoMLSimpleApplication@311c56f3
----------------- Done invoking toplevel() on ptolemy.moml.MoMLSimpleApplication@311c56f3
reloadAllAccessors: .Clock10

===========================================================================================
----------------- testing Thu Sep 19 05:48:56 UTC 2019 /home/travis/build/icyphy/ptII/ptolemy/actor/lib/test/auto/Clock11.xml
----------------- Instantiating /home/travis/build/icyphy/ptII/ptolemy/actor/lib/test/auto/Clock11.xml
4 ms. Memory: 300032K Free: 222750K (74%)
----------------- Invoking toplevel() on ptolemy.moml.MoMLSimpleApplication@6fef5817
----------------- Done invoking toplevel() on ptolemy.moml.MoMLSimpleApplication@6fef5817
reloadAllAccessors: .Clock11

===========================================================================================
----------------- testing Thu Sep 19 05:48:56 UTC 2019 /home/travis/build/icyphy/ptII/ptolemy/actor/lib/test/auto/Clock12.xml
----------------- Instantiating /home/travis/build/icyphy/ptII/ptolemy/actor/lib/test/auto/Clock12.xml
5 ms. Memory: 300032K Free: 217120K (72%)
----------------- Invoking toplevel() on ptolemy.moml.MoMLSimpleApplication@3d678188
----------------- Done invoking toplevel() on ptolemy.moml.MoMLSimpleApplication@3d678188
reloadAllAccessors: .Clock12

===========================================================================================
----------------- testing Thu Sep 19 05:48:56 UTC 2019 /home/travis/build/icyphy/ptII/ptolemy/actor/lib/test/auto/Clock13.xml
----------------- Instantiating /home/travis/build/icyphy/ptII/ptolemy/actor/lib/test/auto/Clock13.xml
7 ms. Memory: 300032K Free: 210976K (70%)
----------------- Invoking toplevel() on ptolemy.moml.MoMLSimpleApplication@465958a0
----------------- Done invoking toplevel() on ptolemy.moml.MoMLSimpleApplication@465958a0
reloadAllAccessors: .Clock13

===========================================================================================
----------------- testing Thu Sep 19 05:48:56 UTC 2019 /home/travis/build/icyphy/ptII/ptolemy/actor/lib/test/auto/Clock14.xml
----------------- Instantiating /home/travis/build/icyphy/ptII/ptolemy/actor/lib/test/auto/Clock14.xml
6 ms. Memory: 300032K Free: 205311K (68%)
----------------- Invoking toplevel() on ptolemy.moml.MoMLSimpleApplication@35b65303
----------------- Done invoking toplevel() on ptolemy.moml.MoMLSimpleApplication@35b65303
reloadAllAccessors: .Clock14

===========================================================================================
----------------- testing Thu Sep 19 05:48:56 UTC 2019 /home/travis/build/icyphy/ptII/ptolemy/actor/lib/test/auto/Clock15.xml
----------------- Instantiating /home/travis/build/icyphy/ptII/ptolemy/actor/lib/test/auto/Clock15.xml
6 ms. Memory: 300032K Free: 199167K (66%)
----------------- Invoking toplevel() on ptolemy.moml.MoMLSimpleApplication@35107dcf
----------------- Done invoking toplevel() on ptolemy.moml.MoMLSimpleApplication@35107dcf
reloadAllAccessors: .Clock15

===========================================================================================
----------------- testing Thu Sep 19 05:48:56 UTC 2019 /home/travis/build/icyphy/ptII/ptolemy/actor/lib/test/auto/Clock16.xml
----------------- Instantiating /home/travis/build/icyphy/ptII/ptolemy/actor/lib/test/auto/Clock16.xml
26 ms. Memory: 300032K Free: 184335K (61%)
----------------- Invoking toplevel() on ptolemy.moml.MoMLSimpleApplication@18bb83f6
----------------- Done invoking toplevel() on ptolemy.moml.MoMLSimpleApplication@18bb83f6
reloadAllAccessors: .Clock16

===========================================================================================
----------------- testing Thu Sep 19 05:48:56 UTC 2019 /home/travis/build/icyphy/ptII/ptolemy/actor/lib/test/auto/Clock17.xml
----------------- Instantiating /home/travis/build/icyphy/ptII/ptolemy/actor/lib/test/auto/Clock17.xml
16 ms. Memory: 300032K Free: 170511K (57%)
----------------- Invoking toplevel() on ptolemy.moml.MoMLSimpleApplication@54d9d343
----------------- Done invoking toplevel() on ptolemy.moml.MoMLSimpleApplication@54d9d343
reloadAllAccessors: .Clock17

===========================================================================================
----------------- testing Thu Sep 19 05:48:56 UTC 2019 /home/travis/build/icyphy/ptII/ptolemy/actor/lib/test/auto/Clock18.xml
----------------- Instantiating /home/travis/build/icyphy/ptII/ptolemy/actor/lib/test/auto/Clock18.xml
17 ms. Memory: 300032K Free: 157199K (52%)
----------------- Invoking toplevel() on ptolemy.moml.MoMLSimpleApplication@3ad63ff0
----------------- Done invoking toplevel() on ptolemy.moml.MoMLSimpleApplication@3ad63ff0
reloadAllAccessors: .Clock18

===========================================================================================
----------------- testing Thu Sep 19 05:48:56 UTC 2019 /home/travis/build/icyphy/ptII/ptolemy/actor/lib/test/auto/Clock19.xml
----------------- Instantiating /home/travis/build/icyphy/ptII/ptolemy/actor/lib/test/auto/Clock19.xml
16 ms. Memory: 300032K Free: 144413K (48%)
----------------- Invoking toplevel() on ptolemy.moml.MoMLSimpleApplication@764d3ad1
----------------- Done invoking toplevel() on ptolemy.moml.MoMLSimpleApplication@764d3ad1
reloadAllAccessors: .Clock19

===========================================================================================
----------------- testing Thu Sep 19 05:48:56 UTC 2019 /home/travis/build/icyphy/ptII/ptolemy/actor/lib/test/auto/Clock2.xml
----------------- Instantiating /home/travis/build/icyphy/ptII/ptolemy/actor/lib/test/auto/Clock2.xml
5 ms. Memory: 300032K Free: 139775K (47%)
----------------- Invoking toplevel() on ptolemy.moml.MoMLSimpleApplication@62bdaac6
----------------- Done invoking toplevel() on ptolemy.moml.MoMLSimpleApplication@62bdaac6
reloadAllAccessors: .Clock2

===========================================================================================
----------------- testing Thu Sep 19 05:48:56 UTC 2019 /home/travis/build/icyphy/ptII/ptolemy/actor/lib/test/auto/Clock20.xml
----------------- Instantiating /home/travis/build/icyphy/ptII/ptolemy/actor/lib/test/auto/Clock20.xml
7 ms. Memory: 300032K Free: 134176K (45%)
----------------- Invoking toplevel() on ptolemy.moml.MoMLSimpleApplication@42b6c8c5
----------------- Done invoking toplevel() on ptolemy.moml.MoMLSimpleApplication@42b6c8c5
reloadAllAccessors: .Clock20

===========================================================================================
----------------- testing Thu Sep 19 05:48:56 UTC 2019 /home/travis/build/icyphy/ptII/ptolemy/actor/lib/test/auto/Clock21.xml
----------------- Instantiating /home/travis/build/icyphy/ptII/ptolemy/actor/lib/test/auto/Clock21.xml
5 ms. Memory: 300032K Free: 129056K (43%)
----------------- Invoking toplevel() on ptolemy.moml.MoMLSimpleApplication@eca3bd
----------------- Done invoking toplevel() on ptolemy.moml.MoMLSimpleApplication@eca3bd
reloadAllAccessors: .Clock21

===========================================================================================
----------------- testing Thu Sep 19 05:48:56 UTC 2019 /home/travis/build/icyphy/ptII/ptolemy/actor/lib/test/auto/Clock22.xml
----------------- Instantiating /home/travis/build/icyphy/ptII/ptolemy/actor/lib/test/auto/Clock22.xml
3 ms. Memory: 300032K Free: 123422K (41%)
----------------- Invoking toplevel() on ptolemy.moml.MoMLSimpleApplication@273bc677
----------------- Done invoking toplevel() on ptolemy.moml.MoMLSimpleApplication@273bc677
reloadAllAccessors: .Clock22

===========================================================================================
----------------- testing Thu Sep 19 05:48:56 UTC 2019 /home/travis/build/icyphy/ptII/ptolemy/actor/lib/test/auto/Clock23.xml
----------------- Instantiating /home/travis/build/icyphy/ptII/ptolemy/actor/lib/test/auto/Clock23.xml
4 ms. Memory: 300032K Free: 118302K (39%)
----------------- Invoking toplevel() on ptolemy.moml.MoMLSimpleApplication@5d30e
----------------- Done invoking toplevel() on ptolemy.moml.MoMLSimpleApplication@5d30e
reloadAllAccessors: .Clock23

===========================================================================================
----------------- testing Thu Sep 19 05:48:56 UTC 2019 /home/travis/build/icyphy/ptII/ptolemy/actor/lib/test/auto/Clock24.xml
----------------- Instantiating /home/travis/build/icyphy/ptII/ptolemy/actor/lib/test/auto/Clock24.xml
5 ms. Memory: 300032K Free: 112672K (38%)
----------------- Invoking toplevel() on ptolemy.moml.MoMLSimpleApplication@72b58e3a
----------------- Done invoking toplevel() on ptolemy.moml.MoMLSimpleApplication@72b58e3a
reloadAllAccessors: .Clock24

===========================================================================================
----------------- testing Thu Sep 19 05:48:56 UTC 2019 /home/travis/build/icyphy/ptII/ptolemy/actor/lib/test/auto/Clock4.xml
----------------- Instantiating /home/travis/build/icyphy/ptII/ptolemy/actor/lib/test/auto/Clock4.xml
2 ms. Memory: 300032K Free: 108055K (36%)
----------------- Invoking toplevel() on ptolemy.moml.MoMLSimpleApplication@300c8526
----------------- Done invoking toplevel() on ptolemy.moml.MoMLSimpleApplication@300c8526
reloadAllAccessors: .Clock4

===========================================================================================
----------------- testing Thu Sep 19 05:48:56 UTC 2019 /home/travis/build/icyphy/ptII/ptolemy/actor/lib/test/auto/Clock5.xml
----------------- Instantiating /home/travis/build/icyphy/ptII/ptolemy/actor/lib/test/auto/Clock5.xml
2 ms. Memory: 300032K Free: 102432K (34%)
----------------- Invoking toplevel() on ptolemy.moml.MoMLSimpleApplication@5aef3ec2
----------------- Done invoking toplevel() on ptolemy.moml.MoMLSimpleApplication@5aef3ec2
reloadAllAccessors: .Clock5

===========================================================================================
----------------- testing Thu Sep 19 05:48:56 UTC 2019 /home/travis/build/icyphy/ptII/ptolemy/actor/lib/test/auto/Clock6.xml
----------------- Instantiating /home/travis/build/icyphy/ptII/ptolemy/actor/lib/test/auto/Clock6.xml
2 ms. Memory: 300032K Free: 98336K (33%)
----------------- Invoking toplevel() on ptolemy.moml.MoMLSimpleApplication@39a135f6
----------------- Done invoking toplevel() on ptolemy.moml.MoMLSimpleApplication@39a135f6
reloadAllAccessors: .Clock6

===========================================================================================
----------------- testing Thu Sep 19 05:48:56 UTC 2019 /home/travis/build/icyphy/ptII/ptolemy/actor/lib/test/auto/Clock7.xml
----------------- Instantiating /home/travis/build/icyphy/ptII/ptolemy/actor/lib/test/auto/Clock7.xml
2 ms. Memory: 300032K Free: 93726K (31%)
----------------- Invoking toplevel() on ptolemy.moml.MoMLSimpleApplication@6b33739
----------------- Done invoking toplevel() on ptolemy.moml.MoMLSimpleApplication@6b33739
reloadAllAccessors: .Clock7

===========================================================================================
----------------- testing Thu Sep 19 05:48:56 UTC 2019 /home/travis/build/icyphy/ptII/ptolemy/actor/lib/test/auto/Clock8.xml
----------------- Instantiating /home/travis/build/icyphy/ptII/ptolemy/actor/lib/test/auto/Clock8.xml
3 ms. Memory: 300032K Free: 88096K (29%)
----------------- Invoking toplevel() on ptolemy.moml.MoMLSimpleApplication@10ca2663
----------------- Done invoking toplevel() on ptolemy.moml.MoMLSimpleApplication@10ca2663
reloadAllAccessors: .Clock8

===========================================================================================
----------------- testing Thu Sep 19 05:48:56 UTC 2019 /home/travis/build/icyphy/ptII/ptolemy/actor/lib/test/auto/Clock9.xml
----------------- Instantiating /home/travis/build/icyphy/ptII/ptolemy/actor/lib/test/auto/Clock9.xml
5 ms. Memory: 300032K Free: 82976K (28%)
----------------- Invoking toplevel() on ptolemy.moml.MoMLSimpleApplication@5a9b4a61
----------------- Done invoking toplevel() on ptolemy.moml.MoMLSimpleApplication@5a9b4a61
reloadAllAccessors: .Clock9

===========================================================================================
----------------- testing Thu Sep 19 05:48:56 UTC 2019 /home/travis/build/icyphy/ptII/ptolemy/actor/lib/test/auto/CommDistDiscard.xml
----------------- Instantiating /home/travis/build/icyphy/ptII/ptolemy/actor/lib/test/auto/CommDistDiscard.xml
2 ms. Memory: 300032K Free: 77342K (26%)
----------------- Invoking toplevel() on ptolemy.moml.MoMLSimpleApplication@3968a86b
----------------- Done invoking toplevel() on ptolemy.moml.MoMLSimpleApplication@3968a86b
reloadAllAccessors: .CommDistDiscard

===========================================================================================
----------------- testing Thu Sep 19 05:48:56 UTC 2019 /home/travis/build/icyphy/ptII/ptolemy/actor/lib/test/auto/Commutator.xml
----------------- Instantiating /home/travis/build/icyphy/ptII/ptolemy/actor/lib/test/auto/Commutator.xml
2 ms. Memory: 300032K Free: 250769K (84%)
----------------- Invoking toplevel() on ptolemy.moml.MoMLSimpleApplication@2e8056b
----------------- Done invoking toplevel() on ptolemy.moml.MoMLSimpleApplication@2e8056b
reloadAllAccessors: .Commutator

===========================================================================================
----------------- testing Thu Sep 19 05:48:56 UTC 2019 /home/travis/build/icyphy/ptII/ptolemy/actor/lib/test/auto/Commutator2.xml
----------------- Instantiating /home/travis/build/icyphy/ptII/ptolemy/actor/lib/test/auto/Commutator2.xml
2 ms. Memory: 300032K Free: 246159K (82%)
----------------- Invoking toplevel() on ptolemy.moml.MoMLSimpleApplication@2abec0a5
----------------- Done invoking toplevel() on ptolemy.moml.MoMLSimpleApplication@2abec0a5
reloadAllAccessors: .Commutator2

===========================================================================================
----------------- testing Thu Sep 19 05:48:56 UTC 2019 /home/travis/build/icyphy/ptII/ptolemy/actor/lib/test/auto/Commutator3.xml
----------------- Instantiating /home/travis/build/icyphy/ptII/ptolemy/actor/lib/test/auto/Commutator3.xml
1 ms. Memory: 300032K Free: 241553K (81%)
----------------- Invoking toplevel() on ptolemy.moml.MoMLSimpleApplication@35a072ac
----------------- Done invoking toplevel() on ptolemy.moml.MoMLSimpleApplication@35a072ac
reloadAllAccessors: .Commutator3

===========================================================================================
----------------- testing Thu Sep 19 05:48:56 UTC 2019 /home/travis/build/icyphy/ptII/ptolemy/actor/lib/test/auto/Compare.xml
----------------- Instantiating /home/travis/build/icyphy/ptII/ptolemy/actor/lib/test/auto/Compare.xml
2 ms. Memory: 300032K Free: 235409K (78%)
----------------- Invoking toplevel() on ptolemy.moml.MoMLSimpleApplication@465a9fcd
----------------- Done invoking toplevel() on ptolemy.moml.MoMLSimpleApplication@465a9fcd
reloadAllAccessors: .Compare

===========================================================================================
----------------- testing Thu Sep 19 05:48:56 UTC 2019 /home/travis/build/icyphy/ptII/ptolemy/actor/lib/test/auto/CompareDE.xml
----------------- Instantiating /home/travis/build/icyphy/ptII/ptolemy/actor/lib/test/auto/CompareDE.xml
4 ms. Memory: 300032K Free: 228241K (76%)
----------------- Invoking toplevel() on ptolemy.moml.MoMLSimpleApplication@50296e11
----------------- Done invoking toplevel() on ptolemy.moml.MoMLSimpleApplication@50296e11
reloadAllAccessors: .CompareDE

===========================================================================================
----------------- testing Thu Sep 19 05:48:56 UTC 2019 /home/travis/build/icyphy/ptII/ptolemy/actor/lib/test/auto/ComplexDivide.xml
----------------- Instantiating /home/travis/build/icyphy/ptII/ptolemy/actor/lib/test/auto/ComplexDivide.xml
2 ms. Memory: 300032K Free: 224145K (75%)
----------------- Invoking toplevel() on ptolemy.moml.MoMLSimpleApplication@33540905
----------------- Done invoking toplevel() on ptolemy.moml.MoMLSimpleApplication@33540905
reloadAllAccessors: .ComplexDivide

===========================================================================================
----------------- testing Thu Sep 19 05:48:56 UTC 2019 /home/travis/build/icyphy/ptII/ptolemy/actor/lib/test/auto/ComputeHistogram.xml
----------------- Instantiating /home/travis/build/icyphy/ptII/ptolemy/actor/lib/test/auto/ComputeHistogram.xml
41 ms. Memory: 300032K Free: 211857K (71%)
----------------- Invoking toplevel() on ptolemy.moml.MoMLSimpleApplication@413333aa
----------------- Done invoking toplevel() on ptolemy.moml.MoMLSimpleApplication@413333aa
reloadAllAccessors: .ComputeHistogram

===========================================================================================
----------------- testing Thu Sep 19 05:48:56 UTC 2019 /home/travis/build/icyphy/ptII/ptolemy/actor/lib/test/auto/ConfigurationSelect.xml
----------------- Instantiating /home/travis/build/icyphy/ptII/ptolemy/actor/lib/test/auto/ConfigurationSelect.xml
9 ms. Memory: 300032K Free: 206217K (69%)
----------------- Invoking toplevel() on ptolemy.moml.MoMLSimpleApplication@2fcabb39
----------------- Done invoking toplevel() on ptolemy.moml.MoMLSimpleApplication@2fcabb39
reloadAllAccessors: .ConfigurationSelect

===========================================================================================
----------------- testing Thu Sep 19 05:48:56 UTC 2019 /home/travis/build/icyphy/ptII/ptolemy/actor/lib/test/auto/ConfigurationSelect2.xml
----------------- Instantiating /home/travis/build/icyphy/ptII/ptolemy/actor/lib/test/auto/ConfigurationSelect2.xml
2 ms. Memory: 300032K Free: 202127K (67%)
----------------- Invoking toplevel() on ptolemy.moml.MoMLSimpleApplication@5cc27dcc
----------------- Done invoking toplevel() on ptolemy.moml.MoMLSimpleApplication@5cc27dcc
reloadAllAccessors: .ConfigurationSelect2

===========================================================================================
----------------- testing Thu Sep 19 05:48:56 UTC 2019 /home/travis/build/icyphy/ptII/ptolemy/actor/lib/test/auto/ConfigurationSwitch.xml
----------------- Instantiating /home/travis/build/icyphy/ptII/ptolemy/actor/lib/test/auto/ConfigurationSwitch.xml
2 ms. Memory: 300032K Free: 196497K (65%)
----------------- Invoking toplevel() on ptolemy.moml.MoMLSimpleApplication@1504c01c
----------------- Done invoking toplevel() on ptolemy.moml.MoMLSimpleApplication@1504c01c
reloadAllAccessors: .ConfigurationSwitch

===========================================================================================
----------------- testing Thu Sep 19 05:48:56 UTC 2019 /home/travis/build/icyphy/ptII/ptolemy/actor/lib/test/auto/ConfigurationSwitch2.xml
----------------- Instantiating /home/travis/build/icyphy/ptII/ptolemy/actor/lib/test/auto/ConfigurationSwitch2.xml
4 ms. Memory: 300032K Free: 191377K (64%)
----------------- Invoking toplevel() on ptolemy.moml.MoMLSimpleApplication@7d0615ea
----------------- Done invoking toplevel() on ptolemy.moml.MoMLSimpleApplication@7d0615ea
reloadAllAccessors: .ConfigurationSwitch2

===========================================================================================
----------------- testing Thu Sep 19 05:48:56 UTC 2019 /home/travis/build/icyphy/ptII/ptolemy/actor/lib/test/auto/ConfigurationSwitchCloningBugWithClassRelationGroup.xml
----------------- Instantiating /home/travis/build/icyphy/ptII/ptolemy/actor/lib/test/auto/ConfigurationSwitchCloningBugWithClassRelationGroup.xml
1 ms. Memory: 300032K Free: 184209K (61%)
----------------- Invoking toplevel() on ptolemy.moml.MoMLSimpleApplication@4722d596
----------------- Done invoking toplevel() on ptolemy.moml.MoMLSimpleApplication@4722d596
reloadAllAccessors: .ConfigurationSwitchCloningBugWithClassRelationGroup

===========================================================================================
----------------- testing Thu Sep 19 05:48:56 UTC 2019 /home/travis/build/icyphy/ptII/ptolemy/actor/lib/test/auto/ConfigurationSwitchSelectSDF.xml
----------------- Instantiating /home/travis/build/icyphy/ptII/ptolemy/actor/lib/test/auto/ConfigurationSwitchSelectSDF.xml
4 ms. Memory: 300032K Free: 178575K (60%)
----------------- Invoking toplevel() on ptolemy.moml.MoMLSimpleApplication@1ac9b0c3
----------------- Done invoking toplevel() on ptolemy.moml.MoMLSimpleApplication@1ac9b0c3
reloadAllAccessors: .ConfigurationSwitchSelectSDF

===========================================================================================
----------------- testing Thu Sep 19 05:48:56 UTC 2019 /home/travis/build/icyphy/ptII/ptolemy/actor/lib/test/auto/ConfigurationSwitchSelectSDF2.xml
----------------- Instantiating /home/travis/build/icyphy/ptII/ptolemy/actor/lib/test/auto/ConfigurationSwitchSelectSDF2.xml
3 ms. Memory: 300032K Free: 172945K (58%)
----------------- Invoking toplevel() on ptolemy.moml.MoMLSimpleApplication@25ba8d65
----------------- Done invoking toplevel() on ptolemy.moml.MoMLSimpleApplication@25ba8d65
reloadAllAccessors: .ConfigurationSwitchSelectSDF2

===========================================================================================
----------------- testing Thu Sep 19 05:48:56 UTC 2019 /home/travis/build/icyphy/ptII/ptolemy/actor/lib/test/auto/Const.xml
----------------- Instantiating /home/travis/build/icyphy/ptII/ptolemy/actor/lib/test/auto/Const.xml
1 ms. Memory: 300032K Free: 169359K (56%)
----------------- Invoking toplevel() on ptolemy.moml.MoMLSimpleApplication@272f1208
----------------- Done invoking toplevel() on ptolemy.moml.MoMLSimpleApplication@272f1208
reloadAllAccessors: .Const

===========================================================================================
----------------- testing Thu Sep 19 05:48:56 UTC 2019 /home/travis/build/icyphy/ptII/ptolemy/actor/lib/test/auto/Const2.xml
----------------- Instantiating /home/travis/build/icyphy/ptII/ptolemy/actor/lib/test/auto/Const2.xml
2 ms. Memory: 300032K Free: 165777K (55%)
----------------- Invoking toplevel() on ptolemy.moml.MoMLSimpleApplication@7efe43ae
----------------- Done invoking toplevel() on ptolemy.moml.MoMLSimpleApplication@7efe43ae
reloadAllAccessors: .Const2

===========================================================================================
----------------- testing Thu Sep 19 05:48:56 UTC 2019 /home/travis/build/icyphy/ptII/ptolemy/actor/lib/test/auto/Const3.xml
----------------- Instantiating /home/travis/build/icyphy/ptII/ptolemy/actor/lib/test/auto/Const3.xml
1 ms. Memory: 300032K Free: 162705K (54%)
----------------- Invoking toplevel() on ptolemy.moml.MoMLSimpleApplication@38f5305f
----------------- Done invoking toplevel() on ptolemy.moml.MoMLSimpleApplication@38f5305f
reloadAllAccessors: .Const3

===========================================================================================
----------------- testing Thu Sep 19 05:48:57 UTC 2019 /home/travis/build/icyphy/ptII/ptolemy/actor/lib/test/auto/ConstantPublisherPort1.xml
----------------- Instantiating /home/travis/build/icyphy/ptII/ptolemy/actor/lib/test/auto/ConstantPublisherPort1.xml
5 ms. Memory: 300032K Free: 153489K (51%)
----------------- Invoking toplevel() on ptolemy.moml.MoMLSimpleApplication@5006054e
----------------- Done invoking toplevel() on ptolemy.moml.MoMLSimpleApplication@5006054e
reloadAllAccessors: .ConstantPublisherPort1

===========================================================================================
----------------- testing Thu Sep 19 05:48:57 UTC 2019 /home/travis/build/icyphy/ptII/ptolemy/actor/lib/test/auto/ConstantPublisherPort2.xml
----------------- Instantiating /home/travis/build/icyphy/ptII/ptolemy/actor/lib/test/auto/ConstantPublisherPort2.xml
3 ms. Memory: 300032K Free: 146321K (49%)
----------------- Invoking toplevel() on ptolemy.moml.MoMLSimpleApplication@6beae4c7
----------------- Done invoking toplevel() on ptolemy.moml.MoMLSimpleApplication@6beae4c7
reloadAllAccessors: .ConstantPublisherPort2

===========================================================================================
----------------- testing Thu Sep 19 05:48:57 UTC 2019 /home/travis/build/icyphy/ptII/ptolemy/actor/lib/test/auto/ConstantPublisherPort3.xml
----------------- Instantiating /home/travis/build/icyphy/ptII/ptolemy/actor/lib/test/auto/ConstantPublisherPort3.xml
3 ms. Memory: 300032K Free: 138639K (46%)
----------------- Invoking toplevel() on ptolemy.moml.MoMLSimpleApplication@20884a2b
----------------- Done invoking toplevel() on ptolemy.moml.MoMLSimpleApplication@20884a2b
reloadAllAccessors: .ConstantPublisherPort3

===========================================================================================
----------------- testing Thu Sep 19 05:48:57 UTC 2019 /home/travis/build/icyphy/ptII/ptolemy/actor/lib/test/auto/ConstantPublisherPort4.xml
----------------- Instantiating /home/travis/build/icyphy/ptII/ptolemy/actor/lib/test/auto/ConstantPublisherPort4.xml
2 ms. Memory: 300032K Free: 131985K (44%)
----------------- Invoking toplevel() on ptolemy.moml.MoMLSimpleApplication@65a2a3fb
----------------- Done invoking toplevel() on ptolemy.moml.MoMLSimpleApplication@65a2a3fb
reloadAllAccessors: .ConstantPublisherPort4

===========================================================================================
----------------- testing Thu Sep 19 05:48:57 UTC 2019 /home/travis/build/icyphy/ptII/ptolemy/actor/lib/test/auto/ConstantPublisherPort5.xml
----------------- Instantiating /home/travis/build/icyphy/ptII/ptolemy/actor/lib/test/auto/ConstantPublisherPort5.xml
40 ms. Memory: 300032K Free: 121745K (41%)
----------------- Invoking toplevel() on ptolemy.moml.MoMLSimpleApplication@4b25f9d8
----------------- Done invoking toplevel() on ptolemy.moml.MoMLSimpleApplication@4b25f9d8
reloadAllAccessors: .ConstantPublisherPort5

===========================================================================================
----------------- testing Thu Sep 19 05:48:57 UTC 2019 /home/travis/build/icyphy/ptII/ptolemy/actor/lib/test/auto/ConstantPublisherPort6.xml
----------------- Instantiating /home/travis/build/icyphy/ptII/ptolemy/actor/lib/test/auto/ConstantPublisherPort6.xml
8 ms. Memory: 300032K Free: 113039K (38%)
----------------- Invoking toplevel() on ptolemy.moml.MoMLSimpleApplication@516e6455
----------------- Done invoking toplevel() on ptolemy.moml.MoMLSimpleApplication@516e6455
reloadAllAccessors: .ConstantPublisherPort6

===========================================================================================
----------------- testing Thu Sep 19 05:48:57 UTC 2019 /home/travis/build/icyphy/ptII/ptolemy/actor/lib/test/auto/ConstantPublisherPort7.xml
----------------- Instantiating /home/travis/build/icyphy/ptII/ptolemy/actor/lib/test/auto/ConstantPublisherPort7.xml
19 ms. Memory: 300032K Free: 104337K (35%)
----------------- Invoking toplevel() on ptolemy.moml.MoMLSimpleApplication@241d19b3
----------------- Done invoking toplevel() on ptolemy.moml.MoMLSimpleApplication@241d19b3
reloadAllAccessors: .ConstantPublisherPort7

===========================================================================================
----------------- testing Thu Sep 19 05:48:57 UTC 2019 /home/travis/build/icyphy/ptII/ptolemy/actor/lib/test/auto/ConstraintMonitor1.xml
----------------- Instantiating /home/travis/build/icyphy/ptII/ptolemy/actor/lib/test/auto/ConstraintMonitor1.xml
2 ms. Memory: 300032K Free: 99217K (33%)
----------------- Invoking toplevel() on ptolemy.moml.MoMLSimpleApplication@38f635cb
----------------- Done invoking toplevel() on ptolemy.moml.MoMLSimpleApplication@38f635cb
reloadAllAccessors: .ConstraintMonitor1

===========================================================================================
----------------- testing Thu Sep 19 05:48:57 UTC 2019 /home/travis/build/icyphy/ptII/ptolemy/actor/lib/test/auto/ConstraintMonitor2.xml
----------------- Instantiating /home/travis/build/icyphy/ptII/ptolemy/actor/lib/test/auto/ConstraintMonitor2.xml
7 ms. Memory: 300032K Free: 94607K (32%)
----------------- Invoking toplevel() on ptolemy.moml.MoMLSimpleApplication@47dbc733
----------------- Done invoking toplevel() on ptolemy.moml.MoMLSimpleApplication@47dbc733
reloadAllAccessors: .ConstraintMonitor2

===========================================================================================
----------------- testing Thu Sep 19 05:48:57 UTC 2019 /home/travis/build/icyphy/ptII/ptolemy/actor/lib/test/auto/ConstraintMonitor3.xml
----------------- Instantiating /home/travis/build/icyphy/ptII/ptolemy/actor/lib/test/auto/ConstraintMonitor3.xml
2 ms. Memory: 300032K Free: 89487K (30%)
----------------- Invoking toplevel() on ptolemy.moml.MoMLSimpleApplication@4f4e99f1
----------------- Done invoking toplevel() on ptolemy.moml.MoMLSimpleApplication@4f4e99f1
reloadAllAccessors: .ConstraintMonitor3

===========================================================================================
----------------- testing Thu Sep 19 05:48:57 UTC 2019 /home/travis/build/icyphy/ptII/ptolemy/actor/lib/test/auto/ConstraintMonitor4.xml
----------------- Instantiating /home/travis/build/icyphy/ptII/ptolemy/actor/lib/test/auto/ConstraintMonitor4.xml
5 ms. Memory: 300032K Free: 84367K (28%)
----------------- Invoking toplevel() on ptolemy.moml.MoMLSimpleApplication@2b7dc23c
----------------- Done invoking toplevel() on ptolemy.moml.MoMLSimpleApplication@2b7dc23c
reloadAllAccessors: .ConstraintMonitor4

===========================================================================================
----------------- testing Thu Sep 19 05:48:57 UTC 2019 /home/travis/build/icyphy/ptII/ptolemy/actor/lib/test/auto/ConstraintMonitor5.xml
----------------- Instantiating /home/travis/build/icyphy/ptII/ptolemy/actor/lib/test/auto/ConstraintMonitor5.xml
1 ms. Memory: 300032K Free: 79761K (27%)
----------------- Invoking toplevel() on ptolemy.moml.MoMLSimpleApplication@28554391
----------------- Done invoking toplevel() on ptolemy.moml.MoMLSimpleApplication@28554391
reloadAllAccessors: .ConstraintMonitor5

===========================================================================================
----------------- testing Thu Sep 19 05:48:57 UTC 2019 /home/travis/build/icyphy/ptII/ptolemy/actor/lib/test/auto/ConstraintMonitor6.xml
----------------- Instantiating /home/travis/build/icyphy/ptII/ptolemy/actor/lib/test/auto/ConstraintMonitor6.xml
8 ms. Memory: 300032K Free: 250530K (84%)
----------------- Invoking toplevel() on ptolemy.moml.MoMLSimpleApplication@57f22ee
----------------- Done invoking toplevel() on ptolemy.moml.MoMLSimpleApplication@57f22ee
reloadAllAccessors: .ConstraintMonitor6

===========================================================================================
----------------- testing Thu Sep 19 05:48:57 UTC 2019 /home/travis/build/icyphy/ptII/ptolemy/actor/lib/test/auto/ConstraintMonitor7.xml
----------------- Instantiating /home/travis/build/icyphy/ptII/ptolemy/actor/lib/test/auto/ConstraintMonitor7.xml
9 ms. Memory: 300032K Free: 243362K (81%)
----------------- Invoking toplevel() on ptolemy.moml.MoMLSimpleApplication@2c6d0d9
----------------- Done invoking toplevel() on ptolemy.moml.MoMLSimpleApplication@2c6d0d9
reloadAllAccessors: .ConstraintMonitor7

===========================================================================================
----------------- testing Thu Sep 19 05:48:57 UTC 2019 /home/travis/build/icyphy/ptII/ptolemy/actor/lib/test/auto/ConstraintMonitor8.xml
----------------- Instantiating /home/travis/build/icyphy/ptII/ptolemy/actor/lib/test/auto/ConstraintMonitor8.xml
5 ms. Memory: 300032K Free: 236194K (79%)
----------------- Invoking toplevel() on ptolemy.moml.MoMLSimpleApplication@17302425
----------------- Done invoking toplevel() on ptolemy.moml.MoMLSimpleApplication@17302425
reloadAllAccessors: .ConstraintMonitor8

===========================================================================================
----------------- testing Thu Sep 19 05:48:57 UTC 2019 /home/travis/build/icyphy/ptII/ptolemy/actor/lib/test/auto/Counter.xml
----------------- Instantiating /home/travis/build/icyphy/ptII/ptolemy/actor/lib/test/auto/Counter.xml
2 ms. Memory: 300032K Free: 231074K (77%)
----------------- Invoking toplevel() on ptolemy.moml.MoMLSimpleApplication@4aa9e9d7
----------------- Done invoking toplevel() on ptolemy.moml.MoMLSimpleApplication@4aa9e9d7
reloadAllAccessors: .Counter

===========================================================================================
----------------- testing Thu Sep 19 05:48:57 UTC 2019 /home/travis/build/icyphy/ptII/ptolemy/actor/lib/test/auto/CurrentTimeSDF.xml
----------------- Instantiating /home/travis/build/icyphy/ptII/ptolemy/actor/lib/test/auto/CurrentTimeSDF.xml
2 ms. Memory: 300032K Free: 226978K (76%)
----------------- Invoking toplevel() on ptolemy.moml.MoMLSimpleApplication@617cb3dd
----------------- Done invoking toplevel() on ptolemy.moml.MoMLSimpleApplication@617cb3dd
reloadAllAccessors: .CurrentTimeSDF

===========================================================================================
----------------- testing Thu Sep 19 05:48:57 UTC 2019 /home/travis/build/icyphy/ptII/ptolemy/actor/lib/test/auto/DB.xml
----------------- Instantiating /home/travis/build/icyphy/ptII/ptolemy/actor/lib/test/auto/DB.xml
1 ms. Memory: 300032K Free: 222368K (74%)
----------------- Invoking toplevel() on ptolemy.moml.MoMLSimpleApplication@4cf1e501
----------------- Done invoking toplevel() on ptolemy.moml.MoMLSimpleApplication@4cf1e501
reloadAllAccessors: .DB

===========================================================================================
----------------- testing Thu Sep 19 05:48:57 UTC 2019 /home/travis/build/icyphy/ptII/ptolemy/actor/lib/test/auto/DBDE.xml
----------------- Instantiating /home/travis/build/icyphy/ptII/ptolemy/actor/lib/test/auto/DBDE.xml
3 ms. Memory: 300032K Free: 215714K (72%)
----------------- Invoking toplevel() on ptolemy.moml.MoMLSimpleApplication@51278efd
----------------- Done invoking toplevel() on ptolemy.moml.MoMLSimpleApplication@51278efd
reloadAllAccessors: .DBDE

===========================================================================================
----------------- testing Thu Sep 19 05:48:57 UTC 2019 /home/travis/build/icyphy/ptII/ptolemy/actor/lib/test/auto/DateConstructor.xml
----------------- Instantiating /home/travis/build/icyphy/ptII/ptolemy/actor/lib/test/auto/DateConstructor.xml
25 ms. Memory: 300032K Free: 197792K (66%)
----------------- Invoking toplevel() on ptolemy.moml.MoMLSimpleApplication@54b591a7
----------------- Done invoking toplevel() on ptolemy.moml.MoMLSimpleApplication@54b591a7
reloadAllAccessors: .DateConstructor

===========================================================================================
----------------- testing Thu Sep 19 05:48:57 UTC 2019 /home/travis/build/icyphy/ptII/ptolemy/actor/lib/test/auto/DelayTime.xml
----------------- Instantiating /home/travis/build/icyphy/ptII/ptolemy/actor/lib/test/auto/DelayTime.xml
5 ms. Memory: 300032K Free: 193186K (64%)
----------------- Invoking toplevel() on ptolemy.moml.MoMLSimpleApplication@72dd2bee
----------------- Done invoking toplevel() on ptolemy.moml.MoMLSimpleApplication@72dd2bee
reloadAllAccessors: .DelayTime

===========================================================================================
----------------- testing Thu Sep 19 05:48:57 UTC 2019 /home/travis/build/icyphy/ptII/ptolemy/actor/lib/test/auto/Dictionary1.xml
----------------- Instantiating /home/travis/build/icyphy/ptII/ptolemy/actor/lib/test/auto/Dictionary1.xml
1 ms. Memory: 300032K Free: 187552K (63%)
----------------- Invoking toplevel() on ptolemy.moml.MoMLSimpleApplication@6e58f836
----------------- Done invoking toplevel() on ptolemy.moml.MoMLSimpleApplication@6e58f836
reloadAllAccessors: .Dictionary1

===========================================================================================
----------------- testing Thu Sep 19 05:48:57 UTC 2019 /home/travis/build/icyphy/ptII/ptolemy/actor/lib/test/auto/Dictionary2.xml
----------------- Instantiating /home/travis/build/icyphy/ptII/ptolemy/actor/lib/test/auto/Dictionary2.xml
8 ms. Memory: 300032K Free: 181922K (61%)
----------------- Invoking toplevel() on ptolemy.moml.MoMLSimpleApplication@42be230c
----------------- Done invoking toplevel() on ptolemy.moml.MoMLSimpleApplication@42be230c
reloadAllAccessors: .Dictionary2

===========================================================================================
----------------- testing Thu Sep 19 05:48:57 UTC 2019 /home/travis/build/icyphy/ptII/ptolemy/actor/lib/test/auto/Dictionary3.xml
----------------- Instantiating /home/travis/build/icyphy/ptII/ptolemy/actor/lib/test/auto/Dictionary3.xml
1 ms. Memory: 300032K Free: 176802K (59%)
----------------- Invoking toplevel() on ptolemy.moml.MoMLSimpleApplication@57231401
----------------- Done invoking toplevel() on ptolemy.moml.MoMLSimpleApplication@57231401
reloadAllAccessors: .Dictionary3

===========================================================================================
----------------- testing Thu Sep 19 05:48:57 UTC 2019 /home/travis/build/icyphy/ptII/ptolemy/actor/lib/test/auto/Dictionary4.xml
----------------- Instantiating /home/travis/build/icyphy/ptII/ptolemy/actor/lib/test/auto/Dictionary4.xml
4 ms. Memory: 300032K Free: 169634K (57%)
----------------- Invoking toplevel() on ptolemy.moml.MoMLSimpleApplication@1fc93338
----------------- Done invoking toplevel() on ptolemy.moml.MoMLSimpleApplication@1fc93338
reloadAllAccessors: .Dictionary4

===========================================================================================
----------------- testing Thu Sep 19 05:48:57 UTC 2019 /home/travis/build/icyphy/ptII/ptolemy/actor/lib/test/auto/Differential.xml
----------------- Instantiating /home/travis/build/icyphy/ptII/ptolemy/actor/lib/test/auto/Differential.xml
3 ms. Memory: 300032K Free: 165024K (55%)
----------------- Invoking toplevel() on ptolemy.moml.MoMLSimpleApplication@15c9620c
----------------- Done invoking toplevel() on ptolemy.moml.MoMLSimpleApplication@15c9620c
reloadAllAccessors: .Differential

===========================================================================================
----------------- testing Thu Sep 19 05:48:57 UTC 2019 /home/travis/build/icyphy/ptII/ptolemy/actor/lib/test/auto/Director.xml
----------------- Instantiating /home/travis/build/icyphy/ptII/ptolemy/actor/lib/test/auto/Director.xml
4 ms. Memory: 300032K Free: 161952K (54%)
----------------- Invoking toplevel() on ptolemy.moml.MoMLSimpleApplication@3916b946
----------------- Done invoking toplevel() on ptolemy.moml.MoMLSimpleApplication@3916b946
reloadAllAccessors: .Director

===========================================================================================
----------------- testing Thu Sep 19 05:48:57 UTC 2019 /home/travis/build/icyphy/ptII/ptolemy/actor/lib/test/auto/DiscreteClock.xml
----------------- Instantiating /home/travis/build/icyphy/ptII/ptolemy/actor/lib/test/auto/DiscreteClock.xml
1 ms. Memory: 300032K Free: 157856K (53%)
----------------- Invoking toplevel() on ptolemy.moml.MoMLSimpleApplication@33d81d18
----------------- Done invoking toplevel() on ptolemy.moml.MoMLSimpleApplication@33d81d18
reloadAllAccessors: .DiscreteClock

===========================================================================================
----------------- testing Thu Sep 19 05:48:57 UTC 2019 /home/travis/build/icyphy/ptII/ptolemy/actor/lib/test/auto/DiscreteClock10.xml
----------------- Instantiating /home/travis/build/icyphy/ptII/ptolemy/actor/lib/test/auto/DiscreteClock10.xml
4 ms. Memory: 300032K Free: 151712K (51%)
----------------- Invoking toplevel() on ptolemy.moml.MoMLSimpleApplication@68378872
----------------- Done invoking toplevel() on ptolemy.moml.MoMLSimpleApplication@68378872
reloadAllAccessors: .DiscreteClock10

===========================================================================================
----------------- testing Thu Sep 19 05:48:57 UTC 2019 /home/travis/build/icyphy/ptII/ptolemy/actor/lib/test/auto/DiscreteClock11.xml
----------------- Instantiating /home/travis/build/icyphy/ptII/ptolemy/actor/lib/test/auto/DiscreteClock11.xml
2 ms. Memory: 300032K Free: 145568K (49%)
----------------- Invoking toplevel() on ptolemy.moml.MoMLSimpleApplication@1809a35d
----------------- Done invoking toplevel() on ptolemy.moml.MoMLSimpleApplication@1809a35d
reloadAllAccessors: .DiscreteClock11

===========================================================================================
----------------- testing Thu Sep 19 05:48:57 UTC 2019 /home/travis/build/icyphy/ptII/ptolemy/actor/lib/test/auto/DiscreteClock12.xml
----------------- Instantiating /home/travis/build/icyphy/ptII/ptolemy/actor/lib/test/auto/DiscreteClock12.xml
2 ms. Memory: 300032K Free: 139938K (47%)
----------------- Invoking toplevel() on ptolemy.moml.MoMLSimpleApplication@23059716
----------------- Done invoking toplevel() on ptolemy.moml.MoMLSimpleApplication@23059716
reloadAllAccessors: .DiscreteClock12

===========================================================================================
----------------- testing Thu Sep 19 05:48:57 UTC 2019 /home/travis/build/icyphy/ptII/ptolemy/actor/lib/test/auto/DiscreteClock13.xml
----------------- Instantiating /home/travis/build/icyphy/ptII/ptolemy/actor/lib/test/auto/DiscreteClock13.xml
2 ms. Memory: 300032K Free: 133794K (45%)
----------------- Invoking toplevel() on ptolemy.moml.MoMLSimpleApplication@715f1134
----------------- Done invoking toplevel() on ptolemy.moml.MoMLSimpleApplication@715f1134
reloadAllAccessors: .DiscreteClock13

===========================================================================================
----------------- testing Thu Sep 19 05:48:57 UTC 2019 /home/travis/build/icyphy/ptII/ptolemy/actor/lib/test/auto/DiscreteClock14.xml
----------------- Instantiating /home/travis/build/icyphy/ptII/ptolemy/actor/lib/test/auto/DiscreteClock14.xml
3 ms. Memory: 300032K Free: 127650K (43%)
----------------- Invoking toplevel() on ptolemy.moml.MoMLSimpleApplication@1db1a348
----------------- Done invoking toplevel() on ptolemy.moml.MoMLSimpleApplication@1db1a348
reloadAllAccessors: .DiscreteClock14

===========================================================================================
----------------- testing Thu Sep 19 05:48:57 UTC 2019 /home/travis/build/icyphy/ptII/ptolemy/actor/lib/test/auto/DiscreteClock15.xml
----------------- Instantiating /home/travis/build/icyphy/ptII/ptolemy/actor/lib/test/auto/DiscreteClock15.xml
3 ms. Memory: 300032K Free: 121506K (40%)
----------------- Invoking toplevel() on ptolemy.moml.MoMLSimpleApplication@5125ed9c
----------------- Done invoking toplevel() on ptolemy.moml.MoMLSimpleApplication@5125ed9c
reloadAllAccessors: .DiscreteClock15

===========================================================================================
----------------- testing Thu Sep 19 05:48:57 UTC 2019 /home/travis/build/icyphy/ptII/ptolemy/actor/lib/test/auto/DiscreteClock16.xml
----------------- Instantiating /home/travis/build/icyphy/ptII/ptolemy/actor/lib/test/auto/DiscreteClock16.xml
16 ms. Memory: 300032K Free: 108194K (36%)
----------------- Invoking toplevel() on ptolemy.moml.MoMLSimpleApplication@7166b08a
----------------- Done invoking toplevel() on ptolemy.moml.MoMLSimpleApplication@7166b08a
reloadAllAccessors: .DiscreteClock16

===========================================================================================
----------------- testing Thu Sep 19 05:48:57 UTC 2019 /home/travis/build/icyphy/ptII/ptolemy/actor/lib/test/auto/DiscreteClock17.xml
----------------- Instantiating /home/travis/build/icyphy/ptII/ptolemy/actor/lib/test/auto/DiscreteClock17.xml
17 ms. Memory: 300032K Free: 93858K (31%)
----------------- Invoking toplevel() on ptolemy.moml.MoMLSimpleApplication@1500645c
----------------- Done invoking toplevel() on ptolemy.moml.MoMLSimpleApplication@1500645c
reloadAllAccessors: .DiscreteClock17

===========================================================================================
----------------- testing Thu Sep 19 05:48:57 UTC 2019 /home/travis/build/icyphy/ptII/ptolemy/actor/lib/test/auto/DiscreteClock18.xml
----------------- Instantiating /home/travis/build/icyphy/ptII/ptolemy/actor/lib/test/auto/DiscreteClock18.xml
22 ms. Memory: 300032K Free: 80032K (27%)
----------------- Invoking toplevel() on ptolemy.moml.MoMLSimpleApplication@612642ac
----------------- Done invoking toplevel() on ptolemy.moml.MoMLSimpleApplication@612642ac
reloadAllAccessors: .DiscreteClock18

===========================================================================================
----------------- testing Thu Sep 19 05:48:57 UTC 2019 /home/travis/build/icyphy/ptII/ptolemy/actor/lib/test/auto/DiscreteClock19.xml
----------------- Instantiating /home/travis/build/icyphy/ptII/ptolemy/actor/lib/test/auto/DiscreteClock19.xml
11 ms. Memory: 300032K Free: 243184K (81%)
----------------- Invoking toplevel() on ptolemy.moml.MoMLSimpleApplication@78e1ee3a
----------------- Done invoking toplevel() on ptolemy.moml.MoMLSimpleApplication@78e1ee3a
reloadAllAccessors: .DiscreteClock19

===========================================================================================
----------------- testing Thu Sep 19 05:48:58 UTC 2019 /home/travis/build/icyphy/ptII/ptolemy/actor/lib/test/auto/DiscreteClock2.xml
----------------- Instantiating /home/travis/build/icyphy/ptII/ptolemy/actor/lib/test/auto/DiscreteClock2.xml
8 ms. Memory: 300032K Free: 238064K (79%)
----------------- Invoking toplevel() on ptolemy.moml.MoMLSimpleApplication@698aff09
----------------- Done invoking toplevel() on ptolemy.moml.MoMLSimpleApplication@698aff09
reloadAllAccessors: .DiscreteClock2

===========================================================================================
----------------- testing Thu Sep 19 05:48:58 UTC 2019 /home/travis/build/icyphy/ptII/ptolemy/actor/lib/test/auto/DiscreteClock20.xml
----------------- Instantiating /home/travis/build/icyphy/ptII/ptolemy/actor/lib/test/auto/DiscreteClock20.xml
10 ms. Memory: 300032K Free: 232430K (77%)
----------------- Invoking toplevel() on ptolemy.moml.MoMLSimpleApplication@385ef101
----------------- Done invoking toplevel() on ptolemy.moml.MoMLSimpleApplication@385ef101
reloadAllAccessors: .DiscreteClock20

===========================================================================================
----------------- testing Thu Sep 19 05:48:58 UTC 2019 /home/travis/build/icyphy/ptII/ptolemy/actor/lib/test/auto/DiscreteClock21.xml
----------------- Instantiating /home/travis/build/icyphy/ptII/ptolemy/actor/lib/test/auto/DiscreteClock21.xml
6 ms. Memory: 300032K Free: 226800K (76%)
----------------- Invoking toplevel() on ptolemy.moml.MoMLSimpleApplication@3a0fdce3
----------------- Done invoking toplevel() on ptolemy.moml.MoMLSimpleApplication@3a0fdce3
reloadAllAccessors: .DiscreteClock21

===========================================================================================
----------------- testing Thu Sep 19 05:48:58 UTC 2019 /home/travis/build/icyphy/ptII/ptolemy/actor/lib/test/auto/DiscreteClock22.xml
----------------- Instantiating /home/travis/build/icyphy/ptII/ptolemy/actor/lib/test/auto/DiscreteClock22.xml
5 ms. Memory: 300032K Free: 221166K (74%)
----------------- Invoking toplevel() on ptolemy.moml.MoMLSimpleApplication@21095580
----------------- Done invoking toplevel() on ptolemy.moml.MoMLSimpleApplication@21095580
reloadAllAccessors: .DiscreteClock22

===========================================================================================
----------------- testing Thu Sep 19 05:48:58 UTC 2019 /home/travis/build/icyphy/ptII/ptolemy/actor/lib/test/auto/DiscreteClock23.xml
----------------- Instantiating /home/travis/build/icyphy/ptII/ptolemy/actor/lib/test/auto/DiscreteClock23.xml
6 ms. Memory: 300032K Free: 216046K (72%)
----------------- Invoking toplevel() on ptolemy.moml.MoMLSimpleApplication@63050d3
----------------- Done invoking toplevel() on ptolemy.moml.MoMLSimpleApplication@63050d3
reloadAllAccessors: .DiscreteClock23

===========================================================================================
----------------- testing Thu Sep 19 05:48:58 UTC 2019 /home/travis/build/icyphy/ptII/ptolemy/actor/lib/test/auto/DiscreteClock24.xml
----------------- Instantiating /home/travis/build/icyphy/ptII/ptolemy/actor/lib/test/auto/DiscreteClock24.xml
5 ms. Memory: 300032K Free: 210416K (70%)
----------------- Invoking toplevel() on ptolemy.moml.MoMLSimpleApplication@6587e26b
----------------- Done invoking toplevel() on ptolemy.moml.MoMLSimpleApplication@6587e26b
reloadAllAccessors: .DiscreteClock24

===========================================================================================
----------------- testing Thu Sep 19 05:48:58 UTC 2019 /home/travis/build/icyphy/ptII/ptolemy/actor/lib/test/auto/DiscreteClock4.xml
----------------- Instantiating /home/travis/build/icyphy/ptII/ptolemy/actor/lib/test/auto/DiscreteClock4.xml
4 ms. Memory: 300032K Free: 204782K (68%)
----------------- Invoking toplevel() on ptolemy.moml.MoMLSimpleApplication@1be91bcd
----------------- Done invoking toplevel() on ptolemy.moml.MoMLSimpleApplication@1be91bcd
reloadAllAccessors: .DiscreteClock4

===========================================================================================
----------------- testing Thu Sep 19 05:48:58 UTC 2019 /home/travis/build/icyphy/ptII/ptolemy/actor/lib/test/auto/DiscreteClock5.xml
----------------- Instantiating /home/travis/build/icyphy/ptII/ptolemy/actor/lib/test/auto/DiscreteClock5.xml
2 ms. Memory: 300032K Free: 199152K (66%)
----------------- Invoking toplevel() on ptolemy.moml.MoMLSimpleApplication@ad63805
----------------- Done invoking toplevel() on ptolemy.moml.MoMLSimpleApplication@ad63805
reloadAllAccessors: .DiscreteClock5

===========================================================================================
----------------- testing Thu Sep 19 05:48:58 UTC 2019 /home/travis/build/icyphy/ptII/ptolemy/actor/lib/test/auto/DiscreteClock6.xml
----------------- Instantiating /home/travis/build/icyphy/ptII/ptolemy/actor/lib/test/auto/DiscreteClock6.xml
2 ms. Memory: 300032K Free: 195056K (65%)
----------------- Invoking toplevel() on ptolemy.moml.MoMLSimpleApplication@6f3813c1
----------------- Done invoking toplevel() on ptolemy.moml.MoMLSimpleApplication@6f3813c1
reloadAllAccessors: .DiscreteClock6

===========================================================================================
----------------- testing Thu Sep 19 05:48:58 UTC 2019 /home/travis/build/icyphy/ptII/ptolemy/actor/lib/test/auto/DiscreteClock7.xml
----------------- Instantiating /home/travis/build/icyphy/ptII/ptolemy/actor/lib/test/auto/DiscreteClock7.xml
1 ms. Memory: 300032K Free: 190446K (63%)
----------------- Invoking toplevel() on ptolemy.moml.MoMLSimpleApplication@6f8b9f10
----------------- Done invoking toplevel() on ptolemy.moml.MoMLSimpleApplication@6f8b9f10
reloadAllAccessors: .DiscreteClock7

===========================================================================================
----------------- testing Thu Sep 19 05:48:58 UTC 2019 /home/travis/build/icyphy/ptII/ptolemy/actor/lib/test/auto/DiscreteClock8.xml
----------------- Instantiating /home/travis/build/icyphy/ptII/ptolemy/actor/lib/test/auto/DiscreteClock8.xml
2 ms. Memory: 300032K Free: 184816K (62%)
----------------- Invoking toplevel() on ptolemy.moml.MoMLSimpleApplication@5e53321c
----------------- Done invoking toplevel() on ptolemy.moml.MoMLSimpleApplication@5e53321c
reloadAllAccessors: .DiscreteClock8

===========================================================================================
----------------- testing Thu Sep 19 05:48:58 UTC 2019 /home/travis/build/icyphy/ptII/ptolemy/actor/lib/test/auto/DiscreteClock9.xml
----------------- Instantiating /home/travis/build/icyphy/ptII/ptolemy/actor/lib/test/auto/DiscreteClock9.xml
2 ms. Memory: 300032K Free: 178672K (60%)
----------------- Invoking toplevel() on ptolemy.moml.MoMLSimpleApplication@680dfd5f
----------------- Done invoking toplevel() on ptolemy.moml.MoMLSimpleApplication@680dfd5f
reloadAllAccessors: .DiscreteClock9

===========================================================================================
----------------- testing Thu Sep 19 05:48:58 UTC 2019 /home/travis/build/icyphy/ptII/ptolemy/actor/lib/test/auto/DisplayArray.xml
----------------- Instantiating /home/travis/build/icyphy/ptII/ptolemy/actor/lib/test/auto/DisplayArray.xml
1 ms. Memory: 300032K Free: 175600K (59%)
----------------- Invoking toplevel() on ptolemy.moml.MoMLSimpleApplication@589fdcdc
----------------- Done invoking toplevel() on ptolemy.moml.MoMLSimpleApplication@589fdcdc
reloadAllAccessors: .DisplayArray

===========================================================================================
----------------- testing Thu Sep 19 05:48:58 UTC 2019 /home/travis/build/icyphy/ptII/ptolemy/actor/lib/test/auto/Distributor.xml
----------------- Instantiating /home/travis/build/icyphy/ptII/ptolemy/actor/lib/test/auto/Distributor.xml
1 ms. Memory: 300032K Free: 170480K (57%)
----------------- Invoking toplevel() on ptolemy.moml.MoMLSimpleApplication@2fd3b7d5
----------------- Done invoking toplevel() on ptolemy.moml.MoMLSimpleApplication@2fd3b7d5
reloadAllAccessors: .Distributor

===========================================================================================
----------------- testing Thu Sep 19 05:48:58 UTC 2019 /home/travis/build/icyphy/ptII/ptolemy/actor/lib/test/auto/Distributor2.xml
----------------- Instantiating /home/travis/build/icyphy/ptII/ptolemy/actor/lib/test/auto/Distributor2.xml
1 ms. Memory: 300032K Free: 165360K (55%)
----------------- Invoking toplevel() on ptolemy.moml.MoMLSimpleApplication@49d933bd
----------------- Done invoking toplevel() on ptolemy.moml.MoMLSimpleApplication@49d933bd
reloadAllAccessors: .Distributor2

===========================================================================================
----------------- testing Thu Sep 19 05:48:58 UTC 2019 /home/travis/build/icyphy/ptII/ptolemy/actor/lib/test/auto/DownSample.xml
----------------- Instantiating /home/travis/build/icyphy/ptII/ptolemy/actor/lib/test/auto/DownSample.xml
2 ms. Memory: 300032K Free: 160750K (54%)
----------------- Invoking toplevel() on ptolemy.moml.MoMLSimpleApplication@2e1b46d1
----------------- Done invoking toplevel() on ptolemy.moml.MoMLSimpleApplication@2e1b46d1
reloadAllAccessors: .DownSample

===========================================================================================
----------------- testing Thu Sep 19 05:48:58 UTC 2019 /home/travis/build/icyphy/ptII/ptolemy/actor/lib/test/auto/ElectronicUnitBase1.xml
----------------- Instantiating /home/travis/build/icyphy/ptII/ptolemy/actor/lib/test/auto/ElectronicUnitBase1.xml
21 ms. Memory: 300032K Free: 144366K (48%)
----------------- Invoking toplevel() on ptolemy.moml.MoMLSimpleApplication@1af961c6
----------------- Done invoking toplevel() on ptolemy.moml.MoMLSimpleApplication@1af961c6
reloadAllAccessors: .ElectronicUnitBase1

===========================================================================================
----------------- testing Thu Sep 19 05:48:58 UTC 2019 /home/travis/build/icyphy/ptII/ptolemy/actor/lib/test/auto/ElementsToArray.xml
----------------- Instantiating /home/travis/build/icyphy/ptII/ptolemy/actor/lib/test/auto/ElementsToArray.xml
2 ms. Memory: 300032K Free: 139760K (47%)
----------------- Invoking toplevel() on ptolemy.moml.MoMLSimpleApplication@3f53866
----------------- Done invoking toplevel() on ptolemy.moml.MoMLSimpleApplication@3f53866
reloadAllAccessors: .ElementsToArray

===========================================================================================
----------------- testing Thu Sep 19 05:48:58 UTC 2019 /home/travis/build/icyphy/ptII/ptolemy/actor/lib/test/auto/Equals.xml
----------------- Instantiating /home/travis/build/icyphy/ptII/ptolemy/actor/lib/test/auto/Equals.xml
3 ms. Memory: 300032K Free: 135150K (45%)
----------------- Invoking toplevel() on ptolemy.moml.MoMLSimpleApplication@6843e6b2
----------------- Done invoking toplevel() on ptolemy.moml.MoMLSimpleApplication@6843e6b2
reloadAllAccessors: .Equals

===========================================================================================
----------------- testing Thu Sep 19 05:48:58 UTC 2019 /home/travis/build/icyphy/ptII/ptolemy/actor/lib/test/auto/Exec.xml
----------------- Instantiating /home/travis/build/icyphy/ptII/ptolemy/actor/lib/test/auto/Exec.xml
17 ms. Memory: 300032K Free: 129006K (43%)
----------------- Invoking toplevel() on ptolemy.moml.MoMLSimpleApplication@4dd812e7
----------------- Done invoking toplevel() on ptolemy.moml.MoMLSimpleApplication@4dd812e7
reloadAllAccessors: .Exec

===========================================================================================
----------------- testing Thu Sep 19 05:48:58 UTC 2019 /home/travis/build/icyphy/ptII/ptolemy/actor/lib/test/auto/ExecEnvironment.xml
----------------- Instantiating /home/travis/build/icyphy/ptII/ptolemy/actor/lib/test/auto/ExecEnvironment.xml
33 ms. Memory: 300032K Free: 123872K (41%)
----------------- Invoking toplevel() on ptolemy.moml.MoMLSimpleApplication@27a7bcaf
----------------- Done invoking toplevel() on ptolemy.moml.MoMLSimpleApplication@27a7bcaf
reloadAllAccessors: .ExecEnvironment

===========================================================================================
----------------- testing Thu Sep 19 05:48:58 UTC 2019 /home/travis/build/icyphy/ptII/ptolemy/actor/lib/test/auto/ExecNonZeroReturnOutput.xml
----------------- Instantiating /home/travis/build/icyphy/ptII/ptolemy/actor/lib/test/auto/ExecNonZeroReturnOutput.xml
190 ms. Memory: 300032K Free: 112622K (38%)
----------------- Invoking toplevel() on ptolemy.moml.MoMLSimpleApplication@6284fde0
----------------- Done invoking toplevel() on ptolemy.moml.MoMLSimpleApplication@6284fde0
reloadAllAccessors: .ExecNonZeroReturnOutput

===========================================================================================
----------------- testing Thu Sep 19 05:48:58 UTC 2019 /home/travis/build/icyphy/ptII/ptolemy/actor/lib/test/auto/ExecRunDemos.xml
----------------- Instantiating /home/travis/build/icyphy/ptII/ptolemy/actor/lib/test/auto/ExecRunDemos.xml
Finished: 68 ms. Memory: 120832K Free: 104451K (86%)

Finished: 80 ms. Memory: 120832K Free: 110858K (92%)

Finished: 85 ms. Memory: 120832K Free: 111020K (92%)

Finished: 97 ms. Memory: 120832K Free: 111586K (92%)

Finished: 85 ms. Memory: 120832K Free: 103913K (86%)

10674 ms. Memory: 300032K Free: 91632K (31%)
----------------- Invoking toplevel() on ptolemy.moml.MoMLSimpleApplication@66de4ad2
----------------- Done invoking toplevel() on ptolemy.moml.MoMLSimpleApplication@66de4ad2
reloadAllAccessors: .ExecRunDemos

===========================================================================================
----------------- testing Thu Sep 19 05:49:09 UTC 2019 /home/travis/build/icyphy/ptII/ptolemy/actor/lib/test/auto/ExecStop.xml
----------------- Instantiating /home/travis/build/icyphy/ptII/ptolemy/actor/lib/test/auto/ExecStop.xml
5025 ms. Memory: 300032K Free: 147347K (49%)
----------------- Invoking toplevel() on ptolemy.moml.MoMLSimpleApplication@fcf5484
----------------- Done invoking toplevel() on ptolemy.moml.MoMLSimpleApplication@fcf5484
reloadAllAccessors: .ExecStop

===========================================================================================
----------------- testing Thu Sep 19 05:49:14 UTC 2019 /home/travis/build/icyphy/ptII/ptolemy/actor/lib/test/auto/ExecutionTimeSDF.xml
----------------- Instantiating /home/travis/build/icyphy/ptII/ptolemy/actor/lib/test/auto/ExecutionTimeSDF.xml
Fired ExecutionTime: 2030400000
Fired ExecutionTime: 1066400000
Fired ExecutionTime: -1069367296
6005 ms. Memory: 300032K Free: 134640K (45%)
----------------- Invoking toplevel() on ptolemy.moml.MoMLSimpleApplication@37ecedb0
----------------- Done invoking toplevel() on ptolemy.moml.MoMLSimpleApplication@37ecedb0
reloadAllAccessors: .ExecutionTimeSDF

===========================================================================================
----------------- testing Thu Sep 19 05:49:20 UTC 2019 /home/travis/build/icyphy/ptII/ptolemy/actor/lib/test/auto/Expression1.xml
----------------- Instantiating /home/travis/build/icyphy/ptII/ptolemy/actor/lib/test/auto/Expression1.xml
1 ms. Memory: 300032K Free: 131592K (44%)
----------------- Invoking toplevel() on ptolemy.moml.MoMLSimpleApplication@57b4846
----------------- Done invoking toplevel() on ptolemy.moml.MoMLSimpleApplication@57b4846
reloadAllAccessors: .Expression1

===========================================================================================
----------------- testing Thu Sep 19 05:49:20 UTC 2019 /home/travis/build/icyphy/ptII/ptolemy/actor/lib/test/auto/Expression10.xml
----------------- Instantiating /home/travis/build/icyphy/ptII/ptolemy/actor/lib/test/auto/Expression10.xml
7 ms. Memory: 300032K Free: 126494K (42%)
----------------- Invoking toplevel() on ptolemy.moml.MoMLSimpleApplication@4dac54f7
----------------- Done invoking toplevel() on ptolemy.moml.MoMLSimpleApplication@4dac54f7
reloadAllAccessors: .Expression10

===========================================================================================
----------------- testing Thu Sep 19 05:49:20 UTC 2019 /home/travis/build/icyphy/ptII/ptolemy/actor/lib/test/auto/Expression11.xml
----------------- Instantiating /home/travis/build/icyphy/ptII/ptolemy/actor/lib/test/auto/Expression11.xml
2 ms. Memory: 300032K Free: 121809K (41%)
----------------- Invoking toplevel() on ptolemy.moml.MoMLSimpleApplication@7be4557
----------------- Done invoking toplevel() on ptolemy.moml.MoMLSimpleApplication@7be4557
reloadAllAccessors: .Expression11

===========================================================================================
----------------- testing Thu Sep 19 05:49:20 UTC 2019 /home/travis/build/icyphy/ptII/ptolemy/actor/lib/test/auto/Expression12.xml
----------------- Instantiating /home/travis/build/icyphy/ptII/ptolemy/actor/lib/test/auto/Expression12.xml
3 ms. Memory: 300032K Free: 116697K (39%)
----------------- Invoking toplevel() on ptolemy.moml.MoMLSimpleApplication@3ccefbeb
----------------- Done invoking toplevel() on ptolemy.moml.MoMLSimpleApplication@3ccefbeb
reloadAllAccessors: .Expression12

===========================================================================================
----------------- testing Thu Sep 19 05:49:20 UTC 2019 /home/travis/build/icyphy/ptII/ptolemy/actor/lib/test/auto/Expression13.xml
----------------- Instantiating /home/travis/build/icyphy/ptII/ptolemy/actor/lib/test/auto/Expression13.xml
3 ms. Memory: 300032K Free: 111569K (37%)
----------------- Invoking toplevel() on ptolemy.moml.MoMLSimpleApplication@1d2fbf4e
----------------- Done invoking toplevel() on ptolemy.moml.MoMLSimpleApplication@1d2fbf4e
reloadAllAccessors: .Expression13

===========================================================================================
----------------- testing Thu Sep 19 05:49:20 UTC 2019 /home/travis/build/icyphy/ptII/ptolemy/actor/lib/test/auto/Expression14.xml
----------------- Instantiating /home/travis/build/icyphy/ptII/ptolemy/actor/lib/test/auto/Expression14.xml
7 ms. Memory: 300032K Free: 105936K (35%)
----------------- Invoking toplevel() on ptolemy.moml.MoMLSimpleApplication@4ba90ffb
----------------- Done invoking toplevel() on ptolemy.moml.MoMLSimpleApplication@4ba90ffb
reloadAllAccessors: .Expression14

===========================================================================================
----------------- testing Thu Sep 19 05:49:20 UTC 2019 /home/travis/build/icyphy/ptII/ptolemy/actor/lib/test/auto/Expression15.xml
----------------- Instantiating /home/travis/build/icyphy/ptII/ptolemy/actor/lib/test/auto/Expression15.xml
2 ms. Memory: 300032K Free: 101782K (34%)
----------------- Invoking toplevel() on ptolemy.moml.MoMLSimpleApplication@1e04a7e3
----------------- Done invoking toplevel() on ptolemy.moml.MoMLSimpleApplication@1e04a7e3
reloadAllAccessors: .Expression15

===========================================================================================
----------------- testing Thu Sep 19 05:49:20 UTC 2019 /home/travis/build/icyphy/ptII/ptolemy/actor/lib/test/auto/Expression16.xml
----------------- Instantiating /home/travis/build/icyphy/ptII/ptolemy/actor/lib/test/auto/Expression16.xml
4 ms. Memory: 300032K Free: 97211K (32%)
----------------- Invoking toplevel() on ptolemy.moml.MoMLSimpleApplication@ee9d80d
----------------- Done invoking toplevel() on ptolemy.moml.MoMLSimpleApplication@ee9d80d
reloadAllAccessors: .Expression16

===========================================================================================
----------------- testing Thu Sep 19 05:49:20 UTC 2019 /home/travis/build/icyphy/ptII/ptolemy/actor/lib/test/auto/Expression17.xml
----------------- Instantiating /home/travis/build/icyphy/ptII/ptolemy/actor/lib/test/auto/Expression17.xml
2 ms. Memory: 300032K Free: 92091K (31%)
----------------- Invoking toplevel() on ptolemy.moml.MoMLSimpleApplication@6f6d93d4
----------------- Done invoking toplevel() on ptolemy.moml.MoMLSimpleApplication@6f6d93d4
reloadAllAccessors: .Expression17

===========================================================================================
----------------- testing Thu Sep 19 05:49:20 UTC 2019 /home/travis/build/icyphy/ptII/ptolemy/actor/lib/test/auto/Expression18.xml
----------------- Instantiating /home/travis/build/icyphy/ptII/ptolemy/actor/lib/test/auto/Expression18.xml
4 ms. Memory: 300032K Free: 87446K (29%)
----------------- Invoking toplevel() on ptolemy.moml.MoMLSimpleApplication@3c284362
----------------- Done invoking toplevel() on ptolemy.moml.MoMLSimpleApplication@3c284362
reloadAllAccessors: .Expression18

===========================================================================================
----------------- testing Thu Sep 19 05:49:20 UTC 2019 /home/travis/build/icyphy/ptII/ptolemy/actor/lib/test/auto/Expression2.xml
----------------- Instantiating /home/travis/build/icyphy/ptII/ptolemy/actor/lib/test/auto/Expression2.xml
3 ms. Memory: 300032K Free: 82400K (27%)
----------------- Invoking toplevel() on ptolemy.moml.MoMLSimpleApplication@7678051c
----------------- Done invoking toplevel() on ptolemy.moml.MoMLSimpleApplication@7678051c
reloadAllAccessors: .Expression2

===========================================================================================
----------------- testing Thu Sep 19 05:49:20 UTC 2019 /home/travis/build/icyphy/ptII/ptolemy/actor/lib/test/auto/Expression3.xml
----------------- Instantiating /home/travis/build/icyphy/ptII/ptolemy/actor/lib/test/auto/Expression3.xml
6 ms. Memory: 300032K Free: 77747K (26%)
----------------- Invoking toplevel() on ptolemy.moml.MoMLSimpleApplication@11d6896d
----------------- Done invoking toplevel() on ptolemy.moml.MoMLSimpleApplication@11d6896d
reloadAllAccessors: .Expression3

===========================================================================================
----------------- testing Thu Sep 19 05:49:20 UTC 2019 /home/travis/build/icyphy/ptII/ptolemy/actor/lib/test/auto/Expression4.xml
----------------- Instantiating /home/travis/build/icyphy/ptII/ptolemy/actor/lib/test/auto/Expression4.xml
5 ms. Memory: 300032K Free: 246912K (82%)
----------------- Invoking toplevel() on ptolemy.moml.MoMLSimpleApplication@5af6b1bf
----------------- Done invoking toplevel() on ptolemy.moml.MoMLSimpleApplication@5af6b1bf
reloadAllAccessors: .Expression4

===========================================================================================
----------------- testing Thu Sep 19 05:49:20 UTC 2019 /home/travis/build/icyphy/ptII/ptolemy/actor/lib/test/auto/Expression5.xml
----------------- Instantiating /home/travis/build/icyphy/ptII/ptolemy/actor/lib/test/auto/Expression5.xml
5 ms. Memory: 300032K Free: 241798K (81%)
----------------- Invoking toplevel() on ptolemy.moml.MoMLSimpleApplication@39ca283
----------------- Done invoking toplevel() on ptolemy.moml.MoMLSimpleApplication@39ca283
reloadAllAccessors: .Expression5

===========================================================================================
----------------- testing Thu Sep 19 05:49:20 UTC 2019 /home/travis/build/icyphy/ptII/ptolemy/actor/lib/test/auto/Expression6.xml
----------------- Instantiating /home/travis/build/icyphy/ptII/ptolemy/actor/lib/test/auto/Expression6.xml
2 ms. Memory: 300032K Free: 237185K (79%)
----------------- Invoking toplevel() on ptolemy.moml.MoMLSimpleApplication@5c44c923
----------------- Done invoking toplevel() on ptolemy.moml.MoMLSimpleApplication@5c44c923
reloadAllAccessors: .Expression6

===========================================================================================
----------------- testing Thu Sep 19 05:49:20 UTC 2019 /home/travis/build/icyphy/ptII/ptolemy/actor/lib/test/auto/Expression7.xml
----------------- Instantiating /home/travis/build/icyphy/ptII/ptolemy/actor/lib/test/auto/Expression7.xml
2 ms. Memory: 300032K Free: 232582K (78%)
----------------- Invoking toplevel() on ptolemy.moml.MoMLSimpleApplication@6718ca72
----------------- Done invoking toplevel() on ptolemy.moml.MoMLSimpleApplication@6718ca72
reloadAllAccessors: .Expression7

===========================================================================================
----------------- testing Thu Sep 19 05:49:20 UTC 2019 /home/travis/build/icyphy/ptII/ptolemy/actor/lib/test/auto/Expression8.xml
----------------- Instantiating /home/travis/build/icyphy/ptII/ptolemy/actor/lib/test/auto/Expression8.xml
9 ms. Memory: 300032K Free: 227462K (76%)
----------------- Invoking toplevel() on ptolemy.moml.MoMLSimpleApplication@13206da7
----------------- Done invoking toplevel() on ptolemy.moml.MoMLSimpleApplication@13206da7
reloadAllAccessors: .Expression8

===========================================================================================
----------------- testing Thu Sep 19 05:49:20 UTC 2019 /home/travis/build/icyphy/ptII/ptolemy/actor/lib/test/auto/Expression9.xml
----------------- Instantiating /home/travis/build/icyphy/ptII/ptolemy/actor/lib/test/auto/Expression9.xml
2 ms. Memory: 300032K Free: 223357K (74%)
----------------- Invoking toplevel() on ptolemy.moml.MoMLSimpleApplication@54f60a
----------------- Done invoking toplevel() on ptolemy.moml.MoMLSimpleApplication@54f60a
reloadAllAccessors: .Expression9

===========================================================================================
----------------- testing Thu Sep 19 05:49:20 UTC 2019 /home/travis/build/icyphy/ptII/ptolemy/actor/lib/test/auto/ExpressionConcatenateArrayType.xml
----------------- Instantiating /home/travis/build/icyphy/ptII/ptolemy/actor/lib/test/auto/ExpressionConcatenateArrayType.xml
3 ms. Memory: 300032K Free: 216704K (72%)
----------------- Invoking toplevel() on ptolemy.moml.MoMLSimpleApplication@153adf6c
----------------- Done invoking toplevel() on ptolemy.moml.MoMLSimpleApplication@153adf6c
reloadAllAccessors: .ExpressionConcatenateArrayType

===========================================================================================
----------------- testing Thu Sep 19 05:49:20 UTC 2019 /home/travis/build/icyphy/ptII/ptolemy/actor/lib/test/auto/ExpressionConcatenateArrayType2.xml
----------------- Instantiating /home/travis/build/icyphy/ptII/ptolemy/actor/lib/test/auto/ExpressionConcatenateArrayType2.xml
3 ms. Memory: 300032K Free: 211584K (71%)
----------------- Invoking toplevel() on ptolemy.moml.MoMLSimpleApplication@27eb306a
----------------- Done invoking toplevel() on ptolemy.moml.MoMLSimpleApplication@27eb306a
reloadAllAccessors: .ExpressionConcatenateArrayType2

===========================================================================================
----------------- testing Thu Sep 19 05:49:20 UTC 2019 /home/travis/build/icyphy/ptII/ptolemy/actor/lib/test/auto/ExpressionFix.xml
----------------- Instantiating /home/travis/build/icyphy/ptII/ptolemy/actor/lib/test/auto/ExpressionFix.xml
20 ms. Memory: 300032K Free: 204934K (68%)
----------------- Invoking toplevel() on ptolemy.moml.MoMLSimpleApplication@2057511f
----------------- Done invoking toplevel() on ptolemy.moml.MoMLSimpleApplication@2057511f
reloadAllAccessors: .ExpressionFix

===========================================================================================
----------------- testing Thu Sep 19 05:49:20 UTC 2019 /home/travis/build/icyphy/ptII/ptolemy/actor/lib/test/auto/ExpressionFix2.xml
----------------- Instantiating /home/travis/build/icyphy/ptII/ptolemy/actor/lib/test/auto/ExpressionFix2.xml
2 ms. Memory: 300032K Free: 201346K (67%)
----------------- Invoking toplevel() on ptolemy.moml.MoMLSimpleApplication@5a4bab0c
----------------- Done invoking toplevel() on ptolemy.moml.MoMLSimpleApplication@5a4bab0c
reloadAllAccessors: .ExpressionFix2

===========================================================================================
----------------- testing Thu Sep 19 05:49:20 UTC 2019 /home/travis/build/icyphy/ptII/ptolemy/actor/lib/test/auto/ExpressionFix3.xml
----------------- Instantiating /home/travis/build/icyphy/ptII/ptolemy/actor/lib/test/auto/ExpressionFix3.xml
4 ms. Memory: 300032K Free: 196742K (66%)
----------------- Invoking toplevel() on ptolemy.moml.MoMLSimpleApplication@2c3f08e1
----------------- Done invoking toplevel() on ptolemy.moml.MoMLSimpleApplication@2c3f08e1
reloadAllAccessors: .ExpressionFix3

===========================================================================================
----------------- testing Thu Sep 19 05:49:21 UTC 2019 /home/travis/build/icyphy/ptII/ptolemy/actor/lib/test/auto/FileWriter1.xml
----------------- Instantiating /home/travis/build/icyphy/ptII/ptolemy/actor/lib/test/auto/FileWriter1.xml
2 ms. Memory: 300032K Free: 192646K (64%)
----------------- Invoking toplevel() on ptolemy.moml.MoMLSimpleApplication@2e6eccd8
----------------- Done invoking toplevel() on ptolemy.moml.MoMLSimpleApplication@2e6eccd8
reloadAllAccessors: .FileWriter1

===========================================================================================
----------------- testing Thu Sep 19 05:49:21 UTC 2019 /home/travis/build/icyphy/ptII/ptolemy/actor/lib/test/auto/FileWriter2.xml
----------------- Instantiating /home/travis/build/icyphy/ptII/ptolemy/actor/lib/test/auto/FileWriter2.xml
6 ms. Memory: 300032K Free: 188552K (63%)
----------------- Invoking toplevel() on ptolemy.moml.MoMLSimpleApplication@55a9ab17
----------------- Done invoking toplevel() on ptolemy.moml.MoMLSimpleApplication@55a9ab17
reloadAllAccessors: .FileWriter2

===========================================================================================
----------------- testing Thu Sep 19 05:49:21 UTC 2019 /home/travis/build/icyphy/ptII/ptolemy/actor/lib/test/auto/FileWriter3.xml
----------------- Instantiating /home/travis/build/icyphy/ptII/ptolemy/actor/lib/test/auto/FileWriter3.xml
2 ms. Memory: 300032K Free: 184445K (61%)
----------------- Invoking toplevel() on ptolemy.moml.MoMLSimpleApplication@4a52bc73
----------------- Done invoking toplevel() on ptolemy.moml.MoMLSimpleApplication@4a52bc73
reloadAllAccessors: .FileWriter3

===========================================================================================
----------------- testing Thu Sep 19 05:49:21 UTC 2019 /home/travis/build/icyphy/ptII/ptolemy/actor/lib/test/auto/Gaussian.xml
----------------- Instantiating /home/travis/build/icyphy/ptII/ptolemy/actor/lib/test/auto/Gaussian.xml
3 ms. Memory: 300032K Free: 179840K (60%)
----------------- Invoking toplevel() on ptolemy.moml.MoMLSimpleApplication@4420d59b
----------------- Done invoking toplevel() on ptolemy.moml.MoMLSimpleApplication@4420d59b
reloadAllAccessors: .Gaussian

===========================================================================================
----------------- testing Thu Sep 19 05:49:21 UTC 2019 /home/travis/build/icyphy/ptII/ptolemy/actor/lib/test/auto/Gaussian1.xml
----------------- Instantiating /home/travis/build/icyphy/ptII/ptolemy/actor/lib/test/auto/Gaussian1.xml
10 ms. Memory: 300032K Free: 174690K (58%)
----------------- Invoking toplevel() on ptolemy.moml.MoMLSimpleApplication@59c9bc6b
----------------- Done invoking toplevel() on ptolemy.moml.MoMLSimpleApplication@59c9bc6b
reloadAllAccessors: .Gaussian1

===========================================================================================
----------------- testing Thu Sep 19 05:49:21 UTC 2019 /home/travis/build/icyphy/ptII/ptolemy/actor/lib/test/auto/Gaussian2.xml
----------------- Instantiating /home/travis/build/icyphy/ptII/ptolemy/actor/lib/test/auto/Gaussian2.xml
2 ms. Memory: 300032K Free: 169088K (56%)
----------------- Invoking toplevel() on ptolemy.moml.MoMLSimpleApplication@15ca6268
----------------- Done invoking toplevel() on ptolemy.moml.MoMLSimpleApplication@15ca6268
reloadAllAccessors: .Gaussian2

===========================================================================================
----------------- testing Thu Sep 19 05:49:21 UTC 2019 /home/travis/build/icyphy/ptII/ptolemy/actor/lib/test/auto/GradientAdaptiveLattice.xml
----------------- Instantiating /home/travis/build/icyphy/ptII/ptolemy/actor/lib/test/auto/GradientAdaptiveLattice.xml
5 ms. Memory: 300032K Free: 163974K (55%)
----------------- Invoking toplevel() on ptolemy.moml.MoMLSimpleApplication@32872804
----------------- Done invoking toplevel() on ptolemy.moml.MoMLSimpleApplication@32872804
reloadAllAccessors: .GradientAdaptiveLattice

===========================================================================================
----------------- testing Thu Sep 19 05:49:21 UTC 2019 /home/travis/build/icyphy/ptII/ptolemy/actor/lib/test/auto/IIR.xml
----------------- Instantiating /home/travis/build/icyphy/ptII/ptolemy/actor/lib/test/auto/IIR.xml
1 ms. Memory: 300032K Free: 159869K (53%)
----------------- Invoking toplevel() on ptolemy.moml.MoMLSimpleApplication@35ec0cab
----------------- Done invoking toplevel() on ptolemy.moml.MoMLSimpleApplication@35ec0cab
reloadAllAccessors: .IIR

===========================================================================================
----------------- testing Thu Sep 19 05:49:21 UTC 2019 /home/travis/build/icyphy/ptII/ptolemy/actor/lib/test/auto/InputOutputTransparentPorts.xml
----------------- Instantiating /home/travis/build/icyphy/ptII/ptolemy/actor/lib/test/auto/InputOutputTransparentPorts.xml
2 ms. Memory: 300032K Free: 152192K (51%)
----------------- Invoking toplevel() on ptolemy.moml.MoMLSimpleApplication@47497e5d
----------------- Done invoking toplevel() on ptolemy.moml.MoMLSimpleApplication@47497e5d
reloadAllAccessors: .InputOutputTransparentPorts

===========================================================================================
----------------- testing Thu Sep 19 05:49:21 UTC 2019 /home/travis/build/icyphy/ptII/ptolemy/actor/lib/test/auto/Interpolator.xml
----------------- Instantiating /home/travis/build/icyphy/ptII/ptolemy/actor/lib/test/auto/Interpolator.xml
4 ms. Memory: 300032K Free: 147590K (49%)
----------------- Invoking toplevel() on ptolemy.moml.MoMLSimpleApplication@5038727a
----------------- Done invoking toplevel() on ptolemy.moml.MoMLSimpleApplication@5038727a
reloadAllAccessors: .Interpolator

===========================================================================================
----------------- testing Thu Sep 19 05:49:21 UTC 2019 /home/travis/build/icyphy/ptII/ptolemy/actor/lib/test/auto/InterpolatorFiringLimitDE.xml
----------------- Instantiating /home/travis/build/icyphy/ptII/ptolemy/actor/lib/test/auto/InterpolatorFiringLimitDE.xml
2 ms. Memory: 300032K Free: 141954K (47%)
----------------- Invoking toplevel() on ptolemy.moml.MoMLSimpleApplication@1fb30d7a
----------------- Done invoking toplevel() on ptolemy.moml.MoMLSimpleApplication@1fb30d7a
reloadAllAccessors: .InterpolatorFiringLimitDE

===========================================================================================
----------------- testing Thu Sep 19 05:49:21 UTC 2019 /home/travis/build/icyphy/ptII/ptolemy/actor/lib/test/auto/Lattice.xml
----------------- Instantiating /home/travis/build/icyphy/ptII/ptolemy/actor/lib/test/auto/Lattice.xml
1 ms. Memory: 300032K Free: 137856K (46%)
----------------- Invoking toplevel() on ptolemy.moml.MoMLSimpleApplication@62e28509
----------------- Done invoking toplevel() on ptolemy.moml.MoMLSimpleApplication@62e28509
reloadAllAccessors: .Lattice

===========================================================================================
----------------- testing Thu Sep 19 05:49:21 UTC 2019 /home/travis/build/icyphy/ptII/ptolemy/actor/lib/test/auto/LazyAOCTestLazy.xml
----------------- Instantiating /home/travis/build/icyphy/ptII/ptolemy/actor/lib/test/auto/LazyAOCTestLazy.xml
8 ms. Memory: 300032K Free: 132221K (44%)
----------------- Invoking toplevel() on ptolemy.moml.MoMLSimpleApplication@7c0986c3
----------------- Done invoking toplevel() on ptolemy.moml.MoMLSimpleApplication@7c0986c3
reloadAllAccessors: .LazyAOCTestLazy

===========================================================================================
----------------- testing Thu Sep 19 05:49:21 UTC 2019 /home/travis/build/icyphy/ptII/ptolemy/actor/lib/test/auto/LazyAOCTestNonLazy.xml
----------------- Instantiating /home/travis/build/icyphy/ptII/ptolemy/actor/lib/test/auto/LazyAOCTestNonLazy.xml
1 ms. Memory: 300032K Free: 125568K (42%)
----------------- Invoking toplevel() on ptolemy.moml.MoMLSimpleApplication@a155737
----------------- Done invoking toplevel() on ptolemy.moml.MoMLSimpleApplication@a155737
reloadAllAccessors: .LazyAOCTestNonLazy

===========================================================================================
----------------- testing Thu Sep 19 05:49:21 UTC 2019 /home/travis/build/icyphy/ptII/ptolemy/actor/lib/test/auto/LazyInnerClass.xml
----------------- Instantiating /home/travis/build/icyphy/ptII/ptolemy/actor/lib/test/auto/LazyInnerClass.xml
20 ms. Memory: 300032K Free: 116861K (39%)
----------------- Invoking toplevel() on ptolemy.moml.MoMLSimpleApplication@73d33525
----------------- Done invoking toplevel() on ptolemy.moml.MoMLSimpleApplication@73d33525
reloadAllAccessors: .LazyInnerClass

===========================================================================================
----------------- testing Thu Sep 19 05:49:21 UTC 2019 /home/travis/build/icyphy/ptII/ptolemy/actor/lib/test/auto/LazyPubSub.xml
----------------- Instantiating /home/travis/build/icyphy/ptII/ptolemy/actor/lib/test/auto/LazyPubSub.xml
15 ms. Memory: 300032K Free: 106630K (36%)
----------------- Invoking toplevel() on ptolemy.moml.MoMLSimpleApplication@3daedd14
----------------- Done invoking toplevel() on ptolemy.moml.MoMLSimpleApplication@3daedd14
reloadAllAccessors: .LazyPubSub

===========================================================================================
----------------- testing Thu Sep 19 05:49:21 UTC 2019 /home/travis/build/icyphy/ptII/ptolemy/actor/lib/test/auto/LazyPubSub2.xml
----------------- Instantiating /home/travis/build/icyphy/ptII/ptolemy/actor/lib/test/auto/LazyPubSub2.xml
25 ms. Memory: 300032K Free: 96897K (32%)
----------------- Invoking toplevel() on ptolemy.moml.MoMLSimpleApplication@617a3b3
----------------- Done invoking toplevel() on ptolemy.moml.MoMLSimpleApplication@617a3b3
reloadAllAccessors: .LazyPubSub2

===========================================================================================
----------------- testing Thu Sep 19 05:49:21 UTC 2019 /home/travis/build/icyphy/ptII/ptolemy/actor/lib/test/auto/LazyPubSub3.xml
----------------- Instantiating /home/travis/build/icyphy/ptII/ptolemy/actor/lib/test/auto/LazyPubSub3.xml
15 ms. Memory: 300032K Free: 86656K (29%)
----------------- Invoking toplevel() on ptolemy.moml.MoMLSimpleApplication@e27033b
----------------- Done invoking toplevel() on ptolemy.moml.MoMLSimpleApplication@e27033b
reloadAllAccessors: .LazyPubSub3

===========================================================================================
----------------- testing Thu Sep 19 05:49:21 UTC 2019 /home/travis/build/icyphy/ptII/ptolemy/actor/lib/test/auto/LazySubClassModel.xml
----------------- Instantiating /home/travis/build/icyphy/ptII/ptolemy/actor/lib/test/auto/LazySubClassModel.xml
3 ms. Memory: 300032K Free: 77441K (26%)
----------------- Invoking toplevel() on ptolemy.moml.MoMLSimpleApplication@54a70684
----------------- Done invoking toplevel() on ptolemy.moml.MoMLSimpleApplication@54a70684
reloadAllAccessors: .LazySubClassModel

===========================================================================================
----------------- testing Thu Sep 19 05:49:21 UTC 2019 /home/travis/build/icyphy/ptII/ptolemy/actor/lib/test/auto/LevelCrossTest1.xml
----------------- Instantiating /home/travis/build/icyphy/ptII/ptolemy/actor/lib/test/auto/LevelCrossTest1.xml
1 ms. Memory: 300032K Free: 249048K (83%)
----------------- Invoking toplevel() on ptolemy.moml.MoMLSimpleApplication@53381614
----------------- Done invoking toplevel() on ptolemy.moml.MoMLSimpleApplication@53381614
reloadAllAccessors: .broken

===========================================================================================
----------------- testing Thu Sep 19 05:49:21 UTC 2019 /home/travis/build/icyphy/ptII/ptolemy/actor/lib/test/auto/LevelCrossTest10.xml
----------------- Instantiating /home/travis/build/icyphy/ptII/ptolemy/actor/lib/test/auto/LevelCrossTest10.xml
1 ms. Memory: 300032K Free: 241384K (80%)
----------------- Invoking toplevel() on ptolemy.moml.MoMLSimpleApplication@63d5095f
----------------- Done invoking toplevel() on ptolemy.moml.MoMLSimpleApplication@63d5095f
reloadAllAccessors: .LevelCrossTest10

===========================================================================================
----------------- testing Thu Sep 19 05:49:21 UTC 2019 /home/travis/build/icyphy/ptII/ptolemy/actor/lib/test/auto/LevelCrossTest11.xml
----------------- Instantiating /home/travis/build/icyphy/ptII/ptolemy/actor/lib/test/auto/LevelCrossTest11.xml
1 ms. Memory: 300032K Free: 233702K (78%)
----------------- Invoking toplevel() on ptolemy.moml.MoMLSimpleApplication@5ef3d5b5
----------------- Done invoking toplevel() on ptolemy.moml.MoMLSimpleApplication@5ef3d5b5
reloadAllAccessors: .LevelCrossTest11

===========================================================================================
----------------- testing Thu Sep 19 05:49:21 UTC 2019 /home/travis/build/icyphy/ptII/ptolemy/actor/lib/test/auto/LevelCrossTest12.xml
----------------- Instantiating /home/travis/build/icyphy/ptII/ptolemy/actor/lib/test/auto/LevelCrossTest12.xml
1 ms. Memory: 300032K Free: 226534K (76%)
----------------- Invoking toplevel() on ptolemy.moml.MoMLSimpleApplication@1062a64a
----------------- Done invoking toplevel() on ptolemy.moml.MoMLSimpleApplication@1062a64a
reloadAllAccessors: .LevelCrossTest12

===========================================================================================
----------------- testing Thu Sep 19 05:49:21 UTC 2019 /home/travis/build/icyphy/ptII/ptolemy/actor/lib/test/auto/LevelCrossTest13.xml
----------------- Instantiating /home/travis/build/icyphy/ptII/ptolemy/actor/lib/test/auto/LevelCrossTest13.xml
8 ms. Memory: 300032K Free: 218856K (73%)
----------------- Invoking toplevel() on ptolemy.moml.MoMLSimpleApplication@112daa2f
----------------- Done invoking toplevel() on ptolemy.moml.MoMLSimpleApplication@112daa2f
reloadAllAccessors: .LevelCrossTest13

===========================================================================================
----------------- testing Thu Sep 19 05:49:21 UTC 2019 /home/travis/build/icyphy/ptII/ptolemy/actor/lib/test/auto/LevelCrossTest2.xml
----------------- Instantiating /home/travis/build/icyphy/ptII/ptolemy/actor/lib/test/auto/LevelCrossTest2.xml
2 ms. Memory: 300032K Free: 213222K (71%)
----------------- Invoking toplevel() on ptolemy.moml.MoMLSimpleApplication@3a49c89f
----------------- Done invoking toplevel() on ptolemy.moml.MoMLSimpleApplication@3a49c89f
reloadAllAccessors: .broken

===========================================================================================
----------------- testing Thu Sep 19 05:49:21 UTC 2019 /home/travis/build/icyphy/ptII/ptolemy/actor/lib/test/auto/LevelCrossTest3.xml
----------------- Instantiating /home/travis/build/icyphy/ptII/ptolemy/actor/lib/test/auto/LevelCrossTest3.xml
2 ms. Memory: 300032K Free: 207078K (69%)
----------------- Invoking toplevel() on ptolemy.moml.MoMLSimpleApplication@50b5031f
----------------- Done invoking toplevel() on ptolemy.moml.MoMLSimpleApplication@50b5031f
reloadAllAccessors: .LevelCrossTest3

===========================================================================================
----------------- testing Thu Sep 19 05:49:21 UTC 2019 /home/travis/build/icyphy/ptII/ptolemy/actor/lib/test/auto/LevelCrossTest4.xml
----------------- Instantiating /home/travis/build/icyphy/ptII/ptolemy/actor/lib/test/auto/LevelCrossTest4.xml
1 ms. Memory: 300032K Free: 201958K (67%)
----------------- Invoking toplevel() on ptolemy.moml.MoMLSimpleApplication@5395e545
----------------- Done invoking toplevel() on ptolemy.moml.MoMLSimpleApplication@5395e545
reloadAllAccessors: .broken

===========================================================================================
----------------- testing Thu Sep 19 05:49:21 UTC 2019 /home/travis/build/icyphy/ptII/ptolemy/actor/lib/test/auto/LevelCrossTest5.xml
----------------- Instantiating /home/travis/build/icyphy/ptII/ptolemy/actor/lib/test/auto/LevelCrossTest5.xml
1 ms. Memory: 300032K Free: 194790K (65%)
----------------- Invoking toplevel() on ptolemy.moml.MoMLSimpleApplication@3c29e23f
----------------- Done invoking toplevel() on ptolemy.moml.MoMLSimpleApplication@3c29e23f
reloadAllAccessors: .LevelCrossTest5

===========================================================================================
----------------- testing Thu Sep 19 05:49:21 UTC 2019 /home/travis/build/icyphy/ptII/ptolemy/actor/lib/test/auto/LevelCrossTest6.xml
----------------- Instantiating /home/travis/build/icyphy/ptII/ptolemy/actor/lib/test/auto/LevelCrossTest6.xml
2 ms. Memory: 300032K Free: 188136K (63%)
----------------- Invoking toplevel() on ptolemy.moml.MoMLSimpleApplication@7547c3e6
----------------- Done invoking toplevel() on ptolemy.moml.MoMLSimpleApplication@7547c3e6
reloadAllAccessors: .LevelCrossTest6

===========================================================================================
----------------- testing Thu Sep 19 05:49:21 UTC 2019 /home/travis/build/icyphy/ptII/ptolemy/actor/lib/test/auto/LevelCrossTest7.xml
----------------- Instantiating /home/travis/build/icyphy/ptII/ptolemy/actor/lib/test/auto/LevelCrossTest7.xml
1 ms. Memory: 300032K Free: 180454K (60%)
----------------- Invoking toplevel() on ptolemy.moml.MoMLSimpleApplication@14151ad3
----------------- Done invoking toplevel() on ptolemy.moml.MoMLSimpleApplication@14151ad3
reloadAllAccessors: .LevelCrossTest7

===========================================================================================
----------------- testing Thu Sep 19 05:49:21 UTC 2019 /home/travis/build/icyphy/ptII/ptolemy/actor/lib/test/auto/LevelCrossTest8.xml
----------------- Instantiating /home/travis/build/icyphy/ptII/ptolemy/actor/lib/test/auto/LevelCrossTest8.xml
1 ms. Memory: 300032K Free: 173800K (58%)
----------------- Invoking toplevel() on ptolemy.moml.MoMLSimpleApplication@5ae9e1c8
----------------- Done invoking toplevel() on ptolemy.moml.MoMLSimpleApplication@5ae9e1c8
reloadAllAccessors: .LevelCrossTest8

===========================================================================================
----------------- testing Thu Sep 19 05:49:21 UTC 2019 /home/travis/build/icyphy/ptII/ptolemy/actor/lib/test/auto/LevelCrossTest9.xml
----------------- Instantiating /home/travis/build/icyphy/ptII/ptolemy/actor/lib/test/auto/LevelCrossTest9.xml
5 ms. Memory: 300032K Free: 166632K (56%)
----------------- Invoking toplevel() on ptolemy.moml.MoMLSimpleApplication@4808f42b
----------------- Done invoking toplevel() on ptolemy.moml.MoMLSimpleApplication@4808f42b
reloadAllAccessors: .LevelCrossTest9

===========================================================================================
----------------- testing Thu Sep 19 05:49:21 UTC 2019 /home/travis/build/icyphy/ptII/ptolemy/actor/lib/test/auto/LevinsonDurbin.xml
----------------- Instantiating /home/travis/build/icyphy/ptII/ptolemy/actor/lib/test/auto/LevinsonDurbin.xml
11 ms. Memory: 300032K Free: 162536K (54%)
----------------- Invoking toplevel() on ptolemy.moml.MoMLSimpleApplication@2e607978
----------------- Done invoking toplevel() on ptolemy.moml.MoMLSimpleApplication@2e607978
reloadAllAccessors: .LevinsonDurbin

===========================================================================================
----------------- testing Thu Sep 19 05:49:21 UTC 2019 /home/travis/build/icyphy/ptII/ptolemy/actor/lib/test/auto/LevinsonDurbin2.xml
----------------- Instantiating /home/travis/build/icyphy/ptII/ptolemy/actor/lib/test/auto/LevinsonDurbin2.xml
1 ms. Memory: 300032K Free: 158950K (53%)
----------------- Invoking toplevel() on ptolemy.moml.MoMLSimpleApplication@5bdb3a2
----------------- Done invoking toplevel() on ptolemy.moml.MoMLSimpleApplication@5bdb3a2
reloadAllAccessors: .LevinsonDurbin2

===========================================================================================
----------------- testing Thu Sep 19 05:49:21 UTC 2019 /home/travis/build/icyphy/ptII/ptolemy/actor/lib/test/auto/LevinsonDurbin3.xml
----------------- Instantiating /home/travis/build/icyphy/ptII/ptolemy/actor/lib/test/auto/LevinsonDurbin3.xml
2 ms. Memory: 300032K Free: 154854K (52%)
----------------- Invoking toplevel() on ptolemy.moml.MoMLSimpleApplication@335d210e
----------------- Done invoking toplevel() on ptolemy.moml.MoMLSimpleApplication@335d210e
reloadAllAccessors: .LevinsonDurbin3

===========================================================================================
----------------- testing Thu Sep 19 05:49:21 UTC 2019 /home/travis/build/icyphy/ptII/ptolemy/actor/lib/test/auto/Limiter.xml
----------------- Instantiating /home/travis/build/icyphy/ptII/ptolemy/actor/lib/test/auto/Limiter.xml
4 ms. Memory: 300032K Free: 145608K (49%)
----------------- Invoking toplevel() on ptolemy.moml.MoMLSimpleApplication@6f2e2d4
----------------- Done invoking toplevel() on ptolemy.moml.MoMLSimpleApplication@6f2e2d4
reloadAllAccessors: .Limiter

===========================================================================================
----------------- testing Thu Sep 19 05:49:21 UTC 2019 /home/travis/build/icyphy/ptII/ptolemy/actor/lib/test/auto/LinearDifferenceEquationSystem.xml
----------------- Instantiating /home/travis/build/icyphy/ptII/ptolemy/actor/lib/test/auto/LinearDifferenceEquationSystem.xml
9 ms. Memory: 300032K Free: 137960K (46%)
----------------- Invoking toplevel() on ptolemy.moml.MoMLSimpleApplication@50136613
----------------- Done invoking toplevel() on ptolemy.moml.MoMLSimpleApplication@50136613
reloadAllAccessors: .LinearDifferenceEquationSystem

===========================================================================================
----------------- testing Thu Sep 19 05:49:21 UTC 2019 /home/travis/build/icyphy/ptII/ptolemy/actor/lib/test/auto/LookupTable.xml
----------------- Instantiating /home/travis/build/icyphy/ptII/ptolemy/actor/lib/test/auto/LookupTable.xml
1 ms. Memory: 300032K Free: 133864K (45%)
----------------- Invoking toplevel() on ptolemy.moml.MoMLSimpleApplication@4e874bb2
----------------- Done invoking toplevel() on ptolemy.moml.MoMLSimpleApplication@4e874bb2
reloadAllAccessors: .LookupTable

===========================================================================================
----------------- testing Thu Sep 19 05:49:21 UTC 2019 /home/travis/build/icyphy/ptII/ptolemy/actor/lib/test/auto/MathFunction.xml
----------------- Instantiating /home/travis/build/icyphy/ptII/ptolemy/actor/lib/test/auto/MathFunction.xml
2 ms. Memory: 300032K Free: 125672K (42%)
----------------- Invoking toplevel() on ptolemy.moml.MoMLSimpleApplication@2861e3eb
----------------- Done invoking toplevel() on ptolemy.moml.MoMLSimpleApplication@2861e3eb
reloadAllAccessors: .MathFunction

===========================================================================================
----------------- testing Thu Sep 19 05:49:21 UTC 2019 /home/travis/build/icyphy/ptII/ptolemy/actor/lib/test/auto/MathFunction2.xml
----------------- Instantiating /home/travis/build/icyphy/ptII/ptolemy/actor/lib/test/auto/MathFunction2.xml
1 ms. Memory: 300032K Free: 121576K (41%)
----------------- Invoking toplevel() on ptolemy.moml.MoMLSimpleApplication@29694859
----------------- Done invoking toplevel() on ptolemy.moml.MoMLSimpleApplication@29694859
reloadAllAccessors: .MathFunction2

===========================================================================================
----------------- testing Thu Sep 19 05:49:22 UTC 2019 /home/travis/build/icyphy/ptII/ptolemy/actor/lib/test/auto/MathFunction3.xml
----------------- Instantiating /home/travis/build/icyphy/ptII/ptolemy/actor/lib/test/auto/MathFunction3.xml
2 ms. Memory: 300032K Free: 114408K (38%)
----------------- Invoking toplevel() on ptolemy.moml.MoMLSimpleApplication@5374409a
----------------- Done invoking toplevel() on ptolemy.moml.MoMLSimpleApplication@5374409a
reloadAllAccessors: .MathFunction3

===========================================================================================
----------------- testing Thu Sep 19 05:49:22 UTC 2019 /home/travis/build/icyphy/ptII/ptolemy/actor/lib/test/auto/MatrixCropBoolean.xml
----------------- Instantiating /home/travis/build/icyphy/ptII/ptolemy/actor/lib/test/auto/MatrixCropBoolean.xml
2 ms. Memory: 300032K Free: 109768K (37%)
----------------- Invoking toplevel() on ptolemy.moml.MoMLSimpleApplication@52d1ce00
----------------- Done invoking toplevel() on ptolemy.moml.MoMLSimpleApplication@52d1ce00
reloadAllAccessors: .MatrixCropBoolean

===========================================================================================
----------------- testing Thu Sep 19 05:49:22 UTC 2019 /home/travis/build/icyphy/ptII/ptolemy/actor/lib/test/auto/MatrixCropComplex.xml
----------------- Instantiating /home/travis/build/icyphy/ptII/ptolemy/actor/lib/test/auto/MatrixCropComplex.xml
2 ms. Memory: 300032K Free: 104672K (35%)
----------------- Invoking toplevel() on ptolemy.moml.MoMLSimpleApplication@659e5cc8
----------------- Done invoking toplevel() on ptolemy.moml.MoMLSimpleApplication@659e5cc8
reloadAllAccessors: .MatrixCropComplex

===========================================================================================
----------------- testing Thu Sep 19 05:49:22 UTC 2019 /home/travis/build/icyphy/ptII/ptolemy/actor/lib/test/auto/MatrixCropDouble.xml
----------------- Instantiating /home/travis/build/icyphy/ptII/ptolemy/actor/lib/test/auto/MatrixCropDouble.xml
3 ms. Memory: 300032K Free: 100072K (33%)
----------------- Invoking toplevel() on ptolemy.moml.MoMLSimpleApplication@dea0118
----------------- Done invoking toplevel() on ptolemy.moml.MoMLSimpleApplication@dea0118
reloadAllAccessors: .MatrixCropDouble

===========================================================================================
----------------- testing Thu Sep 19 05:49:22 UTC 2019 /home/travis/build/icyphy/ptII/ptolemy/actor/lib/test/auto/MatrixCropFix.xml
----------------- Instantiating /home/travis/build/icyphy/ptII/ptolemy/actor/lib/test/auto/MatrixCropFix.xml
1 ms. Memory: 300032K Free: 94952K (32%)
----------------- Invoking toplevel() on ptolemy.moml.MoMLSimpleApplication@379b7da7
----------------- Done invoking toplevel() on ptolemy.moml.MoMLSimpleApplication@379b7da7
reloadAllAccessors: .MatrixCropFix

===========================================================================================
----------------- testing Thu Sep 19 05:49:22 UTC 2019 /home/travis/build/icyphy/ptII/ptolemy/actor/lib/test/auto/MatrixCropInt.xml
----------------- Instantiating /home/travis/build/icyphy/ptII/ptolemy/actor/lib/test/auto/MatrixCropInt.xml
2 ms. Memory: 300032K Free: 89832K (30%)
----------------- Invoking toplevel() on ptolemy.moml.MoMLSimpleApplication@3a955f0f
----------------- Done invoking toplevel() on ptolemy.moml.MoMLSimpleApplication@3a955f0f
reloadAllAccessors: .MatrixCropInt

===========================================================================================
----------------- testing Thu Sep 19 05:49:22 UTC 2019 /home/travis/build/icyphy/ptII/ptolemy/actor/lib/test/auto/MatrixCropLong.xml
----------------- Instantiating /home/travis/build/icyphy/ptII/ptolemy/actor/lib/test/auto/MatrixCropLong.xml
3 ms. Memory: 300032K Free: 85736K (29%)
----------------- Invoking toplevel() on ptolemy.moml.MoMLSimpleApplication@1d73d4c8
----------------- Done invoking toplevel() on ptolemy.moml.MoMLSimpleApplication@1d73d4c8
reloadAllAccessors: .MatrixCropLong

===========================================================================================
----------------- testing Thu Sep 19 05:49:22 UTC 2019 /home/travis/build/icyphy/ptII/ptolemy/actor/lib/test/auto/MatrixToArray.xml
----------------- Instantiating /home/travis/build/icyphy/ptII/ptolemy/actor/lib/test/auto/MatrixToArray.xml
8 ms. Memory: 300032K Free: 246776K (82%)
----------------- Invoking toplevel() on ptolemy.moml.MoMLSimpleApplication@2774995e
----------------- Done invoking toplevel() on ptolemy.moml.MoMLSimpleApplication@2774995e
reloadAllAccessors: .MatrixToArray

===========================================================================================
----------------- testing Thu Sep 19 05:49:22 UTC 2019 /home/travis/build/icyphy/ptII/ptolemy/actor/lib/test/auto/MaxIndex.xml
----------------- Instantiating /home/travis/build/icyphy/ptII/ptolemy/actor/lib/test/auto/MaxIndex.xml
9 ms. Memory: 300032K Free: 241656K (81%)
----------------- Invoking toplevel() on ptolemy.moml.MoMLSimpleApplication@12447a86
----------------- Done invoking toplevel() on ptolemy.moml.MoMLSimpleApplication@12447a86
reloadAllAccessors: .MaxIndex

===========================================================================================
----------------- testing Thu Sep 19 05:49:22 UTC 2019 /home/travis/build/icyphy/ptII/ptolemy/actor/lib/test/auto/Maximum.xml
----------------- Instantiating /home/travis/build/icyphy/ptII/ptolemy/actor/lib/test/auto/Maximum.xml
3 ms. Memory: 300032K Free: 235002K (78%)
----------------- Invoking toplevel() on ptolemy.moml.MoMLSimpleApplication@4f358456
----------------- Done invoking toplevel() on ptolemy.moml.MoMLSimpleApplication@4f358456
reloadAllAccessors: .Maximum

===========================================================================================
----------------- testing Thu Sep 19 05:49:22 UTC 2019 /home/travis/build/icyphy/ptII/ptolemy/actor/lib/test/auto/MaximumComplex.xml
----------------- Instantiating /home/travis/build/icyphy/ptII/ptolemy/actor/lib/test/auto/MaximumComplex.xml
4 ms. Memory: 300032K Free: 228858K (76%)
----------------- Invoking toplevel() on ptolemy.moml.MoMLSimpleApplication@bb81810
----------------- Done invoking toplevel() on ptolemy.moml.MoMLSimpleApplication@bb81810
reloadAllAccessors: .MaximumComplex

===========================================================================================
----------------- testing Thu Sep 19 05:49:22 UTC 2019 /home/travis/build/icyphy/ptII/ptolemy/actor/lib/test/auto/MethodCallTest.xml
----------------- Instantiating /home/travis/build/icyphy/ptII/ptolemy/actor/lib/test/auto/MethodCallTest.xml
3 ms. Memory: 300032K Free: 222200K (74%)
----------------- Invoking toplevel() on ptolemy.moml.MoMLSimpleApplication@2177cb2b
----------------- Done invoking toplevel() on ptolemy.moml.MoMLSimpleApplication@2177cb2b
reloadAllAccessors: .MethodCallTest

===========================================================================================
----------------- testing Thu Sep 19 05:49:22 UTC 2019 /home/travis/build/icyphy/ptII/ptolemy/actor/lib/test/auto/Minimum.xml
----------------- Instantiating /home/travis/build/icyphy/ptII/ptolemy/actor/lib/test/auto/Minimum.xml
3 ms. Memory: 300032K Free: 216570K (72%)
----------------- Invoking toplevel() on ptolemy.moml.MoMLSimpleApplication@86a2b81
----------------- Done invoking toplevel() on ptolemy.moml.MoMLSimpleApplication@86a2b81
reloadAllAccessors: .Minimum

===========================================================================================
----------------- testing Thu Sep 19 05:49:22 UTC 2019 /home/travis/build/icyphy/ptII/ptolemy/actor/lib/test/auto/MinimumComplex.xml
----------------- Instantiating /home/travis/build/icyphy/ptII/ptolemy/actor/lib/test/auto/MinimumComplex.xml
3 ms. Memory: 300032K Free: 210426K (70%)
----------------- Invoking toplevel() on ptolemy.moml.MoMLSimpleApplication@7e43f53a
----------------- Done invoking toplevel() on ptolemy.moml.MoMLSimpleApplication@7e43f53a
reloadAllAccessors: .MinimumComplex

===========================================================================================
----------------- testing Thu Sep 19 05:49:22 UTC 2019 /home/travis/build/icyphy/ptII/ptolemy/actor/lib/test/auto/MinimumMultiports.xml
----------------- Instantiating /home/travis/build/icyphy/ptII/ptolemy/actor/lib/test/auto/MinimumMultiports.xml
3 ms. Memory: 300032K Free: 201720K (67%)
----------------- Invoking toplevel() on ptolemy.moml.MoMLSimpleApplication@7571be35
----------------- Done invoking toplevel() on ptolemy.moml.MoMLSimpleApplication@7571be35
reloadAllAccessors: .MinimumMultiports

===========================================================================================
----------------- testing Thu Sep 19 05:49:22 UTC 2019 /home/travis/build/icyphy/ptII/ptolemy/actor/lib/test/auto/ModifyDate.xml
----------------- Instantiating /home/travis/build/icyphy/ptII/ptolemy/actor/lib/test/auto/ModifyDate.xml
10 ms. Memory: 300032K Free: 188922K (63%)
----------------- Invoking toplevel() on ptolemy.moml.MoMLSimpleApplication@60f8c4bd
----------------- Done invoking toplevel() on ptolemy.moml.MoMLSimpleApplication@60f8c4bd
reloadAllAccessors: .ModifyDate

===========================================================================================
----------------- testing Thu Sep 19 05:49:22 UTC 2019 /home/travis/build/icyphy/ptII/ptolemy/actor/lib/test/auto/ModifyDate2.xml
----------------- Instantiating /home/travis/build/icyphy/ptII/ptolemy/actor/lib/test/auto/ModifyDate2.xml
4 ms. Memory: 300032K Free: 180216K (60%)
----------------- Invoking toplevel() on ptolemy.moml.MoMLSimpleApplication@21045639
----------------- Done invoking toplevel() on ptolemy.moml.MoMLSimpleApplication@21045639
reloadAllAccessors: .ModifyDate2

===========================================================================================
----------------- testing Thu Sep 19 05:49:22 UTC 2019 /home/travis/build/icyphy/ptII/ptolemy/actor/lib/test/auto/MovingAverage.xml
----------------- Instantiating /home/travis/build/icyphy/ptII/ptolemy/actor/lib/test/auto/MovingAverage.xml
2 ms. Memory: 300032K Free: 175610K (59%)
----------------- Invoking toplevel() on ptolemy.moml.MoMLSimpleApplication@253a35af
----------------- Done invoking toplevel() on ptolemy.moml.MoMLSimpleApplication@253a35af
reloadAllAccessors: .MovingAverage

===========================================================================================
----------------- testing Thu Sep 19 05:49:22 UTC 2019 /home/travis/build/icyphy/ptII/ptolemy/actor/lib/test/auto/MovingMaximum.xml
----------------- Instantiating /home/travis/build/icyphy/ptII/ptolemy/actor/lib/test/auto/MovingMaximum.xml
1 ms. Memory: 300032K Free: 171000K (57%)
----------------- Invoking toplevel() on ptolemy.moml.MoMLSimpleApplication@69e05f0e
----------------- Done invoking toplevel() on ptolemy.moml.MoMLSimpleApplication@69e05f0e
reloadAllAccessors: .MovingMaximum

===========================================================================================
----------------- testing Thu Sep 19 05:49:22 UTC 2019 /home/travis/build/icyphy/ptII/ptolemy/actor/lib/test/auto/MultipleLinksToSameRelation.xml
----------------- Instantiating /home/travis/build/icyphy/ptII/ptolemy/actor/lib/test/auto/MultipleLinksToSameRelation.xml
2 ms. Memory: 300032K Free: 166904K (56%)
----------------- Invoking toplevel() on ptolemy.moml.MoMLSimpleApplication@4e1e6a8a
----------------- Done invoking toplevel() on ptolemy.moml.MoMLSimpleApplication@4e1e6a8a
reloadAllAccessors: .MultipleLinksToSameRelation

===========================================================================================
----------------- testing Thu Sep 19 05:49:22 UTC 2019 /home/travis/build/icyphy/ptII/ptolemy/actor/lib/test/auto/MultipleLinksToSameRelationDE.xml
----------------- Instantiating /home/travis/build/icyphy/ptII/ptolemy/actor/lib/test/auto/MultipleLinksToSameRelationDE.xml
5 ms. Memory: 300032K Free: 162298K (54%)
----------------- Invoking toplevel() on ptolemy.moml.MoMLSimpleApplication@5e53a594
----------------- Done invoking toplevel() on ptolemy.moml.MoMLSimpleApplication@5e53a594
reloadAllAccessors: .MultipleLinksToSameRelationDE

===========================================================================================
----------------- testing Thu Sep 19 05:49:22 UTC 2019 /home/travis/build/icyphy/ptII/ptolemy/actor/lib/test/auto/Multiplexor.xml
----------------- Instantiating /home/travis/build/icyphy/ptII/ptolemy/actor/lib/test/auto/Multiplexor.xml
2 ms. Memory: 300032K Free: 156664K (52%)
----------------- Invoking toplevel() on ptolemy.moml.MoMLSimpleApplication@63edf147
----------------- Done invoking toplevel() on ptolemy.moml.MoMLSimpleApplication@63edf147
reloadAllAccessors: .Multiplexor

===========================================================================================
----------------- testing Thu Sep 19 05:49:22 UTC 2019 /home/travis/build/icyphy/ptII/ptolemy/actor/lib/test/auto/Multiplexor1.xml
----------------- Instantiating /home/travis/build/icyphy/ptII/ptolemy/actor/lib/test/auto/Multiplexor1.xml
2 ms. Memory: 300032K Free: 151514K (50%)
----------------- Invoking toplevel() on ptolemy.moml.MoMLSimpleApplication@61ecd523
----------------- Done invoking toplevel() on ptolemy.moml.MoMLSimpleApplication@61ecd523
reloadAllAccessors: .Multiplexor1

===========================================================================================
----------------- testing Thu Sep 19 05:49:22 UTC 2019 /home/travis/build/icyphy/ptII/ptolemy/actor/lib/test/auto/Multiplexor2.xml
----------------- Instantiating /home/travis/build/icyphy/ptII/ptolemy/actor/lib/test/auto/Multiplexor2.xml
2 ms. Memory: 300032K Free: 144890K (48%)
----------------- Invoking toplevel() on ptolemy.moml.MoMLSimpleApplication@6a634998
----------------- Done invoking toplevel() on ptolemy.moml.MoMLSimpleApplication@6a634998
reloadAllAccessors: .Multiplexor2

===========================================================================================
----------------- testing Thu Sep 19 05:49:22 UTC 2019 /home/travis/build/icyphy/ptII/ptolemy/actor/lib/test/auto/Multiplexor3.xml
----------------- Instantiating /home/travis/build/icyphy/ptII/ptolemy/actor/lib/test/auto/Multiplexor3.xml
1 ms. Memory: 300032K Free: 140794K (47%)
----------------- Invoking toplevel() on ptolemy.moml.MoMLSimpleApplication@64539a4f
----------------- Done invoking toplevel() on ptolemy.moml.MoMLSimpleApplication@64539a4f
reloadAllAccessors: .Multiplexor3

===========================================================================================
----------------- testing Thu Sep 19 05:49:22 UTC 2019 /home/travis/build/icyphy/ptII/ptolemy/actor/lib/test/auto/MultiplexorDE.xml
----------------- Instantiating /home/travis/build/icyphy/ptII/ptolemy/actor/lib/test/auto/MultiplexorDE.xml
3 ms. Memory: 300032K Free: 133098K (44%)
----------------- Invoking toplevel() on ptolemy.moml.MoMLSimpleApplication@30f43b65
----------------- Done invoking toplevel() on ptolemy.moml.MoMLSimpleApplication@30f43b65
reloadAllAccessors: .MultiplexorDE

===========================================================================================
----------------- testing Thu Sep 19 05:49:22 UTC 2019 /home/travis/build/icyphy/ptII/ptolemy/actor/lib/test/auto/MultiportBroadcastTest.xml
----------------- Instantiating /home/travis/build/icyphy/ptII/ptolemy/actor/lib/test/auto/MultiportBroadcastTest.xml
89 ms. Memory: 300032K Free: 126962K (42%)
----------------- Invoking toplevel() on ptolemy.moml.MoMLSimpleApplication@ceccd0f
----------------- Done invoking toplevel() on ptolemy.moml.MoMLSimpleApplication@ceccd0f
reloadAllAccessors: .MultiportBroadcastTest

===========================================================================================
----------------- testing Thu Sep 19 05:49:22 UTC 2019 /home/travis/build/icyphy/ptII/ptolemy/actor/lib/test/auto/MultiportOutHangDuringGetWidth.xml
----------------- Instantiating /home/travis/build/icyphy/ptII/ptolemy/actor/lib/test/auto/MultiportOutHangDuringGetWidth.xml
5 ms. Memory: 300032K Free: 115690K (39%)
----------------- Invoking toplevel() on ptolemy.moml.MoMLSimpleApplication@3f78854e
----------------- Done invoking toplevel() on ptolemy.moml.MoMLSimpleApplication@3f78854e
reloadAllAccessors: .MultiportOutHangDuringGetWidth

===========================================================================================
----------------- testing Thu Sep 19 05:49:22 UTC 2019 /home/travis/build/icyphy/ptII/ptolemy/actor/lib/test/auto/NilToken.xml
----------------- Instantiating /home/travis/build/icyphy/ptII/ptolemy/actor/lib/test/auto/NilToken.xml
2 ms. Memory: 300032K Free: 111608K (37%)
----------------- Invoking toplevel() on ptolemy.moml.MoMLSimpleApplication@4a53ba9d
----------------- Done invoking toplevel() on ptolemy.moml.MoMLSimpleApplication@4a53ba9d
reloadAllAccessors: .NilToken

===========================================================================================
----------------- testing Thu Sep 19 05:49:22 UTC 2019 /home/travis/build/icyphy/ptII/ptolemy/actor/lib/test/auto/NilTokenNonStrictTest.xml
----------------- Instantiating /home/travis/build/icyphy/ptII/ptolemy/actor/lib/test/auto/NilTokenNonStrictTest.xml
2 ms. Memory: 300032K Free: 106488K (35%)
----------------- Invoking toplevel() on ptolemy.moml.MoMLSimpleApplication@61afc313
----------------- Done invoking toplevel() on ptolemy.moml.MoMLSimpleApplication@61afc313
reloadAllAccessors: .NilTokenNonStrictTest

===========================================================================================
----------------- testing Thu Sep 19 05:49:22 UTC 2019 /home/travis/build/icyphy/ptII/ptolemy/actor/lib/test/auto/NilTokenRecord.xml
----------------- Instantiating /home/travis/build/icyphy/ptII/ptolemy/actor/lib/test/auto/NilTokenRecord.xml
5 ms. Memory: 300032K Free: 99834K (33%)
----------------- Invoking toplevel() on ptolemy.moml.MoMLSimpleApplication@6f1f0d23
----------------- Done invoking toplevel() on ptolemy.moml.MoMLSimpleApplication@6f1f0d23
reloadAllAccessors: .NilTokenRecord

===========================================================================================
----------------- testing Thu Sep 19 05:49:22 UTC 2019 /home/travis/build/icyphy/ptII/ptolemy/actor/lib/test/auto/NilTokenTypeTest.xml
----------------- Instantiating /home/travis/build/icyphy/ptII/ptolemy/actor/lib/test/auto/NilTokenTypeTest.xml
13 ms. Memory: 300032K Free: 90104K (30%)
----------------- Invoking toplevel() on ptolemy.moml.MoMLSimpleApplication@fde8b22
----------------- Done invoking toplevel() on ptolemy.moml.MoMLSimpleApplication@fde8b22
reloadAllAccessors: .NilTokenTypeTest

===========================================================================================
----------------- testing Thu Sep 19 05:49:22 UTC 2019 /home/travis/build/icyphy/ptII/ptolemy/actor/lib/test/auto/ObjectToken1.xml
----------------- Instantiating /home/travis/build/icyphy/ptII/ptolemy/actor/lib/test/auto/ObjectToken1.xml
3 ms. Memory: 300032K Free: 86008K (29%)
----------------- Invoking toplevel() on ptolemy.moml.MoMLSimpleApplication@323e9d7c
----------------- Done invoking toplevel() on ptolemy.moml.MoMLSimpleApplication@323e9d7c
reloadAllAccessors: .ObjectToken1

===========================================================================================
----------------- testing Thu Sep 19 05:49:22 UTC 2019 /home/travis/build/icyphy/ptII/ptolemy/actor/lib/test/auto/OrderedMerge.xml
----------------- Instantiating /home/travis/build/icyphy/ptII/ptolemy/actor/lib/test/auto/OrderedMerge.xml
9 ms. Memory: 300032K Free: 80378K (27%)
----------------- Invoking toplevel() on ptolemy.moml.MoMLSimpleApplication@5512e417
----------------- Done invoking toplevel() on ptolemy.moml.MoMLSimpleApplication@5512e417
reloadAllAccessors: .OrderedMerge

===========================================================================================
----------------- testing Thu Sep 19 05:49:22 UTC 2019 /home/travis/build/icyphy/ptII/ptolemy/actor/lib/test/auto/OrderedRecordDisassembler.xml
----------------- Instantiating /home/travis/build/icyphy/ptII/ptolemy/actor/lib/test/auto/OrderedRecordDisassembler.xml
3 ms. Memory: 300032K Free: 75762K (25%)
----------------- Invoking toplevel() on ptolemy.moml.MoMLSimpleApplication@716b01d7
----------------- Done invoking toplevel() on ptolemy.moml.MoMLSimpleApplication@716b01d7
reloadAllAccessors: .OrderedRecordDisassembler

===========================================================================================
----------------- testing Thu Sep 19 05:49:22 UTC 2019 /home/travis/build/icyphy/ptII/ptolemy/actor/lib/test/auto/OrderedRecordDisassembler2.xml
----------------- Instantiating /home/travis/build/icyphy/ptII/ptolemy/actor/lib/test/auto/OrderedRecordDisassembler2.xml
4 ms. Memory: 300032K Free: 244368K (81%)
----------------- Invoking toplevel() on ptolemy.moml.MoMLSimpleApplication@1c8e36a3
----------------- Done invoking toplevel() on ptolemy.moml.MoMLSimpleApplication@1c8e36a3
reloadAllAccessors: .OrderedRecordDisassembler2

===========================================================================================
----------------- testing Thu Sep 19 05:49:22 UTC 2019 /home/travis/build/icyphy/ptII/ptolemy/actor/lib/test/auto/OrderedRecordUpdater.xml
----------------- Instantiating /home/travis/build/icyphy/ptII/ptolemy/actor/lib/test/auto/OrderedRecordUpdater.xml
1 ms. Memory: 300032K Free: 239758K (80%)
----------------- Invoking toplevel() on ptolemy.moml.MoMLSimpleApplication@35c5fe30
----------------- Done invoking toplevel() on ptolemy.moml.MoMLSimpleApplication@35c5fe30
reloadAllAccessors: .RecordUpdater

===========================================================================================
----------------- testing Thu Sep 19 05:49:22 UTC 2019 /home/travis/build/icyphy/ptII/ptolemy/actor/lib/test/auto/OrderedRecordUpdater2.xml
----------------- Instantiating /home/travis/build/icyphy/ptII/ptolemy/actor/lib/test/auto/OrderedRecordUpdater2.xml
3 ms. Memory: 300032K Free: 234638K (78%)
----------------- Invoking toplevel() on ptolemy.moml.MoMLSimpleApplication@1aafa1d5
----------------- Done invoking toplevel() on ptolemy.moml.MoMLSimpleApplication@1aafa1d5
reloadAllAccessors: .RecordUpdater2

===========================================================================================
----------------- testing Thu Sep 19 05:49:23 UTC 2019 /home/travis/build/icyphy/ptII/ptolemy/actor/lib/test/auto/PhaseUnwrap.xml
----------------- Instantiating /home/travis/build/icyphy/ptII/ptolemy/actor/lib/test/auto/PhaseUnwrap.xml
2 ms. Memory: 300032K Free: 230032K (77%)
----------------- Invoking toplevel() on ptolemy.moml.MoMLSimpleApplication@1313d648
----------------- Done invoking toplevel() on ptolemy.moml.MoMLSimpleApplication@1313d648
reloadAllAccessors: .PhaseUnwrap

===========================================================================================
----------------- testing Thu Sep 19 05:49:23 UTC 2019 /home/travis/build/icyphy/ptII/ptolemy/actor/lib/test/auto/PoissonClock.xml
----------------- Instantiating /home/travis/build/icyphy/ptII/ptolemy/actor/lib/test/auto/PoissonClock.xml
1 ms. Memory: 300032K Free: 225936K (75%)
----------------- Invoking toplevel() on ptolemy.moml.MoMLSimpleApplication@6d5dc31f
----------------- Done invoking toplevel() on ptolemy.moml.MoMLSimpleApplication@6d5dc31f
reloadAllAccessors: .PoissonClock

===========================================================================================
----------------- testing Thu Sep 19 05:49:23 UTC 2019 /home/travis/build/icyphy/ptII/ptolemy/actor/lib/test/auto/PoissonClock2.xml
----------------- Instantiating /home/travis/build/icyphy/ptII/ptolemy/actor/lib/test/auto/PoissonClock2.xml
1 ms. Memory: 300032K Free: 221840K (74%)
----------------- Invoking toplevel() on ptolemy.moml.MoMLSimpleApplication@33f2e17
----------------- Done invoking toplevel() on ptolemy.moml.MoMLSimpleApplication@33f2e17
reloadAllAccessors: .PoissonClock2

===========================================================================================
----------------- testing Thu Sep 19 05:49:23 UTC 2019 /home/travis/build/icyphy/ptII/ptolemy/actor/lib/test/auto/PoissonClock3.xml
----------------- Instantiating /home/travis/build/icyphy/ptII/ptolemy/actor/lib/test/auto/PoissonClock3.xml
1 ms. Memory: 300032K Free: 217230K (72%)
----------------- Invoking toplevel() on ptolemy.moml.MoMLSimpleApplication@aed5b1f
----------------- Done invoking toplevel() on ptolemy.moml.MoMLSimpleApplication@aed5b1f
reloadAllAccessors: .PoissonClock3

===========================================================================================
----------------- testing Thu Sep 19 05:49:23 UTC 2019 /home/travis/build/icyphy/ptII/ptolemy/actor/lib/test/auto/PubSubWithInitialTokens.xml
----------------- Instantiating /home/travis/build/icyphy/ptII/ptolemy/actor/lib/test/auto/PubSubWithInitialTokens.xml
2 ms. Memory: 300032K Free: 211600K (71%)
----------------- Invoking toplevel() on ptolemy.moml.MoMLSimpleApplication@3952dd1f
----------------- Done invoking toplevel() on ptolemy.moml.MoMLSimpleApplication@3952dd1f
reloadAllAccessors: .PubSubWithInitialTokens

===========================================================================================
----------------- testing Thu Sep 19 05:49:23 UTC 2019 /home/travis/build/icyphy/ptII/ptolemy/actor/lib/test/auto/PubSubWithInitialTokens2.xml
----------------- Instantiating /home/travis/build/icyphy/ptII/ptolemy/actor/lib/test/auto/PubSubWithInitialTokens2.xml
2 ms. Memory: 300032K Free: 205456K (68%)
----------------- Invoking toplevel() on ptolemy.moml.MoMLSimpleApplication@79c5490
----------------- Done invoking toplevel() on ptolemy.moml.MoMLSimpleApplication@79c5490
reloadAllAccessors: .PubSubWithInitialTokens2

===========================================================================================
----------------- testing Thu Sep 19 05:49:23 UTC 2019 /home/travis/build/icyphy/ptII/ptolemy/actor/lib/test/auto/PublisherClassNoParameter.xml
----------------- Instantiating /home/travis/build/icyphy/ptII/ptolemy/actor/lib/test/auto/PublisherClassNoParameter.xml
2 ms. Memory: 300032K Free: 195726K (65%)
----------------- Invoking toplevel() on ptolemy.moml.MoMLSimpleApplication@214e1d9b
----------------- Done invoking toplevel() on ptolemy.moml.MoMLSimpleApplication@214e1d9b
reloadAllAccessors: .PublisherClassNoParameter

===========================================================================================
----------------- testing Thu Sep 19 05:49:23 UTC 2019 /home/travis/build/icyphy/ptII/ptolemy/actor/lib/test/auto/PublisherClassParameter.xml
----------------- Instantiating /home/travis/build/icyphy/ptII/ptolemy/actor/lib/test/auto/PublisherClassParameter.xml
2 ms. Memory: 300032K Free: 184976K (62%)
----------------- Invoking toplevel() on ptolemy.moml.MoMLSimpleApplication@52f63b8e
----------------- Done invoking toplevel() on ptolemy.moml.MoMLSimpleApplication@52f63b8e
reloadAllAccessors: .PublisherClassParameter

===========================================================================================
----------------- testing Thu Sep 19 05:49:23 UTC 2019 /home/travis/build/icyphy/ptII/ptolemy/actor/lib/test/auto/PublisherNonStrictTest.xml
----------------- Instantiating /home/travis/build/icyphy/ptII/ptolemy/actor/lib/test/auto/PublisherNonStrictTest.xml
3 ms. Memory: 300032K Free: 177288K (59%)
----------------- Invoking toplevel() on ptolemy.moml.MoMLSimpleApplication@47f6ca54
----------------- Done invoking toplevel() on ptolemy.moml.MoMLSimpleApplication@47f6ca54
reloadAllAccessors: .PublisherNonStrictTest

===========================================================================================
----------------- testing Thu Sep 19 05:49:23 UTC 2019 /home/travis/build/icyphy/ptII/ptolemy/actor/lib/test/auto/PublisherPort1.xml
----------------- Instantiating /home/travis/build/icyphy/ptII/ptolemy/actor/lib/test/auto/PublisherPort1.xml
13 ms. Memory: 300032K Free: 171664K (57%)
----------------- Invoking toplevel() on ptolemy.moml.MoMLSimpleApplication@1c321fdb
----------------- Done invoking toplevel() on ptolemy.moml.MoMLSimpleApplication@1c321fdb
reloadAllAccessors: .PublisherPort1

===========================================================================================
----------------- testing Thu Sep 19 05:49:23 UTC 2019 /home/travis/build/icyphy/ptII/ptolemy/actor/lib/test/auto/PublisherPort2.xml
----------------- Instantiating /home/travis/build/icyphy/ptII/ptolemy/actor/lib/test/auto/PublisherPort2.xml
1 ms. Memory: 300032K Free: 167054K (56%)
----------------- Invoking toplevel() on ptolemy.moml.MoMLSimpleApplication@3d7627a9
----------------- Done invoking toplevel() on ptolemy.moml.MoMLSimpleApplication@3d7627a9
reloadAllAccessors: .PublisherPort2

===========================================================================================
----------------- testing Thu Sep 19 05:49:23 UTC 2019 /home/travis/build/icyphy/ptII/ptolemy/actor/lib/test/auto/PublisherPort3.xml
----------------- Instantiating /home/travis/build/icyphy/ptII/ptolemy/actor/lib/test/auto/PublisherPort3.xml
3 ms. Memory: 300032K Free: 160400K (53%)
----------------- Invoking toplevel() on ptolemy.moml.MoMLSimpleApplication@2cc05356
----------------- Done invoking toplevel() on ptolemy.moml.MoMLSimpleApplication@2cc05356
reloadAllAccessors: .PublisherPort3

===========================================================================================
----------------- testing Thu Sep 19 05:49:23 UTC 2019 /home/travis/build/icyphy/ptII/ptolemy/actor/lib/test/auto/PublisherPort4.xml
----------------- Instantiating /home/travis/build/icyphy/ptII/ptolemy/actor/lib/test/auto/PublisherPort4.xml
2 ms. Memory: 300032K Free: 154760K (52%)
----------------- Invoking toplevel() on ptolemy.moml.MoMLSimpleApplication@9dcfdd7
----------------- Done invoking toplevel() on ptolemy.moml.MoMLSimpleApplication@9dcfdd7
reloadAllAccessors: .PublisherPort4

===========================================================================================
----------------- testing Thu Sep 19 05:49:23 UTC 2019 /home/travis/build/icyphy/ptII/ptolemy/actor/lib/test/auto/PublisherPort5.xml
----------------- Instantiating /home/travis/build/icyphy/ptII/ptolemy/actor/lib/test/auto/PublisherPort5.xml
3 ms. Memory: 300032K Free: 147088K (49%)
----------------- Invoking toplevel() on ptolemy.moml.MoMLSimpleApplication@610af611
----------------- Done invoking toplevel() on ptolemy.moml.MoMLSimpleApplication@610af611
reloadAllAccessors: .PublisherPort5

===========================================================================================
----------------- testing Thu Sep 19 05:49:23 UTC 2019 /home/travis/build/icyphy/ptII/ptolemy/actor/lib/test/auto/PublisherPort5LookAlike.xml
----------------- Instantiating /home/travis/build/icyphy/ptII/ptolemy/actor/lib/test/auto/PublisherPort5LookAlike.xml
8 ms. Memory: 300032K Free: 139406K (46%)
----------------- Invoking toplevel() on ptolemy.moml.MoMLSimpleApplication@4e863a89
----------------- Done invoking toplevel() on ptolemy.moml.MoMLSimpleApplication@4e863a89
reloadAllAccessors: .PublisherPort5LookAlike

===========================================================================================
----------------- testing Thu Sep 19 05:49:23 UTC 2019 /home/travis/build/icyphy/ptII/ptolemy/actor/lib/test/auto/PublisherPort6.xml
----------------- Instantiating /home/travis/build/icyphy/ptII/ptolemy/actor/lib/test/auto/PublisherPort6.xml
2 ms. Memory: 300032K Free: 132752K (44%)
----------------- Invoking toplevel() on ptolemy.moml.MoMLSimpleApplication@6dc02b27
----------------- Done invoking toplevel() on ptolemy.moml.MoMLSimpleApplication@6dc02b27
reloadAllAccessors: .PublisherPort6

===========================================================================================
----------------- testing Thu Sep 19 05:49:23 UTC 2019 /home/travis/build/icyphy/ptII/ptolemy/actor/lib/test/auto/PublisherPort7.xml
----------------- Instantiating /home/travis/build/icyphy/ptII/ptolemy/actor/lib/test/auto/PublisherPort7.xml
3 ms. Memory: 300032K Free: 125070K (42%)
----------------- Invoking toplevel() on ptolemy.moml.MoMLSimpleApplication@2ec2a9b6
----------------- Done invoking toplevel() on ptolemy.moml.MoMLSimpleApplication@2ec2a9b6
reloadAllAccessors: .PublisherPort7

===========================================================================================
----------------- testing Thu Sep 19 05:49:23 UTC 2019 /home/travis/build/icyphy/ptII/ptolemy/actor/lib/test/auto/PublisherPort8.xml
----------------- Instantiating /home/travis/build/icyphy/ptII/ptolemy/actor/lib/test/auto/PublisherPort8.xml
4 ms. Memory: 300032K Free: 116368K (39%)
----------------- Invoking toplevel() on ptolemy.moml.MoMLSimpleApplication@4fb3209d
----------------- Done invoking toplevel() on ptolemy.moml.MoMLSimpleApplication@4fb3209d
reloadAllAccessors: .PublisherPort8

===========================================================================================
----------------- testing Thu Sep 19 05:49:23 UTC 2019 /home/travis/build/icyphy/ptII/ptolemy/actor/lib/test/auto/PublisherPortSubscriberChannelVariablesAOC2.xml
----------------- Instantiating /home/travis/build/icyphy/ptII/ptolemy/actor/lib/test/auto/PublisherPortSubscriberChannelVariablesAOC2.xml
2 ms. Memory: 300032K Free: 98960K (33%)
----------------- Invoking toplevel() on ptolemy.moml.MoMLSimpleApplication@53ff0934
----------------- Done invoking toplevel() on ptolemy.moml.MoMLSimpleApplication@53ff0934
reloadAllAccessors: .PublisherPortSubscriberChannelVariablesAOC2

===========================================================================================
----------------- testing Thu Sep 19 05:49:23 UTC 2019 /home/travis/build/icyphy/ptII/ptolemy/actor/lib/test/auto/PublisherPortSubscriberOpaqueWidthInference.xml
----------------- Instantiating /home/travis/build/icyphy/ptII/ptolemy/actor/lib/test/auto/PublisherPortSubscriberOpaqueWidthInference.xml
4 ms. Memory: 300032K Free: 90768K (30%)
----------------- Invoking toplevel() on ptolemy.moml.MoMLSimpleApplication@5f6fa446
----------------- Done invoking toplevel() on ptolemy.moml.MoMLSimpleApplication@5f6fa446
reloadAllAccessors: .PublisherPortSubscriberOpaqueWidthInference

===========================================================================================
----------------- testing Thu Sep 19 05:49:23 UTC 2019 /home/travis/build/icyphy/ptII/ptolemy/actor/lib/test/auto/PublisherPortSubscriberPortAdjacent.xml
----------------- Instantiating /home/travis/build/icyphy/ptII/ptolemy/actor/lib/test/auto/PublisherPortSubscriberPortAdjacent.xml
3 ms. Memory: 300032K Free: 83086K (28%)
----------------- Invoking toplevel() on ptolemy.moml.MoMLSimpleApplication@b5b78e5
----------------- Done invoking toplevel() on ptolemy.moml.MoMLSimpleApplication@b5b78e5
reloadAllAccessors: .PublisherPortSubscriberPortAdjacent

===========================================================================================
----------------- testing Thu Sep 19 05:49:23 UTC 2019 /home/travis/build/icyphy/ptII/ptolemy/actor/lib/test/auto/PublisherPortSubscriberPortExpression.xml
----------------- Instantiating /home/travis/build/icyphy/ptII/ptolemy/actor/lib/test/auto/PublisherPortSubscriberPortExpression.xml
4 ms. Memory: 300032K Free: 75408K (25%)
----------------- Invoking toplevel() on ptolemy.moml.MoMLSimpleApplication@68eb75e0
----------------- Done invoking toplevel() on ptolemy.moml.MoMLSimpleApplication@68eb75e0
reloadAllAccessors: .PublisherPortSubscriberPortExpression

===========================================================================================
----------------- testing Thu Sep 19 05:49:23 UTC 2019 /home/travis/build/icyphy/ptII/ptolemy/actor/lib/test/auto/PublisherPortSubscriberPortOpaqueD3Reverse.xml
----------------- Instantiating /home/travis/build/icyphy/ptII/ptolemy/actor/lib/test/auto/PublisherPortSubscriberPortOpaqueD3Reverse.xml
6 ms. Memory: 300032K Free: 241508K (80%)
----------------- Invoking toplevel() on ptolemy.moml.MoMLSimpleApplication@45084889
----------------- Done invoking toplevel() on ptolemy.moml.MoMLSimpleApplication@45084889
reloadAllAccessors: .PublisherPortSubscriberPortOpaqueD3Reverse

===========================================================================================
----------------- testing Thu Sep 19 05:49:23 UTC 2019 /home/travis/build/icyphy/ptII/ptolemy/actor/lib/test/auto/PublisherPortSubscriberPortOpaqueWidthInference.xml
----------------- Instantiating /home/travis/build/icyphy/ptII/ptolemy/actor/lib/test/auto/PublisherPortSubscriberPortOpaqueWidthInference.xml
3 ms. Memory: 300032K Free: 233812K (78%)
----------------- Invoking toplevel() on ptolemy.moml.MoMLSimpleApplication@1d4d4f56
----------------- Done invoking toplevel() on ptolemy.moml.MoMLSimpleApplication@1d4d4f56
reloadAllAccessors: .PublisherPortSubscriberPortOpaqueWidthInference

===========================================================================================
----------------- testing Thu Sep 19 05:49:23 UTC 2019 /home/travis/build/icyphy/ptII/ptolemy/actor/lib/test/auto/PublisherPortToplevelSubscriberPortAOC.xml
----------------- Instantiating /home/travis/build/icyphy/ptII/ptolemy/actor/lib/test/auto/PublisherPortToplevelSubscriberPortAOC.xml
.PublisherPortToplevelSubscriberPortAOC.TestExceptionAttribute: initialize() was not invoked, but wrapup() was.  This is unusual, but not always a problem.  For example, exporting JNLP will do this.
1 ms. Memory: 300032K Free: 227682K (76%)
----------------- Invoking toplevel() on ptolemy.moml.MoMLSimpleApplication@5eaa7f82
----------------- Done invoking toplevel() on ptolemy.moml.MoMLSimpleApplication@5eaa7f82
reloadAllAccessors: .PublisherPortToplevelSubscriberPortAOC

===========================================================================================
----------------- testing Thu Sep 19 05:49:23 UTC 2019 /home/travis/build/icyphy/ptII/ptolemy/actor/lib/test/auto/PublisherSubscriber.xml
----------------- Instantiating /home/travis/build/icyphy/ptII/ptolemy/actor/lib/test/auto/PublisherSubscriber.xml
3 ms. Memory: 300032K Free: 220484K (73%)
----------------- Invoking toplevel() on ptolemy.moml.MoMLSimpleApplication@6e2fa7aa
----------------- Done invoking toplevel() on ptolemy.moml.MoMLSimpleApplication@6e2fa7aa
reloadAllAccessors: .PublisherSubscriber

===========================================================================================
----------------- testing Thu Sep 19 05:49:23 UTC 2019 /home/travis/build/icyphy/ptII/ptolemy/actor/lib/test/auto/PublisherSubscriber10.xml
----------------- Instantiating /home/travis/build/icyphy/ptII/ptolemy/actor/lib/test/auto/PublisherSubscriber10.xml
8 ms. Memory: 300032K Free: 210788K (70%)
----------------- Invoking toplevel() on ptolemy.moml.MoMLSimpleApplication@25748c29
----------------- Done invoking toplevel() on ptolemy.moml.MoMLSimpleApplication@25748c29
reloadAllAccessors: .PublisherSubscriber10

===========================================================================================
----------------- testing Thu Sep 19 05:49:23 UTC 2019 /home/travis/build/icyphy/ptII/ptolemy/actor/lib/test/auto/PublisherSubscriber10InitialOutputs.xml
----------------- Instantiating /home/travis/build/icyphy/ptII/ptolemy/actor/lib/test/auto/PublisherSubscriber10InitialOutputs.xml
18 ms. Memory: 300032K Free: 201572K (67%)
----------------- Invoking toplevel() on ptolemy.moml.MoMLSimpleApplication@3e134be3
----------------- Done invoking toplevel() on ptolemy.moml.MoMLSimpleApplication@3e134be3
reloadAllAccessors: .PublisherSubscriber10InitialOutputs

===========================================================================================
----------------- testing Thu Sep 19 05:49:23 UTC 2019 /home/travis/build/icyphy/ptII/ptolemy/actor/lib/test/auto/PublisherSubscriber11.xml
----------------- Instantiating /home/travis/build/icyphy/ptII/ptolemy/actor/lib/test/auto/PublisherSubscriber11.xml
4 ms. Memory: 300032K Free: 195428K (65%)
----------------- Invoking toplevel() on ptolemy.moml.MoMLSimpleApplication@2362eb5d
----------------- Done invoking toplevel() on ptolemy.moml.MoMLSimpleApplication@2362eb5d
reloadAllAccessors: .PublisherSubscriber11

===========================================================================================
----------------- testing Thu Sep 19 05:49:23 UTC 2019 /home/travis/build/icyphy/ptII/ptolemy/actor/lib/test/auto/PublisherSubscriber12.xml
----------------- Instantiating /home/travis/build/icyphy/ptII/ptolemy/actor/lib/test/auto/PublisherSubscriber12.xml
6 ms. Memory: 300032K Free: 188260K (63%)
----------------- Invoking toplevel() on ptolemy.moml.MoMLSimpleApplication@12148a16
----------------- Done invoking toplevel() on ptolemy.moml.MoMLSimpleApplication@12148a16
reloadAllAccessors: .PublisherSubscriber12

===========================================================================================
----------------- testing Thu Sep 19 05:49:23 UTC 2019 /home/travis/build/icyphy/ptII/ptolemy/actor/lib/test/auto/PublisherSubscriber13.xml
----------------- Instantiating /home/travis/build/icyphy/ptII/ptolemy/actor/lib/test/auto/PublisherSubscriber13.xml
3 ms. Memory: 300032K Free: 182612K (61%)
----------------- Invoking toplevel() on ptolemy.moml.MoMLSimpleApplication@62f7a011
----------------- Done invoking toplevel() on ptolemy.moml.MoMLSimpleApplication@62f7a011
reloadAllAccessors: .PublisherSubscriber13

===========================================================================================
----------------- testing Thu Sep 19 05:49:23 UTC 2019 /home/travis/build/icyphy/ptII/ptolemy/actor/lib/test/auto/PublisherSubscriber14.xml
----------------- Instantiating /home/travis/build/icyphy/ptII/ptolemy/actor/lib/test/auto/PublisherSubscriber14.xml
2 ms. Memory: 300032K Free: 173924K (58%)
----------------- Invoking toplevel() on ptolemy.moml.MoMLSimpleApplication@662e0e24
----------------- Done invoking toplevel() on ptolemy.moml.MoMLSimpleApplication@662e0e24
reloadAllAccessors: .PublisherSubscriber14

===========================================================================================
----------------- testing Thu Sep 19 05:49:23 UTC 2019 /home/travis/build/icyphy/ptII/ptolemy/actor/lib/test/auto/PublisherSubscriber2.xml
----------------- Instantiating /home/travis/build/icyphy/ptII/ptolemy/actor/lib/test/auto/PublisherSubscriber2.xml
3 ms. Memory: 300032K Free: 168260K (56%)
----------------- Invoking toplevel() on ptolemy.moml.MoMLSimpleApplication@4a148b4f
----------------- Done invoking toplevel() on ptolemy.moml.MoMLSimpleApplication@4a148b4f
reloadAllAccessors: .PublisherSubscriber2

===========================================================================================
----------------- testing Thu Sep 19 05:49:23 UTC 2019 /home/travis/build/icyphy/ptII/ptolemy/actor/lib/test/auto/PublisherSubscriber3.xml
----------------- Instantiating /home/travis/build/icyphy/ptII/ptolemy/actor/lib/test/auto/PublisherSubscriber3.xml
2 ms. Memory: 300032K Free: 162660K (54%)
----------------- Invoking toplevel() on ptolemy.moml.MoMLSimpleApplication@43a24731
----------------- Done invoking toplevel() on ptolemy.moml.MoMLSimpleApplication@43a24731
reloadAllAccessors: .PublisherSubscriber3

===========================================================================================
----------------- testing Thu Sep 19 05:49:23 UTC 2019 /home/travis/build/icyphy/ptII/ptolemy/actor/lib/test/auto/PublisherSubscriber4.xml
----------------- Instantiating /home/travis/build/icyphy/ptII/ptolemy/actor/lib/test/auto/PublisherSubscriber4.xml
2 ms. Memory: 300032K Free: 157540K (53%)
----------------- Invoking toplevel() on ptolemy.moml.MoMLSimpleApplication@463e7bba
----------------- Done invoking toplevel() on ptolemy.moml.MoMLSimpleApplication@463e7bba
reloadAllAccessors: .PublisherSubscriber4

===========================================================================================
----------------- testing Thu Sep 19 05:49:23 UTC 2019 /home/travis/build/icyphy/ptII/ptolemy/actor/lib/test/auto/PublisherSubscriber5.xml
----------------- Instantiating /home/travis/build/icyphy/ptII/ptolemy/actor/lib/test/auto/PublisherSubscriber5.xml
2 ms. Memory: 300032K Free: 150868K (50%)
----------------- Invoking toplevel() on ptolemy.moml.MoMLSimpleApplication@a408cc
----------------- Done invoking toplevel() on ptolemy.moml.MoMLSimpleApplication@a408cc
reloadAllAccessors: .PublisherSubscriber5

===========================================================================================
----------------- testing Thu Sep 19 05:49:23 UTC 2019 /home/travis/build/icyphy/ptII/ptolemy/actor/lib/test/auto/PublisherSubscriber6.xml
----------------- Instantiating /home/travis/build/icyphy/ptII/ptolemy/actor/lib/test/auto/PublisherSubscriber6.xml
5 ms. Memory: 300032K Free: 144228K (48%)
----------------- Invoking toplevel() on ptolemy.moml.MoMLSimpleApplication@31d13aa0
----------------- Done invoking toplevel() on ptolemy.moml.MoMLSimpleApplication@31d13aa0
reloadAllAccessors: .PublisherSubscriber6

===========================================================================================
----------------- testing Thu Sep 19 05:49:23 UTC 2019 /home/travis/build/icyphy/ptII/ptolemy/actor/lib/test/auto/PublisherSubscriber7.xml
----------------- Instantiating /home/travis/build/icyphy/ptII/ptolemy/actor/lib/test/auto/PublisherSubscriber7.xml
8 ms. Memory: 300032K Free: 137556K (46%)
----------------- Invoking toplevel() on ptolemy.moml.MoMLSimpleApplication@45d584a1
----------------- Done invoking toplevel() on ptolemy.moml.MoMLSimpleApplication@45d584a1
reloadAllAccessors: .PublisherSubscriber7

===========================================================================================
----------------- testing Thu Sep 19 05:49:23 UTC 2019 /home/travis/build/icyphy/ptII/ptolemy/actor/lib/test/auto/PublisherSubscriber8.xml
----------------- Instantiating /home/travis/build/icyphy/ptII/ptolemy/actor/lib/test/auto/PublisherSubscriber8.xml
24 ms. Memory: 300032K Free: 126306K (42%)
----------------- Invoking toplevel() on ptolemy.moml.MoMLSimpleApplication@5c8eb6db
----------------- Done invoking toplevel() on ptolemy.moml.MoMLSimpleApplication@5c8eb6db
reloadAllAccessors: .PublisherSubscriber8

===========================================================================================
----------------- testing Thu Sep 19 05:49:23 UTC 2019 /home/travis/build/icyphy/ptII/ptolemy/actor/lib/test/auto/PublisherSubscriber9.xml
----------------- Instantiating /home/travis/build/icyphy/ptII/ptolemy/actor/lib/test/auto/PublisherSubscriber9.xml
7 ms. Memory: 300032K Free: 119138K (40%)
----------------- Invoking toplevel() on ptolemy.moml.MoMLSimpleApplication@890687d
----------------- Done invoking toplevel() on ptolemy.moml.MoMLSimpleApplication@890687d
reloadAllAccessors: .PublisherSubscriber9

===========================================================================================
----------------- testing Thu Sep 19 05:49:23 UTC 2019 /home/travis/build/icyphy/ptII/ptolemy/actor/lib/test/auto/PublisherSubscriberAdjacent.xml
----------------- Instantiating /home/travis/build/icyphy/ptII/ptolemy/actor/lib/test/auto/PublisherSubscriberAdjacent.xml
2 ms. Memory: 300032K Free: 110946K (37%)
----------------- Invoking toplevel() on ptolemy.moml.MoMLSimpleApplication@5e2f8f2a
----------------- Done invoking toplevel() on ptolemy.moml.MoMLSimpleApplication@5e2f8f2a
reloadAllAccessors: .PublisherSubscriberAdjacent

===========================================================================================
----------------- testing Thu Sep 19 05:49:23 UTC 2019 /home/travis/build/icyphy/ptII/ptolemy/actor/lib/test/auto/PublisherSubscriberChannelVariablesAOC2.xml
----------------- Instantiating /home/travis/build/icyphy/ptII/ptolemy/actor/lib/test/auto/PublisherSubscriberChannelVariablesAOC2.xml
3 ms. Memory: 300032K Free: 95572K (32%)
----------------- Invoking toplevel() on ptolemy.moml.MoMLSimpleApplication@1f4fd945
----------------- Done invoking toplevel() on ptolemy.moml.MoMLSimpleApplication@1f4fd945
reloadAllAccessors: .PublisherSubscriberChannelVariablesAOC2

===========================================================================================
----------------- testing Thu Sep 19 05:49:23 UTC 2019 /home/travis/build/icyphy/ptII/ptolemy/actor/lib/test/auto/PublisherSubscriberD3.xml
----------------- Instantiating /home/travis/build/icyphy/ptII/ptolemy/actor/lib/test/auto/PublisherSubscriberD3.xml
2 ms. Memory: 300032K Free: 88418K (29%)
----------------- Invoking toplevel() on ptolemy.moml.MoMLSimpleApplication@5a3a78bb
----------------- Done invoking toplevel() on ptolemy.moml.MoMLSimpleApplication@5a3a78bb
reloadAllAccessors: .PublisherSubscriberD3

===========================================================================================
----------------- testing Thu Sep 19 05:49:23 UTC 2019 /home/travis/build/icyphy/ptII/ptolemy/actor/lib/test/auto/PublisherSubscriberD3Reverse.xml
----------------- Instantiating /home/travis/build/icyphy/ptII/ptolemy/actor/lib/test/auto/PublisherSubscriberD3Reverse.xml
2 ms. Memory: 300032K Free: 82274K (27%)
----------------- Invoking toplevel() on ptolemy.moml.MoMLSimpleApplication@4393230a
----------------- Done invoking toplevel() on ptolemy.moml.MoMLSimpleApplication@4393230a
reloadAllAccessors: .PublisherSubscriberD3Reverse

===========================================================================================
----------------- testing Thu Sep 19 05:49:23 UTC 2019 /home/travis/build/icyphy/ptII/ptolemy/actor/lib/test/auto/PublisherSubscriberExpression.xml
----------------- Instantiating /home/travis/build/icyphy/ptII/ptolemy/actor/lib/test/auto/PublisherSubscriberExpression.xml
19 ms. Memory: 300032K Free: 249820K (83%)
----------------- Invoking toplevel() on ptolemy.moml.MoMLSimpleApplication@70ce7585
----------------- Done invoking toplevel() on ptolemy.moml.MoMLSimpleApplication@70ce7585
reloadAllAccessors: .PublisherSubscriberExpression

===========================================================================================
----------------- testing Thu Sep 19 05:49:24 UTC 2019 /home/travis/build/icyphy/ptII/ptolemy/actor/lib/test/auto/PublisherSubscriberOpaque.xml
----------------- Instantiating /home/travis/build/icyphy/ptII/ptolemy/actor/lib/test/auto/PublisherSubscriberOpaque.xml
4 ms. Memory: 300032K Free: 241132K (80%)
----------------- Invoking toplevel() on ptolemy.moml.MoMLSimpleApplication@2fe08047
----------------- Done invoking toplevel() on ptolemy.moml.MoMLSimpleApplication@2fe08047
reloadAllAccessors: .PublisherSubscriberOpaque

===========================================================================================
----------------- testing Thu Sep 19 05:49:24 UTC 2019 /home/travis/build/icyphy/ptII/ptolemy/actor/lib/test/auto/PublisherSubscriberOpaqueD3.xml
----------------- Instantiating /home/travis/build/icyphy/ptII/ptolemy/actor/lib/test/auto/PublisherSubscriberOpaqueD3.xml
8 ms. Memory: 300032K Free: 229354K (76%)
----------------- Invoking toplevel() on ptolemy.moml.MoMLSimpleApplication@3651146d
----------------- Done invoking toplevel() on ptolemy.moml.MoMLSimpleApplication@3651146d
reloadAllAccessors: .PublisherSubscriberOpaqueD3

===========================================================================================
----------------- testing Thu Sep 19 05:49:24 UTC 2019 /home/travis/build/icyphy/ptII/ptolemy/actor/lib/test/auto/PublisherSubscriberOpaqueD3Reverse.xml
----------------- Instantiating /home/travis/build/icyphy/ptII/ptolemy/actor/lib/test/auto/PublisherSubscriberOpaqueD3Reverse.xml
10 ms. Memory: 300032K Free: 218604K (73%)
----------------- Invoking toplevel() on ptolemy.moml.MoMLSimpleApplication@6720657b
----------------- Done invoking toplevel() on ptolemy.moml.MoMLSimpleApplication@6720657b
reloadAllAccessors: .PublisherSubscriberOpaqueD3Reverse

===========================================================================================
----------------- testing Thu Sep 19 05:49:24 UTC 2019 /home/travis/build/icyphy/ptII/ptolemy/actor/lib/test/auto/PublisherSubscriberOpaqueWidthInference.xml
----------------- Instantiating /home/travis/build/icyphy/ptII/ptolemy/actor/lib/test/auto/PublisherSubscriberOpaqueWidthInference.xml
5 ms. Memory: 300032K Free: 210412K (70%)
----------------- Invoking toplevel() on ptolemy.moml.MoMLSimpleApplication@2b2e799c
----------------- Done invoking toplevel() on ptolemy.moml.MoMLSimpleApplication@2b2e799c
reloadAllAccessors: .PublisherSubscriberOpaqueWidthInference

===========================================================================================
----------------- testing Thu Sep 19 05:49:24 UTC 2019 /home/travis/build/icyphy/ptII/ptolemy/actor/lib/test/auto/PublisherTestSubscriber.xml
----------------- Instantiating /home/travis/build/icyphy/ptII/ptolemy/actor/lib/test/auto/PublisherTestSubscriber.xml
3 ms. Memory: 300032K Free: 202724K (68%)
----------------- Invoking toplevel() on ptolemy.moml.MoMLSimpleApplication@7c75e0ba
----------------- Done invoking toplevel() on ptolemy.moml.MoMLSimpleApplication@7c75e0ba
reloadAllAccessors: .PublisherTestSubscriber

===========================================================================================
----------------- testing Thu Sep 19 05:49:24 UTC 2019 /home/travis/build/icyphy/ptII/ptolemy/actor/lib/test/auto/PublisherToplevelSubscriberPortAOC.xml
----------------- Instantiating /home/travis/build/icyphy/ptII/ptolemy/actor/lib/test/auto/PublisherToplevelSubscriberPortAOC.xml
1 ms. Memory: 300032K Free: 196580K (66%)
----------------- Invoking toplevel() on ptolemy.moml.MoMLSimpleApplication@4951c575
----------------- Done invoking toplevel() on ptolemy.moml.MoMLSimpleApplication@4951c575
reloadAllAccessors: .PublisherToplevelSubscriberPortAOC

===========================================================================================
----------------- testing Thu Sep 19 05:49:24 UTC 2019 /home/travis/build/icyphy/ptII/ptolemy/actor/lib/test/auto/PulseFiringLimitDE.xml
----------------- Instantiating /home/travis/build/icyphy/ptII/ptolemy/actor/lib/test/auto/PulseFiringLimitDE.xml
2 ms. Memory: 300032K Free: 190442K (63%)
----------------- Invoking toplevel() on ptolemy.moml.MoMLSimpleApplication@1134f1c8
----------------- Done invoking toplevel() on ptolemy.moml.MoMLSimpleApplication@1134f1c8
reloadAllAccessors: .PulseFiringLimitDE

===========================================================================================
----------------- testing Thu Sep 19 05:49:24 UTC 2019 /home/travis/build/icyphy/ptII/ptolemy/actor/lib/test/auto/Ramp1.xml
----------------- Instantiating /home/travis/build/icyphy/ptII/ptolemy/actor/lib/test/auto/Ramp1.xml
1 ms. Memory: 300032K Free: 186340K (62%)
----------------- Invoking toplevel() on ptolemy.moml.MoMLSimpleApplication@33393e05
----------------- Done invoking toplevel() on ptolemy.moml.MoMLSimpleApplication@33393e05
reloadAllAccessors: .Ramp1

===========================================================================================
----------------- testing Thu Sep 19 05:49:24 UTC 2019 /home/travis/build/icyphy/ptII/ptolemy/actor/lib/test/auto/RampFiringLimitDE.xml
----------------- Instantiating /home/travis/build/icyphy/ptII/ptolemy/actor/lib/test/auto/RampFiringLimitDE.xml
2 ms. Memory: 300032K Free: 180188K (60%)
----------------- Invoking toplevel() on ptolemy.moml.MoMLSimpleApplication@32433e8e
----------------- Done invoking toplevel() on ptolemy.moml.MoMLSimpleApplication@32433e8e
reloadAllAccessors: .RampFiringLimitDE

===========================================================================================
----------------- testing Thu Sep 19 05:49:24 UTC 2019 /home/travis/build/icyphy/ptII/ptolemy/actor/lib/test/auto/RampFiringLimitSDF.xml
----------------- Instantiating /home/travis/build/icyphy/ptII/ptolemy/actor/lib/test/auto/RampFiringLimitSDF.xml
2 ms. Memory: 300032K Free: 175068K (58%)
----------------- Invoking toplevel() on ptolemy.moml.MoMLSimpleApplication@7bce9cb0
----------------- Done invoking toplevel() on ptolemy.moml.MoMLSimpleApplication@7bce9cb0
reloadAllAccessors: .RampFiringLimitSDF

===========================================================================================
----------------- testing Thu Sep 19 05:49:24 UTC 2019 /home/travis/build/icyphy/ptII/ptolemy/actor/lib/test/auto/RandomInteger.xml
----------------- Instantiating /home/travis/build/icyphy/ptII/ptolemy/actor/lib/test/auto/RandomInteger.xml
1 ms. Memory: 300032K Free: 170986K (57%)
----------------- Invoking toplevel() on ptolemy.moml.MoMLSimpleApplication@30419c24
----------------- Done invoking toplevel() on ptolemy.moml.MoMLSimpleApplication@30419c24
reloadAllAccessors: .RandomInteger

===========================================================================================
----------------- testing Thu Sep 19 05:49:24 UTC 2019 /home/travis/build/icyphy/ptII/ptolemy/actor/lib/test/auto/ReadFile1.xml
----------------- Instantiating /home/travis/build/icyphy/ptII/ptolemy/actor/lib/test/auto/ReadFile1.xml
1 ms. Memory: 300032K Free: 166380K (55%)
----------------- Invoking toplevel() on ptolemy.moml.MoMLSimpleApplication@209cd3f5
----------------- Done invoking toplevel() on ptolemy.moml.MoMLSimpleApplication@209cd3f5
reloadAllAccessors: .ReadFile1

===========================================================================================
----------------- testing Thu Sep 19 05:49:24 UTC 2019 /home/travis/build/icyphy/ptII/ptolemy/actor/lib/test/auto/ReadFile2.xml
----------------- Instantiating /home/travis/build/icyphy/ptII/ptolemy/actor/lib/test/auto/ReadFile2.xml
1 ms. Memory: 300032K Free: 162284K (54%)
----------------- Invoking toplevel() on ptolemy.moml.MoMLSimpleApplication@240cfbf
----------------- Done invoking toplevel() on ptolemy.moml.MoMLSimpleApplication@240cfbf
reloadAllAccessors: .ReadFile2

===========================================================================================
----------------- testing Thu Sep 19 05:49:24 UTC 2019 /home/travis/build/icyphy/ptII/ptolemy/actor/lib/test/auto/Reader.xml
----------------- Instantiating /home/travis/build/icyphy/ptII/ptolemy/actor/lib/test/auto/Reader.xml
actor.lib.Reader is obsolete, use actor.lib.io.ExpressionReader instead
4 ms. Memory: 300032K Free: 158188K (53%)
----------------- Invoking toplevel() on ptolemy.moml.MoMLSimpleApplication@33a44e4b
----------------- Done invoking toplevel() on ptolemy.moml.MoMLSimpleApplication@33a44e4b
reloadAllAccessors: .Reader

===========================================================================================
----------------- testing Thu Sep 19 05:49:24 UTC 2019 /home/travis/build/icyphy/ptII/ptolemy/actor/lib/test/auto/RecordAssemblerDisplayNameTest.xml
----------------- Instantiating /home/travis/build/icyphy/ptII/ptolemy/actor/lib/test/auto/RecordAssemblerDisplayNameTest.xml
4443 ms. Memory: 300032K Free: 169434K (56%)
----------------- Invoking toplevel() on ptolemy.moml.MoMLSimpleApplication@61023c70
----------------- Done invoking toplevel() on ptolemy.moml.MoMLSimpleApplication@61023c70
reloadAllAccessors: .RecordAssemblerDisplayNameTest

===========================================================================================
----------------- testing Thu Sep 19 05:49:28 UTC 2019 /home/travis/build/icyphy/ptII/ptolemy/actor/lib/test/auto/RecordAssemblerTypeError.xml
----------------- Instantiating /home/travis/build/icyphy/ptII/ptolemy/actor/lib/test/auto/RecordAssemblerTypeError.xml
16 ms. Memory: 300032K Free: 159704K (53%)
----------------- Invoking toplevel() on ptolemy.moml.MoMLSimpleApplication@46d476e9
----------------- Done invoking toplevel() on ptolemy.moml.MoMLSimpleApplication@46d476e9
reloadAllAccessors: .RecordAssemblerTypeError

===========================================================================================
----------------- testing Thu Sep 19 05:49:28 UTC 2019 /home/travis/build/icyphy/ptII/ptolemy/actor/lib/test/auto/RecordDisassember.xml
----------------- Instantiating /home/travis/build/icyphy/ptII/ptolemy/actor/lib/test/auto/RecordDisassember.xml
2 ms. Memory: 300032K Free: 155098K (52%)
----------------- Invoking toplevel() on ptolemy.moml.MoMLSimpleApplication@2f339ab2
----------------- Done invoking toplevel() on ptolemy.moml.MoMLSimpleApplication@2f339ab2
reloadAllAccessors: .RecordDisassember

===========================================================================================
----------------- testing Thu Sep 19 05:49:28 UTC 2019 /home/travis/build/icyphy/ptII/ptolemy/actor/lib/test/auto/RecordDisassemberDisplayNameTest.xml
----------------- Instantiating /home/travis/build/icyphy/ptII/ptolemy/actor/lib/test/auto/RecordDisassemberDisplayNameTest.xml
5 ms. Memory: 300032K Free: 147416K (49%)
----------------- Invoking toplevel() on ptolemy.moml.MoMLSimpleApplication@1d559bee
----------------- Done invoking toplevel() on ptolemy.moml.MoMLSimpleApplication@1d559bee
reloadAllAccessors: .RecordDisassemberDisplayNameTest

===========================================================================================
----------------- testing Thu Sep 19 05:49:28 UTC 2019 /home/travis/build/icyphy/ptII/ptolemy/actor/lib/test/auto/RecordDisassembler.xml
----------------- Instantiating /home/travis/build/icyphy/ptII/ptolemy/actor/lib/test/auto/RecordDisassembler.xml
2 ms. Memory: 300032K Free: 142266K (47%)
----------------- Invoking toplevel() on ptolemy.moml.MoMLSimpleApplication@49fb10b0
----------------- Done invoking toplevel() on ptolemy.moml.MoMLSimpleApplication@49fb10b0
reloadAllAccessors: .RecordDisassembler

===========================================================================================
----------------- testing Thu Sep 19 05:49:28 UTC 2019 /home/travis/build/icyphy/ptII/ptolemy/actor/lib/test/auto/RecordDisassembler2.xml
----------------- Instantiating /home/travis/build/icyphy/ptII/ptolemy/actor/lib/test/auto/RecordDisassembler2.xml
2 ms. Memory: 300032K Free: 137146K (46%)
----------------- Invoking toplevel() on ptolemy.moml.MoMLSimpleApplication@1edd69fd
----------------- Done invoking toplevel() on ptolemy.moml.MoMLSimpleApplication@1edd69fd
reloadAllAccessors: .RecordDisassembler2

===========================================================================================
----------------- testing Thu Sep 19 05:49:28 UTC 2019 /home/travis/build/icyphy/ptII/ptolemy/actor/lib/test/auto/RecordUpdater.xml
----------------- Instantiating /home/travis/build/icyphy/ptII/ptolemy/actor/lib/test/auto/RecordUpdater.xml
3 ms. Memory: 300032K Free: 132056K (44%)
----------------- Invoking toplevel() on ptolemy.moml.MoMLSimpleApplication@4ad36608
----------------- Done invoking toplevel() on ptolemy.moml.MoMLSimpleApplication@4ad36608
reloadAllAccessors: .RecordUpdater

===========================================================================================
----------------- testing Thu Sep 19 05:49:28 UTC 2019 /home/travis/build/icyphy/ptII/ptolemy/actor/lib/test/auto/RecordUpdater2.xml
----------------- Instantiating /home/travis/build/icyphy/ptII/ptolemy/actor/lib/test/auto/RecordUpdater2.xml
1 ms. Memory: 300032K Free: 126936K (42%)
----------------- Invoking toplevel() on ptolemy.moml.MoMLSimpleApplication@72d0bbc2
----------------- Done invoking toplevel() on ptolemy.moml.MoMLSimpleApplication@72d0bbc2
reloadAllAccessors: .RecordUpdater2

===========================================================================================
----------------- testing Thu Sep 19 05:49:28 UTC 2019 /home/travis/build/icyphy/ptII/ptolemy/actor/lib/test/auto/RecursiveLattice.xml
----------------- Instantiating /home/travis/build/icyphy/ptII/ptolemy/actor/lib/test/auto/RecursiveLattice.xml
1 ms. Memory: 300032K Free: 122330K (41%)
----------------- Invoking toplevel() on ptolemy.moml.MoMLSimpleApplication@4aba7296
----------------- Done invoking toplevel() on ptolemy.moml.MoMLSimpleApplication@4aba7296
reloadAllAccessors: .RecursiveLattice

===========================================================================================
----------------- testing Thu Sep 19 05:49:28 UTC 2019 /home/travis/build/icyphy/ptII/ptolemy/actor/lib/test/auto/Router.xml
----------------- Instantiating /home/travis/build/icyphy/ptII/ptolemy/actor/lib/test/auto/Router.xml
3004 ms. Memory: 300032K Free: 111576K (37%)
----------------- Invoking toplevel() on ptolemy.moml.MoMLSimpleApplication@78584ad6
----------------- Done invoking toplevel() on ptolemy.moml.MoMLSimpleApplication@78584ad6
reloadAllAccessors: .Router

===========================================================================================
----------------- testing Thu Sep 19 05:49:31 UTC 2019 /home/travis/build/icyphy/ptII/ptolemy/actor/lib/test/auto/Router2.xml
----------------- Instantiating /home/travis/build/icyphy/ptII/ptolemy/actor/lib/test/auto/Router2.xml
3005 ms. Memory: 300032K Free: 101336K (34%)
----------------- Invoking toplevel() on ptolemy.moml.MoMLSimpleApplication@601e5dff
----------------- Done invoking toplevel() on ptolemy.moml.MoMLSimpleApplication@601e5dff
reloadAllAccessors: .Router2

===========================================================================================
----------------- testing Thu Sep 19 05:49:34 UTC 2019 /home/travis/build/icyphy/ptII/ptolemy/actor/lib/test/auto/RunningMaximum.xml
----------------- Instantiating /home/travis/build/icyphy/ptII/ptolemy/actor/lib/test/auto/RunningMaximum.xml
2 ms. Memory: 300032K Free: 96730K (32%)
----------------- Invoking toplevel() on ptolemy.moml.MoMLSimpleApplication@6d53968f
----------------- Done invoking toplevel() on ptolemy.moml.MoMLSimpleApplication@6d53968f
reloadAllAccessors: .RunningMaximum

===========================================================================================
----------------- testing Thu Sep 19 05:49:34 UTC 2019 /home/travis/build/icyphy/ptII/ptolemy/actor/lib/test/auto/RunningMinimum.xml
----------------- Instantiating /home/travis/build/icyphy/ptII/ptolemy/actor/lib/test/auto/RunningMinimum.xml
11 ms. Memory: 300032K Free: 92120K (31%)
----------------- Invoking toplevel() on ptolemy.moml.MoMLSimpleApplication@5e4cc07c
----------------- Done invoking toplevel() on ptolemy.moml.MoMLSimpleApplication@5e4cc07c
reloadAllAccessors: .RunningMinimum

===========================================================================================
----------------- testing Thu Sep 19 05:49:35 UTC 2019 /home/travis/build/icyphy/ptII/ptolemy/actor/lib/test/auto/Scale.xml
----------------- Instantiating /home/travis/build/icyphy/ptII/ptolemy/actor/lib/test/auto/Scale.xml
2 ms. Memory: 300032K Free: 87514K (29%)
----------------- Invoking toplevel() on ptolemy.moml.MoMLSimpleApplication@48524e70
----------------- Done invoking toplevel() on ptolemy.moml.MoMLSimpleApplication@48524e70
reloadAllAccessors: .Scale

===========================================================================================
----------------- testing Thu Sep 19 05:49:35 UTC 2019 /home/travis/build/icyphy/ptII/ptolemy/actor/lib/test/auto/Scale2.xml
----------------- Instantiating /home/travis/build/icyphy/ptII/ptolemy/actor/lib/test/auto/Scale2.xml
1 ms. Memory: 300032K Free: 82904K (28%)
----------------- Invoking toplevel() on ptolemy.moml.MoMLSimpleApplication@5bdc8d83
----------------- Done invoking toplevel() on ptolemy.moml.MoMLSimpleApplication@5bdc8d83
reloadAllAccessors: .Scale2

===========================================================================================
----------------- testing Thu Sep 19 05:49:35 UTC 2019 /home/travis/build/icyphy/ptII/ptolemy/actor/lib/test/auto/Scale3.xml
----------------- Instantiating /home/travis/build/icyphy/ptII/ptolemy/actor/lib/test/auto/Scale3.xml
3 ms. Memory: 300032K Free: 76760K (26%)
----------------- Invoking toplevel() on ptolemy.moml.MoMLSimpleApplication@3b2e9d1b
----------------- Done invoking toplevel() on ptolemy.moml.MoMLSimpleApplication@3b2e9d1b
reloadAllAccessors: .Scale3

===========================================================================================
----------------- testing Thu Sep 19 05:49:35 UTC 2019 /home/travis/build/icyphy/ptII/ptolemy/actor/lib/test/auto/ScaleArray.xml
----------------- Instantiating /home/travis/build/icyphy/ptII/ptolemy/actor/lib/test/auto/ScaleArray.xml
2 ms. Memory: 300032K Free: 249831K (83%)
----------------- Invoking toplevel() on ptolemy.moml.MoMLSimpleApplication@335b6daf
----------------- Done invoking toplevel() on ptolemy.moml.MoMLSimpleApplication@335b6daf
reloadAllAccessors: .ScaleArray

===========================================================================================
----------------- testing Thu Sep 19 05:49:35 UTC 2019 /home/travis/build/icyphy/ptII/ptolemy/actor/lib/test/auto/ScaleArray2.xml
----------------- Instantiating /home/travis/build/icyphy/ptII/ptolemy/actor/lib/test/auto/ScaleArray2.xml
2 ms. Memory: 300032K Free: 244717K (82%)
----------------- Invoking toplevel() on ptolemy.moml.MoMLSimpleApplication@cbe8799
----------------- Done invoking toplevel() on ptolemy.moml.MoMLSimpleApplication@cbe8799
reloadAllAccessors: .ScaleArray2

===========================================================================================
----------------- testing Thu Sep 19 05:49:35 UTC 2019 /home/travis/build/icyphy/ptII/ptolemy/actor/lib/test/auto/ScaleMatrix.xml
----------------- Instantiating /home/travis/build/icyphy/ptII/ptolemy/actor/lib/test/auto/ScaleMatrix.xml
182 ms. Memory: 300032K Free: 229871K (77%)
----------------- Invoking toplevel() on ptolemy.moml.MoMLSimpleApplication@3c7454b6
----------------- Done invoking toplevel() on ptolemy.moml.MoMLSimpleApplication@3c7454b6
reloadAllAccessors: .ScaleMatrix

===========================================================================================
----------------- testing Thu Sep 19 05:49:35 UTC 2019 /home/travis/build/icyphy/ptII/ptolemy/actor/lib/test/auto/Select.xml
----------------- Instantiating /home/travis/build/icyphy/ptII/ptolemy/actor/lib/test/auto/Select.xml
3 ms. Memory: 300032K Free: 223727K (75%)
----------------- Invoking toplevel() on ptolemy.moml.MoMLSimpleApplication@1185a21d
----------------- Done invoking toplevel() on ptolemy.moml.MoMLSimpleApplication@1185a21d
reloadAllAccessors: .Select

===========================================================================================
----------------- testing Thu Sep 19 05:49:35 UTC 2019 /home/travis/build/icyphy/ptII/ptolemy/actor/lib/test/auto/Select2.xml
----------------- Instantiating /home/travis/build/icyphy/ptII/ptolemy/actor/lib/test/auto/Select2.xml
1 ms. Memory: 300032K Free: 219117K (73%)
----------------- Invoking toplevel() on ptolemy.moml.MoMLSimpleApplication@78758ba0
----------------- Done invoking toplevel() on ptolemy.moml.MoMLSimpleApplication@78758ba0
reloadAllAccessors: .Select2

===========================================================================================
----------------- testing Thu Sep 19 05:49:35 UTC 2019 /home/travis/build/icyphy/ptII/ptolemy/actor/lib/test/auto/SequenceToArray2.xml
----------------- Instantiating /home/travis/build/icyphy/ptII/ptolemy/actor/lib/test/auto/SequenceToArray2.xml
107 ms. Memory: 300032K Free: 195055K (65%)
----------------- Invoking toplevel() on ptolemy.moml.MoMLSimpleApplication@2bea7e0f
----------------- Done invoking toplevel() on ptolemy.moml.MoMLSimpleApplication@2bea7e0f
reloadAllAccessors: .SequenceToArray2

===========================================================================================
----------------- testing Thu Sep 19 05:49:35 UTC 2019 /home/travis/build/icyphy/ptII/ptolemy/actor/lib/test/auto/SequentialClock.xml
----------------- Instantiating /home/travis/build/icyphy/ptII/ptolemy/actor/lib/test/auto/SequentialClock.xml
1 ms. Memory: 300032K Free: 190959K (64%)
----------------- Invoking toplevel() on ptolemy.moml.MoMLSimpleApplication@6fe9c36a
----------------- Done invoking toplevel() on ptolemy.moml.MoMLSimpleApplication@6fe9c36a
reloadAllAccessors: .SequentialClock

===========================================================================================
----------------- testing Thu Sep 19 05:49:35 UTC 2019 /home/travis/build/icyphy/ptII/ptolemy/actor/lib/test/auto/SetVariable.xml
----------------- Instantiating /home/travis/build/icyphy/ptII/ptolemy/actor/lib/test/auto/SetVariable.xml
3 ms. Memory: 300032K Free: 186349K (62%)
----------------- Invoking toplevel() on ptolemy.moml.MoMLSimpleApplication@4b6d07b3
----------------- Done invoking toplevel() on ptolemy.moml.MoMLSimpleApplication@4b6d07b3
reloadAllAccessors: .SetVariable

===========================================================================================
----------------- testing Thu Sep 19 05:49:35 UTC 2019 /home/travis/build/icyphy/ptII/ptolemy/actor/lib/test/auto/SetVariable2.xml
----------------- Instantiating /home/travis/build/icyphy/ptII/ptolemy/actor/lib/test/auto/SetVariable2.xml
2 ms. Memory: 300032K Free: 181229K (60%)
----------------- Invoking toplevel() on ptolemy.moml.MoMLSimpleApplication@382ab92
----------------- Done invoking toplevel() on ptolemy.moml.MoMLSimpleApplication@382ab92
reloadAllAccessors: .SetVariable2

===========================================================================================
----------------- testing Thu Sep 19 05:49:35 UTC 2019 /home/travis/build/icyphy/ptII/ptolemy/actor/lib/test/auto/SetVariable3.xml
----------------- Instantiating /home/travis/build/icyphy/ptII/ptolemy/actor/lib/test/auto/SetVariable3.xml
8 ms. Memory: 300032K Free: 176109K (59%)
----------------- Invoking toplevel() on ptolemy.moml.MoMLSimpleApplication@d18bae7
----------------- Done invoking toplevel() on ptolemy.moml.MoMLSimpleApplication@d18bae7
reloadAllAccessors: .SetVariable3

===========================================================================================
----------------- testing Thu Sep 19 05:49:35 UTC 2019 /home/travis/build/icyphy/ptII/ptolemy/actor/lib/test/auto/SetVariable4.xml
----------------- Instantiating /home/travis/build/icyphy/ptII/ptolemy/actor/lib/test/auto/SetVariable4.xml
14 ms. Memory: 300032K Free: 166383K (55%)
----------------- Invoking toplevel() on ptolemy.moml.MoMLSimpleApplication@260ccc74
----------------- Done invoking toplevel() on ptolemy.moml.MoMLSimpleApplication@260ccc74
reloadAllAccessors: .SetVariable4

===========================================================================================
----------------- testing Thu Sep 19 05:49:35 UTC 2019 /home/travis/build/icyphy/ptII/ptolemy/actor/lib/test/auto/SetVariable5.xml
----------------- Instantiating /home/travis/build/icyphy/ptII/ptolemy/actor/lib/test/auto/SetVariable5.xml
18 ms. Memory: 300032K Free: 157167K (52%)
----------------- Invoking toplevel() on ptolemy.moml.MoMLSimpleApplication@d395605
----------------- Done invoking toplevel() on ptolemy.moml.MoMLSimpleApplication@d395605
reloadAllAccessors: .SetVariable5

===========================================================================================
----------------- testing Thu Sep 19 05:49:35 UTC 2019 /home/travis/build/icyphy/ptII/ptolemy/actor/lib/test/auto/Sinewave.xml
----------------- Instantiating /home/travis/build/icyphy/ptII/ptolemy/actor/lib/test/auto/Sinewave.xml
4 ms. Memory: 300032K Free: 146413K (49%)
----------------- Invoking toplevel() on ptolemy.moml.MoMLSimpleApplication@655d83c8
----------------- Done invoking toplevel() on ptolemy.moml.MoMLSimpleApplication@655d83c8
reloadAllAccessors: .Sinewave

===========================================================================================
----------------- testing Thu Sep 19 05:49:35 UTC 2019 /home/travis/build/icyphy/ptII/ptolemy/actor/lib/test/auto/Sinewave2.xml
----------------- Instantiating /home/travis/build/icyphy/ptII/ptolemy/actor/lib/test/auto/Sinewave2.xml
7 ms. Memory: 300032K Free: 137711K (46%)
----------------- Invoking toplevel() on ptolemy.moml.MoMLSimpleApplication@1bd0f817
----------------- Done invoking toplevel() on ptolemy.moml.MoMLSimpleApplication@1bd0f817
reloadAllAccessors: .Sinewave2

===========================================================================================
----------------- testing Thu Sep 19 05:49:35 UTC 2019 /home/travis/build/icyphy/ptII/ptolemy/actor/lib/test/auto/Sinewave3.xml
----------------- Instantiating /home/travis/build/icyphy/ptII/ptolemy/actor/lib/test/auto/Sinewave3.xml
8 ms. Memory: 300032K Free: 129519K (43%)
----------------- Invoking toplevel() on ptolemy.moml.MoMLSimpleApplication@51323f51
----------------- Done invoking toplevel() on ptolemy.moml.MoMLSimpleApplication@51323f51
reloadAllAccessors: .Sinewave3

===========================================================================================
----------------- testing Thu Sep 19 05:49:35 UTC 2019 /home/travis/build/icyphy/ptII/ptolemy/actor/lib/test/auto/SingleEvent.xml
----------------- Instantiating /home/travis/build/icyphy/ptII/ptolemy/actor/lib/test/auto/SingleEvent.xml
1 ms. Memory: 300032K Free: 125423K (42%)
----------------- Invoking toplevel() on ptolemy.moml.MoMLSimpleApplication@5012128e
----------------- Done invoking toplevel() on ptolemy.moml.MoMLSimpleApplication@5012128e
reloadAllAccessors: .SingleEvent

===========================================================================================
----------------- testing Thu Sep 19 05:49:35 UTC 2019 /home/travis/build/icyphy/ptII/ptolemy/actor/lib/test/auto/Sleep.xml
----------------- Instantiating /home/travis/build/icyphy/ptII/ptolemy/actor/lib/test/auto/Sleep.xml
6003 ms. Memory: 300032K Free: 119789K (40%)
----------------- Invoking toplevel() on ptolemy.moml.MoMLSimpleApplication@23fd153d
----------------- Done invoking toplevel() on ptolemy.moml.MoMLSimpleApplication@23fd153d
reloadAllAccessors: .Sleep

===========================================================================================
----------------- testing Thu Sep 19 05:49:41 UTC 2019 /home/travis/build/icyphy/ptII/ptolemy/actor/lib/test/auto/SleepMultipleFire.xml
----------------- Instantiating /home/travis/build/icyphy/ptII/ptolemy/actor/lib/test/auto/SleepMultipleFire.xml
1006 ms. Memory: 300032K Free: 114159K (38%)
----------------- Invoking toplevel() on ptolemy.moml.MoMLSimpleApplication@eba8a40
----------------- Done invoking toplevel() on ptolemy.moml.MoMLSimpleApplication@eba8a40
reloadAllAccessors: .SleepMultipleFire

===========================================================================================
----------------- testing Thu Sep 19 05:49:42 UTC 2019 /home/travis/build/icyphy/ptII/ptolemy/actor/lib/test/auto/StopDE.xml
----------------- Instantiating /home/travis/build/icyphy/ptII/ptolemy/actor/lib/test/auto/StopDE.xml
3 ms. Memory: 300032K Free: 108525K (36%)
----------------- Invoking toplevel() on ptolemy.moml.MoMLSimpleApplication@2b839101
----------------- Done invoking toplevel() on ptolemy.moml.MoMLSimpleApplication@2b839101
reloadAllAccessors: .StopDE

===========================================================================================
----------------- testing Thu Sep 19 05:49:42 UTC 2019 /home/travis/build/icyphy/ptII/ptolemy/actor/lib/test/auto/StopSDF.xml
----------------- Instantiating /home/travis/build/icyphy/ptII/ptolemy/actor/lib/test/auto/StopSDF.xml
3 ms. Memory: 300032K Free: 103405K (34%)
----------------- Invoking toplevel() on ptolemy.moml.MoMLSimpleApplication@53baac4b
----------------- Done invoking toplevel() on ptolemy.moml.MoMLSimpleApplication@53baac4b
reloadAllAccessors: .StopSDF

===========================================================================================
----------------- testing Thu Sep 19 05:49:42 UTC 2019 /home/travis/build/icyphy/ptII/ptolemy/actor/lib/test/auto/StringConstant.xml
----------------- Instantiating /home/travis/build/icyphy/ptII/ptolemy/actor/lib/test/auto/StringConstant.xml
2 ms. Memory: 300032K Free: 98799K (33%)
----------------- Invoking toplevel() on ptolemy.moml.MoMLSimpleApplication@50aa0649
----------------- Done invoking toplevel() on ptolemy.moml.MoMLSimpleApplication@50aa0649
reloadAllAccessors: .StringConstant

===========================================================================================
----------------- testing Thu Sep 19 05:49:42 UTC 2019 /home/travis/build/icyphy/ptII/ptolemy/actor/lib/test/auto/SubscriberPortInitialValues1.xml
----------------- Instantiating /home/travis/build/icyphy/ptII/ptolemy/actor/lib/test/auto/SubscriberPortInitialValues1.xml
4 ms. Memory: 300032K Free: 90093K (30%)
----------------- Invoking toplevel() on ptolemy.moml.MoMLSimpleApplication@1541c45d
----------------- Done invoking toplevel() on ptolemy.moml.MoMLSimpleApplication@1541c45d
reloadAllAccessors: .SubscriberPortInitialValues1

===========================================================================================
----------------- testing Thu Sep 19 05:49:42 UTC 2019 /home/travis/build/icyphy/ptII/ptolemy/actor/lib/test/auto/SubscriberPortInitialValues13.xml
----------------- Instantiating /home/travis/build/icyphy/ptII/ptolemy/actor/lib/test/auto/SubscriberPortInitialValues13.xml
5 ms. Memory: 300032K Free: 76781K (26%)
----------------- Invoking toplevel() on ptolemy.moml.MoMLSimpleApplication@60bad2a
----------------- Done invoking toplevel() on ptolemy.moml.MoMLSimpleApplication@60bad2a
reloadAllAccessors: .SubscriberPortInitialValues13

===========================================================================================
----------------- testing Thu Sep 19 05:49:42 UTC 2019 /home/travis/build/icyphy/ptII/ptolemy/actor/lib/test/auto/SubscriberPortInitialValues14.xml
----------------- Instantiating /home/travis/build/icyphy/ptII/ptolemy/actor/lib/test/auto/SubscriberPortInitialValues14.xml
4 ms. Memory: 300032K Free: 246016K (82%)
----------------- Invoking toplevel() on ptolemy.moml.MoMLSimpleApplication@1b81c801
----------------- Done invoking toplevel() on ptolemy.moml.MoMLSimpleApplication@1b81c801
reloadAllAccessors: .SubscriberPortInitialValues14

===========================================================================================
----------------- testing Thu Sep 19 05:49:43 UTC 2019 /home/travis/build/icyphy/ptII/ptolemy/actor/lib/test/auto/SubscriberPortInitialValues2.xml
----------------- Instantiating /home/travis/build/icyphy/ptII/ptolemy/actor/lib/test/auto/SubscriberPortInitialValues2.xml
4 ms. Memory: 300032K Free: 237824K (79%)
----------------- Invoking toplevel() on ptolemy.moml.MoMLSimpleApplication@4b064ee7
----------------- Done invoking toplevel() on ptolemy.moml.MoMLSimpleApplication@4b064ee7
reloadAllAccessors: .SubscriberPortInitialValues2

===========================================================================================
----------------- testing Thu Sep 19 05:49:43 UTC 2019 /home/travis/build/icyphy/ptII/ptolemy/actor/lib/test/auto/SubscriberPortInitialValues3.xml
----------------- Instantiating /home/travis/build/icyphy/ptII/ptolemy/actor/lib/test/auto/SubscriberPortInitialValues3.xml
5 ms. Memory: 300032K Free: 227070K (76%)
----------------- Invoking toplevel() on ptolemy.moml.MoMLSimpleApplication@51bfe9e7
----------------- Done invoking toplevel() on ptolemy.moml.MoMLSimpleApplication@51bfe9e7
reloadAllAccessors: .SubscriberPortInitialValues3

===========================================================================================
----------------- testing Thu Sep 19 05:49:43 UTC 2019 /home/travis/build/icyphy/ptII/ptolemy/actor/lib/test/auto/SubscriptionAggregator.xml
----------------- Instantiating /home/travis/build/icyphy/ptII/ptolemy/actor/lib/test/auto/SubscriptionAggregator.xml
3 ms. Memory: 300032K Free: 220416K (73%)
----------------- Invoking toplevel() on ptolemy.moml.MoMLSimpleApplication@2b624293
----------------- Done invoking toplevel() on ptolemy.moml.MoMLSimpleApplication@2b624293
reloadAllAccessors: .SubscriptionAggregator

===========================================================================================
----------------- testing Thu Sep 19 05:49:43 UTC 2019 /home/travis/build/icyphy/ptII/ptolemy/actor/lib/test/auto/SubscriptionAggregator2.xml
----------------- Instantiating /home/travis/build/icyphy/ptII/ptolemy/actor/lib/test/auto/SubscriptionAggregator2.xml
2 ms. Memory: 300032K Free: 213752K (71%)
----------------- Invoking toplevel() on ptolemy.moml.MoMLSimpleApplication@74e6228e
----------------- Done invoking toplevel() on ptolemy.moml.MoMLSimpleApplication@74e6228e
reloadAllAccessors: .SubscriptionAggregator2

===========================================================================================
----------------- testing Thu Sep 19 05:49:43 UTC 2019 /home/travis/build/icyphy/ptII/ptolemy/actor/lib/test/auto/SubscriptionAggregator3.xml
----------------- Instantiating /home/travis/build/icyphy/ptII/ptolemy/actor/lib/test/auto/SubscriptionAggregator3.xml
8 ms. Memory: 300032K Free: 205056K (68%)
----------------- Invoking toplevel() on ptolemy.moml.MoMLSimpleApplication@4f730161
----------------- Done invoking toplevel() on ptolemy.moml.MoMLSimpleApplication@4f730161
reloadAllAccessors: .SubscriptionAggregator3

===========================================================================================
----------------- testing Thu Sep 19 05:49:43 UTC 2019 /home/travis/build/icyphy/ptII/ptolemy/actor/lib/test/auto/SubscriptionAggregatorMultiply.xml
----------------- Instantiating /home/travis/build/icyphy/ptII/ptolemy/actor/lib/test/auto/SubscriptionAggregatorMultiply.xml
3 ms. Memory: 300032K Free: 196864K (66%)
----------------- Invoking toplevel() on ptolemy.moml.MoMLSimpleApplication@35b8707d
----------------- Done invoking toplevel() on ptolemy.moml.MoMLSimpleApplication@35b8707d
reloadAllAccessors: .SubscriptionAggregatorMultiply

===========================================================================================
----------------- testing Thu Sep 19 05:49:43 UTC 2019 /home/travis/build/icyphy/ptII/ptolemy/actor/lib/test/auto/SubscriptionAggregatorPortMultiply1.xml
----------------- Instantiating /home/travis/build/icyphy/ptII/ptolemy/actor/lib/test/auto/SubscriptionAggregatorPortMultiply1.xml
4 ms. Memory: 300032K Free: 189182K (63%)
----------------- Invoking toplevel() on ptolemy.moml.MoMLSimpleApplication@1adb121e
----------------- Done invoking toplevel() on ptolemy.moml.MoMLSimpleApplication@1adb121e
reloadAllAccessors: .SubscriptionAggregatorPortMultiply1

===========================================================================================
----------------- testing Thu Sep 19 05:49:43 UTC 2019 /home/travis/build/icyphy/ptII/ptolemy/actor/lib/test/auto/Switch.xml
----------------- Instantiating /home/travis/build/icyphy/ptII/ptolemy/actor/lib/test/auto/Switch.xml
9 ms. Memory: 300032K Free: 180990K (60%)
----------------- Invoking toplevel() on ptolemy.moml.MoMLSimpleApplication@7299b466
----------------- Done invoking toplevel() on ptolemy.moml.MoMLSimpleApplication@7299b466
reloadAllAccessors: .Switch

===========================================================================================
----------------- testing Thu Sep 19 05:49:43 UTC 2019 /home/travis/build/icyphy/ptII/ptolemy/actor/lib/test/auto/Switch2.xml
----------------- Instantiating /home/travis/build/icyphy/ptII/ptolemy/actor/lib/test/auto/Switch2.xml
1 ms. Memory: 300032K Free: 176384K (59%)
----------------- Invoking toplevel() on ptolemy.moml.MoMLSimpleApplication@477dca22
----------------- Done invoking toplevel() on ptolemy.moml.MoMLSimpleApplication@477dca22
reloadAllAccessors: .Switch2

===========================================================================================
----------------- testing Thu Sep 19 05:49:43 UTC 2019 /home/travis/build/icyphy/ptII/ptolemy/actor/lib/test/auto/SwitchDE.xml
----------------- Instantiating /home/travis/build/icyphy/ptII/ptolemy/actor/lib/test/auto/SwitchDE.xml
4 ms. Memory: 300032K Free: 170240K (57%)
----------------- Invoking toplevel() on ptolemy.moml.MoMLSimpleApplication@46e923df
----------------- Done invoking toplevel() on ptolemy.moml.MoMLSimpleApplication@46e923df
reloadAllAccessors: .SwitchDE

===========================================================================================
----------------- testing Thu Sep 19 05:49:43 UTC 2019 /home/travis/build/icyphy/ptII/ptolemy/actor/lib/test/auto/SynchronizerDE.xml
----------------- Instantiating /home/travis/build/icyphy/ptII/ptolemy/actor/lib/test/auto/SynchronizerDE.xml
6 ms. Memory: 300032K Free: 162048K (54%)
----------------- Invoking toplevel() on ptolemy.moml.MoMLSimpleApplication@554c8b33
----------------- Done invoking toplevel() on ptolemy.moml.MoMLSimpleApplication@554c8b33
reloadAllAccessors: .SynchronizerDE

===========================================================================================
----------------- testing Thu Sep 19 05:49:43 UTC 2019 /home/travis/build/icyphy/ptII/ptolemy/actor/lib/test/auto/Test.xml
----------------- Instantiating /home/travis/build/icyphy/ptII/ptolemy/actor/lib/test/auto/Test.xml
10 ms. Memory: 300032K Free: 156928K (52%)
----------------- Invoking toplevel() on ptolemy.moml.MoMLSimpleApplication@cbb97d
----------------- Done invoking toplevel() on ptolemy.moml.MoMLSimpleApplication@cbb97d
reloadAllAccessors: .Test

===========================================================================================
----------------- testing Thu Sep 19 05:49:43 UTC 2019 /home/travis/build/icyphy/ptII/ptolemy/actor/lib/test/auto/TestExceptionAttribute1.xml
----------------- Instantiating /home/travis/build/icyphy/ptII/ptolemy/actor/lib/test/auto/TestExceptionAttribute1.xml
1 ms. Memory: 300032K Free: 153342K (51%)
----------------- Invoking toplevel() on ptolemy.moml.MoMLSimpleApplication@8745fa2
----------------- Done invoking toplevel() on ptolemy.moml.MoMLSimpleApplication@8745fa2
reloadAllAccessors: .TestExceptionAttribute1

===========================================================================================
----------------- testing Thu Sep 19 05:49:43 UTC 2019 /home/travis/build/icyphy/ptII/ptolemy/actor/lib/test/auto/TestExceptionAttribute2.xml
----------------- Instantiating /home/travis/build/icyphy/ptII/ptolemy/actor/lib/test/auto/TestExceptionAttribute2.xml
1 ms. Memory: 300032K Free: 149246K (50%)
----------------- Invoking toplevel() on ptolemy.moml.MoMLSimpleApplication@62cadf57
----------------- Done invoking toplevel() on ptolemy.moml.MoMLSimpleApplication@62cadf57
reloadAllAccessors: .TestExceptionAttribute2

===========================================================================================
----------------- testing Thu Sep 19 05:49:43 UTC 2019 /home/travis/build/icyphy/ptII/ptolemy/actor/lib/test/auto/TestExceptionAttribute3.xml
----------------- Instantiating /home/travis/build/icyphy/ptII/ptolemy/actor/lib/test/auto/TestExceptionAttribute3.xml
.TestExceptionAttribute3.TestExceptionAttribute: initialize() was not invoked, but wrapup() was.  This is unusual, but not always a problem.  For example, exporting JNLP will do this.
1 ms. Memory: 300032K Free: 145664K (49%)
----------------- Invoking toplevel() on ptolemy.moml.MoMLSimpleApplication@7acfe01a
----------------- Done invoking toplevel() on ptolemy.moml.MoMLSimpleApplication@7acfe01a
reloadAllAccessors: .TestExceptionAttribute3

===========================================================================================
----------------- testing Thu Sep 19 05:49:43 UTC 2019 /home/travis/build/icyphy/ptII/ptolemy/actor/lib/test/auto/TestExceptionAttribute4.xml
----------------- Instantiating /home/travis/build/icyphy/ptII/ptolemy/actor/lib/test/auto/TestExceptionAttribute4.xml
.TestExceptionAttribute4.TestExceptionAttribute: initialize() was not invoked, but wrapup() was.  This is unusual, but not always a problem.  For example, exporting JNLP will do this.
.TestExceptionAttribute4.TestExceptionAttribute2: initialize() was not invoked, but wrapup() was.  This is unusual, but not always a problem.  For example, exporting JNLP will do this.
1 ms. Memory: 300032K Free: 141568K (47%)
----------------- Invoking toplevel() on ptolemy.moml.MoMLSimpleApplication@1a0b4276
----------------- Done invoking toplevel() on ptolemy.moml.MoMLSimpleApplication@1a0b4276
reloadAllAccessors: .TestExceptionAttribute4

===========================================================================================
----------------- testing Thu Sep 19 05:49:43 UTC 2019 /home/travis/build/icyphy/ptII/ptolemy/actor/lib/test/auto/TestExceptionHandler1.xml
----------------- Instantiating /home/travis/build/icyphy/ptII/ptolemy/actor/lib/test/auto/TestExceptionHandler1.xml
1 ms. Memory: 300032K Free: 137982K (46%)
----------------- Invoking toplevel() on ptolemy.moml.MoMLSimpleApplication@71f32f1d
----------------- Done invoking toplevel() on ptolemy.moml.MoMLSimpleApplication@71f32f1d
reloadAllAccessors: .TestExceptionHandler1

===========================================================================================
----------------- testing Thu Sep 19 05:49:43 UTC 2019 /home/travis/build/icyphy/ptII/ptolemy/actor/lib/test/auto/TestExceptionHandler2.xml
----------------- Instantiating /home/travis/build/icyphy/ptII/ptolemy/actor/lib/test/auto/TestExceptionHandler2.xml
2 ms. Memory: 300032K Free: 134400K (45%)
----------------- Invoking toplevel() on ptolemy.moml.MoMLSimpleApplication@7fb1387e
----------------- Done invoking toplevel() on ptolemy.moml.MoMLSimpleApplication@7fb1387e
reloadAllAccessors: .TestExceptionHandler2

===========================================================================================
----------------- testing Thu Sep 19 05:49:43 UTC 2019 /home/travis/build/icyphy/ptII/ptolemy/actor/lib/test/auto/TestExceptionHandler3.xml
----------------- Instantiating /home/travis/build/icyphy/ptII/ptolemy/actor/lib/test/auto/TestExceptionHandler3.xml
1 ms. Memory: 300032K Free: 130814K (44%)
----------------- Invoking toplevel() on ptolemy.moml.MoMLSimpleApplication@214275d8
----------------- Done invoking toplevel() on ptolemy.moml.MoMLSimpleApplication@214275d8
reloadAllAccessors: .TestExceptionHandler3

===========================================================================================
----------------- testing Thu Sep 19 05:49:43 UTC 2019 /home/travis/build/icyphy/ptII/ptolemy/actor/lib/test/auto/TestExceptionHandler4.xml
----------------- Instantiating /home/travis/build/icyphy/ptII/ptolemy/actor/lib/test/auto/TestExceptionHandler4.xml
0 ms. Memory: 300032K Free: 126718K (42%)
----------------- Invoking toplevel() on ptolemy.moml.MoMLSimpleApplication@65ead81c
----------------- Done invoking toplevel() on ptolemy.moml.MoMLSimpleApplication@65ead81c
reloadAllAccessors: .TestExceptionHandler4

===========================================================================================
----------------- testing Thu Sep 19 05:49:43 UTC 2019 /home/travis/build/icyphy/ptII/ptolemy/actor/lib/test/auto/TestRequireCorrectOrder.xml
----------------- Instantiating /home/travis/build/icyphy/ptII/ptolemy/actor/lib/test/auto/TestRequireCorrectOrder.xml
4 ms. Memory: 300032K Free: 121568K (41%)
----------------- Invoking toplevel() on ptolemy.moml.MoMLSimpleApplication@656a5c43
----------------- Done invoking toplevel() on ptolemy.moml.MoMLSimpleApplication@656a5c43
reloadAllAccessors: .TestRequireCorrectOrder

===========================================================================================
----------------- testing Thu Sep 19 05:49:43 UTC 2019 /home/travis/build/icyphy/ptII/ptolemy/actor/lib/test/auto/TestSimple.xml
----------------- Instantiating /home/travis/build/icyphy/ptII/ptolemy/actor/lib/test/auto/TestSimple.xml
1 ms. Memory: 300032K Free: 117502K (39%)
----------------- Invoking toplevel() on ptolemy.moml.MoMLSimpleApplication@322ec8f5
----------------- Done invoking toplevel() on ptolemy.moml.MoMLSimpleApplication@322ec8f5
reloadAllAccessors: .TestSimple

===========================================================================================
----------------- testing Thu Sep 19 05:49:43 UTC 2019 /home/travis/build/icyphy/ptII/ptolemy/actor/lib/test/auto/ThrowModelError.xml
----------------- Instantiating /home/travis/build/icyphy/ptII/ptolemy/actor/lib/test/auto/ThrowModelError.xml
1 ms. Memory: 300032K Free: 112382K (37%)
----------------- Invoking toplevel() on ptolemy.moml.MoMLSimpleApplication@ba05b64
----------------- Done invoking toplevel() on ptolemy.moml.MoMLSimpleApplication@ba05b64
reloadAllAccessors: .ThrowModelError

===========================================================================================
----------------- testing Thu Sep 19 05:49:43 UTC 2019 /home/travis/build/icyphy/ptII/ptolemy/actor/lib/test/auto/TimeDelayMicrosteps.xml
----------------- Instantiating /home/travis/build/icyphy/ptII/ptolemy/actor/lib/test/auto/TimeDelayMicrosteps.xml
3 ms. Memory: 300032K Free: 105728K (35%)
----------------- Invoking toplevel() on ptolemy.moml.MoMLSimpleApplication@5e0104c8
----------------- Done invoking toplevel() on ptolemy.moml.MoMLSimpleApplication@5e0104c8
reloadAllAccessors: .TimeDelayMicrosteps

===========================================================================================
----------------- testing Thu Sep 19 05:49:43 UTC 2019 /home/travis/build/icyphy/ptII/ptolemy/actor/lib/test/auto/TimeDelayMicrosteps2.xml
----------------- Instantiating /home/travis/build/icyphy/ptII/ptolemy/actor/lib/test/auto/TimeDelayMicrosteps2.xml
4 ms. Memory: 300032K Free: 98560K (33%)
----------------- Invoking toplevel() on ptolemy.moml.MoMLSimpleApplication@7cf0498f
----------------- Done invoking toplevel() on ptolemy.moml.MoMLSimpleApplication@7cf0498f
reloadAllAccessors: .TimeDelayMicrosteps2

===========================================================================================
----------------- testing Thu Sep 19 05:49:43 UTC 2019 /home/travis/build/icyphy/ptII/ptolemy/actor/lib/test/auto/TimeDelayMicrosteps3.xml
----------------- Instantiating /home/travis/build/icyphy/ptII/ptolemy/actor/lib/test/auto/TimeDelayMicrosteps3.xml
3 ms. Memory: 300032K Free: 91896K (31%)
----------------- Invoking toplevel() on ptolemy.moml.MoMLSimpleApplication@3ba672bc
----------------- Done invoking toplevel() on ptolemy.moml.MoMLSimpleApplication@3ba672bc
reloadAllAccessors: .TimeDelayMicrosteps3

===========================================================================================
----------------- testing Thu Sep 19 05:49:43 UTC 2019 /home/travis/build/icyphy/ptII/ptolemy/actor/lib/test/auto/TimeDelayVariableMicrosteps.xml
----------------- Instantiating /home/travis/build/icyphy/ptII/ptolemy/actor/lib/test/auto/TimeDelayVariableMicrosteps.xml
4 ms. Memory: 300032K Free: 85246K (28%)
----------------- Invoking toplevel() on ptolemy.moml.MoMLSimpleApplication@94416b6
----------------- Done invoking toplevel() on ptolemy.moml.MoMLSimpleApplication@94416b6
reloadAllAccessors: .TimeDelayVariableMicrosteps

===========================================================================================
----------------- testing Thu Sep 19 05:49:43 UTC 2019 /home/travis/build/icyphy/ptII/ptolemy/actor/lib/test/auto/TimeGap.xml
----------------- Instantiating /home/travis/build/icyphy/ptII/ptolemy/actor/lib/test/auto/TimeGap.xml
4 ms. Memory: 300032K Free: 80128K (27%)
----------------- Invoking toplevel() on ptolemy.moml.MoMLSimpleApplication@3c28cf59
----------------- Done invoking toplevel() on ptolemy.moml.MoMLSimpleApplication@3c28cf59
reloadAllAccessors: .TimeGap

===========================================================================================
----------------- testing Thu Sep 19 05:49:43 UTC 2019 /home/travis/build/icyphy/ptII/ptolemy/actor/lib/test/auto/TimeGap2.xml
----------------- Instantiating /home/travis/build/icyphy/ptII/ptolemy/actor/lib/test/auto/TimeGap2.xml
2 ms. Memory: 300032K Free: 74464K (25%)
----------------- Invoking toplevel() on ptolemy.moml.MoMLSimpleApplication@5e4bd4f0
----------------- Done invoking toplevel() on ptolemy.moml.MoMLSimpleApplication@5e4bd4f0
reloadAllAccessors: .TimeGap2

===========================================================================================
----------------- testing Thu Sep 19 05:49:43 UTC 2019 /home/travis/build/icyphy/ptII/ptolemy/actor/lib/test/auto/TimedSinewave.xml
----------------- Instantiating /home/travis/build/icyphy/ptII/ptolemy/actor/lib/test/auto/TimedSinewave.xml
25 ms. Memory: 300032K Free: 237209K (79%)
----------------- Invoking toplevel() on ptolemy.moml.MoMLSimpleApplication@570ffc85
----------------- Done invoking toplevel() on ptolemy.moml.MoMLSimpleApplication@570ffc85
reloadAllAccessors: .TimedSinewave

===========================================================================================
----------------- testing Thu Sep 19 05:49:43 UTC 2019 /home/travis/build/icyphy/ptII/ptolemy/actor/lib/test/auto/TimedSinewavePhase.xml
----------------- Instantiating /home/travis/build/icyphy/ptII/ptolemy/actor/lib/test/auto/TimedSinewavePhase.xml
9 ms. Memory: 300032K Free: 227483K (76%)
----------------- Invoking toplevel() on ptolemy.moml.MoMLSimpleApplication@32e2415f
----------------- Done invoking toplevel() on ptolemy.moml.MoMLSimpleApplication@32e2415f
reloadAllAccessors: .TimedSinewavePhase

===========================================================================================
----------------- testing Thu Sep 19 05:49:43 UTC 2019 /home/travis/build/icyphy/ptII/ptolemy/actor/lib/test/auto/Timer.xml
----------------- Instantiating /home/travis/build/icyphy/ptII/ptolemy/actor/lib/test/auto/Timer.xml
2 ms. Memory: 300032K Free: 221843K (74%)
----------------- Invoking toplevel() on ptolemy.moml.MoMLSimpleApplication@1d31d32c
----------------- Done invoking toplevel() on ptolemy.moml.MoMLSimpleApplication@1d31d32c
reloadAllAccessors: .Timer

===========================================================================================
----------------- testing Thu Sep 19 05:49:43 UTC 2019 /home/travis/build/icyphy/ptII/ptolemy/actor/lib/test/auto/TriangularDistTestModel.xml
----------------- Instantiating /home/travis/build/icyphy/ptII/ptolemy/actor/lib/test/auto/TriangularDistTestModel.xml
2 ms. Memory: 300032K Free: 216219K (72%)
----------------- Invoking toplevel() on ptolemy.moml.MoMLSimpleApplication@47c53137
----------------- Done invoking toplevel() on ptolemy.moml.MoMLSimpleApplication@47c53137
reloadAllAccessors: .TriangularDistTestModel

===========================================================================================
----------------- testing Thu Sep 19 05:49:43 UTC 2019 /home/travis/build/icyphy/ptII/ptolemy/actor/lib/test/auto/TrigFunction.xml
----------------- Instantiating /home/travis/build/icyphy/ptII/ptolemy/actor/lib/test/auto/TrigFunction.xml
2 ms. Memory: 300032K Free: 211609K (71%)
----------------- Invoking toplevel() on ptolemy.moml.MoMLSimpleApplication@56e4fece
----------------- Done invoking toplevel() on ptolemy.moml.MoMLSimpleApplication@56e4fece
reloadAllAccessors: .TrigFunction

===========================================================================================
----------------- testing Thu Sep 19 05:49:43 UTC 2019 /home/travis/build/icyphy/ptII/ptolemy/actor/lib/test/auto/TrigFunctionDE.xml
----------------- Instantiating /home/travis/build/icyphy/ptII/ptolemy/actor/lib/test/auto/TrigFunctionDE.xml
2 ms. Memory: 300032K Free: 205979K (69%)
----------------- Invoking toplevel() on ptolemy.moml.MoMLSimpleApplication@4a6b634
----------------- Done invoking toplevel() on ptolemy.moml.MoMLSimpleApplication@4a6b634
reloadAllAccessors: .TrigFunctionDE

===========================================================================================
----------------- testing Thu Sep 19 05:49:43 UTC 2019 /home/travis/build/icyphy/ptII/ptolemy/actor/lib/test/auto/TrigFunctionInverse.xml
----------------- Instantiating /home/travis/build/icyphy/ptII/ptolemy/actor/lib/test/auto/TrigFunctionInverse.xml
2 ms. Memory: 300032K Free: 200859K (67%)
----------------- Invoking toplevel() on ptolemy.moml.MoMLSimpleApplication@6ccf9d13
----------------- Done invoking toplevel() on ptolemy.moml.MoMLSimpleApplication@6ccf9d13
reloadAllAccessors: .TrigFunctionInverse

===========================================================================================
----------------- testing Thu Sep 19 05:49:43 UTC 2019 /home/travis/build/icyphy/ptII/ptolemy/actor/lib/test/auto/TrigFunctionTan.xml
----------------- Instantiating /home/travis/build/icyphy/ptII/ptolemy/actor/lib/test/auto/TrigFunctionTan.xml
1 ms. Memory: 300032K Free: 196249K (65%)
----------------- Invoking toplevel() on ptolemy.moml.MoMLSimpleApplication@732a1d05
----------------- Done invoking toplevel() on ptolemy.moml.MoMLSimpleApplication@732a1d05
reloadAllAccessors: .TrigFunctionTan

===========================================================================================
----------------- testing Thu Sep 19 05:49:43 UTC 2019 /home/travis/build/icyphy/ptII/ptolemy/actor/lib/test/auto/TriggeredClock.xml
----------------- Instantiating /home/travis/build/icyphy/ptII/ptolemy/actor/lib/test/auto/TriggeredClock.xml
1 ms. Memory: 300032K Free: 190619K (64%)
----------------- Invoking toplevel() on ptolemy.moml.MoMLSimpleApplication@28d35120
----------------- Done invoking toplevel() on ptolemy.moml.MoMLSimpleApplication@28d35120
reloadAllAccessors: .TriggeredClock

===========================================================================================
----------------- testing Thu Sep 19 05:49:43 UTC 2019 /home/travis/build/icyphy/ptII/ptolemy/actor/lib/test/auto/URLDirectoryReader.xml
----------------- Instantiating /home/travis/build/icyphy/ptII/ptolemy/actor/lib/test/auto/URLDirectoryReader.xml
35 ms. Memory: 300032K Free: 180889K (60%)
----------------- Invoking toplevel() on ptolemy.moml.MoMLSimpleApplication@5a8c1915
----------------- Done invoking toplevel() on ptolemy.moml.MoMLSimpleApplication@5a8c1915
reloadAllAccessors: .URLDirectoryReader

===========================================================================================
----------------- testing Thu Sep 19 05:49:43 UTC 2019 /home/travis/build/icyphy/ptII/ptolemy/actor/lib/test/auto/URLDirectoryReader3.xml
----------------- Instantiating /home/travis/build/icyphy/ptII/ptolemy/actor/lib/test/auto/URLDirectoryReader3.xml
1200 ms. Memory: 300032K Free: 240564K (80%)
----------------- Invoking toplevel() on ptolemy.moml.MoMLSimpleApplication@143b992e
----------------- Done invoking toplevel() on ptolemy.moml.MoMLSimpleApplication@143b992e
reloadAllAccessors: .URLDirectoryReader3

===========================================================================================
----------------- testing Thu Sep 19 05:49:45 UTC 2019 /home/travis/build/icyphy/ptII/ptolemy/actor/lib/test/auto/UnaryMathFunction.xml
----------------- Instantiating /home/travis/build/icyphy/ptII/ptolemy/actor/lib/test/auto/UnaryMathFunction.xml
5 ms. Memory: 300032K Free: 232374K (77%)
----------------- Invoking toplevel() on ptolemy.moml.MoMLSimpleApplication@3beb970e
----------------- Done invoking toplevel() on ptolemy.moml.MoMLSimpleApplication@3beb970e
reloadAllAccessors: .UnaryMathFunction

===========================================================================================
----------------- testing Thu Sep 19 05:49:45 UTC 2019 /home/travis/build/icyphy/ptII/ptolemy/actor/lib/test/auto/Uniform.xml
----------------- Instantiating /home/travis/build/icyphy/ptII/ptolemy/actor/lib/test/auto/Uniform.xml
5 ms. Memory: 300032K Free: 227768K (76%)
----------------- Invoking toplevel() on ptolemy.moml.MoMLSimpleApplication@541bfd00
----------------- Done invoking toplevel() on ptolemy.moml.MoMLSimpleApplication@541bfd00
reloadAllAccessors: .Uniform

===========================================================================================
----------------- testing Thu Sep 19 05:49:45 UTC 2019 /home/travis/build/icyphy/ptII/ptolemy/actor/lib/test/auto/UnionDisassemblerTest.xml
----------------- Instantiating /home/travis/build/icyphy/ptII/ptolemy/actor/lib/test/auto/UnionDisassemblerTest.xml
14 ms. Memory: 300032K Free: 224168K (75%)
----------------- Invoking toplevel() on ptolemy.moml.MoMLSimpleApplication@67d0609
----------------- Done invoking toplevel() on ptolemy.moml.MoMLSimpleApplication@67d0609
reloadAllAccessors: .UnionDisassemblerTest

===========================================================================================
----------------- testing Thu Sep 19 05:49:45 UTC 2019 /home/travis/build/icyphy/ptII/ptolemy/actor/lib/test/auto/UtilityFunctions.xml
----------------- Instantiating /home/travis/build/icyphy/ptII/ptolemy/actor/lib/test/auto/UtilityFunctions.xml
1 ms. Memory: 300032K Free: 220086K (73%)
----------------- Invoking toplevel() on ptolemy.moml.MoMLSimpleApplication@2359cbdd
----------------- Done invoking toplevel() on ptolemy.moml.MoMLSimpleApplication@2359cbdd
reloadAllAccessors: .UtilityFunctions

===========================================================================================
----------------- testing Thu Sep 19 05:49:45 UTC 2019 /home/travis/build/icyphy/ptII/ptolemy/actor/lib/test/auto/VariableSleep.xml
----------------- Instantiating /home/travis/build/icyphy/ptII/ptolemy/actor/lib/test/auto/VariableSleep.xml
503 ms. Memory: 300032K Free: 214966K (72%)
----------------- Invoking toplevel() on ptolemy.moml.MoMLSimpleApplication@22089ee5
----------------- Done invoking toplevel() on ptolemy.moml.MoMLSimpleApplication@22089ee5
reloadAllAccessors: .VariableSleep

===========================================================================================
----------------- testing Thu Sep 19 05:49:45 UTC 2019 /home/travis/build/icyphy/ptII/ptolemy/actor/lib/test/auto/VectorAssemblerDisassemblerCT.xml
----------------- Instantiating /home/travis/build/icyphy/ptII/ptolemy/actor/lib/test/auto/VectorAssemblerDisassemblerCT.xml
86 ms. Memory: 300032K Free: 194486K (65%)
----------------- Invoking toplevel() on ptolemy.moml.MoMLSimpleApplication@291b447a
----------------- Done invoking toplevel() on ptolemy.moml.MoMLSimpleApplication@291b447a
reloadAllAccessors: .VectorAssemblerDisassemblerCT

===========================================================================================
----------------- testing Thu Sep 19 05:49:46 UTC 2019 /home/travis/build/icyphy/ptII/ptolemy/actor/lib/test/auto/VectorAssemblerDisassemblerDE.xml
----------------- Instantiating /home/travis/build/icyphy/ptII/ptolemy/actor/lib/test/auto/VectorAssemblerDisassemblerDE.xml
10 ms. Memory: 300032K Free: 187318K (62%)
----------------- Invoking toplevel() on ptolemy.moml.MoMLSimpleApplication@5fe948c6
----------------- Done invoking toplevel() on ptolemy.moml.MoMLSimpleApplication@5fe948c6
reloadAllAccessors: .VectorAssemblerDisassemblerDE

===========================================================================================
----------------- testing Thu Sep 19 05:49:46 UTC 2019 /home/travis/build/icyphy/ptII/ptolemy/actor/lib/test/auto/VectorAssemblerDisassemblerSDF.xml
----------------- Instantiating /home/travis/build/icyphy/ptII/ptolemy/actor/lib/test/auto/VectorAssemblerDisassemblerSDF.xml
2 ms. Memory: 300032K Free: 180664K (60%)
----------------- Invoking toplevel() on ptolemy.moml.MoMLSimpleApplication@cf4266e
----------------- Done invoking toplevel() on ptolemy.moml.MoMLSimpleApplication@cf4266e
reloadAllAccessors: .VectorAssemblerDisassemblerSDF

===========================================================================================
----------------- testing Thu Sep 19 05:49:46 UTC 2019 /home/travis/build/icyphy/ptII/ptolemy/actor/lib/test/auto/WallClockTime.xml
----------------- Instantiating /home/travis/build/icyphy/ptII/ptolemy/actor/lib/test/auto/WallClockTime.xml
1004 ms. Memory: 300032K Free: 175544K (59%)
----------------- Invoking toplevel() on ptolemy.moml.MoMLSimpleApplication@18d7d512
----------------- Done invoking toplevel() on ptolemy.moml.MoMLSimpleApplication@18d7d512
reloadAllAccessors: .WallClockTime

===========================================================================================
----------------- testing Thu Sep 19 05:49:47 UTC 2019 /home/travis/build/icyphy/ptII/ptolemy/actor/lib/test/auto/WidthTestWithSubscriberPublisher.xml
----------------- Instantiating /home/travis/build/icyphy/ptII/ptolemy/actor/lib/test/auto/WidthTestWithSubscriberPublisher.xml
8 ms. Memory: 300032K Free: 158136K (53%)
----------------- Invoking toplevel() on ptolemy.moml.MoMLSimpleApplication@794ee6be
----------------- Done invoking toplevel() on ptolemy.moml.MoMLSimpleApplication@794ee6be
reloadAllAccessors: .WidthTestWithSubscriberPublisher

===========================================================================================
----------------- testing Thu Sep 19 05:49:47 UTC 2019 /home/travis/build/icyphy/ptII/ptolemy/actor/lib/test/auto/WidthTestWithSubscriberPublisher2.xml
----------------- Instantiating /home/travis/build/icyphy/ptII/ptolemy/actor/lib/test/auto/WidthTestWithSubscriberPublisher2.xml
2 ms. Memory: 300032K Free: 151478K (50%)
----------------- Invoking toplevel() on ptolemy.moml.MoMLSimpleApplication@8f6b70b
----------------- Done invoking toplevel() on ptolemy.moml.MoMLSimpleApplication@8f6b70b
reloadAllAccessors: .WidthTestWithSubscriberPublisher2

===========================================================================================
----------------- testing Thu Sep 19 05:49:47 UTC 2019 /home/travis/build/icyphy/ptII/ptolemy/actor/lib/test/auto/WidthTestWithSubscriberPublisher3.xml
----------------- Instantiating /home/travis/build/icyphy/ptII/ptolemy/actor/lib/test/auto/WidthTestWithSubscriberPublisher3.xml
2 ms. Memory: 300032K Free: 145848K (49%)
----------------- Invoking toplevel() on ptolemy.moml.MoMLSimpleApplication@692ce42f
----------------- Done invoking toplevel() on ptolemy.moml.MoMLSimpleApplication@692ce42f
reloadAllAccessors: .WidthTestWithSubscriberPublisher3

===========================================================================================
----------------- testing Thu Sep 19 05:49:47 UTC 2019 /home/travis/build/icyphy/ptII/ptolemy/actor/lib/test/auto/Writer.xml
----------------- Instantiating /home/travis/build/icyphy/ptII/ptolemy/actor/lib/test/auto/Writer.xml
0
1
2
3
4
2 ms. Memory: 300032K Free: 141752K (47%)
----------------- Invoking toplevel() on ptolemy.moml.MoMLSimpleApplication@193165cb
----------------- Done invoking toplevel() on ptolemy.moml.MoMLSimpleApplication@193165cb
reloadAllAccessors: .Writer

===========================================================================================
----------------- testing Thu Sep 19 05:49:47 UTC 2019 /home/travis/build/icyphy/ptII/ptolemy/actor/lib/test/auto/array.xml
----------------- Instantiating /home/travis/build/icyphy/ptII/ptolemy/actor/lib/test/auto/array.xml
2 ms. Memory: 300032K Free: 137142K (46%)
----------------- Invoking toplevel() on ptolemy.moml.MoMLSimpleApplication@738bf47b
----------------- Done invoking toplevel() on ptolemy.moml.MoMLSimpleApplication@738bf47b
reloadAllAccessors: .array

===========================================================================================
----------------- testing Thu Sep 19 05:49:47 UTC 2019 /home/travis/build/icyphy/ptII/ptolemy/actor/lib/test/auto/array2.xml
----------------- Instantiating /home/travis/build/icyphy/ptII/ptolemy/actor/lib/test/auto/array2.xml
2 ms. Memory: 300032K Free: 132008K (44%)
----------------- Invoking toplevel() on ptolemy.moml.MoMLSimpleApplication@25be0a27
----------------- Done invoking toplevel() on ptolemy.moml.MoMLSimpleApplication@25be0a27
reloadAllAccessors: .array2

===========================================================================================
----------------- testing Thu Sep 19 05:49:47 UTC 2019 /home/travis/build/icyphy/ptII/ptolemy/actor/lib/test/auto/arrayType.xml
----------------- Instantiating /home/travis/build/icyphy/ptII/ptolemy/actor/lib/test/auto/arrayType.xml
1 ms. Memory: 300032K Free: 126392K (42%)
----------------- Invoking toplevel() on ptolemy.moml.MoMLSimpleApplication@173322a1
----------------- Done invoking toplevel() on ptolemy.moml.MoMLSimpleApplication@173322a1
reloadAllAccessors: .arrayType

===========================================================================================
----------------- testing Thu Sep 19 05:49:47 UTC 2019 /home/travis/build/icyphy/ptII/ptolemy/actor/lib/test/auto/arrayType10.xml
----------------- Instantiating /home/travis/build/icyphy/ptII/ptolemy/actor/lib/test/auto/arrayType10.xml
1 ms. Memory: 300032K Free: 121782K (41%)
----------------- Invoking toplevel() on ptolemy.moml.MoMLSimpleApplication@21f47c59
----------------- Done invoking toplevel() on ptolemy.moml.MoMLSimpleApplication@21f47c59
reloadAllAccessors: .arrayType10

===========================================================================================
----------------- testing Thu Sep 19 05:49:47 UTC 2019 /home/travis/build/icyphy/ptII/ptolemy/actor/lib/test/auto/arrayType11.xml
----------------- Instantiating /home/travis/build/icyphy/ptII/ptolemy/actor/lib/test/auto/arrayType11.xml
1 ms. Memory: 300032K Free: 117176K (39%)
----------------- Invoking toplevel() on ptolemy.moml.MoMLSimpleApplication@19e9538e
----------------- Done invoking toplevel() on ptolemy.moml.MoMLSimpleApplication@19e9538e
reloadAllAccessors: .arrayType11

===========================================================================================
----------------- testing Thu Sep 19 05:49:47 UTC 2019 /home/travis/build/icyphy/ptII/ptolemy/actor/lib/test/auto/arrayType12.xml
----------------- Instantiating /home/travis/build/icyphy/ptII/ptolemy/actor/lib/test/auto/arrayType12.xml
1 ms. Memory: 300032K Free: 111032K (37%)
----------------- Invoking toplevel() on ptolemy.moml.MoMLSimpleApplication@2ae0a864
----------------- Done invoking toplevel() on ptolemy.moml.MoMLSimpleApplication@2ae0a864
reloadAllAccessors: .arrayType12

===========================================================================================
----------------- testing Thu Sep 19 05:49:47 UTC 2019 /home/travis/build/icyphy/ptII/ptolemy/actor/lib/test/auto/arrayType13.xml
----------------- Instantiating /home/travis/build/icyphy/ptII/ptolemy/actor/lib/test/auto/arrayType13.xml
2 ms. Memory: 300032K Free: 105912K (35%)
----------------- Invoking toplevel() on ptolemy.moml.MoMLSimpleApplication@ac1832e
----------------- Done invoking toplevel() on ptolemy.moml.MoMLSimpleApplication@ac1832e
reloadAllAccessors: .arrayType13

===========================================================================================
----------------- testing Thu Sep 19 05:49:47 UTC 2019 /home/travis/build/icyphy/ptII/ptolemy/actor/lib/test/auto/arrayType14.xml
----------------- Instantiating /home/travis/build/icyphy/ptII/ptolemy/actor/lib/test/auto/arrayType14.xml
1 ms. Memory: 300032K Free: 100278K (33%)
----------------- Invoking toplevel() on ptolemy.moml.MoMLSimpleApplication@3aea45f6
----------------- Done invoking toplevel() on ptolemy.moml.MoMLSimpleApplication@3aea45f6
reloadAllAccessors: .arrayType14

===========================================================================================
----------------- testing Thu Sep 19 05:49:47 UTC 2019 /home/travis/build/icyphy/ptII/ptolemy/actor/lib/test/auto/arrayType15.xml
----------------- Instantiating /home/travis/build/icyphy/ptII/ptolemy/actor/lib/test/auto/arrayType15.xml
3 ms. Memory: 300032K Free: 95158K (32%)
----------------- Invoking toplevel() on ptolemy.moml.MoMLSimpleApplication@22104b7c
----------------- Done invoking toplevel() on ptolemy.moml.MoMLSimpleApplication@22104b7c
reloadAllAccessors: .arrayType15

===========================================================================================
----------------- testing Thu Sep 19 05:49:47 UTC 2019 /home/travis/build/icyphy/ptII/ptolemy/actor/lib/test/auto/arrayType16.xml
----------------- Instantiating /home/travis/build/icyphy/ptII/ptolemy/actor/lib/test/auto/arrayType16.xml
2 ms. Memory: 300032K Free: 90038K (30%)
----------------- Invoking toplevel() on ptolemy.moml.MoMLSimpleApplication@4594dc2f
----------------- Done invoking toplevel() on ptolemy.moml.MoMLSimpleApplication@4594dc2f
reloadAllAccessors: .arrayType16

===========================================================================================
----------------- testing Thu Sep 19 05:49:47 UTC 2019 /home/travis/build/icyphy/ptII/ptolemy/actor/lib/test/auto/arrayType17.xml
----------------- Instantiating /home/travis/build/icyphy/ptII/ptolemy/actor/lib/test/auto/arrayType17.xml
1 ms. Memory: 300032K Free: 84918K (28%)
----------------- Invoking toplevel() on ptolemy.moml.MoMLSimpleApplication@290b12f7
----------------- Done invoking toplevel() on ptolemy.moml.MoMLSimpleApplication@290b12f7
reloadAllAccessors: .arrayType17

===========================================================================================
----------------- testing Thu Sep 19 05:49:47 UTC 2019 /home/travis/build/icyphy/ptII/ptolemy/actor/lib/test/auto/arrayType18.xml
----------------- Instantiating /home/travis/build/icyphy/ptII/ptolemy/actor/lib/test/auto/arrayType18.xml
1 ms. Memory: 300032K Free: 79798K (27%)
----------------- Invoking toplevel() on ptolemy.moml.MoMLSimpleApplication@22186ffb
----------------- Done invoking toplevel() on ptolemy.moml.MoMLSimpleApplication@22186ffb
reloadAllAccessors: .arrayType18

===========================================================================================
----------------- testing Thu Sep 19 05:49:47 UTC 2019 /home/travis/build/icyphy/ptII/ptolemy/actor/lib/test/auto/arrayType19.xml
----------------- Instantiating /home/travis/build/icyphy/ptII/ptolemy/actor/lib/test/auto/arrayType19.xml
2 ms. Memory: 300032K Free: 75192K (25%)
----------------- Invoking toplevel() on ptolemy.moml.MoMLSimpleApplication@dd27cb2
----------------- Done invoking toplevel() on ptolemy.moml.MoMLSimpleApplication@dd27cb2
reloadAllAccessors: .arrayType19

===========================================================================================
----------------- testing Thu Sep 19 05:49:47 UTC 2019 /home/travis/build/icyphy/ptII/ptolemy/actor/lib/test/auto/arrayType2.xml
----------------- Instantiating /home/travis/build/icyphy/ptII/ptolemy/actor/lib/test/auto/arrayType2.xml
2 ms. Memory: 300032K Free: 241719K (81%)
----------------- Invoking toplevel() on ptolemy.moml.MoMLSimpleApplication@20a953fd
----------------- Done invoking toplevel() on ptolemy.moml.MoMLSimpleApplication@20a953fd
reloadAllAccessors: .arrayType2

===========================================================================================
----------------- testing Thu Sep 19 05:49:47 UTC 2019 /home/travis/build/icyphy/ptII/ptolemy/actor/lib/test/auto/arrayType20.xml
----------------- Instantiating /home/travis/build/icyphy/ptII/ptolemy/actor/lib/test/auto/arrayType20.xml
2 ms. Memory: 300032K Free: 237127K (79%)
----------------- Invoking toplevel() on ptolemy.moml.MoMLSimpleApplication@5a1c86d6
----------------- Done invoking toplevel() on ptolemy.moml.MoMLSimpleApplication@5a1c86d6
reloadAllAccessors: .arrayType20

===========================================================================================
----------------- testing Thu Sep 19 05:49:47 UTC 2019 /home/travis/build/icyphy/ptII/ptolemy/actor/lib/test/auto/arrayType21.xml
----------------- Instantiating /home/travis/build/icyphy/ptII/ptolemy/actor/lib/test/auto/arrayType21.xml
2 ms. Memory: 300032K Free: 232007K (77%)
----------------- Invoking toplevel() on ptolemy.moml.MoMLSimpleApplication@40712a9
----------------- Done invoking toplevel() on ptolemy.moml.MoMLSimpleApplication@40712a9
reloadAllAccessors: .arrayType21

===========================================================================================
----------------- testing Thu Sep 19 05:49:47 UTC 2019 /home/travis/build/icyphy/ptII/ptolemy/actor/lib/test/auto/arrayType22.xml
----------------- Instantiating /home/travis/build/icyphy/ptII/ptolemy/actor/lib/test/auto/arrayType22.xml
2 ms. Memory: 300032K Free: 227397K (76%)
----------------- Invoking toplevel() on ptolemy.moml.MoMLSimpleApplication@2ff0fc98
----------------- Done invoking toplevel() on ptolemy.moml.MoMLSimpleApplication@2ff0fc98
reloadAllAccessors: .arrayType22

===========================================================================================
----------------- testing Thu Sep 19 05:49:47 UTC 2019 /home/travis/build/icyphy/ptII/ptolemy/actor/lib/test/auto/arrayType23.xml
----------------- Instantiating /home/travis/build/icyphy/ptII/ptolemy/actor/lib/test/auto/arrayType23.xml
2 ms. Memory: 300032K Free: 222791K (74%)
----------------- Invoking toplevel() on ptolemy.moml.MoMLSimpleApplication@648cf2e3
----------------- Done invoking toplevel() on ptolemy.moml.MoMLSimpleApplication@648cf2e3
reloadAllAccessors: .arrayType23

===========================================================================================
----------------- testing Thu Sep 19 05:49:47 UTC 2019 /home/travis/build/icyphy/ptII/ptolemy/actor/lib/test/auto/arrayType24.xml
----------------- Instantiating /home/travis/build/icyphy/ptII/ptolemy/actor/lib/test/auto/arrayType24.xml
2 ms. Memory: 300032K Free: 218181K (73%)
----------------- Invoking toplevel() on ptolemy.moml.MoMLSimpleApplication@69bb6018
----------------- Done invoking toplevel() on ptolemy.moml.MoMLSimpleApplication@69bb6018
reloadAllAccessors: .arrayType24

===========================================================================================
----------------- testing Thu Sep 19 05:49:47 UTC 2019 /home/travis/build/icyphy/ptII/ptolemy/actor/lib/test/auto/arrayType25.xml
----------------- Instantiating /home/travis/build/icyphy/ptII/ptolemy/actor/lib/test/auto/arrayType25.xml
2 ms. Memory: 300032K Free: 212551K (71%)
----------------- Invoking toplevel() on ptolemy.moml.MoMLSimpleApplication@97dd7ca
----------------- Done invoking toplevel() on ptolemy.moml.MoMLSimpleApplication@97dd7ca
reloadAllAccessors: .arrayType25

===========================================================================================
----------------- testing Thu Sep 19 05:49:47 UTC 2019 /home/travis/build/icyphy/ptII/ptolemy/actor/lib/test/auto/arrayType26.xml
----------------- Instantiating /home/travis/build/icyphy/ptII/ptolemy/actor/lib/test/auto/arrayType26.xml
1 ms. Memory: 300032K Free: 207431K (69%)
----------------- Invoking toplevel() on ptolemy.moml.MoMLSimpleApplication@4c8b704a
----------------- Done invoking toplevel() on ptolemy.moml.MoMLSimpleApplication@4c8b704a
reloadAllAccessors: .arrayType26

===========================================================================================
----------------- testing Thu Sep 19 05:49:47 UTC 2019 /home/travis/build/icyphy/ptII/ptolemy/actor/lib/test/auto/arrayType27.xml
----------------- Instantiating /home/travis/build/icyphy/ptII/ptolemy/actor/lib/test/auto/arrayType27.xml
2 ms. Memory: 300032K Free: 202311K (67%)
----------------- Invoking toplevel() on ptolemy.moml.MoMLSimpleApplication@6266e616
----------------- Done invoking toplevel() on ptolemy.moml.MoMLSimpleApplication@6266e616
reloadAllAccessors: .arrayType27

===========================================================================================
----------------- testing Thu Sep 19 05:49:47 UTC 2019 /home/travis/build/icyphy/ptII/ptolemy/actor/lib/test/auto/arrayType28.xml
----------------- Instantiating /home/travis/build/icyphy/ptII/ptolemy/actor/lib/test/auto/arrayType28.xml
2 ms. Memory: 300032K Free: 197191K (66%)
----------------- Invoking toplevel() on ptolemy.moml.MoMLSimpleApplication@5c540481
----------------- Done invoking toplevel() on ptolemy.moml.MoMLSimpleApplication@5c540481
reloadAllAccessors: .arrayType28

===========================================================================================
----------------- testing Thu Sep 19 05:49:47 UTC 2019 /home/travis/build/icyphy/ptII/ptolemy/actor/lib/test/auto/arrayType3.xml
----------------- Instantiating /home/travis/build/icyphy/ptII/ptolemy/actor/lib/test/auto/arrayType3.xml
1 ms. Memory: 300032K Free: 191557K (64%)
----------------- Invoking toplevel() on ptolemy.moml.MoMLSimpleApplication@254e6514
----------------- Done invoking toplevel() on ptolemy.moml.MoMLSimpleApplication@254e6514
reloadAllAccessors: .arrayType3

===========================================================================================
----------------- testing Thu Sep 19 05:49:47 UTC 2019 /home/travis/build/icyphy/ptII/ptolemy/actor/lib/test/auto/arrayType4.xml
----------------- Instantiating /home/travis/build/icyphy/ptII/ptolemy/actor/lib/test/auto/arrayType4.xml
2 ms. Memory: 300032K Free: 186437K (62%)
----------------- Invoking toplevel() on ptolemy.moml.MoMLSimpleApplication@47c7b69
----------------- Done invoking toplevel() on ptolemy.moml.MoMLSimpleApplication@47c7b69
reloadAllAccessors: .arrayType4

===========================================================================================
----------------- testing Thu Sep 19 05:49:47 UTC 2019 /home/travis/build/icyphy/ptII/ptolemy/actor/lib/test/auto/arrayType5.xml
----------------- Instantiating /home/travis/build/icyphy/ptII/ptolemy/actor/lib/test/auto/arrayType5.xml
1 ms. Memory: 300032K Free: 181317K (60%)
----------------- Invoking toplevel() on ptolemy.moml.MoMLSimpleApplication@7584f62b
----------------- Done invoking toplevel() on ptolemy.moml.MoMLSimpleApplication@7584f62b
reloadAllAccessors: .arrayType5

===========================================================================================
----------------- testing Thu Sep 19 05:49:47 UTC 2019 /home/travis/build/icyphy/ptII/ptolemy/actor/lib/test/auto/arrayType6.xml
----------------- Instantiating /home/travis/build/icyphy/ptII/ptolemy/actor/lib/test/auto/arrayType6.xml
2 ms. Memory: 300032K Free: 176711K (59%)
----------------- Invoking toplevel() on ptolemy.moml.MoMLSimpleApplication@14e56a9f
----------------- Done invoking toplevel() on ptolemy.moml.MoMLSimpleApplication@14e56a9f
reloadAllAccessors: .arrayType6

===========================================================================================
----------------- testing Thu Sep 19 05:49:47 UTC 2019 /home/travis/build/icyphy/ptII/ptolemy/actor/lib/test/auto/arrayType7.xml
----------------- Instantiating /home/travis/build/icyphy/ptII/ptolemy/actor/lib/test/auto/arrayType7.xml
1 ms. Memory: 300032K Free: 171591K (57%)
----------------- Invoking toplevel() on ptolemy.moml.MoMLSimpleApplication@59115953
----------------- Done invoking toplevel() on ptolemy.moml.MoMLSimpleApplication@59115953
reloadAllAccessors: .arrayType7

===========================================================================================
----------------- testing Thu Sep 19 05:49:47 UTC 2019 /home/travis/build/icyphy/ptII/ptolemy/actor/lib/test/auto/arrayType8.xml
----------------- Instantiating /home/travis/build/icyphy/ptII/ptolemy/actor/lib/test/auto/arrayType8.xml
1 ms. Memory: 300032K Free: 166981K (56%)
----------------- Invoking toplevel() on ptolemy.moml.MoMLSimpleApplication@468f42de
----------------- Done invoking toplevel() on ptolemy.moml.MoMLSimpleApplication@468f42de
reloadAllAccessors: .arrayType8

===========================================================================================
----------------- testing Thu Sep 19 05:49:47 UTC 2019 /home/travis/build/icyphy/ptII/ptolemy/actor/lib/test/auto/arrayType9.xml
----------------- Instantiating /home/travis/build/icyphy/ptII/ptolemy/actor/lib/test/auto/arrayType9.xml
6 ms. Memory: 300032K Free: 162373K (54%)
----------------- Invoking toplevel() on ptolemy.moml.MoMLSimpleApplication@68e19d28
----------------- Done invoking toplevel() on ptolemy.moml.MoMLSimpleApplication@68e19d28
reloadAllAccessors: .arrayType9

===========================================================================================
----------------- testing Thu Sep 19 05:49:47 UTC 2019 /home/travis/build/icyphy/ptII/ptolemy/actor/lib/test/auto/cast.xml
----------------- Instantiating /home/travis/build/icyphy/ptII/ptolemy/actor/lib/test/auto/cast.xml
2 ms. Memory: 300032K Free: 157255K (52%)
----------------- Invoking toplevel() on ptolemy.moml.MoMLSimpleApplication@675d57d6
----------------- Done invoking toplevel() on ptolemy.moml.MoMLSimpleApplication@675d57d6
reloadAllAccessors: .cast

===========================================================================================
----------------- testing Thu Sep 19 05:49:47 UTC 2019 /home/travis/build/icyphy/ptII/ptolemy/actor/lib/test/auto/compositeMultiPort.xml
----------------- Instantiating /home/travis/build/icyphy/ptII/ptolemy/actor/lib/test/auto/compositeMultiPort.xml
3 ms. Memory: 300032K Free: 148543K (50%)
----------------- Invoking toplevel() on ptolemy.moml.MoMLSimpleApplication@7088605e
----------------- Done invoking toplevel() on ptolemy.moml.MoMLSimpleApplication@7088605e
reloadAllAccessors: .compositeMultiPort

===========================================================================================
----------------- testing Thu Sep 19 05:49:47 UTC 2019 /home/travis/build/icyphy/ptII/ptolemy/actor/lib/test/auto/expressionCastInference.xml
----------------- Instantiating /home/travis/build/icyphy/ptII/ptolemy/actor/lib/test/auto/expressionCastInference.xml
2 ms. Memory: 300032K Free: 143943K (48%)
----------------- Invoking toplevel() on ptolemy.moml.MoMLSimpleApplication@34c203f7
----------------- Done invoking toplevel() on ptolemy.moml.MoMLSimpleApplication@34c203f7
reloadAllAccessors: .expressionCastInference

===========================================================================================
----------------- testing Thu Sep 19 05:49:47 UTC 2019 /home/travis/build/icyphy/ptII/ptolemy/actor/lib/test/auto/expressionCastInference2.xml
----------------- Instantiating /home/travis/build/icyphy/ptII/ptolemy/actor/lib/test/auto/expressionCastInference2.xml
2 ms. Memory: 300032K Free: 139333K (46%)
----------------- Invoking toplevel() on ptolemy.moml.MoMLSimpleApplication@5b574e48
----------------- Done invoking toplevel() on ptolemy.moml.MoMLSimpleApplication@5b574e48
reloadAllAccessors: .expressionCastInference2

===========================================================================================
----------------- testing Thu Sep 19 05:49:47 UTC 2019 /home/travis/build/icyphy/ptII/ptolemy/actor/lib/test/auto/expressionInference.xml
----------------- Instantiating /home/travis/build/icyphy/ptII/ptolemy/actor/lib/test/auto/expressionInference.xml
2 ms. Memory: 300032K Free: 134727K (45%)
----------------- Invoking toplevel() on ptolemy.moml.MoMLSimpleApplication@75a6c37
----------------- Done invoking toplevel() on ptolemy.moml.MoMLSimpleApplication@75a6c37
reloadAllAccessors: .expressionInference

===========================================================================================
----------------- testing Thu Sep 19 05:49:47 UTC 2019 /home/travis/build/icyphy/ptII/ptolemy/actor/lib/test/auto/expression_bug.xml
----------------- Instantiating /home/travis/build/icyphy/ptII/ptolemy/actor/lib/test/auto/expression_bug.xml
1 ms. Memory: 300032K Free: 130631K (44%)
----------------- Invoking toplevel() on ptolemy.moml.MoMLSimpleApplication@731fa27a
----------------- Done invoking toplevel() on ptolemy.moml.MoMLSimpleApplication@731fa27a
reloadAllAccessors: .expression_bug

===========================================================================================
----------------- testing Thu Sep 19 05:49:47 UTC 2019 /home/travis/build/icyphy/ptII/ptolemy/actor/lib/test/auto/factorial.xml
----------------- Instantiating /home/travis/build/icyphy/ptII/ptolemy/actor/lib/test/auto/factorial.xml
40 ms. Memory: 300032K Free: 121925K (41%)
----------------- Invoking toplevel() on ptolemy.moml.MoMLSimpleApplication@72bb9663
----------------- Done invoking toplevel() on ptolemy.moml.MoMLSimpleApplication@72bb9663
reloadAllAccessors: .factorial

===========================================================================================
----------------- testing Thu Sep 19 05:49:47 UTC 2019 /home/travis/build/icyphy/ptII/ptolemy/actor/lib/test/auto/filterTest1.xml
----------------- Instantiating /home/travis/build/icyphy/ptII/ptolemy/actor/lib/test/auto/filterTest1.xml
2 ms. Memory: 300032K Free: 115781K (39%)
----------------- Invoking toplevel() on ptolemy.moml.MoMLSimpleApplication@e8a316f
----------------- Done invoking toplevel() on ptolemy.moml.MoMLSimpleApplication@e8a316f
reloadAllAccessors: .filterTest1

===========================================================================================
----------------- testing Thu Sep 19 05:49:47 UTC 2019 /home/travis/build/icyphy/ptII/ptolemy/actor/lib/test/auto/funcApplyInConst.xml
----------------- Instantiating /home/travis/build/icyphy/ptII/ptolemy/actor/lib/test/auto/funcApplyInConst.xml
1 ms. Memory: 300032K Free: 112199K (37%)
----------------- Invoking toplevel() on ptolemy.moml.MoMLSimpleApplication@bab0fb7
----------------- Done invoking toplevel() on ptolemy.moml.MoMLSimpleApplication@bab0fb7
reloadAllAccessors: .funcApplyInConst

===========================================================================================
----------------- testing Thu Sep 19 05:49:47 UTC 2019 /home/travis/build/icyphy/ptII/ptolemy/actor/lib/test/auto/funcApplyInExpr.xml
----------------- Instantiating /home/travis/build/icyphy/ptII/ptolemy/actor/lib/test/auto/funcApplyInExpr.xml
1 ms. Memory: 300032K Free: 108613K (36%)
----------------- Invoking toplevel() on ptolemy.moml.MoMLSimpleApplication@587b2d2b
----------------- Done invoking toplevel() on ptolemy.moml.MoMLSimpleApplication@587b2d2b
reloadAllAccessors: .funcApplyInExpr

===========================================================================================
----------------- testing Thu Sep 19 05:49:47 UTC 2019 /home/travis/build/icyphy/ptII/ptolemy/actor/lib/test/auto/function.xml
----------------- Instantiating /home/travis/build/icyphy/ptII/ptolemy/actor/lib/test/auto/function.xml
2 ms. Memory: 300032K Free: 103493K (34%)
----------------- Invoking toplevel() on ptolemy.moml.MoMLSimpleApplication@34ff62ad
----------------- Done invoking toplevel() on ptolemy.moml.MoMLSimpleApplication@34ff62ad
reloadAllAccessors: .function

===========================================================================================
----------------- testing Thu Sep 19 05:49:47 UTC 2019 /home/travis/build/icyphy/ptII/ptolemy/actor/lib/test/auto/function2.xml
----------------- Instantiating /home/travis/build/icyphy/ptII/ptolemy/actor/lib/test/auto/function2.xml
3 ms. Memory: 300032K Free: 98887K (33%)
----------------- Invoking toplevel() on ptolemy.moml.MoMLSimpleApplication@36748460
----------------- Done invoking toplevel() on ptolemy.moml.MoMLSimpleApplication@36748460
reloadAllAccessors: .function2

===========================================================================================
----------------- testing Thu Sep 19 05:49:47 UTC 2019 /home/travis/build/icyphy/ptII/ptolemy/actor/lib/test/auto/function3.xml
----------------- Instantiating /home/travis/build/icyphy/ptII/ptolemy/actor/lib/test/auto/function3.xml
2 ms. Memory: 300032K Free: 95301K (32%)
----------------- Invoking toplevel() on ptolemy.moml.MoMLSimpleApplication@20e81f01
----------------- Done invoking toplevel() on ptolemy.moml.MoMLSimpleApplication@20e81f01
reloadAllAccessors: .function3

===========================================================================================
----------------- testing Thu Sep 19 05:49:48 UTC 2019 /home/travis/build/icyphy/ptII/ptolemy/actor/lib/test/auto/functionClosureTest1.xml
----------------- Instantiating /home/travis/build/icyphy/ptII/ptolemy/actor/lib/test/auto/functionClosureTest1.xml
1 ms. Memory: 300032K Free: 89151K (30%)
----------------- Invoking toplevel() on ptolemy.moml.MoMLSimpleApplication@197bfd47
----------------- Done invoking toplevel() on ptolemy.moml.MoMLSimpleApplication@197bfd47
reloadAllAccessors: .functionClosureTest1

===========================================================================================
----------------- testing Thu Sep 19 05:49:48 UTC 2019 /home/travis/build/icyphy/ptII/ptolemy/actor/lib/test/auto/functionClosureTest2.xml
----------------- Instantiating /home/travis/build/icyphy/ptII/ptolemy/actor/lib/test/auto/functionClosureTest2.xml
1 ms. Memory: 300032K Free: 85575K (29%)
----------------- Invoking toplevel() on ptolemy.moml.MoMLSimpleApplication@525798c7
----------------- Done invoking toplevel() on ptolemy.moml.MoMLSimpleApplication@525798c7
reloadAllAccessors: .functionClosureTest2

===========================================================================================
----------------- testing Thu Sep 19 05:49:48 UTC 2019 /home/travis/build/icyphy/ptII/ptolemy/actor/lib/test/auto/functionClosureTest3.xml
----------------- Instantiating /home/travis/build/icyphy/ptII/ptolemy/actor/lib/test/auto/functionClosureTest3.xml
2 ms. Memory: 300032K Free: 80455K (27%)
----------------- Invoking toplevel() on ptolemy.moml.MoMLSimpleApplication@4ed196b8
----------------- Done invoking toplevel() on ptolemy.moml.MoMLSimpleApplication@4ed196b8
reloadAllAccessors: .functionClosureTest3

===========================================================================================
----------------- testing Thu Sep 19 05:49:48 UTC 2019 /home/travis/build/icyphy/ptII/ptolemy/actor/lib/test/auto/functionClosureTest4.xml
----------------- Instantiating /home/travis/build/icyphy/ptII/ptolemy/actor/lib/test/auto/functionClosureTest4.xml
4 ms. Memory: 300032K Free: 73797K (25%)
----------------- Invoking toplevel() on ptolemy.moml.MoMLSimpleApplication@2b733122
----------------- Done invoking toplevel() on ptolemy.moml.MoMLSimpleApplication@2b733122
reloadAllAccessors: .functionClosureTest4

===========================================================================================
----------------- testing Thu Sep 19 05:49:48 UTC 2019 /home/travis/build/icyphy/ptII/ptolemy/actor/lib/test/auto/functionClosureTest5.xml
----------------- Instantiating /home/travis/build/icyphy/ptII/ptolemy/actor/lib/test/auto/functionClosureTest5.xml
4 ms. Memory: 300032K Free: 243701K (81%)
----------------- Invoking toplevel() on ptolemy.moml.MoMLSimpleApplication@643ed663
----------------- Done invoking toplevel() on ptolemy.moml.MoMLSimpleApplication@643ed663
reloadAllAccessors: .functionClosureTest5

===========================================================================================
----------------- testing Thu Sep 19 05:49:48 UTC 2019 /home/travis/build/icyphy/ptII/ptolemy/actor/lib/test/auto/functionClosureTest6.xml
----------------- Instantiating /home/travis/build/icyphy/ptII/ptolemy/actor/lib/test/auto/functionClosureTest6.xml
2 ms. Memory: 300032K Free: 238575K (80%)
----------------- Invoking toplevel() on ptolemy.moml.MoMLSimpleApplication@5ce1b032
----------------- Done invoking toplevel() on ptolemy.moml.MoMLSimpleApplication@5ce1b032
reloadAllAccessors: .functionClosureTest6

===========================================================================================
----------------- testing Thu Sep 19 05:49:48 UTC 2019 /home/travis/build/icyphy/ptII/ptolemy/actor/lib/test/auto/functionsOnArcs.xml
----------------- Instantiating /home/travis/build/icyphy/ptII/ptolemy/actor/lib/test/auto/functionsOnArcs.xml
1 ms. Memory: 300032K Free: 233461K (78%)
----------------- Invoking toplevel() on ptolemy.moml.MoMLSimpleApplication@1ff555c5
----------------- Done invoking toplevel() on ptolemy.moml.MoMLSimpleApplication@1ff555c5
reloadAllAccessors: .functionsOnArcs

===========================================================================================
----------------- testing Thu Sep 19 05:49:48 UTC 2019 /home/travis/build/icyphy/ptII/ptolemy/actor/lib/test/auto/functionsOnArcsHOF.xml
----------------- Instantiating /home/travis/build/icyphy/ptII/ptolemy/actor/lib/test/auto/functionsOnArcsHOF.xml
4 ms. Memory: 300032K Free: 227317K (76%)
----------------- Invoking toplevel() on ptolemy.moml.MoMLSimpleApplication@33db17ea
----------------- Done invoking toplevel() on ptolemy.moml.MoMLSimpleApplication@33db17ea
reloadAllAccessors: .functionsOnArcsHOF

===========================================================================================
----------------- testing Thu Sep 19 05:49:48 UTC 2019 /home/travis/build/icyphy/ptII/ptolemy/actor/lib/test/auto/logic.xml
----------------- Instantiating /home/travis/build/icyphy/ptII/ptolemy/actor/lib/test/auto/logic.xml
2 ms. Memory: 300032K Free: 220149K (73%)
----------------- Invoking toplevel() on ptolemy.moml.MoMLSimpleApplication@53647d9c
----------------- Done invoking toplevel() on ptolemy.moml.MoMLSimpleApplication@53647d9c
reloadAllAccessors: .logic

===========================================================================================
----------------- testing Thu Sep 19 05:49:48 UTC 2019 /home/travis/build/icyphy/ptII/ptolemy/actor/lib/test/auto/matrixType.xml
----------------- Instantiating /home/travis/build/icyphy/ptII/ptolemy/actor/lib/test/auto/matrixType.xml
2 ms. Memory: 300032K Free: 215029K (72%)
----------------- Invoking toplevel() on ptolemy.moml.MoMLSimpleApplication@4ebd5e2a
----------------- Done invoking toplevel() on ptolemy.moml.MoMLSimpleApplication@4ebd5e2a
reloadAllAccessors: .matrixType

===========================================================================================
----------------- testing Thu Sep 19 05:49:48 UTC 2019 /home/travis/build/icyphy/ptII/ptolemy/actor/lib/test/auto/matrixType10.xml
----------------- Instantiating /home/travis/build/icyphy/ptII/ptolemy/actor/lib/test/auto/matrixType10.xml
1 ms. Memory: 300032K Free: 209909K (70%)
----------------- Invoking toplevel() on ptolemy.moml.MoMLSimpleApplication@1c40a7cc
----------------- Done invoking toplevel() on ptolemy.moml.MoMLSimpleApplication@1c40a7cc
reloadAllAccessors: .matrixType10

===========================================================================================
----------------- testing Thu Sep 19 05:49:48 UTC 2019 /home/travis/build/icyphy/ptII/ptolemy/actor/lib/test/auto/matrixType11.xml
----------------- Instantiating /home/travis/build/icyphy/ptII/ptolemy/actor/lib/test/auto/matrixType11.xml
1 ms. Memory: 300032K Free: 205303K (68%)
----------------- Invoking toplevel() on ptolemy.moml.MoMLSimpleApplication@47c5aa86
----------------- Done invoking toplevel() on ptolemy.moml.MoMLSimpleApplication@47c5aa86
reloadAllAccessors: .matrixType11

===========================================================================================
----------------- testing Thu Sep 19 05:49:48 UTC 2019 /home/travis/build/icyphy/ptII/ptolemy/actor/lib/test/auto/matrixType12.xml
----------------- Instantiating /home/travis/build/icyphy/ptII/ptolemy/actor/lib/test/auto/matrixType12.xml
1 ms. Memory: 300032K Free: 200693K (67%)
----------------- Invoking toplevel() on ptolemy.moml.MoMLSimpleApplication@7108fe9b
----------------- Done invoking toplevel() on ptolemy.moml.MoMLSimpleApplication@7108fe9b
reloadAllAccessors: .matrixType12

===========================================================================================
----------------- testing Thu Sep 19 05:49:48 UTC 2019 /home/travis/build/icyphy/ptII/ptolemy/actor/lib/test/auto/matrixType13.xml
----------------- Instantiating /home/travis/build/icyphy/ptII/ptolemy/actor/lib/test/auto/matrixType13.xml
1 ms. Memory: 300032K Free: 195573K (65%)
----------------- Invoking toplevel() on ptolemy.moml.MoMLSimpleApplication@77b9814c
----------------- Done invoking toplevel() on ptolemy.moml.MoMLSimpleApplication@77b9814c
reloadAllAccessors: .matrixType13

===========================================================================================
----------------- testing Thu Sep 19 05:49:48 UTC 2019 /home/travis/build/icyphy/ptII/ptolemy/actor/lib/test/auto/matrixType14.xml
----------------- Instantiating /home/travis/build/icyphy/ptII/ptolemy/actor/lib/test/auto/matrixType14.xml
2 ms. Memory: 300032K Free: 190453K (63%)
----------------- Invoking toplevel() on ptolemy.moml.MoMLSimpleApplication@2f08a052
----------------- Done invoking toplevel() on ptolemy.moml.MoMLSimpleApplication@2f08a052
reloadAllAccessors: .matrixType14

===========================================================================================
----------------- testing Thu Sep 19 05:49:48 UTC 2019 /home/travis/build/icyphy/ptII/ptolemy/actor/lib/test/auto/matrixType2.xml
----------------- Instantiating /home/travis/build/icyphy/ptII/ptolemy/actor/lib/test/auto/matrixType2.xml
1 ms. Memory: 300032K Free: 185333K (62%)
----------------- Invoking toplevel() on ptolemy.moml.MoMLSimpleApplication@5fec027
----------------- Done invoking toplevel() on ptolemy.moml.MoMLSimpleApplication@5fec027
reloadAllAccessors: .matrixType2

===========================================================================================
----------------- testing Thu Sep 19 05:49:48 UTC 2019 /home/travis/build/icyphy/ptII/ptolemy/actor/lib/test/auto/matrixType3.xml
----------------- Instantiating /home/travis/build/icyphy/ptII/ptolemy/actor/lib/test/auto/matrixType3.xml
4 ms. Memory: 300032K Free: 180213K (60%)
----------------- Invoking toplevel() on ptolemy.moml.MoMLSimpleApplication@18fd470b
----------------- Done invoking toplevel() on ptolemy.moml.MoMLSimpleApplication@18fd470b
reloadAllAccessors: .matrixType3

===========================================================================================
----------------- testing Thu Sep 19 05:49:48 UTC 2019 /home/travis/build/icyphy/ptII/ptolemy/actor/lib/test/auto/matrixType4.xml
----------------- Instantiating /home/travis/build/icyphy/ptII/ptolemy/actor/lib/test/auto/matrixType4.xml
1 ms. Memory: 300032K Free: 175607K (59%)
----------------- Invoking toplevel() on ptolemy.moml.MoMLSimpleApplication@519c4cb3
----------------- Done invoking toplevel() on ptolemy.moml.MoMLSimpleApplication@519c4cb3
reloadAllAccessors: .matrixType4

===========================================================================================
----------------- testing Thu Sep 19 05:49:48 UTC 2019 /home/travis/build/icyphy/ptII/ptolemy/actor/lib/test/auto/matrixType5.xml
----------------- Instantiating /home/travis/build/icyphy/ptII/ptolemy/actor/lib/test/auto/matrixType5.xml
1 ms. Memory: 300032K Free: 170487K (57%)
----------------- Invoking toplevel() on ptolemy.moml.MoMLSimpleApplication@52c29b72
----------------- Done invoking toplevel() on ptolemy.moml.MoMLSimpleApplication@52c29b72
reloadAllAccessors: .matrixType5

===========================================================================================
----------------- testing Thu Sep 19 05:49:48 UTC 2019 /home/travis/build/icyphy/ptII/ptolemy/actor/lib/test/auto/matrixType6.xml
----------------- Instantiating /home/travis/build/icyphy/ptII/ptolemy/actor/lib/test/auto/matrixType6.xml
2 ms. Memory: 300032K Free: 165877K (55%)
----------------- Invoking toplevel() on ptolemy.moml.MoMLSimpleApplication@18115b75
----------------- Done invoking toplevel() on ptolemy.moml.MoMLSimpleApplication@18115b75
reloadAllAccessors: .matrixType6

===========================================================================================
----------------- testing Thu Sep 19 05:49:48 UTC 2019 /home/travis/build/icyphy/ptII/ptolemy/actor/lib/test/auto/matrixType7.xml
----------------- Instantiating /home/travis/build/icyphy/ptII/ptolemy/actor/lib/test/auto/matrixType7.xml
1 ms. Memory: 300032K Free: 161271K (54%)
----------------- Invoking toplevel() on ptolemy.moml.MoMLSimpleApplication@634a8cf3
----------------- Done invoking toplevel() on ptolemy.moml.MoMLSimpleApplication@634a8cf3
reloadAllAccessors: .matrixType7

===========================================================================================
----------------- testing Thu Sep 19 05:49:48 UTC 2019 /home/travis/build/icyphy/ptII/ptolemy/actor/lib/test/auto/matrixType8.xml
----------------- Instantiating /home/travis/build/icyphy/ptII/ptolemy/actor/lib/test/auto/matrixType8.xml
1 ms. Memory: 300032K Free: 156151K (52%)
----------------- Invoking toplevel() on ptolemy.moml.MoMLSimpleApplication@1e0add4f
----------------- Done invoking toplevel() on ptolemy.moml.MoMLSimpleApplication@1e0add4f
reloadAllAccessors: .matrixType8

===========================================================================================
----------------- testing Thu Sep 19 05:49:48 UTC 2019 /home/travis/build/icyphy/ptII/ptolemy/actor/lib/test/auto/matrixType9.xml
----------------- Instantiating /home/travis/build/icyphy/ptII/ptolemy/actor/lib/test/auto/matrixType9.xml
1 ms. Memory: 300032K Free: 151541K (51%)
----------------- Invoking toplevel() on ptolemy.moml.MoMLSimpleApplication@30e7ecb3
----------------- Done invoking toplevel() on ptolemy.moml.MoMLSimpleApplication@30e7ecb3
reloadAllAccessors: .matrixType9

===========================================================================================
----------------- testing Thu Sep 19 05:49:48 UTC 2019 /home/travis/build/icyphy/ptII/ptolemy/actor/lib/test/auto/paraFunctest.xml
----------------- Instantiating /home/travis/build/icyphy/ptII/ptolemy/actor/lib/test/auto/paraFunctest.xml
2 ms. Memory: 300032K Free: 147445K (49%)
----------------- Invoking toplevel() on ptolemy.moml.MoMLSimpleApplication@5756805d
----------------- Done invoking toplevel() on ptolemy.moml.MoMLSimpleApplication@5756805d
reloadAllAccessors: .paraFunctest

===========================================================================================
----------------- testing Thu Sep 19 05:49:48 UTC 2019 /home/travis/build/icyphy/ptII/ptolemy/actor/lib/test/auto/paraFunctest2.xml
----------------- Instantiating /home/travis/build/icyphy/ptII/ptolemy/actor/lib/test/auto/paraFunctest2.xml
2 ms. Memory: 300032K Free: 142325K (47%)
----------------- Invoking toplevel() on ptolemy.moml.MoMLSimpleApplication@d97cbed
----------------- Done invoking toplevel() on ptolemy.moml.MoMLSimpleApplication@d97cbed
reloadAllAccessors: .paraFunctest2

===========================================================================================
----------------- testing Thu Sep 19 05:49:48 UTC 2019 /home/travis/build/icyphy/ptII/ptolemy/actor/lib/test/auto/parameterPassing.xml
----------------- Instantiating /home/travis/build/icyphy/ptII/ptolemy/actor/lib/test/auto/parameterPassing.xml
1 ms. Memory: 300032K Free: 138229K (46%)
----------------- Invoking toplevel() on ptolemy.moml.MoMLSimpleApplication@6f63cc44
----------------- Done invoking toplevel() on ptolemy.moml.MoMLSimpleApplication@6f63cc44
reloadAllAccessors: .parameterPassing

===========================================================================================
----------------- testing Thu Sep 19 05:49:48 UTC 2019 /home/travis/build/icyphy/ptII/ptolemy/actor/lib/test/auto/record.xml
----------------- Instantiating /home/travis/build/icyphy/ptII/ptolemy/actor/lib/test/auto/record.xml
2 ms. Memory: 300032K Free: 133109K (44%)
----------------- Invoking toplevel() on ptolemy.moml.MoMLSimpleApplication@94729ab
----------------- Done invoking toplevel() on ptolemy.moml.MoMLSimpleApplication@94729ab
reloadAllAccessors: .record

===========================================================================================
----------------- testing Thu Sep 19 05:49:48 UTC 2019 /home/travis/build/icyphy/ptII/ptolemy/actor/lib/test/auto/sizedarray1.xml
----------------- Instantiating /home/travis/build/icyphy/ptII/ptolemy/actor/lib/test/auto/sizedarray1.xml
2 ms. Memory: 300032K Free: 127989K (43%)
----------------- Invoking toplevel() on ptolemy.moml.MoMLSimpleApplication@619f966f
----------------- Done invoking toplevel() on ptolemy.moml.MoMLSimpleApplication@619f966f
reloadAllAccessors: .sizedarray1

===========================================================================================
----------------- testing Thu Sep 19 05:49:48 UTC 2019 /home/travis/build/icyphy/ptII/ptolemy/actor/lib/test/auto/sizedarray2.xml
----------------- Instantiating /home/travis/build/icyphy/ptII/ptolemy/actor/lib/test/auto/sizedarray2.xml
2 ms. Memory: 300032K Free: 122359K (41%)
----------------- Invoking toplevel() on ptolemy.moml.MoMLSimpleApplication@884599e
----------------- Done invoking toplevel() on ptolemy.moml.MoMLSimpleApplication@884599e
reloadAllAccessors: .sizedarray2

===========================================================================================
----------------- testing Thu Sep 19 05:49:48 UTC 2019 /home/travis/build/icyphy/ptII/ptolemy/actor/lib/test/auto/twoPublishers.xml
----------------- Instantiating /home/travis/build/icyphy/ptII/ptolemy/actor/lib/test/auto/twoPublishers.xml
6 ms. Memory: 300032K Free: 111599K (37%)
----------------- Invoking toplevel() on ptolemy.moml.MoMLSimpleApplication@7dd9722
----------------- Done invoking toplevel() on ptolemy.moml.MoMLSimpleApplication@7dd9722
reloadAllAccessors: .twoPublishers
AutoTests.java: About to close Vertx.
AutoTests.java: Vertx closed.
]]></system-out>
  <system-err><![CDATA[java.lang.RuntimeException: Execution failed
	at ptolemy.moml.MoMLSimpleApplication$UnloadThread.run(MoMLSimpleApplication.java:402)
Caused by: java.lang.RuntimeException: StringUtilities.exit() was called. Normally, we would exit here because Manager.exitAfterWrapup() was called.  However, because the ptolemy.ptII.exitAfterWrapup property is set, we throw this exception instead.
	at ptolemy.util.StringUtilities.exit(StringUtilities.java:365)
	at ptolemy.actor.Manager.wrapup(Manager.java:1549)
	at ptolemy.actor.Manager.execute(Manager.java:407)
	at ptolemy.actor.Manager.run(Manager.java:1263)
	at ptolemy.actor.Manager$PtolemyRunThread.run(Manager.java:1933)
Warning: '.top.test' is in training mode, set the trainingMode parameter to false before checking in
Warning: '.top.test' is in training mode, set the trainingMode parameter to false before checking in
Warning: '.top.test' is in training mode, set the trainingMode parameter to false before checking in
Warning: '.BooleanSwitch_RegressionTest_WrongTrainingValues.Test' is in training mode, set the trainingMode parameter to false before checking in
Warning: '.BooleanSwitch_RegressionTest_WrongTrainingValues.Test2' is in training mode, set the trainingMode parameter to false before checking in
Warning: '.BooleanSwitch_RegressionTest_WrongTrainingValues.Test2' The test produced 0 tokens.
Warning: '.top.testExceptionHandler' is in training mode, set the trainingMode parameter to false before checking in
java.lang.RuntimeException: Execution failed
	at ptolemy.moml.MoMLSimpleApplication$UnloadThread.run(MoMLSimpleApplication.java:402)
Caused by: ptolemy.kernel.util.IllegalActionException: PublisherPorts cannot be used at the top level, use a Publisher actor instead.
  in .PublisherPortToplevelSubscriber.PublisherPort
	at ptolemy.actor.PublisherPort.preinitialize(PublisherPort.java:403)
	at ptolemy.actor.CompositeActor.preinitialize(CompositeActor.java:1769)
	at ptolemy.actor.Manager.preinitializeAndResolveTypes(Manager.java:1040)
	at ptolemy.actor.Manager.initialize(Manager.java:710)
	at ptolemy.actor.Manager.execute(Manager.java:356)
	at ptolemy.actor.Manager.run(Manager.java:1263)
	at ptolemy.actor.Manager$PtolemyRunThread.run(Manager.java:1933)
java.lang.reflect.InvocationTargetException
	at java.base/jdk.internal.reflect.NativeConstructorAccessorImpl.newInstance0(Native Method)
	at java.base/jdk.internal.reflect.NativeConstructorAccessorImpl.newInstance(NativeConstructorAccessorImpl.java:62)
	at java.base/jdk.internal.reflect.DelegatingConstructorAccessorImpl.newInstance(DelegatingConstructorAccessorImpl.java:45)
	at java.base/java.lang.reflect.Constructor.newInstance(Constructor.java:490)
	at ptolemy.util.test.junit.AutoKnownFailedTests.RunModel(AutoKnownFailedTests.java:105)
	at java.base/jdk.internal.reflect.NativeMethodAccessorImpl.invoke0(Native Method)
	at java.base/jdk.internal.reflect.NativeMethodAccessorImpl.invoke(NativeMethodAccessorImpl.java:62)
	at java.base/jdk.internal.reflect.DelegatingMethodAccessorImpl.invoke(DelegatingMethodAccessorImpl.java:43)
	at java.base/java.lang.reflect.Method.invoke(Method.java:566)
	at org.junit.runners.model.FrameworkMethod$1.runReflectiveCall(FrameworkMethod.java:44)
	at org.junit.internal.runners.model.ReflectiveCallable.run(ReflectiveCallable.java:15)
	at org.junit.runners.model.FrameworkMethod.invokeExplosively(FrameworkMethod.java:41)
	at junitparams.internal.InvokeParameterisedMethod.evaluate(InvokeParameterisedMethod.java:102)
	at org.junit.internal.runners.statements.FailOnTimeout$1.run(FailOnTimeout.java:28)
Caused by: ptolemy.kernel.util.IllegalActionException: PublisherPorts cannot be used at the top level, use a Publisher actor instead.
  in .PublisherPortToplevelSubscriber.PublisherPort
	at ptolemy.actor.PublisherPort.preinitialize(PublisherPort.java:403)
	at ptolemy.actor.CompositeActor.preinitialize(CompositeActor.java:1769)
	at ptolemy.actor.Manager.preinitializeAndResolveTypes(Manager.java:1040)
	at ptolemy.actor.Manager.initialize(Manager.java:710)
	at ptolemy.actor.Manager.execute(Manager.java:356)
	at ptolemy.actor.Manager.run(Manager.java:1263)
	at ptolemy.actor.Manager$PtolemyRunThread.run(Manager.java:1933)
java.lang.RuntimeException: Execution failed
	at ptolemy.moml.MoMLSimpleApplication$UnloadThread.run(MoMLSimpleApplication.java:402)
Caused by: ptolemy.kernel.util.IllegalActionException: SubscriberPorts cannot be used at the top level, use a Subscriber actor instead.
  in .PublisherSubscriberPortToplevel.SubscriberPort
	at ptolemy.actor.SubscriberPort.preinitialize(SubscriberPort.java:328)
	at ptolemy.actor.CompositeActor.preinitialize(CompositeActor.java:1769)
	at ptolemy.actor.Manager.preinitializeAndResolveTypes(Manager.java:1040)
	at ptolemy.actor.Manager.initialize(Manager.java:710)
	at ptolemy.actor.Manager.execute(Manager.java:356)
	at ptolemy.actor.Manager.run(Manager.java:1263)
	at ptolemy.actor.Manager$PtolemyRunThread.run(Manager.java:1933)
java.lang.reflect.InvocationTargetException
	at java.base/jdk.internal.reflect.NativeConstructorAccessorImpl.newInstance0(Native Method)
	at java.base/jdk.internal.reflect.NativeConstructorAccessorImpl.newInstance(NativeConstructorAccessorImpl.java:62)
	at java.base/jdk.internal.reflect.DelegatingConstructorAccessorImpl.newInstance(DelegatingConstructorAccessorImpl.java:45)
	at java.base/java.lang.reflect.Constructor.newInstance(Constructor.java:490)
	at ptolemy.util.test.junit.AutoKnownFailedTests.RunModel(AutoKnownFailedTests.java:105)
	at java.base/jdk.internal.reflect.NativeMethodAccessorImpl.invoke0(Native Method)
	at java.base/jdk.internal.reflect.NativeMethodAccessorImpl.invoke(NativeMethodAccessorImpl.java:62)
	at java.base/jdk.internal.reflect.DelegatingMethodAccessorImpl.invoke(DelegatingMethodAccessorImpl.java:43)
	at java.base/java.lang.reflect.Method.invoke(Method.java:566)
	at org.junit.runners.model.FrameworkMethod$1.runReflectiveCall(FrameworkMethod.java:44)
	at org.junit.internal.runners.model.ReflectiveCallable.run(ReflectiveCallable.java:15)
	at org.junit.runners.model.FrameworkMethod.invokeExplosively(FrameworkMethod.java:41)
	at junitparams.internal.InvokeParameterisedMethod.evaluate(InvokeParameterisedMethod.java:102)
	at org.junit.internal.runners.statements.FailOnTimeout$1.run(FailOnTimeout.java:28)
Caused by: ptolemy.kernel.util.IllegalActionException: SubscriberPorts cannot be used at the top level, use a Subscriber actor instead.
  in .PublisherSubscriberPortToplevel.SubscriberPort
	at ptolemy.actor.SubscriberPort.preinitialize(SubscriberPort.java:328)
	at ptolemy.actor.CompositeActor.preinitialize(CompositeActor.java:1769)
	at ptolemy.actor.Manager.preinitializeAndResolveTypes(Manager.java:1040)
	at ptolemy.actor.Manager.initialize(Manager.java:710)
	at ptolemy.actor.Manager.execute(Manager.java:356)
	at ptolemy.actor.Manager.run(Manager.java:1263)
	at ptolemy.actor.Manager$PtolemyRunThread.run(Manager.java:1933)
java.lang.RuntimeException: Execution failed
	at ptolemy.moml.MoMLSimpleApplication$UnloadThread.run(MoMLSimpleApplication.java:402)
Caused by: ptolemy.kernel.util.IllegalActionException: SubscriptionAggregatorPorts cannot be used at the top level, use a SubscriptionAggregator actor instead.
  in .PublisherSubscriptionAggregatorPort.SubscriptionAggregatorPort
	at ptolemy.actor.SubscriptionAggregatorPort.preinitialize(SubscriptionAggregatorPort.java:353)
	at ptolemy.actor.CompositeActor.preinitialize(CompositeActor.java:1769)
	at ptolemy.actor.Manager.preinitializeAndResolveTypes(Manager.java:1040)
	at ptolemy.actor.Manager.initialize(Manager.java:710)
	at ptolemy.actor.Manager.execute(Manager.java:356)
	at ptolemy.actor.Manager.run(Manager.java:1263)
	at ptolemy.actor.Manager$PtolemyRunThread.run(Manager.java:1933)
java.lang.reflect.InvocationTargetException
	at java.base/jdk.internal.reflect.NativeConstructorAccessorImpl.newInstance0(Native Method)
	at java.base/jdk.internal.reflect.NativeConstructorAccessorImpl.newInstance(NativeConstructorAccessorImpl.java:62)
	at java.base/jdk.internal.reflect.DelegatingConstructorAccessorImpl.newInstance(DelegatingConstructorAccessorImpl.java:45)
	at java.base/java.lang.reflect.Constructor.newInstance(Constructor.java:490)
	at ptolemy.util.test.junit.AutoKnownFailedTests.RunModel(AutoKnownFailedTests.java:105)
	at java.base/jdk.internal.reflect.NativeMethodAccessorImpl.invoke0(Native Method)
	at java.base/jdk.internal.reflect.NativeMethodAccessorImpl.invoke(NativeMethodAccessorImpl.java:62)
	at java.base/jdk.internal.reflect.DelegatingMethodAccessorImpl.invoke(DelegatingMethodAccessorImpl.java:43)
	at java.base/java.lang.reflect.Method.invoke(Method.java:566)
	at org.junit.runners.model.FrameworkMethod$1.runReflectiveCall(FrameworkMethod.java:44)
	at org.junit.internal.runners.model.ReflectiveCallable.run(ReflectiveCallable.java:15)
	at org.junit.runners.model.FrameworkMethod.invokeExplosively(FrameworkMethod.java:41)
	at junitparams.internal.InvokeParameterisedMethod.evaluate(InvokeParameterisedMethod.java:102)
	at org.junit.internal.runners.statements.FailOnTimeout$1.run(FailOnTimeout.java:28)
Caused by: ptolemy.kernel.util.IllegalActionException: SubscriptionAggregatorPorts cannot be used at the top level, use a SubscriptionAggregator actor instead.
  in .PublisherSubscriptionAggregatorPort.SubscriptionAggregatorPort
	at ptolemy.actor.SubscriptionAggregatorPort.preinitialize(SubscriptionAggregatorPort.java:353)
	at ptolemy.actor.CompositeActor.preinitialize(CompositeActor.java:1769)
	at ptolemy.actor.Manager.preinitializeAndResolveTypes(Manager.java:1040)
	at ptolemy.actor.Manager.initialize(Manager.java:710)
	at ptolemy.actor.Manager.execute(Manager.java:356)
	at ptolemy.actor.Manager.run(Manager.java:1263)
	at ptolemy.actor.Manager$PtolemyRunThread.run(Manager.java:1933)
java.lang.RuntimeException: Execution failed
	at ptolemy.moml.MoMLSimpleApplication$UnloadThread.run(MoMLSimpleApplication.java:402)
Caused by: ptolemy.kernel.util.IllegalActionException: TypeTest actor has no training data.
  in .sizedarray3.TypeTest
	at ptolemy.actor.lib.TypeTest.initialize(TypeTest.java:250)
	at ptolemy.actor.Director.initialize(Director.java:938)
	at ptolemy.actor.Director.initialize(Director.java:907)
	at ptolemy.actor.sched.StaticSchedulingDirector.initialize(StaticSchedulingDirector.java:159)
	at ptolemy.domains.sdf.kernel.SDFDirector.initialize(SDFDirector.java:544)
	at ptolemy.actor.CompositeActor.initialize(CompositeActor.java:935)
	at ptolemy.actor.Manager.initialize(Manager.java:724)
	at ptolemy.actor.Manager.execute(Manager.java:356)
	at ptolemy.actor.Manager.run(Manager.java:1263)
	at ptolemy.actor.Manager$PtolemyRunThread.run(Manager.java:1933)
java.lang.reflect.InvocationTargetException
	at java.base/jdk.internal.reflect.NativeConstructorAccessorImpl.newInstance0(Native Method)
	at java.base/jdk.internal.reflect.NativeConstructorAccessorImpl.newInstance(NativeConstructorAccessorImpl.java:62)
	at java.base/jdk.internal.reflect.DelegatingConstructorAccessorImpl.newInstance(DelegatingConstructorAccessorImpl.java:45)
	at java.base/java.lang.reflect.Constructor.newInstance(Constructor.java:490)
	at ptolemy.util.test.junit.AutoKnownFailedTests.RunModel(AutoKnownFailedTests.java:105)
	at java.base/jdk.internal.reflect.NativeMethodAccessorImpl.invoke0(Native Method)
	at java.base/jdk.internal.reflect.NativeMethodAccessorImpl.invoke(NativeMethodAccessorImpl.java:62)
	at java.base/jdk.internal.reflect.DelegatingMethodAccessorImpl.invoke(DelegatingMethodAccessorImpl.java:43)
	at java.base/java.lang.reflect.Method.invoke(Method.java:566)
	at org.junit.runners.model.FrameworkMethod$1.runReflectiveCall(FrameworkMethod.java:44)
	at org.junit.internal.runners.model.ReflectiveCallable.run(ReflectiveCallable.java:15)
	at org.junit.runners.model.FrameworkMethod.invokeExplosively(FrameworkMethod.java:41)
	at junitparams.internal.InvokeParameterisedMethod.evaluate(InvokeParameterisedMethod.java:102)
	at org.junit.internal.runners.statements.FailOnTimeout$1.run(FailOnTimeout.java:28)
Caused by: ptolemy.kernel.util.IllegalActionException: TypeTest actor has no training data.
  in .sizedarray3.TypeTest
	at ptolemy.actor.lib.TypeTest.initialize(TypeTest.java:250)
	at ptolemy.actor.Director.initialize(Director.java:938)
	at ptolemy.actor.Director.initialize(Director.java:907)
	at ptolemy.actor.sched.StaticSchedulingDirector.initialize(StaticSchedulingDirector.java:159)
	at ptolemy.domains.sdf.kernel.SDFDirector.initialize(SDFDirector.java:544)
	at ptolemy.actor.CompositeActor.initialize(CompositeActor.java:935)
	at ptolemy.actor.Manager.initialize(Manager.java:724)
	at ptolemy.actor.Manager.execute(Manager.java:356)
	at ptolemy.actor.Manager.run(Manager.java:1263)
	at ptolemy.actor.Manager$PtolemyRunThread.run(Manager.java:1933)
]]></system-err>
</testsuite>
