<?xml version="1.0" encoding="UTF-8" ?>
<testsuite errors="0" failures="0" hostname="travis-job-30e90e8e-96a5-45f4-af97-5614261cad7f" name="ptolemy.actor.lib.test.junit.JUnitTclTest" skipped="0" tests="517" time="62.061" timestamp="2020-03-28T13:42:45">
  <properties>
    <property name="npm.executable" value="npm" />
    <property name="env.TRAVIS_ROOT" value="/" />
    <property name="ptII.mk.exists" value="true" />
    <property name="env.TRAVIS_APP_HOST" value="build.travis-ci.org" />
    <property name="env.rvm_bin_path" value="/home/travis/.rvm/bin" />
    <property name="java.home" value="/usr/local/lib/jvm/openjdk11" />
    <property name="env.TRAVIS_JOB_NUMBER" value="1584.8" />
    <property name="env.TRAVIS_HOME" value="/home/travis" />
    <property name="env.DISPLAY" value=":99.0" />
    <property name="env.TRAVIS_INIT" value="systemd" />
    <property name="env.SSH_TTY" value="/dev/pts/0" />
    <property name="java.net.preferIPv4Stack" value="true" />
    <property name="env.RUN_TESTS" value="true" />
    <property name="timeout.short" value="1000000" />
    <property name="junit.formatter" value="xml" />
    <property name="env.TRAVIS_SUDO" value="true" />
    <property name="env.TRAVIS_JOB_NAME" value="" />
    <property name="env.TRAVIS_STACK_NODE_ATTRIBUTES" value="/.node-attributes.yml" />
    <property name="env.LOGNAME" value="travis" />
    <property name="env.PT_TRAVIS_TEST_CORE1_XML" value="true" />
    <property name="jsdoc.home" value="node_modules/@terraswarm/jsdoc" />
    <property name="debuglevel" value="source,lines,vars" />
    <property name="checkstyle.formatter" value="xml" />
    <property name="env._system_version" value="16.04" />
    <property name="bin.vergil.makeable" value="true" />
    <property name="sun.os.patch.level" value="unknown" />
    <property name="java.vendor.url" value="http://java.oracle.com/" />
    <property name="env.TRAVIS_BUILD_WEB_URL" value="https://travis-ci.org/icyphy/ptII/builds/668062007" />
    <property name="java.version" value="11.0.2" />
    <property name="env.TZ" value="UTC" />
    <property name="env.TRAVIS_PULL_REQUEST_SHA" value="" />
    <property name="env.PT_NO_NET" value="true" />
    <property name="env.TRAVIS_SECURE_ENV_VARS" value="true" />
    <property name="env._system_type" value="Linux" />
    <property name="java.vendor.url.bug" value="http://bugreport.java.com/bugreport/" />
    <property name="npmjs-org-is-up" value="true" />
    <property name="env.LANGUAGE" value="en_US.UTF-8" />
    <property name="env.SSH_CLIENT" value="10.44.2.68 47194 22" />
    <property name="env.GEM_HOME" value="/home/travis/.rvm/gems/ruby-2.5.3" />
    <property name="env.HAS_ANTARES_THREE_LITTLE_FRONZIES_BADGE" value="true" />
    <property name="java.version.date" value="2019-01-15" />
    <property name="env.PS4" value="+" />
    <property name="ant.project.invoked-targets" value="build,test.core1.xml" />
    <property name="env.TRAVIS_PULL_REQUEST_BRANCH" value="" />
    <property name="env.TRAVIS_REPO_SLUG" value="icyphy/ptII" />
    <property name="env.XDG_DATA_DIRS" value="/usr/local/share:/usr/share:/var/lib/snapd/desktop" />
    <property name="jdk.debug" value="release" />
    <property name="env.TRAVIS_APT_PROXY" value="http://build-cache.travisci.net" />
    <property name="env.TRAVIS_CPU_ARCH" value="amd64" />
    <property name="node.in.path" value="true" />
    <property name="user.name" value="travis" />
    <property name="java.maxmemory" value="1400m" />
    <property name="env.RUBY_VERSION" value="ruby-2.5.3" />
    <property name="env.LANG" value="en_US.UTF-8" />
    <property name="sun.io.unicode.encoding" value="UnicodeLittle" />
    <property name="sun.jnu.encoding" value="UTF-8" />
    <property name="java.runtime.name" value="OpenJDK Runtime Environment" />
    <property name="usefile" value="false" />
    <property name="return.code" value="0" />
    <property name="junit.single.formatter" value="plain" />
    <property name="env.DYLD_LIBRARY_PATH" value="/home/travis/pthla/certi-tools/lib:" />
    <property name="env.DEBIAN_FRONTEND" value="noninteractive" />
    <property name="env.SSH_CONNECTION" value="10.44.2.68 47194 10.20.0.40 22" />
    <property name="env.MYSQL_UNIX_PORT" value="/var/run/mysqld/mysqld.sock" />
    <property name="env.LC_ALL" value="en_US.UTF-8" />
    <property name="env.TRAVIS_ALLOW_FAILURE" value="" />
    <property name="env.TRAVIS_JOB_WEB_URL" value="https://travis-ci.org/icyphy/ptII/jobs/668062015" />
    <property name="java.specification.name" value="Java Platform API Specification" />
    <property name="node.works" value="true" />
    <property name="user.timezone" value="" />
    <property name="path.separator" value=":" />
    <property name="env.TRAVIS_ENABLE_INFRA_DETECTION" value="true" />
    <property name="env.PYTHON_CFLAGS" value="-g -fstack-protector --param=ssp-buffer-size=4 -Wformat -Werror=format-security" />
    <property name="timeout.long" value="4000000" />
    <property name="env.CERTI_HOME" value="/home/travis/pthla/certi-tools" />
    <property name="ant.file.ptII" value="/home/travis/build/icyphy/ptII/build.xml" />
    <property name="javadoc.packagenames" value="com.*,diva.*,lbnl.*,org.hlacerti.*,org.json.*,org.ptolemy.*,org.terraswarm.*,ptolemy.*,ptserver.*" />
    <property name="file.encoding" value="UTF-8" />
    <property name="env.TRAVIS_PULL_REQUEST_SLUG" value="" />
    <property name="ant.project.default-target" value="build" />
    <property name="env.GIT_ASKPASS" value="echo" />
    <property name="env.HOME" value="/home/travis" />
    <property name="sun.java.command" value="org.apache.tools.ant.taskdefs.optional.junit.JUnitTestRunner ptolemy.actor.lib.test.junit.JUnitTclTest skipNonTests=false filtertrace=true haltOnError=false haltOnFailure=false formatter=org.apache.tools.ant.taskdefs.optional.junit.OutErrSummaryJUnitResultFormatter showoutput=true outputtoformatters=true logfailedtests=true threadid=0 logtestlistenerevents=false formatter=org.apache.tools.ant.taskdefs.optional.junit.XMLJUnitResultFormatter,/home/travis/build/icyphy/ptII/reports/junit/TEST-ptolemy.actor.lib.test.junit.JUnitTclTest.xml crashfile=/home/travis/build/icyphy/ptII/junitvmwatcher1866430271274523568.properties propsfile=/home/travis/build/icyphy/ptII/junit11024760159492603545.properties" />
    <property name="env.COMPOSER_NO_INTERACTION" value="1" />
    <property name="env.MANPATH" value="/home/travis/.nvm/versions/node/v7.10.1/share/man:/home/travis/.rvm/rubies/ruby-2.5.3/share/man:/usr/local/cmake-3.12.4/man:/usr/local/clang-7.0.0/share/man:/usr/local/man:/usr/local/share/man:/usr/share/man:/home/travis/.rvm/man" />
    <property name="env.TRAVIS_TIMER_ID" value="1d212b90" />
    <property name="ant.file" value="/home/travis/build/icyphy/ptII/build.xml" />
    <property name="env.TRAVIS_COMMIT_RANGE" value="3e950cfe0f3c004454147d0a7dfedd7f8d8e77cc...52bfcaaec950ad6b43d11ffdb9cd3f924b0c1f76" />
    <property name="env._system_name" value="Ubuntu" />
    <property name="ptII.classpath.optional.property" value="/home/travis/build/icyphy/ptII/lib/bsh-2.0b4.jar:/home/travis/build/icyphy/ptII/lib/ptCal.jar:/home/travis/build/icyphy/ptII/lib/java_cup.jar:/home/travis/build/icyphy/ptII/lib/saxon8.jar:/home/travis/build/icyphy/ptII/lib/saxon8-dom.jar:/home/travis/build/icyphy/ptII/lib/chic.jar:/home/travis/build/icyphy/ptII/lib/ptcolt.jar:/home/travis/build/icyphy/ptII/vendors/misc/itext/iText.jar:/home/travis/build/icyphy/ptII/lib/g4ltl.jar:/home/travis/build/icyphy/ptII/lib/StructuralCoder.jar:/home/travis/build/icyphy/ptII/lib/jcerti.jar:/home/travis/build/icyphy/ptII/lib/javax.mail.jar:/home/travis/build/icyphy/ptII/vendors/JMF-2.1.1e/lib/jmf.jar:/home/travis/build/icyphy/ptII/lib/jna-4.0.0-variadic.jar:/home/travis/build/icyphy/ptII/vendors/misc/joystick/Joystick.jar:/home/travis/build/icyphy/ptII/lib/ptjacl.jar:/home/travis/build/icyphy/ptII/lib/jsoup-1.8.2.jar:/home/travis/build/icyphy/ptII/lib/junit-4.8.2.jar:/home/travis/build/icyphy/ptII/lib/JUnitParams-0.4.0.jar:/home/travis/build/icyphy/ptII/ptolemy/actor/lib/excel/jxl.jar:/home/travis/build/icyphy/ptII/lib/jython.jar:/home/travis/build/icyphy/ptII/lib/kieler.jar:/home/travis/build/icyphy/ptII/vendors/opencv/share/OpenCV/java/opencv-341.jar:/home/travis/build/icyphy/ptII/lib/oscP5.jar:/home/travis/build/icyphy/ptII/lib/nrjavaserial-3.11.0.devel.jar:/home/travis/build/icyphy/ptII/vendors/j3d/lib/Linux/j3dcore.jar:/home/travis/build/icyphy/ptII/vendors/j3d/lib/Linux/j3dutils.jar:/home/travis/build/icyphy/ptII/vendors/j3d/lib/Linux/vecmath.jar:/home/travis/build/icyphy/ptII/vendors/jogl/lib/Linux/gluegen-rt-natives-linux-amd64.jar:/home/travis/build/icyphy/ptII/vendors/jogl/lib/Linux/gluegen-rt.jar:/home/travis/build/icyphy/ptII/vendors/jogl/lib/Linux/jogl-all-natives-linux-amd64.jar:/home/travis/build/icyphy/ptII/vendors/jogl/lib/Linux/jogl-all.jar:/home/travis/build/icyphy/ptII/ptolemy/distributed/jini/jar/jini-core.jar:/home/travis/build/icyphy/ptII/ptolemy/distributed/jini/jar/jini-ext.jar:/home/travis/build/icyphy/ptII/ptolemy/distributed/jini/jar/sun-util.jar:/home/travis/build/icyphy/ptII/lib/protobuf-java-2.4.1.jar:/home/travis/build/icyphy/ptII/lib/org.eclipse.paho.client.mqttv3.jar:/home/travis/build/icyphy/ptII/lib/mapss.jar:/home/travis/build/icyphy/ptII/ptolemy/actor/ptalon/antlr/antlr.jar:/home/travis/build/icyphy/ptII/lib/JRI.jar:/home/travis/build/icyphy/ptII/lib/commons-lang-2.6.jar:/home/travis/build/icyphy/ptII/lib/commons-logging-1.1.1.jar:/home/travis/build/icyphy/ptII/lib/sootclasses.jar:/home/travis/build/icyphy/ptII/ptolemy/actor/lib/database/mysql-connector-java-5.1.6-bin.jar:/home/travis/build/icyphy/ptII/vendors/misc/sphinx4/sphinx4-data-5prealpha.jar:/home/travis/build/icyphy/ptII/vendors/misc/sphinx4/sphinx4-core-5prealpha.jar:/home/travis/build/icyphy/ptII/lib/PDFRenderer.jar:/home/travis/build/icyphy/ptII/lib/svgSalamander.jar:/home/travis/build/icyphy/ptII/lib/rsyntaxtextarea-2.6.0-SNAPSHOT.jar:/home/travis/build/icyphy/ptII/lib/hazelcast-3.8.2.jar:/home/travis/build/icyphy/ptII/lib/jackson-annotations-2.9.0.jar:/home/travis/build/icyphy/ptII/lib/jackson-core-2.9.3.jar:/home/travis/build/icyphy/ptII/lib/jackson-databind-2.9.3.jar:/home/travis/build/icyphy/ptII/lib/netty-buffer-4.1.19.Final.jar:/home/travis/build/icyphy/ptII/lib/netty-codec-4.1.19.Final.jar:/home/travis/build/icyphy/ptII/lib/netty-codec-dns-4.1.19.Final.jar:/home/travis/build/icyphy/ptII/lib/netty-codec-http-4.1.19.Final.jar:/home/travis/build/icyphy/ptII/lib/netty-codec-http2-4.1.19.Final.jar:/home/travis/build/icyphy/ptII/lib/netty-common-4.1.19.Final.jar:/home/travis/build/icyphy/ptII/lib/netty-handler-4.1.19.Final.jar:/home/travis/build/icyphy/ptII/lib/netty-resolver-4.1.19.Final.jar:/home/travis/build/icyphy/ptII/lib/netty-resolver-dns-4.1.19.Final.jar:/home/travis/build/icyphy/ptII/lib/netty-transport-4.1.19.Final.jar:/home/travis/build/icyphy/ptII/lib/vertx-codegen-3.5.1.jar:/home/travis/build/icyphy/ptII/lib/vertx-core-3.5.2-SNAPSHOT.jar:/home/travis/build/icyphy/ptII/lib/vertx-hazelcast-3.5.1.jar:/home/travis/build/icyphy/ptII/lib/vertx-lang-js-3.5.1.jar:/home/travis/build/icyphy/ptII/lib/vertx-service-proxy-3.5.1.jar:/home/travis/build/icyphy/ptII/lib/vertx-web-3.5.1.jar:/home/travis/build/icyphy/ptII/lib/slf4j-api-1.7.13.jar:/home/travis/build/icyphy/ptII/lib/slf4j-simple-1.7.13.jar:/home/travis/build/icyphy/ptII/lib/webcam-capture-0.3.12.jar:/home/travis/build/icyphy/ptII/lib/bridj-0.7.0.jar:/home/travis/build/icyphy/ptII/lib/xbjlib-1.1.0.nrjavaserial.jar" />
    <property name="timeout" value="2400000" />
    <property name="test.batch" value="**/junit/*.java" />
    <property name="env._" value="/usr/bin/timeout" />
    <property name="java.io.tmpdir" value="/tmp" />
    <property name="user.language" value="en" />
    <property name="env.TRAVIS_INTERNAL_RUBY_REGEX" value="^ruby-(2\.[0-4]\.[0-9]|1\.9\.3)" />
    <property name="env.HISTCONTROL" value="ignoredups:ignorespace" />
    <property name="env.GOROOT" value="/home/travis/.gimme/versions/go1.11.1.linux.amd64" />
    <property name="line.separator" value="&#xa;" />
    <property name="target" value="11" />
    <property name="env.TRAVIS_BUILD_DIR" value="/home/travis/build/icyphy/ptII" />
    <property name="env.ANT_OPTS" value="-Xmx2048m" />
    <property name="ant.file.type" value="file" />
    <property name="ptolemy.ptII.batchMode" value="true" />
    <property name="env.HISTSIZE" value="1000" />
    <property name="env.MERB_ENV" value="test" />
    <property name="java.vm.info" value="mixed mode" />
    <property name="source" value="11" />
    <property name="java.vm.specification.name" value="Java Virtual Machine Specification" />
    <property name="env.TRAVIS_TEST_RESULT" value="0" />
    <property name="jsdoc.command" value="node_modules/@terraswarm/jsdoc/jsdoc.js" />
    <property name="npm.works" value="true" />
    <property name="cobertura.dir" value="/home/travis/build/icyphy/ptII/vendors/cobertura-2.0.3" />
    <property name="jsdoc.command.exists" value="true" />
    <property name="env.rvm_path" value="/home/travis/.rvm" />
    <property name="env.GEM_PATH" value="/home/travis/.rvm/gems/ruby-2.5.3:/home/travis/.rvm/gems/ruby-2.5.3@global" />
    <property name="env.LC_CTYPE" value="en_US.UTF-8" />
    <property name="env.TRAVIS_CMD" value="$PTII/bin/ptIITravisBuild.sh $SECONDS" />
    <property name="java.awt.printerjob" value="sun.print.PSPrinterJob" />
    <property name="env.TRAVIS_STACK_NAME" value="sardonyx" />
    <property name="env.TRAVIS_TIMER_START_TIME" value="1585402314581403904" />
    <property name="ant.version" value="Apache Ant(TM) version 1.10.1 compiled on February 2 2017" />
    <property name="ptII.reports" value="/home/travis/build/icyphy/ptII/reports" />
    <property name="env.TRAVIS_STACK_TIMESTAMP" value="2019-03-25 16:16:56 UTC" />
    <property name="ant.file.type.ptII" value="file" />
    <property name="env.RBENV_SHELL" value="bash" />
    <property name="os.name" value="Linux" />
    <property name="java.specification.vendor" value="Oracle Corporation" />
    <property name="env.rvm_version" value="1.29.7 (latest)" />
    <property name="env.TRAVIS_INFRA" value="unknown" />
    <property name="env.TERM" value="xterm" />
    <property name="java.vm.name" value="OpenJDK 64-Bit Server VM" />
    <property name="env.TRAVIS_BUILD_NUMBER" value="1584" />
    <property name="env.CI" value="true" />
    <property name="java.library.path" value="/home/travis/pthla/certi-tools/lib:/usr/lib/jni:/usr/local/share/OpenCV/java/:/usr/share/OpenCV/java::/usr/java/packages/lib:/usr/lib64:/lib64:/lib:/usr/lib" />
    <property name="jdk.module.path" value="/home/travis/build/icyphy/ptII/vendors/javafx/javafx-sdk-11.0.2/lib:" />
    <property name="env.rvm_prefix" value="/home/travis" />
    <property name="env.PATH" value="/home/travis/pthla/certi-tools/share/scripts:/home/travis/.rvm/gems/ruby-2.5.3/bin:/home/travis/.rvm/gems/ruby-2.5.3@global/bin:/home/travis/.rvm/rubies/ruby-2.5.3/bin:/home/travis/.rvm/bin:/home/travis/.nvm/versions/node/v7.10.1/bin:./node_modules/.bin:/home/travis/build/icyphy/ptII/bin:/home/travis/pthla/certi-tools/bin:/home/travis/bin:/home/travis/.local/bin:/usr/local/lib/jvm/openjdk11/bin:/opt/pyenv/shims:/home/travis/.phpenv/shims:/home/travis/perl5/perlbrew/bin:/home/travis/gopath/bin:/home/travis/.gimme/versions/go1.11.1.linux.amd64/bin:/usr/local/maven-3.6.0/bin:/usr/local/cmake-3.12.4/bin:/usr/local/clang-7.0.0/bin:/usr/local/sbin:/usr/local/bin:/usr/sbin:/usr/bin:/sbin:/bin:/snap/bin:/home/travis/.phpenv/bin:/opt/pyenv/bin:/home/travis/.yarn/bin" />
    <property name="env.TRAVIS_OS_NAME" value="linux" />
    <property name="ant.java.version" value="9" />
    <property name="basedir" value="/home/travis/build/icyphy/ptII" />
    <property name="java.class.version" value="55.0" />
    <property name="env.SHLVL" value="3" />
    <property name="env.LD_LIBRARY_PATH" value="/home/travis/pthla/certi-tools/lib:/usr/lib/jni:/usr/local/share/OpenCV/java/:/usr/share/OpenCV/java:" />
    <property name="env.RACK_ENV" value="test" />
    <property name="ant.home" value="/home/travis/build/icyphy/ptII/ant" />
    <property name="env.NVM_DIR" value="/home/travis/.nvm" />
    <property name="env.CERTI_FOM_PATH" value="/home/travis/pthla/certi-tools/share/federations" />
    <property name="env.TRAVIS_BUILD_ID" value="668062007" />
    <property name="env.PYENV_ROOT" value="/opt/pyenv" />
    <property name="env.TRAVIS_UID" value="2000" />
    <property name="prism.verbose" value="true" />
    <property name="env.NVM_BIN" value="/home/travis/.nvm/versions/node/v7.10.1/bin" />
    <property name="env.TRAVIS_COMMIT" value="52bfcaaec950ad6b43d11ffdb9cd3f924b0c1f76" />
    <property name="env._system_arch" value="x86_64" />
    <property name="node.executable" value="node" />
    <property name="sun.boot.library.path" value="/usr/local/lib/jvm/openjdk11/lib" />
    <property name="sun.management.compiler" value="HotSpot 64-Bit Tiered Compilers" />
    <property name="java.awt.graphicsenv" value="sun.awt.X11GraphicsEnvironment" />
    <property name="env.GOPATH" value="/home/travis/gopath" />
    <property name="ptolemy.ptII.dir" value="/home/travis/build/icyphy/ptII" />
    <property name="env.USER" value="travis" />
    <property name="env.HISTFILESIZE" value="2000" />
    <property name="env.NVM_INC" value="/home/travis/.nvm/versions/node/v7.10.1/include/node" />
    <property name="timeout.longest" value="19000000" />
    <property name="env.PERLBREW_SHELLRC_VERSION" value="0.86" />
    <property name="env.TRAVIS_STACK_FEATURES" value="basic couchdb disabled-ipv6 docker docker-compose elasticsearch firefox go-toolchain google-chrome jdk memcached mongodb mysql nodejs_interpreter perl_interpreter perlbrew phantomjs postgresql python_interpreter redis ruby_interpreter sqlite xserver" />
    <property name="env.TRAVIS_PULL_REQUEST" value="false" />
    <property name="env.PYENV_SHELL" value="bash" />
    <property name="ant.project.name" value="ptII" />
    <property name="env.ANSI_RESET" value="\033[0m" />
    <property name="java.vm.specification.version" value="11" />
    <property name="env.TRAVIS_DIST" value="xenial" />
    <property name="env.CERTI_VERSION" value="4.0.0" />
    <property name="env.CERTI_HOST" value="localhost" />
    <property name="awt.toolkit" value="sun.awt.X11.XToolkit" />
    <property name="env.MY_RUBY_HOME" value="/home/travis/.rvm/rubies/ruby-2.5.3" />
    <property name="sun.cpu.isalist" value="" />
    <property name="env.TRAVIS_TMPDIR" value="/tmp/tmp.O3rxw5eUyw" />
    <property name="java.vm.compressedOopsMode" value="Zero based" />
    <property name="os.version" value="4.15.0-1028-gcp" />
    <property name="user.home" value="/home/travis" />
    <property name="java.vm.vendor" value="Oracle Corporation" />
    <property name="env.TRAVIS_TAG" value="nightly" />
    <property name="env.ANSI_YELLOW" value="\033[33;1m" />
    <property name="env.TRAVIS_FILTERED" value="redirect_io" />
    <property name="env.ANSI_GREEN" value="\033[32;1m" />
    <property name="env.JAVA_HOME" value="/usr/local/lib/jvm/openjdk11" />
    <property name="javadoc.excludepackagenames" value="adm.cvs2svn.*,build.*,config.*,doc.coding.templates.*,jni.test.jni.meaningOfLife.*,jni.test.jni.testDeux.*,jni.test.jni.testTrois.*,org.terraswarm.accessor.accessors.web.node_modules.*,org.terraswarm.accessor.accessors.web.hosts.cordova.demo.*,org.terraswarm.accessor.accessors.web.hosts.cordova.plugins.*,org.terraswarm.accessor.accessors-svn.*,pt-modules.*,ptolemy.apps.agilent.*,ptolemy.apps.anytimecontrol.*,ptolemy.apps.apes.*,ptolemy.apps.charon.*,ptolemy.apps.crazyboard.*,ptolemy.apps.eclipse.*,ptolemy.apps.etherealSting.*,ptolemy.apps.fullscreen.*,ptolemy.apps.giotto.*,ptolemy.apps.ia.*,ptolemy.apps.interfaces.*,ptolemy.apps.jmf.*,ptolemy.apps.kurt.*,ptolemy.apps.kvm.*,ptolemy.apps.lego.*,ptolemy.apps.lejos.*,ptolemy.apps.midp.*,ptolemy.apps.mobileCoding.*,ptolemy.apps.pendulum.*,ptolemy.apps.rijndael.*,ptolemy.apps.robot.*,ptolemy.apps.security.*,ptolemy.apps.sobel.*,ptolemy.apps.soot.*,ptolemy.apps.throttle.*,ptolemy.apps.tini.*,ptolemy.apps.transmission.*,ptolemy.apps.vergil.*,ptolemy.apps.waba.*,ptolemy.apps.websensor.*,ptolemy.apps.webstart.*,ptolemy.apps.xsl.*,ptolemy.apps.zaurus.*,ptolemy.codegen.c.actor.lib.oldJavaFiles.*,ptolemy.codegen.dsp.lib.*,ptolemy.codegen.kernel.newInterfaces.*,ptolemy.codegen.lib.*,ptolemy.copernicus.kernel.fragment.*,ptolemy.copernicus.shallow.cg.*,ptolemy.domains.giotto.demo.Hierarchy.Hierarchy.*,ptolemy.domains.giotto.demo.Multimode.Multimode.*,ptolemy.domains.giotto.demo.Simple.Simple.*,ptolemy.domains.gr.lib.experimental.*,ptolemy.domains.gro.*,ptolemy.domains.pdf.*,ptolemy.domains.ptinyos.demo.Surge.output.*,ptolemy.moml.test.NoPackageActor.java*,ptolemy.plot.adm.*,ptolemy.plot.servlet.*,reports.*,signed.*,src.*,target.*,vendors.*,ptolemy.copernicus.applet.*,ptolemy.media.viewer.*,ptolemy.actor.corba.*,doc.doclets.*,ptolemy.apps.eclipse.awt.*,ptolemy.backtrack.*,ptolemy.backtrack.ast.*,ptolemy.cg.adapter.generic.program.procedural.c.mbed*,ptolemy.homer.*,ptolemy.actor.lib.jai.*,org.ptolemy.scala.*,diva.util.java2d.svg.*,ptolemy.domains.ptinyos.*,ptolemy.actor.lib.fmi.fmipp.*,,org.terraswarm.accessor.accessors.web.node_modules.*,org.terraswarm.accessor.accessors-svn,ptolemy.apps.*,ptolemy.actor.ptalon.demo.ptinyos.SendAndReceiveCnt.output,ptolemy.actor.ptalon.demo.ptinyos.SenseToLeds.output,ptolemy.domains.ptinyos.demo.CntToLedsAndRfm.output,ptolemy.domains.ptinyos.demo.RfmToLeds.output,ptolemy.domains.ptinyos.demo.SendAndReceiveCnt.output,ptolemy.domains.ptinyos.demo.SenseToLeds.output,ptolemy.actor.lib.jjs.modules.udpSocket.*" />
    <property name="env.PTII" value="/home/travis/build/icyphy/ptII" />
    <property name="env.XDG_SESSION_ID" value="2" />
    <property name="keystore" value="ptKeystore" />
    <property name="env.TRAVIS_COMMIT_MESSAGE" value="Updating models using array data type." />
    <property name="junit.output.dir" value="/home/travis/build/icyphy/ptII/reports/junit" />
    <property name="npm.return.code" value="0" />
    <property name="user.dir" value="/home/travis/build/icyphy/ptII/ptolemy/actor/lib/test" />
    <property name="env.TRAVIS_NODE_VERSION" value="7" />
    <property name="env.TRAVIS_EVENT_TYPE" value="cron" />
    <property name="env.MAIL" value="/var/mail/travis" />
    <property name="env.PERLBREW_ROOT" value="/home/travis/perl5/perlbrew" />
    <property name="env.PWD" value="/home/travis/build/icyphy/ptII" />
    <property name="timeout.npm" value="45000" />
    <property name="env.TRAVIS_ARCH" value="amd64" />
    <property name="sun.cpu.endian" value="little" />
    <property name="env.PAGER" value="cat" />
    <property name="env.TRAVIS_BUILD_STAGE_NAME" value="test" />
    <property name="env.PERLBREW_HOME" value="/home/travis/.perlbrew" />
    <property name="java.vm.version" value="11.0.2+9" />
    <property name="env.RAILS_ENV" value="test" />
    <property name="java.class.path" value="/home/travis/.ptolemyII:/home/travis/.ptolemyII/*:/home/travis/build/icyphy/ptII:/home/travis/build/icyphy/ptII/lib/bsh-2.0b4.jar:/home/travis/build/icyphy/ptII/lib/ptCal.jar:/home/travis/build/icyphy/ptII/lib/java_cup.jar:/home/travis/build/icyphy/ptII/lib/saxon8.jar:/home/travis/build/icyphy/ptII/lib/saxon8-dom.jar:/home/travis/build/icyphy/ptII/lib/chic.jar:/home/travis/build/icyphy/ptII/lib/ptcolt.jar:/home/travis/build/icyphy/ptII/vendors/misc/itext/iText.jar:/home/travis/build/icyphy/ptII/lib/g4ltl.jar:/home/travis/build/icyphy/ptII/lib/StructuralCoder.jar:/home/travis/build/icyphy/ptII/lib/jcerti.jar:/home/travis/build/icyphy/ptII/lib/javax.mail.jar:/home/travis/build/icyphy/ptII/vendors/JMF-2.1.1e/lib/jmf.jar:/home/travis/build/icyphy/ptII/lib/jna-4.0.0-variadic.jar:/home/travis/build/icyphy/ptII/vendors/misc/joystick/Joystick.jar:/home/travis/build/icyphy/ptII/lib/ptjacl.jar:/home/travis/build/icyphy/ptII/lib/jsoup-1.8.2.jar:/home/travis/build/icyphy/ptII/lib/junit-4.8.2.jar:/home/travis/build/icyphy/ptII/lib/JUnitParams-0.4.0.jar:/home/travis/build/icyphy/ptII/ptolemy/actor/lib/excel/jxl.jar:/home/travis/build/icyphy/ptII/lib/jython.jar:/home/travis/build/icyphy/ptII/lib/kieler.jar:/home/travis/build/icyphy/ptII/vendors/opencv/share/OpenCV/java/opencv-341.jar:/home/travis/build/icyphy/ptII/lib/oscP5.jar:/home/travis/build/icyphy/ptII/lib/nrjavaserial-3.11.0.devel.jar:/home/travis/build/icyphy/ptII/vendors/j3d/lib/Linux/j3dcore.jar:/home/travis/build/icyphy/ptII/vendors/j3d/lib/Linux/j3dutils.jar:/home/travis/build/icyphy/ptII/vendors/j3d/lib/Linux/vecmath.jar:/home/travis/build/icyphy/ptII/vendors/jogl/lib/Linux/gluegen-rt-natives-linux-amd64.jar:/home/travis/build/icyphy/ptII/vendors/jogl/lib/Linux/gluegen-rt.jar:/home/travis/build/icyphy/ptII/vendors/jogl/lib/Linux/jogl-all-natives-linux-amd64.jar:/home/travis/build/icyphy/ptII/vendors/jogl/lib/Linux/jogl-all.jar:/home/travis/build/icyphy/ptII/ptolemy/distributed/jini/jar/jini-core.jar:/home/travis/build/icyphy/ptII/ptolemy/distributed/jini/jar/jini-ext.jar:/home/travis/build/icyphy/ptII/ptolemy/distributed/jini/jar/sun-util.jar:/home/travis/build/icyphy/ptII/lib/protobuf-java-2.4.1.jar:/home/travis/build/icyphy/ptII/lib/org.eclipse.paho.client.mqttv3.jar:/home/travis/build/icyphy/ptII/lib/mapss.jar:/home/travis/build/icyphy/ptII/ptolemy/actor/ptalon/antlr/antlr.jar:/home/travis/build/icyphy/ptII/lib/JRI.jar:/home/travis/build/icyphy/ptII/lib/commons-lang-2.6.jar:/home/travis/build/icyphy/ptII/lib/commons-logging-1.1.1.jar:/home/travis/build/icyphy/ptII/lib/sootclasses.jar:/home/travis/build/icyphy/ptII/ptolemy/actor/lib/database/mysql-connector-java-5.1.6-bin.jar:/home/travis/build/icyphy/ptII/vendors/misc/sphinx4/sphinx4-data-5prealpha.jar:/home/travis/build/icyphy/ptII/vendors/misc/sphinx4/sphinx4-core-5prealpha.jar:/home/travis/build/icyphy/ptII/lib/PDFRenderer.jar:/home/travis/build/icyphy/ptII/lib/svgSalamander.jar:/home/travis/build/icyphy/ptII/lib/rsyntaxtextarea-2.6.0-SNAPSHOT.jar:/home/travis/build/icyphy/ptII/lib/hazelcast-3.8.2.jar:/home/travis/build/icyphy/ptII/lib/jackson-annotations-2.9.0.jar:/home/travis/build/icyphy/ptII/lib/jackson-core-2.9.3.jar:/home/travis/build/icyphy/ptII/lib/jackson-databind-2.9.3.jar:/home/travis/build/icyphy/ptII/lib/netty-buffer-4.1.19.Final.jar:/home/travis/build/icyphy/ptII/lib/netty-codec-4.1.19.Final.jar:/home/travis/build/icyphy/ptII/lib/netty-codec-dns-4.1.19.Final.jar:/home/travis/build/icyphy/ptII/lib/netty-codec-http-4.1.19.Final.jar:/home/travis/build/icyphy/ptII/lib/netty-codec-http2-4.1.19.Final.jar:/home/travis/build/icyphy/ptII/lib/netty-common-4.1.19.Final.jar:/home/travis/build/icyphy/ptII/lib/netty-handler-4.1.19.Final.jar:/home/travis/build/icyphy/ptII/lib/netty-resolver-4.1.19.Final.jar:/home/travis/build/icyphy/ptII/lib/netty-resolver-dns-4.1.19.Final.jar:/home/travis/build/icyphy/ptII/lib/netty-transport-4.1.19.Final.jar:/home/travis/build/icyphy/ptII/lib/vertx-codegen-3.5.1.jar:/home/travis/build/icyphy/ptII/lib/vertx-core-3.5.2-SNAPSHOT.jar:/home/travis/build/icyphy/ptII/lib/vertx-hazelcast-3.5.1.jar:/home/travis/build/icyphy/ptII/lib/vertx-lang-js-3.5.1.jar:/home/travis/build/icyphy/ptII/lib/vertx-service-proxy-3.5.1.jar:/home/travis/build/icyphy/ptII/lib/vertx-web-3.5.1.jar:/home/travis/build/icyphy/ptII/lib/slf4j-api-1.7.13.jar:/home/travis/build/icyphy/ptII/lib/slf4j-simple-1.7.13.jar:/home/travis/build/icyphy/ptII/lib/webcam-capture-0.3.12.jar:/home/travis/build/icyphy/ptII/lib/bridj-0.7.0.jar:/home/travis/build/icyphy/ptII/lib/xbjlib-1.1.0.nrjavaserial.jar:/home/travis/build/icyphy/ptII/ptolemy/moml/test:/home/travis/build/icyphy/ptII/ant/lib/ant-launcher.jar:/home/travis/build/icyphy/ptII/ant/lib/ant.jar:/home/travis/build/icyphy/ptII/ant/lib/ant-junit.jar:/home/travis/build/icyphy/ptII/ant/lib/ant-junit4.jar" />
    <property name="ant.library.dir" value="/home/travis/build/icyphy/ptII/ant/lib" />
    <property name="os.arch" value="amd64" />
    <property name="env.CONTINUOUS_INTEGRATION" value="true" />
    <property name="env.TRAVIS_LANGUAGE" value="node_js" />
    <property name="env.TRAVIS_STACK_LANGUAGES" value="__sardonyx__ c c++ clojure cplusplus cpp default generic go groovy java node_js php pure_java python ruby scala" />
    <property name="test.name" value="ptolemy.actor.lib.test.junit.JUnitTclTest" />
    <property name="env.APT_KEY_DONT_WARN_ON_DANGEROUS_USAGE" value="1" />
    <property name="sun.java.launcher" value="SUN_STANDARD" />
    <property name="env.PYTHON_CONFIGURE_OPTS" value="--enable-unicode=ucs4 --with-wide-unicode --enable-shared --enable-ipv6 --enable-loadable-sqlite-extensions --with-computed-gotos" />
    <property name="ant.core.lib" value="/home/travis/build/icyphy/ptII/ant/lib/ant.jar" />
    <property name="java.vm.specification.vendor" value="Oracle Corporation" />
    <property name="env.BCVTB_HOME" value="/home/travis/build/icyphy/ptII/lbnl" />
    <property name="file.separator" value="/" />
    <property name="spotbugs.home" value="/home/travis/build/icyphy/ptII/vendors/spotbugs-3.1.1" />
    <property name="java.runtime.version" value="11.0.2+9" />
    <property name="env.ANSI_CLEAR" value="\033[0K" />
    <property name="javafx.verbose" value="true" />
    <property name="env.HAS_JOSH_K_SEAL_OF_APPROVAL" value="true" />
    <property name="env.XDG_RUNTIME_DIR" value="/run/user/2000" />
    <property name="env.TRAVIS_OSX_IMAGE" value="" />
    <property name="env.TRAVIS_JOB_ID" value="668062015" />
    <property name="env.TRAVIS_BRANCH" value="master" />
    <property name="user.country" value="US" />
    <property name="env.CERTI_HOME_TRAVIS" value="/home/travis/pthla/certi-tools" />
    <property name="env.SHELL" value="/bin/bash" />
    <property name="java.maxmemory.large" value="3200m" />
    <property name="model" value="" />
    <property name="env.CASHER_DIR" value="/home/travis/.casher" />
    <property name="env.NVM_CD_FLAGS" value="" />
    <property name="java.vendor.version" value="18.9" />
    <property name="jshint.executable" value="/home/travis/node_modules/jshint/bin/jshint" />
    <property name="env.JRUBY_OPTS" value=" --client -J-XX:+TieredCompilation -J-XX:TieredStopAtLevel=1 -J-Xss2m -Xcompile.invokedynamic=false" />
    <property name="java.vendor" value="Oracle Corporation" />
    <property name="env.TRAVIS_PRE_CHEF_BOOTSTRAP_TIME" value="2019-03-25T16:16:42" />
    <property name="env.TRAVIS_STACK_JOB_BOARD_REGISTER" value="/.job-board-register.yml" />
    <property name="env.ANSI_RED" value="\033[31;1m" />
    <property name="java.specification.version" value="11" />
    <property name="env.IRBRC" value="/home/travis/.rvm/rubies/ruby-2.5.3/.irbrc" />
    <property name="env.TRAVIS" value="true" />
    <property name="sun.arch.data.model" value="64" />
  </properties>
  <testcase classname="ptolemy.util.test.junit.TclTests" name="[0] /home/travis/build/icyphy/ptII/ptolemy/actor/lib/test/AbsoluteValue.tcl (RunTclFile)" time="0.569" />
  <testcase classname="ptolemy.util.test.junit.TclTests" name="[1] /home/travis/build/icyphy/ptII/ptolemy/actor/lib/test/AddSubtract.tcl (RunTclFile)" time="0.146" />
  <testcase classname="ptolemy.util.test.junit.TclTests" name="[2] /home/travis/build/icyphy/ptII/ptolemy/actor/lib/test/Average.tcl (RunTclFile)" time="0.062" />
  <testcase classname="ptolemy.util.test.junit.TclTests" name="[3] /home/travis/build/icyphy/ptII/ptolemy/actor/lib/test/Bernoulli.tcl (RunTclFile)" time="0.028" />
  <testcase classname="ptolemy.util.test.junit.TclTests" name="[4] /home/travis/build/icyphy/ptII/ptolemy/actor/lib/test/Clock.tcl (RunTclFile)" time="0.105" />
  <testcase classname="ptolemy.util.test.junit.TclTests" name="[5] /home/travis/build/icyphy/ptII/ptolemy/actor/lib/test/Commutator.tcl (RunTclFile)" time="0.194" />
  <testcase classname="ptolemy.util.test.junit.TclTests" name="[6] /home/travis/build/icyphy/ptII/ptolemy/actor/lib/test/Const.tcl (RunTclFile)" time="0.194" />
  <testcase classname="ptolemy.util.test.junit.TclTests" name="[7] /home/travis/build/icyphy/ptII/ptolemy/actor/lib/test/CurrentTime.tcl (RunTclFile)" time="0.041" />
  <testcase classname="ptolemy.util.test.junit.TclTests" name="[8] /home/travis/build/icyphy/ptII/ptolemy/actor/lib/test/DB.tcl (RunTclFile)" time="0.033" />
  <testcase classname="ptolemy.util.test.junit.TclTests" name="[9] /home/travis/build/icyphy/ptII/ptolemy/actor/lib/test/DiscreteRandomSource.tcl (RunTclFile)" time="0.038" />
  <testcase classname="ptolemy.util.test.junit.TclTests" name="[10] /home/travis/build/icyphy/ptII/ptolemy/actor/lib/test/Distributor.tcl (RunTclFile)" time="0.086" />
  <testcase classname="ptolemy.util.test.junit.TclTests" name="[11] /home/travis/build/icyphy/ptII/ptolemy/actor/lib/test/Exit.tcl (RunTclFile)" time="0.096" />
  <testcase classname="ptolemy.util.test.junit.TclTests" name="[12] /home/travis/build/icyphy/ptII/ptolemy/actor/lib/test/Expression.tcl (RunTclFile)" time="0.11" />
  <testcase classname="ptolemy.util.test.junit.TclTests" name="[13] /home/travis/build/icyphy/ptII/ptolemy/actor/lib/test/Gaussian.tcl (RunTclFile)" time="0.094" />
  <testcase classname="ptolemy.util.test.junit.TclTests" name="[14] /home/travis/build/icyphy/ptII/ptolemy/actor/lib/test/IIR.tcl (RunTclFile)" time="0.054" />
  <testcase classname="ptolemy.util.test.junit.TclTests" name="[15] /home/travis/build/icyphy/ptII/ptolemy/actor/lib/test/Interpolator.tcl (RunTclFile)" time="0.133" />
  <testcase classname="ptolemy.util.test.junit.TclTests" name="[16] /home/travis/build/icyphy/ptII/ptolemy/actor/lib/test/MathFunction.tcl (RunTclFile)" time="0.101" />
  <testcase classname="ptolemy.util.test.junit.TclTests" name="[17] /home/travis/build/icyphy/ptII/ptolemy/actor/lib/test/Maximum.tcl (RunTclFile)" time="0.031" />
  <testcase classname="ptolemy.util.test.junit.TclTests" name="[18] /home/travis/build/icyphy/ptII/ptolemy/actor/lib/test/Minimum.tcl (RunTclFile)" time="0.03" />
  <testcase classname="ptolemy.util.test.junit.TclTests" name="[19] /home/travis/build/icyphy/ptII/ptolemy/actor/lib/test/MultiplyDivide.tcl (RunTclFile)" time="0.02" />
  <testcase classname="ptolemy.util.test.junit.TclTests" name="[20] /home/travis/build/icyphy/ptII/ptolemy/actor/lib/test/OrderedMerge.tcl (RunTclFile)" time="0.148" />
  <testcase classname="ptolemy.util.test.junit.TclTests" name="[21] /home/travis/build/icyphy/ptII/ptolemy/actor/lib/test/Publisher.tcl (RunTclFile)" time="0.809" />
  <testcase classname="ptolemy.util.test.junit.TclTests" name="[22] /home/travis/build/icyphy/ptII/ptolemy/actor/lib/test/Pulse.tcl (RunTclFile)" time="0.033" />
  <testcase classname="ptolemy.util.test.junit.TclTests" name="[23] /home/travis/build/icyphy/ptII/ptolemy/actor/lib/test/Ramp.tcl (RunTclFile)" time="2.199" />
  <testcase classname="ptolemy.util.test.junit.TclTests" name="[24] /home/travis/build/icyphy/ptII/ptolemy/actor/lib/test/RampContinuous.tcl (RunTclFile)" time="0.017" />
  <testcase classname="ptolemy.util.test.junit.TclTests" name="[25] /home/travis/build/icyphy/ptII/ptolemy/actor/lib/test/RecordAssembler.tcl (RunTclFile)" time="0.014" />
  <testcase classname="ptolemy.util.test.junit.TclTests" name="[26] /home/travis/build/icyphy/ptII/ptolemy/actor/lib/test/RecordDisassembler.tcl (RunTclFile)" time="0.028" />
  <testcase classname="ptolemy.util.test.junit.TclTests" name="[27] /home/travis/build/icyphy/ptII/ptolemy/actor/lib/test/Scale.tcl (RunTclFile)" time="0.022" />
  <testcase classname="ptolemy.util.test.junit.TclTests" name="[28] /home/travis/build/icyphy/ptII/ptolemy/actor/lib/test/SequentialClock.tcl (RunTclFile)" time="0.013" />
  <testcase classname="ptolemy.util.test.junit.TclTests" name="[29] /home/travis/build/icyphy/ptII/ptolemy/actor/lib/test/SetVariable.tcl (RunTclFile)" time="0.016" />
  <testcase classname="ptolemy.util.test.junit.TclTests" name="[30] /home/travis/build/icyphy/ptII/ptolemy/actor/lib/test/Sinewave.tcl (RunTclFile)" time="0.045" />
  <testcase classname="ptolemy.util.test.junit.TclTests" name="[31] /home/travis/build/icyphy/ptII/ptolemy/actor/lib/test/SubscriptionAggregator.tcl (RunTclFile)" time="2.314" />
  <testcase classname="ptolemy.util.test.junit.TclTests" name="[32] /home/travis/build/icyphy/ptII/ptolemy/actor/lib/test/Test.tcl (RunTclFile)" time="0.103" />
  <testcase classname="ptolemy.util.test.junit.TclTests" name="[33] /home/travis/build/icyphy/ptII/ptolemy/actor/lib/test/TestExceptionHandler.tcl (RunTclFile)" time="0.013" />
  <testcase classname="ptolemy.util.test.junit.TclTests" name="[34] /home/travis/build/icyphy/ptII/ptolemy/actor/lib/test/UnionDisassembler.tcl (RunTclFile)" time="0.055" />
  <testcase classname="ptolemy.util.test.junit.TclTests" name="[35] /home/travis/build/icyphy/ptII/ptolemy/actor/lib/test/VariableClock.tcl (RunTclFile)" time="0.02" />
  <testcase classname="ptolemy.util.test.junit.AutoKnownFailedTests" name="[0] /home/travis/build/icyphy/ptII/ptolemy/actor/lib/test/auto/knownFailedTests/PublisherPortToplevelSubscriber.xml (RunModel)" time="0.031" />
  <testcase classname="ptolemy.util.test.junit.AutoKnownFailedTests" name="[1] /home/travis/build/icyphy/ptII/ptolemy/actor/lib/test/auto/knownFailedTests/PublisherSubscriberPortToplevel.xml (RunModel)" time="0.025" />
  <testcase classname="ptolemy.util.test.junit.AutoKnownFailedTests" name="[2] /home/travis/build/icyphy/ptII/ptolemy/actor/lib/test/auto/knownFailedTests/PublisherSubscriptionAggregatorPort.xml (RunModel)" time="0.027" />
  <testcase classname="ptolemy.util.test.junit.AutoKnownFailedTests" name="[3] /home/travis/build/icyphy/ptII/ptolemy/actor/lib/test/auto/knownFailedTests/sizedarray3.xml (RunModel)" time="0.047" />
  <testcase classname="ptolemy.util.test.junit.AutoNameArchTests" name="[0] ThereAreNoAutoArchTests (RunModel)" time="0.006" />
  <testcase classname="ptolemy.util.test.junit.AutoTests" name="[0] /home/travis/build/icyphy/ptII/ptolemy/actor/lib/test/auto/AbsoluteValue.xml (RunModel)" time="0.102" />
  <testcase classname="ptolemy.util.test.junit.AutoTests" name="[1] /home/travis/build/icyphy/ptII/ptolemy/actor/lib/test/auto/AbsoluteValue2.xml (RunModel)" time="0.056" />
  <testcase classname="ptolemy.util.test.junit.AutoTests" name="[2] /home/travis/build/icyphy/ptII/ptolemy/actor/lib/test/auto/Accumulator.xml (RunModel)" time="0.066" />
  <testcase classname="ptolemy.util.test.junit.AutoTests" name="[3] /home/travis/build/icyphy/ptII/ptolemy/actor/lib/test/auto/Accumulator2.xml (RunModel)" time="0.047" />
  <testcase classname="ptolemy.util.test.junit.AutoTests" name="[4] /home/travis/build/icyphy/ptII/ptolemy/actor/lib/test/auto/Accumulator3.xml (RunModel)" time="0.02" />
  <testcase classname="ptolemy.util.test.junit.AutoTests" name="[5] /home/travis/build/icyphy/ptII/ptolemy/actor/lib/test/auto/ArrayAppend.xml (RunModel)" time="0.036" />
  <testcase classname="ptolemy.util.test.junit.AutoTests" name="[6] /home/travis/build/icyphy/ptII/ptolemy/actor/lib/test/auto/ArrayAppend2.xml (RunModel)" time="0.317" />
  <testcase classname="ptolemy.util.test.junit.AutoTests" name="[7] /home/travis/build/icyphy/ptII/ptolemy/actor/lib/test/auto/ArrayAppend3.xml (RunModel)" time="0.024" />
  <testcase classname="ptolemy.util.test.junit.AutoTests" name="[8] /home/travis/build/icyphy/ptII/ptolemy/actor/lib/test/auto/ArrayAppend4.xml (RunModel)" time="0.017" />
  <testcase classname="ptolemy.util.test.junit.AutoTests" name="[9] /home/travis/build/icyphy/ptII/ptolemy/actor/lib/test/auto/ArrayAppend5.xml (RunModel)" time="0.016" />
  <testcase classname="ptolemy.util.test.junit.AutoTests" name="[10] /home/travis/build/icyphy/ptII/ptolemy/actor/lib/test/auto/ArrayAppend6.xml (RunModel)" time="0.088" />
  <testcase classname="ptolemy.util.test.junit.AutoTests" name="[11] /home/travis/build/icyphy/ptII/ptolemy/actor/lib/test/auto/ArrayAppendPerformanceTest.xml (RunModel)" time="0.05" />
  <testcase classname="ptolemy.util.test.junit.AutoTests" name="[12] /home/travis/build/icyphy/ptII/ptolemy/actor/lib/test/auto/ArrayAppendWithEmptyInput.xml (RunModel)" time="0.066" />
  <testcase classname="ptolemy.util.test.junit.AutoTests" name="[13] /home/travis/build/icyphy/ptII/ptolemy/actor/lib/test/auto/ArrayAverage.xml (RunModel)" time="0.06" />
  <testcase classname="ptolemy.util.test.junit.AutoTests" name="[14] /home/travis/build/icyphy/ptII/ptolemy/actor/lib/test/auto/ArrayContains.xml (RunModel)" time="0.03" />
  <testcase classname="ptolemy.util.test.junit.AutoTests" name="[15] /home/travis/build/icyphy/ptII/ptolemy/actor/lib/test/auto/ArrayElement.xml (RunModel)" time="0.028" />
  <testcase classname="ptolemy.util.test.junit.AutoTests" name="[16] /home/travis/build/icyphy/ptII/ptolemy/actor/lib/test/auto/ArrayElementAsMatrix.xml (RunModel)" time="0.066" />
  <testcase classname="ptolemy.util.test.junit.AutoTests" name="[17] /home/travis/build/icyphy/ptII/ptolemy/actor/lib/test/auto/ArrayElementI.xml (RunModel)" time="0.025" />
  <testcase classname="ptolemy.util.test.junit.AutoTests" name="[18] /home/travis/build/icyphy/ptII/ptolemy/actor/lib/test/auto/ArrayExtract.xml (RunModel)" time="0.039" />
  <testcase classname="ptolemy.util.test.junit.AutoTests" name="[19] /home/travis/build/icyphy/ptII/ptolemy/actor/lib/test/auto/ArrayExtract2.xml (RunModel)" time="0.022" />
  <testcase classname="ptolemy.util.test.junit.AutoTests" name="[20] /home/travis/build/icyphy/ptII/ptolemy/actor/lib/test/auto/ArrayLength.xml (RunModel)" time="0.023" />
  <testcase classname="ptolemy.util.test.junit.AutoTests" name="[21] /home/travis/build/icyphy/ptII/ptolemy/actor/lib/test/auto/ArrayLevelCrossing.xml (RunModel)" time="0.026" />
  <testcase classname="ptolemy.util.test.junit.AutoTests" name="[22] /home/travis/build/icyphy/ptII/ptolemy/actor/lib/test/auto/ArrayLevelCrossing2.xml (RunModel)" time="0.022" />
  <testcase classname="ptolemy.util.test.junit.AutoTests" name="[23] /home/travis/build/icyphy/ptII/ptolemy/actor/lib/test/auto/ArrayPeakSearch.xml (RunModel)" time="0.037" />
  <testcase classname="ptolemy.util.test.junit.AutoTests" name="[24] /home/travis/build/icyphy/ptII/ptolemy/actor/lib/test/auto/ArrayPeakSearch2.xml (RunModel)" time="0.04" />
  <testcase classname="ptolemy.util.test.junit.AutoTests" name="[25] /home/travis/build/icyphy/ptII/ptolemy/actor/lib/test/auto/ArrayPeakSearch3.xml (RunModel)" time="0.034" />
  <testcase classname="ptolemy.util.test.junit.AutoTests" name="[26] /home/travis/build/icyphy/ptII/ptolemy/actor/lib/test/auto/ArrayRemoveElement.xml (RunModel)" time="0.03" />
  <testcase classname="ptolemy.util.test.junit.AutoTests" name="[27] /home/travis/build/icyphy/ptII/ptolemy/actor/lib/test/auto/ArraySort.xml (RunModel)" time="0.038" />
  <testcase classname="ptolemy.util.test.junit.AutoTests" name="[28] /home/travis/build/icyphy/ptII/ptolemy/actor/lib/test/auto/ArraySum.xml (RunModel)" time="0.017" />
  <testcase classname="ptolemy.util.test.junit.AutoTests" name="[29] /home/travis/build/icyphy/ptII/ptolemy/actor/lib/test/auto/ArrayToElements.xml (RunModel)" time="0.026" />
  <testcase classname="ptolemy.util.test.junit.AutoTests" name="[30] /home/travis/build/icyphy/ptII/ptolemy/actor/lib/test/auto/ArrayToMatrix.xml (RunModel)" time="0.064" />
  <testcase classname="ptolemy.util.test.junit.AutoTests" name="[31] /home/travis/build/icyphy/ptII/ptolemy/actor/lib/test/auto/ArrayUpdate1.xml (RunModel)" time="0.027" />
  <testcase classname="ptolemy.util.test.junit.AutoTests" name="[32] /home/travis/build/icyphy/ptII/ptolemy/actor/lib/test/auto/ArrayUpdate2.xml (RunModel)" time="0.033" />
  <testcase classname="ptolemy.util.test.junit.AutoTests" name="[33] /home/travis/build/icyphy/ptII/ptolemy/actor/lib/test/auto/ArrayUpdate3.xml (RunModel)" time="0.016" />
  <testcase classname="ptolemy.util.test.junit.AutoTests" name="[34] /home/travis/build/icyphy/ptII/ptolemy/actor/lib/test/auto/Assert1.xml (RunModel)" time="0.023" />
  <testcase classname="ptolemy.util.test.junit.AutoTests" name="[35] /home/travis/build/icyphy/ptII/ptolemy/actor/lib/test/auto/Assert2.xml (RunModel)" time="0.015" />
  <testcase classname="ptolemy.util.test.junit.AutoTests" name="[36] /home/travis/build/icyphy/ptII/ptolemy/actor/lib/test/auto/BooleanMultiplexor.xml (RunModel)" time="0.019" />
  <testcase classname="ptolemy.util.test.junit.AutoTests" name="[37] /home/travis/build/icyphy/ptII/ptolemy/actor/lib/test/auto/BooleanMultiplexor2.xml (RunModel)" time="0.032" />
  <testcase classname="ptolemy.util.test.junit.AutoTests" name="[38] /home/travis/build/icyphy/ptII/ptolemy/actor/lib/test/auto/BooleanMultiplexor3.xml (RunModel)" time="0.021" />
  <testcase classname="ptolemy.util.test.junit.AutoTests" name="[39] /home/travis/build/icyphy/ptII/ptolemy/actor/lib/test/auto/BooleanSelect.xml (RunModel)" time="0.026" />
  <testcase classname="ptolemy.util.test.junit.AutoTests" name="[40] /home/travis/build/icyphy/ptII/ptolemy/actor/lib/test/auto/BooleanSelect2.xml (RunModel)" time="0.016" />
  <testcase classname="ptolemy.util.test.junit.AutoTests" name="[41] /home/travis/build/icyphy/ptII/ptolemy/actor/lib/test/auto/BooleanSwitch.xml (RunModel)" time="0.033" />
  <testcase classname="ptolemy.util.test.junit.AutoTests" name="[42] /home/travis/build/icyphy/ptII/ptolemy/actor/lib/test/auto/BooleanSwitch2.xml (RunModel)" time="0.018" />
  <testcase classname="ptolemy.util.test.junit.AutoTests" name="[43] /home/travis/build/icyphy/ptII/ptolemy/actor/lib/test/auto/BooleanSwitchCloningBugWithClassRelationGroup.xml (RunModel)" time="0.035" />
  <testcase classname="ptolemy.util.test.junit.AutoTests" name="[44] /home/travis/build/icyphy/ptII/ptolemy/actor/lib/test/auto/BusActors.xml (RunModel)" time="0.072" />
  <testcase classname="ptolemy.util.test.junit.AutoTests" name="[45] /home/travis/build/icyphy/ptII/ptolemy/actor/lib/test/auto/ClassWrapper.xml (RunModel)" time="0.015" />
  <testcase classname="ptolemy.util.test.junit.AutoTests" name="[46] /home/travis/build/icyphy/ptII/ptolemy/actor/lib/test/auto/Clock.xml (RunModel)" time="0.01" />
  <testcase classname="ptolemy.util.test.junit.AutoTests" name="[47] /home/travis/build/icyphy/ptII/ptolemy/actor/lib/test/auto/Clock10.xml (RunModel)" time="0.014" />
  <testcase classname="ptolemy.util.test.junit.AutoTests" name="[48] /home/travis/build/icyphy/ptII/ptolemy/actor/lib/test/auto/Clock11.xml (RunModel)" time="0.014" />
  <testcase classname="ptolemy.util.test.junit.AutoTests" name="[49] /home/travis/build/icyphy/ptII/ptolemy/actor/lib/test/auto/Clock12.xml (RunModel)" time="0.016" />
  <testcase classname="ptolemy.util.test.junit.AutoTests" name="[50] /home/travis/build/icyphy/ptII/ptolemy/actor/lib/test/auto/Clock13.xml (RunModel)" time="0.013" />
  <testcase classname="ptolemy.util.test.junit.AutoTests" name="[51] /home/travis/build/icyphy/ptII/ptolemy/actor/lib/test/auto/Clock14.xml (RunModel)" time="0.019" />
  <testcase classname="ptolemy.util.test.junit.AutoTests" name="[52] /home/travis/build/icyphy/ptII/ptolemy/actor/lib/test/auto/Clock15.xml (RunModel)" time="0.012" />
  <testcase classname="ptolemy.util.test.junit.AutoTests" name="[53] /home/travis/build/icyphy/ptII/ptolemy/actor/lib/test/auto/Clock16.xml (RunModel)" time="0.094" />
  <testcase classname="ptolemy.util.test.junit.AutoTests" name="[54] /home/travis/build/icyphy/ptII/ptolemy/actor/lib/test/auto/Clock17.xml (RunModel)" time="0.06" />
  <testcase classname="ptolemy.util.test.junit.AutoTests" name="[55] /home/travis/build/icyphy/ptII/ptolemy/actor/lib/test/auto/Clock18.xml (RunModel)" time="0.045" />
  <testcase classname="ptolemy.util.test.junit.AutoTests" name="[56] /home/travis/build/icyphy/ptII/ptolemy/actor/lib/test/auto/Clock19.xml (RunModel)" time="0.036" />
  <testcase classname="ptolemy.util.test.junit.AutoTests" name="[57] /home/travis/build/icyphy/ptII/ptolemy/actor/lib/test/auto/Clock2.xml (RunModel)" time="0.022" />
  <testcase classname="ptolemy.util.test.junit.AutoTests" name="[58] /home/travis/build/icyphy/ptII/ptolemy/actor/lib/test/auto/Clock20.xml (RunModel)" time="0.027" />
  <testcase classname="ptolemy.util.test.junit.AutoTests" name="[59] /home/travis/build/icyphy/ptII/ptolemy/actor/lib/test/auto/Clock21.xml (RunModel)" time="0.017" />
  <testcase classname="ptolemy.util.test.junit.AutoTests" name="[60] /home/travis/build/icyphy/ptII/ptolemy/actor/lib/test/auto/Clock22.xml (RunModel)" time="0.018" />
  <testcase classname="ptolemy.util.test.junit.AutoTests" name="[61] /home/travis/build/icyphy/ptII/ptolemy/actor/lib/test/auto/Clock23.xml (RunModel)" time="0.019" />
  <testcase classname="ptolemy.util.test.junit.AutoTests" name="[62] /home/travis/build/icyphy/ptII/ptolemy/actor/lib/test/auto/Clock24.xml (RunModel)" time="0.022" />
  <testcase classname="ptolemy.util.test.junit.AutoTests" name="[63] /home/travis/build/icyphy/ptII/ptolemy/actor/lib/test/auto/Clock4.xml (RunModel)" time="0.014" />
  <testcase classname="ptolemy.util.test.junit.AutoTests" name="[64] /home/travis/build/icyphy/ptII/ptolemy/actor/lib/test/auto/Clock5.xml (RunModel)" time="0.016" />
  <testcase classname="ptolemy.util.test.junit.AutoTests" name="[65] /home/travis/build/icyphy/ptII/ptolemy/actor/lib/test/auto/Clock6.xml (RunModel)" time="0.01" />
  <testcase classname="ptolemy.util.test.junit.AutoTests" name="[66] /home/travis/build/icyphy/ptII/ptolemy/actor/lib/test/auto/Clock7.xml (RunModel)" time="0.012" />
  <testcase classname="ptolemy.util.test.junit.AutoTests" name="[67] /home/travis/build/icyphy/ptII/ptolemy/actor/lib/test/auto/Clock8.xml (RunModel)" time="0.017" />
  <testcase classname="ptolemy.util.test.junit.AutoTests" name="[68] /home/travis/build/icyphy/ptII/ptolemy/actor/lib/test/auto/Clock9.xml (RunModel)" time="0.021" />
  <testcase classname="ptolemy.util.test.junit.AutoTests" name="[69] /home/travis/build/icyphy/ptII/ptolemy/actor/lib/test/auto/CommDistDiscard.xml (RunModel)" time="0.036" />
  <testcase classname="ptolemy.util.test.junit.AutoTests" name="[70] /home/travis/build/icyphy/ptII/ptolemy/actor/lib/test/auto/Commutator.xml (RunModel)" time="0.027" />
  <testcase classname="ptolemy.util.test.junit.AutoTests" name="[71] /home/travis/build/icyphy/ptII/ptolemy/actor/lib/test/auto/Commutator2.xml (RunModel)" time="0.015" />
  <testcase classname="ptolemy.util.test.junit.AutoTests" name="[72] /home/travis/build/icyphy/ptII/ptolemy/actor/lib/test/auto/Commutator3.xml (RunModel)" time="0.011" />
  <testcase classname="ptolemy.util.test.junit.AutoTests" name="[73] /home/travis/build/icyphy/ptII/ptolemy/actor/lib/test/auto/Compare.xml (RunModel)" time="0.018" />
  <testcase classname="ptolemy.util.test.junit.AutoTests" name="[74] /home/travis/build/icyphy/ptII/ptolemy/actor/lib/test/auto/CompareDE.xml (RunModel)" time="0.015" />
  <testcase classname="ptolemy.util.test.junit.AutoTests" name="[75] /home/travis/build/icyphy/ptII/ptolemy/actor/lib/test/auto/ComplexDivide.xml (RunModel)" time="0.007" />
  <testcase classname="ptolemy.util.test.junit.AutoTests" name="[76] /home/travis/build/icyphy/ptII/ptolemy/actor/lib/test/auto/ComputeHistogram.xml (RunModel)" time="0.057" />
  <testcase classname="ptolemy.util.test.junit.AutoTests" name="[77] /home/travis/build/icyphy/ptII/ptolemy/actor/lib/test/auto/ConfigurationSelect.xml (RunModel)" time="0.022" />
  <testcase classname="ptolemy.util.test.junit.AutoTests" name="[78] /home/travis/build/icyphy/ptII/ptolemy/actor/lib/test/auto/ConfigurationSelect2.xml (RunModel)" time="0.015" />
  <testcase classname="ptolemy.util.test.junit.AutoTests" name="[79] /home/travis/build/icyphy/ptII/ptolemy/actor/lib/test/auto/ConfigurationSwitch.xml (RunModel)" time="0.031" />
  <testcase classname="ptolemy.util.test.junit.AutoTests" name="[80] /home/travis/build/icyphy/ptII/ptolemy/actor/lib/test/auto/ConfigurationSwitch2.xml (RunModel)" time="0.031" />
  <testcase classname="ptolemy.util.test.junit.AutoTests" name="[81] /home/travis/build/icyphy/ptII/ptolemy/actor/lib/test/auto/ConfigurationSwitchCloningBugWithClassRelationGroup.xml (RunModel)" time="0.023" />
  <testcase classname="ptolemy.util.test.junit.AutoTests" name="[82] /home/travis/build/icyphy/ptII/ptolemy/actor/lib/test/auto/ConfigurationSwitchSelectSDF.xml (RunModel)" time="0.014" />
  <testcase classname="ptolemy.util.test.junit.AutoTests" name="[83] /home/travis/build/icyphy/ptII/ptolemy/actor/lib/test/auto/ConfigurationSwitchSelectSDF2.xml (RunModel)" time="0.016" />
  <testcase classname="ptolemy.util.test.junit.AutoTests" name="[84] /home/travis/build/icyphy/ptII/ptolemy/actor/lib/test/auto/Const.xml (RunModel)" time="0.006" />
  <testcase classname="ptolemy.util.test.junit.AutoTests" name="[85] /home/travis/build/icyphy/ptII/ptolemy/actor/lib/test/auto/Const2.xml (RunModel)" time="0.009" />
  <testcase classname="ptolemy.util.test.junit.AutoTests" name="[86] /home/travis/build/icyphy/ptII/ptolemy/actor/lib/test/auto/Const3.xml (RunModel)" time="0.011" />
  <testcase classname="ptolemy.util.test.junit.AutoTests" name="[87] /home/travis/build/icyphy/ptII/ptolemy/actor/lib/test/auto/ConstantPublisherPort1.xml (RunModel)" time="0.021" />
  <testcase classname="ptolemy.util.test.junit.AutoTests" name="[88] /home/travis/build/icyphy/ptII/ptolemy/actor/lib/test/auto/ConstantPublisherPort2.xml (RunModel)" time="0.022" />
  <testcase classname="ptolemy.util.test.junit.AutoTests" name="[89] /home/travis/build/icyphy/ptII/ptolemy/actor/lib/test/auto/ConstantPublisherPort3.xml (RunModel)" time="0.022" />
  <testcase classname="ptolemy.util.test.junit.AutoTests" name="[90] /home/travis/build/icyphy/ptII/ptolemy/actor/lib/test/auto/ConstantPublisherPort4.xml (RunModel)" time="0.022" />
  <testcase classname="ptolemy.util.test.junit.AutoTests" name="[91] /home/travis/build/icyphy/ptII/ptolemy/actor/lib/test/auto/ConstantPublisherPort5.xml (RunModel)" time="0.048" />
  <testcase classname="ptolemy.util.test.junit.AutoTests" name="[92] /home/travis/build/icyphy/ptII/ptolemy/actor/lib/test/auto/ConstantPublisherPort6.xml (RunModel)" time="0.03" />
  <testcase classname="ptolemy.util.test.junit.AutoTests" name="[93] /home/travis/build/icyphy/ptII/ptolemy/actor/lib/test/auto/ConstantPublisherPort7.xml (RunModel)" time="0.037" />
  <testcase classname="ptolemy.util.test.junit.AutoTests" name="[94] /home/travis/build/icyphy/ptII/ptolemy/actor/lib/test/auto/ConstraintMonitor1.xml (RunModel)" time="0.049" />
  <testcase classname="ptolemy.util.test.junit.AutoTests" name="[95] /home/travis/build/icyphy/ptII/ptolemy/actor/lib/test/auto/ConstraintMonitor2.xml (RunModel)" time="0.014" />
  <testcase classname="ptolemy.util.test.junit.AutoTests" name="[96] /home/travis/build/icyphy/ptII/ptolemy/actor/lib/test/auto/ConstraintMonitor3.xml (RunModel)" time="0.018" />
  <testcase classname="ptolemy.util.test.junit.AutoTests" name="[97] /home/travis/build/icyphy/ptII/ptolemy/actor/lib/test/auto/ConstraintMonitor4.xml (RunModel)" time="0.011" />
  <testcase classname="ptolemy.util.test.junit.AutoTests" name="[98] /home/travis/build/icyphy/ptII/ptolemy/actor/lib/test/auto/ConstraintMonitor5.xml (RunModel)" time="0.014" />
  <testcase classname="ptolemy.util.test.junit.AutoTests" name="[99] /home/travis/build/icyphy/ptII/ptolemy/actor/lib/test/auto/ConstraintMonitor6.xml (RunModel)" time="0.017" />
  <testcase classname="ptolemy.util.test.junit.AutoTests" name="[100] /home/travis/build/icyphy/ptII/ptolemy/actor/lib/test/auto/ConstraintMonitor7.xml (RunModel)" time="0.02" />
  <testcase classname="ptolemy.util.test.junit.AutoTests" name="[101] /home/travis/build/icyphy/ptII/ptolemy/actor/lib/test/auto/ConstraintMonitor8.xml (RunModel)" time="0.019" />
  <testcase classname="ptolemy.util.test.junit.AutoTests" name="[102] /home/travis/build/icyphy/ptII/ptolemy/actor/lib/test/auto/Counter.xml (RunModel)" time="0.019" />
  <testcase classname="ptolemy.util.test.junit.AutoTests" name="[103] /home/travis/build/icyphy/ptII/ptolemy/actor/lib/test/auto/CurrentTimeSDF.xml (RunModel)" time="0.024" />
  <testcase classname="ptolemy.util.test.junit.AutoTests" name="[104] /home/travis/build/icyphy/ptII/ptolemy/actor/lib/test/auto/DB.xml (RunModel)" time="0.014" />
  <testcase classname="ptolemy.util.test.junit.AutoTests" name="[105] /home/travis/build/icyphy/ptII/ptolemy/actor/lib/test/auto/DBDE.xml (RunModel)" time="0.013" />
  <testcase classname="ptolemy.util.test.junit.AutoTests" name="[106] /home/travis/build/icyphy/ptII/ptolemy/actor/lib/test/auto/DateConstructor.xml (RunModel)" time="0.072" />
  <testcase classname="ptolemy.util.test.junit.AutoTests" name="[107] /home/travis/build/icyphy/ptII/ptolemy/actor/lib/test/auto/DelayTime.xml (RunModel)" time="0.012" />
  <testcase classname="ptolemy.util.test.junit.AutoTests" name="[108] /home/travis/build/icyphy/ptII/ptolemy/actor/lib/test/auto/Dictionary1.xml (RunModel)" time="0.024" />
  <testcase classname="ptolemy.util.test.junit.AutoTests" name="[109] /home/travis/build/icyphy/ptII/ptolemy/actor/lib/test/auto/Dictionary2.xml (RunModel)" time="0.016" />
  <testcase classname="ptolemy.util.test.junit.AutoTests" name="[110] /home/travis/build/icyphy/ptII/ptolemy/actor/lib/test/auto/Dictionary3.xml (RunModel)" time="0.012" />
  <testcase classname="ptolemy.util.test.junit.AutoTests" name="[111] /home/travis/build/icyphy/ptII/ptolemy/actor/lib/test/auto/Dictionary4.xml (RunModel)" time="0.016" />
  <testcase classname="ptolemy.util.test.junit.AutoTests" name="[112] /home/travis/build/icyphy/ptII/ptolemy/actor/lib/test/auto/Differential.xml (RunModel)" time="0.011" />
  <testcase classname="ptolemy.util.test.junit.AutoTests" name="[113] /home/travis/build/icyphy/ptII/ptolemy/actor/lib/test/auto/Director.xml (RunModel)" time="0.014" />
  <testcase classname="ptolemy.util.test.junit.AutoTests" name="[114] /home/travis/build/icyphy/ptII/ptolemy/actor/lib/test/auto/DiscreteClock.xml (RunModel)" time="0.007" />
  <testcase classname="ptolemy.util.test.junit.AutoTests" name="[115] /home/travis/build/icyphy/ptII/ptolemy/actor/lib/test/auto/DiscreteClock10.xml (RunModel)" time="0.011" />
  <testcase classname="ptolemy.util.test.junit.AutoTests" name="[116] /home/travis/build/icyphy/ptII/ptolemy/actor/lib/test/auto/DiscreteClock11.xml (RunModel)" time="0.01" />
  <testcase classname="ptolemy.util.test.junit.AutoTests" name="[117] /home/travis/build/icyphy/ptII/ptolemy/actor/lib/test/auto/DiscreteClock12.xml (RunModel)" time="0.013" />
  <testcase classname="ptolemy.util.test.junit.AutoTests" name="[118] /home/travis/build/icyphy/ptII/ptolemy/actor/lib/test/auto/DiscreteClock13.xml (RunModel)" time="0.009" />
  <testcase classname="ptolemy.util.test.junit.AutoTests" name="[119] /home/travis/build/icyphy/ptII/ptolemy/actor/lib/test/auto/DiscreteClock14.xml (RunModel)" time="0.009" />
  <testcase classname="ptolemy.util.test.junit.AutoTests" name="[120] /home/travis/build/icyphy/ptII/ptolemy/actor/lib/test/auto/DiscreteClock15.xml (RunModel)" time="0.011" />
  <testcase classname="ptolemy.util.test.junit.AutoTests" name="[121] /home/travis/build/icyphy/ptII/ptolemy/actor/lib/test/auto/DiscreteClock16.xml (RunModel)" time="0.038" />
  <testcase classname="ptolemy.util.test.junit.AutoTests" name="[122] /home/travis/build/icyphy/ptII/ptolemy/actor/lib/test/auto/DiscreteClock17.xml (RunModel)" time="0.032" />
  <testcase classname="ptolemy.util.test.junit.AutoTests" name="[123] /home/travis/build/icyphy/ptII/ptolemy/actor/lib/test/auto/DiscreteClock18.xml (RunModel)" time="0.053" />
  <testcase classname="ptolemy.util.test.junit.AutoTests" name="[124] /home/travis/build/icyphy/ptII/ptolemy/actor/lib/test/auto/DiscreteClock19.xml (RunModel)" time="0.061" />
  <testcase classname="ptolemy.util.test.junit.AutoTests" name="[125] /home/travis/build/icyphy/ptII/ptolemy/actor/lib/test/auto/DiscreteClock2.xml (RunModel)" time="0.011" />
  <testcase classname="ptolemy.util.test.junit.AutoTests" name="[126] /home/travis/build/icyphy/ptII/ptolemy/actor/lib/test/auto/DiscreteClock20.xml (RunModel)" time="0.025" />
  <testcase classname="ptolemy.util.test.junit.AutoTests" name="[127] /home/travis/build/icyphy/ptII/ptolemy/actor/lib/test/auto/DiscreteClock21.xml (RunModel)" time="0.023" />
  <testcase classname="ptolemy.util.test.junit.AutoTests" name="[128] /home/travis/build/icyphy/ptII/ptolemy/actor/lib/test/auto/DiscreteClock22.xml (RunModel)" time="0.019" />
  <testcase classname="ptolemy.util.test.junit.AutoTests" name="[129] /home/travis/build/icyphy/ptII/ptolemy/actor/lib/test/auto/DiscreteClock23.xml (RunModel)" time="0.023" />
  <testcase classname="ptolemy.util.test.junit.AutoTests" name="[130] /home/travis/build/icyphy/ptII/ptolemy/actor/lib/test/auto/DiscreteClock24.xml (RunModel)" time="0.017" />
  <testcase classname="ptolemy.util.test.junit.AutoTests" name="[131] /home/travis/build/icyphy/ptII/ptolemy/actor/lib/test/auto/DiscreteClock4.xml (RunModel)" time="0.013" />
  <testcase classname="ptolemy.util.test.junit.AutoTests" name="[132] /home/travis/build/icyphy/ptII/ptolemy/actor/lib/test/auto/DiscreteClock5.xml (RunModel)" time="0.01" />
  <testcase classname="ptolemy.util.test.junit.AutoTests" name="[133] /home/travis/build/icyphy/ptII/ptolemy/actor/lib/test/auto/DiscreteClock6.xml (RunModel)" time="0.019" />
  <testcase classname="ptolemy.util.test.junit.AutoTests" name="[134] /home/travis/build/icyphy/ptII/ptolemy/actor/lib/test/auto/DiscreteClock7.xml (RunModel)" time="0.015" />
  <testcase classname="ptolemy.util.test.junit.AutoTests" name="[135] /home/travis/build/icyphy/ptII/ptolemy/actor/lib/test/auto/DiscreteClock8.xml (RunModel)" time="0.022" />
  <testcase classname="ptolemy.util.test.junit.AutoTests" name="[136] /home/travis/build/icyphy/ptII/ptolemy/actor/lib/test/auto/DiscreteClock9.xml (RunModel)" time="0.016" />
  <testcase classname="ptolemy.util.test.junit.AutoTests" name="[137] /home/travis/build/icyphy/ptII/ptolemy/actor/lib/test/auto/DisplayArray.xml (RunModel)" time="0.006" />
  <testcase classname="ptolemy.util.test.junit.AutoTests" name="[138] /home/travis/build/icyphy/ptII/ptolemy/actor/lib/test/auto/Distributor.xml (RunModel)" time="0.007" />
  <testcase classname="ptolemy.util.test.junit.AutoTests" name="[139] /home/travis/build/icyphy/ptII/ptolemy/actor/lib/test/auto/Distributor2.xml (RunModel)" time="0.007" />
  <testcase classname="ptolemy.util.test.junit.AutoTests" name="[140] /home/travis/build/icyphy/ptII/ptolemy/actor/lib/test/auto/DownSample.xml (RunModel)" time="0.007" />
  <testcase classname="ptolemy.util.test.junit.AutoTests" name="[141] /home/travis/build/icyphy/ptII/ptolemy/actor/lib/test/auto/ElectronicUnitBase1.xml (RunModel)" time="0.046" />
  <testcase classname="ptolemy.util.test.junit.AutoTests" name="[142] /home/travis/build/icyphy/ptII/ptolemy/actor/lib/test/auto/ElementsToArray.xml (RunModel)" time="0.009" />
  <testcase classname="ptolemy.util.test.junit.AutoTests" name="[143] /home/travis/build/icyphy/ptII/ptolemy/actor/lib/test/auto/Equals.xml (RunModel)" time="0.014" />
  <testcase classname="ptolemy.util.test.junit.AutoTests" name="[144] /home/travis/build/icyphy/ptII/ptolemy/actor/lib/test/auto/Exec.xml (RunModel)" time="0.027" />
  <testcase classname="ptolemy.util.test.junit.AutoTests" name="[145] /home/travis/build/icyphy/ptII/ptolemy/actor/lib/test/auto/ExecEnvironment.xml (RunModel)" time="0.043" />
  <testcase classname="ptolemy.util.test.junit.AutoTests" name="[146] /home/travis/build/icyphy/ptII/ptolemy/actor/lib/test/auto/ExecNonZeroReturnOutput.xml (RunModel)" time="0.209" />
  <testcase classname="ptolemy.util.test.junit.AutoTests" name="[147] /home/travis/build/icyphy/ptII/ptolemy/actor/lib/test/auto/ExecRunDemos.xml (RunModel)" time="10.716" />
  <testcase classname="ptolemy.util.test.junit.AutoTests" name="[148] /home/travis/build/icyphy/ptII/ptolemy/actor/lib/test/auto/ExecStop.xml (RunModel)" time="5.042" />
  <testcase classname="ptolemy.util.test.junit.AutoTests" name="[149] /home/travis/build/icyphy/ptII/ptolemy/actor/lib/test/auto/ExecutionTimeSDF.xml (RunModel)" time="6.045" />
  <testcase classname="ptolemy.util.test.junit.AutoTests" name="[150] /home/travis/build/icyphy/ptII/ptolemy/actor/lib/test/auto/Expression1.xml (RunModel)" time="0.009" />
  <testcase classname="ptolemy.util.test.junit.AutoTests" name="[151] /home/travis/build/icyphy/ptII/ptolemy/actor/lib/test/auto/Expression10.xml (RunModel)" time="0.025" />
  <testcase classname="ptolemy.util.test.junit.AutoTests" name="[152] /home/travis/build/icyphy/ptII/ptolemy/actor/lib/test/auto/Expression11.xml (RunModel)" time="0.012" />
  <testcase classname="ptolemy.util.test.junit.AutoTests" name="[153] /home/travis/build/icyphy/ptII/ptolemy/actor/lib/test/auto/Expression12.xml (RunModel)" time="0.016" />
  <testcase classname="ptolemy.util.test.junit.AutoTests" name="[154] /home/travis/build/icyphy/ptII/ptolemy/actor/lib/test/auto/Expression13.xml (RunModel)" time="0.016" />
  <testcase classname="ptolemy.util.test.junit.AutoTests" name="[155] /home/travis/build/icyphy/ptII/ptolemy/actor/lib/test/auto/Expression14.xml (RunModel)" time="0.021" />
  <testcase classname="ptolemy.util.test.junit.AutoTests" name="[156] /home/travis/build/icyphy/ptII/ptolemy/actor/lib/test/auto/Expression15.xml (RunModel)" time="0.007" />
  <testcase classname="ptolemy.util.test.junit.AutoTests" name="[157] /home/travis/build/icyphy/ptII/ptolemy/actor/lib/test/auto/Expression16.xml (RunModel)" time="0.013" />
  <testcase classname="ptolemy.util.test.junit.AutoTests" name="[158] /home/travis/build/icyphy/ptII/ptolemy/actor/lib/test/auto/Expression17.xml (RunModel)" time="0.012" />
  <testcase classname="ptolemy.util.test.junit.AutoTests" name="[159] /home/travis/build/icyphy/ptII/ptolemy/actor/lib/test/auto/Expression18.xml (RunModel)" time="0.013" />
  <testcase classname="ptolemy.util.test.junit.AutoTests" name="[160] /home/travis/build/icyphy/ptII/ptolemy/actor/lib/test/auto/Expression2.xml (RunModel)" time="0.014" />
  <testcase classname="ptolemy.util.test.junit.AutoTests" name="[161] /home/travis/build/icyphy/ptII/ptolemy/actor/lib/test/auto/Expression3.xml (RunModel)" time="0.015" />
  <testcase classname="ptolemy.util.test.junit.AutoTests" name="[162] /home/travis/build/icyphy/ptII/ptolemy/actor/lib/test/auto/Expression4.xml (RunModel)" time="0.017" />
  <testcase classname="ptolemy.util.test.junit.AutoTests" name="[163] /home/travis/build/icyphy/ptII/ptolemy/actor/lib/test/auto/Expression5.xml (RunModel)" time="0.012" />
  <testcase classname="ptolemy.util.test.junit.AutoTests" name="[164] /home/travis/build/icyphy/ptII/ptolemy/actor/lib/test/auto/Expression6.xml (RunModel)" time="0.008" />
  <testcase classname="ptolemy.util.test.junit.AutoTests" name="[165] /home/travis/build/icyphy/ptII/ptolemy/actor/lib/test/auto/Expression7.xml (RunModel)" time="0.01" />
  <testcase classname="ptolemy.util.test.junit.AutoTests" name="[166] /home/travis/build/icyphy/ptII/ptolemy/actor/lib/test/auto/Expression8.xml (RunModel)" time="0.014" />
  <testcase classname="ptolemy.util.test.junit.AutoTests" name="[167] /home/travis/build/icyphy/ptII/ptolemy/actor/lib/test/auto/Expression9.xml (RunModel)" time="0.007" />
  <testcase classname="ptolemy.util.test.junit.AutoTests" name="[168] /home/travis/build/icyphy/ptII/ptolemy/actor/lib/test/auto/ExpressionConcatenateArrayType.xml (RunModel)" time="0.025" />
  <testcase classname="ptolemy.util.test.junit.AutoTests" name="[169] /home/travis/build/icyphy/ptII/ptolemy/actor/lib/test/auto/ExpressionConcatenateArrayType2.xml (RunModel)" time="0.023" />
  <testcase classname="ptolemy.util.test.junit.AutoTests" name="[170] /home/travis/build/icyphy/ptII/ptolemy/actor/lib/test/auto/ExpressionFix.xml (RunModel)" time="0.048" />
  <testcase classname="ptolemy.util.test.junit.AutoTests" name="[171] /home/travis/build/icyphy/ptII/ptolemy/actor/lib/test/auto/ExpressionFix2.xml (RunModel)" time="0.018" />
  <testcase classname="ptolemy.util.test.junit.AutoTests" name="[172] /home/travis/build/icyphy/ptII/ptolemy/actor/lib/test/auto/ExpressionFix3.xml (RunModel)" time="0.014" />
  <testcase classname="ptolemy.util.test.junit.AutoTests" name="[173] /home/travis/build/icyphy/ptII/ptolemy/actor/lib/test/auto/FileWriter1.xml (RunModel)" time="0.013" />
  <testcase classname="ptolemy.util.test.junit.AutoTests" name="[174] /home/travis/build/icyphy/ptII/ptolemy/actor/lib/test/auto/FileWriter2.xml (RunModel)" time="0.014" />
  <testcase classname="ptolemy.util.test.junit.AutoTests" name="[175] /home/travis/build/icyphy/ptII/ptolemy/actor/lib/test/auto/FileWriter3.xml (RunModel)" time="0.018" />
  <testcase classname="ptolemy.util.test.junit.AutoTests" name="[176] /home/travis/build/icyphy/ptII/ptolemy/actor/lib/test/auto/Gaussian.xml (RunModel)" time="0.014" />
  <testcase classname="ptolemy.util.test.junit.AutoTests" name="[177] /home/travis/build/icyphy/ptII/ptolemy/actor/lib/test/auto/Gaussian1.xml (RunModel)" time="0.015" />
  <testcase classname="ptolemy.util.test.junit.AutoTests" name="[178] /home/travis/build/icyphy/ptII/ptolemy/actor/lib/test/auto/Gaussian2.xml (RunModel)" time="0.019" />
  <testcase classname="ptolemy.util.test.junit.AutoTests" name="[179] /home/travis/build/icyphy/ptII/ptolemy/actor/lib/test/auto/GradientAdaptiveLattice.xml (RunModel)" time="0.02" />
  <testcase classname="ptolemy.util.test.junit.AutoTests" name="[180] /home/travis/build/icyphy/ptII/ptolemy/actor/lib/test/auto/IIR.xml (RunModel)" time="0.012" />
  <testcase classname="ptolemy.util.test.junit.AutoTests" name="[181] /home/travis/build/icyphy/ptII/ptolemy/actor/lib/test/auto/InputOutputTransparentPorts.xml (RunModel)" time="0.02" />
  <testcase classname="ptolemy.util.test.junit.AutoTests" name="[182] /home/travis/build/icyphy/ptII/ptolemy/actor/lib/test/auto/Interpolator.xml (RunModel)" time="0.011" />
  <testcase classname="ptolemy.util.test.junit.AutoTests" name="[183] /home/travis/build/icyphy/ptII/ptolemy/actor/lib/test/auto/InterpolatorFiringLimitDE.xml (RunModel)" time="0.015" />
  <testcase classname="ptolemy.util.test.junit.AutoTests" name="[184] /home/travis/build/icyphy/ptII/ptolemy/actor/lib/test/auto/Lattice.xml (RunModel)" time="0.009" />
  <testcase classname="ptolemy.util.test.junit.AutoTests" name="[185] /home/travis/build/icyphy/ptII/ptolemy/actor/lib/test/auto/LazyAOCTestLazy.xml (RunModel)" time="0.026" />
  <testcase classname="ptolemy.util.test.junit.AutoTests" name="[186] /home/travis/build/icyphy/ptII/ptolemy/actor/lib/test/auto/LazyAOCTestNonLazy.xml (RunModel)" time="0.019" />
  <testcase classname="ptolemy.util.test.junit.AutoTests" name="[187] /home/travis/build/icyphy/ptII/ptolemy/actor/lib/test/auto/LazyInnerClass.xml (RunModel)" time="0.02" />
  <testcase classname="ptolemy.util.test.junit.AutoTests" name="[188] /home/travis/build/icyphy/ptII/ptolemy/actor/lib/test/auto/LazyPubSub.xml (RunModel)" time="0.06" />
  <testcase classname="ptolemy.util.test.junit.AutoTests" name="[189] /home/travis/build/icyphy/ptII/ptolemy/actor/lib/test/auto/LazyPubSub2.xml (RunModel)" time="0.057" />
  <testcase classname="ptolemy.util.test.junit.AutoTests" name="[190] /home/travis/build/icyphy/ptII/ptolemy/actor/lib/test/auto/LazyPubSub3.xml (RunModel)" time="0.037" />
  <testcase classname="ptolemy.util.test.junit.AutoTests" name="[191] /home/travis/build/icyphy/ptII/ptolemy/actor/lib/test/auto/LazySubClassModel.xml (RunModel)" time="0.031" />
  <testcase classname="ptolemy.util.test.junit.AutoTests" name="[192] /home/travis/build/icyphy/ptII/ptolemy/actor/lib/test/auto/LevelCrossTest1.xml (RunModel)" time="0.011" />
  <testcase classname="ptolemy.util.test.junit.AutoTests" name="[193] /home/travis/build/icyphy/ptII/ptolemy/actor/lib/test/auto/LevelCrossTest10.xml (RunModel)" time="0.017" />
  <testcase classname="ptolemy.util.test.junit.AutoTests" name="[194] /home/travis/build/icyphy/ptII/ptolemy/actor/lib/test/auto/LevelCrossTest11.xml (RunModel)" time="0.018" />
  <testcase classname="ptolemy.util.test.junit.AutoTests" name="[195] /home/travis/build/icyphy/ptII/ptolemy/actor/lib/test/auto/LevelCrossTest12.xml (RunModel)" time="0.015" />
  <testcase classname="ptolemy.util.test.junit.AutoTests" name="[196] /home/travis/build/icyphy/ptII/ptolemy/actor/lib/test/auto/LevelCrossTest13.xml (RunModel)" time="0.013" />
  <testcase classname="ptolemy.util.test.junit.AutoTests" name="[197] /home/travis/build/icyphy/ptII/ptolemy/actor/lib/test/auto/LevelCrossTest2.xml (RunModel)" time="0.01" />
  <testcase classname="ptolemy.util.test.junit.AutoTests" name="[198] /home/travis/build/icyphy/ptII/ptolemy/actor/lib/test/auto/LevelCrossTest3.xml (RunModel)" time="0.013" />
  <testcase classname="ptolemy.util.test.junit.AutoTests" name="[199] /home/travis/build/icyphy/ptII/ptolemy/actor/lib/test/auto/LevelCrossTest4.xml (RunModel)" time="0.01" />
  <testcase classname="ptolemy.util.test.junit.AutoTests" name="[200] /home/travis/build/icyphy/ptII/ptolemy/actor/lib/test/auto/LevelCrossTest5.xml (RunModel)" time="0.014" />
  <testcase classname="ptolemy.util.test.junit.AutoTests" name="[201] /home/travis/build/icyphy/ptII/ptolemy/actor/lib/test/auto/LevelCrossTest6.xml (RunModel)" time="0.023" />
  <testcase classname="ptolemy.util.test.junit.AutoTests" name="[202] /home/travis/build/icyphy/ptII/ptolemy/actor/lib/test/auto/LevelCrossTest7.xml (RunModel)" time="0.037" />
  <testcase classname="ptolemy.util.test.junit.AutoTests" name="[203] /home/travis/build/icyphy/ptII/ptolemy/actor/lib/test/auto/LevelCrossTest8.xml (RunModel)" time="0.026" />
  <testcase classname="ptolemy.util.test.junit.AutoTests" name="[204] /home/travis/build/icyphy/ptII/ptolemy/actor/lib/test/auto/LevelCrossTest9.xml (RunModel)" time="0.021" />
  <testcase classname="ptolemy.util.test.junit.AutoTests" name="[205] /home/travis/build/icyphy/ptII/ptolemy/actor/lib/test/auto/LevinsonDurbin.xml (RunModel)" time="0.018" />
  <testcase classname="ptolemy.util.test.junit.AutoTests" name="[206] /home/travis/build/icyphy/ptII/ptolemy/actor/lib/test/auto/LevinsonDurbin2.xml (RunModel)" time="0.017" />
  <testcase classname="ptolemy.util.test.junit.AutoTests" name="[207] /home/travis/build/icyphy/ptII/ptolemy/actor/lib/test/auto/LevinsonDurbin3.xml (RunModel)" time="0.014" />
  <testcase classname="ptolemy.util.test.junit.AutoTests" name="[208] /home/travis/build/icyphy/ptII/ptolemy/actor/lib/test/auto/Limiter.xml (RunModel)" time="0.048" />
  <testcase classname="ptolemy.util.test.junit.AutoTests" name="[209] /home/travis/build/icyphy/ptII/ptolemy/actor/lib/test/auto/LinearDifferenceEquationSystem.xml (RunModel)" time="0.024" />
  <testcase classname="ptolemy.util.test.junit.AutoTests" name="[210] /home/travis/build/icyphy/ptII/ptolemy/actor/lib/test/auto/LookupTable.xml (RunModel)" time="0.014" />
  <testcase classname="ptolemy.util.test.junit.AutoTests" name="[211] /home/travis/build/icyphy/ptII/ptolemy/actor/lib/test/auto/MathFunction.xml (RunModel)" time="0.023" />
  <testcase classname="ptolemy.util.test.junit.AutoTests" name="[212] /home/travis/build/icyphy/ptII/ptolemy/actor/lib/test/auto/MathFunction2.xml (RunModel)" time="0.016" />
  <testcase classname="ptolemy.util.test.junit.AutoTests" name="[213] /home/travis/build/icyphy/ptII/ptolemy/actor/lib/test/auto/MathFunction3.xml (RunModel)" time="0.023" />
  <testcase classname="ptolemy.util.test.junit.AutoTests" name="[214] /home/travis/build/icyphy/ptII/ptolemy/actor/lib/test/auto/MatrixCropBoolean.xml (RunModel)" time="0.019" />
  <testcase classname="ptolemy.util.test.junit.AutoTests" name="[215] /home/travis/build/icyphy/ptII/ptolemy/actor/lib/test/auto/MatrixCropComplex.xml (RunModel)" time="0.016" />
  <testcase classname="ptolemy.util.test.junit.AutoTests" name="[216] /home/travis/build/icyphy/ptII/ptolemy/actor/lib/test/auto/MatrixCropDouble.xml (RunModel)" time="0.014" />
  <testcase classname="ptolemy.util.test.junit.AutoTests" name="[217] /home/travis/build/icyphy/ptII/ptolemy/actor/lib/test/auto/MatrixCropFix.xml (RunModel)" time="0.015" />
  <testcase classname="ptolemy.util.test.junit.AutoTests" name="[218] /home/travis/build/icyphy/ptII/ptolemy/actor/lib/test/auto/MatrixCropInt.xml (RunModel)" time="0.009" />
  <testcase classname="ptolemy.util.test.junit.AutoTests" name="[219] /home/travis/build/icyphy/ptII/ptolemy/actor/lib/test/auto/MatrixCropLong.xml (RunModel)" time="0.023" />
  <testcase classname="ptolemy.util.test.junit.AutoTests" name="[220] /home/travis/build/icyphy/ptII/ptolemy/actor/lib/test/auto/MatrixToArray.xml (RunModel)" time="0.057" />
  <testcase classname="ptolemy.util.test.junit.AutoTests" name="[221] /home/travis/build/icyphy/ptII/ptolemy/actor/lib/test/auto/MaxIndex.xml (RunModel)" time="0.02" />
  <testcase classname="ptolemy.util.test.junit.AutoTests" name="[222] /home/travis/build/icyphy/ptII/ptolemy/actor/lib/test/auto/Maximum.xml (RunModel)" time="0.014" />
  <testcase classname="ptolemy.util.test.junit.AutoTests" name="[223] /home/travis/build/icyphy/ptII/ptolemy/actor/lib/test/auto/MaximumComplex.xml (RunModel)" time="0.015" />
  <testcase classname="ptolemy.util.test.junit.AutoTests" name="[224] /home/travis/build/icyphy/ptII/ptolemy/actor/lib/test/auto/MethodCallTest.xml (RunModel)" time="0.022" />
  <testcase classname="ptolemy.util.test.junit.AutoTests" name="[225] /home/travis/build/icyphy/ptII/ptolemy/actor/lib/test/auto/Minimum.xml (RunModel)" time="0.011" />
  <testcase classname="ptolemy.util.test.junit.AutoTests" name="[226] /home/travis/build/icyphy/ptII/ptolemy/actor/lib/test/auto/MinimumComplex.xml (RunModel)" time="0.014" />
  <testcase classname="ptolemy.util.test.junit.AutoTests" name="[227] /home/travis/build/icyphy/ptII/ptolemy/actor/lib/test/auto/MinimumMultiports.xml (RunModel)" time="0.019" />
  <testcase classname="ptolemy.util.test.junit.AutoTests" name="[228] /home/travis/build/icyphy/ptII/ptolemy/actor/lib/test/auto/ModifyDate.xml (RunModel)" time="0.038" />
  <testcase classname="ptolemy.util.test.junit.AutoTests" name="[229] /home/travis/build/icyphy/ptII/ptolemy/actor/lib/test/auto/ModifyDate2.xml (RunModel)" time="0.029" />
  <testcase classname="ptolemy.util.test.junit.AutoTests" name="[230] /home/travis/build/icyphy/ptII/ptolemy/actor/lib/test/auto/MovingAverage.xml (RunModel)" time="0.01" />
  <testcase classname="ptolemy.util.test.junit.AutoTests" name="[231] /home/travis/build/icyphy/ptII/ptolemy/actor/lib/test/auto/MovingMaximum.xml (RunModel)" time="0.008" />
  <testcase classname="ptolemy.util.test.junit.AutoTests" name="[232] /home/travis/build/icyphy/ptII/ptolemy/actor/lib/test/auto/MultipleLinksToSameRelation.xml (RunModel)" time="0.006" />
  <testcase classname="ptolemy.util.test.junit.AutoTests" name="[233] /home/travis/build/icyphy/ptII/ptolemy/actor/lib/test/auto/MultipleLinksToSameRelationDE.xml (RunModel)" time="0.007" />
  <testcase classname="ptolemy.util.test.junit.AutoTests" name="[234] /home/travis/build/icyphy/ptII/ptolemy/actor/lib/test/auto/Multiplexor.xml (RunModel)" time="0.012" />
  <testcase classname="ptolemy.util.test.junit.AutoTests" name="[235] /home/travis/build/icyphy/ptII/ptolemy/actor/lib/test/auto/Multiplexor1.xml (RunModel)" time="0.013" />
  <testcase classname="ptolemy.util.test.junit.AutoTests" name="[236] /home/travis/build/icyphy/ptII/ptolemy/actor/lib/test/auto/Multiplexor2.xml (RunModel)" time="0.017" />
  <testcase classname="ptolemy.util.test.junit.AutoTests" name="[237] /home/travis/build/icyphy/ptII/ptolemy/actor/lib/test/auto/Multiplexor3.xml (RunModel)" time="0.01" />
  <testcase classname="ptolemy.util.test.junit.AutoTests" name="[238] /home/travis/build/icyphy/ptII/ptolemy/actor/lib/test/auto/MultiplexorDE.xml (RunModel)" time="0.02" />
  <testcase classname="ptolemy.util.test.junit.AutoTests" name="[239] /home/travis/build/icyphy/ptII/ptolemy/actor/lib/test/auto/MultiportBroadcastTest.xml (RunModel)" time="0.091" />
  <testcase classname="ptolemy.util.test.junit.AutoTests" name="[240] /home/travis/build/icyphy/ptII/ptolemy/actor/lib/test/auto/MultiportOutHangDuringGetWidth.xml (RunModel)" time="0.036" />
  <testcase classname="ptolemy.util.test.junit.AutoTests" name="[241] /home/travis/build/icyphy/ptII/ptolemy/actor/lib/test/auto/NilToken.xml (RunModel)" time="0.014" />
  <testcase classname="ptolemy.util.test.junit.AutoTests" name="[242] /home/travis/build/icyphy/ptII/ptolemy/actor/lib/test/auto/NilTokenNonStrictTest.xml (RunModel)" time="0.013" />
  <testcase classname="ptolemy.util.test.junit.AutoTests" name="[243] /home/travis/build/icyphy/ptII/ptolemy/actor/lib/test/auto/NilTokenRecord.xml (RunModel)" time="0.025" />
  <testcase classname="ptolemy.util.test.junit.AutoTests" name="[244] /home/travis/build/icyphy/ptII/ptolemy/actor/lib/test/auto/NilTokenTypeTest.xml (RunModel)" time="0.025" />
  <testcase classname="ptolemy.util.test.junit.AutoTests" name="[245] /home/travis/build/icyphy/ptII/ptolemy/actor/lib/test/auto/ObjectToken1.xml (RunModel)" time="0.006" />
  <testcase classname="ptolemy.util.test.junit.AutoTests" name="[246] /home/travis/build/icyphy/ptII/ptolemy/actor/lib/test/auto/OrderedMerge.xml (RunModel)" time="0.021" />
  <testcase classname="ptolemy.util.test.junit.AutoTests" name="[247] /home/travis/build/icyphy/ptII/ptolemy/actor/lib/test/auto/OrderedRecordDisassembler.xml (RunModel)" time="0.021" />
  <testcase classname="ptolemy.util.test.junit.AutoTests" name="[248] /home/travis/build/icyphy/ptII/ptolemy/actor/lib/test/auto/OrderedRecordDisassembler2.xml (RunModel)" time="0.019" />
  <testcase classname="ptolemy.util.test.junit.AutoTests" name="[249] /home/travis/build/icyphy/ptII/ptolemy/actor/lib/test/auto/OrderedRecordUpdater.xml (RunModel)" time="0.017" />
  <testcase classname="ptolemy.util.test.junit.AutoTests" name="[250] /home/travis/build/icyphy/ptII/ptolemy/actor/lib/test/auto/OrderedRecordUpdater2.xml (RunModel)" time="0.02" />
  <testcase classname="ptolemy.util.test.junit.AutoTests" name="[251] /home/travis/build/icyphy/ptII/ptolemy/actor/lib/test/auto/PhaseUnwrap.xml (RunModel)" time="0.012" />
  <testcase classname="ptolemy.util.test.junit.AutoTests" name="[252] /home/travis/build/icyphy/ptII/ptolemy/actor/lib/test/auto/PoissonClock.xml (RunModel)" time="0.01" />
  <testcase classname="ptolemy.util.test.junit.AutoTests" name="[253] /home/travis/build/icyphy/ptII/ptolemy/actor/lib/test/auto/PoissonClock2.xml (RunModel)" time="0.006" />
  <testcase classname="ptolemy.util.test.junit.AutoTests" name="[254] /home/travis/build/icyphy/ptII/ptolemy/actor/lib/test/auto/PoissonClock3.xml (RunModel)" time="0.022" />
  <testcase classname="ptolemy.util.test.junit.AutoTests" name="[255] /home/travis/build/icyphy/ptII/ptolemy/actor/lib/test/auto/PubSubWithInitialTokens.xml (RunModel)" time="0.014" />
  <testcase classname="ptolemy.util.test.junit.AutoTests" name="[256] /home/travis/build/icyphy/ptII/ptolemy/actor/lib/test/auto/PubSubWithInitialTokens2.xml (RunModel)" time="0.01" />
  <testcase classname="ptolemy.util.test.junit.AutoTests" name="[257] /home/travis/build/icyphy/ptII/ptolemy/actor/lib/test/auto/PublisherClassNoParameter.xml (RunModel)" time="0.021" />
  <testcase classname="ptolemy.util.test.junit.AutoTests" name="[258] /home/travis/build/icyphy/ptII/ptolemy/actor/lib/test/auto/PublisherClassParameter.xml (RunModel)" time="0.018" />
  <testcase classname="ptolemy.util.test.junit.AutoTests" name="[259] /home/travis/build/icyphy/ptII/ptolemy/actor/lib/test/auto/PublisherNonStrictTest.xml (RunModel)" time="0.015" />
  <testcase classname="ptolemy.util.test.junit.AutoTests" name="[260] /home/travis/build/icyphy/ptII/ptolemy/actor/lib/test/auto/PublisherPort1.xml (RunModel)" time="0.009" />
  <testcase classname="ptolemy.util.test.junit.AutoTests" name="[261] /home/travis/build/icyphy/ptII/ptolemy/actor/lib/test/auto/PublisherPort2.xml (RunModel)" time="0.009" />
  <testcase classname="ptolemy.util.test.junit.AutoTests" name="[262] /home/travis/build/icyphy/ptII/ptolemy/actor/lib/test/auto/PublisherPort3.xml (RunModel)" time="0.022" />
  <testcase classname="ptolemy.util.test.junit.AutoTests" name="[263] /home/travis/build/icyphy/ptII/ptolemy/actor/lib/test/auto/PublisherPort4.xml (RunModel)" time="0.024" />
  <testcase classname="ptolemy.util.test.junit.AutoTests" name="[264] /home/travis/build/icyphy/ptII/ptolemy/actor/lib/test/auto/PublisherPort5.xml (RunModel)" time="0.019" />
  <testcase classname="ptolemy.util.test.junit.AutoTests" name="[265] /home/travis/build/icyphy/ptII/ptolemy/actor/lib/test/auto/PublisherPort5LookAlike.xml (RunModel)" time="0.023" />
  <testcase classname="ptolemy.util.test.junit.AutoTests" name="[266] /home/travis/build/icyphy/ptII/ptolemy/actor/lib/test/auto/PublisherPort6.xml (RunModel)" time="0.012" />
  <testcase classname="ptolemy.util.test.junit.AutoTests" name="[267] /home/travis/build/icyphy/ptII/ptolemy/actor/lib/test/auto/PublisherPort7.xml (RunModel)" time="0.021" />
  <testcase classname="ptolemy.util.test.junit.AutoTests" name="[268] /home/travis/build/icyphy/ptII/ptolemy/actor/lib/test/auto/PublisherPort8.xml (RunModel)" time="0.018" />
  <testcase classname="ptolemy.util.test.junit.AutoTests" name="[269] /home/travis/build/icyphy/ptII/ptolemy/actor/lib/test/auto/PublisherPortSubscriberChannelVariablesAOC2.xml (RunModel)" time="0.046" />
  <testcase classname="ptolemy.util.test.junit.AutoTests" name="[270] /home/travis/build/icyphy/ptII/ptolemy/actor/lib/test/auto/PublisherPortSubscriberOpaqueWidthInference.xml (RunModel)" time="0.018" />
  <testcase classname="ptolemy.util.test.junit.AutoTests" name="[271] /home/travis/build/icyphy/ptII/ptolemy/actor/lib/test/auto/PublisherPortSubscriberPortAdjacent.xml (RunModel)" time="0.023" />
  <testcase classname="ptolemy.util.test.junit.AutoTests" name="[272] /home/travis/build/icyphy/ptII/ptolemy/actor/lib/test/auto/PublisherPortSubscriberPortExpression.xml (RunModel)" time="0.021" />
  <testcase classname="ptolemy.util.test.junit.AutoTests" name="[273] /home/travis/build/icyphy/ptII/ptolemy/actor/lib/test/auto/PublisherPortSubscriberPortOpaqueD3Reverse.xml (RunModel)" time="0.042" />
  <testcase classname="ptolemy.util.test.junit.AutoTests" name="[274] /home/travis/build/icyphy/ptII/ptolemy/actor/lib/test/auto/PublisherPortSubscriberPortOpaqueWidthInference.xml (RunModel)" time="0.037" />
  <testcase classname="ptolemy.util.test.junit.AutoTests" name="[275] /home/travis/build/icyphy/ptII/ptolemy/actor/lib/test/auto/PublisherPortToplevelSubscriberPortAOC.xml (RunModel)" time="0.011" />
  <testcase classname="ptolemy.util.test.junit.AutoTests" name="[276] /home/travis/build/icyphy/ptII/ptolemy/actor/lib/test/auto/PublisherSubscriber.xml (RunModel)" time="0.012" />
  <testcase classname="ptolemy.util.test.junit.AutoTests" name="[277] /home/travis/build/icyphy/ptII/ptolemy/actor/lib/test/auto/PublisherSubscriber10.xml (RunModel)" time="0.018" />
  <testcase classname="ptolemy.util.test.junit.AutoTests" name="[278] /home/travis/build/icyphy/ptII/ptolemy/actor/lib/test/auto/PublisherSubscriber10InitialOutputs.xml (RunModel)" time="0.028" />
  <testcase classname="ptolemy.util.test.junit.AutoTests" name="[279] /home/travis/build/icyphy/ptII/ptolemy/actor/lib/test/auto/PublisherSubscriber11.xml (RunModel)" time="0.022" />
  <testcase classname="ptolemy.util.test.junit.AutoTests" name="[280] /home/travis/build/icyphy/ptII/ptolemy/actor/lib/test/auto/PublisherSubscriber12.xml (RunModel)" time="0.014" />
  <testcase classname="ptolemy.util.test.junit.AutoTests" name="[281] /home/travis/build/icyphy/ptII/ptolemy/actor/lib/test/auto/PublisherSubscriber13.xml (RunModel)" time="0.011" />
  <testcase classname="ptolemy.util.test.junit.AutoTests" name="[282] /home/travis/build/icyphy/ptII/ptolemy/actor/lib/test/auto/PublisherSubscriber14.xml (RunModel)" time="0.018" />
  <testcase classname="ptolemy.util.test.junit.AutoTests" name="[283] /home/travis/build/icyphy/ptII/ptolemy/actor/lib/test/auto/PublisherSubscriber2.xml (RunModel)" time="0.011" />
  <testcase classname="ptolemy.util.test.junit.AutoTests" name="[284] /home/travis/build/icyphy/ptII/ptolemy/actor/lib/test/auto/PublisherSubscriber3.xml (RunModel)" time="0.009" />
  <testcase classname="ptolemy.util.test.junit.AutoTests" name="[285] /home/travis/build/icyphy/ptII/ptolemy/actor/lib/test/auto/PublisherSubscriber4.xml (RunModel)" time="0.008" />
  <testcase classname="ptolemy.util.test.junit.AutoTests" name="[286] /home/travis/build/icyphy/ptII/ptolemy/actor/lib/test/auto/PublisherSubscriber5.xml (RunModel)" time="0.014" />
  <testcase classname="ptolemy.util.test.junit.AutoTests" name="[287] /home/travis/build/icyphy/ptII/ptolemy/actor/lib/test/auto/PublisherSubscriber6.xml (RunModel)" time="0.016" />
  <testcase classname="ptolemy.util.test.junit.AutoTests" name="[288] /home/travis/build/icyphy/ptII/ptolemy/actor/lib/test/auto/PublisherSubscriber7.xml (RunModel)" time="0.017" />
  <testcase classname="ptolemy.util.test.junit.AutoTests" name="[289] /home/travis/build/icyphy/ptII/ptolemy/actor/lib/test/auto/PublisherSubscriber8.xml (RunModel)" time="0.028" />
  <testcase classname="ptolemy.util.test.junit.AutoTests" name="[290] /home/travis/build/icyphy/ptII/ptolemy/actor/lib/test/auto/PublisherSubscriber9.xml (RunModel)" time="0.015" />
  <testcase classname="ptolemy.util.test.junit.AutoTests" name="[291] /home/travis/build/icyphy/ptII/ptolemy/actor/lib/test/auto/PublisherSubscriberAdjacent.xml (RunModel)" time="0.014" />
  <testcase classname="ptolemy.util.test.junit.AutoTests" name="[292] /home/travis/build/icyphy/ptII/ptolemy/actor/lib/test/auto/PublisherSubscriberChannelVariablesAOC2.xml (RunModel)" time="0.023" />
  <testcase classname="ptolemy.util.test.junit.AutoTests" name="[293] /home/travis/build/icyphy/ptII/ptolemy/actor/lib/test/auto/PublisherSubscriberD3.xml (RunModel)" time="0.013" />
  <testcase classname="ptolemy.util.test.junit.AutoTests" name="[294] /home/travis/build/icyphy/ptII/ptolemy/actor/lib/test/auto/PublisherSubscriberD3Reverse.xml (RunModel)" time="0.011" />
  <testcase classname="ptolemy.util.test.junit.AutoTests" name="[295] /home/travis/build/icyphy/ptII/ptolemy/actor/lib/test/auto/PublisherSubscriberExpression.xml (RunModel)" time="0.015" />
  <testcase classname="ptolemy.util.test.junit.AutoTests" name="[296] /home/travis/build/icyphy/ptII/ptolemy/actor/lib/test/auto/PublisherSubscriberOpaque.xml (RunModel)" time="0.021" />
  <testcase classname="ptolemy.util.test.junit.AutoTests" name="[297] /home/travis/build/icyphy/ptII/ptolemy/actor/lib/test/auto/PublisherSubscriberOpaqueD3.xml (RunModel)" time="0.026" />
  <testcase classname="ptolemy.util.test.junit.AutoTests" name="[298] /home/travis/build/icyphy/ptII/ptolemy/actor/lib/test/auto/PublisherSubscriberOpaqueD3Reverse.xml (RunModel)" time="0.029" />
  <testcase classname="ptolemy.util.test.junit.AutoTests" name="[299] /home/travis/build/icyphy/ptII/ptolemy/actor/lib/test/auto/PublisherSubscriberOpaqueWidthInference.xml (RunModel)" time="0.023" />
  <testcase classname="ptolemy.util.test.junit.AutoTests" name="[300] /home/travis/build/icyphy/ptII/ptolemy/actor/lib/test/auto/PublisherTestSubscriber.xml (RunModel)" time="0.018" />
  <testcase classname="ptolemy.util.test.junit.AutoTests" name="[301] /home/travis/build/icyphy/ptII/ptolemy/actor/lib/test/auto/PublisherToplevelSubscriberPortAOC.xml (RunModel)" time="0.016" />
  <testcase classname="ptolemy.util.test.junit.AutoTests" name="[302] /home/travis/build/icyphy/ptII/ptolemy/actor/lib/test/auto/PulseFiringLimitDE.xml (RunModel)" time="0.018" />
  <testcase classname="ptolemy.util.test.junit.AutoTests" name="[303] /home/travis/build/icyphy/ptII/ptolemy/actor/lib/test/auto/Ramp1.xml (RunModel)" time="0.008" />
  <testcase classname="ptolemy.util.test.junit.AutoTests" name="[304] /home/travis/build/icyphy/ptII/ptolemy/actor/lib/test/auto/RampFiringLimitDE.xml (RunModel)" time="0.012" />
  <testcase classname="ptolemy.util.test.junit.AutoTests" name="[305] /home/travis/build/icyphy/ptII/ptolemy/actor/lib/test/auto/RampFiringLimitSDF.xml (RunModel)" time="0.013" />
  <testcase classname="ptolemy.util.test.junit.AutoTests" name="[306] /home/travis/build/icyphy/ptII/ptolemy/actor/lib/test/auto/RandomInteger.xml (RunModel)" time="0.011" />
  <testcase classname="ptolemy.util.test.junit.AutoTests" name="[307] /home/travis/build/icyphy/ptII/ptolemy/actor/lib/test/auto/ReadFile1.xml (RunModel)" time="0.009" />
  <testcase classname="ptolemy.util.test.junit.AutoTests" name="[308] /home/travis/build/icyphy/ptII/ptolemy/actor/lib/test/auto/ReadFile2.xml (RunModel)" time="0.008" />
  <testcase classname="ptolemy.util.test.junit.AutoTests" name="[309] /home/travis/build/icyphy/ptII/ptolemy/actor/lib/test/auto/Reader.xml (RunModel)" time="0.019" />
  <testcase classname="ptolemy.util.test.junit.AutoTests" name="[310] /home/travis/build/icyphy/ptII/ptolemy/actor/lib/test/auto/RecordAssemblerDisplayNameTest.xml (RunModel)" time="3.114" />
  <testcase classname="ptolemy.util.test.junit.AutoTests" name="[311] /home/travis/build/icyphy/ptII/ptolemy/actor/lib/test/auto/RecordAssemblerTypeError.xml (RunModel)" time="0.053" />
  <testcase classname="ptolemy.util.test.junit.AutoTests" name="[312] /home/travis/build/icyphy/ptII/ptolemy/actor/lib/test/auto/RecordDisassember.xml (RunModel)" time="0.015" />
  <testcase classname="ptolemy.util.test.junit.AutoTests" name="[313] /home/travis/build/icyphy/ptII/ptolemy/actor/lib/test/auto/RecordDisassemberDisplayNameTest.xml (RunModel)" time="0.022" />
  <testcase classname="ptolemy.util.test.junit.AutoTests" name="[314] /home/travis/build/icyphy/ptII/ptolemy/actor/lib/test/auto/RecordDisassembler.xml (RunModel)" time="0.01" />
  <testcase classname="ptolemy.util.test.junit.AutoTests" name="[315] /home/travis/build/icyphy/ptII/ptolemy/actor/lib/test/auto/RecordDisassembler2.xml (RunModel)" time="0.01" />
  <testcase classname="ptolemy.util.test.junit.AutoTests" name="[316] /home/travis/build/icyphy/ptII/ptolemy/actor/lib/test/auto/RecordUpdater.xml (RunModel)" time="0.01" />
  <testcase classname="ptolemy.util.test.junit.AutoTests" name="[317] /home/travis/build/icyphy/ptII/ptolemy/actor/lib/test/auto/RecordUpdater2.xml (RunModel)" time="0.008" />
  <testcase classname="ptolemy.util.test.junit.AutoTests" name="[318] /home/travis/build/icyphy/ptII/ptolemy/actor/lib/test/auto/RecursiveLattice.xml (RunModel)" time="0.009" />
  <testcase classname="ptolemy.util.test.junit.AutoTests" name="[319] /home/travis/build/icyphy/ptII/ptolemy/actor/lib/test/auto/Router.xml (RunModel)" time="3.024" />
  <testcase classname="ptolemy.util.test.junit.AutoTests" name="[320] /home/travis/build/icyphy/ptII/ptolemy/actor/lib/test/auto/Router2.xml (RunModel)" time="3.027" />
  <testcase classname="ptolemy.util.test.junit.AutoTests" name="[321] /home/travis/build/icyphy/ptII/ptolemy/actor/lib/test/auto/RunningMaximum.xml (RunModel)" time="0.014" />
  <testcase classname="ptolemy.util.test.junit.AutoTests" name="[322] /home/travis/build/icyphy/ptII/ptolemy/actor/lib/test/auto/RunningMinimum.xml (RunModel)" time="0.014" />
  <testcase classname="ptolemy.util.test.junit.AutoTests" name="[323] /home/travis/build/icyphy/ptII/ptolemy/actor/lib/test/auto/Scale.xml (RunModel)" time="0.008" />
  <testcase classname="ptolemy.util.test.junit.AutoTests" name="[324] /home/travis/build/icyphy/ptII/ptolemy/actor/lib/test/auto/Scale2.xml (RunModel)" time="0.016" />
  <testcase classname="ptolemy.util.test.junit.AutoTests" name="[325] /home/travis/build/icyphy/ptII/ptolemy/actor/lib/test/auto/Scale3.xml (RunModel)" time="0.02" />
  <testcase classname="ptolemy.util.test.junit.AutoTests" name="[326] /home/travis/build/icyphy/ptII/ptolemy/actor/lib/test/auto/ScaleArray.xml (RunModel)" time="0.008" />
  <testcase classname="ptolemy.util.test.junit.AutoTests" name="[327] /home/travis/build/icyphy/ptII/ptolemy/actor/lib/test/auto/ScaleArray2.xml (RunModel)" time="0.008" />
  <testcase classname="ptolemy.util.test.junit.AutoTests" name="[328] /home/travis/build/icyphy/ptII/ptolemy/actor/lib/test/auto/ScaleMatrix.xml (RunModel)" time="0.15" />
  <testcase classname="ptolemy.util.test.junit.AutoTests" name="[329] /home/travis/build/icyphy/ptII/ptolemy/actor/lib/test/auto/Select.xml (RunModel)" time="0.015" />
  <testcase classname="ptolemy.util.test.junit.AutoTests" name="[330] /home/travis/build/icyphy/ptII/ptolemy/actor/lib/test/auto/Select2.xml (RunModel)" time="0.008" />
  <testcase classname="ptolemy.util.test.junit.AutoTests" name="[331] /home/travis/build/icyphy/ptII/ptolemy/actor/lib/test/auto/SequenceToArray2.xml (RunModel)" time="0.153" />
  <testcase classname="ptolemy.util.test.junit.AutoTests" name="[332] /home/travis/build/icyphy/ptII/ptolemy/actor/lib/test/auto/SequentialClock.xml (RunModel)" time="0.012" />
  <testcase classname="ptolemy.util.test.junit.AutoTests" name="[333] /home/travis/build/icyphy/ptII/ptolemy/actor/lib/test/auto/SetVariable.xml (RunModel)" time="0.015" />
  <testcase classname="ptolemy.util.test.junit.AutoTests" name="[334] /home/travis/build/icyphy/ptII/ptolemy/actor/lib/test/auto/SetVariable2.xml (RunModel)" time="0.01" />
  <testcase classname="ptolemy.util.test.junit.AutoTests" name="[335] /home/travis/build/icyphy/ptII/ptolemy/actor/lib/test/auto/SetVariable3.xml (RunModel)" time="0.018" />
  <testcase classname="ptolemy.util.test.junit.AutoTests" name="[336] /home/travis/build/icyphy/ptII/ptolemy/actor/lib/test/auto/SetVariable4.xml (RunModel)" time="0.037" />
  <testcase classname="ptolemy.util.test.junit.AutoTests" name="[337] /home/travis/build/icyphy/ptII/ptolemy/actor/lib/test/auto/SetVariable5.xml (RunModel)" time="0.042" />
  <testcase classname="ptolemy.util.test.junit.AutoTests" name="[338] /home/travis/build/icyphy/ptII/ptolemy/actor/lib/test/auto/Sinewave.xml (RunModel)" time="0.028" />
  <testcase classname="ptolemy.util.test.junit.AutoTests" name="[339] /home/travis/build/icyphy/ptII/ptolemy/actor/lib/test/auto/Sinewave2.xml (RunModel)" time="0.02" />
  <testcase classname="ptolemy.util.test.junit.AutoTests" name="[340] /home/travis/build/icyphy/ptII/ptolemy/actor/lib/test/auto/Sinewave3.xml (RunModel)" time="0.028" />
  <testcase classname="ptolemy.util.test.junit.AutoTests" name="[341] /home/travis/build/icyphy/ptII/ptolemy/actor/lib/test/auto/SingleEvent.xml (RunModel)" time="0.009" />
  <testcase classname="ptolemy.util.test.junit.AutoTests" name="[342] /home/travis/build/icyphy/ptII/ptolemy/actor/lib/test/auto/Sleep.xml (RunModel)" time="6.019" />
  <testcase classname="ptolemy.util.test.junit.AutoTests" name="[343] /home/travis/build/icyphy/ptII/ptolemy/actor/lib/test/auto/SleepMultipleFire.xml (RunModel)" time="1.019" />
  <testcase classname="ptolemy.util.test.junit.AutoTests" name="[344] /home/travis/build/icyphy/ptII/ptolemy/actor/lib/test/auto/StopDE.xml (RunModel)" time="0.011" />
  <testcase classname="ptolemy.util.test.junit.AutoTests" name="[345] /home/travis/build/icyphy/ptII/ptolemy/actor/lib/test/auto/StopSDF.xml (RunModel)" time="0.013" />
  <testcase classname="ptolemy.util.test.junit.AutoTests" name="[346] /home/travis/build/icyphy/ptII/ptolemy/actor/lib/test/auto/StringConstant.xml (RunModel)" time="0.013" />
  <testcase classname="ptolemy.util.test.junit.AutoTests" name="[347] /home/travis/build/icyphy/ptII/ptolemy/actor/lib/test/auto/SubscriberPortInitialValues1.xml (RunModel)" time="0.022" />
  <testcase classname="ptolemy.util.test.junit.AutoTests" name="[348] /home/travis/build/icyphy/ptII/ptolemy/actor/lib/test/auto/SubscriberPortInitialValues13.xml (RunModel)" time="0.022" />
  <testcase classname="ptolemy.util.test.junit.AutoTests" name="[349] /home/travis/build/icyphy/ptII/ptolemy/actor/lib/test/auto/SubscriberPortInitialValues14.xml (RunModel)" time="0.014" />
  <testcase classname="ptolemy.util.test.junit.AutoTests" name="[350] /home/travis/build/icyphy/ptII/ptolemy/actor/lib/test/auto/SubscriberPortInitialValues2.xml (RunModel)" time="0.013" />
  <testcase classname="ptolemy.util.test.junit.AutoTests" name="[351] /home/travis/build/icyphy/ptII/ptolemy/actor/lib/test/auto/SubscriberPortInitialValues3.xml (RunModel)" time="0.019" />
  <testcase classname="ptolemy.util.test.junit.AutoTests" name="[352] /home/travis/build/icyphy/ptII/ptolemy/actor/lib/test/auto/SubscriptionAggregator.xml (RunModel)" time="0.008" />
  <testcase classname="ptolemy.util.test.junit.AutoTests" name="[353] /home/travis/build/icyphy/ptII/ptolemy/actor/lib/test/auto/SubscriptionAggregator2.xml (RunModel)" time="0.008" />
  <testcase classname="ptolemy.util.test.junit.AutoTests" name="[354] /home/travis/build/icyphy/ptII/ptolemy/actor/lib/test/auto/SubscriptionAggregator3.xml (RunModel)" time="0.013" />
  <testcase classname="ptolemy.util.test.junit.AutoTests" name="[355] /home/travis/build/icyphy/ptII/ptolemy/actor/lib/test/auto/SubscriptionAggregatorMultiply.xml (RunModel)" time="0.021" />
  <testcase classname="ptolemy.util.test.junit.AutoTests" name="[356] /home/travis/build/icyphy/ptII/ptolemy/actor/lib/test/auto/SubscriptionAggregatorPortMultiply1.xml (RunModel)" time="0.012" />
  <testcase classname="ptolemy.util.test.junit.AutoTests" name="[357] /home/travis/build/icyphy/ptII/ptolemy/actor/lib/test/auto/Switch.xml (RunModel)" time="0.017" />
  <testcase classname="ptolemy.util.test.junit.AutoTests" name="[358] /home/travis/build/icyphy/ptII/ptolemy/actor/lib/test/auto/Switch2.xml (RunModel)" time="0.008" />
  <testcase classname="ptolemy.util.test.junit.AutoTests" name="[359] /home/travis/build/icyphy/ptII/ptolemy/actor/lib/test/auto/SwitchDE.xml (RunModel)" time="0.014" />
  <testcase classname="ptolemy.util.test.junit.AutoTests" name="[360] /home/travis/build/icyphy/ptII/ptolemy/actor/lib/test/auto/SynchronizerDE.xml (RunModel)" time="0.03" />
  <testcase classname="ptolemy.util.test.junit.AutoTests" name="[361] /home/travis/build/icyphy/ptII/ptolemy/actor/lib/test/auto/Test.xml (RunModel)" time="0.016" />
  <testcase classname="ptolemy.util.test.junit.AutoTests" name="[362] /home/travis/build/icyphy/ptII/ptolemy/actor/lib/test/auto/TestExceptionAttribute1.xml (RunModel)" time="0.006" />
  <testcase classname="ptolemy.util.test.junit.AutoTests" name="[363] /home/travis/build/icyphy/ptII/ptolemy/actor/lib/test/auto/TestExceptionAttribute2.xml (RunModel)" time="0.009" />
  <testcase classname="ptolemy.util.test.junit.AutoTests" name="[364] /home/travis/build/icyphy/ptII/ptolemy/actor/lib/test/auto/TestExceptionAttribute3.xml (RunModel)" time="0.01" />
  <testcase classname="ptolemy.util.test.junit.AutoTests" name="[365] /home/travis/build/icyphy/ptII/ptolemy/actor/lib/test/auto/TestExceptionAttribute4.xml (RunModel)" time="0.007" />
  <testcase classname="ptolemy.util.test.junit.AutoTests" name="[366] /home/travis/build/icyphy/ptII/ptolemy/actor/lib/test/auto/TestExceptionHandler1.xml (RunModel)" time="0.005" />
  <testcase classname="ptolemy.util.test.junit.AutoTests" name="[367] /home/travis/build/icyphy/ptII/ptolemy/actor/lib/test/auto/TestExceptionHandler2.xml (RunModel)" time="0.008" />
  <testcase classname="ptolemy.util.test.junit.AutoTests" name="[368] /home/travis/build/icyphy/ptII/ptolemy/actor/lib/test/auto/TestExceptionHandler3.xml (RunModel)" time="0.005" />
  <testcase classname="ptolemy.util.test.junit.AutoTests" name="[369] /home/travis/build/icyphy/ptII/ptolemy/actor/lib/test/auto/TestExceptionHandler4.xml (RunModel)" time="0.005" />
  <testcase classname="ptolemy.util.test.junit.AutoTests" name="[370] /home/travis/build/icyphy/ptII/ptolemy/actor/lib/test/auto/TestRequireCorrectOrder.xml (RunModel)" time="0.012" />
  <testcase classname="ptolemy.util.test.junit.AutoTests" name="[371] /home/travis/build/icyphy/ptII/ptolemy/actor/lib/test/auto/TestSimple.xml (RunModel)" time="0.006" />
  <testcase classname="ptolemy.util.test.junit.AutoTests" name="[372] /home/travis/build/icyphy/ptII/ptolemy/actor/lib/test/auto/ThrowModelError.xml (RunModel)" time="0.009" />
  <testcase classname="ptolemy.util.test.junit.AutoTests" name="[373] /home/travis/build/icyphy/ptII/ptolemy/actor/lib/test/auto/TimeDelayMicrosteps.xml (RunModel)" time="0.012" />
  <testcase classname="ptolemy.util.test.junit.AutoTests" name="[374] /home/travis/build/icyphy/ptII/ptolemy/actor/lib/test/auto/TimeDelayMicrosteps2.xml (RunModel)" time="0.014" />
  <testcase classname="ptolemy.util.test.junit.AutoTests" name="[375] /home/travis/build/icyphy/ptII/ptolemy/actor/lib/test/auto/TimeDelayMicrosteps3.xml (RunModel)" time="0.012" />
  <testcase classname="ptolemy.util.test.junit.AutoTests" name="[376] /home/travis/build/icyphy/ptII/ptolemy/actor/lib/test/auto/TimeDelayVariableMicrosteps.xml (RunModel)" time="0.01" />
  <testcase classname="ptolemy.util.test.junit.AutoTests" name="[377] /home/travis/build/icyphy/ptII/ptolemy/actor/lib/test/auto/TimeGap.xml (RunModel)" time="0.013" />
  <testcase classname="ptolemy.util.test.junit.AutoTests" name="[378] /home/travis/build/icyphy/ptII/ptolemy/actor/lib/test/auto/TimeGap2.xml (RunModel)" time="0.01" />
  <testcase classname="ptolemy.util.test.junit.AutoTests" name="[379] /home/travis/build/icyphy/ptII/ptolemy/actor/lib/test/auto/TimedSinewave.xml (RunModel)" time="0.046" />
  <testcase classname="ptolemy.util.test.junit.AutoTests" name="[380] /home/travis/build/icyphy/ptII/ptolemy/actor/lib/test/auto/TimedSinewavePhase.xml (RunModel)" time="0.037" />
  <testcase classname="ptolemy.util.test.junit.AutoTests" name="[381] /home/travis/build/icyphy/ptII/ptolemy/actor/lib/test/auto/Timer.xml (RunModel)" time="0.018" />
  <testcase classname="ptolemy.util.test.junit.AutoTests" name="[382] /home/travis/build/icyphy/ptII/ptolemy/actor/lib/test/auto/TriangularDistTestModel.xml (RunModel)" time="0.015" />
  <testcase classname="ptolemy.util.test.junit.AutoTests" name="[383] /home/travis/build/icyphy/ptII/ptolemy/actor/lib/test/auto/TrigFunction.xml (RunModel)" time="0.007" />
  <testcase classname="ptolemy.util.test.junit.AutoTests" name="[384] /home/travis/build/icyphy/ptII/ptolemy/actor/lib/test/auto/TrigFunctionDE.xml (RunModel)" time="0.009" />
  <testcase classname="ptolemy.util.test.junit.AutoTests" name="[385] /home/travis/build/icyphy/ptII/ptolemy/actor/lib/test/auto/TrigFunctionInverse.xml (RunModel)" time="0.008" />
  <testcase classname="ptolemy.util.test.junit.AutoTests" name="[386] /home/travis/build/icyphy/ptII/ptolemy/actor/lib/test/auto/TrigFunctionTan.xml (RunModel)" time="0.005" />
  <testcase classname="ptolemy.util.test.junit.AutoTests" name="[387] /home/travis/build/icyphy/ptII/ptolemy/actor/lib/test/auto/TriggeredClock.xml (RunModel)" time="0.006" />
  <testcase classname="ptolemy.util.test.junit.AutoTests" name="[388] /home/travis/build/icyphy/ptII/ptolemy/actor/lib/test/auto/URLDirectoryReader.xml (RunModel)" time="0.111" />
  <testcase classname="ptolemy.util.test.junit.AutoTests" name="[389] /home/travis/build/icyphy/ptII/ptolemy/actor/lib/test/auto/URLDirectoryReader3.xml (RunModel)" time="1.769" />
  <testcase classname="ptolemy.util.test.junit.AutoTests" name="[390] /home/travis/build/icyphy/ptII/ptolemy/actor/lib/test/auto/UnaryMathFunction.xml (RunModel)" time="0.026" />
  <testcase classname="ptolemy.util.test.junit.AutoTests" name="[391] /home/travis/build/icyphy/ptII/ptolemy/actor/lib/test/auto/Uniform.xml (RunModel)" time="0.013" />
  <testcase classname="ptolemy.util.test.junit.AutoTests" name="[392] /home/travis/build/icyphy/ptII/ptolemy/actor/lib/test/auto/UnionDisassemblerTest.xml (RunModel)" time="0.021" />
  <testcase classname="ptolemy.util.test.junit.AutoTests" name="[393] /home/travis/build/icyphy/ptII/ptolemy/actor/lib/test/auto/UtilityFunctions.xml (RunModel)" time="0.008" />
  <testcase classname="ptolemy.util.test.junit.AutoTests" name="[394] /home/travis/build/icyphy/ptII/ptolemy/actor/lib/test/auto/VariableSleep.xml (RunModel)" time="0.516" />
  <testcase classname="ptolemy.util.test.junit.AutoTests" name="[395] /home/travis/build/icyphy/ptII/ptolemy/actor/lib/test/auto/VectorAssemblerDisassemblerCT.xml (RunModel)" time="0.105" />
  <testcase classname="ptolemy.util.test.junit.AutoTests" name="[396] /home/travis/build/icyphy/ptII/ptolemy/actor/lib/test/auto/VectorAssemblerDisassemblerDE.xml (RunModel)" time="0.012" />
  <testcase classname="ptolemy.util.test.junit.AutoTests" name="[397] /home/travis/build/icyphy/ptII/ptolemy/actor/lib/test/auto/VectorAssemblerDisassemblerSDF.xml (RunModel)" time="0.011" />
  <testcase classname="ptolemy.util.test.junit.AutoTests" name="[398] /home/travis/build/icyphy/ptII/ptolemy/actor/lib/test/auto/WallClockTime.xml (RunModel)" time="1.01" />
  <testcase classname="ptolemy.util.test.junit.AutoTests" name="[399] /home/travis/build/icyphy/ptII/ptolemy/actor/lib/test/auto/WidthTestWithSubscriberPublisher.xml (RunModel)" time="0.072" />
  <testcase classname="ptolemy.util.test.junit.AutoTests" name="[400] /home/travis/build/icyphy/ptII/ptolemy/actor/lib/test/auto/WidthTestWithSubscriberPublisher2.xml (RunModel)" time="0.015" />
  <testcase classname="ptolemy.util.test.junit.AutoTests" name="[401] /home/travis/build/icyphy/ptII/ptolemy/actor/lib/test/auto/WidthTestWithSubscriberPublisher3.xml (RunModel)" time="0.009" />
  <testcase classname="ptolemy.util.test.junit.AutoTests" name="[402] /home/travis/build/icyphy/ptII/ptolemy/actor/lib/test/auto/Writer.xml (RunModel)" time="0.006" />
  <testcase classname="ptolemy.util.test.junit.AutoTests" name="[403] /home/travis/build/icyphy/ptII/ptolemy/actor/lib/test/auto/array.xml (RunModel)" time="0.007" />
  <testcase classname="ptolemy.util.test.junit.AutoTests" name="[404] /home/travis/build/icyphy/ptII/ptolemy/actor/lib/test/auto/array2.xml (RunModel)" time="0.026" />
  <testcase classname="ptolemy.util.test.junit.AutoTests" name="[405] /home/travis/build/icyphy/ptII/ptolemy/actor/lib/test/auto/arrayType.xml (RunModel)" time="0.01" />
  <testcase classname="ptolemy.util.test.junit.AutoTests" name="[406] /home/travis/build/icyphy/ptII/ptolemy/actor/lib/test/auto/arrayType10.xml (RunModel)" time="0.007" />
  <testcase classname="ptolemy.util.test.junit.AutoTests" name="[407] /home/travis/build/icyphy/ptII/ptolemy/actor/lib/test/auto/arrayType11.xml (RunModel)" time="0.007" />
  <testcase classname="ptolemy.util.test.junit.AutoTests" name="[408] /home/travis/build/icyphy/ptII/ptolemy/actor/lib/test/auto/arrayType12.xml (RunModel)" time="0.007" />
  <testcase classname="ptolemy.util.test.junit.AutoTests" name="[409] /home/travis/build/icyphy/ptII/ptolemy/actor/lib/test/auto/arrayType13.xml (RunModel)" time="0.007" />
  <testcase classname="ptolemy.util.test.junit.AutoTests" name="[410] /home/travis/build/icyphy/ptII/ptolemy/actor/lib/test/auto/arrayType14.xml (RunModel)" time="0.007" />
  <testcase classname="ptolemy.util.test.junit.AutoTests" name="[411] /home/travis/build/icyphy/ptII/ptolemy/actor/lib/test/auto/arrayType15.xml (RunModel)" time="0.009" />
  <testcase classname="ptolemy.util.test.junit.AutoTests" name="[412] /home/travis/build/icyphy/ptII/ptolemy/actor/lib/test/auto/arrayType16.xml (RunModel)" time="0.008" />
  <testcase classname="ptolemy.util.test.junit.AutoTests" name="[413] /home/travis/build/icyphy/ptII/ptolemy/actor/lib/test/auto/arrayType17.xml (RunModel)" time="0.009" />
  <testcase classname="ptolemy.util.test.junit.AutoTests" name="[414] /home/travis/build/icyphy/ptII/ptolemy/actor/lib/test/auto/arrayType18.xml (RunModel)" time="0.007" />
  <testcase classname="ptolemy.util.test.junit.AutoTests" name="[415] /home/travis/build/icyphy/ptII/ptolemy/actor/lib/test/auto/arrayType19.xml (RunModel)" time="0.006" />
  <testcase classname="ptolemy.util.test.junit.AutoTests" name="[416] /home/travis/build/icyphy/ptII/ptolemy/actor/lib/test/auto/arrayType2.xml (RunModel)" time="0.007" />
  <testcase classname="ptolemy.util.test.junit.AutoTests" name="[417] /home/travis/build/icyphy/ptII/ptolemy/actor/lib/test/auto/arrayType20.xml (RunModel)" time="0.007" />
  <testcase classname="ptolemy.util.test.junit.AutoTests" name="[418] /home/travis/build/icyphy/ptII/ptolemy/actor/lib/test/auto/arrayType21.xml (RunModel)" time="0.006" />
  <testcase classname="ptolemy.util.test.junit.AutoTests" name="[419] /home/travis/build/icyphy/ptII/ptolemy/actor/lib/test/auto/arrayType22.xml (RunModel)" time="0.006" />
  <testcase classname="ptolemy.util.test.junit.AutoTests" name="[420] /home/travis/build/icyphy/ptII/ptolemy/actor/lib/test/auto/arrayType23.xml (RunModel)" time="0.006" />
  <testcase classname="ptolemy.util.test.junit.AutoTests" name="[421] /home/travis/build/icyphy/ptII/ptolemy/actor/lib/test/auto/arrayType24.xml (RunModel)" time="0.007" />
  <testcase classname="ptolemy.util.test.junit.AutoTests" name="[422] /home/travis/build/icyphy/ptII/ptolemy/actor/lib/test/auto/arrayType25.xml (RunModel)" time="0.007" />
  <testcase classname="ptolemy.util.test.junit.AutoTests" name="[423] /home/travis/build/icyphy/ptII/ptolemy/actor/lib/test/auto/arrayType26.xml (RunModel)" time="0.006" />
  <testcase classname="ptolemy.util.test.junit.AutoTests" name="[424] /home/travis/build/icyphy/ptII/ptolemy/actor/lib/test/auto/arrayType27.xml (RunModel)" time="0.007" />
  <testcase classname="ptolemy.util.test.junit.AutoTests" name="[425] /home/travis/build/icyphy/ptII/ptolemy/actor/lib/test/auto/arrayType28.xml (RunModel)" time="0.008" />
  <testcase classname="ptolemy.util.test.junit.AutoTests" name="[426] /home/travis/build/icyphy/ptII/ptolemy/actor/lib/test/auto/arrayType3.xml (RunModel)" time="0.007" />
  <testcase classname="ptolemy.util.test.junit.AutoTests" name="[427] /home/travis/build/icyphy/ptII/ptolemy/actor/lib/test/auto/arrayType4.xml (RunModel)" time="0.007" />
  <testcase classname="ptolemy.util.test.junit.AutoTests" name="[428] /home/travis/build/icyphy/ptII/ptolemy/actor/lib/test/auto/arrayType5.xml (RunModel)" time="0.011" />
  <testcase classname="ptolemy.util.test.junit.AutoTests" name="[429] /home/travis/build/icyphy/ptII/ptolemy/actor/lib/test/auto/arrayType6.xml (RunModel)" time="0.007" />
  <testcase classname="ptolemy.util.test.junit.AutoTests" name="[430] /home/travis/build/icyphy/ptII/ptolemy/actor/lib/test/auto/arrayType7.xml (RunModel)" time="0.007" />
  <testcase classname="ptolemy.util.test.junit.AutoTests" name="[431] /home/travis/build/icyphy/ptII/ptolemy/actor/lib/test/auto/arrayType8.xml (RunModel)" time="0.007" />
  <testcase classname="ptolemy.util.test.junit.AutoTests" name="[432] /home/travis/build/icyphy/ptII/ptolemy/actor/lib/test/auto/arrayType9.xml (RunModel)" time="0.006" />
  <testcase classname="ptolemy.util.test.junit.AutoTests" name="[433] /home/travis/build/icyphy/ptII/ptolemy/actor/lib/test/auto/cast.xml (RunModel)" time="0.008" />
  <testcase classname="ptolemy.util.test.junit.AutoTests" name="[434] /home/travis/build/icyphy/ptII/ptolemy/actor/lib/test/auto/compositeMultiPort.xml (RunModel)" time="0.013" />
  <testcase classname="ptolemy.util.test.junit.AutoTests" name="[435] /home/travis/build/icyphy/ptII/ptolemy/actor/lib/test/auto/expressionCastInference.xml (RunModel)" time="0.031" />
  <testcase classname="ptolemy.util.test.junit.AutoTests" name="[436] /home/travis/build/icyphy/ptII/ptolemy/actor/lib/test/auto/expressionCastInference2.xml (RunModel)" time="0.025" />
  <testcase classname="ptolemy.util.test.junit.AutoTests" name="[437] /home/travis/build/icyphy/ptII/ptolemy/actor/lib/test/auto/expressionInference.xml (RunModel)" time="0.032" />
  <testcase classname="ptolemy.util.test.junit.AutoTests" name="[438] /home/travis/build/icyphy/ptII/ptolemy/actor/lib/test/auto/expression_bug.xml (RunModel)" time="0.027" />
  <testcase classname="ptolemy.util.test.junit.AutoTests" name="[439] /home/travis/build/icyphy/ptII/ptolemy/actor/lib/test/auto/factorial.xml (RunModel)" time="0.105" />
  <testcase classname="ptolemy.util.test.junit.AutoTests" name="[440] /home/travis/build/icyphy/ptII/ptolemy/actor/lib/test/auto/filterTest1.xml (RunModel)" time="0.01" />
  <testcase classname="ptolemy.util.test.junit.AutoTests" name="[441] /home/travis/build/icyphy/ptII/ptolemy/actor/lib/test/auto/funcApplyInConst.xml (RunModel)" time="0.004" />
  <testcase classname="ptolemy.util.test.junit.AutoTests" name="[442] /home/travis/build/icyphy/ptII/ptolemy/actor/lib/test/auto/funcApplyInExpr.xml (RunModel)" time="0.023" />
  <testcase classname="ptolemy.util.test.junit.AutoTests" name="[443] /home/travis/build/icyphy/ptII/ptolemy/actor/lib/test/auto/function.xml (RunModel)" time="0.029" />
  <testcase classname="ptolemy.util.test.junit.AutoTests" name="[444] /home/travis/build/icyphy/ptII/ptolemy/actor/lib/test/auto/function2.xml (RunModel)" time="0.009" />
  <testcase classname="ptolemy.util.test.junit.AutoTests" name="[445] /home/travis/build/icyphy/ptII/ptolemy/actor/lib/test/auto/function3.xml (RunModel)" time="0.006" />
  <testcase classname="ptolemy.util.test.junit.AutoTests" name="[446] /home/travis/build/icyphy/ptII/ptolemy/actor/lib/test/auto/functionClosureTest1.xml (RunModel)" time="0.009" />
  <testcase classname="ptolemy.util.test.junit.AutoTests" name="[447] /home/travis/build/icyphy/ptII/ptolemy/actor/lib/test/auto/functionClosureTest2.xml (RunModel)" time="0.004" />
  <testcase classname="ptolemy.util.test.junit.AutoTests" name="[448] /home/travis/build/icyphy/ptII/ptolemy/actor/lib/test/auto/functionClosureTest3.xml (RunModel)" time="0.009" />
  <testcase classname="ptolemy.util.test.junit.AutoTests" name="[449] /home/travis/build/icyphy/ptII/ptolemy/actor/lib/test/auto/functionClosureTest4.xml (RunModel)" time="0.011" />
  <testcase classname="ptolemy.util.test.junit.AutoTests" name="[450] /home/travis/build/icyphy/ptII/ptolemy/actor/lib/test/auto/functionClosureTest5.xml (RunModel)" time="0.009" />
  <testcase classname="ptolemy.util.test.junit.AutoTests" name="[451] /home/travis/build/icyphy/ptII/ptolemy/actor/lib/test/auto/functionClosureTest6.xml (RunModel)" time="0.006" />
  <testcase classname="ptolemy.util.test.junit.AutoTests" name="[452] /home/travis/build/icyphy/ptII/ptolemy/actor/lib/test/auto/functionsOnArcs.xml (RunModel)" time="0.008" />
  <testcase classname="ptolemy.util.test.junit.AutoTests" name="[453] /home/travis/build/icyphy/ptII/ptolemy/actor/lib/test/auto/functionsOnArcsHOF.xml (RunModel)" time="0.01" />
  <testcase classname="ptolemy.util.test.junit.AutoTests" name="[454] /home/travis/build/icyphy/ptII/ptolemy/actor/lib/test/auto/logic.xml (RunModel)" time="0.014" />
  <testcase classname="ptolemy.util.test.junit.AutoTests" name="[455] /home/travis/build/icyphy/ptII/ptolemy/actor/lib/test/auto/matrixType.xml (RunModel)" time="0.006" />
  <testcase classname="ptolemy.util.test.junit.AutoTests" name="[456] /home/travis/build/icyphy/ptII/ptolemy/actor/lib/test/auto/matrixType10.xml (RunModel)" time="0.006" />
  <testcase classname="ptolemy.util.test.junit.AutoTests" name="[457] /home/travis/build/icyphy/ptII/ptolemy/actor/lib/test/auto/matrixType11.xml (RunModel)" time="0.008" />
  <testcase classname="ptolemy.util.test.junit.AutoTests" name="[458] /home/travis/build/icyphy/ptII/ptolemy/actor/lib/test/auto/matrixType12.xml (RunModel)" time="0.009" />
  <testcase classname="ptolemy.util.test.junit.AutoTests" name="[459] /home/travis/build/icyphy/ptII/ptolemy/actor/lib/test/auto/matrixType13.xml (RunModel)" time="0.006" />
  <testcase classname="ptolemy.util.test.junit.AutoTests" name="[460] /home/travis/build/icyphy/ptII/ptolemy/actor/lib/test/auto/matrixType14.xml (RunModel)" time="0.008" />
  <testcase classname="ptolemy.util.test.junit.AutoTests" name="[461] /home/travis/build/icyphy/ptII/ptolemy/actor/lib/test/auto/matrixType2.xml (RunModel)" time="0.006" />
  <testcase classname="ptolemy.util.test.junit.AutoTests" name="[462] /home/travis/build/icyphy/ptII/ptolemy/actor/lib/test/auto/matrixType3.xml (RunModel)" time="0.007" />
  <testcase classname="ptolemy.util.test.junit.AutoTests" name="[463] /home/travis/build/icyphy/ptII/ptolemy/actor/lib/test/auto/matrixType4.xml (RunModel)" time="0.006" />
  <testcase classname="ptolemy.util.test.junit.AutoTests" name="[464] /home/travis/build/icyphy/ptII/ptolemy/actor/lib/test/auto/matrixType5.xml (RunModel)" time="0.006" />
  <testcase classname="ptolemy.util.test.junit.AutoTests" name="[465] /home/travis/build/icyphy/ptII/ptolemy/actor/lib/test/auto/matrixType6.xml (RunModel)" time="0.006" />
  <testcase classname="ptolemy.util.test.junit.AutoTests" name="[466] /home/travis/build/icyphy/ptII/ptolemy/actor/lib/test/auto/matrixType7.xml (RunModel)" time="0.006" />
  <testcase classname="ptolemy.util.test.junit.AutoTests" name="[467] /home/travis/build/icyphy/ptII/ptolemy/actor/lib/test/auto/matrixType8.xml (RunModel)" time="0.007" />
  <testcase classname="ptolemy.util.test.junit.AutoTests" name="[468] /home/travis/build/icyphy/ptII/ptolemy/actor/lib/test/auto/matrixType9.xml (RunModel)" time="0.006" />
  <testcase classname="ptolemy.util.test.junit.AutoTests" name="[469] /home/travis/build/icyphy/ptII/ptolemy/actor/lib/test/auto/paraFunctest.xml (RunModel)" time="0.005" />
  <testcase classname="ptolemy.util.test.junit.AutoTests" name="[470] /home/travis/build/icyphy/ptII/ptolemy/actor/lib/test/auto/paraFunctest2.xml (RunModel)" time="0.01" />
  <testcase classname="ptolemy.util.test.junit.AutoTests" name="[471] /home/travis/build/icyphy/ptII/ptolemy/actor/lib/test/auto/parameterPassing.xml (RunModel)" time="0.009" />
  <testcase classname="ptolemy.util.test.junit.AutoTests" name="[472] /home/travis/build/icyphy/ptII/ptolemy/actor/lib/test/auto/record.xml (RunModel)" time="0.01" />
  <testcase classname="ptolemy.util.test.junit.AutoTests" name="[473] /home/travis/build/icyphy/ptII/ptolemy/actor/lib/test/auto/sizedarray1.xml (RunModel)" time="0.007" />
  <testcase classname="ptolemy.util.test.junit.AutoTests" name="[474] /home/travis/build/icyphy/ptII/ptolemy/actor/lib/test/auto/sizedarray2.xml (RunModel)" time="0.008" />
  <testcase classname="ptolemy.util.test.junit.AutoTests" name="[475] /home/travis/build/icyphy/ptII/ptolemy/actor/lib/test/auto/twoPublishers.xml (RunModel)" time="0.021" />
  <system-out><![CDATA[/home/travis/build/icyphy/ptII/ptolemy/actor/lib/test/AbsoluteValue.tcl
testDefs.tcl: setting time out to 9000 seconds at Sat Mar 28 13:42:45 UTC 2020
132 ms. Memory: 129024K Free: 92609K (72%)
4 ms. Memory: 129024K Free: 90546K (70%)
4 ms. Memory: 129024K Free: 90049K (70%)
4 ms. Memory: 129024K Free: 89027K (69%)
/home/travis/build/icyphy/ptII/ptolemy/actor/lib/test/AddSubtract.tcl
8 ms. Memory: 129024K Free: 86979K (67%)
5 ms. Memory: 129024K Free: 86434K (67%)
5 ms. Memory: 129024K Free: 85441K (66%)
10 ms. Memory: 129024K Free: 84931K (66%)
84 ms. Memory: 129024K Free: 81859K (63%)
10 ms. Memory: 129024K Free: 80835K (63%)
/home/travis/build/icyphy/ptII/ptolemy/actor/lib/test/Average.tcl
11 ms. Memory: 129024K Free: 79297K (61%)
23 ms. Memory: 129024K Free: 78273K (61%)
/home/travis/build/icyphy/ptII/ptolemy/actor/lib/test/Bernoulli.tcl
7 ms. Memory: 129024K Free: 76739K (59%)
2 ms. Memory: 129024K Free: 76194K (59%)
/home/travis/build/icyphy/ptII/ptolemy/actor/lib/test/Clock.tcl
preinitializing
resolving types
initializing
executing number 1
wrapping up
idle
28 ms. Memory: 129024K Free: 73667K (57%)
Completed execution with 5 iterations
preinitializing
resolving types
initializing
executing number 1
wrapping up
idle
8 ms. Memory: 129024K Free: 72643K (56%)
Completed execution with 5 iterations
preinitializing
resolving types
initializing
executing number 1
wrapping up
idle
3 ms. Memory: 129024K Free: 72114K (56%)
Completed execution with 5 iterations
/home/travis/build/icyphy/ptII/ptolemy/actor/lib/test/Commutator.tcl
15 ms. Memory: 129024K Free: 70050K (54%)
17 ms. Memory: 129024K Free: 69026K (53%)
13 ms. Memory: 129024K Free: 63427K (49%)
/home/travis/build/icyphy/ptII/ptolemy/actor/lib/test/Const.tcl
13 ms. Memory: 129024K Free: 61874K (48%)
3 ms. Memory: 129024K Free: 61379K (48%)
7 ms. Memory: 129024K Free: 60850K (47%)
7 ms. Memory: 129024K Free: 60355K (47%)
5 ms. Memory: 129024K Free: 59841K (46%)
21 ms. Memory: 129024K Free: 57793K (45%)
19 ms. Memory: 129024K Free: 56754K (44%)
7 ms. Memory: 129024K Free: 56259K (44%)
/home/travis/build/icyphy/ptII/ptolemy/actor/lib/test/CurrentTime.tcl
preinitializing
resolving types
initializing
executing number 1
wrapping up
idle
15 ms. Memory: 129024K Free: 54211K (42%)
Completed execution with 11 iterations
/home/travis/build/icyphy/ptII/ptolemy/actor/lib/test/DB.tcl
8 ms. Memory: 129024K Free: 52658K (41%)
2 ms. Memory: 129024K Free: 52163K (40%)
1 ms. Memory: 129024K Free: 51649K (40%)
/home/travis/build/icyphy/ptII/ptolemy/actor/lib/test/DiscreteRandomSource.tcl
preinitializing
resolving types
initializing
executing number 1
wrapping up
idle
7 ms. Memory: 129024K Free: 50115K (39%)
Completed execution with 4 iterations
preinitializing
resolving types
initializing
executing number 1
wrapping up
idle
4 ms. Memory: 129024K Free: 49594K (38%)
Completed execution with 4 iterations
preinitializing
resolving types
initializing
executing number 1
wrapping up
idle
4 ms. Memory: 129024K Free: 49091K (38%)
Completed execution with 4 iterations
preinitializing
resolving types
initializing
executing number 1
wrapping up
idle
7 ms. Memory: 129024K Free: 48562K (38%)
Completed execution with 4 iterations
preinitializing
resolving types
initializing
executing number 1
wrapping up
idle
3 ms. Memory: 129024K Free: 48067K (37%)
Completed execution with 4 iterations
/home/travis/build/icyphy/ptII/ptolemy/actor/lib/test/Distributor.tcl
3 ms. Memory: 129024K Free: 113109K (88%)
2 ms. Memory: 129024K Free: 112069K (87%)
StreamChangeRequest.changeExecuted(): <deleteEntity name="rec2"/> succeeded
StreamChangeRequest.changeExecuted(): <deleteRelation name="r2"/> succeeded
StreamChangeRequest.changeExecuted(): Record firings per iteration succeeded
9 ms. Memory: 129024K Free: 110021K (85%)
/home/travis/build/icyphy/ptII/ptolemy/actor/lib/test/Exit.tcl
Exit.tcl: this will print a message about Manager.exitAfterWrapup, which can be ignored.
5 ms. Memory: 129024K Free: 106932K (83%)
/home/travis/build/icyphy/ptII/ptolemy/actor/lib/test/Expression.tcl
26 ms. Memory: 129024K Free: 103463K (80%)
7 ms. Memory: 129024K Free: 102861K (80%)
3 ms. Memory: 129024K Free: 102305K (79%)
preinitializing
resolving types
initializing
executing number 1
wrapping up
idle
8 ms. Memory: 129024K Free: 100835K (78%)
Completed execution with 6 iterations
8 ms. Memory: 129024K Free: 99797K (77%)
4 ms. Memory: 129024K Free: 99233K (77%)
10 ms. Memory: 129024K Free: 97763K (76%)
6 ms. Memory: 129024K Free: 96725K (75%)
6 ms. Memory: 129024K Free: 95241K (74%)
/home/travis/build/icyphy/ptII/ptolemy/actor/lib/test/Gaussian.tcl
5 ms. Memory: 129024K Free: 93653K (73%)
sleeping 1 seconds: ..........................................................................................................................................................................................................................................................................................................................................................................................................................4 ms. Memory: 129024K Free: 112886K (87%)
3 ms. Memory: 129024K Free: 112372K (87%)
2 ms. Memory: 129024K Free: 111334K (86%)
2 ms. Memory: 129024K Free: 110838K (86%)
8 ms. Memory: 129024K Free: 110318K (86%)
/home/travis/build/icyphy/ptII/ptolemy/actor/lib/test/IIR.tcl
/home/travis/build/icyphy/ptII/ptolemy/actor/lib/test/Interpolator.tcl
6 ms. Memory: 129024K Free: 106742K (83%)
2 ms. Memory: 129024K Free: 106228K (82%)
4 ms. Memory: 129024K Free: 105718K (82%)
2 ms. Memory: 129024K Free: 104694K (81%)
9 ms. Memory: 129024K Free: 104166K (81%)
6 ms. Memory: 129024K Free: 103142K (80%)
3 ms. Memory: 129024K Free: 102132K (79%)
13 ms. Memory: 129024K Free: 101622K (79%)
2 ms. Memory: 129024K Free: 100598K (78%)
2 ms. Memory: 129024K Free: 99574K (77%)
/home/travis/build/icyphy/ptII/ptolemy/actor/lib/test/MathFunction.tcl
6 ms. Memory: 129024K Free: 97526K (76%)
3 ms. Memory: 129024K Free: 96502K (75%)
8 ms. Memory: 129024K Free: 95478K (74%)
7 ms. Memory: 129024K Free: 94454K (73%)
8 ms. Memory: 129024K Free: 93430K (72%)
7 ms. Memory: 129024K Free: 91382K (71%)
/home/travis/build/icyphy/ptII/ptolemy/actor/lib/test/Maximum.tcl
4 ms. Memory: 129024K Free: 89334K (69%)
3 ms. Memory: 129024K Free: 88806K (69%)
1 ms. Memory: 129024K Free: 88310K (68%)
2 ms. Memory: 129024K Free: 87286K (68%)
/home/travis/build/icyphy/ptII/ptolemy/actor/lib/test/Minimum.tcl
6 ms. Memory: 129024K Free: 85742K (66%)
2 ms. Memory: 129024K Free: 85238K (66%)
3 ms. Memory: 129024K Free: 84724K (66%)
4 ms. Memory: 129024K Free: 83700K (65%)
/home/travis/build/icyphy/ptII/ptolemy/actor/lib/test/MultiplyDivide.tcl
3 ms. Memory: 129024K Free: 81652K (63%)
2 ms. Memory: 129024K Free: 81142K (63%)
2 ms. Memory: 129024K Free: 80614K (62%)
2 ms. Memory: 129024K Free: 79604K (62%)
2 ms. Memory: 129024K Free: 79094K (61%)
/home/travis/build/icyphy/ptII/ptolemy/actor/lib/test/OrderedMerge.tcl
Connections changed on port: inputA
Connections changed on port: inputB
Connections changed on port: output
Connections changed on port: output
Connections changed on port: output
Connections changed on port: input
.top. Preinitializing ...
Invoking preinitialize():  .top.OrderedMerge
Called preinitialize()
Invoking preinitialize():  .top.Ramp
Called preinitialize()
Invoking preinitialize():  .top.Ramp2
Called preinitialize()
Invoking preinitialize():  .top.Test
Called preinitialize()
Connections changed on port: inputA
Connections changed on port: output
Connections changed on port: output
Connections changed on port: input
Connections changed on port: inputB
Connections changed on port: output
.top. Finished preinitialize().
Called initialize().
Invoking initialize():  .top.OrderedMerge
Initializing actor: .top.OrderedMerge
Adding a thread: .top.OrderedMerge
Invoking initialize():  .top.Ramp
Initializing actor: .top.Ramp
Adding a thread: .top.Ramp
Invoking initialize():  .top.Ramp2
Initializing actor: .top.Ramp2
Adding a thread: .top.Ramp2
Invoking initialize():  .top.Test
Initializing actor: .top.Test
Adding a thread: .top.Test
Called fire().
Checking for deadlock:
-- Starting thread.
-- Starting thread.
Called initialize()
Called initialize()
Called prefire()
Called fire()
-- Starting thread.
Called prefire()
Called fire()
Called initialize()
Called prefire()
Called fire()
-- Starting thread.
Called initialize()
Called prefire()
Called fire()
There are 0 Blocked actors, 0 Stopped actors, and 4 active threads.
Waiting for actors to stop.
Called postfire()
Called prefire()
Called fire()
Called postfire()
Called prefire()
Called fire()
Checking for deadlock:
Called postfire()
There are 2 Blocked actors, 0 Stopped actors, and 4 active threads.
Called prefire()
Called fire()
Waiting for actors to stop.
Checking for deadlock:
There are 3 Blocked actors, 0 Stopped actors, and 4 active threads.
Waiting for actors to stop.
Read input token from inputA with value 0.0
Next port to read input from is inputB
Called postfire()
Called prefire()
Called fire()
Called postfire()
Called prefire()
Called fire()
Read input token from inputB with value 0.0
Checking for deadlock:
There are 3 Blocked actors, 0 Stopped actors, and 4 active threads.
Waiting for actors to stop.
Checking for deadlock:
There are 2 Blocked actors, 0 Stopped actors, and 4 active threads.
Waiting for actors to stop.
-- Read input: 0.0, which is expected to match: 0.0
Called prefire()
Called fire()
Checking for deadlock:
There are 3 Blocked actors, 0 Stopped actors, and 4 active threads.
Waiting for actors to stop.
Sent output token with value 0.0
Next port to read input from is inputA
Called postfire()
Called prefire()
Called fire()
Called postfire()
Called prefire()
Called fire()
Checking for deadlock:
There are 3 Blocked actors, 0 Stopped actors, and 4 active threads.
Waiting for actors to stop.
Read input token from inputA with value 1.0
-- Read input: 0.0, which is expected to match: 0.0
Called prefire()
Called fire()
Checking for deadlock:
There are 3 Blocked actors, 0 Stopped actors, and 4 active threads.
Sent output token with value 0.0
Waiting for actors to stop.
Next port to read input from is inputB
Called postfire()
Called prefire()
Called fire()
Checking for deadlock:
There are 2 Blocked actors, 0 Stopped actors, and 4 active threads.
Waiting for actors to stop.
Called postfire()
Called prefire()
Called fire()
Read input token from inputB with value 1.5
Sent output token with value 1.0
Next port to read input from is inputA
Called postfire()
Called prefire()
Called fire()
Read input token from inputA with value 2.0
Checking for deadlock:
There are 2 Blocked actors, 0 Stopped actors, and 4 active threads.
Waiting for actors to stop.
Called postfire()
Called prefire()
Called fire()
-- Read input: 1.0, which is expected to match: 1.0
Called prefire()
Called fire()
Checking for deadlock:
There are 3 Blocked actors, 0 Stopped actors, and 4 active threads.
Waiting for actors to stop.
Sent output token with value 1.5
-- Read input: 1.5, which is expected to match: 1.5
Next port to read input from is inputB
Called postfire()
Called prefire()
Called fire()
Called prefire()
Called fire()
Read input token from inputB with value 3.0
Sent output token with value 2.0
Next port to read input from is inputA
Called postfire()
Called prefire()
Called fire()
Read input token from inputA with value 3.0
Called postfire()
Called prefire()
Called postfire()
Checking for deadlock:
Called fire()
There are 1 Blocked actors, 0 Stopped actors, and 4 active threads.
Called prefire()
Waiting for actors to stop.
Called fire()
-- Read input: 2.0, which is expected to match: 2.0
Called prefire()
Called fire()
Checking for deadlock:
There are 3 Blocked actors, 0 Stopped actors, and 4 active threads.
Waiting for actors to stop.
-- Read input: 3.0, which is expected to match: 3.0
Sent output token with value 3.0
Called prefire()
Called fire()
Next port to read input from is inputB
Called postfire()
Called prefire()
Called fire()
Checking for deadlock:
There are 3 Blocked actors, 0 Stopped actors, and 4 active threads.
Waiting for actors to stop.
Checking for deadlock:
There are 2 Blocked actors, 0 Stopped actors, and 4 active threads.
Waiting for actors to stop.
Called postfire()
Called prefire()
Called fire()
Checking for deadlock:
Read input token from inputB with value 4.5
There are 3 Blocked actors, 0 Stopped actors, and 4 active threads.
Waiting for actors to stop.
Checking for deadlock:
There are 2 Blocked actors, 0 Stopped actors, and 4 active threads.
Waiting for actors to stop.
Sent output token with value 3.0
-- Read input: 3.0, which is expected to match: 3.0
Called prefire()
Called fire()
Next port to read input from is inputA
Called postfire()
Called prefire()
Checking for deadlock:
Called fire()
There are 3 Blocked actors, 0 Stopped actors, and 4 active threads.
Waiting for actors to stop.
Checking for deadlock:
There are 2 Blocked actors, 0 Stopped actors, and 4 active threads.
Waiting for actors to stop.
Read input token from inputA with value 4.0
Called postfire()
Called prefire()
Called fire()
Checking for deadlock:
There are 3 Blocked actors, 0 Stopped actors, and 4 active threads.
Waiting for actors to stop.
Checking for deadlock:
There are 2 Blocked actors, 0 Stopped actors, and 4 active threads.
Waiting for actors to stop.
-- Read input: 4.0, which is expected to match: 4.0
Called prefire()
Called fire()
Past the end of training data. Read and discard all inputs.
Checking for deadlock:
There are 3 Blocked actors, 0 Stopped actors, and 4 active threads.
Waiting for actors to stop.
Sent output token with value 4.0
Next port to read input from is inputA
Called postfire()
Called prefire()
Called fire()
Called postfire()
Called prefire()
Called fire()
Read input token from inputA with value 5.0
Sent output token with value 4.5
Next port to read input from is inputB
Called postfire()
Called prefire()
Called fire()
Read input token from inputB with value 6.0
Checking for deadlock:
There are 2 Blocked actors, 0 Stopped actors, and 4 active threads.
Waiting for actors to stop.
Called postfire()
Called prefire()
Called fire()
Called prefire()
Called fire()
Past the end of training data. Read and discard all inputs.
Checking for deadlock:
There are 3 Blocked actors, 0 Stopped actors, and 4 active threads.
Waiting for actors to stop.
Called prefire()
Called fire()
Past the end of training data. Read and discard all inputs.
Checking for deadlock:
There are 3 Blocked actors, 0 Stopped actors, and 4 active threads.
Waiting for actors to stop.
Sent output token with value 5.0
Next port to read input from is inputA
Called postfire()
Called prefire()
Called fire()
Called postfire()
Called prefire()
Called fire()
Read input token from inputA with value 6.0
Sent output token with value 6.0
Next port to read input from is inputB
Called postfire()
Called prefire()
Called fire()
Read input token from inputB with value 7.5
Checking for deadlock:
There are 2 Blocked actors, 0 Stopped actors, and 4 active threads.
Waiting for actors to stop.
Called postfire()
Called prefire()
Called fire()
Called prefire()
Called fire()
Past the end of training data. Read and discard all inputs.
Checking for deadlock:
There are 3 Blocked actors, 0 Stopped actors, and 4 active threads.
Waiting for actors to stop.
Called prefire()
Called fire()
Past the end of training data. Read and discard all inputs.
Sent output token with value 6.0
Next port to read input from is inputA
Called postfire()
Called prefire()
Called fire()
Read input token from inputA with value 7.0
Sent output token with value 7.0
Next port to read input from is inputA
Called postfire()
Called prefire()
Called fire()
Checking for deadlock:
There are 2 Blocked actors, 0 Stopped actors, and 4 active threads.
Waiting for actors to stop.
Called postfire()
Called prefire()
Called fire()
Called prefire()
Called fire()
Checking for deadlock:
There are 1 Blocked actors, 0 Stopped actors, and 4 active threads.
Waiting for actors to stop.
Past the end of training data. Read and discard all inputs.
Checking for deadlock:
There are 2 Blocked actors, 0 Stopped actors, and 4 active threads.
Waiting for actors to stop.
Checking for deadlock:
There are 3 Blocked actors, 0 Stopped actors, and 4 active threads.
Waiting for actors to stop.
Checking for deadlock:
There are 2 Blocked actors, 0 Stopped actors, and 4 active threads.
Waiting for actors to stop.
-- Thread wrapup() called.
Called wrapup()
Read input token from inputA with value 8.0
Thread .top.Ramp is exiting.
-- Thread stopped.
Checking for deadlock:
There are 2 Blocked actors, 0 Stopped actors, and 3 active threads.
Waiting for actors to stop.
Checking for deadlock:
There are 1 Blocked actors, 0 Stopped actors, and 3 active threads.
Waiting for actors to stop.
Called prefire()
Called fire()
Past the end of training data. Read and discard all inputs.
Checking for deadlock:
There are 2 Blocked actors, 0 Stopped actors, and 3 active threads.
Waiting for actors to stop.
Sent output token with value 7.5
Next port to read input from is inputB
Called postfire()
Called prefire()
Called fire()
Checking for deadlock:
There are 1 Blocked actors, 0 Stopped actors, and 3 active threads.
Waiting for actors to stop.
Called postfire()
Called prefire()
Called fire()
Checking for deadlock:
There are 2 Blocked actors, 0 Stopped actors, and 3 active threads.
Waiting for actors to stop.
Read input token from inputB with value 9.0
Checking for deadlock:
There are 1 Blocked actors, 0 Stopped actors, and 3 active threads.
Waiting for actors to stop.
Called prefire()
Called fire()
Past the end of training data. Read and discard all inputs.
Checking for deadlock:
There are 2 Blocked actors, 0 Stopped actors, and 3 active threads.
Waiting for actors to stop.
Sent output token with value 8.0
Next port to read input from is inputA
Called postfire()
Called prefire()
Called fire()
Read input token from inputA with value 9.0
Called prefire()
Called fire()
Past the end of training data. Read and discard all inputs.
Checking for deadlock:
There are 2 Blocked actors, 0 Stopped actors, and 3 active threads.
Waiting for actors to stop.
Sent output token with value 9.0
Next port to read input from is inputB
Called postfire()
Called prefire()
Called fire()
Called postfire()
Called prefire()
Called fire()
Checking for deadlock:
There are 2 Blocked actors, 0 Stopped actors, and 3 active threads.
Waiting for actors to stop.
Read input token from inputB with value 10.5
Called prefire()
Called fire()
Past the end of training data. Read and discard all inputs.
Checking for deadlock:
There are 2 Blocked actors, 0 Stopped actors, and 3 active threads.
Waiting for actors to stop.
Sent output token with value 9.0
Next port to read input from is inputA
Called postfire()
Called prefire()
Called fire()
Checking for deadlock:
There are 3 Blocked actors, 0 Stopped actors, and 3 active threads.
Actors have stopped.
Checking for deadlock:
There are 3 Blocked actors, 0 Stopped actors, and 3 active threads.
Deadlock detected.
Resolving Deadlock
Checking for deadlock:
There are 3 Blocked actors, 0 Stopped actors, and 3 active threads.
Artificial Deadlock - increasing queue capacity.
increasing the capacity of receiver ptolemy.actor.TypedIOPort {.top.OrderedMerge.inputB} to 2
Director: Called postfire().
Called postfire().
_stopRequested = false
_stopFireRequested = false
Returning from postfire(): true
Called fire().
Checking for deadlock:
There are 2 Blocked actors, 0 Stopped actors, and 3 active threads.
Waiting for actors to stop.
-- Thread wrapup() called.
Called wrapup()
Thread .top.Ramp2 is exiting.
-- Thread stopped.
Checking for deadlock:
There are 2 Blocked actors, 0 Stopped actors, and 2 active threads.
Actors have stopped.
Checking for deadlock:
There are 2 Blocked actors, 0 Stopped actors, and 2 active threads.
Deadlock detected.
Resolving Deadlock
Checking for deadlock:
There are 2 Blocked actors, 0 Stopped actors, and 2 active threads.
Deadlock detected: no processes blocked on write, but some are blocked on read.
Called postfire().
_stopRequested = false
_stopFireRequested = false
Returning from postfire(): false
Finished deactivating branches.
Called wrapup().
-- Thread wrapup() called.
Called wrapup()
Thread .top.Test is exiting.
-- Thread stopped.
-- Blocked Receiver call threw TerminateProcessException.
-- Thread wrapup() called.
Called wrapup()
Thread .top.OrderedMerge is exiting.
-- Thread stopped.
-- Blocked Receiver call threw TerminateProcessException.
87 ms. Memory: 129024K Free: 109775K (85%)
.top. Preinitializing ...
Invoking preinitialize():  .top.OrderedMerge
Called preinitialize()
Invoking preinitialize():  .top.Ramp
Called preinitialize()
Invoking preinitialize():  .top.Ramp2
Called preinitialize()
Invoking preinitialize():  .top.Test
Called preinitialize()
.top. Finished preinitialize().
Called initialize().
Invoking initialize():  .top.OrderedMerge
Initializing actor: .top.OrderedMerge
Adding a thread: .top.OrderedMerge
Invoking initialize():  .top.Ramp
Initializing actor: .top.Ramp
Adding a thread: .top.Ramp
Invoking initialize():  .top.Ramp2
Initializing actor: .top.Ramp2
Adding a thread: .top.Ramp2
Invoking initialize():  .top.Test
Initializing actor: .top.Test
Adding a thread: .top.Test
-- Starting thread.
Called initialize()
Called prefire()
Called fire()
-- Starting thread.
Called initialize()
Called prefire()
Called fire()
Called postfire()
Called prefire()
Called fire()
-- Starting thread.
Called initialize()
Called prefire()
Called fire()
Called postfire()
Called prefire()
Called fire()
Called fire().
Checking for deadlock:
There are 3 Blocked actors, 0 Stopped actors, and 4 active threads.
Waiting for actors to stop.
-- Starting thread.
Called initialize()
Called prefire()
Called fire()
Checking for deadlock:
There are 2 Blocked actors, 0 Stopped actors, and 4 active threads.
Waiting for actors to stop.
Called postfire()
Called prefire()
Called fire()
Checking for deadlock:
There are 3 Blocked actors, 0 Stopped actors, and 4 active threads.
Waiting for actors to stop.
Read input token from inputA with value 0.0
Next port to read input from is inputB
Called postfire()
Called prefire()
Called fire()
Checking for deadlock:
There are 2 Blocked actors, 0 Stopped actors, and 4 active threads.
Waiting for actors to stop.
Called postfire()
Called prefire()
Called fire()
Checking for deadlock:
There are 3 Blocked actors, 0 Stopped actors, and 4 active threads.
Waiting for actors to stop.
Read input token from inputB with value 0.0
-- Read input: 0.0, which is expected to match: 0.0
Called prefire()
Called fire()
Checking for deadlock:
There are 3 Blocked actors, 0 Stopped actors, and 4 active threads.
Waiting for actors to stop.
Sent output token with value 0.0
Next port to read input from is inputA
Called postfire()
Called prefire()
Called fire()
Called postfire()
Called prefire()
Called fire()
Checking for deadlock:
There are 3 Blocked actors, 0 Stopped actors, and 4 active threads.
Waiting for actors to stop.
Read input token from inputA with value 1.0
-- Read input: 0.0, which is expected to match: 0.0
Called prefire()
Called fire()
Checking for deadlock:
There are 3 Blocked actors, 0 Stopped actors, and 4 active threads.
Waiting for actors to stop.
Sent output token with value 0.0
Next port to read input from is inputB
Called postfire()
Called prefire()
Called fire()
Called postfire()
Called prefire()
Called fire()
Checking for deadlock:
There are 3 Blocked actors, 0 Stopped actors, and 4 active threads.
Waiting for actors to stop.
Read input token from inputB with value 1.5
-- Read input: 1.0, which is expected to match: 1.0
Called prefire()
Called fire()
Checking for deadlock:
There are 3 Blocked actors, 0 Stopped actors, and 4 active threads.
Waiting for actors to stop.
Sent output token with value 1.0
Next port to read input from is inputA
Called postfire()
Called prefire()
Called fire()
Called postfire()
Called prefire()
Called fire()
Checking for deadlock:
There are 3 Blocked actors, 0 Stopped actors, and 4 active threads.
Waiting for actors to stop.
Read input token from inputA with value 2.0
-- Read input: 1.5, which is expected to match: 1.5
Called prefire()
Called fire()
Checking for deadlock:
There are 3 Blocked actors, 0 Stopped actors, and 4 active threads.
Waiting for actors to stop.
Sent output token with value 1.5
Next port to read input from is inputB
Called postfire()
Called prefire()
Called fire()
Called postfire()
Called prefire()
Called fire()
Checking for deadlock:
There are 3 Blocked actors, 0 Stopped actors, and 4 active threads.
Waiting for actors to stop.
Read input token from inputB with value 3.0
-- Read input: 2.0, which is expected to match: 2.0
Called prefire()
Called fire()
Checking for deadlock:
There are 3 Blocked actors, 0 Stopped actors, and 4 active threads.
Waiting for actors to stop.
Sent output token with value 2.0
Next port to read input from is inputA
Called postfire()
Called prefire()
Called fire()
Called postfire()
Called prefire()
Called fire()
Checking for deadlock:
There are 3 Blocked actors, 0 Stopped actors, and 4 active threads.
Waiting for actors to stop.
Read input token from inputA with value 3.0
-- Read input: 3.0, which is expected to match: 3.0
Called prefire()
Called fire()
Checking for deadlock:
There are 3 Blocked actors, 0 Stopped actors, and 4 active threads.
Waiting for actors to stop.
Sent output token with value 3.0
Next port to read input from is inputB
Called postfire()
Called prefire()
Called fire()
Called postfire()
Called prefire()
Called fire()
Checking for deadlock:
There are 3 Blocked actors, 0 Stopped actors, and 4 active threads.
Waiting for actors to stop.
Read input token from inputB with value 4.5
-- Read input: 3.0, which is expected to match: 3.0
Called prefire()
Called fire()
Checking for deadlock:
There are 3 Blocked actors, 0 Stopped actors, and 4 active threads.
Waiting for actors to stop.
Sent output token with value 3.0
Next port to read input from is inputA
Called postfire()
Called prefire()
Called fire()
Called postfire()
Called prefire()
Called fire()
Checking for deadlock:
There are 3 Blocked actors, 0 Stopped actors, and 4 active threads.
Waiting for actors to stop.
Read input token from inputA with value 4.0
-- Read input: 4.0, which is expected to match: 4.0
Called prefire()
Called fire()
Past the end of training data. Read and discard all inputs.
Checking for deadlock:
There are 3 Blocked actors, 0 Stopped actors, and 4 active threads.
Waiting for actors to stop.
Sent output token with value 4.0
Next port to read input from is inputA
Called postfire()
Called prefire()
Called fire()
Called postfire()
Called prefire()
Called fire()
Checking for deadlock:
There are 3 Blocked actors, 0 Stopped actors, and 4 active threads.
Waiting for actors to stop.
Read input token from inputA with value 5.0
Called prefire()
Called fire()
Past the end of training data. Read and discard all inputs.
Checking for deadlock:
There are 3 Blocked actors, 0 Stopped actors, and 4 active threads.
Waiting for actors to stop.
Sent output token with value 4.5
Next port to read input from is inputB
Called postfire()
Called prefire()
Called fire()
Called postfire()
Called prefire()
Called fire()
Checking for deadlock:
There are 3 Blocked actors, 0 Stopped actors, and 4 active threads.
Waiting for actors to stop.
Read input token from inputB with value 6.0
Called prefire()
Called fire()
Past the end of training data. Read and discard all inputs.
Checking for deadlock:
There are 3 Blocked actors, 0 Stopped actors, and 4 active threads.
Waiting for actors to stop.
Sent output token with value 5.0
Next port to read input from is inputA
Called postfire()
Called prefire()
Called fire()
Called postfire()
Called prefire()
Called fire()
Checking for deadlock:
There are 2 Blocked actors, 0 Stopped actors, and 4 active threads.
Waiting for actors to stop.
Checking for deadlock:
There are 3 Blocked actors, 0 Stopped actors, and 4 active threads.
Waiting for actors to stop.
Read input token from inputA with value 6.0
Checking for deadlock:
There are 2 Blocked actors, 0 Stopped actors, and 4 active threads.
Waiting for actors to stop.
Called prefire()
Called fire()
Past the end of training data. Read and discard all inputs.
Checking for deadlock:
There are 3 Blocked actors, 0 Stopped actors, and 4 active threads.
Waiting for actors to stop.
Sent output token with value 6.0
Next port to read input from is inputB
Called postfire()
Called prefire()
Called fire()
Called postfire()
Called prefire()
Called fire()
Checking for deadlock:
There are 3 Blocked actors, 0 Stopped actors, and 4 active threads.
Waiting for actors to stop.
Read input token from inputB with value 7.5
Called prefire()
Called fire()
Past the end of training data. Read and discard all inputs.
Checking for deadlock:
There are 3 Blocked actors, 0 Stopped actors, and 4 active threads.
Waiting for actors to stop.
Sent output token with value 6.0
Next port to read input from is inputA
Called postfire()
Called prefire()
Called fire()
Called postfire()
Called prefire()
Called fire()
Checking for deadlock:
There are 3 Blocked actors, 0 Stopped actors, and 4 active threads.
Waiting for actors to stop.
Read input token from inputA with value 7.0
Called prefire()
Called fire()
Past the end of training data. Read and discard all inputs.
Checking for deadlock:
There are 3 Blocked actors, 0 Stopped actors, and 4 active threads.
Waiting for actors to stop.
Sent output token with value 7.0
Next port to read input from is inputA
Called postfire()
Called prefire()
Called fire()
-- Thread wrapup() called.
Called wrapup()
Thread .top.Ramp is exiting.
-- Thread stopped.
Checking for deadlock:
There are 2 Blocked actors, 0 Stopped actors, and 3 active threads.
Waiting for actors to stop.
Read input token from inputA with value 8.0
Called prefire()
Called fire()
Past the end of training data. Read and discard all inputs.
Checking for deadlock:
There are 2 Blocked actors, 0 Stopped actors, and 3 active threads.
Waiting for actors to stop.
Sent output token with value 7.5
Next port to read input from is inputB
Called postfire()
Called prefire()
Called fire()
Called postfire()
Called prefire()
Called fire()
Checking for deadlock:
There are 2 Blocked actors, 0 Stopped actors, and 3 active threads.
Waiting for actors to stop.
Read input token from inputB with value 9.0
Called prefire()
Called fire()
Past the end of training data. Read and discard all inputs.
Checking for deadlock:
There are 2 Blocked actors, 0 Stopped actors, and 3 active threads.
Waiting for actors to stop.
Sent output token with value 8.0
Next port to read input from is inputA
Called postfire()
Called prefire()
Called fire()
Read input token from inputA with value 9.0
Called prefire()
Called fire()
Past the end of training data. Read and discard all inputs.
Checking for deadlock:
There are 2 Blocked actors, 0 Stopped actors, and 3 active threads.
Waiting for actors to stop.
Sent output token with value 9.0
Next port to read input from is inputB
Called postfire()
Called prefire()
Called fire()
Checking for deadlock:
There are 1 Blocked actors, 0 Stopped actors, and 3 active threads.
Waiting for actors to stop.
Called postfire()
Called prefire()
Called fire()
Checking for deadlock:
There are 2 Blocked actors, 0 Stopped actors, and 3 active threads.
Waiting for actors to stop.
Read input token from inputB with value 10.5
Checking for deadlock:
There are 1 Blocked actors, 0 Stopped actors, and 3 active threads.
Waiting for actors to stop.
Called prefire()
Called fire()
Past the end of training data. Read and discard all inputs.
Checking for deadlock:
There are 2 Blocked actors, 0 Stopped actors, and 3 active threads.
Waiting for actors to stop.
Sent output token with value 9.0
Next port to read input from is inputA
Called postfire()
Called prefire()
Called fire()
Checking for deadlock:
There are 3 Blocked actors, 0 Stopped actors, and 3 active threads.
Actors have stopped.
Checking for deadlock:
There are 3 Blocked actors, 0 Stopped actors, and 3 active threads.
Deadlock detected.
Resolving Deadlock
Checking for deadlock:
There are 3 Blocked actors, 0 Stopped actors, and 3 active threads.
Artificial Deadlock - increasing queue capacity.
increasing the capacity of receiver ptolemy.actor.TypedIOPort {.top.OrderedMerge.inputB} to 2
Director: Called postfire().
Called postfire().
_stopRequested = false
_stopFireRequested = false
Returning from postfire(): true
Called fire().
Checking for deadlock:
There are 2 Blocked actors, 0 Stopped actors, and 3 active threads.
Waiting for actors to stop.
-- Thread wrapup() called.
Called wrapup()
Thread .top.Ramp2 is exiting.
-- Thread stopped.
Checking for deadlock:
There are 2 Blocked actors, 0 Stopped actors, and 2 active threads.
Actors have stopped.
Checking for deadlock:
There are 2 Blocked actors, 0 Stopped actors, and 2 active threads.
Deadlock detected.
Resolving Deadlock
Checking for deadlock:
There are 2 Blocked actors, 0 Stopped actors, and 2 active threads.
Deadlock detected: no processes blocked on write, but some are blocked on read.
Called postfire().
_stopRequested = false
_stopFireRequested = false
Returning from postfire(): false
Finished deactivating branches.
Called wrapup().
-- Thread wrapup() called.
Called wrapup()
-- Thread wrapup() called.
Called wrapup()
Thread .top.Test is exiting.
-- Thread stopped.
-- Blocked Receiver call threw TerminateProcessException.
Thread .top.OrderedMerge is exiting.
-- Thread stopped.
-- Blocked Receiver call threw TerminateProcessException.
36 ms. Memory: 129024K Free: 108241K (84%)
/home/travis/build/icyphy/ptII/ptolemy/actor/lib/test/Publisher.tcl
11 ms. Memory: 129024K Free: 102097K (79%)
3 ms. Memory: 129024K Free: 96449K (75%)
8 ms. Memory: 129024K Free: 92881K (72%)
5 ms. Memory: 129024K Free: 91857K (71%)
4 ms. Memory: 129024K Free: 90833K (70%)
11 ms. Memory: 129024K Free: 90313K (70%)
2 ms. Memory: 129024K Free: 89295K (69%)
3 ms. Memory: 129024K Free: 88785K (69%)
27 ms. Memory: 129024K Free: 106213K (82%)
9 ms. Memory: 129024K Free: 102103K (79%)
4 ms. Memory: 129024K Free: 101607K (79%)
5 ms. Memory: 129024K Free: 99045K (77%)
7 ms. Memory: 129024K Free: 91877K (71%)
6 ms. Memory: 129024K Free: 82151K (64%)
5 ms. Memory: 129024K Free: 71383K (55%)
/home/travis/build/icyphy/ptII/ptolemy/actor/lib/test/Pulse.tcl
2 ms. Memory: 155648K Free: 110608K (71%)
2 ms. Memory: 155648K Free: 110098K (71%)
1 ms. Memory: 155648K Free: 109578K (70%)
2 ms. Memory: 155648K Free: 109074K (70%)
1 ms. Memory: 155648K Free: 108560K (70%)
4 ms. Memory: 155648K Free: 107522K (69%)
2 ms. Memory: 155648K Free: 106506K (68%)
1 ms. Memory: 155648K Free: 105488K (68%)
2 ms. Memory: 155648K Free: 104978K (67%)
/home/travis/build/icyphy/ptII/ptolemy/actor/lib/test/Ramp.tcl
2 ms. Memory: 155648K Free: 102930K (66%)
2 ms. Memory: 155648K Free: 102416K (66%)
1 ms. Memory: 155648K Free: 101362K (65%)
2 ms. Memory: 155648K Free: 100882K (65%)
3 ms. Memory: 155648K Free: 99858K (64%)
4 ms. Memory: 155648K Free: 99330K (64%)
4 ms. Memory: 155648K Free: 98320K (63%)
5 actors
4000 microseconds per iteration to create
4 ms. Memory: 155648K Free: 95762K (62%)
2 ms. Memory: 155648K Free: 94738K (61%)
2 ms. Memory: 155648K Free: 94224K (61%)
1 ms. Memory: 155648K Free: 93714K (60%)
50 actors
25000 microseconds per iteration to create
23 ms. Memory: 155648K Free: 78354K (50%)
5 ms. Memory: 155648K Free: 77330K (50%)
19 ms. Memory: 155648K Free: 136517K (88%)
13 ms. Memory: 155648K Free: 135493K (87%)
500 actors
1711000 microseconds per iteration to create
228 ms. Memory: 155648K Free: 115052K (74%)
31 ms. Memory: 155648K Free: 109932K (71%)
51 ms. Memory: 155648K Free: 104812K (67%)
40 ms. Memory: 155648K Free: 99178K (64%)
/home/travis/build/icyphy/ptII/ptolemy/actor/lib/test/RampContinuous.tcl
7 ms. Memory: 155648K Free: 98123K (63%)
/home/travis/build/icyphy/ptII/ptolemy/actor/lib/test/RecordAssembler.tcl
5 ms. Memory: 155648K Free: 96620K (62%)
3 ms. Memory: 155648K Free: 95596K (61%)
/home/travis/build/icyphy/ptII/ptolemy/actor/lib/test/RecordDisassembler.tcl
11 ms. Memory: 155648K Free: 93548K (60%)
4 ms. Memory: 155648K Free: 93019K (60%)
3 ms. Memory: 155648K Free: 91500K (59%)
/home/travis/build/icyphy/ptII/ptolemy/actor/lib/test/Scale.tcl
2 ms. Memory: 155648K Free: 89931K (58%)
2 ms. Memory: 155648K Free: 88938K (57%)
1 ms. Memory: 155648K Free: 88428K (57%)
2 ms. Memory: 155648K Free: 87404K (56%)
2 ms. Memory: 155648K Free: 86380K (55%)
/home/travis/build/icyphy/ptII/ptolemy/actor/lib/test/SequentialClock.tcl
preinitializing
resolving types
initializing
executing number 1
wrapping up
idle
4 ms. Memory: 155648K Free: 85356K (55%)
Completed execution with 5 iterations
preinitializing
resolving types
initializing
executing number 1
wrapping up
idle
2 ms. Memory: 155648K Free: 84842K (55%)
Completed execution with 5 iterations
preinitializing
resolving types
initializing
executing number 1
wrapping up
idle
1 ms. Memory: 155648K Free: 84332K (54%)
Completed execution with 5 iterations
/home/travis/build/icyphy/ptII/ptolemy/actor/lib/test/SetVariable.tcl
3 ms. Memory: 155648K Free: 82284K (53%)
/home/travis/build/icyphy/ptII/ptolemy/actor/lib/test/Sinewave.tcl
/home/travis/build/icyphy/ptII/ptolemy/actor/lib/test/SubscriptionAggregator.tcl
5 ms. Memory: 155648K Free: 71020K (46%)
2 ms. Memory: 155648K Free: 70506K (45%)
1 ms. Memory: 155648K Free: 69996K (45%)
1 ms. Memory: 155648K Free: 69482K (45%)
3 ms. Memory: 155648K Free: 65900K (42%)
10 ms. Memory: 155648K Free: 63338K (41%)
...............................................................1103 ms. Memory: 265216K Free: 125708K (47%)
/home/travis/build/icyphy/ptII/ptolemy/actor/lib/test/Test.tcl
 The next command will produce a warning about training mode,
   which may be ignored.
5 ms. Memory: 265216K Free: 123660K (47%)
5 ms. Memory: 265216K Free: 122636K (46%)
2 ms. Memory: 265216K Free: 122107K (46%)
2 ms. Memory: 265216K Free: 121612K (46%)
3 ms. Memory: 265216K Free: 121091K (46%)
12 ms. Memory: 265216K Free: 119564K (45%)
9 ms. Memory: 265216K Free: 118540K (45%)
 The next command will produce a warning about training mode,
   which may be ignored.
3 ms. Memory: 265216K Free: 115971K (44%)
 The next command will produce a warning about training mode,
   which may be ignored.
2 ms. Memory: 265216K Free: 114947K (43%)
1 ms. Memory: 265216K Free: 114444K (43%)
1 ms. Memory: 265216K Free: 113899K (43%)
1 ms. Memory: 265216K Free: 113420K (43%)
6 ms. Memory: 265216K Free: 112396K (42%)
2 ms. Memory: 265216K Free: 108803K (41%)
/home/travis/build/icyphy/ptII/ptolemy/actor/lib/test/TestExceptionHandler.tcl
 The next command will produce a warning about training mode,
   which may be ignored.
2 ms. Memory: 265216K Free: 107276K (40%)
1 ms. Memory: 265216K Free: 106762K (40%)
1 ms. Memory: 265216K Free: 106252K (40%)
/home/travis/build/icyphy/ptII/ptolemy/actor/lib/test/UnionDisassembler.tcl
15 ms. Memory: 265216K Free: 99084K (37%)
/home/travis/build/icyphy/ptII/ptolemy/actor/lib/test/VariableClock.tcl
preinitializing
resolving types
initializing
executing number 1
wrapping up
idle
4 ms. Memory: 265216K Free: 97036K (37%)
Completed execution with 11 iterations
preinitializing
resolving types
initializing
executing number 1
wrapping up
idle
4 ms. Memory: 265216K Free: 95483K (36%)
Completed execution with 10 iterations
03/28/20 01:42:53
Failed: 0  Total Tests: 233  ((Passed: 233, Newly Passed: 0)  Known Failed: 0) /home/travis/build/icyphy/ptII/ptolemy/actor/lib/test
----------------- testing (KnownFailure) /home/travis/build/icyphy/ptII/ptolemy/actor/lib/test/auto/knownFailedTests/PublisherPortToplevelSubscriber.xml
1 ms. Memory: 265216K Free: 92426K (35%)
Known Failure: java.lang.reflect.InvocationTargetException
----------------- testing (KnownFailure) /home/travis/build/icyphy/ptII/ptolemy/actor/lib/test/auto/knownFailedTests/PublisherSubscriberPortToplevel.xml
1 ms. Memory: 265216K Free: 87820K (33%)
Known Failure: java.lang.reflect.InvocationTargetException
----------------- testing (KnownFailure) /home/travis/build/icyphy/ptII/ptolemy/actor/lib/test/auto/knownFailedTests/PublisherSubscriptionAggregatorPort.xml
1 ms. Memory: 265216K Free: 84234K (32%)
Known Failure: java.lang.reflect.InvocationTargetException
----------------- testing (KnownFailure) /home/travis/build/icyphy/ptII/ptolemy/actor/lib/test/auto/knownFailedTests/sizedarray3.xml
8 ms. Memory: 265216K Free: 79628K (30%)
Known Failure: java.lang.reflect.InvocationTargetException
No auto/linux-amd64/*.xml tests in /home/travis/build/icyphy/ptII/ptolemy/actor/lib/test
AutoTests.java: About to close Vertx.
AutoTests.java: Vertx closed.

===========================================================================================
----------------- testing Sat Mar 28 13:42:53 UTC 2020 /home/travis/build/icyphy/ptII/ptolemy/actor/lib/test/auto/AbsoluteValue.xml
----------------- Instantiating /home/travis/build/icyphy/ptII/ptolemy/actor/lib/test/auto/AbsoluteValue.xml
4 ms. Memory: 265216K Free: 197388K (74%)
----------------- Invoking toplevel() on ptolemy.moml.MoMLSimpleApplication@3c2db046
----------------- Done invoking toplevel() on ptolemy.moml.MoMLSimpleApplication@3c2db046
reloadAllAccessors: .AbsoluteValue

===========================================================================================
----------------- testing Sat Mar 28 13:42:53 UTC 2020 /home/travis/build/icyphy/ptII/ptolemy/actor/lib/test/auto/AbsoluteValue2.xml
----------------- Instantiating /home/travis/build/icyphy/ptII/ptolemy/actor/lib/test/auto/AbsoluteValue2.xml
4 ms. Memory: 265216K Free: 190730K (72%)
----------------- Invoking toplevel() on ptolemy.moml.MoMLSimpleApplication@3509687f
----------------- Done invoking toplevel() on ptolemy.moml.MoMLSimpleApplication@3509687f
reloadAllAccessors: .AbsoluteValue2

===========================================================================================
----------------- testing Sat Mar 28 13:42:53 UTC 2020 /home/travis/build/icyphy/ptII/ptolemy/actor/lib/test/auto/Accumulator.xml
----------------- Instantiating /home/travis/build/icyphy/ptII/ptolemy/actor/lib/test/auto/Accumulator.xml
5 ms. Memory: 265216K Free: 184076K (69%)
----------------- Invoking toplevel() on ptolemy.moml.MoMLSimpleApplication@59479bd6
----------------- Done invoking toplevel() on ptolemy.moml.MoMLSimpleApplication@59479bd6
reloadAllAccessors: .Accumulator

===========================================================================================
----------------- testing Sat Mar 28 13:42:54 UTC 2020 /home/travis/build/icyphy/ptII/ptolemy/actor/lib/test/auto/Accumulator2.xml
----------------- Instantiating /home/travis/build/icyphy/ptII/ptolemy/actor/lib/test/auto/Accumulator2.xml
3 ms. Memory: 265216K Free: 178956K (67%)
----------------- Invoking toplevel() on ptolemy.moml.MoMLSimpleApplication@3c026883
----------------- Done invoking toplevel() on ptolemy.moml.MoMLSimpleApplication@3c026883
reloadAllAccessors: .Accumulator2

===========================================================================================
----------------- testing Sat Mar 28 13:42:54 UTC 2020 /home/travis/build/icyphy/ptII/ptolemy/actor/lib/test/auto/Accumulator3.xml
----------------- Instantiating /home/travis/build/icyphy/ptII/ptolemy/actor/lib/test/auto/Accumulator3.xml
2 ms. Memory: 265216K Free: 174346K (66%)
----------------- Invoking toplevel() on ptolemy.moml.MoMLSimpleApplication@2e7c8de9
----------------- Done invoking toplevel() on ptolemy.moml.MoMLSimpleApplication@2e7c8de9
reloadAllAccessors: .Accumulator3

===========================================================================================
----------------- testing Sat Mar 28 13:42:54 UTC 2020 /home/travis/build/icyphy/ptII/ptolemy/actor/lib/test/auto/ArrayAppend.xml
----------------- Instantiating /home/travis/build/icyphy/ptII/ptolemy/actor/lib/test/auto/ArrayAppend.xml
6 ms. Memory: 265216K Free: 168171K (63%)
----------------- Invoking toplevel() on ptolemy.moml.MoMLSimpleApplication@31dc8254
----------------- Done invoking toplevel() on ptolemy.moml.MoMLSimpleApplication@31dc8254
reloadAllAccessors: .ArrayAppend

===========================================================================================
----------------- testing Sat Mar 28 13:42:54 UTC 2020 /home/travis/build/icyphy/ptII/ptolemy/actor/lib/test/auto/ArrayAppend2.xml
----------------- Instantiating /home/travis/build/icyphy/ptII/ptolemy/actor/lib/test/auto/ArrayAppend2.xml
288 ms. Memory: 265216K Free: 96012K (36%)
----------------- Invoking toplevel() on ptolemy.moml.MoMLSimpleApplication@7ab8b547
----------------- Done invoking toplevel() on ptolemy.moml.MoMLSimpleApplication@7ab8b547
reloadAllAccessors: .ArrayAppend2

===========================================================================================
----------------- testing Sat Mar 28 13:42:54 UTC 2020 /home/travis/build/icyphy/ptII/ptolemy/actor/lib/test/auto/ArrayAppend3.xml
----------------- Instantiating /home/travis/build/icyphy/ptII/ptolemy/actor/lib/test/auto/ArrayAppend3.xml
4 ms. Memory: 265216K Free: 91402K (34%)
----------------- Invoking toplevel() on ptolemy.moml.MoMLSimpleApplication@7cccdaa4
----------------- Done invoking toplevel() on ptolemy.moml.MoMLSimpleApplication@7cccdaa4
reloadAllAccessors: .ArrayAppend3

===========================================================================================
----------------- testing Sat Mar 28 13:42:54 UTC 2020 /home/travis/build/icyphy/ptII/ptolemy/actor/lib/test/auto/ArrayAppend4.xml
----------------- Instantiating /home/travis/build/icyphy/ptII/ptolemy/actor/lib/test/auto/ArrayAppend4.xml
3 ms. Memory: 265216K Free: 86282K (33%)
----------------- Invoking toplevel() on ptolemy.moml.MoMLSimpleApplication@22e4e8a1
----------------- Done invoking toplevel() on ptolemy.moml.MoMLSimpleApplication@22e4e8a1
reloadAllAccessors: .ArrayAppend4

===========================================================================================
----------------- testing Sat Mar 28 13:42:54 UTC 2020 /home/travis/build/icyphy/ptII/ptolemy/actor/lib/test/auto/ArrayAppend5.xml
----------------- Instantiating /home/travis/build/icyphy/ptII/ptolemy/actor/lib/test/auto/ArrayAppend5.xml
2 ms. Memory: 265216K Free: 80652K (30%)
----------------- Invoking toplevel() on ptolemy.moml.MoMLSimpleApplication@6743a17d
----------------- Done invoking toplevel() on ptolemy.moml.MoMLSimpleApplication@6743a17d
reloadAllAccessors: .ArrayAppend5

===========================================================================================
----------------- testing Sat Mar 28 13:42:54 UTC 2020 /home/travis/build/icyphy/ptII/ptolemy/actor/lib/test/auto/ArrayAppend6.xml
----------------- Instantiating /home/travis/build/icyphy/ptII/ptolemy/actor/lib/test/auto/ArrayAppend6.xml
3 ms. Memory: 265216K Free: 214427K (81%)
----------------- Invoking toplevel() on ptolemy.moml.MoMLSimpleApplication@5d772bd5
----------------- Done invoking toplevel() on ptolemy.moml.MoMLSimpleApplication@5d772bd5
reloadAllAccessors: .ArrayAppend6

===========================================================================================
----------------- testing Sat Mar 28 13:42:54 UTC 2020 /home/travis/build/icyphy/ptII/ptolemy/actor/lib/test/auto/ArrayAppendPerformanceTest.xml
----------------- Instantiating /home/travis/build/icyphy/ptII/ptolemy/actor/lib/test/auto/ArrayAppendPerformanceTest.xml
24 ms. Memory: 265216K Free: 203163K (77%)
----------------- Invoking toplevel() on ptolemy.moml.MoMLSimpleApplication@463566d7
----------------- Done invoking toplevel() on ptolemy.moml.MoMLSimpleApplication@463566d7
reloadAllAccessors: .ArrayAppendPerformanceTest

===========================================================================================
----------------- testing Sat Mar 28 13:42:54 UTC 2020 /home/travis/build/icyphy/ptII/ptolemy/actor/lib/test/auto/ArrayAppendWithEmptyInput.xml
----------------- Instantiating /home/travis/build/icyphy/ptII/ptolemy/actor/lib/test/auto/ArrayAppendWithEmptyInput.xml
23 ms. Memory: 265216K Free: 195485K (74%)
----------------- Invoking toplevel() on ptolemy.moml.MoMLSimpleApplication@2d474545
----------------- Done invoking toplevel() on ptolemy.moml.MoMLSimpleApplication@2d474545
reloadAllAccessors: .ArrayAppendWithEmptyInput

===========================================================================================
----------------- testing Sat Mar 28 13:42:54 UTC 2020 /home/travis/build/icyphy/ptII/ptolemy/actor/lib/test/auto/ArrayAverage.xml
----------------- Instantiating /home/travis/build/icyphy/ptII/ptolemy/actor/lib/test/auto/ArrayAverage.xml
9 ms. Memory: 265216K Free: 187293K (71%)
----------------- Invoking toplevel() on ptolemy.moml.MoMLSimpleApplication@247a18c7
----------------- Done invoking toplevel() on ptolemy.moml.MoMLSimpleApplication@247a18c7
reloadAllAccessors: .ArrayAverage

===========================================================================================
----------------- testing Sat Mar 28 13:42:54 UTC 2020 /home/travis/build/icyphy/ptII/ptolemy/actor/lib/test/auto/ArrayContains.xml
----------------- Instantiating /home/travis/build/icyphy/ptII/ptolemy/actor/lib/test/auto/ArrayContains.xml
3 ms. Memory: 265216K Free: 181659K (68%)
----------------- Invoking toplevel() on ptolemy.moml.MoMLSimpleApplication@2a86fe83
----------------- Done invoking toplevel() on ptolemy.moml.MoMLSimpleApplication@2a86fe83
reloadAllAccessors: .ArrayContains

===========================================================================================
----------------- testing Sat Mar 28 13:42:54 UTC 2020 /home/travis/build/icyphy/ptII/ptolemy/actor/lib/test/auto/ArrayElement.xml
----------------- Instantiating /home/travis/build/icyphy/ptII/ptolemy/actor/lib/test/auto/ArrayElement.xml
4 ms. Memory: 265216K Free: 175515K (66%)
----------------- Invoking toplevel() on ptolemy.moml.MoMLSimpleApplication@7b3299fa
----------------- Done invoking toplevel() on ptolemy.moml.MoMLSimpleApplication@7b3299fa
reloadAllAccessors: .ArrayElement

===========================================================================================
----------------- testing Sat Mar 28 13:42:54 UTC 2020 /home/travis/build/icyphy/ptII/ptolemy/actor/lib/test/auto/ArrayElementAsMatrix.xml
----------------- Instantiating /home/travis/build/icyphy/ptII/ptolemy/actor/lib/test/auto/ArrayElementAsMatrix.xml
23 ms. Memory: 265216K Free: 165789K (63%)
----------------- Invoking toplevel() on ptolemy.moml.MoMLSimpleApplication@85f888e
----------------- Done invoking toplevel() on ptolemy.moml.MoMLSimpleApplication@85f888e
reloadAllAccessors: .ArrayElementAsMatrix

===========================================================================================
----------------- testing Sat Mar 28 13:42:54 UTC 2020 /home/travis/build/icyphy/ptII/ptolemy/actor/lib/test/auto/ArrayElementI.xml
----------------- Instantiating /home/travis/build/icyphy/ptII/ptolemy/actor/lib/test/auto/ArrayElementI.xml
9 ms. Memory: 265216K Free: 160140K (60%)
----------------- Invoking toplevel() on ptolemy.moml.MoMLSimpleApplication@10102b7
----------------- Done invoking toplevel() on ptolemy.moml.MoMLSimpleApplication@10102b7
reloadAllAccessors: .ArrayElementI

===========================================================================================
----------------- testing Sat Mar 28 13:42:55 UTC 2020 /home/travis/build/icyphy/ptII/ptolemy/actor/lib/test/auto/ArrayExtract.xml
----------------- Instantiating /home/travis/build/icyphy/ptII/ptolemy/actor/lib/test/auto/ArrayExtract.xml
8 ms. Memory: 265216K Free: 151963K (57%)
----------------- Invoking toplevel() on ptolemy.moml.MoMLSimpleApplication@32a65039
----------------- Done invoking toplevel() on ptolemy.moml.MoMLSimpleApplication@32a65039
reloadAllAccessors: .ArrayExtract

===========================================================================================
----------------- testing Sat Mar 28 13:42:55 UTC 2020 /home/travis/build/icyphy/ptII/ptolemy/actor/lib/test/auto/ArrayExtract2.xml
----------------- Instantiating /home/travis/build/icyphy/ptII/ptolemy/actor/lib/test/auto/ArrayExtract2.xml
3 ms. Memory: 265216K Free: 146333K (55%)
----------------- Invoking toplevel() on ptolemy.moml.MoMLSimpleApplication@a55e3d3
----------------- Done invoking toplevel() on ptolemy.moml.MoMLSimpleApplication@a55e3d3
reloadAllAccessors: .ArrayExtract2

===========================================================================================
----------------- testing Sat Mar 28 13:42:55 UTC 2020 /home/travis/build/icyphy/ptII/ptolemy/actor/lib/test/auto/ArrayLength.xml
----------------- Instantiating /home/travis/build/icyphy/ptII/ptolemy/actor/lib/test/auto/ArrayLength.xml
2 ms. Memory: 265216K Free: 142747K (54%)
----------------- Invoking toplevel() on ptolemy.moml.MoMLSimpleApplication@69962062
----------------- Done invoking toplevel() on ptolemy.moml.MoMLSimpleApplication@69962062
reloadAllAccessors: .ArrayLength

===========================================================================================
----------------- testing Sat Mar 28 13:42:55 UTC 2020 /home/travis/build/icyphy/ptII/ptolemy/actor/lib/test/auto/ArrayLevelCrossing.xml
----------------- Instantiating /home/travis/build/icyphy/ptII/ptolemy/actor/lib/test/auto/ArrayLevelCrossing.xml
3 ms. Memory: 265216K Free: 135069K (51%)
----------------- Invoking toplevel() on ptolemy.moml.MoMLSimpleApplication@57edb026
----------------- Done invoking toplevel() on ptolemy.moml.MoMLSimpleApplication@57edb026
reloadAllAccessors: .ArrayLevelCrossing

===========================================================================================
----------------- testing Sat Mar 28 13:42:55 UTC 2020 /home/travis/build/icyphy/ptII/ptolemy/actor/lib/test/auto/ArrayLevelCrossing2.xml
----------------- Instantiating /home/travis/build/icyphy/ptII/ptolemy/actor/lib/test/auto/ArrayLevelCrossing2.xml
2 ms. Memory: 265216K Free: 127372K (48%)
----------------- Invoking toplevel() on ptolemy.moml.MoMLSimpleApplication@1fd124f6
----------------- Done invoking toplevel() on ptolemy.moml.MoMLSimpleApplication@1fd124f6
reloadAllAccessors: .ArrayLevelCrossing2

===========================================================================================
----------------- testing Sat Mar 28 13:42:55 UTC 2020 /home/travis/build/icyphy/ptII/ptolemy/actor/lib/test/auto/ArrayPeakSearch.xml
----------------- Instantiating /home/travis/build/icyphy/ptII/ptolemy/actor/lib/test/auto/ArrayPeakSearch.xml
6 ms. Memory: 265216K Free: 118685K (45%)
----------------- Invoking toplevel() on ptolemy.moml.MoMLSimpleApplication@7ae7e89d
----------------- Done invoking toplevel() on ptolemy.moml.MoMLSimpleApplication@7ae7e89d
reloadAllAccessors: .ArrayPeakSearch

===========================================================================================
----------------- testing Sat Mar 28 13:42:55 UTC 2020 /home/travis/build/icyphy/ptII/ptolemy/actor/lib/test/auto/ArrayPeakSearch2.xml
----------------- Instantiating /home/travis/build/icyphy/ptII/ptolemy/actor/lib/test/auto/ArrayPeakSearch2.xml
9 ms. Memory: 265216K Free: 107900K (41%)
----------------- Invoking toplevel() on ptolemy.moml.MoMLSimpleApplication@1350f095
----------------- Done invoking toplevel() on ptolemy.moml.MoMLSimpleApplication@1350f095
reloadAllAccessors: .ArrayPeakSearch2

===========================================================================================
----------------- testing Sat Mar 28 13:42:55 UTC 2020 /home/travis/build/icyphy/ptII/ptolemy/actor/lib/test/auto/ArrayPeakSearch3.xml
----------------- Instantiating /home/travis/build/icyphy/ptII/ptolemy/actor/lib/test/auto/ArrayPeakSearch3.xml
5 ms. Memory: 265216K Free: 99229K (37%)
----------------- Invoking toplevel() on ptolemy.moml.MoMLSimpleApplication@5b0a171a
----------------- Done invoking toplevel() on ptolemy.moml.MoMLSimpleApplication@5b0a171a
reloadAllAccessors: .ArrayPeakSearch3

===========================================================================================
----------------- testing Sat Mar 28 13:42:55 UTC 2020 /home/travis/build/icyphy/ptII/ptolemy/actor/lib/test/auto/ArrayRemoveElement.xml
----------------- Instantiating /home/travis/build/icyphy/ptII/ptolemy/actor/lib/test/auto/ArrayRemoveElement.xml
4 ms. Memory: 265216K Free: 91037K (34%)
----------------- Invoking toplevel() on ptolemy.moml.MoMLSimpleApplication@404d369
----------------- Done invoking toplevel() on ptolemy.moml.MoMLSimpleApplication@404d369
reloadAllAccessors: .ArrayRemoveElement

===========================================================================================
----------------- testing Sat Mar 28 13:42:55 UTC 2020 /home/travis/build/icyphy/ptII/ptolemy/actor/lib/test/auto/ArraySort.xml
----------------- Instantiating /home/travis/build/icyphy/ptII/ptolemy/actor/lib/test/auto/ArraySort.xml
9 ms. Memory: 265216K Free: 82331K (31%)
----------------- Invoking toplevel() on ptolemy.moml.MoMLSimpleApplication@50be676e
----------------- Done invoking toplevel() on ptolemy.moml.MoMLSimpleApplication@50be676e
reloadAllAccessors: .ArraySort

===========================================================================================
----------------- testing Sat Mar 28 13:42:55 UTC 2020 /home/travis/build/icyphy/ptII/ptolemy/actor/lib/test/auto/ArraySum.xml
----------------- Instantiating /home/travis/build/icyphy/ptII/ptolemy/actor/lib/test/auto/ArraySum.xml
4 ms. Memory: 265216K Free: 76701K (29%)
----------------- Invoking toplevel() on ptolemy.moml.MoMLSimpleApplication@248b8a3d
----------------- Done invoking toplevel() on ptolemy.moml.MoMLSimpleApplication@248b8a3d
reloadAllAccessors: .ArraySum

===========================================================================================
----------------- testing Sat Mar 28 13:42:55 UTC 2020 /home/travis/build/icyphy/ptII/ptolemy/actor/lib/test/auto/ArrayToElements.xml
----------------- Instantiating /home/travis/build/icyphy/ptII/ptolemy/actor/lib/test/auto/ArrayToElements.xml
6 ms. Memory: 265216K Free: 71581K (27%)
----------------- Invoking toplevel() on ptolemy.moml.MoMLSimpleApplication@779f5376
----------------- Done invoking toplevel() on ptolemy.moml.MoMLSimpleApplication@779f5376
reloadAllAccessors: .ArrayToElements

===========================================================================================
----------------- testing Sat Mar 28 13:42:55 UTC 2020 /home/travis/build/icyphy/ptII/ptolemy/actor/lib/test/auto/ArrayToMatrix.xml
----------------- Instantiating /home/travis/build/icyphy/ptII/ptolemy/actor/lib/test/auto/ArrayToMatrix.xml
22 ms. Memory: 265216K Free: 210943K (80%)
----------------- Invoking toplevel() on ptolemy.moml.MoMLSimpleApplication@edd591
----------------- Done invoking toplevel() on ptolemy.moml.MoMLSimpleApplication@edd591
reloadAllAccessors: .ArrayToMatrix

===========================================================================================
----------------- testing Sat Mar 28 13:42:55 UTC 2020 /home/travis/build/icyphy/ptII/ptolemy/actor/lib/test/auto/ArrayUpdate1.xml
----------------- Instantiating /home/travis/build/icyphy/ptII/ptolemy/actor/lib/test/auto/ArrayUpdate1.xml
6 ms. Memory: 265216K Free: 205823K (78%)
----------------- Invoking toplevel() on ptolemy.moml.MoMLSimpleApplication@1159a9f3
----------------- Done invoking toplevel() on ptolemy.moml.MoMLSimpleApplication@1159a9f3
reloadAllAccessors: .ArrayUpdate1

===========================================================================================
----------------- testing Sat Mar 28 13:42:55 UTC 2020 /home/travis/build/icyphy/ptII/ptolemy/actor/lib/test/auto/ArrayUpdate2.xml
----------------- Instantiating /home/travis/build/icyphy/ptII/ptolemy/actor/lib/test/auto/ArrayUpdate2.xml
13 ms. Memory: 265216K Free: 199165K (75%)
----------------- Invoking toplevel() on ptolemy.moml.MoMLSimpleApplication@612304f1
----------------- Done invoking toplevel() on ptolemy.moml.MoMLSimpleApplication@612304f1
reloadAllAccessors: .ArrayUpdate2

===========================================================================================
----------------- testing Sat Mar 28 13:42:55 UTC 2020 /home/travis/build/icyphy/ptII/ptolemy/actor/lib/test/auto/ArrayUpdate3.xml
----------------- Instantiating /home/travis/build/icyphy/ptII/ptolemy/actor/lib/test/auto/ArrayUpdate3.xml
2 ms. Memory: 265216K Free: 194045K (73%)
----------------- Invoking toplevel() on ptolemy.moml.MoMLSimpleApplication@6a3321d3
----------------- Done invoking toplevel() on ptolemy.moml.MoMLSimpleApplication@6a3321d3
reloadAllAccessors: .ArrayUpdate3

===========================================================================================
----------------- testing Sat Mar 28 13:42:55 UTC 2020 /home/travis/build/icyphy/ptII/ptolemy/actor/lib/test/auto/Assert1.xml
----------------- Instantiating /home/travis/build/icyphy/ptII/ptolemy/actor/lib/test/auto/Assert1.xml
7 ms. Memory: 265216K Free: 189949K (72%)
----------------- Invoking toplevel() on ptolemy.moml.MoMLSimpleApplication@6a5a5a7c
----------------- Done invoking toplevel() on ptolemy.moml.MoMLSimpleApplication@6a5a5a7c
reloadAllAccessors: .Assert1

===========================================================================================
----------------- testing Sat Mar 28 13:42:55 UTC 2020 /home/travis/build/icyphy/ptII/ptolemy/actor/lib/test/auto/Assert2.xml
----------------- Instantiating /home/travis/build/icyphy/ptII/ptolemy/actor/lib/test/auto/Assert2.xml
2 ms. Memory: 265216K Free: 184829K (70%)
----------------- Invoking toplevel() on ptolemy.moml.MoMLSimpleApplication@75bfab3b
----------------- Done invoking toplevel() on ptolemy.moml.MoMLSimpleApplication@75bfab3b
reloadAllAccessors: .Assert2

===========================================================================================
----------------- testing Sat Mar 28 13:42:55 UTC 2020 /home/travis/build/icyphy/ptII/ptolemy/actor/lib/test/auto/BooleanMultiplexor.xml
----------------- Instantiating /home/travis/build/icyphy/ptII/ptolemy/actor/lib/test/auto/BooleanMultiplexor.xml
2 ms. Memory: 265216K Free: 179695K (68%)
----------------- Invoking toplevel() on ptolemy.moml.MoMLSimpleApplication@60914879
----------------- Done invoking toplevel() on ptolemy.moml.MoMLSimpleApplication@60914879
reloadAllAccessors: .BooleanMultiplexor

===========================================================================================
----------------- testing Sat Mar 28 13:42:55 UTC 2020 /home/travis/build/icyphy/ptII/ptolemy/actor/lib/test/auto/BooleanMultiplexor2.xml
----------------- Instantiating /home/travis/build/icyphy/ptII/ptolemy/actor/lib/test/auto/BooleanMultiplexor2.xml
12 ms. Memory: 265216K Free: 173055K (65%)
----------------- Invoking toplevel() on ptolemy.moml.MoMLSimpleApplication@19033612
----------------- Done invoking toplevel() on ptolemy.moml.MoMLSimpleApplication@19033612
reloadAllAccessors: .BooleanMultiplexor2

===========================================================================================
----------------- testing Sat Mar 28 13:42:55 UTC 2020 /home/travis/build/icyphy/ptII/ptolemy/actor/lib/test/auto/BooleanMultiplexor3.xml
----------------- Instantiating /home/travis/build/icyphy/ptII/ptolemy/actor/lib/test/auto/BooleanMultiplexor3.xml
7 ms. Memory: 265216K Free: 168959K (64%)
----------------- Invoking toplevel() on ptolemy.moml.MoMLSimpleApplication@411a0abc
----------------- Done invoking toplevel() on ptolemy.moml.MoMLSimpleApplication@411a0abc
reloadAllAccessors: .BooleanMultiplexor3

===========================================================================================
----------------- testing Sat Mar 28 13:42:55 UTC 2020 /home/travis/build/icyphy/ptII/ptolemy/actor/lib/test/auto/BooleanSelect.xml
----------------- Instantiating /home/travis/build/icyphy/ptII/ptolemy/actor/lib/test/auto/BooleanSelect.xml
8 ms. Memory: 265216K Free: 163311K (62%)
----------------- Invoking toplevel() on ptolemy.moml.MoMLSimpleApplication@1318a2d8
----------------- Done invoking toplevel() on ptolemy.moml.MoMLSimpleApplication@1318a2d8
reloadAllAccessors: .BooleanSelect

===========================================================================================
----------------- testing Sat Mar 28 13:42:55 UTC 2020 /home/travis/build/icyphy/ptII/ptolemy/actor/lib/test/auto/BooleanSelect2.xml
----------------- Instantiating /home/travis/build/icyphy/ptII/ptolemy/actor/lib/test/auto/BooleanSelect2.xml
2 ms. Memory: 265216K Free: 158719K (60%)
----------------- Invoking toplevel() on ptolemy.moml.MoMLSimpleApplication@1a33c23c
----------------- Done invoking toplevel() on ptolemy.moml.MoMLSimpleApplication@1a33c23c
reloadAllAccessors: .BooleanSelect2

===========================================================================================
----------------- testing Sat Mar 28 13:42:55 UTC 2020 /home/travis/build/icyphy/ptII/ptolemy/actor/lib/test/auto/BooleanSwitch.xml
----------------- Instantiating /home/travis/build/icyphy/ptII/ptolemy/actor/lib/test/auto/BooleanSwitch.xml
9 ms. Memory: 265216K Free: 153085K (58%)
----------------- Invoking toplevel() on ptolemy.moml.MoMLSimpleApplication@328516ae
----------------- Done invoking toplevel() on ptolemy.moml.MoMLSimpleApplication@328516ae
reloadAllAccessors: .BooleanSwitch

===========================================================================================
----------------- testing Sat Mar 28 13:42:55 UTC 2020 /home/travis/build/icyphy/ptII/ptolemy/actor/lib/test/auto/BooleanSwitch2.xml
----------------- Instantiating /home/travis/build/icyphy/ptII/ptolemy/actor/lib/test/auto/BooleanSwitch2.xml
1 ms. Memory: 265216K Free: 148479K (56%)
----------------- Invoking toplevel() on ptolemy.moml.MoMLSimpleApplication@1813d301
----------------- Done invoking toplevel() on ptolemy.moml.MoMLSimpleApplication@1813d301
reloadAllAccessors: .BooleanSwitch2

===========================================================================================
----------------- testing Sat Mar 28 13:42:55 UTC 2020 /home/travis/build/icyphy/ptII/ptolemy/actor/lib/test/auto/BooleanSwitchCloningBugWithClassRelationGroup.xml
----------------- Instantiating /home/travis/build/icyphy/ptII/ptolemy/actor/lib/test/auto/BooleanSwitchCloningBugWithClassRelationGroup.xml
6 ms. Memory: 265216K Free: 142335K (54%)
----------------- Invoking toplevel() on ptolemy.moml.MoMLSimpleApplication@305a6cd7
----------------- Done invoking toplevel() on ptolemy.moml.MoMLSimpleApplication@305a6cd7
reloadAllAccessors: .BooleanSwitchCloningBugWithClassRelationGroup

===========================================================================================
----------------- testing Sat Mar 28 13:42:55 UTC 2020 /home/travis/build/icyphy/ptII/ptolemy/actor/lib/test/auto/BusActors.xml
----------------- Instantiating /home/travis/build/icyphy/ptII/ptolemy/actor/lib/test/auto/BusActors.xml
4 ms. Memory: 265216K Free: 134143K (51%)
----------------- Invoking toplevel() on ptolemy.moml.MoMLSimpleApplication@71c64aeb
----------------- Done invoking toplevel() on ptolemy.moml.MoMLSimpleApplication@71c64aeb
reloadAllAccessors: .BusActors

===========================================================================================
----------------- testing Sat Mar 28 13:42:55 UTC 2020 /home/travis/build/icyphy/ptII/ptolemy/actor/lib/test/auto/ClassWrapper.xml
----------------- Instantiating /home/travis/build/icyphy/ptII/ptolemy/actor/lib/test/auto/ClassWrapper.xml
3 ms. Memory: 265216K Free: 130047K (49%)
----------------- Invoking toplevel() on ptolemy.moml.MoMLSimpleApplication@17528fe0
----------------- Done invoking toplevel() on ptolemy.moml.MoMLSimpleApplication@17528fe0
reloadAllAccessors: .ClassWrapper

===========================================================================================
----------------- testing Sat Mar 28 13:42:55 UTC 2020 /home/travis/build/icyphy/ptII/ptolemy/actor/lib/test/auto/Clock.xml
----------------- Instantiating /home/travis/build/icyphy/ptII/ptolemy/actor/lib/test/auto/Clock.xml
4 ms. Memory: 265216K Free: 125951K (47%)
----------------- Invoking toplevel() on ptolemy.moml.MoMLSimpleApplication@5bb6a5ad
----------------- Done invoking toplevel() on ptolemy.moml.MoMLSimpleApplication@5bb6a5ad
reloadAllAccessors: .Clock

===========================================================================================
----------------- testing Sat Mar 28 13:42:55 UTC 2020 /home/travis/build/icyphy/ptII/ptolemy/actor/lib/test/auto/Clock10.xml
----------------- Instantiating /home/travis/build/icyphy/ptII/ptolemy/actor/lib/test/auto/Clock10.xml
3 ms. Memory: 265216K Free: 120317K (45%)
----------------- Invoking toplevel() on ptolemy.moml.MoMLSimpleApplication@7429f91
----------------- Done invoking toplevel() on ptolemy.moml.MoMLSimpleApplication@7429f91
reloadAllAccessors: .Clock10

===========================================================================================
----------------- testing Sat Mar 28 13:42:56 UTC 2020 /home/travis/build/icyphy/ptII/ptolemy/actor/lib/test/auto/Clock11.xml
----------------- Instantiating /home/travis/build/icyphy/ptII/ptolemy/actor/lib/test/auto/Clock11.xml
3 ms. Memory: 265216K Free: 114173K (43%)
----------------- Invoking toplevel() on ptolemy.moml.MoMLSimpleApplication@f0eedfc
----------------- Done invoking toplevel() on ptolemy.moml.MoMLSimpleApplication@f0eedfc
reloadAllAccessors: .Clock11

===========================================================================================
----------------- testing Sat Mar 28 13:42:56 UTC 2020 /home/travis/build/icyphy/ptII/ptolemy/actor/lib/test/auto/Clock12.xml
----------------- Instantiating /home/travis/build/icyphy/ptII/ptolemy/actor/lib/test/auto/Clock12.xml
3 ms. Memory: 265216K Free: 108543K (41%)
----------------- Invoking toplevel() on ptolemy.moml.MoMLSimpleApplication@40a51665
----------------- Done invoking toplevel() on ptolemy.moml.MoMLSimpleApplication@40a51665
reloadAllAccessors: .Clock12

===========================================================================================
----------------- testing Sat Mar 28 13:42:56 UTC 2020 /home/travis/build/icyphy/ptII/ptolemy/actor/lib/test/auto/Clock13.xml
----------------- Instantiating /home/travis/build/icyphy/ptII/ptolemy/actor/lib/test/auto/Clock13.xml
3 ms. Memory: 265216K Free: 102399K (39%)
----------------- Invoking toplevel() on ptolemy.moml.MoMLSimpleApplication@37ff1801
----------------- Done invoking toplevel() on ptolemy.moml.MoMLSimpleApplication@37ff1801
reloadAllAccessors: .Clock13

===========================================================================================
----------------- testing Sat Mar 28 13:42:56 UTC 2020 /home/travis/build/icyphy/ptII/ptolemy/actor/lib/test/auto/Clock14.xml
----------------- Instantiating /home/travis/build/icyphy/ptII/ptolemy/actor/lib/test/auto/Clock14.xml
3 ms. Memory: 265216K Free: 96735K (36%)
----------------- Invoking toplevel() on ptolemy.moml.MoMLSimpleApplication@24106adc
----------------- Done invoking toplevel() on ptolemy.moml.MoMLSimpleApplication@24106adc
reloadAllAccessors: .Clock14

===========================================================================================
----------------- testing Sat Mar 28 13:42:56 UTC 2020 /home/travis/build/icyphy/ptII/ptolemy/actor/lib/test/auto/Clock15.xml
----------------- Instantiating /home/travis/build/icyphy/ptII/ptolemy/actor/lib/test/auto/Clock15.xml
3 ms. Memory: 265216K Free: 90591K (34%)
----------------- Invoking toplevel() on ptolemy.moml.MoMLSimpleApplication@3b4083c0
----------------- Done invoking toplevel() on ptolemy.moml.MoMLSimpleApplication@3b4083c0
reloadAllAccessors: .Clock15

===========================================================================================
----------------- testing Sat Mar 28 13:42:56 UTC 2020 /home/travis/build/icyphy/ptII/ptolemy/actor/lib/test/auto/Clock16.xml
----------------- Instantiating /home/travis/build/icyphy/ptII/ptolemy/actor/lib/test/auto/Clock16.xml
33 ms. Memory: 265216K Free: 75247K (28%)
----------------- Invoking toplevel() on ptolemy.moml.MoMLSimpleApplication@7af278f9
----------------- Done invoking toplevel() on ptolemy.moml.MoMLSimpleApplication@7af278f9
reloadAllAccessors: .Clock16

===========================================================================================
----------------- testing Sat Mar 28 13:42:56 UTC 2020 /home/travis/build/icyphy/ptII/ptolemy/actor/lib/test/auto/Clock17.xml
----------------- Instantiating /home/travis/build/icyphy/ptII/ptolemy/actor/lib/test/auto/Clock17.xml
23 ms. Memory: 265216K Free: 61439K (23%)
----------------- Invoking toplevel() on ptolemy.moml.MoMLSimpleApplication@4752d288
----------------- Done invoking toplevel() on ptolemy.moml.MoMLSimpleApplication@4752d288
reloadAllAccessors: .Clock17

===========================================================================================
----------------- testing Sat Mar 28 13:42:56 UTC 2020 /home/travis/build/icyphy/ptII/ptolemy/actor/lib/test/auto/Clock18.xml
----------------- Instantiating /home/travis/build/icyphy/ptII/ptolemy/actor/lib/test/auto/Clock18.xml
20 ms. Memory: 265216K Free: 204346K (77%)
----------------- Invoking toplevel() on ptolemy.moml.MoMLSimpleApplication@2975eae3
----------------- Done invoking toplevel() on ptolemy.moml.MoMLSimpleApplication@2975eae3
reloadAllAccessors: .Clock18

===========================================================================================
----------------- testing Sat Mar 28 13:42:56 UTC 2020 /home/travis/build/icyphy/ptII/ptolemy/actor/lib/test/auto/Clock19.xml
----------------- Instantiating /home/travis/build/icyphy/ptII/ptolemy/actor/lib/test/auto/Clock19.xml
13 ms. Memory: 265216K Free: 191562K (72%)
----------------- Invoking toplevel() on ptolemy.moml.MoMLSimpleApplication@3e53ee2c
----------------- Done invoking toplevel() on ptolemy.moml.MoMLSimpleApplication@3e53ee2c
reloadAllAccessors: .Clock19

===========================================================================================
----------------- testing Sat Mar 28 13:42:56 UTC 2020 /home/travis/build/icyphy/ptII/ptolemy/actor/lib/test/auto/Clock2.xml
----------------- Instantiating /home/travis/build/icyphy/ptII/ptolemy/actor/lib/test/auto/Clock2.xml
8 ms. Memory: 265216K Free: 186442K (70%)
----------------- Invoking toplevel() on ptolemy.moml.MoMLSimpleApplication@3d2f6847
----------------- Done invoking toplevel() on ptolemy.moml.MoMLSimpleApplication@3d2f6847
reloadAllAccessors: .Clock2

===========================================================================================
----------------- testing Sat Mar 28 13:42:56 UTC 2020 /home/travis/build/icyphy/ptII/ptolemy/actor/lib/test/auto/Clock20.xml
----------------- Instantiating /home/travis/build/icyphy/ptII/ptolemy/actor/lib/test/auto/Clock20.xml
11 ms. Memory: 265216K Free: 181322K (68%)
----------------- Invoking toplevel() on ptolemy.moml.MoMLSimpleApplication@7f598066
----------------- Done invoking toplevel() on ptolemy.moml.MoMLSimpleApplication@7f598066
reloadAllAccessors: .Clock20

===========================================================================================
----------------- testing Sat Mar 28 13:42:56 UTC 2020 /home/travis/build/icyphy/ptII/ptolemy/actor/lib/test/auto/Clock21.xml
----------------- Instantiating /home/travis/build/icyphy/ptII/ptolemy/actor/lib/test/auto/Clock21.xml
6 ms. Memory: 265216K Free: 175688K (66%)
----------------- Invoking toplevel() on ptolemy.moml.MoMLSimpleApplication@4f6d2e1a
----------------- Done invoking toplevel() on ptolemy.moml.MoMLSimpleApplication@4f6d2e1a
reloadAllAccessors: .Clock21

===========================================================================================
----------------- testing Sat Mar 28 13:42:56 UTC 2020 /home/travis/build/icyphy/ptII/ptolemy/actor/lib/test/auto/Clock22.xml
----------------- Instantiating /home/travis/build/icyphy/ptII/ptolemy/actor/lib/test/auto/Clock22.xml
5 ms. Memory: 265216K Free: 170058K (64%)
----------------- Invoking toplevel() on ptolemy.moml.MoMLSimpleApplication@54b82498
----------------- Done invoking toplevel() on ptolemy.moml.MoMLSimpleApplication@54b82498
reloadAllAccessors: .Clock22

===========================================================================================
----------------- testing Sat Mar 28 13:42:56 UTC 2020 /home/travis/build/icyphy/ptII/ptolemy/actor/lib/test/auto/Clock23.xml
----------------- Instantiating /home/travis/build/icyphy/ptII/ptolemy/actor/lib/test/auto/Clock23.xml
7 ms. Memory: 265216K Free: 164938K (62%)
----------------- Invoking toplevel() on ptolemy.moml.MoMLSimpleApplication@788dedf8
----------------- Done invoking toplevel() on ptolemy.moml.MoMLSimpleApplication@788dedf8
reloadAllAccessors: .Clock23

===========================================================================================
----------------- testing Sat Mar 28 13:42:56 UTC 2020 /home/travis/build/icyphy/ptII/ptolemy/actor/lib/test/auto/Clock24.xml
----------------- Instantiating /home/travis/build/icyphy/ptII/ptolemy/actor/lib/test/auto/Clock24.xml
8 ms. Memory: 265216K Free: 159304K (60%)
----------------- Invoking toplevel() on ptolemy.moml.MoMLSimpleApplication@1567ab3f
----------------- Done invoking toplevel() on ptolemy.moml.MoMLSimpleApplication@1567ab3f
reloadAllAccessors: .Clock24

===========================================================================================
----------------- testing Sat Mar 28 13:42:56 UTC 2020 /home/travis/build/icyphy/ptII/ptolemy/actor/lib/test/auto/Clock4.xml
----------------- Instantiating /home/travis/build/icyphy/ptII/ptolemy/actor/lib/test/auto/Clock4.xml
1 ms. Memory: 265216K Free: 154698K (58%)
----------------- Invoking toplevel() on ptolemy.moml.MoMLSimpleApplication@12de3385
----------------- Done invoking toplevel() on ptolemy.moml.MoMLSimpleApplication@12de3385
reloadAllAccessors: .Clock4

===========================================================================================
----------------- testing Sat Mar 28 13:42:56 UTC 2020 /home/travis/build/icyphy/ptII/ptolemy/actor/lib/test/auto/Clock5.xml
----------------- Instantiating /home/travis/build/icyphy/ptII/ptolemy/actor/lib/test/auto/Clock5.xml
2 ms. Memory: 265216K Free: 149058K (56%)
----------------- Invoking toplevel() on ptolemy.moml.MoMLSimpleApplication@7cd2ee10
----------------- Done invoking toplevel() on ptolemy.moml.MoMLSimpleApplication@7cd2ee10
reloadAllAccessors: .Clock5

===========================================================================================
----------------- testing Sat Mar 28 13:42:56 UTC 2020 /home/travis/build/icyphy/ptII/ptolemy/actor/lib/test/auto/Clock6.xml
----------------- Instantiating /home/travis/build/icyphy/ptII/ptolemy/actor/lib/test/auto/Clock6.xml
1 ms. Memory: 265216K Free: 145482K (55%)
----------------- Invoking toplevel() on ptolemy.moml.MoMLSimpleApplication@2bac2c14
----------------- Done invoking toplevel() on ptolemy.moml.MoMLSimpleApplication@2bac2c14
reloadAllAccessors: .Clock6

===========================================================================================
----------------- testing Sat Mar 28 13:42:56 UTC 2020 /home/travis/build/icyphy/ptII/ptolemy/actor/lib/test/auto/Clock7.xml
----------------- Instantiating /home/travis/build/icyphy/ptII/ptolemy/actor/lib/test/auto/Clock7.xml
2 ms. Memory: 265216K Free: 140872K (53%)
----------------- Invoking toplevel() on ptolemy.moml.MoMLSimpleApplication@4998f9f2
----------------- Done invoking toplevel() on ptolemy.moml.MoMLSimpleApplication@4998f9f2
reloadAllAccessors: .Clock7

===========================================================================================
----------------- testing Sat Mar 28 13:42:56 UTC 2020 /home/travis/build/icyphy/ptII/ptolemy/actor/lib/test/auto/Clock8.xml
----------------- Instantiating /home/travis/build/icyphy/ptII/ptolemy/actor/lib/test/auto/Clock8.xml
5 ms. Memory: 265216K Free: 135242K (51%)
----------------- Invoking toplevel() on ptolemy.moml.MoMLSimpleApplication@5c7deaa6
----------------- Done invoking toplevel() on ptolemy.moml.MoMLSimpleApplication@5c7deaa6
reloadAllAccessors: .Clock8

===========================================================================================
----------------- testing Sat Mar 28 13:42:56 UTC 2020 /home/travis/build/icyphy/ptII/ptolemy/actor/lib/test/auto/Clock9.xml
----------------- Instantiating /home/travis/build/icyphy/ptII/ptolemy/actor/lib/test/auto/Clock9.xml
8 ms. Memory: 265216K Free: 130122K (49%)
----------------- Invoking toplevel() on ptolemy.moml.MoMLSimpleApplication@6b5a4456
----------------- Done invoking toplevel() on ptolemy.moml.MoMLSimpleApplication@6b5a4456
reloadAllAccessors: .Clock9

===========================================================================================
----------------- testing Sat Mar 28 13:42:56 UTC 2020 /home/travis/build/icyphy/ptII/ptolemy/actor/lib/test/auto/CommDistDiscard.xml
----------------- Instantiating /home/travis/build/icyphy/ptII/ptolemy/actor/lib/test/auto/CommDistDiscard.xml
6 ms. Memory: 265216K Free: 124488K (47%)
----------------- Invoking toplevel() on ptolemy.moml.MoMLSimpleApplication@7046530b
----------------- Done invoking toplevel() on ptolemy.moml.MoMLSimpleApplication@7046530b
reloadAllAccessors: .CommDistDiscard

===========================================================================================
----------------- testing Sat Mar 28 13:42:56 UTC 2020 /home/travis/build/icyphy/ptII/ptolemy/actor/lib/test/auto/Commutator.xml
----------------- Instantiating /home/travis/build/icyphy/ptII/ptolemy/actor/lib/test/auto/Commutator.xml
5 ms. Memory: 265216K Free: 120392K (45%)
----------------- Invoking toplevel() on ptolemy.moml.MoMLSimpleApplication@145fff2f
----------------- Done invoking toplevel() on ptolemy.moml.MoMLSimpleApplication@145fff2f
reloadAllAccessors: .Commutator

===========================================================================================
----------------- testing Sat Mar 28 13:42:56 UTC 2020 /home/travis/build/icyphy/ptII/ptolemy/actor/lib/test/auto/Commutator2.xml
----------------- Instantiating /home/travis/build/icyphy/ptII/ptolemy/actor/lib/test/auto/Commutator2.xml
1 ms. Memory: 265216K Free: 115786K (44%)
----------------- Invoking toplevel() on ptolemy.moml.MoMLSimpleApplication@7121bb45
----------------- Done invoking toplevel() on ptolemy.moml.MoMLSimpleApplication@7121bb45
reloadAllAccessors: .Commutator2

===========================================================================================
----------------- testing Sat Mar 28 13:42:56 UTC 2020 /home/travis/build/icyphy/ptII/ptolemy/actor/lib/test/auto/Commutator3.xml
----------------- Instantiating /home/travis/build/icyphy/ptII/ptolemy/actor/lib/test/auto/Commutator3.xml
1 ms. Memory: 265216K Free: 111176K (42%)
----------------- Invoking toplevel() on ptolemy.moml.MoMLSimpleApplication@7d9e345e
----------------- Done invoking toplevel() on ptolemy.moml.MoMLSimpleApplication@7d9e345e
reloadAllAccessors: .Commutator3

===========================================================================================
----------------- testing Sat Mar 28 13:42:56 UTC 2020 /home/travis/build/icyphy/ptII/ptolemy/actor/lib/test/auto/Compare.xml
----------------- Instantiating /home/travis/build/icyphy/ptII/ptolemy/actor/lib/test/auto/Compare.xml
2 ms. Memory: 265216K Free: 105032K (40%)
----------------- Invoking toplevel() on ptolemy.moml.MoMLSimpleApplication@210111cc
----------------- Done invoking toplevel() on ptolemy.moml.MoMLSimpleApplication@210111cc
reloadAllAccessors: .Compare

===========================================================================================
----------------- testing Sat Mar 28 13:42:56 UTC 2020 /home/travis/build/icyphy/ptII/ptolemy/actor/lib/test/auto/CompareDE.xml
----------------- Instantiating /home/travis/build/icyphy/ptII/ptolemy/actor/lib/test/auto/CompareDE.xml
4 ms. Memory: 265216K Free: 97850K (37%)
----------------- Invoking toplevel() on ptolemy.moml.MoMLSimpleApplication@5e13160f
----------------- Done invoking toplevel() on ptolemy.moml.MoMLSimpleApplication@5e13160f
reloadAllAccessors: .CompareDE

===========================================================================================
----------------- testing Sat Mar 28 13:42:56 UTC 2020 /home/travis/build/icyphy/ptII/ptolemy/actor/lib/test/auto/ComplexDivide.xml
----------------- Instantiating /home/travis/build/icyphy/ptII/ptolemy/actor/lib/test/auto/ComplexDivide.xml
1 ms. Memory: 265216K Free: 94282K (36%)
----------------- Invoking toplevel() on ptolemy.moml.MoMLSimpleApplication@4499ed16
----------------- Done invoking toplevel() on ptolemy.moml.MoMLSimpleApplication@4499ed16
reloadAllAccessors: .ComplexDivide

===========================================================================================
----------------- testing Sat Mar 28 13:42:56 UTC 2020 /home/travis/build/icyphy/ptII/ptolemy/actor/lib/test/auto/ComputeHistogram.xml
----------------- Instantiating /home/travis/build/icyphy/ptII/ptolemy/actor/lib/test/auto/ComputeHistogram.xml
30 ms. Memory: 265216K Free: 81480K (31%)
----------------- Invoking toplevel() on ptolemy.moml.MoMLSimpleApplication@25c235db
----------------- Done invoking toplevel() on ptolemy.moml.MoMLSimpleApplication@25c235db
reloadAllAccessors: .ComputeHistogram

===========================================================================================
----------------- testing Sat Mar 28 13:42:56 UTC 2020 /home/travis/build/icyphy/ptII/ptolemy/actor/lib/test/auto/ConfigurationSelect.xml
----------------- Instantiating /home/travis/build/icyphy/ptII/ptolemy/actor/lib/test/auto/ConfigurationSelect.xml
9 ms. Memory: 265216K Free: 75850K (29%)
----------------- Invoking toplevel() on ptolemy.moml.MoMLSimpleApplication@2fa4c36f
----------------- Done invoking toplevel() on ptolemy.moml.MoMLSimpleApplication@2fa4c36f
reloadAllAccessors: .ConfigurationSelect

===========================================================================================
----------------- testing Sat Mar 28 13:42:56 UTC 2020 /home/travis/build/icyphy/ptII/ptolemy/actor/lib/test/auto/ConfigurationSelect2.xml
----------------- Instantiating /home/travis/build/icyphy/ptII/ptolemy/actor/lib/test/auto/ConfigurationSelect2.xml
2 ms. Memory: 265216K Free: 71754K (27%)
----------------- Invoking toplevel() on ptolemy.moml.MoMLSimpleApplication@681755f7
----------------- Done invoking toplevel() on ptolemy.moml.MoMLSimpleApplication@681755f7
reloadAllAccessors: .ConfigurationSelect2

===========================================================================================
----------------- testing Sat Mar 28 13:42:56 UTC 2020 /home/travis/build/icyphy/ptII/ptolemy/actor/lib/test/auto/ConfigurationSwitch.xml
----------------- Instantiating /home/travis/build/icyphy/ptII/ptolemy/actor/lib/test/auto/ConfigurationSwitch.xml
11 ms. Memory: 265216K Free: 66120K (25%)
----------------- Invoking toplevel() on ptolemy.moml.MoMLSimpleApplication@7008a6f3
----------------- Done invoking toplevel() on ptolemy.moml.MoMLSimpleApplication@7008a6f3
reloadAllAccessors: .ConfigurationSwitch

===========================================================================================
----------------- testing Sat Mar 28 13:42:56 UTC 2020 /home/travis/build/icyphy/ptII/ptolemy/actor/lib/test/auto/ConfigurationSwitch2.xml
----------------- Instantiating /home/travis/build/icyphy/ptII/ptolemy/actor/lib/test/auto/ConfigurationSwitch2.xml
8 ms. Memory: 265216K Free: 60490K (23%)
----------------- Invoking toplevel() on ptolemy.moml.MoMLSimpleApplication@6db2ea8b
----------------- Done invoking toplevel() on ptolemy.moml.MoMLSimpleApplication@6db2ea8b
reloadAllAccessors: .ConfigurationSwitch2

===========================================================================================
----------------- testing Sat Mar 28 13:42:56 UTC 2020 /home/travis/build/icyphy/ptII/ptolemy/actor/lib/test/auto/ConfigurationSwitchCloningBugWithClassRelationGroup.xml
----------------- Instantiating /home/travis/build/icyphy/ptII/ptolemy/actor/lib/test/auto/ConfigurationSwitchCloningBugWithClassRelationGroup.xml
1 ms. Memory: 265216K Free: 210976K (80%)
----------------- Invoking toplevel() on ptolemy.moml.MoMLSimpleApplication@5a194b51
----------------- Done invoking toplevel() on ptolemy.moml.MoMLSimpleApplication@5a194b51
reloadAllAccessors: .ConfigurationSwitchCloningBugWithClassRelationGroup

===========================================================================================
----------------- testing Sat Mar 28 13:42:57 UTC 2020 /home/travis/build/icyphy/ptII/ptolemy/actor/lib/test/auto/ConfigurationSwitchSelectSDF.xml
----------------- Instantiating /home/travis/build/icyphy/ptII/ptolemy/actor/lib/test/auto/ConfigurationSwitchSelectSDF.xml
2 ms. Memory: 265216K Free: 205342K (77%)
----------------- Invoking toplevel() on ptolemy.moml.MoMLSimpleApplication@2bfea79d
----------------- Done invoking toplevel() on ptolemy.moml.MoMLSimpleApplication@2bfea79d
reloadAllAccessors: .ConfigurationSwitchSelectSDF

===========================================================================================
----------------- testing Sat Mar 28 13:42:57 UTC 2020 /home/travis/build/icyphy/ptII/ptolemy/actor/lib/test/auto/ConfigurationSwitchSelectSDF2.xml
----------------- Instantiating /home/travis/build/icyphy/ptII/ptolemy/actor/lib/test/auto/ConfigurationSwitchSelectSDF2.xml
2 ms. Memory: 265216K Free: 199712K (75%)
----------------- Invoking toplevel() on ptolemy.moml.MoMLSimpleApplication@5247942f
----------------- Done invoking toplevel() on ptolemy.moml.MoMLSimpleApplication@5247942f
reloadAllAccessors: .ConfigurationSwitchSelectSDF2

===========================================================================================
----------------- testing Sat Mar 28 13:42:57 UTC 2020 /home/travis/build/icyphy/ptII/ptolemy/actor/lib/test/auto/Const.xml
----------------- Instantiating /home/travis/build/icyphy/ptII/ptolemy/actor/lib/test/auto/Const.xml
1 ms. Memory: 265216K Free: 196126K (74%)
----------------- Invoking toplevel() on ptolemy.moml.MoMLSimpleApplication@4e64005e
----------------- Done invoking toplevel() on ptolemy.moml.MoMLSimpleApplication@4e64005e
reloadAllAccessors: .Const

===========================================================================================
----------------- testing Sat Mar 28 13:42:57 UTC 2020 /home/travis/build/icyphy/ptII/ptolemy/actor/lib/test/auto/Const2.xml
----------------- Instantiating /home/travis/build/icyphy/ptII/ptolemy/actor/lib/test/auto/Const2.xml
1 ms. Memory: 265216K Free: 192030K (72%)
----------------- Invoking toplevel() on ptolemy.moml.MoMLSimpleApplication@2251f19d
----------------- Done invoking toplevel() on ptolemy.moml.MoMLSimpleApplication@2251f19d
reloadAllAccessors: .Const2

===========================================================================================
----------------- testing Sat Mar 28 13:42:57 UTC 2020 /home/travis/build/icyphy/ptII/ptolemy/actor/lib/test/auto/Const3.xml
----------------- Instantiating /home/travis/build/icyphy/ptII/ptolemy/actor/lib/test/auto/Const3.xml
4 ms. Memory: 265216K Free: 189472K (71%)
----------------- Invoking toplevel() on ptolemy.moml.MoMLSimpleApplication@7b51517d
----------------- Done invoking toplevel() on ptolemy.moml.MoMLSimpleApplication@7b51517d
reloadAllAccessors: .Const3

===========================================================================================
----------------- testing Sat Mar 28 13:42:57 UTC 2020 /home/travis/build/icyphy/ptII/ptolemy/actor/lib/test/auto/ConstantPublisherPort1.xml
----------------- Instantiating /home/travis/build/icyphy/ptII/ptolemy/actor/lib/test/auto/ConstantPublisherPort1.xml
6 ms. Memory: 265216K Free: 180766K (68%)
----------------- Invoking toplevel() on ptolemy.moml.MoMLSimpleApplication@3322fcc4
----------------- Done invoking toplevel() on ptolemy.moml.MoMLSimpleApplication@3322fcc4
reloadAllAccessors: .ConstantPublisherPort1

===========================================================================================
----------------- testing Sat Mar 28 13:42:57 UTC 2020 /home/travis/build/icyphy/ptII/ptolemy/actor/lib/test/auto/ConstantPublisherPort2.xml
----------------- Instantiating /home/travis/build/icyphy/ptII/ptolemy/actor/lib/test/auto/ConstantPublisherPort2.xml
10 ms. Memory: 265216K Free: 173088K (65%)
----------------- Invoking toplevel() on ptolemy.moml.MoMLSimpleApplication@73359948
----------------- Done invoking toplevel() on ptolemy.moml.MoMLSimpleApplication@73359948
reloadAllAccessors: .ConstantPublisherPort2

===========================================================================================
----------------- testing Sat Mar 28 13:42:57 UTC 2020 /home/travis/build/icyphy/ptII/ptolemy/actor/lib/test/auto/ConstantPublisherPort3.xml
----------------- Instantiating /home/travis/build/icyphy/ptII/ptolemy/actor/lib/test/auto/ConstantPublisherPort3.xml
7 ms. Memory: 265216K Free: 165920K (63%)
----------------- Invoking toplevel() on ptolemy.moml.MoMLSimpleApplication@30dc75a3
----------------- Done invoking toplevel() on ptolemy.moml.MoMLSimpleApplication@30dc75a3
reloadAllAccessors: .ConstantPublisherPort3

===========================================================================================
----------------- testing Sat Mar 28 13:42:57 UTC 2020 /home/travis/build/icyphy/ptII/ptolemy/actor/lib/test/auto/ConstantPublisherPort4.xml
----------------- Instantiating /home/travis/build/icyphy/ptII/ptolemy/actor/lib/test/auto/ConstantPublisherPort4.xml
5 ms. Memory: 265216K Free: 158752K (60%)
----------------- Invoking toplevel() on ptolemy.moml.MoMLSimpleApplication@44a2990b
----------------- Done invoking toplevel() on ptolemy.moml.MoMLSimpleApplication@44a2990b
reloadAllAccessors: .ConstantPublisherPort4

===========================================================================================
----------------- testing Sat Mar 28 13:42:57 UTC 2020 /home/travis/build/icyphy/ptII/ptolemy/actor/lib/test/auto/ConstantPublisherPort5.xml
----------------- Instantiating /home/travis/build/icyphy/ptII/ptolemy/actor/lib/test/auto/ConstantPublisherPort5.xml
31 ms. Memory: 265216K Free: 149022K (56%)
----------------- Invoking toplevel() on ptolemy.moml.MoMLSimpleApplication@4d8ec282
----------------- Done invoking toplevel() on ptolemy.moml.MoMLSimpleApplication@4d8ec282
reloadAllAccessors: .ConstantPublisherPort5

===========================================================================================
----------------- testing Sat Mar 28 13:42:57 UTC 2020 /home/travis/build/icyphy/ptII/ptolemy/actor/lib/test/auto/ConstantPublisherPort6.xml
----------------- Instantiating /home/travis/build/icyphy/ptII/ptolemy/actor/lib/test/auto/ConstantPublisherPort6.xml
15 ms. Memory: 265216K Free: 140320K (53%)
----------------- Invoking toplevel() on ptolemy.moml.MoMLSimpleApplication@3d56f1e9
----------------- Done invoking toplevel() on ptolemy.moml.MoMLSimpleApplication@3d56f1e9
reloadAllAccessors: .ConstantPublisherPort6

===========================================================================================
----------------- testing Sat Mar 28 13:42:57 UTC 2020 /home/travis/build/icyphy/ptII/ptolemy/actor/lib/test/auto/ConstantPublisherPort7.xml
----------------- Instantiating /home/travis/build/icyphy/ptII/ptolemy/actor/lib/test/auto/ConstantPublisherPort7.xml
17 ms. Memory: 265216K Free: 130590K (49%)
----------------- Invoking toplevel() on ptolemy.moml.MoMLSimpleApplication@22e7d50
----------------- Done invoking toplevel() on ptolemy.moml.MoMLSimpleApplication@22e7d50
reloadAllAccessors: .ConstantPublisherPort7

===========================================================================================
----------------- testing Sat Mar 28 13:42:57 UTC 2020 /home/travis/build/icyphy/ptII/ptolemy/actor/lib/test/auto/ConstraintMonitor1.xml
----------------- Instantiating /home/travis/build/icyphy/ptII/ptolemy/actor/lib/test/auto/ConstraintMonitor1.xml
6 ms. Memory: 265216K Free: 125456K (47%)
----------------- Invoking toplevel() on ptolemy.moml.MoMLSimpleApplication@100da610
----------------- Done invoking toplevel() on ptolemy.moml.MoMLSimpleApplication@100da610
reloadAllAccessors: .ConstraintMonitor1

===========================================================================================
----------------- testing Sat Mar 28 13:42:57 UTC 2020 /home/travis/build/icyphy/ptII/ptolemy/actor/lib/test/auto/ConstraintMonitor2.xml
----------------- Instantiating /home/travis/build/icyphy/ptII/ptolemy/actor/lib/test/auto/ConstraintMonitor2.xml
4 ms. Memory: 265216K Free: 120864K (46%)
----------------- Invoking toplevel() on ptolemy.moml.MoMLSimpleApplication@b367def
----------------- Done invoking toplevel() on ptolemy.moml.MoMLSimpleApplication@b367def
reloadAllAccessors: .ConstraintMonitor2

===========================================================================================
----------------- testing Sat Mar 28 13:42:57 UTC 2020 /home/travis/build/icyphy/ptII/ptolemy/actor/lib/test/auto/ConstraintMonitor3.xml
----------------- Instantiating /home/travis/build/icyphy/ptII/ptolemy/actor/lib/test/auto/ConstraintMonitor3.xml
1 ms. Memory: 265216K Free: 115744K (44%)
----------------- Invoking toplevel() on ptolemy.moml.MoMLSimpleApplication@6c5144f
----------------- Done invoking toplevel() on ptolemy.moml.MoMLSimpleApplication@6c5144f
reloadAllAccessors: .ConstraintMonitor3

===========================================================================================
----------------- testing Sat Mar 28 13:42:57 UTC 2020 /home/travis/build/icyphy/ptII/ptolemy/actor/lib/test/auto/ConstraintMonitor4.xml
----------------- Instantiating /home/travis/build/icyphy/ptII/ptolemy/actor/lib/test/auto/ConstraintMonitor4.xml
1 ms. Memory: 265216K Free: 110624K (42%)
----------------- Invoking toplevel() on ptolemy.moml.MoMLSimpleApplication@5e61319a
----------------- Done invoking toplevel() on ptolemy.moml.MoMLSimpleApplication@5e61319a
reloadAllAccessors: .ConstraintMonitor4

===========================================================================================
----------------- testing Sat Mar 28 13:42:57 UTC 2020 /home/travis/build/icyphy/ptII/ptolemy/actor/lib/test/auto/ConstraintMonitor5.xml
----------------- Instantiating /home/travis/build/icyphy/ptII/ptolemy/actor/lib/test/auto/ConstraintMonitor5.xml
4 ms. Memory: 265216K Free: 106014K (40%)
----------------- Invoking toplevel() on ptolemy.moml.MoMLSimpleApplication@27b56542
----------------- Done invoking toplevel() on ptolemy.moml.MoMLSimpleApplication@27b56542
reloadAllAccessors: .ConstraintMonitor5

===========================================================================================
----------------- testing Sat Mar 28 13:42:57 UTC 2020 /home/travis/build/icyphy/ptII/ptolemy/actor/lib/test/auto/ConstraintMonitor6.xml
----------------- Instantiating /home/travis/build/icyphy/ptII/ptolemy/actor/lib/test/auto/ConstraintMonitor6.xml
5 ms. Memory: 265216K Free: 99856K (38%)
----------------- Invoking toplevel() on ptolemy.moml.MoMLSimpleApplication@7b2cda3d
----------------- Done invoking toplevel() on ptolemy.moml.MoMLSimpleApplication@7b2cda3d
reloadAllAccessors: .ConstraintMonitor6

===========================================================================================
----------------- testing Sat Mar 28 13:42:57 UTC 2020 /home/travis/build/icyphy/ptII/ptolemy/actor/lib/test/auto/ConstraintMonitor7.xml
----------------- Instantiating /home/travis/build/icyphy/ptII/ptolemy/actor/lib/test/auto/ConstraintMonitor7.xml
5 ms. Memory: 265216K Free: 93216K (35%)
----------------- Invoking toplevel() on ptolemy.moml.MoMLSimpleApplication@446cbb95
----------------- Done invoking toplevel() on ptolemy.moml.MoMLSimpleApplication@446cbb95
reloadAllAccessors: .ConstraintMonitor7

===========================================================================================
----------------- testing Sat Mar 28 13:42:57 UTC 2020 /home/travis/build/icyphy/ptII/ptolemy/actor/lib/test/auto/ConstraintMonitor8.xml
----------------- Instantiating /home/travis/build/icyphy/ptII/ptolemy/actor/lib/test/auto/ConstraintMonitor8.xml
6 ms. Memory: 265216K Free: 86048K (32%)
----------------- Invoking toplevel() on ptolemy.moml.MoMLSimpleApplication@4e2e3893
----------------- Done invoking toplevel() on ptolemy.moml.MoMLSimpleApplication@4e2e3893
reloadAllAccessors: .ConstraintMonitor8

===========================================================================================
----------------- testing Sat Mar 28 13:42:57 UTC 2020 /home/travis/build/icyphy/ptII/ptolemy/actor/lib/test/auto/Counter.xml
----------------- Instantiating /home/travis/build/icyphy/ptII/ptolemy/actor/lib/test/auto/Counter.xml
3 ms. Memory: 265216K Free: 80928K (31%)
----------------- Invoking toplevel() on ptolemy.moml.MoMLSimpleApplication@3abb2fe9
----------------- Done invoking toplevel() on ptolemy.moml.MoMLSimpleApplication@3abb2fe9
reloadAllAccessors: .Counter

===========================================================================================
----------------- testing Sat Mar 28 13:42:57 UTC 2020 /home/travis/build/icyphy/ptII/ptolemy/actor/lib/test/auto/CurrentTimeSDF.xml
----------------- Instantiating /home/travis/build/icyphy/ptII/ptolemy/actor/lib/test/auto/CurrentTimeSDF.xml
13 ms. Memory: 265216K Free: 76832K (29%)
----------------- Invoking toplevel() on ptolemy.moml.MoMLSimpleApplication@747abfe3
----------------- Done invoking toplevel() on ptolemy.moml.MoMLSimpleApplication@747abfe3
reloadAllAccessors: .CurrentTimeSDF

===========================================================================================
----------------- testing Sat Mar 28 13:42:57 UTC 2020 /home/travis/build/icyphy/ptII/ptolemy/actor/lib/test/auto/DB.xml
----------------- Instantiating /home/travis/build/icyphy/ptII/ptolemy/actor/lib/test/auto/DB.xml
2 ms. Memory: 265216K Free: 72222K (27%)
----------------- Invoking toplevel() on ptolemy.moml.MoMLSimpleApplication@4c5a4eda
----------------- Done invoking toplevel() on ptolemy.moml.MoMLSimpleApplication@4c5a4eda
reloadAllAccessors: .DB

===========================================================================================
----------------- testing Sat Mar 28 13:42:57 UTC 2020 /home/travis/build/icyphy/ptII/ptolemy/actor/lib/test/auto/DBDE.xml
----------------- Instantiating /home/travis/build/icyphy/ptII/ptolemy/actor/lib/test/auto/DBDE.xml
2 ms. Memory: 265216K Free: 66072K (25%)
----------------- Invoking toplevel() on ptolemy.moml.MoMLSimpleApplication@6d984d99
----------------- Done invoking toplevel() on ptolemy.moml.MoMLSimpleApplication@6d984d99
reloadAllAccessors: .DBDE

===========================================================================================
----------------- testing Sat Mar 28 13:42:57 UTC 2020 /home/travis/build/icyphy/ptII/ptolemy/actor/lib/test/auto/DateConstructor.xml
----------------- Instantiating /home/travis/build/icyphy/ptII/ptolemy/actor/lib/test/auto/DateConstructor.xml
30 ms. Memory: 265216K Free: 204703K (77%)
----------------- Invoking toplevel() on ptolemy.moml.MoMLSimpleApplication@5103652f
----------------- Done invoking toplevel() on ptolemy.moml.MoMLSimpleApplication@5103652f
reloadAllAccessors: .DateConstructor

===========================================================================================
----------------- testing Sat Mar 28 13:42:57 UTC 2020 /home/travis/build/icyphy/ptII/ptolemy/actor/lib/test/auto/DelayTime.xml
----------------- Instantiating /home/travis/build/icyphy/ptII/ptolemy/actor/lib/test/auto/DelayTime.xml
5 ms. Memory: 265216K Free: 199583K (75%)
----------------- Invoking toplevel() on ptolemy.moml.MoMLSimpleApplication@392fd774
----------------- Done invoking toplevel() on ptolemy.moml.MoMLSimpleApplication@392fd774
reloadAllAccessors: .DelayTime

===========================================================================================
----------------- testing Sat Mar 28 13:42:57 UTC 2020 /home/travis/build/icyphy/ptII/ptolemy/actor/lib/test/auto/Dictionary1.xml
----------------- Instantiating /home/travis/build/icyphy/ptII/ptolemy/actor/lib/test/auto/Dictionary1.xml
2 ms. Memory: 265216K Free: 193953K (73%)
----------------- Invoking toplevel() on ptolemy.moml.MoMLSimpleApplication@2bd3bf9c
----------------- Done invoking toplevel() on ptolemy.moml.MoMLSimpleApplication@2bd3bf9c
reloadAllAccessors: .Dictionary1

===========================================================================================
----------------- testing Sat Mar 28 13:42:57 UTC 2020 /home/travis/build/icyphy/ptII/ptolemy/actor/lib/test/auto/Dictionary2.xml
----------------- Instantiating /home/travis/build/icyphy/ptII/ptolemy/actor/lib/test/auto/Dictionary2.xml
4 ms. Memory: 265216K Free: 188319K (71%)
----------------- Invoking toplevel() on ptolemy.moml.MoMLSimpleApplication@445e0fdf
----------------- Done invoking toplevel() on ptolemy.moml.MoMLSimpleApplication@445e0fdf
reloadAllAccessors: .Dictionary2

===========================================================================================
----------------- testing Sat Mar 28 13:42:57 UTC 2020 /home/travis/build/icyphy/ptII/ptolemy/actor/lib/test/auto/Dictionary3.xml
----------------- Instantiating /home/travis/build/icyphy/ptII/ptolemy/actor/lib/test/auto/Dictionary3.xml
2 ms. Memory: 265216K Free: 183199K (69%)
----------------- Invoking toplevel() on ptolemy.moml.MoMLSimpleApplication@148a9014
----------------- Done invoking toplevel() on ptolemy.moml.MoMLSimpleApplication@148a9014
reloadAllAccessors: .Dictionary3

===========================================================================================
----------------- testing Sat Mar 28 13:42:57 UTC 2020 /home/travis/build/icyphy/ptII/ptolemy/actor/lib/test/auto/Dictionary4.xml
----------------- Instantiating /home/travis/build/icyphy/ptII/ptolemy/actor/lib/test/auto/Dictionary4.xml
3 ms. Memory: 265216K Free: 176031K (66%)
----------------- Invoking toplevel() on ptolemy.moml.MoMLSimpleApplication@4a94844c
----------------- Done invoking toplevel() on ptolemy.moml.MoMLSimpleApplication@4a94844c
reloadAllAccessors: .Dictionary4

===========================================================================================
----------------- testing Sat Mar 28 13:42:57 UTC 2020 /home/travis/build/icyphy/ptII/ptolemy/actor/lib/test/auto/Differential.xml
----------------- Instantiating /home/travis/build/icyphy/ptII/ptolemy/actor/lib/test/auto/Differential.xml
4 ms. Memory: 265216K Free: 171425K (65%)
----------------- Invoking toplevel() on ptolemy.moml.MoMLSimpleApplication@80b8823
----------------- Done invoking toplevel() on ptolemy.moml.MoMLSimpleApplication@80b8823
reloadAllAccessors: .Differential

===========================================================================================
----------------- testing Sat Mar 28 13:42:57 UTC 2020 /home/travis/build/icyphy/ptII/ptolemy/actor/lib/test/auto/Director.xml
----------------- Instantiating /home/travis/build/icyphy/ptII/ptolemy/actor/lib/test/auto/Director.xml
4 ms. Memory: 265216K Free: 168353K (63%)
----------------- Invoking toplevel() on ptolemy.moml.MoMLSimpleApplication@1a9f5785
----------------- Done invoking toplevel() on ptolemy.moml.MoMLSimpleApplication@1a9f5785
reloadAllAccessors: .Director

===========================================================================================
----------------- testing Sat Mar 28 13:42:57 UTC 2020 /home/travis/build/icyphy/ptII/ptolemy/actor/lib/test/auto/DiscreteClock.xml
----------------- Instantiating /home/travis/build/icyphy/ptII/ptolemy/actor/lib/test/auto/DiscreteClock.xml
1 ms. Memory: 265216K Free: 164257K (62%)
----------------- Invoking toplevel() on ptolemy.moml.MoMLSimpleApplication@61fb363f
----------------- Done invoking toplevel() on ptolemy.moml.MoMLSimpleApplication@61fb363f
reloadAllAccessors: .DiscreteClock

===========================================================================================
----------------- testing Sat Mar 28 13:42:57 UTC 2020 /home/travis/build/icyphy/ptII/ptolemy/actor/lib/test/auto/DiscreteClock10.xml
----------------- Instantiating /home/travis/build/icyphy/ptII/ptolemy/actor/lib/test/auto/DiscreteClock10.xml
4 ms. Memory: 265216K Free: 158113K (60%)
----------------- Invoking toplevel() on ptolemy.moml.MoMLSimpleApplication@6d640d20
----------------- Done invoking toplevel() on ptolemy.moml.MoMLSimpleApplication@6d640d20
reloadAllAccessors: .DiscreteClock10

===========================================================================================
----------------- testing Sat Mar 28 13:42:57 UTC 2020 /home/travis/build/icyphy/ptII/ptolemy/actor/lib/test/auto/DiscreteClock11.xml
----------------- Instantiating /home/travis/build/icyphy/ptII/ptolemy/actor/lib/test/auto/DiscreteClock11.xml
1 ms. Memory: 265216K Free: 151969K (57%)
----------------- Invoking toplevel() on ptolemy.moml.MoMLSimpleApplication@172ed782
----------------- Done invoking toplevel() on ptolemy.moml.MoMLSimpleApplication@172ed782
reloadAllAccessors: .DiscreteClock11

===========================================================================================
----------------- testing Sat Mar 28 13:42:57 UTC 2020 /home/travis/build/icyphy/ptII/ptolemy/actor/lib/test/auto/DiscreteClock12.xml
----------------- Instantiating /home/travis/build/icyphy/ptII/ptolemy/actor/lib/test/auto/DiscreteClock12.xml
2 ms. Memory: 265216K Free: 146335K (55%)
----------------- Invoking toplevel() on ptolemy.moml.MoMLSimpleApplication@59faf307
----------------- Done invoking toplevel() on ptolemy.moml.MoMLSimpleApplication@59faf307
reloadAllAccessors: .DiscreteClock12

===========================================================================================
----------------- testing Sat Mar 28 13:42:57 UTC 2020 /home/travis/build/icyphy/ptII/ptolemy/actor/lib/test/auto/DiscreteClock13.xml
----------------- Instantiating /home/travis/build/icyphy/ptII/ptolemy/actor/lib/test/auto/DiscreteClock13.xml
2 ms. Memory: 265216K Free: 140161K (53%)
----------------- Invoking toplevel() on ptolemy.moml.MoMLSimpleApplication@7ef9014
----------------- Done invoking toplevel() on ptolemy.moml.MoMLSimpleApplication@7ef9014
reloadAllAccessors: .DiscreteClock13

===========================================================================================
----------------- testing Sat Mar 28 13:42:57 UTC 2020 /home/travis/build/icyphy/ptII/ptolemy/actor/lib/test/auto/DiscreteClock14.xml
----------------- Instantiating /home/travis/build/icyphy/ptII/ptolemy/actor/lib/test/auto/DiscreteClock14.xml
3 ms. Memory: 265216K Free: 134017K (51%)
----------------- Invoking toplevel() on ptolemy.moml.MoMLSimpleApplication@230eb4f7
----------------- Done invoking toplevel() on ptolemy.moml.MoMLSimpleApplication@230eb4f7
reloadAllAccessors: .DiscreteClock14

===========================================================================================
----------------- testing Sat Mar 28 13:42:57 UTC 2020 /home/travis/build/icyphy/ptII/ptolemy/actor/lib/test/auto/DiscreteClock15.xml
----------------- Instantiating /home/travis/build/icyphy/ptII/ptolemy/actor/lib/test/auto/DiscreteClock15.xml
2 ms. Memory: 265216K Free: 127873K (48%)
----------------- Invoking toplevel() on ptolemy.moml.MoMLSimpleApplication@11a8210d
----------------- Done invoking toplevel() on ptolemy.moml.MoMLSimpleApplication@11a8210d
reloadAllAccessors: .DiscreteClock15

===========================================================================================
----------------- testing Sat Mar 28 13:42:57 UTC 2020 /home/travis/build/icyphy/ptII/ptolemy/actor/lib/test/auto/DiscreteClock16.xml
----------------- Instantiating /home/travis/build/icyphy/ptII/ptolemy/actor/lib/test/auto/DiscreteClock16.xml
13 ms. Memory: 265216K Free: 114577K (43%)
----------------- Invoking toplevel() on ptolemy.moml.MoMLSimpleApplication@443d80cd
----------------- Done invoking toplevel() on ptolemy.moml.MoMLSimpleApplication@443d80cd
reloadAllAccessors: .DiscreteClock16

===========================================================================================
----------------- testing Sat Mar 28 13:42:57 UTC 2020 /home/travis/build/icyphy/ptII/ptolemy/actor/lib/test/auto/DiscreteClock17.xml
----------------- Instantiating /home/travis/build/icyphy/ptII/ptolemy/actor/lib/test/auto/DiscreteClock17.xml
13 ms. Memory: 265216K Free: 100249K (38%)
----------------- Invoking toplevel() on ptolemy.moml.MoMLSimpleApplication@4ed327e3
----------------- Done invoking toplevel() on ptolemy.moml.MoMLSimpleApplication@4ed327e3
reloadAllAccessors: .DiscreteClock17

===========================================================================================
----------------- testing Sat Mar 28 13:42:58 UTC 2020 /home/travis/build/icyphy/ptII/ptolemy/actor/lib/test/auto/DiscreteClock18.xml
----------------- Instantiating /home/travis/build/icyphy/ptII/ptolemy/actor/lib/test/auto/DiscreteClock18.xml
26 ms. Memory: 265216K Free: 86433K (33%)
----------------- Invoking toplevel() on ptolemy.moml.MoMLSimpleApplication@40625e45
----------------- Done invoking toplevel() on ptolemy.moml.MoMLSimpleApplication@40625e45
reloadAllAccessors: .DiscreteClock18

===========================================================================================
----------------- testing Sat Mar 28 13:42:58 UTC 2020 /home/travis/build/icyphy/ptII/ptolemy/actor/lib/test/auto/DiscreteClock19.xml
----------------- Instantiating /home/travis/build/icyphy/ptII/ptolemy/actor/lib/test/auto/DiscreteClock19.xml
24 ms. Memory: 265216K Free: 72097K (27%)
----------------- Invoking toplevel() on ptolemy.moml.MoMLSimpleApplication@3e0e5a74
----------------- Done invoking toplevel() on ptolemy.moml.MoMLSimpleApplication@3e0e5a74
reloadAllAccessors: .DiscreteClock19

===========================================================================================
----------------- testing Sat Mar 28 13:42:58 UTC 2020 /home/travis/build/icyphy/ptII/ptolemy/actor/lib/test/auto/DiscreteClock2.xml
----------------- Instantiating /home/travis/build/icyphy/ptII/ptolemy/actor/lib/test/auto/DiscreteClock2.xml
2 ms. Memory: 265216K Free: 66977K (25%)
----------------- Invoking toplevel() on ptolemy.moml.MoMLSimpleApplication@1d985f33
----------------- Done invoking toplevel() on ptolemy.moml.MoMLSimpleApplication@1d985f33
reloadAllAccessors: .DiscreteClock2

===========================================================================================
----------------- testing Sat Mar 28 13:42:58 UTC 2020 /home/travis/build/icyphy/ptII/ptolemy/actor/lib/test/auto/DiscreteClock20.xml
----------------- Instantiating /home/travis/build/icyphy/ptII/ptolemy/actor/lib/test/auto/DiscreteClock20.xml
13 ms. Memory: 265216K Free: 61857K (23%)
----------------- Invoking toplevel() on ptolemy.moml.MoMLSimpleApplication@66d3a281
----------------- Done invoking toplevel() on ptolemy.moml.MoMLSimpleApplication@66d3a281
reloadAllAccessors: .DiscreteClock20

===========================================================================================
----------------- testing Sat Mar 28 13:42:58 UTC 2020 /home/travis/build/icyphy/ptII/ptolemy/actor/lib/test/auto/DiscreteClock21.xml
----------------- Instantiating /home/travis/build/icyphy/ptII/ptolemy/actor/lib/test/auto/DiscreteClock21.xml
4 ms. Memory: 265216K Free: 212171K (80%)
----------------- Invoking toplevel() on ptolemy.moml.MoMLSimpleApplication@6e32f910
----------------- Done invoking toplevel() on ptolemy.moml.MoMLSimpleApplication@6e32f910
reloadAllAccessors: .DiscreteClock21

===========================================================================================
----------------- testing Sat Mar 28 13:42:58 UTC 2020 /home/travis/build/icyphy/ptII/ptolemy/actor/lib/test/auto/DiscreteClock22.xml
----------------- Instantiating /home/travis/build/icyphy/ptII/ptolemy/actor/lib/test/auto/DiscreteClock22.xml
2 ms. Memory: 265216K Free: 206541K (78%)
----------------- Invoking toplevel() on ptolemy.moml.MoMLSimpleApplication@7457746b
----------------- Done invoking toplevel() on ptolemy.moml.MoMLSimpleApplication@7457746b
reloadAllAccessors: .DiscreteClock22

===========================================================================================
----------------- testing Sat Mar 28 13:42:58 UTC 2020 /home/travis/build/icyphy/ptII/ptolemy/actor/lib/test/auto/DiscreteClock23.xml
----------------- Instantiating /home/travis/build/icyphy/ptII/ptolemy/actor/lib/test/auto/DiscreteClock23.xml
7 ms. Memory: 265216K Free: 200907K (76%)
----------------- Invoking toplevel() on ptolemy.moml.MoMLSimpleApplication@8a96bdb
----------------- Done invoking toplevel() on ptolemy.moml.MoMLSimpleApplication@8a96bdb
reloadAllAccessors: .DiscreteClock23

===========================================================================================
----------------- testing Sat Mar 28 13:42:58 UTC 2020 /home/travis/build/icyphy/ptII/ptolemy/actor/lib/test/auto/DiscreteClock24.xml
----------------- Instantiating /home/travis/build/icyphy/ptII/ptolemy/actor/lib/test/auto/DiscreteClock24.xml
4 ms. Memory: 265216K Free: 195787K (74%)
----------------- Invoking toplevel() on ptolemy.moml.MoMLSimpleApplication@1f1ee720
----------------- Done invoking toplevel() on ptolemy.moml.MoMLSimpleApplication@1f1ee720
reloadAllAccessors: .DiscreteClock24

===========================================================================================
----------------- testing Sat Mar 28 13:42:58 UTC 2020 /home/travis/build/icyphy/ptII/ptolemy/actor/lib/test/auto/DiscreteClock4.xml
----------------- Instantiating /home/travis/build/icyphy/ptII/ptolemy/actor/lib/test/auto/DiscreteClock4.xml
5 ms. Memory: 265216K Free: 190157K (72%)
----------------- Invoking toplevel() on ptolemy.moml.MoMLSimpleApplication@7d76e6ad
----------------- Done invoking toplevel() on ptolemy.moml.MoMLSimpleApplication@7d76e6ad
reloadAllAccessors: .DiscreteClock4

===========================================================================================
----------------- testing Sat Mar 28 13:42:58 UTC 2020 /home/travis/build/icyphy/ptII/ptolemy/actor/lib/test/auto/DiscreteClock5.xml
----------------- Instantiating /home/travis/build/icyphy/ptII/ptolemy/actor/lib/test/auto/DiscreteClock5.xml
1 ms. Memory: 265216K Free: 184509K (70%)
----------------- Invoking toplevel() on ptolemy.moml.MoMLSimpleApplication@171ca110
----------------- Done invoking toplevel() on ptolemy.moml.MoMLSimpleApplication@171ca110
reloadAllAccessors: .DiscreteClock5

===========================================================================================
----------------- testing Sat Mar 28 13:42:58 UTC 2020 /home/travis/build/icyphy/ptII/ptolemy/actor/lib/test/auto/DiscreteClock6.xml
----------------- Instantiating /home/travis/build/icyphy/ptII/ptolemy/actor/lib/test/auto/DiscreteClock6.xml
1 ms. Memory: 265216K Free: 179917K (68%)
----------------- Invoking toplevel() on ptolemy.moml.MoMLSimpleApplication@38e345d1
----------------- Done invoking toplevel() on ptolemy.moml.MoMLSimpleApplication@38e345d1
reloadAllAccessors: .DiscreteClock6

===========================================================================================
----------------- testing Sat Mar 28 13:42:58 UTC 2020 /home/travis/build/icyphy/ptII/ptolemy/actor/lib/test/auto/DiscreteClock7.xml
----------------- Instantiating /home/travis/build/icyphy/ptII/ptolemy/actor/lib/test/auto/DiscreteClock7.xml
2 ms. Memory: 265216K Free: 175307K (66%)
----------------- Invoking toplevel() on ptolemy.moml.MoMLSimpleApplication@3f99a6b7
----------------- Done invoking toplevel() on ptolemy.moml.MoMLSimpleApplication@3f99a6b7
reloadAllAccessors: .DiscreteClock7

===========================================================================================
----------------- testing Sat Mar 28 13:42:58 UTC 2020 /home/travis/build/icyphy/ptII/ptolemy/actor/lib/test/auto/DiscreteClock8.xml
----------------- Instantiating /home/travis/build/icyphy/ptII/ptolemy/actor/lib/test/auto/DiscreteClock8.xml
4 ms. Memory: 265216K Free: 169677K (64%)
----------------- Invoking toplevel() on ptolemy.moml.MoMLSimpleApplication@75c050ae
----------------- Done invoking toplevel() on ptolemy.moml.MoMLSimpleApplication@75c050ae
reloadAllAccessors: .DiscreteClock8

===========================================================================================
----------------- testing Sat Mar 28 13:42:58 UTC 2020 /home/travis/build/icyphy/ptII/ptolemy/actor/lib/test/auto/DiscreteClock9.xml
----------------- Instantiating /home/travis/build/icyphy/ptII/ptolemy/actor/lib/test/auto/DiscreteClock9.xml
7 ms. Memory: 265216K Free: 164043K (62%)
----------------- Invoking toplevel() on ptolemy.moml.MoMLSimpleApplication@210f1246
----------------- Done invoking toplevel() on ptolemy.moml.MoMLSimpleApplication@210f1246
reloadAllAccessors: .DiscreteClock9

===========================================================================================
----------------- testing Sat Mar 28 13:42:58 UTC 2020 /home/travis/build/icyphy/ptII/ptolemy/actor/lib/test/auto/DisplayArray.xml
----------------- Instantiating /home/travis/build/icyphy/ptII/ptolemy/actor/lib/test/auto/DisplayArray.xml
1 ms. Memory: 265216K Free: 159947K (60%)
----------------- Invoking toplevel() on ptolemy.moml.MoMLSimpleApplication@1ecd2b9
----------------- Done invoking toplevel() on ptolemy.moml.MoMLSimpleApplication@1ecd2b9
reloadAllAccessors: .DisplayArray

===========================================================================================
----------------- testing Sat Mar 28 13:42:58 UTC 2020 /home/travis/build/icyphy/ptII/ptolemy/actor/lib/test/auto/Distributor.xml
----------------- Instantiating /home/travis/build/icyphy/ptII/ptolemy/actor/lib/test/auto/Distributor.xml
1 ms. Memory: 265216K Free: 154827K (58%)
----------------- Invoking toplevel() on ptolemy.moml.MoMLSimpleApplication@5f2da9c0
----------------- Done invoking toplevel() on ptolemy.moml.MoMLSimpleApplication@5f2da9c0
reloadAllAccessors: .Distributor

===========================================================================================
----------------- testing Sat Mar 28 13:42:58 UTC 2020 /home/travis/build/icyphy/ptII/ptolemy/actor/lib/test/auto/Distributor2.xml
----------------- Instantiating /home/travis/build/icyphy/ptII/ptolemy/actor/lib/test/auto/Distributor2.xml
1 ms. Memory: 265216K Free: 150731K (57%)
----------------- Invoking toplevel() on ptolemy.moml.MoMLSimpleApplication@1e231ff8
----------------- Done invoking toplevel() on ptolemy.moml.MoMLSimpleApplication@1e231ff8
reloadAllAccessors: .Distributor2

===========================================================================================
----------------- testing Sat Mar 28 13:42:58 UTC 2020 /home/travis/build/icyphy/ptII/ptolemy/actor/lib/test/auto/DownSample.xml
----------------- Instantiating /home/travis/build/icyphy/ptII/ptolemy/actor/lib/test/auto/DownSample.xml
2 ms. Memory: 265216K Free: 146125K (55%)
----------------- Invoking toplevel() on ptolemy.moml.MoMLSimpleApplication@1060ab44
----------------- Done invoking toplevel() on ptolemy.moml.MoMLSimpleApplication@1060ab44
reloadAllAccessors: .DownSample

===========================================================================================
----------------- testing Sat Mar 28 13:42:58 UTC 2020 /home/travis/build/icyphy/ptII/ptolemy/actor/lib/test/auto/ElectronicUnitBase1.xml
----------------- Instantiating /home/travis/build/icyphy/ptII/ptolemy/actor/lib/test/auto/ElectronicUnitBase1.xml
16 ms. Memory: 265216K Free: 129741K (49%)
----------------- Invoking toplevel() on ptolemy.moml.MoMLSimpleApplication@5d78d74c
----------------- Done invoking toplevel() on ptolemy.moml.MoMLSimpleApplication@5d78d74c
reloadAllAccessors: .ElectronicUnitBase1

===========================================================================================
----------------- testing Sat Mar 28 13:42:58 UTC 2020 /home/travis/build/icyphy/ptII/ptolemy/actor/lib/test/auto/ElementsToArray.xml
----------------- Instantiating /home/travis/build/icyphy/ptII/ptolemy/actor/lib/test/auto/ElementsToArray.xml
3 ms. Memory: 265216K Free: 124621K (47%)
----------------- Invoking toplevel() on ptolemy.moml.MoMLSimpleApplication@5c21193a
----------------- Done invoking toplevel() on ptolemy.moml.MoMLSimpleApplication@5c21193a
reloadAllAccessors: .ElementsToArray

===========================================================================================
----------------- testing Sat Mar 28 13:42:58 UTC 2020 /home/travis/build/icyphy/ptII/ptolemy/actor/lib/test/auto/Equals.xml
----------------- Instantiating /home/travis/build/icyphy/ptII/ptolemy/actor/lib/test/auto/Equals.xml
3 ms. Memory: 265216K Free: 120011K (45%)
----------------- Invoking toplevel() on ptolemy.moml.MoMLSimpleApplication@260980a4
----------------- Done invoking toplevel() on ptolemy.moml.MoMLSimpleApplication@260980a4
reloadAllAccessors: .Equals

===========================================================================================
----------------- testing Sat Mar 28 13:42:58 UTC 2020 /home/travis/build/icyphy/ptII/ptolemy/actor/lib/test/auto/Exec.xml
----------------- Instantiating /home/travis/build/icyphy/ptII/ptolemy/actor/lib/test/auto/Exec.xml
16 ms. Memory: 265216K Free: 114381K (43%)
----------------- Invoking toplevel() on ptolemy.moml.MoMLSimpleApplication@ccceea8
----------------- Done invoking toplevel() on ptolemy.moml.MoMLSimpleApplication@ccceea8
reloadAllAccessors: .Exec

===========================================================================================
----------------- testing Sat Mar 28 13:42:58 UTC 2020 /home/travis/build/icyphy/ptII/ptolemy/actor/lib/test/auto/ExecEnvironment.xml
----------------- Instantiating /home/travis/build/icyphy/ptII/ptolemy/actor/lib/test/auto/ExecEnvironment.xml
32 ms. Memory: 265216K Free: 107723K (41%)
----------------- Invoking toplevel() on ptolemy.moml.MoMLSimpleApplication@1e8184d3
----------------- Done invoking toplevel() on ptolemy.moml.MoMLSimpleApplication@1e8184d3
reloadAllAccessors: .ExecEnvironment

===========================================================================================
----------------- testing Sat Mar 28 13:42:58 UTC 2020 /home/travis/build/icyphy/ptII/ptolemy/actor/lib/test/auto/ExecNonZeroReturnOutput.xml
----------------- Instantiating /home/travis/build/icyphy/ptII/ptolemy/actor/lib/test/auto/ExecNonZeroReturnOutput.xml
181 ms. Memory: 265216K Free: 95949K (36%)
----------------- Invoking toplevel() on ptolemy.moml.MoMLSimpleApplication@245d07c4
----------------- Done invoking toplevel() on ptolemy.moml.MoMLSimpleApplication@245d07c4
reloadAllAccessors: .ExecNonZeroReturnOutput

===========================================================================================
----------------- testing Sat Mar 28 13:42:58 UTC 2020 /home/travis/build/icyphy/ptII/ptolemy/actor/lib/test/auto/ExecRunDemos.xml
----------------- Instantiating /home/travis/build/icyphy/ptII/ptolemy/actor/lib/test/auto/ExecRunDemos.xml
Finished: 58 ms. Memory: 129024K Free: 112448K (87%)

Finished: 108 ms. Memory: 129024K Free: 109438K (85%)

Finished: 84 ms. Memory: 129024K Free: 109543K (85%)

Finished: 62 ms. Memory: 129024K Free: 111112K (86%)

Finished: 63 ms. Memory: 129024K Free: 112206K (87%)

10662 ms. Memory: 265216K Free: 73941K (28%)
----------------- Invoking toplevel() on ptolemy.moml.MoMLSimpleApplication@104d4883
----------------- Done invoking toplevel() on ptolemy.moml.MoMLSimpleApplication@104d4883
reloadAllAccessors: .ExecRunDemos

===========================================================================================
----------------- testing Sat Mar 28 13:43:09 UTC 2020 /home/travis/build/icyphy/ptII/ptolemy/actor/lib/test/auto/ExecStop.xml
----------------- Instantiating /home/travis/build/icyphy/ptII/ptolemy/actor/lib/test/auto/ExecStop.xml
5020 ms. Memory: 468992K Free: 290742K (62%)
----------------- Invoking toplevel() on ptolemy.moml.MoMLSimpleApplication@281bb7aa
----------------- Done invoking toplevel() on ptolemy.moml.MoMLSimpleApplication@281bb7aa
reloadAllAccessors: .ExecStop

===========================================================================================
----------------- testing Sat Mar 28 13:43:14 UTC 2020 /home/travis/build/icyphy/ptII/ptolemy/actor/lib/test/auto/ExecutionTimeSDF.xml
----------------- Instantiating /home/travis/build/icyphy/ptII/ptolemy/actor/lib/test/auto/ExecutionTimeSDF.xml
Fired ExecutionTime: -1253767296
Fired ExecutionTime: 1225200000
Fired ExecutionTime: 1335200000
6010 ms. Memory: 468992K Free: 278377K (59%)
----------------- Invoking toplevel() on ptolemy.moml.MoMLSimpleApplication@464bb631
----------------- Done invoking toplevel() on ptolemy.moml.MoMLSimpleApplication@464bb631
reloadAllAccessors: .ExecutionTimeSDF

===========================================================================================
----------------- testing Sat Mar 28 13:43:20 UTC 2020 /home/travis/build/icyphy/ptII/ptolemy/actor/lib/test/auto/Expression1.xml
----------------- Instantiating /home/travis/build/icyphy/ptII/ptolemy/actor/lib/test/auto/Expression1.xml
2 ms. Memory: 468992K Free: 274809K (59%)
----------------- Invoking toplevel() on ptolemy.moml.MoMLSimpleApplication@7fd2ef4d
----------------- Done invoking toplevel() on ptolemy.moml.MoMLSimpleApplication@7fd2ef4d
reloadAllAccessors: .Expression1

===========================================================================================
----------------- testing Sat Mar 28 13:43:20 UTC 2020 /home/travis/build/icyphy/ptII/ptolemy/actor/lib/test/auto/Expression10.xml
----------------- Instantiating /home/travis/build/icyphy/ptII/ptolemy/actor/lib/test/auto/Expression10.xml
13 ms. Memory: 468992K Free: 269175K (57%)
----------------- Invoking toplevel() on ptolemy.moml.MoMLSimpleApplication@3852c091
----------------- Done invoking toplevel() on ptolemy.moml.MoMLSimpleApplication@3852c091
reloadAllAccessors: .Expression10

===========================================================================================
----------------- testing Sat Mar 28 13:43:20 UTC 2020 /home/travis/build/icyphy/ptII/ptolemy/actor/lib/test/auto/Expression11.xml
----------------- Instantiating /home/travis/build/icyphy/ptII/ptolemy/actor/lib/test/auto/Expression11.xml
3 ms. Memory: 468992K Free: 264569K (56%)
----------------- Invoking toplevel() on ptolemy.moml.MoMLSimpleApplication@2da3c2df
----------------- Done invoking toplevel() on ptolemy.moml.MoMLSimpleApplication@2da3c2df
reloadAllAccessors: .Expression11

===========================================================================================
----------------- testing Sat Mar 28 13:43:20 UTC 2020 /home/travis/build/icyphy/ptII/ptolemy/actor/lib/test/auto/Expression12.xml
----------------- Instantiating /home/travis/build/icyphy/ptII/ptolemy/actor/lib/test/auto/Expression12.xml
4 ms. Memory: 468992K Free: 259449K (55%)
----------------- Invoking toplevel() on ptolemy.moml.MoMLSimpleApplication@357de52c
----------------- Done invoking toplevel() on ptolemy.moml.MoMLSimpleApplication@357de52c
reloadAllAccessors: .Expression12

===========================================================================================
----------------- testing Sat Mar 28 13:43:20 UTC 2020 /home/travis/build/icyphy/ptII/ptolemy/actor/lib/test/auto/Expression13.xml
----------------- Instantiating /home/travis/build/icyphy/ptII/ptolemy/actor/lib/test/auto/Expression13.xml
4 ms. Memory: 468992K Free: 254329K (54%)
----------------- Invoking toplevel() on ptolemy.moml.MoMLSimpleApplication@64f7c338
----------------- Done invoking toplevel() on ptolemy.moml.MoMLSimpleApplication@64f7c338
reloadAllAccessors: .Expression13

===========================================================================================
----------------- testing Sat Mar 28 13:43:20 UTC 2020 /home/travis/build/icyphy/ptII/ptolemy/actor/lib/test/auto/Expression14.xml
----------------- Instantiating /home/travis/build/icyphy/ptII/ptolemy/actor/lib/test/auto/Expression14.xml
9 ms. Memory: 468992K Free: 248185K (53%)
----------------- Invoking toplevel() on ptolemy.moml.MoMLSimpleApplication@7bdbd5cb
----------------- Done invoking toplevel() on ptolemy.moml.MoMLSimpleApplication@7bdbd5cb
reloadAllAccessors: .Expression14

===========================================================================================
----------------- testing Sat Mar 28 13:43:20 UTC 2020 /home/travis/build/icyphy/ptII/ptolemy/actor/lib/test/auto/Expression15.xml
----------------- Instantiating /home/travis/build/icyphy/ptII/ptolemy/actor/lib/test/auto/Expression15.xml
2 ms. Memory: 468992K Free: 244089K (52%)
----------------- Invoking toplevel() on ptolemy.moml.MoMLSimpleApplication@615e0181
----------------- Done invoking toplevel() on ptolemy.moml.MoMLSimpleApplication@615e0181
reloadAllAccessors: .Expression15

===========================================================================================
----------------- testing Sat Mar 28 13:43:20 UTC 2020 /home/travis/build/icyphy/ptII/ptolemy/actor/lib/test/auto/Expression16.xml
----------------- Instantiating /home/travis/build/icyphy/ptII/ptolemy/actor/lib/test/auto/Expression16.xml
3 ms. Memory: 468992K Free: 238969K (51%)
----------------- Invoking toplevel() on ptolemy.moml.MoMLSimpleApplication@767d2365
----------------- Done invoking toplevel() on ptolemy.moml.MoMLSimpleApplication@767d2365
reloadAllAccessors: .Expression16

===========================================================================================
----------------- testing Sat Mar 28 13:43:20 UTC 2020 /home/travis/build/icyphy/ptII/ptolemy/actor/lib/test/auto/Expression17.xml
----------------- Instantiating /home/travis/build/icyphy/ptII/ptolemy/actor/lib/test/auto/Expression17.xml
3 ms. Memory: 468992K Free: 234359K (50%)
----------------- Invoking toplevel() on ptolemy.moml.MoMLSimpleApplication@670dfb4f
----------------- Done invoking toplevel() on ptolemy.moml.MoMLSimpleApplication@670dfb4f
reloadAllAccessors: .Expression17

===========================================================================================
----------------- testing Sat Mar 28 13:43:20 UTC 2020 /home/travis/build/icyphy/ptII/ptolemy/actor/lib/test/auto/Expression18.xml
----------------- Instantiating /home/travis/build/icyphy/ptII/ptolemy/actor/lib/test/auto/Expression18.xml
2 ms. Memory: 468992K Free: 229239K (49%)
----------------- Invoking toplevel() on ptolemy.moml.MoMLSimpleApplication@1edfed52
----------------- Done invoking toplevel() on ptolemy.moml.MoMLSimpleApplication@1edfed52
reloadAllAccessors: .Expression18

===========================================================================================
----------------- testing Sat Mar 28 13:43:20 UTC 2020 /home/travis/build/icyphy/ptII/ptolemy/actor/lib/test/auto/Expression2.xml
----------------- Instantiating /home/travis/build/icyphy/ptII/ptolemy/actor/lib/test/auto/Expression2.xml
3 ms. Memory: 468992K Free: 224119K (48%)
----------------- Invoking toplevel() on ptolemy.moml.MoMLSimpleApplication@e4f6ff9
----------------- Done invoking toplevel() on ptolemy.moml.MoMLSimpleApplication@e4f6ff9
reloadAllAccessors: .Expression2

===========================================================================================
----------------- testing Sat Mar 28 13:43:20 UTC 2020 /home/travis/build/icyphy/ptII/ptolemy/actor/lib/test/auto/Expression3.xml
----------------- Instantiating /home/travis/build/icyphy/ptII/ptolemy/actor/lib/test/auto/Expression3.xml
6 ms. Memory: 468992K Free: 218999K (47%)
----------------- Invoking toplevel() on ptolemy.moml.MoMLSimpleApplication@7a243a97
----------------- Done invoking toplevel() on ptolemy.moml.MoMLSimpleApplication@7a243a97
reloadAllAccessors: .Expression3

===========================================================================================
----------------- testing Sat Mar 28 13:43:20 UTC 2020 /home/travis/build/icyphy/ptII/ptolemy/actor/lib/test/auto/Expression4.xml
----------------- Instantiating /home/travis/build/icyphy/ptII/ptolemy/actor/lib/test/auto/Expression4.xml
3 ms. Memory: 468992K Free: 211321K (45%)
----------------- Invoking toplevel() on ptolemy.moml.MoMLSimpleApplication@3c320548
----------------- Done invoking toplevel() on ptolemy.moml.MoMLSimpleApplication@3c320548
reloadAllAccessors: .Expression4

===========================================================================================
----------------- testing Sat Mar 28 13:43:20 UTC 2020 /home/travis/build/icyphy/ptII/ptolemy/actor/lib/test/auto/Expression5.xml
----------------- Instantiating /home/travis/build/icyphy/ptII/ptolemy/actor/lib/test/auto/Expression5.xml
5 ms. Memory: 468992K Free: 206711K (44%)
----------------- Invoking toplevel() on ptolemy.moml.MoMLSimpleApplication@448b14e3
----------------- Done invoking toplevel() on ptolemy.moml.MoMLSimpleApplication@448b14e3
reloadAllAccessors: .Expression5

===========================================================================================
----------------- testing Sat Mar 28 13:43:20 UTC 2020 /home/travis/build/icyphy/ptII/ptolemy/actor/lib/test/auto/Expression6.xml
----------------- Instantiating /home/travis/build/icyphy/ptII/ptolemy/actor/lib/test/auto/Expression6.xml
2 ms. Memory: 468992K Free: 202105K (43%)
----------------- Invoking toplevel() on ptolemy.moml.MoMLSimpleApplication@b22d2f
----------------- Done invoking toplevel() on ptolemy.moml.MoMLSimpleApplication@b22d2f
reloadAllAccessors: .Expression6

===========================================================================================
----------------- testing Sat Mar 28 13:43:20 UTC 2020 /home/travis/build/icyphy/ptII/ptolemy/actor/lib/test/auto/Expression7.xml
----------------- Instantiating /home/travis/build/icyphy/ptII/ptolemy/actor/lib/test/auto/Expression7.xml
2 ms. Memory: 468992K Free: 196985K (42%)
----------------- Invoking toplevel() on ptolemy.moml.MoMLSimpleApplication@14a24350
----------------- Done invoking toplevel() on ptolemy.moml.MoMLSimpleApplication@14a24350
reloadAllAccessors: .Expression7

===========================================================================================
----------------- testing Sat Mar 28 13:43:20 UTC 2020 /home/travis/build/icyphy/ptII/ptolemy/actor/lib/test/auto/Expression8.xml
----------------- Instantiating /home/travis/build/icyphy/ptII/ptolemy/actor/lib/test/auto/Expression8.xml
8 ms. Memory: 468992K Free: 191865K (41%)
----------------- Invoking toplevel() on ptolemy.moml.MoMLSimpleApplication@526688d3
----------------- Done invoking toplevel() on ptolemy.moml.MoMLSimpleApplication@526688d3
reloadAllAccessors: .Expression8

===========================================================================================
----------------- testing Sat Mar 28 13:43:21 UTC 2020 /home/travis/build/icyphy/ptII/ptolemy/actor/lib/test/auto/Expression9.xml
----------------- Instantiating /home/travis/build/icyphy/ptII/ptolemy/actor/lib/test/auto/Expression9.xml
2 ms. Memory: 468992K Free: 187769K (40%)
----------------- Invoking toplevel() on ptolemy.moml.MoMLSimpleApplication@68e45026
----------------- Done invoking toplevel() on ptolemy.moml.MoMLSimpleApplication@68e45026
reloadAllAccessors: .Expression9

===========================================================================================
----------------- testing Sat Mar 28 13:43:21 UTC 2020 /home/travis/build/icyphy/ptII/ptolemy/actor/lib/test/auto/ExpressionConcatenateArrayType.xml
----------------- Instantiating /home/travis/build/icyphy/ptII/ptolemy/actor/lib/test/auto/ExpressionConcatenateArrayType.xml
3 ms. Memory: 468992K Free: 181111K (39%)
----------------- Invoking toplevel() on ptolemy.moml.MoMLSimpleApplication@2e2bdb5e
----------------- Done invoking toplevel() on ptolemy.moml.MoMLSimpleApplication@2e2bdb5e
reloadAllAccessors: .ExpressionConcatenateArrayType

===========================================================================================
----------------- testing Sat Mar 28 13:43:21 UTC 2020 /home/travis/build/icyphy/ptII/ptolemy/actor/lib/test/auto/ExpressionConcatenateArrayType2.xml
----------------- Instantiating /home/travis/build/icyphy/ptII/ptolemy/actor/lib/test/auto/ExpressionConcatenateArrayType2.xml
2 ms. Memory: 468992K Free: 175481K (37%)
----------------- Invoking toplevel() on ptolemy.moml.MoMLSimpleApplication@149e456c
----------------- Done invoking toplevel() on ptolemy.moml.MoMLSimpleApplication@149e456c
reloadAllAccessors: .ExpressionConcatenateArrayType2

===========================================================================================
----------------- testing Sat Mar 28 13:43:21 UTC 2020 /home/travis/build/icyphy/ptII/ptolemy/actor/lib/test/auto/ExpressionFix.xml
----------------- Instantiating /home/travis/build/icyphy/ptII/ptolemy/actor/lib/test/auto/ExpressionFix.xml
22 ms. Memory: 468992K Free: 169337K (36%)
----------------- Invoking toplevel() on ptolemy.moml.MoMLSimpleApplication@62aa265d
----------------- Done invoking toplevel() on ptolemy.moml.MoMLSimpleApplication@62aa265d
reloadAllAccessors: .ExpressionFix

===========================================================================================
----------------- testing Sat Mar 28 13:43:21 UTC 2020 /home/travis/build/icyphy/ptII/ptolemy/actor/lib/test/auto/ExpressionFix2.xml
----------------- Instantiating /home/travis/build/icyphy/ptII/ptolemy/actor/lib/test/auto/ExpressionFix2.xml
6 ms. Memory: 468992K Free: 165241K (35%)
----------------- Invoking toplevel() on ptolemy.moml.MoMLSimpleApplication@59872f73
----------------- Done invoking toplevel() on ptolemy.moml.MoMLSimpleApplication@59872f73
reloadAllAccessors: .ExpressionFix2

===========================================================================================
----------------- testing Sat Mar 28 13:43:21 UTC 2020 /home/travis/build/icyphy/ptII/ptolemy/actor/lib/test/auto/ExpressionFix3.xml
----------------- Instantiating /home/travis/build/icyphy/ptII/ptolemy/actor/lib/test/auto/ExpressionFix3.xml
2 ms. Memory: 468992K Free: 160631K (34%)
----------------- Invoking toplevel() on ptolemy.moml.MoMLSimpleApplication@da9df9a
----------------- Done invoking toplevel() on ptolemy.moml.MoMLSimpleApplication@da9df9a
reloadAllAccessors: .ExpressionFix3

===========================================================================================
----------------- testing Sat Mar 28 13:43:21 UTC 2020 /home/travis/build/icyphy/ptII/ptolemy/actor/lib/test/auto/FileWriter1.xml
----------------- Instantiating /home/travis/build/icyphy/ptII/ptolemy/actor/lib/test/auto/FileWriter1.xml
3 ms. Memory: 468992K Free: 156535K (33%)
----------------- Invoking toplevel() on ptolemy.moml.MoMLSimpleApplication@304d149b
----------------- Done invoking toplevel() on ptolemy.moml.MoMLSimpleApplication@304d149b
reloadAllAccessors: .FileWriter1

===========================================================================================
----------------- testing Sat Mar 28 13:43:21 UTC 2020 /home/travis/build/icyphy/ptII/ptolemy/actor/lib/test/auto/FileWriter2.xml
----------------- Instantiating /home/travis/build/icyphy/ptII/ptolemy/actor/lib/test/auto/FileWriter2.xml
3 ms. Memory: 468992K Free: 151929K (32%)
----------------- Invoking toplevel() on ptolemy.moml.MoMLSimpleApplication@4a0a5964
----------------- Done invoking toplevel() on ptolemy.moml.MoMLSimpleApplication@4a0a5964
reloadAllAccessors: .FileWriter2

===========================================================================================
----------------- testing Sat Mar 28 13:43:21 UTC 2020 /home/travis/build/icyphy/ptII/ptolemy/actor/lib/test/auto/FileWriter3.xml
----------------- Instantiating /home/travis/build/icyphy/ptII/ptolemy/actor/lib/test/auto/FileWriter3.xml
4 ms. Memory: 468992K Free: 147833K (32%)
----------------- Invoking toplevel() on ptolemy.moml.MoMLSimpleApplication@44bea4f6
----------------- Done invoking toplevel() on ptolemy.moml.MoMLSimpleApplication@44bea4f6
reloadAllAccessors: .FileWriter3

===========================================================================================
----------------- testing Sat Mar 28 13:43:21 UTC 2020 /home/travis/build/icyphy/ptII/ptolemy/actor/lib/test/auto/Gaussian.xml
----------------- Instantiating /home/travis/build/icyphy/ptII/ptolemy/actor/lib/test/auto/Gaussian.xml
3 ms. Memory: 468992K Free: 415714K (89%)
----------------- Invoking toplevel() on ptolemy.moml.MoMLSimpleApplication@7c93c0c3
----------------- Done invoking toplevel() on ptolemy.moml.MoMLSimpleApplication@7c93c0c3
reloadAllAccessors: .Gaussian

===========================================================================================
----------------- testing Sat Mar 28 13:43:21 UTC 2020 /home/travis/build/icyphy/ptII/ptolemy/actor/lib/test/auto/Gaussian1.xml
----------------- Instantiating /home/travis/build/icyphy/ptII/ptolemy/actor/lib/test/auto/Gaussian1.xml
2 ms. Memory: 468992K Free: 410580K (88%)
----------------- Invoking toplevel() on ptolemy.moml.MoMLSimpleApplication@66239e8f
----------------- Done invoking toplevel() on ptolemy.moml.MoMLSimpleApplication@66239e8f
reloadAllAccessors: .Gaussian1

===========================================================================================
----------------- testing Sat Mar 28 13:43:21 UTC 2020 /home/travis/build/icyphy/ptII/ptolemy/actor/lib/test/auto/Gaussian2.xml
----------------- Instantiating /home/travis/build/icyphy/ptII/ptolemy/actor/lib/test/auto/Gaussian2.xml
2 ms. Memory: 468992K Free: 404436K (86%)
----------------- Invoking toplevel() on ptolemy.moml.MoMLSimpleApplication@45ce648e
----------------- Done invoking toplevel() on ptolemy.moml.MoMLSimpleApplication@45ce648e
reloadAllAccessors: .Gaussian2

===========================================================================================
----------------- testing Sat Mar 28 13:43:21 UTC 2020 /home/travis/build/icyphy/ptII/ptolemy/actor/lib/test/auto/GradientAdaptiveLattice.xml
----------------- Instantiating /home/travis/build/icyphy/ptII/ptolemy/actor/lib/test/auto/GradientAdaptiveLattice.xml
3 ms. Memory: 468992K Free: 399330K (85%)
----------------- Invoking toplevel() on ptolemy.moml.MoMLSimpleApplication@57c79714
----------------- Done invoking toplevel() on ptolemy.moml.MoMLSimpleApplication@57c79714
reloadAllAccessors: .GradientAdaptiveLattice

===========================================================================================
----------------- testing Sat Mar 28 13:43:21 UTC 2020 /home/travis/build/icyphy/ptII/ptolemy/actor/lib/test/auto/IIR.xml
----------------- Instantiating /home/travis/build/icyphy/ptII/ptolemy/actor/lib/test/auto/IIR.xml
2 ms. Memory: 468992K Free: 394724K (84%)
----------------- Invoking toplevel() on ptolemy.moml.MoMLSimpleApplication@1fbb6e59
----------------- Done invoking toplevel() on ptolemy.moml.MoMLSimpleApplication@1fbb6e59
reloadAllAccessors: .IIR

===========================================================================================
----------------- testing Sat Mar 28 13:43:21 UTC 2020 /home/travis/build/icyphy/ptII/ptolemy/actor/lib/test/auto/InputOutputTransparentPorts.xml
----------------- Instantiating /home/travis/build/icyphy/ptII/ptolemy/actor/lib/test/auto/InputOutputTransparentPorts.xml
2 ms. Memory: 468992K Free: 388066K (83%)
----------------- Invoking toplevel() on ptolemy.moml.MoMLSimpleApplication@6af158b7
----------------- Done invoking toplevel() on ptolemy.moml.MoMLSimpleApplication@6af158b7
reloadAllAccessors: .InputOutputTransparentPorts

===========================================================================================
----------------- testing Sat Mar 28 13:43:21 UTC 2020 /home/travis/build/icyphy/ptII/ptolemy/actor/lib/test/auto/Interpolator.xml
----------------- Instantiating /home/travis/build/icyphy/ptII/ptolemy/actor/lib/test/auto/Interpolator.xml
3 ms. Memory: 468992K Free: 383970K (82%)
----------------- Invoking toplevel() on ptolemy.moml.MoMLSimpleApplication@13f9ec24
----------------- Done invoking toplevel() on ptolemy.moml.MoMLSimpleApplication@13f9ec24
reloadAllAccessors: .Interpolator

===========================================================================================
----------------- testing Sat Mar 28 13:43:21 UTC 2020 /home/travis/build/icyphy/ptII/ptolemy/actor/lib/test/auto/InterpolatorFiringLimitDE.xml
----------------- Instantiating /home/travis/build/icyphy/ptII/ptolemy/actor/lib/test/auto/InterpolatorFiringLimitDE.xml
2 ms. Memory: 468992K Free: 377826K (81%)
----------------- Invoking toplevel() on ptolemy.moml.MoMLSimpleApplication@5a7e0f31
----------------- Done invoking toplevel() on ptolemy.moml.MoMLSimpleApplication@5a7e0f31
reloadAllAccessors: .InterpolatorFiringLimitDE

===========================================================================================
----------------- testing Sat Mar 28 13:43:21 UTC 2020 /home/travis/build/icyphy/ptII/ptolemy/actor/lib/test/auto/Lattice.xml
----------------- Instantiating /home/travis/build/icyphy/ptII/ptolemy/actor/lib/test/auto/Lattice.xml
1 ms. Memory: 468992K Free: 373730K (80%)
----------------- Invoking toplevel() on ptolemy.moml.MoMLSimpleApplication@1f6af9bf
----------------- Done invoking toplevel() on ptolemy.moml.MoMLSimpleApplication@1f6af9bf
reloadAllAccessors: .Lattice

===========================================================================================
----------------- testing Sat Mar 28 13:43:21 UTC 2020 /home/travis/build/icyphy/ptII/ptolemy/actor/lib/test/auto/LazyAOCTestLazy.xml
----------------- Instantiating /home/travis/build/icyphy/ptII/ptolemy/actor/lib/test/auto/LazyAOCTestLazy.xml
9 ms. Memory: 468992K Free: 367572K (78%)
----------------- Invoking toplevel() on ptolemy.moml.MoMLSimpleApplication@434ff6a0
----------------- Done invoking toplevel() on ptolemy.moml.MoMLSimpleApplication@434ff6a0
reloadAllAccessors: .LazyAOCTestLazy

===========================================================================================
----------------- testing Sat Mar 28 13:43:21 UTC 2020 /home/travis/build/icyphy/ptII/ptolemy/actor/lib/test/auto/LazyAOCTestNonLazy.xml
----------------- Instantiating /home/travis/build/icyphy/ptII/ptolemy/actor/lib/test/auto/LazyAOCTestNonLazy.xml
3 ms. Memory: 468992K Free: 360932K (77%)
----------------- Invoking toplevel() on ptolemy.moml.MoMLSimpleApplication@7551fa1b
----------------- Done invoking toplevel() on ptolemy.moml.MoMLSimpleApplication@7551fa1b
reloadAllAccessors: .LazyAOCTestNonLazy

===========================================================================================
----------------- testing Sat Mar 28 13:43:21 UTC 2020 /home/travis/build/icyphy/ptII/ptolemy/actor/lib/test/auto/LazyInnerClass.xml
----------------- Instantiating /home/travis/build/icyphy/ptII/ptolemy/actor/lib/test/auto/LazyInnerClass.xml
11 ms. Memory: 468992K Free: 352212K (75%)
----------------- Invoking toplevel() on ptolemy.moml.MoMLSimpleApplication@578c53bc
----------------- Done invoking toplevel() on ptolemy.moml.MoMLSimpleApplication@578c53bc
reloadAllAccessors: .LazyInnerClass

===========================================================================================
----------------- testing Sat Mar 28 13:43:21 UTC 2020 /home/travis/build/icyphy/ptII/ptolemy/actor/lib/test/auto/LazyPubSub.xml
----------------- Instantiating /home/travis/build/icyphy/ptII/ptolemy/actor/lib/test/auto/LazyPubSub.xml
30 ms. Memory: 468992K Free: 341986K (73%)
----------------- Invoking toplevel() on ptolemy.moml.MoMLSimpleApplication@58b224ea
----------------- Done invoking toplevel() on ptolemy.moml.MoMLSimpleApplication@58b224ea
reloadAllAccessors: .LazyPubSub

===========================================================================================
----------------- testing Sat Mar 28 13:43:21 UTC 2020 /home/travis/build/icyphy/ptII/ptolemy/actor/lib/test/auto/LazyPubSub2.xml
----------------- Instantiating /home/travis/build/icyphy/ptII/ptolemy/actor/lib/test/auto/LazyPubSub2.xml
14 ms. Memory: 468992K Free: 332260K (71%)
----------------- Invoking toplevel() on ptolemy.moml.MoMLSimpleApplication@78257655
----------------- Done invoking toplevel() on ptolemy.moml.MoMLSimpleApplication@78257655
reloadAllAccessors: .LazyPubSub2

===========================================================================================
----------------- testing Sat Mar 28 13:43:21 UTC 2020 /home/travis/build/icyphy/ptII/ptolemy/actor/lib/test/auto/LazyPubSub3.xml
----------------- Instantiating /home/travis/build/icyphy/ptII/ptolemy/actor/lib/test/auto/LazyPubSub3.xml
17 ms. Memory: 468992K Free: 322020K (69%)
----------------- Invoking toplevel() on ptolemy.moml.MoMLSimpleApplication@e0d1347
----------------- Done invoking toplevel() on ptolemy.moml.MoMLSimpleApplication@e0d1347
reloadAllAccessors: .LazyPubSub3

===========================================================================================
----------------- testing Sat Mar 28 13:43:21 UTC 2020 /home/travis/build/icyphy/ptII/ptolemy/actor/lib/test/auto/LazySubClassModel.xml
----------------- Instantiating /home/travis/build/icyphy/ptII/ptolemy/actor/lib/test/auto/LazySubClassModel.xml
2 ms. Memory: 468992K Free: 312804K (67%)
----------------- Invoking toplevel() on ptolemy.moml.MoMLSimpleApplication@73a57f60
----------------- Done invoking toplevel() on ptolemy.moml.MoMLSimpleApplication@73a57f60
reloadAllAccessors: .LazySubClassModel

===========================================================================================
----------------- testing Sat Mar 28 13:43:21 UTC 2020 /home/travis/build/icyphy/ptII/ptolemy/actor/lib/test/auto/LevelCrossTest1.xml
----------------- Instantiating /home/travis/build/icyphy/ptII/ptolemy/actor/lib/test/auto/LevelCrossTest1.xml
2 ms. Memory: 468992K Free: 307170K (65%)
----------------- Invoking toplevel() on ptolemy.moml.MoMLSimpleApplication@60c4d3c5
----------------- Done invoking toplevel() on ptolemy.moml.MoMLSimpleApplication@60c4d3c5
reloadAllAccessors: .broken

===========================================================================================
----------------- testing Sat Mar 28 13:43:21 UTC 2020 /home/travis/build/icyphy/ptII/ptolemy/actor/lib/test/auto/LevelCrossTest10.xml
----------------- Instantiating /home/travis/build/icyphy/ptII/ptolemy/actor/lib/test/auto/LevelCrossTest10.xml
2 ms. Memory: 468992K Free: 300002K (64%)
----------------- Invoking toplevel() on ptolemy.moml.MoMLSimpleApplication@bdfde38
----------------- Done invoking toplevel() on ptolemy.moml.MoMLSimpleApplication@bdfde38
reloadAllAccessors: .LevelCrossTest10

===========================================================================================
----------------- testing Sat Mar 28 13:43:21 UTC 2020 /home/travis/build/icyphy/ptII/ptolemy/actor/lib/test/auto/LevelCrossTest11.xml
----------------- Instantiating /home/travis/build/icyphy/ptII/ptolemy/actor/lib/test/auto/LevelCrossTest11.xml
1 ms. Memory: 468992K Free: 292834K (62%)
----------------- Invoking toplevel() on ptolemy.moml.MoMLSimpleApplication@355c5fb0
----------------- Done invoking toplevel() on ptolemy.moml.MoMLSimpleApplication@355c5fb0
reloadAllAccessors: .LevelCrossTest11

===========================================================================================
----------------- testing Sat Mar 28 13:43:21 UTC 2020 /home/travis/build/icyphy/ptII/ptolemy/actor/lib/test/auto/LevelCrossTest12.xml
----------------- Instantiating /home/travis/build/icyphy/ptII/ptolemy/actor/lib/test/auto/LevelCrossTest12.xml
1 ms. Memory: 468992K Free: 286180K (61%)
----------------- Invoking toplevel() on ptolemy.moml.MoMLSimpleApplication@5728683f
----------------- Done invoking toplevel() on ptolemy.moml.MoMLSimpleApplication@5728683f
reloadAllAccessors: .LevelCrossTest12

===========================================================================================
----------------- testing Sat Mar 28 13:43:21 UTC 2020 /home/travis/build/icyphy/ptII/ptolemy/actor/lib/test/auto/LevelCrossTest13.xml
----------------- Instantiating /home/travis/build/icyphy/ptII/ptolemy/actor/lib/test/auto/LevelCrossTest13.xml
1 ms. Memory: 468992K Free: 278498K (59%)
----------------- Invoking toplevel() on ptolemy.moml.MoMLSimpleApplication@7e546270
----------------- Done invoking toplevel() on ptolemy.moml.MoMLSimpleApplication@7e546270
reloadAllAccessors: .LevelCrossTest13

===========================================================================================
----------------- testing Sat Mar 28 13:43:21 UTC 2020 /home/travis/build/icyphy/ptII/ptolemy/actor/lib/test/auto/LevelCrossTest2.xml
----------------- Instantiating /home/travis/build/icyphy/ptII/ptolemy/actor/lib/test/auto/LevelCrossTest2.xml
1 ms. Memory: 468992K Free: 272868K (58%)
----------------- Invoking toplevel() on ptolemy.moml.MoMLSimpleApplication@5f3b1209
----------------- Done invoking toplevel() on ptolemy.moml.MoMLSimpleApplication@5f3b1209
reloadAllAccessors: .broken

===========================================================================================
----------------- testing Sat Mar 28 13:43:21 UTC 2020 /home/travis/build/icyphy/ptII/ptolemy/actor/lib/test/auto/LevelCrossTest3.xml
----------------- Instantiating /home/travis/build/icyphy/ptII/ptolemy/actor/lib/test/auto/LevelCrossTest3.xml
1 ms. Memory: 468992K Free: 266210K (57%)
----------------- Invoking toplevel() on ptolemy.moml.MoMLSimpleApplication@585e22f6
----------------- Done invoking toplevel() on ptolemy.moml.MoMLSimpleApplication@585e22f6
reloadAllAccessors: .LevelCrossTest3

===========================================================================================
----------------- testing Sat Mar 28 13:43:21 UTC 2020 /home/travis/build/icyphy/ptII/ptolemy/actor/lib/test/auto/LevelCrossTest4.xml
----------------- Instantiating /home/travis/build/icyphy/ptII/ptolemy/actor/lib/test/auto/LevelCrossTest4.xml
1 ms. Memory: 468992K Free: 261090K (56%)
----------------- Invoking toplevel() on ptolemy.moml.MoMLSimpleApplication@7c843f8d
----------------- Done invoking toplevel() on ptolemy.moml.MoMLSimpleApplication@7c843f8d
reloadAllAccessors: .broken

===========================================================================================
----------------- testing Sat Mar 28 13:43:21 UTC 2020 /home/travis/build/icyphy/ptII/ptolemy/actor/lib/test/auto/LevelCrossTest5.xml
----------------- Instantiating /home/travis/build/icyphy/ptII/ptolemy/actor/lib/test/auto/LevelCrossTest5.xml
3 ms. Memory: 468992K Free: 254436K (54%)
----------------- Invoking toplevel() on ptolemy.moml.MoMLSimpleApplication@5d223a9a
----------------- Done invoking toplevel() on ptolemy.moml.MoMLSimpleApplication@5d223a9a
reloadAllAccessors: .LevelCrossTest5

===========================================================================================
----------------- testing Sat Mar 28 13:43:21 UTC 2020 /home/travis/build/icyphy/ptII/ptolemy/actor/lib/test/auto/LevelCrossTest6.xml
----------------- Instantiating /home/travis/build/icyphy/ptII/ptolemy/actor/lib/test/auto/LevelCrossTest6.xml
9 ms. Memory: 468992K Free: 246754K (53%)
----------------- Invoking toplevel() on ptolemy.moml.MoMLSimpleApplication@61cb6634
----------------- Done invoking toplevel() on ptolemy.moml.MoMLSimpleApplication@61cb6634
reloadAllAccessors: .LevelCrossTest6

===========================================================================================
----------------- testing Sat Mar 28 13:43:21 UTC 2020 /home/travis/build/icyphy/ptII/ptolemy/actor/lib/test/auto/LevelCrossTest7.xml
----------------- Instantiating /home/travis/build/icyphy/ptII/ptolemy/actor/lib/test/auto/LevelCrossTest7.xml
8 ms. Memory: 468992K Free: 239076K (51%)
----------------- Invoking toplevel() on ptolemy.moml.MoMLSimpleApplication@424f54c7
----------------- Done invoking toplevel() on ptolemy.moml.MoMLSimpleApplication@424f54c7
reloadAllAccessors: .LevelCrossTest7

===========================================================================================
----------------- testing Sat Mar 28 13:43:21 UTC 2020 /home/travis/build/icyphy/ptII/ptolemy/actor/lib/test/auto/LevelCrossTest8.xml
----------------- Instantiating /home/travis/build/icyphy/ptII/ptolemy/actor/lib/test/auto/LevelCrossTest8.xml
2 ms. Memory: 468992K Free: 231908K (49%)
----------------- Invoking toplevel() on ptolemy.moml.MoMLSimpleApplication@1523f2ae
----------------- Done invoking toplevel() on ptolemy.moml.MoMLSimpleApplication@1523f2ae
reloadAllAccessors: .LevelCrossTest8

===========================================================================================
----------------- testing Sat Mar 28 13:43:21 UTC 2020 /home/travis/build/icyphy/ptII/ptolemy/actor/lib/test/auto/LevelCrossTest9.xml
----------------- Instantiating /home/travis/build/icyphy/ptII/ptolemy/actor/lib/test/auto/LevelCrossTest9.xml
3 ms. Memory: 468992K Free: 224740K (48%)
----------------- Invoking toplevel() on ptolemy.moml.MoMLSimpleApplication@9e7033e
----------------- Done invoking toplevel() on ptolemy.moml.MoMLSimpleApplication@9e7033e
reloadAllAccessors: .LevelCrossTest9

===========================================================================================
----------------- testing Sat Mar 28 13:43:21 UTC 2020 /home/travis/build/icyphy/ptII/ptolemy/actor/lib/test/auto/LevinsonDurbin.xml
----------------- Instantiating /home/travis/build/icyphy/ptII/ptolemy/actor/lib/test/auto/LevinsonDurbin.xml
8 ms. Memory: 468992K Free: 221154K (47%)
----------------- Invoking toplevel() on ptolemy.moml.MoMLSimpleApplication@19b12277
----------------- Done invoking toplevel() on ptolemy.moml.MoMLSimpleApplication@19b12277
reloadAllAccessors: .LevinsonDurbin

===========================================================================================
----------------- testing Sat Mar 28 13:43:22 UTC 2020 /home/travis/build/icyphy/ptII/ptolemy/actor/lib/test/auto/LevinsonDurbin2.xml
----------------- Instantiating /home/travis/build/icyphy/ptII/ptolemy/actor/lib/test/auto/LevinsonDurbin2.xml
2 ms. Memory: 468992K Free: 217058K (46%)
----------------- Invoking toplevel() on ptolemy.moml.MoMLSimpleApplication@3ab8998a
----------------- Done invoking toplevel() on ptolemy.moml.MoMLSimpleApplication@3ab8998a
reloadAllAccessors: .LevinsonDurbin2

===========================================================================================
----------------- testing Sat Mar 28 13:43:22 UTC 2020 /home/travis/build/icyphy/ptII/ptolemy/actor/lib/test/auto/LevinsonDurbin3.xml
----------------- Instantiating /home/travis/build/icyphy/ptII/ptolemy/actor/lib/test/auto/LevinsonDurbin3.xml
4 ms. Memory: 468992K Free: 212962K (45%)
----------------- Invoking toplevel() on ptolemy.moml.MoMLSimpleApplication@6f12110d
----------------- Done invoking toplevel() on ptolemy.moml.MoMLSimpleApplication@6f12110d
reloadAllAccessors: .LevinsonDurbin3

===========================================================================================
----------------- testing Sat Mar 28 13:43:22 UTC 2020 /home/travis/build/icyphy/ptII/ptolemy/actor/lib/test/auto/Limiter.xml
----------------- Instantiating /home/travis/build/icyphy/ptII/ptolemy/actor/lib/test/auto/Limiter.xml
6 ms. Memory: 468992K Free: 203732K (43%)
----------------- Invoking toplevel() on ptolemy.moml.MoMLSimpleApplication@7346b97b
----------------- Done invoking toplevel() on ptolemy.moml.MoMLSimpleApplication@7346b97b
reloadAllAccessors: .Limiter

===========================================================================================
----------------- testing Sat Mar 28 13:43:22 UTC 2020 /home/travis/build/icyphy/ptII/ptolemy/actor/lib/test/auto/LinearDifferenceEquationSystem.xml
----------------- Instantiating /home/travis/build/icyphy/ptII/ptolemy/actor/lib/test/auto/LinearDifferenceEquationSystem.xml
4 ms. Memory: 468992K Free: 196578K (42%)
----------------- Invoking toplevel() on ptolemy.moml.MoMLSimpleApplication@3859d046
----------------- Done invoking toplevel() on ptolemy.moml.MoMLSimpleApplication@3859d046
reloadAllAccessors: .LinearDifferenceEquationSystem

===========================================================================================
----------------- testing Sat Mar 28 13:43:22 UTC 2020 /home/travis/build/icyphy/ptII/ptolemy/actor/lib/test/auto/LookupTable.xml
----------------- Instantiating /home/travis/build/icyphy/ptII/ptolemy/actor/lib/test/auto/LookupTable.xml
2 ms. Memory: 468992K Free: 191972K (41%)
----------------- Invoking toplevel() on ptolemy.moml.MoMLSimpleApplication@2d979538
----------------- Done invoking toplevel() on ptolemy.moml.MoMLSimpleApplication@2d979538
reloadAllAccessors: .LookupTable

===========================================================================================
----------------- testing Sat Mar 28 13:43:22 UTC 2020 /home/travis/build/icyphy/ptII/ptolemy/actor/lib/test/auto/MathFunction.xml
----------------- Instantiating /home/travis/build/icyphy/ptII/ptolemy/actor/lib/test/auto/MathFunction.xml
2 ms. Memory: 468992K Free: 183780K (39%)
----------------- Invoking toplevel() on ptolemy.moml.MoMLSimpleApplication@1c8ef838
----------------- Done invoking toplevel() on ptolemy.moml.MoMLSimpleApplication@1c8ef838
reloadAllAccessors: .MathFunction

===========================================================================================
----------------- testing Sat Mar 28 13:43:22 UTC 2020 /home/travis/build/icyphy/ptII/ptolemy/actor/lib/test/auto/MathFunction2.xml
----------------- Instantiating /home/travis/build/icyphy/ptII/ptolemy/actor/lib/test/auto/MathFunction2.xml
5 ms. Memory: 468992K Free: 179684K (38%)
----------------- Invoking toplevel() on ptolemy.moml.MoMLSimpleApplication@435038f5
----------------- Done invoking toplevel() on ptolemy.moml.MoMLSimpleApplication@435038f5
reloadAllAccessors: .MathFunction2

===========================================================================================
----------------- testing Sat Mar 28 13:43:22 UTC 2020 /home/travis/build/icyphy/ptII/ptolemy/actor/lib/test/auto/MathFunction3.xml
----------------- Instantiating /home/travis/build/icyphy/ptII/ptolemy/actor/lib/test/auto/MathFunction3.xml
2 ms. Memory: 468992K Free: 172516K (37%)
----------------- Invoking toplevel() on ptolemy.moml.MoMLSimpleApplication@38c9c721
----------------- Done invoking toplevel() on ptolemy.moml.MoMLSimpleApplication@38c9c721
reloadAllAccessors: .MathFunction3

===========================================================================================
----------------- testing Sat Mar 28 13:43:22 UTC 2020 /home/travis/build/icyphy/ptII/ptolemy/actor/lib/test/auto/MatrixCropBoolean.xml
----------------- Instantiating /home/travis/build/icyphy/ptII/ptolemy/actor/lib/test/auto/MatrixCropBoolean.xml
2 ms. Memory: 468992K Free: 167396K (36%)
----------------- Invoking toplevel() on ptolemy.moml.MoMLSimpleApplication@6068eba7
----------------- Done invoking toplevel() on ptolemy.moml.MoMLSimpleApplication@6068eba7
reloadAllAccessors: .MatrixCropBoolean

===========================================================================================
----------------- testing Sat Mar 28 13:43:22 UTC 2020 /home/travis/build/icyphy/ptII/ptolemy/actor/lib/test/auto/MatrixCropComplex.xml
----------------- Instantiating /home/travis/build/icyphy/ptII/ptolemy/actor/lib/test/auto/MatrixCropComplex.xml
2 ms. Memory: 468992K Free: 162276K (35%)
----------------- Invoking toplevel() on ptolemy.moml.MoMLSimpleApplication@58df4dcf
----------------- Done invoking toplevel() on ptolemy.moml.MoMLSimpleApplication@58df4dcf
reloadAllAccessors: .MatrixCropComplex

===========================================================================================
----------------- testing Sat Mar 28 13:43:22 UTC 2020 /home/travis/build/icyphy/ptII/ptolemy/actor/lib/test/auto/MatrixCropDouble.xml
----------------- Instantiating /home/travis/build/icyphy/ptII/ptolemy/actor/lib/test/auto/MatrixCropDouble.xml
3 ms. Memory: 468992K Free: 157660K (34%)
----------------- Invoking toplevel() on ptolemy.moml.MoMLSimpleApplication@6bf5406a
----------------- Done invoking toplevel() on ptolemy.moml.MoMLSimpleApplication@6bf5406a
reloadAllAccessors: .MatrixCropDouble

===========================================================================================
----------------- testing Sat Mar 28 13:43:22 UTC 2020 /home/travis/build/icyphy/ptII/ptolemy/actor/lib/test/auto/MatrixCropFix.xml
----------------- Instantiating /home/travis/build/icyphy/ptII/ptolemy/actor/lib/test/auto/MatrixCropFix.xml
1 ms. Memory: 468992K Free: 152516K (33%)
----------------- Invoking toplevel() on ptolemy.moml.MoMLSimpleApplication@1cb91115
----------------- Done invoking toplevel() on ptolemy.moml.MoMLSimpleApplication@1cb91115
reloadAllAccessors: .MatrixCropFix

===========================================================================================
----------------- testing Sat Mar 28 13:43:22 UTC 2020 /home/travis/build/icyphy/ptII/ptolemy/actor/lib/test/auto/MatrixCropInt.xml
----------------- Instantiating /home/travis/build/icyphy/ptII/ptolemy/actor/lib/test/auto/MatrixCropInt.xml
1 ms. Memory: 468992K Free: 147412K (31%)
----------------- Invoking toplevel() on ptolemy.moml.MoMLSimpleApplication@73419b01
----------------- Done invoking toplevel() on ptolemy.moml.MoMLSimpleApplication@73419b01
reloadAllAccessors: .MatrixCropInt

===========================================================================================
----------------- testing Sat Mar 28 13:43:22 UTC 2020 /home/travis/build/icyphy/ptII/ptolemy/actor/lib/test/auto/MatrixCropLong.xml
----------------- Instantiating /home/travis/build/icyphy/ptII/ptolemy/actor/lib/test/auto/MatrixCropLong.xml
17 ms. Memory: 468992K Free: 419180K (89%)
----------------- Invoking toplevel() on ptolemy.moml.MoMLSimpleApplication@515c65cc
----------------- Done invoking toplevel() on ptolemy.moml.MoMLSimpleApplication@515c65cc
reloadAllAccessors: .MatrixCropLong

===========================================================================================
----------------- testing Sat Mar 28 13:43:22 UTC 2020 /home/travis/build/icyphy/ptII/ptolemy/actor/lib/test/auto/MatrixToArray.xml
----------------- Instantiating /home/travis/build/icyphy/ptII/ptolemy/actor/lib/test/auto/MatrixToArray.xml
5 ms. Memory: 468992K Free: 403357K (86%)
----------------- Invoking toplevel() on ptolemy.moml.MoMLSimpleApplication@52b5f7d1
----------------- Done invoking toplevel() on ptolemy.moml.MoMLSimpleApplication@52b5f7d1
reloadAllAccessors: .MatrixToArray

===========================================================================================
----------------- testing Sat Mar 28 13:43:22 UTC 2020 /home/travis/build/icyphy/ptII/ptolemy/actor/lib/test/auto/MaxIndex.xml
----------------- Instantiating /home/travis/build/icyphy/ptII/ptolemy/actor/lib/test/auto/MaxIndex.xml
6 ms. Memory: 468992K Free: 398237K (85%)
----------------- Invoking toplevel() on ptolemy.moml.MoMLSimpleApplication@2aaf5054
----------------- Done invoking toplevel() on ptolemy.moml.MoMLSimpleApplication@2aaf5054
reloadAllAccessors: .MaxIndex

===========================================================================================
----------------- testing Sat Mar 28 13:43:22 UTC 2020 /home/travis/build/icyphy/ptII/ptolemy/actor/lib/test/auto/Maximum.xml
----------------- Instantiating /home/travis/build/icyphy/ptII/ptolemy/actor/lib/test/auto/Maximum.xml
4 ms. Memory: 468992K Free: 391548K (83%)
----------------- Invoking toplevel() on ptolemy.moml.MoMLSimpleApplication@10714ee2
----------------- Done invoking toplevel() on ptolemy.moml.MoMLSimpleApplication@10714ee2
reloadAllAccessors: .Maximum

===========================================================================================
----------------- testing Sat Mar 28 13:43:22 UTC 2020 /home/travis/build/icyphy/ptII/ptolemy/actor/lib/test/auto/MaximumComplex.xml
----------------- Instantiating /home/travis/build/icyphy/ptII/ptolemy/actor/lib/test/auto/MaximumComplex.xml
4 ms. Memory: 468992K Free: 385420K (82%)
----------------- Invoking toplevel() on ptolemy.moml.MoMLSimpleApplication@74814aa3
----------------- Done invoking toplevel() on ptolemy.moml.MoMLSimpleApplication@74814aa3
reloadAllAccessors: .MaximumComplex

===========================================================================================
----------------- testing Sat Mar 28 13:43:22 UTC 2020 /home/travis/build/icyphy/ptII/ptolemy/actor/lib/test/auto/MethodCallTest.xml
----------------- Instantiating /home/travis/build/icyphy/ptII/ptolemy/actor/lib/test/auto/MethodCallTest.xml
2 ms. Memory: 468992K Free: 378781K (81%)
----------------- Invoking toplevel() on ptolemy.moml.MoMLSimpleApplication@64df07e2
----------------- Done invoking toplevel() on ptolemy.moml.MoMLSimpleApplication@64df07e2
reloadAllAccessors: .MethodCallTest

===========================================================================================
----------------- testing Sat Mar 28 13:43:22 UTC 2020 /home/travis/build/icyphy/ptII/ptolemy/actor/lib/test/auto/Minimum.xml
----------------- Instantiating /home/travis/build/icyphy/ptII/ptolemy/actor/lib/test/auto/Minimum.xml
2 ms. Memory: 468992K Free: 372108K (79%)
----------------- Invoking toplevel() on ptolemy.moml.MoMLSimpleApplication@4de6eb47
----------------- Done invoking toplevel() on ptolemy.moml.MoMLSimpleApplication@4de6eb47
reloadAllAccessors: .Minimum

===========================================================================================
----------------- testing Sat Mar 28 13:43:22 UTC 2020 /home/travis/build/icyphy/ptII/ptolemy/actor/lib/test/auto/MinimumComplex.xml
----------------- Instantiating /home/travis/build/icyphy/ptII/ptolemy/actor/lib/test/auto/MinimumComplex.xml
3 ms. Memory: 468992K Free: 365964K (78%)
----------------- Invoking toplevel() on ptolemy.moml.MoMLSimpleApplication@7e18d084
----------------- Done invoking toplevel() on ptolemy.moml.MoMLSimpleApplication@7e18d084
reloadAllAccessors: .MinimumComplex

===========================================================================================
----------------- testing Sat Mar 28 13:43:22 UTC 2020 /home/travis/build/icyphy/ptII/ptolemy/actor/lib/test/auto/MinimumMultiports.xml
----------------- Instantiating /home/travis/build/icyphy/ptII/ptolemy/actor/lib/test/auto/MinimumMultiports.xml
3 ms. Memory: 468992K Free: 357277K (76%)
----------------- Invoking toplevel() on ptolemy.moml.MoMLSimpleApplication@6dbe0d74
----------------- Done invoking toplevel() on ptolemy.moml.MoMLSimpleApplication@6dbe0d74
reloadAllAccessors: .MinimumMultiports

===========================================================================================
----------------- testing Sat Mar 28 13:43:22 UTC 2020 /home/travis/build/icyphy/ptII/ptolemy/actor/lib/test/auto/ModifyDate.xml
----------------- Instantiating /home/travis/build/icyphy/ptII/ptolemy/actor/lib/test/auto/ModifyDate.xml
5 ms. Memory: 468992K Free: 344475K (73%)
----------------- Invoking toplevel() on ptolemy.moml.MoMLSimpleApplication@52edff6d
----------------- Done invoking toplevel() on ptolemy.moml.MoMLSimpleApplication@52edff6d
reloadAllAccessors: .ModifyDate

===========================================================================================
----------------- testing Sat Mar 28 13:43:22 UTC 2020 /home/travis/build/icyphy/ptII/ptolemy/actor/lib/test/auto/ModifyDate2.xml
----------------- Instantiating /home/travis/build/icyphy/ptII/ptolemy/actor/lib/test/auto/ModifyDate2.xml
2 ms. Memory: 468992K Free: 335773K (72%)
----------------- Invoking toplevel() on ptolemy.moml.MoMLSimpleApplication@67e4f780
----------------- Done invoking toplevel() on ptolemy.moml.MoMLSimpleApplication@67e4f780
reloadAllAccessors: .ModifyDate2

===========================================================================================
----------------- testing Sat Mar 28 13:43:22 UTC 2020 /home/travis/build/icyphy/ptII/ptolemy/actor/lib/test/auto/MovingAverage.xml
----------------- Instantiating /home/travis/build/icyphy/ptII/ptolemy/actor/lib/test/auto/MovingAverage.xml
1 ms. Memory: 468992K Free: 330653K (71%)
----------------- Invoking toplevel() on ptolemy.moml.MoMLSimpleApplication@4167f153
----------------- Done invoking toplevel() on ptolemy.moml.MoMLSimpleApplication@4167f153
reloadAllAccessors: .MovingAverage

===========================================================================================
----------------- testing Sat Mar 28 13:43:22 UTC 2020 /home/travis/build/icyphy/ptII/ptolemy/actor/lib/test/auto/MovingMaximum.xml
----------------- Instantiating /home/travis/build/icyphy/ptII/ptolemy/actor/lib/test/auto/MovingMaximum.xml
1 ms. Memory: 468992K Free: 326043K (70%)
----------------- Invoking toplevel() on ptolemy.moml.MoMLSimpleApplication@46354b08
----------------- Done invoking toplevel() on ptolemy.moml.MoMLSimpleApplication@46354b08
reloadAllAccessors: .MovingMaximum

===========================================================================================
----------------- testing Sat Mar 28 13:43:22 UTC 2020 /home/travis/build/icyphy/ptII/ptolemy/actor/lib/test/auto/MultipleLinksToSameRelation.xml
----------------- Instantiating /home/travis/build/icyphy/ptII/ptolemy/actor/lib/test/auto/MultipleLinksToSameRelation.xml
2 ms. Memory: 468992K Free: 321947K (69%)
----------------- Invoking toplevel() on ptolemy.moml.MoMLSimpleApplication@76037518
----------------- Done invoking toplevel() on ptolemy.moml.MoMLSimpleApplication@76037518
reloadAllAccessors: .MultipleLinksToSameRelation

===========================================================================================
----------------- testing Sat Mar 28 13:43:22 UTC 2020 /home/travis/build/icyphy/ptII/ptolemy/actor/lib/test/auto/MultipleLinksToSameRelationDE.xml
----------------- Instantiating /home/travis/build/icyphy/ptII/ptolemy/actor/lib/test/auto/MultipleLinksToSameRelationDE.xml
1 ms. Memory: 468992K Free: 317341K (68%)
----------------- Invoking toplevel() on ptolemy.moml.MoMLSimpleApplication@4e5fec8b
----------------- Done invoking toplevel() on ptolemy.moml.MoMLSimpleApplication@4e5fec8b
reloadAllAccessors: .MultipleLinksToSameRelationDE

===========================================================================================
----------------- testing Sat Mar 28 13:43:22 UTC 2020 /home/travis/build/icyphy/ptII/ptolemy/actor/lib/test/auto/Multiplexor.xml
----------------- Instantiating /home/travis/build/icyphy/ptII/ptolemy/actor/lib/test/auto/Multiplexor.xml
2 ms. Memory: 468992K Free: 311707K (66%)
----------------- Invoking toplevel() on ptolemy.moml.MoMLSimpleApplication@15bfcb48
----------------- Done invoking toplevel() on ptolemy.moml.MoMLSimpleApplication@15bfcb48
reloadAllAccessors: .Multiplexor

===========================================================================================
----------------- testing Sat Mar 28 13:43:22 UTC 2020 /home/travis/build/icyphy/ptII/ptolemy/actor/lib/test/auto/Multiplexor1.xml
----------------- Instantiating /home/travis/build/icyphy/ptII/ptolemy/actor/lib/test/auto/Multiplexor1.xml
3 ms. Memory: 468992K Free: 306077K (65%)
----------------- Invoking toplevel() on ptolemy.moml.MoMLSimpleApplication@6e51585f
----------------- Done invoking toplevel() on ptolemy.moml.MoMLSimpleApplication@6e51585f
reloadAllAccessors: .Multiplexor1

===========================================================================================
----------------- testing Sat Mar 28 13:43:22 UTC 2020 /home/travis/build/icyphy/ptII/ptolemy/actor/lib/test/auto/Multiplexor2.xml
----------------- Instantiating /home/travis/build/icyphy/ptII/ptolemy/actor/lib/test/auto/Multiplexor2.xml
4 ms. Memory: 468992K Free: 299419K (64%)
----------------- Invoking toplevel() on ptolemy.moml.MoMLSimpleApplication@3e09175a
----------------- Done invoking toplevel() on ptolemy.moml.MoMLSimpleApplication@3e09175a
reloadAllAccessors: .Multiplexor2

===========================================================================================
----------------- testing Sat Mar 28 13:43:22 UTC 2020 /home/travis/build/icyphy/ptII/ptolemy/actor/lib/test/auto/Multiplexor3.xml
----------------- Instantiating /home/travis/build/icyphy/ptII/ptolemy/actor/lib/test/auto/Multiplexor3.xml
2 ms. Memory: 468992K Free: 295323K (63%)
----------------- Invoking toplevel() on ptolemy.moml.MoMLSimpleApplication@6fe6b33b
----------------- Done invoking toplevel() on ptolemy.moml.MoMLSimpleApplication@6fe6b33b
reloadAllAccessors: .Multiplexor3

===========================================================================================
----------------- testing Sat Mar 28 13:43:22 UTC 2020 /home/travis/build/icyphy/ptII/ptolemy/actor/lib/test/auto/MultiplexorDE.xml
----------------- Instantiating /home/travis/build/icyphy/ptII/ptolemy/actor/lib/test/auto/MultiplexorDE.xml
3 ms. Memory: 468992K Free: 287645K (61%)
----------------- Invoking toplevel() on ptolemy.moml.MoMLSimpleApplication@21c85939
----------------- Done invoking toplevel() on ptolemy.moml.MoMLSimpleApplication@21c85939
reloadAllAccessors: .MultiplexorDE

===========================================================================================
----------------- testing Sat Mar 28 13:43:22 UTC 2020 /home/travis/build/icyphy/ptII/ptolemy/actor/lib/test/auto/MultiportBroadcastTest.xml
----------------- Instantiating /home/travis/build/icyphy/ptII/ptolemy/actor/lib/test/auto/MultiportBroadcastTest.xml
80 ms. Memory: 468992K Free: 280980K (60%)
----------------- Invoking toplevel() on ptolemy.moml.MoMLSimpleApplication@39db5dc4
----------------- Done invoking toplevel() on ptolemy.moml.MoMLSimpleApplication@39db5dc4
reloadAllAccessors: .MultiportBroadcastTest

===========================================================================================
----------------- testing Sat Mar 28 13:43:22 UTC 2020 /home/travis/build/icyphy/ptII/ptolemy/actor/lib/test/auto/MultiportOutHangDuringGetWidth.xml
----------------- Instantiating /home/travis/build/icyphy/ptII/ptolemy/actor/lib/test/auto/MultiportOutHangDuringGetWidth.xml
12 ms. Memory: 468992K Free: 268684K (57%)
----------------- Invoking toplevel() on ptolemy.moml.MoMLSimpleApplication@580ffc8e
----------------- Done invoking toplevel() on ptolemy.moml.MoMLSimpleApplication@580ffc8e
reloadAllAccessors: .MultiportOutHangDuringGetWidth

===========================================================================================
----------------- testing Sat Mar 28 13:43:22 UTC 2020 /home/travis/build/icyphy/ptII/ptolemy/actor/lib/test/auto/NilToken.xml
----------------- Instantiating /home/travis/build/icyphy/ptII/ptolemy/actor/lib/test/auto/NilToken.xml
1 ms. Memory: 468992K Free: 264603K (56%)
----------------- Invoking toplevel() on ptolemy.moml.MoMLSimpleApplication@5afcef90
----------------- Done invoking toplevel() on ptolemy.moml.MoMLSimpleApplication@5afcef90
reloadAllAccessors: .NilToken

===========================================================================================
----------------- testing Sat Mar 28 13:43:22 UTC 2020 /home/travis/build/icyphy/ptII/ptolemy/actor/lib/test/auto/NilTokenNonStrictTest.xml
----------------- Instantiating /home/travis/build/icyphy/ptII/ptolemy/actor/lib/test/auto/NilTokenNonStrictTest.xml
2 ms. Memory: 468992K Free: 259483K (55%)
----------------- Invoking toplevel() on ptolemy.moml.MoMLSimpleApplication@7b4302cf
----------------- Done invoking toplevel() on ptolemy.moml.MoMLSimpleApplication@7b4302cf
reloadAllAccessors: .NilTokenNonStrictTest

===========================================================================================
----------------- testing Sat Mar 28 13:43:22 UTC 2020 /home/travis/build/icyphy/ptII/ptolemy/actor/lib/test/auto/NilTokenRecord.xml
----------------- Instantiating /home/travis/build/icyphy/ptII/ptolemy/actor/lib/test/auto/NilTokenRecord.xml
6 ms. Memory: 468992K Free: 252829K (54%)
----------------- Invoking toplevel() on ptolemy.moml.MoMLSimpleApplication@2124bd64
----------------- Done invoking toplevel() on ptolemy.moml.MoMLSimpleApplication@2124bd64
reloadAllAccessors: .NilTokenRecord

===========================================================================================
----------------- testing Sat Mar 28 13:43:22 UTC 2020 /home/travis/build/icyphy/ptII/ptolemy/actor/lib/test/auto/NilTokenTypeTest.xml
----------------- Instantiating /home/travis/build/icyphy/ptII/ptolemy/actor/lib/test/auto/NilTokenTypeTest.xml
4 ms. Memory: 468992K Free: 243099K (52%)
----------------- Invoking toplevel() on ptolemy.moml.MoMLSimpleApplication@1d01ec6f
----------------- Done invoking toplevel() on ptolemy.moml.MoMLSimpleApplication@1d01ec6f
reloadAllAccessors: .NilTokenTypeTest

===========================================================================================
----------------- testing Sat Mar 28 13:43:22 UTC 2020 /home/travis/build/icyphy/ptII/ptolemy/actor/lib/test/auto/ObjectToken1.xml
----------------- Instantiating /home/travis/build/icyphy/ptII/ptolemy/actor/lib/test/auto/ObjectToken1.xml
2 ms. Memory: 468992K Free: 239003K (51%)
----------------- Invoking toplevel() on ptolemy.moml.MoMLSimpleApplication@29742011
----------------- Done invoking toplevel() on ptolemy.moml.MoMLSimpleApplication@29742011
reloadAllAccessors: .ObjectToken1

===========================================================================================
----------------- testing Sat Mar 28 13:43:23 UTC 2020 /home/travis/build/icyphy/ptII/ptolemy/actor/lib/test/auto/OrderedMerge.xml
----------------- Instantiating /home/travis/build/icyphy/ptII/ptolemy/actor/lib/test/auto/OrderedMerge.xml
13 ms. Memory: 468992K Free: 233373K (50%)
----------------- Invoking toplevel() on ptolemy.moml.MoMLSimpleApplication@64ba1ba0
----------------- Done invoking toplevel() on ptolemy.moml.MoMLSimpleApplication@64ba1ba0
reloadAllAccessors: .OrderedMerge

===========================================================================================
----------------- testing Sat Mar 28 13:43:23 UTC 2020 /home/travis/build/icyphy/ptII/ptolemy/actor/lib/test/auto/OrderedRecordDisassembler.xml
----------------- Instantiating /home/travis/build/icyphy/ptII/ptolemy/actor/lib/test/auto/OrderedRecordDisassembler.xml
6 ms. Memory: 468992K Free: 228253K (49%)
----------------- Invoking toplevel() on ptolemy.moml.MoMLSimpleApplication@4b81016e
----------------- Done invoking toplevel() on ptolemy.moml.MoMLSimpleApplication@4b81016e
reloadAllAccessors: .OrderedRecordDisassembler

===========================================================================================
----------------- testing Sat Mar 28 13:43:23 UTC 2020 /home/travis/build/icyphy/ptII/ptolemy/actor/lib/test/auto/OrderedRecordDisassembler2.xml
----------------- Instantiating /home/travis/build/icyphy/ptII/ptolemy/actor/lib/test/auto/OrderedRecordDisassembler2.xml
4 ms. Memory: 468992K Free: 220556K (47%)
----------------- Invoking toplevel() on ptolemy.moml.MoMLSimpleApplication@2fad806d
----------------- Done invoking toplevel() on ptolemy.moml.MoMLSimpleApplication@2fad806d
reloadAllAccessors: .OrderedRecordDisassembler2

===========================================================================================
----------------- testing Sat Mar 28 13:43:23 UTC 2020 /home/travis/build/icyphy/ptII/ptolemy/actor/lib/test/auto/OrderedRecordUpdater.xml
----------------- Instantiating /home/travis/build/icyphy/ptII/ptolemy/actor/lib/test/auto/OrderedRecordUpdater.xml
2 ms. Memory: 468992K Free: 215965K (46%)
----------------- Invoking toplevel() on ptolemy.moml.MoMLSimpleApplication@7092464e
----------------- Done invoking toplevel() on ptolemy.moml.MoMLSimpleApplication@7092464e
reloadAllAccessors: .RecordUpdater

===========================================================================================
----------------- testing Sat Mar 28 13:43:23 UTC 2020 /home/travis/build/icyphy/ptII/ptolemy/actor/lib/test/auto/OrderedRecordUpdater2.xml
----------------- Instantiating /home/travis/build/icyphy/ptII/ptolemy/actor/lib/test/auto/OrderedRecordUpdater2.xml
3 ms. Memory: 468992K Free: 211355K (45%)
----------------- Invoking toplevel() on ptolemy.moml.MoMLSimpleApplication@537e703d
----------------- Done invoking toplevel() on ptolemy.moml.MoMLSimpleApplication@537e703d
reloadAllAccessors: .RecordUpdater2

===========================================================================================
----------------- testing Sat Mar 28 13:43:23 UTC 2020 /home/travis/build/icyphy/ptII/ptolemy/actor/lib/test/auto/PhaseUnwrap.xml
----------------- Instantiating /home/travis/build/icyphy/ptII/ptolemy/actor/lib/test/auto/PhaseUnwrap.xml
2 ms. Memory: 468992K Free: 206749K (44%)
----------------- Invoking toplevel() on ptolemy.moml.MoMLSimpleApplication@123cbf27
----------------- Done invoking toplevel() on ptolemy.moml.MoMLSimpleApplication@123cbf27
reloadAllAccessors: .PhaseUnwrap

===========================================================================================
----------------- testing Sat Mar 28 13:43:23 UTC 2020 /home/travis/build/icyphy/ptII/ptolemy/actor/lib/test/auto/PoissonClock.xml
----------------- Instantiating /home/travis/build/icyphy/ptII/ptolemy/actor/lib/test/auto/PoissonClock.xml
1 ms. Memory: 468992K Free: 202653K (43%)
----------------- Invoking toplevel() on ptolemy.moml.MoMLSimpleApplication@2c6bd73a
----------------- Done invoking toplevel() on ptolemy.moml.MoMLSimpleApplication@2c6bd73a
reloadAllAccessors: .PoissonClock

===========================================================================================
----------------- testing Sat Mar 28 13:43:23 UTC 2020 /home/travis/build/icyphy/ptII/ptolemy/actor/lib/test/auto/PoissonClock2.xml
----------------- Instantiating /home/travis/build/icyphy/ptII/ptolemy/actor/lib/test/auto/PoissonClock2.xml
1 ms. Memory: 468992K Free: 198043K (42%)
----------------- Invoking toplevel() on ptolemy.moml.MoMLSimpleApplication@6b9fa953
----------------- Done invoking toplevel() on ptolemy.moml.MoMLSimpleApplication@6b9fa953
reloadAllAccessors: .PoissonClock2

===========================================================================================
----------------- testing Sat Mar 28 13:43:23 UTC 2020 /home/travis/build/icyphy/ptII/ptolemy/actor/lib/test/auto/PoissonClock3.xml
----------------- Instantiating /home/travis/build/icyphy/ptII/ptolemy/actor/lib/test/auto/PoissonClock3.xml
1 ms. Memory: 468992K Free: 192923K (41%)
----------------- Invoking toplevel() on ptolemy.moml.MoMLSimpleApplication@191c7bc
----------------- Done invoking toplevel() on ptolemy.moml.MoMLSimpleApplication@191c7bc
reloadAllAccessors: .PoissonClock3

===========================================================================================
----------------- testing Sat Mar 28 13:43:23 UTC 2020 /home/travis/build/icyphy/ptII/ptolemy/actor/lib/test/auto/PubSubWithInitialTokens.xml
----------------- Instantiating /home/travis/build/icyphy/ptII/ptolemy/actor/lib/test/auto/PubSubWithInitialTokens.xml
2 ms. Memory: 468992K Free: 187293K (40%)
----------------- Invoking toplevel() on ptolemy.moml.MoMLSimpleApplication@3622b176
----------------- Done invoking toplevel() on ptolemy.moml.MoMLSimpleApplication@3622b176
reloadAllAccessors: .PubSubWithInitialTokens

===========================================================================================
----------------- testing Sat Mar 28 13:43:23 UTC 2020 /home/travis/build/icyphy/ptII/ptolemy/actor/lib/test/auto/PubSubWithInitialTokens2.xml
----------------- Instantiating /home/travis/build/icyphy/ptII/ptolemy/actor/lib/test/auto/PubSubWithInitialTokens2.xml
2 ms. Memory: 468992K Free: 181149K (39%)
----------------- Invoking toplevel() on ptolemy.moml.MoMLSimpleApplication@7f5fb274
----------------- Done invoking toplevel() on ptolemy.moml.MoMLSimpleApplication@7f5fb274
reloadAllAccessors: .PubSubWithInitialTokens2

===========================================================================================
----------------- testing Sat Mar 28 13:43:23 UTC 2020 /home/travis/build/icyphy/ptII/ptolemy/actor/lib/test/auto/PublisherClassNoParameter.xml
----------------- Instantiating /home/travis/build/icyphy/ptII/ptolemy/actor/lib/test/auto/PublisherClassNoParameter.xml
2 ms. Memory: 468992K Free: 171404K (37%)
----------------- Invoking toplevel() on ptolemy.moml.MoMLSimpleApplication@507154ea
----------------- Done invoking toplevel() on ptolemy.moml.MoMLSimpleApplication@507154ea
reloadAllAccessors: .PublisherClassNoParameter

===========================================================================================
----------------- testing Sat Mar 28 13:43:23 UTC 2020 /home/travis/build/icyphy/ptII/ptolemy/actor/lib/test/auto/PublisherClassParameter.xml
----------------- Instantiating /home/travis/build/icyphy/ptII/ptolemy/actor/lib/test/auto/PublisherClassParameter.xml
2 ms. Memory: 468992K Free: 161179K (34%)
----------------- Invoking toplevel() on ptolemy.moml.MoMLSimpleApplication@13c8c56e
----------------- Done invoking toplevel() on ptolemy.moml.MoMLSimpleApplication@13c8c56e
reloadAllAccessors: .PublisherClassParameter

===========================================================================================
----------------- testing Sat Mar 28 13:43:23 UTC 2020 /home/travis/build/icyphy/ptII/ptolemy/actor/lib/test/auto/PublisherNonStrictTest.xml
----------------- Instantiating /home/travis/build/icyphy/ptII/ptolemy/actor/lib/test/auto/PublisherNonStrictTest.xml
4 ms. Memory: 468992K Free: 153501K (33%)
----------------- Invoking toplevel() on ptolemy.moml.MoMLSimpleApplication@41c9aa6f
----------------- Done invoking toplevel() on ptolemy.moml.MoMLSimpleApplication@41c9aa6f
reloadAllAccessors: .PublisherNonStrictTest

===========================================================================================
----------------- testing Sat Mar 28 13:43:23 UTC 2020 /home/travis/build/icyphy/ptII/ptolemy/actor/lib/test/auto/PublisherPort1.xml
----------------- Instantiating /home/travis/build/icyphy/ptII/ptolemy/actor/lib/test/auto/PublisherPort1.xml
2 ms. Memory: 468992K Free: 147852K (32%)
----------------- Invoking toplevel() on ptolemy.moml.MoMLSimpleApplication@5eab70a6
----------------- Done invoking toplevel() on ptolemy.moml.MoMLSimpleApplication@5eab70a6
reloadAllAccessors: .PublisherPort1

===========================================================================================
----------------- testing Sat Mar 28 13:43:23 UTC 2020 /home/travis/build/icyphy/ptII/ptolemy/actor/lib/test/auto/PublisherPort2.xml
----------------- Instantiating /home/travis/build/icyphy/ptII/ptolemy/actor/lib/test/auto/PublisherPort2.xml
1 ms. Memory: 468992K Free: 142747K (30%)
----------------- Invoking toplevel() on ptolemy.moml.MoMLSimpleApplication@3cd5a635
----------------- Done invoking toplevel() on ptolemy.moml.MoMLSimpleApplication@3cd5a635
reloadAllAccessors: .PublisherPort2

===========================================================================================
----------------- testing Sat Mar 28 13:43:23 UTC 2020 /home/travis/build/icyphy/ptII/ptolemy/actor/lib/test/auto/PublisherPort3.xml
----------------- Instantiating /home/travis/build/icyphy/ptII/ptolemy/actor/lib/test/auto/PublisherPort3.xml
11 ms. Memory: 468992K Free: 413655K (88%)
----------------- Invoking toplevel() on ptolemy.moml.MoMLSimpleApplication@1669603d
----------------- Done invoking toplevel() on ptolemy.moml.MoMLSimpleApplication@1669603d
reloadAllAccessors: .PublisherPort3

===========================================================================================
----------------- testing Sat Mar 28 13:43:23 UTC 2020 /home/travis/build/icyphy/ptII/ptolemy/actor/lib/test/auto/PublisherPort4.xml
----------------- Instantiating /home/travis/build/icyphy/ptII/ptolemy/actor/lib/test/auto/PublisherPort4.xml
2 ms. Memory: 468992K Free: 408007K (87%)
----------------- Invoking toplevel() on ptolemy.moml.MoMLSimpleApplication@6a8951fd
----------------- Done invoking toplevel() on ptolemy.moml.MoMLSimpleApplication@6a8951fd
reloadAllAccessors: .PublisherPort4

===========================================================================================
----------------- testing Sat Mar 28 13:43:23 UTC 2020 /home/travis/build/icyphy/ptII/ptolemy/actor/lib/test/auto/PublisherPort5.xml
----------------- Instantiating /home/travis/build/icyphy/ptII/ptolemy/actor/lib/test/auto/PublisherPort5.xml
4 ms. Memory: 468992K Free: 399829K (85%)
----------------- Invoking toplevel() on ptolemy.moml.MoMLSimpleApplication@642e83f4
----------------- Done invoking toplevel() on ptolemy.moml.MoMLSimpleApplication@642e83f4
reloadAllAccessors: .PublisherPort5

===========================================================================================
----------------- testing Sat Mar 28 13:43:23 UTC 2020 /home/travis/build/icyphy/ptII/ptolemy/actor/lib/test/auto/PublisherPort5LookAlike.xml
----------------- Instantiating /home/travis/build/icyphy/ptII/ptolemy/actor/lib/test/auto/PublisherPort5LookAlike.xml
8 ms. Memory: 468992K Free: 392151K (84%)
----------------- Invoking toplevel() on ptolemy.moml.MoMLSimpleApplication@332f9192
----------------- Done invoking toplevel() on ptolemy.moml.MoMLSimpleApplication@332f9192
reloadAllAccessors: .PublisherPort5LookAlike

===========================================================================================
----------------- testing Sat Mar 28 13:43:23 UTC 2020 /home/travis/build/icyphy/ptII/ptolemy/actor/lib/test/auto/PublisherPort6.xml
----------------- Instantiating /home/travis/build/icyphy/ptII/ptolemy/actor/lib/test/auto/PublisherPort6.xml
2 ms. Memory: 468992K Free: 385479K (82%)
----------------- Invoking toplevel() on ptolemy.moml.MoMLSimpleApplication@1df2e1eb
----------------- Done invoking toplevel() on ptolemy.moml.MoMLSimpleApplication@1df2e1eb
reloadAllAccessors: .PublisherPort6

===========================================================================================
----------------- testing Sat Mar 28 13:43:23 UTC 2020 /home/travis/build/icyphy/ptII/ptolemy/actor/lib/test/auto/PublisherPort7.xml
----------------- Instantiating /home/travis/build/icyphy/ptII/ptolemy/actor/lib/test/auto/PublisherPort7.xml
5 ms. Memory: 468992K Free: 377815K (81%)
----------------- Invoking toplevel() on ptolemy.moml.MoMLSimpleApplication@4bf32352
----------------- Done invoking toplevel() on ptolemy.moml.MoMLSimpleApplication@4bf32352
reloadAllAccessors: .PublisherPort7

===========================================================================================
----------------- testing Sat Mar 28 13:43:23 UTC 2020 /home/travis/build/icyphy/ptII/ptolemy/actor/lib/test/auto/PublisherPort8.xml
----------------- Instantiating /home/travis/build/icyphy/ptII/ptolemy/actor/lib/test/auto/PublisherPort8.xml
4 ms. Memory: 468992K Free: 369109K (79%)
----------------- Invoking toplevel() on ptolemy.moml.MoMLSimpleApplication@59c03c31
----------------- Done invoking toplevel() on ptolemy.moml.MoMLSimpleApplication@59c03c31
reloadAllAccessors: .PublisherPort8

===========================================================================================
----------------- testing Sat Mar 28 13:43:23 UTC 2020 /home/travis/build/icyphy/ptII/ptolemy/actor/lib/test/auto/PublisherPortSubscriberChannelVariablesAOC2.xml
----------------- Instantiating /home/travis/build/icyphy/ptII/ptolemy/actor/lib/test/auto/PublisherPortSubscriberChannelVariablesAOC2.xml
4 ms. Memory: 468992K Free: 351701K (75%)
----------------- Invoking toplevel() on ptolemy.moml.MoMLSimpleApplication@4fd3cd15
----------------- Done invoking toplevel() on ptolemy.moml.MoMLSimpleApplication@4fd3cd15
reloadAllAccessors: .PublisherPortSubscriberChannelVariablesAOC2

===========================================================================================
----------------- testing Sat Mar 28 13:43:23 UTC 2020 /home/travis/build/icyphy/ptII/ptolemy/actor/lib/test/auto/PublisherPortSubscriberOpaqueWidthInference.xml
----------------- Instantiating /home/travis/build/icyphy/ptII/ptolemy/actor/lib/test/auto/PublisherPortSubscriberOpaqueWidthInference.xml
4 ms. Memory: 468992K Free: 343495K (73%)
----------------- Invoking toplevel() on ptolemy.moml.MoMLSimpleApplication@724cbe1d
----------------- Done invoking toplevel() on ptolemy.moml.MoMLSimpleApplication@724cbe1d
reloadAllAccessors: .PublisherPortSubscriberOpaqueWidthInference

===========================================================================================
----------------- testing Sat Mar 28 13:43:23 UTC 2020 /home/travis/build/icyphy/ptII/ptolemy/actor/lib/test/auto/PublisherPortSubscriberPortAdjacent.xml
----------------- Instantiating /home/travis/build/icyphy/ptII/ptolemy/actor/lib/test/auto/PublisherPortSubscriberPortAdjacent.xml
2 ms. Memory: 468992K Free: 334807K (71%)
----------------- Invoking toplevel() on ptolemy.moml.MoMLSimpleApplication@32048b26
----------------- Done invoking toplevel() on ptolemy.moml.MoMLSimpleApplication@32048b26
reloadAllAccessors: .PublisherPortSubscriberPortAdjacent

===========================================================================================
----------------- testing Sat Mar 28 13:43:23 UTC 2020 /home/travis/build/icyphy/ptII/ptolemy/actor/lib/test/auto/PublisherPortSubscriberPortExpression.xml
----------------- Instantiating /home/travis/build/icyphy/ptII/ptolemy/actor/lib/test/auto/PublisherPortSubscriberPortExpression.xml
5 ms. Memory: 468992K Free: 327111K (70%)
----------------- Invoking toplevel() on ptolemy.moml.MoMLSimpleApplication@54d2fbcb
----------------- Done invoking toplevel() on ptolemy.moml.MoMLSimpleApplication@54d2fbcb
reloadAllAccessors: .PublisherPortSubscriberPortExpression

===========================================================================================
----------------- testing Sat Mar 28 13:43:23 UTC 2020 /home/travis/build/icyphy/ptII/ptolemy/actor/lib/test/auto/PublisherPortSubscriberPortOpaqueD3Reverse.xml
----------------- Instantiating /home/travis/build/icyphy/ptII/ptolemy/actor/lib/test/auto/PublisherPortSubscriberPortOpaqueD3Reverse.xml
7 ms. Memory: 468992K Free: 316885K (68%)
----------------- Invoking toplevel() on ptolemy.moml.MoMLSimpleApplication@73fa0666
----------------- Done invoking toplevel() on ptolemy.moml.MoMLSimpleApplication@73fa0666
reloadAllAccessors: .PublisherPortSubscriberPortOpaqueD3Reverse

===========================================================================================
----------------- testing Sat Mar 28 13:43:23 UTC 2020 /home/travis/build/icyphy/ptII/ptolemy/actor/lib/test/auto/PublisherPortSubscriberPortOpaqueWidthInference.xml
----------------- Instantiating /home/travis/build/icyphy/ptII/ptolemy/actor/lib/test/auto/PublisherPortSubscriberPortOpaqueWidthInference.xml
4 ms. Memory: 468992K Free: 309207K (66%)
----------------- Invoking toplevel() on ptolemy.moml.MoMLSimpleApplication@1004d2a0
----------------- Done invoking toplevel() on ptolemy.moml.MoMLSimpleApplication@1004d2a0
reloadAllAccessors: .PublisherPortSubscriberPortOpaqueWidthInference

===========================================================================================
----------------- testing Sat Mar 28 13:43:23 UTC 2020 /home/travis/build/icyphy/ptII/ptolemy/actor/lib/test/auto/PublisherPortToplevelSubscriberPortAOC.xml
----------------- Instantiating /home/travis/build/icyphy/ptII/ptolemy/actor/lib/test/auto/PublisherPortToplevelSubscriberPortAOC.xml
.PublisherPortToplevelSubscriberPortAOC.TestExceptionAttribute: initialize() was not invoked, but wrapup() was.  This is unusual, but not always a problem.  For example, exporting JNLP will do this.
1 ms. Memory: 468992K Free: 303063K (65%)
----------------- Invoking toplevel() on ptolemy.moml.MoMLSimpleApplication@676f97e9
----------------- Done invoking toplevel() on ptolemy.moml.MoMLSimpleApplication@676f97e9
reloadAllAccessors: .PublisherPortToplevelSubscriberPortAOC

===========================================================================================
----------------- testing Sat Mar 28 13:43:23 UTC 2020 /home/travis/build/icyphy/ptII/ptolemy/actor/lib/test/auto/PublisherSubscriber.xml
----------------- Instantiating /home/travis/build/icyphy/ptII/ptolemy/actor/lib/test/auto/PublisherSubscriber.xml
3 ms. Memory: 468992K Free: 295895K (63%)
----------------- Invoking toplevel() on ptolemy.moml.MoMLSimpleApplication@37550189
----------------- Done invoking toplevel() on ptolemy.moml.MoMLSimpleApplication@37550189
reloadAllAccessors: .PublisherSubscriber

===========================================================================================
----------------- testing Sat Mar 28 13:43:23 UTC 2020 /home/travis/build/icyphy/ptII/ptolemy/actor/lib/test/auto/PublisherSubscriber10.xml
----------------- Instantiating /home/travis/build/icyphy/ptII/ptolemy/actor/lib/test/auto/PublisherSubscriber10.xml
6 ms. Memory: 468992K Free: 286679K (61%)
----------------- Invoking toplevel() on ptolemy.moml.MoMLSimpleApplication@b0663c4
----------------- Done invoking toplevel() on ptolemy.moml.MoMLSimpleApplication@b0663c4
reloadAllAccessors: .PublisherSubscriber10

===========================================================================================
----------------- testing Sat Mar 28 13:43:23 UTC 2020 /home/travis/build/icyphy/ptII/ptolemy/actor/lib/test/auto/PublisherSubscriber10InitialOutputs.xml
----------------- Instantiating /home/travis/build/icyphy/ptII/ptolemy/actor/lib/test/auto/PublisherSubscriber10InitialOutputs.xml
15 ms. Memory: 468992K Free: 276949K (59%)
----------------- Invoking toplevel() on ptolemy.moml.MoMLSimpleApplication@6360642
----------------- Done invoking toplevel() on ptolemy.moml.MoMLSimpleApplication@6360642
reloadAllAccessors: .PublisherSubscriber10InitialOutputs

===========================================================================================
----------------- testing Sat Mar 28 13:43:23 UTC 2020 /home/travis/build/icyphy/ptII/ptolemy/actor/lib/test/auto/PublisherSubscriber11.xml
----------------- Instantiating /home/travis/build/icyphy/ptII/ptolemy/actor/lib/test/auto/PublisherSubscriber11.xml
3 ms. Memory: 468992K Free: 270295K (58%)
----------------- Invoking toplevel() on ptolemy.moml.MoMLSimpleApplication@6d595d2d
----------------- Done invoking toplevel() on ptolemy.moml.MoMLSimpleApplication@6d595d2d
reloadAllAccessors: .PublisherSubscriber11

===========================================================================================
----------------- testing Sat Mar 28 13:43:23 UTC 2020 /home/travis/build/icyphy/ptII/ptolemy/actor/lib/test/auto/PublisherSubscriber12.xml
----------------- Instantiating /home/travis/build/icyphy/ptII/ptolemy/actor/lib/test/auto/PublisherSubscriber12.xml
4 ms. Memory: 468992K Free: 263127K (56%)
----------------- Invoking toplevel() on ptolemy.moml.MoMLSimpleApplication@3417b372
----------------- Done invoking toplevel() on ptolemy.moml.MoMLSimpleApplication@3417b372
reloadAllAccessors: .PublisherSubscriber12

===========================================================================================
----------------- testing Sat Mar 28 13:43:23 UTC 2020 /home/travis/build/icyphy/ptII/ptolemy/actor/lib/test/auto/PublisherSubscriber13.xml
----------------- Instantiating /home/travis/build/icyphy/ptII/ptolemy/actor/lib/test/auto/PublisherSubscriber13.xml
1 ms. Memory: 468992K Free: 257479K (55%)
----------------- Invoking toplevel() on ptolemy.moml.MoMLSimpleApplication@58ae14cf
----------------- Done invoking toplevel() on ptolemy.moml.MoMLSimpleApplication@58ae14cf
reloadAllAccessors: .PublisherSubscriber13

===========================================================================================
----------------- testing Sat Mar 28 13:43:23 UTC 2020 /home/travis/build/icyphy/ptII/ptolemy/actor/lib/test/auto/PublisherSubscriber14.xml
----------------- Instantiating /home/travis/build/icyphy/ptII/ptolemy/actor/lib/test/auto/PublisherSubscriber14.xml
2 ms. Memory: 468992K Free: 248791K (53%)
----------------- Invoking toplevel() on ptolemy.moml.MoMLSimpleApplication@7c3e7099
----------------- Done invoking toplevel() on ptolemy.moml.MoMLSimpleApplication@7c3e7099
reloadAllAccessors: .PublisherSubscriber14

===========================================================================================
----------------- testing Sat Mar 28 13:43:23 UTC 2020 /home/travis/build/icyphy/ptII/ptolemy/actor/lib/test/auto/PublisherSubscriber2.xml
----------------- Instantiating /home/travis/build/icyphy/ptII/ptolemy/actor/lib/test/auto/PublisherSubscriber2.xml
5 ms. Memory: 468992K Free: 243143K (52%)
----------------- Invoking toplevel() on ptolemy.moml.MoMLSimpleApplication@22ee86fc
----------------- Done invoking toplevel() on ptolemy.moml.MoMLSimpleApplication@22ee86fc
reloadAllAccessors: .PublisherSubscriber2

===========================================================================================
----------------- testing Sat Mar 28 13:43:23 UTC 2020 /home/travis/build/icyphy/ptII/ptolemy/actor/lib/test/auto/PublisherSubscriber3.xml
----------------- Instantiating /home/travis/build/icyphy/ptII/ptolemy/actor/lib/test/auto/PublisherSubscriber3.xml
2 ms. Memory: 468992K Free: 236999K (51%)
----------------- Invoking toplevel() on ptolemy.moml.MoMLSimpleApplication@7fb16956
----------------- Done invoking toplevel() on ptolemy.moml.MoMLSimpleApplication@7fb16956
reloadAllAccessors: .PublisherSubscriber3

===========================================================================================
----------------- testing Sat Mar 28 13:43:23 UTC 2020 /home/travis/build/icyphy/ptII/ptolemy/actor/lib/test/auto/PublisherSubscriber4.xml
----------------- Instantiating /home/travis/build/icyphy/ptII/ptolemy/actor/lib/test/auto/PublisherSubscriber4.xml
2 ms. Memory: 468992K Free: 231383K (49%)
----------------- Invoking toplevel() on ptolemy.moml.MoMLSimpleApplication@327a6df1
----------------- Done invoking toplevel() on ptolemy.moml.MoMLSimpleApplication@327a6df1
reloadAllAccessors: .PublisherSubscriber4

===========================================================================================
----------------- testing Sat Mar 28 13:43:23 UTC 2020 /home/travis/build/icyphy/ptII/ptolemy/actor/lib/test/auto/PublisherSubscriber5.xml
----------------- Instantiating /home/travis/build/icyphy/ptII/ptolemy/actor/lib/test/auto/PublisherSubscriber5.xml
2 ms. Memory: 468992K Free: 224215K (48%)
----------------- Invoking toplevel() on ptolemy.moml.MoMLSimpleApplication@556efc76
----------------- Done invoking toplevel() on ptolemy.moml.MoMLSimpleApplication@556efc76
reloadAllAccessors: .PublisherSubscriber5

===========================================================================================
----------------- testing Sat Mar 28 13:43:23 UTC 2020 /home/travis/build/icyphy/ptII/ptolemy/actor/lib/test/auto/PublisherSubscriber6.xml
----------------- Instantiating /home/travis/build/icyphy/ptII/ptolemy/actor/lib/test/auto/PublisherSubscriber6.xml
4 ms. Memory: 468992K Free: 217557K (46%)
----------------- Invoking toplevel() on ptolemy.moml.MoMLSimpleApplication@4c0ccc86
----------------- Done invoking toplevel() on ptolemy.moml.MoMLSimpleApplication@4c0ccc86
reloadAllAccessors: .PublisherSubscriber6

===========================================================================================
----------------- testing Sat Mar 28 13:43:23 UTC 2020 /home/travis/build/icyphy/ptII/ptolemy/actor/lib/test/auto/PublisherSubscriber7.xml
----------------- Instantiating /home/travis/build/icyphy/ptII/ptolemy/actor/lib/test/auto/PublisherSubscriber7.xml
6 ms. Memory: 468992K Free: 210903K (45%)
----------------- Invoking toplevel() on ptolemy.moml.MoMLSimpleApplication@5eed176b
----------------- Done invoking toplevel() on ptolemy.moml.MoMLSimpleApplication@5eed176b
reloadAllAccessors: .PublisherSubscriber7

===========================================================================================
----------------- testing Sat Mar 28 13:43:23 UTC 2020 /home/travis/build/icyphy/ptII/ptolemy/actor/lib/test/auto/PublisherSubscriber8.xml
----------------- Instantiating /home/travis/build/icyphy/ptII/ptolemy/actor/lib/test/auto/PublisherSubscriber8.xml
16 ms. Memory: 468992K Free: 199125K (42%)
----------------- Invoking toplevel() on ptolemy.moml.MoMLSimpleApplication@2b422cd1
----------------- Done invoking toplevel() on ptolemy.moml.MoMLSimpleApplication@2b422cd1
reloadAllAccessors: .PublisherSubscriber8

===========================================================================================
----------------- testing Sat Mar 28 13:43:23 UTC 2020 /home/travis/build/icyphy/ptII/ptolemy/actor/lib/test/auto/PublisherSubscriber9.xml
----------------- Instantiating /home/travis/build/icyphy/ptII/ptolemy/actor/lib/test/auto/PublisherSubscriber9.xml
3 ms. Memory: 468992K Free: 191447K (41%)
----------------- Invoking toplevel() on ptolemy.moml.MoMLSimpleApplication@50fea5ea
----------------- Done invoking toplevel() on ptolemy.moml.MoMLSimpleApplication@50fea5ea
reloadAllAccessors: .PublisherSubscriber9

===========================================================================================
----------------- testing Sat Mar 28 13:43:24 UTC 2020 /home/travis/build/icyphy/ptII/ptolemy/actor/lib/test/auto/PublisherSubscriberAdjacent.xml
----------------- Instantiating /home/travis/build/icyphy/ptII/ptolemy/actor/lib/test/auto/PublisherSubscriberAdjacent.xml
2 ms. Memory: 468992K Free: 183255K (39%)
----------------- Invoking toplevel() on ptolemy.moml.MoMLSimpleApplication@208791aa
----------------- Done invoking toplevel() on ptolemy.moml.MoMLSimpleApplication@208791aa
reloadAllAccessors: .PublisherSubscriberAdjacent

===========================================================================================
----------------- testing Sat Mar 28 13:43:24 UTC 2020 /home/travis/build/icyphy/ptII/ptolemy/actor/lib/test/auto/PublisherSubscriberChannelVariablesAOC2.xml
----------------- Instantiating /home/travis/build/icyphy/ptII/ptolemy/actor/lib/test/auto/PublisherSubscriberChannelVariablesAOC2.xml
2 ms. Memory: 468992K Free: 168391K (36%)
----------------- Invoking toplevel() on ptolemy.moml.MoMLSimpleApplication@6a35a3c6
----------------- Done invoking toplevel() on ptolemy.moml.MoMLSimpleApplication@6a35a3c6
reloadAllAccessors: .PublisherSubscriberChannelVariablesAOC2

===========================================================================================
----------------- testing Sat Mar 28 13:43:24 UTC 2020 /home/travis/build/icyphy/ptII/ptolemy/actor/lib/test/auto/PublisherSubscriberD3.xml
----------------- Instantiating /home/travis/build/icyphy/ptII/ptolemy/actor/lib/test/auto/PublisherSubscriberD3.xml
2 ms. Memory: 468992K Free: 161237K (34%)
----------------- Invoking toplevel() on ptolemy.moml.MoMLSimpleApplication@67770d1e
----------------- Done invoking toplevel() on ptolemy.moml.MoMLSimpleApplication@67770d1e
reloadAllAccessors: .PublisherSubscriberD3

===========================================================================================
----------------- testing Sat Mar 28 13:43:24 UTC 2020 /home/travis/build/icyphy/ptII/ptolemy/actor/lib/test/auto/PublisherSubscriberD3Reverse.xml
----------------- Instantiating /home/travis/build/icyphy/ptII/ptolemy/actor/lib/test/auto/PublisherSubscriberD3Reverse.xml
1 ms. Memory: 468992K Free: 155093K (33%)
----------------- Invoking toplevel() on ptolemy.moml.MoMLSimpleApplication@5da24c5d
----------------- Done invoking toplevel() on ptolemy.moml.MoMLSimpleApplication@5da24c5d
reloadAllAccessors: .PublisherSubscriberD3Reverse

===========================================================================================
----------------- testing Sat Mar 28 13:43:24 UTC 2020 /home/travis/build/icyphy/ptII/ptolemy/actor/lib/test/auto/PublisherSubscriberExpression.xml
----------------- Instantiating /home/travis/build/icyphy/ptII/ptolemy/actor/lib/test/auto/PublisherSubscriberExpression.xml
3 ms. Memory: 468992K Free: 145863K (31%)
----------------- Invoking toplevel() on ptolemy.moml.MoMLSimpleApplication@60632849
----------------- Done invoking toplevel() on ptolemy.moml.MoMLSimpleApplication@60632849
reloadAllAccessors: .PublisherSubscriberExpression

===========================================================================================
----------------- testing Sat Mar 28 13:43:24 UTC 2020 /home/travis/build/icyphy/ptII/ptolemy/actor/lib/test/auto/PublisherSubscriberOpaque.xml
----------------- Instantiating /home/travis/build/icyphy/ptII/ptolemy/actor/lib/test/auto/PublisherSubscriberOpaque.xml
4 ms. Memory: 468992K Free: 414598K (88%)
----------------- Invoking toplevel() on ptolemy.moml.MoMLSimpleApplication@65e50378
----------------- Done invoking toplevel() on ptolemy.moml.MoMLSimpleApplication@65e50378
reloadAllAccessors: .PublisherSubscriberOpaque

===========================================================================================
----------------- testing Sat Mar 28 13:43:24 UTC 2020 /home/travis/build/icyphy/ptII/ptolemy/actor/lib/test/auto/PublisherSubscriberOpaqueD3.xml
----------------- Instantiating /home/travis/build/icyphy/ptII/ptolemy/actor/lib/test/auto/PublisherSubscriberOpaqueD3.xml
6 ms. Memory: 468992K Free: 402310K (86%)
----------------- Invoking toplevel() on ptolemy.moml.MoMLSimpleApplication@474a5a42
----------------- Done invoking toplevel() on ptolemy.moml.MoMLSimpleApplication@474a5a42
reloadAllAccessors: .PublisherSubscriberOpaqueD3

===========================================================================================
----------------- testing Sat Mar 28 13:43:24 UTC 2020 /home/travis/build/icyphy/ptII/ptolemy/actor/lib/test/auto/PublisherSubscriberOpaqueD3Reverse.xml
----------------- Instantiating /home/travis/build/icyphy/ptII/ptolemy/actor/lib/test/auto/PublisherSubscriberOpaqueD3Reverse.xml
9 ms. Memory: 468992K Free: 391560K (83%)
----------------- Invoking toplevel() on ptolemy.moml.MoMLSimpleApplication@779dbcb9
----------------- Done invoking toplevel() on ptolemy.moml.MoMLSimpleApplication@779dbcb9
reloadAllAccessors: .PublisherSubscriberOpaqueD3Reverse

===========================================================================================
----------------- testing Sat Mar 28 13:43:24 UTC 2020 /home/travis/build/icyphy/ptII/ptolemy/actor/lib/test/auto/PublisherSubscriberOpaqueWidthInference.xml
----------------- Instantiating /home/travis/build/icyphy/ptII/ptolemy/actor/lib/test/auto/PublisherSubscriberOpaqueWidthInference.xml
6 ms. Memory: 468992K Free: 383368K (82%)
----------------- Invoking toplevel() on ptolemy.moml.MoMLSimpleApplication@797be407
----------------- Done invoking toplevel() on ptolemy.moml.MoMLSimpleApplication@797be407
reloadAllAccessors: .PublisherSubscriberOpaqueWidthInference

===========================================================================================
----------------- testing Sat Mar 28 13:43:24 UTC 2020 /home/travis/build/icyphy/ptII/ptolemy/actor/lib/test/auto/PublisherTestSubscriber.xml
----------------- Instantiating /home/travis/build/icyphy/ptII/ptolemy/actor/lib/test/auto/PublisherTestSubscriber.xml
3 ms. Memory: 468992K Free: 375680K (80%)
----------------- Invoking toplevel() on ptolemy.moml.MoMLSimpleApplication@1a93e36d
----------------- Done invoking toplevel() on ptolemy.moml.MoMLSimpleApplication@1a93e36d
reloadAllAccessors: .PublisherTestSubscriber

===========================================================================================
----------------- testing Sat Mar 28 13:43:24 UTC 2020 /home/travis/build/icyphy/ptII/ptolemy/actor/lib/test/auto/PublisherToplevelSubscriberPortAOC.xml
----------------- Instantiating /home/travis/build/icyphy/ptII/ptolemy/actor/lib/test/auto/PublisherToplevelSubscriberPortAOC.xml
6 ms. Memory: 468992K Free: 369032K (79%)
----------------- Invoking toplevel() on ptolemy.moml.MoMLSimpleApplication@39e3bc54
----------------- Done invoking toplevel() on ptolemy.moml.MoMLSimpleApplication@39e3bc54
reloadAllAccessors: .PublisherToplevelSubscriberPortAOC

===========================================================================================
----------------- testing Sat Mar 28 13:43:24 UTC 2020 /home/travis/build/icyphy/ptII/ptolemy/actor/lib/test/auto/PulseFiringLimitDE.xml
----------------- Instantiating /home/travis/build/icyphy/ptII/ptolemy/actor/lib/test/auto/PulseFiringLimitDE.xml
3 ms. Memory: 468992K Free: 362888K (77%)
----------------- Invoking toplevel() on ptolemy.moml.MoMLSimpleApplication@155af131
----------------- Done invoking toplevel() on ptolemy.moml.MoMLSimpleApplication@155af131
reloadAllAccessors: .PulseFiringLimitDE

===========================================================================================
----------------- testing Sat Mar 28 13:43:24 UTC 2020 /home/travis/build/icyphy/ptII/ptolemy/actor/lib/test/auto/Ramp1.xml
----------------- Instantiating /home/travis/build/icyphy/ptII/ptolemy/actor/lib/test/auto/Ramp1.xml
1 ms. Memory: 468992K Free: 358264K (76%)
----------------- Invoking toplevel() on ptolemy.moml.MoMLSimpleApplication@4a5e3407
----------------- Done invoking toplevel() on ptolemy.moml.MoMLSimpleApplication@4a5e3407
reloadAllAccessors: .Ramp1

===========================================================================================
----------------- testing Sat Mar 28 13:43:24 UTC 2020 /home/travis/build/icyphy/ptII/ptolemy/actor/lib/test/auto/RampFiringLimitDE.xml
----------------- Instantiating /home/travis/build/icyphy/ptII/ptolemy/actor/lib/test/auto/RampFiringLimitDE.xml
2 ms. Memory: 468992K Free: 352120K (75%)
----------------- Invoking toplevel() on ptolemy.moml.MoMLSimpleApplication@3c4c3198
----------------- Done invoking toplevel() on ptolemy.moml.MoMLSimpleApplication@3c4c3198
reloadAllAccessors: .RampFiringLimitDE

===========================================================================================
----------------- testing Sat Mar 28 13:43:24 UTC 2020 /home/travis/build/icyphy/ptII/ptolemy/actor/lib/test/auto/RampFiringLimitSDF.xml
----------------- Instantiating /home/travis/build/icyphy/ptII/ptolemy/actor/lib/test/auto/RampFiringLimitSDF.xml
3 ms. Memory: 468992K Free: 347000K (74%)
----------------- Invoking toplevel() on ptolemy.moml.MoMLSimpleApplication@d246b87
----------------- Done invoking toplevel() on ptolemy.moml.MoMLSimpleApplication@d246b87
reloadAllAccessors: .RampFiringLimitSDF

===========================================================================================
----------------- testing Sat Mar 28 13:43:24 UTC 2020 /home/travis/build/icyphy/ptII/ptolemy/actor/lib/test/auto/RandomInteger.xml
----------------- Instantiating /home/travis/build/icyphy/ptII/ptolemy/actor/lib/test/auto/RandomInteger.xml
1 ms. Memory: 468992K Free: 342408K (73%)
----------------- Invoking toplevel() on ptolemy.moml.MoMLSimpleApplication@1e346b60
----------------- Done invoking toplevel() on ptolemy.moml.MoMLSimpleApplication@1e346b60
reloadAllAccessors: .RandomInteger

===========================================================================================
----------------- testing Sat Mar 28 13:43:24 UTC 2020 /home/travis/build/icyphy/ptII/ptolemy/actor/lib/test/auto/ReadFile1.xml
----------------- Instantiating /home/travis/build/icyphy/ptII/ptolemy/actor/lib/test/auto/ReadFile1.xml
1 ms. Memory: 468992K Free: 337792K (72%)
----------------- Invoking toplevel() on ptolemy.moml.MoMLSimpleApplication@60b60db1
----------------- Done invoking toplevel() on ptolemy.moml.MoMLSimpleApplication@60b60db1
reloadAllAccessors: .ReadFile1

===========================================================================================
----------------- testing Sat Mar 28 13:43:24 UTC 2020 /home/travis/build/icyphy/ptII/ptolemy/actor/lib/test/auto/ReadFile2.xml
----------------- Instantiating /home/travis/build/icyphy/ptII/ptolemy/actor/lib/test/auto/ReadFile2.xml
1 ms. Memory: 468992K Free: 333702K (71%)
----------------- Invoking toplevel() on ptolemy.moml.MoMLSimpleApplication@1f6b93a9
----------------- Done invoking toplevel() on ptolemy.moml.MoMLSimpleApplication@1f6b93a9
reloadAllAccessors: .ReadFile2

===========================================================================================
----------------- testing Sat Mar 28 13:43:24 UTC 2020 /home/travis/build/icyphy/ptII/ptolemy/actor/lib/test/auto/Reader.xml
----------------- Instantiating /home/travis/build/icyphy/ptII/ptolemy/actor/lib/test/auto/Reader.xml
actor.lib.Reader is obsolete, use actor.lib.io.ExpressionReader instead
5 ms. Memory: 468992K Free: 329606K (70%)
----------------- Invoking toplevel() on ptolemy.moml.MoMLSimpleApplication@437b84c8
----------------- Done invoking toplevel() on ptolemy.moml.MoMLSimpleApplication@437b84c8
reloadAllAccessors: .Reader

===========================================================================================
----------------- testing Sat Mar 28 13:43:24 UTC 2020 /home/travis/build/icyphy/ptII/ptolemy/actor/lib/test/auto/RecordAssemblerDisplayNameTest.xml
----------------- Instantiating /home/travis/build/icyphy/ptII/ptolemy/actor/lib/test/auto/RecordAssemblerDisplayNameTest.xml
3103 ms. Memory: 468992K Free: 231046K (49%)
----------------- Invoking toplevel() on ptolemy.moml.MoMLSimpleApplication@29917a8c
----------------- Done invoking toplevel() on ptolemy.moml.MoMLSimpleApplication@29917a8c
reloadAllAccessors: .RecordAssemblerDisplayNameTest

===========================================================================================
----------------- testing Sat Mar 28 13:43:27 UTC 2020 /home/travis/build/icyphy/ptII/ptolemy/actor/lib/test/auto/RecordAssemblerTypeError.xml
----------------- Instantiating /home/travis/build/icyphy/ptII/ptolemy/actor/lib/test/auto/RecordAssemblerTypeError.xml
21 ms. Memory: 468992K Free: 221316K (47%)
----------------- Invoking toplevel() on ptolemy.moml.MoMLSimpleApplication@7ddac780
----------------- Done invoking toplevel() on ptolemy.moml.MoMLSimpleApplication@7ddac780
reloadAllAccessors: .RecordAssemblerTypeError

===========================================================================================
----------------- testing Sat Mar 28 13:43:27 UTC 2020 /home/travis/build/icyphy/ptII/ptolemy/actor/lib/test/auto/RecordDisassember.xml
----------------- Instantiating /home/travis/build/icyphy/ptII/ptolemy/actor/lib/test/auto/RecordDisassember.xml
4 ms. Memory: 468992K Free: 216166K (46%)
----------------- Invoking toplevel() on ptolemy.moml.MoMLSimpleApplication@48571537
----------------- Done invoking toplevel() on ptolemy.moml.MoMLSimpleApplication@48571537
reloadAllAccessors: .RecordDisassember

===========================================================================================
----------------- testing Sat Mar 28 13:43:27 UTC 2020 /home/travis/build/icyphy/ptII/ptolemy/actor/lib/test/auto/RecordDisassemberDisplayNameTest.xml
----------------- Instantiating /home/travis/build/icyphy/ptII/ptolemy/actor/lib/test/auto/RecordDisassemberDisplayNameTest.xml
10 ms. Memory: 468992K Free: 208518K (44%)
----------------- Invoking toplevel() on ptolemy.moml.MoMLSimpleApplication@781a7dcf
----------------- Done invoking toplevel() on ptolemy.moml.MoMLSimpleApplication@781a7dcf
reloadAllAccessors: .RecordDisassemberDisplayNameTest

===========================================================================================
----------------- testing Sat Mar 28 13:43:27 UTC 2020 /home/travis/build/icyphy/ptII/ptolemy/actor/lib/test/auto/RecordDisassembler.xml
----------------- Instantiating /home/travis/build/icyphy/ptII/ptolemy/actor/lib/test/auto/RecordDisassembler.xml
4 ms. Memory: 468992K Free: 203398K (43%)
----------------- Invoking toplevel() on ptolemy.moml.MoMLSimpleApplication@520f7230
----------------- Done invoking toplevel() on ptolemy.moml.MoMLSimpleApplication@520f7230
reloadAllAccessors: .RecordDisassembler

===========================================================================================
----------------- testing Sat Mar 28 13:43:27 UTC 2020 /home/travis/build/icyphy/ptII/ptolemy/actor/lib/test/auto/RecordDisassembler2.xml
----------------- Instantiating /home/travis/build/icyphy/ptII/ptolemy/actor/lib/test/auto/RecordDisassembler2.xml
4 ms. Memory: 468992K Free: 198278K (42%)
----------------- Invoking toplevel() on ptolemy.moml.MoMLSimpleApplication@b9dc419
----------------- Done invoking toplevel() on ptolemy.moml.MoMLSimpleApplication@b9dc419
reloadAllAccessors: .RecordDisassembler2

===========================================================================================
----------------- testing Sat Mar 28 13:43:27 UTC 2020 /home/travis/build/icyphy/ptII/ptolemy/actor/lib/test/auto/RecordUpdater.xml
----------------- Instantiating /home/travis/build/icyphy/ptII/ptolemy/actor/lib/test/auto/RecordUpdater.xml
2 ms. Memory: 468992K Free: 193158K (41%)
----------------- Invoking toplevel() on ptolemy.moml.MoMLSimpleApplication@25aa3c86
----------------- Done invoking toplevel() on ptolemy.moml.MoMLSimpleApplication@25aa3c86
reloadAllAccessors: .RecordUpdater

===========================================================================================
----------------- testing Sat Mar 28 13:43:27 UTC 2020 /home/travis/build/icyphy/ptII/ptolemy/actor/lib/test/auto/RecordUpdater2.xml
----------------- Instantiating /home/travis/build/icyphy/ptII/ptolemy/actor/lib/test/auto/RecordUpdater2.xml
1 ms. Memory: 468992K Free: 188038K (40%)
----------------- Invoking toplevel() on ptolemy.moml.MoMLSimpleApplication@4da99175
----------------- Done invoking toplevel() on ptolemy.moml.MoMLSimpleApplication@4da99175
reloadAllAccessors: .RecordUpdater2

===========================================================================================
----------------- testing Sat Mar 28 13:43:27 UTC 2020 /home/travis/build/icyphy/ptII/ptolemy/actor/lib/test/auto/RecursiveLattice.xml
----------------- Instantiating /home/travis/build/icyphy/ptII/ptolemy/actor/lib/test/auto/RecursiveLattice.xml
1 ms. Memory: 468992K Free: 183428K (39%)
----------------- Invoking toplevel() on ptolemy.moml.MoMLSimpleApplication@64ce19df
----------------- Done invoking toplevel() on ptolemy.moml.MoMLSimpleApplication@64ce19df
reloadAllAccessors: .RecursiveLattice

===========================================================================================
----------------- testing Sat Mar 28 13:43:27 UTC 2020 /home/travis/build/icyphy/ptII/ptolemy/actor/lib/test/auto/Router.xml
----------------- Instantiating /home/travis/build/icyphy/ptII/ptolemy/actor/lib/test/auto/Router.xml
3004 ms. Memory: 468992K Free: 172678K (37%)
----------------- Invoking toplevel() on ptolemy.moml.MoMLSimpleApplication@5097cb38
----------------- Done invoking toplevel() on ptolemy.moml.MoMLSimpleApplication@5097cb38
reloadAllAccessors: .Router

===========================================================================================
----------------- testing Sat Mar 28 13:43:30 UTC 2020 /home/travis/build/icyphy/ptII/ptolemy/actor/lib/test/auto/Router2.xml
----------------- Instantiating /home/travis/build/icyphy/ptII/ptolemy/actor/lib/test/auto/Router2.xml
3003 ms. Memory: 468992K Free: 161414K (34%)
----------------- Invoking toplevel() on ptolemy.moml.MoMLSimpleApplication@7ced9553
----------------- Done invoking toplevel() on ptolemy.moml.MoMLSimpleApplication@7ced9553
reloadAllAccessors: .Router2

===========================================================================================
----------------- testing Sat Mar 28 13:43:33 UTC 2020 /home/travis/build/icyphy/ptII/ptolemy/actor/lib/test/auto/RunningMaximum.xml
----------------- Instantiating /home/travis/build/icyphy/ptII/ptolemy/actor/lib/test/auto/RunningMaximum.xml
1 ms. Memory: 468992K Free: 156804K (33%)
----------------- Invoking toplevel() on ptolemy.moml.MoMLSimpleApplication@64f290bf
----------------- Done invoking toplevel() on ptolemy.moml.MoMLSimpleApplication@64f290bf
reloadAllAccessors: .RunningMaximum

===========================================================================================
----------------- testing Sat Mar 28 13:43:33 UTC 2020 /home/travis/build/icyphy/ptII/ptolemy/actor/lib/test/auto/RunningMinimum.xml
----------------- Instantiating /home/travis/build/icyphy/ptII/ptolemy/actor/lib/test/auto/RunningMinimum.xml
6 ms. Memory: 468992K Free: 152198K (32%)
----------------- Invoking toplevel() on ptolemy.moml.MoMLSimpleApplication@13ef85a7
----------------- Done invoking toplevel() on ptolemy.moml.MoMLSimpleApplication@13ef85a7
reloadAllAccessors: .RunningMinimum

===========================================================================================
----------------- testing Sat Mar 28 13:43:33 UTC 2020 /home/travis/build/icyphy/ptII/ptolemy/actor/lib/test/auto/Scale.xml
----------------- Instantiating /home/travis/build/icyphy/ptII/ptolemy/actor/lib/test/auto/Scale.xml
2 ms. Memory: 468992K Free: 147588K (31%)
----------------- Invoking toplevel() on ptolemy.moml.MoMLSimpleApplication@1ddb7dff
----------------- Done invoking toplevel() on ptolemy.moml.MoMLSimpleApplication@1ddb7dff
reloadAllAccessors: .Scale

===========================================================================================
----------------- testing Sat Mar 28 13:43:33 UTC 2020 /home/travis/build/icyphy/ptII/ptolemy/actor/lib/test/auto/Scale2.xml
----------------- Instantiating /home/travis/build/icyphy/ptII/ptolemy/actor/lib/test/auto/Scale2.xml
8 ms. Memory: 468992K Free: 419065K (89%)
----------------- Invoking toplevel() on ptolemy.moml.MoMLSimpleApplication@7c36f7f3
----------------- Done invoking toplevel() on ptolemy.moml.MoMLSimpleApplication@7c36f7f3
reloadAllAccessors: .Scale2

===========================================================================================
----------------- testing Sat Mar 28 13:43:33 UTC 2020 /home/travis/build/icyphy/ptII/ptolemy/actor/lib/test/auto/Scale3.xml
----------------- Instantiating /home/travis/build/icyphy/ptII/ptolemy/actor/lib/test/auto/Scale3.xml
7 ms. Memory: 468992K Free: 411897K (88%)
----------------- Invoking toplevel() on ptolemy.moml.MoMLSimpleApplication@55c1168
----------------- Done invoking toplevel() on ptolemy.moml.MoMLSimpleApplication@55c1168
reloadAllAccessors: .Scale3

===========================================================================================
----------------- testing Sat Mar 28 13:43:33 UTC 2020 /home/travis/build/icyphy/ptII/ptolemy/actor/lib/test/auto/ScaleArray.xml
----------------- Instantiating /home/travis/build/icyphy/ptII/ptolemy/actor/lib/test/auto/ScaleArray.xml
3 ms. Memory: 468992K Free: 406777K (87%)
----------------- Invoking toplevel() on ptolemy.moml.MoMLSimpleApplication@152ea60f
----------------- Done invoking toplevel() on ptolemy.moml.MoMLSimpleApplication@152ea60f
reloadAllAccessors: .ScaleArray

===========================================================================================
----------------- testing Sat Mar 28 13:43:33 UTC 2020 /home/travis/build/icyphy/ptII/ptolemy/actor/lib/test/auto/ScaleArray2.xml
----------------- Instantiating /home/travis/build/icyphy/ptII/ptolemy/actor/lib/test/auto/ScaleArray2.xml
1 ms. Memory: 468992K Free: 402171K (86%)
----------------- Invoking toplevel() on ptolemy.moml.MoMLSimpleApplication@2747a0
----------------- Done invoking toplevel() on ptolemy.moml.MoMLSimpleApplication@2747a0
reloadAllAccessors: .ScaleArray2

===========================================================================================
----------------- testing Sat Mar 28 13:43:33 UTC 2020 /home/travis/build/icyphy/ptII/ptolemy/actor/lib/test/auto/ScaleMatrix.xml
----------------- Instantiating /home/travis/build/icyphy/ptII/ptolemy/actor/lib/test/auto/ScaleMatrix.xml
143 ms. Memory: 468992K Free: 387321K (83%)
----------------- Invoking toplevel() on ptolemy.moml.MoMLSimpleApplication@3be5b6e
----------------- Done invoking toplevel() on ptolemy.moml.MoMLSimpleApplication@3be5b6e
reloadAllAccessors: .ScaleMatrix

===========================================================================================
----------------- testing Sat Mar 28 13:43:33 UTC 2020 /home/travis/build/icyphy/ptII/ptolemy/actor/lib/test/auto/Select.xml
----------------- Instantiating /home/travis/build/icyphy/ptII/ptolemy/actor/lib/test/auto/Select.xml
2 ms. Memory: 468992K Free: 381147K (81%)
----------------- Invoking toplevel() on ptolemy.moml.MoMLSimpleApplication@248c9ce3
----------------- Done invoking toplevel() on ptolemy.moml.MoMLSimpleApplication@248c9ce3
reloadAllAccessors: .Select

===========================================================================================
----------------- testing Sat Mar 28 13:43:34 UTC 2020 /home/travis/build/icyphy/ptII/ptolemy/actor/lib/test/auto/Select2.xml
----------------- Instantiating /home/travis/build/icyphy/ptII/ptolemy/actor/lib/test/auto/Select2.xml
1 ms. Memory: 468992K Free: 376057K (80%)
----------------- Invoking toplevel() on ptolemy.moml.MoMLSimpleApplication@10562f66
----------------- Done invoking toplevel() on ptolemy.moml.MoMLSimpleApplication@10562f66
reloadAllAccessors: .Select2

===========================================================================================
----------------- testing Sat Mar 28 13:43:34 UTC 2020 /home/travis/build/icyphy/ptII/ptolemy/actor/lib/test/auto/SequenceToArray2.xml
----------------- Instantiating /home/travis/build/icyphy/ptII/ptolemy/actor/lib/test/auto/SequenceToArray2.xml
121 ms. Memory: 468992K Free: 351995K (75%)
----------------- Invoking toplevel() on ptolemy.moml.MoMLSimpleApplication@7df17bd7
----------------- Done invoking toplevel() on ptolemy.moml.MoMLSimpleApplication@7df17bd7
reloadAllAccessors: .SequenceToArray2

===========================================================================================
----------------- testing Sat Mar 28 13:43:34 UTC 2020 /home/travis/build/icyphy/ptII/ptolemy/actor/lib/test/auto/SequentialClock.xml
----------------- Instantiating /home/travis/build/icyphy/ptII/ptolemy/actor/lib/test/auto/SequentialClock.xml
1 ms. Memory: 468992K Free: 347899K (74%)
----------------- Invoking toplevel() on ptolemy.moml.MoMLSimpleApplication@54188d67
----------------- Done invoking toplevel() on ptolemy.moml.MoMLSimpleApplication@54188d67
reloadAllAccessors: .SequentialClock

===========================================================================================
----------------- testing Sat Mar 28 13:43:34 UTC 2020 /home/travis/build/icyphy/ptII/ptolemy/actor/lib/test/auto/SetVariable.xml
----------------- Instantiating /home/travis/build/icyphy/ptII/ptolemy/actor/lib/test/auto/SetVariable.xml
7 ms. Memory: 468992K Free: 342779K (73%)
----------------- Invoking toplevel() on ptolemy.moml.MoMLSimpleApplication@34730287
----------------- Done invoking toplevel() on ptolemy.moml.MoMLSimpleApplication@34730287
reloadAllAccessors: .SetVariable

===========================================================================================
----------------- testing Sat Mar 28 13:43:34 UTC 2020 /home/travis/build/icyphy/ptII/ptolemy/actor/lib/test/auto/SetVariable2.xml
----------------- Instantiating /home/travis/build/icyphy/ptII/ptolemy/actor/lib/test/auto/SetVariable2.xml
2 ms. Memory: 468992K Free: 337659K (72%)
----------------- Invoking toplevel() on ptolemy.moml.MoMLSimpleApplication@1f93e185
----------------- Done invoking toplevel() on ptolemy.moml.MoMLSimpleApplication@1f93e185
reloadAllAccessors: .SetVariable2

===========================================================================================
----------------- testing Sat Mar 28 13:43:34 UTC 2020 /home/travis/build/icyphy/ptII/ptolemy/actor/lib/test/auto/SetVariable3.xml
----------------- Instantiating /home/travis/build/icyphy/ptII/ptolemy/actor/lib/test/auto/SetVariable3.xml
6 ms. Memory: 468992K Free: 332539K (71%)
----------------- Invoking toplevel() on ptolemy.moml.MoMLSimpleApplication@4af14024
----------------- Done invoking toplevel() on ptolemy.moml.MoMLSimpleApplication@4af14024
reloadAllAccessors: .SetVariable3

===========================================================================================
----------------- testing Sat Mar 28 13:43:34 UTC 2020 /home/travis/build/icyphy/ptII/ptolemy/actor/lib/test/auto/SetVariable4.xml
----------------- Instantiating /home/travis/build/icyphy/ptII/ptolemy/actor/lib/test/auto/SetVariable4.xml
25 ms. Memory: 468992K Free: 321785K (69%)
----------------- Invoking toplevel() on ptolemy.moml.MoMLSimpleApplication@2ab48288
----------------- Done invoking toplevel() on ptolemy.moml.MoMLSimpleApplication@2ab48288
reloadAllAccessors: .SetVariable4

===========================================================================================
----------------- testing Sat Mar 28 13:43:34 UTC 2020 /home/travis/build/icyphy/ptII/ptolemy/actor/lib/test/auto/SetVariable5.xml
----------------- Instantiating /home/travis/build/icyphy/ptII/ptolemy/actor/lib/test/auto/SetVariable5.xml
21 ms. Memory: 468992K Free: 312569K (67%)
----------------- Invoking toplevel() on ptolemy.moml.MoMLSimpleApplication@52c44906
----------------- Done invoking toplevel() on ptolemy.moml.MoMLSimpleApplication@52c44906
reloadAllAccessors: .SetVariable5

===========================================================================================
----------------- testing Sat Mar 28 13:43:34 UTC 2020 /home/travis/build/icyphy/ptII/ptolemy/actor/lib/test/auto/Sinewave.xml
----------------- Instantiating /home/travis/build/icyphy/ptII/ptolemy/actor/lib/test/auto/Sinewave.xml
5 ms. Memory: 468992K Free: 302329K (64%)
----------------- Invoking toplevel() on ptolemy.moml.MoMLSimpleApplication@7a9840ff
----------------- Done invoking toplevel() on ptolemy.moml.MoMLSimpleApplication@7a9840ff
reloadAllAccessors: .Sinewave

===========================================================================================
----------------- testing Sat Mar 28 13:43:34 UTC 2020 /home/travis/build/icyphy/ptII/ptolemy/actor/lib/test/auto/Sinewave2.xml
----------------- Instantiating /home/travis/build/icyphy/ptII/ptolemy/actor/lib/test/auto/Sinewave2.xml
9 ms. Memory: 468992K Free: 293113K (62%)
----------------- Invoking toplevel() on ptolemy.moml.MoMLSimpleApplication@7192b72c
----------------- Done invoking toplevel() on ptolemy.moml.MoMLSimpleApplication@7192b72c
reloadAllAccessors: .Sinewave2

===========================================================================================
----------------- testing Sat Mar 28 13:43:34 UTC 2020 /home/travis/build/icyphy/ptII/ptolemy/actor/lib/test/auto/Sinewave3.xml
----------------- Instantiating /home/travis/build/icyphy/ptII/ptolemy/actor/lib/test/auto/Sinewave3.xml
11 ms. Memory: 468992K Free: 284411K (61%)
----------------- Invoking toplevel() on ptolemy.moml.MoMLSimpleApplication@c7b5de4
----------------- Done invoking toplevel() on ptolemy.moml.MoMLSimpleApplication@c7b5de4
reloadAllAccessors: .Sinewave3

===========================================================================================
----------------- testing Sat Mar 28 13:43:34 UTC 2020 /home/travis/build/icyphy/ptII/ptolemy/actor/lib/test/auto/SingleEvent.xml
----------------- Instantiating /home/travis/build/icyphy/ptII/ptolemy/actor/lib/test/auto/SingleEvent.xml
1 ms. Memory: 468992K Free: 280315K (60%)
----------------- Invoking toplevel() on ptolemy.moml.MoMLSimpleApplication@f3ea039
----------------- Done invoking toplevel() on ptolemy.moml.MoMLSimpleApplication@f3ea039
reloadAllAccessors: .SingleEvent

===========================================================================================
----------------- testing Sat Mar 28 13:43:34 UTC 2020 /home/travis/build/icyphy/ptII/ptolemy/actor/lib/test/auto/Sleep.xml
----------------- Instantiating /home/travis/build/icyphy/ptII/ptolemy/actor/lib/test/auto/Sleep.xml
6003 ms. Memory: 468992K Free: 274651K (59%)
----------------- Invoking toplevel() on ptolemy.moml.MoMLSimpleApplication@4a26eaff
----------------- Done invoking toplevel() on ptolemy.moml.MoMLSimpleApplication@4a26eaff
reloadAllAccessors: .Sleep

===========================================================================================
----------------- testing Sat Mar 28 13:43:40 UTC 2020 /home/travis/build/icyphy/ptII/ptolemy/actor/lib/test/auto/SleepMultipleFire.xml
----------------- Instantiating /home/travis/build/icyphy/ptII/ptolemy/actor/lib/test/auto/SleepMultipleFire.xml
1004 ms. Memory: 468992K Free: 269051K (57%)
----------------- Invoking toplevel() on ptolemy.moml.MoMLSimpleApplication@74b8eddb
----------------- Done invoking toplevel() on ptolemy.moml.MoMLSimpleApplication@74b8eddb
reloadAllAccessors: .SleepMultipleFire

===========================================================================================
----------------- testing Sat Mar 28 13:43:41 UTC 2020 /home/travis/build/icyphy/ptII/ptolemy/actor/lib/test/auto/StopDE.xml
----------------- Instantiating /home/travis/build/icyphy/ptII/ptolemy/actor/lib/test/auto/StopDE.xml
3 ms. Memory: 468992K Free: 263417K (56%)
----------------- Invoking toplevel() on ptolemy.moml.MoMLSimpleApplication@2bbb9555
----------------- Done invoking toplevel() on ptolemy.moml.MoMLSimpleApplication@2bbb9555
reloadAllAccessors: .StopDE

===========================================================================================
----------------- testing Sat Mar 28 13:43:41 UTC 2020 /home/travis/build/icyphy/ptII/ptolemy/actor/lib/test/auto/StopSDF.xml
----------------- Instantiating /home/travis/build/icyphy/ptII/ptolemy/actor/lib/test/auto/StopSDF.xml
3 ms. Memory: 468992K Free: 257787K (55%)
----------------- Invoking toplevel() on ptolemy.moml.MoMLSimpleApplication@7121d51
----------------- Done invoking toplevel() on ptolemy.moml.MoMLSimpleApplication@7121d51
reloadAllAccessors: .StopSDF

===========================================================================================
----------------- testing Sat Mar 28 13:43:41 UTC 2020 /home/travis/build/icyphy/ptII/ptolemy/actor/lib/test/auto/StringConstant.xml
----------------- Instantiating /home/travis/build/icyphy/ptII/ptolemy/actor/lib/test/auto/StringConstant.xml
8 ms. Memory: 468992K Free: 253691K (54%)
----------------- Invoking toplevel() on ptolemy.moml.MoMLSimpleApplication@6b8311e0
----------------- Done invoking toplevel() on ptolemy.moml.MoMLSimpleApplication@6b8311e0
reloadAllAccessors: .StringConstant

===========================================================================================
----------------- testing Sat Mar 28 13:43:41 UTC 2020 /home/travis/build/icyphy/ptII/ptolemy/actor/lib/test/auto/SubscriberPortInitialValues1.xml
----------------- Instantiating /home/travis/build/icyphy/ptII/ptolemy/actor/lib/test/auto/SubscriberPortInitialValues1.xml
11 ms. Memory: 468992K Free: 244985K (52%)
----------------- Invoking toplevel() on ptolemy.moml.MoMLSimpleApplication@49880bf4
----------------- Done invoking toplevel() on ptolemy.moml.MoMLSimpleApplication@49880bf4
reloadAllAccessors: .SubscriberPortInitialValues1

===========================================================================================
----------------- testing Sat Mar 28 13:43:41 UTC 2020 /home/travis/build/icyphy/ptII/ptolemy/actor/lib/test/auto/SubscriberPortInitialValues13.xml
----------------- Instantiating /home/travis/build/icyphy/ptII/ptolemy/actor/lib/test/auto/SubscriberPortInitialValues13.xml
5 ms. Memory: 468992K Free: 231673K (49%)
----------------- Invoking toplevel() on ptolemy.moml.MoMLSimpleApplication@3798ba00
----------------- Done invoking toplevel() on ptolemy.moml.MoMLSimpleApplication@3798ba00
reloadAllAccessors: .SubscriberPortInitialValues13

===========================================================================================
----------------- testing Sat Mar 28 13:43:41 UTC 2020 /home/travis/build/icyphy/ptII/ptolemy/actor/lib/test/auto/SubscriberPortInitialValues14.xml
----------------- Instantiating /home/travis/build/icyphy/ptII/ptolemy/actor/lib/test/auto/SubscriberPortInitialValues14.xml
6 ms. Memory: 468992K Free: 223481K (48%)
----------------- Invoking toplevel() on ptolemy.moml.MoMLSimpleApplication@3ecd85ed
----------------- Done invoking toplevel() on ptolemy.moml.MoMLSimpleApplication@3ecd85ed
reloadAllAccessors: .SubscriberPortInitialValues14

===========================================================================================
----------------- testing Sat Mar 28 13:43:41 UTC 2020 /home/travis/build/icyphy/ptII/ptolemy/actor/lib/test/auto/SubscriberPortInitialValues2.xml
----------------- Instantiating /home/travis/build/icyphy/ptII/ptolemy/actor/lib/test/auto/SubscriberPortInitialValues2.xml
3 ms. Memory: 468992K Free: 215803K (46%)
----------------- Invoking toplevel() on ptolemy.moml.MoMLSimpleApplication@30c95e40
----------------- Done invoking toplevel() on ptolemy.moml.MoMLSimpleApplication@30c95e40
reloadAllAccessors: .SubscriberPortInitialValues2

===========================================================================================
----------------- testing Sat Mar 28 13:43:41 UTC 2020 /home/travis/build/icyphy/ptII/ptolemy/actor/lib/test/auto/SubscriberPortInitialValues3.xml
----------------- Instantiating /home/travis/build/icyphy/ptII/ptolemy/actor/lib/test/auto/SubscriberPortInitialValues3.xml
4 ms. Memory: 468992K Free: 204539K (44%)
----------------- Invoking toplevel() on ptolemy.moml.MoMLSimpleApplication@6098198a
----------------- Done invoking toplevel() on ptolemy.moml.MoMLSimpleApplication@6098198a
reloadAllAccessors: .SubscriberPortInitialValues3

===========================================================================================
----------------- testing Sat Mar 28 13:43:41 UTC 2020 /home/travis/build/icyphy/ptII/ptolemy/actor/lib/test/auto/SubscriptionAggregator.xml
----------------- Instantiating /home/travis/build/icyphy/ptII/ptolemy/actor/lib/test/auto/SubscriptionAggregator.xml
2 ms. Memory: 468992K Free: 197867K (42%)
----------------- Invoking toplevel() on ptolemy.moml.MoMLSimpleApplication@5feee115
----------------- Done invoking toplevel() on ptolemy.moml.MoMLSimpleApplication@5feee115
reloadAllAccessors: .SubscriptionAggregator

===========================================================================================
----------------- testing Sat Mar 28 13:43:41 UTC 2020 /home/travis/build/icyphy/ptII/ptolemy/actor/lib/test/auto/SubscriptionAggregator2.xml
----------------- Instantiating /home/travis/build/icyphy/ptII/ptolemy/actor/lib/test/auto/SubscriptionAggregator2.xml
2 ms. Memory: 468992K Free: 191227K (41%)
----------------- Invoking toplevel() on ptolemy.moml.MoMLSimpleApplication@1dc6e5e9
----------------- Done invoking toplevel() on ptolemy.moml.MoMLSimpleApplication@1dc6e5e9
reloadAllAccessors: .SubscriptionAggregator2

===========================================================================================
----------------- testing Sat Mar 28 13:43:41 UTC 2020 /home/travis/build/icyphy/ptII/ptolemy/actor/lib/test/auto/SubscriptionAggregator3.xml
----------------- Instantiating /home/travis/build/icyphy/ptII/ptolemy/actor/lib/test/auto/SubscriptionAggregator3.xml
3 ms. Memory: 468992K Free: 182011K (39%)
----------------- Invoking toplevel() on ptolemy.moml.MoMLSimpleApplication@61a67f43
----------------- Done invoking toplevel() on ptolemy.moml.MoMLSimpleApplication@61a67f43
reloadAllAccessors: .SubscriptionAggregator3

===========================================================================================
----------------- testing Sat Mar 28 13:43:41 UTC 2020 /home/travis/build/icyphy/ptII/ptolemy/actor/lib/test/auto/SubscriptionAggregatorMultiply.xml
----------------- Instantiating /home/travis/build/icyphy/ptII/ptolemy/actor/lib/test/auto/SubscriptionAggregatorMultiply.xml
12 ms. Memory: 468992K Free: 173299K (37%)
----------------- Invoking toplevel() on ptolemy.moml.MoMLSimpleApplication@3432f8b8
----------------- Done invoking toplevel() on ptolemy.moml.MoMLSimpleApplication@3432f8b8
reloadAllAccessors: .SubscriptionAggregatorMultiply

===========================================================================================
----------------- testing Sat Mar 28 13:43:41 UTC 2020 /home/travis/build/icyphy/ptII/ptolemy/actor/lib/test/auto/SubscriptionAggregatorPortMultiply1.xml
----------------- Instantiating /home/travis/build/icyphy/ptII/ptolemy/actor/lib/test/auto/SubscriptionAggregatorPortMultiply1.xml
3 ms. Memory: 468992K Free: 164603K (35%)
----------------- Invoking toplevel() on ptolemy.moml.MoMLSimpleApplication@558ce240
----------------- Done invoking toplevel() on ptolemy.moml.MoMLSimpleApplication@558ce240
reloadAllAccessors: .SubscriptionAggregatorPortMultiply1

===========================================================================================
----------------- testing Sat Mar 28 13:43:41 UTC 2020 /home/travis/build/icyphy/ptII/ptolemy/actor/lib/test/auto/Switch.xml
----------------- Instantiating /home/travis/build/icyphy/ptII/ptolemy/actor/lib/test/auto/Switch.xml
9 ms. Memory: 468992K Free: 156411K (33%)
----------------- Invoking toplevel() on ptolemy.moml.MoMLSimpleApplication@62422683
----------------- Done invoking toplevel() on ptolemy.moml.MoMLSimpleApplication@62422683
reloadAllAccessors: .Switch

===========================================================================================
----------------- testing Sat Mar 28 13:43:41 UTC 2020 /home/travis/build/icyphy/ptII/ptolemy/actor/lib/test/auto/Switch2.xml
----------------- Instantiating /home/travis/build/icyphy/ptII/ptolemy/actor/lib/test/auto/Switch2.xml
1 ms. Memory: 468992K Free: 151801K (32%)
----------------- Invoking toplevel() on ptolemy.moml.MoMLSimpleApplication@3b02942d
----------------- Done invoking toplevel() on ptolemy.moml.MoMLSimpleApplication@3b02942d
reloadAllAccessors: .Switch2

===========================================================================================
----------------- testing Sat Mar 28 13:43:41 UTC 2020 /home/travis/build/icyphy/ptII/ptolemy/actor/lib/test/auto/SwitchDE.xml
----------------- Instantiating /home/travis/build/icyphy/ptII/ptolemy/actor/lib/test/auto/SwitchDE.xml
3 ms. Memory: 468992K Free: 145147K (31%)
----------------- Invoking toplevel() on ptolemy.moml.MoMLSimpleApplication@49bedd15
----------------- Done invoking toplevel() on ptolemy.moml.MoMLSimpleApplication@49bedd15
reloadAllAccessors: .SwitchDE

===========================================================================================
----------------- testing Sat Mar 28 13:43:41 UTC 2020 /home/travis/build/icyphy/ptII/ptolemy/actor/lib/test/auto/SynchronizerDE.xml
----------------- Instantiating /home/travis/build/icyphy/ptII/ptolemy/actor/lib/test/auto/SynchronizerDE.xml
6 ms. Memory: 468992K Free: 413536K (88%)
----------------- Invoking toplevel() on ptolemy.moml.MoMLSimpleApplication@782f56b2
----------------- Done invoking toplevel() on ptolemy.moml.MoMLSimpleApplication@782f56b2
reloadAllAccessors: .SynchronizerDE

===========================================================================================
----------------- testing Sat Mar 28 13:43:41 UTC 2020 /home/travis/build/icyphy/ptII/ptolemy/actor/lib/test/auto/Test.xml
----------------- Instantiating /home/travis/build/icyphy/ptII/ptolemy/actor/lib/test/auto/Test.xml
2 ms. Memory: 468992K Free: 407872K (87%)
----------------- Invoking toplevel() on ptolemy.moml.MoMLSimpleApplication@204d3830
----------------- Done invoking toplevel() on ptolemy.moml.MoMLSimpleApplication@204d3830
reloadAllAccessors: .Test

===========================================================================================
----------------- testing Sat Mar 28 13:43:41 UTC 2020 /home/travis/build/icyphy/ptII/ptolemy/actor/lib/test/auto/TestExceptionAttribute1.xml
----------------- Instantiating /home/travis/build/icyphy/ptII/ptolemy/actor/lib/test/auto/TestExceptionAttribute1.xml
1 ms. Memory: 468992K Free: 404320K (86%)
----------------- Invoking toplevel() on ptolemy.moml.MoMLSimpleApplication@70d8b394
----------------- Done invoking toplevel() on ptolemy.moml.MoMLSimpleApplication@70d8b394
reloadAllAccessors: .TestExceptionAttribute1

===========================================================================================
----------------- testing Sat Mar 28 13:43:41 UTC 2020 /home/travis/build/icyphy/ptII/ptolemy/actor/lib/test/auto/TestExceptionAttribute2.xml
----------------- Instantiating /home/travis/build/icyphy/ptII/ptolemy/actor/lib/test/auto/TestExceptionAttribute2.xml
1 ms. Memory: 468992K Free: 400224K (85%)
----------------- Invoking toplevel() on ptolemy.moml.MoMLSimpleApplication@21c1c5bc
----------------- Done invoking toplevel() on ptolemy.moml.MoMLSimpleApplication@21c1c5bc
reloadAllAccessors: .TestExceptionAttribute2

===========================================================================================
----------------- testing Sat Mar 28 13:43:41 UTC 2020 /home/travis/build/icyphy/ptII/ptolemy/actor/lib/test/auto/TestExceptionAttribute3.xml
----------------- Instantiating /home/travis/build/icyphy/ptII/ptolemy/actor/lib/test/auto/TestExceptionAttribute3.xml
.TestExceptionAttribute3.TestExceptionAttribute: initialize() was not invoked, but wrapup() was.  This is unusual, but not always a problem.  For example, exporting JNLP will do this.
1 ms. Memory: 468992K Free: 396638K (85%)
----------------- Invoking toplevel() on ptolemy.moml.MoMLSimpleApplication@3f642c6a
----------------- Done invoking toplevel() on ptolemy.moml.MoMLSimpleApplication@3f642c6a
reloadAllAccessors: .TestExceptionAttribute3

===========================================================================================
----------------- testing Sat Mar 28 13:43:41 UTC 2020 /home/travis/build/icyphy/ptII/ptolemy/actor/lib/test/auto/TestExceptionAttribute4.xml
----------------- Instantiating /home/travis/build/icyphy/ptII/ptolemy/actor/lib/test/auto/TestExceptionAttribute4.xml
.TestExceptionAttribute4.TestExceptionAttribute: initialize() was not invoked, but wrapup() was.  This is unusual, but not always a problem.  For example, exporting JNLP will do this.
.TestExceptionAttribute4.TestExceptionAttribute2: initialize() was not invoked, but wrapup() was.  This is unusual, but not always a problem.  For example, exporting JNLP will do this.
0 ms. Memory: 468992K Free: 392542K (84%)
----------------- Invoking toplevel() on ptolemy.moml.MoMLSimpleApplication@25f0c44d
----------------- Done invoking toplevel() on ptolemy.moml.MoMLSimpleApplication@25f0c44d
reloadAllAccessors: .TestExceptionAttribute4

===========================================================================================
----------------- testing Sat Mar 28 13:43:41 UTC 2020 /home/travis/build/icyphy/ptII/ptolemy/actor/lib/test/auto/TestExceptionHandler1.xml
----------------- Instantiating /home/travis/build/icyphy/ptII/ptolemy/actor/lib/test/auto/TestExceptionHandler1.xml
1 ms. Memory: 468992K Free: 388446K (83%)
----------------- Invoking toplevel() on ptolemy.moml.MoMLSimpleApplication@10de6b74
----------------- Done invoking toplevel() on ptolemy.moml.MoMLSimpleApplication@10de6b74
reloadAllAccessors: .TestExceptionHandler1

===========================================================================================
----------------- testing Sat Mar 28 13:43:41 UTC 2020 /home/travis/build/icyphy/ptII/ptolemy/actor/lib/test/auto/TestExceptionHandler2.xml
----------------- Instantiating /home/travis/build/icyphy/ptII/ptolemy/actor/lib/test/auto/TestExceptionHandler2.xml
1 ms. Memory: 468992K Free: 384864K (82%)
----------------- Invoking toplevel() on ptolemy.moml.MoMLSimpleApplication@5c427565
----------------- Done invoking toplevel() on ptolemy.moml.MoMLSimpleApplication@5c427565
reloadAllAccessors: .TestExceptionHandler2

===========================================================================================
----------------- testing Sat Mar 28 13:43:41 UTC 2020 /home/travis/build/icyphy/ptII/ptolemy/actor/lib/test/auto/TestExceptionHandler3.xml
----------------- Instantiating /home/travis/build/icyphy/ptII/ptolemy/actor/lib/test/auto/TestExceptionHandler3.xml
1 ms. Memory: 468992K Free: 380768K (81%)
----------------- Invoking toplevel() on ptolemy.moml.MoMLSimpleApplication@164f42a3
----------------- Done invoking toplevel() on ptolemy.moml.MoMLSimpleApplication@164f42a3
reloadAllAccessors: .TestExceptionHandler3

===========================================================================================
----------------- testing Sat Mar 28 13:43:41 UTC 2020 /home/travis/build/icyphy/ptII/ptolemy/actor/lib/test/auto/TestExceptionHandler4.xml
----------------- Instantiating /home/travis/build/icyphy/ptII/ptolemy/actor/lib/test/auto/TestExceptionHandler4.xml
0 ms. Memory: 468992K Free: 376672K (80%)
----------------- Invoking toplevel() on ptolemy.moml.MoMLSimpleApplication@31765be3
----------------- Done invoking toplevel() on ptolemy.moml.MoMLSimpleApplication@31765be3
reloadAllAccessors: .TestExceptionHandler4

===========================================================================================
----------------- testing Sat Mar 28 13:43:41 UTC 2020 /home/travis/build/icyphy/ptII/ptolemy/actor/lib/test/auto/TestRequireCorrectOrder.xml
----------------- Instantiating /home/travis/build/icyphy/ptII/ptolemy/actor/lib/test/auto/TestRequireCorrectOrder.xml
6 ms. Memory: 468992K Free: 371552K (79%)
----------------- Invoking toplevel() on ptolemy.moml.MoMLSimpleApplication@1d1edba3
----------------- Done invoking toplevel() on ptolemy.moml.MoMLSimpleApplication@1d1edba3
reloadAllAccessors: .TestRequireCorrectOrder

===========================================================================================
----------------- testing Sat Mar 28 13:43:41 UTC 2020 /home/travis/build/icyphy/ptII/ptolemy/actor/lib/test/auto/TestSimple.xml
----------------- Instantiating /home/travis/build/icyphy/ptII/ptolemy/actor/lib/test/auto/TestSimple.xml
1 ms. Memory: 468992K Free: 366432K (78%)
----------------- Invoking toplevel() on ptolemy.moml.MoMLSimpleApplication@315559de
----------------- Done invoking toplevel() on ptolemy.moml.MoMLSimpleApplication@315559de
reloadAllAccessors: .TestSimple

===========================================================================================
----------------- testing Sat Mar 28 13:43:41 UTC 2020 /home/travis/build/icyphy/ptII/ptolemy/actor/lib/test/auto/ThrowModelError.xml
----------------- Instantiating /home/travis/build/icyphy/ptII/ptolemy/actor/lib/test/auto/ThrowModelError.xml
1 ms. Memory: 468992K Free: 361822K (77%)
----------------- Invoking toplevel() on ptolemy.moml.MoMLSimpleApplication@358a0aa4
----------------- Done invoking toplevel() on ptolemy.moml.MoMLSimpleApplication@358a0aa4
reloadAllAccessors: .ThrowModelError

===========================================================================================
----------------- testing Sat Mar 28 13:43:41 UTC 2020 /home/travis/build/icyphy/ptII/ptolemy/actor/lib/test/auto/TimeDelayMicrosteps.xml
----------------- Instantiating /home/travis/build/icyphy/ptII/ptolemy/actor/lib/test/auto/TimeDelayMicrosteps.xml
2 ms. Memory: 468992K Free: 354624K (76%)
----------------- Invoking toplevel() on ptolemy.moml.MoMLSimpleApplication@37009fe8
----------------- Done invoking toplevel() on ptolemy.moml.MoMLSimpleApplication@37009fe8
reloadAllAccessors: .TimeDelayMicrosteps

===========================================================================================
----------------- testing Sat Mar 28 13:43:41 UTC 2020 /home/travis/build/icyphy/ptII/ptolemy/actor/lib/test/auto/TimeDelayMicrosteps2.xml
----------------- Instantiating /home/travis/build/icyphy/ptII/ptolemy/actor/lib/test/auto/TimeDelayMicrosteps2.xml
4 ms. Memory: 468992K Free: 347472K (74%)
----------------- Invoking toplevel() on ptolemy.moml.MoMLSimpleApplication@699c8204
----------------- Done invoking toplevel() on ptolemy.moml.MoMLSimpleApplication@699c8204
reloadAllAccessors: .TimeDelayMicrosteps2

===========================================================================================
----------------- testing Sat Mar 28 13:43:41 UTC 2020 /home/travis/build/icyphy/ptII/ptolemy/actor/lib/test/auto/TimeDelayMicrosteps3.xml
----------------- Instantiating /home/travis/build/icyphy/ptII/ptolemy/actor/lib/test/auto/TimeDelayMicrosteps3.xml
3 ms. Memory: 468992K Free: 340288K (73%)
----------------- Invoking toplevel() on ptolemy.moml.MoMLSimpleApplication@2c744c0d
----------------- Done invoking toplevel() on ptolemy.moml.MoMLSimpleApplication@2c744c0d
reloadAllAccessors: .TimeDelayMicrosteps3

===========================================================================================
----------------- testing Sat Mar 28 13:43:42 UTC 2020 /home/travis/build/icyphy/ptII/ptolemy/actor/lib/test/auto/TimeDelayVariableMicrosteps.xml
----------------- Instantiating /home/travis/build/icyphy/ptII/ptolemy/actor/lib/test/auto/TimeDelayVariableMicrosteps.xml
3 ms. Memory: 468992K Free: 334174K (71%)
----------------- Invoking toplevel() on ptolemy.moml.MoMLSimpleApplication@7ce4d9d5
----------------- Done invoking toplevel() on ptolemy.moml.MoMLSimpleApplication@7ce4d9d5
reloadAllAccessors: .TimeDelayVariableMicrosteps

===========================================================================================
----------------- testing Sat Mar 28 13:43:42 UTC 2020 /home/travis/build/icyphy/ptII/ptolemy/actor/lib/test/auto/TimeGap.xml
----------------- Instantiating /home/travis/build/icyphy/ptII/ptolemy/actor/lib/test/auto/TimeGap.xml
3 ms. Memory: 468992K Free: 328544K (70%)
----------------- Invoking toplevel() on ptolemy.moml.MoMLSimpleApplication@1ab0739f
----------------- Done invoking toplevel() on ptolemy.moml.MoMLSimpleApplication@1ab0739f
reloadAllAccessors: .TimeGap

===========================================================================================
----------------- testing Sat Mar 28 13:43:42 UTC 2020 /home/travis/build/icyphy/ptII/ptolemy/actor/lib/test/auto/TimeGap2.xml
----------------- Instantiating /home/travis/build/icyphy/ptII/ptolemy/actor/lib/test/auto/TimeGap2.xml
2 ms. Memory: 468992K Free: 322880K (69%)
----------------- Invoking toplevel() on ptolemy.moml.MoMLSimpleApplication@7ae36c7
----------------- Done invoking toplevel() on ptolemy.moml.MoMLSimpleApplication@7ae36c7
reloadAllAccessors: .TimeGap2

===========================================================================================
----------------- testing Sat Mar 28 13:43:42 UTC 2020 /home/travis/build/icyphy/ptII/ptolemy/actor/lib/test/auto/TimedSinewave.xml
----------------- Instantiating /home/travis/build/icyphy/ptII/ptolemy/actor/lib/test/auto/TimedSinewave.xml
23 ms. Memory: 468992K Free: 309088K (66%)
----------------- Invoking toplevel() on ptolemy.moml.MoMLSimpleApplication@174e62bd
----------------- Done invoking toplevel() on ptolemy.moml.MoMLSimpleApplication@174e62bd
reloadAllAccessors: .TimedSinewave

===========================================================================================
----------------- testing Sat Mar 28 13:43:42 UTC 2020 /home/travis/build/icyphy/ptII/ptolemy/actor/lib/test/auto/TimedSinewavePhase.xml
----------------- Instantiating /home/travis/build/icyphy/ptII/ptolemy/actor/lib/test/auto/TimedSinewavePhase.xml
9 ms. Memory: 468992K Free: 298848K (64%)
----------------- Invoking toplevel() on ptolemy.moml.MoMLSimpleApplication@c1e7d67
----------------- Done invoking toplevel() on ptolemy.moml.MoMLSimpleApplication@c1e7d67
reloadAllAccessors: .TimedSinewavePhase

===========================================================================================
----------------- testing Sat Mar 28 13:43:42 UTC 2020 /home/travis/build/icyphy/ptII/ptolemy/actor/lib/test/auto/Timer.xml
----------------- Instantiating /home/travis/build/icyphy/ptII/ptolemy/actor/lib/test/auto/Timer.xml
2 ms. Memory: 468992K Free: 293208K (63%)
----------------- Invoking toplevel() on ptolemy.moml.MoMLSimpleApplication@357016dd
----------------- Done invoking toplevel() on ptolemy.moml.MoMLSimpleApplication@357016dd
reloadAllAccessors: .Timer

===========================================================================================
----------------- testing Sat Mar 28 13:43:42 UTC 2020 /home/travis/build/icyphy/ptII/ptolemy/actor/lib/test/auto/TriangularDistTestModel.xml
----------------- Instantiating /home/travis/build/icyphy/ptII/ptolemy/actor/lib/test/auto/TriangularDistTestModel.xml
2 ms. Memory: 468992K Free: 287056K (61%)
----------------- Invoking toplevel() on ptolemy.moml.MoMLSimpleApplication@435c0729
----------------- Done invoking toplevel() on ptolemy.moml.MoMLSimpleApplication@435c0729
reloadAllAccessors: .TriangularDistTestModel

===========================================================================================
----------------- testing Sat Mar 28 13:43:42 UTC 2020 /home/travis/build/icyphy/ptII/ptolemy/actor/lib/test/auto/TrigFunction.xml
----------------- Instantiating /home/travis/build/icyphy/ptII/ptolemy/actor/lib/test/auto/TrigFunction.xml
1 ms. Memory: 468992K Free: 282464K (60%)
----------------- Invoking toplevel() on ptolemy.moml.MoMLSimpleApplication@7b1e1a2f
----------------- Done invoking toplevel() on ptolemy.moml.MoMLSimpleApplication@7b1e1a2f
reloadAllAccessors: .TrigFunction

===========================================================================================
----------------- testing Sat Mar 28 13:43:42 UTC 2020 /home/travis/build/icyphy/ptII/ptolemy/actor/lib/test/auto/TrigFunctionDE.xml
----------------- Instantiating /home/travis/build/icyphy/ptII/ptolemy/actor/lib/test/auto/TrigFunctionDE.xml
2 ms. Memory: 468992K Free: 276320K (59%)
----------------- Invoking toplevel() on ptolemy.moml.MoMLSimpleApplication@54b569b2
----------------- Done invoking toplevel() on ptolemy.moml.MoMLSimpleApplication@54b569b2
reloadAllAccessors: .TrigFunctionDE

===========================================================================================
----------------- testing Sat Mar 28 13:43:42 UTC 2020 /home/travis/build/icyphy/ptII/ptolemy/actor/lib/test/auto/TrigFunctionInverse.xml
----------------- Instantiating /home/travis/build/icyphy/ptII/ptolemy/actor/lib/test/auto/TrigFunctionInverse.xml
1 ms. Memory: 468992K Free: 271200K (58%)
----------------- Invoking toplevel() on ptolemy.moml.MoMLSimpleApplication@7971bdb2
----------------- Done invoking toplevel() on ptolemy.moml.MoMLSimpleApplication@7971bdb2
reloadAllAccessors: .TrigFunctionInverse

===========================================================================================
----------------- testing Sat Mar 28 13:43:42 UTC 2020 /home/travis/build/icyphy/ptII/ptolemy/actor/lib/test/auto/TrigFunctionTan.xml
----------------- Instantiating /home/travis/build/icyphy/ptII/ptolemy/actor/lib/test/auto/TrigFunctionTan.xml
1 ms. Memory: 468992K Free: 266590K (57%)
----------------- Invoking toplevel() on ptolemy.moml.MoMLSimpleApplication@6909bde4
----------------- Done invoking toplevel() on ptolemy.moml.MoMLSimpleApplication@6909bde4
reloadAllAccessors: .TrigFunctionTan

===========================================================================================
----------------- testing Sat Mar 28 13:43:42 UTC 2020 /home/travis/build/icyphy/ptII/ptolemy/actor/lib/test/auto/TriggeredClock.xml
----------------- Instantiating /home/travis/build/icyphy/ptII/ptolemy/actor/lib/test/auto/TriggeredClock.xml
1 ms. Memory: 468992K Free: 261464K (56%)
----------------- Invoking toplevel() on ptolemy.moml.MoMLSimpleApplication@3ea5c8c0
----------------- Done invoking toplevel() on ptolemy.moml.MoMLSimpleApplication@3ea5c8c0
reloadAllAccessors: .TriggeredClock

===========================================================================================
----------------- testing Sat Mar 28 13:43:42 UTC 2020 /home/travis/build/icyphy/ptII/ptolemy/actor/lib/test/auto/URLDirectoryReader.xml
----------------- Instantiating /home/travis/build/icyphy/ptII/ptolemy/actor/lib/test/auto/URLDirectoryReader.xml
37 ms. Memory: 468992K Free: 251744K (54%)
----------------- Invoking toplevel() on ptolemy.moml.MoMLSimpleApplication@2d2dbbf3
----------------- Done invoking toplevel() on ptolemy.moml.MoMLSimpleApplication@2d2dbbf3
reloadAllAccessors: .URLDirectoryReader

===========================================================================================
----------------- testing Sat Mar 28 13:43:42 UTC 2020 /home/travis/build/icyphy/ptII/ptolemy/actor/lib/test/auto/URLDirectoryReader3.xml
----------------- Instantiating /home/travis/build/icyphy/ptII/ptolemy/actor/lib/test/auto/URLDirectoryReader3.xml
1442 ms. Memory: 468992K Free: 409720K (87%)
----------------- Invoking toplevel() on ptolemy.moml.MoMLSimpleApplication@3bd853f4
----------------- Done invoking toplevel() on ptolemy.moml.MoMLSimpleApplication@3bd853f4
reloadAllAccessors: .URLDirectoryReader3

===========================================================================================
----------------- testing Sat Mar 28 13:43:44 UTC 2020 /home/travis/build/icyphy/ptII/ptolemy/actor/lib/test/auto/UnaryMathFunction.xml
----------------- Instantiating /home/travis/build/icyphy/ptII/ptolemy/actor/lib/test/auto/UnaryMathFunction.xml
2 ms. Memory: 468992K Free: 401528K (86%)
----------------- Invoking toplevel() on ptolemy.moml.MoMLSimpleApplication@139710b5
----------------- Done invoking toplevel() on ptolemy.moml.MoMLSimpleApplication@139710b5
reloadAllAccessors: .UnaryMathFunction

===========================================================================================
----------------- testing Sat Mar 28 13:43:44 UTC 2020 /home/travis/build/icyphy/ptII/ptolemy/actor/lib/test/auto/Uniform.xml
----------------- Instantiating /home/travis/build/icyphy/ptII/ptolemy/actor/lib/test/auto/Uniform.xml
2 ms. Memory: 468992K Free: 396918K (85%)
----------------- Invoking toplevel() on ptolemy.moml.MoMLSimpleApplication@5f7aaba4
----------------- Done invoking toplevel() on ptolemy.moml.MoMLSimpleApplication@5f7aaba4
reloadAllAccessors: .Uniform

===========================================================================================
----------------- testing Sat Mar 28 13:43:44 UTC 2020 /home/travis/build/icyphy/ptII/ptolemy/actor/lib/test/auto/UnionDisassemblerTest.xml
----------------- Instantiating /home/travis/build/icyphy/ptII/ptolemy/actor/lib/test/auto/UnionDisassemblerTest.xml
20 ms. Memory: 468992K Free: 393336K (84%)
----------------- Invoking toplevel() on ptolemy.moml.MoMLSimpleApplication@3d1fde1d
----------------- Done invoking toplevel() on ptolemy.moml.MoMLSimpleApplication@3d1fde1d
reloadAllAccessors: .UnionDisassemblerTest

===========================================================================================
----------------- testing Sat Mar 28 13:43:44 UTC 2020 /home/travis/build/icyphy/ptII/ptolemy/actor/lib/test/auto/UtilityFunctions.xml
----------------- Instantiating /home/travis/build/icyphy/ptII/ptolemy/actor/lib/test/auto/UtilityFunctions.xml
1 ms. Memory: 468992K Free: 389240K (83%)
----------------- Invoking toplevel() on ptolemy.moml.MoMLSimpleApplication@555db959
----------------- Done invoking toplevel() on ptolemy.moml.MoMLSimpleApplication@555db959
reloadAllAccessors: .UtilityFunctions

===========================================================================================
----------------- testing Sat Mar 28 13:43:44 UTC 2020 /home/travis/build/icyphy/ptII/ptolemy/actor/lib/test/auto/VariableSleep.xml
----------------- Instantiating /home/travis/build/icyphy/ptII/ptolemy/actor/lib/test/auto/VariableSleep.xml
508 ms. Memory: 468992K Free: 384120K (82%)
----------------- Invoking toplevel() on ptolemy.moml.MoMLSimpleApplication@4f75ba2f
----------------- Done invoking toplevel() on ptolemy.moml.MoMLSimpleApplication@4f75ba2f
reloadAllAccessors: .VariableSleep

===========================================================================================
----------------- testing Sat Mar 28 13:43:44 UTC 2020 /home/travis/build/icyphy/ptII/ptolemy/actor/lib/test/auto/VectorAssemblerDisassemblerCT.xml
----------------- Instantiating /home/travis/build/icyphy/ptII/ptolemy/actor/lib/test/auto/VectorAssemblerDisassemblerCT.xml
67 ms. Memory: 468992K Free: 363126K (77%)
----------------- Invoking toplevel() on ptolemy.moml.MoMLSimpleApplication@335c8f87
----------------- Done invoking toplevel() on ptolemy.moml.MoMLSimpleApplication@335c8f87
reloadAllAccessors: .VectorAssemblerDisassemblerCT

===========================================================================================
----------------- testing Sat Mar 28 13:43:44 UTC 2020 /home/travis/build/icyphy/ptII/ptolemy/actor/lib/test/auto/VectorAssemblerDisassemblerDE.xml
----------------- Instantiating /home/travis/build/icyphy/ptII/ptolemy/actor/lib/test/auto/VectorAssemblerDisassemblerDE.xml
2 ms. Memory: 468992K Free: 355958K (76%)
----------------- Invoking toplevel() on ptolemy.moml.MoMLSimpleApplication@cc16cb6
----------------- Done invoking toplevel() on ptolemy.moml.MoMLSimpleApplication@cc16cb6
reloadAllAccessors: .VectorAssemblerDisassemblerDE

===========================================================================================
----------------- testing Sat Mar 28 13:43:44 UTC 2020 /home/travis/build/icyphy/ptII/ptolemy/actor/lib/test/auto/VectorAssemblerDisassemblerSDF.xml
----------------- Instantiating /home/travis/build/icyphy/ptII/ptolemy/actor/lib/test/auto/VectorAssemblerDisassemblerSDF.xml
2 ms. Memory: 468992K Free: 349304K (74%)
----------------- Invoking toplevel() on ptolemy.moml.MoMLSimpleApplication@61126854
----------------- Done invoking toplevel() on ptolemy.moml.MoMLSimpleApplication@61126854
reloadAllAccessors: .VectorAssemblerDisassemblerSDF

===========================================================================================
----------------- testing Sat Mar 28 13:43:44 UTC 2020 /home/travis/build/icyphy/ptII/ptolemy/actor/lib/test/auto/WallClockTime.xml
----------------- Instantiating /home/travis/build/icyphy/ptII/ptolemy/actor/lib/test/auto/WallClockTime.xml
1004 ms. Memory: 468992K Free: 343670K (73%)
----------------- Invoking toplevel() on ptolemy.moml.MoMLSimpleApplication@6c80b321
----------------- Done invoking toplevel() on ptolemy.moml.MoMLSimpleApplication@6c80b321
reloadAllAccessors: .WallClockTime

===========================================================================================
----------------- testing Sat Mar 28 13:43:45 UTC 2020 /home/travis/build/icyphy/ptII/ptolemy/actor/lib/test/auto/WidthTestWithSubscriberPublisher.xml
----------------- Instantiating /home/travis/build/icyphy/ptII/ptolemy/actor/lib/test/auto/WidthTestWithSubscriberPublisher.xml
9 ms. Memory: 468992K Free: 325752K (69%)
----------------- Invoking toplevel() on ptolemy.moml.MoMLSimpleApplication@e640c05
----------------- Done invoking toplevel() on ptolemy.moml.MoMLSimpleApplication@e640c05
reloadAllAccessors: .WidthTestWithSubscriberPublisher

===========================================================================================
----------------- testing Sat Mar 28 13:43:45 UTC 2020 /home/travis/build/icyphy/ptII/ptolemy/actor/lib/test/auto/WidthTestWithSubscriberPublisher2.xml
----------------- Instantiating /home/travis/build/icyphy/ptII/ptolemy/actor/lib/test/auto/WidthTestWithSubscriberPublisher2.xml
3 ms. Memory: 468992K Free: 319608K (68%)
----------------- Invoking toplevel() on ptolemy.moml.MoMLSimpleApplication@5b4aa9c4
----------------- Done invoking toplevel() on ptolemy.moml.MoMLSimpleApplication@5b4aa9c4
reloadAllAccessors: .WidthTestWithSubscriberPublisher2

===========================================================================================
----------------- testing Sat Mar 28 13:43:45 UTC 2020 /home/travis/build/icyphy/ptII/ptolemy/actor/lib/test/auto/WidthTestWithSubscriberPublisher3.xml
----------------- Instantiating /home/travis/build/icyphy/ptII/ptolemy/actor/lib/test/auto/WidthTestWithSubscriberPublisher3.xml
2 ms. Memory: 468992K Free: 313464K (67%)
----------------- Invoking toplevel() on ptolemy.moml.MoMLSimpleApplication@6dfed051
----------------- Done invoking toplevel() on ptolemy.moml.MoMLSimpleApplication@6dfed051
reloadAllAccessors: .WidthTestWithSubscriberPublisher3

===========================================================================================
----------------- testing Sat Mar 28 13:43:45 UTC 2020 /home/travis/build/icyphy/ptII/ptolemy/actor/lib/test/auto/Writer.xml
----------------- Instantiating /home/travis/build/icyphy/ptII/ptolemy/actor/lib/test/auto/Writer.xml
0
1
2
3
4
2 ms. Memory: 468992K Free: 309368K (66%)
----------------- Invoking toplevel() on ptolemy.moml.MoMLSimpleApplication@4e043ee1
----------------- Done invoking toplevel() on ptolemy.moml.MoMLSimpleApplication@4e043ee1
reloadAllAccessors: .Writer

===========================================================================================
----------------- testing Sat Mar 28 13:43:46 UTC 2020 /home/travis/build/icyphy/ptII/ptolemy/actor/lib/test/auto/array.xml
----------------- Instantiating /home/travis/build/icyphy/ptII/ptolemy/actor/lib/test/auto/array.xml
2 ms. Memory: 468992K Free: 304758K (65%)
----------------- Invoking toplevel() on ptolemy.moml.MoMLSimpleApplication@5f9c0f52
----------------- Done invoking toplevel() on ptolemy.moml.MoMLSimpleApplication@5f9c0f52
reloadAllAccessors: .array

===========================================================================================
----------------- testing Sat Mar 28 13:43:46 UTC 2020 /home/travis/build/icyphy/ptII/ptolemy/actor/lib/test/auto/array2.xml
----------------- Instantiating /home/travis/build/icyphy/ptII/ptolemy/actor/lib/test/auto/array2.xml
4 ms. Memory: 468992K Free: 299624K (64%)
----------------- Invoking toplevel() on ptolemy.moml.MoMLSimpleApplication@218bd3b0
----------------- Done invoking toplevel() on ptolemy.moml.MoMLSimpleApplication@218bd3b0
reloadAllAccessors: .array2

===========================================================================================
----------------- testing Sat Mar 28 13:43:46 UTC 2020 /home/travis/build/icyphy/ptII/ptolemy/actor/lib/test/auto/arrayType.xml
----------------- Instantiating /home/travis/build/icyphy/ptII/ptolemy/actor/lib/test/auto/arrayType.xml
2 ms. Memory: 468992K Free: 294008K (63%)
----------------- Invoking toplevel() on ptolemy.moml.MoMLSimpleApplication@cc6b01
----------------- Done invoking toplevel() on ptolemy.moml.MoMLSimpleApplication@cc6b01
reloadAllAccessors: .arrayType

===========================================================================================
----------------- testing Sat Mar 28 13:43:46 UTC 2020 /home/travis/build/icyphy/ptII/ptolemy/actor/lib/test/auto/arrayType10.xml
----------------- Instantiating /home/travis/build/icyphy/ptII/ptolemy/actor/lib/test/auto/arrayType10.xml
1 ms. Memory: 468992K Free: 289398K (62%)
----------------- Invoking toplevel() on ptolemy.moml.MoMLSimpleApplication@303ead59
----------------- Done invoking toplevel() on ptolemy.moml.MoMLSimpleApplication@303ead59
reloadAllAccessors: .arrayType10

===========================================================================================
----------------- testing Sat Mar 28 13:43:46 UTC 2020 /home/travis/build/icyphy/ptII/ptolemy/actor/lib/test/auto/arrayType11.xml
----------------- Instantiating /home/travis/build/icyphy/ptII/ptolemy/actor/lib/test/auto/arrayType11.xml
1 ms. Memory: 468992K Free: 284278K (61%)
----------------- Invoking toplevel() on ptolemy.moml.MoMLSimpleApplication@e8b8d4d
----------------- Done invoking toplevel() on ptolemy.moml.MoMLSimpleApplication@e8b8d4d
reloadAllAccessors: .arrayType11

===========================================================================================
----------------- testing Sat Mar 28 13:43:46 UTC 2020 /home/travis/build/icyphy/ptII/ptolemy/actor/lib/test/auto/arrayType12.xml
----------------- Instantiating /home/travis/build/icyphy/ptII/ptolemy/actor/lib/test/auto/arrayType12.xml
1 ms. Memory: 468992K Free: 279672K (60%)
----------------- Invoking toplevel() on ptolemy.moml.MoMLSimpleApplication@42c2f0f6
----------------- Done invoking toplevel() on ptolemy.moml.MoMLSimpleApplication@42c2f0f6
reloadAllAccessors: .arrayType12

===========================================================================================
----------------- testing Sat Mar 28 13:43:46 UTC 2020 /home/travis/build/icyphy/ptII/ptolemy/actor/lib/test/auto/arrayType13.xml
----------------- Instantiating /home/travis/build/icyphy/ptII/ptolemy/actor/lib/test/auto/arrayType13.xml
2 ms. Memory: 468992K Free: 274038K (58%)
----------------- Invoking toplevel() on ptolemy.moml.MoMLSimpleApplication@3275a56a
----------------- Done invoking toplevel() on ptolemy.moml.MoMLSimpleApplication@3275a56a
reloadAllAccessors: .arrayType13

===========================================================================================
----------------- testing Sat Mar 28 13:43:46 UTC 2020 /home/travis/build/icyphy/ptII/ptolemy/actor/lib/test/auto/arrayType14.xml
----------------- Instantiating /home/travis/build/icyphy/ptII/ptolemy/actor/lib/test/auto/arrayType14.xml
1 ms. Memory: 468992K Free: 268918K (57%)
----------------- Invoking toplevel() on ptolemy.moml.MoMLSimpleApplication@45c8b8a6
----------------- Done invoking toplevel() on ptolemy.moml.MoMLSimpleApplication@45c8b8a6
reloadAllAccessors: .arrayType14

===========================================================================================
----------------- testing Sat Mar 28 13:43:46 UTC 2020 /home/travis/build/icyphy/ptII/ptolemy/actor/lib/test/auto/arrayType15.xml
----------------- Instantiating /home/travis/build/icyphy/ptII/ptolemy/actor/lib/test/auto/arrayType15.xml
2 ms. Memory: 468992K Free: 263798K (56%)
----------------- Invoking toplevel() on ptolemy.moml.MoMLSimpleApplication@6e05ad31
----------------- Done invoking toplevel() on ptolemy.moml.MoMLSimpleApplication@6e05ad31
reloadAllAccessors: .arrayType15

===========================================================================================
----------------- testing Sat Mar 28 13:43:46 UTC 2020 /home/travis/build/icyphy/ptII/ptolemy/actor/lib/test/auto/arrayType16.xml
----------------- Instantiating /home/travis/build/icyphy/ptII/ptolemy/actor/lib/test/auto/arrayType16.xml
2 ms. Memory: 468992K Free: 258168K (55%)
----------------- Invoking toplevel() on ptolemy.moml.MoMLSimpleApplication@4cfe4be0
----------------- Done invoking toplevel() on ptolemy.moml.MoMLSimpleApplication@4cfe4be0
reloadAllAccessors: .arrayType16

===========================================================================================
----------------- testing Sat Mar 28 13:43:46 UTC 2020 /home/travis/build/icyphy/ptII/ptolemy/actor/lib/test/auto/arrayType17.xml
----------------- Instantiating /home/travis/build/icyphy/ptII/ptolemy/actor/lib/test/auto/arrayType17.xml
3 ms. Memory: 468992K Free: 253048K (54%)
----------------- Invoking toplevel() on ptolemy.moml.MoMLSimpleApplication@699d91b5
----------------- Done invoking toplevel() on ptolemy.moml.MoMLSimpleApplication@699d91b5
reloadAllAccessors: .arrayType17

===========================================================================================
----------------- testing Sat Mar 28 13:43:46 UTC 2020 /home/travis/build/icyphy/ptII/ptolemy/actor/lib/test/auto/arrayType18.xml
----------------- Instantiating /home/travis/build/icyphy/ptII/ptolemy/actor/lib/test/auto/arrayType18.xml
1 ms. Memory: 468992K Free: 248438K (53%)
----------------- Invoking toplevel() on ptolemy.moml.MoMLSimpleApplication@4c6a7f6
----------------- Done invoking toplevel() on ptolemy.moml.MoMLSimpleApplication@4c6a7f6
reloadAllAccessors: .arrayType18

===========================================================================================
----------------- testing Sat Mar 28 13:43:46 UTC 2020 /home/travis/build/icyphy/ptII/ptolemy/actor/lib/test/auto/arrayType19.xml
----------------- Instantiating /home/travis/build/icyphy/ptII/ptolemy/actor/lib/test/auto/arrayType19.xml
1 ms. Memory: 468992K Free: 243318K (52%)
----------------- Invoking toplevel() on ptolemy.moml.MoMLSimpleApplication@5a308cd8
----------------- Done invoking toplevel() on ptolemy.moml.MoMLSimpleApplication@5a308cd8
reloadAllAccessors: .arrayType19

===========================================================================================
----------------- testing Sat Mar 28 13:43:46 UTC 2020 /home/travis/build/icyphy/ptII/ptolemy/actor/lib/test/auto/arrayType2.xml
----------------- Instantiating /home/travis/build/icyphy/ptII/ptolemy/actor/lib/test/auto/arrayType2.xml
1 ms. Memory: 468992K Free: 238198K (51%)
----------------- Invoking toplevel() on ptolemy.moml.MoMLSimpleApplication@4b6ba3cc
----------------- Done invoking toplevel() on ptolemy.moml.MoMLSimpleApplication@4b6ba3cc
reloadAllAccessors: .arrayType2

===========================================================================================
----------------- testing Sat Mar 28 13:43:46 UTC 2020 /home/travis/build/icyphy/ptII/ptolemy/actor/lib/test/auto/arrayType20.xml
----------------- Instantiating /home/travis/build/icyphy/ptII/ptolemy/actor/lib/test/auto/arrayType20.xml
2 ms. Memory: 468992K Free: 233078K (50%)
----------------- Invoking toplevel() on ptolemy.moml.MoMLSimpleApplication@775eaa1f
----------------- Done invoking toplevel() on ptolemy.moml.MoMLSimpleApplication@775eaa1f
reloadAllAccessors: .arrayType20

===========================================================================================
----------------- testing Sat Mar 28 13:43:46 UTC 2020 /home/travis/build/icyphy/ptII/ptolemy/actor/lib/test/auto/arrayType21.xml
----------------- Instantiating /home/travis/build/icyphy/ptII/ptolemy/actor/lib/test/auto/arrayType21.xml
1 ms. Memory: 468992K Free: 228472K (49%)
----------------- Invoking toplevel() on ptolemy.moml.MoMLSimpleApplication@503c574e
----------------- Done invoking toplevel() on ptolemy.moml.MoMLSimpleApplication@503c574e
reloadAllAccessors: .arrayType21

===========================================================================================
----------------- testing Sat Mar 28 13:43:46 UTC 2020 /home/travis/build/icyphy/ptII/ptolemy/actor/lib/test/auto/arrayType22.xml
----------------- Instantiating /home/travis/build/icyphy/ptII/ptolemy/actor/lib/test/auto/arrayType22.xml
1 ms. Memory: 468992K Free: 222838K (48%)
----------------- Invoking toplevel() on ptolemy.moml.MoMLSimpleApplication@ad7323a
----------------- Done invoking toplevel() on ptolemy.moml.MoMLSimpleApplication@ad7323a
reloadAllAccessors: .arrayType22

===========================================================================================
----------------- testing Sat Mar 28 13:43:46 UTC 2020 /home/travis/build/icyphy/ptII/ptolemy/actor/lib/test/auto/arrayType23.xml
----------------- Instantiating /home/travis/build/icyphy/ptII/ptolemy/actor/lib/test/auto/arrayType23.xml
1 ms. Memory: 468992K Free: 217718K (46%)
----------------- Invoking toplevel() on ptolemy.moml.MoMLSimpleApplication@8f0d1f9
----------------- Done invoking toplevel() on ptolemy.moml.MoMLSimpleApplication@8f0d1f9
reloadAllAccessors: .arrayType23

===========================================================================================
----------------- testing Sat Mar 28 13:43:46 UTC 2020 /home/travis/build/icyphy/ptII/ptolemy/actor/lib/test/auto/arrayType24.xml
----------------- Instantiating /home/travis/build/icyphy/ptII/ptolemy/actor/lib/test/auto/arrayType24.xml
1 ms. Memory: 468992K Free: 213112K (45%)
----------------- Invoking toplevel() on ptolemy.moml.MoMLSimpleApplication@6a2fc7d7
----------------- Done invoking toplevel() on ptolemy.moml.MoMLSimpleApplication@6a2fc7d7
reloadAllAccessors: .arrayType24

===========================================================================================
----------------- testing Sat Mar 28 13:43:46 UTC 2020 /home/travis/build/icyphy/ptII/ptolemy/actor/lib/test/auto/arrayType25.xml
----------------- Instantiating /home/travis/build/icyphy/ptII/ptolemy/actor/lib/test/auto/arrayType25.xml
1 ms. Memory: 468992K Free: 207992K (44%)
----------------- Invoking toplevel() on ptolemy.moml.MoMLSimpleApplication@4d5be002
----------------- Done invoking toplevel() on ptolemy.moml.MoMLSimpleApplication@4d5be002
reloadAllAccessors: .arrayType25

===========================================================================================
----------------- testing Sat Mar 28 13:43:46 UTC 2020 /home/travis/build/icyphy/ptII/ptolemy/actor/lib/test/auto/arrayType26.xml
----------------- Instantiating /home/travis/build/icyphy/ptII/ptolemy/actor/lib/test/auto/arrayType26.xml
1 ms. Memory: 468992K Free: 202358K (43%)
----------------- Invoking toplevel() on ptolemy.moml.MoMLSimpleApplication@67f9c45f
----------------- Done invoking toplevel() on ptolemy.moml.MoMLSimpleApplication@67f9c45f
reloadAllAccessors: .arrayType26

===========================================================================================
----------------- testing Sat Mar 28 13:43:46 UTC 2020 /home/travis/build/icyphy/ptII/ptolemy/actor/lib/test/auto/arrayType27.xml
----------------- Instantiating /home/travis/build/icyphy/ptII/ptolemy/actor/lib/test/auto/arrayType27.xml
1 ms. Memory: 468992K Free: 197238K (42%)
----------------- Invoking toplevel() on ptolemy.moml.MoMLSimpleApplication@66acf424
----------------- Done invoking toplevel() on ptolemy.moml.MoMLSimpleApplication@66acf424
reloadAllAccessors: .arrayType27

===========================================================================================
----------------- testing Sat Mar 28 13:43:46 UTC 2020 /home/travis/build/icyphy/ptII/ptolemy/actor/lib/test/auto/arrayType28.xml
----------------- Instantiating /home/travis/build/icyphy/ptII/ptolemy/actor/lib/test/auto/arrayType28.xml
1 ms. Memory: 468992K Free: 191608K (41%)
----------------- Invoking toplevel() on ptolemy.moml.MoMLSimpleApplication@6996b160
----------------- Done invoking toplevel() on ptolemy.moml.MoMLSimpleApplication@6996b160
reloadAllAccessors: .arrayType28

===========================================================================================
----------------- testing Sat Mar 28 13:43:46 UTC 2020 /home/travis/build/icyphy/ptII/ptolemy/actor/lib/test/auto/arrayType3.xml
----------------- Instantiating /home/travis/build/icyphy/ptII/ptolemy/actor/lib/test/auto/arrayType3.xml
1 ms. Memory: 468992K Free: 186488K (40%)
----------------- Invoking toplevel() on ptolemy.moml.MoMLSimpleApplication@4046e6
----------------- Done invoking toplevel() on ptolemy.moml.MoMLSimpleApplication@4046e6
reloadAllAccessors: .arrayType3

===========================================================================================
----------------- testing Sat Mar 28 13:43:46 UTC 2020 /home/travis/build/icyphy/ptII/ptolemy/actor/lib/test/auto/arrayType4.xml
----------------- Instantiating /home/travis/build/icyphy/ptII/ptolemy/actor/lib/test/auto/arrayType4.xml
1 ms. Memory: 468992K Free: 181368K (39%)
----------------- Invoking toplevel() on ptolemy.moml.MoMLSimpleApplication@6b84f36a
----------------- Done invoking toplevel() on ptolemy.moml.MoMLSimpleApplication@6b84f36a
reloadAllAccessors: .arrayType4

===========================================================================================
----------------- testing Sat Mar 28 13:43:46 UTC 2020 /home/travis/build/icyphy/ptII/ptolemy/actor/lib/test/auto/arrayType5.xml
----------------- Instantiating /home/travis/build/icyphy/ptII/ptolemy/actor/lib/test/auto/arrayType5.xml
6 ms. Memory: 468992K Free: 175734K (37%)
----------------- Invoking toplevel() on ptolemy.moml.MoMLSimpleApplication@64f011a3
----------------- Done invoking toplevel() on ptolemy.moml.MoMLSimpleApplication@64f011a3
reloadAllAccessors: .arrayType5

===========================================================================================
----------------- testing Sat Mar 28 13:43:46 UTC 2020 /home/travis/build/icyphy/ptII/ptolemy/actor/lib/test/auto/arrayType6.xml
----------------- Instantiating /home/travis/build/icyphy/ptII/ptolemy/actor/lib/test/auto/arrayType6.xml
1 ms. Memory: 468992K Free: 171128K (36%)
----------------- Invoking toplevel() on ptolemy.moml.MoMLSimpleApplication@2ad053c4
----------------- Done invoking toplevel() on ptolemy.moml.MoMLSimpleApplication@2ad053c4
reloadAllAccessors: .arrayType6

===========================================================================================
----------------- testing Sat Mar 28 13:43:46 UTC 2020 /home/travis/build/icyphy/ptII/ptolemy/actor/lib/test/auto/arrayType7.xml
----------------- Instantiating /home/travis/build/icyphy/ptII/ptolemy/actor/lib/test/auto/arrayType7.xml
1 ms. Memory: 468992K Free: 166008K (35%)
----------------- Invoking toplevel() on ptolemy.moml.MoMLSimpleApplication@648576e9
----------------- Done invoking toplevel() on ptolemy.moml.MoMLSimpleApplication@648576e9
reloadAllAccessors: .arrayType7

===========================================================================================
----------------- testing Sat Mar 28 13:43:46 UTC 2020 /home/travis/build/icyphy/ptII/ptolemy/actor/lib/test/auto/arrayType8.xml
----------------- Instantiating /home/travis/build/icyphy/ptII/ptolemy/actor/lib/test/auto/arrayType8.xml
1 ms. Memory: 468992K Free: 161398K (34%)
----------------- Invoking toplevel() on ptolemy.moml.MoMLSimpleApplication@30b5916b
----------------- Done invoking toplevel() on ptolemy.moml.MoMLSimpleApplication@30b5916b
reloadAllAccessors: .arrayType8

===========================================================================================
----------------- testing Sat Mar 28 13:43:46 UTC 2020 /home/travis/build/icyphy/ptII/ptolemy/actor/lib/test/auto/arrayType9.xml
----------------- Instantiating /home/travis/build/icyphy/ptII/ptolemy/actor/lib/test/auto/arrayType9.xml
1 ms. Memory: 468992K Free: 156278K (33%)
----------------- Invoking toplevel() on ptolemy.moml.MoMLSimpleApplication@787e0d89
----------------- Done invoking toplevel() on ptolemy.moml.MoMLSimpleApplication@787e0d89
reloadAllAccessors: .arrayType9

===========================================================================================
----------------- testing Sat Mar 28 13:43:46 UTC 2020 /home/travis/build/icyphy/ptII/ptolemy/actor/lib/test/auto/cast.xml
----------------- Instantiating /home/travis/build/icyphy/ptII/ptolemy/actor/lib/test/auto/cast.xml
1 ms. Memory: 468992K Free: 151672K (32%)
----------------- Invoking toplevel() on ptolemy.moml.MoMLSimpleApplication@5036d283
----------------- Done invoking toplevel() on ptolemy.moml.MoMLSimpleApplication@5036d283
reloadAllAccessors: .cast

===========================================================================================
----------------- testing Sat Mar 28 13:43:46 UTC 2020 /home/travis/build/icyphy/ptII/ptolemy/actor/lib/test/auto/compositeMultiPort.xml
----------------- Instantiating /home/travis/build/icyphy/ptII/ptolemy/actor/lib/test/auto/compositeMultiPort.xml
3 ms. Memory: 468992K Free: 142966K (30%)
----------------- Invoking toplevel() on ptolemy.moml.MoMLSimpleApplication@34cb3e3e
----------------- Done invoking toplevel() on ptolemy.moml.MoMLSimpleApplication@34cb3e3e
reloadAllAccessors: .compositeMultiPort

===========================================================================================
----------------- testing Sat Mar 28 13:43:46 UTC 2020 /home/travis/build/icyphy/ptII/ptolemy/actor/lib/test/auto/expressionCastInference.xml
----------------- Instantiating /home/travis/build/icyphy/ptII/ptolemy/actor/lib/test/auto/expressionCastInference.xml
11 ms. Memory: 468992K Free: 412422K (88%)
----------------- Invoking toplevel() on ptolemy.moml.MoMLSimpleApplication@54c5a683
----------------- Done invoking toplevel() on ptolemy.moml.MoMLSimpleApplication@54c5a683
reloadAllAccessors: .expressionCastInference

===========================================================================================
----------------- testing Sat Mar 28 13:43:46 UTC 2020 /home/travis/build/icyphy/ptII/ptolemy/actor/lib/test/auto/expressionCastInference2.xml
----------------- Instantiating /home/travis/build/icyphy/ptII/ptolemy/actor/lib/test/auto/expressionCastInference2.xml
1 ms. Memory: 468992K Free: 407302K (87%)
----------------- Invoking toplevel() on ptolemy.moml.MoMLSimpleApplication@36ecdf76
----------------- Done invoking toplevel() on ptolemy.moml.MoMLSimpleApplication@36ecdf76
reloadAllAccessors: .expressionCastInference2

===========================================================================================
----------------- testing Sat Mar 28 13:43:46 UTC 2020 /home/travis/build/icyphy/ptII/ptolemy/actor/lib/test/auto/expressionInference.xml
----------------- Instantiating /home/travis/build/icyphy/ptII/ptolemy/actor/lib/test/auto/expressionInference.xml
1 ms. Memory: 468992K Free: 403206K (86%)
----------------- Invoking toplevel() on ptolemy.moml.MoMLSimpleApplication@584f9d80
----------------- Done invoking toplevel() on ptolemy.moml.MoMLSimpleApplication@584f9d80
reloadAllAccessors: .expressionInference

===========================================================================================
----------------- testing Sat Mar 28 13:43:46 UTC 2020 /home/travis/build/icyphy/ptII/ptolemy/actor/lib/test/auto/expression_bug.xml
----------------- Instantiating /home/travis/build/icyphy/ptII/ptolemy/actor/lib/test/auto/expression_bug.xml
1 ms. Memory: 468992K Free: 398596K (85%)
----------------- Invoking toplevel() on ptolemy.moml.MoMLSimpleApplication@4112b435
----------------- Done invoking toplevel() on ptolemy.moml.MoMLSimpleApplication@4112b435
reloadAllAccessors: .expression_bug

===========================================================================================
----------------- testing Sat Mar 28 13:43:46 UTC 2020 /home/travis/build/icyphy/ptII/ptolemy/actor/lib/test/auto/factorial.xml
----------------- Instantiating /home/travis/build/icyphy/ptII/ptolemy/actor/lib/test/auto/factorial.xml
32 ms. Memory: 468992K Free: 390404K (83%)
----------------- Invoking toplevel() on ptolemy.moml.MoMLSimpleApplication@5280c69b
----------------- Done invoking toplevel() on ptolemy.moml.MoMLSimpleApplication@5280c69b
reloadAllAccessors: .factorial

===========================================================================================
----------------- testing Sat Mar 28 13:43:46 UTC 2020 /home/travis/build/icyphy/ptII/ptolemy/actor/lib/test/auto/filterTest1.xml
----------------- Instantiating /home/travis/build/icyphy/ptII/ptolemy/actor/lib/test/auto/filterTest1.xml
3 ms. Memory: 468992K Free: 384246K (82%)
----------------- Invoking toplevel() on ptolemy.moml.MoMLSimpleApplication@7f948a00
----------------- Done invoking toplevel() on ptolemy.moml.MoMLSimpleApplication@7f948a00
reloadAllAccessors: .filterTest1

===========================================================================================
----------------- testing Sat Mar 28 13:43:46 UTC 2020 /home/travis/build/icyphy/ptII/ptolemy/actor/lib/test/auto/funcApplyInConst.xml
----------------- Instantiating /home/travis/build/icyphy/ptII/ptolemy/actor/lib/test/auto/funcApplyInConst.xml
1 ms. Memory: 468992K Free: 380678K (81%)
----------------- Invoking toplevel() on ptolemy.moml.MoMLSimpleApplication@39f2fffb
----------------- Done invoking toplevel() on ptolemy.moml.MoMLSimpleApplication@39f2fffb
reloadAllAccessors: .funcApplyInConst

===========================================================================================
----------------- testing Sat Mar 28 13:43:46 UTC 2020 /home/travis/build/icyphy/ptII/ptolemy/actor/lib/test/auto/funcApplyInExpr.xml
----------------- Instantiating /home/travis/build/icyphy/ptII/ptolemy/actor/lib/test/auto/funcApplyInExpr.xml
1 ms. Memory: 468992K Free: 376582K (80%)
----------------- Invoking toplevel() on ptolemy.moml.MoMLSimpleApplication@acefa60
----------------- Done invoking toplevel() on ptolemy.moml.MoMLSimpleApplication@acefa60
reloadAllAccessors: .funcApplyInExpr

===========================================================================================
----------------- testing Sat Mar 28 13:43:46 UTC 2020 /home/travis/build/icyphy/ptII/ptolemy/actor/lib/test/auto/function.xml
----------------- Instantiating /home/travis/build/icyphy/ptII/ptolemy/actor/lib/test/auto/function.xml
1 ms. Memory: 468992K Free: 371972K (79%)
----------------- Invoking toplevel() on ptolemy.moml.MoMLSimpleApplication@2fcdb82c
----------------- Done invoking toplevel() on ptolemy.moml.MoMLSimpleApplication@2fcdb82c
reloadAllAccessors: .function

===========================================================================================
----------------- testing Sat Mar 28 13:43:46 UTC 2020 /home/travis/build/icyphy/ptII/ptolemy/actor/lib/test/auto/function2.xml
----------------- Instantiating /home/travis/build/icyphy/ptII/ptolemy/actor/lib/test/auto/function2.xml
2 ms. Memory: 468992K Free: 366852K (78%)
----------------- Invoking toplevel() on ptolemy.moml.MoMLSimpleApplication@40712a9
----------------- Done invoking toplevel() on ptolemy.moml.MoMLSimpleApplication@40712a9
reloadAllAccessors: .function2

===========================================================================================
----------------- testing Sat Mar 28 13:43:46 UTC 2020 /home/travis/build/icyphy/ptII/ptolemy/actor/lib/test/auto/function3.xml
----------------- Instantiating /home/travis/build/icyphy/ptII/ptolemy/actor/lib/test/auto/function3.xml
1 ms. Memory: 468992K Free: 363270K (77%)
----------------- Invoking toplevel() on ptolemy.moml.MoMLSimpleApplication@775072c7
----------------- Done invoking toplevel() on ptolemy.moml.MoMLSimpleApplication@775072c7
reloadAllAccessors: .function3

===========================================================================================
----------------- testing Sat Mar 28 13:43:46 UTC 2020 /home/travis/build/icyphy/ptII/ptolemy/actor/lib/test/auto/functionClosureTest1.xml
----------------- Instantiating /home/travis/build/icyphy/ptII/ptolemy/actor/lib/test/auto/functionClosureTest1.xml
1 ms. Memory: 468992K Free: 357636K (76%)
----------------- Invoking toplevel() on ptolemy.moml.MoMLSimpleApplication@23dde538
----------------- Done invoking toplevel() on ptolemy.moml.MoMLSimpleApplication@23dde538
reloadAllAccessors: .functionClosureTest1

===========================================================================================
----------------- testing Sat Mar 28 13:43:46 UTC 2020 /home/travis/build/icyphy/ptII/ptolemy/actor/lib/test/auto/functionClosureTest2.xml
----------------- Instantiating /home/travis/build/icyphy/ptII/ptolemy/actor/lib/test/auto/functionClosureTest2.xml
1 ms. Memory: 468992K Free: 353540K (75%)
----------------- Invoking toplevel() on ptolemy.moml.MoMLSimpleApplication@73b8db78
----------------- Done invoking toplevel() on ptolemy.moml.MoMLSimpleApplication@73b8db78
reloadAllAccessors: .functionClosureTest2

===========================================================================================
----------------- testing Sat Mar 28 13:43:46 UTC 2020 /home/travis/build/icyphy/ptII/ptolemy/actor/lib/test/auto/functionClosureTest3.xml
----------------- Instantiating /home/travis/build/icyphy/ptII/ptolemy/actor/lib/test/auto/functionClosureTest3.xml
4 ms. Memory: 468992K Free: 348420K (74%)
----------------- Invoking toplevel() on ptolemy.moml.MoMLSimpleApplication@3d22c9f9
----------------- Done invoking toplevel() on ptolemy.moml.MoMLSimpleApplication@3d22c9f9
reloadAllAccessors: .functionClosureTest3

===========================================================================================
----------------- testing Sat Mar 28 13:43:46 UTC 2020 /home/travis/build/icyphy/ptII/ptolemy/actor/lib/test/auto/functionClosureTest4.xml
----------------- Instantiating /home/travis/build/icyphy/ptII/ptolemy/actor/lib/test/auto/functionClosureTest4.xml
3 ms. Memory: 468992K Free: 341766K (73%)
----------------- Invoking toplevel() on ptolemy.moml.MoMLSimpleApplication@5e2d6976
----------------- Done invoking toplevel() on ptolemy.moml.MoMLSimpleApplication@5e2d6976
reloadAllAccessors: .functionClosureTest4

===========================================================================================
----------------- testing Sat Mar 28 13:43:46 UTC 2020 /home/travis/build/icyphy/ptII/ptolemy/actor/lib/test/auto/functionClosureTest5.xml
----------------- Instantiating /home/travis/build/icyphy/ptII/ptolemy/actor/lib/test/auto/functionClosureTest5.xml
4 ms. Memory: 468992K Free: 336646K (72%)
----------------- Invoking toplevel() on ptolemy.moml.MoMLSimpleApplication@6d349f6c
----------------- Done invoking toplevel() on ptolemy.moml.MoMLSimpleApplication@6d349f6c
reloadAllAccessors: .functionClosureTest5

===========================================================================================
----------------- testing Sat Mar 28 13:43:46 UTC 2020 /home/travis/build/icyphy/ptII/ptolemy/actor/lib/test/auto/functionClosureTest6.xml
----------------- Instantiating /home/travis/build/icyphy/ptII/ptolemy/actor/lib/test/auto/functionClosureTest6.xml
1 ms. Memory: 468992K Free: 331526K (71%)
----------------- Invoking toplevel() on ptolemy.moml.MoMLSimpleApplication@66f2a7ef
----------------- Done invoking toplevel() on ptolemy.moml.MoMLSimpleApplication@66f2a7ef
reloadAllAccessors: .functionClosureTest6

===========================================================================================
----------------- testing Sat Mar 28 13:43:46 UTC 2020 /home/travis/build/icyphy/ptII/ptolemy/actor/lib/test/auto/functionsOnArcs.xml
----------------- Instantiating /home/travis/build/icyphy/ptII/ptolemy/actor/lib/test/auto/functionsOnArcs.xml
1 ms. Memory: 468992K Free: 326406K (70%)
----------------- Invoking toplevel() on ptolemy.moml.MoMLSimpleApplication@43becbb8
----------------- Done invoking toplevel() on ptolemy.moml.MoMLSimpleApplication@43becbb8
reloadAllAccessors: .functionsOnArcs

===========================================================================================
----------------- testing Sat Mar 28 13:43:46 UTC 2020 /home/travis/build/icyphy/ptII/ptolemy/actor/lib/test/auto/functionsOnArcsHOF.xml
----------------- Instantiating /home/travis/build/icyphy/ptII/ptolemy/actor/lib/test/auto/functionsOnArcsHOF.xml
3 ms. Memory: 468992K Free: 320262K (68%)
----------------- Invoking toplevel() on ptolemy.moml.MoMLSimpleApplication@44e0ac9b
----------------- Done invoking toplevel() on ptolemy.moml.MoMLSimpleApplication@44e0ac9b
reloadAllAccessors: .functionsOnArcsHOF

===========================================================================================
----------------- testing Sat Mar 28 13:43:46 UTC 2020 /home/travis/build/icyphy/ptII/ptolemy/actor/lib/test/auto/logic.xml
----------------- Instantiating /home/travis/build/icyphy/ptII/ptolemy/actor/lib/test/auto/logic.xml
1 ms. Memory: 468992K Free: 313094K (67%)
----------------- Invoking toplevel() on ptolemy.moml.MoMLSimpleApplication@e35848d
----------------- Done invoking toplevel() on ptolemy.moml.MoMLSimpleApplication@e35848d
reloadAllAccessors: .logic

===========================================================================================
----------------- testing Sat Mar 28 13:43:46 UTC 2020 /home/travis/build/icyphy/ptII/ptolemy/actor/lib/test/auto/matrixType.xml
----------------- Instantiating /home/travis/build/icyphy/ptII/ptolemy/actor/lib/test/auto/matrixType.xml
1 ms. Memory: 468992K Free: 307460K (66%)
----------------- Invoking toplevel() on ptolemy.moml.MoMLSimpleApplication@19d112a7
----------------- Done invoking toplevel() on ptolemy.moml.MoMLSimpleApplication@19d112a7
reloadAllAccessors: .matrixType

===========================================================================================
----------------- testing Sat Mar 28 13:43:46 UTC 2020 /home/travis/build/icyphy/ptII/ptolemy/actor/lib/test/auto/matrixType10.xml
----------------- Instantiating /home/travis/build/icyphy/ptII/ptolemy/actor/lib/test/auto/matrixType10.xml
1 ms. Memory: 468992K Free: 302854K (65%)
----------------- Invoking toplevel() on ptolemy.moml.MoMLSimpleApplication@372ff1ea
----------------- Done invoking toplevel() on ptolemy.moml.MoMLSimpleApplication@372ff1ea
reloadAllAccessors: .matrixType10

===========================================================================================
----------------- testing Sat Mar 28 13:43:46 UTC 2020 /home/travis/build/icyphy/ptII/ptolemy/actor/lib/test/auto/matrixType11.xml
----------------- Instantiating /home/travis/build/icyphy/ptII/ptolemy/actor/lib/test/auto/matrixType11.xml
1 ms. Memory: 468992K Free: 297734K (63%)
----------------- Invoking toplevel() on ptolemy.moml.MoMLSimpleApplication@6e4cea39
----------------- Done invoking toplevel() on ptolemy.moml.MoMLSimpleApplication@6e4cea39
reloadAllAccessors: .matrixType11

===========================================================================================
----------------- testing Sat Mar 28 13:43:46 UTC 2020 /home/travis/build/icyphy/ptII/ptolemy/actor/lib/test/auto/matrixType12.xml
----------------- Instantiating /home/travis/build/icyphy/ptII/ptolemy/actor/lib/test/auto/matrixType12.xml
1 ms. Memory: 468992K Free: 293124K (63%)
----------------- Invoking toplevel() on ptolemy.moml.MoMLSimpleApplication@9ccd2f
----------------- Done invoking toplevel() on ptolemy.moml.MoMLSimpleApplication@9ccd2f
reloadAllAccessors: .matrixType12

===========================================================================================
----------------- testing Sat Mar 28 13:43:46 UTC 2020 /home/travis/build/icyphy/ptII/ptolemy/actor/lib/test/auto/matrixType13.xml
----------------- Instantiating /home/travis/build/icyphy/ptII/ptolemy/actor/lib/test/auto/matrixType13.xml
1 ms. Memory: 468992K Free: 288004K (61%)
----------------- Invoking toplevel() on ptolemy.moml.MoMLSimpleApplication@1588c7a5
----------------- Done invoking toplevel() on ptolemy.moml.MoMLSimpleApplication@1588c7a5
reloadAllAccessors: .matrixType13

===========================================================================================
----------------- testing Sat Mar 28 13:43:46 UTC 2020 /home/travis/build/icyphy/ptII/ptolemy/actor/lib/test/auto/matrixType14.xml
----------------- Instantiating /home/travis/build/icyphy/ptII/ptolemy/actor/lib/test/auto/matrixType14.xml
2 ms. Memory: 468992K Free: 282884K (60%)
----------------- Invoking toplevel() on ptolemy.moml.MoMLSimpleApplication@5ef9c1af
----------------- Done invoking toplevel() on ptolemy.moml.MoMLSimpleApplication@5ef9c1af
reloadAllAccessors: .matrixType14

===========================================================================================
----------------- testing Sat Mar 28 13:43:46 UTC 2020 /home/travis/build/icyphy/ptII/ptolemy/actor/lib/test/auto/matrixType2.xml
----------------- Instantiating /home/travis/build/icyphy/ptII/ptolemy/actor/lib/test/auto/matrixType2.xml
2 ms. Memory: 468992K Free: 277764K (59%)
----------------- Invoking toplevel() on ptolemy.moml.MoMLSimpleApplication@41bdd199
----------------- Done invoking toplevel() on ptolemy.moml.MoMLSimpleApplication@41bdd199
reloadAllAccessors: .matrixType2

===========================================================================================
----------------- testing Sat Mar 28 13:43:46 UTC 2020 /home/travis/build/icyphy/ptII/ptolemy/actor/lib/test/auto/matrixType3.xml
----------------- Instantiating /home/travis/build/icyphy/ptII/ptolemy/actor/lib/test/auto/matrixType3.xml
3 ms. Memory: 468992K Free: 273158K (58%)
----------------- Invoking toplevel() on ptolemy.moml.MoMLSimpleApplication@3af79758
----------------- Done invoking toplevel() on ptolemy.moml.MoMLSimpleApplication@3af79758
reloadAllAccessors: .matrixType3

===========================================================================================
----------------- testing Sat Mar 28 13:43:46 UTC 2020 /home/travis/build/icyphy/ptII/ptolemy/actor/lib/test/auto/matrixType4.xml
----------------- Instantiating /home/travis/build/icyphy/ptII/ptolemy/actor/lib/test/auto/matrixType4.xml
1 ms. Memory: 468992K Free: 268038K (57%)
----------------- Invoking toplevel() on ptolemy.moml.MoMLSimpleApplication@741a51b0
----------------- Done invoking toplevel() on ptolemy.moml.MoMLSimpleApplication@741a51b0
reloadAllAccessors: .matrixType4

===========================================================================================
----------------- testing Sat Mar 28 13:43:46 UTC 2020 /home/travis/build/icyphy/ptII/ptolemy/actor/lib/test/auto/matrixType5.xml
----------------- Instantiating /home/travis/build/icyphy/ptII/ptolemy/actor/lib/test/auto/matrixType5.xml
1 ms. Memory: 468992K Free: 263428K (56%)
----------------- Invoking toplevel() on ptolemy.moml.MoMLSimpleApplication@40f7fc14
----------------- Done invoking toplevel() on ptolemy.moml.MoMLSimpleApplication@40f7fc14
reloadAllAccessors: .matrixType5

===========================================================================================
----------------- testing Sat Mar 28 13:43:46 UTC 2020 /home/travis/build/icyphy/ptII/ptolemy/actor/lib/test/auto/matrixType6.xml
----------------- Instantiating /home/travis/build/icyphy/ptII/ptolemy/actor/lib/test/auto/matrixType6.xml
0 ms. Memory: 468992K Free: 258308K (55%)
----------------- Invoking toplevel() on ptolemy.moml.MoMLSimpleApplication@6256c091
----------------- Done invoking toplevel() on ptolemy.moml.MoMLSimpleApplication@6256c091
reloadAllAccessors: .matrixType6

===========================================================================================
----------------- testing Sat Mar 28 13:43:46 UTC 2020 /home/travis/build/icyphy/ptII/ptolemy/actor/lib/test/auto/matrixType7.xml
----------------- Instantiating /home/travis/build/icyphy/ptII/ptolemy/actor/lib/test/auto/matrixType7.xml
1 ms. Memory: 468992K Free: 253702K (54%)
----------------- Invoking toplevel() on ptolemy.moml.MoMLSimpleApplication@1b11eb6f
----------------- Done invoking toplevel() on ptolemy.moml.MoMLSimpleApplication@1b11eb6f
reloadAllAccessors: .matrixType7

===========================================================================================
----------------- testing Sat Mar 28 13:43:46 UTC 2020 /home/travis/build/icyphy/ptII/ptolemy/actor/lib/test/auto/matrixType8.xml
----------------- Instantiating /home/travis/build/icyphy/ptII/ptolemy/actor/lib/test/auto/matrixType8.xml
1 ms. Memory: 468992K Free: 248582K (53%)
----------------- Invoking toplevel() on ptolemy.moml.MoMLSimpleApplication@543821ab
----------------- Done invoking toplevel() on ptolemy.moml.MoMLSimpleApplication@543821ab
reloadAllAccessors: .matrixType8

===========================================================================================
----------------- testing Sat Mar 28 13:43:46 UTC 2020 /home/travis/build/icyphy/ptII/ptolemy/actor/lib/test/auto/matrixType9.xml
----------------- Instantiating /home/travis/build/icyphy/ptII/ptolemy/actor/lib/test/auto/matrixType9.xml
1 ms. Memory: 468992K Free: 243972K (52%)
----------------- Invoking toplevel() on ptolemy.moml.MoMLSimpleApplication@1fbbaf1e
----------------- Done invoking toplevel() on ptolemy.moml.MoMLSimpleApplication@1fbbaf1e
reloadAllAccessors: .matrixType9

===========================================================================================
----------------- testing Sat Mar 28 13:43:46 UTC 2020 /home/travis/build/icyphy/ptII/ptolemy/actor/lib/test/auto/paraFunctest.xml
----------------- Instantiating /home/travis/build/icyphy/ptII/ptolemy/actor/lib/test/auto/paraFunctest.xml
1 ms. Memory: 468992K Free: 239876K (51%)
----------------- Invoking toplevel() on ptolemy.moml.MoMLSimpleApplication@7fe71813
----------------- Done invoking toplevel() on ptolemy.moml.MoMLSimpleApplication@7fe71813
reloadAllAccessors: .paraFunctest

===========================================================================================
----------------- testing Sat Mar 28 13:43:47 UTC 2020 /home/travis/build/icyphy/ptII/ptolemy/actor/lib/test/auto/paraFunctest2.xml
----------------- Instantiating /home/travis/build/icyphy/ptII/ptolemy/actor/lib/test/auto/paraFunctest2.xml
2 ms. Memory: 468992K Free: 235780K (50%)
----------------- Invoking toplevel() on ptolemy.moml.MoMLSimpleApplication@620199f0
----------------- Done invoking toplevel() on ptolemy.moml.MoMLSimpleApplication@620199f0
reloadAllAccessors: .paraFunctest2

===========================================================================================
----------------- testing Sat Mar 28 13:43:47 UTC 2020 /home/travis/build/icyphy/ptII/ptolemy/actor/lib/test/auto/parameterPassing.xml
----------------- Instantiating /home/travis/build/icyphy/ptII/ptolemy/actor/lib/test/auto/parameterPassing.xml
1 ms. Memory: 468992K Free: 231174K (49%)
----------------- Invoking toplevel() on ptolemy.moml.MoMLSimpleApplication@610aa827
----------------- Done invoking toplevel() on ptolemy.moml.MoMLSimpleApplication@610aa827
reloadAllAccessors: .parameterPassing

===========================================================================================
----------------- testing Sat Mar 28 13:43:47 UTC 2020 /home/travis/build/icyphy/ptII/ptolemy/actor/lib/test/auto/record.xml
----------------- Instantiating /home/travis/build/icyphy/ptII/ptolemy/actor/lib/test/auto/record.xml
2 ms. Memory: 468992K Free: 226054K (48%)
----------------- Invoking toplevel() on ptolemy.moml.MoMLSimpleApplication@79d73444
----------------- Done invoking toplevel() on ptolemy.moml.MoMLSimpleApplication@79d73444
reloadAllAccessors: .record

===========================================================================================
----------------- testing Sat Mar 28 13:43:47 UTC 2020 /home/travis/build/icyphy/ptII/ptolemy/actor/lib/test/auto/sizedarray1.xml
----------------- Instantiating /home/travis/build/icyphy/ptII/ptolemy/actor/lib/test/auto/sizedarray1.xml
2 ms. Memory: 468992K Free: 220934K (47%)
----------------- Invoking toplevel() on ptolemy.moml.MoMLSimpleApplication@16f190b6
----------------- Done invoking toplevel() on ptolemy.moml.MoMLSimpleApplication@16f190b6
reloadAllAccessors: .sizedarray1

===========================================================================================
----------------- testing Sat Mar 28 13:43:47 UTC 2020 /home/travis/build/icyphy/ptII/ptolemy/actor/lib/test/auto/sizedarray2.xml
----------------- Instantiating /home/travis/build/icyphy/ptII/ptolemy/actor/lib/test/auto/sizedarray2.xml
2 ms. Memory: 468992K Free: 215300K (46%)
----------------- Invoking toplevel() on ptolemy.moml.MoMLSimpleApplication@249bbeac
----------------- Done invoking toplevel() on ptolemy.moml.MoMLSimpleApplication@249bbeac
reloadAllAccessors: .sizedarray2

===========================================================================================
----------------- testing Sat Mar 28 13:43:47 UTC 2020 /home/travis/build/icyphy/ptII/ptolemy/actor/lib/test/auto/twoPublishers.xml
----------------- Instantiating /home/travis/build/icyphy/ptII/ptolemy/actor/lib/test/auto/twoPublishers.xml
5 ms. Memory: 468992K Free: 205060K (44%)
----------------- Invoking toplevel() on ptolemy.moml.MoMLSimpleApplication@504eb05a
----------------- Done invoking toplevel() on ptolemy.moml.MoMLSimpleApplication@504eb05a
reloadAllAccessors: .twoPublishers
AutoTests.java: About to close Vertx.
AutoTests.java: Vertx closed.
]]></system-out>
  <system-err><![CDATA[java.lang.RuntimeException: Execution failed
	at ptolemy.moml.MoMLSimpleApplication$UnloadThread.run(MoMLSimpleApplication.java:402)
Caused by: java.lang.RuntimeException: StringUtilities.exit() was called. Normally, we would exit here because Manager.exitAfterWrapup() was called.  However, because the ptolemy.ptII.exitAfterWrapup property is set, we throw this exception instead.
	at ptolemy.util.StringUtilities.exit(StringUtilities.java:365)
	at ptolemy.actor.Manager.wrapup(Manager.java:1549)
	at ptolemy.actor.Manager.execute(Manager.java:407)
	at ptolemy.actor.Manager.run(Manager.java:1263)
	at ptolemy.actor.Manager$PtolemyRunThread.run(Manager.java:1933)
Warning: '.top.test' is in training mode, set the trainingMode parameter to false before checking in
Warning: '.top.test' is in training mode, set the trainingMode parameter to false before checking in
Warning: '.top.test' is in training mode, set the trainingMode parameter to false before checking in
Warning: '.BooleanSwitch_RegressionTest_WrongTrainingValues.Test' is in training mode, set the trainingMode parameter to false before checking in
Warning: '.BooleanSwitch_RegressionTest_WrongTrainingValues.Test2' is in training mode, set the trainingMode parameter to false before checking in
Warning: '.BooleanSwitch_RegressionTest_WrongTrainingValues.Test2' The test produced 0 tokens.
Warning: '.top.testExceptionHandler' is in training mode, set the trainingMode parameter to false before checking in
java.lang.RuntimeException: Execution failed
	at ptolemy.moml.MoMLSimpleApplication$UnloadThread.run(MoMLSimpleApplication.java:402)
Caused by: ptolemy.kernel.util.IllegalActionException: PublisherPorts cannot be used at the top level, use a Publisher actor instead.
  in .PublisherPortToplevelSubscriber.PublisherPort
	at ptolemy.actor.PublisherPort.preinitialize(PublisherPort.java:403)
	at ptolemy.actor.CompositeActor.preinitialize(CompositeActor.java:1769)
	at ptolemy.actor.Manager.preinitializeAndResolveTypes(Manager.java:1040)
	at ptolemy.actor.Manager.initialize(Manager.java:710)
	at ptolemy.actor.Manager.execute(Manager.java:356)
	at ptolemy.actor.Manager.run(Manager.java:1263)
	at ptolemy.actor.Manager$PtolemyRunThread.run(Manager.java:1933)
java.lang.reflect.InvocationTargetException
	at java.base/jdk.internal.reflect.NativeConstructorAccessorImpl.newInstance0(Native Method)
	at java.base/jdk.internal.reflect.NativeConstructorAccessorImpl.newInstance(NativeConstructorAccessorImpl.java:62)
	at java.base/jdk.internal.reflect.DelegatingConstructorAccessorImpl.newInstance(DelegatingConstructorAccessorImpl.java:45)
	at java.base/java.lang.reflect.Constructor.newInstance(Constructor.java:490)
	at ptolemy.util.test.junit.AutoKnownFailedTests.RunModel(AutoKnownFailedTests.java:105)
	at java.base/jdk.internal.reflect.NativeMethodAccessorImpl.invoke0(Native Method)
	at java.base/jdk.internal.reflect.NativeMethodAccessorImpl.invoke(NativeMethodAccessorImpl.java:62)
	at java.base/jdk.internal.reflect.DelegatingMethodAccessorImpl.invoke(DelegatingMethodAccessorImpl.java:43)
	at java.base/java.lang.reflect.Method.invoke(Method.java:566)
	at org.junit.runners.model.FrameworkMethod$1.runReflectiveCall(FrameworkMethod.java:44)
	at org.junit.internal.runners.model.ReflectiveCallable.run(ReflectiveCallable.java:15)
	at org.junit.runners.model.FrameworkMethod.invokeExplosively(FrameworkMethod.java:41)
	at junitparams.internal.InvokeParameterisedMethod.evaluate(InvokeParameterisedMethod.java:102)
	at org.junit.internal.runners.statements.FailOnTimeout$1.run(FailOnTimeout.java:28)
Caused by: ptolemy.kernel.util.IllegalActionException: PublisherPorts cannot be used at the top level, use a Publisher actor instead.
  in .PublisherPortToplevelSubscriber.PublisherPort
	at ptolemy.actor.PublisherPort.preinitialize(PublisherPort.java:403)
	at ptolemy.actor.CompositeActor.preinitialize(CompositeActor.java:1769)
	at ptolemy.actor.Manager.preinitializeAndResolveTypes(Manager.java:1040)
	at ptolemy.actor.Manager.initialize(Manager.java:710)
	at ptolemy.actor.Manager.execute(Manager.java:356)
	at ptolemy.actor.Manager.run(Manager.java:1263)
	at ptolemy.actor.Manager$PtolemyRunThread.run(Manager.java:1933)
java.lang.RuntimeException: Execution failed
	at ptolemy.moml.MoMLSimpleApplication$UnloadThread.run(MoMLSimpleApplication.java:402)
Caused by: ptolemy.kernel.util.IllegalActionException: SubscriberPorts cannot be used at the top level, use a Subscriber actor instead.
  in .PublisherSubscriberPortToplevel.SubscriberPort
	at ptolemy.actor.SubscriberPort.preinitialize(SubscriberPort.java:328)
	at ptolemy.actor.CompositeActor.preinitialize(CompositeActor.java:1769)
	at ptolemy.actor.Manager.preinitializeAndResolveTypes(Manager.java:1040)
	at ptolemy.actor.Manager.initialize(Manager.java:710)
	at ptolemy.actor.Manager.execute(Manager.java:356)
	at ptolemy.actor.Manager.run(Manager.java:1263)
	at ptolemy.actor.Manager$PtolemyRunThread.run(Manager.java:1933)
java.lang.reflect.InvocationTargetException
	at java.base/jdk.internal.reflect.NativeConstructorAccessorImpl.newInstance0(Native Method)
	at java.base/jdk.internal.reflect.NativeConstructorAccessorImpl.newInstance(NativeConstructorAccessorImpl.java:62)
	at java.base/jdk.internal.reflect.DelegatingConstructorAccessorImpl.newInstance(DelegatingConstructorAccessorImpl.java:45)
	at java.base/java.lang.reflect.Constructor.newInstance(Constructor.java:490)
	at ptolemy.util.test.junit.AutoKnownFailedTests.RunModel(AutoKnownFailedTests.java:105)
	at java.base/jdk.internal.reflect.NativeMethodAccessorImpl.invoke0(Native Method)
	at java.base/jdk.internal.reflect.NativeMethodAccessorImpl.invoke(NativeMethodAccessorImpl.java:62)
	at java.base/jdk.internal.reflect.DelegatingMethodAccessorImpl.invoke(DelegatingMethodAccessorImpl.java:43)
	at java.base/java.lang.reflect.Method.invoke(Method.java:566)
	at org.junit.runners.model.FrameworkMethod$1.runReflectiveCall(FrameworkMethod.java:44)
	at org.junit.internal.runners.model.ReflectiveCallable.run(ReflectiveCallable.java:15)
	at org.junit.runners.model.FrameworkMethod.invokeExplosively(FrameworkMethod.java:41)
	at junitparams.internal.InvokeParameterisedMethod.evaluate(InvokeParameterisedMethod.java:102)
	at org.junit.internal.runners.statements.FailOnTimeout$1.run(FailOnTimeout.java:28)
Caused by: ptolemy.kernel.util.IllegalActionException: SubscriberPorts cannot be used at the top level, use a Subscriber actor instead.
  in .PublisherSubscriberPortToplevel.SubscriberPort
	at ptolemy.actor.SubscriberPort.preinitialize(SubscriberPort.java:328)
	at ptolemy.actor.CompositeActor.preinitialize(CompositeActor.java:1769)
	at ptolemy.actor.Manager.preinitializeAndResolveTypes(Manager.java:1040)
	at ptolemy.actor.Manager.initialize(Manager.java:710)
	at ptolemy.actor.Manager.execute(Manager.java:356)
	at ptolemy.actor.Manager.run(Manager.java:1263)
	at ptolemy.actor.Manager$PtolemyRunThread.run(Manager.java:1933)
java.lang.RuntimeException: Execution failed
	at ptolemy.moml.MoMLSimpleApplication$UnloadThread.run(MoMLSimpleApplication.java:402)
Caused by: ptolemy.kernel.util.IllegalActionException: SubscriptionAggregatorPorts cannot be used at the top level, use a SubscriptionAggregator actor instead.
  in .PublisherSubscriptionAggregatorPort.SubscriptionAggregatorPort
	at ptolemy.actor.SubscriptionAggregatorPort.preinitialize(SubscriptionAggregatorPort.java:353)
	at ptolemy.actor.CompositeActor.preinitialize(CompositeActor.java:1769)
	at ptolemy.actor.Manager.preinitializeAndResolveTypes(Manager.java:1040)
	at ptolemy.actor.Manager.initialize(Manager.java:710)
	at ptolemy.actor.Manager.execute(Manager.java:356)
	at ptolemy.actor.Manager.run(Manager.java:1263)
	at ptolemy.actor.Manager$PtolemyRunThread.run(Manager.java:1933)
java.lang.reflect.InvocationTargetException
	at java.base/jdk.internal.reflect.NativeConstructorAccessorImpl.newInstance0(Native Method)
	at java.base/jdk.internal.reflect.NativeConstructorAccessorImpl.newInstance(NativeConstructorAccessorImpl.java:62)
	at java.base/jdk.internal.reflect.DelegatingConstructorAccessorImpl.newInstance(DelegatingConstructorAccessorImpl.java:45)
	at java.base/java.lang.reflect.Constructor.newInstance(Constructor.java:490)
	at ptolemy.util.test.junit.AutoKnownFailedTests.RunModel(AutoKnownFailedTests.java:105)
	at java.base/jdk.internal.reflect.NativeMethodAccessorImpl.invoke0(Native Method)
	at java.base/jdk.internal.reflect.NativeMethodAccessorImpl.invoke(NativeMethodAccessorImpl.java:62)
	at java.base/jdk.internal.reflect.DelegatingMethodAccessorImpl.invoke(DelegatingMethodAccessorImpl.java:43)
	at java.base/java.lang.reflect.Method.invoke(Method.java:566)
	at org.junit.runners.model.FrameworkMethod$1.runReflectiveCall(FrameworkMethod.java:44)
	at org.junit.internal.runners.model.ReflectiveCallable.run(ReflectiveCallable.java:15)
	at org.junit.runners.model.FrameworkMethod.invokeExplosively(FrameworkMethod.java:41)
	at junitparams.internal.InvokeParameterisedMethod.evaluate(InvokeParameterisedMethod.java:102)
	at org.junit.internal.runners.statements.FailOnTimeout$1.run(FailOnTimeout.java:28)
Caused by: ptolemy.kernel.util.IllegalActionException: SubscriptionAggregatorPorts cannot be used at the top level, use a SubscriptionAggregator actor instead.
  in .PublisherSubscriptionAggregatorPort.SubscriptionAggregatorPort
	at ptolemy.actor.SubscriptionAggregatorPort.preinitialize(SubscriptionAggregatorPort.java:353)
	at ptolemy.actor.CompositeActor.preinitialize(CompositeActor.java:1769)
	at ptolemy.actor.Manager.preinitializeAndResolveTypes(Manager.java:1040)
	at ptolemy.actor.Manager.initialize(Manager.java:710)
	at ptolemy.actor.Manager.execute(Manager.java:356)
	at ptolemy.actor.Manager.run(Manager.java:1263)
	at ptolemy.actor.Manager$PtolemyRunThread.run(Manager.java:1933)
java.lang.RuntimeException: Execution failed
	at ptolemy.moml.MoMLSimpleApplication$UnloadThread.run(MoMLSimpleApplication.java:402)
Caused by: ptolemy.kernel.util.IllegalActionException: TypeTest actor has no training data.
  in .sizedarray3.TypeTest
	at ptolemy.actor.lib.TypeTest.initialize(TypeTest.java:250)
	at ptolemy.actor.Director.initialize(Director.java:938)
	at ptolemy.actor.Director.initialize(Director.java:907)
	at ptolemy.actor.sched.StaticSchedulingDirector.initialize(StaticSchedulingDirector.java:159)
	at ptolemy.domains.sdf.kernel.SDFDirector.initialize(SDFDirector.java:544)
	at ptolemy.actor.CompositeActor.initialize(CompositeActor.java:935)
	at ptolemy.actor.Manager.initialize(Manager.java:724)
	at ptolemy.actor.Manager.execute(Manager.java:356)
	at ptolemy.actor.Manager.run(Manager.java:1263)
	at ptolemy.actor.Manager$PtolemyRunThread.run(Manager.java:1933)
java.lang.reflect.InvocationTargetException
	at java.base/jdk.internal.reflect.NativeConstructorAccessorImpl.newInstance0(Native Method)
	at java.base/jdk.internal.reflect.NativeConstructorAccessorImpl.newInstance(NativeConstructorAccessorImpl.java:62)
	at java.base/jdk.internal.reflect.DelegatingConstructorAccessorImpl.newInstance(DelegatingConstructorAccessorImpl.java:45)
	at java.base/java.lang.reflect.Constructor.newInstance(Constructor.java:490)
	at ptolemy.util.test.junit.AutoKnownFailedTests.RunModel(AutoKnownFailedTests.java:105)
	at java.base/jdk.internal.reflect.NativeMethodAccessorImpl.invoke0(Native Method)
	at java.base/jdk.internal.reflect.NativeMethodAccessorImpl.invoke(NativeMethodAccessorImpl.java:62)
	at java.base/jdk.internal.reflect.DelegatingMethodAccessorImpl.invoke(DelegatingMethodAccessorImpl.java:43)
	at java.base/java.lang.reflect.Method.invoke(Method.java:566)
	at org.junit.runners.model.FrameworkMethod$1.runReflectiveCall(FrameworkMethod.java:44)
	at org.junit.internal.runners.model.ReflectiveCallable.run(ReflectiveCallable.java:15)
	at org.junit.runners.model.FrameworkMethod.invokeExplosively(FrameworkMethod.java:41)
	at junitparams.internal.InvokeParameterisedMethod.evaluate(InvokeParameterisedMethod.java:102)
	at org.junit.internal.runners.statements.FailOnTimeout$1.run(FailOnTimeout.java:28)
Caused by: ptolemy.kernel.util.IllegalActionException: TypeTest actor has no training data.
  in .sizedarray3.TypeTest
	at ptolemy.actor.lib.TypeTest.initialize(TypeTest.java:250)
	at ptolemy.actor.Director.initialize(Director.java:938)
	at ptolemy.actor.Director.initialize(Director.java:907)
	at ptolemy.actor.sched.StaticSchedulingDirector.initialize(StaticSchedulingDirector.java:159)
	at ptolemy.domains.sdf.kernel.SDFDirector.initialize(SDFDirector.java:544)
	at ptolemy.actor.CompositeActor.initialize(CompositeActor.java:935)
	at ptolemy.actor.Manager.initialize(Manager.java:724)
	at ptolemy.actor.Manager.execute(Manager.java:356)
	at ptolemy.actor.Manager.run(Manager.java:1263)
	at ptolemy.actor.Manager$PtolemyRunThread.run(Manager.java:1933)
]]></system-err>
</testsuite>
