<?xml version="1.0" encoding="UTF-8" ?>
<testsuite errors="0" failures="0" hostname="travis-job-b3df4149-717e-47e9-962b-77651c75944a" name="ptolemy.domains.de.test.junit.JUnitTclTest" skipped="0" tests="101" time="128.514" timestamp="2018-11-20T02:50:38">
  <properties>
    <property name="npm.executable" value="npm" />
    <property name="file.encoding.pkg" value="sun.io" />
    <property name="env.TRAVIS_ROOT" value="/" />
    <property name="ptII.mk.exists" value="true" />
    <property name="env.TRAVIS_APP_HOST" value="build.travis-ci.org" />
    <property name="env.rvm_bin_path" value="/home/travis/.rvm/bin" />
    <property name="java.home" value="/usr/lib/jvm/java-8-oracle/jre" />
    <property name="env.TRAVIS_JOB_NUMBER" value="828.9" />
    <property name="env.TRAVIS_HOME" value="/home/travis" />
    <property name="env.DISPLAY" value=":99.0" />
    <property name="java.net.preferIPv4Stack" value="true" />
    <property name="env.TRAVIS_INIT" value="upstart" />
    <property name="env.SSH_TTY" value="/dev/pts/0" />
    <property name="env.RUN_TESTS" value="false" />
    <property name="timeout.short" value="1000000" />
    <property name="env.TRAVIS_JOB_NAME" value="" />
    <property name="env.TRAVIS_STACK_NODE_ATTRIBUTES" value="/.node-attributes.yml" />
    <property name="junit.formatter" value="xml" />
    <property name="java.endorsed.dirs" value="/usr/lib/jvm/java-8-oracle/jre/lib/endorsed" />
    <property name="env.TRAVIS_SUDO" value="true" />
    <property name="env.LOGNAME" value="travis" />
    <property name="jsdoc.home" value="node_modules/@terraswarm/jsdoc" />
    <property name="debuglevel" value="source,lines,vars" />
    <property name="checkstyle.formatter" value="xml" />
    <property name="bin.vergil.makeable" value="true" />
    <property name="env._system_version" value="14.04" />
    <property name="sun.os.patch.level" value="unknown" />
    <property name="java.vendor.url" value="http://java.oracle.com/" />
    <property name="env.TRAVIS_BUILD_WEB_URL" value="https://travis-ci.org/icyphy/ptII/builds/457266847" />
    <property name="java.version" value="1.8.0_151" />
    <property name="env.TZ" value="UTC" />
    <property name="env.PT_NO_NET" value="true" />
    <property name="env.TRAVIS_PULL_REQUEST_SHA" value="" />
    <property name="env.TRAVIS_SECURE_ENV_VARS" value="true" />
    <property name="env._system_type" value="Linux" />
    <property name="java.vendor.url.bug" value="http://bugreport.sun.com/bugreport/" />
    <property name="env.SSH_CLIENT" value="10.10.16.51 56624 22" />
    <property name="npmjs-org-is-up" value="true" />
    <property name="env.GEM_HOME" value="/home/travis/.rvm/gems/ruby-2.4.1" />
    <property name="env.HAS_ANTARES_THREE_LITTLE_FRONZIES_BADGE" value="true" />
    <property name="env.PS4" value="+" />
    <property name="ant.project.invoked-targets" value="build,test.core2.xml" />
    <property name="env.TRAVIS_PULL_REQUEST_BRANCH" value="" />
    <property name="env.TRAVIS_REPO_SLUG" value="icyphy/ptII" />
    <property name="node.in.path" value="true" />
    <property name="java.maxmemory" value="1400m" />
    <property name="env.RUBY_VERSION" value="ruby-2.4.1" />
    <property name="user.name" value="travis" />
    <property name="env.LANG" value="en_US.UTF-8" />
    <property name="sun.io.unicode.encoding" value="UnicodeLittle" />
    <property name="sun.jnu.encoding" value="UTF-8" />
    <property name="java.runtime.name" value="Java(TM) SE Runtime Environment" />
    <property name="usefile" value="false" />
    <property name="return.code" value="0" />
    <property name="junit.single.formatter" value="plain" />
    <property name="env.DYLD_LIBRARY_PATH" value="/home/travis/pthla/certi-tools/lib:" />
    <property name="env.DEBIAN_FRONTEND" value="noninteractive" />
    <property name="env.SSH_CONNECTION" value="10.10.16.51 56624 10.20.0.6 22" />
    <property name="env.MYSQL_UNIX_PORT" value="/var/run/mysqld/mysqld.sock" />
    <property name="env.TRAVIS_ALLOW_FAILURE" value="false" />
    <property name="env.LC_ALL" value="en_US.UTF-8" />
    <property name="env.TRAVIS_JOB_WEB_URL" value="https://travis-ci.org/icyphy/ptII/jobs/457266860" />
    <property name="java.specification.name" value="Java Platform API Specification" />
    <property name="node.works" value="true" />
    <property name="user.timezone" value="" />
    <property name="path.separator" value=":" />
    <property name="env.TRAVIS_ENABLE_INFRA_DETECTION" value="true" />
    <property name="env.PYTHON_CFLAGS" value="-g -fstack-protector --param=ssp-buffer-size=4 -Wformat -Werror=format-security" />
    <property name="timeout.long" value="4000000" />
    <property name="env.CERTI_HOME" value="/home/travis/pthla/certi-tools" />
    <property name="file.encoding" value="UTF-8" />
    <property name="ant.file.ptII" value="/home/travis/build/icyphy/ptII/build.xml" />
    <property name="javadoc.packagenames" value="com.*,diva.*,lbnl.*,org.hlacerti.*,org.json.*,org.ptolemy.*,org.terraswarm.*,ptolemy.*,ptserver.*" />
    <property name="env.TRAVIS_PULL_REQUEST_SLUG" value="" />
    <property name="ant.project.default-target" value="build" />
    <property name="env.GIT_ASKPASS" value="echo" />
    <property name="env.HOME" value="/home/travis" />
    <property name="sun.java.command" value="org.apache.tools.ant.taskdefs.optional.junit.JUnitTestRunner ptolemy.domains.de.test.junit.JUnitTclTest skipNonTests=false filtertrace=true haltOnError=false haltOnFailure=false formatter=org.apache.tools.ant.taskdefs.optional.junit.OutErrSummaryJUnitResultFormatter showoutput=true outputtoformatters=true logfailedtests=true threadid=0 logtestlistenerevents=false formatter=org.apache.tools.ant.taskdefs.optional.junit.XMLJUnitResultFormatter,/home/travis/build/icyphy/ptII/reports/junit/TEST-ptolemy.domains.de.test.junit.JUnitTclTest.xml crashfile=/home/travis/build/icyphy/ptII/junitvmwatcher1909955820372280070.properties propsfile=/home/travis/build/icyphy/ptII/junit4386246607123382317.properties" />
    <property name="env.MANPATH" value="/home/travis/.nvm/versions/node/v7.10.1/share/man:/home/travis/.kiex/elixirs/elixir-1.4.5/man:/home/travis/.rvm/rubies/ruby-2.4.1/share/man:/usr/local/man:/usr/local/cmake-3.9.2/man:/usr/local/clang-5.0.0/share/man:/usr/local/share/man:/usr/share/man:/home/travis/.rvm/man" />
    <property name="env.COMPOSER_NO_INTERACTION" value="1" />
    <property name="env.JDK_SWITCHER_DEFAULT" value="oraclejdk8" />
    <property name="env.TRAVIS_TIMER_ID" value="15a513a8" />
    <property name="ant.file" value="/home/travis/build/icyphy/ptII/build.xml" />
    <property name="env.TRAVIS_COMMIT_RANGE" value="2ea8dca402f120d32696ec2d734f026f0f268dab...2564f68444ee18bbeb264e9bfe5a2416699484f3" />
    <property name="env._system_name" value="Ubuntu" />
    <property name="timeout" value="2400000" />
    <property name="ptII.classpath.optional.property" value="/home/travis/build/icyphy/ptII/lib/bsh-2.0b4.jar:/home/travis/build/icyphy/ptII/lib/ptCal.jar:/home/travis/build/icyphy/ptII/lib/java_cup.jar:/home/travis/build/icyphy/ptII/lib/saxon8.jar:/home/travis/build/icyphy/ptII/lib/saxon8-dom.jar:/home/travis/build/icyphy/ptII/lib/chic.jar:/home/travis/build/icyphy/ptII/lib/ptcolt.jar:/usr/lib/jvm/java-8-oracle/lib/tools.jar:/usr/lib/eclipse/plugins/org.eclipse.jdt.core_3.8.2.dist.jar:/usr/lib/eclipse/plugins/org.eclipse.core.runtime_3.8.0.dist.jar:/usr/lib/eclipse/plugins/org.eclipse.osgi_3.8.1.dist.jar:/usr/lib/eclipse/plugins/org.eclipse.core.resources_3.8.1.dist.jar:/usr/lib/eclipse/plugins/org.eclipse.equinox.common_3.6.100.dist.jar:/usr/lib/eclipse/plugins/org.eclipse.core.jobs_3.5.200.dist.jar:/usr/lib/eclipse/plugins/org.eclipse.core.contenttype_3.4.200.dist.jar:/usr/lib/eclipse/plugins/org.eclipse.equinox.preferences_3.5.0.dist.jar:/usr/lib/eclipse/plugins/org.eclipse.text_3.5.200.dist.jar:/usr/lib/eclipse/plugins/org.eclipse.ui.workbench_3.8.1.dist.jar:/usr/lib/eclipse/plugins/org.eclipse.jface_3.8.0.dist.jar:/usr/lib/eclipse/plugins/org.eclipse.swt_3.8.2.jar:/usr/lib/eclipse/plugins/org.eclipse.jface.text_3.8.1.dist.jar:/usr/lib/eclipse/plugins/org.eclipse.ui.workbench.texteditor_3.8.0.dist.jar:/usr/lib/eclipse/plugins/org.eclipse.ui.editors_3.8.0.dist.jar:/usr/lib/eclipse/plugins/org.eclipse.core.commands_3.6.1.dist.jar:/usr/lib/eclipse/plugins/org.eclipse.equinox.registry_3.5.200.dist.jar:/usr/lib/eclipse/plugins/org.eclipse.ui.console_3.5.100.dist.jar:/usr/lib/eclipse/plugins/org.eclipse.ui.forms_3.5.200.dist.jar:/usr/lib/eclipse/plugins/org.eclipse.ui.ide_3.8.1.dist.jar:/home/travis/build/icyphy/ptII/vendors/oracle/dbxml.jar:/home/travis/build/icyphy/ptII/vendors/oracle/db.jar:/home/travis/build/icyphy/ptII/vendors/misc/itext/iText.jar:/home/travis/build/icyphy/ptII/lib/g4ltl.jar:/home/travis/build/icyphy/ptII/lib/StructuralCoder.jar:/home/travis/build/icyphy/ptII/lib/org-openide-util.jar:/home/travis/build/icyphy/ptII/lib/org-openide-util-lookup.jar:/home/travis/build/icyphy/ptII/lib/org-netbeans-api-visual.jar:/home/travis/build/icyphy/ptII/vendors/jai-1_1_2_01/lib/jai_core.jar:/home/travis/build/icyphy/ptII/vendors/jai-1_1_2_01/lib/jai_codec.jar:/home/travis/build/icyphy/ptII/lib/jcerti.jar:/home/travis/build/icyphy/ptII/lib/smack.jar:/home/travis/build/icyphy/ptII/lib/smackx.jar:/home/travis/build/icyphy/ptII/lib/jetty-all-8.1.5-v20120716.jar:/home/travis/build/icyphy/ptII/lib/javax.servlet-api-3.0.1.jar:/home/travis/build/icyphy/ptII/lib/javax.mail.jar:/home/travis/build/icyphy/ptII/vendors/JMF-2.1.1e/lib/jmf.jar:/home/travis/build/icyphy/ptII/lib/jna-4.0.0-variadic.jar:/home/travis/build/icyphy/ptII/vendors/misc/joystick/Joystick.jar:/home/travis/build/icyphy/ptII/lib/ptjacl.jar:/home/travis/build/icyphy/ptII/lib/jsoup-1.8.2.jar:/home/travis/build/icyphy/ptII/lib/junit-4.8.2.jar:/home/travis/build/icyphy/ptII/lib/JUnitParams-0.4.0.jar:/home/travis/build/icyphy/ptII/ptolemy/actor/lib/excel/jxl.jar:/home/travis/build/icyphy/ptII/lib/jython.jar:/home/travis/build/icyphy/ptII/lib/kieler.jar:/home/travis/build/icyphy/ptII/vendors/opencv/share/OpenCV/java/opencv-341.jar:/home/travis/build/icyphy/ptII/lib/oscP5.jar:/home/travis/build/icyphy/ptII/lib/nrjavaserial-3.11.0.devel.jar:/home/travis/build/icyphy/ptII/vendors/j3d/lib/j3dcore.jar:/home/travis/build/icyphy/ptII/vendors/j3d/lib/j3dutils.jar:/home/travis/build/icyphy/ptII/vendors/j3d/lib/vecmath.jar:/home/travis/build/icyphy/ptII/ptolemy/distributed/jini/jar/jini-core.jar:/home/travis/build/icyphy/ptII/ptolemy/distributed/jini/jar/jini-ext.jar:/home/travis/build/icyphy/ptII/ptolemy/distributed/jini/jar/sun-util.jar:/home/travis/build/icyphy/ptII/lib/protobuf-java-2.4.1.jar:/home/travis/build/icyphy/ptII/lib/org.eclipse.paho.client.mqttv3.jar:/home/travis/build/icyphy/ptII/ptserver/lib/hessian-4.0.7.jar:/home/travis/build/icyphy/ptII/ptserver/lib/wmqtt.jar:/home/travis/build/icyphy/ptII/lib/mapss.jar:/home/travis/build/icyphy/ptII/ptolemy/actor/ptalon/antlr/antlr.jar:/home/travis/build/icyphy/ptII/lib/JRI.jar:/home/travis/build/icyphy/ptII/lib/commons-lang-2.6.jar:/home/travis/build/icyphy/ptII/lib/commons-logging-1.1.1.jar:/home/travis/build/icyphy/ptII/lib/sootclasses.jar:/home/travis/build/icyphy/ptII/ptolemy/actor/lib/database/mysql-connector-java-5.1.6-bin.jar:/home/travis/build/icyphy/ptII/vendors/misc/sphinx4/sphinx4-data-5prealpha.jar:/home/travis/build/icyphy/ptII/vendors/misc/sphinx4/sphinx4-core-5prealpha.jar:/home/travis/build/icyphy/ptII/lib/PDFRenderer.jar:/home/travis/build/icyphy/ptII/lib/svgSalamander.jar:/home/travis/build/icyphy/ptII/lib/rsyntaxtextarea-2.6.0-SNAPSHOT.jar:/home/travis/build/icyphy/ptII/lib/hazelcast-3.8.2.jar:/home/travis/build/icyphy/ptII/lib/jackson-annotations-2.9.0.jar:/home/travis/build/icyphy/ptII/lib/jackson-core-2.9.3.jar:/home/travis/build/icyphy/ptII/lib/jackson-databind-2.9.3.jar:/home/travis/build/icyphy/ptII/lib/netty-buffer-4.1.19.Final.jar:/home/travis/build/icyphy/ptII/lib/netty-codec-4.1.19.Final.jar:/home/travis/build/icyphy/ptII/lib/netty-codec-dns-4.1.19.Final.jar:/home/travis/build/icyphy/ptII/lib/netty-codec-http-4.1.19.Final.jar:/home/travis/build/icyphy/ptII/lib/netty-codec-http2-4.1.19.Final.jar:/home/travis/build/icyphy/ptII/lib/netty-common-4.1.19.Final.jar:/home/travis/build/icyphy/ptII/lib/netty-handler-4.1.19.Final.jar:/home/travis/build/icyphy/ptII/lib/netty-resolver-4.1.19.Final.jar:/home/travis/build/icyphy/ptII/lib/netty-resolver-dns-4.1.19.Final.jar:/home/travis/build/icyphy/ptII/lib/netty-transport-4.1.19.Final.jar:/home/travis/build/icyphy/ptII/lib/vertx-codegen-3.5.1.jar:/home/travis/build/icyphy/ptII/lib/vertx-core-3.5.2-SNAPSHOT.jar:/home/travis/build/icyphy/ptII/lib/vertx-hazelcast-3.5.1.jar:/home/travis/build/icyphy/ptII/lib/vertx-lang-js-3.5.1.jar:/home/travis/build/icyphy/ptII/lib/vertx-service-proxy-3.5.1.jar:/home/travis/build/icyphy/ptII/lib/vertx-web-3.5.1.jar:/home/travis/build/icyphy/ptII/lib/slf4j-api-1.7.13.jar:/home/travis/build/icyphy/ptII/lib/slf4j-simple-1.7.13.jar:/home/travis/build/icyphy/ptII/lib/webcam-capture-0.3.12.jar:/home/travis/build/icyphy/ptII/lib/bridj-0.7.0.jar:/home/travis/build/icyphy/ptII/lib/xbjlib-1.1.0.nrjavaserial.jar" />
    <property name="test.batch" value="**/junit/*.java" />
    <property name="env._" value="/usr/bin/timeout" />
    <property name="java.io.tmpdir" value="/tmp" />
    <property name="env.TRAVIS_INTERNAL_RUBY_REGEX" value="^ruby-(2\.[0-4]\.[0-9]|1\.9\.3)" />
    <property name="user.language" value="en" />
    <property name="env.HISTCONTROL" value="ignoredups:ignorespace" />
    <property name="env.GOROOT" value="/home/travis/.gimme/versions/go1.7.4.linux.amd64" />
    <property name="line.separator" value="&#xa;" />
    <property name="target" value="1.8" />
    <property name="env.TRAVIS_BUILD_DIR" value="/home/travis/build/icyphy/ptII" />
    <property name="env.ANT_OPTS" value="-Xmx2048m" />
    <property name="ant.file.type" value="file" />
    <property name="ptolemy.ptII.batchMode" value="true" />
    <property name="env.HISTSIZE" value="1000" />
    <property name="env.MERB_ENV" value="test" />
    <property name="java.vm.info" value="mixed mode" />
    <property name="source" value="1.8" />
    <property name="java.vm.specification.name" value="Java Virtual Machine Specification" />
    <property name="env.TRAVIS_TEST_RESULT" value="0" />
    <property name="jsdoc.command" value="node_modules/@terraswarm/jsdoc/jsdoc.js" />
    <property name="npm.works" value="true" />
    <property name="cobertura.dir" value="/home/travis/build/icyphy/ptII/vendors/cobertura-2.0.3" />
    <property name="env.rvm_path" value="/home/travis/.rvm" />
    <property name="env.GEM_PATH" value="/home/travis/.rvm/gems/ruby-2.4.1:/home/travis/.rvm/gems/ruby-2.4.1@global" />
    <property name="env.LC_CTYPE" value="en_US.UTF-8" />
    <property name="java.awt.printerjob" value="sun.print.PSPrinterJob" />
    <property name="env.TRAVIS_CMD" value="$PTII/bin/ptIITravisBuild.sh $SECONDS" />
    <property name="env.TRAVIS_STACK_NAME" value="garnet" />
    <property name="env.TRAVIS_TIMER_START_TIME" value="1542681730937511637" />
    <property name="ant.version" value="Apache Ant(TM) version 1.10.1 compiled on February 2 2017" />
    <property name="ptII.reports" value="/home/travis/build/icyphy/ptII/reports" />
    <property name="env.TRAVIS_STACK_TIMESTAMP" value="2017-12-05 19:33:09 UTC" />
    <property name="ant.file.type.ptII" value="file" />
    <property name="env.RBENV_SHELL" value="bash" />
    <property name="os.name" value="Linux" />
    <property name="java.specification.vendor" value="Oracle Corporation" />
    <property name="env.rvm_version" value="1.29.3 (latest)" />
    <property name="env.TRAVIS_INFRA" value="gce" />
    <property name="env.TERM" value="xterm" />
    <property name="java.vm.name" value="Java HotSpot(TM) 64-Bit Server VM" />
    <property name="env.TRAVIS_BUILD_NUMBER" value="828" />
    <property name="env.CI" value="true" />
    <property name="java.library.path" value="/home/travis/pthla/certi-tools/lib:/usr/lib/jni:/usr/local/share/OpenCV/java/:/usr/share/OpenCV/java::/usr/java/packages/lib/amd64:/usr/lib64:/lib64:/lib:/usr/lib" />
    <property name="env.rvm_prefix" value="/home/travis" />
    <property name="env.PATH" value="/home/travis/pthla/certi-tools/share/scripts:/home/travis/.rvm/gems/ruby-2.4.1/bin:/home/travis/.rvm/gems/ruby-2.4.1@global/bin:/home/travis/.rvm/rubies/ruby-2.4.1/bin:/home/travis/.rvm/bin:/home/travis/.nvm/versions/node/v7.10.1/bin:./node_modules/.bin:/home/travis/build/icyphy/ptII/bin:/home/travis/pthla/certi-tools/bin:/home/travis/bin:/home/travis/.local/bin:/opt/pyenv/shims:/home/travis/.phpenv/shims:/home/travis/perl5/perlbrew/bin:/home/travis/.kiex/elixirs/elixir-1.4.5/bin:/home/travis/.kiex/bin:/home/travis/gopath/bin:/home/travis/.gimme/versions/go1.7.4.linux.amd64/bin:/usr/local/phantomjs/bin:/usr/local/phantomjs:/usr/local/neo4j-3.2.7/bin:/usr/local/maven-3.5.2/bin:/usr/local/cmake-3.9.2/bin:/usr/local/clang-5.0.0/bin:/usr/local/sbin:/usr/local/bin:/usr/sbin:/usr/bin:/sbin:/bin:/home/travis/.phpenv/bin:/opt/pyenv/bin:/home/travis/.yarn/bin" />
    <property name="env.TRAVIS_OS_NAME" value="linux" />
    <property name="ant.java.version" value="1.8" />
    <property name="basedir" value="/home/travis/build/icyphy/ptII" />
    <property name="java.class.version" value="52.0" />
    <property name="env.SHLVL" value="3" />
    <property name="env.LD_LIBRARY_PATH" value="/home/travis/pthla/certi-tools/lib:/usr/lib/jni:/usr/local/share/OpenCV/java/:/usr/share/OpenCV/java:" />
    <property name="env.RACK_ENV" value="test" />
    <property name="ant.home" value="/home/travis/build/icyphy/ptII/ant" />
    <property name="env.NVM_DIR" value="/home/travis/.nvm" />
    <property name="env.PERLBREW_BASHRC_VERSION" value="0.80" />
    <property name="env.CERTI_FOM_PATH" value="/home/travis/pthla/certi-tools/share/federations" />
    <property name="env.TRAVIS_BUILD_ID" value="457266847" />
    <property name="env.PYENV_ROOT" value="/opt/pyenv" />
    <property name="env.TRAVIS_UID" value="2000" />
    <property name="env.rvm_pretty_print_flag" value="auto" />
    <property name="env.NVM_BIN" value="/home/travis/.nvm/versions/node/v7.10.1/bin" />
    <property name="env.TRAVIS_COMMIT" value="2564f68444ee18bbeb264e9bfe5a2416699484f3" />
    <property name="env._system_arch" value="x86_64" />
    <property name="node.executable" value="node" />
    <property name="sun.boot.library.path" value="/usr/lib/jvm/java-8-oracle/jre/lib/amd64" />
    <property name="sun.management.compiler" value="HotSpot 64-Bit Tiered Compilers" />
    <property name="java.awt.graphicsenv" value="sun.awt.X11GraphicsEnvironment" />
    <property name="env.GOPATH" value="/home/travis/gopath" />
    <property name="ptolemy.ptII.dir" value="/home/travis/build/icyphy/ptII" />
    <property name="env.USER" value="travis" />
    <property name="env.HISTFILESIZE" value="2000" />
    <property name="timeout.longest" value="19000000" />
    <property name="env.TRAVIS_STACK_FEATURES" value="basic cassandra chromium couchdb disabled-ipv6 docker docker-compose elasticsearch firefox go-toolchain google-chrome jdk memcached mongodb mysql neo4j nodejs_interpreter perl_interpreter perlbrew phantomjs postgresql python_interpreter rabbitmq redis riak ruby_interpreter sqlite xserver" />
    <property name="env.TRAVIS_PULL_REQUEST" value="false" />
    <property name="env.PYENV_SHELL" value="bash" />
    <property name="ant.project.name" value="ptII" />
    <property name="java.vm.specification.version" value="1.8" />
    <property name="env.ANSI_RESET" value="\033[0m" />
    <property name="env.TRAVIS_DIST" value="trusty" />
    <property name="env.CERTI_VERSION" value="4.0.0" />
    <property name="env.NLSPATH" value="/usr/dt/lib/nls/msg/%L/%N.cat" />
    <property name="awt.toolkit" value="sun.awt.X11.XToolkit" />
    <property name="env.CERTI_HOST" value="localhost" />
    <property name="env.MY_RUBY_HOME" value="/home/travis/.rvm/rubies/ruby-2.4.1" />
    <property name="sun.cpu.isalist" value="" />
    <property name="env.TRAVIS_TMPDIR" value="/tmp/tmp.Qzl4JoZeJv" />
    <property name="java.ext.dirs" value="/usr/lib/jvm/java-8-oracle/jre/lib/ext:/usr/java/packages/lib/ext" />
    <property name="os.version" value="4.4.0-101-generic" />
    <property name="user.home" value="/home/travis" />
    <property name="env.MIX_ARCHIVES" value="/home/travis/.kiex/mix/elixir-1.4.5" />
    <property name="java.vm.vendor" value="Oracle Corporation" />
    <property name="env.TRAVIS_TAG" value="nightly" />
    <property name="env.ANSI_YELLOW" value="\033[33;1m" />
    <property name="env.TRAVIS_FILTERED" value="redirect_io" />
    <property name="env.ANSI_GREEN" value="\033[32;1m" />
    <property name="env.JAVA_HOME" value="/usr/lib/jvm/java-8-oracle" />
    <property name="javadoc.excludepackagenames" value="adm.cvs2svn.*,build.*,config.*,doc.coding.templates.*,jni.test.jni.meaningOfLife.*,jni.test.jni.testDeux.*,jni.test.jni.testTrois.*,org.terraswarm.accessor.accessors.web.node_modules.*,org.terraswarm.accessor.accessors.web.hosts.cordova.demo.*,org.terraswarm.accessor.accessors.web.hosts.cordova.plugins.*,org.terraswarm.accessor.accessors-svn.*,pt-modules.*,ptolemy.apps.agilent.*,ptolemy.apps.anytimecontrol.*,ptolemy.apps.apes.*,ptolemy.apps.charon.*,ptolemy.apps.crazyboard.*,ptolemy.apps.eclipse.*,ptolemy.apps.etherealSting.*,ptolemy.apps.fullscreen.*,ptolemy.apps.giotto.*,ptolemy.apps.ia.*,ptolemy.apps.interfaces.*,ptolemy.apps.jmf.*,ptolemy.apps.kurt.*,ptolemy.apps.kvm.*,ptolemy.apps.lego.*,ptolemy.apps.lejos.*,ptolemy.apps.midp.*,ptolemy.apps.mobileCoding.*,ptolemy.apps.pendulum.*,ptolemy.apps.rijndael.*,ptolemy.apps.robot.*,ptolemy.apps.security.*,ptolemy.apps.sobel.*,ptolemy.apps.soot.*,ptolemy.apps.throttle.*,ptolemy.apps.tini.*,ptolemy.apps.transmission.*,ptolemy.apps.vergil.*,ptolemy.apps.waba.*,ptolemy.apps.websensor.*,ptolemy.apps.webstart.*,ptolemy.apps.xsl.*,ptolemy.apps.zaurus.*,ptolemy.backtrack.eclipse.plugin.*,ptolemy.backtrack.test.*,ptolemy.codegen.c.actor.lib.oldJavaFiles.*,ptolemy.codegen.dsp.lib.*,ptolemy.codegen.kernel.newInterfaces.*,ptolemy.codegen.lib.*,ptolemy.copernicus.kernel.fragment.*,ptolemy.copernicus.shallow.cg.*,ptolemy.domains.giotto.demo.Hierarchy.Hierarchy.*,ptolemy.domains.giotto.demo.Multimode.Multimode.*,ptolemy.domains.giotto.demo.Simple.Simple.*,ptolemy.domains.gr.lib.experimental.*,ptolemy.domains.gro.*,ptolemy.domains.pdf.*,ptolemy.domains.ptinyos.demo.Surge.output.*,ptolemy.moml.test.NoPackageActor.java*,ptolemy.plot.adm.*,ptolemy.plot.servlet.*,reports.*,signed.*,src.*,target.*,vendors.*,ptolemy.cg.adapter.generic.program.procedural.c.mbed*,ptolemy.actor.lib.fmi.fmus.omc*,ptolemy.domains.openmodelica*,ptdb.kernel.bl.save.test.*,ptdb.kernel.bl.load.test.*,ptdb.kernel.bl.search.test.*,ptdb.kernel.bl.migration.test.*,ptdb.kernel.database.test.*,ptdb.test.*,ptdb.gui.test.*,org.ptolemy.scala.*,diva.util.java2d.svg.*,ptolemy.domains.ptinyos.*,ptolemy.actor.lib.fmi.fmipp.*,,org.terraswarm.accessor.accessors.web.node_modules.*,org.terraswarm.accessor.accessors-svn,ptolemy.apps.*,ptolemy.actor.ptalon.demo.ptinyos.SendAndReceiveCnt.output,ptolemy.actor.ptalon.demo.ptinyos.SenseToLeds.output,ptolemy.domains.ptinyos.demo.CntToLedsAndRfm.output,ptolemy.domains.ptinyos.demo.RfmToLeds.output,ptolemy.domains.ptinyos.demo.SendAndReceiveCnt.output,ptolemy.domains.ptinyos.demo.SenseToLeds.output,ptolemy.actor.lib.jjs.modules.udpSocket.*" />
    <property name="env.PTII" value="/home/travis/build/icyphy/ptII" />
    <property name="keystore" value="ptKeystore" />
    <property name="env.XDG_SESSION_ID" value="2" />
    <property name="env.TRAVIS_COMMIT_MESSAGE" value="Merge branch &apos;master&apos; of https://github.com/icyphy/ptII" />
    <property name="junit.output.dir" value="/home/travis/build/icyphy/ptII/reports/junit" />
    <property name="npm.return.code" value="0" />
    <property name="user.dir" value="/home/travis/build/icyphy/ptII/ptolemy/domains/de/test" />
    <property name="env.XFILESEARCHPATH" value="/usr/dt/app-defaults/%L/Dt" />
    <property name="env.TRAVIS_NODE_VERSION" value="7" />
    <property name="env.MAIL" value="/var/mail/travis" />
    <property name="env.TRAVIS_EVENT_TYPE" value="cron" />
    <property name="env.PERLBREW_ROOT" value="/home/travis/perl5/perlbrew" />
    <property name="env.PWD" value="/home/travis/build/icyphy/ptII" />
    <property name="timeout.npm" value="45000" />
    <property name="env.PT_TRAVIS_TEST_CORE2_XML" value="true" />
    <property name="env.TRAVIS_ARCH" value="amd64" />
    <property name="sun.cpu.endian" value="little" />
    <property name="env.PAGER" value="cat" />
    <property name="env.TRAVIS_BUILD_STAGE_NAME" value="Test" />
    <property name="env.PERLBREW_HOME" value="/home/travis/.perlbrew" />
    <property name="java.vm.version" value="25.151-b12" />
    <property name="env.RAILS_ENV" value="test" />
    <property name="java.class.path" value="/home/travis/build/icyphy/ptII:/home/travis/build/icyphy/ptII/lib/bsh-2.0b4.jar:/home/travis/build/icyphy/ptII/lib/ptCal.jar:/home/travis/build/icyphy/ptII/lib/java_cup.jar:/home/travis/build/icyphy/ptII/lib/saxon8.jar:/home/travis/build/icyphy/ptII/lib/saxon8-dom.jar:/home/travis/build/icyphy/ptII/lib/chic.jar:/home/travis/build/icyphy/ptII/lib/ptcolt.jar:/usr/lib/jvm/java-8-oracle/lib/tools.jar:/usr/lib/eclipse/plugins/org.eclipse.jdt.core_3.8.2.dist.jar:/usr/lib/eclipse/plugins/org.eclipse.core.runtime_3.8.0.dist.jar:/usr/lib/eclipse/plugins/org.eclipse.osgi_3.8.1.dist.jar:/usr/lib/eclipse/plugins/org.eclipse.core.resources_3.8.1.dist.jar:/usr/lib/eclipse/plugins/org.eclipse.equinox.common_3.6.100.dist.jar:/usr/lib/eclipse/plugins/org.eclipse.core.jobs_3.5.200.dist.jar:/usr/lib/eclipse/plugins/org.eclipse.core.contenttype_3.4.200.dist.jar:/usr/lib/eclipse/plugins/org.eclipse.equinox.preferences_3.5.0.dist.jar:/usr/lib/eclipse/plugins/org.eclipse.text_3.5.200.dist.jar:/usr/lib/eclipse/plugins/org.eclipse.ui.workbench_3.8.1.dist.jar:/usr/lib/eclipse/plugins/org.eclipse.jface_3.8.0.dist.jar:/usr/lib/eclipse/plugins/org.eclipse.swt_3.8.2.jar:/usr/lib/eclipse/plugins/org.eclipse.jface.text_3.8.1.dist.jar:/usr/lib/eclipse/plugins/org.eclipse.ui.workbench.texteditor_3.8.0.dist.jar:/usr/lib/eclipse/plugins/org.eclipse.ui.editors_3.8.0.dist.jar:/usr/lib/eclipse/plugins/org.eclipse.core.commands_3.6.1.dist.jar:/usr/lib/eclipse/plugins/org.eclipse.equinox.registry_3.5.200.dist.jar:/usr/lib/eclipse/plugins/org.eclipse.ui.console_3.5.100.dist.jar:/usr/lib/eclipse/plugins/org.eclipse.ui.forms_3.5.200.dist.jar:/usr/lib/eclipse/plugins/org.eclipse.ui.ide_3.8.1.dist.jar:/home/travis/build/icyphy/ptII/vendors/oracle/dbxml.jar:/home/travis/build/icyphy/ptII/vendors/oracle/db.jar:/home/travis/build/icyphy/ptII/vendors/misc/itext/iText.jar:/home/travis/build/icyphy/ptII/lib/g4ltl.jar:/home/travis/build/icyphy/ptII/lib/StructuralCoder.jar:/home/travis/build/icyphy/ptII/lib/org-openide-util.jar:/home/travis/build/icyphy/ptII/lib/org-openide-util-lookup.jar:/home/travis/build/icyphy/ptII/lib/org-netbeans-api-visual.jar:/home/travis/build/icyphy/ptII/vendors/jai-1_1_2_01/lib/jai_core.jar:/home/travis/build/icyphy/ptII/vendors/jai-1_1_2_01/lib/jai_codec.jar:/home/travis/build/icyphy/ptII/lib/jcerti.jar:/home/travis/build/icyphy/ptII/lib/smack.jar:/home/travis/build/icyphy/ptII/lib/smackx.jar:/home/travis/build/icyphy/ptII/lib/jetty-all-8.1.5-v20120716.jar:/home/travis/build/icyphy/ptII/lib/javax.servlet-api-3.0.1.jar:/home/travis/build/icyphy/ptII/lib/javax.mail.jar:/home/travis/build/icyphy/ptII/vendors/JMF-2.1.1e/lib/jmf.jar:/home/travis/build/icyphy/ptII/lib/jna-4.0.0-variadic.jar:/home/travis/build/icyphy/ptII/vendors/misc/joystick/Joystick.jar:/home/travis/build/icyphy/ptII/lib/ptjacl.jar:/home/travis/build/icyphy/ptII/lib/jsoup-1.8.2.jar:/home/travis/build/icyphy/ptII/lib/junit-4.8.2.jar:/home/travis/build/icyphy/ptII/lib/JUnitParams-0.4.0.jar:/home/travis/build/icyphy/ptII/ptolemy/actor/lib/excel/jxl.jar:/home/travis/build/icyphy/ptII/lib/jython.jar:/home/travis/build/icyphy/ptII/lib/kieler.jar:/home/travis/build/icyphy/ptII/vendors/opencv/share/OpenCV/java/opencv-341.jar:/home/travis/build/icyphy/ptII/lib/oscP5.jar:/home/travis/build/icyphy/ptII/lib/nrjavaserial-3.11.0.devel.jar:/home/travis/build/icyphy/ptII/vendors/j3d/lib/j3dcore.jar:/home/travis/build/icyphy/ptII/vendors/j3d/lib/j3dutils.jar:/home/travis/build/icyphy/ptII/vendors/j3d/lib/vecmath.jar:/home/travis/build/icyphy/ptII/ptolemy/distributed/jini/jar/jini-core.jar:/home/travis/build/icyphy/ptII/ptolemy/distributed/jini/jar/jini-ext.jar:/home/travis/build/icyphy/ptII/ptolemy/distributed/jini/jar/sun-util.jar:/home/travis/build/icyphy/ptII/lib/protobuf-java-2.4.1.jar:/home/travis/build/icyphy/ptII/lib/org.eclipse.paho.client.mqttv3.jar:/home/travis/build/icyphy/ptII/ptserver/lib/hessian-4.0.7.jar:/home/travis/build/icyphy/ptII/ptserver/lib/wmqtt.jar:/home/travis/build/icyphy/ptII/lib/mapss.jar:/home/travis/build/icyphy/ptII/ptolemy/actor/ptalon/antlr/antlr.jar:/home/travis/build/icyphy/ptII/lib/JRI.jar:/home/travis/build/icyphy/ptII/lib/commons-lang-2.6.jar:/home/travis/build/icyphy/ptII/lib/commons-logging-1.1.1.jar:/home/travis/build/icyphy/ptII/lib/sootclasses.jar:/home/travis/build/icyphy/ptII/ptolemy/actor/lib/database/mysql-connector-java-5.1.6-bin.jar:/home/travis/build/icyphy/ptII/vendors/misc/sphinx4/sphinx4-data-5prealpha.jar:/home/travis/build/icyphy/ptII/vendors/misc/sphinx4/sphinx4-core-5prealpha.jar:/home/travis/build/icyphy/ptII/lib/PDFRenderer.jar:/home/travis/build/icyphy/ptII/lib/svgSalamander.jar:/home/travis/build/icyphy/ptII/lib/rsyntaxtextarea-2.6.0-SNAPSHOT.jar:/home/travis/build/icyphy/ptII/lib/hazelcast-3.8.2.jar:/home/travis/build/icyphy/ptII/lib/jackson-annotations-2.9.0.jar:/home/travis/build/icyphy/ptII/lib/jackson-core-2.9.3.jar:/home/travis/build/icyphy/ptII/lib/jackson-databind-2.9.3.jar:/home/travis/build/icyphy/ptII/lib/netty-buffer-4.1.19.Final.jar:/home/travis/build/icyphy/ptII/lib/netty-codec-4.1.19.Final.jar:/home/travis/build/icyphy/ptII/lib/netty-codec-dns-4.1.19.Final.jar:/home/travis/build/icyphy/ptII/lib/netty-codec-http-4.1.19.Final.jar:/home/travis/build/icyphy/ptII/lib/netty-codec-http2-4.1.19.Final.jar:/home/travis/build/icyphy/ptII/lib/netty-common-4.1.19.Final.jar:/home/travis/build/icyphy/ptII/lib/netty-handler-4.1.19.Final.jar:/home/travis/build/icyphy/ptII/lib/netty-resolver-4.1.19.Final.jar:/home/travis/build/icyphy/ptII/lib/netty-resolver-dns-4.1.19.Final.jar:/home/travis/build/icyphy/ptII/lib/netty-transport-4.1.19.Final.jar:/home/travis/build/icyphy/ptII/lib/vertx-codegen-3.5.1.jar:/home/travis/build/icyphy/ptII/lib/vertx-core-3.5.2-SNAPSHOT.jar:/home/travis/build/icyphy/ptII/lib/vertx-hazelcast-3.5.1.jar:/home/travis/build/icyphy/ptII/lib/vertx-lang-js-3.5.1.jar:/home/travis/build/icyphy/ptII/lib/vertx-service-proxy-3.5.1.jar:/home/travis/build/icyphy/ptII/lib/vertx-web-3.5.1.jar:/home/travis/build/icyphy/ptII/lib/slf4j-api-1.7.13.jar:/home/travis/build/icyphy/ptII/lib/slf4j-simple-1.7.13.jar:/home/travis/build/icyphy/ptII/lib/webcam-capture-0.3.12.jar:/home/travis/build/icyphy/ptII/lib/bridj-0.7.0.jar:/home/travis/build/icyphy/ptII/lib/xbjlib-1.1.0.nrjavaserial.jar:/home/travis/build/icyphy/ptII/ptolemy/moml/test:/home/travis/build/icyphy/ptII/ant/lib/ant-launcher.jar:/home/travis/build/icyphy/ptII/ant/lib/ant.jar:/home/travis/build/icyphy/ptII/ant/lib/ant-junit.jar:/home/travis/build/icyphy/ptII/ant/lib/ant-junit4.jar" />
    <property name="ant.library.dir" value="/home/travis/build/icyphy/ptII/ant/lib" />
    <property name="os.arch" value="amd64" />
    <property name="env.TRAVIS_LANGUAGE" value="node_js" />
    <property name="env.CONTINUOUS_INTEGRATION" value="true" />
    <property name="env.TRAVIS_STACK_LANGUAGES" value="__garnet__ c c++ clojure cplusplus cpp default go groovy java node_js php pure_java python ruby scala" />
    <property name="test.name" value="ptolemy.actor.lib.test.junit.JUnitTclTest" />
    <property name="sun.java.launcher" value="SUN_STANDARD" />
    <property name="env.PYTHON_CONFIGURE_OPTS" value="--enable-unicode=ucs4 --with-wide-unicode --enable-shared --enable-ipv6 --enable-loadable-sqlite-extensions --with-computed-gotos" />
    <property name="ant.core.lib" value="/home/travis/build/icyphy/ptII/ant/lib/ant.jar" />
    <property name="java.vm.specification.vendor" value="Oracle Corporation" />
    <property name="env.BCVTB_HOME" value="/home/travis/build/icyphy/ptII/lbnl" />
    <property name="file.separator" value="/" />
    <property name="spotbugs.home" value="/home/travis/build/icyphy/ptII/vendors/spotbugs-3.1.1" />
    <property name="java.runtime.version" value="1.8.0_151-b12" />
    <property name="sun.boot.class.path" value="/usr/lib/jvm/java-8-oracle/jre/lib/resources.jar:/usr/lib/jvm/java-8-oracle/jre/lib/rt.jar:/usr/lib/jvm/java-8-oracle/jre/lib/sunrsasign.jar:/usr/lib/jvm/java-8-oracle/jre/lib/jsse.jar:/usr/lib/jvm/java-8-oracle/jre/lib/jce.jar:/usr/lib/jvm/java-8-oracle/jre/lib/charsets.jar:/usr/lib/jvm/java-8-oracle/jre/lib/jfr.jar:/usr/lib/jvm/java-8-oracle/jre/classes" />
    <property name="env.ANSI_CLEAR" value="\033[0K" />
    <property name="env.HAS_JOSH_K_SEAL_OF_APPROVAL" value="true" />
    <property name="env.XDG_RUNTIME_DIR" value="/run/user/2000" />
    <property name="env.TRAVIS_OSX_IMAGE" value="" />
    <property name="env.TRAVIS_JOB_ID" value="457266860" />
    <property name="env.TRAVIS_BRANCH" value="master" />
    <property name="user.country" value="US" />
    <property name="env.CERTI_HOME_TRAVIS" value="/home/travis/pthla/certi-tools" />
    <property name="env.SHELL" value="/bin/bash" />
    <property name="java.maxmemory.large" value="5000m" />
    <property name="model" value="" />
    <property name="env.CASHER_DIR" value="/home/travis/.casher" />
    <property name="env.NVM_CD_FLAGS" value="" />
    <property name="jshint.executable" value="/home/travis/node_modules/jshint/bin/jshint" />
    <property name="java.vendor" value="Oracle Corporation" />
    <property name="env.JRUBY_OPTS" value=" --client -J-XX:+TieredCompilation -J-XX:TieredStopAtLevel=1 -J-Xss2m -Xcompile.invokedynamic=false" />
    <property name="env.TRAVIS_PRE_CHEF_BOOTSTRAP_TIME" value="2017-12-05T19:32:55" />
    <property name="env.TRAVIS_STACK_JOB_BOARD_REGISTER" value="/.job-board-register.yml" />
    <property name="env.ELIXIR_VERSION" value="1.4.5" />
    <property name="env.ANSI_RED" value="\033[31;1m" />
    <property name="java.specification.version" value="1.8" />
    <property name="env.TRAVIS" value="true" />
    <property name="env.IRBRC" value="/home/travis/.rvm/rubies/ruby-2.4.1/.irbrc" />
    <property name="sun.arch.data.model" value="64" />
  </properties>
  <testcase classname="ptolemy.util.test.junit.TclTests" name="[0] /home/travis/build/icyphy/ptII/ptolemy/domains/de/test/DependencyLoop.tcl (RunTclFile)" time="0.747" />
  <testcase classname="ptolemy.util.test.junit.TclTests" name="[1] /home/travis/build/icyphy/ptII/ptolemy/domains/de/test/RunDETestsAsQSS.tcl (RunTclFile)" time="88.407" />
  <testcase classname="ptolemy.util.test.junit.AutoKnownFailedTests" name="[0] /home/travis/build/icyphy/ptII/ptolemy/domains/de/test/auto/knownFailedTests/DESDFClockTest.xml (RunModel)" time="2.032" />
  <testcase classname="ptolemy.util.test.junit.AutoKnownFailedTests" name="[1] /home/travis/build/icyphy/ptII/ptolemy/domains/de/test/auto/knownFailedTests/DirectFeedback.xml (RunModel)" time="0.019" />
  <testcase classname="ptolemy.util.test.junit.AutoKnownFailedTests" name="[2] /home/travis/build/icyphy/ptII/ptolemy/domains/de/test/auto/knownFailedTests/FSMSource.xml (RunModel)" time="0.02" />
  <testcase classname="ptolemy.util.test.junit.AutoKnownFailedTests" name="[3] /home/travis/build/icyphy/ptII/ptolemy/domains/de/test/auto/knownFailedTests/HierarchicalModel.xml (RunModel)" time="0.038" />
  <testcase classname="ptolemy.util.test.junit.AutoKnownFailedTests" name="[4] /home/travis/build/icyphy/ptII/ptolemy/domains/de/test/auto/knownFailedTests/dependencyLoop.xml (RunModel)" time="0.031" />
  <testcase classname="ptolemy.util.test.junit.AutoKnownFailedTests" name="[5] /home/travis/build/icyphy/ptII/ptolemy/domains/de/test/auto/knownFailedTests/dependencyLoop2.xml (RunModel)" time="0.034" />
  <testcase classname="ptolemy.util.test.junit.AutoNameArchTests" name="[0] ThereAreNoAutoArchTests (RunModel)" time="0.0" />
  <testcase classname="ptolemy.util.test.junit.AutoTests" name="[0] /home/travis/build/icyphy/ptII/ptolemy/domains/de/test/auto/ActorDepthCalculation_actorWithoutPorts.xml (RunModel)" time="0.016" />
  <testcase classname="ptolemy.util.test.junit.AutoTests" name="[1] /home/travis/build/icyphy/ptII/ptolemy/domains/de/test/auto/AssemblyLine.xml (RunModel)" time="0.032" />
  <testcase classname="ptolemy.util.test.junit.AutoTests" name="[2] /home/travis/build/icyphy/ptII/ptolemy/domains/de/test/auto/CQBug1.xml (RunModel)" time="0.011" />
  <testcase classname="ptolemy.util.test.junit.AutoTests" name="[3] /home/travis/build/icyphy/ptII/ptolemy/domains/de/test/auto/CancelFireAt.xml (RunModel)" time="0.01" />
  <testcase classname="ptolemy.util.test.junit.AutoTests" name="[4] /home/travis/build/icyphy/ptII/ptolemy/domains/de/test/auto/CausalityAndComposabilityAnalysis.xml (RunModel)" time="0.011" />
  <testcase classname="ptolemy.util.test.junit.AutoTests" name="[5] /home/travis/build/icyphy/ptII/ptolemy/domains/de/test/auto/CausalityInterface1.xml (RunModel)" time="0.012" />
  <testcase classname="ptolemy.util.test.junit.AutoTests" name="[6] /home/travis/build/icyphy/ptII/ptolemy/domains/de/test/auto/CausalityInterface15.xml (RunModel)" time="0.011" />
  <testcase classname="ptolemy.util.test.junit.AutoTests" name="[7] /home/travis/build/icyphy/ptII/ptolemy/domains/de/test/auto/CausalityInterface2.xml (RunModel)" time="0.009" />
  <testcase classname="ptolemy.util.test.junit.AutoTests" name="[8] /home/travis/build/icyphy/ptII/ptolemy/domains/de/test/auto/CausalityInterface3.xml (RunModel)" time="0.008" />
  <testcase classname="ptolemy.util.test.junit.AutoTests" name="[9] /home/travis/build/icyphy/ptII/ptolemy/domains/de/test/auto/ClockDrift.xml (RunModel)" time="0.036" />
  <testcase classname="ptolemy.util.test.junit.AutoTests" name="[10] /home/travis/build/icyphy/ptII/ptolemy/domains/de/test/auto/ClockDriftAndValueChange.xml (RunModel)" time="0.022" />
  <testcase classname="ptolemy.util.test.junit.AutoTests" name="[11] /home/travis/build/icyphy/ptII/ptolemy/domains/de/test/auto/ClockDriftChange.xml (RunModel)" time="0.028" />
  <testcase classname="ptolemy.util.test.junit.AutoTests" name="[12] /home/travis/build/icyphy/ptII/ptolemy/domains/de/test/auto/ComposableCausalityAnalysis.xml (RunModel)" time="0.01" />
  <testcase classname="ptolemy.util.test.junit.AutoTests" name="[13] /home/travis/build/icyphy/ptII/ptolemy/domains/de/test/auto/DEFixedPointLimitation.xml (RunModel)" time="0.011" />
  <testcase classname="ptolemy.util.test.junit.AutoTests" name="[14] /home/travis/build/icyphy/ptII/ptolemy/domains/de/test/auto/DEScheduleTest.xml (RunModel)" time="0.008" />
  <testcase classname="ptolemy.util.test.junit.AutoTests" name="[15] /home/travis/build/icyphy/ptII/ptolemy/domains/de/test/auto/DEinDEwithStartTimes.xml (RunModel)" time="0.012" />
  <testcase classname="ptolemy.util.test.junit.AutoTests" name="[16] /home/travis/build/icyphy/ptII/ptolemy/domains/de/test/auto/DEinDEwithStartTimes2.xml (RunModel)" time="0.011" />
  <testcase classname="ptolemy.util.test.junit.AutoTests" name="[17] /home/travis/build/icyphy/ptII/ptolemy/domains/de/test/auto/DateDemo.xml (RunModel)" time="0.022" />
  <testcase classname="ptolemy.util.test.junit.AutoTests" name="[18] /home/travis/build/icyphy/ptII/ptolemy/domains/de/test/auto/DateToEvent.xml (RunModel)" time="2.028" />
  <testcase classname="ptolemy.util.test.junit.AutoTests" name="[19] /home/travis/build/icyphy/ptII/ptolemy/domains/de/test/auto/DepthTest1.xml (RunModel)" time="0.009" />
  <testcase classname="ptolemy.util.test.junit.AutoTests" name="[20] /home/travis/build/icyphy/ptII/ptolemy/domains/de/test/auto/DepthTest2.xml (RunModel)" time="0.017" />
  <testcase classname="ptolemy.util.test.junit.AutoTests" name="[21] /home/travis/build/icyphy/ptII/ptolemy/domains/de/test/auto/DepthTest3.xml (RunModel)" time="0.008" />
  <testcase classname="ptolemy.util.test.junit.AutoTests" name="[22] /home/travis/build/icyphy/ptII/ptolemy/domains/de/test/auto/DepthTest4.xml (RunModel)" time="0.011" />
  <testcase classname="ptolemy.util.test.junit.AutoTests" name="[23] /home/travis/build/icyphy/ptII/ptolemy/domains/de/test/auto/DepthTest5.xml (RunModel)" time="0.013" />
  <testcase classname="ptolemy.util.test.junit.AutoTests" name="[24] /home/travis/build/icyphy/ptII/ptolemy/domains/de/test/auto/DepthTest6.xml (RunModel)" time="0.013" />
  <testcase classname="ptolemy.util.test.junit.AutoTests" name="[25] /home/travis/build/icyphy/ptII/ptolemy/domains/de/test/auto/DepthTest7.xml (RunModel)" time="0.013" />
  <testcase classname="ptolemy.util.test.junit.AutoTests" name="[26] /home/travis/build/icyphy/ptII/ptolemy/domains/de/test/auto/EventToDate.xml (RunModel)" time="3.034" />
  <testcase classname="ptolemy.util.test.junit.AutoTests" name="[27] /home/travis/build/icyphy/ptII/ptolemy/domains/de/test/auto/FSM1.xml (RunModel)" time="0.036" />
  <testcase classname="ptolemy.util.test.junit.AutoTests" name="[28] /home/travis/build/icyphy/ptII/ptolemy/domains/de/test/auto/FSM7.xml (RunModel)" time="0.046" />
  <testcase classname="ptolemy.util.test.junit.AutoTests" name="[29] /home/travis/build/icyphy/ptII/ptolemy/domains/de/test/auto/Inspection.xml (RunModel)" time="0.06" />
  <testcase classname="ptolemy.util.test.junit.AutoTests" name="[30] /home/travis/build/icyphy/ptII/ptolemy/domains/de/test/auto/Iteration.xml (RunModel)" time="0.023" />
  <testcase classname="ptolemy.util.test.junit.AutoTests" name="[31] /home/travis/build/icyphy/ptII/ptolemy/domains/de/test/auto/LineFault.xml (RunModel)" time="0.563" />
  <testcase classname="ptolemy.util.test.junit.AutoTests" name="[32] /home/travis/build/icyphy/ptII/ptolemy/domains/de/test/auto/MergeModel1Add.xml (RunModel)" time="0.035" />
  <testcase classname="ptolemy.util.test.junit.AutoTests" name="[33] /home/travis/build/icyphy/ptII/ptolemy/domains/de/test/auto/MergeModel2Add.xml (RunModel)" time="0.038" />
  <testcase classname="ptolemy.util.test.junit.AutoTests" name="[34] /home/travis/build/icyphy/ptII/ptolemy/domains/de/test/auto/MergeModel3Add.xml (RunModel)" time="0.039" />
  <testcase classname="ptolemy.util.test.junit.AutoTests" name="[35] /home/travis/build/icyphy/ptII/ptolemy/domains/de/test/auto/MergeWithoutDiscard.xml (RunModel)" time="0.01" />
  <testcase classname="ptolemy.util.test.junit.AutoTests" name="[36] /home/travis/build/icyphy/ptII/ptolemy/domains/de/test/auto/Modal1.xml (RunModel)" time="0.035" />
  <testcase classname="ptolemy.util.test.junit.AutoTests" name="[37] /home/travis/build/icyphy/ptII/ptolemy/domains/de/test/auto/Modal2.xml (RunModel)" time="0.027" />
  <testcase classname="ptolemy.util.test.junit.AutoTests" name="[38] /home/travis/build/icyphy/ptII/ptolemy/domains/de/test/auto/Modal3.xml (RunModel)" time="0.03" />
  <testcase classname="ptolemy.util.test.junit.AutoTests" name="[39] /home/travis/build/icyphy/ptII/ptolemy/domains/de/test/auto/Modal4.xml (RunModel)" time="0.039" />
  <testcase classname="ptolemy.util.test.junit.AutoTests" name="[40] /home/travis/build/icyphy/ptII/ptolemy/domains/de/test/auto/Modal5.xml (RunModel)" time="0.027" />
  <testcase classname="ptolemy.util.test.junit.AutoTests" name="[41] /home/travis/build/icyphy/ptII/ptolemy/domains/de/test/auto/Modal6.xml (RunModel)" time="0.026" />
  <testcase classname="ptolemy.util.test.junit.AutoTests" name="[42] /home/travis/build/icyphy/ptII/ptolemy/domains/de/test/auto/Modal7.xml (RunModel)" time="0.026" />
  <testcase classname="ptolemy.util.test.junit.AutoTests" name="[43] /home/travis/build/icyphy/ptII/ptolemy/domains/de/test/auto/ModalModel.xml (RunModel)" time="0.161" />
  <testcase classname="ptolemy.util.test.junit.AutoTests" name="[44] /home/travis/build/icyphy/ptII/ptolemy/domains/de/test/auto/ModalSource.xml (RunModel)" time="0.018" />
  <testcase classname="ptolemy.util.test.junit.AutoTests" name="[45] /home/travis/build/icyphy/ptII/ptolemy/domains/de/test/auto/NonInterruptibleTimerZeroDelay.xml (RunModel)" time="0.011" />
  <testcase classname="ptolemy.util.test.junit.AutoTests" name="[46] /home/travis/build/icyphy/ptII/ptolemy/domains/de/test/auto/OpenQueueingNetwork.xml (RunModel)" time="2.112" />
  <testcase classname="ptolemy.util.test.junit.AutoTests" name="[47] /home/travis/build/icyphy/ptII/ptolemy/domains/de/test/auto/OpenQueuingNetwork.xml (RunModel)" time="0.257" />
  <testcase classname="ptolemy.util.test.junit.AutoTests" name="[48] /home/travis/build/icyphy/ptII/ptolemy/domains/de/test/auto/PeriodicSampler.xml (RunModel)" time="0.008" />
  <testcase classname="ptolemy.util.test.junit.AutoTests" name="[49] /home/travis/build/icyphy/ptII/ptolemy/domains/de/test/auto/PersistentIO.xml (RunModel)" time="0.02" />
  <testcase classname="ptolemy.util.test.junit.AutoTests" name="[50] /home/travis/build/icyphy/ptII/ptolemy/domains/de/test/auto/PortParameterResetOnInitialize.xml (RunModel)" time="0.011" />
  <testcase classname="ptolemy.util.test.junit.AutoTests" name="[51] /home/travis/build/icyphy/ptII/ptolemy/domains/de/test/auto/PortParameterUpdates.xml (RunModel)" time="0.02" />
  <testcase classname="ptolemy.util.test.junit.AutoTests" name="[52] /home/travis/build/icyphy/ptII/ptolemy/domains/de/test/auto/QueueAndServer.xml (RunModel)" time="0.025" />
  <testcase classname="ptolemy.util.test.junit.AutoTests" name="[53] /home/travis/build/icyphy/ptII/ptolemy/domains/de/test/auto/Records.xml (RunModel)" time="0.017" />
  <testcase classname="ptolemy.util.test.junit.AutoTests" name="[54] /home/travis/build/icyphy/ptII/ptolemy/domains/de/test/auto/ResetTransitionWithStartTime1.xml (RunModel)" time="0.026" />
  <testcase classname="ptolemy.util.test.junit.AutoTests" name="[55] /home/travis/build/icyphy/ptII/ptolemy/domains/de/test/auto/ResetTransitionWithStartTime2.xml (RunModel)" time="0.02" />
  <testcase classname="ptolemy.util.test.junit.AutoTests" name="[56] /home/travis/build/icyphy/ptII/ptolemy/domains/de/test/auto/ResetTransitionWithStartTime3.xml (RunModel)" time="0.024" />
  <testcase classname="ptolemy.util.test.junit.AutoTests" name="[57] /home/travis/build/icyphy/ptII/ptolemy/domains/de/test/auto/ResetTransitionWithStartTime4.xml (RunModel)" time="0.021" />
  <testcase classname="ptolemy.util.test.junit.AutoTests" name="[58] /home/travis/build/icyphy/ptII/ptolemy/domains/de/test/auto/ResettableTimer1.xml (RunModel)" time="0.011" />
  <testcase classname="ptolemy.util.test.junit.AutoTests" name="[59] /home/travis/build/icyphy/ptII/ptolemy/domains/de/test/auto/ResettableTimer2.xml (RunModel)" time="0.01" />
  <testcase classname="ptolemy.util.test.junit.AutoTests" name="[60] /home/travis/build/icyphy/ptII/ptolemy/domains/de/test/auto/ResettableTimer3.xml (RunModel)" time="0.011" />
  <testcase classname="ptolemy.util.test.junit.AutoTests" name="[61] /home/travis/build/icyphy/ptII/ptolemy/domains/de/test/auto/ResettableTimer4.xml (RunModel)" time="0.009" />
  <testcase classname="ptolemy.util.test.junit.AutoTests" name="[62] /home/travis/build/icyphy/ptII/ptolemy/domains/de/test/auto/ResettableTimer5.xml (RunModel)" time="0.01" />
  <testcase classname="ptolemy.util.test.junit.AutoTests" name="[63] /home/travis/build/icyphy/ptII/ptolemy/domains/de/test/auto/ResettableTimer6.xml (RunModel)" time="0.021" />
  <testcase classname="ptolemy.util.test.junit.AutoTests" name="[64] /home/travis/build/icyphy/ptII/ptolemy/domains/de/test/auto/ServerZeroDelay.xml (RunModel)" time="0.012" />
  <testcase classname="ptolemy.util.test.junit.AutoTests" name="[65] /home/travis/build/icyphy/ptII/ptolemy/domains/de/test/auto/SmartSender.xml (RunModel)" time="3.01" />
  <testcase classname="ptolemy.util.test.junit.AutoTests" name="[66] /home/travis/build/icyphy/ptII/ptolemy/domains/de/test/auto/ThreadedComposite.xml (RunModel)" time="0.152" />
  <testcase classname="ptolemy.util.test.junit.AutoTests" name="[67] /home/travis/build/icyphy/ptII/ptolemy/domains/de/test/auto/Time.xml (RunModel)" time="0.441" />
  <testcase classname="ptolemy.util.test.junit.AutoTests" name="[68] /home/travis/build/icyphy/ptII/ptolemy/domains/de/test/auto/TimeDelayZeroDelay.xml (RunModel)" time="0.015" />
  <testcase classname="ptolemy.util.test.junit.AutoTests" name="[69] /home/travis/build/icyphy/ptII/ptolemy/domains/de/test/auto/TimerZeroDelay.xml (RunModel)" time="0.01" />
  <testcase classname="ptolemy.util.test.junit.AutoTests" name="[70] /home/travis/build/icyphy/ptII/ptolemy/domains/de/test/auto/TimingParadox.xml (RunModel)" time="0.377" />
  <testcase classname="ptolemy.util.test.junit.AutoTests" name="[71] /home/travis/build/icyphy/ptII/ptolemy/domains/de/test/auto/TransferInputs.xml (RunModel)" time="0.018" />
  <testcase classname="ptolemy.util.test.junit.AutoTests" name="[72] /home/travis/build/icyphy/ptII/ptolemy/domains/de/test/auto/TransferOutputs2.xml (RunModel)" time="0.017" />
  <testcase classname="ptolemy.util.test.junit.AutoTests" name="[73] /home/travis/build/icyphy/ptII/ptolemy/domains/de/test/auto/Trilateration.xml (RunModel)" time="11.382" />
  <testcase classname="ptolemy.util.test.junit.AutoTests" name="[74] /home/travis/build/icyphy/ptII/ptolemy/domains/de/test/auto/TwoSigmaDelta.xml (RunModel)" time="1.919" />
  <testcase classname="ptolemy.util.test.junit.AutoTests" name="[75] /home/travis/build/icyphy/ptII/ptolemy/domains/de/test/auto/VariableDelay.xml (RunModel)" time="0.018" />
  <testcase classname="ptolemy.util.test.junit.AutoTests" name="[76] /home/travis/build/icyphy/ptII/ptolemy/domains/de/test/auto/VariableDelay2.xml (RunModel)" time="0.011" />
  <testcase classname="ptolemy.util.test.junit.AutoTests" name="[77] /home/travis/build/icyphy/ptII/ptolemy/domains/de/test/auto/VariableDelayZeroDelay.xml (RunModel)" time="0.014" />
  <testcase classname="ptolemy.util.test.junit.AutoTests" name="[78] /home/travis/build/icyphy/ptII/ptolemy/domains/de/test/auto/VariableDelayZeroDelay2.xml (RunModel)" time="0.01" />
  <testcase classname="ptolemy.util.test.junit.AutoTests" name="[79] /home/travis/build/icyphy/ptII/ptolemy/domains/de/test/auto/deInCt.xml (RunModel)" time="0.015" />
  <testcase classname="ptolemy.util.test.junit.AutoTests" name="[80] /home/travis/build/icyphy/ptII/ptolemy/domains/de/test/auto/deInCt2.xml (RunModel)" time="0.019" />
  <testcase classname="ptolemy.util.test.junit.AutoTests" name="[81] /home/travis/build/icyphy/ptII/ptolemy/domains/de/test/auto/dynamicCausalityInterface1.xml (RunModel)" time="0.028" />
  <testcase classname="ptolemy.util.test.junit.AutoTests" name="[82] /home/travis/build/icyphy/ptII/ptolemy/domains/de/test/auto/fsm_de_test.xml (RunModel)" time="0.027" />
  <testcase classname="ptolemy.util.test.junit.AutoTests" name="[83] /home/travis/build/icyphy/ptII/ptolemy/domains/de/test/auto/functionDependencyReconstruction.xml (RunModel)" time="0.031" />
  <testcase classname="ptolemy.util.test.junit.AutoTests" name="[84] /home/travis/build/icyphy/ptII/ptolemy/domains/de/test/auto/multirate.xml (RunModel)" time="0.015" />
  <testcase classname="ptolemy.util.test.junit.AutoTests" name="[85] /home/travis/build/icyphy/ptII/ptolemy/domains/de/test/auto/multirate2.xml (RunModel)" time="0.018" />
  <testcase classname="ptolemy.util.test.junit.AutoTests" name="[86] /home/travis/build/icyphy/ptII/ptolemy/domains/de/test/auto/realtime.xml (RunModel)" time="10.011" />
  <testcase classname="ptolemy.util.test.junit.AutoTests" name="[87] /home/travis/build/icyphy/ptII/ptolemy/domains/de/test/auto/relationGroup.xml (RunModel)" time="0.012" />
  <testcase classname="ptolemy.util.test.junit.AutoTests" name="[88] /home/travis/build/icyphy/ptII/ptolemy/domains/de/test/auto/relationGroup2.xml (RunModel)" time="0.007" />
  <testcase classname="ptolemy.util.test.junit.AutoTests" name="[89] /home/travis/build/icyphy/ptII/ptolemy/domains/de/test/auto/sortWithOpaquePorts.xml (RunModel)" time="0.009" />
  <testcase classname="ptolemy.util.test.junit.AutoTests" name="[90] /home/travis/build/icyphy/ptII/ptolemy/domains/de/test/auto/transferInputsandOutputs.xml (RunModel)" time="0.015" />
  <testcase classname="ptolemy.util.test.junit.AutoTests" name="[91] /home/travis/build/icyphy/ptII/ptolemy/domains/de/test/auto/triggerType.xml (RunModel)" time="0.009" />
  <system-out><![CDATA[/home/travis/build/icyphy/ptII/ptolemy/domains/de/test/DependencyLoop.tcl
testDefs.tcl: setting time out to 9000 seconds at Tue Nov 20 02:50:38 UTC 2018
15 ms. Memory: 116224K Free: 93490K (80%)
6 ms. Memory: 146944K Free: 135129K (92%)
/home/travis/build/icyphy/ptII/ptolemy/domains/de/test/RunDETestsAsQSS.tcl
Run the DE tests using ptolemy.domains.qss.test.QSSDirectorTest, which extends QSSDirector and prints a message in the constructors.
------------------ testing $PTII/ptolemy/domains/de/test/auto/knownFailedTests/dependencyLoop.xml (Known Failure) 
14 ms. Memory: 146944K Free: 132017K (90%)


==== $PTIIhome/travis/build/icyphy/ptII/ptolemy/domains/de/test/../../../../: Auto Automatic test in file $PTII/ptolemy/domains/de/test/auto/knownFailedTests/dependencyLoop.xml
==== Contents of test case:

	    # FIXME: we should use $relativeFilename here, but it
	    # might have backslashes under Windows, which causes no end
	    # of trouble.
	    createAndExecute $file
	    list {}
	
.... Test generated KNOWN error:
    while executing
ptolemy.kernel.util.IllegalActionException: Found a zero delay loop containing .dependencyLoop.original
  in .dependencyLoop and .dependencyLoop.original
	at ptolemy.actor.util.CausalityInterfaceForComposites._computeOutputPortDepth(CausalityInterfaceForComposites.java:759)
	at ptolemy.actor.util.CausalityInterfaceForComposites._computeInputDepth(CausalityInterfaceForComposites.java:696)
	at ptolemy.actor.util.CausalityInterfaceForComposites._computeOutputPortDepth(CausalityInterfaceForComposites.java:765)
	at ptolemy.actor.util.CausalityInterfaceForComposites._computeInputDepth(CausalityInterfaceForComposites.java:696)
	at ptolemy.actor.util.CausalityInterfaceForComposites._computeOutputPortDepth(CausalityInterfaceForComposites.java:765)
	at ptolemy.actor.util.CausalityInterfaceForComposites._computeInputDepth(CausalityInterfaceForComposites.java:696)
	at ptolemy.actor.util.CausalityInterfaceForComposites._computeActorDepth(CausalityInterfaceForComposites.java:532)
	at ptolemy.actor.util.CausalityInterfaceForComposites.checkForCycles(CausalityInterfaceForComposites.java:96)
	at ptolemy.domains.de.kernel.DEDirector.preinitialize(DEDirector.java:1338)
	at ptolemy.actor.CompositeActor.preinitialize(CompositeActor.java:1828)
	at ptolemy.actor.Manager.preinitializeAndResolveTypes(Manager.java:1040)
	at ptolemy.actor.Manager.initialize(Manager.java:710)
	at ptolemy.actor.Manager.execute(Manager.java:356)
	at ptolemy.actor.Manager.run(Manager.java:1263)
	at ptolemy.actor.Manager$PtolemyRunThread.run(Manager.java:1915)

    while executing
ptolemy.kernel.util.IllegalActionException: Found a zero delay loop containing .dependencyLoop.original
  in .dependencyLoop and .dependencyLoop.original
    while executing
"java::new ptolemy.moml.MoMLSimpleApplication $file
"
    (procedure "createAndExecute" line 2)
    invoked from within
"createAndExecute $file"
    ("uplevel" body line 5)
    invoked from within
"uplevel $contents_of_test"
------------------ testing $PTII/ptolemy/domains/de/test/auto/knownFailedTests/DESDFClockTest.xml (Known Failure) 
2070 ms. Memory: 146944K Free: 116623K (79%)


==== $PTIIhome/travis/build/icyphy/ptII/ptolemy/domains/de/test/../../../../: Auto Automatic test in file $PTII/ptolemy/domains/de/test/auto/knownFailedTests/DESDFClockTest.xml
==== Contents of test case:

	    # FIXME: we should use $relativeFilename here, but it
	    # might have backslashes under Windows, which causes no end
	    # of trouble.
	    createAndExecute $file
	    list {}
	
.... Test generated KNOWN error:
    while executing
ptolemy.kernel.util.IllegalActionException: Actor is not ready to fire.  Perhaps UpSample.prefire() returned false? Try debugging the actor by selecting "Listen to Actor".  Also, for SDF check moml for tokenConsumptionRate on input.
  in .DESDFClockTest.Play Bell.Copy1:SDF Director and .DESDFClockTest.Play Bell.UpSample
	at ptolemy.actor.sched.StaticSchedulingDirector.fire(StaticSchedulingDirector.java:227)
	at ptolemy.domains.sdf.kernel.SDFDirector.fire(SDFDirector.java:500)
	at ptolemy.actor.CompositeActor.fire(CompositeActor.java:455)
	at ptolemy.domains.de.kernel.DEDirector._fire(DEDirector.java:1949)
	at ptolemy.domains.de.kernel.DEDirector.fire(DEDirector.java:502)
	at ptolemy.actor.CompositeActor.fire(CompositeActor.java:455)
	at ptolemy.actor.Manager.iterate(Manager.java:851)
	at ptolemy.actor.Manager.execute(Manager.java:369)
	at ptolemy.actor.Manager.run(Manager.java:1263)
	at ptolemy.actor.Manager$PtolemyRunThread.run(Manager.java:1915)

    while executing
ptolemy.kernel.util.IllegalActionException: Actor is not ready to fire.  Perhaps UpSample.prefire() returned false? Try debugging the actor by selecting "Listen to Actor".  Also, for SDF check moml for tokenConsumptionRate on input.
  in .DESDFClockTest.Play Bell.Copy1:SDF Director and .DESDFClockTest.Play Bell.UpSample
    while executing
"java::new ptolemy.moml.MoMLSimpleApplication $file
"
    (procedure "createAndExecute" line 2)
    invoked from within
"createAndExecute $file"
    ("uplevel" body line 5)
    invoked from within
"uplevel $contents_of_test"
------------------ testing $PTII/ptolemy/domains/de/test/auto/knownFailedTests/FSMSource.xml (Known Failure) 
41 ms. Memory: 146944K Free: 107688K (73%)
!!!! Auto was marked as failing, but now passes
------------------ testing $PTII/ptolemy/domains/de/test/auto/knownFailedTests/dependencyLoop2.xml (Known Failure) 
12 ms. Memory: 146944K Free: 105805K (72%)


==== $PTIIhome/travis/build/icyphy/ptII/ptolemy/domains/de/test/../../../../: Auto Automatic test in file $PTII/ptolemy/domains/de/test/auto/knownFailedTests/dependencyLoop2.xml
==== Contents of test case:

	    # FIXME: we should use $relativeFilename here, but it
	    # might have backslashes under Windows, which causes no end
	    # of trouble.
	    createAndExecute $file
	    list {}
	
.... Test generated KNOWN error:
    while executing
ptolemy.kernel.util.IllegalActionException: Found a zero delay loop containing .dependencyLoop2.original
  in .dependencyLoop2 and .dependencyLoop2.original
	at ptolemy.actor.util.CausalityInterfaceForComposites._computeOutputPortDepth(CausalityInterfaceForComposites.java:759)
	at ptolemy.actor.util.CausalityInterfaceForComposites._computeInputDepth(CausalityInterfaceForComposites.java:696)
	at ptolemy.actor.util.CausalityInterfaceForComposites._computeOutputPortDepth(CausalityInterfaceForComposites.java:765)
	at ptolemy.actor.util.CausalityInterfaceForComposites._computeInputDepth(CausalityInterfaceForComposites.java:696)
	at ptolemy.actor.util.CausalityInterfaceForComposites._computeOutputPortDepth(CausalityInterfaceForComposites.java:765)
	at ptolemy.actor.util.CausalityInterfaceForComposites._computeInputDepth(CausalityInterfaceForComposites.java:696)
	at ptolemy.actor.util.CausalityInterfaceForComposites._computeActorDepth(CausalityInterfaceForComposites.java:532)
	at ptolemy.actor.util.CausalityInterfaceForComposites.checkForCycles(CausalityInterfaceForComposites.java:96)
	at ptolemy.domains.de.kernel.DEDirector.preinitialize(DEDirector.java:1338)
	at ptolemy.actor.CompositeActor.preinitialize(CompositeActor.java:1828)
	at ptolemy.actor.Manager.preinitializeAndResolveTypes(Manager.java:1040)
	at ptolemy.actor.Manager.initialize(Manager.java:710)
	at ptolemy.actor.Manager.execute(Manager.java:356)
	at ptolemy.actor.Manager.run(Manager.java:1263)
	at ptolemy.actor.Manager$PtolemyRunThread.run(Manager.java:1915)

    while executing
ptolemy.kernel.util.IllegalActionException: Found a zero delay loop containing .dependencyLoop2.original
  in .dependencyLoop2 and .dependencyLoop2.original
    while executing
"java::new ptolemy.moml.MoMLSimpleApplication $file
"
    (procedure "createAndExecute" line 2)
    invoked from within
"createAndExecute $file"
    ("uplevel" body line 5)
    invoked from within
"uplevel $contents_of_test"
------------------ testing $PTII/ptolemy/domains/de/test/auto/knownFailedTests/HierarchicalModel.xml (Known Failure) 
5 ms. Memory: 146944K Free: 84259K (57%)


==== $PTIIhome/travis/build/icyphy/ptII/ptolemy/domains/de/test/../../../../: Auto Automatic test in file $PTII/ptolemy/domains/de/test/auto/knownFailedTests/HierarchicalModel.xml
==== Contents of test case:

	    # FIXME: we should use $relativeFilename here, but it
	    # might have backslashes under Windows, which causes no end
	    # of trouble.
	    createAndExecute $file
	    list {}
	
.... Test generated KNOWN error:
    while executing
ptolemy.kernel.util.IllegalActionException: Found a zero delay loop containing .HierarchicalModel.A
  in .HierarchicalModel and .HierarchicalModel.A
	at ptolemy.actor.util.CausalityInterfaceForComposites._computeOutputPortDepth(CausalityInterfaceForComposites.java:759)
	at ptolemy.actor.util.CausalityInterfaceForComposites._computeInputDepth(CausalityInterfaceForComposites.java:696)
	at ptolemy.actor.util.CausalityInterfaceForComposites._computeOutputPortDepth(CausalityInterfaceForComposites.java:765)
	at ptolemy.actor.util.CausalityInterfaceForComposites._computeInputDepth(CausalityInterfaceForComposites.java:696)
	at ptolemy.actor.util.CausalityInterfaceForComposites._computeOutputPortDepth(CausalityInterfaceForComposites.java:765)
	at ptolemy.actor.util.CausalityInterfaceForComposites._computeInputDepth(CausalityInterfaceForComposites.java:696)
	at ptolemy.actor.util.CausalityInterfaceForComposites._computeActorDepth(CausalityInterfaceForComposites.java:532)
	at ptolemy.actor.util.CausalityInterfaceForComposites.checkForCycles(CausalityInterfaceForComposites.java:96)
	at ptolemy.domains.de.kernel.DEDirector.preinitialize(DEDirector.java:1338)
	at ptolemy.actor.CompositeActor.preinitialize(CompositeActor.java:1828)
	at ptolemy.actor.Manager.preinitializeAndResolveTypes(Manager.java:1040)
	at ptolemy.actor.Manager.initialize(Manager.java:710)
	at ptolemy.actor.Manager.execute(Manager.java:356)
	at ptolemy.actor.Manager.run(Manager.java:1263)
	at ptolemy.actor.Manager$PtolemyRunThread.run(Manager.java:1915)

    while executing
ptolemy.kernel.util.IllegalActionException: Found a zero delay loop containing .HierarchicalModel.A
  in .HierarchicalModel and .HierarchicalModel.A
    while executing
"java::new ptolemy.moml.MoMLSimpleApplication $file
"
    (procedure "createAndExecute" line 2)
    invoked from within
"createAndExecute $file"
    ("uplevel" body line 5)
    invoked from within
"uplevel $contents_of_test"
------------------ testing $PTII/ptolemy/domains/de/test/auto/knownFailedTests/DirectFeedback.xml (Known Failure) 
5 ms. Memory: 146944K Free: 141326K (96%)


==== $PTIIhome/travis/build/icyphy/ptII/ptolemy/domains/de/test/../../../../: Auto Automatic test in file $PTII/ptolemy/domains/de/test/auto/knownFailedTests/DirectFeedback.xml
==== Contents of test case:

	    # FIXME: we should use $relativeFilename here, but it
	    # might have backslashes under Windows, which causes no end
	    # of trouble.
	    createAndExecute $file
	    list {}
	
.... Test generated KNOWN error:
    while executing
ptolemy.kernel.util.IllegalActionException: Test fails in iteration 1.
Value was: 1.0. Should have been: 2.0
  in .DirectFeedback.Test
	at ptolemy.actor.lib.Test.fire(Test.java:268)
	at ptolemy.domains.de.kernel.DEDirector._fire(DEDirector.java:1949)
	at ptolemy.domains.de.kernel.DEDirector.fire(DEDirector.java:502)
	at ptolemy.actor.CompositeActor.fire(CompositeActor.java:455)
	at ptolemy.actor.Manager.iterate(Manager.java:851)
	at ptolemy.actor.Manager.execute(Manager.java:369)
	at ptolemy.actor.Manager.run(Manager.java:1263)
	at ptolemy.actor.Manager$PtolemyRunThread.run(Manager.java:1915)

    while executing
ptolemy.kernel.util.IllegalActionException: Test fails in iteration 1.
Value was: 1.0. Should have been: 2.0
  in .DirectFeedback.Test
    while executing
"java::new ptolemy.moml.MoMLSimpleApplication $file
"
    (procedure "createAndExecute" line 2)
    invoked from within
"createAndExecute $file"
    ("uplevel" body line 5)
    invoked from within
"uplevel $contents_of_test"
------------------ testing $PTII/ptolemy/domains/de/test/auto/ActorDepthCalculation_actorWithoutPorts.xml
auto.tcl: Setting watchdog for 200 seconds at Tue Nov 20 02:50:41 UTC 2018
9 ms. Memory: 146944K Free: 132363K (90%)
ptolemy.util.test.WatchDog.cancel(): canceling Tue Nov 20 02:50:41 UTC 2018
auto.tcl: Setting watchdog for 200 seconds at Tue Nov 20 02:50:41 UTC 2018
4 ms. Memory: 146944K Free: 131322K (89%)
ptolemy.util.test.WatchDog.cancel(): canceling Tue Nov 20 02:50:41 UTC 2018
------------------ testing $PTII/ptolemy/domains/de/test/auto/AssemblyLine.xml
auto.tcl: Setting watchdog for 200 seconds at Tue Nov 20 02:50:42 UTC 2018
19 ms. Memory: 208384K Free: 182817K (88%)
ptolemy.util.test.WatchDog.cancel(): canceling Tue Nov 20 02:50:42 UTC 2018
auto.tcl: Setting watchdog for 200 seconds at Tue Nov 20 02:50:42 UTC 2018
6 ms. Memory: 208384K Free: 182817K (88%)
ptolemy.util.test.WatchDog.cancel(): canceling Tue Nov 20 02:50:42 UTC 2018
------------------ testing $PTII/ptolemy/domains/de/test/auto/CQBug1.xml
auto.tcl: Setting watchdog for 200 seconds at Tue Nov 20 02:50:42 UTC 2018
7 ms. Memory: 208384K Free: 197699K (95%)
ptolemy.util.test.WatchDog.cancel(): canceling Tue Nov 20 02:50:42 UTC 2018
auto.tcl: Setting watchdog for 200 seconds at Tue Nov 20 02:50:42 UTC 2018
2 ms. Memory: 208384K Free: 197699K (95%)
ptolemy.util.test.WatchDog.cancel(): canceling Tue Nov 20 02:50:42 UTC 2018
------------------ testing $PTII/ptolemy/domains/de/test/auto/CancelFireAt.xml
auto.tcl: Setting watchdog for 200 seconds at Tue Nov 20 02:50:42 UTC 2018
4 ms. Memory: 208384K Free: 201423K (97%)
ptolemy.util.test.WatchDog.cancel(): canceling Tue Nov 20 02:50:42 UTC 2018
auto.tcl: Setting watchdog for 200 seconds at Tue Nov 20 02:50:42 UTC 2018
2 ms. Memory: 208384K Free: 199319K (96%)
ptolemy.util.test.WatchDog.cancel(): canceling Tue Nov 20 02:50:42 UTC 2018
------------------ testing $PTII/ptolemy/domains/de/test/auto/CausalityAndComposabilityAnalysis.xml
auto.tcl: Setting watchdog for 200 seconds at Tue Nov 20 02:50:42 UTC 2018
17 ms. Memory: 208384K Free: 196476K (94%)
ptolemy.util.test.WatchDog.cancel(): canceling Tue Nov 20 02:50:42 UTC 2018
auto.tcl: Setting watchdog for 200 seconds at Tue Nov 20 02:50:42 UTC 2018
4 ms. Memory: 208384K Free: 196476K (94%)
ptolemy.util.test.WatchDog.cancel(): canceling Tue Nov 20 02:50:42 UTC 2018
------------------ testing $PTII/ptolemy/domains/de/test/auto/CausalityInterface1.xml
auto.tcl: Setting watchdog for 200 seconds at Tue Nov 20 02:50:42 UTC 2018
14 ms. Memory: 208384K Free: 196413K (94%)
ptolemy.util.test.WatchDog.cancel(): canceling Tue Nov 20 02:50:42 UTC 2018
auto.tcl: Setting watchdog for 200 seconds at Tue Nov 20 02:50:42 UTC 2018
3 ms. Memory: 208384K Free: 196413K (94%)
ptolemy.util.test.WatchDog.cancel(): canceling Tue Nov 20 02:50:43 UTC 2018
------------------ testing $PTII/ptolemy/domains/de/test/auto/CausalityInterface15.xml
auto.tcl: Setting watchdog for 200 seconds at Tue Nov 20 02:50:43 UTC 2018
14 ms. Memory: 208384K Free: 196403K (94%)
ptolemy.util.test.WatchDog.cancel(): canceling Tue Nov 20 02:50:43 UTC 2018
auto.tcl: Setting watchdog for 200 seconds at Tue Nov 20 02:50:43 UTC 2018
4 ms. Memory: 208384K Free: 196403K (94%)
ptolemy.util.test.WatchDog.cancel(): canceling Tue Nov 20 02:50:43 UTC 2018
------------------ testing $PTII/ptolemy/domains/de/test/auto/CausalityInterface2.xml
auto.tcl: Setting watchdog for 200 seconds at Tue Nov 20 02:50:43 UTC 2018
8 ms. Memory: 208384K Free: 196387K (94%)
ptolemy.util.test.WatchDog.cancel(): canceling Tue Nov 20 02:50:43 UTC 2018
auto.tcl: Setting watchdog for 200 seconds at Tue Nov 20 02:50:43 UTC 2018
3 ms. Memory: 208384K Free: 196387K (94%)
ptolemy.util.test.WatchDog.cancel(): canceling Tue Nov 20 02:50:43 UTC 2018
------------------ testing $PTII/ptolemy/domains/de/test/auto/CausalityInterface3.xml
auto.tcl: Setting watchdog for 200 seconds at Tue Nov 20 02:50:43 UTC 2018
7 ms. Memory: 208384K Free: 196401K (94%)
ptolemy.util.test.WatchDog.cancel(): canceling Tue Nov 20 02:50:43 UTC 2018
auto.tcl: Setting watchdog for 200 seconds at Tue Nov 20 02:50:43 UTC 2018
3 ms. Memory: 208384K Free: 196401K (94%)
ptolemy.util.test.WatchDog.cancel(): canceling Tue Nov 20 02:50:43 UTC 2018
------------------ testing $PTII/ptolemy/domains/de/test/auto/ClockDrift.xml
auto.tcl: Setting watchdog for 200 seconds at Tue Nov 20 02:50:43 UTC 2018
90 ms. Memory: 208384K Free: 187621K (90%)
ptolemy.util.test.WatchDog.cancel(): canceling Tue Nov 20 02:50:43 UTC 2018
auto.tcl: Setting watchdog for 200 seconds at Tue Nov 20 02:50:43 UTC 2018
62 ms. Memory: 208384K Free: 185517K (89%)
ptolemy.util.test.WatchDog.cancel(): canceling Tue Nov 20 02:50:43 UTC 2018
------------------ testing $PTII/ptolemy/domains/de/test/auto/ClockDriftAndValueChange.xml
auto.tcl: Setting watchdog for 200 seconds at Tue Nov 20 02:50:43 UTC 2018
44 ms. Memory: 208384K Free: 187455K (90%)
ptolemy.util.test.WatchDog.cancel(): canceling Tue Nov 20 02:50:43 UTC 2018
auto.tcl: Setting watchdog for 200 seconds at Tue Nov 20 02:50:43 UTC 2018
22 ms. Memory: 208384K Free: 185351K (89%)
ptolemy.util.test.WatchDog.cancel(): canceling Tue Nov 20 02:50:43 UTC 2018
------------------ testing $PTII/ptolemy/domains/de/test/auto/ClockDriftChange.xml
auto.tcl: Setting watchdog for 200 seconds at Tue Nov 20 02:50:43 UTC 2018
29 ms. Memory: 208384K Free: 190782K (92%)
ptolemy.util.test.WatchDog.cancel(): canceling Tue Nov 20 02:50:43 UTC 2018
auto.tcl: Setting watchdog for 200 seconds at Tue Nov 20 02:50:43 UTC 2018
31 ms. Memory: 208384K Free: 188678K (91%)
ptolemy.util.test.WatchDog.cancel(): canceling Tue Nov 20 02:50:43 UTC 2018
------------------ testing $PTII/ptolemy/domains/de/test/auto/ComposableCausalityAnalysis.xml
auto.tcl: Setting watchdog for 200 seconds at Tue Nov 20 02:50:43 UTC 2018
2 ms. Memory: 208384K Free: 196255K (94%)
ptolemy.util.test.WatchDog.cancel(): canceling Tue Nov 20 02:50:44 UTC 2018
auto.tcl: Setting watchdog for 200 seconds at Tue Nov 20 02:50:44 UTC 2018
1 ms. Memory: 208384K Free: 194151K (93%)
ptolemy.util.test.WatchDog.cancel(): canceling Tue Nov 20 02:50:44 UTC 2018
------------------ testing $PTII/ptolemy/domains/de/test/auto/DEFixedPointLimitation.xml
auto.tcl: Setting watchdog for 200 seconds at Tue Nov 20 02:50:44 UTC 2018
2 ms. Memory: 208384K Free: 196336K (94%)
ptolemy.util.test.WatchDog.cancel(): canceling Tue Nov 20 02:50:44 UTC 2018
auto.tcl: Setting watchdog for 200 seconds at Tue Nov 20 02:50:44 UTC 2018
6 ms. Memory: 208384K Free: 196336K (94%)
ptolemy.util.test.WatchDog.cancel(): canceling Tue Nov 20 02:50:44 UTC 2018
------------------ testing $PTII/ptolemy/domains/de/test/auto/DEScheduleTest.xml
auto.tcl: Setting watchdog for 200 seconds at Tue Nov 20 02:50:44 UTC 2018
6 ms. Memory: 208384K Free: 198475K (95%)
ptolemy.util.test.WatchDog.cancel(): canceling Tue Nov 20 02:50:44 UTC 2018
auto.tcl: Setting watchdog for 200 seconds at Tue Nov 20 02:50:44 UTC 2018
5 ms. Memory: 208384K Free: 196372K (94%)
ptolemy.util.test.WatchDog.cancel(): canceling Tue Nov 20 02:50:44 UTC 2018
------------------ testing $PTII/ptolemy/domains/de/test/auto/DEinDEwithStartTimes.xml
auto.tcl: Setting watchdog for 200 seconds at Tue Nov 20 02:50:44 UTC 2018
7 ms. Memory: 208384K Free: 196341K (94%)
ptolemy.util.test.WatchDog.cancel(): canceling Tue Nov 20 02:50:44 UTC 2018
auto.tcl: Setting watchdog for 200 seconds at Tue Nov 20 02:50:44 UTC 2018
5 ms. Memory: 208384K Free: 194238K (93%)
ptolemy.util.test.WatchDog.cancel(): canceling Tue Nov 20 02:50:44 UTC 2018
------------------ testing $PTII/ptolemy/domains/de/test/auto/DEinDEwithStartTimes2.xml
auto.tcl: Setting watchdog for 200 seconds at Tue Nov 20 02:50:44 UTC 2018
9 ms. Memory: 208384K Free: 196321K (94%)
ptolemy.util.test.WatchDog.cancel(): canceling Tue Nov 20 02:50:44 UTC 2018
auto.tcl: Setting watchdog for 200 seconds at Tue Nov 20 02:50:44 UTC 2018
4 ms. Memory: 208384K Free: 194217K (93%)
ptolemy.util.test.WatchDog.cancel(): canceling Tue Nov 20 02:50:44 UTC 2018
------------------ testing $PTII/ptolemy/domains/de/test/auto/DateDemo.xml
auto.tcl: Setting watchdog for 200 seconds at Tue Nov 20 02:50:44 UTC 2018
11 ms. Memory: 208384K Free: 188739K (91%)
ptolemy.util.test.WatchDog.cancel(): canceling Tue Nov 20 02:50:44 UTC 2018
auto.tcl: Setting watchdog for 200 seconds at Tue Nov 20 02:50:44 UTC 2018
13 ms. Memory: 208384K Free: 186635K (90%)
ptolemy.util.test.WatchDog.cancel(): canceling Tue Nov 20 02:50:44 UTC 2018
------------------ testing $PTII/ptolemy/domains/de/test/auto/DateToEvent.xml
auto.tcl: Setting watchdog for 200 seconds at Tue Nov 20 02:50:44 UTC 2018
2014 ms. Memory: 208384K Free: 183450K (88%)
ptolemy.util.test.WatchDog.cancel(): canceling Tue Nov 20 02:50:46 UTC 2018
auto.tcl: Setting watchdog for 200 seconds at Tue Nov 20 02:50:46 UTC 2018
2006 ms. Memory: 208384K Free: 183450K (88%)
ptolemy.util.test.WatchDog.cancel(): canceling Tue Nov 20 02:50:48 UTC 2018
------------------ testing $PTII/ptolemy/domains/de/test/auto/DepthTest1.xml
auto.tcl: Setting watchdog for 200 seconds at Tue Nov 20 02:50:48 UTC 2018
3 ms. Memory: 208384K Free: 198002K (95%)
ptolemy.util.test.WatchDog.cancel(): canceling Tue Nov 20 02:50:48 UTC 2018
auto.tcl: Setting watchdog for 200 seconds at Tue Nov 20 02:50:48 UTC 2018
2 ms. Memory: 208384K Free: 198002K (95%)
ptolemy.util.test.WatchDog.cancel(): canceling Tue Nov 20 02:50:48 UTC 2018
------------------ testing $PTII/ptolemy/domains/de/test/auto/DepthTest2.xml
auto.tcl: Setting watchdog for 200 seconds at Tue Nov 20 02:50:48 UTC 2018
7 ms. Memory: 208384K Free: 194196K (93%)
ptolemy.util.test.WatchDog.cancel(): canceling Tue Nov 20 02:50:48 UTC 2018
auto.tcl: Setting watchdog for 200 seconds at Tue Nov 20 02:50:48 UTC 2018
6 ms. Memory: 208384K Free: 194196K (93%)
ptolemy.util.test.WatchDog.cancel(): canceling Tue Nov 20 02:50:48 UTC 2018
------------------ testing $PTII/ptolemy/domains/de/test/auto/DepthTest3.xml
auto.tcl: Setting watchdog for 200 seconds at Tue Nov 20 02:50:48 UTC 2018
2 ms. Memory: 208384K Free: 198337K (95%)
ptolemy.util.test.WatchDog.cancel(): canceling Tue Nov 20 02:50:48 UTC 2018
auto.tcl: Setting watchdog for 200 seconds at Tue Nov 20 02:50:48 UTC 2018
2 ms. Memory: 208384K Free: 198337K (95%)
ptolemy.util.test.WatchDog.cancel(): canceling Tue Nov 20 02:50:48 UTC 2018
------------------ testing $PTII/ptolemy/domains/de/test/auto/DepthTest4.xml
auto.tcl: Setting watchdog for 200 seconds at Tue Nov 20 02:50:48 UTC 2018
3 ms. Memory: 208384K Free: 196320K (94%)
ptolemy.util.test.WatchDog.cancel(): canceling Tue Nov 20 02:50:48 UTC 2018
auto.tcl: Setting watchdog for 200 seconds at Tue Nov 20 02:50:48 UTC 2018
2 ms. Memory: 208384K Free: 196320K (94%)
ptolemy.util.test.WatchDog.cancel(): canceling Tue Nov 20 02:50:48 UTC 2018
------------------ testing $PTII/ptolemy/domains/de/test/auto/DepthTest5.xml
auto.tcl: Setting watchdog for 200 seconds at Tue Nov 20 02:50:49 UTC 2018
8 ms. Memory: 208384K Free: 196268K (94%)
ptolemy.util.test.WatchDog.cancel(): canceling Tue Nov 20 02:50:49 UTC 2018
auto.tcl: Setting watchdog for 200 seconds at Tue Nov 20 02:50:49 UTC 2018
3 ms. Memory: 208384K Free: 196268K (94%)
ptolemy.util.test.WatchDog.cancel(): canceling Tue Nov 20 02:50:49 UTC 2018
------------------ testing $PTII/ptolemy/domains/de/test/auto/DepthTest6.xml
auto.tcl: Setting watchdog for 200 seconds at Tue Nov 20 02:50:49 UTC 2018
8 ms. Memory: 208384K Free: 196581K (94%)
ptolemy.util.test.WatchDog.cancel(): canceling Tue Nov 20 02:50:49 UTC 2018
auto.tcl: Setting watchdog for 200 seconds at Tue Nov 20 02:50:49 UTC 2018
3 ms. Memory: 208384K Free: 196581K (94%)
ptolemy.util.test.WatchDog.cancel(): canceling Tue Nov 20 02:50:49 UTC 2018
------------------ testing $PTII/ptolemy/domains/de/test/auto/DepthTest7.xml
auto.tcl: Setting watchdog for 200 seconds at Tue Nov 20 02:50:49 UTC 2018
3 ms. Memory: 208384K Free: 196225K (94%)
ptolemy.util.test.WatchDog.cancel(): canceling Tue Nov 20 02:50:49 UTC 2018
auto.tcl: Setting watchdog for 200 seconds at Tue Nov 20 02:50:49 UTC 2018
2 ms. Memory: 208384K Free: 196225K (94%)
ptolemy.util.test.WatchDog.cancel(): canceling Tue Nov 20 02:50:49 UTC 2018
------------------ testing $PTII/ptolemy/domains/de/test/auto/EventToDate.xml
auto.tcl: Setting watchdog for 200 seconds at Tue Nov 20 02:50:49 UTC 2018
3010 ms. Memory: 208384K Free: 183269K (88%)
ptolemy.util.test.WatchDog.cancel(): canceling Tue Nov 20 02:50:52 UTC 2018
auto.tcl: Setting watchdog for 200 seconds at Tue Nov 20 02:50:52 UTC 2018
3004 ms. Memory: 208384K Free: 183269K (88%)
ptolemy.util.test.WatchDog.cancel(): canceling Tue Nov 20 02:50:55 UTC 2018
------------------ testing $PTII/ptolemy/domains/de/test/auto/FSM1.xml
auto.tcl: Setting watchdog for 200 seconds at Tue Nov 20 02:50:55 UTC 2018
20 ms. Memory: 208384K Free: 189269K (91%)
ptolemy.util.test.WatchDog.cancel(): canceling Tue Nov 20 02:50:55 UTC 2018
auto.tcl: Setting watchdog for 200 seconds at Tue Nov 20 02:50:55 UTC 2018
15 ms. Memory: 208384K Free: 185061K (89%)
ptolemy.util.test.WatchDog.cancel(): canceling Tue Nov 20 02:50:55 UTC 2018
------------------ testing $PTII/ptolemy/domains/de/test/auto/FSM7.xml
auto.tcl: Setting watchdog for 200 seconds at Tue Nov 20 02:50:55 UTC 2018
14 ms. Memory: 208384K Free: 187368K (90%)
ptolemy.util.test.WatchDog.cancel(): canceling Tue Nov 20 02:50:55 UTC 2018
auto.tcl: Setting watchdog for 200 seconds at Tue Nov 20 02:50:55 UTC 2018
13 ms. Memory: 208384K Free: 185264K (89%)
ptolemy.util.test.WatchDog.cancel(): canceling Tue Nov 20 02:50:55 UTC 2018
------------------ testing $PTII/ptolemy/domains/de/test/auto/Inspection.xml
auto.tcl: Setting watchdog for 200 seconds at Tue Nov 20 02:50:55 UTC 2018
23 ms. Memory: 208384K Free: 188582K (90%)
ptolemy.util.test.WatchDog.cancel(): canceling Tue Nov 20 02:50:55 UTC 2018
auto.tcl: Setting watchdog for 200 seconds at Tue Nov 20 02:50:55 UTC 2018
22 ms. Memory: 208384K Free: 186479K (89%)
ptolemy.util.test.WatchDog.cancel(): canceling Tue Nov 20 02:50:55 UTC 2018
------------------ testing $PTII/ptolemy/domains/de/test/auto/Iteration.xml
auto.tcl: Setting watchdog for 200 seconds at Tue Nov 20 02:50:55 UTC 2018
9 ms. Memory: 208384K Free: 196369K (94%)
ptolemy.util.test.WatchDog.cancel(): canceling Tue Nov 20 02:50:55 UTC 2018
auto.tcl: Setting watchdog for 200 seconds at Tue Nov 20 02:50:55 UTC 2018
8 ms. Memory: 208384K Free: 193927K (93%)
ptolemy.util.test.WatchDog.cancel(): canceling Tue Nov 20 02:50:55 UTC 2018
------------------ testing $PTII/ptolemy/domains/de/test/auto/LineFault.xml
auto.tcl: Setting watchdog for 200 seconds at Tue Nov 20 02:50:55 UTC 2018
645 ms. Memory: 208384K Free: 196220K (94%)
ptolemy.util.test.WatchDog.cancel(): canceling Tue Nov 20 02:50:56 UTC 2018
auto.tcl: Setting watchdog for 200 seconds at Tue Nov 20 02:50:56 UTC 2018
531 ms. Memory: 208384K Free: 138789K (67%)
ptolemy.util.test.WatchDog.cancel(): canceling Tue Nov 20 02:50:57 UTC 2018
------------------ testing $PTII/ptolemy/domains/de/test/auto/MergeModel1Add.xml
auto.tcl: Setting watchdog for 200 seconds at Tue Nov 20 02:50:57 UTC 2018
30 ms. Memory: 331264K Free: 298835K (90%)
ptolemy.util.test.WatchDog.cancel(): canceling Tue Nov 20 02:50:57 UTC 2018
auto.tcl: Setting watchdog for 200 seconds at Tue Nov 20 02:50:57 UTC 2018
12 ms. Memory: 331264K Free: 298835K (90%)
ptolemy.util.test.WatchDog.cancel(): canceling Tue Nov 20 02:50:57 UTC 2018
------------------ testing $PTII/ptolemy/domains/de/test/auto/MergeModel2Add.xml
auto.tcl: Setting watchdog for 200 seconds at Tue Nov 20 02:50:57 UTC 2018
13 ms. Memory: 331264K Free: 304114K (92%)
ptolemy.util.test.WatchDog.cancel(): canceling Tue Nov 20 02:50:57 UTC 2018
auto.tcl: Setting watchdog for 200 seconds at Tue Nov 20 02:50:57 UTC 2018
14 ms. Memory: 331264K Free: 300165K (91%)
ptolemy.util.test.WatchDog.cancel(): canceling Tue Nov 20 02:50:57 UTC 2018
------------------ testing $PTII/ptolemy/domains/de/test/auto/MergeModel3Add.xml
auto.tcl: Setting watchdog for 200 seconds at Tue Nov 20 02:50:57 UTC 2018
10 ms. Memory: 331264K Free: 304116K (92%)
ptolemy.util.test.WatchDog.cancel(): canceling Tue Nov 20 02:50:57 UTC 2018
auto.tcl: Setting watchdog for 200 seconds at Tue Nov 20 02:50:57 UTC 2018
8 ms. Memory: 331264K Free: 300168K (91%)
ptolemy.util.test.WatchDog.cancel(): canceling Tue Nov 20 02:50:57 UTC 2018
------------------ testing $PTII/ptolemy/domains/de/test/auto/MergeWithoutDiscard.xml
auto.tcl: Setting watchdog for 200 seconds at Tue Nov 20 02:50:57 UTC 2018
7 ms. Memory: 331264K Free: 320224K (97%)
ptolemy.util.test.WatchDog.cancel(): canceling Tue Nov 20 02:50:57 UTC 2018
auto.tcl: Setting watchdog for 200 seconds at Tue Nov 20 02:50:57 UTC 2018
2 ms. Memory: 331264K Free: 316275K (95%)
ptolemy.util.test.WatchDog.cancel(): canceling Tue Nov 20 02:50:57 UTC 2018
------------------ testing $PTII/ptolemy/domains/de/test/auto/Modal1.xml
auto.tcl: Setting watchdog for 200 seconds at Tue Nov 20 02:50:57 UTC 2018
11 ms. Memory: 331264K Free: 309867K (94%)
ptolemy.util.test.WatchDog.cancel(): canceling Tue Nov 20 02:50:58 UTC 2018
auto.tcl: Setting watchdog for 200 seconds at Tue Nov 20 02:50:58 UTC 2018
20 ms. Memory: 331264K Free: 305918K (92%)
ptolemy.util.test.WatchDog.cancel(): canceling Tue Nov 20 02:50:58 UTC 2018
------------------ testing $PTII/ptolemy/domains/de/test/auto/Modal2.xml
auto.tcl: Setting watchdog for 200 seconds at Tue Nov 20 02:50:58 UTC 2018
20 ms. Memory: 331264K Free: 309748K (94%)
ptolemy.util.test.WatchDog.cancel(): canceling Tue Nov 20 02:50:58 UTC 2018
auto.tcl: Setting watchdog for 200 seconds at Tue Nov 20 02:50:58 UTC 2018
15 ms. Memory: 331264K Free: 305800K (92%)
ptolemy.util.test.WatchDog.cancel(): canceling Tue Nov 20 02:50:58 UTC 2018
------------------ testing $PTII/ptolemy/domains/de/test/auto/Modal3.xml
auto.tcl: Setting watchdog for 200 seconds at Tue Nov 20 02:50:58 UTC 2018
11 ms. Memory: 331264K Free: 309739K (94%)
ptolemy.util.test.WatchDog.cancel(): canceling Tue Nov 20 02:50:58 UTC 2018
auto.tcl: Setting watchdog for 200 seconds at Tue Nov 20 02:50:58 UTC 2018
14 ms. Memory: 331264K Free: 305775K (92%)
ptolemy.util.test.WatchDog.cancel(): canceling Tue Nov 20 02:50:58 UTC 2018
------------------ testing $PTII/ptolemy/domains/de/test/auto/Modal4.xml
auto.tcl: Setting watchdog for 200 seconds at Tue Nov 20 02:50:58 UTC 2018
27 ms. Memory: 331264K Free: 309760K (94%)
ptolemy.util.test.WatchDog.cancel(): canceling Tue Nov 20 02:50:58 UTC 2018
auto.tcl: Setting watchdog for 200 seconds at Tue Nov 20 02:50:58 UTC 2018
24 ms. Memory: 331264K Free: 305804K (92%)
ptolemy.util.test.WatchDog.cancel(): canceling Tue Nov 20 02:50:58 UTC 2018
------------------ testing $PTII/ptolemy/domains/de/test/auto/Modal5.xml
auto.tcl: Setting watchdog for 200 seconds at Tue Nov 20 02:50:58 UTC 2018
22 ms. Memory: 331264K Free: 309747K (94%)
ptolemy.util.test.WatchDog.cancel(): canceling Tue Nov 20 02:50:58 UTC 2018
auto.tcl: Setting watchdog for 200 seconds at Tue Nov 20 02:50:58 UTC 2018
10 ms. Memory: 331264K Free: 305790K (92%)
ptolemy.util.test.WatchDog.cancel(): canceling Tue Nov 20 02:50:58 UTC 2018
------------------ testing $PTII/ptolemy/domains/de/test/auto/Modal6.xml
auto.tcl: Setting watchdog for 200 seconds at Tue Nov 20 02:50:58 UTC 2018
14 ms. Memory: 331264K Free: 309744K (94%)
ptolemy.util.test.WatchDog.cancel(): canceling Tue Nov 20 02:50:58 UTC 2018
auto.tcl: Setting watchdog for 200 seconds at Tue Nov 20 02:50:58 UTC 2018
15 ms. Memory: 331264K Free: 305780K (92%)
ptolemy.util.test.WatchDog.cancel(): canceling Tue Nov 20 02:50:58 UTC 2018
------------------ testing $PTII/ptolemy/domains/de/test/auto/Modal7.xml
auto.tcl: Setting watchdog for 200 seconds at Tue Nov 20 02:50:58 UTC 2018
16 ms. Memory: 331264K Free: 309736K (94%)
ptolemy.util.test.WatchDog.cancel(): canceling Tue Nov 20 02:50:58 UTC 2018
auto.tcl: Setting watchdog for 200 seconds at Tue Nov 20 02:50:58 UTC 2018
9 ms. Memory: 331264K Free: 305788K (92%)
ptolemy.util.test.WatchDog.cancel(): canceling Tue Nov 20 02:50:58 UTC 2018
------------------ testing $PTII/ptolemy/domains/de/test/auto/ModalModel.xml
auto.tcl: Setting watchdog for 200 seconds at Tue Nov 20 02:50:58 UTC 2018
193 ms. Memory: 331264K Free: 246049K (74%)
ptolemy.util.test.WatchDog.cancel(): canceling Tue Nov 20 02:50:59 UTC 2018
auto.tcl: Setting watchdog for 200 seconds at Tue Nov 20 02:50:59 UTC 2018
186 ms. Memory: 331264K Free: 185723K (56%)
ptolemy.util.test.WatchDog.cancel(): canceling Tue Nov 20 02:50:59 UTC 2018
------------------ testing $PTII/ptolemy/domains/de/test/auto/ModalSource.xml
auto.tcl: Setting watchdog for 200 seconds at Tue Nov 20 02:50:59 UTC 2018
13 ms. Memory: 331264K Free: 316591K (96%)
ptolemy.util.test.WatchDog.cancel(): canceling Tue Nov 20 02:50:59 UTC 2018
auto.tcl: Setting watchdog for 200 seconds at Tue Nov 20 02:50:59 UTC 2018
6 ms. Memory: 331264K Free: 313093K (95%)
ptolemy.util.test.WatchDog.cancel(): canceling Tue Nov 20 02:50:59 UTC 2018
------------------ testing $PTII/ptolemy/domains/de/test/auto/NonInterruptibleTimerZeroDelay.xml
auto.tcl: Setting watchdog for 200 seconds at Tue Nov 20 02:50:59 UTC 2018
4 ms. Memory: 331264K Free: 320927K (97%)
ptolemy.util.test.WatchDog.cancel(): canceling Tue Nov 20 02:50:59 UTC 2018
auto.tcl: Setting watchdog for 200 seconds at Tue Nov 20 02:50:59 UTC 2018
3 ms. Memory: 331264K Free: 317429K (96%)
ptolemy.util.test.WatchDog.cancel(): canceling Tue Nov 20 02:50:59 UTC 2018
------------------ testing $PTII/ptolemy/domains/de/test/auto/OpenQueueingNetwork.xml
auto.tcl: Setting watchdog for 200 seconds at Tue Nov 20 02:50:59 UTC 2018
2488 ms. Memory: 573952K Free: 413516K (72%)
ptolemy.util.test.WatchDog.cancel(): canceling Tue Nov 20 02:51:02 UTC 2018
auto.tcl: Setting watchdog for 200 seconds at Tue Nov 20 02:51:02 UTC 2018
2334 ms. Memory: 574464K Free: 325365K (57%)
ptolemy.util.test.WatchDog.cancel(): canceling Tue Nov 20 02:51:04 UTC 2018
------------------ testing $PTII/ptolemy/domains/de/test/auto/OpenQueuingNetwork.xml
auto.tcl: Setting watchdog for 200 seconds at Tue Nov 20 02:51:04 UTC 2018
229 ms. Memory: 1064960K Free: 946492K (89%)
ptolemy.util.test.WatchDog.cancel(): canceling Tue Nov 20 02:51:04 UTC 2018
auto.tcl: Setting watchdog for 200 seconds at Tue Nov 20 02:51:04 UTC 2018
227 ms. Memory: 1064960K Free: 890052K (84%)
ptolemy.util.test.WatchDog.cancel(): canceling Tue Nov 20 02:51:04 UTC 2018
------------------ testing $PTII/ptolemy/domains/de/test/auto/PeriodicSampler.xml
auto.tcl: Setting watchdog for 200 seconds at Tue Nov 20 02:51:05 UTC 2018
4 ms. Memory: 1065472K Free: 1029064K (97%)
ptolemy.util.test.WatchDog.cancel(): canceling Tue Nov 20 02:51:05 UTC 2018
auto.tcl: Setting watchdog for 200 seconds at Tue Nov 20 02:51:05 UTC 2018
2 ms. Memory: 1065472K Free: 1029064K (97%)
ptolemy.util.test.WatchDog.cancel(): canceling Tue Nov 20 02:51:05 UTC 2018
------------------ testing $PTII/ptolemy/domains/de/test/auto/PersistentIO.xml
auto.tcl: Setting watchdog for 200 seconds at Tue Nov 20 02:51:05 UTC 2018
14 ms. Memory: 1065472K Free: 1030128K (97%)
ptolemy.util.test.WatchDog.cancel(): canceling Tue Nov 20 02:51:05 UTC 2018
auto.tcl: Setting watchdog for 200 seconds at Tue Nov 20 02:51:05 UTC 2018
4 ms. Memory: 1065472K Free: 1030128K (97%)
ptolemy.util.test.WatchDog.cancel(): canceling Tue Nov 20 02:51:05 UTC 2018
------------------ testing $PTII/ptolemy/domains/de/test/auto/PortParameterResetOnInitialize.xml
auto.tcl: Setting watchdog for 200 seconds at Tue Nov 20 02:51:05 UTC 2018
2 ms. Memory: 1065472K Free: 1029508K (97%)
ptolemy.util.test.WatchDog.cancel(): canceling Tue Nov 20 02:51:05 UTC 2018
auto.tcl: Setting watchdog for 200 seconds at Tue Nov 20 02:51:05 UTC 2018
2 ms. Memory: 1065472K Free: 1029508K (97%)
ptolemy.util.test.WatchDog.cancel(): canceling Tue Nov 20 02:51:05 UTC 2018
------------------ testing $PTII/ptolemy/domains/de/test/auto/PortParameterUpdates.xml
auto.tcl: Setting watchdog for 200 seconds at Tue Nov 20 02:51:05 UTC 2018
3 ms. Memory: 1065472K Free: 1039460K (98%)
ptolemy.util.test.WatchDog.cancel(): canceling Tue Nov 20 02:51:05 UTC 2018
auto.tcl: Setting watchdog for 200 seconds at Tue Nov 20 02:51:05 UTC 2018
7 ms. Memory: 1065472K Free: 1039460K (98%)
ptolemy.util.test.WatchDog.cancel(): canceling Tue Nov 20 02:51:05 UTC 2018
------------------ testing $PTII/ptolemy/domains/de/test/auto/QueueAndServer.xml
auto.tcl: Setting watchdog for 200 seconds at Tue Nov 20 02:51:05 UTC 2018
10 ms. Memory: 1065472K Free: 1039905K (98%)
ptolemy.util.test.WatchDog.cancel(): canceling Tue Nov 20 02:51:05 UTC 2018
auto.tcl: Setting watchdog for 200 seconds at Tue Nov 20 02:51:05 UTC 2018
6 ms. Memory: 1065472K Free: 1039423K (98%)
ptolemy.util.test.WatchDog.cancel(): canceling Tue Nov 20 02:51:05 UTC 2018
------------------ testing $PTII/ptolemy/domains/de/test/auto/Records.xml
auto.tcl: Setting watchdog for 200 seconds at Tue Nov 20 02:51:05 UTC 2018
14 ms. Memory: 1065472K Free: 1039366K (98%)
ptolemy.util.test.WatchDog.cancel(): canceling Tue Nov 20 02:51:05 UTC 2018
auto.tcl: Setting watchdog for 200 seconds at Tue Nov 20 02:51:05 UTC 2018
2 ms. Memory: 1065472K Free: 1039366K (98%)
ptolemy.util.test.WatchDog.cancel(): canceling Tue Nov 20 02:51:05 UTC 2018
------------------ testing $PTII/ptolemy/domains/de/test/auto/ResetTransitionWithStartTime1.xml
auto.tcl: Setting watchdog for 200 seconds at Tue Nov 20 02:51:05 UTC 2018
7 ms. Memory: 1065472K Free: 1039391K (98%)
ptolemy.util.test.WatchDog.cancel(): canceling Tue Nov 20 02:51:05 UTC 2018
auto.tcl: Setting watchdog for 200 seconds at Tue Nov 20 02:51:05 UTC 2018
5 ms. Memory: 1065472K Free: 1039391K (98%)
ptolemy.util.test.WatchDog.cancel(): canceling Tue Nov 20 02:51:05 UTC 2018
------------------ testing $PTII/ptolemy/domains/de/test/auto/ResetTransitionWithStartTime2.xml
auto.tcl: Setting watchdog for 200 seconds at Tue Nov 20 02:51:05 UTC 2018
5 ms. Memory: 1064448K Free: 1038839K (98%)
ptolemy.util.test.WatchDog.cancel(): canceling Tue Nov 20 02:51:05 UTC 2018
auto.tcl: Setting watchdog for 200 seconds at Tue Nov 20 02:51:05 UTC 2018
6 ms. Memory: 1064448K Free: 1038839K (98%)
ptolemy.util.test.WatchDog.cancel(): canceling Tue Nov 20 02:51:05 UTC 2018
------------------ testing $PTII/ptolemy/domains/de/test/auto/ResetTransitionWithStartTime3.xml
auto.tcl: Setting watchdog for 200 seconds at Tue Nov 20 02:51:05 UTC 2018
5 ms. Memory: 1064960K Free: 1038868K (98%)
ptolemy.util.test.WatchDog.cancel(): canceling Tue Nov 20 02:51:05 UTC 2018
auto.tcl: Setting watchdog for 200 seconds at Tue Nov 20 02:51:05 UTC 2018
6 ms. Memory: 1064960K Free: 1038868K (98%)
ptolemy.util.test.WatchDog.cancel(): canceling Tue Nov 20 02:51:05 UTC 2018
------------------ testing $PTII/ptolemy/domains/de/test/auto/ResetTransitionWithStartTime4.xml
auto.tcl: Setting watchdog for 200 seconds at Tue Nov 20 02:51:05 UTC 2018
4 ms. Memory: 1064960K Free: 1038867K (98%)
ptolemy.util.test.WatchDog.cancel(): canceling Tue Nov 20 02:51:05 UTC 2018
auto.tcl: Setting watchdog for 200 seconds at Tue Nov 20 02:51:05 UTC 2018
3 ms. Memory: 1064960K Free: 1038867K (98%)
ptolemy.util.test.WatchDog.cancel(): canceling Tue Nov 20 02:51:05 UTC 2018
------------------ testing $PTII/ptolemy/domains/de/test/auto/ResettableTimer1.xml
auto.tcl: Setting watchdog for 200 seconds at Tue Nov 20 02:51:05 UTC 2018
2 ms. Memory: 1064960K Free: 1038862K (98%)
ptolemy.util.test.WatchDog.cancel(): canceling Tue Nov 20 02:51:05 UTC 2018
auto.tcl: Setting watchdog for 200 seconds at Tue Nov 20 02:51:05 UTC 2018
2 ms. Memory: 1064960K Free: 1038862K (98%)
ptolemy.util.test.WatchDog.cancel(): canceling Tue Nov 20 02:51:05 UTC 2018
------------------ testing $PTII/ptolemy/domains/de/test/auto/ResettableTimer2.xml
auto.tcl: Setting watchdog for 200 seconds at Tue Nov 20 02:51:05 UTC 2018
3 ms. Memory: 1064960K Free: 1039403K (98%)
ptolemy.util.test.WatchDog.cancel(): canceling Tue Nov 20 02:51:05 UTC 2018
auto.tcl: Setting watchdog for 200 seconds at Tue Nov 20 02:51:05 UTC 2018
2 ms. Memory: 1064960K Free: 1039403K (98%)
ptolemy.util.test.WatchDog.cancel(): canceling Tue Nov 20 02:51:05 UTC 2018
------------------ testing $PTII/ptolemy/domains/de/test/auto/ResettableTimer3.xml
auto.tcl: Setting watchdog for 200 seconds at Tue Nov 20 02:51:06 UTC 2018
2 ms. Memory: 1064960K Free: 1038920K (98%)
ptolemy.util.test.WatchDog.cancel(): canceling Tue Nov 20 02:51:06 UTC 2018
auto.tcl: Setting watchdog for 200 seconds at Tue Nov 20 02:51:06 UTC 2018
1 ms. Memory: 1064960K Free: 1038920K (98%)
ptolemy.util.test.WatchDog.cancel(): canceling Tue Nov 20 02:51:06 UTC 2018
------------------ testing $PTII/ptolemy/domains/de/test/auto/ResettableTimer4.xml
auto.tcl: Setting watchdog for 200 seconds at Tue Nov 20 02:51:06 UTC 2018
2 ms. Memory: 1063936K Free: 1038391K (98%)
ptolemy.util.test.WatchDog.cancel(): canceling Tue Nov 20 02:51:06 UTC 2018
auto.tcl: Setting watchdog for 200 seconds at Tue Nov 20 02:51:06 UTC 2018
1 ms. Memory: 1063936K Free: 1038391K (98%)
ptolemy.util.test.WatchDog.cancel(): canceling Tue Nov 20 02:51:06 UTC 2018
------------------ testing $PTII/ptolemy/domains/de/test/auto/ResettableTimer5.xml
auto.tcl: Setting watchdog for 200 seconds at Tue Nov 20 02:51:06 UTC 2018
1 ms. Memory: 1064448K Free: 1029081K (97%)
ptolemy.util.test.WatchDog.cancel(): canceling Tue Nov 20 02:51:06 UTC 2018
auto.tcl: Setting watchdog for 200 seconds at Tue Nov 20 02:51:06 UTC 2018
1 ms. Memory: 1064448K Free: 1029081K (97%)
ptolemy.util.test.WatchDog.cancel(): canceling Tue Nov 20 02:51:06 UTC 2018
------------------ testing $PTII/ptolemy/domains/de/test/auto/ResettableTimer6.xml
auto.tcl: Setting watchdog for 200 seconds at Tue Nov 20 02:51:06 UTC 2018
2 ms. Memory: 1064448K Free: 1028548K (97%)
ptolemy.util.test.WatchDog.cancel(): canceling Tue Nov 20 02:51:06 UTC 2018
auto.tcl: Setting watchdog for 200 seconds at Tue Nov 20 02:51:06 UTC 2018
2 ms. Memory: 1064448K Free: 1028548K (97%)
ptolemy.util.test.WatchDog.cancel(): canceling Tue Nov 20 02:51:06 UTC 2018
------------------ testing $PTII/ptolemy/domains/de/test/auto/ServerZeroDelay.xml
auto.tcl: Setting watchdog for 200 seconds at Tue Nov 20 02:51:06 UTC 2018
5 ms. Memory: 1064448K Free: 1038841K (98%)
ptolemy.util.test.WatchDog.cancel(): canceling Tue Nov 20 02:51:06 UTC 2018
auto.tcl: Setting watchdog for 200 seconds at Tue Nov 20 02:51:06 UTC 2018
2 ms. Memory: 1064448K Free: 1038841K (98%)
ptolemy.util.test.WatchDog.cancel(): canceling Tue Nov 20 02:51:06 UTC 2018
------------------ testing $PTII/ptolemy/domains/de/test/auto/SmartSender.xml
auto.tcl: Setting watchdog for 200 seconds at Tue Nov 20 02:51:06 UTC 2018
3001 ms. Memory: 1064448K Free: 1029016K (97%)
ptolemy.util.test.WatchDog.cancel(): canceling Tue Nov 20 02:51:09 UTC 2018
auto.tcl: Setting watchdog for 200 seconds at Tue Nov 20 02:51:09 UTC 2018
3002 ms. Memory: 1064448K Free: 1029016K (97%)
ptolemy.util.test.WatchDog.cancel(): canceling Tue Nov 20 02:51:12 UTC 2018
------------------ testing $PTII/ptolemy/domains/de/test/auto/ThreadedComposite.xml
auto.tcl: Setting watchdog for 200 seconds at Tue Nov 20 02:51:12 UTC 2018
197 ms. Memory: 1064448K Free: 997613K (94%)
ptolemy.util.test.WatchDog.cancel(): canceling Tue Nov 20 02:51:12 UTC 2018
auto.tcl: Setting watchdog for 200 seconds at Tue Nov 20 02:51:12 UTC 2018
105 ms. Memory: 1064448K Free: 977973K (92%)
ptolemy.util.test.WatchDog.cancel(): canceling Tue Nov 20 02:51:12 UTC 2018
------------------ testing $PTII/ptolemy/domains/de/test/auto/Time.xml
auto.tcl: Setting watchdog for 200 seconds at Tue Nov 20 02:51:12 UTC 2018
482 ms. Memory: 1064448K Free: 988978K (93%)
ptolemy.util.test.WatchDog.cancel(): canceling Tue Nov 20 02:51:13 UTC 2018
auto.tcl: Setting watchdog for 200 seconds at Tue Nov 20 02:51:13 UTC 2018
489 ms. Memory: 1064448K Free: 932508K (88%)
ptolemy.util.test.WatchDog.cancel(): canceling Tue Nov 20 02:51:13 UTC 2018
------------------ testing $PTII/ptolemy/domains/de/test/auto/TimeDelayZeroDelay.xml
auto.tcl: Setting watchdog for 200 seconds at Tue Nov 20 02:51:13 UTC 2018
6 ms. Memory: 1064448K Free: 1038276K (98%)
ptolemy.util.test.WatchDog.cancel(): canceling Tue Nov 20 02:51:13 UTC 2018
auto.tcl: Setting watchdog for 200 seconds at Tue Nov 20 02:51:13 UTC 2018
2 ms. Memory: 1064448K Free: 1038276K (98%)
ptolemy.util.test.WatchDog.cancel(): canceling Tue Nov 20 02:51:13 UTC 2018
------------------ testing $PTII/ptolemy/domains/de/test/auto/TimerZeroDelay.xml
auto.tcl: Setting watchdog for 200 seconds at Tue Nov 20 02:51:13 UTC 2018
2 ms. Memory: 1063424K Free: 1037778K (98%)
ptolemy.util.test.WatchDog.cancel(): canceling Tue Nov 20 02:51:13 UTC 2018
auto.tcl: Setting watchdog for 200 seconds at Tue Nov 20 02:51:13 UTC 2018
2 ms. Memory: 1063424K Free: 1037778K (98%)
ptolemy.util.test.WatchDog.cancel(): canceling Tue Nov 20 02:51:13 UTC 2018
------------------ testing $PTII/ptolemy/domains/de/test/auto/TimingParadox.xml
auto.tcl: Setting watchdog for 200 seconds at Tue Nov 20 02:51:13 UTC 2018
327 ms. Memory: 1063936K Free: 974433K (92%)
ptolemy.util.test.WatchDog.cancel(): canceling Tue Nov 20 02:51:14 UTC 2018
auto.tcl: Setting watchdog for 200 seconds at Tue Nov 20 02:51:14 UTC 2018
336 ms. Memory: 1063936K Free: 940551K (88%)
ptolemy.util.test.WatchDog.cancel(): canceling Tue Nov 20 02:51:14 UTC 2018
------------------ testing $PTII/ptolemy/domains/de/test/auto/TransferInputs.xml
auto.tcl: Setting watchdog for 200 seconds at Tue Nov 20 02:51:14 UTC 2018
2 ms. Memory: 1063424K Free: 1036693K (97%)
ptolemy.util.test.WatchDog.cancel(): canceling Tue Nov 20 02:51:14 UTC 2018
auto.tcl: Setting watchdog for 200 seconds at Tue Nov 20 02:51:14 UTC 2018
2 ms. Memory: 1063424K Free: 1036693K (97%)
ptolemy.util.test.WatchDog.cancel(): canceling Tue Nov 20 02:51:14 UTC 2018
------------------ testing $PTII/ptolemy/domains/de/test/auto/TransferOutputs2.xml
auto.tcl: Setting watchdog for 200 seconds at Tue Nov 20 02:51:14 UTC 2018
3 ms. Memory: 1063936K Free: 1028492K (97%)
ptolemy.util.test.WatchDog.cancel(): canceling Tue Nov 20 02:51:14 UTC 2018
auto.tcl: Setting watchdog for 200 seconds at Tue Nov 20 02:51:14 UTC 2018
3 ms. Memory: 1063936K Free: 1028492K (97%)
ptolemy.util.test.WatchDog.cancel(): canceling Tue Nov 20 02:51:14 UTC 2018
------------------ testing $PTII/ptolemy/domains/de/test/auto/Trilateration.xml
auto.tcl: Setting watchdog for 200 seconds at Tue Nov 20 02:51:14 UTC 2018
14177 ms. Memory: 976384K Free: 926749K (95%)
ptolemy.util.test.WatchDog.cancel(): canceling Tue Nov 20 02:51:30 UTC 2018
auto.tcl: Setting watchdog for 200 seconds at Tue Nov 20 02:51:30 UTC 2018
10956 ms. Memory: 849408K Free: 766112K (90%)
ptolemy.util.test.WatchDog.cancel(): canceling Tue Nov 20 02:51:41 UTC 2018
------------------ testing $PTII/ptolemy/domains/de/test/auto/TwoSigmaDelta.xml
auto.tcl: Setting watchdog for 200 seconds at Tue Nov 20 02:51:41 UTC 2018
2766 ms. Memory: 853504K Free: 533903K (63%)
ptolemy.util.test.WatchDog.cancel(): canceling Tue Nov 20 02:51:44 UTC 2018
auto.tcl: Setting watchdog for 200 seconds at Tue Nov 20 02:51:44 UTC 2018
2195 ms. Memory: 853504K Free: 296134K (35%)
ptolemy.util.test.WatchDog.cancel(): canceling Tue Nov 20 02:51:46 UTC 2018
------------------ testing $PTII/ptolemy/domains/de/test/auto/VariableDelay.xml
auto.tcl: Setting watchdog for 200 seconds at Tue Nov 20 02:51:46 UTC 2018
3 ms. Memory: 849920K Free: 826036K (97%)
ptolemy.util.test.WatchDog.cancel(): canceling Tue Nov 20 02:51:46 UTC 2018
auto.tcl: Setting watchdog for 200 seconds at Tue Nov 20 02:51:46 UTC 2018
2 ms. Memory: 849920K Free: 826036K (97%)
ptolemy.util.test.WatchDog.cancel(): canceling Tue Nov 20 02:51:46 UTC 2018
------------------ testing $PTII/ptolemy/domains/de/test/auto/VariableDelay2.xml
auto.tcl: Setting watchdog for 200 seconds at Tue Nov 20 02:51:46 UTC 2018
4 ms. Memory: 849408K Free: 825982K (97%)
ptolemy.util.test.WatchDog.cancel(): canceling Tue Nov 20 02:51:46 UTC 2018
auto.tcl: Setting watchdog for 200 seconds at Tue Nov 20 02:51:46 UTC 2018
2 ms. Memory: 849408K Free: 825982K (97%)
ptolemy.util.test.WatchDog.cancel(): canceling Tue Nov 20 02:51:46 UTC 2018
------------------ testing $PTII/ptolemy/domains/de/test/auto/VariableDelayZeroDelay.xml
auto.tcl: Setting watchdog for 200 seconds at Tue Nov 20 02:51:46 UTC 2018
2 ms. Memory: 849408K Free: 825980K (97%)
ptolemy.util.test.WatchDog.cancel(): canceling Tue Nov 20 02:51:46 UTC 2018
auto.tcl: Setting watchdog for 200 seconds at Tue Nov 20 02:51:46 UTC 2018
2 ms. Memory: 849408K Free: 825980K (97%)
ptolemy.util.test.WatchDog.cancel(): canceling Tue Nov 20 02:51:46 UTC 2018
------------------ testing $PTII/ptolemy/domains/de/test/auto/VariableDelayZeroDelay2.xml
auto.tcl: Setting watchdog for 200 seconds at Tue Nov 20 02:51:46 UTC 2018
2 ms. Memory: 852480K Free: 821370K (96%)
ptolemy.util.test.WatchDog.cancel(): canceling Tue Nov 20 02:51:46 UTC 2018
auto.tcl: Setting watchdog for 200 seconds at Tue Nov 20 02:51:46 UTC 2018
5 ms. Memory: 852480K Free: 821370K (96%)
ptolemy.util.test.WatchDog.cancel(): canceling Tue Nov 20 02:51:46 UTC 2018
------------------ testing $PTII/ptolemy/domains/de/test/auto/deInCt.xml
auto.tcl: Setting watchdog for 200 seconds at Tue Nov 20 02:51:46 UTC 2018
0
1
1
1
0
0
0
1
1
0
0
0
1
1
0
0
0
0
1
1
1
0
0
0
1
1
1
0
0
0
1
1
1
1
0
0
0
0
1
1
1
0
0
0
0
10 ms. Memory: 849408K Free: 818252K (96%)
ptolemy.util.test.WatchDog.cancel(): canceling Tue Nov 20 02:51:46 UTC 2018
auto.tcl: Setting watchdog for 200 seconds at Tue Nov 20 02:51:46 UTC 2018
0
1
1
1
1
0
0
0
1
1
1
1
0
0
1
1
1
0
0
0
1
1
1
0
0
1
1
0
0
0
1
1
1
1
0
0
0
1
1
1
1
1
6 ms. Memory: 849408K Free: 818252K (96%)
ptolemy.util.test.WatchDog.cancel(): canceling Tue Nov 20 02:51:46 UTC 2018
------------------ testing $PTII/ptolemy/domains/de/test/auto/deInCt2.xml
auto.tcl: Setting watchdog for 200 seconds at Tue Nov 20 02:51:46 UTC 2018
0
1
1
1
0
0
1
1
1
0
0
1
1
1
0
0
1
1
1
0
0
1
1
1
0
0
1
1
1
0
0
1
1
1
0
0
1
1
1
0
0
0
12 ms. Memory: 852480K Free: 821368K (96%)
ptolemy.util.test.WatchDog.cancel(): canceling Tue Nov 20 02:51:46 UTC 2018
auto.tcl: Setting watchdog for 200 seconds at Tue Nov 20 02:51:46 UTC 2018
0
1
1
1
0
0
1
1
1
0
0
1
1
1
0
0
1
1
1
0
0
1
1
1
0
0
1
1
1
0
0
1
1
1
0
0
1
1
1
0
0
0
4 ms. Memory: 852480K Free: 821368K (96%)
ptolemy.util.test.WatchDog.cancel(): canceling Tue Nov 20 02:51:46 UTC 2018
------------------ testing $PTII/ptolemy/domains/de/test/auto/dynamicCausalityInterface1.xml
auto.tcl: Setting watchdog for 200 seconds at Tue Nov 20 02:51:46 UTC 2018
1 ms. Memory: 849408K Free: 818291K (96%)
ptolemy.util.test.WatchDog.cancel(): canceling Tue Nov 20 02:51:46 UTC 2018
auto.tcl: Setting watchdog for 200 seconds at Tue Nov 20 02:51:46 UTC 2018
1 ms. Memory: 849408K Free: 818291K (96%)
ptolemy.util.test.WatchDog.cancel(): canceling Tue Nov 20 02:51:46 UTC 2018
------------------ testing $PTII/ptolemy/domains/de/test/auto/fsm_de_test.xml
auto.tcl: Setting watchdog for 200 seconds at Tue Nov 20 02:51:47 UTC 2018
8 ms. Memory: 851968K Free: 820746K (96%)
ptolemy.util.test.WatchDog.cancel(): canceling Tue Nov 20 02:51:47 UTC 2018
auto.tcl: Setting watchdog for 200 seconds at Tue Nov 20 02:51:47 UTC 2018
5 ms. Memory: 851968K Free: 820746K (96%)
ptolemy.util.test.WatchDog.cancel(): canceling Tue Nov 20 02:51:47 UTC 2018
------------------ testing $PTII/ptolemy/domains/de/test/auto/functionDependencyReconstruction.xml
auto.tcl: Setting watchdog for 200 seconds at Tue Nov 20 02:51:47 UTC 2018
4 ms. Memory: 849408K Free: 807080K (95%)
ptolemy.util.test.WatchDog.cancel(): canceling Tue Nov 20 02:51:47 UTC 2018
auto.tcl: Setting watchdog for 200 seconds at Tue Nov 20 02:51:47 UTC 2018
3 ms. Memory: 849408K Free: 807080K (95%)
ptolemy.util.test.WatchDog.cancel(): canceling Tue Nov 20 02:51:47 UTC 2018
------------------ testing $PTII/ptolemy/domains/de/test/auto/multirate.xml
auto.tcl: Setting watchdog for 200 seconds at Tue Nov 20 02:51:47 UTC 2018
6 ms. Memory: 851456K Free: 820101K (96%)
ptolemy.util.test.WatchDog.cancel(): canceling Tue Nov 20 02:51:47 UTC 2018
auto.tcl: Setting watchdog for 200 seconds at Tue Nov 20 02:51:47 UTC 2018
3 ms. Memory: 851456K Free: 820058K (96%)
ptolemy.util.test.WatchDog.cancel(): canceling Tue Nov 20 02:51:47 UTC 2018
------------------ testing $PTII/ptolemy/domains/de/test/auto/multirate2.xml
auto.tcl: Setting watchdog for 200 seconds at Tue Nov 20 02:51:47 UTC 2018
7 ms. Memory: 849408K Free: 818240K (96%)
ptolemy.util.test.WatchDog.cancel(): canceling Tue Nov 20 02:51:47 UTC 2018
auto.tcl: Setting watchdog for 200 seconds at Tue Nov 20 02:51:47 UTC 2018
3 ms. Memory: 849408K Free: 818240K (96%)
ptolemy.util.test.WatchDog.cancel(): canceling Tue Nov 20 02:51:47 UTC 2018
------------------ testing $PTII/ptolemy/domains/de/test/auto/realtime.xml
auto.tcl: Setting watchdog for 200 seconds at Tue Nov 20 02:51:47 UTC 2018
10001 ms. Memory: 851456K Free: 820243K (96%)
ptolemy.util.test.WatchDog.cancel(): canceling Tue Nov 20 02:51:57 UTC 2018
auto.tcl: Setting watchdog for 200 seconds at Tue Nov 20 02:51:57 UTC 2018
10001 ms. Memory: 851456K Free: 820243K (96%)
ptolemy.util.test.WatchDog.cancel(): canceling Tue Nov 20 02:52:07 UTC 2018
------------------ testing $PTII/ptolemy/domains/de/test/auto/relationGroup.xml
auto.tcl: Setting watchdog for 200 seconds at Tue Nov 20 02:52:07 UTC 2018
1 ms. Memory: 849408K Free: 825944K (97%)
ptolemy.util.test.WatchDog.cancel(): canceling Tue Nov 20 02:52:07 UTC 2018
auto.tcl: Setting watchdog for 200 seconds at Tue Nov 20 02:52:07 UTC 2018
1 ms. Memory: 849408K Free: 825944K (97%)
ptolemy.util.test.WatchDog.cancel(): canceling Tue Nov 20 02:52:07 UTC 2018
------------------ testing $PTII/ptolemy/domains/de/test/auto/relationGroup2.xml
auto.tcl: Setting watchdog for 200 seconds at Tue Nov 20 02:52:07 UTC 2018
1 ms. Memory: 850944K Free: 819827K (96%)
ptolemy.util.test.WatchDog.cancel(): canceling Tue Nov 20 02:52:07 UTC 2018
auto.tcl: Setting watchdog for 200 seconds at Tue Nov 20 02:52:07 UTC 2018
1 ms. Memory: 850944K Free: 819827K (96%)
ptolemy.util.test.WatchDog.cancel(): canceling Tue Nov 20 02:52:07 UTC 2018
------------------ testing $PTII/ptolemy/domains/de/test/auto/sortWithOpaquePorts.xml
auto.tcl: Setting watchdog for 200 seconds at Tue Nov 20 02:52:07 UTC 2018
1 ms. Memory: 849408K Free: 818291K (96%)
ptolemy.util.test.WatchDog.cancel(): canceling Tue Nov 20 02:52:07 UTC 2018
auto.tcl: Setting watchdog for 200 seconds at Tue Nov 20 02:52:07 UTC 2018
1 ms. Memory: 849408K Free: 818291K (96%)
ptolemy.util.test.WatchDog.cancel(): canceling Tue Nov 20 02:52:07 UTC 2018
------------------ testing $PTII/ptolemy/domains/de/test/auto/transferInputsandOutputs.xml
auto.tcl: Setting watchdog for 200 seconds at Tue Nov 20 02:52:07 UTC 2018
2 ms. Memory: 850944K Free: 819814K (96%)
ptolemy.util.test.WatchDog.cancel(): canceling Tue Nov 20 02:52:07 UTC 2018
auto.tcl: Setting watchdog for 200 seconds at Tue Nov 20 02:52:07 UTC 2018
1 ms. Memory: 850944K Free: 819814K (96%)
ptolemy.util.test.WatchDog.cancel(): canceling Tue Nov 20 02:52:07 UTC 2018
------------------ testing $PTII/ptolemy/domains/de/test/auto/triggerType.xml
auto.tcl: Setting watchdog for 200 seconds at Tue Nov 20 02:52:07 UTC 2018
1 ms. Memory: 849408K Free: 818229K (96%)
ptolemy.util.test.WatchDog.cancel(): canceling Tue Nov 20 02:52:07 UTC 2018
auto.tcl: Setting watchdog for 200 seconds at Tue Nov 20 02:52:07 UTC 2018
1 ms. Memory: 849408K Free: 818229K (96%)
ptolemy.util.test.WatchDog.cancel(): canceling Tue Nov 20 02:52:07 UTC 2018
11/20/18 02:52:07
Failed: 0  Total Tests: 192  ((Passed: 187, Newly Passed: 1)  Known Failed: 5) /home/travis/build/icyphy/ptII/ptolemy/domains/de/test
11/20/18 02:52:07
Failed: 0  Total Tests: 192  ((Passed: 187, Newly Passed: 1)  Known Failed: 5) /home/travis/build/icyphy/ptII/ptolemy/domains/de/test
----------------- testing (KnownFailure) /home/travis/build/icyphy/ptII/ptolemy/domains/de/test/auto/knownFailedTests/DESDFClockTest.xml
2015 ms. Memory: 850432K Free: 803903K (95%)
Known Failure: java.lang.reflect.InvocationTargetException
----------------- testing (KnownFailure) /home/travis/build/icyphy/ptII/ptolemy/domains/de/test/auto/knownFailedTests/DirectFeedback.xml
2 ms. Memory: 850432K Free: 742463K (87%)
Known Failure: java.lang.reflect.InvocationTargetException
----------------- testing (KnownFailure) /home/travis/build/icyphy/ptII/ptolemy/domains/de/test/auto/knownFailedTests/FSMSource.xml
5 ms. Memory: 850432K Free: 681022K (80%)
----------------- testing (KnownFailure) /home/travis/build/icyphy/ptII/ptolemy/domains/de/test/auto/knownFailedTests/HierarchicalModel.xml
3 ms. Memory: 850432K Free: 634926K (75%)
Known Failure: java.lang.reflect.InvocationTargetException
----------------- testing (KnownFailure) /home/travis/build/icyphy/ptII/ptolemy/domains/de/test/auto/knownFailedTests/dependencyLoop.xml
2 ms. Memory: 850432K Free: 573486K (67%)
Known Failure: java.lang.reflect.InvocationTargetException
----------------- testing (KnownFailure) /home/travis/build/icyphy/ptII/ptolemy/domains/de/test/auto/knownFailedTests/dependencyLoop2.xml
4 ms. Memory: 850432K Free: 512046K (60%)
Known Failure: java.lang.reflect.InvocationTargetException
No auto/linux-amd64/*.xml tests in /home/travis/build/icyphy/ptII/ptolemy/domains/de/test
AutoTests.java: About to close Vertx.
AutoTests.java: Vertx closed.

===========================================================================================
----------------- testing Tue Nov 20 02:52:09 UTC 2018 /home/travis/build/icyphy/ptII/ptolemy/domains/de/test/auto/ActorDepthCalculation_actorWithoutPorts.xml
----------------- Instantiating /home/travis/build/icyphy/ptII/ptolemy/domains/de/test/auto/ActorDepthCalculation_actorWithoutPorts.xml
2 ms. Memory: 850432K Free: 435245K (51%)
----------------- Invoking toplevel() on ptolemy.moml.MoMLSimpleApplication@7669e81e
----------------- Done invoking toplevel() on ptolemy.moml.MoMLSimpleApplication@7669e81e
reloadAllAccessors: .ActorDepthCalculation_actorWithoutPorts

===========================================================================================
----------------- testing Tue Nov 20 02:52:09 UTC 2018 /home/travis/build/icyphy/ptII/ptolemy/domains/de/test/auto/AssemblyLine.xml
----------------- Instantiating /home/travis/build/icyphy/ptII/ptolemy/domains/de/test/auto/AssemblyLine.xml
9 ms. Memory: 850432K Free: 404525K (48%)
----------------- Invoking toplevel() on ptolemy.moml.MoMLSimpleApplication@3856730c
----------------- Done invoking toplevel() on ptolemy.moml.MoMLSimpleApplication@3856730c
reloadAllAccessors: .AssemblyLine

===========================================================================================
----------------- testing Tue Nov 20 02:52:10 UTC 2018 /home/travis/build/icyphy/ptII/ptolemy/domains/de/test/auto/CQBug1.xml
----------------- Instantiating /home/travis/build/icyphy/ptII/ptolemy/domains/de/test/auto/CQBug1.xml
1 ms. Memory: 850432K Free: 373805K (44%)
----------------- Invoking toplevel() on ptolemy.moml.MoMLSimpleApplication@5b41ca31
----------------- Done invoking toplevel() on ptolemy.moml.MoMLSimpleApplication@5b41ca31
reloadAllAccessors: .CQBug1

===========================================================================================
----------------- testing Tue Nov 20 02:52:10 UTC 2018 /home/travis/build/icyphy/ptII/ptolemy/domains/de/test/auto/CancelFireAt.xml
----------------- Instantiating /home/travis/build/icyphy/ptII/ptolemy/domains/de/test/auto/CancelFireAt.xml
1 ms. Memory: 850432K Free: 343085K (40%)
----------------- Invoking toplevel() on ptolemy.moml.MoMLSimpleApplication@6d7714c7
----------------- Done invoking toplevel() on ptolemy.moml.MoMLSimpleApplication@6d7714c7
reloadAllAccessors: .CancelFireAt

===========================================================================================
----------------- testing Tue Nov 20 02:52:10 UTC 2018 /home/travis/build/icyphy/ptII/ptolemy/domains/de/test/auto/CausalityAndComposabilityAnalysis.xml
----------------- Instantiating /home/travis/build/icyphy/ptII/ptolemy/domains/de/test/auto/CausalityAndComposabilityAnalysis.xml
1 ms. Memory: 850432K Free: 312365K (37%)
----------------- Invoking toplevel() on ptolemy.moml.MoMLSimpleApplication@32d5cef3
----------------- Done invoking toplevel() on ptolemy.moml.MoMLSimpleApplication@32d5cef3
reloadAllAccessors: .CausalityAndComposabilityAnalysis

===========================================================================================
----------------- testing Tue Nov 20 02:52:10 UTC 2018 /home/travis/build/icyphy/ptII/ptolemy/domains/de/test/auto/CausalityInterface1.xml
----------------- Instantiating /home/travis/build/icyphy/ptII/ptolemy/domains/de/test/auto/CausalityInterface1.xml
4 ms. Memory: 850432K Free: 281645K (33%)
----------------- Invoking toplevel() on ptolemy.moml.MoMLSimpleApplication@41740a35
----------------- Done invoking toplevel() on ptolemy.moml.MoMLSimpleApplication@41740a35
reloadAllAccessors: .CausalityInterface1

===========================================================================================
----------------- testing Tue Nov 20 02:52:10 UTC 2018 /home/travis/build/icyphy/ptII/ptolemy/domains/de/test/auto/CausalityInterface15.xml
----------------- Instantiating /home/travis/build/icyphy/ptII/ptolemy/domains/de/test/auto/CausalityInterface15.xml
2 ms. Memory: 850432K Free: 250925K (30%)
----------------- Invoking toplevel() on ptolemy.moml.MoMLSimpleApplication@6eaed00c
----------------- Done invoking toplevel() on ptolemy.moml.MoMLSimpleApplication@6eaed00c
reloadAllAccessors: .CausalityInterface15

===========================================================================================
----------------- testing Tue Nov 20 02:52:10 UTC 2018 /home/travis/build/icyphy/ptII/ptolemy/domains/de/test/auto/CausalityInterface2.xml
----------------- Instantiating /home/travis/build/icyphy/ptII/ptolemy/domains/de/test/auto/CausalityInterface2.xml
1 ms. Memory: 850432K Free: 220205K (26%)
----------------- Invoking toplevel() on ptolemy.moml.MoMLSimpleApplication@55582a0e
----------------- Done invoking toplevel() on ptolemy.moml.MoMLSimpleApplication@55582a0e
reloadAllAccessors: .CausalityInterface2

===========================================================================================
----------------- testing Tue Nov 20 02:52:10 UTC 2018 /home/travis/build/icyphy/ptII/ptolemy/domains/de/test/auto/CausalityInterface3.xml
----------------- Instantiating /home/travis/build/icyphy/ptII/ptolemy/domains/de/test/auto/CausalityInterface3.xml
1 ms. Memory: 850432K Free: 189485K (22%)
----------------- Invoking toplevel() on ptolemy.moml.MoMLSimpleApplication@a2e85be
----------------- Done invoking toplevel() on ptolemy.moml.MoMLSimpleApplication@a2e85be
reloadAllAccessors: .CausalityInterface3

===========================================================================================
----------------- testing Tue Nov 20 02:52:10 UTC 2018 /home/travis/build/icyphy/ptII/ptolemy/domains/de/test/auto/ClockDrift.xml
----------------- Instantiating /home/travis/build/icyphy/ptII/ptolemy/domains/de/test/auto/ClockDrift.xml
14 ms. Memory: 850432K Free: 158765K (19%)
----------------- Invoking toplevel() on ptolemy.moml.MoMLSimpleApplication@4d78f9bf
----------------- Done invoking toplevel() on ptolemy.moml.MoMLSimpleApplication@4d78f9bf
reloadAllAccessors: .ClockDrift

===========================================================================================
----------------- testing Tue Nov 20 02:52:10 UTC 2018 /home/travis/build/icyphy/ptII/ptolemy/domains/de/test/auto/ClockDriftAndValueChange.xml
----------------- Instantiating /home/travis/build/icyphy/ptII/ptolemy/domains/de/test/auto/ClockDriftAndValueChange.xml
7 ms. Memory: 850432K Free: 128045K (15%)
----------------- Invoking toplevel() on ptolemy.moml.MoMLSimpleApplication@78d97b98
----------------- Done invoking toplevel() on ptolemy.moml.MoMLSimpleApplication@78d97b98
reloadAllAccessors: .ClockDriftAndValueChange

===========================================================================================
----------------- testing Tue Nov 20 02:52:10 UTC 2018 /home/travis/build/icyphy/ptII/ptolemy/domains/de/test/auto/ClockDriftChange.xml
----------------- Instantiating /home/travis/build/icyphy/ptII/ptolemy/domains/de/test/auto/ClockDriftChange.xml
7 ms. Memory: 850432K Free: 97325K (11%)
----------------- Invoking toplevel() on ptolemy.moml.MoMLSimpleApplication@226c71
----------------- Done invoking toplevel() on ptolemy.moml.MoMLSimpleApplication@226c71
reloadAllAccessors: .ClockDriftChange

===========================================================================================
----------------- testing Tue Nov 20 02:52:10 UTC 2018 /home/travis/build/icyphy/ptII/ptolemy/domains/de/test/auto/ComposableCausalityAnalysis.xml
----------------- Instantiating /home/travis/build/icyphy/ptII/ptolemy/domains/de/test/auto/ComposableCausalityAnalysis.xml
0 ms. Memory: 850432K Free: 77748K (9%)
----------------- Invoking toplevel() on ptolemy.moml.MoMLSimpleApplication@253ff924
----------------- Done invoking toplevel() on ptolemy.moml.MoMLSimpleApplication@253ff924
reloadAllAccessors: .ComposableCausalityAnalysis

===========================================================================================
----------------- testing Tue Nov 20 02:52:10 UTC 2018 /home/travis/build/icyphy/ptII/ptolemy/domains/de/test/auto/DEFixedPointLimitation.xml
----------------- Instantiating /home/travis/build/icyphy/ptII/ptolemy/domains/de/test/auto/DEFixedPointLimitation.xml
1 ms. Memory: 812544K Free: 778357K (96%)
----------------- Invoking toplevel() on ptolemy.moml.MoMLSimpleApplication@56130f50
----------------- Done invoking toplevel() on ptolemy.moml.MoMLSimpleApplication@56130f50
reloadAllAccessors: .DEFixedPointLimitation

===========================================================================================
----------------- testing Tue Nov 20 02:52:10 UTC 2018 /home/travis/build/icyphy/ptII/ptolemy/domains/de/test/auto/DEScheduleTest.xml
----------------- Instantiating /home/travis/build/icyphy/ptII/ptolemy/domains/de/test/auto/DEScheduleTest.xml
1 ms. Memory: 812544K Free: 742255K (91%)
----------------- Invoking toplevel() on ptolemy.moml.MoMLSimpleApplication@252f9126
----------------- Done invoking toplevel() on ptolemy.moml.MoMLSimpleApplication@252f9126
reloadAllAccessors: .DEScheduleTest

===========================================================================================
----------------- testing Tue Nov 20 02:52:10 UTC 2018 /home/travis/build/icyphy/ptII/ptolemy/domains/de/test/auto/DEinDEwithStartTimes.xml
----------------- Instantiating /home/travis/build/icyphy/ptII/ptolemy/domains/de/test/auto/DEinDEwithStartTimes.xml
2 ms. Memory: 812544K Free: 713009K (88%)
----------------- Invoking toplevel() on ptolemy.moml.MoMLSimpleApplication@20a84199
----------------- Done invoking toplevel() on ptolemy.moml.MoMLSimpleApplication@20a84199
reloadAllAccessors: .DEinDEwithStartTimes

===========================================================================================
----------------- testing Tue Nov 20 02:52:10 UTC 2018 /home/travis/build/icyphy/ptII/ptolemy/domains/de/test/auto/DEinDEwithStartTimes2.xml
----------------- Instantiating /home/travis/build/icyphy/ptII/ptolemy/domains/de/test/auto/DEinDEwithStartTimes2.xml
2 ms. Memory: 812544K Free: 683737K (84%)
----------------- Invoking toplevel() on ptolemy.moml.MoMLSimpleApplication@4c7034ac
----------------- Done invoking toplevel() on ptolemy.moml.MoMLSimpleApplication@4c7034ac
reloadAllAccessors: .DEinDEwithStartTimes2

===========================================================================================
----------------- testing Tue Nov 20 02:52:10 UTC 2018 /home/travis/build/icyphy/ptII/ptolemy/domains/de/test/auto/DateDemo.xml
----------------- Instantiating /home/travis/build/icyphy/ptII/ptolemy/domains/de/test/auto/DateDemo.xml
4 ms. Memory: 812544K Free: 654491K (81%)
----------------- Invoking toplevel() on ptolemy.moml.MoMLSimpleApplication@1cd31506
----------------- Done invoking toplevel() on ptolemy.moml.MoMLSimpleApplication@1cd31506
reloadAllAccessors: .DateDemo

===========================================================================================
----------------- testing Tue Nov 20 02:52:10 UTC 2018 /home/travis/build/icyphy/ptII/ptolemy/domains/de/test/auto/DateToEvent.xml
----------------- Instantiating /home/travis/build/icyphy/ptII/ptolemy/domains/de/test/auto/DateToEvent.xml
2004 ms. Memory: 812544K Free: 610607K (75%)
----------------- Invoking toplevel() on ptolemy.moml.MoMLSimpleApplication@5965a27
----------------- Done invoking toplevel() on ptolemy.moml.MoMLSimpleApplication@5965a27
reloadAllAccessors: .DateToEvent

===========================================================================================
----------------- testing Tue Nov 20 02:52:12 UTC 2018 /home/travis/build/icyphy/ptII/ptolemy/domains/de/test/auto/DepthTest1.xml
----------------- Instantiating /home/travis/build/icyphy/ptII/ptolemy/domains/de/test/auto/DepthTest1.xml
1 ms. Memory: 812544K Free: 581362K (72%)
----------------- Invoking toplevel() on ptolemy.moml.MoMLSimpleApplication@5b3403e0
----------------- Done invoking toplevel() on ptolemy.moml.MoMLSimpleApplication@5b3403e0
reloadAllAccessors: .DepthTest1

===========================================================================================
----------------- testing Tue Nov 20 02:52:12 UTC 2018 /home/travis/build/icyphy/ptII/ptolemy/domains/de/test/auto/DepthTest2.xml
----------------- Instantiating /home/travis/build/icyphy/ptII/ptolemy/domains/de/test/auto/DepthTest2.xml
2 ms. Memory: 812544K Free: 552116K (68%)
----------------- Invoking toplevel() on ptolemy.moml.MoMLSimpleApplication@10eff72
----------------- Done invoking toplevel() on ptolemy.moml.MoMLSimpleApplication@10eff72
reloadAllAccessors: .DepthTest2

===========================================================================================
----------------- testing Tue Nov 20 02:52:12 UTC 2018 /home/travis/build/icyphy/ptII/ptolemy/domains/de/test/auto/DepthTest3.xml
----------------- Instantiating /home/travis/build/icyphy/ptII/ptolemy/domains/de/test/auto/DepthTest3.xml
1 ms. Memory: 812544K Free: 522871K (64%)
----------------- Invoking toplevel() on ptolemy.moml.MoMLSimpleApplication@459fe74c
----------------- Done invoking toplevel() on ptolemy.moml.MoMLSimpleApplication@459fe74c
reloadAllAccessors: .DepthTest3

===========================================================================================
----------------- testing Tue Nov 20 02:52:12 UTC 2018 /home/travis/build/icyphy/ptII/ptolemy/domains/de/test/auto/DepthTest4.xml
----------------- Instantiating /home/travis/build/icyphy/ptII/ptolemy/domains/de/test/auto/DepthTest4.xml
2 ms. Memory: 812544K Free: 493625K (61%)
----------------- Invoking toplevel() on ptolemy.moml.MoMLSimpleApplication@1bc6151
----------------- Done invoking toplevel() on ptolemy.moml.MoMLSimpleApplication@1bc6151
reloadAllAccessors: .DepthTest4

===========================================================================================
----------------- testing Tue Nov 20 02:52:12 UTC 2018 /home/travis/build/icyphy/ptII/ptolemy/domains/de/test/auto/DepthTest5.xml
----------------- Instantiating /home/travis/build/icyphy/ptII/ptolemy/domains/de/test/auto/DepthTest5.xml
1 ms. Memory: 812544K Free: 464380K (57%)
----------------- Invoking toplevel() on ptolemy.moml.MoMLSimpleApplication@3eaa5a93
----------------- Done invoking toplevel() on ptolemy.moml.MoMLSimpleApplication@3eaa5a93
reloadAllAccessors: .DepthTest5

===========================================================================================
----------------- testing Tue Nov 20 02:52:12 UTC 2018 /home/travis/build/icyphy/ptII/ptolemy/domains/de/test/auto/DepthTest6.xml
----------------- Instantiating /home/travis/build/icyphy/ptII/ptolemy/domains/de/test/auto/DepthTest6.xml
1 ms. Memory: 812544K Free: 435134K (54%)
----------------- Invoking toplevel() on ptolemy.moml.MoMLSimpleApplication@43d3d673
----------------- Done invoking toplevel() on ptolemy.moml.MoMLSimpleApplication@43d3d673
reloadAllAccessors: .DepthTest6

===========================================================================================
----------------- testing Tue Nov 20 02:52:12 UTC 2018 /home/travis/build/icyphy/ptII/ptolemy/domains/de/test/auto/DepthTest7.xml
----------------- Instantiating /home/travis/build/icyphy/ptII/ptolemy/domains/de/test/auto/DepthTest7.xml
1 ms. Memory: 812544K Free: 405889K (50%)
----------------- Invoking toplevel() on ptolemy.moml.MoMLSimpleApplication@12e49cdb
----------------- Done invoking toplevel() on ptolemy.moml.MoMLSimpleApplication@12e49cdb
reloadAllAccessors: .DepthTest7

===========================================================================================
----------------- testing Tue Nov 20 02:52:12 UTC 2018 /home/travis/build/icyphy/ptII/ptolemy/domains/de/test/auto/EventToDate.xml
----------------- Instantiating /home/travis/build/icyphy/ptII/ptolemy/domains/de/test/auto/EventToDate.xml
3004 ms. Memory: 812544K Free: 376643K (46%)
----------------- Invoking toplevel() on ptolemy.moml.MoMLSimpleApplication@5595cef1
----------------- Done invoking toplevel() on ptolemy.moml.MoMLSimpleApplication@5595cef1
reloadAllAccessors: .EventToDate

===========================================================================================
----------------- testing Tue Nov 20 02:52:15 UTC 2018 /home/travis/build/icyphy/ptII/ptolemy/domains/de/test/auto/FSM1.xml
----------------- Instantiating /home/travis/build/icyphy/ptII/ptolemy/domains/de/test/auto/FSM1.xml
14 ms. Memory: 812544K Free: 347398K (43%)
----------------- Invoking toplevel() on ptolemy.moml.MoMLSimpleApplication@6fc74b71
----------------- Done invoking toplevel() on ptolemy.moml.MoMLSimpleApplication@6fc74b71
reloadAllAccessors: .FSM1

===========================================================================================
----------------- testing Tue Nov 20 02:52:15 UTC 2018 /home/travis/build/icyphy/ptII/ptolemy/domains/de/test/auto/FSM7.xml
----------------- Instantiating /home/travis/build/icyphy/ptII/ptolemy/domains/de/test/auto/FSM7.xml
15 ms. Memory: 812544K Free: 311295K (38%)
----------------- Invoking toplevel() on ptolemy.moml.MoMLSimpleApplication@7d0d1b50
----------------- Done invoking toplevel() on ptolemy.moml.MoMLSimpleApplication@7d0d1b50
reloadAllAccessors: .FSM7

===========================================================================================
----------------- testing Tue Nov 20 02:52:15 UTC 2018 /home/travis/build/icyphy/ptII/ptolemy/domains/de/test/auto/Inspection.xml
----------------- Instantiating /home/travis/build/icyphy/ptII/ptolemy/domains/de/test/auto/Inspection.xml
23 ms. Memory: 812544K Free: 282050K (35%)
----------------- Invoking toplevel() on ptolemy.moml.MoMLSimpleApplication@506c0d2c
----------------- Done invoking toplevel() on ptolemy.moml.MoMLSimpleApplication@506c0d2c
reloadAllAccessors: .Inspection

===========================================================================================
----------------- testing Tue Nov 20 02:52:15 UTC 2018 /home/travis/build/icyphy/ptII/ptolemy/domains/de/test/auto/Iteration.xml
----------------- Instantiating /home/travis/build/icyphy/ptII/ptolemy/domains/de/test/auto/Iteration.xml
8 ms. Memory: 812544K Free: 252804K (31%)
----------------- Invoking toplevel() on ptolemy.moml.MoMLSimpleApplication@6675156e
----------------- Done invoking toplevel() on ptolemy.moml.MoMLSimpleApplication@6675156e
reloadAllAccessors: .Iteration

===========================================================================================
----------------- testing Tue Nov 20 02:52:15 UTC 2018 /home/travis/build/icyphy/ptII/ptolemy/domains/de/test/auto/LineFault.xml
----------------- Instantiating /home/travis/build/icyphy/ptII/ptolemy/domains/de/test/auto/LineFault.xml
427 ms. Memory: 812544K Free: 121167K (15%)
----------------- Invoking toplevel() on ptolemy.moml.MoMLSimpleApplication@1f9c216e
----------------- Done invoking toplevel() on ptolemy.moml.MoMLSimpleApplication@1f9c216e
reloadAllAccessors: .LineFault

===========================================================================================
----------------- testing Tue Nov 20 02:52:16 UTC 2018 /home/travis/build/icyphy/ptII/ptolemy/domains/de/test/auto/MergeModel1Add.xml
----------------- Instantiating /home/travis/build/icyphy/ptII/ptolemy/domains/de/test/auto/MergeModel1Add.xml
5 ms. Memory: 812544K Free: 77291K (10%)
----------------- Invoking toplevel() on ptolemy.moml.MoMLSimpleApplication@24ac038b
----------------- Done invoking toplevel() on ptolemy.moml.MoMLSimpleApplication@24ac038b
reloadAllAccessors: .MergeModel1Add

===========================================================================================
----------------- testing Tue Nov 20 02:52:16 UTC 2018 /home/travis/build/icyphy/ptII/ptolemy/domains/de/test/auto/MergeModel2Add.xml
----------------- Instantiating /home/travis/build/icyphy/ptII/ptolemy/domains/de/test/auto/MergeModel2Add.xml
5 ms. Memory: 778752K Free: 745527K (96%)
----------------- Invoking toplevel() on ptolemy.moml.MoMLSimpleApplication@76145a69
----------------- Done invoking toplevel() on ptolemy.moml.MoMLSimpleApplication@76145a69
reloadAllAccessors: .MergeModel2Add

===========================================================================================
----------------- testing Tue Nov 20 02:52:16 UTC 2018 /home/travis/build/icyphy/ptII/ptolemy/domains/de/test/auto/MergeModel3Add.xml
----------------- Instantiating /home/travis/build/icyphy/ptII/ptolemy/domains/de/test/auto/MergeModel3Add.xml
4 ms. Memory: 778752K Free: 713319K (92%)
----------------- Invoking toplevel() on ptolemy.moml.MoMLSimpleApplication@61961856
----------------- Done invoking toplevel() on ptolemy.moml.MoMLSimpleApplication@61961856
reloadAllAccessors: .MergeModel3Add

===========================================================================================
----------------- testing Tue Nov 20 02:52:16 UTC 2018 /home/travis/build/icyphy/ptII/ptolemy/domains/de/test/auto/MergeWithoutDiscard.xml
----------------- Instantiating /home/travis/build/icyphy/ptII/ptolemy/domains/de/test/auto/MergeWithoutDiscard.xml
1 ms. Memory: 778752K Free: 699392K (90%)
----------------- Invoking toplevel() on ptolemy.moml.MoMLSimpleApplication@52f8db49
----------------- Done invoking toplevel() on ptolemy.moml.MoMLSimpleApplication@52f8db49
reloadAllAccessors: .MergeWithoutDiscard

===========================================================================================
----------------- testing Tue Nov 20 02:52:16 UTC 2018 /home/travis/build/icyphy/ptII/ptolemy/domains/de/test/auto/Modal1.xml
----------------- Instantiating /home/travis/build/icyphy/ptII/ptolemy/domains/de/test/auto/Modal1.xml
12 ms. Memory: 778752K Free: 678485K (87%)
----------------- Invoking toplevel() on ptolemy.moml.MoMLSimpleApplication@1a255ada
----------------- Done invoking toplevel() on ptolemy.moml.MoMLSimpleApplication@1a255ada
reloadAllAccessors: .Modal1

===========================================================================================
----------------- testing Tue Nov 20 02:52:16 UTC 2018 /home/travis/build/icyphy/ptII/ptolemy/domains/de/test/auto/Modal2.xml
----------------- Instantiating /home/travis/build/icyphy/ptII/ptolemy/domains/de/test/auto/Modal2.xml
7 ms. Memory: 778752K Free: 657595K (84%)
----------------- Invoking toplevel() on ptolemy.moml.MoMLSimpleApplication@425c78d9
----------------- Done invoking toplevel() on ptolemy.moml.MoMLSimpleApplication@425c78d9
reloadAllAccessors: .Modal2

===========================================================================================
----------------- testing Tue Nov 20 02:52:16 UTC 2018 /home/travis/build/icyphy/ptII/ptolemy/domains/de/test/auto/Modal3.xml
----------------- Instantiating /home/travis/build/icyphy/ptII/ptolemy/domains/de/test/auto/Modal3.xml
9 ms. Memory: 778752K Free: 636705K (82%)
----------------- Invoking toplevel() on ptolemy.moml.MoMLSimpleApplication@6c33a32a
----------------- Done invoking toplevel() on ptolemy.moml.MoMLSimpleApplication@6c33a32a
reloadAllAccessors: .Modal3

===========================================================================================
----------------- testing Tue Nov 20 02:52:16 UTC 2018 /home/travis/build/icyphy/ptII/ptolemy/domains/de/test/auto/Modal4.xml
----------------- Instantiating /home/travis/build/icyphy/ptII/ptolemy/domains/de/test/auto/Modal4.xml
11 ms. Memory: 778752K Free: 615807K (79%)
----------------- Invoking toplevel() on ptolemy.moml.MoMLSimpleApplication@6f6dc762
----------------- Done invoking toplevel() on ptolemy.moml.MoMLSimpleApplication@6f6dc762
reloadAllAccessors: .Modal4

===========================================================================================
----------------- testing Tue Nov 20 02:52:16 UTC 2018 /home/travis/build/icyphy/ptII/ptolemy/domains/de/test/auto/Modal5.xml
----------------- Instantiating /home/travis/build/icyphy/ptII/ptolemy/domains/de/test/auto/Modal5.xml
8 ms. Memory: 778752K Free: 594902K (76%)
----------------- Invoking toplevel() on ptolemy.moml.MoMLSimpleApplication@38adfd6b
----------------- Done invoking toplevel() on ptolemy.moml.MoMLSimpleApplication@38adfd6b
reloadAllAccessors: .Modal5

===========================================================================================
----------------- testing Tue Nov 20 02:52:16 UTC 2018 /home/travis/build/icyphy/ptII/ptolemy/domains/de/test/auto/Modal6.xml
----------------- Instantiating /home/travis/build/icyphy/ptII/ptolemy/domains/de/test/auto/Modal6.xml
8 ms. Memory: 778752K Free: 574012K (74%)
----------------- Invoking toplevel() on ptolemy.moml.MoMLSimpleApplication@5c02bf0b
----------------- Done invoking toplevel() on ptolemy.moml.MoMLSimpleApplication@5c02bf0b
reloadAllAccessors: .Modal6

===========================================================================================
----------------- testing Tue Nov 20 02:52:16 UTC 2018 /home/travis/build/icyphy/ptII/ptolemy/domains/de/test/auto/Modal7.xml
----------------- Instantiating /home/travis/build/icyphy/ptII/ptolemy/domains/de/test/auto/Modal7.xml
6 ms. Memory: 778752K Free: 548767K (70%)
----------------- Invoking toplevel() on ptolemy.moml.MoMLSimpleApplication@5007ae13
----------------- Done invoking toplevel() on ptolemy.moml.MoMLSimpleApplication@5007ae13
reloadAllAccessors: .Modal7

===========================================================================================
----------------- testing Tue Nov 20 02:52:16 UTC 2018 /home/travis/build/icyphy/ptII/ptolemy/domains/de/test/auto/ModalModel.xml
----------------- Instantiating /home/travis/build/icyphy/ptII/ptolemy/domains/de/test/auto/ModalModel.xml
114 ms. Memory: 778752K Free: 472076K (61%)
----------------- Invoking toplevel() on ptolemy.moml.MoMLSimpleApplication@4698fc96
----------------- Done invoking toplevel() on ptolemy.moml.MoMLSimpleApplication@4698fc96
reloadAllAccessors: .ModalModel

===========================================================================================
----------------- testing Tue Nov 20 02:52:16 UTC 2018 /home/travis/build/icyphy/ptII/ptolemy/domains/de/test/auto/ModalSource.xml
----------------- Instantiating /home/travis/build/icyphy/ptII/ptolemy/domains/de/test/auto/ModalSource.xml
4 ms. Memory: 778752K Free: 458150K (59%)
----------------- Invoking toplevel() on ptolemy.moml.MoMLSimpleApplication@51d9867a
----------------- Done invoking toplevel() on ptolemy.moml.MoMLSimpleApplication@51d9867a
reloadAllAccessors: .ModalSource

===========================================================================================
----------------- testing Tue Nov 20 02:52:16 UTC 2018 /home/travis/build/icyphy/ptII/ptolemy/domains/de/test/auto/NonInterruptibleTimerZeroDelay.xml
----------------- Instantiating /home/travis/build/icyphy/ptII/ptolemy/domains/de/test/auto/NonInterruptibleTimerZeroDelay.xml
2 ms. Memory: 778752K Free: 444223K (57%)
----------------- Invoking toplevel() on ptolemy.moml.MoMLSimpleApplication@3c3b0ed2
----------------- Done invoking toplevel() on ptolemy.moml.MoMLSimpleApplication@3c3b0ed2
reloadAllAccessors: .NonInterruptibleTimerZeroDelay

===========================================================================================
----------------- testing Tue Nov 20 02:52:16 UTC 2018 /home/travis/build/icyphy/ptII/ptolemy/domains/de/test/auto/OpenQueueingNetwork.xml
----------------- Instantiating /home/travis/build/icyphy/ptII/ptolemy/domains/de/test/auto/OpenQueueingNetwork.xml
2027 ms. Memory: 745472K Free: 504152K (68%)
----------------- Invoking toplevel() on ptolemy.moml.MoMLSimpleApplication@32d83760
----------------- Done invoking toplevel() on ptolemy.moml.MoMLSimpleApplication@32d83760
reloadAllAccessors: .OpenQueueingNetwork

===========================================================================================
----------------- testing Tue Nov 20 02:52:18 UTC 2018 /home/travis/build/icyphy/ptII/ptolemy/domains/de/test/auto/OpenQueuingNetwork.xml
----------------- Instantiating /home/travis/build/icyphy/ptII/ptolemy/domains/de/test/auto/OpenQueuingNetwork.xml
208 ms. Memory: 745472K Free: 404899K (54%)
----------------- Invoking toplevel() on ptolemy.moml.MoMLSimpleApplication@6a84b7ea
----------------- Done invoking toplevel() on ptolemy.moml.MoMLSimpleApplication@6a84b7ea
reloadAllAccessors: .OpenQueuingNetwork

===========================================================================================
----------------- testing Tue Nov 20 02:52:19 UTC 2018 /home/travis/build/icyphy/ptII/ptolemy/domains/de/test/auto/PeriodicSampler.xml
----------------- Instantiating /home/travis/build/icyphy/ptII/ptolemy/domains/de/test/auto/PeriodicSampler.xml
2 ms. Memory: 745472K Free: 396058K (53%)
----------------- Invoking toplevel() on ptolemy.moml.MoMLSimpleApplication@79b084b8
----------------- Done invoking toplevel() on ptolemy.moml.MoMLSimpleApplication@79b084b8
reloadAllAccessors: .PeriodicSampler

===========================================================================================
----------------- testing Tue Nov 20 02:52:19 UTC 2018 /home/travis/build/icyphy/ptII/ptolemy/domains/de/test/auto/PersistentIO.xml
----------------- Instantiating /home/travis/build/icyphy/ptII/ptolemy/domains/de/test/auto/PersistentIO.xml
4 ms. Memory: 745472K Free: 382781K (51%)
----------------- Invoking toplevel() on ptolemy.moml.MoMLSimpleApplication@47afedf2
----------------- Done invoking toplevel() on ptolemy.moml.MoMLSimpleApplication@47afedf2
reloadAllAccessors: .PersistentIO

===========================================================================================
----------------- testing Tue Nov 20 02:52:19 UTC 2018 /home/travis/build/icyphy/ptII/ptolemy/domains/de/test/auto/PortParameterResetOnInitialize.xml
----------------- Instantiating /home/travis/build/icyphy/ptII/ptolemy/domains/de/test/auto/PortParameterResetOnInitialize.xml
2 ms. Memory: 745472K Free: 373941K (50%)
----------------- Invoking toplevel() on ptolemy.moml.MoMLSimpleApplication@7ca7c3b4
----------------- Done invoking toplevel() on ptolemy.moml.MoMLSimpleApplication@7ca7c3b4
reloadAllAccessors: .PortParameterResetOnInitialize

===========================================================================================
----------------- testing Tue Nov 20 02:52:19 UTC 2018 /home/travis/build/icyphy/ptII/ptolemy/domains/de/test/auto/PortParameterUpdates.xml
----------------- Instantiating /home/travis/build/icyphy/ptII/ptolemy/domains/de/test/auto/PortParameterUpdates.xml
6 ms. Memory: 745472K Free: 360664K (48%)
----------------- Invoking toplevel() on ptolemy.moml.MoMLSimpleApplication@17cf39c6
----------------- Done invoking toplevel() on ptolemy.moml.MoMLSimpleApplication@17cf39c6
reloadAllAccessors: .PortParameterUpdates

===========================================================================================
----------------- testing Tue Nov 20 02:52:19 UTC 2018 /home/travis/build/icyphy/ptII/ptolemy/domains/de/test/auto/QueueAndServer.xml
----------------- Instantiating /home/travis/build/icyphy/ptII/ptolemy/domains/de/test/auto/QueueAndServer.xml
5 ms. Memory: 745472K Free: 344661K (46%)
----------------- Invoking toplevel() on ptolemy.moml.MoMLSimpleApplication@57c16e7e
----------------- Done invoking toplevel() on ptolemy.moml.MoMLSimpleApplication@57c16e7e
reloadAllAccessors: .QueueAndServer

===========================================================================================
----------------- testing Tue Nov 20 02:52:19 UTC 2018 /home/travis/build/icyphy/ptII/ptolemy/domains/de/test/auto/Records.xml
----------------- Instantiating /home/travis/build/icyphy/ptII/ptolemy/domains/de/test/auto/Records.xml
5 ms. Memory: 745472K Free: 331392K (44%)
----------------- Invoking toplevel() on ptolemy.moml.MoMLSimpleApplication@6368c908
----------------- Done invoking toplevel() on ptolemy.moml.MoMLSimpleApplication@6368c908
reloadAllAccessors: .Records

===========================================================================================
----------------- testing Tue Nov 20 02:52:19 UTC 2018 /home/travis/build/icyphy/ptII/ptolemy/domains/de/test/auto/ResetTransitionWithStartTime1.xml
----------------- Instantiating /home/travis/build/icyphy/ptII/ptolemy/domains/de/test/auto/ResetTransitionWithStartTime1.xml
11 ms. Memory: 745472K Free: 318115K (43%)
----------------- Invoking toplevel() on ptolemy.moml.MoMLSimpleApplication@3bf00283
----------------- Done invoking toplevel() on ptolemy.moml.MoMLSimpleApplication@3bf00283
reloadAllAccessors: .ResetTransitionWithStartTime1

===========================================================================================
----------------- testing Tue Nov 20 02:52:19 UTC 2018 /home/travis/build/icyphy/ptII/ptolemy/domains/de/test/auto/ResetTransitionWithStartTime2.xml
----------------- Instantiating /home/travis/build/icyphy/ptII/ptolemy/domains/de/test/auto/ResetTransitionWithStartTime2.xml
4 ms. Memory: 745472K Free: 304839K (41%)
----------------- Invoking toplevel() on ptolemy.moml.MoMLSimpleApplication@7891ef52
----------------- Done invoking toplevel() on ptolemy.moml.MoMLSimpleApplication@7891ef52
reloadAllAccessors: .ResetTransitionWithStartTime2

===========================================================================================
----------------- testing Tue Nov 20 02:52:19 UTC 2018 /home/travis/build/icyphy/ptII/ptolemy/domains/de/test/auto/ResetTransitionWithStartTime3.xml
----------------- Instantiating /home/travis/build/icyphy/ptII/ptolemy/domains/de/test/auto/ResetTransitionWithStartTime3.xml
4 ms. Memory: 745472K Free: 291578K (39%)
----------------- Invoking toplevel() on ptolemy.moml.MoMLSimpleApplication@54d6d0ce
----------------- Done invoking toplevel() on ptolemy.moml.MoMLSimpleApplication@54d6d0ce
reloadAllAccessors: .ResetTransitionWithStartTime3

===========================================================================================
----------------- testing Tue Nov 20 02:52:19 UTC 2018 /home/travis/build/icyphy/ptII/ptolemy/domains/de/test/auto/ResetTransitionWithStartTime4.xml
----------------- Instantiating /home/travis/build/icyphy/ptII/ptolemy/domains/de/test/auto/ResetTransitionWithStartTime4.xml
3 ms. Memory: 745472K Free: 275569K (37%)
----------------- Invoking toplevel() on ptolemy.moml.MoMLSimpleApplication@74e36940
----------------- Done invoking toplevel() on ptolemy.moml.MoMLSimpleApplication@74e36940
reloadAllAccessors: .ResetTransitionWithStartTime4

===========================================================================================
----------------- testing Tue Nov 20 02:52:19 UTC 2018 /home/travis/build/icyphy/ptII/ptolemy/domains/de/test/auto/ResettableTimer1.xml
----------------- Instantiating /home/travis/build/icyphy/ptII/ptolemy/domains/de/test/auto/ResettableTimer1.xml
3 ms. Memory: 745472K Free: 266729K (36%)
----------------- Invoking toplevel() on ptolemy.moml.MoMLSimpleApplication@727b357d
----------------- Done invoking toplevel() on ptolemy.moml.MoMLSimpleApplication@727b357d
reloadAllAccessors: .ResettableTimer1

===========================================================================================
----------------- testing Tue Nov 20 02:52:19 UTC 2018 /home/travis/build/icyphy/ptII/ptolemy/domains/de/test/auto/ResettableTimer2.xml
----------------- Instantiating /home/travis/build/icyphy/ptII/ptolemy/domains/de/test/auto/ResettableTimer2.xml
1 ms. Memory: 745472K Free: 257888K (35%)
----------------- Invoking toplevel() on ptolemy.moml.MoMLSimpleApplication@13c1c330
----------------- Done invoking toplevel() on ptolemy.moml.MoMLSimpleApplication@13c1c330
reloadAllAccessors: .ResettableTimer2

===========================================================================================
----------------- testing Tue Nov 20 02:52:19 UTC 2018 /home/travis/build/icyphy/ptII/ptolemy/domains/de/test/auto/ResettableTimer3.xml
----------------- Instantiating /home/travis/build/icyphy/ptII/ptolemy/domains/de/test/auto/ResettableTimer3.xml
1 ms. Memory: 745472K Free: 249048K (33%)
----------------- Invoking toplevel() on ptolemy.moml.MoMLSimpleApplication@50dd7f08
----------------- Done invoking toplevel() on ptolemy.moml.MoMLSimpleApplication@50dd7f08
reloadAllAccessors: .ResettableTimer3

===========================================================================================
----------------- testing Tue Nov 20 02:52:19 UTC 2018 /home/travis/build/icyphy/ptII/ptolemy/domains/de/test/auto/ResettableTimer4.xml
----------------- Instantiating /home/travis/build/icyphy/ptII/ptolemy/domains/de/test/auto/ResettableTimer4.xml
1 ms. Memory: 745472K Free: 240207K (32%)
----------------- Invoking toplevel() on ptolemy.moml.MoMLSimpleApplication@35225b66
----------------- Done invoking toplevel() on ptolemy.moml.MoMLSimpleApplication@35225b66
reloadAllAccessors: .ResettableTimer4

===========================================================================================
----------------- testing Tue Nov 20 02:52:19 UTC 2018 /home/travis/build/icyphy/ptII/ptolemy/domains/de/test/auto/ResettableTimer5.xml
----------------- Instantiating /home/travis/build/icyphy/ptII/ptolemy/domains/de/test/auto/ResettableTimer5.xml
1 ms. Memory: 745472K Free: 231366K (31%)
----------------- Invoking toplevel() on ptolemy.moml.MoMLSimpleApplication@7c55a49
----------------- Done invoking toplevel() on ptolemy.moml.MoMLSimpleApplication@7c55a49
reloadAllAccessors: .ResettableTimer5

===========================================================================================
----------------- testing Tue Nov 20 02:52:19 UTC 2018 /home/travis/build/icyphy/ptII/ptolemy/domains/de/test/auto/ResettableTimer6.xml
----------------- Instantiating /home/travis/build/icyphy/ptII/ptolemy/domains/de/test/auto/ResettableTimer6.xml
4 ms. Memory: 745472K Free: 219794K (29%)
----------------- Invoking toplevel() on ptolemy.moml.MoMLSimpleApplication@6ad6c01a
----------------- Done invoking toplevel() on ptolemy.moml.MoMLSimpleApplication@6ad6c01a
reloadAllAccessors: .ResettableTimer6

===========================================================================================
----------------- testing Tue Nov 20 02:52:19 UTC 2018 /home/travis/build/icyphy/ptII/ptolemy/domains/de/test/auto/ServerZeroDelay.xml
----------------- Instantiating /home/travis/build/icyphy/ptII/ptolemy/domains/de/test/auto/ServerZeroDelay.xml
2 ms. Memory: 745472K Free: 210953K (28%)
----------------- Invoking toplevel() on ptolemy.moml.MoMLSimpleApplication@76d69265
----------------- Done invoking toplevel() on ptolemy.moml.MoMLSimpleApplication@76d69265
reloadAllAccessors: .ServerZeroDelay

===========================================================================================
----------------- testing Tue Nov 20 02:52:19 UTC 2018 /home/travis/build/icyphy/ptII/ptolemy/domains/de/test/auto/SmartSender.xml
----------------- Instantiating /home/travis/build/icyphy/ptII/ptolemy/domains/de/test/auto/SmartSender.xml
3002 ms. Memory: 745472K Free: 202112K (27%)
----------------- Invoking toplevel() on ptolemy.moml.MoMLSimpleApplication@11f5521
----------------- Done invoking toplevel() on ptolemy.moml.MoMLSimpleApplication@11f5521
reloadAllAccessors: .SmartSender

===========================================================================================
----------------- testing Tue Nov 20 02:52:22 UTC 2018 /home/travis/build/icyphy/ptII/ptolemy/domains/de/test/auto/ThreadedComposite.xml
----------------- Instantiating /home/travis/build/icyphy/ptII/ptolemy/domains/de/test/auto/ThreadedComposite.xml
126 ms. Memory: 745472K Free: 171138K (23%)
----------------- Invoking toplevel() on ptolemy.moml.MoMLSimpleApplication@16092d7
----------------- Done invoking toplevel() on ptolemy.moml.MoMLSimpleApplication@16092d7
reloadAllAccessors: .ThreadedComposite

===========================================================================================
----------------- testing Tue Nov 20 02:52:22 UTC 2018 /home/travis/build/icyphy/ptII/ptolemy/domains/de/test/auto/Time.xml
----------------- Instantiating /home/travis/build/icyphy/ptII/ptolemy/domains/de/test/auto/Time.xml
419 ms. Memory: 745472K Free: 113675K (15%)
----------------- Invoking toplevel() on ptolemy.moml.MoMLSimpleApplication@69502bd1
----------------- Done invoking toplevel() on ptolemy.moml.MoMLSimpleApplication@69502bd1
reloadAllAccessors: .Time

===========================================================================================
----------------- testing Tue Nov 20 02:52:22 UTC 2018 /home/travis/build/icyphy/ptII/ptolemy/domains/de/test/auto/TimeDelayZeroDelay.xml
----------------- Instantiating /home/travis/build/icyphy/ptII/ptolemy/domains/de/test/auto/TimeDelayZeroDelay.xml
4 ms. Memory: 745472K Free: 102102K (14%)
----------------- Invoking toplevel() on ptolemy.moml.MoMLSimpleApplication@644f1d45
----------------- Done invoking toplevel() on ptolemy.moml.MoMLSimpleApplication@644f1d45
reloadAllAccessors: .TimeDelayZeroDelay

===========================================================================================
----------------- testing Tue Nov 20 02:52:22 UTC 2018 /home/travis/build/icyphy/ptII/ptolemy/domains/de/test/auto/TimerZeroDelay.xml
----------------- Instantiating /home/travis/build/icyphy/ptII/ptolemy/domains/de/test/auto/TimerZeroDelay.xml
3 ms. Memory: 745472K Free: 93262K (13%)
----------------- Invoking toplevel() on ptolemy.moml.MoMLSimpleApplication@560a785c
----------------- Done invoking toplevel() on ptolemy.moml.MoMLSimpleApplication@560a785c
reloadAllAccessors: .TimerZeroDelay

===========================================================================================
----------------- testing Tue Nov 20 02:52:23 UTC 2018 /home/travis/build/icyphy/ptII/ptolemy/domains/de/test/auto/TimingParadox.xml
----------------- Instantiating /home/travis/build/icyphy/ptII/ptolemy/domains/de/test/auto/TimingParadox.xml
296 ms. Memory: 714240K Free: 650769K (91%)
----------------- Invoking toplevel() on ptolemy.moml.MoMLSimpleApplication@2cc626be
----------------- Done invoking toplevel() on ptolemy.moml.MoMLSimpleApplication@2cc626be
reloadAllAccessors: .TimingParadox

===========================================================================================
----------------- testing Tue Nov 20 02:52:23 UTC 2018 /home/travis/build/icyphy/ptII/ptolemy/domains/de/test/auto/TransferInputs.xml
----------------- Instantiating /home/travis/build/icyphy/ptII/ptolemy/domains/de/test/auto/TransferInputs.xml
1 ms. Memory: 714240K Free: 640566K (90%)
----------------- Invoking toplevel() on ptolemy.moml.MoMLSimpleApplication@1579d620
----------------- Done invoking toplevel() on ptolemy.moml.MoMLSimpleApplication@1579d620
reloadAllAccessors: .TransferInputs

===========================================================================================
----------------- testing Tue Nov 20 02:52:23 UTC 2018 /home/travis/build/icyphy/ptII/ptolemy/domains/de/test/auto/TransferOutputs2.xml
----------------- Instantiating /home/travis/build/icyphy/ptII/ptolemy/domains/de/test/auto/TransferOutputs2.xml
3 ms. Memory: 714240K Free: 627922K (88%)
----------------- Invoking toplevel() on ptolemy.moml.MoMLSimpleApplication@79a0185e
----------------- Done invoking toplevel() on ptolemy.moml.MoMLSimpleApplication@79a0185e
reloadAllAccessors: .TransferOutputs2

===========================================================================================
----------------- testing Tue Nov 20 02:52:23 UTC 2018 /home/travis/build/icyphy/ptII/ptolemy/domains/de/test/auto/Trilateration.xml
----------------- Instantiating /home/travis/build/icyphy/ptII/ptolemy/domains/de/test/auto/Trilateration.xml
10682 ms. Memory: 578048K Free: 466910K (81%)
----------------- Invoking toplevel() on ptolemy.moml.MoMLSimpleApplication@151ed37b
----------------- Done invoking toplevel() on ptolemy.moml.MoMLSimpleApplication@151ed37b
reloadAllAccessors: .Trilateration

===========================================================================================
----------------- testing Tue Nov 20 02:52:34 UTC 2018 /home/travis/build/icyphy/ptII/ptolemy/domains/de/test/auto/TwoSigmaDelta.xml
----------------- Instantiating /home/travis/build/icyphy/ptII/ptolemy/domains/de/test/auto/TwoSigmaDelta.xml
1882 ms. Memory: 578048K Free: 163386K (28%)
----------------- Invoking toplevel() on ptolemy.moml.MoMLSimpleApplication@70d0bb75
----------------- Done invoking toplevel() on ptolemy.moml.MoMLSimpleApplication@70d0bb75
reloadAllAccessors: .TwoSigmaDelta

===========================================================================================
----------------- testing Tue Nov 20 02:52:36 UTC 2018 /home/travis/build/icyphy/ptII/ptolemy/domains/de/test/auto/VariableDelay.xml
----------------- Instantiating /home/travis/build/icyphy/ptII/ptolemy/domains/de/test/auto/VariableDelay.xml
2 ms. Memory: 578048K Free: 142603K (25%)
----------------- Invoking toplevel() on ptolemy.moml.MoMLSimpleApplication@4b9c93dd
----------------- Done invoking toplevel() on ptolemy.moml.MoMLSimpleApplication@4b9c93dd
reloadAllAccessors: .VariableDelay

===========================================================================================
----------------- testing Tue Nov 20 02:52:36 UTC 2018 /home/travis/build/icyphy/ptII/ptolemy/domains/de/test/auto/VariableDelay2.xml
----------------- Instantiating /home/travis/build/icyphy/ptII/ptolemy/domains/de/test/auto/VariableDelay2.xml
2 ms. Memory: 578048K Free: 122737K (21%)
----------------- Invoking toplevel() on ptolemy.moml.MoMLSimpleApplication@3f79f09e
----------------- Done invoking toplevel() on ptolemy.moml.MoMLSimpleApplication@3f79f09e
reloadAllAccessors: .VariableDelay2

===========================================================================================
----------------- testing Tue Nov 20 02:52:36 UTC 2018 /home/travis/build/icyphy/ptII/ptolemy/domains/de/test/auto/VariableDelayZeroDelay.xml
----------------- Instantiating /home/travis/build/icyphy/ptII/ptolemy/domains/de/test/auto/VariableDelayZeroDelay.xml
2 ms. Memory: 578048K Free: 101955K (18%)
----------------- Invoking toplevel() on ptolemy.moml.MoMLSimpleApplication@70037d5a
----------------- Done invoking toplevel() on ptolemy.moml.MoMLSimpleApplication@70037d5a
reloadAllAccessors: .VariableDelayZeroDelay

===========================================================================================
----------------- testing Tue Nov 20 02:52:36 UTC 2018 /home/travis/build/icyphy/ptII/ptolemy/domains/de/test/auto/VariableDelayZeroDelay2.xml
----------------- Instantiating /home/travis/build/icyphy/ptII/ptolemy/domains/de/test/auto/VariableDelayZeroDelay2.xml
2 ms. Memory: 578048K Free: 82089K (14%)
----------------- Invoking toplevel() on ptolemy.moml.MoMLSimpleApplication@6e188831
----------------- Done invoking toplevel() on ptolemy.moml.MoMLSimpleApplication@6e188831
reloadAllAccessors: .VariableDelayZeroDelay2

===========================================================================================
----------------- testing Tue Nov 20 02:52:36 UTC 2018 /home/travis/build/icyphy/ptII/ptolemy/domains/de/test/auto/deInCt.xml
----------------- Instantiating /home/travis/build/icyphy/ptII/ptolemy/domains/de/test/auto/deInCt.xml
0
1
1
1
0
0
0
1
1
0
0
0
0
1
1
1
0
0
0
1
1
1
1
1
1
1
1
1
1
1
5 ms. Memory: 578048K Free: 61306K (11%)
----------------- Invoking toplevel() on ptolemy.moml.MoMLSimpleApplication@5a3afbb2
----------------- Done invoking toplevel() on ptolemy.moml.MoMLSimpleApplication@5a3afbb2
reloadAllAccessors: .deInCt

===========================================================================================
----------------- testing Tue Nov 20 02:52:36 UTC 2018 /home/travis/build/icyphy/ptII/ptolemy/domains/de/test/auto/deInCt2.xml
----------------- Instantiating /home/travis/build/icyphy/ptII/ptolemy/domains/de/test/auto/deInCt2.xml
0
1
1
1
0
0
1
1
1
0
0
1
1
1
0
0
1
1
1
0
0
1
1
1
0
0
1
1
1
0
0
1
1
1
0
0
1
1
1
0
0
0
4 ms. Memory: 561152K Free: 527284K (94%)
----------------- Invoking toplevel() on ptolemy.moml.MoMLSimpleApplication@74bc3f77
----------------- Done invoking toplevel() on ptolemy.moml.MoMLSimpleApplication@74bc3f77
reloadAllAccessors: .deInCt2

===========================================================================================
----------------- testing Tue Nov 20 02:52:36 UTC 2018 /home/travis/build/icyphy/ptII/ptolemy/domains/de/test/auto/dynamicCausalityInterface1.xml
----------------- Instantiating /home/travis/build/icyphy/ptII/ptolemy/domains/de/test/auto/dynamicCausalityInterface1.xml
5 ms. Memory: 561152K Free: 512467K (91%)
----------------- Invoking toplevel() on ptolemy.moml.MoMLSimpleApplication@22129b00
----------------- Done invoking toplevel() on ptolemy.moml.MoMLSimpleApplication@22129b00
reloadAllAccessors: .dynamicCausalityInterface1

===========================================================================================
----------------- testing Tue Nov 20 02:52:36 UTC 2018 /home/travis/build/icyphy/ptII/ptolemy/domains/de/test/auto/fsm_de_test.xml
----------------- Instantiating /home/travis/build/icyphy/ptII/ptolemy/domains/de/test/auto/fsm_de_test.xml
4 ms. Memory: 561152K Free: 497647K (89%)
----------------- Invoking toplevel() on ptolemy.moml.MoMLSimpleApplication@5c916a7a
----------------- Done invoking toplevel() on ptolemy.moml.MoMLSimpleApplication@5c916a7a
reloadAllAccessors: .fsm_de_test

===========================================================================================
----------------- testing Tue Nov 20 02:52:36 UTC 2018 /home/travis/build/icyphy/ptII/ptolemy/domains/de/test/auto/functionDependencyReconstruction.xml
----------------- Instantiating /home/travis/build/icyphy/ptII/ptolemy/domains/de/test/auto/functionDependencyReconstruction.xml
2 ms. Memory: 561152K Free: 473341K (84%)
----------------- Invoking toplevel() on ptolemy.moml.MoMLSimpleApplication@2b203ad5
----------------- Done invoking toplevel() on ptolemy.moml.MoMLSimpleApplication@2b203ad5
reloadAllAccessors: .functionDependencyReconstruction

===========================================================================================
----------------- testing Tue Nov 20 02:52:36 UTC 2018 /home/travis/build/icyphy/ptII/ptolemy/domains/de/test/auto/multirate.xml
----------------- Instantiating /home/travis/build/icyphy/ptII/ptolemy/domains/de/test/auto/multirate.xml
3 ms. Memory: 561152K Free: 458525K (82%)
----------------- Invoking toplevel() on ptolemy.moml.MoMLSimpleApplication@7129c1fe
----------------- Done invoking toplevel() on ptolemy.moml.MoMLSimpleApplication@7129c1fe
reloadAllAccessors: .multirate

===========================================================================================
----------------- testing Tue Nov 20 02:52:36 UTC 2018 /home/travis/build/icyphy/ptII/ptolemy/domains/de/test/auto/multirate2.xml
----------------- Instantiating /home/travis/build/icyphy/ptII/ptolemy/domains/de/test/auto/multirate2.xml
2 ms. Memory: 561152K Free: 443708K (79%)
----------------- Invoking toplevel() on ptolemy.moml.MoMLSimpleApplication@5119820f
----------------- Done invoking toplevel() on ptolemy.moml.MoMLSimpleApplication@5119820f
reloadAllAccessors: .multirate2

===========================================================================================
----------------- testing Tue Nov 20 02:52:36 UTC 2018 /home/travis/build/icyphy/ptII/ptolemy/domains/de/test/auto/realtime.xml
----------------- Instantiating /home/travis/build/icyphy/ptII/ptolemy/domains/de/test/auto/realtime.xml
10001 ms. Memory: 561152K Free: 433643K (77%)
----------------- Invoking toplevel() on ptolemy.moml.MoMLSimpleApplication@4dea50c6
----------------- Done invoking toplevel() on ptolemy.moml.MoMLSimpleApplication@4dea50c6
reloadAllAccessors: .realtime

===========================================================================================
----------------- testing Tue Nov 20 02:52:46 UTC 2018 /home/travis/build/icyphy/ptII/ptolemy/domains/de/test/auto/relationGroup.xml
----------------- Instantiating /home/travis/build/icyphy/ptII/ptolemy/domains/de/test/auto/relationGroup.xml
2 ms. Memory: 561152K Free: 423577K (75%)
----------------- Invoking toplevel() on ptolemy.moml.MoMLSimpleApplication@160a4fd4
----------------- Done invoking toplevel() on ptolemy.moml.MoMLSimpleApplication@160a4fd4
reloadAllAccessors: .relationGroup

===========================================================================================
----------------- testing Tue Nov 20 02:52:46 UTC 2018 /home/travis/build/icyphy/ptII/ptolemy/domains/de/test/auto/relationGroup2.xml
----------------- Instantiating /home/travis/build/icyphy/ptII/ptolemy/domains/de/test/auto/relationGroup2.xml
2 ms. Memory: 561152K Free: 413512K (74%)
----------------- Invoking toplevel() on ptolemy.moml.MoMLSimpleApplication@38de775d
----------------- Done invoking toplevel() on ptolemy.moml.MoMLSimpleApplication@38de775d
reloadAllAccessors: .relationGroup2

===========================================================================================
----------------- testing Tue Nov 20 02:52:46 UTC 2018 /home/travis/build/icyphy/ptII/ptolemy/domains/de/test/auto/sortWithOpaquePorts.xml
----------------- Instantiating /home/travis/build/icyphy/ptII/ptolemy/domains/de/test/auto/sortWithOpaquePorts.xml
2 ms. Memory: 561152K Free: 403447K (72%)
----------------- Invoking toplevel() on ptolemy.moml.MoMLSimpleApplication@52e737d4
----------------- Done invoking toplevel() on ptolemy.moml.MoMLSimpleApplication@52e737d4
reloadAllAccessors: .sortWithOpaquePorts

===========================================================================================
----------------- testing Tue Nov 20 02:52:46 UTC 2018 /home/travis/build/icyphy/ptII/ptolemy/domains/de/test/auto/transferInputsandOutputs.xml
----------------- Instantiating /home/travis/build/icyphy/ptII/ptolemy/domains/de/test/auto/transferInputsandOutputs.xml
2 ms. Memory: 561152K Free: 388631K (69%)
----------------- Invoking toplevel() on ptolemy.moml.MoMLSimpleApplication@3fa7675b
----------------- Done invoking toplevel() on ptolemy.moml.MoMLSimpleApplication@3fa7675b
reloadAllAccessors: .transferInputsandOutputs

===========================================================================================
----------------- testing Tue Nov 20 02:52:47 UTC 2018 /home/travis/build/icyphy/ptII/ptolemy/domains/de/test/auto/triggerType.xml
----------------- Instantiating /home/travis/build/icyphy/ptII/ptolemy/domains/de/test/auto/triggerType.xml
2 ms. Memory: 561152K Free: 378566K (67%)
----------------- Invoking toplevel() on ptolemy.moml.MoMLSimpleApplication@75d11b46
----------------- Done invoking toplevel() on ptolemy.moml.MoMLSimpleApplication@75d11b46
reloadAllAccessors: .triggerType
AutoTests.java: About to close Vertx.
AutoTests.java: Vertx closed.
]]></system-out>
  <system-err><![CDATA[java.lang.RuntimeException: Execution failed
	at ptolemy.moml.MoMLSimpleApplication$UnloadThread.run(MoMLSimpleApplication.java:402)
Caused by: ptolemy.kernel.util.IllegalActionException: Found a zero delay loop containing .dependencyLoop.original
  in .dependencyLoop and .dependencyLoop.original
	at ptolemy.actor.util.CausalityInterfaceForComposites._computeOutputPortDepth(CausalityInterfaceForComposites.java:759)
	at ptolemy.actor.util.CausalityInterfaceForComposites._computeInputDepth(CausalityInterfaceForComposites.java:696)
	at ptolemy.actor.util.CausalityInterfaceForComposites._computeOutputPortDepth(CausalityInterfaceForComposites.java:765)
	at ptolemy.actor.util.CausalityInterfaceForComposites._computeInputDepth(CausalityInterfaceForComposites.java:696)
	at ptolemy.actor.util.CausalityInterfaceForComposites._computeOutputPortDepth(CausalityInterfaceForComposites.java:765)
	at ptolemy.actor.util.CausalityInterfaceForComposites._computeInputDepth(CausalityInterfaceForComposites.java:696)
	at ptolemy.actor.util.CausalityInterfaceForComposites._computeActorDepth(CausalityInterfaceForComposites.java:532)
	at ptolemy.actor.util.CausalityInterfaceForComposites.checkForCycles(CausalityInterfaceForComposites.java:96)
	at ptolemy.domains.de.kernel.DEDirector.preinitialize(DEDirector.java:1338)
	at ptolemy.actor.CompositeActor.preinitialize(CompositeActor.java:1828)
	at ptolemy.actor.Manager.preinitializeAndResolveTypes(Manager.java:1040)
	at ptolemy.actor.Manager.initialize(Manager.java:710)
	at ptolemy.actor.Manager.execute(Manager.java:356)
	at ptolemy.actor.Manager.run(Manager.java:1263)
	at ptolemy.actor.Manager$PtolemyRunThread.run(Manager.java:1915)
java.lang.RuntimeException: Execution failed
	at ptolemy.moml.MoMLSimpleApplication$UnloadThread.run(MoMLSimpleApplication.java:402)
Caused by: ptolemy.kernel.util.IllegalActionException: Found a zero delay loop containing .dependencyLoop2.original
  in .dependencyLoop2 and .dependencyLoop2.original
	at ptolemy.actor.util.CausalityInterfaceForComposites._computeOutputPortDepth(CausalityInterfaceForComposites.java:759)
	at ptolemy.actor.util.CausalityInterfaceForComposites._computeInputDepth(CausalityInterfaceForComposites.java:696)
	at ptolemy.actor.util.CausalityInterfaceForComposites._computeOutputPortDepth(CausalityInterfaceForComposites.java:765)
	at ptolemy.actor.util.CausalityInterfaceForComposites._computeInputDepth(CausalityInterfaceForComposites.java:696)
	at ptolemy.actor.util.CausalityInterfaceForComposites._computeOutputPortDepth(CausalityInterfaceForComposites.java:765)
	at ptolemy.actor.util.CausalityInterfaceForComposites._computeInputDepth(CausalityInterfaceForComposites.java:696)
	at ptolemy.actor.util.CausalityInterfaceForComposites._computeActorDepth(CausalityInterfaceForComposites.java:532)
	at ptolemy.actor.util.CausalityInterfaceForComposites.checkForCycles(CausalityInterfaceForComposites.java:96)
	at ptolemy.domains.de.kernel.DEDirector.preinitialize(DEDirector.java:1338)
	at ptolemy.actor.CompositeActor.preinitialize(CompositeActor.java:1828)
	at ptolemy.actor.Manager.preinitializeAndResolveTypes(Manager.java:1040)
	at ptolemy.actor.Manager.initialize(Manager.java:710)
	at ptolemy.actor.Manager.execute(Manager.java:356)
	at ptolemy.actor.Manager.run(Manager.java:1263)
	at ptolemy.actor.Manager$PtolemyRunThread.run(Manager.java:1915)
java.lang.RuntimeException: Execution failed
	at ptolemy.moml.MoMLSimpleApplication$UnloadThread.run(MoMLSimpleApplication.java:402)
Caused by: ptolemy.kernel.util.IllegalActionException: Found a zero delay loop containing .dependencyLoop.original
  in .dependencyLoop and .dependencyLoop.original
	at ptolemy.actor.util.CausalityInterfaceForComposites._computeOutputPortDepth(CausalityInterfaceForComposites.java:759)
	at ptolemy.actor.util.CausalityInterfaceForComposites._computeInputDepth(CausalityInterfaceForComposites.java:696)
	at ptolemy.actor.util.CausalityInterfaceForComposites._computeOutputPortDepth(CausalityInterfaceForComposites.java:765)
	at ptolemy.actor.util.CausalityInterfaceForComposites._computeInputDepth(CausalityInterfaceForComposites.java:696)
	at ptolemy.actor.util.CausalityInterfaceForComposites._computeOutputPortDepth(CausalityInterfaceForComposites.java:765)
	at ptolemy.actor.util.CausalityInterfaceForComposites._computeInputDepth(CausalityInterfaceForComposites.java:696)
	at ptolemy.actor.util.CausalityInterfaceForComposites._computeActorDepth(CausalityInterfaceForComposites.java:532)
	at ptolemy.actor.util.CausalityInterfaceForComposites.checkForCycles(CausalityInterfaceForComposites.java:96)
	at ptolemy.domains.de.kernel.DEDirector.preinitialize(DEDirector.java:1338)
	at ptolemy.actor.CompositeActor.preinitialize(CompositeActor.java:1828)
	at ptolemy.actor.Manager.preinitializeAndResolveTypes(Manager.java:1040)
	at ptolemy.actor.Manager.initialize(Manager.java:710)
	at ptolemy.actor.Manager.execute(Manager.java:356)
	at ptolemy.actor.Manager.run(Manager.java:1263)
	at ptolemy.actor.Manager$PtolemyRunThread.run(Manager.java:1915)
java.lang.RuntimeException: Execution failed
	at ptolemy.moml.MoMLSimpleApplication$UnloadThread.run(MoMLSimpleApplication.java:402)
Caused by: ptolemy.kernel.util.IllegalActionException: Actor is not ready to fire.  Perhaps UpSample.prefire() returned false? Try debugging the actor by selecting "Listen to Actor".  Also, for SDF check moml for tokenConsumptionRate on input.
  in .DESDFClockTest.Play Bell.Copy1:SDF Director and .DESDFClockTest.Play Bell.UpSample
	at ptolemy.actor.sched.StaticSchedulingDirector.fire(StaticSchedulingDirector.java:227)
	at ptolemy.domains.sdf.kernel.SDFDirector.fire(SDFDirector.java:500)
	at ptolemy.actor.CompositeActor.fire(CompositeActor.java:455)
	at ptolemy.domains.de.kernel.DEDirector._fire(DEDirector.java:1949)
	at ptolemy.domains.de.kernel.DEDirector.fire(DEDirector.java:502)
	at ptolemy.actor.CompositeActor.fire(CompositeActor.java:455)
	at ptolemy.actor.Manager.iterate(Manager.java:851)
	at ptolemy.actor.Manager.execute(Manager.java:369)
	at ptolemy.actor.Manager.run(Manager.java:1263)
	at ptolemy.actor.Manager$PtolemyRunThread.run(Manager.java:1915)
java.lang.RuntimeException: Execution failed
	at ptolemy.moml.MoMLSimpleApplication$UnloadThread.run(MoMLSimpleApplication.java:402)
Caused by: ptolemy.kernel.util.IllegalActionException: Found a zero delay loop containing .dependencyLoop2.original
  in .dependencyLoop2 and .dependencyLoop2.original
	at ptolemy.actor.util.CausalityInterfaceForComposites._computeOutputPortDepth(CausalityInterfaceForComposites.java:759)
	at ptolemy.actor.util.CausalityInterfaceForComposites._computeInputDepth(CausalityInterfaceForComposites.java:696)
	at ptolemy.actor.util.CausalityInterfaceForComposites._computeOutputPortDepth(CausalityInterfaceForComposites.java:765)
	at ptolemy.actor.util.CausalityInterfaceForComposites._computeInputDepth(CausalityInterfaceForComposites.java:696)
	at ptolemy.actor.util.CausalityInterfaceForComposites._computeOutputPortDepth(CausalityInterfaceForComposites.java:765)
	at ptolemy.actor.util.CausalityInterfaceForComposites._computeInputDepth(CausalityInterfaceForComposites.java:696)
	at ptolemy.actor.util.CausalityInterfaceForComposites._computeActorDepth(CausalityInterfaceForComposites.java:532)
	at ptolemy.actor.util.CausalityInterfaceForComposites.checkForCycles(CausalityInterfaceForComposites.java:96)
	at ptolemy.domains.de.kernel.DEDirector.preinitialize(DEDirector.java:1338)
	at ptolemy.actor.CompositeActor.preinitialize(CompositeActor.java:1828)
	at ptolemy.actor.Manager.preinitializeAndResolveTypes(Manager.java:1040)
	at ptolemy.actor.Manager.initialize(Manager.java:710)
	at ptolemy.actor.Manager.execute(Manager.java:356)
	at ptolemy.actor.Manager.run(Manager.java:1263)
	at ptolemy.actor.Manager$PtolemyRunThread.run(Manager.java:1915)
java.lang.RuntimeException: Execution failed
	at ptolemy.moml.MoMLSimpleApplication$UnloadThread.run(MoMLSimpleApplication.java:402)
Caused by: ptolemy.kernel.util.IllegalActionException: Found a zero delay loop containing .HierarchicalModel.A
  in .HierarchicalModel and .HierarchicalModel.A
	at ptolemy.actor.util.CausalityInterfaceForComposites._computeOutputPortDepth(CausalityInterfaceForComposites.java:759)
	at ptolemy.actor.util.CausalityInterfaceForComposites._computeInputDepth(CausalityInterfaceForComposites.java:696)
	at ptolemy.actor.util.CausalityInterfaceForComposites._computeOutputPortDepth(CausalityInterfaceForComposites.java:765)
	at ptolemy.actor.util.CausalityInterfaceForComposites._computeInputDepth(CausalityInterfaceForComposites.java:696)
	at ptolemy.actor.util.CausalityInterfaceForComposites._computeOutputPortDepth(CausalityInterfaceForComposites.java:765)
	at ptolemy.actor.util.CausalityInterfaceForComposites._computeInputDepth(CausalityInterfaceForComposites.java:696)
	at ptolemy.actor.util.CausalityInterfaceForComposites._computeActorDepth(CausalityInterfaceForComposites.java:532)
	at ptolemy.actor.util.CausalityInterfaceForComposites.checkForCycles(CausalityInterfaceForComposites.java:96)
	at ptolemy.domains.de.kernel.DEDirector.preinitialize(DEDirector.java:1338)
	at ptolemy.actor.CompositeActor.preinitialize(CompositeActor.java:1828)
	at ptolemy.actor.Manager.preinitializeAndResolveTypes(Manager.java:1040)
	at ptolemy.actor.Manager.initialize(Manager.java:710)
	at ptolemy.actor.Manager.execute(Manager.java:356)
	at ptolemy.actor.Manager.run(Manager.java:1263)
	at ptolemy.actor.Manager$PtolemyRunThread.run(Manager.java:1915)
java.lang.RuntimeException: Execution failed
	at ptolemy.moml.MoMLSimpleApplication$UnloadThread.run(MoMLSimpleApplication.java:402)
Caused by: ptolemy.kernel.util.IllegalActionException: Test fails in iteration 1.
Value was: 1.0. Should have been: 2.0
  in .DirectFeedback.Test
	at ptolemy.actor.lib.Test.fire(Test.java:268)
	at ptolemy.domains.de.kernel.DEDirector._fire(DEDirector.java:1949)
	at ptolemy.domains.de.kernel.DEDirector.fire(DEDirector.java:502)
	at ptolemy.actor.CompositeActor.fire(CompositeActor.java:455)
	at ptolemy.actor.Manager.iterate(Manager.java:851)
	at ptolemy.actor.Manager.execute(Manager.java:369)
	at ptolemy.actor.Manager.run(Manager.java:1263)
	at ptolemy.actor.Manager$PtolemyRunThread.run(Manager.java:1915)
java.lang.RuntimeException: Execution failed
	at ptolemy.moml.MoMLSimpleApplication$UnloadThread.run(MoMLSimpleApplication.java:402)
Caused by: ptolemy.kernel.util.IllegalActionException: Actor is not ready to fire.  Perhaps UpSample.prefire() returned false? Try debugging the actor by selecting "Listen to Actor".  Also, for SDF check moml for tokenConsumptionRate on input.
  in .DESDFClockTest.Play Bell.Copy1:SDF Director and .DESDFClockTest.Play Bell.UpSample
	at ptolemy.actor.sched.StaticSchedulingDirector.fire(StaticSchedulingDirector.java:227)
	at ptolemy.domains.sdf.kernel.SDFDirector.fire(SDFDirector.java:500)
	at ptolemy.actor.CompositeActor.fire(CompositeActor.java:455)
	at ptolemy.domains.de.kernel.DEDirector._fire(DEDirector.java:1949)
	at ptolemy.domains.de.kernel.DEDirector.fire(DEDirector.java:502)
	at ptolemy.actor.CompositeActor.fire(CompositeActor.java:455)
	at ptolemy.actor.Manager.iterate(Manager.java:851)
	at ptolemy.actor.Manager.execute(Manager.java:369)
	at ptolemy.actor.Manager.run(Manager.java:1263)
	at ptolemy.actor.Manager$PtolemyRunThread.run(Manager.java:1915)
java.lang.reflect.InvocationTargetException
	at sun.reflect.NativeConstructorAccessorImpl.newInstance0(Native Method)
	at sun.reflect.NativeConstructorAccessorImpl.newInstance(NativeConstructorAccessorImpl.java:62)
	at sun.reflect.DelegatingConstructorAccessorImpl.newInstance(DelegatingConstructorAccessorImpl.java:45)
	at java.lang.reflect.Constructor.newInstance(Constructor.java:423)
	at ptolemy.util.test.junit.AutoKnownFailedTests.RunModel(AutoKnownFailedTests.java:105)
	at sun.reflect.NativeMethodAccessorImpl.invoke0(Native Method)
	at sun.reflect.NativeMethodAccessorImpl.invoke(NativeMethodAccessorImpl.java:62)
	at sun.reflect.DelegatingMethodAccessorImpl.invoke(DelegatingMethodAccessorImpl.java:43)
	at java.lang.reflect.Method.invoke(Method.java:498)
	at org.junit.runners.model.FrameworkMethod$1.runReflectiveCall(FrameworkMethod.java:44)
	at org.junit.internal.runners.model.ReflectiveCallable.run(ReflectiveCallable.java:15)
	at org.junit.runners.model.FrameworkMethod.invokeExplosively(FrameworkMethod.java:41)
	at junitparams.internal.InvokeParameterisedMethod.evaluate(InvokeParameterisedMethod.java:102)
	at org.junit.internal.runners.statements.FailOnTimeout$1.run(FailOnTimeout.java:28)
Caused by: ptolemy.kernel.util.IllegalActionException: Actor is not ready to fire.  Perhaps UpSample.prefire() returned false? Try debugging the actor by selecting "Listen to Actor".  Also, for SDF check moml for tokenConsumptionRate on input.
  in .DESDFClockTest.Play Bell.Copy1:SDF Director and .DESDFClockTest.Play Bell.UpSample
	at ptolemy.actor.sched.StaticSchedulingDirector.fire(StaticSchedulingDirector.java:227)
	at ptolemy.domains.sdf.kernel.SDFDirector.fire(SDFDirector.java:500)
	at ptolemy.actor.CompositeActor.fire(CompositeActor.java:455)
	at ptolemy.domains.de.kernel.DEDirector._fire(DEDirector.java:1949)
	at ptolemy.domains.de.kernel.DEDirector.fire(DEDirector.java:502)
	at ptolemy.actor.CompositeActor.fire(CompositeActor.java:455)
	at ptolemy.actor.Manager.iterate(Manager.java:851)
	at ptolemy.actor.Manager.execute(Manager.java:369)
	at ptolemy.actor.Manager.run(Manager.java:1263)
	at ptolemy.actor.Manager$PtolemyRunThread.run(Manager.java:1915)
java.lang.RuntimeException: Execution failed
	at ptolemy.moml.MoMLSimpleApplication$UnloadThread.run(MoMLSimpleApplication.java:402)
Caused by: ptolemy.kernel.util.IllegalActionException: Test fails in iteration 1.
Value was: 1.0. Should have been: 2.0
  in .DirectFeedback.Test
	at ptolemy.actor.lib.Test.fire(Test.java:268)
	at ptolemy.domains.de.kernel.DEDirector._fire(DEDirector.java:1949)
	at ptolemy.domains.de.kernel.DEDirector.fire(DEDirector.java:502)
	at ptolemy.actor.CompositeActor.fire(CompositeActor.java:455)
	at ptolemy.actor.Manager.iterate(Manager.java:851)
	at ptolemy.actor.Manager.execute(Manager.java:369)
	at ptolemy.actor.Manager.run(Manager.java:1263)
	at ptolemy.actor.Manager$PtolemyRunThread.run(Manager.java:1915)
java.lang.reflect.InvocationTargetException
	at sun.reflect.NativeConstructorAccessorImpl.newInstance0(Native Method)
	at sun.reflect.NativeConstructorAccessorImpl.newInstance(NativeConstructorAccessorImpl.java:62)
	at sun.reflect.DelegatingConstructorAccessorImpl.newInstance(DelegatingConstructorAccessorImpl.java:45)
	at java.lang.reflect.Constructor.newInstance(Constructor.java:423)
	at ptolemy.util.test.junit.AutoKnownFailedTests.RunModel(AutoKnownFailedTests.java:105)
	at sun.reflect.NativeMethodAccessorImpl.invoke0(Native Method)
	at sun.reflect.NativeMethodAccessorImpl.invoke(NativeMethodAccessorImpl.java:62)
	at sun.reflect.DelegatingMethodAccessorImpl.invoke(DelegatingMethodAccessorImpl.java:43)
	at java.lang.reflect.Method.invoke(Method.java:498)
	at org.junit.runners.model.FrameworkMethod$1.runReflectiveCall(FrameworkMethod.java:44)
	at org.junit.internal.runners.model.ReflectiveCallable.run(ReflectiveCallable.java:15)
	at org.junit.runners.model.FrameworkMethod.invokeExplosively(FrameworkMethod.java:41)
	at junitparams.internal.InvokeParameterisedMethod.evaluate(InvokeParameterisedMethod.java:102)
	at org.junit.internal.runners.statements.FailOnTimeout$1.run(FailOnTimeout.java:28)
Caused by: ptolemy.kernel.util.IllegalActionException: Test fails in iteration 1.
Value was: 1.0. Should have been: 2.0
  in .DirectFeedback.Test
	at ptolemy.actor.lib.Test.fire(Test.java:268)
	at ptolemy.domains.de.kernel.DEDirector._fire(DEDirector.java:1949)
	at ptolemy.domains.de.kernel.DEDirector.fire(DEDirector.java:502)
	at ptolemy.actor.CompositeActor.fire(CompositeActor.java:455)
	at ptolemy.actor.Manager.iterate(Manager.java:851)
	at ptolemy.actor.Manager.execute(Manager.java:369)
	at ptolemy.actor.Manager.run(Manager.java:1263)
	at ptolemy.actor.Manager$PtolemyRunThread.run(Manager.java:1915)
java.lang.RuntimeException: Execution failed
	at ptolemy.moml.MoMLSimpleApplication$UnloadThread.run(MoMLSimpleApplication.java:402)
Caused by: ptolemy.kernel.util.IllegalActionException: Found a zero delay loop containing .HierarchicalModel.A
  in .HierarchicalModel and .HierarchicalModel.A
	at ptolemy.actor.util.CausalityInterfaceForComposites._computeOutputPortDepth(CausalityInterfaceForComposites.java:759)
	at ptolemy.actor.util.CausalityInterfaceForComposites._computeInputDepth(CausalityInterfaceForComposites.java:696)
	at ptolemy.actor.util.CausalityInterfaceForComposites._computeOutputPortDepth(CausalityInterfaceForComposites.java:765)
	at ptolemy.actor.util.CausalityInterfaceForComposites._computeInputDepth(CausalityInterfaceForComposites.java:696)
	at ptolemy.actor.util.CausalityInterfaceForComposites._computeOutputPortDepth(CausalityInterfaceForComposites.java:765)
	at ptolemy.actor.util.CausalityInterfaceForComposites._computeInputDepth(CausalityInterfaceForComposites.java:696)
	at ptolemy.actor.util.CausalityInterfaceForComposites._computeActorDepth(CausalityInterfaceForComposites.java:532)
	at ptolemy.actor.util.CausalityInterfaceForComposites.checkForCycles(CausalityInterfaceForComposites.java:96)
	at ptolemy.domains.de.kernel.DEDirector.preinitialize(DEDirector.java:1338)
	at ptolemy.actor.CompositeActor.preinitialize(CompositeActor.java:1828)
	at ptolemy.actor.Manager.preinitializeAndResolveTypes(Manager.java:1040)
	at ptolemy.actor.Manager.initialize(Manager.java:710)
	at ptolemy.actor.Manager.execute(Manager.java:356)
	at ptolemy.actor.Manager.run(Manager.java:1263)
	at ptolemy.actor.Manager$PtolemyRunThread.run(Manager.java:1915)
java.lang.reflect.InvocationTargetException
	at sun.reflect.NativeConstructorAccessorImpl.newInstance0(Native Method)
	at sun.reflect.NativeConstructorAccessorImpl.newInstance(NativeConstructorAccessorImpl.java:62)
	at sun.reflect.DelegatingConstructorAccessorImpl.newInstance(DelegatingConstructorAccessorImpl.java:45)
	at java.lang.reflect.Constructor.newInstance(Constructor.java:423)
	at ptolemy.util.test.junit.AutoKnownFailedTests.RunModel(AutoKnownFailedTests.java:105)
	at sun.reflect.NativeMethodAccessorImpl.invoke0(Native Method)
	at sun.reflect.NativeMethodAccessorImpl.invoke(NativeMethodAccessorImpl.java:62)
	at sun.reflect.DelegatingMethodAccessorImpl.invoke(DelegatingMethodAccessorImpl.java:43)
	at java.lang.reflect.Method.invoke(Method.java:498)
	at org.junit.runners.model.FrameworkMethod$1.runReflectiveCall(FrameworkMethod.java:44)
	at org.junit.internal.runners.model.ReflectiveCallable.run(ReflectiveCallable.java:15)
	at org.junit.runners.model.FrameworkMethod.invokeExplosively(FrameworkMethod.java:41)
	at junitparams.internal.InvokeParameterisedMethod.evaluate(InvokeParameterisedMethod.java:102)
	at org.junit.internal.runners.statements.FailOnTimeout$1.run(FailOnTimeout.java:28)
Caused by: ptolemy.kernel.util.IllegalActionException: Found a zero delay loop containing .HierarchicalModel.A
  in .HierarchicalModel and .HierarchicalModel.A
	at ptolemy.actor.util.CausalityInterfaceForComposites._computeOutputPortDepth(CausalityInterfaceForComposites.java:759)
	at ptolemy.actor.util.CausalityInterfaceForComposites._computeInputDepth(CausalityInterfaceForComposites.java:696)
	at ptolemy.actor.util.CausalityInterfaceForComposites._computeOutputPortDepth(CausalityInterfaceForComposites.java:765)
	at ptolemy.actor.util.CausalityInterfaceForComposites._computeInputDepth(CausalityInterfaceForComposites.java:696)
	at ptolemy.actor.util.CausalityInterfaceForComposites._computeOutputPortDepth(CausalityInterfaceForComposites.java:765)
	at ptolemy.actor.util.CausalityInterfaceForComposites._computeInputDepth(CausalityInterfaceForComposites.java:696)
	at ptolemy.actor.util.CausalityInterfaceForComposites._computeActorDepth(CausalityInterfaceForComposites.java:532)
	at ptolemy.actor.util.CausalityInterfaceForComposites.checkForCycles(CausalityInterfaceForComposites.java:96)
	at ptolemy.domains.de.kernel.DEDirector.preinitialize(DEDirector.java:1338)
	at ptolemy.actor.CompositeActor.preinitialize(CompositeActor.java:1828)
	at ptolemy.actor.Manager.preinitializeAndResolveTypes(Manager.java:1040)
	at ptolemy.actor.Manager.initialize(Manager.java:710)
	at ptolemy.actor.Manager.execute(Manager.java:356)
	at ptolemy.actor.Manager.run(Manager.java:1263)
	at ptolemy.actor.Manager$PtolemyRunThread.run(Manager.java:1915)
java.lang.RuntimeException: Execution failed
	at ptolemy.moml.MoMLSimpleApplication$UnloadThread.run(MoMLSimpleApplication.java:402)
Caused by: ptolemy.kernel.util.IllegalActionException: Found a zero delay loop containing .dependencyLoop.original
  in .dependencyLoop and .dependencyLoop.original
	at ptolemy.actor.util.CausalityInterfaceForComposites._computeOutputPortDepth(CausalityInterfaceForComposites.java:759)
	at ptolemy.actor.util.CausalityInterfaceForComposites._computeInputDepth(CausalityInterfaceForComposites.java:696)
	at ptolemy.actor.util.CausalityInterfaceForComposites._computeOutputPortDepth(CausalityInterfaceForComposites.java:765)
	at ptolemy.actor.util.CausalityInterfaceForComposites._computeInputDepth(CausalityInterfaceForComposites.java:696)
	at ptolemy.actor.util.CausalityInterfaceForComposites._computeOutputPortDepth(CausalityInterfaceForComposites.java:765)
	at ptolemy.actor.util.CausalityInterfaceForComposites._computeInputDepth(CausalityInterfaceForComposites.java:696)
	at ptolemy.actor.util.CausalityInterfaceForComposites._computeActorDepth(CausalityInterfaceForComposites.java:532)
	at ptolemy.actor.util.CausalityInterfaceForComposites.checkForCycles(CausalityInterfaceForComposites.java:96)
	at ptolemy.domains.de.kernel.DEDirector.preinitialize(DEDirector.java:1338)
	at ptolemy.actor.CompositeActor.preinitialize(CompositeActor.java:1828)
	at ptolemy.actor.Manager.preinitializeAndResolveTypes(Manager.java:1040)
	at ptolemy.actor.Manager.initialize(Manager.java:710)
	at ptolemy.actor.Manager.execute(Manager.java:356)
	at ptolemy.actor.Manager.run(Manager.java:1263)
	at ptolemy.actor.Manager$PtolemyRunThread.run(Manager.java:1915)
java.lang.reflect.InvocationTargetException
	at sun.reflect.NativeConstructorAccessorImpl.newInstance0(Native Method)
	at sun.reflect.NativeConstructorAccessorImpl.newInstance(NativeConstructorAccessorImpl.java:62)
	at sun.reflect.DelegatingConstructorAccessorImpl.newInstance(DelegatingConstructorAccessorImpl.java:45)
	at java.lang.reflect.Constructor.newInstance(Constructor.java:423)
	at ptolemy.util.test.junit.AutoKnownFailedTests.RunModel(AutoKnownFailedTests.java:105)
	at sun.reflect.NativeMethodAccessorImpl.invoke0(Native Method)
	at sun.reflect.NativeMethodAccessorImpl.invoke(NativeMethodAccessorImpl.java:62)
	at sun.reflect.DelegatingMethodAccessorImpl.invoke(DelegatingMethodAccessorImpl.java:43)
	at java.lang.reflect.Method.invoke(Method.java:498)
	at org.junit.runners.model.FrameworkMethod$1.runReflectiveCall(FrameworkMethod.java:44)
	at org.junit.internal.runners.model.ReflectiveCallable.run(ReflectiveCallable.java:15)
	at org.junit.runners.model.FrameworkMethod.invokeExplosively(FrameworkMethod.java:41)
	at junitparams.internal.InvokeParameterisedMethod.evaluate(InvokeParameterisedMethod.java:102)
	at org.junit.internal.runners.statements.FailOnTimeout$1.run(FailOnTimeout.java:28)
Caused by: ptolemy.kernel.util.IllegalActionException: Found a zero delay loop containing .dependencyLoop.original
  in .dependencyLoop and .dependencyLoop.original
	at ptolemy.actor.util.CausalityInterfaceForComposites._computeOutputPortDepth(CausalityInterfaceForComposites.java:759)
	at ptolemy.actor.util.CausalityInterfaceForComposites._computeInputDepth(CausalityInterfaceForComposites.java:696)
	at ptolemy.actor.util.CausalityInterfaceForComposites._computeOutputPortDepth(CausalityInterfaceForComposites.java:765)
	at ptolemy.actor.util.CausalityInterfaceForComposites._computeInputDepth(CausalityInterfaceForComposites.java:696)
	at ptolemy.actor.util.CausalityInterfaceForComposites._computeOutputPortDepth(CausalityInterfaceForComposites.java:765)
	at ptolemy.actor.util.CausalityInterfaceForComposites._computeInputDepth(CausalityInterfaceForComposites.java:696)
	at ptolemy.actor.util.CausalityInterfaceForComposites._computeActorDepth(CausalityInterfaceForComposites.java:532)
	at ptolemy.actor.util.CausalityInterfaceForComposites.checkForCycles(CausalityInterfaceForComposites.java:96)
	at ptolemy.domains.de.kernel.DEDirector.preinitialize(DEDirector.java:1338)
	at ptolemy.actor.CompositeActor.preinitialize(CompositeActor.java:1828)
	at ptolemy.actor.Manager.preinitializeAndResolveTypes(Manager.java:1040)
	at ptolemy.actor.Manager.initialize(Manager.java:710)
	at ptolemy.actor.Manager.execute(Manager.java:356)
	at ptolemy.actor.Manager.run(Manager.java:1263)
	at ptolemy.actor.Manager$PtolemyRunThread.run(Manager.java:1915)
java.lang.RuntimeException: Execution failed
	at ptolemy.moml.MoMLSimpleApplication$UnloadThread.run(MoMLSimpleApplication.java:402)
Caused by: ptolemy.kernel.util.IllegalActionException: Found a zero delay loop containing .dependencyLoop2.original
  in .dependencyLoop2 and .dependencyLoop2.original
	at ptolemy.actor.util.CausalityInterfaceForComposites._computeOutputPortDepth(CausalityInterfaceForComposites.java:759)
	at ptolemy.actor.util.CausalityInterfaceForComposites._computeInputDepth(CausalityInterfaceForComposites.java:696)
	at ptolemy.actor.util.CausalityInterfaceForComposites._computeOutputPortDepth(CausalityInterfaceForComposites.java:765)
	at ptolemy.actor.util.CausalityInterfaceForComposites._computeInputDepth(CausalityInterfaceForComposites.java:696)
	at ptolemy.actor.util.CausalityInterfaceForComposites._computeOutputPortDepth(CausalityInterfaceForComposites.java:765)
	at ptolemy.actor.util.CausalityInterfaceForComposites._computeInputDepth(CausalityInterfaceForComposites.java:696)
	at ptolemy.actor.util.CausalityInterfaceForComposites._computeActorDepth(CausalityInterfaceForComposites.java:532)
	at ptolemy.actor.util.CausalityInterfaceForComposites.checkForCycles(CausalityInterfaceForComposites.java:96)
	at ptolemy.domains.de.kernel.DEDirector.preinitialize(DEDirector.java:1338)
	at ptolemy.actor.CompositeActor.preinitialize(CompositeActor.java:1828)
	at ptolemy.actor.Manager.preinitializeAndResolveTypes(Manager.java:1040)
	at ptolemy.actor.Manager.initialize(Manager.java:710)
	at ptolemy.actor.Manager.execute(Manager.java:356)
	at ptolemy.actor.Manager.run(Manager.java:1263)
	at ptolemy.actor.Manager$PtolemyRunThread.run(Manager.java:1915)
java.lang.reflect.InvocationTargetException
	at sun.reflect.NativeConstructorAccessorImpl.newInstance0(Native Method)
	at sun.reflect.NativeConstructorAccessorImpl.newInstance(NativeConstructorAccessorImpl.java:62)
	at sun.reflect.DelegatingConstructorAccessorImpl.newInstance(DelegatingConstructorAccessorImpl.java:45)
	at java.lang.reflect.Constructor.newInstance(Constructor.java:423)
	at ptolemy.util.test.junit.AutoKnownFailedTests.RunModel(AutoKnownFailedTests.java:105)
	at sun.reflect.NativeMethodAccessorImpl.invoke0(Native Method)
	at sun.reflect.NativeMethodAccessorImpl.invoke(NativeMethodAccessorImpl.java:62)
	at sun.reflect.DelegatingMethodAccessorImpl.invoke(DelegatingMethodAccessorImpl.java:43)
	at java.lang.reflect.Method.invoke(Method.java:498)
	at org.junit.runners.model.FrameworkMethod$1.runReflectiveCall(FrameworkMethod.java:44)
	at org.junit.internal.runners.model.ReflectiveCallable.run(ReflectiveCallable.java:15)
	at org.junit.runners.model.FrameworkMethod.invokeExplosively(FrameworkMethod.java:41)
	at junitparams.internal.InvokeParameterisedMethod.evaluate(InvokeParameterisedMethod.java:102)
	at org.junit.internal.runners.statements.FailOnTimeout$1.run(FailOnTimeout.java:28)
Caused by: ptolemy.kernel.util.IllegalActionException: Found a zero delay loop containing .dependencyLoop2.original
  in .dependencyLoop2 and .dependencyLoop2.original
	at ptolemy.actor.util.CausalityInterfaceForComposites._computeOutputPortDepth(CausalityInterfaceForComposites.java:759)
	at ptolemy.actor.util.CausalityInterfaceForComposites._computeInputDepth(CausalityInterfaceForComposites.java:696)
	at ptolemy.actor.util.CausalityInterfaceForComposites._computeOutputPortDepth(CausalityInterfaceForComposites.java:765)
	at ptolemy.actor.util.CausalityInterfaceForComposites._computeInputDepth(CausalityInterfaceForComposites.java:696)
	at ptolemy.actor.util.CausalityInterfaceForComposites._computeOutputPortDepth(CausalityInterfaceForComposites.java:765)
	at ptolemy.actor.util.CausalityInterfaceForComposites._computeInputDepth(CausalityInterfaceForComposites.java:696)
	at ptolemy.actor.util.CausalityInterfaceForComposites._computeActorDepth(CausalityInterfaceForComposites.java:532)
	at ptolemy.actor.util.CausalityInterfaceForComposites.checkForCycles(CausalityInterfaceForComposites.java:96)
	at ptolemy.domains.de.kernel.DEDirector.preinitialize(DEDirector.java:1338)
	at ptolemy.actor.CompositeActor.preinitialize(CompositeActor.java:1828)
	at ptolemy.actor.Manager.preinitializeAndResolveTypes(Manager.java:1040)
	at ptolemy.actor.Manager.initialize(Manager.java:710)
	at ptolemy.actor.Manager.execute(Manager.java:356)
	at ptolemy.actor.Manager.run(Manager.java:1263)
	at ptolemy.actor.Manager$PtolemyRunThread.run(Manager.java:1915)
]]></system-err>
</testsuite>
