<?xml version="1.0" encoding="UTF-8" ?>
<testsuite errors="0" failures="1" hostname="travis-job-c3360c38-40d1-4a42-9c33-7690132deaf7" name="ptolemy.actor.lib.test.junit.JUnitTclTest" skipped="0" tests="517" time="64.403" timestamp="2019-08-04T05:22:36">
  <properties>
    <property name="npm.executable" value="npm" />
    <property name="env.TRAVIS_ROOT" value="/" />
    <property name="ptII.mk.exists" value="true" />
    <property name="env.TRAVIS_APP_HOST" value="build.travis-ci.org" />
    <property name="env.rvm_bin_path" value="/home/travis/.rvm/bin" />
    <property name="java.home" value="/usr/local/lib/jvm/openjdk11" />
    <property name="env.TRAVIS_JOB_NUMBER" value="1281.8" />
    <property name="env.TRAVIS_HOME" value="/home/travis" />
    <property name="env.DISPLAY" value=":99.0" />
    <property name="env.TRAVIS_INIT" value="systemd" />
    <property name="env.SSH_TTY" value="/dev/pts/0" />
    <property name="java.net.preferIPv4Stack" value="true" />
    <property name="env.RUN_TESTS" value="true" />
    <property name="timeout.short" value="1000000" />
    <property name="junit.formatter" value="xml" />
    <property name="env.TRAVIS_SUDO" value="true" />
    <property name="env.TRAVIS_JOB_NAME" value="" />
    <property name="env.TRAVIS_STACK_NODE_ATTRIBUTES" value="/.node-attributes.yml" />
    <property name="env.LOGNAME" value="travis" />
    <property name="env.PT_TRAVIS_TEST_CORE1_XML" value="true" />
    <property name="jsdoc.home" value="node_modules/@terraswarm/jsdoc" />
    <property name="debuglevel" value="source,lines,vars" />
    <property name="checkstyle.formatter" value="xml" />
    <property name="env._system_version" value="16.04" />
    <property name="bin.vergil.makeable" value="true" />
    <property name="sun.os.patch.level" value="unknown" />
    <property name="java.vendor.url" value="http://java.oracle.com/" />
    <property name="env.TRAVIS_BUILD_WEB_URL" value="https://travis-ci.org/icyphy/ptII/builds/567453445" />
    <property name="java.version" value="11.0.2" />
    <property name="env.TZ" value="UTC" />
    <property name="env.TRAVIS_PULL_REQUEST_SHA" value="" />
    <property name="env.PT_NO_NET" value="true" />
    <property name="env.TRAVIS_SECURE_ENV_VARS" value="true" />
    <property name="env._system_type" value="Linux" />
    <property name="java.vendor.url.bug" value="http://bugreport.java.com/bugreport/" />
    <property name="npmjs-org-is-up" value="true" />
    <property name="env.LANGUAGE" value="en_US.UTF-8" />
    <property name="env.SSH_CLIENT" value="10.24.18.7 43878 22" />
    <property name="env.GEM_HOME" value="/home/travis/.rvm/gems/ruby-2.5.3" />
    <property name="env.HAS_ANTARES_THREE_LITTLE_FRONZIES_BADGE" value="true" />
    <property name="java.version.date" value="2019-01-15" />
    <property name="env.PS4" value="+" />
    <property name="ant.project.invoked-targets" value="build,test.core1.xml" />
    <property name="env.TRAVIS_PULL_REQUEST_BRANCH" value="" />
    <property name="env.TRAVIS_REPO_SLUG" value="icyphy/ptII" />
    <property name="env.XDG_DATA_DIRS" value="/usr/local/share:/usr/share:/var/lib/snapd/desktop" />
    <property name="jdk.debug" value="release" />
    <property name="env.TRAVIS_APT_PROXY" value="http://apt.cache.travis-ci.com" />
    <property name="node.in.path" value="true" />
    <property name="user.name" value="travis" />
    <property name="java.maxmemory" value="1400m" />
    <property name="env.RUBY_VERSION" value="ruby-2.5.3" />
    <property name="env.LANG" value="en_US.UTF-8" />
    <property name="sun.io.unicode.encoding" value="UnicodeLittle" />
    <property name="sun.jnu.encoding" value="UTF-8" />
    <property name="java.runtime.name" value="OpenJDK Runtime Environment" />
    <property name="usefile" value="false" />
    <property name="return.code" value="0" />
    <property name="junit.single.formatter" value="plain" />
    <property name="env.DYLD_LIBRARY_PATH" value="/home/travis/pthla/certi-tools/lib:" />
    <property name="env.DEBIAN_FRONTEND" value="noninteractive" />
    <property name="env.SSH_CONNECTION" value="10.24.18.7 43878 10.20.0.23 22" />
    <property name="env.MYSQL_UNIX_PORT" value="/var/run/mysqld/mysqld.sock" />
    <property name="env.LC_ALL" value="en_US.UTF-8" />
    <property name="env.TRAVIS_ALLOW_FAILURE" value="false" />
    <property name="env.TRAVIS_JOB_WEB_URL" value="https://travis-ci.org/icyphy/ptII/jobs/567453461" />
    <property name="java.specification.name" value="Java Platform API Specification" />
    <property name="node.works" value="true" />
    <property name="user.timezone" value="" />
    <property name="path.separator" value=":" />
    <property name="env.TRAVIS_ENABLE_INFRA_DETECTION" value="true" />
    <property name="env.PYTHON_CFLAGS" value="-g -fstack-protector --param=ssp-buffer-size=4 -Wformat -Werror=format-security" />
    <property name="timeout.long" value="4000000" />
    <property name="env.CERTI_HOME" value="/home/travis/pthla/certi-tools" />
    <property name="ant.file.ptII" value="/home/travis/build/icyphy/ptII/build.xml" />
    <property name="javadoc.packagenames" value="com.*,diva.*,lbnl.*,org.hlacerti.*,org.json.*,org.ptolemy.*,org.terraswarm.*,ptolemy.*,ptserver.*" />
    <property name="file.encoding" value="UTF-8" />
    <property name="env.TRAVIS_PULL_REQUEST_SLUG" value="" />
    <property name="ant.project.default-target" value="build" />
    <property name="env.GIT_ASKPASS" value="echo" />
    <property name="env.HOME" value="/home/travis" />
    <property name="sun.java.command" value="org.apache.tools.ant.taskdefs.optional.junit.JUnitTestRunner ptolemy.actor.lib.test.junit.JUnitTclTest skipNonTests=false filtertrace=true haltOnError=false haltOnFailure=false formatter=org.apache.tools.ant.taskdefs.optional.junit.OutErrSummaryJUnitResultFormatter showoutput=true outputtoformatters=true logfailedtests=true threadid=0 logtestlistenerevents=false formatter=org.apache.tools.ant.taskdefs.optional.junit.XMLJUnitResultFormatter,/home/travis/build/icyphy/ptII/reports/junit/TEST-ptolemy.actor.lib.test.junit.JUnitTclTest.xml crashfile=/home/travis/build/icyphy/ptII/junitvmwatcher2750463096903644696.properties propsfile=/home/travis/build/icyphy/ptII/junit7728644635569531876.properties" />
    <property name="env.COMPOSER_NO_INTERACTION" value="1" />
    <property name="env.MANPATH" value="/home/travis/.nvm/versions/node/v7.10.1/share/man:/home/travis/.rvm/rubies/ruby-2.5.3/share/man:/usr/local/cmake-3.12.4/man:/usr/local/clang-7.0.0/share/man:/usr/local/man:/usr/local/share/man:/usr/share/man:/home/travis/.rvm/man" />
    <property name="env.TRAVIS_TIMER_ID" value="298d4b9a" />
    <property name="ant.file" value="/home/travis/build/icyphy/ptII/build.xml" />
    <property name="env.TRAVIS_COMMIT_RANGE" value="2e04c9d28f10421f6cf81bc894a35b8065757641...153fae525c03c2cc53a3ce8809572d573e8a4c4a" />
    <property name="env._system_name" value="Ubuntu" />
    <property name="ptII.classpath.optional.property" value="/home/travis/build/icyphy/ptII/lib/bsh-2.0b4.jar:/home/travis/build/icyphy/ptII/lib/ptCal.jar:/home/travis/build/icyphy/ptII/lib/java_cup.jar:/home/travis/build/icyphy/ptII/lib/saxon8.jar:/home/travis/build/icyphy/ptII/lib/saxon8-dom.jar:/home/travis/build/icyphy/ptII/lib/chic.jar:/home/travis/build/icyphy/ptII/lib/ptcolt.jar:/home/travis/build/icyphy/ptII/vendors/misc/itext/iText.jar:/home/travis/build/icyphy/ptII/lib/g4ltl.jar:/home/travis/build/icyphy/ptII/lib/StructuralCoder.jar:/home/travis/build/icyphy/ptII/lib/jcerti.jar:/home/travis/build/icyphy/ptII/lib/javax.mail.jar:/home/travis/build/icyphy/ptII/vendors/JMF-2.1.1e/lib/jmf.jar:/home/travis/build/icyphy/ptII/lib/jna-4.0.0-variadic.jar:/home/travis/build/icyphy/ptII/vendors/misc/joystick/Joystick.jar:/home/travis/build/icyphy/ptII/lib/ptjacl.jar:/home/travis/build/icyphy/ptII/lib/jsoup-1.8.2.jar:/home/travis/build/icyphy/ptII/lib/junit-4.8.2.jar:/home/travis/build/icyphy/ptII/lib/JUnitParams-0.4.0.jar:/home/travis/build/icyphy/ptII/ptolemy/actor/lib/excel/jxl.jar:/home/travis/build/icyphy/ptII/lib/jython.jar:/home/travis/build/icyphy/ptII/lib/kieler.jar:/home/travis/build/icyphy/ptII/vendors/opencv/share/OpenCV/java/opencv-341.jar:/home/travis/build/icyphy/ptII/lib/oscP5.jar:/home/travis/build/icyphy/ptII/lib/nrjavaserial-3.11.0.devel.jar:/home/travis/build/icyphy/ptII/vendors/j3d/lib/Linux/j3dcore.jar:/home/travis/build/icyphy/ptII/vendors/j3d/lib/Linux/j3dutils.jar:/home/travis/build/icyphy/ptII/vendors/j3d/lib/Linux/vecmath.jar:/home/travis/build/icyphy/ptII/vendors/jogl/lib/Linux/gluegen-rt-natives-linux-amd64.jar:/home/travis/build/icyphy/ptII/vendors/jogl/lib/Linux/gluegen-rt.jar:/home/travis/build/icyphy/ptII/vendors/jogl/lib/Linux/jogl-all-natives-linux-amd64.jar:/home/travis/build/icyphy/ptII/vendors/jogl/lib/Linux/jogl-all.jar:/home/travis/build/icyphy/ptII/ptolemy/distributed/jini/jar/jini-core.jar:/home/travis/build/icyphy/ptII/ptolemy/distributed/jini/jar/jini-ext.jar:/home/travis/build/icyphy/ptII/ptolemy/distributed/jini/jar/sun-util.jar:/home/travis/build/icyphy/ptII/lib/protobuf-java-2.4.1.jar:/home/travis/build/icyphy/ptII/lib/org.eclipse.paho.client.mqttv3.jar:/home/travis/build/icyphy/ptII/lib/mapss.jar:/home/travis/build/icyphy/ptII/ptolemy/actor/ptalon/antlr/antlr.jar:/home/travis/build/icyphy/ptII/lib/JRI.jar:/home/travis/build/icyphy/ptII/lib/commons-lang-2.6.jar:/home/travis/build/icyphy/ptII/lib/commons-logging-1.1.1.jar:/home/travis/build/icyphy/ptII/lib/sootclasses.jar:/home/travis/build/icyphy/ptII/ptolemy/actor/lib/database/mysql-connector-java-5.1.6-bin.jar:/home/travis/build/icyphy/ptII/vendors/misc/sphinx4/sphinx4-data-5prealpha.jar:/home/travis/build/icyphy/ptII/vendors/misc/sphinx4/sphinx4-core-5prealpha.jar:/home/travis/build/icyphy/ptII/lib/PDFRenderer.jar:/home/travis/build/icyphy/ptII/lib/svgSalamander.jar:/home/travis/build/icyphy/ptII/lib/rsyntaxtextarea-2.6.0-SNAPSHOT.jar:/home/travis/build/icyphy/ptII/lib/hazelcast-3.8.2.jar:/home/travis/build/icyphy/ptII/lib/jackson-annotations-2.9.0.jar:/home/travis/build/icyphy/ptII/lib/jackson-core-2.9.3.jar:/home/travis/build/icyphy/ptII/lib/jackson-databind-2.9.3.jar:/home/travis/build/icyphy/ptII/lib/netty-buffer-4.1.19.Final.jar:/home/travis/build/icyphy/ptII/lib/netty-codec-4.1.19.Final.jar:/home/travis/build/icyphy/ptII/lib/netty-codec-dns-4.1.19.Final.jar:/home/travis/build/icyphy/ptII/lib/netty-codec-http-4.1.19.Final.jar:/home/travis/build/icyphy/ptII/lib/netty-codec-http2-4.1.19.Final.jar:/home/travis/build/icyphy/ptII/lib/netty-common-4.1.19.Final.jar:/home/travis/build/icyphy/ptII/lib/netty-handler-4.1.19.Final.jar:/home/travis/build/icyphy/ptII/lib/netty-resolver-4.1.19.Final.jar:/home/travis/build/icyphy/ptII/lib/netty-resolver-dns-4.1.19.Final.jar:/home/travis/build/icyphy/ptII/lib/netty-transport-4.1.19.Final.jar:/home/travis/build/icyphy/ptII/lib/vertx-codegen-3.5.1.jar:/home/travis/build/icyphy/ptII/lib/vertx-core-3.5.2-SNAPSHOT.jar:/home/travis/build/icyphy/ptII/lib/vertx-hazelcast-3.5.1.jar:/home/travis/build/icyphy/ptII/lib/vertx-lang-js-3.5.1.jar:/home/travis/build/icyphy/ptII/lib/vertx-service-proxy-3.5.1.jar:/home/travis/build/icyphy/ptII/lib/vertx-web-3.5.1.jar:/home/travis/build/icyphy/ptII/lib/slf4j-api-1.7.13.jar:/home/travis/build/icyphy/ptII/lib/slf4j-simple-1.7.13.jar:/home/travis/build/icyphy/ptII/lib/webcam-capture-0.3.12.jar:/home/travis/build/icyphy/ptII/lib/bridj-0.7.0.jar:/home/travis/build/icyphy/ptII/lib/xbjlib-1.1.0.nrjavaserial.jar" />
    <property name="timeout" value="2400000" />
    <property name="test.batch" value="**/junit/*.java" />
    <property name="env._" value="/usr/bin/timeout" />
    <property name="java.io.tmpdir" value="/tmp" />
    <property name="user.language" value="en" />
    <property name="env.TRAVIS_INTERNAL_RUBY_REGEX" value="^ruby-(2\.[0-4]\.[0-9]|1\.9\.3)" />
    <property name="env.HISTCONTROL" value="ignoredups:ignorespace" />
    <property name="env.GOROOT" value="/home/travis/.gimme/versions/go1.11.1.linux.amd64" />
    <property name="line.separator" value="&#xa;" />
    <property name="target" value="11" />
    <property name="env.TRAVIS_BUILD_DIR" value="/home/travis/build/icyphy/ptII" />
    <property name="env.ANT_OPTS" value="-Xmx2048m" />
    <property name="ant.file.type" value="file" />
    <property name="ptolemy.ptII.batchMode" value="true" />
    <property name="env.HISTSIZE" value="1000" />
    <property name="env.MERB_ENV" value="test" />
    <property name="java.vm.info" value="mixed mode" />
    <property name="source" value="11" />
    <property name="java.vm.specification.name" value="Java Virtual Machine Specification" />
    <property name="env.TRAVIS_TEST_RESULT" value="0" />
    <property name="jsdoc.command" value="node_modules/@terraswarm/jsdoc/jsdoc.js" />
    <property name="npm.works" value="true" />
    <property name="cobertura.dir" value="/home/travis/build/icyphy/ptII/vendors/cobertura-2.0.3" />
    <property name="jsdoc.command.exists" value="true" />
    <property name="env.rvm_path" value="/home/travis/.rvm" />
    <property name="env.GEM_PATH" value="/home/travis/.rvm/gems/ruby-2.5.3:/home/travis/.rvm/gems/ruby-2.5.3@global" />
    <property name="env.LC_CTYPE" value="en_US.UTF-8" />
    <property name="env.TRAVIS_CMD" value="$PTII/bin/ptIITravisBuild.sh $SECONDS" />
    <property name="java.awt.printerjob" value="sun.print.PSPrinterJob" />
    <property name="env.TRAVIS_STACK_NAME" value="sardonyx" />
    <property name="env.TRAVIS_TIMER_START_TIME" value="1564895440341500753" />
    <property name="ant.version" value="Apache Ant(TM) version 1.10.1 compiled on February 2 2017" />
    <property name="ptII.reports" value="/home/travis/build/icyphy/ptII/reports" />
    <property name="env.TRAVIS_STACK_TIMESTAMP" value="2019-03-25 16:16:56 UTC" />
    <property name="ant.file.type.ptII" value="file" />
    <property name="env.RBENV_SHELL" value="bash" />
    <property name="os.name" value="Linux" />
    <property name="java.specification.vendor" value="Oracle Corporation" />
    <property name="env.rvm_version" value="1.29.7 (latest)" />
    <property name="env.TRAVIS_INFRA" value="unknown" />
    <property name="env.TERM" value="xterm" />
    <property name="java.vm.name" value="OpenJDK 64-Bit Server VM" />
    <property name="env.TRAVIS_BUILD_NUMBER" value="1281" />
    <property name="env.CI" value="true" />
    <property name="java.library.path" value="/home/travis/pthla/certi-tools/lib:/usr/lib/jni:/usr/local/share/OpenCV/java/:/usr/share/OpenCV/java::/usr/java/packages/lib:/usr/lib64:/lib64:/lib:/usr/lib" />
    <property name="jdk.module.path" value="/home/travis/build/icyphy/ptII/vendors/javafx/javafx-sdk-11.0.2/lib:" />
    <property name="env.rvm_prefix" value="/home/travis" />
    <property name="env.PATH" value="/home/travis/pthla/certi-tools/share/scripts:/home/travis/.rvm/gems/ruby-2.5.3/bin:/home/travis/.rvm/gems/ruby-2.5.3@global/bin:/home/travis/.rvm/rubies/ruby-2.5.3/bin:/home/travis/.rvm/bin:/home/travis/.nvm/versions/node/v7.10.1/bin:./node_modules/.bin:/home/travis/build/icyphy/ptII/bin:/home/travis/pthla/certi-tools/bin:/home/travis/bin:/home/travis/.local/bin:/usr/local/lib/jvm/openjdk11/bin:/opt/pyenv/shims:/home/travis/.phpenv/shims:/home/travis/perl5/perlbrew/bin:/home/travis/gopath/bin:/home/travis/.gimme/versions/go1.11.1.linux.amd64/bin:/usr/local/maven-3.6.0/bin:/usr/local/cmake-3.12.4/bin:/usr/local/clang-7.0.0/bin:/usr/local/sbin:/usr/local/bin:/usr/sbin:/usr/bin:/sbin:/bin:/snap/bin:/home/travis/.phpenv/bin:/opt/pyenv/bin:/home/travis/.yarn/bin" />
    <property name="env.TRAVIS_OS_NAME" value="linux" />
    <property name="ant.java.version" value="9" />
    <property name="basedir" value="/home/travis/build/icyphy/ptII" />
    <property name="java.class.version" value="55.0" />
    <property name="env.SHLVL" value="3" />
    <property name="env.LD_LIBRARY_PATH" value="/home/travis/pthla/certi-tools/lib:/usr/lib/jni:/usr/local/share/OpenCV/java/:/usr/share/OpenCV/java:" />
    <property name="env.RACK_ENV" value="test" />
    <property name="ant.home" value="/home/travis/build/icyphy/ptII/ant" />
    <property name="env.NVM_DIR" value="/home/travis/.nvm" />
    <property name="env.CERTI_FOM_PATH" value="/home/travis/pthla/certi-tools/share/federations" />
    <property name="env.TRAVIS_BUILD_ID" value="567453445" />
    <property name="env.PYENV_ROOT" value="/opt/pyenv" />
    <property name="env.TRAVIS_UID" value="2000" />
    <property name="prism.verbose" value="true" />
    <property name="env.NVM_BIN" value="/home/travis/.nvm/versions/node/v7.10.1/bin" />
    <property name="env.TRAVIS_COMMIT" value="153fae525c03c2cc53a3ce8809572d573e8a4c4a" />
    <property name="env._system_arch" value="x86_64" />
    <property name="node.executable" value="node" />
    <property name="sun.boot.library.path" value="/usr/local/lib/jvm/openjdk11/lib" />
    <property name="sun.management.compiler" value="HotSpot 64-Bit Tiered Compilers" />
    <property name="java.awt.graphicsenv" value="sun.awt.X11GraphicsEnvironment" />
    <property name="env.GOPATH" value="/home/travis/gopath" />
    <property name="ptolemy.ptII.dir" value="/home/travis/build/icyphy/ptII" />
    <property name="env.USER" value="travis" />
    <property name="env.HISTFILESIZE" value="2000" />
    <property name="timeout.longest" value="19000000" />
    <property name="env.PERLBREW_SHELLRC_VERSION" value="0.86" />
    <property name="env.TRAVIS_STACK_FEATURES" value="basic couchdb disabled-ipv6 docker docker-compose elasticsearch firefox go-toolchain google-chrome jdk memcached mongodb mysql nodejs_interpreter perl_interpreter perlbrew phantomjs postgresql python_interpreter redis ruby_interpreter sqlite xserver" />
    <property name="env.TRAVIS_PULL_REQUEST" value="false" />
    <property name="env.PYENV_SHELL" value="bash" />
    <property name="ant.project.name" value="ptII" />
    <property name="env.ANSI_RESET" value="\033[0m" />
    <property name="java.vm.specification.version" value="11" />
    <property name="env.TRAVIS_DIST" value="xenial" />
    <property name="env.CERTI_VERSION" value="4.0.0" />
    <property name="env.CERTI_HOST" value="localhost" />
    <property name="awt.toolkit" value="sun.awt.X11.XToolkit" />
    <property name="env.MY_RUBY_HOME" value="/home/travis/.rvm/rubies/ruby-2.5.3" />
    <property name="sun.cpu.isalist" value="" />
    <property name="env.TRAVIS_TMPDIR" value="/tmp/tmp.s107cD3PBB" />
    <property name="java.vm.compressedOopsMode" value="Zero based" />
    <property name="os.version" value="4.15.0-1028-gcp" />
    <property name="user.home" value="/home/travis" />
    <property name="java.vm.vendor" value="Oracle Corporation" />
    <property name="env.TRAVIS_TAG" value="nightly" />
    <property name="env.ANSI_YELLOW" value="\033[33;1m" />
    <property name="env.TRAVIS_FILTERED" value="redirect_io" />
    <property name="env.ANSI_GREEN" value="\033[32;1m" />
    <property name="env.JAVA_HOME" value="/usr/local/lib/jvm/openjdk11" />
    <property name="javadoc.excludepackagenames" value="adm.cvs2svn.*,build.*,config.*,doc.coding.templates.*,jni.test.jni.meaningOfLife.*,jni.test.jni.testDeux.*,jni.test.jni.testTrois.*,org.terraswarm.accessor.accessors.web.node_modules.*,org.terraswarm.accessor.accessors.web.hosts.cordova.demo.*,org.terraswarm.accessor.accessors.web.hosts.cordova.plugins.*,org.terraswarm.accessor.accessors-svn.*,pt-modules.*,ptolemy.apps.agilent.*,ptolemy.apps.anytimecontrol.*,ptolemy.apps.apes.*,ptolemy.apps.charon.*,ptolemy.apps.crazyboard.*,ptolemy.apps.eclipse.*,ptolemy.apps.etherealSting.*,ptolemy.apps.fullscreen.*,ptolemy.apps.giotto.*,ptolemy.apps.ia.*,ptolemy.apps.interfaces.*,ptolemy.apps.jmf.*,ptolemy.apps.kurt.*,ptolemy.apps.kvm.*,ptolemy.apps.lego.*,ptolemy.apps.lejos.*,ptolemy.apps.midp.*,ptolemy.apps.mobileCoding.*,ptolemy.apps.pendulum.*,ptolemy.apps.rijndael.*,ptolemy.apps.robot.*,ptolemy.apps.security.*,ptolemy.apps.sobel.*,ptolemy.apps.soot.*,ptolemy.apps.throttle.*,ptolemy.apps.tini.*,ptolemy.apps.transmission.*,ptolemy.apps.vergil.*,ptolemy.apps.waba.*,ptolemy.apps.websensor.*,ptolemy.apps.webstart.*,ptolemy.apps.xsl.*,ptolemy.apps.zaurus.*,ptolemy.codegen.c.actor.lib.oldJavaFiles.*,ptolemy.codegen.dsp.lib.*,ptolemy.codegen.kernel.newInterfaces.*,ptolemy.codegen.lib.*,ptolemy.copernicus.kernel.fragment.*,ptolemy.copernicus.shallow.cg.*,ptolemy.domains.giotto.demo.Hierarchy.Hierarchy.*,ptolemy.domains.giotto.demo.Multimode.Multimode.*,ptolemy.domains.giotto.demo.Simple.Simple.*,ptolemy.domains.gr.lib.experimental.*,ptolemy.domains.gro.*,ptolemy.domains.pdf.*,ptolemy.domains.ptinyos.demo.Surge.output.*,ptolemy.moml.test.NoPackageActor.java*,ptolemy.plot.adm.*,ptolemy.plot.servlet.*,reports.*,signed.*,src.*,target.*,vendors.*,ptolemy.copernicus.applet.*,ptolemy.media.viewer.*,ptolemy.actor.corba.*,doc.doclets.*,ptolemy.apps.eclipse.awt.*,ptolemy.backtrack.*,ptolemy.backtrack.ast.*,ptolemy.cg.adapter.generic.program.procedural.c.mbed*,ptolemy.homer.*,ptolemy.actor.lib.jai.*,org.ptolemy.scala.*,diva.util.java2d.svg.*,ptolemy.domains.ptinyos.*,ptolemy.actor.lib.fmi.fmipp.*,,org.terraswarm.accessor.accessors.web.node_modules.*,org.terraswarm.accessor.accessors-svn,ptolemy.apps.*,ptolemy.actor.ptalon.demo.ptinyos.SendAndReceiveCnt.output,ptolemy.actor.ptalon.demo.ptinyos.SenseToLeds.output,ptolemy.domains.ptinyos.demo.CntToLedsAndRfm.output,ptolemy.domains.ptinyos.demo.RfmToLeds.output,ptolemy.domains.ptinyos.demo.SendAndReceiveCnt.output,ptolemy.domains.ptinyos.demo.SenseToLeds.output,ptolemy.actor.lib.jjs.modules.udpSocket.*" />
    <property name="env.PTII" value="/home/travis/build/icyphy/ptII" />
    <property name="env.XDG_SESSION_ID" value="2" />
    <property name="keystore" value="ptKeystore" />
    <property name="env.TRAVIS_COMMIT_MESSAGE" value="No longer display top output." />
    <property name="junit.output.dir" value="/home/travis/build/icyphy/ptII/reports/junit" />
    <property name="npm.return.code" value="0" />
    <property name="user.dir" value="/home/travis/build/icyphy/ptII/ptolemy/actor/lib/test" />
    <property name="env.TRAVIS_NODE_VERSION" value="7" />
    <property name="env.TRAVIS_EVENT_TYPE" value="cron" />
    <property name="env.MAIL" value="/var/mail/travis" />
    <property name="env.PERLBREW_ROOT" value="/home/travis/perl5/perlbrew" />
    <property name="env.PWD" value="/home/travis/build/icyphy/ptII" />
    <property name="timeout.npm" value="45000" />
    <property name="env.TRAVIS_ARCH" value="amd64" />
    <property name="sun.cpu.endian" value="little" />
    <property name="env.PAGER" value="cat" />
    <property name="env.TRAVIS_BUILD_STAGE_NAME" value="Test" />
    <property name="env.PERLBREW_HOME" value="/home/travis/.perlbrew" />
    <property name="java.vm.version" value="11.0.2+9" />
    <property name="env.RAILS_ENV" value="test" />
    <property name="java.class.path" value="/home/travis/.ptolemyII:/home/travis/.ptolemyII/*:/home/travis/build/icyphy/ptII:/home/travis/build/icyphy/ptII/lib/bsh-2.0b4.jar:/home/travis/build/icyphy/ptII/lib/ptCal.jar:/home/travis/build/icyphy/ptII/lib/java_cup.jar:/home/travis/build/icyphy/ptII/lib/saxon8.jar:/home/travis/build/icyphy/ptII/lib/saxon8-dom.jar:/home/travis/build/icyphy/ptII/lib/chic.jar:/home/travis/build/icyphy/ptII/lib/ptcolt.jar:/home/travis/build/icyphy/ptII/vendors/misc/itext/iText.jar:/home/travis/build/icyphy/ptII/lib/g4ltl.jar:/home/travis/build/icyphy/ptII/lib/StructuralCoder.jar:/home/travis/build/icyphy/ptII/lib/jcerti.jar:/home/travis/build/icyphy/ptII/lib/javax.mail.jar:/home/travis/build/icyphy/ptII/vendors/JMF-2.1.1e/lib/jmf.jar:/home/travis/build/icyphy/ptII/lib/jna-4.0.0-variadic.jar:/home/travis/build/icyphy/ptII/vendors/misc/joystick/Joystick.jar:/home/travis/build/icyphy/ptII/lib/ptjacl.jar:/home/travis/build/icyphy/ptII/lib/jsoup-1.8.2.jar:/home/travis/build/icyphy/ptII/lib/junit-4.8.2.jar:/home/travis/build/icyphy/ptII/lib/JUnitParams-0.4.0.jar:/home/travis/build/icyphy/ptII/ptolemy/actor/lib/excel/jxl.jar:/home/travis/build/icyphy/ptII/lib/jython.jar:/home/travis/build/icyphy/ptII/lib/kieler.jar:/home/travis/build/icyphy/ptII/vendors/opencv/share/OpenCV/java/opencv-341.jar:/home/travis/build/icyphy/ptII/lib/oscP5.jar:/home/travis/build/icyphy/ptII/lib/nrjavaserial-3.11.0.devel.jar:/home/travis/build/icyphy/ptII/vendors/j3d/lib/Linux/j3dcore.jar:/home/travis/build/icyphy/ptII/vendors/j3d/lib/Linux/j3dutils.jar:/home/travis/build/icyphy/ptII/vendors/j3d/lib/Linux/vecmath.jar:/home/travis/build/icyphy/ptII/vendors/jogl/lib/Linux/gluegen-rt-natives-linux-amd64.jar:/home/travis/build/icyphy/ptII/vendors/jogl/lib/Linux/gluegen-rt.jar:/home/travis/build/icyphy/ptII/vendors/jogl/lib/Linux/jogl-all-natives-linux-amd64.jar:/home/travis/build/icyphy/ptII/vendors/jogl/lib/Linux/jogl-all.jar:/home/travis/build/icyphy/ptII/ptolemy/distributed/jini/jar/jini-core.jar:/home/travis/build/icyphy/ptII/ptolemy/distributed/jini/jar/jini-ext.jar:/home/travis/build/icyphy/ptII/ptolemy/distributed/jini/jar/sun-util.jar:/home/travis/build/icyphy/ptII/lib/protobuf-java-2.4.1.jar:/home/travis/build/icyphy/ptII/lib/org.eclipse.paho.client.mqttv3.jar:/home/travis/build/icyphy/ptII/lib/mapss.jar:/home/travis/build/icyphy/ptII/ptolemy/actor/ptalon/antlr/antlr.jar:/home/travis/build/icyphy/ptII/lib/JRI.jar:/home/travis/build/icyphy/ptII/lib/commons-lang-2.6.jar:/home/travis/build/icyphy/ptII/lib/commons-logging-1.1.1.jar:/home/travis/build/icyphy/ptII/lib/sootclasses.jar:/home/travis/build/icyphy/ptII/ptolemy/actor/lib/database/mysql-connector-java-5.1.6-bin.jar:/home/travis/build/icyphy/ptII/vendors/misc/sphinx4/sphinx4-data-5prealpha.jar:/home/travis/build/icyphy/ptII/vendors/misc/sphinx4/sphinx4-core-5prealpha.jar:/home/travis/build/icyphy/ptII/lib/PDFRenderer.jar:/home/travis/build/icyphy/ptII/lib/svgSalamander.jar:/home/travis/build/icyphy/ptII/lib/rsyntaxtextarea-2.6.0-SNAPSHOT.jar:/home/travis/build/icyphy/ptII/lib/hazelcast-3.8.2.jar:/home/travis/build/icyphy/ptII/lib/jackson-annotations-2.9.0.jar:/home/travis/build/icyphy/ptII/lib/jackson-core-2.9.3.jar:/home/travis/build/icyphy/ptII/lib/jackson-databind-2.9.3.jar:/home/travis/build/icyphy/ptII/lib/netty-buffer-4.1.19.Final.jar:/home/travis/build/icyphy/ptII/lib/netty-codec-4.1.19.Final.jar:/home/travis/build/icyphy/ptII/lib/netty-codec-dns-4.1.19.Final.jar:/home/travis/build/icyphy/ptII/lib/netty-codec-http-4.1.19.Final.jar:/home/travis/build/icyphy/ptII/lib/netty-codec-http2-4.1.19.Final.jar:/home/travis/build/icyphy/ptII/lib/netty-common-4.1.19.Final.jar:/home/travis/build/icyphy/ptII/lib/netty-handler-4.1.19.Final.jar:/home/travis/build/icyphy/ptII/lib/netty-resolver-4.1.19.Final.jar:/home/travis/build/icyphy/ptII/lib/netty-resolver-dns-4.1.19.Final.jar:/home/travis/build/icyphy/ptII/lib/netty-transport-4.1.19.Final.jar:/home/travis/build/icyphy/ptII/lib/vertx-codegen-3.5.1.jar:/home/travis/build/icyphy/ptII/lib/vertx-core-3.5.2-SNAPSHOT.jar:/home/travis/build/icyphy/ptII/lib/vertx-hazelcast-3.5.1.jar:/home/travis/build/icyphy/ptII/lib/vertx-lang-js-3.5.1.jar:/home/travis/build/icyphy/ptII/lib/vertx-service-proxy-3.5.1.jar:/home/travis/build/icyphy/ptII/lib/vertx-web-3.5.1.jar:/home/travis/build/icyphy/ptII/lib/slf4j-api-1.7.13.jar:/home/travis/build/icyphy/ptII/lib/slf4j-simple-1.7.13.jar:/home/travis/build/icyphy/ptII/lib/webcam-capture-0.3.12.jar:/home/travis/build/icyphy/ptII/lib/bridj-0.7.0.jar:/home/travis/build/icyphy/ptII/lib/xbjlib-1.1.0.nrjavaserial.jar:/home/travis/build/icyphy/ptII/ptolemy/moml/test:/home/travis/build/icyphy/ptII/ant/lib/ant-launcher.jar:/home/travis/build/icyphy/ptII/ant/lib/ant.jar:/home/travis/build/icyphy/ptII/ant/lib/ant-junit.jar:/home/travis/build/icyphy/ptII/ant/lib/ant-junit4.jar" />
    <property name="ant.library.dir" value="/home/travis/build/icyphy/ptII/ant/lib" />
    <property name="os.arch" value="amd64" />
    <property name="env.CONTINUOUS_INTEGRATION" value="true" />
    <property name="env.TRAVIS_LANGUAGE" value="node_js" />
    <property name="env.TRAVIS_STACK_LANGUAGES" value="__sardonyx__ c c++ clojure cplusplus cpp default generic go groovy java node_js php pure_java python ruby scala" />
    <property name="test.name" value="ptolemy.actor.lib.test.junit.JUnitTclTest" />
    <property name="env.APT_KEY_DONT_WARN_ON_DANGEROUS_USAGE" value="1" />
    <property name="sun.java.launcher" value="SUN_STANDARD" />
    <property name="env.PYTHON_CONFIGURE_OPTS" value="--enable-unicode=ucs4 --with-wide-unicode --enable-shared --enable-ipv6 --enable-loadable-sqlite-extensions --with-computed-gotos" />
    <property name="ant.core.lib" value="/home/travis/build/icyphy/ptII/ant/lib/ant.jar" />
    <property name="java.vm.specification.vendor" value="Oracle Corporation" />
    <property name="env.BCVTB_HOME" value="/home/travis/build/icyphy/ptII/lbnl" />
    <property name="file.separator" value="/" />
    <property name="spotbugs.home" value="/home/travis/build/icyphy/ptII/vendors/spotbugs-3.1.1" />
    <property name="java.runtime.version" value="11.0.2+9" />
    <property name="env.ANSI_CLEAR" value="\033[0K" />
    <property name="javafx.verbose" value="true" />
    <property name="env.HAS_JOSH_K_SEAL_OF_APPROVAL" value="true" />
    <property name="env.XDG_RUNTIME_DIR" value="/run/user/2000" />
    <property name="env.TRAVIS_OSX_IMAGE" value="" />
    <property name="env.TRAVIS_JOB_ID" value="567453461" />
    <property name="env.TRAVIS_BRANCH" value="master" />
    <property name="user.country" value="US" />
    <property name="env.CERTI_HOME_TRAVIS" value="/home/travis/pthla/certi-tools" />
    <property name="env.SHELL" value="/bin/bash" />
    <property name="java.maxmemory.large" value="3200m" />
    <property name="model" value="" />
    <property name="env.CASHER_DIR" value="/home/travis/.casher" />
    <property name="env.NVM_CD_FLAGS" value="" />
    <property name="java.vendor.version" value="18.9" />
    <property name="jshint.executable" value="/home/travis/node_modules/jshint/bin/jshint" />
    <property name="env.JRUBY_OPTS" value=" --client -J-XX:+TieredCompilation -J-XX:TieredStopAtLevel=1 -J-Xss2m -Xcompile.invokedynamic=false" />
    <property name="java.vendor" value="Oracle Corporation" />
    <property name="env.TRAVIS_PRE_CHEF_BOOTSTRAP_TIME" value="2019-03-25T16:16:42" />
    <property name="env.TRAVIS_STACK_JOB_BOARD_REGISTER" value="/.job-board-register.yml" />
    <property name="env.ANSI_RED" value="\033[31;1m" />
    <property name="java.specification.version" value="11" />
    <property name="env.IRBRC" value="/home/travis/.rvm/rubies/ruby-2.5.3/.irbrc" />
    <property name="env.TRAVIS" value="true" />
    <property name="sun.arch.data.model" value="64" />
  </properties>
  <testcase classname="ptolemy.util.test.junit.TclTests" name="[0] /home/travis/build/icyphy/ptII/ptolemy/actor/lib/test/AbsoluteValue.tcl (RunTclFile)" time="0.531" />
  <testcase classname="ptolemy.util.test.junit.TclTests" name="[1] /home/travis/build/icyphy/ptII/ptolemy/actor/lib/test/AddSubtract.tcl (RunTclFile)" time="0.113" />
  <testcase classname="ptolemy.util.test.junit.TclTests" name="[2] /home/travis/build/icyphy/ptII/ptolemy/actor/lib/test/Average.tcl (RunTclFile)" time="0.036" />
  <testcase classname="ptolemy.util.test.junit.TclTests" name="[3] /home/travis/build/icyphy/ptII/ptolemy/actor/lib/test/Bernoulli.tcl (RunTclFile)" time="0.047" />
  <testcase classname="ptolemy.util.test.junit.TclTests" name="[4] /home/travis/build/icyphy/ptII/ptolemy/actor/lib/test/Clock.tcl (RunTclFile)" time="0.095" />
  <testcase classname="ptolemy.util.test.junit.TclTests" name="[5] /home/travis/build/icyphy/ptII/ptolemy/actor/lib/test/Commutator.tcl (RunTclFile)" time="0.178" />
  <testcase classname="ptolemy.util.test.junit.TclTests" name="[6] /home/travis/build/icyphy/ptII/ptolemy/actor/lib/test/Const.tcl (RunTclFile)" time="0.151" />
  <testcase classname="ptolemy.util.test.junit.TclTests" name="[7] /home/travis/build/icyphy/ptII/ptolemy/actor/lib/test/CurrentTime.tcl (RunTclFile)" time="0.049" />
  <testcase classname="ptolemy.util.test.junit.TclTests" name="[8] /home/travis/build/icyphy/ptII/ptolemy/actor/lib/test/DB.tcl (RunTclFile)" time="0.106" />
  <testcase classname="ptolemy.util.test.junit.TclTests" name="[9] /home/travis/build/icyphy/ptII/ptolemy/actor/lib/test/DiscreteRandomSource.tcl (RunTclFile)" time="0.025" />
  <testcase classname="ptolemy.util.test.junit.TclTests" name="[10] /home/travis/build/icyphy/ptII/ptolemy/actor/lib/test/Distributor.tcl (RunTclFile)" time="0.04" />
  <testcase classname="ptolemy.util.test.junit.TclTests" name="[11] /home/travis/build/icyphy/ptII/ptolemy/actor/lib/test/Exit.tcl (RunTclFile)" time="0.135" />
  <testcase classname="ptolemy.util.test.junit.TclTests" name="[12] /home/travis/build/icyphy/ptII/ptolemy/actor/lib/test/Expression.tcl (RunTclFile)" time="0.142" />
  <testcase classname="ptolemy.util.test.junit.TclTests" name="[13] /home/travis/build/icyphy/ptII/ptolemy/actor/lib/test/Gaussian.tcl (RunTclFile)" time="0.306" />
  <testcase classname="ptolemy.util.test.junit.TclTests" name="[14] /home/travis/build/icyphy/ptII/ptolemy/actor/lib/test/IIR.tcl (RunTclFile)" time="0.023" />
  <testcase classname="ptolemy.util.test.junit.TclTests" name="[15] /home/travis/build/icyphy/ptII/ptolemy/actor/lib/test/Interpolator.tcl (RunTclFile)" time="0.058" />
  <testcase classname="ptolemy.util.test.junit.TclTests" name="[16] /home/travis/build/icyphy/ptII/ptolemy/actor/lib/test/MathFunction.tcl (RunTclFile)" time="0.096" />
  <testcase classname="ptolemy.util.test.junit.TclTests" name="[17] /home/travis/build/icyphy/ptII/ptolemy/actor/lib/test/Maximum.tcl (RunTclFile)" time="0.028" />
  <testcase classname="ptolemy.util.test.junit.TclTests" name="[18] /home/travis/build/icyphy/ptII/ptolemy/actor/lib/test/Minimum.tcl (RunTclFile)" time="0.035" />
  <testcase classname="ptolemy.util.test.junit.TclTests" name="[19] /home/travis/build/icyphy/ptII/ptolemy/actor/lib/test/MultiplyDivide.tcl (RunTclFile)" time="0.049" />
  <testcase classname="ptolemy.util.test.junit.TclTests" name="[20] /home/travis/build/icyphy/ptII/ptolemy/actor/lib/test/OrderedMerge.tcl (RunTclFile)" time="0.111" />
  <testcase classname="ptolemy.util.test.junit.TclTests" name="[21] /home/travis/build/icyphy/ptII/ptolemy/actor/lib/test/Publisher.tcl (RunTclFile)" time="0.964" />
  <testcase classname="ptolemy.util.test.junit.TclTests" name="[22] /home/travis/build/icyphy/ptII/ptolemy/actor/lib/test/Pulse.tcl (RunTclFile)" time="0.084" />
  <testcase classname="ptolemy.util.test.junit.TclTests" name="[23] /home/travis/build/icyphy/ptII/ptolemy/actor/lib/test/Ramp.tcl (RunTclFile)" time="2.371" />
  <testcase classname="ptolemy.util.test.junit.TclTests" name="[24] /home/travis/build/icyphy/ptII/ptolemy/actor/lib/test/RampContinuous.tcl (RunTclFile)" time="0.02" />
  <testcase classname="ptolemy.util.test.junit.TclTests" name="[25] /home/travis/build/icyphy/ptII/ptolemy/actor/lib/test/RecordAssembler.tcl (RunTclFile)" time="0.018" />
  <testcase classname="ptolemy.util.test.junit.TclTests" name="[26] /home/travis/build/icyphy/ptII/ptolemy/actor/lib/test/RecordDisassembler.tcl (RunTclFile)" time="0.036" />
  <testcase classname="ptolemy.util.test.junit.TclTests" name="[27] /home/travis/build/icyphy/ptII/ptolemy/actor/lib/test/Scale.tcl (RunTclFile)" time="0.027" />
  <testcase classname="ptolemy.util.test.junit.TclTests" name="[28] /home/travis/build/icyphy/ptII/ptolemy/actor/lib/test/SequentialClock.tcl (RunTclFile)" time="0.021" />
  <testcase classname="ptolemy.util.test.junit.TclTests" name="[29] /home/travis/build/icyphy/ptII/ptolemy/actor/lib/test/SetVariable.tcl (RunTclFile)" time="0.027">
    <failure message="Number of failed tests is has increased. expected:&lt;0&gt; but was:&lt;1&gt;" type="junit.framework.AssertionFailedError">junit.framework.AssertionFailedError: Number of failed tests is has increased. expected:&lt;0&gt; but was:&lt;1&gt;
	at ptolemy.util.test.junit.TclTests.RunTclFile(TclTests.java:286)
	at jdk.internal.reflect.GeneratedMethodAccessor19.invoke(Unknown Source)
	at java.base/jdk.internal.reflect.DelegatingMethodAccessorImpl.invoke(DelegatingMethodAccessorImpl.java:43)
	at junitparams.internal.InvokeParameterisedMethod.evaluate(InvokeParameterisedMethod.java:102)
	at junitparams.internal.ParameterisedTestMethodRunner.runMethodInvoker(ParameterisedTestMethodRunner.java:47)
	at junitparams.internal.ParameterisedTestMethodRunner.runTestMethod(ParameterisedTestMethodRunner.java:41)
	at junitparams.internal.ParameterisedTestClassRunner.runParameterisedTest(ParameterisedTestClassRunner.java:143)
	at junitparams.JUnitParamsRunner.runChild(JUnitParamsRunner.java:237)
	at junitparams.JUnitParamsRunner.runChild(JUnitParamsRunner.java:215)
</failure>
  </testcase>
  <testcase classname="ptolemy.util.test.junit.TclTests" name="[30] /home/travis/build/icyphy/ptII/ptolemy/actor/lib/test/Sinewave.tcl (RunTclFile)" time="0.057" />
  <testcase classname="ptolemy.util.test.junit.TclTests" name="[31] /home/travis/build/icyphy/ptII/ptolemy/actor/lib/test/SubscriptionAggregator.tcl (RunTclFile)" time="2.319" />
  <testcase classname="ptolemy.util.test.junit.TclTests" name="[32] /home/travis/build/icyphy/ptII/ptolemy/actor/lib/test/Test.tcl (RunTclFile)" time="0.139" />
  <testcase classname="ptolemy.util.test.junit.TclTests" name="[33] /home/travis/build/icyphy/ptII/ptolemy/actor/lib/test/TestExceptionHandler.tcl (RunTclFile)" time="0.013" />
  <testcase classname="ptolemy.util.test.junit.TclTests" name="[34] /home/travis/build/icyphy/ptII/ptolemy/actor/lib/test/UnionDisassembler.tcl (RunTclFile)" time="0.063" />
  <testcase classname="ptolemy.util.test.junit.TclTests" name="[35] /home/travis/build/icyphy/ptII/ptolemy/actor/lib/test/VariableClock.tcl (RunTclFile)" time="0.027" />
  <testcase classname="ptolemy.util.test.junit.AutoKnownFailedTests" name="[0] /home/travis/build/icyphy/ptII/ptolemy/actor/lib/test/auto/knownFailedTests/PublisherPortToplevelSubscriber.xml (RunModel)" time="0.031" />
  <testcase classname="ptolemy.util.test.junit.AutoKnownFailedTests" name="[1] /home/travis/build/icyphy/ptII/ptolemy/actor/lib/test/auto/knownFailedTests/PublisherSubscriberPortToplevel.xml (RunModel)" time="0.097" />
  <testcase classname="ptolemy.util.test.junit.AutoKnownFailedTests" name="[2] /home/travis/build/icyphy/ptII/ptolemy/actor/lib/test/auto/knownFailedTests/PublisherSubscriptionAggregatorPort.xml (RunModel)" time="0.024" />
  <testcase classname="ptolemy.util.test.junit.AutoKnownFailedTests" name="[3] /home/travis/build/icyphy/ptII/ptolemy/actor/lib/test/auto/knownFailedTests/sizedarray3.xml (RunModel)" time="0.025" />
  <testcase classname="ptolemy.util.test.junit.AutoNameArchTests" name="[0] ThereAreNoAutoArchTests (RunModel)" time="0.014" />
  <testcase classname="ptolemy.util.test.junit.AutoTests" name="[0] /home/travis/build/icyphy/ptII/ptolemy/actor/lib/test/auto/AbsoluteValue.xml (RunModel)" time="0.073" />
  <testcase classname="ptolemy.util.test.junit.AutoTests" name="[1] /home/travis/build/icyphy/ptII/ptolemy/actor/lib/test/auto/AbsoluteValue2.xml (RunModel)" time="0.058" />
  <testcase classname="ptolemy.util.test.junit.AutoTests" name="[2] /home/travis/build/icyphy/ptII/ptolemy/actor/lib/test/auto/Accumulator.xml (RunModel)" time="0.069" />
  <testcase classname="ptolemy.util.test.junit.AutoTests" name="[3] /home/travis/build/icyphy/ptII/ptolemy/actor/lib/test/auto/Accumulator2.xml (RunModel)" time="0.056" />
  <testcase classname="ptolemy.util.test.junit.AutoTests" name="[4] /home/travis/build/icyphy/ptII/ptolemy/actor/lib/test/auto/Accumulator3.xml (RunModel)" time="0.043" />
  <testcase classname="ptolemy.util.test.junit.AutoTests" name="[5] /home/travis/build/icyphy/ptII/ptolemy/actor/lib/test/auto/ArrayAppend.xml (RunModel)" time="0.039" />
  <testcase classname="ptolemy.util.test.junit.AutoTests" name="[6] /home/travis/build/icyphy/ptII/ptolemy/actor/lib/test/auto/ArrayAppend2.xml (RunModel)" time="0.492" />
  <testcase classname="ptolemy.util.test.junit.AutoTests" name="[7] /home/travis/build/icyphy/ptII/ptolemy/actor/lib/test/auto/ArrayAppend3.xml (RunModel)" time="0.048" />
  <testcase classname="ptolemy.util.test.junit.AutoTests" name="[8] /home/travis/build/icyphy/ptII/ptolemy/actor/lib/test/auto/ArrayAppend4.xml (RunModel)" time="0.024" />
  <testcase classname="ptolemy.util.test.junit.AutoTests" name="[9] /home/travis/build/icyphy/ptII/ptolemy/actor/lib/test/auto/ArrayAppend5.xml (RunModel)" time="0.025" />
  <testcase classname="ptolemy.util.test.junit.AutoTests" name="[10] /home/travis/build/icyphy/ptII/ptolemy/actor/lib/test/auto/ArrayAppend6.xml (RunModel)" time="0.029" />
  <testcase classname="ptolemy.util.test.junit.AutoTests" name="[11] /home/travis/build/icyphy/ptII/ptolemy/actor/lib/test/auto/ArrayAppendPerformanceTest.xml (RunModel)" time="0.071" />
  <testcase classname="ptolemy.util.test.junit.AutoTests" name="[12] /home/travis/build/icyphy/ptII/ptolemy/actor/lib/test/auto/ArrayAppendWithEmptyInput.xml (RunModel)" time="0.063" />
  <testcase classname="ptolemy.util.test.junit.AutoTests" name="[13] /home/travis/build/icyphy/ptII/ptolemy/actor/lib/test/auto/ArrayAverage.xml (RunModel)" time="0.044" />
  <testcase classname="ptolemy.util.test.junit.AutoTests" name="[14] /home/travis/build/icyphy/ptII/ptolemy/actor/lib/test/auto/ArrayContains.xml (RunModel)" time="0.033" />
  <testcase classname="ptolemy.util.test.junit.AutoTests" name="[15] /home/travis/build/icyphy/ptII/ptolemy/actor/lib/test/auto/ArrayElement.xml (RunModel)" time="0.023" />
  <testcase classname="ptolemy.util.test.junit.AutoTests" name="[16] /home/travis/build/icyphy/ptII/ptolemy/actor/lib/test/auto/ArrayElementAsMatrix.xml (RunModel)" time="0.075" />
  <testcase classname="ptolemy.util.test.junit.AutoTests" name="[17] /home/travis/build/icyphy/ptII/ptolemy/actor/lib/test/auto/ArrayElementI.xml (RunModel)" time="0.016" />
  <testcase classname="ptolemy.util.test.junit.AutoTests" name="[18] /home/travis/build/icyphy/ptII/ptolemy/actor/lib/test/auto/ArrayExtract.xml (RunModel)" time="0.037" />
  <testcase classname="ptolemy.util.test.junit.AutoTests" name="[19] /home/travis/build/icyphy/ptII/ptolemy/actor/lib/test/auto/ArrayExtract2.xml (RunModel)" time="0.022" />
  <testcase classname="ptolemy.util.test.junit.AutoTests" name="[20] /home/travis/build/icyphy/ptII/ptolemy/actor/lib/test/auto/ArrayLength.xml (RunModel)" time="0.02" />
  <testcase classname="ptolemy.util.test.junit.AutoTests" name="[21] /home/travis/build/icyphy/ptII/ptolemy/actor/lib/test/auto/ArrayLevelCrossing.xml (RunModel)" time="0.032" />
  <testcase classname="ptolemy.util.test.junit.AutoTests" name="[22] /home/travis/build/icyphy/ptII/ptolemy/actor/lib/test/auto/ArrayLevelCrossing2.xml (RunModel)" time="0.027" />
  <testcase classname="ptolemy.util.test.junit.AutoTests" name="[23] /home/travis/build/icyphy/ptII/ptolemy/actor/lib/test/auto/ArrayPeakSearch.xml (RunModel)" time="0.037" />
  <testcase classname="ptolemy.util.test.junit.AutoTests" name="[24] /home/travis/build/icyphy/ptII/ptolemy/actor/lib/test/auto/ArrayPeakSearch2.xml (RunModel)" time="0.042" />
  <testcase classname="ptolemy.util.test.junit.AutoTests" name="[25] /home/travis/build/icyphy/ptII/ptolemy/actor/lib/test/auto/ArrayPeakSearch3.xml (RunModel)" time="0.036" />
  <testcase classname="ptolemy.util.test.junit.AutoTests" name="[26] /home/travis/build/icyphy/ptII/ptolemy/actor/lib/test/auto/ArrayRemoveElement.xml (RunModel)" time="0.028" />
  <testcase classname="ptolemy.util.test.junit.AutoTests" name="[27] /home/travis/build/icyphy/ptII/ptolemy/actor/lib/test/auto/ArraySort.xml (RunModel)" time="0.033" />
  <testcase classname="ptolemy.util.test.junit.AutoTests" name="[28] /home/travis/build/icyphy/ptII/ptolemy/actor/lib/test/auto/ArraySum.xml (RunModel)" time="0.02" />
  <testcase classname="ptolemy.util.test.junit.AutoTests" name="[29] /home/travis/build/icyphy/ptII/ptolemy/actor/lib/test/auto/ArrayToElements.xml (RunModel)" time="0.027" />
  <testcase classname="ptolemy.util.test.junit.AutoTests" name="[30] /home/travis/build/icyphy/ptII/ptolemy/actor/lib/test/auto/ArrayToMatrix.xml (RunModel)" time="0.078" />
  <testcase classname="ptolemy.util.test.junit.AutoTests" name="[31] /home/travis/build/icyphy/ptII/ptolemy/actor/lib/test/auto/ArrayUpdate1.xml (RunModel)" time="0.028" />
  <testcase classname="ptolemy.util.test.junit.AutoTests" name="[32] /home/travis/build/icyphy/ptII/ptolemy/actor/lib/test/auto/ArrayUpdate2.xml (RunModel)" time="0.018" />
  <testcase classname="ptolemy.util.test.junit.AutoTests" name="[33] /home/travis/build/icyphy/ptII/ptolemy/actor/lib/test/auto/ArrayUpdate3.xml (RunModel)" time="0.015" />
  <testcase classname="ptolemy.util.test.junit.AutoTests" name="[34] /home/travis/build/icyphy/ptII/ptolemy/actor/lib/test/auto/Assert1.xml (RunModel)" time="0.024" />
  <testcase classname="ptolemy.util.test.junit.AutoTests" name="[35] /home/travis/build/icyphy/ptII/ptolemy/actor/lib/test/auto/Assert2.xml (RunModel)" time="0.02" />
  <testcase classname="ptolemy.util.test.junit.AutoTests" name="[36] /home/travis/build/icyphy/ptII/ptolemy/actor/lib/test/auto/BooleanMultiplexor.xml (RunModel)" time="0.02" />
  <testcase classname="ptolemy.util.test.junit.AutoTests" name="[37] /home/travis/build/icyphy/ptII/ptolemy/actor/lib/test/auto/BooleanMultiplexor2.xml (RunModel)" time="0.033" />
  <testcase classname="ptolemy.util.test.junit.AutoTests" name="[38] /home/travis/build/icyphy/ptII/ptolemy/actor/lib/test/auto/BooleanMultiplexor3.xml (RunModel)" time="0.02" />
  <testcase classname="ptolemy.util.test.junit.AutoTests" name="[39] /home/travis/build/icyphy/ptII/ptolemy/actor/lib/test/auto/BooleanSelect.xml (RunModel)" time="0.028" />
  <testcase classname="ptolemy.util.test.junit.AutoTests" name="[40] /home/travis/build/icyphy/ptII/ptolemy/actor/lib/test/auto/BooleanSelect2.xml (RunModel)" time="0.02" />
  <testcase classname="ptolemy.util.test.junit.AutoTests" name="[41] /home/travis/build/icyphy/ptII/ptolemy/actor/lib/test/auto/BooleanSwitch.xml (RunModel)" time="0.024" />
  <testcase classname="ptolemy.util.test.junit.AutoTests" name="[42] /home/travis/build/icyphy/ptII/ptolemy/actor/lib/test/auto/BooleanSwitch2.xml (RunModel)" time="0.014" />
  <testcase classname="ptolemy.util.test.junit.AutoTests" name="[43] /home/travis/build/icyphy/ptII/ptolemy/actor/lib/test/auto/BooleanSwitchCloningBugWithClassRelationGroup.xml (RunModel)" time="0.028" />
  <testcase classname="ptolemy.util.test.junit.AutoTests" name="[44] /home/travis/build/icyphy/ptII/ptolemy/actor/lib/test/auto/BusActors.xml (RunModel)" time="0.034" />
  <testcase classname="ptolemy.util.test.junit.AutoTests" name="[45] /home/travis/build/icyphy/ptII/ptolemy/actor/lib/test/auto/ClassWrapper.xml (RunModel)" time="0.022" />
  <testcase classname="ptolemy.util.test.junit.AutoTests" name="[46] /home/travis/build/icyphy/ptII/ptolemy/actor/lib/test/auto/Clock.xml (RunModel)" time="0.009" />
  <testcase classname="ptolemy.util.test.junit.AutoTests" name="[47] /home/travis/build/icyphy/ptII/ptolemy/actor/lib/test/auto/Clock10.xml (RunModel)" time="0.015" />
  <testcase classname="ptolemy.util.test.junit.AutoTests" name="[48] /home/travis/build/icyphy/ptII/ptolemy/actor/lib/test/auto/Clock11.xml (RunModel)" time="0.02" />
  <testcase classname="ptolemy.util.test.junit.AutoTests" name="[49] /home/travis/build/icyphy/ptII/ptolemy/actor/lib/test/auto/Clock12.xml (RunModel)" time="0.02" />
  <testcase classname="ptolemy.util.test.junit.AutoTests" name="[50] /home/travis/build/icyphy/ptII/ptolemy/actor/lib/test/auto/Clock13.xml (RunModel)" time="0.019" />
  <testcase classname="ptolemy.util.test.junit.AutoTests" name="[51] /home/travis/build/icyphy/ptII/ptolemy/actor/lib/test/auto/Clock14.xml (RunModel)" time="0.019" />
  <testcase classname="ptolemy.util.test.junit.AutoTests" name="[52] /home/travis/build/icyphy/ptII/ptolemy/actor/lib/test/auto/Clock15.xml (RunModel)" time="0.012" />
  <testcase classname="ptolemy.util.test.junit.AutoTests" name="[53] /home/travis/build/icyphy/ptII/ptolemy/actor/lib/test/auto/Clock16.xml (RunModel)" time="0.091" />
  <testcase classname="ptolemy.util.test.junit.AutoTests" name="[54] /home/travis/build/icyphy/ptII/ptolemy/actor/lib/test/auto/Clock17.xml (RunModel)" time="0.075" />
  <testcase classname="ptolemy.util.test.junit.AutoTests" name="[55] /home/travis/build/icyphy/ptII/ptolemy/actor/lib/test/auto/Clock18.xml (RunModel)" time="0.049" />
  <testcase classname="ptolemy.util.test.junit.AutoTests" name="[56] /home/travis/build/icyphy/ptII/ptolemy/actor/lib/test/auto/Clock19.xml (RunModel)" time="0.05" />
  <testcase classname="ptolemy.util.test.junit.AutoTests" name="[57] /home/travis/build/icyphy/ptII/ptolemy/actor/lib/test/auto/Clock2.xml (RunModel)" time="0.015" />
  <testcase classname="ptolemy.util.test.junit.AutoTests" name="[58] /home/travis/build/icyphy/ptII/ptolemy/actor/lib/test/auto/Clock20.xml (RunModel)" time="0.025" />
  <testcase classname="ptolemy.util.test.junit.AutoTests" name="[59] /home/travis/build/icyphy/ptII/ptolemy/actor/lib/test/auto/Clock21.xml (RunModel)" time="0.02" />
  <testcase classname="ptolemy.util.test.junit.AutoTests" name="[60] /home/travis/build/icyphy/ptII/ptolemy/actor/lib/test/auto/Clock22.xml (RunModel)" time="0.014" />
  <testcase classname="ptolemy.util.test.junit.AutoTests" name="[61] /home/travis/build/icyphy/ptII/ptolemy/actor/lib/test/auto/Clock23.xml (RunModel)" time="0.016" />
  <testcase classname="ptolemy.util.test.junit.AutoTests" name="[62] /home/travis/build/icyphy/ptII/ptolemy/actor/lib/test/auto/Clock24.xml (RunModel)" time="0.015" />
  <testcase classname="ptolemy.util.test.junit.AutoTests" name="[63] /home/travis/build/icyphy/ptII/ptolemy/actor/lib/test/auto/Clock4.xml (RunModel)" time="0.012" />
  <testcase classname="ptolemy.util.test.junit.AutoTests" name="[64] /home/travis/build/icyphy/ptII/ptolemy/actor/lib/test/auto/Clock5.xml (RunModel)" time="0.014" />
  <testcase classname="ptolemy.util.test.junit.AutoTests" name="[65] /home/travis/build/icyphy/ptII/ptolemy/actor/lib/test/auto/Clock6.xml (RunModel)" time="0.016" />
  <testcase classname="ptolemy.util.test.junit.AutoTests" name="[66] /home/travis/build/icyphy/ptII/ptolemy/actor/lib/test/auto/Clock7.xml (RunModel)" time="0.01" />
  <testcase classname="ptolemy.util.test.junit.AutoTests" name="[67] /home/travis/build/icyphy/ptII/ptolemy/actor/lib/test/auto/Clock8.xml (RunModel)" time="0.013" />
  <testcase classname="ptolemy.util.test.junit.AutoTests" name="[68] /home/travis/build/icyphy/ptII/ptolemy/actor/lib/test/auto/Clock9.xml (RunModel)" time="0.014" />
  <testcase classname="ptolemy.util.test.junit.AutoTests" name="[69] /home/travis/build/icyphy/ptII/ptolemy/actor/lib/test/auto/CommDistDiscard.xml (RunModel)" time="0.035" />
  <testcase classname="ptolemy.util.test.junit.AutoTests" name="[70] /home/travis/build/icyphy/ptII/ptolemy/actor/lib/test/auto/Commutator.xml (RunModel)" time="0.019" />
  <testcase classname="ptolemy.util.test.junit.AutoTests" name="[71] /home/travis/build/icyphy/ptII/ptolemy/actor/lib/test/auto/Commutator2.xml (RunModel)" time="0.011" />
  <testcase classname="ptolemy.util.test.junit.AutoTests" name="[72] /home/travis/build/icyphy/ptII/ptolemy/actor/lib/test/auto/Commutator3.xml (RunModel)" time="0.012" />
  <testcase classname="ptolemy.util.test.junit.AutoTests" name="[73] /home/travis/build/icyphy/ptII/ptolemy/actor/lib/test/auto/Compare.xml (RunModel)" time="0.02" />
  <testcase classname="ptolemy.util.test.junit.AutoTests" name="[74] /home/travis/build/icyphy/ptII/ptolemy/actor/lib/test/auto/CompareDE.xml (RunModel)" time="0.02" />
  <testcase classname="ptolemy.util.test.junit.AutoTests" name="[75] /home/travis/build/icyphy/ptII/ptolemy/actor/lib/test/auto/ComplexDivide.xml (RunModel)" time="0.012" />
  <testcase classname="ptolemy.util.test.junit.AutoTests" name="[76] /home/travis/build/icyphy/ptII/ptolemy/actor/lib/test/auto/ComputeHistogram.xml (RunModel)" time="0.076" />
  <testcase classname="ptolemy.util.test.junit.AutoTests" name="[77] /home/travis/build/icyphy/ptII/ptolemy/actor/lib/test/auto/ConfigurationSelect.xml (RunModel)" time="0.021" />
  <testcase classname="ptolemy.util.test.junit.AutoTests" name="[78] /home/travis/build/icyphy/ptII/ptolemy/actor/lib/test/auto/ConfigurationSelect2.xml (RunModel)" time="0.017" />
  <testcase classname="ptolemy.util.test.junit.AutoTests" name="[79] /home/travis/build/icyphy/ptII/ptolemy/actor/lib/test/auto/ConfigurationSwitch.xml (RunModel)" time="0.023" />
  <testcase classname="ptolemy.util.test.junit.AutoTests" name="[80] /home/travis/build/icyphy/ptII/ptolemy/actor/lib/test/auto/ConfigurationSwitch2.xml (RunModel)" time="0.027" />
  <testcase classname="ptolemy.util.test.junit.AutoTests" name="[81] /home/travis/build/icyphy/ptII/ptolemy/actor/lib/test/auto/ConfigurationSwitchCloningBugWithClassRelationGroup.xml (RunModel)" time="0.024" />
  <testcase classname="ptolemy.util.test.junit.AutoTests" name="[82] /home/travis/build/icyphy/ptII/ptolemy/actor/lib/test/auto/ConfigurationSwitchSelectSDF.xml (RunModel)" time="0.016" />
  <testcase classname="ptolemy.util.test.junit.AutoTests" name="[83] /home/travis/build/icyphy/ptII/ptolemy/actor/lib/test/auto/ConfigurationSwitchSelectSDF2.xml (RunModel)" time="0.013" />
  <testcase classname="ptolemy.util.test.junit.AutoTests" name="[84] /home/travis/build/icyphy/ptII/ptolemy/actor/lib/test/auto/Const.xml (RunModel)" time="0.007" />
  <testcase classname="ptolemy.util.test.junit.AutoTests" name="[85] /home/travis/build/icyphy/ptII/ptolemy/actor/lib/test/auto/Const2.xml (RunModel)" time="0.011" />
  <testcase classname="ptolemy.util.test.junit.AutoTests" name="[86] /home/travis/build/icyphy/ptII/ptolemy/actor/lib/test/auto/Const3.xml (RunModel)" time="0.007" />
  <testcase classname="ptolemy.util.test.junit.AutoTests" name="[87] /home/travis/build/icyphy/ptII/ptolemy/actor/lib/test/auto/ConstantPublisherPort1.xml (RunModel)" time="0.022" />
  <testcase classname="ptolemy.util.test.junit.AutoTests" name="[88] /home/travis/build/icyphy/ptII/ptolemy/actor/lib/test/auto/ConstantPublisherPort2.xml (RunModel)" time="0.025" />
  <testcase classname="ptolemy.util.test.junit.AutoTests" name="[89] /home/travis/build/icyphy/ptII/ptolemy/actor/lib/test/auto/ConstantPublisherPort3.xml (RunModel)" time="0.022" />
  <testcase classname="ptolemy.util.test.junit.AutoTests" name="[90] /home/travis/build/icyphy/ptII/ptolemy/actor/lib/test/auto/ConstantPublisherPort4.xml (RunModel)" time="0.017" />
  <testcase classname="ptolemy.util.test.junit.AutoTests" name="[91] /home/travis/build/icyphy/ptII/ptolemy/actor/lib/test/auto/ConstantPublisherPort5.xml (RunModel)" time="0.05" />
  <testcase classname="ptolemy.util.test.junit.AutoTests" name="[92] /home/travis/build/icyphy/ptII/ptolemy/actor/lib/test/auto/ConstantPublisherPort6.xml (RunModel)" time="0.044" />
  <testcase classname="ptolemy.util.test.junit.AutoTests" name="[93] /home/travis/build/icyphy/ptII/ptolemy/actor/lib/test/auto/ConstantPublisherPort7.xml (RunModel)" time="0.035" />
  <testcase classname="ptolemy.util.test.junit.AutoTests" name="[94] /home/travis/build/icyphy/ptII/ptolemy/actor/lib/test/auto/ConstraintMonitor1.xml (RunModel)" time="0.044" />
  <testcase classname="ptolemy.util.test.junit.AutoTests" name="[95] /home/travis/build/icyphy/ptII/ptolemy/actor/lib/test/auto/ConstraintMonitor2.xml (RunModel)" time="0.011" />
  <testcase classname="ptolemy.util.test.junit.AutoTests" name="[96] /home/travis/build/icyphy/ptII/ptolemy/actor/lib/test/auto/ConstraintMonitor3.xml (RunModel)" time="0.016" />
  <testcase classname="ptolemy.util.test.junit.AutoTests" name="[97] /home/travis/build/icyphy/ptII/ptolemy/actor/lib/test/auto/ConstraintMonitor4.xml (RunModel)" time="0.011" />
  <testcase classname="ptolemy.util.test.junit.AutoTests" name="[98] /home/travis/build/icyphy/ptII/ptolemy/actor/lib/test/auto/ConstraintMonitor5.xml (RunModel)" time="0.016" />
  <testcase classname="ptolemy.util.test.junit.AutoTests" name="[99] /home/travis/build/icyphy/ptII/ptolemy/actor/lib/test/auto/ConstraintMonitor6.xml (RunModel)" time="0.02" />
  <testcase classname="ptolemy.util.test.junit.AutoTests" name="[100] /home/travis/build/icyphy/ptII/ptolemy/actor/lib/test/auto/ConstraintMonitor7.xml (RunModel)" time="0.02" />
  <testcase classname="ptolemy.util.test.junit.AutoTests" name="[101] /home/travis/build/icyphy/ptII/ptolemy/actor/lib/test/auto/ConstraintMonitor8.xml (RunModel)" time="0.016" />
  <testcase classname="ptolemy.util.test.junit.AutoTests" name="[102] /home/travis/build/icyphy/ptII/ptolemy/actor/lib/test/auto/Counter.xml (RunModel)" time="0.015" />
  <testcase classname="ptolemy.util.test.junit.AutoTests" name="[103] /home/travis/build/icyphy/ptII/ptolemy/actor/lib/test/auto/CurrentTimeSDF.xml (RunModel)" time="0.009" />
  <testcase classname="ptolemy.util.test.junit.AutoTests" name="[104] /home/travis/build/icyphy/ptII/ptolemy/actor/lib/test/auto/DB.xml (RunModel)" time="0.015" />
  <testcase classname="ptolemy.util.test.junit.AutoTests" name="[105] /home/travis/build/icyphy/ptII/ptolemy/actor/lib/test/auto/DBDE.xml (RunModel)" time="0.014" />
  <testcase classname="ptolemy.util.test.junit.AutoTests" name="[106] /home/travis/build/icyphy/ptII/ptolemy/actor/lib/test/auto/DateConstructor.xml (RunModel)" time="0.088" />
  <testcase classname="ptolemy.util.test.junit.AutoTests" name="[107] /home/travis/build/icyphy/ptII/ptolemy/actor/lib/test/auto/DelayTime.xml (RunModel)" time="0.022" />
  <testcase classname="ptolemy.util.test.junit.AutoTests" name="[108] /home/travis/build/icyphy/ptII/ptolemy/actor/lib/test/auto/Dictionary1.xml (RunModel)" time="0.021" />
  <testcase classname="ptolemy.util.test.junit.AutoTests" name="[109] /home/travis/build/icyphy/ptII/ptolemy/actor/lib/test/auto/Dictionary2.xml (RunModel)" time="0.018" />
  <testcase classname="ptolemy.util.test.junit.AutoTests" name="[110] /home/travis/build/icyphy/ptII/ptolemy/actor/lib/test/auto/Dictionary3.xml (RunModel)" time="0.018" />
  <testcase classname="ptolemy.util.test.junit.AutoTests" name="[111] /home/travis/build/icyphy/ptII/ptolemy/actor/lib/test/auto/Dictionary4.xml (RunModel)" time="0.018" />
  <testcase classname="ptolemy.util.test.junit.AutoTests" name="[112] /home/travis/build/icyphy/ptII/ptolemy/actor/lib/test/auto/Differential.xml (RunModel)" time="0.012" />
  <testcase classname="ptolemy.util.test.junit.AutoTests" name="[113] /home/travis/build/icyphy/ptII/ptolemy/actor/lib/test/auto/Director.xml (RunModel)" time="0.016" />
  <testcase classname="ptolemy.util.test.junit.AutoTests" name="[114] /home/travis/build/icyphy/ptII/ptolemy/actor/lib/test/auto/DiscreteClock.xml (RunModel)" time="0.008" />
  <testcase classname="ptolemy.util.test.junit.AutoTests" name="[115] /home/travis/build/icyphy/ptII/ptolemy/actor/lib/test/auto/DiscreteClock10.xml (RunModel)" time="0.015" />
  <testcase classname="ptolemy.util.test.junit.AutoTests" name="[116] /home/travis/build/icyphy/ptII/ptolemy/actor/lib/test/auto/DiscreteClock11.xml (RunModel)" time="0.013" />
  <testcase classname="ptolemy.util.test.junit.AutoTests" name="[117] /home/travis/build/icyphy/ptII/ptolemy/actor/lib/test/auto/DiscreteClock12.xml (RunModel)" time="0.014" />
  <testcase classname="ptolemy.util.test.junit.AutoTests" name="[118] /home/travis/build/icyphy/ptII/ptolemy/actor/lib/test/auto/DiscreteClock13.xml (RunModel)" time="0.013" />
  <testcase classname="ptolemy.util.test.junit.AutoTests" name="[119] /home/travis/build/icyphy/ptII/ptolemy/actor/lib/test/auto/DiscreteClock14.xml (RunModel)" time="0.017" />
  <testcase classname="ptolemy.util.test.junit.AutoTests" name="[120] /home/travis/build/icyphy/ptII/ptolemy/actor/lib/test/auto/DiscreteClock15.xml (RunModel)" time="0.02" />
  <testcase classname="ptolemy.util.test.junit.AutoTests" name="[121] /home/travis/build/icyphy/ptII/ptolemy/actor/lib/test/auto/DiscreteClock16.xml (RunModel)" time="0.048" />
  <testcase classname="ptolemy.util.test.junit.AutoTests" name="[122] /home/travis/build/icyphy/ptII/ptolemy/actor/lib/test/auto/DiscreteClock17.xml (RunModel)" time="0.044" />
  <testcase classname="ptolemy.util.test.junit.AutoTests" name="[123] /home/travis/build/icyphy/ptII/ptolemy/actor/lib/test/auto/DiscreteClock18.xml (RunModel)" time="0.048" />
  <testcase classname="ptolemy.util.test.junit.AutoTests" name="[124] /home/travis/build/icyphy/ptII/ptolemy/actor/lib/test/auto/DiscreteClock19.xml (RunModel)" time="0.05" />
  <testcase classname="ptolemy.util.test.junit.AutoTests" name="[125] /home/travis/build/icyphy/ptII/ptolemy/actor/lib/test/auto/DiscreteClock2.xml (RunModel)" time="0.011" />
  <testcase classname="ptolemy.util.test.junit.AutoTests" name="[126] /home/travis/build/icyphy/ptII/ptolemy/actor/lib/test/auto/DiscreteClock20.xml (RunModel)" time="0.02" />
  <testcase classname="ptolemy.util.test.junit.AutoTests" name="[127] /home/travis/build/icyphy/ptII/ptolemy/actor/lib/test/auto/DiscreteClock21.xml (RunModel)" time="0.019" />
  <testcase classname="ptolemy.util.test.junit.AutoTests" name="[128] /home/travis/build/icyphy/ptII/ptolemy/actor/lib/test/auto/DiscreteClock22.xml (RunModel)" time="0.016" />
  <testcase classname="ptolemy.util.test.junit.AutoTests" name="[129] /home/travis/build/icyphy/ptII/ptolemy/actor/lib/test/auto/DiscreteClock23.xml (RunModel)" time="0.021" />
  <testcase classname="ptolemy.util.test.junit.AutoTests" name="[130] /home/travis/build/icyphy/ptII/ptolemy/actor/lib/test/auto/DiscreteClock24.xml (RunModel)" time="0.014" />
  <testcase classname="ptolemy.util.test.junit.AutoTests" name="[131] /home/travis/build/icyphy/ptII/ptolemy/actor/lib/test/auto/DiscreteClock4.xml (RunModel)" time="0.014" />
  <testcase classname="ptolemy.util.test.junit.AutoTests" name="[132] /home/travis/build/icyphy/ptII/ptolemy/actor/lib/test/auto/DiscreteClock5.xml (RunModel)" time="0.011" />
  <testcase classname="ptolemy.util.test.junit.AutoTests" name="[133] /home/travis/build/icyphy/ptII/ptolemy/actor/lib/test/auto/DiscreteClock6.xml (RunModel)" time="0.013" />
  <testcase classname="ptolemy.util.test.junit.AutoTests" name="[134] /home/travis/build/icyphy/ptII/ptolemy/actor/lib/test/auto/DiscreteClock7.xml (RunModel)" time="0.01" />
  <testcase classname="ptolemy.util.test.junit.AutoTests" name="[135] /home/travis/build/icyphy/ptII/ptolemy/actor/lib/test/auto/DiscreteClock8.xml (RunModel)" time="0.025" />
  <testcase classname="ptolemy.util.test.junit.AutoTests" name="[136] /home/travis/build/icyphy/ptII/ptolemy/actor/lib/test/auto/DiscreteClock9.xml (RunModel)" time="0.013" />
  <testcase classname="ptolemy.util.test.junit.AutoTests" name="[137] /home/travis/build/icyphy/ptII/ptolemy/actor/lib/test/auto/DisplayArray.xml (RunModel)" time="0.01" />
  <testcase classname="ptolemy.util.test.junit.AutoTests" name="[138] /home/travis/build/icyphy/ptII/ptolemy/actor/lib/test/auto/Distributor.xml (RunModel)" time="0.009" />
  <testcase classname="ptolemy.util.test.junit.AutoTests" name="[139] /home/travis/build/icyphy/ptII/ptolemy/actor/lib/test/auto/Distributor2.xml (RunModel)" time="0.011" />
  <testcase classname="ptolemy.util.test.junit.AutoTests" name="[140] /home/travis/build/icyphy/ptII/ptolemy/actor/lib/test/auto/DownSample.xml (RunModel)" time="0.012" />
  <testcase classname="ptolemy.util.test.junit.AutoTests" name="[141] /home/travis/build/icyphy/ptII/ptolemy/actor/lib/test/auto/ElectronicUnitBase1.xml (RunModel)" time="0.068" />
  <testcase classname="ptolemy.util.test.junit.AutoTests" name="[142] /home/travis/build/icyphy/ptII/ptolemy/actor/lib/test/auto/ElementsToArray.xml (RunModel)" time="0.011" />
  <testcase classname="ptolemy.util.test.junit.AutoTests" name="[143] /home/travis/build/icyphy/ptII/ptolemy/actor/lib/test/auto/Equals.xml (RunModel)" time="0.016" />
  <testcase classname="ptolemy.util.test.junit.AutoTests" name="[144] /home/travis/build/icyphy/ptII/ptolemy/actor/lib/test/auto/Exec.xml (RunModel)" time="0.048" />
  <testcase classname="ptolemy.util.test.junit.AutoTests" name="[145] /home/travis/build/icyphy/ptII/ptolemy/actor/lib/test/auto/ExecEnvironment.xml (RunModel)" time="0.038" />
  <testcase classname="ptolemy.util.test.junit.AutoTests" name="[146] /home/travis/build/icyphy/ptII/ptolemy/actor/lib/test/auto/ExecNonZeroReturnOutput.xml (RunModel)" time="0.212" />
  <testcase classname="ptolemy.util.test.junit.AutoTests" name="[147] /home/travis/build/icyphy/ptII/ptolemy/actor/lib/test/auto/ExecRunDemos.xml (RunModel)" time="11.233" />
  <testcase classname="ptolemy.util.test.junit.AutoTests" name="[148] /home/travis/build/icyphy/ptII/ptolemy/actor/lib/test/auto/ExecStop.xml (RunModel)" time="5.04" />
  <testcase classname="ptolemy.util.test.junit.AutoTests" name="[149] /home/travis/build/icyphy/ptII/ptolemy/actor/lib/test/auto/ExecutionTimeSDF.xml (RunModel)" time="6.064" />
  <testcase classname="ptolemy.util.test.junit.AutoTests" name="[150] /home/travis/build/icyphy/ptII/ptolemy/actor/lib/test/auto/Expression1.xml (RunModel)" time="0.017" />
  <testcase classname="ptolemy.util.test.junit.AutoTests" name="[151] /home/travis/build/icyphy/ptII/ptolemy/actor/lib/test/auto/Expression10.xml (RunModel)" time="0.027" />
  <testcase classname="ptolemy.util.test.junit.AutoTests" name="[152] /home/travis/build/icyphy/ptII/ptolemy/actor/lib/test/auto/Expression11.xml (RunModel)" time="0.013" />
  <testcase classname="ptolemy.util.test.junit.AutoTests" name="[153] /home/travis/build/icyphy/ptII/ptolemy/actor/lib/test/auto/Expression12.xml (RunModel)" time="0.016" />
  <testcase classname="ptolemy.util.test.junit.AutoTests" name="[154] /home/travis/build/icyphy/ptII/ptolemy/actor/lib/test/auto/Expression13.xml (RunModel)" time="0.013" />
  <testcase classname="ptolemy.util.test.junit.AutoTests" name="[155] /home/travis/build/icyphy/ptII/ptolemy/actor/lib/test/auto/Expression14.xml (RunModel)" time="0.023" />
  <testcase classname="ptolemy.util.test.junit.AutoTests" name="[156] /home/travis/build/icyphy/ptII/ptolemy/actor/lib/test/auto/Expression15.xml (RunModel)" time="0.011" />
  <testcase classname="ptolemy.util.test.junit.AutoTests" name="[157] /home/travis/build/icyphy/ptII/ptolemy/actor/lib/test/auto/Expression16.xml (RunModel)" time="0.016" />
  <testcase classname="ptolemy.util.test.junit.AutoTests" name="[158] /home/travis/build/icyphy/ptII/ptolemy/actor/lib/test/auto/Expression17.xml (RunModel)" time="0.011" />
  <testcase classname="ptolemy.util.test.junit.AutoTests" name="[159] /home/travis/build/icyphy/ptII/ptolemy/actor/lib/test/auto/Expression18.xml (RunModel)" time="0.014" />
  <testcase classname="ptolemy.util.test.junit.AutoTests" name="[160] /home/travis/build/icyphy/ptII/ptolemy/actor/lib/test/auto/Expression2.xml (RunModel)" time="0.016" />
  <testcase classname="ptolemy.util.test.junit.AutoTests" name="[161] /home/travis/build/icyphy/ptII/ptolemy/actor/lib/test/auto/Expression3.xml (RunModel)" time="0.015" />
  <testcase classname="ptolemy.util.test.junit.AutoTests" name="[162] /home/travis/build/icyphy/ptII/ptolemy/actor/lib/test/auto/Expression4.xml (RunModel)" time="0.022" />
  <testcase classname="ptolemy.util.test.junit.AutoTests" name="[163] /home/travis/build/icyphy/ptII/ptolemy/actor/lib/test/auto/Expression5.xml (RunModel)" time="0.021" />
  <testcase classname="ptolemy.util.test.junit.AutoTests" name="[164] /home/travis/build/icyphy/ptII/ptolemy/actor/lib/test/auto/Expression6.xml (RunModel)" time="0.01" />
  <testcase classname="ptolemy.util.test.junit.AutoTests" name="[165] /home/travis/build/icyphy/ptII/ptolemy/actor/lib/test/auto/Expression7.xml (RunModel)" time="0.013" />
  <testcase classname="ptolemy.util.test.junit.AutoTests" name="[166] /home/travis/build/icyphy/ptII/ptolemy/actor/lib/test/auto/Expression8.xml (RunModel)" time="0.016" />
  <testcase classname="ptolemy.util.test.junit.AutoTests" name="[167] /home/travis/build/icyphy/ptII/ptolemy/actor/lib/test/auto/Expression9.xml (RunModel)" time="0.008" />
  <testcase classname="ptolemy.util.test.junit.AutoTests" name="[168] /home/travis/build/icyphy/ptII/ptolemy/actor/lib/test/auto/ExpressionConcatenateArrayType.xml (RunModel)" time="0.032" />
  <testcase classname="ptolemy.util.test.junit.AutoTests" name="[169] /home/travis/build/icyphy/ptII/ptolemy/actor/lib/test/auto/ExpressionConcatenateArrayType2.xml (RunModel)" time="0.022" />
  <testcase classname="ptolemy.util.test.junit.AutoTests" name="[170] /home/travis/build/icyphy/ptII/ptolemy/actor/lib/test/auto/ExpressionFix.xml (RunModel)" time="0.051" />
  <testcase classname="ptolemy.util.test.junit.AutoTests" name="[171] /home/travis/build/icyphy/ptII/ptolemy/actor/lib/test/auto/ExpressionFix2.xml (RunModel)" time="0.018" />
  <testcase classname="ptolemy.util.test.junit.AutoTests" name="[172] /home/travis/build/icyphy/ptII/ptolemy/actor/lib/test/auto/ExpressionFix3.xml (RunModel)" time="0.013" />
  <testcase classname="ptolemy.util.test.junit.AutoTests" name="[173] /home/travis/build/icyphy/ptII/ptolemy/actor/lib/test/auto/FileWriter1.xml (RunModel)" time="0.01" />
  <testcase classname="ptolemy.util.test.junit.AutoTests" name="[174] /home/travis/build/icyphy/ptII/ptolemy/actor/lib/test/auto/FileWriter2.xml (RunModel)" time="0.011" />
  <testcase classname="ptolemy.util.test.junit.AutoTests" name="[175] /home/travis/build/icyphy/ptII/ptolemy/actor/lib/test/auto/FileWriter3.xml (RunModel)" time="0.02" />
  <testcase classname="ptolemy.util.test.junit.AutoTests" name="[176] /home/travis/build/icyphy/ptII/ptolemy/actor/lib/test/auto/Gaussian.xml (RunModel)" time="0.013" />
  <testcase classname="ptolemy.util.test.junit.AutoTests" name="[177] /home/travis/build/icyphy/ptII/ptolemy/actor/lib/test/auto/Gaussian1.xml (RunModel)" time="0.023" />
  <testcase classname="ptolemy.util.test.junit.AutoTests" name="[178] /home/travis/build/icyphy/ptII/ptolemy/actor/lib/test/auto/Gaussian2.xml (RunModel)" time="0.019" />
  <testcase classname="ptolemy.util.test.junit.AutoTests" name="[179] /home/travis/build/icyphy/ptII/ptolemy/actor/lib/test/auto/GradientAdaptiveLattice.xml (RunModel)" time="0.018" />
  <testcase classname="ptolemy.util.test.junit.AutoTests" name="[180] /home/travis/build/icyphy/ptII/ptolemy/actor/lib/test/auto/IIR.xml (RunModel)" time="0.011" />
  <testcase classname="ptolemy.util.test.junit.AutoTests" name="[181] /home/travis/build/icyphy/ptII/ptolemy/actor/lib/test/auto/InputOutputTransparentPorts.xml (RunModel)" time="0.02" />
  <testcase classname="ptolemy.util.test.junit.AutoTests" name="[182] /home/travis/build/icyphy/ptII/ptolemy/actor/lib/test/auto/Interpolator.xml (RunModel)" time="0.012" />
  <testcase classname="ptolemy.util.test.junit.AutoTests" name="[183] /home/travis/build/icyphy/ptII/ptolemy/actor/lib/test/auto/InterpolatorFiringLimitDE.xml (RunModel)" time="0.015" />
  <testcase classname="ptolemy.util.test.junit.AutoTests" name="[184] /home/travis/build/icyphy/ptII/ptolemy/actor/lib/test/auto/Lattice.xml (RunModel)" time="0.01" />
  <testcase classname="ptolemy.util.test.junit.AutoTests" name="[185] /home/travis/build/icyphy/ptII/ptolemy/actor/lib/test/auto/LazyAOCTestLazy.xml (RunModel)" time="0.024" />
  <testcase classname="ptolemy.util.test.junit.AutoTests" name="[186] /home/travis/build/icyphy/ptII/ptolemy/actor/lib/test/auto/LazyAOCTestNonLazy.xml (RunModel)" time="0.045" />
  <testcase classname="ptolemy.util.test.junit.AutoTests" name="[187] /home/travis/build/icyphy/ptII/ptolemy/actor/lib/test/auto/LazyInnerClass.xml (RunModel)" time="0.044" />
  <testcase classname="ptolemy.util.test.junit.AutoTests" name="[188] /home/travis/build/icyphy/ptII/ptolemy/actor/lib/test/auto/LazyPubSub.xml (RunModel)" time="0.065" />
  <testcase classname="ptolemy.util.test.junit.AutoTests" name="[189] /home/travis/build/icyphy/ptII/ptolemy/actor/lib/test/auto/LazyPubSub2.xml (RunModel)" time="0.061" />
  <testcase classname="ptolemy.util.test.junit.AutoTests" name="[190] /home/travis/build/icyphy/ptII/ptolemy/actor/lib/test/auto/LazyPubSub3.xml (RunModel)" time="0.028" />
  <testcase classname="ptolemy.util.test.junit.AutoTests" name="[191] /home/travis/build/icyphy/ptII/ptolemy/actor/lib/test/auto/LazySubClassModel.xml (RunModel)" time="0.023" />
  <testcase classname="ptolemy.util.test.junit.AutoTests" name="[192] /home/travis/build/icyphy/ptII/ptolemy/actor/lib/test/auto/LevelCrossTest1.xml (RunModel)" time="0.012" />
  <testcase classname="ptolemy.util.test.junit.AutoTests" name="[193] /home/travis/build/icyphy/ptII/ptolemy/actor/lib/test/auto/LevelCrossTest10.xml (RunModel)" time="0.016" />
  <testcase classname="ptolemy.util.test.junit.AutoTests" name="[194] /home/travis/build/icyphy/ptII/ptolemy/actor/lib/test/auto/LevelCrossTest11.xml (RunModel)" time="0.019" />
  <testcase classname="ptolemy.util.test.junit.AutoTests" name="[195] /home/travis/build/icyphy/ptII/ptolemy/actor/lib/test/auto/LevelCrossTest12.xml (RunModel)" time="0.019" />
  <testcase classname="ptolemy.util.test.junit.AutoTests" name="[196] /home/travis/build/icyphy/ptII/ptolemy/actor/lib/test/auto/LevelCrossTest13.xml (RunModel)" time="0.02" />
  <testcase classname="ptolemy.util.test.junit.AutoTests" name="[197] /home/travis/build/icyphy/ptII/ptolemy/actor/lib/test/auto/LevelCrossTest2.xml (RunModel)" time="0.016" />
  <testcase classname="ptolemy.util.test.junit.AutoTests" name="[198] /home/travis/build/icyphy/ptII/ptolemy/actor/lib/test/auto/LevelCrossTest3.xml (RunModel)" time="0.013" />
  <testcase classname="ptolemy.util.test.junit.AutoTests" name="[199] /home/travis/build/icyphy/ptII/ptolemy/actor/lib/test/auto/LevelCrossTest4.xml (RunModel)" time="0.011" />
  <testcase classname="ptolemy.util.test.junit.AutoTests" name="[200] /home/travis/build/icyphy/ptII/ptolemy/actor/lib/test/auto/LevelCrossTest5.xml (RunModel)" time="0.03" />
  <testcase classname="ptolemy.util.test.junit.AutoTests" name="[201] /home/travis/build/icyphy/ptII/ptolemy/actor/lib/test/auto/LevelCrossTest6.xml (RunModel)" time="0.016" />
  <testcase classname="ptolemy.util.test.junit.AutoTests" name="[202] /home/travis/build/icyphy/ptII/ptolemy/actor/lib/test/auto/LevelCrossTest7.xml (RunModel)" time="0.02" />
  <testcase classname="ptolemy.util.test.junit.AutoTests" name="[203] /home/travis/build/icyphy/ptII/ptolemy/actor/lib/test/auto/LevelCrossTest8.xml (RunModel)" time="0.014" />
  <testcase classname="ptolemy.util.test.junit.AutoTests" name="[204] /home/travis/build/icyphy/ptII/ptolemy/actor/lib/test/auto/LevelCrossTest9.xml (RunModel)" time="0.017" />
  <testcase classname="ptolemy.util.test.junit.AutoTests" name="[205] /home/travis/build/icyphy/ptII/ptolemy/actor/lib/test/auto/LevinsonDurbin.xml (RunModel)" time="0.011" />
  <testcase classname="ptolemy.util.test.junit.AutoTests" name="[206] /home/travis/build/icyphy/ptII/ptolemy/actor/lib/test/auto/LevinsonDurbin2.xml (RunModel)" time="0.01" />
  <testcase classname="ptolemy.util.test.junit.AutoTests" name="[207] /home/travis/build/icyphy/ptII/ptolemy/actor/lib/test/auto/LevinsonDurbin3.xml (RunModel)" time="0.013" />
  <testcase classname="ptolemy.util.test.junit.AutoTests" name="[208] /home/travis/build/icyphy/ptII/ptolemy/actor/lib/test/auto/Limiter.xml (RunModel)" time="0.05" />
  <testcase classname="ptolemy.util.test.junit.AutoTests" name="[209] /home/travis/build/icyphy/ptII/ptolemy/actor/lib/test/auto/LinearDifferenceEquationSystem.xml (RunModel)" time="0.023" />
  <testcase classname="ptolemy.util.test.junit.AutoTests" name="[210] /home/travis/build/icyphy/ptII/ptolemy/actor/lib/test/auto/LookupTable.xml (RunModel)" time="0.011" />
  <testcase classname="ptolemy.util.test.junit.AutoTests" name="[211] /home/travis/build/icyphy/ptII/ptolemy/actor/lib/test/auto/MathFunction.xml (RunModel)" time="0.022" />
  <testcase classname="ptolemy.util.test.junit.AutoTests" name="[212] /home/travis/build/icyphy/ptII/ptolemy/actor/lib/test/auto/MathFunction2.xml (RunModel)" time="0.016" />
  <testcase classname="ptolemy.util.test.junit.AutoTests" name="[213] /home/travis/build/icyphy/ptII/ptolemy/actor/lib/test/auto/MathFunction3.xml (RunModel)" time="0.021" />
  <testcase classname="ptolemy.util.test.junit.AutoTests" name="[214] /home/travis/build/icyphy/ptII/ptolemy/actor/lib/test/auto/MatrixCropBoolean.xml (RunModel)" time="0.019" />
  <testcase classname="ptolemy.util.test.junit.AutoTests" name="[215] /home/travis/build/icyphy/ptII/ptolemy/actor/lib/test/auto/MatrixCropComplex.xml (RunModel)" time="0.015" />
  <testcase classname="ptolemy.util.test.junit.AutoTests" name="[216] /home/travis/build/icyphy/ptII/ptolemy/actor/lib/test/auto/MatrixCropDouble.xml (RunModel)" time="0.014" />
  <testcase classname="ptolemy.util.test.junit.AutoTests" name="[217] /home/travis/build/icyphy/ptII/ptolemy/actor/lib/test/auto/MatrixCropFix.xml (RunModel)" time="0.016" />
  <testcase classname="ptolemy.util.test.junit.AutoTests" name="[218] /home/travis/build/icyphy/ptII/ptolemy/actor/lib/test/auto/MatrixCropInt.xml (RunModel)" time="0.012" />
  <testcase classname="ptolemy.util.test.junit.AutoTests" name="[219] /home/travis/build/icyphy/ptII/ptolemy/actor/lib/test/auto/MatrixCropLong.xml (RunModel)" time="0.013" />
  <testcase classname="ptolemy.util.test.junit.AutoTests" name="[220] /home/travis/build/icyphy/ptII/ptolemy/actor/lib/test/auto/MatrixToArray.xml (RunModel)" time="0.062" />
  <testcase classname="ptolemy.util.test.junit.AutoTests" name="[221] /home/travis/build/icyphy/ptII/ptolemy/actor/lib/test/auto/MaxIndex.xml (RunModel)" time="0.014" />
  <testcase classname="ptolemy.util.test.junit.AutoTests" name="[222] /home/travis/build/icyphy/ptII/ptolemy/actor/lib/test/auto/Maximum.xml (RunModel)" time="0.014" />
  <testcase classname="ptolemy.util.test.junit.AutoTests" name="[223] /home/travis/build/icyphy/ptII/ptolemy/actor/lib/test/auto/MaximumComplex.xml (RunModel)" time="0.017" />
  <testcase classname="ptolemy.util.test.junit.AutoTests" name="[224] /home/travis/build/icyphy/ptII/ptolemy/actor/lib/test/auto/MethodCallTest.xml (RunModel)" time="0.024" />
  <testcase classname="ptolemy.util.test.junit.AutoTests" name="[225] /home/travis/build/icyphy/ptII/ptolemy/actor/lib/test/auto/Minimum.xml (RunModel)" time="0.016" />
  <testcase classname="ptolemy.util.test.junit.AutoTests" name="[226] /home/travis/build/icyphy/ptII/ptolemy/actor/lib/test/auto/MinimumComplex.xml (RunModel)" time="0.028" />
  <testcase classname="ptolemy.util.test.junit.AutoTests" name="[227] /home/travis/build/icyphy/ptII/ptolemy/actor/lib/test/auto/MinimumMultiports.xml (RunModel)" time="0.026" />
  <testcase classname="ptolemy.util.test.junit.AutoTests" name="[228] /home/travis/build/icyphy/ptII/ptolemy/actor/lib/test/auto/ModifyDate.xml (RunModel)" time="0.045" />
  <testcase classname="ptolemy.util.test.junit.AutoTests" name="[229] /home/travis/build/icyphy/ptII/ptolemy/actor/lib/test/auto/ModifyDate2.xml (RunModel)" time="0.032" />
  <testcase classname="ptolemy.util.test.junit.AutoTests" name="[230] /home/travis/build/icyphy/ptII/ptolemy/actor/lib/test/auto/MovingAverage.xml (RunModel)" time="0.012" />
  <testcase classname="ptolemy.util.test.junit.AutoTests" name="[231] /home/travis/build/icyphy/ptII/ptolemy/actor/lib/test/auto/MovingMaximum.xml (RunModel)" time="0.013" />
  <testcase classname="ptolemy.util.test.junit.AutoTests" name="[232] /home/travis/build/icyphy/ptII/ptolemy/actor/lib/test/auto/MultipleLinksToSameRelation.xml (RunModel)" time="0.018" />
  <testcase classname="ptolemy.util.test.junit.AutoTests" name="[233] /home/travis/build/icyphy/ptII/ptolemy/actor/lib/test/auto/MultipleLinksToSameRelationDE.xml (RunModel)" time="0.01" />
  <testcase classname="ptolemy.util.test.junit.AutoTests" name="[234] /home/travis/build/icyphy/ptII/ptolemy/actor/lib/test/auto/Multiplexor.xml (RunModel)" time="0.012" />
  <testcase classname="ptolemy.util.test.junit.AutoTests" name="[235] /home/travis/build/icyphy/ptII/ptolemy/actor/lib/test/auto/Multiplexor1.xml (RunModel)" time="0.013" />
  <testcase classname="ptolemy.util.test.junit.AutoTests" name="[236] /home/travis/build/icyphy/ptII/ptolemy/actor/lib/test/auto/Multiplexor2.xml (RunModel)" time="0.015" />
  <testcase classname="ptolemy.util.test.junit.AutoTests" name="[237] /home/travis/build/icyphy/ptII/ptolemy/actor/lib/test/auto/Multiplexor3.xml (RunModel)" time="0.009" />
  <testcase classname="ptolemy.util.test.junit.AutoTests" name="[238] /home/travis/build/icyphy/ptII/ptolemy/actor/lib/test/auto/MultiplexorDE.xml (RunModel)" time="0.022" />
  <testcase classname="ptolemy.util.test.junit.AutoTests" name="[239] /home/travis/build/icyphy/ptII/ptolemy/actor/lib/test/auto/MultiportBroadcastTest.xml (RunModel)" time="0.112" />
  <testcase classname="ptolemy.util.test.junit.AutoTests" name="[240] /home/travis/build/icyphy/ptII/ptolemy/actor/lib/test/auto/MultiportOutHangDuringGetWidth.xml (RunModel)" time="0.03" />
  <testcase classname="ptolemy.util.test.junit.AutoTests" name="[241] /home/travis/build/icyphy/ptII/ptolemy/actor/lib/test/auto/NilToken.xml (RunModel)" time="0.008" />
  <testcase classname="ptolemy.util.test.junit.AutoTests" name="[242] /home/travis/build/icyphy/ptII/ptolemy/actor/lib/test/auto/NilTokenNonStrictTest.xml (RunModel)" time="0.01" />
  <testcase classname="ptolemy.util.test.junit.AutoTests" name="[243] /home/travis/build/icyphy/ptII/ptolemy/actor/lib/test/auto/NilTokenRecord.xml (RunModel)" time="0.021" />
  <testcase classname="ptolemy.util.test.junit.AutoTests" name="[244] /home/travis/build/icyphy/ptII/ptolemy/actor/lib/test/auto/NilTokenTypeTest.xml (RunModel)" time="0.047" />
  <testcase classname="ptolemy.util.test.junit.AutoTests" name="[245] /home/travis/build/icyphy/ptII/ptolemy/actor/lib/test/auto/ObjectToken1.xml (RunModel)" time="0.009" />
  <testcase classname="ptolemy.util.test.junit.AutoTests" name="[246] /home/travis/build/icyphy/ptII/ptolemy/actor/lib/test/auto/OrderedMerge.xml (RunModel)" time="0.019" />
  <testcase classname="ptolemy.util.test.junit.AutoTests" name="[247] /home/travis/build/icyphy/ptII/ptolemy/actor/lib/test/auto/OrderedRecordDisassembler.xml (RunModel)" time="0.02" />
  <testcase classname="ptolemy.util.test.junit.AutoTests" name="[248] /home/travis/build/icyphy/ptII/ptolemy/actor/lib/test/auto/OrderedRecordDisassembler2.xml (RunModel)" time="0.021" />
  <testcase classname="ptolemy.util.test.junit.AutoTests" name="[249] /home/travis/build/icyphy/ptII/ptolemy/actor/lib/test/auto/OrderedRecordUpdater.xml (RunModel)" time="0.011" />
  <testcase classname="ptolemy.util.test.junit.AutoTests" name="[250] /home/travis/build/icyphy/ptII/ptolemy/actor/lib/test/auto/OrderedRecordUpdater2.xml (RunModel)" time="0.018" />
  <testcase classname="ptolemy.util.test.junit.AutoTests" name="[251] /home/travis/build/icyphy/ptII/ptolemy/actor/lib/test/auto/PhaseUnwrap.xml (RunModel)" time="0.014" />
  <testcase classname="ptolemy.util.test.junit.AutoTests" name="[252] /home/travis/build/icyphy/ptII/ptolemy/actor/lib/test/auto/PoissonClock.xml (RunModel)" time="0.014" />
  <testcase classname="ptolemy.util.test.junit.AutoTests" name="[253] /home/travis/build/icyphy/ptII/ptolemy/actor/lib/test/auto/PoissonClock2.xml (RunModel)" time="0.008" />
  <testcase classname="ptolemy.util.test.junit.AutoTests" name="[254] /home/travis/build/icyphy/ptII/ptolemy/actor/lib/test/auto/PoissonClock3.xml (RunModel)" time="0.026" />
  <testcase classname="ptolemy.util.test.junit.AutoTests" name="[255] /home/travis/build/icyphy/ptII/ptolemy/actor/lib/test/auto/PubSubWithInitialTokens.xml (RunModel)" time="0.02" />
  <testcase classname="ptolemy.util.test.junit.AutoTests" name="[256] /home/travis/build/icyphy/ptII/ptolemy/actor/lib/test/auto/PubSubWithInitialTokens2.xml (RunModel)" time="0.012" />
  <testcase classname="ptolemy.util.test.junit.AutoTests" name="[257] /home/travis/build/icyphy/ptII/ptolemy/actor/lib/test/auto/PublisherClassNoParameter.xml (RunModel)" time="0.027" />
  <testcase classname="ptolemy.util.test.junit.AutoTests" name="[258] /home/travis/build/icyphy/ptII/ptolemy/actor/lib/test/auto/PublisherClassParameter.xml (RunModel)" time="0.022" />
  <testcase classname="ptolemy.util.test.junit.AutoTests" name="[259] /home/travis/build/icyphy/ptII/ptolemy/actor/lib/test/auto/PublisherNonStrictTest.xml (RunModel)" time="0.016" />
  <testcase classname="ptolemy.util.test.junit.AutoTests" name="[260] /home/travis/build/icyphy/ptII/ptolemy/actor/lib/test/auto/PublisherPort1.xml (RunModel)" time="0.023" />
  <testcase classname="ptolemy.util.test.junit.AutoTests" name="[261] /home/travis/build/icyphy/ptII/ptolemy/actor/lib/test/auto/PublisherPort2.xml (RunModel)" time="0.013" />
  <testcase classname="ptolemy.util.test.junit.AutoTests" name="[262] /home/travis/build/icyphy/ptII/ptolemy/actor/lib/test/auto/PublisherPort3.xml (RunModel)" time="0.017" />
  <testcase classname="ptolemy.util.test.junit.AutoTests" name="[263] /home/travis/build/icyphy/ptII/ptolemy/actor/lib/test/auto/PublisherPort4.xml (RunModel)" time="0.014" />
  <testcase classname="ptolemy.util.test.junit.AutoTests" name="[264] /home/travis/build/icyphy/ptII/ptolemy/actor/lib/test/auto/PublisherPort5.xml (RunModel)" time="0.014" />
  <testcase classname="ptolemy.util.test.junit.AutoTests" name="[265] /home/travis/build/icyphy/ptII/ptolemy/actor/lib/test/auto/PublisherPort5LookAlike.xml (RunModel)" time="0.02" />
  <testcase classname="ptolemy.util.test.junit.AutoTests" name="[266] /home/travis/build/icyphy/ptII/ptolemy/actor/lib/test/auto/PublisherPort6.xml (RunModel)" time="0.012" />
  <testcase classname="ptolemy.util.test.junit.AutoTests" name="[267] /home/travis/build/icyphy/ptII/ptolemy/actor/lib/test/auto/PublisherPort7.xml (RunModel)" time="0.016" />
  <testcase classname="ptolemy.util.test.junit.AutoTests" name="[268] /home/travis/build/icyphy/ptII/ptolemy/actor/lib/test/auto/PublisherPort8.xml (RunModel)" time="0.016" />
  <testcase classname="ptolemy.util.test.junit.AutoTests" name="[269] /home/travis/build/icyphy/ptII/ptolemy/actor/lib/test/auto/PublisherPortSubscriberChannelVariablesAOC2.xml (RunModel)" time="0.041" />
  <testcase classname="ptolemy.util.test.junit.AutoTests" name="[270] /home/travis/build/icyphy/ptII/ptolemy/actor/lib/test/auto/PublisherPortSubscriberOpaqueWidthInference.xml (RunModel)" time="0.016" />
  <testcase classname="ptolemy.util.test.junit.AutoTests" name="[271] /home/travis/build/icyphy/ptII/ptolemy/actor/lib/test/auto/PublisherPortSubscriberPortAdjacent.xml (RunModel)" time="0.02" />
  <testcase classname="ptolemy.util.test.junit.AutoTests" name="[272] /home/travis/build/icyphy/ptII/ptolemy/actor/lib/test/auto/PublisherPortSubscriberPortExpression.xml (RunModel)" time="0.015" />
  <testcase classname="ptolemy.util.test.junit.AutoTests" name="[273] /home/travis/build/icyphy/ptII/ptolemy/actor/lib/test/auto/PublisherPortSubscriberPortOpaqueD3Reverse.xml (RunModel)" time="0.043" />
  <testcase classname="ptolemy.util.test.junit.AutoTests" name="[274] /home/travis/build/icyphy/ptII/ptolemy/actor/lib/test/auto/PublisherPortSubscriberPortOpaqueWidthInference.xml (RunModel)" time="0.014" />
  <testcase classname="ptolemy.util.test.junit.AutoTests" name="[275] /home/travis/build/icyphy/ptII/ptolemy/actor/lib/test/auto/PublisherPortToplevelSubscriberPortAOC.xml (RunModel)" time="0.012" />
  <testcase classname="ptolemy.util.test.junit.AutoTests" name="[276] /home/travis/build/icyphy/ptII/ptolemy/actor/lib/test/auto/PublisherSubscriber.xml (RunModel)" time="0.024" />
  <testcase classname="ptolemy.util.test.junit.AutoTests" name="[277] /home/travis/build/icyphy/ptII/ptolemy/actor/lib/test/auto/PublisherSubscriber10.xml (RunModel)" time="0.021" />
  <testcase classname="ptolemy.util.test.junit.AutoTests" name="[278] /home/travis/build/icyphy/ptII/ptolemy/actor/lib/test/auto/PublisherSubscriber10InitialOutputs.xml (RunModel)" time="0.033" />
  <testcase classname="ptolemy.util.test.junit.AutoTests" name="[279] /home/travis/build/icyphy/ptII/ptolemy/actor/lib/test/auto/PublisherSubscriber11.xml (RunModel)" time="0.016" />
  <testcase classname="ptolemy.util.test.junit.AutoTests" name="[280] /home/travis/build/icyphy/ptII/ptolemy/actor/lib/test/auto/PublisherSubscriber12.xml (RunModel)" time="0.015" />
  <testcase classname="ptolemy.util.test.junit.AutoTests" name="[281] /home/travis/build/icyphy/ptII/ptolemy/actor/lib/test/auto/PublisherSubscriber13.xml (RunModel)" time="0.013" />
  <testcase classname="ptolemy.util.test.junit.AutoTests" name="[282] /home/travis/build/icyphy/ptII/ptolemy/actor/lib/test/auto/PublisherSubscriber14.xml (RunModel)" time="0.021" />
  <testcase classname="ptolemy.util.test.junit.AutoTests" name="[283] /home/travis/build/icyphy/ptII/ptolemy/actor/lib/test/auto/PublisherSubscriber2.xml (RunModel)" time="0.012" />
  <testcase classname="ptolemy.util.test.junit.AutoTests" name="[284] /home/travis/build/icyphy/ptII/ptolemy/actor/lib/test/auto/PublisherSubscriber3.xml (RunModel)" time="0.01" />
  <testcase classname="ptolemy.util.test.junit.AutoTests" name="[285] /home/travis/build/icyphy/ptII/ptolemy/actor/lib/test/auto/PublisherSubscriber4.xml (RunModel)" time="0.01" />
  <testcase classname="ptolemy.util.test.junit.AutoTests" name="[286] /home/travis/build/icyphy/ptII/ptolemy/actor/lib/test/auto/PublisherSubscriber5.xml (RunModel)" time="0.013" />
  <testcase classname="ptolemy.util.test.junit.AutoTests" name="[287] /home/travis/build/icyphy/ptII/ptolemy/actor/lib/test/auto/PublisherSubscriber6.xml (RunModel)" time="0.019" />
  <testcase classname="ptolemy.util.test.junit.AutoTests" name="[288] /home/travis/build/icyphy/ptII/ptolemy/actor/lib/test/auto/PublisherSubscriber7.xml (RunModel)" time="0.02" />
  <testcase classname="ptolemy.util.test.junit.AutoTests" name="[289] /home/travis/build/icyphy/ptII/ptolemy/actor/lib/test/auto/PublisherSubscriber8.xml (RunModel)" time="0.037" />
  <testcase classname="ptolemy.util.test.junit.AutoTests" name="[290] /home/travis/build/icyphy/ptII/ptolemy/actor/lib/test/auto/PublisherSubscriber9.xml (RunModel)" time="0.021" />
  <testcase classname="ptolemy.util.test.junit.AutoTests" name="[291] /home/travis/build/icyphy/ptII/ptolemy/actor/lib/test/auto/PublisherSubscriberAdjacent.xml (RunModel)" time="0.015" />
  <testcase classname="ptolemy.util.test.junit.AutoTests" name="[292] /home/travis/build/icyphy/ptII/ptolemy/actor/lib/test/auto/PublisherSubscriberChannelVariablesAOC2.xml (RunModel)" time="0.026" />
  <testcase classname="ptolemy.util.test.junit.AutoTests" name="[293] /home/travis/build/icyphy/ptII/ptolemy/actor/lib/test/auto/PublisherSubscriberD3.xml (RunModel)" time="0.013" />
  <testcase classname="ptolemy.util.test.junit.AutoTests" name="[294] /home/travis/build/icyphy/ptII/ptolemy/actor/lib/test/auto/PublisherSubscriberD3Reverse.xml (RunModel)" time="0.011" />
  <testcase classname="ptolemy.util.test.junit.AutoTests" name="[295] /home/travis/build/icyphy/ptII/ptolemy/actor/lib/test/auto/PublisherSubscriberExpression.xml (RunModel)" time="0.017" />
  <testcase classname="ptolemy.util.test.junit.AutoTests" name="[296] /home/travis/build/icyphy/ptII/ptolemy/actor/lib/test/auto/PublisherSubscriberOpaque.xml (RunModel)" time="0.015" />
  <testcase classname="ptolemy.util.test.junit.AutoTests" name="[297] /home/travis/build/icyphy/ptII/ptolemy/actor/lib/test/auto/PublisherSubscriberOpaqueD3.xml (RunModel)" time="0.022" />
  <testcase classname="ptolemy.util.test.junit.AutoTests" name="[298] /home/travis/build/icyphy/ptII/ptolemy/actor/lib/test/auto/PublisherSubscriberOpaqueD3Reverse.xml (RunModel)" time="0.024" />
  <testcase classname="ptolemy.util.test.junit.AutoTests" name="[299] /home/travis/build/icyphy/ptII/ptolemy/actor/lib/test/auto/PublisherSubscriberOpaqueWidthInference.xml (RunModel)" time="0.019" />
  <testcase classname="ptolemy.util.test.junit.AutoTests" name="[300] /home/travis/build/icyphy/ptII/ptolemy/actor/lib/test/auto/PublisherTestSubscriber.xml (RunModel)" time="0.017" />
  <testcase classname="ptolemy.util.test.junit.AutoTests" name="[301] /home/travis/build/icyphy/ptII/ptolemy/actor/lib/test/auto/PublisherToplevelSubscriberPortAOC.xml (RunModel)" time="0.011" />
  <testcase classname="ptolemy.util.test.junit.AutoTests" name="[302] /home/travis/build/icyphy/ptII/ptolemy/actor/lib/test/auto/PulseFiringLimitDE.xml (RunModel)" time="0.015" />
  <testcase classname="ptolemy.util.test.junit.AutoTests" name="[303] /home/travis/build/icyphy/ptII/ptolemy/actor/lib/test/auto/Ramp1.xml (RunModel)" time="0.011" />
  <testcase classname="ptolemy.util.test.junit.AutoTests" name="[304] /home/travis/build/icyphy/ptII/ptolemy/actor/lib/test/auto/RampFiringLimitDE.xml (RunModel)" time="0.014" />
  <testcase classname="ptolemy.util.test.junit.AutoTests" name="[305] /home/travis/build/icyphy/ptII/ptolemy/actor/lib/test/auto/RampFiringLimitSDF.xml (RunModel)" time="0.011" />
  <testcase classname="ptolemy.util.test.junit.AutoTests" name="[306] /home/travis/build/icyphy/ptII/ptolemy/actor/lib/test/auto/RandomInteger.xml (RunModel)" time="0.01" />
  <testcase classname="ptolemy.util.test.junit.AutoTests" name="[307] /home/travis/build/icyphy/ptII/ptolemy/actor/lib/test/auto/ReadFile1.xml (RunModel)" time="0.008" />
  <testcase classname="ptolemy.util.test.junit.AutoTests" name="[308] /home/travis/build/icyphy/ptII/ptolemy/actor/lib/test/auto/ReadFile2.xml (RunModel)" time="0.008" />
  <testcase classname="ptolemy.util.test.junit.AutoTests" name="[309] /home/travis/build/icyphy/ptII/ptolemy/actor/lib/test/auto/Reader.xml (RunModel)" time="0.009" />
  <testcase classname="ptolemy.util.test.junit.AutoTests" name="[310] /home/travis/build/icyphy/ptII/ptolemy/actor/lib/test/auto/RecordAssemblerDisplayNameTest.xml (RunModel)" time="3.618" />
  <testcase classname="ptolemy.util.test.junit.AutoTests" name="[311] /home/travis/build/icyphy/ptII/ptolemy/actor/lib/test/auto/RecordAssemblerTypeError.xml (RunModel)" time="0.057" />
  <testcase classname="ptolemy.util.test.junit.AutoTests" name="[312] /home/travis/build/icyphy/ptII/ptolemy/actor/lib/test/auto/RecordDisassember.xml (RunModel)" time="0.012" />
  <testcase classname="ptolemy.util.test.junit.AutoTests" name="[313] /home/travis/build/icyphy/ptII/ptolemy/actor/lib/test/auto/RecordDisassemberDisplayNameTest.xml (RunModel)" time="0.047" />
  <testcase classname="ptolemy.util.test.junit.AutoTests" name="[314] /home/travis/build/icyphy/ptII/ptolemy/actor/lib/test/auto/RecordDisassembler.xml (RunModel)" time="0.029" />
  <testcase classname="ptolemy.util.test.junit.AutoTests" name="[315] /home/travis/build/icyphy/ptII/ptolemy/actor/lib/test/auto/RecordDisassembler2.xml (RunModel)" time="0.017" />
  <testcase classname="ptolemy.util.test.junit.AutoTests" name="[316] /home/travis/build/icyphy/ptII/ptolemy/actor/lib/test/auto/RecordUpdater.xml (RunModel)" time="0.01" />
  <testcase classname="ptolemy.util.test.junit.AutoTests" name="[317] /home/travis/build/icyphy/ptII/ptolemy/actor/lib/test/auto/RecordUpdater2.xml (RunModel)" time="0.009" />
  <testcase classname="ptolemy.util.test.junit.AutoTests" name="[318] /home/travis/build/icyphy/ptII/ptolemy/actor/lib/test/auto/RecursiveLattice.xml (RunModel)" time="0.011" />
  <testcase classname="ptolemy.util.test.junit.AutoTests" name="[319] /home/travis/build/icyphy/ptII/ptolemy/actor/lib/test/auto/Router.xml (RunModel)" time="3.027" />
  <testcase classname="ptolemy.util.test.junit.AutoTests" name="[320] /home/travis/build/icyphy/ptII/ptolemy/actor/lib/test/auto/Router2.xml (RunModel)" time="3.03" />
  <testcase classname="ptolemy.util.test.junit.AutoTests" name="[321] /home/travis/build/icyphy/ptII/ptolemy/actor/lib/test/auto/RunningMaximum.xml (RunModel)" time="0.028" />
  <testcase classname="ptolemy.util.test.junit.AutoTests" name="[322] /home/travis/build/icyphy/ptII/ptolemy/actor/lib/test/auto/RunningMinimum.xml (RunModel)" time="0.03" />
  <testcase classname="ptolemy.util.test.junit.AutoTests" name="[323] /home/travis/build/icyphy/ptII/ptolemy/actor/lib/test/auto/Scale.xml (RunModel)" time="0.016" />
  <testcase classname="ptolemy.util.test.junit.AutoTests" name="[324] /home/travis/build/icyphy/ptII/ptolemy/actor/lib/test/auto/Scale2.xml (RunModel)" time="0.01" />
  <testcase classname="ptolemy.util.test.junit.AutoTests" name="[325] /home/travis/build/icyphy/ptII/ptolemy/actor/lib/test/auto/Scale3.xml (RunModel)" time="0.014" />
  <testcase classname="ptolemy.util.test.junit.AutoTests" name="[326] /home/travis/build/icyphy/ptII/ptolemy/actor/lib/test/auto/ScaleArray.xml (RunModel)" time="0.009" />
  <testcase classname="ptolemy.util.test.junit.AutoTests" name="[327] /home/travis/build/icyphy/ptII/ptolemy/actor/lib/test/auto/ScaleArray2.xml (RunModel)" time="0.009" />
  <testcase classname="ptolemy.util.test.junit.AutoTests" name="[328] /home/travis/build/icyphy/ptII/ptolemy/actor/lib/test/auto/ScaleMatrix.xml (RunModel)" time="0.179" />
  <testcase classname="ptolemy.util.test.junit.AutoTests" name="[329] /home/travis/build/icyphy/ptII/ptolemy/actor/lib/test/auto/Select.xml (RunModel)" time="0.024" />
  <testcase classname="ptolemy.util.test.junit.AutoTests" name="[330] /home/travis/build/icyphy/ptII/ptolemy/actor/lib/test/auto/Select2.xml (RunModel)" time="0.019" />
  <testcase classname="ptolemy.util.test.junit.AutoTests" name="[331] /home/travis/build/icyphy/ptII/ptolemy/actor/lib/test/auto/SequenceToArray2.xml (RunModel)" time="0.147" />
  <testcase classname="ptolemy.util.test.junit.AutoTests" name="[332] /home/travis/build/icyphy/ptII/ptolemy/actor/lib/test/auto/SequentialClock.xml (RunModel)" time="0.011" />
  <testcase classname="ptolemy.util.test.junit.AutoTests" name="[333] /home/travis/build/icyphy/ptII/ptolemy/actor/lib/test/auto/SetVariable.xml (RunModel)" time="0.011" />
  <testcase classname="ptolemy.util.test.junit.AutoTests" name="[334] /home/travis/build/icyphy/ptII/ptolemy/actor/lib/test/auto/SetVariable2.xml (RunModel)" time="0.013" />
  <testcase classname="ptolemy.util.test.junit.AutoTests" name="[335] /home/travis/build/icyphy/ptII/ptolemy/actor/lib/test/auto/SetVariable3.xml (RunModel)" time="0.018" />
  <testcase classname="ptolemy.util.test.junit.AutoTests" name="[336] /home/travis/build/icyphy/ptII/ptolemy/actor/lib/test/auto/SetVariable4.xml (RunModel)" time="0.043" />
  <testcase classname="ptolemy.util.test.junit.AutoTests" name="[337] /home/travis/build/icyphy/ptII/ptolemy/actor/lib/test/auto/SetVariable5.xml (RunModel)" time="0.045" />
  <testcase classname="ptolemy.util.test.junit.AutoTests" name="[338] /home/travis/build/icyphy/ptII/ptolemy/actor/lib/test/auto/Sinewave.xml (RunModel)" time="0.028" />
  <testcase classname="ptolemy.util.test.junit.AutoTests" name="[339] /home/travis/build/icyphy/ptII/ptolemy/actor/lib/test/auto/Sinewave2.xml (RunModel)" time="0.017" />
  <testcase classname="ptolemy.util.test.junit.AutoTests" name="[340] /home/travis/build/icyphy/ptII/ptolemy/actor/lib/test/auto/Sinewave3.xml (RunModel)" time="0.025" />
  <testcase classname="ptolemy.util.test.junit.AutoTests" name="[341] /home/travis/build/icyphy/ptII/ptolemy/actor/lib/test/auto/SingleEvent.xml (RunModel)" time="0.008" />
  <testcase classname="ptolemy.util.test.junit.AutoTests" name="[342] /home/travis/build/icyphy/ptII/ptolemy/actor/lib/test/auto/Sleep.xml (RunModel)" time="6.019" />
  <testcase classname="ptolemy.util.test.junit.AutoTests" name="[343] /home/travis/build/icyphy/ptII/ptolemy/actor/lib/test/auto/SleepMultipleFire.xml (RunModel)" time="1.021" />
  <testcase classname="ptolemy.util.test.junit.AutoTests" name="[344] /home/travis/build/icyphy/ptII/ptolemy/actor/lib/test/auto/StopDE.xml (RunModel)" time="0.016" />
  <testcase classname="ptolemy.util.test.junit.AutoTests" name="[345] /home/travis/build/icyphy/ptII/ptolemy/actor/lib/test/auto/StopSDF.xml (RunModel)" time="0.013" />
  <testcase classname="ptolemy.util.test.junit.AutoTests" name="[346] /home/travis/build/icyphy/ptII/ptolemy/actor/lib/test/auto/StringConstant.xml (RunModel)" time="0.017" />
  <testcase classname="ptolemy.util.test.junit.AutoTests" name="[347] /home/travis/build/icyphy/ptII/ptolemy/actor/lib/test/auto/SubscriberPortInitialValues1.xml (RunModel)" time="0.027" />
  <testcase classname="ptolemy.util.test.junit.AutoTests" name="[348] /home/travis/build/icyphy/ptII/ptolemy/actor/lib/test/auto/SubscriberPortInitialValues13.xml (RunModel)" time="0.034" />
  <testcase classname="ptolemy.util.test.junit.AutoTests" name="[349] /home/travis/build/icyphy/ptII/ptolemy/actor/lib/test/auto/SubscriberPortInitialValues14.xml (RunModel)" time="0.016" />
  <testcase classname="ptolemy.util.test.junit.AutoTests" name="[350] /home/travis/build/icyphy/ptII/ptolemy/actor/lib/test/auto/SubscriberPortInitialValues2.xml (RunModel)" time="0.018" />
  <testcase classname="ptolemy.util.test.junit.AutoTests" name="[351] /home/travis/build/icyphy/ptII/ptolemy/actor/lib/test/auto/SubscriberPortInitialValues3.xml (RunModel)" time="0.022" />
  <testcase classname="ptolemy.util.test.junit.AutoTests" name="[352] /home/travis/build/icyphy/ptII/ptolemy/actor/lib/test/auto/SubscriptionAggregator.xml (RunModel)" time="0.011" />
  <testcase classname="ptolemy.util.test.junit.AutoTests" name="[353] /home/travis/build/icyphy/ptII/ptolemy/actor/lib/test/auto/SubscriptionAggregator2.xml (RunModel)" time="0.015" />
  <testcase classname="ptolemy.util.test.junit.AutoTests" name="[354] /home/travis/build/icyphy/ptII/ptolemy/actor/lib/test/auto/SubscriptionAggregator3.xml (RunModel)" time="0.018" />
  <testcase classname="ptolemy.util.test.junit.AutoTests" name="[355] /home/travis/build/icyphy/ptII/ptolemy/actor/lib/test/auto/SubscriptionAggregatorMultiply.xml (RunModel)" time="0.024" />
  <testcase classname="ptolemy.util.test.junit.AutoTests" name="[356] /home/travis/build/icyphy/ptII/ptolemy/actor/lib/test/auto/SubscriptionAggregatorPortMultiply1.xml (RunModel)" time="0.02" />
  <testcase classname="ptolemy.util.test.junit.AutoTests" name="[357] /home/travis/build/icyphy/ptII/ptolemy/actor/lib/test/auto/Switch.xml (RunModel)" time="0.018" />
  <testcase classname="ptolemy.util.test.junit.AutoTests" name="[358] /home/travis/build/icyphy/ptII/ptolemy/actor/lib/test/auto/Switch2.xml (RunModel)" time="0.016" />
  <testcase classname="ptolemy.util.test.junit.AutoTests" name="[359] /home/travis/build/icyphy/ptII/ptolemy/actor/lib/test/auto/SwitchDE.xml (RunModel)" time="0.014" />
  <testcase classname="ptolemy.util.test.junit.AutoTests" name="[360] /home/travis/build/icyphy/ptII/ptolemy/actor/lib/test/auto/SynchronizerDE.xml (RunModel)" time="0.025" />
  <testcase classname="ptolemy.util.test.junit.AutoTests" name="[361] /home/travis/build/icyphy/ptII/ptolemy/actor/lib/test/auto/Test.xml (RunModel)" time="0.016" />
  <testcase classname="ptolemy.util.test.junit.AutoTests" name="[362] /home/travis/build/icyphy/ptII/ptolemy/actor/lib/test/auto/TestExceptionAttribute1.xml (RunModel)" time="0.012" />
  <testcase classname="ptolemy.util.test.junit.AutoTests" name="[363] /home/travis/build/icyphy/ptII/ptolemy/actor/lib/test/auto/TestExceptionAttribute2.xml (RunModel)" time="0.012" />
  <testcase classname="ptolemy.util.test.junit.AutoTests" name="[364] /home/travis/build/icyphy/ptII/ptolemy/actor/lib/test/auto/TestExceptionAttribute3.xml (RunModel)" time="0.012" />
  <testcase classname="ptolemy.util.test.junit.AutoTests" name="[365] /home/travis/build/icyphy/ptII/ptolemy/actor/lib/test/auto/TestExceptionAttribute4.xml (RunModel)" time="0.009" />
  <testcase classname="ptolemy.util.test.junit.AutoTests" name="[366] /home/travis/build/icyphy/ptII/ptolemy/actor/lib/test/auto/TestExceptionHandler1.xml (RunModel)" time="0.007" />
  <testcase classname="ptolemy.util.test.junit.AutoTests" name="[367] /home/travis/build/icyphy/ptII/ptolemy/actor/lib/test/auto/TestExceptionHandler2.xml (RunModel)" time="0.007" />
  <testcase classname="ptolemy.util.test.junit.AutoTests" name="[368] /home/travis/build/icyphy/ptII/ptolemy/actor/lib/test/auto/TestExceptionHandler3.xml (RunModel)" time="0.008" />
  <testcase classname="ptolemy.util.test.junit.AutoTests" name="[369] /home/travis/build/icyphy/ptII/ptolemy/actor/lib/test/auto/TestExceptionHandler4.xml (RunModel)" time="0.006" />
  <testcase classname="ptolemy.util.test.junit.AutoTests" name="[370] /home/travis/build/icyphy/ptII/ptolemy/actor/lib/test/auto/TestRequireCorrectOrder.xml (RunModel)" time="0.015" />
  <testcase classname="ptolemy.util.test.junit.AutoTests" name="[371] /home/travis/build/icyphy/ptII/ptolemy/actor/lib/test/auto/TestSimple.xml (RunModel)" time="0.006" />
  <testcase classname="ptolemy.util.test.junit.AutoTests" name="[372] /home/travis/build/icyphy/ptII/ptolemy/actor/lib/test/auto/ThrowModelError.xml (RunModel)" time="0.027" />
  <testcase classname="ptolemy.util.test.junit.AutoTests" name="[373] /home/travis/build/icyphy/ptII/ptolemy/actor/lib/test/auto/TimeDelayMicrosteps.xml (RunModel)" time="0.013" />
  <testcase classname="ptolemy.util.test.junit.AutoTests" name="[374] /home/travis/build/icyphy/ptII/ptolemy/actor/lib/test/auto/TimeDelayMicrosteps2.xml (RunModel)" time="0.014" />
  <testcase classname="ptolemy.util.test.junit.AutoTests" name="[375] /home/travis/build/icyphy/ptII/ptolemy/actor/lib/test/auto/TimeDelayMicrosteps3.xml (RunModel)" time="0.013" />
  <testcase classname="ptolemy.util.test.junit.AutoTests" name="[376] /home/travis/build/icyphy/ptII/ptolemy/actor/lib/test/auto/TimeDelayVariableMicrosteps.xml (RunModel)" time="0.013" />
  <testcase classname="ptolemy.util.test.junit.AutoTests" name="[377] /home/travis/build/icyphy/ptII/ptolemy/actor/lib/test/auto/TimeGap.xml (RunModel)" time="0.015" />
  <testcase classname="ptolemy.util.test.junit.AutoTests" name="[378] /home/travis/build/icyphy/ptII/ptolemy/actor/lib/test/auto/TimeGap2.xml (RunModel)" time="0.01" />
  <testcase classname="ptolemy.util.test.junit.AutoTests" name="[379] /home/travis/build/icyphy/ptII/ptolemy/actor/lib/test/auto/TimedSinewave.xml (RunModel)" time="0.056" />
  <testcase classname="ptolemy.util.test.junit.AutoTests" name="[380] /home/travis/build/icyphy/ptII/ptolemy/actor/lib/test/auto/TimedSinewavePhase.xml (RunModel)" time="0.048" />
  <testcase classname="ptolemy.util.test.junit.AutoTests" name="[381] /home/travis/build/icyphy/ptII/ptolemy/actor/lib/test/auto/Timer.xml (RunModel)" time="0.014" />
  <testcase classname="ptolemy.util.test.junit.AutoTests" name="[382] /home/travis/build/icyphy/ptII/ptolemy/actor/lib/test/auto/TriangularDistTestModel.xml (RunModel)" time="0.019" />
  <testcase classname="ptolemy.util.test.junit.AutoTests" name="[383] /home/travis/build/icyphy/ptII/ptolemy/actor/lib/test/auto/TrigFunction.xml (RunModel)" time="0.011" />
  <testcase classname="ptolemy.util.test.junit.AutoTests" name="[384] /home/travis/build/icyphy/ptII/ptolemy/actor/lib/test/auto/TrigFunctionDE.xml (RunModel)" time="0.012" />
  <testcase classname="ptolemy.util.test.junit.AutoTests" name="[385] /home/travis/build/icyphy/ptII/ptolemy/actor/lib/test/auto/TrigFunctionInverse.xml (RunModel)" time="0.011" />
  <testcase classname="ptolemy.util.test.junit.AutoTests" name="[386] /home/travis/build/icyphy/ptII/ptolemy/actor/lib/test/auto/TrigFunctionTan.xml (RunModel)" time="0.008" />
  <testcase classname="ptolemy.util.test.junit.AutoTests" name="[387] /home/travis/build/icyphy/ptII/ptolemy/actor/lib/test/auto/TriggeredClock.xml (RunModel)" time="0.01" />
  <testcase classname="ptolemy.util.test.junit.AutoTests" name="[388] /home/travis/build/icyphy/ptII/ptolemy/actor/lib/test/auto/URLDirectoryReader.xml (RunModel)" time="0.145" />
  <testcase classname="ptolemy.util.test.junit.AutoTests" name="[389] /home/travis/build/icyphy/ptII/ptolemy/actor/lib/test/auto/URLDirectoryReader3.xml (RunModel)" time="1.349" />
  <testcase classname="ptolemy.util.test.junit.AutoTests" name="[390] /home/travis/build/icyphy/ptII/ptolemy/actor/lib/test/auto/UnaryMathFunction.xml (RunModel)" time="0.048" />
  <testcase classname="ptolemy.util.test.junit.AutoTests" name="[391] /home/travis/build/icyphy/ptII/ptolemy/actor/lib/test/auto/Uniform.xml (RunModel)" time="0.017" />
  <testcase classname="ptolemy.util.test.junit.AutoTests" name="[392] /home/travis/build/icyphy/ptII/ptolemy/actor/lib/test/auto/UnionDisassemblerTest.xml (RunModel)" time="0.018" />
  <testcase classname="ptolemy.util.test.junit.AutoTests" name="[393] /home/travis/build/icyphy/ptII/ptolemy/actor/lib/test/auto/UtilityFunctions.xml (RunModel)" time="0.007" />
  <testcase classname="ptolemy.util.test.junit.AutoTests" name="[394] /home/travis/build/icyphy/ptII/ptolemy/actor/lib/test/auto/VariableSleep.xml (RunModel)" time="0.513" />
  <testcase classname="ptolemy.util.test.junit.AutoTests" name="[395] /home/travis/build/icyphy/ptII/ptolemy/actor/lib/test/auto/VectorAssemblerDisassemblerCT.xml (RunModel)" time="0.133" />
  <testcase classname="ptolemy.util.test.junit.AutoTests" name="[396] /home/travis/build/icyphy/ptII/ptolemy/actor/lib/test/auto/VectorAssemblerDisassemblerDE.xml (RunModel)" time="0.014" />
  <testcase classname="ptolemy.util.test.junit.AutoTests" name="[397] /home/travis/build/icyphy/ptII/ptolemy/actor/lib/test/auto/VectorAssemblerDisassemblerSDF.xml (RunModel)" time="0.012" />
  <testcase classname="ptolemy.util.test.junit.AutoTests" name="[398] /home/travis/build/icyphy/ptII/ptolemy/actor/lib/test/auto/WallClockTime.xml (RunModel)" time="1.014" />
  <testcase classname="ptolemy.util.test.junit.AutoTests" name="[399] /home/travis/build/icyphy/ptII/ptolemy/actor/lib/test/auto/WidthTestWithSubscriberPublisher.xml (RunModel)" time="0.04" />
  <testcase classname="ptolemy.util.test.junit.AutoTests" name="[400] /home/travis/build/icyphy/ptII/ptolemy/actor/lib/test/auto/WidthTestWithSubscriberPublisher2.xml (RunModel)" time="0.016" />
  <testcase classname="ptolemy.util.test.junit.AutoTests" name="[401] /home/travis/build/icyphy/ptII/ptolemy/actor/lib/test/auto/WidthTestWithSubscriberPublisher3.xml (RunModel)" time="0.013" />
  <testcase classname="ptolemy.util.test.junit.AutoTests" name="[402] /home/travis/build/icyphy/ptII/ptolemy/actor/lib/test/auto/Writer.xml (RunModel)" time="0.009" />
  <testcase classname="ptolemy.util.test.junit.AutoTests" name="[403] /home/travis/build/icyphy/ptII/ptolemy/actor/lib/test/auto/array.xml (RunModel)" time="0.03" />
  <testcase classname="ptolemy.util.test.junit.AutoTests" name="[404] /home/travis/build/icyphy/ptII/ptolemy/actor/lib/test/auto/array2.xml (RunModel)" time="0.014" />
  <testcase classname="ptolemy.util.test.junit.AutoTests" name="[405] /home/travis/build/icyphy/ptII/ptolemy/actor/lib/test/auto/arrayType.xml (RunModel)" time="0.016" />
  <testcase classname="ptolemy.util.test.junit.AutoTests" name="[406] /home/travis/build/icyphy/ptII/ptolemy/actor/lib/test/auto/arrayType10.xml (RunModel)" time="0.01" />
  <testcase classname="ptolemy.util.test.junit.AutoTests" name="[407] /home/travis/build/icyphy/ptII/ptolemy/actor/lib/test/auto/arrayType11.xml (RunModel)" time="0.009" />
  <testcase classname="ptolemy.util.test.junit.AutoTests" name="[408] /home/travis/build/icyphy/ptII/ptolemy/actor/lib/test/auto/arrayType12.xml (RunModel)" time="0.009" />
  <testcase classname="ptolemy.util.test.junit.AutoTests" name="[409] /home/travis/build/icyphy/ptII/ptolemy/actor/lib/test/auto/arrayType13.xml (RunModel)" time="0.009" />
  <testcase classname="ptolemy.util.test.junit.AutoTests" name="[410] /home/travis/build/icyphy/ptII/ptolemy/actor/lib/test/auto/arrayType14.xml (RunModel)" time="0.011" />
  <testcase classname="ptolemy.util.test.junit.AutoTests" name="[411] /home/travis/build/icyphy/ptII/ptolemy/actor/lib/test/auto/arrayType15.xml (RunModel)" time="0.013" />
  <testcase classname="ptolemy.util.test.junit.AutoTests" name="[412] /home/travis/build/icyphy/ptII/ptolemy/actor/lib/test/auto/arrayType16.xml (RunModel)" time="0.009" />
  <testcase classname="ptolemy.util.test.junit.AutoTests" name="[413] /home/travis/build/icyphy/ptII/ptolemy/actor/lib/test/auto/arrayType17.xml (RunModel)" time="0.01" />
  <testcase classname="ptolemy.util.test.junit.AutoTests" name="[414] /home/travis/build/icyphy/ptII/ptolemy/actor/lib/test/auto/arrayType18.xml (RunModel)" time="0.009" />
  <testcase classname="ptolemy.util.test.junit.AutoTests" name="[415] /home/travis/build/icyphy/ptII/ptolemy/actor/lib/test/auto/arrayType19.xml (RunModel)" time="0.008" />
  <testcase classname="ptolemy.util.test.junit.AutoTests" name="[416] /home/travis/build/icyphy/ptII/ptolemy/actor/lib/test/auto/arrayType2.xml (RunModel)" time="0.009" />
  <testcase classname="ptolemy.util.test.junit.AutoTests" name="[417] /home/travis/build/icyphy/ptII/ptolemy/actor/lib/test/auto/arrayType20.xml (RunModel)" time="0.01" />
  <testcase classname="ptolemy.util.test.junit.AutoTests" name="[418] /home/travis/build/icyphy/ptII/ptolemy/actor/lib/test/auto/arrayType21.xml (RunModel)" time="0.009" />
  <testcase classname="ptolemy.util.test.junit.AutoTests" name="[419] /home/travis/build/icyphy/ptII/ptolemy/actor/lib/test/auto/arrayType22.xml (RunModel)" time="0.008" />
  <testcase classname="ptolemy.util.test.junit.AutoTests" name="[420] /home/travis/build/icyphy/ptII/ptolemy/actor/lib/test/auto/arrayType23.xml (RunModel)" time="0.009" />
  <testcase classname="ptolemy.util.test.junit.AutoTests" name="[421] /home/travis/build/icyphy/ptII/ptolemy/actor/lib/test/auto/arrayType24.xml (RunModel)" time="0.012" />
  <testcase classname="ptolemy.util.test.junit.AutoTests" name="[422] /home/travis/build/icyphy/ptII/ptolemy/actor/lib/test/auto/arrayType25.xml (RunModel)" time="0.009" />
  <testcase classname="ptolemy.util.test.junit.AutoTests" name="[423] /home/travis/build/icyphy/ptII/ptolemy/actor/lib/test/auto/arrayType26.xml (RunModel)" time="0.011" />
  <testcase classname="ptolemy.util.test.junit.AutoTests" name="[424] /home/travis/build/icyphy/ptII/ptolemy/actor/lib/test/auto/arrayType27.xml (RunModel)" time="0.009" />
  <testcase classname="ptolemy.util.test.junit.AutoTests" name="[425] /home/travis/build/icyphy/ptII/ptolemy/actor/lib/test/auto/arrayType28.xml (RunModel)" time="0.015" />
  <testcase classname="ptolemy.util.test.junit.AutoTests" name="[426] /home/travis/build/icyphy/ptII/ptolemy/actor/lib/test/auto/arrayType3.xml (RunModel)" time="0.012" />
  <testcase classname="ptolemy.util.test.junit.AutoTests" name="[427] /home/travis/build/icyphy/ptII/ptolemy/actor/lib/test/auto/arrayType4.xml (RunModel)" time="0.009" />
  <testcase classname="ptolemy.util.test.junit.AutoTests" name="[428] /home/travis/build/icyphy/ptII/ptolemy/actor/lib/test/auto/arrayType5.xml (RunModel)" time="0.047" />
  <testcase classname="ptolemy.util.test.junit.AutoTests" name="[429] /home/travis/build/icyphy/ptII/ptolemy/actor/lib/test/auto/arrayType6.xml (RunModel)" time="0.022" />
  <testcase classname="ptolemy.util.test.junit.AutoTests" name="[430] /home/travis/build/icyphy/ptII/ptolemy/actor/lib/test/auto/arrayType7.xml (RunModel)" time="0.009" />
  <testcase classname="ptolemy.util.test.junit.AutoTests" name="[431] /home/travis/build/icyphy/ptII/ptolemy/actor/lib/test/auto/arrayType8.xml (RunModel)" time="0.015" />
  <testcase classname="ptolemy.util.test.junit.AutoTests" name="[432] /home/travis/build/icyphy/ptII/ptolemy/actor/lib/test/auto/arrayType9.xml (RunModel)" time="0.025" />
  <testcase classname="ptolemy.util.test.junit.AutoTests" name="[433] /home/travis/build/icyphy/ptII/ptolemy/actor/lib/test/auto/cast.xml (RunModel)" time="0.035" />
  <testcase classname="ptolemy.util.test.junit.AutoTests" name="[434] /home/travis/build/icyphy/ptII/ptolemy/actor/lib/test/auto/compositeMultiPort.xml (RunModel)" time="0.024" />
  <testcase classname="ptolemy.util.test.junit.AutoTests" name="[435] /home/travis/build/icyphy/ptII/ptolemy/actor/lib/test/auto/expressionCastInference.xml (RunModel)" time="0.058" />
  <testcase classname="ptolemy.util.test.junit.AutoTests" name="[436] /home/travis/build/icyphy/ptII/ptolemy/actor/lib/test/auto/expressionCastInference2.xml (RunModel)" time="0.031" />
  <testcase classname="ptolemy.util.test.junit.AutoTests" name="[437] /home/travis/build/icyphy/ptII/ptolemy/actor/lib/test/auto/expressionInference.xml (RunModel)" time="0.032" />
  <testcase classname="ptolemy.util.test.junit.AutoTests" name="[438] /home/travis/build/icyphy/ptII/ptolemy/actor/lib/test/auto/expression_bug.xml (RunModel)" time="0.007" />
  <testcase classname="ptolemy.util.test.junit.AutoTests" name="[439] /home/travis/build/icyphy/ptII/ptolemy/actor/lib/test/auto/factorial.xml (RunModel)" time="0.077" />
  <testcase classname="ptolemy.util.test.junit.AutoTests" name="[440] /home/travis/build/icyphy/ptII/ptolemy/actor/lib/test/auto/filterTest1.xml (RunModel)" time="0.02" />
  <testcase classname="ptolemy.util.test.junit.AutoTests" name="[441] /home/travis/build/icyphy/ptII/ptolemy/actor/lib/test/auto/funcApplyInConst.xml (RunModel)" time="0.007" />
  <testcase classname="ptolemy.util.test.junit.AutoTests" name="[442] /home/travis/build/icyphy/ptII/ptolemy/actor/lib/test/auto/funcApplyInExpr.xml (RunModel)" time="0.007" />
  <testcase classname="ptolemy.util.test.junit.AutoTests" name="[443] /home/travis/build/icyphy/ptII/ptolemy/actor/lib/test/auto/function.xml (RunModel)" time="0.011" />
  <testcase classname="ptolemy.util.test.junit.AutoTests" name="[444] /home/travis/build/icyphy/ptII/ptolemy/actor/lib/test/auto/function2.xml (RunModel)" time="0.011" />
  <testcase classname="ptolemy.util.test.junit.AutoTests" name="[445] /home/travis/build/icyphy/ptII/ptolemy/actor/lib/test/auto/function3.xml (RunModel)" time="0.008" />
  <testcase classname="ptolemy.util.test.junit.AutoTests" name="[446] /home/travis/build/icyphy/ptII/ptolemy/actor/lib/test/auto/functionClosureTest1.xml (RunModel)" time="0.011" />
  <testcase classname="ptolemy.util.test.junit.AutoTests" name="[447] /home/travis/build/icyphy/ptII/ptolemy/actor/lib/test/auto/functionClosureTest2.xml (RunModel)" time="0.007" />
  <testcase classname="ptolemy.util.test.junit.AutoTests" name="[448] /home/travis/build/icyphy/ptII/ptolemy/actor/lib/test/auto/functionClosureTest3.xml (RunModel)" time="0.011" />
  <testcase classname="ptolemy.util.test.junit.AutoTests" name="[449] /home/travis/build/icyphy/ptII/ptolemy/actor/lib/test/auto/functionClosureTest4.xml (RunModel)" time="0.038" />
  <testcase classname="ptolemy.util.test.junit.AutoTests" name="[450] /home/travis/build/icyphy/ptII/ptolemy/actor/lib/test/auto/functionClosureTest5.xml (RunModel)" time="0.014" />
  <testcase classname="ptolemy.util.test.junit.AutoTests" name="[451] /home/travis/build/icyphy/ptII/ptolemy/actor/lib/test/auto/functionClosureTest6.xml (RunModel)" time="0.009" />
  <testcase classname="ptolemy.util.test.junit.AutoTests" name="[452] /home/travis/build/icyphy/ptII/ptolemy/actor/lib/test/auto/functionsOnArcs.xml (RunModel)" time="0.01" />
  <testcase classname="ptolemy.util.test.junit.AutoTests" name="[453] /home/travis/build/icyphy/ptII/ptolemy/actor/lib/test/auto/functionsOnArcsHOF.xml (RunModel)" time="0.013" />
  <testcase classname="ptolemy.util.test.junit.AutoTests" name="[454] /home/travis/build/icyphy/ptII/ptolemy/actor/lib/test/auto/logic.xml (RunModel)" time="0.019" />
  <testcase classname="ptolemy.util.test.junit.AutoTests" name="[455] /home/travis/build/icyphy/ptII/ptolemy/actor/lib/test/auto/matrixType.xml (RunModel)" time="0.01" />
  <testcase classname="ptolemy.util.test.junit.AutoTests" name="[456] /home/travis/build/icyphy/ptII/ptolemy/actor/lib/test/auto/matrixType10.xml (RunModel)" time="0.009" />
  <testcase classname="ptolemy.util.test.junit.AutoTests" name="[457] /home/travis/build/icyphy/ptII/ptolemy/actor/lib/test/auto/matrixType11.xml (RunModel)" time="0.01" />
  <testcase classname="ptolemy.util.test.junit.AutoTests" name="[458] /home/travis/build/icyphy/ptII/ptolemy/actor/lib/test/auto/matrixType12.xml (RunModel)" time="0.011" />
  <testcase classname="ptolemy.util.test.junit.AutoTests" name="[459] /home/travis/build/icyphy/ptII/ptolemy/actor/lib/test/auto/matrixType13.xml (RunModel)" time="0.009" />
  <testcase classname="ptolemy.util.test.junit.AutoTests" name="[460] /home/travis/build/icyphy/ptII/ptolemy/actor/lib/test/auto/matrixType14.xml (RunModel)" time="0.012" />
  <testcase classname="ptolemy.util.test.junit.AutoTests" name="[461] /home/travis/build/icyphy/ptII/ptolemy/actor/lib/test/auto/matrixType2.xml (RunModel)" time="0.009" />
  <testcase classname="ptolemy.util.test.junit.AutoTests" name="[462] /home/travis/build/icyphy/ptII/ptolemy/actor/lib/test/auto/matrixType3.xml (RunModel)" time="0.011" />
  <testcase classname="ptolemy.util.test.junit.AutoTests" name="[463] /home/travis/build/icyphy/ptII/ptolemy/actor/lib/test/auto/matrixType4.xml (RunModel)" time="0.009" />
  <testcase classname="ptolemy.util.test.junit.AutoTests" name="[464] /home/travis/build/icyphy/ptII/ptolemy/actor/lib/test/auto/matrixType5.xml (RunModel)" time="0.01" />
  <testcase classname="ptolemy.util.test.junit.AutoTests" name="[465] /home/travis/build/icyphy/ptII/ptolemy/actor/lib/test/auto/matrixType6.xml (RunModel)" time="0.009" />
  <testcase classname="ptolemy.util.test.junit.AutoTests" name="[466] /home/travis/build/icyphy/ptII/ptolemy/actor/lib/test/auto/matrixType7.xml (RunModel)" time="0.009" />
  <testcase classname="ptolemy.util.test.junit.AutoTests" name="[467] /home/travis/build/icyphy/ptII/ptolemy/actor/lib/test/auto/matrixType8.xml (RunModel)" time="0.009" />
  <testcase classname="ptolemy.util.test.junit.AutoTests" name="[468] /home/travis/build/icyphy/ptII/ptolemy/actor/lib/test/auto/matrixType9.xml (RunModel)" time="0.008" />
  <testcase classname="ptolemy.util.test.junit.AutoTests" name="[469] /home/travis/build/icyphy/ptII/ptolemy/actor/lib/test/auto/paraFunctest.xml (RunModel)" time="0.008" />
  <testcase classname="ptolemy.util.test.junit.AutoTests" name="[470] /home/travis/build/icyphy/ptII/ptolemy/actor/lib/test/auto/paraFunctest2.xml (RunModel)" time="0.014" />
  <testcase classname="ptolemy.util.test.junit.AutoTests" name="[471] /home/travis/build/icyphy/ptII/ptolemy/actor/lib/test/auto/parameterPassing.xml (RunModel)" time="0.008" />
  <testcase classname="ptolemy.util.test.junit.AutoTests" name="[472] /home/travis/build/icyphy/ptII/ptolemy/actor/lib/test/auto/record.xml (RunModel)" time="0.01" />
  <testcase classname="ptolemy.util.test.junit.AutoTests" name="[473] /home/travis/build/icyphy/ptII/ptolemy/actor/lib/test/auto/sizedarray1.xml (RunModel)" time="0.01" />
  <testcase classname="ptolemy.util.test.junit.AutoTests" name="[474] /home/travis/build/icyphy/ptII/ptolemy/actor/lib/test/auto/sizedarray2.xml (RunModel)" time="0.011" />
  <testcase classname="ptolemy.util.test.junit.AutoTests" name="[475] /home/travis/build/icyphy/ptII/ptolemy/actor/lib/test/auto/twoPublishers.xml (RunModel)" time="0.027" />
  <system-out><![CDATA[/home/travis/build/icyphy/ptII/ptolemy/actor/lib/test/AbsoluteValue.tcl
testDefs.tcl: setting time out to 9000 seconds at Sun Aug 04 05:22:37 UTC 2019
132 ms. Memory: 120832K Free: 85438K (71%)
5 ms. Memory: 120832K Free: 83911K (69%)
5 ms. Memory: 120832K Free: 82887K (69%)
5 ms. Memory: 120832K Free: 82358K (68%)
/home/travis/build/icyphy/ptII/ptolemy/actor/lib/test/AddSubtract.tcl
11 ms. Memory: 120832K Free: 80310K (66%)
7 ms. Memory: 120832K Free: 79286K (66%)
6 ms. Memory: 120832K Free: 78791K (65%)
8 ms. Memory: 120832K Free: 77767K (64%)
45 ms. Memory: 120832K Free: 75205K (62%)
6 ms. Memory: 120832K Free: 74181K (61%)
/home/travis/build/icyphy/ptII/ptolemy/actor/lib/test/Average.tcl
8 ms. Memory: 120832K Free: 72647K (60%)
8 ms. Memory: 120832K Free: 71621K (59%)
/home/travis/build/icyphy/ptII/ptolemy/actor/lib/test/Bernoulli.tcl
12 ms. Memory: 120832K Free: 69575K (58%)
6 ms. Memory: 120832K Free: 69575K (58%)
/home/travis/build/icyphy/ptII/ptolemy/actor/lib/test/Clock.tcl
preinitializing
resolving types
initializing
executing number 1
wrapping up
idle
23 ms. Memory: 120832K Free: 66503K (55%)
Completed execution with 5 iterations
preinitializing
resolving types
initializing
executing number 1
wrapping up
idle
4 ms. Memory: 120832K Free: 65974K (55%)
Completed execution with 5 iterations
preinitializing
resolving types
initializing
executing number 1
wrapping up
idle
4 ms. Memory: 120832K Free: 65479K (54%)
Completed execution with 5 iterations
/home/travis/build/icyphy/ptII/ptolemy/actor/lib/test/Commutator.tcl
11 ms. Memory: 120832K Free: 63431K (52%)
7 ms. Memory: 120832K Free: 62407K (52%)
19 ms. Memory: 120832K Free: 56758K (47%)
/home/travis/build/icyphy/ptII/ptolemy/actor/lib/test/Const.tcl
14 ms. Memory: 120832K Free: 55239K (46%)
11 ms. Memory: 120832K Free: 54725K (45%)
11 ms. Memory: 120832K Free: 54215K (45%)
3 ms. Memory: 120832K Free: 53701K (44%)
4 ms. Memory: 120832K Free: 52677K (44%)
16 ms. Memory: 120832K Free: 51143K (42%)
6 ms. Memory: 120832K Free: 50119K (41%)
13 ms. Memory: 120832K Free: 49590K (41%)
/home/travis/build/icyphy/ptII/ptolemy/actor/lib/test/CurrentTime.tcl
preinitializing
resolving types
initializing
executing number 1
wrapping up
idle
13 ms. Memory: 120832K Free: 47542K (39%)
Completed execution with 11 iterations
/home/travis/build/icyphy/ptII/ptolemy/actor/lib/test/DB.tcl
47 ms. Memory: 120832K Free: 107090K (89%)
12 ms. Memory: 120832K Free: 106580K (88%)
1 ms. Memory: 120832K Free: 106580K (88%)
/home/travis/build/icyphy/ptII/ptolemy/actor/lib/test/DiscreteRandomSource.tcl
preinitializing
resolving types
initializing
executing number 1
wrapping up
idle
4 ms. Memory: 120832K Free: 105042K (87%)
Completed execution with 4 iterations
preinitializing
resolving types
initializing
executing number 1
wrapping up
idle
2 ms. Memory: 120832K Free: 104532K (87%)
Completed execution with 4 iterations
preinitializing
resolving types
initializing
executing number 1
wrapping up
idle
2 ms. Memory: 120832K Free: 104018K (86%)
Completed execution with 4 iterations
preinitializing
resolving types
initializing
executing number 1
wrapping up
idle
3 ms. Memory: 120832K Free: 103508K (86%)
Completed execution with 4 iterations
preinitializing
resolving types
initializing
executing number 1
wrapping up
idle
4 ms. Memory: 120832K Free: 102964K (85%)
Completed execution with 4 iterations
/home/travis/build/icyphy/ptII/ptolemy/actor/lib/test/Distributor.tcl
4 ms. Memory: 120832K Free: 101460K (84%)
4 ms. Memory: 120832K Free: 100932K (84%)
StreamChangeRequest.changeExecuted(): <deleteEntity name="rec2"/> succeeded
StreamChangeRequest.changeExecuted(): <deleteRelation name="r2"/> succeeded
StreamChangeRequest.changeExecuted(): Record firings per iteration succeeded
7 ms. Memory: 120832K Free: 98388K (81%)
/home/travis/build/icyphy/ptII/ptolemy/actor/lib/test/Exit.tcl
Exit.tcl: this will print a message about Manager.exitAfterWrapup, which can be ignored.
9 ms. Memory: 120832K Free: 104904K (87%)
/home/travis/build/icyphy/ptII/ptolemy/actor/lib/test/Expression.tcl
24 ms. Memory: 120832K Free: 101364K (84%)
10 ms. Memory: 120832K Free: 100882K (83%)
3 ms. Memory: 120832K Free: 100318K (83%)
preinitializing
resolving types
initializing
executing number 1
wrapping up
idle
6 ms. Memory: 120832K Free: 98804K (82%)
Completed execution with 6 iterations
4 ms. Memory: 120832K Free: 97826K (81%)
10 ms. Memory: 120832K Free: 97246K (80%)
4 ms. Memory: 120832K Free: 95724K (79%)
8 ms. Memory: 120832K Free: 94730K (78%)
9 ms. Memory: 120832K Free: 93158K (77%)
/home/travis/build/icyphy/ptII/ptolemy/actor/lib/test/Gaussian.tcl
10 ms. Memory: 120832K Free: 91682K (76%)
sleeping 1 seconds: ....................................................................................................................................................................................................................................................................................................................................................................................................................................................................................................................................................................................................................................................................................................................................................................................................................................................................................................................................................................................................................................................................................................................................................................................................................................................................................................................................................................................................................................................................................................................................................................................................................................................................................................................................................................................................................................................................................................................................................................................................................................................................................................................................................................................................................................................................................................................................................................................................................................................................................................................................................................................................................................................................................................................................................................................................................................................................................................................................................................................................................................................................................................................................................................................................................................................................................................................................................................................................................................................................................................................................................................................................................................................................................................................................................................................................................................................................................................................................................................................................................................................................................................................................................................................................................................................................................................................................................................................................................................................................................................................................................................................................................................................................................................................................................................................................................................................................................................................................................................................................................................................................................................................................................................................................................................................................................................................................................................................................................................................................................................................................................................................................................................................................................................................................................................................................................................................................................................................................................................................................................................................................................................................................................................................................................................................................................................................................................................................................................................................................................................................................................................................................................................................................................................................................................................................................................................................................................................................................................................................................................................................................................................................................................................................................................................................................................................................................................................................................................................................................................................................................................................................................................................................................................................................................................................................................................................................................................................................................................................................................................................................................................................................................................................................................................................................................................................................................................................................................................................................................................................................................................................................................................................................................................................................................................................................................................................................................................................................................................................................................................................................................................................................................................................................................................................................................................................................................................................................................................................................................................................................................................................................................................................................................................................................................................................................................................................................................................................................................................................................................................................................................................................................................................................................................................................................................................................................................................................................................................................................................................................................................................................................................................................................................................................................................................................................................................................................................................................................................................................................................................................................................................................................................................................................................................................................................................................................................................................................................................................................................................................................................................................................................................................2 ms. Memory: 120832K Free: 104390K (86%)
2 ms. Memory: 120832K Free: 103366K (86%)
2 ms. Memory: 120832K Free: 102870K (85%)
2 ms. Memory: 120832K Free: 102342K (85%)
2 ms. Memory: 120832K Free: 101846K (84%)
/home/travis/build/icyphy/ptII/ptolemy/actor/lib/test/IIR.tcl
/home/travis/build/icyphy/ptII/ptolemy/actor/lib/test/Interpolator.tcl
4 ms. Memory: 120832K Free: 97750K (81%)
2 ms. Memory: 120832K Free: 97230K (80%)
2 ms. Memory: 120832K Free: 96726K (80%)
2 ms. Memory: 120832K Free: 96198K (80%)
2 ms. Memory: 120832K Free: 95188K (79%)
2 ms. Memory: 120832K Free: 94678K (78%)
2 ms. Memory: 120832K Free: 93654K (78%)
2 ms. Memory: 120832K Free: 92630K (77%)
2 ms. Memory: 120832K Free: 92116K (76%)
3 ms. Memory: 120832K Free: 91062K (75%)
/home/travis/build/icyphy/ptII/ptolemy/actor/lib/test/MathFunction.tcl
4 ms. Memory: 120832K Free: 89030K (74%)
3 ms. Memory: 120832K Free: 87990K (73%)
8 ms. Memory: 120832K Free: 86990K (72%)
2 ms. Memory: 120832K Free: 85958K (71%)
4 ms. Memory: 120832K Free: 84438K (70%)
7 ms. Memory: 120832K Free: 82900K (69%)
/home/travis/build/icyphy/ptII/ptolemy/actor/lib/test/Maximum.tcl
4 ms. Memory: 120832K Free: 80852K (67%)
2 ms. Memory: 120832K Free: 79828K (66%)
2 ms. Memory: 120832K Free: 79318K (66%)
2 ms. Memory: 120832K Free: 78804K (65%)
/home/travis/build/icyphy/ptII/ptolemy/actor/lib/test/Minimum.tcl
8 ms. Memory: 120832K Free: 77270K (64%)
2 ms. Memory: 120832K Free: 76246K (63%)
8 ms. Memory: 120832K Free: 75732K (63%)
3 ms. Memory: 120832K Free: 75222K (62%)
/home/travis/build/icyphy/ptII/ptolemy/actor/lib/test/MultiplyDivide.tcl
9 ms. Memory: 120832K Free: 73174K (61%)
7 ms. Memory: 120832K Free: 72630K (60%)
11 ms. Memory: 120832K Free: 71636K (59%)
3 ms. Memory: 120832K Free: 71126K (59%)
3 ms. Memory: 120832K Free: 70102K (58%)
/home/travis/build/icyphy/ptII/ptolemy/actor/lib/test/OrderedMerge.tcl
Connections changed on port: inputA
Connections changed on port: inputB
Connections changed on port: output
Connections changed on port: output
Connections changed on port: output
Connections changed on port: input
.top. Preinitializing ...
Invoking preinitialize():  .top.OrderedMerge
Called preinitialize()
Invoking preinitialize():  .top.Ramp
Called preinitialize()
Invoking preinitialize():  .top.Ramp2
Called preinitialize()
Invoking preinitialize():  .top.Test
Called preinitialize()
Connections changed on port: inputA
Connections changed on port: output
Connections changed on port: output
Connections changed on port: input
Connections changed on port: inputB
Connections changed on port: output
.top. Finished preinitialize().
Called initialize().
Invoking initialize():  .top.OrderedMerge
Initializing actor: .top.OrderedMerge
Adding a thread: .top.OrderedMerge
Invoking initialize():  .top.Ramp
Initializing actor: .top.Ramp
Adding a thread: .top.Ramp
Invoking initialize():  .top.Ramp2
Initializing actor: .top.Ramp2
Adding a thread: .top.Ramp2
Invoking initialize():  .top.Test
Initializing actor: .top.Test
Adding a thread: .top.Test
Called fire().
Checking for deadlock:
-- Starting thread.
Called initialize()
Called prefire()
Called fire()
-- Starting thread.
Called initialize()
-- Starting thread.
Called initialize()
Called prefire()
Called prefire()
Called fire()
-- Starting thread.
Called fire()
Called initialize()
Called prefire()
Called fire()
There are 0 Blocked actors, 0 Stopped actors, and 4 active threads.
Waiting for actors to stop.
Called postfire()
Called prefire()
Called fire()
Called postfire()
Called prefire()
Called fire()
Called postfire()
Called prefire()
Called fire()
Checking for deadlock:
Read input token from inputA with value 0.0
Next port to read input from is inputB
Called postfire()
Called prefire()
Called fire()
There are 3 Blocked actors, 0 Stopped actors, and 4 active threads.
Waiting for actors to stop.
Read input token from inputB with value 0.0
Called postfire()
Called prefire()
Called fire()
Sent output token with value 0.0
Next port to read input from is inputA
Called postfire()
Called prefire()
Called fire()
Read input token from inputA with value 1.0
-- Read input: 0.0, which is expected to match: 0.0
Sent output token with value 0.0
Next port to read input from is inputB
Called postfire()
Called prefire()
Called prefire()
Called fire()
Checking for deadlock:
Called fire()
There are 1 Blocked actors, 0 Stopped actors, and 4 active threads.
Waiting for actors to stop.
Called postfire()
Called prefire()
Called fire()
Read input token from inputB with value 1.5
Checking for deadlock:
There are 2 Blocked actors, 0 Stopped actors, and 4 active threads.
Waiting for actors to stop.
Called postfire()
-- Read input: 0.0, which is expected to match: 0.0
Called prefire()
Called fire()
Called prefire()
Called fire()
Checking for deadlock:
There are 3 Blocked actors, 0 Stopped actors, and 4 active threads.
Waiting for actors to stop.
-- Read input: 1.0, which is expected to match: 1.0
Called prefire()
Called fire()
Sent output token with value 1.0
Next port to read input from is inputA
Called postfire()
Called prefire()
Called fire()
Read input token from inputA with value 2.0
Sent output token with value 1.5
Next port to read input from is inputB
Called postfire()
Called prefire()
Called fire()
Read input token from inputB with value 3.0
Checking for deadlock:
There are 1 Blocked actors, 0 Stopped actors, and 4 active threads.
Waiting for actors to stop.
Called postfire()
-- Read input: 1.5, which is expected to match: 1.5
Called prefire()
Called postfire()
Called prefire()
Called fire()
Called prefire()
Called fire()
Called fire()
Checking for deadlock:
There are 3 Blocked actors, 0 Stopped actors, and 4 active threads.
Waiting for actors to stop.
Sent output token with value 2.0
Next port to read input from is inputA
Called postfire()
Called prefire()
-- Read input: 2.0, which is expected to match: 2.0
Called prefire()
Called fire()
Called fire()
Read input token from inputA with value 3.0
Sent output token with value 3.0
Next port to read input from is inputB
Called postfire()
Called prefire()
Called fire()
Read input token from inputB with value 4.5
Checking for deadlock:
There are 1 Blocked actors, 0 Stopped actors, and 4 active threads.
Waiting for actors to stop.
Called postfire()
-- Read input: 3.0, which is expected to match: 3.0
Called prefire()
Called prefire()
Called fire()
Called postfire()
Checking for deadlock:
Called fire()
There are 1 Blocked actors, 0 Stopped actors, and 4 active threads.
Waiting for actors to stop.
Called prefire()
Called fire()
-- Read input: 3.0, which is expected to match: 3.0
Called prefire()
Called fire()
Sent output token with value 3.0
Next port to read input from is inputA
Called postfire()
Called prefire()
Called fire()
Read input token from inputA with value 4.0
Sent output token with value 4.0
Next port to read input from is inputA
Called postfire()
Called prefire()
Called fire()
Checking for deadlock:
There are 2 Blocked actors, 0 Stopped actors, and 4 active threads.
Waiting for actors to stop.
-- Read input: 4.0, which is expected to match: 4.0
Called prefire()
Called fire()
Called postfire()
Past the end of training data. Read and discard all inputs.
Called prefire()
Called fire()
Checking for deadlock:
There are 2 Blocked actors, 0 Stopped actors, and 4 active threads.
Waiting for actors to stop.
Read input token from inputA with value 5.0
Sent output token with value 4.5
Next port to read input from is inputB
Called postfire()
Called prefire()
Called fire()
Read input token from inputB with value 6.0
Checking for deadlock:
There are 1 Blocked actors, 0 Stopped actors, and 4 active threads.
Waiting for actors to stop.
Called prefire()
Called fire()
Past the end of training data. Read and discard all inputs.
Called postfire()
Called prefire()
Called fire()
Called postfire()
Called prefire()
Called fire()
Checking for deadlock:
There are 3 Blocked actors, 0 Stopped actors, and 4 active threads.
Waiting for actors to stop.
Called prefire()
Called fire()
Past the end of training data. Read and discard all inputs.
Sent output token with value 5.0
Next port to read input from is inputA
Called postfire()
Called prefire()
Called fire()
Read input token from inputA with value 6.0
Sent output token with value 6.0
Next port to read input from is inputB
Called postfire()
Called prefire()
Called fire()
Read input token from inputB with value 7.5
Checking for deadlock:
There are 1 Blocked actors, 0 Stopped actors, and 4 active threads.
Waiting for actors to stop.
Called prefire()
Called fire()
Past the end of training data. Read and discard all inputs.
Called postfire()
Called prefire()
Called fire()
Called postfire()
Called prefire()
Called fire()
Checking for deadlock:
There are 3 Blocked actors, 0 Stopped actors, and 4 active threads.
Waiting for actors to stop.
Called prefire()
Called fire()
Past the end of training data. Read and discard all inputs.
Sent output token with value 6.0
Next port to read input from is inputA
Called postfire()
Called prefire()
Called fire()
Read input token from inputA with value 7.0
Sent output token with value 7.0
Next port to read input from is inputA
Called postfire()
Called prefire()
Called fire()
Checking for deadlock:
There are 2 Blocked actors, 0 Stopped actors, and 4 active threads.
Waiting for actors to stop.
Called prefire()
Called fire()
Past the end of training data. Read and discard all inputs.
Called postfire()
Called prefire()
Called fire()
Read input token from inputA with value 8.0
Sent output token with value 7.5
Next port to read input from is inputB
Called postfire()
Called prefire()
Called fire()
Read input token from inputB with value 9.0
Checking for deadlock:
There are 1 Blocked actors, 0 Stopped actors, and 4 active threads.
Waiting for actors to stop.
Called postfire()
Called prefire()
Called prefire()
Called fire()
Past the end of training data. Read and discard all inputs.
-- Thread wrapup() called.
Called wrapup()
Called fire()
Thread .top.Ramp is exiting.
-- Thread stopped.
Checking for deadlock:
There are 1 Blocked actors, 0 Stopped actors, and 3 active threads.
Waiting for actors to stop.
Checking for deadlock:
There are 2 Blocked actors, 0 Stopped actors, and 3 active threads.
Waiting for actors to stop.
Checking for deadlock:
Called prefire()
Called fire()
Past the end of training data. Read and discard all inputs.
Sent output token with value 8.0
Next port to read input from is inputA
Called postfire()
Called prefire()
Called fire()
There are 1 Blocked actors, 0 Stopped actors, and 3 active threads.
Waiting for actors to stop.
Checking for deadlock:
There are 2 Blocked actors, 0 Stopped actors, and 3 active threads.
Waiting for actors to stop.
Read input token from inputA with value 9.0
Called prefire()
Called fire()
Past the end of training data. Read and discard all inputs.
Checking for deadlock:
There are 2 Blocked actors, 0 Stopped actors, and 3 active threads.
Waiting for actors to stop.
Sent output token with value 9.0
Next port to read input from is inputB
Called postfire()
Called prefire()
Called fire()
Called postfire()
Called prefire()
Called fire()
Checking for deadlock:
There are 2 Blocked actors, 0 Stopped actors, and 3 active threads.
Waiting for actors to stop.
Read input token from inputB with value 10.5
Called prefire()
Called fire()
Past the end of training data. Read and discard all inputs.
Checking for deadlock:
There are 2 Blocked actors, 0 Stopped actors, and 3 active threads.
Waiting for actors to stop.
Sent output token with value 9.0
Next port to read input from is inputA
Called postfire()
Called prefire()
Called fire()
Checking for deadlock:
There are 3 Blocked actors, 0 Stopped actors, and 3 active threads.
Actors have stopped.
Checking for deadlock:
There are 3 Blocked actors, 0 Stopped actors, and 3 active threads.
Deadlock detected.
Resolving Deadlock
Checking for deadlock:
There are 3 Blocked actors, 0 Stopped actors, and 3 active threads.
Artificial Deadlock - increasing queue capacity.
increasing the capacity of receiver ptolemy.actor.TypedIOPort {.top.OrderedMerge.inputB} to 2
-- Thread wrapup() called.
Called wrapup()
Thread .top.Ramp2 is exiting.
-- Thread stopped.
Director: Called postfire().
Called postfire().
_stopRequested = false
_stopFireRequested = false
Returning from postfire(): true
Called fire().
Checking for deadlock:
There are 2 Blocked actors, 0 Stopped actors, and 2 active threads.
Actors have stopped.
Checking for deadlock:
There are 2 Blocked actors, 0 Stopped actors, and 2 active threads.
Deadlock detected.
Resolving Deadlock
Checking for deadlock:
There are 2 Blocked actors, 0 Stopped actors, and 2 active threads.
Deadlock detected: no processes blocked on write, but some are blocked on read.
Called postfire().
_stopRequested = false
_stopFireRequested = false
Returning from postfire(): false
Finished deactivating branches.
Called wrapup().
-- Thread wrapup() called.
Called wrapup()
Thread .top.Test is exiting.
-- Thread stopped.
-- Blocked Receiver call threw TerminateProcessException.
-- Thread wrapup() called.
Called wrapup()
Thread .top.OrderedMerge is exiting.
-- Thread stopped.
-- Blocked Receiver call threw TerminateProcessException.
63 ms. Memory: 120832K Free: 66006K (55%)
.top. Preinitializing ...
Invoking preinitialize():  .top.OrderedMerge
Called preinitialize()
Invoking preinitialize():  .top.Ramp
Called preinitialize()
Invoking preinitialize():  .top.Ramp2
Called preinitialize()
Invoking preinitialize():  .top.Test
Called preinitialize()
.top. Finished preinitialize().
Called initialize().
Invoking initialize():  .top.OrderedMerge
Initializing actor: .top.OrderedMerge
Adding a thread: .top.OrderedMerge
Invoking initialize():  .top.Ramp
Initializing actor: .top.Ramp
Adding a thread: .top.Ramp
Invoking initialize():  .top.Ramp2
Initializing actor: .top.Ramp2
Adding a thread: .top.Ramp2
Invoking initialize():  .top.Test
Initializing actor: .top.Test
Adding a thread: .top.Test
-- Starting thread.
Called initialize()
Called prefire()
Called fire()
Called postfire()
Called prefire()
Called fire()
-- Starting thread.
Called initialize()
Called prefire()
Called fire()
Called postfire()
Called prefire()
Called fire()
Called fire().
Checking for deadlock:
There are 2 Blocked actors, 0 Stopped actors, and 4 active threads.
Waiting for actors to stop.
-- Starting thread.
Called initialize()
Called prefire()
Called fire()
Checking for deadlock:
There are 3 Blocked actors, 0 Stopped actors, and 4 active threads.
Waiting for actors to stop.
-- Starting thread.
Called initialize()
Called prefire()
Called fire()
Checking for deadlock:
There are 2 Blocked actors, 0 Stopped actors, and 4 active threads.
Waiting for actors to stop.
Called postfire()
Called prefire()
Called fire()
Checking for deadlock:
There are 3 Blocked actors, 0 Stopped actors, and 4 active threads.
Waiting for actors to stop.
Read input token from inputA with value 0.0
Next port to read input from is inputB
Called postfire()
Called prefire()
Called fire()
Called postfire()
Called prefire()
Called fire()
Checking for deadlock:
There are 3 Blocked actors, 0 Stopped actors, and 4 active threads.
Waiting for actors to stop.
Read input token from inputB with value 0.0
-- Read input: 0.0, which is expected to match: 0.0
Called prefire()
Called fire()
Checking for deadlock:
There are 3 Blocked actors, 0 Stopped actors, and 4 active threads.
Waiting for actors to stop.
Sent output token with value 0.0
Next port to read input from is inputA
Called postfire()
Called prefire()
Called fire()
Checking for deadlock:
There are 2 Blocked actors, 0 Stopped actors, and 4 active threads.
Waiting for actors to stop.
Called postfire()
Called prefire()
Called fire()
Checking for deadlock:
There are 3 Blocked actors, 0 Stopped actors, and 4 active threads.
Waiting for actors to stop.
Read input token from inputA with value 1.0
Checking for deadlock:
There are 2 Blocked actors, 0 Stopped actors, and 4 active threads.
Waiting for actors to stop.
-- Read input: 0.0, which is expected to match: 0.0
Called prefire()
Called fire()
Checking for deadlock:
There are 3 Blocked actors, 0 Stopped actors, and 4 active threads.
Waiting for actors to stop.
Sent output token with value 0.0
Next port to read input from is inputB
Called postfire()
Called prefire()
Called fire()
Checking for deadlock:
There are 2 Blocked actors, 0 Stopped actors, and 4 active threads.
Waiting for actors to stop.
Called postfire()
Called prefire()
Called fire()
Checking for deadlock:
There are 3 Blocked actors, 0 Stopped actors, and 4 active threads.
Waiting for actors to stop.
Read input token from inputB with value 1.5
Checking for deadlock:
There are 2 Blocked actors, 0 Stopped actors, and 4 active threads.
Waiting for actors to stop.
-- Read input: 1.0, which is expected to match: 1.0
Called prefire()
Called fire()
Checking for deadlock:
There are 3 Blocked actors, 0 Stopped actors, and 4 active threads.
Waiting for actors to stop.
Sent output token with value 1.0
Next port to read input from is inputA
Called postfire()
Called prefire()
Called fire()
Checking for deadlock:
There are 2 Blocked actors, 0 Stopped actors, and 4 active threads.
Waiting for actors to stop.
Read input token from inputA with value 2.0
Called postfire()
Called prefire()
Called fire()
Checking for deadlock:
There are 3 Blocked actors, 0 Stopped actors, and 4 active threads.
Waiting for actors to stop.
Checking for deadlock:
There are 2 Blocked actors, 0 Stopped actors, and 4 active threads.
Waiting for actors to stop.
-- Read input: 1.5, which is expected to match: 1.5
Called prefire()
Called fire()
Checking for deadlock:
There are 3 Blocked actors, 0 Stopped actors, and 4 active threads.
Waiting for actors to stop.
Sent output token with value 1.5
Next port to read input from is inputB
Called postfire()
Called prefire()
Called fire()
Called postfire()
Called prefire()
Called fire()
Checking for deadlock:
There are 3 Blocked actors, 0 Stopped actors, and 4 active threads.
Waiting for actors to stop.
Read input token from inputB with value 3.0
Checking for deadlock:
There are 2 Blocked actors, 0 Stopped actors, and 4 active threads.
Waiting for actors to stop.
-- Read input: 2.0, which is expected to match: 2.0
Called prefire()
Called fire()
Checking for deadlock:
There are 3 Blocked actors, 0 Stopped actors, and 4 active threads.
Waiting for actors to stop.
Sent output token with value 2.0
Next port to read input from is inputA
Called postfire()
Called prefire()
Called fire()
Checking for deadlock:
There are 2 Blocked actors, 0 Stopped actors, and 4 active threads.
Waiting for actors to stop.
Called postfire()
Called prefire()
Called fire()
Checking for deadlock:
There are 3 Blocked actors, 0 Stopped actors, and 4 active threads.
Waiting for actors to stop.
Read input token from inputA with value 3.0
Checking for deadlock:
There are 2 Blocked actors, 0 Stopped actors, and 4 active threads.
Waiting for actors to stop.
-- Read input: 3.0, which is expected to match: 3.0
Called prefire()
Called fire()
Checking for deadlock:
There are 3 Blocked actors, 0 Stopped actors, and 4 active threads.
Waiting for actors to stop.
Sent output token with value 3.0
Next port to read input from is inputB
Called postfire()
Called prefire()
Called fire()
Called postfire()
Called prefire()
Called fire()
Checking for deadlock:
There are 3 Blocked actors, 0 Stopped actors, and 4 active threads.
Waiting for actors to stop.
Read input token from inputB with value 4.5
-- Read input: 3.0, which is expected to match: 3.0
Called prefire()
Called fire()
Checking for deadlock:
There are 3 Blocked actors, 0 Stopped actors, and 4 active threads.
Waiting for actors to stop.
Sent output token with value 3.0
Next port to read input from is inputA
Called postfire()
Called prefire()
Called fire()
Checking for deadlock:
There are 2 Blocked actors, 0 Stopped actors, and 4 active threads.
Waiting for actors to stop.
Called postfire()
Called prefire()
Called fire()
Checking for deadlock:
There are 3 Blocked actors, 0 Stopped actors, and 4 active threads.
Waiting for actors to stop.
Read input token from inputA with value 4.0
Checking for deadlock:
There are 2 Blocked actors, 0 Stopped actors, and 4 active threads.
Waiting for actors to stop.
-- Read input: 4.0, which is expected to match: 4.0
Called prefire()
Called fire()
Past the end of training data. Read and discard all inputs.
Checking for deadlock:
There are 3 Blocked actors, 0 Stopped actors, and 4 active threads.
Waiting for actors to stop.
Sent output token with value 4.0
Next port to read input from is inputA
Called postfire()
Called prefire()
Called fire()
Checking for deadlock:
There are 2 Blocked actors, 0 Stopped actors, and 4 active threads.
Waiting for actors to stop.
Called postfire()
Called prefire()
Called fire()
Checking for deadlock:
There are 3 Blocked actors, 0 Stopped actors, and 4 active threads.
Waiting for actors to stop.
Read input token from inputA with value 5.0
Checking for deadlock:
There are 2 Blocked actors, 0 Stopped actors, and 4 active threads.
Waiting for actors to stop.
Called prefire()
Called fire()
Past the end of training data. Read and discard all inputs.
Checking for deadlock:
There are 3 Blocked actors, 0 Stopped actors, and 4 active threads.
Waiting for actors to stop.
Sent output token with value 4.5
Next port to read input from is inputB
Called postfire()
Called prefire()
Called fire()
Called postfire()
Called prefire()
Called fire()
Checking for deadlock:
There are 3 Blocked actors, 0 Stopped actors, and 4 active threads.
Waiting for actors to stop.
Read input token from inputB with value 6.0
Called prefire()
Called fire()
Past the end of training data. Read and discard all inputs.
Checking for deadlock:
There are 3 Blocked actors, 0 Stopped actors, and 4 active threads.
Waiting for actors to stop.
Sent output token with value 5.0
Next port to read input from is inputA
Called postfire()
Called prefire()
Called fire()
Checking for deadlock:
There are 2 Blocked actors, 0 Stopped actors, and 4 active threads.
Waiting for actors to stop.
Called postfire()
Called prefire()
Called fire()
Checking for deadlock:
There are 3 Blocked actors, 0 Stopped actors, and 4 active threads.
Waiting for actors to stop.
Read input token from inputA with value 6.0
Checking for deadlock:
There are 2 Blocked actors, 0 Stopped actors, and 4 active threads.
Waiting for actors to stop.
Called prefire()
Called fire()
Past the end of training data. Read and discard all inputs.
Checking for deadlock:
There are 3 Blocked actors, 0 Stopped actors, and 4 active threads.
Waiting for actors to stop.
Sent output token with value 6.0
Next port to read input from is inputB
Called postfire()
Called prefire()
Called fire()
Called postfire()
Called prefire()
Called fire()
Checking for deadlock:
There are 3 Blocked actors, 0 Stopped actors, and 4 active threads.
Waiting for actors to stop.
Read input token from inputB with value 7.5
Called prefire()
Called fire()
Past the end of training data. Read and discard all inputs.
Checking for deadlock:
There are 3 Blocked actors, 0 Stopped actors, and 4 active threads.
Waiting for actors to stop.
Sent output token with value 6.0
Next port to read input from is inputA
Called postfire()
Called prefire()
Called fire()
Checking for deadlock:
There are 2 Blocked actors, 0 Stopped actors, and 4 active threads.
Waiting for actors to stop.
Called postfire()
Called prefire()
Called fire()
Checking for deadlock:
There are 3 Blocked actors, 0 Stopped actors, and 4 active threads.
Waiting for actors to stop.
Read input token from inputA with value 7.0
Checking for deadlock:
There are 2 Blocked actors, 0 Stopped actors, and 4 active threads.
Waiting for actors to stop.
Called prefire()
Called fire()
Past the end of training data. Read and discard all inputs.
Checking for deadlock:
There are 3 Blocked actors, 0 Stopped actors, and 4 active threads.
Waiting for actors to stop.
Sent output token with value 7.0
Next port to read input from is inputA
Called postfire()
Called prefire()
Called fire()
Checking for deadlock:
There are 2 Blocked actors, 0 Stopped actors, and 4 active threads.
Waiting for actors to stop.
-- Thread wrapup() called.
Called wrapup()
Thread .top.Ramp is exiting.
-- Thread stopped.
Checking for deadlock:
There are 2 Blocked actors, 0 Stopped actors, and 3 active threads.
Waiting for actors to stop.
Read input token from inputA with value 8.0
Called prefire()
Called fire()
Past the end of training data. Read and discard all inputs.
Checking for deadlock:
There are 2 Blocked actors, 0 Stopped actors, and 3 active threads.
Waiting for actors to stop.
Sent output token with value 7.5
Next port to read input from is inputB
Called postfire()
Called prefire()
Called fire()
Checking for deadlock:
There are 1 Blocked actors, 0 Stopped actors, and 3 active threads.
Waiting for actors to stop.
Called postfire()
Called prefire()
Called fire()
Checking for deadlock:
There are 2 Blocked actors, 0 Stopped actors, and 3 active threads.
Waiting for actors to stop.
Read input token from inputB with value 9.0
Checking for deadlock:
There are 1 Blocked actors, 0 Stopped actors, and 3 active threads.
Waiting for actors to stop.
Called prefire()
Called fire()
Past the end of training data. Read and discard all inputs.
Checking for deadlock:
There are 2 Blocked actors, 0 Stopped actors, and 3 active threads.
Waiting for actors to stop.
Sent output token with value 8.0
Next port to read input from is inputA
Called postfire()
Called prefire()
Called fire()
Read input token from inputA with value 9.0
Called prefire()
Called fire()
Past the end of training data. Read and discard all inputs.
Checking for deadlock:
There are 2 Blocked actors, 0 Stopped actors, and 3 active threads.
Waiting for actors to stop.
Sent output token with value 9.0
Next port to read input from is inputB
Called postfire()
Called prefire()
Called fire()
Called postfire()
Called prefire()
Called fire()
Checking for deadlock:
There are 2 Blocked actors, 0 Stopped actors, and 3 active threads.
Waiting for actors to stop.
Read input token from inputB with value 10.5
Called prefire()
Called fire()
Past the end of training data. Read and discard all inputs.
Checking for deadlock:
There are 2 Blocked actors, 0 Stopped actors, and 3 active threads.
Waiting for actors to stop.
Sent output token with value 9.0
Next port to read input from is inputA
Called postfire()
Called prefire()
Called fire()
Checking for deadlock:
There are 3 Blocked actors, 0 Stopped actors, and 3 active threads.
Actors have stopped.
Checking for deadlock:
There are 3 Blocked actors, 0 Stopped actors, and 3 active threads.
Deadlock detected.
Resolving Deadlock
Checking for deadlock:
There are 3 Blocked actors, 0 Stopped actors, and 3 active threads.
Artificial Deadlock - increasing queue capacity.
increasing the capacity of receiver ptolemy.actor.TypedIOPort {.top.OrderedMerge.inputB} to 2
Director: Called postfire().
Called postfire().
_stopRequested = false
_stopFireRequested = false
Returning from postfire(): true
Called fire().
Checking for deadlock:
There are 2 Blocked actors, 0 Stopped actors, and 3 active threads.
Waiting for actors to stop.
-- Thread wrapup() called.
Called wrapup()
Thread .top.Ramp2 is exiting.
-- Thread stopped.
Checking for deadlock:
There are 2 Blocked actors, 0 Stopped actors, and 2 active threads.
Actors have stopped.
Checking for deadlock:
There are 2 Blocked actors, 0 Stopped actors, and 2 active threads.
Deadlock detected.
Resolving Deadlock
Checking for deadlock:
There are 2 Blocked actors, 0 Stopped actors, and 2 active threads.
Deadlock detected: no processes blocked on write, but some are blocked on read.
Called postfire().
_stopRequested = false
_stopFireRequested = false
Returning from postfire(): false
Finished deactivating branches.
Called wrapup().
-- Thread wrapup() called.
Called wrapup()
-- Thread wrapup() called.
Called wrapup()
Thread .top.Test is exiting.
-- Thread stopped.
-- Blocked Receiver call threw TerminateProcessException.
Thread .top.OrderedMerge is exiting.
27 ms. Memory: 120832K Free: 63485K (53%)
/home/travis/build/icyphy/ptII/ptolemy/actor/lib/test/Publisher.tcl
-- Thread stopped.
-- Blocked Receiver call threw TerminateProcessException.
33 ms. Memory: 147456K Free: 129884K (88%)
7 ms. Memory: 147456K Free: 124764K (85%)
8 ms. Memory: 147456K Free: 131178K (89%)
4 ms. Memory: 147456K Free: 130154K (88%)
19 ms. Memory: 147456K Free: 129640K (88%)
4 ms. Memory: 147456K Free: 128602K (87%)
8 ms. Memory: 147456K Free: 127586K (87%)
3 ms. Memory: 147456K Free: 127082K (86%)
25 ms. Memory: 147456K Free: 116842K (79%)
6 ms. Memory: 147456K Free: 113242K (77%)
3 ms. Memory: 147456K Free: 112232K (76%)
4 ms. Memory: 147456K Free: 110170K (75%)
17 ms. Memory: 147456K Free: 102506K (70%)
5 ms. Memory: 147456K Free: 93290K (63%)
19 ms. Memory: 147456K Free: 130762K (89%)
/home/travis/build/icyphy/ptII/ptolemy/actor/lib/test/Pulse.tcl
4 ms. Memory: 147456K Free: 92874K (63%)
9 ms. Memory: 147456K Free: 92360K (63%)
6 ms. Memory: 147456K Free: 91850K (62%)
3 ms. Memory: 147456K Free: 91306K (62%)
1 ms. Memory: 147456K Free: 90826K (62%)
8 ms. Memory: 147456K Free: 89802K (61%)
8 ms. Memory: 147456K Free: 88778K (60%)
1 ms. Memory: 147456K Free: 88264K (60%)
2 ms. Memory: 147456K Free: 87210K (59%)
/home/travis/build/icyphy/ptII/ptolemy/actor/lib/test/Ramp.tcl
7 ms. Memory: 147456K Free: 85192K (58%)
3 ms. Memory: 147456K Free: 84682K (57%)
6 ms. Memory: 147456K Free: 84162K (57%)
2 ms. Memory: 147456K Free: 83130K (56%)
5 ms. Memory: 147456K Free: 82634K (56%)
8 ms. Memory: 147456K Free: 81610K (55%)
7 ms. Memory: 147456K Free: 80586K (55%)
5 actors
5000 microseconds per iteration to create
11 ms. Memory: 147456K Free: 78010K (53%)
1 ms. Memory: 147456K Free: 77514K (53%)
1 ms. Memory: 147456K Free: 76490K (52%)
6 ms. Memory: 147456K Free: 75962K (52%)
50 actors
69000 microseconds per iteration to create
46 ms. Memory: 147456K Free: 117958K (80%)
14 ms. Memory: 147456K Free: 116934K (79%)
12 ms. Memory: 147456K Free: 115910K (79%)
25 ms. Memory: 147456K Free: 114886K (78%)
500 actors
1665000 microseconds per iteration to create
302 ms. Memory: 177152K Free: 121487K (69%)
38 ms. Memory: 177152K Free: 115853K (65%)
54 ms. Memory: 177152K Free: 110733K (63%)
39 ms. Memory: 177152K Free: 105613K (60%)
/home/travis/build/icyphy/ptII/ptolemy/actor/lib/test/RampContinuous.tcl
9 ms. Memory: 177152K Free: 104079K (59%)
/home/travis/build/icyphy/ptII/ptolemy/actor/lib/test/RecordAssembler.tcl
6 ms. Memory: 177152K Free: 102510K (58%)
3 ms. Memory: 177152K Free: 101502K (57%)
/home/travis/build/icyphy/ptII/ptolemy/actor/lib/test/RecordDisassembler.tcl
15 ms. Memory: 177152K Free: 99983K (56%)
3 ms. Memory: 177152K Free: 99462K (56%)
6 ms. Memory: 177152K Free: 97935K (55%)
/home/travis/build/icyphy/ptII/ptolemy/actor/lib/test/Scale.tcl
2 ms. Memory: 177152K Free: 96382K (54%)
2 ms. Memory: 177152K Free: 95373K (54%)
1 ms. Memory: 177152K Free: 94863K (54%)
3 ms. Memory: 177152K Free: 93839K (53%)
3 ms. Memory: 177152K Free: 92815K (52%)
/home/travis/build/icyphy/ptII/ptolemy/actor/lib/test/SequentialClock.tcl
preinitializing
resolving types
initializing
executing number 1
wrapping up
idle
5 ms. Memory: 177152K Free: 91791K (52%)
Completed execution with 5 iterations
preinitializing
resolving types
initializing
executing number 1
wrapping up
idle
1 ms. Memory: 177152K Free: 91277K (52%)
Completed execution with 5 iterations
preinitializing
resolving types
initializing
executing number 1
wrapping up
idle
2 ms. Memory: 177152K Free: 90767K (51%)
Completed execution with 5 iterations
/home/travis/build/icyphy/ptII/ptolemy/actor/lib/test/SetVariable.tcl
6 ms. Memory: 177152K Free: 88719K (50%)


==== $PTII/ptolemy/actor/lib/test/SetVariable.tcl: SetVariable-3.1 changeFailed
==== Contents of test case:

    #Uses 2.1 above
    jdkCaptureErr {
        # This test was failing if we ran Exit.tcl and then this test.
        # MessageHandler.error() now actually throws the Exception.
	catch {$setVariable changeFailed [java::null]  [java::new Exception {Test exception for SetVariable.changeFailed()}]} errMsg
    } results
    list [string range $results 0 89] "\n" $errMsg

==== Result was:
{java.lang.Exception: Test exception for SetVariable.changeFailed()
	at java.base/jdk.inter} {
} {java.lang.RuntimeException: java.lang.Exception: Test exception for SetVariable.changeFailed()}
---- Result should have been:
{Failed to set variable.
java.lang.Exception: Test exception for SetVariable.changeFailed()} {
} {java.lang.RuntimeException: java.lang.Exception: Test exception for SetVariable.changeFailed()}
---- SetVariable-3.1 FAILED
/home/travis/build/icyphy/ptII/ptolemy/actor/lib/test/Sinewave.tcl
/home/travis/build/icyphy/ptII/ptolemy/actor/lib/test/SubscriptionAggregator.tcl
4 ms. Memory: 177152K Free: 76941K (43%)
3 ms. Memory: 177152K Free: 76431K (43%)
0 ms. Memory: 177152K Free: 75917K (43%)
1 ms. Memory: 177152K Free: 75407K (43%)
2 ms. Memory: 177152K Free: 152440K (86%)
8 ms. Memory: 177152K Free: 150407K (85%)
...............................................................1037 ms. Memory: 242688K Free: 110648K (46%)
/home/travis/build/icyphy/ptII/ptolemy/actor/lib/test/Test.tcl
 The next command will produce a warning about training mode,
   which may be ignored.
10 ms. Memory: 242688K Free: 108600K (45%)
6 ms. Memory: 242688K Free: 107576K (44%)
9 ms. Memory: 242688K Free: 107047K (44%)
2 ms. Memory: 242688K Free: 106552K (44%)
2 ms. Memory: 242688K Free: 106023K (44%)
11 ms. Memory: 242688K Free: 104504K (43%)
10 ms. Memory: 242688K Free: 103480K (43%)
 The next command will produce a warning about training mode,
   which may be ignored.
11 ms. Memory: 242688K Free: 100918K (42%)
 The next command will produce a warning about training mode,
   which may be ignored.
3 ms. Memory: 242688K Free: 99879K (41%)
1 ms. Memory: 242688K Free: 99384K (41%)
1 ms. Memory: 242688K Free: 98870K (41%)
3 ms. Memory: 242688K Free: 98360K (41%)
7 ms. Memory: 242688K Free: 97336K (40%)
3 ms. Memory: 242688K Free: 93240K (38%)
/home/travis/build/icyphy/ptII/ptolemy/actor/lib/test/TestExceptionHandler.tcl
 The next command will produce a warning about training mode,
   which may be ignored.
3 ms. Memory: 242688K Free: 92216K (38%)
1 ms. Memory: 242688K Free: 91702K (38%)
1 ms. Memory: 242688K Free: 91192K (38%)
/home/travis/build/icyphy/ptII/ptolemy/actor/lib/test/UnionDisassembler.tcl
26 ms. Memory: 242688K Free: 84024K (35%)
/home/travis/build/icyphy/ptII/ptolemy/actor/lib/test/VariableClock.tcl
preinitializing
resolving types
initializing
executing number 1
wrapping up
idle
11 ms. Memory: 242688K Free: 81976K (34%)
Completed execution with 11 iterations
preinitializing
resolving types
initializing
executing number 1
wrapping up
idle
4 ms. Memory: 242688K Free: 80438K (33%)
Completed execution with 10 iterations
08/04/19 05:22:45
Failed: 1  Total Tests: 234  ((Passed: 233, Newly Passed: 0)  Known Failed: 0) /home/travis/build/icyphy/ptII/ptolemy/actor/lib/test
----------------- testing (KnownFailure) /home/travis/build/icyphy/ptII/ptolemy/actor/lib/test/auto/knownFailedTests/PublisherPortToplevelSubscriber.xml
5 ms. Memory: 242688K Free: 77366K (32%)
Known Failure: java.lang.reflect.InvocationTargetException
----------------- testing (KnownFailure) /home/travis/build/icyphy/ptII/ptolemy/actor/lib/test/auto/knownFailedTests/PublisherSubscriberPortToplevel.xml
2 ms. Memory: 242688K Free: 195410K (81%)
Known Failure: java.lang.reflect.InvocationTargetException
----------------- testing (KnownFailure) /home/travis/build/icyphy/ptII/ptolemy/actor/lib/test/auto/knownFailedTests/PublisherSubscriptionAggregatorPort.xml
0 ms. Memory: 242688K Free: 190800K (79%)
Known Failure: java.lang.reflect.InvocationTargetException
----------------- testing (KnownFailure) /home/travis/build/icyphy/ptII/ptolemy/actor/lib/test/auto/knownFailedTests/sizedarray3.xml
4 ms. Memory: 242688K Free: 186194K (77%)
Known Failure: java.lang.reflect.InvocationTargetException
No auto/linux-amd64/*.xml tests in /home/travis/build/icyphy/ptII/ptolemy/actor/lib/test
AutoTests.java: About to close Vertx.
AutoTests.java: Vertx closed.

===========================================================================================
----------------- testing Sun Aug 04 05:22:46 UTC 2019 /home/travis/build/icyphy/ptII/ptolemy/actor/lib/test/auto/AbsoluteValue.xml
----------------- Instantiating /home/travis/build/icyphy/ptII/ptolemy/actor/lib/test/auto/AbsoluteValue.xml
3 ms. Memory: 242688K Free: 164176K (68%)
----------------- Invoking toplevel() on ptolemy.moml.MoMLSimpleApplication@1e5c5a37
----------------- Done invoking toplevel() on ptolemy.moml.MoMLSimpleApplication@1e5c5a37
reloadAllAccessors: .AbsoluteValue

===========================================================================================
----------------- testing Sun Aug 04 05:22:46 UTC 2019 /home/travis/build/icyphy/ptII/ptolemy/actor/lib/test/auto/AbsoluteValue2.xml
----------------- Instantiating /home/travis/build/icyphy/ptII/ptolemy/actor/lib/test/auto/AbsoluteValue2.xml
6 ms. Memory: 242688K Free: 157008K (65%)
----------------- Invoking toplevel() on ptolemy.moml.MoMLSimpleApplication@3586a335
----------------- Done invoking toplevel() on ptolemy.moml.MoMLSimpleApplication@3586a335
reloadAllAccessors: .AbsoluteValue2

===========================================================================================
----------------- testing Sun Aug 04 05:22:46 UTC 2019 /home/travis/build/icyphy/ptII/ptolemy/actor/lib/test/auto/Accumulator.xml
----------------- Instantiating /home/travis/build/icyphy/ptII/ptolemy/actor/lib/test/auto/Accumulator.xml
7 ms. Memory: 242688K Free: 150864K (62%)
----------------- Invoking toplevel() on ptolemy.moml.MoMLSimpleApplication@5c5e9b36
----------------- Done invoking toplevel() on ptolemy.moml.MoMLSimpleApplication@5c5e9b36
reloadAllAccessors: .Accumulator

===========================================================================================
----------------- testing Sun Aug 04 05:22:46 UTC 2019 /home/travis/build/icyphy/ptII/ptolemy/actor/lib/test/auto/Accumulator2.xml
----------------- Instantiating /home/travis/build/icyphy/ptII/ptolemy/actor/lib/test/auto/Accumulator2.xml
3 ms. Memory: 242688K Free: 145744K (60%)
----------------- Invoking toplevel() on ptolemy.moml.MoMLSimpleApplication@773636f4
----------------- Done invoking toplevel() on ptolemy.moml.MoMLSimpleApplication@773636f4
reloadAllAccessors: .Accumulator2

===========================================================================================
----------------- testing Sun Aug 04 05:22:46 UTC 2019 /home/travis/build/icyphy/ptII/ptolemy/actor/lib/test/auto/Accumulator3.xml
----------------- Instantiating /home/travis/build/icyphy/ptII/ptolemy/actor/lib/test/auto/Accumulator3.xml
3 ms. Memory: 242688K Free: 141138K (58%)
----------------- Invoking toplevel() on ptolemy.moml.MoMLSimpleApplication@7a93ed60
----------------- Done invoking toplevel() on ptolemy.moml.MoMLSimpleApplication@7a93ed60
reloadAllAccessors: .Accumulator3

===========================================================================================
----------------- testing Sun Aug 04 05:22:46 UTC 2019 /home/travis/build/icyphy/ptII/ptolemy/actor/lib/test/auto/ArrayAppend.xml
----------------- Instantiating /home/travis/build/icyphy/ptII/ptolemy/actor/lib/test/auto/ArrayAppend.xml
8 ms. Memory: 242688K Free: 134994K (56%)
----------------- Invoking toplevel() on ptolemy.moml.MoMLSimpleApplication@507fb4db
----------------- Done invoking toplevel() on ptolemy.moml.MoMLSimpleApplication@507fb4db
reloadAllAccessors: .ArrayAppend

===========================================================================================
----------------- testing Sun Aug 04 05:22:46 UTC 2019 /home/travis/build/icyphy/ptII/ptolemy/actor/lib/test/auto/ArrayAppend2.xml
----------------- Instantiating /home/travis/build/icyphy/ptII/ptolemy/actor/lib/test/auto/ArrayAppend2.xml
473 ms. Memory: 399360K Free: 333486K (84%)
----------------- Invoking toplevel() on ptolemy.moml.MoMLSimpleApplication@21a2a855
----------------- Done invoking toplevel() on ptolemy.moml.MoMLSimpleApplication@21a2a855
reloadAllAccessors: .ArrayAppend2

===========================================================================================
----------------- testing Sun Aug 04 05:22:47 UTC 2019 /home/travis/build/icyphy/ptII/ptolemy/actor/lib/test/auto/ArrayAppend3.xml
----------------- Instantiating /home/travis/build/icyphy/ptII/ptolemy/actor/lib/test/auto/ArrayAppend3.xml
3 ms. Memory: 399360K Free: 327342K (82%)
----------------- Invoking toplevel() on ptolemy.moml.MoMLSimpleApplication@4412bd74
----------------- Done invoking toplevel() on ptolemy.moml.MoMLSimpleApplication@4412bd74
reloadAllAccessors: .ArrayAppend3

===========================================================================================
----------------- testing Sun Aug 04 05:22:47 UTC 2019 /home/travis/build/icyphy/ptII/ptolemy/actor/lib/test/auto/ArrayAppend4.xml
----------------- Instantiating /home/travis/build/icyphy/ptII/ptolemy/actor/lib/test/auto/ArrayAppend4.xml
3 ms. Memory: 399360K Free: 322222K (81%)
----------------- Invoking toplevel() on ptolemy.moml.MoMLSimpleApplication@46419373
----------------- Done invoking toplevel() on ptolemy.moml.MoMLSimpleApplication@46419373
reloadAllAccessors: .ArrayAppend4

===========================================================================================
----------------- testing Sun Aug 04 05:22:47 UTC 2019 /home/travis/build/icyphy/ptII/ptolemy/actor/lib/test/auto/ArrayAppend5.xml
----------------- Instantiating /home/travis/build/icyphy/ptII/ptolemy/actor/lib/test/auto/ArrayAppend5.xml
4 ms. Memory: 399360K Free: 317102K (79%)
----------------- Invoking toplevel() on ptolemy.moml.MoMLSimpleApplication@607deb35
----------------- Done invoking toplevel() on ptolemy.moml.MoMLSimpleApplication@607deb35
reloadAllAccessors: .ArrayAppend5

===========================================================================================
----------------- testing Sun Aug 04 05:22:47 UTC 2019 /home/travis/build/icyphy/ptII/ptolemy/actor/lib/test/auto/ArrayAppend6.xml
----------------- Instantiating /home/travis/build/icyphy/ptII/ptolemy/actor/lib/test/auto/ArrayAppend6.xml
6 ms. Memory: 399360K Free: 311982K (78%)
----------------- Invoking toplevel() on ptolemy.moml.MoMLSimpleApplication@2d61919f
----------------- Done invoking toplevel() on ptolemy.moml.MoMLSimpleApplication@2d61919f
reloadAllAccessors: .ArrayAppend6

===========================================================================================
----------------- testing Sun Aug 04 05:22:47 UTC 2019 /home/travis/build/icyphy/ptII/ptolemy/actor/lib/test/auto/ArrayAppendPerformanceTest.xml
----------------- Instantiating /home/travis/build/icyphy/ptII/ptolemy/actor/lib/test/auto/ArrayAppendPerformanceTest.xml
38 ms. Memory: 399360K Free: 300718K (75%)
----------------- Invoking toplevel() on ptolemy.moml.MoMLSimpleApplication@62e04532
----------------- Done invoking toplevel() on ptolemy.moml.MoMLSimpleApplication@62e04532
reloadAllAccessors: .ArrayAppendPerformanceTest

===========================================================================================
----------------- testing Sun Aug 04 05:22:47 UTC 2019 /home/travis/build/icyphy/ptII/ptolemy/actor/lib/test/auto/ArrayAppendWithEmptyInput.xml
----------------- Instantiating /home/travis/build/icyphy/ptII/ptolemy/actor/lib/test/auto/ArrayAppendWithEmptyInput.xml
16 ms. Memory: 399360K Free: 293036K (73%)
----------------- Invoking toplevel() on ptolemy.moml.MoMLSimpleApplication@929a158
----------------- Done invoking toplevel() on ptolemy.moml.MoMLSimpleApplication@929a158
reloadAllAccessors: .ArrayAppendWithEmptyInput

===========================================================================================
----------------- testing Sun Aug 04 05:22:47 UTC 2019 /home/travis/build/icyphy/ptII/ptolemy/actor/lib/test/auto/ArrayAverage.xml
----------------- Instantiating /home/travis/build/icyphy/ptII/ptolemy/actor/lib/test/auto/ArrayAverage.xml
6 ms. Memory: 399360K Free: 285358K (71%)
----------------- Invoking toplevel() on ptolemy.moml.MoMLSimpleApplication@81038ea
----------------- Done invoking toplevel() on ptolemy.moml.MoMLSimpleApplication@81038ea
reloadAllAccessors: .ArrayAverage

===========================================================================================
----------------- testing Sun Aug 04 05:22:47 UTC 2019 /home/travis/build/icyphy/ptII/ptolemy/actor/lib/test/auto/ArrayContains.xml
----------------- Instantiating /home/travis/build/icyphy/ptII/ptolemy/actor/lib/test/auto/ArrayContains.xml
3 ms. Memory: 399360K Free: 279214K (70%)
----------------- Invoking toplevel() on ptolemy.moml.MoMLSimpleApplication@2a109ae
----------------- Done invoking toplevel() on ptolemy.moml.MoMLSimpleApplication@2a109ae
reloadAllAccessors: .ArrayContains

===========================================================================================
----------------- testing Sun Aug 04 05:22:47 UTC 2019 /home/travis/build/icyphy/ptII/ptolemy/actor/lib/test/auto/ArrayElement.xml
----------------- Instantiating /home/travis/build/icyphy/ptII/ptolemy/actor/lib/test/auto/ArrayElement.xml
4 ms. Memory: 399360K Free: 273580K (69%)
----------------- Invoking toplevel() on ptolemy.moml.MoMLSimpleApplication@7a0b15ae
----------------- Done invoking toplevel() on ptolemy.moml.MoMLSimpleApplication@7a0b15ae
reloadAllAccessors: .ArrayElement

===========================================================================================
----------------- testing Sun Aug 04 05:22:47 UTC 2019 /home/travis/build/icyphy/ptII/ptolemy/actor/lib/test/auto/ArrayElementAsMatrix.xml
----------------- Instantiating /home/travis/build/icyphy/ptII/ptolemy/actor/lib/test/auto/ArrayElementAsMatrix.xml
26 ms. Memory: 399360K Free: 263340K (66%)
----------------- Invoking toplevel() on ptolemy.moml.MoMLSimpleApplication@2d978224
----------------- Done invoking toplevel() on ptolemy.moml.MoMLSimpleApplication@2d978224
reloadAllAccessors: .ArrayElementAsMatrix

===========================================================================================
----------------- testing Sun Aug 04 05:22:47 UTC 2019 /home/travis/build/icyphy/ptII/ptolemy/actor/lib/test/auto/ArrayElementI.xml
----------------- Instantiating /home/travis/build/icyphy/ptII/ptolemy/actor/lib/test/auto/ArrayElementI.xml
3 ms. Memory: 399360K Free: 258220K (65%)
----------------- Invoking toplevel() on ptolemy.moml.MoMLSimpleApplication@5560a109
----------------- Done invoking toplevel() on ptolemy.moml.MoMLSimpleApplication@5560a109
reloadAllAccessors: .ArrayElementI

===========================================================================================
----------------- testing Sun Aug 04 05:22:47 UTC 2019 /home/travis/build/icyphy/ptII/ptolemy/actor/lib/test/auto/ArrayExtract.xml
----------------- Instantiating /home/travis/build/icyphy/ptII/ptolemy/actor/lib/test/auto/ArrayExtract.xml
7 ms. Memory: 399360K Free: 249518K (62%)
----------------- Invoking toplevel() on ptolemy.moml.MoMLSimpleApplication@30723ecf
----------------- Done invoking toplevel() on ptolemy.moml.MoMLSimpleApplication@30723ecf
reloadAllAccessors: .ArrayExtract

===========================================================================================
----------------- testing Sun Aug 04 05:22:47 UTC 2019 /home/travis/build/icyphy/ptII/ptolemy/actor/lib/test/auto/ArrayExtract2.xml
----------------- Instantiating /home/travis/build/icyphy/ptII/ptolemy/actor/lib/test/auto/ArrayExtract2.xml
3 ms. Memory: 399360K Free: 244398K (61%)
----------------- Invoking toplevel() on ptolemy.moml.MoMLSimpleApplication@634b004c
----------------- Done invoking toplevel() on ptolemy.moml.MoMLSimpleApplication@634b004c
reloadAllAccessors: .ArrayExtract2

===========================================================================================
----------------- testing Sun Aug 04 05:22:47 UTC 2019 /home/travis/build/icyphy/ptII/ptolemy/actor/lib/test/auto/ArrayLength.xml
----------------- Instantiating /home/travis/build/icyphy/ptII/ptolemy/actor/lib/test/auto/ArrayLength.xml
2 ms. Memory: 399360K Free: 240302K (60%)
----------------- Invoking toplevel() on ptolemy.moml.MoMLSimpleApplication@4d04c90c
----------------- Done invoking toplevel() on ptolemy.moml.MoMLSimpleApplication@4d04c90c
reloadAllAccessors: .ArrayLength

===========================================================================================
----------------- testing Sun Aug 04 05:22:47 UTC 2019 /home/travis/build/icyphy/ptII/ptolemy/actor/lib/test/auto/ArrayLevelCrossing.xml
----------------- Instantiating /home/travis/build/icyphy/ptII/ptolemy/actor/lib/test/auto/ArrayLevelCrossing.xml
4 ms. Memory: 399360K Free: 232620K (58%)
----------------- Invoking toplevel() on ptolemy.moml.MoMLSimpleApplication@68f37a2
----------------- Done invoking toplevel() on ptolemy.moml.MoMLSimpleApplication@68f37a2
reloadAllAccessors: .ArrayLevelCrossing

===========================================================================================
----------------- testing Sun Aug 04 05:22:47 UTC 2019 /home/travis/build/icyphy/ptII/ptolemy/actor/lib/test/auto/ArrayLevelCrossing2.xml
----------------- Instantiating /home/travis/build/icyphy/ptII/ptolemy/actor/lib/test/auto/ArrayLevelCrossing2.xml
3 ms. Memory: 399360K Free: 225966K (57%)
----------------- Invoking toplevel() on ptolemy.moml.MoMLSimpleApplication@6b8859c7
----------------- Done invoking toplevel() on ptolemy.moml.MoMLSimpleApplication@6b8859c7
reloadAllAccessors: .ArrayLevelCrossing2

===========================================================================================
----------------- testing Sun Aug 04 05:22:47 UTC 2019 /home/travis/build/icyphy/ptII/ptolemy/actor/lib/test/auto/ArrayPeakSearch.xml
----------------- Instantiating /home/travis/build/icyphy/ptII/ptolemy/actor/lib/test/auto/ArrayPeakSearch.xml
6 ms. Memory: 399360K Free: 216750K (54%)
----------------- Invoking toplevel() on ptolemy.moml.MoMLSimpleApplication@7d1ce8c
----------------- Done invoking toplevel() on ptolemy.moml.MoMLSimpleApplication@7d1ce8c
reloadAllAccessors: .ArrayPeakSearch

===========================================================================================
----------------- testing Sun Aug 04 05:22:47 UTC 2019 /home/travis/build/icyphy/ptII/ptolemy/actor/lib/test/auto/ArrayPeakSearch2.xml
----------------- Instantiating /home/travis/build/icyphy/ptII/ptolemy/actor/lib/test/auto/ArrayPeakSearch2.xml
5 ms. Memory: 399360K Free: 206510K (52%)
----------------- Invoking toplevel() on ptolemy.moml.MoMLSimpleApplication@172fcdad
----------------- Done invoking toplevel() on ptolemy.moml.MoMLSimpleApplication@172fcdad
reloadAllAccessors: .ArrayPeakSearch2

===========================================================================================
----------------- testing Sun Aug 04 05:22:47 UTC 2019 /home/travis/build/icyphy/ptII/ptolemy/actor/lib/test/auto/ArrayPeakSearch3.xml
----------------- Instantiating /home/travis/build/icyphy/ptII/ptolemy/actor/lib/test/auto/ArrayPeakSearch3.xml
5 ms. Memory: 399360K Free: 197294K (49%)
----------------- Invoking toplevel() on ptolemy.moml.MoMLSimpleApplication@a6cbecf
----------------- Done invoking toplevel() on ptolemy.moml.MoMLSimpleApplication@a6cbecf
reloadAllAccessors: .ArrayPeakSearch3

===========================================================================================
----------------- testing Sun Aug 04 05:22:47 UTC 2019 /home/travis/build/icyphy/ptII/ptolemy/actor/lib/test/auto/ArrayRemoveElement.xml
----------------- Instantiating /home/travis/build/icyphy/ptII/ptolemy/actor/lib/test/auto/ArrayRemoveElement.xml
4 ms. Memory: 399360K Free: 189612K (47%)
----------------- Invoking toplevel() on ptolemy.moml.MoMLSimpleApplication@abfd19d
----------------- Done invoking toplevel() on ptolemy.moml.MoMLSimpleApplication@abfd19d
reloadAllAccessors: .ArrayRemoveElement

===========================================================================================
----------------- testing Sun Aug 04 05:22:47 UTC 2019 /home/travis/build/icyphy/ptII/ptolemy/actor/lib/test/auto/ArraySort.xml
----------------- Instantiating /home/travis/build/icyphy/ptII/ptolemy/actor/lib/test/auto/ArraySort.xml
7 ms. Memory: 399360K Free: 180396K (45%)
----------------- Invoking toplevel() on ptolemy.moml.MoMLSimpleApplication@2305df4b
----------------- Done invoking toplevel() on ptolemy.moml.MoMLSimpleApplication@2305df4b
reloadAllAccessors: .ArraySort

===========================================================================================
----------------- testing Sun Aug 04 05:22:47 UTC 2019 /home/travis/build/icyphy/ptII/ptolemy/actor/lib/test/auto/ArraySum.xml
----------------- Instantiating /home/travis/build/icyphy/ptII/ptolemy/actor/lib/test/auto/ArraySum.xml
5 ms. Memory: 399360K Free: 175276K (44%)
----------------- Invoking toplevel() on ptolemy.moml.MoMLSimpleApplication@25ebbf6
----------------- Done invoking toplevel() on ptolemy.moml.MoMLSimpleApplication@25ebbf6
reloadAllAccessors: .ArraySum

===========================================================================================
----------------- testing Sun Aug 04 05:22:48 UTC 2019 /home/travis/build/icyphy/ptII/ptolemy/actor/lib/test/auto/ArrayToElements.xml
----------------- Instantiating /home/travis/build/icyphy/ptII/ptolemy/actor/lib/test/auto/ArrayToElements.xml
10 ms. Memory: 399360K Free: 169646K (42%)
----------------- Invoking toplevel() on ptolemy.moml.MoMLSimpleApplication@60279605
----------------- Done invoking toplevel() on ptolemy.moml.MoMLSimpleApplication@60279605
reloadAllAccessors: .ArrayToElements

===========================================================================================
----------------- testing Sun Aug 04 05:22:48 UTC 2019 /home/travis/build/icyphy/ptII/ptolemy/actor/lib/test/auto/ArrayToMatrix.xml
----------------- Instantiating /home/travis/build/icyphy/ptII/ptolemy/actor/lib/test/auto/ArrayToMatrix.xml
23 ms. Memory: 399360K Free: 155820K (39%)
----------------- Invoking toplevel() on ptolemy.moml.MoMLSimpleApplication@28753ab0
----------------- Done invoking toplevel() on ptolemy.moml.MoMLSimpleApplication@28753ab0
reloadAllAccessors: .ArrayToMatrix

===========================================================================================
----------------- testing Sun Aug 04 05:22:48 UTC 2019 /home/travis/build/icyphy/ptII/ptolemy/actor/lib/test/auto/ArrayUpdate1.xml
----------------- Instantiating /home/travis/build/icyphy/ptII/ptolemy/actor/lib/test/auto/ArrayUpdate1.xml
8 ms. Memory: 399360K Free: 351632K (88%)
----------------- Invoking toplevel() on ptolemy.moml.MoMLSimpleApplication@323a5c8b
----------------- Done invoking toplevel() on ptolemy.moml.MoMLSimpleApplication@323a5c8b
reloadAllAccessors: .ArrayUpdate1

===========================================================================================
----------------- testing Sun Aug 04 05:22:48 UTC 2019 /home/travis/build/icyphy/ptII/ptolemy/actor/lib/test/auto/ArrayUpdate2.xml
----------------- Instantiating /home/travis/build/icyphy/ptII/ptolemy/actor/lib/test/auto/ArrayUpdate2.xml
6 ms. Memory: 399360K Free: 344775K (86%)
----------------- Invoking toplevel() on ptolemy.moml.MoMLSimpleApplication@20b76acc
----------------- Done invoking toplevel() on ptolemy.moml.MoMLSimpleApplication@20b76acc
reloadAllAccessors: .ArrayUpdate2

===========================================================================================
----------------- testing Sun Aug 04 05:22:48 UTC 2019 /home/travis/build/icyphy/ptII/ptolemy/actor/lib/test/auto/ArrayUpdate3.xml
----------------- Instantiating /home/travis/build/icyphy/ptII/ptolemy/actor/lib/test/auto/ArrayUpdate3.xml
5 ms. Memory: 399360K Free: 339655K (85%)
----------------- Invoking toplevel() on ptolemy.moml.MoMLSimpleApplication@68580ec
----------------- Done invoking toplevel() on ptolemy.moml.MoMLSimpleApplication@68580ec
reloadAllAccessors: .ArrayUpdate3

===========================================================================================
----------------- testing Sun Aug 04 05:22:48 UTC 2019 /home/travis/build/icyphy/ptII/ptolemy/actor/lib/test/auto/Assert1.xml
----------------- Instantiating /home/travis/build/icyphy/ptII/ptolemy/actor/lib/test/auto/Assert1.xml
7 ms. Memory: 399360K Free: 335559K (84%)
----------------- Invoking toplevel() on ptolemy.moml.MoMLSimpleApplication@5c3fcb38
----------------- Done invoking toplevel() on ptolemy.moml.MoMLSimpleApplication@5c3fcb38
reloadAllAccessors: .Assert1

===========================================================================================
----------------- testing Sun Aug 04 05:22:48 UTC 2019 /home/travis/build/icyphy/ptII/ptolemy/actor/lib/test/auto/Assert2.xml
----------------- Instantiating /home/travis/build/icyphy/ptII/ptolemy/actor/lib/test/auto/Assert2.xml
4 ms. Memory: 399360K Free: 329925K (83%)
----------------- Invoking toplevel() on ptolemy.moml.MoMLSimpleApplication@2da61d86
----------------- Done invoking toplevel() on ptolemy.moml.MoMLSimpleApplication@2da61d86
reloadAllAccessors: .Assert2

===========================================================================================
----------------- testing Sun Aug 04 05:22:48 UTC 2019 /home/travis/build/icyphy/ptII/ptolemy/actor/lib/test/auto/BooleanMultiplexor.xml
----------------- Instantiating /home/travis/build/icyphy/ptII/ptolemy/actor/lib/test/auto/BooleanMultiplexor.xml
3 ms. Memory: 399360K Free: 324791K (81%)
----------------- Invoking toplevel() on ptolemy.moml.MoMLSimpleApplication@708989f1
----------------- Done invoking toplevel() on ptolemy.moml.MoMLSimpleApplication@708989f1
reloadAllAccessors: .BooleanMultiplexor

===========================================================================================
----------------- testing Sun Aug 04 05:22:48 UTC 2019 /home/travis/build/icyphy/ptII/ptolemy/actor/lib/test/auto/BooleanMultiplexor2.xml
----------------- Instantiating /home/travis/build/icyphy/ptII/ptolemy/actor/lib/test/auto/BooleanMultiplexor2.xml
15 ms. Memory: 399360K Free: 318151K (80%)
----------------- Invoking toplevel() on ptolemy.moml.MoMLSimpleApplication@4674509d
----------------- Done invoking toplevel() on ptolemy.moml.MoMLSimpleApplication@4674509d
reloadAllAccessors: .BooleanMultiplexor2

===========================================================================================
----------------- testing Sun Aug 04 05:22:48 UTC 2019 /home/travis/build/icyphy/ptII/ptolemy/actor/lib/test/auto/BooleanMultiplexor3.xml
----------------- Instantiating /home/travis/build/icyphy/ptII/ptolemy/actor/lib/test/auto/BooleanMultiplexor3.xml
2 ms. Memory: 399360K Free: 314565K (79%)
----------------- Invoking toplevel() on ptolemy.moml.MoMLSimpleApplication@37f62086
----------------- Done invoking toplevel() on ptolemy.moml.MoMLSimpleApplication@37f62086
reloadAllAccessors: .BooleanMultiplexor3

===========================================================================================
----------------- testing Sun Aug 04 05:22:48 UTC 2019 /home/travis/build/icyphy/ptII/ptolemy/actor/lib/test/auto/BooleanSelect.xml
----------------- Instantiating /home/travis/build/icyphy/ptII/ptolemy/actor/lib/test/auto/BooleanSelect.xml
9 ms. Memory: 399360K Free: 308391K (77%)
----------------- Invoking toplevel() on ptolemy.moml.MoMLSimpleApplication@325f7911
----------------- Done invoking toplevel() on ptolemy.moml.MoMLSimpleApplication@325f7911
reloadAllAccessors: .BooleanSelect

===========================================================================================
----------------- testing Sun Aug 04 05:22:48 UTC 2019 /home/travis/build/icyphy/ptII/ptolemy/actor/lib/test/auto/BooleanSelect2.xml
----------------- Instantiating /home/travis/build/icyphy/ptII/ptolemy/actor/lib/test/auto/BooleanSelect2.xml
4 ms. Memory: 399360K Free: 304325K (76%)
----------------- Invoking toplevel() on ptolemy.moml.MoMLSimpleApplication@5a2e01c6
----------------- Done invoking toplevel() on ptolemy.moml.MoMLSimpleApplication@5a2e01c6
reloadAllAccessors: .BooleanSelect2

===========================================================================================
----------------- testing Sun Aug 04 05:22:48 UTC 2019 /home/travis/build/icyphy/ptII/ptolemy/actor/lib/test/auto/BooleanSwitch.xml
----------------- Instantiating /home/travis/build/icyphy/ptII/ptolemy/actor/lib/test/auto/BooleanSwitch.xml
7 ms. Memory: 399360K Free: 298181K (75%)
----------------- Invoking toplevel() on ptolemy.moml.MoMLSimpleApplication@693ce957
----------------- Done invoking toplevel() on ptolemy.moml.MoMLSimpleApplication@693ce957
reloadAllAccessors: .BooleanSwitch

===========================================================================================
----------------- testing Sun Aug 04 05:22:48 UTC 2019 /home/travis/build/icyphy/ptII/ptolemy/actor/lib/test/auto/BooleanSwitch2.xml
----------------- Instantiating /home/travis/build/icyphy/ptII/ptolemy/actor/lib/test/auto/BooleanSwitch2.xml
1 ms. Memory: 399360K Free: 294085K (74%)
----------------- Invoking toplevel() on ptolemy.moml.MoMLSimpleApplication@5b3f98f7
----------------- Done invoking toplevel() on ptolemy.moml.MoMLSimpleApplication@5b3f98f7
reloadAllAccessors: .BooleanSwitch2

===========================================================================================
----------------- testing Sun Aug 04 05:22:48 UTC 2019 /home/travis/build/icyphy/ptII/ptolemy/actor/lib/test/auto/BooleanSwitchCloningBugWithClassRelationGroup.xml
----------------- Instantiating /home/travis/build/icyphy/ptII/ptolemy/actor/lib/test/auto/BooleanSwitchCloningBugWithClassRelationGroup.xml
2 ms. Memory: 399360K Free: 287431K (72%)
----------------- Invoking toplevel() on ptolemy.moml.MoMLSimpleApplication@4a18f7c1
----------------- Done invoking toplevel() on ptolemy.moml.MoMLSimpleApplication@4a18f7c1
reloadAllAccessors: .BooleanSwitchCloningBugWithClassRelationGroup

===========================================================================================
----------------- testing Sun Aug 04 05:22:48 UTC 2019 /home/travis/build/icyphy/ptII/ptolemy/actor/lib/test/auto/BusActors.xml
----------------- Instantiating /home/travis/build/icyphy/ptII/ptolemy/actor/lib/test/auto/BusActors.xml
7 ms. Memory: 399360K Free: 279749K (70%)
----------------- Invoking toplevel() on ptolemy.moml.MoMLSimpleApplication@384fb397
----------------- Done invoking toplevel() on ptolemy.moml.MoMLSimpleApplication@384fb397
reloadAllAccessors: .BusActors

===========================================================================================
----------------- testing Sun Aug 04 05:22:48 UTC 2019 /home/travis/build/icyphy/ptII/ptolemy/actor/lib/test/auto/ClassWrapper.xml
----------------- Instantiating /home/travis/build/icyphy/ptII/ptolemy/actor/lib/test/auto/ClassWrapper.xml
3 ms. Memory: 399360K Free: 275143K (69%)
----------------- Invoking toplevel() on ptolemy.moml.MoMLSimpleApplication@768161b4
----------------- Done invoking toplevel() on ptolemy.moml.MoMLSimpleApplication@768161b4
reloadAllAccessors: .ClassWrapper

===========================================================================================
----------------- testing Sun Aug 04 05:22:48 UTC 2019 /home/travis/build/icyphy/ptII/ptolemy/actor/lib/test/auto/Clock.xml
----------------- Instantiating /home/travis/build/icyphy/ptII/ptolemy/actor/lib/test/auto/Clock.xml
1 ms. Memory: 399360K Free: 271047K (68%)
----------------- Invoking toplevel() on ptolemy.moml.MoMLSimpleApplication@286147e
----------------- Done invoking toplevel() on ptolemy.moml.MoMLSimpleApplication@286147e
reloadAllAccessors: .Clock

===========================================================================================
----------------- testing Sun Aug 04 05:22:48 UTC 2019 /home/travis/build/icyphy/ptII/ptolemy/actor/lib/test/auto/Clock10.xml
----------------- Instantiating /home/travis/build/icyphy/ptII/ptolemy/actor/lib/test/auto/Clock10.xml
3 ms. Memory: 399360K Free: 265413K (66%)
----------------- Invoking toplevel() on ptolemy.moml.MoMLSimpleApplication@7fa61a81
----------------- Done invoking toplevel() on ptolemy.moml.MoMLSimpleApplication@7fa61a81
reloadAllAccessors: .Clock10

===========================================================================================
----------------- testing Sun Aug 04 05:22:48 UTC 2019 /home/travis/build/icyphy/ptII/ptolemy/actor/lib/test/auto/Clock11.xml
----------------- Instantiating /home/travis/build/icyphy/ptII/ptolemy/actor/lib/test/auto/Clock11.xml
5 ms. Memory: 399360K Free: 259265K (65%)
----------------- Invoking toplevel() on ptolemy.moml.MoMLSimpleApplication@1a88fc6c
----------------- Done invoking toplevel() on ptolemy.moml.MoMLSimpleApplication@1a88fc6c
reloadAllAccessors: .Clock11

===========================================================================================
----------------- testing Sun Aug 04 05:22:48 UTC 2019 /home/travis/build/icyphy/ptII/ptolemy/actor/lib/test/auto/Clock12.xml
----------------- Instantiating /home/travis/build/icyphy/ptII/ptolemy/actor/lib/test/auto/Clock12.xml
5 ms. Memory: 399360K Free: 253639K (64%)
----------------- Invoking toplevel() on ptolemy.moml.MoMLSimpleApplication@24546860
----------------- Done invoking toplevel() on ptolemy.moml.MoMLSimpleApplication@24546860
reloadAllAccessors: .Clock12

===========================================================================================
----------------- testing Sun Aug 04 05:22:48 UTC 2019 /home/travis/build/icyphy/ptII/ptolemy/actor/lib/test/auto/Clock13.xml
----------------- Instantiating /home/travis/build/icyphy/ptII/ptolemy/actor/lib/test/auto/Clock13.xml
5 ms. Memory: 399360K Free: 247495K (62%)
----------------- Invoking toplevel() on ptolemy.moml.MoMLSimpleApplication@11d9be23
----------------- Done invoking toplevel() on ptolemy.moml.MoMLSimpleApplication@11d9be23
reloadAllAccessors: .Clock13

===========================================================================================
----------------- testing Sun Aug 04 05:22:48 UTC 2019 /home/travis/build/icyphy/ptII/ptolemy/actor/lib/test/auto/Clock14.xml
----------------- Instantiating /home/travis/build/icyphy/ptII/ptolemy/actor/lib/test/auto/Clock14.xml
3 ms. Memory: 399360K Free: 241831K (61%)
----------------- Invoking toplevel() on ptolemy.moml.MoMLSimpleApplication@5b811183
----------------- Done invoking toplevel() on ptolemy.moml.MoMLSimpleApplication@5b811183
reloadAllAccessors: .Clock14

===========================================================================================
----------------- testing Sun Aug 04 05:22:48 UTC 2019 /home/travis/build/icyphy/ptII/ptolemy/actor/lib/test/auto/Clock15.xml
----------------- Instantiating /home/travis/build/icyphy/ptII/ptolemy/actor/lib/test/auto/Clock15.xml
3 ms. Memory: 399360K Free: 235687K (59%)
----------------- Invoking toplevel() on ptolemy.moml.MoMLSimpleApplication@75b1e64
----------------- Done invoking toplevel() on ptolemy.moml.MoMLSimpleApplication@75b1e64
reloadAllAccessors: .Clock15

===========================================================================================
----------------- testing Sun Aug 04 05:22:48 UTC 2019 /home/travis/build/icyphy/ptII/ptolemy/actor/lib/test/auto/Clock16.xml
----------------- Instantiating /home/travis/build/icyphy/ptII/ptolemy/actor/lib/test/auto/Clock16.xml
37 ms. Memory: 399360K Free: 220855K (55%)
----------------- Invoking toplevel() on ptolemy.moml.MoMLSimpleApplication@50374c03
----------------- Done invoking toplevel() on ptolemy.moml.MoMLSimpleApplication@50374c03
reloadAllAccessors: .Clock16

===========================================================================================
----------------- testing Sun Aug 04 05:22:48 UTC 2019 /home/travis/build/icyphy/ptII/ptolemy/actor/lib/test/auto/Clock17.xml
----------------- Instantiating /home/travis/build/icyphy/ptII/ptolemy/actor/lib/test/auto/Clock17.xml
28 ms. Memory: 399360K Free: 206535K (52%)
----------------- Invoking toplevel() on ptolemy.moml.MoMLSimpleApplication@42a85d3c
----------------- Done invoking toplevel() on ptolemy.moml.MoMLSimpleApplication@42a85d3c
reloadAllAccessors: .Clock17

===========================================================================================
----------------- testing Sun Aug 04 05:22:48 UTC 2019 /home/travis/build/icyphy/ptII/ptolemy/actor/lib/test/auto/Clock18.xml
----------------- Instantiating /home/travis/build/icyphy/ptII/ptolemy/actor/lib/test/auto/Clock18.xml
21 ms. Memory: 399360K Free: 193223K (48%)
----------------- Invoking toplevel() on ptolemy.moml.MoMLSimpleApplication@76be9ae0
----------------- Done invoking toplevel() on ptolemy.moml.MoMLSimpleApplication@76be9ae0
reloadAllAccessors: .Clock18

===========================================================================================
----------------- testing Sun Aug 04 05:22:48 UTC 2019 /home/travis/build/icyphy/ptII/ptolemy/actor/lib/test/auto/Clock19.xml
----------------- Instantiating /home/travis/build/icyphy/ptII/ptolemy/actor/lib/test/auto/Clock19.xml
19 ms. Memory: 399360K Free: 180421K (45%)
----------------- Invoking toplevel() on ptolemy.moml.MoMLSimpleApplication@271e98e4
----------------- Done invoking toplevel() on ptolemy.moml.MoMLSimpleApplication@271e98e4
reloadAllAccessors: .Clock19

===========================================================================================
----------------- testing Sun Aug 04 05:22:49 UTC 2019 /home/travis/build/icyphy/ptII/ptolemy/actor/lib/test/auto/Clock2.xml
----------------- Instantiating /home/travis/build/icyphy/ptII/ptolemy/actor/lib/test/auto/Clock2.xml
8 ms. Memory: 399360K Free: 175815K (44%)
----------------- Invoking toplevel() on ptolemy.moml.MoMLSimpleApplication@263eee2f
----------------- Done invoking toplevel() on ptolemy.moml.MoMLSimpleApplication@263eee2f
reloadAllAccessors: .Clock2

===========================================================================================
----------------- testing Sun Aug 04 05:22:49 UTC 2019 /home/travis/build/icyphy/ptII/ptolemy/actor/lib/test/auto/Clock20.xml
----------------- Instantiating /home/travis/build/icyphy/ptII/ptolemy/actor/lib/test/auto/Clock20.xml
8 ms. Memory: 399360K Free: 170695K (43%)
----------------- Invoking toplevel() on ptolemy.moml.MoMLSimpleApplication@17d24b86
----------------- Done invoking toplevel() on ptolemy.moml.MoMLSimpleApplication@17d24b86
reloadAllAccessors: .Clock20

===========================================================================================
----------------- testing Sun Aug 04 05:22:49 UTC 2019 /home/travis/build/icyphy/ptII/ptolemy/actor/lib/test/auto/Clock21.xml
----------------- Instantiating /home/travis/build/icyphy/ptII/ptolemy/actor/lib/test/auto/Clock21.xml
6 ms. Memory: 399360K Free: 165061K (41%)
----------------- Invoking toplevel() on ptolemy.moml.MoMLSimpleApplication@1f94802
----------------- Done invoking toplevel() on ptolemy.moml.MoMLSimpleApplication@1f94802
reloadAllAccessors: .Clock21

===========================================================================================
----------------- testing Sun Aug 04 05:22:49 UTC 2019 /home/travis/build/icyphy/ptII/ptolemy/actor/lib/test/auto/Clock22.xml
----------------- Instantiating /home/travis/build/icyphy/ptII/ptolemy/actor/lib/test/auto/Clock22.xml
2 ms. Memory: 399360K Free: 159941K (40%)
----------------- Invoking toplevel() on ptolemy.moml.MoMLSimpleApplication@27cd3781
----------------- Done invoking toplevel() on ptolemy.moml.MoMLSimpleApplication@27cd3781
reloadAllAccessors: .Clock22

===========================================================================================
----------------- testing Sun Aug 04 05:22:49 UTC 2019 /home/travis/build/icyphy/ptII/ptolemy/actor/lib/test/auto/Clock23.xml
----------------- Instantiating /home/travis/build/icyphy/ptII/ptolemy/actor/lib/test/auto/Clock23.xml
5 ms. Memory: 399360K Free: 154311K (39%)
----------------- Invoking toplevel() on ptolemy.moml.MoMLSimpleApplication@57f753d1
----------------- Done invoking toplevel() on ptolemy.moml.MoMLSimpleApplication@57f753d1
reloadAllAccessors: .Clock23

===========================================================================================
----------------- testing Sun Aug 04 05:22:49 UTC 2019 /home/travis/build/icyphy/ptII/ptolemy/actor/lib/test/auto/Clock24.xml
----------------- Instantiating /home/travis/build/icyphy/ptII/ptolemy/actor/lib/test/auto/Clock24.xml
2 ms. Memory: 399360K Free: 148677K (37%)
----------------- Invoking toplevel() on ptolemy.moml.MoMLSimpleApplication@1a0c30b7
----------------- Done invoking toplevel() on ptolemy.moml.MoMLSimpleApplication@1a0c30b7
reloadAllAccessors: .Clock24

===========================================================================================
----------------- testing Sun Aug 04 05:22:49 UTC 2019 /home/travis/build/icyphy/ptII/ptolemy/actor/lib/test/auto/Clock4.xml
----------------- Instantiating /home/travis/build/icyphy/ptII/ptolemy/actor/lib/test/auto/Clock4.xml
1 ms. Memory: 399360K Free: 144071K (36%)
----------------- Invoking toplevel() on ptolemy.moml.MoMLSimpleApplication@67ee1b64
----------------- Done invoking toplevel() on ptolemy.moml.MoMLSimpleApplication@67ee1b64
reloadAllAccessors: .Clock4

===========================================================================================
----------------- testing Sun Aug 04 05:22:49 UTC 2019 /home/travis/build/icyphy/ptII/ptolemy/actor/lib/test/auto/Clock5.xml
----------------- Instantiating /home/travis/build/icyphy/ptII/ptolemy/actor/lib/test/auto/Clock5.xml
3 ms. Memory: 399360K Free: 138423K (35%)
----------------- Invoking toplevel() on ptolemy.moml.MoMLSimpleApplication@4efd162f
----------------- Done invoking toplevel() on ptolemy.moml.MoMLSimpleApplication@4efd162f
reloadAllAccessors: .Clock5

===========================================================================================
----------------- testing Sun Aug 04 05:22:49 UTC 2019 /home/travis/build/icyphy/ptII/ptolemy/actor/lib/test/auto/Clock6.xml
----------------- Instantiating /home/travis/build/icyphy/ptII/ptolemy/actor/lib/test/auto/Clock6.xml
1 ms. Memory: 399360K Free: 134855K (34%)
----------------- Invoking toplevel() on ptolemy.moml.MoMLSimpleApplication@2c381237
----------------- Done invoking toplevel() on ptolemy.moml.MoMLSimpleApplication@2c381237
reloadAllAccessors: .Clock6

===========================================================================================
----------------- testing Sun Aug 04 05:22:49 UTC 2019 /home/travis/build/icyphy/ptII/ptolemy/actor/lib/test/auto/Clock7.xml
----------------- Instantiating /home/travis/build/icyphy/ptII/ptolemy/actor/lib/test/auto/Clock7.xml
2 ms. Memory: 399360K Free: 130245K (33%)
----------------- Invoking toplevel() on ptolemy.moml.MoMLSimpleApplication@2a1ac860
----------------- Done invoking toplevel() on ptolemy.moml.MoMLSimpleApplication@2a1ac860
reloadAllAccessors: .Clock7

===========================================================================================
----------------- testing Sun Aug 04 05:22:49 UTC 2019 /home/travis/build/icyphy/ptII/ptolemy/actor/lib/test/auto/Clock8.xml
----------------- Instantiating /home/travis/build/icyphy/ptII/ptolemy/actor/lib/test/auto/Clock8.xml
3 ms. Memory: 399360K Free: 125095K (31%)
----------------- Invoking toplevel() on ptolemy.moml.MoMLSimpleApplication@3afa1c2b
----------------- Done invoking toplevel() on ptolemy.moml.MoMLSimpleApplication@3afa1c2b
reloadAllAccessors: .Clock8

===========================================================================================
----------------- testing Sun Aug 04 05:22:49 UTC 2019 /home/travis/build/icyphy/ptII/ptolemy/actor/lib/test/auto/Clock9.xml
----------------- Instantiating /home/travis/build/icyphy/ptII/ptolemy/actor/lib/test/auto/Clock9.xml
2 ms. Memory: 399360K Free: 119495K (30%)
----------------- Invoking toplevel() on ptolemy.moml.MoMLSimpleApplication@4bbcca8f
----------------- Done invoking toplevel() on ptolemy.moml.MoMLSimpleApplication@4bbcca8f
reloadAllAccessors: .Clock9

===========================================================================================
----------------- testing Sun Aug 04 05:22:49 UTC 2019 /home/travis/build/icyphy/ptII/ptolemy/actor/lib/test/auto/CommDistDiscard.xml
----------------- Instantiating /home/travis/build/icyphy/ptII/ptolemy/actor/lib/test/auto/CommDistDiscard.xml
13 ms. Memory: 399360K Free: 351655K (88%)
----------------- Invoking toplevel() on ptolemy.moml.MoMLSimpleApplication@11f81a4c
----------------- Done invoking toplevel() on ptolemy.moml.MoMLSimpleApplication@11f81a4c
reloadAllAccessors: .CommDistDiscard

===========================================================================================
----------------- testing Sun Aug 04 05:22:49 UTC 2019 /home/travis/build/icyphy/ptII/ptolemy/actor/lib/test/auto/Commutator.xml
----------------- Instantiating /home/travis/build/icyphy/ptII/ptolemy/actor/lib/test/auto/Commutator.xml
2 ms. Memory: 399360K Free: 346798K (87%)
----------------- Invoking toplevel() on ptolemy.moml.MoMLSimpleApplication@3068d20c
----------------- Done invoking toplevel() on ptolemy.moml.MoMLSimpleApplication@3068d20c
reloadAllAccessors: .Commutator

===========================================================================================
----------------- testing Sun Aug 04 05:22:49 UTC 2019 /home/travis/build/icyphy/ptII/ptolemy/actor/lib/test/auto/Commutator2.xml
----------------- Instantiating /home/travis/build/icyphy/ptII/ptolemy/actor/lib/test/auto/Commutator2.xml
2 ms. Memory: 399360K Free: 342188K (86%)
----------------- Invoking toplevel() on ptolemy.moml.MoMLSimpleApplication@19740717
----------------- Done invoking toplevel() on ptolemy.moml.MoMLSimpleApplication@19740717
reloadAllAccessors: .Commutator2

===========================================================================================
----------------- testing Sun Aug 04 05:22:49 UTC 2019 /home/travis/build/icyphy/ptII/ptolemy/actor/lib/test/auto/Commutator3.xml
----------------- Instantiating /home/travis/build/icyphy/ptII/ptolemy/actor/lib/test/auto/Commutator3.xml
2 ms. Memory: 399360K Free: 338092K (85%)
----------------- Invoking toplevel() on ptolemy.moml.MoMLSimpleApplication@5037594c
----------------- Done invoking toplevel() on ptolemy.moml.MoMLSimpleApplication@5037594c
reloadAllAccessors: .Commutator3

===========================================================================================
----------------- testing Sun Aug 04 05:22:49 UTC 2019 /home/travis/build/icyphy/ptII/ptolemy/actor/lib/test/auto/Compare.xml
----------------- Instantiating /home/travis/build/icyphy/ptII/ptolemy/actor/lib/test/auto/Compare.xml
2 ms. Memory: 399360K Free: 331438K (83%)
----------------- Invoking toplevel() on ptolemy.moml.MoMLSimpleApplication@4b6db2b6
----------------- Done invoking toplevel() on ptolemy.moml.MoMLSimpleApplication@4b6db2b6
reloadAllAccessors: .Compare

===========================================================================================
----------------- testing Sun Aug 04 05:22:49 UTC 2019 /home/travis/build/icyphy/ptII/ptolemy/actor/lib/test/auto/CompareDE.xml
----------------- Instantiating /home/travis/build/icyphy/ptII/ptolemy/actor/lib/test/auto/CompareDE.xml
4 ms. Memory: 399360K Free: 324766K (81%)
----------------- Invoking toplevel() on ptolemy.moml.MoMLSimpleApplication@79910a29
----------------- Done invoking toplevel() on ptolemy.moml.MoMLSimpleApplication@79910a29
reloadAllAccessors: .CompareDE

===========================================================================================
----------------- testing Sun Aug 04 05:22:49 UTC 2019 /home/travis/build/icyphy/ptII/ptolemy/actor/lib/test/auto/ComplexDivide.xml
----------------- Instantiating /home/travis/build/icyphy/ptII/ptolemy/actor/lib/test/auto/ComplexDivide.xml
1 ms. Memory: 399360K Free: 320684K (80%)
----------------- Invoking toplevel() on ptolemy.moml.MoMLSimpleApplication@5f634398
----------------- Done invoking toplevel() on ptolemy.moml.MoMLSimpleApplication@5f634398
reloadAllAccessors: .ComplexDivide

===========================================================================================
----------------- testing Sun Aug 04 05:22:49 UTC 2019 /home/travis/build/icyphy/ptII/ptolemy/actor/lib/test/auto/ComputeHistogram.xml
----------------- Instantiating /home/travis/build/icyphy/ptII/ptolemy/actor/lib/test/auto/ComputeHistogram.xml
38 ms. Memory: 399360K Free: 307886K (77%)
----------------- Invoking toplevel() on ptolemy.moml.MoMLSimpleApplication@14e94415
----------------- Done invoking toplevel() on ptolemy.moml.MoMLSimpleApplication@14e94415
reloadAllAccessors: .ComputeHistogram

===========================================================================================
----------------- testing Sun Aug 04 05:22:49 UTC 2019 /home/travis/build/icyphy/ptII/ptolemy/actor/lib/test/auto/ConfigurationSelect.xml
----------------- Instantiating /home/travis/build/icyphy/ptII/ptolemy/actor/lib/test/auto/ConfigurationSelect.xml
9 ms. Memory: 399360K Free: 302766K (76%)
----------------- Invoking toplevel() on ptolemy.moml.MoMLSimpleApplication@600760b2
----------------- Done invoking toplevel() on ptolemy.moml.MoMLSimpleApplication@600760b2
reloadAllAccessors: .ConfigurationSelect

===========================================================================================
----------------- testing Sun Aug 04 05:22:49 UTC 2019 /home/travis/build/icyphy/ptII/ptolemy/actor/lib/test/auto/ConfigurationSelect2.xml
----------------- Instantiating /home/travis/build/icyphy/ptII/ptolemy/actor/lib/test/auto/ConfigurationSelect2.xml
2 ms. Memory: 399360K Free: 298156K (75%)
----------------- Invoking toplevel() on ptolemy.moml.MoMLSimpleApplication@4d5d2ea5
----------------- Done invoking toplevel() on ptolemy.moml.MoMLSimpleApplication@4d5d2ea5
reloadAllAccessors: .ConfigurationSelect2

===========================================================================================
----------------- testing Sun Aug 04 05:22:49 UTC 2019 /home/travis/build/icyphy/ptII/ptolemy/actor/lib/test/auto/ConfigurationSwitch.xml
----------------- Instantiating /home/travis/build/icyphy/ptII/ptolemy/actor/lib/test/auto/ConfigurationSwitch.xml
4 ms. Memory: 399360K Free: 293036K (73%)
----------------- Invoking toplevel() on ptolemy.moml.MoMLSimpleApplication@53a61f2d
----------------- Done invoking toplevel() on ptolemy.moml.MoMLSimpleApplication@53a61f2d
reloadAllAccessors: .ConfigurationSwitch

===========================================================================================
----------------- testing Sun Aug 04 05:22:49 UTC 2019 /home/travis/build/icyphy/ptII/ptolemy/actor/lib/test/auto/ConfigurationSwitch2.xml
----------------- Instantiating /home/travis/build/icyphy/ptII/ptolemy/actor/lib/test/auto/ConfigurationSwitch2.xml
4 ms. Memory: 399360K Free: 287406K (72%)
----------------- Invoking toplevel() on ptolemy.moml.MoMLSimpleApplication@3a61edb0
----------------- Done invoking toplevel() on ptolemy.moml.MoMLSimpleApplication@3a61edb0
reloadAllAccessors: .ConfigurationSwitch2

===========================================================================================
----------------- testing Sun Aug 04 05:22:49 UTC 2019 /home/travis/build/icyphy/ptII/ptolemy/actor/lib/test/auto/ConfigurationSwitchCloningBugWithClassRelationGroup.xml
----------------- Instantiating /home/travis/build/icyphy/ptII/ptolemy/actor/lib/test/auto/ConfigurationSwitchCloningBugWithClassRelationGroup.xml
1 ms. Memory: 399360K Free: 281262K (70%)
----------------- Invoking toplevel() on ptolemy.moml.MoMLSimpleApplication@780582fb
----------------- Done invoking toplevel() on ptolemy.moml.MoMLSimpleApplication@780582fb
reloadAllAccessors: .ConfigurationSwitchCloningBugWithClassRelationGroup

===========================================================================================
----------------- testing Sun Aug 04 05:22:49 UTC 2019 /home/travis/build/icyphy/ptII/ptolemy/actor/lib/test/auto/ConfigurationSwitchSelectSDF.xml
----------------- Instantiating /home/travis/build/icyphy/ptII/ptolemy/actor/lib/test/auto/ConfigurationSwitchSelectSDF.xml
2 ms. Memory: 399360K Free: 275628K (69%)
----------------- Invoking toplevel() on ptolemy.moml.MoMLSimpleApplication@3dbe829d
----------------- Done invoking toplevel() on ptolemy.moml.MoMLSimpleApplication@3dbe829d
reloadAllAccessors: .ConfigurationSwitchSelectSDF

===========================================================================================
----------------- testing Sun Aug 04 05:22:49 UTC 2019 /home/travis/build/icyphy/ptII/ptolemy/actor/lib/test/auto/ConfigurationSwitchSelectSDF2.xml
----------------- Instantiating /home/travis/build/icyphy/ptII/ptolemy/actor/lib/test/auto/ConfigurationSwitchSelectSDF2.xml
2 ms. Memory: 399360K Free: 269998K (68%)
----------------- Invoking toplevel() on ptolemy.moml.MoMLSimpleApplication@14a071da
----------------- Done invoking toplevel() on ptolemy.moml.MoMLSimpleApplication@14a071da
reloadAllAccessors: .ConfigurationSwitchSelectSDF2

===========================================================================================
----------------- testing Sun Aug 04 05:22:49 UTC 2019 /home/travis/build/icyphy/ptII/ptolemy/actor/lib/test/auto/Const.xml
----------------- Instantiating /home/travis/build/icyphy/ptII/ptolemy/actor/lib/test/auto/Const.xml
1 ms. Memory: 399360K Free: 266926K (67%)
----------------- Invoking toplevel() on ptolemy.moml.MoMLSimpleApplication@44e9d4ba
----------------- Done invoking toplevel() on ptolemy.moml.MoMLSimpleApplication@44e9d4ba
reloadAllAccessors: .Const

===========================================================================================
----------------- testing Sun Aug 04 05:22:49 UTC 2019 /home/travis/build/icyphy/ptII/ptolemy/actor/lib/test/auto/Const2.xml
----------------- Instantiating /home/travis/build/icyphy/ptII/ptolemy/actor/lib/test/auto/Const2.xml
2 ms. Memory: 399360K Free: 262830K (66%)
----------------- Invoking toplevel() on ptolemy.moml.MoMLSimpleApplication@36dc519c
----------------- Done invoking toplevel() on ptolemy.moml.MoMLSimpleApplication@36dc519c
reloadAllAccessors: .Const2

===========================================================================================
----------------- testing Sun Aug 04 05:22:49 UTC 2019 /home/travis/build/icyphy/ptII/ptolemy/actor/lib/test/auto/Const3.xml
----------------- Instantiating /home/travis/build/icyphy/ptII/ptolemy/actor/lib/test/auto/Const3.xml
1 ms. Memory: 399360K Free: 260268K (65%)
----------------- Invoking toplevel() on ptolemy.moml.MoMLSimpleApplication@1b52796c
----------------- Done invoking toplevel() on ptolemy.moml.MoMLSimpleApplication@1b52796c
reloadAllAccessors: .Const3

===========================================================================================
----------------- testing Sun Aug 04 05:22:49 UTC 2019 /home/travis/build/icyphy/ptII/ptolemy/actor/lib/test/auto/ConstantPublisherPort1.xml
----------------- Instantiating /home/travis/build/icyphy/ptII/ptolemy/actor/lib/test/auto/ConstantPublisherPort1.xml
6 ms. Memory: 399360K Free: 251566K (63%)
----------------- Invoking toplevel() on ptolemy.moml.MoMLSimpleApplication@34a9c4df
----------------- Done invoking toplevel() on ptolemy.moml.MoMLSimpleApplication@34a9c4df
reloadAllAccessors: .ConstantPublisherPort1

===========================================================================================
----------------- testing Sun Aug 04 05:22:49 UTC 2019 /home/travis/build/icyphy/ptII/ptolemy/actor/lib/test/auto/ConstantPublisherPort2.xml
----------------- Instantiating /home/travis/build/icyphy/ptII/ptolemy/actor/lib/test/auto/ConstantPublisherPort2.xml
9 ms. Memory: 399360K Free: 243374K (61%)
----------------- Invoking toplevel() on ptolemy.moml.MoMLSimpleApplication@59dac586
----------------- Done invoking toplevel() on ptolemy.moml.MoMLSimpleApplication@59dac586
reloadAllAccessors: .ConstantPublisherPort2

===========================================================================================
----------------- testing Sun Aug 04 05:22:49 UTC 2019 /home/travis/build/icyphy/ptII/ptolemy/actor/lib/test/auto/ConstantPublisherPort3.xml
----------------- Instantiating /home/travis/build/icyphy/ptII/ptolemy/actor/lib/test/auto/ConstantPublisherPort3.xml
5 ms. Memory: 399360K Free: 236206K (59%)
----------------- Invoking toplevel() on ptolemy.moml.MoMLSimpleApplication@37086b92
----------------- Done invoking toplevel() on ptolemy.moml.MoMLSimpleApplication@37086b92
reloadAllAccessors: .ConstantPublisherPort3

===========================================================================================
----------------- testing Sun Aug 04 05:22:49 UTC 2019 /home/travis/build/icyphy/ptII/ptolemy/actor/lib/test/auto/ConstantPublisherPort4.xml
----------------- Instantiating /home/travis/build/icyphy/ptII/ptolemy/actor/lib/test/auto/ConstantPublisherPort4.xml
5 ms. Memory: 399360K Free: 229038K (57%)
----------------- Invoking toplevel() on ptolemy.moml.MoMLSimpleApplication@7b0f9a0
----------------- Done invoking toplevel() on ptolemy.moml.MoMLSimpleApplication@7b0f9a0
reloadAllAccessors: .ConstantPublisherPort4

===========================================================================================
----------------- testing Sun Aug 04 05:22:49 UTC 2019 /home/travis/build/icyphy/ptII/ptolemy/actor/lib/test/auto/ConstantPublisherPort5.xml
----------------- Instantiating /home/travis/build/icyphy/ptII/ptolemy/actor/lib/test/auto/ConstantPublisherPort5.xml
35 ms. Memory: 399360K Free: 219822K (55%)
----------------- Invoking toplevel() on ptolemy.moml.MoMLSimpleApplication@611ac38c
----------------- Done invoking toplevel() on ptolemy.moml.MoMLSimpleApplication@611ac38c
reloadAllAccessors: .ConstantPublisherPort5

===========================================================================================
----------------- testing Sun Aug 04 05:22:49 UTC 2019 /home/travis/build/icyphy/ptII/ptolemy/actor/lib/test/auto/ConstantPublisherPort6.xml
----------------- Instantiating /home/travis/build/icyphy/ptII/ptolemy/actor/lib/test/auto/ConstantPublisherPort6.xml
33 ms. Memory: 399360K Free: 210092K (53%)
----------------- Invoking toplevel() on ptolemy.moml.MoMLSimpleApplication@1b98f7e9
----------------- Done invoking toplevel() on ptolemy.moml.MoMLSimpleApplication@1b98f7e9
reloadAllAccessors: .ConstantPublisherPort6

===========================================================================================
----------------- testing Sun Aug 04 05:22:49 UTC 2019 /home/travis/build/icyphy/ptII/ptolemy/actor/lib/test/auto/ConstantPublisherPort7.xml
----------------- Instantiating /home/travis/build/icyphy/ptII/ptolemy/actor/lib/test/auto/ConstantPublisherPort7.xml
18 ms. Memory: 399360K Free: 200366K (50%)
----------------- Invoking toplevel() on ptolemy.moml.MoMLSimpleApplication@5a11c581
----------------- Done invoking toplevel() on ptolemy.moml.MoMLSimpleApplication@5a11c581
reloadAllAccessors: .ConstantPublisherPort7

===========================================================================================
----------------- testing Sun Aug 04 05:22:49 UTC 2019 /home/travis/build/icyphy/ptII/ptolemy/actor/lib/test/auto/ConstraintMonitor1.xml
----------------- Instantiating /home/travis/build/icyphy/ptII/ptolemy/actor/lib/test/auto/ConstraintMonitor1.xml
8 ms. Memory: 399360K Free: 195756K (49%)
----------------- Invoking toplevel() on ptolemy.moml.MoMLSimpleApplication@109a9af5
----------------- Done invoking toplevel() on ptolemy.moml.MoMLSimpleApplication@109a9af5
reloadAllAccessors: .ConstraintMonitor1

===========================================================================================
----------------- testing Sun Aug 04 05:22:49 UTC 2019 /home/travis/build/icyphy/ptII/ptolemy/actor/lib/test/auto/ConstraintMonitor2.xml
----------------- Instantiating /home/travis/build/icyphy/ptII/ptolemy/actor/lib/test/auto/ConstraintMonitor2.xml
2 ms. Memory: 399360K Free: 191150K (48%)
----------------- Invoking toplevel() on ptolemy.moml.MoMLSimpleApplication@6d71196d
----------------- Done invoking toplevel() on ptolemy.moml.MoMLSimpleApplication@6d71196d
reloadAllAccessors: .ConstraintMonitor2

===========================================================================================
----------------- testing Sun Aug 04 05:22:50 UTC 2019 /home/travis/build/icyphy/ptII/ptolemy/actor/lib/test/auto/ConstraintMonitor3.xml
----------------- Instantiating /home/travis/build/icyphy/ptII/ptolemy/actor/lib/test/auto/ConstraintMonitor3.xml
3 ms. Memory: 399360K Free: 187054K (47%)
----------------- Invoking toplevel() on ptolemy.moml.MoMLSimpleApplication@788e5e1f
----------------- Done invoking toplevel() on ptolemy.moml.MoMLSimpleApplication@788e5e1f
reloadAllAccessors: .ConstraintMonitor3

===========================================================================================
----------------- testing Sun Aug 04 05:22:50 UTC 2019 /home/travis/build/icyphy/ptII/ptolemy/actor/lib/test/auto/ConstraintMonitor4.xml
----------------- Instantiating /home/travis/build/icyphy/ptII/ptolemy/actor/lib/test/auto/ConstraintMonitor4.xml
1 ms. Memory: 399360K Free: 181934K (46%)
----------------- Invoking toplevel() on ptolemy.moml.MoMLSimpleApplication@7c04c730
----------------- Done invoking toplevel() on ptolemy.moml.MoMLSimpleApplication@7c04c730
reloadAllAccessors: .ConstraintMonitor4

===========================================================================================
----------------- testing Sun Aug 04 05:22:50 UTC 2019 /home/travis/build/icyphy/ptII/ptolemy/actor/lib/test/auto/ConstraintMonitor5.xml
----------------- Instantiating /home/travis/build/icyphy/ptII/ptolemy/actor/lib/test/auto/ConstraintMonitor5.xml
7 ms. Memory: 399360K Free: 176814K (44%)
----------------- Invoking toplevel() on ptolemy.moml.MoMLSimpleApplication@47132b37
----------------- Done invoking toplevel() on ptolemy.moml.MoMLSimpleApplication@47132b37
reloadAllAccessors: .ConstraintMonitor5

===========================================================================================
----------------- testing Sun Aug 04 05:22:50 UTC 2019 /home/travis/build/icyphy/ptII/ptolemy/actor/lib/test/auto/ConstraintMonitor6.xml
----------------- Instantiating /home/travis/build/icyphy/ptII/ptolemy/actor/lib/test/auto/ConstraintMonitor6.xml
3 ms. Memory: 399360K Free: 171166K (43%)
----------------- Invoking toplevel() on ptolemy.moml.MoMLSimpleApplication@56029b44
----------------- Done invoking toplevel() on ptolemy.moml.MoMLSimpleApplication@56029b44
reloadAllAccessors: .ConstraintMonitor6

===========================================================================================
----------------- testing Sun Aug 04 05:22:50 UTC 2019 /home/travis/build/icyphy/ptII/ptolemy/actor/lib/test/auto/ConstraintMonitor7.xml
----------------- Instantiating /home/travis/build/icyphy/ptII/ptolemy/actor/lib/test/auto/ConstraintMonitor7.xml
6 ms. Memory: 399360K Free: 164526K (41%)
----------------- Invoking toplevel() on ptolemy.moml.MoMLSimpleApplication@1141dbe9
----------------- Done invoking toplevel() on ptolemy.moml.MoMLSimpleApplication@1141dbe9
reloadAllAccessors: .ConstraintMonitor7

===========================================================================================
----------------- testing Sun Aug 04 05:22:50 UTC 2019 /home/travis/build/icyphy/ptII/ptolemy/actor/lib/test/auto/ConstraintMonitor8.xml
----------------- Instantiating /home/travis/build/icyphy/ptII/ptolemy/actor/lib/test/auto/ConstraintMonitor8.xml
3 ms. Memory: 399360K Free: 156844K (39%)
----------------- Invoking toplevel() on ptolemy.moml.MoMLSimpleApplication@5210a351
----------------- Done invoking toplevel() on ptolemy.moml.MoMLSimpleApplication@5210a351
reloadAllAccessors: .ConstraintMonitor8

===========================================================================================
----------------- testing Sun Aug 04 05:22:50 UTC 2019 /home/travis/build/icyphy/ptII/ptolemy/actor/lib/test/auto/Counter.xml
----------------- Instantiating /home/travis/build/icyphy/ptII/ptolemy/actor/lib/test/auto/Counter.xml
3 ms. Memory: 399360K Free: 152238K (38%)
----------------- Invoking toplevel() on ptolemy.moml.MoMLSimpleApplication@43b39d14
----------------- Done invoking toplevel() on ptolemy.moml.MoMLSimpleApplication@43b39d14
reloadAllAccessors: .Counter

===========================================================================================
----------------- testing Sun Aug 04 05:22:50 UTC 2019 /home/travis/build/icyphy/ptII/ptolemy/actor/lib/test/auto/CurrentTimeSDF.xml
----------------- Instantiating /home/travis/build/icyphy/ptII/ptolemy/actor/lib/test/auto/CurrentTimeSDF.xml
1 ms. Memory: 399360K Free: 148142K (37%)
----------------- Invoking toplevel() on ptolemy.moml.MoMLSimpleApplication@11bd3075
----------------- Done invoking toplevel() on ptolemy.moml.MoMLSimpleApplication@11bd3075
reloadAllAccessors: .CurrentTimeSDF

===========================================================================================
----------------- testing Sun Aug 04 05:22:50 UTC 2019 /home/travis/build/icyphy/ptII/ptolemy/actor/lib/test/auto/DB.xml
----------------- Instantiating /home/travis/build/icyphy/ptII/ptolemy/actor/lib/test/auto/DB.xml
3 ms. Memory: 399360K Free: 143532K (36%)
----------------- Invoking toplevel() on ptolemy.moml.MoMLSimpleApplication@27d6cfff
----------------- Done invoking toplevel() on ptolemy.moml.MoMLSimpleApplication@27d6cfff
reloadAllAccessors: .DB

===========================================================================================
----------------- testing Sun Aug 04 05:22:50 UTC 2019 /home/travis/build/icyphy/ptII/ptolemy/actor/lib/test/auto/DBDE.xml
----------------- Instantiating /home/travis/build/icyphy/ptII/ptolemy/actor/lib/test/auto/DBDE.xml
1 ms. Memory: 399360K Free: 137374K (34%)
----------------- Invoking toplevel() on ptolemy.moml.MoMLSimpleApplication@6553b9ef
----------------- Done invoking toplevel() on ptolemy.moml.MoMLSimpleApplication@6553b9ef
reloadAllAccessors: .DBDE

===========================================================================================
----------------- testing Sun Aug 04 05:22:50 UTC 2019 /home/travis/build/icyphy/ptII/ptolemy/actor/lib/test/auto/DateConstructor.xml
----------------- Instantiating /home/travis/build/icyphy/ptII/ptolemy/actor/lib/test/auto/DateConstructor.xml
41 ms. Memory: 399360K Free: 119470K (30%)
----------------- Invoking toplevel() on ptolemy.moml.MoMLSimpleApplication@2947d85a
----------------- Done invoking toplevel() on ptolemy.moml.MoMLSimpleApplication@2947d85a
reloadAllAccessors: .DateConstructor

===========================================================================================
----------------- testing Sun Aug 04 05:22:50 UTC 2019 /home/travis/build/icyphy/ptII/ptolemy/actor/lib/test/auto/DelayTime.xml
----------------- Instantiating /home/travis/build/icyphy/ptII/ptolemy/actor/lib/test/auto/DelayTime.xml
7 ms. Memory: 399360K Free: 114860K (29%)
----------------- Invoking toplevel() on ptolemy.moml.MoMLSimpleApplication@5361303b
----------------- Done invoking toplevel() on ptolemy.moml.MoMLSimpleApplication@5361303b
reloadAllAccessors: .DelayTime

===========================================================================================
----------------- testing Sun Aug 04 05:22:50 UTC 2019 /home/travis/build/icyphy/ptII/ptolemy/actor/lib/test/auto/Dictionary1.xml
----------------- Instantiating /home/travis/build/icyphy/ptII/ptolemy/actor/lib/test/auto/Dictionary1.xml
1 ms. Memory: 399360K Free: 346798K (87%)
----------------- Invoking toplevel() on ptolemy.moml.MoMLSimpleApplication@2c35092b
----------------- Done invoking toplevel() on ptolemy.moml.MoMLSimpleApplication@2c35092b
reloadAllAccessors: .Dictionary1

===========================================================================================
----------------- testing Sun Aug 04 05:22:50 UTC 2019 /home/travis/build/icyphy/ptII/ptolemy/actor/lib/test/auto/Dictionary2.xml
----------------- Instantiating /home/travis/build/icyphy/ptII/ptolemy/actor/lib/test/auto/Dictionary2.xml
5 ms. Memory: 399360K Free: 341164K (85%)
----------------- Invoking toplevel() on ptolemy.moml.MoMLSimpleApplication@7955dfb2
----------------- Done invoking toplevel() on ptolemy.moml.MoMLSimpleApplication@7955dfb2
reloadAllAccessors: .Dictionary2

===========================================================================================
----------------- testing Sun Aug 04 05:22:50 UTC 2019 /home/travis/build/icyphy/ptII/ptolemy/actor/lib/test/auto/Dictionary3.xml
----------------- Instantiating /home/travis/build/icyphy/ptII/ptolemy/actor/lib/test/auto/Dictionary3.xml
2 ms. Memory: 399360K Free: 335534K (84%)
----------------- Invoking toplevel() on ptolemy.moml.MoMLSimpleApplication@7e5a7ce4
----------------- Done invoking toplevel() on ptolemy.moml.MoMLSimpleApplication@7e5a7ce4
reloadAllAccessors: .Dictionary3

===========================================================================================
----------------- testing Sun Aug 04 05:22:50 UTC 2019 /home/travis/build/icyphy/ptII/ptolemy/actor/lib/test/auto/Dictionary4.xml
----------------- Instantiating /home/travis/build/icyphy/ptII/ptolemy/actor/lib/test/auto/Dictionary4.xml
4 ms. Memory: 399360K Free: 328876K (82%)
----------------- Invoking toplevel() on ptolemy.moml.MoMLSimpleApplication@6f8fffb9
----------------- Done invoking toplevel() on ptolemy.moml.MoMLSimpleApplication@6f8fffb9
reloadAllAccessors: .Dictionary4

===========================================================================================
----------------- testing Sun Aug 04 05:22:50 UTC 2019 /home/travis/build/icyphy/ptII/ptolemy/actor/lib/test/auto/Differential.xml
----------------- Instantiating /home/travis/build/icyphy/ptII/ptolemy/actor/lib/test/auto/Differential.xml
3 ms. Memory: 399360K Free: 324270K (81%)
----------------- Invoking toplevel() on ptolemy.moml.MoMLSimpleApplication@2f95b30d
----------------- Done invoking toplevel() on ptolemy.moml.MoMLSimpleApplication@2f95b30d
reloadAllAccessors: .Differential

===========================================================================================
----------------- testing Sun Aug 04 05:22:50 UTC 2019 /home/travis/build/icyphy/ptII/ptolemy/actor/lib/test/auto/Director.xml
----------------- Instantiating /home/travis/build/icyphy/ptII/ptolemy/actor/lib/test/auto/Director.xml
4 ms. Memory: 399360K Free: 320684K (80%)
----------------- Invoking toplevel() on ptolemy.moml.MoMLSimpleApplication@2ab71714
----------------- Done invoking toplevel() on ptolemy.moml.MoMLSimpleApplication@2ab71714
reloadAllAccessors: .Director

===========================================================================================
----------------- testing Sun Aug 04 05:22:50 UTC 2019 /home/travis/build/icyphy/ptII/ptolemy/actor/lib/test/auto/DiscreteClock.xml
----------------- Instantiating /home/travis/build/icyphy/ptII/ptolemy/actor/lib/test/auto/DiscreteClock.xml
1 ms. Memory: 399360K Free: 317102K (79%)
----------------- Invoking toplevel() on ptolemy.moml.MoMLSimpleApplication@764f43d9
----------------- Done invoking toplevel() on ptolemy.moml.MoMLSimpleApplication@764f43d9
reloadAllAccessors: .DiscreteClock

===========================================================================================
----------------- testing Sun Aug 04 05:22:50 UTC 2019 /home/travis/build/icyphy/ptII/ptolemy/actor/lib/test/auto/DiscreteClock10.xml
----------------- Instantiating /home/travis/build/icyphy/ptII/ptolemy/actor/lib/test/auto/DiscreteClock10.xml
4 ms. Memory: 399360K Free: 310958K (78%)
----------------- Invoking toplevel() on ptolemy.moml.MoMLSimpleApplication@3c1157e0
----------------- Done invoking toplevel() on ptolemy.moml.MoMLSimpleApplication@3c1157e0
reloadAllAccessors: .DiscreteClock10

===========================================================================================
----------------- testing Sun Aug 04 05:22:50 UTC 2019 /home/travis/build/icyphy/ptII/ptolemy/actor/lib/test/auto/DiscreteClock11.xml
----------------- Instantiating /home/travis/build/icyphy/ptII/ptolemy/actor/lib/test/auto/DiscreteClock11.xml
2 ms. Memory: 399360K Free: 304814K (76%)
----------------- Invoking toplevel() on ptolemy.moml.MoMLSimpleApplication@4c417c62
----------------- Done invoking toplevel() on ptolemy.moml.MoMLSimpleApplication@4c417c62
reloadAllAccessors: .DiscreteClock11

===========================================================================================
----------------- testing Sun Aug 04 05:22:50 UTC 2019 /home/travis/build/icyphy/ptII/ptolemy/actor/lib/test/auto/DiscreteClock12.xml
----------------- Instantiating /home/travis/build/icyphy/ptII/ptolemy/actor/lib/test/auto/DiscreteClock12.xml
3 ms. Memory: 399360K Free: 298670K (75%)
----------------- Invoking toplevel() on ptolemy.moml.MoMLSimpleApplication@39e90d39
----------------- Done invoking toplevel() on ptolemy.moml.MoMLSimpleApplication@39e90d39
reloadAllAccessors: .DiscreteClock12

===========================================================================================
----------------- testing Sun Aug 04 05:22:50 UTC 2019 /home/travis/build/icyphy/ptII/ptolemy/actor/lib/test/auto/DiscreteClock13.xml
----------------- Instantiating /home/travis/build/icyphy/ptII/ptolemy/actor/lib/test/auto/DiscreteClock13.xml
2 ms. Memory: 399360K Free: 293022K (73%)
----------------- Invoking toplevel() on ptolemy.moml.MoMLSimpleApplication@151d56ea
----------------- Done invoking toplevel() on ptolemy.moml.MoMLSimpleApplication@151d56ea
reloadAllAccessors: .DiscreteClock13

===========================================================================================
----------------- testing Sun Aug 04 05:22:50 UTC 2019 /home/travis/build/icyphy/ptII/ptolemy/actor/lib/test/auto/DiscreteClock14.xml
----------------- Instantiating /home/travis/build/icyphy/ptII/ptolemy/actor/lib/test/auto/DiscreteClock14.xml
4 ms. Memory: 399360K Free: 286886K (72%)
----------------- Invoking toplevel() on ptolemy.moml.MoMLSimpleApplication@19946c78
----------------- Done invoking toplevel() on ptolemy.moml.MoMLSimpleApplication@19946c78
reloadAllAccessors: .DiscreteClock14

===========================================================================================
----------------- testing Sun Aug 04 05:22:50 UTC 2019 /home/travis/build/icyphy/ptII/ptolemy/actor/lib/test/auto/DiscreteClock15.xml
----------------- Instantiating /home/travis/build/icyphy/ptII/ptolemy/actor/lib/test/auto/DiscreteClock15.xml
7 ms. Memory: 399360K Free: 280734K (70%)
----------------- Invoking toplevel() on ptolemy.moml.MoMLSimpleApplication@65e5be1b
----------------- Done invoking toplevel() on ptolemy.moml.MoMLSimpleApplication@65e5be1b
reloadAllAccessors: .DiscreteClock15

===========================================================================================
----------------- testing Sun Aug 04 05:22:50 UTC 2019 /home/travis/build/icyphy/ptII/ptolemy/actor/lib/test/auto/DiscreteClock16.xml
----------------- Instantiating /home/travis/build/icyphy/ptII/ptolemy/actor/lib/test/auto/DiscreteClock16.xml
19 ms. Memory: 399360K Free: 266926K (67%)
----------------- Invoking toplevel() on ptolemy.moml.MoMLSimpleApplication@51a0c9ed
----------------- Done invoking toplevel() on ptolemy.moml.MoMLSimpleApplication@51a0c9ed
reloadAllAccessors: .DiscreteClock16

===========================================================================================
----------------- testing Sun Aug 04 05:22:50 UTC 2019 /home/travis/build/icyphy/ptII/ptolemy/actor/lib/test/auto/DiscreteClock17.xml
----------------- Instantiating /home/travis/build/icyphy/ptII/ptolemy/actor/lib/test/auto/DiscreteClock17.xml
19 ms. Memory: 399360K Free: 253094K (63%)
----------------- Invoking toplevel() on ptolemy.moml.MoMLSimpleApplication@23bd71aa
----------------- Done invoking toplevel() on ptolemy.moml.MoMLSimpleApplication@23bd71aa
reloadAllAccessors: .DiscreteClock17

===========================================================================================
----------------- testing Sun Aug 04 05:22:50 UTC 2019 /home/travis/build/icyphy/ptII/ptolemy/actor/lib/test/auto/DiscreteClock18.xml
----------------- Instantiating /home/travis/build/icyphy/ptII/ptolemy/actor/lib/test/auto/DiscreteClock18.xml
26 ms. Memory: 399360K Free: 239774K (60%)
----------------- Invoking toplevel() on ptolemy.moml.MoMLSimpleApplication@649c87f7
----------------- Done invoking toplevel() on ptolemy.moml.MoMLSimpleApplication@649c87f7
reloadAllAccessors: .DiscreteClock18

===========================================================================================
----------------- testing Sun Aug 04 05:22:50 UTC 2019 /home/travis/build/icyphy/ptII/ptolemy/actor/lib/test/auto/DiscreteClock19.xml
----------------- Instantiating /home/travis/build/icyphy/ptII/ptolemy/actor/lib/test/auto/DiscreteClock19.xml
19 ms. Memory: 399360K Free: 225966K (57%)
----------------- Invoking toplevel() on ptolemy.moml.MoMLSimpleApplication@12d21bde
----------------- Done invoking toplevel() on ptolemy.moml.MoMLSimpleApplication@12d21bde
reloadAllAccessors: .DiscreteClock19

===========================================================================================
----------------- testing Sun Aug 04 05:22:50 UTC 2019 /home/travis/build/icyphy/ptII/ptolemy/actor/lib/test/auto/DiscreteClock2.xml
----------------- Instantiating /home/travis/build/icyphy/ptII/ptolemy/actor/lib/test/auto/DiscreteClock2.xml
5 ms. Memory: 399360K Free: 221356K (55%)
----------------- Invoking toplevel() on ptolemy.moml.MoMLSimpleApplication@6be7aa04
----------------- Done invoking toplevel() on ptolemy.moml.MoMLSimpleApplication@6be7aa04
reloadAllAccessors: .DiscreteClock2

===========================================================================================
----------------- testing Sun Aug 04 05:22:50 UTC 2019 /home/travis/build/icyphy/ptII/ptolemy/actor/lib/test/auto/DiscreteClock20.xml
----------------- Instantiating /home/travis/build/icyphy/ptII/ptolemy/actor/lib/test/auto/DiscreteClock20.xml
7 ms. Memory: 399360K Free: 216236K (54%)
----------------- Invoking toplevel() on ptolemy.moml.MoMLSimpleApplication@36e066f8
----------------- Done invoking toplevel() on ptolemy.moml.MoMLSimpleApplication@36e066f8
reloadAllAccessors: .DiscreteClock20

===========================================================================================
----------------- testing Sun Aug 04 05:22:50 UTC 2019 /home/travis/build/icyphy/ptII/ptolemy/actor/lib/test/auto/DiscreteClock21.xml
----------------- Instantiating /home/travis/build/icyphy/ptII/ptolemy/actor/lib/test/auto/DiscreteClock21.xml
6 ms. Memory: 399360K Free: 210606K (53%)
----------------- Invoking toplevel() on ptolemy.moml.MoMLSimpleApplication@6226f260
----------------- Done invoking toplevel() on ptolemy.moml.MoMLSimpleApplication@6226f260
reloadAllAccessors: .DiscreteClock21

===========================================================================================
----------------- testing Sun Aug 04 05:22:50 UTC 2019 /home/travis/build/icyphy/ptII/ptolemy/actor/lib/test/auto/DiscreteClock22.xml
----------------- Instantiating /home/travis/build/icyphy/ptII/ptolemy/actor/lib/test/auto/DiscreteClock22.xml
6 ms. Memory: 399360K Free: 204972K (51%)
----------------- Invoking toplevel() on ptolemy.moml.MoMLSimpleApplication@759ae083
----------------- Done invoking toplevel() on ptolemy.moml.MoMLSimpleApplication@759ae083
reloadAllAccessors: .DiscreteClock22

===========================================================================================
----------------- testing Sun Aug 04 05:22:50 UTC 2019 /home/travis/build/icyphy/ptII/ptolemy/actor/lib/test/auto/DiscreteClock23.xml
----------------- Instantiating /home/travis/build/icyphy/ptII/ptolemy/actor/lib/test/auto/DiscreteClock23.xml
10 ms. Memory: 399360K Free: 199342K (50%)
----------------- Invoking toplevel() on ptolemy.moml.MoMLSimpleApplication@729437f5
----------------- Done invoking toplevel() on ptolemy.moml.MoMLSimpleApplication@729437f5
reloadAllAccessors: .DiscreteClock23

===========================================================================================
----------------- testing Sun Aug 04 05:22:50 UTC 2019 /home/travis/build/icyphy/ptII/ptolemy/actor/lib/test/auto/DiscreteClock24.xml
----------------- Instantiating /home/travis/build/icyphy/ptII/ptolemy/actor/lib/test/auto/DiscreteClock24.xml
5 ms. Memory: 399360K Free: 194222K (49%)
----------------- Invoking toplevel() on ptolemy.moml.MoMLSimpleApplication@373f7eb5
----------------- Done invoking toplevel() on ptolemy.moml.MoMLSimpleApplication@373f7eb5
reloadAllAccessors: .DiscreteClock24

===========================================================================================
----------------- testing Sun Aug 04 05:22:50 UTC 2019 /home/travis/build/icyphy/ptII/ptolemy/actor/lib/test/auto/DiscreteClock4.xml
----------------- Instantiating /home/travis/build/icyphy/ptII/ptolemy/actor/lib/test/auto/DiscreteClock4.xml
4 ms. Memory: 399360K Free: 188574K (47%)
----------------- Invoking toplevel() on ptolemy.moml.MoMLSimpleApplication@35f0f44f
----------------- Done invoking toplevel() on ptolemy.moml.MoMLSimpleApplication@35f0f44f
reloadAllAccessors: .DiscreteClock4

===========================================================================================
----------------- testing Sun Aug 04 05:22:50 UTC 2019 /home/travis/build/icyphy/ptII/ptolemy/actor/lib/test/auto/DiscreteClock5.xml
----------------- Instantiating /home/travis/build/icyphy/ptII/ptolemy/actor/lib/test/auto/DiscreteClock5.xml
1 ms. Memory: 399360K Free: 182958K (46%)
----------------- Invoking toplevel() on ptolemy.moml.MoMLSimpleApplication@65c58e6a
----------------- Done invoking toplevel() on ptolemy.moml.MoMLSimpleApplication@65c58e6a
reloadAllAccessors: .DiscreteClock5

===========================================================================================
----------------- testing Sun Aug 04 05:22:50 UTC 2019 /home/travis/build/icyphy/ptII/ptolemy/actor/lib/test/auto/DiscreteClock6.xml
----------------- Instantiating /home/travis/build/icyphy/ptII/ptolemy/actor/lib/test/auto/DiscreteClock6.xml
1 ms. Memory: 399360K Free: 178862K (45%)
----------------- Invoking toplevel() on ptolemy.moml.MoMLSimpleApplication@4dd1870a
----------------- Done invoking toplevel() on ptolemy.moml.MoMLSimpleApplication@4dd1870a
reloadAllAccessors: .DiscreteClock6

===========================================================================================
----------------- testing Sun Aug 04 05:22:50 UTC 2019 /home/travis/build/icyphy/ptII/ptolemy/actor/lib/test/auto/DiscreteClock7.xml
----------------- Instantiating /home/travis/build/icyphy/ptII/ptolemy/actor/lib/test/auto/DiscreteClock7.xml
2 ms. Memory: 399360K Free: 174252K (44%)
----------------- Invoking toplevel() on ptolemy.moml.MoMLSimpleApplication@16c544dd
----------------- Done invoking toplevel() on ptolemy.moml.MoMLSimpleApplication@16c544dd
reloadAllAccessors: .DiscreteClock7

===========================================================================================
----------------- testing Sun Aug 04 05:22:51 UTC 2019 /home/travis/build/icyphy/ptII/ptolemy/actor/lib/test/auto/DiscreteClock8.xml
----------------- Instantiating /home/travis/build/icyphy/ptII/ptolemy/actor/lib/test/auto/DiscreteClock8.xml
2 ms. Memory: 399360K Free: 169118K (42%)
----------------- Invoking toplevel() on ptolemy.moml.MoMLSimpleApplication@72d1540c
----------------- Done invoking toplevel() on ptolemy.moml.MoMLSimpleApplication@72d1540c
reloadAllAccessors: .DiscreteClock8

===========================================================================================
----------------- testing Sun Aug 04 05:22:51 UTC 2019 /home/travis/build/icyphy/ptII/ptolemy/actor/lib/test/auto/DiscreteClock9.xml
----------------- Instantiating /home/travis/build/icyphy/ptII/ptolemy/actor/lib/test/auto/DiscreteClock9.xml
5 ms. Memory: 399360K Free: 162958K (41%)
----------------- Invoking toplevel() on ptolemy.moml.MoMLSimpleApplication@75b67ff6
----------------- Done invoking toplevel() on ptolemy.moml.MoMLSimpleApplication@75b67ff6
reloadAllAccessors: .DiscreteClock9

===========================================================================================
----------------- testing Sun Aug 04 05:22:51 UTC 2019 /home/travis/build/icyphy/ptII/ptolemy/actor/lib/test/auto/DisplayArray.xml
----------------- Instantiating /home/travis/build/icyphy/ptII/ptolemy/actor/lib/test/auto/DisplayArray.xml
2 ms. Memory: 399360K Free: 159406K (40%)
----------------- Invoking toplevel() on ptolemy.moml.MoMLSimpleApplication@40465c0a
----------------- Done invoking toplevel() on ptolemy.moml.MoMLSimpleApplication@40465c0a
reloadAllAccessors: .DisplayArray

===========================================================================================
----------------- testing Sun Aug 04 05:22:51 UTC 2019 /home/travis/build/icyphy/ptII/ptolemy/actor/lib/test/auto/Distributor.xml
----------------- Instantiating /home/travis/build/icyphy/ptII/ptolemy/actor/lib/test/auto/Distributor.xml
1 ms. Memory: 399360K Free: 154286K (39%)
----------------- Invoking toplevel() on ptolemy.moml.MoMLSimpleApplication@3bad35a7
----------------- Done invoking toplevel() on ptolemy.moml.MoMLSimpleApplication@3bad35a7
reloadAllAccessors: .Distributor

===========================================================================================
----------------- testing Sun Aug 04 05:22:51 UTC 2019 /home/travis/build/icyphy/ptII/ptolemy/actor/lib/test/auto/Distributor2.xml
----------------- Instantiating /home/travis/build/icyphy/ptII/ptolemy/actor/lib/test/auto/Distributor2.xml
1 ms. Memory: 399360K Free: 149166K (37%)
----------------- Invoking toplevel() on ptolemy.moml.MoMLSimpleApplication@875af08
----------------- Done invoking toplevel() on ptolemy.moml.MoMLSimpleApplication@875af08
reloadAllAccessors: .Distributor2

===========================================================================================
----------------- testing Sun Aug 04 05:22:51 UTC 2019 /home/travis/build/icyphy/ptII/ptolemy/actor/lib/test/auto/DownSample.xml
----------------- Instantiating /home/travis/build/icyphy/ptII/ptolemy/actor/lib/test/auto/DownSample.xml
2 ms. Memory: 399360K Free: 145070K (36%)
----------------- Invoking toplevel() on ptolemy.moml.MoMLSimpleApplication@33e98bc3
----------------- Done invoking toplevel() on ptolemy.moml.MoMLSimpleApplication@33e98bc3
reloadAllAccessors: .DownSample

===========================================================================================
----------------- testing Sun Aug 04 05:22:51 UTC 2019 /home/travis/build/icyphy/ptII/ptolemy/actor/lib/test/auto/ElectronicUnitBase1.xml
----------------- Instantiating /home/travis/build/icyphy/ptII/ptolemy/actor/lib/test/auto/ElectronicUnitBase1.xml
18 ms. Memory: 399360K Free: 129196K (32%)
----------------- Invoking toplevel() on ptolemy.moml.MoMLSimpleApplication@5c2ee973
----------------- Done invoking toplevel() on ptolemy.moml.MoMLSimpleApplication@5c2ee973
reloadAllAccessors: .ElectronicUnitBase1

===========================================================================================
----------------- testing Sun Aug 04 05:22:51 UTC 2019 /home/travis/build/icyphy/ptII/ptolemy/actor/lib/test/auto/ElementsToArray.xml
----------------- Instantiating /home/travis/build/icyphy/ptII/ptolemy/actor/lib/test/auto/ElementsToArray.xml
3 ms. Memory: 399360K Free: 124076K (31%)
----------------- Invoking toplevel() on ptolemy.moml.MoMLSimpleApplication@1a6f1914
----------------- Done invoking toplevel() on ptolemy.moml.MoMLSimpleApplication@1a6f1914
reloadAllAccessors: .ElementsToArray

===========================================================================================
----------------- testing Sun Aug 04 05:22:51 UTC 2019 /home/travis/build/icyphy/ptII/ptolemy/actor/lib/test/auto/Equals.xml
----------------- Instantiating /home/travis/build/icyphy/ptII/ptolemy/actor/lib/test/auto/Equals.xml
3 ms. Memory: 399360K Free: 119470K (30%)
----------------- Invoking toplevel() on ptolemy.moml.MoMLSimpleApplication@41750b1a
----------------- Done invoking toplevel() on ptolemy.moml.MoMLSimpleApplication@41750b1a
reloadAllAccessors: .Equals

===========================================================================================
----------------- testing Sun Aug 04 05:22:51 UTC 2019 /home/travis/build/icyphy/ptII/ptolemy/actor/lib/test/auto/Exec.xml
----------------- Instantiating /home/travis/build/icyphy/ptII/ptolemy/actor/lib/test/auto/Exec.xml
37 ms. Memory: 399360K Free: 351289K (88%)
----------------- Invoking toplevel() on ptolemy.moml.MoMLSimpleApplication@40277cfc
----------------- Done invoking toplevel() on ptolemy.moml.MoMLSimpleApplication@40277cfc
reloadAllAccessors: .Exec

===========================================================================================
----------------- testing Sun Aug 04 05:22:51 UTC 2019 /home/travis/build/icyphy/ptII/ptolemy/actor/lib/test/auto/ExecEnvironment.xml
----------------- Instantiating /home/travis/build/icyphy/ptII/ptolemy/actor/lib/test/auto/ExecEnvironment.xml
23 ms. Memory: 399360K Free: 345903K (87%)
----------------- Invoking toplevel() on ptolemy.moml.MoMLSimpleApplication@e9e9ed1
----------------- Done invoking toplevel() on ptolemy.moml.MoMLSimpleApplication@e9e9ed1
reloadAllAccessors: .ExecEnvironment

===========================================================================================
----------------- testing Sun Aug 04 05:22:51 UTC 2019 /home/travis/build/icyphy/ptII/ptolemy/actor/lib/test/auto/ExecNonZeroReturnOutput.xml
----------------- Instantiating /home/travis/build/icyphy/ptII/ptolemy/actor/lib/test/auto/ExecNonZeroReturnOutput.xml
187 ms. Memory: 399360K Free: 334653K (84%)
----------------- Invoking toplevel() on ptolemy.moml.MoMLSimpleApplication@22152afc
----------------- Done invoking toplevel() on ptolemy.moml.MoMLSimpleApplication@22152afc
reloadAllAccessors: .ExecNonZeroReturnOutput

===========================================================================================
----------------- testing Sun Aug 04 05:22:51 UTC 2019 /home/travis/build/icyphy/ptII/ptolemy/actor/lib/test/auto/ExecRunDemos.xml
----------------- Instantiating /home/travis/build/icyphy/ptII/ptolemy/actor/lib/test/auto/ExecRunDemos.xml
Finished: 93 ms. Memory: 120832K Free: 104380K (86%)

Finished: 58 ms. Memory: 120832K Free: 110650K (92%)

Finished: 102 ms. Memory: 120832K Free: 110165K (91%)

Finished: 71 ms. Memory: 120832K Free: 103271K (85%)

Finished: 80 ms. Memory: 120832K Free: 104117K (86%)

11173 ms. Memory: 399360K Free: 313661K (79%)
----------------- Invoking toplevel() on ptolemy.moml.MoMLSimpleApplication@6bbfb616
----------------- Done invoking toplevel() on ptolemy.moml.MoMLSimpleApplication@6bbfb616
reloadAllAccessors: .ExecRunDemos

===========================================================================================
----------------- testing Sun Aug 04 05:23:02 UTC 2019 /home/travis/build/icyphy/ptII/ptolemy/actor/lib/test/auto/ExecStop.xml
----------------- Instantiating /home/travis/build/icyphy/ptII/ptolemy/actor/lib/test/auto/ExecStop.xml
5023 ms. Memory: 399360K Free: 195389K (49%)
----------------- Invoking toplevel() on ptolemy.moml.MoMLSimpleApplication@aa5ef4e
----------------- Done invoking toplevel() on ptolemy.moml.MoMLSimpleApplication@aa5ef4e
reloadAllAccessors: .ExecStop

===========================================================================================
----------------- testing Sun Aug 04 05:23:07 UTC 2019 /home/travis/build/icyphy/ptII/ptolemy/actor/lib/test/auto/ExecutionTimeSDF.xml
----------------- Instantiating /home/travis/build/icyphy/ptII/ptolemy/actor/lib/test/auto/ExecutionTimeSDF.xml
Fired ExecutionTime: -2076167296
Fired ExecutionTime: 1069600000
Fired ExecutionTime: -1090167296
6016 ms. Memory: 399360K Free: 183087K (46%)
----------------- Invoking toplevel() on ptolemy.moml.MoMLSimpleApplication@1f2e4ba2
----------------- Done invoking toplevel() on ptolemy.moml.MoMLSimpleApplication@1f2e4ba2
reloadAllAccessors: .ExecutionTimeSDF

===========================================================================================
----------------- testing Sun Aug 04 05:23:13 UTC 2019 /home/travis/build/icyphy/ptII/ptolemy/actor/lib/test/auto/Expression1.xml
----------------- Instantiating /home/travis/build/icyphy/ptII/ptolemy/actor/lib/test/auto/Expression1.xml
2 ms. Memory: 399360K Free: 180029K (45%)
----------------- Invoking toplevel() on ptolemy.moml.MoMLSimpleApplication@519989a4
----------------- Done invoking toplevel() on ptolemy.moml.MoMLSimpleApplication@519989a4
reloadAllAccessors: .Expression1

===========================================================================================
----------------- testing Sun Aug 04 05:23:13 UTC 2019 /home/travis/build/icyphy/ptII/ptolemy/actor/lib/test/auto/Expression10.xml
----------------- Instantiating /home/travis/build/icyphy/ptII/ptolemy/actor/lib/test/auto/Expression10.xml
12 ms. Memory: 399360K Free: 174399K (44%)
----------------- Invoking toplevel() on ptolemy.moml.MoMLSimpleApplication@2182c0cc
----------------- Done invoking toplevel() on ptolemy.moml.MoMLSimpleApplication@2182c0cc
reloadAllAccessors: .Expression10

===========================================================================================
----------------- testing Sun Aug 04 05:23:13 UTC 2019 /home/travis/build/icyphy/ptII/ptolemy/actor/lib/test/auto/Expression11.xml
----------------- Instantiating /home/travis/build/icyphy/ptII/ptolemy/actor/lib/test/auto/Expression11.xml
2 ms. Memory: 399360K Free: 169789K (43%)
----------------- Invoking toplevel() on ptolemy.moml.MoMLSimpleApplication@249b3f41
----------------- Done invoking toplevel() on ptolemy.moml.MoMLSimpleApplication@249b3f41
reloadAllAccessors: .Expression11

===========================================================================================
----------------- testing Sun Aug 04 05:23:13 UTC 2019 /home/travis/build/icyphy/ptII/ptolemy/actor/lib/test/auto/Expression12.xml
----------------- Instantiating /home/travis/build/icyphy/ptII/ptolemy/actor/lib/test/auto/Expression12.xml
5 ms. Memory: 399360K Free: 164159K (41%)
----------------- Invoking toplevel() on ptolemy.moml.MoMLSimpleApplication@178af0a4
----------------- Done invoking toplevel() on ptolemy.moml.MoMLSimpleApplication@178af0a4
reloadAllAccessors: .Expression12

===========================================================================================
----------------- testing Sun Aug 04 05:23:13 UTC 2019 /home/travis/build/icyphy/ptII/ptolemy/actor/lib/test/auto/Expression13.xml
----------------- Instantiating /home/travis/build/icyphy/ptII/ptolemy/actor/lib/test/auto/Expression13.xml
4 ms. Memory: 399360K Free: 159039K (40%)
----------------- Invoking toplevel() on ptolemy.moml.MoMLSimpleApplication@7de5245f
----------------- Done invoking toplevel() on ptolemy.moml.MoMLSimpleApplication@7de5245f
reloadAllAccessors: .Expression13

===========================================================================================
----------------- testing Sun Aug 04 05:23:14 UTC 2019 /home/travis/build/icyphy/ptII/ptolemy/actor/lib/test/auto/Expression14.xml
----------------- Instantiating /home/travis/build/icyphy/ptII/ptolemy/actor/lib/test/auto/Expression14.xml
9 ms. Memory: 399360K Free: 153405K (38%)
----------------- Invoking toplevel() on ptolemy.moml.MoMLSimpleApplication@4054f348
----------------- Done invoking toplevel() on ptolemy.moml.MoMLSimpleApplication@4054f348
reloadAllAccessors: .Expression14

===========================================================================================
----------------- testing Sun Aug 04 05:23:14 UTC 2019 /home/travis/build/icyphy/ptII/ptolemy/actor/lib/test/auto/Expression15.xml
----------------- Instantiating /home/travis/build/icyphy/ptII/ptolemy/actor/lib/test/auto/Expression15.xml
2 ms. Memory: 399360K Free: 149823K (38%)
----------------- Invoking toplevel() on ptolemy.moml.MoMLSimpleApplication@549e0759
----------------- Done invoking toplevel() on ptolemy.moml.MoMLSimpleApplication@549e0759
reloadAllAccessors: .Expression15

===========================================================================================
----------------- testing Sun Aug 04 05:23:14 UTC 2019 /home/travis/build/icyphy/ptII/ptolemy/actor/lib/test/auto/Expression16.xml
----------------- Instantiating /home/travis/build/icyphy/ptII/ptolemy/actor/lib/test/auto/Expression16.xml
5 ms. Memory: 399360K Free: 144703K (36%)
----------------- Invoking toplevel() on ptolemy.moml.MoMLSimpleApplication@4c5fcffb
----------------- Done invoking toplevel() on ptolemy.moml.MoMLSimpleApplication@4c5fcffb
reloadAllAccessors: .Expression16

===========================================================================================
----------------- testing Sun Aug 04 05:23:14 UTC 2019 /home/travis/build/icyphy/ptII/ptolemy/actor/lib/test/auto/Expression17.xml
----------------- Instantiating /home/travis/build/icyphy/ptII/ptolemy/actor/lib/test/auto/Expression17.xml
3 ms. Memory: 399360K Free: 139583K (35%)
----------------- Invoking toplevel() on ptolemy.moml.MoMLSimpleApplication@2c87ea38
----------------- Done invoking toplevel() on ptolemy.moml.MoMLSimpleApplication@2c87ea38
reloadAllAccessors: .Expression17

===========================================================================================
----------------- testing Sun Aug 04 05:23:14 UTC 2019 /home/travis/build/icyphy/ptII/ptolemy/actor/lib/test/auto/Expression18.xml
----------------- Instantiating /home/travis/build/icyphy/ptII/ptolemy/actor/lib/test/auto/Expression18.xml
3 ms. Memory: 399360K Free: 133949K (34%)
----------------- Invoking toplevel() on ptolemy.moml.MoMLSimpleApplication@4784f15a
----------------- Done invoking toplevel() on ptolemy.moml.MoMLSimpleApplication@4784f15a
reloadAllAccessors: .Expression18

===========================================================================================
----------------- testing Sun Aug 04 05:23:14 UTC 2019 /home/travis/build/icyphy/ptII/ptolemy/actor/lib/test/auto/Expression2.xml
----------------- Instantiating /home/travis/build/icyphy/ptII/ptolemy/actor/lib/test/auto/Expression2.xml
3 ms. Memory: 399360K Free: 128829K (32%)
----------------- Invoking toplevel() on ptolemy.moml.MoMLSimpleApplication@8239452
----------------- Done invoking toplevel() on ptolemy.moml.MoMLSimpleApplication@8239452
reloadAllAccessors: .Expression2

===========================================================================================
----------------- testing Sun Aug 04 05:23:14 UTC 2019 /home/travis/build/icyphy/ptII/ptolemy/actor/lib/test/auto/Expression3.xml
----------------- Instantiating /home/travis/build/icyphy/ptII/ptolemy/actor/lib/test/auto/Expression3.xml
7 ms. Memory: 399360K Free: 124223K (31%)
----------------- Invoking toplevel() on ptolemy.moml.MoMLSimpleApplication@64df7cb
----------------- Done invoking toplevel() on ptolemy.moml.MoMLSimpleApplication@64df7cb
reloadAllAccessors: .Expression3

===========================================================================================
----------------- testing Sun Aug 04 05:23:14 UTC 2019 /home/travis/build/icyphy/ptII/ptolemy/actor/lib/test/auto/Expression4.xml
----------------- Instantiating /home/travis/build/icyphy/ptII/ptolemy/actor/lib/test/auto/Expression4.xml
6 ms. Memory: 399360K Free: 116541K (29%)
----------------- Invoking toplevel() on ptolemy.moml.MoMLSimpleApplication@34b825b1
----------------- Done invoking toplevel() on ptolemy.moml.MoMLSimpleApplication@34b825b1
reloadAllAccessors: .Expression4

===========================================================================================
----------------- testing Sun Aug 04 05:23:14 UTC 2019 /home/travis/build/icyphy/ptII/ptolemy/actor/lib/test/auto/Expression5.xml
----------------- Instantiating /home/travis/build/icyphy/ptII/ptolemy/actor/lib/test/auto/Expression5.xml
5 ms. Memory: 399360K Free: 347432K (87%)
----------------- Invoking toplevel() on ptolemy.moml.MoMLSimpleApplication@169797f5
----------------- Done invoking toplevel() on ptolemy.moml.MoMLSimpleApplication@169797f5
reloadAllAccessors: .Expression5

===========================================================================================
----------------- testing Sun Aug 04 05:23:14 UTC 2019 /home/travis/build/icyphy/ptII/ptolemy/actor/lib/test/auto/Expression6.xml
----------------- Instantiating /home/travis/build/icyphy/ptII/ptolemy/actor/lib/test/auto/Expression6.xml
2 ms. Memory: 399360K Free: 342826K (86%)
----------------- Invoking toplevel() on ptolemy.moml.MoMLSimpleApplication@7d4b3b33
----------------- Done invoking toplevel() on ptolemy.moml.MoMLSimpleApplication@7d4b3b33
reloadAllAccessors: .Expression6

===========================================================================================
----------------- testing Sun Aug 04 05:23:14 UTC 2019 /home/travis/build/icyphy/ptII/ptolemy/actor/lib/test/auto/Expression7.xml
----------------- Instantiating /home/travis/build/icyphy/ptII/ptolemy/actor/lib/test/auto/Expression7.xml
3 ms. Memory: 399360K Free: 337706K (85%)
----------------- Invoking toplevel() on ptolemy.moml.MoMLSimpleApplication@7ff040e2
----------------- Done invoking toplevel() on ptolemy.moml.MoMLSimpleApplication@7ff040e2
reloadAllAccessors: .Expression7

===========================================================================================
----------------- testing Sun Aug 04 05:23:14 UTC 2019 /home/travis/build/icyphy/ptII/ptolemy/actor/lib/test/auto/Expression8.xml
----------------- Instantiating /home/travis/build/icyphy/ptII/ptolemy/actor/lib/test/auto/Expression8.xml
9 ms. Memory: 399360K Free: 332586K (83%)
----------------- Invoking toplevel() on ptolemy.moml.MoMLSimpleApplication@910a43f
----------------- Done invoking toplevel() on ptolemy.moml.MoMLSimpleApplication@910a43f
reloadAllAccessors: .Expression8

===========================================================================================
----------------- testing Sun Aug 04 05:23:14 UTC 2019 /home/travis/build/icyphy/ptII/ptolemy/actor/lib/test/auto/Expression9.xml
----------------- Instantiating /home/travis/build/icyphy/ptII/ptolemy/actor/lib/test/auto/Expression9.xml
1 ms. Memory: 399360K Free: 328490K (82%)
----------------- Invoking toplevel() on ptolemy.moml.MoMLSimpleApplication@a16639b
----------------- Done invoking toplevel() on ptolemy.moml.MoMLSimpleApplication@a16639b
reloadAllAccessors: .Expression9

===========================================================================================
----------------- testing Sun Aug 04 05:23:14 UTC 2019 /home/travis/build/icyphy/ptII/ptolemy/actor/lib/test/auto/ExpressionConcatenateArrayType.xml
----------------- Instantiating /home/travis/build/icyphy/ptII/ptolemy/actor/lib/test/auto/ExpressionConcatenateArrayType.xml
4 ms. Memory: 399360K Free: 321832K (81%)
----------------- Invoking toplevel() on ptolemy.moml.MoMLSimpleApplication@268a922
----------------- Done invoking toplevel() on ptolemy.moml.MoMLSimpleApplication@268a922
reloadAllAccessors: .ExpressionConcatenateArrayType

===========================================================================================
----------------- testing Sun Aug 04 05:23:14 UTC 2019 /home/travis/build/icyphy/ptII/ptolemy/actor/lib/test/auto/ExpressionConcatenateArrayType2.xml
----------------- Instantiating /home/travis/build/icyphy/ptII/ptolemy/actor/lib/test/auto/ExpressionConcatenateArrayType2.xml
3 ms. Memory: 399360K Free: 316202K (79%)
----------------- Invoking toplevel() on ptolemy.moml.MoMLSimpleApplication@25b53bcf
----------------- Done invoking toplevel() on ptolemy.moml.MoMLSimpleApplication@25b53bcf
reloadAllAccessors: .ExpressionConcatenateArrayType2

===========================================================================================
----------------- testing Sun Aug 04 05:23:14 UTC 2019 /home/travis/build/icyphy/ptII/ptolemy/actor/lib/test/auto/ExpressionFix.xml
----------------- Instantiating /home/travis/build/icyphy/ptII/ptolemy/actor/lib/test/auto/ExpressionFix.xml
29 ms. Memory: 399360K Free: 310056K (78%)
----------------- Invoking toplevel() on ptolemy.moml.MoMLSimpleApplication@14d0bd8d
----------------- Done invoking toplevel() on ptolemy.moml.MoMLSimpleApplication@14d0bd8d
reloadAllAccessors: .ExpressionFix

===========================================================================================
----------------- testing Sun Aug 04 05:23:14 UTC 2019 /home/travis/build/icyphy/ptII/ptolemy/actor/lib/test/auto/ExpressionFix2.xml
----------------- Instantiating /home/travis/build/icyphy/ptII/ptolemy/actor/lib/test/auto/ExpressionFix2.xml
4 ms. Memory: 399360K Free: 305962K (77%)
----------------- Invoking toplevel() on ptolemy.moml.MoMLSimpleApplication@6420a7c7
----------------- Done invoking toplevel() on ptolemy.moml.MoMLSimpleApplication@6420a7c7
reloadAllAccessors: .ExpressionFix2

===========================================================================================
----------------- testing Sun Aug 04 05:23:14 UTC 2019 /home/travis/build/icyphy/ptII/ptolemy/actor/lib/test/auto/ExpressionFix3.xml
----------------- Instantiating /home/travis/build/icyphy/ptII/ptolemy/actor/lib/test/auto/ExpressionFix3.xml
3 ms. Memory: 399360K Free: 301352K (75%)
----------------- Invoking toplevel() on ptolemy.moml.MoMLSimpleApplication@11b3513a
----------------- Done invoking toplevel() on ptolemy.moml.MoMLSimpleApplication@11b3513a
reloadAllAccessors: .ExpressionFix3

===========================================================================================
----------------- testing Sun Aug 04 05:23:14 UTC 2019 /home/travis/build/icyphy/ptII/ptolemy/actor/lib/test/auto/FileWriter1.xml
----------------- Instantiating /home/travis/build/icyphy/ptII/ptolemy/actor/lib/test/auto/FileWriter1.xml
3 ms. Memory: 399360K Free: 297256K (74%)
----------------- Invoking toplevel() on ptolemy.moml.MoMLSimpleApplication@53fe2698
----------------- Done invoking toplevel() on ptolemy.moml.MoMLSimpleApplication@53fe2698
reloadAllAccessors: .FileWriter1

===========================================================================================
----------------- testing Sun Aug 04 05:23:14 UTC 2019 /home/travis/build/icyphy/ptII/ptolemy/actor/lib/test/auto/FileWriter2.xml
----------------- Instantiating /home/travis/build/icyphy/ptII/ptolemy/actor/lib/test/auto/FileWriter2.xml
2 ms. Memory: 399360K Free: 292650K (73%)
----------------- Invoking toplevel() on ptolemy.moml.MoMLSimpleApplication@41020a4d
----------------- Done invoking toplevel() on ptolemy.moml.MoMLSimpleApplication@41020a4d
reloadAllAccessors: .FileWriter2

===========================================================================================
----------------- testing Sun Aug 04 05:23:14 UTC 2019 /home/travis/build/icyphy/ptII/ptolemy/actor/lib/test/auto/FileWriter3.xml
----------------- Instantiating /home/travis/build/icyphy/ptII/ptolemy/actor/lib/test/auto/FileWriter3.xml
3 ms. Memory: 399360K Free: 288554K (72%)
----------------- Invoking toplevel() on ptolemy.moml.MoMLSimpleApplication@64857989
----------------- Done invoking toplevel() on ptolemy.moml.MoMLSimpleApplication@64857989
reloadAllAccessors: .FileWriter3

===========================================================================================
----------------- testing Sun Aug 04 05:23:14 UTC 2019 /home/travis/build/icyphy/ptII/ptolemy/actor/lib/test/auto/Gaussian.xml
----------------- Instantiating /home/travis/build/icyphy/ptII/ptolemy/actor/lib/test/auto/Gaussian.xml
2 ms. Memory: 399360K Free: 283944K (71%)
----------------- Invoking toplevel() on ptolemy.moml.MoMLSimpleApplication@24be6e5b
----------------- Done invoking toplevel() on ptolemy.moml.MoMLSimpleApplication@24be6e5b
reloadAllAccessors: .Gaussian

===========================================================================================
----------------- testing Sun Aug 04 05:23:14 UTC 2019 /home/travis/build/icyphy/ptII/ptolemy/actor/lib/test/auto/Gaussian1.xml
----------------- Instantiating /home/travis/build/icyphy/ptII/ptolemy/actor/lib/test/auto/Gaussian1.xml
12 ms. Memory: 399360K Free: 278794K (70%)
----------------- Invoking toplevel() on ptolemy.moml.MoMLSimpleApplication@3bde3ae1
----------------- Done invoking toplevel() on ptolemy.moml.MoMLSimpleApplication@3bde3ae1
reloadAllAccessors: .Gaussian1

===========================================================================================
----------------- testing Sun Aug 04 05:23:14 UTC 2019 /home/travis/build/icyphy/ptII/ptolemy/actor/lib/test/auto/Gaussian2.xml
----------------- Instantiating /home/travis/build/icyphy/ptII/ptolemy/actor/lib/test/auto/Gaussian2.xml
2 ms. Memory: 399360K Free: 273194K (68%)
----------------- Invoking toplevel() on ptolemy.moml.MoMLSimpleApplication@73842229
----------------- Done invoking toplevel() on ptolemy.moml.MoMLSimpleApplication@73842229
reloadAllAccessors: .Gaussian2

===========================================================================================
----------------- testing Sun Aug 04 05:23:14 UTC 2019 /home/travis/build/icyphy/ptII/ptolemy/actor/lib/test/auto/GradientAdaptiveLattice.xml
----------------- Instantiating /home/travis/build/icyphy/ptII/ptolemy/actor/lib/test/auto/GradientAdaptiveLattice.xml
2 ms. Memory: 399360K Free: 268074K (67%)
----------------- Invoking toplevel() on ptolemy.moml.MoMLSimpleApplication@139cbb5e
----------------- Done invoking toplevel() on ptolemy.moml.MoMLSimpleApplication@139cbb5e
reloadAllAccessors: .GradientAdaptiveLattice

===========================================================================================
----------------- testing Sun Aug 04 05:23:14 UTC 2019 /home/travis/build/icyphy/ptII/ptolemy/actor/lib/test/auto/IIR.xml
----------------- Instantiating /home/travis/build/icyphy/ptII/ptolemy/actor/lib/test/auto/IIR.xml
1 ms. Memory: 399360K Free: 263464K (66%)
----------------- Invoking toplevel() on ptolemy.moml.MoMLSimpleApplication@1aa72eea
----------------- Done invoking toplevel() on ptolemy.moml.MoMLSimpleApplication@1aa72eea
reloadAllAccessors: .IIR

===========================================================================================
----------------- testing Sun Aug 04 05:23:14 UTC 2019 /home/travis/build/icyphy/ptII/ptolemy/actor/lib/test/auto/InputOutputTransparentPorts.xml
----------------- Instantiating /home/travis/build/icyphy/ptII/ptolemy/actor/lib/test/auto/InputOutputTransparentPorts.xml
2 ms. Memory: 399360K Free: 256296K (64%)
----------------- Invoking toplevel() on ptolemy.moml.MoMLSimpleApplication@43b9cf12
----------------- Done invoking toplevel() on ptolemy.moml.MoMLSimpleApplication@43b9cf12
reloadAllAccessors: .InputOutputTransparentPorts

===========================================================================================
----------------- testing Sun Aug 04 05:23:14 UTC 2019 /home/travis/build/icyphy/ptII/ptolemy/actor/lib/test/auto/Interpolator.xml
----------------- Instantiating /home/travis/build/icyphy/ptII/ptolemy/actor/lib/test/auto/Interpolator.xml
3 ms. Memory: 399360K Free: 252200K (63%)
----------------- Invoking toplevel() on ptolemy.moml.MoMLSimpleApplication@3a011934
----------------- Done invoking toplevel() on ptolemy.moml.MoMLSimpleApplication@3a011934
reloadAllAccessors: .Interpolator

===========================================================================================
----------------- testing Sun Aug 04 05:23:14 UTC 2019 /home/travis/build/icyphy/ptII/ptolemy/actor/lib/test/auto/InterpolatorFiringLimitDE.xml
----------------- Instantiating /home/travis/build/icyphy/ptII/ptolemy/actor/lib/test/auto/InterpolatorFiringLimitDE.xml
2 ms. Memory: 399360K Free: 246056K (62%)
----------------- Invoking toplevel() on ptolemy.moml.MoMLSimpleApplication@4f8f7607
----------------- Done invoking toplevel() on ptolemy.moml.MoMLSimpleApplication@4f8f7607
reloadAllAccessors: .InterpolatorFiringLimitDE

===========================================================================================
----------------- testing Sun Aug 04 05:23:14 UTC 2019 /home/travis/build/icyphy/ptII/ptolemy/actor/lib/test/auto/Lattice.xml
----------------- Instantiating /home/travis/build/icyphy/ptII/ptolemy/actor/lib/test/auto/Lattice.xml
1 ms. Memory: 399360K Free: 241960K (61%)
----------------- Invoking toplevel() on ptolemy.moml.MoMLSimpleApplication@710ca4bf
----------------- Done invoking toplevel() on ptolemy.moml.MoMLSimpleApplication@710ca4bf
reloadAllAccessors: .Lattice

===========================================================================================
----------------- testing Sun Aug 04 05:23:14 UTC 2019 /home/travis/build/icyphy/ptII/ptolemy/actor/lib/test/auto/LazyAOCTestLazy.xml
----------------- Instantiating /home/travis/build/icyphy/ptII/ptolemy/actor/lib/test/auto/LazyAOCTestLazy.xml
11 ms. Memory: 399360K Free: 236330K (59%)
----------------- Invoking toplevel() on ptolemy.moml.MoMLSimpleApplication@6ca9e99c
----------------- Done invoking toplevel() on ptolemy.moml.MoMLSimpleApplication@6ca9e99c
reloadAllAccessors: .LazyAOCTestLazy

===========================================================================================
----------------- testing Sun Aug 04 05:23:14 UTC 2019 /home/travis/build/icyphy/ptII/ptolemy/actor/lib/test/auto/LazyAOCTestNonLazy.xml
----------------- Instantiating /home/travis/build/icyphy/ptII/ptolemy/actor/lib/test/auto/LazyAOCTestNonLazy.xml
2 ms. Memory: 399360K Free: 229672K (58%)
----------------- Invoking toplevel() on ptolemy.moml.MoMLSimpleApplication@4c0edd6d
----------------- Done invoking toplevel() on ptolemy.moml.MoMLSimpleApplication@4c0edd6d
reloadAllAccessors: .LazyAOCTestNonLazy

===========================================================================================
----------------- testing Sun Aug 04 05:23:14 UTC 2019 /home/travis/build/icyphy/ptII/ptolemy/actor/lib/test/auto/LazyInnerClass.xml
----------------- Instantiating /home/travis/build/icyphy/ptII/ptolemy/actor/lib/test/auto/LazyInnerClass.xml
19 ms. Memory: 399360K Free: 220970K (55%)
----------------- Invoking toplevel() on ptolemy.moml.MoMLSimpleApplication@52b9a777
----------------- Done invoking toplevel() on ptolemy.moml.MoMLSimpleApplication@52b9a777
reloadAllAccessors: .LazyInnerClass

===========================================================================================
----------------- testing Sun Aug 04 05:23:14 UTC 2019 /home/travis/build/icyphy/ptII/ptolemy/actor/lib/test/auto/LazyPubSub.xml
----------------- Instantiating /home/travis/build/icyphy/ptII/ptolemy/actor/lib/test/auto/LazyPubSub.xml
24 ms. Memory: 399360K Free: 210216K (53%)
----------------- Invoking toplevel() on ptolemy.moml.MoMLSimpleApplication@d31e311
----------------- Done invoking toplevel() on ptolemy.moml.MoMLSimpleApplication@d31e311
reloadAllAccessors: .LazyPubSub

===========================================================================================
----------------- testing Sun Aug 04 05:23:14 UTC 2019 /home/travis/build/icyphy/ptII/ptolemy/actor/lib/test/auto/LazyPubSub2.xml
----------------- Instantiating /home/travis/build/icyphy/ptII/ptolemy/actor/lib/test/auto/LazyPubSub2.xml
24 ms. Memory: 399360K Free: 200488K (50%)
----------------- Invoking toplevel() on ptolemy.moml.MoMLSimpleApplication@44597e1d
----------------- Done invoking toplevel() on ptolemy.moml.MoMLSimpleApplication@44597e1d
reloadAllAccessors: .LazyPubSub2

===========================================================================================
----------------- testing Sun Aug 04 05:23:14 UTC 2019 /home/travis/build/icyphy/ptII/ptolemy/actor/lib/test/auto/LazyPubSub3.xml
----------------- Instantiating /home/travis/build/icyphy/ptII/ptolemy/actor/lib/test/auto/LazyPubSub3.xml
14 ms. Memory: 399360K Free: 190760K (48%)
----------------- Invoking toplevel() on ptolemy.moml.MoMLSimpleApplication@7f931f93
----------------- Done invoking toplevel() on ptolemy.moml.MoMLSimpleApplication@7f931f93
reloadAllAccessors: .LazyPubSub3

===========================================================================================
----------------- testing Sun Aug 04 05:23:14 UTC 2019 /home/travis/build/icyphy/ptII/ptolemy/actor/lib/test/auto/LazySubClassModel.xml
----------------- Instantiating /home/travis/build/icyphy/ptII/ptolemy/actor/lib/test/auto/LazySubClassModel.xml
2 ms. Memory: 399360K Free: 181544K (45%)
----------------- Invoking toplevel() on ptolemy.moml.MoMLSimpleApplication@1db0baf1
----------------- Done invoking toplevel() on ptolemy.moml.MoMLSimpleApplication@1db0baf1
reloadAllAccessors: .LazySubClassModel

===========================================================================================
----------------- testing Sun Aug 04 05:23:14 UTC 2019 /home/travis/build/icyphy/ptII/ptolemy/actor/lib/test/auto/LevelCrossTest1.xml
----------------- Instantiating /home/travis/build/icyphy/ptII/ptolemy/actor/lib/test/auto/LevelCrossTest1.xml
1 ms. Memory: 399360K Free: 175914K (44%)
----------------- Invoking toplevel() on ptolemy.moml.MoMLSimpleApplication@427a2317
----------------- Done invoking toplevel() on ptolemy.moml.MoMLSimpleApplication@427a2317
reloadAllAccessors: .broken

===========================================================================================
----------------- testing Sun Aug 04 05:23:14 UTC 2019 /home/travis/build/icyphy/ptII/ptolemy/actor/lib/test/auto/LevelCrossTest10.xml
----------------- Instantiating /home/travis/build/icyphy/ptII/ptolemy/actor/lib/test/auto/LevelCrossTest10.xml
1 ms. Memory: 399360K Free: 168232K (42%)
----------------- Invoking toplevel() on ptolemy.moml.MoMLSimpleApplication@46cacaf0
----------------- Done invoking toplevel() on ptolemy.moml.MoMLSimpleApplication@46cacaf0
reloadAllAccessors: .LevelCrossTest10

===========================================================================================
----------------- testing Sun Aug 04 05:23:14 UTC 2019 /home/travis/build/icyphy/ptII/ptolemy/actor/lib/test/auto/LevelCrossTest11.xml
----------------- Instantiating /home/travis/build/icyphy/ptII/ptolemy/actor/lib/test/auto/LevelCrossTest11.xml
1 ms. Memory: 399360K Free: 160554K (40%)
----------------- Invoking toplevel() on ptolemy.moml.MoMLSimpleApplication@3c4c73a3
----------------- Done invoking toplevel() on ptolemy.moml.MoMLSimpleApplication@3c4c73a3
reloadAllAccessors: .LevelCrossTest11

===========================================================================================
----------------- testing Sun Aug 04 05:23:15 UTC 2019 /home/travis/build/icyphy/ptII/ptolemy/actor/lib/test/auto/LevelCrossTest12.xml
----------------- Instantiating /home/travis/build/icyphy/ptII/ptolemy/actor/lib/test/auto/LevelCrossTest12.xml
1 ms. Memory: 399360K Free: 153896K (39%)
----------------- Invoking toplevel() on ptolemy.moml.MoMLSimpleApplication@22a7affb
----------------- Done invoking toplevel() on ptolemy.moml.MoMLSimpleApplication@22a7affb
reloadAllAccessors: .LevelCrossTest12

===========================================================================================
----------------- testing Sun Aug 04 05:23:15 UTC 2019 /home/travis/build/icyphy/ptII/ptolemy/actor/lib/test/auto/LevelCrossTest13.xml
----------------- Instantiating /home/travis/build/icyphy/ptII/ptolemy/actor/lib/test/auto/LevelCrossTest13.xml
4 ms. Memory: 399360K Free: 146218K (37%)
----------------- Invoking toplevel() on ptolemy.moml.MoMLSimpleApplication@6d61e3d4
----------------- Done invoking toplevel() on ptolemy.moml.MoMLSimpleApplication@6d61e3d4
reloadAllAccessors: .LevelCrossTest13

===========================================================================================
----------------- testing Sun Aug 04 05:23:15 UTC 2019 /home/travis/build/icyphy/ptII/ptolemy/actor/lib/test/auto/LevelCrossTest2.xml
----------------- Instantiating /home/travis/build/icyphy/ptII/ptolemy/actor/lib/test/auto/LevelCrossTest2.xml
7 ms. Memory: 399360K Free: 140584K (35%)
----------------- Invoking toplevel() on ptolemy.moml.MoMLSimpleApplication@50071fe6
----------------- Done invoking toplevel() on ptolemy.moml.MoMLSimpleApplication@50071fe6
reloadAllAccessors: .broken

===========================================================================================
----------------- testing Sun Aug 04 05:23:15 UTC 2019 /home/travis/build/icyphy/ptII/ptolemy/actor/lib/test/auto/LevelCrossTest3.xml
----------------- Instantiating /home/travis/build/icyphy/ptII/ptolemy/actor/lib/test/auto/LevelCrossTest3.xml
1 ms. Memory: 399360K Free: 134440K (34%)
----------------- Invoking toplevel() on ptolemy.moml.MoMLSimpleApplication@21571de
----------------- Done invoking toplevel() on ptolemy.moml.MoMLSimpleApplication@21571de
reloadAllAccessors: .LevelCrossTest3

===========================================================================================
----------------- testing Sun Aug 04 05:23:15 UTC 2019 /home/travis/build/icyphy/ptII/ptolemy/actor/lib/test/auto/LevelCrossTest4.xml
----------------- Instantiating /home/travis/build/icyphy/ptII/ptolemy/actor/lib/test/auto/LevelCrossTest4.xml
1 ms. Memory: 399360K Free: 128810K (32%)
----------------- Invoking toplevel() on ptolemy.moml.MoMLSimpleApplication@3b780d1d
----------------- Done invoking toplevel() on ptolemy.moml.MoMLSimpleApplication@3b780d1d
reloadAllAccessors: .broken

===========================================================================================
----------------- testing Sun Aug 04 05:23:15 UTC 2019 /home/travis/build/icyphy/ptII/ptolemy/actor/lib/test/auto/LevelCrossTest5.xml
----------------- Instantiating /home/travis/build/icyphy/ptII/ptolemy/actor/lib/test/auto/LevelCrossTest5.xml
7 ms. Memory: 399360K Free: 121642K (30%)
----------------- Invoking toplevel() on ptolemy.moml.MoMLSimpleApplication@48b5c67d
----------------- Done invoking toplevel() on ptolemy.moml.MoMLSimpleApplication@48b5c67d
reloadAllAccessors: .LevelCrossTest5

===========================================================================================
----------------- testing Sun Aug 04 05:23:15 UTC 2019 /home/travis/build/icyphy/ptII/ptolemy/actor/lib/test/auto/LevelCrossTest6.xml
----------------- Instantiating /home/travis/build/icyphy/ptII/ptolemy/actor/lib/test/auto/LevelCrossTest6.xml
1 ms. Memory: 399360K Free: 114984K (29%)
----------------- Invoking toplevel() on ptolemy.moml.MoMLSimpleApplication@7cbf367f
----------------- Done invoking toplevel() on ptolemy.moml.MoMLSimpleApplication@7cbf367f
reloadAllAccessors: .LevelCrossTest6

===========================================================================================
----------------- testing Sun Aug 04 05:23:15 UTC 2019 /home/travis/build/icyphy/ptII/ptolemy/actor/lib/test/auto/LevelCrossTest7.xml
----------------- Instantiating /home/travis/build/icyphy/ptII/ptolemy/actor/lib/test/auto/LevelCrossTest7.xml
1 ms. Memory: 399360K Free: 343726K (86%)
----------------- Invoking toplevel() on ptolemy.moml.MoMLSimpleApplication@42ea16d5
----------------- Done invoking toplevel() on ptolemy.moml.MoMLSimpleApplication@42ea16d5
reloadAllAccessors: .LevelCrossTest7

===========================================================================================
----------------- testing Sun Aug 04 05:23:15 UTC 2019 /home/travis/build/icyphy/ptII/ptolemy/actor/lib/test/auto/LevelCrossTest8.xml
----------------- Instantiating /home/travis/build/icyphy/ptII/ptolemy/actor/lib/test/auto/LevelCrossTest8.xml
1 ms. Memory: 399360K Free: 337068K (84%)
----------------- Invoking toplevel() on ptolemy.moml.MoMLSimpleApplication@7bcb9d82
----------------- Done invoking toplevel() on ptolemy.moml.MoMLSimpleApplication@7bcb9d82
reloadAllAccessors: .LevelCrossTest8

===========================================================================================
----------------- testing Sun Aug 04 05:23:15 UTC 2019 /home/travis/build/icyphy/ptII/ptolemy/actor/lib/test/auto/LevelCrossTest9.xml
----------------- Instantiating /home/travis/build/icyphy/ptII/ptolemy/actor/lib/test/auto/LevelCrossTest9.xml
2 ms. Memory: 399360K Free: 329390K (82%)
----------------- Invoking toplevel() on ptolemy.moml.MoMLSimpleApplication@6f3e8e57
----------------- Done invoking toplevel() on ptolemy.moml.MoMLSimpleApplication@6f3e8e57
reloadAllAccessors: .LevelCrossTest9

===========================================================================================
----------------- testing Sun Aug 04 05:23:15 UTC 2019 /home/travis/build/icyphy/ptII/ptolemy/actor/lib/test/auto/LevinsonDurbin.xml
----------------- Instantiating /home/travis/build/icyphy/ptII/ptolemy/actor/lib/test/auto/LevinsonDurbin.xml
1 ms. Memory: 399360K Free: 325294K (81%)
----------------- Invoking toplevel() on ptolemy.moml.MoMLSimpleApplication@57d32827
----------------- Done invoking toplevel() on ptolemy.moml.MoMLSimpleApplication@57d32827
reloadAllAccessors: .LevinsonDurbin

===========================================================================================
----------------- testing Sun Aug 04 05:23:15 UTC 2019 /home/travis/build/icyphy/ptII/ptolemy/actor/lib/test/auto/LevinsonDurbin2.xml
----------------- Instantiating /home/travis/build/icyphy/ptII/ptolemy/actor/lib/test/auto/LevinsonDurbin2.xml
1 ms. Memory: 399360K Free: 321198K (80%)
----------------- Invoking toplevel() on ptolemy.moml.MoMLSimpleApplication@49c49029
----------------- Done invoking toplevel() on ptolemy.moml.MoMLSimpleApplication@49c49029
reloadAllAccessors: .LevinsonDurbin2

===========================================================================================
----------------- testing Sun Aug 04 05:23:15 UTC 2019 /home/travis/build/icyphy/ptII/ptolemy/actor/lib/test/auto/LevinsonDurbin3.xml
----------------- Instantiating /home/travis/build/icyphy/ptII/ptolemy/actor/lib/test/auto/LevinsonDurbin3.xml
2 ms. Memory: 399360K Free: 317102K (79%)
----------------- Invoking toplevel() on ptolemy.moml.MoMLSimpleApplication@7e236d42
----------------- Done invoking toplevel() on ptolemy.moml.MoMLSimpleApplication@7e236d42
reloadAllAccessors: .LevinsonDurbin3

===========================================================================================
----------------- testing Sun Aug 04 05:23:15 UTC 2019 /home/travis/build/icyphy/ptII/ptolemy/actor/lib/test/auto/Limiter.xml
----------------- Instantiating /home/travis/build/icyphy/ptII/ptolemy/actor/lib/test/auto/Limiter.xml
12 ms. Memory: 399360K Free: 307886K (77%)
----------------- Invoking toplevel() on ptolemy.moml.MoMLSimpleApplication@4f7688b9
----------------- Done invoking toplevel() on ptolemy.moml.MoMLSimpleApplication@4f7688b9
reloadAllAccessors: .Limiter

===========================================================================================
----------------- testing Sun Aug 04 05:23:15 UTC 2019 /home/travis/build/icyphy/ptII/ptolemy/actor/lib/test/auto/LinearDifferenceEquationSystem.xml
----------------- Instantiating /home/travis/build/icyphy/ptII/ptolemy/actor/lib/test/auto/LinearDifferenceEquationSystem.xml
4 ms. Memory: 399360K Free: 300204K (75%)
----------------- Invoking toplevel() on ptolemy.moml.MoMLSimpleApplication@1bcff2b0
----------------- Done invoking toplevel() on ptolemy.moml.MoMLSimpleApplication@1bcff2b0
reloadAllAccessors: .LinearDifferenceEquationSystem

===========================================================================================
----------------- testing Sun Aug 04 05:23:15 UTC 2019 /home/travis/build/icyphy/ptII/ptolemy/actor/lib/test/auto/LookupTable.xml
----------------- Instantiating /home/travis/build/icyphy/ptII/ptolemy/actor/lib/test/auto/LookupTable.xml
2 ms. Memory: 399360K Free: 295598K (74%)
----------------- Invoking toplevel() on ptolemy.moml.MoMLSimpleApplication@5c4ac0ce
----------------- Done invoking toplevel() on ptolemy.moml.MoMLSimpleApplication@5c4ac0ce
reloadAllAccessors: .LookupTable

===========================================================================================
----------------- testing Sun Aug 04 05:23:15 UTC 2019 /home/travis/build/icyphy/ptII/ptolemy/actor/lib/test/auto/MathFunction.xml
----------------- Instantiating /home/travis/build/icyphy/ptII/ptolemy/actor/lib/test/auto/MathFunction.xml
2 ms. Memory: 399360K Free: 287406K (72%)
----------------- Invoking toplevel() on ptolemy.moml.MoMLSimpleApplication@4dea7b0d
----------------- Done invoking toplevel() on ptolemy.moml.MoMLSimpleApplication@4dea7b0d
reloadAllAccessors: .MathFunction

===========================================================================================
----------------- testing Sun Aug 04 05:23:15 UTC 2019 /home/travis/build/icyphy/ptII/ptolemy/actor/lib/test/auto/MathFunction2.xml
----------------- Instantiating /home/travis/build/icyphy/ptII/ptolemy/actor/lib/test/auto/MathFunction2.xml
5 ms. Memory: 399360K Free: 283820K (71%)
----------------- Invoking toplevel() on ptolemy.moml.MoMLSimpleApplication@3110a857
----------------- Done invoking toplevel() on ptolemy.moml.MoMLSimpleApplication@3110a857
reloadAllAccessors: .MathFunction2

===========================================================================================
----------------- testing Sun Aug 04 05:23:15 UTC 2019 /home/travis/build/icyphy/ptII/ptolemy/actor/lib/test/auto/MathFunction3.xml
----------------- Instantiating /home/travis/build/icyphy/ptII/ptolemy/actor/lib/test/auto/MathFunction3.xml
2 ms. Memory: 399360K Free: 276652K (69%)
----------------- Invoking toplevel() on ptolemy.moml.MoMLSimpleApplication@3e676f89
----------------- Done invoking toplevel() on ptolemy.moml.MoMLSimpleApplication@3e676f89
reloadAllAccessors: .MathFunction3

===========================================================================================
----------------- testing Sun Aug 04 05:23:15 UTC 2019 /home/travis/build/icyphy/ptII/ptolemy/actor/lib/test/auto/MatrixCropBoolean.xml
----------------- Instantiating /home/travis/build/icyphy/ptII/ptolemy/actor/lib/test/auto/MatrixCropBoolean.xml
2 ms. Memory: 399360K Free: 271502K (68%)
----------------- Invoking toplevel() on ptolemy.moml.MoMLSimpleApplication@df98a06
----------------- Done invoking toplevel() on ptolemy.moml.MoMLSimpleApplication@df98a06
reloadAllAccessors: .MatrixCropBoolean

===========================================================================================
----------------- testing Sun Aug 04 05:23:15 UTC 2019 /home/travis/build/icyphy/ptII/ptolemy/actor/lib/test/auto/MatrixCropComplex.xml
----------------- Instantiating /home/travis/build/icyphy/ptII/ptolemy/actor/lib/test/auto/MatrixCropComplex.xml
3 ms. Memory: 399360K Free: 266398K (67%)
----------------- Invoking toplevel() on ptolemy.moml.MoMLSimpleApplication@2e1db2a3
----------------- Done invoking toplevel() on ptolemy.moml.MoMLSimpleApplication@2e1db2a3
reloadAllAccessors: .MatrixCropComplex

===========================================================================================
----------------- testing Sun Aug 04 05:23:15 UTC 2019 /home/travis/build/icyphy/ptII/ptolemy/actor/lib/test/auto/MatrixCropDouble.xml
----------------- Instantiating /home/travis/build/icyphy/ptII/ptolemy/actor/lib/test/auto/MatrixCropDouble.xml
2 ms. Memory: 399360K Free: 261278K (65%)
----------------- Invoking toplevel() on ptolemy.moml.MoMLSimpleApplication@2637a57
----------------- Done invoking toplevel() on ptolemy.moml.MoMLSimpleApplication@2637a57
reloadAllAccessors: .MatrixCropDouble

===========================================================================================
----------------- testing Sun Aug 04 05:23:15 UTC 2019 /home/travis/build/icyphy/ptII/ptolemy/actor/lib/test/auto/MatrixCropFix.xml
----------------- Instantiating /home/travis/build/icyphy/ptII/ptolemy/actor/lib/test/auto/MatrixCropFix.xml
2 ms. Memory: 399360K Free: 256142K (64%)
----------------- Invoking toplevel() on ptolemy.moml.MoMLSimpleApplication@3c81d2e5
----------------- Done invoking toplevel() on ptolemy.moml.MoMLSimpleApplication@3c81d2e5
reloadAllAccessors: .MatrixCropFix

===========================================================================================
----------------- testing Sun Aug 04 05:23:15 UTC 2019 /home/travis/build/icyphy/ptII/ptolemy/actor/lib/test/auto/MatrixCropInt.xml
----------------- Instantiating /home/travis/build/icyphy/ptII/ptolemy/actor/lib/test/auto/MatrixCropInt.xml
2 ms. Memory: 399360K Free: 251022K (63%)
----------------- Invoking toplevel() on ptolemy.moml.MoMLSimpleApplication@5e130584
----------------- Done invoking toplevel() on ptolemy.moml.MoMLSimpleApplication@5e130584
reloadAllAccessors: .MatrixCropInt

===========================================================================================
----------------- testing Sun Aug 04 05:23:15 UTC 2019 /home/travis/build/icyphy/ptII/ptolemy/actor/lib/test/auto/MatrixCropLong.xml
----------------- Instantiating /home/travis/build/icyphy/ptII/ptolemy/actor/lib/test/auto/MatrixCropLong.xml
2 ms. Memory: 399360K Free: 245918K (62%)
----------------- Invoking toplevel() on ptolemy.moml.MoMLSimpleApplication@638c0eb8
----------------- Done invoking toplevel() on ptolemy.moml.MoMLSimpleApplication@638c0eb8
reloadAllAccessors: .MatrixCropLong

===========================================================================================
----------------- testing Sun Aug 04 05:23:15 UTC 2019 /home/travis/build/icyphy/ptII/ptolemy/actor/lib/test/auto/MatrixToArray.xml
----------------- Instantiating /home/travis/build/icyphy/ptII/ptolemy/actor/lib/test/auto/MatrixToArray.xml
13 ms. Memory: 399360K Free: 230572K (58%)
----------------- Invoking toplevel() on ptolemy.moml.MoMLSimpleApplication@77bef6e2
----------------- Done invoking toplevel() on ptolemy.moml.MoMLSimpleApplication@77bef6e2
reloadAllAccessors: .MatrixToArray

===========================================================================================
----------------- testing Sun Aug 04 05:23:15 UTC 2019 /home/travis/build/icyphy/ptII/ptolemy/actor/lib/test/auto/MaxIndex.xml
----------------- Instantiating /home/travis/build/icyphy/ptII/ptolemy/actor/lib/test/auto/MaxIndex.xml
3 ms. Memory: 399360K Free: 225452K (56%)
----------------- Invoking toplevel() on ptolemy.moml.MoMLSimpleApplication@2445bb11
----------------- Done invoking toplevel() on ptolemy.moml.MoMLSimpleApplication@2445bb11
reloadAllAccessors: .MaxIndex

===========================================================================================
----------------- testing Sun Aug 04 05:23:15 UTC 2019 /home/travis/build/icyphy/ptII/ptolemy/actor/lib/test/auto/Maximum.xml
----------------- Instantiating /home/travis/build/icyphy/ptII/ptolemy/actor/lib/test/auto/Maximum.xml
2 ms. Memory: 399360K Free: 218798K (55%)
----------------- Invoking toplevel() on ptolemy.moml.MoMLSimpleApplication@c37147
----------------- Done invoking toplevel() on ptolemy.moml.MoMLSimpleApplication@c37147
reloadAllAccessors: .Maximum

===========================================================================================
----------------- testing Sun Aug 04 05:23:15 UTC 2019 /home/travis/build/icyphy/ptII/ptolemy/actor/lib/test/auto/MaximumComplex.xml
----------------- Instantiating /home/travis/build/icyphy/ptII/ptolemy/actor/lib/test/auto/MaximumComplex.xml
5 ms. Memory: 399360K Free: 212654K (53%)
----------------- Invoking toplevel() on ptolemy.moml.MoMLSimpleApplication@3fcec014
----------------- Done invoking toplevel() on ptolemy.moml.MoMLSimpleApplication@3fcec014
reloadAllAccessors: .MaximumComplex

===========================================================================================
----------------- testing Sun Aug 04 05:23:15 UTC 2019 /home/travis/build/icyphy/ptII/ptolemy/actor/lib/test/auto/MethodCallTest.xml
----------------- Instantiating /home/travis/build/icyphy/ptII/ptolemy/actor/lib/test/auto/MethodCallTest.xml
3 ms. Memory: 399360K Free: 205996K (52%)
----------------- Invoking toplevel() on ptolemy.moml.MoMLSimpleApplication@5e7396f6
----------------- Done invoking toplevel() on ptolemy.moml.MoMLSimpleApplication@5e7396f6
reloadAllAccessors: .MethodCallTest

===========================================================================================
----------------- testing Sun Aug 04 05:23:15 UTC 2019 /home/travis/build/icyphy/ptII/ptolemy/actor/lib/test/auto/Minimum.xml
----------------- Instantiating /home/travis/build/icyphy/ptII/ptolemy/actor/lib/test/auto/Minimum.xml
3 ms. Memory: 399360K Free: 199838K (50%)
----------------- Invoking toplevel() on ptolemy.moml.MoMLSimpleApplication@6891ad89
----------------- Done invoking toplevel() on ptolemy.moml.MoMLSimpleApplication@6891ad89
reloadAllAccessors: .Minimum

===========================================================================================
----------------- testing Sun Aug 04 05:23:15 UTC 2019 /home/travis/build/icyphy/ptII/ptolemy/actor/lib/test/auto/MinimumComplex.xml
----------------- Instantiating /home/travis/build/icyphy/ptII/ptolemy/actor/lib/test/auto/MinimumComplex.xml
3 ms. Memory: 399360K Free: 193694K (49%)
----------------- Invoking toplevel() on ptolemy.moml.MoMLSimpleApplication@f2bba8d
----------------- Done invoking toplevel() on ptolemy.moml.MoMLSimpleApplication@f2bba8d
reloadAllAccessors: .MinimumComplex

===========================================================================================
----------------- testing Sun Aug 04 05:23:15 UTC 2019 /home/travis/build/icyphy/ptII/ptolemy/actor/lib/test/auto/MinimumMultiports.xml
----------------- Instantiating /home/travis/build/icyphy/ptII/ptolemy/actor/lib/test/auto/MinimumMultiports.xml
11 ms. Memory: 399360K Free: 185006K (46%)
----------------- Invoking toplevel() on ptolemy.moml.MoMLSimpleApplication@3cde29fb
----------------- Done invoking toplevel() on ptolemy.moml.MoMLSimpleApplication@3cde29fb
reloadAllAccessors: .MinimumMultiports

===========================================================================================
----------------- testing Sun Aug 04 05:23:15 UTC 2019 /home/travis/build/icyphy/ptII/ptolemy/actor/lib/test/auto/ModifyDate.xml
----------------- Instantiating /home/travis/build/icyphy/ptII/ptolemy/actor/lib/test/auto/ModifyDate.xml
8 ms. Memory: 399360K Free: 172204K (43%)
----------------- Invoking toplevel() on ptolemy.moml.MoMLSimpleApplication@6879ea77
----------------- Done invoking toplevel() on ptolemy.moml.MoMLSimpleApplication@6879ea77
reloadAllAccessors: .ModifyDate

===========================================================================================
----------------- testing Sun Aug 04 05:23:15 UTC 2019 /home/travis/build/icyphy/ptII/ptolemy/actor/lib/test/auto/ModifyDate2.xml
----------------- Instantiating /home/travis/build/icyphy/ptII/ptolemy/actor/lib/test/auto/ModifyDate2.xml
6 ms. Memory: 399360K Free: 163502K (41%)
----------------- Invoking toplevel() on ptolemy.moml.MoMLSimpleApplication@366db64a
----------------- Done invoking toplevel() on ptolemy.moml.MoMLSimpleApplication@366db64a
reloadAllAccessors: .ModifyDate2

===========================================================================================
----------------- testing Sun Aug 04 05:23:15 UTC 2019 /home/travis/build/icyphy/ptII/ptolemy/actor/lib/test/auto/MovingAverage.xml
----------------- Instantiating /home/travis/build/icyphy/ptII/ptolemy/actor/lib/test/auto/MovingAverage.xml
2 ms. Memory: 399360K Free: 158382K (40%)
----------------- Invoking toplevel() on ptolemy.moml.MoMLSimpleApplication@6196b45f
----------------- Done invoking toplevel() on ptolemy.moml.MoMLSimpleApplication@6196b45f
reloadAllAccessors: .MovingAverage

===========================================================================================
----------------- testing Sun Aug 04 05:23:15 UTC 2019 /home/travis/build/icyphy/ptII/ptolemy/actor/lib/test/auto/MovingMaximum.xml
----------------- Instantiating /home/travis/build/icyphy/ptII/ptolemy/actor/lib/test/auto/MovingMaximum.xml
2 ms. Memory: 399360K Free: 153772K (39%)
----------------- Invoking toplevel() on ptolemy.moml.MoMLSimpleApplication@725c5719
----------------- Done invoking toplevel() on ptolemy.moml.MoMLSimpleApplication@725c5719
reloadAllAccessors: .MovingMaximum

===========================================================================================
----------------- testing Sun Aug 04 05:23:15 UTC 2019 /home/travis/build/icyphy/ptII/ptolemy/actor/lib/test/auto/MultipleLinksToSameRelation.xml
----------------- Instantiating /home/travis/build/icyphy/ptII/ptolemy/actor/lib/test/auto/MultipleLinksToSameRelation.xml
12 ms. Memory: 399360K Free: 149676K (37%)
----------------- Invoking toplevel() on ptolemy.moml.MoMLSimpleApplication@63ccd8c6
----------------- Done invoking toplevel() on ptolemy.moml.MoMLSimpleApplication@63ccd8c6
reloadAllAccessors: .MultipleLinksToSameRelation

===========================================================================================
----------------- testing Sun Aug 04 05:23:15 UTC 2019 /home/travis/build/icyphy/ptII/ptolemy/actor/lib/test/auto/MultipleLinksToSameRelationDE.xml
----------------- Instantiating /home/travis/build/icyphy/ptII/ptolemy/actor/lib/test/auto/MultipleLinksToSameRelationDE.xml
2 ms. Memory: 399360K Free: 145070K (36%)
----------------- Invoking toplevel() on ptolemy.moml.MoMLSimpleApplication@15b2d01c
----------------- Done invoking toplevel() on ptolemy.moml.MoMLSimpleApplication@15b2d01c
reloadAllAccessors: .MultipleLinksToSameRelationDE

===========================================================================================
----------------- testing Sun Aug 04 05:23:15 UTC 2019 /home/travis/build/icyphy/ptII/ptolemy/actor/lib/test/auto/Multiplexor.xml
----------------- Instantiating /home/travis/build/icyphy/ptII/ptolemy/actor/lib/test/auto/Multiplexor.xml
2 ms. Memory: 399360K Free: 139436K (35%)
----------------- Invoking toplevel() on ptolemy.moml.MoMLSimpleApplication@64e4c539
----------------- Done invoking toplevel() on ptolemy.moml.MoMLSimpleApplication@64e4c539
reloadAllAccessors: .Multiplexor

===========================================================================================
----------------- testing Sun Aug 04 05:23:15 UTC 2019 /home/travis/build/icyphy/ptII/ptolemy/actor/lib/test/auto/Multiplexor1.xml
----------------- Instantiating /home/travis/build/icyphy/ptII/ptolemy/actor/lib/test/auto/Multiplexor1.xml
2 ms. Memory: 399360K Free: 133278K (33%)
----------------- Invoking toplevel() on ptolemy.moml.MoMLSimpleApplication@6f6c9a37
----------------- Done invoking toplevel() on ptolemy.moml.MoMLSimpleApplication@6f6c9a37
reloadAllAccessors: .Multiplexor1

===========================================================================================
----------------- testing Sun Aug 04 05:23:16 UTC 2019 /home/travis/build/icyphy/ptII/ptolemy/actor/lib/test/auto/Multiplexor2.xml
----------------- Instantiating /home/travis/build/icyphy/ptII/ptolemy/actor/lib/test/auto/Multiplexor2.xml
3 ms. Memory: 399360K Free: 126638K (32%)
----------------- Invoking toplevel() on ptolemy.moml.MoMLSimpleApplication@499a381c
----------------- Done invoking toplevel() on ptolemy.moml.MoMLSimpleApplication@499a381c
reloadAllAccessors: .Multiplexor2

===========================================================================================
----------------- testing Sun Aug 04 05:23:16 UTC 2019 /home/travis/build/icyphy/ptII/ptolemy/actor/lib/test/auto/Multiplexor3.xml
----------------- Instantiating /home/travis/build/icyphy/ptII/ptolemy/actor/lib/test/auto/Multiplexor3.xml
1 ms. Memory: 399360K Free: 122542K (31%)
----------------- Invoking toplevel() on ptolemy.moml.MoMLSimpleApplication@d4280bd
----------------- Done invoking toplevel() on ptolemy.moml.MoMLSimpleApplication@d4280bd
reloadAllAccessors: .Multiplexor3

===========================================================================================
----------------- testing Sun Aug 04 05:23:16 UTC 2019 /home/travis/build/icyphy/ptII/ptolemy/actor/lib/test/auto/MultiplexorDE.xml
----------------- Instantiating /home/travis/build/icyphy/ptII/ptolemy/actor/lib/test/auto/MultiplexorDE.xml
5 ms. Memory: 399360K Free: 114854K (29%)
----------------- Invoking toplevel() on ptolemy.moml.MoMLSimpleApplication@53550cd7
----------------- Done invoking toplevel() on ptolemy.moml.MoMLSimpleApplication@53550cd7
reloadAllAccessors: .MultiplexorDE

===========================================================================================
----------------- testing Sun Aug 04 05:23:16 UTC 2019 /home/travis/build/icyphy/ptII/ptolemy/actor/lib/test/auto/MultiportBroadcastTest.xml
----------------- Instantiating /home/travis/build/icyphy/ptII/ptolemy/actor/lib/test/auto/MultiportBroadcastTest.xml
102 ms. Memory: 399360K Free: 345279K (86%)
----------------- Invoking toplevel() on ptolemy.moml.MoMLSimpleApplication@3efa8512
----------------- Done invoking toplevel() on ptolemy.moml.MoMLSimpleApplication@3efa8512
reloadAllAccessors: .MultiportBroadcastTest

===========================================================================================
----------------- testing Sun Aug 04 05:23:16 UTC 2019 /home/travis/build/icyphy/ptII/ptolemy/actor/lib/test/auto/MultiportOutHangDuringGetWidth.xml
----------------- Instantiating /home/travis/build/icyphy/ptII/ptolemy/actor/lib/test/auto/MultiportOutHangDuringGetWidth.xml
5 ms. Memory: 399360K Free: 333519K (84%)
----------------- Invoking toplevel() on ptolemy.moml.MoMLSimpleApplication@2203edc8
----------------- Done invoking toplevel() on ptolemy.moml.MoMLSimpleApplication@2203edc8
reloadAllAccessors: .MultiportOutHangDuringGetWidth

===========================================================================================
----------------- testing Sun Aug 04 05:23:16 UTC 2019 /home/travis/build/icyphy/ptII/ptolemy/actor/lib/test/auto/NilToken.xml
----------------- Instantiating /home/travis/build/icyphy/ptII/ptolemy/actor/lib/test/auto/NilToken.xml
2 ms. Memory: 399360K Free: 329933K (83%)
----------------- Invoking toplevel() on ptolemy.moml.MoMLSimpleApplication@61093bac
----------------- Done invoking toplevel() on ptolemy.moml.MoMLSimpleApplication@61093bac
reloadAllAccessors: .NilToken

===========================================================================================
----------------- testing Sun Aug 04 05:23:16 UTC 2019 /home/travis/build/icyphy/ptII/ptolemy/actor/lib/test/auto/NilTokenNonStrictTest.xml
----------------- Instantiating /home/travis/build/icyphy/ptII/ptolemy/actor/lib/test/auto/NilTokenNonStrictTest.xml
1 ms. Memory: 399360K Free: 324813K (81%)
----------------- Invoking toplevel() on ptolemy.moml.MoMLSimpleApplication@1536b36e
----------------- Done invoking toplevel() on ptolemy.moml.MoMLSimpleApplication@1536b36e
reloadAllAccessors: .NilTokenNonStrictTest

===========================================================================================
----------------- testing Sun Aug 04 05:23:16 UTC 2019 /home/travis/build/icyphy/ptII/ptolemy/actor/lib/test/auto/NilTokenRecord.xml
----------------- Instantiating /home/travis/build/icyphy/ptII/ptolemy/actor/lib/test/auto/NilTokenRecord.xml
5 ms. Memory: 399360K Free: 318159K (80%)
----------------- Invoking toplevel() on ptolemy.moml.MoMLSimpleApplication@3ff15fe9
----------------- Done invoking toplevel() on ptolemy.moml.MoMLSimpleApplication@3ff15fe9
reloadAllAccessors: .NilTokenRecord

===========================================================================================
----------------- testing Sun Aug 04 05:23:16 UTC 2019 /home/travis/build/icyphy/ptII/ptolemy/actor/lib/test/auto/NilTokenTypeTest.xml
----------------- Instantiating /home/travis/build/icyphy/ptII/ptolemy/actor/lib/test/auto/NilTokenTypeTest.xml
11 ms. Memory: 399360K Free: 308429K (77%)
----------------- Invoking toplevel() on ptolemy.moml.MoMLSimpleApplication@2088acef
----------------- Done invoking toplevel() on ptolemy.moml.MoMLSimpleApplication@2088acef
reloadAllAccessors: .NilTokenTypeTest

===========================================================================================
----------------- testing Sun Aug 04 05:23:16 UTC 2019 /home/travis/build/icyphy/ptII/ptolemy/actor/lib/test/auto/ObjectToken1.xml
----------------- Instantiating /home/travis/build/icyphy/ptII/ptolemy/actor/lib/test/auto/ObjectToken1.xml
3 ms. Memory: 399360K Free: 304333K (76%)
----------------- Invoking toplevel() on ptolemy.moml.MoMLSimpleApplication@7a1a82a2
----------------- Done invoking toplevel() on ptolemy.moml.MoMLSimpleApplication@7a1a82a2
reloadAllAccessors: .ObjectToken1

===========================================================================================
----------------- testing Sun Aug 04 05:23:16 UTC 2019 /home/travis/build/icyphy/ptII/ptolemy/actor/lib/test/auto/OrderedMerge.xml
----------------- Instantiating /home/travis/build/icyphy/ptII/ptolemy/actor/lib/test/auto/OrderedMerge.xml
9 ms. Memory: 399360K Free: 298703K (75%)
----------------- Invoking toplevel() on ptolemy.moml.MoMLSimpleApplication@4361615c
----------------- Done invoking toplevel() on ptolemy.moml.MoMLSimpleApplication@4361615c
reloadAllAccessors: .OrderedMerge

===========================================================================================
----------------- testing Sun Aug 04 05:23:16 UTC 2019 /home/travis/build/icyphy/ptII/ptolemy/actor/lib/test/auto/OrderedRecordDisassembler.xml
----------------- Instantiating /home/travis/build/icyphy/ptII/ptolemy/actor/lib/test/auto/OrderedRecordDisassembler.xml
3 ms. Memory: 399360K Free: 293583K (74%)
----------------- Invoking toplevel() on ptolemy.moml.MoMLSimpleApplication@6e274d73
----------------- Done invoking toplevel() on ptolemy.moml.MoMLSimpleApplication@6e274d73
reloadAllAccessors: .OrderedRecordDisassembler

===========================================================================================
----------------- testing Sun Aug 04 05:23:16 UTC 2019 /home/travis/build/icyphy/ptII/ptolemy/actor/lib/test/auto/OrderedRecordDisassembler2.xml
----------------- Instantiating /home/travis/build/icyphy/ptII/ptolemy/actor/lib/test/auto/OrderedRecordDisassembler2.xml
4 ms. Memory: 399360K Free: 285887K (72%)
----------------- Invoking toplevel() on ptolemy.moml.MoMLSimpleApplication@24228518
----------------- Done invoking toplevel() on ptolemy.moml.MoMLSimpleApplication@24228518
reloadAllAccessors: .OrderedRecordDisassembler2

===========================================================================================
----------------- testing Sun Aug 04 05:23:16 UTC 2019 /home/travis/build/icyphy/ptII/ptolemy/actor/lib/test/auto/OrderedRecordUpdater.xml
----------------- Instantiating /home/travis/build/icyphy/ptII/ptolemy/actor/lib/test/auto/OrderedRecordUpdater.xml
2 ms. Memory: 399360K Free: 280781K (70%)
----------------- Invoking toplevel() on ptolemy.moml.MoMLSimpleApplication@33df239a
----------------- Done invoking toplevel() on ptolemy.moml.MoMLSimpleApplication@33df239a
reloadAllAccessors: .RecordUpdater

===========================================================================================
----------------- testing Sun Aug 04 05:23:16 UTC 2019 /home/travis/build/icyphy/ptII/ptolemy/actor/lib/test/auto/OrderedRecordUpdater2.xml
----------------- Instantiating /home/travis/build/icyphy/ptII/ptolemy/actor/lib/test/auto/OrderedRecordUpdater2.xml
3 ms. Memory: 399360K Free: 276685K (69%)
----------------- Invoking toplevel() on ptolemy.moml.MoMLSimpleApplication@5bc34a11
----------------- Done invoking toplevel() on ptolemy.moml.MoMLSimpleApplication@5bc34a11
reloadAllAccessors: .RecordUpdater2

===========================================================================================
----------------- testing Sun Aug 04 05:23:16 UTC 2019 /home/travis/build/icyphy/ptII/ptolemy/actor/lib/test/auto/PhaseUnwrap.xml
----------------- Instantiating /home/travis/build/icyphy/ptII/ptolemy/actor/lib/test/auto/PhaseUnwrap.xml
2 ms. Memory: 399360K Free: 272079K (68%)
----------------- Invoking toplevel() on ptolemy.moml.MoMLSimpleApplication@66dab6ce
----------------- Done invoking toplevel() on ptolemy.moml.MoMLSimpleApplication@66dab6ce
reloadAllAccessors: .PhaseUnwrap

===========================================================================================
----------------- testing Sun Aug 04 05:23:16 UTC 2019 /home/travis/build/icyphy/ptII/ptolemy/actor/lib/test/auto/PoissonClock.xml
----------------- Instantiating /home/travis/build/icyphy/ptII/ptolemy/actor/lib/test/auto/PoissonClock.xml
4 ms. Memory: 399360K Free: 267983K (67%)
----------------- Invoking toplevel() on ptolemy.moml.MoMLSimpleApplication@52b6cd40
----------------- Done invoking toplevel() on ptolemy.moml.MoMLSimpleApplication@52b6cd40
reloadAllAccessors: .PoissonClock

===========================================================================================
----------------- testing Sun Aug 04 05:23:16 UTC 2019 /home/travis/build/icyphy/ptII/ptolemy/actor/lib/test/auto/PoissonClock2.xml
----------------- Instantiating /home/travis/build/icyphy/ptII/ptolemy/actor/lib/test/auto/PoissonClock2.xml
2 ms. Memory: 399360K Free: 263373K (66%)
----------------- Invoking toplevel() on ptolemy.moml.MoMLSimpleApplication@453c98d2
----------------- Done invoking toplevel() on ptolemy.moml.MoMLSimpleApplication@453c98d2
reloadAllAccessors: .PoissonClock2

===========================================================================================
----------------- testing Sun Aug 04 05:23:16 UTC 2019 /home/travis/build/icyphy/ptII/ptolemy/actor/lib/test/auto/PoissonClock3.xml
----------------- Instantiating /home/travis/build/icyphy/ptII/ptolemy/actor/lib/test/auto/PoissonClock3.xml
2 ms. Memory: 399360K Free: 258767K (65%)
----------------- Invoking toplevel() on ptolemy.moml.MoMLSimpleApplication@48e2a1d0
----------------- Done invoking toplevel() on ptolemy.moml.MoMLSimpleApplication@48e2a1d0
reloadAllAccessors: .PoissonClock3

===========================================================================================
----------------- testing Sun Aug 04 05:23:16 UTC 2019 /home/travis/build/icyphy/ptII/ptolemy/actor/lib/test/auto/PubSubWithInitialTokens.xml
----------------- Instantiating /home/travis/build/icyphy/ptII/ptolemy/actor/lib/test/auto/PubSubWithInitialTokens.xml
2 ms. Memory: 399360K Free: 253119K (63%)
----------------- Invoking toplevel() on ptolemy.moml.MoMLSimpleApplication@11606f9d
----------------- Done invoking toplevel() on ptolemy.moml.MoMLSimpleApplication@11606f9d
reloadAllAccessors: .PubSubWithInitialTokens

===========================================================================================
----------------- testing Sun Aug 04 05:23:16 UTC 2019 /home/travis/build/icyphy/ptII/ptolemy/actor/lib/test/auto/PubSubWithInitialTokens2.xml
----------------- Instantiating /home/travis/build/icyphy/ptII/ptolemy/actor/lib/test/auto/PubSubWithInitialTokens2.xml
2 ms. Memory: 399360K Free: 246983K (62%)
----------------- Invoking toplevel() on ptolemy.moml.MoMLSimpleApplication@3f6dbcff
----------------- Done invoking toplevel() on ptolemy.moml.MoMLSimpleApplication@3f6dbcff
reloadAllAccessors: .PubSubWithInitialTokens2

===========================================================================================
----------------- testing Sun Aug 04 05:23:16 UTC 2019 /home/travis/build/icyphy/ptII/ptolemy/actor/lib/test/auto/PublisherClassNoParameter.xml
----------------- Instantiating /home/travis/build/icyphy/ptII/ptolemy/actor/lib/test/auto/PublisherClassNoParameter.xml
2 ms. Memory: 399360K Free: 237263K (59%)
----------------- Invoking toplevel() on ptolemy.moml.MoMLSimpleApplication@936de3
----------------- Done invoking toplevel() on ptolemy.moml.MoMLSimpleApplication@936de3
reloadAllAccessors: .PublisherClassNoParameter

===========================================================================================
----------------- testing Sun Aug 04 05:23:16 UTC 2019 /home/travis/build/icyphy/ptII/ptolemy/actor/lib/test/auto/PublisherClassParameter.xml
----------------- Instantiating /home/travis/build/icyphy/ptII/ptolemy/actor/lib/test/auto/PublisherClassParameter.xml
2 ms. Memory: 399360K Free: 226495K (57%)
----------------- Invoking toplevel() on ptolemy.moml.MoMLSimpleApplication@5226b699
----------------- Done invoking toplevel() on ptolemy.moml.MoMLSimpleApplication@5226b699
reloadAllAccessors: .PublisherClassParameter

===========================================================================================
----------------- testing Sun Aug 04 05:23:16 UTC 2019 /home/travis/build/icyphy/ptII/ptolemy/actor/lib/test/auto/PublisherNonStrictTest.xml
----------------- Instantiating /home/travis/build/icyphy/ptII/ptolemy/actor/lib/test/auto/PublisherNonStrictTest.xml
3 ms. Memory: 399360K Free: 218311K (55%)
----------------- Invoking toplevel() on ptolemy.moml.MoMLSimpleApplication@7ee2211f
----------------- Done invoking toplevel() on ptolemy.moml.MoMLSimpleApplication@7ee2211f
reloadAllAccessors: .PublisherNonStrictTest

===========================================================================================
----------------- testing Sun Aug 04 05:23:16 UTC 2019 /home/travis/build/icyphy/ptII/ptolemy/actor/lib/test/auto/PublisherPort1.xml
----------------- Instantiating /home/travis/build/icyphy/ptII/ptolemy/actor/lib/test/auto/PublisherPort1.xml
15 ms. Memory: 399360K Free: 212687K (53%)
----------------- Invoking toplevel() on ptolemy.moml.MoMLSimpleApplication@65cd6ff0
----------------- Done invoking toplevel() on ptolemy.moml.MoMLSimpleApplication@65cd6ff0
reloadAllAccessors: .PublisherPort1

===========================================================================================
----------------- testing Sun Aug 04 05:23:16 UTC 2019 /home/travis/build/icyphy/ptII/ptolemy/actor/lib/test/auto/PublisherPort2.xml
----------------- Instantiating /home/travis/build/icyphy/ptII/ptolemy/actor/lib/test/auto/PublisherPort2.xml
2 ms. Memory: 399360K Free: 207567K (52%)
----------------- Invoking toplevel() on ptolemy.moml.MoMLSimpleApplication@685b834c
----------------- Done invoking toplevel() on ptolemy.moml.MoMLSimpleApplication@685b834c
reloadAllAccessors: .PublisherPort2

===========================================================================================
----------------- testing Sun Aug 04 05:23:16 UTC 2019 /home/travis/build/icyphy/ptII/ptolemy/actor/lib/test/auto/PublisherPort3.xml
----------------- Instantiating /home/travis/build/icyphy/ptII/ptolemy/actor/lib/test/auto/PublisherPort3.xml
8 ms. Memory: 399360K Free: 201423K (50%)
----------------- Invoking toplevel() on ptolemy.moml.MoMLSimpleApplication@1d177dfb
----------------- Done invoking toplevel() on ptolemy.moml.MoMLSimpleApplication@1d177dfb
reloadAllAccessors: .PublisherPort3

===========================================================================================
----------------- testing Sun Aug 04 05:23:16 UTC 2019 /home/travis/build/icyphy/ptII/ptolemy/actor/lib/test/auto/PublisherPort4.xml
----------------- Instantiating /home/travis/build/icyphy/ptII/ptolemy/actor/lib/test/auto/PublisherPort4.xml
2 ms. Memory: 399360K Free: 195775K (49%)
----------------- Invoking toplevel() on ptolemy.moml.MoMLSimpleApplication@14cb1e9a
----------------- Done invoking toplevel() on ptolemy.moml.MoMLSimpleApplication@14cb1e9a
reloadAllAccessors: .PublisherPort4

===========================================================================================
----------------- testing Sun Aug 04 05:23:16 UTC 2019 /home/travis/build/icyphy/ptII/ptolemy/actor/lib/test/auto/PublisherPort5.xml
----------------- Instantiating /home/travis/build/icyphy/ptII/ptolemy/actor/lib/test/auto/PublisherPort5.xml
4 ms. Memory: 399360K Free: 188111K (47%)
----------------- Invoking toplevel() on ptolemy.moml.MoMLSimpleApplication@12a77a80
----------------- Done invoking toplevel() on ptolemy.moml.MoMLSimpleApplication@12a77a80
reloadAllAccessors: .PublisherPort5

===========================================================================================
----------------- testing Sun Aug 04 05:23:16 UTC 2019 /home/travis/build/icyphy/ptII/ptolemy/actor/lib/test/auto/PublisherPort5LookAlike.xml
----------------- Instantiating /home/travis/build/icyphy/ptII/ptolemy/actor/lib/test/auto/PublisherPort5LookAlike.xml
9 ms. Memory: 399360K Free: 180429K (45%)
----------------- Invoking toplevel() on ptolemy.moml.MoMLSimpleApplication@7790def4
----------------- Done invoking toplevel() on ptolemy.moml.MoMLSimpleApplication@7790def4
reloadAllAccessors: .PublisherPort5LookAlike

===========================================================================================
----------------- testing Sun Aug 04 05:23:16 UTC 2019 /home/travis/build/icyphy/ptII/ptolemy/actor/lib/test/auto/PublisherPort6.xml
----------------- Instantiating /home/travis/build/icyphy/ptII/ptolemy/actor/lib/test/auto/PublisherPort6.xml
2 ms. Memory: 399360K Free: 173775K (44%)
----------------- Invoking toplevel() on ptolemy.moml.MoMLSimpleApplication@11a195ff
----------------- Done invoking toplevel() on ptolemy.moml.MoMLSimpleApplication@11a195ff
reloadAllAccessors: .PublisherPort6

===========================================================================================
----------------- testing Sun Aug 04 05:23:16 UTC 2019 /home/travis/build/icyphy/ptII/ptolemy/actor/lib/test/auto/PublisherPort7.xml
----------------- Instantiating /home/travis/build/icyphy/ptII/ptolemy/actor/lib/test/auto/PublisherPort7.xml
4 ms. Memory: 399360K Free: 166093K (42%)
----------------- Invoking toplevel() on ptolemy.moml.MoMLSimpleApplication@9dd40b2
----------------- Done invoking toplevel() on ptolemy.moml.MoMLSimpleApplication@9dd40b2
reloadAllAccessors: .PublisherPort7

===========================================================================================
----------------- testing Sun Aug 04 05:23:16 UTC 2019 /home/travis/build/icyphy/ptII/ptolemy/actor/lib/test/auto/PublisherPort8.xml
----------------- Instantiating /home/travis/build/icyphy/ptII/ptolemy/actor/lib/test/auto/PublisherPort8.xml
4 ms. Memory: 399360K Free: 157391K (39%)
----------------- Invoking toplevel() on ptolemy.moml.MoMLSimpleApplication@3f9316e8
----------------- Done invoking toplevel() on ptolemy.moml.MoMLSimpleApplication@3f9316e8
reloadAllAccessors: .PublisherPort8

===========================================================================================
----------------- testing Sun Aug 04 05:23:16 UTC 2019 /home/travis/build/icyphy/ptII/ptolemy/actor/lib/test/auto/PublisherPortSubscriberChannelVariablesAOC2.xml
----------------- Instantiating /home/travis/build/icyphy/ptII/ptolemy/actor/lib/test/auto/PublisherPortSubscriberChannelVariablesAOC2.xml
3 ms. Memory: 399360K Free: 140493K (35%)
----------------- Invoking toplevel() on ptolemy.moml.MoMLSimpleApplication@4d81067b
----------------- Done invoking toplevel() on ptolemy.moml.MoMLSimpleApplication@4d81067b
reloadAllAccessors: .PublisherPortSubscriberChannelVariablesAOC2

===========================================================================================
----------------- testing Sun Aug 04 05:23:16 UTC 2019 /home/travis/build/icyphy/ptII/ptolemy/actor/lib/test/auto/PublisherPortSubscriberOpaqueWidthInference.xml
----------------- Instantiating /home/travis/build/icyphy/ptII/ptolemy/actor/lib/test/auto/PublisherPortSubscriberOpaqueWidthInference.xml
5 ms. Memory: 399360K Free: 132287K (33%)
----------------- Invoking toplevel() on ptolemy.moml.MoMLSimpleApplication@2688264a
----------------- Done invoking toplevel() on ptolemy.moml.MoMLSimpleApplication@2688264a
reloadAllAccessors: .PublisherPortSubscriberOpaqueWidthInference

===========================================================================================
----------------- testing Sun Aug 04 05:23:16 UTC 2019 /home/travis/build/icyphy/ptII/ptolemy/actor/lib/test/auto/PublisherPortSubscriberPortAdjacent.xml
----------------- Instantiating /home/travis/build/icyphy/ptII/ptolemy/actor/lib/test/auto/PublisherPortSubscriberPortAdjacent.xml
2 ms. Memory: 399360K Free: 124109K (31%)
----------------- Invoking toplevel() on ptolemy.moml.MoMLSimpleApplication@1f2f3130
----------------- Done invoking toplevel() on ptolemy.moml.MoMLSimpleApplication@1f2f3130
reloadAllAccessors: .PublisherPortSubscriberPortAdjacent

===========================================================================================
----------------- testing Sun Aug 04 05:23:16 UTC 2019 /home/travis/build/icyphy/ptII/ptolemy/actor/lib/test/auto/PublisherPortSubscriberPortExpression.xml
----------------- Instantiating /home/travis/build/icyphy/ptII/ptolemy/actor/lib/test/auto/PublisherPortSubscriberPortExpression.xml
3 ms. Memory: 399360K Free: 116431K (29%)
----------------- Invoking toplevel() on ptolemy.moml.MoMLSimpleApplication@2844f228
----------------- Done invoking toplevel() on ptolemy.moml.MoMLSimpleApplication@2844f228
reloadAllAccessors: .PublisherPortSubscriberPortExpression

===========================================================================================
----------------- testing Sun Aug 04 05:23:16 UTC 2019 /home/travis/build/icyphy/ptII/ptolemy/actor/lib/test/auto/PublisherPortSubscriberPortOpaqueD3Reverse.xml
----------------- Instantiating /home/travis/build/icyphy/ptII/ptolemy/actor/lib/test/auto/PublisherPortSubscriberPortOpaqueD3Reverse.xml
6 ms. Memory: 399360K Free: 342679K (86%)
----------------- Invoking toplevel() on ptolemy.moml.MoMLSimpleApplication@bc1a4d6
----------------- Done invoking toplevel() on ptolemy.moml.MoMLSimpleApplication@bc1a4d6
reloadAllAccessors: .PublisherPortSubscriberPortOpaqueD3Reverse

===========================================================================================
----------------- testing Sun Aug 04 05:23:16 UTC 2019 /home/travis/build/icyphy/ptII/ptolemy/actor/lib/test/auto/PublisherPortSubscriberPortOpaqueWidthInference.xml
----------------- Instantiating /home/travis/build/icyphy/ptII/ptolemy/actor/lib/test/auto/PublisherPortSubscriberPortOpaqueWidthInference.xml
4 ms. Memory: 399360K Free: 335001K (84%)
----------------- Invoking toplevel() on ptolemy.moml.MoMLSimpleApplication@2d4593a1
----------------- Done invoking toplevel() on ptolemy.moml.MoMLSimpleApplication@2d4593a1
reloadAllAccessors: .PublisherPortSubscriberPortOpaqueWidthInference

===========================================================================================
----------------- testing Sun Aug 04 05:23:16 UTC 2019 /home/travis/build/icyphy/ptII/ptolemy/actor/lib/test/auto/PublisherPortToplevelSubscriberPortAOC.xml
----------------- Instantiating /home/travis/build/icyphy/ptII/ptolemy/actor/lib/test/auto/PublisherPortToplevelSubscriberPortAOC.xml
.PublisherPortToplevelSubscriberPortAOC.TestExceptionAttribute: initialize() was not invoked, but wrapup() was.  This is unusual, but not always a problem.  For example, exporting JNLP will do this.
1 ms. Memory: 399360K Free: 329367K (82%)
----------------- Invoking toplevel() on ptolemy.moml.MoMLSimpleApplication@44d4669a
----------------- Done invoking toplevel() on ptolemy.moml.MoMLSimpleApplication@44d4669a
reloadAllAccessors: .PublisherPortToplevelSubscriberPortAOC

===========================================================================================
----------------- testing Sun Aug 04 05:23:17 UTC 2019 /home/travis/build/icyphy/ptII/ptolemy/actor/lib/test/auto/PublisherSubscriber.xml
----------------- Instantiating /home/travis/build/icyphy/ptII/ptolemy/actor/lib/test/auto/PublisherSubscriber.xml
3 ms. Memory: 399360K Free: 321689K (81%)
----------------- Invoking toplevel() on ptolemy.moml.MoMLSimpleApplication@1fe1b3a3
----------------- Done invoking toplevel() on ptolemy.moml.MoMLSimpleApplication@1fe1b3a3
reloadAllAccessors: .PublisherSubscriber

===========================================================================================
----------------- testing Sun Aug 04 05:23:17 UTC 2019 /home/travis/build/icyphy/ptII/ptolemy/actor/lib/test/auto/PublisherSubscriber10.xml
----------------- Instantiating /home/travis/build/icyphy/ptII/ptolemy/actor/lib/test/auto/PublisherSubscriber10.xml
6 ms. Memory: 399360K Free: 311959K (78%)
----------------- Invoking toplevel() on ptolemy.moml.MoMLSimpleApplication@2a945689
----------------- Done invoking toplevel() on ptolemy.moml.MoMLSimpleApplication@2a945689
reloadAllAccessors: .PublisherSubscriber10

===========================================================================================
----------------- testing Sun Aug 04 05:23:17 UTC 2019 /home/travis/build/icyphy/ptII/ptolemy/actor/lib/test/auto/PublisherSubscriber10InitialOutputs.xml
----------------- Instantiating /home/travis/build/icyphy/ptII/ptolemy/actor/lib/test/auto/PublisherSubscriber10InitialOutputs.xml
17 ms. Memory: 399360K Free: 302743K (76%)
----------------- Invoking toplevel() on ptolemy.moml.MoMLSimpleApplication@72cfed93
----------------- Done invoking toplevel() on ptolemy.moml.MoMLSimpleApplication@72cfed93
reloadAllAccessors: .PublisherSubscriber10InitialOutputs

===========================================================================================
----------------- testing Sun Aug 04 05:23:17 UTC 2019 /home/travis/build/icyphy/ptII/ptolemy/actor/lib/test/auto/PublisherSubscriber11.xml
----------------- Instantiating /home/travis/build/icyphy/ptII/ptolemy/actor/lib/test/auto/PublisherSubscriber11.xml
2 ms. Memory: 399360K Free: 296569K (74%)
----------------- Invoking toplevel() on ptolemy.moml.MoMLSimpleApplication@354aff0e
----------------- Done invoking toplevel() on ptolemy.moml.MoMLSimpleApplication@354aff0e
reloadAllAccessors: .PublisherSubscriber11

===========================================================================================
----------------- testing Sun Aug 04 05:23:17 UTC 2019 /home/travis/build/icyphy/ptII/ptolemy/actor/lib/test/auto/PublisherSubscriber12.xml
----------------- Instantiating /home/travis/build/icyphy/ptII/ptolemy/actor/lib/test/auto/PublisherSubscriber12.xml
6 ms. Memory: 399360K Free: 289431K (72%)
----------------- Invoking toplevel() on ptolemy.moml.MoMLSimpleApplication@1c5c404e
----------------- Done invoking toplevel() on ptolemy.moml.MoMLSimpleApplication@1c5c404e
reloadAllAccessors: .PublisherSubscriber12

===========================================================================================
----------------- testing Sun Aug 04 05:23:17 UTC 2019 /home/travis/build/icyphy/ptII/ptolemy/actor/lib/test/auto/PublisherSubscriber13.xml
----------------- Instantiating /home/travis/build/icyphy/ptII/ptolemy/actor/lib/test/auto/PublisherSubscriber13.xml
5 ms. Memory: 399360K Free: 283801K (71%)
----------------- Invoking toplevel() on ptolemy.moml.MoMLSimpleApplication@32bef413
----------------- Done invoking toplevel() on ptolemy.moml.MoMLSimpleApplication@32bef413
reloadAllAccessors: .PublisherSubscriber13

===========================================================================================
----------------- testing Sun Aug 04 05:23:17 UTC 2019 /home/travis/build/icyphy/ptII/ptolemy/actor/lib/test/auto/PublisherSubscriber14.xml
----------------- Instantiating /home/travis/build/icyphy/ptII/ptolemy/actor/lib/test/auto/PublisherSubscriber14.xml
2 ms. Memory: 399360K Free: 275081K (69%)
----------------- Invoking toplevel() on ptolemy.moml.MoMLSimpleApplication@245caa5
----------------- Done invoking toplevel() on ptolemy.moml.MoMLSimpleApplication@245caa5
reloadAllAccessors: .PublisherSubscriber14

===========================================================================================
----------------- testing Sun Aug 04 05:23:17 UTC 2019 /home/travis/build/icyphy/ptII/ptolemy/actor/lib/test/auto/PublisherSubscriber2.xml
----------------- Instantiating /home/travis/build/icyphy/ptII/ptolemy/actor/lib/test/auto/PublisherSubscriber2.xml
3 ms. Memory: 399360K Free: 269465K (67%)
----------------- Invoking toplevel() on ptolemy.moml.MoMLSimpleApplication@48d3b5e2
----------------- Done invoking toplevel() on ptolemy.moml.MoMLSimpleApplication@48d3b5e2
reloadAllAccessors: .PublisherSubscriber2

===========================================================================================
----------------- testing Sun Aug 04 05:23:17 UTC 2019 /home/travis/build/icyphy/ptII/ptolemy/actor/lib/test/auto/PublisherSubscriber3.xml
----------------- Instantiating /home/travis/build/icyphy/ptII/ptolemy/actor/lib/test/auto/PublisherSubscriber3.xml
2 ms. Memory: 399360K Free: 263817K (66%)
----------------- Invoking toplevel() on ptolemy.moml.MoMLSimpleApplication@3b66e928
----------------- Done invoking toplevel() on ptolemy.moml.MoMLSimpleApplication@3b66e928
reloadAllAccessors: .PublisherSubscriber3

===========================================================================================
----------------- testing Sun Aug 04 05:23:17 UTC 2019 /home/travis/build/icyphy/ptII/ptolemy/actor/lib/test/auto/PublisherSubscriber4.xml
----------------- Instantiating /home/travis/build/icyphy/ptII/ptolemy/actor/lib/test/auto/PublisherSubscriber4.xml
2 ms. Memory: 399360K Free: 258711K (65%)
----------------- Invoking toplevel() on ptolemy.moml.MoMLSimpleApplication@3065a26e
----------------- Done invoking toplevel() on ptolemy.moml.MoMLSimpleApplication@3065a26e
reloadAllAccessors: .PublisherSubscriber4

===========================================================================================
----------------- testing Sun Aug 04 05:23:17 UTC 2019 /home/travis/build/icyphy/ptII/ptolemy/actor/lib/test/auto/PublisherSubscriber5.xml
----------------- Instantiating /home/travis/build/icyphy/ptII/ptolemy/actor/lib/test/auto/PublisherSubscriber5.xml
3 ms. Memory: 399360K Free: 252057K (63%)
----------------- Invoking toplevel() on ptolemy.moml.MoMLSimpleApplication@39da9989
----------------- Done invoking toplevel() on ptolemy.moml.MoMLSimpleApplication@39da9989
reloadAllAccessors: .PublisherSubscriber5

===========================================================================================
----------------- testing Sun Aug 04 05:23:17 UTC 2019 /home/travis/build/icyphy/ptII/ptolemy/actor/lib/test/auto/PublisherSubscriber6.xml
----------------- Instantiating /home/travis/build/icyphy/ptII/ptolemy/actor/lib/test/auto/PublisherSubscriber6.xml
5 ms. Memory: 399360K Free: 245399K (61%)
----------------- Invoking toplevel() on ptolemy.moml.MoMLSimpleApplication@7682efec
----------------- Done invoking toplevel() on ptolemy.moml.MoMLSimpleApplication@7682efec
reloadAllAccessors: .PublisherSubscriber6

===========================================================================================
----------------- testing Sun Aug 04 05:23:17 UTC 2019 /home/travis/build/icyphy/ptII/ptolemy/actor/lib/test/auto/PublisherSubscriber7.xml
----------------- Instantiating /home/travis/build/icyphy/ptII/ptolemy/actor/lib/test/auto/PublisherSubscriber7.xml
8 ms. Memory: 399360K Free: 238745K (60%)
----------------- Invoking toplevel() on ptolemy.moml.MoMLSimpleApplication@752b70ba
----------------- Done invoking toplevel() on ptolemy.moml.MoMLSimpleApplication@752b70ba
reloadAllAccessors: .PublisherSubscriber7

===========================================================================================
----------------- testing Sun Aug 04 05:23:17 UTC 2019 /home/travis/build/icyphy/ptII/ptolemy/actor/lib/test/auto/PublisherSubscriber8.xml
----------------- Instantiating /home/travis/build/icyphy/ptII/ptolemy/actor/lib/test/auto/PublisherSubscriber8.xml
23 ms. Memory: 399360K Free: 226967K (57%)
----------------- Invoking toplevel() on ptolemy.moml.MoMLSimpleApplication@1761c9a1
----------------- Done invoking toplevel() on ptolemy.moml.MoMLSimpleApplication@1761c9a1
reloadAllAccessors: .PublisherSubscriber8

===========================================================================================
----------------- testing Sun Aug 04 05:23:17 UTC 2019 /home/travis/build/icyphy/ptII/ptolemy/actor/lib/test/auto/PublisherSubscriber9.xml
----------------- Instantiating /home/travis/build/icyphy/ptII/ptolemy/actor/lib/test/auto/PublisherSubscriber9.xml
3 ms. Memory: 399360K Free: 219793K (55%)
----------------- Invoking toplevel() on ptolemy.moml.MoMLSimpleApplication@465b96b7
----------------- Done invoking toplevel() on ptolemy.moml.MoMLSimpleApplication@465b96b7
reloadAllAccessors: .PublisherSubscriber9

===========================================================================================
----------------- testing Sun Aug 04 05:23:17 UTC 2019 /home/travis/build/icyphy/ptII/ptolemy/actor/lib/test/auto/PublisherSubscriberAdjacent.xml
----------------- Instantiating /home/travis/build/icyphy/ptII/ptolemy/actor/lib/test/auto/PublisherSubscriberAdjacent.xml
2 ms. Memory: 399360K Free: 211607K (53%)
----------------- Invoking toplevel() on ptolemy.moml.MoMLSimpleApplication@6d950ca5
----------------- Done invoking toplevel() on ptolemy.moml.MoMLSimpleApplication@6d950ca5
reloadAllAccessors: .PublisherSubscriberAdjacent

===========================================================================================
----------------- testing Sun Aug 04 05:23:17 UTC 2019 /home/travis/build/icyphy/ptII/ptolemy/actor/lib/test/auto/PublisherSubscriberChannelVariablesAOC2.xml
----------------- Instantiating /home/travis/build/icyphy/ptII/ptolemy/actor/lib/test/auto/PublisherSubscriberChannelVariablesAOC2.xml
2 ms. Memory: 399360K Free: 196761K (49%)
----------------- Invoking toplevel() on ptolemy.moml.MoMLSimpleApplication@67a508c0
----------------- Done invoking toplevel() on ptolemy.moml.MoMLSimpleApplication@67a508c0
reloadAllAccessors: .PublisherSubscriberChannelVariablesAOC2

===========================================================================================
----------------- testing Sun Aug 04 05:23:17 UTC 2019 /home/travis/build/icyphy/ptII/ptolemy/actor/lib/test/auto/PublisherSubscriberD3.xml
----------------- Instantiating /home/travis/build/icyphy/ptII/ptolemy/actor/lib/test/auto/PublisherSubscriberD3.xml
1 ms. Memory: 399360K Free: 189593K (47%)
----------------- Invoking toplevel() on ptolemy.moml.MoMLSimpleApplication@75fbb3d
----------------- Done invoking toplevel() on ptolemy.moml.MoMLSimpleApplication@75fbb3d
reloadAllAccessors: .PublisherSubscriberD3

===========================================================================================
----------------- testing Sun Aug 04 05:23:17 UTC 2019 /home/travis/build/icyphy/ptII/ptolemy/actor/lib/test/auto/PublisherSubscriberD3Reverse.xml
----------------- Instantiating /home/travis/build/icyphy/ptII/ptolemy/actor/lib/test/auto/PublisherSubscriberD3Reverse.xml
1 ms. Memory: 399360K Free: 183449K (46%)
----------------- Invoking toplevel() on ptolemy.moml.MoMLSimpleApplication@17658d6e
----------------- Done invoking toplevel() on ptolemy.moml.MoMLSimpleApplication@17658d6e
reloadAllAccessors: .PublisherSubscriberD3Reverse

===========================================================================================
----------------- testing Sun Aug 04 05:23:17 UTC 2019 /home/travis/build/icyphy/ptII/ptolemy/actor/lib/test/auto/PublisherSubscriberExpression.xml
----------------- Instantiating /home/travis/build/icyphy/ptII/ptolemy/actor/lib/test/auto/PublisherSubscriberExpression.xml
3 ms. Memory: 399360K Free: 174729K (44%)
----------------- Invoking toplevel() on ptolemy.moml.MoMLSimpleApplication@498654b8
----------------- Done invoking toplevel() on ptolemy.moml.MoMLSimpleApplication@498654b8
reloadAllAccessors: .PublisherSubscriberExpression

===========================================================================================
----------------- testing Sun Aug 04 05:23:17 UTC 2019 /home/travis/build/icyphy/ptII/ptolemy/actor/lib/test/auto/PublisherSubscriberOpaque.xml
----------------- Instantiating /home/travis/build/icyphy/ptII/ptolemy/actor/lib/test/auto/PublisherSubscriberOpaque.xml
4 ms. Memory: 399360K Free: 166041K (42%)
----------------- Invoking toplevel() on ptolemy.moml.MoMLSimpleApplication@124df311
----------------- Done invoking toplevel() on ptolemy.moml.MoMLSimpleApplication@124df311
reloadAllAccessors: .PublisherSubscriberOpaque

===========================================================================================
----------------- testing Sun Aug 04 05:23:17 UTC 2019 /home/travis/build/icyphy/ptII/ptolemy/actor/lib/test/auto/PublisherSubscriberOpaqueD3.xml
----------------- Instantiating /home/travis/build/icyphy/ptII/ptolemy/actor/lib/test/auto/PublisherSubscriberOpaqueD3.xml
5 ms. Memory: 399360K Free: 154777K (39%)
----------------- Invoking toplevel() on ptolemy.moml.MoMLSimpleApplication@389bd915
----------------- Done invoking toplevel() on ptolemy.moml.MoMLSimpleApplication@389bd915
reloadAllAccessors: .PublisherSubscriberOpaqueD3

===========================================================================================
----------------- testing Sun Aug 04 05:23:17 UTC 2019 /home/travis/build/icyphy/ptII/ptolemy/actor/lib/test/auto/PublisherSubscriberOpaqueD3Reverse.xml
----------------- Instantiating /home/travis/build/icyphy/ptII/ptolemy/actor/lib/test/auto/PublisherSubscriberOpaqueD3Reverse.xml
9 ms. Memory: 399360K Free: 144023K (36%)
----------------- Invoking toplevel() on ptolemy.moml.MoMLSimpleApplication@80dc82b
----------------- Done invoking toplevel() on ptolemy.moml.MoMLSimpleApplication@80dc82b
reloadAllAccessors: .PublisherSubscriberOpaqueD3Reverse

===========================================================================================
----------------- testing Sun Aug 04 05:23:17 UTC 2019 /home/travis/build/icyphy/ptII/ptolemy/actor/lib/test/auto/PublisherSubscriberOpaqueWidthInference.xml
----------------- Instantiating /home/travis/build/icyphy/ptII/ptolemy/actor/lib/test/auto/PublisherSubscriberOpaqueWidthInference.xml
6 ms. Memory: 399360K Free: 135817K (34%)
----------------- Invoking toplevel() on ptolemy.moml.MoMLSimpleApplication@731aaebb
----------------- Done invoking toplevel() on ptolemy.moml.MoMLSimpleApplication@731aaebb
reloadAllAccessors: .PublisherSubscriberOpaqueWidthInference

===========================================================================================
----------------- testing Sun Aug 04 05:23:17 UTC 2019 /home/travis/build/icyphy/ptII/ptolemy/actor/lib/test/auto/PublisherTestSubscriber.xml
----------------- Instantiating /home/travis/build/icyphy/ptII/ptolemy/actor/lib/test/auto/PublisherTestSubscriber.xml
3 ms. Memory: 399360K Free: 128153K (32%)
----------------- Invoking toplevel() on ptolemy.moml.MoMLSimpleApplication@17a39cd5
----------------- Done invoking toplevel() on ptolemy.moml.MoMLSimpleApplication@17a39cd5
reloadAllAccessors: .PublisherTestSubscriber

===========================================================================================
----------------- testing Sun Aug 04 05:23:17 UTC 2019 /home/travis/build/icyphy/ptII/ptolemy/actor/lib/test/auto/PublisherToplevelSubscriberPortAOC.xml
----------------- Instantiating /home/travis/build/icyphy/ptII/ptolemy/actor/lib/test/auto/PublisherToplevelSubscriberPortAOC.xml
2 ms. Memory: 399360K Free: 122009K (31%)
----------------- Invoking toplevel() on ptolemy.moml.MoMLSimpleApplication@4ebe5cdf
----------------- Done invoking toplevel() on ptolemy.moml.MoMLSimpleApplication@4ebe5cdf
reloadAllAccessors: .PublisherToplevelSubscriberPortAOC

===========================================================================================
----------------- testing Sun Aug 04 05:23:17 UTC 2019 /home/travis/build/icyphy/ptII/ptolemy/actor/lib/test/auto/PulseFiringLimitDE.xml
----------------- Instantiating /home/travis/build/icyphy/ptII/ptolemy/actor/lib/test/auto/PulseFiringLimitDE.xml
2 ms. Memory: 399360K Free: 115351K (29%)
----------------- Invoking toplevel() on ptolemy.moml.MoMLSimpleApplication@358d1945
----------------- Done invoking toplevel() on ptolemy.moml.MoMLSimpleApplication@358d1945
reloadAllAccessors: .PulseFiringLimitDE

===========================================================================================
----------------- testing Sun Aug 04 05:23:17 UTC 2019 /home/travis/build/icyphy/ptII/ptolemy/actor/lib/test/auto/Ramp1.xml
----------------- Instantiating /home/travis/build/icyphy/ptII/ptolemy/actor/lib/test/auto/Ramp1.xml
2 ms. Memory: 399360K Free: 347294K (87%)
----------------- Invoking toplevel() on ptolemy.moml.MoMLSimpleApplication@fa418dc
----------------- Done invoking toplevel() on ptolemy.moml.MoMLSimpleApplication@fa418dc
reloadAllAccessors: .Ramp1

===========================================================================================
----------------- testing Sun Aug 04 05:23:17 UTC 2019 /home/travis/build/icyphy/ptII/ptolemy/actor/lib/test/auto/RampFiringLimitDE.xml
----------------- Instantiating /home/travis/build/icyphy/ptII/ptolemy/actor/lib/test/auto/RampFiringLimitDE.xml
5 ms. Memory: 399360K Free: 341150K (85%)
----------------- Invoking toplevel() on ptolemy.moml.MoMLSimpleApplication@5989f91c
----------------- Done invoking toplevel() on ptolemy.moml.MoMLSimpleApplication@5989f91c
reloadAllAccessors: .RampFiringLimitDE

===========================================================================================
----------------- testing Sun Aug 04 05:23:17 UTC 2019 /home/travis/build/icyphy/ptII/ptolemy/actor/lib/test/auto/RampFiringLimitSDF.xml
----------------- Instantiating /home/travis/build/icyphy/ptII/ptolemy/actor/lib/test/auto/RampFiringLimitSDF.xml
2 ms. Memory: 399360K Free: 336038K (84%)
----------------- Invoking toplevel() on ptolemy.moml.MoMLSimpleApplication@73b8827d
----------------- Done invoking toplevel() on ptolemy.moml.MoMLSimpleApplication@73b8827d
reloadAllAccessors: .RampFiringLimitSDF

===========================================================================================
----------------- testing Sun Aug 04 05:23:17 UTC 2019 /home/travis/build/icyphy/ptII/ptolemy/actor/lib/test/auto/RandomInteger.xml
----------------- Instantiating /home/travis/build/icyphy/ptII/ptolemy/actor/lib/test/auto/RandomInteger.xml
1 ms. Memory: 399360K Free: 331948K (83%)
----------------- Invoking toplevel() on ptolemy.moml.MoMLSimpleApplication@7c1935a7
----------------- Done invoking toplevel() on ptolemy.moml.MoMLSimpleApplication@7c1935a7
reloadAllAccessors: .RandomInteger

===========================================================================================
----------------- testing Sun Aug 04 05:23:17 UTC 2019 /home/travis/build/icyphy/ptII/ptolemy/actor/lib/test/auto/ReadFile1.xml
----------------- Instantiating /home/travis/build/icyphy/ptII/ptolemy/actor/lib/test/auto/ReadFile1.xml
2 ms. Memory: 399360K Free: 327342K (82%)
----------------- Invoking toplevel() on ptolemy.moml.MoMLSimpleApplication@1e1535a
----------------- Done invoking toplevel() on ptolemy.moml.MoMLSimpleApplication@1e1535a
reloadAllAccessors: .ReadFile1

===========================================================================================
----------------- testing Sun Aug 04 05:23:17 UTC 2019 /home/travis/build/icyphy/ptII/ptolemy/actor/lib/test/auto/ReadFile2.xml
----------------- Instantiating /home/travis/build/icyphy/ptII/ptolemy/actor/lib/test/auto/ReadFile2.xml
1 ms. Memory: 399360K Free: 323246K (81%)
----------------- Invoking toplevel() on ptolemy.moml.MoMLSimpleApplication@34f9b6c6
----------------- Done invoking toplevel() on ptolemy.moml.MoMLSimpleApplication@34f9b6c6
reloadAllAccessors: .ReadFile2

===========================================================================================
----------------- testing Sun Aug 04 05:23:17 UTC 2019 /home/travis/build/icyphy/ptII/ptolemy/actor/lib/test/auto/Reader.xml
----------------- Instantiating /home/travis/build/icyphy/ptII/ptolemy/actor/lib/test/auto/Reader.xml
actor.lib.Reader is obsolete, use actor.lib.io.ExpressionReader instead
2 ms. Memory: 399360K Free: 319150K (80%)
----------------- Invoking toplevel() on ptolemy.moml.MoMLSimpleApplication@4054b38e
----------------- Done invoking toplevel() on ptolemy.moml.MoMLSimpleApplication@4054b38e
reloadAllAccessors: .Reader

===========================================================================================
----------------- testing Sun Aug 04 05:23:17 UTC 2019 /home/travis/build/icyphy/ptII/ptolemy/actor/lib/test/auto/RecordAssemblerDisplayNameTest.xml
----------------- Instantiating /home/travis/build/icyphy/ptII/ptolemy/actor/lib/test/auto/RecordAssemblerDisplayNameTest.xml
3604 ms. Memory: 399360K Free: 288656K (72%)
----------------- Invoking toplevel() on ptolemy.moml.MoMLSimpleApplication@2cb8a18a
----------------- Done invoking toplevel() on ptolemy.moml.MoMLSimpleApplication@2cb8a18a
reloadAllAccessors: .RecordAssemblerDisplayNameTest

===========================================================================================
----------------- testing Sun Aug 04 05:23:21 UTC 2019 /home/travis/build/icyphy/ptII/ptolemy/actor/lib/test/auto/RecordAssemblerTypeError.xml
----------------- Instantiating /home/travis/build/icyphy/ptII/ptolemy/actor/lib/test/auto/RecordAssemblerTypeError.xml
16 ms. Memory: 399360K Free: 278930K (70%)
----------------- Invoking toplevel() on ptolemy.moml.MoMLSimpleApplication@1de03797
----------------- Done invoking toplevel() on ptolemy.moml.MoMLSimpleApplication@1de03797
reloadAllAccessors: .RecordAssemblerTypeError

===========================================================================================
----------------- testing Sun Aug 04 05:23:21 UTC 2019 /home/travis/build/icyphy/ptII/ptolemy/actor/lib/test/auto/RecordDisassember.xml
----------------- Instantiating /home/travis/build/icyphy/ptII/ptolemy/actor/lib/test/auto/RecordDisassember.xml
4 ms. Memory: 399360K Free: 274306K (69%)
----------------- Invoking toplevel() on ptolemy.moml.MoMLSimpleApplication@531b0e03
----------------- Done invoking toplevel() on ptolemy.moml.MoMLSimpleApplication@531b0e03
reloadAllAccessors: .RecordDisassember

===========================================================================================
----------------- testing Sun Aug 04 05:23:21 UTC 2019 /home/travis/build/icyphy/ptII/ptolemy/actor/lib/test/auto/RecordDisassemberDisplayNameTest.xml
----------------- Instantiating /home/travis/build/icyphy/ptII/ptolemy/actor/lib/test/auto/RecordDisassemberDisplayNameTest.xml
17 ms. Memory: 399360K Free: 266642K (67%)
----------------- Invoking toplevel() on ptolemy.moml.MoMLSimpleApplication@f3c4806
----------------- Done invoking toplevel() on ptolemy.moml.MoMLSimpleApplication@f3c4806
reloadAllAccessors: .RecordDisassemberDisplayNameTest

===========================================================================================
----------------- testing Sun Aug 04 05:23:21 UTC 2019 /home/travis/build/icyphy/ptII/ptolemy/actor/lib/test/auto/RecordDisassembler.xml
----------------- Instantiating /home/travis/build/icyphy/ptII/ptolemy/actor/lib/test/auto/RecordDisassembler.xml
3 ms. Memory: 399360K Free: 261522K (65%)
----------------- Invoking toplevel() on ptolemy.moml.MoMLSimpleApplication@583171c5
----------------- Done invoking toplevel() on ptolemy.moml.MoMLSimpleApplication@583171c5
reloadAllAccessors: .RecordDisassembler

===========================================================================================
----------------- testing Sun Aug 04 05:23:21 UTC 2019 /home/travis/build/icyphy/ptII/ptolemy/actor/lib/test/auto/RecordDisassembler2.xml
----------------- Instantiating /home/travis/build/icyphy/ptII/ptolemy/actor/lib/test/auto/RecordDisassembler2.xml
3 ms. Memory: 399360K Free: 256402K (64%)
----------------- Invoking toplevel() on ptolemy.moml.MoMLSimpleApplication@6ea5f0c9
----------------- Done invoking toplevel() on ptolemy.moml.MoMLSimpleApplication@6ea5f0c9
reloadAllAccessors: .RecordDisassembler2

===========================================================================================
----------------- testing Sun Aug 04 05:23:21 UTC 2019 /home/travis/build/icyphy/ptII/ptolemy/actor/lib/test/auto/RecordUpdater.xml
----------------- Instantiating /home/travis/build/icyphy/ptII/ptolemy/actor/lib/test/auto/RecordUpdater.xml
1 ms. Memory: 399360K Free: 250768K (63%)
----------------- Invoking toplevel() on ptolemy.moml.MoMLSimpleApplication@6581ef3c
----------------- Done invoking toplevel() on ptolemy.moml.MoMLSimpleApplication@6581ef3c
reloadAllAccessors: .RecordUpdater

===========================================================================================
----------------- testing Sun Aug 04 05:23:21 UTC 2019 /home/travis/build/icyphy/ptII/ptolemy/actor/lib/test/auto/RecordUpdater2.xml
----------------- Instantiating /home/travis/build/icyphy/ptII/ptolemy/actor/lib/test/auto/RecordUpdater2.xml
2 ms. Memory: 399360K Free: 245648K (62%)
----------------- Invoking toplevel() on ptolemy.moml.MoMLSimpleApplication@13c941b2
----------------- Done invoking toplevel() on ptolemy.moml.MoMLSimpleApplication@13c941b2
reloadAllAccessors: .RecordUpdater2

===========================================================================================
----------------- testing Sun Aug 04 05:23:21 UTC 2019 /home/travis/build/icyphy/ptII/ptolemy/actor/lib/test/auto/RecursiveLattice.xml
----------------- Instantiating /home/travis/build/icyphy/ptII/ptolemy/actor/lib/test/auto/RecursiveLattice.xml
3 ms. Memory: 399360K Free: 241552K (60%)
----------------- Invoking toplevel() on ptolemy.moml.MoMLSimpleApplication@1a2eac42
----------------- Done invoking toplevel() on ptolemy.moml.MoMLSimpleApplication@1a2eac42
reloadAllAccessors: .RecursiveLattice

===========================================================================================
----------------- testing Sun Aug 04 05:23:21 UTC 2019 /home/travis/build/icyphy/ptII/ptolemy/actor/lib/test/auto/Router.xml
----------------- Instantiating /home/travis/build/icyphy/ptII/ptolemy/actor/lib/test/auto/Router.xml
3005 ms. Memory: 399360K Free: 230802K (58%)
----------------- Invoking toplevel() on ptolemy.moml.MoMLSimpleApplication@7cb7ed82
----------------- Done invoking toplevel() on ptolemy.moml.MoMLSimpleApplication@7cb7ed82
reloadAllAccessors: .Router

===========================================================================================
----------------- testing Sun Aug 04 05:23:24 UTC 2019 /home/travis/build/icyphy/ptII/ptolemy/actor/lib/test/auto/Router2.xml
----------------- Instantiating /home/travis/build/icyphy/ptII/ptolemy/actor/lib/test/auto/Router2.xml
3003 ms. Memory: 399360K Free: 219538K (55%)
----------------- Invoking toplevel() on ptolemy.moml.MoMLSimpleApplication@5aa259f7
----------------- Done invoking toplevel() on ptolemy.moml.MoMLSimpleApplication@5aa259f7
reloadAllAccessors: .Router2

===========================================================================================
----------------- testing Sun Aug 04 05:23:27 UTC 2019 /home/travis/build/icyphy/ptII/ptolemy/actor/lib/test/auto/RunningMaximum.xml
----------------- Instantiating /home/travis/build/icyphy/ptII/ptolemy/actor/lib/test/auto/RunningMaximum.xml
2 ms. Memory: 399360K Free: 214928K (54%)
----------------- Invoking toplevel() on ptolemy.moml.MoMLSimpleApplication@cef8482
----------------- Done invoking toplevel() on ptolemy.moml.MoMLSimpleApplication@cef8482
reloadAllAccessors: .RunningMaximum

===========================================================================================
----------------- testing Sun Aug 04 05:23:27 UTC 2019 /home/travis/build/icyphy/ptII/ptolemy/actor/lib/test/auto/RunningMinimum.xml
----------------- Instantiating /home/travis/build/icyphy/ptII/ptolemy/actor/lib/test/auto/RunningMinimum.xml
13 ms. Memory: 399360K Free: 210322K (53%)
----------------- Invoking toplevel() on ptolemy.moml.MoMLSimpleApplication@299e556a
----------------- Done invoking toplevel() on ptolemy.moml.MoMLSimpleApplication@299e556a
reloadAllAccessors: .RunningMinimum

===========================================================================================
----------------- testing Sun Aug 04 05:23:27 UTC 2019 /home/travis/build/icyphy/ptII/ptolemy/actor/lib/test/auto/Scale.xml
----------------- Instantiating /home/travis/build/icyphy/ptII/ptolemy/actor/lib/test/auto/Scale.xml
2 ms. Memory: 399360K Free: 205712K (52%)
----------------- Invoking toplevel() on ptolemy.moml.MoMLSimpleApplication@442b3038
----------------- Done invoking toplevel() on ptolemy.moml.MoMLSimpleApplication@442b3038
reloadAllAccessors: .Scale

===========================================================================================
----------------- testing Sun Aug 04 05:23:27 UTC 2019 /home/travis/build/icyphy/ptII/ptolemy/actor/lib/test/auto/Scale2.xml
----------------- Instantiating /home/travis/build/icyphy/ptII/ptolemy/actor/lib/test/auto/Scale2.xml
2 ms. Memory: 399360K Free: 201106K (50%)
----------------- Invoking toplevel() on ptolemy.moml.MoMLSimpleApplication@2a86f9c0
----------------- Done invoking toplevel() on ptolemy.moml.MoMLSimpleApplication@2a86f9c0
reloadAllAccessors: .Scale2

===========================================================================================
----------------- testing Sun Aug 04 05:23:27 UTC 2019 /home/travis/build/icyphy/ptII/ptolemy/actor/lib/test/auto/Scale3.xml
----------------- Instantiating /home/travis/build/icyphy/ptII/ptolemy/actor/lib/test/auto/Scale3.xml
3 ms. Memory: 399360K Free: 194962K (49%)
----------------- Invoking toplevel() on ptolemy.moml.MoMLSimpleApplication@67e66f7e
----------------- Done invoking toplevel() on ptolemy.moml.MoMLSimpleApplication@67e66f7e
reloadAllAccessors: .Scale3

===========================================================================================
----------------- testing Sun Aug 04 05:23:27 UTC 2019 /home/travis/build/icyphy/ptII/ptolemy/actor/lib/test/auto/ScaleArray.xml
----------------- Instantiating /home/travis/build/icyphy/ptII/ptolemy/actor/lib/test/auto/ScaleArray.xml
2 ms. Memory: 399360K Free: 190352K (48%)
----------------- Invoking toplevel() on ptolemy.moml.MoMLSimpleApplication@e924b80
----------------- Done invoking toplevel() on ptolemy.moml.MoMLSimpleApplication@e924b80
reloadAllAccessors: .ScaleArray

===========================================================================================
----------------- testing Sun Aug 04 05:23:27 UTC 2019 /home/travis/build/icyphy/ptII/ptolemy/actor/lib/test/auto/ScaleArray2.xml
----------------- Instantiating /home/travis/build/icyphy/ptII/ptolemy/actor/lib/test/auto/ScaleArray2.xml
1 ms. Memory: 399360K Free: 185746K (47%)
----------------- Invoking toplevel() on ptolemy.moml.MoMLSimpleApplication@6e3e72fb
----------------- Done invoking toplevel() on ptolemy.moml.MoMLSimpleApplication@6e3e72fb
reloadAllAccessors: .ScaleArray2

===========================================================================================
----------------- testing Sun Aug 04 05:23:27 UTC 2019 /home/travis/build/icyphy/ptII/ptolemy/actor/lib/test/auto/ScaleMatrix.xml
----------------- Instantiating /home/travis/build/icyphy/ptII/ptolemy/actor/lib/test/auto/ScaleMatrix.xml
170 ms. Memory: 399360K Free: 172434K (43%)
----------------- Invoking toplevel() on ptolemy.moml.MoMLSimpleApplication@6bc75a7f
----------------- Done invoking toplevel() on ptolemy.moml.MoMLSimpleApplication@6bc75a7f
reloadAllAccessors: .ScaleMatrix

===========================================================================================
----------------- testing Sun Aug 04 05:23:27 UTC 2019 /home/travis/build/icyphy/ptII/ptolemy/actor/lib/test/auto/Select.xml
----------------- Instantiating /home/travis/build/icyphy/ptII/ptolemy/actor/lib/test/auto/Select.xml
3 ms. Memory: 399360K Free: 166290K (42%)
----------------- Invoking toplevel() on ptolemy.moml.MoMLSimpleApplication@580dd12a
----------------- Done invoking toplevel() on ptolemy.moml.MoMLSimpleApplication@580dd12a
reloadAllAccessors: .Select

===========================================================================================
----------------- testing Sun Aug 04 05:23:27 UTC 2019 /home/travis/build/icyphy/ptII/ptolemy/actor/lib/test/auto/Select2.xml
----------------- Instantiating /home/travis/build/icyphy/ptII/ptolemy/actor/lib/test/auto/Select2.xml
1 ms. Memory: 399360K Free: 161680K (40%)
----------------- Invoking toplevel() on ptolemy.moml.MoMLSimpleApplication@7e30a470
----------------- Done invoking toplevel() on ptolemy.moml.MoMLSimpleApplication@7e30a470
reloadAllAccessors: .Select2

===========================================================================================
----------------- testing Sun Aug 04 05:23:27 UTC 2019 /home/travis/build/icyphy/ptII/ptolemy/actor/lib/test/auto/SequenceToArray2.xml
----------------- Instantiating /home/travis/build/icyphy/ptII/ptolemy/actor/lib/test/auto/SequenceToArray2.xml
112 ms. Memory: 399360K Free: 138128K (35%)
----------------- Invoking toplevel() on ptolemy.moml.MoMLSimpleApplication@4566ec02
----------------- Done invoking toplevel() on ptolemy.moml.MoMLSimpleApplication@4566ec02
reloadAllAccessors: .SequenceToArray2

===========================================================================================
----------------- testing Sun Aug 04 05:23:28 UTC 2019 /home/travis/build/icyphy/ptII/ptolemy/actor/lib/test/auto/SequentialClock.xml
----------------- Instantiating /home/travis/build/icyphy/ptII/ptolemy/actor/lib/test/auto/SequentialClock.xml
1 ms. Memory: 399360K Free: 134032K (34%)
----------------- Invoking toplevel() on ptolemy.moml.MoMLSimpleApplication@1e8b74e7
----------------- Done invoking toplevel() on ptolemy.moml.MoMLSimpleApplication@1e8b74e7
reloadAllAccessors: .SequentialClock

===========================================================================================
----------------- testing Sun Aug 04 05:23:28 UTC 2019 /home/travis/build/icyphy/ptII/ptolemy/actor/lib/test/auto/SetVariable.xml
----------------- Instantiating /home/travis/build/icyphy/ptII/ptolemy/actor/lib/test/auto/SetVariable.xml
4 ms. Memory: 399360K Free: 129426K (32%)
----------------- Invoking toplevel() on ptolemy.moml.MoMLSimpleApplication@7bb14c12
----------------- Done invoking toplevel() on ptolemy.moml.MoMLSimpleApplication@7bb14c12
reloadAllAccessors: .SetVariable

===========================================================================================
----------------- testing Sun Aug 04 05:23:28 UTC 2019 /home/travis/build/icyphy/ptII/ptolemy/actor/lib/test/auto/SetVariable2.xml
----------------- Instantiating /home/travis/build/icyphy/ptII/ptolemy/actor/lib/test/auto/SetVariable2.xml
5 ms. Memory: 399360K Free: 124306K (31%)
----------------- Invoking toplevel() on ptolemy.moml.MoMLSimpleApplication@bf56c6c
----------------- Done invoking toplevel() on ptolemy.moml.MoMLSimpleApplication@bf56c6c
reloadAllAccessors: .SetVariable2

===========================================================================================
----------------- testing Sun Aug 04 05:23:28 UTC 2019 /home/travis/build/icyphy/ptII/ptolemy/actor/lib/test/auto/SetVariable3.xml
----------------- Instantiating /home/travis/build/icyphy/ptII/ptolemy/actor/lib/test/auto/SetVariable3.xml
7 ms. Memory: 399360K Free: 118672K (30%)
----------------- Invoking toplevel() on ptolemy.moml.MoMLSimpleApplication@482422f3
----------------- Done invoking toplevel() on ptolemy.moml.MoMLSimpleApplication@482422f3
reloadAllAccessors: .SetVariable3

===========================================================================================
----------------- testing Sun Aug 04 05:23:28 UTC 2019 /home/travis/build/icyphy/ptII/ptolemy/actor/lib/test/auto/SetVariable4.xml
----------------- Instantiating /home/travis/build/icyphy/ptII/ptolemy/actor/lib/test/auto/SetVariable4.xml
22 ms. Memory: 399360K Free: 344258K (86%)
----------------- Invoking toplevel() on ptolemy.moml.MoMLSimpleApplication@2ab48288
----------------- Done invoking toplevel() on ptolemy.moml.MoMLSimpleApplication@2ab48288
reloadAllAccessors: .SetVariable4

===========================================================================================
----------------- testing Sun Aug 04 05:23:28 UTC 2019 /home/travis/build/icyphy/ptII/ptolemy/actor/lib/test/auto/SetVariable5.xml
----------------- Instantiating /home/travis/build/icyphy/ptII/ptolemy/actor/lib/test/auto/SetVariable5.xml
23 ms. Memory: 399360K Free: 334530K (84%)
----------------- Invoking toplevel() on ptolemy.moml.MoMLSimpleApplication@46760578
----------------- Done invoking toplevel() on ptolemy.moml.MoMLSimpleApplication@46760578
reloadAllAccessors: .SetVariable5

===========================================================================================
----------------- testing Sun Aug 04 05:23:28 UTC 2019 /home/travis/build/icyphy/ptII/ptolemy/actor/lib/test/auto/Sinewave.xml
----------------- Instantiating /home/travis/build/icyphy/ptII/ptolemy/actor/lib/test/auto/Sinewave.xml
5 ms. Memory: 399360K Free: 324290K (81%)
----------------- Invoking toplevel() on ptolemy.moml.MoMLSimpleApplication@7e2f51d
----------------- Done invoking toplevel() on ptolemy.moml.MoMLSimpleApplication@7e2f51d
reloadAllAccessors: .Sinewave

===========================================================================================
----------------- testing Sun Aug 04 05:23:28 UTC 2019 /home/travis/build/icyphy/ptII/ptolemy/actor/lib/test/auto/Sinewave2.xml
----------------- Instantiating /home/travis/build/icyphy/ptII/ptolemy/actor/lib/test/auto/Sinewave2.xml
5 ms. Memory: 399360K Free: 316098K (79%)
----------------- Invoking toplevel() on ptolemy.moml.MoMLSimpleApplication@285bf9cf
----------------- Done invoking toplevel() on ptolemy.moml.MoMLSimpleApplication@285bf9cf
reloadAllAccessors: .Sinewave2

===========================================================================================
----------------- testing Sun Aug 04 05:23:28 UTC 2019 /home/travis/build/icyphy/ptII/ptolemy/actor/lib/test/auto/Sinewave3.xml
----------------- Instantiating /home/travis/build/icyphy/ptII/ptolemy/actor/lib/test/auto/Sinewave3.xml
11 ms. Memory: 399360K Free: 307396K (77%)
----------------- Invoking toplevel() on ptolemy.moml.MoMLSimpleApplication@4d2182dc
----------------- Done invoking toplevel() on ptolemy.moml.MoMLSimpleApplication@4d2182dc
reloadAllAccessors: .Sinewave3

===========================================================================================
----------------- testing Sun Aug 04 05:23:28 UTC 2019 /home/travis/build/icyphy/ptII/ptolemy/actor/lib/test/auto/SingleEvent.xml
----------------- Instantiating /home/travis/build/icyphy/ptII/ptolemy/actor/lib/test/auto/SingleEvent.xml
2 ms. Memory: 399360K Free: 303300K (76%)
----------------- Invoking toplevel() on ptolemy.moml.MoMLSimpleApplication@5372eab3
----------------- Done invoking toplevel() on ptolemy.moml.MoMLSimpleApplication@5372eab3
reloadAllAccessors: .SingleEvent

===========================================================================================
----------------- testing Sun Aug 04 05:23:28 UTC 2019 /home/travis/build/icyphy/ptII/ptolemy/actor/lib/test/auto/Sleep.xml
----------------- Instantiating /home/travis/build/icyphy/ptII/ptolemy/actor/lib/test/auto/Sleep.xml
6004 ms. Memory: 399360K Free: 297666K (75%)
----------------- Invoking toplevel() on ptolemy.moml.MoMLSimpleApplication@22b5b91e
----------------- Done invoking toplevel() on ptolemy.moml.MoMLSimpleApplication@22b5b91e
reloadAllAccessors: .Sleep

===========================================================================================
----------------- testing Sun Aug 04 05:23:34 UTC 2019 /home/travis/build/icyphy/ptII/ptolemy/actor/lib/test/auto/SleepMultipleFire.xml
----------------- Instantiating /home/travis/build/icyphy/ptII/ptolemy/actor/lib/test/auto/SleepMultipleFire.xml
1010 ms. Memory: 399360K Free: 291522K (73%)
----------------- Invoking toplevel() on ptolemy.moml.MoMLSimpleApplication@5c1612af
----------------- Done invoking toplevel() on ptolemy.moml.MoMLSimpleApplication@5c1612af
reloadAllAccessors: .SleepMultipleFire

===========================================================================================
----------------- testing Sun Aug 04 05:23:35 UTC 2019 /home/travis/build/icyphy/ptII/ptolemy/actor/lib/test/auto/StopDE.xml
----------------- Instantiating /home/travis/build/icyphy/ptII/ptolemy/actor/lib/test/auto/StopDE.xml
3 ms. Memory: 399360K Free: 285892K (72%)
----------------- Invoking toplevel() on ptolemy.moml.MoMLSimpleApplication@561ac395
----------------- Done invoking toplevel() on ptolemy.moml.MoMLSimpleApplication@561ac395
reloadAllAccessors: .StopDE

===========================================================================================
----------------- testing Sun Aug 04 05:23:35 UTC 2019 /home/travis/build/icyphy/ptII/ptolemy/actor/lib/test/auto/StopSDF.xml
----------------- Instantiating /home/travis/build/icyphy/ptII/ptolemy/actor/lib/test/auto/StopSDF.xml
5 ms. Memory: 399360K Free: 280772K (70%)
----------------- Invoking toplevel() on ptolemy.moml.MoMLSimpleApplication@c44dcd0
----------------- Done invoking toplevel() on ptolemy.moml.MoMLSimpleApplication@c44dcd0
reloadAllAccessors: .StopSDF

===========================================================================================
----------------- testing Sun Aug 04 05:23:35 UTC 2019 /home/travis/build/icyphy/ptII/ptolemy/actor/lib/test/auto/StringConstant.xml
----------------- Instantiating /home/travis/build/icyphy/ptII/ptolemy/actor/lib/test/auto/StringConstant.xml
10 ms. Memory: 399360K Free: 276676K (69%)
----------------- Invoking toplevel() on ptolemy.moml.MoMLSimpleApplication@2235772e
----------------- Done invoking toplevel() on ptolemy.moml.MoMLSimpleApplication@2235772e
reloadAllAccessors: .StringConstant

===========================================================================================
----------------- testing Sun Aug 04 05:23:35 UTC 2019 /home/travis/build/icyphy/ptII/ptolemy/actor/lib/test/auto/SubscriberPortInitialValues1.xml
----------------- Instantiating /home/travis/build/icyphy/ptII/ptolemy/actor/lib/test/auto/SubscriberPortInitialValues1.xml
13 ms. Memory: 399360K Free: 267970K (67%)
----------------- Invoking toplevel() on ptolemy.moml.MoMLSimpleApplication@658d35c3
----------------- Done invoking toplevel() on ptolemy.moml.MoMLSimpleApplication@658d35c3
reloadAllAccessors: .SubscriberPortInitialValues1

===========================================================================================
----------------- testing Sun Aug 04 05:23:35 UTC 2019 /home/travis/build/icyphy/ptII/ptolemy/actor/lib/test/auto/SubscriberPortInitialValues13.xml
----------------- Instantiating /home/travis/build/icyphy/ptII/ptolemy/actor/lib/test/auto/SubscriberPortInitialValues13.xml
5 ms. Memory: 399360K Free: 255172K (64%)
----------------- Invoking toplevel() on ptolemy.moml.MoMLSimpleApplication@7225dd82
----------------- Done invoking toplevel() on ptolemy.moml.MoMLSimpleApplication@7225dd82
reloadAllAccessors: .SubscriberPortInitialValues13

===========================================================================================
----------------- testing Sun Aug 04 05:23:35 UTC 2019 /home/travis/build/icyphy/ptII/ptolemy/actor/lib/test/auto/SubscriberPortInitialValues14.xml
----------------- Instantiating /home/travis/build/icyphy/ptII/ptolemy/actor/lib/test/auto/SubscriberPortInitialValues14.xml
4 ms. Memory: 399360K Free: 246980K (62%)
----------------- Invoking toplevel() on ptolemy.moml.MoMLSimpleApplication@7fec159a
----------------- Done invoking toplevel() on ptolemy.moml.MoMLSimpleApplication@7fec159a
reloadAllAccessors: .SubscriberPortInitialValues14

===========================================================================================
----------------- testing Sun Aug 04 05:23:35 UTC 2019 /home/travis/build/icyphy/ptII/ptolemy/actor/lib/test/auto/SubscriberPortInitialValues2.xml
----------------- Instantiating /home/travis/build/icyphy/ptII/ptolemy/actor/lib/test/auto/SubscriberPortInitialValues2.xml
4 ms. Memory: 399360K Free: 239298K (60%)
----------------- Invoking toplevel() on ptolemy.moml.MoMLSimpleApplication@30c95e40
----------------- Done invoking toplevel() on ptolemy.moml.MoMLSimpleApplication@30c95e40
reloadAllAccessors: .SubscriberPortInitialValues2

===========================================================================================
----------------- testing Sun Aug 04 05:23:35 UTC 2019 /home/travis/build/icyphy/ptII/ptolemy/actor/lib/test/auto/SubscriberPortInitialValues3.xml
----------------- Instantiating /home/travis/build/icyphy/ptII/ptolemy/actor/lib/test/auto/SubscriberPortInitialValues3.xml
4 ms. Memory: 399360K Free: 228548K (57%)
----------------- Invoking toplevel() on ptolemy.moml.MoMLSimpleApplication@32bf7132
----------------- Done invoking toplevel() on ptolemy.moml.MoMLSimpleApplication@32bf7132
reloadAllAccessors: .SubscriberPortInitialValues3

===========================================================================================
----------------- testing Sun Aug 04 05:23:35 UTC 2019 /home/travis/build/icyphy/ptII/ptolemy/actor/lib/test/auto/SubscriptionAggregator.xml
----------------- Instantiating /home/travis/build/icyphy/ptII/ptolemy/actor/lib/test/auto/SubscriptionAggregator.xml
3 ms. Memory: 399360K Free: 221876K (56%)
----------------- Invoking toplevel() on ptolemy.moml.MoMLSimpleApplication@2d59c8cd
----------------- Done invoking toplevel() on ptolemy.moml.MoMLSimpleApplication@2d59c8cd
reloadAllAccessors: .SubscriptionAggregator

===========================================================================================
----------------- testing Sun Aug 04 05:23:35 UTC 2019 /home/travis/build/icyphy/ptII/ptolemy/actor/lib/test/auto/SubscriptionAggregator2.xml
----------------- Instantiating /home/travis/build/icyphy/ptII/ptolemy/actor/lib/test/auto/SubscriptionAggregator2.xml
4 ms. Memory: 399360K Free: 215236K (54%)
----------------- Invoking toplevel() on ptolemy.moml.MoMLSimpleApplication@6cef0e15
----------------- Done invoking toplevel() on ptolemy.moml.MoMLSimpleApplication@6cef0e15
reloadAllAccessors: .SubscriptionAggregator2

===========================================================================================
----------------- testing Sun Aug 04 05:23:35 UTC 2019 /home/travis/build/icyphy/ptII/ptolemy/actor/lib/test/auto/SubscriptionAggregator3.xml
----------------- Instantiating /home/travis/build/icyphy/ptII/ptolemy/actor/lib/test/auto/SubscriptionAggregator3.xml
4 ms. Memory: 399360K Free: 207044K (52%)
----------------- Invoking toplevel() on ptolemy.moml.MoMLSimpleApplication@6ee96e92
----------------- Done invoking toplevel() on ptolemy.moml.MoMLSimpleApplication@6ee96e92
reloadAllAccessors: .SubscriptionAggregator3

===========================================================================================
----------------- testing Sun Aug 04 05:23:35 UTC 2019 /home/travis/build/icyphy/ptII/ptolemy/actor/lib/test/auto/SubscriptionAggregatorMultiply.xml
----------------- Instantiating /home/travis/build/icyphy/ptII/ptolemy/actor/lib/test/auto/SubscriptionAggregatorMultiply.xml
12 ms. Memory: 399360K Free: 198338K (50%)
----------------- Invoking toplevel() on ptolemy.moml.MoMLSimpleApplication@7c1fbbf
----------------- Done invoking toplevel() on ptolemy.moml.MoMLSimpleApplication@7c1fbbf
reloadAllAccessors: .SubscriptionAggregatorMultiply

===========================================================================================
----------------- testing Sun Aug 04 05:23:35 UTC 2019 /home/travis/build/icyphy/ptII/ptolemy/actor/lib/test/auto/SubscriptionAggregatorPortMultiply1.xml
----------------- Instantiating /home/travis/build/icyphy/ptII/ptolemy/actor/lib/test/auto/SubscriptionAggregatorPortMultiply1.xml
5 ms. Memory: 399360K Free: 190146K (48%)
----------------- Invoking toplevel() on ptolemy.moml.MoMLSimpleApplication@2b86fa56
----------------- Done invoking toplevel() on ptolemy.moml.MoMLSimpleApplication@2b86fa56
reloadAllAccessors: .SubscriptionAggregatorPortMultiply1

===========================================================================================
----------------- testing Sun Aug 04 05:23:35 UTC 2019 /home/travis/build/icyphy/ptII/ptolemy/actor/lib/test/auto/Switch.xml
----------------- Instantiating /home/travis/build/icyphy/ptII/ptolemy/actor/lib/test/auto/Switch.xml
8 ms. Memory: 399360K Free: 181954K (46%)
----------------- Invoking toplevel() on ptolemy.moml.MoMLSimpleApplication@3b06ea4d
----------------- Done invoking toplevel() on ptolemy.moml.MoMLSimpleApplication@3b06ea4d
reloadAllAccessors: .Switch

===========================================================================================
----------------- testing Sun Aug 04 05:23:35 UTC 2019 /home/travis/build/icyphy/ptII/ptolemy/actor/lib/test/auto/Switch2.xml
----------------- Instantiating /home/travis/build/icyphy/ptII/ptolemy/actor/lib/test/auto/Switch2.xml
1 ms. Memory: 399360K Free: 177348K (44%)
----------------- Invoking toplevel() on ptolemy.moml.MoMLSimpleApplication@3dcff004
----------------- Done invoking toplevel() on ptolemy.moml.MoMLSimpleApplication@3dcff004
reloadAllAccessors: .Switch2

===========================================================================================
----------------- testing Sun Aug 04 05:23:35 UTC 2019 /home/travis/build/icyphy/ptII/ptolemy/actor/lib/test/auto/SwitchDE.xml
----------------- Instantiating /home/travis/build/icyphy/ptII/ptolemy/actor/lib/test/auto/SwitchDE.xml
2 ms. Memory: 399360K Free: 171204K (43%)
----------------- Invoking toplevel() on ptolemy.moml.MoMLSimpleApplication@12c50fbd
----------------- Done invoking toplevel() on ptolemy.moml.MoMLSimpleApplication@12c50fbd
reloadAllAccessors: .SwitchDE

===========================================================================================
----------------- testing Sun Aug 04 05:23:35 UTC 2019 /home/travis/build/icyphy/ptII/ptolemy/actor/lib/test/auto/SynchronizerDE.xml
----------------- Instantiating /home/travis/build/icyphy/ptII/ptolemy/actor/lib/test/auto/SynchronizerDE.xml
10 ms. Memory: 399360K Free: 162468K (41%)
----------------- Invoking toplevel() on ptolemy.moml.MoMLSimpleApplication@61dbac58
----------------- Done invoking toplevel() on ptolemy.moml.MoMLSimpleApplication@61dbac58
reloadAllAccessors: .SynchronizerDE

===========================================================================================
----------------- testing Sun Aug 04 05:23:35 UTC 2019 /home/travis/build/icyphy/ptII/ptolemy/actor/lib/test/auto/Test.xml
----------------- Instantiating /home/travis/build/icyphy/ptII/ptolemy/actor/lib/test/auto/Test.xml
9 ms. Memory: 399360K Free: 157348K (39%)
----------------- Invoking toplevel() on ptolemy.moml.MoMLSimpleApplication@7305d996
----------------- Done invoking toplevel() on ptolemy.moml.MoMLSimpleApplication@7305d996
reloadAllAccessors: .Test

===========================================================================================
----------------- testing Sun Aug 04 05:23:35 UTC 2019 /home/travis/build/icyphy/ptII/ptolemy/actor/lib/test/auto/TestExceptionAttribute1.xml
----------------- Instantiating /home/travis/build/icyphy/ptII/ptolemy/actor/lib/test/auto/TestExceptionAttribute1.xml
1 ms. Memory: 399360K Free: 153796K (39%)
----------------- Invoking toplevel() on ptolemy.moml.MoMLSimpleApplication@72bc0e01
----------------- Done invoking toplevel() on ptolemy.moml.MoMLSimpleApplication@72bc0e01
reloadAllAccessors: .TestExceptionAttribute1

===========================================================================================
----------------- testing Sun Aug 04 05:23:35 UTC 2019 /home/travis/build/icyphy/ptII/ptolemy/actor/lib/test/auto/TestExceptionAttribute2.xml
----------------- Instantiating /home/travis/build/icyphy/ptII/ptolemy/actor/lib/test/auto/TestExceptionAttribute2.xml
1 ms. Memory: 399360K Free: 150210K (38%)
----------------- Invoking toplevel() on ptolemy.moml.MoMLSimpleApplication@486c4a18
----------------- Done invoking toplevel() on ptolemy.moml.MoMLSimpleApplication@486c4a18
reloadAllAccessors: .TestExceptionAttribute2

===========================================================================================
----------------- testing Sun Aug 04 05:23:35 UTC 2019 /home/travis/build/icyphy/ptII/ptolemy/actor/lib/test/auto/TestExceptionAttribute3.xml
----------------- Instantiating /home/travis/build/icyphy/ptII/ptolemy/actor/lib/test/auto/TestExceptionAttribute3.xml
.TestExceptionAttribute3.TestExceptionAttribute: initialize() was not invoked, but wrapup() was.  This is unusual, but not always a problem.  For example, exporting JNLP will do this.
1 ms. Memory: 399360K Free: 146114K (37%)
----------------- Invoking toplevel() on ptolemy.moml.MoMLSimpleApplication@627cf19e
----------------- Done invoking toplevel() on ptolemy.moml.MoMLSimpleApplication@627cf19e
reloadAllAccessors: .TestExceptionAttribute3

===========================================================================================
----------------- testing Sun Aug 04 05:23:35 UTC 2019 /home/travis/build/icyphy/ptII/ptolemy/actor/lib/test/auto/TestExceptionAttribute4.xml
----------------- Instantiating /home/travis/build/icyphy/ptII/ptolemy/actor/lib/test/auto/TestExceptionAttribute4.xml
.TestExceptionAttribute4.TestExceptionAttribute: initialize() was not invoked, but wrapup() was.  This is unusual, but not always a problem.  For example, exporting JNLP will do this.
.TestExceptionAttribute4.TestExceptionAttribute2: initialize() was not invoked, but wrapup() was.  This is unusual, but not always a problem.  For example, exporting JNLP will do this.
0 ms. Memory: 399360K Free: 142018K (36%)
----------------- Invoking toplevel() on ptolemy.moml.MoMLSimpleApplication@2edc5ec3
----------------- Done invoking toplevel() on ptolemy.moml.MoMLSimpleApplication@2edc5ec3
reloadAllAccessors: .TestExceptionAttribute4

===========================================================================================
----------------- testing Sun Aug 04 05:23:35 UTC 2019 /home/travis/build/icyphy/ptII/ptolemy/actor/lib/test/auto/TestExceptionHandler1.xml
----------------- Instantiating /home/travis/build/icyphy/ptII/ptolemy/actor/lib/test/auto/TestExceptionHandler1.xml
1 ms. Memory: 399360K Free: 138436K (35%)
----------------- Invoking toplevel() on ptolemy.moml.MoMLSimpleApplication@1b9161b8
----------------- Done invoking toplevel() on ptolemy.moml.MoMLSimpleApplication@1b9161b8
reloadAllAccessors: .TestExceptionHandler1

===========================================================================================
----------------- testing Sun Aug 04 05:23:35 UTC 2019 /home/travis/build/icyphy/ptII/ptolemy/actor/lib/test/auto/TestExceptionHandler2.xml
----------------- Instantiating /home/travis/build/icyphy/ptII/ptolemy/actor/lib/test/auto/TestExceptionHandler2.xml
2 ms. Memory: 399360K Free: 134850K (34%)
----------------- Invoking toplevel() on ptolemy.moml.MoMLSimpleApplication@1b7665b6
----------------- Done invoking toplevel() on ptolemy.moml.MoMLSimpleApplication@1b7665b6
reloadAllAccessors: .TestExceptionHandler2

===========================================================================================
----------------- testing Sun Aug 04 05:23:35 UTC 2019 /home/travis/build/icyphy/ptII/ptolemy/actor/lib/test/auto/TestExceptionHandler3.xml
----------------- Instantiating /home/travis/build/icyphy/ptII/ptolemy/actor/lib/test/auto/TestExceptionHandler3.xml
1 ms. Memory: 399360K Free: 131268K (33%)
----------------- Invoking toplevel() on ptolemy.moml.MoMLSimpleApplication@785e2004
----------------- Done invoking toplevel() on ptolemy.moml.MoMLSimpleApplication@785e2004
reloadAllAccessors: .TestExceptionHandler3

===========================================================================================
----------------- testing Sun Aug 04 05:23:35 UTC 2019 /home/travis/build/icyphy/ptII/ptolemy/actor/lib/test/auto/TestExceptionHandler4.xml
----------------- Instantiating /home/travis/build/icyphy/ptII/ptolemy/actor/lib/test/auto/TestExceptionHandler4.xml
1 ms. Memory: 399360K Free: 126658K (32%)
----------------- Invoking toplevel() on ptolemy.moml.MoMLSimpleApplication@212081d5
----------------- Done invoking toplevel() on ptolemy.moml.MoMLSimpleApplication@212081d5
reloadAllAccessors: .TestExceptionHandler4

===========================================================================================
----------------- testing Sun Aug 04 05:23:35 UTC 2019 /home/travis/build/icyphy/ptII/ptolemy/actor/lib/test/auto/TestRequireCorrectOrder.xml
----------------- Instantiating /home/travis/build/icyphy/ptII/ptolemy/actor/lib/test/auto/TestRequireCorrectOrder.xml
6 ms. Memory: 399360K Free: 121524K (30%)
----------------- Invoking toplevel() on ptolemy.moml.MoMLSimpleApplication@196147d5
----------------- Done invoking toplevel() on ptolemy.moml.MoMLSimpleApplication@196147d5
reloadAllAccessors: .TestRequireCorrectOrder

===========================================================================================
----------------- testing Sun Aug 04 05:23:36 UTC 2019 /home/travis/build/icyphy/ptII/ptolemy/actor/lib/test/auto/TestSimple.xml
----------------- Instantiating /home/travis/build/icyphy/ptII/ptolemy/actor/lib/test/auto/TestSimple.xml
2 ms. Memory: 399360K Free: 116932K (29%)
----------------- Invoking toplevel() on ptolemy.moml.MoMLSimpleApplication@7d4a7d97
----------------- Done invoking toplevel() on ptolemy.moml.MoMLSimpleApplication@7d4a7d97
reloadAllAccessors: .TestSimple

===========================================================================================
----------------- testing Sun Aug 04 05:23:36 UTC 2019 /home/travis/build/icyphy/ptII/ptolemy/actor/lib/test/auto/ThrowModelError.xml
----------------- Instantiating /home/travis/build/icyphy/ptII/ptolemy/actor/lib/test/auto/ThrowModelError.xml
1 ms. Memory: 399360K Free: 348657K (87%)
----------------- Invoking toplevel() on ptolemy.moml.MoMLSimpleApplication@9ada8c1
----------------- Done invoking toplevel() on ptolemy.moml.MoMLSimpleApplication@9ada8c1
reloadAllAccessors: .ThrowModelError

===========================================================================================
----------------- testing Sun Aug 04 05:23:36 UTC 2019 /home/travis/build/icyphy/ptII/ptolemy/actor/lib/test/auto/TimeDelayMicrosteps.xml
----------------- Instantiating /home/travis/build/icyphy/ptII/ptolemy/actor/lib/test/auto/TimeDelayMicrosteps.xml
3 ms. Memory: 399360K Free: 341489K (86%)
----------------- Invoking toplevel() on ptolemy.moml.MoMLSimpleApplication@4179d60
----------------- Done invoking toplevel() on ptolemy.moml.MoMLSimpleApplication@4179d60
reloadAllAccessors: .TimeDelayMicrosteps

===========================================================================================
----------------- testing Sun Aug 04 05:23:36 UTC 2019 /home/travis/build/icyphy/ptII/ptolemy/actor/lib/test/auto/TimeDelayMicrosteps2.xml
----------------- Instantiating /home/travis/build/icyphy/ptII/ptolemy/actor/lib/test/auto/TimeDelayMicrosteps2.xml
3 ms. Memory: 399360K Free: 334321K (84%)
----------------- Invoking toplevel() on ptolemy.moml.MoMLSimpleApplication@ee5f6c3
----------------- Done invoking toplevel() on ptolemy.moml.MoMLSimpleApplication@ee5f6c3
reloadAllAccessors: .TimeDelayMicrosteps2

===========================================================================================
----------------- testing Sun Aug 04 05:23:36 UTC 2019 /home/travis/build/icyphy/ptII/ptolemy/actor/lib/test/auto/TimeDelayMicrosteps3.xml
----------------- Instantiating /home/travis/build/icyphy/ptII/ptolemy/actor/lib/test/auto/TimeDelayMicrosteps3.xml
3 ms. Memory: 399360K Free: 328177K (82%)
----------------- Invoking toplevel() on ptolemy.moml.MoMLSimpleApplication@7119ba9d
----------------- Done invoking toplevel() on ptolemy.moml.MoMLSimpleApplication@7119ba9d
reloadAllAccessors: .TimeDelayMicrosteps3

===========================================================================================
----------------- testing Sun Aug 04 05:23:36 UTC 2019 /home/travis/build/icyphy/ptII/ptolemy/actor/lib/test/auto/TimeDelayVariableMicrosteps.xml
----------------- Instantiating /home/travis/build/icyphy/ptII/ptolemy/actor/lib/test/auto/TimeDelayVariableMicrosteps.xml
5 ms. Memory: 399360K Free: 321036K (80%)
----------------- Invoking toplevel() on ptolemy.moml.MoMLSimpleApplication@32b83fc7
----------------- Done invoking toplevel() on ptolemy.moml.MoMLSimpleApplication@32b83fc7
reloadAllAccessors: .TimeDelayVariableMicrosteps

===========================================================================================
----------------- testing Sun Aug 04 05:23:36 UTC 2019 /home/travis/build/icyphy/ptII/ptolemy/actor/lib/test/auto/TimeGap.xml
----------------- Instantiating /home/travis/build/icyphy/ptII/ptolemy/actor/lib/test/auto/TimeGap.xml
3 ms. Memory: 399360K Free: 315889K (79%)
----------------- Invoking toplevel() on ptolemy.moml.MoMLSimpleApplication@655a1431
----------------- Done invoking toplevel() on ptolemy.moml.MoMLSimpleApplication@655a1431
reloadAllAccessors: .TimeGap

===========================================================================================
----------------- testing Sun Aug 04 05:23:36 UTC 2019 /home/travis/build/icyphy/ptII/ptolemy/actor/lib/test/auto/TimeGap2.xml
----------------- Instantiating /home/travis/build/icyphy/ptII/ptolemy/actor/lib/test/auto/TimeGap2.xml
2 ms. Memory: 399360K Free: 310289K (78%)
----------------- Invoking toplevel() on ptolemy.moml.MoMLSimpleApplication@252de291
----------------- Done invoking toplevel() on ptolemy.moml.MoMLSimpleApplication@252de291
reloadAllAccessors: .TimeGap2

===========================================================================================
----------------- testing Sun Aug 04 05:23:36 UTC 2019 /home/travis/build/icyphy/ptII/ptolemy/actor/lib/test/auto/TimedSinewave.xml
----------------- Instantiating /home/travis/build/icyphy/ptII/ptolemy/actor/lib/test/auto/TimedSinewave.xml
30 ms. Memory: 399360K Free: 295953K (74%)
----------------- Invoking toplevel() on ptolemy.moml.MoMLSimpleApplication@25468300
----------------- Done invoking toplevel() on ptolemy.moml.MoMLSimpleApplication@25468300
reloadAllAccessors: .TimedSinewave

===========================================================================================
----------------- testing Sun Aug 04 05:23:36 UTC 2019 /home/travis/build/icyphy/ptII/ptolemy/actor/lib/test/auto/TimedSinewavePhase.xml
----------------- Instantiating /home/travis/build/icyphy/ptII/ptolemy/actor/lib/test/auto/TimedSinewavePhase.xml
10 ms. Memory: 399360K Free: 286223K (72%)
----------------- Invoking toplevel() on ptolemy.moml.MoMLSimpleApplication@6774a03
----------------- Done invoking toplevel() on ptolemy.moml.MoMLSimpleApplication@6774a03
reloadAllAccessors: .TimedSinewavePhase

===========================================================================================
----------------- testing Sun Aug 04 05:23:36 UTC 2019 /home/travis/build/icyphy/ptII/ptolemy/actor/lib/test/auto/Timer.xml
----------------- Instantiating /home/travis/build/icyphy/ptII/ptolemy/actor/lib/test/auto/Timer.xml
2 ms. Memory: 399360K Free: 280593K (70%)
----------------- Invoking toplevel() on ptolemy.moml.MoMLSimpleApplication@70b04ffa
----------------- Done invoking toplevel() on ptolemy.moml.MoMLSimpleApplication@70b04ffa
reloadAllAccessors: .Timer

===========================================================================================
----------------- testing Sun Aug 04 05:23:36 UTC 2019 /home/travis/build/icyphy/ptII/ptolemy/actor/lib/test/auto/TriangularDistTestModel.xml
----------------- Instantiating /home/travis/build/icyphy/ptII/ptolemy/actor/lib/test/auto/TriangularDistTestModel.xml
2 ms. Memory: 399360K Free: 274929K (69%)
----------------- Invoking toplevel() on ptolemy.moml.MoMLSimpleApplication@60abb132
----------------- Done invoking toplevel() on ptolemy.moml.MoMLSimpleApplication@60abb132
reloadAllAccessors: .TriangularDistTestModel

===========================================================================================
----------------- testing Sun Aug 04 05:23:36 UTC 2019 /home/travis/build/icyphy/ptII/ptolemy/actor/lib/test/auto/TrigFunction.xml
----------------- Instantiating /home/travis/build/icyphy/ptII/ptolemy/actor/lib/test/auto/TrigFunction.xml
3 ms. Memory: 399360K Free: 269839K (68%)
----------------- Invoking toplevel() on ptolemy.moml.MoMLSimpleApplication@1d979491
----------------- Done invoking toplevel() on ptolemy.moml.MoMLSimpleApplication@1d979491
reloadAllAccessors: .TrigFunction

===========================================================================================
----------------- testing Sun Aug 04 05:23:36 UTC 2019 /home/travis/build/icyphy/ptII/ptolemy/actor/lib/test/auto/TrigFunctionDE.xml
----------------- Instantiating /home/travis/build/icyphy/ptII/ptolemy/actor/lib/test/auto/TrigFunctionDE.xml
2 ms. Memory: 399360K Free: 264209K (66%)
----------------- Invoking toplevel() on ptolemy.moml.MoMLSimpleApplication@90a4934
----------------- Done invoking toplevel() on ptolemy.moml.MoMLSimpleApplication@90a4934
reloadAllAccessors: .TrigFunctionDE

===========================================================================================
----------------- testing Sun Aug 04 05:23:36 UTC 2019 /home/travis/build/icyphy/ptII/ptolemy/actor/lib/test/auto/TrigFunctionInverse.xml
----------------- Instantiating /home/travis/build/icyphy/ptII/ptolemy/actor/lib/test/auto/TrigFunctionInverse.xml
3 ms. Memory: 399360K Free: 259089K (65%)
----------------- Invoking toplevel() on ptolemy.moml.MoMLSimpleApplication@751572c3
----------------- Done invoking toplevel() on ptolemy.moml.MoMLSimpleApplication@751572c3
reloadAllAccessors: .TrigFunctionInverse

===========================================================================================
----------------- testing Sun Aug 04 05:23:36 UTC 2019 /home/travis/build/icyphy/ptII/ptolemy/actor/lib/test/auto/TrigFunctionTan.xml
----------------- Instantiating /home/travis/build/icyphy/ptII/ptolemy/actor/lib/test/auto/TrigFunctionTan.xml
1 ms. Memory: 399360K Free: 254479K (64%)
----------------- Invoking toplevel() on ptolemy.moml.MoMLSimpleApplication@4993596c
----------------- Done invoking toplevel() on ptolemy.moml.MoMLSimpleApplication@4993596c
reloadAllAccessors: .TrigFunctionTan

===========================================================================================
----------------- testing Sun Aug 04 05:23:36 UTC 2019 /home/travis/build/icyphy/ptII/ptolemy/actor/lib/test/auto/TriggeredClock.xml
----------------- Instantiating /home/travis/build/icyphy/ptII/ptolemy/actor/lib/test/auto/TriggeredClock.xml
1 ms. Memory: 399360K Free: 248849K (62%)
----------------- Invoking toplevel() on ptolemy.moml.MoMLSimpleApplication@5ef9605f
----------------- Done invoking toplevel() on ptolemy.moml.MoMLSimpleApplication@5ef9605f
reloadAllAccessors: .TriggeredClock

===========================================================================================
----------------- testing Sun Aug 04 05:23:36 UTC 2019 /home/travis/build/icyphy/ptII/ptolemy/actor/lib/test/auto/URLDirectoryReader.xml
----------------- Instantiating /home/travis/build/icyphy/ptII/ptolemy/actor/lib/test/auto/URLDirectoryReader.xml
48 ms. Memory: 399360K Free: 239633K (60%)
----------------- Invoking toplevel() on ptolemy.moml.MoMLSimpleApplication@2c2927c0
----------------- Done invoking toplevel() on ptolemy.moml.MoMLSimpleApplication@2c2927c0
reloadAllAccessors: .URLDirectoryReader

===========================================================================================
----------------- testing Sun Aug 04 05:23:36 UTC 2019 /home/travis/build/icyphy/ptII/ptolemy/actor/lib/test/auto/URLDirectoryReader3.xml
----------------- Instantiating /home/travis/build/icyphy/ptII/ptolemy/actor/lib/test/auto/URLDirectoryReader3.xml
1122 ms. Memory: 399360K Free: 341401K (85%)
----------------- Invoking toplevel() on ptolemy.moml.MoMLSimpleApplication@3e3d5e43
----------------- Done invoking toplevel() on ptolemy.moml.MoMLSimpleApplication@3e3d5e43
reloadAllAccessors: .URLDirectoryReader3

===========================================================================================
----------------- testing Sun Aug 04 05:23:37 UTC 2019 /home/travis/build/icyphy/ptII/ptolemy/actor/lib/test/auto/UnaryMathFunction.xml
----------------- Instantiating /home/travis/build/icyphy/ptII/ptolemy/actor/lib/test/auto/UnaryMathFunction.xml
3 ms. Memory: 399360K Free: 333648K (84%)
----------------- Invoking toplevel() on ptolemy.moml.MoMLSimpleApplication@448e7457
----------------- Done invoking toplevel() on ptolemy.moml.MoMLSimpleApplication@448e7457
reloadAllAccessors: .UnaryMathFunction

===========================================================================================
----------------- testing Sun Aug 04 05:23:37 UTC 2019 /home/travis/build/icyphy/ptII/ptolemy/actor/lib/test/auto/Uniform.xml
----------------- Instantiating /home/travis/build/icyphy/ptII/ptolemy/actor/lib/test/auto/Uniform.xml
5 ms. Memory: 399360K Free: 329038K (82%)
----------------- Invoking toplevel() on ptolemy.moml.MoMLSimpleApplication@11b57ea1
----------------- Done invoking toplevel() on ptolemy.moml.MoMLSimpleApplication@11b57ea1
reloadAllAccessors: .Uniform

===========================================================================================
----------------- testing Sun Aug 04 05:23:37 UTC 2019 /home/travis/build/icyphy/ptII/ptolemy/actor/lib/test/auto/UnionDisassemblerTest.xml
----------------- Instantiating /home/travis/build/icyphy/ptII/ptolemy/actor/lib/test/auto/UnionDisassemblerTest.xml
17 ms. Memory: 399360K Free: 324942K (81%)
----------------- Invoking toplevel() on ptolemy.moml.MoMLSimpleApplication@68880ca5
----------------- Done invoking toplevel() on ptolemy.moml.MoMLSimpleApplication@68880ca5
reloadAllAccessors: .UnionDisassemblerTest

===========================================================================================
----------------- testing Sun Aug 04 05:23:37 UTC 2019 /home/travis/build/icyphy/ptII/ptolemy/actor/lib/test/auto/UtilityFunctions.xml
----------------- Instantiating /home/travis/build/icyphy/ptII/ptolemy/actor/lib/test/auto/UtilityFunctions.xml
1 ms. Memory: 399360K Free: 320846K (80%)
----------------- Invoking toplevel() on ptolemy.moml.MoMLSimpleApplication@30da5db1
----------------- Done invoking toplevel() on ptolemy.moml.MoMLSimpleApplication@30da5db1
reloadAllAccessors: .UtilityFunctions

===========================================================================================
----------------- testing Sun Aug 04 05:23:37 UTC 2019 /home/travis/build/icyphy/ptII/ptolemy/actor/lib/test/auto/VariableSleep.xml
----------------- Instantiating /home/travis/build/icyphy/ptII/ptolemy/actor/lib/test/auto/VariableSleep.xml
503 ms. Memory: 399360K Free: 315726K (79%)
----------------- Invoking toplevel() on ptolemy.moml.MoMLSimpleApplication@723e9cd0
----------------- Done invoking toplevel() on ptolemy.moml.MoMLSimpleApplication@723e9cd0
reloadAllAccessors: .VariableSleep

===========================================================================================
----------------- testing Sun Aug 04 05:23:38 UTC 2019 /home/travis/build/icyphy/ptII/ptolemy/actor/lib/test/auto/VectorAssemblerDisassemblerCT.xml
----------------- Instantiating /home/travis/build/icyphy/ptII/ptolemy/actor/lib/test/auto/VectorAssemblerDisassemblerCT.xml
86 ms. Memory: 399360K Free: 295246K (74%)
----------------- Invoking toplevel() on ptolemy.moml.MoMLSimpleApplication@474dbbda
----------------- Done invoking toplevel() on ptolemy.moml.MoMLSimpleApplication@474dbbda
reloadAllAccessors: .VectorAssemblerDisassemblerCT

===========================================================================================
----------------- testing Sun Aug 04 05:23:38 UTC 2019 /home/travis/build/icyphy/ptII/ptolemy/actor/lib/test/auto/VectorAssemblerDisassemblerDE.xml
----------------- Instantiating /home/travis/build/icyphy/ptII/ptolemy/actor/lib/test/auto/VectorAssemblerDisassemblerDE.xml
3 ms. Memory: 399360K Free: 288078K (72%)
----------------- Invoking toplevel() on ptolemy.moml.MoMLSimpleApplication@527d75b
----------------- Done invoking toplevel() on ptolemy.moml.MoMLSimpleApplication@527d75b
reloadAllAccessors: .VectorAssemblerDisassemblerDE

===========================================================================================
----------------- testing Sun Aug 04 05:23:38 UTC 2019 /home/travis/build/icyphy/ptII/ptolemy/actor/lib/test/auto/VectorAssemblerDisassemblerSDF.xml
----------------- Instantiating /home/travis/build/icyphy/ptII/ptolemy/actor/lib/test/auto/VectorAssemblerDisassemblerSDF.xml
3 ms. Memory: 399360K Free: 281424K (70%)
----------------- Invoking toplevel() on ptolemy.moml.MoMLSimpleApplication@22fd67ee
----------------- Done invoking toplevel() on ptolemy.moml.MoMLSimpleApplication@22fd67ee
reloadAllAccessors: .VectorAssemblerDisassemblerSDF

===========================================================================================
----------------- testing Sun Aug 04 05:23:38 UTC 2019 /home/travis/build/icyphy/ptII/ptolemy/actor/lib/test/auto/WallClockTime.xml
----------------- Instantiating /home/travis/build/icyphy/ptII/ptolemy/actor/lib/test/auto/WallClockTime.xml
1006 ms. Memory: 399360K Free: 275790K (69%)
----------------- Invoking toplevel() on ptolemy.moml.MoMLSimpleApplication@18407bc9
----------------- Done invoking toplevel() on ptolemy.moml.MoMLSimpleApplication@18407bc9
reloadAllAccessors: .WallClockTime

===========================================================================================
----------------- testing Sun Aug 04 05:23:39 UTC 2019 /home/travis/build/icyphy/ptII/ptolemy/actor/lib/test/auto/WidthTestWithSubscriberPublisher.xml
----------------- Instantiating /home/travis/build/icyphy/ptII/ptolemy/actor/lib/test/auto/WidthTestWithSubscriberPublisher.xml
7 ms. Memory: 399360K Free: 257872K (65%)
----------------- Invoking toplevel() on ptolemy.moml.MoMLSimpleApplication@1feae6ad
----------------- Done invoking toplevel() on ptolemy.moml.MoMLSimpleApplication@1feae6ad
reloadAllAccessors: .WidthTestWithSubscriberPublisher

===========================================================================================
----------------- testing Sun Aug 04 05:23:39 UTC 2019 /home/travis/build/icyphy/ptII/ptolemy/actor/lib/test/auto/WidthTestWithSubscriberPublisher2.xml
----------------- Instantiating /home/travis/build/icyphy/ptII/ptolemy/actor/lib/test/auto/WidthTestWithSubscriberPublisher2.xml
2 ms. Memory: 399360K Free: 250704K (63%)
----------------- Invoking toplevel() on ptolemy.moml.MoMLSimpleApplication@22f4eb06
----------------- Done invoking toplevel() on ptolemy.moml.MoMLSimpleApplication@22f4eb06
reloadAllAccessors: .WidthTestWithSubscriberPublisher2

===========================================================================================
----------------- testing Sun Aug 04 05:23:39 UTC 2019 /home/travis/build/icyphy/ptII/ptolemy/actor/lib/test/auto/WidthTestWithSubscriberPublisher3.xml
----------------- Instantiating /home/travis/build/icyphy/ptII/ptolemy/actor/lib/test/auto/WidthTestWithSubscriberPublisher3.xml
2 ms. Memory: 399360K Free: 244560K (61%)
----------------- Invoking toplevel() on ptolemy.moml.MoMLSimpleApplication@1d68f6f0
----------------- Done invoking toplevel() on ptolemy.moml.MoMLSimpleApplication@1d68f6f0
reloadAllAccessors: .WidthTestWithSubscriberPublisher3

===========================================================================================
----------------- testing Sun Aug 04 05:23:39 UTC 2019 /home/travis/build/icyphy/ptII/ptolemy/actor/lib/test/auto/Writer.xml
----------------- Instantiating /home/travis/build/icyphy/ptII/ptolemy/actor/lib/test/auto/Writer.xml
0
1
2
3
4
2 ms. Memory: 399360K Free: 240464K (60%)
----------------- Invoking toplevel() on ptolemy.moml.MoMLSimpleApplication@24df878e
----------------- Done invoking toplevel() on ptolemy.moml.MoMLSimpleApplication@24df878e
reloadAllAccessors: .Writer

===========================================================================================
----------------- testing Sun Aug 04 05:23:39 UTC 2019 /home/travis/build/icyphy/ptII/ptolemy/actor/lib/test/auto/array.xml
----------------- Instantiating /home/travis/build/icyphy/ptII/ptolemy/actor/lib/test/auto/array.xml
7 ms. Memory: 399360K Free: 235854K (59%)
----------------- Invoking toplevel() on ptolemy.moml.MoMLSimpleApplication@22b38875
----------------- Done invoking toplevel() on ptolemy.moml.MoMLSimpleApplication@22b38875
reloadAllAccessors: .array

===========================================================================================
----------------- testing Sun Aug 04 05:23:39 UTC 2019 /home/travis/build/icyphy/ptII/ptolemy/actor/lib/test/auto/array2.xml
----------------- Instantiating /home/travis/build/icyphy/ptII/ptolemy/actor/lib/test/auto/array2.xml
6 ms. Memory: 399360K Free: 230720K (58%)
----------------- Invoking toplevel() on ptolemy.moml.MoMLSimpleApplication@6718e8eb
----------------- Done invoking toplevel() on ptolemy.moml.MoMLSimpleApplication@6718e8eb
reloadAllAccessors: .array2

===========================================================================================
----------------- testing Sun Aug 04 05:23:39 UTC 2019 /home/travis/build/icyphy/ptII/ptolemy/actor/lib/test/auto/arrayType.xml
----------------- Instantiating /home/travis/build/icyphy/ptII/ptolemy/actor/lib/test/auto/arrayType.xml
2 ms. Memory: 399360K Free: 225614K (56%)
----------------- Invoking toplevel() on ptolemy.moml.MoMLSimpleApplication@341ceb24
----------------- Done invoking toplevel() on ptolemy.moml.MoMLSimpleApplication@341ceb24
reloadAllAccessors: .arrayType

===========================================================================================
----------------- testing Sun Aug 04 05:23:39 UTC 2019 /home/travis/build/icyphy/ptII/ptolemy/actor/lib/test/auto/arrayType10.xml
----------------- Instantiating /home/travis/build/icyphy/ptII/ptolemy/actor/lib/test/auto/arrayType10.xml
2 ms. Memory: 399360K Free: 221008K (55%)
----------------- Invoking toplevel() on ptolemy.moml.MoMLSimpleApplication@2db41ec3
----------------- Done invoking toplevel() on ptolemy.moml.MoMLSimpleApplication@2db41ec3
reloadAllAccessors: .arrayType10

===========================================================================================
----------------- testing Sun Aug 04 05:23:39 UTC 2019 /home/travis/build/icyphy/ptII/ptolemy/actor/lib/test/auto/arrayType11.xml
----------------- Instantiating /home/travis/build/icyphy/ptII/ptolemy/actor/lib/test/auto/arrayType11.xml
2 ms. Memory: 399360K Free: 215888K (54%)
----------------- Invoking toplevel() on ptolemy.moml.MoMLSimpleApplication@3c3fd140
----------------- Done invoking toplevel() on ptolemy.moml.MoMLSimpleApplication@3c3fd140
reloadAllAccessors: .arrayType11

===========================================================================================
----------------- testing Sun Aug 04 05:23:39 UTC 2019 /home/travis/build/icyphy/ptII/ptolemy/actor/lib/test/auto/arrayType12.xml
----------------- Instantiating /home/travis/build/icyphy/ptII/ptolemy/actor/lib/test/auto/arrayType12.xml
2 ms. Memory: 399360K Free: 211278K (53%)
----------------- Invoking toplevel() on ptolemy.moml.MoMLSimpleApplication@20a690ab
----------------- Done invoking toplevel() on ptolemy.moml.MoMLSimpleApplication@20a690ab
reloadAllAccessors: .arrayType12

===========================================================================================
----------------- testing Sun Aug 04 05:23:39 UTC 2019 /home/travis/build/icyphy/ptII/ptolemy/actor/lib/test/auto/arrayType13.xml
----------------- Instantiating /home/travis/build/icyphy/ptII/ptolemy/actor/lib/test/auto/arrayType13.xml
2 ms. Memory: 399360K Free: 206158K (52%)
----------------- Invoking toplevel() on ptolemy.moml.MoMLSimpleApplication@4798b1e3
----------------- Done invoking toplevel() on ptolemy.moml.MoMLSimpleApplication@4798b1e3
reloadAllAccessors: .arrayType13

===========================================================================================
----------------- testing Sun Aug 04 05:23:39 UTC 2019 /home/travis/build/icyphy/ptII/ptolemy/actor/lib/test/auto/arrayType14.xml
----------------- Instantiating /home/travis/build/icyphy/ptII/ptolemy/actor/lib/test/auto/arrayType14.xml
2 ms. Memory: 399360K Free: 200528K (50%)
----------------- Invoking toplevel() on ptolemy.moml.MoMLSimpleApplication@57f8a898
----------------- Done invoking toplevel() on ptolemy.moml.MoMLSimpleApplication@57f8a898
reloadAllAccessors: .arrayType14

===========================================================================================
----------------- testing Sun Aug 04 05:23:39 UTC 2019 /home/travis/build/icyphy/ptII/ptolemy/actor/lib/test/auto/arrayType15.xml
----------------- Instantiating /home/travis/build/icyphy/ptII/ptolemy/actor/lib/test/auto/arrayType15.xml
6 ms. Memory: 399360K Free: 195408K (49%)
----------------- Invoking toplevel() on ptolemy.moml.MoMLSimpleApplication@507c632d
----------------- Done invoking toplevel() on ptolemy.moml.MoMLSimpleApplication@507c632d
reloadAllAccessors: .arrayType15

===========================================================================================
----------------- testing Sun Aug 04 05:23:39 UTC 2019 /home/travis/build/icyphy/ptII/ptolemy/actor/lib/test/auto/arrayType16.xml
----------------- Instantiating /home/travis/build/icyphy/ptII/ptolemy/actor/lib/test/auto/arrayType16.xml
2 ms. Memory: 399360K Free: 190288K (48%)
----------------- Invoking toplevel() on ptolemy.moml.MoMLSimpleApplication@22d43945
----------------- Done invoking toplevel() on ptolemy.moml.MoMLSimpleApplication@22d43945
reloadAllAccessors: .arrayType16

===========================================================================================
----------------- testing Sun Aug 04 05:23:39 UTC 2019 /home/travis/build/icyphy/ptII/ptolemy/actor/lib/test/auto/arrayType17.xml
----------------- Instantiating /home/travis/build/icyphy/ptII/ptolemy/actor/lib/test/auto/arrayType17.xml
2 ms. Memory: 399360K Free: 184654K (46%)
----------------- Invoking toplevel() on ptolemy.moml.MoMLSimpleApplication@646c10df
----------------- Done invoking toplevel() on ptolemy.moml.MoMLSimpleApplication@646c10df
reloadAllAccessors: .arrayType17

===========================================================================================
----------------- testing Sun Aug 04 05:23:39 UTC 2019 /home/travis/build/icyphy/ptII/ptolemy/actor/lib/test/auto/arrayType18.xml
----------------- Instantiating /home/travis/build/icyphy/ptII/ptolemy/actor/lib/test/auto/arrayType18.xml
1 ms. Memory: 399360K Free: 180048K (45%)
----------------- Invoking toplevel() on ptolemy.moml.MoMLSimpleApplication@4b60eb81
----------------- Done invoking toplevel() on ptolemy.moml.MoMLSimpleApplication@4b60eb81
reloadAllAccessors: .arrayType18

===========================================================================================
----------------- testing Sun Aug 04 05:23:39 UTC 2019 /home/travis/build/icyphy/ptII/ptolemy/actor/lib/test/auto/arrayType19.xml
----------------- Instantiating /home/travis/build/icyphy/ptII/ptolemy/actor/lib/test/auto/arrayType19.xml
1 ms. Memory: 399360K Free: 175438K (44%)
----------------- Invoking toplevel() on ptolemy.moml.MoMLSimpleApplication@15d23b2c
----------------- Done invoking toplevel() on ptolemy.moml.MoMLSimpleApplication@15d23b2c
reloadAllAccessors: .arrayType19

===========================================================================================
----------------- testing Sun Aug 04 05:23:40 UTC 2019 /home/travis/build/icyphy/ptII/ptolemy/actor/lib/test/auto/arrayType2.xml
----------------- Instantiating /home/travis/build/icyphy/ptII/ptolemy/actor/lib/test/auto/arrayType2.xml
2 ms. Memory: 399360K Free: 169808K (43%)
----------------- Invoking toplevel() on ptolemy.moml.MoMLSimpleApplication@1be61659
----------------- Done invoking toplevel() on ptolemy.moml.MoMLSimpleApplication@1be61659
reloadAllAccessors: .arrayType2

===========================================================================================
----------------- testing Sun Aug 04 05:23:40 UTC 2019 /home/travis/build/icyphy/ptII/ptolemy/actor/lib/test/auto/arrayType20.xml
----------------- Instantiating /home/travis/build/icyphy/ptII/ptolemy/actor/lib/test/auto/arrayType20.xml
2 ms. Memory: 399360K Free: 165198K (41%)
----------------- Invoking toplevel() on ptolemy.moml.MoMLSimpleApplication@f185cfd
----------------- Done invoking toplevel() on ptolemy.moml.MoMLSimpleApplication@f185cfd
reloadAllAccessors: .arrayType20

===========================================================================================
----------------- testing Sun Aug 04 05:23:40 UTC 2019 /home/travis/build/icyphy/ptII/ptolemy/actor/lib/test/auto/arrayType21.xml
----------------- Instantiating /home/travis/build/icyphy/ptII/ptolemy/actor/lib/test/auto/arrayType21.xml
2 ms. Memory: 399360K Free: 160592K (40%)
----------------- Invoking toplevel() on ptolemy.moml.MoMLSimpleApplication@68c7245
----------------- Done invoking toplevel() on ptolemy.moml.MoMLSimpleApplication@68c7245
reloadAllAccessors: .arrayType21

===========================================================================================
----------------- testing Sun Aug 04 05:23:40 UTC 2019 /home/travis/build/icyphy/ptII/ptolemy/actor/lib/test/auto/arrayType22.xml
----------------- Instantiating /home/travis/build/icyphy/ptII/ptolemy/actor/lib/test/auto/arrayType22.xml
1 ms. Memory: 399360K Free: 155472K (39%)
----------------- Invoking toplevel() on ptolemy.moml.MoMLSimpleApplication@30acc7f6
----------------- Done invoking toplevel() on ptolemy.moml.MoMLSimpleApplication@30acc7f6
reloadAllAccessors: .arrayType22

===========================================================================================
----------------- testing Sun Aug 04 05:23:40 UTC 2019 /home/travis/build/icyphy/ptII/ptolemy/actor/lib/test/auto/arrayType23.xml
----------------- Instantiating /home/travis/build/icyphy/ptII/ptolemy/actor/lib/test/auto/arrayType23.xml
1 ms. Memory: 399360K Free: 150862K (38%)
----------------- Invoking toplevel() on ptolemy.moml.MoMLSimpleApplication@503c574e
----------------- Done invoking toplevel() on ptolemy.moml.MoMLSimpleApplication@503c574e
reloadAllAccessors: .arrayType23

===========================================================================================
----------------- testing Sun Aug 04 05:23:40 UTC 2019 /home/travis/build/icyphy/ptII/ptolemy/actor/lib/test/auto/arrayType24.xml
----------------- Instantiating /home/travis/build/icyphy/ptII/ptolemy/actor/lib/test/auto/arrayType24.xml
4 ms. Memory: 399360K Free: 145742K (36%)
----------------- Invoking toplevel() on ptolemy.moml.MoMLSimpleApplication@59e815c
----------------- Done invoking toplevel() on ptolemy.moml.MoMLSimpleApplication@59e815c
reloadAllAccessors: .arrayType24

===========================================================================================
----------------- testing Sun Aug 04 05:23:40 UTC 2019 /home/travis/build/icyphy/ptII/ptolemy/actor/lib/test/auto/arrayType25.xml
----------------- Instantiating /home/travis/build/icyphy/ptII/ptolemy/actor/lib/test/auto/arrayType25.xml
1 ms. Memory: 399360K Free: 140112K (35%)
----------------- Invoking toplevel() on ptolemy.moml.MoMLSimpleApplication@6d145af0
----------------- Done invoking toplevel() on ptolemy.moml.MoMLSimpleApplication@6d145af0
reloadAllAccessors: .arrayType25

===========================================================================================
----------------- testing Sun Aug 04 05:23:40 UTC 2019 /home/travis/build/icyphy/ptII/ptolemy/actor/lib/test/auto/arrayType26.xml
----------------- Instantiating /home/travis/build/icyphy/ptII/ptolemy/actor/lib/test/auto/arrayType26.xml
3 ms. Memory: 399360K Free: 134992K (34%)
----------------- Invoking toplevel() on ptolemy.moml.MoMLSimpleApplication@45c4857
----------------- Done invoking toplevel() on ptolemy.moml.MoMLSimpleApplication@45c4857
reloadAllAccessors: .arrayType26

===========================================================================================
----------------- testing Sun Aug 04 05:23:40 UTC 2019 /home/travis/build/icyphy/ptII/ptolemy/actor/lib/test/auto/arrayType27.xml
----------------- Instantiating /home/travis/build/icyphy/ptII/ptolemy/actor/lib/test/auto/arrayType27.xml
2 ms. Memory: 399360K Free: 129358K (32%)
----------------- Invoking toplevel() on ptolemy.moml.MoMLSimpleApplication@49396cdf
----------------- Done invoking toplevel() on ptolemy.moml.MoMLSimpleApplication@49396cdf
reloadAllAccessors: .arrayType27

===========================================================================================
----------------- testing Sun Aug 04 05:23:40 UTC 2019 /home/travis/build/icyphy/ptII/ptolemy/actor/lib/test/auto/arrayType28.xml
----------------- Instantiating /home/travis/build/icyphy/ptII/ptolemy/actor/lib/test/auto/arrayType28.xml
6 ms. Memory: 399360K Free: 124238K (31%)
----------------- Invoking toplevel() on ptolemy.moml.MoMLSimpleApplication@724ad146
----------------- Done invoking toplevel() on ptolemy.moml.MoMLSimpleApplication@724ad146
reloadAllAccessors: .arrayType28

===========================================================================================
----------------- testing Sun Aug 04 05:23:40 UTC 2019 /home/travis/build/icyphy/ptII/ptolemy/actor/lib/test/auto/arrayType3.xml
----------------- Instantiating /home/travis/build/icyphy/ptII/ptolemy/actor/lib/test/auto/arrayType3.xml
1 ms. Memory: 399360K Free: 119118K (30%)
----------------- Invoking toplevel() on ptolemy.moml.MoMLSimpleApplication@67f9c45f
----------------- Done invoking toplevel() on ptolemy.moml.MoMLSimpleApplication@67f9c45f
reloadAllAccessors: .arrayType3

===========================================================================================
----------------- testing Sun Aug 04 05:23:40 UTC 2019 /home/travis/build/icyphy/ptII/ptolemy/actor/lib/test/auto/arrayType4.xml
----------------- Instantiating /home/travis/build/icyphy/ptII/ptolemy/actor/lib/test/auto/arrayType4.xml
2 ms. Memory: 399360K Free: 113488K (28%)
----------------- Invoking toplevel() on ptolemy.moml.MoMLSimpleApplication@76e95c06
----------------- Done invoking toplevel() on ptolemy.moml.MoMLSimpleApplication@76e95c06
reloadAllAccessors: .arrayType4

===========================================================================================
----------------- testing Sun Aug 04 05:23:40 UTC 2019 /home/travis/build/icyphy/ptII/ptolemy/actor/lib/test/auto/arrayType5.xml
----------------- Instantiating /home/travis/build/icyphy/ptII/ptolemy/actor/lib/test/auto/arrayType5.xml
3 ms. Memory: 399360K Free: 342186K (86%)
----------------- Invoking toplevel() on ptolemy.moml.MoMLSimpleApplication@643b86aa
----------------- Done invoking toplevel() on ptolemy.moml.MoMLSimpleApplication@643b86aa
reloadAllAccessors: .arrayType5

===========================================================================================
----------------- testing Sun Aug 04 05:23:40 UTC 2019 /home/travis/build/icyphy/ptII/ptolemy/actor/lib/test/auto/arrayType6.xml
----------------- Instantiating /home/travis/build/icyphy/ptII/ptolemy/actor/lib/test/auto/arrayType6.xml
1 ms. Memory: 399360K Free: 337066K (84%)
----------------- Invoking toplevel() on ptolemy.moml.MoMLSimpleApplication@3eb8e4f7
----------------- Done invoking toplevel() on ptolemy.moml.MoMLSimpleApplication@3eb8e4f7
reloadAllAccessors: .arrayType6

===========================================================================================
----------------- testing Sun Aug 04 05:23:40 UTC 2019 /home/travis/build/icyphy/ptII/ptolemy/actor/lib/test/auto/arrayType7.xml
----------------- Instantiating /home/travis/build/icyphy/ptII/ptolemy/actor/lib/test/auto/arrayType7.xml
2 ms. Memory: 399360K Free: 332460K (83%)
----------------- Invoking toplevel() on ptolemy.moml.MoMLSimpleApplication@5a19cde2
----------------- Done invoking toplevel() on ptolemy.moml.MoMLSimpleApplication@5a19cde2
reloadAllAccessors: .arrayType7

===========================================================================================
----------------- testing Sun Aug 04 05:23:40 UTC 2019 /home/travis/build/icyphy/ptII/ptolemy/actor/lib/test/auto/arrayType8.xml
----------------- Instantiating /home/travis/build/icyphy/ptII/ptolemy/actor/lib/test/auto/arrayType8.xml
8 ms. Memory: 399360K Free: 327850K (82%)
----------------- Invoking toplevel() on ptolemy.moml.MoMLSimpleApplication@78d2b8a9
----------------- Done invoking toplevel() on ptolemy.moml.MoMLSimpleApplication@78d2b8a9
reloadAllAccessors: .arrayType8

===========================================================================================
----------------- testing Sun Aug 04 05:23:40 UTC 2019 /home/travis/build/icyphy/ptII/ptolemy/actor/lib/test/auto/arrayType9.xml
----------------- Instantiating /home/travis/build/icyphy/ptII/ptolemy/actor/lib/test/auto/arrayType9.xml
2 ms. Memory: 399360K Free: 322730K (81%)
----------------- Invoking toplevel() on ptolemy.moml.MoMLSimpleApplication@1fa059f9
----------------- Done invoking toplevel() on ptolemy.moml.MoMLSimpleApplication@1fa059f9
reloadAllAccessors: .arrayType9

===========================================================================================
----------------- testing Sun Aug 04 05:23:40 UTC 2019 /home/travis/build/icyphy/ptII/ptolemy/actor/lib/test/auto/cast.xml
----------------- Instantiating /home/travis/build/icyphy/ptII/ptolemy/actor/lib/test/auto/cast.xml
3 ms. Memory: 399360K Free: 318124K (80%)
----------------- Invoking toplevel() on ptolemy.moml.MoMLSimpleApplication@4bce5aaa
----------------- Done invoking toplevel() on ptolemy.moml.MoMLSimpleApplication@4bce5aaa
reloadAllAccessors: .cast

===========================================================================================
----------------- testing Sun Aug 04 05:23:40 UTC 2019 /home/travis/build/icyphy/ptII/ptolemy/actor/lib/test/auto/compositeMultiPort.xml
----------------- Instantiating /home/travis/build/icyphy/ptII/ptolemy/actor/lib/test/auto/compositeMultiPort.xml
3 ms. Memory: 399360K Free: 308908K (77%)
----------------- Invoking toplevel() on ptolemy.moml.MoMLSimpleApplication@1a9f9bd1
----------------- Done invoking toplevel() on ptolemy.moml.MoMLSimpleApplication@1a9f9bd1
reloadAllAccessors: .compositeMultiPort

===========================================================================================
----------------- testing Sun Aug 04 05:23:40 UTC 2019 /home/travis/build/icyphy/ptII/ptolemy/actor/lib/test/auto/expressionCastInference.xml
----------------- Instantiating /home/travis/build/icyphy/ptII/ptolemy/actor/lib/test/auto/expressionCastInference.xml
2 ms. Memory: 399360K Free: 304298K (76%)
----------------- Invoking toplevel() on ptolemy.moml.MoMLSimpleApplication@745623e7
----------------- Done invoking toplevel() on ptolemy.moml.MoMLSimpleApplication@745623e7
reloadAllAccessors: .expressionCastInference

===========================================================================================
----------------- testing Sun Aug 04 05:23:40 UTC 2019 /home/travis/build/icyphy/ptII/ptolemy/actor/lib/test/auto/expressionCastInference2.xml
----------------- Instantiating /home/travis/build/icyphy/ptII/ptolemy/actor/lib/test/auto/expressionCastInference2.xml
2 ms. Memory: 399360K Free: 299692K (75%)
----------------- Invoking toplevel() on ptolemy.moml.MoMLSimpleApplication@8465a44
----------------- Done invoking toplevel() on ptolemy.moml.MoMLSimpleApplication@8465a44
reloadAllAccessors: .expressionCastInference2

===========================================================================================
----------------- testing Sun Aug 04 05:23:40 UTC 2019 /home/travis/build/icyphy/ptII/ptolemy/actor/lib/test/auto/expressionInference.xml
----------------- Instantiating /home/travis/build/icyphy/ptII/ptolemy/actor/lib/test/auto/expressionInference.xml
5 ms. Memory: 399360K Free: 295082K (74%)
----------------- Invoking toplevel() on ptolemy.moml.MoMLSimpleApplication@54c5a683
----------------- Done invoking toplevel() on ptolemy.moml.MoMLSimpleApplication@54c5a683
reloadAllAccessors: .expressionInference

===========================================================================================
----------------- testing Sun Aug 04 05:23:40 UTC 2019 /home/travis/build/icyphy/ptII/ptolemy/actor/lib/test/auto/expression_bug.xml
----------------- Instantiating /home/travis/build/icyphy/ptII/ptolemy/actor/lib/test/auto/expression_bug.xml
2 ms. Memory: 399360K Free: 290986K (73%)
----------------- Invoking toplevel() on ptolemy.moml.MoMLSimpleApplication@10fbc5a5
----------------- Done invoking toplevel() on ptolemy.moml.MoMLSimpleApplication@10fbc5a5
reloadAllAccessors: .expression_bug

===========================================================================================
----------------- testing Sun Aug 04 05:23:40 UTC 2019 /home/travis/build/icyphy/ptII/ptolemy/actor/lib/test/auto/factorial.xml
----------------- Instantiating /home/travis/build/icyphy/ptII/ptolemy/actor/lib/test/auto/factorial.xml
64 ms. Memory: 399360K Free: 281770K (71%)
----------------- Invoking toplevel() on ptolemy.moml.MoMLSimpleApplication@4cff6a9f
----------------- Done invoking toplevel() on ptolemy.moml.MoMLSimpleApplication@4cff6a9f
reloadAllAccessors: .factorial

===========================================================================================
----------------- testing Sun Aug 04 05:23:40 UTC 2019 /home/travis/build/icyphy/ptII/ptolemy/actor/lib/test/auto/filterTest1.xml
----------------- Instantiating /home/travis/build/icyphy/ptII/ptolemy/actor/lib/test/auto/filterTest1.xml
4 ms. Memory: 399360K Free: 276140K (69%)
----------------- Invoking toplevel() on ptolemy.moml.MoMLSimpleApplication@2dfe4142
----------------- Done invoking toplevel() on ptolemy.moml.MoMLSimpleApplication@2dfe4142
reloadAllAccessors: .filterTest1

===========================================================================================
----------------- testing Sun Aug 04 05:23:40 UTC 2019 /home/travis/build/icyphy/ptII/ptolemy/actor/lib/test/auto/funcApplyInConst.xml
----------------- Instantiating /home/travis/build/icyphy/ptII/ptolemy/actor/lib/test/auto/funcApplyInConst.xml
1 ms. Memory: 399360K Free: 272044K (68%)
----------------- Invoking toplevel() on ptolemy.moml.MoMLSimpleApplication@104e5226
----------------- Done invoking toplevel() on ptolemy.moml.MoMLSimpleApplication@104e5226
reloadAllAccessors: .funcApplyInConst

===========================================================================================
----------------- testing Sun Aug 04 05:23:40 UTC 2019 /home/travis/build/icyphy/ptII/ptolemy/actor/lib/test/auto/funcApplyInExpr.xml
----------------- Instantiating /home/travis/build/icyphy/ptII/ptolemy/actor/lib/test/auto/funcApplyInExpr.xml
1 ms. Memory: 399360K Free: 268458K (67%)
----------------- Invoking toplevel() on ptolemy.moml.MoMLSimpleApplication@4aaacc14
----------------- Done invoking toplevel() on ptolemy.moml.MoMLSimpleApplication@4aaacc14
reloadAllAccessors: .funcApplyInExpr

===========================================================================================
----------------- testing Sun Aug 04 05:23:40 UTC 2019 /home/travis/build/icyphy/ptII/ptolemy/actor/lib/test/auto/function.xml
----------------- Instantiating /home/travis/build/icyphy/ptII/ptolemy/actor/lib/test/auto/function.xml
3 ms. Memory: 399360K Free: 263852K (66%)
----------------- Invoking toplevel() on ptolemy.moml.MoMLSimpleApplication@51f5ad95
----------------- Done invoking toplevel() on ptolemy.moml.MoMLSimpleApplication@51f5ad95
reloadAllAccessors: .function

===========================================================================================
----------------- testing Sun Aug 04 05:23:40 UTC 2019 /home/travis/build/icyphy/ptII/ptolemy/actor/lib/test/auto/function2.xml
----------------- Instantiating /home/travis/build/icyphy/ptII/ptolemy/actor/lib/test/auto/function2.xml
3 ms. Memory: 399360K Free: 258732K (65%)
----------------- Invoking toplevel() on ptolemy.moml.MoMLSimpleApplication@608bf8d4
----------------- Done invoking toplevel() on ptolemy.moml.MoMLSimpleApplication@608bf8d4
reloadAllAccessors: .function2

===========================================================================================
----------------- testing Sun Aug 04 05:23:40 UTC 2019 /home/travis/build/icyphy/ptII/ptolemy/actor/lib/test/auto/function3.xml
----------------- Instantiating /home/travis/build/icyphy/ptII/ptolemy/actor/lib/test/auto/function3.xml
1 ms. Memory: 399360K Free: 255146K (64%)
----------------- Invoking toplevel() on ptolemy.moml.MoMLSimpleApplication@68a3afd3
----------------- Done invoking toplevel() on ptolemy.moml.MoMLSimpleApplication@68a3afd3
reloadAllAccessors: .function3

===========================================================================================
----------------- testing Sun Aug 04 05:23:40 UTC 2019 /home/travis/build/icyphy/ptII/ptolemy/actor/lib/test/auto/functionClosureTest1.xml
----------------- Instantiating /home/travis/build/icyphy/ptII/ptolemy/actor/lib/test/auto/functionClosureTest1.xml
2 ms. Memory: 399360K Free: 248988K (62%)
----------------- Invoking toplevel() on ptolemy.moml.MoMLSimpleApplication@7993e4b4
----------------- Done invoking toplevel() on ptolemy.moml.MoMLSimpleApplication@7993e4b4
reloadAllAccessors: .functionClosureTest1

===========================================================================================
----------------- testing Sun Aug 04 05:23:40 UTC 2019 /home/travis/build/icyphy/ptII/ptolemy/actor/lib/test/auto/functionClosureTest2.xml
----------------- Instantiating /home/travis/build/icyphy/ptII/ptolemy/actor/lib/test/auto/functionClosureTest2.xml
2 ms. Memory: 399360K Free: 245420K (61%)
----------------- Invoking toplevel() on ptolemy.moml.MoMLSimpleApplication@17789445
----------------- Done invoking toplevel() on ptolemy.moml.MoMLSimpleApplication@17789445
reloadAllAccessors: .functionClosureTest2

===========================================================================================
----------------- testing Sun Aug 04 05:23:40 UTC 2019 /home/travis/build/icyphy/ptII/ptolemy/actor/lib/test/auto/functionClosureTest3.xml
----------------- Instantiating /home/travis/build/icyphy/ptII/ptolemy/actor/lib/test/auto/functionClosureTest3.xml
2 ms. Memory: 399360K Free: 239772K (60%)
----------------- Invoking toplevel() on ptolemy.moml.MoMLSimpleApplication@614828b1
----------------- Done invoking toplevel() on ptolemy.moml.MoMLSimpleApplication@614828b1
reloadAllAccessors: .functionClosureTest3

===========================================================================================
----------------- testing Sun Aug 04 05:23:40 UTC 2019 /home/travis/build/icyphy/ptII/ptolemy/actor/lib/test/auto/functionClosureTest4.xml
----------------- Instantiating /home/travis/build/icyphy/ptII/ptolemy/actor/lib/test/auto/functionClosureTest4.xml
21 ms. Memory: 399360K Free: 233642K (59%)
----------------- Invoking toplevel() on ptolemy.moml.MoMLSimpleApplication@455393
----------------- Done invoking toplevel() on ptolemy.moml.MoMLSimpleApplication@455393
reloadAllAccessors: .functionClosureTest4

===========================================================================================
----------------- testing Sun Aug 04 05:23:40 UTC 2019 /home/travis/build/icyphy/ptII/ptolemy/actor/lib/test/auto/functionClosureTest5.xml
----------------- Instantiating /home/travis/build/icyphy/ptII/ptolemy/actor/lib/test/auto/functionClosureTest5.xml
4 ms. Memory: 399360K Free: 228012K (57%)
----------------- Invoking toplevel() on ptolemy.moml.MoMLSimpleApplication@f9c5ce0
----------------- Done invoking toplevel() on ptolemy.moml.MoMLSimpleApplication@f9c5ce0
reloadAllAccessors: .functionClosureTest5

===========================================================================================
----------------- testing Sun Aug 04 05:23:40 UTC 2019 /home/travis/build/icyphy/ptII/ptolemy/actor/lib/test/auto/functionClosureTest6.xml
----------------- Instantiating /home/travis/build/icyphy/ptII/ptolemy/actor/lib/test/auto/functionClosureTest6.xml
2 ms. Memory: 399360K Free: 223402K (56%)
----------------- Invoking toplevel() on ptolemy.moml.MoMLSimpleApplication@5025d2f6
----------------- Done invoking toplevel() on ptolemy.moml.MoMLSimpleApplication@5025d2f6
reloadAllAccessors: .functionClosureTest6

===========================================================================================
----------------- testing Sun Aug 04 05:23:40 UTC 2019 /home/travis/build/icyphy/ptII/ptolemy/actor/lib/test/auto/functionsOnArcs.xml
----------------- Instantiating /home/travis/build/icyphy/ptII/ptolemy/actor/lib/test/auto/functionsOnArcs.xml
2 ms. Memory: 399360K Free: 218282K (55%)
----------------- Invoking toplevel() on ptolemy.moml.MoMLSimpleApplication@3c65814f
----------------- Done invoking toplevel() on ptolemy.moml.MoMLSimpleApplication@3c65814f
reloadAllAccessors: .functionsOnArcs

===========================================================================================
----------------- testing Sun Aug 04 05:23:40 UTC 2019 /home/travis/build/icyphy/ptII/ptolemy/actor/lib/test/auto/functionsOnArcsHOF.xml
----------------- Instantiating /home/travis/build/icyphy/ptII/ptolemy/actor/lib/test/auto/functionsOnArcsHOF.xml
4 ms. Memory: 399360K Free: 212138K (53%)
----------------- Invoking toplevel() on ptolemy.moml.MoMLSimpleApplication@4f53aa23
----------------- Done invoking toplevel() on ptolemy.moml.MoMLSimpleApplication@4f53aa23
reloadAllAccessors: .functionsOnArcsHOF

===========================================================================================
----------------- testing Sun Aug 04 05:23:40 UTC 2019 /home/travis/build/icyphy/ptII/ptolemy/actor/lib/test/auto/logic.xml
----------------- Instantiating /home/travis/build/icyphy/ptII/ptolemy/actor/lib/test/auto/logic.xml
3 ms. Memory: 399360K Free: 204970K (51%)
----------------- Invoking toplevel() on ptolemy.moml.MoMLSimpleApplication@e51904a
----------------- Done invoking toplevel() on ptolemy.moml.MoMLSimpleApplication@e51904a
reloadAllAccessors: .logic

===========================================================================================
----------------- testing Sun Aug 04 05:23:40 UTC 2019 /home/travis/build/icyphy/ptII/ptolemy/actor/lib/test/auto/matrixType.xml
----------------- Instantiating /home/travis/build/icyphy/ptII/ptolemy/actor/lib/test/auto/matrixType.xml
1 ms. Memory: 399360K Free: 199340K (50%)
----------------- Invoking toplevel() on ptolemy.moml.MoMLSimpleApplication@5127151a
----------------- Done invoking toplevel() on ptolemy.moml.MoMLSimpleApplication@5127151a
reloadAllAccessors: .matrixType

===========================================================================================
----------------- testing Sun Aug 04 05:23:40 UTC 2019 /home/travis/build/icyphy/ptII/ptolemy/actor/lib/test/auto/matrixType10.xml
----------------- Instantiating /home/travis/build/icyphy/ptII/ptolemy/actor/lib/test/auto/matrixType10.xml
2 ms. Memory: 399360K Free: 194730K (49%)
----------------- Invoking toplevel() on ptolemy.moml.MoMLSimpleApplication@7c1fefd3
----------------- Done invoking toplevel() on ptolemy.moml.MoMLSimpleApplication@7c1fefd3
reloadAllAccessors: .matrixType10

===========================================================================================
----------------- testing Sun Aug 04 05:23:40 UTC 2019 /home/travis/build/icyphy/ptII/ptolemy/actor/lib/test/auto/matrixType11.xml
----------------- Instantiating /home/travis/build/icyphy/ptII/ptolemy/actor/lib/test/auto/matrixType11.xml
1 ms. Memory: 399360K Free: 189610K (47%)
----------------- Invoking toplevel() on ptolemy.moml.MoMLSimpleApplication@2f5c4e0d
----------------- Done invoking toplevel() on ptolemy.moml.MoMLSimpleApplication@2f5c4e0d
reloadAllAccessors: .matrixType11

===========================================================================================
----------------- testing Sun Aug 04 05:23:40 UTC 2019 /home/travis/build/icyphy/ptII/ptolemy/actor/lib/test/auto/matrixType12.xml
----------------- Instantiating /home/travis/build/icyphy/ptII/ptolemy/actor/lib/test/auto/matrixType12.xml
2 ms. Memory: 399360K Free: 185004K (46%)
----------------- Invoking toplevel() on ptolemy.moml.MoMLSimpleApplication@10b8523
----------------- Done invoking toplevel() on ptolemy.moml.MoMLSimpleApplication@10b8523
reloadAllAccessors: .matrixType12

===========================================================================================
----------------- testing Sun Aug 04 05:23:40 UTC 2019 /home/travis/build/icyphy/ptII/ptolemy/actor/lib/test/auto/matrixType13.xml
----------------- Instantiating /home/travis/build/icyphy/ptII/ptolemy/actor/lib/test/auto/matrixType13.xml
1 ms. Memory: 399360K Free: 179884K (45%)
----------------- Invoking toplevel() on ptolemy.moml.MoMLSimpleApplication@1e01101d
----------------- Done invoking toplevel() on ptolemy.moml.MoMLSimpleApplication@1e01101d
reloadAllAccessors: .matrixType13

===========================================================================================
----------------- testing Sun Aug 04 05:23:40 UTC 2019 /home/travis/build/icyphy/ptII/ptolemy/actor/lib/test/auto/matrixType14.xml
----------------- Instantiating /home/travis/build/icyphy/ptII/ptolemy/actor/lib/test/auto/matrixType14.xml
2 ms. Memory: 399360K Free: 175274K (44%)
----------------- Invoking toplevel() on ptolemy.moml.MoMLSimpleApplication@466fd930
----------------- Done invoking toplevel() on ptolemy.moml.MoMLSimpleApplication@466fd930
reloadAllAccessors: .matrixType14

===========================================================================================
----------------- testing Sun Aug 04 05:23:40 UTC 2019 /home/travis/build/icyphy/ptII/ptolemy/actor/lib/test/auto/matrixType2.xml
----------------- Instantiating /home/travis/build/icyphy/ptII/ptolemy/actor/lib/test/auto/matrixType2.xml
2 ms. Memory: 399360K Free: 170154K (43%)
----------------- Invoking toplevel() on ptolemy.moml.MoMLSimpleApplication@5bd41a5f
----------------- Done invoking toplevel() on ptolemy.moml.MoMLSimpleApplication@5bd41a5f
reloadAllAccessors: .matrixType2

===========================================================================================
----------------- testing Sun Aug 04 05:23:40 UTC 2019 /home/travis/build/icyphy/ptII/ptolemy/actor/lib/test/auto/matrixType3.xml
----------------- Instantiating /home/travis/build/icyphy/ptII/ptolemy/actor/lib/test/auto/matrixType3.xml
4 ms. Memory: 399360K Free: 165548K (41%)
----------------- Invoking toplevel() on ptolemy.moml.MoMLSimpleApplication@7debdfc9
----------------- Done invoking toplevel() on ptolemy.moml.MoMLSimpleApplication@7debdfc9
reloadAllAccessors: .matrixType3

===========================================================================================
----------------- testing Sun Aug 04 05:23:41 UTC 2019 /home/travis/build/icyphy/ptII/ptolemy/actor/lib/test/auto/matrixType4.xml
----------------- Instantiating /home/travis/build/icyphy/ptII/ptolemy/actor/lib/test/auto/matrixType4.xml
1 ms. Memory: 399360K Free: 160428K (40%)
----------------- Invoking toplevel() on ptolemy.moml.MoMLSimpleApplication@1e7a4600
----------------- Done invoking toplevel() on ptolemy.moml.MoMLSimpleApplication@1e7a4600
reloadAllAccessors: .matrixType4

===========================================================================================
----------------- testing Sun Aug 04 05:23:41 UTC 2019 /home/travis/build/icyphy/ptII/ptolemy/actor/lib/test/auto/matrixType5.xml
----------------- Instantiating /home/travis/build/icyphy/ptII/ptolemy/actor/lib/test/auto/matrixType5.xml
1 ms. Memory: 399360K Free: 155818K (39%)
----------------- Invoking toplevel() on ptolemy.moml.MoMLSimpleApplication@57b98abc
----------------- Done invoking toplevel() on ptolemy.moml.MoMLSimpleApplication@57b98abc
reloadAllAccessors: .matrixType5

===========================================================================================
----------------- testing Sun Aug 04 05:23:41 UTC 2019 /home/travis/build/icyphy/ptII/ptolemy/actor/lib/test/auto/matrixType6.xml
----------------- Instantiating /home/travis/build/icyphy/ptII/ptolemy/actor/lib/test/auto/matrixType6.xml
2 ms. Memory: 399360K Free: 150698K (38%)
----------------- Invoking toplevel() on ptolemy.moml.MoMLSimpleApplication@f6f9e44
----------------- Done invoking toplevel() on ptolemy.moml.MoMLSimpleApplication@f6f9e44
reloadAllAccessors: .matrixType6

===========================================================================================
----------------- testing Sun Aug 04 05:23:41 UTC 2019 /home/travis/build/icyphy/ptII/ptolemy/actor/lib/test/auto/matrixType7.xml
----------------- Instantiating /home/travis/build/icyphy/ptII/ptolemy/actor/lib/test/auto/matrixType7.xml
2 ms. Memory: 399360K Free: 146092K (37%)
----------------- Invoking toplevel() on ptolemy.moml.MoMLSimpleApplication@7d7e6403
----------------- Done invoking toplevel() on ptolemy.moml.MoMLSimpleApplication@7d7e6403
reloadAllAccessors: .matrixType7

===========================================================================================
----------------- testing Sun Aug 04 05:23:41 UTC 2019 /home/travis/build/icyphy/ptII/ptolemy/actor/lib/test/auto/matrixType8.xml
----------------- Instantiating /home/travis/build/icyphy/ptII/ptolemy/actor/lib/test/auto/matrixType8.xml
2 ms. Memory: 399360K Free: 140458K (35%)
----------------- Invoking toplevel() on ptolemy.moml.MoMLSimpleApplication@543821ab
----------------- Done invoking toplevel() on ptolemy.moml.MoMLSimpleApplication@543821ab
reloadAllAccessors: .matrixType8

===========================================================================================
----------------- testing Sun Aug 04 05:23:41 UTC 2019 /home/travis/build/icyphy/ptII/ptolemy/actor/lib/test/auto/matrixType9.xml
----------------- Instantiating /home/travis/build/icyphy/ptII/ptolemy/actor/lib/test/auto/matrixType9.xml
2 ms. Memory: 399360K Free: 135852K (34%)
----------------- Invoking toplevel() on ptolemy.moml.MoMLSimpleApplication@1fbbaf1e
----------------- Done invoking toplevel() on ptolemy.moml.MoMLSimpleApplication@1fbbaf1e
reloadAllAccessors: .matrixType9

===========================================================================================
----------------- testing Sun Aug 04 05:23:41 UTC 2019 /home/travis/build/icyphy/ptII/ptolemy/actor/lib/test/auto/paraFunctest.xml
----------------- Instantiating /home/travis/build/icyphy/ptII/ptolemy/actor/lib/test/auto/paraFunctest.xml
2 ms. Memory: 399360K Free: 131756K (33%)
----------------- Invoking toplevel() on ptolemy.moml.MoMLSimpleApplication@4095c90e
----------------- Done invoking toplevel() on ptolemy.moml.MoMLSimpleApplication@4095c90e
reloadAllAccessors: .paraFunctest

===========================================================================================
----------------- testing Sun Aug 04 05:23:41 UTC 2019 /home/travis/build/icyphy/ptII/ptolemy/actor/lib/test/auto/paraFunctest2.xml
----------------- Instantiating /home/travis/build/icyphy/ptII/ptolemy/actor/lib/test/auto/paraFunctest2.xml
2 ms. Memory: 399360K Free: 128170K (32%)
----------------- Invoking toplevel() on ptolemy.moml.MoMLSimpleApplication@2eb31f91
----------------- Done invoking toplevel() on ptolemy.moml.MoMLSimpleApplication@2eb31f91
reloadAllAccessors: .paraFunctest2

===========================================================================================
----------------- testing Sun Aug 04 05:23:41 UTC 2019 /home/travis/build/icyphy/ptII/ptolemy/actor/lib/test/auto/parameterPassing.xml
----------------- Instantiating /home/travis/build/icyphy/ptII/ptolemy/actor/lib/test/auto/parameterPassing.xml
1 ms. Memory: 399360K Free: 123564K (31%)
----------------- Invoking toplevel() on ptolemy.moml.MoMLSimpleApplication@3b7040f0
----------------- Done invoking toplevel() on ptolemy.moml.MoMLSimpleApplication@3b7040f0
reloadAllAccessors: .parameterPassing

===========================================================================================
----------------- testing Sun Aug 04 05:23:41 UTC 2019 /home/travis/build/icyphy/ptII/ptolemy/actor/lib/test/auto/record.xml
----------------- Instantiating /home/travis/build/icyphy/ptII/ptolemy/actor/lib/test/auto/record.xml
3 ms. Memory: 399360K Free: 118954K (30%)
----------------- Invoking toplevel() on ptolemy.moml.MoMLSimpleApplication@7d0bced5
----------------- Done invoking toplevel() on ptolemy.moml.MoMLSimpleApplication@7d0bced5
reloadAllAccessors: .record

===========================================================================================
----------------- testing Sun Aug 04 05:23:41 UTC 2019 /home/travis/build/icyphy/ptII/ptolemy/actor/lib/test/auto/sizedarray1.xml
----------------- Instantiating /home/travis/build/icyphy/ptII/ptolemy/actor/lib/test/auto/sizedarray1.xml
1 ms. Memory: 399360K Free: 113324K (28%)
----------------- Invoking toplevel() on ptolemy.moml.MoMLSimpleApplication@16f190b6
----------------- Done invoking toplevel() on ptolemy.moml.MoMLSimpleApplication@16f190b6
reloadAllAccessors: .sizedarray1

===========================================================================================
----------------- testing Sun Aug 04 05:23:41 UTC 2019 /home/travis/build/icyphy/ptII/ptolemy/actor/lib/test/auto/sizedarray2.xml
----------------- Instantiating /home/travis/build/icyphy/ptII/ptolemy/actor/lib/test/auto/sizedarray2.xml
3 ms. Memory: 399360K Free: 342853K (86%)
----------------- Invoking toplevel() on ptolemy.moml.MoMLSimpleApplication@43f485f9
----------------- Done invoking toplevel() on ptolemy.moml.MoMLSimpleApplication@43f485f9
reloadAllAccessors: .sizedarray2

===========================================================================================
----------------- testing Sun Aug 04 05:23:41 UTC 2019 /home/travis/build/icyphy/ptII/ptolemy/actor/lib/test/auto/twoPublishers.xml
----------------- Instantiating /home/travis/build/icyphy/ptII/ptolemy/actor/lib/test/auto/twoPublishers.xml
6 ms. Memory: 399360K Free: 332099K (83%)
----------------- Invoking toplevel() on ptolemy.moml.MoMLSimpleApplication@7b9caeb0
----------------- Done invoking toplevel() on ptolemy.moml.MoMLSimpleApplication@7b9caeb0
reloadAllAccessors: .twoPublishers
AutoTests.java: About to close Vertx.
AutoTests.java: Vertx closed.
]]></system-out>
  <system-err><![CDATA[java.lang.RuntimeException: Execution failed
	at ptolemy.moml.MoMLSimpleApplication$UnloadThread.run(MoMLSimpleApplication.java:402)
Caused by: java.lang.RuntimeException: StringUtilities.exit() was called. Normally, we would exit here because Manager.exitAfterWrapup() was called.  However, because the ptolemy.ptII.exitAfterWrapup property is set, we throw this exception instead.
	at ptolemy.util.StringUtilities.exit(StringUtilities.java:365)
	at ptolemy.actor.Manager.wrapup(Manager.java:1549)
	at ptolemy.actor.Manager.execute(Manager.java:407)
	at ptolemy.actor.Manager.run(Manager.java:1263)
	at ptolemy.actor.Manager$PtolemyRunThread.run(Manager.java:1933)
Warning: '.top.test' is in training mode, set the trainingMode parameter to false before checking in
Warning: '.top.test' is in training mode, set the trainingMode parameter to false before checking in
Warning: '.top.test' is in training mode, set the trainingMode parameter to false before checking in
Warning: '.BooleanSwitch_RegressionTest_WrongTrainingValues.Test' is in training mode, set the trainingMode parameter to false before checking in
Warning: '.BooleanSwitch_RegressionTest_WrongTrainingValues.Test2' is in training mode, set the trainingMode parameter to false before checking in
Warning: '.BooleanSwitch_RegressionTest_WrongTrainingValues.Test2' The test produced 0 tokens.
Warning: '.top.testExceptionHandler' is in training mode, set the trainingMode parameter to false before checking in
java.lang.RuntimeException: Execution failed
	at ptolemy.moml.MoMLSimpleApplication$UnloadThread.run(MoMLSimpleApplication.java:402)
Caused by: ptolemy.kernel.util.IllegalActionException: PublisherPorts cannot be used at the top level, use a Publisher actor instead.
  in .PublisherPortToplevelSubscriber.PublisherPort
	at ptolemy.actor.PublisherPort.preinitialize(PublisherPort.java:403)
	at ptolemy.actor.CompositeActor.preinitialize(CompositeActor.java:1769)
	at ptolemy.actor.Manager.preinitializeAndResolveTypes(Manager.java:1040)
	at ptolemy.actor.Manager.initialize(Manager.java:710)
	at ptolemy.actor.Manager.execute(Manager.java:356)
	at ptolemy.actor.Manager.run(Manager.java:1263)
	at ptolemy.actor.Manager$PtolemyRunThread.run(Manager.java:1933)
java.lang.reflect.InvocationTargetException
	at java.base/jdk.internal.reflect.NativeConstructorAccessorImpl.newInstance0(Native Method)
	at java.base/jdk.internal.reflect.NativeConstructorAccessorImpl.newInstance(NativeConstructorAccessorImpl.java:62)
	at java.base/jdk.internal.reflect.DelegatingConstructorAccessorImpl.newInstance(DelegatingConstructorAccessorImpl.java:45)
	at java.base/java.lang.reflect.Constructor.newInstance(Constructor.java:490)
	at ptolemy.util.test.junit.AutoKnownFailedTests.RunModel(AutoKnownFailedTests.java:105)
	at java.base/jdk.internal.reflect.NativeMethodAccessorImpl.invoke0(Native Method)
	at java.base/jdk.internal.reflect.NativeMethodAccessorImpl.invoke(NativeMethodAccessorImpl.java:62)
	at java.base/jdk.internal.reflect.DelegatingMethodAccessorImpl.invoke(DelegatingMethodAccessorImpl.java:43)
	at java.base/java.lang.reflect.Method.invoke(Method.java:566)
	at org.junit.runners.model.FrameworkMethod$1.runReflectiveCall(FrameworkMethod.java:44)
	at org.junit.internal.runners.model.ReflectiveCallable.run(ReflectiveCallable.java:15)
	at org.junit.runners.model.FrameworkMethod.invokeExplosively(FrameworkMethod.java:41)
	at junitparams.internal.InvokeParameterisedMethod.evaluate(InvokeParameterisedMethod.java:102)
	at org.junit.internal.runners.statements.FailOnTimeout$1.run(FailOnTimeout.java:28)
Caused by: ptolemy.kernel.util.IllegalActionException: PublisherPorts cannot be used at the top level, use a Publisher actor instead.
  in .PublisherPortToplevelSubscriber.PublisherPort
	at ptolemy.actor.PublisherPort.preinitialize(PublisherPort.java:403)
	at ptolemy.actor.CompositeActor.preinitialize(CompositeActor.java:1769)
	at ptolemy.actor.Manager.preinitializeAndResolveTypes(Manager.java:1040)
	at ptolemy.actor.Manager.initialize(Manager.java:710)
	at ptolemy.actor.Manager.execute(Manager.java:356)
	at ptolemy.actor.Manager.run(Manager.java:1263)
	at ptolemy.actor.Manager$PtolemyRunThread.run(Manager.java:1933)
java.lang.RuntimeException: Execution failed
	at ptolemy.moml.MoMLSimpleApplication$UnloadThread.run(MoMLSimpleApplication.java:402)
Caused by: ptolemy.kernel.util.IllegalActionException: SubscriberPorts cannot be used at the top level, use a Subscriber actor instead.
  in .PublisherSubscriberPortToplevel.SubscriberPort
	at ptolemy.actor.SubscriberPort.preinitialize(SubscriberPort.java:328)
	at ptolemy.actor.CompositeActor.preinitialize(CompositeActor.java:1769)
	at ptolemy.actor.Manager.preinitializeAndResolveTypes(Manager.java:1040)
	at ptolemy.actor.Manager.initialize(Manager.java:710)
	at ptolemy.actor.Manager.execute(Manager.java:356)
	at ptolemy.actor.Manager.run(Manager.java:1263)
	at ptolemy.actor.Manager$PtolemyRunThread.run(Manager.java:1933)
java.lang.reflect.InvocationTargetException
	at java.base/jdk.internal.reflect.NativeConstructorAccessorImpl.newInstance0(Native Method)
	at java.base/jdk.internal.reflect.NativeConstructorAccessorImpl.newInstance(NativeConstructorAccessorImpl.java:62)
	at java.base/jdk.internal.reflect.DelegatingConstructorAccessorImpl.newInstance(DelegatingConstructorAccessorImpl.java:45)
	at java.base/java.lang.reflect.Constructor.newInstance(Constructor.java:490)
	at ptolemy.util.test.junit.AutoKnownFailedTests.RunModel(AutoKnownFailedTests.java:105)
	at java.base/jdk.internal.reflect.NativeMethodAccessorImpl.invoke0(Native Method)
	at java.base/jdk.internal.reflect.NativeMethodAccessorImpl.invoke(NativeMethodAccessorImpl.java:62)
	at java.base/jdk.internal.reflect.DelegatingMethodAccessorImpl.invoke(DelegatingMethodAccessorImpl.java:43)
	at java.base/java.lang.reflect.Method.invoke(Method.java:566)
	at org.junit.runners.model.FrameworkMethod$1.runReflectiveCall(FrameworkMethod.java:44)
	at org.junit.internal.runners.model.ReflectiveCallable.run(ReflectiveCallable.java:15)
	at org.junit.runners.model.FrameworkMethod.invokeExplosively(FrameworkMethod.java:41)
	at junitparams.internal.InvokeParameterisedMethod.evaluate(InvokeParameterisedMethod.java:102)
	at org.junit.internal.runners.statements.FailOnTimeout$1.run(FailOnTimeout.java:28)
Caused by: ptolemy.kernel.util.IllegalActionException: SubscriberPorts cannot be used at the top level, use a Subscriber actor instead.
  in .PublisherSubscriberPortToplevel.SubscriberPort
	at ptolemy.actor.SubscriberPort.preinitialize(SubscriberPort.java:328)
	at ptolemy.actor.CompositeActor.preinitialize(CompositeActor.java:1769)
	at ptolemy.actor.Manager.preinitializeAndResolveTypes(Manager.java:1040)
	at ptolemy.actor.Manager.initialize(Manager.java:710)
	at ptolemy.actor.Manager.execute(Manager.java:356)
	at ptolemy.actor.Manager.run(Manager.java:1263)
	at ptolemy.actor.Manager$PtolemyRunThread.run(Manager.java:1933)
java.lang.RuntimeException: Execution failed
	at ptolemy.moml.MoMLSimpleApplication$UnloadThread.run(MoMLSimpleApplication.java:402)
Caused by: ptolemy.kernel.util.IllegalActionException: SubscriptionAggregatorPorts cannot be used at the top level, use a SubscriptionAggregator actor instead.
  in .PublisherSubscriptionAggregatorPort.SubscriptionAggregatorPort
	at ptolemy.actor.SubscriptionAggregatorPort.preinitialize(SubscriptionAggregatorPort.java:353)
	at ptolemy.actor.CompositeActor.preinitialize(CompositeActor.java:1769)
	at ptolemy.actor.Manager.preinitializeAndResolveTypes(Manager.java:1040)
	at ptolemy.actor.Manager.initialize(Manager.java:710)
	at ptolemy.actor.Manager.execute(Manager.java:356)
	at ptolemy.actor.Manager.run(Manager.java:1263)
	at ptolemy.actor.Manager$PtolemyRunThread.run(Manager.java:1933)
java.lang.reflect.InvocationTargetException
	at java.base/jdk.internal.reflect.NativeConstructorAccessorImpl.newInstance0(Native Method)
	at java.base/jdk.internal.reflect.NativeConstructorAccessorImpl.newInstance(NativeConstructorAccessorImpl.java:62)
	at java.base/jdk.internal.reflect.DelegatingConstructorAccessorImpl.newInstance(DelegatingConstructorAccessorImpl.java:45)
	at java.base/java.lang.reflect.Constructor.newInstance(Constructor.java:490)
	at ptolemy.util.test.junit.AutoKnownFailedTests.RunModel(AutoKnownFailedTests.java:105)
	at java.base/jdk.internal.reflect.NativeMethodAccessorImpl.invoke0(Native Method)
	at java.base/jdk.internal.reflect.NativeMethodAccessorImpl.invoke(NativeMethodAccessorImpl.java:62)
	at java.base/jdk.internal.reflect.DelegatingMethodAccessorImpl.invoke(DelegatingMethodAccessorImpl.java:43)
	at java.base/java.lang.reflect.Method.invoke(Method.java:566)
	at org.junit.runners.model.FrameworkMethod$1.runReflectiveCall(FrameworkMethod.java:44)
	at org.junit.internal.runners.model.ReflectiveCallable.run(ReflectiveCallable.java:15)
	at org.junit.runners.model.FrameworkMethod.invokeExplosively(FrameworkMethod.java:41)
	at junitparams.internal.InvokeParameterisedMethod.evaluate(InvokeParameterisedMethod.java:102)
	at org.junit.internal.runners.statements.FailOnTimeout$1.run(FailOnTimeout.java:28)
Caused by: ptolemy.kernel.util.IllegalActionException: SubscriptionAggregatorPorts cannot be used at the top level, use a SubscriptionAggregator actor instead.
  in .PublisherSubscriptionAggregatorPort.SubscriptionAggregatorPort
	at ptolemy.actor.SubscriptionAggregatorPort.preinitialize(SubscriptionAggregatorPort.java:353)
	at ptolemy.actor.CompositeActor.preinitialize(CompositeActor.java:1769)
	at ptolemy.actor.Manager.preinitializeAndResolveTypes(Manager.java:1040)
	at ptolemy.actor.Manager.initialize(Manager.java:710)
	at ptolemy.actor.Manager.execute(Manager.java:356)
	at ptolemy.actor.Manager.run(Manager.java:1263)
	at ptolemy.actor.Manager$PtolemyRunThread.run(Manager.java:1933)
java.lang.RuntimeException: Execution failed
	at ptolemy.moml.MoMLSimpleApplication$UnloadThread.run(MoMLSimpleApplication.java:402)
Caused by: ptolemy.kernel.util.IllegalActionException: TypeTest actor has no training data.
  in .sizedarray3.TypeTest
	at ptolemy.actor.lib.TypeTest.initialize(TypeTest.java:250)
	at ptolemy.actor.Director.initialize(Director.java:938)
	at ptolemy.actor.Director.initialize(Director.java:907)
	at ptolemy.actor.sched.StaticSchedulingDirector.initialize(StaticSchedulingDirector.java:159)
	at ptolemy.domains.sdf.kernel.SDFDirector.initialize(SDFDirector.java:544)
	at ptolemy.actor.CompositeActor.initialize(CompositeActor.java:935)
	at ptolemy.actor.Manager.initialize(Manager.java:724)
	at ptolemy.actor.Manager.execute(Manager.java:356)
	at ptolemy.actor.Manager.run(Manager.java:1263)
	at ptolemy.actor.Manager$PtolemyRunThread.run(Manager.java:1933)
java.lang.reflect.InvocationTargetException
	at java.base/jdk.internal.reflect.NativeConstructorAccessorImpl.newInstance0(Native Method)
	at java.base/jdk.internal.reflect.NativeConstructorAccessorImpl.newInstance(NativeConstructorAccessorImpl.java:62)
	at java.base/jdk.internal.reflect.DelegatingConstructorAccessorImpl.newInstance(DelegatingConstructorAccessorImpl.java:45)
	at java.base/java.lang.reflect.Constructor.newInstance(Constructor.java:490)
	at ptolemy.util.test.junit.AutoKnownFailedTests.RunModel(AutoKnownFailedTests.java:105)
	at java.base/jdk.internal.reflect.NativeMethodAccessorImpl.invoke0(Native Method)
	at java.base/jdk.internal.reflect.NativeMethodAccessorImpl.invoke(NativeMethodAccessorImpl.java:62)
	at java.base/jdk.internal.reflect.DelegatingMethodAccessorImpl.invoke(DelegatingMethodAccessorImpl.java:43)
	at java.base/java.lang.reflect.Method.invoke(Method.java:566)
	at org.junit.runners.model.FrameworkMethod$1.runReflectiveCall(FrameworkMethod.java:44)
	at org.junit.internal.runners.model.ReflectiveCallable.run(ReflectiveCallable.java:15)
	at org.junit.runners.model.FrameworkMethod.invokeExplosively(FrameworkMethod.java:41)
	at junitparams.internal.InvokeParameterisedMethod.evaluate(InvokeParameterisedMethod.java:102)
	at org.junit.internal.runners.statements.FailOnTimeout$1.run(FailOnTimeout.java:28)
Caused by: ptolemy.kernel.util.IllegalActionException: TypeTest actor has no training data.
  in .sizedarray3.TypeTest
	at ptolemy.actor.lib.TypeTest.initialize(TypeTest.java:250)
	at ptolemy.actor.Director.initialize(Director.java:938)
	at ptolemy.actor.Director.initialize(Director.java:907)
	at ptolemy.actor.sched.StaticSchedulingDirector.initialize(StaticSchedulingDirector.java:159)
	at ptolemy.domains.sdf.kernel.SDFDirector.initialize(SDFDirector.java:544)
	at ptolemy.actor.CompositeActor.initialize(CompositeActor.java:935)
	at ptolemy.actor.Manager.initialize(Manager.java:724)
	at ptolemy.actor.Manager.execute(Manager.java:356)
	at ptolemy.actor.Manager.run(Manager.java:1263)
	at ptolemy.actor.Manager$PtolemyRunThread.run(Manager.java:1933)
]]></system-err>
</testsuite>
