<?xml version="1.0" encoding="UTF-8" ?>
<testsuite errors="0" failures="0" hostname="travis-job-46fbb39b-385b-4775-a066-0c009537f7d5" name="ptolemy.domains.modal.test.junit.JUnitTclTest" skipped="0" tests="148" time="10.643" timestamp="2022-07-06T02:17:00">
  <properties>
    <property name="env.OLDPWD" value="/home/travis/build/icyphy/ptII" />
    <property name="npm.executable" value="npm" />
    <property name="env.TRAVIS_ROOT" value="/" />
    <property name="ptII.mk.exists" value="true" />
    <property name="env.TRAVIS_APP_HOST" value="build.travis-ci.com" />
    <property name="env.rvm_bin_path" value="/home/travis/.rvm/bin" />
    <property name="java.home" value="/usr/local/lib/jvm/openjdk11" />
    <property name="env.TRAVIS_JOB_NUMBER" value="1862.10" />
    <property name="env.TRAVIS_HOME" value="/home/travis" />
    <property name="env.DISPLAY" value=":99.0" />
    <property name="env.TRAVIS_INIT" value="systemd" />
    <property name="env.SSH_TTY" value="/dev/pts/0" />
    <property name="java.net.preferIPv4Stack" value="true" />
    <property name="env.RUN_TESTS" value="true" />
    <property name="timeout.short" value="1000000" />
    <property name="junit.formatter" value="xml" />
    <property name="env.TRAVIS_SUDO" value="true" />
    <property name="env.TRAVIS_JOB_NAME" value="" />
    <property name="env.TRAVIS_STACK_NODE_ATTRIBUTES" value="/.node-attributes.yml" />
    <property name="env.LOGNAME" value="travis" />
    <property name="jsdoc.home" value="node_modules/@terraswarm/jsdoc" />
    <property name="debuglevel" value="source,lines,vars" />
    <property name="checkstyle.formatter" value="xml" />
    <property name="bin.vergil.makeable" value="true" />
    <property name="sun.os.patch.level" value="unknown" />
    <property name="java.vendor.url" value="http://java.oracle.com/" />
    <property name="env.TRAVIS_BUILD_WEB_URL" value="https://app.travis-ci.com/icyphy/ptII/builds/252805488" />
    <property name="java.version" value="11.0.2" />
    <property name="env.TZ" value="UTC" />
    <property name="env.TRAVIS_PULL_REQUEST_SHA" value="" />
    <property name="env.PT_NO_NET" value="true" />
    <property name="env.TRAVIS_SECURE_ENV_VARS" value="true" />
    <property name="java.vendor.url.bug" value="http://bugreport.java.com/bugreport/" />
    <property name="npmjs-org-is-up" value="true" />
    <property name="env.LANGUAGE" value="en_US.UTF-8" />
    <property name="env.SSH_CLIENT" value="10.16.1.39 40738 22" />
    <property name="env.GEM_HOME" value="/home/travis/.rvm/gems/ruby-2.5.3" />
    <property name="env.HAS_ANTARES_THREE_LITTLE_FRONZIES_BADGE" value="true" />
    <property name="java.version.date" value="2019-01-15" />
    <property name="env.PS4" value="+" />
    <property name="ant.project.invoked-targets" value="build,test.core2.xml" />
    <property name="env.TRAVIS_PULL_REQUEST_BRANCH" value="" />
    <property name="env.TRAVIS_REPO_SLUG" value="icyphy/ptII" />
    <property name="env.XDG_DATA_DIRS" value="/usr/local/share:/usr/share:/var/lib/snapd/desktop" />
    <property name="jdk.debug" value="release" />
    <property name="env.TRAVIS_APT_PROXY" value="http://build-cache.travisci.net" />
    <property name="env.TRAVIS_CPU_ARCH" value="amd64" />
    <property name="node.in.path" value="true" />
    <property name="user.name" value="travis" />
    <property name="java.maxmemory" value="1400m" />
    <property name="env.RUBY_VERSION" value="ruby-2.5.3" />
    <property name="env.LANG" value="en_US.UTF-8" />
    <property name="sun.io.unicode.encoding" value="UnicodeLittle" />
    <property name="sun.jnu.encoding" value="UTF-8" />
    <property name="java.runtime.name" value="OpenJDK Runtime Environment" />
    <property name="usefile" value="false" />
    <property name="return.code" value="0" />
    <property name="junit.single.formatter" value="plain" />
    <property name="env.DYLD_LIBRARY_PATH" value="/home/travis/pthla/certi-tools/lib:" />
    <property name="env.DEBIAN_FRONTEND" value="noninteractive" />
    <property name="env.SSH_CONNECTION" value="10.16.1.39 40738 10.30.0.126 22" />
    <property name="env.MYSQL_UNIX_PORT" value="/var/run/mysqld/mysqld.sock" />
    <property name="env.LC_ALL" value="en_US.UTF-8" />
    <property name="env.TRAVIS_ALLOW_FAILURE" value="" />
    <property name="env.TRAVIS_JOB_WEB_URL" value="https://app.travis-ci.com/icyphy/ptII/jobs/575718084" />
    <property name="java.specification.name" value="Java Platform API Specification" />
    <property name="node.works" value="true" />
    <property name="user.timezone" value="" />
    <property name="path.separator" value=":" />
    <property name="env.TRAVIS_ENABLE_INFRA_DETECTION" value="true" />
    <property name="env.PYTHON_CFLAGS" value="-g -fstack-protector --param=ssp-buffer-size=4 -Wformat -Werror=format-security" />
    <property name="timeout.long" value="4000000" />
    <property name="env.CERTI_HOME" value="/home/travis/pthla/certi-tools" />
    <property name="ant.file.ptII" value="/home/travis/build/icyphy/ptII/build.xml" />
    <property name="javadoc.packagenames" value="com.*,diva.*,lbnl.*,org.hlacerti.*,org.json.*,org.ptolemy.*,org.terraswarm.*,ptolemy.*,ptserver.*" />
    <property name="file.encoding" value="UTF-8" />
    <property name="env.TRAVIS_PULL_REQUEST_SLUG" value="" />
    <property name="ant.project.default-target" value="build" />
    <property name="env.GIT_ASKPASS" value="echo" />
    <property name="env.HOME" value="/home/travis" />
    <property name="sun.java.command" value="org.apache.tools.ant.taskdefs.optional.junit.JUnitTestRunner ptolemy.domains.modal.test.junit.JUnitTclTest skipNonTests=false filtertrace=true haltOnError=false haltOnFailure=false formatter=org.apache.tools.ant.taskdefs.optional.junit.OutErrSummaryJUnitResultFormatter showoutput=true outputtoformatters=true logfailedtests=true threadid=0 logtestlistenerevents=false formatter=org.apache.tools.ant.taskdefs.optional.junit.XMLJUnitResultFormatter,/home/travis/build/icyphy/ptII/reports/junit/TEST-ptolemy.domains.modal.test.junit.JUnitTclTest.xml crashfile=/home/travis/build/icyphy/ptII/junitvmwatcher328661620976164645.properties propsfile=/home/travis/build/icyphy/ptII/junit13544203291811805797.properties" />
    <property name="env.COMPOSER_NO_INTERACTION" value="1" />
    <property name="env.MANPATH" value="/home/travis/.nvm/versions/node/v7.10.1/share/man:/home/travis/.rvm/rubies/ruby-2.5.3/share/man:/usr/local/cmake-3.12.4/man:/usr/local/clang-7.0.0/share/man:/usr/local/man:/usr/local/share/man:/usr/share/man:/home/travis/.rvm/man" />
    <property name="env.TRAVIS_TIMER_ID" value="051bfd4c" />
    <property name="ant.file" value="/home/travis/build/icyphy/ptII/build.xml" />
    <property name="env.TRAVIS_COMMIT_RANGE" value="872d2759c11419c6c148914806a18a5fe16003e0...97c84c86e87328bd066bc560e7f5b65fa1c4b652" />
    <property name="ptII.classpath.optional.property" value="/home/travis/build/icyphy/ptII/lib/asm-all-5.2.jar:/home/travis/build/icyphy/ptII/lib/nashorn-core-15.3.jar:/home/travis/build/icyphy/ptII/lib/bsh-2.0b4.jar:/home/travis/build/icyphy/ptII/lib/ptCal.jar:/home/travis/build/icyphy/ptII/lib/java_cup.jar:/home/travis/build/icyphy/ptII/lib/saxon8.jar:/home/travis/build/icyphy/ptII/lib/saxon8-dom.jar:/home/travis/build/icyphy/ptII/lib/chic.jar:/home/travis/build/icyphy/ptII/lib/ptcolt.jar:/home/travis/build/icyphy/ptII/vendors/misc/itext/iText.jar:/home/travis/build/icyphy/ptII/lib/g4ltl.jar:/home/travis/build/icyphy/ptII/lib/StructuralCoder.jar:/home/travis/build/icyphy/ptII/lib/jcerti.jar:/home/travis/build/icyphy/ptII/lib/javax.mail.jar:/home/travis/build/icyphy/ptII/vendors/JMF-2.1.1e/lib/jmf.jar:/home/travis/build/icyphy/ptII/lib/jna-4.0.0-variadic.jar:/home/travis/build/icyphy/ptII/vendors/misc/joystick/Joystick.jar:/home/travis/build/icyphy/ptII/lib/ptjacl.jar:/home/travis/build/icyphy/ptII/lib/jsoup-1.14.2.jar:/home/travis/build/icyphy/ptII/lib/junit-4.8.2.jar:/home/travis/build/icyphy/ptII/lib/JUnitParams-0.4.0.jar:/home/travis/build/icyphy/ptII/ptolemy/actor/lib/excel/jxl.jar:/home/travis/build/icyphy/ptII/lib/jython.jar:/home/travis/build/icyphy/ptII/lib/kieler.jar:/home/travis/build/icyphy/ptII/vendors/opencv/share/OpenCV/java/opencv-341.jar:/home/travis/build/icyphy/ptII/lib/oscP5.jar:/home/travis/build/icyphy/ptII/lib/nrjavaserial-3.11.0.devel.jar:/home/travis/build/icyphy/ptII/vendors/j3d/lib/Linux/j3dcore.jar:/home/travis/build/icyphy/ptII/vendors/j3d/lib/Linux/j3dutils.jar:/home/travis/build/icyphy/ptII/vendors/j3d/lib/Linux/vecmath.jar:/home/travis/build/icyphy/ptII/vendors/jogl/lib/Linux/gluegen-rt-natives-linux-amd64.jar:/home/travis/build/icyphy/ptII/vendors/jogl/lib/Linux/gluegen-rt.jar:/home/travis/build/icyphy/ptII/vendors/jogl/lib/Linux/jogl-all-natives-linux-amd64.jar:/home/travis/build/icyphy/ptII/vendors/jogl/lib/Linux/jogl-all.jar:/home/travis/build/icyphy/ptII/ptolemy/distributed/jini/jar/jini-core.jar:/home/travis/build/icyphy/ptII/ptolemy/distributed/jini/jar/jini-ext.jar:/home/travis/build/icyphy/ptII/ptolemy/distributed/jini/jar/sun-util.jar:/home/travis/build/icyphy/ptII/lib/protobuf-java-2.4.1.jar:/home/travis/build/icyphy/ptII/lib/org.eclipse.paho.client.mqttv3.jar:/home/travis/build/icyphy/ptII/lib/mapss.jar:/home/travis/build/icyphy/ptII/ptolemy/actor/ptalon/antlr/antlr.jar:/home/travis/build/icyphy/ptII/lib/JRI.jar:/home/travis/build/icyphy/ptII/lib/commons-lang-2.6.jar:/home/travis/build/icyphy/ptII/lib/commons-logging-1.1.1.jar:/home/travis/build/icyphy/ptII/lib/sootclasses.jar:/home/travis/build/icyphy/ptII/ptolemy/actor/lib/database/mysql-connector-java-8.0.26.jar:/home/travis/build/icyphy/ptII/vendors/misc/sphinx4/sphinx4-data-5prealpha.jar:/home/travis/build/icyphy/ptII/vendors/misc/sphinx4/sphinx4-core-5prealpha.jar:/home/travis/build/icyphy/ptII/lib/PDFRenderer.jar:/home/travis/build/icyphy/ptII/lib/svgSalamander.jar:/home/travis/build/icyphy/ptII/lib/rsyntaxtextarea-2.6.0-SNAPSHOT.jar:/home/travis/build/icyphy/ptII/lib/hazelcast-3.8.2.jar:/home/travis/build/icyphy/ptII/lib/jackson-annotations-2.9.0.jar:/home/travis/build/icyphy/ptII/lib/jackson-core-2.9.3.jar:/home/travis/build/icyphy/ptII/lib/jackson-databind-2.9.3.jar:/home/travis/build/icyphy/ptII/lib/netty-buffer-4.1.19.Final.jar:/home/travis/build/icyphy/ptII/lib/netty-codec-4.1.19.Final.jar:/home/travis/build/icyphy/ptII/lib/netty-codec-dns-4.1.19.Final.jar:/home/travis/build/icyphy/ptII/lib/netty-codec-http-4.1.19.Final.jar:/home/travis/build/icyphy/ptII/lib/netty-codec-http2-4.1.19.Final.jar:/home/travis/build/icyphy/ptII/lib/netty-common-4.1.19.Final.jar:/home/travis/build/icyphy/ptII/lib/netty-handler-4.1.19.Final.jar:/home/travis/build/icyphy/ptII/lib/netty-resolver-4.1.19.Final.jar:/home/travis/build/icyphy/ptII/lib/netty-resolver-dns-4.1.19.Final.jar:/home/travis/build/icyphy/ptII/lib/netty-transport-4.1.19.Final.jar:/home/travis/build/icyphy/ptII/lib/vertx-codegen-3.5.1.jar:/home/travis/build/icyphy/ptII/lib/vertx-core-3.5.2-SNAPSHOT.jar:/home/travis/build/icyphy/ptII/lib/vertx-hazelcast-3.5.1.jar:/home/travis/build/icyphy/ptII/lib/vertx-lang-js-3.5.1.jar:/home/travis/build/icyphy/ptII/lib/vertx-service-proxy-3.5.1.jar:/home/travis/build/icyphy/ptII/lib/vertx-web-3.5.1.jar:/home/travis/build/icyphy/ptII/lib/slf4j-api-1.7.13.jar:/home/travis/build/icyphy/ptII/lib/slf4j-simple-1.7.13.jar:/home/travis/build/icyphy/ptII/lib/webcam-capture-0.3.12.jar:/home/travis/build/icyphy/ptII/lib/bridj-0.7.0.jar:/home/travis/build/icyphy/ptII/lib/xbjlib-1.1.0.nrjavaserial.jar" />
    <property name="timeout" value="2400000" />
    <property name="test.batch" value="**/junit/*.java" />
    <property name="env._" value="/usr/bin/timeout" />
    <property name="java.io.tmpdir" value="/tmp" />
    <property name="user.language" value="en" />
    <property name="env.TRAVIS_INTERNAL_RUBY_REGEX" value="^ruby-(2\.[0-4]\.[0-9]|1\.9\.3)" />
    <property name="env.HISTCONTROL" value="ignoredups:ignorespace" />
    <property name="env.GOROOT" value="/home/travis/.gimme/versions/go1.11.1.linux.amd64" />
    <property name="line.separator" value="&#xa;" />
    <property name="target" value="11" />
    <property name="env.TRAVIS_BUILD_DIR" value="/home/travis/build/icyphy/ptII" />
    <property name="env.ANT_OPTS" value="-Xmx2048m" />
    <property name="ant.file.type" value="file" />
    <property name="ptolemy.ptII.batchMode" value="true" />
    <property name="env.HISTSIZE" value="1000" />
    <property name="env.MERB_ENV" value="test" />
    <property name="java.vm.info" value="mixed mode" />
    <property name="source" value="11" />
    <property name="java.vm.specification.name" value="Java Virtual Machine Specification" />
    <property name="env.TRAVIS_TEST_RESULT" value="0" />
    <property name="jsdoc.command" value="node_modules/@terraswarm/jsdoc/jsdoc.js" />
    <property name="npm.works" value="true" />
    <property name="cobertura.dir" value="/home/travis/build/icyphy/ptII/vendors/cobertura-2.0.3" />
    <property name="env.rvm_path" value="/home/travis/.rvm" />
    <property name="env.GEM_PATH" value="/home/travis/.rvm/gems/ruby-2.5.3:/home/travis/.rvm/gems/ruby-2.5.3@global" />
    <property name="env.LC_CTYPE" value="en_US.UTF-8" />
    <property name="env.TRAVIS_CMD" value="$PTII/bin/ptIITravisBuild.sh $SECONDS" />
    <property name="java.awt.printerjob" value="sun.print.PSPrinterJob" />
    <property name="env.TRAVIS_STACK_NAME" value="sardonyx" />
    <property name="env.TRAVIS_TIMER_START_TIME" value="1657073416430161562" />
    <property name="ant.version" value="Apache Ant(TM) version 1.10.1 compiled on February 2 2017" />
    <property name="ptII.reports" value="/home/travis/build/icyphy/ptII/reports" />
    <property name="env.TRAVIS_STACK_TIMESTAMP" value="2022-03-21 11:29:05 UTC" />
    <property name="ant.file.type.ptII" value="file" />
    <property name="env.RBENV_SHELL" value="bash" />
    <property name="os.name" value="Linux" />
    <property name="java.specification.vendor" value="Oracle Corporation" />
    <property name="env.rvm_version" value="1.29.12 (latest)" />
    <property name="env.TRAVIS_INFRA" value="unknown" />
    <property name="env.TERM" value="xterm" />
    <property name="java.vm.name" value="OpenJDK 64-Bit Server VM" />
    <property name="env.TRAVIS_BUILD_NUMBER" value="1862" />
    <property name="env.CI" value="true" />
    <property name="java.library.path" value="/home/travis/pthla/certi-tools/lib:/usr/lib/jni:/usr/local/share/OpenCV/java/:/usr/share/OpenCV/java::/usr/java/packages/lib:/usr/lib64:/lib64:/lib:/usr/lib" />
    <property name="jdk.module.path" value="/home/travis/build/icyphy/ptII/vendors/javafx/javafx-sdk-11.0.2/lib:" />
    <property name="env.rvm_prefix" value="/home/travis" />
    <property name="env.PATH" value="/home/travis/pthla/certi-tools/share/scripts:/home/travis/.rvm/gems/ruby-2.5.3/bin:/home/travis/.rvm/gems/ruby-2.5.3@global/bin:/home/travis/.rvm/rubies/ruby-2.5.3/bin:/home/travis/.rvm/bin:./node_modules/.bin:/home/travis/build/icyphy/ptII/bin:/home/travis/pthla/certi-tools/bin:/home/travis/bin:/home/travis/.local/bin:/usr/local/lib/jvm/openjdk11/bin:/opt/pyenv/shims:/home/travis/.phpenv/shims:/home/travis/perl5/perlbrew/bin:/home/travis/.nvm/versions/node/v7.10.1/bin:/home/travis/gopath/bin:/home/travis/.gimme/versions/go1.11.1.linux.amd64/bin:/usr/local/maven-3.6.3/bin:/usr/local/cmake-3.12.4/bin:/usr/local/clang-7.0.0/bin:/usr/local/sbin:/usr/local/bin:/usr/sbin:/usr/bin:/sbin:/bin:/snap/bin:/home/travis/.phpenv/bin:/opt/pyenv/bin:/home/travis/.yarn/bin" />
    <property name="env.TRAVIS_OS_NAME" value="linux" />
    <property name="ant.java.version" value="9" />
    <property name="basedir" value="/home/travis/build/icyphy/ptII" />
    <property name="java.class.version" value="55.0" />
    <property name="env.SHLVL" value="3" />
    <property name="env.LD_LIBRARY_PATH" value="/home/travis/pthla/certi-tools/lib:/usr/lib/jni:/usr/local/share/OpenCV/java/:/usr/share/OpenCV/java:" />
    <property name="env.RACK_ENV" value="test" />
    <property name="ant.home" value="/home/travis/build/icyphy/ptII/ant" />
    <property name="env.NVM_DIR" value="/home/travis/.nvm" />
    <property name="env.CERTI_FOM_PATH" value="/home/travis/pthla/certi-tools/share/federations" />
    <property name="env.TRAVIS_BUILD_ID" value="252805488" />
    <property name="env.PYENV_ROOT" value="/opt/pyenv" />
    <property name="env.TRAVIS_UID" value="2000" />
    <property name="prism.verbose" value="true" />
    <property name="env.NVM_BIN" value="/home/travis/.nvm/versions/node/v7.10.1/bin" />
    <property name="env.TRAVIS_COMMIT" value="97c84c86e87328bd066bc560e7f5b65fa1c4b652" />
    <property name="node.executable" value="node" />
    <property name="sun.boot.library.path" value="/usr/local/lib/jvm/openjdk11/lib" />
    <property name="sun.management.compiler" value="HotSpot 64-Bit Tiered Compilers" />
    <property name="java.awt.graphicsenv" value="sun.awt.X11GraphicsEnvironment" />
    <property name="env.GOPATH" value="/home/travis/gopath" />
    <property name="ptolemy.ptII.dir" value="/home/travis/build/icyphy/ptII" />
    <property name="env.USER" value="travis" />
    <property name="env.HISTFILESIZE" value="2000" />
    <property name="env.NVM_INC" value="/home/travis/.nvm/versions/node/v7.10.1/include/node" />
    <property name="timeout.longest" value="19000000" />
    <property name="env.PERLBREW_SHELLRC_VERSION" value="0.94" />
    <property name="env.TRAVIS_STACK_FEATURES" value="basic couchdb disabled-ipv6 docker docker-compose elasticsearch firefox go-toolchain google-chrome jdk memcached mongodb mysql nodejs_interpreter perl_interpreter perlbrew phantomjs postgresql python_interpreter redis ruby_interpreter sqlite xserver" />
    <property name="env.TRAVIS_PULL_REQUEST" value="false" />
    <property name="env.PYENV_SHELL" value="bash" />
    <property name="ant.project.name" value="ptII" />
    <property name="env.ANSI_RESET" value="\033[0m" />
    <property name="java.vm.specification.version" value="11" />
    <property name="env.TRAVIS_DIST" value="xenial" />
    <property name="env.CERTI_VERSION" value="4.0.0" />
    <property name="env.CERTI_HOST" value="localhost" />
    <property name="awt.toolkit" value="sun.awt.X11.XToolkit" />
    <property name="env.MY_RUBY_HOME" value="/home/travis/.rvm/rubies/ruby-2.5.3" />
    <property name="sun.cpu.isalist" value="" />
    <property name="env.TRAVIS_TMPDIR" value="/tmp/tmp.KG0Q3STHKH" />
    <property name="java.vm.compressedOopsMode" value="Zero based" />
    <property name="os.version" value="4.15.0-1098-gcp" />
    <property name="user.home" value="/home/travis" />
    <property name="java.vm.vendor" value="Oracle Corporation" />
    <property name="env.TRAVIS_TAG" value="nightly" />
    <property name="env.ANSI_YELLOW" value="\033[33;1m" />
    <property name="env.TRAVIS_FILTERED" value="redirect_io" />
    <property name="env.ANSI_GREEN" value="\033[32;1m" />
    <property name="env.JAVA_HOME" value="/usr/local/lib/jvm/openjdk11" />
    <property name="javadoc.excludepackagenames" value="adm.cvs2svn.*,build.*,config.*,doc.coding.templates.*,jni.test.jni.meaningOfLife.*,jni.test.jni.testDeux.*,jni.test.jni.testTrois.*,org.terraswarm.accessor.accessors.web.node_modules.*,org.terraswarm.accessor.accessors.web.hosts.cordova.demo.*,org.terraswarm.accessor.accessors.web.hosts.cordova.plugins.*,org.terraswarm.accessor.accessors-svn.*,pt-modules.*,ptolemy.apps.agilent.*,ptolemy.apps.anytimecontrol.*,ptolemy.apps.apes.*,ptolemy.apps.charon.*,ptolemy.apps.crazyboard.*,ptolemy.apps.eclipse.*,ptolemy.apps.etherealSting.*,ptolemy.apps.fullscreen.*,ptolemy.apps.giotto.*,ptolemy.apps.ia.*,ptolemy.apps.interfaces.*,ptolemy.apps.jmf.*,ptolemy.apps.kurt.*,ptolemy.apps.kvm.*,ptolemy.apps.lego.*,ptolemy.apps.lejos.*,ptolemy.apps.midp.*,ptolemy.apps.mobileCoding.*,ptolemy.apps.pendulum.*,ptolemy.apps.rijndael.*,ptolemy.apps.robot.*,ptolemy.apps.security.*,ptolemy.apps.sobel.*,ptolemy.apps.soot.*,ptolemy.apps.throttle.*,ptolemy.apps.tini.*,ptolemy.apps.transmission.*,ptolemy.apps.vergil.*,ptolemy.apps.waba.*,ptolemy.apps.websensor.*,ptolemy.apps.webstart.*,ptolemy.apps.xsl.*,ptolemy.apps.zaurus.*,ptolemy.codegen.c.actor.lib.oldJavaFiles.*,ptolemy.codegen.dsp.lib.*,ptolemy.codegen.kernel.newInterfaces.*,ptolemy.codegen.lib.*,ptolemy.copernicus.kernel.fragment.*,ptolemy.copernicus.shallow.cg.*,ptolemy.domains.giotto.demo.Hierarchy.Hierarchy.*,ptolemy.domains.giotto.demo.Multimode.Multimode.*,ptolemy.domains.giotto.demo.Simple.Simple.*,ptolemy.domains.gr.lib.experimental.*,ptolemy.domains.gro.*,ptolemy.domains.pdf.*,ptolemy.domains.ptinyos.demo.Surge.output.*,ptolemy.moml.test.NoPackageActor.java*,ptolemy.plot.adm.*,ptolemy.plot.servlet.*,reports.*,signed.*,src.*,target.*,vendors.*,ptolemy.copernicus.applet.*,ptolemy.media.viewer.*,ptolemy.actor.corba.*,doc.doclets.*,ptolemy.apps.eclipse.awt.*,ptolemy.backtrack.*,ptolemy.backtrack.ast.*,ptolemy.cg.adapter.generic.program.procedural.c.mbed*,ptolemy.homer.*,ptolemy.actor.lib.jai.*,org.ptolemy.scala.*,diva.util.java2d.svg.*,ptolemy.domains.ptinyos.*,ptolemy.actor.lib.fmi.fmipp.*,,org.terraswarm.accessor.accessors.web.node_modules.*,org.terraswarm.accessor.accessors-svn,ptolemy.apps.*,ptolemy.actor.ptalon.demo.ptinyos.SendAndReceiveCnt.output,ptolemy.actor.ptalon.demo.ptinyos.SenseToLeds.output,ptolemy.domains.ptinyos.demo.CntToLedsAndRfm.output,ptolemy.domains.ptinyos.demo.RfmToLeds.output,ptolemy.domains.ptinyos.demo.SendAndReceiveCnt.output,ptolemy.domains.ptinyos.demo.SenseToLeds.output,ptolemy.actor.lib.jjs.modules.udpSocket.*" />
    <property name="env.PTII" value="/home/travis/build/icyphy/ptII" />
    <property name="env.XDG_SESSION_ID" value="2" />
    <property name="keystore" value="ptKeystore" />
    <property name="env.TRAVIS_COMMIT_MESSAGE" value="Try running the hlacerti tests in Travis." />
    <property name="junit.output.dir" value="/home/travis/build/icyphy/ptII/reports/junit" />
    <property name="npm.return.code" value="0" />
    <property name="user.dir" value="/home/travis/build/icyphy/ptII/ptolemy/domains/modal/test" />
    <property name="env.TRAVIS_NODE_VERSION" value="7" />
    <property name="env.TRAVIS_EVENT_TYPE" value="cron" />
    <property name="env.MAIL" value="/var/mail/travis" />
    <property name="env.PERLBREW_ROOT" value="/home/travis/perl5/perlbrew" />
    <property name="env.PWD" value="/home/travis/build/icyphy/ptII" />
    <property name="timeout.npm" value="45000" />
    <property name="env.PT_TRAVIS_TEST_CORE2_XML" value="true" />
    <property name="env.TRAVIS_ARCH" value="amd64" />
    <property name="sun.cpu.endian" value="little" />
    <property name="env.PAGER" value="cat" />
    <property name="env.TRAVIS_BUILD_STAGE_NAME" value="test" />
    <property name="env.PERLBREW_HOME" value="/home/travis/.perlbrew" />
    <property name="java.vm.version" value="11.0.2+9" />
    <property name="env.RAILS_ENV" value="test" />
    <property name="java.class.path" value="/home/travis/build/icyphy/ptII:/home/travis/build/icyphy/ptII/lib/asm-all-5.2.jar:/home/travis/build/icyphy/ptII/lib/nashorn-core-15.3.jar:/home/travis/build/icyphy/ptII/lib/bsh-2.0b4.jar:/home/travis/build/icyphy/ptII/lib/ptCal.jar:/home/travis/build/icyphy/ptII/lib/java_cup.jar:/home/travis/build/icyphy/ptII/lib/saxon8.jar:/home/travis/build/icyphy/ptII/lib/saxon8-dom.jar:/home/travis/build/icyphy/ptII/lib/chic.jar:/home/travis/build/icyphy/ptII/lib/ptcolt.jar:/home/travis/build/icyphy/ptII/vendors/misc/itext/iText.jar:/home/travis/build/icyphy/ptII/lib/g4ltl.jar:/home/travis/build/icyphy/ptII/lib/StructuralCoder.jar:/home/travis/build/icyphy/ptII/lib/jcerti.jar:/home/travis/build/icyphy/ptII/lib/javax.mail.jar:/home/travis/build/icyphy/ptII/vendors/JMF-2.1.1e/lib/jmf.jar:/home/travis/build/icyphy/ptII/lib/jna-4.0.0-variadic.jar:/home/travis/build/icyphy/ptII/vendors/misc/joystick/Joystick.jar:/home/travis/build/icyphy/ptII/lib/ptjacl.jar:/home/travis/build/icyphy/ptII/lib/jsoup-1.14.2.jar:/home/travis/build/icyphy/ptII/lib/junit-4.8.2.jar:/home/travis/build/icyphy/ptII/lib/JUnitParams-0.4.0.jar:/home/travis/build/icyphy/ptII/ptolemy/actor/lib/excel/jxl.jar:/home/travis/build/icyphy/ptII/lib/jython.jar:/home/travis/build/icyphy/ptII/lib/kieler.jar:/home/travis/build/icyphy/ptII/vendors/opencv/share/OpenCV/java/opencv-341.jar:/home/travis/build/icyphy/ptII/lib/oscP5.jar:/home/travis/build/icyphy/ptII/lib/nrjavaserial-3.11.0.devel.jar:/home/travis/build/icyphy/ptII/vendors/j3d/lib/Linux/j3dcore.jar:/home/travis/build/icyphy/ptII/vendors/j3d/lib/Linux/j3dutils.jar:/home/travis/build/icyphy/ptII/vendors/j3d/lib/Linux/vecmath.jar:/home/travis/build/icyphy/ptII/vendors/jogl/lib/Linux/gluegen-rt-natives-linux-amd64.jar:/home/travis/build/icyphy/ptII/vendors/jogl/lib/Linux/gluegen-rt.jar:/home/travis/build/icyphy/ptII/vendors/jogl/lib/Linux/jogl-all-natives-linux-amd64.jar:/home/travis/build/icyphy/ptII/vendors/jogl/lib/Linux/jogl-all.jar:/home/travis/build/icyphy/ptII/ptolemy/distributed/jini/jar/jini-core.jar:/home/travis/build/icyphy/ptII/ptolemy/distributed/jini/jar/jini-ext.jar:/home/travis/build/icyphy/ptII/ptolemy/distributed/jini/jar/sun-util.jar:/home/travis/build/icyphy/ptII/lib/protobuf-java-2.4.1.jar:/home/travis/build/icyphy/ptII/lib/org.eclipse.paho.client.mqttv3.jar:/home/travis/build/icyphy/ptII/lib/mapss.jar:/home/travis/build/icyphy/ptII/ptolemy/actor/ptalon/antlr/antlr.jar:/home/travis/build/icyphy/ptII/lib/JRI.jar:/home/travis/build/icyphy/ptII/lib/commons-lang-2.6.jar:/home/travis/build/icyphy/ptII/lib/commons-logging-1.1.1.jar:/home/travis/build/icyphy/ptII/lib/sootclasses.jar:/home/travis/build/icyphy/ptII/ptolemy/actor/lib/database/mysql-connector-java-8.0.26.jar:/home/travis/build/icyphy/ptII/vendors/misc/sphinx4/sphinx4-data-5prealpha.jar:/home/travis/build/icyphy/ptII/vendors/misc/sphinx4/sphinx4-core-5prealpha.jar:/home/travis/build/icyphy/ptII/lib/PDFRenderer.jar:/home/travis/build/icyphy/ptII/lib/svgSalamander.jar:/home/travis/build/icyphy/ptII/lib/rsyntaxtextarea-2.6.0-SNAPSHOT.jar:/home/travis/build/icyphy/ptII/lib/hazelcast-3.8.2.jar:/home/travis/build/icyphy/ptII/lib/jackson-annotations-2.9.0.jar:/home/travis/build/icyphy/ptII/lib/jackson-core-2.9.3.jar:/home/travis/build/icyphy/ptII/lib/jackson-databind-2.9.3.jar:/home/travis/build/icyphy/ptII/lib/netty-buffer-4.1.19.Final.jar:/home/travis/build/icyphy/ptII/lib/netty-codec-4.1.19.Final.jar:/home/travis/build/icyphy/ptII/lib/netty-codec-dns-4.1.19.Final.jar:/home/travis/build/icyphy/ptII/lib/netty-codec-http-4.1.19.Final.jar:/home/travis/build/icyphy/ptII/lib/netty-codec-http2-4.1.19.Final.jar:/home/travis/build/icyphy/ptII/lib/netty-common-4.1.19.Final.jar:/home/travis/build/icyphy/ptII/lib/netty-handler-4.1.19.Final.jar:/home/travis/build/icyphy/ptII/lib/netty-resolver-4.1.19.Final.jar:/home/travis/build/icyphy/ptII/lib/netty-resolver-dns-4.1.19.Final.jar:/home/travis/build/icyphy/ptII/lib/netty-transport-4.1.19.Final.jar:/home/travis/build/icyphy/ptII/lib/vertx-codegen-3.5.1.jar:/home/travis/build/icyphy/ptII/lib/vertx-core-3.5.2-SNAPSHOT.jar:/home/travis/build/icyphy/ptII/lib/vertx-hazelcast-3.5.1.jar:/home/travis/build/icyphy/ptII/lib/vertx-lang-js-3.5.1.jar:/home/travis/build/icyphy/ptII/lib/vertx-service-proxy-3.5.1.jar:/home/travis/build/icyphy/ptII/lib/vertx-web-3.5.1.jar:/home/travis/build/icyphy/ptII/lib/slf4j-api-1.7.13.jar:/home/travis/build/icyphy/ptII/lib/slf4j-simple-1.7.13.jar:/home/travis/build/icyphy/ptII/lib/webcam-capture-0.3.12.jar:/home/travis/build/icyphy/ptII/lib/bridj-0.7.0.jar:/home/travis/build/icyphy/ptII/lib/xbjlib-1.1.0.nrjavaserial.jar:/home/travis/build/icyphy/ptII/ptolemy/moml/test:/home/travis/build/icyphy/ptII/ant/lib/ant-launcher.jar:/home/travis/build/icyphy/ptII/ant/lib/ant.jar:/home/travis/build/icyphy/ptII/ant/lib/ant-junit.jar:/home/travis/build/icyphy/ptII/ant/lib/ant-junit4.jar" />
    <property name="ant.library.dir" value="/home/travis/build/icyphy/ptII/ant/lib" />
    <property name="os.arch" value="amd64" />
    <property name="env.CONTINUOUS_INTEGRATION" value="true" />
    <property name="env.TRAVIS_LANGUAGE" value="node_js" />
    <property name="env.TRAVIS_STACK_LANGUAGES" value="__sardonyx__ c c++ clojure cplusplus cpp default generic go groovy java node_js php pure_java python ruby scala" />
    <property name="test.name" value="ptolemy.actor.lib.test.junit.JUnitTclTest" />
    <property name="env.APT_KEY_DONT_WARN_ON_DANGEROUS_USAGE" value="1" />
    <property name="sun.java.launcher" value="SUN_STANDARD" />
    <property name="env.PYTHON_CONFIGURE_OPTS" value="--enable-unicode=ucs4 --with-wide-unicode --enable-shared --enable-ipv6 --enable-loadable-sqlite-extensions --with-computed-gotos" />
    <property name="ant.core.lib" value="/home/travis/build/icyphy/ptII/ant/lib/ant.jar" />
    <property name="java.vm.specification.vendor" value="Oracle Corporation" />
    <property name="env.BCVTB_HOME" value="/home/travis/build/icyphy/ptII/lbnl" />
    <property name="file.separator" value="/" />
    <property name="spotbugs.home" value="/home/travis/build/icyphy/ptII/vendors/spotbugs-3.1.1" />
    <property name="java.runtime.version" value="11.0.2+9" />
    <property name="javafx.verbose" value="true" />
    <property name="env.ANSI_CLEAR" value="\033[0K" />
    <property name="env.HAS_JOSH_K_SEAL_OF_APPROVAL" value="true" />
    <property name="env.XDG_RUNTIME_DIR" value="/run/user/2000" />
    <property name="env.TRAVIS_OSX_IMAGE" value="" />
    <property name="env.TRAVIS_JOB_ID" value="575718084" />
    <property name="env.TRAVIS_BRANCH" value="master" />
    <property name="user.country" value="US" />
    <property name="env.CERTI_HOME_TRAVIS" value="/home/travis/pthla/certi-tools" />
    <property name="env.SHELL" value="/bin/bash" />
    <property name="java.maxmemory.large" value="3200m" />
    <property name="model" value="" />
    <property name="env.CASHER_DIR" value="/home/travis/.casher" />
    <property name="env.NVM_CD_FLAGS" value="" />
    <property name="java.vendor.version" value="18.9" />
    <property name="jshint.executable" value="/home/travis/node_modules/jshint/bin/jshint" />
    <property name="env.JRUBY_OPTS" value=" --client -J-XX:+TieredCompilation -J-XX:TieredStopAtLevel=1 -J-Xss2m -Xcompile.invokedynamic=false" />
    <property name="java.vendor" value="Oracle Corporation" />
    <property name="env.TRAVIS_PRE_CHEF_BOOTSTRAP_TIME" value="2022-03-21T11:28:53" />
    <property name="env.TRAVIS_STACK_JOB_BOARD_REGISTER" value="/.job-board-register.yml" />
    <property name="env.ANSI_RED" value="\033[31;1m" />
    <property name="java.specification.version" value="11" />
    <property name="env.IRBRC" value="/home/travis/.rvm/rubies/ruby-2.5.3/.irbrc" />
    <property name="env.TRAVIS" value="true" />
    <property name="sun.arch.data.model" value="64" />
  </properties>
  <testcase classname="ptolemy.util.test.junit.TclTests" name="[0] /home/travis/build/icyphy/ptII/ptolemy/domains/modal/test/SystemLevelType.tcl (RunTclFile)" time="1.905" />
  <testcase classname="ptolemy.util.test.junit.AutoKnownFailedTests" name="[0] /home/travis/build/icyphy/ptII/ptolemy/domains/modal/test/auto/knownFailedTests/CannotAnalysisWithPreemption.xml (RunModel)" time="0.307" />
  <testcase classname="ptolemy.util.test.junit.AutoNameArchTests" name="[0] ThereAreNoAutoArchTests (RunModel)" time="0.002" />
  <testcase classname="ptolemy.util.test.junit.AutoTests" name="[0] /home/travis/build/icyphy/ptII/ptolemy/domains/modal/test/auto/ABPTest.xml (RunModel)" time="0.747" />
  <testcase classname="ptolemy.util.test.junit.AutoTests" name="[1] /home/travis/build/icyphy/ptII/ptolemy/domains/modal/test/auto/ABROFlat.xml (RunModel)" time="0.068" />
  <testcase classname="ptolemy.util.test.junit.AutoTests" name="[2] /home/travis/build/icyphy/ptII/ptolemy/domains/modal/test/auto/ABROFlat2.xml (RunModel)" time="0.067" />
  <testcase classname="ptolemy.util.test.junit.AutoTests" name="[3] /home/travis/build/icyphy/ptII/ptolemy/domains/modal/test/auto/ABRO_present_hmm.xml (RunModel)" time="0.149" />
  <testcase classname="ptolemy.util.test.junit.AutoTests" name="[4] /home/travis/build/icyphy/ptII/ptolemy/domains/modal/test/auto/AMICoderExample.xml (RunModel)" time="0.082" />
  <testcase classname="ptolemy.util.test.junit.AutoTests" name="[5] /home/travis/build/icyphy/ptII/ptolemy/domains/modal/test/auto/AbsentToPresent.xml (RunModel)" time="0.039" />
  <testcase classname="ptolemy.util.test.junit.AutoTests" name="[6] /home/travis/build/icyphy/ptII/ptolemy/domains/modal/test/auto/Blending.xml (RunModel)" time="0.299" />
  <testcase classname="ptolemy.util.test.junit.AutoTests" name="[7] /home/travis/build/icyphy/ptII/ptolemy/domains/modal/test/auto/Broadcast.xml (RunModel)" time="0.049" />
  <testcase classname="ptolemy.util.test.junit.AutoTests" name="[8] /home/travis/build/icyphy/ptII/ptolemy/domains/modal/test/auto/BroadcastHierarchy.xml (RunModel)" time="0.058" />
  <testcase classname="ptolemy.util.test.junit.AutoTests" name="[9] /home/travis/build/icyphy/ptII/ptolemy/domains/modal/test/auto/BroadcastHierarchy2.xml (RunModel)" time="0.148" />
  <testcase classname="ptolemy.util.test.junit.AutoTests" name="[10] /home/travis/build/icyphy/ptII/ptolemy/domains/modal/test/auto/BroadcastHierarchy3.xml (RunModel)" time="0.076" />
  <testcase classname="ptolemy.util.test.junit.AutoTests" name="[11] /home/travis/build/icyphy/ptII/ptolemy/domains/modal/test/auto/BroadcastHierarchy4.xml (RunModel)" time="0.084" />
  <testcase classname="ptolemy.util.test.junit.AutoTests" name="[12] /home/travis/build/icyphy/ptII/ptolemy/domains/modal/test/auto/CannotAnalysisWithPreemption2.xml (RunModel)" time="0.028" />
  <testcase classname="ptolemy.util.test.junit.AutoTests" name="[13] /home/travis/build/icyphy/ptII/ptolemy/domains/modal/test/auto/CannotAnalysisWithPreemption3.xml (RunModel)" time="0.043" />
  <testcase classname="ptolemy.util.test.junit.AutoTests" name="[14] /home/travis/build/icyphy/ptII/ptolemy/domains/modal/test/auto/CannotProduce.xml (RunModel)" time="0.035" />
  <testcase classname="ptolemy.util.test.junit.AutoTests" name="[15] /home/travis/build/icyphy/ptII/ptolemy/domains/modal/test/auto/CannotProduceModal.xml (RunModel)" time="0.028" />
  <testcase classname="ptolemy.util.test.junit.AutoTests" name="[16] /home/travis/build/icyphy/ptII/ptolemy/domains/modal/test/auto/Case.xml (RunModel)" time="0.075" />
  <testcase classname="ptolemy.util.test.junit.AutoTests" name="[17] /home/travis/build/icyphy/ptII/ptolemy/domains/modal/test/auto/Case1.xml (RunModel)" time="0.031" />
  <testcase classname="ptolemy.util.test.junit.AutoTests" name="[18] /home/travis/build/icyphy/ptII/ptolemy/domains/modal/test/auto/Case2.xml (RunModel)" time="0.062" />
  <testcase classname="ptolemy.util.test.junit.AutoTests" name="[19] /home/travis/build/icyphy/ptII/ptolemy/domains/modal/test/auto/CausalityInterface1.xml (RunModel)" time="0.032" />
  <testcase classname="ptolemy.util.test.junit.AutoTests" name="[20] /home/travis/build/icyphy/ptII/ptolemy/domains/modal/test/auto/CausalityInterface10.xml (RunModel)" time="0.053" />
  <testcase classname="ptolemy.util.test.junit.AutoTests" name="[21] /home/travis/build/icyphy/ptII/ptolemy/domains/modal/test/auto/CausalityInterface11.xml (RunModel)" time="0.048" />
  <testcase classname="ptolemy.util.test.junit.AutoTests" name="[22] /home/travis/build/icyphy/ptII/ptolemy/domains/modal/test/auto/CausalityInterface12.xml (RunModel)" time="0.051" />
  <testcase classname="ptolemy.util.test.junit.AutoTests" name="[23] /home/travis/build/icyphy/ptII/ptolemy/domains/modal/test/auto/CausalityInterface13.xml (RunModel)" time="0.061" />
  <testcase classname="ptolemy.util.test.junit.AutoTests" name="[24] /home/travis/build/icyphy/ptII/ptolemy/domains/modal/test/auto/CausalityInterface14.xml (RunModel)" time="0.054" />
  <testcase classname="ptolemy.util.test.junit.AutoTests" name="[25] /home/travis/build/icyphy/ptII/ptolemy/domains/modal/test/auto/CausalityInterface2.xml (RunModel)" time="0.038" />
  <testcase classname="ptolemy.util.test.junit.AutoTests" name="[26] /home/travis/build/icyphy/ptII/ptolemy/domains/modal/test/auto/CausalityInterface3.xml (RunModel)" time="0.03" />
  <testcase classname="ptolemy.util.test.junit.AutoTests" name="[27] /home/travis/build/icyphy/ptII/ptolemy/domains/modal/test/auto/CausalityInterface4.xml (RunModel)" time="0.031" />
  <testcase classname="ptolemy.util.test.junit.AutoTests" name="[28] /home/travis/build/icyphy/ptII/ptolemy/domains/modal/test/auto/CausalityInterface5.xml (RunModel)" time="0.033" />
  <testcase classname="ptolemy.util.test.junit.AutoTests" name="[29] /home/travis/build/icyphy/ptII/ptolemy/domains/modal/test/auto/CausalityInterface6.xml (RunModel)" time="0.033" />
  <testcase classname="ptolemy.util.test.junit.AutoTests" name="[30] /home/travis/build/icyphy/ptII/ptolemy/domains/modal/test/auto/CausalityInterface7.xml (RunModel)" time="0.046" />
  <testcase classname="ptolemy.util.test.junit.AutoTests" name="[31] /home/travis/build/icyphy/ptII/ptolemy/domains/modal/test/auto/CausalityInterface8.xml (RunModel)" time="0.04" />
  <testcase classname="ptolemy.util.test.junit.AutoTests" name="[32] /home/travis/build/icyphy/ptII/ptolemy/domains/modal/test/auto/CausalityInterface9.xml (RunModel)" time="0.025" />
  <testcase classname="ptolemy.util.test.junit.AutoTests" name="[33] /home/travis/build/icyphy/ptII/ptolemy/domains/modal/test/auto/ChainedTransitions.xml (RunModel)" time="0.164" />
  <testcase classname="ptolemy.util.test.junit.AutoTests" name="[34] /home/travis/build/icyphy/ptII/ptolemy/domains/modal/test/auto/CycleOfImmediateTransitionsFSM.xml (RunModel)" time="0.021" />
  <testcase classname="ptolemy.util.test.junit.AutoTests" name="[35] /home/travis/build/icyphy/ptII/ptolemy/domains/modal/test/auto/CycleOfImmediateTransitionsModal.xml (RunModel)" time="0.022" />
  <testcase classname="ptolemy.util.test.junit.AutoTests" name="[36] /home/travis/build/icyphy/ptII/ptolemy/domains/modal/test/auto/CycleOfImmediateTransitionsModal2.xml (RunModel)" time="0.036" />
  <testcase classname="ptolemy.util.test.junit.AutoTests" name="[37] /home/travis/build/icyphy/ptII/ptolemy/domains/modal/test/auto/CycleOfImmediateTransitionsModal3.xml (RunModel)" time="0.075" />
  <testcase classname="ptolemy.util.test.junit.AutoTests" name="[38] /home/travis/build/icyphy/ptII/ptolemy/domains/modal/test/auto/DeepModal1.xml (RunModel)" time="0.05" />
  <testcase classname="ptolemy.util.test.junit.AutoTests" name="[39] /home/travis/build/icyphy/ptII/ptolemy/domains/modal/test/auto/DeepModal2.xml (RunModel)" time="0.081" />
  <testcase classname="ptolemy.util.test.junit.AutoTests" name="[40] /home/travis/build/icyphy/ptII/ptolemy/domains/modal/test/auto/DeepModal3.xml (RunModel)" time="0.061" />
  <testcase classname="ptolemy.util.test.junit.AutoTests" name="[41] /home/travis/build/icyphy/ptII/ptolemy/domains/modal/test/auto/DeepModal4.xml (RunModel)" time="0.07" />
  <testcase classname="ptolemy.util.test.junit.AutoTests" name="[42] /home/travis/build/icyphy/ptII/ptolemy/domains/modal/test/auto/Default1.xml (RunModel)" time="0.017" />
  <testcase classname="ptolemy.util.test.junit.AutoTests" name="[43] /home/travis/build/icyphy/ptII/ptolemy/domains/modal/test/auto/Default2.xml (RunModel)" time="0.022" />
  <testcase classname="ptolemy.util.test.junit.AutoTests" name="[44] /home/travis/build/icyphy/ptII/ptolemy/domains/modal/test/auto/Default3.xml (RunModel)" time="0.021" />
  <testcase classname="ptolemy.util.test.junit.AutoTests" name="[45] /home/travis/build/icyphy/ptII/ptolemy/domains/modal/test/auto/Default4.xml (RunModel)" time="0.022" />
  <testcase classname="ptolemy.util.test.junit.AutoTests" name="[46] /home/travis/build/icyphy/ptII/ptolemy/domains/modal/test/auto/Default5.xml (RunModel)" time="0.025" />
  <testcase classname="ptolemy.util.test.junit.AutoTests" name="[47] /home/travis/build/icyphy/ptII/ptolemy/domains/modal/test/auto/EmptyGuard.xml (RunModel)" time="0.027" />
  <testcase classname="ptolemy.util.test.junit.AutoTests" name="[48] /home/travis/build/icyphy/ptII/ptolemy/domains/modal/test/auto/ErrorTransition1.xml (RunModel)" time="0.029" />
  <testcase classname="ptolemy.util.test.junit.AutoTests" name="[49] /home/travis/build/icyphy/ptII/ptolemy/domains/modal/test/auto/ErrorTransition10.xml (RunModel)" time="0.039" />
  <testcase classname="ptolemy.util.test.junit.AutoTests" name="[50] /home/travis/build/icyphy/ptII/ptolemy/domains/modal/test/auto/ErrorTransition11.xml (RunModel)" time="0.066" />
  <testcase classname="ptolemy.util.test.junit.AutoTests" name="[51] /home/travis/build/icyphy/ptII/ptolemy/domains/modal/test/auto/ErrorTransition2.xml (RunModel)" time="0.032" />
  <testcase classname="ptolemy.util.test.junit.AutoTests" name="[52] /home/travis/build/icyphy/ptII/ptolemy/domains/modal/test/auto/ErrorTransition3.xml (RunModel)" time="0.047" />
  <testcase classname="ptolemy.util.test.junit.AutoTests" name="[53] /home/travis/build/icyphy/ptII/ptolemy/domains/modal/test/auto/ErrorTransition4.xml (RunModel)" time="0.042" />
  <testcase classname="ptolemy.util.test.junit.AutoTests" name="[54] /home/travis/build/icyphy/ptII/ptolemy/domains/modal/test/auto/ErrorTransition5.xml (RunModel)" time="0.029" />
  <testcase classname="ptolemy.util.test.junit.AutoTests" name="[55] /home/travis/build/icyphy/ptII/ptolemy/domains/modal/test/auto/ErrorTransition6.xml (RunModel)" time="0.033" />
  <testcase classname="ptolemy.util.test.junit.AutoTests" name="[56] /home/travis/build/icyphy/ptII/ptolemy/domains/modal/test/auto/ErrorTransition7.xml (RunModel)" time="0.045" />
  <testcase classname="ptolemy.util.test.junit.AutoTests" name="[57] /home/travis/build/icyphy/ptII/ptolemy/domains/modal/test/auto/ErrorTransition8.xml (RunModel)" time="0.055" />
  <testcase classname="ptolemy.util.test.junit.AutoTests" name="[58] /home/travis/build/icyphy/ptII/ptolemy/domains/modal/test/auto/ErrorTransition9.xml (RunModel)" time="0.04" />
  <testcase classname="ptolemy.util.test.junit.AutoTests" name="[59] /home/travis/build/icyphy/ptII/ptolemy/domains/modal/test/auto/ExtendedFSM.xml (RunModel)" time="0.025" />
  <testcase classname="ptolemy.util.test.junit.AutoTests" name="[60] /home/travis/build/icyphy/ptII/ptolemy/domains/modal/test/auto/FinalStates.xml (RunModel)" time="0.023" />
  <testcase classname="ptolemy.util.test.junit.AutoTests" name="[61] /home/travis/build/icyphy/ptII/ptolemy/domains/modal/test/auto/FixedPointFSM.xml (RunModel)" time="0.047" />
  <testcase classname="ptolemy.util.test.junit.AutoTests" name="[62] /home/travis/build/icyphy/ptII/ptolemy/domains/modal/test/auto/FixedPointIterationFSMActor.xml (RunModel)" time="0.042" />
  <testcase classname="ptolemy.util.test.junit.AutoTests" name="[63] /home/travis/build/icyphy/ptII/ptolemy/domains/modal/test/auto/FixedPointIterationFSMActor2.xml (RunModel)" time="0.029" />
  <testcase classname="ptolemy.util.test.junit.AutoTests" name="[64] /home/travis/build/icyphy/ptII/ptolemy/domains/modal/test/auto/ForbiddenInstantanousLoop.xml (RunModel)" time="0.026" />
  <testcase classname="ptolemy.util.test.junit.AutoTests" name="[65] /home/travis/build/icyphy/ptII/ptolemy/domains/modal/test/auto/FunctionDependencyOfFSMActorTest.xml (RunModel)" time="0.018" />
  <testcase classname="ptolemy.util.test.junit.AutoTests" name="[66] /home/travis/build/icyphy/ptII/ptolemy/domains/modal/test/auto/GuardExpression.xml (RunModel)" time="0.013" />
  <testcase classname="ptolemy.util.test.junit.AutoTests" name="[67] /home/travis/build/icyphy/ptII/ptolemy/domains/modal/test/auto/GuardNotEvaluated.xml (RunModel)" time="0.019" />
  <testcase classname="ptolemy.util.test.junit.AutoTests" name="[68] /home/travis/build/icyphy/ptII/ptolemy/domains/modal/test/auto/GuardNotEvaluated2.xml (RunModel)" time="0.022" />
  <testcase classname="ptolemy.util.test.junit.AutoTests" name="[69] /home/travis/build/icyphy/ptII/ptolemy/domains/modal/test/auto/GuardOnAbsent.xml (RunModel)" time="0.022" />
  <testcase classname="ptolemy.util.test.junit.AutoTests" name="[70] /home/travis/build/icyphy/ptII/ptolemy/domains/modal/test/auto/HierarchicalFSMTypeInference.xml (RunModel)" time="0.029" />
  <testcase classname="ptolemy.util.test.junit.AutoTests" name="[71] /home/travis/build/icyphy/ptII/ptolemy/domains/modal/test/auto/Hysteresis.xml (RunModel)" time="0.042" />
  <testcase classname="ptolemy.util.test.junit.AutoTests" name="[72] /home/travis/build/icyphy/ptII/ptolemy/domains/modal/test/auto/HysteresisWithDefault.xml (RunModel)" time="0.057" />
  <testcase classname="ptolemy.util.test.junit.AutoTests" name="[73] /home/travis/build/icyphy/ptII/ptolemy/domains/modal/test/auto/HysteresisWithDefault2.xml (RunModel)" time="0.102" />
  <testcase classname="ptolemy.util.test.junit.AutoTests" name="[74] /home/travis/build/icyphy/ptII/ptolemy/domains/modal/test/auto/ImmediateNonConstructiveness.xml (RunModel)" time="0.022" />
  <testcase classname="ptolemy.util.test.junit.AutoTests" name="[75] /home/travis/build/icyphy/ptII/ptolemy/domains/modal/test/auto/ImmediateNonConstructiveness2.xml (RunModel)" time="0.018" />
  <testcase classname="ptolemy.util.test.junit.AutoTests" name="[76] /home/travis/build/icyphy/ptII/ptolemy/domains/modal/test/auto/ImmediateTransitionReset.xml (RunModel)" time="0.027" />
  <testcase classname="ptolemy.util.test.junit.AutoTests" name="[77] /home/travis/build/icyphy/ptII/ptolemy/domains/modal/test/auto/ImmediateTransitions1.xml (RunModel)" time="0.01" />
  <testcase classname="ptolemy.util.test.junit.AutoTests" name="[78] /home/travis/build/icyphy/ptII/ptolemy/domains/modal/test/auto/ImmediateTransitionsInstantaneousCommunication.xml (RunModel)" time="0.029" />
  <testcase classname="ptolemy.util.test.junit.AutoTests" name="[79] /home/travis/build/icyphy/ptII/ptolemy/domains/modal/test/auto/InitialImmediateTransition.xml (RunModel)" time="0.017" />
  <testcase classname="ptolemy.util.test.junit.AutoTests" name="[80] /home/travis/build/icyphy/ptII/ptolemy/domains/modal/test/auto/InitialOutputs.xml (RunModel)" time="0.015" />
  <testcase classname="ptolemy.util.test.junit.AutoTests" name="[81] /home/travis/build/icyphy/ptII/ptolemy/domains/modal/test/auto/InitialStateTransition1.xml (RunModel)" time="0.021" />
  <testcase classname="ptolemy.util.test.junit.AutoTests" name="[82] /home/travis/build/icyphy/ptII/ptolemy/domains/modal/test/auto/InitialStateTransition2.xml (RunModel)" time="0.021" />
  <testcase classname="ptolemy.util.test.junit.AutoTests" name="[83] /home/travis/build/icyphy/ptII/ptolemy/domains/modal/test/auto/InitialStateTransition3.xml (RunModel)" time="0.027" />
  <testcase classname="ptolemy.util.test.junit.AutoTests" name="[84] /home/travis/build/icyphy/ptII/ptolemy/domains/modal/test/auto/InitialStateTransition4.xml (RunModel)" time="0.031" />
  <testcase classname="ptolemy.util.test.junit.AutoTests" name="[85] /home/travis/build/icyphy/ptII/ptolemy/domains/modal/test/auto/MalformedGuardExpressionNotCaught.xml (RunModel)" time="0.02" />
  <testcase classname="ptolemy.util.test.junit.AutoTests" name="[86] /home/travis/build/icyphy/ptII/ptolemy/domains/modal/test/auto/ModalBSC.xml (RunModel)" time="0.097" />
  <testcase classname="ptolemy.util.test.junit.AutoTests" name="[87] /home/travis/build/icyphy/ptII/ptolemy/domains/modal/test/auto/ModalClocks.xml (RunModel)" time="0.076" />
  <testcase classname="ptolemy.util.test.junit.AutoTests" name="[88] /home/travis/build/icyphy/ptII/ptolemy/domains/modal/test/auto/ModalDelay.xml (RunModel)" time="0.044" />
  <testcase classname="ptolemy.util.test.junit.AutoTests" name="[89] /home/travis/build/icyphy/ptII/ptolemy/domains/modal/test/auto/ModalDelay2.xml (RunModel)" time="0.04" />
  <testcase classname="ptolemy.util.test.junit.AutoTests" name="[90] /home/travis/build/icyphy/ptII/ptolemy/domains/modal/test/auto/ModalModelFromMemo.xml (RunModel)" time="0.056" />
  <testcase classname="ptolemy.util.test.junit.AutoTests" name="[91] /home/travis/build/icyphy/ptII/ptolemy/domains/modal/test/auto/ModalModelWithMultirateTransient.xml (RunModel)" time="0.05" />
  <testcase classname="ptolemy.util.test.junit.AutoTests" name="[92] /home/travis/build/icyphy/ptII/ptolemy/domains/modal/test/auto/ModalModelWithReset.xml (RunModel)" time="0.048" />
  <testcase classname="ptolemy.util.test.junit.AutoTests" name="[93] /home/travis/build/icyphy/ptII/ptolemy/domains/modal/test/auto/MouseClickFSM.xml (RunModel)" time="0.036" />
  <testcase classname="ptolemy.util.test.junit.AutoTests" name="[94] /home/travis/build/icyphy/ptII/ptolemy/domains/modal/test/auto/MouseClickFSMModal.xml (RunModel)" time="0.03" />
  <testcase classname="ptolemy.util.test.junit.AutoTests" name="[95] /home/travis/build/icyphy/ptII/ptolemy/domains/modal/test/auto/NonStrictFSM_FeedbackLoop.xml (RunModel)" time="0.061" />
  <testcase classname="ptolemy.util.test.junit.AutoTests" name="[96] /home/travis/build/icyphy/ptII/ptolemy/domains/modal/test/auto/NonStrictFSM_FeedbackLoop_Refinement.xml (RunModel)" time="0.095" />
  <testcase classname="ptolemy.util.test.junit.AutoTests" name="[97] /home/travis/build/icyphy/ptII/ptolemy/domains/modal/test/auto/NonStrictFSM_FeedbackLoop_preemptive.xml (RunModel)" time="0.065" />
  <testcase classname="ptolemy.util.test.junit.AutoTests" name="[98] /home/travis/build/icyphy/ptII/ptolemy/domains/modal/test/auto/NormalTermination.xml (RunModel)" time="0.066" />
  <testcase classname="ptolemy.util.test.junit.AutoTests" name="[99] /home/travis/build/icyphy/ptII/ptolemy/domains/modal/test/auto/Pong.xml (RunModel)" time="0.092" />
  <testcase classname="ptolemy.util.test.junit.AutoTests" name="[100] /home/travis/build/icyphy/ptII/ptolemy/domains/modal/test/auto/Pong_test.xml (RunModel)" time="0.104" />
  <testcase classname="ptolemy.util.test.junit.AutoTests" name="[101] /home/travis/build/icyphy/ptII/ptolemy/domains/modal/test/auto/PreemptionHierarchy.xml (RunModel)" time="0.026" />
  <testcase classname="ptolemy.util.test.junit.AutoTests" name="[102] /home/travis/build/icyphy/ptII/ptolemy/domains/modal/test/auto/PreemptionHierarchy2.xml (RunModel)" time="0.067" />
  <testcase classname="ptolemy.util.test.junit.AutoTests" name="[103] /home/travis/build/icyphy/ptII/ptolemy/domains/modal/test/auto/PreemptiveTransition.xml (RunModel)" time="0.052" />
  <testcase classname="ptolemy.util.test.junit.AutoTests" name="[104] /home/travis/build/icyphy/ptII/ptolemy/domains/modal/test/auto/Priorities.xml (RunModel)" time="0.099" />
  <testcase classname="ptolemy.util.test.junit.AutoTests" name="[105] /home/travis/build/icyphy/ptII/ptolemy/domains/modal/test/auto/ResetFinal.xml (RunModel)" time="0.044" />
  <testcase classname="ptolemy.util.test.junit.AutoTests" name="[106] /home/travis/build/icyphy/ptII/ptolemy/domains/modal/test/auto/ResetFinal2.xml (RunModel)" time="0.047" />
  <testcase classname="ptolemy.util.test.junit.AutoTests" name="[107] /home/travis/build/icyphy/ptII/ptolemy/domains/modal/test/auto/ResetTransitionWithStartTime.xml (RunModel)" time="0.034" />
  <testcase classname="ptolemy.util.test.junit.AutoTests" name="[108] /home/travis/build/icyphy/ptII/ptolemy/domains/modal/test/auto/SDF-FSMComposite.xml (RunModel)" time="0.022" />
  <testcase classname="ptolemy.util.test.junit.AutoTests" name="[109] /home/travis/build/icyphy/ptII/ptolemy/domains/modal/test/auto/SeeminglyNondeterminate.xml (RunModel)" time="0.067" />
  <testcase classname="ptolemy.util.test.junit.AutoTests" name="[110] /home/travis/build/icyphy/ptII/ptolemy/domains/modal/test/auto/SeeminglyNondeterminate2.xml (RunModel)" time="0.071" />
  <testcase classname="ptolemy.util.test.junit.AutoTests" name="[111] /home/travis/build/icyphy/ptII/ptolemy/domains/modal/test/auto/SpontaneousFSM.xml (RunModel)" time="0.053" />
  <testcase classname="ptolemy.util.test.junit.AutoTests" name="[112] /home/travis/build/icyphy/ptII/ptolemy/domains/modal/test/auto/SpontaneousFSM2.xml (RunModel)" time="0.039" />
  <testcase classname="ptolemy.util.test.junit.AutoTests" name="[113] /home/travis/build/icyphy/ptII/ptolemy/domains/modal/test/auto/SpontaneousFSM3.xml (RunModel)" time="0.046" />
  <testcase classname="ptolemy.util.test.junit.AutoTests" name="[114] /home/travis/build/icyphy/ptII/ptolemy/domains/modal/test/auto/SpontaneousFSM4.xml (RunModel)" time="0.05" />
  <testcase classname="ptolemy.util.test.junit.AutoTests" name="[115] /home/travis/build/icyphy/ptII/ptolemy/domains/modal/test/auto/StateTrackerTest.xml (RunModel)" time="0.063" />
  <testcase classname="ptolemy.util.test.junit.AutoTests" name="[116] /home/travis/build/icyphy/ptII/ptolemy/domains/modal/test/auto/StrongImmediateTransition.xml (RunModel)" time="0.024" />
  <testcase classname="ptolemy.util.test.junit.AutoTests" name="[117] /home/travis/build/icyphy/ptII/ptolemy/domains/modal/test/auto/SustainHierarchy.xml (RunModel)" time="0.05" />
  <testcase classname="ptolemy.util.test.junit.AutoTests" name="[118] /home/travis/build/icyphy/ptII/ptolemy/domains/modal/test/auto/TerminationTransition1.xml (RunModel)" time="0.017" />
  <testcase classname="ptolemy.util.test.junit.AutoTests" name="[119] /home/travis/build/icyphy/ptII/ptolemy/domains/modal/test/auto/TerminationTransition2.xml (RunModel)" time="0.028" />
  <testcase classname="ptolemy.util.test.junit.AutoTests" name="[120] /home/travis/build/icyphy/ptII/ptolemy/domains/modal/test/auto/TerminationTransition3.xml (RunModel)" time="0.02" />
  <testcase classname="ptolemy.util.test.junit.AutoTests" name="[121] /home/travis/build/icyphy/ptII/ptolemy/domains/modal/test/auto/TerminationTransition4.xml (RunModel)" time="0.032" />
  <testcase classname="ptolemy.util.test.junit.AutoTests" name="[122] /home/travis/build/icyphy/ptII/ptolemy/domains/modal/test/auto/TerminationTransition5.xml (RunModel)" time="0.03" />
  <testcase classname="ptolemy.util.test.junit.AutoTests" name="[123] /home/travis/build/icyphy/ptII/ptolemy/domains/modal/test/auto/TerminationTransition6.xml (RunModel)" time="0.02" />
  <testcase classname="ptolemy.util.test.junit.AutoTests" name="[124] /home/travis/build/icyphy/ptII/ptolemy/domains/modal/test/auto/TerminationTransition7.xml (RunModel)" time="0.019" />
  <testcase classname="ptolemy.util.test.junit.AutoTests" name="[125] /home/travis/build/icyphy/ptII/ptolemy/domains/modal/test/auto/TerminationTransition8.xml (RunModel)" time="0.022" />
  <testcase classname="ptolemy.util.test.junit.AutoTests" name="[126] /home/travis/build/icyphy/ptII/ptolemy/domains/modal/test/auto/Thermostat_NoHysteresis.xml (RunModel)" time="0.05" />
  <testcase classname="ptolemy.util.test.junit.AutoTests" name="[127] /home/travis/build/icyphy/ptII/ptolemy/domains/modal/test/auto/TimedFSM.xml (RunModel)" time="0.029" />
  <testcase classname="ptolemy.util.test.junit.AutoTests" name="[128] /home/travis/build/icyphy/ptII/ptolemy/domains/modal/test/auto/Timeout1.xml (RunModel)" time="0.014" />
  <testcase classname="ptolemy.util.test.junit.AutoTests" name="[129] /home/travis/build/icyphy/ptII/ptolemy/domains/modal/test/auto/Timeout2.xml (RunModel)" time="0.023" />
  <testcase classname="ptolemy.util.test.junit.AutoTests" name="[130] /home/travis/build/icyphy/ptII/ptolemy/domains/modal/test/auto/Timeout3.xml (RunModel)" time="0.01" />
  <testcase classname="ptolemy.util.test.junit.AutoTests" name="[131] /home/travis/build/icyphy/ptII/ptolemy/domains/modal/test/auto/Timeout4.xml (RunModel)" time="0.012" />
  <testcase classname="ptolemy.util.test.junit.AutoTests" name="[132] /home/travis/build/icyphy/ptII/ptolemy/domains/modal/test/auto/TransientstateModelAdvanced.xml (RunModel)" time="0.026" />
  <testcase classname="ptolemy.util.test.junit.AutoTests" name="[133] /home/travis/build/icyphy/ptII/ptolemy/domains/modal/test/auto/TransientstateModelAdvanced2.xml (RunModel)" time="0.029" />
  <testcase classname="ptolemy.util.test.junit.AutoTests" name="[134] /home/travis/build/icyphy/ptII/ptolemy/domains/modal/test/auto/TransitionRefinements.xml (RunModel)" time="0.031" />
  <testcase classname="ptolemy.util.test.junit.AutoTests" name="[135] /home/travis/build/icyphy/ptII/ptolemy/domains/modal/test/auto/TwoRefinements1.xml (RunModel)" time="0.026" />
  <testcase classname="ptolemy.util.test.junit.AutoTests" name="[136] /home/travis/build/icyphy/ptII/ptolemy/domains/modal/test/auto/TwoRefinements2.xml (RunModel)" time="0.024" />
  <testcase classname="ptolemy.util.test.junit.AutoTests" name="[137] /home/travis/build/icyphy/ptII/ptolemy/domains/modal/test/auto/WeakImmediateTransition.xml (RunModel)" time="0.025" />
  <testcase classname="ptolemy.util.test.junit.AutoTests" name="[138] /home/travis/build/icyphy/ptII/ptolemy/domains/modal/test/auto/booleanSelect.xml (RunModel)" time="0.074" />
  <testcase classname="ptolemy.util.test.junit.AutoTests" name="[139] /home/travis/build/icyphy/ptII/ptolemy/domains/modal/test/auto/modalChangingParams.xml (RunModel)" time="0.275" />
  <testcase classname="ptolemy.util.test.junit.AutoTests" name="[140] /home/travis/build/icyphy/ptII/ptolemy/domains/modal/test/auto/modalModel.xml (RunModel)" time="0.024" />
  <testcase classname="ptolemy.util.test.junit.AutoTests" name="[141] /home/travis/build/icyphy/ptII/ptolemy/domains/modal/test/auto/modalModel2.xml (RunModel)" time="0.027" />
  <testcase classname="ptolemy.util.test.junit.AutoTests" name="[142] /home/travis/build/icyphy/ptII/ptolemy/domains/modal/test/auto/modalModel3.xml (RunModel)" time="0.063" />
  <testcase classname="ptolemy.util.test.junit.AutoTests" name="[143] /home/travis/build/icyphy/ptII/ptolemy/domains/modal/test/auto/model1.xml (RunModel)" time="0.025" />
  <testcase classname="ptolemy.util.test.junit.AutoTests" name="[144] /home/travis/build/icyphy/ptII/ptolemy/domains/modal/test/auto/test-direct-in-out.xml (RunModel)" time="0.033" />
  <system-out><![CDATA[/home/travis/build/icyphy/ptII/ptolemy/domains/modal/test/SystemLevelType.tcl
testDefs.tcl: setting time out to 9000 seconds at Wed Jul 06 02:17:01 UTC 2022
07/06/22 02:17:02
Failed: 0  Total Tests: 1  ((Passed: 1, Newly Passed: 0)  Known Failed: 0) /home/travis/build/icyphy/ptII/ptolemy/domains/modal/test
----------------- testing (KnownFailure) /home/travis/build/icyphy/ptII/ptolemy/domains/modal/test/auto/knownFailedTests/CannotAnalysisWithPreemption.xml
147 ms. Memory: 158720K Free: 92772K (58%)
Known Failure: java.lang.reflect.InvocationTargetException
No auto/linux-amd64/*.xml tests in /home/travis/build/icyphy/ptII/ptolemy/domains/modal/test
AutoTests.java: About to close Vertx.
AutoTests.java: Vertx closed.

===========================================================================================
----------------- testing Wed Jul 06 02:17:03 UTC 2022 /home/travis/build/icyphy/ptII/ptolemy/domains/modal/test/auto/ABPTest.xml
----------------- Instantiating /home/travis/build/icyphy/ptII/ptolemy/domains/modal/test/auto/ABPTest.xml
340 ms. Memory: 158720K Free: 120545K (76%)
----------------- Invoking toplevel() on ptolemy.moml.MoMLSimpleApplication@1497d8ba
----------------- Done invoking toplevel() on ptolemy.moml.MoMLSimpleApplication@1497d8ba
reloadAllAccessors: .ABPTest

===========================================================================================
----------------- testing Wed Jul 06 02:17:04 UTC 2022 /home/travis/build/icyphy/ptII/ptolemy/domains/modal/test/auto/ABROFlat.xml
----------------- Instantiating /home/travis/build/icyphy/ptII/ptolemy/domains/modal/test/auto/ABROFlat.xml
14 ms. Memory: 158720K Free: 105150K (66%)
----------------- Invoking toplevel() on ptolemy.moml.MoMLSimpleApplication@66d7ffe3
----------------- Done invoking toplevel() on ptolemy.moml.MoMLSimpleApplication@66d7ffe3
reloadAllAccessors: .ABROFlat

===========================================================================================
----------------- testing Wed Jul 06 02:17:04 UTC 2022 /home/travis/build/icyphy/ptII/ptolemy/domains/modal/test/auto/ABROFlat2.xml
----------------- Instantiating /home/travis/build/icyphy/ptII/ptolemy/domains/modal/test/auto/ABROFlat2.xml
29 ms. Memory: 158720K Free: 88286K (56%)
----------------- Invoking toplevel() on ptolemy.moml.MoMLSimpleApplication@2fbbbb8a
----------------- Done invoking toplevel() on ptolemy.moml.MoMLSimpleApplication@2fbbbb8a
reloadAllAccessors: .ABROFlat2

===========================================================================================
----------------- testing Wed Jul 06 02:17:04 UTC 2022 /home/travis/build/icyphy/ptII/ptolemy/domains/modal/test/auto/ABRO_present_hmm.xml
----------------- Instantiating /home/travis/build/icyphy/ptII/ptolemy/domains/modal/test/auto/ABRO_present_hmm.xml
32 ms. Memory: 158720K Free: 61662K (39%)
----------------- Invoking toplevel() on ptolemy.moml.MoMLSimpleApplication@1f9ed1d2
----------------- Done invoking toplevel() on ptolemy.moml.MoMLSimpleApplication@1f9ed1d2
reloadAllAccessors: .ABRO_present_hmm

===========================================================================================
----------------- testing Wed Jul 06 02:17:04 UTC 2022 /home/travis/build/icyphy/ptII/ptolemy/domains/modal/test/auto/AMICoderExample.xml
----------------- Instantiating /home/travis/build/icyphy/ptII/ptolemy/domains/modal/test/auto/AMICoderExample.xml
45 ms. Memory: 158720K Free: 51422K (32%)
----------------- Invoking toplevel() on ptolemy.moml.MoMLSimpleApplication@5f6af3dc
----------------- Done invoking toplevel() on ptolemy.moml.MoMLSimpleApplication@5f6af3dc
reloadAllAccessors: .AMICoderExample

===========================================================================================
----------------- testing Wed Jul 06 02:17:04 UTC 2022 /home/travis/build/icyphy/ptII/ptolemy/domains/modal/test/auto/AbsentToPresent.xml
----------------- Instantiating /home/travis/build/icyphy/ptII/ptolemy/domains/modal/test/auto/AbsentToPresent.xml
4 ms. Memory: 158720K Free: 136230K (86%)
----------------- Invoking toplevel() on ptolemy.moml.MoMLSimpleApplication@2218e435
----------------- Done invoking toplevel() on ptolemy.moml.MoMLSimpleApplication@2218e435
reloadAllAccessors: .AbsentToPresent

===========================================================================================
----------------- testing Wed Jul 06 02:17:04 UTC 2022 /home/travis/build/icyphy/ptII/ptolemy/domains/modal/test/auto/Blending.xml
----------------- Instantiating /home/travis/build/icyphy/ptII/ptolemy/domains/modal/test/auto/Blending.xml
178 ms. Memory: 158720K Free: 91762K (58%)
----------------- Invoking toplevel() on ptolemy.moml.MoMLSimpleApplication@2370f624
----------------- Done invoking toplevel() on ptolemy.moml.MoMLSimpleApplication@2370f624
reloadAllAccessors: .Blending

===========================================================================================
----------------- testing Wed Jul 06 02:17:05 UTC 2022 /home/travis/build/icyphy/ptII/ptolemy/domains/modal/test/auto/Broadcast.xml
----------------- Instantiating /home/travis/build/icyphy/ptII/ptolemy/domains/modal/test/auto/Broadcast.xml
12 ms. Memory: 158720K Free: 81522K (51%)
----------------- Invoking toplevel() on ptolemy.moml.MoMLSimpleApplication@4aade62b
----------------- Done invoking toplevel() on ptolemy.moml.MoMLSimpleApplication@4aade62b
reloadAllAccessors: .Broadcast

===========================================================================================
----------------- testing Wed Jul 06 02:17:05 UTC 2022 /home/travis/build/icyphy/ptII/ptolemy/domains/modal/test/auto/BroadcastHierarchy.xml
----------------- Instantiating /home/travis/build/icyphy/ptII/ptolemy/domains/modal/test/auto/BroadcastHierarchy.xml
14 ms. Memory: 158720K Free: 67186K (42%)
----------------- Invoking toplevel() on ptolemy.moml.MoMLSimpleApplication@7575c8e8
----------------- Done invoking toplevel() on ptolemy.moml.MoMLSimpleApplication@7575c8e8
reloadAllAccessors: .BroadcastHierarchy

===========================================================================================
----------------- testing Wed Jul 06 02:17:05 UTC 2022 /home/travis/build/icyphy/ptII/ptolemy/domains/modal/test/auto/BroadcastHierarchy2.xml
----------------- Instantiating /home/travis/build/icyphy/ptII/ptolemy/domains/modal/test/auto/BroadcastHierarchy2.xml
17 ms. Memory: 199680K Free: 169534K (85%)
----------------- Invoking toplevel() on ptolemy.moml.MoMLSimpleApplication@2d23698e
----------------- Done invoking toplevel() on ptolemy.moml.MoMLSimpleApplication@2d23698e
reloadAllAccessors: .BroadcastHierarchy2

===========================================================================================
----------------- testing Wed Jul 06 02:17:05 UTC 2022 /home/travis/build/icyphy/ptII/ptolemy/domains/modal/test/auto/BroadcastHierarchy3.xml
----------------- Instantiating /home/travis/build/icyphy/ptII/ptolemy/domains/modal/test/auto/BroadcastHierarchy3.xml
15 ms. Memory: 199680K Free: 149104K (75%)
----------------- Invoking toplevel() on ptolemy.moml.MoMLSimpleApplication@30143d73
----------------- Done invoking toplevel() on ptolemy.moml.MoMLSimpleApplication@30143d73
reloadAllAccessors: .BroadcastHierarchy3

===========================================================================================
----------------- testing Wed Jul 06 02:17:05 UTC 2022 /home/travis/build/icyphy/ptII/ptolemy/domains/modal/test/auto/BroadcastHierarchy4.xml
----------------- Instantiating /home/travis/build/icyphy/ptII/ptolemy/domains/modal/test/auto/BroadcastHierarchy4.xml
11 ms. Memory: 199680K Free: 124528K (62%)
----------------- Invoking toplevel() on ptolemy.moml.MoMLSimpleApplication@2150111d
----------------- Done invoking toplevel() on ptolemy.moml.MoMLSimpleApplication@2150111d
reloadAllAccessors: .BroadcastHierarchy4

===========================================================================================
----------------- testing Wed Jul 06 02:17:05 UTC 2022 /home/travis/build/icyphy/ptII/ptolemy/domains/modal/test/auto/CannotAnalysisWithPreemption2.xml
----------------- Instantiating /home/travis/build/icyphy/ptII/ptolemy/domains/modal/test/auto/CannotAnalysisWithPreemption2.xml
4 ms. Memory: 199680K Free: 117346K (59%)
----------------- Invoking toplevel() on ptolemy.moml.MoMLSimpleApplication@50310618
----------------- Done invoking toplevel() on ptolemy.moml.MoMLSimpleApplication@50310618
reloadAllAccessors: .CannotAnalysisWithPreemption2

===========================================================================================
----------------- testing Wed Jul 06 02:17:05 UTC 2022 /home/travis/build/icyphy/ptII/ptolemy/domains/modal/test/auto/CannotAnalysisWithPreemption3.xml
----------------- Instantiating /home/travis/build/icyphy/ptII/ptolemy/domains/modal/test/auto/CannotAnalysisWithPreemption3.xml
10 ms. Memory: 199680K Free: 107090K (54%)
----------------- Invoking toplevel() on ptolemy.moml.MoMLSimpleApplication@47104b6
----------------- Done invoking toplevel() on ptolemy.moml.MoMLSimpleApplication@47104b6
reloadAllAccessors: .CannotAnalysisWithPreemption3

===========================================================================================
----------------- testing Wed Jul 06 02:17:05 UTC 2022 /home/travis/build/icyphy/ptII/ptolemy/domains/modal/test/auto/CannotProduce.xml
----------------- Instantiating /home/travis/build/icyphy/ptII/ptolemy/domains/modal/test/auto/CannotProduce.xml
12 ms. Memory: 199680K Free: 100466K (50%)
----------------- Invoking toplevel() on ptolemy.moml.MoMLSimpleApplication@3897bd96
----------------- Done invoking toplevel() on ptolemy.moml.MoMLSimpleApplication@3897bd96
reloadAllAccessors: .CannotProduce

===========================================================================================
----------------- testing Wed Jul 06 02:17:05 UTC 2022 /home/travis/build/icyphy/ptII/ptolemy/domains/modal/test/auto/CannotProduceModal.xml
----------------- Instantiating /home/travis/build/icyphy/ptII/ptolemy/domains/modal/test/auto/CannotProduceModal.xml
11 ms. Memory: 199680K Free: 93298K (47%)
----------------- Invoking toplevel() on ptolemy.moml.MoMLSimpleApplication@1663d449
----------------- Done invoking toplevel() on ptolemy.moml.MoMLSimpleApplication@1663d449
reloadAllAccessors: .CannotProduceModal

===========================================================================================
----------------- testing Wed Jul 06 02:17:05 UTC 2022 /home/travis/build/icyphy/ptII/ptolemy/domains/modal/test/auto/Case.xml
----------------- Instantiating /home/travis/build/icyphy/ptII/ptolemy/domains/modal/test/auto/Case.xml
31 ms. Memory: 199680K Free: 82544K (41%)
----------------- Invoking toplevel() on ptolemy.moml.MoMLSimpleApplication@29746832
----------------- Done invoking toplevel() on ptolemy.moml.MoMLSimpleApplication@29746832
reloadAllAccessors: .Case

===========================================================================================
----------------- testing Wed Jul 06 02:17:05 UTC 2022 /home/travis/build/icyphy/ptII/ptolemy/domains/modal/test/auto/Case1.xml
----------------- Instantiating /home/travis/build/icyphy/ptII/ptolemy/domains/modal/test/auto/Case1.xml
8 ms. Memory: 199680K Free: 74866K (37%)
----------------- Invoking toplevel() on ptolemy.moml.MoMLSimpleApplication@3568436e
----------------- Done invoking toplevel() on ptolemy.moml.MoMLSimpleApplication@3568436e
reloadAllAccessors: .Case1

===========================================================================================
----------------- testing Wed Jul 06 02:17:05 UTC 2022 /home/travis/build/icyphy/ptII/ptolemy/domains/modal/test/auto/Case2.xml
----------------- Instantiating /home/travis/build/icyphy/ptII/ptolemy/domains/modal/test/auto/Case2.xml
31 ms. Memory: 199680K Free: 177762K (89%)
----------------- Invoking toplevel() on ptolemy.moml.MoMLSimpleApplication@54990d25
----------------- Done invoking toplevel() on ptolemy.moml.MoMLSimpleApplication@54990d25
reloadAllAccessors: .Case2

===========================================================================================
----------------- testing Wed Jul 06 02:17:05 UTC 2022 /home/travis/build/icyphy/ptII/ptolemy/domains/modal/test/auto/CausalityInterface1.xml
----------------- Instantiating /home/travis/build/icyphy/ptII/ptolemy/domains/modal/test/auto/CausalityInterface1.xml
4 ms. Memory: 199680K Free: 172146K (86%)
----------------- Invoking toplevel() on ptolemy.moml.MoMLSimpleApplication@568ce39
----------------- Done invoking toplevel() on ptolemy.moml.MoMLSimpleApplication@568ce39
reloadAllAccessors: .CausalityInterface1

===========================================================================================
----------------- testing Wed Jul 06 02:17:05 UTC 2022 /home/travis/build/icyphy/ptII/ptolemy/domains/modal/test/auto/CausalityInterface10.xml
----------------- Instantiating /home/travis/build/icyphy/ptII/ptolemy/domains/modal/test/auto/CausalityInterface10.xml
14 ms. Memory: 199680K Free: 158834K (80%)
----------------- Invoking toplevel() on ptolemy.moml.MoMLSimpleApplication@1cbf5082
----------------- Done invoking toplevel() on ptolemy.moml.MoMLSimpleApplication@1cbf5082
reloadAllAccessors: .CausalityInterface10

===========================================================================================
----------------- testing Wed Jul 06 02:17:05 UTC 2022 /home/travis/build/icyphy/ptII/ptolemy/domains/modal/test/auto/CausalityInterface11.xml
----------------- Instantiating /home/travis/build/icyphy/ptII/ptolemy/domains/modal/test/auto/CausalityInterface11.xml
7 ms. Memory: 199680K Free: 145522K (73%)
----------------- Invoking toplevel() on ptolemy.moml.MoMLSimpleApplication@3505b542
----------------- Done invoking toplevel() on ptolemy.moml.MoMLSimpleApplication@3505b542
reloadAllAccessors: .CausalityInterface11

===========================================================================================
----------------- testing Wed Jul 06 02:17:05 UTC 2022 /home/travis/build/icyphy/ptII/ptolemy/domains/modal/test/auto/CausalityInterface12.xml
----------------- Instantiating /home/travis/build/icyphy/ptII/ptolemy/domains/modal/test/auto/CausalityInterface12.xml
10 ms. Memory: 199680K Free: 132210K (66%)
----------------- Invoking toplevel() on ptolemy.moml.MoMLSimpleApplication@332b8509
----------------- Done invoking toplevel() on ptolemy.moml.MoMLSimpleApplication@332b8509
reloadAllAccessors: .CausalityInterface12

===========================================================================================
----------------- testing Wed Jul 06 02:17:05 UTC 2022 /home/travis/build/icyphy/ptII/ptolemy/domains/modal/test/auto/CausalityInterface13.xml
----------------- Instantiating /home/travis/build/icyphy/ptII/ptolemy/domains/modal/test/auto/CausalityInterface13.xml
16 ms. Memory: 199680K Free: 118370K (59%)
----------------- Invoking toplevel() on ptolemy.moml.MoMLSimpleApplication@4ddc4e9c
----------------- Done invoking toplevel() on ptolemy.moml.MoMLSimpleApplication@4ddc4e9c
reloadAllAccessors: .CausalityInterface13

===========================================================================================
----------------- testing Wed Jul 06 02:17:06 UTC 2022 /home/travis/build/icyphy/ptII/ptolemy/domains/modal/test/auto/CausalityInterface14.xml
----------------- Instantiating /home/travis/build/icyphy/ptII/ptolemy/domains/modal/test/auto/CausalityInterface14.xml
11 ms. Memory: 199680K Free: 104562K (52%)
----------------- Invoking toplevel() on ptolemy.moml.MoMLSimpleApplication@5c173b06
----------------- Done invoking toplevel() on ptolemy.moml.MoMLSimpleApplication@5c173b06
reloadAllAccessors: .CausalityInterface14

===========================================================================================
----------------- testing Wed Jul 06 02:17:06 UTC 2022 /home/travis/build/icyphy/ptII/ptolemy/domains/modal/test/auto/CausalityInterface2.xml
----------------- Instantiating /home/travis/build/icyphy/ptII/ptolemy/domains/modal/test/auto/CausalityInterface2.xml
3 ms. Memory: 199680K Free: 97890K (49%)
----------------- Invoking toplevel() on ptolemy.moml.MoMLSimpleApplication@59ca5fb1
----------------- Done invoking toplevel() on ptolemy.moml.MoMLSimpleApplication@59ca5fb1
reloadAllAccessors: .CausalityInterface2

===========================================================================================
----------------- testing Wed Jul 06 02:17:06 UTC 2022 /home/travis/build/icyphy/ptII/ptolemy/domains/modal/test/auto/CausalityInterface3.xml
----------------- Instantiating /home/travis/build/icyphy/ptII/ptolemy/domains/modal/test/auto/CausalityInterface3.xml
4 ms. Memory: 199680K Free: 91250K (46%)
----------------- Invoking toplevel() on ptolemy.moml.MoMLSimpleApplication@4605ce54
----------------- Done invoking toplevel() on ptolemy.moml.MoMLSimpleApplication@4605ce54
reloadAllAccessors: .CausalityInterface3

===========================================================================================
----------------- testing Wed Jul 06 02:17:06 UTC 2022 /home/travis/build/icyphy/ptII/ptolemy/domains/modal/test/auto/CausalityInterface4.xml
----------------- Instantiating /home/travis/build/icyphy/ptII/ptolemy/domains/modal/test/auto/CausalityInterface4.xml
4 ms. Memory: 199680K Free: 84586K (42%)
----------------- Invoking toplevel() on ptolemy.moml.MoMLSimpleApplication@7b27d510
----------------- Done invoking toplevel() on ptolemy.moml.MoMLSimpleApplication@7b27d510
reloadAllAccessors: .CausalityInterface4

===========================================================================================
----------------- testing Wed Jul 06 02:17:06 UTC 2022 /home/travis/build/icyphy/ptII/ptolemy/domains/modal/test/auto/CausalityInterface5.xml
----------------- Instantiating /home/travis/build/icyphy/ptII/ptolemy/domains/modal/test/auto/CausalityInterface5.xml
5 ms. Memory: 199680K Free: 76370K (38%)
----------------- Invoking toplevel() on ptolemy.moml.MoMLSimpleApplication@316790f3
----------------- Done invoking toplevel() on ptolemy.moml.MoMLSimpleApplication@316790f3
reloadAllAccessors: .CausalityInterface5

===========================================================================================
----------------- testing Wed Jul 06 02:17:06 UTC 2022 /home/travis/build/icyphy/ptII/ptolemy/domains/modal/test/auto/CausalityInterface6.xml
----------------- Instantiating /home/travis/build/icyphy/ptII/ptolemy/domains/modal/test/auto/CausalityInterface6.xml
6 ms. Memory: 199680K Free: 68194K (34%)
----------------- Invoking toplevel() on ptolemy.moml.MoMLSimpleApplication@67f33f4a
----------------- Done invoking toplevel() on ptolemy.moml.MoMLSimpleApplication@67f33f4a
reloadAllAccessors: .CausalityInterface6

===========================================================================================
----------------- testing Wed Jul 06 02:17:06 UTC 2022 /home/travis/build/icyphy/ptII/ptolemy/domains/modal/test/auto/CausalityInterface7.xml
----------------- Instantiating /home/travis/build/icyphy/ptII/ptolemy/domains/modal/test/auto/CausalityInterface7.xml
5 ms. Memory: 199680K Free: 173170K (87%)
----------------- Invoking toplevel() on ptolemy.moml.MoMLSimpleApplication@191f0e5f
----------------- Done invoking toplevel() on ptolemy.moml.MoMLSimpleApplication@191f0e5f
reloadAllAccessors: .CausalityInterface7

===========================================================================================
----------------- testing Wed Jul 06 02:17:06 UTC 2022 /home/travis/build/icyphy/ptII/ptolemy/domains/modal/test/auto/CausalityInterface8.xml
----------------- Instantiating /home/travis/build/icyphy/ptII/ptolemy/domains/modal/test/auto/CausalityInterface8.xml
10 ms. Memory: 199680K Free: 164458K (82%)
----------------- Invoking toplevel() on ptolemy.moml.MoMLSimpleApplication@64a25e8a
----------------- Done invoking toplevel() on ptolemy.moml.MoMLSimpleApplication@64a25e8a
reloadAllAccessors: .CausalityInterface8

===========================================================================================
----------------- testing Wed Jul 06 02:17:06 UTC 2022 /home/travis/build/icyphy/ptII/ptolemy/domains/modal/test/auto/CausalityInterface9.xml
----------------- Instantiating /home/travis/build/icyphy/ptII/ptolemy/domains/modal/test/auto/CausalityInterface9.xml
4 ms. Memory: 199680K Free: 155248K (78%)
----------------- Invoking toplevel() on ptolemy.moml.MoMLSimpleApplication@10220794
----------------- Done invoking toplevel() on ptolemy.moml.MoMLSimpleApplication@10220794
reloadAllAccessors: .CausalityInterface9

===========================================================================================
----------------- testing Wed Jul 06 02:17:06 UTC 2022 /home/travis/build/icyphy/ptII/ptolemy/domains/modal/test/auto/ChainedTransitions.xml
----------------- Instantiating /home/travis/build/icyphy/ptII/ptolemy/domains/modal/test/auto/ChainedTransitions.xml
95 ms. Memory: 199680K Free: 130162K (65%)
----------------- Invoking toplevel() on ptolemy.moml.MoMLSimpleApplication@604c27f9
----------------- Done invoking toplevel() on ptolemy.moml.MoMLSimpleApplication@604c27f9
reloadAllAccessors: .ChainedTransitions

===========================================================================================
----------------- testing Wed Jul 06 02:17:06 UTC 2022 /home/travis/build/icyphy/ptII/ptolemy/domains/modal/test/auto/CycleOfImmediateTransitionsFSM.xml
----------------- Instantiating /home/travis/build/icyphy/ptII/ptolemy/domains/modal/test/auto/CycleOfImmediateTransitionsFSM.xml
3 ms. Memory: 199680K Free: 124018K (62%)
----------------- Invoking toplevel() on ptolemy.moml.MoMLSimpleApplication@5f518263
----------------- Done invoking toplevel() on ptolemy.moml.MoMLSimpleApplication@5f518263
reloadAllAccessors: .CycleOfImmediateTransitionsFSM

===========================================================================================
----------------- testing Wed Jul 06 02:17:06 UTC 2022 /home/travis/build/icyphy/ptII/ptolemy/domains/modal/test/auto/CycleOfImmediateTransitionsModal.xml
----------------- Instantiating /home/travis/build/icyphy/ptII/ptolemy/domains/modal/test/auto/CycleOfImmediateTransitionsModal.xml
3 ms. Memory: 199680K Free: 117874K (59%)
----------------- Invoking toplevel() on ptolemy.moml.MoMLSimpleApplication@56ea58ad
----------------- Done invoking toplevel() on ptolemy.moml.MoMLSimpleApplication@56ea58ad
reloadAllAccessors: .CycleOfImmediateTransitionsModal

===========================================================================================
----------------- testing Wed Jul 06 02:17:06 UTC 2022 /home/travis/build/icyphy/ptII/ptolemy/domains/modal/test/auto/CycleOfImmediateTransitionsModal2.xml
----------------- Instantiating /home/travis/build/icyphy/ptII/ptolemy/domains/modal/test/auto/CycleOfImmediateTransitionsModal2.xml
9 ms. Memory: 199680K Free: 111730K (56%)
----------------- Invoking toplevel() on ptolemy.moml.MoMLSimpleApplication@5ea3ea52
----------------- Done invoking toplevel() on ptolemy.moml.MoMLSimpleApplication@5ea3ea52
reloadAllAccessors: .CycleOfImmediateTransitionsModal2

===========================================================================================
----------------- testing Wed Jul 06 02:17:06 UTC 2022 /home/travis/build/icyphy/ptII/ptolemy/domains/modal/test/auto/CycleOfImmediateTransitionsModal3.xml
----------------- Instantiating /home/travis/build/icyphy/ptII/ptolemy/domains/modal/test/auto/CycleOfImmediateTransitionsModal3.xml
10 ms. Memory: 199680K Free: 89202K (45%)
----------------- Invoking toplevel() on ptolemy.moml.MoMLSimpleApplication@690c6b00
----------------- Done invoking toplevel() on ptolemy.moml.MoMLSimpleApplication@690c6b00
reloadAllAccessors: .CycleOfImmediateTransitionsModal3

===========================================================================================
----------------- testing Wed Jul 06 02:17:06 UTC 2022 /home/travis/build/icyphy/ptII/ptolemy/domains/modal/test/auto/DeepModal1.xml
----------------- Instantiating /home/travis/build/icyphy/ptII/ptolemy/domains/modal/test/auto/DeepModal1.xml
28 ms. Memory: 199680K Free: 74866K (37%)
----------------- Invoking toplevel() on ptolemy.moml.MoMLSimpleApplication@46885b11
----------------- Done invoking toplevel() on ptolemy.moml.MoMLSimpleApplication@46885b11
reloadAllAccessors: .DeepModal1

===========================================================================================
----------------- testing Wed Jul 06 02:17:06 UTC 2022 /home/travis/build/icyphy/ptII/ptolemy/domains/modal/test/auto/DeepModal2.xml
----------------- Instantiating /home/travis/build/icyphy/ptII/ptolemy/domains/modal/test/auto/DeepModal2.xml
22 ms. Memory: 199680K Free: 169072K (85%)
----------------- Invoking toplevel() on ptolemy.moml.MoMLSimpleApplication@4740c076
----------------- Done invoking toplevel() on ptolemy.moml.MoMLSimpleApplication@4740c076
reloadAllAccessors: .DeepModal2

===========================================================================================
----------------- testing Wed Jul 06 02:17:06 UTC 2022 /home/travis/build/icyphy/ptII/ptolemy/domains/modal/test/auto/DeepModal3.xml
----------------- Instantiating /home/travis/build/icyphy/ptII/ptolemy/domains/modal/test/auto/DeepModal3.xml
29 ms. Memory: 199680K Free: 149602K (75%)
----------------- Invoking toplevel() on ptolemy.moml.MoMLSimpleApplication@6c7a3434
----------------- Done invoking toplevel() on ptolemy.moml.MoMLSimpleApplication@6c7a3434
reloadAllAccessors: .DeepModal3

===========================================================================================
----------------- testing Wed Jul 06 02:17:06 UTC 2022 /home/travis/build/icyphy/ptII/ptolemy/domains/modal/test/auto/DeepModal4.xml
----------------- Instantiating /home/travis/build/icyphy/ptII/ptolemy/domains/modal/test/auto/DeepModal4.xml
28 ms. Memory: 199680K Free: 130160K (65%)
----------------- Invoking toplevel() on ptolemy.moml.MoMLSimpleApplication@c666ed0
----------------- Done invoking toplevel() on ptolemy.moml.MoMLSimpleApplication@c666ed0
reloadAllAccessors: .DeepModal4

===========================================================================================
----------------- testing Wed Jul 06 02:17:06 UTC 2022 /home/travis/build/icyphy/ptII/ptolemy/domains/modal/test/auto/Default1.xml
----------------- Instantiating /home/travis/build/icyphy/ptII/ptolemy/domains/modal/test/auto/Default1.xml
2 ms. Memory: 199680K Free: 124016K (62%)
----------------- Invoking toplevel() on ptolemy.moml.MoMLSimpleApplication@4c52548d
----------------- Done invoking toplevel() on ptolemy.moml.MoMLSimpleApplication@4c52548d
reloadAllAccessors: .Default1

===========================================================================================
----------------- testing Wed Jul 06 02:17:07 UTC 2022 /home/travis/build/icyphy/ptII/ptolemy/domains/modal/test/auto/Default2.xml
----------------- Instantiating /home/travis/build/icyphy/ptII/ptolemy/domains/modal/test/auto/Default2.xml
9 ms. Memory: 199680K Free: 118384K (59%)
----------------- Invoking toplevel() on ptolemy.moml.MoMLSimpleApplication@707be34
----------------- Done invoking toplevel() on ptolemy.moml.MoMLSimpleApplication@707be34
reloadAllAccessors: .Default2

===========================================================================================
----------------- testing Wed Jul 06 02:17:07 UTC 2022 /home/travis/build/icyphy/ptII/ptolemy/domains/modal/test/auto/Default3.xml
----------------- Instantiating /home/travis/build/icyphy/ptII/ptolemy/domains/modal/test/auto/Default3.xml
5 ms. Memory: 199680K Free: 112242K (56%)
----------------- Invoking toplevel() on ptolemy.moml.MoMLSimpleApplication@f3c2b17
----------------- Done invoking toplevel() on ptolemy.moml.MoMLSimpleApplication@f3c2b17
reloadAllAccessors: .Default3

===========================================================================================
----------------- testing Wed Jul 06 02:17:07 UTC 2022 /home/travis/build/icyphy/ptII/ptolemy/domains/modal/test/auto/Default4.xml
----------------- Instantiating /home/travis/build/icyphy/ptII/ptolemy/domains/modal/test/auto/Default4.xml
5 ms. Memory: 199680K Free: 106098K (53%)
----------------- Invoking toplevel() on ptolemy.moml.MoMLSimpleApplication@2188db2f
----------------- Done invoking toplevel() on ptolemy.moml.MoMLSimpleApplication@2188db2f
reloadAllAccessors: .Default4

===========================================================================================
----------------- testing Wed Jul 06 02:17:07 UTC 2022 /home/travis/build/icyphy/ptII/ptolemy/domains/modal/test/auto/Default5.xml
----------------- Instantiating /home/travis/build/icyphy/ptII/ptolemy/domains/modal/test/auto/Default5.xml
7 ms. Memory: 199680K Free: 97906K (49%)
----------------- Invoking toplevel() on ptolemy.moml.MoMLSimpleApplication@4c3ad89d
----------------- Done invoking toplevel() on ptolemy.moml.MoMLSimpleApplication@4c3ad89d
reloadAllAccessors: .Default5

===========================================================================================
----------------- testing Wed Jul 06 02:17:07 UTC 2022 /home/travis/build/icyphy/ptII/ptolemy/domains/modal/test/auto/EmptyGuard.xml
----------------- Instantiating /home/travis/build/icyphy/ptII/ptolemy/domains/modal/test/auto/EmptyGuard.xml
10 ms. Memory: 199680K Free: 90218K (45%)
----------------- Invoking toplevel() on ptolemy.moml.MoMLSimpleApplication@6ea785a8
----------------- Done invoking toplevel() on ptolemy.moml.MoMLSimpleApplication@6ea785a8
reloadAllAccessors: .EmptyGuard

===========================================================================================
----------------- testing Wed Jul 06 02:17:07 UTC 2022 /home/travis/build/icyphy/ptII/ptolemy/domains/modal/test/auto/ErrorTransition1.xml
----------------- Instantiating /home/travis/build/icyphy/ptII/ptolemy/domains/modal/test/auto/ErrorTransition1.xml
7 ms. Memory: 199680K Free: 81008K (41%)
----------------- Invoking toplevel() on ptolemy.moml.MoMLSimpleApplication@2e1b055e
----------------- Done invoking toplevel() on ptolemy.moml.MoMLSimpleApplication@2e1b055e
reloadAllAccessors: .ErrorTransition1

===========================================================================================
----------------- testing Wed Jul 06 02:17:07 UTC 2022 /home/travis/build/icyphy/ptII/ptolemy/domains/modal/test/auto/ErrorTransition10.xml
----------------- Instantiating /home/travis/build/icyphy/ptII/ptolemy/domains/modal/test/auto/ErrorTransition10.xml
13 ms. Memory: 199680K Free: 67186K (34%)
----------------- Invoking toplevel() on ptolemy.moml.MoMLSimpleApplication@768a3c0b
----------------- Done invoking toplevel() on ptolemy.moml.MoMLSimpleApplication@768a3c0b
reloadAllAccessors: .ErrorTransition10

===========================================================================================
----------------- testing Wed Jul 06 02:17:07 UTC 2022 /home/travis/build/icyphy/ptII/ptolemy/domains/modal/test/auto/ErrorTransition11.xml
----------------- Instantiating /home/travis/build/icyphy/ptII/ptolemy/domains/modal/test/auto/ErrorTransition11.xml
5 ms. Memory: 239616K Free: 209522K (87%)
----------------- Invoking toplevel() on ptolemy.moml.MoMLSimpleApplication@2edfe253
----------------- Done invoking toplevel() on ptolemy.moml.MoMLSimpleApplication@2edfe253
reloadAllAccessors: .ErrorTransition11

===========================================================================================
----------------- testing Wed Jul 06 02:17:07 UTC 2022 /home/travis/build/icyphy/ptII/ptolemy/domains/modal/test/auto/ErrorTransition2.xml
----------------- Instantiating /home/travis/build/icyphy/ptII/ptolemy/domains/modal/test/auto/ErrorTransition2.xml
7 ms. Memory: 239616K Free: 200816K (84%)
----------------- Invoking toplevel() on ptolemy.moml.MoMLSimpleApplication@7924fe91
----------------- Done invoking toplevel() on ptolemy.moml.MoMLSimpleApplication@7924fe91
reloadAllAccessors: .ErrorTransition2

===========================================================================================
----------------- testing Wed Jul 06 02:17:07 UTC 2022 /home/travis/build/icyphy/ptII/ptolemy/domains/modal/test/auto/ErrorTransition3.xml
----------------- Instantiating /home/travis/build/icyphy/ptII/ptolemy/domains/modal/test/auto/ErrorTransition3.xml
18 ms. Memory: 239616K Free: 191090K (80%)
----------------- Invoking toplevel() on ptolemy.moml.MoMLSimpleApplication@d92a4df
----------------- Done invoking toplevel() on ptolemy.moml.MoMLSimpleApplication@d92a4df
reloadAllAccessors: .ErrorTransition3

===========================================================================================
----------------- testing Wed Jul 06 02:17:07 UTC 2022 /home/travis/build/icyphy/ptII/ptolemy/domains/modal/test/auto/ErrorTransition4.xml
----------------- Instantiating /home/travis/build/icyphy/ptII/ptolemy/domains/modal/test/auto/ErrorTransition4.xml
13 ms. Memory: 239616K Free: 179826K (75%)
----------------- Invoking toplevel() on ptolemy.moml.MoMLSimpleApplication@8c8ea75
----------------- Done invoking toplevel() on ptolemy.moml.MoMLSimpleApplication@8c8ea75
reloadAllAccessors: .ErrorTransition4

===========================================================================================
----------------- testing Wed Jul 06 02:17:07 UTC 2022 /home/travis/build/icyphy/ptII/ptolemy/domains/modal/test/auto/ErrorTransition5.xml
----------------- Instantiating /home/travis/build/icyphy/ptII/ptolemy/domains/modal/test/auto/ErrorTransition5.xml
7 ms. Memory: 239616K Free: 169586K (71%)
----------------- Invoking toplevel() on ptolemy.moml.MoMLSimpleApplication@1951f50e
----------------- Done invoking toplevel() on ptolemy.moml.MoMLSimpleApplication@1951f50e
reloadAllAccessors: .ErrorTransition5

===========================================================================================
----------------- testing Wed Jul 06 02:17:07 UTC 2022 /home/travis/build/icyphy/ptII/ptolemy/domains/modal/test/auto/ErrorTransition6.xml
----------------- Instantiating /home/travis/build/icyphy/ptII/ptolemy/domains/modal/test/auto/ErrorTransition6.xml
14 ms. Memory: 239616K Free: 158832K (66%)
----------------- Invoking toplevel() on ptolemy.moml.MoMLSimpleApplication@3bafd9c5
----------------- Done invoking toplevel() on ptolemy.moml.MoMLSimpleApplication@3bafd9c5
reloadAllAccessors: .ErrorTransition6

===========================================================================================
----------------- testing Wed Jul 06 02:17:07 UTC 2022 /home/travis/build/icyphy/ptII/ptolemy/domains/modal/test/auto/ErrorTransition7.xml
----------------- Instantiating /home/travis/build/icyphy/ptII/ptolemy/domains/modal/test/auto/ErrorTransition7.xml
15 ms. Memory: 239616K Free: 146034K (61%)
----------------- Invoking toplevel() on ptolemy.moml.MoMLSimpleApplication@549c73ec
----------------- Done invoking toplevel() on ptolemy.moml.MoMLSimpleApplication@549c73ec
reloadAllAccessors: .ErrorTransition7

===========================================================================================
----------------- testing Wed Jul 06 02:17:07 UTC 2022 /home/travis/build/icyphy/ptII/ptolemy/domains/modal/test/auto/ErrorTransition8.xml
----------------- Instantiating /home/travis/build/icyphy/ptII/ptolemy/domains/modal/test/auto/ErrorTransition8.xml
31 ms. Memory: 239616K Free: 132722K (55%)
----------------- Invoking toplevel() on ptolemy.moml.MoMLSimpleApplication@68658982
----------------- Done invoking toplevel() on ptolemy.moml.MoMLSimpleApplication@68658982
reloadAllAccessors: .ErrorTransition8

===========================================================================================
----------------- testing Wed Jul 06 02:17:07 UTC 2022 /home/travis/build/icyphy/ptII/ptolemy/domains/modal/test/auto/ErrorTransition9.xml
----------------- Instantiating /home/travis/build/icyphy/ptII/ptolemy/domains/modal/test/auto/ErrorTransition9.xml
16 ms. Memory: 239616K Free: 119410K (50%)
----------------- Invoking toplevel() on ptolemy.moml.MoMLSimpleApplication@4855288b
----------------- Done invoking toplevel() on ptolemy.moml.MoMLSimpleApplication@4855288b
reloadAllAccessors: .ErrorTransition9

===========================================================================================
----------------- testing Wed Jul 06 02:17:07 UTC 2022 /home/travis/build/icyphy/ptII/ptolemy/domains/modal/test/auto/ExtendedFSM.xml
----------------- Instantiating /home/travis/build/icyphy/ptII/ptolemy/domains/modal/test/auto/ExtendedFSM.xml
6 ms. Memory: 239616K Free: 110690K (46%)
----------------- Invoking toplevel() on ptolemy.moml.MoMLSimpleApplication@80e9b12
----------------- Done invoking toplevel() on ptolemy.moml.MoMLSimpleApplication@80e9b12
reloadAllAccessors: .ExtendedFSM

===========================================================================================
----------------- testing Wed Jul 06 02:17:07 UTC 2022 /home/travis/build/icyphy/ptII/ptolemy/domains/modal/test/auto/FinalStates.xml
----------------- Instantiating /home/travis/build/icyphy/ptII/ptolemy/domains/modal/test/auto/FinalStates.xml
8 ms. Memory: 239616K Free: 102512K (43%)
----------------- Invoking toplevel() on ptolemy.moml.MoMLSimpleApplication@7afa293f
----------------- Done invoking toplevel() on ptolemy.moml.MoMLSimpleApplication@7afa293f
reloadAllAccessors: .FinalStates

===========================================================================================
----------------- testing Wed Jul 06 02:17:07 UTC 2022 /home/travis/build/icyphy/ptII/ptolemy/domains/modal/test/auto/FixedPointFSM.xml
----------------- Instantiating /home/travis/build/icyphy/ptII/ptolemy/domains/modal/test/auto/FixedPointFSM.xml
19 ms. Memory: 239616K Free: 87666K (37%)
----------------- Invoking toplevel() on ptolemy.moml.MoMLSimpleApplication@79bbacf9
----------------- Done invoking toplevel() on ptolemy.moml.MoMLSimpleApplication@79bbacf9
reloadAllAccessors: .FixedPointFSM

===========================================================================================
----------------- testing Wed Jul 06 02:17:07 UTC 2022 /home/travis/build/icyphy/ptII/ptolemy/domains/modal/test/auto/FixedPointIterationFSMActor.xml
----------------- Instantiating /home/travis/build/icyphy/ptII/ptolemy/domains/modal/test/auto/FixedPointIterationFSMActor.xml
5 ms. Memory: 239616K Free: 214130K (89%)
----------------- Invoking toplevel() on ptolemy.moml.MoMLSimpleApplication@6c89a529
----------------- Done invoking toplevel() on ptolemy.moml.MoMLSimpleApplication@6c89a529
reloadAllAccessors: .FixedPointIterationFSMActor

===========================================================================================
----------------- testing Wed Jul 06 02:17:07 UTC 2022 /home/travis/build/icyphy/ptII/ptolemy/domains/modal/test/auto/FixedPointIterationFSMActor2.xml
----------------- Instantiating /home/travis/build/icyphy/ptII/ptolemy/domains/modal/test/auto/FixedPointIterationFSMActor2.xml
7 ms. Memory: 239616K Free: 201842K (84%)
----------------- Invoking toplevel() on ptolemy.moml.MoMLSimpleApplication@482df4ff
----------------- Done invoking toplevel() on ptolemy.moml.MoMLSimpleApplication@482df4ff
reloadAllAccessors: .FixedPointIterationFSMActor2

===========================================================================================
----------------- testing Wed Jul 06 02:17:07 UTC 2022 /home/travis/build/icyphy/ptII/ptolemy/domains/modal/test/auto/ForbiddenInstantanousLoop.xml
----------------- Instantiating /home/travis/build/icyphy/ptII/ptolemy/domains/modal/test/auto/ForbiddenInstantanousLoop.xml
5 ms. Memory: 239616K Free: 189554K (79%)
----------------- Invoking toplevel() on ptolemy.moml.MoMLSimpleApplication@161bd086
----------------- Done invoking toplevel() on ptolemy.moml.MoMLSimpleApplication@161bd086
reloadAllAccessors: .ForbiddenInstantanousLoop

===========================================================================================
----------------- testing Wed Jul 06 02:17:07 UTC 2022 /home/travis/build/icyphy/ptII/ptolemy/domains/modal/test/auto/FunctionDependencyOfFSMActorTest.xml
----------------- Instantiating /home/travis/build/icyphy/ptII/ptolemy/domains/modal/test/auto/FunctionDependencyOfFSMActorTest.xml
6 ms. Memory: 239616K Free: 182896K (76%)
----------------- Invoking toplevel() on ptolemy.moml.MoMLSimpleApplication@6c51c709
----------------- Done invoking toplevel() on ptolemy.moml.MoMLSimpleApplication@6c51c709
reloadAllAccessors: .FunctionDependencyOfFSMActorTest

===========================================================================================
----------------- testing Wed Jul 06 02:17:07 UTC 2022 /home/travis/build/icyphy/ptII/ptolemy/domains/modal/test/auto/GuardExpression.xml
----------------- Instantiating /home/travis/build/icyphy/ptII/ptolemy/domains/modal/test/auto/GuardExpression.xml
2 ms. Memory: 239616K Free: 177776K (74%)
----------------- Invoking toplevel() on ptolemy.moml.MoMLSimpleApplication@7a81c684
----------------- Done invoking toplevel() on ptolemy.moml.MoMLSimpleApplication@7a81c684
reloadAllAccessors: .GuardExpression

===========================================================================================
----------------- testing Wed Jul 06 02:17:07 UTC 2022 /home/travis/build/icyphy/ptII/ptolemy/domains/modal/test/auto/GuardNotEvaluated.xml
----------------- Instantiating /home/travis/build/icyphy/ptII/ptolemy/domains/modal/test/auto/GuardNotEvaluated.xml
5 ms. Memory: 239616K Free: 169074K (71%)
----------------- Invoking toplevel() on ptolemy.moml.MoMLSimpleApplication@31d26dd6
----------------- Done invoking toplevel() on ptolemy.moml.MoMLSimpleApplication@31d26dd6
reloadAllAccessors: .GuardNotEvaluated

===========================================================================================
----------------- testing Wed Jul 06 02:17:07 UTC 2022 /home/travis/build/icyphy/ptII/ptolemy/domains/modal/test/auto/GuardNotEvaluated2.xml
----------------- Instantiating /home/travis/build/icyphy/ptII/ptolemy/domains/modal/test/auto/GuardNotEvaluated2.xml
6 ms. Memory: 239616K Free: 159344K (66%)
----------------- Invoking toplevel() on ptolemy.moml.MoMLSimpleApplication@262ed0c0
----------------- Done invoking toplevel() on ptolemy.moml.MoMLSimpleApplication@262ed0c0
reloadAllAccessors: .GuardNotEvaluated2

===========================================================================================
----------------- testing Wed Jul 06 02:17:07 UTC 2022 /home/travis/build/icyphy/ptII/ptolemy/domains/modal/test/auto/GuardOnAbsent.xml
----------------- Instantiating /home/travis/build/icyphy/ptII/ptolemy/domains/modal/test/auto/GuardOnAbsent.xml
8 ms. Memory: 239616K Free: 151666K (63%)
----------------- Invoking toplevel() on ptolemy.moml.MoMLSimpleApplication@2f5142d2
----------------- Done invoking toplevel() on ptolemy.moml.MoMLSimpleApplication@2f5142d2
reloadAllAccessors: .GuardOnAbsent

===========================================================================================
----------------- testing Wed Jul 06 02:17:07 UTC 2022 /home/travis/build/icyphy/ptII/ptolemy/domains/modal/test/auto/HierarchicalFSMTypeInference.xml
----------------- Instantiating /home/travis/build/icyphy/ptII/ptolemy/domains/modal/test/auto/HierarchicalFSMTypeInference.xml
3 ms. Memory: 239616K Free: 140912K (59%)
----------------- Invoking toplevel() on ptolemy.moml.MoMLSimpleApplication@615e5aaf
----------------- Done invoking toplevel() on ptolemy.moml.MoMLSimpleApplication@615e5aaf
reloadAllAccessors: .HierarchicalFSMTypeInference

===========================================================================================
----------------- testing Wed Jul 06 02:17:07 UTC 2022 /home/travis/build/icyphy/ptII/ptolemy/domains/modal/test/auto/Hysteresis.xml
----------------- Instantiating /home/travis/build/icyphy/ptII/ptolemy/domains/modal/test/auto/Hysteresis.xml
10 ms. Memory: 239616K Free: 127586K (53%)
----------------- Invoking toplevel() on ptolemy.moml.MoMLSimpleApplication@6257094e
----------------- Done invoking toplevel() on ptolemy.moml.MoMLSimpleApplication@6257094e
reloadAllAccessors: .Hysteresis

===========================================================================================
----------------- testing Wed Jul 06 02:17:08 UTC 2022 /home/travis/build/icyphy/ptII/ptolemy/domains/modal/test/auto/HysteresisWithDefault.xml
----------------- Instantiating /home/travis/build/icyphy/ptII/ptolemy/domains/modal/test/auto/HysteresisWithDefault.xml
31 ms. Memory: 239616K Free: 104562K (44%)
----------------- Invoking toplevel() on ptolemy.moml.MoMLSimpleApplication@20410c1f
----------------- Done invoking toplevel() on ptolemy.moml.MoMLSimpleApplication@20410c1f
reloadAllAccessors: .HysteresisWithDefault

===========================================================================================
----------------- testing Wed Jul 06 02:17:08 UTC 2022 /home/travis/build/icyphy/ptII/ptolemy/domains/modal/test/auto/HysteresisWithDefault2.xml
----------------- Instantiating /home/travis/build/icyphy/ptII/ptolemy/domains/modal/test/auto/HysteresisWithDefault2.xml
70 ms. Memory: 239616K Free: 211568K (88%)
----------------- Invoking toplevel() on ptolemy.moml.MoMLSimpleApplication@1a82bf93
----------------- Done invoking toplevel() on ptolemy.moml.MoMLSimpleApplication@1a82bf93
reloadAllAccessors: .HysteresisWithDefault2

===========================================================================================
----------------- testing Wed Jul 06 02:17:08 UTC 2022 /home/travis/build/icyphy/ptII/ptolemy/domains/modal/test/auto/ImmediateNonConstructiveness.xml
----------------- Instantiating /home/travis/build/icyphy/ptII/ptolemy/domains/modal/test/auto/ImmediateNonConstructiveness.xml
3 ms. Memory: 239616K Free: 203874K (85%)
----------------- Invoking toplevel() on ptolemy.moml.MoMLSimpleApplication@50b54c05
----------------- Done invoking toplevel() on ptolemy.moml.MoMLSimpleApplication@50b54c05
reloadAllAccessors: .ImmediateNonConstructiveness

===========================================================================================
----------------- testing Wed Jul 06 02:17:08 UTC 2022 /home/travis/build/icyphy/ptII/ptolemy/domains/modal/test/auto/ImmediateNonConstructiveness2.xml
----------------- Instantiating /home/travis/build/icyphy/ptII/ptolemy/domains/modal/test/auto/ImmediateNonConstructiveness2.xml
2 ms. Memory: 239616K Free: 197234K (82%)
----------------- Invoking toplevel() on ptolemy.moml.MoMLSimpleApplication@4d1b46c4
----------------- Done invoking toplevel() on ptolemy.moml.MoMLSimpleApplication@4d1b46c4
reloadAllAccessors: .ImmediateNonConstructiveness2

===========================================================================================
----------------- testing Wed Jul 06 02:17:08 UTC 2022 /home/travis/build/icyphy/ptII/ptolemy/domains/modal/test/auto/ImmediateTransitionReset.xml
----------------- Instantiating /home/travis/build/icyphy/ptII/ptolemy/domains/modal/test/auto/ImmediateTransitionReset.xml
3 ms. Memory: 239616K Free: 185456K (77%)
----------------- Invoking toplevel() on ptolemy.moml.MoMLSimpleApplication@7241eeee
----------------- Done invoking toplevel() on ptolemy.moml.MoMLSimpleApplication@7241eeee
reloadAllAccessors: .ImmediateTransitionReset

===========================================================================================
----------------- testing Wed Jul 06 02:17:08 UTC 2022 /home/travis/build/icyphy/ptII/ptolemy/domains/modal/test/auto/ImmediateTransitions1.xml
----------------- Instantiating /home/travis/build/icyphy/ptII/ptolemy/domains/modal/test/auto/ImmediateTransitions1.xml
1 ms. Memory: 239616K Free: 180336K (75%)
----------------- Invoking toplevel() on ptolemy.moml.MoMLSimpleApplication@330fff8
----------------- Done invoking toplevel() on ptolemy.moml.MoMLSimpleApplication@330fff8
reloadAllAccessors: .ImmediateTransitions1

===========================================================================================
----------------- testing Wed Jul 06 02:17:08 UTC 2022 /home/travis/build/icyphy/ptII/ptolemy/domains/modal/test/auto/ImmediateTransitionsInstantaneousCommunication.xml
----------------- Instantiating /home/travis/build/icyphy/ptII/ptolemy/domains/modal/test/auto/ImmediateTransitionsInstantaneousCommunication.xml
4 ms. Memory: 239616K Free: 168034K (70%)
----------------- Invoking toplevel() on ptolemy.moml.MoMLSimpleApplication@3f69456f
----------------- Done invoking toplevel() on ptolemy.moml.MoMLSimpleApplication@3f69456f
reloadAllAccessors: .ImmediateTransitionsInstantaneousCommunication

===========================================================================================
----------------- testing Wed Jul 06 02:17:08 UTC 2022 /home/travis/build/icyphy/ptII/ptolemy/domains/modal/test/auto/InitialImmediateTransition.xml
----------------- Instantiating /home/travis/build/icyphy/ptII/ptolemy/domains/modal/test/auto/InitialImmediateTransition.xml
3 ms. Memory: 239616K Free: 160874K (67%)
----------------- Invoking toplevel() on ptolemy.moml.MoMLSimpleApplication@6477f357
----------------- Done invoking toplevel() on ptolemy.moml.MoMLSimpleApplication@6477f357
reloadAllAccessors: .InitialImmediateTransition

===========================================================================================
----------------- testing Wed Jul 06 02:17:08 UTC 2022 /home/travis/build/icyphy/ptII/ptolemy/domains/modal/test/auto/InitialOutputs.xml
----------------- Instantiating /home/travis/build/icyphy/ptII/ptolemy/domains/modal/test/auto/InitialOutputs.xml
2 ms. Memory: 239616K Free: 154226K (64%)
----------------- Invoking toplevel() on ptolemy.moml.MoMLSimpleApplication@77b31aab
----------------- Done invoking toplevel() on ptolemy.moml.MoMLSimpleApplication@77b31aab
reloadAllAccessors: .InitialOutputs

===========================================================================================
----------------- testing Wed Jul 06 02:17:08 UTC 2022 /home/travis/build/icyphy/ptII/ptolemy/domains/modal/test/auto/InitialStateTransition1.xml
----------------- Instantiating /home/travis/build/icyphy/ptII/ptolemy/domains/modal/test/auto/InitialStateTransition1.xml
3 ms. Memory: 239616K Free: 147058K (61%)
----------------- Invoking toplevel() on ptolemy.moml.MoMLSimpleApplication@1e5536bd
----------------- Done invoking toplevel() on ptolemy.moml.MoMLSimpleApplication@1e5536bd
reloadAllAccessors: .InitialStateTransition1

===========================================================================================
----------------- testing Wed Jul 06 02:17:08 UTC 2022 /home/travis/build/icyphy/ptII/ptolemy/domains/modal/test/auto/InitialStateTransition2.xml
----------------- Instantiating /home/travis/build/icyphy/ptII/ptolemy/domains/modal/test/auto/InitialStateTransition2.xml
.InitialStateTransition2.TestExceptionAttributeNonConstructive: initialize() was not invoked, but wrapup() was.  This is unusual, but not always a problem.  For example, exporting JNLP will do this.
1 ms. Memory: 239616K Free: 139890K (58%)
----------------- Invoking toplevel() on ptolemy.moml.MoMLSimpleApplication@ee31cb1
----------------- Done invoking toplevel() on ptolemy.moml.MoMLSimpleApplication@ee31cb1
reloadAllAccessors: .InitialStateTransition2

===========================================================================================
----------------- testing Wed Jul 06 02:17:08 UTC 2022 /home/travis/build/icyphy/ptII/ptolemy/domains/modal/test/auto/InitialStateTransition3.xml
----------------- Instantiating /home/travis/build/icyphy/ptII/ptolemy/domains/modal/test/auto/InitialStateTransition3.xml
5 ms. Memory: 239616K Free: 131696K (55%)
----------------- Invoking toplevel() on ptolemy.moml.MoMLSimpleApplication@5c9cf05a
----------------- Done invoking toplevel() on ptolemy.moml.MoMLSimpleApplication@5c9cf05a
reloadAllAccessors: .InitialStateTransition3

===========================================================================================
----------------- testing Wed Jul 06 02:17:08 UTC 2022 /home/travis/build/icyphy/ptII/ptolemy/domains/modal/test/auto/InitialStateTransition4.xml
----------------- Instantiating /home/travis/build/icyphy/ptII/ptolemy/domains/modal/test/auto/InitialStateTransition4.xml
4 ms. Memory: 239616K Free: 121968K (51%)
----------------- Invoking toplevel() on ptolemy.moml.MoMLSimpleApplication@5bbf75e3
----------------- Done invoking toplevel() on ptolemy.moml.MoMLSimpleApplication@5bbf75e3
reloadAllAccessors: .InitialStateTransition4

===========================================================================================
----------------- testing Wed Jul 06 02:17:08 UTC 2022 /home/travis/build/icyphy/ptII/ptolemy/domains/modal/test/auto/MalformedGuardExpressionNotCaught.xml
----------------- Instantiating /home/travis/build/icyphy/ptII/ptolemy/domains/modal/test/auto/MalformedGuardExpressionNotCaught.xml
3 ms. Memory: 239616K Free: 114794K (48%)
----------------- Invoking toplevel() on ptolemy.moml.MoMLSimpleApplication@6b8b5e26
----------------- Done invoking toplevel() on ptolemy.moml.MoMLSimpleApplication@6b8b5e26
reloadAllAccessors: .MalformedGuardExpressionNotCaught

===========================================================================================
----------------- testing Wed Jul 06 02:17:08 UTC 2022 /home/travis/build/icyphy/ptII/ptolemy/domains/modal/test/auto/ModalBSC.xml
----------------- Instantiating /home/travis/build/icyphy/ptII/ptolemy/domains/modal/test/auto/ModalBSC.xml
51 ms. Memory: 239616K Free: 87666K (37%)
----------------- Invoking toplevel() on ptolemy.moml.MoMLSimpleApplication@470624fb
----------------- Done invoking toplevel() on ptolemy.moml.MoMLSimpleApplication@470624fb
reloadAllAccessors: .ModalBSC

===========================================================================================
----------------- testing Wed Jul 06 02:17:08 UTC 2022 /home/travis/build/icyphy/ptII/ptolemy/domains/modal/test/auto/ModalClocks.xml
----------------- Instantiating /home/travis/build/icyphy/ptII/ptolemy/domains/modal/test/auto/ModalClocks.xml
20 ms. Memory: 239616K Free: 202320K (84%)
----------------- Invoking toplevel() on ptolemy.moml.MoMLSimpleApplication@25e9d1e5
----------------- Done invoking toplevel() on ptolemy.moml.MoMLSimpleApplication@25e9d1e5
reloadAllAccessors: .ModalClocks

===========================================================================================
----------------- testing Wed Jul 06 02:17:08 UTC 2022 /home/travis/build/icyphy/ptII/ptolemy/domains/modal/test/auto/ModalDelay.xml
----------------- Instantiating /home/travis/build/icyphy/ptII/ptolemy/domains/modal/test/auto/ModalDelay.xml
12 ms. Memory: 239616K Free: 188530K (79%)
----------------- Invoking toplevel() on ptolemy.moml.MoMLSimpleApplication@2a3947cb
----------------- Done invoking toplevel() on ptolemy.moml.MoMLSimpleApplication@2a3947cb
reloadAllAccessors: .ModalDelay

===========================================================================================
----------------- testing Wed Jul 06 02:17:08 UTC 2022 /home/travis/build/icyphy/ptII/ptolemy/domains/modal/test/auto/ModalDelay2.xml
----------------- Instantiating /home/travis/build/icyphy/ptII/ptolemy/domains/modal/test/auto/ModalDelay2.xml
13 ms. Memory: 239616K Free: 174704K (73%)
----------------- Invoking toplevel() on ptolemy.moml.MoMLSimpleApplication@243fa615
----------------- Done invoking toplevel() on ptolemy.moml.MoMLSimpleApplication@243fa615
reloadAllAccessors: .ModalDelay2

===========================================================================================
----------------- testing Wed Jul 06 02:17:08 UTC 2022 /home/travis/build/icyphy/ptII/ptolemy/domains/modal/test/auto/ModalModelFromMemo.xml
----------------- Instantiating /home/travis/build/icyphy/ptII/ptolemy/domains/modal/test/auto/ModalModelFromMemo.xml
22 ms. Memory: 239616K Free: 154738K (65%)
----------------- Invoking toplevel() on ptolemy.moml.MoMLSimpleApplication@13d6ea7f
----------------- Done invoking toplevel() on ptolemy.moml.MoMLSimpleApplication@13d6ea7f
reloadAllAccessors: .ModalModelFromMemo

===========================================================================================
----------------- testing Wed Jul 06 02:17:08 UTC 2022 /home/travis/build/icyphy/ptII/ptolemy/domains/modal/test/auto/ModalModelWithMultirateTransient.xml
----------------- Instantiating /home/travis/build/icyphy/ptII/ptolemy/domains/modal/test/auto/ModalModelWithMultirateTransient.xml
20 ms. Memory: 239616K Free: 139378K (58%)
----------------- Invoking toplevel() on ptolemy.moml.MoMLSimpleApplication@4a388fa5
----------------- Done invoking toplevel() on ptolemy.moml.MoMLSimpleApplication@4a388fa5
reloadAllAccessors: .ModalModelWithMultirateTransient

===========================================================================================
----------------- testing Wed Jul 06 02:17:08 UTC 2022 /home/travis/build/icyphy/ptII/ptolemy/domains/modal/test/auto/ModalModelWithReset.xml
----------------- Instantiating /home/travis/build/icyphy/ptII/ptolemy/domains/modal/test/auto/ModalModelWithReset.xml
21 ms. Memory: 239616K Free: 126066K (53%)
----------------- Invoking toplevel() on ptolemy.moml.MoMLSimpleApplication@412f099a
----------------- Done invoking toplevel() on ptolemy.moml.MoMLSimpleApplication@412f099a
reloadAllAccessors: .ModalModelWithReset

===========================================================================================
----------------- testing Wed Jul 06 02:17:08 UTC 2022 /home/travis/build/icyphy/ptII/ptolemy/domains/modal/test/auto/MouseClickFSM.xml
----------------- Instantiating /home/travis/build/icyphy/ptII/ptolemy/domains/modal/test/auto/MouseClickFSM.xml
12 ms. Memory: 239616K Free: 109682K (46%)
----------------- Invoking toplevel() on ptolemy.moml.MoMLSimpleApplication@40ea5280
----------------- Done invoking toplevel() on ptolemy.moml.MoMLSimpleApplication@40ea5280
reloadAllAccessors: .MouseClickFSM

===========================================================================================
----------------- testing Wed Jul 06 02:17:08 UTC 2022 /home/travis/build/icyphy/ptII/ptolemy/domains/modal/test/auto/MouseClickFSMModal.xml
----------------- Instantiating /home/travis/build/icyphy/ptII/ptolemy/domains/modal/test/auto/MouseClickFSMModal.xml
10 ms. Memory: 239616K Free: 95826K (40%)
----------------- Invoking toplevel() on ptolemy.moml.MoMLSimpleApplication@67897100
----------------- Done invoking toplevel() on ptolemy.moml.MoMLSimpleApplication@67897100
reloadAllAccessors: .MouseClickFSMModal

===========================================================================================
----------------- testing Wed Jul 06 02:17:08 UTC 2022 /home/travis/build/icyphy/ptII/ptolemy/domains/modal/test/auto/NonStrictFSM_FeedbackLoop.xml
----------------- Instantiating /home/travis/build/icyphy/ptII/ptolemy/domains/modal/test/auto/NonStrictFSM_FeedbackLoop.xml
18 ms. Memory: 239616K Free: 83058K (35%)
----------------- Invoking toplevel() on ptolemy.moml.MoMLSimpleApplication@4edbbb9a
----------------- Done invoking toplevel() on ptolemy.moml.MoMLSimpleApplication@4edbbb9a
reloadAllAccessors: .NonStrictFSM_FeedbackLoop

===========================================================================================
----------------- testing Wed Jul 06 02:17:09 UTC 2022 /home/travis/build/icyphy/ptII/ptolemy/domains/modal/test/auto/NonStrictFSM_FeedbackLoop_Refinement.xml
----------------- Instantiating /home/travis/build/icyphy/ptII/ptolemy/domains/modal/test/auto/NonStrictFSM_FeedbackLoop_Refinement.xml
59 ms. Memory: 314368K Free: 275554K (88%)
----------------- Invoking toplevel() on ptolemy.moml.MoMLSimpleApplication@2008dfeb
----------------- Done invoking toplevel() on ptolemy.moml.MoMLSimpleApplication@2008dfeb
reloadAllAccessors: .NonStrictFSM_FeedbackLoop_Refinement

===========================================================================================
----------------- testing Wed Jul 06 02:17:09 UTC 2022 /home/travis/build/icyphy/ptII/ptolemy/domains/modal/test/auto/NonStrictFSM_FeedbackLoop_preemptive.xml
----------------- Instantiating /home/travis/build/icyphy/ptII/ptolemy/domains/modal/test/auto/NonStrictFSM_FeedbackLoop_preemptive.xml
24 ms. Memory: 314368K Free: 257650K (82%)
----------------- Invoking toplevel() on ptolemy.moml.MoMLSimpleApplication@ed8e546
----------------- Done invoking toplevel() on ptolemy.moml.MoMLSimpleApplication@ed8e546
reloadAllAccessors: .NonStrictFSM_FeedbackLoop_preemptive

===========================================================================================
----------------- testing Wed Jul 06 02:17:09 UTC 2022 /home/travis/build/icyphy/ptII/ptolemy/domains/modal/test/auto/NormalTermination.xml
----------------- Instantiating /home/travis/build/icyphy/ptII/ptolemy/domains/modal/test/auto/NormalTermination.xml
6 ms. Memory: 314368K Free: 241762K (77%)
----------------- Invoking toplevel() on ptolemy.moml.MoMLSimpleApplication@6372b121
----------------- Done invoking toplevel() on ptolemy.moml.MoMLSimpleApplication@6372b121
reloadAllAccessors: .NormalTermination

===========================================================================================
----------------- testing Wed Jul 06 02:17:09 UTC 2022 /home/travis/build/icyphy/ptII/ptolemy/domains/modal/test/auto/Pong.xml
----------------- Instantiating /home/travis/build/icyphy/ptII/ptolemy/domains/modal/test/auto/Pong.xml
69 ms. Memory: 314368K Free: 221810K (71%)
----------------- Invoking toplevel() on ptolemy.moml.MoMLSimpleApplication@79c44361
----------------- Done invoking toplevel() on ptolemy.moml.MoMLSimpleApplication@79c44361
reloadAllAccessors: .Pong

===========================================================================================
----------------- testing Wed Jul 06 02:17:09 UTC 2022 /home/travis/build/icyphy/ptII/ptolemy/domains/modal/test/auto/Pong_test.xml
----------------- Instantiating /home/travis/build/icyphy/ptII/ptolemy/domains/modal/test/auto/Pong_test.xml
77 ms. Memory: 314368K Free: 196720K (63%)
----------------- Invoking toplevel() on ptolemy.moml.MoMLSimpleApplication@72c8bbd8
----------------- Done invoking toplevel() on ptolemy.moml.MoMLSimpleApplication@72c8bbd8
reloadAllAccessors: .Pong_test

===========================================================================================
----------------- testing Wed Jul 06 02:17:09 UTC 2022 /home/travis/build/icyphy/ptII/ptolemy/domains/modal/test/auto/PreemptionHierarchy.xml
----------------- Instantiating /home/travis/build/icyphy/ptII/ptolemy/domains/modal/test/auto/PreemptionHierarchy.xml
3 ms. Memory: 314368K Free: 188018K (60%)
----------------- Invoking toplevel() on ptolemy.moml.MoMLSimpleApplication@2a652e15
----------------- Done invoking toplevel() on ptolemy.moml.MoMLSimpleApplication@2a652e15
reloadAllAccessors: .PreemptionHierarchy

===========================================================================================
----------------- testing Wed Jul 06 02:17:09 UTC 2022 /home/travis/build/icyphy/ptII/ptolemy/domains/modal/test/auto/PreemptionHierarchy2.xml
----------------- Instantiating /home/travis/build/icyphy/ptII/ptolemy/domains/modal/test/auto/PreemptionHierarchy2.xml
4 ms. Memory: 314368K Free: 176754K (56%)
----------------- Invoking toplevel() on ptolemy.moml.MoMLSimpleApplication@960967d
----------------- Done invoking toplevel() on ptolemy.moml.MoMLSimpleApplication@960967d
reloadAllAccessors: .PreemptionHierarchy2

===========================================================================================
----------------- testing Wed Jul 06 02:17:09 UTC 2022 /home/travis/build/icyphy/ptII/ptolemy/domains/modal/test/auto/PreemptiveTransition.xml
----------------- Instantiating /home/travis/build/icyphy/ptII/ptolemy/domains/modal/test/auto/PreemptiveTransition.xml
3 ms. Memory: 314368K Free: 169586K (54%)
----------------- Invoking toplevel() on ptolemy.moml.MoMLSimpleApplication@732697d0
----------------- Done invoking toplevel() on ptolemy.moml.MoMLSimpleApplication@732697d0
reloadAllAccessors: .PreemptiveTransition

===========================================================================================
----------------- testing Wed Jul 06 02:17:09 UTC 2022 /home/travis/build/icyphy/ptII/ptolemy/domains/modal/test/auto/Priorities.xml
----------------- Instantiating /home/travis/build/icyphy/ptII/ptolemy/domains/modal/test/auto/Priorities.xml
13 ms. Memory: 314368K Free: 131698K (42%)
----------------- Invoking toplevel() on ptolemy.moml.MoMLSimpleApplication@7259c4a5
----------------- Done invoking toplevel() on ptolemy.moml.MoMLSimpleApplication@7259c4a5
reloadAllAccessors: .Priorities

===========================================================================================
----------------- testing Wed Jul 06 02:17:09 UTC 2022 /home/travis/build/icyphy/ptII/ptolemy/domains/modal/test/auto/ResetFinal.xml
----------------- Instantiating /home/travis/build/icyphy/ptII/ptolemy/domains/modal/test/auto/ResetFinal.xml
20 ms. Memory: 314368K Free: 113746K (36%)
----------------- Invoking toplevel() on ptolemy.moml.MoMLSimpleApplication@3886a9ab
----------------- Done invoking toplevel() on ptolemy.moml.MoMLSimpleApplication@3886a9ab
reloadAllAccessors: .ResetFinal

===========================================================================================
----------------- testing Wed Jul 06 02:17:09 UTC 2022 /home/travis/build/icyphy/ptII/ptolemy/domains/modal/test/auto/ResetFinal2.xml
----------------- Instantiating /home/travis/build/icyphy/ptII/ptolemy/domains/modal/test/auto/ResetFinal2.xml
13 ms. Memory: 314368K Free: 282625K (90%)
----------------- Invoking toplevel() on ptolemy.moml.MoMLSimpleApplication@4ea146c2
----------------- Done invoking toplevel() on ptolemy.moml.MoMLSimpleApplication@4ea146c2
reloadAllAccessors: .ResetFinal2

===========================================================================================
----------------- testing Wed Jul 06 02:17:09 UTC 2022 /home/travis/build/icyphy/ptII/ptolemy/domains/modal/test/auto/ResetTransitionWithStartTime.xml
----------------- Instantiating /home/travis/build/icyphy/ptII/ptolemy/domains/modal/test/auto/ResetTransitionWithStartTime.xml
12 ms. Memory: 314368K Free: 272881K (87%)
----------------- Invoking toplevel() on ptolemy.moml.MoMLSimpleApplication@663e842f
----------------- Done invoking toplevel() on ptolemy.moml.MoMLSimpleApplication@663e842f
reloadAllAccessors: .ResetTransitionWithStartTime

===========================================================================================
----------------- testing Wed Jul 06 02:17:09 UTC 2022 /home/travis/build/icyphy/ptII/ptolemy/domains/modal/test/auto/SDF-FSMComposite.xml
----------------- Instantiating /home/travis/build/icyphy/ptII/ptolemy/domains/modal/test/auto/SDF-FSMComposite.xml
5 ms. Memory: 314368K Free: 264689K (84%)
----------------- Invoking toplevel() on ptolemy.moml.MoMLSimpleApplication@54ed2b4
----------------- Done invoking toplevel() on ptolemy.moml.MoMLSimpleApplication@54ed2b4
reloadAllAccessors: .SDF-FSMComposite

===========================================================================================
----------------- testing Wed Jul 06 02:17:09 UTC 2022 /home/travis/build/icyphy/ptII/ptolemy/domains/modal/test/auto/SeeminglyNondeterminate.xml
----------------- Instantiating /home/travis/build/icyphy/ptII/ptolemy/domains/modal/test/auto/SeeminglyNondeterminate.xml
5 ms. Memory: 314368K Free: 234497K (75%)
----------------- Invoking toplevel() on ptolemy.moml.MoMLSimpleApplication@558d4adf
----------------- Done invoking toplevel() on ptolemy.moml.MoMLSimpleApplication@558d4adf
reloadAllAccessors: .SeeminglyNondeterminate

===========================================================================================
----------------- testing Wed Jul 06 02:17:09 UTC 2022 /home/travis/build/icyphy/ptII/ptolemy/domains/modal/test/auto/SeeminglyNondeterminate2.xml
----------------- Instantiating /home/travis/build/icyphy/ptII/ptolemy/domains/modal/test/auto/SeeminglyNondeterminate2.xml
7 ms. Memory: 314368K Free: 201729K (64%)
----------------- Invoking toplevel() on ptolemy.moml.MoMLSimpleApplication@1c2cadef
----------------- Done invoking toplevel() on ptolemy.moml.MoMLSimpleApplication@1c2cadef
reloadAllAccessors: .SeeminglyNondeterminate2

===========================================================================================
----------------- testing Wed Jul 06 02:17:10 UTC 2022 /home/travis/build/icyphy/ptII/ptolemy/domains/modal/test/auto/SpontaneousFSM.xml
----------------- Instantiating /home/travis/build/icyphy/ptII/ptolemy/domains/modal/test/auto/SpontaneousFSM.xml
21 ms. Memory: 314368K Free: 186873K (59%)
----------------- Invoking toplevel() on ptolemy.moml.MoMLSimpleApplication@4acd88b0
----------------- Done invoking toplevel() on ptolemy.moml.MoMLSimpleApplication@4acd88b0
reloadAllAccessors: .SpontaneousFSM

===========================================================================================
----------------- testing Wed Jul 06 02:17:10 UTC 2022 /home/travis/build/icyphy/ptII/ptolemy/domains/modal/test/auto/SpontaneousFSM2.xml
----------------- Instantiating /home/travis/build/icyphy/ptII/ptolemy/domains/modal/test/auto/SpontaneousFSM2.xml
20 ms. Memory: 314368K Free: 175105K (56%)
----------------- Invoking toplevel() on ptolemy.moml.MoMLSimpleApplication@34f29eb7
----------------- Done invoking toplevel() on ptolemy.moml.MoMLSimpleApplication@34f29eb7
reloadAllAccessors: .SpontaneousFSM2

===========================================================================================
----------------- testing Wed Jul 06 02:17:10 UTC 2022 /home/travis/build/icyphy/ptII/ptolemy/domains/modal/test/auto/SpontaneousFSM3.xml
----------------- Instantiating /home/travis/build/icyphy/ptII/ptolemy/domains/modal/test/auto/SpontaneousFSM3.xml
18 ms. Memory: 314368K Free: 160255K (51%)
----------------- Invoking toplevel() on ptolemy.moml.MoMLSimpleApplication@37df7472
----------------- Done invoking toplevel() on ptolemy.moml.MoMLSimpleApplication@37df7472
reloadAllAccessors: .SpontaneousFSM3

===========================================================================================
----------------- testing Wed Jul 06 02:17:10 UTC 2022 /home/travis/build/icyphy/ptII/ptolemy/domains/modal/test/auto/SpontaneousFSM4.xml
----------------- Instantiating /home/travis/build/icyphy/ptII/ptolemy/domains/modal/test/auto/SpontaneousFSM4.xml
23 ms. Memory: 314368K Free: 145409K (46%)
----------------- Invoking toplevel() on ptolemy.moml.MoMLSimpleApplication@6b8a0bef
----------------- Done invoking toplevel() on ptolemy.moml.MoMLSimpleApplication@6b8a0bef
reloadAllAccessors: .SpontaneousFSM4

===========================================================================================
----------------- testing Wed Jul 06 02:17:10 UTC 2022 /home/travis/build/icyphy/ptII/ptolemy/domains/modal/test/auto/StateTrackerTest.xml
----------------- Instantiating /home/travis/build/icyphy/ptII/ptolemy/domains/modal/test/auto/StateTrackerTest.xml
30 ms. Memory: 314368K Free: 128001K (41%)
----------------- Invoking toplevel() on ptolemy.moml.MoMLSimpleApplication@1a6a886a
----------------- Done invoking toplevel() on ptolemy.moml.MoMLSimpleApplication@1a6a886a
reloadAllAccessors: .StateTrackerTest

===========================================================================================
----------------- testing Wed Jul 06 02:17:10 UTC 2022 /home/travis/build/icyphy/ptII/ptolemy/domains/modal/test/auto/StrongImmediateTransition.xml
----------------- Instantiating /home/travis/build/icyphy/ptII/ptolemy/domains/modal/test/auto/StrongImmediateTransition.xml
4 ms. Memory: 314368K Free: 119809K (38%)
----------------- Invoking toplevel() on ptolemy.moml.MoMLSimpleApplication@195466fb
----------------- Done invoking toplevel() on ptolemy.moml.MoMLSimpleApplication@195466fb
reloadAllAccessors: .StrongImmediateTransition

===========================================================================================
----------------- testing Wed Jul 06 02:17:10 UTC 2022 /home/travis/build/icyphy/ptII/ptolemy/domains/modal/test/auto/SustainHierarchy.xml
----------------- Instantiating /home/travis/build/icyphy/ptII/ptolemy/domains/modal/test/auto/SustainHierarchy.xml
5 ms. Memory: 314368K Free: 291013K (93%)
----------------- Invoking toplevel() on ptolemy.moml.MoMLSimpleApplication@24c46d02
----------------- Done invoking toplevel() on ptolemy.moml.MoMLSimpleApplication@24c46d02
reloadAllAccessors: .SustainHierarchy

===========================================================================================
----------------- testing Wed Jul 06 02:17:10 UTC 2022 /home/travis/build/icyphy/ptII/ptolemy/domains/modal/test/auto/TerminationTransition1.xml
----------------- Instantiating /home/travis/build/icyphy/ptII/ptolemy/domains/modal/test/auto/TerminationTransition1.xml
2 ms. Memory: 314368K Free: 282311K (90%)
----------------- Invoking toplevel() on ptolemy.moml.MoMLSimpleApplication@632f6273
----------------- Done invoking toplevel() on ptolemy.moml.MoMLSimpleApplication@632f6273
reloadAllAccessors: .TerminationTransition1

===========================================================================================
----------------- testing Wed Jul 06 02:17:10 UTC 2022 /home/travis/build/icyphy/ptII/ptolemy/domains/modal/test/auto/TerminationTransition2.xml
----------------- Instantiating /home/travis/build/icyphy/ptII/ptolemy/domains/modal/test/auto/TerminationTransition2.xml
3 ms. Memory: 314368K Free: 273095K (87%)
----------------- Invoking toplevel() on ptolemy.moml.MoMLSimpleApplication@5ea9521
----------------- Done invoking toplevel() on ptolemy.moml.MoMLSimpleApplication@5ea9521
reloadAllAccessors: .TerminationTransition2

===========================================================================================
----------------- testing Wed Jul 06 02:17:10 UTC 2022 /home/travis/build/icyphy/ptII/ptolemy/domains/modal/test/auto/TerminationTransition3.xml
----------------- Instantiating /home/travis/build/icyphy/ptII/ptolemy/domains/modal/test/auto/TerminationTransition3.xml
2 ms. Memory: 314368K Free: 263365K (84%)
----------------- Invoking toplevel() on ptolemy.moml.MoMLSimpleApplication@360c3273
----------------- Done invoking toplevel() on ptolemy.moml.MoMLSimpleApplication@360c3273
reloadAllAccessors: .TerminationTransition3

===========================================================================================
----------------- testing Wed Jul 06 02:17:10 UTC 2022 /home/travis/build/icyphy/ptII/ptolemy/domains/modal/test/auto/TerminationTransition4.xml
----------------- Instantiating /home/travis/build/icyphy/ptII/ptolemy/domains/modal/test/auto/TerminationTransition4.xml
5 ms. Memory: 314368K Free: 249543K (79%)
----------------- Invoking toplevel() on ptolemy.moml.MoMLSimpleApplication@6e3b7a6f
----------------- Done invoking toplevel() on ptolemy.moml.MoMLSimpleApplication@6e3b7a6f
reloadAllAccessors: .TerminationTransition4

===========================================================================================
----------------- testing Wed Jul 06 02:17:10 UTC 2022 /home/travis/build/icyphy/ptII/ptolemy/domains/modal/test/auto/TerminationTransition5.xml
----------------- Instantiating /home/travis/build/icyphy/ptII/ptolemy/domains/modal/test/auto/TerminationTransition5.xml
3 ms. Memory: 314368K Free: 235717K (75%)
----------------- Invoking toplevel() on ptolemy.moml.MoMLSimpleApplication@aeaee6d
----------------- Done invoking toplevel() on ptolemy.moml.MoMLSimpleApplication@aeaee6d
reloadAllAccessors: .TerminationTransition5

===========================================================================================
----------------- testing Wed Jul 06 02:17:10 UTC 2022 /home/travis/build/icyphy/ptII/ptolemy/domains/modal/test/auto/TerminationTransition6.xml
----------------- Instantiating /home/travis/build/icyphy/ptII/ptolemy/domains/modal/test/auto/TerminationTransition6.xml
1 ms. Memory: 314368K Free: 227015K (72%)
----------------- Invoking toplevel() on ptolemy.moml.MoMLSimpleApplication@1d805b18
----------------- Done invoking toplevel() on ptolemy.moml.MoMLSimpleApplication@1d805b18
reloadAllAccessors: .TerminationTransition6

===========================================================================================
----------------- testing Wed Jul 06 02:17:10 UTC 2022 /home/travis/build/icyphy/ptII/ptolemy/domains/modal/test/auto/TerminationTransition7.xml
----------------- Instantiating /home/travis/build/icyphy/ptII/ptolemy/domains/modal/test/auto/TerminationTransition7.xml
2 ms. Memory: 314368K Free: 217285K (69%)
----------------- Invoking toplevel() on ptolemy.moml.MoMLSimpleApplication@1eb9dc69
----------------- Done invoking toplevel() on ptolemy.moml.MoMLSimpleApplication@1eb9dc69
reloadAllAccessors: .TerminationTransition7

===========================================================================================
----------------- testing Wed Jul 06 02:17:10 UTC 2022 /home/travis/build/icyphy/ptII/ptolemy/domains/modal/test/auto/TerminationTransition8.xml
----------------- Instantiating /home/travis/build/icyphy/ptII/ptolemy/domains/modal/test/auto/TerminationTransition8.xml
2 ms. Memory: 314368K Free: 208069K (66%)
----------------- Invoking toplevel() on ptolemy.moml.MoMLSimpleApplication@54424cf9
----------------- Done invoking toplevel() on ptolemy.moml.MoMLSimpleApplication@54424cf9
reloadAllAccessors: .TerminationTransition8

===========================================================================================
----------------- testing Wed Jul 06 02:17:10 UTC 2022 /home/travis/build/icyphy/ptII/ptolemy/domains/modal/test/auto/Thermostat_NoHysteresis.xml
----------------- Instantiating /home/travis/build/icyphy/ptII/ptolemy/domains/modal/test/auto/Thermostat_NoHysteresis.xml
23 ms. Memory: 314368K Free: 183493K (58%)
----------------- Invoking toplevel() on ptolemy.moml.MoMLSimpleApplication@23f409a7
----------------- Done invoking toplevel() on ptolemy.moml.MoMLSimpleApplication@23f409a7
reloadAllAccessors: .Thermostat_NoHysteresis

===========================================================================================
----------------- testing Wed Jul 06 02:17:10 UTC 2022 /home/travis/build/icyphy/ptII/ptolemy/domains/modal/test/auto/TimedFSM.xml
----------------- Instantiating /home/travis/build/icyphy/ptII/ptolemy/domains/modal/test/auto/TimedFSM.xml
8 ms. Memory: 314368K Free: 171719K (55%)
----------------- Invoking toplevel() on ptolemy.moml.MoMLSimpleApplication@4e4b9ff4
----------------- Done invoking toplevel() on ptolemy.moml.MoMLSimpleApplication@4e4b9ff4
reloadAllAccessors: .TimedFSM

===========================================================================================
----------------- testing Wed Jul 06 02:17:10 UTC 2022 /home/travis/build/icyphy/ptII/ptolemy/domains/modal/test/auto/Timeout1.xml
----------------- Instantiating /home/travis/build/icyphy/ptII/ptolemy/domains/modal/test/auto/Timeout1.xml
2 ms. Memory: 314368K Free: 166071K (53%)
----------------- Invoking toplevel() on ptolemy.moml.MoMLSimpleApplication@64294f57
----------------- Done invoking toplevel() on ptolemy.moml.MoMLSimpleApplication@64294f57
reloadAllAccessors: .Timeout1

===========================================================================================
----------------- testing Wed Jul 06 02:17:10 UTC 2022 /home/travis/build/icyphy/ptII/ptolemy/domains/modal/test/auto/Timeout2.xml
----------------- Instantiating /home/travis/build/icyphy/ptII/ptolemy/domains/modal/test/auto/Timeout2.xml
8 ms. Memory: 314368K Free: 157383K (50%)
----------------- Invoking toplevel() on ptolemy.moml.MoMLSimpleApplication@582a4e91
----------------- Done invoking toplevel() on ptolemy.moml.MoMLSimpleApplication@582a4e91
reloadAllAccessors: .Timeout2

===========================================================================================
----------------- testing Wed Jul 06 02:17:10 UTC 2022 /home/travis/build/icyphy/ptII/ptolemy/domains/modal/test/auto/Timeout3.xml
----------------- Instantiating /home/travis/build/icyphy/ptII/ptolemy/domains/modal/test/auto/Timeout3.xml
2 ms. Memory: 314368K Free: 152263K (48%)
----------------- Invoking toplevel() on ptolemy.moml.MoMLSimpleApplication@be0331c
----------------- Done invoking toplevel() on ptolemy.moml.MoMLSimpleApplication@be0331c
reloadAllAccessors: .Timeout3

===========================================================================================
----------------- testing Wed Jul 06 02:17:10 UTC 2022 /home/travis/build/icyphy/ptII/ptolemy/domains/modal/test/auto/Timeout4.xml
----------------- Instantiating /home/travis/build/icyphy/ptII/ptolemy/domains/modal/test/auto/Timeout4.xml
2 ms. Memory: 314368K Free: 147143K (47%)
----------------- Invoking toplevel() on ptolemy.moml.MoMLSimpleApplication@2a5587a6
----------------- Done invoking toplevel() on ptolemy.moml.MoMLSimpleApplication@2a5587a6
reloadAllAccessors: .Timeout4

===========================================================================================
----------------- testing Wed Jul 06 02:17:10 UTC 2022 /home/travis/build/icyphy/ptII/ptolemy/domains/modal/test/auto/TransientstateModelAdvanced.xml
----------------- Instantiating /home/travis/build/icyphy/ptII/ptolemy/domains/modal/test/auto/TransientstateModelAdvanced.xml
3 ms. Memory: 314368K Free: 134855K (43%)
----------------- Invoking toplevel() on ptolemy.moml.MoMLSimpleApplication@495de06d
----------------- Done invoking toplevel() on ptolemy.moml.MoMLSimpleApplication@495de06d
reloadAllAccessors: .TransientstateModelAdvanced

===========================================================================================
----------------- testing Wed Jul 06 02:17:10 UTC 2022 /home/travis/build/icyphy/ptII/ptolemy/domains/modal/test/auto/TransientstateModelAdvanced2.xml
----------------- Instantiating /home/travis/build/icyphy/ptII/ptolemy/domains/modal/test/auto/TransientstateModelAdvanced2.xml
3 ms. Memory: 314368K Free: 120519K (38%)
----------------- Invoking toplevel() on ptolemy.moml.MoMLSimpleApplication@2db91968
----------------- Done invoking toplevel() on ptolemy.moml.MoMLSimpleApplication@2db91968
reloadAllAccessors: .transientstatemodelAdvanced

===========================================================================================
----------------- testing Wed Jul 06 02:17:10 UTC 2022 /home/travis/build/icyphy/ptII/ptolemy/domains/modal/test/auto/TransitionRefinements.xml
----------------- Instantiating /home/travis/build/icyphy/ptII/ptolemy/domains/modal/test/auto/TransitionRefinements.xml
14 ms. Memory: 314368K Free: 110775K (35%)
----------------- Invoking toplevel() on ptolemy.moml.MoMLSimpleApplication@601119b7
----------------- Done invoking toplevel() on ptolemy.moml.MoMLSimpleApplication@601119b7
reloadAllAccessors: .TransitionRefinements

===========================================================================================
----------------- testing Wed Jul 06 02:17:10 UTC 2022 /home/travis/build/icyphy/ptII/ptolemy/domains/modal/test/auto/TwoRefinements1.xml
----------------- Instantiating /home/travis/build/icyphy/ptII/ptolemy/domains/modal/test/auto/TwoRefinements1.xml
3 ms. Memory: 314368K Free: 283688K (90%)
----------------- Invoking toplevel() on ptolemy.moml.MoMLSimpleApplication@1de89995
----------------- Done invoking toplevel() on ptolemy.moml.MoMLSimpleApplication@1de89995
reloadAllAccessors: .TwoRefinements1

===========================================================================================
----------------- testing Wed Jul 06 02:17:10 UTC 2022 /home/travis/build/icyphy/ptII/ptolemy/domains/modal/test/auto/TwoRefinements2.xml
----------------- Instantiating /home/travis/build/icyphy/ptII/ptolemy/domains/modal/test/auto/TwoRefinements2.xml
2 ms. Memory: 314368K Free: 273962K (87%)
----------------- Invoking toplevel() on ptolemy.moml.MoMLSimpleApplication@d780f26
----------------- Done invoking toplevel() on ptolemy.moml.MoMLSimpleApplication@d780f26
reloadAllAccessors: .TwoRefinements2

===========================================================================================
----------------- testing Wed Jul 06 02:17:10 UTC 2022 /home/travis/build/icyphy/ptII/ptolemy/domains/modal/test/auto/WeakImmediateTransition.xml
----------------- Instantiating /home/travis/build/icyphy/ptII/ptolemy/domains/modal/test/auto/WeakImmediateTransition.xml
3 ms. Memory: 314368K Free: 265256K (84%)
----------------- Invoking toplevel() on ptolemy.moml.MoMLSimpleApplication@24561a38
----------------- Done invoking toplevel() on ptolemy.moml.MoMLSimpleApplication@24561a38
reloadAllAccessors: .WeakImmediateTransition

===========================================================================================
----------------- testing Wed Jul 06 02:17:10 UTC 2022 /home/travis/build/icyphy/ptII/ptolemy/domains/modal/test/auto/booleanSelect.xml
----------------- Instantiating /home/travis/build/icyphy/ptII/ptolemy/domains/modal/test/auto/booleanSelect.xml
35 ms. Memory: 314368K Free: 247338K (79%)
----------------- Invoking toplevel() on ptolemy.moml.MoMLSimpleApplication@14ed7671
----------------- Done invoking toplevel() on ptolemy.moml.MoMLSimpleApplication@14ed7671
reloadAllAccessors: .booleanSelect

===========================================================================================
----------------- testing Wed Jul 06 02:17:10 UTC 2022 /home/travis/build/icyphy/ptII/ptolemy/domains/modal/test/auto/modalChangingParams.xml
----------------- Instantiating /home/travis/build/icyphy/ptII/ptolemy/domains/modal/test/auto/modalChangingParams.xml
0
1
0
2
4
6
8
7
0
2
4
6
8
13
0
2
4
6
8
19
0
2
4
6
8
25
0
2
4
6
8
31
0
2
4
6
8
37
0
2
4
6
8
43
0
2
4
6
8
49
0
2
4
6
8
55
0
2
4
6
8
61
0
2
4
6
8
67
0
2
4
6
8
73
0
2
4
6
8
79
0
2
4
6
8
85
0
2
4
6
8
91
0
2
4
6
8
97
0
2
4
6
8
103
0
2
4
6
8
109
0
2
4
6
8
115
0
2
4
6
8
121
0
2
4
6
8
127
0
2
4
6
8
133
0
2
4
6
8
139
0
2
4
6
8
145
0
2
4
6
8
151
0
2
4
6
8
157
0
2
4
6
8
163
0
2
4
6
8
169
0
2
4
6
8
175
0
2
4
6
8
181
0
2
4
6
8
187
0
2
4
6
8
193
0
2
4
6
8
199
0
2
4
6
8
205
0
2
4
6
8
211
0
2
4
6
8
217
0
2
4
6
8
223
0
2
4
6
8
229
0
2
4
6
8
235
0
2
4
6
8
241
0
2
4
6
8
247
0
2
4
6
8
253
0
2
4
6
8
259
0
2
4
6
8
265
0
2
4
6
8
271
0
2
4
6
8
277
0
2
4
6
8
283
0
2
4
6
8
289
0
2
4
6
8
295
0
2
4
6
8
301
0
2
4
6
8
307
0
2
4
6
8
313
0
2
4
6
8
319
0
2
4
6
8
325
0
2
4
6
8
331
0
2
4
6
8
337
0
2
4
6
8
343
0
2
4
6
8
349
0
2
4
6
8
355
0
2
4
6
8
361
0
2
4
6
8
367
0
2
4
6
8
373
0
2
4
6
8
379
0
2
4
6
8
385
0
2
4
6
8
391
0
2
4
6
8
397
0
2
4
6
8
403
0
2
4
6
8
409
0
2
4
6
8
415
0
2
4
6
8
421
0
2
4
6
8
427
0
2
4
6
8
433
0
2
4
6
8
439
0
2
4
6
8
445
0
2
4
6
8
451
0
2
4
6
8
457
0
2
4
6
8
463
0
2
4
6
8
469
0
2
4
6
8
475
0
2
4
6
8
481
0
2
4
6
8
487
0
2
4
6
8
493
0
2
4
6
8
499
0
2
4
6
8
505
0
2
4
6
8
511
0
2
4
6
8
517
0
2
4
6
8
523
0
2
4
6
8
529
0
2
4
6
8
535
0
2
4
6
8
541
0
2
4
6
8
547
0
2
4
6
8
553
0
2
4
6
8
559
0
2
4
6
8
565
0
2
4
6
8
571
0
2
4
6
8
577
0
2
4
6
8
583
0
2
4
6
8
589
0
2
4
6
8
595
0
2
4
6
8
601
0
2
4
6
8
607
0
2
4
6
8
613
0
2
4
6
8
619
0
2
4
6
8
625
0
2
4
6
8
631
0
2
4
6
8
637
0
2
4
6
8
643
0
2
4
6
8
649
0
2
4
6
8
655
0
2
4
6
8
661
0
2
4
6
8
667
0
2
4
6
8
673
0
2
4
6
8
679
0
2
4
6
8
685
0
2
4
6
8
691
0
2
4
6
8
697
0
2
4
6
8
703
0
2
4
6
8
709
0
2
4
6
8
715
0
2
4
6
8
721
0
2
4
6
8
727
0
2
4
6
8
733
0
2
4
6
8
739
0
2
4
6
8
745
0
2
4
6
8
751
0
2
4
6
8
757
0
2
4
6
8
763
0
2
4
6
8
769
0
2
4
6
8
775
0
2
4
6
8
781
0
2
4
6
8
787
0
2
4
6
8
793
0
2
4
6
8
799
0
2
4
6
8
805
0
2
4
6
8
811
0
2
4
6
8
817
0
2
4
6
8
823
0
2
4
6
8
829
0
2
4
6
8
835
0
2
4
6
8
841
0
2
4
6
8
847
0
2
4
6
8
853
0
2
4
6
8
859
0
2
4
6
8
865
0
2
4
6
8
871
0
2
4
6
8
877
0
2
4
6
8
883
0
2
4
6
8
889
0
2
4
6
8
895
0
2
4
6
8
901
0
2
4
6
8
907
0
2
4
6
8
913
0
2
4
6
8
919
0
2
4
6
8
925
0
2
4
6
8
931
0
2
4
6
8
937
0
2
4
6
8
943
0
2
4
6
8
949
0
2
4
6
8
955
0
2
4
6
8
961
0
2
4
6
8
967
0
2
4
6
8
973
0
2
4
6
8
979
0
2
4
6
8
985
0
2
4
6
8
991
0
2
4
6
8
997
0
2
251 ms. Memory: 314368K Free: 132650K (42%)
----------------- Invoking toplevel() on ptolemy.moml.MoMLSimpleApplication@25bc8856
----------------- Done invoking toplevel() on ptolemy.moml.MoMLSimpleApplication@25bc8856
reloadAllAccessors: .modalChangingParams

===========================================================================================
----------------- testing Wed Jul 06 02:17:11 UTC 2022 /home/travis/build/icyphy/ptII/ptolemy/domains/modal/test/auto/modalModel.xml
----------------- Instantiating /home/travis/build/icyphy/ptII/ptolemy/domains/modal/test/auto/modalModel.xml
5 ms. Memory: 314368K Free: 123930K (39%)
----------------- Invoking toplevel() on ptolemy.moml.MoMLSimpleApplication@27a6bde8
----------------- Done invoking toplevel() on ptolemy.moml.MoMLSimpleApplication@27a6bde8
reloadAllAccessors: .modalModel

===========================================================================================
----------------- testing Wed Jul 06 02:17:11 UTC 2022 /home/travis/build/icyphy/ptII/ptolemy/domains/modal/test/auto/modalModel2.xml
----------------- Instantiating /home/travis/build/icyphy/ptII/ptolemy/domains/modal/test/auto/modalModel2.xml
9 ms. Memory: 314368K Free: 113194K (36%)
----------------- Invoking toplevel() on ptolemy.moml.MoMLSimpleApplication@7dc81f4a
----------------- Done invoking toplevel() on ptolemy.moml.MoMLSimpleApplication@7dc81f4a
reloadAllAccessors: .modalModel2

===========================================================================================
----------------- testing Wed Jul 06 02:17:11 UTC 2022 /home/travis/build/icyphy/ptII/ptolemy/domains/modal/test/auto/modalModel3.xml
----------------- Instantiating /home/travis/build/icyphy/ptII/ptolemy/domains/modal/test/auto/modalModel3.xml
0	0	0
1	0	1
4	2	2
7	4	3
10	6	4
5	0	5
8	2	6
11	4	7
14	6	8
9	0	9
12	2	10
15	4	11
18	6	12
13	0	13
16	2	14
25 ms. Memory: 377856K Free: 346214K (92%)
----------------- Invoking toplevel() on ptolemy.moml.MoMLSimpleApplication@4ec54b91
----------------- Done invoking toplevel() on ptolemy.moml.MoMLSimpleApplication@4ec54b91
reloadAllAccessors: .modalModel3

===========================================================================================
----------------- testing Wed Jul 06 02:17:11 UTC 2022 /home/travis/build/icyphy/ptII/ptolemy/domains/modal/test/auto/model1.xml
----------------- Instantiating /home/travis/build/icyphy/ptII/ptolemy/domains/modal/test/auto/model1.xml
14 ms. Memory: 377856K Free: 340598K (90%)
----------------- Invoking toplevel() on ptolemy.moml.MoMLSimpleApplication@4d31c668
----------------- Done invoking toplevel() on ptolemy.moml.MoMLSimpleApplication@4d31c668
reloadAllAccessors: .model1

===========================================================================================
----------------- testing Wed Jul 06 02:17:11 UTC 2022 /home/travis/build/icyphy/ptII/ptolemy/domains/modal/test/auto/test-direct-in-out.xml
----------------- Instantiating /home/travis/build/icyphy/ptII/ptolemy/domains/modal/test/auto/test-direct-in-out.xml
6 ms. Memory: 377856K Free: 332900K (88%)
----------------- Invoking toplevel() on ptolemy.moml.MoMLSimpleApplication@59eadda0
----------------- Done invoking toplevel() on ptolemy.moml.MoMLSimpleApplication@59eadda0
reloadAllAccessors: .test-direct-in-out
AutoTests.java: About to close Vertx.
AutoTests.java: Vertx closed.
]]></system-out>
  <system-err><![CDATA[java.lang.RuntimeException: Execution failed
	at ptolemy.moml.MoMLSimpleApplication$UnloadThread.run(MoMLSimpleApplication.java:402)
Caused by: ptolemy.kernel.util.IllegalActionException: Unknown inputs remain. Possible causality loop:
L_model_1893289564i

  in .CannotAnalysisWithPreemption.model_1893289564_region_1 and .CannotAnalysisWithPreemption.model_1893289564_region_1.L_model_1893289564i
	at ptolemy.actor.sched.FixedPointDirector.postfire(FixedPointDirector.java:515)
	at ptolemy.domains.sr.kernel.SRDirector.postfire(SRDirector.java:417)
	at ptolemy.actor.CompositeActor.postfire(CompositeActor.java:1668)
	at ptolemy.actor.Manager.iterate(Manager.java:852)
	at ptolemy.actor.Manager.execute(Manager.java:369)
	at ptolemy.actor.Manager.run(Manager.java:1263)
	at ptolemy.actor.Manager$PtolemyRunThread.run(Manager.java:1933)
java.lang.reflect.InvocationTargetException
	at java.base/jdk.internal.reflect.NativeConstructorAccessorImpl.newInstance0(Native Method)
	at java.base/jdk.internal.reflect.NativeConstructorAccessorImpl.newInstance(NativeConstructorAccessorImpl.java:62)
	at java.base/jdk.internal.reflect.DelegatingConstructorAccessorImpl.newInstance(DelegatingConstructorAccessorImpl.java:45)
	at java.base/java.lang.reflect.Constructor.newInstance(Constructor.java:490)
	at ptolemy.util.test.junit.AutoKnownFailedTests.RunModel(AutoKnownFailedTests.java:105)
	at java.base/jdk.internal.reflect.NativeMethodAccessorImpl.invoke0(Native Method)
	at java.base/jdk.internal.reflect.NativeMethodAccessorImpl.invoke(NativeMethodAccessorImpl.java:62)
	at java.base/jdk.internal.reflect.DelegatingMethodAccessorImpl.invoke(DelegatingMethodAccessorImpl.java:43)
	at java.base/java.lang.reflect.Method.invoke(Method.java:566)
	at org.junit.runners.model.FrameworkMethod$1.runReflectiveCall(FrameworkMethod.java:44)
	at org.junit.internal.runners.model.ReflectiveCallable.run(ReflectiveCallable.java:15)
	at org.junit.runners.model.FrameworkMethod.invokeExplosively(FrameworkMethod.java:41)
	at junitparams.internal.InvokeParameterisedMethod.evaluate(InvokeParameterisedMethod.java:102)
	at org.junit.internal.runners.statements.FailOnTimeout$1.run(FailOnTimeout.java:28)
Caused by: ptolemy.kernel.util.IllegalActionException: Unknown inputs remain. Possible causality loop:
L_model_1893289564i

  in .CannotAnalysisWithPreemption.model_1893289564_region_1 and .CannotAnalysisWithPreemption.model_1893289564_region_1.L_model_1893289564i
	at ptolemy.actor.sched.FixedPointDirector.postfire(FixedPointDirector.java:515)
	at ptolemy.domains.sr.kernel.SRDirector.postfire(SRDirector.java:417)
	at ptolemy.actor.CompositeActor.postfire(CompositeActor.java:1668)
	at ptolemy.actor.Manager.iterate(Manager.java:852)
	at ptolemy.actor.Manager.execute(Manager.java:369)
	at ptolemy.actor.Manager.run(Manager.java:1263)
	at ptolemy.actor.Manager$PtolemyRunThread.run(Manager.java:1933)
]]></system-err>
</testsuite>
