<?xml version="1.0" encoding="UTF-8" ?>
<testsuite errors="0" failures="1" hostname="travis-job-528f5d3c-46bc-493c-9e56-037c88931d89" name="ptolemy.actor.lib.test.junit.JUnitTclTest" skipped="0" tests="517" time="66.656" timestamp="2019-09-12T05:44:11">
  <properties>
    <property name="npm.executable" value="npm" />
    <property name="env.TRAVIS_ROOT" value="/" />
    <property name="ptII.mk.exists" value="true" />
    <property name="env.TRAVIS_APP_HOST" value="build.travis-ci.org" />
    <property name="env.rvm_bin_path" value="/home/travis/.rvm/bin" />
    <property name="java.home" value="/usr/local/lib/jvm/openjdk11" />
    <property name="env.TRAVIS_JOB_NUMBER" value="1327.8" />
    <property name="env.TRAVIS_HOME" value="/home/travis" />
    <property name="env.DISPLAY" value=":99.0" />
    <property name="env.TRAVIS_INIT" value="systemd" />
    <property name="env.SSH_TTY" value="/dev/pts/0" />
    <property name="java.net.preferIPv4Stack" value="true" />
    <property name="env.RUN_TESTS" value="true" />
    <property name="timeout.short" value="1000000" />
    <property name="junit.formatter" value="xml" />
    <property name="env.TRAVIS_SUDO" value="true" />
    <property name="env.TRAVIS_JOB_NAME" value="" />
    <property name="env.TRAVIS_STACK_NODE_ATTRIBUTES" value="/.node-attributes.yml" />
    <property name="env.LOGNAME" value="travis" />
    <property name="env.PT_TRAVIS_TEST_CORE1_XML" value="true" />
    <property name="jsdoc.home" value="node_modules/@terraswarm/jsdoc" />
    <property name="debuglevel" value="source,lines,vars" />
    <property name="checkstyle.formatter" value="xml" />
    <property name="env._system_version" value="16.04" />
    <property name="bin.vergil.makeable" value="true" />
    <property name="sun.os.patch.level" value="unknown" />
    <property name="java.vendor.url" value="http://java.oracle.com/" />
    <property name="env.TRAVIS_BUILD_WEB_URL" value="https://travis-ci.org/icyphy/ptII/builds/583976538" />
    <property name="java.version" value="11.0.2" />
    <property name="env.TZ" value="UTC" />
    <property name="env.TRAVIS_PULL_REQUEST_SHA" value="" />
    <property name="env.PT_NO_NET" value="true" />
    <property name="env.TRAVIS_SECURE_ENV_VARS" value="true" />
    <property name="env._system_type" value="Linux" />
    <property name="java.vendor.url.bug" value="http://bugreport.java.com/bugreport/" />
    <property name="npmjs-org-is-up" value="true" />
    <property name="env.LANGUAGE" value="en_US.UTF-8" />
    <property name="env.SSH_CLIENT" value="10.16.20.4 41540 22" />
    <property name="env.GEM_HOME" value="/home/travis/.rvm/gems/ruby-2.5.3" />
    <property name="env.HAS_ANTARES_THREE_LITTLE_FRONZIES_BADGE" value="true" />
    <property name="java.version.date" value="2019-01-15" />
    <property name="env.PS4" value="+" />
    <property name="ant.project.invoked-targets" value="build,test.core1.xml" />
    <property name="env.TRAVIS_PULL_REQUEST_BRANCH" value="" />
    <property name="env.TRAVIS_REPO_SLUG" value="icyphy/ptII" />
    <property name="env.XDG_DATA_DIRS" value="/usr/local/share:/usr/share:/var/lib/snapd/desktop" />
    <property name="jdk.debug" value="release" />
    <property name="env.TRAVIS_APT_PROXY" value="http://apt.cache.travis-ci.com" />
    <property name="node.in.path" value="true" />
    <property name="user.name" value="travis" />
    <property name="java.maxmemory" value="1400m" />
    <property name="env.RUBY_VERSION" value="ruby-2.5.3" />
    <property name="env.LANG" value="en_US.UTF-8" />
    <property name="sun.io.unicode.encoding" value="UnicodeLittle" />
    <property name="sun.jnu.encoding" value="UTF-8" />
    <property name="java.runtime.name" value="OpenJDK Runtime Environment" />
    <property name="usefile" value="false" />
    <property name="return.code" value="0" />
    <property name="junit.single.formatter" value="plain" />
    <property name="env.DYLD_LIBRARY_PATH" value="/home/travis/pthla/certi-tools/lib:" />
    <property name="env.DEBIAN_FRONTEND" value="noninteractive" />
    <property name="env.SSH_CONNECTION" value="10.16.20.4 41540 10.20.0.35 22" />
    <property name="env.MYSQL_UNIX_PORT" value="/var/run/mysqld/mysqld.sock" />
    <property name="env.LC_ALL" value="en_US.UTF-8" />
    <property name="env.TRAVIS_ALLOW_FAILURE" value="false" />
    <property name="env.TRAVIS_JOB_WEB_URL" value="https://travis-ci.org/icyphy/ptII/jobs/583976546" />
    <property name="java.specification.name" value="Java Platform API Specification" />
    <property name="node.works" value="true" />
    <property name="user.timezone" value="" />
    <property name="path.separator" value=":" />
    <property name="env.TRAVIS_ENABLE_INFRA_DETECTION" value="true" />
    <property name="env.PYTHON_CFLAGS" value="-g -fstack-protector --param=ssp-buffer-size=4 -Wformat -Werror=format-security" />
    <property name="timeout.long" value="4000000" />
    <property name="env.CERTI_HOME" value="/home/travis/pthla/certi-tools" />
    <property name="ant.file.ptII" value="/home/travis/build/icyphy/ptII/build.xml" />
    <property name="javadoc.packagenames" value="com.*,diva.*,lbnl.*,org.hlacerti.*,org.json.*,org.ptolemy.*,org.terraswarm.*,ptolemy.*,ptserver.*" />
    <property name="file.encoding" value="UTF-8" />
    <property name="env.TRAVIS_PULL_REQUEST_SLUG" value="" />
    <property name="ant.project.default-target" value="build" />
    <property name="env.GIT_ASKPASS" value="echo" />
    <property name="env.HOME" value="/home/travis" />
    <property name="sun.java.command" value="org.apache.tools.ant.taskdefs.optional.junit.JUnitTestRunner ptolemy.actor.lib.test.junit.JUnitTclTest skipNonTests=false filtertrace=true haltOnError=false haltOnFailure=false formatter=org.apache.tools.ant.taskdefs.optional.junit.OutErrSummaryJUnitResultFormatter showoutput=true outputtoformatters=true logfailedtests=true threadid=0 logtestlistenerevents=false formatter=org.apache.tools.ant.taskdefs.optional.junit.XMLJUnitResultFormatter,/home/travis/build/icyphy/ptII/reports/junit/TEST-ptolemy.actor.lib.test.junit.JUnitTclTest.xml crashfile=/home/travis/build/icyphy/ptII/junitvmwatcher11027894689843504866.properties propsfile=/home/travis/build/icyphy/ptII/junit16355730155440216457.properties" />
    <property name="env.COMPOSER_NO_INTERACTION" value="1" />
    <property name="env.MANPATH" value="/home/travis/.nvm/versions/node/v7.10.1/share/man:/home/travis/.rvm/rubies/ruby-2.5.3/share/man:/usr/local/cmake-3.12.4/man:/usr/local/clang-7.0.0/share/man:/usr/local/man:/usr/local/share/man:/usr/share/man:/home/travis/.rvm/man" />
    <property name="env.TRAVIS_TIMER_ID" value="1578dacc" />
    <property name="ant.file" value="/home/travis/build/icyphy/ptII/build.xml" />
    <property name="env.TRAVIS_COMMIT_RANGE" value="bc7bfed3151ace78f6177b95f8054c233d74f1bf...1691c4a63a7f6e8f7441362a7c71a7ee30ba8bb1" />
    <property name="env._system_name" value="Ubuntu" />
    <property name="ptII.classpath.optional.property" value="/home/travis/build/icyphy/ptII/lib/bsh-2.0b4.jar:/home/travis/build/icyphy/ptII/lib/ptCal.jar:/home/travis/build/icyphy/ptII/lib/java_cup.jar:/home/travis/build/icyphy/ptII/lib/saxon8.jar:/home/travis/build/icyphy/ptII/lib/saxon8-dom.jar:/home/travis/build/icyphy/ptII/lib/chic.jar:/home/travis/build/icyphy/ptII/lib/ptcolt.jar:/home/travis/build/icyphy/ptII/vendors/misc/itext/iText.jar:/home/travis/build/icyphy/ptII/lib/g4ltl.jar:/home/travis/build/icyphy/ptII/lib/StructuralCoder.jar:/home/travis/build/icyphy/ptII/lib/jcerti.jar:/home/travis/build/icyphy/ptII/lib/javax.mail.jar:/home/travis/build/icyphy/ptII/vendors/JMF-2.1.1e/lib/jmf.jar:/home/travis/build/icyphy/ptII/lib/jna-4.0.0-variadic.jar:/home/travis/build/icyphy/ptII/vendors/misc/joystick/Joystick.jar:/home/travis/build/icyphy/ptII/lib/ptjacl.jar:/home/travis/build/icyphy/ptII/lib/jsoup-1.8.2.jar:/home/travis/build/icyphy/ptII/lib/junit-4.8.2.jar:/home/travis/build/icyphy/ptII/lib/JUnitParams-0.4.0.jar:/home/travis/build/icyphy/ptII/ptolemy/actor/lib/excel/jxl.jar:/home/travis/build/icyphy/ptII/lib/jython.jar:/home/travis/build/icyphy/ptII/lib/kieler.jar:/home/travis/build/icyphy/ptII/vendors/opencv/share/OpenCV/java/opencv-341.jar:/home/travis/build/icyphy/ptII/lib/oscP5.jar:/home/travis/build/icyphy/ptII/lib/nrjavaserial-3.11.0.devel.jar:/home/travis/build/icyphy/ptII/vendors/j3d/lib/Linux/j3dcore.jar:/home/travis/build/icyphy/ptII/vendors/j3d/lib/Linux/j3dutils.jar:/home/travis/build/icyphy/ptII/vendors/j3d/lib/Linux/vecmath.jar:/home/travis/build/icyphy/ptII/vendors/jogl/lib/Linux/gluegen-rt-natives-linux-amd64.jar:/home/travis/build/icyphy/ptII/vendors/jogl/lib/Linux/gluegen-rt.jar:/home/travis/build/icyphy/ptII/vendors/jogl/lib/Linux/jogl-all-natives-linux-amd64.jar:/home/travis/build/icyphy/ptII/vendors/jogl/lib/Linux/jogl-all.jar:/home/travis/build/icyphy/ptII/ptolemy/distributed/jini/jar/jini-core.jar:/home/travis/build/icyphy/ptII/ptolemy/distributed/jini/jar/jini-ext.jar:/home/travis/build/icyphy/ptII/ptolemy/distributed/jini/jar/sun-util.jar:/home/travis/build/icyphy/ptII/lib/protobuf-java-2.4.1.jar:/home/travis/build/icyphy/ptII/lib/org.eclipse.paho.client.mqttv3.jar:/home/travis/build/icyphy/ptII/lib/mapss.jar:/home/travis/build/icyphy/ptII/ptolemy/actor/ptalon/antlr/antlr.jar:/home/travis/build/icyphy/ptII/lib/JRI.jar:/home/travis/build/icyphy/ptII/lib/commons-lang-2.6.jar:/home/travis/build/icyphy/ptII/lib/commons-logging-1.1.1.jar:/home/travis/build/icyphy/ptII/lib/sootclasses.jar:/home/travis/build/icyphy/ptII/ptolemy/actor/lib/database/mysql-connector-java-5.1.6-bin.jar:/home/travis/build/icyphy/ptII/vendors/misc/sphinx4/sphinx4-data-5prealpha.jar:/home/travis/build/icyphy/ptII/vendors/misc/sphinx4/sphinx4-core-5prealpha.jar:/home/travis/build/icyphy/ptII/lib/PDFRenderer.jar:/home/travis/build/icyphy/ptII/lib/svgSalamander.jar:/home/travis/build/icyphy/ptII/lib/rsyntaxtextarea-2.6.0-SNAPSHOT.jar:/home/travis/build/icyphy/ptII/lib/hazelcast-3.8.2.jar:/home/travis/build/icyphy/ptII/lib/jackson-annotations-2.9.0.jar:/home/travis/build/icyphy/ptII/lib/jackson-core-2.9.3.jar:/home/travis/build/icyphy/ptII/lib/jackson-databind-2.9.3.jar:/home/travis/build/icyphy/ptII/lib/netty-buffer-4.1.19.Final.jar:/home/travis/build/icyphy/ptII/lib/netty-codec-4.1.19.Final.jar:/home/travis/build/icyphy/ptII/lib/netty-codec-dns-4.1.19.Final.jar:/home/travis/build/icyphy/ptII/lib/netty-codec-http-4.1.19.Final.jar:/home/travis/build/icyphy/ptII/lib/netty-codec-http2-4.1.19.Final.jar:/home/travis/build/icyphy/ptII/lib/netty-common-4.1.19.Final.jar:/home/travis/build/icyphy/ptII/lib/netty-handler-4.1.19.Final.jar:/home/travis/build/icyphy/ptII/lib/netty-resolver-4.1.19.Final.jar:/home/travis/build/icyphy/ptII/lib/netty-resolver-dns-4.1.19.Final.jar:/home/travis/build/icyphy/ptII/lib/netty-transport-4.1.19.Final.jar:/home/travis/build/icyphy/ptII/lib/vertx-codegen-3.5.1.jar:/home/travis/build/icyphy/ptII/lib/vertx-core-3.5.2-SNAPSHOT.jar:/home/travis/build/icyphy/ptII/lib/vertx-hazelcast-3.5.1.jar:/home/travis/build/icyphy/ptII/lib/vertx-lang-js-3.5.1.jar:/home/travis/build/icyphy/ptII/lib/vertx-service-proxy-3.5.1.jar:/home/travis/build/icyphy/ptII/lib/vertx-web-3.5.1.jar:/home/travis/build/icyphy/ptII/lib/slf4j-api-1.7.13.jar:/home/travis/build/icyphy/ptII/lib/slf4j-simple-1.7.13.jar:/home/travis/build/icyphy/ptII/lib/webcam-capture-0.3.12.jar:/home/travis/build/icyphy/ptII/lib/bridj-0.7.0.jar:/home/travis/build/icyphy/ptII/lib/xbjlib-1.1.0.nrjavaserial.jar" />
    <property name="timeout" value="2400000" />
    <property name="test.batch" value="**/junit/*.java" />
    <property name="env._" value="/usr/bin/timeout" />
    <property name="java.io.tmpdir" value="/tmp" />
    <property name="user.language" value="en" />
    <property name="env.TRAVIS_INTERNAL_RUBY_REGEX" value="^ruby-(2\.[0-4]\.[0-9]|1\.9\.3)" />
    <property name="env.HISTCONTROL" value="ignoredups:ignorespace" />
    <property name="env.GOROOT" value="/home/travis/.gimme/versions/go1.11.1.linux.amd64" />
    <property name="line.separator" value="&#xa;" />
    <property name="target" value="11" />
    <property name="env.TRAVIS_BUILD_DIR" value="/home/travis/build/icyphy/ptII" />
    <property name="env.ANT_OPTS" value="-Xmx2048m" />
    <property name="ant.file.type" value="file" />
    <property name="ptolemy.ptII.batchMode" value="true" />
    <property name="env.HISTSIZE" value="1000" />
    <property name="env.MERB_ENV" value="test" />
    <property name="java.vm.info" value="mixed mode" />
    <property name="source" value="11" />
    <property name="java.vm.specification.name" value="Java Virtual Machine Specification" />
    <property name="env.TRAVIS_TEST_RESULT" value="0" />
    <property name="jsdoc.command" value="node_modules/@terraswarm/jsdoc/jsdoc.js" />
    <property name="npm.works" value="true" />
    <property name="cobertura.dir" value="/home/travis/build/icyphy/ptII/vendors/cobertura-2.0.3" />
    <property name="jsdoc.command.exists" value="true" />
    <property name="env.rvm_path" value="/home/travis/.rvm" />
    <property name="env.GEM_PATH" value="/home/travis/.rvm/gems/ruby-2.5.3:/home/travis/.rvm/gems/ruby-2.5.3@global" />
    <property name="env.LC_CTYPE" value="en_US.UTF-8" />
    <property name="env.TRAVIS_CMD" value="$PTII/bin/ptIITravisBuild.sh $SECONDS" />
    <property name="java.awt.printerjob" value="sun.print.PSPrinterJob" />
    <property name="env.TRAVIS_STACK_NAME" value="sardonyx" />
    <property name="env.TRAVIS_TIMER_START_TIME" value="1568266324488802260" />
    <property name="ant.version" value="Apache Ant(TM) version 1.10.1 compiled on February 2 2017" />
    <property name="ptII.reports" value="/home/travis/build/icyphy/ptII/reports" />
    <property name="env.TRAVIS_STACK_TIMESTAMP" value="2019-03-25 16:16:56 UTC" />
    <property name="ant.file.type.ptII" value="file" />
    <property name="env.RBENV_SHELL" value="bash" />
    <property name="os.name" value="Linux" />
    <property name="java.specification.vendor" value="Oracle Corporation" />
    <property name="env.rvm_version" value="1.29.7 (latest)" />
    <property name="env.TRAVIS_INFRA" value="gce" />
    <property name="env.TERM" value="xterm" />
    <property name="java.vm.name" value="OpenJDK 64-Bit Server VM" />
    <property name="env.TRAVIS_BUILD_NUMBER" value="1327" />
    <property name="env.CI" value="true" />
    <property name="java.library.path" value="/home/travis/pthla/certi-tools/lib:/usr/lib/jni:/usr/local/share/OpenCV/java/:/usr/share/OpenCV/java::/usr/java/packages/lib:/usr/lib64:/lib64:/lib:/usr/lib" />
    <property name="jdk.module.path" value="/home/travis/build/icyphy/ptII/vendors/javafx/javafx-sdk-11.0.2/lib:" />
    <property name="env.rvm_prefix" value="/home/travis" />
    <property name="env.PATH" value="/home/travis/pthla/certi-tools/share/scripts:/home/travis/.rvm/gems/ruby-2.5.3/bin:/home/travis/.rvm/gems/ruby-2.5.3@global/bin:/home/travis/.rvm/rubies/ruby-2.5.3/bin:/home/travis/.rvm/bin:/home/travis/.nvm/versions/node/v7.10.1/bin:./node_modules/.bin:/home/travis/build/icyphy/ptII/bin:/home/travis/pthla/certi-tools/bin:/home/travis/bin:/home/travis/.local/bin:/usr/local/lib/jvm/openjdk11/bin:/opt/pyenv/shims:/home/travis/.phpenv/shims:/home/travis/perl5/perlbrew/bin:/home/travis/gopath/bin:/home/travis/.gimme/versions/go1.11.1.linux.amd64/bin:/usr/local/maven-3.6.0/bin:/usr/local/cmake-3.12.4/bin:/usr/local/clang-7.0.0/bin:/usr/local/sbin:/usr/local/bin:/usr/sbin:/usr/bin:/sbin:/bin:/snap/bin:/home/travis/.phpenv/bin:/opt/pyenv/bin:/home/travis/.yarn/bin" />
    <property name="env.TRAVIS_OS_NAME" value="linux" />
    <property name="ant.java.version" value="9" />
    <property name="basedir" value="/home/travis/build/icyphy/ptII" />
    <property name="java.class.version" value="55.0" />
    <property name="env.SHLVL" value="3" />
    <property name="env.LD_LIBRARY_PATH" value="/home/travis/pthla/certi-tools/lib:/usr/lib/jni:/usr/local/share/OpenCV/java/:/usr/share/OpenCV/java:" />
    <property name="env.RACK_ENV" value="test" />
    <property name="ant.home" value="/home/travis/build/icyphy/ptII/ant" />
    <property name="env.NVM_DIR" value="/home/travis/.nvm" />
    <property name="env.CERTI_FOM_PATH" value="/home/travis/pthla/certi-tools/share/federations" />
    <property name="env.TRAVIS_BUILD_ID" value="583976538" />
    <property name="env.PYENV_ROOT" value="/opt/pyenv" />
    <property name="env.TRAVIS_UID" value="2000" />
    <property name="prism.verbose" value="true" />
    <property name="env.NVM_BIN" value="/home/travis/.nvm/versions/node/v7.10.1/bin" />
    <property name="env.TRAVIS_COMMIT" value="1691c4a63a7f6e8f7441362a7c71a7ee30ba8bb1" />
    <property name="env._system_arch" value="x86_64" />
    <property name="node.executable" value="node" />
    <property name="sun.boot.library.path" value="/usr/local/lib/jvm/openjdk11/lib" />
    <property name="sun.management.compiler" value="HotSpot 64-Bit Tiered Compilers" />
    <property name="java.awt.graphicsenv" value="sun.awt.X11GraphicsEnvironment" />
    <property name="env.GOPATH" value="/home/travis/gopath" />
    <property name="ptolemy.ptII.dir" value="/home/travis/build/icyphy/ptII" />
    <property name="env.USER" value="travis" />
    <property name="env.HISTFILESIZE" value="2000" />
    <property name="timeout.longest" value="19000000" />
    <property name="env.PERLBREW_SHELLRC_VERSION" value="0.86" />
    <property name="env.TRAVIS_STACK_FEATURES" value="basic couchdb disabled-ipv6 docker docker-compose elasticsearch firefox go-toolchain google-chrome jdk memcached mongodb mysql nodejs_interpreter perl_interpreter perlbrew phantomjs postgresql python_interpreter redis ruby_interpreter sqlite xserver" />
    <property name="env.TRAVIS_PULL_REQUEST" value="false" />
    <property name="env.PYENV_SHELL" value="bash" />
    <property name="ant.project.name" value="ptII" />
    <property name="env.ANSI_RESET" value="\033[0m" />
    <property name="java.vm.specification.version" value="11" />
    <property name="env.TRAVIS_DIST" value="xenial" />
    <property name="env.CERTI_VERSION" value="4.0.0" />
    <property name="env.CERTI_HOST" value="localhost" />
    <property name="awt.toolkit" value="sun.awt.X11.XToolkit" />
    <property name="env.MY_RUBY_HOME" value="/home/travis/.rvm/rubies/ruby-2.5.3" />
    <property name="sun.cpu.isalist" value="" />
    <property name="env.TRAVIS_TMPDIR" value="/tmp/tmp.xoradspVPw" />
    <property name="java.vm.compressedOopsMode" value="Zero based" />
    <property name="os.version" value="4.15.0-1028-gcp" />
    <property name="user.home" value="/home/travis" />
    <property name="java.vm.vendor" value="Oracle Corporation" />
    <property name="env.TRAVIS_TAG" value="nightly" />
    <property name="env.ANSI_YELLOW" value="\033[33;1m" />
    <property name="env.TRAVIS_FILTERED" value="redirect_io" />
    <property name="env.ANSI_GREEN" value="\033[32;1m" />
    <property name="env.JAVA_HOME" value="/usr/local/lib/jvm/openjdk11" />
    <property name="javadoc.excludepackagenames" value="adm.cvs2svn.*,build.*,config.*,doc.coding.templates.*,jni.test.jni.meaningOfLife.*,jni.test.jni.testDeux.*,jni.test.jni.testTrois.*,org.terraswarm.accessor.accessors.web.node_modules.*,org.terraswarm.accessor.accessors.web.hosts.cordova.demo.*,org.terraswarm.accessor.accessors.web.hosts.cordova.plugins.*,org.terraswarm.accessor.accessors-svn.*,pt-modules.*,ptolemy.apps.agilent.*,ptolemy.apps.anytimecontrol.*,ptolemy.apps.apes.*,ptolemy.apps.charon.*,ptolemy.apps.crazyboard.*,ptolemy.apps.eclipse.*,ptolemy.apps.etherealSting.*,ptolemy.apps.fullscreen.*,ptolemy.apps.giotto.*,ptolemy.apps.ia.*,ptolemy.apps.interfaces.*,ptolemy.apps.jmf.*,ptolemy.apps.kurt.*,ptolemy.apps.kvm.*,ptolemy.apps.lego.*,ptolemy.apps.lejos.*,ptolemy.apps.midp.*,ptolemy.apps.mobileCoding.*,ptolemy.apps.pendulum.*,ptolemy.apps.rijndael.*,ptolemy.apps.robot.*,ptolemy.apps.security.*,ptolemy.apps.sobel.*,ptolemy.apps.soot.*,ptolemy.apps.throttle.*,ptolemy.apps.tini.*,ptolemy.apps.transmission.*,ptolemy.apps.vergil.*,ptolemy.apps.waba.*,ptolemy.apps.websensor.*,ptolemy.apps.webstart.*,ptolemy.apps.xsl.*,ptolemy.apps.zaurus.*,ptolemy.codegen.c.actor.lib.oldJavaFiles.*,ptolemy.codegen.dsp.lib.*,ptolemy.codegen.kernel.newInterfaces.*,ptolemy.codegen.lib.*,ptolemy.copernicus.kernel.fragment.*,ptolemy.copernicus.shallow.cg.*,ptolemy.domains.giotto.demo.Hierarchy.Hierarchy.*,ptolemy.domains.giotto.demo.Multimode.Multimode.*,ptolemy.domains.giotto.demo.Simple.Simple.*,ptolemy.domains.gr.lib.experimental.*,ptolemy.domains.gro.*,ptolemy.domains.pdf.*,ptolemy.domains.ptinyos.demo.Surge.output.*,ptolemy.moml.test.NoPackageActor.java*,ptolemy.plot.adm.*,ptolemy.plot.servlet.*,reports.*,signed.*,src.*,target.*,vendors.*,ptolemy.copernicus.applet.*,ptolemy.media.viewer.*,ptolemy.actor.corba.*,doc.doclets.*,ptolemy.apps.eclipse.awt.*,ptolemy.backtrack.*,ptolemy.backtrack.ast.*,ptolemy.cg.adapter.generic.program.procedural.c.mbed*,ptolemy.homer.*,ptolemy.actor.lib.jai.*,org.ptolemy.scala.*,diva.util.java2d.svg.*,ptolemy.domains.ptinyos.*,ptolemy.actor.lib.fmi.fmipp.*,,org.terraswarm.accessor.accessors.web.node_modules.*,org.terraswarm.accessor.accessors-svn,ptolemy.apps.*,ptolemy.actor.ptalon.demo.ptinyos.SendAndReceiveCnt.output,ptolemy.actor.ptalon.demo.ptinyos.SenseToLeds.output,ptolemy.domains.ptinyos.demo.CntToLedsAndRfm.output,ptolemy.domains.ptinyos.demo.RfmToLeds.output,ptolemy.domains.ptinyos.demo.SendAndReceiveCnt.output,ptolemy.domains.ptinyos.demo.SenseToLeds.output,ptolemy.actor.lib.jjs.modules.udpSocket.*" />
    <property name="env.PTII" value="/home/travis/build/icyphy/ptII" />
    <property name="env.XDG_SESSION_ID" value="2" />
    <property name="keystore" value="ptKeystore" />
    <property name="env.TRAVIS_COMMIT_MESSAGE" value="Use --release 8 instead of -target 8 -release 8 because --release 8 includes -target 8." />
    <property name="junit.output.dir" value="/home/travis/build/icyphy/ptII/reports/junit" />
    <property name="npm.return.code" value="0" />
    <property name="user.dir" value="/home/travis/build/icyphy/ptII/ptolemy/actor/lib/test" />
    <property name="env.TRAVIS_NODE_VERSION" value="7" />
    <property name="env.TRAVIS_EVENT_TYPE" value="cron" />
    <property name="env.MAIL" value="/var/mail/travis" />
    <property name="env.PERLBREW_ROOT" value="/home/travis/perl5/perlbrew" />
    <property name="env.PWD" value="/home/travis/build/icyphy/ptII" />
    <property name="timeout.npm" value="45000" />
    <property name="env.TRAVIS_ARCH" value="amd64" />
    <property name="sun.cpu.endian" value="little" />
    <property name="env.PAGER" value="cat" />
    <property name="env.TRAVIS_BUILD_STAGE_NAME" value="Test" />
    <property name="env.PERLBREW_HOME" value="/home/travis/.perlbrew" />
    <property name="java.vm.version" value="11.0.2+9" />
    <property name="env.RAILS_ENV" value="test" />
    <property name="java.class.path" value="/home/travis/.ptolemyII:/home/travis/.ptolemyII/*:/home/travis/build/icyphy/ptII:/home/travis/build/icyphy/ptII/lib/bsh-2.0b4.jar:/home/travis/build/icyphy/ptII/lib/ptCal.jar:/home/travis/build/icyphy/ptII/lib/java_cup.jar:/home/travis/build/icyphy/ptII/lib/saxon8.jar:/home/travis/build/icyphy/ptII/lib/saxon8-dom.jar:/home/travis/build/icyphy/ptII/lib/chic.jar:/home/travis/build/icyphy/ptII/lib/ptcolt.jar:/home/travis/build/icyphy/ptII/vendors/misc/itext/iText.jar:/home/travis/build/icyphy/ptII/lib/g4ltl.jar:/home/travis/build/icyphy/ptII/lib/StructuralCoder.jar:/home/travis/build/icyphy/ptII/lib/jcerti.jar:/home/travis/build/icyphy/ptII/lib/javax.mail.jar:/home/travis/build/icyphy/ptII/vendors/JMF-2.1.1e/lib/jmf.jar:/home/travis/build/icyphy/ptII/lib/jna-4.0.0-variadic.jar:/home/travis/build/icyphy/ptII/vendors/misc/joystick/Joystick.jar:/home/travis/build/icyphy/ptII/lib/ptjacl.jar:/home/travis/build/icyphy/ptII/lib/jsoup-1.8.2.jar:/home/travis/build/icyphy/ptII/lib/junit-4.8.2.jar:/home/travis/build/icyphy/ptII/lib/JUnitParams-0.4.0.jar:/home/travis/build/icyphy/ptII/ptolemy/actor/lib/excel/jxl.jar:/home/travis/build/icyphy/ptII/lib/jython.jar:/home/travis/build/icyphy/ptII/lib/kieler.jar:/home/travis/build/icyphy/ptII/vendors/opencv/share/OpenCV/java/opencv-341.jar:/home/travis/build/icyphy/ptII/lib/oscP5.jar:/home/travis/build/icyphy/ptII/lib/nrjavaserial-3.11.0.devel.jar:/home/travis/build/icyphy/ptII/vendors/j3d/lib/Linux/j3dcore.jar:/home/travis/build/icyphy/ptII/vendors/j3d/lib/Linux/j3dutils.jar:/home/travis/build/icyphy/ptII/vendors/j3d/lib/Linux/vecmath.jar:/home/travis/build/icyphy/ptII/vendors/jogl/lib/Linux/gluegen-rt-natives-linux-amd64.jar:/home/travis/build/icyphy/ptII/vendors/jogl/lib/Linux/gluegen-rt.jar:/home/travis/build/icyphy/ptII/vendors/jogl/lib/Linux/jogl-all-natives-linux-amd64.jar:/home/travis/build/icyphy/ptII/vendors/jogl/lib/Linux/jogl-all.jar:/home/travis/build/icyphy/ptII/ptolemy/distributed/jini/jar/jini-core.jar:/home/travis/build/icyphy/ptII/ptolemy/distributed/jini/jar/jini-ext.jar:/home/travis/build/icyphy/ptII/ptolemy/distributed/jini/jar/sun-util.jar:/home/travis/build/icyphy/ptII/lib/protobuf-java-2.4.1.jar:/home/travis/build/icyphy/ptII/lib/org.eclipse.paho.client.mqttv3.jar:/home/travis/build/icyphy/ptII/lib/mapss.jar:/home/travis/build/icyphy/ptII/ptolemy/actor/ptalon/antlr/antlr.jar:/home/travis/build/icyphy/ptII/lib/JRI.jar:/home/travis/build/icyphy/ptII/lib/commons-lang-2.6.jar:/home/travis/build/icyphy/ptII/lib/commons-logging-1.1.1.jar:/home/travis/build/icyphy/ptII/lib/sootclasses.jar:/home/travis/build/icyphy/ptII/ptolemy/actor/lib/database/mysql-connector-java-5.1.6-bin.jar:/home/travis/build/icyphy/ptII/vendors/misc/sphinx4/sphinx4-data-5prealpha.jar:/home/travis/build/icyphy/ptII/vendors/misc/sphinx4/sphinx4-core-5prealpha.jar:/home/travis/build/icyphy/ptII/lib/PDFRenderer.jar:/home/travis/build/icyphy/ptII/lib/svgSalamander.jar:/home/travis/build/icyphy/ptII/lib/rsyntaxtextarea-2.6.0-SNAPSHOT.jar:/home/travis/build/icyphy/ptII/lib/hazelcast-3.8.2.jar:/home/travis/build/icyphy/ptII/lib/jackson-annotations-2.9.0.jar:/home/travis/build/icyphy/ptII/lib/jackson-core-2.9.3.jar:/home/travis/build/icyphy/ptII/lib/jackson-databind-2.9.3.jar:/home/travis/build/icyphy/ptII/lib/netty-buffer-4.1.19.Final.jar:/home/travis/build/icyphy/ptII/lib/netty-codec-4.1.19.Final.jar:/home/travis/build/icyphy/ptII/lib/netty-codec-dns-4.1.19.Final.jar:/home/travis/build/icyphy/ptII/lib/netty-codec-http-4.1.19.Final.jar:/home/travis/build/icyphy/ptII/lib/netty-codec-http2-4.1.19.Final.jar:/home/travis/build/icyphy/ptII/lib/netty-common-4.1.19.Final.jar:/home/travis/build/icyphy/ptII/lib/netty-handler-4.1.19.Final.jar:/home/travis/build/icyphy/ptII/lib/netty-resolver-4.1.19.Final.jar:/home/travis/build/icyphy/ptII/lib/netty-resolver-dns-4.1.19.Final.jar:/home/travis/build/icyphy/ptII/lib/netty-transport-4.1.19.Final.jar:/home/travis/build/icyphy/ptII/lib/vertx-codegen-3.5.1.jar:/home/travis/build/icyphy/ptII/lib/vertx-core-3.5.2-SNAPSHOT.jar:/home/travis/build/icyphy/ptII/lib/vertx-hazelcast-3.5.1.jar:/home/travis/build/icyphy/ptII/lib/vertx-lang-js-3.5.1.jar:/home/travis/build/icyphy/ptII/lib/vertx-service-proxy-3.5.1.jar:/home/travis/build/icyphy/ptII/lib/vertx-web-3.5.1.jar:/home/travis/build/icyphy/ptII/lib/slf4j-api-1.7.13.jar:/home/travis/build/icyphy/ptII/lib/slf4j-simple-1.7.13.jar:/home/travis/build/icyphy/ptII/lib/webcam-capture-0.3.12.jar:/home/travis/build/icyphy/ptII/lib/bridj-0.7.0.jar:/home/travis/build/icyphy/ptII/lib/xbjlib-1.1.0.nrjavaserial.jar:/home/travis/build/icyphy/ptII/ptolemy/moml/test:/home/travis/build/icyphy/ptII/ant/lib/ant-launcher.jar:/home/travis/build/icyphy/ptII/ant/lib/ant.jar:/home/travis/build/icyphy/ptII/ant/lib/ant-junit.jar:/home/travis/build/icyphy/ptII/ant/lib/ant-junit4.jar" />
    <property name="ant.library.dir" value="/home/travis/build/icyphy/ptII/ant/lib" />
    <property name="os.arch" value="amd64" />
    <property name="env.CONTINUOUS_INTEGRATION" value="true" />
    <property name="env.TRAVIS_LANGUAGE" value="node_js" />
    <property name="env.TRAVIS_STACK_LANGUAGES" value="__sardonyx__ c c++ clojure cplusplus cpp default generic go groovy java node_js php pure_java python ruby scala" />
    <property name="test.name" value="ptolemy.actor.lib.test.junit.JUnitTclTest" />
    <property name="env.APT_KEY_DONT_WARN_ON_DANGEROUS_USAGE" value="1" />
    <property name="sun.java.launcher" value="SUN_STANDARD" />
    <property name="env.PYTHON_CONFIGURE_OPTS" value="--enable-unicode=ucs4 --with-wide-unicode --enable-shared --enable-ipv6 --enable-loadable-sqlite-extensions --with-computed-gotos" />
    <property name="ant.core.lib" value="/home/travis/build/icyphy/ptII/ant/lib/ant.jar" />
    <property name="java.vm.specification.vendor" value="Oracle Corporation" />
    <property name="env.BCVTB_HOME" value="/home/travis/build/icyphy/ptII/lbnl" />
    <property name="file.separator" value="/" />
    <property name="spotbugs.home" value="/home/travis/build/icyphy/ptII/vendors/spotbugs-3.1.1" />
    <property name="java.runtime.version" value="11.0.2+9" />
    <property name="env.ANSI_CLEAR" value="\033[0K" />
    <property name="javafx.verbose" value="true" />
    <property name="env.HAS_JOSH_K_SEAL_OF_APPROVAL" value="true" />
    <property name="env.XDG_RUNTIME_DIR" value="/run/user/2000" />
    <property name="env.TRAVIS_OSX_IMAGE" value="" />
    <property name="env.TRAVIS_JOB_ID" value="583976546" />
    <property name="env.TRAVIS_BRANCH" value="master" />
    <property name="user.country" value="US" />
    <property name="env.CERTI_HOME_TRAVIS" value="/home/travis/pthla/certi-tools" />
    <property name="env.SHELL" value="/bin/bash" />
    <property name="java.maxmemory.large" value="3200m" />
    <property name="model" value="" />
    <property name="env.CASHER_DIR" value="/home/travis/.casher" />
    <property name="env.NVM_CD_FLAGS" value="" />
    <property name="java.vendor.version" value="18.9" />
    <property name="jshint.executable" value="/home/travis/node_modules/jshint/bin/jshint" />
    <property name="env.JRUBY_OPTS" value=" --client -J-XX:+TieredCompilation -J-XX:TieredStopAtLevel=1 -J-Xss2m -Xcompile.invokedynamic=false" />
    <property name="java.vendor" value="Oracle Corporation" />
    <property name="env.TRAVIS_PRE_CHEF_BOOTSTRAP_TIME" value="2019-03-25T16:16:42" />
    <property name="env.TRAVIS_STACK_JOB_BOARD_REGISTER" value="/.job-board-register.yml" />
    <property name="env.ANSI_RED" value="\033[31;1m" />
    <property name="java.specification.version" value="11" />
    <property name="env.IRBRC" value="/home/travis/.rvm/rubies/ruby-2.5.3/.irbrc" />
    <property name="env.TRAVIS" value="true" />
    <property name="sun.arch.data.model" value="64" />
  </properties>
  <testcase classname="ptolemy.util.test.junit.TclTests" name="[0] /home/travis/build/icyphy/ptII/ptolemy/actor/lib/test/AbsoluteValue.tcl (RunTclFile)" time="0.524" />
  <testcase classname="ptolemy.util.test.junit.TclTests" name="[1] /home/travis/build/icyphy/ptII/ptolemy/actor/lib/test/AddSubtract.tcl (RunTclFile)" time="0.222" />
  <testcase classname="ptolemy.util.test.junit.TclTests" name="[2] /home/travis/build/icyphy/ptII/ptolemy/actor/lib/test/Average.tcl (RunTclFile)" time="0.092" />
  <testcase classname="ptolemy.util.test.junit.TclTests" name="[3] /home/travis/build/icyphy/ptII/ptolemy/actor/lib/test/Bernoulli.tcl (RunTclFile)" time="0.04" />
  <testcase classname="ptolemy.util.test.junit.TclTests" name="[4] /home/travis/build/icyphy/ptII/ptolemy/actor/lib/test/Clock.tcl (RunTclFile)" time="0.157" />
  <testcase classname="ptolemy.util.test.junit.TclTests" name="[5] /home/travis/build/icyphy/ptII/ptolemy/actor/lib/test/Commutator.tcl (RunTclFile)" time="0.223" />
  <testcase classname="ptolemy.util.test.junit.TclTests" name="[6] /home/travis/build/icyphy/ptII/ptolemy/actor/lib/test/Const.tcl (RunTclFile)" time="0.18" />
  <testcase classname="ptolemy.util.test.junit.TclTests" name="[7] /home/travis/build/icyphy/ptII/ptolemy/actor/lib/test/CurrentTime.tcl (RunTclFile)" time="0.046" />
  <testcase classname="ptolemy.util.test.junit.TclTests" name="[8] /home/travis/build/icyphy/ptII/ptolemy/actor/lib/test/DB.tcl (RunTclFile)" time="0.079" />
  <testcase classname="ptolemy.util.test.junit.TclTests" name="[9] /home/travis/build/icyphy/ptII/ptolemy/actor/lib/test/DiscreteRandomSource.tcl (RunTclFile)" time="0.05" />
  <testcase classname="ptolemy.util.test.junit.TclTests" name="[10] /home/travis/build/icyphy/ptII/ptolemy/actor/lib/test/Distributor.tcl (RunTclFile)" time="0.069" />
  <testcase classname="ptolemy.util.test.junit.TclTests" name="[11] /home/travis/build/icyphy/ptII/ptolemy/actor/lib/test/Exit.tcl (RunTclFile)" time="0.098" />
  <testcase classname="ptolemy.util.test.junit.TclTests" name="[12] /home/travis/build/icyphy/ptII/ptolemy/actor/lib/test/Expression.tcl (RunTclFile)" time="0.093" />
  <testcase classname="ptolemy.util.test.junit.TclTests" name="[13] /home/travis/build/icyphy/ptII/ptolemy/actor/lib/test/Gaussian.tcl (RunTclFile)" time="0.821" />
  <testcase classname="ptolemy.util.test.junit.TclTests" name="[14] /home/travis/build/icyphy/ptII/ptolemy/actor/lib/test/IIR.tcl (RunTclFile)" time="0.062" />
  <testcase classname="ptolemy.util.test.junit.TclTests" name="[15] /home/travis/build/icyphy/ptII/ptolemy/actor/lib/test/Interpolator.tcl (RunTclFile)" time="0.127" />
  <testcase classname="ptolemy.util.test.junit.TclTests" name="[16] /home/travis/build/icyphy/ptII/ptolemy/actor/lib/test/MathFunction.tcl (RunTclFile)" time="0.092" />
  <testcase classname="ptolemy.util.test.junit.TclTests" name="[17] /home/travis/build/icyphy/ptII/ptolemy/actor/lib/test/Maximum.tcl (RunTclFile)" time="0.055" />
  <testcase classname="ptolemy.util.test.junit.TclTests" name="[18] /home/travis/build/icyphy/ptII/ptolemy/actor/lib/test/Minimum.tcl (RunTclFile)" time="0.043" />
  <testcase classname="ptolemy.util.test.junit.TclTests" name="[19] /home/travis/build/icyphy/ptII/ptolemy/actor/lib/test/MultiplyDivide.tcl (RunTclFile)" time="0.059" />
  <testcase classname="ptolemy.util.test.junit.TclTests" name="[20] /home/travis/build/icyphy/ptII/ptolemy/actor/lib/test/OrderedMerge.tcl (RunTclFile)" time="0.137" />
  <testcase classname="ptolemy.util.test.junit.TclTests" name="[21] /home/travis/build/icyphy/ptII/ptolemy/actor/lib/test/Publisher.tcl (RunTclFile)" time="1.115" />
  <testcase classname="ptolemy.util.test.junit.TclTests" name="[22] /home/travis/build/icyphy/ptII/ptolemy/actor/lib/test/Pulse.tcl (RunTclFile)" time="0.1" />
  <testcase classname="ptolemy.util.test.junit.TclTests" name="[23] /home/travis/build/icyphy/ptII/ptolemy/actor/lib/test/Ramp.tcl (RunTclFile)" time="2.32" />
  <testcase classname="ptolemy.util.test.junit.TclTests" name="[24] /home/travis/build/icyphy/ptII/ptolemy/actor/lib/test/RampContinuous.tcl (RunTclFile)" time="0.024" />
  <testcase classname="ptolemy.util.test.junit.TclTests" name="[25] /home/travis/build/icyphy/ptII/ptolemy/actor/lib/test/RecordAssembler.tcl (RunTclFile)" time="0.019" />
  <testcase classname="ptolemy.util.test.junit.TclTests" name="[26] /home/travis/build/icyphy/ptII/ptolemy/actor/lib/test/RecordDisassembler.tcl (RunTclFile)" time="0.037" />
  <testcase classname="ptolemy.util.test.junit.TclTests" name="[27] /home/travis/build/icyphy/ptII/ptolemy/actor/lib/test/Scale.tcl (RunTclFile)" time="0.03" />
  <testcase classname="ptolemy.util.test.junit.TclTests" name="[28] /home/travis/build/icyphy/ptII/ptolemy/actor/lib/test/SequentialClock.tcl (RunTclFile)" time="0.05" />
  <testcase classname="ptolemy.util.test.junit.TclTests" name="[29] /home/travis/build/icyphy/ptII/ptolemy/actor/lib/test/SetVariable.tcl (RunTclFile)" time="0.027">
    <failure message="Number of failed tests is has increased. expected:&lt;0&gt; but was:&lt;1&gt;" type="junit.framework.AssertionFailedError">junit.framework.AssertionFailedError: Number of failed tests is has increased. expected:&lt;0&gt; but was:&lt;1&gt;
	at ptolemy.util.test.junit.TclTests.RunTclFile(TclTests.java:286)
	at jdk.internal.reflect.GeneratedMethodAccessor19.invoke(Unknown Source)
	at java.base/jdk.internal.reflect.DelegatingMethodAccessorImpl.invoke(DelegatingMethodAccessorImpl.java:43)
	at junitparams.internal.InvokeParameterisedMethod.evaluate(InvokeParameterisedMethod.java:102)
	at junitparams.internal.ParameterisedTestMethodRunner.runMethodInvoker(ParameterisedTestMethodRunner.java:47)
	at junitparams.internal.ParameterisedTestMethodRunner.runTestMethod(ParameterisedTestMethodRunner.java:41)
	at junitparams.internal.ParameterisedTestClassRunner.runParameterisedTest(ParameterisedTestClassRunner.java:143)
	at junitparams.JUnitParamsRunner.runChild(JUnitParamsRunner.java:237)
	at junitparams.JUnitParamsRunner.runChild(JUnitParamsRunner.java:215)
</failure>
  </testcase>
  <testcase classname="ptolemy.util.test.junit.TclTests" name="[30] /home/travis/build/icyphy/ptII/ptolemy/actor/lib/test/Sinewave.tcl (RunTclFile)" time="0.069" />
  <testcase classname="ptolemy.util.test.junit.TclTests" name="[31] /home/travis/build/icyphy/ptII/ptolemy/actor/lib/test/SubscriptionAggregator.tcl (RunTclFile)" time="2.449" />
  <testcase classname="ptolemy.util.test.junit.TclTests" name="[32] /home/travis/build/icyphy/ptII/ptolemy/actor/lib/test/Test.tcl (RunTclFile)" time="0.098" />
  <testcase classname="ptolemy.util.test.junit.TclTests" name="[33] /home/travis/build/icyphy/ptII/ptolemy/actor/lib/test/TestExceptionHandler.tcl (RunTclFile)" time="0.027" />
  <testcase classname="ptolemy.util.test.junit.TclTests" name="[34] /home/travis/build/icyphy/ptII/ptolemy/actor/lib/test/UnionDisassembler.tcl (RunTclFile)" time="0.079" />
  <testcase classname="ptolemy.util.test.junit.TclTests" name="[35] /home/travis/build/icyphy/ptII/ptolemy/actor/lib/test/VariableClock.tcl (RunTclFile)" time="0.025" />
  <testcase classname="ptolemy.util.test.junit.AutoKnownFailedTests" name="[0] /home/travis/build/icyphy/ptII/ptolemy/actor/lib/test/auto/knownFailedTests/PublisherPortToplevelSubscriber.xml (RunModel)" time="0.031" />
  <testcase classname="ptolemy.util.test.junit.AutoKnownFailedTests" name="[1] /home/travis/build/icyphy/ptII/ptolemy/actor/lib/test/auto/knownFailedTests/PublisherSubscriberPortToplevel.xml (RunModel)" time="0.03" />
  <testcase classname="ptolemy.util.test.junit.AutoKnownFailedTests" name="[2] /home/travis/build/icyphy/ptII/ptolemy/actor/lib/test/auto/knownFailedTests/PublisherSubscriptionAggregatorPort.xml (RunModel)" time="0.022" />
  <testcase classname="ptolemy.util.test.junit.AutoKnownFailedTests" name="[3] /home/travis/build/icyphy/ptII/ptolemy/actor/lib/test/auto/knownFailedTests/sizedarray3.xml (RunModel)" time="0.035" />
  <testcase classname="ptolemy.util.test.junit.AutoNameArchTests" name="[0] ThereAreNoAutoArchTests (RunModel)" time="0.005" />
  <testcase classname="ptolemy.util.test.junit.AutoTests" name="[0] /home/travis/build/icyphy/ptII/ptolemy/actor/lib/test/auto/AbsoluteValue.xml (RunModel)" time="0.123" />
  <testcase classname="ptolemy.util.test.junit.AutoTests" name="[1] /home/travis/build/icyphy/ptII/ptolemy/actor/lib/test/auto/AbsoluteValue2.xml (RunModel)" time="0.061" />
  <testcase classname="ptolemy.util.test.junit.AutoTests" name="[2] /home/travis/build/icyphy/ptII/ptolemy/actor/lib/test/auto/Accumulator.xml (RunModel)" time="0.064" />
  <testcase classname="ptolemy.util.test.junit.AutoTests" name="[3] /home/travis/build/icyphy/ptII/ptolemy/actor/lib/test/auto/Accumulator2.xml (RunModel)" time="0.048" />
  <testcase classname="ptolemy.util.test.junit.AutoTests" name="[4] /home/travis/build/icyphy/ptII/ptolemy/actor/lib/test/auto/Accumulator3.xml (RunModel)" time="0.062" />
  <testcase classname="ptolemy.util.test.junit.AutoTests" name="[5] /home/travis/build/icyphy/ptII/ptolemy/actor/lib/test/auto/ArrayAppend.xml (RunModel)" time="0.066" />
  <testcase classname="ptolemy.util.test.junit.AutoTests" name="[6] /home/travis/build/icyphy/ptII/ptolemy/actor/lib/test/auto/ArrayAppend2.xml (RunModel)" time="0.461" />
  <testcase classname="ptolemy.util.test.junit.AutoTests" name="[7] /home/travis/build/icyphy/ptII/ptolemy/actor/lib/test/auto/ArrayAppend3.xml (RunModel)" time="0.053" />
  <testcase classname="ptolemy.util.test.junit.AutoTests" name="[8] /home/travis/build/icyphy/ptII/ptolemy/actor/lib/test/auto/ArrayAppend4.xml (RunModel)" time="0.033" />
  <testcase classname="ptolemy.util.test.junit.AutoTests" name="[9] /home/travis/build/icyphy/ptII/ptolemy/actor/lib/test/auto/ArrayAppend5.xml (RunModel)" time="0.024" />
  <testcase classname="ptolemy.util.test.junit.AutoTests" name="[10] /home/travis/build/icyphy/ptII/ptolemy/actor/lib/test/auto/ArrayAppend6.xml (RunModel)" time="0.035" />
  <testcase classname="ptolemy.util.test.junit.AutoTests" name="[11] /home/travis/build/icyphy/ptII/ptolemy/actor/lib/test/auto/ArrayAppendPerformanceTest.xml (RunModel)" time="0.053" />
  <testcase classname="ptolemy.util.test.junit.AutoTests" name="[12] /home/travis/build/icyphy/ptII/ptolemy/actor/lib/test/auto/ArrayAppendWithEmptyInput.xml (RunModel)" time="0.058" />
  <testcase classname="ptolemy.util.test.junit.AutoTests" name="[13] /home/travis/build/icyphy/ptII/ptolemy/actor/lib/test/auto/ArrayAverage.xml (RunModel)" time="0.074" />
  <testcase classname="ptolemy.util.test.junit.AutoTests" name="[14] /home/travis/build/icyphy/ptII/ptolemy/actor/lib/test/auto/ArrayContains.xml (RunModel)" time="0.037" />
  <testcase classname="ptolemy.util.test.junit.AutoTests" name="[15] /home/travis/build/icyphy/ptII/ptolemy/actor/lib/test/auto/ArrayElement.xml (RunModel)" time="0.029" />
  <testcase classname="ptolemy.util.test.junit.AutoTests" name="[16] /home/travis/build/icyphy/ptII/ptolemy/actor/lib/test/auto/ArrayElementAsMatrix.xml (RunModel)" time="0.054" />
  <testcase classname="ptolemy.util.test.junit.AutoTests" name="[17] /home/travis/build/icyphy/ptII/ptolemy/actor/lib/test/auto/ArrayElementI.xml (RunModel)" time="0.019" />
  <testcase classname="ptolemy.util.test.junit.AutoTests" name="[18] /home/travis/build/icyphy/ptII/ptolemy/actor/lib/test/auto/ArrayExtract.xml (RunModel)" time="0.03" />
  <testcase classname="ptolemy.util.test.junit.AutoTests" name="[19] /home/travis/build/icyphy/ptII/ptolemy/actor/lib/test/auto/ArrayExtract2.xml (RunModel)" time="0.027" />
  <testcase classname="ptolemy.util.test.junit.AutoTests" name="[20] /home/travis/build/icyphy/ptII/ptolemy/actor/lib/test/auto/ArrayLength.xml (RunModel)" time="0.026" />
  <testcase classname="ptolemy.util.test.junit.AutoTests" name="[21] /home/travis/build/icyphy/ptII/ptolemy/actor/lib/test/auto/ArrayLevelCrossing.xml (RunModel)" time="0.037" />
  <testcase classname="ptolemy.util.test.junit.AutoTests" name="[22] /home/travis/build/icyphy/ptII/ptolemy/actor/lib/test/auto/ArrayLevelCrossing2.xml (RunModel)" time="0.052" />
  <testcase classname="ptolemy.util.test.junit.AutoTests" name="[23] /home/travis/build/icyphy/ptII/ptolemy/actor/lib/test/auto/ArrayPeakSearch.xml (RunModel)" time="0.047" />
  <testcase classname="ptolemy.util.test.junit.AutoTests" name="[24] /home/travis/build/icyphy/ptII/ptolemy/actor/lib/test/auto/ArrayPeakSearch2.xml (RunModel)" time="0.041" />
  <testcase classname="ptolemy.util.test.junit.AutoTests" name="[25] /home/travis/build/icyphy/ptII/ptolemy/actor/lib/test/auto/ArrayPeakSearch3.xml (RunModel)" time="0.033" />
  <testcase classname="ptolemy.util.test.junit.AutoTests" name="[26] /home/travis/build/icyphy/ptII/ptolemy/actor/lib/test/auto/ArrayRemoveElement.xml (RunModel)" time="0.034" />
  <testcase classname="ptolemy.util.test.junit.AutoTests" name="[27] /home/travis/build/icyphy/ptII/ptolemy/actor/lib/test/auto/ArraySort.xml (RunModel)" time="0.037" />
  <testcase classname="ptolemy.util.test.junit.AutoTests" name="[28] /home/travis/build/icyphy/ptII/ptolemy/actor/lib/test/auto/ArraySum.xml (RunModel)" time="0.023" />
  <testcase classname="ptolemy.util.test.junit.AutoTests" name="[29] /home/travis/build/icyphy/ptII/ptolemy/actor/lib/test/auto/ArrayToElements.xml (RunModel)" time="0.035" />
  <testcase classname="ptolemy.util.test.junit.AutoTests" name="[30] /home/travis/build/icyphy/ptII/ptolemy/actor/lib/test/auto/ArrayToMatrix.xml (RunModel)" time="0.066" />
  <testcase classname="ptolemy.util.test.junit.AutoTests" name="[31] /home/travis/build/icyphy/ptII/ptolemy/actor/lib/test/auto/ArrayUpdate1.xml (RunModel)" time="0.021" />
  <testcase classname="ptolemy.util.test.junit.AutoTests" name="[32] /home/travis/build/icyphy/ptII/ptolemy/actor/lib/test/auto/ArrayUpdate2.xml (RunModel)" time="0.039" />
  <testcase classname="ptolemy.util.test.junit.AutoTests" name="[33] /home/travis/build/icyphy/ptII/ptolemy/actor/lib/test/auto/ArrayUpdate3.xml (RunModel)" time="0.017" />
  <testcase classname="ptolemy.util.test.junit.AutoTests" name="[34] /home/travis/build/icyphy/ptII/ptolemy/actor/lib/test/auto/Assert1.xml (RunModel)" time="0.025" />
  <testcase classname="ptolemy.util.test.junit.AutoTests" name="[35] /home/travis/build/icyphy/ptII/ptolemy/actor/lib/test/auto/Assert2.xml (RunModel)" time="0.015" />
  <testcase classname="ptolemy.util.test.junit.AutoTests" name="[36] /home/travis/build/icyphy/ptII/ptolemy/actor/lib/test/auto/BooleanMultiplexor.xml (RunModel)" time="0.021" />
  <testcase classname="ptolemy.util.test.junit.AutoTests" name="[37] /home/travis/build/icyphy/ptII/ptolemy/actor/lib/test/auto/BooleanMultiplexor2.xml (RunModel)" time="0.032" />
  <testcase classname="ptolemy.util.test.junit.AutoTests" name="[38] /home/travis/build/icyphy/ptII/ptolemy/actor/lib/test/auto/BooleanMultiplexor3.xml (RunModel)" time="0.022" />
  <testcase classname="ptolemy.util.test.junit.AutoTests" name="[39] /home/travis/build/icyphy/ptII/ptolemy/actor/lib/test/auto/BooleanSelect.xml (RunModel)" time="0.027" />
  <testcase classname="ptolemy.util.test.junit.AutoTests" name="[40] /home/travis/build/icyphy/ptII/ptolemy/actor/lib/test/auto/BooleanSelect2.xml (RunModel)" time="0.019" />
  <testcase classname="ptolemy.util.test.junit.AutoTests" name="[41] /home/travis/build/icyphy/ptII/ptolemy/actor/lib/test/auto/BooleanSwitch.xml (RunModel)" time="0.045" />
  <testcase classname="ptolemy.util.test.junit.AutoTests" name="[42] /home/travis/build/icyphy/ptII/ptolemy/actor/lib/test/auto/BooleanSwitch2.xml (RunModel)" time="0.016" />
  <testcase classname="ptolemy.util.test.junit.AutoTests" name="[43] /home/travis/build/icyphy/ptII/ptolemy/actor/lib/test/auto/BooleanSwitchCloningBugWithClassRelationGroup.xml (RunModel)" time="0.031" />
  <testcase classname="ptolemy.util.test.junit.AutoTests" name="[44] /home/travis/build/icyphy/ptII/ptolemy/actor/lib/test/auto/BusActors.xml (RunModel)" time="0.049" />
  <testcase classname="ptolemy.util.test.junit.AutoTests" name="[45] /home/travis/build/icyphy/ptII/ptolemy/actor/lib/test/auto/ClassWrapper.xml (RunModel)" time="0.018" />
  <testcase classname="ptolemy.util.test.junit.AutoTests" name="[46] /home/travis/build/icyphy/ptII/ptolemy/actor/lib/test/auto/Clock.xml (RunModel)" time="0.026" />
  <testcase classname="ptolemy.util.test.junit.AutoTests" name="[47] /home/travis/build/icyphy/ptII/ptolemy/actor/lib/test/auto/Clock10.xml (RunModel)" time="0.059" />
  <testcase classname="ptolemy.util.test.junit.AutoTests" name="[48] /home/travis/build/icyphy/ptII/ptolemy/actor/lib/test/auto/Clock11.xml (RunModel)" time="0.021" />
  <testcase classname="ptolemy.util.test.junit.AutoTests" name="[49] /home/travis/build/icyphy/ptII/ptolemy/actor/lib/test/auto/Clock12.xml (RunModel)" time="0.024" />
  <testcase classname="ptolemy.util.test.junit.AutoTests" name="[50] /home/travis/build/icyphy/ptII/ptolemy/actor/lib/test/auto/Clock13.xml (RunModel)" time="0.017" />
  <testcase classname="ptolemy.util.test.junit.AutoTests" name="[51] /home/travis/build/icyphy/ptII/ptolemy/actor/lib/test/auto/Clock14.xml (RunModel)" time="0.023" />
  <testcase classname="ptolemy.util.test.junit.AutoTests" name="[52] /home/travis/build/icyphy/ptII/ptolemy/actor/lib/test/auto/Clock15.xml (RunModel)" time="0.014" />
  <testcase classname="ptolemy.util.test.junit.AutoTests" name="[53] /home/travis/build/icyphy/ptII/ptolemy/actor/lib/test/auto/Clock16.xml (RunModel)" time="0.108" />
  <testcase classname="ptolemy.util.test.junit.AutoTests" name="[54] /home/travis/build/icyphy/ptII/ptolemy/actor/lib/test/auto/Clock17.xml (RunModel)" time="0.086" />
  <testcase classname="ptolemy.util.test.junit.AutoTests" name="[55] /home/travis/build/icyphy/ptII/ptolemy/actor/lib/test/auto/Clock18.xml (RunModel)" time="0.063" />
  <testcase classname="ptolemy.util.test.junit.AutoTests" name="[56] /home/travis/build/icyphy/ptII/ptolemy/actor/lib/test/auto/Clock19.xml (RunModel)" time="0.046" />
  <testcase classname="ptolemy.util.test.junit.AutoTests" name="[57] /home/travis/build/icyphy/ptII/ptolemy/actor/lib/test/auto/Clock2.xml (RunModel)" time="0.019" />
  <testcase classname="ptolemy.util.test.junit.AutoTests" name="[58] /home/travis/build/icyphy/ptII/ptolemy/actor/lib/test/auto/Clock20.xml (RunModel)" time="0.023" />
  <testcase classname="ptolemy.util.test.junit.AutoTests" name="[59] /home/travis/build/icyphy/ptII/ptolemy/actor/lib/test/auto/Clock21.xml (RunModel)" time="0.02" />
  <testcase classname="ptolemy.util.test.junit.AutoTests" name="[60] /home/travis/build/icyphy/ptII/ptolemy/actor/lib/test/auto/Clock22.xml (RunModel)" time="0.021" />
  <testcase classname="ptolemy.util.test.junit.AutoTests" name="[61] /home/travis/build/icyphy/ptII/ptolemy/actor/lib/test/auto/Clock23.xml (RunModel)" time="0.024" />
  <testcase classname="ptolemy.util.test.junit.AutoTests" name="[62] /home/travis/build/icyphy/ptII/ptolemy/actor/lib/test/auto/Clock24.xml (RunModel)" time="0.014" />
  <testcase classname="ptolemy.util.test.junit.AutoTests" name="[63] /home/travis/build/icyphy/ptII/ptolemy/actor/lib/test/auto/Clock4.xml (RunModel)" time="0.027" />
  <testcase classname="ptolemy.util.test.junit.AutoTests" name="[64] /home/travis/build/icyphy/ptII/ptolemy/actor/lib/test/auto/Clock5.xml (RunModel)" time="0.018" />
  <testcase classname="ptolemy.util.test.junit.AutoTests" name="[65] /home/travis/build/icyphy/ptII/ptolemy/actor/lib/test/auto/Clock6.xml (RunModel)" time="0.01" />
  <testcase classname="ptolemy.util.test.junit.AutoTests" name="[66] /home/travis/build/icyphy/ptII/ptolemy/actor/lib/test/auto/Clock7.xml (RunModel)" time="0.011" />
  <testcase classname="ptolemy.util.test.junit.AutoTests" name="[67] /home/travis/build/icyphy/ptII/ptolemy/actor/lib/test/auto/Clock8.xml (RunModel)" time="0.015" />
  <testcase classname="ptolemy.util.test.junit.AutoTests" name="[68] /home/travis/build/icyphy/ptII/ptolemy/actor/lib/test/auto/Clock9.xml (RunModel)" time="0.016" />
  <testcase classname="ptolemy.util.test.junit.AutoTests" name="[69] /home/travis/build/icyphy/ptII/ptolemy/actor/lib/test/auto/CommDistDiscard.xml (RunModel)" time="0.029" />
  <testcase classname="ptolemy.util.test.junit.AutoTests" name="[70] /home/travis/build/icyphy/ptII/ptolemy/actor/lib/test/auto/Commutator.xml (RunModel)" time="0.018" />
  <testcase classname="ptolemy.util.test.junit.AutoTests" name="[71] /home/travis/build/icyphy/ptII/ptolemy/actor/lib/test/auto/Commutator2.xml (RunModel)" time="0.015" />
  <testcase classname="ptolemy.util.test.junit.AutoTests" name="[72] /home/travis/build/icyphy/ptII/ptolemy/actor/lib/test/auto/Commutator3.xml (RunModel)" time="0.016" />
  <testcase classname="ptolemy.util.test.junit.AutoTests" name="[73] /home/travis/build/icyphy/ptII/ptolemy/actor/lib/test/auto/Compare.xml (RunModel)" time="0.024" />
  <testcase classname="ptolemy.util.test.junit.AutoTests" name="[74] /home/travis/build/icyphy/ptII/ptolemy/actor/lib/test/auto/CompareDE.xml (RunModel)" time="0.024" />
  <testcase classname="ptolemy.util.test.junit.AutoTests" name="[75] /home/travis/build/icyphy/ptII/ptolemy/actor/lib/test/auto/ComplexDivide.xml (RunModel)" time="0.013" />
  <testcase classname="ptolemy.util.test.junit.AutoTests" name="[76] /home/travis/build/icyphy/ptII/ptolemy/actor/lib/test/auto/ComputeHistogram.xml (RunModel)" time="0.072" />
  <testcase classname="ptolemy.util.test.junit.AutoTests" name="[77] /home/travis/build/icyphy/ptII/ptolemy/actor/lib/test/auto/ConfigurationSelect.xml (RunModel)" time="0.024" />
  <testcase classname="ptolemy.util.test.junit.AutoTests" name="[78] /home/travis/build/icyphy/ptII/ptolemy/actor/lib/test/auto/ConfigurationSelect2.xml (RunModel)" time="0.014" />
  <testcase classname="ptolemy.util.test.junit.AutoTests" name="[79] /home/travis/build/icyphy/ptII/ptolemy/actor/lib/test/auto/ConfigurationSwitch.xml (RunModel)" time="0.028" />
  <testcase classname="ptolemy.util.test.junit.AutoTests" name="[80] /home/travis/build/icyphy/ptII/ptolemy/actor/lib/test/auto/ConfigurationSwitch2.xml (RunModel)" time="0.025" />
  <testcase classname="ptolemy.util.test.junit.AutoTests" name="[81] /home/travis/build/icyphy/ptII/ptolemy/actor/lib/test/auto/ConfigurationSwitchCloningBugWithClassRelationGroup.xml (RunModel)" time="0.018" />
  <testcase classname="ptolemy.util.test.junit.AutoTests" name="[82] /home/travis/build/icyphy/ptII/ptolemy/actor/lib/test/auto/ConfigurationSwitchSelectSDF.xml (RunModel)" time="0.013" />
  <testcase classname="ptolemy.util.test.junit.AutoTests" name="[83] /home/travis/build/icyphy/ptII/ptolemy/actor/lib/test/auto/ConfigurationSwitchSelectSDF2.xml (RunModel)" time="0.014" />
  <testcase classname="ptolemy.util.test.junit.AutoTests" name="[84] /home/travis/build/icyphy/ptII/ptolemy/actor/lib/test/auto/Const.xml (RunModel)" time="0.007" />
  <testcase classname="ptolemy.util.test.junit.AutoTests" name="[85] /home/travis/build/icyphy/ptII/ptolemy/actor/lib/test/auto/Const2.xml (RunModel)" time="0.009" />
  <testcase classname="ptolemy.util.test.junit.AutoTests" name="[86] /home/travis/build/icyphy/ptII/ptolemy/actor/lib/test/auto/Const3.xml (RunModel)" time="0.006" />
  <testcase classname="ptolemy.util.test.junit.AutoTests" name="[87] /home/travis/build/icyphy/ptII/ptolemy/actor/lib/test/auto/ConstantPublisherPort1.xml (RunModel)" time="0.021" />
  <testcase classname="ptolemy.util.test.junit.AutoTests" name="[88] /home/travis/build/icyphy/ptII/ptolemy/actor/lib/test/auto/ConstantPublisherPort2.xml (RunModel)" time="0.017" />
  <testcase classname="ptolemy.util.test.junit.AutoTests" name="[89] /home/travis/build/icyphy/ptII/ptolemy/actor/lib/test/auto/ConstantPublisherPort3.xml (RunModel)" time="0.016" />
  <testcase classname="ptolemy.util.test.junit.AutoTests" name="[90] /home/travis/build/icyphy/ptII/ptolemy/actor/lib/test/auto/ConstantPublisherPort4.xml (RunModel)" time="0.016" />
  <testcase classname="ptolemy.util.test.junit.AutoTests" name="[91] /home/travis/build/icyphy/ptII/ptolemy/actor/lib/test/auto/ConstantPublisherPort5.xml (RunModel)" time="0.082" />
  <testcase classname="ptolemy.util.test.junit.AutoTests" name="[92] /home/travis/build/icyphy/ptII/ptolemy/actor/lib/test/auto/ConstantPublisherPort6.xml (RunModel)" time="0.032" />
  <testcase classname="ptolemy.util.test.junit.AutoTests" name="[93] /home/travis/build/icyphy/ptII/ptolemy/actor/lib/test/auto/ConstantPublisherPort7.xml (RunModel)" time="0.034" />
  <testcase classname="ptolemy.util.test.junit.AutoTests" name="[94] /home/travis/build/icyphy/ptII/ptolemy/actor/lib/test/auto/ConstraintMonitor1.xml (RunModel)" time="0.046" />
  <testcase classname="ptolemy.util.test.junit.AutoTests" name="[95] /home/travis/build/icyphy/ptII/ptolemy/actor/lib/test/auto/ConstraintMonitor2.xml (RunModel)" time="0.014" />
  <testcase classname="ptolemy.util.test.junit.AutoTests" name="[96] /home/travis/build/icyphy/ptII/ptolemy/actor/lib/test/auto/ConstraintMonitor3.xml (RunModel)" time="0.02" />
  <testcase classname="ptolemy.util.test.junit.AutoTests" name="[97] /home/travis/build/icyphy/ptII/ptolemy/actor/lib/test/auto/ConstraintMonitor4.xml (RunModel)" time="0.011" />
  <testcase classname="ptolemy.util.test.junit.AutoTests" name="[98] /home/travis/build/icyphy/ptII/ptolemy/actor/lib/test/auto/ConstraintMonitor5.xml (RunModel)" time="0.015" />
  <testcase classname="ptolemy.util.test.junit.AutoTests" name="[99] /home/travis/build/icyphy/ptII/ptolemy/actor/lib/test/auto/ConstraintMonitor6.xml (RunModel)" time="0.017" />
  <testcase classname="ptolemy.util.test.junit.AutoTests" name="[100] /home/travis/build/icyphy/ptII/ptolemy/actor/lib/test/auto/ConstraintMonitor7.xml (RunModel)" time="0.023" />
  <testcase classname="ptolemy.util.test.junit.AutoTests" name="[101] /home/travis/build/icyphy/ptII/ptolemy/actor/lib/test/auto/ConstraintMonitor8.xml (RunModel)" time="0.019" />
  <testcase classname="ptolemy.util.test.junit.AutoTests" name="[102] /home/travis/build/icyphy/ptII/ptolemy/actor/lib/test/auto/Counter.xml (RunModel)" time="0.015" />
  <testcase classname="ptolemy.util.test.junit.AutoTests" name="[103] /home/travis/build/icyphy/ptII/ptolemy/actor/lib/test/auto/CurrentTimeSDF.xml (RunModel)" time="0.01" />
  <testcase classname="ptolemy.util.test.junit.AutoTests" name="[104] /home/travis/build/icyphy/ptII/ptolemy/actor/lib/test/auto/DB.xml (RunModel)" time="0.014" />
  <testcase classname="ptolemy.util.test.junit.AutoTests" name="[105] /home/travis/build/icyphy/ptII/ptolemy/actor/lib/test/auto/DBDE.xml (RunModel)" time="0.014" />
  <testcase classname="ptolemy.util.test.junit.AutoTests" name="[106] /home/travis/build/icyphy/ptII/ptolemy/actor/lib/test/auto/DateConstructor.xml (RunModel)" time="0.077" />
  <testcase classname="ptolemy.util.test.junit.AutoTests" name="[107] /home/travis/build/icyphy/ptII/ptolemy/actor/lib/test/auto/DelayTime.xml (RunModel)" time="0.019" />
  <testcase classname="ptolemy.util.test.junit.AutoTests" name="[108] /home/travis/build/icyphy/ptII/ptolemy/actor/lib/test/auto/Dictionary1.xml (RunModel)" time="0.023" />
  <testcase classname="ptolemy.util.test.junit.AutoTests" name="[109] /home/travis/build/icyphy/ptII/ptolemy/actor/lib/test/auto/Dictionary2.xml (RunModel)" time="0.018" />
  <testcase classname="ptolemy.util.test.junit.AutoTests" name="[110] /home/travis/build/icyphy/ptII/ptolemy/actor/lib/test/auto/Dictionary3.xml (RunModel)" time="0.014" />
  <testcase classname="ptolemy.util.test.junit.AutoTests" name="[111] /home/travis/build/icyphy/ptII/ptolemy/actor/lib/test/auto/Dictionary4.xml (RunModel)" time="0.021" />
  <testcase classname="ptolemy.util.test.junit.AutoTests" name="[112] /home/travis/build/icyphy/ptII/ptolemy/actor/lib/test/auto/Differential.xml (RunModel)" time="0.012" />
  <testcase classname="ptolemy.util.test.junit.AutoTests" name="[113] /home/travis/build/icyphy/ptII/ptolemy/actor/lib/test/auto/Director.xml (RunModel)" time="0.011" />
  <testcase classname="ptolemy.util.test.junit.AutoTests" name="[114] /home/travis/build/icyphy/ptII/ptolemy/actor/lib/test/auto/DiscreteClock.xml (RunModel)" time="0.009" />
  <testcase classname="ptolemy.util.test.junit.AutoTests" name="[115] /home/travis/build/icyphy/ptII/ptolemy/actor/lib/test/auto/DiscreteClock10.xml (RunModel)" time="0.016" />
  <testcase classname="ptolemy.util.test.junit.AutoTests" name="[116] /home/travis/build/icyphy/ptII/ptolemy/actor/lib/test/auto/DiscreteClock11.xml (RunModel)" time="0.013" />
  <testcase classname="ptolemy.util.test.junit.AutoTests" name="[117] /home/travis/build/icyphy/ptII/ptolemy/actor/lib/test/auto/DiscreteClock12.xml (RunModel)" time="0.016" />
  <testcase classname="ptolemy.util.test.junit.AutoTests" name="[118] /home/travis/build/icyphy/ptII/ptolemy/actor/lib/test/auto/DiscreteClock13.xml (RunModel)" time="0.016" />
  <testcase classname="ptolemy.util.test.junit.AutoTests" name="[119] /home/travis/build/icyphy/ptII/ptolemy/actor/lib/test/auto/DiscreteClock14.xml (RunModel)" time="0.017" />
  <testcase classname="ptolemy.util.test.junit.AutoTests" name="[120] /home/travis/build/icyphy/ptII/ptolemy/actor/lib/test/auto/DiscreteClock15.xml (RunModel)" time="0.016" />
  <testcase classname="ptolemy.util.test.junit.AutoTests" name="[121] /home/travis/build/icyphy/ptII/ptolemy/actor/lib/test/auto/DiscreteClock16.xml (RunModel)" time="0.046" />
  <testcase classname="ptolemy.util.test.junit.AutoTests" name="[122] /home/travis/build/icyphy/ptII/ptolemy/actor/lib/test/auto/DiscreteClock17.xml (RunModel)" time="0.045" />
  <testcase classname="ptolemy.util.test.junit.AutoTests" name="[123] /home/travis/build/icyphy/ptII/ptolemy/actor/lib/test/auto/DiscreteClock18.xml (RunModel)" time="0.051" />
  <testcase classname="ptolemy.util.test.junit.AutoTests" name="[124] /home/travis/build/icyphy/ptII/ptolemy/actor/lib/test/auto/DiscreteClock19.xml (RunModel)" time="0.037" />
  <testcase classname="ptolemy.util.test.junit.AutoTests" name="[125] /home/travis/build/icyphy/ptII/ptolemy/actor/lib/test/auto/DiscreteClock2.xml (RunModel)" time="0.011" />
  <testcase classname="ptolemy.util.test.junit.AutoTests" name="[126] /home/travis/build/icyphy/ptII/ptolemy/actor/lib/test/auto/DiscreteClock20.xml (RunModel)" time="0.016" />
  <testcase classname="ptolemy.util.test.junit.AutoTests" name="[127] /home/travis/build/icyphy/ptII/ptolemy/actor/lib/test/auto/DiscreteClock21.xml (RunModel)" time="0.015" />
  <testcase classname="ptolemy.util.test.junit.AutoTests" name="[128] /home/travis/build/icyphy/ptII/ptolemy/actor/lib/test/auto/DiscreteClock22.xml (RunModel)" time="0.014" />
  <testcase classname="ptolemy.util.test.junit.AutoTests" name="[129] /home/travis/build/icyphy/ptII/ptolemy/actor/lib/test/auto/DiscreteClock23.xml (RunModel)" time="0.014" />
  <testcase classname="ptolemy.util.test.junit.AutoTests" name="[130] /home/travis/build/icyphy/ptII/ptolemy/actor/lib/test/auto/DiscreteClock24.xml (RunModel)" time="0.013" />
  <testcase classname="ptolemy.util.test.junit.AutoTests" name="[131] /home/travis/build/icyphy/ptII/ptolemy/actor/lib/test/auto/DiscreteClock4.xml (RunModel)" time="0.012" />
  <testcase classname="ptolemy.util.test.junit.AutoTests" name="[132] /home/travis/build/icyphy/ptII/ptolemy/actor/lib/test/auto/DiscreteClock5.xml (RunModel)" time="0.045" />
  <testcase classname="ptolemy.util.test.junit.AutoTests" name="[133] /home/travis/build/icyphy/ptII/ptolemy/actor/lib/test/auto/DiscreteClock6.xml (RunModel)" time="0.01" />
  <testcase classname="ptolemy.util.test.junit.AutoTests" name="[134] /home/travis/build/icyphy/ptII/ptolemy/actor/lib/test/auto/DiscreteClock7.xml (RunModel)" time="0.01" />
  <testcase classname="ptolemy.util.test.junit.AutoTests" name="[135] /home/travis/build/icyphy/ptII/ptolemy/actor/lib/test/auto/DiscreteClock8.xml (RunModel)" time="0.022" />
  <testcase classname="ptolemy.util.test.junit.AutoTests" name="[136] /home/travis/build/icyphy/ptII/ptolemy/actor/lib/test/auto/DiscreteClock9.xml (RunModel)" time="0.015" />
  <testcase classname="ptolemy.util.test.junit.AutoTests" name="[137] /home/travis/build/icyphy/ptII/ptolemy/actor/lib/test/auto/DisplayArray.xml (RunModel)" time="0.012" />
  <testcase classname="ptolemy.util.test.junit.AutoTests" name="[138] /home/travis/build/icyphy/ptII/ptolemy/actor/lib/test/auto/Distributor.xml (RunModel)" time="0.013" />
  <testcase classname="ptolemy.util.test.junit.AutoTests" name="[139] /home/travis/build/icyphy/ptII/ptolemy/actor/lib/test/auto/Distributor2.xml (RunModel)" time="0.011" />
  <testcase classname="ptolemy.util.test.junit.AutoTests" name="[140] /home/travis/build/icyphy/ptII/ptolemy/actor/lib/test/auto/DownSample.xml (RunModel)" time="0.011" />
  <testcase classname="ptolemy.util.test.junit.AutoTests" name="[141] /home/travis/build/icyphy/ptII/ptolemy/actor/lib/test/auto/ElectronicUnitBase1.xml (RunModel)" time="0.06" />
  <testcase classname="ptolemy.util.test.junit.AutoTests" name="[142] /home/travis/build/icyphy/ptII/ptolemy/actor/lib/test/auto/ElementsToArray.xml (RunModel)" time="0.014" />
  <testcase classname="ptolemy.util.test.junit.AutoTests" name="[143] /home/travis/build/icyphy/ptII/ptolemy/actor/lib/test/auto/Equals.xml (RunModel)" time="0.014" />
  <testcase classname="ptolemy.util.test.junit.AutoTests" name="[144] /home/travis/build/icyphy/ptII/ptolemy/actor/lib/test/auto/Exec.xml (RunModel)" time="0.032" />
  <testcase classname="ptolemy.util.test.junit.AutoTests" name="[145] /home/travis/build/icyphy/ptII/ptolemy/actor/lib/test/auto/ExecEnvironment.xml (RunModel)" time="0.052" />
  <testcase classname="ptolemy.util.test.junit.AutoTests" name="[146] /home/travis/build/icyphy/ptII/ptolemy/actor/lib/test/auto/ExecNonZeroReturnOutput.xml (RunModel)" time="0.221" />
  <testcase classname="ptolemy.util.test.junit.AutoTests" name="[147] /home/travis/build/icyphy/ptII/ptolemy/actor/lib/test/auto/ExecRunDemos.xml (RunModel)" time="11.386" />
  <testcase classname="ptolemy.util.test.junit.AutoTests" name="[148] /home/travis/build/icyphy/ptII/ptolemy/actor/lib/test/auto/ExecStop.xml (RunModel)" time="5.05" />
  <testcase classname="ptolemy.util.test.junit.AutoTests" name="[149] /home/travis/build/icyphy/ptII/ptolemy/actor/lib/test/auto/ExecutionTimeSDF.xml (RunModel)" time="6.039" />
  <testcase classname="ptolemy.util.test.junit.AutoTests" name="[150] /home/travis/build/icyphy/ptII/ptolemy/actor/lib/test/auto/Expression1.xml (RunModel)" time="0.016" />
  <testcase classname="ptolemy.util.test.junit.AutoTests" name="[151] /home/travis/build/icyphy/ptII/ptolemy/actor/lib/test/auto/Expression10.xml (RunModel)" time="0.024" />
  <testcase classname="ptolemy.util.test.junit.AutoTests" name="[152] /home/travis/build/icyphy/ptII/ptolemy/actor/lib/test/auto/Expression11.xml (RunModel)" time="0.031" />
  <testcase classname="ptolemy.util.test.junit.AutoTests" name="[153] /home/travis/build/icyphy/ptII/ptolemy/actor/lib/test/auto/Expression12.xml (RunModel)" time="0.023" />
  <testcase classname="ptolemy.util.test.junit.AutoTests" name="[154] /home/travis/build/icyphy/ptII/ptolemy/actor/lib/test/auto/Expression13.xml (RunModel)" time="0.019" />
  <testcase classname="ptolemy.util.test.junit.AutoTests" name="[155] /home/travis/build/icyphy/ptII/ptolemy/actor/lib/test/auto/Expression14.xml (RunModel)" time="0.025" />
  <testcase classname="ptolemy.util.test.junit.AutoTests" name="[156] /home/travis/build/icyphy/ptII/ptolemy/actor/lib/test/auto/Expression15.xml (RunModel)" time="0.016" />
  <testcase classname="ptolemy.util.test.junit.AutoTests" name="[157] /home/travis/build/icyphy/ptII/ptolemy/actor/lib/test/auto/Expression16.xml (RunModel)" time="0.017" />
  <testcase classname="ptolemy.util.test.junit.AutoTests" name="[158] /home/travis/build/icyphy/ptII/ptolemy/actor/lib/test/auto/Expression17.xml (RunModel)" time="0.017" />
  <testcase classname="ptolemy.util.test.junit.AutoTests" name="[159] /home/travis/build/icyphy/ptII/ptolemy/actor/lib/test/auto/Expression18.xml (RunModel)" time="0.019" />
  <testcase classname="ptolemy.util.test.junit.AutoTests" name="[160] /home/travis/build/icyphy/ptII/ptolemy/actor/lib/test/auto/Expression2.xml (RunModel)" time="0.014" />
  <testcase classname="ptolemy.util.test.junit.AutoTests" name="[161] /home/travis/build/icyphy/ptII/ptolemy/actor/lib/test/auto/Expression3.xml (RunModel)" time="0.02" />
  <testcase classname="ptolemy.util.test.junit.AutoTests" name="[162] /home/travis/build/icyphy/ptII/ptolemy/actor/lib/test/auto/Expression4.xml (RunModel)" time="0.065" />
  <testcase classname="ptolemy.util.test.junit.AutoTests" name="[163] /home/travis/build/icyphy/ptII/ptolemy/actor/lib/test/auto/Expression5.xml (RunModel)" time="0.013" />
  <testcase classname="ptolemy.util.test.junit.AutoTests" name="[164] /home/travis/build/icyphy/ptII/ptolemy/actor/lib/test/auto/Expression6.xml (RunModel)" time="0.011" />
  <testcase classname="ptolemy.util.test.junit.AutoTests" name="[165] /home/travis/build/icyphy/ptII/ptolemy/actor/lib/test/auto/Expression7.xml (RunModel)" time="0.014" />
  <testcase classname="ptolemy.util.test.junit.AutoTests" name="[166] /home/travis/build/icyphy/ptII/ptolemy/actor/lib/test/auto/Expression8.xml (RunModel)" time="0.016" />
  <testcase classname="ptolemy.util.test.junit.AutoTests" name="[167] /home/travis/build/icyphy/ptII/ptolemy/actor/lib/test/auto/Expression9.xml (RunModel)" time="0.008" />
  <testcase classname="ptolemy.util.test.junit.AutoTests" name="[168] /home/travis/build/icyphy/ptII/ptolemy/actor/lib/test/auto/ExpressionConcatenateArrayType.xml (RunModel)" time="0.03" />
  <testcase classname="ptolemy.util.test.junit.AutoTests" name="[169] /home/travis/build/icyphy/ptII/ptolemy/actor/lib/test/auto/ExpressionConcatenateArrayType2.xml (RunModel)" time="0.023" />
  <testcase classname="ptolemy.util.test.junit.AutoTests" name="[170] /home/travis/build/icyphy/ptII/ptolemy/actor/lib/test/auto/ExpressionFix.xml (RunModel)" time="0.047" />
  <testcase classname="ptolemy.util.test.junit.AutoTests" name="[171] /home/travis/build/icyphy/ptII/ptolemy/actor/lib/test/auto/ExpressionFix2.xml (RunModel)" time="0.013" />
  <testcase classname="ptolemy.util.test.junit.AutoTests" name="[172] /home/travis/build/icyphy/ptII/ptolemy/actor/lib/test/auto/ExpressionFix3.xml (RunModel)" time="0.012" />
  <testcase classname="ptolemy.util.test.junit.AutoTests" name="[173] /home/travis/build/icyphy/ptII/ptolemy/actor/lib/test/auto/FileWriter1.xml (RunModel)" time="0.01" />
  <testcase classname="ptolemy.util.test.junit.AutoTests" name="[174] /home/travis/build/icyphy/ptII/ptolemy/actor/lib/test/auto/FileWriter2.xml (RunModel)" time="0.014" />
  <testcase classname="ptolemy.util.test.junit.AutoTests" name="[175] /home/travis/build/icyphy/ptII/ptolemy/actor/lib/test/auto/FileWriter3.xml (RunModel)" time="0.015" />
  <testcase classname="ptolemy.util.test.junit.AutoTests" name="[176] /home/travis/build/icyphy/ptII/ptolemy/actor/lib/test/auto/Gaussian.xml (RunModel)" time="0.012" />
  <testcase classname="ptolemy.util.test.junit.AutoTests" name="[177] /home/travis/build/icyphy/ptII/ptolemy/actor/lib/test/auto/Gaussian1.xml (RunModel)" time="0.014" />
  <testcase classname="ptolemy.util.test.junit.AutoTests" name="[178] /home/travis/build/icyphy/ptII/ptolemy/actor/lib/test/auto/Gaussian2.xml (RunModel)" time="0.026" />
  <testcase classname="ptolemy.util.test.junit.AutoTests" name="[179] /home/travis/build/icyphy/ptII/ptolemy/actor/lib/test/auto/GradientAdaptiveLattice.xml (RunModel)" time="0.02" />
  <testcase classname="ptolemy.util.test.junit.AutoTests" name="[180] /home/travis/build/icyphy/ptII/ptolemy/actor/lib/test/auto/IIR.xml (RunModel)" time="0.01" />
  <testcase classname="ptolemy.util.test.junit.AutoTests" name="[181] /home/travis/build/icyphy/ptII/ptolemy/actor/lib/test/auto/InputOutputTransparentPorts.xml (RunModel)" time="0.02" />
  <testcase classname="ptolemy.util.test.junit.AutoTests" name="[182] /home/travis/build/icyphy/ptII/ptolemy/actor/lib/test/auto/Interpolator.xml (RunModel)" time="0.012" />
  <testcase classname="ptolemy.util.test.junit.AutoTests" name="[183] /home/travis/build/icyphy/ptII/ptolemy/actor/lib/test/auto/InterpolatorFiringLimitDE.xml (RunModel)" time="0.014" />
  <testcase classname="ptolemy.util.test.junit.AutoTests" name="[184] /home/travis/build/icyphy/ptII/ptolemy/actor/lib/test/auto/Lattice.xml (RunModel)" time="0.01" />
  <testcase classname="ptolemy.util.test.junit.AutoTests" name="[185] /home/travis/build/icyphy/ptII/ptolemy/actor/lib/test/auto/LazyAOCTestLazy.xml (RunModel)" time="0.047" />
  <testcase classname="ptolemy.util.test.junit.AutoTests" name="[186] /home/travis/build/icyphy/ptII/ptolemy/actor/lib/test/auto/LazyAOCTestNonLazy.xml (RunModel)" time="0.049" />
  <testcase classname="ptolemy.util.test.junit.AutoTests" name="[187] /home/travis/build/icyphy/ptII/ptolemy/actor/lib/test/auto/LazyInnerClass.xml (RunModel)" time="0.052" />
  <testcase classname="ptolemy.util.test.junit.AutoTests" name="[188] /home/travis/build/icyphy/ptII/ptolemy/actor/lib/test/auto/LazyPubSub.xml (RunModel)" time="0.051" />
  <testcase classname="ptolemy.util.test.junit.AutoTests" name="[189] /home/travis/build/icyphy/ptII/ptolemy/actor/lib/test/auto/LazyPubSub2.xml (RunModel)" time="0.031" />
  <testcase classname="ptolemy.util.test.junit.AutoTests" name="[190] /home/travis/build/icyphy/ptII/ptolemy/actor/lib/test/auto/LazyPubSub3.xml (RunModel)" time="0.031" />
  <testcase classname="ptolemy.util.test.junit.AutoTests" name="[191] /home/travis/build/icyphy/ptII/ptolemy/actor/lib/test/auto/LazySubClassModel.xml (RunModel)" time="0.036" />
  <testcase classname="ptolemy.util.test.junit.AutoTests" name="[192] /home/travis/build/icyphy/ptII/ptolemy/actor/lib/test/auto/LevelCrossTest1.xml (RunModel)" time="0.029" />
  <testcase classname="ptolemy.util.test.junit.AutoTests" name="[193] /home/travis/build/icyphy/ptII/ptolemy/actor/lib/test/auto/LevelCrossTest10.xml (RunModel)" time="0.017" />
  <testcase classname="ptolemy.util.test.junit.AutoTests" name="[194] /home/travis/build/icyphy/ptII/ptolemy/actor/lib/test/auto/LevelCrossTest11.xml (RunModel)" time="0.017" />
  <testcase classname="ptolemy.util.test.junit.AutoTests" name="[195] /home/travis/build/icyphy/ptII/ptolemy/actor/lib/test/auto/LevelCrossTest12.xml (RunModel)" time="0.018" />
  <testcase classname="ptolemy.util.test.junit.AutoTests" name="[196] /home/travis/build/icyphy/ptII/ptolemy/actor/lib/test/auto/LevelCrossTest13.xml (RunModel)" time="0.014" />
  <testcase classname="ptolemy.util.test.junit.AutoTests" name="[197] /home/travis/build/icyphy/ptII/ptolemy/actor/lib/test/auto/LevelCrossTest2.xml (RunModel)" time="0.01" />
  <testcase classname="ptolemy.util.test.junit.AutoTests" name="[198] /home/travis/build/icyphy/ptII/ptolemy/actor/lib/test/auto/LevelCrossTest3.xml (RunModel)" time="0.014" />
  <testcase classname="ptolemy.util.test.junit.AutoTests" name="[199] /home/travis/build/icyphy/ptII/ptolemy/actor/lib/test/auto/LevelCrossTest4.xml (RunModel)" time="0.012" />
  <testcase classname="ptolemy.util.test.junit.AutoTests" name="[200] /home/travis/build/icyphy/ptII/ptolemy/actor/lib/test/auto/LevelCrossTest5.xml (RunModel)" time="0.014" />
  <testcase classname="ptolemy.util.test.junit.AutoTests" name="[201] /home/travis/build/icyphy/ptII/ptolemy/actor/lib/test/auto/LevelCrossTest6.xml (RunModel)" time="0.015" />
  <testcase classname="ptolemy.util.test.junit.AutoTests" name="[202] /home/travis/build/icyphy/ptII/ptolemy/actor/lib/test/auto/LevelCrossTest7.xml (RunModel)" time="0.025" />
  <testcase classname="ptolemy.util.test.junit.AutoTests" name="[203] /home/travis/build/icyphy/ptII/ptolemy/actor/lib/test/auto/LevelCrossTest8.xml (RunModel)" time="0.015" />
  <testcase classname="ptolemy.util.test.junit.AutoTests" name="[204] /home/travis/build/icyphy/ptII/ptolemy/actor/lib/test/auto/LevelCrossTest9.xml (RunModel)" time="0.022" />
  <testcase classname="ptolemy.util.test.junit.AutoTests" name="[205] /home/travis/build/icyphy/ptII/ptolemy/actor/lib/test/auto/LevinsonDurbin.xml (RunModel)" time="0.015" />
  <testcase classname="ptolemy.util.test.junit.AutoTests" name="[206] /home/travis/build/icyphy/ptII/ptolemy/actor/lib/test/auto/LevinsonDurbin2.xml (RunModel)" time="0.014" />
  <testcase classname="ptolemy.util.test.junit.AutoTests" name="[207] /home/travis/build/icyphy/ptII/ptolemy/actor/lib/test/auto/LevinsonDurbin3.xml (RunModel)" time="0.014" />
  <testcase classname="ptolemy.util.test.junit.AutoTests" name="[208] /home/travis/build/icyphy/ptII/ptolemy/actor/lib/test/auto/Limiter.xml (RunModel)" time="0.086" />
  <testcase classname="ptolemy.util.test.junit.AutoTests" name="[209] /home/travis/build/icyphy/ptII/ptolemy/actor/lib/test/auto/LinearDifferenceEquationSystem.xml (RunModel)" time="0.03" />
  <testcase classname="ptolemy.util.test.junit.AutoTests" name="[210] /home/travis/build/icyphy/ptII/ptolemy/actor/lib/test/auto/LookupTable.xml (RunModel)" time="0.011" />
  <testcase classname="ptolemy.util.test.junit.AutoTests" name="[211] /home/travis/build/icyphy/ptII/ptolemy/actor/lib/test/auto/MathFunction.xml (RunModel)" time="0.031" />
  <testcase classname="ptolemy.util.test.junit.AutoTests" name="[212] /home/travis/build/icyphy/ptII/ptolemy/actor/lib/test/auto/MathFunction2.xml (RunModel)" time="0.021" />
  <testcase classname="ptolemy.util.test.junit.AutoTests" name="[213] /home/travis/build/icyphy/ptII/ptolemy/actor/lib/test/auto/MathFunction3.xml (RunModel)" time="0.022" />
  <testcase classname="ptolemy.util.test.junit.AutoTests" name="[214] /home/travis/build/icyphy/ptII/ptolemy/actor/lib/test/auto/MatrixCropBoolean.xml (RunModel)" time="0.016" />
  <testcase classname="ptolemy.util.test.junit.AutoTests" name="[215] /home/travis/build/icyphy/ptII/ptolemy/actor/lib/test/auto/MatrixCropComplex.xml (RunModel)" time="0.012" />
  <testcase classname="ptolemy.util.test.junit.AutoTests" name="[216] /home/travis/build/icyphy/ptII/ptolemy/actor/lib/test/auto/MatrixCropDouble.xml (RunModel)" time="0.01" />
  <testcase classname="ptolemy.util.test.junit.AutoTests" name="[217] /home/travis/build/icyphy/ptII/ptolemy/actor/lib/test/auto/MatrixCropFix.xml (RunModel)" time="0.014" />
  <testcase classname="ptolemy.util.test.junit.AutoTests" name="[218] /home/travis/build/icyphy/ptII/ptolemy/actor/lib/test/auto/MatrixCropInt.xml (RunModel)" time="0.011" />
  <testcase classname="ptolemy.util.test.junit.AutoTests" name="[219] /home/travis/build/icyphy/ptII/ptolemy/actor/lib/test/auto/MatrixCropLong.xml (RunModel)" time="0.009" />
  <testcase classname="ptolemy.util.test.junit.AutoTests" name="[220] /home/travis/build/icyphy/ptII/ptolemy/actor/lib/test/auto/MatrixToArray.xml (RunModel)" time="0.067" />
  <testcase classname="ptolemy.util.test.junit.AutoTests" name="[221] /home/travis/build/icyphy/ptII/ptolemy/actor/lib/test/auto/MaxIndex.xml (RunModel)" time="0.016" />
  <testcase classname="ptolemy.util.test.junit.AutoTests" name="[222] /home/travis/build/icyphy/ptII/ptolemy/actor/lib/test/auto/Maximum.xml (RunModel)" time="0.018" />
  <testcase classname="ptolemy.util.test.junit.AutoTests" name="[223] /home/travis/build/icyphy/ptII/ptolemy/actor/lib/test/auto/MaximumComplex.xml (RunModel)" time="0.016" />
  <testcase classname="ptolemy.util.test.junit.AutoTests" name="[224] /home/travis/build/icyphy/ptII/ptolemy/actor/lib/test/auto/MethodCallTest.xml (RunModel)" time="0.025" />
  <testcase classname="ptolemy.util.test.junit.AutoTests" name="[225] /home/travis/build/icyphy/ptII/ptolemy/actor/lib/test/auto/Minimum.xml (RunModel)" time="0.014" />
  <testcase classname="ptolemy.util.test.junit.AutoTests" name="[226] /home/travis/build/icyphy/ptII/ptolemy/actor/lib/test/auto/MinimumComplex.xml (RunModel)" time="0.025" />
  <testcase classname="ptolemy.util.test.junit.AutoTests" name="[227] /home/travis/build/icyphy/ptII/ptolemy/actor/lib/test/auto/MinimumMultiports.xml (RunModel)" time="0.02" />
  <testcase classname="ptolemy.util.test.junit.AutoTests" name="[228] /home/travis/build/icyphy/ptII/ptolemy/actor/lib/test/auto/ModifyDate.xml (RunModel)" time="0.043" />
  <testcase classname="ptolemy.util.test.junit.AutoTests" name="[229] /home/travis/build/icyphy/ptII/ptolemy/actor/lib/test/auto/ModifyDate2.xml (RunModel)" time="0.03" />
  <testcase classname="ptolemy.util.test.junit.AutoTests" name="[230] /home/travis/build/icyphy/ptII/ptolemy/actor/lib/test/auto/MovingAverage.xml (RunModel)" time="0.011" />
  <testcase classname="ptolemy.util.test.junit.AutoTests" name="[231] /home/travis/build/icyphy/ptII/ptolemy/actor/lib/test/auto/MovingMaximum.xml (RunModel)" time="0.013" />
  <testcase classname="ptolemy.util.test.junit.AutoTests" name="[232] /home/travis/build/icyphy/ptII/ptolemy/actor/lib/test/auto/MultipleLinksToSameRelation.xml (RunModel)" time="0.008" />
  <testcase classname="ptolemy.util.test.junit.AutoTests" name="[233] /home/travis/build/icyphy/ptII/ptolemy/actor/lib/test/auto/MultipleLinksToSameRelationDE.xml (RunModel)" time="0.009" />
  <testcase classname="ptolemy.util.test.junit.AutoTests" name="[234] /home/travis/build/icyphy/ptII/ptolemy/actor/lib/test/auto/Multiplexor.xml (RunModel)" time="0.013" />
  <testcase classname="ptolemy.util.test.junit.AutoTests" name="[235] /home/travis/build/icyphy/ptII/ptolemy/actor/lib/test/auto/Multiplexor1.xml (RunModel)" time="0.012" />
  <testcase classname="ptolemy.util.test.junit.AutoTests" name="[236] /home/travis/build/icyphy/ptII/ptolemy/actor/lib/test/auto/Multiplexor2.xml (RunModel)" time="0.016" />
  <testcase classname="ptolemy.util.test.junit.AutoTests" name="[237] /home/travis/build/icyphy/ptII/ptolemy/actor/lib/test/auto/Multiplexor3.xml (RunModel)" time="0.019" />
  <testcase classname="ptolemy.util.test.junit.AutoTests" name="[238] /home/travis/build/icyphy/ptII/ptolemy/actor/lib/test/auto/MultiplexorDE.xml (RunModel)" time="0.017" />
  <testcase classname="ptolemy.util.test.junit.AutoTests" name="[239] /home/travis/build/icyphy/ptII/ptolemy/actor/lib/test/auto/MultiportBroadcastTest.xml (RunModel)" time="0.068" />
  <testcase classname="ptolemy.util.test.junit.AutoTests" name="[240] /home/travis/build/icyphy/ptII/ptolemy/actor/lib/test/auto/MultiportOutHangDuringGetWidth.xml (RunModel)" time="0.036" />
  <testcase classname="ptolemy.util.test.junit.AutoTests" name="[241] /home/travis/build/icyphy/ptII/ptolemy/actor/lib/test/auto/NilToken.xml (RunModel)" time="0.014" />
  <testcase classname="ptolemy.util.test.junit.AutoTests" name="[242] /home/travis/build/icyphy/ptII/ptolemy/actor/lib/test/auto/NilTokenNonStrictTest.xml (RunModel)" time="0.013" />
  <testcase classname="ptolemy.util.test.junit.AutoTests" name="[243] /home/travis/build/icyphy/ptII/ptolemy/actor/lib/test/auto/NilTokenRecord.xml (RunModel)" time="0.026" />
  <testcase classname="ptolemy.util.test.junit.AutoTests" name="[244] /home/travis/build/icyphy/ptII/ptolemy/actor/lib/test/auto/NilTokenTypeTest.xml (RunModel)" time="0.035" />
  <testcase classname="ptolemy.util.test.junit.AutoTests" name="[245] /home/travis/build/icyphy/ptII/ptolemy/actor/lib/test/auto/ObjectToken1.xml (RunModel)" time="0.013" />
  <testcase classname="ptolemy.util.test.junit.AutoTests" name="[246] /home/travis/build/icyphy/ptII/ptolemy/actor/lib/test/auto/OrderedMerge.xml (RunModel)" time="0.016" />
  <testcase classname="ptolemy.util.test.junit.AutoTests" name="[247] /home/travis/build/icyphy/ptII/ptolemy/actor/lib/test/auto/OrderedRecordDisassembler.xml (RunModel)" time="0.018" />
  <testcase classname="ptolemy.util.test.junit.AutoTests" name="[248] /home/travis/build/icyphy/ptII/ptolemy/actor/lib/test/auto/OrderedRecordDisassembler2.xml (RunModel)" time="0.019" />
  <testcase classname="ptolemy.util.test.junit.AutoTests" name="[249] /home/travis/build/icyphy/ptII/ptolemy/actor/lib/test/auto/OrderedRecordUpdater.xml (RunModel)" time="0.011" />
  <testcase classname="ptolemy.util.test.junit.AutoTests" name="[250] /home/travis/build/icyphy/ptII/ptolemy/actor/lib/test/auto/OrderedRecordUpdater2.xml (RunModel)" time="0.019" />
  <testcase classname="ptolemy.util.test.junit.AutoTests" name="[251] /home/travis/build/icyphy/ptII/ptolemy/actor/lib/test/auto/PhaseUnwrap.xml (RunModel)" time="0.014" />
  <testcase classname="ptolemy.util.test.junit.AutoTests" name="[252] /home/travis/build/icyphy/ptII/ptolemy/actor/lib/test/auto/PoissonClock.xml (RunModel)" time="0.009" />
  <testcase classname="ptolemy.util.test.junit.AutoTests" name="[253] /home/travis/build/icyphy/ptII/ptolemy/actor/lib/test/auto/PoissonClock2.xml (RunModel)" time="0.008" />
  <testcase classname="ptolemy.util.test.junit.AutoTests" name="[254] /home/travis/build/icyphy/ptII/ptolemy/actor/lib/test/auto/PoissonClock3.xml (RunModel)" time="0.037" />
  <testcase classname="ptolemy.util.test.junit.AutoTests" name="[255] /home/travis/build/icyphy/ptII/ptolemy/actor/lib/test/auto/PubSubWithInitialTokens.xml (RunModel)" time="0.016" />
  <testcase classname="ptolemy.util.test.junit.AutoTests" name="[256] /home/travis/build/icyphy/ptII/ptolemy/actor/lib/test/auto/PubSubWithInitialTokens2.xml (RunModel)" time="0.011" />
  <testcase classname="ptolemy.util.test.junit.AutoTests" name="[257] /home/travis/build/icyphy/ptII/ptolemy/actor/lib/test/auto/PublisherClassNoParameter.xml (RunModel)" time="0.022" />
  <testcase classname="ptolemy.util.test.junit.AutoTests" name="[258] /home/travis/build/icyphy/ptII/ptolemy/actor/lib/test/auto/PublisherClassParameter.xml (RunModel)" time="0.019" />
  <testcase classname="ptolemy.util.test.junit.AutoTests" name="[259] /home/travis/build/icyphy/ptII/ptolemy/actor/lib/test/auto/PublisherNonStrictTest.xml (RunModel)" time="0.014" />
  <testcase classname="ptolemy.util.test.junit.AutoTests" name="[260] /home/travis/build/icyphy/ptII/ptolemy/actor/lib/test/auto/PublisherPort1.xml (RunModel)" time="0.015" />
  <testcase classname="ptolemy.util.test.junit.AutoTests" name="[261] /home/travis/build/icyphy/ptII/ptolemy/actor/lib/test/auto/PublisherPort2.xml (RunModel)" time="0.015" />
  <testcase classname="ptolemy.util.test.junit.AutoTests" name="[262] /home/travis/build/icyphy/ptII/ptolemy/actor/lib/test/auto/PublisherPort3.xml (RunModel)" time="0.011" />
  <testcase classname="ptolemy.util.test.junit.AutoTests" name="[263] /home/travis/build/icyphy/ptII/ptolemy/actor/lib/test/auto/PublisherPort4.xml (RunModel)" time="0.012" />
  <testcase classname="ptolemy.util.test.junit.AutoTests" name="[264] /home/travis/build/icyphy/ptII/ptolemy/actor/lib/test/auto/PublisherPort5.xml (RunModel)" time="0.016" />
  <testcase classname="ptolemy.util.test.junit.AutoTests" name="[265] /home/travis/build/icyphy/ptII/ptolemy/actor/lib/test/auto/PublisherPort5LookAlike.xml (RunModel)" time="0.019" />
  <testcase classname="ptolemy.util.test.junit.AutoTests" name="[266] /home/travis/build/icyphy/ptII/ptolemy/actor/lib/test/auto/PublisherPort6.xml (RunModel)" time="0.012" />
  <testcase classname="ptolemy.util.test.junit.AutoTests" name="[267] /home/travis/build/icyphy/ptII/ptolemy/actor/lib/test/auto/PublisherPort7.xml (RunModel)" time="0.016" />
  <testcase classname="ptolemy.util.test.junit.AutoTests" name="[268] /home/travis/build/icyphy/ptII/ptolemy/actor/lib/test/auto/PublisherPort8.xml (RunModel)" time="0.022" />
  <testcase classname="ptolemy.util.test.junit.AutoTests" name="[269] /home/travis/build/icyphy/ptII/ptolemy/actor/lib/test/auto/PublisherPortSubscriberChannelVariablesAOC2.xml (RunModel)" time="0.039" />
  <testcase classname="ptolemy.util.test.junit.AutoTests" name="[270] /home/travis/build/icyphy/ptII/ptolemy/actor/lib/test/auto/PublisherPortSubscriberOpaqueWidthInference.xml (RunModel)" time="0.016" />
  <testcase classname="ptolemy.util.test.junit.AutoTests" name="[271] /home/travis/build/icyphy/ptII/ptolemy/actor/lib/test/auto/PublisherPortSubscriberPortAdjacent.xml (RunModel)" time="0.017" />
  <testcase classname="ptolemy.util.test.junit.AutoTests" name="[272] /home/travis/build/icyphy/ptII/ptolemy/actor/lib/test/auto/PublisherPortSubscriberPortExpression.xml (RunModel)" time="0.015" />
  <testcase classname="ptolemy.util.test.junit.AutoTests" name="[273] /home/travis/build/icyphy/ptII/ptolemy/actor/lib/test/auto/PublisherPortSubscriberPortOpaqueD3Reverse.xml (RunModel)" time="0.019" />
  <testcase classname="ptolemy.util.test.junit.AutoTests" name="[274] /home/travis/build/icyphy/ptII/ptolemy/actor/lib/test/auto/PublisherPortSubscriberPortOpaqueWidthInference.xml (RunModel)" time="0.014" />
  <testcase classname="ptolemy.util.test.junit.AutoTests" name="[275] /home/travis/build/icyphy/ptII/ptolemy/actor/lib/test/auto/PublisherPortToplevelSubscriberPortAOC.xml (RunModel)" time="0.011" />
  <testcase classname="ptolemy.util.test.junit.AutoTests" name="[276] /home/travis/build/icyphy/ptII/ptolemy/actor/lib/test/auto/PublisherSubscriber.xml (RunModel)" time="0.013" />
  <testcase classname="ptolemy.util.test.junit.AutoTests" name="[277] /home/travis/build/icyphy/ptII/ptolemy/actor/lib/test/auto/PublisherSubscriber10.xml (RunModel)" time="0.019" />
  <testcase classname="ptolemy.util.test.junit.AutoTests" name="[278] /home/travis/build/icyphy/ptII/ptolemy/actor/lib/test/auto/PublisherSubscriber10InitialOutputs.xml (RunModel)" time="0.03" />
  <testcase classname="ptolemy.util.test.junit.AutoTests" name="[279] /home/travis/build/icyphy/ptII/ptolemy/actor/lib/test/auto/PublisherSubscriber11.xml (RunModel)" time="0.011" />
  <testcase classname="ptolemy.util.test.junit.AutoTests" name="[280] /home/travis/build/icyphy/ptII/ptolemy/actor/lib/test/auto/PublisherSubscriber12.xml (RunModel)" time="0.011" />
  <testcase classname="ptolemy.util.test.junit.AutoTests" name="[281] /home/travis/build/icyphy/ptII/ptolemy/actor/lib/test/auto/PublisherSubscriber13.xml (RunModel)" time="0.016" />
  <testcase classname="ptolemy.util.test.junit.AutoTests" name="[282] /home/travis/build/icyphy/ptII/ptolemy/actor/lib/test/auto/PublisherSubscriber14.xml (RunModel)" time="0.021" />
  <testcase classname="ptolemy.util.test.junit.AutoTests" name="[283] /home/travis/build/icyphy/ptII/ptolemy/actor/lib/test/auto/PublisherSubscriber2.xml (RunModel)" time="0.011" />
  <testcase classname="ptolemy.util.test.junit.AutoTests" name="[284] /home/travis/build/icyphy/ptII/ptolemy/actor/lib/test/auto/PublisherSubscriber3.xml (RunModel)" time="0.009" />
  <testcase classname="ptolemy.util.test.junit.AutoTests" name="[285] /home/travis/build/icyphy/ptII/ptolemy/actor/lib/test/auto/PublisherSubscriber4.xml (RunModel)" time="0.008" />
  <testcase classname="ptolemy.util.test.junit.AutoTests" name="[286] /home/travis/build/icyphy/ptII/ptolemy/actor/lib/test/auto/PublisherSubscriber5.xml (RunModel)" time="0.013" />
  <testcase classname="ptolemy.util.test.junit.AutoTests" name="[287] /home/travis/build/icyphy/ptII/ptolemy/actor/lib/test/auto/PublisherSubscriber6.xml (RunModel)" time="0.015" />
  <testcase classname="ptolemy.util.test.junit.AutoTests" name="[288] /home/travis/build/icyphy/ptII/ptolemy/actor/lib/test/auto/PublisherSubscriber7.xml (RunModel)" time="0.018" />
  <testcase classname="ptolemy.util.test.junit.AutoTests" name="[289] /home/travis/build/icyphy/ptII/ptolemy/actor/lib/test/auto/PublisherSubscriber8.xml (RunModel)" time="0.032" />
  <testcase classname="ptolemy.util.test.junit.AutoTests" name="[290] /home/travis/build/icyphy/ptII/ptolemy/actor/lib/test/auto/PublisherSubscriber9.xml (RunModel)" time="0.014" />
  <testcase classname="ptolemy.util.test.junit.AutoTests" name="[291] /home/travis/build/icyphy/ptII/ptolemy/actor/lib/test/auto/PublisherSubscriberAdjacent.xml (RunModel)" time="0.048" />
  <testcase classname="ptolemy.util.test.junit.AutoTests" name="[292] /home/travis/build/icyphy/ptII/ptolemy/actor/lib/test/auto/PublisherSubscriberChannelVariablesAOC2.xml (RunModel)" time="0.027" />
  <testcase classname="ptolemy.util.test.junit.AutoTests" name="[293] /home/travis/build/icyphy/ptII/ptolemy/actor/lib/test/auto/PublisherSubscriberD3.xml (RunModel)" time="0.013" />
  <testcase classname="ptolemy.util.test.junit.AutoTests" name="[294] /home/travis/build/icyphy/ptII/ptolemy/actor/lib/test/auto/PublisherSubscriberD3Reverse.xml (RunModel)" time="0.011" />
  <testcase classname="ptolemy.util.test.junit.AutoTests" name="[295] /home/travis/build/icyphy/ptII/ptolemy/actor/lib/test/auto/PublisherSubscriberExpression.xml (RunModel)" time="0.018" />
  <testcase classname="ptolemy.util.test.junit.AutoTests" name="[296] /home/travis/build/icyphy/ptII/ptolemy/actor/lib/test/auto/PublisherSubscriberOpaque.xml (RunModel)" time="0.029" />
  <testcase classname="ptolemy.util.test.junit.AutoTests" name="[297] /home/travis/build/icyphy/ptII/ptolemy/actor/lib/test/auto/PublisherSubscriberOpaqueD3.xml (RunModel)" time="0.021" />
  <testcase classname="ptolemy.util.test.junit.AutoTests" name="[298] /home/travis/build/icyphy/ptII/ptolemy/actor/lib/test/auto/PublisherSubscriberOpaqueD3Reverse.xml (RunModel)" time="0.021" />
  <testcase classname="ptolemy.util.test.junit.AutoTests" name="[299] /home/travis/build/icyphy/ptII/ptolemy/actor/lib/test/auto/PublisherSubscriberOpaqueWidthInference.xml (RunModel)" time="0.014" />
  <testcase classname="ptolemy.util.test.junit.AutoTests" name="[300] /home/travis/build/icyphy/ptII/ptolemy/actor/lib/test/auto/PublisherTestSubscriber.xml (RunModel)" time="0.018" />
  <testcase classname="ptolemy.util.test.junit.AutoTests" name="[301] /home/travis/build/icyphy/ptII/ptolemy/actor/lib/test/auto/PublisherToplevelSubscriberPortAOC.xml (RunModel)" time="0.014" />
  <testcase classname="ptolemy.util.test.junit.AutoTests" name="[302] /home/travis/build/icyphy/ptII/ptolemy/actor/lib/test/auto/PulseFiringLimitDE.xml (RunModel)" time="0.014" />
  <testcase classname="ptolemy.util.test.junit.AutoTests" name="[303] /home/travis/build/icyphy/ptII/ptolemy/actor/lib/test/auto/Ramp1.xml (RunModel)" time="0.007" />
  <testcase classname="ptolemy.util.test.junit.AutoTests" name="[304] /home/travis/build/icyphy/ptII/ptolemy/actor/lib/test/auto/RampFiringLimitDE.xml (RunModel)" time="0.01" />
  <testcase classname="ptolemy.util.test.junit.AutoTests" name="[305] /home/travis/build/icyphy/ptII/ptolemy/actor/lib/test/auto/RampFiringLimitSDF.xml (RunModel)" time="0.009" />
  <testcase classname="ptolemy.util.test.junit.AutoTests" name="[306] /home/travis/build/icyphy/ptII/ptolemy/actor/lib/test/auto/RandomInteger.xml (RunModel)" time="0.008" />
  <testcase classname="ptolemy.util.test.junit.AutoTests" name="[307] /home/travis/build/icyphy/ptII/ptolemy/actor/lib/test/auto/ReadFile1.xml (RunModel)" time="0.008" />
  <testcase classname="ptolemy.util.test.junit.AutoTests" name="[308] /home/travis/build/icyphy/ptII/ptolemy/actor/lib/test/auto/ReadFile2.xml (RunModel)" time="0.007" />
  <testcase classname="ptolemy.util.test.junit.AutoTests" name="[309] /home/travis/build/icyphy/ptII/ptolemy/actor/lib/test/auto/Reader.xml (RunModel)" time="0.016" />
  <testcase classname="ptolemy.util.test.junit.AutoTests" name="[310] /home/travis/build/icyphy/ptII/ptolemy/actor/lib/test/auto/RecordAssemblerDisplayNameTest.xml (RunModel)" time="4.011" />
  <testcase classname="ptolemy.util.test.junit.AutoTests" name="[311] /home/travis/build/icyphy/ptII/ptolemy/actor/lib/test/auto/RecordAssemblerTypeError.xml (RunModel)" time="0.045" />
  <testcase classname="ptolemy.util.test.junit.AutoTests" name="[312] /home/travis/build/icyphy/ptII/ptolemy/actor/lib/test/auto/RecordDisassember.xml (RunModel)" time="0.025" />
  <testcase classname="ptolemy.util.test.junit.AutoTests" name="[313] /home/travis/build/icyphy/ptII/ptolemy/actor/lib/test/auto/RecordDisassemberDisplayNameTest.xml (RunModel)" time="0.025" />
  <testcase classname="ptolemy.util.test.junit.AutoTests" name="[314] /home/travis/build/icyphy/ptII/ptolemy/actor/lib/test/auto/RecordDisassembler.xml (RunModel)" time="0.009" />
  <testcase classname="ptolemy.util.test.junit.AutoTests" name="[315] /home/travis/build/icyphy/ptII/ptolemy/actor/lib/test/auto/RecordDisassembler2.xml (RunModel)" time="0.01" />
  <testcase classname="ptolemy.util.test.junit.AutoTests" name="[316] /home/travis/build/icyphy/ptII/ptolemy/actor/lib/test/auto/RecordUpdater.xml (RunModel)" time="0.008" />
  <testcase classname="ptolemy.util.test.junit.AutoTests" name="[317] /home/travis/build/icyphy/ptII/ptolemy/actor/lib/test/auto/RecordUpdater2.xml (RunModel)" time="0.009" />
  <testcase classname="ptolemy.util.test.junit.AutoTests" name="[318] /home/travis/build/icyphy/ptII/ptolemy/actor/lib/test/auto/RecursiveLattice.xml (RunModel)" time="0.019" />
  <testcase classname="ptolemy.util.test.junit.AutoTests" name="[319] /home/travis/build/icyphy/ptII/ptolemy/actor/lib/test/auto/Router.xml (RunModel)" time="3.026" />
  <testcase classname="ptolemy.util.test.junit.AutoTests" name="[320] /home/travis/build/icyphy/ptII/ptolemy/actor/lib/test/auto/Router2.xml (RunModel)" time="3.084" />
  <testcase classname="ptolemy.util.test.junit.AutoTests" name="[321] /home/travis/build/icyphy/ptII/ptolemy/actor/lib/test/auto/RunningMaximum.xml (RunModel)" time="0.017" />
  <testcase classname="ptolemy.util.test.junit.AutoTests" name="[322] /home/travis/build/icyphy/ptII/ptolemy/actor/lib/test/auto/RunningMinimum.xml (RunModel)" time="0.012" />
  <testcase classname="ptolemy.util.test.junit.AutoTests" name="[323] /home/travis/build/icyphy/ptII/ptolemy/actor/lib/test/auto/Scale.xml (RunModel)" time="0.01" />
  <testcase classname="ptolemy.util.test.junit.AutoTests" name="[324] /home/travis/build/icyphy/ptII/ptolemy/actor/lib/test/auto/Scale2.xml (RunModel)" time="0.01" />
  <testcase classname="ptolemy.util.test.junit.AutoTests" name="[325] /home/travis/build/icyphy/ptII/ptolemy/actor/lib/test/auto/Scale3.xml (RunModel)" time="0.018" />
  <testcase classname="ptolemy.util.test.junit.AutoTests" name="[326] /home/travis/build/icyphy/ptII/ptolemy/actor/lib/test/auto/ScaleArray.xml (RunModel)" time="0.007" />
  <testcase classname="ptolemy.util.test.junit.AutoTests" name="[327] /home/travis/build/icyphy/ptII/ptolemy/actor/lib/test/auto/ScaleArray2.xml (RunModel)" time="0.009" />
  <testcase classname="ptolemy.util.test.junit.AutoTests" name="[328] /home/travis/build/icyphy/ptII/ptolemy/actor/lib/test/auto/ScaleMatrix.xml (RunModel)" time="0.171" />
  <testcase classname="ptolemy.util.test.junit.AutoTests" name="[329] /home/travis/build/icyphy/ptII/ptolemy/actor/lib/test/auto/Select.xml (RunModel)" time="0.013" />
  <testcase classname="ptolemy.util.test.junit.AutoTests" name="[330] /home/travis/build/icyphy/ptII/ptolemy/actor/lib/test/auto/Select2.xml (RunModel)" time="0.008" />
  <testcase classname="ptolemy.util.test.junit.AutoTests" name="[331] /home/travis/build/icyphy/ptII/ptolemy/actor/lib/test/auto/SequenceToArray2.xml (RunModel)" time="0.158" />
  <testcase classname="ptolemy.util.test.junit.AutoTests" name="[332] /home/travis/build/icyphy/ptII/ptolemy/actor/lib/test/auto/SequentialClock.xml (RunModel)" time="0.008" />
  <testcase classname="ptolemy.util.test.junit.AutoTests" name="[333] /home/travis/build/icyphy/ptII/ptolemy/actor/lib/test/auto/SetVariable.xml (RunModel)" time="0.015" />
  <testcase classname="ptolemy.util.test.junit.AutoTests" name="[334] /home/travis/build/icyphy/ptII/ptolemy/actor/lib/test/auto/SetVariable2.xml (RunModel)" time="0.009" />
  <testcase classname="ptolemy.util.test.junit.AutoTests" name="[335] /home/travis/build/icyphy/ptII/ptolemy/actor/lib/test/auto/SetVariable3.xml (RunModel)" time="0.015" />
  <testcase classname="ptolemy.util.test.junit.AutoTests" name="[336] /home/travis/build/icyphy/ptII/ptolemy/actor/lib/test/auto/SetVariable4.xml (RunModel)" time="0.027" />
  <testcase classname="ptolemy.util.test.junit.AutoTests" name="[337] /home/travis/build/icyphy/ptII/ptolemy/actor/lib/test/auto/SetVariable5.xml (RunModel)" time="0.026" />
  <testcase classname="ptolemy.util.test.junit.AutoTests" name="[338] /home/travis/build/icyphy/ptII/ptolemy/actor/lib/test/auto/Sinewave.xml (RunModel)" time="0.03" />
  <testcase classname="ptolemy.util.test.junit.AutoTests" name="[339] /home/travis/build/icyphy/ptII/ptolemy/actor/lib/test/auto/Sinewave2.xml (RunModel)" time="0.019" />
  <testcase classname="ptolemy.util.test.junit.AutoTests" name="[340] /home/travis/build/icyphy/ptII/ptolemy/actor/lib/test/auto/Sinewave3.xml (RunModel)" time="0.019" />
  <testcase classname="ptolemy.util.test.junit.AutoTests" name="[341] /home/travis/build/icyphy/ptII/ptolemy/actor/lib/test/auto/SingleEvent.xml (RunModel)" time="0.006" />
  <testcase classname="ptolemy.util.test.junit.AutoTests" name="[342] /home/travis/build/icyphy/ptII/ptolemy/actor/lib/test/auto/Sleep.xml (RunModel)" time="6.018" />
  <testcase classname="ptolemy.util.test.junit.AutoTests" name="[343] /home/travis/build/icyphy/ptII/ptolemy/actor/lib/test/auto/SleepMultipleFire.xml (RunModel)" time="1.029" />
  <testcase classname="ptolemy.util.test.junit.AutoTests" name="[344] /home/travis/build/icyphy/ptII/ptolemy/actor/lib/test/auto/StopDE.xml (RunModel)" time="0.014" />
  <testcase classname="ptolemy.util.test.junit.AutoTests" name="[345] /home/travis/build/icyphy/ptII/ptolemy/actor/lib/test/auto/StopSDF.xml (RunModel)" time="0.016" />
  <testcase classname="ptolemy.util.test.junit.AutoTests" name="[346] /home/travis/build/icyphy/ptII/ptolemy/actor/lib/test/auto/StringConstant.xml (RunModel)" time="0.018" />
  <testcase classname="ptolemy.util.test.junit.AutoTests" name="[347] /home/travis/build/icyphy/ptII/ptolemy/actor/lib/test/auto/SubscriberPortInitialValues1.xml (RunModel)" time="0.018" />
  <testcase classname="ptolemy.util.test.junit.AutoTests" name="[348] /home/travis/build/icyphy/ptII/ptolemy/actor/lib/test/auto/SubscriberPortInitialValues13.xml (RunModel)" time="0.028" />
  <testcase classname="ptolemy.util.test.junit.AutoTests" name="[349] /home/travis/build/icyphy/ptII/ptolemy/actor/lib/test/auto/SubscriberPortInitialValues14.xml (RunModel)" time="0.015" />
  <testcase classname="ptolemy.util.test.junit.AutoTests" name="[350] /home/travis/build/icyphy/ptII/ptolemy/actor/lib/test/auto/SubscriberPortInitialValues2.xml (RunModel)" time="0.016" />
  <testcase classname="ptolemy.util.test.junit.AutoTests" name="[351] /home/travis/build/icyphy/ptII/ptolemy/actor/lib/test/auto/SubscriberPortInitialValues3.xml (RunModel)" time="0.019" />
  <testcase classname="ptolemy.util.test.junit.AutoTests" name="[352] /home/travis/build/icyphy/ptII/ptolemy/actor/lib/test/auto/SubscriptionAggregator.xml (RunModel)" time="0.011" />
  <testcase classname="ptolemy.util.test.junit.AutoTests" name="[353] /home/travis/build/icyphy/ptII/ptolemy/actor/lib/test/auto/SubscriptionAggregator2.xml (RunModel)" time="0.011" />
  <testcase classname="ptolemy.util.test.junit.AutoTests" name="[354] /home/travis/build/icyphy/ptII/ptolemy/actor/lib/test/auto/SubscriptionAggregator3.xml (RunModel)" time="0.016" />
  <testcase classname="ptolemy.util.test.junit.AutoTests" name="[355] /home/travis/build/icyphy/ptII/ptolemy/actor/lib/test/auto/SubscriptionAggregatorMultiply.xml (RunModel)" time="0.027" />
  <testcase classname="ptolemy.util.test.junit.AutoTests" name="[356] /home/travis/build/icyphy/ptII/ptolemy/actor/lib/test/auto/SubscriptionAggregatorPortMultiply1.xml (RunModel)" time="0.015" />
  <testcase classname="ptolemy.util.test.junit.AutoTests" name="[357] /home/travis/build/icyphy/ptII/ptolemy/actor/lib/test/auto/Switch.xml (RunModel)" time="0.019" />
  <testcase classname="ptolemy.util.test.junit.AutoTests" name="[358] /home/travis/build/icyphy/ptII/ptolemy/actor/lib/test/auto/Switch2.xml (RunModel)" time="0.014" />
  <testcase classname="ptolemy.util.test.junit.AutoTests" name="[359] /home/travis/build/icyphy/ptII/ptolemy/actor/lib/test/auto/SwitchDE.xml (RunModel)" time="0.015" />
  <testcase classname="ptolemy.util.test.junit.AutoTests" name="[360] /home/travis/build/icyphy/ptII/ptolemy/actor/lib/test/auto/SynchronizerDE.xml (RunModel)" time="0.022" />
  <testcase classname="ptolemy.util.test.junit.AutoTests" name="[361] /home/travis/build/icyphy/ptII/ptolemy/actor/lib/test/auto/Test.xml (RunModel)" time="0.014" />
  <testcase classname="ptolemy.util.test.junit.AutoTests" name="[362] /home/travis/build/icyphy/ptII/ptolemy/actor/lib/test/auto/TestExceptionAttribute1.xml (RunModel)" time="0.01" />
  <testcase classname="ptolemy.util.test.junit.AutoTests" name="[363] /home/travis/build/icyphy/ptII/ptolemy/actor/lib/test/auto/TestExceptionAttribute2.xml (RunModel)" time="0.007" />
  <testcase classname="ptolemy.util.test.junit.AutoTests" name="[364] /home/travis/build/icyphy/ptII/ptolemy/actor/lib/test/auto/TestExceptionAttribute3.xml (RunModel)" time="0.011" />
  <testcase classname="ptolemy.util.test.junit.AutoTests" name="[365] /home/travis/build/icyphy/ptII/ptolemy/actor/lib/test/auto/TestExceptionAttribute4.xml (RunModel)" time="0.008" />
  <testcase classname="ptolemy.util.test.junit.AutoTests" name="[366] /home/travis/build/icyphy/ptII/ptolemy/actor/lib/test/auto/TestExceptionHandler1.xml (RunModel)" time="0.006" />
  <testcase classname="ptolemy.util.test.junit.AutoTests" name="[367] /home/travis/build/icyphy/ptII/ptolemy/actor/lib/test/auto/TestExceptionHandler2.xml (RunModel)" time="0.012" />
  <testcase classname="ptolemy.util.test.junit.AutoTests" name="[368] /home/travis/build/icyphy/ptII/ptolemy/actor/lib/test/auto/TestExceptionHandler3.xml (RunModel)" time="0.005" />
  <testcase classname="ptolemy.util.test.junit.AutoTests" name="[369] /home/travis/build/icyphy/ptII/ptolemy/actor/lib/test/auto/TestExceptionHandler4.xml (RunModel)" time="0.007" />
  <testcase classname="ptolemy.util.test.junit.AutoTests" name="[370] /home/travis/build/icyphy/ptII/ptolemy/actor/lib/test/auto/TestRequireCorrectOrder.xml (RunModel)" time="0.017" />
  <testcase classname="ptolemy.util.test.junit.AutoTests" name="[371] /home/travis/build/icyphy/ptII/ptolemy/actor/lib/test/auto/TestSimple.xml (RunModel)" time="0.013" />
  <testcase classname="ptolemy.util.test.junit.AutoTests" name="[372] /home/travis/build/icyphy/ptII/ptolemy/actor/lib/test/auto/ThrowModelError.xml (RunModel)" time="0.013" />
  <testcase classname="ptolemy.util.test.junit.AutoTests" name="[373] /home/travis/build/icyphy/ptII/ptolemy/actor/lib/test/auto/TimeDelayMicrosteps.xml (RunModel)" time="0.018" />
  <testcase classname="ptolemy.util.test.junit.AutoTests" name="[374] /home/travis/build/icyphy/ptII/ptolemy/actor/lib/test/auto/TimeDelayMicrosteps2.xml (RunModel)" time="0.016" />
  <testcase classname="ptolemy.util.test.junit.AutoTests" name="[375] /home/travis/build/icyphy/ptII/ptolemy/actor/lib/test/auto/TimeDelayMicrosteps3.xml (RunModel)" time="0.014" />
  <testcase classname="ptolemy.util.test.junit.AutoTests" name="[376] /home/travis/build/icyphy/ptII/ptolemy/actor/lib/test/auto/TimeDelayVariableMicrosteps.xml (RunModel)" time="0.014" />
  <testcase classname="ptolemy.util.test.junit.AutoTests" name="[377] /home/travis/build/icyphy/ptII/ptolemy/actor/lib/test/auto/TimeGap.xml (RunModel)" time="0.018" />
  <testcase classname="ptolemy.util.test.junit.AutoTests" name="[378] /home/travis/build/icyphy/ptII/ptolemy/actor/lib/test/auto/TimeGap2.xml (RunModel)" time="0.012" />
  <testcase classname="ptolemy.util.test.junit.AutoTests" name="[379] /home/travis/build/icyphy/ptII/ptolemy/actor/lib/test/auto/TimedSinewave.xml (RunModel)" time="0.058" />
  <testcase classname="ptolemy.util.test.junit.AutoTests" name="[380] /home/travis/build/icyphy/ptII/ptolemy/actor/lib/test/auto/TimedSinewavePhase.xml (RunModel)" time="0.047" />
  <testcase classname="ptolemy.util.test.junit.AutoTests" name="[381] /home/travis/build/icyphy/ptII/ptolemy/actor/lib/test/auto/Timer.xml (RunModel)" time="0.019" />
  <testcase classname="ptolemy.util.test.junit.AutoTests" name="[382] /home/travis/build/icyphy/ptII/ptolemy/actor/lib/test/auto/TriangularDistTestModel.xml (RunModel)" time="0.019" />
  <testcase classname="ptolemy.util.test.junit.AutoTests" name="[383] /home/travis/build/icyphy/ptII/ptolemy/actor/lib/test/auto/TrigFunction.xml (RunModel)" time="0.014" />
  <testcase classname="ptolemy.util.test.junit.AutoTests" name="[384] /home/travis/build/icyphy/ptII/ptolemy/actor/lib/test/auto/TrigFunctionDE.xml (RunModel)" time="0.012" />
  <testcase classname="ptolemy.util.test.junit.AutoTests" name="[385] /home/travis/build/icyphy/ptII/ptolemy/actor/lib/test/auto/TrigFunctionInverse.xml (RunModel)" time="0.01" />
  <testcase classname="ptolemy.util.test.junit.AutoTests" name="[386] /home/travis/build/icyphy/ptII/ptolemy/actor/lib/test/auto/TrigFunctionTan.xml (RunModel)" time="0.015" />
  <testcase classname="ptolemy.util.test.junit.AutoTests" name="[387] /home/travis/build/icyphy/ptII/ptolemy/actor/lib/test/auto/TriggeredClock.xml (RunModel)" time="0.01" />
  <testcase classname="ptolemy.util.test.junit.AutoTests" name="[388] /home/travis/build/icyphy/ptII/ptolemy/actor/lib/test/auto/URLDirectoryReader.xml (RunModel)" time="0.137" />
  <testcase classname="ptolemy.util.test.junit.AutoTests" name="[389] /home/travis/build/icyphy/ptII/ptolemy/actor/lib/test/auto/URLDirectoryReader3.xml (RunModel)" time="1.701" />
  <testcase classname="ptolemy.util.test.junit.AutoTests" name="[390] /home/travis/build/icyphy/ptII/ptolemy/actor/lib/test/auto/UnaryMathFunction.xml (RunModel)" time="0.037" />
  <testcase classname="ptolemy.util.test.junit.AutoTests" name="[391] /home/travis/build/icyphy/ptII/ptolemy/actor/lib/test/auto/Uniform.xml (RunModel)" time="0.014" />
  <testcase classname="ptolemy.util.test.junit.AutoTests" name="[392] /home/travis/build/icyphy/ptII/ptolemy/actor/lib/test/auto/UnionDisassemblerTest.xml (RunModel)" time="0.01" />
  <testcase classname="ptolemy.util.test.junit.AutoTests" name="[393] /home/travis/build/icyphy/ptII/ptolemy/actor/lib/test/auto/UtilityFunctions.xml (RunModel)" time="0.015" />
  <testcase classname="ptolemy.util.test.junit.AutoTests" name="[394] /home/travis/build/icyphy/ptII/ptolemy/actor/lib/test/auto/VariableSleep.xml (RunModel)" time="0.513" />
  <testcase classname="ptolemy.util.test.junit.AutoTests" name="[395] /home/travis/build/icyphy/ptII/ptolemy/actor/lib/test/auto/VectorAssemblerDisassemblerCT.xml (RunModel)" time="0.108" />
  <testcase classname="ptolemy.util.test.junit.AutoTests" name="[396] /home/travis/build/icyphy/ptII/ptolemy/actor/lib/test/auto/VectorAssemblerDisassemblerDE.xml (RunModel)" time="0.018" />
  <testcase classname="ptolemy.util.test.junit.AutoTests" name="[397] /home/travis/build/icyphy/ptII/ptolemy/actor/lib/test/auto/VectorAssemblerDisassemblerSDF.xml (RunModel)" time="0.014" />
  <testcase classname="ptolemy.util.test.junit.AutoTests" name="[398] /home/travis/build/icyphy/ptII/ptolemy/actor/lib/test/auto/WallClockTime.xml (RunModel)" time="1.015" />
  <testcase classname="ptolemy.util.test.junit.AutoTests" name="[399] /home/travis/build/icyphy/ptII/ptolemy/actor/lib/test/auto/WidthTestWithSubscriberPublisher.xml (RunModel)" time="0.05" />
  <testcase classname="ptolemy.util.test.junit.AutoTests" name="[400] /home/travis/build/icyphy/ptII/ptolemy/actor/lib/test/auto/WidthTestWithSubscriberPublisher2.xml (RunModel)" time="0.017" />
  <testcase classname="ptolemy.util.test.junit.AutoTests" name="[401] /home/travis/build/icyphy/ptII/ptolemy/actor/lib/test/auto/WidthTestWithSubscriberPublisher3.xml (RunModel)" time="0.01" />
  <testcase classname="ptolemy.util.test.junit.AutoTests" name="[402] /home/travis/build/icyphy/ptII/ptolemy/actor/lib/test/auto/Writer.xml (RunModel)" time="0.008" />
  <testcase classname="ptolemy.util.test.junit.AutoTests" name="[403] /home/travis/build/icyphy/ptII/ptolemy/actor/lib/test/auto/array.xml (RunModel)" time="0.009" />
  <testcase classname="ptolemy.util.test.junit.AutoTests" name="[404] /home/travis/build/icyphy/ptII/ptolemy/actor/lib/test/auto/array2.xml (RunModel)" time="0.009" />
  <testcase classname="ptolemy.util.test.junit.AutoTests" name="[405] /home/travis/build/icyphy/ptII/ptolemy/actor/lib/test/auto/arrayType.xml (RunModel)" time="0.011" />
  <testcase classname="ptolemy.util.test.junit.AutoTests" name="[406] /home/travis/build/icyphy/ptII/ptolemy/actor/lib/test/auto/arrayType10.xml (RunModel)" time="0.013" />
  <testcase classname="ptolemy.util.test.junit.AutoTests" name="[407] /home/travis/build/icyphy/ptII/ptolemy/actor/lib/test/auto/arrayType11.xml (RunModel)" time="0.009" />
  <testcase classname="ptolemy.util.test.junit.AutoTests" name="[408] /home/travis/build/icyphy/ptII/ptolemy/actor/lib/test/auto/arrayType12.xml (RunModel)" time="0.009" />
  <testcase classname="ptolemy.util.test.junit.AutoTests" name="[409] /home/travis/build/icyphy/ptII/ptolemy/actor/lib/test/auto/arrayType13.xml (RunModel)" time="0.009" />
  <testcase classname="ptolemy.util.test.junit.AutoTests" name="[410] /home/travis/build/icyphy/ptII/ptolemy/actor/lib/test/auto/arrayType14.xml (RunModel)" time="0.009" />
  <testcase classname="ptolemy.util.test.junit.AutoTests" name="[411] /home/travis/build/icyphy/ptII/ptolemy/actor/lib/test/auto/arrayType15.xml (RunModel)" time="0.01" />
  <testcase classname="ptolemy.util.test.junit.AutoTests" name="[412] /home/travis/build/icyphy/ptII/ptolemy/actor/lib/test/auto/arrayType16.xml (RunModel)" time="0.008" />
  <testcase classname="ptolemy.util.test.junit.AutoTests" name="[413] /home/travis/build/icyphy/ptII/ptolemy/actor/lib/test/auto/arrayType17.xml (RunModel)" time="0.008" />
  <testcase classname="ptolemy.util.test.junit.AutoTests" name="[414] /home/travis/build/icyphy/ptII/ptolemy/actor/lib/test/auto/arrayType18.xml (RunModel)" time="0.008" />
  <testcase classname="ptolemy.util.test.junit.AutoTests" name="[415] /home/travis/build/icyphy/ptII/ptolemy/actor/lib/test/auto/arrayType19.xml (RunModel)" time="0.007" />
  <testcase classname="ptolemy.util.test.junit.AutoTests" name="[416] /home/travis/build/icyphy/ptII/ptolemy/actor/lib/test/auto/arrayType2.xml (RunModel)" time="0.008" />
  <testcase classname="ptolemy.util.test.junit.AutoTests" name="[417] /home/travis/build/icyphy/ptII/ptolemy/actor/lib/test/auto/arrayType20.xml (RunModel)" time="0.008" />
  <testcase classname="ptolemy.util.test.junit.AutoTests" name="[418] /home/travis/build/icyphy/ptII/ptolemy/actor/lib/test/auto/arrayType21.xml (RunModel)" time="0.008" />
  <testcase classname="ptolemy.util.test.junit.AutoTests" name="[419] /home/travis/build/icyphy/ptII/ptolemy/actor/lib/test/auto/arrayType22.xml (RunModel)" time="0.009" />
  <testcase classname="ptolemy.util.test.junit.AutoTests" name="[420] /home/travis/build/icyphy/ptII/ptolemy/actor/lib/test/auto/arrayType23.xml (RunModel)" time="0.008" />
  <testcase classname="ptolemy.util.test.junit.AutoTests" name="[421] /home/travis/build/icyphy/ptII/ptolemy/actor/lib/test/auto/arrayType24.xml (RunModel)" time="0.008" />
  <testcase classname="ptolemy.util.test.junit.AutoTests" name="[422] /home/travis/build/icyphy/ptII/ptolemy/actor/lib/test/auto/arrayType25.xml (RunModel)" time="0.008" />
  <testcase classname="ptolemy.util.test.junit.AutoTests" name="[423] /home/travis/build/icyphy/ptII/ptolemy/actor/lib/test/auto/arrayType26.xml (RunModel)" time="0.009" />
  <testcase classname="ptolemy.util.test.junit.AutoTests" name="[424] /home/travis/build/icyphy/ptII/ptolemy/actor/lib/test/auto/arrayType27.xml (RunModel)" time="0.009" />
  <testcase classname="ptolemy.util.test.junit.AutoTests" name="[425] /home/travis/build/icyphy/ptII/ptolemy/actor/lib/test/auto/arrayType28.xml (RunModel)" time="0.009" />
  <testcase classname="ptolemy.util.test.junit.AutoTests" name="[426] /home/travis/build/icyphy/ptII/ptolemy/actor/lib/test/auto/arrayType3.xml (RunModel)" time="0.008" />
  <testcase classname="ptolemy.util.test.junit.AutoTests" name="[427] /home/travis/build/icyphy/ptII/ptolemy/actor/lib/test/auto/arrayType4.xml (RunModel)" time="0.009" />
  <testcase classname="ptolemy.util.test.junit.AutoTests" name="[428] /home/travis/build/icyphy/ptII/ptolemy/actor/lib/test/auto/arrayType5.xml (RunModel)" time="0.008" />
  <testcase classname="ptolemy.util.test.junit.AutoTests" name="[429] /home/travis/build/icyphy/ptII/ptolemy/actor/lib/test/auto/arrayType6.xml (RunModel)" time="0.008" />
  <testcase classname="ptolemy.util.test.junit.AutoTests" name="[430] /home/travis/build/icyphy/ptII/ptolemy/actor/lib/test/auto/arrayType7.xml (RunModel)" time="0.008" />
  <testcase classname="ptolemy.util.test.junit.AutoTests" name="[431] /home/travis/build/icyphy/ptII/ptolemy/actor/lib/test/auto/arrayType8.xml (RunModel)" time="0.01" />
  <testcase classname="ptolemy.util.test.junit.AutoTests" name="[432] /home/travis/build/icyphy/ptII/ptolemy/actor/lib/test/auto/arrayType9.xml (RunModel)" time="0.013" />
  <testcase classname="ptolemy.util.test.junit.AutoTests" name="[433] /home/travis/build/icyphy/ptII/ptolemy/actor/lib/test/auto/cast.xml (RunModel)" time="0.009" />
  <testcase classname="ptolemy.util.test.junit.AutoTests" name="[434] /home/travis/build/icyphy/ptII/ptolemy/actor/lib/test/auto/compositeMultiPort.xml (RunModel)" time="0.017" />
  <testcase classname="ptolemy.util.test.junit.AutoTests" name="[435] /home/travis/build/icyphy/ptII/ptolemy/actor/lib/test/auto/expressionCastInference.xml (RunModel)" time="0.013" />
  <testcase classname="ptolemy.util.test.junit.AutoTests" name="[436] /home/travis/build/icyphy/ptII/ptolemy/actor/lib/test/auto/expressionCastInference2.xml (RunModel)" time="0.015" />
  <testcase classname="ptolemy.util.test.junit.AutoTests" name="[437] /home/travis/build/icyphy/ptII/ptolemy/actor/lib/test/auto/expressionInference.xml (RunModel)" time="0.008" />
  <testcase classname="ptolemy.util.test.junit.AutoTests" name="[438] /home/travis/build/icyphy/ptII/ptolemy/actor/lib/test/auto/expression_bug.xml (RunModel)" time="0.059" />
  <testcase classname="ptolemy.util.test.junit.AutoTests" name="[439] /home/travis/build/icyphy/ptII/ptolemy/actor/lib/test/auto/factorial.xml (RunModel)" time="0.098" />
  <testcase classname="ptolemy.util.test.junit.AutoTests" name="[440] /home/travis/build/icyphy/ptII/ptolemy/actor/lib/test/auto/filterTest1.xml (RunModel)" time="0.042" />
  <testcase classname="ptolemy.util.test.junit.AutoTests" name="[441] /home/travis/build/icyphy/ptII/ptolemy/actor/lib/test/auto/funcApplyInConst.xml (RunModel)" time="0.061" />
  <testcase classname="ptolemy.util.test.junit.AutoTests" name="[442] /home/travis/build/icyphy/ptII/ptolemy/actor/lib/test/auto/funcApplyInExpr.xml (RunModel)" time="0.03" />
  <testcase classname="ptolemy.util.test.junit.AutoTests" name="[443] /home/travis/build/icyphy/ptII/ptolemy/actor/lib/test/auto/function.xml (RunModel)" time="0.036" />
  <testcase classname="ptolemy.util.test.junit.AutoTests" name="[444] /home/travis/build/icyphy/ptII/ptolemy/actor/lib/test/auto/function2.xml (RunModel)" time="0.022" />
  <testcase classname="ptolemy.util.test.junit.AutoTests" name="[445] /home/travis/build/icyphy/ptII/ptolemy/actor/lib/test/auto/function3.xml (RunModel)" time="0.007" />
  <testcase classname="ptolemy.util.test.junit.AutoTests" name="[446] /home/travis/build/icyphy/ptII/ptolemy/actor/lib/test/auto/functionClosureTest1.xml (RunModel)" time="0.009" />
  <testcase classname="ptolemy.util.test.junit.AutoTests" name="[447] /home/travis/build/icyphy/ptII/ptolemy/actor/lib/test/auto/functionClosureTest2.xml (RunModel)" time="0.008" />
  <testcase classname="ptolemy.util.test.junit.AutoTests" name="[448] /home/travis/build/icyphy/ptII/ptolemy/actor/lib/test/auto/functionClosureTest3.xml (RunModel)" time="0.011" />
  <testcase classname="ptolemy.util.test.junit.AutoTests" name="[449] /home/travis/build/icyphy/ptII/ptolemy/actor/lib/test/auto/functionClosureTest4.xml (RunModel)" time="0.017" />
  <testcase classname="ptolemy.util.test.junit.AutoTests" name="[450] /home/travis/build/icyphy/ptII/ptolemy/actor/lib/test/auto/functionClosureTest5.xml (RunModel)" time="0.014" />
  <testcase classname="ptolemy.util.test.junit.AutoTests" name="[451] /home/travis/build/icyphy/ptII/ptolemy/actor/lib/test/auto/functionClosureTest6.xml (RunModel)" time="0.01" />
  <testcase classname="ptolemy.util.test.junit.AutoTests" name="[452] /home/travis/build/icyphy/ptII/ptolemy/actor/lib/test/auto/functionsOnArcs.xml (RunModel)" time="0.012" />
  <testcase classname="ptolemy.util.test.junit.AutoTests" name="[453] /home/travis/build/icyphy/ptII/ptolemy/actor/lib/test/auto/functionsOnArcsHOF.xml (RunModel)" time="0.014" />
  <testcase classname="ptolemy.util.test.junit.AutoTests" name="[454] /home/travis/build/icyphy/ptII/ptolemy/actor/lib/test/auto/logic.xml (RunModel)" time="0.021" />
  <testcase classname="ptolemy.util.test.junit.AutoTests" name="[455] /home/travis/build/icyphy/ptII/ptolemy/actor/lib/test/auto/matrixType.xml (RunModel)" time="0.01" />
  <testcase classname="ptolemy.util.test.junit.AutoTests" name="[456] /home/travis/build/icyphy/ptII/ptolemy/actor/lib/test/auto/matrixType10.xml (RunModel)" time="0.01" />
  <testcase classname="ptolemy.util.test.junit.AutoTests" name="[457] /home/travis/build/icyphy/ptII/ptolemy/actor/lib/test/auto/matrixType11.xml (RunModel)" time="0.009" />
  <testcase classname="ptolemy.util.test.junit.AutoTests" name="[458] /home/travis/build/icyphy/ptII/ptolemy/actor/lib/test/auto/matrixType12.xml (RunModel)" time="0.014" />
  <testcase classname="ptolemy.util.test.junit.AutoTests" name="[459] /home/travis/build/icyphy/ptII/ptolemy/actor/lib/test/auto/matrixType13.xml (RunModel)" time="0.01" />
  <testcase classname="ptolemy.util.test.junit.AutoTests" name="[460] /home/travis/build/icyphy/ptII/ptolemy/actor/lib/test/auto/matrixType14.xml (RunModel)" time="0.011" />
  <testcase classname="ptolemy.util.test.junit.AutoTests" name="[461] /home/travis/build/icyphy/ptII/ptolemy/actor/lib/test/auto/matrixType2.xml (RunModel)" time="0.01" />
  <testcase classname="ptolemy.util.test.junit.AutoTests" name="[462] /home/travis/build/icyphy/ptII/ptolemy/actor/lib/test/auto/matrixType3.xml (RunModel)" time="0.011" />
  <testcase classname="ptolemy.util.test.junit.AutoTests" name="[463] /home/travis/build/icyphy/ptII/ptolemy/actor/lib/test/auto/matrixType4.xml (RunModel)" time="0.01" />
  <testcase classname="ptolemy.util.test.junit.AutoTests" name="[464] /home/travis/build/icyphy/ptII/ptolemy/actor/lib/test/auto/matrixType5.xml (RunModel)" time="0.009" />
  <testcase classname="ptolemy.util.test.junit.AutoTests" name="[465] /home/travis/build/icyphy/ptII/ptolemy/actor/lib/test/auto/matrixType6.xml (RunModel)" time="0.009" />
  <testcase classname="ptolemy.util.test.junit.AutoTests" name="[466] /home/travis/build/icyphy/ptII/ptolemy/actor/lib/test/auto/matrixType7.xml (RunModel)" time="0.009" />
  <testcase classname="ptolemy.util.test.junit.AutoTests" name="[467] /home/travis/build/icyphy/ptII/ptolemy/actor/lib/test/auto/matrixType8.xml (RunModel)" time="0.01" />
  <testcase classname="ptolemy.util.test.junit.AutoTests" name="[468] /home/travis/build/icyphy/ptII/ptolemy/actor/lib/test/auto/matrixType9.xml (RunModel)" time="0.009" />
  <testcase classname="ptolemy.util.test.junit.AutoTests" name="[469] /home/travis/build/icyphy/ptII/ptolemy/actor/lib/test/auto/paraFunctest.xml (RunModel)" time="0.008" />
  <testcase classname="ptolemy.util.test.junit.AutoTests" name="[470] /home/travis/build/icyphy/ptII/ptolemy/actor/lib/test/auto/paraFunctest2.xml (RunModel)" time="0.01" />
  <testcase classname="ptolemy.util.test.junit.AutoTests" name="[471] /home/travis/build/icyphy/ptII/ptolemy/actor/lib/test/auto/parameterPassing.xml (RunModel)" time="0.014" />
  <testcase classname="ptolemy.util.test.junit.AutoTests" name="[472] /home/travis/build/icyphy/ptII/ptolemy/actor/lib/test/auto/record.xml (RunModel)" time="0.012" />
  <testcase classname="ptolemy.util.test.junit.AutoTests" name="[473] /home/travis/build/icyphy/ptII/ptolemy/actor/lib/test/auto/sizedarray1.xml (RunModel)" time="0.011" />
  <testcase classname="ptolemy.util.test.junit.AutoTests" name="[474] /home/travis/build/icyphy/ptII/ptolemy/actor/lib/test/auto/sizedarray2.xml (RunModel)" time="0.012" />
  <testcase classname="ptolemy.util.test.junit.AutoTests" name="[475] /home/travis/build/icyphy/ptII/ptolemy/actor/lib/test/auto/twoPublishers.xml (RunModel)" time="0.025" />
  <system-out><![CDATA[/home/travis/build/icyphy/ptII/ptolemy/actor/lib/test/AbsoluteValue.tcl
testDefs.tcl: setting time out to 9000 seconds at Thu Sep 12 05:44:11 UTC 2019
91 ms. Memory: 120832K Free: 85960K (71%)
5 ms. Memory: 120832K Free: 84415K (70%)
6 ms. Memory: 120832K Free: 83398K (69%)
5 ms. Memory: 120832K Free: 82888K (69%)
/home/travis/build/icyphy/ptII/ptolemy/actor/lib/test/AddSubtract.tcl
23 ms. Memory: 120832K Free: 80840K (67%)
23 ms. Memory: 120832K Free: 79816K (66%)
15 ms. Memory: 120832K Free: 79302K (66%)
20 ms. Memory: 120832K Free: 78263K (65%)
84 ms. Memory: 120832K Free: 75720K (63%)
12 ms. Memory: 120832K Free: 74696K (62%)
/home/travis/build/icyphy/ptII/ptolemy/actor/lib/test/Average.tcl
23 ms. Memory: 120832K Free: 73143K (61%)
25 ms. Memory: 120832K Free: 71624K (59%)
/home/travis/build/icyphy/ptII/ptolemy/actor/lib/test/Bernoulli.tcl
5 ms. Memory: 120832K Free: 70071K (58%)
3 ms. Memory: 120832K Free: 70071K (58%)
/home/travis/build/icyphy/ptII/ptolemy/actor/lib/test/Clock.tcl
preinitializing
resolving types
initializing
executing number 1
wrapping up
idle
51 ms. Memory: 120832K Free: 67014K (55%)
Completed execution with 5 iterations
preinitializing
resolving types
initializing
executing number 1
wrapping up
idle
11 ms. Memory: 120832K Free: 66504K (55%)
Completed execution with 5 iterations
preinitializing
resolving types
initializing
executing number 1
wrapping up
idle
12 ms. Memory: 120832K Free: 65990K (55%)
Completed execution with 5 iterations
/home/travis/build/icyphy/ptII/ptolemy/actor/lib/test/Commutator.tcl
15 ms. Memory: 120832K Free: 63942K (53%)
21 ms. Memory: 120832K Free: 62903K (52%)
22 ms. Memory: 120832K Free: 57288K (47%)
/home/travis/build/icyphy/ptII/ptolemy/actor/lib/test/Const.tcl
11 ms. Memory: 120832K Free: 55735K (46%)
5 ms. Memory: 120832K Free: 55240K (46%)
5 ms. Memory: 120832K Free: 54726K (45%)
11 ms. Memory: 120832K Free: 54216K (45%)
7 ms. Memory: 120832K Free: 53192K (44%)
23 ms. Memory: 120832K Free: 51654K (43%)
11 ms. Memory: 120832K Free: 50615K (42%)
9 ms. Memory: 120832K Free: 49606K (41%)
/home/travis/build/icyphy/ptII/ptolemy/actor/lib/test/CurrentTime.tcl
preinitializing
resolving types
initializing
executing number 1
wrapping up
idle
20 ms. Memory: 120832K Free: 48072K (40%)
Completed execution with 11 iterations
/home/travis/build/icyphy/ptII/ptolemy/actor/lib/test/DB.tcl
18 ms. Memory: 120832K Free: 46024K (38%)
28 ms. Memory: 120832K Free: 107360K (89%)
11 ms. Memory: 120832K Free: 106850K (88%)
/home/travis/build/icyphy/ptII/ptolemy/actor/lib/test/DiscreteRandomSource.tcl
preinitializing
resolving types
initializing
executing number 1
wrapping up
idle
7 ms. Memory: 120832K Free: 105826K (88%)
Completed execution with 4 iterations
preinitializing
resolving types
initializing
executing number 1
wrapping up
idle
4 ms. Memory: 120832K Free: 105305K (87%)
Completed execution with 4 iterations
preinitializing
resolving types
initializing
executing number 1
wrapping up
idle
6 ms. Memory: 120832K Free: 104800K (87%)
Completed execution with 4 iterations
preinitializing
resolving types
initializing
executing number 1
wrapping up
idle
6 ms. Memory: 120832K Free: 104271K (86%)
Completed execution with 4 iterations
preinitializing
resolving types
initializing
executing number 1
wrapping up
idle
11 ms. Memory: 120832K Free: 103778K (86%)
Completed execution with 4 iterations
/home/travis/build/icyphy/ptII/ptolemy/actor/lib/test/Distributor.tcl
10 ms. Memory: 120832K Free: 102209K (85%)
6 ms. Memory: 120832K Free: 101730K (84%)
StreamChangeRequest.changeExecuted(): <deleteEntity name="rec2"/> succeeded
StreamChangeRequest.changeExecuted(): <deleteRelation name="r2"/> succeeded
StreamChangeRequest.changeExecuted(): Record firings per iteration succeeded
5 ms. Memory: 120832K Free: 99161K (82%)
/home/travis/build/icyphy/ptII/ptolemy/actor/lib/test/Exit.tcl
Exit.tcl: this will print a message about Manager.exitAfterWrapup, which can be ignored.
9 ms. Memory: 120832K Free: 96034K (79%)
/home/travis/build/icyphy/ptII/ptolemy/actor/lib/test/Expression.tcl
14 ms. Memory: 120832K Free: 104553K (87%)
4 ms. Memory: 120832K Free: 104032K (86%)
2 ms. Memory: 120832K Free: 103008K (85%)
preinitializing
resolving types
initializing
executing number 1
wrapping up
idle
5 ms. Memory: 120832K Free: 101982K (84%)
Completed execution with 6 iterations
3 ms. Memory: 120832K Free: 100953K (84%)
3 ms. Memory: 120832K Free: 99936K (83%)
5 ms. Memory: 120832K Free: 98912K (82%)
4 ms. Memory: 120832K Free: 97889K (81%)
4 ms. Memory: 120832K Free: 96361K (80%)
/home/travis/build/icyphy/ptII/ptolemy/actor/lib/test/Gaussian.tcl
4 ms. Memory: 120832K Free: 94817K (78%)
sleeping 1 seconds: ................................................................................................................................................................................................................................................................................................................................................................................................................................................................................................................................................................................................................................................................................................................................................................................................................................................................................................................................................................................................................................................................................................................................................................................................................................................................................................................................................................................................................................................................................................................................................................................................................................................................................................................................................................................................................................................................................................................................................................................................................................................................................................................................................................................................................................................................................................................................................................................................................................................................................................................................................................................................................................................................................................................................................................................................................................................................................................................................................................................................................................................................................................................................................................................................................................................................................................................................................................................................................................................................................................................................................................................................................................................................................................................................................................................................................................................................................................................................................................................................................................................................................................................................................................................................................................................................................................................................................................................................................................................................................................................................................................................................................................................................................................................................................................................................................................................................................................................................................................................................................................................................................................................................................................................................................................................................................................................................................................................................................................................................................................................................................................................................................................................................................................................................................................................................................................................................................................................................................................................................................................................................................................................................................................................................................................................................................................................................................................................................................................................................................................................................................................................................................................................................................................................................................................................................................................................................................................................................................................................................................................................................................................................................................................................................................................................................................................................................................................................................................................................................................................................................................................................................................................................................................................................................................................................................................................................................................................................................................................................................................................................................................................................................................................................................................................................................................................................................................................................................................................................................................................................................................................................................................................................................................................................................................................................................................................................................................................................................................................................................................................................................................................................................................................................................................................................................................................................................................................................................................................................................................................................................................................................................................................................................................................................................................................................................................................................................................................................................................................................................................................................................................................................................................................................................................................................................................................................................................................................................................................................................................................................................................................................................................................................................................................................................................................................................................................................................................................................................................................................................................................................................................................................................................................................................................................................................................................................................................................................................................................................................................................................................................................................................................................................................................................................................................................................................................................................................................................................................................................................................................................................................................................................................................................................................................................................................................................................................................................................................................................................................................................................................................................................................................................................................................................................................................................................................................................................................................................................................................................................................................................................................................................................................................................................................................................................................................................................................................................................................................................................................................................................................................................................................................................................................................................................................................................................................................................................................................................................................................................................................................................................................................................................................................................................................................................................................................................................................................................................................................................................................................................................................................................................................................................................................................................................................................................................................................................................................................................................................................................................................................................................................................................................................................................................................................................................................................................................................................................................................................................................................................................................................................................................................................................................................................................................................................................................................................................................................................................................................................................................................................................................................................................................................................................................................................................................................................................................................................................................................................................................................................................................................................................................................................................................................................................................................................................................................................................................................................................................................................................................................................................................................................................................................................................................................................................................................................................................................................................................................................................................................................................................................................................................................................................................................................................................................................................................................................................................................................................................................................................................................................................................................................................................................................................................................................................................................................................................................................................................................................................................................................................................................................................................................................................................................................................................................................................................................................................................................................................................................................................................................................................................................................................................................................................................................................................................................................................................................................................................................................................................................................................................................................................................................................................................................................................................................................................................................................................................................................................................................................................................................................................................................................................................................................................................................................................................................................................................................................................................................................................................................................................................................................................................................................................................................................................................................................................................................................................................................................................................................................................................................................................................................................................................................................................................................................................................................................................................................................................................................................................................................................................................................................................................................................................................................................................................................................................................................................................................................................................................................................................................................................................................................................................................................................................................................................................................................................................................................................................................................................................................................................................................................................................................................................................................................................................................................................................................................................................................................................................................................................................................................................................................................................................................................................................................................................................................................................................................................................................................................................................................................................................................................................................................................................................................................................................................................................................................................................................................................................................................................................................................................................................................................................................................................................................................................................................................................................................................................................................................................................................................................................................................................................................................................................................................................................................................................................................................................................................................................................................................................................................................................................................................................................................................................................................................................................................................................................................................................................................................................................................................................................................................................................................................................................................................................................................................................................................................................................................................................................................................................................................................................................................................................................................................................................................................................................................................................................................................................................................................................................................................................................................................................................................................................................................................................................................................................................................................................................................................................................................................................................................................................................................................................................................................................................................................................................................................................................................................................................................................................................................................................................................................................................................................................................................................................................................................................................................................................................................................................................................................................................................................................................................................................................................................................................................................................................................................................................................................................................................................................................................................................................................................................................................................................................................................................................................................................................................................................................................................................................................................................................................................................................................................................................................................................................................................................................................................................................................................................................................................................................................................................................................................................................................................................................................................................................................................................................................................................................................................................................................................................................................................................................................................................................................................................................................................................................................................................................................................................................................................................................................................................................................................................................................................................................................................................................................................................................................................................................................................................................................................................................................................................................................................................................................................................................................................................................................................................................................................................................................................................................................................................................................................................................................................................................................................................................................................................................................................................................................................................................................................................................................................................................................................................................................................................................................................................................................................................................................................................................................................................................................................................................................................................................................................................................................................................................................................................................................................................................................................................................................................................................................................................................................................................................................................................................................................................................................................................................................................................................................................................................................................................................................................................................................................................................................................................................................................................................................................................................................................................................................................................................................................................................................................................................................................................................................................................................................................................................................................................................................................................................................................................................................................................................................................................................................................................................................................................................................................................................................................................................................................................................................................................................................................................................................................................................................................................................................................................................................................................................................................................................................................................................................................................................................................................................................................................................................................................................................................................................................................................................................................................................................................................................................................................................................................................................................................................................................................................................................................................................................................................................................................................................................................................................................................................................................................................................................................................................................................................................................................................................................................................................................................................................................................................................................................................................................................................................................................................................................................................................................................................................................................................................................................................................................................................................................................................................................................................................................................................................................................................................................................................................................................................................................................................................................................................................................................................................................................................................................................................................................................................................................................................................................................................................................................................................................................................................................................................................................................................................................................................................................................................................................................................................................................................................................................................................................................................................................................................................................................................................................................................................................................................................................................................................................................................................................................................................................................................................................................................................................................................................................................................................................................................................................................................................................................................................................................................................................................................................................................................................................................................................................................................................................................................................................................................................................................................................................................................................................................................................................................................................................................................................................................................................................................................................................................................................................................................................................................................................................................................................................................................................................................................................................................................................................................................................................................................................................................................................................................................................................................................................................................................................................................................................................................................................................................................................................................................................................................................................................................................................................................................................................................................................................................................................................................................................................................................................................................................................................................................................................................................................................................................................................................................................................................................................................................................................................................................................................................................................................................................................................................................................................................................................................................................................................................................................................................................................................................................................................................................................................................................................................................................................................................................................................................................................................................................................................................................................................................................................................................................................................................................................................................................................................................................................................................................................................................................................................................................................................................................................................................................................................................................................................................................................................................................................................................................................................................................................................................................................................................................................................................................................................................................................................................................................................................................................................................................................................................................................................................................................................................................................................................................................................................................................................................................................................................................................................................................................................................................................................................................................................................................................................................................................................................................................................................................................................................................................................................................................................................................................................................................................................................................................................................................................................................................................................................................................................................................................................................................................................................................................................................................................................................................................................................................................................................................................................................................................................................................................................................................................................................................................................................................................................................................................................................................................................................................................................................................................................................................................................................................................................................................................................................................................................................................................................................................................................................................................................................................................................................................................................................................................................................................................................................................................................................................................................................................................................................................................................................................................................................................................................................................................................................................................................................................................................................................................................................................................................................................................................................................................................................................................................................................................................................................................................................................................................................................................................................................................................................................................................................................................................................................................................................................................................................................................................................................................................................................................................................................................................................................................................................................................................................................................................................................................................................................................................................................................................................................................2 ms. Memory: 120832K Free: 55880K (46%)
3 ms. Memory: 120832K Free: 54862K (45%)
2 ms. Memory: 120832K Free: 54352K (45%)
2 ms. Memory: 120832K Free: 53832K (45%)
4 ms. Memory: 120832K Free: 52800K (44%)
/home/travis/build/icyphy/ptII/ptolemy/actor/lib/test/IIR.tcl
/home/travis/build/icyphy/ptII/ptolemy/actor/lib/test/Interpolator.tcl
4 ms. Memory: 120832K Free: 49232K (41%)
10 ms. Memory: 120832K Free: 105912K (88%)
3 ms. Memory: 120832K Free: 105414K (87%)
2 ms. Memory: 120832K Free: 104886K (87%)
7 ms. Memory: 120832K Free: 103878K (86%)
6 ms. Memory: 120832K Free: 103368K (86%)
10 ms. Memory: 120832K Free: 102344K (85%)
3 ms. Memory: 120832K Free: 101320K (84%)
3 ms. Memory: 120832K Free: 100296K (83%)
3 ms. Memory: 120832K Free: 99272K (82%)
/home/travis/build/icyphy/ptII/ptolemy/actor/lib/test/MathFunction.tcl
19 ms. Memory: 120832K Free: 97224K (80%)
9 ms. Memory: 120832K Free: 96200K (80%)
3 ms. Memory: 120832K Free: 95176K (79%)
5 ms. Memory: 120832K Free: 94662K (78%)
12 ms. Memory: 120832K Free: 93128K (77%)
10 ms. Memory: 120832K Free: 91080K (75%)
/home/travis/build/icyphy/ptII/ptolemy/actor/lib/test/Maximum.tcl
7 ms. Memory: 120832K Free: 89528K (74%)
8 ms. Memory: 120832K Free: 88518K (73%)
7 ms. Memory: 120832K Free: 88008K (73%)
11 ms. Memory: 120832K Free: 87494K (72%)
/home/travis/build/icyphy/ptII/ptolemy/actor/lib/test/Minimum.tcl
8 ms. Memory: 120832K Free: 85446K (71%)
5 ms. Memory: 120832K Free: 84936K (70%)
6 ms. Memory: 120832K Free: 84422K (70%)
5 ms. Memory: 120832K Free: 83398K (69%)
/home/travis/build/icyphy/ptII/ptolemy/actor/lib/test/MultiplyDivide.tcl
12 ms. Memory: 120832K Free: 81864K (68%)
6 ms. Memory: 120832K Free: 80840K (67%)
12 ms. Memory: 120832K Free: 80312K (66%)
4 ms. Memory: 120832K Free: 79288K (66%)
9 ms. Memory: 120832K Free: 78792K (65%)
/home/travis/build/icyphy/ptII/ptolemy/actor/lib/test/OrderedMerge.tcl
Connections changed on port: inputA
Connections changed on port: inputB
Connections changed on port: output
Connections changed on port: output
Connections changed on port: output
Connections changed on port: input
.top. Preinitializing ...
Invoking preinitialize():  .top.OrderedMerge
Called preinitialize()
Invoking preinitialize():  .top.Ramp
Called preinitialize()
Invoking preinitialize():  .top.Ramp2
Called preinitialize()
Invoking preinitialize():  .top.Test
Called preinitialize()
Connections changed on port: inputA
Connections changed on port: output
Connections changed on port: output
Connections changed on port: input
Connections changed on port: inputB
Connections changed on port: output
.top. Finished preinitialize().
Called initialize().
Invoking initialize():  .top.OrderedMerge
Initializing actor: .top.OrderedMerge
Adding a thread: .top.OrderedMerge
Invoking initialize():  .top.Ramp
Initializing actor: .top.Ramp
Adding a thread: .top.Ramp
Invoking initialize():  .top.Ramp2
Initializing actor: .top.Ramp2
Adding a thread: .top.Ramp2
Invoking initialize():  .top.Test
Initializing actor: .top.Test
Adding a thread: .top.Test
-- Starting thread.
Called initialize()
Called prefire()
Called fire()
Called fire().
Checking for deadlock:
-- Starting thread.
Called initialize()
-- Starting thread.
Called initialize()
Called prefire()
Called fire()
-- Starting thread.
Called initialize()
Called prefire()
Called prefire()
Called fire()
There are 1 Blocked actors, 0 Stopped actors, and 4 active threads.
Called fire()
Waiting for actors to stop.
Called postfire()
Called prefire()
Called fire()
Called postfire()
Called prefire()
Called fire()
Read input token from inputA with value 0.0
Checking for deadlock:
There are 2 Blocked actors, 0 Stopped actors, and 4 active threads.
Waiting for actors to stop.
Called postfire()
Called prefire()
Called fire()
Next port to read input from is inputB
Called postfire()
Called prefire()
Called fire()
Read input token from inputB with value 0.0
Sent output token with value 0.0
Next port to read input from is inputA
Called postfire()
Called prefire()
Called fire()
Read input token from inputA with value 1.0
Checking for deadlock:
There are 1 Blocked actors, 0 Stopped actors, and 4 active threads.
Waiting for actors to stop.
-- Read input: 0.0, which is expected to match: 0.0
Called prefire()
Called fire()
Checking for deadlock:
There are 1 Blocked actors, 0 Stopped actors, and 4 active threads.
Waiting for actors to stop.
Called postfire()
Called prefire()
Called postfire()
Called fire()
Called prefire()
Called fire()
Sent output token with value 0.0
Next port to read input from is inputB
Called postfire()
Called prefire()
Called fire()
Read input token from inputB with value 1.5
Checking for deadlock:
There are 2 Blocked actors, 0 Stopped actors, and 4 active threads.
Waiting for actors to stop.
-- Read input: 0.0, which is expected to match: 0.0
Called prefire()
Called fire()
Called postfire()
Called prefire()
Called fire()
Checking for deadlock:
There are 3 Blocked actors, 0 Stopped actors, and 4 active threads.
Waiting for actors to stop.
-- Read input: 1.0, which is expected to match: 1.0
Called prefire()
Called fire()
Sent output token with value 1.0
Next port to read input from is inputA
Called postfire()
Called prefire()
Called fire()
Read input token from inputA with value 2.0
Sent output token with value 1.5
Next port to read input from is inputB
Called postfire()
Called prefire()
Called fire()
Read input token from inputB with value 3.0
Checking for deadlock:
There are 1 Blocked actors, 0 Stopped actors, and 4 active threads.
Waiting for actors to stop.
-- Read input: 1.5, which is expected to match: 1.5
Called prefire()
Called fire()
Checking for deadlock:
There are 1 Blocked actors, 0 Stopped actors, and 4 active threads.
Waiting for actors to stop.
Called postfire()
Called prefire()
Called fire()
Called postfire()
Called prefire()
Called fire()
Sent output token with value 2.0
Next port to read input from is inputA
Called postfire()
Called prefire()
Called fire()
Read input token from inputA with value 3.0
Checking for deadlock:
There are 2 Blocked actors, 0 Stopped actors, and 4 active threads.
Waiting for actors to stop.
-- Read input: 2.0, which is expected to match: 2.0
Called prefire()
Called fire()
Checking for deadlock:
There are 2 Blocked actors, 0 Stopped actors, and 4 active threads.
Waiting for actors to stop.
-- Read input: 3.0, which is expected to match: 3.0
Called prefire()
Called fire()
Sent output token with value 3.0
Next port to read input from is inputB
Called postfire()
Called prefire()
Called fire()
Read input token from inputB with value 4.5
Sent output token with value 3.0
Next port to read input from is inputA
Called postfire()
Called prefire()
Called fire()
Read input token from inputA with value 4.0
Checking for deadlock:
There are 1 Blocked actors, 0 Stopped actors, and 4 active threads.
Waiting for actors to stop.
Called postfire()
Called prefire()
Called fire()
-- Read input: 3.0, which is expected to match: 3.0
Called prefire()
Called fire()
Checking for deadlock:
There are 2 Blocked actors, 0 Stopped actors, and 4 active threads.
Waiting for actors to stop.
-- Read input: 4.0, which is expected to match: 4.0
Called prefire()
Called fire()
Past the end of training data. Read and discard all inputs.
Called postfire()
Called prefire()
Called fire()
Called postfire()
Called prefire()
Called fire()
Sent output token with value 4.0
Next port to read input from is inputA
Called postfire()
Called prefire()
Called fire()
Read input token from inputA with value 5.0
Sent output token with value 4.5
Next port to read input from is inputB
Called postfire()
Called prefire()
Called fire()
Read input token from inputB with value 6.0
Checking for deadlock:
There are 1 Blocked actors, 0 Stopped actors, and 4 active threads.
Waiting for actors to stop.
Called postfire()
Called postfire()
Called prefire()
Called prefire()
Called fire()
Called fire()
Checking for deadlock:
There are 3 Blocked actors, 0 Stopped actors, and 4 active threads.
Waiting for actors to stop.
Called prefire()
Called fire()
Past the end of training data. Read and discard all inputs.
Sent output token with value 5.0
Next port to read input from is inputA
Called postfire()
Called prefire()
Called fire()
Read input token from inputA with value 6.0
Checking for deadlock:
There are 2 Blocked actors, 0 Stopped actors, and 4 active threads.
Waiting for actors to stop.
Called postfire()
Called prefire()
Called prefire()
Called fire()
Called fire()
Past the end of training data. Read and discard all inputs.
Checking for deadlock:
There are 3 Blocked actors, 0 Stopped actors, and 4 active threads.
Waiting for actors to stop.
Sent output token with value 6.0
Next port to read input from is inputB
Called postfire()
Called prefire()
Called fire()
Read input token from inputB with value 7.5
Checking for deadlock:
There are 2 Blocked actors, 0 Stopped actors, and 4 active threads.
Waiting for actors to stop.
Called postfire()
Called prefire()
Called fire()
Called prefire()
Called fire()
Past the end of training data. Read and discard all inputs.
Checking for deadlock:
There are 3 Blocked actors, 0 Stopped actors, and 4 active threads.
Waiting for actors to stop.
Called prefire()
Called fire()
Past the end of training data. Read and discard all inputs.
Checking for deadlock:
There are 3 Blocked actors, 0 Stopped actors, and 4 active threads.
Waiting for actors to stop.
Sent output token with value 6.0
Next port to read input from is inputA
Called postfire()
Called prefire()
Called fire()
Called postfire()
Read input token from inputA with value 7.0
Called prefire()
Called fire()
Sent output token with value 7.0
Next port to read input from is inputA
Called postfire()
Called prefire()
Called fire()
Read input token from inputA with value 8.0
Checking for deadlock:
There are 2 Blocked actors, 0 Stopped actors, and 4 active threads.
Waiting for actors to stop.
Called prefire()
Called fire()
-- Thread wrapup() called.
Past the end of training data. Read and discard all inputs.
Called wrapup()
Checking for deadlock:
There are 2 Blocked actors, 0 Stopped actors, and 4 active threads.
Waiting for actors to stop.
Thread .top.Ramp is exiting.
-- Thread stopped.
Checking for deadlock:
There are 2 Blocked actors, 0 Stopped actors, and 3 active threads.
Waiting for actors to stop.
Called prefire()
Called fire()
Past the end of training data. Read and discard all inputs.
Checking for deadlock:
There are 2 Blocked actors, 0 Stopped actors, and 3 active threads.
Waiting for actors to stop.
Sent output token with value 7.5
Next port to read input from is inputB
Called postfire()
Called prefire()
Called fire()
Called postfire()
Called prefire()
Called fire()
Checking for deadlock:
There are 2 Blocked actors, 0 Stopped actors, and 3 active threads.
Waiting for actors to stop.
Read input token from inputB with value 9.0
Called prefire()
Called fire()
Past the end of training data. Read and discard all inputs.
Checking for deadlock:
There are 2 Blocked actors, 0 Stopped actors, and 3 active threads.
Waiting for actors to stop.
Sent output token with value 8.0
Next port to read input from is inputA
Called postfire()
Called prefire()
Called fire()
Read input token from inputA with value 9.0
Called prefire()
Called fire()
Past the end of training data. Read and discard all inputs.
Checking for deadlock:
There are 2 Blocked actors, 0 Stopped actors, and 3 active threads.
Waiting for actors to stop.
Sent output token with value 9.0
Next port to read input from is inputB
Called postfire()
Called prefire()
Called fire()
Checking for deadlock:
There are 1 Blocked actors, 0 Stopped actors, and 3 active threads.
Waiting for actors to stop.
Called postfire()
Called prefire()
Called fire()
Checking for deadlock:
There are 2 Blocked actors, 0 Stopped actors, and 3 active threads.
Waiting for actors to stop.
Read input token from inputB with value 10.5
Checking for deadlock:
There are 1 Blocked actors, 0 Stopped actors, and 3 active threads.
Waiting for actors to stop.
Called prefire()
Called fire()
Past the end of training data. Read and discard all inputs.
Checking for deadlock:
There are 2 Blocked actors, 0 Stopped actors, and 3 active threads.
Waiting for actors to stop.
Sent output token with value 9.0
Next port to read input from is inputA
Called postfire()
Called prefire()
Called fire()
Checking for deadlock:
There are 3 Blocked actors, 0 Stopped actors, and 3 active threads.
Actors have stopped.
Checking for deadlock:
There are 3 Blocked actors, 0 Stopped actors, and 3 active threads.
Deadlock detected.
Resolving Deadlock
Checking for deadlock:
There are 3 Blocked actors, 0 Stopped actors, and 3 active threads.
Artificial Deadlock - increasing queue capacity.
increasing the capacity of receiver ptolemy.actor.TypedIOPort {.top.OrderedMerge.inputB} to 2
-- Thread wrapup() called.
Called wrapup()
Thread .top.Ramp2 is exiting.
-- Thread stopped.
Director: Called postfire().
Called postfire().
_stopRequested = false
_stopFireRequested = false
Returning from postfire(): true
Called fire().
Checking for deadlock:
There are 2 Blocked actors, 0 Stopped actors, and 2 active threads.
Actors have stopped.
Checking for deadlock:
There are 2 Blocked actors, 0 Stopped actors, and 2 active threads.
Deadlock detected.
Resolving Deadlock
Checking for deadlock:
There are 2 Blocked actors, 0 Stopped actors, and 2 active threads.
Deadlock detected: no processes blocked on write, but some are blocked on read.
Called postfire().
_stopRequested = false
_stopFireRequested = false
Returning from postfire(): false
Finished deactivating branches.
Called wrapup().
-- Thread wrapup() called.
Called wrapup()
Thread .top.Test is exiting.
-- Thread stopped.
-- Blocked Receiver call threw TerminateProcessException.
-- Thread wrapup() called.
Called wrapup()
Thread .top.OrderedMerge is exiting.
-- Thread stopped.
-- Blocked Receiver call threw TerminateProcessException.
73 ms. Memory: 120832K Free: 73672K (61%)
.top. Preinitializing ...
Invoking preinitialize():  .top.OrderedMerge
Called preinitialize()
Invoking preinitialize():  .top.Ramp
Called preinitialize()
Invoking preinitialize():  .top.Ramp2
Called preinitialize()
Invoking preinitialize():  .top.Test
Called preinitialize()
.top. Finished preinitialize().
Called initialize().
Invoking initialize():  .top.OrderedMerge
Initializing actor: .top.OrderedMerge
Adding a thread: .top.OrderedMerge
Invoking initialize():  .top.Ramp
Initializing actor: .top.Ramp
Adding a thread: .top.Ramp
Invoking initialize():  .top.Ramp2
Initializing actor: .top.Ramp2
Adding a thread: .top.Ramp2
Invoking initialize():  .top.Test
Initializing actor: .top.Test
Adding a thread: .top.Test
-- Starting thread.
Called initialize()
Called prefire()
Called fire()
-- Starting thread.
Called initialize()
Called prefire()
Called fire()
Called postfire()
Called prefire()
Called fire()
-- Starting thread.
Called initialize()
Called prefire()
Called fire()
Called postfire()
Called prefire()
Called fire()
Called fire().
Checking for deadlock:
There are 3 Blocked actors, 0 Stopped actors, and 4 active threads.
Waiting for actors to stop.
-- Starting thread.
Called initialize()
Called prefire()
Called fire()
Checking for deadlock:
There are 2 Blocked actors, 0 Stopped actors, and 4 active threads.
Waiting for actors to stop.
Called postfire()
Called prefire()
Called fire()
Checking for deadlock:
There are 3 Blocked actors, 0 Stopped actors, and 4 active threads.
Waiting for actors to stop.
Read input token from inputA with value 0.0
Next port to read input from is inputB
Called postfire()
Called prefire()
Called fire()
Called postfire()
Called prefire()
Called fire()
Checking for deadlock:
There are 3 Blocked actors, 0 Stopped actors, and 4 active threads.
Waiting for actors to stop.
Read input token from inputB with value 0.0
Checking for deadlock:
There are 2 Blocked actors, 0 Stopped actors, and 4 active threads.
Waiting for actors to stop.
-- Read input: 0.0, which is expected to match: 0.0
Called prefire()
Called fire()
Checking for deadlock:
There are 3 Blocked actors, 0 Stopped actors, and 4 active threads.
Waiting for actors to stop.
Sent output token with value 0.0
Next port to read input from is inputA
Called postfire()
Called prefire()
Called fire()
Checking for deadlock:
There are 2 Blocked actors, 0 Stopped actors, and 4 active threads.
Waiting for actors to stop.
Called postfire()
Called prefire()
Called fire()
Checking for deadlock:
There are 3 Blocked actors, 0 Stopped actors, and 4 active threads.
Waiting for actors to stop.
Read input token from inputA with value 1.0
Checking for deadlock:
There are 2 Blocked actors, 0 Stopped actors, and 4 active threads.
Waiting for actors to stop.
-- Read input: 0.0, which is expected to match: 0.0
Called prefire()
Called fire()
Checking for deadlock:
There are 3 Blocked actors, 0 Stopped actors, and 4 active threads.
Waiting for actors to stop.
Sent output token with value 0.0
Next port to read input from is inputB
Called postfire()
Called prefire()
Called fire()
Called postfire()
Called prefire()
Called fire()
Checking for deadlock:
There are 3 Blocked actors, 0 Stopped actors, and 4 active threads.
Waiting for actors to stop.
Read input token from inputB with value 1.5
-- Read input: 1.0, which is expected to match: 1.0
Called prefire()
Called fire()
Checking for deadlock:
There are 3 Blocked actors, 0 Stopped actors, and 4 active threads.
Waiting for actors to stop.
Sent output token with value 1.0
Next port to read input from is inputA
Called postfire()
Called prefire()
Called fire()
Checking for deadlock:
There are 2 Blocked actors, 0 Stopped actors, and 4 active threads.
Waiting for actors to stop.
Called postfire()
Called prefire()
Called fire()
Checking for deadlock:
There are 3 Blocked actors, 0 Stopped actors, and 4 active threads.
Waiting for actors to stop.
Read input token from inputA with value 2.0
Checking for deadlock:
There are 2 Blocked actors, 0 Stopped actors, and 4 active threads.
Waiting for actors to stop.
-- Read input: 1.5, which is expected to match: 1.5
Called prefire()
Called fire()
Checking for deadlock:
There are 3 Blocked actors, 0 Stopped actors, and 4 active threads.
Waiting for actors to stop.
Sent output token with value 1.5
Next port to read input from is inputB
Called postfire()
Called prefire()
Called fire()
Checking for deadlock:
There are 2 Blocked actors, 0 Stopped actors, and 4 active threads.
Waiting for actors to stop.
Called postfire()
Called prefire()
Called fire()
Checking for deadlock:
There are 3 Blocked actors, 0 Stopped actors, and 4 active threads.
Waiting for actors to stop.
Read input token from inputB with value 3.0
Checking for deadlock:
There are 2 Blocked actors, 0 Stopped actors, and 4 active threads.
Waiting for actors to stop.
-- Read input: 2.0, which is expected to match: 2.0
Called prefire()
Called fire()
Checking for deadlock:
There are 3 Blocked actors, 0 Stopped actors, and 4 active threads.
Waiting for actors to stop.
Sent output token with value 2.0
Next port to read input from is inputA
Called postfire()
Called prefire()
Called fire()
Checking for deadlock:
There are 2 Blocked actors, 0 Stopped actors, and 4 active threads.
Waiting for actors to stop.
Called postfire()
Called prefire()
Called fire()
Checking for deadlock:
There are 3 Blocked actors, 0 Stopped actors, and 4 active threads.
Waiting for actors to stop.
Read input token from inputA with value 3.0
Checking for deadlock:
There are 2 Blocked actors, 0 Stopped actors, and 4 active threads.
Waiting for actors to stop.
-- Read input: 3.0, which is expected to match: 3.0
Called prefire()
Called fire()
Checking for deadlock:
There are 3 Blocked actors, 0 Stopped actors, and 4 active threads.
Waiting for actors to stop.
Sent output token with value 3.0
Next port to read input from is inputB
Called postfire()
Called prefire()
Called fire()
Called postfire()
Called prefire()
Called fire()
Checking for deadlock:
There are 3 Blocked actors, 0 Stopped actors, and 4 active threads.
Waiting for actors to stop.
Read input token from inputB with value 4.5
-- Read input: 3.0, which is expected to match: 3.0
Called prefire()
Called fire()
Checking for deadlock:
There are 3 Blocked actors, 0 Stopped actors, and 4 active threads.
Waiting for actors to stop.
Sent output token with value 3.0
Next port to read input from is inputA
Called postfire()
Called prefire()
Called fire()
Checking for deadlock:
There are 2 Blocked actors, 0 Stopped actors, and 4 active threads.
Waiting for actors to stop.
Called postfire()
Called prefire()
Called fire()
Checking for deadlock:
There are 3 Blocked actors, 0 Stopped actors, and 4 active threads.
Waiting for actors to stop.
Read input token from inputA with value 4.0
Checking for deadlock:
There are 2 Blocked actors, 0 Stopped actors, and 4 active threads.
Waiting for actors to stop.
-- Read input: 4.0, which is expected to match: 4.0
Called prefire()
Called fire()
Past the end of training data. Read and discard all inputs.
Checking for deadlock:
There are 3 Blocked actors, 0 Stopped actors, and 4 active threads.
Waiting for actors to stop.
Sent output token with value 4.0
Next port to read input from is inputA
Called postfire()
Called prefire()
Called fire()
Checking for deadlock:
There are 2 Blocked actors, 0 Stopped actors, and 4 active threads.
Waiting for actors to stop.
Called postfire()
Called prefire()
Called fire()
Checking for deadlock:
There are 3 Blocked actors, 0 Stopped actors, and 4 active threads.
Waiting for actors to stop.
Read input token from inputA with value 5.0
Checking for deadlock:
There are 2 Blocked actors, 0 Stopped actors, and 4 active threads.
Waiting for actors to stop.
Called prefire()
Called fire()
Past the end of training data. Read and discard all inputs.
Checking for deadlock:
There are 3 Blocked actors, 0 Stopped actors, and 4 active threads.
Waiting for actors to stop.
Sent output token with value 4.5
Next port to read input from is inputB
Called postfire()
Called prefire()
Called fire()
Called postfire()
Called prefire()
Called fire()
Checking for deadlock:
There are 3 Blocked actors, 0 Stopped actors, and 4 active threads.
Waiting for actors to stop.
Read input token from inputB with value 6.0
Called prefire()
Called fire()
Past the end of training data. Read and discard all inputs.
Checking for deadlock:
There are 3 Blocked actors, 0 Stopped actors, and 4 active threads.
Waiting for actors to stop.
Sent output token with value 5.0
Next port to read input from is inputA
Called postfire()
Called prefire()
Called fire()
Checking for deadlock:
There are 2 Blocked actors, 0 Stopped actors, and 4 active threads.
Waiting for actors to stop.
Called postfire()
Called prefire()
Called fire()
Checking for deadlock:
There are 3 Blocked actors, 0 Stopped actors, and 4 active threads.
Waiting for actors to stop.
Read input token from inputA with value 6.0
Checking for deadlock:
There are 2 Blocked actors, 0 Stopped actors, and 4 active threads.
Waiting for actors to stop.
Called prefire()
Called fire()
Past the end of training data. Read and discard all inputs.
Checking for deadlock:
There are 3 Blocked actors, 0 Stopped actors, and 4 active threads.
Waiting for actors to stop.
Sent output token with value 6.0
Next port to read input from is inputB
Called postfire()
Called prefire()
Called fire()
Checking for deadlock:
There are 2 Blocked actors, 0 Stopped actors, and 4 active threads.
Waiting for actors to stop.
Called postfire()
Called prefire()
Called fire()
Checking for deadlock:
There are 3 Blocked actors, 0 Stopped actors, and 4 active threads.
Waiting for actors to stop.
Read input token from inputB with value 7.5
Checking for deadlock:
There are 2 Blocked actors, 0 Stopped actors, and 4 active threads.
Waiting for actors to stop.
Called prefire()
Called fire()
Past the end of training data. Read and discard all inputs.
Checking for deadlock:
There are 3 Blocked actors, 0 Stopped actors, and 4 active threads.
Waiting for actors to stop.
Sent output token with value 6.0
Next port to read input from is inputA
Called postfire()
Called prefire()
Called fire()
Checking for deadlock:
There are 2 Blocked actors, 0 Stopped actors, and 4 active threads.
Waiting for actors to stop.
Called postfire()
Called prefire()
Called fire()
Checking for deadlock:
There are 3 Blocked actors, 0 Stopped actors, and 4 active threads.
Waiting for actors to stop.
Read input token from inputA with value 7.0
Checking for deadlock:
There are 2 Blocked actors, 0 Stopped actors, and 4 active threads.
Waiting for actors to stop.
Called prefire()
Called fire()
Past the end of training data. Read and discard all inputs.
Checking for deadlock:
There are 3 Blocked actors, 0 Stopped actors, and 4 active threads.
Waiting for actors to stop.
Sent output token with value 7.0
Next port to read input from is inputA
Called postfire()
Called prefire()
Called fire()
Checking for deadlock:
There are 2 Blocked actors, 0 Stopped actors, and 4 active threads.
Waiting for actors to stop.
-- Thread wrapup() called.
Called wrapup()
Thread .top.Ramp is exiting.
Checking for deadlock:
There are 2 Blocked actors, 0 Stopped actors, and 3 active threads.
Waiting for actors to stop.
-- Thread stopped.
Read input token from inputA with value 8.0
Called prefire()
Called fire()
Past the end of training data. Read and discard all inputs.
Checking for deadlock:
There are 2 Blocked actors, 0 Stopped actors, and 3 active threads.
Waiting for actors to stop.
Sent output token with value 7.5
Next port to read input from is inputB
Called postfire()
Called prefire()
Called fire()
Checking for deadlock:
There are 1 Blocked actors, 0 Stopped actors, and 3 active threads.
Waiting for actors to stop.
Called postfire()
Called prefire()
Called fire()
Checking for deadlock:
There are 2 Blocked actors, 0 Stopped actors, and 3 active threads.
Waiting for actors to stop.
Read input token from inputB with value 9.0
Checking for deadlock:
There are 1 Blocked actors, 0 Stopped actors, and 3 active threads.
Waiting for actors to stop.
Called prefire()
Called fire()
Past the end of training data. Read and discard all inputs.
Checking for deadlock:
There are 2 Blocked actors, 0 Stopped actors, and 3 active threads.
Waiting for actors to stop.
Sent output token with value 8.0
Next port to read input from is inputA
Called postfire()
Called prefire()
Called fire()
Read input token from inputA with value 9.0
Called prefire()
Called fire()
Past the end of training data. Read and discard all inputs.
Checking for deadlock:
There are 2 Blocked actors, 0 Stopped actors, and 3 active threads.
Waiting for actors to stop.
Sent output token with value 9.0
Next port to read input from is inputB
Called postfire()
Called prefire()
Called fire()
Called postfire()
Called prefire()
Called fire()
Checking for deadlock:
There are 2 Blocked actors, 0 Stopped actors, and 3 active threads.
Waiting for actors to stop.
Read input token from inputB with value 10.5
Called prefire()
Called fire()
Past the end of training data. Read and discard all inputs.
Checking for deadlock:
There are 2 Blocked actors, 0 Stopped actors, and 3 active threads.
Waiting for actors to stop.
Sent output token with value 9.0
Next port to read input from is inputA
Called postfire()
Called prefire()
Called fire()
Checking for deadlock:
There are 3 Blocked actors, 0 Stopped actors, and 3 active threads.
Actors have stopped.
Checking for deadlock:
There are 3 Blocked actors, 0 Stopped actors, and 3 active threads.
Deadlock detected.
Resolving Deadlock
Checking for deadlock:
There are 3 Blocked actors, 0 Stopped actors, and 3 active threads.
Artificial Deadlock - increasing queue capacity.
increasing the capacity of receiver ptolemy.actor.TypedIOPort {.top.OrderedMerge.inputB} to 2
Director: Called postfire().
Called postfire().
_stopRequested = false
_stopFireRequested = false
Returning from postfire(): true
Called fire().
Checking for deadlock:
There are 2 Blocked actors, 0 Stopped actors, and 3 active threads.
Waiting for actors to stop.
-- Thread wrapup() called.
Called wrapup()
Thread .top.Ramp2 is exiting.
-- Thread stopped.
Checking for deadlock:
There are 2 Blocked actors, 0 Stopped actors, and 2 active threads.
Actors have stopped.
Checking for deadlock:
There are 2 Blocked actors, 0 Stopped actors, and 2 active threads.
Deadlock detected.
Resolving Deadlock
Checking for deadlock:
There are 2 Blocked actors, 0 Stopped actors, and 2 active threads.
Deadlock detected: no processes blocked on write, but some are blocked on read.
Called postfire().
_stopRequested = false
_stopFireRequested = false
Returning from postfire(): false
Finished deactivating branches.
Called wrapup().
-- Thread wrapup() called.
Called wrapup()
-- Thread wrapup() called.
Called wrapup()
Thread .top.Test is exiting.
-- Thread stopped.
-- Blocked Receiver call threw TerminateProcessException.
Thread .top.OrderedMerge is exiting.
-- Thread stopped.
-- Blocked Receiver call threw TerminateProcessException.
43 ms. Memory: 120832K Free: 71624K (59%)
/home/travis/build/icyphy/ptII/ptolemy/actor/lib/test/Publisher.tcl
35 ms. Memory: 120832K Free: 65480K (54%)
4 ms. Memory: 120832K Free: 59816K (50%)
3 ms. Memory: 120832K Free: 56264K (47%)
13 ms. Memory: 120832K Free: 55240K (46%)
20 ms. Memory: 120832K Free: 54696K (45%)
11 ms. Memory: 120832K Free: 53702K (44%)
4 ms. Memory: 120832K Free: 53192K (44%)
8 ms. Memory: 120832K Free: 52168K (43%)
32 ms. Memory: 147456K Free: 123121K (83%)
5 ms. Memory: 147456K Free: 119025K (81%)
3 ms. Memory: 147456K Free: 118515K (80%)
6 ms. Memory: 147456K Free: 116467K (79%)
8 ms. Memory: 147456K Free: 108785K (74%)
6 ms. Memory: 147456K Free: 99059K (67%)
17 ms. Memory: 147456K Free: 87795K (60%)
/home/travis/build/icyphy/ptII/ptolemy/actor/lib/test/Pulse.tcl
10 ms. Memory: 147456K Free: 121203K (82%)
2 ms. Memory: 147456K Free: 120699K (82%)
1 ms. Memory: 147456K Free: 120179K (82%)
11 ms. Memory: 147456K Free: 119675K (81%)
2 ms. Memory: 147456K Free: 119161K (81%)
17 ms. Memory: 147456K Free: 117627K (80%)
2 ms. Memory: 147456K Free: 117099K (79%)
2 ms. Memory: 147456K Free: 116075K (79%)
2 ms. Memory: 147456K Free: 115579K (78%)
/home/travis/build/icyphy/ptII/ptolemy/actor/lib/test/Ramp.tcl
3 ms. Memory: 147456K Free: 113531K (77%)
2 ms. Memory: 147456K Free: 113003K (77%)
3 ms. Memory: 147456K Free: 111979K (76%)
2 ms. Memory: 147456K Free: 111483K (76%)
5 ms. Memory: 147456K Free: 110459K (75%)
5 ms. Memory: 147456K Free: 109435K (74%)
5 ms. Memory: 147456K Free: 108907K (74%)
5 actors
5000 microseconds per iteration to create
6 ms. Memory: 147456K Free: 105849K (72%)
2 ms. Memory: 147456K Free: 105339K (71%)
2 ms. Memory: 147456K Free: 104795K (71%)
1 ms. Memory: 147456K Free: 104315K (71%)
50 actors
30000 microseconds per iteration to create
28 ms. Memory: 147456K Free: 88441K (60%)
5 ms. Memory: 147456K Free: 87403K (59%)
6 ms. Memory: 147456K Free: 86379K (59%)
6 ms. Memory: 147456K Free: 85369K (58%)
500 actors
1743000 microseconds per iteration to create
279 ms. Memory: 147456K Free: 75366K (51%)
47 ms. Memory: 147456K Free: 70260K (48%)
57 ms. Memory: 147456K Free: 65140K (44%)
45 ms. Memory: 147456K Free: 59510K (40%)
/home/travis/build/icyphy/ptII/ptolemy/actor/lib/test/RampContinuous.tcl
9 ms. Memory: 147456K Free: 57972K (39%)
/home/travis/build/icyphy/ptII/ptolemy/actor/lib/test/RecordAssembler.tcl
6 ms. Memory: 147456K Free: 56438K (38%)
4 ms. Memory: 147456K Free: 55414K (38%)
/home/travis/build/icyphy/ptII/ptolemy/actor/lib/test/RecordDisassembler.tcl
15 ms. Memory: 147456K Free: 53846K (37%)
6 ms. Memory: 147456K Free: 53366K (36%)
4 ms. Memory: 147456K Free: 51828K (35%)
/home/travis/build/icyphy/ptII/ptolemy/actor/lib/test/Scale.tcl
3 ms. Memory: 147456K Free: 50294K (34%)
2 ms. Memory: 147456K Free: 49270K (33%)
1 ms. Memory: 147456K Free: 48742K (33%)
4 ms. Memory: 147456K Free: 47718K (32%)
2 ms. Memory: 147456K Free: 46708K (32%)
/home/travis/build/icyphy/ptII/ptolemy/actor/lib/test/SequentialClock.tcl
preinitializing
34 ms. Memory: 177152K Free: 154297K (87%)
2 ms. Memory: 177152K Free: 153794K (87%)
2 ms. Memory: 177152K Free: 153280K (87%)
/home/travis/build/icyphy/ptII/ptolemy/actor/lib/test/SetVariable.tcl
4 ms. Memory: 177152K Free: 151232K (85%)


==== $PTII/ptolemy/actor/lib/test/SetVariable.tcl: SetVariable-3.1 changeFailed
==== Contents of test case:

    #Uses 2.1 above
    jdkCaptureErr {
        # This test was failing if we ran Exit.tcl and then this test.
        # MessageHandler.error() now actually throws the Exception.
	catch {$setVariable changeFailed [java::null]  [java::new Exception {Test exception for SetVariable.changeFailed()}]} errMsg
    } results
    list [string range $results 0 89] "\n" $errMsg

==== Result was:
{java.lang.Exception: Test exception for SetVariable.changeFailed()
	at java.base/jdk.inter} {
} {java.lang.RuntimeException: java.lang.Exception: Test exception for SetVariable.changeFailed()}
---- Result should have been:
{Failed to set variable.
java.lang.Exception: Test exception for SetVariable.changeFailed()} {
} {java.lang.RuntimeException: java.lang.Exception: Test exception for SetVariable.changeFailed()}
---- SetVariable-3.1 FAILED
/home/travis/build/icyphy/ptII/ptolemy/actor/lib/test/Sinewave.tcl
/home/travis/build/icyphy/ptII/ptolemy/actor/lib/test/SubscriptionAggregator.tcl
5 ms. Memory: 177152K Free: 139458K (79%)
4 ms. Memory: 177152K Free: 138434K (78%)
1 ms. Memory: 177152K Free: 137920K (78%)
1 ms. Memory: 177152K Free: 137920K (78%)
2 ms. Memory: 177152K Free: 134338K (76%)
11 ms. Memory: 177152K Free: 132290K (75%)
...............................................................1088 ms. Memory: 284672K Free: 211289K (74%)
/home/travis/build/icyphy/ptII/ptolemy/actor/lib/test/Test.tcl
 The next command will produce a warning about training mode,
   which may be ignored.
4 ms. Memory: 284672K Free: 209241K (74%)
2 ms. Memory: 284672K Free: 208727K (73%)
1 ms. Memory: 284672K Free: 208217K (73%)
2 ms. Memory: 284672K Free: 207672K (73%)
2 ms. Memory: 284672K Free: 206679K (73%)
3 ms. Memory: 284672K Free: 205648K (72%)
3 ms. Memory: 284672K Free: 204121K (72%)
 The next command will produce a warning about training mode,
   which may be ignored.
4 ms. Memory: 284672K Free: 202073K (71%)
 The next command will produce a warning about training mode,
   which may be ignored.
2 ms. Memory: 284672K Free: 200504K (70%)
1 ms. Memory: 284672K Free: 200504K (70%)
1 ms. Memory: 284672K Free: 200025K (70%)
1 ms. Memory: 284672K Free: 199504K (70%)
15 ms. Memory: 284672K Free: 198472K (70%)
3 ms. Memory: 284672K Free: 194391K (68%)
/home/travis/build/icyphy/ptII/ptolemy/actor/lib/test/TestExceptionHandler.tcl
 The next command will produce a warning about training mode,
   which may be ignored.
9 ms. Memory: 284672K Free: 193367K (68%)
1 ms. Memory: 284672K Free: 192857K (68%)
1 ms. Memory: 284672K Free: 192328K (68%)
/home/travis/build/icyphy/ptII/ptolemy/actor/lib/test/UnionDisassembler.tcl
24 ms. Memory: 284672K Free: 184665K (65%)
/home/travis/build/icyphy/ptII/ptolemy/actor/lib/test/VariableClock.tcl
preinitializing
resolving types
initializing
executing number 1
wrapping up
idle
3 ms. Memory: 284672K Free: 183120K (64%)
Completed execution with 11 iterations
preinitializing
resolving types
initializing
executing number 1
wrapping up
idle
4 ms. Memory: 284672K Free: 181593K (64%)
Completed execution with 10 iterations
09/12/19 05:44:21
Failed: 1  Total Tests: 234  ((Passed: 233, Newly Passed: 0)  Known Failed: 0) /home/travis/build/icyphy/ptII/ptolemy/actor/lib/test
----------------- testing (KnownFailure) /home/travis/build/icyphy/ptII/ptolemy/actor/lib/test/auto/knownFailedTests/PublisherPortToplevelSubscriber.xml
1 ms. Memory: 284672K Free: 178007K (63%)
Known Failure: java.lang.reflect.InvocationTargetException
----------------- testing (KnownFailure) /home/travis/build/icyphy/ptII/ptolemy/actor/lib/test/auto/knownFailedTests/PublisherSubscriberPortToplevel.xml
0 ms. Memory: 284672K Free: 173911K (61%)
Known Failure: java.lang.reflect.InvocationTargetException
----------------- testing (KnownFailure) /home/travis/build/icyphy/ptII/ptolemy/actor/lib/test/auto/knownFailedTests/PublisherSubscriptionAggregatorPort.xml
0 ms. Memory: 284672K Free: 169815K (60%)
Known Failure: java.lang.reflect.InvocationTargetException
----------------- testing (KnownFailure) /home/travis/build/icyphy/ptII/ptolemy/actor/lib/test/auto/knownFailedTests/sizedarray3.xml
7 ms. Memory: 284672K Free: 165719K (58%)
Known Failure: java.lang.reflect.InvocationTargetException
No auto/linux-amd64/*.xml tests in /home/travis/build/icyphy/ptII/ptolemy/actor/lib/test
AutoTests.java: About to close Vertx.
AutoTests.java: Vertx closed.

===========================================================================================
----------------- testing Thu Sep 12 05:44:21 UTC 2019 /home/travis/build/icyphy/ptII/ptolemy/actor/lib/test/auto/AbsoluteValue.xml
----------------- Instantiating /home/travis/build/icyphy/ptII/ptolemy/actor/lib/test/auto/AbsoluteValue.xml
4 ms. Memory: 284672K Free: 142681K (50%)
----------------- Invoking toplevel() on ptolemy.moml.MoMLSimpleApplication@21fa52c2
----------------- Done invoking toplevel() on ptolemy.moml.MoMLSimpleApplication@21fa52c2
reloadAllAccessors: .AbsoluteValue

===========================================================================================
----------------- testing Thu Sep 12 05:44:21 UTC 2019 /home/travis/build/icyphy/ptII/ptolemy/actor/lib/test/auto/AbsoluteValue2.xml
----------------- Instantiating /home/travis/build/icyphy/ptII/ptolemy/actor/lib/test/auto/AbsoluteValue2.xml
9 ms. Memory: 284672K Free: 135513K (48%)
----------------- Invoking toplevel() on ptolemy.moml.MoMLSimpleApplication@3f372beb
----------------- Done invoking toplevel() on ptolemy.moml.MoMLSimpleApplication@3f372beb
reloadAllAccessors: .AbsoluteValue2

===========================================================================================
----------------- testing Thu Sep 12 05:44:21 UTC 2019 /home/travis/build/icyphy/ptII/ptolemy/actor/lib/test/auto/Accumulator.xml
----------------- Instantiating /home/travis/build/icyphy/ptII/ptolemy/actor/lib/test/auto/Accumulator.xml
6 ms. Memory: 284672K Free: 129369K (45%)
----------------- Invoking toplevel() on ptolemy.moml.MoMLSimpleApplication@69620be8
----------------- Done invoking toplevel() on ptolemy.moml.MoMLSimpleApplication@69620be8
reloadAllAccessors: .Accumulator

===========================================================================================
----------------- testing Thu Sep 12 05:44:21 UTC 2019 /home/travis/build/icyphy/ptII/ptolemy/actor/lib/test/auto/Accumulator2.xml
----------------- Instantiating /home/travis/build/icyphy/ptII/ptolemy/actor/lib/test/auto/Accumulator2.xml
4 ms. Memory: 284672K Free: 123735K (43%)
----------------- Invoking toplevel() on ptolemy.moml.MoMLSimpleApplication@426783b7
----------------- Done invoking toplevel() on ptolemy.moml.MoMLSimpleApplication@426783b7
reloadAllAccessors: .Accumulator2

===========================================================================================
----------------- testing Thu Sep 12 05:44:21 UTC 2019 /home/travis/build/icyphy/ptII/ptolemy/actor/lib/test/auto/Accumulator3.xml
----------------- Instantiating /home/travis/build/icyphy/ptII/ptolemy/actor/lib/test/auto/Accumulator3.xml
7 ms. Memory: 284672K Free: 119639K (42%)
----------------- Invoking toplevel() on ptolemy.moml.MoMLSimpleApplication@14e24255
----------------- Done invoking toplevel() on ptolemy.moml.MoMLSimpleApplication@14e24255
reloadAllAccessors: .Accumulator3

===========================================================================================
----------------- testing Thu Sep 12 05:44:21 UTC 2019 /home/travis/build/icyphy/ptII/ptolemy/actor/lib/test/auto/ArrayAppend.xml
----------------- Instantiating /home/travis/build/icyphy/ptII/ptolemy/actor/lib/test/auto/ArrayAppend.xml
5 ms. Memory: 284672K Free: 113480K (40%)
----------------- Invoking toplevel() on ptolemy.moml.MoMLSimpleApplication@5f394b02
----------------- Done invoking toplevel() on ptolemy.moml.MoMLSimpleApplication@5f394b02
reloadAllAccessors: .ArrayAppend

===========================================================================================
----------------- testing Thu Sep 12 05:44:22 UTC 2019 /home/travis/build/icyphy/ptII/ptolemy/actor/lib/test/auto/ArrayAppend2.xml
----------------- Instantiating /home/travis/build/icyphy/ptII/ptolemy/actor/lib/test/auto/ArrayAppend2.xml
436 ms. Memory: 284672K Free: 182379K (64%)
----------------- Invoking toplevel() on ptolemy.moml.MoMLSimpleApplication@5a5e08f
----------------- Done invoking toplevel() on ptolemy.moml.MoMLSimpleApplication@5a5e08f
reloadAllAccessors: .ArrayAppend2

===========================================================================================
----------------- testing Thu Sep 12 05:44:22 UTC 2019 /home/travis/build/icyphy/ptII/ptolemy/actor/lib/test/auto/ArrayAppend3.xml
----------------- Instantiating /home/travis/build/icyphy/ptII/ptolemy/actor/lib/test/auto/ArrayAppend3.xml
9 ms. Memory: 284672K Free: 176703K (62%)
----------------- Invoking toplevel() on ptolemy.moml.MoMLSimpleApplication@695bca0d
----------------- Done invoking toplevel() on ptolemy.moml.MoMLSimpleApplication@695bca0d
reloadAllAccessors: .ArrayAppend3

===========================================================================================
----------------- testing Thu Sep 12 05:44:22 UTC 2019 /home/travis/build/icyphy/ptII/ptolemy/actor/lib/test/auto/ArrayAppend4.xml
----------------- Instantiating /home/travis/build/icyphy/ptII/ptolemy/actor/lib/test/auto/ArrayAppend4.xml
4 ms. Memory: 284672K Free: 171583K (60%)
----------------- Invoking toplevel() on ptolemy.moml.MoMLSimpleApplication@766d0f35
----------------- Done invoking toplevel() on ptolemy.moml.MoMLSimpleApplication@766d0f35
reloadAllAccessors: .ArrayAppend4

===========================================================================================
----------------- testing Thu Sep 12 05:44:22 UTC 2019 /home/travis/build/icyphy/ptII/ptolemy/actor/lib/test/auto/ArrayAppend5.xml
----------------- Instantiating /home/travis/build/icyphy/ptII/ptolemy/actor/lib/test/auto/ArrayAppend5.xml
4 ms. Memory: 284672K Free: 165953K (58%)
----------------- Invoking toplevel() on ptolemy.moml.MoMLSimpleApplication@1f355096
----------------- Done invoking toplevel() on ptolemy.moml.MoMLSimpleApplication@1f355096
reloadAllAccessors: .ArrayAppend5

===========================================================================================
----------------- testing Thu Sep 12 05:44:22 UTC 2019 /home/travis/build/icyphy/ptII/ptolemy/actor/lib/test/auto/ArrayAppend6.xml
----------------- Instantiating /home/travis/build/icyphy/ptII/ptolemy/actor/lib/test/auto/ArrayAppend6.xml
9 ms. Memory: 284672K Free: 160833K (56%)
----------------- Invoking toplevel() on ptolemy.moml.MoMLSimpleApplication@2268b0f1
----------------- Done invoking toplevel() on ptolemy.moml.MoMLSimpleApplication@2268b0f1
reloadAllAccessors: .ArrayAppend6

===========================================================================================
----------------- testing Thu Sep 12 05:44:22 UTC 2019 /home/travis/build/icyphy/ptII/ptolemy/actor/lib/test/auto/ArrayAppendPerformanceTest.xml
----------------- Instantiating /home/travis/build/icyphy/ptII/ptolemy/actor/lib/test/auto/ArrayAppendPerformanceTest.xml
28 ms. Memory: 284672K Free: 149055K (52%)
----------------- Invoking toplevel() on ptolemy.moml.MoMLSimpleApplication@a994bc4
----------------- Done invoking toplevel() on ptolemy.moml.MoMLSimpleApplication@a994bc4
reloadAllAccessors: .ArrayAppendPerformanceTest

===========================================================================================
----------------- testing Thu Sep 12 05:44:22 UTC 2019 /home/travis/build/icyphy/ptII/ptolemy/actor/lib/test/auto/ArrayAppendWithEmptyInput.xml
----------------- Instantiating /home/travis/build/icyphy/ptII/ptolemy/actor/lib/test/auto/ArrayAppendWithEmptyInput.xml
20 ms. Memory: 284672K Free: 141377K (50%)
----------------- Invoking toplevel() on ptolemy.moml.MoMLSimpleApplication@e860132
----------------- Done invoking toplevel() on ptolemy.moml.MoMLSimpleApplication@e860132
reloadAllAccessors: .ArrayAppendWithEmptyInput

===========================================================================================
----------------- testing Thu Sep 12 05:44:22 UTC 2019 /home/travis/build/icyphy/ptII/ptolemy/actor/lib/test/auto/ArrayAverage.xml
----------------- Instantiating /home/travis/build/icyphy/ptII/ptolemy/actor/lib/test/auto/ArrayAverage.xml
5 ms. Memory: 284672K Free: 133185K (47%)
----------------- Invoking toplevel() on ptolemy.moml.MoMLSimpleApplication@33450002
----------------- Done invoking toplevel() on ptolemy.moml.MoMLSimpleApplication@33450002
reloadAllAccessors: .ArrayAverage

===========================================================================================
----------------- testing Thu Sep 12 05:44:22 UTC 2019 /home/travis/build/icyphy/ptII/ptolemy/actor/lib/test/auto/ArrayContains.xml
----------------- Instantiating /home/travis/build/icyphy/ptII/ptolemy/actor/lib/test/auto/ArrayContains.xml
4 ms. Memory: 284672K Free: 127551K (45%)
----------------- Invoking toplevel() on ptolemy.moml.MoMLSimpleApplication@703a709f
----------------- Done invoking toplevel() on ptolemy.moml.MoMLSimpleApplication@703a709f
reloadAllAccessors: .ArrayContains

===========================================================================================
----------------- testing Thu Sep 12 05:44:22 UTC 2019 /home/travis/build/icyphy/ptII/ptolemy/actor/lib/test/auto/ArrayElement.xml
----------------- Instantiating /home/travis/build/icyphy/ptII/ptolemy/actor/lib/test/auto/ArrayElement.xml
4 ms. Memory: 284672K Free: 121921K (43%)
----------------- Invoking toplevel() on ptolemy.moml.MoMLSimpleApplication@3b3fa8e8
----------------- Done invoking toplevel() on ptolemy.moml.MoMLSimpleApplication@3b3fa8e8
reloadAllAccessors: .ArrayElement

===========================================================================================
----------------- testing Thu Sep 12 05:44:22 UTC 2019 /home/travis/build/icyphy/ptII/ptolemy/actor/lib/test/auto/ArrayElementAsMatrix.xml
----------------- Instantiating /home/travis/build/icyphy/ptII/ptolemy/actor/lib/test/auto/ArrayElementAsMatrix.xml
15 ms. Memory: 284672K Free: 111681K (39%)
----------------- Invoking toplevel() on ptolemy.moml.MoMLSimpleApplication@374390d2
----------------- Done invoking toplevel() on ptolemy.moml.MoMLSimpleApplication@374390d2
reloadAllAccessors: .ArrayElementAsMatrix

===========================================================================================
----------------- testing Thu Sep 12 05:44:23 UTC 2019 /home/travis/build/icyphy/ptII/ptolemy/actor/lib/test/auto/ArrayElementI.xml
----------------- Instantiating /home/travis/build/icyphy/ptII/ptolemy/actor/lib/test/auto/ArrayElementI.xml
3 ms. Memory: 284672K Free: 106561K (37%)
----------------- Invoking toplevel() on ptolemy.moml.MoMLSimpleApplication@ae6671e
----------------- Done invoking toplevel() on ptolemy.moml.MoMLSimpleApplication@ae6671e
reloadAllAccessors: .ArrayElementI

===========================================================================================
----------------- testing Thu Sep 12 05:44:23 UTC 2019 /home/travis/build/icyphy/ptII/ptolemy/actor/lib/test/auto/ArrayExtract.xml
----------------- Instantiating /home/travis/build/icyphy/ptII/ptolemy/actor/lib/test/auto/ArrayExtract.xml
6 ms. Memory: 284672K Free: 97855K (34%)
----------------- Invoking toplevel() on ptolemy.moml.MoMLSimpleApplication@2240c156
----------------- Done invoking toplevel() on ptolemy.moml.MoMLSimpleApplication@2240c156
reloadAllAccessors: .ArrayExtract

===========================================================================================
----------------- testing Thu Sep 12 05:44:23 UTC 2019 /home/travis/build/icyphy/ptII/ptolemy/actor/lib/test/auto/ArrayExtract2.xml
----------------- Instantiating /home/travis/build/icyphy/ptII/ptolemy/actor/lib/test/auto/ArrayExtract2.xml
5 ms. Memory: 284672K Free: 92728K (33%)
----------------- Invoking toplevel() on ptolemy.moml.MoMLSimpleApplication@723695dc
----------------- Done invoking toplevel() on ptolemy.moml.MoMLSimpleApplication@723695dc
reloadAllAccessors: .ArrayExtract2

===========================================================================================
----------------- testing Thu Sep 12 05:44:23 UTC 2019 /home/travis/build/icyphy/ptII/ptolemy/actor/lib/test/auto/ArrayLength.xml
----------------- Instantiating /home/travis/build/icyphy/ptII/ptolemy/actor/lib/test/auto/ArrayLength.xml
2 ms. Memory: 284672K Free: 88639K (31%)
----------------- Invoking toplevel() on ptolemy.moml.MoMLSimpleApplication@5585422c
----------------- Done invoking toplevel() on ptolemy.moml.MoMLSimpleApplication@5585422c
reloadAllAccessors: .ArrayLength

===========================================================================================
----------------- testing Thu Sep 12 05:44:23 UTC 2019 /home/travis/build/icyphy/ptII/ptolemy/actor/lib/test/auto/ArrayLevelCrossing.xml
----------------- Instantiating /home/travis/build/icyphy/ptII/ptolemy/actor/lib/test/auto/ArrayLevelCrossing.xml
4 ms. Memory: 284672K Free: 80961K (28%)
----------------- Invoking toplevel() on ptolemy.moml.MoMLSimpleApplication@4f2a036d
----------------- Done invoking toplevel() on ptolemy.moml.MoMLSimpleApplication@4f2a036d
reloadAllAccessors: .ArrayLevelCrossing

===========================================================================================
----------------- testing Thu Sep 12 05:44:23 UTC 2019 /home/travis/build/icyphy/ptII/ptolemy/actor/lib/test/auto/ArrayLevelCrossing2.xml
----------------- Instantiating /home/travis/build/icyphy/ptII/ptolemy/actor/lib/test/auto/ArrayLevelCrossing2.xml
3 ms. Memory: 284672K Free: 232001K (81%)
----------------- Invoking toplevel() on ptolemy.moml.MoMLSimpleApplication@615836df
----------------- Done invoking toplevel() on ptolemy.moml.MoMLSimpleApplication@615836df
reloadAllAccessors: .ArrayLevelCrossing2

===========================================================================================
----------------- testing Thu Sep 12 05:44:23 UTC 2019 /home/travis/build/icyphy/ptII/ptolemy/actor/lib/test/auto/ArrayPeakSearch.xml
----------------- Instantiating /home/travis/build/icyphy/ptII/ptolemy/actor/lib/test/auto/ArrayPeakSearch.xml
6 ms. Memory: 284672K Free: 222785K (78%)
----------------- Invoking toplevel() on ptolemy.moml.MoMLSimpleApplication@1b66ebb9
----------------- Done invoking toplevel() on ptolemy.moml.MoMLSimpleApplication@1b66ebb9
reloadAllAccessors: .ArrayPeakSearch

===========================================================================================
----------------- testing Thu Sep 12 05:44:23 UTC 2019 /home/travis/build/icyphy/ptII/ptolemy/actor/lib/test/auto/ArrayPeakSearch2.xml
----------------- Instantiating /home/travis/build/icyphy/ptII/ptolemy/actor/lib/test/auto/ArrayPeakSearch2.xml
5 ms. Memory: 284672K Free: 212545K (75%)
----------------- Invoking toplevel() on ptolemy.moml.MoMLSimpleApplication@56b439a5
----------------- Done invoking toplevel() on ptolemy.moml.MoMLSimpleApplication@56b439a5
reloadAllAccessors: .ArrayPeakSearch2

===========================================================================================
----------------- testing Thu Sep 12 05:44:23 UTC 2019 /home/travis/build/icyphy/ptII/ptolemy/actor/lib/test/auto/ArrayPeakSearch3.xml
----------------- Instantiating /home/travis/build/icyphy/ptII/ptolemy/actor/lib/test/auto/ArrayPeakSearch3.xml
4 ms. Memory: 284672K Free: 203329K (71%)
----------------- Invoking toplevel() on ptolemy.moml.MoMLSimpleApplication@3ef3dd23
----------------- Done invoking toplevel() on ptolemy.moml.MoMLSimpleApplication@3ef3dd23
reloadAllAccessors: .ArrayPeakSearch3

===========================================================================================
----------------- testing Thu Sep 12 05:44:23 UTC 2019 /home/travis/build/icyphy/ptII/ptolemy/actor/lib/test/auto/ArrayRemoveElement.xml
----------------- Instantiating /home/travis/build/icyphy/ptII/ptolemy/actor/lib/test/auto/ArrayRemoveElement.xml
5 ms. Memory: 284672K Free: 195647K (69%)
----------------- Invoking toplevel() on ptolemy.moml.MoMLSimpleApplication@34e27a72
----------------- Done invoking toplevel() on ptolemy.moml.MoMLSimpleApplication@34e27a72
reloadAllAccessors: .ArrayRemoveElement

===========================================================================================
----------------- testing Thu Sep 12 05:44:23 UTC 2019 /home/travis/build/icyphy/ptII/ptolemy/actor/lib/test/auto/ArraySort.xml
----------------- Instantiating /home/travis/build/icyphy/ptII/ptolemy/actor/lib/test/auto/ArraySort.xml
5 ms. Memory: 284672K Free: 186431K (65%)
----------------- Invoking toplevel() on ptolemy.moml.MoMLSimpleApplication@4d7c5517
----------------- Done invoking toplevel() on ptolemy.moml.MoMLSimpleApplication@4d7c5517
reloadAllAccessors: .ArraySort

===========================================================================================
----------------- testing Thu Sep 12 05:44:23 UTC 2019 /home/travis/build/icyphy/ptII/ptolemy/actor/lib/test/auto/ArraySum.xml
----------------- Instantiating /home/travis/build/icyphy/ptII/ptolemy/actor/lib/test/auto/ArraySum.xml
5 ms. Memory: 284672K Free: 181311K (64%)
----------------- Invoking toplevel() on ptolemy.moml.MoMLSimpleApplication@572d2232
----------------- Done invoking toplevel() on ptolemy.moml.MoMLSimpleApplication@572d2232
reloadAllAccessors: .ArraySum

===========================================================================================
----------------- testing Thu Sep 12 05:44:23 UTC 2019 /home/travis/build/icyphy/ptII/ptolemy/actor/lib/test/auto/ArrayToElements.xml
----------------- Instantiating /home/travis/build/icyphy/ptII/ptolemy/actor/lib/test/auto/ArrayToElements.xml
12 ms. Memory: 284672K Free: 175681K (62%)
----------------- Invoking toplevel() on ptolemy.moml.MoMLSimpleApplication@15d04bf4
----------------- Done invoking toplevel() on ptolemy.moml.MoMLSimpleApplication@15d04bf4
reloadAllAccessors: .ArrayToElements

===========================================================================================
----------------- testing Thu Sep 12 05:44:23 UTC 2019 /home/travis/build/icyphy/ptII/ptolemy/actor/lib/test/auto/ArrayToMatrix.xml
----------------- Instantiating /home/travis/build/icyphy/ptII/ptolemy/actor/lib/test/auto/ArrayToMatrix.xml
12 ms. Memory: 284672K Free: 161855K (57%)
----------------- Invoking toplevel() on ptolemy.moml.MoMLSimpleApplication@493f651
----------------- Done invoking toplevel() on ptolemy.moml.MoMLSimpleApplication@493f651
reloadAllAccessors: .ArrayToMatrix

===========================================================================================
----------------- testing Thu Sep 12 05:44:23 UTC 2019 /home/travis/build/icyphy/ptII/ptolemy/actor/lib/test/auto/ArrayUpdate1.xml
----------------- Instantiating /home/travis/build/icyphy/ptII/ptolemy/actor/lib/test/auto/ArrayUpdate1.xml
3 ms. Memory: 284672K Free: 156735K (55%)
----------------- Invoking toplevel() on ptolemy.moml.MoMLSimpleApplication@499c890c
----------------- Done invoking toplevel() on ptolemy.moml.MoMLSimpleApplication@499c890c
reloadAllAccessors: .ArrayUpdate1

===========================================================================================
----------------- testing Thu Sep 12 05:44:23 UTC 2019 /home/travis/build/icyphy/ptII/ptolemy/actor/lib/test/auto/ArrayUpdate2.xml
----------------- Instantiating /home/travis/build/icyphy/ptII/ptolemy/actor/lib/test/auto/ArrayUpdate2.xml
22 ms. Memory: 284672K Free: 150591K (53%)
----------------- Invoking toplevel() on ptolemy.moml.MoMLSimpleApplication@51f875ad
----------------- Done invoking toplevel() on ptolemy.moml.MoMLSimpleApplication@51f875ad
reloadAllAccessors: .ArrayUpdate2

===========================================================================================
----------------- testing Thu Sep 12 05:44:23 UTC 2019 /home/travis/build/icyphy/ptII/ptolemy/actor/lib/test/auto/ArrayUpdate3.xml
----------------- Instantiating /home/travis/build/icyphy/ptII/ptolemy/actor/lib/test/auto/ArrayUpdate3.xml
5 ms. Memory: 284672K Free: 145471K (51%)
----------------- Invoking toplevel() on ptolemy.moml.MoMLSimpleApplication@3cb75389
----------------- Done invoking toplevel() on ptolemy.moml.MoMLSimpleApplication@3cb75389
reloadAllAccessors: .ArrayUpdate3

===========================================================================================
----------------- testing Thu Sep 12 05:44:23 UTC 2019 /home/travis/build/icyphy/ptII/ptolemy/actor/lib/test/auto/Assert1.xml
----------------- Instantiating /home/travis/build/icyphy/ptII/ptolemy/actor/lib/test/auto/Assert1.xml
6 ms. Memory: 284672K Free: 141375K (50%)
----------------- Invoking toplevel() on ptolemy.moml.MoMLSimpleApplication@3f73a478
----------------- Done invoking toplevel() on ptolemy.moml.MoMLSimpleApplication@3f73a478
reloadAllAccessors: .Assert1

===========================================================================================
----------------- testing Thu Sep 12 05:44:23 UTC 2019 /home/travis/build/icyphy/ptII/ptolemy/actor/lib/test/auto/Assert2.xml
----------------- Instantiating /home/travis/build/icyphy/ptII/ptolemy/actor/lib/test/auto/Assert2.xml
4 ms. Memory: 284672K Free: 136255K (48%)
----------------- Invoking toplevel() on ptolemy.moml.MoMLSimpleApplication@3b7f85b4
----------------- Done invoking toplevel() on ptolemy.moml.MoMLSimpleApplication@3b7f85b4
reloadAllAccessors: .Assert2

===========================================================================================
----------------- testing Thu Sep 12 05:44:23 UTC 2019 /home/travis/build/icyphy/ptII/ptolemy/actor/lib/test/auto/BooleanMultiplexor.xml
----------------- Instantiating /home/travis/build/icyphy/ptII/ptolemy/actor/lib/test/auto/BooleanMultiplexor.xml
3 ms. Memory: 284672K Free: 131104K (46%)
----------------- Invoking toplevel() on ptolemy.moml.MoMLSimpleApplication@14f1e64f
----------------- Done invoking toplevel() on ptolemy.moml.MoMLSimpleApplication@14f1e64f
reloadAllAccessors: .BooleanMultiplexor

===========================================================================================
----------------- testing Thu Sep 12 05:44:23 UTC 2019 /home/travis/build/icyphy/ptII/ptolemy/actor/lib/test/auto/BooleanMultiplexor2.xml
----------------- Instantiating /home/travis/build/icyphy/ptII/ptolemy/actor/lib/test/auto/BooleanMultiplexor2.xml
12 ms. Memory: 284672K Free: 124481K (44%)
----------------- Invoking toplevel() on ptolemy.moml.MoMLSimpleApplication@1bcaa726
----------------- Done invoking toplevel() on ptolemy.moml.MoMLSimpleApplication@1bcaa726
reloadAllAccessors: .BooleanMultiplexor2

===========================================================================================
----------------- testing Thu Sep 12 05:44:23 UTC 2019 /home/travis/build/icyphy/ptII/ptolemy/actor/lib/test/auto/BooleanMultiplexor3.xml
----------------- Instantiating /home/travis/build/icyphy/ptII/ptolemy/actor/lib/test/auto/BooleanMultiplexor3.xml
5 ms. Memory: 284672K Free: 120895K (42%)
----------------- Invoking toplevel() on ptolemy.moml.MoMLSimpleApplication@53709e66
----------------- Done invoking toplevel() on ptolemy.moml.MoMLSimpleApplication@53709e66
reloadAllAccessors: .BooleanMultiplexor3

===========================================================================================
----------------- testing Thu Sep 12 05:44:23 UTC 2019 /home/travis/build/icyphy/ptII/ptolemy/actor/lib/test/auto/BooleanSelect.xml
----------------- Instantiating /home/travis/build/icyphy/ptII/ptolemy/actor/lib/test/auto/BooleanSelect.xml
9 ms. Memory: 284672K Free: 114734K (40%)
----------------- Invoking toplevel() on ptolemy.moml.MoMLSimpleApplication@6719f4b7
----------------- Done invoking toplevel() on ptolemy.moml.MoMLSimpleApplication@6719f4b7
reloadAllAccessors: .BooleanSelect

===========================================================================================
----------------- testing Thu Sep 12 05:44:23 UTC 2019 /home/travis/build/icyphy/ptII/ptolemy/actor/lib/test/auto/BooleanSelect2.xml
----------------- Instantiating /home/travis/build/icyphy/ptII/ptolemy/actor/lib/test/auto/BooleanSelect2.xml
2 ms. Memory: 284672K Free: 110655K (39%)
----------------- Invoking toplevel() on ptolemy.moml.MoMLSimpleApplication@43abe638
----------------- Done invoking toplevel() on ptolemy.moml.MoMLSimpleApplication@43abe638
reloadAllAccessors: .BooleanSelect2

===========================================================================================
----------------- testing Thu Sep 12 05:44:23 UTC 2019 /home/travis/build/icyphy/ptII/ptolemy/actor/lib/test/auto/BooleanSwitch.xml
----------------- Instantiating /home/travis/build/icyphy/ptII/ptolemy/actor/lib/test/auto/BooleanSwitch.xml
23 ms. Memory: 284672K Free: 104001K (37%)
----------------- Invoking toplevel() on ptolemy.moml.MoMLSimpleApplication@65a3fba9
----------------- Done invoking toplevel() on ptolemy.moml.MoMLSimpleApplication@65a3fba9
reloadAllAccessors: .BooleanSwitch

===========================================================================================
----------------- testing Thu Sep 12 05:44:23 UTC 2019 /home/travis/build/icyphy/ptII/ptolemy/actor/lib/test/auto/BooleanSwitch2.xml
----------------- Instantiating /home/travis/build/icyphy/ptII/ptolemy/actor/lib/test/auto/BooleanSwitch2.xml
1 ms. Memory: 284672K Free: 99905K (35%)
----------------- Invoking toplevel() on ptolemy.moml.MoMLSimpleApplication@639bf344
----------------- Done invoking toplevel() on ptolemy.moml.MoMLSimpleApplication@639bf344
reloadAllAccessors: .BooleanSwitch2

===========================================================================================
----------------- testing Thu Sep 12 05:44:24 UTC 2019 /home/travis/build/icyphy/ptII/ptolemy/actor/lib/test/auto/BooleanSwitchCloningBugWithClassRelationGroup.xml
----------------- Instantiating /home/travis/build/icyphy/ptII/ptolemy/actor/lib/test/auto/BooleanSwitchCloningBugWithClassRelationGroup.xml
3 ms. Memory: 284672K Free: 93247K (33%)
----------------- Invoking toplevel() on ptolemy.moml.MoMLSimpleApplication@5c46d8c1
----------------- Done invoking toplevel() on ptolemy.moml.MoMLSimpleApplication@5c46d8c1
reloadAllAccessors: .BooleanSwitchCloningBugWithClassRelationGroup

===========================================================================================
----------------- testing Thu Sep 12 05:44:24 UTC 2019 /home/travis/build/icyphy/ptII/ptolemy/actor/lib/test/auto/BusActors.xml
----------------- Instantiating /home/travis/build/icyphy/ptII/ptolemy/actor/lib/test/auto/BusActors.xml
14 ms. Memory: 284672K Free: 85055K (30%)
----------------- Invoking toplevel() on ptolemy.moml.MoMLSimpleApplication@5a88b142
----------------- Done invoking toplevel() on ptolemy.moml.MoMLSimpleApplication@5a88b142
reloadAllAccessors: .BusActors

===========================================================================================
----------------- testing Thu Sep 12 05:44:24 UTC 2019 /home/travis/build/icyphy/ptII/ptolemy/actor/lib/test/auto/ClassWrapper.xml
----------------- Instantiating /home/travis/build/icyphy/ptII/ptolemy/actor/lib/test/auto/ClassWrapper.xml
3 ms. Memory: 284672K Free: 80959K (28%)
----------------- Invoking toplevel() on ptolemy.moml.MoMLSimpleApplication@512f3a78
----------------- Done invoking toplevel() on ptolemy.moml.MoMLSimpleApplication@512f3a78
reloadAllAccessors: .ClassWrapper

===========================================================================================
----------------- testing Thu Sep 12 05:44:24 UTC 2019 /home/travis/build/icyphy/ptII/ptolemy/actor/lib/test/auto/Clock.xml
----------------- Instantiating /home/travis/build/icyphy/ptII/ptolemy/actor/lib/test/auto/Clock.xml
1 ms. Memory: 284672K Free: 76863K (27%)
----------------- Invoking toplevel() on ptolemy.moml.MoMLSimpleApplication@36a0fe4c
----------------- Done invoking toplevel() on ptolemy.moml.MoMLSimpleApplication@36a0fe4c
reloadAllAccessors: .Clock

===========================================================================================
----------------- testing Thu Sep 12 05:44:24 UTC 2019 /home/travis/build/icyphy/ptII/ptolemy/actor/lib/test/auto/Clock10.xml
----------------- Instantiating /home/travis/build/icyphy/ptII/ptolemy/actor/lib/test/auto/Clock10.xml
3 ms. Memory: 480256K Free: 430657K (90%)
----------------- Invoking toplevel() on ptolemy.moml.MoMLSimpleApplication@2ccab326
----------------- Done invoking toplevel() on ptolemy.moml.MoMLSimpleApplication@2ccab326
reloadAllAccessors: .Clock10

===========================================================================================
----------------- testing Thu Sep 12 05:44:24 UTC 2019 /home/travis/build/icyphy/ptII/ptolemy/actor/lib/test/auto/Clock11.xml
----------------- Instantiating /home/travis/build/icyphy/ptII/ptolemy/actor/lib/test/auto/Clock11.xml
5 ms. Memory: 480256K Free: 424511K (88%)
----------------- Invoking toplevel() on ptolemy.moml.MoMLSimpleApplication@7d0b55d4
----------------- Done invoking toplevel() on ptolemy.moml.MoMLSimpleApplication@7d0b55d4
reloadAllAccessors: .Clock11

===========================================================================================
----------------- testing Thu Sep 12 05:44:24 UTC 2019 /home/travis/build/icyphy/ptII/ptolemy/actor/lib/test/auto/Clock12.xml
----------------- Instantiating /home/travis/build/icyphy/ptII/ptolemy/actor/lib/test/auto/Clock12.xml
5 ms. Memory: 480256K Free: 418369K (87%)
----------------- Invoking toplevel() on ptolemy.moml.MoMLSimpleApplication@33abb180
----------------- Done invoking toplevel() on ptolemy.moml.MoMLSimpleApplication@33abb180
reloadAllAccessors: .Clock12

===========================================================================================
----------------- testing Thu Sep 12 05:44:24 UTC 2019 /home/travis/build/icyphy/ptII/ptolemy/actor/lib/test/auto/Clock13.xml
----------------- Instantiating /home/travis/build/icyphy/ptII/ptolemy/actor/lib/test/auto/Clock13.xml
4 ms. Memory: 480256K Free: 412704K (86%)
----------------- Invoking toplevel() on ptolemy.moml.MoMLSimpleApplication@7b2e3850
----------------- Done invoking toplevel() on ptolemy.moml.MoMLSimpleApplication@7b2e3850
reloadAllAccessors: .Clock13

===========================================================================================
----------------- testing Thu Sep 12 05:44:24 UTC 2019 /home/travis/build/icyphy/ptII/ptolemy/actor/lib/test/auto/Clock14.xml
----------------- Instantiating /home/travis/build/icyphy/ptII/ptolemy/actor/lib/test/auto/Clock14.xml
3 ms. Memory: 480256K Free: 406576K (85%)
----------------- Invoking toplevel() on ptolemy.moml.MoMLSimpleApplication@909c1e5
----------------- Done invoking toplevel() on ptolemy.moml.MoMLSimpleApplication@909c1e5
reloadAllAccessors: .Clock14

===========================================================================================
----------------- testing Thu Sep 12 05:44:24 UTC 2019 /home/travis/build/icyphy/ptII/ptolemy/actor/lib/test/auto/Clock15.xml
----------------- Instantiating /home/travis/build/icyphy/ptII/ptolemy/actor/lib/test/auto/Clock15.xml
4 ms. Memory: 480256K Free: 400961K (83%)
----------------- Invoking toplevel() on ptolemy.moml.MoMLSimpleApplication@575993a0
----------------- Done invoking toplevel() on ptolemy.moml.MoMLSimpleApplication@575993a0
reloadAllAccessors: .Clock15

===========================================================================================
----------------- testing Thu Sep 12 05:44:24 UTC 2019 /home/travis/build/icyphy/ptII/ptolemy/actor/lib/test/auto/Clock16.xml
----------------- Instantiating /home/travis/build/icyphy/ptII/ptolemy/actor/lib/test/auto/Clock16.xml
40 ms. Memory: 480256K Free: 386104K (80%)
----------------- Invoking toplevel() on ptolemy.moml.MoMLSimpleApplication@4452b5cc
----------------- Done invoking toplevel() on ptolemy.moml.MoMLSimpleApplication@4452b5cc
reloadAllAccessors: .Clock16

===========================================================================================
----------------- testing Thu Sep 12 05:44:24 UTC 2019 /home/travis/build/icyphy/ptII/ptolemy/actor/lib/test/auto/Clock17.xml
----------------- Instantiating /home/travis/build/icyphy/ptII/ptolemy/actor/lib/test/auto/Clock17.xml
32 ms. Memory: 480256K Free: 372289K (78%)
----------------- Invoking toplevel() on ptolemy.moml.MoMLSimpleApplication@69ed109
----------------- Done invoking toplevel() on ptolemy.moml.MoMLSimpleApplication@69ed109
reloadAllAccessors: .Clock17

===========================================================================================
----------------- testing Thu Sep 12 05:44:24 UTC 2019 /home/travis/build/icyphy/ptII/ptolemy/actor/lib/test/auto/Clock18.xml
----------------- Instantiating /home/travis/build/icyphy/ptII/ptolemy/actor/lib/test/auto/Clock18.xml
25 ms. Memory: 480256K Free: 358432K (75%)
----------------- Invoking toplevel() on ptolemy.moml.MoMLSimpleApplication@580c0048
----------------- Done invoking toplevel() on ptolemy.moml.MoMLSimpleApplication@580c0048
reloadAllAccessors: .Clock18

===========================================================================================
----------------- testing Thu Sep 12 05:44:24 UTC 2019 /home/travis/build/icyphy/ptII/ptolemy/actor/lib/test/auto/Clock19.xml
----------------- Instantiating /home/travis/build/icyphy/ptII/ptolemy/actor/lib/test/auto/Clock19.xml
13 ms. Memory: 480256K Free: 345144K (72%)
----------------- Invoking toplevel() on ptolemy.moml.MoMLSimpleApplication@59167910
----------------- Done invoking toplevel() on ptolemy.moml.MoMLSimpleApplication@59167910
reloadAllAccessors: .Clock19

===========================================================================================
----------------- testing Thu Sep 12 05:44:24 UTC 2019 /home/travis/build/icyphy/ptII/ptolemy/actor/lib/test/auto/Clock2.xml
----------------- Instantiating /home/travis/build/icyphy/ptII/ptolemy/actor/lib/test/auto/Clock2.xml
9 ms. Memory: 480256K Free: 340545K (71%)
----------------- Invoking toplevel() on ptolemy.moml.MoMLSimpleApplication@6e279399
----------------- Done invoking toplevel() on ptolemy.moml.MoMLSimpleApplication@6e279399
reloadAllAccessors: .Clock2

===========================================================================================
----------------- testing Thu Sep 12 05:44:24 UTC 2019 /home/travis/build/icyphy/ptII/ptolemy/actor/lib/test/auto/Clock20.xml
----------------- Instantiating /home/travis/build/icyphy/ptII/ptolemy/actor/lib/test/auto/Clock20.xml
8 ms. Memory: 480256K Free: 334911K (70%)
----------------- Invoking toplevel() on ptolemy.moml.MoMLSimpleApplication@7f33a699
----------------- Done invoking toplevel() on ptolemy.moml.MoMLSimpleApplication@7f33a699
reloadAllAccessors: .Clock20

===========================================================================================
----------------- testing Thu Sep 12 05:44:24 UTC 2019 /home/travis/build/icyphy/ptII/ptolemy/actor/lib/test/auto/Clock21.xml
----------------- Instantiating /home/travis/build/icyphy/ptII/ptolemy/actor/lib/test/auto/Clock21.xml
3 ms. Memory: 480256K Free: 329791K (69%)
----------------- Invoking toplevel() on ptolemy.moml.MoMLSimpleApplication@50dc00ab
----------------- Done invoking toplevel() on ptolemy.moml.MoMLSimpleApplication@50dc00ab
reloadAllAccessors: .Clock21

===========================================================================================
----------------- testing Thu Sep 12 05:44:24 UTC 2019 /home/travis/build/icyphy/ptII/ptolemy/actor/lib/test/auto/Clock22.xml
----------------- Instantiating /home/travis/build/icyphy/ptII/ptolemy/actor/lib/test/auto/Clock22.xml
7 ms. Memory: 480256K Free: 324161K (67%)
----------------- Invoking toplevel() on ptolemy.moml.MoMLSimpleApplication@2d06074d
----------------- Done invoking toplevel() on ptolemy.moml.MoMLSimpleApplication@2d06074d
reloadAllAccessors: .Clock22

===========================================================================================
----------------- testing Thu Sep 12 05:44:24 UTC 2019 /home/travis/build/icyphy/ptII/ptolemy/actor/lib/test/auto/Clock23.xml
----------------- Instantiating /home/travis/build/icyphy/ptII/ptolemy/actor/lib/test/auto/Clock23.xml
5 ms. Memory: 480256K Free: 319041K (66%)
----------------- Invoking toplevel() on ptolemy.moml.MoMLSimpleApplication@3bb01c25
----------------- Done invoking toplevel() on ptolemy.moml.MoMLSimpleApplication@3bb01c25
reloadAllAccessors: .Clock23

===========================================================================================
----------------- testing Thu Sep 12 05:44:24 UTC 2019 /home/travis/build/icyphy/ptII/ptolemy/actor/lib/test/auto/Clock24.xml
----------------- Instantiating /home/travis/build/icyphy/ptII/ptolemy/actor/lib/test/auto/Clock24.xml
3 ms. Memory: 480256K Free: 313407K (65%)
----------------- Invoking toplevel() on ptolemy.moml.MoMLSimpleApplication@214b43b3
----------------- Done invoking toplevel() on ptolemy.moml.MoMLSimpleApplication@214b43b3
reloadAllAccessors: .Clock24

===========================================================================================
----------------- testing Thu Sep 12 05:44:24 UTC 2019 /home/travis/build/icyphy/ptII/ptolemy/actor/lib/test/auto/Clock4.xml
----------------- Instantiating /home/travis/build/icyphy/ptII/ptolemy/actor/lib/test/auto/Clock4.xml
12 ms. Memory: 480256K Free: 308280K (64%)
----------------- Invoking toplevel() on ptolemy.moml.MoMLSimpleApplication@591e1e24
----------------- Done invoking toplevel() on ptolemy.moml.MoMLSimpleApplication@591e1e24
reloadAllAccessors: .Clock4

===========================================================================================
----------------- testing Thu Sep 12 05:44:24 UTC 2019 /home/travis/build/icyphy/ptII/ptolemy/actor/lib/test/auto/Clock5.xml
----------------- Instantiating /home/travis/build/icyphy/ptII/ptolemy/actor/lib/test/auto/Clock5.xml
2 ms. Memory: 480256K Free: 303152K (63%)
----------------- Invoking toplevel() on ptolemy.moml.MoMLSimpleApplication@25e16eb3
----------------- Done invoking toplevel() on ptolemy.moml.MoMLSimpleApplication@25e16eb3
reloadAllAccessors: .Clock5

===========================================================================================
----------------- testing Thu Sep 12 05:44:24 UTC 2019 /home/travis/build/icyphy/ptII/ptolemy/actor/lib/test/auto/Clock6.xml
----------------- Instantiating /home/travis/build/icyphy/ptII/ptolemy/actor/lib/test/auto/Clock6.xml
1 ms. Memory: 480256K Free: 299056K (62%)
----------------- Invoking toplevel() on ptolemy.moml.MoMLSimpleApplication@1bc65636
----------------- Done invoking toplevel() on ptolemy.moml.MoMLSimpleApplication@1bc65636
reloadAllAccessors: .Clock6

===========================================================================================
----------------- testing Thu Sep 12 05:44:24 UTC 2019 /home/travis/build/icyphy/ptII/ptolemy/actor/lib/test/auto/Clock7.xml
----------------- Instantiating /home/travis/build/icyphy/ptII/ptolemy/actor/lib/test/auto/Clock7.xml
2 ms. Memory: 480256K Free: 293951K (61%)
----------------- Invoking toplevel() on ptolemy.moml.MoMLSimpleApplication@2aa8b99a
----------------- Done invoking toplevel() on ptolemy.moml.MoMLSimpleApplication@2aa8b99a
reloadAllAccessors: .Clock7

===========================================================================================
----------------- testing Thu Sep 12 05:44:24 UTC 2019 /home/travis/build/icyphy/ptII/ptolemy/actor/lib/test/auto/Clock8.xml
----------------- Instantiating /home/travis/build/icyphy/ptII/ptolemy/actor/lib/test/auto/Clock8.xml
2 ms. Memory: 480256K Free: 288321K (60%)
----------------- Invoking toplevel() on ptolemy.moml.MoMLSimpleApplication@4d413edf
----------------- Done invoking toplevel() on ptolemy.moml.MoMLSimpleApplication@4d413edf
reloadAllAccessors: .Clock8

===========================================================================================
----------------- testing Thu Sep 12 05:44:24 UTC 2019 /home/travis/build/icyphy/ptII/ptolemy/actor/lib/test/auto/Clock9.xml
----------------- Instantiating /home/travis/build/icyphy/ptII/ptolemy/actor/lib/test/auto/Clock9.xml
4 ms. Memory: 480256K Free: 282672K (59%)
----------------- Invoking toplevel() on ptolemy.moml.MoMLSimpleApplication@3b318ae
----------------- Done invoking toplevel() on ptolemy.moml.MoMLSimpleApplication@3b318ae
reloadAllAccessors: .Clock9

===========================================================================================
----------------- testing Thu Sep 12 05:44:24 UTC 2019 /home/travis/build/icyphy/ptII/ptolemy/actor/lib/test/auto/CommDistDiscard.xml
----------------- Instantiating /home/travis/build/icyphy/ptII/ptolemy/actor/lib/test/auto/CommDistDiscard.xml
4 ms. Memory: 480256K Free: 277568K (58%)
----------------- Invoking toplevel() on ptolemy.moml.MoMLSimpleApplication@600f2b03
----------------- Done invoking toplevel() on ptolemy.moml.MoMLSimpleApplication@600f2b03
reloadAllAccessors: .CommDistDiscard

===========================================================================================
----------------- testing Thu Sep 12 05:44:25 UTC 2019 /home/travis/build/icyphy/ptII/ptolemy/actor/lib/test/auto/Commutator.xml
----------------- Instantiating /home/travis/build/icyphy/ptII/ptolemy/actor/lib/test/auto/Commutator.xml
3 ms. Memory: 480256K Free: 272961K (57%)
----------------- Invoking toplevel() on ptolemy.moml.MoMLSimpleApplication@1e8980b1
----------------- Done invoking toplevel() on ptolemy.moml.MoMLSimpleApplication@1e8980b1
reloadAllAccessors: .Commutator

===========================================================================================
----------------- testing Thu Sep 12 05:44:25 UTC 2019 /home/travis/build/icyphy/ptII/ptolemy/actor/lib/test/auto/Commutator2.xml
----------------- Instantiating /home/travis/build/icyphy/ptII/ptolemy/actor/lib/test/auto/Commutator2.xml
2 ms. Memory: 480256K Free: 268865K (56%)
----------------- Invoking toplevel() on ptolemy.moml.MoMLSimpleApplication@701ec560
----------------- Done invoking toplevel() on ptolemy.moml.MoMLSimpleApplication@701ec560
reloadAllAccessors: .Commutator2

===========================================================================================
----------------- testing Thu Sep 12 05:44:25 UTC 2019 /home/travis/build/icyphy/ptII/ptolemy/actor/lib/test/auto/Commutator3.xml
----------------- Instantiating /home/travis/build/icyphy/ptII/ptolemy/actor/lib/test/auto/Commutator3.xml
2 ms. Memory: 480256K Free: 264255K (55%)
----------------- Invoking toplevel() on ptolemy.moml.MoMLSimpleApplication@7209f89c
----------------- Done invoking toplevel() on ptolemy.moml.MoMLSimpleApplication@7209f89c
reloadAllAccessors: .Commutator3

===========================================================================================
----------------- testing Thu Sep 12 05:44:25 UTC 2019 /home/travis/build/icyphy/ptII/ptolemy/actor/lib/test/auto/Compare.xml
----------------- Instantiating /home/travis/build/icyphy/ptII/ptolemy/actor/lib/test/auto/Compare.xml
3 ms. Memory: 480256K Free: 257601K (54%)
----------------- Invoking toplevel() on ptolemy.moml.MoMLSimpleApplication@1e11b8f
----------------- Done invoking toplevel() on ptolemy.moml.MoMLSimpleApplication@1e11b8f
reloadAllAccessors: .Compare

===========================================================================================
----------------- testing Thu Sep 12 05:44:25 UTC 2019 /home/travis/build/icyphy/ptII/ptolemy/actor/lib/test/auto/CompareDE.xml
----------------- Instantiating /home/travis/build/icyphy/ptII/ptolemy/actor/lib/test/auto/CompareDE.xml
6 ms. Memory: 480256K Free: 250928K (52%)
----------------- Invoking toplevel() on ptolemy.moml.MoMLSimpleApplication@68616ed1
----------------- Done invoking toplevel() on ptolemy.moml.MoMLSimpleApplication@68616ed1
reloadAllAccessors: .CompareDE

===========================================================================================
----------------- testing Thu Sep 12 05:44:25 UTC 2019 /home/travis/build/icyphy/ptII/ptolemy/actor/lib/test/auto/ComplexDivide.xml
----------------- Instantiating /home/travis/build/icyphy/ptII/ptolemy/actor/lib/test/auto/ComplexDivide.xml
1 ms. Memory: 480256K Free: 246847K (51%)
----------------- Invoking toplevel() on ptolemy.moml.MoMLSimpleApplication@2dae815c
----------------- Done invoking toplevel() on ptolemy.moml.MoMLSimpleApplication@2dae815c
reloadAllAccessors: .ComplexDivide

===========================================================================================
----------------- testing Thu Sep 12 05:44:25 UTC 2019 /home/travis/build/icyphy/ptII/ptolemy/actor/lib/test/auto/ComputeHistogram.xml
----------------- Instantiating /home/travis/build/icyphy/ptII/ptolemy/actor/lib/test/auto/ComputeHistogram.xml
30 ms. Memory: 480256K Free: 234559K (49%)
----------------- Invoking toplevel() on ptolemy.moml.MoMLSimpleApplication@6d02c31b
----------------- Done invoking toplevel() on ptolemy.moml.MoMLSimpleApplication@6d02c31b
reloadAllAccessors: .ComputeHistogram

===========================================================================================
----------------- testing Thu Sep 12 05:44:25 UTC 2019 /home/travis/build/icyphy/ptII/ptolemy/actor/lib/test/auto/ConfigurationSelect.xml
----------------- Instantiating /home/travis/build/icyphy/ptII/ptolemy/actor/lib/test/auto/ConfigurationSelect.xml
9 ms. Memory: 480256K Free: 228929K (48%)
----------------- Invoking toplevel() on ptolemy.moml.MoMLSimpleApplication@14b3b90
----------------- Done invoking toplevel() on ptolemy.moml.MoMLSimpleApplication@14b3b90
reloadAllAccessors: .ConfigurationSelect

===========================================================================================
----------------- testing Thu Sep 12 05:44:25 UTC 2019 /home/travis/build/icyphy/ptII/ptolemy/actor/lib/test/auto/ConfigurationSelect2.xml
----------------- Instantiating /home/travis/build/icyphy/ptII/ptolemy/actor/lib/test/auto/ConfigurationSelect2.xml
2 ms. Memory: 480256K Free: 224319K (47%)
----------------- Invoking toplevel() on ptolemy.moml.MoMLSimpleApplication@276a1dcc
----------------- Done invoking toplevel() on ptolemy.moml.MoMLSimpleApplication@276a1dcc
reloadAllAccessors: .ConfigurationSelect2

===========================================================================================
----------------- testing Thu Sep 12 05:44:25 UTC 2019 /home/travis/build/icyphy/ptII/ptolemy/actor/lib/test/auto/ConfigurationSwitch.xml
----------------- Instantiating /home/travis/build/icyphy/ptII/ptolemy/actor/lib/test/auto/ConfigurationSwitch.xml
12 ms. Memory: 480256K Free: 219199K (46%)
----------------- Invoking toplevel() on ptolemy.moml.MoMLSimpleApplication@414b3485
----------------- Done invoking toplevel() on ptolemy.moml.MoMLSimpleApplication@414b3485
reloadAllAccessors: .ConfigurationSwitch

===========================================================================================
----------------- testing Thu Sep 12 05:44:25 UTC 2019 /home/travis/build/icyphy/ptII/ptolemy/actor/lib/test/auto/ConfigurationSwitch2.xml
----------------- Instantiating /home/travis/build/icyphy/ptII/ptolemy/actor/lib/test/auto/ConfigurationSwitch2.xml
3 ms. Memory: 480256K Free: 213569K (44%)
----------------- Invoking toplevel() on ptolemy.moml.MoMLSimpleApplication@4d3c5084
----------------- Done invoking toplevel() on ptolemy.moml.MoMLSimpleApplication@4d3c5084
reloadAllAccessors: .ConfigurationSwitch2

===========================================================================================
----------------- testing Thu Sep 12 05:44:25 UTC 2019 /home/travis/build/icyphy/ptII/ptolemy/actor/lib/test/auto/ConfigurationSwitchCloningBugWithClassRelationGroup.xml
----------------- Instantiating /home/travis/build/icyphy/ptII/ptolemy/actor/lib/test/auto/ConfigurationSwitchCloningBugWithClassRelationGroup.xml
1 ms. Memory: 480256K Free: 206401K (43%)
----------------- Invoking toplevel() on ptolemy.moml.MoMLSimpleApplication@2b4d9c8b
----------------- Done invoking toplevel() on ptolemy.moml.MoMLSimpleApplication@2b4d9c8b
reloadAllAccessors: .ConfigurationSwitchCloningBugWithClassRelationGroup

===========================================================================================
----------------- testing Thu Sep 12 05:44:25 UTC 2019 /home/travis/build/icyphy/ptII/ptolemy/actor/lib/test/auto/ConfigurationSwitchSelectSDF.xml
----------------- Instantiating /home/travis/build/icyphy/ptII/ptolemy/actor/lib/test/auto/ConfigurationSwitchSelectSDF.xml
3 ms. Memory: 480256K Free: 201281K (42%)
----------------- Invoking toplevel() on ptolemy.moml.MoMLSimpleApplication@88b50fd
----------------- Done invoking toplevel() on ptolemy.moml.MoMLSimpleApplication@88b50fd
reloadAllAccessors: .ConfigurationSwitchSelectSDF

===========================================================================================
----------------- testing Thu Sep 12 05:44:25 UTC 2019 /home/travis/build/icyphy/ptII/ptolemy/actor/lib/test/auto/ConfigurationSwitchSelectSDF2.xml
----------------- Instantiating /home/travis/build/icyphy/ptII/ptolemy/actor/lib/test/auto/ConfigurationSwitchSelectSDF2.xml
2 ms. Memory: 480256K Free: 195137K (41%)
----------------- Invoking toplevel() on ptolemy.moml.MoMLSimpleApplication@1c1f2207
----------------- Done invoking toplevel() on ptolemy.moml.MoMLSimpleApplication@1c1f2207
reloadAllAccessors: .ConfigurationSwitchSelectSDF2

===========================================================================================
----------------- testing Thu Sep 12 05:44:25 UTC 2019 /home/travis/build/icyphy/ptII/ptolemy/actor/lib/test/auto/Const.xml
----------------- Instantiating /home/travis/build/icyphy/ptII/ptolemy/actor/lib/test/auto/Const.xml
1 ms. Memory: 480256K Free: 192065K (40%)
----------------- Invoking toplevel() on ptolemy.moml.MoMLSimpleApplication@3cc6bf83
----------------- Done invoking toplevel() on ptolemy.moml.MoMLSimpleApplication@3cc6bf83
reloadAllAccessors: .Const

===========================================================================================
----------------- testing Thu Sep 12 05:44:25 UTC 2019 /home/travis/build/icyphy/ptII/ptolemy/actor/lib/test/auto/Const2.xml
----------------- Instantiating /home/travis/build/icyphy/ptII/ptolemy/actor/lib/test/auto/Const2.xml
2 ms. Memory: 480256K Free: 187969K (39%)
----------------- Invoking toplevel() on ptolemy.moml.MoMLSimpleApplication@2962d43e
----------------- Done invoking toplevel() on ptolemy.moml.MoMLSimpleApplication@2962d43e
reloadAllAccessors: .Const2

===========================================================================================
----------------- testing Thu Sep 12 05:44:25 UTC 2019 /home/travis/build/icyphy/ptII/ptolemy/actor/lib/test/auto/Const3.xml
----------------- Instantiating /home/travis/build/icyphy/ptII/ptolemy/actor/lib/test/auto/Const3.xml
1 ms. Memory: 480256K Free: 184897K (38%)
----------------- Invoking toplevel() on ptolemy.moml.MoMLSimpleApplication@765eb15d
----------------- Done invoking toplevel() on ptolemy.moml.MoMLSimpleApplication@765eb15d
reloadAllAccessors: .Const3

===========================================================================================
----------------- testing Thu Sep 12 05:44:25 UTC 2019 /home/travis/build/icyphy/ptII/ptolemy/actor/lib/test/auto/ConstantPublisherPort1.xml
----------------- Instantiating /home/travis/build/icyphy/ptII/ptolemy/actor/lib/test/auto/ConstantPublisherPort1.xml
6 ms. Memory: 480256K Free: 176705K (37%)
----------------- Invoking toplevel() on ptolemy.moml.MoMLSimpleApplication@3e790b4f
----------------- Done invoking toplevel() on ptolemy.moml.MoMLSimpleApplication@3e790b4f
reloadAllAccessors: .ConstantPublisherPort1

===========================================================================================
----------------- testing Thu Sep 12 05:44:25 UTC 2019 /home/travis/build/icyphy/ptII/ptolemy/actor/lib/test/auto/ConstantPublisherPort2.xml
----------------- Instantiating /home/travis/build/icyphy/ptII/ptolemy/actor/lib/test/auto/ConstantPublisherPort2.xml
4 ms. Memory: 480256K Free: 169023K (35%)
----------------- Invoking toplevel() on ptolemy.moml.MoMLSimpleApplication@4b60b538
----------------- Done invoking toplevel() on ptolemy.moml.MoMLSimpleApplication@4b60b538
reloadAllAccessors: .ConstantPublisherPort2

===========================================================================================
----------------- testing Thu Sep 12 05:44:25 UTC 2019 /home/travis/build/icyphy/ptII/ptolemy/actor/lib/test/auto/ConstantPublisherPort3.xml
----------------- Instantiating /home/travis/build/icyphy/ptII/ptolemy/actor/lib/test/auto/ConstantPublisherPort3.xml
4 ms. Memory: 480256K Free: 161345K (34%)
----------------- Invoking toplevel() on ptolemy.moml.MoMLSimpleApplication@11e3f987
----------------- Done invoking toplevel() on ptolemy.moml.MoMLSimpleApplication@11e3f987
reloadAllAccessors: .ConstantPublisherPort3

===========================================================================================
----------------- testing Thu Sep 12 05:44:25 UTC 2019 /home/travis/build/icyphy/ptII/ptolemy/actor/lib/test/auto/ConstantPublisherPort4.xml
----------------- Instantiating /home/travis/build/icyphy/ptII/ptolemy/actor/lib/test/auto/ConstantPublisherPort4.xml
3 ms. Memory: 480256K Free: 154687K (32%)
----------------- Invoking toplevel() on ptolemy.moml.MoMLSimpleApplication@2982f753
----------------- Done invoking toplevel() on ptolemy.moml.MoMLSimpleApplication@2982f753
reloadAllAccessors: .ConstantPublisherPort4

===========================================================================================
----------------- testing Thu Sep 12 05:44:25 UTC 2019 /home/travis/build/icyphy/ptII/ptolemy/actor/lib/test/auto/ConstantPublisherPort5.xml
----------------- Instantiating /home/travis/build/icyphy/ptII/ptolemy/actor/lib/test/auto/ConstantPublisherPort5.xml
26 ms. Memory: 480256K Free: 426049K (89%)
----------------- Invoking toplevel() on ptolemy.moml.MoMLSimpleApplication@1153900d
----------------- Done invoking toplevel() on ptolemy.moml.MoMLSimpleApplication@1153900d
reloadAllAccessors: .ConstantPublisherPort5

===========================================================================================
----------------- testing Thu Sep 12 05:44:25 UTC 2019 /home/travis/build/icyphy/ptII/ptolemy/actor/lib/test/auto/ConstantPublisherPort6.xml
----------------- Instantiating /home/travis/build/icyphy/ptII/ptolemy/actor/lib/test/auto/ConstantPublisherPort6.xml
20 ms. Memory: 480256K Free: 416833K (87%)
----------------- Invoking toplevel() on ptolemy.moml.MoMLSimpleApplication@78ba32e7
----------------- Done invoking toplevel() on ptolemy.moml.MoMLSimpleApplication@78ba32e7
reloadAllAccessors: .ConstantPublisherPort6

===========================================================================================
----------------- testing Thu Sep 12 05:44:25 UTC 2019 /home/travis/build/icyphy/ptII/ptolemy/actor/lib/test/auto/ConstantPublisherPort7.xml
----------------- Instantiating /home/travis/build/icyphy/ptII/ptolemy/actor/lib/test/auto/ConstantPublisherPort7.xml
17 ms. Memory: 480256K Free: 407103K (85%)
----------------- Invoking toplevel() on ptolemy.moml.MoMLSimpleApplication@1bc345a1
----------------- Done invoking toplevel() on ptolemy.moml.MoMLSimpleApplication@1bc345a1
reloadAllAccessors: .ConstantPublisherPort7

===========================================================================================
----------------- testing Thu Sep 12 05:44:25 UTC 2019 /home/travis/build/icyphy/ptII/ptolemy/actor/lib/test/auto/ConstraintMonitor1.xml
----------------- Instantiating /home/travis/build/icyphy/ptII/ptolemy/actor/lib/test/auto/ConstraintMonitor1.xml
10 ms. Memory: 480256K Free: 401983K (84%)
----------------- Invoking toplevel() on ptolemy.moml.MoMLSimpleApplication@768b54ad
----------------- Done invoking toplevel() on ptolemy.moml.MoMLSimpleApplication@768b54ad
reloadAllAccessors: .ConstraintMonitor1

===========================================================================================
----------------- testing Thu Sep 12 05:44:25 UTC 2019 /home/travis/build/icyphy/ptII/ptolemy/actor/lib/test/auto/ConstraintMonitor2.xml
----------------- Instantiating /home/travis/build/icyphy/ptII/ptolemy/actor/lib/test/auto/ConstraintMonitor2.xml
5 ms. Memory: 480256K Free: 397377K (83%)
----------------- Invoking toplevel() on ptolemy.moml.MoMLSimpleApplication@3511dfed
----------------- Done invoking toplevel() on ptolemy.moml.MoMLSimpleApplication@3511dfed
reloadAllAccessors: .ConstraintMonitor2

===========================================================================================
----------------- testing Thu Sep 12 05:44:25 UTC 2019 /home/travis/build/icyphy/ptII/ptolemy/actor/lib/test/auto/ConstraintMonitor3.xml
----------------- Instantiating /home/travis/build/icyphy/ptII/ptolemy/actor/lib/test/auto/ConstraintMonitor3.xml
5 ms. Memory: 480256K Free: 392767K (82%)
----------------- Invoking toplevel() on ptolemy.moml.MoMLSimpleApplication@2ee093df
----------------- Done invoking toplevel() on ptolemy.moml.MoMLSimpleApplication@2ee093df
reloadAllAccessors: .ConstraintMonitor3

===========================================================================================
----------------- testing Thu Sep 12 05:44:25 UTC 2019 /home/travis/build/icyphy/ptII/ptolemy/actor/lib/test/auto/ConstraintMonitor4.xml
----------------- Instantiating /home/travis/build/icyphy/ptII/ptolemy/actor/lib/test/auto/ConstraintMonitor4.xml
2 ms. Memory: 480256K Free: 388161K (81%)
----------------- Invoking toplevel() on ptolemy.moml.MoMLSimpleApplication@4fc34a62
----------------- Done invoking toplevel() on ptolemy.moml.MoMLSimpleApplication@4fc34a62
reloadAllAccessors: .ConstraintMonitor4

===========================================================================================
----------------- testing Thu Sep 12 05:44:25 UTC 2019 /home/travis/build/icyphy/ptII/ptolemy/actor/lib/test/auto/ConstraintMonitor5.xml
----------------- Instantiating /home/travis/build/icyphy/ptII/ptolemy/actor/lib/test/auto/ConstraintMonitor5.xml
4 ms. Memory: 480256K Free: 382527K (80%)
----------------- Invoking toplevel() on ptolemy.moml.MoMLSimpleApplication@155d0aa9
----------------- Done invoking toplevel() on ptolemy.moml.MoMLSimpleApplication@155d0aa9
reloadAllAccessors: .ConstraintMonitor5

===========================================================================================
----------------- testing Thu Sep 12 05:44:25 UTC 2019 /home/travis/build/icyphy/ptII/ptolemy/actor/lib/test/auto/ConstraintMonitor6.xml
----------------- Instantiating /home/travis/build/icyphy/ptII/ptolemy/actor/lib/test/auto/ConstraintMonitor6.xml
6 ms. Memory: 480256K Free: 376376K (78%)
----------------- Invoking toplevel() on ptolemy.moml.MoMLSimpleApplication@3ddefa6f
----------------- Done invoking toplevel() on ptolemy.moml.MoMLSimpleApplication@3ddefa6f
reloadAllAccessors: .ConstraintMonitor6

===========================================================================================
----------------- testing Thu Sep 12 05:44:25 UTC 2019 /home/travis/build/icyphy/ptII/ptolemy/actor/lib/test/auto/ConstraintMonitor7.xml
----------------- Instantiating /home/travis/build/icyphy/ptII/ptolemy/actor/lib/test/auto/ConstraintMonitor7.xml
9 ms. Memory: 480256K Free: 369729K (77%)
----------------- Invoking toplevel() on ptolemy.moml.MoMLSimpleApplication@78d1faf2
----------------- Done invoking toplevel() on ptolemy.moml.MoMLSimpleApplication@78d1faf2
reloadAllAccessors: .ConstraintMonitor7

===========================================================================================
----------------- testing Thu Sep 12 05:44:25 UTC 2019 /home/travis/build/icyphy/ptII/ptolemy/actor/lib/test/auto/ConstraintMonitor8.xml
----------------- Instantiating /home/travis/build/icyphy/ptII/ptolemy/actor/lib/test/auto/ConstraintMonitor8.xml
7 ms. Memory: 480256K Free: 362561K (75%)
----------------- Invoking toplevel() on ptolemy.moml.MoMLSimpleApplication@538778ae
----------------- Done invoking toplevel() on ptolemy.moml.MoMLSimpleApplication@538778ae
reloadAllAccessors: .ConstraintMonitor8

===========================================================================================
----------------- testing Thu Sep 12 05:44:25 UTC 2019 /home/travis/build/icyphy/ptII/ptolemy/actor/lib/test/auto/Counter.xml
----------------- Instantiating /home/travis/build/icyphy/ptII/ptolemy/actor/lib/test/auto/Counter.xml
3 ms. Memory: 480256K Free: 357441K (74%)
----------------- Invoking toplevel() on ptolemy.moml.MoMLSimpleApplication@1a34af42
----------------- Done invoking toplevel() on ptolemy.moml.MoMLSimpleApplication@1a34af42
reloadAllAccessors: .Counter

===========================================================================================
----------------- testing Thu Sep 12 05:44:25 UTC 2019 /home/travis/build/icyphy/ptII/ptolemy/actor/lib/test/auto/CurrentTimeSDF.xml
----------------- Instantiating /home/travis/build/icyphy/ptII/ptolemy/actor/lib/test/auto/CurrentTimeSDF.xml
1 ms. Memory: 480256K Free: 353345K (74%)
----------------- Invoking toplevel() on ptolemy.moml.MoMLSimpleApplication@4c929c5c
----------------- Done invoking toplevel() on ptolemy.moml.MoMLSimpleApplication@4c929c5c
reloadAllAccessors: .CurrentTimeSDF

===========================================================================================
----------------- testing Thu Sep 12 05:44:25 UTC 2019 /home/travis/build/icyphy/ptII/ptolemy/actor/lib/test/auto/DB.xml
----------------- Instantiating /home/travis/build/icyphy/ptII/ptolemy/actor/lib/test/auto/DB.xml
3 ms. Memory: 480256K Free: 348735K (73%)
----------------- Invoking toplevel() on ptolemy.moml.MoMLSimpleApplication@39bd2af0
----------------- Done invoking toplevel() on ptolemy.moml.MoMLSimpleApplication@39bd2af0
reloadAllAccessors: .DB

===========================================================================================
----------------- testing Thu Sep 12 05:44:25 UTC 2019 /home/travis/build/icyphy/ptII/ptolemy/actor/lib/test/auto/DBDE.xml
----------------- Instantiating /home/travis/build/icyphy/ptII/ptolemy/actor/lib/test/auto/DBDE.xml
2 ms. Memory: 480256K Free: 342560K (71%)
----------------- Invoking toplevel() on ptolemy.moml.MoMLSimpleApplication@623cf3b2
----------------- Done invoking toplevel() on ptolemy.moml.MoMLSimpleApplication@623cf3b2
reloadAllAccessors: .DBDE

===========================================================================================
----------------- testing Thu Sep 12 05:44:25 UTC 2019 /home/travis/build/icyphy/ptII/ptolemy/actor/lib/test/auto/DateConstructor.xml
----------------- Instantiating /home/travis/build/icyphy/ptII/ptolemy/actor/lib/test/auto/DateConstructor.xml
33 ms. Memory: 480256K Free: 324673K (68%)
----------------- Invoking toplevel() on ptolemy.moml.MoMLSimpleApplication@29a8daa8
----------------- Done invoking toplevel() on ptolemy.moml.MoMLSimpleApplication@29a8daa8
reloadAllAccessors: .DateConstructor

===========================================================================================
----------------- testing Thu Sep 12 05:44:26 UTC 2019 /home/travis/build/icyphy/ptII/ptolemy/actor/lib/test/auto/DelayTime.xml
----------------- Instantiating /home/travis/build/icyphy/ptII/ptolemy/actor/lib/test/auto/DelayTime.xml
7 ms. Memory: 480256K Free: 320063K (67%)
----------------- Invoking toplevel() on ptolemy.moml.MoMLSimpleApplication@4957d880
----------------- Done invoking toplevel() on ptolemy.moml.MoMLSimpleApplication@4957d880
reloadAllAccessors: .DelayTime

===========================================================================================
----------------- testing Thu Sep 12 05:44:26 UTC 2019 /home/travis/build/icyphy/ptII/ptolemy/actor/lib/test/auto/Dictionary1.xml
----------------- Instantiating /home/travis/build/icyphy/ptII/ptolemy/actor/lib/test/auto/Dictionary1.xml
1 ms. Memory: 480256K Free: 314433K (65%)
----------------- Invoking toplevel() on ptolemy.moml.MoMLSimpleApplication@1cd0293f
----------------- Done invoking toplevel() on ptolemy.moml.MoMLSimpleApplication@1cd0293f
reloadAllAccessors: .Dictionary1

===========================================================================================
----------------- testing Thu Sep 12 05:44:26 UTC 2019 /home/travis/build/icyphy/ptII/ptolemy/actor/lib/test/auto/Dictionary2.xml
----------------- Instantiating /home/travis/build/icyphy/ptII/ptolemy/actor/lib/test/auto/Dictionary2.xml
4 ms. Memory: 480256K Free: 308799K (64%)
----------------- Invoking toplevel() on ptolemy.moml.MoMLSimpleApplication@3bf1adba
----------------- Done invoking toplevel() on ptolemy.moml.MoMLSimpleApplication@3bf1adba
reloadAllAccessors: .Dictionary2

===========================================================================================
----------------- testing Thu Sep 12 05:44:26 UTC 2019 /home/travis/build/icyphy/ptII/ptolemy/actor/lib/test/auto/Dictionary3.xml
----------------- Instantiating /home/travis/build/icyphy/ptII/ptolemy/actor/lib/test/auto/Dictionary3.xml
2 ms. Memory: 480256K Free: 303169K (63%)
----------------- Invoking toplevel() on ptolemy.moml.MoMLSimpleApplication@68f8376a
----------------- Done invoking toplevel() on ptolemy.moml.MoMLSimpleApplication@68f8376a
reloadAllAccessors: .Dictionary3

===========================================================================================
----------------- testing Thu Sep 12 05:44:26 UTC 2019 /home/travis/build/icyphy/ptII/ptolemy/actor/lib/test/auto/Dictionary4.xml
----------------- Instantiating /home/travis/build/icyphy/ptII/ptolemy/actor/lib/test/auto/Dictionary4.xml
5 ms. Memory: 480256K Free: 296511K (62%)
----------------- Invoking toplevel() on ptolemy.moml.MoMLSimpleApplication@de5ba3d
----------------- Done invoking toplevel() on ptolemy.moml.MoMLSimpleApplication@de5ba3d
reloadAllAccessors: .Dictionary4

===========================================================================================
----------------- testing Thu Sep 12 05:44:26 UTC 2019 /home/travis/build/icyphy/ptII/ptolemy/actor/lib/test/auto/Differential.xml
----------------- Instantiating /home/travis/build/icyphy/ptII/ptolemy/actor/lib/test/auto/Differential.xml
3 ms. Memory: 480256K Free: 291905K (61%)
----------------- Invoking toplevel() on ptolemy.moml.MoMLSimpleApplication@2f9b5c91
----------------- Done invoking toplevel() on ptolemy.moml.MoMLSimpleApplication@2f9b5c91
reloadAllAccessors: .Differential

===========================================================================================
----------------- testing Thu Sep 12 05:44:26 UTC 2019 /home/travis/build/icyphy/ptII/ptolemy/actor/lib/test/auto/Director.xml
----------------- Instantiating /home/travis/build/icyphy/ptII/ptolemy/actor/lib/test/auto/Director.xml
2 ms. Memory: 480256K Free: 288319K (60%)
----------------- Invoking toplevel() on ptolemy.moml.MoMLSimpleApplication@2eae6c76
----------------- Done invoking toplevel() on ptolemy.moml.MoMLSimpleApplication@2eae6c76
reloadAllAccessors: .Director

===========================================================================================
----------------- testing Thu Sep 12 05:44:26 UTC 2019 /home/travis/build/icyphy/ptII/ptolemy/actor/lib/test/auto/DiscreteClock.xml
----------------- Instantiating /home/travis/build/icyphy/ptII/ptolemy/actor/lib/test/auto/DiscreteClock.xml
1 ms. Memory: 480256K Free: 284737K (59%)
----------------- Invoking toplevel() on ptolemy.moml.MoMLSimpleApplication@59c57a57
----------------- Done invoking toplevel() on ptolemy.moml.MoMLSimpleApplication@59c57a57
reloadAllAccessors: .DiscreteClock

===========================================================================================
----------------- testing Thu Sep 12 05:44:26 UTC 2019 /home/travis/build/icyphy/ptII/ptolemy/actor/lib/test/auto/DiscreteClock10.xml
----------------- Instantiating /home/travis/build/icyphy/ptII/ptolemy/actor/lib/test/auto/DiscreteClock10.xml
4 ms. Memory: 480256K Free: 278593K (58%)
----------------- Invoking toplevel() on ptolemy.moml.MoMLSimpleApplication@1b84011f
----------------- Done invoking toplevel() on ptolemy.moml.MoMLSimpleApplication@1b84011f
reloadAllAccessors: .DiscreteClock10

===========================================================================================
----------------- testing Thu Sep 12 05:44:26 UTC 2019 /home/travis/build/icyphy/ptII/ptolemy/actor/lib/test/auto/DiscreteClock11.xml
----------------- Instantiating /home/travis/build/icyphy/ptII/ptolemy/actor/lib/test/auto/DiscreteClock11.xml
2 ms. Memory: 480256K Free: 272449K (57%)
----------------- Invoking toplevel() on ptolemy.moml.MoMLSimpleApplication@19cb4680
----------------- Done invoking toplevel() on ptolemy.moml.MoMLSimpleApplication@19cb4680
reloadAllAccessors: .DiscreteClock11

===========================================================================================
----------------- testing Thu Sep 12 05:44:26 UTC 2019 /home/travis/build/icyphy/ptII/ptolemy/actor/lib/test/auto/DiscreteClock12.xml
----------------- Instantiating /home/travis/build/icyphy/ptII/ptolemy/actor/lib/test/auto/DiscreteClock12.xml
3 ms. Memory: 480256K Free: 266305K (55%)
----------------- Invoking toplevel() on ptolemy.moml.MoMLSimpleApplication@7120dc1d
----------------- Done invoking toplevel() on ptolemy.moml.MoMLSimpleApplication@7120dc1d
reloadAllAccessors: .DiscreteClock12

===========================================================================================
----------------- testing Thu Sep 12 05:44:26 UTC 2019 /home/travis/build/icyphy/ptII/ptolemy/actor/lib/test/auto/DiscreteClock13.xml
----------------- Instantiating /home/travis/build/icyphy/ptII/ptolemy/actor/lib/test/auto/DiscreteClock13.xml
5 ms. Memory: 480256K Free: 260664K (54%)
----------------- Invoking toplevel() on ptolemy.moml.MoMLSimpleApplication@140a19c9
----------------- Done invoking toplevel() on ptolemy.moml.MoMLSimpleApplication@140a19c9
reloadAllAccessors: .DiscreteClock13

===========================================================================================
----------------- testing Thu Sep 12 05:44:26 UTC 2019 /home/travis/build/icyphy/ptII/ptolemy/actor/lib/test/auto/DiscreteClock14.xml
----------------- Instantiating /home/travis/build/icyphy/ptII/ptolemy/actor/lib/test/auto/DiscreteClock14.xml
5 ms. Memory: 480256K Free: 254496K (53%)
----------------- Invoking toplevel() on ptolemy.moml.MoMLSimpleApplication@4cdc5c7f
----------------- Done invoking toplevel() on ptolemy.moml.MoMLSimpleApplication@4cdc5c7f
reloadAllAccessors: .DiscreteClock14

===========================================================================================
----------------- testing Thu Sep 12 05:44:26 UTC 2019 /home/travis/build/icyphy/ptII/ptolemy/actor/lib/test/auto/DiscreteClock15.xml
----------------- Instantiating /home/travis/build/icyphy/ptII/ptolemy/actor/lib/test/auto/DiscreteClock15.xml
3 ms. Memory: 480256K Free: 248352K (52%)
----------------- Invoking toplevel() on ptolemy.moml.MoMLSimpleApplication@5deabf59
----------------- Done invoking toplevel() on ptolemy.moml.MoMLSimpleApplication@5deabf59
reloadAllAccessors: .DiscreteClock15

===========================================================================================
----------------- testing Thu Sep 12 05:44:26 UTC 2019 /home/travis/build/icyphy/ptII/ptolemy/actor/lib/test/auto/DiscreteClock16.xml
----------------- Instantiating /home/travis/build/icyphy/ptII/ptolemy/actor/lib/test/auto/DiscreteClock16.xml
18 ms. Memory: 480256K Free: 234561K (49%)
----------------- Invoking toplevel() on ptolemy.moml.MoMLSimpleApplication@68897a31
----------------- Done invoking toplevel() on ptolemy.moml.MoMLSimpleApplication@68897a31
reloadAllAccessors: .DiscreteClock16

===========================================================================================
----------------- testing Thu Sep 12 05:44:26 UTC 2019 /home/travis/build/icyphy/ptII/ptolemy/actor/lib/test/auto/DiscreteClock17.xml
----------------- Instantiating /home/travis/build/icyphy/ptII/ptolemy/actor/lib/test/auto/DiscreteClock17.xml
19 ms. Memory: 480256K Free: 220720K (46%)
----------------- Invoking toplevel() on ptolemy.moml.MoMLSimpleApplication@3b207f08
----------------- Done invoking toplevel() on ptolemy.moml.MoMLSimpleApplication@3b207f08
reloadAllAccessors: .DiscreteClock17

===========================================================================================
----------------- testing Thu Sep 12 05:44:26 UTC 2019 /home/travis/build/icyphy/ptII/ptolemy/actor/lib/test/auto/DiscreteClock18.xml
----------------- Instantiating /home/travis/build/icyphy/ptII/ptolemy/actor/lib/test/auto/DiscreteClock18.xml
26 ms. Memory: 480256K Free: 206913K (43%)
----------------- Invoking toplevel() on ptolemy.moml.MoMLSimpleApplication@44cdc113
----------------- Done invoking toplevel() on ptolemy.moml.MoMLSimpleApplication@44cdc113
reloadAllAccessors: .DiscreteClock18

===========================================================================================
----------------- testing Thu Sep 12 05:44:26 UTC 2019 /home/travis/build/icyphy/ptII/ptolemy/actor/lib/test/auto/DiscreteClock19.xml
----------------- Instantiating /home/travis/build/icyphy/ptII/ptolemy/actor/lib/test/auto/DiscreteClock19.xml
13 ms. Memory: 480256K Free: 193056K (40%)
----------------- Invoking toplevel() on ptolemy.moml.MoMLSimpleApplication@5da291b6
----------------- Done invoking toplevel() on ptolemy.moml.MoMLSimpleApplication@5da291b6
reloadAllAccessors: .DiscreteClock19

===========================================================================================
----------------- testing Thu Sep 12 05:44:26 UTC 2019 /home/travis/build/icyphy/ptII/ptolemy/actor/lib/test/auto/DiscreteClock2.xml
----------------- Instantiating /home/travis/build/icyphy/ptII/ptolemy/actor/lib/test/auto/DiscreteClock2.xml
4 ms. Memory: 480256K Free: 187952K (39%)
----------------- Invoking toplevel() on ptolemy.moml.MoMLSimpleApplication@6b51c9ab
----------------- Done invoking toplevel() on ptolemy.moml.MoMLSimpleApplication@6b51c9ab
reloadAllAccessors: .DiscreteClock2

===========================================================================================
----------------- testing Thu Sep 12 05:44:26 UTC 2019 /home/travis/build/icyphy/ptII/ptolemy/actor/lib/test/auto/DiscreteClock20.xml
----------------- Instantiating /home/travis/build/icyphy/ptII/ptolemy/actor/lib/test/auto/DiscreteClock20.xml
5 ms. Memory: 480256K Free: 182337K (38%)
----------------- Invoking toplevel() on ptolemy.moml.MoMLSimpleApplication@6a3d913f
----------------- Done invoking toplevel() on ptolemy.moml.MoMLSimpleApplication@6a3d913f
reloadAllAccessors: .DiscreteClock20

===========================================================================================
----------------- testing Thu Sep 12 05:44:26 UTC 2019 /home/travis/build/icyphy/ptII/ptolemy/actor/lib/test/auto/DiscreteClock21.xml
----------------- Instantiating /home/travis/build/icyphy/ptII/ptolemy/actor/lib/test/auto/DiscreteClock21.xml
6 ms. Memory: 480256K Free: 177217K (37%)
----------------- Invoking toplevel() on ptolemy.moml.MoMLSimpleApplication@65a03e86
----------------- Done invoking toplevel() on ptolemy.moml.MoMLSimpleApplication@65a03e86
reloadAllAccessors: .DiscreteClock21

===========================================================================================
----------------- testing Thu Sep 12 05:44:26 UTC 2019 /home/travis/build/icyphy/ptII/ptolemy/actor/lib/test/auto/DiscreteClock22.xml
----------------- Instantiating /home/travis/build/icyphy/ptII/ptolemy/actor/lib/test/auto/DiscreteClock22.xml
4 ms. Memory: 480256K Free: 171583K (36%)
----------------- Invoking toplevel() on ptolemy.moml.MoMLSimpleApplication@d74cdc1
----------------- Done invoking toplevel() on ptolemy.moml.MoMLSimpleApplication@d74cdc1
reloadAllAccessors: .DiscreteClock22

===========================================================================================
----------------- testing Thu Sep 12 05:44:26 UTC 2019 /home/travis/build/icyphy/ptII/ptolemy/actor/lib/test/auto/DiscreteClock23.xml
----------------- Instantiating /home/travis/build/icyphy/ptII/ptolemy/actor/lib/test/auto/DiscreteClock23.xml
5 ms. Memory: 480256K Free: 165953K (35%)
----------------- Invoking toplevel() on ptolemy.moml.MoMLSimpleApplication@493eafab
----------------- Done invoking toplevel() on ptolemy.moml.MoMLSimpleApplication@493eafab
reloadAllAccessors: .DiscreteClock23

===========================================================================================
----------------- testing Thu Sep 12 05:44:26 UTC 2019 /home/travis/build/icyphy/ptII/ptolemy/actor/lib/test/auto/DiscreteClock24.xml
----------------- Instantiating /home/travis/build/icyphy/ptII/ptolemy/actor/lib/test/auto/DiscreteClock24.xml
4 ms. Memory: 480256K Free: 160319K (33%)
----------------- Invoking toplevel() on ptolemy.moml.MoMLSimpleApplication@3a0fdce3
----------------- Done invoking toplevel() on ptolemy.moml.MoMLSimpleApplication@3a0fdce3
reloadAllAccessors: .DiscreteClock24

===========================================================================================
----------------- testing Thu Sep 12 05:44:26 UTC 2019 /home/travis/build/icyphy/ptII/ptolemy/actor/lib/test/auto/DiscreteClock4.xml
----------------- Instantiating /home/travis/build/icyphy/ptII/ptolemy/actor/lib/test/auto/DiscreteClock4.xml
4 ms. Memory: 480256K Free: 155184K (32%)
----------------- Invoking toplevel() on ptolemy.moml.MoMLSimpleApplication@36970bcb
----------------- Done invoking toplevel() on ptolemy.moml.MoMLSimpleApplication@36970bcb
reloadAllAccessors: .DiscreteClock4

===========================================================================================
----------------- testing Thu Sep 12 05:44:26 UTC 2019 /home/travis/build/icyphy/ptII/ptolemy/actor/lib/test/auto/DiscreteClock5.xml
----------------- Instantiating /home/travis/build/icyphy/ptII/ptolemy/actor/lib/test/auto/DiscreteClock5.xml
1 ms. Memory: 480256K Free: 430640K (90%)
----------------- Invoking toplevel() on ptolemy.moml.MoMLSimpleApplication@6e7aebc4
----------------- Done invoking toplevel() on ptolemy.moml.MoMLSimpleApplication@6e7aebc4
reloadAllAccessors: .DiscreteClock5

===========================================================================================
----------------- testing Thu Sep 12 05:44:26 UTC 2019 /home/travis/build/icyphy/ptII/ptolemy/actor/lib/test/auto/DiscreteClock6.xml
----------------- Instantiating /home/travis/build/icyphy/ptII/ptolemy/actor/lib/test/auto/DiscreteClock6.xml
1 ms. Memory: 480256K Free: 426544K (89%)
----------------- Invoking toplevel() on ptolemy.moml.MoMLSimpleApplication@57bf9162
----------------- Done invoking toplevel() on ptolemy.moml.MoMLSimpleApplication@57bf9162
reloadAllAccessors: .DiscreteClock6

===========================================================================================
----------------- testing Thu Sep 12 05:44:26 UTC 2019 /home/travis/build/icyphy/ptII/ptolemy/actor/lib/test/auto/DiscreteClock7.xml
----------------- Instantiating /home/travis/build/icyphy/ptII/ptolemy/actor/lib/test/auto/DiscreteClock7.xml
1 ms. Memory: 480256K Free: 421439K (88%)
----------------- Invoking toplevel() on ptolemy.moml.MoMLSimpleApplication@17cdb5ad
----------------- Done invoking toplevel() on ptolemy.moml.MoMLSimpleApplication@17cdb5ad
reloadAllAccessors: .DiscreteClock7

===========================================================================================
----------------- testing Thu Sep 12 05:44:26 UTC 2019 /home/travis/build/icyphy/ptII/ptolemy/actor/lib/test/auto/DiscreteClock8.xml
----------------- Instantiating /home/travis/build/icyphy/ptII/ptolemy/actor/lib/test/auto/DiscreteClock8.xml
5 ms. Memory: 480256K Free: 415809K (87%)
----------------- Invoking toplevel() on ptolemy.moml.MoMLSimpleApplication@65d6fcf6
----------------- Done invoking toplevel() on ptolemy.moml.MoMLSimpleApplication@65d6fcf6
reloadAllAccessors: .DiscreteClock8

===========================================================================================
----------------- testing Thu Sep 12 05:44:26 UTC 2019 /home/travis/build/icyphy/ptII/ptolemy/actor/lib/test/auto/DiscreteClock9.xml
----------------- Instantiating /home/travis/build/icyphy/ptII/ptolemy/actor/lib/test/auto/DiscreteClock9.xml
3 ms. Memory: 480256K Free: 409665K (85%)
----------------- Invoking toplevel() on ptolemy.moml.MoMLSimpleApplication@5501bd5
----------------- Done invoking toplevel() on ptolemy.moml.MoMLSimpleApplication@5501bd5
reloadAllAccessors: .DiscreteClock9

===========================================================================================
----------------- testing Thu Sep 12 05:44:26 UTC 2019 /home/travis/build/icyphy/ptII/ptolemy/actor/lib/test/auto/DisplayArray.xml
----------------- Instantiating /home/travis/build/icyphy/ptII/ptolemy/actor/lib/test/auto/DisplayArray.xml
2 ms. Memory: 480256K Free: 406593K (85%)
----------------- Invoking toplevel() on ptolemy.moml.MoMLSimpleApplication@3da84169
----------------- Done invoking toplevel() on ptolemy.moml.MoMLSimpleApplication@3da84169
reloadAllAccessors: .DisplayArray

===========================================================================================
----------------- testing Thu Sep 12 05:44:26 UTC 2019 /home/travis/build/icyphy/ptII/ptolemy/actor/lib/test/auto/Distributor.xml
----------------- Instantiating /home/travis/build/icyphy/ptII/ptolemy/actor/lib/test/auto/Distributor.xml
2 ms. Memory: 480256K Free: 401473K (84%)
----------------- Invoking toplevel() on ptolemy.moml.MoMLSimpleApplication@5678cff7
----------------- Done invoking toplevel() on ptolemy.moml.MoMLSimpleApplication@5678cff7
reloadAllAccessors: .Distributor

===========================================================================================
----------------- testing Thu Sep 12 05:44:26 UTC 2019 /home/travis/build/icyphy/ptII/ptolemy/actor/lib/test/auto/Distributor2.xml
----------------- Instantiating /home/travis/build/icyphy/ptII/ptolemy/actor/lib/test/auto/Distributor2.xml
2 ms. Memory: 480256K Free: 396353K (83%)
----------------- Invoking toplevel() on ptolemy.moml.MoMLSimpleApplication@2315112b
----------------- Done invoking toplevel() on ptolemy.moml.MoMLSimpleApplication@2315112b
reloadAllAccessors: .Distributor2

===========================================================================================
----------------- testing Thu Sep 12 05:44:26 UTC 2019 /home/travis/build/icyphy/ptII/ptolemy/actor/lib/test/auto/DownSample.xml
----------------- Instantiating /home/travis/build/icyphy/ptII/ptolemy/actor/lib/test/auto/DownSample.xml
1 ms. Memory: 480256K Free: 391743K (82%)
----------------- Invoking toplevel() on ptolemy.moml.MoMLSimpleApplication@23077d91
----------------- Done invoking toplevel() on ptolemy.moml.MoMLSimpleApplication@23077d91
reloadAllAccessors: .DownSample

===========================================================================================
----------------- testing Thu Sep 12 05:44:26 UTC 2019 /home/travis/build/icyphy/ptII/ptolemy/actor/lib/test/auto/ElectronicUnitBase1.xml
----------------- Instantiating /home/travis/build/icyphy/ptII/ptolemy/actor/lib/test/auto/ElectronicUnitBase1.xml
16 ms. Memory: 480256K Free: 376383K (78%)
----------------- Invoking toplevel() on ptolemy.moml.MoMLSimpleApplication@687c57ed
----------------- Done invoking toplevel() on ptolemy.moml.MoMLSimpleApplication@687c57ed
reloadAllAccessors: .ElectronicUnitBase1

===========================================================================================
----------------- testing Thu Sep 12 05:44:26 UTC 2019 /home/travis/build/icyphy/ptII/ptolemy/actor/lib/test/auto/ElementsToArray.xml
----------------- Instantiating /home/travis/build/icyphy/ptII/ptolemy/actor/lib/test/auto/ElementsToArray.xml
3 ms. Memory: 480256K Free: 371263K (77%)
----------------- Invoking toplevel() on ptolemy.moml.MoMLSimpleApplication@7c308e9b
----------------- Done invoking toplevel() on ptolemy.moml.MoMLSimpleApplication@7c308e9b
reloadAllAccessors: .ElementsToArray

===========================================================================================
----------------- testing Thu Sep 12 05:44:26 UTC 2019 /home/travis/build/icyphy/ptII/ptolemy/actor/lib/test/auto/Equals.xml
----------------- Instantiating /home/travis/build/icyphy/ptII/ptolemy/actor/lib/test/auto/Equals.xml
3 ms. Memory: 480256K Free: 366657K (76%)
----------------- Invoking toplevel() on ptolemy.moml.MoMLSimpleApplication@7ced72b5
----------------- Done invoking toplevel() on ptolemy.moml.MoMLSimpleApplication@7ced72b5
reloadAllAccessors: .Equals

===========================================================================================
----------------- testing Thu Sep 12 05:44:26 UTC 2019 /home/travis/build/icyphy/ptII/ptolemy/actor/lib/test/auto/Exec.xml
----------------- Instantiating /home/travis/build/icyphy/ptII/ptolemy/actor/lib/test/auto/Exec.xml
22 ms. Memory: 480256K Free: 361023K (75%)
----------------- Invoking toplevel() on ptolemy.moml.MoMLSimpleApplication@427344e0
----------------- Done invoking toplevel() on ptolemy.moml.MoMLSimpleApplication@427344e0
reloadAllAccessors: .Exec

===========================================================================================
----------------- testing Thu Sep 12 05:44:27 UTC 2019 /home/travis/build/icyphy/ptII/ptolemy/actor/lib/test/auto/ExecEnvironment.xml
----------------- Instantiating /home/travis/build/icyphy/ptII/ptolemy/actor/lib/test/auto/ExecEnvironment.xml
37 ms. Memory: 480256K Free: 354879K (74%)
----------------- Invoking toplevel() on ptolemy.moml.MoMLSimpleApplication@2866f3ae
----------------- Done invoking toplevel() on ptolemy.moml.MoMLSimpleApplication@2866f3ae
reloadAllAccessors: .ExecEnvironment

===========================================================================================
----------------- testing Thu Sep 12 05:44:27 UTC 2019 /home/travis/build/icyphy/ptII/ptolemy/actor/lib/test/auto/ExecNonZeroReturnOutput.xml
----------------- Instantiating /home/travis/build/icyphy/ptII/ptolemy/actor/lib/test/auto/ExecNonZeroReturnOutput.xml
200 ms. Memory: 480256K Free: 343615K (72%)
----------------- Invoking toplevel() on ptolemy.moml.MoMLSimpleApplication@6365c6ba
----------------- Done invoking toplevel() on ptolemy.moml.MoMLSimpleApplication@6365c6ba
reloadAllAccessors: .ExecNonZeroReturnOutput

===========================================================================================
----------------- testing Thu Sep 12 05:44:27 UTC 2019 /home/travis/build/icyphy/ptII/ptolemy/actor/lib/test/auto/ExecRunDemos.xml
----------------- Instantiating /home/travis/build/icyphy/ptII/ptolemy/actor/lib/test/auto/ExecRunDemos.xml
Finished: 72 ms. Memory: 120832K Free: 104262K (86%)

Finished: 72 ms. Memory: 120832K Free: 111002K (92%)

Finished: 135 ms. Memory: 120832K Free: 110808K (92%)

Finished: 136 ms. Memory: 120832K Free: 111377K (92%)

Finished: 108 ms. Memory: 120832K Free: 103983K (86%)

11348 ms. Memory: 480256K Free: 322623K (67%)
----------------- Invoking toplevel() on ptolemy.moml.MoMLSimpleApplication@247f0531
----------------- Done invoking toplevel() on ptolemy.moml.MoMLSimpleApplication@247f0531
reloadAllAccessors: .ExecRunDemos

===========================================================================================
----------------- testing Thu Sep 12 05:44:38 UTC 2019 /home/travis/build/icyphy/ptII/ptolemy/actor/lib/test/auto/ExecStop.xml
----------------- Instantiating /home/travis/build/icyphy/ptII/ptolemy/actor/lib/test/auto/ExecStop.xml
5019 ms. Memory: 480256K Free: 224321K (47%)
----------------- Invoking toplevel() on ptolemy.moml.MoMLSimpleApplication@5a383d81
----------------- Done invoking toplevel() on ptolemy.moml.MoMLSimpleApplication@5a383d81
reloadAllAccessors: .ExecStop

===========================================================================================
----------------- testing Thu Sep 12 05:44:43 UTC 2019 /home/travis/build/icyphy/ptII/ptolemy/actor/lib/test/auto/ExecutionTimeSDF.xml
----------------- Instantiating /home/travis/build/icyphy/ptII/ptolemy/actor/lib/test/auto/ExecutionTimeSDF.xml
Fired ExecutionTime: -2051767296
Fired ExecutionTime: 1042400000
Fired ExecutionTime: 1076800000
6011 ms. Memory: 480256K Free: 212033K (44%)
----------------- Invoking toplevel() on ptolemy.moml.MoMLSimpleApplication@612677d4
----------------- Done invoking toplevel() on ptolemy.moml.MoMLSimpleApplication@612677d4
reloadAllAccessors: .ExecutionTimeSDF

===========================================================================================
----------------- testing Thu Sep 12 05:44:49 UTC 2019 /home/travis/build/icyphy/ptII/ptolemy/actor/lib/test/auto/Expression1.xml
----------------- Instantiating /home/travis/build/icyphy/ptII/ptolemy/actor/lib/test/auto/Expression1.xml
1 ms. Memory: 480256K Free: 208961K (44%)
----------------- Invoking toplevel() on ptolemy.moml.MoMLSimpleApplication@54166f4c
----------------- Done invoking toplevel() on ptolemy.moml.MoMLSimpleApplication@54166f4c
reloadAllAccessors: .Expression1

===========================================================================================
----------------- testing Thu Sep 12 05:44:49 UTC 2019 /home/travis/build/icyphy/ptII/ptolemy/actor/lib/test/auto/Expression10.xml
----------------- Instantiating /home/travis/build/icyphy/ptII/ptolemy/actor/lib/test/auto/Expression10.xml
12 ms. Memory: 480256K Free: 203327K (42%)
----------------- Invoking toplevel() on ptolemy.moml.MoMLSimpleApplication@7ceb5a97
----------------- Done invoking toplevel() on ptolemy.moml.MoMLSimpleApplication@7ceb5a97
reloadAllAccessors: .Expression10

===========================================================================================
----------------- testing Thu Sep 12 05:44:49 UTC 2019 /home/travis/build/icyphy/ptII/ptolemy/actor/lib/test/auto/Expression11.xml
----------------- Instantiating /home/travis/build/icyphy/ptII/ptolemy/actor/lib/test/auto/Expression11.xml
3 ms. Memory: 480256K Free: 199231K (41%)
----------------- Invoking toplevel() on ptolemy.moml.MoMLSimpleApplication@55fd64b6
----------------- Done invoking toplevel() on ptolemy.moml.MoMLSimpleApplication@55fd64b6
reloadAllAccessors: .Expression11

===========================================================================================
----------------- testing Thu Sep 12 05:44:49 UTC 2019 /home/travis/build/icyphy/ptII/ptolemy/actor/lib/test/auto/Expression12.xml
----------------- Instantiating /home/travis/build/icyphy/ptII/ptolemy/actor/lib/test/auto/Expression12.xml
6 ms. Memory: 480256K Free: 193601K (40%)
----------------- Invoking toplevel() on ptolemy.moml.MoMLSimpleApplication@552c5c3d
----------------- Done invoking toplevel() on ptolemy.moml.MoMLSimpleApplication@552c5c3d
reloadAllAccessors: .Expression12

===========================================================================================
----------------- testing Thu Sep 12 05:44:49 UTC 2019 /home/travis/build/icyphy/ptII/ptolemy/actor/lib/test/auto/Expression13.xml
----------------- Instantiating /home/travis/build/icyphy/ptII/ptolemy/actor/lib/test/auto/Expression13.xml
4 ms. Memory: 480256K Free: 188481K (39%)
----------------- Invoking toplevel() on ptolemy.moml.MoMLSimpleApplication@77a4dd66
----------------- Done invoking toplevel() on ptolemy.moml.MoMLSimpleApplication@77a4dd66
reloadAllAccessors: .Expression13

===========================================================================================
----------------- testing Thu Sep 12 05:44:49 UTC 2019 /home/travis/build/icyphy/ptII/ptolemy/actor/lib/test/auto/Expression14.xml
----------------- Instantiating /home/travis/build/icyphy/ptII/ptolemy/actor/lib/test/auto/Expression14.xml
9 ms. Memory: 480256K Free: 182847K (38%)
----------------- Invoking toplevel() on ptolemy.moml.MoMLSimpleApplication@3f687900
----------------- Done invoking toplevel() on ptolemy.moml.MoMLSimpleApplication@3f687900
reloadAllAccessors: .Expression14

===========================================================================================
----------------- testing Thu Sep 12 05:44:49 UTC 2019 /home/travis/build/icyphy/ptII/ptolemy/actor/lib/test/auto/Expression15.xml
----------------- Instantiating /home/travis/build/icyphy/ptII/ptolemy/actor/lib/test/auto/Expression15.xml
3 ms. Memory: 480256K Free: 178751K (37%)
----------------- Invoking toplevel() on ptolemy.moml.MoMLSimpleApplication@32de4098
----------------- Done invoking toplevel() on ptolemy.moml.MoMLSimpleApplication@32de4098
reloadAllAccessors: .Expression15

===========================================================================================
----------------- testing Thu Sep 12 05:44:49 UTC 2019 /home/travis/build/icyphy/ptII/ptolemy/actor/lib/test/auto/Expression16.xml
----------------- Instantiating /home/travis/build/icyphy/ptII/ptolemy/actor/lib/test/auto/Expression16.xml
5 ms. Memory: 480256K Free: 174145K (36%)
----------------- Invoking toplevel() on ptolemy.moml.MoMLSimpleApplication@785b00ae
----------------- Done invoking toplevel() on ptolemy.moml.MoMLSimpleApplication@785b00ae
reloadAllAccessors: .Expression16

===========================================================================================
----------------- testing Thu Sep 12 05:44:49 UTC 2019 /home/travis/build/icyphy/ptII/ptolemy/actor/lib/test/auto/Expression17.xml
----------------- Instantiating /home/travis/build/icyphy/ptII/ptolemy/actor/lib/test/auto/Expression17.xml
5 ms. Memory: 480256K Free: 169025K (35%)
----------------- Invoking toplevel() on ptolemy.moml.MoMLSimpleApplication@75a71879
----------------- Done invoking toplevel() on ptolemy.moml.MoMLSimpleApplication@75a71879
reloadAllAccessors: .Expression17

===========================================================================================
----------------- testing Thu Sep 12 05:44:50 UTC 2019 /home/travis/build/icyphy/ptII/ptolemy/actor/lib/test/auto/Expression18.xml
----------------- Instantiating /home/travis/build/icyphy/ptII/ptolemy/actor/lib/test/auto/Expression18.xml
4 ms. Memory: 480256K Free: 163391K (34%)
----------------- Invoking toplevel() on ptolemy.moml.MoMLSimpleApplication@655db59a
----------------- Done invoking toplevel() on ptolemy.moml.MoMLSimpleApplication@655db59a
reloadAllAccessors: .Expression18

===========================================================================================
----------------- testing Thu Sep 12 05:44:50 UTC 2019 /home/travis/build/icyphy/ptII/ptolemy/actor/lib/test/auto/Expression2.xml
----------------- Instantiating /home/travis/build/icyphy/ptII/ptolemy/actor/lib/test/auto/Expression2.xml
3 ms. Memory: 480256K Free: 158785K (33%)
----------------- Invoking toplevel() on ptolemy.moml.MoMLSimpleApplication@6b26958a
----------------- Done invoking toplevel() on ptolemy.moml.MoMLSimpleApplication@6b26958a
reloadAllAccessors: .Expression2

===========================================================================================
----------------- testing Thu Sep 12 05:44:50 UTC 2019 /home/travis/build/icyphy/ptII/ptolemy/actor/lib/test/auto/Expression3.xml
----------------- Instantiating /home/travis/build/icyphy/ptII/ptolemy/actor/lib/test/auto/Expression3.xml
8 ms. Memory: 480256K Free: 153665K (32%)
----------------- Invoking toplevel() on ptolemy.moml.MoMLSimpleApplication@3131ec3e
----------------- Done invoking toplevel() on ptolemy.moml.MoMLSimpleApplication@3131ec3e
reloadAllAccessors: .Expression3

===========================================================================================
----------------- testing Thu Sep 12 05:44:50 UTC 2019 /home/travis/build/icyphy/ptII/ptolemy/actor/lib/test/auto/Expression4.xml
----------------- Instantiating /home/travis/build/icyphy/ptII/ptolemy/actor/lib/test/auto/Expression4.xml
7 ms. Memory: 480256K Free: 426788K (89%)
----------------- Invoking toplevel() on ptolemy.moml.MoMLSimpleApplication@3c29e247
----------------- Done invoking toplevel() on ptolemy.moml.MoMLSimpleApplication@3c29e247
reloadAllAccessors: .Expression4

===========================================================================================
----------------- testing Thu Sep 12 05:44:50 UTC 2019 /home/travis/build/icyphy/ptII/ptolemy/actor/lib/test/auto/Expression5.xml
----------------- Instantiating /home/travis/build/icyphy/ptII/ptolemy/actor/lib/test/auto/Expression5.xml
4 ms. Memory: 480256K Free: 421668K (88%)
----------------- Invoking toplevel() on ptolemy.moml.MoMLSimpleApplication@15e8b01e
----------------- Done invoking toplevel() on ptolemy.moml.MoMLSimpleApplication@15e8b01e
reloadAllAccessors: .Expression5

===========================================================================================
----------------- testing Thu Sep 12 05:44:50 UTC 2019 /home/travis/build/icyphy/ptII/ptolemy/actor/lib/test/auto/Expression6.xml
----------------- Instantiating /home/travis/build/icyphy/ptII/ptolemy/actor/lib/test/auto/Expression6.xml
2 ms. Memory: 480256K Free: 417058K (87%)
----------------- Invoking toplevel() on ptolemy.moml.MoMLSimpleApplication@63029292
----------------- Done invoking toplevel() on ptolemy.moml.MoMLSimpleApplication@63029292
reloadAllAccessors: .Expression6

===========================================================================================
----------------- testing Thu Sep 12 05:44:50 UTC 2019 /home/travis/build/icyphy/ptII/ptolemy/actor/lib/test/auto/Expression7.xml
----------------- Instantiating /home/travis/build/icyphy/ptII/ptolemy/actor/lib/test/auto/Expression7.xml
2 ms. Memory: 480256K Free: 412452K (86%)
----------------- Invoking toplevel() on ptolemy.moml.MoMLSimpleApplication@47a2df1a
----------------- Done invoking toplevel() on ptolemy.moml.MoMLSimpleApplication@47a2df1a
reloadAllAccessors: .Expression7

===========================================================================================
----------------- testing Thu Sep 12 05:44:50 UTC 2019 /home/travis/build/icyphy/ptII/ptolemy/actor/lib/test/auto/Expression8.xml
----------------- Instantiating /home/travis/build/icyphy/ptII/ptolemy/actor/lib/test/auto/Expression8.xml
9 ms. Memory: 480256K Free: 407332K (85%)
----------------- Invoking toplevel() on ptolemy.moml.MoMLSimpleApplication@47889b10
----------------- Done invoking toplevel() on ptolemy.moml.MoMLSimpleApplication@47889b10
reloadAllAccessors: .Expression8

===========================================================================================
----------------- testing Thu Sep 12 05:44:50 UTC 2019 /home/travis/build/icyphy/ptII/ptolemy/actor/lib/test/auto/Expression9.xml
----------------- Instantiating /home/travis/build/icyphy/ptII/ptolemy/actor/lib/test/auto/Expression9.xml
1 ms. Memory: 480256K Free: 403236K (84%)
----------------- Invoking toplevel() on ptolemy.moml.MoMLSimpleApplication@8c6b668
----------------- Done invoking toplevel() on ptolemy.moml.MoMLSimpleApplication@8c6b668
reloadAllAccessors: .Expression9

===========================================================================================
----------------- testing Thu Sep 12 05:44:50 UTC 2019 /home/travis/build/icyphy/ptII/ptolemy/actor/lib/test/auto/ExpressionConcatenateArrayType.xml
----------------- Instantiating /home/travis/build/icyphy/ptII/ptolemy/actor/lib/test/auto/ExpressionConcatenateArrayType.xml
3 ms. Memory: 480256K Free: 397092K (83%)
----------------- Invoking toplevel() on ptolemy.moml.MoMLSimpleApplication@27bc1661
----------------- Done invoking toplevel() on ptolemy.moml.MoMLSimpleApplication@27bc1661
reloadAllAccessors: .ExpressionConcatenateArrayType

===========================================================================================
----------------- testing Thu Sep 12 05:44:50 UTC 2019 /home/travis/build/icyphy/ptII/ptolemy/actor/lib/test/auto/ExpressionConcatenateArrayType2.xml
----------------- Instantiating /home/travis/build/icyphy/ptII/ptolemy/actor/lib/test/auto/ExpressionConcatenateArrayType2.xml
2 ms. Memory: 480256K Free: 391458K (82%)
----------------- Invoking toplevel() on ptolemy.moml.MoMLSimpleApplication@6e445e1e
----------------- Done invoking toplevel() on ptolemy.moml.MoMLSimpleApplication@6e445e1e
reloadAllAccessors: .ExpressionConcatenateArrayType2

===========================================================================================
----------------- testing Thu Sep 12 05:44:50 UTC 2019 /home/travis/build/icyphy/ptII/ptolemy/actor/lib/test/auto/ExpressionFix.xml
----------------- Instantiating /home/travis/build/icyphy/ptII/ptolemy/actor/lib/test/auto/ExpressionFix.xml
22 ms. Memory: 480256K Free: 385314K (80%)
----------------- Invoking toplevel() on ptolemy.moml.MoMLSimpleApplication@30e3b696
----------------- Done invoking toplevel() on ptolemy.moml.MoMLSimpleApplication@30e3b696
reloadAllAccessors: .ExpressionFix

===========================================================================================
----------------- testing Thu Sep 12 05:44:50 UTC 2019 /home/travis/build/icyphy/ptII/ptolemy/actor/lib/test/auto/ExpressionFix2.xml
----------------- Instantiating /home/travis/build/icyphy/ptII/ptolemy/actor/lib/test/auto/ExpressionFix2.xml
5 ms. Memory: 480256K Free: 381218K (79%)
----------------- Invoking toplevel() on ptolemy.moml.MoMLSimpleApplication@7f67944e
----------------- Done invoking toplevel() on ptolemy.moml.MoMLSimpleApplication@7f67944e
reloadAllAccessors: .ExpressionFix2

===========================================================================================
----------------- testing Thu Sep 12 05:44:50 UTC 2019 /home/travis/build/icyphy/ptII/ptolemy/actor/lib/test/auto/ExpressionFix3.xml
----------------- Instantiating /home/travis/build/icyphy/ptII/ptolemy/actor/lib/test/auto/ExpressionFix3.xml
2 ms. Memory: 480256K Free: 376612K (78%)
----------------- Invoking toplevel() on ptolemy.moml.MoMLSimpleApplication@2d89e2e8
----------------- Done invoking toplevel() on ptolemy.moml.MoMLSimpleApplication@2d89e2e8
reloadAllAccessors: .ExpressionFix3

===========================================================================================
----------------- testing Thu Sep 12 05:44:50 UTC 2019 /home/travis/build/icyphy/ptII/ptolemy/actor/lib/test/auto/FileWriter1.xml
----------------- Instantiating /home/travis/build/icyphy/ptII/ptolemy/actor/lib/test/auto/FileWriter1.xml
2 ms. Memory: 480256K Free: 373026K (78%)
----------------- Invoking toplevel() on ptolemy.moml.MoMLSimpleApplication@2637dd15
----------------- Done invoking toplevel() on ptolemy.moml.MoMLSimpleApplication@2637dd15
reloadAllAccessors: .FileWriter1

===========================================================================================
----------------- testing Thu Sep 12 05:44:50 UTC 2019 /home/travis/build/icyphy/ptII/ptolemy/actor/lib/test/auto/FileWriter2.xml
----------------- Instantiating /home/travis/build/icyphy/ptII/ptolemy/actor/lib/test/auto/FileWriter2.xml
6 ms. Memory: 480256K Free: 368420K (77%)
----------------- Invoking toplevel() on ptolemy.moml.MoMLSimpleApplication@5f4be929
----------------- Done invoking toplevel() on ptolemy.moml.MoMLSimpleApplication@5f4be929
reloadAllAccessors: .FileWriter2

===========================================================================================
----------------- testing Thu Sep 12 05:44:50 UTC 2019 /home/travis/build/icyphy/ptII/ptolemy/actor/lib/test/auto/FileWriter3.xml
----------------- Instantiating /home/travis/build/icyphy/ptII/ptolemy/actor/lib/test/auto/FileWriter3.xml
6 ms. Memory: 480256K Free: 364324K (76%)
----------------- Invoking toplevel() on ptolemy.moml.MoMLSimpleApplication@7ed8ef5f
----------------- Done invoking toplevel() on ptolemy.moml.MoMLSimpleApplication@7ed8ef5f
reloadAllAccessors: .FileWriter3

===========================================================================================
----------------- testing Thu Sep 12 05:44:50 UTC 2019 /home/travis/build/icyphy/ptII/ptolemy/actor/lib/test/auto/Gaussian.xml
----------------- Instantiating /home/travis/build/icyphy/ptII/ptolemy/actor/lib/test/auto/Gaussian.xml
2 ms. Memory: 480256K Free: 360228K (75%)
----------------- Invoking toplevel() on ptolemy.moml.MoMLSimpleApplication@682cdd6c
----------------- Done invoking toplevel() on ptolemy.moml.MoMLSimpleApplication@682cdd6c
reloadAllAccessors: .Gaussian

===========================================================================================
----------------- testing Thu Sep 12 05:44:50 UTC 2019 /home/travis/build/icyphy/ptII/ptolemy/actor/lib/test/auto/Gaussian1.xml
----------------- Instantiating /home/travis/build/icyphy/ptII/ptolemy/actor/lib/test/auto/Gaussian1.xml
2 ms. Memory: 480256K Free: 354580K (74%)
----------------- Invoking toplevel() on ptolemy.moml.MoMLSimpleApplication@5a0f9020
----------------- Done invoking toplevel() on ptolemy.moml.MoMLSimpleApplication@5a0f9020
reloadAllAccessors: .Gaussian1

===========================================================================================
----------------- testing Thu Sep 12 05:44:50 UTC 2019 /home/travis/build/icyphy/ptII/ptolemy/actor/lib/test/auto/Gaussian2.xml
----------------- Instantiating /home/travis/build/icyphy/ptII/ptolemy/actor/lib/test/auto/Gaussian2.xml
10 ms. Memory: 480256K Free: 348964K (73%)
----------------- Invoking toplevel() on ptolemy.moml.MoMLSimpleApplication@1ea3ef14
----------------- Done invoking toplevel() on ptolemy.moml.MoMLSimpleApplication@1ea3ef14
reloadAllAccessors: .Gaussian2

===========================================================================================
----------------- testing Thu Sep 12 05:44:50 UTC 2019 /home/travis/build/icyphy/ptII/ptolemy/actor/lib/test/auto/GradientAdaptiveLattice.xml
----------------- Instantiating /home/travis/build/icyphy/ptII/ptolemy/actor/lib/test/auto/GradientAdaptiveLattice.xml
3 ms. Memory: 480256K Free: 344354K (72%)
----------------- Invoking toplevel() on ptolemy.moml.MoMLSimpleApplication@51beaaa5
----------------- Done invoking toplevel() on ptolemy.moml.MoMLSimpleApplication@51beaaa5
reloadAllAccessors: .GradientAdaptiveLattice

===========================================================================================
----------------- testing Thu Sep 12 05:44:50 UTC 2019 /home/travis/build/icyphy/ptII/ptolemy/actor/lib/test/auto/IIR.xml
----------------- Instantiating /home/travis/build/icyphy/ptII/ptolemy/actor/lib/test/auto/IIR.xml
1 ms. Memory: 480256K Free: 339748K (71%)
----------------- Invoking toplevel() on ptolemy.moml.MoMLSimpleApplication@57d32827
----------------- Done invoking toplevel() on ptolemy.moml.MoMLSimpleApplication@57d32827
reloadAllAccessors: .IIR

===========================================================================================
----------------- testing Thu Sep 12 05:44:50 UTC 2019 /home/travis/build/icyphy/ptII/ptolemy/actor/lib/test/auto/InputOutputTransparentPorts.xml
----------------- Instantiating /home/travis/build/icyphy/ptII/ptolemy/actor/lib/test/auto/InputOutputTransparentPorts.xml
4 ms. Memory: 480256K Free: 332066K (69%)
----------------- Invoking toplevel() on ptolemy.moml.MoMLSimpleApplication@4fac1279
----------------- Done invoking toplevel() on ptolemy.moml.MoMLSimpleApplication@4fac1279
reloadAllAccessors: .InputOutputTransparentPorts

===========================================================================================
----------------- testing Thu Sep 12 05:44:50 UTC 2019 /home/travis/build/icyphy/ptII/ptolemy/actor/lib/test/auto/Interpolator.xml
----------------- Instantiating /home/travis/build/icyphy/ptII/ptolemy/actor/lib/test/auto/Interpolator.xml
4 ms. Memory: 480256K Free: 327970K (68%)
----------------- Invoking toplevel() on ptolemy.moml.MoMLSimpleApplication@40c5c996
----------------- Done invoking toplevel() on ptolemy.moml.MoMLSimpleApplication@40c5c996
reloadAllAccessors: .Interpolator

===========================================================================================
----------------- testing Thu Sep 12 05:44:50 UTC 2019 /home/travis/build/icyphy/ptII/ptolemy/actor/lib/test/auto/InterpolatorFiringLimitDE.xml
----------------- Instantiating /home/travis/build/icyphy/ptII/ptolemy/actor/lib/test/auto/InterpolatorFiringLimitDE.xml
3 ms. Memory: 480256K Free: 321826K (67%)
----------------- Invoking toplevel() on ptolemy.moml.MoMLSimpleApplication@5ec3c6d2
----------------- Done invoking toplevel() on ptolemy.moml.MoMLSimpleApplication@5ec3c6d2
reloadAllAccessors: .InterpolatorFiringLimitDE

===========================================================================================
----------------- testing Thu Sep 12 05:44:50 UTC 2019 /home/travis/build/icyphy/ptII/ptolemy/actor/lib/test/auto/Lattice.xml
----------------- Instantiating /home/travis/build/icyphy/ptII/ptolemy/actor/lib/test/auto/Lattice.xml
1 ms. Memory: 480256K Free: 317730K (66%)
----------------- Invoking toplevel() on ptolemy.moml.MoMLSimpleApplication@63e30830
----------------- Done invoking toplevel() on ptolemy.moml.MoMLSimpleApplication@63e30830
reloadAllAccessors: .Lattice

===========================================================================================
----------------- testing Thu Sep 12 05:44:50 UTC 2019 /home/travis/build/icyphy/ptII/ptolemy/actor/lib/test/auto/LazyAOCTestLazy.xml
----------------- Instantiating /home/travis/build/icyphy/ptII/ptolemy/actor/lib/test/auto/LazyAOCTestLazy.xml
7 ms. Memory: 480256K Free: 312100K (65%)
----------------- Invoking toplevel() on ptolemy.moml.MoMLSimpleApplication@dbfeee2
----------------- Done invoking toplevel() on ptolemy.moml.MoMLSimpleApplication@dbfeee2
reloadAllAccessors: .LazyAOCTestLazy

===========================================================================================
----------------- testing Thu Sep 12 05:44:50 UTC 2019 /home/travis/build/icyphy/ptII/ptolemy/actor/lib/test/auto/LazyAOCTestNonLazy.xml
----------------- Instantiating /home/travis/build/icyphy/ptII/ptolemy/actor/lib/test/auto/LazyAOCTestNonLazy.xml
2 ms. Memory: 480256K Free: 305442K (64%)
----------------- Invoking toplevel() on ptolemy.moml.MoMLSimpleApplication@72193054
----------------- Done invoking toplevel() on ptolemy.moml.MoMLSimpleApplication@72193054
reloadAllAccessors: .LazyAOCTestNonLazy

===========================================================================================
----------------- testing Thu Sep 12 05:44:50 UTC 2019 /home/travis/build/icyphy/ptII/ptolemy/actor/lib/test/auto/LazyInnerClass.xml
----------------- Instantiating /home/travis/build/icyphy/ptII/ptolemy/actor/lib/test/auto/LazyInnerClass.xml
20 ms. Memory: 480256K Free: 296740K (62%)
----------------- Invoking toplevel() on ptolemy.moml.MoMLSimpleApplication@355a8e60
----------------- Done invoking toplevel() on ptolemy.moml.MoMLSimpleApplication@355a8e60
reloadAllAccessors: .LazyInnerClass

===========================================================================================
----------------- testing Thu Sep 12 05:44:50 UTC 2019 /home/travis/build/icyphy/ptII/ptolemy/actor/lib/test/auto/LazyPubSub.xml
----------------- Instantiating /home/travis/build/icyphy/ptII/ptolemy/actor/lib/test/auto/LazyPubSub.xml
20 ms. Memory: 480256K Free: 286500K (60%)
----------------- Invoking toplevel() on ptolemy.moml.MoMLSimpleApplication@42bec485
----------------- Done invoking toplevel() on ptolemy.moml.MoMLSimpleApplication@42bec485
reloadAllAccessors: .LazyPubSub

===========================================================================================
----------------- testing Thu Sep 12 05:44:50 UTC 2019 /home/travis/build/icyphy/ptII/ptolemy/actor/lib/test/auto/LazyPubSub2.xml
----------------- Instantiating /home/travis/build/icyphy/ptII/ptolemy/actor/lib/test/auto/LazyPubSub2.xml
19 ms. Memory: 480256K Free: 275746K (57%)
----------------- Invoking toplevel() on ptolemy.moml.MoMLSimpleApplication@69886ae5
----------------- Done invoking toplevel() on ptolemy.moml.MoMLSimpleApplication@69886ae5
reloadAllAccessors: .LazyPubSub2

===========================================================================================
----------------- testing Thu Sep 12 05:44:50 UTC 2019 /home/travis/build/icyphy/ptII/ptolemy/actor/lib/test/auto/LazyPubSub3.xml
----------------- Instantiating /home/travis/build/icyphy/ptII/ptolemy/actor/lib/test/auto/LazyPubSub3.xml
15 ms. Memory: 480256K Free: 265506K (55%)
----------------- Invoking toplevel() on ptolemy.moml.MoMLSimpleApplication@2c80a758
----------------- Done invoking toplevel() on ptolemy.moml.MoMLSimpleApplication@2c80a758
reloadAllAccessors: .LazyPubSub3

===========================================================================================
----------------- testing Thu Sep 12 05:44:50 UTC 2019 /home/travis/build/icyphy/ptII/ptolemy/actor/lib/test/auto/LazySubClassModel.xml
----------------- Instantiating /home/travis/build/icyphy/ptII/ptolemy/actor/lib/test/auto/LazySubClassModel.xml
2 ms. Memory: 480256K Free: 256804K (53%)
----------------- Invoking toplevel() on ptolemy.moml.MoMLSimpleApplication@61605295
----------------- Done invoking toplevel() on ptolemy.moml.MoMLSimpleApplication@61605295
reloadAllAccessors: .LazySubClassModel

===========================================================================================
----------------- testing Thu Sep 12 05:44:50 UTC 2019 /home/travis/build/icyphy/ptII/ptolemy/actor/lib/test/auto/LevelCrossTest1.xml
----------------- Instantiating /home/travis/build/icyphy/ptII/ptolemy/actor/lib/test/auto/LevelCrossTest1.xml
1 ms. Memory: 480256K Free: 251170K (52%)
----------------- Invoking toplevel() on ptolemy.moml.MoMLSimpleApplication@38434616
----------------- Done invoking toplevel() on ptolemy.moml.MoMLSimpleApplication@38434616
reloadAllAccessors: .broken

===========================================================================================
----------------- testing Thu Sep 12 05:44:50 UTC 2019 /home/travis/build/icyphy/ptII/ptolemy/actor/lib/test/auto/LevelCrossTest10.xml
----------------- Instantiating /home/travis/build/icyphy/ptII/ptolemy/actor/lib/test/auto/LevelCrossTest10.xml
1 ms. Memory: 480256K Free: 244002K (51%)
----------------- Invoking toplevel() on ptolemy.moml.MoMLSimpleApplication@1b617f1f
----------------- Done invoking toplevel() on ptolemy.moml.MoMLSimpleApplication@1b617f1f
reloadAllAccessors: .LevelCrossTest10

===========================================================================================
----------------- testing Thu Sep 12 05:44:50 UTC 2019 /home/travis/build/icyphy/ptII/ptolemy/actor/lib/test/auto/LevelCrossTest11.xml
----------------- Instantiating /home/travis/build/icyphy/ptII/ptolemy/actor/lib/test/auto/LevelCrossTest11.xml
1 ms. Memory: 480256K Free: 237858K (50%)
----------------- Invoking toplevel() on ptolemy.moml.MoMLSimpleApplication@32864517
----------------- Done invoking toplevel() on ptolemy.moml.MoMLSimpleApplication@32864517
reloadAllAccessors: .LevelCrossTest11

===========================================================================================
----------------- testing Thu Sep 12 05:44:51 UTC 2019 /home/travis/build/icyphy/ptII/ptolemy/actor/lib/test/auto/LevelCrossTest12.xml
----------------- Instantiating /home/travis/build/icyphy/ptII/ptolemy/actor/lib/test/auto/LevelCrossTest12.xml
2 ms. Memory: 480256K Free: 230690K (48%)
----------------- Invoking toplevel() on ptolemy.moml.MoMLSimpleApplication@f16a226
----------------- Done invoking toplevel() on ptolemy.moml.MoMLSimpleApplication@f16a226
reloadAllAccessors: .LevelCrossTest12

===========================================================================================
----------------- testing Thu Sep 12 05:44:51 UTC 2019 /home/travis/build/icyphy/ptII/ptolemy/actor/lib/test/auto/LevelCrossTest13.xml
----------------- Instantiating /home/travis/build/icyphy/ptII/ptolemy/actor/lib/test/auto/LevelCrossTest13.xml
1 ms. Memory: 480256K Free: 223012K (46%)
----------------- Invoking toplevel() on ptolemy.moml.MoMLSimpleApplication@7231fbed
----------------- Done invoking toplevel() on ptolemy.moml.MoMLSimpleApplication@7231fbed
reloadAllAccessors: .LevelCrossTest13

===========================================================================================
----------------- testing Thu Sep 12 05:44:51 UTC 2019 /home/travis/build/icyphy/ptII/ptolemy/actor/lib/test/auto/LevelCrossTest2.xml
----------------- Instantiating /home/travis/build/icyphy/ptII/ptolemy/actor/lib/test/auto/LevelCrossTest2.xml
1 ms. Memory: 480256K Free: 217892K (45%)
----------------- Invoking toplevel() on ptolemy.moml.MoMLSimpleApplication@78aece1a
----------------- Done invoking toplevel() on ptolemy.moml.MoMLSimpleApplication@78aece1a
reloadAllAccessors: .broken

===========================================================================================
----------------- testing Thu Sep 12 05:44:51 UTC 2019 /home/travis/build/icyphy/ptII/ptolemy/actor/lib/test/auto/LevelCrossTest3.xml
----------------- Instantiating /home/travis/build/icyphy/ptII/ptolemy/actor/lib/test/auto/LevelCrossTest3.xml
1 ms. Memory: 480256K Free: 211748K (44%)
----------------- Invoking toplevel() on ptolemy.moml.MoMLSimpleApplication@1aab3e8e
----------------- Done invoking toplevel() on ptolemy.moml.MoMLSimpleApplication@1aab3e8e
reloadAllAccessors: .LevelCrossTest3

===========================================================================================
----------------- testing Thu Sep 12 05:44:51 UTC 2019 /home/travis/build/icyphy/ptII/ptolemy/actor/lib/test/auto/LevelCrossTest4.xml
----------------- Instantiating /home/travis/build/icyphy/ptII/ptolemy/actor/lib/test/auto/LevelCrossTest4.xml
1 ms. Memory: 480256K Free: 206114K (43%)
----------------- Invoking toplevel() on ptolemy.moml.MoMLSimpleApplication@e8d548e
----------------- Done invoking toplevel() on ptolemy.moml.MoMLSimpleApplication@e8d548e
reloadAllAccessors: .broken

===========================================================================================
----------------- testing Thu Sep 12 05:44:51 UTC 2019 /home/travis/build/icyphy/ptII/ptolemy/actor/lib/test/auto/LevelCrossTest5.xml
----------------- Instantiating /home/travis/build/icyphy/ptII/ptolemy/actor/lib/test/auto/LevelCrossTest5.xml
1 ms. Memory: 480256K Free: 199460K (42%)
----------------- Invoking toplevel() on ptolemy.moml.MoMLSimpleApplication@9c1352d
----------------- Done invoking toplevel() on ptolemy.moml.MoMLSimpleApplication@9c1352d
reloadAllAccessors: .LevelCrossTest5

===========================================================================================
----------------- testing Thu Sep 12 05:44:51 UTC 2019 /home/travis/build/icyphy/ptII/ptolemy/actor/lib/test/auto/LevelCrossTest6.xml
----------------- Instantiating /home/travis/build/icyphy/ptII/ptolemy/actor/lib/test/auto/LevelCrossTest6.xml
2 ms. Memory: 480256K Free: 193316K (40%)
----------------- Invoking toplevel() on ptolemy.moml.MoMLSimpleApplication@2a379091
----------------- Done invoking toplevel() on ptolemy.moml.MoMLSimpleApplication@2a379091
reloadAllAccessors: .LevelCrossTest6

===========================================================================================
----------------- testing Thu Sep 12 05:44:51 UTC 2019 /home/travis/build/icyphy/ptII/ptolemy/actor/lib/test/auto/LevelCrossTest7.xml
----------------- Instantiating /home/travis/build/icyphy/ptII/ptolemy/actor/lib/test/auto/LevelCrossTest7.xml
4 ms. Memory: 480256K Free: 184610K (38%)
----------------- Invoking toplevel() on ptolemy.moml.MoMLSimpleApplication@2007633d
----------------- Done invoking toplevel() on ptolemy.moml.MoMLSimpleApplication@2007633d
reloadAllAccessors: .LevelCrossTest7

===========================================================================================
----------------- testing Thu Sep 12 05:44:51 UTC 2019 /home/travis/build/icyphy/ptII/ptolemy/actor/lib/test/auto/LevelCrossTest8.xml
----------------- Instantiating /home/travis/build/icyphy/ptII/ptolemy/actor/lib/test/auto/LevelCrossTest8.xml
1 ms. Memory: 480256K Free: 176932K (37%)
----------------- Invoking toplevel() on ptolemy.moml.MoMLSimpleApplication@3b37d76e
----------------- Done invoking toplevel() on ptolemy.moml.MoMLSimpleApplication@3b37d76e
reloadAllAccessors: .LevelCrossTest8

===========================================================================================
----------------- testing Thu Sep 12 05:44:51 UTC 2019 /home/travis/build/icyphy/ptII/ptolemy/actor/lib/test/auto/LevelCrossTest9.xml
----------------- Instantiating /home/travis/build/icyphy/ptII/ptolemy/actor/lib/test/auto/LevelCrossTest9.xml
9 ms. Memory: 480256K Free: 170274K (35%)
----------------- Invoking toplevel() on ptolemy.moml.MoMLSimpleApplication@6957f512
----------------- Done invoking toplevel() on ptolemy.moml.MoMLSimpleApplication@6957f512
reloadAllAccessors: .LevelCrossTest9

===========================================================================================
----------------- testing Thu Sep 12 05:44:51 UTC 2019 /home/travis/build/icyphy/ptII/ptolemy/actor/lib/test/auto/LevinsonDurbin.xml
----------------- Instantiating /home/travis/build/icyphy/ptII/ptolemy/actor/lib/test/auto/LevinsonDurbin.xml
3 ms. Memory: 480256K Free: 166178K (35%)
----------------- Invoking toplevel() on ptolemy.moml.MoMLSimpleApplication@5a6c19b2
----------------- Done invoking toplevel() on ptolemy.moml.MoMLSimpleApplication@5a6c19b2
reloadAllAccessors: .LevinsonDurbin

===========================================================================================
----------------- testing Thu Sep 12 05:44:51 UTC 2019 /home/travis/build/icyphy/ptII/ptolemy/actor/lib/test/auto/LevinsonDurbin2.xml
----------------- Instantiating /home/travis/build/icyphy/ptII/ptolemy/actor/lib/test/auto/LevinsonDurbin2.xml
6 ms. Memory: 480256K Free: 162082K (34%)
----------------- Invoking toplevel() on ptolemy.moml.MoMLSimpleApplication@267789f0
----------------- Done invoking toplevel() on ptolemy.moml.MoMLSimpleApplication@267789f0
reloadAllAccessors: .LevinsonDurbin2

===========================================================================================
----------------- testing Thu Sep 12 05:44:51 UTC 2019 /home/travis/build/icyphy/ptII/ptolemy/actor/lib/test/auto/LevinsonDurbin3.xml
----------------- Instantiating /home/travis/build/icyphy/ptII/ptolemy/actor/lib/test/auto/LevinsonDurbin3.xml
4 ms. Memory: 480256K Free: 157986K (33%)
----------------- Invoking toplevel() on ptolemy.moml.MoMLSimpleApplication@af3b0dc
----------------- Done invoking toplevel() on ptolemy.moml.MoMLSimpleApplication@af3b0dc
reloadAllAccessors: .LevinsonDurbin3

===========================================================================================
----------------- testing Thu Sep 12 05:44:51 UTC 2019 /home/travis/build/icyphy/ptII/ptolemy/actor/lib/test/auto/Limiter.xml
----------------- Instantiating /home/travis/build/icyphy/ptII/ptolemy/actor/lib/test/auto/Limiter.xml
47 ms. Memory: 480256K Free: 429633K (89%)
----------------- Invoking toplevel() on ptolemy.moml.MoMLSimpleApplication@5012ef84
----------------- Done invoking toplevel() on ptolemy.moml.MoMLSimpleApplication@5012ef84
reloadAllAccessors: .Limiter

===========================================================================================
----------------- testing Thu Sep 12 05:44:51 UTC 2019 /home/travis/build/icyphy/ptII/ptolemy/actor/lib/test/auto/LinearDifferenceEquationSystem.xml
----------------- Instantiating /home/travis/build/icyphy/ptII/ptolemy/actor/lib/test/auto/LinearDifferenceEquationSystem.xml
4 ms. Memory: 480256K Free: 421951K (88%)
----------------- Invoking toplevel() on ptolemy.moml.MoMLSimpleApplication@5dcd9ae4
----------------- Done invoking toplevel() on ptolemy.moml.MoMLSimpleApplication@5dcd9ae4
reloadAllAccessors: .LinearDifferenceEquationSystem

===========================================================================================
----------------- testing Thu Sep 12 05:44:51 UTC 2019 /home/travis/build/icyphy/ptII/ptolemy/actor/lib/test/auto/LookupTable.xml
----------------- Instantiating /home/travis/build/icyphy/ptII/ptolemy/actor/lib/test/auto/LookupTable.xml
1 ms. Memory: 480256K Free: 417345K (87%)
----------------- Invoking toplevel() on ptolemy.moml.MoMLSimpleApplication@160172a1
----------------- Done invoking toplevel() on ptolemy.moml.MoMLSimpleApplication@160172a1
reloadAllAccessors: .LookupTable

===========================================================================================
----------------- testing Thu Sep 12 05:44:51 UTC 2019 /home/travis/build/icyphy/ptII/ptolemy/actor/lib/test/auto/MathFunction.xml
----------------- Instantiating /home/travis/build/icyphy/ptII/ptolemy/actor/lib/test/auto/MathFunction.xml
10 ms. Memory: 480256K Free: 409663K (85%)
----------------- Invoking toplevel() on ptolemy.moml.MoMLSimpleApplication@62885658
----------------- Done invoking toplevel() on ptolemy.moml.MoMLSimpleApplication@62885658
reloadAllAccessors: .MathFunction

===========================================================================================
----------------- testing Thu Sep 12 05:44:51 UTC 2019 /home/travis/build/icyphy/ptII/ptolemy/actor/lib/test/auto/MathFunction2.xml
----------------- Instantiating /home/travis/build/icyphy/ptII/ptolemy/actor/lib/test/auto/MathFunction2.xml
2 ms. Memory: 480256K Free: 405567K (84%)
----------------- Invoking toplevel() on ptolemy.moml.MoMLSimpleApplication@160c93e6
----------------- Done invoking toplevel() on ptolemy.moml.MoMLSimpleApplication@160c93e6
reloadAllAccessors: .MathFunction2

===========================================================================================
----------------- testing Thu Sep 12 05:44:51 UTC 2019 /home/travis/build/icyphy/ptII/ptolemy/actor/lib/test/auto/MathFunction3.xml
----------------- Instantiating /home/travis/build/icyphy/ptII/ptolemy/actor/lib/test/auto/MathFunction3.xml
7 ms. Memory: 480256K Free: 398399K (83%)
----------------- Invoking toplevel() on ptolemy.moml.MoMLSimpleApplication@64f1fbd6
----------------- Done invoking toplevel() on ptolemy.moml.MoMLSimpleApplication@64f1fbd6
reloadAllAccessors: .MathFunction3

===========================================================================================
----------------- testing Thu Sep 12 05:44:51 UTC 2019 /home/travis/build/icyphy/ptII/ptolemy/actor/lib/test/auto/MatrixCropBoolean.xml
----------------- Instantiating /home/travis/build/icyphy/ptII/ptolemy/actor/lib/test/auto/MatrixCropBoolean.xml
2 ms. Memory: 480256K Free: 393248K (82%)
----------------- Invoking toplevel() on ptolemy.moml.MoMLSimpleApplication@578a2459
----------------- Done invoking toplevel() on ptolemy.moml.MoMLSimpleApplication@578a2459
reloadAllAccessors: .MatrixCropBoolean

===========================================================================================
----------------- testing Thu Sep 12 05:44:51 UTC 2019 /home/travis/build/icyphy/ptII/ptolemy/actor/lib/test/auto/MatrixCropComplex.xml
----------------- Instantiating /home/travis/build/icyphy/ptII/ptolemy/actor/lib/test/auto/MatrixCropComplex.xml
1 ms. Memory: 480256K Free: 388673K (81%)
----------------- Invoking toplevel() on ptolemy.moml.MoMLSimpleApplication@523050e0
----------------- Done invoking toplevel() on ptolemy.moml.MoMLSimpleApplication@523050e0
reloadAllAccessors: .MatrixCropComplex

===========================================================================================
----------------- testing Thu Sep 12 05:44:51 UTC 2019 /home/travis/build/icyphy/ptII/ptolemy/actor/lib/test/auto/MatrixCropDouble.xml
----------------- Instantiating /home/travis/build/icyphy/ptII/ptolemy/actor/lib/test/auto/MatrixCropDouble.xml
2 ms. Memory: 480256K Free: 383553K (80%)
----------------- Invoking toplevel() on ptolemy.moml.MoMLSimpleApplication@4b5a3a3e
----------------- Done invoking toplevel() on ptolemy.moml.MoMLSimpleApplication@4b5a3a3e
reloadAllAccessors: .MatrixCropDouble

===========================================================================================
----------------- testing Thu Sep 12 05:44:51 UTC 2019 /home/travis/build/icyphy/ptII/ptolemy/actor/lib/test/auto/MatrixCropFix.xml
----------------- Instantiating /home/travis/build/icyphy/ptII/ptolemy/actor/lib/test/auto/MatrixCropFix.xml
2 ms. Memory: 480256K Free: 378433K (79%)
----------------- Invoking toplevel() on ptolemy.moml.MoMLSimpleApplication@65f558c8
----------------- Done invoking toplevel() on ptolemy.moml.MoMLSimpleApplication@65f558c8
reloadAllAccessors: .MatrixCropFix

===========================================================================================
----------------- testing Thu Sep 12 05:44:51 UTC 2019 /home/travis/build/icyphy/ptII/ptolemy/actor/lib/test/auto/MatrixCropInt.xml
----------------- Instantiating /home/travis/build/icyphy/ptII/ptolemy/actor/lib/test/auto/MatrixCropInt.xml
2 ms. Memory: 480256K Free: 373816K (78%)
----------------- Invoking toplevel() on ptolemy.moml.MoMLSimpleApplication@6d50d358
----------------- Done invoking toplevel() on ptolemy.moml.MoMLSimpleApplication@6d50d358
reloadAllAccessors: .MatrixCropInt

===========================================================================================
----------------- testing Thu Sep 12 05:44:51 UTC 2019 /home/travis/build/icyphy/ptII/ptolemy/actor/lib/test/auto/MatrixCropLong.xml
----------------- Instantiating /home/travis/build/icyphy/ptII/ptolemy/actor/lib/test/auto/MatrixCropLong.xml
2 ms. Memory: 480256K Free: 369720K (77%)
----------------- Invoking toplevel() on ptolemy.moml.MoMLSimpleApplication@6ac32bfc
----------------- Done invoking toplevel() on ptolemy.moml.MoMLSimpleApplication@6ac32bfc
reloadAllAccessors: .MatrixCropLong

===========================================================================================
----------------- testing Thu Sep 12 05:44:51 UTC 2019 /home/travis/build/icyphy/ptII/ptolemy/actor/lib/test/auto/MatrixToArray.xml
----------------- Instantiating /home/travis/build/icyphy/ptII/ptolemy/actor/lib/test/auto/MatrixToArray.xml
17 ms. Memory: 480256K Free: 354367K (74%)
----------------- Invoking toplevel() on ptolemy.moml.MoMLSimpleApplication@b0c4468
----------------- Done invoking toplevel() on ptolemy.moml.MoMLSimpleApplication@b0c4468
reloadAllAccessors: .MatrixToArray

===========================================================================================
----------------- testing Thu Sep 12 05:44:51 UTC 2019 /home/travis/build/icyphy/ptII/ptolemy/actor/lib/test/auto/MaxIndex.xml
----------------- Instantiating /home/travis/build/icyphy/ptII/ptolemy/actor/lib/test/auto/MaxIndex.xml
2 ms. Memory: 480256K Free: 349247K (73%)
----------------- Invoking toplevel() on ptolemy.moml.MoMLSimpleApplication@77677cae
----------------- Done invoking toplevel() on ptolemy.moml.MoMLSimpleApplication@77677cae
reloadAllAccessors: .MaxIndex

===========================================================================================
----------------- testing Thu Sep 12 05:44:51 UTC 2019 /home/travis/build/icyphy/ptII/ptolemy/actor/lib/test/auto/Maximum.xml
----------------- Instantiating /home/travis/build/icyphy/ptII/ptolemy/actor/lib/test/auto/Maximum.xml
9 ms. Memory: 480256K Free: 342593K (71%)
----------------- Invoking toplevel() on ptolemy.moml.MoMLSimpleApplication@60b957d4
----------------- Done invoking toplevel() on ptolemy.moml.MoMLSimpleApplication@60b957d4
reloadAllAccessors: .Maximum

===========================================================================================
----------------- testing Thu Sep 12 05:44:51 UTC 2019 /home/travis/build/icyphy/ptII/ptolemy/actor/lib/test/auto/MaximumComplex.xml
----------------- Instantiating /home/travis/build/icyphy/ptII/ptolemy/actor/lib/test/auto/MaximumComplex.xml
5 ms. Memory: 480256K Free: 336449K (70%)
----------------- Invoking toplevel() on ptolemy.moml.MoMLSimpleApplication@10aa2b08
----------------- Done invoking toplevel() on ptolemy.moml.MoMLSimpleApplication@10aa2b08
reloadAllAccessors: .MaximumComplex

===========================================================================================
----------------- testing Thu Sep 12 05:44:51 UTC 2019 /home/travis/build/icyphy/ptII/ptolemy/actor/lib/test/auto/MethodCallTest.xml
----------------- Instantiating /home/travis/build/icyphy/ptII/ptolemy/actor/lib/test/auto/MethodCallTest.xml
5 ms. Memory: 480256K Free: 330305K (69%)
----------------- Invoking toplevel() on ptolemy.moml.MoMLSimpleApplication@272009be
----------------- Done invoking toplevel() on ptolemy.moml.MoMLSimpleApplication@272009be
reloadAllAccessors: .MethodCallTest

===========================================================================================
----------------- testing Thu Sep 12 05:44:51 UTC 2019 /home/travis/build/icyphy/ptII/ptolemy/actor/lib/test/auto/Minimum.xml
----------------- Instantiating /home/travis/build/icyphy/ptII/ptolemy/actor/lib/test/auto/Minimum.xml
3 ms. Memory: 480256K Free: 323632K (67%)
----------------- Invoking toplevel() on ptolemy.moml.MoMLSimpleApplication@55aeef35
----------------- Done invoking toplevel() on ptolemy.moml.MoMLSimpleApplication@55aeef35
reloadAllAccessors: .Minimum

===========================================================================================
----------------- testing Thu Sep 12 05:44:51 UTC 2019 /home/travis/build/icyphy/ptII/ptolemy/actor/lib/test/auto/MinimumComplex.xml
----------------- Instantiating /home/travis/build/icyphy/ptII/ptolemy/actor/lib/test/auto/MinimumComplex.xml
3 ms. Memory: 480256K Free: 317488K (66%)
----------------- Invoking toplevel() on ptolemy.moml.MoMLSimpleApplication@50565427
----------------- Done invoking toplevel() on ptolemy.moml.MoMLSimpleApplication@50565427
reloadAllAccessors: .MinimumComplex

===========================================================================================
----------------- testing Thu Sep 12 05:44:51 UTC 2019 /home/travis/build/icyphy/ptII/ptolemy/actor/lib/test/auto/MinimumMultiports.xml
----------------- Instantiating /home/travis/build/icyphy/ptII/ptolemy/actor/lib/test/auto/MinimumMultiports.xml
6 ms. Memory: 480256K Free: 308801K (64%)
----------------- Invoking toplevel() on ptolemy.moml.MoMLSimpleApplication@4bbdda58
----------------- Done invoking toplevel() on ptolemy.moml.MoMLSimpleApplication@4bbdda58
reloadAllAccessors: .MinimumMultiports

===========================================================================================
----------------- testing Thu Sep 12 05:44:51 UTC 2019 /home/travis/build/icyphy/ptII/ptolemy/actor/lib/test/auto/ModifyDate.xml
----------------- Instantiating /home/travis/build/icyphy/ptII/ptolemy/actor/lib/test/auto/ModifyDate.xml
9 ms. Memory: 480256K Free: 295999K (62%)
----------------- Invoking toplevel() on ptolemy.moml.MoMLSimpleApplication@2baff122
----------------- Done invoking toplevel() on ptolemy.moml.MoMLSimpleApplication@2baff122
reloadAllAccessors: .ModifyDate

===========================================================================================
----------------- testing Thu Sep 12 05:44:51 UTC 2019 /home/travis/build/icyphy/ptII/ptolemy/actor/lib/test/auto/ModifyDate2.xml
----------------- Instantiating /home/travis/build/icyphy/ptII/ptolemy/actor/lib/test/auto/ModifyDate2.xml
6 ms. Memory: 480256K Free: 287297K (60%)
----------------- Invoking toplevel() on ptolemy.moml.MoMLSimpleApplication@5f5c6eec
----------------- Done invoking toplevel() on ptolemy.moml.MoMLSimpleApplication@5f5c6eec
reloadAllAccessors: .ModifyDate2

===========================================================================================
----------------- testing Thu Sep 12 05:44:51 UTC 2019 /home/travis/build/icyphy/ptII/ptolemy/actor/lib/test/auto/MovingAverage.xml
----------------- Instantiating /home/travis/build/icyphy/ptII/ptolemy/actor/lib/test/auto/MovingAverage.xml
2 ms. Memory: 480256K Free: 282177K (59%)
----------------- Invoking toplevel() on ptolemy.moml.MoMLSimpleApplication@7ae854e9
----------------- Done invoking toplevel() on ptolemy.moml.MoMLSimpleApplication@7ae854e9
reloadAllAccessors: .MovingAverage

===========================================================================================
----------------- testing Thu Sep 12 05:44:51 UTC 2019 /home/travis/build/icyphy/ptII/ptolemy/actor/lib/test/auto/MovingMaximum.xml
----------------- Instantiating /home/travis/build/icyphy/ptII/ptolemy/actor/lib/test/auto/MovingMaximum.xml
1 ms. Memory: 480256K Free: 277567K (58%)
----------------- Invoking toplevel() on ptolemy.moml.MoMLSimpleApplication@31ee6bff
----------------- Done invoking toplevel() on ptolemy.moml.MoMLSimpleApplication@31ee6bff
reloadAllAccessors: .MovingMaximum

===========================================================================================
----------------- testing Thu Sep 12 05:44:51 UTC 2019 /home/travis/build/icyphy/ptII/ptolemy/actor/lib/test/auto/MultipleLinksToSameRelation.xml
----------------- Instantiating /home/travis/build/icyphy/ptII/ptolemy/actor/lib/test/auto/MultipleLinksToSameRelation.xml
2 ms. Memory: 480256K Free: 273471K (57%)
----------------- Invoking toplevel() on ptolemy.moml.MoMLSimpleApplication@3cbf0000
----------------- Done invoking toplevel() on ptolemy.moml.MoMLSimpleApplication@3cbf0000
reloadAllAccessors: .MultipleLinksToSameRelation

===========================================================================================
----------------- testing Thu Sep 12 05:44:51 UTC 2019 /home/travis/build/icyphy/ptII/ptolemy/actor/lib/test/auto/MultipleLinksToSameRelationDE.xml
----------------- Instantiating /home/travis/build/icyphy/ptII/ptolemy/actor/lib/test/auto/MultipleLinksToSameRelationDE.xml
2 ms. Memory: 480256K Free: 269344K (56%)
----------------- Invoking toplevel() on ptolemy.moml.MoMLSimpleApplication@21429c54
----------------- Done invoking toplevel() on ptolemy.moml.MoMLSimpleApplication@21429c54
reloadAllAccessors: .MultipleLinksToSameRelationDE

===========================================================================================
----------------- testing Thu Sep 12 05:44:51 UTC 2019 /home/travis/build/icyphy/ptII/ptolemy/actor/lib/test/auto/Multiplexor.xml
----------------- Instantiating /home/travis/build/icyphy/ptII/ptolemy/actor/lib/test/auto/Multiplexor.xml
2 ms. Memory: 480256K Free: 263745K (55%)
----------------- Invoking toplevel() on ptolemy.moml.MoMLSimpleApplication@723960b7
----------------- Done invoking toplevel() on ptolemy.moml.MoMLSimpleApplication@723960b7
reloadAllAccessors: .Multiplexor

===========================================================================================
----------------- testing Thu Sep 12 05:44:51 UTC 2019 /home/travis/build/icyphy/ptII/ptolemy/actor/lib/test/auto/Multiplexor1.xml
----------------- Instantiating /home/travis/build/icyphy/ptII/ptolemy/actor/lib/test/auto/Multiplexor1.xml
2 ms. Memory: 480256K Free: 258104K (54%)
----------------- Invoking toplevel() on ptolemy.moml.MoMLSimpleApplication@1c96bbd
----------------- Done invoking toplevel() on ptolemy.moml.MoMLSimpleApplication@1c96bbd
reloadAllAccessors: .Multiplexor1

===========================================================================================
----------------- testing Thu Sep 12 05:44:51 UTC 2019 /home/travis/build/icyphy/ptII/ptolemy/actor/lib/test/auto/Multiplexor2.xml
----------------- Instantiating /home/travis/build/icyphy/ptII/ptolemy/actor/lib/test/auto/Multiplexor2.xml
5 ms. Memory: 480256K Free: 251457K (52%)
----------------- Invoking toplevel() on ptolemy.moml.MoMLSimpleApplication@470a33c1
----------------- Done invoking toplevel() on ptolemy.moml.MoMLSimpleApplication@470a33c1
reloadAllAccessors: .Multiplexor2

===========================================================================================
----------------- testing Thu Sep 12 05:44:51 UTC 2019 /home/travis/build/icyphy/ptII/ptolemy/actor/lib/test/auto/Multiplexor3.xml
----------------- Instantiating /home/travis/build/icyphy/ptII/ptolemy/actor/lib/test/auto/Multiplexor3.xml
2 ms. Memory: 480256K Free: 247361K (52%)
----------------- Invoking toplevel() on ptolemy.moml.MoMLSimpleApplication@6128cbd8
----------------- Done invoking toplevel() on ptolemy.moml.MoMLSimpleApplication@6128cbd8
reloadAllAccessors: .Multiplexor3

===========================================================================================
----------------- testing Thu Sep 12 05:44:52 UTC 2019 /home/travis/build/icyphy/ptII/ptolemy/actor/lib/test/auto/MultiplexorDE.xml
----------------- Instantiating /home/travis/build/icyphy/ptII/ptolemy/actor/lib/test/auto/MultiplexorDE.xml
2 ms. Memory: 480256K Free: 239664K (50%)
----------------- Invoking toplevel() on ptolemy.moml.MoMLSimpleApplication@53d96741
----------------- Done invoking toplevel() on ptolemy.moml.MoMLSimpleApplication@53d96741
reloadAllAccessors: .MultiplexorDE

===========================================================================================
----------------- testing Thu Sep 12 05:44:52 UTC 2019 /home/travis/build/icyphy/ptII/ptolemy/actor/lib/test/auto/MultiportBroadcastTest.xml
----------------- Instantiating /home/travis/build/icyphy/ptII/ptolemy/actor/lib/test/auto/MultiportBroadcastTest.xml
59 ms. Memory: 480256K Free: 234049K (49%)
----------------- Invoking toplevel() on ptolemy.moml.MoMLSimpleApplication@65c4f92d
----------------- Done invoking toplevel() on ptolemy.moml.MoMLSimpleApplication@65c4f92d
reloadAllAccessors: .MultiportBroadcastTest

===========================================================================================
----------------- testing Thu Sep 12 05:44:52 UTC 2019 /home/travis/build/icyphy/ptII/ptolemy/actor/lib/test/auto/MultiportOutHangDuringGetWidth.xml
----------------- Instantiating /home/travis/build/icyphy/ptII/ptolemy/actor/lib/test/auto/MultiportOutHangDuringGetWidth.xml
6 ms. Memory: 480256K Free: 221761K (46%)
----------------- Invoking toplevel() on ptolemy.moml.MoMLSimpleApplication@14174d18
----------------- Done invoking toplevel() on ptolemy.moml.MoMLSimpleApplication@14174d18
reloadAllAccessors: .MultiportOutHangDuringGetWidth

===========================================================================================
----------------- testing Thu Sep 12 05:44:52 UTC 2019 /home/travis/build/icyphy/ptII/ptolemy/actor/lib/test/auto/NilToken.xml
----------------- Instantiating /home/travis/build/icyphy/ptII/ptolemy/actor/lib/test/auto/NilToken.xml
1 ms. Memory: 480256K Free: 217665K (45%)
----------------- Invoking toplevel() on ptolemy.moml.MoMLSimpleApplication@13ed9349
----------------- Done invoking toplevel() on ptolemy.moml.MoMLSimpleApplication@13ed9349
reloadAllAccessors: .NilToken

===========================================================================================
----------------- testing Thu Sep 12 05:44:52 UTC 2019 /home/travis/build/icyphy/ptII/ptolemy/actor/lib/test/auto/NilTokenNonStrictTest.xml
----------------- Instantiating /home/travis/build/icyphy/ptII/ptolemy/actor/lib/test/auto/NilTokenNonStrictTest.xml
2 ms. Memory: 480256K Free: 213055K (44%)
----------------- Invoking toplevel() on ptolemy.moml.MoMLSimpleApplication@485ab257
----------------- Done invoking toplevel() on ptolemy.moml.MoMLSimpleApplication@485ab257
reloadAllAccessors: .NilTokenNonStrictTest

===========================================================================================
----------------- testing Thu Sep 12 05:44:52 UTC 2019 /home/travis/build/icyphy/ptII/ptolemy/actor/lib/test/auto/NilTokenRecord.xml
----------------- Instantiating /home/travis/build/icyphy/ptII/ptolemy/actor/lib/test/auto/NilTokenRecord.xml
11 ms. Memory: 480256K Free: 206401K (43%)
----------------- Invoking toplevel() on ptolemy.moml.MoMLSimpleApplication@303a9d92
----------------- Done invoking toplevel() on ptolemy.moml.MoMLSimpleApplication@303a9d92
reloadAllAccessors: .NilTokenRecord

===========================================================================================
----------------- testing Thu Sep 12 05:44:52 UTC 2019 /home/travis/build/icyphy/ptII/ptolemy/actor/lib/test/auto/NilTokenTypeTest.xml
----------------- Instantiating /home/travis/build/icyphy/ptII/ptolemy/actor/lib/test/auto/NilTokenTypeTest.xml
10 ms. Memory: 480256K Free: 196671K (41%)
----------------- Invoking toplevel() on ptolemy.moml.MoMLSimpleApplication@67992ec0
----------------- Done invoking toplevel() on ptolemy.moml.MoMLSimpleApplication@67992ec0
reloadAllAccessors: .NilTokenTypeTest

===========================================================================================
----------------- testing Thu Sep 12 05:44:52 UTC 2019 /home/travis/build/icyphy/ptII/ptolemy/actor/lib/test/auto/ObjectToken1.xml
----------------- Instantiating /home/travis/build/icyphy/ptII/ptolemy/actor/lib/test/auto/ObjectToken1.xml
5 ms. Memory: 480256K Free: 193089K (40%)
----------------- Invoking toplevel() on ptolemy.moml.MoMLSimpleApplication@5f02d964
----------------- Done invoking toplevel() on ptolemy.moml.MoMLSimpleApplication@5f02d964
reloadAllAccessors: .ObjectToken1

===========================================================================================
----------------- testing Thu Sep 12 05:44:52 UTC 2019 /home/travis/build/icyphy/ptII/ptolemy/actor/lib/test/auto/OrderedMerge.xml
----------------- Instantiating /home/travis/build/icyphy/ptII/ptolemy/actor/lib/test/auto/OrderedMerge.xml
5 ms. Memory: 480256K Free: 187455K (39%)
----------------- Invoking toplevel() on ptolemy.moml.MoMLSimpleApplication@4eeb570e
----------------- Done invoking toplevel() on ptolemy.moml.MoMLSimpleApplication@4eeb570e
reloadAllAccessors: .OrderedMerge

===========================================================================================
----------------- testing Thu Sep 12 05:44:52 UTC 2019 /home/travis/build/icyphy/ptII/ptolemy/actor/lib/test/auto/OrderedRecordDisassembler.xml
----------------- Instantiating /home/travis/build/icyphy/ptII/ptolemy/actor/lib/test/auto/OrderedRecordDisassembler.xml
3 ms. Memory: 480256K Free: 182304K (38%)
----------------- Invoking toplevel() on ptolemy.moml.MoMLSimpleApplication@f5a698a
----------------- Done invoking toplevel() on ptolemy.moml.MoMLSimpleApplication@f5a698a
reloadAllAccessors: .OrderedRecordDisassembler

===========================================================================================
----------------- testing Thu Sep 12 05:44:52 UTC 2019 /home/travis/build/icyphy/ptII/ptolemy/actor/lib/test/auto/OrderedRecordDisassembler2.xml
----------------- Instantiating /home/travis/build/icyphy/ptII/ptolemy/actor/lib/test/auto/OrderedRecordDisassembler2.xml
4 ms. Memory: 480256K Free: 174657K (36%)
----------------- Invoking toplevel() on ptolemy.moml.MoMLSimpleApplication@26b4fdb4
----------------- Done invoking toplevel() on ptolemy.moml.MoMLSimpleApplication@26b4fdb4
reloadAllAccessors: .OrderedRecordDisassembler2

===========================================================================================
----------------- testing Thu Sep 12 05:44:52 UTC 2019 /home/travis/build/icyphy/ptII/ptolemy/actor/lib/test/auto/OrderedRecordUpdater.xml
----------------- Instantiating /home/travis/build/icyphy/ptII/ptolemy/actor/lib/test/auto/OrderedRecordUpdater.xml
2 ms. Memory: 480256K Free: 170047K (35%)
----------------- Invoking toplevel() on ptolemy.moml.MoMLSimpleApplication@65ae4c72
----------------- Done invoking toplevel() on ptolemy.moml.MoMLSimpleApplication@65ae4c72
reloadAllAccessors: .RecordUpdater

===========================================================================================
----------------- testing Thu Sep 12 05:44:52 UTC 2019 /home/travis/build/icyphy/ptII/ptolemy/actor/lib/test/auto/OrderedRecordUpdater2.xml
----------------- Instantiating /home/travis/build/icyphy/ptII/ptolemy/actor/lib/test/auto/OrderedRecordUpdater2.xml
3 ms. Memory: 480256K Free: 164927K (34%)
----------------- Invoking toplevel() on ptolemy.moml.MoMLSimpleApplication@6211d113
----------------- Done invoking toplevel() on ptolemy.moml.MoMLSimpleApplication@6211d113
reloadAllAccessors: .RecordUpdater2

===========================================================================================
----------------- testing Thu Sep 12 05:44:52 UTC 2019 /home/travis/build/icyphy/ptII/ptolemy/actor/lib/test/auto/PhaseUnwrap.xml
----------------- Instantiating /home/travis/build/icyphy/ptII/ptolemy/actor/lib/test/auto/PhaseUnwrap.xml
1 ms. Memory: 480256K Free: 160321K (33%)
----------------- Invoking toplevel() on ptolemy.moml.MoMLSimpleApplication@6b8b212f
----------------- Done invoking toplevel() on ptolemy.moml.MoMLSimpleApplication@6b8b212f
reloadAllAccessors: .PhaseUnwrap

===========================================================================================
----------------- testing Thu Sep 12 05:44:52 UTC 2019 /home/travis/build/icyphy/ptII/ptolemy/actor/lib/test/auto/PoissonClock.xml
----------------- Instantiating /home/travis/build/icyphy/ptII/ptolemy/actor/lib/test/auto/PoissonClock.xml
1 ms. Memory: 480256K Free: 156735K (33%)
----------------- Invoking toplevel() on ptolemy.moml.MoMLSimpleApplication@39dad855
----------------- Done invoking toplevel() on ptolemy.moml.MoMLSimpleApplication@39dad855
reloadAllAccessors: .PoissonClock

===========================================================================================
----------------- testing Thu Sep 12 05:44:52 UTC 2019 /home/travis/build/icyphy/ptII/ptolemy/actor/lib/test/auto/PoissonClock2.xml
----------------- Instantiating /home/travis/build/icyphy/ptII/ptolemy/actor/lib/test/auto/PoissonClock2.xml
2 ms. Memory: 480256K Free: 152129K (32%)
----------------- Invoking toplevel() on ptolemy.moml.MoMLSimpleApplication@18c6b0f5
----------------- Done invoking toplevel() on ptolemy.moml.MoMLSimpleApplication@18c6b0f5
reloadAllAccessors: .PoissonClock2

===========================================================================================
----------------- testing Thu Sep 12 05:44:52 UTC 2019 /home/travis/build/icyphy/ptII/ptolemy/actor/lib/test/auto/PoissonClock3.xml
----------------- Instantiating /home/travis/build/icyphy/ptII/ptolemy/actor/lib/test/auto/PoissonClock3.xml
1 ms. Memory: 480256K Free: 427583K (89%)
----------------- Invoking toplevel() on ptolemy.moml.MoMLSimpleApplication@3a7620dd
----------------- Done invoking toplevel() on ptolemy.moml.MoMLSimpleApplication@3a7620dd
reloadAllAccessors: .PoissonClock3

===========================================================================================
----------------- testing Thu Sep 12 05:44:52 UTC 2019 /home/travis/build/icyphy/ptII/ptolemy/actor/lib/test/auto/PubSubWithInitialTokens.xml
----------------- Instantiating /home/travis/build/icyphy/ptII/ptolemy/actor/lib/test/auto/PubSubWithInitialTokens.xml
3 ms. Memory: 480256K Free: 421953K (88%)
----------------- Invoking toplevel() on ptolemy.moml.MoMLSimpleApplication@f0e0354
----------------- Done invoking toplevel() on ptolemy.moml.MoMLSimpleApplication@f0e0354
reloadAllAccessors: .PubSubWithInitialTokens

===========================================================================================
----------------- testing Thu Sep 12 05:44:52 UTC 2019 /home/travis/build/icyphy/ptII/ptolemy/actor/lib/test/auto/PubSubWithInitialTokens2.xml
----------------- Instantiating /home/travis/build/icyphy/ptII/ptolemy/actor/lib/test/auto/PubSubWithInitialTokens2.xml
3 ms. Memory: 480256K Free: 415809K (87%)
----------------- Invoking toplevel() on ptolemy.moml.MoMLSimpleApplication@2346a11
----------------- Done invoking toplevel() on ptolemy.moml.MoMLSimpleApplication@2346a11
reloadAllAccessors: .PubSubWithInitialTokens2

===========================================================================================
----------------- testing Thu Sep 12 05:44:52 UTC 2019 /home/travis/build/icyphy/ptII/ptolemy/actor/lib/test/auto/PublisherClassNoParameter.xml
----------------- Instantiating /home/travis/build/icyphy/ptII/ptolemy/actor/lib/test/auto/PublisherClassNoParameter.xml
3 ms. Memory: 480256K Free: 406079K (85%)
----------------- Invoking toplevel() on ptolemy.moml.MoMLSimpleApplication@394dab4f
----------------- Done invoking toplevel() on ptolemy.moml.MoMLSimpleApplication@394dab4f
reloadAllAccessors: .PublisherClassNoParameter

===========================================================================================
----------------- testing Thu Sep 12 05:44:52 UTC 2019 /home/travis/build/icyphy/ptII/ptolemy/actor/lib/test/auto/PublisherClassParameter.xml
----------------- Instantiating /home/travis/build/icyphy/ptII/ptolemy/actor/lib/test/auto/PublisherClassParameter.xml
2 ms. Memory: 480256K Free: 395832K (82%)
----------------- Invoking toplevel() on ptolemy.moml.MoMLSimpleApplication@189b17d1
----------------- Done invoking toplevel() on ptolemy.moml.MoMLSimpleApplication@189b17d1
reloadAllAccessors: .PublisherClassParameter

===========================================================================================
----------------- testing Thu Sep 12 05:44:52 UTC 2019 /home/travis/build/icyphy/ptII/ptolemy/actor/lib/test/auto/PublisherNonStrictTest.xml
----------------- Instantiating /home/travis/build/icyphy/ptII/ptolemy/actor/lib/test/auto/PublisherNonStrictTest.xml
3 ms. Memory: 480256K Free: 388664K (81%)
----------------- Invoking toplevel() on ptolemy.moml.MoMLSimpleApplication@687a437d
----------------- Done invoking toplevel() on ptolemy.moml.MoMLSimpleApplication@687a437d
reloadAllAccessors: .PublisherNonStrictTest

===========================================================================================
----------------- testing Thu Sep 12 05:44:52 UTC 2019 /home/travis/build/icyphy/ptII/ptolemy/actor/lib/test/auto/PublisherPort1.xml
----------------- Instantiating /home/travis/build/icyphy/ptII/ptolemy/actor/lib/test/auto/PublisherPort1.xml
8 ms. Memory: 480256K Free: 383041K (80%)
----------------- Invoking toplevel() on ptolemy.moml.MoMLSimpleApplication@6556ece8
----------------- Done invoking toplevel() on ptolemy.moml.MoMLSimpleApplication@6556ece8
reloadAllAccessors: .PublisherPort1

===========================================================================================
----------------- testing Thu Sep 12 05:44:52 UTC 2019 /home/travis/build/icyphy/ptII/ptolemy/actor/lib/test/auto/PublisherPort2.xml
----------------- Instantiating /home/travis/build/icyphy/ptII/ptolemy/actor/lib/test/auto/PublisherPort2.xml
2 ms. Memory: 480256K Free: 377921K (79%)
----------------- Invoking toplevel() on ptolemy.moml.MoMLSimpleApplication@307a0f9a
----------------- Done invoking toplevel() on ptolemy.moml.MoMLSimpleApplication@307a0f9a
reloadAllAccessors: .PublisherPort2

===========================================================================================
----------------- testing Thu Sep 12 05:44:52 UTC 2019 /home/travis/build/icyphy/ptII/ptolemy/actor/lib/test/auto/PublisherPort3.xml
----------------- Instantiating /home/travis/build/icyphy/ptII/ptolemy/actor/lib/test/auto/PublisherPort3.xml
3 ms. Memory: 480256K Free: 371232K (77%)
----------------- Invoking toplevel() on ptolemy.moml.MoMLSimpleApplication@550de32b
----------------- Done invoking toplevel() on ptolemy.moml.MoMLSimpleApplication@550de32b
reloadAllAccessors: .PublisherPort3

===========================================================================================
----------------- testing Thu Sep 12 05:44:52 UTC 2019 /home/travis/build/icyphy/ptII/ptolemy/actor/lib/test/auto/PublisherPort4.xml
----------------- Instantiating /home/travis/build/icyphy/ptII/ptolemy/actor/lib/test/auto/PublisherPort4.xml
2 ms. Memory: 480256K Free: 365633K (76%)
----------------- Invoking toplevel() on ptolemy.moml.MoMLSimpleApplication@3a3c50e2
----------------- Done invoking toplevel() on ptolemy.moml.MoMLSimpleApplication@3a3c50e2
reloadAllAccessors: .PublisherPort4

===========================================================================================
----------------- testing Thu Sep 12 05:44:52 UTC 2019 /home/travis/build/icyphy/ptII/ptolemy/actor/lib/test/auto/PublisherPort5.xml
----------------- Instantiating /home/travis/build/icyphy/ptII/ptolemy/actor/lib/test/auto/PublisherPort5.xml
4 ms. Memory: 480256K Free: 357951K (75%)
----------------- Invoking toplevel() on ptolemy.moml.MoMLSimpleApplication@28d73c1c
----------------- Done invoking toplevel() on ptolemy.moml.MoMLSimpleApplication@28d73c1c
reloadAllAccessors: .PublisherPort5

===========================================================================================
----------------- testing Thu Sep 12 05:44:52 UTC 2019 /home/travis/build/icyphy/ptII/ptolemy/actor/lib/test/auto/PublisherPort5LookAlike.xml
----------------- Instantiating /home/travis/build/icyphy/ptII/ptolemy/actor/lib/test/auto/PublisherPort5LookAlike.xml
8 ms. Memory: 480256K Free: 350273K (73%)
----------------- Invoking toplevel() on ptolemy.moml.MoMLSimpleApplication@57aa2f96
----------------- Done invoking toplevel() on ptolemy.moml.MoMLSimpleApplication@57aa2f96
reloadAllAccessors: .PublisherPort5LookAlike

===========================================================================================
----------------- testing Thu Sep 12 05:44:52 UTC 2019 /home/travis/build/icyphy/ptII/ptolemy/actor/lib/test/auto/PublisherPort6.xml
----------------- Instantiating /home/travis/build/icyphy/ptII/ptolemy/actor/lib/test/auto/PublisherPort6.xml
2 ms. Memory: 480256K Free: 343600K (72%)
----------------- Invoking toplevel() on ptolemy.moml.MoMLSimpleApplication@7fb6af35
----------------- Done invoking toplevel() on ptolemy.moml.MoMLSimpleApplication@7fb6af35
reloadAllAccessors: .PublisherPort6

===========================================================================================
----------------- testing Thu Sep 12 05:44:52 UTC 2019 /home/travis/build/icyphy/ptII/ptolemy/actor/lib/test/auto/PublisherPort7.xml
----------------- Instantiating /home/travis/build/icyphy/ptII/ptolemy/actor/lib/test/auto/PublisherPort7.xml
3 ms. Memory: 480256K Free: 335937K (70%)
----------------- Invoking toplevel() on ptolemy.moml.MoMLSimpleApplication@2be9d196
----------------- Done invoking toplevel() on ptolemy.moml.MoMLSimpleApplication@2be9d196
reloadAllAccessors: .PublisherPort7

===========================================================================================
----------------- testing Thu Sep 12 05:44:52 UTC 2019 /home/travis/build/icyphy/ptII/ptolemy/actor/lib/test/auto/PublisherPort8.xml
----------------- Instantiating /home/travis/build/icyphy/ptII/ptolemy/actor/lib/test/auto/PublisherPort8.xml
9 ms. Memory: 480256K Free: 327231K (68%)
----------------- Invoking toplevel() on ptolemy.moml.MoMLSimpleApplication@16df7ccc
----------------- Done invoking toplevel() on ptolemy.moml.MoMLSimpleApplication@16df7ccc
reloadAllAccessors: .PublisherPort8

===========================================================================================
----------------- testing Thu Sep 12 05:44:52 UTC 2019 /home/travis/build/icyphy/ptII/ptolemy/actor/lib/test/auto/PublisherPortSubscriberChannelVariablesAOC2.xml
----------------- Instantiating /home/travis/build/icyphy/ptII/ptolemy/actor/lib/test/auto/PublisherPortSubscriberChannelVariablesAOC2.xml
3 ms. Memory: 480256K Free: 309823K (65%)
----------------- Invoking toplevel() on ptolemy.moml.MoMLSimpleApplication@7239f079
----------------- Done invoking toplevel() on ptolemy.moml.MoMLSimpleApplication@7239f079
reloadAllAccessors: .PublisherPortSubscriberChannelVariablesAOC2

===========================================================================================
----------------- testing Thu Sep 12 05:44:52 UTC 2019 /home/travis/build/icyphy/ptII/ptolemy/actor/lib/test/auto/PublisherPortSubscriberOpaqueWidthInference.xml
----------------- Instantiating /home/travis/build/icyphy/ptII/ptolemy/actor/lib/test/auto/PublisherPortSubscriberOpaqueWidthInference.xml
4 ms. Memory: 480256K Free: 302145K (63%)
----------------- Invoking toplevel() on ptolemy.moml.MoMLSimpleApplication@7a389119
----------------- Done invoking toplevel() on ptolemy.moml.MoMLSimpleApplication@7a389119
reloadAllAccessors: .PublisherPortSubscriberOpaqueWidthInference

===========================================================================================
----------------- testing Thu Sep 12 05:44:52 UTC 2019 /home/travis/build/icyphy/ptII/ptolemy/actor/lib/test/auto/PublisherPortSubscriberPortAdjacent.xml
----------------- Instantiating /home/travis/build/icyphy/ptII/ptolemy/actor/lib/test/auto/PublisherPortSubscriberPortAdjacent.xml
1 ms. Memory: 480256K Free: 293953K (61%)
----------------- Invoking toplevel() on ptolemy.moml.MoMLSimpleApplication@2c7bdac3
----------------- Done invoking toplevel() on ptolemy.moml.MoMLSimpleApplication@2c7bdac3
reloadAllAccessors: .PublisherPortSubscriberPortAdjacent

===========================================================================================
----------------- testing Thu Sep 12 05:44:52 UTC 2019 /home/travis/build/icyphy/ptII/ptolemy/actor/lib/test/auto/PublisherPortSubscriberPortExpression.xml
----------------- Instantiating /home/travis/build/icyphy/ptII/ptolemy/actor/lib/test/auto/PublisherPortSubscriberPortExpression.xml
3 ms. Memory: 480256K Free: 286256K (60%)
----------------- Invoking toplevel() on ptolemy.moml.MoMLSimpleApplication@18693639
----------------- Done invoking toplevel() on ptolemy.moml.MoMLSimpleApplication@18693639
reloadAllAccessors: .PublisherPortSubscriberPortExpression

===========================================================================================
----------------- testing Thu Sep 12 05:44:52 UTC 2019 /home/travis/build/icyphy/ptII/ptolemy/actor/lib/test/auto/PublisherPortSubscriberPortOpaqueD3Reverse.xml
----------------- Instantiating /home/travis/build/icyphy/ptII/ptolemy/actor/lib/test/auto/PublisherPortSubscriberPortOpaqueD3Reverse.xml
6 ms. Memory: 480256K Free: 276031K (57%)
----------------- Invoking toplevel() on ptolemy.moml.MoMLSimpleApplication@3b580cd5
----------------- Done invoking toplevel() on ptolemy.moml.MoMLSimpleApplication@3b580cd5
reloadAllAccessors: .PublisherPortSubscriberPortOpaqueD3Reverse

===========================================================================================
----------------- testing Thu Sep 12 05:44:52 UTC 2019 /home/travis/build/icyphy/ptII/ptolemy/actor/lib/test/auto/PublisherPortSubscriberPortOpaqueWidthInference.xml
----------------- Instantiating /home/travis/build/icyphy/ptII/ptolemy/actor/lib/test/auto/PublisherPortSubscriberPortOpaqueWidthInference.xml
3 ms. Memory: 480256K Free: 268353K (56%)
----------------- Invoking toplevel() on ptolemy.moml.MoMLSimpleApplication@1f26406f
----------------- Done invoking toplevel() on ptolemy.moml.MoMLSimpleApplication@1f26406f
reloadAllAccessors: .PublisherPortSubscriberPortOpaqueWidthInference

===========================================================================================
----------------- testing Thu Sep 12 05:44:52 UTC 2019 /home/travis/build/icyphy/ptII/ptolemy/actor/lib/test/auto/PublisherPortToplevelSubscriberPortAOC.xml
----------------- Instantiating /home/travis/build/icyphy/ptII/ptolemy/actor/lib/test/auto/PublisherPortToplevelSubscriberPortAOC.xml
.PublisherPortToplevelSubscriberPortAOC.TestExceptionAttribute: initialize() was not invoked, but wrapup() was.  This is unusual, but not always a problem.  For example, exporting JNLP will do this.
1 ms. Memory: 480256K Free: 262209K (55%)
----------------- Invoking toplevel() on ptolemy.moml.MoMLSimpleApplication@37754909
----------------- Done invoking toplevel() on ptolemy.moml.MoMLSimpleApplication@37754909
reloadAllAccessors: .PublisherPortToplevelSubscriberPortAOC

===========================================================================================
----------------- testing Thu Sep 12 05:44:52 UTC 2019 /home/travis/build/icyphy/ptII/ptolemy/actor/lib/test/auto/PublisherSubscriber.xml
----------------- Instantiating /home/travis/build/icyphy/ptII/ptolemy/actor/lib/test/auto/PublisherSubscriber.xml
2 ms. Memory: 480256K Free: 255041K (53%)
----------------- Invoking toplevel() on ptolemy.moml.MoMLSimpleApplication@4096e7a0
----------------- Done invoking toplevel() on ptolemy.moml.MoMLSimpleApplication@4096e7a0
reloadAllAccessors: .PublisherSubscriber

===========================================================================================
----------------- testing Thu Sep 12 05:44:52 UTC 2019 /home/travis/build/icyphy/ptII/ptolemy/actor/lib/test/auto/PublisherSubscriber10.xml
----------------- Instantiating /home/travis/build/icyphy/ptII/ptolemy/actor/lib/test/auto/PublisherSubscriber10.xml
6 ms. Memory: 480256K Free: 245311K (51%)
----------------- Invoking toplevel() on ptolemy.moml.MoMLSimpleApplication@6ff1361c
----------------- Done invoking toplevel() on ptolemy.moml.MoMLSimpleApplication@6ff1361c
reloadAllAccessors: .PublisherSubscriber10

===========================================================================================
----------------- testing Thu Sep 12 05:44:52 UTC 2019 /home/travis/build/icyphy/ptII/ptolemy/actor/lib/test/auto/PublisherSubscriber10InitialOutputs.xml
----------------- Instantiating /home/travis/build/icyphy/ptII/ptolemy/actor/lib/test/auto/PublisherSubscriber10InitialOutputs.xml
12 ms. Memory: 480256K Free: 236095K (49%)
----------------- Invoking toplevel() on ptolemy.moml.MoMLSimpleApplication@514507ef
----------------- Done invoking toplevel() on ptolemy.moml.MoMLSimpleApplication@514507ef
reloadAllAccessors: .PublisherSubscriber10InitialOutputs

===========================================================================================
----------------- testing Thu Sep 12 05:44:52 UTC 2019 /home/travis/build/icyphy/ptII/ptolemy/actor/lib/test/auto/PublisherSubscriber11.xml
----------------- Instantiating /home/travis/build/icyphy/ptII/ptolemy/actor/lib/test/auto/PublisherSubscriber11.xml
2 ms. Memory: 480256K Free: 229920K (48%)
----------------- Invoking toplevel() on ptolemy.moml.MoMLSimpleApplication@15faa8ba
----------------- Done invoking toplevel() on ptolemy.moml.MoMLSimpleApplication@15faa8ba
reloadAllAccessors: .PublisherSubscriber11

===========================================================================================
----------------- testing Thu Sep 12 05:44:53 UTC 2019 /home/travis/build/icyphy/ptII/ptolemy/actor/lib/test/auto/PublisherSubscriber12.xml
----------------- Instantiating /home/travis/build/icyphy/ptII/ptolemy/actor/lib/test/auto/PublisherSubscriber12.xml
2 ms. Memory: 480256K Free: 223297K (46%)
----------------- Invoking toplevel() on ptolemy.moml.MoMLSimpleApplication@dfc8488
----------------- Done invoking toplevel() on ptolemy.moml.MoMLSimpleApplication@dfc8488
reloadAllAccessors: .PublisherSubscriber12

===========================================================================================
----------------- testing Thu Sep 12 05:44:53 UTC 2019 /home/travis/build/icyphy/ptII/ptolemy/actor/lib/test/auto/PublisherSubscriber13.xml
----------------- Instantiating /home/travis/build/icyphy/ptII/ptolemy/actor/lib/test/auto/PublisherSubscriber13.xml
2 ms. Memory: 480256K Free: 217632K (45%)
----------------- Invoking toplevel() on ptolemy.moml.MoMLSimpleApplication@1ea1f13d
----------------- Done invoking toplevel() on ptolemy.moml.MoMLSimpleApplication@1ea1f13d
reloadAllAccessors: .PublisherSubscriber13

===========================================================================================
----------------- testing Thu Sep 12 05:44:53 UTC 2019 /home/travis/build/icyphy/ptII/ptolemy/actor/lib/test/auto/PublisherSubscriber14.xml
----------------- Instantiating /home/travis/build/icyphy/ptII/ptolemy/actor/lib/test/auto/PublisherSubscriber14.xml
2 ms. Memory: 480256K Free: 208961K (44%)
----------------- Invoking toplevel() on ptolemy.moml.MoMLSimpleApplication@58f91563
----------------- Done invoking toplevel() on ptolemy.moml.MoMLSimpleApplication@58f91563
reloadAllAccessors: .PublisherSubscriber14

===========================================================================================
----------------- testing Thu Sep 12 05:44:53 UTC 2019 /home/travis/build/icyphy/ptII/ptolemy/actor/lib/test/auto/PublisherSubscriber2.xml
----------------- Instantiating /home/travis/build/icyphy/ptII/ptolemy/actor/lib/test/auto/PublisherSubscriber2.xml
3 ms. Memory: 480256K Free: 203327K (42%)
----------------- Invoking toplevel() on ptolemy.moml.MoMLSimpleApplication@6b17102a
----------------- Done invoking toplevel() on ptolemy.moml.MoMLSimpleApplication@6b17102a
reloadAllAccessors: .PublisherSubscriber2

===========================================================================================
----------------- testing Thu Sep 12 05:44:53 UTC 2019 /home/travis/build/icyphy/ptII/ptolemy/actor/lib/test/auto/PublisherSubscriber3.xml
----------------- Instantiating /home/travis/build/icyphy/ptII/ptolemy/actor/lib/test/auto/PublisherSubscriber3.xml
2 ms. Memory: 480256K Free: 198176K (41%)
----------------- Invoking toplevel() on ptolemy.moml.MoMLSimpleApplication@334e72cb
----------------- Done invoking toplevel() on ptolemy.moml.MoMLSimpleApplication@334e72cb
reloadAllAccessors: .PublisherSubscriber3

===========================================================================================
----------------- testing Thu Sep 12 05:44:53 UTC 2019 /home/travis/build/icyphy/ptII/ptolemy/actor/lib/test/auto/PublisherSubscriber4.xml
----------------- Instantiating /home/travis/build/icyphy/ptII/ptolemy/actor/lib/test/auto/PublisherSubscriber4.xml
2 ms. Memory: 480256K Free: 193056K (40%)
----------------- Invoking toplevel() on ptolemy.moml.MoMLSimpleApplication@5a595e30
----------------- Done invoking toplevel() on ptolemy.moml.MoMLSimpleApplication@5a595e30
reloadAllAccessors: .PublisherSubscriber4

===========================================================================================
----------------- testing Thu Sep 12 05:44:53 UTC 2019 /home/travis/build/icyphy/ptII/ptolemy/actor/lib/test/auto/PublisherSubscriber5.xml
----------------- Instantiating /home/travis/build/icyphy/ptII/ptolemy/actor/lib/test/auto/PublisherSubscriber5.xml
2 ms. Memory: 480256K Free: 185919K (39%)
----------------- Invoking toplevel() on ptolemy.moml.MoMLSimpleApplication@6a1cbde2
----------------- Done invoking toplevel() on ptolemy.moml.MoMLSimpleApplication@6a1cbde2
reloadAllAccessors: .PublisherSubscriber5

===========================================================================================
----------------- testing Thu Sep 12 05:44:53 UTC 2019 /home/travis/build/icyphy/ptII/ptolemy/actor/lib/test/auto/PublisherSubscriber6.xml
----------------- Instantiating /home/travis/build/icyphy/ptII/ptolemy/actor/lib/test/auto/PublisherSubscriber6.xml
5 ms. Memory: 480256K Free: 179760K (37%)
----------------- Invoking toplevel() on ptolemy.moml.MoMLSimpleApplication@1189db9f
----------------- Done invoking toplevel() on ptolemy.moml.MoMLSimpleApplication@1189db9f
reloadAllAccessors: .PublisherSubscriber6

===========================================================================================
----------------- testing Thu Sep 12 05:44:53 UTC 2019 /home/travis/build/icyphy/ptII/ptolemy/actor/lib/test/auto/PublisherSubscriber7.xml
----------------- Instantiating /home/travis/build/icyphy/ptII/ptolemy/actor/lib/test/auto/PublisherSubscriber7.xml
8 ms. Memory: 480256K Free: 173121K (36%)
----------------- Invoking toplevel() on ptolemy.moml.MoMLSimpleApplication@49c4da14
----------------- Done invoking toplevel() on ptolemy.moml.MoMLSimpleApplication@49c4da14
reloadAllAccessors: .PublisherSubscriber7

===========================================================================================
----------------- testing Thu Sep 12 05:44:53 UTC 2019 /home/travis/build/icyphy/ptII/ptolemy/actor/lib/test/auto/PublisherSubscriber8.xml
----------------- Instantiating /home/travis/build/icyphy/ptII/ptolemy/actor/lib/test/auto/PublisherSubscriber8.xml
19 ms. Memory: 480256K Free: 161855K (34%)
----------------- Invoking toplevel() on ptolemy.moml.MoMLSimpleApplication@1c95f1de
----------------- Done invoking toplevel() on ptolemy.moml.MoMLSimpleApplication@1c95f1de
reloadAllAccessors: .PublisherSubscriber8

===========================================================================================
----------------- testing Thu Sep 12 05:44:53 UTC 2019 /home/travis/build/icyphy/ptII/ptolemy/actor/lib/test/auto/PublisherSubscriber9.xml
----------------- Instantiating /home/travis/build/icyphy/ptII/ptolemy/actor/lib/test/auto/PublisherSubscriber9.xml
2 ms. Memory: 480256K Free: 154689K (32%)
----------------- Invoking toplevel() on ptolemy.moml.MoMLSimpleApplication@340fb3e7
----------------- Done invoking toplevel() on ptolemy.moml.MoMLSimpleApplication@340fb3e7
reloadAllAccessors: .PublisherSubscriber9

===========================================================================================
----------------- testing Thu Sep 12 05:44:53 UTC 2019 /home/travis/build/icyphy/ptII/ptolemy/actor/lib/test/auto/PublisherSubscriberAdjacent.xml
----------------- Instantiating /home/travis/build/icyphy/ptII/ptolemy/actor/lib/test/auto/PublisherSubscriberAdjacent.xml
2 ms. Memory: 480256K Free: 426049K (89%)
----------------- Invoking toplevel() on ptolemy.moml.MoMLSimpleApplication@9294dc9
----------------- Done invoking toplevel() on ptolemy.moml.MoMLSimpleApplication@9294dc9
reloadAllAccessors: .PublisherSubscriberAdjacent

===========================================================================================
----------------- testing Thu Sep 12 05:44:53 UTC 2019 /home/travis/build/icyphy/ptII/ptolemy/actor/lib/test/auto/PublisherSubscriberChannelVariablesAOC2.xml
----------------- Instantiating /home/travis/build/icyphy/ptII/ptolemy/actor/lib/test/auto/PublisherSubscriberChannelVariablesAOC2.xml
2 ms. Memory: 480256K Free: 411184K (86%)
----------------- Invoking toplevel() on ptolemy.moml.MoMLSimpleApplication@1d4a7de
----------------- Done invoking toplevel() on ptolemy.moml.MoMLSimpleApplication@1d4a7de
reloadAllAccessors: .PublisherSubscriberChannelVariablesAOC2

===========================================================================================
----------------- testing Thu Sep 12 05:44:53 UTC 2019 /home/travis/build/icyphy/ptII/ptolemy/actor/lib/test/auto/PublisherSubscriberD3.xml
----------------- Instantiating /home/travis/build/icyphy/ptII/ptolemy/actor/lib/test/auto/PublisherSubscriberD3.xml
2 ms. Memory: 480256K Free: 404031K (84%)
----------------- Invoking toplevel() on ptolemy.moml.MoMLSimpleApplication@1ca80c3a
----------------- Done invoking toplevel() on ptolemy.moml.MoMLSimpleApplication@1ca80c3a
reloadAllAccessors: .PublisherSubscriberD3

===========================================================================================
----------------- testing Thu Sep 12 05:44:53 UTC 2019 /home/travis/build/icyphy/ptII/ptolemy/actor/lib/test/auto/PublisherSubscriberD3Reverse.xml
----------------- Instantiating /home/travis/build/icyphy/ptII/ptolemy/actor/lib/test/auto/PublisherSubscriberD3Reverse.xml
1 ms. Memory: 480256K Free: 397887K (83%)
----------------- Invoking toplevel() on ptolemy.moml.MoMLSimpleApplication@74f9e89b
----------------- Done invoking toplevel() on ptolemy.moml.MoMLSimpleApplication@74f9e89b
reloadAllAccessors: .PublisherSubscriberD3Reverse

===========================================================================================
----------------- testing Thu Sep 12 05:44:53 UTC 2019 /home/travis/build/icyphy/ptII/ptolemy/actor/lib/test/auto/PublisherSubscriberExpression.xml
----------------- Instantiating /home/travis/build/icyphy/ptII/ptolemy/actor/lib/test/auto/PublisherSubscriberExpression.xml
3 ms. Memory: 480256K Free: 389680K (81%)
----------------- Invoking toplevel() on ptolemy.moml.MoMLSimpleApplication@418b3f98
----------------- Done invoking toplevel() on ptolemy.moml.MoMLSimpleApplication@418b3f98
reloadAllAccessors: .PublisherSubscriberExpression

===========================================================================================
----------------- testing Thu Sep 12 05:44:53 UTC 2019 /home/travis/build/icyphy/ptII/ptolemy/actor/lib/test/auto/PublisherSubscriberOpaque.xml
----------------- Instantiating /home/travis/build/icyphy/ptII/ptolemy/actor/lib/test/auto/PublisherSubscriberOpaque.xml
4 ms. Memory: 480256K Free: 380993K (79%)
----------------- Invoking toplevel() on ptolemy.moml.MoMLSimpleApplication@7bf69cc4
----------------- Done invoking toplevel() on ptolemy.moml.MoMLSimpleApplication@7bf69cc4
reloadAllAccessors: .PublisherSubscriberOpaque

===========================================================================================
----------------- testing Thu Sep 12 05:44:53 UTC 2019 /home/travis/build/icyphy/ptII/ptolemy/actor/lib/test/auto/PublisherSubscriberOpaqueD3.xml
----------------- Instantiating /home/travis/build/icyphy/ptII/ptolemy/actor/lib/test/auto/PublisherSubscriberOpaqueD3.xml
5 ms. Memory: 480256K Free: 369729K (77%)
----------------- Invoking toplevel() on ptolemy.moml.MoMLSimpleApplication@b0e4476
----------------- Done invoking toplevel() on ptolemy.moml.MoMLSimpleApplication@b0e4476
reloadAllAccessors: .PublisherSubscriberOpaqueD3

===========================================================================================
----------------- testing Thu Sep 12 05:44:53 UTC 2019 /home/travis/build/icyphy/ptII/ptolemy/actor/lib/test/auto/PublisherSubscriberOpaqueD3Reverse.xml
----------------- Instantiating /home/travis/build/icyphy/ptII/ptolemy/actor/lib/test/auto/PublisherSubscriberOpaqueD3Reverse.xml
7 ms. Memory: 480256K Free: 358975K (75%)
----------------- Invoking toplevel() on ptolemy.moml.MoMLSimpleApplication@53a46b27
----------------- Done invoking toplevel() on ptolemy.moml.MoMLSimpleApplication@53a46b27
reloadAllAccessors: .PublisherSubscriberOpaqueD3Reverse

===========================================================================================
----------------- testing Thu Sep 12 05:44:53 UTC 2019 /home/travis/build/icyphy/ptII/ptolemy/actor/lib/test/auto/PublisherSubscriberOpaqueWidthInference.xml
----------------- Instantiating /home/travis/build/icyphy/ptII/ptolemy/actor/lib/test/auto/PublisherSubscriberOpaqueWidthInference.xml
4 ms. Memory: 480256K Free: 350768K (73%)
----------------- Invoking toplevel() on ptolemy.moml.MoMLSimpleApplication@1c37d817
----------------- Done invoking toplevel() on ptolemy.moml.MoMLSimpleApplication@1c37d817
reloadAllAccessors: .PublisherSubscriberOpaqueWidthInference

===========================================================================================
----------------- testing Thu Sep 12 05:44:53 UTC 2019 /home/travis/build/icyphy/ptII/ptolemy/actor/lib/test/auto/PublisherTestSubscriber.xml
----------------- Instantiating /home/travis/build/icyphy/ptII/ptolemy/actor/lib/test/auto/PublisherTestSubscriber.xml
5 ms. Memory: 480256K Free: 343105K (71%)
----------------- Invoking toplevel() on ptolemy.moml.MoMLSimpleApplication@7651d6d0
----------------- Done invoking toplevel() on ptolemy.moml.MoMLSimpleApplication@7651d6d0
reloadAllAccessors: .PublisherTestSubscriber

===========================================================================================
----------------- testing Thu Sep 12 05:44:53 UTC 2019 /home/travis/build/icyphy/ptII/ptolemy/actor/lib/test/auto/PublisherToplevelSubscriberPortAOC.xml
----------------- Instantiating /home/travis/build/icyphy/ptII/ptolemy/actor/lib/test/auto/PublisherToplevelSubscriberPortAOC.xml
2 ms. Memory: 480256K Free: 336961K (70%)
----------------- Invoking toplevel() on ptolemy.moml.MoMLSimpleApplication@1e16a4c2
----------------- Done invoking toplevel() on ptolemy.moml.MoMLSimpleApplication@1e16a4c2
reloadAllAccessors: .PublisherToplevelSubscriberPortAOC

===========================================================================================
----------------- testing Thu Sep 12 05:44:53 UTC 2019 /home/travis/build/icyphy/ptII/ptolemy/actor/lib/test/auto/PulseFiringLimitDE.xml
----------------- Instantiating /home/travis/build/icyphy/ptII/ptolemy/actor/lib/test/auto/PulseFiringLimitDE.xml
2 ms. Memory: 480256K Free: 330817K (69%)
----------------- Invoking toplevel() on ptolemy.moml.MoMLSimpleApplication@2ef73560
----------------- Done invoking toplevel() on ptolemy.moml.MoMLSimpleApplication@2ef73560
reloadAllAccessors: .PulseFiringLimitDE

===========================================================================================
----------------- testing Thu Sep 12 05:44:53 UTC 2019 /home/travis/build/icyphy/ptII/ptolemy/actor/lib/test/auto/Ramp1.xml
----------------- Instantiating /home/travis/build/icyphy/ptII/ptolemy/actor/lib/test/auto/Ramp1.xml
1 ms. Memory: 480256K Free: 326721K (68%)
----------------- Invoking toplevel() on ptolemy.moml.MoMLSimpleApplication@530b1ba1
----------------- Done invoking toplevel() on ptolemy.moml.MoMLSimpleApplication@530b1ba1
reloadAllAccessors: .Ramp1

===========================================================================================
----------------- testing Thu Sep 12 05:44:53 UTC 2019 /home/travis/build/icyphy/ptII/ptolemy/actor/lib/test/auto/RampFiringLimitDE.xml
----------------- Instantiating /home/travis/build/icyphy/ptII/ptolemy/actor/lib/test/auto/RampFiringLimitDE.xml
2 ms. Memory: 480256K Free: 320577K (67%)
----------------- Invoking toplevel() on ptolemy.moml.MoMLSimpleApplication@1a710ce6
----------------- Done invoking toplevel() on ptolemy.moml.MoMLSimpleApplication@1a710ce6
reloadAllAccessors: .RampFiringLimitDE

===========================================================================================
----------------- testing Thu Sep 12 05:44:53 UTC 2019 /home/travis/build/icyphy/ptII/ptolemy/actor/lib/test/auto/RampFiringLimitSDF.xml
----------------- Instantiating /home/travis/build/icyphy/ptII/ptolemy/actor/lib/test/auto/RampFiringLimitSDF.xml
2 ms. Memory: 480256K Free: 315457K (66%)
----------------- Invoking toplevel() on ptolemy.moml.MoMLSimpleApplication@370cc637
----------------- Done invoking toplevel() on ptolemy.moml.MoMLSimpleApplication@370cc637
reloadAllAccessors: .RampFiringLimitSDF

===========================================================================================
----------------- testing Thu Sep 12 05:44:53 UTC 2019 /home/travis/build/icyphy/ptII/ptolemy/actor/lib/test/auto/RandomInteger.xml
----------------- Instantiating /home/travis/build/icyphy/ptII/ptolemy/actor/lib/test/auto/RandomInteger.xml
1 ms. Memory: 480256K Free: 311361K (65%)
----------------- Invoking toplevel() on ptolemy.moml.MoMLSimpleApplication@16e81635
----------------- Done invoking toplevel() on ptolemy.moml.MoMLSimpleApplication@16e81635
reloadAllAccessors: .RandomInteger

===========================================================================================
----------------- testing Thu Sep 12 05:44:53 UTC 2019 /home/travis/build/icyphy/ptII/ptolemy/actor/lib/test/auto/ReadFile1.xml
----------------- Instantiating /home/travis/build/icyphy/ptII/ptolemy/actor/lib/test/auto/ReadFile1.xml
1 ms. Memory: 480256K Free: 306751K (64%)
----------------- Invoking toplevel() on ptolemy.moml.MoMLSimpleApplication@4c99b35e
----------------- Done invoking toplevel() on ptolemy.moml.MoMLSimpleApplication@4c99b35e
reloadAllAccessors: .ReadFile1

===========================================================================================
----------------- testing Thu Sep 12 05:44:53 UTC 2019 /home/travis/build/icyphy/ptII/ptolemy/actor/lib/test/auto/ReadFile2.xml
----------------- Instantiating /home/travis/build/icyphy/ptII/ptolemy/actor/lib/test/auto/ReadFile2.xml
1 ms. Memory: 480256K Free: 302655K (63%)
----------------- Invoking toplevel() on ptolemy.moml.MoMLSimpleApplication@3f4f3da5
----------------- Done invoking toplevel() on ptolemy.moml.MoMLSimpleApplication@3f4f3da5
reloadAllAccessors: .ReadFile2

===========================================================================================
----------------- testing Thu Sep 12 05:44:53 UTC 2019 /home/travis/build/icyphy/ptII/ptolemy/actor/lib/test/auto/Reader.xml
----------------- Instantiating /home/travis/build/icyphy/ptII/ptolemy/actor/lib/test/auto/Reader.xml
actor.lib.Reader is obsolete, use actor.lib.io.ExpressionReader instead
6 ms. Memory: 480256K Free: 298559K (62%)
----------------- Invoking toplevel() on ptolemy.moml.MoMLSimpleApplication@565c5b2
----------------- Done invoking toplevel() on ptolemy.moml.MoMLSimpleApplication@565c5b2
reloadAllAccessors: .Reader

===========================================================================================
----------------- testing Thu Sep 12 05:44:53 UTC 2019 /home/travis/build/icyphy/ptII/ptolemy/actor/lib/test/auto/RecordAssemblerDisplayNameTest.xml
----------------- Instantiating /home/travis/build/icyphy/ptII/ptolemy/actor/lib/test/auto/RecordAssemblerDisplayNameTest.xml
3999 ms. Memory: 480256K Free: 213567K (44%)
----------------- Invoking toplevel() on ptolemy.moml.MoMLSimpleApplication@19d0f714
----------------- Done invoking toplevel() on ptolemy.moml.MoMLSimpleApplication@19d0f714
reloadAllAccessors: .RecordAssemblerDisplayNameTest

===========================================================================================
----------------- testing Thu Sep 12 05:44:57 UTC 2019 /home/travis/build/icyphy/ptII/ptolemy/actor/lib/test/auto/RecordAssemblerTypeError.xml
----------------- Instantiating /home/travis/build/icyphy/ptII/ptolemy/actor/lib/test/auto/RecordAssemblerTypeError.xml
18 ms. Memory: 480256K Free: 203841K (42%)
----------------- Invoking toplevel() on ptolemy.moml.MoMLSimpleApplication@5c0827a3
----------------- Done invoking toplevel() on ptolemy.moml.MoMLSimpleApplication@5c0827a3
reloadAllAccessors: .RecordAssemblerTypeError

===========================================================================================
----------------- testing Thu Sep 12 05:44:57 UTC 2019 /home/travis/build/icyphy/ptII/ptolemy/actor/lib/test/auto/RecordDisassember.xml
----------------- Instantiating /home/travis/build/icyphy/ptII/ptolemy/actor/lib/test/auto/RecordDisassember.xml
14 ms. Memory: 480256K Free: 199200K (41%)
----------------- Invoking toplevel() on ptolemy.moml.MoMLSimpleApplication@7d1d00a2
----------------- Done invoking toplevel() on ptolemy.moml.MoMLSimpleApplication@7d1d00a2
reloadAllAccessors: .RecordDisassember

===========================================================================================
----------------- testing Thu Sep 12 05:44:57 UTC 2019 /home/travis/build/icyphy/ptII/ptolemy/actor/lib/test/auto/RecordDisassemberDisplayNameTest.xml
----------------- Instantiating /home/travis/build/icyphy/ptII/ptolemy/actor/lib/test/auto/RecordDisassemberDisplayNameTest.xml
6 ms. Memory: 480256K Free: 191039K (40%)
----------------- Invoking toplevel() on ptolemy.moml.MoMLSimpleApplication@30a6e8a5
----------------- Done invoking toplevel() on ptolemy.moml.MoMLSimpleApplication@30a6e8a5
reloadAllAccessors: .RecordDisassemberDisplayNameTest

===========================================================================================
----------------- testing Thu Sep 12 05:44:57 UTC 2019 /home/travis/build/icyphy/ptII/ptolemy/actor/lib/test/auto/RecordDisassembler.xml
----------------- Instantiating /home/travis/build/icyphy/ptII/ptolemy/actor/lib/test/auto/RecordDisassembler.xml
3 ms. Memory: 480256K Free: 185888K (39%)
----------------- Invoking toplevel() on ptolemy.moml.MoMLSimpleApplication@225cfe5d
----------------- Done invoking toplevel() on ptolemy.moml.MoMLSimpleApplication@225cfe5d
reloadAllAccessors: .RecordDisassembler

===========================================================================================
----------------- testing Thu Sep 12 05:44:57 UTC 2019 /home/travis/build/icyphy/ptII/ptolemy/actor/lib/test/auto/RecordDisassembler2.xml
----------------- Instantiating /home/travis/build/icyphy/ptII/ptolemy/actor/lib/test/auto/RecordDisassembler2.xml
2 ms. Memory: 480256K Free: 180784K (38%)
----------------- Invoking toplevel() on ptolemy.moml.MoMLSimpleApplication@63055803
----------------- Done invoking toplevel() on ptolemy.moml.MoMLSimpleApplication@63055803
reloadAllAccessors: .RecordDisassembler2

===========================================================================================
----------------- testing Thu Sep 12 05:44:57 UTC 2019 /home/travis/build/icyphy/ptII/ptolemy/actor/lib/test/auto/RecordUpdater.xml
----------------- Instantiating /home/travis/build/icyphy/ptII/ptolemy/actor/lib/test/auto/RecordUpdater.xml
2 ms. Memory: 480256K Free: 175679K (37%)
----------------- Invoking toplevel() on ptolemy.moml.MoMLSimpleApplication@3f1f12ba
----------------- Done invoking toplevel() on ptolemy.moml.MoMLSimpleApplication@3f1f12ba
reloadAllAccessors: .RecordUpdater

===========================================================================================
----------------- testing Thu Sep 12 05:44:57 UTC 2019 /home/travis/build/icyphy/ptII/ptolemy/actor/lib/test/auto/RecordUpdater2.xml
----------------- Instantiating /home/travis/build/icyphy/ptII/ptolemy/actor/lib/test/auto/RecordUpdater2.xml
2 ms. Memory: 480256K Free: 170559K (36%)
----------------- Invoking toplevel() on ptolemy.moml.MoMLSimpleApplication@4f3e09b5
----------------- Done invoking toplevel() on ptolemy.moml.MoMLSimpleApplication@4f3e09b5
reloadAllAccessors: .RecordUpdater2

===========================================================================================
----------------- testing Thu Sep 12 05:44:57 UTC 2019 /home/travis/build/icyphy/ptII/ptolemy/actor/lib/test/auto/RecursiveLattice.xml
----------------- Instantiating /home/travis/build/icyphy/ptII/ptolemy/actor/lib/test/auto/RecursiveLattice.xml
1 ms. Memory: 480256K Free: 166463K (35%)
----------------- Invoking toplevel() on ptolemy.moml.MoMLSimpleApplication@36d690fe
----------------- Done invoking toplevel() on ptolemy.moml.MoMLSimpleApplication@36d690fe
reloadAllAccessors: .RecursiveLattice

===========================================================================================
----------------- testing Thu Sep 12 05:44:57 UTC 2019 /home/travis/build/icyphy/ptII/ptolemy/actor/lib/test/auto/Router.xml
----------------- Instantiating /home/travis/build/icyphy/ptII/ptolemy/actor/lib/test/auto/Router.xml
3004 ms. Memory: 480256K Free: 156223K (33%)
----------------- Invoking toplevel() on ptolemy.moml.MoMLSimpleApplication@3a20fa3b
----------------- Done invoking toplevel() on ptolemy.moml.MoMLSimpleApplication@3a20fa3b
reloadAllAccessors: .Router

===========================================================================================
----------------- testing Thu Sep 12 05:45:00 UTC 2019 /home/travis/build/icyphy/ptII/ptolemy/actor/lib/test/auto/Router2.xml
----------------- Instantiating /home/travis/build/icyphy/ptII/ptolemy/actor/lib/test/auto/Router2.xml
3007 ms. Memory: 480256K Free: 425023K (88%)
----------------- Invoking toplevel() on ptolemy.moml.MoMLSimpleApplication@2efa1a9
----------------- Done invoking toplevel() on ptolemy.moml.MoMLSimpleApplication@2efa1a9
reloadAllAccessors: .Router2

===========================================================================================
----------------- testing Thu Sep 12 05:45:03 UTC 2019 /home/travis/build/icyphy/ptII/ptolemy/actor/lib/test/auto/RunningMaximum.xml
----------------- Instantiating /home/travis/build/icyphy/ptII/ptolemy/actor/lib/test/auto/RunningMaximum.xml
1 ms. Memory: 480256K Free: 420417K (88%)
----------------- Invoking toplevel() on ptolemy.moml.MoMLSimpleApplication@79bc69e6
----------------- Done invoking toplevel() on ptolemy.moml.MoMLSimpleApplication@79bc69e6
reloadAllAccessors: .RunningMaximum

===========================================================================================
----------------- testing Thu Sep 12 05:45:03 UTC 2019 /home/travis/build/icyphy/ptII/ptolemy/actor/lib/test/auto/RunningMinimum.xml
----------------- Instantiating /home/travis/build/icyphy/ptII/ptolemy/actor/lib/test/auto/RunningMinimum.xml
4 ms. Memory: 480256K Free: 415807K (87%)
----------------- Invoking toplevel() on ptolemy.moml.MoMLSimpleApplication@51c6e16e
----------------- Done invoking toplevel() on ptolemy.moml.MoMLSimpleApplication@51c6e16e
reloadAllAccessors: .RunningMinimum

===========================================================================================
----------------- testing Thu Sep 12 05:45:03 UTC 2019 /home/travis/build/icyphy/ptII/ptolemy/actor/lib/test/auto/Scale.xml
----------------- Instantiating /home/travis/build/icyphy/ptII/ptolemy/actor/lib/test/auto/Scale.xml
2 ms. Memory: 480256K Free: 411201K (86%)
----------------- Invoking toplevel() on ptolemy.moml.MoMLSimpleApplication@525301c
----------------- Done invoking toplevel() on ptolemy.moml.MoMLSimpleApplication@525301c
reloadAllAccessors: .Scale

===========================================================================================
----------------- testing Thu Sep 12 05:45:03 UTC 2019 /home/travis/build/icyphy/ptII/ptolemy/actor/lib/test/auto/Scale2.xml
----------------- Instantiating /home/travis/build/icyphy/ptII/ptolemy/actor/lib/test/auto/Scale2.xml
1 ms. Memory: 480256K Free: 406591K (85%)
----------------- Invoking toplevel() on ptolemy.moml.MoMLSimpleApplication@3bd7377b
----------------- Done invoking toplevel() on ptolemy.moml.MoMLSimpleApplication@3bd7377b
reloadAllAccessors: .Scale2

===========================================================================================
----------------- testing Thu Sep 12 05:45:03 UTC 2019 /home/travis/build/icyphy/ptII/ptolemy/actor/lib/test/auto/Scale3.xml
----------------- Instantiating /home/travis/build/icyphy/ptII/ptolemy/actor/lib/test/auto/Scale3.xml
8 ms. Memory: 480256K Free: 400447K (83%)
----------------- Invoking toplevel() on ptolemy.moml.MoMLSimpleApplication@71a46803
----------------- Done invoking toplevel() on ptolemy.moml.MoMLSimpleApplication@71a46803
reloadAllAccessors: .Scale3

===========================================================================================
----------------- testing Thu Sep 12 05:45:03 UTC 2019 /home/travis/build/icyphy/ptII/ptolemy/actor/lib/test/auto/ScaleArray.xml
----------------- Instantiating /home/travis/build/icyphy/ptII/ptolemy/actor/lib/test/auto/ScaleArray.xml
2 ms. Memory: 480256K Free: 395841K (82%)
----------------- Invoking toplevel() on ptolemy.moml.MoMLSimpleApplication@468912b1
----------------- Done invoking toplevel() on ptolemy.moml.MoMLSimpleApplication@468912b1
reloadAllAccessors: .ScaleArray

===========================================================================================
----------------- testing Thu Sep 12 05:45:04 UTC 2019 /home/travis/build/icyphy/ptII/ptolemy/actor/lib/test/auto/ScaleArray2.xml
----------------- Instantiating /home/travis/build/icyphy/ptII/ptolemy/actor/lib/test/auto/ScaleArray2.xml
1 ms. Memory: 480256K Free: 391231K (81%)
----------------- Invoking toplevel() on ptolemy.moml.MoMLSimpleApplication@3efa40bc
----------------- Done invoking toplevel() on ptolemy.moml.MoMLSimpleApplication@3efa40bc
reloadAllAccessors: .ScaleArray2

===========================================================================================
----------------- testing Thu Sep 12 05:45:04 UTC 2019 /home/travis/build/icyphy/ptII/ptolemy/actor/lib/test/auto/ScaleMatrix.xml
----------------- Instantiating /home/travis/build/icyphy/ptII/ptolemy/actor/lib/test/auto/ScaleMatrix.xml
164 ms. Memory: 480256K Free: 376385K (78%)
----------------- Invoking toplevel() on ptolemy.moml.MoMLSimpleApplication@633ec848
----------------- Done invoking toplevel() on ptolemy.moml.MoMLSimpleApplication@633ec848
reloadAllAccessors: .ScaleMatrix

===========================================================================================
----------------- testing Thu Sep 12 05:45:04 UTC 2019 /home/travis/build/icyphy/ptII/ptolemy/actor/lib/test/auto/Select.xml
----------------- Instantiating /home/travis/build/icyphy/ptII/ptolemy/actor/lib/test/auto/Select.xml
2 ms. Memory: 480256K Free: 370241K (77%)
----------------- Invoking toplevel() on ptolemy.moml.MoMLSimpleApplication@3baadab7
----------------- Done invoking toplevel() on ptolemy.moml.MoMLSimpleApplication@3baadab7
reloadAllAccessors: .Select

===========================================================================================
----------------- testing Thu Sep 12 05:45:04 UTC 2019 /home/travis/build/icyphy/ptII/ptolemy/actor/lib/test/auto/Select2.xml
----------------- Instantiating /home/travis/build/icyphy/ptII/ptolemy/actor/lib/test/auto/Select2.xml
1 ms. Memory: 480256K Free: 365631K (76%)
----------------- Invoking toplevel() on ptolemy.moml.MoMLSimpleApplication@b915549
----------------- Done invoking toplevel() on ptolemy.moml.MoMLSimpleApplication@b915549
reloadAllAccessors: .Select2

===========================================================================================
----------------- testing Thu Sep 12 05:45:04 UTC 2019 /home/travis/build/icyphy/ptII/ptolemy/actor/lib/test/auto/SequenceToArray2.xml
----------------- Instantiating /home/travis/build/icyphy/ptII/ptolemy/actor/lib/test/auto/SequenceToArray2.xml
124 ms. Memory: 480256K Free: 341569K (71%)
----------------- Invoking toplevel() on ptolemy.moml.MoMLSimpleApplication@35112188
----------------- Done invoking toplevel() on ptolemy.moml.MoMLSimpleApplication@35112188
reloadAllAccessors: .SequenceToArray2

===========================================================================================
----------------- testing Thu Sep 12 05:45:04 UTC 2019 /home/travis/build/icyphy/ptII/ptolemy/actor/lib/test/auto/SequentialClock.xml
----------------- Instantiating /home/travis/build/icyphy/ptII/ptolemy/actor/lib/test/auto/SequentialClock.xml
1 ms. Memory: 480256K Free: 337473K (70%)
----------------- Invoking toplevel() on ptolemy.moml.MoMLSimpleApplication@5deb7d9e
----------------- Done invoking toplevel() on ptolemy.moml.MoMLSimpleApplication@5deb7d9e
reloadAllAccessors: .SequentialClock

===========================================================================================
----------------- testing Thu Sep 12 05:45:04 UTC 2019 /home/travis/build/icyphy/ptII/ptolemy/actor/lib/test/auto/SetVariable.xml
----------------- Instantiating /home/travis/build/icyphy/ptII/ptolemy/actor/lib/test/auto/SetVariable.xml
6 ms. Memory: 480256K Free: 332863K (69%)
----------------- Invoking toplevel() on ptolemy.moml.MoMLSimpleApplication@d6abf9b
----------------- Done invoking toplevel() on ptolemy.moml.MoMLSimpleApplication@d6abf9b
reloadAllAccessors: .SetVariable

===========================================================================================
----------------- testing Thu Sep 12 05:45:04 UTC 2019 /home/travis/build/icyphy/ptII/ptolemy/actor/lib/test/auto/SetVariable2.xml
----------------- Instantiating /home/travis/build/icyphy/ptII/ptolemy/actor/lib/test/auto/SetVariable2.xml
1 ms. Memory: 480256K Free: 327743K (68%)
----------------- Invoking toplevel() on ptolemy.moml.MoMLSimpleApplication@5cd5b574
----------------- Done invoking toplevel() on ptolemy.moml.MoMLSimpleApplication@5cd5b574
reloadAllAccessors: .SetVariable2

===========================================================================================
----------------- testing Thu Sep 12 05:45:04 UTC 2019 /home/travis/build/icyphy/ptII/ptolemy/actor/lib/test/auto/SetVariable3.xml
----------------- Instantiating /home/travis/build/icyphy/ptII/ptolemy/actor/lib/test/auto/SetVariable3.xml
8 ms. Memory: 480256K Free: 322623K (67%)
----------------- Invoking toplevel() on ptolemy.moml.MoMLSimpleApplication@7523b83b
----------------- Done invoking toplevel() on ptolemy.moml.MoMLSimpleApplication@7523b83b
reloadAllAccessors: .SetVariable3

===========================================================================================
----------------- testing Thu Sep 12 05:45:04 UTC 2019 /home/travis/build/icyphy/ptII/ptolemy/actor/lib/test/auto/SetVariable4.xml
----------------- Instantiating /home/travis/build/icyphy/ptII/ptolemy/actor/lib/test/auto/SetVariable4.xml
16 ms. Memory: 480256K Free: 311873K (65%)
----------------- Invoking toplevel() on ptolemy.moml.MoMLSimpleApplication@5bab0912
----------------- Done invoking toplevel() on ptolemy.moml.MoMLSimpleApplication@5bab0912
reloadAllAccessors: .SetVariable4

===========================================================================================
----------------- testing Thu Sep 12 05:45:04 UTC 2019 /home/travis/build/icyphy/ptII/ptolemy/actor/lib/test/auto/SetVariable5.xml
----------------- Instantiating /home/travis/build/icyphy/ptII/ptolemy/actor/lib/test/auto/SetVariable5.xml
9 ms. Memory: 480256K Free: 302657K (63%)
----------------- Invoking toplevel() on ptolemy.moml.MoMLSimpleApplication@1d86e622
----------------- Done invoking toplevel() on ptolemy.moml.MoMLSimpleApplication@1d86e622
reloadAllAccessors: .SetVariable5

===========================================================================================
----------------- testing Thu Sep 12 05:45:04 UTC 2019 /home/travis/build/icyphy/ptII/ptolemy/actor/lib/test/auto/Sinewave.xml
----------------- Instantiating /home/travis/build/icyphy/ptII/ptolemy/actor/lib/test/auto/Sinewave.xml
10 ms. Memory: 480256K Free: 292417K (61%)
----------------- Invoking toplevel() on ptolemy.moml.MoMLSimpleApplication@3e3d7462
----------------- Done invoking toplevel() on ptolemy.moml.MoMLSimpleApplication@3e3d7462
reloadAllAccessors: .Sinewave

===========================================================================================
----------------- testing Thu Sep 12 05:45:04 UTC 2019 /home/travis/build/icyphy/ptII/ptolemy/actor/lib/test/auto/Sinewave2.xml
----------------- Instantiating /home/travis/build/icyphy/ptII/ptolemy/actor/lib/test/auto/Sinewave2.xml
8 ms. Memory: 480256K Free: 284225K (59%)
----------------- Invoking toplevel() on ptolemy.moml.MoMLSimpleApplication@4e75f507
----------------- Done invoking toplevel() on ptolemy.moml.MoMLSimpleApplication@4e75f507
reloadAllAccessors: .Sinewave2

===========================================================================================
----------------- testing Thu Sep 12 05:45:04 UTC 2019 /home/travis/build/icyphy/ptII/ptolemy/actor/lib/test/auto/Sinewave3.xml
----------------- Instantiating /home/travis/build/icyphy/ptII/ptolemy/actor/lib/test/auto/Sinewave3.xml
7 ms. Memory: 480256K Free: 276033K (57%)
----------------- Invoking toplevel() on ptolemy.moml.MoMLSimpleApplication@98e5522
----------------- Done invoking toplevel() on ptolemy.moml.MoMLSimpleApplication@98e5522
reloadAllAccessors: .Sinewave3

===========================================================================================
----------------- testing Thu Sep 12 05:45:04 UTC 2019 /home/travis/build/icyphy/ptII/ptolemy/actor/lib/test/auto/SingleEvent.xml
----------------- Instantiating /home/travis/build/icyphy/ptII/ptolemy/actor/lib/test/auto/SingleEvent.xml
1 ms. Memory: 480256K Free: 271937K (57%)
----------------- Invoking toplevel() on ptolemy.moml.MoMLSimpleApplication@58ab79be
----------------- Done invoking toplevel() on ptolemy.moml.MoMLSimpleApplication@58ab79be
reloadAllAccessors: .SingleEvent

===========================================================================================
----------------- testing Thu Sep 12 05:45:04 UTC 2019 /home/travis/build/icyphy/ptII/ptolemy/actor/lib/test/auto/Sleep.xml
----------------- Instantiating /home/travis/build/icyphy/ptII/ptolemy/actor/lib/test/auto/Sleep.xml
6004 ms. Memory: 480256K Free: 266272K (55%)
----------------- Invoking toplevel() on ptolemy.moml.MoMLSimpleApplication@2dbcfdfa
----------------- Done invoking toplevel() on ptolemy.moml.MoMLSimpleApplication@2dbcfdfa
reloadAllAccessors: .Sleep

===========================================================================================
----------------- testing Thu Sep 12 05:45:10 UTC 2019 /home/travis/build/icyphy/ptII/ptolemy/actor/lib/test/auto/SleepMultipleFire.xml
----------------- Instantiating /home/travis/build/icyphy/ptII/ptolemy/actor/lib/test/auto/SleepMultipleFire.xml
1007 ms. Memory: 480256K Free: 260673K (54%)
----------------- Invoking toplevel() on ptolemy.moml.MoMLSimpleApplication@d8e9d08
----------------- Done invoking toplevel() on ptolemy.moml.MoMLSimpleApplication@d8e9d08
reloadAllAccessors: .SleepMultipleFire

===========================================================================================
----------------- testing Thu Sep 12 05:45:11 UTC 2019 /home/travis/build/icyphy/ptII/ptolemy/actor/lib/test/auto/StopDE.xml
----------------- Instantiating /home/travis/build/icyphy/ptII/ptolemy/actor/lib/test/auto/StopDE.xml
3 ms. Memory: 480256K Free: 255039K (53%)
----------------- Invoking toplevel() on ptolemy.moml.MoMLSimpleApplication@417c4fc3
----------------- Done invoking toplevel() on ptolemy.moml.MoMLSimpleApplication@417c4fc3
reloadAllAccessors: .StopDE

===========================================================================================
----------------- testing Thu Sep 12 05:45:11 UTC 2019 /home/travis/build/icyphy/ptII/ptolemy/actor/lib/test/auto/StopSDF.xml
----------------- Instantiating /home/travis/build/icyphy/ptII/ptolemy/actor/lib/test/auto/StopSDF.xml
3 ms. Memory: 480256K Free: 249919K (52%)
----------------- Invoking toplevel() on ptolemy.moml.MoMLSimpleApplication@4f0ac975
----------------- Done invoking toplevel() on ptolemy.moml.MoMLSimpleApplication@4f0ac975
reloadAllAccessors: .StopSDF

===========================================================================================
----------------- testing Thu Sep 12 05:45:11 UTC 2019 /home/travis/build/icyphy/ptII/ptolemy/actor/lib/test/auto/StringConstant.xml
----------------- Instantiating /home/travis/build/icyphy/ptII/ptolemy/actor/lib/test/auto/StringConstant.xml
10 ms. Memory: 480256K Free: 245823K (51%)
----------------- Invoking toplevel() on ptolemy.moml.MoMLSimpleApplication@6cde831a
----------------- Done invoking toplevel() on ptolemy.moml.MoMLSimpleApplication@6cde831a
reloadAllAccessors: .StringConstant

===========================================================================================
----------------- testing Thu Sep 12 05:45:11 UTC 2019 /home/travis/build/icyphy/ptII/ptolemy/actor/lib/test/auto/SubscriberPortInitialValues1.xml
----------------- Instantiating /home/travis/build/icyphy/ptII/ptolemy/actor/lib/test/auto/SubscriberPortInitialValues1.xml
8 ms. Memory: 480256K Free: 237121K (49%)
----------------- Invoking toplevel() on ptolemy.moml.MoMLSimpleApplication@55f4882d
----------------- Done invoking toplevel() on ptolemy.moml.MoMLSimpleApplication@55f4882d
reloadAllAccessors: .SubscriberPortInitialValues1

===========================================================================================
----------------- testing Thu Sep 12 05:45:11 UTC 2019 /home/travis/build/icyphy/ptII/ptolemy/actor/lib/test/auto/SubscriberPortInitialValues13.xml
----------------- Instantiating /home/travis/build/icyphy/ptII/ptolemy/actor/lib/test/auto/SubscriberPortInitialValues13.xml
6 ms. Memory: 480256K Free: 224319K (47%)
----------------- Invoking toplevel() on ptolemy.moml.MoMLSimpleApplication@5d18b0b7
----------------- Done invoking toplevel() on ptolemy.moml.MoMLSimpleApplication@5d18b0b7
reloadAllAccessors: .SubscriberPortInitialValues13

===========================================================================================
----------------- testing Thu Sep 12 05:45:11 UTC 2019 /home/travis/build/icyphy/ptII/ptolemy/actor/lib/test/auto/SubscriberPortInitialValues14.xml
----------------- Instantiating /home/travis/build/icyphy/ptII/ptolemy/actor/lib/test/auto/SubscriberPortInitialValues14.xml
4 ms. Memory: 480256K Free: 216641K (45%)
----------------- Invoking toplevel() on ptolemy.moml.MoMLSimpleApplication@753c899e
----------------- Done invoking toplevel() on ptolemy.moml.MoMLSimpleApplication@753c899e
reloadAllAccessors: .SubscriberPortInitialValues14

===========================================================================================
----------------- testing Thu Sep 12 05:45:11 UTC 2019 /home/travis/build/icyphy/ptII/ptolemy/actor/lib/test/auto/SubscriberPortInitialValues2.xml
----------------- Instantiating /home/travis/build/icyphy/ptII/ptolemy/actor/lib/test/auto/SubscriberPortInitialValues2.xml
5 ms. Memory: 480256K Free: 208959K (44%)
----------------- Invoking toplevel() on ptolemy.moml.MoMLSimpleApplication@166ffcd1
----------------- Done invoking toplevel() on ptolemy.moml.MoMLSimpleApplication@166ffcd1
reloadAllAccessors: .SubscriberPortInitialValues2

===========================================================================================
----------------- testing Thu Sep 12 05:45:11 UTC 2019 /home/travis/build/icyphy/ptII/ptolemy/actor/lib/test/auto/SubscriberPortInitialValues3.xml
----------------- Instantiating /home/travis/build/icyphy/ptII/ptolemy/actor/lib/test/auto/SubscriberPortInitialValues3.xml
4 ms. Memory: 480256K Free: 198209K (41%)
----------------- Invoking toplevel() on ptolemy.moml.MoMLSimpleApplication@6f7b5e1b
----------------- Done invoking toplevel() on ptolemy.moml.MoMLSimpleApplication@6f7b5e1b
reloadAllAccessors: .SubscriberPortInitialValues3

===========================================================================================
----------------- testing Thu Sep 12 05:45:11 UTC 2019 /home/travis/build/icyphy/ptII/ptolemy/actor/lib/test/auto/SubscriptionAggregator.xml
----------------- Instantiating /home/travis/build/icyphy/ptII/ptolemy/actor/lib/test/auto/SubscriptionAggregator.xml
3 ms. Memory: 480256K Free: 191041K (40%)
----------------- Invoking toplevel() on ptolemy.moml.MoMLSimpleApplication@fedacf
----------------- Done invoking toplevel() on ptolemy.moml.MoMLSimpleApplication@fedacf
reloadAllAccessors: .SubscriptionAggregator

===========================================================================================
----------------- testing Thu Sep 12 05:45:11 UTC 2019 /home/travis/build/icyphy/ptII/ptolemy/actor/lib/test/auto/SubscriptionAggregator2.xml
----------------- Instantiating /home/travis/build/icyphy/ptII/ptolemy/actor/lib/test/auto/SubscriptionAggregator2.xml
3 ms. Memory: 480256K Free: 184376K (38%)
----------------- Invoking toplevel() on ptolemy.moml.MoMLSimpleApplication@5d892896
----------------- Done invoking toplevel() on ptolemy.moml.MoMLSimpleApplication@5d892896
reloadAllAccessors: .SubscriptionAggregator2

===========================================================================================
----------------- testing Thu Sep 12 05:45:11 UTC 2019 /home/travis/build/icyphy/ptII/ptolemy/actor/lib/test/auto/SubscriptionAggregator3.xml
----------------- Instantiating /home/travis/build/icyphy/ptII/ptolemy/actor/lib/test/auto/SubscriptionAggregator3.xml
4 ms. Memory: 480256K Free: 175152K (36%)
----------------- Invoking toplevel() on ptolemy.moml.MoMLSimpleApplication@408a8902
----------------- Done invoking toplevel() on ptolemy.moml.MoMLSimpleApplication@408a8902
reloadAllAccessors: .SubscriptionAggregator3

===========================================================================================
----------------- testing Thu Sep 12 05:45:11 UTC 2019 /home/travis/build/icyphy/ptII/ptolemy/actor/lib/test/auto/SubscriptionAggregatorMultiply.xml
----------------- Instantiating /home/travis/build/icyphy/ptII/ptolemy/actor/lib/test/auto/SubscriptionAggregatorMultiply.xml
15 ms. Memory: 480256K Free: 166968K (35%)
----------------- Invoking toplevel() on ptolemy.moml.MoMLSimpleApplication@39e778a
----------------- Done invoking toplevel() on ptolemy.moml.MoMLSimpleApplication@39e778a
reloadAllAccessors: .SubscriptionAggregatorMultiply

===========================================================================================
----------------- testing Thu Sep 12 05:45:11 UTC 2019 /home/travis/build/icyphy/ptII/ptolemy/actor/lib/test/auto/SubscriptionAggregatorPortMultiply1.xml
----------------- Instantiating /home/travis/build/icyphy/ptII/ptolemy/actor/lib/test/auto/SubscriptionAggregatorPortMultiply1.xml
4 ms. Memory: 480256K Free: 158783K (33%)
----------------- Invoking toplevel() on ptolemy.moml.MoMLSimpleApplication@23658b3f
----------------- Done invoking toplevel() on ptolemy.moml.MoMLSimpleApplication@23658b3f
reloadAllAccessors: .SubscriptionAggregatorPortMultiply1

===========================================================================================
----------------- testing Thu Sep 12 05:45:11 UTC 2019 /home/travis/build/icyphy/ptII/ptolemy/actor/lib/test/auto/Switch.xml
----------------- Instantiating /home/travis/build/icyphy/ptII/ptolemy/actor/lib/test/auto/Switch.xml
8 ms. Memory: 480256K Free: 150591K (31%)
----------------- Invoking toplevel() on ptolemy.moml.MoMLSimpleApplication@1cfe64d
----------------- Done invoking toplevel() on ptolemy.moml.MoMLSimpleApplication@1cfe64d
reloadAllAccessors: .Switch

===========================================================================================
----------------- testing Thu Sep 12 05:45:11 UTC 2019 /home/travis/build/icyphy/ptII/ptolemy/actor/lib/test/auto/Switch2.xml
----------------- Instantiating /home/travis/build/icyphy/ptII/ptolemy/actor/lib/test/auto/Switch2.xml
1 ms. Memory: 480256K Free: 426049K (89%)
----------------- Invoking toplevel() on ptolemy.moml.MoMLSimpleApplication@1d2f1845
----------------- Done invoking toplevel() on ptolemy.moml.MoMLSimpleApplication@1d2f1845
reloadAllAccessors: .Switch2

===========================================================================================
----------------- testing Thu Sep 12 05:45:11 UTC 2019 /home/travis/build/icyphy/ptII/ptolemy/actor/lib/test/auto/SwitchDE.xml
----------------- Instantiating /home/travis/build/icyphy/ptII/ptolemy/actor/lib/test/auto/SwitchDE.xml
4 ms. Memory: 480256K Free: 419905K (87%)
----------------- Invoking toplevel() on ptolemy.moml.MoMLSimpleApplication@549755cc
----------------- Done invoking toplevel() on ptolemy.moml.MoMLSimpleApplication@549755cc
reloadAllAccessors: .SwitchDE

===========================================================================================
----------------- testing Thu Sep 12 05:45:12 UTC 2019 /home/travis/build/icyphy/ptII/ptolemy/actor/lib/test/auto/SynchronizerDE.xml
----------------- Instantiating /home/travis/build/icyphy/ptII/ptolemy/actor/lib/test/auto/SynchronizerDE.xml
6 ms. Memory: 480256K Free: 411713K (86%)
----------------- Invoking toplevel() on ptolemy.moml.MoMLSimpleApplication@1a9ec2f2
----------------- Done invoking toplevel() on ptolemy.moml.MoMLSimpleApplication@1a9ec2f2
reloadAllAccessors: .SynchronizerDE

===========================================================================================
----------------- testing Thu Sep 12 05:45:12 UTC 2019 /home/travis/build/icyphy/ptII/ptolemy/actor/lib/test/auto/Test.xml
----------------- Instantiating /home/travis/build/icyphy/ptII/ptolemy/actor/lib/test/auto/Test.xml
2 ms. Memory: 480256K Free: 406593K (85%)
----------------- Invoking toplevel() on ptolemy.moml.MoMLSimpleApplication@431e67a6
----------------- Done invoking toplevel() on ptolemy.moml.MoMLSimpleApplication@431e67a6
reloadAllAccessors: .Test

===========================================================================================
----------------- testing Thu Sep 12 05:45:12 UTC 2019 /home/travis/build/icyphy/ptII/ptolemy/actor/lib/test/auto/TestExceptionAttribute1.xml
----------------- Instantiating /home/travis/build/icyphy/ptII/ptolemy/actor/lib/test/auto/TestExceptionAttribute1.xml
1 ms. Memory: 480256K Free: 402497K (84%)
----------------- Invoking toplevel() on ptolemy.moml.MoMLSimpleApplication@3d4aacaf
----------------- Done invoking toplevel() on ptolemy.moml.MoMLSimpleApplication@3d4aacaf
reloadAllAccessors: .TestExceptionAttribute1

===========================================================================================
----------------- testing Thu Sep 12 05:45:12 UTC 2019 /home/travis/build/icyphy/ptII/ptolemy/actor/lib/test/auto/TestExceptionAttribute2.xml
----------------- Instantiating /home/travis/build/icyphy/ptII/ptolemy/actor/lib/test/auto/TestExceptionAttribute2.xml
1 ms. Memory: 480256K Free: 398911K (83%)
----------------- Invoking toplevel() on ptolemy.moml.MoMLSimpleApplication@736d628a
----------------- Done invoking toplevel() on ptolemy.moml.MoMLSimpleApplication@736d628a
reloadAllAccessors: .TestExceptionAttribute2

===========================================================================================
----------------- testing Thu Sep 12 05:45:12 UTC 2019 /home/travis/build/icyphy/ptII/ptolemy/actor/lib/test/auto/TestExceptionAttribute3.xml
----------------- Instantiating /home/travis/build/icyphy/ptII/ptolemy/actor/lib/test/auto/TestExceptionAttribute3.xml
.TestExceptionAttribute3.TestExceptionAttribute: initialize() was not invoked, but wrapup() was.  This is unusual, but not always a problem.  For example, exporting JNLP will do this.
1 ms. Memory: 480256K Free: 395329K (82%)
----------------- Invoking toplevel() on ptolemy.moml.MoMLSimpleApplication@735ea251
----------------- Done invoking toplevel() on ptolemy.moml.MoMLSimpleApplication@735ea251
reloadAllAccessors: .TestExceptionAttribute3

===========================================================================================
----------------- testing Thu Sep 12 05:45:12 UTC 2019 /home/travis/build/icyphy/ptII/ptolemy/actor/lib/test/auto/TestExceptionAttribute4.xml
----------------- Instantiating /home/travis/build/icyphy/ptII/ptolemy/actor/lib/test/auto/TestExceptionAttribute4.xml
.TestExceptionAttribute4.TestExceptionAttribute: initialize() was not invoked, but wrapup() was.  This is unusual, but not always a problem.  For example, exporting JNLP will do this.
.TestExceptionAttribute4.TestExceptionAttribute2: initialize() was not invoked, but wrapup() was.  This is unusual, but not always a problem.  For example, exporting JNLP will do this.
1 ms. Memory: 480256K Free: 391233K (81%)
----------------- Invoking toplevel() on ptolemy.moml.MoMLSimpleApplication@625047f2
----------------- Done invoking toplevel() on ptolemy.moml.MoMLSimpleApplication@625047f2
reloadAllAccessors: .TestExceptionAttribute4

===========================================================================================
----------------- testing Thu Sep 12 05:45:12 UTC 2019 /home/travis/build/icyphy/ptII/ptolemy/actor/lib/test/auto/TestExceptionHandler1.xml
----------------- Instantiating /home/travis/build/icyphy/ptII/ptolemy/actor/lib/test/auto/TestExceptionHandler1.xml
1 ms. Memory: 480256K Free: 387647K (81%)
----------------- Invoking toplevel() on ptolemy.moml.MoMLSimpleApplication@5b9ef8fe
----------------- Done invoking toplevel() on ptolemy.moml.MoMLSimpleApplication@5b9ef8fe
reloadAllAccessors: .TestExceptionHandler1

===========================================================================================
----------------- testing Thu Sep 12 05:45:12 UTC 2019 /home/travis/build/icyphy/ptII/ptolemy/actor/lib/test/auto/TestExceptionHandler2.xml
----------------- Instantiating /home/travis/build/icyphy/ptII/ptolemy/actor/lib/test/auto/TestExceptionHandler2.xml
1 ms. Memory: 480256K Free: 384065K (80%)
----------------- Invoking toplevel() on ptolemy.moml.MoMLSimpleApplication@2137b2c3
----------------- Done invoking toplevel() on ptolemy.moml.MoMLSimpleApplication@2137b2c3
reloadAllAccessors: .TestExceptionHandler2

===========================================================================================
----------------- testing Thu Sep 12 05:45:12 UTC 2019 /home/travis/build/icyphy/ptII/ptolemy/actor/lib/test/auto/TestExceptionHandler3.xml
----------------- Instantiating /home/travis/build/icyphy/ptII/ptolemy/actor/lib/test/auto/TestExceptionHandler3.xml
1 ms. Memory: 480256K Free: 380479K (79%)
----------------- Invoking toplevel() on ptolemy.moml.MoMLSimpleApplication@4b085f7e
----------------- Done invoking toplevel() on ptolemy.moml.MoMLSimpleApplication@4b085f7e
reloadAllAccessors: .TestExceptionHandler3

===========================================================================================
----------------- testing Thu Sep 12 05:45:12 UTC 2019 /home/travis/build/icyphy/ptII/ptolemy/actor/lib/test/auto/TestExceptionHandler4.xml
----------------- Instantiating /home/travis/build/icyphy/ptII/ptolemy/actor/lib/test/auto/TestExceptionHandler4.xml
1 ms. Memory: 480256K Free: 376383K (78%)
----------------- Invoking toplevel() on ptolemy.moml.MoMLSimpleApplication@321d60a6
----------------- Done invoking toplevel() on ptolemy.moml.MoMLSimpleApplication@321d60a6
reloadAllAccessors: .TestExceptionHandler4

===========================================================================================
----------------- testing Thu Sep 12 05:45:12 UTC 2019 /home/travis/build/icyphy/ptII/ptolemy/actor/lib/test/auto/TestRequireCorrectOrder.xml
----------------- Instantiating /home/travis/build/icyphy/ptII/ptolemy/actor/lib/test/auto/TestRequireCorrectOrder.xml
11 ms. Memory: 480256K Free: 371248K (77%)
----------------- Invoking toplevel() on ptolemy.moml.MoMLSimpleApplication@62cd3db8
----------------- Done invoking toplevel() on ptolemy.moml.MoMLSimpleApplication@62cd3db8
reloadAllAccessors: .TestRequireCorrectOrder

===========================================================================================
----------------- testing Thu Sep 12 05:45:12 UTC 2019 /home/travis/build/icyphy/ptII/ptolemy/actor/lib/test/auto/TestSimple.xml
----------------- Instantiating /home/travis/build/icyphy/ptII/ptolemy/actor/lib/test/auto/TestSimple.xml
6 ms. Memory: 480256K Free: 366657K (76%)
----------------- Invoking toplevel() on ptolemy.moml.MoMLSimpleApplication@1597b896
----------------- Done invoking toplevel() on ptolemy.moml.MoMLSimpleApplication@1597b896
reloadAllAccessors: .TestSimple

===========================================================================================
----------------- testing Thu Sep 12 05:45:12 UTC 2019 /home/travis/build/icyphy/ptII/ptolemy/actor/lib/test/auto/ThrowModelError.xml
----------------- Instantiating /home/travis/build/icyphy/ptII/ptolemy/actor/lib/test/auto/ThrowModelError.xml
2 ms. Memory: 480256K Free: 362047K (75%)
----------------- Invoking toplevel() on ptolemy.moml.MoMLSimpleApplication@47d3b7cc
----------------- Done invoking toplevel() on ptolemy.moml.MoMLSimpleApplication@47d3b7cc
reloadAllAccessors: .ThrowModelError

===========================================================================================
----------------- testing Thu Sep 12 05:45:12 UTC 2019 /home/travis/build/icyphy/ptII/ptolemy/actor/lib/test/auto/TimeDelayMicrosteps.xml
----------------- Instantiating /home/travis/build/icyphy/ptII/ptolemy/actor/lib/test/auto/TimeDelayMicrosteps.xml
3 ms. Memory: 480256K Free: 355393K (74%)
----------------- Invoking toplevel() on ptolemy.moml.MoMLSimpleApplication@56d07a6b
----------------- Done invoking toplevel() on ptolemy.moml.MoMLSimpleApplication@56d07a6b
reloadAllAccessors: .TimeDelayMicrosteps

===========================================================================================
----------------- testing Thu Sep 12 05:45:12 UTC 2019 /home/travis/build/icyphy/ptII/ptolemy/actor/lib/test/auto/TimeDelayMicrosteps2.xml
----------------- Instantiating /home/travis/build/icyphy/ptII/ptolemy/actor/lib/test/auto/TimeDelayMicrosteps2.xml
3 ms. Memory: 480256K Free: 347680K (72%)
----------------- Invoking toplevel() on ptolemy.moml.MoMLSimpleApplication@2e48c0fb
----------------- Done invoking toplevel() on ptolemy.moml.MoMLSimpleApplication@2e48c0fb
reloadAllAccessors: .TimeDelayMicrosteps2

===========================================================================================
----------------- testing Thu Sep 12 05:45:12 UTC 2019 /home/travis/build/icyphy/ptII/ptolemy/actor/lib/test/auto/TimeDelayMicrosteps3.xml
----------------- Instantiating /home/travis/build/icyphy/ptII/ptolemy/actor/lib/test/auto/TimeDelayMicrosteps3.xml
2 ms. Memory: 480256K Free: 341057K (71%)
----------------- Invoking toplevel() on ptolemy.moml.MoMLSimpleApplication@46a06bc2
----------------- Done invoking toplevel() on ptolemy.moml.MoMLSimpleApplication@46a06bc2
reloadAllAccessors: .TimeDelayMicrosteps3

===========================================================================================
----------------- testing Thu Sep 12 05:45:12 UTC 2019 /home/travis/build/icyphy/ptII/ptolemy/actor/lib/test/auto/TimeDelayVariableMicrosteps.xml
----------------- Instantiating /home/travis/build/icyphy/ptII/ptolemy/actor/lib/test/auto/TimeDelayVariableMicrosteps.xml
3 ms. Memory: 480256K Free: 334399K (70%)
----------------- Invoking toplevel() on ptolemy.moml.MoMLSimpleApplication@3ac73537
----------------- Done invoking toplevel() on ptolemy.moml.MoMLSimpleApplication@3ac73537
reloadAllAccessors: .TimeDelayVariableMicrosteps

===========================================================================================
----------------- testing Thu Sep 12 05:45:12 UTC 2019 /home/travis/build/icyphy/ptII/ptolemy/actor/lib/test/auto/TimeGap.xml
----------------- Instantiating /home/travis/build/icyphy/ptII/ptolemy/actor/lib/test/auto/TimeGap.xml
4 ms. Memory: 480256K Free: 329248K (69%)
----------------- Invoking toplevel() on ptolemy.moml.MoMLSimpleApplication@1a0789a0
----------------- Done invoking toplevel() on ptolemy.moml.MoMLSimpleApplication@1a0789a0
reloadAllAccessors: .TimeGap

===========================================================================================
----------------- testing Thu Sep 12 05:45:12 UTC 2019 /home/travis/build/icyphy/ptII/ptolemy/actor/lib/test/auto/TimeGap2.xml
----------------- Instantiating /home/travis/build/icyphy/ptII/ptolemy/actor/lib/test/auto/TimeGap2.xml
2 ms. Memory: 480256K Free: 323649K (67%)
----------------- Invoking toplevel() on ptolemy.moml.MoMLSimpleApplication@21c8997e
----------------- Done invoking toplevel() on ptolemy.moml.MoMLSimpleApplication@21c8997e
reloadAllAccessors: .TimeGap2

===========================================================================================
----------------- testing Thu Sep 12 05:45:12 UTC 2019 /home/travis/build/icyphy/ptII/ptolemy/actor/lib/test/auto/TimedSinewave.xml
----------------- Instantiating /home/travis/build/icyphy/ptII/ptolemy/actor/lib/test/auto/TimedSinewave.xml
27 ms. Memory: 480256K Free: 309823K (65%)
----------------- Invoking toplevel() on ptolemy.moml.MoMLSimpleApplication@78d951d5
----------------- Done invoking toplevel() on ptolemy.moml.MoMLSimpleApplication@78d951d5
reloadAllAccessors: .TimedSinewave

===========================================================================================
----------------- testing Thu Sep 12 05:45:12 UTC 2019 /home/travis/build/icyphy/ptII/ptolemy/actor/lib/test/auto/TimedSinewavePhase.xml
----------------- Instantiating /home/travis/build/icyphy/ptII/ptolemy/actor/lib/test/auto/TimedSinewavePhase.xml
10 ms. Memory: 480256K Free: 299583K (62%)
----------------- Invoking toplevel() on ptolemy.moml.MoMLSimpleApplication@44da0ac6
----------------- Done invoking toplevel() on ptolemy.moml.MoMLSimpleApplication@44da0ac6
reloadAllAccessors: .TimedSinewavePhase

===========================================================================================
----------------- testing Thu Sep 12 05:45:12 UTC 2019 /home/travis/build/icyphy/ptII/ptolemy/actor/lib/test/auto/Timer.xml
----------------- Instantiating /home/travis/build/icyphy/ptII/ptolemy/actor/lib/test/auto/Timer.xml
3 ms. Memory: 480256K Free: 293432K (61%)
----------------- Invoking toplevel() on ptolemy.moml.MoMLSimpleApplication@2c8f0ff9
----------------- Done invoking toplevel() on ptolemy.moml.MoMLSimpleApplication@2c8f0ff9
reloadAllAccessors: .Timer

===========================================================================================
----------------- testing Thu Sep 12 05:45:12 UTC 2019 /home/travis/build/icyphy/ptII/ptolemy/actor/lib/test/auto/TriangularDistTestModel.xml
----------------- Instantiating /home/travis/build/icyphy/ptII/ptolemy/actor/lib/test/auto/TriangularDistTestModel.xml
3 ms. Memory: 480256K Free: 287809K (60%)
----------------- Invoking toplevel() on ptolemy.moml.MoMLSimpleApplication@4df53ef2
----------------- Done invoking toplevel() on ptolemy.moml.MoMLSimpleApplication@4df53ef2
reloadAllAccessors: .TriangularDistTestModel

===========================================================================================
----------------- testing Thu Sep 12 05:45:12 UTC 2019 /home/travis/build/icyphy/ptII/ptolemy/actor/lib/test/auto/TrigFunction.xml
----------------- Instantiating /home/travis/build/icyphy/ptII/ptolemy/actor/lib/test/auto/TrigFunction.xml
2 ms. Memory: 480256K Free: 283199K (59%)
----------------- Invoking toplevel() on ptolemy.moml.MoMLSimpleApplication@4d91bb5e
----------------- Done invoking toplevel() on ptolemy.moml.MoMLSimpleApplication@4d91bb5e
reloadAllAccessors: .TrigFunction

===========================================================================================
----------------- testing Thu Sep 12 05:45:12 UTC 2019 /home/travis/build/icyphy/ptII/ptolemy/actor/lib/test/auto/TrigFunctionDE.xml
----------------- Instantiating /home/travis/build/icyphy/ptII/ptolemy/actor/lib/test/auto/TrigFunctionDE.xml
2 ms. Memory: 480256K Free: 277569K (58%)
----------------- Invoking toplevel() on ptolemy.moml.MoMLSimpleApplication@5f8020c1
----------------- Done invoking toplevel() on ptolemy.moml.MoMLSimpleApplication@5f8020c1
reloadAllAccessors: .TrigFunctionDE

===========================================================================================
----------------- testing Thu Sep 12 05:45:12 UTC 2019 /home/travis/build/icyphy/ptII/ptolemy/actor/lib/test/auto/TrigFunctionInverse.xml
----------------- Instantiating /home/travis/build/icyphy/ptII/ptolemy/actor/lib/test/auto/TrigFunctionInverse.xml
2 ms. Memory: 480256K Free: 272449K (57%)
----------------- Invoking toplevel() on ptolemy.moml.MoMLSimpleApplication@49d1201c
----------------- Done invoking toplevel() on ptolemy.moml.MoMLSimpleApplication@49d1201c
reloadAllAccessors: .TrigFunctionInverse

===========================================================================================
----------------- testing Thu Sep 12 05:45:12 UTC 2019 /home/travis/build/icyphy/ptII/ptolemy/actor/lib/test/auto/TrigFunctionTan.xml
----------------- Instantiating /home/travis/build/icyphy/ptII/ptolemy/actor/lib/test/auto/TrigFunctionTan.xml
9 ms. Memory: 480256K Free: 268353K (56%)
----------------- Invoking toplevel() on ptolemy.moml.MoMLSimpleApplication@79b9735b
----------------- Done invoking toplevel() on ptolemy.moml.MoMLSimpleApplication@79b9735b
reloadAllAccessors: .TrigFunctionTan

===========================================================================================
----------------- testing Thu Sep 12 05:45:12 UTC 2019 /home/travis/build/icyphy/ptII/ptolemy/actor/lib/test/auto/TriggeredClock.xml
----------------- Instantiating /home/travis/build/icyphy/ptII/ptolemy/actor/lib/test/auto/TriggeredClock.xml
2 ms. Memory: 480256K Free: 263200K (55%)
----------------- Invoking toplevel() on ptolemy.moml.MoMLSimpleApplication@7c93fc92
----------------- Done invoking toplevel() on ptolemy.moml.MoMLSimpleApplication@7c93fc92
reloadAllAccessors: .TriggeredClock

===========================================================================================
----------------- testing Thu Sep 12 05:45:12 UTC 2019 /home/travis/build/icyphy/ptII/ptolemy/actor/lib/test/auto/URLDirectoryReader.xml
----------------- Instantiating /home/travis/build/icyphy/ptII/ptolemy/actor/lib/test/auto/URLDirectoryReader.xml
34 ms. Memory: 480256K Free: 254017K (53%)
----------------- Invoking toplevel() on ptolemy.moml.MoMLSimpleApplication@5215d915
----------------- Done invoking toplevel() on ptolemy.moml.MoMLSimpleApplication@5215d915
reloadAllAccessors: .URLDirectoryReader

===========================================================================================
----------------- testing Thu Sep 12 05:45:12 UTC 2019 /home/travis/build/icyphy/ptII/ptolemy/actor/lib/test/auto/URLDirectoryReader3.xml
----------------- Instantiating /home/travis/build/icyphy/ptII/ptolemy/actor/lib/test/auto/URLDirectoryReader3.xml
1466 ms. Memory: 480256K Free: 421742K (88%)
----------------- Invoking toplevel() on ptolemy.moml.MoMLSimpleApplication@493765f0
----------------- Done invoking toplevel() on ptolemy.moml.MoMLSimpleApplication@493765f0
reloadAllAccessors: .URLDirectoryReader3

===========================================================================================
----------------- testing Thu Sep 12 05:45:14 UTC 2019 /home/travis/build/icyphy/ptII/ptolemy/actor/lib/test/auto/UnaryMathFunction.xml
----------------- Instantiating /home/travis/build/icyphy/ptII/ptolemy/actor/lib/test/auto/UnaryMathFunction.xml
4 ms. Memory: 480256K Free: 414060K (86%)
----------------- Invoking toplevel() on ptolemy.moml.MoMLSimpleApplication@5fbab46d
----------------- Done invoking toplevel() on ptolemy.moml.MoMLSimpleApplication@5fbab46d
reloadAllAccessors: .UnaryMathFunction

===========================================================================================
----------------- testing Thu Sep 12 05:45:14 UTC 2019 /home/travis/build/icyphy/ptII/ptolemy/actor/lib/test/auto/Uniform.xml
----------------- Instantiating /home/travis/build/icyphy/ptII/ptolemy/actor/lib/test/auto/Uniform.xml
2 ms. Memory: 480256K Free: 409454K (85%)
----------------- Invoking toplevel() on ptolemy.moml.MoMLSimpleApplication@2bab542b
----------------- Done invoking toplevel() on ptolemy.moml.MoMLSimpleApplication@2bab542b
reloadAllAccessors: .Uniform

===========================================================================================
----------------- testing Thu Sep 12 05:45:14 UTC 2019 /home/travis/build/icyphy/ptII/ptolemy/actor/lib/test/auto/UnionDisassemblerTest.xml
----------------- Instantiating /home/travis/build/icyphy/ptII/ptolemy/actor/lib/test/auto/UnionDisassemblerTest.xml
9 ms. Memory: 480256K Free: 405358K (84%)
----------------- Invoking toplevel() on ptolemy.moml.MoMLSimpleApplication@5112e311
----------------- Done invoking toplevel() on ptolemy.moml.MoMLSimpleApplication@5112e311
reloadAllAccessors: .UnionDisassemblerTest

===========================================================================================
----------------- testing Thu Sep 12 05:45:14 UTC 2019 /home/travis/build/icyphy/ptII/ptolemy/actor/lib/test/auto/UtilityFunctions.xml
----------------- Instantiating /home/travis/build/icyphy/ptII/ptolemy/actor/lib/test/auto/UtilityFunctions.xml
1 ms. Memory: 480256K Free: 401758K (84%)
----------------- Invoking toplevel() on ptolemy.moml.MoMLSimpleApplication@5dc01e59
----------------- Done invoking toplevel() on ptolemy.moml.MoMLSimpleApplication@5dc01e59
reloadAllAccessors: .UtilityFunctions

===========================================================================================
----------------- testing Thu Sep 12 05:45:14 UTC 2019 /home/travis/build/icyphy/ptII/ptolemy/actor/lib/test/auto/VariableSleep.xml
----------------- Instantiating /home/travis/build/icyphy/ptII/ptolemy/actor/lib/test/auto/VariableSleep.xml
504 ms. Memory: 480256K Free: 396652K (83%)
----------------- Invoking toplevel() on ptolemy.moml.MoMLSimpleApplication@7f60c0fe
----------------- Done invoking toplevel() on ptolemy.moml.MoMLSimpleApplication@7f60c0fe
reloadAllAccessors: .VariableSleep

===========================================================================================
----------------- testing Thu Sep 12 05:45:15 UTC 2019 /home/travis/build/icyphy/ptII/ptolemy/actor/lib/test/auto/VectorAssemblerDisassemblerCT.xml
----------------- Instantiating /home/travis/build/icyphy/ptII/ptolemy/actor/lib/test/auto/VectorAssemblerDisassemblerCT.xml
62 ms. Memory: 480256K Free: 376686K (78%)
----------------- Invoking toplevel() on ptolemy.moml.MoMLSimpleApplication@2bf60c2b
----------------- Done invoking toplevel() on ptolemy.moml.MoMLSimpleApplication@2bf60c2b
reloadAllAccessors: .VectorAssemblerDisassemblerCT

===========================================================================================
----------------- testing Thu Sep 12 05:45:15 UTC 2019 /home/travis/build/icyphy/ptII/ptolemy/actor/lib/test/auto/VectorAssemblerDisassemblerDE.xml
----------------- Instantiating /home/travis/build/icyphy/ptII/ptolemy/actor/lib/test/auto/VectorAssemblerDisassemblerDE.xml
3 ms. Memory: 480256K Free: 369518K (77%)
----------------- Invoking toplevel() on ptolemy.moml.MoMLSimpleApplication@255bdaf1
----------------- Done invoking toplevel() on ptolemy.moml.MoMLSimpleApplication@255bdaf1
reloadAllAccessors: .VectorAssemblerDisassemblerDE

===========================================================================================
----------------- testing Thu Sep 12 05:45:15 UTC 2019 /home/travis/build/icyphy/ptII/ptolemy/actor/lib/test/auto/VectorAssemblerDisassemblerSDF.xml
----------------- Instantiating /home/travis/build/icyphy/ptII/ptolemy/actor/lib/test/auto/VectorAssemblerDisassemblerSDF.xml
3 ms. Memory: 480256K Free: 363374K (76%)
----------------- Invoking toplevel() on ptolemy.moml.MoMLSimpleApplication@27c1ddd
----------------- Done invoking toplevel() on ptolemy.moml.MoMLSimpleApplication@27c1ddd
reloadAllAccessors: .VectorAssemblerDisassemblerSDF

===========================================================================================
----------------- testing Thu Sep 12 05:45:15 UTC 2019 /home/travis/build/icyphy/ptII/ptolemy/actor/lib/test/auto/WallClockTime.xml
----------------- Instantiating /home/travis/build/icyphy/ptII/ptolemy/actor/lib/test/auto/WallClockTime.xml
1005 ms. Memory: 480256K Free: 357740K (74%)
----------------- Invoking toplevel() on ptolemy.moml.MoMLSimpleApplication@60acb3ca
----------------- Done invoking toplevel() on ptolemy.moml.MoMLSimpleApplication@60acb3ca
reloadAllAccessors: .WallClockTime

===========================================================================================
----------------- testing Thu Sep 12 05:45:16 UTC 2019 /home/travis/build/icyphy/ptII/ptolemy/actor/lib/test/auto/WidthTestWithSubscriberPublisher.xml
----------------- Instantiating /home/travis/build/icyphy/ptII/ptolemy/actor/lib/test/auto/WidthTestWithSubscriberPublisher.xml
8 ms. Memory: 480256K Free: 339822K (71%)
----------------- Invoking toplevel() on ptolemy.moml.MoMLSimpleApplication@2f51cf6
----------------- Done invoking toplevel() on ptolemy.moml.MoMLSimpleApplication@2f51cf6
reloadAllAccessors: .WidthTestWithSubscriberPublisher

===========================================================================================
----------------- testing Thu Sep 12 05:45:16 UTC 2019 /home/travis/build/icyphy/ptII/ptolemy/actor/lib/test/auto/WidthTestWithSubscriberPublisher2.xml
----------------- Instantiating /home/travis/build/icyphy/ptII/ptolemy/actor/lib/test/auto/WidthTestWithSubscriberPublisher2.xml
2 ms. Memory: 480256K Free: 333164K (69%)
----------------- Invoking toplevel() on ptolemy.moml.MoMLSimpleApplication@5f8f9bcd
----------------- Done invoking toplevel() on ptolemy.moml.MoMLSimpleApplication@5f8f9bcd
reloadAllAccessors: .WidthTestWithSubscriberPublisher2

===========================================================================================
----------------- testing Thu Sep 12 05:45:16 UTC 2019 /home/travis/build/icyphy/ptII/ptolemy/actor/lib/test/auto/WidthTestWithSubscriberPublisher3.xml
----------------- Instantiating /home/travis/build/icyphy/ptII/ptolemy/actor/lib/test/auto/WidthTestWithSubscriberPublisher3.xml
2 ms. Memory: 480256K Free: 327534K (68%)
----------------- Invoking toplevel() on ptolemy.moml.MoMLSimpleApplication@5df30a17
----------------- Done invoking toplevel() on ptolemy.moml.MoMLSimpleApplication@5df30a17
reloadAllAccessors: .WidthTestWithSubscriberPublisher3

===========================================================================================
----------------- testing Thu Sep 12 05:45:16 UTC 2019 /home/travis/build/icyphy/ptII/ptolemy/actor/lib/test/auto/Writer.xml
----------------- Instantiating /home/travis/build/icyphy/ptII/ptolemy/actor/lib/test/auto/Writer.xml
0
1
2
3
4
2 ms. Memory: 480256K Free: 323438K (67%)
----------------- Invoking toplevel() on ptolemy.moml.MoMLSimpleApplication@56b2eed0
----------------- Done invoking toplevel() on ptolemy.moml.MoMLSimpleApplication@56b2eed0
reloadAllAccessors: .Writer

===========================================================================================
----------------- testing Thu Sep 12 05:45:16 UTC 2019 /home/travis/build/icyphy/ptII/ptolemy/actor/lib/test/auto/array.xml
----------------- Instantiating /home/travis/build/icyphy/ptII/ptolemy/actor/lib/test/auto/array.xml
2 ms. Memory: 480256K Free: 318828K (66%)
----------------- Invoking toplevel() on ptolemy.moml.MoMLSimpleApplication@946a7f7
----------------- Done invoking toplevel() on ptolemy.moml.MoMLSimpleApplication@946a7f7
reloadAllAccessors: .array

===========================================================================================
----------------- testing Thu Sep 12 05:45:16 UTC 2019 /home/travis/build/icyphy/ptII/ptolemy/actor/lib/test/auto/array2.xml
----------------- Instantiating /home/travis/build/icyphy/ptII/ptolemy/actor/lib/test/auto/array2.xml
3 ms. Memory: 480256K Free: 313694K (65%)
----------------- Invoking toplevel() on ptolemy.moml.MoMLSimpleApplication@42d04ac0
----------------- Done invoking toplevel() on ptolemy.moml.MoMLSimpleApplication@42d04ac0
reloadAllAccessors: .array2

===========================================================================================
----------------- testing Thu Sep 12 05:45:16 UTC 2019 /home/travis/build/icyphy/ptII/ptolemy/actor/lib/test/auto/arrayType.xml
----------------- Instantiating /home/travis/build/icyphy/ptII/ptolemy/actor/lib/test/auto/arrayType.xml
1 ms. Memory: 480256K Free: 308078K (64%)
----------------- Invoking toplevel() on ptolemy.moml.MoMLSimpleApplication@4f63fcc1
----------------- Done invoking toplevel() on ptolemy.moml.MoMLSimpleApplication@4f63fcc1
reloadAllAccessors: .arrayType

===========================================================================================
----------------- testing Thu Sep 12 05:45:16 UTC 2019 /home/travis/build/icyphy/ptII/ptolemy/actor/lib/test/auto/arrayType10.xml
----------------- Instantiating /home/travis/build/icyphy/ptII/ptolemy/actor/lib/test/auto/arrayType10.xml
6 ms. Memory: 480256K Free: 303468K (63%)
----------------- Invoking toplevel() on ptolemy.moml.MoMLSimpleApplication@5085a710
----------------- Done invoking toplevel() on ptolemy.moml.MoMLSimpleApplication@5085a710
reloadAllAccessors: .arrayType10

===========================================================================================
----------------- testing Thu Sep 12 05:45:16 UTC 2019 /home/travis/build/icyphy/ptII/ptolemy/actor/lib/test/auto/arrayType11.xml
----------------- Instantiating /home/travis/build/icyphy/ptII/ptolemy/actor/lib/test/auto/arrayType11.xml
1 ms. Memory: 480256K Free: 298862K (62%)
----------------- Invoking toplevel() on ptolemy.moml.MoMLSimpleApplication@4139bc58
----------------- Done invoking toplevel() on ptolemy.moml.MoMLSimpleApplication@4139bc58
reloadAllAccessors: .arrayType11

===========================================================================================
----------------- testing Thu Sep 12 05:45:16 UTC 2019 /home/travis/build/icyphy/ptII/ptolemy/actor/lib/test/auto/arrayType12.xml
----------------- Instantiating /home/travis/build/icyphy/ptII/ptolemy/actor/lib/test/auto/arrayType12.xml
2 ms. Memory: 480256K Free: 294252K (61%)
----------------- Invoking toplevel() on ptolemy.moml.MoMLSimpleApplication@79b27da4
----------------- Done invoking toplevel() on ptolemy.moml.MoMLSimpleApplication@79b27da4
reloadAllAccessors: .arrayType12

===========================================================================================
----------------- testing Thu Sep 12 05:45:16 UTC 2019 /home/travis/build/icyphy/ptII/ptolemy/actor/lib/test/auto/arrayType13.xml
----------------- Instantiating /home/travis/build/icyphy/ptII/ptolemy/actor/lib/test/auto/arrayType13.xml
2 ms. Memory: 480256K Free: 288622K (60%)
----------------- Invoking toplevel() on ptolemy.moml.MoMLSimpleApplication@7a878850
----------------- Done invoking toplevel() on ptolemy.moml.MoMLSimpleApplication@7a878850
reloadAllAccessors: .arrayType13

===========================================================================================
----------------- testing Thu Sep 12 05:45:16 UTC 2019 /home/travis/build/icyphy/ptII/ptolemy/actor/lib/test/auto/arrayType14.xml
----------------- Instantiating /home/travis/build/icyphy/ptII/ptolemy/actor/lib/test/auto/arrayType14.xml
2 ms. Memory: 480256K Free: 283502K (59%)
----------------- Invoking toplevel() on ptolemy.moml.MoMLSimpleApplication@212af82f
----------------- Done invoking toplevel() on ptolemy.moml.MoMLSimpleApplication@212af82f
reloadAllAccessors: .arrayType14

===========================================================================================
----------------- testing Thu Sep 12 05:45:16 UTC 2019 /home/travis/build/icyphy/ptII/ptolemy/actor/lib/test/auto/arrayType15.xml
----------------- Instantiating /home/travis/build/icyphy/ptII/ptolemy/actor/lib/test/auto/arrayType15.xml
3 ms. Memory: 480256K Free: 278382K (58%)
----------------- Invoking toplevel() on ptolemy.moml.MoMLSimpleApplication@6deac4e0
----------------- Done invoking toplevel() on ptolemy.moml.MoMLSimpleApplication@6deac4e0
reloadAllAccessors: .arrayType15

===========================================================================================
----------------- testing Thu Sep 12 05:45:16 UTC 2019 /home/travis/build/icyphy/ptII/ptolemy/actor/lib/test/auto/arrayType16.xml
----------------- Instantiating /home/travis/build/icyphy/ptII/ptolemy/actor/lib/test/auto/arrayType16.xml
2 ms. Memory: 480256K Free: 273262K (57%)
----------------- Invoking toplevel() on ptolemy.moml.MoMLSimpleApplication@212c40a5
----------------- Done invoking toplevel() on ptolemy.moml.MoMLSimpleApplication@212c40a5
reloadAllAccessors: .arrayType16

===========================================================================================
----------------- testing Thu Sep 12 05:45:16 UTC 2019 /home/travis/build/icyphy/ptII/ptolemy/actor/lib/test/auto/arrayType17.xml
----------------- Instantiating /home/travis/build/icyphy/ptII/ptolemy/actor/lib/test/auto/arrayType17.xml
1 ms. Memory: 480256K Free: 268142K (56%)
----------------- Invoking toplevel() on ptolemy.moml.MoMLSimpleApplication@3652fd65
----------------- Done invoking toplevel() on ptolemy.moml.MoMLSimpleApplication@3652fd65
reloadAllAccessors: .arrayType17

===========================================================================================
----------------- testing Thu Sep 12 05:45:16 UTC 2019 /home/travis/build/icyphy/ptII/ptolemy/actor/lib/test/auto/arrayType18.xml
----------------- Instantiating /home/travis/build/icyphy/ptII/ptolemy/actor/lib/test/auto/arrayType18.xml
1 ms. Memory: 480256K Free: 263022K (55%)
----------------- Invoking toplevel() on ptolemy.moml.MoMLSimpleApplication@63649a56
----------------- Done invoking toplevel() on ptolemy.moml.MoMLSimpleApplication@63649a56
reloadAllAccessors: .arrayType18

===========================================================================================
----------------- testing Thu Sep 12 05:45:16 UTC 2019 /home/travis/build/icyphy/ptII/ptolemy/actor/lib/test/auto/arrayType19.xml
----------------- Instantiating /home/travis/build/icyphy/ptII/ptolemy/actor/lib/test/auto/arrayType19.xml
1 ms. Memory: 480256K Free: 258412K (54%)
----------------- Invoking toplevel() on ptolemy.moml.MoMLSimpleApplication@13021c0
----------------- Done invoking toplevel() on ptolemy.moml.MoMLSimpleApplication@13021c0
reloadAllAccessors: .arrayType19

===========================================================================================
----------------- testing Thu Sep 12 05:45:16 UTC 2019 /home/travis/build/icyphy/ptII/ptolemy/actor/lib/test/auto/arrayType2.xml
----------------- Instantiating /home/travis/build/icyphy/ptII/ptolemy/actor/lib/test/auto/arrayType2.xml
1 ms. Memory: 480256K Free: 253292K (53%)
----------------- Invoking toplevel() on ptolemy.moml.MoMLSimpleApplication@78ec74a6
----------------- Done invoking toplevel() on ptolemy.moml.MoMLSimpleApplication@78ec74a6
reloadAllAccessors: .arrayType2

===========================================================================================
----------------- testing Thu Sep 12 05:45:16 UTC 2019 /home/travis/build/icyphy/ptII/ptolemy/actor/lib/test/auto/arrayType20.xml
----------------- Instantiating /home/travis/build/icyphy/ptII/ptolemy/actor/lib/test/auto/arrayType20.xml
1 ms. Memory: 480256K Free: 248686K (52%)
----------------- Invoking toplevel() on ptolemy.moml.MoMLSimpleApplication@2750cece
----------------- Done invoking toplevel() on ptolemy.moml.MoMLSimpleApplication@2750cece
reloadAllAccessors: .arrayType20

===========================================================================================
----------------- testing Thu Sep 12 05:45:16 UTC 2019 /home/travis/build/icyphy/ptII/ptolemy/actor/lib/test/auto/arrayType21.xml
----------------- Instantiating /home/travis/build/icyphy/ptII/ptolemy/actor/lib/test/auto/arrayType21.xml
1 ms. Memory: 480256K Free: 244076K (51%)
----------------- Invoking toplevel() on ptolemy.moml.MoMLSimpleApplication@135ec336
----------------- Done invoking toplevel() on ptolemy.moml.MoMLSimpleApplication@135ec336
reloadAllAccessors: .arrayType21

===========================================================================================
----------------- testing Thu Sep 12 05:45:16 UTC 2019 /home/travis/build/icyphy/ptII/ptolemy/actor/lib/test/auto/arrayType22.xml
----------------- Instantiating /home/travis/build/icyphy/ptII/ptolemy/actor/lib/test/auto/arrayType22.xml
2 ms. Memory: 480256K Free: 238956K (50%)
----------------- Invoking toplevel() on ptolemy.moml.MoMLSimpleApplication@54ece2c1
----------------- Done invoking toplevel() on ptolemy.moml.MoMLSimpleApplication@54ece2c1
reloadAllAccessors: .arrayType22

===========================================================================================
----------------- testing Thu Sep 12 05:45:16 UTC 2019 /home/travis/build/icyphy/ptII/ptolemy/actor/lib/test/auto/arrayType23.xml
----------------- Instantiating /home/travis/build/icyphy/ptII/ptolemy/actor/lib/test/auto/arrayType23.xml
1 ms. Memory: 480256K Free: 234350K (49%)
----------------- Invoking toplevel() on ptolemy.moml.MoMLSimpleApplication@2f337514
----------------- Done invoking toplevel() on ptolemy.moml.MoMLSimpleApplication@2f337514
reloadAllAccessors: .arrayType23

===========================================================================================
----------------- testing Thu Sep 12 05:45:16 UTC 2019 /home/travis/build/icyphy/ptII/ptolemy/actor/lib/test/auto/arrayType24.xml
----------------- Instantiating /home/travis/build/icyphy/ptII/ptolemy/actor/lib/test/auto/arrayType24.xml
1 ms. Memory: 480256K Free: 229740K (48%)
----------------- Invoking toplevel() on ptolemy.moml.MoMLSimpleApplication@68b7cc22
----------------- Done invoking toplevel() on ptolemy.moml.MoMLSimpleApplication@68b7cc22
reloadAllAccessors: .arrayType24

===========================================================================================
----------------- testing Thu Sep 12 05:45:16 UTC 2019 /home/travis/build/icyphy/ptII/ptolemy/actor/lib/test/auto/arrayType25.xml
----------------- Instantiating /home/travis/build/icyphy/ptII/ptolemy/actor/lib/test/auto/arrayType25.xml
1 ms. Memory: 480256K Free: 224620K (47%)
----------------- Invoking toplevel() on ptolemy.moml.MoMLSimpleApplication@54cc0e8e
----------------- Done invoking toplevel() on ptolemy.moml.MoMLSimpleApplication@54cc0e8e
reloadAllAccessors: .arrayType25

===========================================================================================
----------------- testing Thu Sep 12 05:45:16 UTC 2019 /home/travis/build/icyphy/ptII/ptolemy/actor/lib/test/auto/arrayType26.xml
----------------- Instantiating /home/travis/build/icyphy/ptII/ptolemy/actor/lib/test/auto/arrayType26.xml
2 ms. Memory: 480256K Free: 218990K (46%)
----------------- Invoking toplevel() on ptolemy.moml.MoMLSimpleApplication@254e6514
----------------- Done invoking toplevel() on ptolemy.moml.MoMLSimpleApplication@254e6514
reloadAllAccessors: .arrayType26

===========================================================================================
----------------- testing Thu Sep 12 05:45:16 UTC 2019 /home/travis/build/icyphy/ptII/ptolemy/actor/lib/test/auto/arrayType27.xml
----------------- Instantiating /home/travis/build/icyphy/ptII/ptolemy/actor/lib/test/auto/arrayType27.xml
1 ms. Memory: 480256K Free: 213870K (45%)
----------------- Invoking toplevel() on ptolemy.moml.MoMLSimpleApplication@4f8cd25d
----------------- Done invoking toplevel() on ptolemy.moml.MoMLSimpleApplication@4f8cd25d
reloadAllAccessors: .arrayType27

===========================================================================================
----------------- testing Thu Sep 12 05:45:16 UTC 2019 /home/travis/build/icyphy/ptII/ptolemy/actor/lib/test/auto/arrayType28.xml
----------------- Instantiating /home/travis/build/icyphy/ptII/ptolemy/actor/lib/test/auto/arrayType28.xml
2 ms. Memory: 480256K Free: 208750K (43%)
----------------- Invoking toplevel() on ptolemy.moml.MoMLSimpleApplication@3752354c
----------------- Done invoking toplevel() on ptolemy.moml.MoMLSimpleApplication@3752354c
reloadAllAccessors: .arrayType28

===========================================================================================
----------------- testing Thu Sep 12 05:45:16 UTC 2019 /home/travis/build/icyphy/ptII/ptolemy/actor/lib/test/auto/arrayType3.xml
----------------- Instantiating /home/travis/build/icyphy/ptII/ptolemy/actor/lib/test/auto/arrayType3.xml
2 ms. Memory: 480256K Free: 203630K (42%)
----------------- Invoking toplevel() on ptolemy.moml.MoMLSimpleApplication@1be31ba9
----------------- Done invoking toplevel() on ptolemy.moml.MoMLSimpleApplication@1be31ba9
reloadAllAccessors: .arrayType3

===========================================================================================
----------------- testing Thu Sep 12 05:45:16 UTC 2019 /home/travis/build/icyphy/ptII/ptolemy/actor/lib/test/auto/arrayType4.xml
----------------- Instantiating /home/travis/build/icyphy/ptII/ptolemy/actor/lib/test/auto/arrayType4.xml
1 ms. Memory: 480256K Free: 197996K (41%)
----------------- Invoking toplevel() on ptolemy.moml.MoMLSimpleApplication@6063a16b
----------------- Done invoking toplevel() on ptolemy.moml.MoMLSimpleApplication@6063a16b
reloadAllAccessors: .arrayType4

===========================================================================================
----------------- testing Thu Sep 12 05:45:16 UTC 2019 /home/travis/build/icyphy/ptII/ptolemy/actor/lib/test/auto/arrayType5.xml
----------------- Instantiating /home/travis/build/icyphy/ptII/ptolemy/actor/lib/test/auto/arrayType5.xml
1 ms. Memory: 480256K Free: 192876K (40%)
----------------- Invoking toplevel() on ptolemy.moml.MoMLSimpleApplication@bb6e38
----------------- Done invoking toplevel() on ptolemy.moml.MoMLSimpleApplication@bb6e38
reloadAllAccessors: .arrayType5

===========================================================================================
----------------- testing Thu Sep 12 05:45:16 UTC 2019 /home/travis/build/icyphy/ptII/ptolemy/actor/lib/test/auto/arrayType6.xml
----------------- Instantiating /home/travis/build/icyphy/ptII/ptolemy/actor/lib/test/auto/arrayType6.xml
1 ms. Memory: 480256K Free: 188270K (39%)
----------------- Invoking toplevel() on ptolemy.moml.MoMLSimpleApplication@4ad31177
----------------- Done invoking toplevel() on ptolemy.moml.MoMLSimpleApplication@4ad31177
reloadAllAccessors: .arrayType6

===========================================================================================
----------------- testing Thu Sep 12 05:45:16 UTC 2019 /home/travis/build/icyphy/ptII/ptolemy/actor/lib/test/auto/arrayType7.xml
----------------- Instantiating /home/travis/build/icyphy/ptII/ptolemy/actor/lib/test/auto/arrayType7.xml
2 ms. Memory: 480256K Free: 183660K (38%)
----------------- Invoking toplevel() on ptolemy.moml.MoMLSimpleApplication@68efecfb
----------------- Done invoking toplevel() on ptolemy.moml.MoMLSimpleApplication@68efecfb
reloadAllAccessors: .arrayType7

===========================================================================================
----------------- testing Thu Sep 12 05:45:16 UTC 2019 /home/travis/build/icyphy/ptII/ptolemy/actor/lib/test/auto/arrayType8.xml
----------------- Instantiating /home/travis/build/icyphy/ptII/ptolemy/actor/lib/test/auto/arrayType8.xml
1 ms. Memory: 480256K Free: 178540K (37%)
----------------- Invoking toplevel() on ptolemy.moml.MoMLSimpleApplication@6df73da9
----------------- Done invoking toplevel() on ptolemy.moml.MoMLSimpleApplication@6df73da9
reloadAllAccessors: .arrayType8

===========================================================================================
----------------- testing Thu Sep 12 05:45:16 UTC 2019 /home/travis/build/icyphy/ptII/ptolemy/actor/lib/test/auto/arrayType9.xml
----------------- Instantiating /home/travis/build/icyphy/ptII/ptolemy/actor/lib/test/auto/arrayType9.xml
7 ms. Memory: 480256K Free: 173934K (36%)
----------------- Invoking toplevel() on ptolemy.moml.MoMLSimpleApplication@372ff1ea
----------------- Done invoking toplevel() on ptolemy.moml.MoMLSimpleApplication@372ff1ea
reloadAllAccessors: .arrayType9

===========================================================================================
----------------- testing Thu Sep 12 05:45:16 UTC 2019 /home/travis/build/icyphy/ptII/ptolemy/actor/lib/test/auto/cast.xml
----------------- Instantiating /home/travis/build/icyphy/ptII/ptolemy/actor/lib/test/auto/cast.xml
2 ms. Memory: 480256K Free: 169324K (35%)
----------------- Invoking toplevel() on ptolemy.moml.MoMLSimpleApplication@65098b72
----------------- Done invoking toplevel() on ptolemy.moml.MoMLSimpleApplication@65098b72
reloadAllAccessors: .cast

===========================================================================================
----------------- testing Thu Sep 12 05:45:16 UTC 2019 /home/travis/build/icyphy/ptII/ptolemy/actor/lib/test/auto/compositeMultiPort.xml
----------------- Instantiating /home/travis/build/icyphy/ptII/ptolemy/actor/lib/test/auto/compositeMultiPort.xml
3 ms. Memory: 480256K Free: 160622K (33%)
----------------- Invoking toplevel() on ptolemy.moml.MoMLSimpleApplication@232a6269
----------------- Done invoking toplevel() on ptolemy.moml.MoMLSimpleApplication@232a6269
reloadAllAccessors: .compositeMultiPort

===========================================================================================
----------------- testing Thu Sep 12 05:45:16 UTC 2019 /home/travis/build/icyphy/ptII/ptolemy/actor/lib/test/auto/expressionCastInference.xml
----------------- Instantiating /home/travis/build/icyphy/ptII/ptolemy/actor/lib/test/auto/expressionCastInference.xml
8 ms. Memory: 480256K Free: 155502K (32%)
----------------- Invoking toplevel() on ptolemy.moml.MoMLSimpleApplication@b09aef6
----------------- Done invoking toplevel() on ptolemy.moml.MoMLSimpleApplication@b09aef6
reloadAllAccessors: .expressionCastInference

===========================================================================================
----------------- testing Thu Sep 12 05:45:16 UTC 2019 /home/travis/build/icyphy/ptII/ptolemy/actor/lib/test/auto/expressionCastInference2.xml
----------------- Instantiating /home/travis/build/icyphy/ptII/ptolemy/actor/lib/test/auto/expressionCastInference2.xml
3 ms. Memory: 480256K Free: 150892K (31%)
----------------- Invoking toplevel() on ptolemy.moml.MoMLSimpleApplication@6df4c80e
----------------- Done invoking toplevel() on ptolemy.moml.MoMLSimpleApplication@6df4c80e
reloadAllAccessors: .expressionCastInference2

===========================================================================================
----------------- testing Thu Sep 12 05:45:16 UTC 2019 /home/travis/build/icyphy/ptII/ptolemy/actor/lib/test/auto/expressionInference.xml
----------------- Instantiating /home/travis/build/icyphy/ptII/ptolemy/actor/lib/test/auto/expressionInference.xml
1 ms. Memory: 480256K Free: 146796K (31%)
----------------- Invoking toplevel() on ptolemy.moml.MoMLSimpleApplication@405dc7d4
----------------- Done invoking toplevel() on ptolemy.moml.MoMLSimpleApplication@405dc7d4
reloadAllAccessors: .expressionInference

===========================================================================================
----------------- testing Thu Sep 12 05:45:16 UTC 2019 /home/travis/build/icyphy/ptII/ptolemy/actor/lib/test/auto/expression_bug.xml
----------------- Instantiating /home/travis/build/icyphy/ptII/ptolemy/actor/lib/test/auto/expression_bug.xml
1 ms. Memory: 480256K Free: 424641K (88%)
----------------- Invoking toplevel() on ptolemy.moml.MoMLSimpleApplication@735b6bc5
----------------- Done invoking toplevel() on ptolemy.moml.MoMLSimpleApplication@735b6bc5
reloadAllAccessors: .expression_bug

===========================================================================================
----------------- testing Thu Sep 12 05:45:16 UTC 2019 /home/travis/build/icyphy/ptII/ptolemy/actor/lib/test/auto/factorial.xml
----------------- Instantiating /home/travis/build/icyphy/ptII/ptolemy/actor/lib/test/auto/factorial.xml
61 ms. Memory: 480256K Free: 415939K (87%)
----------------- Invoking toplevel() on ptolemy.moml.MoMLSimpleApplication@1f44090d
----------------- Done invoking toplevel() on ptolemy.moml.MoMLSimpleApplication@1f44090d
reloadAllAccessors: .factorial

===========================================================================================
----------------- testing Thu Sep 12 05:45:16 UTC 2019 /home/travis/build/icyphy/ptII/ptolemy/actor/lib/test/auto/filterTest1.xml
----------------- Instantiating /home/travis/build/icyphy/ptII/ptolemy/actor/lib/test/auto/filterTest1.xml
4 ms. Memory: 480256K Free: 410305K (85%)
----------------- Invoking toplevel() on ptolemy.moml.MoMLSimpleApplication@231b28ab
----------------- Done invoking toplevel() on ptolemy.moml.MoMLSimpleApplication@231b28ab
reloadAllAccessors: .filterTest1

===========================================================================================
----------------- testing Thu Sep 12 05:45:17 UTC 2019 /home/travis/build/icyphy/ptII/ptolemy/actor/lib/test/auto/funcApplyInConst.xml
----------------- Instantiating /home/travis/build/icyphy/ptII/ptolemy/actor/lib/test/auto/funcApplyInConst.xml
7 ms. Memory: 480256K Free: 406723K (85%)
----------------- Invoking toplevel() on ptolemy.moml.MoMLSimpleApplication@51948305
----------------- Done invoking toplevel() on ptolemy.moml.MoMLSimpleApplication@51948305
reloadAllAccessors: .funcApplyInConst

===========================================================================================
----------------- testing Thu Sep 12 05:45:17 UTC 2019 /home/travis/build/icyphy/ptII/ptolemy/actor/lib/test/auto/funcApplyInExpr.xml
----------------- Instantiating /home/travis/build/icyphy/ptII/ptolemy/actor/lib/test/auto/funcApplyInExpr.xml
1 ms. Memory: 480256K Free: 402627K (84%)
----------------- Invoking toplevel() on ptolemy.moml.MoMLSimpleApplication@7dc23ed
----------------- Done invoking toplevel() on ptolemy.moml.MoMLSimpleApplication@7dc23ed
reloadAllAccessors: .funcApplyInExpr

===========================================================================================
----------------- testing Thu Sep 12 05:45:17 UTC 2019 /home/travis/build/icyphy/ptII/ptolemy/actor/lib/test/auto/function.xml
----------------- Instantiating /home/travis/build/icyphy/ptII/ptolemy/actor/lib/test/auto/function.xml
4 ms. Memory: 480256K Free: 398017K (83%)
----------------- Invoking toplevel() on ptolemy.moml.MoMLSimpleApplication@24e94f19
----------------- Done invoking toplevel() on ptolemy.moml.MoMLSimpleApplication@24e94f19
reloadAllAccessors: .function

===========================================================================================
----------------- testing Thu Sep 12 05:45:17 UTC 2019 /home/travis/build/icyphy/ptII/ptolemy/actor/lib/test/auto/function2.xml
----------------- Instantiating /home/travis/build/icyphy/ptII/ptolemy/actor/lib/test/auto/function2.xml
3 ms. Memory: 480256K Free: 393411K (82%)
----------------- Invoking toplevel() on ptolemy.moml.MoMLSimpleApplication@5b361a5a
----------------- Done invoking toplevel() on ptolemy.moml.MoMLSimpleApplication@5b361a5a
reloadAllAccessors: .function2

===========================================================================================
----------------- testing Thu Sep 12 05:45:17 UTC 2019 /home/travis/build/icyphy/ptII/ptolemy/actor/lib/test/auto/function3.xml
----------------- Instantiating /home/travis/build/icyphy/ptII/ptolemy/actor/lib/test/auto/function3.xml
2 ms. Memory: 480256K Free: 389315K (81%)
----------------- Invoking toplevel() on ptolemy.moml.MoMLSimpleApplication@685d7bc7
----------------- Done invoking toplevel() on ptolemy.moml.MoMLSimpleApplication@685d7bc7
reloadAllAccessors: .function3

===========================================================================================
----------------- testing Thu Sep 12 05:45:17 UTC 2019 /home/travis/build/icyphy/ptII/ptolemy/actor/lib/test/auto/functionClosureTest1.xml
----------------- Instantiating /home/travis/build/icyphy/ptII/ptolemy/actor/lib/test/auto/functionClosureTest1.xml
2 ms. Memory: 480256K Free: 383675K (80%)
----------------- Invoking toplevel() on ptolemy.moml.MoMLSimpleApplication@ada5cbd
----------------- Done invoking toplevel() on ptolemy.moml.MoMLSimpleApplication@ada5cbd
reloadAllAccessors: .functionClosureTest1

===========================================================================================
----------------- testing Thu Sep 12 05:45:17 UTC 2019 /home/travis/build/icyphy/ptII/ptolemy/actor/lib/test/auto/functionClosureTest2.xml
----------------- Instantiating /home/travis/build/icyphy/ptII/ptolemy/actor/lib/test/auto/functionClosureTest2.xml
1 ms. Memory: 480256K Free: 380099K (79%)
----------------- Invoking toplevel() on ptolemy.moml.MoMLSimpleApplication@57b9ed82
----------------- Done invoking toplevel() on ptolemy.moml.MoMLSimpleApplication@57b9ed82
reloadAllAccessors: .functionClosureTest2

===========================================================================================
----------------- testing Thu Sep 12 05:45:17 UTC 2019 /home/travis/build/icyphy/ptII/ptolemy/actor/lib/test/auto/functionClosureTest3.xml
----------------- Instantiating /home/travis/build/icyphy/ptII/ptolemy/actor/lib/test/auto/functionClosureTest3.xml
2 ms. Memory: 480256K Free: 374979K (78%)
----------------- Invoking toplevel() on ptolemy.moml.MoMLSimpleApplication@12aeba44
----------------- Done invoking toplevel() on ptolemy.moml.MoMLSimpleApplication@12aeba44
reloadAllAccessors: .functionClosureTest3

===========================================================================================
----------------- testing Thu Sep 12 05:45:17 UTC 2019 /home/travis/build/icyphy/ptII/ptolemy/actor/lib/test/auto/functionClosureTest4.xml
----------------- Instantiating /home/travis/build/icyphy/ptII/ptolemy/actor/lib/test/auto/functionClosureTest4.xml
4 ms. Memory: 480256K Free: 368321K (77%)
----------------- Invoking toplevel() on ptolemy.moml.MoMLSimpleApplication@47522bca
----------------- Done invoking toplevel() on ptolemy.moml.MoMLSimpleApplication@47522bca
reloadAllAccessors: .functionClosureTest4

===========================================================================================
----------------- testing Thu Sep 12 05:45:17 UTC 2019 /home/travis/build/icyphy/ptII/ptolemy/actor/lib/test/auto/functionClosureTest5.xml
----------------- Instantiating /home/travis/build/icyphy/ptII/ptolemy/actor/lib/test/auto/functionClosureTest5.xml
5 ms. Memory: 480256K Free: 363187K (76%)
----------------- Invoking toplevel() on ptolemy.moml.MoMLSimpleApplication@4b9a38e
----------------- Done invoking toplevel() on ptolemy.moml.MoMLSimpleApplication@4b9a38e
reloadAllAccessors: .functionClosureTest5

===========================================================================================
----------------- testing Thu Sep 12 05:45:17 UTC 2019 /home/travis/build/icyphy/ptII/ptolemy/actor/lib/test/auto/functionClosureTest6.xml
----------------- Instantiating /home/travis/build/icyphy/ptII/ptolemy/actor/lib/test/auto/functionClosureTest6.xml
3 ms. Memory: 480256K Free: 358595K (75%)
----------------- Invoking toplevel() on ptolemy.moml.MoMLSimpleApplication@253e4d12
----------------- Done invoking toplevel() on ptolemy.moml.MoMLSimpleApplication@253e4d12
reloadAllAccessors: .functionClosureTest6

===========================================================================================
----------------- testing Thu Sep 12 05:45:17 UTC 2019 /home/travis/build/icyphy/ptII/ptolemy/actor/lib/test/auto/functionsOnArcs.xml
----------------- Instantiating /home/travis/build/icyphy/ptII/ptolemy/actor/lib/test/auto/functionsOnArcs.xml
2 ms. Memory: 480256K Free: 352961K (73%)
----------------- Invoking toplevel() on ptolemy.moml.MoMLSimpleApplication@116e83aa
----------------- Done invoking toplevel() on ptolemy.moml.MoMLSimpleApplication@116e83aa
reloadAllAccessors: .functionsOnArcs

===========================================================================================
----------------- testing Thu Sep 12 05:45:17 UTC 2019 /home/travis/build/icyphy/ptII/ptolemy/actor/lib/test/auto/functionsOnArcsHOF.xml
----------------- Instantiating /home/travis/build/icyphy/ptII/ptolemy/actor/lib/test/auto/functionsOnArcsHOF.xml
4 ms. Memory: 480256K Free: 347331K (72%)
----------------- Invoking toplevel() on ptolemy.moml.MoMLSimpleApplication@5298130
----------------- Done invoking toplevel() on ptolemy.moml.MoMLSimpleApplication@5298130
reloadAllAccessors: .functionsOnArcsHOF

===========================================================================================
----------------- testing Thu Sep 12 05:45:17 UTC 2019 /home/travis/build/icyphy/ptII/ptolemy/actor/lib/test/auto/logic.xml
----------------- Instantiating /home/travis/build/icyphy/ptII/ptolemy/actor/lib/test/auto/logic.xml
2 ms. Memory: 480256K Free: 340163K (71%)
----------------- Invoking toplevel() on ptolemy.moml.MoMLSimpleApplication@7d0695e9
----------------- Done invoking toplevel() on ptolemy.moml.MoMLSimpleApplication@7d0695e9
reloadAllAccessors: .logic

===========================================================================================
----------------- testing Thu Sep 12 05:45:17 UTC 2019 /home/travis/build/icyphy/ptII/ptolemy/actor/lib/test/auto/matrixType.xml
----------------- Instantiating /home/travis/build/icyphy/ptII/ptolemy/actor/lib/test/auto/matrixType.xml
2 ms. Memory: 480256K Free: 334529K (70%)
----------------- Invoking toplevel() on ptolemy.moml.MoMLSimpleApplication@3bf66c2b
----------------- Done invoking toplevel() on ptolemy.moml.MoMLSimpleApplication@3bf66c2b
reloadAllAccessors: .matrixType

===========================================================================================
----------------- testing Thu Sep 12 05:45:17 UTC 2019 /home/travis/build/icyphy/ptII/ptolemy/actor/lib/test/auto/matrixType10.xml
----------------- Instantiating /home/travis/build/icyphy/ptII/ptolemy/actor/lib/test/auto/matrixType10.xml
2 ms. Memory: 480256K Free: 329923K (69%)
----------------- Invoking toplevel() on ptolemy.moml.MoMLSimpleApplication@1fb0ab83
----------------- Done invoking toplevel() on ptolemy.moml.MoMLSimpleApplication@1fb0ab83
reloadAllAccessors: .matrixType10

===========================================================================================
----------------- testing Thu Sep 12 05:45:17 UTC 2019 /home/travis/build/icyphy/ptII/ptolemy/actor/lib/test/auto/matrixType11.xml
----------------- Instantiating /home/travis/build/icyphy/ptII/ptolemy/actor/lib/test/auto/matrixType11.xml
1 ms. Memory: 480256K Free: 325313K (68%)
----------------- Invoking toplevel() on ptolemy.moml.MoMLSimpleApplication@18fd470b
----------------- Done invoking toplevel() on ptolemy.moml.MoMLSimpleApplication@18fd470b
reloadAllAccessors: .matrixType11

===========================================================================================
----------------- testing Thu Sep 12 05:45:17 UTC 2019 /home/travis/build/icyphy/ptII/ptolemy/actor/lib/test/auto/matrixType12.xml
----------------- Instantiating /home/travis/build/icyphy/ptII/ptolemy/actor/lib/test/auto/matrixType12.xml
1 ms. Memory: 480256K Free: 320193K (67%)
----------------- Invoking toplevel() on ptolemy.moml.MoMLSimpleApplication@530e9429
----------------- Done invoking toplevel() on ptolemy.moml.MoMLSimpleApplication@530e9429
reloadAllAccessors: .matrixType12

===========================================================================================
----------------- testing Thu Sep 12 05:45:17 UTC 2019 /home/travis/build/icyphy/ptII/ptolemy/actor/lib/test/auto/matrixType13.xml
----------------- Instantiating /home/travis/build/icyphy/ptII/ptolemy/actor/lib/test/auto/matrixType13.xml
2 ms. Memory: 480256K Free: 315587K (66%)
----------------- Invoking toplevel() on ptolemy.moml.MoMLSimpleApplication@18115b75
----------------- Done invoking toplevel() on ptolemy.moml.MoMLSimpleApplication@18115b75
reloadAllAccessors: .matrixType13

===========================================================================================
----------------- testing Thu Sep 12 05:45:17 UTC 2019 /home/travis/build/icyphy/ptII/ptolemy/actor/lib/test/auto/matrixType14.xml
----------------- Instantiating /home/travis/build/icyphy/ptII/ptolemy/actor/lib/test/auto/matrixType14.xml
1 ms. Memory: 480256K Free: 310977K (65%)
----------------- Invoking toplevel() on ptolemy.moml.MoMLSimpleApplication@7f260d20
----------------- Done invoking toplevel() on ptolemy.moml.MoMLSimpleApplication@7f260d20
reloadAllAccessors: .matrixType14

===========================================================================================
----------------- testing Thu Sep 12 05:45:17 UTC 2019 /home/travis/build/icyphy/ptII/ptolemy/actor/lib/test/auto/matrixType2.xml
----------------- Instantiating /home/travis/build/icyphy/ptII/ptolemy/actor/lib/test/auto/matrixType2.xml
2 ms. Memory: 480256K Free: 305857K (64%)
----------------- Invoking toplevel() on ptolemy.moml.MoMLSimpleApplication@7768f0bd
----------------- Done invoking toplevel() on ptolemy.moml.MoMLSimpleApplication@7768f0bd
reloadAllAccessors: .matrixType2

===========================================================================================
----------------- testing Thu Sep 12 05:45:17 UTC 2019 /home/travis/build/icyphy/ptII/ptolemy/actor/lib/test/auto/matrixType3.xml
----------------- Instantiating /home/travis/build/icyphy/ptII/ptolemy/actor/lib/test/auto/matrixType3.xml
5 ms. Memory: 480256K Free: 301251K (63%)
----------------- Invoking toplevel() on ptolemy.moml.MoMLSimpleApplication@8dd087c
----------------- Done invoking toplevel() on ptolemy.moml.MoMLSimpleApplication@8dd087c
reloadAllAccessors: .matrixType3

===========================================================================================
----------------- testing Thu Sep 12 05:45:17 UTC 2019 /home/travis/build/icyphy/ptII/ptolemy/actor/lib/test/auto/matrixType4.xml
----------------- Instantiating /home/travis/build/icyphy/ptII/ptolemy/actor/lib/test/auto/matrixType4.xml
2 ms. Memory: 480256K Free: 296641K (62%)
----------------- Invoking toplevel() on ptolemy.moml.MoMLSimpleApplication@a73a1a7
----------------- Done invoking toplevel() on ptolemy.moml.MoMLSimpleApplication@a73a1a7
reloadAllAccessors: .matrixType4

===========================================================================================
----------------- testing Thu Sep 12 05:45:17 UTC 2019 /home/travis/build/icyphy/ptII/ptolemy/actor/lib/test/auto/matrixType5.xml
----------------- Instantiating /home/travis/build/icyphy/ptII/ptolemy/actor/lib/test/auto/matrixType5.xml
2 ms. Memory: 480256K Free: 291521K (61%)
----------------- Invoking toplevel() on ptolemy.moml.MoMLSimpleApplication@4f55b17
----------------- Done invoking toplevel() on ptolemy.moml.MoMLSimpleApplication@4f55b17
reloadAllAccessors: .matrixType5

===========================================================================================
----------------- testing Thu Sep 12 05:45:17 UTC 2019 /home/travis/build/icyphy/ptII/ptolemy/actor/lib/test/auto/matrixType6.xml
----------------- Instantiating /home/travis/build/icyphy/ptII/ptolemy/actor/lib/test/auto/matrixType6.xml
1 ms. Memory: 480256K Free: 286915K (60%)
----------------- Invoking toplevel() on ptolemy.moml.MoMLSimpleApplication@448125ed
----------------- Done invoking toplevel() on ptolemy.moml.MoMLSimpleApplication@448125ed
reloadAllAccessors: .matrixType6

===========================================================================================
----------------- testing Thu Sep 12 05:45:17 UTC 2019 /home/travis/build/icyphy/ptII/ptolemy/actor/lib/test/auto/matrixType7.xml
----------------- Instantiating /home/travis/build/icyphy/ptII/ptolemy/actor/lib/test/auto/matrixType7.xml
2 ms. Memory: 480256K Free: 282305K (59%)
----------------- Invoking toplevel() on ptolemy.moml.MoMLSimpleApplication@2aa79908
----------------- Done invoking toplevel() on ptolemy.moml.MoMLSimpleApplication@2aa79908
reloadAllAccessors: .matrixType7

===========================================================================================
----------------- testing Thu Sep 12 05:45:17 UTC 2019 /home/travis/build/icyphy/ptII/ptolemy/actor/lib/test/auto/matrixType8.xml
----------------- Instantiating /home/travis/build/icyphy/ptII/ptolemy/actor/lib/test/auto/matrixType8.xml
1 ms. Memory: 480256K Free: 277185K (58%)
----------------- Invoking toplevel() on ptolemy.moml.MoMLSimpleApplication@6ce33667
----------------- Done invoking toplevel() on ptolemy.moml.MoMLSimpleApplication@6ce33667
reloadAllAccessors: .matrixType8

===========================================================================================
----------------- testing Thu Sep 12 05:45:17 UTC 2019 /home/travis/build/icyphy/ptII/ptolemy/actor/lib/test/auto/matrixType9.xml
----------------- Instantiating /home/travis/build/icyphy/ptII/ptolemy/actor/lib/test/auto/matrixType9.xml
1 ms. Memory: 480256K Free: 272579K (57%)
----------------- Invoking toplevel() on ptolemy.moml.MoMLSimpleApplication@2ede1606
----------------- Done invoking toplevel() on ptolemy.moml.MoMLSimpleApplication@2ede1606
reloadAllAccessors: .matrixType9

===========================================================================================
----------------- testing Thu Sep 12 05:45:17 UTC 2019 /home/travis/build/icyphy/ptII/ptolemy/actor/lib/test/auto/paraFunctest.xml
----------------- Instantiating /home/travis/build/icyphy/ptII/ptolemy/actor/lib/test/auto/paraFunctest.xml
2 ms. Memory: 480256K Free: 267969K (56%)
----------------- Invoking toplevel() on ptolemy.moml.MoMLSimpleApplication@5638f0ef
----------------- Done invoking toplevel() on ptolemy.moml.MoMLSimpleApplication@5638f0ef
reloadAllAccessors: .paraFunctest

===========================================================================================
----------------- testing Thu Sep 12 05:45:17 UTC 2019 /home/travis/build/icyphy/ptII/ptolemy/actor/lib/test/auto/paraFunctest2.xml
----------------- Instantiating /home/travis/build/icyphy/ptII/ptolemy/actor/lib/test/auto/paraFunctest2.xml
2 ms. Memory: 480256K Free: 263873K (55%)
----------------- Invoking toplevel() on ptolemy.moml.MoMLSimpleApplication@5f80f65
----------------- Done invoking toplevel() on ptolemy.moml.MoMLSimpleApplication@5f80f65
reloadAllAccessors: .paraFunctest2

===========================================================================================
----------------- testing Thu Sep 12 05:45:17 UTC 2019 /home/travis/build/icyphy/ptII/ptolemy/actor/lib/test/auto/parameterPassing.xml
----------------- Instantiating /home/travis/build/icyphy/ptII/ptolemy/actor/lib/test/auto/parameterPassing.xml
3 ms. Memory: 480256K Free: 259777K (54%)
----------------- Invoking toplevel() on ptolemy.moml.MoMLSimpleApplication@7b9a109
----------------- Done invoking toplevel() on ptolemy.moml.MoMLSimpleApplication@7b9a109
reloadAllAccessors: .parameterPassing

===========================================================================================
----------------- testing Thu Sep 12 05:45:17 UTC 2019 /home/travis/build/icyphy/ptII/ptolemy/actor/lib/test/auto/record.xml
----------------- Instantiating /home/travis/build/icyphy/ptII/ptolemy/actor/lib/test/auto/record.xml
3 ms. Memory: 480256K Free: 254657K (53%)
----------------- Invoking toplevel() on ptolemy.moml.MoMLSimpleApplication@5a048f9f
----------------- Done invoking toplevel() on ptolemy.moml.MoMLSimpleApplication@5a048f9f
reloadAllAccessors: .record

===========================================================================================
----------------- testing Thu Sep 12 05:45:17 UTC 2019 /home/travis/build/icyphy/ptII/ptolemy/actor/lib/test/auto/sizedarray1.xml
----------------- Instantiating /home/travis/build/icyphy/ptII/ptolemy/actor/lib/test/auto/sizedarray1.xml
1 ms. Memory: 480256K Free: 249537K (52%)
----------------- Invoking toplevel() on ptolemy.moml.MoMLSimpleApplication@12f01e11
----------------- Done invoking toplevel() on ptolemy.moml.MoMLSimpleApplication@12f01e11
reloadAllAccessors: .sizedarray1

===========================================================================================
----------------- testing Thu Sep 12 05:45:17 UTC 2019 /home/travis/build/icyphy/ptII/ptolemy/actor/lib/test/auto/sizedarray2.xml
----------------- Instantiating /home/travis/build/icyphy/ptII/ptolemy/actor/lib/test/auto/sizedarray2.xml
3 ms. Memory: 480256K Free: 243907K (51%)
----------------- Invoking toplevel() on ptolemy.moml.MoMLSimpleApplication@57632420
----------------- Done invoking toplevel() on ptolemy.moml.MoMLSimpleApplication@57632420
reloadAllAccessors: .sizedarray2

===========================================================================================
----------------- testing Thu Sep 12 05:45:17 UTC 2019 /home/travis/build/icyphy/ptII/ptolemy/actor/lib/test/auto/twoPublishers.xml
----------------- Instantiating /home/travis/build/icyphy/ptII/ptolemy/actor/lib/test/auto/twoPublishers.xml
7 ms. Memory: 480256K Free: 233153K (49%)
----------------- Invoking toplevel() on ptolemy.moml.MoMLSimpleApplication@2fece39a
----------------- Done invoking toplevel() on ptolemy.moml.MoMLSimpleApplication@2fece39a
reloadAllAccessors: .twoPublishers
AutoTests.java: About to close Vertx.
AutoTests.java: Vertx closed.
]]></system-out>
  <system-err><![CDATA[java.lang.RuntimeException: Execution failed
	at ptolemy.moml.MoMLSimpleApplication$UnloadThread.run(MoMLSimpleApplication.java:402)
Caused by: java.lang.RuntimeException: StringUtilities.exit() was called. Normally, we would exit here because Manager.exitAfterWrapup() was called.  However, because the ptolemy.ptII.exitAfterWrapup property is set, we throw this exception instead.
	at ptolemy.util.StringUtilities.exit(StringUtilities.java:365)
	at ptolemy.actor.Manager.wrapup(Manager.java:1549)
	at ptolemy.actor.Manager.execute(Manager.java:407)
	at ptolemy.actor.Manager.run(Manager.java:1263)
	at ptolemy.actor.Manager$PtolemyRunThread.run(Manager.java:1933)
Warning: '.top.test' is in training mode, set the trainingMode parameter to false before checking in
Warning: '.top.test' is in training mode, set the trainingMode parameter to false before checking in
Warning: '.top.test' is in training mode, set the trainingMode parameter to false before checking in
Warning: '.BooleanSwitch_RegressionTest_WrongTrainingValues.Test' is in training mode, set the trainingMode parameter to false before checking in
Warning: '.BooleanSwitch_RegressionTest_WrongTrainingValues.Test2' is in training mode, set the trainingMode parameter to false before checking in
Warning: '.BooleanSwitch_RegressionTest_WrongTrainingValues.Test2' The test produced 0 tokens.
Warning: '.top.testExceptionHandler' is in training mode, set the trainingMode parameter to false before checking in
java.lang.RuntimeException: Execution failed
	at ptolemy.moml.MoMLSimpleApplication$UnloadThread.run(MoMLSimpleApplication.java:402)
Caused by: ptolemy.kernel.util.IllegalActionException: PublisherPorts cannot be used at the top level, use a Publisher actor instead.
  in .PublisherPortToplevelSubscriber.PublisherPort
	at ptolemy.actor.PublisherPort.preinitialize(PublisherPort.java:403)
	at ptolemy.actor.CompositeActor.preinitialize(CompositeActor.java:1769)
	at ptolemy.actor.Manager.preinitializeAndResolveTypes(Manager.java:1040)
	at ptolemy.actor.Manager.initialize(Manager.java:710)
	at ptolemy.actor.Manager.execute(Manager.java:356)
	at ptolemy.actor.Manager.run(Manager.java:1263)
	at ptolemy.actor.Manager$PtolemyRunThread.run(Manager.java:1933)
java.lang.reflect.InvocationTargetException
	at java.base/jdk.internal.reflect.NativeConstructorAccessorImpl.newInstance0(Native Method)
	at java.base/jdk.internal.reflect.NativeConstructorAccessorImpl.newInstance(NativeConstructorAccessorImpl.java:62)
	at java.base/jdk.internal.reflect.DelegatingConstructorAccessorImpl.newInstance(DelegatingConstructorAccessorImpl.java:45)
	at java.base/java.lang.reflect.Constructor.newInstance(Constructor.java:490)
	at ptolemy.util.test.junit.AutoKnownFailedTests.RunModel(AutoKnownFailedTests.java:105)
	at java.base/jdk.internal.reflect.NativeMethodAccessorImpl.invoke0(Native Method)
	at java.base/jdk.internal.reflect.NativeMethodAccessorImpl.invoke(NativeMethodAccessorImpl.java:62)
	at java.base/jdk.internal.reflect.DelegatingMethodAccessorImpl.invoke(DelegatingMethodAccessorImpl.java:43)
	at java.base/java.lang.reflect.Method.invoke(Method.java:566)
	at org.junit.runners.model.FrameworkMethod$1.runReflectiveCall(FrameworkMethod.java:44)
	at org.junit.internal.runners.model.ReflectiveCallable.run(ReflectiveCallable.java:15)
	at org.junit.runners.model.FrameworkMethod.invokeExplosively(FrameworkMethod.java:41)
	at junitparams.internal.InvokeParameterisedMethod.evaluate(InvokeParameterisedMethod.java:102)
	at org.junit.internal.runners.statements.FailOnTimeout$1.run(FailOnTimeout.java:28)
Caused by: ptolemy.kernel.util.IllegalActionException: PublisherPorts cannot be used at the top level, use a Publisher actor instead.
  in .PublisherPortToplevelSubscriber.PublisherPort
	at ptolemy.actor.PublisherPort.preinitialize(PublisherPort.java:403)
	at ptolemy.actor.CompositeActor.preinitialize(CompositeActor.java:1769)
	at ptolemy.actor.Manager.preinitializeAndResolveTypes(Manager.java:1040)
	at ptolemy.actor.Manager.initialize(Manager.java:710)
	at ptolemy.actor.Manager.execute(Manager.java:356)
	at ptolemy.actor.Manager.run(Manager.java:1263)
	at ptolemy.actor.Manager$PtolemyRunThread.run(Manager.java:1933)
java.lang.RuntimeException: Execution failed
	at ptolemy.moml.MoMLSimpleApplication$UnloadThread.run(MoMLSimpleApplication.java:402)
Caused by: ptolemy.kernel.util.IllegalActionException: SubscriberPorts cannot be used at the top level, use a Subscriber actor instead.
  in .PublisherSubscriberPortToplevel.SubscriberPort
	at ptolemy.actor.SubscriberPort.preinitialize(SubscriberPort.java:328)
	at ptolemy.actor.CompositeActor.preinitialize(CompositeActor.java:1769)
	at ptolemy.actor.Manager.preinitializeAndResolveTypes(Manager.java:1040)
	at ptolemy.actor.Manager.initialize(Manager.java:710)
	at ptolemy.actor.Manager.execute(Manager.java:356)
	at ptolemy.actor.Manager.run(Manager.java:1263)
	at ptolemy.actor.Manager$PtolemyRunThread.run(Manager.java:1933)
java.lang.reflect.InvocationTargetException
	at java.base/jdk.internal.reflect.NativeConstructorAccessorImpl.newInstance0(Native Method)
	at java.base/jdk.internal.reflect.NativeConstructorAccessorImpl.newInstance(NativeConstructorAccessorImpl.java:62)
	at java.base/jdk.internal.reflect.DelegatingConstructorAccessorImpl.newInstance(DelegatingConstructorAccessorImpl.java:45)
	at java.base/java.lang.reflect.Constructor.newInstance(Constructor.java:490)
	at ptolemy.util.test.junit.AutoKnownFailedTests.RunModel(AutoKnownFailedTests.java:105)
	at java.base/jdk.internal.reflect.NativeMethodAccessorImpl.invoke0(Native Method)
	at java.base/jdk.internal.reflect.NativeMethodAccessorImpl.invoke(NativeMethodAccessorImpl.java:62)
	at java.base/jdk.internal.reflect.DelegatingMethodAccessorImpl.invoke(DelegatingMethodAccessorImpl.java:43)
	at java.base/java.lang.reflect.Method.invoke(Method.java:566)
	at org.junit.runners.model.FrameworkMethod$1.runReflectiveCall(FrameworkMethod.java:44)
	at org.junit.internal.runners.model.ReflectiveCallable.run(ReflectiveCallable.java:15)
	at org.junit.runners.model.FrameworkMethod.invokeExplosively(FrameworkMethod.java:41)
	at junitparams.internal.InvokeParameterisedMethod.evaluate(InvokeParameterisedMethod.java:102)
	at org.junit.internal.runners.statements.FailOnTimeout$1.run(FailOnTimeout.java:28)
Caused by: ptolemy.kernel.util.IllegalActionException: SubscriberPorts cannot be used at the top level, use a Subscriber actor instead.
  in .PublisherSubscriberPortToplevel.SubscriberPort
	at ptolemy.actor.SubscriberPort.preinitialize(SubscriberPort.java:328)
	at ptolemy.actor.CompositeActor.preinitialize(CompositeActor.java:1769)
	at ptolemy.actor.Manager.preinitializeAndResolveTypes(Manager.java:1040)
	at ptolemy.actor.Manager.initialize(Manager.java:710)
	at ptolemy.actor.Manager.execute(Manager.java:356)
	at ptolemy.actor.Manager.run(Manager.java:1263)
	at ptolemy.actor.Manager$PtolemyRunThread.run(Manager.java:1933)
java.lang.RuntimeException: Execution failed
	at ptolemy.moml.MoMLSimpleApplication$UnloadThread.run(MoMLSimpleApplication.java:402)
Caused by: ptolemy.kernel.util.IllegalActionException: SubscriptionAggregatorPorts cannot be used at the top level, use a SubscriptionAggregator actor instead.
  in .PublisherSubscriptionAggregatorPort.SubscriptionAggregatorPort
	at ptolemy.actor.SubscriptionAggregatorPort.preinitialize(SubscriptionAggregatorPort.java:353)
	at ptolemy.actor.CompositeActor.preinitialize(CompositeActor.java:1769)
	at ptolemy.actor.Manager.preinitializeAndResolveTypes(Manager.java:1040)
	at ptolemy.actor.Manager.initialize(Manager.java:710)
	at ptolemy.actor.Manager.execute(Manager.java:356)
	at ptolemy.actor.Manager.run(Manager.java:1263)
	at ptolemy.actor.Manager$PtolemyRunThread.run(Manager.java:1933)
java.lang.reflect.InvocationTargetException
	at java.base/jdk.internal.reflect.NativeConstructorAccessorImpl.newInstance0(Native Method)
	at java.base/jdk.internal.reflect.NativeConstructorAccessorImpl.newInstance(NativeConstructorAccessorImpl.java:62)
	at java.base/jdk.internal.reflect.DelegatingConstructorAccessorImpl.newInstance(DelegatingConstructorAccessorImpl.java:45)
	at java.base/java.lang.reflect.Constructor.newInstance(Constructor.java:490)
	at ptolemy.util.test.junit.AutoKnownFailedTests.RunModel(AutoKnownFailedTests.java:105)
	at java.base/jdk.internal.reflect.NativeMethodAccessorImpl.invoke0(Native Method)
	at java.base/jdk.internal.reflect.NativeMethodAccessorImpl.invoke(NativeMethodAccessorImpl.java:62)
	at java.base/jdk.internal.reflect.DelegatingMethodAccessorImpl.invoke(DelegatingMethodAccessorImpl.java:43)
	at java.base/java.lang.reflect.Method.invoke(Method.java:566)
	at org.junit.runners.model.FrameworkMethod$1.runReflectiveCall(FrameworkMethod.java:44)
	at org.junit.internal.runners.model.ReflectiveCallable.run(ReflectiveCallable.java:15)
	at org.junit.runners.model.FrameworkMethod.invokeExplosively(FrameworkMethod.java:41)
	at junitparams.internal.InvokeParameterisedMethod.evaluate(InvokeParameterisedMethod.java:102)
	at org.junit.internal.runners.statements.FailOnTimeout$1.run(FailOnTimeout.java:28)
Caused by: ptolemy.kernel.util.IllegalActionException: SubscriptionAggregatorPorts cannot be used at the top level, use a SubscriptionAggregator actor instead.
  in .PublisherSubscriptionAggregatorPort.SubscriptionAggregatorPort
	at ptolemy.actor.SubscriptionAggregatorPort.preinitialize(SubscriptionAggregatorPort.java:353)
	at ptolemy.actor.CompositeActor.preinitialize(CompositeActor.java:1769)
	at ptolemy.actor.Manager.preinitializeAndResolveTypes(Manager.java:1040)
	at ptolemy.actor.Manager.initialize(Manager.java:710)
	at ptolemy.actor.Manager.execute(Manager.java:356)
	at ptolemy.actor.Manager.run(Manager.java:1263)
	at ptolemy.actor.Manager$PtolemyRunThread.run(Manager.java:1933)
java.lang.RuntimeException: Execution failed
	at ptolemy.moml.MoMLSimpleApplication$UnloadThread.run(MoMLSimpleApplication.java:402)
Caused by: ptolemy.kernel.util.IllegalActionException: TypeTest actor has no training data.
  in .sizedarray3.TypeTest
	at ptolemy.actor.lib.TypeTest.initialize(TypeTest.java:250)
	at ptolemy.actor.Director.initialize(Director.java:938)
	at ptolemy.actor.Director.initialize(Director.java:907)
	at ptolemy.actor.sched.StaticSchedulingDirector.initialize(StaticSchedulingDirector.java:159)
	at ptolemy.domains.sdf.kernel.SDFDirector.initialize(SDFDirector.java:544)
	at ptolemy.actor.CompositeActor.initialize(CompositeActor.java:935)
	at ptolemy.actor.Manager.initialize(Manager.java:724)
	at ptolemy.actor.Manager.execute(Manager.java:356)
	at ptolemy.actor.Manager.run(Manager.java:1263)
	at ptolemy.actor.Manager$PtolemyRunThread.run(Manager.java:1933)
java.lang.reflect.InvocationTargetException
	at java.base/jdk.internal.reflect.NativeConstructorAccessorImpl.newInstance0(Native Method)
	at java.base/jdk.internal.reflect.NativeConstructorAccessorImpl.newInstance(NativeConstructorAccessorImpl.java:62)
	at java.base/jdk.internal.reflect.DelegatingConstructorAccessorImpl.newInstance(DelegatingConstructorAccessorImpl.java:45)
	at java.base/java.lang.reflect.Constructor.newInstance(Constructor.java:490)
	at ptolemy.util.test.junit.AutoKnownFailedTests.RunModel(AutoKnownFailedTests.java:105)
	at java.base/jdk.internal.reflect.NativeMethodAccessorImpl.invoke0(Native Method)
	at java.base/jdk.internal.reflect.NativeMethodAccessorImpl.invoke(NativeMethodAccessorImpl.java:62)
	at java.base/jdk.internal.reflect.DelegatingMethodAccessorImpl.invoke(DelegatingMethodAccessorImpl.java:43)
	at java.base/java.lang.reflect.Method.invoke(Method.java:566)
	at org.junit.runners.model.FrameworkMethod$1.runReflectiveCall(FrameworkMethod.java:44)
	at org.junit.internal.runners.model.ReflectiveCallable.run(ReflectiveCallable.java:15)
	at org.junit.runners.model.FrameworkMethod.invokeExplosively(FrameworkMethod.java:41)
	at junitparams.internal.InvokeParameterisedMethod.evaluate(InvokeParameterisedMethod.java:102)
	at org.junit.internal.runners.statements.FailOnTimeout$1.run(FailOnTimeout.java:28)
Caused by: ptolemy.kernel.util.IllegalActionException: TypeTest actor has no training data.
  in .sizedarray3.TypeTest
	at ptolemy.actor.lib.TypeTest.initialize(TypeTest.java:250)
	at ptolemy.actor.Director.initialize(Director.java:938)
	at ptolemy.actor.Director.initialize(Director.java:907)
	at ptolemy.actor.sched.StaticSchedulingDirector.initialize(StaticSchedulingDirector.java:159)
	at ptolemy.domains.sdf.kernel.SDFDirector.initialize(SDFDirector.java:544)
	at ptolemy.actor.CompositeActor.initialize(CompositeActor.java:935)
	at ptolemy.actor.Manager.initialize(Manager.java:724)
	at ptolemy.actor.Manager.execute(Manager.java:356)
	at ptolemy.actor.Manager.run(Manager.java:1263)
	at ptolemy.actor.Manager$PtolemyRunThread.run(Manager.java:1933)
]]></system-err>
</testsuite>
