<?xml version="1.0" encoding="UTF-8" ?>
<testsuite errors="0" failures="0" hostname="travis-job-33ff4411-095d-40f8-9ed8-3aa2d664b106" name="ptolemy.actor.lib.test.junit.JUnitTclTest" skipped="0" tests="517" time="63.046" timestamp="2020-06-02T14:39:40">
  <properties>
    <property name="npm.executable" value="npm" />
    <property name="env.TRAVIS_ROOT" value="/" />
    <property name="ptII.mk.exists" value="true" />
    <property name="env.TRAVIS_APP_HOST" value="build.travis-ci.org" />
    <property name="env.rvm_bin_path" value="/home/travis/.rvm/bin" />
    <property name="java.home" value="/usr/local/lib/jvm/openjdk11" />
    <property name="env.TRAVIS_JOB_NUMBER" value="1650.8" />
    <property name="env.TRAVIS_HOME" value="/home/travis" />
    <property name="env.DISPLAY" value=":99.0" />
    <property name="env.TRAVIS_INIT" value="systemd" />
    <property name="env.SSH_TTY" value="/dev/pts/0" />
    <property name="java.net.preferIPv4Stack" value="true" />
    <property name="env.RUN_TESTS" value="true" />
    <property name="timeout.short" value="1000000" />
    <property name="junit.formatter" value="xml" />
    <property name="env.TRAVIS_SUDO" value="true" />
    <property name="env.TRAVIS_JOB_NAME" value="" />
    <property name="env.TRAVIS_STACK_NODE_ATTRIBUTES" value="/.node-attributes.yml" />
    <property name="env.LOGNAME" value="travis" />
    <property name="env.PT_TRAVIS_TEST_CORE1_XML" value="true" />
    <property name="jsdoc.home" value="node_modules/@terraswarm/jsdoc" />
    <property name="debuglevel" value="source,lines,vars" />
    <property name="checkstyle.formatter" value="xml" />
    <property name="env._system_version" value="16.04" />
    <property name="bin.vergil.makeable" value="true" />
    <property name="sun.os.patch.level" value="unknown" />
    <property name="java.vendor.url" value="http://java.oracle.com/" />
    <property name="env.TRAVIS_BUILD_WEB_URL" value="https://travis-ci.org/icyphy/ptII/builds/693865885" />
    <property name="java.version" value="11.0.2" />
    <property name="env.TZ" value="UTC" />
    <property name="env.TRAVIS_PULL_REQUEST_SHA" value="" />
    <property name="env.PT_NO_NET" value="true" />
    <property name="env.TRAVIS_SECURE_ENV_VARS" value="true" />
    <property name="env._system_type" value="Linux" />
    <property name="java.vendor.url.bug" value="http://bugreport.java.com/bugreport/" />
    <property name="npmjs-org-is-up" value="true" />
    <property name="env.LANGUAGE" value="en_US.UTF-8" />
    <property name="env.SSH_CLIENT" value="10.44.2.81 48512 22" />
    <property name="env.GEM_HOME" value="/home/travis/.rvm/gems/ruby-2.5.3" />
    <property name="env.HAS_ANTARES_THREE_LITTLE_FRONZIES_BADGE" value="true" />
    <property name="java.version.date" value="2019-01-15" />
    <property name="env.PS4" value="+" />
    <property name="ant.project.invoked-targets" value="build,test.core1.xml" />
    <property name="env.TRAVIS_PULL_REQUEST_BRANCH" value="" />
    <property name="env.TRAVIS_REPO_SLUG" value="icyphy/ptII" />
    <property name="env.XDG_DATA_DIRS" value="/usr/local/share:/usr/share:/var/lib/snapd/desktop" />
    <property name="jdk.debug" value="release" />
    <property name="env.TRAVIS_APT_PROXY" value="http://build-cache.travisci.net" />
    <property name="env.TRAVIS_CPU_ARCH" value="amd64" />
    <property name="node.in.path" value="true" />
    <property name="user.name" value="travis" />
    <property name="java.maxmemory" value="1400m" />
    <property name="env.RUBY_VERSION" value="ruby-2.5.3" />
    <property name="env.LANG" value="en_US.UTF-8" />
    <property name="sun.io.unicode.encoding" value="UnicodeLittle" />
    <property name="sun.jnu.encoding" value="UTF-8" />
    <property name="java.runtime.name" value="OpenJDK Runtime Environment" />
    <property name="usefile" value="false" />
    <property name="return.code" value="0" />
    <property name="junit.single.formatter" value="plain" />
    <property name="env.DYLD_LIBRARY_PATH" value="/home/travis/pthla/certi-tools/lib:" />
    <property name="env.DEBIAN_FRONTEND" value="noninteractive" />
    <property name="env.SSH_CONNECTION" value="10.44.2.81 48512 10.20.0.88 22" />
    <property name="env.MYSQL_UNIX_PORT" value="/var/run/mysqld/mysqld.sock" />
    <property name="env.LC_ALL" value="en_US.UTF-8" />
    <property name="env.TRAVIS_ALLOW_FAILURE" value="" />
    <property name="env.TRAVIS_JOB_WEB_URL" value="https://travis-ci.org/icyphy/ptII/jobs/693865911" />
    <property name="java.specification.name" value="Java Platform API Specification" />
    <property name="node.works" value="true" />
    <property name="user.timezone" value="" />
    <property name="path.separator" value=":" />
    <property name="env.TRAVIS_ENABLE_INFRA_DETECTION" value="true" />
    <property name="env.PYTHON_CFLAGS" value="-g -fstack-protector --param=ssp-buffer-size=4 -Wformat -Werror=format-security" />
    <property name="timeout.long" value="4000000" />
    <property name="env.CERTI_HOME" value="/home/travis/pthla/certi-tools" />
    <property name="ant.file.ptII" value="/home/travis/build/icyphy/ptII/build.xml" />
    <property name="javadoc.packagenames" value="com.*,diva.*,lbnl.*,org.hlacerti.*,org.json.*,org.ptolemy.*,org.terraswarm.*,ptolemy.*,ptserver.*" />
    <property name="file.encoding" value="UTF-8" />
    <property name="env.TRAVIS_PULL_REQUEST_SLUG" value="" />
    <property name="ant.project.default-target" value="build" />
    <property name="env.GIT_ASKPASS" value="echo" />
    <property name="env.HOME" value="/home/travis" />
    <property name="sun.java.command" value="org.apache.tools.ant.taskdefs.optional.junit.JUnitTestRunner ptolemy.actor.lib.test.junit.JUnitTclTest skipNonTests=false filtertrace=true haltOnError=false haltOnFailure=false formatter=org.apache.tools.ant.taskdefs.optional.junit.OutErrSummaryJUnitResultFormatter showoutput=true outputtoformatters=true logfailedtests=true threadid=0 logtestlistenerevents=false formatter=org.apache.tools.ant.taskdefs.optional.junit.XMLJUnitResultFormatter,/home/travis/build/icyphy/ptII/reports/junit/TEST-ptolemy.actor.lib.test.junit.JUnitTclTest.xml crashfile=/home/travis/build/icyphy/ptII/junitvmwatcher15840012779883805117.properties propsfile=/home/travis/build/icyphy/ptII/junit15720762895282453273.properties" />
    <property name="env.COMPOSER_NO_INTERACTION" value="1" />
    <property name="env.MANPATH" value="/home/travis/.nvm/versions/node/v7.10.1/share/man:/home/travis/.rvm/rubies/ruby-2.5.3/share/man:/usr/local/cmake-3.12.4/man:/usr/local/clang-7.0.0/share/man:/usr/local/man:/usr/local/share/man:/usr/share/man:/home/travis/.rvm/man" />
    <property name="env.TRAVIS_TIMER_ID" value="0146eca0" />
    <property name="ant.file" value="/home/travis/build/icyphy/ptII/build.xml" />
    <property name="env.TRAVIS_COMMIT_RANGE" value="3e950cfe0f3c004454147d0a7dfedd7f8d8e77cc...52bfcaaec950ad6b43d11ffdb9cd3f924b0c1f76" />
    <property name="env._system_name" value="Ubuntu" />
    <property name="ptII.classpath.optional.property" value="/home/travis/build/icyphy/ptII/lib/bsh-2.0b4.jar:/home/travis/build/icyphy/ptII/lib/ptCal.jar:/home/travis/build/icyphy/ptII/lib/java_cup.jar:/home/travis/build/icyphy/ptII/lib/saxon8.jar:/home/travis/build/icyphy/ptII/lib/saxon8-dom.jar:/home/travis/build/icyphy/ptII/lib/chic.jar:/home/travis/build/icyphy/ptII/lib/ptcolt.jar:/home/travis/build/icyphy/ptII/vendors/misc/itext/iText.jar:/home/travis/build/icyphy/ptII/lib/g4ltl.jar:/home/travis/build/icyphy/ptII/lib/StructuralCoder.jar:/home/travis/build/icyphy/ptII/lib/jcerti.jar:/home/travis/build/icyphy/ptII/lib/javax.mail.jar:/home/travis/build/icyphy/ptII/vendors/JMF-2.1.1e/lib/jmf.jar:/home/travis/build/icyphy/ptII/lib/jna-4.0.0-variadic.jar:/home/travis/build/icyphy/ptII/vendors/misc/joystick/Joystick.jar:/home/travis/build/icyphy/ptII/lib/ptjacl.jar:/home/travis/build/icyphy/ptII/lib/jsoup-1.8.2.jar:/home/travis/build/icyphy/ptII/lib/junit-4.8.2.jar:/home/travis/build/icyphy/ptII/lib/JUnitParams-0.4.0.jar:/home/travis/build/icyphy/ptII/ptolemy/actor/lib/excel/jxl.jar:/home/travis/build/icyphy/ptII/lib/jython.jar:/home/travis/build/icyphy/ptII/lib/kieler.jar:/home/travis/build/icyphy/ptII/vendors/opencv/share/OpenCV/java/opencv-341.jar:/home/travis/build/icyphy/ptII/lib/oscP5.jar:/home/travis/build/icyphy/ptII/lib/nrjavaserial-3.11.0.devel.jar:/home/travis/build/icyphy/ptII/vendors/j3d/lib/Linux/j3dcore.jar:/home/travis/build/icyphy/ptII/vendors/j3d/lib/Linux/j3dutils.jar:/home/travis/build/icyphy/ptII/vendors/j3d/lib/Linux/vecmath.jar:/home/travis/build/icyphy/ptII/vendors/jogl/lib/Linux/gluegen-rt-natives-linux-amd64.jar:/home/travis/build/icyphy/ptII/vendors/jogl/lib/Linux/gluegen-rt.jar:/home/travis/build/icyphy/ptII/vendors/jogl/lib/Linux/jogl-all-natives-linux-amd64.jar:/home/travis/build/icyphy/ptII/vendors/jogl/lib/Linux/jogl-all.jar:/home/travis/build/icyphy/ptII/ptolemy/distributed/jini/jar/jini-core.jar:/home/travis/build/icyphy/ptII/ptolemy/distributed/jini/jar/jini-ext.jar:/home/travis/build/icyphy/ptII/ptolemy/distributed/jini/jar/sun-util.jar:/home/travis/build/icyphy/ptII/lib/protobuf-java-2.4.1.jar:/home/travis/build/icyphy/ptII/lib/org.eclipse.paho.client.mqttv3.jar:/home/travis/build/icyphy/ptII/lib/mapss.jar:/home/travis/build/icyphy/ptII/ptolemy/actor/ptalon/antlr/antlr.jar:/home/travis/build/icyphy/ptII/lib/JRI.jar:/home/travis/build/icyphy/ptII/lib/commons-lang-2.6.jar:/home/travis/build/icyphy/ptII/lib/commons-logging-1.1.1.jar:/home/travis/build/icyphy/ptII/lib/sootclasses.jar:/home/travis/build/icyphy/ptII/ptolemy/actor/lib/database/mysql-connector-java-5.1.6-bin.jar:/home/travis/build/icyphy/ptII/vendors/misc/sphinx4/sphinx4-data-5prealpha.jar:/home/travis/build/icyphy/ptII/vendors/misc/sphinx4/sphinx4-core-5prealpha.jar:/home/travis/build/icyphy/ptII/lib/PDFRenderer.jar:/home/travis/build/icyphy/ptII/lib/svgSalamander.jar:/home/travis/build/icyphy/ptII/lib/rsyntaxtextarea-2.6.0-SNAPSHOT.jar:/home/travis/build/icyphy/ptII/lib/hazelcast-3.8.2.jar:/home/travis/build/icyphy/ptII/lib/jackson-annotations-2.9.0.jar:/home/travis/build/icyphy/ptII/lib/jackson-core-2.9.3.jar:/home/travis/build/icyphy/ptII/lib/jackson-databind-2.9.3.jar:/home/travis/build/icyphy/ptII/lib/netty-buffer-4.1.19.Final.jar:/home/travis/build/icyphy/ptII/lib/netty-codec-4.1.19.Final.jar:/home/travis/build/icyphy/ptII/lib/netty-codec-dns-4.1.19.Final.jar:/home/travis/build/icyphy/ptII/lib/netty-codec-http-4.1.19.Final.jar:/home/travis/build/icyphy/ptII/lib/netty-codec-http2-4.1.19.Final.jar:/home/travis/build/icyphy/ptII/lib/netty-common-4.1.19.Final.jar:/home/travis/build/icyphy/ptII/lib/netty-handler-4.1.19.Final.jar:/home/travis/build/icyphy/ptII/lib/netty-resolver-4.1.19.Final.jar:/home/travis/build/icyphy/ptII/lib/netty-resolver-dns-4.1.19.Final.jar:/home/travis/build/icyphy/ptII/lib/netty-transport-4.1.19.Final.jar:/home/travis/build/icyphy/ptII/lib/vertx-codegen-3.5.1.jar:/home/travis/build/icyphy/ptII/lib/vertx-core-3.5.2-SNAPSHOT.jar:/home/travis/build/icyphy/ptII/lib/vertx-hazelcast-3.5.1.jar:/home/travis/build/icyphy/ptII/lib/vertx-lang-js-3.5.1.jar:/home/travis/build/icyphy/ptII/lib/vertx-service-proxy-3.5.1.jar:/home/travis/build/icyphy/ptII/lib/vertx-web-3.5.1.jar:/home/travis/build/icyphy/ptII/lib/slf4j-api-1.7.13.jar:/home/travis/build/icyphy/ptII/lib/slf4j-simple-1.7.13.jar:/home/travis/build/icyphy/ptII/lib/webcam-capture-0.3.12.jar:/home/travis/build/icyphy/ptII/lib/bridj-0.7.0.jar:/home/travis/build/icyphy/ptII/lib/xbjlib-1.1.0.nrjavaserial.jar" />
    <property name="timeout" value="2400000" />
    <property name="test.batch" value="**/junit/*.java" />
    <property name="env._" value="/usr/bin/timeout" />
    <property name="java.io.tmpdir" value="/tmp" />
    <property name="user.language" value="en" />
    <property name="env.TRAVIS_INTERNAL_RUBY_REGEX" value="^ruby-(2\.[0-4]\.[0-9]|1\.9\.3)" />
    <property name="env.HISTCONTROL" value="ignoredups:ignorespace" />
    <property name="env.GOROOT" value="/home/travis/.gimme/versions/go1.11.1.linux.amd64" />
    <property name="line.separator" value="&#xa;" />
    <property name="target" value="11" />
    <property name="env.TRAVIS_BUILD_DIR" value="/home/travis/build/icyphy/ptII" />
    <property name="env.ANT_OPTS" value="-Xmx2048m" />
    <property name="ant.file.type" value="file" />
    <property name="ptolemy.ptII.batchMode" value="true" />
    <property name="env.HISTSIZE" value="1000" />
    <property name="env.MERB_ENV" value="test" />
    <property name="java.vm.info" value="mixed mode" />
    <property name="source" value="11" />
    <property name="java.vm.specification.name" value="Java Virtual Machine Specification" />
    <property name="env.TRAVIS_TEST_RESULT" value="0" />
    <property name="jsdoc.command" value="node_modules/@terraswarm/jsdoc/jsdoc.js" />
    <property name="npm.works" value="true" />
    <property name="cobertura.dir" value="/home/travis/build/icyphy/ptII/vendors/cobertura-2.0.3" />
    <property name="jsdoc.command.exists" value="true" />
    <property name="env.rvm_path" value="/home/travis/.rvm" />
    <property name="env.GEM_PATH" value="/home/travis/.rvm/gems/ruby-2.5.3:/home/travis/.rvm/gems/ruby-2.5.3@global" />
    <property name="env.LC_CTYPE" value="en_US.UTF-8" />
    <property name="env.TRAVIS_CMD" value="$PTII/bin/ptIITravisBuild.sh $SECONDS" />
    <property name="java.awt.printerjob" value="sun.print.PSPrinterJob" />
    <property name="env.TRAVIS_STACK_NAME" value="sardonyx" />
    <property name="env.TRAVIS_TIMER_START_TIME" value="1591108119159034230" />
    <property name="ant.version" value="Apache Ant(TM) version 1.10.1 compiled on February 2 2017" />
    <property name="ptII.reports" value="/home/travis/build/icyphy/ptII/reports" />
    <property name="env.TRAVIS_STACK_TIMESTAMP" value="2019-03-25 16:16:56 UTC" />
    <property name="ant.file.type.ptII" value="file" />
    <property name="env.RBENV_SHELL" value="bash" />
    <property name="os.name" value="Linux" />
    <property name="java.specification.vendor" value="Oracle Corporation" />
    <property name="env.rvm_version" value="1.29.7 (latest)" />
    <property name="env.TRAVIS_INFRA" value="unknown" />
    <property name="env.TERM" value="xterm" />
    <property name="java.vm.name" value="OpenJDK 64-Bit Server VM" />
    <property name="env.TRAVIS_BUILD_NUMBER" value="1650" />
    <property name="env.CI" value="true" />
    <property name="java.library.path" value="/home/travis/pthla/certi-tools/lib:/usr/lib/jni:/usr/local/share/OpenCV/java/:/usr/share/OpenCV/java::/usr/java/packages/lib:/usr/lib64:/lib64:/lib:/usr/lib" />
    <property name="jdk.module.path" value="/home/travis/build/icyphy/ptII/vendors/javafx/javafx-sdk-11.0.2/lib:" />
    <property name="env.rvm_prefix" value="/home/travis" />
    <property name="env.PATH" value="/home/travis/pthla/certi-tools/share/scripts:/home/travis/.rvm/gems/ruby-2.5.3/bin:/home/travis/.rvm/gems/ruby-2.5.3@global/bin:/home/travis/.rvm/rubies/ruby-2.5.3/bin:/home/travis/.rvm/bin:/home/travis/.nvm/versions/node/v7.10.1/bin:./node_modules/.bin:/home/travis/build/icyphy/ptII/bin:/home/travis/pthla/certi-tools/bin:/home/travis/bin:/home/travis/.local/bin:/usr/local/lib/jvm/openjdk11/bin:/opt/pyenv/shims:/home/travis/.phpenv/shims:/home/travis/perl5/perlbrew/bin:/home/travis/gopath/bin:/home/travis/.gimme/versions/go1.11.1.linux.amd64/bin:/usr/local/maven-3.6.0/bin:/usr/local/cmake-3.12.4/bin:/usr/local/clang-7.0.0/bin:/usr/local/sbin:/usr/local/bin:/usr/sbin:/usr/bin:/sbin:/bin:/snap/bin:/home/travis/.phpenv/bin:/opt/pyenv/bin:/home/travis/.yarn/bin" />
    <property name="env.TRAVIS_OS_NAME" value="linux" />
    <property name="ant.java.version" value="9" />
    <property name="basedir" value="/home/travis/build/icyphy/ptII" />
    <property name="java.class.version" value="55.0" />
    <property name="env.SHLVL" value="3" />
    <property name="env.LD_LIBRARY_PATH" value="/home/travis/pthla/certi-tools/lib:/usr/lib/jni:/usr/local/share/OpenCV/java/:/usr/share/OpenCV/java:" />
    <property name="env.RACK_ENV" value="test" />
    <property name="ant.home" value="/home/travis/build/icyphy/ptII/ant" />
    <property name="env.NVM_DIR" value="/home/travis/.nvm" />
    <property name="env.CERTI_FOM_PATH" value="/home/travis/pthla/certi-tools/share/federations" />
    <property name="env.TRAVIS_BUILD_ID" value="693865885" />
    <property name="env.PYENV_ROOT" value="/opt/pyenv" />
    <property name="env.TRAVIS_UID" value="2000" />
    <property name="prism.verbose" value="true" />
    <property name="env.NVM_BIN" value="/home/travis/.nvm/versions/node/v7.10.1/bin" />
    <property name="env.TRAVIS_COMMIT" value="52bfcaaec950ad6b43d11ffdb9cd3f924b0c1f76" />
    <property name="env._system_arch" value="x86_64" />
    <property name="node.executable" value="node" />
    <property name="sun.boot.library.path" value="/usr/local/lib/jvm/openjdk11/lib" />
    <property name="sun.management.compiler" value="HotSpot 64-Bit Tiered Compilers" />
    <property name="java.awt.graphicsenv" value="sun.awt.X11GraphicsEnvironment" />
    <property name="env.GOPATH" value="/home/travis/gopath" />
    <property name="ptolemy.ptII.dir" value="/home/travis/build/icyphy/ptII" />
    <property name="env.USER" value="travis" />
    <property name="env.HISTFILESIZE" value="2000" />
    <property name="env.NVM_INC" value="/home/travis/.nvm/versions/node/v7.10.1/include/node" />
    <property name="timeout.longest" value="19000000" />
    <property name="env.PERLBREW_SHELLRC_VERSION" value="0.86" />
    <property name="env.TRAVIS_STACK_FEATURES" value="basic couchdb disabled-ipv6 docker docker-compose elasticsearch firefox go-toolchain google-chrome jdk memcached mongodb mysql nodejs_interpreter perl_interpreter perlbrew phantomjs postgresql python_interpreter redis ruby_interpreter sqlite xserver" />
    <property name="env.TRAVIS_PULL_REQUEST" value="false" />
    <property name="env.PYENV_SHELL" value="bash" />
    <property name="ant.project.name" value="ptII" />
    <property name="env.ANSI_RESET" value="\033[0m" />
    <property name="java.vm.specification.version" value="11" />
    <property name="env.TRAVIS_DIST" value="xenial" />
    <property name="env.CERTI_VERSION" value="4.0.0" />
    <property name="env.CERTI_HOST" value="localhost" />
    <property name="awt.toolkit" value="sun.awt.X11.XToolkit" />
    <property name="env.MY_RUBY_HOME" value="/home/travis/.rvm/rubies/ruby-2.5.3" />
    <property name="sun.cpu.isalist" value="" />
    <property name="env.TRAVIS_TMPDIR" value="/tmp/tmp.3UveAbkFB4" />
    <property name="java.vm.compressedOopsMode" value="Zero based" />
    <property name="os.version" value="4.15.0-1028-gcp" />
    <property name="user.home" value="/home/travis" />
    <property name="java.vm.vendor" value="Oracle Corporation" />
    <property name="env.TRAVIS_TAG" value="nightly" />
    <property name="env.ANSI_YELLOW" value="\033[33;1m" />
    <property name="env.TRAVIS_FILTERED" value="redirect_io" />
    <property name="env.ANSI_GREEN" value="\033[32;1m" />
    <property name="env.JAVA_HOME" value="/usr/local/lib/jvm/openjdk11" />
    <property name="javadoc.excludepackagenames" value="adm.cvs2svn.*,build.*,config.*,doc.coding.templates.*,jni.test.jni.meaningOfLife.*,jni.test.jni.testDeux.*,jni.test.jni.testTrois.*,org.terraswarm.accessor.accessors.web.node_modules.*,org.terraswarm.accessor.accessors.web.hosts.cordova.demo.*,org.terraswarm.accessor.accessors.web.hosts.cordova.plugins.*,org.terraswarm.accessor.accessors-svn.*,pt-modules.*,ptolemy.apps.agilent.*,ptolemy.apps.anytimecontrol.*,ptolemy.apps.apes.*,ptolemy.apps.charon.*,ptolemy.apps.crazyboard.*,ptolemy.apps.eclipse.*,ptolemy.apps.etherealSting.*,ptolemy.apps.fullscreen.*,ptolemy.apps.giotto.*,ptolemy.apps.ia.*,ptolemy.apps.interfaces.*,ptolemy.apps.jmf.*,ptolemy.apps.kurt.*,ptolemy.apps.kvm.*,ptolemy.apps.lego.*,ptolemy.apps.lejos.*,ptolemy.apps.midp.*,ptolemy.apps.mobileCoding.*,ptolemy.apps.pendulum.*,ptolemy.apps.rijndael.*,ptolemy.apps.robot.*,ptolemy.apps.security.*,ptolemy.apps.sobel.*,ptolemy.apps.soot.*,ptolemy.apps.throttle.*,ptolemy.apps.tini.*,ptolemy.apps.transmission.*,ptolemy.apps.vergil.*,ptolemy.apps.waba.*,ptolemy.apps.websensor.*,ptolemy.apps.webstart.*,ptolemy.apps.xsl.*,ptolemy.apps.zaurus.*,ptolemy.codegen.c.actor.lib.oldJavaFiles.*,ptolemy.codegen.dsp.lib.*,ptolemy.codegen.kernel.newInterfaces.*,ptolemy.codegen.lib.*,ptolemy.copernicus.kernel.fragment.*,ptolemy.copernicus.shallow.cg.*,ptolemy.domains.giotto.demo.Hierarchy.Hierarchy.*,ptolemy.domains.giotto.demo.Multimode.Multimode.*,ptolemy.domains.giotto.demo.Simple.Simple.*,ptolemy.domains.gr.lib.experimental.*,ptolemy.domains.gro.*,ptolemy.domains.pdf.*,ptolemy.domains.ptinyos.demo.Surge.output.*,ptolemy.moml.test.NoPackageActor.java*,ptolemy.plot.adm.*,ptolemy.plot.servlet.*,reports.*,signed.*,src.*,target.*,vendors.*,ptolemy.copernicus.applet.*,ptolemy.media.viewer.*,ptolemy.actor.corba.*,doc.doclets.*,ptolemy.apps.eclipse.awt.*,ptolemy.backtrack.*,ptolemy.backtrack.ast.*,ptolemy.cg.adapter.generic.program.procedural.c.mbed*,ptolemy.homer.*,ptolemy.actor.lib.jai.*,org.ptolemy.scala.*,diva.util.java2d.svg.*,ptolemy.domains.ptinyos.*,ptolemy.actor.lib.fmi.fmipp.*,,org.terraswarm.accessor.accessors.web.node_modules.*,org.terraswarm.accessor.accessors-svn,ptolemy.apps.*,ptolemy.actor.ptalon.demo.ptinyos.SendAndReceiveCnt.output,ptolemy.actor.ptalon.demo.ptinyos.SenseToLeds.output,ptolemy.domains.ptinyos.demo.CntToLedsAndRfm.output,ptolemy.domains.ptinyos.demo.RfmToLeds.output,ptolemy.domains.ptinyos.demo.SendAndReceiveCnt.output,ptolemy.domains.ptinyos.demo.SenseToLeds.output,ptolemy.actor.lib.jjs.modules.udpSocket.*" />
    <property name="env.PTII" value="/home/travis/build/icyphy/ptII" />
    <property name="env.XDG_SESSION_ID" value="2" />
    <property name="keystore" value="ptKeystore" />
    <property name="env.TRAVIS_COMMIT_MESSAGE" value="Updating models using array data type." />
    <property name="junit.output.dir" value="/home/travis/build/icyphy/ptII/reports/junit" />
    <property name="npm.return.code" value="0" />
    <property name="user.dir" value="/home/travis/build/icyphy/ptII/ptolemy/actor/lib/test" />
    <property name="env.TRAVIS_NODE_VERSION" value="7" />
    <property name="env.TRAVIS_EVENT_TYPE" value="cron" />
    <property name="env.MAIL" value="/var/mail/travis" />
    <property name="env.PERLBREW_ROOT" value="/home/travis/perl5/perlbrew" />
    <property name="env.PWD" value="/home/travis/build/icyphy/ptII" />
    <property name="timeout.npm" value="45000" />
    <property name="env.TRAVIS_ARCH" value="amd64" />
    <property name="sun.cpu.endian" value="little" />
    <property name="env.PAGER" value="cat" />
    <property name="env.TRAVIS_BUILD_STAGE_NAME" value="test" />
    <property name="env.PERLBREW_HOME" value="/home/travis/.perlbrew" />
    <property name="java.vm.version" value="11.0.2+9" />
    <property name="env.RAILS_ENV" value="test" />
    <property name="java.class.path" value="/home/travis/.ptolemyII:/home/travis/.ptolemyII/*:/home/travis/build/icyphy/ptII:/home/travis/build/icyphy/ptII/lib/bsh-2.0b4.jar:/home/travis/build/icyphy/ptII/lib/ptCal.jar:/home/travis/build/icyphy/ptII/lib/java_cup.jar:/home/travis/build/icyphy/ptII/lib/saxon8.jar:/home/travis/build/icyphy/ptII/lib/saxon8-dom.jar:/home/travis/build/icyphy/ptII/lib/chic.jar:/home/travis/build/icyphy/ptII/lib/ptcolt.jar:/home/travis/build/icyphy/ptII/vendors/misc/itext/iText.jar:/home/travis/build/icyphy/ptII/lib/g4ltl.jar:/home/travis/build/icyphy/ptII/lib/StructuralCoder.jar:/home/travis/build/icyphy/ptII/lib/jcerti.jar:/home/travis/build/icyphy/ptII/lib/javax.mail.jar:/home/travis/build/icyphy/ptII/vendors/JMF-2.1.1e/lib/jmf.jar:/home/travis/build/icyphy/ptII/lib/jna-4.0.0-variadic.jar:/home/travis/build/icyphy/ptII/vendors/misc/joystick/Joystick.jar:/home/travis/build/icyphy/ptII/lib/ptjacl.jar:/home/travis/build/icyphy/ptII/lib/jsoup-1.8.2.jar:/home/travis/build/icyphy/ptII/lib/junit-4.8.2.jar:/home/travis/build/icyphy/ptII/lib/JUnitParams-0.4.0.jar:/home/travis/build/icyphy/ptII/ptolemy/actor/lib/excel/jxl.jar:/home/travis/build/icyphy/ptII/lib/jython.jar:/home/travis/build/icyphy/ptII/lib/kieler.jar:/home/travis/build/icyphy/ptII/vendors/opencv/share/OpenCV/java/opencv-341.jar:/home/travis/build/icyphy/ptII/lib/oscP5.jar:/home/travis/build/icyphy/ptII/lib/nrjavaserial-3.11.0.devel.jar:/home/travis/build/icyphy/ptII/vendors/j3d/lib/Linux/j3dcore.jar:/home/travis/build/icyphy/ptII/vendors/j3d/lib/Linux/j3dutils.jar:/home/travis/build/icyphy/ptII/vendors/j3d/lib/Linux/vecmath.jar:/home/travis/build/icyphy/ptII/vendors/jogl/lib/Linux/gluegen-rt-natives-linux-amd64.jar:/home/travis/build/icyphy/ptII/vendors/jogl/lib/Linux/gluegen-rt.jar:/home/travis/build/icyphy/ptII/vendors/jogl/lib/Linux/jogl-all-natives-linux-amd64.jar:/home/travis/build/icyphy/ptII/vendors/jogl/lib/Linux/jogl-all.jar:/home/travis/build/icyphy/ptII/ptolemy/distributed/jini/jar/jini-core.jar:/home/travis/build/icyphy/ptII/ptolemy/distributed/jini/jar/jini-ext.jar:/home/travis/build/icyphy/ptII/ptolemy/distributed/jini/jar/sun-util.jar:/home/travis/build/icyphy/ptII/lib/protobuf-java-2.4.1.jar:/home/travis/build/icyphy/ptII/lib/org.eclipse.paho.client.mqttv3.jar:/home/travis/build/icyphy/ptII/lib/mapss.jar:/home/travis/build/icyphy/ptII/ptolemy/actor/ptalon/antlr/antlr.jar:/home/travis/build/icyphy/ptII/lib/JRI.jar:/home/travis/build/icyphy/ptII/lib/commons-lang-2.6.jar:/home/travis/build/icyphy/ptII/lib/commons-logging-1.1.1.jar:/home/travis/build/icyphy/ptII/lib/sootclasses.jar:/home/travis/build/icyphy/ptII/ptolemy/actor/lib/database/mysql-connector-java-5.1.6-bin.jar:/home/travis/build/icyphy/ptII/vendors/misc/sphinx4/sphinx4-data-5prealpha.jar:/home/travis/build/icyphy/ptII/vendors/misc/sphinx4/sphinx4-core-5prealpha.jar:/home/travis/build/icyphy/ptII/lib/PDFRenderer.jar:/home/travis/build/icyphy/ptII/lib/svgSalamander.jar:/home/travis/build/icyphy/ptII/lib/rsyntaxtextarea-2.6.0-SNAPSHOT.jar:/home/travis/build/icyphy/ptII/lib/hazelcast-3.8.2.jar:/home/travis/build/icyphy/ptII/lib/jackson-annotations-2.9.0.jar:/home/travis/build/icyphy/ptII/lib/jackson-core-2.9.3.jar:/home/travis/build/icyphy/ptII/lib/jackson-databind-2.9.3.jar:/home/travis/build/icyphy/ptII/lib/netty-buffer-4.1.19.Final.jar:/home/travis/build/icyphy/ptII/lib/netty-codec-4.1.19.Final.jar:/home/travis/build/icyphy/ptII/lib/netty-codec-dns-4.1.19.Final.jar:/home/travis/build/icyphy/ptII/lib/netty-codec-http-4.1.19.Final.jar:/home/travis/build/icyphy/ptII/lib/netty-codec-http2-4.1.19.Final.jar:/home/travis/build/icyphy/ptII/lib/netty-common-4.1.19.Final.jar:/home/travis/build/icyphy/ptII/lib/netty-handler-4.1.19.Final.jar:/home/travis/build/icyphy/ptII/lib/netty-resolver-4.1.19.Final.jar:/home/travis/build/icyphy/ptII/lib/netty-resolver-dns-4.1.19.Final.jar:/home/travis/build/icyphy/ptII/lib/netty-transport-4.1.19.Final.jar:/home/travis/build/icyphy/ptII/lib/vertx-codegen-3.5.1.jar:/home/travis/build/icyphy/ptII/lib/vertx-core-3.5.2-SNAPSHOT.jar:/home/travis/build/icyphy/ptII/lib/vertx-hazelcast-3.5.1.jar:/home/travis/build/icyphy/ptII/lib/vertx-lang-js-3.5.1.jar:/home/travis/build/icyphy/ptII/lib/vertx-service-proxy-3.5.1.jar:/home/travis/build/icyphy/ptII/lib/vertx-web-3.5.1.jar:/home/travis/build/icyphy/ptII/lib/slf4j-api-1.7.13.jar:/home/travis/build/icyphy/ptII/lib/slf4j-simple-1.7.13.jar:/home/travis/build/icyphy/ptII/lib/webcam-capture-0.3.12.jar:/home/travis/build/icyphy/ptII/lib/bridj-0.7.0.jar:/home/travis/build/icyphy/ptII/lib/xbjlib-1.1.0.nrjavaserial.jar:/home/travis/build/icyphy/ptII/ptolemy/moml/test:/home/travis/build/icyphy/ptII/ant/lib/ant-launcher.jar:/home/travis/build/icyphy/ptII/ant/lib/ant.jar:/home/travis/build/icyphy/ptII/ant/lib/ant-junit.jar:/home/travis/build/icyphy/ptII/ant/lib/ant-junit4.jar" />
    <property name="ant.library.dir" value="/home/travis/build/icyphy/ptII/ant/lib" />
    <property name="os.arch" value="amd64" />
    <property name="env.CONTINUOUS_INTEGRATION" value="true" />
    <property name="env.TRAVIS_LANGUAGE" value="node_js" />
    <property name="env.TRAVIS_STACK_LANGUAGES" value="__sardonyx__ c c++ clojure cplusplus cpp default generic go groovy java node_js php pure_java python ruby scala" />
    <property name="test.name" value="ptolemy.actor.lib.test.junit.JUnitTclTest" />
    <property name="env.APT_KEY_DONT_WARN_ON_DANGEROUS_USAGE" value="1" />
    <property name="sun.java.launcher" value="SUN_STANDARD" />
    <property name="env.PYTHON_CONFIGURE_OPTS" value="--enable-unicode=ucs4 --with-wide-unicode --enable-shared --enable-ipv6 --enable-loadable-sqlite-extensions --with-computed-gotos" />
    <property name="ant.core.lib" value="/home/travis/build/icyphy/ptII/ant/lib/ant.jar" />
    <property name="java.vm.specification.vendor" value="Oracle Corporation" />
    <property name="env.BCVTB_HOME" value="/home/travis/build/icyphy/ptII/lbnl" />
    <property name="file.separator" value="/" />
    <property name="spotbugs.home" value="/home/travis/build/icyphy/ptII/vendors/spotbugs-3.1.1" />
    <property name="java.runtime.version" value="11.0.2+9" />
    <property name="env.ANSI_CLEAR" value="\033[0K" />
    <property name="javafx.verbose" value="true" />
    <property name="env.HAS_JOSH_K_SEAL_OF_APPROVAL" value="true" />
    <property name="env.XDG_RUNTIME_DIR" value="/run/user/2000" />
    <property name="env.TRAVIS_OSX_IMAGE" value="" />
    <property name="env.TRAVIS_JOB_ID" value="693865911" />
    <property name="env.TRAVIS_BRANCH" value="master" />
    <property name="user.country" value="US" />
    <property name="env.CERTI_HOME_TRAVIS" value="/home/travis/pthla/certi-tools" />
    <property name="env.SHELL" value="/bin/bash" />
    <property name="java.maxmemory.large" value="3200m" />
    <property name="model" value="" />
    <property name="env.CASHER_DIR" value="/home/travis/.casher" />
    <property name="env.NVM_CD_FLAGS" value="" />
    <property name="java.vendor.version" value="18.9" />
    <property name="jshint.executable" value="/home/travis/node_modules/jshint/bin/jshint" />
    <property name="env.JRUBY_OPTS" value=" --client -J-XX:+TieredCompilation -J-XX:TieredStopAtLevel=1 -J-Xss2m -Xcompile.invokedynamic=false" />
    <property name="java.vendor" value="Oracle Corporation" />
    <property name="env.TRAVIS_PRE_CHEF_BOOTSTRAP_TIME" value="2019-03-25T16:16:42" />
    <property name="env.TRAVIS_STACK_JOB_BOARD_REGISTER" value="/.job-board-register.yml" />
    <property name="env.ANSI_RED" value="\033[31;1m" />
    <property name="java.specification.version" value="11" />
    <property name="env.IRBRC" value="/home/travis/.rvm/rubies/ruby-2.5.3/.irbrc" />
    <property name="env.TRAVIS" value="true" />
    <property name="sun.arch.data.model" value="64" />
  </properties>
  <testcase classname="ptolemy.util.test.junit.TclTests" name="[0] /home/travis/build/icyphy/ptII/ptolemy/actor/lib/test/AbsoluteValue.tcl (RunTclFile)" time="0.557" />
  <testcase classname="ptolemy.util.test.junit.TclTests" name="[1] /home/travis/build/icyphy/ptII/ptolemy/actor/lib/test/AddSubtract.tcl (RunTclFile)" time="0.212" />
  <testcase classname="ptolemy.util.test.junit.TclTests" name="[2] /home/travis/build/icyphy/ptII/ptolemy/actor/lib/test/Average.tcl (RunTclFile)" time="0.07" />
  <testcase classname="ptolemy.util.test.junit.TclTests" name="[3] /home/travis/build/icyphy/ptII/ptolemy/actor/lib/test/Bernoulli.tcl (RunTclFile)" time="0.048" />
  <testcase classname="ptolemy.util.test.junit.TclTests" name="[4] /home/travis/build/icyphy/ptII/ptolemy/actor/lib/test/Clock.tcl (RunTclFile)" time="0.115" />
  <testcase classname="ptolemy.util.test.junit.TclTests" name="[5] /home/travis/build/icyphy/ptII/ptolemy/actor/lib/test/Commutator.tcl (RunTclFile)" time="0.19" />
  <testcase classname="ptolemy.util.test.junit.TclTests" name="[6] /home/travis/build/icyphy/ptII/ptolemy/actor/lib/test/Const.tcl (RunTclFile)" time="0.147" />
  <testcase classname="ptolemy.util.test.junit.TclTests" name="[7] /home/travis/build/icyphy/ptII/ptolemy/actor/lib/test/CurrentTime.tcl (RunTclFile)" time="0.02" />
  <testcase classname="ptolemy.util.test.junit.TclTests" name="[8] /home/travis/build/icyphy/ptII/ptolemy/actor/lib/test/DB.tcl (RunTclFile)" time="0.04" />
  <testcase classname="ptolemy.util.test.junit.TclTests" name="[9] /home/travis/build/icyphy/ptII/ptolemy/actor/lib/test/DiscreteRandomSource.tcl (RunTclFile)" time="0.058" />
  <testcase classname="ptolemy.util.test.junit.TclTests" name="[10] /home/travis/build/icyphy/ptII/ptolemy/actor/lib/test/Distributor.tcl (RunTclFile)" time="0.081" />
  <testcase classname="ptolemy.util.test.junit.TclTests" name="[11] /home/travis/build/icyphy/ptII/ptolemy/actor/lib/test/Exit.tcl (RunTclFile)" time="0.093" />
  <testcase classname="ptolemy.util.test.junit.TclTests" name="[12] /home/travis/build/icyphy/ptII/ptolemy/actor/lib/test/Expression.tcl (RunTclFile)" time="0.099" />
  <testcase classname="ptolemy.util.test.junit.TclTests" name="[13] /home/travis/build/icyphy/ptII/ptolemy/actor/lib/test/Gaussian.tcl (RunTclFile)" time="0.233" />
  <testcase classname="ptolemy.util.test.junit.TclTests" name="[14] /home/travis/build/icyphy/ptII/ptolemy/actor/lib/test/IIR.tcl (RunTclFile)" time="0.022" />
  <testcase classname="ptolemy.util.test.junit.TclTests" name="[15] /home/travis/build/icyphy/ptII/ptolemy/actor/lib/test/Interpolator.tcl (RunTclFile)" time="0.055" />
  <testcase classname="ptolemy.util.test.junit.TclTests" name="[16] /home/travis/build/icyphy/ptII/ptolemy/actor/lib/test/MathFunction.tcl (RunTclFile)" time="0.044" />
  <testcase classname="ptolemy.util.test.junit.TclTests" name="[17] /home/travis/build/icyphy/ptII/ptolemy/actor/lib/test/Maximum.tcl (RunTclFile)" time="0.024" />
  <testcase classname="ptolemy.util.test.junit.TclTests" name="[18] /home/travis/build/icyphy/ptII/ptolemy/actor/lib/test/Minimum.tcl (RunTclFile)" time="0.021" />
  <testcase classname="ptolemy.util.test.junit.TclTests" name="[19] /home/travis/build/icyphy/ptII/ptolemy/actor/lib/test/MultiplyDivide.tcl (RunTclFile)" time="0.024" />
  <testcase classname="ptolemy.util.test.junit.TclTests" name="[20] /home/travis/build/icyphy/ptII/ptolemy/actor/lib/test/OrderedMerge.tcl (RunTclFile)" time="0.131" />
  <testcase classname="ptolemy.util.test.junit.TclTests" name="[21] /home/travis/build/icyphy/ptII/ptolemy/actor/lib/test/Publisher.tcl (RunTclFile)" time="0.82" />
  <testcase classname="ptolemy.util.test.junit.TclTests" name="[22] /home/travis/build/icyphy/ptII/ptolemy/actor/lib/test/Pulse.tcl (RunTclFile)" time="0.089" />
  <testcase classname="ptolemy.util.test.junit.TclTests" name="[23] /home/travis/build/icyphy/ptII/ptolemy/actor/lib/test/Ramp.tcl (RunTclFile)" time="2.369" />
  <testcase classname="ptolemy.util.test.junit.TclTests" name="[24] /home/travis/build/icyphy/ptII/ptolemy/actor/lib/test/RampContinuous.tcl (RunTclFile)" time="0.022" />
  <testcase classname="ptolemy.util.test.junit.TclTests" name="[25] /home/travis/build/icyphy/ptII/ptolemy/actor/lib/test/RecordAssembler.tcl (RunTclFile)" time="0.023" />
  <testcase classname="ptolemy.util.test.junit.TclTests" name="[26] /home/travis/build/icyphy/ptII/ptolemy/actor/lib/test/RecordDisassembler.tcl (RunTclFile)" time="0.039" />
  <testcase classname="ptolemy.util.test.junit.TclTests" name="[27] /home/travis/build/icyphy/ptII/ptolemy/actor/lib/test/Scale.tcl (RunTclFile)" time="0.051" />
  <testcase classname="ptolemy.util.test.junit.TclTests" name="[28] /home/travis/build/icyphy/ptII/ptolemy/actor/lib/test/SequentialClock.tcl (RunTclFile)" time="0.018" />
  <testcase classname="ptolemy.util.test.junit.TclTests" name="[29] /home/travis/build/icyphy/ptII/ptolemy/actor/lib/test/SetVariable.tcl (RunTclFile)" time="0.014" />
  <testcase classname="ptolemy.util.test.junit.TclTests" name="[30] /home/travis/build/icyphy/ptII/ptolemy/actor/lib/test/Sinewave.tcl (RunTclFile)" time="0.063" />
  <testcase classname="ptolemy.util.test.junit.TclTests" name="[31] /home/travis/build/icyphy/ptII/ptolemy/actor/lib/test/SubscriptionAggregator.tcl (RunTclFile)" time="2.155" />
  <testcase classname="ptolemy.util.test.junit.TclTests" name="[32] /home/travis/build/icyphy/ptII/ptolemy/actor/lib/test/Test.tcl (RunTclFile)" time="0.123" />
  <testcase classname="ptolemy.util.test.junit.TclTests" name="[33] /home/travis/build/icyphy/ptII/ptolemy/actor/lib/test/TestExceptionHandler.tcl (RunTclFile)" time="0.015" />
  <testcase classname="ptolemy.util.test.junit.TclTests" name="[34] /home/travis/build/icyphy/ptII/ptolemy/actor/lib/test/UnionDisassembler.tcl (RunTclFile)" time="0.068" />
  <testcase classname="ptolemy.util.test.junit.TclTests" name="[35] /home/travis/build/icyphy/ptII/ptolemy/actor/lib/test/VariableClock.tcl (RunTclFile)" time="0.023" />
  <testcase classname="ptolemy.util.test.junit.AutoKnownFailedTests" name="[0] /home/travis/build/icyphy/ptII/ptolemy/actor/lib/test/auto/knownFailedTests/PublisherPortToplevelSubscriber.xml (RunModel)" time="0.03" />
  <testcase classname="ptolemy.util.test.junit.AutoKnownFailedTests" name="[1] /home/travis/build/icyphy/ptII/ptolemy/actor/lib/test/auto/knownFailedTests/PublisherSubscriberPortToplevel.xml (RunModel)" time="0.018" />
  <testcase classname="ptolemy.util.test.junit.AutoKnownFailedTests" name="[2] /home/travis/build/icyphy/ptII/ptolemy/actor/lib/test/auto/knownFailedTests/PublisherSubscriptionAggregatorPort.xml (RunModel)" time="0.019" />
  <testcase classname="ptolemy.util.test.junit.AutoKnownFailedTests" name="[3] /home/travis/build/icyphy/ptII/ptolemy/actor/lib/test/auto/knownFailedTests/sizedarray3.xml (RunModel)" time="0.02" />
  <testcase classname="ptolemy.util.test.junit.AutoNameArchTests" name="[0] ThereAreNoAutoArchTests (RunModel)" time="0.003" />
  <testcase classname="ptolemy.util.test.junit.AutoTests" name="[0] /home/travis/build/icyphy/ptII/ptolemy/actor/lib/test/auto/AbsoluteValue.xml (RunModel)" time="0.1" />
  <testcase classname="ptolemy.util.test.junit.AutoTests" name="[1] /home/travis/build/icyphy/ptII/ptolemy/actor/lib/test/auto/AbsoluteValue2.xml (RunModel)" time="0.075" />
  <testcase classname="ptolemy.util.test.junit.AutoTests" name="[2] /home/travis/build/icyphy/ptII/ptolemy/actor/lib/test/auto/Accumulator.xml (RunModel)" time="0.045" />
  <testcase classname="ptolemy.util.test.junit.AutoTests" name="[3] /home/travis/build/icyphy/ptII/ptolemy/actor/lib/test/auto/Accumulator2.xml (RunModel)" time="0.051" />
  <testcase classname="ptolemy.util.test.junit.AutoTests" name="[4] /home/travis/build/icyphy/ptII/ptolemy/actor/lib/test/auto/Accumulator3.xml (RunModel)" time="0.029" />
  <testcase classname="ptolemy.util.test.junit.AutoTests" name="[5] /home/travis/build/icyphy/ptII/ptolemy/actor/lib/test/auto/ArrayAppend.xml (RunModel)" time="0.072" />
  <testcase classname="ptolemy.util.test.junit.AutoTests" name="[6] /home/travis/build/icyphy/ptII/ptolemy/actor/lib/test/auto/ArrayAppend2.xml (RunModel)" time="0.423" />
  <testcase classname="ptolemy.util.test.junit.AutoTests" name="[7] /home/travis/build/icyphy/ptII/ptolemy/actor/lib/test/auto/ArrayAppend3.xml (RunModel)" time="0.048" />
  <testcase classname="ptolemy.util.test.junit.AutoTests" name="[8] /home/travis/build/icyphy/ptII/ptolemy/actor/lib/test/auto/ArrayAppend4.xml (RunModel)" time="0.017" />
  <testcase classname="ptolemy.util.test.junit.AutoTests" name="[9] /home/travis/build/icyphy/ptII/ptolemy/actor/lib/test/auto/ArrayAppend5.xml (RunModel)" time="0.015" />
  <testcase classname="ptolemy.util.test.junit.AutoTests" name="[10] /home/travis/build/icyphy/ptII/ptolemy/actor/lib/test/auto/ArrayAppend6.xml (RunModel)" time="0.072" />
  <testcase classname="ptolemy.util.test.junit.AutoTests" name="[11] /home/travis/build/icyphy/ptII/ptolemy/actor/lib/test/auto/ArrayAppendPerformanceTest.xml (RunModel)" time="0.062" />
  <testcase classname="ptolemy.util.test.junit.AutoTests" name="[12] /home/travis/build/icyphy/ptII/ptolemy/actor/lib/test/auto/ArrayAppendWithEmptyInput.xml (RunModel)" time="0.05" />
  <testcase classname="ptolemy.util.test.junit.AutoTests" name="[13] /home/travis/build/icyphy/ptII/ptolemy/actor/lib/test/auto/ArrayAverage.xml (RunModel)" time="0.063" />
  <testcase classname="ptolemy.util.test.junit.AutoTests" name="[14] /home/travis/build/icyphy/ptII/ptolemy/actor/lib/test/auto/ArrayContains.xml (RunModel)" time="0.033" />
  <testcase classname="ptolemy.util.test.junit.AutoTests" name="[15] /home/travis/build/icyphy/ptII/ptolemy/actor/lib/test/auto/ArrayElement.xml (RunModel)" time="0.031" />
  <testcase classname="ptolemy.util.test.junit.AutoTests" name="[16] /home/travis/build/icyphy/ptII/ptolemy/actor/lib/test/auto/ArrayElementAsMatrix.xml (RunModel)" time="0.068" />
  <testcase classname="ptolemy.util.test.junit.AutoTests" name="[17] /home/travis/build/icyphy/ptII/ptolemy/actor/lib/test/auto/ArrayElementI.xml (RunModel)" time="0.022" />
  <testcase classname="ptolemy.util.test.junit.AutoTests" name="[18] /home/travis/build/icyphy/ptII/ptolemy/actor/lib/test/auto/ArrayExtract.xml (RunModel)" time="0.05" />
  <testcase classname="ptolemy.util.test.junit.AutoTests" name="[19] /home/travis/build/icyphy/ptII/ptolemy/actor/lib/test/auto/ArrayExtract2.xml (RunModel)" time="0.019" />
  <testcase classname="ptolemy.util.test.junit.AutoTests" name="[20] /home/travis/build/icyphy/ptII/ptolemy/actor/lib/test/auto/ArrayLength.xml (RunModel)" time="0.013" />
  <testcase classname="ptolemy.util.test.junit.AutoTests" name="[21] /home/travis/build/icyphy/ptII/ptolemy/actor/lib/test/auto/ArrayLevelCrossing.xml (RunModel)" time="0.034" />
  <testcase classname="ptolemy.util.test.junit.AutoTests" name="[22] /home/travis/build/icyphy/ptII/ptolemy/actor/lib/test/auto/ArrayLevelCrossing2.xml (RunModel)" time="0.029" />
  <testcase classname="ptolemy.util.test.junit.AutoTests" name="[23] /home/travis/build/icyphy/ptII/ptolemy/actor/lib/test/auto/ArrayPeakSearch.xml (RunModel)" time="0.033" />
  <testcase classname="ptolemy.util.test.junit.AutoTests" name="[24] /home/travis/build/icyphy/ptII/ptolemy/actor/lib/test/auto/ArrayPeakSearch2.xml (RunModel)" time="0.041" />
  <testcase classname="ptolemy.util.test.junit.AutoTests" name="[25] /home/travis/build/icyphy/ptII/ptolemy/actor/lib/test/auto/ArrayPeakSearch3.xml (RunModel)" time="0.029" />
  <testcase classname="ptolemy.util.test.junit.AutoTests" name="[26] /home/travis/build/icyphy/ptII/ptolemy/actor/lib/test/auto/ArrayRemoveElement.xml (RunModel)" time="0.031" />
  <testcase classname="ptolemy.util.test.junit.AutoTests" name="[27] /home/travis/build/icyphy/ptII/ptolemy/actor/lib/test/auto/ArraySort.xml (RunModel)" time="0.034" />
  <testcase classname="ptolemy.util.test.junit.AutoTests" name="[28] /home/travis/build/icyphy/ptII/ptolemy/actor/lib/test/auto/ArraySum.xml (RunModel)" time="0.017" />
  <testcase classname="ptolemy.util.test.junit.AutoTests" name="[29] /home/travis/build/icyphy/ptII/ptolemy/actor/lib/test/auto/ArrayToElements.xml (RunModel)" time="0.019" />
  <testcase classname="ptolemy.util.test.junit.AutoTests" name="[30] /home/travis/build/icyphy/ptII/ptolemy/actor/lib/test/auto/ArrayToMatrix.xml (RunModel)" time="0.051" />
  <testcase classname="ptolemy.util.test.junit.AutoTests" name="[31] /home/travis/build/icyphy/ptII/ptolemy/actor/lib/test/auto/ArrayUpdate1.xml (RunModel)" time="0.013" />
  <testcase classname="ptolemy.util.test.junit.AutoTests" name="[32] /home/travis/build/icyphy/ptII/ptolemy/actor/lib/test/auto/ArrayUpdate2.xml (RunModel)" time="0.017" />
  <testcase classname="ptolemy.util.test.junit.AutoTests" name="[33] /home/travis/build/icyphy/ptII/ptolemy/actor/lib/test/auto/ArrayUpdate3.xml (RunModel)" time="0.022" />
  <testcase classname="ptolemy.util.test.junit.AutoTests" name="[34] /home/travis/build/icyphy/ptII/ptolemy/actor/lib/test/auto/Assert1.xml (RunModel)" time="0.021" />
  <testcase classname="ptolemy.util.test.junit.AutoTests" name="[35] /home/travis/build/icyphy/ptII/ptolemy/actor/lib/test/auto/Assert2.xml (RunModel)" time="0.013" />
  <testcase classname="ptolemy.util.test.junit.AutoTests" name="[36] /home/travis/build/icyphy/ptII/ptolemy/actor/lib/test/auto/BooleanMultiplexor.xml (RunModel)" time="0.016" />
  <testcase classname="ptolemy.util.test.junit.AutoTests" name="[37] /home/travis/build/icyphy/ptII/ptolemy/actor/lib/test/auto/BooleanMultiplexor2.xml (RunModel)" time="0.024" />
  <testcase classname="ptolemy.util.test.junit.AutoTests" name="[38] /home/travis/build/icyphy/ptII/ptolemy/actor/lib/test/auto/BooleanMultiplexor3.xml (RunModel)" time="0.026" />
  <testcase classname="ptolemy.util.test.junit.AutoTests" name="[39] /home/travis/build/icyphy/ptII/ptolemy/actor/lib/test/auto/BooleanSelect.xml (RunModel)" time="0.024" />
  <testcase classname="ptolemy.util.test.junit.AutoTests" name="[40] /home/travis/build/icyphy/ptII/ptolemy/actor/lib/test/auto/BooleanSelect2.xml (RunModel)" time="0.018" />
  <testcase classname="ptolemy.util.test.junit.AutoTests" name="[41] /home/travis/build/icyphy/ptII/ptolemy/actor/lib/test/auto/BooleanSwitch.xml (RunModel)" time="0.026" />
  <testcase classname="ptolemy.util.test.junit.AutoTests" name="[42] /home/travis/build/icyphy/ptII/ptolemy/actor/lib/test/auto/BooleanSwitch2.xml (RunModel)" time="0.026" />
  <testcase classname="ptolemy.util.test.junit.AutoTests" name="[43] /home/travis/build/icyphy/ptII/ptolemy/actor/lib/test/auto/BooleanSwitchCloningBugWithClassRelationGroup.xml (RunModel)" time="0.038" />
  <testcase classname="ptolemy.util.test.junit.AutoTests" name="[44] /home/travis/build/icyphy/ptII/ptolemy/actor/lib/test/auto/BusActors.xml (RunModel)" time="0.04" />
  <testcase classname="ptolemy.util.test.junit.AutoTests" name="[45] /home/travis/build/icyphy/ptII/ptolemy/actor/lib/test/auto/ClassWrapper.xml (RunModel)" time="0.013" />
  <testcase classname="ptolemy.util.test.junit.AutoTests" name="[46] /home/travis/build/icyphy/ptII/ptolemy/actor/lib/test/auto/Clock.xml (RunModel)" time="0.008" />
  <testcase classname="ptolemy.util.test.junit.AutoTests" name="[47] /home/travis/build/icyphy/ptII/ptolemy/actor/lib/test/auto/Clock10.xml (RunModel)" time="0.014" />
  <testcase classname="ptolemy.util.test.junit.AutoTests" name="[48] /home/travis/build/icyphy/ptII/ptolemy/actor/lib/test/auto/Clock11.xml (RunModel)" time="0.016" />
  <testcase classname="ptolemy.util.test.junit.AutoTests" name="[49] /home/travis/build/icyphy/ptII/ptolemy/actor/lib/test/auto/Clock12.xml (RunModel)" time="0.02" />
  <testcase classname="ptolemy.util.test.junit.AutoTests" name="[50] /home/travis/build/icyphy/ptII/ptolemy/actor/lib/test/auto/Clock13.xml (RunModel)" time="0.023" />
  <testcase classname="ptolemy.util.test.junit.AutoTests" name="[51] /home/travis/build/icyphy/ptII/ptolemy/actor/lib/test/auto/Clock14.xml (RunModel)" time="0.019" />
  <testcase classname="ptolemy.util.test.junit.AutoTests" name="[52] /home/travis/build/icyphy/ptII/ptolemy/actor/lib/test/auto/Clock15.xml (RunModel)" time="0.017" />
  <testcase classname="ptolemy.util.test.junit.AutoTests" name="[53] /home/travis/build/icyphy/ptII/ptolemy/actor/lib/test/auto/Clock16.xml (RunModel)" time="0.137" />
  <testcase classname="ptolemy.util.test.junit.AutoTests" name="[54] /home/travis/build/icyphy/ptII/ptolemy/actor/lib/test/auto/Clock17.xml (RunModel)" time="0.058" />
  <testcase classname="ptolemy.util.test.junit.AutoTests" name="[55] /home/travis/build/icyphy/ptII/ptolemy/actor/lib/test/auto/Clock18.xml (RunModel)" time="0.063" />
  <testcase classname="ptolemy.util.test.junit.AutoTests" name="[56] /home/travis/build/icyphy/ptII/ptolemy/actor/lib/test/auto/Clock19.xml (RunModel)" time="0.046" />
  <testcase classname="ptolemy.util.test.junit.AutoTests" name="[57] /home/travis/build/icyphy/ptII/ptolemy/actor/lib/test/auto/Clock2.xml (RunModel)" time="0.015" />
  <testcase classname="ptolemy.util.test.junit.AutoTests" name="[58] /home/travis/build/icyphy/ptII/ptolemy/actor/lib/test/auto/Clock20.xml (RunModel)" time="0.022" />
  <testcase classname="ptolemy.util.test.junit.AutoTests" name="[59] /home/travis/build/icyphy/ptII/ptolemy/actor/lib/test/auto/Clock21.xml (RunModel)" time="0.018" />
  <testcase classname="ptolemy.util.test.junit.AutoTests" name="[60] /home/travis/build/icyphy/ptII/ptolemy/actor/lib/test/auto/Clock22.xml (RunModel)" time="0.014" />
  <testcase classname="ptolemy.util.test.junit.AutoTests" name="[61] /home/travis/build/icyphy/ptII/ptolemy/actor/lib/test/auto/Clock23.xml (RunModel)" time="0.018" />
  <testcase classname="ptolemy.util.test.junit.AutoTests" name="[62] /home/travis/build/icyphy/ptII/ptolemy/actor/lib/test/auto/Clock24.xml (RunModel)" time="0.015" />
  <testcase classname="ptolemy.util.test.junit.AutoTests" name="[63] /home/travis/build/icyphy/ptII/ptolemy/actor/lib/test/auto/Clock4.xml (RunModel)" time="0.012" />
  <testcase classname="ptolemy.util.test.junit.AutoTests" name="[64] /home/travis/build/icyphy/ptII/ptolemy/actor/lib/test/auto/Clock5.xml (RunModel)" time="0.016" />
  <testcase classname="ptolemy.util.test.junit.AutoTests" name="[65] /home/travis/build/icyphy/ptII/ptolemy/actor/lib/test/auto/Clock6.xml (RunModel)" time="0.01" />
  <testcase classname="ptolemy.util.test.junit.AutoTests" name="[66] /home/travis/build/icyphy/ptII/ptolemy/actor/lib/test/auto/Clock7.xml (RunModel)" time="0.01" />
  <testcase classname="ptolemy.util.test.junit.AutoTests" name="[67] /home/travis/build/icyphy/ptII/ptolemy/actor/lib/test/auto/Clock8.xml (RunModel)" time="0.015" />
  <testcase classname="ptolemy.util.test.junit.AutoTests" name="[68] /home/travis/build/icyphy/ptII/ptolemy/actor/lib/test/auto/Clock9.xml (RunModel)" time="0.018" />
  <testcase classname="ptolemy.util.test.junit.AutoTests" name="[69] /home/travis/build/icyphy/ptII/ptolemy/actor/lib/test/auto/CommDistDiscard.xml (RunModel)" time="0.027" />
  <testcase classname="ptolemy.util.test.junit.AutoTests" name="[70] /home/travis/build/icyphy/ptII/ptolemy/actor/lib/test/auto/Commutator.xml (RunModel)" time="0.019" />
  <testcase classname="ptolemy.util.test.junit.AutoTests" name="[71] /home/travis/build/icyphy/ptII/ptolemy/actor/lib/test/auto/Commutator2.xml (RunModel)" time="0.011" />
  <testcase classname="ptolemy.util.test.junit.AutoTests" name="[72] /home/travis/build/icyphy/ptII/ptolemy/actor/lib/test/auto/Commutator3.xml (RunModel)" time="0.014" />
  <testcase classname="ptolemy.util.test.junit.AutoTests" name="[73] /home/travis/build/icyphy/ptII/ptolemy/actor/lib/test/auto/Compare.xml (RunModel)" time="0.022" />
  <testcase classname="ptolemy.util.test.junit.AutoTests" name="[74] /home/travis/build/icyphy/ptII/ptolemy/actor/lib/test/auto/CompareDE.xml (RunModel)" time="0.019" />
  <testcase classname="ptolemy.util.test.junit.AutoTests" name="[75] /home/travis/build/icyphy/ptII/ptolemy/actor/lib/test/auto/ComplexDivide.xml (RunModel)" time="0.01" />
  <testcase classname="ptolemy.util.test.junit.AutoTests" name="[76] /home/travis/build/icyphy/ptII/ptolemy/actor/lib/test/auto/ComputeHistogram.xml (RunModel)" time="0.069" />
  <testcase classname="ptolemy.util.test.junit.AutoTests" name="[77] /home/travis/build/icyphy/ptII/ptolemy/actor/lib/test/auto/ConfigurationSelect.xml (RunModel)" time="0.024" />
  <testcase classname="ptolemy.util.test.junit.AutoTests" name="[78] /home/travis/build/icyphy/ptII/ptolemy/actor/lib/test/auto/ConfigurationSelect2.xml (RunModel)" time="0.018" />
  <testcase classname="ptolemy.util.test.junit.AutoTests" name="[79] /home/travis/build/icyphy/ptII/ptolemy/actor/lib/test/auto/ConfigurationSwitch.xml (RunModel)" time="0.035" />
  <testcase classname="ptolemy.util.test.junit.AutoTests" name="[80] /home/travis/build/icyphy/ptII/ptolemy/actor/lib/test/auto/ConfigurationSwitch2.xml (RunModel)" time="0.023" />
  <testcase classname="ptolemy.util.test.junit.AutoTests" name="[81] /home/travis/build/icyphy/ptII/ptolemy/actor/lib/test/auto/ConfigurationSwitchCloningBugWithClassRelationGroup.xml (RunModel)" time="0.024" />
  <testcase classname="ptolemy.util.test.junit.AutoTests" name="[82] /home/travis/build/icyphy/ptII/ptolemy/actor/lib/test/auto/ConfigurationSwitchSelectSDF.xml (RunModel)" time="0.019" />
  <testcase classname="ptolemy.util.test.junit.AutoTests" name="[83] /home/travis/build/icyphy/ptII/ptolemy/actor/lib/test/auto/ConfigurationSwitchSelectSDF2.xml (RunModel)" time="0.016" />
  <testcase classname="ptolemy.util.test.junit.AutoTests" name="[84] /home/travis/build/icyphy/ptII/ptolemy/actor/lib/test/auto/Const.xml (RunModel)" time="0.007" />
  <testcase classname="ptolemy.util.test.junit.AutoTests" name="[85] /home/travis/build/icyphy/ptII/ptolemy/actor/lib/test/auto/Const2.xml (RunModel)" time="0.013" />
  <testcase classname="ptolemy.util.test.junit.AutoTests" name="[86] /home/travis/build/icyphy/ptII/ptolemy/actor/lib/test/auto/Const3.xml (RunModel)" time="0.009" />
  <testcase classname="ptolemy.util.test.junit.AutoTests" name="[87] /home/travis/build/icyphy/ptII/ptolemy/actor/lib/test/auto/ConstantPublisherPort1.xml (RunModel)" time="0.021" />
  <testcase classname="ptolemy.util.test.junit.AutoTests" name="[88] /home/travis/build/icyphy/ptII/ptolemy/actor/lib/test/auto/ConstantPublisherPort2.xml (RunModel)" time="0.03" />
  <testcase classname="ptolemy.util.test.junit.AutoTests" name="[89] /home/travis/build/icyphy/ptII/ptolemy/actor/lib/test/auto/ConstantPublisherPort3.xml (RunModel)" time="0.022" />
  <testcase classname="ptolemy.util.test.junit.AutoTests" name="[90] /home/travis/build/icyphy/ptII/ptolemy/actor/lib/test/auto/ConstantPublisherPort4.xml (RunModel)" time="0.017" />
  <testcase classname="ptolemy.util.test.junit.AutoTests" name="[91] /home/travis/build/icyphy/ptII/ptolemy/actor/lib/test/auto/ConstantPublisherPort5.xml (RunModel)" time="0.055" />
  <testcase classname="ptolemy.util.test.junit.AutoTests" name="[92] /home/travis/build/icyphy/ptII/ptolemy/actor/lib/test/auto/ConstantPublisherPort6.xml (RunModel)" time="0.025" />
  <testcase classname="ptolemy.util.test.junit.AutoTests" name="[93] /home/travis/build/icyphy/ptII/ptolemy/actor/lib/test/auto/ConstantPublisherPort7.xml (RunModel)" time="0.032" />
  <testcase classname="ptolemy.util.test.junit.AutoTests" name="[94] /home/travis/build/icyphy/ptII/ptolemy/actor/lib/test/auto/ConstraintMonitor1.xml (RunModel)" time="0.041" />
  <testcase classname="ptolemy.util.test.junit.AutoTests" name="[95] /home/travis/build/icyphy/ptII/ptolemy/actor/lib/test/auto/ConstraintMonitor2.xml (RunModel)" time="0.015" />
  <testcase classname="ptolemy.util.test.junit.AutoTests" name="[96] /home/travis/build/icyphy/ptII/ptolemy/actor/lib/test/auto/ConstraintMonitor3.xml (RunModel)" time="0.018" />
  <testcase classname="ptolemy.util.test.junit.AutoTests" name="[97] /home/travis/build/icyphy/ptII/ptolemy/actor/lib/test/auto/ConstraintMonitor4.xml (RunModel)" time="0.013" />
  <testcase classname="ptolemy.util.test.junit.AutoTests" name="[98] /home/travis/build/icyphy/ptII/ptolemy/actor/lib/test/auto/ConstraintMonitor5.xml (RunModel)" time="0.011" />
  <testcase classname="ptolemy.util.test.junit.AutoTests" name="[99] /home/travis/build/icyphy/ptII/ptolemy/actor/lib/test/auto/ConstraintMonitor6.xml (RunModel)" time="0.016" />
  <testcase classname="ptolemy.util.test.junit.AutoTests" name="[100] /home/travis/build/icyphy/ptII/ptolemy/actor/lib/test/auto/ConstraintMonitor7.xml (RunModel)" time="0.02" />
  <testcase classname="ptolemy.util.test.junit.AutoTests" name="[101] /home/travis/build/icyphy/ptII/ptolemy/actor/lib/test/auto/ConstraintMonitor8.xml (RunModel)" time="0.021" />
  <testcase classname="ptolemy.util.test.junit.AutoTests" name="[102] /home/travis/build/icyphy/ptII/ptolemy/actor/lib/test/auto/Counter.xml (RunModel)" time="0.013" />
  <testcase classname="ptolemy.util.test.junit.AutoTests" name="[103] /home/travis/build/icyphy/ptII/ptolemy/actor/lib/test/auto/CurrentTimeSDF.xml (RunModel)" time="0.015" />
  <testcase classname="ptolemy.util.test.junit.AutoTests" name="[104] /home/travis/build/icyphy/ptII/ptolemy/actor/lib/test/auto/DB.xml (RunModel)" time="0.018" />
  <testcase classname="ptolemy.util.test.junit.AutoTests" name="[105] /home/travis/build/icyphy/ptII/ptolemy/actor/lib/test/auto/DBDE.xml (RunModel)" time="0.019" />
  <testcase classname="ptolemy.util.test.junit.AutoTests" name="[106] /home/travis/build/icyphy/ptII/ptolemy/actor/lib/test/auto/DateConstructor.xml (RunModel)" time="0.077" />
  <testcase classname="ptolemy.util.test.junit.AutoTests" name="[107] /home/travis/build/icyphy/ptII/ptolemy/actor/lib/test/auto/DelayTime.xml (RunModel)" time="0.019" />
  <testcase classname="ptolemy.util.test.junit.AutoTests" name="[108] /home/travis/build/icyphy/ptII/ptolemy/actor/lib/test/auto/Dictionary1.xml (RunModel)" time="0.02" />
  <testcase classname="ptolemy.util.test.junit.AutoTests" name="[109] /home/travis/build/icyphy/ptII/ptolemy/actor/lib/test/auto/Dictionary2.xml (RunModel)" time="0.02" />
  <testcase classname="ptolemy.util.test.junit.AutoTests" name="[110] /home/travis/build/icyphy/ptII/ptolemy/actor/lib/test/auto/Dictionary3.xml (RunModel)" time="0.017" />
  <testcase classname="ptolemy.util.test.junit.AutoTests" name="[111] /home/travis/build/icyphy/ptII/ptolemy/actor/lib/test/auto/Dictionary4.xml (RunModel)" time="0.027" />
  <testcase classname="ptolemy.util.test.junit.AutoTests" name="[112] /home/travis/build/icyphy/ptII/ptolemy/actor/lib/test/auto/Differential.xml (RunModel)" time="0.015" />
  <testcase classname="ptolemy.util.test.junit.AutoTests" name="[113] /home/travis/build/icyphy/ptII/ptolemy/actor/lib/test/auto/Director.xml (RunModel)" time="0.014" />
  <testcase classname="ptolemy.util.test.junit.AutoTests" name="[114] /home/travis/build/icyphy/ptII/ptolemy/actor/lib/test/auto/DiscreteClock.xml (RunModel)" time="0.008" />
  <testcase classname="ptolemy.util.test.junit.AutoTests" name="[115] /home/travis/build/icyphy/ptII/ptolemy/actor/lib/test/auto/DiscreteClock10.xml (RunModel)" time="0.012" />
  <testcase classname="ptolemy.util.test.junit.AutoTests" name="[116] /home/travis/build/icyphy/ptII/ptolemy/actor/lib/test/auto/DiscreteClock11.xml (RunModel)" time="0.014" />
  <testcase classname="ptolemy.util.test.junit.AutoTests" name="[117] /home/travis/build/icyphy/ptII/ptolemy/actor/lib/test/auto/DiscreteClock12.xml (RunModel)" time="0.012" />
  <testcase classname="ptolemy.util.test.junit.AutoTests" name="[118] /home/travis/build/icyphy/ptII/ptolemy/actor/lib/test/auto/DiscreteClock13.xml (RunModel)" time="0.014" />
  <testcase classname="ptolemy.util.test.junit.AutoTests" name="[119] /home/travis/build/icyphy/ptII/ptolemy/actor/lib/test/auto/DiscreteClock14.xml (RunModel)" time="0.014" />
  <testcase classname="ptolemy.util.test.junit.AutoTests" name="[120] /home/travis/build/icyphy/ptII/ptolemy/actor/lib/test/auto/DiscreteClock15.xml (RunModel)" time="0.016" />
  <testcase classname="ptolemy.util.test.junit.AutoTests" name="[121] /home/travis/build/icyphy/ptII/ptolemy/actor/lib/test/auto/DiscreteClock16.xml (RunModel)" time="0.039" />
  <testcase classname="ptolemy.util.test.junit.AutoTests" name="[122] /home/travis/build/icyphy/ptII/ptolemy/actor/lib/test/auto/DiscreteClock17.xml (RunModel)" time="0.043" />
  <testcase classname="ptolemy.util.test.junit.AutoTests" name="[123] /home/travis/build/icyphy/ptII/ptolemy/actor/lib/test/auto/DiscreteClock18.xml (RunModel)" time="0.032" />
  <testcase classname="ptolemy.util.test.junit.AutoTests" name="[124] /home/travis/build/icyphy/ptII/ptolemy/actor/lib/test/auto/DiscreteClock19.xml (RunModel)" time="0.041" />
  <testcase classname="ptolemy.util.test.junit.AutoTests" name="[125] /home/travis/build/icyphy/ptII/ptolemy/actor/lib/test/auto/DiscreteClock2.xml (RunModel)" time="0.011" />
  <testcase classname="ptolemy.util.test.junit.AutoTests" name="[126] /home/travis/build/icyphy/ptII/ptolemy/actor/lib/test/auto/DiscreteClock20.xml (RunModel)" time="0.019" />
  <testcase classname="ptolemy.util.test.junit.AutoTests" name="[127] /home/travis/build/icyphy/ptII/ptolemy/actor/lib/test/auto/DiscreteClock21.xml (RunModel)" time="0.024" />
  <testcase classname="ptolemy.util.test.junit.AutoTests" name="[128] /home/travis/build/icyphy/ptII/ptolemy/actor/lib/test/auto/DiscreteClock22.xml (RunModel)" time="0.014" />
  <testcase classname="ptolemy.util.test.junit.AutoTests" name="[129] /home/travis/build/icyphy/ptII/ptolemy/actor/lib/test/auto/DiscreteClock23.xml (RunModel)" time="0.017" />
  <testcase classname="ptolemy.util.test.junit.AutoTests" name="[130] /home/travis/build/icyphy/ptII/ptolemy/actor/lib/test/auto/DiscreteClock24.xml (RunModel)" time="0.016" />
  <testcase classname="ptolemy.util.test.junit.AutoTests" name="[131] /home/travis/build/icyphy/ptII/ptolemy/actor/lib/test/auto/DiscreteClock4.xml (RunModel)" time="0.017" />
  <testcase classname="ptolemy.util.test.junit.AutoTests" name="[132] /home/travis/build/icyphy/ptII/ptolemy/actor/lib/test/auto/DiscreteClock5.xml (RunModel)" time="0.011" />
  <testcase classname="ptolemy.util.test.junit.AutoTests" name="[133] /home/travis/build/icyphy/ptII/ptolemy/actor/lib/test/auto/DiscreteClock6.xml (RunModel)" time="0.011" />
  <testcase classname="ptolemy.util.test.junit.AutoTests" name="[134] /home/travis/build/icyphy/ptII/ptolemy/actor/lib/test/auto/DiscreteClock7.xml (RunModel)" time="0.011" />
  <testcase classname="ptolemy.util.test.junit.AutoTests" name="[135] /home/travis/build/icyphy/ptII/ptolemy/actor/lib/test/auto/DiscreteClock8.xml (RunModel)" time="0.033" />
  <testcase classname="ptolemy.util.test.junit.AutoTests" name="[136] /home/travis/build/icyphy/ptII/ptolemy/actor/lib/test/auto/DiscreteClock9.xml (RunModel)" time="0.018" />
  <testcase classname="ptolemy.util.test.junit.AutoTests" name="[137] /home/travis/build/icyphy/ptII/ptolemy/actor/lib/test/auto/DisplayArray.xml (RunModel)" time="0.009" />
  <testcase classname="ptolemy.util.test.junit.AutoTests" name="[138] /home/travis/build/icyphy/ptII/ptolemy/actor/lib/test/auto/Distributor.xml (RunModel)" time="0.012" />
  <testcase classname="ptolemy.util.test.junit.AutoTests" name="[139] /home/travis/build/icyphy/ptII/ptolemy/actor/lib/test/auto/Distributor2.xml (RunModel)" time="0.012" />
  <testcase classname="ptolemy.util.test.junit.AutoTests" name="[140] /home/travis/build/icyphy/ptII/ptolemy/actor/lib/test/auto/DownSample.xml (RunModel)" time="0.013" />
  <testcase classname="ptolemy.util.test.junit.AutoTests" name="[141] /home/travis/build/icyphy/ptII/ptolemy/actor/lib/test/auto/ElectronicUnitBase1.xml (RunModel)" time="0.06" />
  <testcase classname="ptolemy.util.test.junit.AutoTests" name="[142] /home/travis/build/icyphy/ptII/ptolemy/actor/lib/test/auto/ElementsToArray.xml (RunModel)" time="0.013" />
  <testcase classname="ptolemy.util.test.junit.AutoTests" name="[143] /home/travis/build/icyphy/ptII/ptolemy/actor/lib/test/auto/Equals.xml (RunModel)" time="0.015" />
  <testcase classname="ptolemy.util.test.junit.AutoTests" name="[144] /home/travis/build/icyphy/ptII/ptolemy/actor/lib/test/auto/Exec.xml (RunModel)" time="0.025" />
  <testcase classname="ptolemy.util.test.junit.AutoTests" name="[145] /home/travis/build/icyphy/ptII/ptolemy/actor/lib/test/auto/ExecEnvironment.xml (RunModel)" time="0.042" />
  <testcase classname="ptolemy.util.test.junit.AutoTests" name="[146] /home/travis/build/icyphy/ptII/ptolemy/actor/lib/test/auto/ExecNonZeroReturnOutput.xml (RunModel)" time="0.187" />
  <testcase classname="ptolemy.util.test.junit.AutoTests" name="[147] /home/travis/build/icyphy/ptII/ptolemy/actor/lib/test/auto/ExecRunDemos.xml (RunModel)" time="10.652" />
  <testcase classname="ptolemy.util.test.junit.AutoTests" name="[148] /home/travis/build/icyphy/ptII/ptolemy/actor/lib/test/auto/ExecStop.xml (RunModel)" time="5.034" />
  <testcase classname="ptolemy.util.test.junit.AutoTests" name="[149] /home/travis/build/icyphy/ptII/ptolemy/actor/lib/test/auto/ExecutionTimeSDF.xml (RunModel)" time="6.047" />
  <testcase classname="ptolemy.util.test.junit.AutoTests" name="[150] /home/travis/build/icyphy/ptII/ptolemy/actor/lib/test/auto/Expression1.xml (RunModel)" time="0.008" />
  <testcase classname="ptolemy.util.test.junit.AutoTests" name="[151] /home/travis/build/icyphy/ptII/ptolemy/actor/lib/test/auto/Expression10.xml (RunModel)" time="0.021" />
  <testcase classname="ptolemy.util.test.junit.AutoTests" name="[152] /home/travis/build/icyphy/ptII/ptolemy/actor/lib/test/auto/Expression11.xml (RunModel)" time="0.013" />
  <testcase classname="ptolemy.util.test.junit.AutoTests" name="[153] /home/travis/build/icyphy/ptII/ptolemy/actor/lib/test/auto/Expression12.xml (RunModel)" time="0.03" />
  <testcase classname="ptolemy.util.test.junit.AutoTests" name="[154] /home/travis/build/icyphy/ptII/ptolemy/actor/lib/test/auto/Expression13.xml (RunModel)" time="0.012" />
  <testcase classname="ptolemy.util.test.junit.AutoTests" name="[155] /home/travis/build/icyphy/ptII/ptolemy/actor/lib/test/auto/Expression14.xml (RunModel)" time="0.021" />
  <testcase classname="ptolemy.util.test.junit.AutoTests" name="[156] /home/travis/build/icyphy/ptII/ptolemy/actor/lib/test/auto/Expression15.xml (RunModel)" time="0.008" />
  <testcase classname="ptolemy.util.test.junit.AutoTests" name="[157] /home/travis/build/icyphy/ptII/ptolemy/actor/lib/test/auto/Expression16.xml (RunModel)" time="0.013" />
  <testcase classname="ptolemy.util.test.junit.AutoTests" name="[158] /home/travis/build/icyphy/ptII/ptolemy/actor/lib/test/auto/Expression17.xml (RunModel)" time="0.012" />
  <testcase classname="ptolemy.util.test.junit.AutoTests" name="[159] /home/travis/build/icyphy/ptII/ptolemy/actor/lib/test/auto/Expression18.xml (RunModel)" time="0.014" />
  <testcase classname="ptolemy.util.test.junit.AutoTests" name="[160] /home/travis/build/icyphy/ptII/ptolemy/actor/lib/test/auto/Expression2.xml (RunModel)" time="0.012" />
  <testcase classname="ptolemy.util.test.junit.AutoTests" name="[161] /home/travis/build/icyphy/ptII/ptolemy/actor/lib/test/auto/Expression3.xml (RunModel)" time="0.014" />
  <testcase classname="ptolemy.util.test.junit.AutoTests" name="[162] /home/travis/build/icyphy/ptII/ptolemy/actor/lib/test/auto/Expression4.xml (RunModel)" time="0.024" />
  <testcase classname="ptolemy.util.test.junit.AutoTests" name="[163] /home/travis/build/icyphy/ptII/ptolemy/actor/lib/test/auto/Expression5.xml (RunModel)" time="0.011" />
  <testcase classname="ptolemy.util.test.junit.AutoTests" name="[164] /home/travis/build/icyphy/ptII/ptolemy/actor/lib/test/auto/Expression6.xml (RunModel)" time="0.024" />
  <testcase classname="ptolemy.util.test.junit.AutoTests" name="[165] /home/travis/build/icyphy/ptII/ptolemy/actor/lib/test/auto/Expression7.xml (RunModel)" time="0.012" />
  <testcase classname="ptolemy.util.test.junit.AutoTests" name="[166] /home/travis/build/icyphy/ptII/ptolemy/actor/lib/test/auto/Expression8.xml (RunModel)" time="0.014" />
  <testcase classname="ptolemy.util.test.junit.AutoTests" name="[167] /home/travis/build/icyphy/ptII/ptolemy/actor/lib/test/auto/Expression9.xml (RunModel)" time="0.008" />
  <testcase classname="ptolemy.util.test.junit.AutoTests" name="[168] /home/travis/build/icyphy/ptII/ptolemy/actor/lib/test/auto/ExpressionConcatenateArrayType.xml (RunModel)" time="0.023" />
  <testcase classname="ptolemy.util.test.junit.AutoTests" name="[169] /home/travis/build/icyphy/ptII/ptolemy/actor/lib/test/auto/ExpressionConcatenateArrayType2.xml (RunModel)" time="0.019" />
  <testcase classname="ptolemy.util.test.junit.AutoTests" name="[170] /home/travis/build/icyphy/ptII/ptolemy/actor/lib/test/auto/ExpressionFix.xml (RunModel)" time="0.045" />
  <testcase classname="ptolemy.util.test.junit.AutoTests" name="[171] /home/travis/build/icyphy/ptII/ptolemy/actor/lib/test/auto/ExpressionFix2.xml (RunModel)" time="0.011" />
  <testcase classname="ptolemy.util.test.junit.AutoTests" name="[172] /home/travis/build/icyphy/ptII/ptolemy/actor/lib/test/auto/ExpressionFix3.xml (RunModel)" time="0.013" />
  <testcase classname="ptolemy.util.test.junit.AutoTests" name="[173] /home/travis/build/icyphy/ptII/ptolemy/actor/lib/test/auto/FileWriter1.xml (RunModel)" time="0.008" />
  <testcase classname="ptolemy.util.test.junit.AutoTests" name="[174] /home/travis/build/icyphy/ptII/ptolemy/actor/lib/test/auto/FileWriter2.xml (RunModel)" time="0.009" />
  <testcase classname="ptolemy.util.test.junit.AutoTests" name="[175] /home/travis/build/icyphy/ptII/ptolemy/actor/lib/test/auto/FileWriter3.xml (RunModel)" time="0.013" />
  <testcase classname="ptolemy.util.test.junit.AutoTests" name="[176] /home/travis/build/icyphy/ptII/ptolemy/actor/lib/test/auto/Gaussian.xml (RunModel)" time="0.012" />
  <testcase classname="ptolemy.util.test.junit.AutoTests" name="[177] /home/travis/build/icyphy/ptII/ptolemy/actor/lib/test/auto/Gaussian1.xml (RunModel)" time="0.021" />
  <testcase classname="ptolemy.util.test.junit.AutoTests" name="[178] /home/travis/build/icyphy/ptII/ptolemy/actor/lib/test/auto/Gaussian2.xml (RunModel)" time="0.017" />
  <testcase classname="ptolemy.util.test.junit.AutoTests" name="[179] /home/travis/build/icyphy/ptII/ptolemy/actor/lib/test/auto/GradientAdaptiveLattice.xml (RunModel)" time="0.017" />
  <testcase classname="ptolemy.util.test.junit.AutoTests" name="[180] /home/travis/build/icyphy/ptII/ptolemy/actor/lib/test/auto/IIR.xml (RunModel)" time="0.01" />
  <testcase classname="ptolemy.util.test.junit.AutoTests" name="[181] /home/travis/build/icyphy/ptII/ptolemy/actor/lib/test/auto/InputOutputTransparentPorts.xml (RunModel)" time="0.021" />
  <testcase classname="ptolemy.util.test.junit.AutoTests" name="[182] /home/travis/build/icyphy/ptII/ptolemy/actor/lib/test/auto/Interpolator.xml (RunModel)" time="0.012" />
  <testcase classname="ptolemy.util.test.junit.AutoTests" name="[183] /home/travis/build/icyphy/ptII/ptolemy/actor/lib/test/auto/InterpolatorFiringLimitDE.xml (RunModel)" time="0.012" />
  <testcase classname="ptolemy.util.test.junit.AutoTests" name="[184] /home/travis/build/icyphy/ptII/ptolemy/actor/lib/test/auto/Lattice.xml (RunModel)" time="0.01" />
  <testcase classname="ptolemy.util.test.junit.AutoTests" name="[185] /home/travis/build/icyphy/ptII/ptolemy/actor/lib/test/auto/LazyAOCTestLazy.xml (RunModel)" time="0.02" />
  <testcase classname="ptolemy.util.test.junit.AutoTests" name="[186] /home/travis/build/icyphy/ptII/ptolemy/actor/lib/test/auto/LazyAOCTestNonLazy.xml (RunModel)" time="0.046" />
  <testcase classname="ptolemy.util.test.junit.AutoTests" name="[187] /home/travis/build/icyphy/ptII/ptolemy/actor/lib/test/auto/LazyInnerClass.xml (RunModel)" time="0.052" />
  <testcase classname="ptolemy.util.test.junit.AutoTests" name="[188] /home/travis/build/icyphy/ptII/ptolemy/actor/lib/test/auto/LazyPubSub.xml (RunModel)" time="0.066" />
  <testcase classname="ptolemy.util.test.junit.AutoTests" name="[189] /home/travis/build/icyphy/ptII/ptolemy/actor/lib/test/auto/LazyPubSub2.xml (RunModel)" time="0.036" />
  <testcase classname="ptolemy.util.test.junit.AutoTests" name="[190] /home/travis/build/icyphy/ptII/ptolemy/actor/lib/test/auto/LazyPubSub3.xml (RunModel)" time="0.025" />
  <testcase classname="ptolemy.util.test.junit.AutoTests" name="[191] /home/travis/build/icyphy/ptII/ptolemy/actor/lib/test/auto/LazySubClassModel.xml (RunModel)" time="0.021" />
  <testcase classname="ptolemy.util.test.junit.AutoTests" name="[192] /home/travis/build/icyphy/ptII/ptolemy/actor/lib/test/auto/LevelCrossTest1.xml (RunModel)" time="0.024" />
  <testcase classname="ptolemy.util.test.junit.AutoTests" name="[193] /home/travis/build/icyphy/ptII/ptolemy/actor/lib/test/auto/LevelCrossTest10.xml (RunModel)" time="0.018" />
  <testcase classname="ptolemy.util.test.junit.AutoTests" name="[194] /home/travis/build/icyphy/ptII/ptolemy/actor/lib/test/auto/LevelCrossTest11.xml (RunModel)" time="0.016" />
  <testcase classname="ptolemy.util.test.junit.AutoTests" name="[195] /home/travis/build/icyphy/ptII/ptolemy/actor/lib/test/auto/LevelCrossTest12.xml (RunModel)" time="0.017" />
  <testcase classname="ptolemy.util.test.junit.AutoTests" name="[196] /home/travis/build/icyphy/ptII/ptolemy/actor/lib/test/auto/LevelCrossTest13.xml (RunModel)" time="0.025" />
  <testcase classname="ptolemy.util.test.junit.AutoTests" name="[197] /home/travis/build/icyphy/ptII/ptolemy/actor/lib/test/auto/LevelCrossTest2.xml (RunModel)" time="0.011" />
  <testcase classname="ptolemy.util.test.junit.AutoTests" name="[198] /home/travis/build/icyphy/ptII/ptolemy/actor/lib/test/auto/LevelCrossTest3.xml (RunModel)" time="0.012" />
  <testcase classname="ptolemy.util.test.junit.AutoTests" name="[199] /home/travis/build/icyphy/ptII/ptolemy/actor/lib/test/auto/LevelCrossTest4.xml (RunModel)" time="0.011" />
  <testcase classname="ptolemy.util.test.junit.AutoTests" name="[200] /home/travis/build/icyphy/ptII/ptolemy/actor/lib/test/auto/LevelCrossTest5.xml (RunModel)" time="0.014" />
  <testcase classname="ptolemy.util.test.junit.AutoTests" name="[201] /home/travis/build/icyphy/ptII/ptolemy/actor/lib/test/auto/LevelCrossTest6.xml (RunModel)" time="0.014" />
  <testcase classname="ptolemy.util.test.junit.AutoTests" name="[202] /home/travis/build/icyphy/ptII/ptolemy/actor/lib/test/auto/LevelCrossTest7.xml (RunModel)" time="0.021" />
  <testcase classname="ptolemy.util.test.junit.AutoTests" name="[203] /home/travis/build/icyphy/ptII/ptolemy/actor/lib/test/auto/LevelCrossTest8.xml (RunModel)" time="0.015" />
  <testcase classname="ptolemy.util.test.junit.AutoTests" name="[204] /home/travis/build/icyphy/ptII/ptolemy/actor/lib/test/auto/LevelCrossTest9.xml (RunModel)" time="0.015" />
  <testcase classname="ptolemy.util.test.junit.AutoTests" name="[205] /home/travis/build/icyphy/ptII/ptolemy/actor/lib/test/auto/LevinsonDurbin.xml (RunModel)" time="0.011" />
  <testcase classname="ptolemy.util.test.junit.AutoTests" name="[206] /home/travis/build/icyphy/ptII/ptolemy/actor/lib/test/auto/LevinsonDurbin2.xml (RunModel)" time="0.012" />
  <testcase classname="ptolemy.util.test.junit.AutoTests" name="[207] /home/travis/build/icyphy/ptII/ptolemy/actor/lib/test/auto/LevinsonDurbin3.xml (RunModel)" time="0.02" />
  <testcase classname="ptolemy.util.test.junit.AutoTests" name="[208] /home/travis/build/icyphy/ptII/ptolemy/actor/lib/test/auto/Limiter.xml (RunModel)" time="0.049" />
  <testcase classname="ptolemy.util.test.junit.AutoTests" name="[209] /home/travis/build/icyphy/ptII/ptolemy/actor/lib/test/auto/LinearDifferenceEquationSystem.xml (RunModel)" time="0.02" />
  <testcase classname="ptolemy.util.test.junit.AutoTests" name="[210] /home/travis/build/icyphy/ptII/ptolemy/actor/lib/test/auto/LookupTable.xml (RunModel)" time="0.01" />
  <testcase classname="ptolemy.util.test.junit.AutoTests" name="[211] /home/travis/build/icyphy/ptII/ptolemy/actor/lib/test/auto/MathFunction.xml (RunModel)" time="0.02" />
  <testcase classname="ptolemy.util.test.junit.AutoTests" name="[212] /home/travis/build/icyphy/ptII/ptolemy/actor/lib/test/auto/MathFunction2.xml (RunModel)" time="0.01" />
  <testcase classname="ptolemy.util.test.junit.AutoTests" name="[213] /home/travis/build/icyphy/ptII/ptolemy/actor/lib/test/auto/MathFunction3.xml (RunModel)" time="0.017" />
  <testcase classname="ptolemy.util.test.junit.AutoTests" name="[214] /home/travis/build/icyphy/ptII/ptolemy/actor/lib/test/auto/MatrixCropBoolean.xml (RunModel)" time="0.019" />
  <testcase classname="ptolemy.util.test.junit.AutoTests" name="[215] /home/travis/build/icyphy/ptII/ptolemy/actor/lib/test/auto/MatrixCropComplex.xml (RunModel)" time="0.013" />
  <testcase classname="ptolemy.util.test.junit.AutoTests" name="[216] /home/travis/build/icyphy/ptII/ptolemy/actor/lib/test/auto/MatrixCropDouble.xml (RunModel)" time="0.01" />
  <testcase classname="ptolemy.util.test.junit.AutoTests" name="[217] /home/travis/build/icyphy/ptII/ptolemy/actor/lib/test/auto/MatrixCropFix.xml (RunModel)" time="0.012" />
  <testcase classname="ptolemy.util.test.junit.AutoTests" name="[218] /home/travis/build/icyphy/ptII/ptolemy/actor/lib/test/auto/MatrixCropInt.xml (RunModel)" time="0.011" />
  <testcase classname="ptolemy.util.test.junit.AutoTests" name="[219] /home/travis/build/icyphy/ptII/ptolemy/actor/lib/test/auto/MatrixCropLong.xml (RunModel)" time="0.016" />
  <testcase classname="ptolemy.util.test.junit.AutoTests" name="[220] /home/travis/build/icyphy/ptII/ptolemy/actor/lib/test/auto/MatrixToArray.xml (RunModel)" time="0.061" />
  <testcase classname="ptolemy.util.test.junit.AutoTests" name="[221] /home/travis/build/icyphy/ptII/ptolemy/actor/lib/test/auto/MaxIndex.xml (RunModel)" time="0.018" />
  <testcase classname="ptolemy.util.test.junit.AutoTests" name="[222] /home/travis/build/icyphy/ptII/ptolemy/actor/lib/test/auto/Maximum.xml (RunModel)" time="0.016" />
  <testcase classname="ptolemy.util.test.junit.AutoTests" name="[223] /home/travis/build/icyphy/ptII/ptolemy/actor/lib/test/auto/MaximumComplex.xml (RunModel)" time="0.016" />
  <testcase classname="ptolemy.util.test.junit.AutoTests" name="[224] /home/travis/build/icyphy/ptII/ptolemy/actor/lib/test/auto/MethodCallTest.xml (RunModel)" time="0.022" />
  <testcase classname="ptolemy.util.test.junit.AutoTests" name="[225] /home/travis/build/icyphy/ptII/ptolemy/actor/lib/test/auto/Minimum.xml (RunModel)" time="0.014" />
  <testcase classname="ptolemy.util.test.junit.AutoTests" name="[226] /home/travis/build/icyphy/ptII/ptolemy/actor/lib/test/auto/MinimumComplex.xml (RunModel)" time="0.039" />
  <testcase classname="ptolemy.util.test.junit.AutoTests" name="[227] /home/travis/build/icyphy/ptII/ptolemy/actor/lib/test/auto/MinimumMultiports.xml (RunModel)" time="0.02" />
  <testcase classname="ptolemy.util.test.junit.AutoTests" name="[228] /home/travis/build/icyphy/ptII/ptolemy/actor/lib/test/auto/ModifyDate.xml (RunModel)" time="0.04" />
  <testcase classname="ptolemy.util.test.junit.AutoTests" name="[229] /home/travis/build/icyphy/ptII/ptolemy/actor/lib/test/auto/ModifyDate2.xml (RunModel)" time="0.039" />
  <testcase classname="ptolemy.util.test.junit.AutoTests" name="[230] /home/travis/build/icyphy/ptII/ptolemy/actor/lib/test/auto/MovingAverage.xml (RunModel)" time="0.011" />
  <testcase classname="ptolemy.util.test.junit.AutoTests" name="[231] /home/travis/build/icyphy/ptII/ptolemy/actor/lib/test/auto/MovingMaximum.xml (RunModel)" time="0.011" />
  <testcase classname="ptolemy.util.test.junit.AutoTests" name="[232] /home/travis/build/icyphy/ptII/ptolemy/actor/lib/test/auto/MultipleLinksToSameRelation.xml (RunModel)" time="0.007" />
  <testcase classname="ptolemy.util.test.junit.AutoTests" name="[233] /home/travis/build/icyphy/ptII/ptolemy/actor/lib/test/auto/MultipleLinksToSameRelationDE.xml (RunModel)" time="0.014" />
  <testcase classname="ptolemy.util.test.junit.AutoTests" name="[234] /home/travis/build/icyphy/ptII/ptolemy/actor/lib/test/auto/Multiplexor.xml (RunModel)" time="0.016" />
  <testcase classname="ptolemy.util.test.junit.AutoTests" name="[235] /home/travis/build/icyphy/ptII/ptolemy/actor/lib/test/auto/Multiplexor1.xml (RunModel)" time="0.011" />
  <testcase classname="ptolemy.util.test.junit.AutoTests" name="[236] /home/travis/build/icyphy/ptII/ptolemy/actor/lib/test/auto/Multiplexor2.xml (RunModel)" time="0.012" />
  <testcase classname="ptolemy.util.test.junit.AutoTests" name="[237] /home/travis/build/icyphy/ptII/ptolemy/actor/lib/test/auto/Multiplexor3.xml (RunModel)" time="0.009" />
  <testcase classname="ptolemy.util.test.junit.AutoTests" name="[238] /home/travis/build/icyphy/ptII/ptolemy/actor/lib/test/auto/MultiplexorDE.xml (RunModel)" time="0.014" />
  <testcase classname="ptolemy.util.test.junit.AutoTests" name="[239] /home/travis/build/icyphy/ptII/ptolemy/actor/lib/test/auto/MultiportBroadcastTest.xml (RunModel)" time="0.062" />
  <testcase classname="ptolemy.util.test.junit.AutoTests" name="[240] /home/travis/build/icyphy/ptII/ptolemy/actor/lib/test/auto/MultiportOutHangDuringGetWidth.xml (RunModel)" time="0.028" />
  <testcase classname="ptolemy.util.test.junit.AutoTests" name="[241] /home/travis/build/icyphy/ptII/ptolemy/actor/lib/test/auto/NilToken.xml (RunModel)" time="0.007" />
  <testcase classname="ptolemy.util.test.junit.AutoTests" name="[242] /home/travis/build/icyphy/ptII/ptolemy/actor/lib/test/auto/NilTokenNonStrictTest.xml (RunModel)" time="0.01" />
  <testcase classname="ptolemy.util.test.junit.AutoTests" name="[243] /home/travis/build/icyphy/ptII/ptolemy/actor/lib/test/auto/NilTokenRecord.xml (RunModel)" time="0.02" />
  <testcase classname="ptolemy.util.test.junit.AutoTests" name="[244] /home/travis/build/icyphy/ptII/ptolemy/actor/lib/test/auto/NilTokenTypeTest.xml (RunModel)" time="0.035" />
  <testcase classname="ptolemy.util.test.junit.AutoTests" name="[245] /home/travis/build/icyphy/ptII/ptolemy/actor/lib/test/auto/ObjectToken1.xml (RunModel)" time="0.011" />
  <testcase classname="ptolemy.util.test.junit.AutoTests" name="[246] /home/travis/build/icyphy/ptII/ptolemy/actor/lib/test/auto/OrderedMerge.xml (RunModel)" time="0.019" />
  <testcase classname="ptolemy.util.test.junit.AutoTests" name="[247] /home/travis/build/icyphy/ptII/ptolemy/actor/lib/test/auto/OrderedRecordDisassembler.xml (RunModel)" time="0.019" />
  <testcase classname="ptolemy.util.test.junit.AutoTests" name="[248] /home/travis/build/icyphy/ptII/ptolemy/actor/lib/test/auto/OrderedRecordDisassembler2.xml (RunModel)" time="0.019" />
  <testcase classname="ptolemy.util.test.junit.AutoTests" name="[249] /home/travis/build/icyphy/ptII/ptolemy/actor/lib/test/auto/OrderedRecordUpdater.xml (RunModel)" time="0.011" />
  <testcase classname="ptolemy.util.test.junit.AutoTests" name="[250] /home/travis/build/icyphy/ptII/ptolemy/actor/lib/test/auto/OrderedRecordUpdater2.xml (RunModel)" time="0.017" />
  <testcase classname="ptolemy.util.test.junit.AutoTests" name="[251] /home/travis/build/icyphy/ptII/ptolemy/actor/lib/test/auto/PhaseUnwrap.xml (RunModel)" time="0.014" />
  <testcase classname="ptolemy.util.test.junit.AutoTests" name="[252] /home/travis/build/icyphy/ptII/ptolemy/actor/lib/test/auto/PoissonClock.xml (RunModel)" time="0.016" />
  <testcase classname="ptolemy.util.test.junit.AutoTests" name="[253] /home/travis/build/icyphy/ptII/ptolemy/actor/lib/test/auto/PoissonClock2.xml (RunModel)" time="0.008" />
  <testcase classname="ptolemy.util.test.junit.AutoTests" name="[254] /home/travis/build/icyphy/ptII/ptolemy/actor/lib/test/auto/PoissonClock3.xml (RunModel)" time="0.025" />
  <testcase classname="ptolemy.util.test.junit.AutoTests" name="[255] /home/travis/build/icyphy/ptII/ptolemy/actor/lib/test/auto/PubSubWithInitialTokens.xml (RunModel)" time="0.016" />
  <testcase classname="ptolemy.util.test.junit.AutoTests" name="[256] /home/travis/build/icyphy/ptII/ptolemy/actor/lib/test/auto/PubSubWithInitialTokens2.xml (RunModel)" time="0.014" />
  <testcase classname="ptolemy.util.test.junit.AutoTests" name="[257] /home/travis/build/icyphy/ptII/ptolemy/actor/lib/test/auto/PublisherClassNoParameter.xml (RunModel)" time="0.024" />
  <testcase classname="ptolemy.util.test.junit.AutoTests" name="[258] /home/travis/build/icyphy/ptII/ptolemy/actor/lib/test/auto/PublisherClassParameter.xml (RunModel)" time="0.02" />
  <testcase classname="ptolemy.util.test.junit.AutoTests" name="[259] /home/travis/build/icyphy/ptII/ptolemy/actor/lib/test/auto/PublisherNonStrictTest.xml (RunModel)" time="0.013" />
  <testcase classname="ptolemy.util.test.junit.AutoTests" name="[260] /home/travis/build/icyphy/ptII/ptolemy/actor/lib/test/auto/PublisherPort1.xml (RunModel)" time="0.009" />
  <testcase classname="ptolemy.util.test.junit.AutoTests" name="[261] /home/travis/build/icyphy/ptII/ptolemy/actor/lib/test/auto/PublisherPort2.xml (RunModel)" time="0.009" />
  <testcase classname="ptolemy.util.test.junit.AutoTests" name="[262] /home/travis/build/icyphy/ptII/ptolemy/actor/lib/test/auto/PublisherPort3.xml (RunModel)" time="0.02" />
  <testcase classname="ptolemy.util.test.junit.AutoTests" name="[263] /home/travis/build/icyphy/ptII/ptolemy/actor/lib/test/auto/PublisherPort4.xml (RunModel)" time="0.015" />
  <testcase classname="ptolemy.util.test.junit.AutoTests" name="[264] /home/travis/build/icyphy/ptII/ptolemy/actor/lib/test/auto/PublisherPort5.xml (RunModel)" time="0.017" />
  <testcase classname="ptolemy.util.test.junit.AutoTests" name="[265] /home/travis/build/icyphy/ptII/ptolemy/actor/lib/test/auto/PublisherPort5LookAlike.xml (RunModel)" time="0.02" />
  <testcase classname="ptolemy.util.test.junit.AutoTests" name="[266] /home/travis/build/icyphy/ptII/ptolemy/actor/lib/test/auto/PublisherPort6.xml (RunModel)" time="0.01" />
  <testcase classname="ptolemy.util.test.junit.AutoTests" name="[267] /home/travis/build/icyphy/ptII/ptolemy/actor/lib/test/auto/PublisherPort7.xml (RunModel)" time="0.013" />
  <testcase classname="ptolemy.util.test.junit.AutoTests" name="[268] /home/travis/build/icyphy/ptII/ptolemy/actor/lib/test/auto/PublisherPort8.xml (RunModel)" time="0.014" />
  <testcase classname="ptolemy.util.test.junit.AutoTests" name="[269] /home/travis/build/icyphy/ptII/ptolemy/actor/lib/test/auto/PublisherPortSubscriberChannelVariablesAOC2.xml (RunModel)" time="0.053" />
  <testcase classname="ptolemy.util.test.junit.AutoTests" name="[270] /home/travis/build/icyphy/ptII/ptolemy/actor/lib/test/auto/PublisherPortSubscriberOpaqueWidthInference.xml (RunModel)" time="0.015" />
  <testcase classname="ptolemy.util.test.junit.AutoTests" name="[271] /home/travis/build/icyphy/ptII/ptolemy/actor/lib/test/auto/PublisherPortSubscriberPortAdjacent.xml (RunModel)" time="0.017" />
  <testcase classname="ptolemy.util.test.junit.AutoTests" name="[272] /home/travis/build/icyphy/ptII/ptolemy/actor/lib/test/auto/PublisherPortSubscriberPortExpression.xml (RunModel)" time="0.014" />
  <testcase classname="ptolemy.util.test.junit.AutoTests" name="[273] /home/travis/build/icyphy/ptII/ptolemy/actor/lib/test/auto/PublisherPortSubscriberPortOpaqueD3Reverse.xml (RunModel)" time="0.017" />
  <testcase classname="ptolemy.util.test.junit.AutoTests" name="[274] /home/travis/build/icyphy/ptII/ptolemy/actor/lib/test/auto/PublisherPortSubscriberPortOpaqueWidthInference.xml (RunModel)" time="0.013" />
  <testcase classname="ptolemy.util.test.junit.AutoTests" name="[275] /home/travis/build/icyphy/ptII/ptolemy/actor/lib/test/auto/PublisherPortToplevelSubscriberPortAOC.xml (RunModel)" time="0.01" />
  <testcase classname="ptolemy.util.test.junit.AutoTests" name="[276] /home/travis/build/icyphy/ptII/ptolemy/actor/lib/test/auto/PublisherSubscriber.xml (RunModel)" time="0.011" />
  <testcase classname="ptolemy.util.test.junit.AutoTests" name="[277] /home/travis/build/icyphy/ptII/ptolemy/actor/lib/test/auto/PublisherSubscriber10.xml (RunModel)" time="0.016" />
  <testcase classname="ptolemy.util.test.junit.AutoTests" name="[278] /home/travis/build/icyphy/ptII/ptolemy/actor/lib/test/auto/PublisherSubscriber10InitialOutputs.xml (RunModel)" time="0.028" />
  <testcase classname="ptolemy.util.test.junit.AutoTests" name="[279] /home/travis/build/icyphy/ptII/ptolemy/actor/lib/test/auto/PublisherSubscriber11.xml (RunModel)" time="0.022" />
  <testcase classname="ptolemy.util.test.junit.AutoTests" name="[280] /home/travis/build/icyphy/ptII/ptolemy/actor/lib/test/auto/PublisherSubscriber12.xml (RunModel)" time="0.013" />
  <testcase classname="ptolemy.util.test.junit.AutoTests" name="[281] /home/travis/build/icyphy/ptII/ptolemy/actor/lib/test/auto/PublisherSubscriber13.xml (RunModel)" time="0.009" />
  <testcase classname="ptolemy.util.test.junit.AutoTests" name="[282] /home/travis/build/icyphy/ptII/ptolemy/actor/lib/test/auto/PublisherSubscriber14.xml (RunModel)" time="0.028" />
  <testcase classname="ptolemy.util.test.junit.AutoTests" name="[283] /home/travis/build/icyphy/ptII/ptolemy/actor/lib/test/auto/PublisherSubscriber2.xml (RunModel)" time="0.01" />
  <testcase classname="ptolemy.util.test.junit.AutoTests" name="[284] /home/travis/build/icyphy/ptII/ptolemy/actor/lib/test/auto/PublisherSubscriber3.xml (RunModel)" time="0.017" />
  <testcase classname="ptolemy.util.test.junit.AutoTests" name="[285] /home/travis/build/icyphy/ptII/ptolemy/actor/lib/test/auto/PublisherSubscriber4.xml (RunModel)" time="0.008" />
  <testcase classname="ptolemy.util.test.junit.AutoTests" name="[286] /home/travis/build/icyphy/ptII/ptolemy/actor/lib/test/auto/PublisherSubscriber5.xml (RunModel)" time="0.013" />
  <testcase classname="ptolemy.util.test.junit.AutoTests" name="[287] /home/travis/build/icyphy/ptII/ptolemy/actor/lib/test/auto/PublisherSubscriber6.xml (RunModel)" time="0.015" />
  <testcase classname="ptolemy.util.test.junit.AutoTests" name="[288] /home/travis/build/icyphy/ptII/ptolemy/actor/lib/test/auto/PublisherSubscriber7.xml (RunModel)" time="0.016" />
  <testcase classname="ptolemy.util.test.junit.AutoTests" name="[289] /home/travis/build/icyphy/ptII/ptolemy/actor/lib/test/auto/PublisherSubscriber8.xml (RunModel)" time="0.027" />
  <testcase classname="ptolemy.util.test.junit.AutoTests" name="[290] /home/travis/build/icyphy/ptII/ptolemy/actor/lib/test/auto/PublisherSubscriber9.xml (RunModel)" time="0.025" />
  <testcase classname="ptolemy.util.test.junit.AutoTests" name="[291] /home/travis/build/icyphy/ptII/ptolemy/actor/lib/test/auto/PublisherSubscriberAdjacent.xml (RunModel)" time="0.016" />
  <testcase classname="ptolemy.util.test.junit.AutoTests" name="[292] /home/travis/build/icyphy/ptII/ptolemy/actor/lib/test/auto/PublisherSubscriberChannelVariablesAOC2.xml (RunModel)" time="0.026" />
  <testcase classname="ptolemy.util.test.junit.AutoTests" name="[293] /home/travis/build/icyphy/ptII/ptolemy/actor/lib/test/auto/PublisherSubscriberD3.xml (RunModel)" time="0.012" />
  <testcase classname="ptolemy.util.test.junit.AutoTests" name="[294] /home/travis/build/icyphy/ptII/ptolemy/actor/lib/test/auto/PublisherSubscriberD3Reverse.xml (RunModel)" time="0.01" />
  <testcase classname="ptolemy.util.test.junit.AutoTests" name="[295] /home/travis/build/icyphy/ptII/ptolemy/actor/lib/test/auto/PublisherSubscriberExpression.xml (RunModel)" time="0.018" />
  <testcase classname="ptolemy.util.test.junit.AutoTests" name="[296] /home/travis/build/icyphy/ptII/ptolemy/actor/lib/test/auto/PublisherSubscriberOpaque.xml (RunModel)" time="0.015" />
  <testcase classname="ptolemy.util.test.junit.AutoTests" name="[297] /home/travis/build/icyphy/ptII/ptolemy/actor/lib/test/auto/PublisherSubscriberOpaqueD3.xml (RunModel)" time="0.02" />
  <testcase classname="ptolemy.util.test.junit.AutoTests" name="[298] /home/travis/build/icyphy/ptII/ptolemy/actor/lib/test/auto/PublisherSubscriberOpaqueD3Reverse.xml (RunModel)" time="0.019" />
  <testcase classname="ptolemy.util.test.junit.AutoTests" name="[299] /home/travis/build/icyphy/ptII/ptolemy/actor/lib/test/auto/PublisherSubscriberOpaqueWidthInference.xml (RunModel)" time="0.017" />
  <testcase classname="ptolemy.util.test.junit.AutoTests" name="[300] /home/travis/build/icyphy/ptII/ptolemy/actor/lib/test/auto/PublisherTestSubscriber.xml (RunModel)" time="0.016" />
  <testcase classname="ptolemy.util.test.junit.AutoTests" name="[301] /home/travis/build/icyphy/ptII/ptolemy/actor/lib/test/auto/PublisherToplevelSubscriberPortAOC.xml (RunModel)" time="0.011" />
  <testcase classname="ptolemy.util.test.junit.AutoTests" name="[302] /home/travis/build/icyphy/ptII/ptolemy/actor/lib/test/auto/PulseFiringLimitDE.xml (RunModel)" time="0.02" />
  <testcase classname="ptolemy.util.test.junit.AutoTests" name="[303] /home/travis/build/icyphy/ptII/ptolemy/actor/lib/test/auto/Ramp1.xml (RunModel)" time="0.007" />
  <testcase classname="ptolemy.util.test.junit.AutoTests" name="[304] /home/travis/build/icyphy/ptII/ptolemy/actor/lib/test/auto/RampFiringLimitDE.xml (RunModel)" time="0.01" />
  <testcase classname="ptolemy.util.test.junit.AutoTests" name="[305] /home/travis/build/icyphy/ptII/ptolemy/actor/lib/test/auto/RampFiringLimitSDF.xml (RunModel)" time="0.01" />
  <testcase classname="ptolemy.util.test.junit.AutoTests" name="[306] /home/travis/build/icyphy/ptII/ptolemy/actor/lib/test/auto/RandomInteger.xml (RunModel)" time="0.009" />
  <testcase classname="ptolemy.util.test.junit.AutoTests" name="[307] /home/travis/build/icyphy/ptII/ptolemy/actor/lib/test/auto/ReadFile1.xml (RunModel)" time="0.008" />
  <testcase classname="ptolemy.util.test.junit.AutoTests" name="[308] /home/travis/build/icyphy/ptII/ptolemy/actor/lib/test/auto/ReadFile2.xml (RunModel)" time="0.007" />
  <testcase classname="ptolemy.util.test.junit.AutoTests" name="[309] /home/travis/build/icyphy/ptII/ptolemy/actor/lib/test/auto/Reader.xml (RunModel)" time="0.013" />
  <testcase classname="ptolemy.util.test.junit.AutoTests" name="[310] /home/travis/build/icyphy/ptII/ptolemy/actor/lib/test/auto/RecordAssemblerDisplayNameTest.xml (RunModel)" time="3.772" />
  <testcase classname="ptolemy.util.test.junit.AutoTests" name="[311] /home/travis/build/icyphy/ptII/ptolemy/actor/lib/test/auto/RecordAssemblerTypeError.xml (RunModel)" time="0.028" />
  <testcase classname="ptolemy.util.test.junit.AutoTests" name="[312] /home/travis/build/icyphy/ptII/ptolemy/actor/lib/test/auto/RecordDisassember.xml (RunModel)" time="0.013" />
  <testcase classname="ptolemy.util.test.junit.AutoTests" name="[313] /home/travis/build/icyphy/ptII/ptolemy/actor/lib/test/auto/RecordDisassemberDisplayNameTest.xml (RunModel)" time="0.02" />
  <testcase classname="ptolemy.util.test.junit.AutoTests" name="[314] /home/travis/build/icyphy/ptII/ptolemy/actor/lib/test/auto/RecordDisassembler.xml (RunModel)" time="0.011" />
  <testcase classname="ptolemy.util.test.junit.AutoTests" name="[315] /home/travis/build/icyphy/ptII/ptolemy/actor/lib/test/auto/RecordDisassembler2.xml (RunModel)" time="0.01" />
  <testcase classname="ptolemy.util.test.junit.AutoTests" name="[316] /home/travis/build/icyphy/ptII/ptolemy/actor/lib/test/auto/RecordUpdater.xml (RunModel)" time="0.009" />
  <testcase classname="ptolemy.util.test.junit.AutoTests" name="[317] /home/travis/build/icyphy/ptII/ptolemy/actor/lib/test/auto/RecordUpdater2.xml (RunModel)" time="0.009" />
  <testcase classname="ptolemy.util.test.junit.AutoTests" name="[318] /home/travis/build/icyphy/ptII/ptolemy/actor/lib/test/auto/RecursiveLattice.xml (RunModel)" time="0.008" />
  <testcase classname="ptolemy.util.test.junit.AutoTests" name="[319] /home/travis/build/icyphy/ptII/ptolemy/actor/lib/test/auto/Router.xml (RunModel)" time="3.025" />
  <testcase classname="ptolemy.util.test.junit.AutoTests" name="[320] /home/travis/build/icyphy/ptII/ptolemy/actor/lib/test/auto/Router2.xml (RunModel)" time="3.03" />
  <testcase classname="ptolemy.util.test.junit.AutoTests" name="[321] /home/travis/build/icyphy/ptII/ptolemy/actor/lib/test/auto/RunningMaximum.xml (RunModel)" time="0.023" />
  <testcase classname="ptolemy.util.test.junit.AutoTests" name="[322] /home/travis/build/icyphy/ptII/ptolemy/actor/lib/test/auto/RunningMinimum.xml (RunModel)" time="0.018" />
  <testcase classname="ptolemy.util.test.junit.AutoTests" name="[323] /home/travis/build/icyphy/ptII/ptolemy/actor/lib/test/auto/Scale.xml (RunModel)" time="0.007" />
  <testcase classname="ptolemy.util.test.junit.AutoTests" name="[324] /home/travis/build/icyphy/ptII/ptolemy/actor/lib/test/auto/Scale2.xml (RunModel)" time="0.009" />
  <testcase classname="ptolemy.util.test.junit.AutoTests" name="[325] /home/travis/build/icyphy/ptII/ptolemy/actor/lib/test/auto/Scale3.xml (RunModel)" time="0.014" />
  <testcase classname="ptolemy.util.test.junit.AutoTests" name="[326] /home/travis/build/icyphy/ptII/ptolemy/actor/lib/test/auto/ScaleArray.xml (RunModel)" time="0.013" />
  <testcase classname="ptolemy.util.test.junit.AutoTests" name="[327] /home/travis/build/icyphy/ptII/ptolemy/actor/lib/test/auto/ScaleArray2.xml (RunModel)" time="0.007" />
  <testcase classname="ptolemy.util.test.junit.AutoTests" name="[328] /home/travis/build/icyphy/ptII/ptolemy/actor/lib/test/auto/ScaleMatrix.xml (RunModel)" time="0.147" />
  <testcase classname="ptolemy.util.test.junit.AutoTests" name="[329] /home/travis/build/icyphy/ptII/ptolemy/actor/lib/test/auto/Select.xml (RunModel)" time="0.014" />
  <testcase classname="ptolemy.util.test.junit.AutoTests" name="[330] /home/travis/build/icyphy/ptII/ptolemy/actor/lib/test/auto/Select2.xml (RunModel)" time="0.009" />
  <testcase classname="ptolemy.util.test.junit.AutoTests" name="[331] /home/travis/build/icyphy/ptII/ptolemy/actor/lib/test/auto/SequenceToArray2.xml (RunModel)" time="0.144" />
  <testcase classname="ptolemy.util.test.junit.AutoTests" name="[332] /home/travis/build/icyphy/ptII/ptolemy/actor/lib/test/auto/SequentialClock.xml (RunModel)" time="0.009" />
  <testcase classname="ptolemy.util.test.junit.AutoTests" name="[333] /home/travis/build/icyphy/ptII/ptolemy/actor/lib/test/auto/SetVariable.xml (RunModel)" time="0.009" />
  <testcase classname="ptolemy.util.test.junit.AutoTests" name="[334] /home/travis/build/icyphy/ptII/ptolemy/actor/lib/test/auto/SetVariable2.xml (RunModel)" time="0.009" />
  <testcase classname="ptolemy.util.test.junit.AutoTests" name="[335] /home/travis/build/icyphy/ptII/ptolemy/actor/lib/test/auto/SetVariable3.xml (RunModel)" time="0.015" />
  <testcase classname="ptolemy.util.test.junit.AutoTests" name="[336] /home/travis/build/icyphy/ptII/ptolemy/actor/lib/test/auto/SetVariable4.xml (RunModel)" time="0.023" />
  <testcase classname="ptolemy.util.test.junit.AutoTests" name="[337] /home/travis/build/icyphy/ptII/ptolemy/actor/lib/test/auto/SetVariable5.xml (RunModel)" time="0.036" />
  <testcase classname="ptolemy.util.test.junit.AutoTests" name="[338] /home/travis/build/icyphy/ptII/ptolemy/actor/lib/test/auto/Sinewave.xml (RunModel)" time="0.022" />
  <testcase classname="ptolemy.util.test.junit.AutoTests" name="[339] /home/travis/build/icyphy/ptII/ptolemy/actor/lib/test/auto/Sinewave2.xml (RunModel)" time="0.014" />
  <testcase classname="ptolemy.util.test.junit.AutoTests" name="[340] /home/travis/build/icyphy/ptII/ptolemy/actor/lib/test/auto/Sinewave3.xml (RunModel)" time="0.019" />
  <testcase classname="ptolemy.util.test.junit.AutoTests" name="[341] /home/travis/build/icyphy/ptII/ptolemy/actor/lib/test/auto/SingleEvent.xml (RunModel)" time="0.007" />
  <testcase classname="ptolemy.util.test.junit.AutoTests" name="[342] /home/travis/build/icyphy/ptII/ptolemy/actor/lib/test/auto/Sleep.xml (RunModel)" time="6.015" />
  <testcase classname="ptolemy.util.test.junit.AutoTests" name="[343] /home/travis/build/icyphy/ptII/ptolemy/actor/lib/test/auto/SleepMultipleFire.xml (RunModel)" time="1.038" />
  <testcase classname="ptolemy.util.test.junit.AutoTests" name="[344] /home/travis/build/icyphy/ptII/ptolemy/actor/lib/test/auto/StopDE.xml (RunModel)" time="0.014" />
  <testcase classname="ptolemy.util.test.junit.AutoTests" name="[345] /home/travis/build/icyphy/ptII/ptolemy/actor/lib/test/auto/StopSDF.xml (RunModel)" time="0.013" />
  <testcase classname="ptolemy.util.test.junit.AutoTests" name="[346] /home/travis/build/icyphy/ptII/ptolemy/actor/lib/test/auto/StringConstant.xml (RunModel)" time="0.015" />
  <testcase classname="ptolemy.util.test.junit.AutoTests" name="[347] /home/travis/build/icyphy/ptII/ptolemy/actor/lib/test/auto/SubscriberPortInitialValues1.xml (RunModel)" time="0.024" />
  <testcase classname="ptolemy.util.test.junit.AutoTests" name="[348] /home/travis/build/icyphy/ptII/ptolemy/actor/lib/test/auto/SubscriberPortInitialValues13.xml (RunModel)" time="0.034" />
  <testcase classname="ptolemy.util.test.junit.AutoTests" name="[349] /home/travis/build/icyphy/ptII/ptolemy/actor/lib/test/auto/SubscriberPortInitialValues14.xml (RunModel)" time="0.021" />
  <testcase classname="ptolemy.util.test.junit.AutoTests" name="[350] /home/travis/build/icyphy/ptII/ptolemy/actor/lib/test/auto/SubscriberPortInitialValues2.xml (RunModel)" time="0.02" />
  <testcase classname="ptolemy.util.test.junit.AutoTests" name="[351] /home/travis/build/icyphy/ptII/ptolemy/actor/lib/test/auto/SubscriberPortInitialValues3.xml (RunModel)" time="0.018" />
  <testcase classname="ptolemy.util.test.junit.AutoTests" name="[352] /home/travis/build/icyphy/ptII/ptolemy/actor/lib/test/auto/SubscriptionAggregator.xml (RunModel)" time="0.011" />
  <testcase classname="ptolemy.util.test.junit.AutoTests" name="[353] /home/travis/build/icyphy/ptII/ptolemy/actor/lib/test/auto/SubscriptionAggregator2.xml (RunModel)" time="0.011" />
  <testcase classname="ptolemy.util.test.junit.AutoTests" name="[354] /home/travis/build/icyphy/ptII/ptolemy/actor/lib/test/auto/SubscriptionAggregator3.xml (RunModel)" time="0.016" />
  <testcase classname="ptolemy.util.test.junit.AutoTests" name="[355] /home/travis/build/icyphy/ptII/ptolemy/actor/lib/test/auto/SubscriptionAggregatorMultiply.xml (RunModel)" time="0.023" />
  <testcase classname="ptolemy.util.test.junit.AutoTests" name="[356] /home/travis/build/icyphy/ptII/ptolemy/actor/lib/test/auto/SubscriptionAggregatorPortMultiply1.xml (RunModel)" time="0.012" />
  <testcase classname="ptolemy.util.test.junit.AutoTests" name="[357] /home/travis/build/icyphy/ptII/ptolemy/actor/lib/test/auto/Switch.xml (RunModel)" time="0.017" />
  <testcase classname="ptolemy.util.test.junit.AutoTests" name="[358] /home/travis/build/icyphy/ptII/ptolemy/actor/lib/test/auto/Switch2.xml (RunModel)" time="0.012" />
  <testcase classname="ptolemy.util.test.junit.AutoTests" name="[359] /home/travis/build/icyphy/ptII/ptolemy/actor/lib/test/auto/SwitchDE.xml (RunModel)" time="0.014" />
  <testcase classname="ptolemy.util.test.junit.AutoTests" name="[360] /home/travis/build/icyphy/ptII/ptolemy/actor/lib/test/auto/SynchronizerDE.xml (RunModel)" time="0.019" />
  <testcase classname="ptolemy.util.test.junit.AutoTests" name="[361] /home/travis/build/icyphy/ptII/ptolemy/actor/lib/test/auto/Test.xml (RunModel)" time="0.008" />
  <testcase classname="ptolemy.util.test.junit.AutoTests" name="[362] /home/travis/build/icyphy/ptII/ptolemy/actor/lib/test/auto/TestExceptionAttribute1.xml (RunModel)" time="0.007" />
  <testcase classname="ptolemy.util.test.junit.AutoTests" name="[363] /home/travis/build/icyphy/ptII/ptolemy/actor/lib/test/auto/TestExceptionAttribute2.xml (RunModel)" time="0.011" />
  <testcase classname="ptolemy.util.test.junit.AutoTests" name="[364] /home/travis/build/icyphy/ptII/ptolemy/actor/lib/test/auto/TestExceptionAttribute3.xml (RunModel)" time="0.01" />
  <testcase classname="ptolemy.util.test.junit.AutoTests" name="[365] /home/travis/build/icyphy/ptII/ptolemy/actor/lib/test/auto/TestExceptionAttribute4.xml (RunModel)" time="0.007" />
  <testcase classname="ptolemy.util.test.junit.AutoTests" name="[366] /home/travis/build/icyphy/ptII/ptolemy/actor/lib/test/auto/TestExceptionHandler1.xml (RunModel)" time="0.01" />
  <testcase classname="ptolemy.util.test.junit.AutoTests" name="[367] /home/travis/build/icyphy/ptII/ptolemy/actor/lib/test/auto/TestExceptionHandler2.xml (RunModel)" time="0.009" />
  <testcase classname="ptolemy.util.test.junit.AutoTests" name="[368] /home/travis/build/icyphy/ptII/ptolemy/actor/lib/test/auto/TestExceptionHandler3.xml (RunModel)" time="0.008" />
  <testcase classname="ptolemy.util.test.junit.AutoTests" name="[369] /home/travis/build/icyphy/ptII/ptolemy/actor/lib/test/auto/TestExceptionHandler4.xml (RunModel)" time="0.006" />
  <testcase classname="ptolemy.util.test.junit.AutoTests" name="[370] /home/travis/build/icyphy/ptII/ptolemy/actor/lib/test/auto/TestRequireCorrectOrder.xml (RunModel)" time="0.009" />
  <testcase classname="ptolemy.util.test.junit.AutoTests" name="[371] /home/travis/build/icyphy/ptII/ptolemy/actor/lib/test/auto/TestSimple.xml (RunModel)" time="0.01" />
  <testcase classname="ptolemy.util.test.junit.AutoTests" name="[372] /home/travis/build/icyphy/ptII/ptolemy/actor/lib/test/auto/ThrowModelError.xml (RunModel)" time="0.011" />
  <testcase classname="ptolemy.util.test.junit.AutoTests" name="[373] /home/travis/build/icyphy/ptII/ptolemy/actor/lib/test/auto/TimeDelayMicrosteps.xml (RunModel)" time="0.015" />
  <testcase classname="ptolemy.util.test.junit.AutoTests" name="[374] /home/travis/build/icyphy/ptII/ptolemy/actor/lib/test/auto/TimeDelayMicrosteps2.xml (RunModel)" time="0.014" />
  <testcase classname="ptolemy.util.test.junit.AutoTests" name="[375] /home/travis/build/icyphy/ptII/ptolemy/actor/lib/test/auto/TimeDelayMicrosteps3.xml (RunModel)" time="0.011" />
  <testcase classname="ptolemy.util.test.junit.AutoTests" name="[376] /home/travis/build/icyphy/ptII/ptolemy/actor/lib/test/auto/TimeDelayVariableMicrosteps.xml (RunModel)" time="0.012" />
  <testcase classname="ptolemy.util.test.junit.AutoTests" name="[377] /home/travis/build/icyphy/ptII/ptolemy/actor/lib/test/auto/TimeGap.xml (RunModel)" time="0.014" />
  <testcase classname="ptolemy.util.test.junit.AutoTests" name="[378] /home/travis/build/icyphy/ptII/ptolemy/actor/lib/test/auto/TimeGap2.xml (RunModel)" time="0.009" />
  <testcase classname="ptolemy.util.test.junit.AutoTests" name="[379] /home/travis/build/icyphy/ptII/ptolemy/actor/lib/test/auto/TimedSinewave.xml (RunModel)" time="0.039" />
  <testcase classname="ptolemy.util.test.junit.AutoTests" name="[380] /home/travis/build/icyphy/ptII/ptolemy/actor/lib/test/auto/TimedSinewavePhase.xml (RunModel)" time="0.027" />
  <testcase classname="ptolemy.util.test.junit.AutoTests" name="[381] /home/travis/build/icyphy/ptII/ptolemy/actor/lib/test/auto/Timer.xml (RunModel)" time="0.014" />
  <testcase classname="ptolemy.util.test.junit.AutoTests" name="[382] /home/travis/build/icyphy/ptII/ptolemy/actor/lib/test/auto/TriangularDistTestModel.xml (RunModel)" time="0.018" />
  <testcase classname="ptolemy.util.test.junit.AutoTests" name="[383] /home/travis/build/icyphy/ptII/ptolemy/actor/lib/test/auto/TrigFunction.xml (RunModel)" time="0.008" />
  <testcase classname="ptolemy.util.test.junit.AutoTests" name="[384] /home/travis/build/icyphy/ptII/ptolemy/actor/lib/test/auto/TrigFunctionDE.xml (RunModel)" time="0.01" />
  <testcase classname="ptolemy.util.test.junit.AutoTests" name="[385] /home/travis/build/icyphy/ptII/ptolemy/actor/lib/test/auto/TrigFunctionInverse.xml (RunModel)" time="0.011" />
  <testcase classname="ptolemy.util.test.junit.AutoTests" name="[386] /home/travis/build/icyphy/ptII/ptolemy/actor/lib/test/auto/TrigFunctionTan.xml (RunModel)" time="0.008" />
  <testcase classname="ptolemy.util.test.junit.AutoTests" name="[387] /home/travis/build/icyphy/ptII/ptolemy/actor/lib/test/auto/TriggeredClock.xml (RunModel)" time="0.009" />
  <testcase classname="ptolemy.util.test.junit.AutoTests" name="[388] /home/travis/build/icyphy/ptII/ptolemy/actor/lib/test/auto/URLDirectoryReader.xml (RunModel)" time="0.127" />
  <testcase classname="ptolemy.util.test.junit.AutoTests" name="[389] /home/travis/build/icyphy/ptII/ptolemy/actor/lib/test/auto/URLDirectoryReader3.xml (RunModel)" time="1.774" />
  <testcase classname="ptolemy.util.test.junit.AutoTests" name="[390] /home/travis/build/icyphy/ptII/ptolemy/actor/lib/test/auto/UnaryMathFunction.xml (RunModel)" time="0.027" />
  <testcase classname="ptolemy.util.test.junit.AutoTests" name="[391] /home/travis/build/icyphy/ptII/ptolemy/actor/lib/test/auto/Uniform.xml (RunModel)" time="0.01" />
  <testcase classname="ptolemy.util.test.junit.AutoTests" name="[392] /home/travis/build/icyphy/ptII/ptolemy/actor/lib/test/auto/UnionDisassemblerTest.xml (RunModel)" time="0.028" />
  <testcase classname="ptolemy.util.test.junit.AutoTests" name="[393] /home/travis/build/icyphy/ptII/ptolemy/actor/lib/test/auto/UtilityFunctions.xml (RunModel)" time="0.006" />
  <testcase classname="ptolemy.util.test.junit.AutoTests" name="[394] /home/travis/build/icyphy/ptII/ptolemy/actor/lib/test/auto/VariableSleep.xml (RunModel)" time="0.511" />
  <testcase classname="ptolemy.util.test.junit.AutoTests" name="[395] /home/travis/build/icyphy/ptII/ptolemy/actor/lib/test/auto/VectorAssemblerDisassemblerCT.xml (RunModel)" time="0.123" />
  <testcase classname="ptolemy.util.test.junit.AutoTests" name="[396] /home/travis/build/icyphy/ptII/ptolemy/actor/lib/test/auto/VectorAssemblerDisassemblerDE.xml (RunModel)" time="0.013" />
  <testcase classname="ptolemy.util.test.junit.AutoTests" name="[397] /home/travis/build/icyphy/ptII/ptolemy/actor/lib/test/auto/VectorAssemblerDisassemblerSDF.xml (RunModel)" time="0.012" />
  <testcase classname="ptolemy.util.test.junit.AutoTests" name="[398] /home/travis/build/icyphy/ptII/ptolemy/actor/lib/test/auto/WallClockTime.xml (RunModel)" time="1.012" />
  <testcase classname="ptolemy.util.test.junit.AutoTests" name="[399] /home/travis/build/icyphy/ptII/ptolemy/actor/lib/test/auto/WidthTestWithSubscriberPublisher.xml (RunModel)" time="0.035" />
  <testcase classname="ptolemy.util.test.junit.AutoTests" name="[400] /home/travis/build/icyphy/ptII/ptolemy/actor/lib/test/auto/WidthTestWithSubscriberPublisher2.xml (RunModel)" time="0.014" />
  <testcase classname="ptolemy.util.test.junit.AutoTests" name="[401] /home/travis/build/icyphy/ptII/ptolemy/actor/lib/test/auto/WidthTestWithSubscriberPublisher3.xml (RunModel)" time="0.013" />
  <testcase classname="ptolemy.util.test.junit.AutoTests" name="[402] /home/travis/build/icyphy/ptII/ptolemy/actor/lib/test/auto/Writer.xml (RunModel)" time="0.006" />
  <testcase classname="ptolemy.util.test.junit.AutoTests" name="[403] /home/travis/build/icyphy/ptII/ptolemy/actor/lib/test/auto/array.xml (RunModel)" time="0.008" />
  <testcase classname="ptolemy.util.test.junit.AutoTests" name="[404] /home/travis/build/icyphy/ptII/ptolemy/actor/lib/test/auto/array2.xml (RunModel)" time="0.011" />
  <testcase classname="ptolemy.util.test.junit.AutoTests" name="[405] /home/travis/build/icyphy/ptII/ptolemy/actor/lib/test/auto/arrayType.xml (RunModel)" time="0.01" />
  <testcase classname="ptolemy.util.test.junit.AutoTests" name="[406] /home/travis/build/icyphy/ptII/ptolemy/actor/lib/test/auto/arrayType10.xml (RunModel)" time="0.008" />
  <testcase classname="ptolemy.util.test.junit.AutoTests" name="[407] /home/travis/build/icyphy/ptII/ptolemy/actor/lib/test/auto/arrayType11.xml (RunModel)" time="0.009" />
  <testcase classname="ptolemy.util.test.junit.AutoTests" name="[408] /home/travis/build/icyphy/ptII/ptolemy/actor/lib/test/auto/arrayType12.xml (RunModel)" time="0.008" />
  <testcase classname="ptolemy.util.test.junit.AutoTests" name="[409] /home/travis/build/icyphy/ptII/ptolemy/actor/lib/test/auto/arrayType13.xml (RunModel)" time="0.009" />
  <testcase classname="ptolemy.util.test.junit.AutoTests" name="[410] /home/travis/build/icyphy/ptII/ptolemy/actor/lib/test/auto/arrayType14.xml (RunModel)" time="0.008" />
  <testcase classname="ptolemy.util.test.junit.AutoTests" name="[411] /home/travis/build/icyphy/ptII/ptolemy/actor/lib/test/auto/arrayType15.xml (RunModel)" time="0.01" />
  <testcase classname="ptolemy.util.test.junit.AutoTests" name="[412] /home/travis/build/icyphy/ptII/ptolemy/actor/lib/test/auto/arrayType16.xml (RunModel)" time="0.008" />
  <testcase classname="ptolemy.util.test.junit.AutoTests" name="[413] /home/travis/build/icyphy/ptII/ptolemy/actor/lib/test/auto/arrayType17.xml (RunModel)" time="0.008" />
  <testcase classname="ptolemy.util.test.junit.AutoTests" name="[414] /home/travis/build/icyphy/ptII/ptolemy/actor/lib/test/auto/arrayType18.xml (RunModel)" time="0.046" />
  <testcase classname="ptolemy.util.test.junit.AutoTests" name="[415] /home/travis/build/icyphy/ptII/ptolemy/actor/lib/test/auto/arrayType19.xml (RunModel)" time="0.036" />
  <testcase classname="ptolemy.util.test.junit.AutoTests" name="[416] /home/travis/build/icyphy/ptII/ptolemy/actor/lib/test/auto/arrayType2.xml (RunModel)" time="0.029" />
  <testcase classname="ptolemy.util.test.junit.AutoTests" name="[417] /home/travis/build/icyphy/ptII/ptolemy/actor/lib/test/auto/arrayType20.xml (RunModel)" time="0.036" />
  <testcase classname="ptolemy.util.test.junit.AutoTests" name="[418] /home/travis/build/icyphy/ptII/ptolemy/actor/lib/test/auto/arrayType21.xml (RunModel)" time="0.046" />
  <testcase classname="ptolemy.util.test.junit.AutoTests" name="[419] /home/travis/build/icyphy/ptII/ptolemy/actor/lib/test/auto/arrayType22.xml (RunModel)" time="0.038" />
  <testcase classname="ptolemy.util.test.junit.AutoTests" name="[420] /home/travis/build/icyphy/ptII/ptolemy/actor/lib/test/auto/arrayType23.xml (RunModel)" time="0.021" />
  <testcase classname="ptolemy.util.test.junit.AutoTests" name="[421] /home/travis/build/icyphy/ptII/ptolemy/actor/lib/test/auto/arrayType24.xml (RunModel)" time="0.012" />
  <testcase classname="ptolemy.util.test.junit.AutoTests" name="[422] /home/travis/build/icyphy/ptII/ptolemy/actor/lib/test/auto/arrayType25.xml (RunModel)" time="0.009" />
  <testcase classname="ptolemy.util.test.junit.AutoTests" name="[423] /home/travis/build/icyphy/ptII/ptolemy/actor/lib/test/auto/arrayType26.xml (RunModel)" time="0.008" />
  <testcase classname="ptolemy.util.test.junit.AutoTests" name="[424] /home/travis/build/icyphy/ptII/ptolemy/actor/lib/test/auto/arrayType27.xml (RunModel)" time="0.008" />
  <testcase classname="ptolemy.util.test.junit.AutoTests" name="[425] /home/travis/build/icyphy/ptII/ptolemy/actor/lib/test/auto/arrayType28.xml (RunModel)" time="0.015" />
  <testcase classname="ptolemy.util.test.junit.AutoTests" name="[426] /home/travis/build/icyphy/ptII/ptolemy/actor/lib/test/auto/arrayType3.xml (RunModel)" time="0.01" />
  <testcase classname="ptolemy.util.test.junit.AutoTests" name="[427] /home/travis/build/icyphy/ptII/ptolemy/actor/lib/test/auto/arrayType4.xml (RunModel)" time="0.01" />
  <testcase classname="ptolemy.util.test.junit.AutoTests" name="[428] /home/travis/build/icyphy/ptII/ptolemy/actor/lib/test/auto/arrayType5.xml (RunModel)" time="0.014" />
  <testcase classname="ptolemy.util.test.junit.AutoTests" name="[429] /home/travis/build/icyphy/ptII/ptolemy/actor/lib/test/auto/arrayType6.xml (RunModel)" time="0.018" />
  <testcase classname="ptolemy.util.test.junit.AutoTests" name="[430] /home/travis/build/icyphy/ptII/ptolemy/actor/lib/test/auto/arrayType7.xml (RunModel)" time="0.01" />
  <testcase classname="ptolemy.util.test.junit.AutoTests" name="[431] /home/travis/build/icyphy/ptII/ptolemy/actor/lib/test/auto/arrayType8.xml (RunModel)" time="0.008" />
  <testcase classname="ptolemy.util.test.junit.AutoTests" name="[432] /home/travis/build/icyphy/ptII/ptolemy/actor/lib/test/auto/arrayType9.xml (RunModel)" time="0.008" />
  <testcase classname="ptolemy.util.test.junit.AutoTests" name="[433] /home/travis/build/icyphy/ptII/ptolemy/actor/lib/test/auto/cast.xml (RunModel)" time="0.008" />
  <testcase classname="ptolemy.util.test.junit.AutoTests" name="[434] /home/travis/build/icyphy/ptII/ptolemy/actor/lib/test/auto/compositeMultiPort.xml (RunModel)" time="0.014" />
  <testcase classname="ptolemy.util.test.junit.AutoTests" name="[435] /home/travis/build/icyphy/ptII/ptolemy/actor/lib/test/auto/expressionCastInference.xml (RunModel)" time="0.007" />
  <testcase classname="ptolemy.util.test.junit.AutoTests" name="[436] /home/travis/build/icyphy/ptII/ptolemy/actor/lib/test/auto/expressionCastInference2.xml (RunModel)" time="0.007" />
  <testcase classname="ptolemy.util.test.junit.AutoTests" name="[437] /home/travis/build/icyphy/ptII/ptolemy/actor/lib/test/auto/expressionInference.xml (RunModel)" time="0.006" />
  <testcase classname="ptolemy.util.test.junit.AutoTests" name="[438] /home/travis/build/icyphy/ptII/ptolemy/actor/lib/test/auto/expression_bug.xml (RunModel)" time="0.006" />
  <testcase classname="ptolemy.util.test.junit.AutoTests" name="[439] /home/travis/build/icyphy/ptII/ptolemy/actor/lib/test/auto/factorial.xml (RunModel)" time="0.049" />
  <testcase classname="ptolemy.util.test.junit.AutoTests" name="[440] /home/travis/build/icyphy/ptII/ptolemy/actor/lib/test/auto/filterTest1.xml (RunModel)" time="0.011" />
  <testcase classname="ptolemy.util.test.junit.AutoTests" name="[441] /home/travis/build/icyphy/ptII/ptolemy/actor/lib/test/auto/funcApplyInConst.xml (RunModel)" time="0.006" />
  <testcase classname="ptolemy.util.test.junit.AutoTests" name="[442] /home/travis/build/icyphy/ptII/ptolemy/actor/lib/test/auto/funcApplyInExpr.xml (RunModel)" time="0.005" />
  <testcase classname="ptolemy.util.test.junit.AutoTests" name="[443] /home/travis/build/icyphy/ptII/ptolemy/actor/lib/test/auto/function.xml (RunModel)" time="0.01" />
  <testcase classname="ptolemy.util.test.junit.AutoTests" name="[444] /home/travis/build/icyphy/ptII/ptolemy/actor/lib/test/auto/function2.xml (RunModel)" time="0.008" />
  <testcase classname="ptolemy.util.test.junit.AutoTests" name="[445] /home/travis/build/icyphy/ptII/ptolemy/actor/lib/test/auto/function3.xml (RunModel)" time="0.006" />
  <testcase classname="ptolemy.util.test.junit.AutoTests" name="[446] /home/travis/build/icyphy/ptII/ptolemy/actor/lib/test/auto/functionClosureTest1.xml (RunModel)" time="0.022" />
  <testcase classname="ptolemy.util.test.junit.AutoTests" name="[447] /home/travis/build/icyphy/ptII/ptolemy/actor/lib/test/auto/functionClosureTest2.xml (RunModel)" time="0.007" />
  <testcase classname="ptolemy.util.test.junit.AutoTests" name="[448] /home/travis/build/icyphy/ptII/ptolemy/actor/lib/test/auto/functionClosureTest3.xml (RunModel)" time="0.008" />
  <testcase classname="ptolemy.util.test.junit.AutoTests" name="[449] /home/travis/build/icyphy/ptII/ptolemy/actor/lib/test/auto/functionClosureTest4.xml (RunModel)" time="0.014" />
  <testcase classname="ptolemy.util.test.junit.AutoTests" name="[450] /home/travis/build/icyphy/ptII/ptolemy/actor/lib/test/auto/functionClosureTest5.xml (RunModel)" time="0.01" />
  <testcase classname="ptolemy.util.test.junit.AutoTests" name="[451] /home/travis/build/icyphy/ptII/ptolemy/actor/lib/test/auto/functionClosureTest6.xml (RunModel)" time="0.007" />
  <testcase classname="ptolemy.util.test.junit.AutoTests" name="[452] /home/travis/build/icyphy/ptII/ptolemy/actor/lib/test/auto/functionsOnArcs.xml (RunModel)" time="0.009" />
  <testcase classname="ptolemy.util.test.junit.AutoTests" name="[453] /home/travis/build/icyphy/ptII/ptolemy/actor/lib/test/auto/functionsOnArcsHOF.xml (RunModel)" time="0.011" />
  <testcase classname="ptolemy.util.test.junit.AutoTests" name="[454] /home/travis/build/icyphy/ptII/ptolemy/actor/lib/test/auto/logic.xml (RunModel)" time="0.015" />
  <testcase classname="ptolemy.util.test.junit.AutoTests" name="[455] /home/travis/build/icyphy/ptII/ptolemy/actor/lib/test/auto/matrixType.xml (RunModel)" time="0.008" />
  <testcase classname="ptolemy.util.test.junit.AutoTests" name="[456] /home/travis/build/icyphy/ptII/ptolemy/actor/lib/test/auto/matrixType10.xml (RunModel)" time="0.007" />
  <testcase classname="ptolemy.util.test.junit.AutoTests" name="[457] /home/travis/build/icyphy/ptII/ptolemy/actor/lib/test/auto/matrixType11.xml (RunModel)" time="0.007" />
  <testcase classname="ptolemy.util.test.junit.AutoTests" name="[458] /home/travis/build/icyphy/ptII/ptolemy/actor/lib/test/auto/matrixType12.xml (RunModel)" time="0.01" />
  <testcase classname="ptolemy.util.test.junit.AutoTests" name="[459] /home/travis/build/icyphy/ptII/ptolemy/actor/lib/test/auto/matrixType13.xml (RunModel)" time="0.008" />
  <testcase classname="ptolemy.util.test.junit.AutoTests" name="[460] /home/travis/build/icyphy/ptII/ptolemy/actor/lib/test/auto/matrixType14.xml (RunModel)" time="0.009" />
  <testcase classname="ptolemy.util.test.junit.AutoTests" name="[461] /home/travis/build/icyphy/ptII/ptolemy/actor/lib/test/auto/matrixType2.xml (RunModel)" time="0.007" />
  <testcase classname="ptolemy.util.test.junit.AutoTests" name="[462] /home/travis/build/icyphy/ptII/ptolemy/actor/lib/test/auto/matrixType3.xml (RunModel)" time="0.009" />
  <testcase classname="ptolemy.util.test.junit.AutoTests" name="[463] /home/travis/build/icyphy/ptII/ptolemy/actor/lib/test/auto/matrixType4.xml (RunModel)" time="0.008" />
  <testcase classname="ptolemy.util.test.junit.AutoTests" name="[464] /home/travis/build/icyphy/ptII/ptolemy/actor/lib/test/auto/matrixType5.xml (RunModel)" time="0.007" />
  <testcase classname="ptolemy.util.test.junit.AutoTests" name="[465] /home/travis/build/icyphy/ptII/ptolemy/actor/lib/test/auto/matrixType6.xml (RunModel)" time="0.007" />
  <testcase classname="ptolemy.util.test.junit.AutoTests" name="[466] /home/travis/build/icyphy/ptII/ptolemy/actor/lib/test/auto/matrixType7.xml (RunModel)" time="0.008" />
  <testcase classname="ptolemy.util.test.junit.AutoTests" name="[467] /home/travis/build/icyphy/ptII/ptolemy/actor/lib/test/auto/matrixType8.xml (RunModel)" time="0.009" />
  <testcase classname="ptolemy.util.test.junit.AutoTests" name="[468] /home/travis/build/icyphy/ptII/ptolemy/actor/lib/test/auto/matrixType9.xml (RunModel)" time="0.007" />
  <testcase classname="ptolemy.util.test.junit.AutoTests" name="[469] /home/travis/build/icyphy/ptII/ptolemy/actor/lib/test/auto/paraFunctest.xml (RunModel)" time="0.007" />
  <testcase classname="ptolemy.util.test.junit.AutoTests" name="[470] /home/travis/build/icyphy/ptII/ptolemy/actor/lib/test/auto/paraFunctest2.xml (RunModel)" time="0.009" />
  <testcase classname="ptolemy.util.test.junit.AutoTests" name="[471] /home/travis/build/icyphy/ptII/ptolemy/actor/lib/test/auto/parameterPassing.xml (RunModel)" time="0.007" />
  <testcase classname="ptolemy.util.test.junit.AutoTests" name="[472] /home/travis/build/icyphy/ptII/ptolemy/actor/lib/test/auto/record.xml (RunModel)" time="0.009" />
  <testcase classname="ptolemy.util.test.junit.AutoTests" name="[473] /home/travis/build/icyphy/ptII/ptolemy/actor/lib/test/auto/sizedarray1.xml (RunModel)" time="0.01" />
  <testcase classname="ptolemy.util.test.junit.AutoTests" name="[474] /home/travis/build/icyphy/ptII/ptolemy/actor/lib/test/auto/sizedarray2.xml (RunModel)" time="0.009" />
  <testcase classname="ptolemy.util.test.junit.AutoTests" name="[475] /home/travis/build/icyphy/ptII/ptolemy/actor/lib/test/auto/twoPublishers.xml (RunModel)" time="0.025" />
  <system-out><![CDATA[/home/travis/build/icyphy/ptII/ptolemy/actor/lib/test/AbsoluteValue.tcl
testDefs.tcl: setting time out to 9000 seconds at Tue Jun 02 14:39:41 UTC 2020
110 ms. Memory: 129024K Free: 93128K (72%)
5 ms. Memory: 129024K Free: 91080K (71%)
11 ms. Memory: 129024K Free: 90559K (70%)
14 ms. Memory: 129024K Free: 89527K (69%)
/home/travis/build/icyphy/ptII/ptolemy/actor/lib/test/AddSubtract.tcl
23 ms. Memory: 129024K Free: 87494K (68%)
15 ms. Memory: 129024K Free: 86984K (67%)
13 ms. Memory: 129024K Free: 85960K (67%)
20 ms. Memory: 129024K Free: 85439K (66%)
81 ms. Memory: 129024K Free: 82374K (64%)
21 ms. Memory: 129024K Free: 81350K (63%)
/home/travis/build/icyphy/ptII/ptolemy/actor/lib/test/Average.tcl
12 ms. Memory: 129024K Free: 79816K (62%)
15 ms. Memory: 129024K Free: 78792K (61%)
/home/travis/build/icyphy/ptII/ptolemy/actor/lib/test/Bernoulli.tcl
4 ms. Memory: 129024K Free: 77239K (60%)
2 ms. Memory: 129024K Free: 76744K (59%)
/home/travis/build/icyphy/ptII/ptolemy/actor/lib/test/Clock.tcl
preinitializing
resolving types
initializing
executing number 1
wrapping up
idle
39 ms. Memory: 129024K Free: 74182K (57%)
Completed execution with 5 iterations
preinitializing
resolving types
initializing
executing number 1
wrapping up
idle
11 ms. Memory: 129024K Free: 73127K (57%)
Completed execution with 5 iterations
preinitializing
resolving types
initializing
executing number 1
wrapping up
idle
3 ms. Memory: 129024K Free: 72648K (56%)
Completed execution with 5 iterations
/home/travis/build/icyphy/ptII/ptolemy/actor/lib/test/Commutator.tcl
10 ms. Memory: 129024K Free: 70600K (55%)
15 ms. Memory: 129024K Free: 69576K (54%)
19 ms. Memory: 129024K Free: 63911K (50%)
/home/travis/build/icyphy/ptII/ptolemy/actor/lib/test/Const.tcl
13 ms. Memory: 129024K Free: 62408K (48%)
1 ms. Memory: 129024K Free: 61879K (48%)
3 ms. Memory: 129024K Free: 61384K (48%)
6 ms. Memory: 129024K Free: 60855K (47%)
5 ms. Memory: 129024K Free: 60360K (47%)
19 ms. Memory: 129024K Free: 58822K (46%)
19 ms. Memory: 129024K Free: 57288K (44%)
5 ms. Memory: 129024K Free: 56743K (44%)
/home/travis/build/icyphy/ptII/ptolemy/actor/lib/test/CurrentTime.tcl
preinitializing
resolving types
initializing
executing number 1
wrapping up
idle
7 ms. Memory: 129024K Free: 54726K (42%)
Completed execution with 11 iterations
/home/travis/build/icyphy/ptII/ptolemy/actor/lib/test/DB.tcl
8 ms. Memory: 129024K Free: 53192K (41%)
3 ms. Memory: 129024K Free: 52678K (41%)
1 ms. Memory: 129024K Free: 52168K (40%)
/home/travis/build/icyphy/ptII/ptolemy/actor/lib/test/DiscreteRandomSource.tcl
preinitializing
resolving types
initializing
executing number 1
wrapping up
idle
13 ms. Memory: 129024K Free: 50623K (39%)
Completed execution with 4 iterations
preinitializing
resolving types
initializing
executing number 1
wrapping up
idle
7 ms. Memory: 129024K Free: 50120K (39%)
Completed execution with 4 iterations
preinitializing
resolving types
initializing
executing number 1
wrapping up
idle
6 ms. Memory: 129024K Free: 49591K (38%)
Completed execution with 4 iterations
preinitializing
resolving types
initializing
executing number 1
wrapping up
idle
8 ms. Memory: 129024K Free: 49096K (38%)
Completed execution with 4 iterations
preinitializing
resolving types
initializing
executing number 1
wrapping up
idle
10 ms. Memory: 129024K Free: 48551K (38%)
Completed execution with 4 iterations
/home/travis/build/icyphy/ptII/ptolemy/actor/lib/test/Distributor.tcl
24 ms. Memory: 129024K Free: 113519K (88%)
17 ms. Memory: 129024K Free: 112820K (87%)
StreamChangeRequest.changeExecuted(): <deleteEntity name="rec2"/> succeeded
StreamChangeRequest.changeExecuted(): <deleteRelation name="r2"/> succeeded
StreamChangeRequest.changeExecuted(): Record firings per iteration succeeded
5 ms. Memory: 129024K Free: 110431K (86%)
/home/travis/build/icyphy/ptII/ptolemy/actor/lib/test/Exit.tcl
Exit.tcl: this will print a message about Manager.exitAfterWrapup, which can be ignored.
7 ms. Memory: 129024K Free: 107356K (83%)
/home/travis/build/icyphy/ptII/ptolemy/actor/lib/test/Expression.tcl
14 ms. Memory: 129024K Free: 103743K (80%)
8 ms. Memory: 129024K Free: 103263K (80%)
3 ms. Memory: 129024K Free: 102269K (79%)
preinitializing
resolving types
initializing
executing number 1
wrapping up
idle
10 ms. Memory: 129024K Free: 101191K (78%)
Completed execution with 6 iterations
8 ms. Memory: 129024K Free: 100205K (78%)
2 ms. Memory: 129024K Free: 99197K (77%)
10 ms. Memory: 129024K Free: 98143K (76%)
5 ms. Memory: 129024K Free: 97127K (75%)
5 ms. Memory: 129024K Free: 95535K (74%)
/home/travis/build/icyphy/ptII/ptolemy/actor/lib/test/Gaussian.tcl
5 ms. Memory: 129024K Free: 94055K (73%)
sleeping 1 seconds: ......................................................................................................................................................................................................................................................................................................................................................................................................................................................................................................................................................................................................................................................................................................................................................................................................................................................................................................................................................................................................................................................................................................................................................................................................................................................................................................................................................................................................................................................................................................................................................................................................................................................................................................................................................................................................................................................................................................................................................................................................................................................................................................................................................................................................................................................................................................................................................................................................................................................................................................................................................................................................................................................................................................................................................................................................................................................................................................................................................................................................................................................................................................................................................................................................................................................................................................................................................................................................................................................................................................................................................................................................................................................................................................................................................................................................................................................................................................................................................................................................................................................................................................................................................................................................................................................................................................................................................................................................................................................................................................................................................................................................................................................................................................................................................................................................................................................................................................................................................................................................................................................................................................................................................................................................................................................................................................................................................................................................................................................................................................................................................................................................................................................................................................................................................................................................................................................................................................................................................................................................................................................................................................................................................................................................................................................................................................................................................................................................................................................................................................................................................................................................................................................................................................................................................................................................................................................................................................................................................................................................................................................................................................................................................................................................................................................................................................................................................................................................................................................................................................................................................................................................................................................................................................................................................................................................................................................................................................................................................................................................................................................................................................................................................................................................................................................................................................................................................................................................................................................................................................................................................................................................................................................................................................................................................................................................................................................................................................................................................................................................................................................................................................................2 ms. Memory: 129024K Free: 112998K (88%)
2 ms. Memory: 129024K Free: 112484K (87%)
1 ms. Memory: 129024K Free: 111974K (87%)
2 ms. Memory: 129024K Free: 111460K (86%)
2 ms. Memory: 129024K Free: 110406K (86%)
/home/travis/build/icyphy/ptII/ptolemy/actor/lib/test/IIR.tcl
/home/travis/build/icyphy/ptII/ptolemy/actor/lib/test/Interpolator.tcl
4 ms. Memory: 129024K Free: 106854K (83%)
2 ms. Memory: 129024K Free: 106334K (82%)
2 ms. Memory: 129024K Free: 105830K (82%)
2 ms. Memory: 129024K Free: 104806K (81%)
2 ms. Memory: 129024K Free: 104278K (81%)
2 ms. Memory: 129024K Free: 103254K (80%)
2 ms. Memory: 129024K Free: 102758K (80%)
2 ms. Memory: 129024K Free: 101734K (79%)
2 ms. Memory: 129024K Free: 100710K (78%)
3 ms. Memory: 129024K Free: 99686K (77%)
/home/travis/build/icyphy/ptII/ptolemy/actor/lib/test/MathFunction.tcl
3 ms. Memory: 129024K Free: 97638K (76%)
2 ms. Memory: 129024K Free: 96614K (75%)
2 ms. Memory: 129024K Free: 95590K (74%)
2 ms. Memory: 129024K Free: 94566K (73%)
4 ms. Memory: 129024K Free: 93542K (72%)
6 ms. Memory: 129024K Free: 91494K (71%)
/home/travis/build/icyphy/ptII/ptolemy/actor/lib/test/Maximum.tcl
4 ms. Memory: 129024K Free: 89446K (69%)
1 ms. Memory: 129024K Free: 88932K (69%)
2 ms. Memory: 129024K Free: 88422K (69%)
3 ms. Memory: 129024K Free: 87908K (68%)
/home/travis/build/icyphy/ptII/ptolemy/actor/lib/test/Minimum.tcl
4 ms. Memory: 129024K Free: 85846K (67%)
1 ms. Memory: 129024K Free: 85350K (66%)
2 ms. Memory: 129024K Free: 84822K (66%)
2 ms. Memory: 129024K Free: 83798K (65%)
/home/travis/build/icyphy/ptII/ptolemy/actor/lib/test/MultiplyDivide.tcl
4 ms. Memory: 129024K Free: 81750K (63%)
2 ms. Memory: 129024K Free: 81254K (63%)
3 ms. Memory: 129024K Free: 80710K (63%)
3 ms. Memory: 129024K Free: 79686K (62%)
2 ms. Memory: 129024K Free: 79206K (61%)
/home/travis/build/icyphy/ptII/ptolemy/actor/lib/test/OrderedMerge.tcl
Connections changed on port: inputA
Connections changed on port: inputB
Connections changed on port: output
Connections changed on port: output
Connections changed on port: output
Connections changed on port: input
.top. Preinitializing ...
Invoking preinitialize():  .top.OrderedMerge
Called preinitialize()
Invoking preinitialize():  .top.Ramp
Called preinitialize()
Invoking preinitialize():  .top.Ramp2
Called preinitialize()
Invoking preinitialize():  .top.Test
Called preinitialize()
Connections changed on port: inputA
Connections changed on port: output
Connections changed on port: output
Connections changed on port: input
Connections changed on port: inputB
Connections changed on port: output
.top. Finished preinitialize().
Called initialize().
Invoking initialize():  .top.OrderedMerge
Initializing actor: .top.OrderedMerge
Adding a thread: .top.OrderedMerge
Invoking initialize():  .top.Ramp
Initializing actor: .top.Ramp
Adding a thread: .top.Ramp
Invoking initialize():  .top.Ramp2
Initializing actor: .top.Ramp2
Adding a thread: .top.Ramp2
Invoking initialize():  .top.Test
Initializing actor: .top.Test
Adding a thread: .top.Test
Called fire().
Checking for deadlock:
-- Starting thread.
Called initialize()
Called prefire()
Called fire()
-- Starting thread.
Called initialize()
Called prefire()
Called fire()
-- Starting thread.
Called initialize()
Called prefire()
Called fire()
There are 0 Blocked actors, 0 Stopped actors, and 4 active threads.
Waiting for actors to stop.
-- Starting thread.
Called postfire()
Called prefire()
Called fire()
Called initialize()
Called postfire()
Called prefire()
Called fire()
Checking for deadlock:
There are 2 Blocked actors, 0 Stopped actors, and 4 active threads.
Waiting for actors to stop.
Checking for deadlock:
There are 3 Blocked actors, 0 Stopped actors, and 4 active threads.
Waiting for actors to stop.
Called prefire()
Called fire()
Checking for deadlock:
There are 2 Blocked actors, 0 Stopped actors, and 4 active threads.
Waiting for actors to stop.
Read input token from inputA with value 0.0
Called postfire()
Called prefire()
Called fire()
Next port to read input from is inputB
Called postfire()
Called prefire()
Called fire()
Read input token from inputB with value 0.0
Sent output token with value 0.0
Next port to read input from is inputA
Called postfire()
Called prefire()
Called fire()
Read input token from inputA with value 1.0
Checking for deadlock:
There are 1 Blocked actors, 0 Stopped actors, and 4 active threads.
Waiting for actors to stop.
Called postfire()
Called prefire()
Called fire()
Called postfire()
Called prefire()
Called fire()
Checking for deadlock:
There are 2 Blocked actors, 0 Stopped actors, and 4 active threads.
Waiting for actors to stop.
-- Read input: 0.0, which is expected to match: 0.0
Called prefire()
Called fire()
Sent output token with value 0.0
Next port to read input from is inputB
Called postfire()
Called prefire()
Called fire()
Read input token from inputB with value 1.5
Checking for deadlock:
There are 2 Blocked actors, 0 Stopped actors, and 4 active threads.
Waiting for actors to stop.
Called postfire()
Called prefire()
-- Read input: 0.0, which is expected to match: 0.0
Called fire()
Called prefire()
Called fire()
Sent output token with value 1.0
Next port to read input from is inputA
Called postfire()
Called prefire()
Called fire()
Read input token from inputA with value 2.0
Checking for deadlock:
There are 2 Blocked actors, 0 Stopped actors, and 4 active threads.
Waiting for actors to stop.
Called postfire()
Called prefire()
Called fire()
Checking for deadlock:
There are 2 Blocked actors, 0 Stopped actors, and 4 active threads.
Waiting for actors to stop.
-- Read input: 1.0, which is expected to match: 1.0
Called prefire()
Called fire()
Sent output token with value 1.5
Checking for deadlock:
There are 2 Blocked actors, 0 Stopped actors, and 4 active threads.
Waiting for actors to stop.
Next port to read input from is inputB
Called postfire()
Called prefire()
Called fire()
Read input token from inputB with value 3.0
Called postfire()
Called prefire()
Called fire()
Checking for deadlock:
There are 3 Blocked actors, 0 Stopped actors, and 4 active threads.
Waiting for actors to stop.
-- Read input: 1.5, which is expected to match: 1.5
Sent output token with value 2.0
Called prefire()
Called fire()
Next port to read input from is inputA
Called postfire()
Called prefire()
Called fire()
-- Read input: 2.0, which is expected to match: 2.0
Called prefire()
Called fire()
Read input token from inputA with value 3.0
Sent output token with value 3.0
Next port to read input from is inputB
Called postfire()
Called prefire()
Called fire()
Read input token from inputB with value 4.5
Checking for deadlock:
There are 1 Blocked actors, 0 Stopped actors, and 4 active threads.
Waiting for actors to stop.
Called postfire()
Called prefire()
Called fire()
Checking for deadlock:
-- Read input: 3.0, which is expected to match: 3.0
There are 1 Blocked actors, 0 Stopped actors, and 4 active threads.
Waiting for actors to stop.
Called prefire()
Called fire()
Called postfire()
Called prefire()
Checking for deadlock:
Called fire()
There are 2 Blocked actors, 0 Stopped actors, and 4 active threads.
Waiting for actors to stop.
Sent output token with value 3.0
-- Read input: 3.0, which is expected to match: 3.0
Called prefire()
Called fire()
Next port to read input from is inputA
Called postfire()
Called prefire()
Called fire()
Read input token from inputA with value 4.0
Sent output token with value 4.0
Next port to read input from is inputA
Called postfire()
Called prefire()
Called fire()
Checking for deadlock:
There are 2 Blocked actors, 0 Stopped actors, and 4 active threads.
Waiting for actors to stop.
-- Read input: 4.0, which is expected to match: 4.0
Called postfire()
Called prefire()
Called prefire()
Called fire()
Called fire()
Past the end of training data. Read and discard all inputs.
Checking for deadlock:
There are 3 Blocked actors, 0 Stopped actors, and 4 active threads.
Waiting for actors to stop.
Called postfire()
Called prefire()
Called fire()
Read input token from inputA with value 5.0
Sent output token with value 4.5
Next port to read input from is inputB
Called postfire()
Called prefire()
Called fire()
Read input token from inputB with value 6.0
Checking for deadlock:
There are 2 Blocked actors, 0 Stopped actors, and 4 active threads.
Waiting for actors to stop.
Called postfire()
Called prefire()
Called fire()
Called prefire()
Called fire()
Past the end of training data. Read and discard all inputs.
Checking for deadlock:
There are 3 Blocked actors, 0 Stopped actors, and 4 active threads.
Waiting for actors to stop.
Called prefire()
Called fire()
Past the end of training data. Read and discard all inputs.
Sent output token with value 5.0
Next port to read input from is inputA
Called postfire()
Called prefire()
Called fire()
Read input token from inputA with value 6.0
Sent output token with value 6.0
Next port to read input from is inputB
Called postfire()
Called prefire()
Called fire()
Read input token from inputB with value 7.5
Checking for deadlock:
There are 1 Blocked actors, 0 Stopped actors, and 4 active threads.
Waiting for actors to stop.
Called postfire()
Called prefire()
Called fire()
Called prefire()
Called fire()
Called postfire()
Called prefire()
Called fire()
Past the end of training data. Read and discard all inputs.
Checking for deadlock:
There are 3 Blocked actors, 0 Stopped actors, and 4 active threads.
Waiting for actors to stop.
Called prefire()
Called fire()
Past the end of training data. Read and discard all inputs.
Sent output token with value 6.0
Next port to read input from is inputA
Called postfire()
Called prefire()
Called fire()
Read input token from inputA with value 7.0
Sent output token with value 7.0
Next port to read input from is inputA
Called postfire()
Called prefire()
Called fire()
Checking for deadlock:
There are 2 Blocked actors, 0 Stopped actors, and 4 active threads.
Waiting for actors to stop.
Called postfire()
Called prefire()
Called fire()
Called prefire()
Checking for deadlock:
Called fire()
There are 2 Blocked actors, 0 Stopped actors, and 4 active threads.
Waiting for actors to stop.
Past the end of training data. Read and discard all inputs.
Read input token from inputA with value 8.0
-- Thread wrapup() called.
Called wrapup()
Sent output token with value 7.5
Next port to read input from is inputB
Called postfire()
Called prefire()
Called fire()
Thread .top.Ramp is exiting.
-- Thread stopped.
Checking for deadlock:
There are 1 Blocked actors, 0 Stopped actors, and 3 active threads.
Waiting for actors to stop.
Called prefire()
Called postfire()
Called fire()
Called prefire()
Past the end of training data. Read and discard all inputs.
Called fire()
Read input token from inputB with value 9.0
Sent output token with value 8.0
Next port to read input from is inputA
Called postfire()
Called prefire()
Called fire()
Read input token from inputA with value 9.0
Checking for deadlock:
There are 2 Blocked actors, 0 Stopped actors, and 3 active threads.
Waiting for actors to stop.
Called prefire()
Called fire()
Past the end of training data. Read and discard all inputs.
Sent output token with value 9.0
Called prefire()
Called fire()
Past the end of training data. Read and discard all inputs.
Next port to read input from is inputB
Called postfire()
Called prefire()
Called fire()
Read input token from inputB with value 10.5
Sent output token with value 9.0
Next port to read input from is inputA
Called postfire()
Called prefire()
Called fire()
Checking for deadlock:
There are 1 Blocked actors, 0 Stopped actors, and 3 active threads.
Waiting for actors to stop.
Called prefire()
Called fire()
Called postfire()
Past the end of training data. Read and discard all inputs.
Called prefire()
Called fire()
Checking for deadlock:
There are 3 Blocked actors, 0 Stopped actors, and 3 active threads.
Actors have stopped.
Checking for deadlock:
There are 3 Blocked actors, 0 Stopped actors, and 3 active threads.
Deadlock detected.
Resolving Deadlock
Checking for deadlock:
There are 3 Blocked actors, 0 Stopped actors, and 3 active threads.
Artificial Deadlock - increasing queue capacity.
increasing the capacity of receiver ptolemy.actor.TypedIOPort {.top.OrderedMerge.inputB} to 2
-- Thread wrapup() called.
Called wrapup()
Thread .top.Ramp2 is exiting.
-- Thread stopped.
Director: Called postfire().
Called postfire().
_stopRequested = false
_stopFireRequested = false
Returning from postfire(): true
Called fire().
Checking for deadlock:
There are 2 Blocked actors, 0 Stopped actors, and 2 active threads.
Actors have stopped.
Checking for deadlock:
There are 2 Blocked actors, 0 Stopped actors, and 2 active threads.
Deadlock detected.
Resolving Deadlock
Checking for deadlock:
There are 2 Blocked actors, 0 Stopped actors, and 2 active threads.
Deadlock detected: no processes blocked on write, but some are blocked on read.
Called postfire().
_stopRequested = false
_stopFireRequested = false
Returning from postfire(): false
Finished deactivating branches.
Called wrapup().
-- Thread wrapup() called.
Called wrapup()
Thread .top.OrderedMerge is exiting.
-- Thread stopped.
-- Blocked Receiver call threw TerminateProcessException.
-- Thread wrapup() called.
Called wrapup()
Thread .top.Test is exiting.
-- Thread stopped.
-- Blocked Receiver call threw TerminateProcessException.
79 ms. Memory: 129024K Free: 74596K (58%)
.top. Preinitializing ...
Invoking preinitialize():  .top.OrderedMerge
Called preinitialize()
Invoking preinitialize():  .top.Ramp
Called preinitialize()
Invoking preinitialize():  .top.Ramp2
Called preinitialize()
Invoking preinitialize():  .top.Test
Called preinitialize()
.top. Finished preinitialize().
Called initialize().
Invoking initialize():  .top.OrderedMerge
Initializing actor: .top.OrderedMerge
Adding a thread: .top.OrderedMerge
Invoking initialize():  .top.Ramp
Initializing actor: .top.Ramp
Adding a thread: .top.Ramp
Invoking initialize():  .top.Ramp2
Initializing actor: .top.Ramp2
Adding a thread: .top.Ramp2
Invoking initialize():  .top.Test
Initializing actor: .top.Test
Adding a thread: .top.Test
-- Starting thread.
Called initialize()
Called prefire()
Called fire()
-- Starting thread.
Called initialize()
Called prefire()
Called fire()
Called postfire()
Called prefire()
Called fire()
-- Starting thread.
Called initialize()
Called prefire()
Called fire()
Called postfire()
Called prefire()
Called fire()
Called fire().
Checking for deadlock:
There are 3 Blocked actors, 0 Stopped actors, and 4 active threads.
Waiting for actors to stop.
-- Starting thread.
Called initialize()
Called prefire()
Called fire()
Checking for deadlock:
There are 2 Blocked actors, 0 Stopped actors, and 4 active threads.
Waiting for actors to stop.
Called postfire()
Called prefire()
Called fire()
Checking for deadlock:
There are 3 Blocked actors, 0 Stopped actors, and 4 active threads.
Waiting for actors to stop.
Read input token from inputA with value 0.0
Next port to read input from is inputB
Called postfire()
Called prefire()
Called fire()
Called postfire()
Called prefire()
Called fire()
Checking for deadlock:
There are 3 Blocked actors, 0 Stopped actors, and 4 active threads.
Waiting for actors to stop.
Read input token from inputB with value 0.0
-- Read input: 0.0, which is expected to match: 0.0
Called prefire()
Called fire()
Checking for deadlock:
There are 3 Blocked actors, 0 Stopped actors, and 4 active threads.
Waiting for actors to stop.
Sent output token with value 0.0
Next port to read input from is inputA
Called postfire()
Called prefire()
Called fire()
Checking for deadlock:
There are 2 Blocked actors, 0 Stopped actors, and 4 active threads.
Waiting for actors to stop.
Called postfire()
Called prefire()
Called fire()
Checking for deadlock:
There are 3 Blocked actors, 0 Stopped actors, and 4 active threads.
Waiting for actors to stop.
Read input token from inputA with value 1.0
Checking for deadlock:
There are 2 Blocked actors, 0 Stopped actors, and 4 active threads.
Waiting for actors to stop.
-- Read input: 0.0, which is expected to match: 0.0
Called prefire()
Called fire()
Checking for deadlock:
There are 3 Blocked actors, 0 Stopped actors, and 4 active threads.
Waiting for actors to stop.
Sent output token with value 0.0
Next port to read input from is inputB
Called postfire()
Called prefire()
Called fire()
Checking for deadlock:
There are 2 Blocked actors, 0 Stopped actors, and 4 active threads.
Waiting for actors to stop.
Called postfire()
Called prefire()
Called fire()
Checking for deadlock:
There are 3 Blocked actors, 0 Stopped actors, and 4 active threads.
Waiting for actors to stop.
Read input token from inputB with value 1.5
Checking for deadlock:
There are 2 Blocked actors, 0 Stopped actors, and 4 active threads.
Waiting for actors to stop.
-- Read input: 1.0, which is expected to match: 1.0
Called prefire()
Called fire()
Checking for deadlock:
There are 3 Blocked actors, 0 Stopped actors, and 4 active threads.
Waiting for actors to stop.
Sent output token with value 1.0
Next port to read input from is inputA
Called postfire()
Called prefire()
Called fire()
Checking for deadlock:
There are 2 Blocked actors, 0 Stopped actors, and 4 active threads.
Waiting for actors to stop.
Called postfire()
Called prefire()
Called fire()
Checking for deadlock:
There are 3 Blocked actors, 0 Stopped actors, and 4 active threads.
Waiting for actors to stop.
Read input token from inputA with value 2.0
Checking for deadlock:
There are 2 Blocked actors, 0 Stopped actors, and 4 active threads.
Waiting for actors to stop.
-- Read input: 1.5, which is expected to match: 1.5
Called prefire()
Called fire()
Checking for deadlock:
There are 3 Blocked actors, 0 Stopped actors, and 4 active threads.
Waiting for actors to stop.
Sent output token with value 1.5
Next port to read input from is inputB
Called postfire()
Called prefire()
Called fire()
Called postfire()
Called prefire()
Called fire()
Checking for deadlock:
There are 3 Blocked actors, 0 Stopped actors, and 4 active threads.
Waiting for actors to stop.
Read input token from inputB with value 3.0
-- Read input: 2.0, which is expected to match: 2.0
Called prefire()
Called fire()
Checking for deadlock:
There are 3 Blocked actors, 0 Stopped actors, and 4 active threads.
Waiting for actors to stop.
Sent output token with value 2.0
Next port to read input from is inputA
Called postfire()
Called prefire()
Called fire()
Called postfire()
Called prefire()
Called fire()
Checking for deadlock:
There are 3 Blocked actors, 0 Stopped actors, and 4 active threads.
Waiting for actors to stop.
Read input token from inputA with value 3.0
-- Read input: 3.0, which is expected to match: 3.0
Called prefire()
Called fire()
Checking for deadlock:
There are 3 Blocked actors, 0 Stopped actors, and 4 active threads.
Waiting for actors to stop.
Sent output token with value 3.0
Next port to read input from is inputB
Called postfire()
Called prefire()
Called fire()
Called postfire()
Called prefire()
Called fire()
Checking for deadlock:
There are 3 Blocked actors, 0 Stopped actors, and 4 active threads.
Waiting for actors to stop.
Read input token from inputB with value 4.5
-- Read input: 3.0, which is expected to match: 3.0
Called prefire()
Called fire()
Checking for deadlock:
There are 3 Blocked actors, 0 Stopped actors, and 4 active threads.
Waiting for actors to stop.
Sent output token with value 3.0
Next port to read input from is inputA
Called postfire()
Called prefire()
Called fire()
Checking for deadlock:
There are 2 Blocked actors, 0 Stopped actors, and 4 active threads.
Waiting for actors to stop.
Called postfire()
Called prefire()
Called fire()
Checking for deadlock:
There are 3 Blocked actors, 0 Stopped actors, and 4 active threads.
Waiting for actors to stop.
Read input token from inputA with value 4.0
Checking for deadlock:
There are 2 Blocked actors, 0 Stopped actors, and 4 active threads.
Waiting for actors to stop.
-- Read input: 4.0, which is expected to match: 4.0
Called prefire()
Called fire()
Past the end of training data. Read and discard all inputs.
Checking for deadlock:
There are 3 Blocked actors, 0 Stopped actors, and 4 active threads.
Waiting for actors to stop.
Sent output token with value 4.0
Next port to read input from is inputA
Called postfire()
Called prefire()
Called fire()
Checking for deadlock:
There are 2 Blocked actors, 0 Stopped actors, and 4 active threads.
Waiting for actors to stop.
Called postfire()
Called prefire()
Called fire()
Checking for deadlock:
There are 3 Blocked actors, 0 Stopped actors, and 4 active threads.
Waiting for actors to stop.
Read input token from inputA with value 5.0
Checking for deadlock:
There are 2 Blocked actors, 0 Stopped actors, and 4 active threads.
Waiting for actors to stop.
Called prefire()
Called fire()
Past the end of training data. Read and discard all inputs.
Checking for deadlock:
There are 3 Blocked actors, 0 Stopped actors, and 4 active threads.
Waiting for actors to stop.
Sent output token with value 4.5
Next port to read input from is inputB
Called postfire()
Called prefire()
Called fire()
Called postfire()
Called prefire()
Called fire()
Checking for deadlock:
There are 3 Blocked actors, 0 Stopped actors, and 4 active threads.
Waiting for actors to stop.
Read input token from inputB with value 6.0
Called prefire()
Called fire()
Past the end of training data. Read and discard all inputs.
Checking for deadlock:
There are 3 Blocked actors, 0 Stopped actors, and 4 active threads.
Waiting for actors to stop.
Sent output token with value 5.0
Next port to read input from is inputA
Called postfire()
Called prefire()
Called fire()
Checking for deadlock:
There are 2 Blocked actors, 0 Stopped actors, and 4 active threads.
Waiting for actors to stop.
Called postfire()
Called prefire()
Called fire()
Checking for deadlock:
There are 3 Blocked actors, 0 Stopped actors, and 4 active threads.
Waiting for actors to stop.
Read input token from inputA with value 6.0
Checking for deadlock:
There are 2 Blocked actors, 0 Stopped actors, and 4 active threads.
Waiting for actors to stop.
Called prefire()
Called fire()
Past the end of training data. Read and discard all inputs.
Checking for deadlock:
There are 3 Blocked actors, 0 Stopped actors, and 4 active threads.
Waiting for actors to stop.
Sent output token with value 6.0
Next port to read input from is inputB
Called postfire()
Called prefire()
Called fire()
Called postfire()
Called prefire()
Called fire()
Checking for deadlock:
There are 3 Blocked actors, 0 Stopped actors, and 4 active threads.
Waiting for actors to stop.
Read input token from inputB with value 7.5
Called prefire()
Called fire()
Past the end of training data. Read and discard all inputs.
Checking for deadlock:
There are 3 Blocked actors, 0 Stopped actors, and 4 active threads.
Waiting for actors to stop.
Sent output token with value 6.0
Next port to read input from is inputA
Called postfire()
Called prefire()
Called fire()
Checking for deadlock:
There are 2 Blocked actors, 0 Stopped actors, and 4 active threads.
Waiting for actors to stop.
Called postfire()
Called prefire()
Called fire()
Checking for deadlock:
There are 3 Blocked actors, 0 Stopped actors, and 4 active threads.
Waiting for actors to stop.
Read input token from inputA with value 7.0
Checking for deadlock:
There are 2 Blocked actors, 0 Stopped actors, and 4 active threads.
Waiting for actors to stop.
Called prefire()
Called fire()
Past the end of training data. Read and discard all inputs.
Checking for deadlock:
There are 3 Blocked actors, 0 Stopped actors, and 4 active threads.
Waiting for actors to stop.
Sent output token with value 7.0
Next port to read input from is inputA
Called postfire()
Called prefire()
Called fire()
Checking for deadlock:
There are 2 Blocked actors, 0 Stopped actors, and 4 active threads.
Waiting for actors to stop.
-- Thread wrapup() called.
Called wrapup()
Thread .top.Ramp is exiting.
-- Thread stopped.
Checking for deadlock:
There are 2 Blocked actors, 0 Stopped actors, and 3 active threads.
Waiting for actors to stop.
Read input token from inputA with value 8.0
Called prefire()
Called fire()
Past the end of training data. Read and discard all inputs.
Checking for deadlock:
There are 2 Blocked actors, 0 Stopped actors, and 3 active threads.
Waiting for actors to stop.
Sent output token with value 7.5
Next port to read input from is inputB
Called postfire()
Called prefire()
Called fire()
Checking for deadlock:
There are 1 Blocked actors, 0 Stopped actors, and 3 active threads.
Waiting for actors to stop.
Called postfire()
Called prefire()
Called fire()
Checking for deadlock:
There are 2 Blocked actors, 0 Stopped actors, and 3 active threads.
Waiting for actors to stop.
Read input token from inputB with value 9.0
Checking for deadlock:
There are 1 Blocked actors, 0 Stopped actors, and 3 active threads.
Waiting for actors to stop.
Called prefire()
Called fire()
Past the end of training data. Read and discard all inputs.
Checking for deadlock:
There are 2 Blocked actors, 0 Stopped actors, and 3 active threads.
Waiting for actors to stop.
Sent output token with value 8.0
Next port to read input from is inputA
Called postfire()
Called prefire()
Called fire()
Read input token from inputA with value 9.0
Called prefire()
Called fire()
Past the end of training data. Read and discard all inputs.
Checking for deadlock:
There are 2 Blocked actors, 0 Stopped actors, and 3 active threads.
Waiting for actors to stop.
Sent output token with value 9.0
Next port to read input from is inputB
Called postfire()
Called prefire()
Called fire()
Called postfire()
Called prefire()
Called fire()
Checking for deadlock:
There are 2 Blocked actors, 0 Stopped actors, and 3 active threads.
Waiting for actors to stop.
Read input token from inputB with value 10.5
Called prefire()
Called fire()
Past the end of training data. Read and discard all inputs.
Checking for deadlock:
There are 2 Blocked actors, 0 Stopped actors, and 3 active threads.
Waiting for actors to stop.
Sent output token with value 9.0
Next port to read input from is inputA
Called postfire()
Called prefire()
Called fire()
Checking for deadlock:
There are 3 Blocked actors, 0 Stopped actors, and 3 active threads.
Actors have stopped.
Checking for deadlock:
There are 3 Blocked actors, 0 Stopped actors, and 3 active threads.
Deadlock detected.
Resolving Deadlock
Checking for deadlock:
There are 3 Blocked actors, 0 Stopped actors, and 3 active threads.
Artificial Deadlock - increasing queue capacity.
increasing the capacity of receiver ptolemy.actor.TypedIOPort {.top.OrderedMerge.inputB} to 2
Director: Called postfire().
Called postfire().
_stopRequested = false
_stopFireRequested = false
Returning from postfire(): true
Called fire().
Checking for deadlock:
There are 2 Blocked actors, 0 Stopped actors, and 3 active threads.
Waiting for actors to stop.
-- Thread wrapup() called.
Called wrapup()
Thread .top.Ramp2 is exiting.
-- Thread stopped.
Checking for deadlock:
There are 2 Blocked actors, 0 Stopped actors, and 2 active threads.
Actors have stopped.
Checking for deadlock:
There are 2 Blocked actors, 0 Stopped actors, and 2 active threads.
Deadlock detected.
Resolving Deadlock
Checking for deadlock:
There are 2 Blocked actors, 0 Stopped actors, and 2 active threads.
Deadlock detected: no processes blocked on write, but some are blocked on read.
Called postfire().
_stopRequested = false
_stopFireRequested = false
Returning from postfire(): false
Finished deactivating branches.
Called wrapup().
-- Thread wrapup() called.
Called wrapup()
-- Thread wrapup() called.
Called wrapup()
Thread .top.Test is exiting.
-- Thread stopped.
-- Blocked Receiver call threw TerminateProcessException.
Thread .top.OrderedMerge is exiting.
35 ms. Memory: 129024K Free: 73062K (57%)
/home/travis/build/icyphy/ptII/ptolemy/actor/lib/test/Publisher.tcl
-- Thread stopped.
-- Blocked Receiver call threw TerminateProcessException.
14 ms. Memory: 129024K Free: 109375K (85%)
6 ms. Memory: 129024K Free: 103759K (80%)
7 ms. Memory: 129024K Free: 100173K (78%)
5 ms. Memory: 129024K Free: 99149K (77%)
9 ms. Memory: 129024K Free: 112404K (87%)
13 ms. Memory: 129024K Free: 111976K (87%)
3 ms. Memory: 129024K Free: 110952K (86%)
4 ms. Memory: 129024K Free: 109928K (85%)
14 ms. Memory: 129024K Free: 100198K (78%)
4 ms. Memory: 129024K Free: 96616K (75%)
2 ms. Memory: 129024K Free: 95592K (74%)
4 ms. Memory: 129024K Free: 93544K (73%)
6 ms. Memory: 129024K Free: 85862K (67%)
6 ms. Memory: 129024K Free: 76136K (59%)
12 ms. Memory: 129024K Free: 111854K (87%)
/home/travis/build/icyphy/ptII/ptolemy/actor/lib/test/Pulse.tcl
5 ms. Memory: 129024K Free: 73960K (57%)
10 ms. Memory: 129024K Free: 73456K (57%)
8 ms. Memory: 129024K Free: 72912K (57%)
2 ms. Memory: 129024K Free: 72432K (56%)
2 ms. Memory: 129024K Free: 71904K (56%)
9 ms. Memory: 129024K Free: 70894K (55%)
10 ms. Memory: 129024K Free: 69840K (54%)
5 ms. Memory: 129024K Free: 68832K (53%)
1 ms. Memory: 129024K Free: 68336K (53%)
/home/travis/build/icyphy/ptII/ptolemy/actor/lib/test/Ramp.tcl
8 ms. Memory: 129024K Free: 66288K (51%)
4 ms. Memory: 129024K Free: 65768K (51%)
2 ms. Memory: 129024K Free: 64736K (50%)
2 ms. Memory: 129024K Free: 64240K (50%)
6 ms. Memory: 129024K Free: 63216K (49%)
8 ms. Memory: 129024K Free: 62702K (49%)
5 ms. Memory: 129024K Free: 61648K (48%)
5 actors
10000 microseconds per iteration to create
26 ms. Memory: 155648K Free: 137516K (88%)
3 ms. Memory: 155648K Free: 137020K (88%)
7 ms. Memory: 155648K Free: 136450K (88%)
2 ms. Memory: 155648K Free: 135996K (87%)
50 actors
33000 microseconds per iteration to create
41 ms. Memory: 155648K Free: 120108K (77%)
17 ms. Memory: 155648K Free: 119092K (77%)
14 ms. Memory: 155648K Free: 118074K (76%)
5 ms. Memory: 155648K Free: 117050K (75%)
500 actors
1768000 microseconds per iteration to create
252 ms. Memory: 155648K Free: 87244K (56%)
42 ms. Memory: 155648K Free: 82118K (53%)
46 ms. Memory: 155648K Free: 77004K (49%)
36 ms. Memory: 155648K Free: 71884K (46%)
/home/travis/build/icyphy/ptII/ptolemy/actor/lib/test/RampContinuous.tcl
9 ms. Memory: 155648K Free: 70350K (45%)
/home/travis/build/icyphy/ptII/ptolemy/actor/lib/test/RecordAssembler.tcl
8 ms. Memory: 155648K Free: 68806K (44%)
4 ms. Memory: 155648K Free: 67758K (44%)
/home/travis/build/icyphy/ptII/ptolemy/actor/lib/test/RecordDisassembler.tcl
15 ms. Memory: 155648K Free: 65740K (42%)
5 ms. Memory: 155648K Free: 65230K (42%)
4 ms. Memory: 155648K Free: 63692K (41%)
/home/travis/build/icyphy/ptII/ptolemy/actor/lib/test/Scale.tcl
4 ms. Memory: 155648K Free: 62158K (40%)
1 ms. Memory: 155648K Free: 61638K (40%)
1 ms. Memory: 155648K Free: 60606K (39%)
2 ms. Memory: 155648K Free: 59590K (38%)
4 ms. Memory: 155648K Free: 59086K (38%)
/home/travis/build/icyphy/ptII/ptolemy/actor/lib/test/SequentialClock.tcl
preinitializing
resolving types
initializing
executing number 1
wrapping up
idle
5 ms. Memory: 155648K Free: 131641K (85%)
Completed execution with 5 iterations
preinitializing
resolving types
initializing
executing number 1
wrapping up
idle
2 ms. Memory: 155648K Free: 131148K (84%)
Completed execution with 5 iterations
preinitializing
resolving types
initializing
executing number 1
wrapping up
idle
1 ms. Memory: 155648K Free: 130603K (84%)
Completed execution with 5 iterations
/home/travis/build/icyphy/ptII/ptolemy/actor/lib/test/SetVariable.tcl
5 ms. Memory: 155648K Free: 128586K (83%)
/home/travis/build/icyphy/ptII/ptolemy/actor/lib/test/Sinewave.tcl
/home/travis/build/icyphy/ptII/ptolemy/actor/lib/test/SubscriptionAggregator.tcl
5 ms. Memory: 155648K Free: 117322K (75%)
8 ms. Memory: 155648K Free: 116812K (75%)
2 ms. Memory: 155648K Free: 116298K (75%)
0 ms. Memory: 155648K Free: 115788K (74%)
1 ms. Memory: 155648K Free: 112202K (72%)
10 ms. Memory: 155648K Free: 110154K (71%)
...............................................................960 ms. Memory: 279552K Free: 158940K (57%)
/home/travis/build/icyphy/ptII/ptolemy/actor/lib/test/Test.tcl
 The next command will produce a warning about training mode,
   which may be ignored.
6 ms. Memory: 279552K Free: 156923K (56%)
7 ms. Memory: 279552K Free: 156420K (56%)
2 ms. Memory: 279552K Free: 155396K (56%)
2 ms. Memory: 279552K Free: 154882K (55%)
2 ms. Memory: 279552K Free: 154372K (55%)
2 ms. Memory: 279552K Free: 153348K (55%)
4 ms. Memory: 279552K Free: 151795K (54%)
 The next command will produce a warning about training mode,
   which may be ignored.
4 ms. Memory: 279552K Free: 149252K (53%)
 The next command will produce a warning about training mode,
   which may be ignored.
2 ms. Memory: 279552K Free: 148228K (53%)
1 ms. Memory: 279552K Free: 147683K (53%)
1 ms. Memory: 279552K Free: 147204K (53%)
2 ms. Memory: 279552K Free: 146659K (52%)
6 ms. Memory: 279552K Free: 145666K (52%)
6 ms. Memory: 279552K Free: 142084K (51%)
/home/travis/build/icyphy/ptII/ptolemy/actor/lib/test/TestExceptionHandler.tcl
 The next command will produce a warning about training mode,
   which may be ignored.
3 ms. Memory: 279552K Free: 140546K (50%)
0 ms. Memory: 279552K Free: 140036K (50%)
1 ms. Memory: 279552K Free: 139491K (50%)
/home/travis/build/icyphy/ptII/ptolemy/actor/lib/test/UnionDisassembler.tcl
26 ms. Memory: 279552K Free: 132339K (47%)
/home/travis/build/icyphy/ptII/ptolemy/actor/lib/test/VariableClock.tcl
preinitializing
resolving types
initializing
executing number 1
wrapping up
idle
5 ms. Memory: 279552K Free: 130291K (47%)
Completed execution with 11 iterations
preinitializing
resolving types
initializing
executing number 1
wrapping up
idle
4 ms. Memory: 279552K Free: 129267K (46%)
Completed execution with 10 iterations
06/02/20 02:39:49
Failed: 0  Total Tests: 233  ((Passed: 233, Newly Passed: 0)  Known Failed: 0) /home/travis/build/icyphy/ptII/ptolemy/actor/lib/test
----------------- testing (KnownFailure) /home/travis/build/icyphy/ptII/ptolemy/actor/lib/test/auto/knownFailedTests/PublisherPortToplevelSubscriber.xml
0 ms. Memory: 279552K Free: 125700K (45%)
Known Failure: java.lang.reflect.InvocationTargetException
----------------- testing (KnownFailure) /home/travis/build/icyphy/ptII/ptolemy/actor/lib/test/auto/knownFailedTests/PublisherSubscriberPortToplevel.xml
1 ms. Memory: 279552K Free: 122114K (44%)
Known Failure: java.lang.reflect.InvocationTargetException
----------------- testing (KnownFailure) /home/travis/build/icyphy/ptII/ptolemy/actor/lib/test/auto/knownFailedTests/PublisherSubscriptionAggregatorPort.xml
0 ms. Memory: 279552K Free: 118018K (42%)
Known Failure: java.lang.reflect.InvocationTargetException
----------------- testing (KnownFailure) /home/travis/build/icyphy/ptII/ptolemy/actor/lib/test/auto/knownFailedTests/sizedarray3.xml
4 ms. Memory: 279552K Free: 113412K (41%)
Known Failure: java.lang.reflect.InvocationTargetException
No auto/linux-amd64/*.xml tests in /home/travis/build/icyphy/ptII/ptolemy/actor/lib/test
AutoTests.java: About to close Vertx.
AutoTests.java: Vertx closed.

===========================================================================================
----------------- testing Tue Jun 02 14:39:49 UTC 2020 /home/travis/build/icyphy/ptII/ptolemy/actor/lib/test/auto/AbsoluteValue.xml
----------------- Instantiating /home/travis/build/icyphy/ptII/ptolemy/actor/lib/test/auto/AbsoluteValue.xml
3 ms. Memory: 279552K Free: 213565K (76%)
----------------- Invoking toplevel() on ptolemy.moml.MoMLSimpleApplication@43beab56
----------------- Done invoking toplevel() on ptolemy.moml.MoMLSimpleApplication@43beab56
reloadAllAccessors: .AbsoluteValue

===========================================================================================
----------------- testing Tue Jun 02 14:39:49 UTC 2020 /home/travis/build/icyphy/ptII/ptolemy/actor/lib/test/auto/AbsoluteValue2.xml
----------------- Instantiating /home/travis/build/icyphy/ptII/ptolemy/actor/lib/test/auto/AbsoluteValue2.xml
12 ms. Memory: 279552K Free: 206907K (74%)
----------------- Invoking toplevel() on ptolemy.moml.MoMLSimpleApplication@1745baea
----------------- Done invoking toplevel() on ptolemy.moml.MoMLSimpleApplication@1745baea
reloadAllAccessors: .AbsoluteValue2

===========================================================================================
----------------- testing Tue Jun 02 14:39:49 UTC 2020 /home/travis/build/icyphy/ptII/ptolemy/actor/lib/test/auto/Accumulator.xml
----------------- Instantiating /home/travis/build/icyphy/ptII/ptolemy/actor/lib/test/auto/Accumulator.xml
5 ms. Memory: 279552K Free: 200253K (72%)
----------------- Invoking toplevel() on ptolemy.moml.MoMLSimpleApplication@5b6dac67
----------------- Done invoking toplevel() on ptolemy.moml.MoMLSimpleApplication@5b6dac67
reloadAllAccessors: .Accumulator

===========================================================================================
----------------- testing Tue Jun 02 14:39:50 UTC 2020 /home/travis/build/icyphy/ptII/ptolemy/actor/lib/test/auto/Accumulator2.xml
----------------- Instantiating /home/travis/build/icyphy/ptII/ptolemy/actor/lib/test/auto/Accumulator2.xml
3 ms. Memory: 279552K Free: 195133K (70%)
----------------- Invoking toplevel() on ptolemy.moml.MoMLSimpleApplication@48b6653e
----------------- Done invoking toplevel() on ptolemy.moml.MoMLSimpleApplication@48b6653e
reloadAllAccessors: .Accumulator2

===========================================================================================
----------------- testing Tue Jun 02 14:39:50 UTC 2020 /home/travis/build/icyphy/ptII/ptolemy/actor/lib/test/auto/Accumulator3.xml
----------------- Instantiating /home/travis/build/icyphy/ptII/ptolemy/actor/lib/test/auto/Accumulator3.xml
3 ms. Memory: 279552K Free: 190523K (68%)
----------------- Invoking toplevel() on ptolemy.moml.MoMLSimpleApplication@64cd00e5
----------------- Done invoking toplevel() on ptolemy.moml.MoMLSimpleApplication@64cd00e5
reloadAllAccessors: .Accumulator3

===========================================================================================
----------------- testing Tue Jun 02 14:39:50 UTC 2020 /home/travis/build/icyphy/ptII/ptolemy/actor/lib/test/auto/ArrayAppend.xml
----------------- Instantiating /home/travis/build/icyphy/ptII/ptolemy/actor/lib/test/auto/ArrayAppend.xml
9 ms. Memory: 279552K Free: 184893K (66%)
----------------- Invoking toplevel() on ptolemy.moml.MoMLSimpleApplication@62fc44ec
----------------- Done invoking toplevel() on ptolemy.moml.MoMLSimpleApplication@62fc44ec
reloadAllAccessors: .ArrayAppend

===========================================================================================
----------------- testing Tue Jun 02 14:39:50 UTC 2020 /home/travis/build/icyphy/ptII/ptolemy/actor/lib/test/auto/ArrayAppend2.xml
----------------- Instantiating /home/travis/build/icyphy/ptII/ptolemy/actor/lib/test/auto/ArrayAppend2.xml
404 ms. Memory: 279552K Free: 102459K (37%)
----------------- Invoking toplevel() on ptolemy.moml.MoMLSimpleApplication@1fb475b0
----------------- Done invoking toplevel() on ptolemy.moml.MoMLSimpleApplication@1fb475b0
reloadAllAccessors: .ArrayAppend2

===========================================================================================
----------------- testing Tue Jun 02 14:39:50 UTC 2020 /home/travis/build/icyphy/ptII/ptolemy/actor/lib/test/auto/ArrayAppend3.xml
----------------- Instantiating /home/travis/build/icyphy/ptII/ptolemy/actor/lib/test/auto/ArrayAppend3.xml
7 ms. Memory: 279552K Free: 96829K (35%)
----------------- Invoking toplevel() on ptolemy.moml.MoMLSimpleApplication@61b8e7b5
----------------- Done invoking toplevel() on ptolemy.moml.MoMLSimpleApplication@61b8e7b5
reloadAllAccessors: .ArrayAppend3

===========================================================================================
----------------- testing Tue Jun 02 14:39:50 UTC 2020 /home/travis/build/icyphy/ptII/ptolemy/actor/lib/test/auto/ArrayAppend4.xml
----------------- Instantiating /home/travis/build/icyphy/ptII/ptolemy/actor/lib/test/auto/ArrayAppend4.xml
3 ms. Memory: 279552K Free: 91709K (33%)
----------------- Invoking toplevel() on ptolemy.moml.MoMLSimpleApplication@631849eb
----------------- Done invoking toplevel() on ptolemy.moml.MoMLSimpleApplication@631849eb
reloadAllAccessors: .ArrayAppend4

===========================================================================================
----------------- testing Tue Jun 02 14:39:50 UTC 2020 /home/travis/build/icyphy/ptII/ptolemy/actor/lib/test/auto/ArrayAppend5.xml
----------------- Instantiating /home/travis/build/icyphy/ptII/ptolemy/actor/lib/test/auto/ArrayAppend5.xml
3 ms. Memory: 279552K Free: 86075K (31%)
----------------- Invoking toplevel() on ptolemy.moml.MoMLSimpleApplication@367e9ba3
----------------- Done invoking toplevel() on ptolemy.moml.MoMLSimpleApplication@367e9ba3
reloadAllAccessors: .ArrayAppend5

===========================================================================================
----------------- testing Tue Jun 02 14:39:50 UTC 2020 /home/travis/build/icyphy/ptII/ptolemy/actor/lib/test/auto/ArrayAppend6.xml
----------------- Instantiating /home/travis/build/icyphy/ptII/ptolemy/actor/lib/test/auto/ArrayAppend6.xml
4 ms. Memory: 279552K Free: 229376K (82%)
----------------- Invoking toplevel() on ptolemy.moml.MoMLSimpleApplication@173424ff
----------------- Done invoking toplevel() on ptolemy.moml.MoMLSimpleApplication@173424ff
reloadAllAccessors: .ArrayAppend6

===========================================================================================
----------------- testing Tue Jun 02 14:39:50 UTC 2020 /home/travis/build/icyphy/ptII/ptolemy/actor/lib/test/auto/ArrayAppendPerformanceTest.xml
----------------- Instantiating /home/travis/build/icyphy/ptII/ptolemy/actor/lib/test/auto/ArrayAppendPerformanceTest.xml
27 ms. Memory: 279552K Free: 217088K (78%)
----------------- Invoking toplevel() on ptolemy.moml.MoMLSimpleApplication@608b15c2
----------------- Done invoking toplevel() on ptolemy.moml.MoMLSimpleApplication@608b15c2
reloadAllAccessors: .ArrayAppendPerformanceTest

===========================================================================================
----------------- testing Tue Jun 02 14:39:50 UTC 2020 /home/travis/build/icyphy/ptII/ptolemy/actor/lib/test/auto/ArrayAppendWithEmptyInput.xml
----------------- Instantiating /home/travis/build/icyphy/ptII/ptolemy/actor/lib/test/auto/ArrayAppendWithEmptyInput.xml
13 ms. Memory: 279552K Free: 209406K (75%)
----------------- Invoking toplevel() on ptolemy.moml.MoMLSimpleApplication@64914308
----------------- Done invoking toplevel() on ptolemy.moml.MoMLSimpleApplication@64914308
reloadAllAccessors: .ArrayAppendWithEmptyInput

===========================================================================================
----------------- testing Tue Jun 02 14:39:50 UTC 2020 /home/travis/build/icyphy/ptII/ptolemy/actor/lib/test/auto/ArrayAverage.xml
----------------- Instantiating /home/travis/build/icyphy/ptII/ptolemy/actor/lib/test/auto/ArrayAverage.xml
4 ms. Memory: 279552K Free: 201214K (72%)
----------------- Invoking toplevel() on ptolemy.moml.MoMLSimpleApplication@4d6bf4d4
----------------- Done invoking toplevel() on ptolemy.moml.MoMLSimpleApplication@4d6bf4d4
reloadAllAccessors: .ArrayAverage

===========================================================================================
----------------- testing Tue Jun 02 14:39:50 UTC 2020 /home/travis/build/icyphy/ptII/ptolemy/actor/lib/test/auto/ArrayContains.xml
----------------- Instantiating /home/travis/build/icyphy/ptII/ptolemy/actor/lib/test/auto/ArrayContains.xml
9 ms. Memory: 279552K Free: 195584K (70%)
----------------- Invoking toplevel() on ptolemy.moml.MoMLSimpleApplication@30764edf
----------------- Done invoking toplevel() on ptolemy.moml.MoMLSimpleApplication@30764edf
reloadAllAccessors: .ArrayContains

===========================================================================================
----------------- testing Tue Jun 02 14:39:51 UTC 2020 /home/travis/build/icyphy/ptII/ptolemy/actor/lib/test/auto/ArrayElement.xml
----------------- Instantiating /home/travis/build/icyphy/ptII/ptolemy/actor/lib/test/auto/ArrayElement.xml
8 ms. Memory: 279552K Free: 189440K (68%)
----------------- Invoking toplevel() on ptolemy.moml.MoMLSimpleApplication@216b0d56
----------------- Done invoking toplevel() on ptolemy.moml.MoMLSimpleApplication@216b0d56
reloadAllAccessors: .ArrayElement

===========================================================================================
----------------- testing Tue Jun 02 14:39:51 UTC 2020 /home/travis/build/icyphy/ptII/ptolemy/actor/lib/test/auto/ArrayElementAsMatrix.xml
----------------- Instantiating /home/travis/build/icyphy/ptII/ptolemy/actor/lib/test/auto/ArrayElementAsMatrix.xml
26 ms. Memory: 279552K Free: 179710K (64%)
----------------- Invoking toplevel() on ptolemy.moml.MoMLSimpleApplication@759a2bce
----------------- Done invoking toplevel() on ptolemy.moml.MoMLSimpleApplication@759a2bce
reloadAllAccessors: .ArrayElementAsMatrix

===========================================================================================
----------------- testing Tue Jun 02 14:39:51 UTC 2020 /home/travis/build/icyphy/ptII/ptolemy/actor/lib/test/auto/ArrayElementI.xml
----------------- Instantiating /home/travis/build/icyphy/ptII/ptolemy/actor/lib/test/auto/ArrayElementI.xml
3 ms. Memory: 279552K Free: 174080K (62%)
----------------- Invoking toplevel() on ptolemy.moml.MoMLSimpleApplication@1654fde8
----------------- Done invoking toplevel() on ptolemy.moml.MoMLSimpleApplication@1654fde8
reloadAllAccessors: .ArrayElementI

===========================================================================================
----------------- testing Tue Jun 02 14:39:51 UTC 2020 /home/travis/build/icyphy/ptII/ptolemy/actor/lib/test/auto/ArrayExtract.xml
----------------- Instantiating /home/travis/build/icyphy/ptII/ptolemy/actor/lib/test/auto/ArrayExtract.xml
9 ms. Memory: 279552K Free: 165888K (59%)
----------------- Invoking toplevel() on ptolemy.moml.MoMLSimpleApplication@48e31479
----------------- Done invoking toplevel() on ptolemy.moml.MoMLSimpleApplication@48e31479
reloadAllAccessors: .ArrayExtract

===========================================================================================
----------------- testing Tue Jun 02 14:39:51 UTC 2020 /home/travis/build/icyphy/ptII/ptolemy/actor/lib/test/auto/ArrayExtract2.xml
----------------- Instantiating /home/travis/build/icyphy/ptII/ptolemy/actor/lib/test/auto/ArrayExtract2.xml
2 ms. Memory: 279552K Free: 160223K (57%)
----------------- Invoking toplevel() on ptolemy.moml.MoMLSimpleApplication@4b6cc2d7
----------------- Done invoking toplevel() on ptolemy.moml.MoMLSimpleApplication@4b6cc2d7
reloadAllAccessors: .ArrayExtract2

===========================================================================================
----------------- testing Tue Jun 02 14:39:51 UTC 2020 /home/travis/build/icyphy/ptII/ptolemy/actor/lib/test/auto/ArrayLength.xml
----------------- Instantiating /home/travis/build/icyphy/ptII/ptolemy/actor/lib/test/auto/ArrayLength.xml
2 ms. Memory: 279552K Free: 156672K (56%)
----------------- Invoking toplevel() on ptolemy.moml.MoMLSimpleApplication@30359743
----------------- Done invoking toplevel() on ptolemy.moml.MoMLSimpleApplication@30359743
reloadAllAccessors: .ArrayLength

===========================================================================================
----------------- testing Tue Jun 02 14:39:51 UTC 2020 /home/travis/build/icyphy/ptII/ptolemy/actor/lib/test/auto/ArrayLevelCrossing.xml
----------------- Instantiating /home/travis/build/icyphy/ptII/ptolemy/actor/lib/test/auto/ArrayLevelCrossing.xml
3 ms. Memory: 279552K Free: 148990K (53%)
----------------- Invoking toplevel() on ptolemy.moml.MoMLSimpleApplication@312bf6e7
----------------- Done invoking toplevel() on ptolemy.moml.MoMLSimpleApplication@312bf6e7
reloadAllAccessors: .ArrayLevelCrossing

===========================================================================================
----------------- testing Tue Jun 02 14:39:51 UTC 2020 /home/travis/build/icyphy/ptII/ptolemy/actor/lib/test/auto/ArrayLevelCrossing2.xml
----------------- Instantiating /home/travis/build/icyphy/ptII/ptolemy/actor/lib/test/auto/ArrayLevelCrossing2.xml
3 ms. Memory: 279552K Free: 141312K (51%)
----------------- Invoking toplevel() on ptolemy.moml.MoMLSimpleApplication@118ac9c2
----------------- Done invoking toplevel() on ptolemy.moml.MoMLSimpleApplication@118ac9c2
reloadAllAccessors: .ArrayLevelCrossing2

===========================================================================================
----------------- testing Tue Jun 02 14:39:51 UTC 2020 /home/travis/build/icyphy/ptII/ptolemy/actor/lib/test/auto/ArrayPeakSearch.xml
----------------- Instantiating /home/travis/build/icyphy/ptII/ptolemy/actor/lib/test/auto/ArrayPeakSearch.xml
4 ms. Memory: 279552K Free: 132606K (47%)
----------------- Invoking toplevel() on ptolemy.moml.MoMLSimpleApplication@6175f083
----------------- Done invoking toplevel() on ptolemy.moml.MoMLSimpleApplication@6175f083
reloadAllAccessors: .ArrayPeakSearch

===========================================================================================
----------------- testing Tue Jun 02 14:39:51 UTC 2020 /home/travis/build/icyphy/ptII/ptolemy/actor/lib/test/auto/ArrayPeakSearch2.xml
----------------- Instantiating /home/travis/build/icyphy/ptII/ptolemy/actor/lib/test/auto/ArrayPeakSearch2.xml
8 ms. Memory: 279552K Free: 121856K (44%)
----------------- Invoking toplevel() on ptolemy.moml.MoMLSimpleApplication@3882f2a0
----------------- Done invoking toplevel() on ptolemy.moml.MoMLSimpleApplication@3882f2a0
reloadAllAccessors: .ArrayPeakSearch2

===========================================================================================
----------------- testing Tue Jun 02 14:39:51 UTC 2020 /home/travis/build/icyphy/ptII/ptolemy/actor/lib/test/auto/ArrayPeakSearch3.xml
----------------- Instantiating /home/travis/build/icyphy/ptII/ptolemy/actor/lib/test/auto/ArrayPeakSearch3.xml
4 ms. Memory: 279552K Free: 113150K (40%)
----------------- Invoking toplevel() on ptolemy.moml.MoMLSimpleApplication@18fef8bb
----------------- Done invoking toplevel() on ptolemy.moml.MoMLSimpleApplication@18fef8bb
reloadAllAccessors: .ArrayPeakSearch3

===========================================================================================
----------------- testing Tue Jun 02 14:39:51 UTC 2020 /home/travis/build/icyphy/ptII/ptolemy/actor/lib/test/auto/ArrayRemoveElement.xml
----------------- Instantiating /home/travis/build/icyphy/ptII/ptolemy/actor/lib/test/auto/ArrayRemoveElement.xml
3 ms. Memory: 279552K Free: 104958K (38%)
----------------- Invoking toplevel() on ptolemy.moml.MoMLSimpleApplication@70a3cfe6
----------------- Done invoking toplevel() on ptolemy.moml.MoMLSimpleApplication@70a3cfe6
reloadAllAccessors: .ArrayRemoveElement

===========================================================================================
----------------- testing Tue Jun 02 14:39:51 UTC 2020 /home/travis/build/icyphy/ptII/ptolemy/actor/lib/test/auto/ArraySort.xml
----------------- Instantiating /home/travis/build/icyphy/ptII/ptolemy/actor/lib/test/auto/ArraySort.xml
8 ms. Memory: 279552K Free: 96256K (34%)
----------------- Invoking toplevel() on ptolemy.moml.MoMLSimpleApplication@2df57d1b
----------------- Done invoking toplevel() on ptolemy.moml.MoMLSimpleApplication@2df57d1b
reloadAllAccessors: .ArraySort

===========================================================================================
----------------- testing Tue Jun 02 14:39:51 UTC 2020 /home/travis/build/icyphy/ptII/ptolemy/actor/lib/test/auto/ArraySum.xml
----------------- Instantiating /home/travis/build/icyphy/ptII/ptolemy/actor/lib/test/auto/ArraySum.xml
4 ms. Memory: 279552K Free: 90622K (32%)
----------------- Invoking toplevel() on ptolemy.moml.MoMLSimpleApplication@21594c02
----------------- Done invoking toplevel() on ptolemy.moml.MoMLSimpleApplication@21594c02
reloadAllAccessors: .ArraySum

===========================================================================================
----------------- testing Tue Jun 02 14:39:51 UTC 2020 /home/travis/build/icyphy/ptII/ptolemy/actor/lib/test/auto/ArrayToElements.xml
----------------- Instantiating /home/travis/build/icyphy/ptII/ptolemy/actor/lib/test/auto/ArrayToElements.xml
6 ms. Memory: 279552K Free: 85502K (31%)
----------------- Invoking toplevel() on ptolemy.moml.MoMLSimpleApplication@763b8bdb
----------------- Done invoking toplevel() on ptolemy.moml.MoMLSimpleApplication@763b8bdb
reloadAllAccessors: .ArrayToElements

===========================================================================================
----------------- testing Tue Jun 02 14:39:51 UTC 2020 /home/travis/build/icyphy/ptII/ptolemy/actor/lib/test/auto/ArrayToMatrix.xml
----------------- Instantiating /home/travis/build/icyphy/ptII/ptolemy/actor/lib/test/auto/ArrayToMatrix.xml
7 ms. Memory: 279552K Free: 71166K (25%)
----------------- Invoking toplevel() on ptolemy.moml.MoMLSimpleApplication@3e51f3a7
----------------- Done invoking toplevel() on ptolemy.moml.MoMLSimpleApplication@3e51f3a7
reloadAllAccessors: .ArrayToMatrix

===========================================================================================
----------------- testing Tue Jun 02 14:39:51 UTC 2020 /home/travis/build/icyphy/ptII/ptolemy/actor/lib/test/auto/ArrayUpdate1.xml
----------------- Instantiating /home/travis/build/icyphy/ptII/ptolemy/actor/lib/test/auto/ArrayUpdate1.xml
2 ms. Memory: 279552K Free: 66560K (24%)
----------------- Invoking toplevel() on ptolemy.moml.MoMLSimpleApplication@68cc3137
----------------- Done invoking toplevel() on ptolemy.moml.MoMLSimpleApplication@68cc3137
reloadAllAccessors: .ArrayUpdate1

===========================================================================================
----------------- testing Tue Jun 02 14:39:51 UTC 2020 /home/travis/build/icyphy/ptII/ptolemy/actor/lib/test/auto/ArrayUpdate2.xml
----------------- Instantiating /home/travis/build/icyphy/ptII/ptolemy/actor/lib/test/auto/ArrayUpdate2.xml
5 ms. Memory: 279552K Free: 225325K (81%)
----------------- Invoking toplevel() on ptolemy.moml.MoMLSimpleApplication@3dbfc788
----------------- Done invoking toplevel() on ptolemy.moml.MoMLSimpleApplication@3dbfc788
reloadAllAccessors: .ArrayUpdate2

===========================================================================================
----------------- testing Tue Jun 02 14:39:51 UTC 2020 /home/travis/build/icyphy/ptII/ptolemy/actor/lib/test/auto/ArrayUpdate3.xml
----------------- Instantiating /home/travis/build/icyphy/ptII/ptolemy/actor/lib/test/auto/ArrayUpdate3.xml
11 ms. Memory: 279552K Free: 220719K (79%)
----------------- Invoking toplevel() on ptolemy.moml.MoMLSimpleApplication@3ae73431
----------------- Done invoking toplevel() on ptolemy.moml.MoMLSimpleApplication@3ae73431
reloadAllAccessors: .ArrayUpdate3

===========================================================================================
----------------- testing Tue Jun 02 14:39:51 UTC 2020 /home/travis/build/icyphy/ptII/ptolemy/actor/lib/test/auto/Assert1.xml
----------------- Instantiating /home/travis/build/icyphy/ptII/ptolemy/actor/lib/test/auto/Assert1.xml
5 ms. Memory: 279552K Free: 216109K (77%)
----------------- Invoking toplevel() on ptolemy.moml.MoMLSimpleApplication@46c4573c
----------------- Done invoking toplevel() on ptolemy.moml.MoMLSimpleApplication@46c4573c
reloadAllAccessors: .Assert1

===========================================================================================
----------------- testing Tue Jun 02 14:39:51 UTC 2020 /home/travis/build/icyphy/ptII/ptolemy/actor/lib/test/auto/Assert2.xml
----------------- Instantiating /home/travis/build/icyphy/ptII/ptolemy/actor/lib/test/auto/Assert2.xml
2 ms. Memory: 279552K Free: 210989K (75%)
----------------- Invoking toplevel() on ptolemy.moml.MoMLSimpleApplication@9d9a69e
----------------- Done invoking toplevel() on ptolemy.moml.MoMLSimpleApplication@9d9a69e
reloadAllAccessors: .Assert2

===========================================================================================
----------------- testing Tue Jun 02 14:39:51 UTC 2020 /home/travis/build/icyphy/ptII/ptolemy/actor/lib/test/auto/BooleanMultiplexor.xml
----------------- Instantiating /home/travis/build/icyphy/ptII/ptolemy/actor/lib/test/auto/BooleanMultiplexor.xml
3 ms. Memory: 279552K Free: 205359K (73%)
----------------- Invoking toplevel() on ptolemy.moml.MoMLSimpleApplication@35c4442a
----------------- Done invoking toplevel() on ptolemy.moml.MoMLSimpleApplication@35c4442a
reloadAllAccessors: .BooleanMultiplexor

===========================================================================================
----------------- testing Tue Jun 02 14:39:51 UTC 2020 /home/travis/build/icyphy/ptII/ptolemy/actor/lib/test/auto/BooleanMultiplexor2.xml
----------------- Instantiating /home/travis/build/icyphy/ptII/ptolemy/actor/lib/test/auto/BooleanMultiplexor2.xml
10 ms. Memory: 279552K Free: 199215K (71%)
----------------- Invoking toplevel() on ptolemy.moml.MoMLSimpleApplication@4ceda146
----------------- Done invoking toplevel() on ptolemy.moml.MoMLSimpleApplication@4ceda146
reloadAllAccessors: .BooleanMultiplexor2

===========================================================================================
----------------- testing Tue Jun 02 14:39:51 UTC 2020 /home/travis/build/icyphy/ptII/ptolemy/actor/lib/test/auto/BooleanMultiplexor3.xml
----------------- Instantiating /home/travis/build/icyphy/ptII/ptolemy/actor/lib/test/auto/BooleanMultiplexor3.xml
4 ms. Memory: 279552K Free: 195119K (70%)
----------------- Invoking toplevel() on ptolemy.moml.MoMLSimpleApplication@bebef82
----------------- Done invoking toplevel() on ptolemy.moml.MoMLSimpleApplication@bebef82
reloadAllAccessors: .BooleanMultiplexor3

===========================================================================================
----------------- testing Tue Jun 02 14:39:51 UTC 2020 /home/travis/build/icyphy/ptII/ptolemy/actor/lib/test/auto/BooleanSelect.xml
----------------- Instantiating /home/travis/build/icyphy/ptII/ptolemy/actor/lib/test/auto/BooleanSelect.xml
7 ms. Memory: 279552K Free: 189455K (68%)
----------------- Invoking toplevel() on ptolemy.moml.MoMLSimpleApplication@382cac3a
----------------- Done invoking toplevel() on ptolemy.moml.MoMLSimpleApplication@382cac3a
reloadAllAccessors: .BooleanSelect

===========================================================================================
----------------- testing Tue Jun 02 14:39:51 UTC 2020 /home/travis/build/icyphy/ptII/ptolemy/actor/lib/test/auto/BooleanSelect2.xml
----------------- Instantiating /home/travis/build/icyphy/ptII/ptolemy/actor/lib/test/auto/BooleanSelect2.xml
3 ms. Memory: 279552K Free: 184879K (66%)
----------------- Invoking toplevel() on ptolemy.moml.MoMLSimpleApplication@2499e5b1
----------------- Done invoking toplevel() on ptolemy.moml.MoMLSimpleApplication@2499e5b1
reloadAllAccessors: .BooleanSelect2

===========================================================================================
----------------- testing Tue Jun 02 14:39:51 UTC 2020 /home/travis/build/icyphy/ptII/ptolemy/actor/lib/test/auto/BooleanSwitch.xml
----------------- Instantiating /home/travis/build/icyphy/ptII/ptolemy/actor/lib/test/auto/BooleanSwitch.xml
9 ms. Memory: 279552K Free: 178735K (64%)
----------------- Invoking toplevel() on ptolemy.moml.MoMLSimpleApplication@f774409
----------------- Done invoking toplevel() on ptolemy.moml.MoMLSimpleApplication@f774409
reloadAllAccessors: .BooleanSwitch

===========================================================================================
----------------- testing Tue Jun 02 14:39:51 UTC 2020 /home/travis/build/icyphy/ptII/ptolemy/actor/lib/test/auto/BooleanSwitch2.xml
----------------- Instantiating /home/travis/build/icyphy/ptII/ptolemy/actor/lib/test/auto/BooleanSwitch2.xml
2 ms. Memory: 279552K Free: 174125K (62%)
----------------- Invoking toplevel() on ptolemy.moml.MoMLSimpleApplication@4110046b
----------------- Done invoking toplevel() on ptolemy.moml.MoMLSimpleApplication@4110046b
reloadAllAccessors: .BooleanSwitch2

===========================================================================================
----------------- testing Tue Jun 02 14:39:51 UTC 2020 /home/travis/build/icyphy/ptII/ptolemy/actor/lib/test/auto/BooleanSwitchCloningBugWithClassRelationGroup.xml
----------------- Instantiating /home/travis/build/icyphy/ptII/ptolemy/actor/lib/test/auto/BooleanSwitchCloningBugWithClassRelationGroup.xml
6 ms. Memory: 279552K Free: 166957K (60%)
----------------- Invoking toplevel() on ptolemy.moml.MoMLSimpleApplication@ef4dbb0
----------------- Done invoking toplevel() on ptolemy.moml.MoMLSimpleApplication@ef4dbb0
reloadAllAccessors: .BooleanSwitchCloningBugWithClassRelationGroup

===========================================================================================
----------------- testing Tue Jun 02 14:39:52 UTC 2020 /home/travis/build/icyphy/ptII/ptolemy/actor/lib/test/auto/BusActors.xml
----------------- Instantiating /home/travis/build/icyphy/ptII/ptolemy/actor/lib/test/auto/BusActors.xml
7 ms. Memory: 279552K Free: 158765K (57%)
----------------- Invoking toplevel() on ptolemy.moml.MoMLSimpleApplication@751e058c
----------------- Done invoking toplevel() on ptolemy.moml.MoMLSimpleApplication@751e058c
reloadAllAccessors: .BusActors

===========================================================================================
----------------- testing Tue Jun 02 14:39:52 UTC 2020 /home/travis/build/icyphy/ptII/ptolemy/actor/lib/test/auto/ClassWrapper.xml
----------------- Instantiating /home/travis/build/icyphy/ptII/ptolemy/actor/lib/test/auto/ClassWrapper.xml
3 ms. Memory: 279552K Free: 154669K (55%)
----------------- Invoking toplevel() on ptolemy.moml.MoMLSimpleApplication@60ae97fa
----------------- Done invoking toplevel() on ptolemy.moml.MoMLSimpleApplication@60ae97fa
reloadAllAccessors: .ClassWrapper

===========================================================================================
----------------- testing Tue Jun 02 14:39:52 UTC 2020 /home/travis/build/icyphy/ptII/ptolemy/actor/lib/test/auto/Clock.xml
----------------- Instantiating /home/travis/build/icyphy/ptII/ptolemy/actor/lib/test/auto/Clock.xml
1 ms. Memory: 279552K Free: 150573K (54%)
----------------- Invoking toplevel() on ptolemy.moml.MoMLSimpleApplication@4170a949
----------------- Done invoking toplevel() on ptolemy.moml.MoMLSimpleApplication@4170a949
reloadAllAccessors: .Clock

===========================================================================================
----------------- testing Tue Jun 02 14:39:52 UTC 2020 /home/travis/build/icyphy/ptII/ptolemy/actor/lib/test/auto/Clock10.xml
----------------- Instantiating /home/travis/build/icyphy/ptII/ptolemy/actor/lib/test/auto/Clock10.xml
3 ms. Memory: 279552K Free: 144429K (52%)
----------------- Invoking toplevel() on ptolemy.moml.MoMLSimpleApplication@60036e96
----------------- Done invoking toplevel() on ptolemy.moml.MoMLSimpleApplication@60036e96
reloadAllAccessors: .Clock10

===========================================================================================
----------------- testing Tue Jun 02 14:39:52 UTC 2020 /home/travis/build/icyphy/ptII/ptolemy/actor/lib/test/auto/Clock11.xml
----------------- Instantiating /home/travis/build/icyphy/ptII/ptolemy/actor/lib/test/auto/Clock11.xml
2 ms. Memory: 279552K Free: 138799K (50%)
----------------- Invoking toplevel() on ptolemy.moml.MoMLSimpleApplication@616fac64
----------------- Done invoking toplevel() on ptolemy.moml.MoMLSimpleApplication@616fac64
reloadAllAccessors: .Clock11

===========================================================================================
----------------- testing Tue Jun 02 14:39:52 UTC 2020 /home/travis/build/icyphy/ptII/ptolemy/actor/lib/test/auto/Clock12.xml
----------------- Instantiating /home/travis/build/icyphy/ptII/ptolemy/actor/lib/test/auto/Clock12.xml
5 ms. Memory: 279552K Free: 132655K (47%)
----------------- Invoking toplevel() on ptolemy.moml.MoMLSimpleApplication@2834b2cf
----------------- Done invoking toplevel() on ptolemy.moml.MoMLSimpleApplication@2834b2cf
reloadAllAccessors: .Clock12

===========================================================================================
----------------- testing Tue Jun 02 14:39:52 UTC 2020 /home/travis/build/icyphy/ptII/ptolemy/actor/lib/test/auto/Clock13.xml
----------------- Instantiating /home/travis/build/icyphy/ptII/ptolemy/actor/lib/test/auto/Clock13.xml
6 ms. Memory: 279552K Free: 126991K (45%)
----------------- Invoking toplevel() on ptolemy.moml.MoMLSimpleApplication@578b3689
----------------- Done invoking toplevel() on ptolemy.moml.MoMLSimpleApplication@578b3689
reloadAllAccessors: .Clock13

===========================================================================================
----------------- testing Tue Jun 02 14:39:52 UTC 2020 /home/travis/build/icyphy/ptII/ptolemy/actor/lib/test/auto/Clock14.xml
----------------- Instantiating /home/travis/build/icyphy/ptII/ptolemy/actor/lib/test/auto/Clock14.xml
5 ms. Memory: 279552K Free: 120871K (43%)
----------------- Invoking toplevel() on ptolemy.moml.MoMLSimpleApplication@5f55d678
----------------- Done invoking toplevel() on ptolemy.moml.MoMLSimpleApplication@5f55d678
reloadAllAccessors: .Clock14

===========================================================================================
----------------- testing Tue Jun 02 14:39:52 UTC 2020 /home/travis/build/icyphy/ptII/ptolemy/actor/lib/test/auto/Clock15.xml
----------------- Instantiating /home/travis/build/icyphy/ptII/ptolemy/actor/lib/test/auto/Clock15.xml
5 ms. Memory: 279552K Free: 115247K (41%)
----------------- Invoking toplevel() on ptolemy.moml.MoMLSimpleApplication@25262f05
----------------- Done invoking toplevel() on ptolemy.moml.MoMLSimpleApplication@25262f05
reloadAllAccessors: .Clock15

===========================================================================================
----------------- testing Tue Jun 02 14:39:52 UTC 2020 /home/travis/build/icyphy/ptII/ptolemy/actor/lib/test/auto/Clock16.xml
----------------- Instantiating /home/travis/build/icyphy/ptII/ptolemy/actor/lib/test/auto/Clock16.xml
47 ms. Memory: 279552K Free: 100391K (36%)
----------------- Invoking toplevel() on ptolemy.moml.MoMLSimpleApplication@1077cff8
----------------- Done invoking toplevel() on ptolemy.moml.MoMLSimpleApplication@1077cff8
reloadAllAccessors: .Clock16

===========================================================================================
----------------- testing Tue Jun 02 14:39:52 UTC 2020 /home/travis/build/icyphy/ptII/ptolemy/actor/lib/test/auto/Clock17.xml
----------------- Instantiating /home/travis/build/icyphy/ptII/ptolemy/actor/lib/test/auto/Clock17.xml
24 ms. Memory: 279552K Free: 86575K (31%)
----------------- Invoking toplevel() on ptolemy.moml.MoMLSimpleApplication@8f98b6f
----------------- Done invoking toplevel() on ptolemy.moml.MoMLSimpleApplication@8f98b6f
reloadAllAccessors: .Clock17

===========================================================================================
----------------- testing Tue Jun 02 14:39:52 UTC 2020 /home/travis/build/icyphy/ptII/ptolemy/actor/lib/test/auto/Clock18.xml
----------------- Instantiating /home/travis/build/icyphy/ptII/ptolemy/actor/lib/test/auto/Clock18.xml
25 ms. Memory: 279552K Free: 72719K (26%)
----------------- Invoking toplevel() on ptolemy.moml.MoMLSimpleApplication@13213a1c
----------------- Done invoking toplevel() on ptolemy.moml.MoMLSimpleApplication@13213a1c
reloadAllAccessors: .Clock18

===========================================================================================
----------------- testing Tue Jun 02 14:39:52 UTC 2020 /home/travis/build/icyphy/ptII/ptolemy/actor/lib/test/auto/Clock19.xml
----------------- Instantiating /home/travis/build/icyphy/ptII/ptolemy/actor/lib/test/auto/Clock19.xml
13 ms. Memory: 279552K Free: 223826K (80%)
----------------- Invoking toplevel() on ptolemy.moml.MoMLSimpleApplication@1d7e000a
----------------- Done invoking toplevel() on ptolemy.moml.MoMLSimpleApplication@1d7e000a
reloadAllAccessors: .Clock19

===========================================================================================
----------------- testing Tue Jun 02 14:39:52 UTC 2020 /home/travis/build/icyphy/ptII/ptolemy/actor/lib/test/auto/Clock2.xml
----------------- Instantiating /home/travis/build/icyphy/ptII/ptolemy/actor/lib/test/auto/Clock2.xml
7 ms. Memory: 279552K Free: 219220K (78%)
----------------- Invoking toplevel() on ptolemy.moml.MoMLSimpleApplication@45a07861
----------------- Done invoking toplevel() on ptolemy.moml.MoMLSimpleApplication@45a07861
reloadAllAccessors: .Clock2

===========================================================================================
----------------- testing Tue Jun 02 14:39:52 UTC 2020 /home/travis/build/icyphy/ptII/ptolemy/actor/lib/test/auto/Clock20.xml
----------------- Instantiating /home/travis/build/icyphy/ptII/ptolemy/actor/lib/test/auto/Clock20.xml
9 ms. Memory: 279552K Free: 213586K (76%)
----------------- Invoking toplevel() on ptolemy.moml.MoMLSimpleApplication@7d92fadf
----------------- Done invoking toplevel() on ptolemy.moml.MoMLSimpleApplication@7d92fadf
reloadAllAccessors: .Clock20

===========================================================================================
----------------- testing Tue Jun 02 14:39:52 UTC 2020 /home/travis/build/icyphy/ptII/ptolemy/actor/lib/test/auto/Clock21.xml
----------------- Instantiating /home/travis/build/icyphy/ptII/ptolemy/actor/lib/test/auto/Clock21.xml
8 ms. Memory: 279552K Free: 208466K (75%)
----------------- Invoking toplevel() on ptolemy.moml.MoMLSimpleApplication@121651b9
----------------- Done invoking toplevel() on ptolemy.moml.MoMLSimpleApplication@121651b9
reloadAllAccessors: .Clock21

===========================================================================================
----------------- testing Tue Jun 02 14:39:52 UTC 2020 /home/travis/build/icyphy/ptII/ptolemy/actor/lib/test/auto/Clock22.xml
----------------- Instantiating /home/travis/build/icyphy/ptII/ptolemy/actor/lib/test/auto/Clock22.xml
5 ms. Memory: 279552K Free: 202836K (73%)
----------------- Invoking toplevel() on ptolemy.moml.MoMLSimpleApplication@5d4b9bf
----------------- Done invoking toplevel() on ptolemy.moml.MoMLSimpleApplication@5d4b9bf
reloadAllAccessors: .Clock22

===========================================================================================
----------------- testing Tue Jun 02 14:39:52 UTC 2020 /home/travis/build/icyphy/ptII/ptolemy/actor/lib/test/auto/Clock23.xml
----------------- Instantiating /home/travis/build/icyphy/ptII/ptolemy/actor/lib/test/auto/Clock23.xml
5 ms. Memory: 279552K Free: 197716K (71%)
----------------- Invoking toplevel() on ptolemy.moml.MoMLSimpleApplication@3cad80b4
----------------- Done invoking toplevel() on ptolemy.moml.MoMLSimpleApplication@3cad80b4
reloadAllAccessors: .Clock23

===========================================================================================
----------------- testing Tue Jun 02 14:39:52 UTC 2020 /home/travis/build/icyphy/ptII/ptolemy/actor/lib/test/auto/Clock24.xml
----------------- Instantiating /home/travis/build/icyphy/ptII/ptolemy/actor/lib/test/auto/Clock24.xml
4 ms. Memory: 279552K Free: 192082K (69%)
----------------- Invoking toplevel() on ptolemy.moml.MoMLSimpleApplication@4235cb49
----------------- Done invoking toplevel() on ptolemy.moml.MoMLSimpleApplication@4235cb49
reloadAllAccessors: .Clock24

===========================================================================================
----------------- testing Tue Jun 02 14:39:52 UTC 2020 /home/travis/build/icyphy/ptII/ptolemy/actor/lib/test/auto/Clock4.xml
----------------- Instantiating /home/travis/build/icyphy/ptII/ptolemy/actor/lib/test/auto/Clock4.xml
1 ms. Memory: 279552K Free: 187476K (67%)
----------------- Invoking toplevel() on ptolemy.moml.MoMLSimpleApplication@9813b17
----------------- Done invoking toplevel() on ptolemy.moml.MoMLSimpleApplication@9813b17
reloadAllAccessors: .Clock4

===========================================================================================
----------------- testing Tue Jun 02 14:39:52 UTC 2020 /home/travis/build/icyphy/ptII/ptolemy/actor/lib/test/auto/Clock5.xml
----------------- Instantiating /home/travis/build/icyphy/ptII/ptolemy/actor/lib/test/auto/Clock5.xml
2 ms. Memory: 279552K Free: 181842K (65%)
----------------- Invoking toplevel() on ptolemy.moml.MoMLSimpleApplication@47a7fcd9
----------------- Done invoking toplevel() on ptolemy.moml.MoMLSimpleApplication@47a7fcd9
reloadAllAccessors: .Clock5

===========================================================================================
----------------- testing Tue Jun 02 14:39:52 UTC 2020 /home/travis/build/icyphy/ptII/ptolemy/actor/lib/test/auto/Clock6.xml
----------------- Instantiating /home/travis/build/icyphy/ptII/ptolemy/actor/lib/test/auto/Clock6.xml
1 ms. Memory: 279552K Free: 177236K (63%)
----------------- Invoking toplevel() on ptolemy.moml.MoMLSimpleApplication@5a04c2c4
----------------- Done invoking toplevel() on ptolemy.moml.MoMLSimpleApplication@5a04c2c4
reloadAllAccessors: .Clock6

===========================================================================================
----------------- testing Tue Jun 02 14:39:52 UTC 2020 /home/travis/build/icyphy/ptII/ptolemy/actor/lib/test/auto/Clock7.xml
----------------- Instantiating /home/travis/build/icyphy/ptII/ptolemy/actor/lib/test/auto/Clock7.xml
3 ms. Memory: 279552K Free: 172626K (62%)
----------------- Invoking toplevel() on ptolemy.moml.MoMLSimpleApplication@fcfef21
----------------- Done invoking toplevel() on ptolemy.moml.MoMLSimpleApplication@fcfef21
reloadAllAccessors: .Clock7

===========================================================================================
----------------- testing Tue Jun 02 14:39:52 UTC 2020 /home/travis/build/icyphy/ptII/ptolemy/actor/lib/test/auto/Clock8.xml
----------------- Instantiating /home/travis/build/icyphy/ptII/ptolemy/actor/lib/test/auto/Clock8.xml
5 ms. Memory: 279552K Free: 166996K (60%)
----------------- Invoking toplevel() on ptolemy.moml.MoMLSimpleApplication@79fb7499
----------------- Done invoking toplevel() on ptolemy.moml.MoMLSimpleApplication@79fb7499
reloadAllAccessors: .Clock8

===========================================================================================
----------------- testing Tue Jun 02 14:39:52 UTC 2020 /home/travis/build/icyphy/ptII/ptolemy/actor/lib/test/auto/Clock9.xml
----------------- Instantiating /home/travis/build/icyphy/ptII/ptolemy/actor/lib/test/auto/Clock9.xml
5 ms. Memory: 279552K Free: 161876K (58%)
----------------- Invoking toplevel() on ptolemy.moml.MoMLSimpleApplication@6b865e91
----------------- Done invoking toplevel() on ptolemy.moml.MoMLSimpleApplication@6b865e91
reloadAllAccessors: .Clock9

===========================================================================================
----------------- testing Tue Jun 02 14:39:52 UTC 2020 /home/travis/build/icyphy/ptII/ptolemy/actor/lib/test/auto/CommDistDiscard.xml
----------------- Instantiating /home/travis/build/icyphy/ptII/ptolemy/actor/lib/test/auto/CommDistDiscard.xml
5 ms. Memory: 279552K Free: 156242K (56%)
----------------- Invoking toplevel() on ptolemy.moml.MoMLSimpleApplication@2d829485
----------------- Done invoking toplevel() on ptolemy.moml.MoMLSimpleApplication@2d829485
reloadAllAccessors: .CommDistDiscard

===========================================================================================
----------------- testing Tue Jun 02 14:39:52 UTC 2020 /home/travis/build/icyphy/ptII/ptolemy/actor/lib/test/auto/Commutator.xml
----------------- Instantiating /home/travis/build/icyphy/ptII/ptolemy/actor/lib/test/auto/Commutator.xml
1 ms. Memory: 279552K Free: 151636K (54%)
----------------- Invoking toplevel() on ptolemy.moml.MoMLSimpleApplication@537edc4
----------------- Done invoking toplevel() on ptolemy.moml.MoMLSimpleApplication@537edc4
reloadAllAccessors: .Commutator

===========================================================================================
----------------- testing Tue Jun 02 14:39:52 UTC 2020 /home/travis/build/icyphy/ptII/ptolemy/actor/lib/test/auto/Commutator2.xml
----------------- Instantiating /home/travis/build/icyphy/ptII/ptolemy/actor/lib/test/auto/Commutator2.xml
2 ms. Memory: 279552K Free: 147540K (53%)
----------------- Invoking toplevel() on ptolemy.moml.MoMLSimpleApplication@27a1c811
----------------- Done invoking toplevel() on ptolemy.moml.MoMLSimpleApplication@27a1c811
reloadAllAccessors: .Commutator2

===========================================================================================
----------------- testing Tue Jun 02 14:39:52 UTC 2020 /home/travis/build/icyphy/ptII/ptolemy/actor/lib/test/auto/Commutator3.xml
----------------- Instantiating /home/travis/build/icyphy/ptII/ptolemy/actor/lib/test/auto/Commutator3.xml
2 ms. Memory: 279552K Free: 142930K (51%)
----------------- Invoking toplevel() on ptolemy.moml.MoMLSimpleApplication@372d8cb2
----------------- Done invoking toplevel() on ptolemy.moml.MoMLSimpleApplication@372d8cb2
reloadAllAccessors: .Commutator3

===========================================================================================
----------------- testing Tue Jun 02 14:39:52 UTC 2020 /home/travis/build/icyphy/ptII/ptolemy/actor/lib/test/auto/Compare.xml
----------------- Instantiating /home/travis/build/icyphy/ptII/ptolemy/actor/lib/test/auto/Compare.xml
2 ms. Memory: 279552K Free: 136786K (49%)
----------------- Invoking toplevel() on ptolemy.moml.MoMLSimpleApplication@7bd3d3a2
----------------- Done invoking toplevel() on ptolemy.moml.MoMLSimpleApplication@7bd3d3a2
reloadAllAccessors: .Compare

===========================================================================================
----------------- testing Tue Jun 02 14:39:52 UTC 2020 /home/travis/build/icyphy/ptII/ptolemy/actor/lib/test/auto/CompareDE.xml
----------------- Instantiating /home/travis/build/icyphy/ptII/ptolemy/actor/lib/test/auto/CompareDE.xml
4 ms. Memory: 279552K Free: 129604K (46%)
----------------- Invoking toplevel() on ptolemy.moml.MoMLSimpleApplication@52ec422d
----------------- Done invoking toplevel() on ptolemy.moml.MoMLSimpleApplication@52ec422d
reloadAllAccessors: .CompareDE

===========================================================================================
----------------- testing Tue Jun 02 14:39:52 UTC 2020 /home/travis/build/icyphy/ptII/ptolemy/actor/lib/test/auto/ComplexDivide.xml
----------------- Instantiating /home/travis/build/icyphy/ptII/ptolemy/actor/lib/test/auto/ComplexDivide.xml
1 ms. Memory: 279552K Free: 125522K (45%)
----------------- Invoking toplevel() on ptolemy.moml.MoMLSimpleApplication@774fb3e6
----------------- Done invoking toplevel() on ptolemy.moml.MoMLSimpleApplication@774fb3e6
reloadAllAccessors: .ComplexDivide

===========================================================================================
----------------- testing Tue Jun 02 14:39:52 UTC 2020 /home/travis/build/icyphy/ptII/ptolemy/actor/lib/test/auto/ComputeHistogram.xml
----------------- Instantiating /home/travis/build/icyphy/ptII/ptolemy/actor/lib/test/auto/ComputeHistogram.xml
33 ms. Memory: 279552K Free: 113234K (41%)
----------------- Invoking toplevel() on ptolemy.moml.MoMLSimpleApplication@38aa83e7
----------------- Done invoking toplevel() on ptolemy.moml.MoMLSimpleApplication@38aa83e7
reloadAllAccessors: .ComputeHistogram

===========================================================================================
----------------- testing Tue Jun 02 14:39:53 UTC 2020 /home/travis/build/icyphy/ptII/ptolemy/actor/lib/test/auto/ConfigurationSelect.xml
----------------- Instantiating /home/travis/build/icyphy/ptII/ptolemy/actor/lib/test/auto/ConfigurationSelect.xml
9 ms. Memory: 279552K Free: 107604K (38%)
----------------- Invoking toplevel() on ptolemy.moml.MoMLSimpleApplication@6250c3cc
----------------- Done invoking toplevel() on ptolemy.moml.MoMLSimpleApplication@6250c3cc
reloadAllAccessors: .ConfigurationSelect

===========================================================================================
----------------- testing Tue Jun 02 14:39:53 UTC 2020 /home/travis/build/icyphy/ptII/ptolemy/actor/lib/test/auto/ConfigurationSelect2.xml
----------------- Instantiating /home/travis/build/icyphy/ptII/ptolemy/actor/lib/test/auto/ConfigurationSelect2.xml
3 ms. Memory: 279552K Free: 102994K (37%)
----------------- Invoking toplevel() on ptolemy.moml.MoMLSimpleApplication@375e19c6
----------------- Done invoking toplevel() on ptolemy.moml.MoMLSimpleApplication@375e19c6
reloadAllAccessors: .ConfigurationSelect2

===========================================================================================
----------------- testing Tue Jun 02 14:39:53 UTC 2020 /home/travis/build/icyphy/ptII/ptolemy/actor/lib/test/auto/ConfigurationSwitch.xml
----------------- Instantiating /home/travis/build/icyphy/ptII/ptolemy/actor/lib/test/auto/ConfigurationSwitch.xml
10 ms. Memory: 279552K Free: 97874K (35%)
----------------- Invoking toplevel() on ptolemy.moml.MoMLSimpleApplication@39fed84a
----------------- Done invoking toplevel() on ptolemy.moml.MoMLSimpleApplication@39fed84a
reloadAllAccessors: .ConfigurationSwitch

===========================================================================================
----------------- testing Tue Jun 02 14:39:53 UTC 2020 /home/travis/build/icyphy/ptII/ptolemy/actor/lib/test/auto/ConfigurationSwitch2.xml
----------------- Instantiating /home/travis/build/icyphy/ptII/ptolemy/actor/lib/test/auto/ConfigurationSwitch2.xml
2 ms. Memory: 279552K Free: 92244K (33%)
----------------- Invoking toplevel() on ptolemy.moml.MoMLSimpleApplication@73a26925
----------------- Done invoking toplevel() on ptolemy.moml.MoMLSimpleApplication@73a26925
reloadAllAccessors: .ConfigurationSwitch2

===========================================================================================
----------------- testing Tue Jun 02 14:39:53 UTC 2020 /home/travis/build/icyphy/ptII/ptolemy/actor/lib/test/auto/ConfigurationSwitchCloningBugWithClassRelationGroup.xml
----------------- Instantiating /home/travis/build/icyphy/ptII/ptolemy/actor/lib/test/auto/ConfigurationSwitchCloningBugWithClassRelationGroup.xml
1 ms. Memory: 279552K Free: 86100K (31%)
----------------- Invoking toplevel() on ptolemy.moml.MoMLSimpleApplication@45161502
----------------- Done invoking toplevel() on ptolemy.moml.MoMLSimpleApplication@45161502
reloadAllAccessors: .ConfigurationSwitchCloningBugWithClassRelationGroup

===========================================================================================
----------------- testing Tue Jun 02 14:39:53 UTC 2020 /home/travis/build/icyphy/ptII/ptolemy/actor/lib/test/auto/ConfigurationSwitchSelectSDF.xml
----------------- Instantiating /home/travis/build/icyphy/ptII/ptolemy/actor/lib/test/auto/ConfigurationSwitchSelectSDF.xml
2 ms. Memory: 279552K Free: 80466K (29%)
----------------- Invoking toplevel() on ptolemy.moml.MoMLSimpleApplication@1a7b903d
----------------- Done invoking toplevel() on ptolemy.moml.MoMLSimpleApplication@1a7b903d
reloadAllAccessors: .ConfigurationSwitchSelectSDF

===========================================================================================
----------------- testing Tue Jun 02 14:39:53 UTC 2020 /home/travis/build/icyphy/ptII/ptolemy/actor/lib/test/auto/ConfigurationSwitchSelectSDF2.xml
----------------- Instantiating /home/travis/build/icyphy/ptII/ptolemy/actor/lib/test/auto/ConfigurationSwitchSelectSDF2.xml
2 ms. Memory: 279552K Free: 74322K (27%)
----------------- Invoking toplevel() on ptolemy.moml.MoMLSimpleApplication@7f87af9e
----------------- Done invoking toplevel() on ptolemy.moml.MoMLSimpleApplication@7f87af9e
reloadAllAccessors: .ConfigurationSwitchSelectSDF2

===========================================================================================
----------------- testing Tue Jun 02 14:39:53 UTC 2020 /home/travis/build/icyphy/ptII/ptolemy/actor/lib/test/auto/Const.xml
----------------- Instantiating /home/travis/build/icyphy/ptII/ptolemy/actor/lib/test/auto/Const.xml
1 ms. Memory: 279552K Free: 71250K (25%)
----------------- Invoking toplevel() on ptolemy.moml.MoMLSimpleApplication@eaed208
----------------- Done invoking toplevel() on ptolemy.moml.MoMLSimpleApplication@eaed208
reloadAllAccessors: .Const

===========================================================================================
----------------- testing Tue Jun 02 14:39:53 UTC 2020 /home/travis/build/icyphy/ptII/ptolemy/actor/lib/test/auto/Const2.xml
----------------- Instantiating /home/travis/build/icyphy/ptII/ptolemy/actor/lib/test/auto/Const2.xml
1 ms. Memory: 279552K Free: 67154K (24%)
----------------- Invoking toplevel() on ptolemy.moml.MoMLSimpleApplication@94ae816
----------------- Done invoking toplevel() on ptolemy.moml.MoMLSimpleApplication@94ae816
reloadAllAccessors: .Const2

===========================================================================================
----------------- testing Tue Jun 02 14:39:53 UTC 2020 /home/travis/build/icyphy/ptII/ptolemy/actor/lib/test/auto/Const3.xml
----------------- Instantiating /home/travis/build/icyphy/ptII/ptolemy/actor/lib/test/auto/Const3.xml
1 ms. Memory: 279552K Free: 229226K (82%)
----------------- Invoking toplevel() on ptolemy.moml.MoMLSimpleApplication@62b7b1da
----------------- Done invoking toplevel() on ptolemy.moml.MoMLSimpleApplication@62b7b1da
reloadAllAccessors: .Const3

===========================================================================================
----------------- testing Tue Jun 02 14:39:53 UTC 2020 /home/travis/build/icyphy/ptII/ptolemy/actor/lib/test/auto/ConstantPublisherPort1.xml
----------------- Instantiating /home/travis/build/icyphy/ptII/ptolemy/actor/lib/test/auto/ConstantPublisherPort1.xml
7 ms. Memory: 279552K Free: 220524K (79%)
----------------- Invoking toplevel() on ptolemy.moml.MoMLSimpleApplication@27b2986f
----------------- Done invoking toplevel() on ptolemy.moml.MoMLSimpleApplication@27b2986f
reloadAllAccessors: .ConstantPublisherPort1

===========================================================================================
----------------- testing Tue Jun 02 14:39:53 UTC 2020 /home/travis/build/icyphy/ptII/ptolemy/actor/lib/test/auto/ConstantPublisherPort2.xml
----------------- Instantiating /home/travis/build/icyphy/ptII/ptolemy/actor/lib/test/auto/ConstantPublisherPort2.xml
14 ms. Memory: 279552K Free: 212842K (76%)
----------------- Invoking toplevel() on ptolemy.moml.MoMLSimpleApplication@8ed06ea
----------------- Done invoking toplevel() on ptolemy.moml.MoMLSimpleApplication@8ed06ea
reloadAllAccessors: .ConstantPublisherPort2

===========================================================================================
----------------- testing Tue Jun 02 14:39:53 UTC 2020 /home/travis/build/icyphy/ptII/ptolemy/actor/lib/test/auto/ConstantPublisherPort3.xml
----------------- Instantiating /home/travis/build/icyphy/ptII/ptolemy/actor/lib/test/auto/ConstantPublisherPort3.xml
5 ms. Memory: 279552K Free: 205164K (73%)
----------------- Invoking toplevel() on ptolemy.moml.MoMLSimpleApplication@59925edb
----------------- Done invoking toplevel() on ptolemy.moml.MoMLSimpleApplication@59925edb
reloadAllAccessors: .ConstantPublisherPort3

===========================================================================================
----------------- testing Tue Jun 02 14:39:53 UTC 2020 /home/travis/build/icyphy/ptII/ptolemy/actor/lib/test/auto/ConstantPublisherPort4.xml
----------------- Instantiating /home/travis/build/icyphy/ptII/ptolemy/actor/lib/test/auto/ConstantPublisherPort4.xml
3 ms. Memory: 279552K Free: 198506K (71%)
----------------- Invoking toplevel() on ptolemy.moml.MoMLSimpleApplication@71d7eba5
----------------- Done invoking toplevel() on ptolemy.moml.MoMLSimpleApplication@71d7eba5
reloadAllAccessors: .ConstantPublisherPort4

===========================================================================================
----------------- testing Tue Jun 02 14:39:53 UTC 2020 /home/travis/build/icyphy/ptII/ptolemy/actor/lib/test/auto/ConstantPublisherPort5.xml
----------------- Instantiating /home/travis/build/icyphy/ptII/ptolemy/actor/lib/test/auto/ConstantPublisherPort5.xml
29 ms. Memory: 279552K Free: 188780K (68%)
----------------- Invoking toplevel() on ptolemy.moml.MoMLSimpleApplication@1e78d0b5
----------------- Done invoking toplevel() on ptolemy.moml.MoMLSimpleApplication@1e78d0b5
reloadAllAccessors: .ConstantPublisherPort5

===========================================================================================
----------------- testing Tue Jun 02 14:39:53 UTC 2020 /home/travis/build/icyphy/ptII/ptolemy/actor/lib/test/auto/ConstantPublisherPort6.xml
----------------- Instantiating /home/travis/build/icyphy/ptII/ptolemy/actor/lib/test/auto/ConstantPublisherPort6.xml
9 ms. Memory: 279552K Free: 180074K (64%)
----------------- Invoking toplevel() on ptolemy.moml.MoMLSimpleApplication@6bb23d08
----------------- Done invoking toplevel() on ptolemy.moml.MoMLSimpleApplication@6bb23d08
reloadAllAccessors: .ConstantPublisherPort6

===========================================================================================
----------------- testing Tue Jun 02 14:39:53 UTC 2020 /home/travis/build/icyphy/ptII/ptolemy/actor/lib/test/auto/ConstantPublisherPort7.xml
----------------- Instantiating /home/travis/build/icyphy/ptII/ptolemy/actor/lib/test/auto/ConstantPublisherPort7.xml
16 ms. Memory: 279552K Free: 170858K (61%)
----------------- Invoking toplevel() on ptolemy.moml.MoMLSimpleApplication@44144b3f
----------------- Done invoking toplevel() on ptolemy.moml.MoMLSimpleApplication@44144b3f
reloadAllAccessors: .ConstantPublisherPort7

===========================================================================================
----------------- testing Tue Jun 02 14:39:53 UTC 2020 /home/travis/build/icyphy/ptII/ptolemy/actor/lib/test/auto/ConstraintMonitor1.xml
----------------- Instantiating /home/travis/build/icyphy/ptII/ptolemy/actor/lib/test/auto/ConstraintMonitor1.xml
8 ms. Memory: 279552K Free: 165738K (59%)
----------------- Invoking toplevel() on ptolemy.moml.MoMLSimpleApplication@3ebf0977
----------------- Done invoking toplevel() on ptolemy.moml.MoMLSimpleApplication@3ebf0977
reloadAllAccessors: .ConstraintMonitor1

===========================================================================================
----------------- testing Tue Jun 02 14:39:53 UTC 2020 /home/travis/build/icyphy/ptII/ptolemy/actor/lib/test/auto/ConstraintMonitor2.xml
----------------- Instantiating /home/travis/build/icyphy/ptII/ptolemy/actor/lib/test/auto/ConstraintMonitor2.xml
2 ms. Memory: 279552K Free: 161132K (58%)
----------------- Invoking toplevel() on ptolemy.moml.MoMLSimpleApplication@4498fe1a
----------------- Done invoking toplevel() on ptolemy.moml.MoMLSimpleApplication@4498fe1a
reloadAllAccessors: .ConstraintMonitor2

===========================================================================================
----------------- testing Tue Jun 02 14:39:53 UTC 2020 /home/travis/build/icyphy/ptII/ptolemy/actor/lib/test/auto/ConstraintMonitor3.xml
----------------- Instantiating /home/travis/build/icyphy/ptII/ptolemy/actor/lib/test/auto/ConstraintMonitor3.xml
5 ms. Memory: 279552K Free: 157036K (56%)
----------------- Invoking toplevel() on ptolemy.moml.MoMLSimpleApplication@20340a1
----------------- Done invoking toplevel() on ptolemy.moml.MoMLSimpleApplication@20340a1
reloadAllAccessors: .ConstraintMonitor3

===========================================================================================
----------------- testing Tue Jun 02 14:39:53 UTC 2020 /home/travis/build/icyphy/ptII/ptolemy/actor/lib/test/auto/ConstraintMonitor4.xml
----------------- Instantiating /home/travis/build/icyphy/ptII/ptolemy/actor/lib/test/auto/ConstraintMonitor4.xml
4 ms. Memory: 279552K Free: 151916K (54%)
----------------- Invoking toplevel() on ptolemy.moml.MoMLSimpleApplication@79a83b8d
----------------- Done invoking toplevel() on ptolemy.moml.MoMLSimpleApplication@79a83b8d
reloadAllAccessors: .ConstraintMonitor4

===========================================================================================
----------------- testing Tue Jun 02 14:39:53 UTC 2020 /home/travis/build/icyphy/ptII/ptolemy/actor/lib/test/auto/ConstraintMonitor5.xml
----------------- Instantiating /home/travis/build/icyphy/ptII/ptolemy/actor/lib/test/auto/ConstraintMonitor5.xml
2 ms. Memory: 279552K Free: 146796K (53%)
----------------- Invoking toplevel() on ptolemy.moml.MoMLSimpleApplication@596e96f4
----------------- Done invoking toplevel() on ptolemy.moml.MoMLSimpleApplication@596e96f4
reloadAllAccessors: .ConstraintMonitor5

===========================================================================================
----------------- testing Tue Jun 02 14:39:53 UTC 2020 /home/travis/build/icyphy/ptII/ptolemy/actor/lib/test/auto/ConstraintMonitor6.xml
----------------- Instantiating /home/travis/build/icyphy/ptII/ptolemy/actor/lib/test/auto/ConstraintMonitor6.xml
5 ms. Memory: 279552K Free: 141148K (50%)
----------------- Invoking toplevel() on ptolemy.moml.MoMLSimpleApplication@476d489c
----------------- Done invoking toplevel() on ptolemy.moml.MoMLSimpleApplication@476d489c
reloadAllAccessors: .ConstraintMonitor6

===========================================================================================
----------------- testing Tue Jun 02 14:39:53 UTC 2020 /home/travis/build/icyphy/ptII/ptolemy/actor/lib/test/auto/ConstraintMonitor7.xml
----------------- Instantiating /home/travis/build/icyphy/ptII/ptolemy/actor/lib/test/auto/ConstraintMonitor7.xml
5 ms. Memory: 279552K Free: 134508K (48%)
----------------- Invoking toplevel() on ptolemy.moml.MoMLSimpleApplication@1101310
----------------- Done invoking toplevel() on ptolemy.moml.MoMLSimpleApplication@1101310
reloadAllAccessors: .ConstraintMonitor7

===========================================================================================
----------------- testing Tue Jun 02 14:39:53 UTC 2020 /home/travis/build/icyphy/ptII/ptolemy/actor/lib/test/auto/ConstraintMonitor8.xml
----------------- Instantiating /home/travis/build/icyphy/ptII/ptolemy/actor/lib/test/auto/ConstraintMonitor8.xml
8 ms. Memory: 279552K Free: 126316K (45%)
----------------- Invoking toplevel() on ptolemy.moml.MoMLSimpleApplication@4f721155
----------------- Done invoking toplevel() on ptolemy.moml.MoMLSimpleApplication@4f721155
reloadAllAccessors: .ConstraintMonitor8

===========================================================================================
----------------- testing Tue Jun 02 14:39:53 UTC 2020 /home/travis/build/icyphy/ptII/ptolemy/actor/lib/test/auto/Counter.xml
----------------- Instantiating /home/travis/build/icyphy/ptII/ptolemy/actor/lib/test/auto/Counter.xml
2 ms. Memory: 279552K Free: 121706K (44%)
----------------- Invoking toplevel() on ptolemy.moml.MoMLSimpleApplication@6804a0be
----------------- Done invoking toplevel() on ptolemy.moml.MoMLSimpleApplication@6804a0be
reloadAllAccessors: .Counter

===========================================================================================
----------------- testing Tue Jun 02 14:39:53 UTC 2020 /home/travis/build/icyphy/ptII/ptolemy/actor/lib/test/auto/CurrentTimeSDF.xml
----------------- Instantiating /home/travis/build/icyphy/ptII/ptolemy/actor/lib/test/auto/CurrentTimeSDF.xml
3 ms. Memory: 279552K Free: 117610K (42%)
----------------- Invoking toplevel() on ptolemy.moml.MoMLSimpleApplication@25cfeb4b
----------------- Done invoking toplevel() on ptolemy.moml.MoMLSimpleApplication@25cfeb4b
reloadAllAccessors: .CurrentTimeSDF

===========================================================================================
----------------- testing Tue Jun 02 14:39:53 UTC 2020 /home/travis/build/icyphy/ptII/ptolemy/actor/lib/test/auto/DB.xml
----------------- Instantiating /home/travis/build/icyphy/ptII/ptolemy/actor/lib/test/auto/DB.xml
3 ms. Memory: 279552K Free: 111980K (40%)
----------------- Invoking toplevel() on ptolemy.moml.MoMLSimpleApplication@6f9f3f25
----------------- Done invoking toplevel() on ptolemy.moml.MoMLSimpleApplication@6f9f3f25
reloadAllAccessors: .DB

===========================================================================================
----------------- testing Tue Jun 02 14:39:53 UTC 2020 /home/travis/build/icyphy/ptII/ptolemy/actor/lib/test/auto/DBDE.xml
----------------- Instantiating /home/travis/build/icyphy/ptII/ptolemy/actor/lib/test/auto/DBDE.xml
3 ms. Memory: 279552K Free: 106316K (38%)
----------------- Invoking toplevel() on ptolemy.moml.MoMLSimpleApplication@5be86008
----------------- Done invoking toplevel() on ptolemy.moml.MoMLSimpleApplication@5be86008
reloadAllAccessors: .DBDE

===========================================================================================
----------------- testing Tue Jun 02 14:39:53 UTC 2020 /home/travis/build/icyphy/ptII/ptolemy/actor/lib/test/auto/DateConstructor.xml
----------------- Instantiating /home/travis/build/icyphy/ptII/ptolemy/actor/lib/test/auto/DateConstructor.xml
29 ms. Memory: 279552K Free: 88938K (32%)
----------------- Invoking toplevel() on ptolemy.moml.MoMLSimpleApplication@66c163e7
----------------- Done invoking toplevel() on ptolemy.moml.MoMLSimpleApplication@66c163e7
reloadAllAccessors: .DateConstructor

===========================================================================================
----------------- testing Tue Jun 02 14:39:53 UTC 2020 /home/travis/build/icyphy/ptII/ptolemy/actor/lib/test/auto/DelayTime.xml
----------------- Instantiating /home/travis/build/icyphy/ptII/ptolemy/actor/lib/test/auto/DelayTime.xml
5 ms. Memory: 279552K Free: 83818K (30%)
----------------- Invoking toplevel() on ptolemy.moml.MoMLSimpleApplication@3d03286e
----------------- Done invoking toplevel() on ptolemy.moml.MoMLSimpleApplication@3d03286e
reloadAllAccessors: .DelayTime

===========================================================================================
----------------- testing Tue Jun 02 14:39:53 UTC 2020 /home/travis/build/icyphy/ptII/ptolemy/actor/lib/test/auto/Dictionary1.xml
----------------- Instantiating /home/travis/build/icyphy/ptII/ptolemy/actor/lib/test/auto/Dictionary1.xml
2 ms. Memory: 279552K Free: 78188K (28%)
----------------- Invoking toplevel() on ptolemy.moml.MoMLSimpleApplication@110b6f9c
----------------- Done invoking toplevel() on ptolemy.moml.MoMLSimpleApplication@110b6f9c
reloadAllAccessors: .Dictionary1

===========================================================================================
----------------- testing Tue Jun 02 14:39:54 UTC 2020 /home/travis/build/icyphy/ptII/ptolemy/actor/lib/test/auto/Dictionary2.xml
----------------- Instantiating /home/travis/build/icyphy/ptII/ptolemy/actor/lib/test/auto/Dictionary2.xml
4 ms. Memory: 279552K Free: 73068K (26%)
----------------- Invoking toplevel() on ptolemy.moml.MoMLSimpleApplication@ff9102c
----------------- Done invoking toplevel() on ptolemy.moml.MoMLSimpleApplication@ff9102c
reloadAllAccessors: .Dictionary2

===========================================================================================
----------------- testing Tue Jun 02 14:39:54 UTC 2020 /home/travis/build/icyphy/ptII/ptolemy/actor/lib/test/auto/Dictionary3.xml
----------------- Instantiating /home/travis/build/icyphy/ptII/ptolemy/actor/lib/test/auto/Dictionary3.xml
2 ms. Memory: 279552K Free: 67434K (24%)
----------------- Invoking toplevel() on ptolemy.moml.MoMLSimpleApplication@31017edb
----------------- Done invoking toplevel() on ptolemy.moml.MoMLSimpleApplication@31017edb
reloadAllAccessors: .Dictionary3

===========================================================================================
----------------- testing Tue Jun 02 14:39:54 UTC 2020 /home/travis/build/icyphy/ptII/ptolemy/actor/lib/test/auto/Dictionary4.xml
----------------- Instantiating /home/travis/build/icyphy/ptII/ptolemy/actor/lib/test/auto/Dictionary4.xml
5 ms. Memory: 279552K Free: 224868K (80%)
----------------- Invoking toplevel() on ptolemy.moml.MoMLSimpleApplication@25f33222
----------------- Done invoking toplevel() on ptolemy.moml.MoMLSimpleApplication@25f33222
reloadAllAccessors: .Dictionary4

===========================================================================================
----------------- testing Tue Jun 02 14:39:54 UTC 2020 /home/travis/build/icyphy/ptII/ptolemy/actor/lib/test/auto/Differential.xml
----------------- Instantiating /home/travis/build/icyphy/ptII/ptolemy/actor/lib/test/auto/Differential.xml
1 ms. Memory: 279552K Free: 220772K (79%)
----------------- Invoking toplevel() on ptolemy.moml.MoMLSimpleApplication@41fc1830
----------------- Done invoking toplevel() on ptolemy.moml.MoMLSimpleApplication@41fc1830
reloadAllAccessors: .Differential

===========================================================================================
----------------- testing Tue Jun 02 14:39:54 UTC 2020 /home/travis/build/icyphy/ptII/ptolemy/actor/lib/test/auto/Director.xml
----------------- Instantiating /home/travis/build/icyphy/ptII/ptolemy/actor/lib/test/auto/Director.xml
2 ms. Memory: 279552K Free: 217190K (78%)
----------------- Invoking toplevel() on ptolemy.moml.MoMLSimpleApplication@4d65ccaa
----------------- Done invoking toplevel() on ptolemy.moml.MoMLSimpleApplication@4d65ccaa
reloadAllAccessors: .Director

===========================================================================================
----------------- testing Tue Jun 02 14:39:54 UTC 2020 /home/travis/build/icyphy/ptII/ptolemy/actor/lib/test/auto/DiscreteClock.xml
----------------- Instantiating /home/travis/build/icyphy/ptII/ptolemy/actor/lib/test/auto/DiscreteClock.xml
1 ms. Memory: 279552K Free: 213094K (76%)
----------------- Invoking toplevel() on ptolemy.moml.MoMLSimpleApplication@15bab346
----------------- Done invoking toplevel() on ptolemy.moml.MoMLSimpleApplication@15bab346
reloadAllAccessors: .DiscreteClock

===========================================================================================
----------------- testing Tue Jun 02 14:39:54 UTC 2020 /home/travis/build/icyphy/ptII/ptolemy/actor/lib/test/auto/DiscreteClock10.xml
----------------- Instantiating /home/travis/build/icyphy/ptII/ptolemy/actor/lib/test/auto/DiscreteClock10.xml
2 ms. Memory: 279552K Free: 206950K (74%)
----------------- Invoking toplevel() on ptolemy.moml.MoMLSimpleApplication@33595d0e
----------------- Done invoking toplevel() on ptolemy.moml.MoMLSimpleApplication@33595d0e
reloadAllAccessors: .DiscreteClock10

===========================================================================================
----------------- testing Tue Jun 02 14:39:54 UTC 2020 /home/travis/build/icyphy/ptII/ptolemy/actor/lib/test/auto/DiscreteClock11.xml
----------------- Instantiating /home/travis/build/icyphy/ptII/ptolemy/actor/lib/test/auto/DiscreteClock11.xml
2 ms. Memory: 279552K Free: 201316K (72%)
----------------- Invoking toplevel() on ptolemy.moml.MoMLSimpleApplication@4858b816
----------------- Done invoking toplevel() on ptolemy.moml.MoMLSimpleApplication@4858b816
reloadAllAccessors: .DiscreteClock11

===========================================================================================
----------------- testing Tue Jun 02 14:39:54 UTC 2020 /home/travis/build/icyphy/ptII/ptolemy/actor/lib/test/auto/DiscreteClock12.xml
----------------- Instantiating /home/travis/build/icyphy/ptII/ptolemy/actor/lib/test/auto/DiscreteClock12.xml
2 ms. Memory: 279552K Free: 195172K (70%)
----------------- Invoking toplevel() on ptolemy.moml.MoMLSimpleApplication@78cbffae
----------------- Done invoking toplevel() on ptolemy.moml.MoMLSimpleApplication@78cbffae
reloadAllAccessors: .DiscreteClock12

===========================================================================================
----------------- testing Tue Jun 02 14:39:54 UTC 2020 /home/travis/build/icyphy/ptII/ptolemy/actor/lib/test/auto/DiscreteClock13.xml
----------------- Instantiating /home/travis/build/icyphy/ptII/ptolemy/actor/lib/test/auto/DiscreteClock13.xml
4 ms. Memory: 279552K Free: 189014K (68%)
----------------- Invoking toplevel() on ptolemy.moml.MoMLSimpleApplication@25df43e8
----------------- Done invoking toplevel() on ptolemy.moml.MoMLSimpleApplication@25df43e8
reloadAllAccessors: .DiscreteClock13

===========================================================================================
----------------- testing Tue Jun 02 14:39:54 UTC 2020 /home/travis/build/icyphy/ptII/ptolemy/actor/lib/test/auto/DiscreteClock14.xml
----------------- Instantiating /home/travis/build/icyphy/ptII/ptolemy/actor/lib/test/auto/DiscreteClock14.xml
4 ms. Memory: 279552K Free: 183396K (66%)
----------------- Invoking toplevel() on ptolemy.moml.MoMLSimpleApplication@5d4d0aaa
----------------- Done invoking toplevel() on ptolemy.moml.MoMLSimpleApplication@5d4d0aaa
reloadAllAccessors: .DiscreteClock14

===========================================================================================
----------------- testing Tue Jun 02 14:39:54 UTC 2020 /home/travis/build/icyphy/ptII/ptolemy/actor/lib/test/auto/DiscreteClock15.xml
----------------- Instantiating /home/travis/build/icyphy/ptII/ptolemy/actor/lib/test/auto/DiscreteClock15.xml
7 ms. Memory: 279552K Free: 177254K (63%)
----------------- Invoking toplevel() on ptolemy.moml.MoMLSimpleApplication@591e80b1
----------------- Done invoking toplevel() on ptolemy.moml.MoMLSimpleApplication@591e80b1
reloadAllAccessors: .DiscreteClock15

===========================================================================================
----------------- testing Tue Jun 02 14:39:54 UTC 2020 /home/travis/build/icyphy/ptII/ptolemy/actor/lib/test/auto/DiscreteClock16.xml
----------------- Instantiating /home/travis/build/icyphy/ptII/ptolemy/actor/lib/test/auto/DiscreteClock16.xml
14 ms. Memory: 279552K Free: 163414K (58%)
----------------- Invoking toplevel() on ptolemy.moml.MoMLSimpleApplication@ce1b7ef
----------------- Done invoking toplevel() on ptolemy.moml.MoMLSimpleApplication@ce1b7ef
reloadAllAccessors: .DiscreteClock16

===========================================================================================
----------------- testing Tue Jun 02 14:39:54 UTC 2020 /home/travis/build/icyphy/ptII/ptolemy/actor/lib/test/auto/DiscreteClock17.xml
----------------- Instantiating /home/travis/build/icyphy/ptII/ptolemy/actor/lib/test/auto/DiscreteClock17.xml
19 ms. Memory: 279552K Free: 149086K (53%)
----------------- Invoking toplevel() on ptolemy.moml.MoMLSimpleApplication@31df2455
----------------- Done invoking toplevel() on ptolemy.moml.MoMLSimpleApplication@31df2455
reloadAllAccessors: .DiscreteClock17

===========================================================================================
----------------- testing Tue Jun 02 14:39:54 UTC 2020 /home/travis/build/icyphy/ptII/ptolemy/actor/lib/test/auto/DiscreteClock18.xml
----------------- Instantiating /home/travis/build/icyphy/ptII/ptolemy/actor/lib/test/auto/DiscreteClock18.xml
11 ms. Memory: 279552K Free: 136294K (49%)
----------------- Invoking toplevel() on ptolemy.moml.MoMLSimpleApplication@2c23cb1d
----------------- Done invoking toplevel() on ptolemy.moml.MoMLSimpleApplication@2c23cb1d
reloadAllAccessors: .DiscreteClock18

===========================================================================================
----------------- testing Tue Jun 02 14:39:54 UTC 2020 /home/travis/build/icyphy/ptII/ptolemy/actor/lib/test/auto/DiscreteClock19.xml
----------------- Instantiating /home/travis/build/icyphy/ptII/ptolemy/actor/lib/test/auto/DiscreteClock19.xml
14 ms. Memory: 279552K Free: 122468K (44%)
----------------- Invoking toplevel() on ptolemy.moml.MoMLSimpleApplication@5c73bbd7
----------------- Done invoking toplevel() on ptolemy.moml.MoMLSimpleApplication@5c73bbd7
reloadAllAccessors: .DiscreteClock19

===========================================================================================
----------------- testing Tue Jun 02 14:39:54 UTC 2020 /home/travis/build/icyphy/ptII/ptolemy/actor/lib/test/auto/DiscreteClock2.xml
----------------- Instantiating /home/travis/build/icyphy/ptII/ptolemy/actor/lib/test/auto/DiscreteClock2.xml
4 ms. Memory: 279552K Free: 117334K (42%)
----------------- Invoking toplevel() on ptolemy.moml.MoMLSimpleApplication@21249b76
----------------- Done invoking toplevel() on ptolemy.moml.MoMLSimpleApplication@21249b76
reloadAllAccessors: .DiscreteClock2

===========================================================================================
----------------- testing Tue Jun 02 14:39:54 UTC 2020 /home/travis/build/icyphy/ptII/ptolemy/actor/lib/test/auto/DiscreteClock20.xml
----------------- Instantiating /home/travis/build/icyphy/ptII/ptolemy/actor/lib/test/auto/DiscreteClock20.xml
8 ms. Memory: 279552K Free: 111718K (40%)
----------------- Invoking toplevel() on ptolemy.moml.MoMLSimpleApplication@539b556c
----------------- Done invoking toplevel() on ptolemy.moml.MoMLSimpleApplication@539b556c
reloadAllAccessors: .DiscreteClock20

===========================================================================================
----------------- testing Tue Jun 02 14:39:54 UTC 2020 /home/travis/build/icyphy/ptII/ptolemy/actor/lib/test/auto/DiscreteClock21.xml
----------------- Instantiating /home/travis/build/icyphy/ptII/ptolemy/actor/lib/test/auto/DiscreteClock21.xml
6 ms. Memory: 279552K Free: 106084K (38%)
----------------- Invoking toplevel() on ptolemy.moml.MoMLSimpleApplication@457269da
----------------- Done invoking toplevel() on ptolemy.moml.MoMLSimpleApplication@457269da
reloadAllAccessors: .DiscreteClock21

===========================================================================================
----------------- testing Tue Jun 02 14:39:54 UTC 2020 /home/travis/build/icyphy/ptII/ptolemy/actor/lib/test/auto/DiscreteClock22.xml
----------------- Instantiating /home/travis/build/icyphy/ptII/ptolemy/actor/lib/test/auto/DiscreteClock22.xml
4 ms. Memory: 279552K Free: 100964K (36%)
----------------- Invoking toplevel() on ptolemy.moml.MoMLSimpleApplication@690a0da
----------------- Done invoking toplevel() on ptolemy.moml.MoMLSimpleApplication@690a0da
reloadAllAccessors: .DiscreteClock22

===========================================================================================
----------------- testing Tue Jun 02 14:39:54 UTC 2020 /home/travis/build/icyphy/ptII/ptolemy/actor/lib/test/auto/DiscreteClock23.xml
----------------- Instantiating /home/travis/build/icyphy/ptII/ptolemy/actor/lib/test/auto/DiscreteClock23.xml
4 ms. Memory: 279552K Free: 95334K (34%)
----------------- Invoking toplevel() on ptolemy.moml.MoMLSimpleApplication@1285fc63
----------------- Done invoking toplevel() on ptolemy.moml.MoMLSimpleApplication@1285fc63
reloadAllAccessors: .DiscreteClock23

===========================================================================================
----------------- testing Tue Jun 02 14:39:54 UTC 2020 /home/travis/build/icyphy/ptII/ptolemy/actor/lib/test/auto/DiscreteClock24.xml
----------------- Instantiating /home/travis/build/icyphy/ptII/ptolemy/actor/lib/test/auto/DiscreteClock24.xml
5 ms. Memory: 279552K Free: 89700K (32%)
----------------- Invoking toplevel() on ptolemy.moml.MoMLSimpleApplication@72982177
----------------- Done invoking toplevel() on ptolemy.moml.MoMLSimpleApplication@72982177
reloadAllAccessors: .DiscreteClock24

===========================================================================================
----------------- testing Tue Jun 02 14:39:54 UTC 2020 /home/travis/build/icyphy/ptII/ptolemy/actor/lib/test/auto/DiscreteClock4.xml
----------------- Instantiating /home/travis/build/icyphy/ptII/ptolemy/actor/lib/test/auto/DiscreteClock4.xml
4 ms. Memory: 279552K Free: 84070K (30%)
----------------- Invoking toplevel() on ptolemy.moml.MoMLSimpleApplication@124f6fcb
----------------- Done invoking toplevel() on ptolemy.moml.MoMLSimpleApplication@124f6fcb
reloadAllAccessors: .DiscreteClock4

===========================================================================================
----------------- testing Tue Jun 02 14:39:54 UTC 2020 /home/travis/build/icyphy/ptII/ptolemy/actor/lib/test/auto/DiscreteClock5.xml
----------------- Instantiating /home/travis/build/icyphy/ptII/ptolemy/actor/lib/test/auto/DiscreteClock5.xml
2 ms. Memory: 279552K Free: 78950K (28%)
----------------- Invoking toplevel() on ptolemy.moml.MoMLSimpleApplication@506eaf04
----------------- Done invoking toplevel() on ptolemy.moml.MoMLSimpleApplication@506eaf04
reloadAllAccessors: .DiscreteClock5

===========================================================================================
----------------- testing Tue Jun 02 14:39:54 UTC 2020 /home/travis/build/icyphy/ptII/ptolemy/actor/lib/test/auto/DiscreteClock6.xml
----------------- Instantiating /home/travis/build/icyphy/ptII/ptolemy/actor/lib/test/auto/DiscreteClock6.xml
2 ms. Memory: 279552K Free: 74854K (27%)
----------------- Invoking toplevel() on ptolemy.moml.MoMLSimpleApplication@3eddbe86
----------------- Done invoking toplevel() on ptolemy.moml.MoMLSimpleApplication@3eddbe86
reloadAllAccessors: .DiscreteClock6

===========================================================================================
----------------- testing Tue Jun 02 14:39:54 UTC 2020 /home/travis/build/icyphy/ptII/ptolemy/actor/lib/test/auto/DiscreteClock7.xml
----------------- Instantiating /home/travis/build/icyphy/ptII/ptolemy/actor/lib/test/auto/DiscreteClock7.xml
2 ms. Memory: 279552K Free: 70244K (25%)
----------------- Invoking toplevel() on ptolemy.moml.MoMLSimpleApplication@1f69a22a
----------------- Done invoking toplevel() on ptolemy.moml.MoMLSimpleApplication@1f69a22a
reloadAllAccessors: .DiscreteClock7

===========================================================================================
----------------- testing Tue Jun 02 14:39:54 UTC 2020 /home/travis/build/icyphy/ptII/ptolemy/actor/lib/test/auto/DiscreteClock8.xml
----------------- Instantiating /home/travis/build/icyphy/ptII/ptolemy/actor/lib/test/auto/DiscreteClock8.xml
4 ms. Memory: 279552K Free: 229198K (82%)
----------------- Invoking toplevel() on ptolemy.moml.MoMLSimpleApplication@46d892c4
----------------- Done invoking toplevel() on ptolemy.moml.MoMLSimpleApplication@46d892c4
reloadAllAccessors: .DiscreteClock8

===========================================================================================
----------------- testing Tue Jun 02 14:39:54 UTC 2020 /home/travis/build/icyphy/ptII/ptolemy/actor/lib/test/auto/DiscreteClock9.xml
----------------- Instantiating /home/travis/build/icyphy/ptII/ptolemy/actor/lib/test/auto/DiscreteClock9.xml
6 ms. Memory: 279552K Free: 223558K (80%)
----------------- Invoking toplevel() on ptolemy.moml.MoMLSimpleApplication@10a15a8e
----------------- Done invoking toplevel() on ptolemy.moml.MoMLSimpleApplication@10a15a8e
reloadAllAccessors: .DiscreteClock9

===========================================================================================
----------------- testing Tue Jun 02 14:39:54 UTC 2020 /home/travis/build/icyphy/ptII/ptolemy/actor/lib/test/auto/DisplayArray.xml
----------------- Instantiating /home/travis/build/icyphy/ptII/ptolemy/actor/lib/test/auto/DisplayArray.xml
1 ms. Memory: 279552K Free: 219468K (79%)
----------------- Invoking toplevel() on ptolemy.moml.MoMLSimpleApplication@41eeb901
----------------- Done invoking toplevel() on ptolemy.moml.MoMLSimpleApplication@41eeb901
reloadAllAccessors: .DisplayArray

===========================================================================================
----------------- testing Tue Jun 02 14:39:54 UTC 2020 /home/travis/build/icyphy/ptII/ptolemy/actor/lib/test/auto/Distributor.xml
----------------- Instantiating /home/travis/build/icyphy/ptII/ptolemy/actor/lib/test/auto/Distributor.xml
2 ms. Memory: 279552K Free: 214862K (77%)
----------------- Invoking toplevel() on ptolemy.moml.MoMLSimpleApplication@7b95bd7e
----------------- Done invoking toplevel() on ptolemy.moml.MoMLSimpleApplication@7b95bd7e
reloadAllAccessors: .Distributor

===========================================================================================
----------------- testing Tue Jun 02 14:39:54 UTC 2020 /home/travis/build/icyphy/ptII/ptolemy/actor/lib/test/auto/Distributor2.xml
----------------- Instantiating /home/travis/build/icyphy/ptII/ptolemy/actor/lib/test/auto/Distributor2.xml
2 ms. Memory: 279552K Free: 209742K (75%)
----------------- Invoking toplevel() on ptolemy.moml.MoMLSimpleApplication@4f5ff711
----------------- Done invoking toplevel() on ptolemy.moml.MoMLSimpleApplication@4f5ff711
reloadAllAccessors: .Distributor2

===========================================================================================
----------------- testing Tue Jun 02 14:39:54 UTC 2020 /home/travis/build/icyphy/ptII/ptolemy/actor/lib/test/auto/DownSample.xml
----------------- Instantiating /home/travis/build/icyphy/ptII/ptolemy/actor/lib/test/auto/DownSample.xml
2 ms. Memory: 279552K Free: 205646K (74%)
----------------- Invoking toplevel() on ptolemy.moml.MoMLSimpleApplication@11cf1a4c
----------------- Done invoking toplevel() on ptolemy.moml.MoMLSimpleApplication@11cf1a4c
reloadAllAccessors: .DownSample

===========================================================================================
----------------- testing Tue Jun 02 14:39:54 UTC 2020 /home/travis/build/icyphy/ptII/ptolemy/actor/lib/test/auto/ElectronicUnitBase1.xml
----------------- Instantiating /home/travis/build/icyphy/ptII/ptolemy/actor/lib/test/auto/ElectronicUnitBase1.xml
16 ms. Memory: 279552K Free: 189772K (68%)
----------------- Invoking toplevel() on ptolemy.moml.MoMLSimpleApplication@1770450d
----------------- Done invoking toplevel() on ptolemy.moml.MoMLSimpleApplication@1770450d
reloadAllAccessors: .ElectronicUnitBase1

===========================================================================================
----------------- testing Tue Jun 02 14:39:54 UTC 2020 /home/travis/build/icyphy/ptII/ptolemy/actor/lib/test/auto/ElementsToArray.xml
----------------- Instantiating /home/travis/build/icyphy/ptII/ptolemy/actor/lib/test/auto/ElementsToArray.xml
3 ms. Memory: 279552K Free: 184652K (66%)
----------------- Invoking toplevel() on ptolemy.moml.MoMLSimpleApplication@471bce2a
----------------- Done invoking toplevel() on ptolemy.moml.MoMLSimpleApplication@471bce2a
reloadAllAccessors: .ElementsToArray

===========================================================================================
----------------- testing Tue Jun 02 14:39:54 UTC 2020 /home/travis/build/icyphy/ptII/ptolemy/actor/lib/test/auto/Equals.xml
----------------- Instantiating /home/travis/build/icyphy/ptII/ptolemy/actor/lib/test/auto/Equals.xml
3 ms. Memory: 279552K Free: 180046K (64%)
----------------- Invoking toplevel() on ptolemy.moml.MoMLSimpleApplication@6927d721
----------------- Done invoking toplevel() on ptolemy.moml.MoMLSimpleApplication@6927d721
reloadAllAccessors: .Equals

===========================================================================================
----------------- testing Tue Jun 02 14:39:54 UTC 2020 /home/travis/build/icyphy/ptII/ptolemy/actor/lib/test/auto/Exec.xml
----------------- Instantiating /home/travis/build/icyphy/ptII/ptolemy/actor/lib/test/auto/Exec.xml
15 ms. Memory: 279552K Free: 173902K (62%)
----------------- Invoking toplevel() on ptolemy.moml.MoMLSimpleApplication@3102fa94
----------------- Done invoking toplevel() on ptolemy.moml.MoMLSimpleApplication@3102fa94
reloadAllAccessors: .Exec

===========================================================================================
----------------- testing Tue Jun 02 14:39:54 UTC 2020 /home/travis/build/icyphy/ptII/ptolemy/actor/lib/test/auto/ExecEnvironment.xml
----------------- Instantiating /home/travis/build/icyphy/ptII/ptolemy/actor/lib/test/auto/ExecEnvironment.xml
24 ms. Memory: 279552K Free: 169278K (61%)
----------------- Invoking toplevel() on ptolemy.moml.MoMLSimpleApplication@356c0b57
----------------- Done invoking toplevel() on ptolemy.moml.MoMLSimpleApplication@356c0b57
reloadAllAccessors: .ExecEnvironment

===========================================================================================
----------------- testing Tue Jun 02 14:39:54 UTC 2020 /home/travis/build/icyphy/ptII/ptolemy/actor/lib/test/auto/ExecNonZeroReturnOutput.xml
----------------- Instantiating /home/travis/build/icyphy/ptII/ptolemy/actor/lib/test/auto/ExecNonZeroReturnOutput.xml
165 ms. Memory: 279552K Free: 157518K (56%)
----------------- Invoking toplevel() on ptolemy.moml.MoMLSimpleApplication@1f332e88
----------------- Done invoking toplevel() on ptolemy.moml.MoMLSimpleApplication@1f332e88
reloadAllAccessors: .ExecNonZeroReturnOutput

===========================================================================================
----------------- testing Tue Jun 02 14:39:55 UTC 2020 /home/travis/build/icyphy/ptII/ptolemy/actor/lib/test/auto/ExecRunDemos.xml
----------------- Instantiating /home/travis/build/icyphy/ptII/ptolemy/actor/lib/test/auto/ExecRunDemos.xml
Finished: 60 ms. Memory: 129024K Free: 112431K (87%)

Finished: 58 ms. Memory: 129024K Free: 109534K (85%)

Finished: 88 ms. Memory: 129024K Free: 109654K (85%)

Finished: 76 ms. Memory: 129024K Free: 111005K (86%)

Finished: 96 ms. Memory: 129024K Free: 111827K (87%)

10619 ms. Memory: 279552K Free: 136012K (49%)
----------------- Invoking toplevel() on ptolemy.moml.MoMLSimpleApplication@6b893585
----------------- Done invoking toplevel() on ptolemy.moml.MoMLSimpleApplication@6b893585
reloadAllAccessors: .ExecRunDemos

===========================================================================================
----------------- testing Tue Jun 02 14:40:05 UTC 2020 /home/travis/build/icyphy/ptII/ptolemy/actor/lib/test/auto/ExecStop.xml
----------------- Instantiating /home/travis/build/icyphy/ptII/ptolemy/actor/lib/test/auto/ExecStop.xml
5017 ms. Memory: 279552K Free: 152095K (54%)
----------------- Invoking toplevel() on ptolemy.moml.MoMLSimpleApplication@64a01533
----------------- Done invoking toplevel() on ptolemy.moml.MoMLSimpleApplication@64a01533
reloadAllAccessors: .ExecStop

===========================================================================================
----------------- testing Tue Jun 02 14:40:10 UTC 2020 /home/travis/build/icyphy/ptII/ptolemy/actor/lib/test/auto/ExecutionTimeSDF.xml
----------------- Instantiating /home/travis/build/icyphy/ptII/ptolemy/actor/lib/test/auto/ExecutionTimeSDF.xml
Fired ExecutionTime: -1560967296
Fired ExecutionTime: 1308400000
Fired ExecutionTime: -315767296
6011 ms. Memory: 279552K Free: 139299K (50%)
----------------- Invoking toplevel() on ptolemy.moml.MoMLSimpleApplication@502032bb
----------------- Done invoking toplevel() on ptolemy.moml.MoMLSimpleApplication@502032bb
reloadAllAccessors: .ExecutionTimeSDF

===========================================================================================
----------------- testing Tue Jun 02 14:40:16 UTC 2020 /home/travis/build/icyphy/ptII/ptolemy/actor/lib/test/auto/Expression1.xml
----------------- Instantiating /home/travis/build/icyphy/ptII/ptolemy/actor/lib/test/auto/Expression1.xml
1 ms. Memory: 279552K Free: 135669K (49%)
----------------- Invoking toplevel() on ptolemy.moml.MoMLSimpleApplication@2d701706
----------------- Done invoking toplevel() on ptolemy.moml.MoMLSimpleApplication@2d701706
reloadAllAccessors: .Expression1

===========================================================================================
----------------- testing Tue Jun 02 14:40:16 UTC 2020 /home/travis/build/icyphy/ptII/ptolemy/actor/lib/test/auto/Expression10.xml
----------------- Instantiating /home/travis/build/icyphy/ptII/ptolemy/actor/lib/test/auto/Expression10.xml
6 ms. Memory: 279552K Free: 130751K (47%)
----------------- Invoking toplevel() on ptolemy.moml.MoMLSimpleApplication@107dac6
----------------- Done invoking toplevel() on ptolemy.moml.MoMLSimpleApplication@107dac6
reloadAllAccessors: .Expression10

===========================================================================================
----------------- testing Tue Jun 02 14:40:16 UTC 2020 /home/travis/build/icyphy/ptII/ptolemy/actor/lib/test/auto/Expression11.xml
----------------- Instantiating /home/travis/build/icyphy/ptII/ptolemy/actor/lib/test/auto/Expression11.xml
2 ms. Memory: 279552K Free: 126041K (45%)
----------------- Invoking toplevel() on ptolemy.moml.MoMLSimpleApplication@7d999222
----------------- Done invoking toplevel() on ptolemy.moml.MoMLSimpleApplication@7d999222
reloadAllAccessors: .Expression11

===========================================================================================
----------------- testing Tue Jun 02 14:40:16 UTC 2020 /home/travis/build/icyphy/ptII/ptolemy/actor/lib/test/auto/Expression12.xml
----------------- Instantiating /home/travis/build/icyphy/ptII/ptolemy/actor/lib/test/auto/Expression12.xml
5 ms. Memory: 279552K Free: 120899K (43%)
----------------- Invoking toplevel() on ptolemy.moml.MoMLSimpleApplication@104f33ca
----------------- Done invoking toplevel() on ptolemy.moml.MoMLSimpleApplication@104f33ca
reloadAllAccessors: .Expression12

===========================================================================================
----------------- testing Tue Jun 02 14:40:16 UTC 2020 /home/travis/build/icyphy/ptII/ptolemy/actor/lib/test/auto/Expression13.xml
----------------- Instantiating /home/travis/build/icyphy/ptII/ptolemy/actor/lib/test/auto/Expression13.xml
3 ms. Memory: 279552K Free: 115801K (41%)
----------------- Invoking toplevel() on ptolemy.moml.MoMLSimpleApplication@549a615c
----------------- Done invoking toplevel() on ptolemy.moml.MoMLSimpleApplication@549a615c
reloadAllAccessors: .Expression13

===========================================================================================
----------------- testing Tue Jun 02 14:40:17 UTC 2020 /home/travis/build/icyphy/ptII/ptolemy/actor/lib/test/auto/Expression14.xml
----------------- Instantiating /home/travis/build/icyphy/ptII/ptolemy/actor/lib/test/auto/Expression14.xml
9 ms. Memory: 279552K Free: 110069K (39%)
----------------- Invoking toplevel() on ptolemy.moml.MoMLSimpleApplication@2a754ab8
----------------- Done invoking toplevel() on ptolemy.moml.MoMLSimpleApplication@2a754ab8
reloadAllAccessors: .Expression14

===========================================================================================
----------------- testing Tue Jun 02 14:40:17 UTC 2020 /home/travis/build/icyphy/ptII/ptolemy/actor/lib/test/auto/Expression15.xml
----------------- Instantiating /home/travis/build/icyphy/ptII/ptolemy/actor/lib/test/auto/Expression15.xml
2 ms. Memory: 279552K Free: 105973K (38%)
----------------- Invoking toplevel() on ptolemy.moml.MoMLSimpleApplication@21f6706c
----------------- Done invoking toplevel() on ptolemy.moml.MoMLSimpleApplication@21f6706c
reloadAllAccessors: .Expression15

===========================================================================================
----------------- testing Tue Jun 02 14:40:17 UTC 2020 /home/travis/build/icyphy/ptII/ptolemy/actor/lib/test/auto/Expression16.xml
----------------- Instantiating /home/travis/build/icyphy/ptII/ptolemy/actor/lib/test/auto/Expression16.xml
3 ms. Memory: 279552K Free: 101465K (36%)
----------------- Invoking toplevel() on ptolemy.moml.MoMLSimpleApplication@15f0d04d
----------------- Done invoking toplevel() on ptolemy.moml.MoMLSimpleApplication@15f0d04d
reloadAllAccessors: .Expression16

===========================================================================================
----------------- testing Tue Jun 02 14:40:17 UTC 2020 /home/travis/build/icyphy/ptII/ptolemy/actor/lib/test/auto/Expression17.xml
----------------- Instantiating /home/travis/build/icyphy/ptII/ptolemy/actor/lib/test/auto/Expression17.xml
4 ms. Memory: 279552K Free: 96345K (34%)
----------------- Invoking toplevel() on ptolemy.moml.MoMLSimpleApplication@5538c6d
----------------- Done invoking toplevel() on ptolemy.moml.MoMLSimpleApplication@5538c6d
reloadAllAccessors: .Expression17

===========================================================================================
----------------- testing Tue Jun 02 14:40:17 UTC 2020 /home/travis/build/icyphy/ptII/ptolemy/actor/lib/test/auto/Expression18.xml
----------------- Instantiating /home/travis/build/icyphy/ptII/ptolemy/actor/lib/test/auto/Expression18.xml
4 ms. Memory: 279552K Free: 91637K (33%)
----------------- Invoking toplevel() on ptolemy.moml.MoMLSimpleApplication@27fb8750
----------------- Done invoking toplevel() on ptolemy.moml.MoMLSimpleApplication@27fb8750
reloadAllAccessors: .Expression18

===========================================================================================
----------------- testing Tue Jun 02 14:40:17 UTC 2020 /home/travis/build/icyphy/ptII/ptolemy/actor/lib/test/auto/Expression2.xml
----------------- Instantiating /home/travis/build/icyphy/ptII/ptolemy/actor/lib/test/auto/Expression2.xml
3 ms. Memory: 279552K Free: 86703K (31%)
----------------- Invoking toplevel() on ptolemy.moml.MoMLSimpleApplication@7891ce4d
----------------- Done invoking toplevel() on ptolemy.moml.MoMLSimpleApplication@7891ce4d
reloadAllAccessors: .Expression2

===========================================================================================
----------------- testing Tue Jun 02 14:40:17 UTC 2020 /home/travis/build/icyphy/ptII/ptolemy/actor/lib/test/auto/Expression3.xml
----------------- Instantiating /home/travis/build/icyphy/ptII/ptolemy/actor/lib/test/auto/Expression3.xml
6 ms. Memory: 279552K Free: 82009K (29%)
----------------- Invoking toplevel() on ptolemy.moml.MoMLSimpleApplication@f5d0e4d
----------------- Done invoking toplevel() on ptolemy.moml.MoMLSimpleApplication@f5d0e4d
reloadAllAccessors: .Expression3

===========================================================================================
----------------- testing Tue Jun 02 14:40:17 UTC 2020 /home/travis/build/icyphy/ptII/ptolemy/actor/lib/test/auto/Expression4.xml
----------------- Instantiating /home/travis/build/icyphy/ptII/ptolemy/actor/lib/test/auto/Expression4.xml
12 ms. Memory: 279552K Free: 74801K (27%)
----------------- Invoking toplevel() on ptolemy.moml.MoMLSimpleApplication@6b2a69fe
----------------- Done invoking toplevel() on ptolemy.moml.MoMLSimpleApplication@6b2a69fe
reloadAllAccessors: .Expression4

===========================================================================================
----------------- testing Tue Jun 02 14:40:17 UTC 2020 /home/travis/build/icyphy/ptII/ptolemy/actor/lib/test/auto/Expression5.xml
----------------- Instantiating /home/travis/build/icyphy/ptII/ptolemy/actor/lib/test/auto/Expression5.xml
3 ms. Memory: 279552K Free: 69683K (25%)
----------------- Invoking toplevel() on ptolemy.moml.MoMLSimpleApplication@426a73e
----------------- Done invoking toplevel() on ptolemy.moml.MoMLSimpleApplication@426a73e
reloadAllAccessors: .Expression5

===========================================================================================
----------------- testing Tue Jun 02 14:40:17 UTC 2020 /home/travis/build/icyphy/ptII/ptolemy/actor/lib/test/auto/Expression6.xml
----------------- Instantiating /home/travis/build/icyphy/ptII/ptolemy/actor/lib/test/auto/Expression6.xml
3 ms. Memory: 279552K Free: 229705K (82%)
----------------- Invoking toplevel() on ptolemy.moml.MoMLSimpleApplication@1131c65
----------------- Done invoking toplevel() on ptolemy.moml.MoMLSimpleApplication@1131c65
reloadAllAccessors: .Expression6

===========================================================================================
----------------- testing Tue Jun 02 14:40:17 UTC 2020 /home/travis/build/icyphy/ptII/ptolemy/actor/lib/test/auto/Expression7.xml
----------------- Instantiating /home/travis/build/icyphy/ptII/ptolemy/actor/lib/test/auto/Expression7.xml
2 ms. Memory: 279552K Free: 224109K (80%)
----------------- Invoking toplevel() on ptolemy.moml.MoMLSimpleApplication@3b3d725
----------------- Done invoking toplevel() on ptolemy.moml.MoMLSimpleApplication@3b3d725
reloadAllAccessors: .Expression7

===========================================================================================
----------------- testing Tue Jun 02 14:40:17 UTC 2020 /home/travis/build/icyphy/ptII/ptolemy/actor/lib/test/auto/Expression8.xml
----------------- Instantiating /home/travis/build/icyphy/ptII/ptolemy/actor/lib/test/auto/Expression8.xml
8 ms. Memory: 279552K Free: 219495K (79%)
----------------- Invoking toplevel() on ptolemy.moml.MoMLSimpleApplication@7bf7a865
----------------- Done invoking toplevel() on ptolemy.moml.MoMLSimpleApplication@7bf7a865
reloadAllAccessors: .Expression8

===========================================================================================
----------------- testing Tue Jun 02 14:40:17 UTC 2020 /home/travis/build/icyphy/ptII/ptolemy/actor/lib/test/auto/Expression9.xml
----------------- Instantiating /home/travis/build/icyphy/ptII/ptolemy/actor/lib/test/auto/Expression9.xml
1 ms. Memory: 279552K Free: 215399K (77%)
----------------- Invoking toplevel() on ptolemy.moml.MoMLSimpleApplication@5b04707
----------------- Done invoking toplevel() on ptolemy.moml.MoMLSimpleApplication@5b04707
reloadAllAccessors: .Expression9

===========================================================================================
----------------- testing Tue Jun 02 14:40:17 UTC 2020 /home/travis/build/icyphy/ptII/ptolemy/actor/lib/test/auto/ExpressionConcatenateArrayType.xml
----------------- Instantiating /home/travis/build/icyphy/ptII/ptolemy/actor/lib/test/auto/ExpressionConcatenateArrayType.xml
3 ms. Memory: 279552K Free: 209255K (75%)
----------------- Invoking toplevel() on ptolemy.moml.MoMLSimpleApplication@5fdb2206
----------------- Done invoking toplevel() on ptolemy.moml.MoMLSimpleApplication@5fdb2206
reloadAllAccessors: .ExpressionConcatenateArrayType

===========================================================================================
----------------- testing Tue Jun 02 14:40:17 UTC 2020 /home/travis/build/icyphy/ptII/ptolemy/actor/lib/test/auto/ExpressionConcatenateArrayType2.xml
----------------- Instantiating /home/travis/build/icyphy/ptII/ptolemy/actor/lib/test/auto/ExpressionConcatenateArrayType2.xml
2 ms. Memory: 279552K Free: 203637K (73%)
----------------- Invoking toplevel() on ptolemy.moml.MoMLSimpleApplication@77b1dca3
----------------- Done invoking toplevel() on ptolemy.moml.MoMLSimpleApplication@77b1dca3
reloadAllAccessors: .ExpressionConcatenateArrayType2

===========================================================================================
----------------- testing Tue Jun 02 14:40:17 UTC 2020 /home/travis/build/icyphy/ptII/ptolemy/actor/lib/test/auto/ExpressionFix.xml
----------------- Instantiating /home/travis/build/icyphy/ptII/ptolemy/actor/lib/test/auto/ExpressionFix.xml
20 ms. Memory: 279552K Free: 196967K (70%)
----------------- Invoking toplevel() on ptolemy.moml.MoMLSimpleApplication@2510cf3b
----------------- Done invoking toplevel() on ptolemy.moml.MoMLSimpleApplication@2510cf3b
reloadAllAccessors: .ExpressionFix

===========================================================================================
----------------- testing Tue Jun 02 14:40:17 UTC 2020 /home/travis/build/icyphy/ptII/ptolemy/actor/lib/test/auto/ExpressionFix2.xml
----------------- Instantiating /home/travis/build/icyphy/ptII/ptolemy/actor/lib/test/auto/ExpressionFix2.xml
3 ms. Memory: 279552K Free: 193341K (69%)
----------------- Invoking toplevel() on ptolemy.moml.MoMLSimpleApplication@47a87df5
----------------- Done invoking toplevel() on ptolemy.moml.MoMLSimpleApplication@47a87df5
reloadAllAccessors: .ExpressionFix2

===========================================================================================
----------------- testing Tue Jun 02 14:40:17 UTC 2020 /home/travis/build/icyphy/ptII/ptolemy/actor/lib/test/auto/ExpressionFix3.xml
----------------- Instantiating /home/travis/build/icyphy/ptII/ptolemy/actor/lib/test/auto/ExpressionFix3.xml
3 ms. Memory: 279552K Free: 189245K (68%)
----------------- Invoking toplevel() on ptolemy.moml.MoMLSimpleApplication@7b70eb9a
----------------- Done invoking toplevel() on ptolemy.moml.MoMLSimpleApplication@7b70eb9a
reloadAllAccessors: .ExpressionFix3

===========================================================================================
----------------- testing Tue Jun 02 14:40:17 UTC 2020 /home/travis/build/icyphy/ptII/ptolemy/actor/lib/test/auto/FileWriter1.xml
----------------- Instantiating /home/travis/build/icyphy/ptII/ptolemy/actor/lib/test/auto/FileWriter1.xml
2 ms. Memory: 279552K Free: 185703K (66%)
----------------- Invoking toplevel() on ptolemy.moml.MoMLSimpleApplication@13014650
----------------- Done invoking toplevel() on ptolemy.moml.MoMLSimpleApplication@13014650
reloadAllAccessors: .FileWriter1

===========================================================================================
----------------- testing Tue Jun 02 14:40:17 UTC 2020 /home/travis/build/icyphy/ptII/ptolemy/actor/lib/test/auto/FileWriter2.xml
----------------- Instantiating /home/travis/build/icyphy/ptII/ptolemy/actor/lib/test/auto/FileWriter2.xml
2 ms. Memory: 279552K Free: 181109K (65%)
----------------- Invoking toplevel() on ptolemy.moml.MoMLSimpleApplication@412845b8
----------------- Done invoking toplevel() on ptolemy.moml.MoMLSimpleApplication@412845b8
reloadAllAccessors: .FileWriter2

===========================================================================================
----------------- testing Tue Jun 02 14:40:17 UTC 2020 /home/travis/build/icyphy/ptII/ptolemy/actor/lib/test/auto/FileWriter3.xml
----------------- Instantiating /home/travis/build/icyphy/ptII/ptolemy/actor/lib/test/auto/FileWriter3.xml
4 ms. Memory: 279552K Free: 176957K (63%)
----------------- Invoking toplevel() on ptolemy.moml.MoMLSimpleApplication@532c547a
----------------- Done invoking toplevel() on ptolemy.moml.MoMLSimpleApplication@532c547a
reloadAllAccessors: .FileWriter3

===========================================================================================
----------------- testing Tue Jun 02 14:40:17 UTC 2020 /home/travis/build/icyphy/ptII/ptolemy/actor/lib/test/auto/Gaussian.xml
----------------- Instantiating /home/travis/build/icyphy/ptII/ptolemy/actor/lib/test/auto/Gaussian.xml
2 ms. Memory: 279552K Free: 172925K (62%)
----------------- Invoking toplevel() on ptolemy.moml.MoMLSimpleApplication@544c35e3
----------------- Done invoking toplevel() on ptolemy.moml.MoMLSimpleApplication@544c35e3
reloadAllAccessors: .Gaussian

===========================================================================================
----------------- testing Tue Jun 02 14:40:17 UTC 2020 /home/travis/build/icyphy/ptII/ptolemy/actor/lib/test/auto/Gaussian1.xml
----------------- Instantiating /home/travis/build/icyphy/ptII/ptolemy/actor/lib/test/auto/Gaussian1.xml
10 ms. Memory: 279552K Free: 167257K (60%)
----------------- Invoking toplevel() on ptolemy.moml.MoMLSimpleApplication@28d08be8
----------------- Done invoking toplevel() on ptolemy.moml.MoMLSimpleApplication@28d08be8
reloadAllAccessors: .Gaussian1

===========================================================================================
----------------- testing Tue Jun 02 14:40:17 UTC 2020 /home/travis/build/icyphy/ptII/ptolemy/actor/lib/test/auto/Gaussian2.xml
----------------- Instantiating /home/travis/build/icyphy/ptII/ptolemy/actor/lib/test/auto/Gaussian2.xml
2 ms. Memory: 279552K Free: 162137K (58%)
----------------- Invoking toplevel() on ptolemy.moml.MoMLSimpleApplication@6d1f34ca
----------------- Done invoking toplevel() on ptolemy.moml.MoMLSimpleApplication@6d1f34ca
reloadAllAccessors: .Gaussian2

===========================================================================================
----------------- testing Tue Jun 02 14:40:17 UTC 2020 /home/travis/build/icyphy/ptII/ptolemy/actor/lib/test/auto/GradientAdaptiveLattice.xml
----------------- Instantiating /home/travis/build/icyphy/ptII/ptolemy/actor/lib/test/auto/GradientAdaptiveLattice.xml
4 ms. Memory: 279552K Free: 157031K (56%)
----------------- Invoking toplevel() on ptolemy.moml.MoMLSimpleApplication@53a3cc93
----------------- Done invoking toplevel() on ptolemy.moml.MoMLSimpleApplication@53a3cc93
reloadAllAccessors: .GradientAdaptiveLattice

===========================================================================================
----------------- testing Tue Jun 02 14:40:17 UTC 2020 /home/travis/build/icyphy/ptII/ptolemy/actor/lib/test/auto/IIR.xml
----------------- Instantiating /home/travis/build/icyphy/ptII/ptolemy/actor/lib/test/auto/IIR.xml
1 ms. Memory: 279552K Free: 152437K (55%)
----------------- Invoking toplevel() on ptolemy.moml.MoMLSimpleApplication@4e3944ef
----------------- Done invoking toplevel() on ptolemy.moml.MoMLSimpleApplication@4e3944ef
reloadAllAccessors: .IIR

===========================================================================================
----------------- testing Tue Jun 02 14:40:17 UTC 2020 /home/travis/build/icyphy/ptII/ptolemy/actor/lib/test/auto/InputOutputTransparentPorts.xml
----------------- Instantiating /home/travis/build/icyphy/ptII/ptolemy/actor/lib/test/auto/InputOutputTransparentPorts.xml
2 ms. Memory: 279552K Free: 145737K (52%)
----------------- Invoking toplevel() on ptolemy.moml.MoMLSimpleApplication@3ea55c2f
----------------- Done invoking toplevel() on ptolemy.moml.MoMLSimpleApplication@3ea55c2f
reloadAllAccessors: .InputOutputTransparentPorts

===========================================================================================
----------------- testing Tue Jun 02 14:40:17 UTC 2020 /home/travis/build/icyphy/ptII/ptolemy/actor/lib/test/auto/Interpolator.xml
----------------- Instantiating /home/travis/build/icyphy/ptII/ptolemy/actor/lib/test/auto/Interpolator.xml
4 ms. Memory: 279552K Free: 141117K (50%)
----------------- Invoking toplevel() on ptolemy.moml.MoMLSimpleApplication@7136166d
----------------- Done invoking toplevel() on ptolemy.moml.MoMLSimpleApplication@7136166d
reloadAllAccessors: .Interpolator

===========================================================================================
----------------- testing Tue Jun 02 14:40:17 UTC 2020 /home/travis/build/icyphy/ptII/ptolemy/actor/lib/test/auto/InterpolatorFiringLimitDE.xml
----------------- Instantiating /home/travis/build/icyphy/ptII/ptolemy/actor/lib/test/auto/InterpolatorFiringLimitDE.xml
2 ms. Memory: 279552K Free: 135043K (48%)
----------------- Invoking toplevel() on ptolemy.moml.MoMLSimpleApplication@19b08793
----------------- Done invoking toplevel() on ptolemy.moml.MoMLSimpleApplication@19b08793
reloadAllAccessors: .InterpolatorFiringLimitDE

===========================================================================================
----------------- testing Tue Jun 02 14:40:17 UTC 2020 /home/travis/build/icyphy/ptII/ptolemy/actor/lib/test/auto/Lattice.xml
----------------- Instantiating /home/travis/build/icyphy/ptII/ptolemy/actor/lib/test/auto/Lattice.xml
1 ms. Memory: 279552K Free: 131401K (47%)
----------------- Invoking toplevel() on ptolemy.moml.MoMLSimpleApplication@78d7125
----------------- Done invoking toplevel() on ptolemy.moml.MoMLSimpleApplication@78d7125
reloadAllAccessors: .Lattice

===========================================================================================
----------------- testing Tue Jun 02 14:40:17 UTC 2020 /home/travis/build/icyphy/ptII/ptolemy/actor/lib/test/auto/LazyAOCTestLazy.xml
----------------- Instantiating /home/travis/build/icyphy/ptII/ptolemy/actor/lib/test/auto/LazyAOCTestLazy.xml
8 ms. Memory: 279552K Free: 125249K (45%)
----------------- Invoking toplevel() on ptolemy.moml.MoMLSimpleApplication@4d547387
----------------- Done invoking toplevel() on ptolemy.moml.MoMLSimpleApplication@4d547387
reloadAllAccessors: .LazyAOCTestLazy

===========================================================================================
----------------- testing Tue Jun 02 14:40:17 UTC 2020 /home/travis/build/icyphy/ptII/ptolemy/actor/lib/test/auto/LazyAOCTestNonLazy.xml
----------------- Instantiating /home/travis/build/icyphy/ptII/ptolemy/actor/lib/test/auto/LazyAOCTestNonLazy.xml
2 ms. Memory: 279552K Free: 119143K (43%)
----------------- Invoking toplevel() on ptolemy.moml.MoMLSimpleApplication@6f6e9b50
----------------- Done invoking toplevel() on ptolemy.moml.MoMLSimpleApplication@6f6e9b50
reloadAllAccessors: .LazyAOCTestNonLazy

===========================================================================================
----------------- testing Tue Jun 02 14:40:17 UTC 2020 /home/travis/build/icyphy/ptII/ptolemy/actor/lib/test/auto/LazyInnerClass.xml
----------------- Instantiating /home/travis/build/icyphy/ptII/ptolemy/actor/lib/test/auto/LazyInnerClass.xml
18 ms. Memory: 279552K Free: 110950K (40%)
----------------- Invoking toplevel() on ptolemy.moml.MoMLSimpleApplication@2734bbff
----------------- Done invoking toplevel() on ptolemy.moml.MoMLSimpleApplication@2734bbff
reloadAllAccessors: .LazyInnerClass

===========================================================================================
----------------- testing Tue Jun 02 14:40:17 UTC 2020 /home/travis/build/icyphy/ptII/ptolemy/actor/lib/test/auto/LazyPubSub.xml
----------------- Instantiating /home/travis/build/icyphy/ptII/ptolemy/actor/lib/test/auto/LazyPubSub.xml
23 ms. Memory: 279552K Free: 100711K (36%)
----------------- Invoking toplevel() on ptolemy.moml.MoMLSimpleApplication@33aa5661
----------------- Done invoking toplevel() on ptolemy.moml.MoMLSimpleApplication@33aa5661
reloadAllAccessors: .LazyPubSub

===========================================================================================
----------------- testing Tue Jun 02 14:40:17 UTC 2020 /home/travis/build/icyphy/ptII/ptolemy/actor/lib/test/auto/LazyPubSub2.xml
----------------- Instantiating /home/travis/build/icyphy/ptII/ptolemy/actor/lib/test/auto/LazyPubSub2.xml
18 ms. Memory: 279552K Free: 91013K (33%)
----------------- Invoking toplevel() on ptolemy.moml.MoMLSimpleApplication@374d798f
----------------- Done invoking toplevel() on ptolemy.moml.MoMLSimpleApplication@374d798f
reloadAllAccessors: .LazyPubSub2

===========================================================================================
----------------- testing Tue Jun 02 14:40:17 UTC 2020 /home/travis/build/icyphy/ptII/ptolemy/actor/lib/test/auto/LazyPubSub3.xml
----------------- Instantiating /home/travis/build/icyphy/ptII/ptolemy/actor/lib/test/auto/LazyPubSub3.xml
13 ms. Memory: 279552K Free: 80764K (29%)
----------------- Invoking toplevel() on ptolemy.moml.MoMLSimpleApplication@f239352
----------------- Done invoking toplevel() on ptolemy.moml.MoMLSimpleApplication@f239352
reloadAllAccessors: .LazyPubSub3

===========================================================================================
----------------- testing Tue Jun 02 14:40:17 UTC 2020 /home/travis/build/icyphy/ptII/ptolemy/actor/lib/test/auto/LazySubClassModel.xml
----------------- Instantiating /home/travis/build/icyphy/ptII/ptolemy/actor/lib/test/auto/LazySubClassModel.xml
2 ms. Memory: 279552K Free: 71541K (26%)
----------------- Invoking toplevel() on ptolemy.moml.MoMLSimpleApplication@3f8d4cdf
----------------- Done invoking toplevel() on ptolemy.moml.MoMLSimpleApplication@3f8d4cdf
reloadAllAccessors: .LazySubClassModel

===========================================================================================
----------------- testing Tue Jun 02 14:40:17 UTC 2020 /home/travis/build/icyphy/ptII/ptolemy/actor/lib/test/auto/LevelCrossTest1.xml
----------------- Instantiating /home/travis/build/icyphy/ptII/ptolemy/actor/lib/test/auto/LevelCrossTest1.xml
2 ms. Memory: 279552K Free: 229920K (82%)
----------------- Invoking toplevel() on ptolemy.moml.MoMLSimpleApplication@4d86fbce
----------------- Done invoking toplevel() on ptolemy.moml.MoMLSimpleApplication@4d86fbce
reloadAllAccessors: .broken

===========================================================================================
----------------- testing Tue Jun 02 14:40:17 UTC 2020 /home/travis/build/icyphy/ptII/ptolemy/actor/lib/test/auto/LevelCrossTest10.xml
----------------- Instantiating /home/travis/build/icyphy/ptII/ptolemy/actor/lib/test/auto/LevelCrossTest10.xml
1 ms. Memory: 279552K Free: 221513K (79%)
----------------- Invoking toplevel() on ptolemy.moml.MoMLSimpleApplication@2776ee62
----------------- Done invoking toplevel() on ptolemy.moml.MoMLSimpleApplication@2776ee62
reloadAllAccessors: .LevelCrossTest10

===========================================================================================
----------------- testing Tue Jun 02 14:40:17 UTC 2020 /home/travis/build/icyphy/ptII/ptolemy/actor/lib/test/auto/LevelCrossTest11.xml
----------------- Instantiating /home/travis/build/icyphy/ptII/ptolemy/actor/lib/test/auto/LevelCrossTest11.xml
1 ms. Memory: 279552K Free: 214345K (77%)
----------------- Invoking toplevel() on ptolemy.moml.MoMLSimpleApplication@6197eb93
----------------- Done invoking toplevel() on ptolemy.moml.MoMLSimpleApplication@6197eb93
reloadAllAccessors: .LevelCrossTest11

===========================================================================================
----------------- testing Tue Jun 02 14:40:17 UTC 2020 /home/travis/build/icyphy/ptII/ptolemy/actor/lib/test/auto/LevelCrossTest12.xml
----------------- Instantiating /home/travis/build/icyphy/ptII/ptolemy/actor/lib/test/auto/LevelCrossTest12.xml
1 ms. Memory: 279552K Free: 208201K (74%)
----------------- Invoking toplevel() on ptolemy.moml.MoMLSimpleApplication@6efa6602
----------------- Done invoking toplevel() on ptolemy.moml.MoMLSimpleApplication@6efa6602
reloadAllAccessors: .LevelCrossTest12

===========================================================================================
----------------- testing Tue Jun 02 14:40:17 UTC 2020 /home/travis/build/icyphy/ptII/ptolemy/actor/lib/test/auto/LevelCrossTest13.xml
----------------- Instantiating /home/travis/build/icyphy/ptII/ptolemy/actor/lib/test/auto/LevelCrossTest13.xml
5 ms. Memory: 279552K Free: 200519K (72%)
----------------- Invoking toplevel() on ptolemy.moml.MoMLSimpleApplication@28a4f62f
----------------- Done invoking toplevel() on ptolemy.moml.MoMLSimpleApplication@28a4f62f
reloadAllAccessors: .LevelCrossTest13

===========================================================================================
----------------- testing Tue Jun 02 14:40:18 UTC 2020 /home/travis/build/icyphy/ptII/ptolemy/actor/lib/test/auto/LevelCrossTest2.xml
----------------- Instantiating /home/travis/build/icyphy/ptII/ptolemy/actor/lib/test/auto/LevelCrossTest2.xml
1 ms. Memory: 279552K Free: 194889K (70%)
----------------- Invoking toplevel() on ptolemy.moml.MoMLSimpleApplication@267ddd79
----------------- Done invoking toplevel() on ptolemy.moml.MoMLSimpleApplication@267ddd79
reloadAllAccessors: .broken

===========================================================================================
----------------- testing Tue Jun 02 14:40:18 UTC 2020 /home/travis/build/icyphy/ptII/ptolemy/actor/lib/test/auto/LevelCrossTest3.xml
----------------- Instantiating /home/travis/build/icyphy/ptII/ptolemy/actor/lib/test/auto/LevelCrossTest3.xml
1 ms. Memory: 279552K Free: 188745K (68%)
----------------- Invoking toplevel() on ptolemy.moml.MoMLSimpleApplication@7fd1102b
----------------- Done invoking toplevel() on ptolemy.moml.MoMLSimpleApplication@7fd1102b
reloadAllAccessors: .LevelCrossTest3

===========================================================================================
----------------- testing Tue Jun 02 14:40:18 UTC 2020 /home/travis/build/icyphy/ptII/ptolemy/actor/lib/test/auto/LevelCrossTest4.xml
----------------- Instantiating /home/travis/build/icyphy/ptII/ptolemy/actor/lib/test/auto/LevelCrossTest4.xml
2 ms. Memory: 279552K Free: 183625K (66%)
----------------- Invoking toplevel() on ptolemy.moml.MoMLSimpleApplication@2f0e891f
----------------- Done invoking toplevel() on ptolemy.moml.MoMLSimpleApplication@2f0e891f
reloadAllAccessors: .broken

===========================================================================================
----------------- testing Tue Jun 02 14:40:18 UTC 2020 /home/travis/build/icyphy/ptII/ptolemy/actor/lib/test/auto/LevelCrossTest5.xml
----------------- Instantiating /home/travis/build/icyphy/ptII/ptolemy/actor/lib/test/auto/LevelCrossTest5.xml
1 ms. Memory: 279552K Free: 175943K (63%)
----------------- Invoking toplevel() on ptolemy.moml.MoMLSimpleApplication@7f255371
----------------- Done invoking toplevel() on ptolemy.moml.MoMLSimpleApplication@7f255371
reloadAllAccessors: .LevelCrossTest5

===========================================================================================
----------------- testing Tue Jun 02 14:40:18 UTC 2020 /home/travis/build/icyphy/ptII/ptolemy/actor/lib/test/auto/LevelCrossTest6.xml
----------------- Instantiating /home/travis/build/icyphy/ptII/ptolemy/actor/lib/test/auto/LevelCrossTest6.xml
1 ms. Memory: 279552K Free: 169799K (61%)
----------------- Invoking toplevel() on ptolemy.moml.MoMLSimpleApplication@6477d52
----------------- Done invoking toplevel() on ptolemy.moml.MoMLSimpleApplication@6477d52
reloadAllAccessors: .LevelCrossTest6

===========================================================================================
----------------- testing Tue Jun 02 14:40:18 UTC 2020 /home/travis/build/icyphy/ptII/ptolemy/actor/lib/test/auto/LevelCrossTest7.xml
----------------- Instantiating /home/travis/build/icyphy/ptII/ptolemy/actor/lib/test/auto/LevelCrossTest7.xml
1 ms. Memory: 279552K Free: 162121K (58%)
----------------- Invoking toplevel() on ptolemy.moml.MoMLSimpleApplication@4683a6c5
----------------- Done invoking toplevel() on ptolemy.moml.MoMLSimpleApplication@4683a6c5
reloadAllAccessors: .LevelCrossTest7

===========================================================================================
----------------- testing Tue Jun 02 14:40:18 UTC 2020 /home/travis/build/icyphy/ptII/ptolemy/actor/lib/test/auto/LevelCrossTest8.xml
----------------- Instantiating /home/travis/build/icyphy/ptII/ptolemy/actor/lib/test/auto/LevelCrossTest8.xml
1 ms. Memory: 279552K Free: 154953K (55%)
----------------- Invoking toplevel() on ptolemy.moml.MoMLSimpleApplication@13186b63
----------------- Done invoking toplevel() on ptolemy.moml.MoMLSimpleApplication@13186b63
reloadAllAccessors: .LevelCrossTest8

===========================================================================================
----------------- testing Tue Jun 02 14:40:18 UTC 2020 /home/travis/build/icyphy/ptII/ptolemy/actor/lib/test/auto/LevelCrossTest9.xml
----------------- Instantiating /home/travis/build/icyphy/ptII/ptolemy/actor/lib/test/auto/LevelCrossTest9.xml
1 ms. Memory: 279552K Free: 147271K (53%)
----------------- Invoking toplevel() on ptolemy.moml.MoMLSimpleApplication@59d95a41
----------------- Done invoking toplevel() on ptolemy.moml.MoMLSimpleApplication@59d95a41
reloadAllAccessors: .LevelCrossTest9

===========================================================================================
----------------- testing Tue Jun 02 14:40:18 UTC 2020 /home/travis/build/icyphy/ptII/ptolemy/actor/lib/test/auto/LevinsonDurbin.xml
----------------- Instantiating /home/travis/build/icyphy/ptII/ptolemy/actor/lib/test/auto/LevinsonDurbin.xml
1 ms. Memory: 279552K Free: 143175K (51%)
----------------- Invoking toplevel() on ptolemy.moml.MoMLSimpleApplication@13212ff1
----------------- Done invoking toplevel() on ptolemy.moml.MoMLSimpleApplication@13212ff1
reloadAllAccessors: .LevinsonDurbin

===========================================================================================
----------------- testing Tue Jun 02 14:40:18 UTC 2020 /home/travis/build/icyphy/ptII/ptolemy/actor/lib/test/auto/LevinsonDurbin2.xml
----------------- Instantiating /home/travis/build/icyphy/ptII/ptolemy/actor/lib/test/auto/LevinsonDurbin2.xml
3 ms. Memory: 279552K Free: 139593K (50%)
----------------- Invoking toplevel() on ptolemy.moml.MoMLSimpleApplication@52b5f46c
----------------- Done invoking toplevel() on ptolemy.moml.MoMLSimpleApplication@52b5f46c
reloadAllAccessors: .LevinsonDurbin2

===========================================================================================
----------------- testing Tue Jun 02 14:40:18 UTC 2020 /home/travis/build/icyphy/ptII/ptolemy/actor/lib/test/auto/LevinsonDurbin3.xml
----------------- Instantiating /home/travis/build/icyphy/ptII/ptolemy/actor/lib/test/auto/LevinsonDurbin3.xml
10 ms. Memory: 279552K Free: 135497K (48%)
----------------- Invoking toplevel() on ptolemy.moml.MoMLSimpleApplication@61e85504
----------------- Done invoking toplevel() on ptolemy.moml.MoMLSimpleApplication@61e85504
reloadAllAccessors: .LevinsonDurbin3

===========================================================================================
----------------- testing Tue Jun 02 14:40:18 UTC 2020 /home/travis/build/icyphy/ptII/ptolemy/actor/lib/test/auto/Limiter.xml
----------------- Instantiating /home/travis/build/icyphy/ptII/ptolemy/actor/lib/test/auto/Limiter.xml
4 ms. Memory: 279552K Free: 126281K (45%)
----------------- Invoking toplevel() on ptolemy.moml.MoMLSimpleApplication@56989a95
----------------- Done invoking toplevel() on ptolemy.moml.MoMLSimpleApplication@56989a95
reloadAllAccessors: .Limiter

===========================================================================================
----------------- testing Tue Jun 02 14:40:18 UTC 2020 /home/travis/build/icyphy/ptII/ptolemy/actor/lib/test/auto/LinearDifferenceEquationSystem.xml
----------------- Instantiating /home/travis/build/icyphy/ptII/ptolemy/actor/lib/test/auto/LinearDifferenceEquationSystem.xml
4 ms. Memory: 279552K Free: 118599K (42%)
----------------- Invoking toplevel() on ptolemy.moml.MoMLSimpleApplication@3a0503ff
----------------- Done invoking toplevel() on ptolemy.moml.MoMLSimpleApplication@3a0503ff
reloadAllAccessors: .LinearDifferenceEquationSystem

===========================================================================================
----------------- testing Tue Jun 02 14:40:18 UTC 2020 /home/travis/build/icyphy/ptII/ptolemy/actor/lib/test/auto/LookupTable.xml
----------------- Instantiating /home/travis/build/icyphy/ptII/ptolemy/actor/lib/test/auto/LookupTable.xml
3 ms. Memory: 279552K Free: 114503K (41%)
----------------- Invoking toplevel() on ptolemy.moml.MoMLSimpleApplication@911bd13
----------------- Done invoking toplevel() on ptolemy.moml.MoMLSimpleApplication@911bd13
reloadAllAccessors: .LookupTable

===========================================================================================
----------------- testing Tue Jun 02 14:40:18 UTC 2020 /home/travis/build/icyphy/ptII/ptolemy/actor/lib/test/auto/MathFunction.xml
----------------- Instantiating /home/travis/build/icyphy/ptII/ptolemy/actor/lib/test/auto/MathFunction.xml
2 ms. Memory: 279552K Free: 106311K (38%)
----------------- Invoking toplevel() on ptolemy.moml.MoMLSimpleApplication@42b4062f
----------------- Done invoking toplevel() on ptolemy.moml.MoMLSimpleApplication@42b4062f
reloadAllAccessors: .MathFunction

===========================================================================================
----------------- testing Tue Jun 02 14:40:18 UTC 2020 /home/travis/build/icyphy/ptII/ptolemy/actor/lib/test/auto/MathFunction2.xml
----------------- Instantiating /home/travis/build/icyphy/ptII/ptolemy/actor/lib/test/auto/MathFunction2.xml
1 ms. Memory: 279552K Free: 102215K (37%)
----------------- Invoking toplevel() on ptolemy.moml.MoMLSimpleApplication@44c0ac42
----------------- Done invoking toplevel() on ptolemy.moml.MoMLSimpleApplication@44c0ac42
reloadAllAccessors: .MathFunction2

===========================================================================================
----------------- testing Tue Jun 02 14:40:18 UTC 2020 /home/travis/build/icyphy/ptII/ptolemy/actor/lib/test/auto/MathFunction3.xml
----------------- Instantiating /home/travis/build/icyphy/ptII/ptolemy/actor/lib/test/auto/MathFunction3.xml
2 ms. Memory: 279552K Free: 95047K (34%)
----------------- Invoking toplevel() on ptolemy.moml.MoMLSimpleApplication@62647f8a
----------------- Done invoking toplevel() on ptolemy.moml.MoMLSimpleApplication@62647f8a
reloadAllAccessors: .MathFunction3

===========================================================================================
----------------- testing Tue Jun 02 14:40:18 UTC 2020 /home/travis/build/icyphy/ptII/ptolemy/actor/lib/test/auto/MatrixCropBoolean.xml
----------------- Instantiating /home/travis/build/icyphy/ptII/ptolemy/actor/lib/test/auto/MatrixCropBoolean.xml
6 ms. Memory: 279552K Free: 89897K (32%)
----------------- Invoking toplevel() on ptolemy.moml.MoMLSimpleApplication@1be4115e
----------------- Done invoking toplevel() on ptolemy.moml.MoMLSimpleApplication@1be4115e
reloadAllAccessors: .MatrixCropBoolean

===========================================================================================
----------------- testing Tue Jun 02 14:40:18 UTC 2020 /home/travis/build/icyphy/ptII/ptolemy/actor/lib/test/auto/MatrixCropComplex.xml
----------------- Instantiating /home/travis/build/icyphy/ptII/ptolemy/actor/lib/test/auto/MatrixCropComplex.xml
2 ms. Memory: 279552K Free: 85801K (31%)
----------------- Invoking toplevel() on ptolemy.moml.MoMLSimpleApplication@2de89763
----------------- Done invoking toplevel() on ptolemy.moml.MoMLSimpleApplication@2de89763
reloadAllAccessors: .MatrixCropComplex

===========================================================================================
----------------- testing Tue Jun 02 14:40:18 UTC 2020 /home/travis/build/icyphy/ptII/ptolemy/actor/lib/test/auto/MatrixCropDouble.xml
----------------- Instantiating /home/travis/build/icyphy/ptII/ptolemy/actor/lib/test/auto/MatrixCropDouble.xml
3 ms. Memory: 279552K Free: 80681K (29%)
----------------- Invoking toplevel() on ptolemy.moml.MoMLSimpleApplication@587f199e
----------------- Done invoking toplevel() on ptolemy.moml.MoMLSimpleApplication@587f199e
reloadAllAccessors: .MatrixCropDouble

===========================================================================================
----------------- testing Tue Jun 02 14:40:18 UTC 2020 /home/travis/build/icyphy/ptII/ptolemy/actor/lib/test/auto/MatrixCropFix.xml
----------------- Instantiating /home/travis/build/icyphy/ptII/ptolemy/actor/lib/test/auto/MatrixCropFix.xml
2 ms. Memory: 279552K Free: 75081K (27%)
----------------- Invoking toplevel() on ptolemy.moml.MoMLSimpleApplication@55e43833
----------------- Done invoking toplevel() on ptolemy.moml.MoMLSimpleApplication@55e43833
reloadAllAccessors: .MatrixCropFix

===========================================================================================
----------------- testing Tue Jun 02 14:40:18 UTC 2020 /home/travis/build/icyphy/ptII/ptolemy/actor/lib/test/auto/MatrixCropInt.xml
----------------- Instantiating /home/travis/build/icyphy/ptII/ptolemy/actor/lib/test/auto/MatrixCropInt.xml
2 ms. Memory: 279552K Free: 69961K (25%)
----------------- Invoking toplevel() on ptolemy.moml.MoMLSimpleApplication@2cda1fff
----------------- Done invoking toplevel() on ptolemy.moml.MoMLSimpleApplication@2cda1fff
reloadAllAccessors: .MatrixCropInt

===========================================================================================
----------------- testing Tue Jun 02 14:40:18 UTC 2020 /home/travis/build/icyphy/ptII/ptolemy/actor/lib/test/auto/MatrixCropLong.xml
----------------- Instantiating /home/travis/build/icyphy/ptII/ptolemy/actor/lib/test/auto/MatrixCropLong.xml
2 ms. Memory: 279552K Free: 229089K (82%)
----------------- Invoking toplevel() on ptolemy.moml.MoMLSimpleApplication@28443342
----------------- Done invoking toplevel() on ptolemy.moml.MoMLSimpleApplication@28443342
reloadAllAccessors: .MatrixCropLong

===========================================================================================
----------------- testing Tue Jun 02 14:40:18 UTC 2020 /home/travis/build/icyphy/ptII/ptolemy/actor/lib/test/auto/MatrixToArray.xml
----------------- Instantiating /home/travis/build/icyphy/ptII/ptolemy/actor/lib/test/auto/MatrixToArray.xml
12 ms. Memory: 279552K Free: 213743K (76%)
----------------- Invoking toplevel() on ptolemy.moml.MoMLSimpleApplication@5028b990
----------------- Done invoking toplevel() on ptolemy.moml.MoMLSimpleApplication@5028b990
reloadAllAccessors: .MatrixToArray

===========================================================================================
----------------- testing Tue Jun 02 14:40:18 UTC 2020 /home/travis/build/icyphy/ptII/ptolemy/actor/lib/test/auto/MaxIndex.xml
----------------- Instantiating /home/travis/build/icyphy/ptII/ptolemy/actor/lib/test/auto/MaxIndex.xml
2 ms. Memory: 279552K Free: 208623K (75%)
----------------- Invoking toplevel() on ptolemy.moml.MoMLSimpleApplication@562008c3
----------------- Done invoking toplevel() on ptolemy.moml.MoMLSimpleApplication@562008c3
reloadAllAccessors: .MaxIndex

===========================================================================================
----------------- testing Tue Jun 02 14:40:18 UTC 2020 /home/travis/build/icyphy/ptII/ptolemy/actor/lib/test/auto/Maximum.xml
----------------- Instantiating /home/travis/build/icyphy/ptII/ptolemy/actor/lib/test/auto/Maximum.xml
6 ms. Memory: 279552K Free: 201969K (72%)
----------------- Invoking toplevel() on ptolemy.moml.MoMLSimpleApplication@29d1b1db
----------------- Done invoking toplevel() on ptolemy.moml.MoMLSimpleApplication@29d1b1db
reloadAllAccessors: .Maximum

===========================================================================================
----------------- testing Tue Jun 02 14:40:18 UTC 2020 /home/travis/build/icyphy/ptII/ptolemy/actor/lib/test/auto/MaximumComplex.xml
----------------- Instantiating /home/travis/build/icyphy/ptII/ptolemy/actor/lib/test/auto/MaximumComplex.xml
4 ms. Memory: 279552K Free: 195825K (70%)
----------------- Invoking toplevel() on ptolemy.moml.MoMLSimpleApplication@6f3de737
----------------- Done invoking toplevel() on ptolemy.moml.MoMLSimpleApplication@6f3de737
reloadAllAccessors: .MaximumComplex

===========================================================================================
----------------- testing Tue Jun 02 14:40:18 UTC 2020 /home/travis/build/icyphy/ptII/ptolemy/actor/lib/test/auto/MethodCallTest.xml
----------------- Instantiating /home/travis/build/icyphy/ptII/ptolemy/actor/lib/test/auto/MethodCallTest.xml
3 ms. Memory: 279552K Free: 189167K (68%)
----------------- Invoking toplevel() on ptolemy.moml.MoMLSimpleApplication@74f9381c
----------------- Done invoking toplevel() on ptolemy.moml.MoMLSimpleApplication@74f9381c
reloadAllAccessors: .MethodCallTest

===========================================================================================
----------------- testing Tue Jun 02 14:40:18 UTC 2020 /home/travis/build/icyphy/ptII/ptolemy/actor/lib/test/auto/Minimum.xml
----------------- Instantiating /home/travis/build/icyphy/ptII/ptolemy/actor/lib/test/auto/Minimum.xml
3 ms. Memory: 279552K Free: 183537K (66%)
----------------- Invoking toplevel() on ptolemy.moml.MoMLSimpleApplication@7408d664
----------------- Done invoking toplevel() on ptolemy.moml.MoMLSimpleApplication@7408d664
reloadAllAccessors: .Minimum

===========================================================================================
----------------- testing Tue Jun 02 14:40:18 UTC 2020 /home/travis/build/icyphy/ptII/ptolemy/actor/lib/test/auto/MinimumComplex.xml
----------------- Instantiating /home/travis/build/icyphy/ptII/ptolemy/actor/lib/test/auto/MinimumComplex.xml
16 ms. Memory: 279552K Free: 177393K (63%)
----------------- Invoking toplevel() on ptolemy.moml.MoMLSimpleApplication@36973843
----------------- Done invoking toplevel() on ptolemy.moml.MoMLSimpleApplication@36973843
reloadAllAccessors: .MinimumComplex

===========================================================================================
----------------- testing Tue Jun 02 14:40:18 UTC 2020 /home/travis/build/icyphy/ptII/ptolemy/actor/lib/test/auto/MinimumMultiports.xml
----------------- Instantiating /home/travis/build/icyphy/ptII/ptolemy/actor/lib/test/auto/MinimumMultiports.xml
3 ms. Memory: 279552K Free: 168673K (60%)
----------------- Invoking toplevel() on ptolemy.moml.MoMLSimpleApplication@48999c62
----------------- Done invoking toplevel() on ptolemy.moml.MoMLSimpleApplication@48999c62
reloadAllAccessors: .MinimumMultiports

===========================================================================================
----------------- testing Tue Jun 02 14:40:18 UTC 2020 /home/travis/build/icyphy/ptII/ptolemy/actor/lib/test/auto/ModifyDate.xml
----------------- Instantiating /home/travis/build/icyphy/ptII/ptolemy/actor/lib/test/auto/ModifyDate.xml
6 ms. Memory: 279552K Free: 155889K (56%)
----------------- Invoking toplevel() on ptolemy.moml.MoMLSimpleApplication@58040232
----------------- Done invoking toplevel() on ptolemy.moml.MoMLSimpleApplication@58040232
reloadAllAccessors: .ModifyDate

===========================================================================================
----------------- testing Tue Jun 02 14:40:18 UTC 2020 /home/travis/build/icyphy/ptII/ptolemy/actor/lib/test/auto/ModifyDate2.xml
----------------- Instantiating /home/travis/build/icyphy/ptII/ptolemy/actor/lib/test/auto/ModifyDate2.xml
9 ms. Memory: 279552K Free: 147169K (53%)
----------------- Invoking toplevel() on ptolemy.moml.MoMLSimpleApplication@557dd09d
----------------- Done invoking toplevel() on ptolemy.moml.MoMLSimpleApplication@557dd09d
reloadAllAccessors: .ModifyDate2

===========================================================================================
----------------- testing Tue Jun 02 14:40:18 UTC 2020 /home/travis/build/icyphy/ptII/ptolemy/actor/lib/test/auto/MovingAverage.xml
----------------- Instantiating /home/travis/build/icyphy/ptII/ptolemy/actor/lib/test/auto/MovingAverage.xml
2 ms. Memory: 279552K Free: 142577K (51%)
----------------- Invoking toplevel() on ptolemy.moml.MoMLSimpleApplication@31629982
----------------- Done invoking toplevel() on ptolemy.moml.MoMLSimpleApplication@31629982
reloadAllAccessors: .MovingAverage

===========================================================================================
----------------- testing Tue Jun 02 14:40:18 UTC 2020 /home/travis/build/icyphy/ptII/ptolemy/actor/lib/test/auto/MovingMaximum.xml
----------------- Instantiating /home/travis/build/icyphy/ptII/ptolemy/actor/lib/test/auto/MovingMaximum.xml
2 ms. Memory: 279552K Free: 137967K (49%)
----------------- Invoking toplevel() on ptolemy.moml.MoMLSimpleApplication@77b301d7
----------------- Done invoking toplevel() on ptolemy.moml.MoMLSimpleApplication@77b301d7
reloadAllAccessors: .MovingMaximum

===========================================================================================
----------------- testing Tue Jun 02 14:40:18 UTC 2020 /home/travis/build/icyphy/ptII/ptolemy/actor/lib/test/auto/MultipleLinksToSameRelation.xml
----------------- Instantiating /home/travis/build/icyphy/ptII/ptolemy/actor/lib/test/auto/MultipleLinksToSameRelation.xml
2 ms. Memory: 279552K Free: 133871K (48%)
----------------- Invoking toplevel() on ptolemy.moml.MoMLSimpleApplication@1952c0d6
----------------- Done invoking toplevel() on ptolemy.moml.MoMLSimpleApplication@1952c0d6
reloadAllAccessors: .MultipleLinksToSameRelation

===========================================================================================
----------------- testing Tue Jun 02 14:40:18 UTC 2020 /home/travis/build/icyphy/ptII/ptolemy/actor/lib/test/auto/MultipleLinksToSameRelationDE.xml
----------------- Instantiating /home/travis/build/icyphy/ptII/ptolemy/actor/lib/test/auto/MultipleLinksToSameRelationDE.xml
8 ms. Memory: 279552K Free: 129265K (46%)
----------------- Invoking toplevel() on ptolemy.moml.MoMLSimpleApplication@3885ed46
----------------- Done invoking toplevel() on ptolemy.moml.MoMLSimpleApplication@3885ed46
reloadAllAccessors: .MultipleLinksToSameRelationDE

===========================================================================================
----------------- testing Tue Jun 02 14:40:18 UTC 2020 /home/travis/build/icyphy/ptII/ptolemy/actor/lib/test/auto/Multiplexor.xml
----------------- Instantiating /home/travis/build/icyphy/ptII/ptolemy/actor/lib/test/auto/Multiplexor.xml
2 ms. Memory: 279552K Free: 123631K (44%)
----------------- Invoking toplevel() on ptolemy.moml.MoMLSimpleApplication@6a209720
----------------- Done invoking toplevel() on ptolemy.moml.MoMLSimpleApplication@6a209720
reloadAllAccessors: .Multiplexor

===========================================================================================
----------------- testing Tue Jun 02 14:40:18 UTC 2020 /home/travis/build/icyphy/ptII/ptolemy/actor/lib/test/auto/Multiplexor1.xml
----------------- Instantiating /home/travis/build/icyphy/ptII/ptolemy/actor/lib/test/auto/Multiplexor1.xml
3 ms. Memory: 279552K Free: 118001K (42%)
----------------- Invoking toplevel() on ptolemy.moml.MoMLSimpleApplication@72b14f9b
----------------- Done invoking toplevel() on ptolemy.moml.MoMLSimpleApplication@72b14f9b
reloadAllAccessors: .Multiplexor1

===========================================================================================
----------------- testing Tue Jun 02 14:40:18 UTC 2020 /home/travis/build/icyphy/ptII/ptolemy/actor/lib/test/auto/Multiplexor2.xml
----------------- Instantiating /home/travis/build/icyphy/ptII/ptolemy/actor/lib/test/auto/Multiplexor2.xml
2 ms. Memory: 279552K Free: 111857K (40%)
----------------- Invoking toplevel() on ptolemy.moml.MoMLSimpleApplication@617c2b4a
----------------- Done invoking toplevel() on ptolemy.moml.MoMLSimpleApplication@617c2b4a
reloadAllAccessors: .Multiplexor2

===========================================================================================
----------------- testing Tue Jun 02 14:40:18 UTC 2020 /home/travis/build/icyphy/ptII/ptolemy/actor/lib/test/auto/Multiplexor3.xml
----------------- Instantiating /home/travis/build/icyphy/ptII/ptolemy/actor/lib/test/auto/Multiplexor3.xml
2 ms. Memory: 279552K Free: 107761K (39%)
----------------- Invoking toplevel() on ptolemy.moml.MoMLSimpleApplication@5aef021d
----------------- Done invoking toplevel() on ptolemy.moml.MoMLSimpleApplication@5aef021d
reloadAllAccessors: .Multiplexor3

===========================================================================================
----------------- testing Tue Jun 02 14:40:18 UTC 2020 /home/travis/build/icyphy/ptII/ptolemy/actor/lib/test/auto/MultiplexorDE.xml
----------------- Instantiating /home/travis/build/icyphy/ptII/ptolemy/actor/lib/test/auto/MultiplexorDE.xml
2 ms. Memory: 279552K Free: 100073K (36%)
----------------- Invoking toplevel() on ptolemy.moml.MoMLSimpleApplication@3eeb0753
----------------- Done invoking toplevel() on ptolemy.moml.MoMLSimpleApplication@3eeb0753
reloadAllAccessors: .MultiplexorDE

===========================================================================================
----------------- testing Tue Jun 02 14:40:18 UTC 2020 /home/travis/build/icyphy/ptII/ptolemy/actor/lib/test/auto/MultiportBroadcastTest.xml
----------------- Instantiating /home/travis/build/icyphy/ptII/ptolemy/actor/lib/test/auto/MultiportBroadcastTest.xml
53 ms. Memory: 279552K Free: 93921K (34%)
----------------- Invoking toplevel() on ptolemy.moml.MoMLSimpleApplication@2d913b02
----------------- Done invoking toplevel() on ptolemy.moml.MoMLSimpleApplication@2d913b02
reloadAllAccessors: .MultiportBroadcastTest

===========================================================================================
----------------- testing Tue Jun 02 14:40:19 UTC 2020 /home/travis/build/icyphy/ptII/ptolemy/actor/lib/test/auto/MultiportOutHangDuringGetWidth.xml
----------------- Instantiating /home/travis/build/icyphy/ptII/ptolemy/actor/lib/test/auto/MultiportOutHangDuringGetWidth.xml
4 ms. Memory: 279552K Free: 82161K (29%)
----------------- Invoking toplevel() on ptolemy.moml.MoMLSimpleApplication@3f6405da
----------------- Done invoking toplevel() on ptolemy.moml.MoMLSimpleApplication@3f6405da
reloadAllAccessors: .MultiportOutHangDuringGetWidth

===========================================================================================
----------------- testing Tue Jun 02 14:40:19 UTC 2020 /home/travis/build/icyphy/ptII/ptolemy/actor/lib/test/auto/NilToken.xml
----------------- Instantiating /home/travis/build/icyphy/ptII/ptolemy/actor/lib/test/auto/NilToken.xml
2 ms. Memory: 279552K Free: 78065K (28%)
----------------- Invoking toplevel() on ptolemy.moml.MoMLSimpleApplication@260fc8ff
----------------- Done invoking toplevel() on ptolemy.moml.MoMLSimpleApplication@260fc8ff
reloadAllAccessors: .NilToken

===========================================================================================
----------------- testing Tue Jun 02 14:40:19 UTC 2020 /home/travis/build/icyphy/ptII/ptolemy/actor/lib/test/auto/NilTokenNonStrictTest.xml
----------------- Instantiating /home/travis/build/icyphy/ptII/ptolemy/actor/lib/test/auto/NilTokenNonStrictTest.xml
3 ms. Memory: 279552K Free: 73455K (26%)
----------------- Invoking toplevel() on ptolemy.moml.MoMLSimpleApplication@1775e109
----------------- Done invoking toplevel() on ptolemy.moml.MoMLSimpleApplication@1775e109
reloadAllAccessors: .NilTokenNonStrictTest

===========================================================================================
----------------- testing Tue Jun 02 14:40:19 UTC 2020 /home/travis/build/icyphy/ptII/ptolemy/actor/lib/test/auto/NilTokenRecord.xml
----------------- Instantiating /home/travis/build/icyphy/ptII/ptolemy/actor/lib/test/auto/NilTokenRecord.xml
6 ms. Memory: 279552K Free: 67311K (24%)
----------------- Invoking toplevel() on ptolemy.moml.MoMLSimpleApplication@366dcc52
----------------- Done invoking toplevel() on ptolemy.moml.MoMLSimpleApplication@366dcc52
reloadAllAccessors: .NilTokenRecord

===========================================================================================
----------------- testing Tue Jun 02 14:40:19 UTC 2020 /home/travis/build/icyphy/ptII/ptolemy/actor/lib/test/auto/NilTokenTypeTest.xml
----------------- Instantiating /home/travis/build/icyphy/ptII/ptolemy/actor/lib/test/auto/NilTokenTypeTest.xml
9 ms. Memory: 279552K Free: 221236K (79%)
----------------- Invoking toplevel() on ptolemy.moml.MoMLSimpleApplication@5337d9da
----------------- Done invoking toplevel() on ptolemy.moml.MoMLSimpleApplication@5337d9da
reloadAllAccessors: .NilTokenTypeTest

===========================================================================================
----------------- testing Tue Jun 02 14:40:19 UTC 2020 /home/travis/build/icyphy/ptII/ptolemy/actor/lib/test/auto/ObjectToken1.xml
----------------- Instantiating /home/travis/build/icyphy/ptII/ptolemy/actor/lib/test/auto/ObjectToken1.xml
2 ms. Memory: 279552K Free: 217140K (78%)
----------------- Invoking toplevel() on ptolemy.moml.MoMLSimpleApplication@4394e135
----------------- Done invoking toplevel() on ptolemy.moml.MoMLSimpleApplication@4394e135
reloadAllAccessors: .ObjectToken1

===========================================================================================
----------------- testing Tue Jun 02 14:40:19 UTC 2020 /home/travis/build/icyphy/ptII/ptolemy/actor/lib/test/auto/OrderedMerge.xml
----------------- Instantiating /home/travis/build/icyphy/ptII/ptolemy/actor/lib/test/auto/OrderedMerge.xml
11 ms. Memory: 279552K Free: 211506K (76%)
----------------- Invoking toplevel() on ptolemy.moml.MoMLSimpleApplication@7a9777c7
----------------- Done invoking toplevel() on ptolemy.moml.MoMLSimpleApplication@7a9777c7
reloadAllAccessors: .OrderedMerge

===========================================================================================
----------------- testing Tue Jun 02 14:40:19 UTC 2020 /home/travis/build/icyphy/ptII/ptolemy/actor/lib/test/auto/OrderedRecordDisassembler.xml
----------------- Instantiating /home/travis/build/icyphy/ptII/ptolemy/actor/lib/test/auto/OrderedRecordDisassembler.xml
3 ms. Memory: 279552K Free: 206372K (74%)
----------------- Invoking toplevel() on ptolemy.moml.MoMLSimpleApplication@9148a8f
----------------- Done invoking toplevel() on ptolemy.moml.MoMLSimpleApplication@9148a8f
reloadAllAccessors: .OrderedRecordDisassembler

===========================================================================================
----------------- testing Tue Jun 02 14:40:19 UTC 2020 /home/travis/build/icyphy/ptII/ptolemy/actor/lib/test/auto/OrderedRecordDisassembler2.xml
----------------- Instantiating /home/travis/build/icyphy/ptII/ptolemy/actor/lib/test/auto/OrderedRecordDisassembler2.xml
5 ms. Memory: 279552K Free: 198708K (71%)
----------------- Invoking toplevel() on ptolemy.moml.MoMLSimpleApplication@392278e
----------------- Done invoking toplevel() on ptolemy.moml.MoMLSimpleApplication@392278e
reloadAllAccessors: .OrderedRecordDisassembler2

===========================================================================================
----------------- testing Tue Jun 02 14:40:19 UTC 2020 /home/travis/build/icyphy/ptII/ptolemy/actor/lib/test/auto/OrderedRecordUpdater.xml
----------------- Instantiating /home/travis/build/icyphy/ptII/ptolemy/actor/lib/test/auto/OrderedRecordUpdater.xml
1 ms. Memory: 279552K Free: 193588K (69%)
----------------- Invoking toplevel() on ptolemy.moml.MoMLSimpleApplication@316110bc
----------------- Done invoking toplevel() on ptolemy.moml.MoMLSimpleApplication@316110bc
reloadAllAccessors: .RecordUpdater

===========================================================================================
----------------- testing Tue Jun 02 14:40:19 UTC 2020 /home/travis/build/icyphy/ptII/ptolemy/actor/lib/test/auto/OrderedRecordUpdater2.xml
----------------- Instantiating /home/travis/build/icyphy/ptII/ptolemy/actor/lib/test/auto/OrderedRecordUpdater2.xml
3 ms. Memory: 279552K Free: 188978K (68%)
----------------- Invoking toplevel() on ptolemy.moml.MoMLSimpleApplication@74a38d3f
----------------- Done invoking toplevel() on ptolemy.moml.MoMLSimpleApplication@74a38d3f
reloadAllAccessors: .RecordUpdater2

===========================================================================================
----------------- testing Tue Jun 02 14:40:19 UTC 2020 /home/travis/build/icyphy/ptII/ptolemy/actor/lib/test/auto/PhaseUnwrap.xml
----------------- Instantiating /home/travis/build/icyphy/ptII/ptolemy/actor/lib/test/auto/PhaseUnwrap.xml
2 ms. Memory: 279552K Free: 184882K (66%)
----------------- Invoking toplevel() on ptolemy.moml.MoMLSimpleApplication@f13e632
----------------- Done invoking toplevel() on ptolemy.moml.MoMLSimpleApplication@f13e632
reloadAllAccessors: .PhaseUnwrap

===========================================================================================
----------------- testing Tue Jun 02 14:40:19 UTC 2020 /home/travis/build/icyphy/ptII/ptolemy/actor/lib/test/auto/PoissonClock.xml
----------------- Instantiating /home/travis/build/icyphy/ptII/ptolemy/actor/lib/test/auto/PoissonClock.xml
2 ms. Memory: 279552K Free: 180786K (65%)
----------------- Invoking toplevel() on ptolemy.moml.MoMLSimpleApplication@36b694ee
----------------- Done invoking toplevel() on ptolemy.moml.MoMLSimpleApplication@36b694ee
reloadAllAccessors: .PoissonClock

===========================================================================================
----------------- testing Tue Jun 02 14:40:19 UTC 2020 /home/travis/build/icyphy/ptII/ptolemy/actor/lib/test/auto/PoissonClock2.xml
----------------- Instantiating /home/travis/build/icyphy/ptII/ptolemy/actor/lib/test/auto/PoissonClock2.xml
1 ms. Memory: 279552K Free: 176180K (63%)
----------------- Invoking toplevel() on ptolemy.moml.MoMLSimpleApplication@39553a7f
----------------- Done invoking toplevel() on ptolemy.moml.MoMLSimpleApplication@39553a7f
reloadAllAccessors: .PoissonClock2

===========================================================================================
----------------- testing Tue Jun 02 14:40:19 UTC 2020 /home/travis/build/icyphy/ptII/ptolemy/actor/lib/test/auto/PoissonClock3.xml
----------------- Instantiating /home/travis/build/icyphy/ptII/ptolemy/actor/lib/test/auto/PoissonClock3.xml
1 ms. Memory: 279552K Free: 171570K (61%)
----------------- Invoking toplevel() on ptolemy.moml.MoMLSimpleApplication@4583c6bb
----------------- Done invoking toplevel() on ptolemy.moml.MoMLSimpleApplication@4583c6bb
reloadAllAccessors: .PoissonClock3

===========================================================================================
----------------- testing Tue Jun 02 14:40:19 UTC 2020 /home/travis/build/icyphy/ptII/ptolemy/actor/lib/test/auto/PubSubWithInitialTokens.xml
----------------- Instantiating /home/travis/build/icyphy/ptII/ptolemy/actor/lib/test/auto/PubSubWithInitialTokens.xml
2 ms. Memory: 279552K Free: 165940K (59%)
----------------- Invoking toplevel() on ptolemy.moml.MoMLSimpleApplication@60d6be5a
----------------- Done invoking toplevel() on ptolemy.moml.MoMLSimpleApplication@60d6be5a
reloadAllAccessors: .PubSubWithInitialTokens

===========================================================================================
----------------- testing Tue Jun 02 14:40:19 UTC 2020 /home/travis/build/icyphy/ptII/ptolemy/actor/lib/test/auto/PubSubWithInitialTokens2.xml
----------------- Instantiating /home/travis/build/icyphy/ptII/ptolemy/actor/lib/test/auto/PubSubWithInitialTokens2.xml
5 ms. Memory: 279552K Free: 159796K (57%)
----------------- Invoking toplevel() on ptolemy.moml.MoMLSimpleApplication@1aae742e
----------------- Done invoking toplevel() on ptolemy.moml.MoMLSimpleApplication@1aae742e
reloadAllAccessors: .PubSubWithInitialTokens2

===========================================================================================
----------------- testing Tue Jun 02 14:40:19 UTC 2020 /home/travis/build/icyphy/ptII/ptolemy/actor/lib/test/auto/PublisherClassNoParameter.xml
----------------- Instantiating /home/travis/build/icyphy/ptII/ptolemy/actor/lib/test/auto/PublisherClassNoParameter.xml
5 ms. Memory: 279552K Free: 150066K (54%)
----------------- Invoking toplevel() on ptolemy.moml.MoMLSimpleApplication@55af9b5c
----------------- Done invoking toplevel() on ptolemy.moml.MoMLSimpleApplication@55af9b5c
reloadAllAccessors: .PublisherClassNoParameter

===========================================================================================
----------------- testing Tue Jun 02 14:40:19 UTC 2020 /home/travis/build/icyphy/ptII/ptolemy/actor/lib/test/auto/PublisherClassParameter.xml
----------------- Instantiating /home/travis/build/icyphy/ptII/ptolemy/actor/lib/test/auto/PublisherClassParameter.xml
2 ms. Memory: 279552K Free: 139826K (50%)
----------------- Invoking toplevel() on ptolemy.moml.MoMLSimpleApplication@61ed0d9b
----------------- Done invoking toplevel() on ptolemy.moml.MoMLSimpleApplication@61ed0d9b
reloadAllAccessors: .PublisherClassParameter

===========================================================================================
----------------- testing Tue Jun 02 14:40:19 UTC 2020 /home/travis/build/icyphy/ptII/ptolemy/actor/lib/test/auto/PublisherNonStrictTest.xml
----------------- Instantiating /home/travis/build/icyphy/ptII/ptolemy/actor/lib/test/auto/PublisherNonStrictTest.xml
3 ms. Memory: 279552K Free: 132148K (47%)
----------------- Invoking toplevel() on ptolemy.moml.MoMLSimpleApplication@1a565853
----------------- Done invoking toplevel() on ptolemy.moml.MoMLSimpleApplication@1a565853
reloadAllAccessors: .PublisherNonStrictTest

===========================================================================================
----------------- testing Tue Jun 02 14:40:19 UTC 2020 /home/travis/build/icyphy/ptII/ptolemy/actor/lib/test/auto/PublisherPort1.xml
----------------- Instantiating /home/travis/build/icyphy/ptII/ptolemy/actor/lib/test/auto/PublisherPort1.xml
2 ms. Memory: 279552K Free: 126484K (45%)
----------------- Invoking toplevel() on ptolemy.moml.MoMLSimpleApplication@2f3902f0
----------------- Done invoking toplevel() on ptolemy.moml.MoMLSimpleApplication@2f3902f0
reloadAllAccessors: .PublisherPort1

===========================================================================================
----------------- testing Tue Jun 02 14:40:19 UTC 2020 /home/travis/build/icyphy/ptII/ptolemy/actor/lib/test/auto/PublisherPort2.xml
----------------- Instantiating /home/travis/build/icyphy/ptII/ptolemy/actor/lib/test/auto/PublisherPort2.xml
2 ms. Memory: 279552K Free: 121908K (44%)
----------------- Invoking toplevel() on ptolemy.moml.MoMLSimpleApplication@a4e517d
----------------- Done invoking toplevel() on ptolemy.moml.MoMLSimpleApplication@a4e517d
reloadAllAccessors: .PublisherPort2

===========================================================================================
----------------- testing Tue Jun 02 14:40:19 UTC 2020 /home/travis/build/icyphy/ptII/ptolemy/actor/lib/test/auto/PublisherPort3.xml
----------------- Instantiating /home/travis/build/icyphy/ptII/ptolemy/actor/lib/test/auto/PublisherPort3.xml
11 ms. Memory: 279552K Free: 115220K (41%)
----------------- Invoking toplevel() on ptolemy.moml.MoMLSimpleApplication@6a15b482
----------------- Done invoking toplevel() on ptolemy.moml.MoMLSimpleApplication@6a15b482
reloadAllAccessors: .PublisherPort3

===========================================================================================
----------------- testing Tue Jun 02 14:40:19 UTC 2020 /home/travis/build/icyphy/ptII/ptolemy/actor/lib/test/auto/PublisherPort4.xml
----------------- Instantiating /home/travis/build/icyphy/ptII/ptolemy/actor/lib/test/auto/PublisherPort4.xml
2 ms. Memory: 279552K Free: 109620K (39%)
----------------- Invoking toplevel() on ptolemy.moml.MoMLSimpleApplication@6df58226
----------------- Done invoking toplevel() on ptolemy.moml.MoMLSimpleApplication@6df58226
reloadAllAccessors: .PublisherPort4

===========================================================================================
----------------- testing Tue Jun 02 14:40:19 UTC 2020 /home/travis/build/icyphy/ptII/ptolemy/actor/lib/test/auto/PublisherPort5.xml
----------------- Instantiating /home/travis/build/icyphy/ptII/ptolemy/actor/lib/test/auto/PublisherPort5.xml
3 ms. Memory: 279552K Free: 101938K (36%)
----------------- Invoking toplevel() on ptolemy.moml.MoMLSimpleApplication@b698595
----------------- Done invoking toplevel() on ptolemy.moml.MoMLSimpleApplication@b698595
reloadAllAccessors: .PublisherPort5

===========================================================================================
----------------- testing Tue Jun 02 14:40:19 UTC 2020 /home/travis/build/icyphy/ptII/ptolemy/actor/lib/test/auto/PublisherPort5LookAlike.xml
----------------- Instantiating /home/travis/build/icyphy/ptII/ptolemy/actor/lib/test/auto/PublisherPort5LookAlike.xml
7 ms. Memory: 279552K Free: 94260K (34%)
----------------- Invoking toplevel() on ptolemy.moml.MoMLSimpleApplication@659b4586
----------------- Done invoking toplevel() on ptolemy.moml.MoMLSimpleApplication@659b4586
reloadAllAccessors: .PublisherPort5LookAlike

===========================================================================================
----------------- testing Tue Jun 02 14:40:19 UTC 2020 /home/travis/build/icyphy/ptII/ptolemy/actor/lib/test/auto/PublisherPort6.xml
----------------- Instantiating /home/travis/build/icyphy/ptII/ptolemy/actor/lib/test/auto/PublisherPort6.xml
2 ms. Memory: 279552K Free: 87588K (31%)
----------------- Invoking toplevel() on ptolemy.moml.MoMLSimpleApplication@47d722a8
----------------- Done invoking toplevel() on ptolemy.moml.MoMLSimpleApplication@47d722a8
reloadAllAccessors: .PublisherPort6

===========================================================================================
----------------- testing Tue Jun 02 14:40:19 UTC 2020 /home/travis/build/icyphy/ptII/ptolemy/actor/lib/test/auto/PublisherPort7.xml
----------------- Instantiating /home/travis/build/icyphy/ptII/ptolemy/actor/lib/test/auto/PublisherPort7.xml
3 ms. Memory: 279552K Free: 79924K (29%)
----------------- Invoking toplevel() on ptolemy.moml.MoMLSimpleApplication@36d41f0d
----------------- Done invoking toplevel() on ptolemy.moml.MoMLSimpleApplication@36d41f0d
reloadAllAccessors: .PublisherPort7

===========================================================================================
----------------- testing Tue Jun 02 14:40:19 UTC 2020 /home/travis/build/icyphy/ptII/ptolemy/actor/lib/test/auto/PublisherPort8.xml
----------------- Instantiating /home/travis/build/icyphy/ptII/ptolemy/actor/lib/test/auto/PublisherPort8.xml
4 ms. Memory: 279552K Free: 71218K (25%)
----------------- Invoking toplevel() on ptolemy.moml.MoMLSimpleApplication@4ef568d3
----------------- Done invoking toplevel() on ptolemy.moml.MoMLSimpleApplication@4ef568d3
reloadAllAccessors: .PublisherPort8

===========================================================================================
----------------- testing Tue Jun 02 14:40:19 UTC 2020 /home/travis/build/icyphy/ptII/ptolemy/actor/lib/test/auto/PublisherPortSubscriberChannelVariablesAOC2.xml
----------------- Instantiating /home/travis/build/icyphy/ptII/ptolemy/actor/lib/test/auto/PublisherPortSubscriberChannelVariablesAOC2.xml
3 ms. Memory: 279552K Free: 217128K (78%)
----------------- Invoking toplevel() on ptolemy.moml.MoMLSimpleApplication@26079d91
----------------- Done invoking toplevel() on ptolemy.moml.MoMLSimpleApplication@26079d91
reloadAllAccessors: .PublisherPortSubscriberChannelVariablesAOC2

===========================================================================================
----------------- testing Tue Jun 02 14:40:19 UTC 2020 /home/travis/build/icyphy/ptII/ptolemy/actor/lib/test/auto/PublisherPortSubscriberOpaqueWidthInference.xml
----------------- Instantiating /home/travis/build/icyphy/ptII/ptolemy/actor/lib/test/auto/PublisherPortSubscriberOpaqueWidthInference.xml
4 ms. Memory: 279552K Free: 209432K (75%)
----------------- Invoking toplevel() on ptolemy.moml.MoMLSimpleApplication@7a8415a7
----------------- Done invoking toplevel() on ptolemy.moml.MoMLSimpleApplication@7a8415a7
reloadAllAccessors: .PublisherPortSubscriberOpaqueWidthInference

===========================================================================================
----------------- testing Tue Jun 02 14:40:19 UTC 2020 /home/travis/build/icyphy/ptII/ptolemy/actor/lib/test/auto/PublisherPortSubscriberPortAdjacent.xml
----------------- Instantiating /home/travis/build/icyphy/ptII/ptolemy/actor/lib/test/auto/PublisherPortSubscriberPortAdjacent.xml
2 ms. Memory: 279552K Free: 201254K (72%)
----------------- Invoking toplevel() on ptolemy.moml.MoMLSimpleApplication@6f44879c
----------------- Done invoking toplevel() on ptolemy.moml.MoMLSimpleApplication@6f44879c
reloadAllAccessors: .PublisherPortSubscriberPortAdjacent

===========================================================================================
----------------- testing Tue Jun 02 14:40:19 UTC 2020 /home/travis/build/icyphy/ptII/ptolemy/actor/lib/test/auto/PublisherPortSubscriberPortExpression.xml
----------------- Instantiating /home/travis/build/icyphy/ptII/ptolemy/actor/lib/test/auto/PublisherPortSubscriberPortExpression.xml
3 ms. Memory: 279552K Free: 193576K (69%)
----------------- Invoking toplevel() on ptolemy.moml.MoMLSimpleApplication@3d6de69d
----------------- Done invoking toplevel() on ptolemy.moml.MoMLSimpleApplication@3d6de69d
reloadAllAccessors: .PublisherPortSubscriberPortExpression

===========================================================================================
----------------- testing Tue Jun 02 14:40:19 UTC 2020 /home/travis/build/icyphy/ptII/ptolemy/actor/lib/test/auto/PublisherPortSubscriberPortOpaqueD3Reverse.xml
----------------- Instantiating /home/travis/build/icyphy/ptII/ptolemy/actor/lib/test/auto/PublisherPortSubscriberPortOpaqueD3Reverse.xml
5 ms. Memory: 279552K Free: 183336K (66%)
----------------- Invoking toplevel() on ptolemy.moml.MoMLSimpleApplication@24868092
----------------- Done invoking toplevel() on ptolemy.moml.MoMLSimpleApplication@24868092
reloadAllAccessors: .PublisherPortSubscriberPortOpaqueD3Reverse

===========================================================================================
----------------- testing Tue Jun 02 14:40:19 UTC 2020 /home/travis/build/icyphy/ptII/ptolemy/actor/lib/test/auto/PublisherPortSubscriberPortOpaqueWidthInference.xml
----------------- Instantiating /home/travis/build/icyphy/ptII/ptolemy/actor/lib/test/auto/PublisherPortSubscriberPortOpaqueWidthInference.xml
3 ms. Memory: 279552K Free: 175640K (63%)
----------------- Invoking toplevel() on ptolemy.moml.MoMLSimpleApplication@5dcdc431
----------------- Done invoking toplevel() on ptolemy.moml.MoMLSimpleApplication@5dcdc431
reloadAllAccessors: .PublisherPortSubscriberPortOpaqueWidthInference

===========================================================================================
----------------- testing Tue Jun 02 14:40:19 UTC 2020 /home/travis/build/icyphy/ptII/ptolemy/actor/lib/test/auto/PublisherPortToplevelSubscriberPortAOC.xml
----------------- Instantiating /home/travis/build/icyphy/ptII/ptolemy/actor/lib/test/auto/PublisherPortToplevelSubscriberPortAOC.xml
.PublisherPortToplevelSubscriberPortAOC.TestExceptionAttribute: initialize() was not invoked, but wrapup() was.  This is unusual, but not always a problem.  For example, exporting JNLP will do this.
1 ms. Memory: 279552K Free: 169510K (61%)
----------------- Invoking toplevel() on ptolemy.moml.MoMLSimpleApplication@6773f86b
----------------- Done invoking toplevel() on ptolemy.moml.MoMLSimpleApplication@6773f86b
reloadAllAccessors: .PublisherPortToplevelSubscriberPortAOC

===========================================================================================
----------------- testing Tue Jun 02 14:40:19 UTC 2020 /home/travis/build/icyphy/ptII/ptolemy/actor/lib/test/auto/PublisherSubscriber.xml
----------------- Instantiating /home/travis/build/icyphy/ptII/ptolemy/actor/lib/test/auto/PublisherSubscriber.xml
3 ms. Memory: 279552K Free: 162312K (58%)
----------------- Invoking toplevel() on ptolemy.moml.MoMLSimpleApplication@532c85aa
----------------- Done invoking toplevel() on ptolemy.moml.MoMLSimpleApplication@532c85aa
reloadAllAccessors: .PublisherSubscriber

===========================================================================================
----------------- testing Tue Jun 02 14:40:19 UTC 2020 /home/travis/build/icyphy/ptII/ptolemy/actor/lib/test/auto/PublisherSubscriber10.xml
----------------- Instantiating /home/travis/build/icyphy/ptII/ptolemy/actor/lib/test/auto/PublisherSubscriber10.xml
5 ms. Memory: 279552K Free: 152616K (55%)
----------------- Invoking toplevel() on ptolemy.moml.MoMLSimpleApplication@605d2c67
----------------- Done invoking toplevel() on ptolemy.moml.MoMLSimpleApplication@605d2c67
reloadAllAccessors: .PublisherSubscriber10

===========================================================================================
----------------- testing Tue Jun 02 14:40:19 UTC 2020 /home/travis/build/icyphy/ptII/ptolemy/actor/lib/test/auto/PublisherSubscriber10InitialOutputs.xml
----------------- Instantiating /home/travis/build/icyphy/ptII/ptolemy/actor/lib/test/auto/PublisherSubscriber10InitialOutputs.xml
15 ms. Memory: 279552K Free: 143400K (51%)
----------------- Invoking toplevel() on ptolemy.moml.MoMLSimpleApplication@1f9a7e4e
----------------- Done invoking toplevel() on ptolemy.moml.MoMLSimpleApplication@1f9a7e4e
reloadAllAccessors: .PublisherSubscriber10InitialOutputs

===========================================================================================
----------------- testing Tue Jun 02 14:40:19 UTC 2020 /home/travis/build/icyphy/ptII/ptolemy/actor/lib/test/auto/PublisherSubscriber11.xml
----------------- Instantiating /home/travis/build/icyphy/ptII/ptolemy/actor/lib/test/auto/PublisherSubscriber11.xml
2 ms. Memory: 279552K Free: 137256K (49%)
----------------- Invoking toplevel() on ptolemy.moml.MoMLSimpleApplication@6b1ec2eb
----------------- Done invoking toplevel() on ptolemy.moml.MoMLSimpleApplication@6b1ec2eb
reloadAllAccessors: .PublisherSubscriber11

===========================================================================================
----------------- testing Tue Jun 02 14:40:19 UTC 2020 /home/travis/build/icyphy/ptII/ptolemy/actor/lib/test/auto/PublisherSubscriber12.xml
----------------- Instantiating /home/travis/build/icyphy/ptII/ptolemy/actor/lib/test/auto/PublisherSubscriber12.xml
4 ms. Memory: 279552K Free: 130088K (47%)
----------------- Invoking toplevel() on ptolemy.moml.MoMLSimpleApplication@6d61f1e3
----------------- Done invoking toplevel() on ptolemy.moml.MoMLSimpleApplication@6d61f1e3
reloadAllAccessors: .PublisherSubscriber12

===========================================================================================
----------------- testing Tue Jun 02 14:40:19 UTC 2020 /home/travis/build/icyphy/ptII/ptolemy/actor/lib/test/auto/PublisherSubscriber13.xml
----------------- Instantiating /home/travis/build/icyphy/ptII/ptolemy/actor/lib/test/auto/PublisherSubscriber13.xml
2 ms. Memory: 279552K Free: 124440K (45%)
----------------- Invoking toplevel() on ptolemy.moml.MoMLSimpleApplication@184bf9f
----------------- Done invoking toplevel() on ptolemy.moml.MoMLSimpleApplication@184bf9f
reloadAllAccessors: .PublisherSubscriber13

===========================================================================================
----------------- testing Tue Jun 02 14:40:19 UTC 2020 /home/travis/build/icyphy/ptII/ptolemy/actor/lib/test/auto/PublisherSubscriber14.xml
----------------- Instantiating /home/travis/build/icyphy/ptII/ptolemy/actor/lib/test/auto/PublisherSubscriber14.xml
2 ms. Memory: 279552K Free: 115752K (41%)
----------------- Invoking toplevel() on ptolemy.moml.MoMLSimpleApplication@21115a12
----------------- Done invoking toplevel() on ptolemy.moml.MoMLSimpleApplication@21115a12
reloadAllAccessors: .PublisherSubscriber14

===========================================================================================
----------------- testing Tue Jun 02 14:40:19 UTC 2020 /home/travis/build/icyphy/ptII/ptolemy/actor/lib/test/auto/PublisherSubscriber2.xml
----------------- Instantiating /home/travis/build/icyphy/ptII/ptolemy/actor/lib/test/auto/PublisherSubscriber2.xml
3 ms. Memory: 279552K Free: 110104K (39%)
----------------- Invoking toplevel() on ptolemy.moml.MoMLSimpleApplication@62d0b446
----------------- Done invoking toplevel() on ptolemy.moml.MoMLSimpleApplication@62d0b446
reloadAllAccessors: .PublisherSubscriber2

===========================================================================================
----------------- testing Tue Jun 02 14:40:19 UTC 2020 /home/travis/build/icyphy/ptII/ptolemy/actor/lib/test/auto/PublisherSubscriber3.xml
----------------- Instantiating /home/travis/build/icyphy/ptII/ptolemy/actor/lib/test/auto/PublisherSubscriber3.xml
2 ms. Memory: 279552K Free: 104488K (37%)
----------------- Invoking toplevel() on ptolemy.moml.MoMLSimpleApplication@49392d89
----------------- Done invoking toplevel() on ptolemy.moml.MoMLSimpleApplication@49392d89
reloadAllAccessors: .PublisherSubscriber3

===========================================================================================
----------------- testing Tue Jun 02 14:40:19 UTC 2020 /home/travis/build/icyphy/ptII/ptolemy/actor/lib/test/auto/PublisherSubscriber4.xml
----------------- Instantiating /home/travis/build/icyphy/ptII/ptolemy/actor/lib/test/auto/PublisherSubscriber4.xml
1 ms. Memory: 279552K Free: 99368K (36%)
----------------- Invoking toplevel() on ptolemy.moml.MoMLSimpleApplication@10068ffc
----------------- Done invoking toplevel() on ptolemy.moml.MoMLSimpleApplication@10068ffc
reloadAllAccessors: .PublisherSubscriber4

===========================================================================================
----------------- testing Tue Jun 02 14:40:19 UTC 2020 /home/travis/build/icyphy/ptII/ptolemy/actor/lib/test/auto/PublisherSubscriber5.xml
----------------- Instantiating /home/travis/build/icyphy/ptII/ptolemy/actor/lib/test/auto/PublisherSubscriber5.xml
2 ms. Memory: 279552K Free: 92696K (33%)
----------------- Invoking toplevel() on ptolemy.moml.MoMLSimpleApplication@b684e78
----------------- Done invoking toplevel() on ptolemy.moml.MoMLSimpleApplication@b684e78
reloadAllAccessors: .PublisherSubscriber5

===========================================================================================
----------------- testing Tue Jun 02 14:40:20 UTC 2020 /home/travis/build/icyphy/ptII/ptolemy/actor/lib/test/auto/PublisherSubscriber6.xml
----------------- Instantiating /home/travis/build/icyphy/ptII/ptolemy/actor/lib/test/auto/PublisherSubscriber6.xml
4 ms. Memory: 279552K Free: 86056K (31%)
----------------- Invoking toplevel() on ptolemy.moml.MoMLSimpleApplication@19e114d
----------------- Done invoking toplevel() on ptolemy.moml.MoMLSimpleApplication@19e114d
reloadAllAccessors: .PublisherSubscriber6

===========================================================================================
----------------- testing Tue Jun 02 14:40:20 UTC 2020 /home/travis/build/icyphy/ptII/ptolemy/actor/lib/test/auto/PublisherSubscriber7.xml
----------------- Instantiating /home/travis/build/icyphy/ptII/ptolemy/actor/lib/test/auto/PublisherSubscriber7.xml
7 ms. Memory: 279552K Free: 79398K (28%)
----------------- Invoking toplevel() on ptolemy.moml.MoMLSimpleApplication@5eeb170a
----------------- Done invoking toplevel() on ptolemy.moml.MoMLSimpleApplication@5eeb170a
reloadAllAccessors: .PublisherSubscriber7

===========================================================================================
----------------- testing Tue Jun 02 14:40:20 UTC 2020 /home/travis/build/icyphy/ptII/ptolemy/actor/lib/test/auto/PublisherSubscriber8.xml
----------------- Instantiating /home/travis/build/icyphy/ptII/ptolemy/actor/lib/test/auto/PublisherSubscriber8.xml
15 ms. Memory: 279552K Free: 67624K (24%)
----------------- Invoking toplevel() on ptolemy.moml.MoMLSimpleApplication@44eb5875
----------------- Done invoking toplevel() on ptolemy.moml.MoMLSimpleApplication@44eb5875
reloadAllAccessors: .PublisherSubscriber8

===========================================================================================
----------------- testing Tue Jun 02 14:40:20 UTC 2020 /home/travis/build/icyphy/ptII/ptolemy/actor/lib/test/auto/PublisherSubscriber9.xml
----------------- Instantiating /home/travis/build/icyphy/ptII/ptolemy/actor/lib/test/auto/PublisherSubscriber9.xml
3 ms. Memory: 279552K Free: 224256K (80%)
----------------- Invoking toplevel() on ptolemy.moml.MoMLSimpleApplication@2408e303
----------------- Done invoking toplevel() on ptolemy.moml.MoMLSimpleApplication@2408e303
reloadAllAccessors: .PublisherSubscriber9

===========================================================================================
----------------- testing Tue Jun 02 14:40:20 UTC 2020 /home/travis/build/icyphy/ptII/ptolemy/actor/lib/test/auto/PublisherSubscriberAdjacent.xml
----------------- Instantiating /home/travis/build/icyphy/ptII/ptolemy/actor/lib/test/auto/PublisherSubscriberAdjacent.xml
2 ms. Memory: 279552K Free: 216064K (77%)
----------------- Invoking toplevel() on ptolemy.moml.MoMLSimpleApplication@78d3a8d1
----------------- Done invoking toplevel() on ptolemy.moml.MoMLSimpleApplication@78d3a8d1
reloadAllAccessors: .PublisherSubscriberAdjacent

===========================================================================================
----------------- testing Tue Jun 02 14:40:20 UTC 2020 /home/travis/build/icyphy/ptII/ptolemy/actor/lib/test/auto/PublisherSubscriberChannelVariablesAOC2.xml
----------------- Instantiating /home/travis/build/icyphy/ptII/ptolemy/actor/lib/test/auto/PublisherSubscriberChannelVariablesAOC2.xml
3 ms. Memory: 279552K Free: 200704K (72%)
----------------- Invoking toplevel() on ptolemy.moml.MoMLSimpleApplication@3a576a5d
----------------- Done invoking toplevel() on ptolemy.moml.MoMLSimpleApplication@3a576a5d
reloadAllAccessors: .PublisherSubscriberChannelVariablesAOC2

===========================================================================================
----------------- testing Tue Jun 02 14:40:20 UTC 2020 /home/travis/build/icyphy/ptII/ptolemy/actor/lib/test/auto/PublisherSubscriberD3.xml
----------------- Instantiating /home/travis/build/icyphy/ptII/ptolemy/actor/lib/test/auto/PublisherSubscriberD3.xml
1 ms. Memory: 279552K Free: 193536K (69%)
----------------- Invoking toplevel() on ptolemy.moml.MoMLSimpleApplication@346e52f2
----------------- Done invoking toplevel() on ptolemy.moml.MoMLSimpleApplication@346e52f2
reloadAllAccessors: .PublisherSubscriberD3

===========================================================================================
----------------- testing Tue Jun 02 14:40:20 UTC 2020 /home/travis/build/icyphy/ptII/ptolemy/actor/lib/test/auto/PublisherSubscriberD3Reverse.xml
----------------- Instantiating /home/travis/build/icyphy/ptII/ptolemy/actor/lib/test/auto/PublisherSubscriberD3Reverse.xml
2 ms. Memory: 279552K Free: 187392K (67%)
----------------- Invoking toplevel() on ptolemy.moml.MoMLSimpleApplication@40b41190
----------------- Done invoking toplevel() on ptolemy.moml.MoMLSimpleApplication@40b41190
reloadAllAccessors: .PublisherSubscriberD3Reverse

===========================================================================================
----------------- testing Tue Jun 02 14:40:20 UTC 2020 /home/travis/build/icyphy/ptII/ptolemy/actor/lib/test/auto/PublisherSubscriberExpression.xml
----------------- Instantiating /home/travis/build/icyphy/ptII/ptolemy/actor/lib/test/auto/PublisherSubscriberExpression.xml
4 ms. Memory: 279552K Free: 179200K (64%)
----------------- Invoking toplevel() on ptolemy.moml.MoMLSimpleApplication@5bded83b
----------------- Done invoking toplevel() on ptolemy.moml.MoMLSimpleApplication@5bded83b
reloadAllAccessors: .PublisherSubscriberExpression

===========================================================================================
----------------- testing Tue Jun 02 14:40:20 UTC 2020 /home/travis/build/icyphy/ptII/ptolemy/actor/lib/test/auto/PublisherSubscriberOpaque.xml
----------------- Instantiating /home/travis/build/icyphy/ptII/ptolemy/actor/lib/test/auto/PublisherSubscriberOpaque.xml
3 ms. Memory: 279552K Free: 171008K (61%)
----------------- Invoking toplevel() on ptolemy.moml.MoMLSimpleApplication@6e4de8f0
----------------- Done invoking toplevel() on ptolemy.moml.MoMLSimpleApplication@6e4de8f0
reloadAllAccessors: .PublisherSubscriberOpaque

===========================================================================================
----------------- testing Tue Jun 02 14:40:20 UTC 2020 /home/travis/build/icyphy/ptII/ptolemy/actor/lib/test/auto/PublisherSubscriberOpaqueD3.xml
----------------- Instantiating /home/travis/build/icyphy/ptII/ptolemy/actor/lib/test/auto/PublisherSubscriberOpaqueD3.xml
4 ms. Memory: 279552K Free: 159230K (57%)
----------------- Invoking toplevel() on ptolemy.moml.MoMLSimpleApplication@5b2e3144
----------------- Done invoking toplevel() on ptolemy.moml.MoMLSimpleApplication@5b2e3144
reloadAllAccessors: .PublisherSubscriberOpaqueD3

===========================================================================================
----------------- testing Tue Jun 02 14:40:20 UTC 2020 /home/travis/build/icyphy/ptII/ptolemy/actor/lib/test/auto/PublisherSubscriberOpaqueD3Reverse.xml
----------------- Instantiating /home/travis/build/icyphy/ptII/ptolemy/actor/lib/test/auto/PublisherSubscriberOpaqueD3Reverse.xml
8 ms. Memory: 279552K Free: 148480K (53%)
----------------- Invoking toplevel() on ptolemy.moml.MoMLSimpleApplication@42fac53d
----------------- Done invoking toplevel() on ptolemy.moml.MoMLSimpleApplication@42fac53d
reloadAllAccessors: .PublisherSubscriberOpaqueD3Reverse

===========================================================================================
----------------- testing Tue Jun 02 14:40:20 UTC 2020 /home/travis/build/icyphy/ptII/ptolemy/actor/lib/test/auto/PublisherSubscriberOpaqueWidthInference.xml
----------------- Instantiating /home/travis/build/icyphy/ptII/ptolemy/actor/lib/test/auto/PublisherSubscriberOpaqueWidthInference.xml
5 ms. Memory: 279552K Free: 140288K (50%)
----------------- Invoking toplevel() on ptolemy.moml.MoMLSimpleApplication@5991d12c
----------------- Done invoking toplevel() on ptolemy.moml.MoMLSimpleApplication@5991d12c
reloadAllAccessors: .PublisherSubscriberOpaqueWidthInference

===========================================================================================
----------------- testing Tue Jun 02 14:40:20 UTC 2020 /home/travis/build/icyphy/ptII/ptolemy/actor/lib/test/auto/PublisherTestSubscriber.xml
----------------- Instantiating /home/travis/build/icyphy/ptII/ptolemy/actor/lib/test/auto/PublisherTestSubscriber.xml
3 ms. Memory: 279552K Free: 132599K (47%)
----------------- Invoking toplevel() on ptolemy.moml.MoMLSimpleApplication@2f0d83e5
----------------- Done invoking toplevel() on ptolemy.moml.MoMLSimpleApplication@2f0d83e5
reloadAllAccessors: .PublisherTestSubscriber

===========================================================================================
----------------- testing Tue Jun 02 14:40:20 UTC 2020 /home/travis/build/icyphy/ptII/ptolemy/actor/lib/test/auto/PublisherToplevelSubscriberPortAOC.xml
----------------- Instantiating /home/travis/build/icyphy/ptII/ptolemy/actor/lib/test/auto/PublisherToplevelSubscriberPortAOC.xml
2 ms. Memory: 279552K Free: 126455K (45%)
----------------- Invoking toplevel() on ptolemy.moml.MoMLSimpleApplication@6e05b651
----------------- Done invoking toplevel() on ptolemy.moml.MoMLSimpleApplication@6e05b651
reloadAllAccessors: .PublisherToplevelSubscriberPortAOC

===========================================================================================
----------------- testing Tue Jun 02 14:40:20 UTC 2020 /home/travis/build/icyphy/ptII/ptolemy/actor/lib/test/auto/PulseFiringLimitDE.xml
----------------- Instantiating /home/travis/build/icyphy/ptII/ptolemy/actor/lib/test/auto/PulseFiringLimitDE.xml
2 ms. Memory: 279552K Free: 120318K (43%)
----------------- Invoking toplevel() on ptolemy.moml.MoMLSimpleApplication@4cab83a
----------------- Done invoking toplevel() on ptolemy.moml.MoMLSimpleApplication@4cab83a
reloadAllAccessors: .PulseFiringLimitDE

===========================================================================================
----------------- testing Tue Jun 02 14:40:20 UTC 2020 /home/travis/build/icyphy/ptII/ptolemy/actor/lib/test/auto/Ramp1.xml
----------------- Instantiating /home/travis/build/icyphy/ptII/ptolemy/actor/lib/test/auto/Ramp1.xml
1 ms. Memory: 279552K Free: 116207K (42%)
----------------- Invoking toplevel() on ptolemy.moml.MoMLSimpleApplication@8979c93
----------------- Done invoking toplevel() on ptolemy.moml.MoMLSimpleApplication@8979c93
reloadAllAccessors: .Ramp1

===========================================================================================
----------------- testing Tue Jun 02 14:40:20 UTC 2020 /home/travis/build/icyphy/ptII/ptolemy/actor/lib/test/auto/RampFiringLimitDE.xml
----------------- Instantiating /home/travis/build/icyphy/ptII/ptolemy/actor/lib/test/auto/RampFiringLimitDE.xml
2 ms. Memory: 279552K Free: 110063K (39%)
----------------- Invoking toplevel() on ptolemy.moml.MoMLSimpleApplication@7d762b22
----------------- Done invoking toplevel() on ptolemy.moml.MoMLSimpleApplication@7d762b22
reloadAllAccessors: .RampFiringLimitDE

===========================================================================================
----------------- testing Tue Jun 02 14:40:20 UTC 2020 /home/travis/build/icyphy/ptII/ptolemy/actor/lib/test/auto/RampFiringLimitSDF.xml
----------------- Instantiating /home/travis/build/icyphy/ptII/ptolemy/actor/lib/test/auto/RampFiringLimitSDF.xml
2 ms. Memory: 279552K Free: 104951K (38%)
----------------- Invoking toplevel() on ptolemy.moml.MoMLSimpleApplication@2424a120
----------------- Done invoking toplevel() on ptolemy.moml.MoMLSimpleApplication@2424a120
reloadAllAccessors: .RampFiringLimitSDF

===========================================================================================
----------------- testing Tue Jun 02 14:40:20 UTC 2020 /home/travis/build/icyphy/ptII/ptolemy/actor/lib/test/auto/RandomInteger.xml
----------------- Instantiating /home/travis/build/icyphy/ptII/ptolemy/actor/lib/test/auto/RandomInteger.xml
1 ms. Memory: 279552K Free: 100862K (36%)
----------------- Invoking toplevel() on ptolemy.moml.MoMLSimpleApplication@19471908
----------------- Done invoking toplevel() on ptolemy.moml.MoMLSimpleApplication@19471908
reloadAllAccessors: .RandomInteger

===========================================================================================
----------------- testing Tue Jun 02 14:40:20 UTC 2020 /home/travis/build/icyphy/ptII/ptolemy/actor/lib/test/auto/ReadFile1.xml
----------------- Instantiating /home/travis/build/icyphy/ptII/ptolemy/actor/lib/test/auto/ReadFile1.xml
1 ms. Memory: 279552K Free: 96256K (34%)
----------------- Invoking toplevel() on ptolemy.moml.MoMLSimpleApplication@e80f744
----------------- Done invoking toplevel() on ptolemy.moml.MoMLSimpleApplication@e80f744
reloadAllAccessors: .ReadFile1

===========================================================================================
----------------- testing Tue Jun 02 14:40:20 UTC 2020 /home/travis/build/icyphy/ptII/ptolemy/actor/lib/test/auto/ReadFile2.xml
----------------- Instantiating /home/travis/build/icyphy/ptII/ptolemy/actor/lib/test/auto/ReadFile2.xml
1 ms. Memory: 279552K Free: 92160K (33%)
----------------- Invoking toplevel() on ptolemy.moml.MoMLSimpleApplication@49b0686c
----------------- Done invoking toplevel() on ptolemy.moml.MoMLSimpleApplication@49b0686c
reloadAllAccessors: .ReadFile2

===========================================================================================
----------------- testing Tue Jun 02 14:40:20 UTC 2020 /home/travis/build/icyphy/ptII/ptolemy/actor/lib/test/auto/Reader.xml
----------------- Instantiating /home/travis/build/icyphy/ptII/ptolemy/actor/lib/test/auto/Reader.xml
actor.lib.Reader is obsolete, use actor.lib.io.ExpressionReader instead
3 ms. Memory: 279552K Free: 88064K (32%)
----------------- Invoking toplevel() on ptolemy.moml.MoMLSimpleApplication@1b6bba51
----------------- Done invoking toplevel() on ptolemy.moml.MoMLSimpleApplication@1b6bba51
reloadAllAccessors: .Reader

===========================================================================================
----------------- testing Tue Jun 02 14:40:20 UTC 2020 /home/travis/build/icyphy/ptII/ptolemy/actor/lib/test/auto/RecordAssemblerDisplayNameTest.xml
----------------- Instantiating /home/travis/build/icyphy/ptII/ptolemy/actor/lib/test/auto/RecordAssemblerDisplayNameTest.xml
3762 ms. Memory: 279552K Free: 163243K (58%)
----------------- Invoking toplevel() on ptolemy.moml.MoMLSimpleApplication@15389dff
----------------- Done invoking toplevel() on ptolemy.moml.MoMLSimpleApplication@15389dff
reloadAllAccessors: .RecordAssemblerDisplayNameTest

===========================================================================================
----------------- testing Tue Jun 02 14:40:24 UTC 2020 /home/travis/build/icyphy/ptII/ptolemy/actor/lib/test/auto/RecordAssemblerTypeError.xml
----------------- Instantiating /home/travis/build/icyphy/ptII/ptolemy/actor/lib/test/auto/RecordAssemblerTypeError.xml
5 ms. Memory: 279552K Free: 153517K (55%)
----------------- Invoking toplevel() on ptolemy.moml.MoMLSimpleApplication@1f66e942
----------------- Done invoking toplevel() on ptolemy.moml.MoMLSimpleApplication@1f66e942
reloadAllAccessors: .RecordAssemblerTypeError

===========================================================================================
----------------- testing Tue Jun 02 14:40:24 UTC 2020 /home/travis/build/icyphy/ptII/ptolemy/actor/lib/test/auto/RecordDisassember.xml
----------------- Instantiating /home/travis/build/icyphy/ptII/ptolemy/actor/lib/test/auto/RecordDisassember.xml
6 ms. Memory: 279552K Free: 148891K (53%)
----------------- Invoking toplevel() on ptolemy.moml.MoMLSimpleApplication@721c425b
----------------- Done invoking toplevel() on ptolemy.moml.MoMLSimpleApplication@721c425b
reloadAllAccessors: .RecordDisassember

===========================================================================================
----------------- testing Tue Jun 02 14:40:24 UTC 2020 /home/travis/build/icyphy/ptII/ptolemy/actor/lib/test/auto/RecordDisassemberDisplayNameTest.xml
----------------- Instantiating /home/travis/build/icyphy/ptII/ptolemy/actor/lib/test/auto/RecordDisassemberDisplayNameTest.xml
5 ms. Memory: 279552K Free: 140715K (50%)
----------------- Invoking toplevel() on ptolemy.moml.MoMLSimpleApplication@5926ee36
----------------- Done invoking toplevel() on ptolemy.moml.MoMLSimpleApplication@5926ee36
reloadAllAccessors: .RecordDisassemberDisplayNameTest

===========================================================================================
----------------- testing Tue Jun 02 14:40:24 UTC 2020 /home/travis/build/icyphy/ptII/ptolemy/actor/lib/test/auto/RecordDisassembler.xml
----------------- Instantiating /home/travis/build/icyphy/ptII/ptolemy/actor/lib/test/auto/RecordDisassembler.xml
2 ms. Memory: 279552K Free: 135565K (48%)
----------------- Invoking toplevel() on ptolemy.moml.MoMLSimpleApplication@5063ed35
----------------- Done invoking toplevel() on ptolemy.moml.MoMLSimpleApplication@5063ed35
reloadAllAccessors: .RecordDisassembler

===========================================================================================
----------------- testing Tue Jun 02 14:40:24 UTC 2020 /home/travis/build/icyphy/ptII/ptolemy/actor/lib/test/auto/RecordDisassembler2.xml
----------------- Instantiating /home/travis/build/icyphy/ptII/ptolemy/actor/lib/test/auto/RecordDisassembler2.xml
3 ms. Memory: 279552K Free: 130461K (47%)
----------------- Invoking toplevel() on ptolemy.moml.MoMLSimpleApplication@6c034e39
----------------- Done invoking toplevel() on ptolemy.moml.MoMLSimpleApplication@6c034e39
reloadAllAccessors: .RecordDisassembler2

===========================================================================================
----------------- testing Tue Jun 02 14:40:24 UTC 2020 /home/travis/build/icyphy/ptII/ptolemy/actor/lib/test/auto/RecordUpdater.xml
----------------- Instantiating /home/travis/build/icyphy/ptII/ptolemy/actor/lib/test/auto/RecordUpdater.xml
2 ms. Memory: 279552K Free: 124845K (45%)
----------------- Invoking toplevel() on ptolemy.moml.MoMLSimpleApplication@15c292ab
----------------- Done invoking toplevel() on ptolemy.moml.MoMLSimpleApplication@15c292ab
reloadAllAccessors: .RecordUpdater

===========================================================================================
----------------- testing Tue Jun 02 14:40:24 UTC 2020 /home/travis/build/icyphy/ptII/ptolemy/actor/lib/test/auto/RecordUpdater2.xml
----------------- Instantiating /home/travis/build/icyphy/ptII/ptolemy/actor/lib/test/auto/RecordUpdater2.xml
2 ms. Memory: 279552K Free: 119725K (43%)
----------------- Invoking toplevel() on ptolemy.moml.MoMLSimpleApplication@7a2f2f41
----------------- Done invoking toplevel() on ptolemy.moml.MoMLSimpleApplication@7a2f2f41
reloadAllAccessors: .RecordUpdater2

===========================================================================================
----------------- testing Tue Jun 02 14:40:24 UTC 2020 /home/travis/build/icyphy/ptII/ptolemy/actor/lib/test/auto/RecursiveLattice.xml
----------------- Instantiating /home/travis/build/icyphy/ptII/ptolemy/actor/lib/test/auto/RecursiveLattice.xml
2 ms. Memory: 279552K Free: 115115K (41%)
----------------- Invoking toplevel() on ptolemy.moml.MoMLSimpleApplication@5993b02d
----------------- Done invoking toplevel() on ptolemy.moml.MoMLSimpleApplication@5993b02d
reloadAllAccessors: .RecursiveLattice

===========================================================================================
----------------- testing Tue Jun 02 14:40:24 UTC 2020 /home/travis/build/icyphy/ptII/ptolemy/actor/lib/test/auto/Router.xml
----------------- Instantiating /home/travis/build/icyphy/ptII/ptolemy/actor/lib/test/auto/Router.xml
3004 ms. Memory: 279552K Free: 104365K (37%)
----------------- Invoking toplevel() on ptolemy.moml.MoMLSimpleApplication@6cf863fc
----------------- Done invoking toplevel() on ptolemy.moml.MoMLSimpleApplication@6cf863fc
reloadAllAccessors: .Router

===========================================================================================
----------------- testing Tue Jun 02 14:40:27 UTC 2020 /home/travis/build/icyphy/ptII/ptolemy/actor/lib/test/auto/Router2.xml
----------------- Instantiating /home/travis/build/icyphy/ptII/ptolemy/actor/lib/test/auto/Router2.xml
3004 ms. Memory: 279552K Free: 94125K (34%)
----------------- Invoking toplevel() on ptolemy.moml.MoMLSimpleApplication@f21a862
----------------- Done invoking toplevel() on ptolemy.moml.MoMLSimpleApplication@f21a862
reloadAllAccessors: .Router2

===========================================================================================
----------------- testing Tue Jun 02 14:40:30 UTC 2020 /home/travis/build/icyphy/ptII/ptolemy/actor/lib/test/auto/RunningMaximum.xml
----------------- Instantiating /home/travis/build/icyphy/ptII/ptolemy/actor/lib/test/auto/RunningMaximum.xml
3 ms. Memory: 279552K Free: 89515K (32%)
----------------- Invoking toplevel() on ptolemy.moml.MoMLSimpleApplication@1c20adef
----------------- Done invoking toplevel() on ptolemy.moml.MoMLSimpleApplication@1c20adef
reloadAllAccessors: .RunningMaximum

===========================================================================================
----------------- testing Tue Jun 02 14:40:30 UTC 2020 /home/travis/build/icyphy/ptII/ptolemy/actor/lib/test/auto/RunningMinimum.xml
----------------- Instantiating /home/travis/build/icyphy/ptII/ptolemy/actor/lib/test/auto/RunningMinimum.xml
9 ms. Memory: 279552K Free: 84909K (30%)
----------------- Invoking toplevel() on ptolemy.moml.MoMLSimpleApplication@175695a6
----------------- Done invoking toplevel() on ptolemy.moml.MoMLSimpleApplication@175695a6
reloadAllAccessors: .RunningMinimum

===========================================================================================
----------------- testing Tue Jun 02 14:40:30 UTC 2020 /home/travis/build/icyphy/ptII/ptolemy/actor/lib/test/auto/Scale.xml
----------------- Instantiating /home/travis/build/icyphy/ptII/ptolemy/actor/lib/test/auto/Scale.xml
2 ms. Memory: 279552K Free: 80299K (29%)
----------------- Invoking toplevel() on ptolemy.moml.MoMLSimpleApplication@5475e31b
----------------- Done invoking toplevel() on ptolemy.moml.MoMLSimpleApplication@5475e31b
reloadAllAccessors: .Scale

===========================================================================================
----------------- testing Tue Jun 02 14:40:30 UTC 2020 /home/travis/build/icyphy/ptII/ptolemy/actor/lib/test/auto/Scale2.xml
----------------- Instantiating /home/travis/build/icyphy/ptII/ptolemy/actor/lib/test/auto/Scale2.xml
2 ms. Memory: 279552K Free: 75693K (27%)
----------------- Invoking toplevel() on ptolemy.moml.MoMLSimpleApplication@1688aa9b
----------------- Done invoking toplevel() on ptolemy.moml.MoMLSimpleApplication@1688aa9b
reloadAllAccessors: .Scale2

===========================================================================================
----------------- testing Tue Jun 02 14:40:30 UTC 2020 /home/travis/build/icyphy/ptII/ptolemy/actor/lib/test/auto/Scale3.xml
----------------- Instantiating /home/travis/build/icyphy/ptII/ptolemy/actor/lib/test/auto/Scale3.xml
2 ms. Memory: 279552K Free: 69035K (25%)
----------------- Invoking toplevel() on ptolemy.moml.MoMLSimpleApplication@677dcb0
----------------- Done invoking toplevel() on ptolemy.moml.MoMLSimpleApplication@677dcb0
reloadAllAccessors: .Scale3

===========================================================================================
----------------- testing Tue Jun 02 14:40:30 UTC 2020 /home/travis/build/icyphy/ptII/ptolemy/actor/lib/test/auto/ScaleArray.xml
----------------- Instantiating /home/travis/build/icyphy/ptII/ptolemy/actor/lib/test/auto/ScaleArray.xml
7 ms. Memory: 279552K Free: 229028K (82%)
----------------- Invoking toplevel() on ptolemy.moml.MoMLSimpleApplication@3c467a3d
----------------- Done invoking toplevel() on ptolemy.moml.MoMLSimpleApplication@3c467a3d
reloadAllAccessors: .ScaleArray

===========================================================================================
----------------- testing Tue Jun 02 14:40:30 UTC 2020 /home/travis/build/icyphy/ptII/ptolemy/actor/lib/test/auto/ScaleArray2.xml
----------------- Instantiating /home/travis/build/icyphy/ptII/ptolemy/actor/lib/test/auto/ScaleArray2.xml
1 ms. Memory: 279552K Free: 223908K (80%)
----------------- Invoking toplevel() on ptolemy.moml.MoMLSimpleApplication@2f79d6fa
----------------- Done invoking toplevel() on ptolemy.moml.MoMLSimpleApplication@2f79d6fa
reloadAllAccessors: .ScaleArray2

===========================================================================================
----------------- testing Tue Jun 02 14:40:30 UTC 2020 /home/travis/build/icyphy/ptII/ptolemy/actor/lib/test/auto/ScaleMatrix.xml
----------------- Instantiating /home/travis/build/icyphy/ptII/ptolemy/actor/lib/test/auto/ScaleMatrix.xml
140 ms. Memory: 279552K Free: 209058K (75%)
----------------- Invoking toplevel() on ptolemy.moml.MoMLSimpleApplication@7a535c02
----------------- Done invoking toplevel() on ptolemy.moml.MoMLSimpleApplication@7a535c02
reloadAllAccessors: .ScaleMatrix

===========================================================================================
----------------- testing Tue Jun 02 14:40:30 UTC 2020 /home/travis/build/icyphy/ptII/ptolemy/actor/lib/test/auto/Select.xml
----------------- Instantiating /home/travis/build/icyphy/ptII/ptolemy/actor/lib/test/auto/Select.xml
2 ms. Memory: 279552K Free: 202908K (73%)
----------------- Invoking toplevel() on ptolemy.moml.MoMLSimpleApplication@730557f2
----------------- Done invoking toplevel() on ptolemy.moml.MoMLSimpleApplication@730557f2
reloadAllAccessors: .Select

===========================================================================================
----------------- testing Tue Jun 02 14:40:30 UTC 2020 /home/travis/build/icyphy/ptII/ptolemy/actor/lib/test/auto/Select2.xml
----------------- Instantiating /home/travis/build/icyphy/ptII/ptolemy/actor/lib/test/auto/Select2.xml
2 ms. Memory: 279552K Free: 198308K (71%)
----------------- Invoking toplevel() on ptolemy.moml.MoMLSimpleApplication@22f0ec46
----------------- Done invoking toplevel() on ptolemy.moml.MoMLSimpleApplication@22f0ec46
reloadAllAccessors: .Select2

===========================================================================================
----------------- testing Tue Jun 02 14:40:30 UTC 2020 /home/travis/build/icyphy/ptII/ptolemy/actor/lib/test/auto/SequenceToArray2.xml
----------------- Instantiating /home/travis/build/icyphy/ptII/ptolemy/actor/lib/test/auto/SequenceToArray2.xml
109 ms. Memory: 279552K Free: 173732K (62%)
----------------- Invoking toplevel() on ptolemy.moml.MoMLSimpleApplication@2bcb6815
----------------- Done invoking toplevel() on ptolemy.moml.MoMLSimpleApplication@2bcb6815
reloadAllAccessors: .SequenceToArray2

===========================================================================================
----------------- testing Tue Jun 02 14:40:30 UTC 2020 /home/travis/build/icyphy/ptII/ptolemy/actor/lib/test/auto/SequentialClock.xml
----------------- Instantiating /home/travis/build/icyphy/ptII/ptolemy/actor/lib/test/auto/SequentialClock.xml
1 ms. Memory: 279552K Free: 169636K (61%)
----------------- Invoking toplevel() on ptolemy.moml.MoMLSimpleApplication@5d3dac38
----------------- Done invoking toplevel() on ptolemy.moml.MoMLSimpleApplication@5d3dac38
reloadAllAccessors: .SequentialClock

===========================================================================================
----------------- testing Tue Jun 02 14:40:30 UTC 2020 /home/travis/build/icyphy/ptII/ptolemy/actor/lib/test/auto/SetVariable.xml
----------------- Instantiating /home/travis/build/icyphy/ptII/ptolemy/actor/lib/test/auto/SetVariable.xml
3 ms. Memory: 279552K Free: 165026K (59%)
----------------- Invoking toplevel() on ptolemy.moml.MoMLSimpleApplication@3681012
----------------- Done invoking toplevel() on ptolemy.moml.MoMLSimpleApplication@3681012
reloadAllAccessors: .SetVariable

===========================================================================================
----------------- testing Tue Jun 02 14:40:30 UTC 2020 /home/travis/build/icyphy/ptII/ptolemy/actor/lib/test/auto/SetVariable2.xml
----------------- Instantiating /home/travis/build/icyphy/ptII/ptolemy/actor/lib/test/auto/SetVariable2.xml
2 ms. Memory: 279552K Free: 159906K (57%)
----------------- Invoking toplevel() on ptolemy.moml.MoMLSimpleApplication@76fb53ea
----------------- Done invoking toplevel() on ptolemy.moml.MoMLSimpleApplication@76fb53ea
reloadAllAccessors: .SetVariable2

===========================================================================================
----------------- testing Tue Jun 02 14:40:30 UTC 2020 /home/travis/build/icyphy/ptII/ptolemy/actor/lib/test/auto/SetVariable3.xml
----------------- Instantiating /home/travis/build/icyphy/ptII/ptolemy/actor/lib/test/auto/SetVariable3.xml
6 ms. Memory: 279552K Free: 154786K (55%)
----------------- Invoking toplevel() on ptolemy.moml.MoMLSimpleApplication@768e9ca7
----------------- Done invoking toplevel() on ptolemy.moml.MoMLSimpleApplication@768e9ca7
reloadAllAccessors: .SetVariable3

===========================================================================================
----------------- testing Tue Jun 02 14:40:30 UTC 2020 /home/travis/build/icyphy/ptII/ptolemy/actor/lib/test/auto/SetVariable4.xml
----------------- Instantiating /home/travis/build/icyphy/ptII/ptolemy/actor/lib/test/auto/SetVariable4.xml
13 ms. Memory: 279552K Free: 145570K (52%)
----------------- Invoking toplevel() on ptolemy.moml.MoMLSimpleApplication@3882571c
----------------- Done invoking toplevel() on ptolemy.moml.MoMLSimpleApplication@3882571c
reloadAllAccessors: .SetVariable4

===========================================================================================
----------------- testing Tue Jun 02 14:40:30 UTC 2020 /home/travis/build/icyphy/ptII/ptolemy/actor/lib/test/auto/SetVariable5.xml
----------------- Instantiating /home/travis/build/icyphy/ptII/ptolemy/actor/lib/test/auto/SetVariable5.xml
19 ms. Memory: 279552K Free: 136354K (49%)
----------------- Invoking toplevel() on ptolemy.moml.MoMLSimpleApplication@4b88aef0
----------------- Done invoking toplevel() on ptolemy.moml.MoMLSimpleApplication@4b88aef0
reloadAllAccessors: .SetVariable5

===========================================================================================
----------------- testing Tue Jun 02 14:40:30 UTC 2020 /home/travis/build/icyphy/ptII/ptolemy/actor/lib/test/auto/Sinewave.xml
----------------- Instantiating /home/travis/build/icyphy/ptII/ptolemy/actor/lib/test/auto/Sinewave.xml
4 ms. Memory: 279552K Free: 126114K (45%)
----------------- Invoking toplevel() on ptolemy.moml.MoMLSimpleApplication@2b7685cd
----------------- Done invoking toplevel() on ptolemy.moml.MoMLSimpleApplication@2b7685cd
reloadAllAccessors: .Sinewave

===========================================================================================
----------------- testing Tue Jun 02 14:40:31 UTC 2020 /home/travis/build/icyphy/ptII/ptolemy/actor/lib/test/auto/Sinewave2.xml
----------------- Instantiating /home/travis/build/icyphy/ptII/ptolemy/actor/lib/test/auto/Sinewave2.xml
4 ms. Memory: 279552K Free: 117892K (42%)
----------------- Invoking toplevel() on ptolemy.moml.MoMLSimpleApplication@4de8cbe5
----------------- Done invoking toplevel() on ptolemy.moml.MoMLSimpleApplication@4de8cbe5
reloadAllAccessors: .Sinewave2

===========================================================================================
----------------- testing Tue Jun 02 14:40:31 UTC 2020 /home/travis/build/icyphy/ptII/ptolemy/actor/lib/test/auto/Sinewave3.xml
----------------- Instantiating /home/travis/build/icyphy/ptII/ptolemy/actor/lib/test/auto/Sinewave3.xml
8 ms. Memory: 279552K Free: 109220K (39%)
----------------- Invoking toplevel() on ptolemy.moml.MoMLSimpleApplication@5bc14ac2
----------------- Done invoking toplevel() on ptolemy.moml.MoMLSimpleApplication@5bc14ac2
reloadAllAccessors: .Sinewave3

===========================================================================================
----------------- testing Tue Jun 02 14:40:31 UTC 2020 /home/travis/build/icyphy/ptII/ptolemy/actor/lib/test/auto/SingleEvent.xml
----------------- Instantiating /home/travis/build/icyphy/ptII/ptolemy/actor/lib/test/auto/SingleEvent.xml
1 ms. Memory: 279552K Free: 105124K (38%)
----------------- Invoking toplevel() on ptolemy.moml.MoMLSimpleApplication@347ced9c
----------------- Done invoking toplevel() on ptolemy.moml.MoMLSimpleApplication@347ced9c
reloadAllAccessors: .SingleEvent

===========================================================================================
----------------- testing Tue Jun 02 14:40:31 UTC 2020 /home/travis/build/icyphy/ptII/ptolemy/actor/lib/test/auto/Sleep.xml
----------------- Instantiating /home/travis/build/icyphy/ptII/ptolemy/actor/lib/test/auto/Sleep.xml
6003 ms. Memory: 279552K Free: 99490K (36%)
----------------- Invoking toplevel() on ptolemy.moml.MoMLSimpleApplication@63b040b5
----------------- Done invoking toplevel() on ptolemy.moml.MoMLSimpleApplication@63b040b5
reloadAllAccessors: .Sleep

===========================================================================================
----------------- testing Tue Jun 02 14:40:37 UTC 2020 /home/travis/build/icyphy/ptII/ptolemy/actor/lib/test/auto/SleepMultipleFire.xml
----------------- Instantiating /home/travis/build/icyphy/ptII/ptolemy/actor/lib/test/auto/SleepMultipleFire.xml
1011 ms. Memory: 279552K Free: 93860K (34%)
----------------- Invoking toplevel() on ptolemy.moml.MoMLSimpleApplication@60dfcd38
----------------- Done invoking toplevel() on ptolemy.moml.MoMLSimpleApplication@60dfcd38
reloadAllAccessors: .SleepMultipleFire

===========================================================================================
----------------- testing Tue Jun 02 14:40:38 UTC 2020 /home/travis/build/icyphy/ptII/ptolemy/actor/lib/test/auto/StopDE.xml
----------------- Instantiating /home/travis/build/icyphy/ptII/ptolemy/actor/lib/test/auto/StopDE.xml
3 ms. Memory: 279552K Free: 88226K (32%)
----------------- Invoking toplevel() on ptolemy.moml.MoMLSimpleApplication@7ffa5a5f
----------------- Done invoking toplevel() on ptolemy.moml.MoMLSimpleApplication@7ffa5a5f
reloadAllAccessors: .StopDE

===========================================================================================
----------------- testing Tue Jun 02 14:40:38 UTC 2020 /home/travis/build/icyphy/ptII/ptolemy/actor/lib/test/auto/StopSDF.xml
----------------- Instantiating /home/travis/build/icyphy/ptII/ptolemy/actor/lib/test/auto/StopSDF.xml
4 ms. Memory: 279552K Free: 83106K (30%)
----------------- Invoking toplevel() on ptolemy.moml.MoMLSimpleApplication@c3692f1
----------------- Done invoking toplevel() on ptolemy.moml.MoMLSimpleApplication@c3692f1
reloadAllAccessors: .StopSDF

===========================================================================================
----------------- testing Tue Jun 02 14:40:38 UTC 2020 /home/travis/build/icyphy/ptII/ptolemy/actor/lib/test/auto/StringConstant.xml
----------------- Instantiating /home/travis/build/icyphy/ptII/ptolemy/actor/lib/test/auto/StringConstant.xml
9 ms. Memory: 279552K Free: 78500K (28%)
----------------- Invoking toplevel() on ptolemy.moml.MoMLSimpleApplication@301a3d1b
----------------- Done invoking toplevel() on ptolemy.moml.MoMLSimpleApplication@301a3d1b
reloadAllAccessors: .StringConstant

===========================================================================================
----------------- testing Tue Jun 02 14:40:38 UTC 2020 /home/travis/build/icyphy/ptII/ptolemy/actor/lib/test/auto/SubscriberPortInitialValues1.xml
----------------- Instantiating /home/travis/build/icyphy/ptII/ptolemy/actor/lib/test/auto/SubscriberPortInitialValues1.xml
10 ms. Memory: 279552K Free: 69794K (25%)
----------------- Invoking toplevel() on ptolemy.moml.MoMLSimpleApplication@34deac04
----------------- Done invoking toplevel() on ptolemy.moml.MoMLSimpleApplication@34deac04
reloadAllAccessors: .SubscriberPortInitialValues1

===========================================================================================
----------------- testing Tue Jun 02 14:40:38 UTC 2020 /home/travis/build/icyphy/ptII/ptolemy/actor/lib/test/auto/SubscriberPortInitialValues13.xml
----------------- Instantiating /home/travis/build/icyphy/ptII/ptolemy/actor/lib/test/auto/SubscriberPortInitialValues13.xml
6 ms. Memory: 279552K Free: 221813K (79%)
----------------- Invoking toplevel() on ptolemy.moml.MoMLSimpleApplication@b041047
----------------- Done invoking toplevel() on ptolemy.moml.MoMLSimpleApplication@b041047
reloadAllAccessors: .SubscriberPortInitialValues13

===========================================================================================
----------------- testing Tue Jun 02 14:40:38 UTC 2020 /home/travis/build/icyphy/ptII/ptolemy/actor/lib/test/auto/SubscriberPortInitialValues14.xml
----------------- Instantiating /home/travis/build/icyphy/ptII/ptolemy/actor/lib/test/auto/SubscriberPortInitialValues14.xml
11 ms. Memory: 279552K Free: 213621K (76%)
----------------- Invoking toplevel() on ptolemy.moml.MoMLSimpleApplication@7ae0937a
----------------- Done invoking toplevel() on ptolemy.moml.MoMLSimpleApplication@7ae0937a
reloadAllAccessors: .SubscriberPortInitialValues14

===========================================================================================
----------------- testing Tue Jun 02 14:40:38 UTC 2020 /home/travis/build/icyphy/ptII/ptolemy/actor/lib/test/auto/SubscriberPortInitialValues2.xml
----------------- Instantiating /home/travis/build/icyphy/ptII/ptolemy/actor/lib/test/auto/SubscriberPortInitialValues2.xml
5 ms. Memory: 279552K Free: 205939K (74%)
----------------- Invoking toplevel() on ptolemy.moml.MoMLSimpleApplication@51693dfe
----------------- Done invoking toplevel() on ptolemy.moml.MoMLSimpleApplication@51693dfe
reloadAllAccessors: .SubscriberPortInitialValues2

===========================================================================================
----------------- testing Tue Jun 02 14:40:38 UTC 2020 /home/travis/build/icyphy/ptII/ptolemy/actor/lib/test/auto/SubscriberPortInitialValues3.xml
----------------- Instantiating /home/travis/build/icyphy/ptII/ptolemy/actor/lib/test/auto/SubscriberPortInitialValues3.xml
4 ms. Memory: 279552K Free: 195189K (70%)
----------------- Invoking toplevel() on ptolemy.moml.MoMLSimpleApplication@54b82bcb
----------------- Done invoking toplevel() on ptolemy.moml.MoMLSimpleApplication@54b82bcb
reloadAllAccessors: .SubscriberPortInitialValues3

===========================================================================================
----------------- testing Tue Jun 02 14:40:38 UTC 2020 /home/travis/build/icyphy/ptII/ptolemy/actor/lib/test/auto/SubscriptionAggregator.xml
----------------- Instantiating /home/travis/build/icyphy/ptII/ptolemy/actor/lib/test/auto/SubscriptionAggregator.xml
2 ms. Memory: 279552K Free: 188517K (67%)
----------------- Invoking toplevel() on ptolemy.moml.MoMLSimpleApplication@28e70519
----------------- Done invoking toplevel() on ptolemy.moml.MoMLSimpleApplication@28e70519
reloadAllAccessors: .SubscriptionAggregator

===========================================================================================
----------------- testing Tue Jun 02 14:40:38 UTC 2020 /home/travis/build/icyphy/ptII/ptolemy/actor/lib/test/auto/SubscriptionAggregator2.xml
----------------- Instantiating /home/travis/build/icyphy/ptII/ptolemy/actor/lib/test/auto/SubscriptionAggregator2.xml
2 ms. Memory: 279552K Free: 181877K (65%)
----------------- Invoking toplevel() on ptolemy.moml.MoMLSimpleApplication@29f71393
----------------- Done invoking toplevel() on ptolemy.moml.MoMLSimpleApplication@29f71393
reloadAllAccessors: .SubscriptionAggregator2

===========================================================================================
----------------- testing Tue Jun 02 14:40:38 UTC 2020 /home/travis/build/icyphy/ptII/ptolemy/actor/lib/test/auto/SubscriptionAggregator3.xml
----------------- Instantiating /home/travis/build/icyphy/ptII/ptolemy/actor/lib/test/auto/SubscriptionAggregator3.xml
4 ms. Memory: 279552K Free: 173171K (62%)
----------------- Invoking toplevel() on ptolemy.moml.MoMLSimpleApplication@b33ff17
----------------- Done invoking toplevel() on ptolemy.moml.MoMLSimpleApplication@b33ff17
reloadAllAccessors: .SubscriptionAggregator3

===========================================================================================
----------------- testing Tue Jun 02 14:40:38 UTC 2020 /home/travis/build/icyphy/ptII/ptolemy/actor/lib/test/auto/SubscriptionAggregatorMultiply.xml
----------------- Instantiating /home/travis/build/icyphy/ptII/ptolemy/actor/lib/test/auto/SubscriptionAggregatorMultiply.xml
13 ms. Memory: 279552K Free: 164469K (59%)
----------------- Invoking toplevel() on ptolemy.moml.MoMLSimpleApplication@6f1379c9
----------------- Done invoking toplevel() on ptolemy.moml.MoMLSimpleApplication@6f1379c9
reloadAllAccessors: .SubscriptionAggregatorMultiply

===========================================================================================
----------------- testing Tue Jun 02 14:40:38 UTC 2020 /home/travis/build/icyphy/ptII/ptolemy/actor/lib/test/auto/SubscriptionAggregatorPortMultiply1.xml
----------------- Instantiating /home/travis/build/icyphy/ptII/ptolemy/actor/lib/test/auto/SubscriptionAggregatorPortMultiply1.xml
3 ms. Memory: 279552K Free: 156787K (56%)
----------------- Invoking toplevel() on ptolemy.moml.MoMLSimpleApplication@44d8f1a7
----------------- Done invoking toplevel() on ptolemy.moml.MoMLSimpleApplication@44d8f1a7
reloadAllAccessors: .SubscriptionAggregatorPortMultiply1

===========================================================================================
----------------- testing Tue Jun 02 14:40:38 UTC 2020 /home/travis/build/icyphy/ptII/ptolemy/actor/lib/test/auto/Switch.xml
----------------- Instantiating /home/travis/build/icyphy/ptII/ptolemy/actor/lib/test/auto/Switch.xml
8 ms. Memory: 279552K Free: 148595K (53%)
----------------- Invoking toplevel() on ptolemy.moml.MoMLSimpleApplication@6a4848e6
----------------- Done invoking toplevel() on ptolemy.moml.MoMLSimpleApplication@6a4848e6
reloadAllAccessors: .Switch

===========================================================================================
----------------- testing Tue Jun 02 14:40:38 UTC 2020 /home/travis/build/icyphy/ptII/ptolemy/actor/lib/test/auto/Switch2.xml
----------------- Instantiating /home/travis/build/icyphy/ptII/ptolemy/actor/lib/test/auto/Switch2.xml
1 ms. Memory: 279552K Free: 143989K (52%)
----------------- Invoking toplevel() on ptolemy.moml.MoMLSimpleApplication@10610c05
----------------- Done invoking toplevel() on ptolemy.moml.MoMLSimpleApplication@10610c05
reloadAllAccessors: .Switch2

===========================================================================================
----------------- testing Tue Jun 02 14:40:38 UTC 2020 /home/travis/build/icyphy/ptII/ptolemy/actor/lib/test/auto/SwitchDE.xml
----------------- Instantiating /home/travis/build/icyphy/ptII/ptolemy/actor/lib/test/auto/SwitchDE.xml
3 ms. Memory: 279552K Free: 137317K (49%)
----------------- Invoking toplevel() on ptolemy.moml.MoMLSimpleApplication@589f1d02
----------------- Done invoking toplevel() on ptolemy.moml.MoMLSimpleApplication@589f1d02
reloadAllAccessors: .SwitchDE

===========================================================================================
----------------- testing Tue Jun 02 14:40:38 UTC 2020 /home/travis/build/icyphy/ptII/ptolemy/actor/lib/test/auto/SynchronizerDE.xml
----------------- Instantiating /home/travis/build/icyphy/ptII/ptolemy/actor/lib/test/auto/SynchronizerDE.xml
7 ms. Memory: 279552K Free: 129109K (46%)
----------------- Invoking toplevel() on ptolemy.moml.MoMLSimpleApplication@430252d5
----------------- Done invoking toplevel() on ptolemy.moml.MoMLSimpleApplication@430252d5
reloadAllAccessors: .SynchronizerDE

===========================================================================================
----------------- testing Tue Jun 02 14:40:38 UTC 2020 /home/travis/build/icyphy/ptII/ptolemy/actor/lib/test/auto/Test.xml
----------------- Instantiating /home/travis/build/icyphy/ptII/ptolemy/actor/lib/test/auto/Test.xml
2 ms. Memory: 279552K Free: 123989K (44%)
----------------- Invoking toplevel() on ptolemy.moml.MoMLSimpleApplication@26a20d4a
----------------- Done invoking toplevel() on ptolemy.moml.MoMLSimpleApplication@26a20d4a
reloadAllAccessors: .Test

===========================================================================================
----------------- testing Tue Jun 02 14:40:38 UTC 2020 /home/travis/build/icyphy/ptII/ptolemy/actor/lib/test/auto/TestExceptionAttribute1.xml
----------------- Instantiating /home/travis/build/icyphy/ptII/ptolemy/actor/lib/test/auto/TestExceptionAttribute1.xml
1 ms. Memory: 279552K Free: 120437K (43%)
----------------- Invoking toplevel() on ptolemy.moml.MoMLSimpleApplication@2900393a
----------------- Done invoking toplevel() on ptolemy.moml.MoMLSimpleApplication@2900393a
reloadAllAccessors: .TestExceptionAttribute1

===========================================================================================
----------------- testing Tue Jun 02 14:40:38 UTC 2020 /home/travis/build/icyphy/ptII/ptolemy/actor/lib/test/auto/TestExceptionAttribute2.xml
----------------- Instantiating /home/travis/build/icyphy/ptII/ptolemy/actor/lib/test/auto/TestExceptionAttribute2.xml
1 ms. Memory: 279552K Free: 116851K (42%)
----------------- Invoking toplevel() on ptolemy.moml.MoMLSimpleApplication@7d4bd9f0
----------------- Done invoking toplevel() on ptolemy.moml.MoMLSimpleApplication@7d4bd9f0
reloadAllAccessors: .TestExceptionAttribute2

===========================================================================================
----------------- testing Tue Jun 02 14:40:38 UTC 2020 /home/travis/build/icyphy/ptII/ptolemy/actor/lib/test/auto/TestExceptionAttribute3.xml
----------------- Instantiating /home/travis/build/icyphy/ptII/ptolemy/actor/lib/test/auto/TestExceptionAttribute3.xml
.TestExceptionAttribute3.TestExceptionAttribute: initialize() was not invoked, but wrapup() was.  This is unusual, but not always a problem.  For example, exporting JNLP will do this.
1 ms. Memory: 279552K Free: 113269K (41%)
----------------- Invoking toplevel() on ptolemy.moml.MoMLSimpleApplication@9b55356
----------------- Done invoking toplevel() on ptolemy.moml.MoMLSimpleApplication@9b55356
reloadAllAccessors: .TestExceptionAttribute3

===========================================================================================
----------------- testing Tue Jun 02 14:40:38 UTC 2020 /home/travis/build/icyphy/ptII/ptolemy/actor/lib/test/auto/TestExceptionAttribute4.xml
----------------- Instantiating /home/travis/build/icyphy/ptII/ptolemy/actor/lib/test/auto/TestExceptionAttribute4.xml
.TestExceptionAttribute4.TestExceptionAttribute: initialize() was not invoked, but wrapup() was.  This is unusual, but not always a problem.  For example, exporting JNLP will do this.
.TestExceptionAttribute4.TestExceptionAttribute2: initialize() was not invoked, but wrapup() was.  This is unusual, but not always a problem.  For example, exporting JNLP will do this.
0 ms. Memory: 279552K Free: 109173K (39%)
----------------- Invoking toplevel() on ptolemy.moml.MoMLSimpleApplication@91bd1bf
----------------- Done invoking toplevel() on ptolemy.moml.MoMLSimpleApplication@91bd1bf
reloadAllAccessors: .TestExceptionAttribute4

===========================================================================================
----------------- testing Tue Jun 02 14:40:38 UTC 2020 /home/travis/build/icyphy/ptII/ptolemy/actor/lib/test/auto/TestExceptionHandler1.xml
----------------- Instantiating /home/travis/build/icyphy/ptII/ptolemy/actor/lib/test/auto/TestExceptionHandler1.xml
1 ms. Memory: 279552K Free: 105077K (38%)
----------------- Invoking toplevel() on ptolemy.moml.MoMLSimpleApplication@6ec300d2
----------------- Done invoking toplevel() on ptolemy.moml.MoMLSimpleApplication@6ec300d2
reloadAllAccessors: .TestExceptionHandler1

===========================================================================================
----------------- testing Tue Jun 02 14:40:38 UTC 2020 /home/travis/build/icyphy/ptII/ptolemy/actor/lib/test/auto/TestExceptionHandler2.xml
----------------- Instantiating /home/travis/build/icyphy/ptII/ptolemy/actor/lib/test/auto/TestExceptionHandler2.xml
2 ms. Memory: 279552K Free: 101491K (36%)
----------------- Invoking toplevel() on ptolemy.moml.MoMLSimpleApplication@2f25b517
----------------- Done invoking toplevel() on ptolemy.moml.MoMLSimpleApplication@2f25b517
reloadAllAccessors: .TestExceptionHandler2

===========================================================================================
----------------- testing Tue Jun 02 14:40:38 UTC 2020 /home/travis/build/icyphy/ptII/ptolemy/actor/lib/test/auto/TestExceptionHandler3.xml
----------------- Instantiating /home/travis/build/icyphy/ptII/ptolemy/actor/lib/test/auto/TestExceptionHandler3.xml
0 ms. Memory: 279552K Free: 97909K (35%)
----------------- Invoking toplevel() on ptolemy.moml.MoMLSimpleApplication@cd12ac2
----------------- Done invoking toplevel() on ptolemy.moml.MoMLSimpleApplication@cd12ac2
reloadAllAccessors: .TestExceptionHandler3

===========================================================================================
----------------- testing Tue Jun 02 14:40:38 UTC 2020 /home/travis/build/icyphy/ptII/ptolemy/actor/lib/test/auto/TestExceptionHandler4.xml
----------------- Instantiating /home/travis/build/icyphy/ptII/ptolemy/actor/lib/test/auto/TestExceptionHandler4.xml
0 ms. Memory: 279552K Free: 93813K (34%)
----------------- Invoking toplevel() on ptolemy.moml.MoMLSimpleApplication@246a87cd
----------------- Done invoking toplevel() on ptolemy.moml.MoMLSimpleApplication@246a87cd
reloadAllAccessors: .TestExceptionHandler4

===========================================================================================
----------------- testing Tue Jun 02 14:40:38 UTC 2020 /home/travis/build/icyphy/ptII/ptolemy/actor/lib/test/auto/TestRequireCorrectOrder.xml
----------------- Instantiating /home/travis/build/icyphy/ptII/ptolemy/actor/lib/test/auto/TestRequireCorrectOrder.xml
2 ms. Memory: 279552K Free: 88693K (32%)
----------------- Invoking toplevel() on ptolemy.moml.MoMLSimpleApplication@fa95aae
----------------- Done invoking toplevel() on ptolemy.moml.MoMLSimpleApplication@fa95aae
reloadAllAccessors: .TestRequireCorrectOrder

===========================================================================================
----------------- testing Tue Jun 02 14:40:38 UTC 2020 /home/travis/build/icyphy/ptII/ptolemy/actor/lib/test/auto/TestSimple.xml
----------------- Instantiating /home/travis/build/icyphy/ptII/ptolemy/actor/lib/test/auto/TestSimple.xml
5 ms. Memory: 279552K Free: 84597K (30%)
----------------- Invoking toplevel() on ptolemy.moml.MoMLSimpleApplication@241d0021
----------------- Done invoking toplevel() on ptolemy.moml.MoMLSimpleApplication@241d0021
reloadAllAccessors: .TestSimple

===========================================================================================
----------------- testing Tue Jun 02 14:40:38 UTC 2020 /home/travis/build/icyphy/ptII/ptolemy/actor/lib/test/auto/ThrowModelError.xml
----------------- Instantiating /home/travis/build/icyphy/ptII/ptolemy/actor/lib/test/auto/ThrowModelError.xml
1 ms. Memory: 279552K Free: 79477K (28%)
----------------- Invoking toplevel() on ptolemy.moml.MoMLSimpleApplication@779dd345
----------------- Done invoking toplevel() on ptolemy.moml.MoMLSimpleApplication@779dd345
reloadAllAccessors: .ThrowModelError

===========================================================================================
----------------- testing Tue Jun 02 14:40:38 UTC 2020 /home/travis/build/icyphy/ptII/ptolemy/actor/lib/test/auto/TimeDelayMicrosteps.xml
----------------- Instantiating /home/travis/build/icyphy/ptII/ptolemy/actor/lib/test/auto/TimeDelayMicrosteps.xml
2 ms. Memory: 279552K Free: 72309K (26%)
----------------- Invoking toplevel() on ptolemy.moml.MoMLSimpleApplication@8d37cf6
----------------- Done invoking toplevel() on ptolemy.moml.MoMLSimpleApplication@8d37cf6
reloadAllAccessors: .TimeDelayMicrosteps

===========================================================================================
----------------- testing Tue Jun 02 14:40:38 UTC 2020 /home/travis/build/icyphy/ptII/ptolemy/actor/lib/test/auto/TimeDelayMicrosteps2.xml
----------------- Instantiating /home/travis/build/icyphy/ptII/ptolemy/actor/lib/test/auto/TimeDelayMicrosteps2.xml
4 ms. Memory: 279552K Free: 65141K (23%)
----------------- Invoking toplevel() on ptolemy.moml.MoMLSimpleApplication@4a43d237
----------------- Done invoking toplevel() on ptolemy.moml.MoMLSimpleApplication@4a43d237
reloadAllAccessors: .TimeDelayMicrosteps2

===========================================================================================
----------------- testing Tue Jun 02 14:40:38 UTC 2020 /home/travis/build/icyphy/ptII/ptolemy/actor/lib/test/auto/TimeDelayMicrosteps3.xml
----------------- Instantiating /home/travis/build/icyphy/ptII/ptolemy/actor/lib/test/auto/TimeDelayMicrosteps3.xml
2 ms. Memory: 279552K Free: 223211K (80%)
----------------- Invoking toplevel() on ptolemy.moml.MoMLSimpleApplication@6cd3f03d
----------------- Done invoking toplevel() on ptolemy.moml.MoMLSimpleApplication@6cd3f03d
reloadAllAccessors: .TimeDelayMicrosteps3

===========================================================================================
----------------- testing Tue Jun 02 14:40:38 UTC 2020 /home/travis/build/icyphy/ptII/ptolemy/actor/lib/test/auto/TimeDelayVariableMicrosteps.xml
----------------- Instantiating /home/travis/build/icyphy/ptII/ptolemy/actor/lib/test/auto/TimeDelayVariableMicrosteps.xml
3 ms. Memory: 279552K Free: 216585K (77%)
----------------- Invoking toplevel() on ptolemy.moml.MoMLSimpleApplication@7eb4a796
----------------- Done invoking toplevel() on ptolemy.moml.MoMLSimpleApplication@7eb4a796
reloadAllAccessors: .TimeDelayVariableMicrosteps

===========================================================================================
----------------- testing Tue Jun 02 14:40:38 UTC 2020 /home/travis/build/icyphy/ptII/ptolemy/actor/lib/test/auto/TimeGap.xml
----------------- Instantiating /home/travis/build/icyphy/ptII/ptolemy/actor/lib/test/auto/TimeGap.xml
3 ms. Memory: 279552K Free: 211467K (76%)
----------------- Invoking toplevel() on ptolemy.moml.MoMLSimpleApplication@762c1477
----------------- Done invoking toplevel() on ptolemy.moml.MoMLSimpleApplication@762c1477
reloadAllAccessors: .TimeGap

===========================================================================================
----------------- testing Tue Jun 02 14:40:38 UTC 2020 /home/travis/build/icyphy/ptII/ptolemy/actor/lib/test/auto/TimeGap2.xml
----------------- Instantiating /home/travis/build/icyphy/ptII/ptolemy/actor/lib/test/auto/TimeGap2.xml
2 ms. Memory: 279552K Free: 205803K (74%)
----------------- Invoking toplevel() on ptolemy.moml.MoMLSimpleApplication@5542f708
----------------- Done invoking toplevel() on ptolemy.moml.MoMLSimpleApplication@5542f708
reloadAllAccessors: .TimeGap2

===========================================================================================
----------------- testing Tue Jun 02 14:40:38 UTC 2020 /home/travis/build/icyphy/ptII/ptolemy/actor/lib/test/auto/TimedSinewave.xml
----------------- Instantiating /home/travis/build/icyphy/ptII/ptolemy/actor/lib/test/auto/TimedSinewave.xml
17 ms. Memory: 279552K Free: 190987K (68%)
----------------- Invoking toplevel() on ptolemy.moml.MoMLSimpleApplication@70e36034
----------------- Done invoking toplevel() on ptolemy.moml.MoMLSimpleApplication@70e36034
reloadAllAccessors: .TimedSinewave

===========================================================================================
----------------- testing Tue Jun 02 14:40:38 UTC 2020 /home/travis/build/icyphy/ptII/ptolemy/actor/lib/test/auto/TimedSinewavePhase.xml
----------------- Instantiating /home/travis/build/icyphy/ptII/ptolemy/actor/lib/test/auto/TimedSinewavePhase.xml
9 ms. Memory: 279552K Free: 181257K (65%)
----------------- Invoking toplevel() on ptolemy.moml.MoMLSimpleApplication@7557e92d
----------------- Done invoking toplevel() on ptolemy.moml.MoMLSimpleApplication@7557e92d
reloadAllAccessors: .TimedSinewavePhase

===========================================================================================
----------------- testing Tue Jun 02 14:40:38 UTC 2020 /home/travis/build/icyphy/ptII/ptolemy/actor/lib/test/auto/Timer.xml
----------------- Instantiating /home/travis/build/icyphy/ptII/ptolemy/actor/lib/test/auto/Timer.xml
3 ms. Memory: 279552K Free: 175627K (63%)
----------------- Invoking toplevel() on ptolemy.moml.MoMLSimpleApplication@5af0b1a2
----------------- Done invoking toplevel() on ptolemy.moml.MoMLSimpleApplication@5af0b1a2
reloadAllAccessors: .Timer

===========================================================================================
----------------- testing Tue Jun 02 14:40:38 UTC 2020 /home/travis/build/icyphy/ptII/ptolemy/actor/lib/test/auto/TriangularDistTestModel.xml
----------------- Instantiating /home/travis/build/icyphy/ptII/ptolemy/actor/lib/test/auto/TriangularDistTestModel.xml
3 ms. Memory: 279552K Free: 169963K (61%)
----------------- Invoking toplevel() on ptolemy.moml.MoMLSimpleApplication@56c5ffb3
----------------- Done invoking toplevel() on ptolemy.moml.MoMLSimpleApplication@56c5ffb3
reloadAllAccessors: .TriangularDistTestModel

===========================================================================================
----------------- testing Tue Jun 02 14:40:38 UTC 2020 /home/travis/build/icyphy/ptII/ptolemy/actor/lib/test/auto/TrigFunction.xml
----------------- Instantiating /home/travis/build/icyphy/ptII/ptolemy/actor/lib/test/auto/TrigFunction.xml
2 ms. Memory: 279552K Free: 165387K (59%)
----------------- Invoking toplevel() on ptolemy.moml.MoMLSimpleApplication@5af5fd3e
----------------- Done invoking toplevel() on ptolemy.moml.MoMLSimpleApplication@5af5fd3e
reloadAllAccessors: .TrigFunction

===========================================================================================
----------------- testing Tue Jun 02 14:40:38 UTC 2020 /home/travis/build/icyphy/ptII/ptolemy/actor/lib/test/auto/TrigFunctionDE.xml
----------------- Instantiating /home/travis/build/icyphy/ptII/ptolemy/actor/lib/test/auto/TrigFunctionDE.xml
2 ms. Memory: 279552K Free: 159243K (57%)
----------------- Invoking toplevel() on ptolemy.moml.MoMLSimpleApplication@4a6a92f9
----------------- Done invoking toplevel() on ptolemy.moml.MoMLSimpleApplication@4a6a92f9
reloadAllAccessors: .TrigFunctionDE

===========================================================================================
----------------- testing Tue Jun 02 14:40:38 UTC 2020 /home/travis/build/icyphy/ptII/ptolemy/actor/lib/test/auto/TrigFunctionInverse.xml
----------------- Instantiating /home/travis/build/icyphy/ptII/ptolemy/actor/lib/test/auto/TrigFunctionInverse.xml
3 ms. Memory: 279552K Free: 154123K (55%)
----------------- Invoking toplevel() on ptolemy.moml.MoMLSimpleApplication@1a8695ca
----------------- Done invoking toplevel() on ptolemy.moml.MoMLSimpleApplication@1a8695ca
reloadAllAccessors: .TrigFunctionInverse

===========================================================================================
----------------- testing Tue Jun 02 14:40:38 UTC 2020 /home/travis/build/icyphy/ptII/ptolemy/actor/lib/test/auto/TrigFunctionTan.xml
----------------- Instantiating /home/travis/build/icyphy/ptII/ptolemy/actor/lib/test/auto/TrigFunctionTan.xml
2 ms. Memory: 279552K Free: 150027K (54%)
----------------- Invoking toplevel() on ptolemy.moml.MoMLSimpleApplication@2634b804
----------------- Done invoking toplevel() on ptolemy.moml.MoMLSimpleApplication@2634b804
reloadAllAccessors: .TrigFunctionTan

===========================================================================================
----------------- testing Tue Jun 02 14:40:38 UTC 2020 /home/travis/build/icyphy/ptII/ptolemy/actor/lib/test/auto/TriggeredClock.xml
----------------- Instantiating /home/travis/build/icyphy/ptII/ptolemy/actor/lib/test/auto/TriggeredClock.xml
1 ms. Memory: 279552K Free: 144907K (52%)
----------------- Invoking toplevel() on ptolemy.moml.MoMLSimpleApplication@61bf03f0
----------------- Done invoking toplevel() on ptolemy.moml.MoMLSimpleApplication@61bf03f0
reloadAllAccessors: .TriggeredClock

===========================================================================================
----------------- testing Tue Jun 02 14:40:38 UTC 2020 /home/travis/build/icyphy/ptII/ptolemy/actor/lib/test/auto/URLDirectoryReader.xml
----------------- Instantiating /home/travis/build/icyphy/ptII/ptolemy/actor/lib/test/auto/URLDirectoryReader.xml
42 ms. Memory: 279552K Free: 136201K (49%)
----------------- Invoking toplevel() on ptolemy.moml.MoMLSimpleApplication@44ae351a
----------------- Done invoking toplevel() on ptolemy.moml.MoMLSimpleApplication@44ae351a
reloadAllAccessors: .URLDirectoryReader

===========================================================================================
----------------- testing Tue Jun 02 14:40:39 UTC 2020 /home/travis/build/icyphy/ptII/ptolemy/actor/lib/test/auto/URLDirectoryReader3.xml
----------------- Instantiating /home/travis/build/icyphy/ptII/ptolemy/actor/lib/test/auto/URLDirectoryReader3.xml
1442 ms. Memory: 279552K Free: 221631K (79%)
----------------- Invoking toplevel() on ptolemy.moml.MoMLSimpleApplication@30f35554
----------------- Done invoking toplevel() on ptolemy.moml.MoMLSimpleApplication@30f35554
reloadAllAccessors: .URLDirectoryReader3

===========================================================================================
----------------- testing Tue Jun 02 14:40:40 UTC 2020 /home/travis/build/icyphy/ptII/ptolemy/actor/lib/test/auto/UnaryMathFunction.xml
----------------- Instantiating /home/travis/build/icyphy/ptII/ptolemy/actor/lib/test/auto/UnaryMathFunction.xml
2 ms. Memory: 279552K Free: 213949K (77%)
----------------- Invoking toplevel() on ptolemy.moml.MoMLSimpleApplication@67144d5d
----------------- Done invoking toplevel() on ptolemy.moml.MoMLSimpleApplication@67144d5d
reloadAllAccessors: .UnaryMathFunction

===========================================================================================
----------------- testing Tue Jun 02 14:40:40 UTC 2020 /home/travis/build/icyphy/ptII/ptolemy/actor/lib/test/auto/Uniform.xml
----------------- Instantiating /home/travis/build/icyphy/ptII/ptolemy/actor/lib/test/auto/Uniform.xml
2 ms. Memory: 279552K Free: 209343K (75%)
----------------- Invoking toplevel() on ptolemy.moml.MoMLSimpleApplication@6d5e6722
----------------- Done invoking toplevel() on ptolemy.moml.MoMLSimpleApplication@6d5e6722
reloadAllAccessors: .Uniform

===========================================================================================
----------------- testing Tue Jun 02 14:40:40 UTC 2020 /home/travis/build/icyphy/ptII/ptolemy/actor/lib/test/auto/UnionDisassemblerTest.xml
----------------- Instantiating /home/travis/build/icyphy/ptII/ptolemy/actor/lib/test/auto/UnionDisassemblerTest.xml
26 ms. Memory: 279552K Free: 205247K (73%)
----------------- Invoking toplevel() on ptolemy.moml.MoMLSimpleApplication@1b426faf
----------------- Done invoking toplevel() on ptolemy.moml.MoMLSimpleApplication@1b426faf
reloadAllAccessors: .UnionDisassemblerTest

===========================================================================================
----------------- testing Tue Jun 02 14:40:40 UTC 2020 /home/travis/build/icyphy/ptII/ptolemy/actor/lib/test/auto/UtilityFunctions.xml
----------------- Instantiating /home/travis/build/icyphy/ptII/ptolemy/actor/lib/test/auto/UtilityFunctions.xml
1 ms. Memory: 279552K Free: 201151K (72%)
----------------- Invoking toplevel() on ptolemy.moml.MoMLSimpleApplication@3a252121
----------------- Done invoking toplevel() on ptolemy.moml.MoMLSimpleApplication@3a252121
reloadAllAccessors: .UtilityFunctions

===========================================================================================
----------------- testing Tue Jun 02 14:40:40 UTC 2020 /home/travis/build/icyphy/ptII/ptolemy/actor/lib/test/auto/VariableSleep.xml
----------------- Instantiating /home/travis/build/icyphy/ptII/ptolemy/actor/lib/test/auto/VariableSleep.xml
503 ms. Memory: 279552K Free: 196031K (70%)
----------------- Invoking toplevel() on ptolemy.moml.MoMLSimpleApplication@d799c67
----------------- Done invoking toplevel() on ptolemy.moml.MoMLSimpleApplication@d799c67
reloadAllAccessors: .VariableSleep

===========================================================================================
----------------- testing Tue Jun 02 14:40:41 UTC 2020 /home/travis/build/icyphy/ptII/ptolemy/actor/lib/test/auto/VectorAssemblerDisassemblerCT.xml
----------------- Instantiating /home/travis/build/icyphy/ptII/ptolemy/actor/lib/test/auto/VectorAssemblerDisassemblerCT.xml
81 ms. Memory: 279552K Free: 176061K (63%)
----------------- Invoking toplevel() on ptolemy.moml.MoMLSimpleApplication@4eab3978
----------------- Done invoking toplevel() on ptolemy.moml.MoMLSimpleApplication@4eab3978
reloadAllAccessors: .VectorAssemblerDisassemblerCT

===========================================================================================
----------------- testing Tue Jun 02 14:40:41 UTC 2020 /home/travis/build/icyphy/ptII/ptolemy/actor/lib/test/auto/VectorAssemblerDisassemblerDE.xml
----------------- Instantiating /home/travis/build/icyphy/ptII/ptolemy/actor/lib/test/auto/VectorAssemblerDisassemblerDE.xml
3 ms. Memory: 279552K Free: 168893K (60%)
----------------- Invoking toplevel() on ptolemy.moml.MoMLSimpleApplication@745aeaa9
----------------- Done invoking toplevel() on ptolemy.moml.MoMLSimpleApplication@745aeaa9
reloadAllAccessors: .VectorAssemblerDisassemblerDE

===========================================================================================
----------------- testing Tue Jun 02 14:40:41 UTC 2020 /home/travis/build/icyphy/ptII/ptolemy/actor/lib/test/auto/VectorAssemblerDisassemblerSDF.xml
----------------- Instantiating /home/travis/build/icyphy/ptII/ptolemy/actor/lib/test/auto/VectorAssemblerDisassemblerSDF.xml
3 ms. Memory: 279552K Free: 162239K (58%)
----------------- Invoking toplevel() on ptolemy.moml.MoMLSimpleApplication@6c6b88c0
----------------- Done invoking toplevel() on ptolemy.moml.MoMLSimpleApplication@6c6b88c0
reloadAllAccessors: .VectorAssemblerDisassemblerSDF

===========================================================================================
----------------- testing Tue Jun 02 14:40:41 UTC 2020 /home/travis/build/icyphy/ptII/ptolemy/actor/lib/test/auto/WallClockTime.xml
----------------- Instantiating /home/travis/build/icyphy/ptII/ptolemy/actor/lib/test/auto/WallClockTime.xml
1004 ms. Memory: 279552K Free: 157119K (56%)
----------------- Invoking toplevel() on ptolemy.moml.MoMLSimpleApplication@18232753
----------------- Done invoking toplevel() on ptolemy.moml.MoMLSimpleApplication@18232753
reloadAllAccessors: .WallClockTime

===========================================================================================
----------------- testing Tue Jun 02 14:40:42 UTC 2020 /home/travis/build/icyphy/ptII/ptolemy/actor/lib/test/auto/WidthTestWithSubscriberPublisher.xml
----------------- Instantiating /home/travis/build/icyphy/ptII/ptolemy/actor/lib/test/auto/WidthTestWithSubscriberPublisher.xml
6 ms. Memory: 279552K Free: 139711K (50%)
----------------- Invoking toplevel() on ptolemy.moml.MoMLSimpleApplication@10890f87
----------------- Done invoking toplevel() on ptolemy.moml.MoMLSimpleApplication@10890f87
reloadAllAccessors: .WidthTestWithSubscriberPublisher

===========================================================================================
----------------- testing Tue Jun 02 14:40:42 UTC 2020 /home/travis/build/icyphy/ptII/ptolemy/actor/lib/test/auto/WidthTestWithSubscriberPublisher2.xml
----------------- Instantiating /home/travis/build/icyphy/ptII/ptolemy/actor/lib/test/auto/WidthTestWithSubscriberPublisher2.xml
2 ms. Memory: 279552K Free: 133567K (48%)
----------------- Invoking toplevel() on ptolemy.moml.MoMLSimpleApplication@75aeca67
----------------- Done invoking toplevel() on ptolemy.moml.MoMLSimpleApplication@75aeca67
reloadAllAccessors: .WidthTestWithSubscriberPublisher2

===========================================================================================
----------------- testing Tue Jun 02 14:40:42 UTC 2020 /home/travis/build/icyphy/ptII/ptolemy/actor/lib/test/auto/WidthTestWithSubscriberPublisher3.xml
----------------- Instantiating /home/travis/build/icyphy/ptII/ptolemy/actor/lib/test/auto/WidthTestWithSubscriberPublisher3.xml
1 ms. Memory: 279552K Free: 127423K (46%)
----------------- Invoking toplevel() on ptolemy.moml.MoMLSimpleApplication@10e669cb
----------------- Done invoking toplevel() on ptolemy.moml.MoMLSimpleApplication@10e669cb
reloadAllAccessors: .WidthTestWithSubscriberPublisher3

===========================================================================================
----------------- testing Tue Jun 02 14:40:42 UTC 2020 /home/travis/build/icyphy/ptII/ptolemy/actor/lib/test/auto/Writer.xml
----------------- Instantiating /home/travis/build/icyphy/ptII/ptolemy/actor/lib/test/auto/Writer.xml
0
1
2
3
4
1 ms. Memory: 279552K Free: 123327K (44%)
----------------- Invoking toplevel() on ptolemy.moml.MoMLSimpleApplication@741fee43
----------------- Done invoking toplevel() on ptolemy.moml.MoMLSimpleApplication@741fee43
reloadAllAccessors: .Writer

===========================================================================================
----------------- testing Tue Jun 02 14:40:42 UTC 2020 /home/travis/build/icyphy/ptII/ptolemy/actor/lib/test/auto/array.xml
----------------- Instantiating /home/travis/build/icyphy/ptII/ptolemy/actor/lib/test/auto/array.xml
2 ms. Memory: 279552K Free: 118717K (42%)
----------------- Invoking toplevel() on ptolemy.moml.MoMLSimpleApplication@3ccf4c71
----------------- Done invoking toplevel() on ptolemy.moml.MoMLSimpleApplication@3ccf4c71
reloadAllAccessors: .array

===========================================================================================
----------------- testing Tue Jun 02 14:40:42 UTC 2020 /home/travis/build/icyphy/ptII/ptolemy/actor/lib/test/auto/array2.xml
----------------- Instantiating /home/travis/build/icyphy/ptII/ptolemy/actor/lib/test/auto/array2.xml
4 ms. Memory: 279552K Free: 113583K (41%)
----------------- Invoking toplevel() on ptolemy.moml.MoMLSimpleApplication@42739e24
----------------- Done invoking toplevel() on ptolemy.moml.MoMLSimpleApplication@42739e24
reloadAllAccessors: .array2

===========================================================================================
----------------- testing Tue Jun 02 14:40:42 UTC 2020 /home/travis/build/icyphy/ptII/ptolemy/actor/lib/test/auto/arrayType.xml
----------------- Instantiating /home/travis/build/icyphy/ptII/ptolemy/actor/lib/test/auto/arrayType.xml
2 ms. Memory: 279552K Free: 107967K (39%)
----------------- Invoking toplevel() on ptolemy.moml.MoMLSimpleApplication@57d1b6dd
----------------- Done invoking toplevel() on ptolemy.moml.MoMLSimpleApplication@57d1b6dd
reloadAllAccessors: .arrayType

===========================================================================================
----------------- testing Tue Jun 02 14:40:42 UTC 2020 /home/travis/build/icyphy/ptII/ptolemy/actor/lib/test/auto/arrayType10.xml
----------------- Instantiating /home/travis/build/icyphy/ptII/ptolemy/actor/lib/test/auto/arrayType10.xml
1 ms. Memory: 279552K Free: 102333K (37%)
----------------- Invoking toplevel() on ptolemy.moml.MoMLSimpleApplication@502bfa5e
----------------- Done invoking toplevel() on ptolemy.moml.MoMLSimpleApplication@502bfa5e
reloadAllAccessors: .arrayType10

===========================================================================================
----------------- testing Tue Jun 02 14:40:42 UTC 2020 /home/travis/build/icyphy/ptII/ptolemy/actor/lib/test/auto/arrayType11.xml
----------------- Instantiating /home/travis/build/icyphy/ptII/ptolemy/actor/lib/test/auto/arrayType11.xml
2 ms. Memory: 279552K Free: 97727K (35%)
----------------- Invoking toplevel() on ptolemy.moml.MoMLSimpleApplication@29020c11
----------------- Done invoking toplevel() on ptolemy.moml.MoMLSimpleApplication@29020c11
reloadAllAccessors: .arrayType11

===========================================================================================
----------------- testing Tue Jun 02 14:40:42 UTC 2020 /home/travis/build/icyphy/ptII/ptolemy/actor/lib/test/auto/arrayType12.xml
----------------- Instantiating /home/travis/build/icyphy/ptII/ptolemy/actor/lib/test/auto/arrayType12.xml
2 ms. Memory: 279552K Free: 93117K (33%)
----------------- Invoking toplevel() on ptolemy.moml.MoMLSimpleApplication@74df3136
----------------- Done invoking toplevel() on ptolemy.moml.MoMLSimpleApplication@74df3136
reloadAllAccessors: .arrayType12

===========================================================================================
----------------- testing Tue Jun 02 14:40:42 UTC 2020 /home/travis/build/icyphy/ptII/ptolemy/actor/lib/test/auto/arrayType13.xml
----------------- Instantiating /home/travis/build/icyphy/ptII/ptolemy/actor/lib/test/auto/arrayType13.xml
2 ms. Memory: 279552K Free: 87487K (31%)
----------------- Invoking toplevel() on ptolemy.moml.MoMLSimpleApplication@323b4b86
----------------- Done invoking toplevel() on ptolemy.moml.MoMLSimpleApplication@323b4b86
reloadAllAccessors: .arrayType13

===========================================================================================
----------------- testing Tue Jun 02 14:40:42 UTC 2020 /home/travis/build/icyphy/ptII/ptolemy/actor/lib/test/auto/arrayType14.xml
----------------- Instantiating /home/travis/build/icyphy/ptII/ptolemy/actor/lib/test/auto/arrayType14.xml
1 ms. Memory: 279552K Free: 82367K (29%)
----------------- Invoking toplevel() on ptolemy.moml.MoMLSimpleApplication@7a28c2e0
----------------- Done invoking toplevel() on ptolemy.moml.MoMLSimpleApplication@7a28c2e0
reloadAllAccessors: .arrayType14

===========================================================================================
----------------- testing Tue Jun 02 14:40:42 UTC 2020 /home/travis/build/icyphy/ptII/ptolemy/actor/lib/test/auto/arrayType15.xml
----------------- Instantiating /home/travis/build/icyphy/ptII/ptolemy/actor/lib/test/auto/arrayType15.xml
2 ms. Memory: 279552K Free: 77247K (28%)
----------------- Invoking toplevel() on ptolemy.moml.MoMLSimpleApplication@43eae03c
----------------- Done invoking toplevel() on ptolemy.moml.MoMLSimpleApplication@43eae03c
reloadAllAccessors: .arrayType15

===========================================================================================
----------------- testing Tue Jun 02 14:40:42 UTC 2020 /home/travis/build/icyphy/ptII/ptolemy/actor/lib/test/auto/arrayType16.xml
----------------- Instantiating /home/travis/build/icyphy/ptII/ptolemy/actor/lib/test/auto/arrayType16.xml
1 ms. Memory: 279552K Free: 72127K (26%)
----------------- Invoking toplevel() on ptolemy.moml.MoMLSimpleApplication@2ca31349
----------------- Done invoking toplevel() on ptolemy.moml.MoMLSimpleApplication@2ca31349
reloadAllAccessors: .arrayType16

===========================================================================================
----------------- testing Tue Jun 02 14:40:42 UTC 2020 /home/travis/build/icyphy/ptII/ptolemy/actor/lib/test/auto/arrayType17.xml
----------------- Instantiating /home/travis/build/icyphy/ptII/ptolemy/actor/lib/test/auto/arrayType17.xml
1 ms. Memory: 279552K Free: 66493K (24%)
----------------- Invoking toplevel() on ptolemy.moml.MoMLSimpleApplication@5fd8a07b
----------------- Done invoking toplevel() on ptolemy.moml.MoMLSimpleApplication@5fd8a07b
reloadAllAccessors: .arrayType17

===========================================================================================
----------------- testing Tue Jun 02 14:40:42 UTC 2020 /home/travis/build/icyphy/ptII/ptolemy/actor/lib/test/auto/arrayType18.xml
----------------- Instantiating /home/travis/build/icyphy/ptII/ptolemy/actor/lib/test/auto/arrayType18.xml
4 ms. Memory: 279552K Free: 223516K (80%)
----------------- Invoking toplevel() on ptolemy.moml.MoMLSimpleApplication@5f9c0f52
----------------- Done invoking toplevel() on ptolemy.moml.MoMLSimpleApplication@5f9c0f52
reloadAllAccessors: .arrayType18

===========================================================================================
----------------- testing Tue Jun 02 14:40:42 UTC 2020 /home/travis/build/icyphy/ptII/ptolemy/actor/lib/test/auto/arrayType19.xml
----------------- Instantiating /home/travis/build/icyphy/ptII/ptolemy/actor/lib/test/auto/arrayType19.xml
2 ms. Memory: 279552K Free: 218396K (78%)
----------------- Invoking toplevel() on ptolemy.moml.MoMLSimpleApplication@7fd7aef9
----------------- Done invoking toplevel() on ptolemy.moml.MoMLSimpleApplication@7fd7aef9
reloadAllAccessors: .arrayType19

===========================================================================================
----------------- testing Tue Jun 02 14:40:42 UTC 2020 /home/travis/build/icyphy/ptII/ptolemy/actor/lib/test/auto/arrayType2.xml
----------------- Instantiating /home/travis/build/icyphy/ptII/ptolemy/actor/lib/test/auto/arrayType2.xml
2 ms. Memory: 279552K Free: 213276K (76%)
----------------- Invoking toplevel() on ptolemy.moml.MoMLSimpleApplication@cc6b01
----------------- Done invoking toplevel() on ptolemy.moml.MoMLSimpleApplication@cc6b01
reloadAllAccessors: .arrayType2

===========================================================================================
----------------- testing Tue Jun 02 14:40:42 UTC 2020 /home/travis/build/icyphy/ptII/ptolemy/actor/lib/test/auto/arrayType20.xml
----------------- Instantiating /home/travis/build/icyphy/ptII/ptolemy/actor/lib/test/auto/arrayType20.xml
2 ms. Memory: 279552K Free: 208670K (75%)
----------------- Invoking toplevel() on ptolemy.moml.MoMLSimpleApplication@6779c750
----------------- Done invoking toplevel() on ptolemy.moml.MoMLSimpleApplication@6779c750
reloadAllAccessors: .arrayType20

===========================================================================================
----------------- testing Tue Jun 02 14:40:43 UTC 2020 /home/travis/build/icyphy/ptII/ptolemy/actor/lib/test/auto/arrayType21.xml
----------------- Instantiating /home/travis/build/icyphy/ptII/ptolemy/actor/lib/test/auto/arrayType21.xml
2 ms. Memory: 279552K Free: 203550K (73%)
----------------- Invoking toplevel() on ptolemy.moml.MoMLSimpleApplication@2c382b9d
----------------- Done invoking toplevel() on ptolemy.moml.MoMLSimpleApplication@2c382b9d
reloadAllAccessors: .arrayType21

===========================================================================================
----------------- testing Tue Jun 02 14:40:43 UTC 2020 /home/travis/build/icyphy/ptII/ptolemy/actor/lib/test/auto/arrayType22.xml
----------------- Instantiating /home/travis/build/icyphy/ptII/ptolemy/actor/lib/test/auto/arrayType22.xml
2 ms. Memory: 279552K Free: 198940K (71%)
----------------- Invoking toplevel() on ptolemy.moml.MoMLSimpleApplication@2e0ce14d
----------------- Done invoking toplevel() on ptolemy.moml.MoMLSimpleApplication@2e0ce14d
reloadAllAccessors: .arrayType22

===========================================================================================
----------------- testing Tue Jun 02 14:40:43 UTC 2020 /home/travis/build/icyphy/ptII/ptolemy/actor/lib/test/auto/arrayType23.xml
----------------- Instantiating /home/travis/build/icyphy/ptII/ptolemy/actor/lib/test/auto/arrayType23.xml
2 ms. Memory: 279552K Free: 194334K (70%)
----------------- Invoking toplevel() on ptolemy.moml.MoMLSimpleApplication@797f8395
----------------- Done invoking toplevel() on ptolemy.moml.MoMLSimpleApplication@797f8395
reloadAllAccessors: .arrayType23

===========================================================================================
----------------- testing Tue Jun 02 14:40:43 UTC 2020 /home/travis/build/icyphy/ptII/ptolemy/actor/lib/test/auto/arrayType24.xml
----------------- Instantiating /home/travis/build/icyphy/ptII/ptolemy/actor/lib/test/auto/arrayType24.xml
4 ms. Memory: 279552K Free: 189724K (68%)
----------------- Invoking toplevel() on ptolemy.moml.MoMLSimpleApplication@1cc340e
----------------- Done invoking toplevel() on ptolemy.moml.MoMLSimpleApplication@1cc340e
reloadAllAccessors: .arrayType24

===========================================================================================
----------------- testing Tue Jun 02 14:40:43 UTC 2020 /home/travis/build/icyphy/ptII/ptolemy/actor/lib/test/auto/arrayType25.xml
----------------- Instantiating /home/travis/build/icyphy/ptII/ptolemy/actor/lib/test/auto/arrayType25.xml
1 ms. Memory: 279552K Free: 184094K (66%)
----------------- Invoking toplevel() on ptolemy.moml.MoMLSimpleApplication@5ad8d7d8
----------------- Done invoking toplevel() on ptolemy.moml.MoMLSimpleApplication@5ad8d7d8
reloadAllAccessors: .arrayType25

===========================================================================================
----------------- testing Tue Jun 02 14:40:43 UTC 2020 /home/travis/build/icyphy/ptII/ptolemy/actor/lib/test/auto/arrayType26.xml
----------------- Instantiating /home/travis/build/icyphy/ptII/ptolemy/actor/lib/test/auto/arrayType26.xml
2 ms. Memory: 279552K Free: 178974K (64%)
----------------- Invoking toplevel() on ptolemy.moml.MoMLSimpleApplication@6e05ad31
----------------- Done invoking toplevel() on ptolemy.moml.MoMLSimpleApplication@6e05ad31
reloadAllAccessors: .arrayType26

===========================================================================================
----------------- testing Tue Jun 02 14:40:43 UTC 2020 /home/travis/build/icyphy/ptII/ptolemy/actor/lib/test/auto/arrayType27.xml
----------------- Instantiating /home/travis/build/icyphy/ptII/ptolemy/actor/lib/test/auto/arrayType27.xml
1 ms. Memory: 279552K Free: 173854K (62%)
----------------- Invoking toplevel() on ptolemy.moml.MoMLSimpleApplication@4cfe4be0
----------------- Done invoking toplevel() on ptolemy.moml.MoMLSimpleApplication@4cfe4be0
reloadAllAccessors: .arrayType27

===========================================================================================
----------------- testing Tue Jun 02 14:40:43 UTC 2020 /home/travis/build/icyphy/ptII/ptolemy/actor/lib/test/auto/arrayType28.xml
----------------- Instantiating /home/travis/build/icyphy/ptII/ptolemy/actor/lib/test/auto/arrayType28.xml
9 ms. Memory: 279552K Free: 168220K (60%)
----------------- Invoking toplevel() on ptolemy.moml.MoMLSimpleApplication@1be61659
----------------- Done invoking toplevel() on ptolemy.moml.MoMLSimpleApplication@1be61659
reloadAllAccessors: .arrayType28

===========================================================================================
----------------- testing Tue Jun 02 14:40:43 UTC 2020 /home/travis/build/icyphy/ptII/ptolemy/actor/lib/test/auto/arrayType3.xml
----------------- Instantiating /home/travis/build/icyphy/ptII/ptolemy/actor/lib/test/auto/arrayType3.xml
2 ms. Memory: 279552K Free: 163100K (58%)
----------------- Invoking toplevel() on ptolemy.moml.MoMLSimpleApplication@3c0700c9
----------------- Done invoking toplevel() on ptolemy.moml.MoMLSimpleApplication@3c0700c9
reloadAllAccessors: .arrayType3

===========================================================================================
----------------- testing Tue Jun 02 14:40:43 UTC 2020 /home/travis/build/icyphy/ptII/ptolemy/actor/lib/test/auto/arrayType4.xml
----------------- Instantiating /home/travis/build/icyphy/ptII/ptolemy/actor/lib/test/auto/arrayType4.xml
1 ms. Memory: 279552K Free: 157980K (57%)
----------------- Invoking toplevel() on ptolemy.moml.MoMLSimpleApplication@3a8da35b
----------------- Done invoking toplevel() on ptolemy.moml.MoMLSimpleApplication@3a8da35b
reloadAllAccessors: .arrayType4

===========================================================================================
----------------- testing Tue Jun 02 14:40:43 UTC 2020 /home/travis/build/icyphy/ptII/ptolemy/actor/lib/test/auto/arrayType5.xml
----------------- Instantiating /home/travis/build/icyphy/ptII/ptolemy/actor/lib/test/auto/arrayType5.xml
6 ms. Memory: 279552K Free: 152857K (55%)
----------------- Invoking toplevel() on ptolemy.moml.MoMLSimpleApplication@3c556eba
----------------- Done invoking toplevel() on ptolemy.moml.MoMLSimpleApplication@3c556eba
reloadAllAccessors: .arrayType5

===========================================================================================
----------------- testing Tue Jun 02 14:40:43 UTC 2020 /home/travis/build/icyphy/ptII/ptolemy/actor/lib/test/auto/arrayType6.xml
----------------- Instantiating /home/travis/build/icyphy/ptII/ptolemy/actor/lib/test/auto/arrayType6.xml
2 ms. Memory: 279552K Free: 147740K (53%)
----------------- Invoking toplevel() on ptolemy.moml.MoMLSimpleApplication@6eee8196
----------------- Done invoking toplevel() on ptolemy.moml.MoMLSimpleApplication@6eee8196
reloadAllAccessors: .arrayType6

===========================================================================================
----------------- testing Tue Jun 02 14:40:43 UTC 2020 /home/travis/build/icyphy/ptII/ptolemy/actor/lib/test/auto/arrayType7.xml
----------------- Instantiating /home/travis/build/icyphy/ptII/ptolemy/actor/lib/test/auto/arrayType7.xml
1 ms. Memory: 279552K Free: 143134K (51%)
----------------- Invoking toplevel() on ptolemy.moml.MoMLSimpleApplication@3a2c4012
----------------- Done invoking toplevel() on ptolemy.moml.MoMLSimpleApplication@3a2c4012
reloadAllAccessors: .arrayType7

===========================================================================================
----------------- testing Tue Jun 02 14:40:43 UTC 2020 /home/travis/build/icyphy/ptII/ptolemy/actor/lib/test/auto/arrayType8.xml
----------------- Instantiating /home/travis/build/icyphy/ptII/ptolemy/actor/lib/test/auto/arrayType8.xml
2 ms. Memory: 279552K Free: 138524K (50%)
----------------- Invoking toplevel() on ptolemy.moml.MoMLSimpleApplication@40ae1773
----------------- Done invoking toplevel() on ptolemy.moml.MoMLSimpleApplication@40ae1773
reloadAllAccessors: .arrayType8

===========================================================================================
----------------- testing Tue Jun 02 14:40:43 UTC 2020 /home/travis/build/icyphy/ptII/ptolemy/actor/lib/test/auto/arrayType9.xml
----------------- Instantiating /home/travis/build/icyphy/ptII/ptolemy/actor/lib/test/auto/arrayType9.xml
1 ms. Memory: 279552K Free: 133404K (48%)
----------------- Invoking toplevel() on ptolemy.moml.MoMLSimpleApplication@7827a692
----------------- Done invoking toplevel() on ptolemy.moml.MoMLSimpleApplication@7827a692
reloadAllAccessors: .arrayType9

===========================================================================================
----------------- testing Tue Jun 02 14:40:43 UTC 2020 /home/travis/build/icyphy/ptII/ptolemy/actor/lib/test/auto/cast.xml
----------------- Instantiating /home/travis/build/icyphy/ptII/ptolemy/actor/lib/test/auto/cast.xml
2 ms. Memory: 279552K Free: 128798K (46%)
----------------- Invoking toplevel() on ptolemy.moml.MoMLSimpleApplication@7abd80be
----------------- Done invoking toplevel() on ptolemy.moml.MoMLSimpleApplication@7abd80be
reloadAllAccessors: .cast

===========================================================================================
----------------- testing Tue Jun 02 14:40:43 UTC 2020 /home/travis/build/icyphy/ptII/ptolemy/actor/lib/test/auto/compositeMultiPort.xml
----------------- Instantiating /home/travis/build/icyphy/ptII/ptolemy/actor/lib/test/auto/compositeMultiPort.xml
2 ms. Memory: 279552K Free: 120092K (43%)
----------------- Invoking toplevel() on ptolemy.moml.MoMLSimpleApplication@7e2282ad
----------------- Done invoking toplevel() on ptolemy.moml.MoMLSimpleApplication@7e2282ad
reloadAllAccessors: .compositeMultiPort

===========================================================================================
----------------- testing Tue Jun 02 14:40:43 UTC 2020 /home/travis/build/icyphy/ptII/ptolemy/actor/lib/test/auto/expressionCastInference.xml
----------------- Instantiating /home/travis/build/icyphy/ptII/ptolemy/actor/lib/test/auto/expressionCastInference.xml
1 ms. Memory: 279552K Free: 114972K (41%)
----------------- Invoking toplevel() on ptolemy.moml.MoMLSimpleApplication@8e00a61
----------------- Done invoking toplevel() on ptolemy.moml.MoMLSimpleApplication@8e00a61
reloadAllAccessors: .expressionCastInference

===========================================================================================
----------------- testing Tue Jun 02 14:40:43 UTC 2020 /home/travis/build/icyphy/ptII/ptolemy/actor/lib/test/auto/expressionCastInference2.xml
----------------- Instantiating /home/travis/build/icyphy/ptII/ptolemy/actor/lib/test/auto/expressionCastInference2.xml
2 ms. Memory: 279552K Free: 110366K (39%)
----------------- Invoking toplevel() on ptolemy.moml.MoMLSimpleApplication@4c034fab
----------------- Done invoking toplevel() on ptolemy.moml.MoMLSimpleApplication@4c034fab
reloadAllAccessors: .expressionCastInference2

===========================================================================================
----------------- testing Tue Jun 02 14:40:43 UTC 2020 /home/travis/build/icyphy/ptII/ptolemy/actor/lib/test/auto/expressionInference.xml
----------------- Instantiating /home/travis/build/icyphy/ptII/ptolemy/actor/lib/test/auto/expressionInference.xml
1 ms. Memory: 279552K Free: 106270K (38%)
----------------- Invoking toplevel() on ptolemy.moml.MoMLSimpleApplication@10e68572
----------------- Done invoking toplevel() on ptolemy.moml.MoMLSimpleApplication@10e68572
reloadAllAccessors: .expressionInference

===========================================================================================
----------------- testing Tue Jun 02 14:40:43 UTC 2020 /home/travis/build/icyphy/ptII/ptolemy/actor/lib/test/auto/expression_bug.xml
----------------- Instantiating /home/travis/build/icyphy/ptII/ptolemy/actor/lib/test/auto/expression_bug.xml
1 ms. Memory: 279552K Free: 101660K (36%)
----------------- Invoking toplevel() on ptolemy.moml.MoMLSimpleApplication@30d72f63
----------------- Done invoking toplevel() on ptolemy.moml.MoMLSimpleApplication@30d72f63
reloadAllAccessors: .expression_bug

===========================================================================================
----------------- testing Tue Jun 02 14:40:43 UTC 2020 /home/travis/build/icyphy/ptII/ptolemy/actor/lib/test/auto/factorial.xml
----------------- Instantiating /home/travis/build/icyphy/ptII/ptolemy/actor/lib/test/auto/factorial.xml
27 ms. Memory: 279552K Free: 92958K (33%)
----------------- Invoking toplevel() on ptolemy.moml.MoMLSimpleApplication@2f5162dc
----------------- Done invoking toplevel() on ptolemy.moml.MoMLSimpleApplication@2f5162dc
reloadAllAccessors: .factorial

===========================================================================================
----------------- testing Tue Jun 02 14:40:43 UTC 2020 /home/travis/build/icyphy/ptII/ptolemy/actor/lib/test/auto/filterTest1.xml
----------------- Instantiating /home/travis/build/icyphy/ptII/ptolemy/actor/lib/test/auto/filterTest1.xml
3 ms. Memory: 279552K Free: 87310K (31%)
----------------- Invoking toplevel() on ptolemy.moml.MoMLSimpleApplication@29c0677c
----------------- Done invoking toplevel() on ptolemy.moml.MoMLSimpleApplication@29c0677c
reloadAllAccessors: .filterTest1

===========================================================================================
----------------- testing Tue Jun 02 14:40:43 UTC 2020 /home/travis/build/icyphy/ptII/ptolemy/actor/lib/test/auto/funcApplyInConst.xml
----------------- Instantiating /home/travis/build/icyphy/ptII/ptolemy/actor/lib/test/auto/funcApplyInConst.xml
0 ms. Memory: 279552K Free: 83228K (30%)
----------------- Invoking toplevel() on ptolemy.moml.MoMLSimpleApplication@33a2b9b4
----------------- Done invoking toplevel() on ptolemy.moml.MoMLSimpleApplication@33a2b9b4
reloadAllAccessors: .funcApplyInConst

===========================================================================================
----------------- testing Tue Jun 02 14:40:43 UTC 2020 /home/travis/build/icyphy/ptII/ptolemy/actor/lib/test/auto/funcApplyInExpr.xml
----------------- Instantiating /home/travis/build/icyphy/ptII/ptolemy/actor/lib/test/auto/funcApplyInExpr.xml
1 ms. Memory: 279552K Free: 79646K (28%)
----------------- Invoking toplevel() on ptolemy.moml.MoMLSimpleApplication@58d1b9db
----------------- Done invoking toplevel() on ptolemy.moml.MoMLSimpleApplication@58d1b9db
reloadAllAccessors: .funcApplyInExpr

===========================================================================================
----------------- testing Tue Jun 02 14:40:43 UTC 2020 /home/travis/build/icyphy/ptII/ptolemy/actor/lib/test/auto/function.xml
----------------- Instantiating /home/travis/build/icyphy/ptII/ptolemy/actor/lib/test/auto/function.xml
2 ms. Memory: 279552K Free: 75036K (27%)
----------------- Invoking toplevel() on ptolemy.moml.MoMLSimpleApplication@11c045da
----------------- Done invoking toplevel() on ptolemy.moml.MoMLSimpleApplication@11c045da
reloadAllAccessors: .function

===========================================================================================
----------------- testing Tue Jun 02 14:40:43 UTC 2020 /home/travis/build/icyphy/ptII/ptolemy/actor/lib/test/auto/function2.xml
----------------- Instantiating /home/travis/build/icyphy/ptII/ptolemy/actor/lib/test/auto/function2.xml
2 ms. Memory: 279552K Free: 69916K (25%)
----------------- Invoking toplevel() on ptolemy.moml.MoMLSimpleApplication@19e9538e
----------------- Done invoking toplevel() on ptolemy.moml.MoMLSimpleApplication@19e9538e
reloadAllAccessors: .function2

===========================================================================================
----------------- testing Tue Jun 02 14:40:43 UTC 2020 /home/travis/build/icyphy/ptII/ptolemy/actor/lib/test/auto/function3.xml
----------------- Instantiating /home/travis/build/icyphy/ptII/ptolemy/actor/lib/test/auto/function3.xml
2 ms. Memory: 279552K Free: 66334K (24%)
----------------- Invoking toplevel() on ptolemy.moml.MoMLSimpleApplication@703876ce
----------------- Done invoking toplevel() on ptolemy.moml.MoMLSimpleApplication@703876ce
reloadAllAccessors: .function3

===========================================================================================
----------------- testing Tue Jun 02 14:40:43 UTC 2020 /home/travis/build/icyphy/ptII/ptolemy/actor/lib/test/auto/functionClosureTest1.xml
----------------- Instantiating /home/travis/build/icyphy/ptII/ptolemy/actor/lib/test/auto/functionClosureTest1.xml
2 ms. Memory: 279552K Free: 224052K (80%)
----------------- Invoking toplevel() on ptolemy.moml.MoMLSimpleApplication@7606db2c
----------------- Done invoking toplevel() on ptolemy.moml.MoMLSimpleApplication@7606db2c
reloadAllAccessors: .functionClosureTest1

===========================================================================================
----------------- testing Tue Jun 02 14:40:43 UTC 2020 /home/travis/build/icyphy/ptII/ptolemy/actor/lib/test/auto/functionClosureTest2.xml
----------------- Instantiating /home/travis/build/icyphy/ptII/ptolemy/actor/lib/test/auto/functionClosureTest2.xml
1 ms. Memory: 279552K Free: 219956K (79%)
----------------- Invoking toplevel() on ptolemy.moml.MoMLSimpleApplication@3c5e6af4
----------------- Done invoking toplevel() on ptolemy.moml.MoMLSimpleApplication@3c5e6af4
reloadAllAccessors: .functionClosureTest2

===========================================================================================
----------------- testing Tue Jun 02 14:40:43 UTC 2020 /home/travis/build/icyphy/ptII/ptolemy/actor/lib/test/auto/functionClosureTest3.xml
----------------- Instantiating /home/travis/build/icyphy/ptII/ptolemy/actor/lib/test/auto/functionClosureTest3.xml
1 ms. Memory: 279552K Free: 214836K (77%)
----------------- Invoking toplevel() on ptolemy.moml.MoMLSimpleApplication@37b95b85
----------------- Done invoking toplevel() on ptolemy.moml.MoMLSimpleApplication@37b95b85
reloadAllAccessors: .functionClosureTest3

===========================================================================================
----------------- testing Tue Jun 02 14:40:43 UTC 2020 /home/travis/build/icyphy/ptII/ptolemy/actor/lib/test/auto/functionClosureTest4.xml
----------------- Instantiating /home/travis/build/icyphy/ptII/ptolemy/actor/lib/test/auto/functionClosureTest4.xml
4 ms. Memory: 279552K Free: 208178K (74%)
----------------- Invoking toplevel() on ptolemy.moml.MoMLSimpleApplication@50ac6cab
----------------- Done invoking toplevel() on ptolemy.moml.MoMLSimpleApplication@50ac6cab
reloadAllAccessors: .functionClosureTest4

===========================================================================================
----------------- testing Tue Jun 02 14:40:43 UTC 2020 /home/travis/build/icyphy/ptII/ptolemy/actor/lib/test/auto/functionClosureTest5.xml
----------------- Instantiating /home/travis/build/icyphy/ptII/ptolemy/actor/lib/test/auto/functionClosureTest5.xml
3 ms. Memory: 279552K Free: 203044K (73%)
----------------- Invoking toplevel() on ptolemy.moml.MoMLSimpleApplication@a7a5f09
----------------- Done invoking toplevel() on ptolemy.moml.MoMLSimpleApplication@a7a5f09
reloadAllAccessors: .functionClosureTest5

===========================================================================================
----------------- testing Tue Jun 02 14:40:43 UTC 2020 /home/travis/build/icyphy/ptII/ptolemy/actor/lib/test/auto/functionClosureTest6.xml
----------------- Instantiating /home/travis/build/icyphy/ptII/ptolemy/actor/lib/test/auto/functionClosureTest6.xml
1 ms. Memory: 279552K Free: 198452K (71%)
----------------- Invoking toplevel() on ptolemy.moml.MoMLSimpleApplication@66026c38
----------------- Done invoking toplevel() on ptolemy.moml.MoMLSimpleApplication@66026c38
reloadAllAccessors: .functionClosureTest6

===========================================================================================
----------------- testing Tue Jun 02 14:40:43 UTC 2020 /home/travis/build/icyphy/ptII/ptolemy/actor/lib/test/auto/functionsOnArcs.xml
----------------- Instantiating /home/travis/build/icyphy/ptII/ptolemy/actor/lib/test/auto/functionsOnArcs.xml
1 ms. Memory: 279552K Free: 192818K (69%)
----------------- Invoking toplevel() on ptolemy.moml.MoMLSimpleApplication@27446559
----------------- Done invoking toplevel() on ptolemy.moml.MoMLSimpleApplication@27446559
reloadAllAccessors: .functionsOnArcs

===========================================================================================
----------------- testing Tue Jun 02 14:40:43 UTC 2020 /home/travis/build/icyphy/ptII/ptolemy/actor/lib/test/auto/functionsOnArcsHOF.xml
----------------- Instantiating /home/travis/build/icyphy/ptII/ptolemy/actor/lib/test/auto/functionsOnArcsHOF.xml
4 ms. Memory: 279552K Free: 187188K (67%)
----------------- Invoking toplevel() on ptolemy.moml.MoMLSimpleApplication@16d62b4b
----------------- Done invoking toplevel() on ptolemy.moml.MoMLSimpleApplication@16d62b4b
reloadAllAccessors: .functionsOnArcsHOF

===========================================================================================
----------------- testing Tue Jun 02 14:40:43 UTC 2020 /home/travis/build/icyphy/ptII/ptolemy/actor/lib/test/auto/logic.xml
----------------- Instantiating /home/travis/build/icyphy/ptII/ptolemy/actor/lib/test/auto/logic.xml
2 ms. Memory: 279552K Free: 180020K (64%)
----------------- Invoking toplevel() on ptolemy.moml.MoMLSimpleApplication@3622f73d
----------------- Done invoking toplevel() on ptolemy.moml.MoMLSimpleApplication@3622f73d
reloadAllAccessors: .logic

===========================================================================================
----------------- testing Tue Jun 02 14:40:43 UTC 2020 /home/travis/build/icyphy/ptII/ptolemy/actor/lib/test/auto/matrixType.xml
----------------- Instantiating /home/travis/build/icyphy/ptII/ptolemy/actor/lib/test/auto/matrixType.xml
1 ms. Memory: 279552K Free: 174898K (63%)
----------------- Invoking toplevel() on ptolemy.moml.MoMLSimpleApplication@70cb289d
----------------- Done invoking toplevel() on ptolemy.moml.MoMLSimpleApplication@70cb289d
reloadAllAccessors: .matrixType

===========================================================================================
----------------- testing Tue Jun 02 14:40:43 UTC 2020 /home/travis/build/icyphy/ptII/ptolemy/actor/lib/test/auto/matrixType10.xml
----------------- Instantiating /home/travis/build/icyphy/ptII/ptolemy/actor/lib/test/auto/matrixType10.xml
2 ms. Memory: 279552K Free: 170290K (61%)
----------------- Invoking toplevel() on ptolemy.moml.MoMLSimpleApplication@e328237
----------------- Done invoking toplevel() on ptolemy.moml.MoMLSimpleApplication@e328237
reloadAllAccessors: .matrixType10

===========================================================================================
----------------- testing Tue Jun 02 14:40:43 UTC 2020 /home/travis/build/icyphy/ptII/ptolemy/actor/lib/test/auto/matrixType11.xml
----------------- Instantiating /home/travis/build/icyphy/ptII/ptolemy/actor/lib/test/auto/matrixType11.xml
2 ms. Memory: 279552K Free: 165170K (59%)
----------------- Invoking toplevel() on ptolemy.moml.MoMLSimpleApplication@7370e281
----------------- Done invoking toplevel() on ptolemy.moml.MoMLSimpleApplication@7370e281
reloadAllAccessors: .matrixType11

===========================================================================================
----------------- testing Tue Jun 02 14:40:43 UTC 2020 /home/travis/build/icyphy/ptII/ptolemy/actor/lib/test/auto/matrixType12.xml
----------------- Instantiating /home/travis/build/icyphy/ptII/ptolemy/actor/lib/test/auto/matrixType12.xml
1 ms. Memory: 279552K Free: 160564K (57%)
----------------- Invoking toplevel() on ptolemy.moml.MoMLSimpleApplication@53c24096
----------------- Done invoking toplevel() on ptolemy.moml.MoMLSimpleApplication@53c24096
reloadAllAccessors: .matrixType12

===========================================================================================
----------------- testing Tue Jun 02 14:40:43 UTC 2020 /home/travis/build/icyphy/ptII/ptolemy/actor/lib/test/auto/matrixType13.xml
----------------- Instantiating /home/travis/build/icyphy/ptII/ptolemy/actor/lib/test/auto/matrixType13.xml
1 ms. Memory: 279552K Free: 155954K (56%)
----------------- Invoking toplevel() on ptolemy.moml.MoMLSimpleApplication@23118272
----------------- Done invoking toplevel() on ptolemy.moml.MoMLSimpleApplication@23118272
reloadAllAccessors: .matrixType13

===========================================================================================
----------------- testing Tue Jun 02 14:40:43 UTC 2020 /home/travis/build/icyphy/ptII/ptolemy/actor/lib/test/auto/matrixType14.xml
----------------- Instantiating /home/travis/build/icyphy/ptII/ptolemy/actor/lib/test/auto/matrixType14.xml
1 ms. Memory: 279552K Free: 150834K (54%)
----------------- Invoking toplevel() on ptolemy.moml.MoMLSimpleApplication@72823377
----------------- Done invoking toplevel() on ptolemy.moml.MoMLSimpleApplication@72823377
reloadAllAccessors: .matrixType14

===========================================================================================
----------------- testing Tue Jun 02 14:40:43 UTC 2020 /home/travis/build/icyphy/ptII/ptolemy/actor/lib/test/auto/matrixType2.xml
----------------- Instantiating /home/travis/build/icyphy/ptII/ptolemy/actor/lib/test/auto/matrixType2.xml
2 ms. Memory: 279552K Free: 146228K (52%)
----------------- Invoking toplevel() on ptolemy.moml.MoMLSimpleApplication@36ca32fb
----------------- Done invoking toplevel() on ptolemy.moml.MoMLSimpleApplication@36ca32fb
reloadAllAccessors: .matrixType2

===========================================================================================
----------------- testing Tue Jun 02 14:40:43 UTC 2020 /home/travis/build/icyphy/ptII/ptolemy/actor/lib/test/auto/matrixType3.xml
----------------- Instantiating /home/travis/build/icyphy/ptII/ptolemy/actor/lib/test/auto/matrixType3.xml
4 ms. Memory: 279552K Free: 141108K (50%)
----------------- Invoking toplevel() on ptolemy.moml.MoMLSimpleApplication@5067f496
----------------- Done invoking toplevel() on ptolemy.moml.MoMLSimpleApplication@5067f496
reloadAllAccessors: .matrixType3

===========================================================================================
----------------- testing Tue Jun 02 14:40:43 UTC 2020 /home/travis/build/icyphy/ptII/ptolemy/actor/lib/test/auto/matrixType4.xml
----------------- Instantiating /home/travis/build/icyphy/ptII/ptolemy/actor/lib/test/auto/matrixType4.xml
1 ms. Memory: 279552K Free: 136498K (49%)
----------------- Invoking toplevel() on ptolemy.moml.MoMLSimpleApplication@52cc6b75
----------------- Done invoking toplevel() on ptolemy.moml.MoMLSimpleApplication@52cc6b75
reloadAllAccessors: .matrixType4

===========================================================================================
----------------- testing Tue Jun 02 14:40:43 UTC 2020 /home/travis/build/icyphy/ptII/ptolemy/actor/lib/test/auto/matrixType5.xml
----------------- Instantiating /home/travis/build/icyphy/ptII/ptolemy/actor/lib/test/auto/matrixType5.xml
1 ms. Memory: 279552K Free: 131892K (47%)
----------------- Invoking toplevel() on ptolemy.moml.MoMLSimpleApplication@3ad84572
----------------- Done invoking toplevel() on ptolemy.moml.MoMLSimpleApplication@3ad84572
reloadAllAccessors: .matrixType5

===========================================================================================
----------------- testing Tue Jun 02 14:40:43 UTC 2020 /home/travis/build/icyphy/ptII/ptolemy/actor/lib/test/auto/matrixType6.xml
----------------- Instantiating /home/travis/build/icyphy/ptII/ptolemy/actor/lib/test/auto/matrixType6.xml
1 ms. Memory: 279552K Free: 126772K (45%)
----------------- Invoking toplevel() on ptolemy.moml.MoMLSimpleApplication@2f18d379
----------------- Done invoking toplevel() on ptolemy.moml.MoMLSimpleApplication@2f18d379
reloadAllAccessors: .matrixType6

===========================================================================================
----------------- testing Tue Jun 02 14:40:43 UTC 2020 /home/travis/build/icyphy/ptII/ptolemy/actor/lib/test/auto/matrixType7.xml
----------------- Instantiating /home/travis/build/icyphy/ptII/ptolemy/actor/lib/test/auto/matrixType7.xml
1 ms. Memory: 279552K Free: 122162K (44%)
----------------- Invoking toplevel() on ptolemy.moml.MoMLSimpleApplication@372ff1ea
----------------- Done invoking toplevel() on ptolemy.moml.MoMLSimpleApplication@372ff1ea
reloadAllAccessors: .matrixType7

===========================================================================================
----------------- testing Tue Jun 02 14:40:43 UTC 2020 /home/travis/build/icyphy/ptII/ptolemy/actor/lib/test/auto/matrixType8.xml
----------------- Instantiating /home/travis/build/icyphy/ptII/ptolemy/actor/lib/test/auto/matrixType8.xml
1 ms. Memory: 279552K Free: 117042K (42%)
----------------- Invoking toplevel() on ptolemy.moml.MoMLSimpleApplication@1c4da948
----------------- Done invoking toplevel() on ptolemy.moml.MoMLSimpleApplication@1c4da948
reloadAllAccessors: .matrixType8

===========================================================================================
----------------- testing Tue Jun 02 14:40:43 UTC 2020 /home/travis/build/icyphy/ptII/ptolemy/actor/lib/test/auto/matrixType9.xml
----------------- Instantiating /home/travis/build/icyphy/ptII/ptolemy/actor/lib/test/auto/matrixType9.xml
1 ms. Memory: 279552K Free: 112436K (40%)
----------------- Invoking toplevel() on ptolemy.moml.MoMLSimpleApplication@4f22d59a
----------------- Done invoking toplevel() on ptolemy.moml.MoMLSimpleApplication@4f22d59a
reloadAllAccessors: .matrixType9

===========================================================================================
----------------- testing Tue Jun 02 14:40:43 UTC 2020 /home/travis/build/icyphy/ptII/ptolemy/actor/lib/test/auto/paraFunctest.xml
----------------- Instantiating /home/travis/build/icyphy/ptII/ptolemy/actor/lib/test/auto/paraFunctest.xml
1 ms. Memory: 279552K Free: 108340K (39%)
----------------- Invoking toplevel() on ptolemy.moml.MoMLSimpleApplication@58f8ad87
----------------- Done invoking toplevel() on ptolemy.moml.MoMLSimpleApplication@58f8ad87
reloadAllAccessors: .paraFunctest

===========================================================================================
----------------- testing Tue Jun 02 14:40:43 UTC 2020 /home/travis/build/icyphy/ptII/ptolemy/actor/lib/test/auto/paraFunctest2.xml
----------------- Instantiating /home/travis/build/icyphy/ptII/ptolemy/actor/lib/test/auto/paraFunctest2.xml
2 ms. Memory: 279552K Free: 103730K (37%)
----------------- Invoking toplevel() on ptolemy.moml.MoMLSimpleApplication@39fca9b6
----------------- Done invoking toplevel() on ptolemy.moml.MoMLSimpleApplication@39fca9b6
reloadAllAccessors: .paraFunctest2

===========================================================================================
----------------- testing Tue Jun 02 14:40:43 UTC 2020 /home/travis/build/icyphy/ptII/ptolemy/actor/lib/test/auto/parameterPassing.xml
----------------- Instantiating /home/travis/build/icyphy/ptII/ptolemy/actor/lib/test/auto/parameterPassing.xml
1 ms. Memory: 279552K Free: 99634K (36%)
----------------- Invoking toplevel() on ptolemy.moml.MoMLSimpleApplication@3e86c5cb
----------------- Done invoking toplevel() on ptolemy.moml.MoMLSimpleApplication@3e86c5cb
reloadAllAccessors: .parameterPassing

===========================================================================================
----------------- testing Tue Jun 02 14:40:43 UTC 2020 /home/travis/build/icyphy/ptII/ptolemy/actor/lib/test/auto/record.xml
----------------- Instantiating /home/travis/build/icyphy/ptII/ptolemy/actor/lib/test/auto/record.xml
3 ms. Memory: 279552K Free: 94514K (34%)
----------------- Invoking toplevel() on ptolemy.moml.MoMLSimpleApplication@4d433d24
----------------- Done invoking toplevel() on ptolemy.moml.MoMLSimpleApplication@4d433d24
reloadAllAccessors: .record

===========================================================================================
----------------- testing Tue Jun 02 14:40:43 UTC 2020 /home/travis/build/icyphy/ptII/ptolemy/actor/lib/test/auto/sizedarray1.xml
----------------- Instantiating /home/travis/build/icyphy/ptII/ptolemy/actor/lib/test/auto/sizedarray1.xml
2 ms. Memory: 279552K Free: 89394K (32%)
----------------- Invoking toplevel() on ptolemy.moml.MoMLSimpleApplication@42b3843b
----------------- Done invoking toplevel() on ptolemy.moml.MoMLSimpleApplication@42b3843b
reloadAllAccessors: .sizedarray1

===========================================================================================
----------------- testing Tue Jun 02 14:40:43 UTC 2020 /home/travis/build/icyphy/ptII/ptolemy/actor/lib/test/auto/sizedarray2.xml
----------------- Instantiating /home/travis/build/icyphy/ptII/ptolemy/actor/lib/test/auto/sizedarray2.xml
2 ms. Memory: 279552K Free: 83764K (30%)
----------------- Invoking toplevel() on ptolemy.moml.MoMLSimpleApplication@2a78dbe5
----------------- Done invoking toplevel() on ptolemy.moml.MoMLSimpleApplication@2a78dbe5
reloadAllAccessors: .sizedarray2

===========================================================================================
----------------- testing Tue Jun 02 14:40:43 UTC 2020 /home/travis/build/icyphy/ptII/ptolemy/actor/lib/test/auto/twoPublishers.xml
----------------- Instantiating /home/travis/build/icyphy/ptII/ptolemy/actor/lib/test/auto/twoPublishers.xml
6 ms. Memory: 279552K Free: 73524K (26%)
----------------- Invoking toplevel() on ptolemy.moml.MoMLSimpleApplication@5b1968f7
----------------- Done invoking toplevel() on ptolemy.moml.MoMLSimpleApplication@5b1968f7
reloadAllAccessors: .twoPublishers
AutoTests.java: About to close Vertx.
AutoTests.java: Vertx closed.
]]></system-out>
  <system-err><![CDATA[java.lang.RuntimeException: Execution failed
	at ptolemy.moml.MoMLSimpleApplication$UnloadThread.run(MoMLSimpleApplication.java:402)
Caused by: java.lang.RuntimeException: StringUtilities.exit() was called. Normally, we would exit here because Manager.exitAfterWrapup() was called.  However, because the ptolemy.ptII.exitAfterWrapup property is set, we throw this exception instead.
	at ptolemy.util.StringUtilities.exit(StringUtilities.java:365)
	at ptolemy.actor.Manager.wrapup(Manager.java:1549)
	at ptolemy.actor.Manager.execute(Manager.java:407)
	at ptolemy.actor.Manager.run(Manager.java:1263)
	at ptolemy.actor.Manager$PtolemyRunThread.run(Manager.java:1933)
Warning: '.top.test' is in training mode, set the trainingMode parameter to false before checking in
Warning: '.top.test' is in training mode, set the trainingMode parameter to false before checking in
Warning: '.top.test' is in training mode, set the trainingMode parameter to false before checking in
Warning: '.BooleanSwitch_RegressionTest_WrongTrainingValues.Test' is in training mode, set the trainingMode parameter to false before checking in
Warning: '.BooleanSwitch_RegressionTest_WrongTrainingValues.Test2' is in training mode, set the trainingMode parameter to false before checking in
Warning: '.BooleanSwitch_RegressionTest_WrongTrainingValues.Test2' The test produced 0 tokens.
Warning: '.top.testExceptionHandler' is in training mode, set the trainingMode parameter to false before checking in
java.lang.RuntimeException: Execution failed
	at ptolemy.moml.MoMLSimpleApplication$UnloadThread.run(MoMLSimpleApplication.java:402)
Caused by: ptolemy.kernel.util.IllegalActionException: PublisherPorts cannot be used at the top level, use a Publisher actor instead.
  in .PublisherPortToplevelSubscriber.PublisherPort
	at ptolemy.actor.PublisherPort.preinitialize(PublisherPort.java:403)
	at ptolemy.actor.CompositeActor.preinitialize(CompositeActor.java:1769)
	at ptolemy.actor.Manager.preinitializeAndResolveTypes(Manager.java:1040)
	at ptolemy.actor.Manager.initialize(Manager.java:710)
	at ptolemy.actor.Manager.execute(Manager.java:356)
	at ptolemy.actor.Manager.run(Manager.java:1263)
	at ptolemy.actor.Manager$PtolemyRunThread.run(Manager.java:1933)
java.lang.reflect.InvocationTargetException
	at java.base/jdk.internal.reflect.NativeConstructorAccessorImpl.newInstance0(Native Method)
	at java.base/jdk.internal.reflect.NativeConstructorAccessorImpl.newInstance(NativeConstructorAccessorImpl.java:62)
	at java.base/jdk.internal.reflect.DelegatingConstructorAccessorImpl.newInstance(DelegatingConstructorAccessorImpl.java:45)
	at java.base/java.lang.reflect.Constructor.newInstance(Constructor.java:490)
	at ptolemy.util.test.junit.AutoKnownFailedTests.RunModel(AutoKnownFailedTests.java:105)
	at java.base/jdk.internal.reflect.NativeMethodAccessorImpl.invoke0(Native Method)
	at java.base/jdk.internal.reflect.NativeMethodAccessorImpl.invoke(NativeMethodAccessorImpl.java:62)
	at java.base/jdk.internal.reflect.DelegatingMethodAccessorImpl.invoke(DelegatingMethodAccessorImpl.java:43)
	at java.base/java.lang.reflect.Method.invoke(Method.java:566)
	at org.junit.runners.model.FrameworkMethod$1.runReflectiveCall(FrameworkMethod.java:44)
	at org.junit.internal.runners.model.ReflectiveCallable.run(ReflectiveCallable.java:15)
	at org.junit.runners.model.FrameworkMethod.invokeExplosively(FrameworkMethod.java:41)
	at junitparams.internal.InvokeParameterisedMethod.evaluate(InvokeParameterisedMethod.java:102)
	at org.junit.internal.runners.statements.FailOnTimeout$1.run(FailOnTimeout.java:28)
Caused by: ptolemy.kernel.util.IllegalActionException: PublisherPorts cannot be used at the top level, use a Publisher actor instead.
  in .PublisherPortToplevelSubscriber.PublisherPort
	at ptolemy.actor.PublisherPort.preinitialize(PublisherPort.java:403)
	at ptolemy.actor.CompositeActor.preinitialize(CompositeActor.java:1769)
	at ptolemy.actor.Manager.preinitializeAndResolveTypes(Manager.java:1040)
	at ptolemy.actor.Manager.initialize(Manager.java:710)
	at ptolemy.actor.Manager.execute(Manager.java:356)
	at ptolemy.actor.Manager.run(Manager.java:1263)
	at ptolemy.actor.Manager$PtolemyRunThread.run(Manager.java:1933)
java.lang.RuntimeException: Execution failed
	at ptolemy.moml.MoMLSimpleApplication$UnloadThread.run(MoMLSimpleApplication.java:402)
Caused by: ptolemy.kernel.util.IllegalActionException: SubscriberPorts cannot be used at the top level, use a Subscriber actor instead.
  in .PublisherSubscriberPortToplevel.SubscriberPort
	at ptolemy.actor.SubscriberPort.preinitialize(SubscriberPort.java:328)
	at ptolemy.actor.CompositeActor.preinitialize(CompositeActor.java:1769)
	at ptolemy.actor.Manager.preinitializeAndResolveTypes(Manager.java:1040)
	at ptolemy.actor.Manager.initialize(Manager.java:710)
	at ptolemy.actor.Manager.execute(Manager.java:356)
	at ptolemy.actor.Manager.run(Manager.java:1263)
	at ptolemy.actor.Manager$PtolemyRunThread.run(Manager.java:1933)
java.lang.reflect.InvocationTargetException
	at java.base/jdk.internal.reflect.NativeConstructorAccessorImpl.newInstance0(Native Method)
	at java.base/jdk.internal.reflect.NativeConstructorAccessorImpl.newInstance(NativeConstructorAccessorImpl.java:62)
	at java.base/jdk.internal.reflect.DelegatingConstructorAccessorImpl.newInstance(DelegatingConstructorAccessorImpl.java:45)
	at java.base/java.lang.reflect.Constructor.newInstance(Constructor.java:490)
	at ptolemy.util.test.junit.AutoKnownFailedTests.RunModel(AutoKnownFailedTests.java:105)
	at java.base/jdk.internal.reflect.NativeMethodAccessorImpl.invoke0(Native Method)
	at java.base/jdk.internal.reflect.NativeMethodAccessorImpl.invoke(NativeMethodAccessorImpl.java:62)
	at java.base/jdk.internal.reflect.DelegatingMethodAccessorImpl.invoke(DelegatingMethodAccessorImpl.java:43)
	at java.base/java.lang.reflect.Method.invoke(Method.java:566)
	at org.junit.runners.model.FrameworkMethod$1.runReflectiveCall(FrameworkMethod.java:44)
	at org.junit.internal.runners.model.ReflectiveCallable.run(ReflectiveCallable.java:15)
	at org.junit.runners.model.FrameworkMethod.invokeExplosively(FrameworkMethod.java:41)
	at junitparams.internal.InvokeParameterisedMethod.evaluate(InvokeParameterisedMethod.java:102)
	at org.junit.internal.runners.statements.FailOnTimeout$1.run(FailOnTimeout.java:28)
Caused by: ptolemy.kernel.util.IllegalActionException: SubscriberPorts cannot be used at the top level, use a Subscriber actor instead.
  in .PublisherSubscriberPortToplevel.SubscriberPort
	at ptolemy.actor.SubscriberPort.preinitialize(SubscriberPort.java:328)
	at ptolemy.actor.CompositeActor.preinitialize(CompositeActor.java:1769)
	at ptolemy.actor.Manager.preinitializeAndResolveTypes(Manager.java:1040)
	at ptolemy.actor.Manager.initialize(Manager.java:710)
	at ptolemy.actor.Manager.execute(Manager.java:356)
	at ptolemy.actor.Manager.run(Manager.java:1263)
	at ptolemy.actor.Manager$PtolemyRunThread.run(Manager.java:1933)
java.lang.RuntimeException: Execution failed
	at ptolemy.moml.MoMLSimpleApplication$UnloadThread.run(MoMLSimpleApplication.java:402)
Caused by: ptolemy.kernel.util.IllegalActionException: SubscriptionAggregatorPorts cannot be used at the top level, use a SubscriptionAggregator actor instead.
  in .PublisherSubscriptionAggregatorPort.SubscriptionAggregatorPort
	at ptolemy.actor.SubscriptionAggregatorPort.preinitialize(SubscriptionAggregatorPort.java:353)
	at ptolemy.actor.CompositeActor.preinitialize(CompositeActor.java:1769)
	at ptolemy.actor.Manager.preinitializeAndResolveTypes(Manager.java:1040)
	at ptolemy.actor.Manager.initialize(Manager.java:710)
	at ptolemy.actor.Manager.execute(Manager.java:356)
	at ptolemy.actor.Manager.run(Manager.java:1263)
	at ptolemy.actor.Manager$PtolemyRunThread.run(Manager.java:1933)
java.lang.reflect.InvocationTargetException
	at java.base/jdk.internal.reflect.NativeConstructorAccessorImpl.newInstance0(Native Method)
	at java.base/jdk.internal.reflect.NativeConstructorAccessorImpl.newInstance(NativeConstructorAccessorImpl.java:62)
	at java.base/jdk.internal.reflect.DelegatingConstructorAccessorImpl.newInstance(DelegatingConstructorAccessorImpl.java:45)
	at java.base/java.lang.reflect.Constructor.newInstance(Constructor.java:490)
	at ptolemy.util.test.junit.AutoKnownFailedTests.RunModel(AutoKnownFailedTests.java:105)
	at java.base/jdk.internal.reflect.NativeMethodAccessorImpl.invoke0(Native Method)
	at java.base/jdk.internal.reflect.NativeMethodAccessorImpl.invoke(NativeMethodAccessorImpl.java:62)
	at java.base/jdk.internal.reflect.DelegatingMethodAccessorImpl.invoke(DelegatingMethodAccessorImpl.java:43)
	at java.base/java.lang.reflect.Method.invoke(Method.java:566)
	at org.junit.runners.model.FrameworkMethod$1.runReflectiveCall(FrameworkMethod.java:44)
	at org.junit.internal.runners.model.ReflectiveCallable.run(ReflectiveCallable.java:15)
	at org.junit.runners.model.FrameworkMethod.invokeExplosively(FrameworkMethod.java:41)
	at junitparams.internal.InvokeParameterisedMethod.evaluate(InvokeParameterisedMethod.java:102)
	at org.junit.internal.runners.statements.FailOnTimeout$1.run(FailOnTimeout.java:28)
Caused by: ptolemy.kernel.util.IllegalActionException: SubscriptionAggregatorPorts cannot be used at the top level, use a SubscriptionAggregator actor instead.
  in .PublisherSubscriptionAggregatorPort.SubscriptionAggregatorPort
	at ptolemy.actor.SubscriptionAggregatorPort.preinitialize(SubscriptionAggregatorPort.java:353)
	at ptolemy.actor.CompositeActor.preinitialize(CompositeActor.java:1769)
	at ptolemy.actor.Manager.preinitializeAndResolveTypes(Manager.java:1040)
	at ptolemy.actor.Manager.initialize(Manager.java:710)
	at ptolemy.actor.Manager.execute(Manager.java:356)
	at ptolemy.actor.Manager.run(Manager.java:1263)
	at ptolemy.actor.Manager$PtolemyRunThread.run(Manager.java:1933)
java.lang.RuntimeException: Execution failed
	at ptolemy.moml.MoMLSimpleApplication$UnloadThread.run(MoMLSimpleApplication.java:402)
Caused by: ptolemy.kernel.util.IllegalActionException: TypeTest actor has no training data.
  in .sizedarray3.TypeTest
	at ptolemy.actor.lib.TypeTest.initialize(TypeTest.java:250)
	at ptolemy.actor.Director.initialize(Director.java:938)
	at ptolemy.actor.Director.initialize(Director.java:907)
	at ptolemy.actor.sched.StaticSchedulingDirector.initialize(StaticSchedulingDirector.java:159)
	at ptolemy.domains.sdf.kernel.SDFDirector.initialize(SDFDirector.java:544)
	at ptolemy.actor.CompositeActor.initialize(CompositeActor.java:935)
	at ptolemy.actor.Manager.initialize(Manager.java:724)
	at ptolemy.actor.Manager.execute(Manager.java:356)
	at ptolemy.actor.Manager.run(Manager.java:1263)
	at ptolemy.actor.Manager$PtolemyRunThread.run(Manager.java:1933)
java.lang.reflect.InvocationTargetException
	at java.base/jdk.internal.reflect.NativeConstructorAccessorImpl.newInstance0(Native Method)
	at java.base/jdk.internal.reflect.NativeConstructorAccessorImpl.newInstance(NativeConstructorAccessorImpl.java:62)
	at java.base/jdk.internal.reflect.DelegatingConstructorAccessorImpl.newInstance(DelegatingConstructorAccessorImpl.java:45)
	at java.base/java.lang.reflect.Constructor.newInstance(Constructor.java:490)
	at ptolemy.util.test.junit.AutoKnownFailedTests.RunModel(AutoKnownFailedTests.java:105)
	at java.base/jdk.internal.reflect.NativeMethodAccessorImpl.invoke0(Native Method)
	at java.base/jdk.internal.reflect.NativeMethodAccessorImpl.invoke(NativeMethodAccessorImpl.java:62)
	at java.base/jdk.internal.reflect.DelegatingMethodAccessorImpl.invoke(DelegatingMethodAccessorImpl.java:43)
	at java.base/java.lang.reflect.Method.invoke(Method.java:566)
	at org.junit.runners.model.FrameworkMethod$1.runReflectiveCall(FrameworkMethod.java:44)
	at org.junit.internal.runners.model.ReflectiveCallable.run(ReflectiveCallable.java:15)
	at org.junit.runners.model.FrameworkMethod.invokeExplosively(FrameworkMethod.java:41)
	at junitparams.internal.InvokeParameterisedMethod.evaluate(InvokeParameterisedMethod.java:102)
	at org.junit.internal.runners.statements.FailOnTimeout$1.run(FailOnTimeout.java:28)
Caused by: ptolemy.kernel.util.IllegalActionException: TypeTest actor has no training data.
  in .sizedarray3.TypeTest
	at ptolemy.actor.lib.TypeTest.initialize(TypeTest.java:250)
	at ptolemy.actor.Director.initialize(Director.java:938)
	at ptolemy.actor.Director.initialize(Director.java:907)
	at ptolemy.actor.sched.StaticSchedulingDirector.initialize(StaticSchedulingDirector.java:159)
	at ptolemy.domains.sdf.kernel.SDFDirector.initialize(SDFDirector.java:544)
	at ptolemy.actor.CompositeActor.initialize(CompositeActor.java:935)
	at ptolemy.actor.Manager.initialize(Manager.java:724)
	at ptolemy.actor.Manager.execute(Manager.java:356)
	at ptolemy.actor.Manager.run(Manager.java:1263)
	at ptolemy.actor.Manager$PtolemyRunThread.run(Manager.java:1933)
]]></system-err>
</testsuite>
