<?xml version="1.0" encoding="UTF-8" ?>
<testsuite errors="1" failures="3" hostname="travis-job-a44fbaa6-791e-48ec-811e-a008a124310f" name="ptolemy.configs.test.junit.JUnitTclTest" skipped="0" tests="10" time="2004.3" timestamp="2019-07-10T19:42:28">
  <properties>
    <property name="file.encoding.pkg" value="sun.io" />
    <property name="npm.executable" value="npm" />
    <property name="env.TRAVIS_ROOT" value="/" />
    <property name="ptII.mk.exists" value="true" />
    <property name="env.TRAVIS_APP_HOST" value="build.travis-ci.org" />
    <property name="env.rvm_bin_path" value="/home/travis/.rvm/bin" />
    <property name="java.home" value="/usr/local/lib/jvm/openjdk10" />
    <property name="env.TRAVIS_JOB_NUMBER" value="1212.12" />
    <property name="env.TRAVIS_HOME" value="/home/travis" />
    <property name="env.DISPLAY" value=":99.0" />
    <property name="env.TRAVIS_INIT" value="systemd" />
    <property name="env.SSH_TTY" value="/dev/pts/0" />
    <property name="java.net.preferIPv4Stack" value="true" />
    <property name="env.RUN_TESTS" value="true" />
    <property name="timeout.short" value="1000000" />
    <property name="junit.formatter" value="xml" />
    <property name="env.TRAVIS_SUDO" value="true" />
    <property name="env.TRAVIS_JOB_NAME" value="" />
    <property name="env.TRAVIS_STACK_NODE_ATTRIBUTES" value="/.node-attributes.yml" />
    <property name="env.LOGNAME" value="travis" />
    <property name="jsdoc.home" value="node_modules/@terraswarm/jsdoc" />
    <property name="debuglevel" value="source,lines,vars" />
    <property name="checkstyle.formatter" value="xml" />
    <property name="env._system_version" value="16.04" />
    <property name="bin.vergil.makeable" value="true" />
    <property name="sun.os.patch.level" value="unknown" />
    <property name="java.vendor.url" value="http://java.oracle.com/" />
    <property name="env.TRAVIS_BUILD_WEB_URL" value="https://travis-ci.org/icyphy/ptII/builds/556911238" />
    <property name="java.version" value="10.0.2" />
    <property name="env.TZ" value="UTC" />
    <property name="env.TRAVIS_PULL_REQUEST_SHA" value="" />
    <property name="env.PT_NO_NET" value="true" />
    <property name="env.TRAVIS_SECURE_ENV_VARS" value="true" />
    <property name="env._system_type" value="Linux" />
    <property name="java.vendor.url.bug" value="http://bugreport.java.com/bugreport/" />
    <property name="npmjs-org-is-up" value="true" />
    <property name="env.LANGUAGE" value="en_US.UTF-8" />
    <property name="env.SSH_CLIENT" value="10.10.16.162 32902 22" />
    <property name="env.GEM_HOME" value="/home/travis/.rvm/gems/ruby-2.5.3" />
    <property name="env.HAS_ANTARES_THREE_LITTLE_FRONZIES_BADGE" value="true" />
    <property name="java.version.date" value="2018-07-17" />
    <property name="env.PS4" value="+" />
    <property name="ant.project.invoked-targets" value="build,test.core5.xml" />
    <property name="env.TRAVIS_PULL_REQUEST_BRANCH" value="" />
    <property name="env.TRAVIS_REPO_SLUG" value="icyphy/ptII" />
    <property name="env.XDG_DATA_DIRS" value="/usr/local/share:/usr/share:/var/lib/snapd/desktop" />
    <property name="jdk.debug" value="release" />
    <property name="env.TRAVIS_APT_PROXY" value="http://apt.cache.travis-ci.com" />
    <property name="node.in.path" value="true" />
    <property name="user.name" value="travis" />
    <property name="java.maxmemory" value="1400m" />
    <property name="env.RUBY_VERSION" value="ruby-2.5.3" />
    <property name="env.LANG" value="en_US.UTF-8" />
    <property name="sun.io.unicode.encoding" value="UnicodeLittle" />
    <property name="sun.jnu.encoding" value="UTF-8" />
    <property name="java.runtime.name" value="OpenJDK Runtime Environment" />
    <property name="usefile" value="false" />
    <property name="return.code" value="0" />
    <property name="junit.single.formatter" value="plain" />
    <property name="env.DYLD_LIBRARY_PATH" value="/home/travis/pthla/certi-tools/lib:" />
    <property name="env.DEBIAN_FRONTEND" value="noninteractive" />
    <property name="env.SSH_CONNECTION" value="10.10.16.162 32902 10.20.0.194 22" />
    <property name="env.MYSQL_UNIX_PORT" value="/var/run/mysqld/mysqld.sock" />
    <property name="env.LC_ALL" value="en_US.UTF-8" />
    <property name="env.TRAVIS_ALLOW_FAILURE" value="false" />
    <property name="env.TRAVIS_JOB_WEB_URL" value="https://travis-ci.org/icyphy/ptII/jobs/556911256" />
    <property name="java.specification.name" value="Java Platform API Specification" />
    <property name="node.works" value="true" />
    <property name="user.timezone" value="" />
    <property name="path.separator" value=":" />
    <property name="env.TRAVIS_ENABLE_INFRA_DETECTION" value="true" />
    <property name="env.PYTHON_CFLAGS" value="-g -fstack-protector --param=ssp-buffer-size=4 -Wformat -Werror=format-security" />
    <property name="timeout.long" value="4000000" />
    <property name="env.CERTI_HOME" value="/home/travis/pthla/certi-tools" />
    <property name="ant.file.ptII" value="/home/travis/build/icyphy/ptII/build.xml" />
    <property name="javadoc.packagenames" value="com.*,diva.*,lbnl.*,org.hlacerti.*,org.json.*,org.ptolemy.*,org.terraswarm.*,ptolemy.*,ptserver.*" />
    <property name="file.encoding" value="UTF-8" />
    <property name="env.TRAVIS_PULL_REQUEST_SLUG" value="" />
    <property name="ant.project.default-target" value="build" />
    <property name="env.GIT_ASKPASS" value="echo" />
    <property name="env.HOME" value="/home/travis" />
    <property name="sun.java.command" value="org.apache.tools.ant.taskdefs.optional.junit.JUnitTestRunner ptolemy.configs.test.junit.JUnitTclTest skipNonTests=false filtertrace=true haltOnError=false haltOnFailure=false formatter=org.apache.tools.ant.taskdefs.optional.junit.OutErrSummaryJUnitResultFormatter showoutput=true outputtoformatters=true logfailedtests=true threadid=0 logtestlistenerevents=false formatter=org.apache.tools.ant.taskdefs.optional.junit.XMLJUnitResultFormatter,/home/travis/build/icyphy/ptII/reports/junit/TEST-ptolemy.configs.test.junit.JUnitTclTest.xml crashfile=/home/travis/build/icyphy/ptII/junitvmwatcher5343651384368234024.properties propsfile=/home/travis/build/icyphy/ptII/junit7841778332359142689.properties" />
    <property name="env.COMPOSER_NO_INTERACTION" value="1" />
    <property name="env.MANPATH" value="/home/travis/.nvm/versions/node/v7.10.1/share/man:/home/travis/.rvm/rubies/ruby-2.5.3/share/man:/usr/local/cmake-3.12.4/man:/usr/local/clang-7.0.0/share/man:/usr/local/man:/usr/local/share/man:/usr/share/man:/home/travis/.rvm/man" />
    <property name="env.TRAVIS_TIMER_ID" value="0adcb239" />
    <property name="ant.file" value="/home/travis/build/icyphy/ptII/build.xml" />
    <property name="env.TRAVIS_COMMIT_RANGE" value="5c15fac3b884...443a87601cf4" />
    <property name="env._system_name" value="Ubuntu" />
    <property name="ptII.classpath.optional.property" value="/home/travis/build/icyphy/ptII/lib/bsh-2.0b4.jar:/home/travis/build/icyphy/ptII/lib/ptCal.jar:/home/travis/build/icyphy/ptII/lib/java_cup.jar:/home/travis/build/icyphy/ptII/lib/saxon8.jar:/home/travis/build/icyphy/ptII/lib/saxon8-dom.jar:/home/travis/build/icyphy/ptII/lib/chic.jar:/home/travis/build/icyphy/ptII/lib/ptcolt.jar:/home/travis/build/icyphy/ptII/vendors/misc/itext/iText.jar:/home/travis/build/icyphy/ptII/lib/g4ltl.jar:/home/travis/build/icyphy/ptII/lib/StructuralCoder.jar:/home/travis/build/icyphy/ptII/vendors/jai-1_1_2_01/lib/jai_core.jar:/home/travis/build/icyphy/ptII/vendors/jai-1_1_2_01/lib/jai_codec.jar:/home/travis/build/icyphy/ptII/lib/jcerti.jar:/home/travis/build/icyphy/ptII/lib/javax.mail.jar:/usr/share/java/openjfx/jre/lib/ext/jfxrt.jar:/usr/lib/jvm/java-8-openjdk-amd64/jre/lib/ext/jfxrt.jar:/home/travis/build/icyphy/ptII/vendors/JMF-2.1.1e/lib/jmf.jar:/home/travis/build/icyphy/ptII/lib/jna-4.0.0-variadic.jar:/home/travis/build/icyphy/ptII/vendors/misc/joystick/Joystick.jar:/home/travis/build/icyphy/ptII/lib/ptjacl.jar:/home/travis/build/icyphy/ptII/lib/jsoup-1.8.2.jar:/home/travis/build/icyphy/ptII/lib/junit-4.8.2.jar:/home/travis/build/icyphy/ptII/lib/JUnitParams-0.4.0.jar:/home/travis/build/icyphy/ptII/ptolemy/actor/lib/excel/jxl.jar:/home/travis/build/icyphy/ptII/lib/jython.jar:/home/travis/build/icyphy/ptII/lib/kieler.jar:/home/travis/build/icyphy/ptII/lib/opencv-341.jar:/home/travis/build/icyphy/ptII/lib/oscP5.jar:/home/travis/build/icyphy/ptII/lib/nrjavaserial-3.11.0.devel.jar:/home/travis/build/icyphy/ptII/vendors/j3d/lib/j3dcore.jar:/home/travis/build/icyphy/ptII/vendors/j3d/lib/j3dutils.jar:/home/travis/build/icyphy/ptII/vendors/j3d/lib/vecmath.jar:/home/travis/build/icyphy/ptII/ptolemy/distributed/jini/jar/jini-core.jar:/home/travis/build/icyphy/ptII/ptolemy/distributed/jini/jar/jini-ext.jar:/home/travis/build/icyphy/ptII/ptolemy/distributed/jini/jar/sun-util.jar:/home/travis/build/icyphy/ptII/lib/protobuf-java-2.4.1.jar:/home/travis/build/icyphy/ptII/lib/org.eclipse.paho.client.mqttv3.jar:/home/travis/build/icyphy/ptII/lib/mapss.jar:/home/travis/build/icyphy/ptII/ptolemy/actor/ptalon/antlr/antlr.jar:/home/travis/build/icyphy/ptII/lib/JRI.jar:/home/travis/build/icyphy/ptII/lib/commons-lang-2.6.jar:/home/travis/build/icyphy/ptII/lib/commons-logging-1.1.1.jar:/home/travis/build/icyphy/ptII/lib/sootclasses.jar:/home/travis/build/icyphy/ptII/ptolemy/actor/lib/database/mysql-connector-java-5.1.6-bin.jar:/home/travis/build/icyphy/ptII/vendors/misc/sphinx4/sphinx4-data-5prealpha.jar:/home/travis/build/icyphy/ptII/vendors/misc/sphinx4/sphinx4-core-5prealpha.jar:/home/travis/build/icyphy/ptII/lib/PDFRenderer.jar:/home/travis/build/icyphy/ptII/lib/svgSalamander.jar:/home/travis/build/icyphy/ptII/lib/rsyntaxtextarea-2.6.0-SNAPSHOT.jar:/home/travis/build/icyphy/ptII/lib/hazelcast-3.8.2.jar:/home/travis/build/icyphy/ptII/lib/jackson-annotations-2.9.0.jar:/home/travis/build/icyphy/ptII/lib/jackson-core-2.9.3.jar:/home/travis/build/icyphy/ptII/lib/jackson-databind-2.9.3.jar:/home/travis/build/icyphy/ptII/lib/netty-buffer-4.1.19.Final.jar:/home/travis/build/icyphy/ptII/lib/netty-codec-4.1.19.Final.jar:/home/travis/build/icyphy/ptII/lib/netty-codec-dns-4.1.19.Final.jar:/home/travis/build/icyphy/ptII/lib/netty-codec-http-4.1.19.Final.jar:/home/travis/build/icyphy/ptII/lib/netty-codec-http2-4.1.19.Final.jar:/home/travis/build/icyphy/ptII/lib/netty-common-4.1.19.Final.jar:/home/travis/build/icyphy/ptII/lib/netty-handler-4.1.19.Final.jar:/home/travis/build/icyphy/ptII/lib/netty-resolver-4.1.19.Final.jar:/home/travis/build/icyphy/ptII/lib/netty-resolver-dns-4.1.19.Final.jar:/home/travis/build/icyphy/ptII/lib/netty-transport-4.1.19.Final.jar:/home/travis/build/icyphy/ptII/lib/vertx-codegen-3.5.1.jar:/home/travis/build/icyphy/ptII/lib/vertx-core-3.5.2-SNAPSHOT.jar:/home/travis/build/icyphy/ptII/lib/vertx-hazelcast-3.5.1.jar:/home/travis/build/icyphy/ptII/lib/vertx-lang-js-3.5.1.jar:/home/travis/build/icyphy/ptII/lib/vertx-service-proxy-3.5.1.jar:/home/travis/build/icyphy/ptII/lib/vertx-web-3.5.1.jar:/home/travis/build/icyphy/ptII/lib/slf4j-api-1.7.13.jar:/home/travis/build/icyphy/ptII/lib/slf4j-simple-1.7.13.jar:/home/travis/build/icyphy/ptII/lib/webcam-capture-0.3.12.jar:/home/travis/build/icyphy/ptII/lib/bridj-0.7.0.jar:/home/travis/build/icyphy/ptII/lib/xbjlib-1.1.0.nrjavaserial.jar" />
    <property name="timeout" value="2400000" />
    <property name="test.batch" value="**/junit/*.java" />
    <property name="env._" value="/usr/bin/timeout" />
    <property name="java.io.tmpdir" value="/tmp" />
    <property name="user.language" value="en" />
    <property name="env.TRAVIS_INTERNAL_RUBY_REGEX" value="^ruby-(2\.[0-4]\.[0-9]|1\.9\.3)" />
    <property name="env.HISTCONTROL" value="ignoredups:ignorespace" />
    <property name="env.GOROOT" value="/home/travis/.gimme/versions/go1.11.1.linux.amd64" />
    <property name="line.separator" value="&#xa;" />
    <property name="target" value="10" />
    <property name="env.TRAVIS_BUILD_DIR" value="/home/travis/build/icyphy/ptII" />
    <property name="env.ANT_OPTS" value="-Xmx2048m" />
    <property name="ant.file.type" value="file" />
    <property name="ptolemy.ptII.batchMode" value="true" />
    <property name="env.HISTSIZE" value="1000" />
    <property name="env.MERB_ENV" value="test" />
    <property name="java.vm.info" value="mixed mode" />
    <property name="source" value="10" />
    <property name="java.vm.specification.name" value="Java Virtual Machine Specification" />
    <property name="env.TRAVIS_TEST_RESULT" value="0" />
    <property name="jsdoc.command" value="node_modules/@terraswarm/jsdoc/jsdoc.js" />
    <property name="npm.works" value="true" />
    <property name="cobertura.dir" value="/home/travis/build/icyphy/ptII/vendors/cobertura-2.0.3" />
    <property name="jsdoc.command.exists" value="true" />
    <property name="env.rvm_path" value="/home/travis/.rvm" />
    <property name="env.GEM_PATH" value="/home/travis/.rvm/gems/ruby-2.5.3:/home/travis/.rvm/gems/ruby-2.5.3@global" />
    <property name="env.LC_CTYPE" value="en_US.UTF-8" />
    <property name="env.TRAVIS_CMD" value="$PTII/bin/ptIITravisBuild.sh $SECONDS" />
    <property name="java.awt.printerjob" value="sun.print.PSPrinterJob" />
    <property name="env.TRAVIS_STACK_NAME" value="sardonyx" />
    <property name="env.TRAVIS_TIMER_START_TIME" value="1562787618271570049" />
    <property name="ant.version" value="Apache Ant(TM) version 1.10.1 compiled on February 2 2017" />
    <property name="ptII.reports" value="/home/travis/build/icyphy/ptII/reports" />
    <property name="env.TRAVIS_STACK_TIMESTAMP" value="2019-03-25 16:16:56 UTC" />
    <property name="ant.file.type.ptII" value="file" />
    <property name="env.RBENV_SHELL" value="bash" />
    <property name="os.name" value="Linux" />
    <property name="java.specification.vendor" value="Oracle Corporation" />
    <property name="env.rvm_version" value="1.29.7 (latest)" />
    <property name="env.TRAVIS_INFRA" value="unknown" />
    <property name="env.TERM" value="xterm" />
    <property name="java.vm.name" value="OpenJDK 64-Bit Server VM" />
    <property name="env.TRAVIS_BUILD_NUMBER" value="1212" />
    <property name="env.CI" value="true" />
    <property name="java.library.path" value="/home/travis/pthla/certi-tools/lib:/usr/lib/jni:/usr/local/share/OpenCV/java/:/usr/share/OpenCV/java::/usr/java/packages/lib:/usr/lib64:/lib64:/lib:/usr/lib" />
    <property name="env.rvm_prefix" value="/home/travis" />
    <property name="env.PATH" value="/home/travis/pthla/certi-tools/share/scripts:/home/travis/.rvm/gems/ruby-2.5.3/bin:/home/travis/.rvm/gems/ruby-2.5.3@global/bin:/home/travis/.rvm/rubies/ruby-2.5.3/bin:/home/travis/.rvm/bin:/home/travis/.nvm/versions/node/v7.10.1/bin:./node_modules/.bin:/home/travis/build/icyphy/ptII/bin:/home/travis/pthla/certi-tools/bin:/usr/local/lib/jvm/openjdk10/bin:/home/travis/bin:/home/travis/.local/bin:/usr/local/lib/jvm/openjdk11/bin:/opt/pyenv/shims:/home/travis/.phpenv/shims:/home/travis/perl5/perlbrew/bin:/home/travis/gopath/bin:/home/travis/.gimme/versions/go1.11.1.linux.amd64/bin:/usr/local/maven-3.6.0/bin:/usr/local/cmake-3.12.4/bin:/usr/local/clang-7.0.0/bin:/usr/local/sbin:/usr/local/bin:/usr/sbin:/usr/bin:/sbin:/bin:/snap/bin:/home/travis/.phpenv/bin:/opt/pyenv/bin:/home/travis/.yarn/bin" />
    <property name="env.TRAVIS_OS_NAME" value="linux" />
    <property name="ant.java.version" value="9" />
    <property name="basedir" value="/home/travis/build/icyphy/ptII" />
    <property name="java.class.version" value="54.0" />
    <property name="env.SHLVL" value="3" />
    <property name="env.LD_LIBRARY_PATH" value="/home/travis/pthla/certi-tools/lib:/usr/lib/jni:/usr/local/share/OpenCV/java/:/usr/share/OpenCV/java:" />
    <property name="env.RACK_ENV" value="test" />
    <property name="ant.home" value="/home/travis/build/icyphy/ptII/ant" />
    <property name="env.NVM_DIR" value="/home/travis/.nvm" />
    <property name="env.CERTI_FOM_PATH" value="/home/travis/pthla/certi-tools/share/federations" />
    <property name="env.TRAVIS_BUILD_ID" value="556911238" />
    <property name="env.PYENV_ROOT" value="/opt/pyenv" />
    <property name="env.TRAVIS_UID" value="2000" />
    <property name="env.NVM_BIN" value="/home/travis/.nvm/versions/node/v7.10.1/bin" />
    <property name="env.TRAVIS_COMMIT" value="443a87601cf46813acb5747a7a3701846a478947" />
    <property name="env._system_arch" value="x86_64" />
    <property name="node.executable" value="node" />
    <property name="sun.boot.library.path" value="/usr/local/lib/jvm/openjdk10/lib" />
    <property name="sun.management.compiler" value="HotSpot 64-Bit Tiered Compilers" />
    <property name="java.awt.graphicsenv" value="sun.awt.X11GraphicsEnvironment" />
    <property name="env.GOPATH" value="/home/travis/gopath" />
    <property name="ptolemy.ptII.dir" value="/home/travis/build/icyphy/ptII" />
    <property name="env.USER" value="travis" />
    <property name="env.HISTFILESIZE" value="2000" />
    <property name="timeout.longest" value="19000000" />
    <property name="env.PERLBREW_SHELLRC_VERSION" value="0.86" />
    <property name="env.TRAVIS_STACK_FEATURES" value="basic couchdb disabled-ipv6 docker docker-compose elasticsearch firefox go-toolchain google-chrome jdk memcached mongodb mysql nodejs_interpreter perl_interpreter perlbrew phantomjs postgresql python_interpreter redis ruby_interpreter sqlite xserver" />
    <property name="env.TRAVIS_PULL_REQUEST" value="false" />
    <property name="env.PYENV_SHELL" value="bash" />
    <property name="ant.project.name" value="ptII" />
    <property name="env.ANSI_RESET" value="\033[0m" />
    <property name="java.vm.specification.version" value="10" />
    <property name="env.TRAVIS_DIST" value="xenial" />
    <property name="env.CERTI_VERSION" value="4.0.0" />
    <property name="env.CERTI_HOST" value="localhost" />
    <property name="awt.toolkit" value="sun.awt.X11.XToolkit" />
    <property name="env.MY_RUBY_HOME" value="/home/travis/.rvm/rubies/ruby-2.5.3" />
    <property name="sun.cpu.isalist" value="" />
    <property name="env.TRAVIS_TMPDIR" value="/tmp/tmp.KrqauSgLJM" />
    <property name="java.vm.compressedOopsMode" value="Zero based" />
    <property name="os.version" value="4.15.0-1028-gcp" />
    <property name="user.home" value="/home/travis" />
    <property name="java.vm.vendor" value="&quot;Oracle Corporation&quot;" />
    <property name="env.TRAVIS_TAG" value="nightly" />
    <property name="env.ANSI_YELLOW" value="\033[33;1m" />
    <property name="env.TRAVIS_FILTERED" value="redirect_io" />
    <property name="env.ANSI_GREEN" value="\033[32;1m" />
    <property name="env.JAVA_HOME" value="/usr/local/lib/jvm/openjdk11" />
    <property name="javadoc.excludepackagenames" value="adm.cvs2svn.*,build.*,config.*,doc.coding.templates.*,jni.test.jni.meaningOfLife.*,jni.test.jni.testDeux.*,jni.test.jni.testTrois.*,org.terraswarm.accessor.accessors.web.node_modules.*,org.terraswarm.accessor.accessors.web.hosts.cordova.demo.*,org.terraswarm.accessor.accessors.web.hosts.cordova.plugins.*,org.terraswarm.accessor.accessors-svn.*,pt-modules.*,ptolemy.apps.agilent.*,ptolemy.apps.anytimecontrol.*,ptolemy.apps.apes.*,ptolemy.apps.charon.*,ptolemy.apps.crazyboard.*,ptolemy.apps.eclipse.*,ptolemy.apps.etherealSting.*,ptolemy.apps.fullscreen.*,ptolemy.apps.giotto.*,ptolemy.apps.ia.*,ptolemy.apps.interfaces.*,ptolemy.apps.jmf.*,ptolemy.apps.kurt.*,ptolemy.apps.kvm.*,ptolemy.apps.lego.*,ptolemy.apps.lejos.*,ptolemy.apps.midp.*,ptolemy.apps.mobileCoding.*,ptolemy.apps.pendulum.*,ptolemy.apps.rijndael.*,ptolemy.apps.robot.*,ptolemy.apps.security.*,ptolemy.apps.sobel.*,ptolemy.apps.soot.*,ptolemy.apps.throttle.*,ptolemy.apps.tini.*,ptolemy.apps.transmission.*,ptolemy.apps.vergil.*,ptolemy.apps.waba.*,ptolemy.apps.websensor.*,ptolemy.apps.webstart.*,ptolemy.apps.xsl.*,ptolemy.apps.zaurus.*,ptolemy.codegen.c.actor.lib.oldJavaFiles.*,ptolemy.codegen.dsp.lib.*,ptolemy.codegen.kernel.newInterfaces.*,ptolemy.codegen.lib.*,ptolemy.copernicus.kernel.fragment.*,ptolemy.copernicus.shallow.cg.*,ptolemy.domains.giotto.demo.Hierarchy.Hierarchy.*,ptolemy.domains.giotto.demo.Multimode.Multimode.*,ptolemy.domains.giotto.demo.Simple.Simple.*,ptolemy.domains.gr.lib.experimental.*,ptolemy.domains.gro.*,ptolemy.domains.pdf.*,ptolemy.domains.ptinyos.demo.Surge.output.*,ptolemy.moml.test.NoPackageActor.java*,ptolemy.plot.adm.*,ptolemy.plot.servlet.*,reports.*,signed.*,src.*,target.*,vendors.*,ptolemy.copernicus.applet.*,ptolemy.media.viewer.*,ptolemy.actor.corba.*,doc.doclets.*,ptolemy.apps.eclipse.awt.*,ptolemy.backtrack.*,ptolemy.backtrack.ast.*,ptolemy.cg.adapter.generic.program.procedural.c.mbed*,ptolemy.homer.*,org.ptolemy.scala.*,diva.util.java2d.svg.*,ptolemy.domains.ptinyos.*,ptolemy.actor.lib.fmi.fmipp.*,,org.terraswarm.accessor.accessors.web.node_modules.*,org.terraswarm.accessor.accessors-svn,ptolemy.apps.*,ptolemy.actor.ptalon.demo.ptinyos.SendAndReceiveCnt.output,ptolemy.actor.ptalon.demo.ptinyos.SenseToLeds.output,ptolemy.domains.ptinyos.demo.CntToLedsAndRfm.output,ptolemy.domains.ptinyos.demo.RfmToLeds.output,ptolemy.domains.ptinyos.demo.SendAndReceiveCnt.output,ptolemy.domains.ptinyos.demo.SenseToLeds.output,ptolemy.actor.lib.jjs.modules.udpSocket.*" />
    <property name="env.PTII" value="/home/travis/build/icyphy/ptII" />
    <property name="env.XDG_SESSION_ID" value="2" />
    <property name="keystore" value="ptKeystore" />
    <property name="env.TRAVIS_COMMIT_MESSAGE" value="Temporarily incude the stack trace if we have an error while requiring.&#xa;This is needed because we have a ExceptionInInitializerError in Audio under Travis." />
    <property name="junit.output.dir" value="/home/travis/build/icyphy/ptII/reports/junit" />
    <property name="npm.return.code" value="0" />
    <property name="user.dir" value="/home/travis/build/icyphy/ptII/ptolemy/configs/test" />
    <property name="env.TRAVIS_NODE_VERSION" value="7" />
    <property name="env.TRAVIS_EVENT_TYPE" value="push" />
    <property name="env.MAIL" value="/var/mail/travis" />
    <property name="env.PERLBREW_ROOT" value="/home/travis/perl5/perlbrew" />
    <property name="env.PWD" value="/home/travis/build/icyphy/ptII" />
    <property name="timeout.npm" value="45000" />
    <property name="env.TRAVIS_ARCH" value="amd64" />
    <property name="sun.cpu.endian" value="little" />
    <property name="env.PAGER" value="cat" />
    <property name="env.TRAVIS_BUILD_STAGE_NAME" value="Test" />
    <property name="env.PERLBREW_HOME" value="/home/travis/.perlbrew" />
    <property name="java.vm.version" value="10.0.2+13" />
    <property name="env.RAILS_ENV" value="test" />
    <property name="java.class.path" value="/home/travis/build/icyphy/ptII:/home/travis/build/icyphy/ptII/lib/bsh-2.0b4.jar:/home/travis/build/icyphy/ptII/lib/ptCal.jar:/home/travis/build/icyphy/ptII/lib/java_cup.jar:/home/travis/build/icyphy/ptII/lib/saxon8.jar:/home/travis/build/icyphy/ptII/lib/saxon8-dom.jar:/home/travis/build/icyphy/ptII/lib/chic.jar:/home/travis/build/icyphy/ptII/lib/ptcolt.jar:/home/travis/build/icyphy/ptII/vendors/misc/itext/iText.jar:/home/travis/build/icyphy/ptII/lib/g4ltl.jar:/home/travis/build/icyphy/ptII/lib/StructuralCoder.jar:/home/travis/build/icyphy/ptII/vendors/jai-1_1_2_01/lib/jai_core.jar:/home/travis/build/icyphy/ptII/vendors/jai-1_1_2_01/lib/jai_codec.jar:/home/travis/build/icyphy/ptII/lib/jcerti.jar:/home/travis/build/icyphy/ptII/lib/javax.mail.jar:/usr/share/java/openjfx/jre/lib/ext/jfxrt.jar:/usr/lib/jvm/java-8-openjdk-amd64/jre/lib/ext/jfxrt.jar:/home/travis/build/icyphy/ptII/vendors/JMF-2.1.1e/lib/jmf.jar:/home/travis/build/icyphy/ptII/lib/jna-4.0.0-variadic.jar:/home/travis/build/icyphy/ptII/vendors/misc/joystick/Joystick.jar:/home/travis/build/icyphy/ptII/lib/ptjacl.jar:/home/travis/build/icyphy/ptII/lib/jsoup-1.8.2.jar:/home/travis/build/icyphy/ptII/lib/junit-4.8.2.jar:/home/travis/build/icyphy/ptII/lib/JUnitParams-0.4.0.jar:/home/travis/build/icyphy/ptII/ptolemy/actor/lib/excel/jxl.jar:/home/travis/build/icyphy/ptII/lib/jython.jar:/home/travis/build/icyphy/ptII/lib/kieler.jar:/home/travis/build/icyphy/ptII/lib/opencv-341.jar:/home/travis/build/icyphy/ptII/lib/oscP5.jar:/home/travis/build/icyphy/ptII/lib/nrjavaserial-3.11.0.devel.jar:/home/travis/build/icyphy/ptII/vendors/j3d/lib/j3dcore.jar:/home/travis/build/icyphy/ptII/vendors/j3d/lib/j3dutils.jar:/home/travis/build/icyphy/ptII/vendors/j3d/lib/vecmath.jar:/home/travis/build/icyphy/ptII/ptolemy/distributed/jini/jar/jini-core.jar:/home/travis/build/icyphy/ptII/ptolemy/distributed/jini/jar/jini-ext.jar:/home/travis/build/icyphy/ptII/ptolemy/distributed/jini/jar/sun-util.jar:/home/travis/build/icyphy/ptII/lib/protobuf-java-2.4.1.jar:/home/travis/build/icyphy/ptII/lib/org.eclipse.paho.client.mqttv3.jar:/home/travis/build/icyphy/ptII/lib/mapss.jar:/home/travis/build/icyphy/ptII/ptolemy/actor/ptalon/antlr/antlr.jar:/home/travis/build/icyphy/ptII/lib/JRI.jar:/home/travis/build/icyphy/ptII/lib/commons-lang-2.6.jar:/home/travis/build/icyphy/ptII/lib/commons-logging-1.1.1.jar:/home/travis/build/icyphy/ptII/lib/sootclasses.jar:/home/travis/build/icyphy/ptII/ptolemy/actor/lib/database/mysql-connector-java-5.1.6-bin.jar:/home/travis/build/icyphy/ptII/vendors/misc/sphinx4/sphinx4-data-5prealpha.jar:/home/travis/build/icyphy/ptII/vendors/misc/sphinx4/sphinx4-core-5prealpha.jar:/home/travis/build/icyphy/ptII/lib/PDFRenderer.jar:/home/travis/build/icyphy/ptII/lib/svgSalamander.jar:/home/travis/build/icyphy/ptII/lib/rsyntaxtextarea-2.6.0-SNAPSHOT.jar:/home/travis/build/icyphy/ptII/lib/hazelcast-3.8.2.jar:/home/travis/build/icyphy/ptII/lib/jackson-annotations-2.9.0.jar:/home/travis/build/icyphy/ptII/lib/jackson-core-2.9.3.jar:/home/travis/build/icyphy/ptII/lib/jackson-databind-2.9.3.jar:/home/travis/build/icyphy/ptII/lib/netty-buffer-4.1.19.Final.jar:/home/travis/build/icyphy/ptII/lib/netty-codec-4.1.19.Final.jar:/home/travis/build/icyphy/ptII/lib/netty-codec-dns-4.1.19.Final.jar:/home/travis/build/icyphy/ptII/lib/netty-codec-http-4.1.19.Final.jar:/home/travis/build/icyphy/ptII/lib/netty-codec-http2-4.1.19.Final.jar:/home/travis/build/icyphy/ptII/lib/netty-common-4.1.19.Final.jar:/home/travis/build/icyphy/ptII/lib/netty-handler-4.1.19.Final.jar:/home/travis/build/icyphy/ptII/lib/netty-resolver-4.1.19.Final.jar:/home/travis/build/icyphy/ptII/lib/netty-resolver-dns-4.1.19.Final.jar:/home/travis/build/icyphy/ptII/lib/netty-transport-4.1.19.Final.jar:/home/travis/build/icyphy/ptII/lib/vertx-codegen-3.5.1.jar:/home/travis/build/icyphy/ptII/lib/vertx-core-3.5.2-SNAPSHOT.jar:/home/travis/build/icyphy/ptII/lib/vertx-hazelcast-3.5.1.jar:/home/travis/build/icyphy/ptII/lib/vertx-lang-js-3.5.1.jar:/home/travis/build/icyphy/ptII/lib/vertx-service-proxy-3.5.1.jar:/home/travis/build/icyphy/ptII/lib/vertx-web-3.5.1.jar:/home/travis/build/icyphy/ptII/lib/slf4j-api-1.7.13.jar:/home/travis/build/icyphy/ptII/lib/slf4j-simple-1.7.13.jar:/home/travis/build/icyphy/ptII/lib/webcam-capture-0.3.12.jar:/home/travis/build/icyphy/ptII/lib/bridj-0.7.0.jar:/home/travis/build/icyphy/ptII/lib/xbjlib-1.1.0.nrjavaserial.jar:/home/travis/build/icyphy/ptII/ptolemy/moml/test:/home/travis/build/icyphy/ptII/ant/lib/ant-launcher.jar:/home/travis/build/icyphy/ptII/ant/lib/ant.jar:/home/travis/build/icyphy/ptII/ant/lib/ant-junit.jar:/home/travis/build/icyphy/ptII/ant/lib/ant-junit4.jar" />
    <property name="ant.library.dir" value="/home/travis/build/icyphy/ptII/ant/lib" />
    <property name="os.arch" value="amd64" />
    <property name="env.CONTINUOUS_INTEGRATION" value="true" />
    <property name="env.TRAVIS_LANGUAGE" value="node_js" />
    <property name="env.TRAVIS_STACK_LANGUAGES" value="__sardonyx__ c c++ clojure cplusplus cpp default generic go groovy java node_js php pure_java python ruby scala" />
    <property name="test.name" value="ptolemy.actor.lib.test.junit.JUnitTclTest" />
    <property name="env.APT_KEY_DONT_WARN_ON_DANGEROUS_USAGE" value="1" />
    <property name="sun.java.launcher" value="SUN_STANDARD" />
    <property name="env.PYTHON_CONFIGURE_OPTS" value="--enable-unicode=ucs4 --with-wide-unicode --enable-shared --enable-ipv6 --enable-loadable-sqlite-extensions --with-computed-gotos" />
    <property name="ant.core.lib" value="/home/travis/build/icyphy/ptII/ant/lib/ant.jar" />
    <property name="java.vm.specification.vendor" value="Oracle Corporation" />
    <property name="env.BCVTB_HOME" value="/home/travis/build/icyphy/ptII/lbnl" />
    <property name="file.separator" value="/" />
    <property name="spotbugs.home" value="/home/travis/build/icyphy/ptII/vendors/spotbugs-3.1.1" />
    <property name="java.runtime.version" value="10.0.2+13" />
    <property name="env.ANSI_CLEAR" value="\033[0K" />
    <property name="env.HAS_JOSH_K_SEAL_OF_APPROVAL" value="true" />
    <property name="env.XDG_RUNTIME_DIR" value="/run/user/2000" />
    <property name="env.TRAVIS_OSX_IMAGE" value="" />
    <property name="env.TRAVIS_JOB_ID" value="556911256" />
    <property name="env.TRAVIS_BRANCH" value="master" />
    <property name="user.country" value="US" />
    <property name="env.CERTI_HOME_TRAVIS" value="/home/travis/pthla/certi-tools" />
    <property name="env.SHELL" value="/bin/bash" />
    <property name="java.maxmemory.large" value="5000m" />
    <property name="model" value="" />
    <property name="env.PT_TRAVIS_TEST_CORE5_XML" value="true" />
    <property name="env.CASHER_DIR" value="/home/travis/.casher" />
    <property name="env.NVM_CD_FLAGS" value="" />
    <property name="java.vendor.version" value="18.3" />
    <property name="jshint.executable" value="/home/travis/node_modules/jshint/bin/jshint" />
    <property name="env.JRUBY_OPTS" value=" --client -J-XX:+TieredCompilation -J-XX:TieredStopAtLevel=1 -J-Xss2m -Xcompile.invokedynamic=false" />
    <property name="java.vendor" value="Oracle Corporation" />
    <property name="env.TRAVIS_PRE_CHEF_BOOTSTRAP_TIME" value="2019-03-25T16:16:42" />
    <property name="env.TRAVIS_STACK_JOB_BOARD_REGISTER" value="/.job-board-register.yml" />
    <property name="env.ANSI_RED" value="\033[31;1m" />
    <property name="java.specification.version" value="10" />
    <property name="env.IRBRC" value="/home/travis/.rvm/rubies/ruby-2.5.3/.irbrc" />
    <property name="env.TRAVIS" value="true" />
    <property name="sun.arch.data.model" value="64" />
  </properties>
  <testcase classname="ptolemy.util.test.junit.TclTests" name="[0] /home/travis/build/icyphy/ptII/ptolemy/configs/test/allConfigs.tcl (RunTclFile)" time="1121.733">
    <failure message="Number of failed tests is has increased. expected:&lt;0&gt; but was:&lt;2&gt;" type="junit.framework.AssertionFailedError">junit.framework.AssertionFailedError: Number of failed tests is has increased. expected:&lt;0&gt; but was:&lt;2&gt;
	at ptolemy.util.test.junit.TclTests.RunTclFile(TclTests.java:286)
	at java.base/jdk.internal.reflect.NativeMethodAccessorImpl.invoke0(Native Method)
	at java.base/jdk.internal.reflect.NativeMethodAccessorImpl.invoke(NativeMethodAccessorImpl.java:62)
	at java.base/jdk.internal.reflect.DelegatingMethodAccessorImpl.invoke(DelegatingMethodAccessorImpl.java:43)
	at junitparams.internal.InvokeParameterisedMethod.evaluate(InvokeParameterisedMethod.java:102)
	at junitparams.internal.ParameterisedTestMethodRunner.runMethodInvoker(ParameterisedTestMethodRunner.java:47)
	at junitparams.internal.ParameterisedTestMethodRunner.runTestMethod(ParameterisedTestMethodRunner.java:41)
	at junitparams.internal.ParameterisedTestClassRunner.runParameterisedTest(ParameterisedTestClassRunner.java:143)
	at junitparams.JUnitParamsRunner.runChild(JUnitParamsRunner.java:237)
	at junitparams.JUnitParamsRunner.runChild(JUnitParamsRunner.java:215)
</failure>
  </testcase>
  <testcase classname="ptolemy.util.test.junit.TclTests" name="[1] /home/travis/build/icyphy/ptII/ptolemy/configs/test/allDemos.tcl (RunTclFile)" time="0.002" />
  <testcase classname="ptolemy.util.test.junit.TclTests" name="[2] /home/travis/build/icyphy/ptII/ptolemy/configs/test/checkFullConstraints.tcl (RunTclFile)" time="723.968">
    <error message="Evaluating the Tcl file &quot;/home/travis/build/icyphy/ptII/ptolemy/configs/test/checkFullConstraints.tcl&quot;resulted in a TclException being thrown.&#xa;The Tcl errorInfo variable could not be obtained.&#xa;java.lang.Exception: Evaluating the Tcl file &quot;/home/travis/build/icyphy/ptII/ptolemy/configs/test/checkFullConstraints.tcl&quot;resulted in a TclException being thrown.&#xa;The Tcl errorInfo global variable has the value:&#xa;ptolemy.kernel.util.InvalidStateException: Failed to populate Library&#xa;  in .configuration.actor library.MoreLibraries.Accessors.audio&#xa;Because:&#xa;Loading accessor failed: AudioCapture.js&#xa;  in .configuration.actor library.MoreLibraries.Accessors.audio&#xa;Because:&#xa;Error evaluating expression:&#xa;// Copyright (c) 2015-2017 The Regents of the University of California.&#xa;...&#xa;  in .configuration.actor library.MoreLibraries.Accessors.audio.AudioCapture.script&#xa;Because:&#xa;Failed to evaluate script.&#xa;  in .configuration.actor library.MoreLibraries.Accessors.audio.AudioCapture&#xa;Because:&#xa;ReferenceError: &quot;exception&quot; is not defined in /home/travis/build/icyphy/ptII/ptolemy/actor/lib/jjs/external/require.js at line number 439&#xa;  in .configuration.actor library.MoreLibraries.Accessors.audio.AudioCapture.script&#xa;Because:&#xa;Error evaluating expression:&#xa;// Copyright (c) 2015-2017 The Regents of the University of California.&#xa;...&#xa;  in .configuration.actor library.MoreLibraries.Accessors.audio.AudioCapture.script&#xa;Because:&#xa;Failed to evaluate script.&#xa;  in .configuration.actor library.MoreLibraries.Accessors.audio.AudioCapture&#xa;Because:&#xa;ReferenceError: &quot;exception&quot; is not defined in /home/travis/build/icyphy/ptII/ptolemy/actor/lib/jjs/external/require.js at line number 439&#xa;    while executing&#xa;&quot;$configuration allAtomicEntityList&quot;&#xa;    invoked from within&#xa;&quot;set entityList [$configuration allAtomicEntityList]&quot;&#xa;    (procedure &quot;checkConstraints&quot; line 33)&#xa;    invoked from within&#xa;&quot;checkConstraints full/configuration.xml&quot;&#xa;    (file &quot;/home/travis/build/icyphy/ptII/ptolemy/configs/test/checkFullConstraints.tcl&quot; line 53)" type="java.lang.Exception">java.lang.Exception: Evaluating the Tcl file &quot;/home/travis/build/icyphy/ptII/ptolemy/configs/test/checkFullConstraints.tcl&quot;resulted in a TclException being thrown.
The Tcl errorInfo variable could not be obtained.
java.lang.Exception: Evaluating the Tcl file &quot;/home/travis/build/icyphy/ptII/ptolemy/configs/test/checkFullConstraints.tcl&quot;resulted in a TclException being thrown.
The Tcl errorInfo global variable has the value:
ptolemy.kernel.util.InvalidStateException: Failed to populate Library
  in .configuration.actor library.MoreLibraries.Accessors.audio
Because:
Loading accessor failed: AudioCapture.js
  in .configuration.actor library.MoreLibraries.Accessors.audio
Because:
Error evaluating expression:
// Copyright (c) 2015-2017 The Regents of the University of California.
...
  in .configuration.actor library.MoreLibraries.Accessors.audio.AudioCapture.script
Because:
Failed to evaluate script.
  in .configuration.actor library.MoreLibraries.Accessors.audio.AudioCapture
Because:
ReferenceError: &quot;exception&quot; is not defined in /home/travis/build/icyphy/ptII/ptolemy/actor/lib/jjs/external/require.js at line number 439
  in .configuration.actor library.MoreLibraries.Accessors.audio.AudioCapture.script
Because:
Error evaluating expression:
// Copyright (c) 2015-2017 The Regents of the University of California.
...
  in .configuration.actor library.MoreLibraries.Accessors.audio.AudioCapture.script
Because:
Failed to evaluate script.
  in .configuration.actor library.MoreLibraries.Accessors.audio.AudioCapture
Because:
ReferenceError: &quot;exception&quot; is not defined in /home/travis/build/icyphy/ptII/ptolemy/actor/lib/jjs/external/require.js at line number 439
    while executing
&quot;$configuration allAtomicEntityList&quot;
    invoked from within
&quot;set entityList [$configuration allAtomicEntityList]&quot;
    (procedure &quot;checkConstraints&quot; line 33)
    invoked from within
&quot;checkConstraints full/configuration.xml&quot;
    (file &quot;/home/travis/build/icyphy/ptII/ptolemy/configs/test/checkFullConstraints.tcl&quot; line 53)
	at ptolemy.util.test.junit.TclTests.RunTclFile(TclTests.java:260)
	at java.base/jdk.internal.reflect.NativeMethodAccessorImpl.invoke0(Native Method)
	at java.base/jdk.internal.reflect.NativeMethodAccessorImpl.invoke(NativeMethodAccessorImpl.java:62)
	at java.base/jdk.internal.reflect.DelegatingMethodAccessorImpl.invoke(DelegatingMethodAccessorImpl.java:43)
	at junitparams.internal.InvokeParameterisedMethod.evaluate(InvokeParameterisedMethod.java:102)
	at junitparams.internal.ParameterisedTestMethodRunner.runMethodInvoker(ParameterisedTestMethodRunner.java:47)
	at junitparams.internal.ParameterisedTestMethodRunner.runTestMethod(ParameterisedTestMethodRunner.java:41)
	at junitparams.internal.ParameterisedTestClassRunner.runParameterisedTest(ParameterisedTestClassRunner.java:143)
	at junitparams.JUnitParamsRunner.runChild(JUnitParamsRunner.java:237)
	at junitparams.JUnitParamsRunner.runChild(JUnitParamsRunner.java:215)
Caused by: java.lang.reflect.InvocationTargetException
	at java.base/jdk.internal.reflect.NativeMethodAccessorImpl.invoke0(Native Method)
	at java.base/jdk.internal.reflect.NativeMethodAccessorImpl.invoke(NativeMethodAccessorImpl.java:62)
	at java.base/jdk.internal.reflect.DelegatingMethodAccessorImpl.invoke(DelegatingMethodAccessorImpl.java:43)
	at ptolemy.util.test.junit.TclTests.RunTclFile(TclTests.java:233)
Caused by: tcl.lang.ReflectException
	at tcl.lang.JavaInvoke.call(JavaInvoke.java:257)
	at tcl.lang.JavaInvoke.callMethod(JavaInvoke.java:116)
	at tcl.lang.ReflectObject.cmdProc(ReflectObject.java:727)
	at tcl.lang.Parser.evalObjv(Parser.java:740)
	at tcl.lang.Parser.eval2(Parser.java:1138)
	at tcl.lang.Parser.evalTokens(Parser.java:930)
	at tcl.lang.Parser.eval2(Parser.java:1125)
	at tcl.lang.Procedure.cmdProc(Procedure.java:175)
	at tcl.lang.Parser.evalObjv(Parser.java:740)
	at tcl.lang.Parser.eval2(Parser.java:1138)
	at tcl.lang.Interp.eval(Interp.java:1782)
	at tcl.lang.Interp.evalFile(Interp.java:1880)
</error>
  </testcase>
  <testcase classname="ptolemy.util.test.junit.TclTests" name="[3] /home/travis/build/icyphy/ptII/ptolemy/configs/test/cloneTest.tcl (RunTclFile)" time="0.05">
    <failure message="Number of failed tests is has increased. expected:&lt;2&gt; but was:&lt;3&gt;" type="junit.framework.AssertionFailedError">junit.framework.AssertionFailedError: Number of failed tests is has increased. expected:&lt;2&gt; but was:&lt;3&gt;
	at ptolemy.util.test.junit.TclTests.RunTclFile(TclTests.java:286)
	at java.base/jdk.internal.reflect.NativeMethodAccessorImpl.invoke0(Native Method)
	at java.base/jdk.internal.reflect.NativeMethodAccessorImpl.invoke(NativeMethodAccessorImpl.java:62)
	at java.base/jdk.internal.reflect.DelegatingMethodAccessorImpl.invoke(DelegatingMethodAccessorImpl.java:43)
	at junitparams.internal.InvokeParameterisedMethod.evaluate(InvokeParameterisedMethod.java:102)
	at junitparams.internal.ParameterisedTestMethodRunner.runMethodInvoker(ParameterisedTestMethodRunner.java:47)
	at junitparams.internal.ParameterisedTestMethodRunner.runTestMethod(ParameterisedTestMethodRunner.java:41)
	at junitparams.internal.ParameterisedTestClassRunner.runParameterisedTest(ParameterisedTestClassRunner.java:143)
	at junitparams.JUnitParamsRunner.runChild(JUnitParamsRunner.java:237)
	at junitparams.JUnitParamsRunner.runChild(JUnitParamsRunner.java:215)
</failure>
  </testcase>
  <testcase classname="ptolemy.util.test.junit.TclTests" name="[4] /home/travis/build/icyphy/ptII/ptolemy/configs/test/configurationTools.tcl (RunTclFile)" time="0.0" />
  <testcase classname="ptolemy.util.test.junit.TclTests" name="[5] /home/travis/build/icyphy/ptII/ptolemy/configs/test/missingDemos.tcl (RunTclFile)" time="130.708">
    <failure message="Number of failed tests is has increased. expected:&lt;3&gt; but was:&lt;6&gt;" type="junit.framework.AssertionFailedError">junit.framework.AssertionFailedError: Number of failed tests is has increased. expected:&lt;3&gt; but was:&lt;6&gt;
	at ptolemy.util.test.junit.TclTests.RunTclFile(TclTests.java:286)
	at java.base/jdk.internal.reflect.NativeMethodAccessorImpl.invoke0(Native Method)
	at java.base/jdk.internal.reflect.NativeMethodAccessorImpl.invoke(NativeMethodAccessorImpl.java:62)
	at java.base/jdk.internal.reflect.DelegatingMethodAccessorImpl.invoke(DelegatingMethodAccessorImpl.java:43)
	at junitparams.internal.InvokeParameterisedMethod.evaluate(InvokeParameterisedMethod.java:102)
	at junitparams.internal.ParameterisedTestMethodRunner.runMethodInvoker(ParameterisedTestMethodRunner.java:47)
	at junitparams.internal.ParameterisedTestMethodRunner.runTestMethod(ParameterisedTestMethodRunner.java:41)
	at junitparams.internal.ParameterisedTestClassRunner.runParameterisedTest(ParameterisedTestClassRunner.java:143)
	at junitparams.JUnitParamsRunner.runChild(JUnitParamsRunner.java:237)
	at junitparams.JUnitParamsRunner.runChild(JUnitParamsRunner.java:215)
</failure>
  </testcase>
  <testcase classname="ptolemy.util.test.junit.TclTests" name="[6] /home/travis/build/icyphy/ptII/ptolemy/configs/test/validDemos.tcl (RunTclFile)" time="27.499" />
  <testcase classname="ptolemy.util.test.junit.AutoKnownFailedTests" name="[0] ThereAreNoKnowFailedTests (RunModel)" time="0.011" />
  <testcase classname="ptolemy.util.test.junit.AutoNameArchTests" name="[0] ThereAreNoAutoArchTests (RunModel)" time="0.01" />
  <testcase classname="ptolemy.util.test.junit.AutoTests" name="[0] ThereAreNoAutoTests (RunModel)" time="0.008" />
  <system-out><![CDATA[/home/travis/build/icyphy/ptII/ptolemy/configs/test/allConfigs.tcl
testDefs.tcl: setting time out to 9000 seconds at Wed Jul 10 19:42:28 UTC 2019
1562787748825 ms. Memory: 120832K Free: 100239K (83%)
Skipping jxta/configuration.xml, running vergil -jxta brings up a window
 Force everything to get expanded ptolemy/configs/full/configuration.xml
    (Skipping certain optional packages, jxta and viptos)
JSAccessor: PT_NO_NET environment variable is set, so git pull and ptdoc are not being run.
Retrieving library from file:/home/travis/build/icyphy/ptII/org/terraswarm/accessor/accessors/web/index.json
Retrieving library from file:/home/travis/build/icyphy/ptII/org/terraswarm/accessor/accessors/web/adapters/index.json
Retrieving library from file:/home/travis/build/icyphy/ptII/org/terraswarm/accessor/accessors/web/audio/index.json
Retrieving library from file:/home/travis/build/icyphy/ptII/org/terraswarm/accessor/accessors/web/cameras/index.json
No physical cameras found, using WebcamDummyDriver.
Retrieving library from file:/home/travis/build/icyphy/ptII/org/terraswarm/accessor/accessors/web/dashboard/index.json
Retrieving library from file:/home/travis/build/icyphy/ptII/org/terraswarm/accessor/accessors/web/devices/index.json
Retrieving library from file:/home/travis/build/icyphy/ptII/org/terraswarm/accessor/accessors/web/image/index.json
CharacterRecognition: The tesseract module was not present.  The CharacterRecognition accessor is not supported on this accessor host. (Thread[main,5,main])
CharacterRecognition: The tesseract module was not present.  The CharacterRecognition accessor is not supported on this accessor host. (Thread[main,5,main])
Retrieving library from file:/home/travis/build/icyphy/ptII/org/terraswarm/accessor/accessors/web/net/index.json
Retrieving library from file:/home/travis/build/icyphy/ptII/org/terraswarm/accessor/accessors/web/robotics/index.json
Retrieving library from file:/home/travis/build/icyphy/ptII/org/terraswarm/accessor/accessors/web/geodesy/index.json
Retrieving library from file:/home/travis/build/icyphy/ptII/org/terraswarm/accessor/accessors/web/services/index.json
Retrieving library from file:/home/travis/build/icyphy/ptII/org/terraswarm/accessor/accessors/web/signals/index.json
Retrieving library from file:/home/travis/build/icyphy/ptII/org/terraswarm/accessor/accessors/web/test/index.json
Retrieving library from file:/home/travis/build/icyphy/ptII/org/terraswarm/accessor/accessors/web/utilities/index.json
The Mutable accessor original file has no documentation, so we are not running jsdoc on https://accessors.org/utilities/Mutable.js
Loading accessor failed: AudioCapture.js


==== $PTII/ptolemy/configs/test/allConfigs.tcl: full/configuration.xml-1.1 Test to see if full/configuration.xml contains any bad XML
==== Contents of test case:

        # force everything to get expanded
        expr [string length [$configuration description]] > 0
    
==== Test generated error:
    while executing
ptolemy.kernel.util.InvalidStateException: Failed to populate Library
  in .configuration.actor library.MoreLibraries.Accessors.audio
Because:
Loading accessor failed: AudioCapture.js
  in .configuration.actor library.MoreLibraries.Accessors.audio
Because:
Error evaluating expression:
// Copyright (c) 2015-2017 The Regents of the University of California.
...
  in .configuration.actor library.MoreLibraries.Accessors.audio.AudioCapture.script
Because:
Failed to evaluate script.
  in .configuration.actor library.MoreLibraries.Accessors.audio.AudioCapture
Because:
ReferenceError: "exception" is not defined in /home/travis/build/icyphy/ptII/ptolemy/actor/lib/jjs/external/require.js at line number 439
  in .configuration.actor library.MoreLibraries.Accessors.audio.AudioCapture.script
Because:
Error evaluating expression:
// Copyright (c) 2015-2017 The Regents of the University of California.
...
  in .configuration.actor library.MoreLibraries.Accessors.audio.AudioCapture.script
Because:
Failed to evaluate script.
  in .configuration.actor library.MoreLibraries.Accessors.audio.AudioCapture
Because:
ReferenceError: "exception" is not defined in /home/travis/build/icyphy/ptII/ptolemy/actor/lib/jjs/external/require.js at line number 439
	at org.terraswarm.accessor.AccessorLibrary.populate(AccessorLibrary.java:307)
	at ptolemy.moml.EntityLibrary.classDefinitionList(EntityLibrary.java:307)
	at ptolemy.kernel.CompositeEntity._description(CompositeEntity.java:2292)
	at ptolemy.kernel.CompositeEntity._description(CompositeEntity.java:2307)
	at ptolemy.kernel.CompositeEntity._description(CompositeEntity.java:2307)
	at ptolemy.kernel.CompositeEntity._description(CompositeEntity.java:2307)
	at ptolemy.kernel.CompositeEntity._description(CompositeEntity.java:2307)
	at ptolemy.kernel.util.NamedObj.description(NamedObj.java:731)
	at ptolemy.kernel.util.NamedObj.description(NamedObj.java:715)
	at java.base/jdk.internal.reflect.NativeMethodAccessorImpl.invoke0(Native Method)
	at java.base/jdk.internal.reflect.NativeMethodAccessorImpl.invoke(NativeMethodAccessorImpl.java:62)
	at java.base/jdk.internal.reflect.DelegatingMethodAccessorImpl.invoke(DelegatingMethodAccessorImpl.java:43)
	at java.base/java.lang.reflect.Method.invoke(Method.java:564)
	at tcl.lang.reflect.PkgInvoker.invokeMethod(PkgInvoker.java:129)
	at tcl.lang.JavaInvoke.call(JavaInvoke.java:253)
	at tcl.lang.JavaInvoke.callMethod(JavaInvoke.java:116)
	at tcl.lang.ReflectObject.cmdProc(ReflectObject.java:727)
	at tcl.lang.Parser.evalObjv(Parser.java:740)
	at tcl.lang.Parser.eval2(Parser.java:1138)
	at tcl.lang.Parser.evalTokens(Parser.java:930)
	at tcl.lang.Parser.eval2(Parser.java:1125)
	at tcl.lang.Parser.evalTokens(Parser.java:930)
	at tcl.lang.Parser.eval2(Parser.java:1125)
	at tcl.lang.Interp.eval(Interp.java:1782)
	at tcl.lang.Interp.eval(Interp.java:1841)
	at tcl.lang.UplevelCmd.cmdProc(UplevelCmd.java:93)
	at tcl.lang.AutoloadStub.cmdProc(Extension.java:144)
	at tcl.lang.Parser.evalObjv(Parser.java:740)
	at tcl.lang.Parser.eval2(Parser.java:1138)
	at tcl.lang.Interp.eval(Interp.java:1782)
	at tcl.lang.Interp.eval(Interp.java:1841)
	at tcl.lang.CatchCmd.cmdProc(CatchCmd.java:42)
	at tcl.lang.Parser.evalObjv(Parser.java:740)
	at tcl.lang.Parser.eval2(Parser.java:1138)
	at tcl.lang.Parser.evalTokens(Parser.java:930)
	at tcl.lang.Parser.eval2(Parser.java:1125)
	at tcl.lang.Procedure.cmdProc(Procedure.java:175)
	at tcl.lang.Parser.evalObjv(Parser.java:740)
	at tcl.lang.Parser.eval2(Parser.java:1138)
	at tcl.lang.Interp.eval(Interp.java:1782)
	at tcl.lang.Interp.eval(Interp.java:1841)
	at tcl.lang.ForeachCmd.cmdProc(ForeachCmd.java:116)
	at tcl.lang.AutoloadStub.cmdProc(Extension.java:144)
	at tcl.lang.Parser.evalObjv(Parser.java:740)
	at tcl.lang.Parser.eval2(Parser.java:1138)
	at tcl.lang.Interp.eval(Interp.java:1782)
	at tcl.lang.Interp.evalFile(Interp.java:1880)
	at java.base/jdk.internal.reflect.NativeMethodAccessorImpl.invoke0(Native Method)
	at java.base/jdk.internal.reflect.NativeMethodAccessorImpl.invoke(NativeMethodAccessorImpl.java:62)
	at java.base/jdk.internal.reflect.DelegatingMethodAccessorImpl.invoke(DelegatingMethodAccessorImpl.java:43)
	at java.base/java.lang.reflect.Method.invoke(Method.java:564)
	at ptolemy.util.test.junit.TclTests.RunTclFile(TclTests.java:233)
	at java.base/jdk.internal.reflect.NativeMethodAccessorImpl.invoke0(Native Method)
	at java.base/jdk.internal.reflect.NativeMethodAccessorImpl.invoke(NativeMethodAccessorImpl.java:62)
	at java.base/jdk.internal.reflect.DelegatingMethodAccessorImpl.invoke(DelegatingMethodAccessorImpl.java:43)
	at java.base/java.lang.reflect.Method.invoke(Method.java:564)
	at org.junit.runners.model.FrameworkMethod$1.runReflectiveCall(FrameworkMethod.java:44)
	at org.junit.internal.runners.model.ReflectiveCallable.run(ReflectiveCallable.java:15)
	at org.junit.runners.model.FrameworkMethod.invokeExplosively(FrameworkMethod.java:41)
	at junitparams.internal.InvokeParameterisedMethod.evaluate(InvokeParameterisedMethod.java:102)
	at junitparams.internal.ParameterisedTestMethodRunner.runMethodInvoker(ParameterisedTestMethodRunner.java:47)
	at junitparams.internal.ParameterisedTestMethodRunner.runTestMethod(ParameterisedTestMethodRunner.java:41)
	at junitparams.internal.ParameterisedTestClassRunner.runParameterisedTest(ParameterisedTestClassRunner.java:143)
	at junitparams.JUnitParamsRunner.runChild(JUnitParamsRunner.java:237)
	at junitparams.JUnitParamsRunner.runChild(JUnitParamsRunner.java:215)
	at org.junit.runners.ParentRunner$3.run(ParentRunner.java:193)
	at org.junit.runners.ParentRunner$1.schedule(ParentRunner.java:52)
	at org.junit.runners.ParentRunner.runChildren(ParentRunner.java:191)
	at org.junit.runners.ParentRunner.access$000(ParentRunner.java:42)
	at org.junit.runners.ParentRunner$2.evaluate(ParentRunner.java:184)
	at org.junit.internal.runners.statements.RunAfters.evaluate(RunAfters.java:31)
	at org.junit.runners.ParentRunner.run(ParentRunner.java:236)
	at org.junit.runners.Suite.runChild(Suite.java:128)
	at org.junit.runners.Suite.runChild(Suite.java:24)
	at org.junit.runners.ParentRunner$3.run(ParentRunner.java:193)
	at org.junit.runners.ParentRunner$1.schedule(ParentRunner.java:52)
	at org.junit.runners.ParentRunner.runChildren(ParentRunner.java:191)
	at org.junit.runners.ParentRunner.access$000(ParentRunner.java:42)
	at org.junit.runners.ParentRunner$2.evaluate(ParentRunner.java:184)
	at org.junit.runners.ParentRunner.run(ParentRunner.java:236)
	at junit.framework.JUnit4TestAdapter.run(JUnit4TestAdapter.java:39)
	at org.apache.tools.ant.taskdefs.optional.junit.JUnitTestRunner.run(JUnitTestRunner.java:535)
	at org.apache.tools.ant.taskdefs.optional.junit.JUnitTestRunner.launch(JUnitTestRunner.java:1182)
	at org.apache.tools.ant.taskdefs.optional.junit.JUnitTestRunner.main(JUnitTestRunner.java:1033)
Caused by: ptolemy.kernel.util.InternalErrorException: Loading accessor failed: AudioCapture.js
  in .configuration.actor library.MoreLibraries.Accessors.audio
Because:
Error evaluating expression:
// Copyright (c) 2015-2017 The Regents of the University of California.
...
  in .configuration.actor library.MoreLibraries.Accessors.audio.AudioCapture.script
Because:
Failed to evaluate script.
  in .configuration.actor library.MoreLibraries.Accessors.audio.AudioCapture
Because:
ReferenceError: "exception" is not defined in /home/travis/build/icyphy/ptII/ptolemy/actor/lib/jjs/external/require.js at line number 439
  in .configuration.actor library.MoreLibraries.Accessors.audio.AudioCapture.script
Because:
Error evaluating expression:
// Copyright (c) 2015-2017 The Regents of the University of California.
...
  in .configuration.actor library.MoreLibraries.Accessors.audio.AudioCapture.script
Because:
Failed to evaluate script.
  in .configuration.actor library.MoreLibraries.Accessors.audio.AudioCapture
Because:
ReferenceError: "exception" is not defined in /home/travis/build/icyphy/ptII/ptolemy/actor/lib/jjs/external/require.js at line number 439
	at org.terraswarm.accessor.AccessorLibrary.populate(AccessorLibrary.java:224)
	... 83 more
Caused by: ptolemy.kernel.util.IllegalActionException: Error evaluating expression:
// Copyright (c) 2015-2017 The Regents of the University of California.
...
  in .configuration.actor library.MoreLibraries.Accessors.audio.AudioCapture.script
Because:
Failed to evaluate script.
  in .configuration.actor library.MoreLibraries.Accessors.audio.AudioCapture
Because:
ReferenceError: "exception" is not defined in /home/travis/build/icyphy/ptII/ptolemy/actor/lib/jjs/external/require.js at line number 439
  in .configuration.actor library.MoreLibraries.Accessors.audio.AudioCapture.script
Because:
Error evaluating expression:
// Copyright (c) 2015-2017 The Regents of the University of California.
...
  in .configuration.actor library.MoreLibraries.Accessors.audio.AudioCapture.script
Because:
Failed to evaluate script.
  in .configuration.actor library.MoreLibraries.Accessors.audio.AudioCapture
Because:
ReferenceError: "exception" is not defined in /home/travis/build/icyphy/ptII/ptolemy/actor/lib/jjs/external/require.js at line number 439
	at ptolemy.data.expr.Variable.validate(Variable.java:1619)
	at ptolemy.moml.MoMLParser.endDocument(MoMLParser.java:867)
	at com.microstar.xml.XmlParser.doParse(XmlParser.java:162)
	at com.microstar.xml.XmlParser.parse(XmlParser.java:132)
	at ptolemy.moml.MoMLParser.parse(MoMLParser.java:1676)
	at ptolemy.moml.MoMLParser.parse(MoMLParser.java:1617)
	at ptolemy.moml.MoMLParser.parse(MoMLParser.java:1792)
	at org.terraswarm.accessor.AccessorLibrary.populate(AccessorLibrary.java:194)
	... 83 more
Caused by: ptolemy.kernel.util.IllegalActionException: Error evaluating expression:
// Copyright (c) 2015-2017 The Regents of the University of California.
...
  in .configuration.actor library.MoreLibraries.Accessors.audio.AudioCapture.script
Because:
Failed to evaluate script.
  in .configuration.actor library.MoreLibraries.Accessors.audio.AudioCapture
Because:
ReferenceError: "exception" is not defined in /home/travis/build/icyphy/ptII/ptolemy/actor/lib/jjs/external/require.js at line number 439
	at ptolemy.data.expr.Variable._evaluate(Variable.java:1891)
	at ptolemy.data.expr.Variable._propagate(Variable.java:1984)
	at ptolemy.data.expr.Variable.validate(Variable.java:1596)
	... 90 more
Caused by: ptolemy.kernel.util.IllegalActionException: Failed to evaluate script.
  in .configuration.actor library.MoreLibraries.Accessors.audio.AudioCapture
Because:
ReferenceError: "exception" is not defined in /home/travis/build/icyphy/ptII/ptolemy/actor/lib/jjs/external/require.js at line number 439
	at ptolemy.actor.lib.jjs.JavaScript._createEngineAndEvaluateSetup(JavaScript.java:2497)
	at ptolemy.actor.lib.jjs.JavaScript.attributeChanged(JavaScript.java:548)
	at org.terraswarm.accessor.JSAccessor.attributeChanged(JSAccessor.java:312)
	at ptolemy.data.expr.Variable._setTokenAndNotify(Variable.java:2271)
	at ptolemy.data.expr.Variable._evaluate(Variable.java:1873)
	... 92 more
Caused by: javax.script.ScriptException: ReferenceError: "exception" is not defined in /home/travis/build/icyphy/ptII/ptolemy/actor/lib/jjs/external/require.js at line number 439
	at jdk.scripting.nashorn/jdk.nashorn.api.scripting.NashornScriptEngine.throwAsScriptException(NashornScriptEngine.java:469)
	at jdk.scripting.nashorn/jdk.nashorn.api.scripting.NashornScriptEngine.invokeImpl(NashornScriptEngine.java:391)
	at jdk.scripting.nashorn/jdk.nashorn.api.scripting.NashornScriptEngine.invokeFunction(NashornScriptEngine.java:189)
	at ptolemy.actor.lib.jjs.JavaScript._createEngineAndEvaluateSetup(JavaScript.java:2493)
	... 96 more
Caused by: /home/travis/build/icyphy/ptII/ptolemy/actor/lib/jjs/external/require.js:439 ReferenceError: "exception" is not defined
	at jdk.scripting.nashorn/jdk.nashorn.internal.runtime.ECMAErrors.error(ECMAErrors.java:57)
	at jdk.scripting.nashorn/jdk.nashorn.internal.runtime.ECMAErrors.referenceError(ECMAErrors.java:319)
	at jdk.scripting.nashorn/jdk.nashorn.internal.runtime.ECMAErrors.referenceError(ECMAErrors.java:291)
	at jdk.scripting.nashorn/jdk.nashorn.internal.objects.Global.__noSuchProperty__(Global.java:1615)
	at jdk.scripting.nashorn.scripts/jdk.nashorn.internal.scripts.Script$Recompilation$2282$require$cu1$restOf.L:45#_require(/home/travis/build/icyphy/ptII/ptolemy/actor/lib/jjs/external/require.js:439)
	at jdk.scripting.nashorn.scripts/jdk.nashorn.internal.scripts.Script$Recompilation$2193$21089A$require.L:45#_requireClosure#L:466(/home/travis/build/icyphy/ptII/ptolemy/actor/lib/jjs/external/require.js:467)
	at jdk.scripting.nashorn.scripts/jdk.nashorn.internal.scripts.Script$Recompilation$2267$1AAAAAAAAAAAAAA$\^function\_.L:1(<function>:97)
	at jdk.scripting.nashorn.scripts/jdk.nashorn.internal.scripts.Script$Recompilation$2266$17933AAAAAA$require$cu1$restOf.L:1#Accessor(/home/travis/build/icyphy/ptII/ptolemy/actor/lib/jjs/external/require.js#409:30<eval>:545)
	at jdk.scripting.nashorn.scripts/jdk.nashorn.internal.scripts.Script$Recompilation$2252$2801AAA$\^eval\_.evaluateCode(<eval>:96)
	at jdk.scripting.nashorn/jdk.nashorn.internal.runtime.ScriptFunctionData.invoke(ScriptFunctionData.java:661)
	at jdk.scripting.nashorn/jdk.nashorn.internal.runtime.ScriptFunction.invoke(ScriptFunction.java:513)
	at jdk.scripting.nashorn/jdk.nashorn.internal.runtime.ScriptRuntime.apply(ScriptRuntime.java:527)
	at jdk.scripting.nashorn/jdk.nashorn.api.scripting.ScriptObjectMirror.callMember(ScriptObjectMirror.java:198)
	at jdk.scripting.nashorn/jdk.nashorn.api.scripting.NashornScriptEngine.invokeImpl(NashornScriptEngine.java:385)
	... 98 more
Caused by: ptolemy.kernel.util.InternalErrorException: Loading accessor failed: AudioCapture.js
  in .configuration.actor library.MoreLibraries.Accessors.audio
Because:
Error evaluating expression:
// Copyright (c) 2015-2017 The Regents of the University of California.
...
  in .configuration.actor library.MoreLibraries.Accessors.audio.AudioCapture.script
Because:
Failed to evaluate script.
  in .configuration.actor library.MoreLibraries.Accessors.audio.AudioCapture
Because:
ReferenceError: "exception" is not defined in /home/travis/build/icyphy/ptII/ptolemy/actor/lib/jjs/external/require.js at line number 439
  in .configuration.actor library.MoreLibraries.Accessors.audio.AudioCapture.script
Because:
Error evaluating expression:
// Copyright (c) 2015-2017 The Regents of the University of California.
...
  in .configuration.actor library.MoreLibraries.Accessors.audio.AudioCapture.script
Because:
Failed to evaluate script.
  in .configuration.actor library.MoreLibraries.Accessors.audio.AudioCapture
Because:
ReferenceError: "exception" is not defined in /home/travis/build/icyphy/ptII/ptolemy/actor/lib/jjs/external/require.js at line number 439
	at org.terraswarm.accessor.AccessorLibrary.populate(AccessorLibrary.java:224)
	at ptolemy.moml.EntityLibrary.classDefinitionList(EntityLibrary.java:307)
	at ptolemy.kernel.CompositeEntity._description(CompositeEntity.java:2292)
	at ptolemy.kernel.CompositeEntity._description(CompositeEntity.java:2307)
	at ptolemy.kernel.CompositeEntity._description(CompositeEntity.java:2307)
	at ptolemy.kernel.CompositeEntity._description(CompositeEntity.java:2307)
	at ptolemy.kernel.CompositeEntity._description(CompositeEntity.java:2307)
	at ptolemy.kernel.util.NamedObj.description(NamedObj.java:731)
	at ptolemy.kernel.util.NamedObj.description(NamedObj.java:715)
	at java.base/jdk.internal.reflect.NativeMethodAccessorImpl.invoke0(Native Method)
	at java.base/jdk.internal.reflect.NativeMethodAccessorImpl.invoke(NativeMethodAccessorImpl.java:62)
	at java.base/jdk.internal.reflect.DelegatingMethodAccessorImpl.invoke(DelegatingMethodAccessorImpl.java:43)
	at java.base/java.lang.reflect.Method.invoke(Method.java:564)
	at tcl.lang.reflect.PkgInvoker.invokeMethod(PkgInvoker.java:129)
	at tcl.lang.JavaInvoke.call(JavaInvoke.java:253)
	at tcl.lang.JavaInvoke.callMethod(JavaInvoke.java:116)
	at tcl.lang.ReflectObject.cmdProc(ReflectObject.java:727)
	at tcl.lang.Parser.evalObjv(Parser.java:740)
	at tcl.lang.Parser.eval2(Parser.java:1138)
	at tcl.lang.Parser.evalTokens(Parser.java:930)
	at tcl.lang.Parser.eval2(Parser.java:1125)
	at tcl.lang.Parser.evalTokens(Parser.java:930)
	at tcl.lang.Parser.eval2(Parser.java:1125)
	at tcl.lang.Interp.eval(Interp.java:1782)
	at tcl.lang.Interp.eval(Interp.java:1841)
	at tcl.lang.UplevelCmd.cmdProc(UplevelCmd.java:93)
	at tcl.lang.AutoloadStub.cmdProc(Extension.java:144)
	at tcl.lang.Parser.evalObjv(Parser.java:740)
	at tcl.lang.Parser.eval2(Parser.java:1138)
	at tcl.lang.Interp.eval(Interp.java:1782)
	at tcl.lang.Interp.eval(Interp.java:1841)
	at tcl.lang.CatchCmd.cmdProc(CatchCmd.java:42)
	at tcl.lang.Parser.evalObjv(Parser.java:740)
	at tcl.lang.Parser.eval2(Parser.java:1138)
	at tcl.lang.Parser.evalTokens(Parser.java:930)
	at tcl.lang.Parser.eval2(Parser.java:1125)
	at tcl.lang.Procedure.cmdProc(Procedure.java:175)
	at tcl.lang.Parser.evalObjv(Parser.java:740)
	at tcl.lang.Parser.eval2(Parser.java:1138)
	at tcl.lang.Interp.eval(Interp.java:1782)
	at tcl.lang.Interp.eval(Interp.java:1841)
	at tcl.lang.ForeachCmd.cmdProc(ForeachCmd.java:116)
	at tcl.lang.AutoloadStub.cmdProc(Extension.java:144)
	at tcl.lang.Parser.evalObjv(Parser.java:740)
	at tcl.lang.Parser.eval2(Parser.java:1138)
	at tcl.lang.Interp.eval(Interp.java:1782)
	at tcl.lang.Interp.evalFile(Interp.java:1880)
	at java.base/jdk.internal.reflect.NativeMethodAccessorImpl.invoke0(Native Method)
	at java.base/jdk.internal.reflect.NativeMethodAccessorImpl.invoke(NativeMethodAccessorImpl.java:62)
	at java.base/jdk.internal.reflect.DelegatingMethodAccessorImpl.invoke(DelegatingMethodAccessorImpl.java:43)
	at java.base/java.lang.reflect.Method.invoke(Method.java:564)
	at ptolemy.util.test.junit.TclTests.RunTclFile(TclTests.java:233)
	at java.base/jdk.internal.reflect.NativeMethodAccessorImpl.invoke0(Native Method)
	at java.base/jdk.internal.reflect.NativeMethodAccessorImpl.invoke(NativeMethodAccessorImpl.java:62)
	at java.base/jdk.internal.reflect.DelegatingMethodAccessorImpl.invoke(DelegatingMethodAccessorImpl.java:43)
	at java.base/java.lang.reflect.Method.invoke(Method.java:564)
	at org.junit.runners.model.FrameworkMethod$1.runReflectiveCall(FrameworkMethod.java:44)
	at org.junit.internal.runners.model.ReflectiveCallable.run(ReflectiveCallable.java:15)
	at org.junit.runners.model.FrameworkMethod.invokeExplosively(FrameworkMethod.java:41)
	at junitparams.internal.InvokeParameterisedMethod.evaluate(InvokeParameterisedMethod.java:102)
	at junitparams.internal.ParameterisedTestMethodRunner.runMethodInvoker(ParameterisedTestMethodRunner.java:47)
	at junitparams.internal.ParameterisedTestMethodRunner.runTestMethod(ParameterisedTestMethodRunner.java:41)
	at junitparams.internal.ParameterisedTestClassRunner.runParameterisedTest(ParameterisedTestClassRunner.java:143)
	at junitparams.JUnitParamsRunner.runChild(JUnitParamsRunner.java:237)
	at junitparams.JUnitParamsRunner.runChild(JUnitParamsRunner.java:215)
	at org.junit.runners.ParentRunner$3.run(ParentRunner.java:193)
	at org.junit.runners.ParentRunner$1.schedule(ParentRunner.java:52)
	at org.junit.runners.ParentRunner.runChildren(ParentRunner.java:191)
	at org.junit.runners.ParentRunner.access$000(ParentRunner.java:42)
	at org.junit.runners.ParentRunner$2.evaluate(ParentRunner.java:184)
	at org.junit.internal.runners.statements.RunAfters.evaluate(RunAfters.java:31)
	at org.junit.runners.ParentRunner.run(ParentRunner.java:236)
	at org.junit.runners.Suite.runChild(Suite.java:128)
	at org.junit.runners.Suite.runChild(Suite.java:24)
	at org.junit.runners.ParentRunner$3.run(ParentRunner.java:193)
	at org.junit.runners.ParentRunner$1.schedule(ParentRunner.java:52)
	at org.junit.runners.ParentRunner.runChildren(ParentRunner.java:191)
	at org.junit.runners.ParentRunner.access$000(ParentRunner.java:42)
	at org.junit.runners.ParentRunner$2.evaluate(ParentRunner.java:184)
	at org.junit.runners.ParentRunner.run(ParentRunner.java:236)
	at junit.framework.JUnit4TestAdapter.run(JUnit4TestAdapter.java:39)
	at org.apache.tools.ant.taskdefs.optional.junit.JUnitTestRunner.run(JUnitTestRunner.java:535)
	at org.apache.tools.ant.taskdefs.optional.junit.JUnitTestRunner.launch(JUnitTestRunner.java:1182)
	at org.apache.tools.ant.taskdefs.optional.junit.JUnitTestRunner.main(JUnitTestRunner.java:1033)
Caused by: ptolemy.kernel.util.IllegalActionException: Error evaluating expression:
// Copyright (c) 2015-2017 The Regents of the University of California.
...
  in .configuration.actor library.MoreLibraries.Accessors.audio.AudioCapture.script
Because:
Failed to evaluate script.
  in .configuration.actor library.MoreLibraries.Accessors.audio.AudioCapture
Because:
ReferenceError: "exception" is not defined in /home/travis/build/icyphy/ptII/ptolemy/actor/lib/jjs/external/require.js at line number 439
  in .configuration.actor library.MoreLibraries.Accessors.audio.AudioCapture.script
Because:
Error evaluating expression:
// Copyright (c) 2015-2017 The Regents of the University of California.
...
  in .configuration.actor library.MoreLibraries.Accessors.audio.AudioCapture.script
Because:
Failed to evaluate script.
  in .configuration.actor library.MoreLibraries.Accessors.audio.AudioCapture
Because:
ReferenceError: "exception" is not defined in /home/travis/build/icyphy/ptII/ptolemy/actor/lib/jjs/external/require.js at line number 439
	at ptolemy.data.expr.Variable.validate(Variable.java:1619)
	at ptolemy.moml.MoMLParser.endDocument(MoMLParser.java:867)
	at com.microstar.xml.XmlParser.doParse(XmlParser.java:162)
	at com.microstar.xml.XmlParser.parse(XmlParser.java:132)
	at ptolemy.moml.MoMLParser.parse(MoMLParser.java:1676)
	at ptolemy.moml.MoMLParser.parse(MoMLParser.java:1617)
	at ptolemy.moml.MoMLParser.parse(MoMLParser.java:1792)
	at org.terraswarm.accessor.AccessorLibrary.populate(AccessorLibrary.java:194)
	... 83 more
Caused by: ptolemy.kernel.util.IllegalActionException: Error evaluating expression:
// Copyright (c) 2015-2017 The Regents of the University of California.
...
  in .configuration.actor library.MoreLibraries.Accessors.audio.AudioCapture.script
Because:
Failed to evaluate script.
  in .configuration.actor library.MoreLibraries.Accessors.audio.AudioCapture
Because:
ReferenceError: "exception" is not defined in /home/travis/build/icyphy/ptII/ptolemy/actor/lib/jjs/external/require.js at line number 439
	at ptolemy.data.expr.Variable._evaluate(Variable.java:1891)
	at ptolemy.data.expr.Variable._propagate(Variable.java:1984)
	at ptolemy.data.expr.Variable.validate(Variable.java:1596)
	... 90 more
Caused by: ptolemy.kernel.util.IllegalActionException: Failed to evaluate script.
  in .configuration.actor library.MoreLibraries.Accessors.audio.AudioCapture
Because:
ReferenceError: "exception" is not defined in /home/travis/build/icyphy/ptII/ptolemy/actor/lib/jjs/external/require.js at line number 439
	at ptolemy.actor.lib.jjs.JavaScript._createEngineAndEvaluateSetup(JavaScript.java:2497)
	at ptolemy.actor.lib.jjs.JavaScript.attributeChanged(JavaScript.java:548)
	at org.terraswarm.accessor.JSAccessor.attributeChanged(JSAccessor.java:312)
	at ptolemy.data.expr.Variable._setTokenAndNotify(Variable.java:2271)
	at ptolemy.data.expr.Variable._evaluate(Variable.java:1873)
	... 92 more
Caused by: javax.script.ScriptException: ReferenceError: "exception" is not defined in /home/travis/build/icyphy/ptII/ptolemy/actor/lib/jjs/external/require.js at line number 439
	at jdk.scripting.nashorn/jdk.nashorn.api.scripting.NashornScriptEngine.throwAsScriptException(NashornScriptEngine.java:469)
	at jdk.scripting.nashorn/jdk.nashorn.api.scripting.NashornScriptEngine.invokeImpl(NashornScriptEngine.java:391)
	at jdk.scripting.nashorn/jdk.nashorn.api.scripting.NashornScriptEngine.invokeFunction(NashornScriptEngine.java:189)
	at ptolemy.actor.lib.jjs.JavaScript._createEngineAndEvaluateSetup(JavaScript.java:2493)
	... 96 more
Caused by: /home/travis/build/icyphy/ptII/ptolemy/actor/lib/jjs/external/require.js:439 ReferenceError: "exception" is not defined
	at jdk.scripting.nashorn/jdk.nashorn.internal.runtime.ECMAErrors.error(ECMAErrors.java:57)
	at jdk.scripting.nashorn/jdk.nashorn.internal.runtime.ECMAErrors.referenceError(ECMAErrors.java:319)
	at jdk.scripting.nashorn/jdk.nashorn.internal.runtime.ECMAErrors.referenceError(ECMAErrors.java:291)
	at jdk.scripting.nashorn/jdk.nashorn.internal.objects.Global.__noSuchProperty__(Global.java:1615)
	at jdk.scripting.nashorn.scripts/jdk.nashorn.internal.scripts.Script$Recompilation$2282$require$cu1$restOf.L:45#_require(/home/travis/build/icyphy/ptII/ptolemy/actor/lib/jjs/external/require.js:439)
	at jdk.scripting.nashorn.scripts/jdk.nashorn.internal.scripts.Script$Recompilation$2193$21089A$require.L:45#_requireClosure#L:466(/home/travis/build/icyphy/ptII/ptolemy/actor/lib/jjs/external/require.js:467)
	at jdk.scripting.nashorn.scripts/jdk.nashorn.internal.scripts.Script$Recompilation$2267$1AAAAAAAAAAAAAA$\^function\_.L:1(<function>:97)
	at jdk.scripting.nashorn.scripts/jdk.nashorn.internal.scripts.Script$Recompilation$2266$17933AAAAAA$require$cu1$restOf.L:1#Accessor(/home/travis/build/icyphy/ptII/ptolemy/actor/lib/jjs/external/require.js#409:30<eval>:545)
	at jdk.scripting.nashorn.scripts/jdk.nashorn.internal.scripts.Script$Recompilation$2252$2801AAA$\^eval\_.evaluateCode(<eval>:96)
	at jdk.scripting.nashorn/jdk.nashorn.internal.runtime.ScriptFunctionData.invoke(ScriptFunctionData.java:661)
	at jdk.scripting.nashorn/jdk.nashorn.internal.runtime.ScriptFunction.invoke(ScriptFunction.java:513)
	at jdk.scripting.nashorn/jdk.nashorn.internal.runtime.ScriptRuntime.apply(ScriptRuntime.java:527)
	at jdk.scripting.nashorn/jdk.nashorn.api.scripting.ScriptObjectMirror.callMember(ScriptObjectMirror.java:198)
	at jdk.scripting.nashorn/jdk.nashorn.api.scripting.NashornScriptEngine.invokeImpl(NashornScriptEngine.java:385)
	... 98 more
Caused by: ptolemy.kernel.util.IllegalActionException: Error evaluating expression:
// Copyright (c) 2015-2017 The Regents of the University of California.
...
  in .configuration.actor library.MoreLibraries.Accessors.audio.AudioCapture.script
Because:
Failed to evaluate script.
  in .configuration.actor library.MoreLibraries.Accessors.audio.AudioCapture
Because:
ReferenceError: "exception" is not defined in /home/travis/build/icyphy/ptII/ptolemy/actor/lib/jjs/external/require.js at line number 439
  in .configuration.actor library.MoreLibraries.Accessors.audio.AudioCapture.script
Because:
Error evaluating expression:
// Copyright (c) 2015-2017 The Regents of the University of California.
...
  in .configuration.actor library.MoreLibraries.Accessors.audio.AudioCapture.script
Because:
Failed to evaluate script.
  in .configuration.actor library.MoreLibraries.Accessors.audio.AudioCapture
Because:
ReferenceError: "exception" is not defined in /home/travis/build/icyphy/ptII/ptolemy/actor/lib/jjs/external/require.js at line number 439
	at ptolemy.data.expr.Variable.validate(Variable.java:1619)
	at ptolemy.moml.MoMLParser.endDocument(MoMLParser.java:867)
	at com.microstar.xml.XmlParser.doParse(XmlParser.java:162)
	at com.microstar.xml.XmlParser.parse(XmlParser.java:132)
	at ptolemy.moml.MoMLParser.parse(MoMLParser.java:1676)
	at ptolemy.moml.MoMLParser.parse(MoMLParser.java:1617)
	at ptolemy.moml.MoMLParser.parse(MoMLParser.java:1792)
	at org.terraswarm.accessor.AccessorLibrary.populate(AccessorLibrary.java:194)
	at ptolemy.moml.EntityLibrary.classDefinitionList(EntityLibrary.java:307)
	at ptolemy.kernel.CompositeEntity._description(CompositeEntity.java:2292)
	at ptolemy.kernel.CompositeEntity._description(CompositeEntity.java:2307)
	at ptolemy.kernel.CompositeEntity._description(CompositeEntity.java:2307)
	at ptolemy.kernel.CompositeEntity._description(CompositeEntity.java:2307)
	at ptolemy.kernel.CompositeEntity._description(CompositeEntity.java:2307)
	at ptolemy.kernel.util.NamedObj.description(NamedObj.java:731)
	at ptolemy.kernel.util.NamedObj.description(NamedObj.java:715)
	at java.base/jdk.internal.reflect.NativeMethodAccessorImpl.invoke0(Native Method)
	at java.base/jdk.internal.reflect.NativeMethodAccessorImpl.invoke(NativeMethodAccessorImpl.java:62)
	at java.base/jdk.internal.reflect.DelegatingMethodAccessorImpl.invoke(DelegatingMethodAccessorImpl.java:43)
	at java.base/java.lang.reflect.Method.invoke(Method.java:564)
	at tcl.lang.reflect.PkgInvoker.invokeMethod(PkgInvoker.java:129)
	at tcl.lang.JavaInvoke.call(JavaInvoke.java:253)
	at tcl.lang.JavaInvoke.callMethod(JavaInvoke.java:116)
	at tcl.lang.ReflectObject.cmdProc(ReflectObject.java:727)
	at tcl.lang.Parser.evalObjv(Parser.java:740)
	at tcl.lang.Parser.eval2(Parser.java:1138)
	at tcl.lang.Parser.evalTokens(Parser.java:930)
	at tcl.lang.Parser.eval2(Parser.java:1125)
	at tcl.lang.Parser.evalTokens(Parser.java:930)
	at tcl.lang.Parser.eval2(Parser.java:1125)
	at tcl.lang.Interp.eval(Interp.java:1782)
	at tcl.lang.Interp.eval(Interp.java:1841)
	at tcl.lang.UplevelCmd.cmdProc(UplevelCmd.java:93)
	at tcl.lang.AutoloadStub.cmdProc(Extension.java:144)
	at tcl.lang.Parser.evalObjv(Parser.java:740)
	at tcl.lang.Parser.eval2(Parser.java:1138)
	at tcl.lang.Interp.eval(Interp.java:1782)
	at tcl.lang.Interp.eval(Interp.java:1841)
	at tcl.lang.CatchCmd.cmdProc(CatchCmd.java:42)
	at tcl.lang.Parser.evalObjv(Parser.java:740)
	at tcl.lang.Parser.eval2(Parser.java:1138)
	at tcl.lang.Parser.evalTokens(Parser.java:930)
	at tcl.lang.Parser.eval2(Parser.java:1125)
	at tcl.lang.Procedure.cmdProc(Procedure.java:175)
	at tcl.lang.Parser.evalObjv(Parser.java:740)
	at tcl.lang.Parser.eval2(Parser.java:1138)
	at tcl.lang.Interp.eval(Interp.java:1782)
	at tcl.lang.Interp.eval(Interp.java:1841)
	at tcl.lang.ForeachCmd.cmdProc(ForeachCmd.java:116)
	at tcl.lang.AutoloadStub.cmdProc(Extension.java:144)
	at tcl.lang.Parser.evalObjv(Parser.java:740)
	at tcl.lang.Parser.eval2(Parser.java:1138)
	at tcl.lang.Interp.eval(Interp.java:1782)
	at tcl.lang.Interp.evalFile(Interp.java:1880)
	at java.base/jdk.internal.reflect.NativeMethodAccessorImpl.invoke0(Native Method)
	at java.base/jdk.internal.reflect.NativeMethodAccessorImpl.invoke(NativeMethodAccessorImpl.java:62)
	at java.base/jdk.internal.reflect.DelegatingMethodAccessorImpl.invoke(DelegatingMethodAccessorImpl.java:43)
	at java.base/java.lang.reflect.Method.invoke(Method.java:564)
	at ptolemy.util.test.junit.TclTests.RunTclFile(TclTests.java:233)
	at java.base/jdk.internal.reflect.NativeMethodAccessorImpl.invoke0(Native Method)
	at java.base/jdk.internal.reflect.NativeMethodAccessorImpl.invoke(NativeMethodAccessorImpl.java:62)
	at java.base/jdk.internal.reflect.DelegatingMethodAccessorImpl.invoke(DelegatingMethodAccessorImpl.java:43)
	at java.base/java.lang.reflect.Method.invoke(Method.java:564)
	at org.junit.runners.model.FrameworkMethod$1.runReflectiveCall(FrameworkMethod.java:44)
	at org.junit.internal.runners.model.ReflectiveCallable.run(ReflectiveCallable.java:15)
	at org.junit.runners.model.FrameworkMethod.invokeExplosively(FrameworkMethod.java:41)
	at junitparams.internal.InvokeParameterisedMethod.evaluate(InvokeParameterisedMethod.java:102)
	at junitparams.internal.ParameterisedTestMethodRunner.runMethodInvoker(ParameterisedTestMethodRunner.java:47)
	at junitparams.internal.ParameterisedTestMethodRunner.runTestMethod(ParameterisedTestMethodRunner.java:41)
	at junitparams.internal.ParameterisedTestClassRunner.runParameterisedTest(ParameterisedTestClassRunner.java:143)
	at junitparams.JUnitParamsRunner.runChild(JUnitParamsRunner.java:237)
	at junitparams.JUnitParamsRunner.runChild(JUnitParamsRunner.java:215)
	at org.junit.runners.ParentRunner$3.run(ParentRunner.java:193)
	at org.junit.runners.ParentRunner$1.schedule(ParentRunner.java:52)
	at org.junit.runners.ParentRunner.runChildren(ParentRunner.java:191)
	at org.junit.runners.ParentRunner.access$000(ParentRunner.java:42)
	at org.junit.runners.ParentRunner$2.evaluate(ParentRunner.java:184)
	at org.junit.internal.runners.statements.RunAfters.evaluate(RunAfters.java:31)
	at org.junit.runners.ParentRunner.run(ParentRunner.java:236)
	at org.junit.runners.Suite.runChild(Suite.java:128)
	at org.junit.runners.Suite.runChild(Suite.java:24)
	at org.junit.runners.ParentRunner$3.run(ParentRunner.java:193)
	at org.junit.runners.ParentRunner$1.schedule(ParentRunner.java:52)
	at org.junit.runners.ParentRunner.runChildren(ParentRunner.java:191)
	at org.junit.runners.ParentRunner.access$000(ParentRunner.java:42)
	at org.junit.runners.ParentRunner$2.evaluate(ParentRunner.java:184)
	at org.junit.runners.ParentRunner.run(ParentRunner.java:236)
	at junit.framework.JUnit4TestAdapter.run(JUnit4TestAdapter.java:39)
	at org.apache.tools.ant.taskdefs.optional.junit.JUnitTestRunner.run(JUnitTestRunner.java:535)
	at org.apache.tools.ant.taskdefs.optional.junit.JUnitTestRunner.launch(JUnitTestRunner.java:1182)
	at org.apache.tools.ant.taskdefs.optional.junit.JUnitTestRunner.main(JUnitTestRunner.java:1033)
Caused by: ptolemy.kernel.util.IllegalActionException: Error evaluating expression:
// Copyright (c) 2015-2017 The Regents of the University of California.
...
  in .configuration.actor library.MoreLibraries.Accessors.audio.AudioCapture.script
Because:
Failed to evaluate script.
  in .configuration.actor library.MoreLibraries.Accessors.audio.AudioCapture
Because:
ReferenceError: "exception" is not defined in /home/travis/build/icyphy/ptII/ptolemy/actor/lib/jjs/external/require.js at line number 439
	at ptolemy.data.expr.Variable._evaluate(Variable.java:1891)
	at ptolemy.data.expr.Variable._propagate(Variable.java:1984)
	at ptolemy.data.expr.Variable.validate(Variable.java:1596)
	... 90 more
Caused by: ptolemy.kernel.util.IllegalActionException: Failed to evaluate script.
  in .configuration.actor library.MoreLibraries.Accessors.audio.AudioCapture
Because:
ReferenceError: "exception" is not defined in /home/travis/build/icyphy/ptII/ptolemy/actor/lib/jjs/external/require.js at line number 439
	at ptolemy.actor.lib.jjs.JavaScript._createEngineAndEvaluateSetup(JavaScript.java:2497)
	at ptolemy.actor.lib.jjs.JavaScript.attributeChanged(JavaScript.java:548)
	at org.terraswarm.accessor.JSAccessor.attributeChanged(JSAccessor.java:312)
	at ptolemy.data.expr.Variable._setTokenAndNotify(Variable.java:2271)
	at ptolemy.data.expr.Variable._evaluate(Variable.java:1873)
	... 92 more
Caused by: javax.script.ScriptException: ReferenceError: "exception" is not defined in /home/travis/build/icyphy/ptII/ptolemy/actor/lib/jjs/external/require.js at line number 439
	at jdk.scripting.nashorn/jdk.nashorn.api.scripting.NashornScriptEngine.throwAsScriptException(NashornScriptEngine.java:469)
	at jdk.scripting.nashorn/jdk.nashorn.api.scripting.NashornScriptEngine.invokeImpl(NashornScriptEngine.java:391)
	at jdk.scripting.nashorn/jdk.nashorn.api.scripting.NashornScriptEngine.invokeFunction(NashornScriptEngine.java:189)
	at ptolemy.actor.lib.jjs.JavaScript._createEngineAndEvaluateSetup(JavaScript.java:2493)
	... 96 more
Caused by: /home/travis/build/icyphy/ptII/ptolemy/actor/lib/jjs/external/require.js:439 ReferenceError: "exception" is not defined
	at jdk.scripting.nashorn/jdk.nashorn.internal.runtime.ECMAErrors.error(ECMAErrors.java:57)
	at jdk.scripting.nashorn/jdk.nashorn.internal.runtime.ECMAErrors.referenceError(ECMAErrors.java:319)
	at jdk.scripting.nashorn/jdk.nashorn.internal.runtime.ECMAErrors.referenceError(ECMAErrors.java:291)
	at jdk.scripting.nashorn/jdk.nashorn.internal.objects.Global.__noSuchProperty__(Global.java:1615)
	at jdk.scripting.nashorn.scripts/jdk.nashorn.internal.scripts.Script$Recompilation$2282$require$cu1$restOf.L:45#_require(/home/travis/build/icyphy/ptII/ptolemy/actor/lib/jjs/external/require.js:439)
	at jdk.scripting.nashorn.scripts/jdk.nashorn.internal.scripts.Script$Recompilation$2193$21089A$require.L:45#_requireClosure#L:466(/home/travis/build/icyphy/ptII/ptolemy/actor/lib/jjs/external/require.js:467)
	at jdk.scripting.nashorn.scripts/jdk.nashorn.internal.scripts.Script$Recompilation$2267$1AAAAAAAAAAAAAA$\^function\_.L:1(<function>:97)
	at jdk.scripting.nashorn.scripts/jdk.nashorn.internal.scripts.Script$Recompilation$2266$17933AAAAAA$require$cu1$restOf.L:1#Accessor(/home/travis/build/icyphy/ptII/ptolemy/actor/lib/jjs/external/require.js#409:30<eval>:545)
	at jdk.scripting.nashorn.scripts/jdk.nashorn.internal.scripts.Script$Recompilation$2252$2801AAA$\^eval\_.evaluateCode(<eval>:96)
	at jdk.scripting.nashorn/jdk.nashorn.internal.runtime.ScriptFunctionData.invoke(ScriptFunctionData.java:661)
	at jdk.scripting.nashorn/jdk.nashorn.internal.runtime.ScriptFunction.invoke(ScriptFunction.java:513)
	at jdk.scripting.nashorn/jdk.nashorn.internal.runtime.ScriptRuntime.apply(ScriptRuntime.java:527)
	at jdk.scripting.nashorn/jdk.nashorn.api.scripting.ScriptObjectMirror.callMember(ScriptObjectMirror.java:198)
	at jdk.scripting.nashorn/jdk.nashorn.api.scripting.NashornScriptEngine.invokeImpl(NashornScriptEngine.java:385)
	... 98 more
Caused by: ptolemy.kernel.util.IllegalActionException: Error evaluating expression:
// Copyright (c) 2015-2017 The Regents of the University of California.
...
  in .configuration.actor library.MoreLibraries.Accessors.audio.AudioCapture.script
Because:
Failed to evaluate script.
  in .configuration.actor library.MoreLibraries.Accessors.audio.AudioCapture
Because:
ReferenceError: "exception" is not defined in /home/travis/build/icyphy/ptII/ptolemy/actor/lib/jjs/external/require.js at line number 439
	at ptolemy.data.expr.Variable._evaluate(Variable.java:1891)
	at ptolemy.data.expr.Variable._propagate(Variable.java:1984)
	at ptolemy.data.expr.Variable.validate(Variable.java:1596)
	at ptolemy.moml.MoMLParser.endDocument(MoMLParser.java:867)
	at com.microstar.xml.XmlParser.doParse(XmlParser.java:162)
	at com.microstar.xml.XmlParser.parse(XmlParser.java:132)
	at ptolemy.moml.MoMLParser.parse(MoMLParser.java:1676)
	at ptolemy.moml.MoMLParser.parse(MoMLParser.java:1617)
	at ptolemy.moml.MoMLParser.parse(MoMLParser.java:1792)
	at org.terraswarm.accessor.AccessorLibrary.populate(AccessorLibrary.java:194)
	at ptolemy.moml.EntityLibrary.classDefinitionList(EntityLibrary.java:307)
	at ptolemy.kernel.CompositeEntity._description(CompositeEntity.java:2292)
	at ptolemy.kernel.CompositeEntity._description(CompositeEntity.java:2307)
	at ptolemy.kernel.CompositeEntity._description(CompositeEntity.java:2307)
	at ptolemy.kernel.CompositeEntity._description(CompositeEntity.java:2307)
	at ptolemy.kernel.CompositeEntity._description(CompositeEntity.java:2307)
	at ptolemy.kernel.util.NamedObj.description(NamedObj.java:731)
	at ptolemy.kernel.util.NamedObj.description(NamedObj.java:715)
	at java.base/jdk.internal.reflect.NativeMethodAccessorImpl.invoke0(Native Method)
	at java.base/jdk.internal.reflect.NativeMethodAccessorImpl.invoke(NativeMethodAccessorImpl.java:62)
	at java.base/jdk.internal.reflect.DelegatingMethodAccessorImpl.invoke(DelegatingMethodAccessorImpl.java:43)
	at java.base/java.lang.reflect.Method.invoke(Method.java:564)
	at tcl.lang.reflect.PkgInvoker.invokeMethod(PkgInvoker.java:129)
	at tcl.lang.JavaInvoke.call(JavaInvoke.java:253)
	at tcl.lang.JavaInvoke.callMethod(JavaInvoke.java:116)
	at tcl.lang.ReflectObject.cmdProc(ReflectObject.java:727)
	at tcl.lang.Parser.evalObjv(Parser.java:740)
	at tcl.lang.Parser.eval2(Parser.java:1138)
	at tcl.lang.Parser.evalTokens(Parser.java:930)
	at tcl.lang.Parser.eval2(Parser.java:1125)
	at tcl.lang.Parser.evalTokens(Parser.java:930)
	at tcl.lang.Parser.eval2(Parser.java:1125)
	at tcl.lang.Interp.eval(Interp.java:1782)
	at tcl.lang.Interp.eval(Interp.java:1841)
	at tcl.lang.UplevelCmd.cmdProc(UplevelCmd.java:93)
	at tcl.lang.AutoloadStub.cmdProc(Extension.java:144)
	at tcl.lang.Parser.evalObjv(Parser.java:740)
	at tcl.lang.Parser.eval2(Parser.java:1138)
	at tcl.lang.Interp.eval(Interp.java:1782)
	at tcl.lang.Interp.eval(Interp.java:1841)
	at tcl.lang.CatchCmd.cmdProc(CatchCmd.java:42)
	at tcl.lang.Parser.evalObjv(Parser.java:740)
	at tcl.lang.Parser.eval2(Parser.java:1138)
	at tcl.lang.Parser.evalTokens(Parser.java:930)
	at tcl.lang.Parser.eval2(Parser.java:1125)
	at tcl.lang.Procedure.cmdProc(Procedure.java:175)
	at tcl.lang.Parser.evalObjv(Parser.java:740)
	at tcl.lang.Parser.eval2(Parser.java:1138)
	at tcl.lang.Interp.eval(Interp.java:1782)
	at tcl.lang.Interp.eval(Interp.java:1841)
	at tcl.lang.ForeachCmd.cmdProc(ForeachCmd.java:116)
	at tcl.lang.AutoloadStub.cmdProc(Extension.java:144)
	at tcl.lang.Parser.evalObjv(Parser.java:740)
	at tcl.lang.Parser.eval2(Parser.java:1138)
	at tcl.lang.Interp.eval(Interp.java:1782)
	at tcl.lang.Interp.evalFile(Interp.java:1880)
	at java.base/jdk.internal.reflect.NativeMethodAccessorImpl.invoke0(Native Method)
	at java.base/jdk.internal.reflect.NativeMethodAccessorImpl.invoke(NativeMethodAccessorImpl.java:62)
	at java.base/jdk.internal.reflect.DelegatingMethodAccessorImpl.invoke(DelegatingMethodAccessorImpl.java:43)
	at java.base/java.lang.reflect.Method.invoke(Method.java:564)
	at ptolemy.util.test.junit.TclTests.RunTclFile(TclTests.java:233)
	at java.base/jdk.internal.reflect.NativeMethodAccessorImpl.invoke0(Native Method)
	at java.base/jdk.internal.reflect.NativeMethodAccessorImpl.invoke(NativeMethodAccessorImpl.java:62)
	at java.base/jdk.internal.reflect.DelegatingMethodAccessorImpl.invoke(DelegatingMethodAccessorImpl.java:43)
	at java.base/java.lang.reflect.Method.invoke(Method.java:564)
	at org.junit.runners.model.FrameworkMethod$1.runReflectiveCall(FrameworkMethod.java:44)
	at org.junit.internal.runners.model.ReflectiveCallable.run(ReflectiveCallable.java:15)
	at org.junit.runners.model.FrameworkMethod.invokeExplosively(FrameworkMethod.java:41)
	at junitparams.internal.InvokeParameterisedMethod.evaluate(InvokeParameterisedMethod.java:102)
	at junitparams.internal.ParameterisedTestMethodRunner.runMethodInvoker(ParameterisedTestMethodRunner.java:47)
	at junitparams.internal.ParameterisedTestMethodRunner.runTestMethod(ParameterisedTestMethodRunner.java:41)
	at junitparams.internal.ParameterisedTestClassRunner.runParameterisedTest(ParameterisedTestClassRunner.java:143)
	at junitparams.JUnitParamsRunner.runChild(JUnitParamsRunner.java:237)
	at junitparams.JUnitParamsRunner.runChild(JUnitParamsRunner.java:215)
	at org.junit.runners.ParentRunner$3.run(ParentRunner.java:193)
	at org.junit.runners.ParentRunner$1.schedule(ParentRunner.java:52)
	at org.junit.runners.ParentRunner.runChildren(ParentRunner.java:191)
	at org.junit.runners.ParentRunner.access$000(ParentRunner.java:42)
	at org.junit.runners.ParentRunner$2.evaluate(ParentRunner.java:184)
	at org.junit.internal.runners.statements.RunAfters.evaluate(RunAfters.java:31)
	at org.junit.runners.ParentRunner.run(ParentRunner.java:236)
	at org.junit.runners.Suite.runChild(Suite.java:128)
	at org.junit.runners.Suite.runChild(Suite.java:24)
	at org.junit.runners.ParentRunner$3.run(ParentRunner.java:193)
	at org.junit.runners.ParentRunner$1.schedule(ParentRunner.java:52)
	at org.junit.runners.ParentRunner.runChildren(ParentRunner.java:191)
	at org.junit.runners.ParentRunner.access$000(ParentRunner.java:42)
	at org.junit.runners.ParentRunner$2.evaluate(ParentRunner.java:184)
	at org.junit.runners.ParentRunner.run(ParentRunner.java:236)
	at junit.framework.JUnit4TestAdapter.run(JUnit4TestAdapter.java:39)
	at org.apache.tools.ant.taskdefs.optional.junit.JUnitTestRunner.run(JUnitTestRunner.java:535)
	at org.apache.tools.ant.taskdefs.optional.junit.JUnitTestRunner.launch(JUnitTestRunner.java:1182)
	at org.apache.tools.ant.taskdefs.optional.junit.JUnitTestRunner.main(JUnitTestRunner.java:1033)
Caused by: ptolemy.kernel.util.IllegalActionException: Failed to evaluate script.
  in .configuration.actor library.MoreLibraries.Accessors.audio.AudioCapture
Because:
ReferenceError: "exception" is not defined in /home/travis/build/icyphy/ptII/ptolemy/actor/lib/jjs/external/require.js at line number 439
	at ptolemy.actor.lib.jjs.JavaScript._createEngineAndEvaluateSetup(JavaScript.java:2497)
	at ptolemy.actor.lib.jjs.JavaScript.attributeChanged(JavaScript.java:548)
	at org.terraswarm.accessor.JSAccessor.attributeChanged(JSAccessor.java:312)
	at ptolemy.data.expr.Variable._setTokenAndNotify(Variable.java:2271)
	at ptolemy.data.expr.Variable._evaluate(Variable.java:1873)
	... 92 more
Caused by: javax.script.ScriptException: ReferenceError: "exception" is not defined in /home/travis/build/icyphy/ptII/ptolemy/actor/lib/jjs/external/require.js at line number 439
	at jdk.scripting.nashorn/jdk.nashorn.api.scripting.NashornScriptEngine.throwAsScriptException(NashornScriptEngine.java:469)
	at jdk.scripting.nashorn/jdk.nashorn.api.scripting.NashornScriptEngine.invokeImpl(NashornScriptEngine.java:391)
	at jdk.scripting.nashorn/jdk.nashorn.api.scripting.NashornScriptEngine.invokeFunction(NashornScriptEngine.java:189)
	at ptolemy.actor.lib.jjs.JavaScript._createEngineAndEvaluateSetup(JavaScript.java:2493)
	... 96 more
Caused by: /home/travis/build/icyphy/ptII/ptolemy/actor/lib/jjs/external/require.js:439 ReferenceError: "exception" is not defined
	at jdk.scripting.nashorn/jdk.nashorn.internal.runtime.ECMAErrors.error(ECMAErrors.java:57)
	at jdk.scripting.nashorn/jdk.nashorn.internal.runtime.ECMAErrors.referenceError(ECMAErrors.java:319)
	at jdk.scripting.nashorn/jdk.nashorn.internal.runtime.ECMAErrors.referenceError(ECMAErrors.java:291)
	at jdk.scripting.nashorn/jdk.nashorn.internal.objects.Global.__noSuchProperty__(Global.java:1615)
	at jdk.scripting.nashorn.scripts/jdk.nashorn.internal.scripts.Script$Recompilation$2282$require$cu1$restOf.L:45#_require(/home/travis/build/icyphy/ptII/ptolemy/actor/lib/jjs/external/require.js:439)
	at jdk.scripting.nashorn.scripts/jdk.nashorn.internal.scripts.Script$Recompilation$2193$21089A$require.L:45#_requireClosure#L:466(/home/travis/build/icyphy/ptII/ptolemy/actor/lib/jjs/external/require.js:467)
	at jdk.scripting.nashorn.scripts/jdk.nashorn.internal.scripts.Script$Recompilation$2267$1AAAAAAAAAAAAAA$\^function\_.L:1(<function>:97)
	at jdk.scripting.nashorn.scripts/jdk.nashorn.internal.scripts.Script$Recompilation$2266$17933AAAAAA$require$cu1$restOf.L:1#Accessor(/home/travis/build/icyphy/ptII/ptolemy/actor/lib/jjs/external/require.js#409:30<eval>:545)
	at jdk.scripting.nashorn.scripts/jdk.nashorn.internal.scripts.Script$Recompilation$2252$2801AAA$\^eval\_.evaluateCode(<eval>:96)
	at jdk.scripting.nashorn/jdk.nashorn.internal.runtime.ScriptFunctionData.invoke(ScriptFunctionData.java:661)
	at jdk.scripting.nashorn/jdk.nashorn.internal.runtime.ScriptFunction.invoke(ScriptFunction.java:513)
	at jdk.scripting.nashorn/jdk.nashorn.internal.runtime.ScriptRuntime.apply(ScriptRuntime.java:527)
	at jdk.scripting.nashorn/jdk.nashorn.api.scripting.ScriptObjectMirror.callMember(ScriptObjectMirror.java:198)
	at jdk.scripting.nashorn/jdk.nashorn.api.scripting.NashornScriptEngine.invokeImpl(NashornScriptEngine.java:385)
	... 98 more
Caused by: ptolemy.kernel.util.IllegalActionException: Failed to evaluate script.
  in .configuration.actor library.MoreLibraries.Accessors.audio.AudioCapture
Because:
ReferenceError: "exception" is not defined in /home/travis/build/icyphy/ptII/ptolemy/actor/lib/jjs/external/require.js at line number 439
	at ptolemy.actor.lib.jjs.JavaScript._createEngineAndEvaluateSetup(JavaScript.java:2497)
	at ptolemy.actor.lib.jjs.JavaScript.attributeChanged(JavaScript.java:548)
	at org.terraswarm.accessor.JSAccessor.attributeChanged(JSAccessor.java:312)
	at ptolemy.data.expr.Variable._setTokenAndNotify(Variable.java:2271)
	at ptolemy.data.expr.Variable._evaluate(Variable.java:1873)
	at ptolemy.data.expr.Variable._propagate(Variable.java:1984)
	at ptolemy.data.expr.Variable.validate(Variable.java:1596)
	at ptolemy.moml.MoMLParser.endDocument(MoMLParser.java:867)
	at com.microstar.xml.XmlParser.doParse(XmlParser.java:162)
	at com.microstar.xml.XmlParser.parse(XmlParser.java:132)
	at ptolemy.moml.MoMLParser.parse(MoMLParser.java:1676)
	at ptolemy.moml.MoMLParser.parse(MoMLParser.java:1617)
	at ptolemy.moml.MoMLParser.parse(MoMLParser.java:1792)
	at org.terraswarm.accessor.AccessorLibrary.populate(AccessorLibrary.java:194)
	at ptolemy.moml.EntityLibrary.classDefinitionList(EntityLibrary.java:307)
	at ptolemy.kernel.CompositeEntity._description(CompositeEntity.java:2292)
	at ptolemy.kernel.CompositeEntity._description(CompositeEntity.java:2307)
	at ptolemy.kernel.CompositeEntity._description(CompositeEntity.java:2307)
	at ptolemy.kernel.CompositeEntity._description(CompositeEntity.java:2307)
	at ptolemy.kernel.CompositeEntity._description(CompositeEntity.java:2307)
	at ptolemy.kernel.util.NamedObj.description(NamedObj.java:731)
	at ptolemy.kernel.util.NamedObj.description(NamedObj.java:715)
	at java.base/jdk.internal.reflect.NativeMethodAccessorImpl.invoke0(Native Method)
	at java.base/jdk.internal.reflect.NativeMethodAccessorImpl.invoke(NativeMethodAccessorImpl.java:62)
	at java.base/jdk.internal.reflect.DelegatingMethodAccessorImpl.invoke(DelegatingMethodAccessorImpl.java:43)
	at java.base/java.lang.reflect.Method.invoke(Method.java:564)
	at tcl.lang.reflect.PkgInvoker.invokeMethod(PkgInvoker.java:129)
	at tcl.lang.JavaInvoke.call(JavaInvoke.java:253)
	at tcl.lang.JavaInvoke.callMethod(JavaInvoke.java:116)
	at tcl.lang.ReflectObject.cmdProc(ReflectObject.java:727)
	at tcl.lang.Parser.evalObjv(Parser.java:740)
	at tcl.lang.Parser.eval2(Parser.java:1138)
	at tcl.lang.Parser.evalTokens(Parser.java:930)
	at tcl.lang.Parser.eval2(Parser.java:1125)
	at tcl.lang.Parser.evalTokens(Parser.java:930)
	at tcl.lang.Parser.eval2(Parser.java:1125)
	at tcl.lang.Interp.eval(Interp.java:1782)
	at tcl.lang.Interp.eval(Interp.java:1841)
	at tcl.lang.UplevelCmd.cmdProc(UplevelCmd.java:93)
	at tcl.lang.AutoloadStub.cmdProc(Extension.java:144)
	at tcl.lang.Parser.evalObjv(Parser.java:740)
	at tcl.lang.Parser.eval2(Parser.java:1138)
	at tcl.lang.Interp.eval(Interp.java:1782)
	at tcl.lang.Interp.eval(Interp.java:1841)
	at tcl.lang.CatchCmd.cmdProc(CatchCmd.java:42)
	at tcl.lang.Parser.evalObjv(Parser.java:740)
	at tcl.lang.Parser.eval2(Parser.java:1138)
	at tcl.lang.Parser.evalTokens(Parser.java:930)
	at tcl.lang.Parser.eval2(Parser.java:1125)
	at tcl.lang.Procedure.cmdProc(Procedure.java:175)
	at tcl.lang.Parser.evalObjv(Parser.java:740)
	at tcl.lang.Parser.eval2(Parser.java:1138)
	at tcl.lang.Interp.eval(Interp.java:1782)
	at tcl.lang.Interp.eval(Interp.java:1841)
	at tcl.lang.ForeachCmd.cmdProc(ForeachCmd.java:116)
	at tcl.lang.AutoloadStub.cmdProc(Extension.java:144)
	at tcl.lang.Parser.evalObjv(Parser.java:740)
	at tcl.lang.Parser.eval2(Parser.java:1138)
	at tcl.lang.Interp.eval(Interp.java:1782)
	at tcl.lang.Interp.evalFile(Interp.java:1880)
	at java.base/jdk.internal.reflect.NativeMethodAccessorImpl.invoke0(Native Method)
	at java.base/jdk.internal.reflect.NativeMethodAccessorImpl.invoke(NativeMethodAccessorImpl.java:62)
	at java.base/jdk.internal.reflect.DelegatingMethodAccessorImpl.invoke(DelegatingMethodAccessorImpl.java:43)
	at java.base/java.lang.reflect.Method.invoke(Method.java:564)
	at ptolemy.util.test.junit.TclTests.RunTclFile(TclTests.java:233)
	at java.base/jdk.internal.reflect.NativeMethodAccessorImpl.invoke0(Native Method)
	at java.base/jdk.internal.reflect.NativeMethodAccessorImpl.invoke(NativeMethodAccessorImpl.java:62)
	at java.base/jdk.internal.reflect.DelegatingMethodAccessorImpl.invoke(DelegatingMethodAccessorImpl.java:43)
	at java.base/java.lang.reflect.Method.invoke(Method.java:564)
	at org.junit.runners.model.FrameworkMethod$1.runReflectiveCall(FrameworkMethod.java:44)
	at org.junit.internal.runners.model.ReflectiveCallable.run(ReflectiveCallable.java:15)
	at org.junit.runners.model.FrameworkMethod.invokeExplosively(FrameworkMethod.java:41)
	at junitparams.internal.InvokeParameterisedMethod.evaluate(InvokeParameterisedMethod.java:102)
	at junitparams.internal.ParameterisedTestMethodRunner.runMethodInvoker(ParameterisedTestMethodRunner.java:47)
	at junitparams.internal.ParameterisedTestMethodRunner.runTestMethod(ParameterisedTestMethodRunner.java:41)
	at junitparams.internal.ParameterisedTestClassRunner.runParameterisedTest(ParameterisedTestClassRunner.java:143)
	at junitparams.JUnitParamsRunner.runChild(JUnitParamsRunner.java:237)
	at junitparams.JUnitParamsRunner.runChild(JUnitParamsRunner.java:215)
	at org.junit.runners.ParentRunner$3.run(ParentRunner.java:193)
	at org.junit.runners.ParentRunner$1.schedule(ParentRunner.java:52)
	at org.junit.runners.ParentRunner.runChildren(ParentRunner.java:191)
	at org.junit.runners.ParentRunner.access$000(ParentRunner.java:42)
	at org.junit.runners.ParentRunner$2.evaluate(ParentRunner.java:184)
	at org.junit.internal.runners.statements.RunAfters.evaluate(RunAfters.java:31)
	at org.junit.runners.ParentRunner.run(ParentRunner.java:236)
	at org.junit.runners.Suite.runChild(Suite.java:128)
	at org.junit.runners.Suite.runChild(Suite.java:24)
	at org.junit.runners.ParentRunner$3.run(ParentRunner.java:193)
	at org.junit.runners.ParentRunner$1.schedule(ParentRunner.java:52)
	at org.junit.runners.ParentRunner.runChildren(ParentRunner.java:191)
	at org.junit.runners.ParentRunner.access$000(ParentRunner.java:42)
	at org.junit.runners.ParentRunner$2.evaluate(ParentRunner.java:184)
	at org.junit.runners.ParentRunner.run(ParentRunner.java:236)
	at junit.framework.JUnit4TestAdapter.run(JUnit4TestAdapter.java:39)
	at org.apache.tools.ant.taskdefs.optional.junit.JUnitTestRunner.run(JUnitTestRunner.java:535)
	at org.apache.tools.ant.taskdefs.optional.junit.JUnitTestRunner.launch(JUnitTestRunner.java:1182)
	at org.apache.tools.ant.taskdefs.optional.junit.JUnitTestRunner.main(JUnitTestRunner.java:1033)
Caused by: javax.script.ScriptException: ReferenceError: "exception" is not defined in /home/travis/build/icyphy/ptII/ptolemy/actor/lib/jjs/external/require.js at line number 439
	at jdk.scripting.nashorn/jdk.nashorn.api.scripting.NashornScriptEngine.throwAsScriptException(NashornScriptEngine.java:469)
	at jdk.scripting.nashorn/jdk.nashorn.api.scripting.NashornScriptEngine.invokeImpl(NashornScriptEngine.java:391)
	at jdk.scripting.nashorn/jdk.nashorn.api.scripting.NashornScriptEngine.invokeFunction(NashornScriptEngine.java:189)
	at ptolemy.actor.lib.jjs.JavaScript._createEngineAndEvaluateSetup(JavaScript.java:2493)
	... 96 more
Caused by: /home/travis/build/icyphy/ptII/ptolemy/actor/lib/jjs/external/require.js:439 ReferenceError: "exception" is not defined
	at jdk.scripting.nashorn/jdk.nashorn.internal.runtime.ECMAErrors.error(ECMAErrors.java:57)
	at jdk.scripting.nashorn/jdk.nashorn.internal.runtime.ECMAErrors.referenceError(ECMAErrors.java:319)
	at jdk.scripting.nashorn/jdk.nashorn.internal.runtime.ECMAErrors.referenceError(ECMAErrors.java:291)
	at jdk.scripting.nashorn/jdk.nashorn.internal.objects.Global.__noSuchProperty__(Global.java:1615)
	at jdk.scripting.nashorn.scripts/jdk.nashorn.internal.scripts.Script$Recompilation$2282$require$cu1$restOf.L:45#_require(/home/travis/build/icyphy/ptII/ptolemy/actor/lib/jjs/external/require.js:439)
	at jdk.scripting.nashorn.scripts/jdk.nashorn.internal.scripts.Script$Recompilation$2193$21089A$require.L:45#_requireClosure#L:466(/home/travis/build/icyphy/ptII/ptolemy/actor/lib/jjs/external/require.js:467)
	at jdk.scripting.nashorn.scripts/jdk.nashorn.internal.scripts.Script$Recompilation$2267$1AAAAAAAAAAAAAA$\^function\_.L:1(<function>:97)
	at jdk.scripting.nashorn.scripts/jdk.nashorn.internal.scripts.Script$Recompilation$2266$17933AAAAAA$require$cu1$restOf.L:1#Accessor(/home/travis/build/icyphy/ptII/ptolemy/actor/lib/jjs/external/require.js#409:30<eval>:545)
	at jdk.scripting.nashorn.scripts/jdk.nashorn.internal.scripts.Script$Recompilation$2252$2801AAA$\^eval\_.evaluateCode(<eval>:96)
	at jdk.scripting.nashorn/jdk.nashorn.internal.runtime.ScriptFunctionData.invoke(ScriptFunctionData.java:661)
	at jdk.scripting.nashorn/jdk.nashorn.internal.runtime.ScriptFunction.invoke(ScriptFunction.java:513)
	at jdk.scripting.nashorn/jdk.nashorn.internal.runtime.ScriptRuntime.apply(ScriptRuntime.java:527)
	at jdk.scripting.nashorn/jdk.nashorn.api.scripting.ScriptObjectMirror.callMember(ScriptObjectMirror.java:198)
	at jdk.scripting.nashorn/jdk.nashorn.api.scripting.NashornScriptEngine.invokeImpl(NashornScriptEngine.java:385)
	... 98 more
Caused by: javax.script.ScriptException: ReferenceError: "exception" is not defined in /home/travis/build/icyphy/ptII/ptolemy/actor/lib/jjs/external/require.js at line number 439
	at jdk.scripting.nashorn/jdk.nashorn.api.scripting.NashornScriptEngine.throwAsScriptException(NashornScriptEngine.java:469)
	at jdk.scripting.nashorn/jdk.nashorn.api.scripting.NashornScriptEngine.invokeImpl(NashornScriptEngine.java:391)
	at jdk.scripting.nashorn/jdk.nashorn.api.scripting.NashornScriptEngine.invokeFunction(NashornScriptEngine.java:189)
	at ptolemy.actor.lib.jjs.JavaScript._createEngineAndEvaluateSetup(JavaScript.java:2493)
	at ptolemy.actor.lib.jjs.JavaScript.attributeChanged(JavaScript.java:548)
	at org.terraswarm.accessor.JSAccessor.attributeChanged(JSAccessor.java:312)
	at ptolemy.data.expr.Variable._setTokenAndNotify(Variable.java:2271)
	at ptolemy.data.expr.Variable._evaluate(Variable.java:1873)
	at ptolemy.data.expr.Variable._propagate(Variable.java:1984)
	at ptolemy.data.expr.Variable.validate(Variable.java:1596)
	at ptolemy.moml.MoMLParser.endDocument(MoMLParser.java:867)
	at com.microstar.xml.XmlParser.doParse(XmlParser.java:162)
	at com.microstar.xml.XmlParser.parse(XmlParser.java:132)
	at ptolemy.moml.MoMLParser.parse(MoMLParser.java:1676)
	at ptolemy.moml.MoMLParser.parse(MoMLParser.java:1617)
	at ptolemy.moml.MoMLParser.parse(MoMLParser.java:1792)
	at org.terraswarm.accessor.AccessorLibrary.populate(AccessorLibrary.java:194)
	at ptolemy.moml.EntityLibrary.classDefinitionList(EntityLibrary.java:307)
	at ptolemy.kernel.CompositeEntity._description(CompositeEntity.java:2292)
	at ptolemy.kernel.CompositeEntity._description(CompositeEntity.java:2307)
	at ptolemy.kernel.CompositeEntity._description(CompositeEntity.java:2307)
	at ptolemy.kernel.CompositeEntity._description(CompositeEntity.java:2307)
	at ptolemy.kernel.CompositeEntity._description(CompositeEntity.java:2307)
	at ptolemy.kernel.util.NamedObj.description(NamedObj.java:731)
	at ptolemy.kernel.util.NamedObj.description(NamedObj.java:715)
	at java.base/jdk.internal.reflect.NativeMethodAccessorImpl.invoke0(Native Method)
	at java.base/jdk.internal.reflect.NativeMethodAccessorImpl.invoke(NativeMethodAccessorImpl.java:62)
	at java.base/jdk.internal.reflect.DelegatingMethodAccessorImpl.invoke(DelegatingMethodAccessorImpl.java:43)
	at java.base/java.lang.reflect.Method.invoke(Method.java:564)
	at tcl.lang.reflect.PkgInvoker.invokeMethod(PkgInvoker.java:129)
	at tcl.lang.JavaInvoke.call(JavaInvoke.java:253)
	at tcl.lang.JavaInvoke.callMethod(JavaInvoke.java:116)
	at tcl.lang.ReflectObject.cmdProc(ReflectObject.java:727)
	at tcl.lang.Parser.evalObjv(Parser.java:740)
	at tcl.lang.Parser.eval2(Parser.java:1138)
	at tcl.lang.Parser.evalTokens(Parser.java:930)
	at tcl.lang.Parser.eval2(Parser.java:1125)
	at tcl.lang.Parser.evalTokens(Parser.java:930)
	at tcl.lang.Parser.eval2(Parser.java:1125)
	at tcl.lang.Interp.eval(Interp.java:1782)
	at tcl.lang.Interp.eval(Interp.java:1841)
	at tcl.lang.UplevelCmd.cmdProc(UplevelCmd.java:93)
	at tcl.lang.AutoloadStub.cmdProc(Extension.java:144)
	at tcl.lang.Parser.evalObjv(Parser.java:740)
	at tcl.lang.Parser.eval2(Parser.java:1138)
	at tcl.lang.Interp.eval(Interp.java:1782)
	at tcl.lang.Interp.eval(Interp.java:1841)
	at tcl.lang.CatchCmd.cmdProc(CatchCmd.java:42)
	at tcl.lang.Parser.evalObjv(Parser.java:740)
	at tcl.lang.Parser.eval2(Parser.java:1138)
	at tcl.lang.Parser.evalTokens(Parser.java:930)
	at tcl.lang.Parser.eval2(Parser.java:1125)
	at tcl.lang.Procedure.cmdProc(Procedure.java:175)
	at tcl.lang.Parser.evalObjv(Parser.java:740)
	at tcl.lang.Parser.eval2(Parser.java:1138)
	at tcl.lang.Interp.eval(Interp.java:1782)
	at tcl.lang.Interp.eval(Interp.java:1841)
	at tcl.lang.ForeachCmd.cmdProc(ForeachCmd.java:116)
	at tcl.lang.AutoloadStub.cmdProc(Extension.java:144)
	at tcl.lang.Parser.evalObjv(Parser.java:740)
	at tcl.lang.Parser.eval2(Parser.java:1138)
	at tcl.lang.Interp.eval(Interp.java:1782)
	at tcl.lang.Interp.evalFile(Interp.java:1880)
	at java.base/jdk.internal.reflect.NativeMethodAccessorImpl.invoke0(Native Method)
	at java.base/jdk.internal.reflect.NativeMethodAccessorImpl.invoke(NativeMethodAccessorImpl.java:62)
	at java.base/jdk.internal.reflect.DelegatingMethodAccessorImpl.invoke(DelegatingMethodAccessorImpl.java:43)
	at java.base/java.lang.reflect.Method.invoke(Method.java:564)
	at ptolemy.util.test.junit.TclTests.RunTclFile(TclTests.java:233)
	at java.base/jdk.internal.reflect.NativeMethodAccessorImpl.invoke0(Native Method)
	at java.base/jdk.internal.reflect.NativeMethodAccessorImpl.invoke(NativeMethodAccessorImpl.java:62)
	at java.base/jdk.internal.reflect.DelegatingMethodAccessorImpl.invoke(DelegatingMethodAccessorImpl.java:43)
	at java.base/java.lang.reflect.Method.invoke(Method.java:564)
	at org.junit.runners.model.FrameworkMethod$1.runReflectiveCall(FrameworkMethod.java:44)
	at org.junit.internal.runners.model.ReflectiveCallable.run(ReflectiveCallable.java:15)
	at org.junit.runners.model.FrameworkMethod.invokeExplosively(FrameworkMethod.java:41)
	at junitparams.internal.InvokeParameterisedMethod.evaluate(InvokeParameterisedMethod.java:102)
	at junitparams.internal.ParameterisedTestMethodRunner.runMethodInvoker(ParameterisedTestMethodRunner.java:47)
	at junitparams.internal.ParameterisedTestMethodRunner.runTestMethod(ParameterisedTestMethodRunner.java:41)
	at junitparams.internal.ParameterisedTestClassRunner.runParameterisedTest(ParameterisedTestClassRunner.java:143)
	at junitparams.JUnitParamsRunner.runChild(JUnitParamsRunner.java:237)
	at junitparams.JUnitParamsRunner.runChild(JUnitParamsRunner.java:215)
	at org.junit.runners.ParentRunner$3.run(ParentRunner.java:193)
	at org.junit.runners.ParentRunner$1.schedule(ParentRunner.java:52)
	at org.junit.runners.ParentRunner.runChildren(ParentRunner.java:191)
	at org.junit.runners.ParentRunner.access$000(ParentRunner.java:42)
	at org.junit.runners.ParentRunner$2.evaluate(ParentRunner.java:184)
	at org.junit.internal.runners.statements.RunAfters.evaluate(RunAfters.java:31)
	at org.junit.runners.ParentRunner.run(ParentRunner.java:236)
	at org.junit.runners.Suite.runChild(Suite.java:128)
	at org.junit.runners.Suite.runChild(Suite.java:24)
	at org.junit.runners.ParentRunner$3.run(ParentRunner.java:193)
	at org.junit.runners.ParentRunner$1.schedule(ParentRunner.java:52)
	at org.junit.runners.ParentRunner.runChildren(ParentRunner.java:191)
	at org.junit.runners.ParentRunner.access$000(ParentRunner.java:42)
	at org.junit.runners.ParentRunner$2.evaluate(ParentRunner.java:184)
	at org.junit.runners.ParentRunner.run(ParentRunner.java:236)
	at junit.framework.JUnit4TestAdapter.run(JUnit4TestAdapter.java:39)
	at org.apache.tools.ant.taskdefs.optional.junit.JUnitTestRunner.run(JUnitTestRunner.java:535)
	at org.apache.tools.ant.taskdefs.optional.junit.JUnitTestRunner.launch(JUnitTestRunner.java:1182)
	at org.apache.tools.ant.taskdefs.optional.junit.JUnitTestRunner.main(JUnitTestRunner.java:1033)
Caused by: /home/travis/build/icyphy/ptII/ptolemy/actor/lib/jjs/external/require.js:439 ReferenceError: "exception" is not defined
	at jdk.scripting.nashorn/jdk.nashorn.internal.runtime.ECMAErrors.error(ECMAErrors.java:57)
	at jdk.scripting.nashorn/jdk.nashorn.internal.runtime.ECMAErrors.referenceError(ECMAErrors.java:319)
	at jdk.scripting.nashorn/jdk.nashorn.internal.runtime.ECMAErrors.referenceError(ECMAErrors.java:291)
	at jdk.scripting.nashorn/jdk.nashorn.internal.objects.Global.__noSuchProperty__(Global.java:1615)
	at jdk.scripting.nashorn.scripts/jdk.nashorn.internal.scripts.Script$Recompilation$2282$require$cu1$restOf.L:45#_require(/home/travis/build/icyphy/ptII/ptolemy/actor/lib/jjs/external/require.js:439)
	at jdk.scripting.nashorn.scripts/jdk.nashorn.internal.scripts.Script$Recompilation$2193$21089A$require.L:45#_requireClosure#L:466(/home/travis/build/icyphy/ptII/ptolemy/actor/lib/jjs/external/require.js:467)
	at jdk.scripting.nashorn.scripts/jdk.nashorn.internal.scripts.Script$Recompilation$2267$1AAAAAAAAAAAAAA$\^function\_.L:1(<function>:97)
	at jdk.scripting.nashorn.scripts/jdk.nashorn.internal.scripts.Script$Recompilation$2266$17933AAAAAA$require$cu1$restOf.L:1#Accessor(/home/travis/build/icyphy/ptII/ptolemy/actor/lib/jjs/external/require.js#409:30<eval>:545)
	at jdk.scripting.nashorn.scripts/jdk.nashorn.internal.scripts.Script$Recompilation$2252$2801AAA$\^eval\_.evaluateCode(<eval>:96)
	at jdk.scripting.nashorn/jdk.nashorn.internal.runtime.ScriptFunctionData.invoke(ScriptFunctionData.java:661)
	at jdk.scripting.nashorn/jdk.nashorn.internal.runtime.ScriptFunction.invoke(ScriptFunction.java:513)
	at jdk.scripting.nashorn/jdk.nashorn.internal.runtime.ScriptRuntime.apply(ScriptRuntime.java:527)
	at jdk.scripting.nashorn/jdk.nashorn.api.scripting.ScriptObjectMirror.callMember(ScriptObjectMirror.java:198)
	at jdk.scripting.nashorn/jdk.nashorn.api.scripting.NashornScriptEngine.invokeImpl(NashornScriptEngine.java:385)
	... 98 more

    while executing
ptolemy.kernel.util.InvalidStateException: Failed to populate Library
  in .configuration.actor library.MoreLibraries.Accessors.audio
Because:
Loading accessor failed: AudioCapture.js
  in .configuration.actor library.MoreLibraries.Accessors.audio
Because:
Error evaluating expression:
// Copyright (c) 2015-2017 The Regents of the University of California.
...
  in .configuration.actor library.MoreLibraries.Accessors.audio.AudioCapture.script
Because:
Failed to evaluate script.
  in .configuration.actor library.MoreLibraries.Accessors.audio.AudioCapture
Because:
ReferenceError: "exception" is not defined in /home/travis/build/icyphy/ptII/ptolemy/actor/lib/jjs/external/require.js at line number 439
  in .configuration.actor library.MoreLibraries.Accessors.audio.AudioCapture.script
Because:
Error evaluating expression:
// Copyright (c) 2015-2017 The Regents of the University of California.
...
  in .configuration.actor library.MoreLibraries.Accessors.audio.AudioCapture.script
Because:
Failed to evaluate script.
  in .configuration.actor library.MoreLibraries.Accessors.audio.AudioCapture
Because:
ReferenceError: "exception" is not defined in /home/travis/build/icyphy/ptII/ptolemy/actor/lib/jjs/external/require.js at line number 439
    while executing
"$configuration description"
    invoked from within
"string length [$configuration description]"
    invoked from within
"expr [string length [$configuration description]] > 0"
    ("uplevel" body line 3)
    invoked from within
"uplevel $contents_of_test"
-------> Before clone
-------> after clone

Warning: In 'ptolemy.actor.lib.io.FileReader'
  The getName() method returns
   'fileOrURL' but the  field is named
   'fileOrURLPort'
   This is technically a violation  of the coding standard,
   but permissible because the name  ends in 'Port'
Skipping StateSpaceModel as this test iterates through the attributes and calls attributeChanged, which triggers a ConcurrentModificationException.  See org/ptolemy/ssm/test/SSMTest.java
Skipping StateSpaceModel as this test iterates through the attributes and calls attributeChanged, which triggers a ConcurrentModificationException.  See org/ptolemy/ssm/test/SSMTest.java
Skipping StateSpaceModel as this test iterates through the attributes and calls attributeChanged, which triggers a ConcurrentModificationException.  See org/ptolemy/ssm/test/SSMTest.java
Skipping drop test of tm.kernel.SchedulePlotter because it must be dropped into a container that has a TMDirector
-------> Before clone
-------> after clone
1562788237184 ms. Memory: 2129920K Free: 791550K (37%)
Setting containers of atomic entities to null
1562788239383 ms. Memory: 2129920K Free: 1441920K (68%)
 Force everything to get expanded ptolemy/configs/space/configuration.xml
    (Skipping certain optional packages, jxta and viptos)
-------> Before clone
-------> after clone
Warning: space/configuration.xml has no 'actor library.Directors'? (this is ok for dsp, viptos)
-------> Before clone
-------> after clone
1562788239849 ms. Memory: 2129920K Free: 1377920K (65%)
Setting containers of atomic entities to null
1562788241785 ms. Memory: 2129920K Free: 1448906K (68%)
 Force everything to get expanded ptolemy/configs/pn/configuration.xml
    (Skipping certain optional packages, jxta and viptos)
-------> Before clone
-------> after clone

Warning: In 'ptolemy.actor.lib.io.FileReader'
  The getName() method returns
   'fileOrURL' but the  field is named
   'fileOrURLPort'
   This is technically a violation  of the coding standard,
   but permissible because the name  ends in 'Port'
Warning: pn/configuration.xml has no 'actor library.Directors'? (this is ok for dsp, viptos)
-------> Before clone
-------> after clone
1562788248432 ms. Memory: 2129920K Free: 1312390K (62%)
Setting containers of atomic entities to null
1562788250397 ms. Memory: 2129920K Free: 1445420K (68%)
Skipping viptos/configuration.xml, PtinyOS is not typically installed.
 Force everything to get expanded ptolemy/configs/capecode/configuration.xml
    (Skipping certain optional packages, jxta and viptos)
Retrieving library from file:/home/travis/build/icyphy/ptII/org/terraswarm/accessor/accessors/web/index.json
Retrieving library from file:/home/travis/build/icyphy/ptII/org/terraswarm/accessor/accessors/web/adapters/index.json
Retrieving library from file:/home/travis/build/icyphy/ptII/org/terraswarm/accessor/accessors/web/audio/index.json
Retrieving library from file:/home/travis/build/icyphy/ptII/org/terraswarm/accessor/accessors/web/cameras/index.json
Retrieving library from file:/home/travis/build/icyphy/ptII/org/terraswarm/accessor/accessors/web/dashboard/index.json
Retrieving library from file:/home/travis/build/icyphy/ptII/org/terraswarm/accessor/accessors/web/devices/index.json
Retrieving library from file:/home/travis/build/icyphy/ptII/org/terraswarm/accessor/accessors/web/image/index.json
CharacterRecognition: The tesseract module was not present.  The CharacterRecognition accessor is not supported on this accessor host. (Thread[main,5,main])
CharacterRecognition: The tesseract module was not present.  The CharacterRecognition accessor is not supported on this accessor host. (Thread[main,5,main])
Retrieving library from file:/home/travis/build/icyphy/ptII/org/terraswarm/accessor/accessors/web/net/index.json
Retrieving library from file:/home/travis/build/icyphy/ptII/org/terraswarm/accessor/accessors/web/robotics/index.json
Retrieving library from file:/home/travis/build/icyphy/ptII/org/terraswarm/accessor/accessors/web/geodesy/index.json
Retrieving library from file:/home/travis/build/icyphy/ptII/org/terraswarm/accessor/accessors/web/services/index.json
Retrieving library from file:/home/travis/build/icyphy/ptII/org/terraswarm/accessor/accessors/web/signals/index.json
Retrieving library from file:/home/travis/build/icyphy/ptII/org/terraswarm/accessor/accessors/web/test/index.json
Retrieving library from file:/home/travis/build/icyphy/ptII/org/terraswarm/accessor/accessors/web/utilities/index.json
The Mutable accessor original file has no documentation, so we are not running jsdoc on https://accessors.org/utilities/Mutable.js
Loading accessor failed: AudioCapture.js


==== $PTII/ptolemy/configs/test/allConfigs.tcl: capecode/configuration.xml-1.1 Test to see if capecode/configuration.xml contains any bad XML
==== Contents of test case:

        # force everything to get expanded
        expr [string length [$configuration description]] > 0
    
==== Test generated error:
    while executing
ptolemy.kernel.util.InvalidStateException: Failed to populate Library
  in .configuration.actor library.Accessors.audio
Because:
Loading accessor failed: AudioCapture.js
  in .configuration.actor library.Accessors.audio
Because:
Error evaluating expression:
// Copyright (c) 2015-2017 The Regents of the University of California.
...
  in .configuration.actor library.Accessors.audio.AudioCapture.script
Because:
Failed to evaluate script.
  in .configuration.actor library.Accessors.audio.AudioCapture
Because:
ReferenceError: "exception" is not defined in /home/travis/build/icyphy/ptII/ptolemy/actor/lib/jjs/external/require.js at line number 439
  in .configuration.actor library.Accessors.audio.AudioCapture.script
Because:
Error evaluating expression:
// Copyright (c) 2015-2017 The Regents of the University of California.
...
  in .configuration.actor library.Accessors.audio.AudioCapture.script
Because:
Failed to evaluate script.
  in .configuration.actor library.Accessors.audio.AudioCapture
Because:
ReferenceError: "exception" is not defined in /home/travis/build/icyphy/ptII/ptolemy/actor/lib/jjs/external/require.js at line number 439
	at org.terraswarm.accessor.AccessorLibrary.populate(AccessorLibrary.java:307)
	at ptolemy.moml.EntityLibrary.classDefinitionList(EntityLibrary.java:307)
	at ptolemy.kernel.CompositeEntity._description(CompositeEntity.java:2292)
	at ptolemy.kernel.CompositeEntity._description(CompositeEntity.java:2307)
	at ptolemy.kernel.CompositeEntity._description(CompositeEntity.java:2307)
	at ptolemy.kernel.CompositeEntity._description(CompositeEntity.java:2307)
	at ptolemy.kernel.util.NamedObj.description(NamedObj.java:731)
	at ptolemy.kernel.util.NamedObj.description(NamedObj.java:715)
	at java.base/jdk.internal.reflect.NativeMethodAccessorImpl.invoke0(Native Method)
	at java.base/jdk.internal.reflect.NativeMethodAccessorImpl.invoke(NativeMethodAccessorImpl.java:62)
	at java.base/jdk.internal.reflect.DelegatingMethodAccessorImpl.invoke(DelegatingMethodAccessorImpl.java:43)
	at java.base/java.lang.reflect.Method.invoke(Method.java:564)
	at tcl.lang.reflect.PkgInvoker.invokeMethod(PkgInvoker.java:129)
	at tcl.lang.JavaInvoke.call(JavaInvoke.java:253)
	at tcl.lang.JavaInvoke.callMethod(JavaInvoke.java:116)
	at tcl.lang.ReflectObject.cmdProc(ReflectObject.java:727)
	at tcl.lang.Parser.evalObjv(Parser.java:740)
	at tcl.lang.Parser.eval2(Parser.java:1138)
	at tcl.lang.Parser.evalTokens(Parser.java:930)
	at tcl.lang.Parser.eval2(Parser.java:1125)
	at tcl.lang.Parser.evalTokens(Parser.java:930)
	at tcl.lang.Parser.eval2(Parser.java:1125)
	at tcl.lang.Interp.eval(Interp.java:1782)
	at tcl.lang.Interp.eval(Interp.java:1841)
	at tcl.lang.UplevelCmd.cmdProc(UplevelCmd.java:93)
	at tcl.lang.Parser.evalObjv(Parser.java:740)
	at tcl.lang.Parser.eval2(Parser.java:1138)
	at tcl.lang.Interp.eval(Interp.java:1782)
	at tcl.lang.Interp.eval(Interp.java:1841)
	at tcl.lang.CatchCmd.cmdProc(CatchCmd.java:42)
	at tcl.lang.Parser.evalObjv(Parser.java:740)
	at tcl.lang.Parser.eval2(Parser.java:1138)
	at tcl.lang.Parser.evalTokens(Parser.java:930)
	at tcl.lang.Parser.eval2(Parser.java:1125)
	at tcl.lang.Procedure.cmdProc(Procedure.java:175)
	at tcl.lang.Parser.evalObjv(Parser.java:740)
	at tcl.lang.Parser.eval2(Parser.java:1138)
	at tcl.lang.Interp.eval(Interp.java:1782)
	at tcl.lang.Interp.eval(Interp.java:1841)
	at tcl.lang.ForeachCmd.cmdProc(ForeachCmd.java:116)
	at tcl.lang.AutoloadStub.cmdProc(Extension.java:144)
	at tcl.lang.Parser.evalObjv(Parser.java:740)
	at tcl.lang.Parser.eval2(Parser.java:1138)
	at tcl.lang.Interp.eval(Interp.java:1782)
	at tcl.lang.Interp.evalFile(Interp.java:1880)
	at java.base/jdk.internal.reflect.NativeMethodAccessorImpl.invoke0(Native Method)
	at java.base/jdk.internal.reflect.NativeMethodAccessorImpl.invoke(NativeMethodAccessorImpl.java:62)
	at java.base/jdk.internal.reflect.DelegatingMethodAccessorImpl.invoke(DelegatingMethodAccessorImpl.java:43)
	at java.base/java.lang.reflect.Method.invoke(Method.java:564)
	at ptolemy.util.test.junit.TclTests.RunTclFile(TclTests.java:233)
	at java.base/jdk.internal.reflect.NativeMethodAccessorImpl.invoke0(Native Method)
	at java.base/jdk.internal.reflect.NativeMethodAccessorImpl.invoke(NativeMethodAccessorImpl.java:62)
	at java.base/jdk.internal.reflect.DelegatingMethodAccessorImpl.invoke(DelegatingMethodAccessorImpl.java:43)
	at java.base/java.lang.reflect.Method.invoke(Method.java:564)
	at org.junit.runners.model.FrameworkMethod$1.runReflectiveCall(FrameworkMethod.java:44)
	at org.junit.internal.runners.model.ReflectiveCallable.run(ReflectiveCallable.java:15)
	at org.junit.runners.model.FrameworkMethod.invokeExplosively(FrameworkMethod.java:41)
	at junitparams.internal.InvokeParameterisedMethod.evaluate(InvokeParameterisedMethod.java:102)
	at junitparams.internal.ParameterisedTestMethodRunner.runMethodInvoker(ParameterisedTestMethodRunner.java:47)
	at junitparams.internal.ParameterisedTestMethodRunner.runTestMethod(ParameterisedTestMethodRunner.java:41)
	at junitparams.internal.ParameterisedTestClassRunner.runParameterisedTest(ParameterisedTestClassRunner.java:143)
	at junitparams.JUnitParamsRunner.runChild(JUnitParamsRunner.java:237)
	at junitparams.JUnitParamsRunner.runChild(JUnitParamsRunner.java:215)
	at org.junit.runners.ParentRunner$3.run(ParentRunner.java:193)
	at org.junit.runners.ParentRunner$1.schedule(ParentRunner.java:52)
	at org.junit.runners.ParentRunner.runChildren(ParentRunner.java:191)
	at org.junit.runners.ParentRunner.access$000(ParentRunner.java:42)
	at org.junit.runners.ParentRunner$2.evaluate(ParentRunner.java:184)
	at org.junit.internal.runners.statements.RunAfters.evaluate(RunAfters.java:31)
	at org.junit.runners.ParentRunner.run(ParentRunner.java:236)
	at org.junit.runners.Suite.runChild(Suite.java:128)
	at org.junit.runners.Suite.runChild(Suite.java:24)
	at org.junit.runners.ParentRunner$3.run(ParentRunner.java:193)
	at org.junit.runners.ParentRunner$1.schedule(ParentRunner.java:52)
	at org.junit.runners.ParentRunner.runChildren(ParentRunner.java:191)
	at org.junit.runners.ParentRunner.access$000(ParentRunner.java:42)
	at org.junit.runners.ParentRunner$2.evaluate(ParentRunner.java:184)
	at org.junit.runners.ParentRunner.run(ParentRunner.java:236)
	at junit.framework.JUnit4TestAdapter.run(JUnit4TestAdapter.java:39)
	at org.apache.tools.ant.taskdefs.optional.junit.JUnitTestRunner.run(JUnitTestRunner.java:535)
	at org.apache.tools.ant.taskdefs.optional.junit.JUnitTestRunner.launch(JUnitTestRunner.java:1182)
	at org.apache.tools.ant.taskdefs.optional.junit.JUnitTestRunner.main(JUnitTestRunner.java:1033)
Caused by: ptolemy.kernel.util.InternalErrorException: Loading accessor failed: AudioCapture.js
  in .configuration.actor library.Accessors.audio
Because:
Error evaluating expression:
// Copyright (c) 2015-2017 The Regents of the University of California.
...
  in .configuration.actor library.Accessors.audio.AudioCapture.script
Because:
Failed to evaluate script.
  in .configuration.actor library.Accessors.audio.AudioCapture
Because:
ReferenceError: "exception" is not defined in /home/travis/build/icyphy/ptII/ptolemy/actor/lib/jjs/external/require.js at line number 439
  in .configuration.actor library.Accessors.audio.AudioCapture.script
Because:
Error evaluating expression:
// Copyright (c) 2015-2017 The Regents of the University of California.
...
  in .configuration.actor library.Accessors.audio.AudioCapture.script
Because:
Failed to evaluate script.
  in .configuration.actor library.Accessors.audio.AudioCapture
Because:
ReferenceError: "exception" is not defined in /home/travis/build/icyphy/ptII/ptolemy/actor/lib/jjs/external/require.js at line number 439
	at org.terraswarm.accessor.AccessorLibrary.populate(AccessorLibrary.java:224)
	... 81 more
Caused by: ptolemy.kernel.util.IllegalActionException: Error evaluating expression:
// Copyright (c) 2015-2017 The Regents of the University of California.
...
  in .configuration.actor library.Accessors.audio.AudioCapture.script
Because:
Failed to evaluate script.
  in .configuration.actor library.Accessors.audio.AudioCapture
Because:
ReferenceError: "exception" is not defined in /home/travis/build/icyphy/ptII/ptolemy/actor/lib/jjs/external/require.js at line number 439
  in .configuration.actor library.Accessors.audio.AudioCapture.script
Because:
Error evaluating expression:
// Copyright (c) 2015-2017 The Regents of the University of California.
...
  in .configuration.actor library.Accessors.audio.AudioCapture.script
Because:
Failed to evaluate script.
  in .configuration.actor library.Accessors.audio.AudioCapture
Because:
ReferenceError: "exception" is not defined in /home/travis/build/icyphy/ptII/ptolemy/actor/lib/jjs/external/require.js at line number 439
	at ptolemy.data.expr.Variable.validate(Variable.java:1619)
	at ptolemy.moml.MoMLParser.endDocument(MoMLParser.java:867)
	at com.microstar.xml.XmlParser.doParse(XmlParser.java:162)
	at com.microstar.xml.XmlParser.parse(XmlParser.java:132)
	at ptolemy.moml.MoMLParser.parse(MoMLParser.java:1676)
	at ptolemy.moml.MoMLParser.parse(MoMLParser.java:1617)
	at ptolemy.moml.MoMLParser.parse(MoMLParser.java:1792)
	at org.terraswarm.accessor.AccessorLibrary.populate(AccessorLibrary.java:194)
	... 81 more
Caused by: ptolemy.kernel.util.IllegalActionException: Error evaluating expression:
// Copyright (c) 2015-2017 The Regents of the University of California.
...
  in .configuration.actor library.Accessors.audio.AudioCapture.script
Because:
Failed to evaluate script.
  in .configuration.actor library.Accessors.audio.AudioCapture
Because:
ReferenceError: "exception" is not defined in /home/travis/build/icyphy/ptII/ptolemy/actor/lib/jjs/external/require.js at line number 439
	at ptolemy.data.expr.Variable._evaluate(Variable.java:1891)
	at ptolemy.data.expr.Variable._propagate(Variable.java:1984)
	at ptolemy.data.expr.Variable.validate(Variable.java:1596)
	... 88 more
Caused by: ptolemy.kernel.util.IllegalActionException: Failed to evaluate script.
  in .configuration.actor library.Accessors.audio.AudioCapture
Because:
ReferenceError: "exception" is not defined in /home/travis/build/icyphy/ptII/ptolemy/actor/lib/jjs/external/require.js at line number 439
	at ptolemy.actor.lib.jjs.JavaScript._createEngineAndEvaluateSetup(JavaScript.java:2497)
	at ptolemy.actor.lib.jjs.JavaScript.attributeChanged(JavaScript.java:548)
	at org.terraswarm.accessor.JSAccessor.attributeChanged(JSAccessor.java:312)
	at ptolemy.data.expr.Variable._setTokenAndNotify(Variable.java:2271)
	at ptolemy.data.expr.Variable._evaluate(Variable.java:1873)
	... 90 more
Caused by: javax.script.ScriptException: ReferenceError: "exception" is not defined in /home/travis/build/icyphy/ptII/ptolemy/actor/lib/jjs/external/require.js at line number 439
	at jdk.scripting.nashorn/jdk.nashorn.api.scripting.NashornScriptEngine.throwAsScriptException(NashornScriptEngine.java:469)
	at jdk.scripting.nashorn/jdk.nashorn.api.scripting.NashornScriptEngine.invokeImpl(NashornScriptEngine.java:391)
	at jdk.scripting.nashorn/jdk.nashorn.api.scripting.NashornScriptEngine.invokeFunction(NashornScriptEngine.java:189)
	at ptolemy.actor.lib.jjs.JavaScript._createEngineAndEvaluateSetup(JavaScript.java:2493)
	... 94 more
Caused by: /home/travis/build/icyphy/ptII/ptolemy/actor/lib/jjs/external/require.js:439 ReferenceError: "exception" is not defined
	at jdk.scripting.nashorn/jdk.nashorn.internal.runtime.ECMAErrors.error(ECMAErrors.java:57)
	at jdk.scripting.nashorn/jdk.nashorn.internal.runtime.ECMAErrors.referenceError(ECMAErrors.java:319)
	at jdk.scripting.nashorn/jdk.nashorn.internal.runtime.ECMAErrors.referenceError(ECMAErrors.java:291)
	at jdk.scripting.nashorn/jdk.nashorn.internal.objects.Global.__noSuchProperty__(Global.java:1615)
	at jdk.scripting.nashorn.scripts/jdk.nashorn.internal.scripts.Script$Recompilation$83104$require$cu1$restOf.L:45#_require(/home/travis/build/icyphy/ptII/ptolemy/actor/lib/jjs/external/require.js:439)
	at jdk.scripting.nashorn.scripts/jdk.nashorn.internal.scripts.Script$Recompilation$83016$21089A$require.L:45#_requireClosure#L:466(/home/travis/build/icyphy/ptII/ptolemy/actor/lib/jjs/external/require.js:467)
	at jdk.scripting.nashorn.scripts/jdk.nashorn.internal.scripts.Script$Recompilation$83090$1AAAAAAAAAAAAAA$\^function\_.L:1(<function>:97)
	at jdk.scripting.nashorn.scripts/jdk.nashorn.internal.scripts.Script$Recompilation$83089$17933AAAAAA$require$cu1$restOf.L:1#Accessor(/home/travis/build/icyphy/ptII/ptolemy/actor/lib/jjs/external/require.js#409:30<eval>:545)
	at jdk.scripting.nashorn.scripts/jdk.nashorn.internal.scripts.Script$Recompilation$83075$2801AAA$\^eval\_.evaluateCode(<eval>:96)
	at jdk.scripting.nashorn/jdk.nashorn.internal.runtime.ScriptFunctionData.invoke(ScriptFunctionData.java:661)
	at jdk.scripting.nashorn/jdk.nashorn.internal.runtime.ScriptFunction.invoke(ScriptFunction.java:513)
	at jdk.scripting.nashorn/jdk.nashorn.internal.runtime.ScriptRuntime.apply(ScriptRuntime.java:527)
	at jdk.scripting.nashorn/jdk.nashorn.api.scripting.ScriptObjectMirror.callMember(ScriptObjectMirror.java:198)
	at jdk.scripting.nashorn/jdk.nashorn.api.scripting.NashornScriptEngine.invokeImpl(NashornScriptEngine.java:385)
	... 96 more
Caused by: ptolemy.kernel.util.InternalErrorException: Loading accessor failed: AudioCapture.js
  in .configuration.actor library.Accessors.audio
Because:
Error evaluating expression:
// Copyright (c) 2015-2017 The Regents of the University of California.
...
  in .configuration.actor library.Accessors.audio.AudioCapture.script
Because:
Failed to evaluate script.
  in .configuration.actor library.Accessors.audio.AudioCapture
Because:
ReferenceError: "exception" is not defined in /home/travis/build/icyphy/ptII/ptolemy/actor/lib/jjs/external/require.js at line number 439
  in .configuration.actor library.Accessors.audio.AudioCapture.script
Because:
Error evaluating expression:
// Copyright (c) 2015-2017 The Regents of the University of California.
...
  in .configuration.actor library.Accessors.audio.AudioCapture.script
Because:
Failed to evaluate script.
  in .configuration.actor library.Accessors.audio.AudioCapture
Because:
ReferenceError: "exception" is not defined in /home/travis/build/icyphy/ptII/ptolemy/actor/lib/jjs/external/require.js at line number 439
	at org.terraswarm.accessor.AccessorLibrary.populate(AccessorLibrary.java:224)
	at ptolemy.moml.EntityLibrary.classDefinitionList(EntityLibrary.java:307)
	at ptolemy.kernel.CompositeEntity._description(CompositeEntity.java:2292)
	at ptolemy.kernel.CompositeEntity._description(CompositeEntity.java:2307)
	at ptolemy.kernel.CompositeEntity._description(CompositeEntity.java:2307)
	at ptolemy.kernel.CompositeEntity._description(CompositeEntity.java:2307)
	at ptolemy.kernel.util.NamedObj.description(NamedObj.java:731)
	at ptolemy.kernel.util.NamedObj.description(NamedObj.java:715)
	at java.base/jdk.internal.reflect.NativeMethodAccessorImpl.invoke0(Native Method)
	at java.base/jdk.internal.reflect.NativeMethodAccessorImpl.invoke(NativeMethodAccessorImpl.java:62)
	at java.base/jdk.internal.reflect.DelegatingMethodAccessorImpl.invoke(DelegatingMethodAccessorImpl.java:43)
	at java.base/java.lang.reflect.Method.invoke(Method.java:564)
	at tcl.lang.reflect.PkgInvoker.invokeMethod(PkgInvoker.java:129)
	at tcl.lang.JavaInvoke.call(JavaInvoke.java:253)
	at tcl.lang.JavaInvoke.callMethod(JavaInvoke.java:116)
	at tcl.lang.ReflectObject.cmdProc(ReflectObject.java:727)
	at tcl.lang.Parser.evalObjv(Parser.java:740)
	at tcl.lang.Parser.eval2(Parser.java:1138)
	at tcl.lang.Parser.evalTokens(Parser.java:930)
	at tcl.lang.Parser.eval2(Parser.java:1125)
	at tcl.lang.Parser.evalTokens(Parser.java:930)
	at tcl.lang.Parser.eval2(Parser.java:1125)
	at tcl.lang.Interp.eval(Interp.java:1782)
	at tcl.lang.Interp.eval(Interp.java:1841)
	at tcl.lang.UplevelCmd.cmdProc(UplevelCmd.java:93)
	at tcl.lang.Parser.evalObjv(Parser.java:740)
	at tcl.lang.Parser.eval2(Parser.java:1138)
	at tcl.lang.Interp.eval(Interp.java:1782)
	at tcl.lang.Interp.eval(Interp.java:1841)
	at tcl.lang.CatchCmd.cmdProc(CatchCmd.java:42)
	at tcl.lang.Parser.evalObjv(Parser.java:740)
	at tcl.lang.Parser.eval2(Parser.java:1138)
	at tcl.lang.Parser.evalTokens(Parser.java:930)
	at tcl.lang.Parser.eval2(Parser.java:1125)
	at tcl.lang.Procedure.cmdProc(Procedure.java:175)
	at tcl.lang.Parser.evalObjv(Parser.java:740)
	at tcl.lang.Parser.eval2(Parser.java:1138)
	at tcl.lang.Interp.eval(Interp.java:1782)
	at tcl.lang.Interp.eval(Interp.java:1841)
	at tcl.lang.ForeachCmd.cmdProc(ForeachCmd.java:116)
	at tcl.lang.AutoloadStub.cmdProc(Extension.java:144)
	at tcl.lang.Parser.evalObjv(Parser.java:740)
	at tcl.lang.Parser.eval2(Parser.java:1138)
	at tcl.lang.Interp.eval(Interp.java:1782)
	at tcl.lang.Interp.evalFile(Interp.java:1880)
	at java.base/jdk.internal.reflect.NativeMethodAccessorImpl.invoke0(Native Method)
	at java.base/jdk.internal.reflect.NativeMethodAccessorImpl.invoke(NativeMethodAccessorImpl.java:62)
	at java.base/jdk.internal.reflect.DelegatingMethodAccessorImpl.invoke(DelegatingMethodAccessorImpl.java:43)
	at java.base/java.lang.reflect.Method.invoke(Method.java:564)
	at ptolemy.util.test.junit.TclTests.RunTclFile(TclTests.java:233)
	at java.base/jdk.internal.reflect.NativeMethodAccessorImpl.invoke0(Native Method)
	at java.base/jdk.internal.reflect.NativeMethodAccessorImpl.invoke(NativeMethodAccessorImpl.java:62)
	at java.base/jdk.internal.reflect.DelegatingMethodAccessorImpl.invoke(DelegatingMethodAccessorImpl.java:43)
	at java.base/java.lang.reflect.Method.invoke(Method.java:564)
	at org.junit.runners.model.FrameworkMethod$1.runReflectiveCall(FrameworkMethod.java:44)
	at org.junit.internal.runners.model.ReflectiveCallable.run(ReflectiveCallable.java:15)
	at org.junit.runners.model.FrameworkMethod.invokeExplosively(FrameworkMethod.java:41)
	at junitparams.internal.InvokeParameterisedMethod.evaluate(InvokeParameterisedMethod.java:102)
	at junitparams.internal.ParameterisedTestMethodRunner.runMethodInvoker(ParameterisedTestMethodRunner.java:47)
	at junitparams.internal.ParameterisedTestMethodRunner.runTestMethod(ParameterisedTestMethodRunner.java:41)
	at junitparams.internal.ParameterisedTestClassRunner.runParameterisedTest(ParameterisedTestClassRunner.java:143)
	at junitparams.JUnitParamsRunner.runChild(JUnitParamsRunner.java:237)
	at junitparams.JUnitParamsRunner.runChild(JUnitParamsRunner.java:215)
	at org.junit.runners.ParentRunner$3.run(ParentRunner.java:193)
	at org.junit.runners.ParentRunner$1.schedule(ParentRunner.java:52)
	at org.junit.runners.ParentRunner.runChildren(ParentRunner.java:191)
	at org.junit.runners.ParentRunner.access$000(ParentRunner.java:42)
	at org.junit.runners.ParentRunner$2.evaluate(ParentRunner.java:184)
	at org.junit.internal.runners.statements.RunAfters.evaluate(RunAfters.java:31)
	at org.junit.runners.ParentRunner.run(ParentRunner.java:236)
	at org.junit.runners.Suite.runChild(Suite.java:128)
	at org.junit.runners.Suite.runChild(Suite.java:24)
	at org.junit.runners.ParentRunner$3.run(ParentRunner.java:193)
	at org.junit.runners.ParentRunner$1.schedule(ParentRunner.java:52)
	at org.junit.runners.ParentRunner.runChildren(ParentRunner.java:191)
	at org.junit.runners.ParentRunner.access$000(ParentRunner.java:42)
	at org.junit.runners.ParentRunner$2.evaluate(ParentRunner.java:184)
	at org.junit.runners.ParentRunner.run(ParentRunner.java:236)
	at junit.framework.JUnit4TestAdapter.run(JUnit4TestAdapter.java:39)
	at org.apache.tools.ant.taskdefs.optional.junit.JUnitTestRunner.run(JUnitTestRunner.java:535)
	at org.apache.tools.ant.taskdefs.optional.junit.JUnitTestRunner.launch(JUnitTestRunner.java:1182)
	at org.apache.tools.ant.taskdefs.optional.junit.JUnitTestRunner.main(JUnitTestRunner.java:1033)
Caused by: ptolemy.kernel.util.IllegalActionException: Error evaluating expression:
// Copyright (c) 2015-2017 The Regents of the University of California.
...
  in .configuration.actor library.Accessors.audio.AudioCapture.script
Because:
Failed to evaluate script.
  in .configuration.actor library.Accessors.audio.AudioCapture
Because:
ReferenceError: "exception" is not defined in /home/travis/build/icyphy/ptII/ptolemy/actor/lib/jjs/external/require.js at line number 439
  in .configuration.actor library.Accessors.audio.AudioCapture.script
Because:
Error evaluating expression:
// Copyright (c) 2015-2017 The Regents of the University of California.
...
  in .configuration.actor library.Accessors.audio.AudioCapture.script
Because:
Failed to evaluate script.
  in .configuration.actor library.Accessors.audio.AudioCapture
Because:
ReferenceError: "exception" is not defined in /home/travis/build/icyphy/ptII/ptolemy/actor/lib/jjs/external/require.js at line number 439
	at ptolemy.data.expr.Variable.validate(Variable.java:1619)
	at ptolemy.moml.MoMLParser.endDocument(MoMLParser.java:867)
	at com.microstar.xml.XmlParser.doParse(XmlParser.java:162)
	at com.microstar.xml.XmlParser.parse(XmlParser.java:132)
	at ptolemy.moml.MoMLParser.parse(MoMLParser.java:1676)
	at ptolemy.moml.MoMLParser.parse(MoMLParser.java:1617)
	at ptolemy.moml.MoMLParser.parse(MoMLParser.java:1792)
	at org.terraswarm.accessor.AccessorLibrary.populate(AccessorLibrary.java:194)
	... 81 more
Caused by: ptolemy.kernel.util.IllegalActionException: Error evaluating expression:
// Copyright (c) 2015-2017 The Regents of the University of California.
...
  in .configuration.actor library.Accessors.audio.AudioCapture.script
Because:
Failed to evaluate script.
  in .configuration.actor library.Accessors.audio.AudioCapture
Because:
ReferenceError: "exception" is not defined in /home/travis/build/icyphy/ptII/ptolemy/actor/lib/jjs/external/require.js at line number 439
	at ptolemy.data.expr.Variable._evaluate(Variable.java:1891)
	at ptolemy.data.expr.Variable._propagate(Variable.java:1984)
	at ptolemy.data.expr.Variable.validate(Variable.java:1596)
	... 88 more
Caused by: ptolemy.kernel.util.IllegalActionException: Failed to evaluate script.
  in .configuration.actor library.Accessors.audio.AudioCapture
Because:
ReferenceError: "exception" is not defined in /home/travis/build/icyphy/ptII/ptolemy/actor/lib/jjs/external/require.js at line number 439
	at ptolemy.actor.lib.jjs.JavaScript._createEngineAndEvaluateSetup(JavaScript.java:2497)
	at ptolemy.actor.lib.jjs.JavaScript.attributeChanged(JavaScript.java:548)
	at org.terraswarm.accessor.JSAccessor.attributeChanged(JSAccessor.java:312)
	at ptolemy.data.expr.Variable._setTokenAndNotify(Variable.java:2271)
	at ptolemy.data.expr.Variable._evaluate(Variable.java:1873)
	... 90 more
Caused by: javax.script.ScriptException: ReferenceError: "exception" is not defined in /home/travis/build/icyphy/ptII/ptolemy/actor/lib/jjs/external/require.js at line number 439
	at jdk.scripting.nashorn/jdk.nashorn.api.scripting.NashornScriptEngine.throwAsScriptException(NashornScriptEngine.java:469)
	at jdk.scripting.nashorn/jdk.nashorn.api.scripting.NashornScriptEngine.invokeImpl(NashornScriptEngine.java:391)
	at jdk.scripting.nashorn/jdk.nashorn.api.scripting.NashornScriptEngine.invokeFunction(NashornScriptEngine.java:189)
	at ptolemy.actor.lib.jjs.JavaScript._createEngineAndEvaluateSetup(JavaScript.java:2493)
	... 94 more
Caused by: /home/travis/build/icyphy/ptII/ptolemy/actor/lib/jjs/external/require.js:439 ReferenceError: "exception" is not defined
	at jdk.scripting.nashorn/jdk.nashorn.internal.runtime.ECMAErrors.error(ECMAErrors.java:57)
	at jdk.scripting.nashorn/jdk.nashorn.internal.runtime.ECMAErrors.referenceError(ECMAErrors.java:319)
	at jdk.scripting.nashorn/jdk.nashorn.internal.runtime.ECMAErrors.referenceError(ECMAErrors.java:291)
	at jdk.scripting.nashorn/jdk.nashorn.internal.objects.Global.__noSuchProperty__(Global.java:1615)
	at jdk.scripting.nashorn.scripts/jdk.nashorn.internal.scripts.Script$Recompilation$83104$require$cu1$restOf.L:45#_require(/home/travis/build/icyphy/ptII/ptolemy/actor/lib/jjs/external/require.js:439)
	at jdk.scripting.nashorn.scripts/jdk.nashorn.internal.scripts.Script$Recompilation$83016$21089A$require.L:45#_requireClosure#L:466(/home/travis/build/icyphy/ptII/ptolemy/actor/lib/jjs/external/require.js:467)
	at jdk.scripting.nashorn.scripts/jdk.nashorn.internal.scripts.Script$Recompilation$83090$1AAAAAAAAAAAAAA$\^function\_.L:1(<function>:97)
	at jdk.scripting.nashorn.scripts/jdk.nashorn.internal.scripts.Script$Recompilation$83089$17933AAAAAA$require$cu1$restOf.L:1#Accessor(/home/travis/build/icyphy/ptII/ptolemy/actor/lib/jjs/external/require.js#409:30<eval>:545)
	at jdk.scripting.nashorn.scripts/jdk.nashorn.internal.scripts.Script$Recompilation$83075$2801AAA$\^eval\_.evaluateCode(<eval>:96)
	at jdk.scripting.nashorn/jdk.nashorn.internal.runtime.ScriptFunctionData.invoke(ScriptFunctionData.java:661)
	at jdk.scripting.nashorn/jdk.nashorn.internal.runtime.ScriptFunction.invoke(ScriptFunction.java:513)
	at jdk.scripting.nashorn/jdk.nashorn.internal.runtime.ScriptRuntime.apply(ScriptRuntime.java:527)
	at jdk.scripting.nashorn/jdk.nashorn.api.scripting.ScriptObjectMirror.callMember(ScriptObjectMirror.java:198)
	at jdk.scripting.nashorn/jdk.nashorn.api.scripting.NashornScriptEngine.invokeImpl(NashornScriptEngine.java:385)
	... 96 more
Caused by: ptolemy.kernel.util.IllegalActionException: Error evaluating expression:
// Copyright (c) 2015-2017 The Regents of the University of California.
...
  in .configuration.actor library.Accessors.audio.AudioCapture.script
Because:
Failed to evaluate script.
  in .configuration.actor library.Accessors.audio.AudioCapture
Because:
ReferenceError: "exception" is not defined in /home/travis/build/icyphy/ptII/ptolemy/actor/lib/jjs/external/require.js at line number 439
  in .configuration.actor library.Accessors.audio.AudioCapture.script
Because:
Error evaluating expression:
// Copyright (c) 2015-2017 The Regents of the University of California.
...
  in .configuration.actor library.Accessors.audio.AudioCapture.script
Because:
Failed to evaluate script.
  in .configuration.actor library.Accessors.audio.AudioCapture
Because:
ReferenceError: "exception" is not defined in /home/travis/build/icyphy/ptII/ptolemy/actor/lib/jjs/external/require.js at line number 439
	at ptolemy.data.expr.Variable.validate(Variable.java:1619)
	at ptolemy.moml.MoMLParser.endDocument(MoMLParser.java:867)
	at com.microstar.xml.XmlParser.doParse(XmlParser.java:162)
	at com.microstar.xml.XmlParser.parse(XmlParser.java:132)
	at ptolemy.moml.MoMLParser.parse(MoMLParser.java:1676)
	at ptolemy.moml.MoMLParser.parse(MoMLParser.java:1617)
	at ptolemy.moml.MoMLParser.parse(MoMLParser.java:1792)
	at org.terraswarm.accessor.AccessorLibrary.populate(AccessorLibrary.java:194)
	at ptolemy.moml.EntityLibrary.classDefinitionList(EntityLibrary.java:307)
	at ptolemy.kernel.CompositeEntity._description(CompositeEntity.java:2292)
	at ptolemy.kernel.CompositeEntity._description(CompositeEntity.java:2307)
	at ptolemy.kernel.CompositeEntity._description(CompositeEntity.java:2307)
	at ptolemy.kernel.CompositeEntity._description(CompositeEntity.java:2307)
	at ptolemy.kernel.util.NamedObj.description(NamedObj.java:731)
	at ptolemy.kernel.util.NamedObj.description(NamedObj.java:715)
	at java.base/jdk.internal.reflect.NativeMethodAccessorImpl.invoke0(Native Method)
	at java.base/jdk.internal.reflect.NativeMethodAccessorImpl.invoke(NativeMethodAccessorImpl.java:62)
	at java.base/jdk.internal.reflect.DelegatingMethodAccessorImpl.invoke(DelegatingMethodAccessorImpl.java:43)
	at java.base/java.lang.reflect.Method.invoke(Method.java:564)
	at tcl.lang.reflect.PkgInvoker.invokeMethod(PkgInvoker.java:129)
	at tcl.lang.JavaInvoke.call(JavaInvoke.java:253)
	at tcl.lang.JavaInvoke.callMethod(JavaInvoke.java:116)
	at tcl.lang.ReflectObject.cmdProc(ReflectObject.java:727)
	at tcl.lang.Parser.evalObjv(Parser.java:740)
	at tcl.lang.Parser.eval2(Parser.java:1138)
	at tcl.lang.Parser.evalTokens(Parser.java:930)
	at tcl.lang.Parser.eval2(Parser.java:1125)
	at tcl.lang.Parser.evalTokens(Parser.java:930)
	at tcl.lang.Parser.eval2(Parser.java:1125)
	at tcl.lang.Interp.eval(Interp.java:1782)
	at tcl.lang.Interp.eval(Interp.java:1841)
	at tcl.lang.UplevelCmd.cmdProc(UplevelCmd.java:93)
	at tcl.lang.Parser.evalObjv(Parser.java:740)
	at tcl.lang.Parser.eval2(Parser.java:1138)
	at tcl.lang.Interp.eval(Interp.java:1782)
	at tcl.lang.Interp.eval(Interp.java:1841)
	at tcl.lang.CatchCmd.cmdProc(CatchCmd.java:42)
	at tcl.lang.Parser.evalObjv(Parser.java:740)
	at tcl.lang.Parser.eval2(Parser.java:1138)
	at tcl.lang.Parser.evalTokens(Parser.java:930)
	at tcl.lang.Parser.eval2(Parser.java:1125)
	at tcl.lang.Procedure.cmdProc(Procedure.java:175)
	at tcl.lang.Parser.evalObjv(Parser.java:740)
	at tcl.lang.Parser.eval2(Parser.java:1138)
	at tcl.lang.Interp.eval(Interp.java:1782)
	at tcl.lang.Interp.eval(Interp.java:1841)
	at tcl.lang.ForeachCmd.cmdProc(ForeachCmd.java:116)
	at tcl.lang.AutoloadStub.cmdProc(Extension.java:144)
	at tcl.lang.Parser.evalObjv(Parser.java:740)
	at tcl.lang.Parser.eval2(Parser.java:1138)
	at tcl.lang.Interp.eval(Interp.java:1782)
	at tcl.lang.Interp.evalFile(Interp.java:1880)
	at java.base/jdk.internal.reflect.NativeMethodAccessorImpl.invoke0(Native Method)
	at java.base/jdk.internal.reflect.NativeMethodAccessorImpl.invoke(NativeMethodAccessorImpl.java:62)
	at java.base/jdk.internal.reflect.DelegatingMethodAccessorImpl.invoke(DelegatingMethodAccessorImpl.java:43)
	at java.base/java.lang.reflect.Method.invoke(Method.java:564)
	at ptolemy.util.test.junit.TclTests.RunTclFile(TclTests.java:233)
	at java.base/jdk.internal.reflect.NativeMethodAccessorImpl.invoke0(Native Method)
	at java.base/jdk.internal.reflect.NativeMethodAccessorImpl.invoke(NativeMethodAccessorImpl.java:62)
	at java.base/jdk.internal.reflect.DelegatingMethodAccessorImpl.invoke(DelegatingMethodAccessorImpl.java:43)
	at java.base/java.lang.reflect.Method.invoke(Method.java:564)
	at org.junit.runners.model.FrameworkMethod$1.runReflectiveCall(FrameworkMethod.java:44)
	at org.junit.internal.runners.model.ReflectiveCallable.run(ReflectiveCallable.java:15)
	at org.junit.runners.model.FrameworkMethod.invokeExplosively(FrameworkMethod.java:41)
	at junitparams.internal.InvokeParameterisedMethod.evaluate(InvokeParameterisedMethod.java:102)
	at junitparams.internal.ParameterisedTestMethodRunner.runMethodInvoker(ParameterisedTestMethodRunner.java:47)
	at junitparams.internal.ParameterisedTestMethodRunner.runTestMethod(ParameterisedTestMethodRunner.java:41)
	at junitparams.internal.ParameterisedTestClassRunner.runParameterisedTest(ParameterisedTestClassRunner.java:143)
	at junitparams.JUnitParamsRunner.runChild(JUnitParamsRunner.java:237)
	at junitparams.JUnitParamsRunner.runChild(JUnitParamsRunner.java:215)
	at org.junit.runners.ParentRunner$3.run(ParentRunner.java:193)
	at org.junit.runners.ParentRunner$1.schedule(ParentRunner.java:52)
	at org.junit.runners.ParentRunner.runChildren(ParentRunner.java:191)
	at org.junit.runners.ParentRunner.access$000(ParentRunner.java:42)
	at org.junit.runners.ParentRunner$2.evaluate(ParentRunner.java:184)
	at org.junit.internal.runners.statements.RunAfters.evaluate(RunAfters.java:31)
	at org.junit.runners.ParentRunner.run(ParentRunner.java:236)
	at org.junit.runners.Suite.runChild(Suite.java:128)
	at org.junit.runners.Suite.runChild(Suite.java:24)
	at org.junit.runners.ParentRunner$3.run(ParentRunner.java:193)
	at org.junit.runners.ParentRunner$1.schedule(ParentRunner.java:52)
	at org.junit.runners.ParentRunner.runChildren(ParentRunner.java:191)
	at org.junit.runners.ParentRunner.access$000(ParentRunner.java:42)
	at org.junit.runners.ParentRunner$2.evaluate(ParentRunner.java:184)
	at org.junit.runners.ParentRunner.run(ParentRunner.java:236)
	at junit.framework.JUnit4TestAdapter.run(JUnit4TestAdapter.java:39)
	at org.apache.tools.ant.taskdefs.optional.junit.JUnitTestRunner.run(JUnitTestRunner.java:535)
	at org.apache.tools.ant.taskdefs.optional.junit.JUnitTestRunner.launch(JUnitTestRunner.java:1182)
	at org.apache.tools.ant.taskdefs.optional.junit.JUnitTestRunner.main(JUnitTestRunner.java:1033)
Caused by: ptolemy.kernel.util.IllegalActionException: Error evaluating expression:
// Copyright (c) 2015-2017 The Regents of the University of California.
...
  in .configuration.actor library.Accessors.audio.AudioCapture.script
Because:
Failed to evaluate script.
  in .configuration.actor library.Accessors.audio.AudioCapture
Because:
ReferenceError: "exception" is not defined in /home/travis/build/icyphy/ptII/ptolemy/actor/lib/jjs/external/require.js at line number 439
	at ptolemy.data.expr.Variable._evaluate(Variable.java:1891)
	at ptolemy.data.expr.Variable._propagate(Variable.java:1984)
	at ptolemy.data.expr.Variable.validate(Variable.java:1596)
	... 88 more
Caused by: ptolemy.kernel.util.IllegalActionException: Failed to evaluate script.
  in .configuration.actor library.Accessors.audio.AudioCapture
Because:
ReferenceError: "exception" is not defined in /home/travis/build/icyphy/ptII/ptolemy/actor/lib/jjs/external/require.js at line number 439
	at ptolemy.actor.lib.jjs.JavaScript._createEngineAndEvaluateSetup(JavaScript.java:2497)
	at ptolemy.actor.lib.jjs.JavaScript.attributeChanged(JavaScript.java:548)
	at org.terraswarm.accessor.JSAccessor.attributeChanged(JSAccessor.java:312)
	at ptolemy.data.expr.Variable._setTokenAndNotify(Variable.java:2271)
	at ptolemy.data.expr.Variable._evaluate(Variable.java:1873)
	... 90 more
Caused by: javax.script.ScriptException: ReferenceError: "exception" is not defined in /home/travis/build/icyphy/ptII/ptolemy/actor/lib/jjs/external/require.js at line number 439
	at jdk.scripting.nashorn/jdk.nashorn.api.scripting.NashornScriptEngine.throwAsScriptException(NashornScriptEngine.java:469)
	at jdk.scripting.nashorn/jdk.nashorn.api.scripting.NashornScriptEngine.invokeImpl(NashornScriptEngine.java:391)
	at jdk.scripting.nashorn/jdk.nashorn.api.scripting.NashornScriptEngine.invokeFunction(NashornScriptEngine.java:189)
	at ptolemy.actor.lib.jjs.JavaScript._createEngineAndEvaluateSetup(JavaScript.java:2493)
	... 94 more
Caused by: /home/travis/build/icyphy/ptII/ptolemy/actor/lib/jjs/external/require.js:439 ReferenceError: "exception" is not defined
	at jdk.scripting.nashorn/jdk.nashorn.internal.runtime.ECMAErrors.error(ECMAErrors.java:57)
	at jdk.scripting.nashorn/jdk.nashorn.internal.runtime.ECMAErrors.referenceError(ECMAErrors.java:319)
	at jdk.scripting.nashorn/jdk.nashorn.internal.runtime.ECMAErrors.referenceError(ECMAErrors.java:291)
	at jdk.scripting.nashorn/jdk.nashorn.internal.objects.Global.__noSuchProperty__(Global.java:1615)
	at jdk.scripting.nashorn.scripts/jdk.nashorn.internal.scripts.Script$Recompilation$83104$require$cu1$restOf.L:45#_require(/home/travis/build/icyphy/ptII/ptolemy/actor/lib/jjs/external/require.js:439)
	at jdk.scripting.nashorn.scripts/jdk.nashorn.internal.scripts.Script$Recompilation$83016$21089A$require.L:45#_requireClosure#L:466(/home/travis/build/icyphy/ptII/ptolemy/actor/lib/jjs/external/require.js:467)
	at jdk.scripting.nashorn.scripts/jdk.nashorn.internal.scripts.Script$Recompilation$83090$1AAAAAAAAAAAAAA$\^function\_.L:1(<function>:97)
	at jdk.scripting.nashorn.scripts/jdk.nashorn.internal.scripts.Script$Recompilation$83089$17933AAAAAA$require$cu1$restOf.L:1#Accessor(/home/travis/build/icyphy/ptII/ptolemy/actor/lib/jjs/external/require.js#409:30<eval>:545)
	at jdk.scripting.nashorn.scripts/jdk.nashorn.internal.scripts.Script$Recompilation$83075$2801AAA$\^eval\_.evaluateCode(<eval>:96)
	at jdk.scripting.nashorn/jdk.nashorn.internal.runtime.ScriptFunctionData.invoke(ScriptFunctionData.java:661)
	at jdk.scripting.nashorn/jdk.nashorn.internal.runtime.ScriptFunction.invoke(ScriptFunction.java:513)
	at jdk.scripting.nashorn/jdk.nashorn.internal.runtime.ScriptRuntime.apply(ScriptRuntime.java:527)
	at jdk.scripting.nashorn/jdk.nashorn.api.scripting.ScriptObjectMirror.callMember(ScriptObjectMirror.java:198)
	at jdk.scripting.nashorn/jdk.nashorn.api.scripting.NashornScriptEngine.invokeImpl(NashornScriptEngine.java:385)
	... 96 more
Caused by: ptolemy.kernel.util.IllegalActionException: Error evaluating expression:
// Copyright (c) 2015-2017 The Regents of the University of California.
...
  in .configuration.actor library.Accessors.audio.AudioCapture.script
Because:
Failed to evaluate script.
  in .configuration.actor library.Accessors.audio.AudioCapture
Because:
ReferenceError: "exception" is not defined in /home/travis/build/icyphy/ptII/ptolemy/actor/lib/jjs/external/require.js at line number 439
	at ptolemy.data.expr.Variable._evaluate(Variable.java:1891)
	at ptolemy.data.expr.Variable._propagate(Variable.java:1984)
	at ptolemy.data.expr.Variable.validate(Variable.java:1596)
	at ptolemy.moml.MoMLParser.endDocument(MoMLParser.java:867)
	at com.microstar.xml.XmlParser.doParse(XmlParser.java:162)
	at com.microstar.xml.XmlParser.parse(XmlParser.java:132)
	at ptolemy.moml.MoMLParser.parse(MoMLParser.java:1676)
	at ptolemy.moml.MoMLParser.parse(MoMLParser.java:1617)
	at ptolemy.moml.MoMLParser.parse(MoMLParser.java:1792)
	at org.terraswarm.accessor.AccessorLibrary.populate(AccessorLibrary.java:194)
	at ptolemy.moml.EntityLibrary.classDefinitionList(EntityLibrary.java:307)
	at ptolemy.kernel.CompositeEntity._description(CompositeEntity.java:2292)
	at ptolemy.kernel.CompositeEntity._description(CompositeEntity.java:2307)
	at ptolemy.kernel.CompositeEntity._description(CompositeEntity.java:2307)
	at ptolemy.kernel.CompositeEntity._description(CompositeEntity.java:2307)
	at ptolemy.kernel.util.NamedObj.description(NamedObj.java:731)
	at ptolemy.kernel.util.NamedObj.description(NamedObj.java:715)
	at java.base/jdk.internal.reflect.NativeMethodAccessorImpl.invoke0(Native Method)
	at java.base/jdk.internal.reflect.NativeMethodAccessorImpl.invoke(NativeMethodAccessorImpl.java:62)
	at java.base/jdk.internal.reflect.DelegatingMethodAccessorImpl.invoke(DelegatingMethodAccessorImpl.java:43)
	at java.base/java.lang.reflect.Method.invoke(Method.java:564)
	at tcl.lang.reflect.PkgInvoker.invokeMethod(PkgInvoker.java:129)
	at tcl.lang.JavaInvoke.call(JavaInvoke.java:253)
	at tcl.lang.JavaInvoke.callMethod(JavaInvoke.java:116)
	at tcl.lang.ReflectObject.cmdProc(ReflectObject.java:727)
	at tcl.lang.Parser.evalObjv(Parser.java:740)
	at tcl.lang.Parser.eval2(Parser.java:1138)
	at tcl.lang.Parser.evalTokens(Parser.java:930)
	at tcl.lang.Parser.eval2(Parser.java:1125)
	at tcl.lang.Parser.evalTokens(Parser.java:930)
	at tcl.lang.Parser.eval2(Parser.java:1125)
	at tcl.lang.Interp.eval(Interp.java:1782)
	at tcl.lang.Interp.eval(Interp.java:1841)
	at tcl.lang.UplevelCmd.cmdProc(UplevelCmd.java:93)
	at tcl.lang.Parser.evalObjv(Parser.java:740)
	at tcl.lang.Parser.eval2(Parser.java:1138)
	at tcl.lang.Interp.eval(Interp.java:1782)
	at tcl.lang.Interp.eval(Interp.java:1841)
	at tcl.lang.CatchCmd.cmdProc(CatchCmd.java:42)
	at tcl.lang.Parser.evalObjv(Parser.java:740)
	at tcl.lang.Parser.eval2(Parser.java:1138)
	at tcl.lang.Parser.evalTokens(Parser.java:930)
	at tcl.lang.Parser.eval2(Parser.java:1125)
	at tcl.lang.Procedure.cmdProc(Procedure.java:175)
	at tcl.lang.Parser.evalObjv(Parser.java:740)
	at tcl.lang.Parser.eval2(Parser.java:1138)
	at tcl.lang.Interp.eval(Interp.java:1782)
	at tcl.lang.Interp.eval(Interp.java:1841)
	at tcl.lang.ForeachCmd.cmdProc(ForeachCmd.java:116)
	at tcl.lang.AutoloadStub.cmdProc(Extension.java:144)
	at tcl.lang.Parser.evalObjv(Parser.java:740)
	at tcl.lang.Parser.eval2(Parser.java:1138)
	at tcl.lang.Interp.eval(Interp.java:1782)
	at tcl.lang.Interp.evalFile(Interp.java:1880)
	at java.base/jdk.internal.reflect.NativeMethodAccessorImpl.invoke0(Native Method)
	at java.base/jdk.internal.reflect.NativeMethodAccessorImpl.invoke(NativeMethodAccessorImpl.java:62)
	at java.base/jdk.internal.reflect.DelegatingMethodAccessorImpl.invoke(DelegatingMethodAccessorImpl.java:43)
	at java.base/java.lang.reflect.Method.invoke(Method.java:564)
	at ptolemy.util.test.junit.TclTests.RunTclFile(TclTests.java:233)
	at java.base/jdk.internal.reflect.NativeMethodAccessorImpl.invoke0(Native Method)
	at java.base/jdk.internal.reflect.NativeMethodAccessorImpl.invoke(NativeMethodAccessorImpl.java:62)
	at java.base/jdk.internal.reflect.DelegatingMethodAccessorImpl.invoke(DelegatingMethodAccessorImpl.java:43)
	at java.base/java.lang.reflect.Method.invoke(Method.java:564)
	at org.junit.runners.model.FrameworkMethod$1.runReflectiveCall(FrameworkMethod.java:44)
	at org.junit.internal.runners.model.ReflectiveCallable.run(ReflectiveCallable.java:15)
	at org.junit.runners.model.FrameworkMethod.invokeExplosively(FrameworkMethod.java:41)
	at junitparams.internal.InvokeParameterisedMethod.evaluate(InvokeParameterisedMethod.java:102)
	at junitparams.internal.ParameterisedTestMethodRunner.runMethodInvoker(ParameterisedTestMethodRunner.java:47)
	at junitparams.internal.ParameterisedTestMethodRunner.runTestMethod(ParameterisedTestMethodRunner.java:41)
	at junitparams.internal.ParameterisedTestClassRunner.runParameterisedTest(ParameterisedTestClassRunner.java:143)
	at junitparams.JUnitParamsRunner.runChild(JUnitParamsRunner.java:237)
	at junitparams.JUnitParamsRunner.runChild(JUnitParamsRunner.java:215)
	at org.junit.runners.ParentRunner$3.run(ParentRunner.java:193)
	at org.junit.runners.ParentRunner$1.schedule(ParentRunner.java:52)
	at org.junit.runners.ParentRunner.runChildren(ParentRunner.java:191)
	at org.junit.runners.ParentRunner.access$000(ParentRunner.java:42)
	at org.junit.runners.ParentRunner$2.evaluate(ParentRunner.java:184)
	at org.junit.internal.runners.statements.RunAfters.evaluate(RunAfters.java:31)
	at org.junit.runners.ParentRunner.run(ParentRunner.java:236)
	at org.junit.runners.Suite.runChild(Suite.java:128)
	at org.junit.runners.Suite.runChild(Suite.java:24)
	at org.junit.runners.ParentRunner$3.run(ParentRunner.java:193)
	at org.junit.runners.ParentRunner$1.schedule(ParentRunner.java:52)
	at org.junit.runners.ParentRunner.runChildren(ParentRunner.java:191)
	at org.junit.runners.ParentRunner.access$000(ParentRunner.java:42)
	at org.junit.runners.ParentRunner$2.evaluate(ParentRunner.java:184)
	at org.junit.runners.ParentRunner.run(ParentRunner.java:236)
	at junit.framework.JUnit4TestAdapter.run(JUnit4TestAdapter.java:39)
	at org.apache.tools.ant.taskdefs.optional.junit.JUnitTestRunner.run(JUnitTestRunner.java:535)
	at org.apache.tools.ant.taskdefs.optional.junit.JUnitTestRunner.launch(JUnitTestRunner.java:1182)
	at org.apache.tools.ant.taskdefs.optional.junit.JUnitTestRunner.main(JUnitTestRunner.java:1033)
Caused by: ptolemy.kernel.util.IllegalActionException: Failed to evaluate script.
  in .configuration.actor library.Accessors.audio.AudioCapture
Because:
ReferenceError: "exception" is not defined in /home/travis/build/icyphy/ptII/ptolemy/actor/lib/jjs/external/require.js at line number 439
	at ptolemy.actor.lib.jjs.JavaScript._createEngineAndEvaluateSetup(JavaScript.java:2497)
	at ptolemy.actor.lib.jjs.JavaScript.attributeChanged(JavaScript.java:548)
	at org.terraswarm.accessor.JSAccessor.attributeChanged(JSAccessor.java:312)
	at ptolemy.data.expr.Variable._setTokenAndNotify(Variable.java:2271)
	at ptolemy.data.expr.Variable._evaluate(Variable.java:1873)
	... 90 more
Caused by: javax.script.ScriptException: ReferenceError: "exception" is not defined in /home/travis/build/icyphy/ptII/ptolemy/actor/lib/jjs/external/require.js at line number 439
	at jdk.scripting.nashorn/jdk.nashorn.api.scripting.NashornScriptEngine.throwAsScriptException(NashornScriptEngine.java:469)
	at jdk.scripting.nashorn/jdk.nashorn.api.scripting.NashornScriptEngine.invokeImpl(NashornScriptEngine.java:391)
	at jdk.scripting.nashorn/jdk.nashorn.api.scripting.NashornScriptEngine.invokeFunction(NashornScriptEngine.java:189)
	at ptolemy.actor.lib.jjs.JavaScript._createEngineAndEvaluateSetup(JavaScript.java:2493)
	... 94 more
Caused by: /home/travis/build/icyphy/ptII/ptolemy/actor/lib/jjs/external/require.js:439 ReferenceError: "exception" is not defined
	at jdk.scripting.nashorn/jdk.nashorn.internal.runtime.ECMAErrors.error(ECMAErrors.java:57)
	at jdk.scripting.nashorn/jdk.nashorn.internal.runtime.ECMAErrors.referenceError(ECMAErrors.java:319)
	at jdk.scripting.nashorn/jdk.nashorn.internal.runtime.ECMAErrors.referenceError(ECMAErrors.java:291)
	at jdk.scripting.nashorn/jdk.nashorn.internal.objects.Global.__noSuchProperty__(Global.java:1615)
	at jdk.scripting.nashorn.scripts/jdk.nashorn.internal.scripts.Script$Recompilation$83104$require$cu1$restOf.L:45#_require(/home/travis/build/icyphy/ptII/ptolemy/actor/lib/jjs/external/require.js:439)
	at jdk.scripting.nashorn.scripts/jdk.nashorn.internal.scripts.Script$Recompilation$83016$21089A$require.L:45#_requireClosure#L:466(/home/travis/build/icyphy/ptII/ptolemy/actor/lib/jjs/external/require.js:467)
	at jdk.scripting.nashorn.scripts/jdk.nashorn.internal.scripts.Script$Recompilation$83090$1AAAAAAAAAAAAAA$\^function\_.L:1(<function>:97)
	at jdk.scripting.nashorn.scripts/jdk.nashorn.internal.scripts.Script$Recompilation$83089$17933AAAAAA$require$cu1$restOf.L:1#Accessor(/home/travis/build/icyphy/ptII/ptolemy/actor/lib/jjs/external/require.js#409:30<eval>:545)
	at jdk.scripting.nashorn.scripts/jdk.nashorn.internal.scripts.Script$Recompilation$83075$2801AAA$\^eval\_.evaluateCode(<eval>:96)
	at jdk.scripting.nashorn/jdk.nashorn.internal.runtime.ScriptFunctionData.invoke(ScriptFunctionData.java:661)
	at jdk.scripting.nashorn/jdk.nashorn.internal.runtime.ScriptFunction.invoke(ScriptFunction.java:513)
	at jdk.scripting.nashorn/jdk.nashorn.internal.runtime.ScriptRuntime.apply(ScriptRuntime.java:527)
	at jdk.scripting.nashorn/jdk.nashorn.api.scripting.ScriptObjectMirror.callMember(ScriptObjectMirror.java:198)
	at jdk.scripting.nashorn/jdk.nashorn.api.scripting.NashornScriptEngine.invokeImpl(NashornScriptEngine.java:385)
	... 96 more
Caused by: ptolemy.kernel.util.IllegalActionException: Failed to evaluate script.
  in .configuration.actor library.Accessors.audio.AudioCapture
Because:
ReferenceError: "exception" is not defined in /home/travis/build/icyphy/ptII/ptolemy/actor/lib/jjs/external/require.js at line number 439
	at ptolemy.actor.lib.jjs.JavaScript._createEngineAndEvaluateSetup(JavaScript.java:2497)
	at ptolemy.actor.lib.jjs.JavaScript.attributeChanged(JavaScript.java:548)
	at org.terraswarm.accessor.JSAccessor.attributeChanged(JSAccessor.java:312)
	at ptolemy.data.expr.Variable._setTokenAndNotify(Variable.java:2271)
	at ptolemy.data.expr.Variable._evaluate(Variable.java:1873)
	at ptolemy.data.expr.Variable._propagate(Variable.java:1984)
	at ptolemy.data.expr.Variable.validate(Variable.java:1596)
	at ptolemy.moml.MoMLParser.endDocument(MoMLParser.java:867)
	at com.microstar.xml.XmlParser.doParse(XmlParser.java:162)
	at com.microstar.xml.XmlParser.parse(XmlParser.java:132)
	at ptolemy.moml.MoMLParser.parse(MoMLParser.java:1676)
	at ptolemy.moml.MoMLParser.parse(MoMLParser.java:1617)
	at ptolemy.moml.MoMLParser.parse(MoMLParser.java:1792)
	at org.terraswarm.accessor.AccessorLibrary.populate(AccessorLibrary.java:194)
	at ptolemy.moml.EntityLibrary.classDefinitionList(EntityLibrary.java:307)
	at ptolemy.kernel.CompositeEntity._description(CompositeEntity.java:2292)
	at ptolemy.kernel.CompositeEntity._description(CompositeEntity.java:2307)
	at ptolemy.kernel.CompositeEntity._description(CompositeEntity.java:2307)
	at ptolemy.kernel.CompositeEntity._description(CompositeEntity.java:2307)
	at ptolemy.kernel.util.NamedObj.description(NamedObj.java:731)
	at ptolemy.kernel.util.NamedObj.description(NamedObj.java:715)
	at java.base/jdk.internal.reflect.NativeMethodAccessorImpl.invoke0(Native Method)
	at java.base/jdk.internal.reflect.NativeMethodAccessorImpl.invoke(NativeMethodAccessorImpl.java:62)
	at java.base/jdk.internal.reflect.DelegatingMethodAccessorImpl.invoke(DelegatingMethodAccessorImpl.java:43)
	at java.base/java.lang.reflect.Method.invoke(Method.java:564)
	at tcl.lang.reflect.PkgInvoker.invokeMethod(PkgInvoker.java:129)
	at tcl.lang.JavaInvoke.call(JavaInvoke.java:253)
	at tcl.lang.JavaInvoke.callMethod(JavaInvoke.java:116)
	at tcl.lang.ReflectObject.cmdProc(ReflectObject.java:727)
	at tcl.lang.Parser.evalObjv(Parser.java:740)
	at tcl.lang.Parser.eval2(Parser.java:1138)
	at tcl.lang.Parser.evalTokens(Parser.java:930)
	at tcl.lang.Parser.eval2(Parser.java:1125)
	at tcl.lang.Parser.evalTokens(Parser.java:930)
	at tcl.lang.Parser.eval2(Parser.java:1125)
	at tcl.lang.Interp.eval(Interp.java:1782)
	at tcl.lang.Interp.eval(Interp.java:1841)
	at tcl.lang.UplevelCmd.cmdProc(UplevelCmd.java:93)
	at tcl.lang.Parser.evalObjv(Parser.java:740)
	at tcl.lang.Parser.eval2(Parser.java:1138)
	at tcl.lang.Interp.eval(Interp.java:1782)
	at tcl.lang.Interp.eval(Interp.java:1841)
	at tcl.lang.CatchCmd.cmdProc(CatchCmd.java:42)
	at tcl.lang.Parser.evalObjv(Parser.java:740)
	at tcl.lang.Parser.eval2(Parser.java:1138)
	at tcl.lang.Parser.evalTokens(Parser.java:930)
	at tcl.lang.Parser.eval2(Parser.java:1125)
	at tcl.lang.Procedure.cmdProc(Procedure.java:175)
	at tcl.lang.Parser.evalObjv(Parser.java:740)
	at tcl.lang.Parser.eval2(Parser.java:1138)
	at tcl.lang.Interp.eval(Interp.java:1782)
	at tcl.lang.Interp.eval(Interp.java:1841)
	at tcl.lang.ForeachCmd.cmdProc(ForeachCmd.java:116)
	at tcl.lang.AutoloadStub.cmdProc(Extension.java:144)
	at tcl.lang.Parser.evalObjv(Parser.java:740)
	at tcl.lang.Parser.eval2(Parser.java:1138)
	at tcl.lang.Interp.eval(Interp.java:1782)
	at tcl.lang.Interp.evalFile(Interp.java:1880)
	at java.base/jdk.internal.reflect.NativeMethodAccessorImpl.invoke0(Native Method)
	at java.base/jdk.internal.reflect.NativeMethodAccessorImpl.invoke(NativeMethodAccessorImpl.java:62)
	at java.base/jdk.internal.reflect.DelegatingMethodAccessorImpl.invoke(DelegatingMethodAccessorImpl.java:43)
	at java.base/java.lang.reflect.Method.invoke(Method.java:564)
	at ptolemy.util.test.junit.TclTests.RunTclFile(TclTests.java:233)
	at java.base/jdk.internal.reflect.NativeMethodAccessorImpl.invoke0(Native Method)
	at java.base/jdk.internal.reflect.NativeMethodAccessorImpl.invoke(NativeMethodAccessorImpl.java:62)
	at java.base/jdk.internal.reflect.DelegatingMethodAccessorImpl.invoke(DelegatingMethodAccessorImpl.java:43)
	at java.base/java.lang.reflect.Method.invoke(Method.java:564)
	at org.junit.runners.model.FrameworkMethod$1.runReflectiveCall(FrameworkMethod.java:44)
	at org.junit.internal.runners.model.ReflectiveCallable.run(ReflectiveCallable.java:15)
	at org.junit.runners.model.FrameworkMethod.invokeExplosively(FrameworkMethod.java:41)
	at junitparams.internal.InvokeParameterisedMethod.evaluate(InvokeParameterisedMethod.java:102)
	at junitparams.internal.ParameterisedTestMethodRunner.runMethodInvoker(ParameterisedTestMethodRunner.java:47)
	at junitparams.internal.ParameterisedTestMethodRunner.runTestMethod(ParameterisedTestMethodRunner.java:41)
	at junitparams.internal.ParameterisedTestClassRunner.runParameterisedTest(ParameterisedTestClassRunner.java:143)
	at junitparams.JUnitParamsRunner.runChild(JUnitParamsRunner.java:237)
	at junitparams.JUnitParamsRunner.runChild(JUnitParamsRunner.java:215)
	at org.junit.runners.ParentRunner$3.run(ParentRunner.java:193)
	at org.junit.runners.ParentRunner$1.schedule(ParentRunner.java:52)
	at org.junit.runners.ParentRunner.runChildren(ParentRunner.java:191)
	at org.junit.runners.ParentRunner.access$000(ParentRunner.java:42)
	at org.junit.runners.ParentRunner$2.evaluate(ParentRunner.java:184)
	at org.junit.internal.runners.statements.RunAfters.evaluate(RunAfters.java:31)
	at org.junit.runners.ParentRunner.run(ParentRunner.java:236)
	at org.junit.runners.Suite.runChild(Suite.java:128)
	at org.junit.runners.Suite.runChild(Suite.java:24)
	at org.junit.runners.ParentRunner$3.run(ParentRunner.java:193)
	at org.junit.runners.ParentRunner$1.schedule(ParentRunner.java:52)
	at org.junit.runners.ParentRunner.runChildren(ParentRunner.java:191)
	at org.junit.runners.ParentRunner.access$000(ParentRunner.java:42)
	at org.junit.runners.ParentRunner$2.evaluate(ParentRunner.java:184)
	at org.junit.runners.ParentRunner.run(ParentRunner.java:236)
	at junit.framework.JUnit4TestAdapter.run(JUnit4TestAdapter.java:39)
	at org.apache.tools.ant.taskdefs.optional.junit.JUnitTestRunner.run(JUnitTestRunner.java:535)
	at org.apache.tools.ant.taskdefs.optional.junit.JUnitTestRunner.launch(JUnitTestRunner.java:1182)
	at org.apache.tools.ant.taskdefs.optional.junit.JUnitTestRunner.main(JUnitTestRunner.java:1033)
Caused by: javax.script.ScriptException: ReferenceError: "exception" is not defined in /home/travis/build/icyphy/ptII/ptolemy/actor/lib/jjs/external/require.js at line number 439
	at jdk.scripting.nashorn/jdk.nashorn.api.scripting.NashornScriptEngine.throwAsScriptException(NashornScriptEngine.java:469)
	at jdk.scripting.nashorn/jdk.nashorn.api.scripting.NashornScriptEngine.invokeImpl(NashornScriptEngine.java:391)
	at jdk.scripting.nashorn/jdk.nashorn.api.scripting.NashornScriptEngine.invokeFunction(NashornScriptEngine.java:189)
	at ptolemy.actor.lib.jjs.JavaScript._createEngineAndEvaluateSetup(JavaScript.java:2493)
	... 94 more
Caused by: /home/travis/build/icyphy/ptII/ptolemy/actor/lib/jjs/external/require.js:439 ReferenceError: "exception" is not defined
	at jdk.scripting.nashorn/jdk.nashorn.internal.runtime.ECMAErrors.error(ECMAErrors.java:57)
	at jdk.scripting.nashorn/jdk.nashorn.internal.runtime.ECMAErrors.referenceError(ECMAErrors.java:319)
	at jdk.scripting.nashorn/jdk.nashorn.internal.runtime.ECMAErrors.referenceError(ECMAErrors.java:291)
	at jdk.scripting.nashorn/jdk.nashorn.internal.objects.Global.__noSuchProperty__(Global.java:1615)
	at jdk.scripting.nashorn.scripts/jdk.nashorn.internal.scripts.Script$Recompilation$83104$require$cu1$restOf.L:45#_require(/home/travis/build/icyphy/ptII/ptolemy/actor/lib/jjs/external/require.js:439)
	at jdk.scripting.nashorn.scripts/jdk.nashorn.internal.scripts.Script$Recompilation$83016$21089A$require.L:45#_requireClosure#L:466(/home/travis/build/icyphy/ptII/ptolemy/actor/lib/jjs/external/require.js:467)
	at jdk.scripting.nashorn.scripts/jdk.nashorn.internal.scripts.Script$Recompilation$83090$1AAAAAAAAAAAAAA$\^function\_.L:1(<function>:97)
	at jdk.scripting.nashorn.scripts/jdk.nashorn.internal.scripts.Script$Recompilation$83089$17933AAAAAA$require$cu1$restOf.L:1#Accessor(/home/travis/build/icyphy/ptII/ptolemy/actor/lib/jjs/external/require.js#409:30<eval>:545)
	at jdk.scripting.nashorn.scripts/jdk.nashorn.internal.scripts.Script$Recompilation$83075$2801AAA$\^eval\_.evaluateCode(<eval>:96)
	at jdk.scripting.nashorn/jdk.nashorn.internal.runtime.ScriptFunctionData.invoke(ScriptFunctionData.java:661)
	at jdk.scripting.nashorn/jdk.nashorn.internal.runtime.ScriptFunction.invoke(ScriptFunction.java:513)
	at jdk.scripting.nashorn/jdk.nashorn.internal.runtime.ScriptRuntime.apply(ScriptRuntime.java:527)
	at jdk.scripting.nashorn/jdk.nashorn.api.scripting.ScriptObjectMirror.callMember(ScriptObjectMirror.java:198)
	at jdk.scripting.nashorn/jdk.nashorn.api.scripting.NashornScriptEngine.invokeImpl(NashornScriptEngine.java:385)
	... 96 more
Caused by: javax.script.ScriptException: ReferenceError: "exception" is not defined in /home/travis/build/icyphy/ptII/ptolemy/actor/lib/jjs/external/require.js at line number 439
	at jdk.scripting.nashorn/jdk.nashorn.api.scripting.NashornScriptEngine.throwAsScriptException(NashornScriptEngine.java:469)
	at jdk.scripting.nashorn/jdk.nashorn.api.scripting.NashornScriptEngine.invokeImpl(NashornScriptEngine.java:391)
	at jdk.scripting.nashorn/jdk.nashorn.api.scripting.NashornScriptEngine.invokeFunction(NashornScriptEngine.java:189)
	at ptolemy.actor.lib.jjs.JavaScript._createEngineAndEvaluateSetup(JavaScript.java:2493)
	at ptolemy.actor.lib.jjs.JavaScript.attributeChanged(JavaScript.java:548)
	at org.terraswarm.accessor.JSAccessor.attributeChanged(JSAccessor.java:312)
	at ptolemy.data.expr.Variable._setTokenAndNotify(Variable.java:2271)
	at ptolemy.data.expr.Variable._evaluate(Variable.java:1873)
	at ptolemy.data.expr.Variable._propagate(Variable.java:1984)
	at ptolemy.data.expr.Variable.validate(Variable.java:1596)
	at ptolemy.moml.MoMLParser.endDocument(MoMLParser.java:867)
	at com.microstar.xml.XmlParser.doParse(XmlParser.java:162)
	at com.microstar.xml.XmlParser.parse(XmlParser.java:132)
	at ptolemy.moml.MoMLParser.parse(MoMLParser.java:1676)
	at ptolemy.moml.MoMLParser.parse(MoMLParser.java:1617)
	at ptolemy.moml.MoMLParser.parse(MoMLParser.java:1792)
	at org.terraswarm.accessor.AccessorLibrary.populate(AccessorLibrary.java:194)
	at ptolemy.moml.EntityLibrary.classDefinitionList(EntityLibrary.java:307)
	at ptolemy.kernel.CompositeEntity._description(CompositeEntity.java:2292)
	at ptolemy.kernel.CompositeEntity._description(CompositeEntity.java:2307)
	at ptolemy.kernel.CompositeEntity._description(CompositeEntity.java:2307)
	at ptolemy.kernel.CompositeEntity._description(CompositeEntity.java:2307)
	at ptolemy.kernel.util.NamedObj.description(NamedObj.java:731)
	at ptolemy.kernel.util.NamedObj.description(NamedObj.java:715)
	at java.base/jdk.internal.reflect.NativeMethodAccessorImpl.invoke0(Native Method)
	at java.base/jdk.internal.reflect.NativeMethodAccessorImpl.invoke(NativeMethodAccessorImpl.java:62)
	at java.base/jdk.internal.reflect.DelegatingMethodAccessorImpl.invoke(DelegatingMethodAccessorImpl.java:43)
	at java.base/java.lang.reflect.Method.invoke(Method.java:564)
	at tcl.lang.reflect.PkgInvoker.invokeMethod(PkgInvoker.java:129)
	at tcl.lang.JavaInvoke.call(JavaInvoke.java:253)
	at tcl.lang.JavaInvoke.callMethod(JavaInvoke.java:116)
	at tcl.lang.ReflectObject.cmdProc(ReflectObject.java:727)
	at tcl.lang.Parser.evalObjv(Parser.java:740)
	at tcl.lang.Parser.eval2(Parser.java:1138)
	at tcl.lang.Parser.evalTokens(Parser.java:930)
	at tcl.lang.Parser.eval2(Parser.java:1125)
	at tcl.lang.Parser.evalTokens(Parser.java:930)
	at tcl.lang.Parser.eval2(Parser.java:1125)
	at tcl.lang.Interp.eval(Interp.java:1782)
	at tcl.lang.Interp.eval(Interp.java:1841)
	at tcl.lang.UplevelCmd.cmdProc(UplevelCmd.java:93)
	at tcl.lang.Parser.evalObjv(Parser.java:740)
	at tcl.lang.Parser.eval2(Parser.java:1138)
	at tcl.lang.Interp.eval(Interp.java:1782)
	at tcl.lang.Interp.eval(Interp.java:1841)
	at tcl.lang.CatchCmd.cmdProc(CatchCmd.java:42)
	at tcl.lang.Parser.evalObjv(Parser.java:740)
	at tcl.lang.Parser.eval2(Parser.java:1138)
	at tcl.lang.Parser.evalTokens(Parser.java:930)
	at tcl.lang.Parser.eval2(Parser.java:1125)
	at tcl.lang.Procedure.cmdProc(Procedure.java:175)
	at tcl.lang.Parser.evalObjv(Parser.java:740)
	at tcl.lang.Parser.eval2(Parser.java:1138)
	at tcl.lang.Interp.eval(Interp.java:1782)
	at tcl.lang.Interp.eval(Interp.java:1841)
	at tcl.lang.ForeachCmd.cmdProc(ForeachCmd.java:116)
	at tcl.lang.AutoloadStub.cmdProc(Extension.java:144)
	at tcl.lang.Parser.evalObjv(Parser.java:740)
	at tcl.lang.Parser.eval2(Parser.java:1138)
	at tcl.lang.Interp.eval(Interp.java:1782)
	at tcl.lang.Interp.evalFile(Interp.java:1880)
	at java.base/jdk.internal.reflect.NativeMethodAccessorImpl.invoke0(Native Method)
	at java.base/jdk.internal.reflect.NativeMethodAccessorImpl.invoke(NativeMethodAccessorImpl.java:62)
	at java.base/jdk.internal.reflect.DelegatingMethodAccessorImpl.invoke(DelegatingMethodAccessorImpl.java:43)
	at java.base/java.lang.reflect.Method.invoke(Method.java:564)
	at ptolemy.util.test.junit.TclTests.RunTclFile(TclTests.java:233)
	at java.base/jdk.internal.reflect.NativeMethodAccessorImpl.invoke0(Native Method)
	at java.base/jdk.internal.reflect.NativeMethodAccessorImpl.invoke(NativeMethodAccessorImpl.java:62)
	at java.base/jdk.internal.reflect.DelegatingMethodAccessorImpl.invoke(DelegatingMethodAccessorImpl.java:43)
	at java.base/java.lang.reflect.Method.invoke(Method.java:564)
	at org.junit.runners.model.FrameworkMethod$1.runReflectiveCall(FrameworkMethod.java:44)
	at org.junit.internal.runners.model.ReflectiveCallable.run(ReflectiveCallable.java:15)
	at org.junit.runners.model.FrameworkMethod.invokeExplosively(FrameworkMethod.java:41)
	at junitparams.internal.InvokeParameterisedMethod.evaluate(InvokeParameterisedMethod.java:102)
	at junitparams.internal.ParameterisedTestMethodRunner.runMethodInvoker(ParameterisedTestMethodRunner.java:47)
	at junitparams.internal.ParameterisedTestMethodRunner.runTestMethod(ParameterisedTestMethodRunner.java:41)
	at junitparams.internal.ParameterisedTestClassRunner.runParameterisedTest(ParameterisedTestClassRunner.java:143)
	at junitparams.JUnitParamsRunner.runChild(JUnitParamsRunner.java:237)
	at junitparams.JUnitParamsRunner.runChild(JUnitParamsRunner.java:215)
	at org.junit.runners.ParentRunner$3.run(ParentRunner.java:193)
	at org.junit.runners.ParentRunner$1.schedule(ParentRunner.java:52)
	at org.junit.runners.ParentRunner.runChildren(ParentRunner.java:191)
	at org.junit.runners.ParentRunner.access$000(ParentRunner.java:42)
	at org.junit.runners.ParentRunner$2.evaluate(ParentRunner.java:184)
	at org.junit.internal.runners.statements.RunAfters.evaluate(RunAfters.java:31)
	at org.junit.runners.ParentRunner.run(ParentRunner.java:236)
	at org.junit.runners.Suite.runChild(Suite.java:128)
	at org.junit.runners.Suite.runChild(Suite.java:24)
	at org.junit.runners.ParentRunner$3.run(ParentRunner.java:193)
	at org.junit.runners.ParentRunner$1.schedule(ParentRunner.java:52)
	at org.junit.runners.ParentRunner.runChildren(ParentRunner.java:191)
	at org.junit.runners.ParentRunner.access$000(ParentRunner.java:42)
	at org.junit.runners.ParentRunner$2.evaluate(ParentRunner.java:184)
	at org.junit.runners.ParentRunner.run(ParentRunner.java:236)
	at junit.framework.JUnit4TestAdapter.run(JUnit4TestAdapter.java:39)
	at org.apache.tools.ant.taskdefs.optional.junit.JUnitTestRunner.run(JUnitTestRunner.java:535)
	at org.apache.tools.ant.taskdefs.optional.junit.JUnitTestRunner.launch(JUnitTestRunner.java:1182)
	at org.apache.tools.ant.taskdefs.optional.junit.JUnitTestRunner.main(JUnitTestRunner.java:1033)
Caused by: /home/travis/build/icyphy/ptII/ptolemy/actor/lib/jjs/external/require.js:439 ReferenceError: "exception" is not defined
	at jdk.scripting.nashorn/jdk.nashorn.internal.runtime.ECMAErrors.error(ECMAErrors.java:57)
	at jdk.scripting.nashorn/jdk.nashorn.internal.runtime.ECMAErrors.referenceError(ECMAErrors.java:319)
	at jdk.scripting.nashorn/jdk.nashorn.internal.runtime.ECMAErrors.referenceError(ECMAErrors.java:291)
	at jdk.scripting.nashorn/jdk.nashorn.internal.objects.Global.__noSuchProperty__(Global.java:1615)
	at jdk.scripting.nashorn.scripts/jdk.nashorn.internal.scripts.Script$Recompilation$83104$require$cu1$restOf.L:45#_require(/home/travis/build/icyphy/ptII/ptolemy/actor/lib/jjs/external/require.js:439)
	at jdk.scripting.nashorn.scripts/jdk.nashorn.internal.scripts.Script$Recompilation$83016$21089A$require.L:45#_requireClosure#L:466(/home/travis/build/icyphy/ptII/ptolemy/actor/lib/jjs/external/require.js:467)
	at jdk.scripting.nashorn.scripts/jdk.nashorn.internal.scripts.Script$Recompilation$83090$1AAAAAAAAAAAAAA$\^function\_.L:1(<function>:97)
	at jdk.scripting.nashorn.scripts/jdk.nashorn.internal.scripts.Script$Recompilation$83089$17933AAAAAA$require$cu1$restOf.L:1#Accessor(/home/travis/build/icyphy/ptII/ptolemy/actor/lib/jjs/external/require.js#409:30<eval>:545)
	at jdk.scripting.nashorn.scripts/jdk.nashorn.internal.scripts.Script$Recompilation$83075$2801AAA$\^eval\_.evaluateCode(<eval>:96)
	at jdk.scripting.nashorn/jdk.nashorn.internal.runtime.ScriptFunctionData.invoke(ScriptFunctionData.java:661)
	at jdk.scripting.nashorn/jdk.nashorn.internal.runtime.ScriptFunction.invoke(ScriptFunction.java:513)
	at jdk.scripting.nashorn/jdk.nashorn.internal.runtime.ScriptRuntime.apply(ScriptRuntime.java:527)
	at jdk.scripting.nashorn/jdk.nashorn.api.scripting.ScriptObjectMirror.callMember(ScriptObjectMirror.java:198)
	at jdk.scripting.nashorn/jdk.nashorn.api.scripting.NashornScriptEngine.invokeImpl(NashornScriptEngine.java:385)
	... 96 more

    while executing
ptolemy.kernel.util.InvalidStateException: Failed to populate Library
  in .configuration.actor library.Accessors.audio
Because:
Loading accessor failed: AudioCapture.js
  in .configuration.actor library.Accessors.audio
Because:
Error evaluating expression:
// Copyright (c) 2015-2017 The Regents of the University of California.
...
  in .configuration.actor library.Accessors.audio.AudioCapture.script
Because:
Failed to evaluate script.
  in .configuration.actor library.Accessors.audio.AudioCapture
Because:
ReferenceError: "exception" is not defined in /home/travis/build/icyphy/ptII/ptolemy/actor/lib/jjs/external/require.js at line number 439
  in .configuration.actor library.Accessors.audio.AudioCapture.script
Because:
Error evaluating expression:
// Copyright (c) 2015-2017 The Regents of the University of California.
...
  in .configuration.actor library.Accessors.audio.AudioCapture.script
Because:
Failed to evaluate script.
  in .configuration.actor library.Accessors.audio.AudioCapture
Because:
ReferenceError: "exception" is not defined in /home/travis/build/icyphy/ptII/ptolemy/actor/lib/jjs/external/require.js at line number 439
    while executing
"$configuration description"
    invoked from within
"string length [$configuration description]"
    invoked from within
"expr [string length [$configuration description]] > 0"
    ("uplevel" body line 3)
    invoked from within
"uplevel $contents_of_test"
-------> Before clone
-------> after clone

Warning: In 'ptolemy.actor.lib.io.FileReader'
  The getName() method returns
   'fileOrURL' but the  field is named
   'fileOrURLPort'
   This is technically a violation  of the coding standard,
   but permissible because the name  ends in 'Port'
Skipping StateSpaceModel as this test iterates through the attributes and calls attributeChanged, which triggers a ConcurrentModificationException.  See org/ptolemy/ssm/test/SSMTest.java
Skipping StateSpaceModel as this test iterates through the attributes and calls attributeChanged, which triggers a ConcurrentModificationException.  See org/ptolemy/ssm/test/SSMTest.java
Skipping StateSpaceModel as this test iterates through the attributes and calls attributeChanged, which triggers a ConcurrentModificationException.  See org/ptolemy/ssm/test/SSMTest.java
Warning: capecode/configuration.xml has no 'actor library.Directors'? (this is ok for dsp, viptos)
-------> Before clone
-------> after clone
1562788778097 ms. Memory: 2936832K Free: 442264K (15%)
Setting containers of atomic entities to null
1562788782381 ms. Memory: 2936832K Free: 1627138K (55%)
 Force everything to get expanded ptolemy/configs/ptiny/configuration.xml
    (Skipping certain optional packages, jxta and viptos)
-------> Before clone
-------> after clone

Warning: In 'ptolemy.actor.lib.io.FileReader'
  The getName() method returns
   'fileOrURL' but the  field is named
   'fileOrURLPort'
   This is technically a violation  of the coding standard,
   but permissible because the name  ends in 'Port'
-------> Before clone
-------> after clone
1562788791467 ms. Memory: 2936832K Free: 1475926K (50%)
Setting containers of atomic entities to null
1562788794995 ms. Memory: 2936832K Free: 1660542K (57%)
 Force everything to get expanded ptolemy/configs/fullViewer/configuration.xml
    (Skipping certain optional packages, jxta and viptos)
-------> Before clone
-------> after clone
Warning: fullViewer/configuration.xml has no 'actor library'?  (this is ok for ptinyViewer)
-------> Before clone
-------> after clone
1562788795124 ms. Memory: 2936832K Free: 1624188K (55%)
Setting containers of atomic entities to null
1562788798552 ms. Memory: 2936832K Free: 1662523K (57%)
 Force everything to get expanded ptolemy/configs/ptinyKepler/configuration.xml
    (Skipping certain optional packages, jxta and viptos)
-------> Before clone
-------> after clone

Warning: In 'ptolemy.actor.lib.io.FileReader'
  The getName() method returns
   'fileOrURL' but the  field is named
   'fileOrURLPort'
   This is technically a violation  of the coding standard,
   but permissible because the name  ends in 'Port'
-------> Before clone
-------> after clone
1562788806433 ms. Memory: 2936832K Free: 1255434K (43%)
Setting containers of atomic entities to null
1562788810038 ms. Memory: 2936832K Free: 1622596K (55%)
 Force everything to get expanded ptolemy/configs/cyphysim/configuration.xml
    (Skipping certain optional packages, jxta and viptos)
-------> Before clone
-------> after clone

Warning: In 'ptolemy.actor.lib.io.FileReader'
  The getName() method returns
   'fileOrURL' but the  field is named
   'fileOrURLPort'
   This is technically a violation  of the coding standard,
   but permissible because the name  ends in 'Port'
Skipping StateSpaceModel as this test iterates through the attributes and calls attributeChanged, which triggers a ConcurrentModificationException.  See org/ptolemy/ssm/test/SSMTest.java
Skipping StateSpaceModel as this test iterates through the attributes and calls attributeChanged, which triggers a ConcurrentModificationException.  See org/ptolemy/ssm/test/SSMTest.java
Skipping StateSpaceModel as this test iterates through the attributes and calls attributeChanged, which triggers a ConcurrentModificationException.  See org/ptolemy/ssm/test/SSMTest.java
Warning: cyphysim/configuration.xml has no 'actor library.Directors'? (this is ok for dsp, viptos)
-------> Before clone
-------> after clone
1562788820335 ms. Memory: 2936832K Free: 1115844K (38%)
Setting containers of atomic entities to null
1562788824154 ms. Memory: 2936832K Free: 1565612K (53%)
 Force everything to get expanded ptolemy/configs/bcvtb/configuration.xml
    (Skipping certain optional packages, jxta and viptos)
-------> Before clone
-------> after clone

Warning: In 'ptolemy.actor.lib.io.FileReader'
  The getName() method returns
   'fileOrURL' but the  field is named
   'fileOrURLPort'
   This is technically a violation  of the coding standard,
   but permissible because the name  ends in 'Port'
-------> Before clone
-------> after clone
1562788827641 ms. Memory: 3537920K Free: 1419660K (40%)
Setting containers of atomic entities to null
1562788831512 ms. Memory: 3537920K Free: 2141762K (61%)
 Force everything to get expanded ptolemy/configs/visualsense/configuration.xml
    (Skipping certain optional packages, jxta and viptos)
-------> Before clone
-------> after clone

Warning: In 'ptolemy.actor.lib.io.FileReader'
  The getName() method returns
   'fileOrURL' but the  field is named
   'fileOrURLPort'
   This is technically a violation  of the coding standard,
   but permissible because the name  ends in 'Port'
-------> Before clone
-------> after clone
1562788837108 ms. Memory: 3537920K Free: 1957408K (55%)
Setting containers of atomic entities to null
1562788840968 ms. Memory: 3537920K Free: 2101890K (59%)
 Force everything to get expanded ptolemy/configs/hyvisual/configuration.xml
    (Skipping certain optional packages, jxta and viptos)
-------> Before clone
-------> after clone
-------> Before clone
-------> after clone
1562788844259 ms. Memory: 3537920K Free: 2053760K (58%)
Setting containers of atomic entities to null
1562788848083 ms. Memory: 3537920K Free: 2081247K (59%)
 Force everything to get expanded ptolemy/configs/ptinyViewer/configuration.xml
    (Skipping certain optional packages, jxta and viptos)
-------> Before clone
-------> after clone
Warning: ptinyViewer/configuration.xml has no 'actor library'?  (this is ok for ptinyViewer)
-------> Before clone
-------> after clone
1562788848104 ms. Memory: 3537920K Free: 2076125K (59%)
Setting containers of atomic entities to null
1562788851907 ms. Memory: 3537920K Free: 2082763K (59%)
 Force everything to get expanded ptolemy/configs/dsp/configuration.xml
    (Skipping certain optional packages, jxta and viptos)
-------> Before clone
-------> after clone

Warning: In 'ptolemy.actor.lib.io.FileReader'
  The getName() method returns
   'fileOrURL' but the  field is named
   'fileOrURLPort'
   This is technically a violation  of the coding standard,
   but permissible because the name  ends in 'Port'
Warning: dsp/configuration.xml has no 'actor library.Directors'? (this is ok for dsp, viptos)
-------> Before clone
-------> after clone
1562788854300 ms. Memory: 3537920K Free: 940491K (27%)
Setting containers of atomic entities to null
1562788858229 ms. Memory: 3537920K Free: 2063129K (58%)
 Force everything to get expanded ptolemy/configs/ptserver/configuration.xml
    (Skipping certain optional packages, jxta and viptos)
-------> Before clone
-------> after clone

Warning: In 'ptolemy.actor.lib.io.FileReader'
  The getName() method returns
   'fileOrURL' but the  field is named
   'fileOrURLPort'
   This is technically a violation  of the coding standard,
   but permissible because the name  ends in 'Port'
-------> Before clone
-------> after clone
1562788866311 ms. Memory: 3537920K Free: 1816422K (51%)
Setting containers of atomic entities to null
1562788870336 ms. Memory: 3537920K Free: 2023991K (57%)
allConfigs.tcl done!
/home/travis/build/icyphy/ptII/ptolemy/configs/test/allDemos.tcl
Skipping allDemos-1.0, use cd /home/travis/build/icyphy/ptII/ptolemy/configs/test/../../..; ant test.single -Dtest.name=ptolemy.vergil.basic.export.test.junit.ExportModelJUnitTest
/home/travis/build/icyphy/ptII/ptolemy/configs/test/checkFullConstraints.tcl
FIXME FIXME FIXME FIXME FIXME FIXME
ptolemy/configs/test/checkFullConstraints.tcl: FIXME: Invoking Configuration.check() 
results in a memory leak that consumes
more than 4gig of memory and causes problems under Travis.
so, we check the constraints only of the full configuration.
FIXME FIXME FIXME FIXME FIXME FIXME
 Force everything to get expanded ptolemy/configs/configurationFile
    (Skipping certain optional packages, jxta and viptos)
Retrieving library from file:/home/travis/build/icyphy/ptII/org/terraswarm/accessor/accessors/web/index.json
Retrieving library from file:/home/travis/build/icyphy/ptII/org/terraswarm/accessor/accessors/web/adapters/index.json
Retrieving library from file:/home/travis/build/icyphy/ptII/org/terraswarm/accessor/accessors/web/audio/index.json
Retrieving library from file:/home/travis/build/icyphy/ptII/org/terraswarm/accessor/accessors/web/cameras/index.json
Retrieving library from file:/home/travis/build/icyphy/ptII/org/terraswarm/accessor/accessors/web/dashboard/index.json
Retrieving library from file:/home/travis/build/icyphy/ptII/org/terraswarm/accessor/accessors/web/devices/index.json
Retrieving library from file:/home/travis/build/icyphy/ptII/org/terraswarm/accessor/accessors/web/image/index.json
CharacterRecognition: The tesseract module was not present.  The CharacterRecognition accessor is not supported on this accessor host. (Thread[main,5,main])
CharacterRecognition: The tesseract module was not present.  The CharacterRecognition accessor is not supported on this accessor host. (Thread[main,5,main])
Retrieving library from file:/home/travis/build/icyphy/ptII/org/terraswarm/accessor/accessors/web/net/index.json
Retrieving library from file:/home/travis/build/icyphy/ptII/org/terraswarm/accessor/accessors/web/robotics/index.json
Retrieving library from file:/home/travis/build/icyphy/ptII/org/terraswarm/accessor/accessors/web/geodesy/index.json
Retrieving library from file:/home/travis/build/icyphy/ptII/org/terraswarm/accessor/accessors/web/services/index.json
Retrieving library from file:/home/travis/build/icyphy/ptII/org/terraswarm/accessor/accessors/web/signals/index.json
Retrieving library from file:/home/travis/build/icyphy/ptII/org/terraswarm/accessor/accessors/web/test/index.json
Retrieving library from file:/home/travis/build/icyphy/ptII/org/terraswarm/accessor/accessors/web/utilities/index.json
The Mutable accessor original file has no documentation, so we are not running jsdoc on https://accessors.org/utilities/Mutable.js
Loading accessor failed: AudioCapture.js


==== $PTII/ptolemy/configs/test/checkFullConstraints.tcl: configurationFile-3.1 Test to see if configurationFile contains any actors whose type constraints don't clone
==== Contents of test case:

            set results [[java::cast ptolemy.actor.gui.Configuration $configuration] check]
            # FIXME: Need to call this twice to find problems with RecordAssembler.
            puts "---- Second call to Configuration.check"
            set results2 [[java::cast ptolemy.actor.gui.Configuration $configuration] check]
            # Don't call return as the last line of a test proc, since return
            # throws an exception.
            list $results $results2
    
==== Test generated error:
    while executing
ptolemy.kernel.util.InvalidStateException: Failed to populate Library
  in .actor library.MoreLibraries.Accessors.audio
Because:
Loading accessor failed: AudioCapture.js
  in .actor library.MoreLibraries.Accessors.audio
Because:
Error evaluating expression:
// Copyright (c) 2015-2017 The Regents of the University of California.
...
  in .actor library.MoreLibraries.Accessors.audio.AudioCapture.script
Because:
Failed to evaluate script.
  in .actor library.MoreLibraries.Accessors.audio.AudioCapture
Because:
ReferenceError: "exception" is not defined in /home/travis/build/icyphy/ptII/ptolemy/actor/lib/jjs/external/require.js at line number 439
  in .actor library.MoreLibraries.Accessors.audio.AudioCapture.script
Because:
Error evaluating expression:
// Copyright (c) 2015-2017 The Regents of the University of California.
...
  in .actor library.MoreLibraries.Accessors.audio.AudioCapture.script
Because:
Failed to evaluate script.
  in .actor library.MoreLibraries.Accessors.audio.AudioCapture
Because:
ReferenceError: "exception" is not defined in /home/travis/build/icyphy/ptII/ptolemy/actor/lib/jjs/external/require.js at line number 439
	at org.terraswarm.accessor.AccessorLibrary.populate(AccessorLibrary.java:307)
	at ptolemy.moml.EntityLibrary.entityList(EntityLibrary.java:366)
	at ptolemy.kernel.CompositeEntity._unlinkLevelCrossingLinksToOutside(CompositeEntity.java:2769)
	at ptolemy.kernel.CompositeEntity._unlinkLevelCrossingLinksToOutside(CompositeEntity.java:2775)
	at ptolemy.kernel.CompositeEntity._unlinkLevelCrossingLinksToOutside(CompositeEntity.java:2775)
	at ptolemy.kernel.CompositeEntity._unlinkLevelCrossingLinksToOutside(CompositeEntity.java:2775)
	at ptolemy.kernel.CompositeEntity.setContainer(CompositeEntity.java:1878)
	at ptolemy.actor.gui.Configuration.check(Configuration.java:415)
	at java.base/jdk.internal.reflect.NativeMethodAccessorImpl.invoke0(Native Method)
	at java.base/jdk.internal.reflect.NativeMethodAccessorImpl.invoke(NativeMethodAccessorImpl.java:62)
	at java.base/jdk.internal.reflect.DelegatingMethodAccessorImpl.invoke(DelegatingMethodAccessorImpl.java:43)
	at java.base/java.lang.reflect.Method.invoke(Method.java:564)
	at tcl.lang.reflect.PkgInvoker.invokeMethod(PkgInvoker.java:129)
	at tcl.lang.JavaInvoke.call(JavaInvoke.java:253)
	at tcl.lang.JavaInvoke.callMethod(JavaInvoke.java:116)
	at tcl.lang.ReflectObject.cmdProc(ReflectObject.java:727)
	at tcl.lang.Parser.evalObjv(Parser.java:740)
	at tcl.lang.Parser.eval2(Parser.java:1138)
	at tcl.lang.Parser.evalTokens(Parser.java:930)
	at tcl.lang.Parser.eval2(Parser.java:1125)
	at tcl.lang.Interp.eval(Interp.java:1782)
	at tcl.lang.Interp.eval(Interp.java:1841)
	at tcl.lang.UplevelCmd.cmdProc(UplevelCmd.java:93)
	at tcl.lang.Parser.evalObjv(Parser.java:740)
	at tcl.lang.Parser.eval2(Parser.java:1138)
	at tcl.lang.Interp.eval(Interp.java:1782)
	at tcl.lang.Interp.eval(Interp.java:1841)
	at tcl.lang.CatchCmd.cmdProc(CatchCmd.java:42)
	at tcl.lang.Parser.evalObjv(Parser.java:740)
	at tcl.lang.Parser.eval2(Parser.java:1138)
	at tcl.lang.Parser.evalTokens(Parser.java:930)
	at tcl.lang.Parser.eval2(Parser.java:1125)
	at tcl.lang.Procedure.cmdProc(Procedure.java:175)
	at tcl.lang.Parser.evalObjv(Parser.java:740)
	at tcl.lang.Parser.eval2(Parser.java:1138)
	at tcl.lang.Procedure.cmdProc(Procedure.java:175)
	at tcl.lang.Parser.evalObjv(Parser.java:740)
	at tcl.lang.Parser.eval2(Parser.java:1138)
	at tcl.lang.Interp.eval(Interp.java:1782)
	at tcl.lang.Interp.evalFile(Interp.java:1880)
	at java.base/jdk.internal.reflect.NativeMethodAccessorImpl.invoke0(Native Method)
	at java.base/jdk.internal.reflect.NativeMethodAccessorImpl.invoke(NativeMethodAccessorImpl.java:62)
	at java.base/jdk.internal.reflect.DelegatingMethodAccessorImpl.invoke(DelegatingMethodAccessorImpl.java:43)
	at java.base/java.lang.reflect.Method.invoke(Method.java:564)
	at ptolemy.util.test.junit.TclTests.RunTclFile(TclTests.java:233)
	at java.base/jdk.internal.reflect.NativeMethodAccessorImpl.invoke0(Native Method)
	at java.base/jdk.internal.reflect.NativeMethodAccessorImpl.invoke(NativeMethodAccessorImpl.java:62)
	at java.base/jdk.internal.reflect.DelegatingMethodAccessorImpl.invoke(DelegatingMethodAccessorImpl.java:43)
	at java.base/java.lang.reflect.Method.invoke(Method.java:564)
	at org.junit.runners.model.FrameworkMethod$1.runReflectiveCall(FrameworkMethod.java:44)
	at org.junit.internal.runners.model.ReflectiveCallable.run(ReflectiveCallable.java:15)
	at org.junit.runners.model.FrameworkMethod.invokeExplosively(FrameworkMethod.java:41)
	at junitparams.internal.InvokeParameterisedMethod.evaluate(InvokeParameterisedMethod.java:102)
	at junitparams.internal.ParameterisedTestMethodRunner.runMethodInvoker(ParameterisedTestMethodRunner.java:47)
	at junitparams.internal.ParameterisedTestMethodRunner.runTestMethod(ParameterisedTestMethodRunner.java:41)
	at junitparams.internal.ParameterisedTestClassRunner.runParameterisedTest(ParameterisedTestClassRunner.java:143)
	at junitparams.JUnitParamsRunner.runChild(JUnitParamsRunner.java:237)
	at junitparams.JUnitParamsRunner.runChild(JUnitParamsRunner.java:215)
	at org.junit.runners.ParentRunner$3.run(ParentRunner.java:193)
	at org.junit.runners.ParentRunner$1.schedule(ParentRunner.java:52)
	at org.junit.runners.ParentRunner.runChildren(ParentRunner.java:191)
	at org.junit.runners.ParentRunner.access$000(ParentRunner.java:42)
	at org.junit.runners.ParentRunner$2.evaluate(ParentRunner.java:184)
	at org.junit.internal.runners.statements.RunAfters.evaluate(RunAfters.java:31)
	at org.junit.runners.ParentRunner.run(ParentRunner.java:236)
	at org.junit.runners.Suite.runChild(Suite.java:128)
	at org.junit.runners.Suite.runChild(Suite.java:24)
	at org.junit.runners.ParentRunner$3.run(ParentRunner.java:193)
	at org.junit.runners.ParentRunner$1.schedule(ParentRunner.java:52)
	at org.junit.runners.ParentRunner.runChildren(ParentRunner.java:191)
	at org.junit.runners.ParentRunner.access$000(ParentRunner.java:42)
	at org.junit.runners.ParentRunner$2.evaluate(ParentRunner.java:184)
	at org.junit.runners.ParentRunner.run(ParentRunner.java:236)
	at junit.framework.JUnit4TestAdapter.run(JUnit4TestAdapter.java:39)
	at org.apache.tools.ant.taskdefs.optional.junit.JUnitTestRunner.run(JUnitTestRunner.java:535)
	at org.apache.tools.ant.taskdefs.optional.junit.JUnitTestRunner.launch(JUnitTestRunner.java:1182)
	at org.apache.tools.ant.taskdefs.optional.junit.JUnitTestRunner.main(JUnitTestRunner.java:1033)
Caused by: ptolemy.kernel.util.InternalErrorException: Loading accessor failed: AudioCapture.js
  in .actor library.MoreLibraries.Accessors.audio
Because:
Error evaluating expression:
// Copyright (c) 2015-2017 The Regents of the University of California.
...
  in .actor library.MoreLibraries.Accessors.audio.AudioCapture.script
Because:
Failed to evaluate script.
  in .actor library.MoreLibraries.Accessors.audio.AudioCapture
Because:
ReferenceError: "exception" is not defined in /home/travis/build/icyphy/ptII/ptolemy/actor/lib/jjs/external/require.js at line number 439
  in .actor library.MoreLibraries.Accessors.audio.AudioCapture.script
Because:
Error evaluating expression:
// Copyright (c) 2015-2017 The Regents of the University of California.
...
  in .actor library.MoreLibraries.Accessors.audio.AudioCapture.script
Because:
Failed to evaluate script.
  in .actor library.MoreLibraries.Accessors.audio.AudioCapture
Because:
ReferenceError: "exception" is not defined in /home/travis/build/icyphy/ptII/ptolemy/actor/lib/jjs/external/require.js at line number 439
	at org.terraswarm.accessor.AccessorLibrary.populate(AccessorLibrary.java:224)
	... 76 more
Caused by: ptolemy.kernel.util.IllegalActionException: Error evaluating expression:
// Copyright (c) 2015-2017 The Regents of the University of California.
...
  in .actor library.MoreLibraries.Accessors.audio.AudioCapture.script
Because:
Failed to evaluate script.
  in .actor library.MoreLibraries.Accessors.audio.AudioCapture
Because:
ReferenceError: "exception" is not defined in /home/travis/build/icyphy/ptII/ptolemy/actor/lib/jjs/external/require.js at line number 439
  in .actor library.MoreLibraries.Accessors.audio.AudioCapture.script
Because:
Error evaluating expression:
// Copyright (c) 2015-2017 The Regents of the University of California.
...
  in .actor library.MoreLibraries.Accessors.audio.AudioCapture.script
Because:
Failed to evaluate script.
  in .actor library.MoreLibraries.Accessors.audio.AudioCapture
Because:
ReferenceError: "exception" is not defined in /home/travis/build/icyphy/ptII/ptolemy/actor/lib/jjs/external/require.js at line number 439
	at ptolemy.data.expr.Variable.validate(Variable.java:1619)
	at ptolemy.moml.MoMLParser.endDocument(MoMLParser.java:867)
	at com.microstar.xml.XmlParser.doParse(XmlParser.java:162)
	at com.microstar.xml.XmlParser.parse(XmlParser.java:132)
	at ptolemy.moml.MoMLParser.parse(MoMLParser.java:1676)
	at ptolemy.moml.MoMLParser.parse(MoMLParser.java:1617)
	at ptolemy.moml.MoMLParser.parse(MoMLParser.java:1792)
	at org.terraswarm.accessor.AccessorLibrary.populate(AccessorLibrary.java:194)
	... 76 more
Caused by: ptolemy.kernel.util.IllegalActionException: Error evaluating expression:
// Copyright (c) 2015-2017 The Regents of the University of California.
...
  in .actor library.MoreLibraries.Accessors.audio.AudioCapture.script
Because:
Failed to evaluate script.
  in .actor library.MoreLibraries.Accessors.audio.AudioCapture
Because:
ReferenceError: "exception" is not defined in /home/travis/build/icyphy/ptII/ptolemy/actor/lib/jjs/external/require.js at line number 439
	at ptolemy.data.expr.Variable._evaluate(Variable.java:1891)
	at ptolemy.data.expr.Variable._propagate(Variable.java:1984)
	at ptolemy.data.expr.Variable.validate(Variable.java:1596)
	... 83 more
Caused by: ptolemy.kernel.util.IllegalActionException: Failed to evaluate script.
  in .actor library.MoreLibraries.Accessors.audio.AudioCapture
Because:
ReferenceError: "exception" is not defined in /home/travis/build/icyphy/ptII/ptolemy/actor/lib/jjs/external/require.js at line number 439
	at ptolemy.actor.lib.jjs.JavaScript._createEngineAndEvaluateSetup(JavaScript.java:2497)
	at ptolemy.actor.lib.jjs.JavaScript.attributeChanged(JavaScript.java:548)
	at org.terraswarm.accessor.JSAccessor.attributeChanged(JSAccessor.java:312)
	at ptolemy.data.expr.Variable._setTokenAndNotify(Variable.java:2271)
	at ptolemy.data.expr.Variable._evaluate(Variable.java:1873)
	... 85 more
Caused by: javax.script.ScriptException: ReferenceError: "exception" is not defined in /home/travis/build/icyphy/ptII/ptolemy/actor/lib/jjs/external/require.js at line number 439
	at jdk.scripting.nashorn/jdk.nashorn.api.scripting.NashornScriptEngine.throwAsScriptException(NashornScriptEngine.java:469)
	at jdk.scripting.nashorn/jdk.nashorn.api.scripting.NashornScriptEngine.invokeImpl(NashornScriptEngine.java:391)
	at jdk.scripting.nashorn/jdk.nashorn.api.scripting.NashornScriptEngine.invokeFunction(NashornScriptEngine.java:189)
	at ptolemy.actor.lib.jjs.JavaScript._createEngineAndEvaluateSetup(JavaScript.java:2493)
	... 89 more
Caused by: /home/travis/build/icyphy/ptII/ptolemy/actor/lib/jjs/external/require.js:439 ReferenceError: "exception" is not defined
	at jdk.scripting.nashorn/jdk.nashorn.internal.runtime.ECMAErrors.error(ECMAErrors.java:57)
	at jdk.scripting.nashorn/jdk.nashorn.internal.runtime.ECMAErrors.referenceError(ECMAErrors.java:319)
	at jdk.scripting.nashorn/jdk.nashorn.internal.runtime.ECMAErrors.referenceError(ECMAErrors.java:291)
	at jdk.scripting.nashorn/jdk.nashorn.internal.objects.Global.__noSuchProperty__(Global.java:1615)
	at jdk.scripting.nashorn.scripts/jdk.nashorn.internal.scripts.Script$Recompilation$165534$require$cu1$restOf.L:45#_require(/home/travis/build/icyphy/ptII/ptolemy/actor/lib/jjs/external/require.js:439)
	at jdk.scripting.nashorn.scripts/jdk.nashorn.internal.scripts.Script$Recompilation$165446$21089A$require.L:45#_requireClosure#L:466(/home/travis/build/icyphy/ptII/ptolemy/actor/lib/jjs/external/require.js:467)
	at jdk.scripting.nashorn.scripts/jdk.nashorn.internal.scripts.Script$Recompilation$165520$1AAAAAAAAAAAAAA$\^function\_.L:1(<function>:97)
	at jdk.scripting.nashorn.scripts/jdk.nashorn.internal.scripts.Script$Recompilation$165519$17933AAAAAA$require$cu1$restOf.L:1#Accessor(/home/travis/build/icyphy/ptII/ptolemy/actor/lib/jjs/external/require.js#409:30<eval>:545)
	at jdk.scripting.nashorn.scripts/jdk.nashorn.internal.scripts.Script$Recompilation$165505$2801AAA$\^eval\_.evaluateCode(<eval>:96)
	at jdk.scripting.nashorn/jdk.nashorn.internal.runtime.ScriptFunctionData.invoke(ScriptFunctionData.java:661)
	at jdk.scripting.nashorn/jdk.nashorn.internal.runtime.ScriptFunction.invoke(ScriptFunction.java:513)
	at jdk.scripting.nashorn/jdk.nashorn.internal.runtime.ScriptRuntime.apply(ScriptRuntime.java:527)
	at jdk.scripting.nashorn/jdk.nashorn.api.scripting.ScriptObjectMirror.callMember(ScriptObjectMirror.java:198)
	at jdk.scripting.nashorn/jdk.nashorn.api.scripting.NashornScriptEngine.invokeImpl(NashornScriptEngine.java:385)
	... 91 more
Caused by: ptolemy.kernel.util.InternalErrorException: Loading accessor failed: AudioCapture.js
  in .actor library.MoreLibraries.Accessors.audio
Because:
Error evaluating expression:
// Copyright (c) 2015-2017 The Regents of the University of California.
...
  in .actor library.MoreLibraries.Accessors.audio.AudioCapture.script
Because:
Failed to evaluate script.
  in .actor library.MoreLibraries.Accessors.audio.AudioCapture
Because:
ReferenceError: "exception" is not defined in /home/travis/build/icyphy/ptII/ptolemy/actor/lib/jjs/external/require.js at line number 439
  in .actor library.MoreLibraries.Accessors.audio.AudioCapture.script
Because:
Error evaluating expression:
// Copyright (c) 2015-2017 The Regents of the University of California.
...
  in .actor library.MoreLibraries.Accessors.audio.AudioCapture.script
Because:
Failed to evaluate script.
  in .actor library.MoreLibraries.Accessors.audio.AudioCapture
Because:
ReferenceError: "exception" is not defined in /home/travis/build/icyphy/ptII/ptolemy/actor/lib/jjs/external/require.js at line number 439
	at org.terraswarm.accessor.AccessorLibrary.populate(AccessorLibrary.java:224)
	at ptolemy.moml.EntityLibrary.entityList(EntityLibrary.java:366)
	at ptolemy.kernel.CompositeEntity._unlinkLevelCrossingLinksToOutside(CompositeEntity.java:2769)
	at ptolemy.kernel.CompositeEntity._unlinkLevelCrossingLinksToOutside(CompositeEntity.java:2775)
	at ptolemy.kernel.CompositeEntity._unlinkLevelCrossingLinksToOutside(CompositeEntity.java:2775)
	at ptolemy.kernel.CompositeEntity._unlinkLevelCrossingLinksToOutside(CompositeEntity.java:2775)
	at ptolemy.kernel.CompositeEntity.setContainer(CompositeEntity.java:1878)
	at ptolemy.actor.gui.Configuration.check(Configuration.java:415)
	at java.base/jdk.internal.reflect.NativeMethodAccessorImpl.invoke0(Native Method)
	at java.base/jdk.internal.reflect.NativeMethodAccessorImpl.invoke(NativeMethodAccessorImpl.java:62)
	at java.base/jdk.internal.reflect.DelegatingMethodAccessorImpl.invoke(DelegatingMethodAccessorImpl.java:43)
	at java.base/java.lang.reflect.Method.invoke(Method.java:564)
	at tcl.lang.reflect.PkgInvoker.invokeMethod(PkgInvoker.java:129)
	at tcl.lang.JavaInvoke.call(JavaInvoke.java:253)
	at tcl.lang.JavaInvoke.callMethod(JavaInvoke.java:116)
	at tcl.lang.ReflectObject.cmdProc(ReflectObject.java:727)
	at tcl.lang.Parser.evalObjv(Parser.java:740)
	at tcl.lang.Parser.eval2(Parser.java:1138)
	at tcl.lang.Parser.evalTokens(Parser.java:930)
	at tcl.lang.Parser.eval2(Parser.java:1125)
	at tcl.lang.Interp.eval(Interp.java:1782)
	at tcl.lang.Interp.eval(Interp.java:1841)
	at tcl.lang.UplevelCmd.cmdProc(UplevelCmd.java:93)
	at tcl.lang.Parser.evalObjv(Parser.java:740)
	at tcl.lang.Parser.eval2(Parser.java:1138)
	at tcl.lang.Interp.eval(Interp.java:1782)
	at tcl.lang.Interp.eval(Interp.java:1841)
	at tcl.lang.CatchCmd.cmdProc(CatchCmd.java:42)
	at tcl.lang.Parser.evalObjv(Parser.java:740)
	at tcl.lang.Parser.eval2(Parser.java:1138)
	at tcl.lang.Parser.evalTokens(Parser.java:930)
	at tcl.lang.Parser.eval2(Parser.java:1125)
	at tcl.lang.Procedure.cmdProc(Procedure.java:175)
	at tcl.lang.Parser.evalObjv(Parser.java:740)
	at tcl.lang.Parser.eval2(Parser.java:1138)
	at tcl.lang.Procedure.cmdProc(Procedure.java:175)
	at tcl.lang.Parser.evalObjv(Parser.java:740)
	at tcl.lang.Parser.eval2(Parser.java:1138)
	at tcl.lang.Interp.eval(Interp.java:1782)
	at tcl.lang.Interp.evalFile(Interp.java:1880)
	at java.base/jdk.internal.reflect.NativeMethodAccessorImpl.invoke0(Native Method)
	at java.base/jdk.internal.reflect.NativeMethodAccessorImpl.invoke(NativeMethodAccessorImpl.java:62)
	at java.base/jdk.internal.reflect.DelegatingMethodAccessorImpl.invoke(DelegatingMethodAccessorImpl.java:43)
	at java.base/java.lang.reflect.Method.invoke(Method.java:564)
	at ptolemy.util.test.junit.TclTests.RunTclFile(TclTests.java:233)
	at java.base/jdk.internal.reflect.NativeMethodAccessorImpl.invoke0(Native Method)
	at java.base/jdk.internal.reflect.NativeMethodAccessorImpl.invoke(NativeMethodAccessorImpl.java:62)
	at java.base/jdk.internal.reflect.DelegatingMethodAccessorImpl.invoke(DelegatingMethodAccessorImpl.java:43)
	at java.base/java.lang.reflect.Method.invoke(Method.java:564)
	at org.junit.runners.model.FrameworkMethod$1.runReflectiveCall(FrameworkMethod.java:44)
	at org.junit.internal.runners.model.ReflectiveCallable.run(ReflectiveCallable.java:15)
	at org.junit.runners.model.FrameworkMethod.invokeExplosively(FrameworkMethod.java:41)
	at junitparams.internal.InvokeParameterisedMethod.evaluate(InvokeParameterisedMethod.java:102)
	at junitparams.internal.ParameterisedTestMethodRunner.runMethodInvoker(ParameterisedTestMethodRunner.java:47)
	at junitparams.internal.ParameterisedTestMethodRunner.runTestMethod(ParameterisedTestMethodRunner.java:41)
	at junitparams.internal.ParameterisedTestClassRunner.runParameterisedTest(ParameterisedTestClassRunner.java:143)
	at junitparams.JUnitParamsRunner.runChild(JUnitParamsRunner.java:237)
	at junitparams.JUnitParamsRunner.runChild(JUnitParamsRunner.java:215)
	at org.junit.runners.ParentRunner$3.run(ParentRunner.java:193)
	at org.junit.runners.ParentRunner$1.schedule(ParentRunner.java:52)
	at org.junit.runners.ParentRunner.runChildren(ParentRunner.java:191)
	at org.junit.runners.ParentRunner.access$000(ParentRunner.java:42)
	at org.junit.runners.ParentRunner$2.evaluate(ParentRunner.java:184)
	at org.junit.internal.runners.statements.RunAfters.evaluate(RunAfters.java:31)
	at org.junit.runners.ParentRunner.run(ParentRunner.java:236)
	at org.junit.runners.Suite.runChild(Suite.java:128)
	at org.junit.runners.Suite.runChild(Suite.java:24)
	at org.junit.runners.ParentRunner$3.run(ParentRunner.java:193)
	at org.junit.runners.ParentRunner$1.schedule(ParentRunner.java:52)
	at org.junit.runners.ParentRunner.runChildren(ParentRunner.java:191)
	at org.junit.runners.ParentRunner.access$000(ParentRunner.java:42)
	at org.junit.runners.ParentRunner$2.evaluate(ParentRunner.java:184)
	at org.junit.runners.ParentRunner.run(ParentRunner.java:236)
	at junit.framework.JUnit4TestAdapter.run(JUnit4TestAdapter.java:39)
	at org.apache.tools.ant.taskdefs.optional.junit.JUnitTestRunner.run(JUnitTestRunner.java:535)
	at org.apache.tools.ant.taskdefs.optional.junit.JUnitTestRunner.launch(JUnitTestRunner.java:1182)
	at org.apache.tools.ant.taskdefs.optional.junit.JUnitTestRunner.main(JUnitTestRunner.java:1033)
Caused by: ptolemy.kernel.util.IllegalActionException: Error evaluating expression:
// Copyright (c) 2015-2017 The Regents of the University of California.
...
  in .actor library.MoreLibraries.Accessors.audio.AudioCapture.script
Because:
Failed to evaluate script.
  in .actor library.MoreLibraries.Accessors.audio.AudioCapture
Because:
ReferenceError: "exception" is not defined in /home/travis/build/icyphy/ptII/ptolemy/actor/lib/jjs/external/require.js at line number 439
  in .actor library.MoreLibraries.Accessors.audio.AudioCapture.script
Because:
Error evaluating expression:
// Copyright (c) 2015-2017 The Regents of the University of California.
...
  in .actor library.MoreLibraries.Accessors.audio.AudioCapture.script
Because:
Failed to evaluate script.
  in .actor library.MoreLibraries.Accessors.audio.AudioCapture
Because:
ReferenceError: "exception" is not defined in /home/travis/build/icyphy/ptII/ptolemy/actor/lib/jjs/external/require.js at line number 439
	at ptolemy.data.expr.Variable.validate(Variable.java:1619)
	at ptolemy.moml.MoMLParser.endDocument(MoMLParser.java:867)
	at com.microstar.xml.XmlParser.doParse(XmlParser.java:162)
	at com.microstar.xml.XmlParser.parse(XmlParser.java:132)
	at ptolemy.moml.MoMLParser.parse(MoMLParser.java:1676)
	at ptolemy.moml.MoMLParser.parse(MoMLParser.java:1617)
	at ptolemy.moml.MoMLParser.parse(MoMLParser.java:1792)
	at org.terraswarm.accessor.AccessorLibrary.populate(AccessorLibrary.java:194)
	... 76 more
Caused by: ptolemy.kernel.util.IllegalActionException: Error evaluating expression:
// Copyright (c) 2015-2017 The Regents of the University of California.
...
  in .actor library.MoreLibraries.Accessors.audio.AudioCapture.script
Because:
Failed to evaluate script.
  in .actor library.MoreLibraries.Accessors.audio.AudioCapture
Because:
ReferenceError: "exception" is not defined in /home/travis/build/icyphy/ptII/ptolemy/actor/lib/jjs/external/require.js at line number 439
	at ptolemy.data.expr.Variable._evaluate(Variable.java:1891)
	at ptolemy.data.expr.Variable._propagate(Variable.java:1984)
	at ptolemy.data.expr.Variable.validate(Variable.java:1596)
	... 83 more
Caused by: ptolemy.kernel.util.IllegalActionException: Failed to evaluate script.
  in .actor library.MoreLibraries.Accessors.audio.AudioCapture
Because:
ReferenceError: "exception" is not defined in /home/travis/build/icyphy/ptII/ptolemy/actor/lib/jjs/external/require.js at line number 439
	at ptolemy.actor.lib.jjs.JavaScript._createEngineAndEvaluateSetup(JavaScript.java:2497)
	at ptolemy.actor.lib.jjs.JavaScript.attributeChanged(JavaScript.java:548)
	at org.terraswarm.accessor.JSAccessor.attributeChanged(JSAccessor.java:312)
	at ptolemy.data.expr.Variable._setTokenAndNotify(Variable.java:2271)
	at ptolemy.data.expr.Variable._evaluate(Variable.java:1873)
	... 85 more
Caused by: javax.script.ScriptException: ReferenceError: "exception" is not defined in /home/travis/build/icyphy/ptII/ptolemy/actor/lib/jjs/external/require.js at line number 439
	at jdk.scripting.nashorn/jdk.nashorn.api.scripting.NashornScriptEngine.throwAsScriptException(NashornScriptEngine.java:469)
	at jdk.scripting.nashorn/jdk.nashorn.api.scripting.NashornScriptEngine.invokeImpl(NashornScriptEngine.java:391)
	at jdk.scripting.nashorn/jdk.nashorn.api.scripting.NashornScriptEngine.invokeFunction(NashornScriptEngine.java:189)
	at ptolemy.actor.lib.jjs.JavaScript._createEngineAndEvaluateSetup(JavaScript.java:2493)
	... 89 more
Caused by: /home/travis/build/icyphy/ptII/ptolemy/actor/lib/jjs/external/require.js:439 ReferenceError: "exception" is not defined
	at jdk.scripting.nashorn/jdk.nashorn.internal.runtime.ECMAErrors.error(ECMAErrors.java:57)
	at jdk.scripting.nashorn/jdk.nashorn.internal.runtime.ECMAErrors.referenceError(ECMAErrors.java:319)
	at jdk.scripting.nashorn/jdk.nashorn.internal.runtime.ECMAErrors.referenceError(ECMAErrors.java:291)
	at jdk.scripting.nashorn/jdk.nashorn.internal.objects.Global.__noSuchProperty__(Global.java:1615)
	at jdk.scripting.nashorn.scripts/jdk.nashorn.internal.scripts.Script$Recompilation$165534$require$cu1$restOf.L:45#_require(/home/travis/build/icyphy/ptII/ptolemy/actor/lib/jjs/external/require.js:439)
	at jdk.scripting.nashorn.scripts/jdk.nashorn.internal.scripts.Script$Recompilation$165446$21089A$require.L:45#_requireClosure#L:466(/home/travis/build/icyphy/ptII/ptolemy/actor/lib/jjs/external/require.js:467)
	at jdk.scripting.nashorn.scripts/jdk.nashorn.internal.scripts.Script$Recompilation$165520$1AAAAAAAAAAAAAA$\^function\_.L:1(<function>:97)
	at jdk.scripting.nashorn.scripts/jdk.nashorn.internal.scripts.Script$Recompilation$165519$17933AAAAAA$require$cu1$restOf.L:1#Accessor(/home/travis/build/icyphy/ptII/ptolemy/actor/lib/jjs/external/require.js#409:30<eval>:545)
	at jdk.scripting.nashorn.scripts/jdk.nashorn.internal.scripts.Script$Recompilation$165505$2801AAA$\^eval\_.evaluateCode(<eval>:96)
	at jdk.scripting.nashorn/jdk.nashorn.internal.runtime.ScriptFunctionData.invoke(ScriptFunctionData.java:661)
	at jdk.scripting.nashorn/jdk.nashorn.internal.runtime.ScriptFunction.invoke(ScriptFunction.java:513)
	at jdk.scripting.nashorn/jdk.nashorn.internal.runtime.ScriptRuntime.apply(ScriptRuntime.java:527)
	at jdk.scripting.nashorn/jdk.nashorn.api.scripting.ScriptObjectMirror.callMember(ScriptObjectMirror.java:198)
	at jdk.scripting.nashorn/jdk.nashorn.api.scripting.NashornScriptEngine.invokeImpl(NashornScriptEngine.java:385)
	... 91 more
Caused by: ptolemy.kernel.util.IllegalActionException: Error evaluating expression:
// Copyright (c) 2015-2017 The Regents of the University of California.
...
  in .actor library.MoreLibraries.Accessors.audio.AudioCapture.script
Because:
Failed to evaluate script.
  in .actor library.MoreLibraries.Accessors.audio.AudioCapture
Because:
ReferenceError: "exception" is not defined in /home/travis/build/icyphy/ptII/ptolemy/actor/lib/jjs/external/require.js at line number 439
  in .actor library.MoreLibraries.Accessors.audio.AudioCapture.script
Because:
Error evaluating expression:
// Copyright (c) 2015-2017 The Regents of the University of California.
...
  in .actor library.MoreLibraries.Accessors.audio.AudioCapture.script
Because:
Failed to evaluate script.
  in .actor library.MoreLibraries.Accessors.audio.AudioCapture
Because:
ReferenceError: "exception" is not defined in /home/travis/build/icyphy/ptII/ptolemy/actor/lib/jjs/external/require.js at line number 439
	at ptolemy.data.expr.Variable.validate(Variable.java:1619)
	at ptolemy.moml.MoMLParser.endDocument(MoMLParser.java:867)
	at com.microstar.xml.XmlParser.doParse(XmlParser.java:162)
	at com.microstar.xml.XmlParser.parse(XmlParser.java:132)
	at ptolemy.moml.MoMLParser.parse(MoMLParser.java:1676)
	at ptolemy.moml.MoMLParser.parse(MoMLParser.java:1617)
	at ptolemy.moml.MoMLParser.parse(MoMLParser.java:1792)
	at org.terraswarm.accessor.AccessorLibrary.populate(AccessorLibrary.java:194)
	at ptolemy.moml.EntityLibrary.entityList(EntityLibrary.java:366)
	at ptolemy.kernel.CompositeEntity._unlinkLevelCrossingLinksToOutside(CompositeEntity.java:2769)
	at ptolemy.kernel.CompositeEntity._unlinkLevelCrossingLinksToOutside(CompositeEntity.java:2775)
	at ptolemy.kernel.CompositeEntity._unlinkLevelCrossingLinksToOutside(CompositeEntity.java:2775)
	at ptolemy.kernel.CompositeEntity._unlinkLevelCrossingLinksToOutside(CompositeEntity.java:2775)
	at ptolemy.kernel.CompositeEntity.setContainer(CompositeEntity.java:1878)
	at ptolemy.actor.gui.Configuration.check(Configuration.java:415)
	at java.base/jdk.internal.reflect.NativeMethodAccessorImpl.invoke0(Native Method)
	at java.base/jdk.internal.reflect.NativeMethodAccessorImpl.invoke(NativeMethodAccessorImpl.java:62)
	at java.base/jdk.internal.reflect.DelegatingMethodAccessorImpl.invoke(DelegatingMethodAccessorImpl.java:43)
	at java.base/java.lang.reflect.Method.invoke(Method.java:564)
	at tcl.lang.reflect.PkgInvoker.invokeMethod(PkgInvoker.java:129)
	at tcl.lang.JavaInvoke.call(JavaInvoke.java:253)
	at tcl.lang.JavaInvoke.callMethod(JavaInvoke.java:116)
	at tcl.lang.ReflectObject.cmdProc(ReflectObject.java:727)
	at tcl.lang.Parser.evalObjv(Parser.java:740)
	at tcl.lang.Parser.eval2(Parser.java:1138)
	at tcl.lang.Parser.evalTokens(Parser.java:930)
	at tcl.lang.Parser.eval2(Parser.java:1125)
	at tcl.lang.Interp.eval(Interp.java:1782)
	at tcl.lang.Interp.eval(Interp.java:1841)
	at tcl.lang.UplevelCmd.cmdProc(UplevelCmd.java:93)
	at tcl.lang.Parser.evalObjv(Parser.java:740)
	at tcl.lang.Parser.eval2(Parser.java:1138)
	at tcl.lang.Interp.eval(Interp.java:1782)
	at tcl.lang.Interp.eval(Interp.java:1841)
	at tcl.lang.CatchCmd.cmdProc(CatchCmd.java:42)
	at tcl.lang.Parser.evalObjv(Parser.java:740)
	at tcl.lang.Parser.eval2(Parser.java:1138)
	at tcl.lang.Parser.evalTokens(Parser.java:930)
	at tcl.lang.Parser.eval2(Parser.java:1125)
	at tcl.lang.Procedure.cmdProc(Procedure.java:175)
	at tcl.lang.Parser.evalObjv(Parser.java:740)
	at tcl.lang.Parser.eval2(Parser.java:1138)
	at tcl.lang.Procedure.cmdProc(Procedure.java:175)
	at tcl.lang.Parser.evalObjv(Parser.java:740)
	at tcl.lang.Parser.eval2(Parser.java:1138)
	at tcl.lang.Interp.eval(Interp.java:1782)
	at tcl.lang.Interp.evalFile(Interp.java:1880)
	at java.base/jdk.internal.reflect.NativeMethodAccessorImpl.invoke0(Native Method)
	at java.base/jdk.internal.reflect.NativeMethodAccessorImpl.invoke(NativeMethodAccessorImpl.java:62)
	at java.base/jdk.internal.reflect.DelegatingMethodAccessorImpl.invoke(DelegatingMethodAccessorImpl.java:43)
	at java.base/java.lang.reflect.Method.invoke(Method.java:564)
	at ptolemy.util.test.junit.TclTests.RunTclFile(TclTests.java:233)
	at java.base/jdk.internal.reflect.NativeMethodAccessorImpl.invoke0(Native Method)
	at java.base/jdk.internal.reflect.NativeMethodAccessorImpl.invoke(NativeMethodAccessorImpl.java:62)
	at java.base/jdk.internal.reflect.DelegatingMethodAccessorImpl.invoke(DelegatingMethodAccessorImpl.java:43)
	at java.base/java.lang.reflect.Method.invoke(Method.java:564)
	at org.junit.runners.model.FrameworkMethod$1.runReflectiveCall(FrameworkMethod.java:44)
	at org.junit.internal.runners.model.ReflectiveCallable.run(ReflectiveCallable.java:15)
	at org.junit.runners.model.FrameworkMethod.invokeExplosively(FrameworkMethod.java:41)
	at junitparams.internal.InvokeParameterisedMethod.evaluate(InvokeParameterisedMethod.java:102)
	at junitparams.internal.ParameterisedTestMethodRunner.runMethodInvoker(ParameterisedTestMethodRunner.java:47)
	at junitparams.internal.ParameterisedTestMethodRunner.runTestMethod(ParameterisedTestMethodRunner.java:41)
	at junitparams.internal.ParameterisedTestClassRunner.runParameterisedTest(ParameterisedTestClassRunner.java:143)
	at junitparams.JUnitParamsRunner.runChild(JUnitParamsRunner.java:237)
	at junitparams.JUnitParamsRunner.runChild(JUnitParamsRunner.java:215)
	at org.junit.runners.ParentRunner$3.run(ParentRunner.java:193)
	at org.junit.runners.ParentRunner$1.schedule(ParentRunner.java:52)
	at org.junit.runners.ParentRunner.runChildren(ParentRunner.java:191)
	at org.junit.runners.ParentRunner.access$000(ParentRunner.java:42)
	at org.junit.runners.ParentRunner$2.evaluate(ParentRunner.java:184)
	at org.junit.internal.runners.statements.RunAfters.evaluate(RunAfters.java:31)
	at org.junit.runners.ParentRunner.run(ParentRunner.java:236)
	at org.junit.runners.Suite.runChild(Suite.java:128)
	at org.junit.runners.Suite.runChild(Suite.java:24)
	at org.junit.runners.ParentRunner$3.run(ParentRunner.java:193)
	at org.junit.runners.ParentRunner$1.schedule(ParentRunner.java:52)
	at org.junit.runners.ParentRunner.runChildren(ParentRunner.java:191)
	at org.junit.runners.ParentRunner.access$000(ParentRunner.java:42)
	at org.junit.runners.ParentRunner$2.evaluate(ParentRunner.java:184)
	at org.junit.runners.ParentRunner.run(ParentRunner.java:236)
	at junit.framework.JUnit4TestAdapter.run(JUnit4TestAdapter.java:39)
	at org.apache.tools.ant.taskdefs.optional.junit.JUnitTestRunner.run(JUnitTestRunner.java:535)
	at org.apache.tools.ant.taskdefs.optional.junit.JUnitTestRunner.launch(JUnitTestRunner.java:1182)
	at org.apache.tools.ant.taskdefs.optional.junit.JUnitTestRunner.main(JUnitTestRunner.java:1033)
Caused by: ptolemy.kernel.util.IllegalActionException: Error evaluating expression:
// Copyright (c) 2015-2017 The Regents of the University of California.
...
  in .actor library.MoreLibraries.Accessors.audio.AudioCapture.script
Because:
Failed to evaluate script.
  in .actor library.MoreLibraries.Accessors.audio.AudioCapture
Because:
ReferenceError: "exception" is not defined in /home/travis/build/icyphy/ptII/ptolemy/actor/lib/jjs/external/require.js at line number 439
	at ptolemy.data.expr.Variable._evaluate(Variable.java:1891)
	at ptolemy.data.expr.Variable._propagate(Variable.java:1984)
	at ptolemy.data.expr.Variable.validate(Variable.java:1596)
	... 83 more
Caused by: ptolemy.kernel.util.IllegalActionException: Failed to evaluate script.
  in .actor library.MoreLibraries.Accessors.audio.AudioCapture
Because:
ReferenceError: "exception" is not defined in /home/travis/build/icyphy/ptII/ptolemy/actor/lib/jjs/external/require.js at line number 439
	at ptolemy.actor.lib.jjs.JavaScript._createEngineAndEvaluateSetup(JavaScript.java:2497)
	at ptolemy.actor.lib.jjs.JavaScript.attributeChanged(JavaScript.java:548)
	at org.terraswarm.accessor.JSAccessor.attributeChanged(JSAccessor.java:312)
	at ptolemy.data.expr.Variable._setTokenAndNotify(Variable.java:2271)
	at ptolemy.data.expr.Variable._evaluate(Variable.java:1873)
	... 85 more
Caused by: javax.script.ScriptException: ReferenceError: "exception" is not defined in /home/travis/build/icyphy/ptII/ptolemy/actor/lib/jjs/external/require.js at line number 439
	at jdk.scripting.nashorn/jdk.nashorn.api.scripting.NashornScriptEngine.throwAsScriptException(NashornScriptEngine.java:469)
	at jdk.scripting.nashorn/jdk.nashorn.api.scripting.NashornScriptEngine.invokeImpl(NashornScriptEngine.java:391)
	at jdk.scripting.nashorn/jdk.nashorn.api.scripting.NashornScriptEngine.invokeFunction(NashornScriptEngine.java:189)
	at ptolemy.actor.lib.jjs.JavaScript._createEngineAndEvaluateSetup(JavaScript.java:2493)
	... 89 more
Caused by: /home/travis/build/icyphy/ptII/ptolemy/actor/lib/jjs/external/require.js:439 ReferenceError: "exception" is not defined
	at jdk.scripting.nashorn/jdk.nashorn.internal.runtime.ECMAErrors.error(ECMAErrors.java:57)
	at jdk.scripting.nashorn/jdk.nashorn.internal.runtime.ECMAErrors.referenceError(ECMAErrors.java:319)
	at jdk.scripting.nashorn/jdk.nashorn.internal.runtime.ECMAErrors.referenceError(ECMAErrors.java:291)
	at jdk.scripting.nashorn/jdk.nashorn.internal.objects.Global.__noSuchProperty__(Global.java:1615)
	at jdk.scripting.nashorn.scripts/jdk.nashorn.internal.scripts.Script$Recompilation$165534$require$cu1$restOf.L:45#_require(/home/travis/build/icyphy/ptII/ptolemy/actor/lib/jjs/external/require.js:439)
	at jdk.scripting.nashorn.scripts/jdk.nashorn.internal.scripts.Script$Recompilation$165446$21089A$require.L:45#_requireClosure#L:466(/home/travis/build/icyphy/ptII/ptolemy/actor/lib/jjs/external/require.js:467)
	at jdk.scripting.nashorn.scripts/jdk.nashorn.internal.scripts.Script$Recompilation$165520$1AAAAAAAAAAAAAA$\^function\_.L:1(<function>:97)
	at jdk.scripting.nashorn.scripts/jdk.nashorn.internal.scripts.Script$Recompilation$165519$17933AAAAAA$require$cu1$restOf.L:1#Accessor(/home/travis/build/icyphy/ptII/ptolemy/actor/lib/jjs/external/require.js#409:30<eval>:545)
	at jdk.scripting.nashorn.scripts/jdk.nashorn.internal.scripts.Script$Recompilation$165505$2801AAA$\^eval\_.evaluateCode(<eval>:96)
	at jdk.scripting.nashorn/jdk.nashorn.internal.runtime.ScriptFunctionData.invoke(ScriptFunctionData.java:661)
	at jdk.scripting.nashorn/jdk.nashorn.internal.runtime.ScriptFunction.invoke(ScriptFunction.java:513)
	at jdk.scripting.nashorn/jdk.nashorn.internal.runtime.ScriptRuntime.apply(ScriptRuntime.java:527)
	at jdk.scripting.nashorn/jdk.nashorn.api.scripting.ScriptObjectMirror.callMember(ScriptObjectMirror.java:198)
	at jdk.scripting.nashorn/jdk.nashorn.api.scripting.NashornScriptEngine.invokeImpl(NashornScriptEngine.java:385)
	... 91 more
Caused by: ptolemy.kernel.util.IllegalActionException: Error evaluating expression:
// Copyright (c) 2015-2017 The Regents of the University of California.
...
  in .actor library.MoreLibraries.Accessors.audio.AudioCapture.script
Because:
Failed to evaluate script.
  in .actor library.MoreLibraries.Accessors.audio.AudioCapture
Because:
ReferenceError: "exception" is not defined in /home/travis/build/icyphy/ptII/ptolemy/actor/lib/jjs/external/require.js at line number 439
	at ptolemy.data.expr.Variable._evaluate(Variable.java:1891)
	at ptolemy.data.expr.Variable._propagate(Variable.java:1984)
	at ptolemy.data.expr.Variable.validate(Variable.java:1596)
	at ptolemy.moml.MoMLParser.endDocument(MoMLParser.java:867)
	at com.microstar.xml.XmlParser.doParse(XmlParser.java:162)
	at com.microstar.xml.XmlParser.parse(XmlParser.java:132)
	at ptolemy.moml.MoMLParser.parse(MoMLParser.java:1676)
	at ptolemy.moml.MoMLParser.parse(MoMLParser.java:1617)
	at ptolemy.moml.MoMLParser.parse(MoMLParser.java:1792)
	at org.terraswarm.accessor.AccessorLibrary.populate(AccessorLibrary.java:194)
	at ptolemy.moml.EntityLibrary.entityList(EntityLibrary.java:366)
	at ptolemy.kernel.CompositeEntity._unlinkLevelCrossingLinksToOutside(CompositeEntity.java:2769)
	at ptolemy.kernel.CompositeEntity._unlinkLevelCrossingLinksToOutside(CompositeEntity.java:2775)
	at ptolemy.kernel.CompositeEntity._unlinkLevelCrossingLinksToOutside(CompositeEntity.java:2775)
	at ptolemy.kernel.CompositeEntity._unlinkLevelCrossingLinksToOutside(CompositeEntity.java:2775)
	at ptolemy.kernel.CompositeEntity.setContainer(CompositeEntity.java:1878)
	at ptolemy.actor.gui.Configuration.check(Configuration.java:415)
	at java.base/jdk.internal.reflect.NativeMethodAccessorImpl.invoke0(Native Method)
	at java.base/jdk.internal.reflect.NativeMethodAccessorImpl.invoke(NativeMethodAccessorImpl.java:62)
	at java.base/jdk.internal.reflect.DelegatingMethodAccessorImpl.invoke(DelegatingMethodAccessorImpl.java:43)
	at java.base/java.lang.reflect.Method.invoke(Method.java:564)
	at tcl.lang.reflect.PkgInvoker.invokeMethod(PkgInvoker.java:129)
	at tcl.lang.JavaInvoke.call(JavaInvoke.java:253)
	at tcl.lang.JavaInvoke.callMethod(JavaInvoke.java:116)
	at tcl.lang.ReflectObject.cmdProc(ReflectObject.java:727)
	at tcl.lang.Parser.evalObjv(Parser.java:740)
	at tcl.lang.Parser.eval2(Parser.java:1138)
	at tcl.lang.Parser.evalTokens(Parser.java:930)
	at tcl.lang.Parser.eval2(Parser.java:1125)
	at tcl.lang.Interp.eval(Interp.java:1782)
	at tcl.lang.Interp.eval(Interp.java:1841)
	at tcl.lang.UplevelCmd.cmdProc(UplevelCmd.java:93)
	at tcl.lang.Parser.evalObjv(Parser.java:740)
	at tcl.lang.Parser.eval2(Parser.java:1138)
	at tcl.lang.Interp.eval(Interp.java:1782)
	at tcl.lang.Interp.eval(Interp.java:1841)
	at tcl.lang.CatchCmd.cmdProc(CatchCmd.java:42)
	at tcl.lang.Parser.evalObjv(Parser.java:740)
	at tcl.lang.Parser.eval2(Parser.java:1138)
	at tcl.lang.Parser.evalTokens(Parser.java:930)
	at tcl.lang.Parser.eval2(Parser.java:1125)
	at tcl.lang.Procedure.cmdProc(Procedure.java:175)
	at tcl.lang.Parser.evalObjv(Parser.java:740)
	at tcl.lang.Parser.eval2(Parser.java:1138)
	at tcl.lang.Procedure.cmdProc(Procedure.java:175)
	at tcl.lang.Parser.evalObjv(Parser.java:740)
	at tcl.lang.Parser.eval2(Parser.java:1138)
	at tcl.lang.Interp.eval(Interp.java:1782)
	at tcl.lang.Interp.evalFile(Interp.java:1880)
	at java.base/jdk.internal.reflect.NativeMethodAccessorImpl.invoke0(Native Method)
	at java.base/jdk.internal.reflect.NativeMethodAccessorImpl.invoke(NativeMethodAccessorImpl.java:62)
	at java.base/jdk.internal.reflect.DelegatingMethodAccessorImpl.invoke(DelegatingMethodAccessorImpl.java:43)
	at java.base/java.lang.reflect.Method.invoke(Method.java:564)
	at ptolemy.util.test.junit.TclTests.RunTclFile(TclTests.java:233)
	at java.base/jdk.internal.reflect.NativeMethodAccessorImpl.invoke0(Native Method)
	at java.base/jdk.internal.reflect.NativeMethodAccessorImpl.invoke(NativeMethodAccessorImpl.java:62)
	at java.base/jdk.internal.reflect.DelegatingMethodAccessorImpl.invoke(DelegatingMethodAccessorImpl.java:43)
	at java.base/java.lang.reflect.Method.invoke(Method.java:564)
	at org.junit.runners.model.FrameworkMethod$1.runReflectiveCall(FrameworkMethod.java:44)
	at org.junit.internal.runners.model.ReflectiveCallable.run(ReflectiveCallable.java:15)
	at org.junit.runners.model.FrameworkMethod.invokeExplosively(FrameworkMethod.java:41)
	at junitparams.internal.InvokeParameterisedMethod.evaluate(InvokeParameterisedMethod.java:102)
	at junitparams.internal.ParameterisedTestMethodRunner.runMethodInvoker(ParameterisedTestMethodRunner.java:47)
	at junitparams.internal.ParameterisedTestMethodRunner.runTestMethod(ParameterisedTestMethodRunner.java:41)
	at junitparams.internal.ParameterisedTestClassRunner.runParameterisedTest(ParameterisedTestClassRunner.java:143)
	at junitparams.JUnitParamsRunner.runChild(JUnitParamsRunner.java:237)
	at junitparams.JUnitParamsRunner.runChild(JUnitParamsRunner.java:215)
	at org.junit.runners.ParentRunner$3.run(ParentRunner.java:193)
	at org.junit.runners.ParentRunner$1.schedule(ParentRunner.java:52)
	at org.junit.runners.ParentRunner.runChildren(ParentRunner.java:191)
	at org.junit.runners.ParentRunner.access$000(ParentRunner.java:42)
	at org.junit.runners.ParentRunner$2.evaluate(ParentRunner.java:184)
	at org.junit.internal.runners.statements.RunAfters.evaluate(RunAfters.java:31)
	at org.junit.runners.ParentRunner.run(ParentRunner.java:236)
	at org.junit.runners.Suite.runChild(Suite.java:128)
	at org.junit.runners.Suite.runChild(Suite.java:24)
	at org.junit.runners.ParentRunner$3.run(ParentRunner.java:193)
	at org.junit.runners.ParentRunner$1.schedule(ParentRunner.java:52)
	at org.junit.runners.ParentRunner.runChildren(ParentRunner.java:191)
	at org.junit.runners.ParentRunner.access$000(ParentRunner.java:42)
	at org.junit.runners.ParentRunner$2.evaluate(ParentRunner.java:184)
	at org.junit.runners.ParentRunner.run(ParentRunner.java:236)
	at junit.framework.JUnit4TestAdapter.run(JUnit4TestAdapter.java:39)
	at org.apache.tools.ant.taskdefs.optional.junit.JUnitTestRunner.run(JUnitTestRunner.java:535)
	at org.apache.tools.ant.taskdefs.optional.junit.JUnitTestRunner.launch(JUnitTestRunner.java:1182)
	at org.apache.tools.ant.taskdefs.optional.junit.JUnitTestRunner.main(JUnitTestRunner.java:1033)
Caused by: ptolemy.kernel.util.IllegalActionException: Failed to evaluate script.
  in .actor library.MoreLibraries.Accessors.audio.AudioCapture
Because:
ReferenceError: "exception" is not defined in /home/travis/build/icyphy/ptII/ptolemy/actor/lib/jjs/external/require.js at line number 439
	at ptolemy.actor.lib.jjs.JavaScript._createEngineAndEvaluateSetup(JavaScript.java:2497)
	at ptolemy.actor.lib.jjs.JavaScript.attributeChanged(JavaScript.java:548)
	at org.terraswarm.accessor.JSAccessor.attributeChanged(JSAccessor.java:312)
	at ptolemy.data.expr.Variable._setTokenAndNotify(Variable.java:2271)
	at ptolemy.data.expr.Variable._evaluate(Variable.java:1873)
	... 85 more
Caused by: javax.script.ScriptException: ReferenceError: "exception" is not defined in /home/travis/build/icyphy/ptII/ptolemy/actor/lib/jjs/external/require.js at line number 439
	at jdk.scripting.nashorn/jdk.nashorn.api.scripting.NashornScriptEngine.throwAsScriptException(NashornScriptEngine.java:469)
	at jdk.scripting.nashorn/jdk.nashorn.api.scripting.NashornScriptEngine.invokeImpl(NashornScriptEngine.java:391)
	at jdk.scripting.nashorn/jdk.nashorn.api.scripting.NashornScriptEngine.invokeFunction(NashornScriptEngine.java:189)
	at ptolemy.actor.lib.jjs.JavaScript._createEngineAndEvaluateSetup(JavaScript.java:2493)
	... 89 more
Caused by: /home/travis/build/icyphy/ptII/ptolemy/actor/lib/jjs/external/require.js:439 ReferenceError: "exception" is not defined
	at jdk.scripting.nashorn/jdk.nashorn.internal.runtime.ECMAErrors.error(ECMAErrors.java:57)
	at jdk.scripting.nashorn/jdk.nashorn.internal.runtime.ECMAErrors.referenceError(ECMAErrors.java:319)
	at jdk.scripting.nashorn/jdk.nashorn.internal.runtime.ECMAErrors.referenceError(ECMAErrors.java:291)
	at jdk.scripting.nashorn/jdk.nashorn.internal.objects.Global.__noSuchProperty__(Global.java:1615)
	at jdk.scripting.nashorn.scripts/jdk.nashorn.internal.scripts.Script$Recompilation$165534$require$cu1$restOf.L:45#_require(/home/travis/build/icyphy/ptII/ptolemy/actor/lib/jjs/external/require.js:439)
	at jdk.scripting.nashorn.scripts/jdk.nashorn.internal.scripts.Script$Recompilation$165446$21089A$require.L:45#_requireClosure#L:466(/home/travis/build/icyphy/ptII/ptolemy/actor/lib/jjs/external/require.js:467)
	at jdk.scripting.nashorn.scripts/jdk.nashorn.internal.scripts.Script$Recompilation$165520$1AAAAAAAAAAAAAA$\^function\_.L:1(<function>:97)
	at jdk.scripting.nashorn.scripts/jdk.nashorn.internal.scripts.Script$Recompilation$165519$17933AAAAAA$require$cu1$restOf.L:1#Accessor(/home/travis/build/icyphy/ptII/ptolemy/actor/lib/jjs/external/require.js#409:30<eval>:545)
	at jdk.scripting.nashorn.scripts/jdk.nashorn.internal.scripts.Script$Recompilation$165505$2801AAA$\^eval\_.evaluateCode(<eval>:96)
	at jdk.scripting.nashorn/jdk.nashorn.internal.runtime.ScriptFunctionData.invoke(ScriptFunctionData.java:661)
	at jdk.scripting.nashorn/jdk.nashorn.internal.runtime.ScriptFunction.invoke(ScriptFunction.java:513)
	at jdk.scripting.nashorn/jdk.nashorn.internal.runtime.ScriptRuntime.apply(ScriptRuntime.java:527)
	at jdk.scripting.nashorn/jdk.nashorn.api.scripting.ScriptObjectMirror.callMember(ScriptObjectMirror.java:198)
	at jdk.scripting.nashorn/jdk.nashorn.api.scripting.NashornScriptEngine.invokeImpl(NashornScriptEngine.java:385)
	... 91 more
Caused by: ptolemy.kernel.util.IllegalActionException: Failed to evaluate script.
  in .actor library.MoreLibraries.Accessors.audio.AudioCapture
Because:
ReferenceError: "exception" is not defined in /home/travis/build/icyphy/ptII/ptolemy/actor/lib/jjs/external/require.js at line number 439
	at ptolemy.actor.lib.jjs.JavaScript._createEngineAndEvaluateSetup(JavaScript.java:2497)
	at ptolemy.actor.lib.jjs.JavaScript.attributeChanged(JavaScript.java:548)
	at org.terraswarm.accessor.JSAccessor.attributeChanged(JSAccessor.java:312)
	at ptolemy.data.expr.Variable._setTokenAndNotify(Variable.java:2271)
	at ptolemy.data.expr.Variable._evaluate(Variable.java:1873)
	at ptolemy.data.expr.Variable._propagate(Variable.java:1984)
	at ptolemy.data.expr.Variable.validate(Variable.java:1596)
	at ptolemy.moml.MoMLParser.endDocument(MoMLParser.java:867)
	at com.microstar.xml.XmlParser.doParse(XmlParser.java:162)
	at com.microstar.xml.XmlParser.parse(XmlParser.java:132)
	at ptolemy.moml.MoMLParser.parse(MoMLParser.java:1676)
	at ptolemy.moml.MoMLParser.parse(MoMLParser.java:1617)
	at ptolemy.moml.MoMLParser.parse(MoMLParser.java:1792)
	at org.terraswarm.accessor.AccessorLibrary.populate(AccessorLibrary.java:194)
	at ptolemy.moml.EntityLibrary.entityList(EntityLibrary.java:366)
	at ptolemy.kernel.CompositeEntity._unlinkLevelCrossingLinksToOutside(CompositeEntity.java:2769)
	at ptolemy.kernel.CompositeEntity._unlinkLevelCrossingLinksToOutside(CompositeEntity.java:2775)
	at ptolemy.kernel.CompositeEntity._unlinkLevelCrossingLinksToOutside(CompositeEntity.java:2775)
	at ptolemy.kernel.CompositeEntity._unlinkLevelCrossingLinksToOutside(CompositeEntity.java:2775)
	at ptolemy.kernel.CompositeEntity.setContainer(CompositeEntity.java:1878)
	at ptolemy.actor.gui.Configuration.check(Configuration.java:415)
	at java.base/jdk.internal.reflect.NativeMethodAccessorImpl.invoke0(Native Method)
	at java.base/jdk.internal.reflect.NativeMethodAccessorImpl.invoke(NativeMethodAccessorImpl.java:62)
	at java.base/jdk.internal.reflect.DelegatingMethodAccessorImpl.invoke(DelegatingMethodAccessorImpl.java:43)
	at java.base/java.lang.reflect.Method.invoke(Method.java:564)
	at tcl.lang.reflect.PkgInvoker.invokeMethod(PkgInvoker.java:129)
	at tcl.lang.JavaInvoke.call(JavaInvoke.java:253)
	at tcl.lang.JavaInvoke.callMethod(JavaInvoke.java:116)
	at tcl.lang.ReflectObject.cmdProc(ReflectObject.java:727)
	at tcl.lang.Parser.evalObjv(Parser.java:740)
	at tcl.lang.Parser.eval2(Parser.java:1138)
	at tcl.lang.Parser.evalTokens(Parser.java:930)
	at tcl.lang.Parser.eval2(Parser.java:1125)
	at tcl.lang.Interp.eval(Interp.java:1782)
	at tcl.lang.Interp.eval(Interp.java:1841)
	at tcl.lang.UplevelCmd.cmdProc(UplevelCmd.java:93)
	at tcl.lang.Parser.evalObjv(Parser.java:740)
	at tcl.lang.Parser.eval2(Parser.java:1138)
	at tcl.lang.Interp.eval(Interp.java:1782)
	at tcl.lang.Interp.eval(Interp.java:1841)
	at tcl.lang.CatchCmd.cmdProc(CatchCmd.java:42)
	at tcl.lang.Parser.evalObjv(Parser.java:740)
	at tcl.lang.Parser.eval2(Parser.java:1138)
	at tcl.lang.Parser.evalTokens(Parser.java:930)
	at tcl.lang.Parser.eval2(Parser.java:1125)
	at tcl.lang.Procedure.cmdProc(Procedure.java:175)
	at tcl.lang.Parser.evalObjv(Parser.java:740)
	at tcl.lang.Parser.eval2(Parser.java:1138)
	at tcl.lang.Procedure.cmdProc(Procedure.java:175)
	at tcl.lang.Parser.evalObjv(Parser.java:740)
	at tcl.lang.Parser.eval2(Parser.java:1138)
	at tcl.lang.Interp.eval(Interp.java:1782)
	at tcl.lang.Interp.evalFile(Interp.java:1880)
	at java.base/jdk.internal.reflect.NativeMethodAccessorImpl.invoke0(Native Method)
	at java.base/jdk.internal.reflect.NativeMethodAccessorImpl.invoke(NativeMethodAccessorImpl.java:62)
	at java.base/jdk.internal.reflect.DelegatingMethodAccessorImpl.invoke(DelegatingMethodAccessorImpl.java:43)
	at java.base/java.lang.reflect.Method.invoke(Method.java:564)
	at ptolemy.util.test.junit.TclTests.RunTclFile(TclTests.java:233)
	at java.base/jdk.internal.reflect.NativeMethodAccessorImpl.invoke0(Native Method)
	at java.base/jdk.internal.reflect.NativeMethodAccessorImpl.invoke(NativeMethodAccessorImpl.java:62)
	at java.base/jdk.internal.reflect.DelegatingMethodAccessorImpl.invoke(DelegatingMethodAccessorImpl.java:43)
	at java.base/java.lang.reflect.Method.invoke(Method.java:564)
	at org.junit.runners.model.FrameworkMethod$1.runReflectiveCall(FrameworkMethod.java:44)
	at org.junit.internal.runners.model.ReflectiveCallable.run(ReflectiveCallable.java:15)
	at org.junit.runners.model.FrameworkMethod.invokeExplosively(FrameworkMethod.java:41)
	at junitparams.internal.InvokeParameterisedMethod.evaluate(InvokeParameterisedMethod.java:102)
	at junitparams.internal.ParameterisedTestMethodRunner.runMethodInvoker(ParameterisedTestMethodRunner.java:47)
	at junitparams.internal.ParameterisedTestMethodRunner.runTestMethod(ParameterisedTestMethodRunner.java:41)
	at junitparams.internal.ParameterisedTestClassRunner.runParameterisedTest(ParameterisedTestClassRunner.java:143)
	at junitparams.JUnitParamsRunner.runChild(JUnitParamsRunner.java:237)
	at junitparams.JUnitParamsRunner.runChild(JUnitParamsRunner.java:215)
	at org.junit.runners.ParentRunner$3.run(ParentRunner.java:193)
	at org.junit.runners.ParentRunner$1.schedule(ParentRunner.java:52)
	at org.junit.runners.ParentRunner.runChildren(ParentRunner.java:191)
	at org.junit.runners.ParentRunner.access$000(ParentRunner.java:42)
	at org.junit.runners.ParentRunner$2.evaluate(ParentRunner.java:184)
	at org.junit.internal.runners.statements.RunAfters.evaluate(RunAfters.java:31)
	at org.junit.runners.ParentRunner.run(ParentRunner.java:236)
	at org.junit.runners.Suite.runChild(Suite.java:128)
	at org.junit.runners.Suite.runChild(Suite.java:24)
	at org.junit.runners.ParentRunner$3.run(ParentRunner.java:193)
	at org.junit.runners.ParentRunner$1.schedule(ParentRunner.java:52)
	at org.junit.runners.ParentRunner.runChildren(ParentRunner.java:191)
	at org.junit.runners.ParentRunner.access$000(ParentRunner.java:42)
	at org.junit.runners.ParentRunner$2.evaluate(ParentRunner.java:184)
	at org.junit.runners.ParentRunner.run(ParentRunner.java:236)
	at junit.framework.JUnit4TestAdapter.run(JUnit4TestAdapter.java:39)
	at org.apache.tools.ant.taskdefs.optional.junit.JUnitTestRunner.run(JUnitTestRunner.java:535)
	at org.apache.tools.ant.taskdefs.optional.junit.JUnitTestRunner.launch(JUnitTestRunner.java:1182)
	at org.apache.tools.ant.taskdefs.optional.junit.JUnitTestRunner.main(JUnitTestRunner.java:1033)
Caused by: javax.script.ScriptException: ReferenceError: "exception" is not defined in /home/travis/build/icyphy/ptII/ptolemy/actor/lib/jjs/external/require.js at line number 439
	at jdk.scripting.nashorn/jdk.nashorn.api.scripting.NashornScriptEngine.throwAsScriptException(NashornScriptEngine.java:469)
	at jdk.scripting.nashorn/jdk.nashorn.api.scripting.NashornScriptEngine.invokeImpl(NashornScriptEngine.java:391)
	at jdk.scripting.nashorn/jdk.nashorn.api.scripting.NashornScriptEngine.invokeFunction(NashornScriptEngine.java:189)
	at ptolemy.actor.lib.jjs.JavaScript._createEngineAndEvaluateSetup(JavaScript.java:2493)
	... 89 more
Caused by: /home/travis/build/icyphy/ptII/ptolemy/actor/lib/jjs/external/require.js:439 ReferenceError: "exception" is not defined
	at jdk.scripting.nashorn/jdk.nashorn.internal.runtime.ECMAErrors.error(ECMAErrors.java:57)
	at jdk.scripting.nashorn/jdk.nashorn.internal.runtime.ECMAErrors.referenceError(ECMAErrors.java:319)
	at jdk.scripting.nashorn/jdk.nashorn.internal.runtime.ECMAErrors.referenceError(ECMAErrors.java:291)
	at jdk.scripting.nashorn/jdk.nashorn.internal.objects.Global.__noSuchProperty__(Global.java:1615)
	at jdk.scripting.nashorn.scripts/jdk.nashorn.internal.scripts.Script$Recompilation$165534$require$cu1$restOf.L:45#_require(/home/travis/build/icyphy/ptII/ptolemy/actor/lib/jjs/external/require.js:439)
	at jdk.scripting.nashorn.scripts/jdk.nashorn.internal.scripts.Script$Recompilation$165446$21089A$require.L:45#_requireClosure#L:466(/home/travis/build/icyphy/ptII/ptolemy/actor/lib/jjs/external/require.js:467)
	at jdk.scripting.nashorn.scripts/jdk.nashorn.internal.scripts.Script$Recompilation$165520$1AAAAAAAAAAAAAA$\^function\_.L:1(<function>:97)
	at jdk.scripting.nashorn.scripts/jdk.nashorn.internal.scripts.Script$Recompilation$165519$17933AAAAAA$require$cu1$restOf.L:1#Accessor(/home/travis/build/icyphy/ptII/ptolemy/actor/lib/jjs/external/require.js#409:30<eval>:545)
	at jdk.scripting.nashorn.scripts/jdk.nashorn.internal.scripts.Script$Recompilation$165505$2801AAA$\^eval\_.evaluateCode(<eval>:96)
	at jdk.scripting.nashorn/jdk.nashorn.internal.runtime.ScriptFunctionData.invoke(ScriptFunctionData.java:661)
	at jdk.scripting.nashorn/jdk.nashorn.internal.runtime.ScriptFunction.invoke(ScriptFunction.java:513)
	at jdk.scripting.nashorn/jdk.nashorn.internal.runtime.ScriptRuntime.apply(ScriptRuntime.java:527)
	at jdk.scripting.nashorn/jdk.nashorn.api.scripting.ScriptObjectMirror.callMember(ScriptObjectMirror.java:198)
	at jdk.scripting.nashorn/jdk.nashorn.api.scripting.NashornScriptEngine.invokeImpl(NashornScriptEngine.java:385)
	... 91 more
Caused by: javax.script.ScriptException: ReferenceError: "exception" is not defined in /home/travis/build/icyphy/ptII/ptolemy/actor/lib/jjs/external/require.js at line number 439
	at jdk.scripting.nashorn/jdk.nashorn.api.scripting.NashornScriptEngine.throwAsScriptException(NashornScriptEngine.java:469)
	at jdk.scripting.nashorn/jdk.nashorn.api.scripting.NashornScriptEngine.invokeImpl(NashornScriptEngine.java:391)
	at jdk.scripting.nashorn/jdk.nashorn.api.scripting.NashornScriptEngine.invokeFunction(NashornScriptEngine.java:189)
	at ptolemy.actor.lib.jjs.JavaScript._createEngineAndEvaluateSetup(JavaScript.java:2493)
	at ptolemy.actor.lib.jjs.JavaScript.attributeChanged(JavaScript.java:548)
	at org.terraswarm.accessor.JSAccessor.attributeChanged(JSAccessor.java:312)
	at ptolemy.data.expr.Variable._setTokenAndNotify(Variable.java:2271)
	at ptolemy.data.expr.Variable._evaluate(Variable.java:1873)
	at ptolemy.data.expr.Variable._propagate(Variable.java:1984)
	at ptolemy.data.expr.Variable.validate(Variable.java:1596)
	at ptolemy.moml.MoMLParser.endDocument(MoMLParser.java:867)
	at com.microstar.xml.XmlParser.doParse(XmlParser.java:162)
	at com.microstar.xml.XmlParser.parse(XmlParser.java:132)
	at ptolemy.moml.MoMLParser.parse(MoMLParser.java:1676)
	at ptolemy.moml.MoMLParser.parse(MoMLParser.java:1617)
	at ptolemy.moml.MoMLParser.parse(MoMLParser.java:1792)
	at org.terraswarm.accessor.AccessorLibrary.populate(AccessorLibrary.java:194)
	at ptolemy.moml.EntityLibrary.entityList(EntityLibrary.java:366)
	at ptolemy.kernel.CompositeEntity._unlinkLevelCrossingLinksToOutside(CompositeEntity.java:2769)
	at ptolemy.kernel.CompositeEntity._unlinkLevelCrossingLinksToOutside(CompositeEntity.java:2775)
	at ptolemy.kernel.CompositeEntity._unlinkLevelCrossingLinksToOutside(CompositeEntity.java:2775)
	at ptolemy.kernel.CompositeEntity._unlinkLevelCrossingLinksToOutside(CompositeEntity.java:2775)
	at ptolemy.kernel.CompositeEntity.setContainer(CompositeEntity.java:1878)
	at ptolemy.actor.gui.Configuration.check(Configuration.java:415)
	at java.base/jdk.internal.reflect.NativeMethodAccessorImpl.invoke0(Native Method)
	at java.base/jdk.internal.reflect.NativeMethodAccessorImpl.invoke(NativeMethodAccessorImpl.java:62)
	at java.base/jdk.internal.reflect.DelegatingMethodAccessorImpl.invoke(DelegatingMethodAccessorImpl.java:43)
	at java.base/java.lang.reflect.Method.invoke(Method.java:564)
	at tcl.lang.reflect.PkgInvoker.invokeMethod(PkgInvoker.java:129)
	at tcl.lang.JavaInvoke.call(JavaInvoke.java:253)
	at tcl.lang.JavaInvoke.callMethod(JavaInvoke.java:116)
	at tcl.lang.ReflectObject.cmdProc(ReflectObject.java:727)
	at tcl.lang.Parser.evalObjv(Parser.java:740)
	at tcl.lang.Parser.eval2(Parser.java:1138)
	at tcl.lang.Parser.evalTokens(Parser.java:930)
	at tcl.lang.Parser.eval2(Parser.java:1125)
	at tcl.lang.Interp.eval(Interp.java:1782)
	at tcl.lang.Interp.eval(Interp.java:1841)
	at tcl.lang.UplevelCmd.cmdProc(UplevelCmd.java:93)
	at tcl.lang.Parser.evalObjv(Parser.java:740)
	at tcl.lang.Parser.eval2(Parser.java:1138)
	at tcl.lang.Interp.eval(Interp.java:1782)
	at tcl.lang.Interp.eval(Interp.java:1841)
	at tcl.lang.CatchCmd.cmdProc(CatchCmd.java:42)
	at tcl.lang.Parser.evalObjv(Parser.java:740)
	at tcl.lang.Parser.eval2(Parser.java:1138)
	at tcl.lang.Parser.evalTokens(Parser.java:930)
	at tcl.lang.Parser.eval2(Parser.java:1125)
	at tcl.lang.Procedure.cmdProc(Procedure.java:175)
	at tcl.lang.Parser.evalObjv(Parser.java:740)
	at tcl.lang.Parser.eval2(Parser.java:1138)
	at tcl.lang.Procedure.cmdProc(Procedure.java:175)
	at tcl.lang.Parser.evalObjv(Parser.java:740)
	at tcl.lang.Parser.eval2(Parser.java:1138)
	at tcl.lang.Interp.eval(Interp.java:1782)
	at tcl.lang.Interp.evalFile(Interp.java:1880)
	at java.base/jdk.internal.reflect.NativeMethodAccessorImpl.invoke0(Native Method)
	at java.base/jdk.internal.reflect.NativeMethodAccessorImpl.invoke(NativeMethodAccessorImpl.java:62)
	at java.base/jdk.internal.reflect.DelegatingMethodAccessorImpl.invoke(DelegatingMethodAccessorImpl.java:43)
	at java.base/java.lang.reflect.Method.invoke(Method.java:564)
	at ptolemy.util.test.junit.TclTests.RunTclFile(TclTests.java:233)
	at java.base/jdk.internal.reflect.NativeMethodAccessorImpl.invoke0(Native Method)
	at java.base/jdk.internal.reflect.NativeMethodAccessorImpl.invoke(NativeMethodAccessorImpl.java:62)
	at java.base/jdk.internal.reflect.DelegatingMethodAccessorImpl.invoke(DelegatingMethodAccessorImpl.java:43)
	at java.base/java.lang.reflect.Method.invoke(Method.java:564)
	at org.junit.runners.model.FrameworkMethod$1.runReflectiveCall(FrameworkMethod.java:44)
	at org.junit.internal.runners.model.ReflectiveCallable.run(ReflectiveCallable.java:15)
	at org.junit.runners.model.FrameworkMethod.invokeExplosively(FrameworkMethod.java:41)
	at junitparams.internal.InvokeParameterisedMethod.evaluate(InvokeParameterisedMethod.java:102)
	at junitparams.internal.ParameterisedTestMethodRunner.runMethodInvoker(ParameterisedTestMethodRunner.java:47)
	at junitparams.internal.ParameterisedTestMethodRunner.runTestMethod(ParameterisedTestMethodRunner.java:41)
	at junitparams.internal.ParameterisedTestClassRunner.runParameterisedTest(ParameterisedTestClassRunner.java:143)
	at junitparams.JUnitParamsRunner.runChild(JUnitParamsRunner.java:237)
	at junitparams.JUnitParamsRunner.runChild(JUnitParamsRunner.java:215)
	at org.junit.runners.ParentRunner$3.run(ParentRunner.java:193)
	at org.junit.runners.ParentRunner$1.schedule(ParentRunner.java:52)
	at org.junit.runners.ParentRunner.runChildren(ParentRunner.java:191)
	at org.junit.runners.ParentRunner.access$000(ParentRunner.java:42)
	at org.junit.runners.ParentRunner$2.evaluate(ParentRunner.java:184)
	at org.junit.internal.runners.statements.RunAfters.evaluate(RunAfters.java:31)
	at org.junit.runners.ParentRunner.run(ParentRunner.java:236)
	at org.junit.runners.Suite.runChild(Suite.java:128)
	at org.junit.runners.Suite.runChild(Suite.java:24)
	at org.junit.runners.ParentRunner$3.run(ParentRunner.java:193)
	at org.junit.runners.ParentRunner$1.schedule(ParentRunner.java:52)
	at org.junit.runners.ParentRunner.runChildren(ParentRunner.java:191)
	at org.junit.runners.ParentRunner.access$000(ParentRunner.java:42)
	at org.junit.runners.ParentRunner$2.evaluate(ParentRunner.java:184)
	at org.junit.runners.ParentRunner.run(ParentRunner.java:236)
	at junit.framework.JUnit4TestAdapter.run(JUnit4TestAdapter.java:39)
	at org.apache.tools.ant.taskdefs.optional.junit.JUnitTestRunner.run(JUnitTestRunner.java:535)
	at org.apache.tools.ant.taskdefs.optional.junit.JUnitTestRunner.launch(JUnitTestRunner.java:1182)
	at org.apache.tools.ant.taskdefs.optional.junit.JUnitTestRunner.main(JUnitTestRunner.java:1033)
Caused by: /home/travis/build/icyphy/ptII/ptolemy/actor/lib/jjs/external/require.js:439 ReferenceError: "exception" is not defined
	at jdk.scripting.nashorn/jdk.nashorn.internal.runtime.ECMAErrors.error(ECMAErrors.java:57)
	at jdk.scripting.nashorn/jdk.nashorn.internal.runtime.ECMAErrors.referenceError(ECMAErrors.java:319)
	at jdk.scripting.nashorn/jdk.nashorn.internal.runtime.ECMAErrors.referenceError(ECMAErrors.java:291)
	at jdk.scripting.nashorn/jdk.nashorn.internal.objects.Global.__noSuchProperty__(Global.java:1615)
	at jdk.scripting.nashorn.scripts/jdk.nashorn.internal.scripts.Script$Recompilation$165534$require$cu1$restOf.L:45#_require(/home/travis/build/icyphy/ptII/ptolemy/actor/lib/jjs/external/require.js:439)
	at jdk.scripting.nashorn.scripts/jdk.nashorn.internal.scripts.Script$Recompilation$165446$21089A$require.L:45#_requireClosure#L:466(/home/travis/build/icyphy/ptII/ptolemy/actor/lib/jjs/external/require.js:467)
	at jdk.scripting.nashorn.scripts/jdk.nashorn.internal.scripts.Script$Recompilation$165520$1AAAAAAAAAAAAAA$\^function\_.L:1(<function>:97)
	at jdk.scripting.nashorn.scripts/jdk.nashorn.internal.scripts.Script$Recompilation$165519$17933AAAAAA$require$cu1$restOf.L:1#Accessor(/home/travis/build/icyphy/ptII/ptolemy/actor/lib/jjs/external/require.js#409:30<eval>:545)
	at jdk.scripting.nashorn.scripts/jdk.nashorn.internal.scripts.Script$Recompilation$165505$2801AAA$\^eval\_.evaluateCode(<eval>:96)
	at jdk.scripting.nashorn/jdk.nashorn.internal.runtime.ScriptFunctionData.invoke(ScriptFunctionData.java:661)
	at jdk.scripting.nashorn/jdk.nashorn.internal.runtime.ScriptFunction.invoke(ScriptFunction.java:513)
	at jdk.scripting.nashorn/jdk.nashorn.internal.runtime.ScriptRuntime.apply(ScriptRuntime.java:527)
	at jdk.scripting.nashorn/jdk.nashorn.api.scripting.ScriptObjectMirror.callMember(ScriptObjectMirror.java:198)
	at jdk.scripting.nashorn/jdk.nashorn.api.scripting.NashornScriptEngine.invokeImpl(NashornScriptEngine.java:385)
	... 91 more

    while executing
ptolemy.kernel.util.InvalidStateException: Failed to populate Library
  in .actor library.MoreLibraries.Accessors.audio
Because:
Loading accessor failed: AudioCapture.js
  in .actor library.MoreLibraries.Accessors.audio
Because:
Error evaluating expression:
// Copyright (c) 2015-2017 The Regents of the University of California.
...
  in .actor library.MoreLibraries.Accessors.audio.AudioCapture.script
Because:
Failed to evaluate script.
  in .actor library.MoreLibraries.Accessors.audio.AudioCapture
Because:
ReferenceError: "exception" is not defined in /home/travis/build/icyphy/ptII/ptolemy/actor/lib/jjs/external/require.js at line number 439
  in .actor library.MoreLibraries.Accessors.audio.AudioCapture.script
Because:
Error evaluating expression:
// Copyright (c) 2015-2017 The Regents of the University of California.
...
  in .actor library.MoreLibraries.Accessors.audio.AudioCapture.script
Because:
Failed to evaluate script.
  in .actor library.MoreLibraries.Accessors.audio.AudioCapture
Because:
ReferenceError: "exception" is not defined in /home/travis/build/icyphy/ptII/ptolemy/actor/lib/jjs/external/require.js at line number 439
    while executing
"[java::cast ptolemy.actor.gui.Configuration $configuration] check"
    invoked from within
"set results [[java::cast ptolemy.actor.gui.Configuration $configuration] check]"
    ("uplevel" body line 2)
    invoked from within
"uplevel $contents_of_test"
1562789232161 ms. Memory: 3537920K Free: 1018296K (29%)
Setting containers of atomic entities to null
Retrieving library from file:/home/travis/build/icyphy/ptII/org/terraswarm/accessor/accessors/web/index.json
Retrieving library from file:/home/travis/build/icyphy/ptII/org/terraswarm/accessor/accessors/web/adapters/index.json
Retrieving library from file:/home/travis/build/icyphy/ptII/org/terraswarm/accessor/accessors/web/audio/index.json
Retrieving library from file:/home/travis/build/icyphy/ptII/org/terraswarm/accessor/accessors/web/cameras/index.json
Retrieving library from file:/home/travis/build/icyphy/ptII/org/terraswarm/accessor/accessors/web/dashboard/index.json
Retrieving library from file:/home/travis/build/icyphy/ptII/org/terraswarm/accessor/accessors/web/devices/index.json
Retrieving library from file:/home/travis/build/icyphy/ptII/org/terraswarm/accessor/accessors/web/image/index.json
CharacterRecognition: The tesseract module was not present.  The CharacterRecognition accessor is not supported on this accessor host. (Thread[main,5,main])
CharacterRecognition: The tesseract module was not present.  The CharacterRecognition accessor is not supported on this accessor host. (Thread[main,5,main])
Retrieving library from file:/home/travis/build/icyphy/ptII/org/terraswarm/accessor/accessors/web/net/index.json
Retrieving library from file:/home/travis/build/icyphy/ptII/org/terraswarm/accessor/accessors/web/robotics/index.json
Retrieving library from file:/home/travis/build/icyphy/ptII/org/terraswarm/accessor/accessors/web/geodesy/index.json
Retrieving library from file:/home/travis/build/icyphy/ptII/org/terraswarm/accessor/accessors/web/services/index.json
Retrieving library from file:/home/travis/build/icyphy/ptII/org/terraswarm/accessor/accessors/web/signals/index.json
Retrieving library from file:/home/travis/build/icyphy/ptII/org/terraswarm/accessor/accessors/web/test/index.json
Retrieving library from file:/home/travis/build/icyphy/ptII/org/terraswarm/accessor/accessors/web/utilities/index.json
The Mutable accessor original file has no documentation, so we are not running jsdoc on https://accessors.org/utilities/Mutable.js
Loading accessor failed: AudioCapture.js
/home/travis/build/icyphy/ptII/ptolemy/configs/test/cloneTest.tcl
Simple standalone clone test
The constraints of the master:
  1. (TypeConstant, arrayType(double,2)) <= (variable .Top.Map.origin: arrayType(double))
  2. (TypeConstant, double) <= (variable .Top.Map.resolution: double)
  3. (TypeConstant, {grid = arrayType(int,2), height = int, width = int}) <= (variable .Top.Map.map: {grid = arrayType(int), height = int, width = int})
  4. (port .Top.Map.map: unknown) <= (variable .Top.Map.map: {grid = arrayType(int), height = int, width = int})
  5. (variable .Top.Map.map: {grid = arrayType(int), height = int, width = int}) <= (port .Top.Map.map: unknown)
The constraints of the clone:
  1. (TypeConstant, arrayType(double,2)) <= (variable .Top.Map.origin: arrayType(double))
  2. (TypeConstant, double) <= (variable .Top.Map.resolution: double)
  3. (TypeConstant, {grid = arrayType(int,2), height = int, width = int}) <= (variable .Top.Map.map: {grid = arrayType(int), height = int, width = int})
  4. (port .Top.Map.map: unknown) <= (variable .Top.Map.map: {grid = arrayType(int), height = int, width = int})
  5. (variable .Top.Map.map: {grid = arrayType(int), height = int, width = int}) <= (port .Top.Map.map: unknown)
Congrats, the constraints are the same.
/home/travis/build/icyphy/ptII/ptolemy/configs/test/configurationTools.tcl
/home/travis/build/icyphy/ptII/ptolemy/configs/test/missingDemos.tcl
Updating /home/travis/build/icyphy/ptII/ptolemy/configs/test/../../../ptolemy/configs/doc/models.txt.  This could take a minute.


==== $PTII/ptolemy/configs/test/missingDemos.tcl: missingDemos-0.5 Update ptolemy/configs/doc/models.txt
==== Contents of test case:

    puts "Updating $PTII/ptolemy/configs/doc/models.txt.  This could take a minute."
    # Use the all target instead of update because travis might not have
    # write access to the repo.
    exec -stderrok make -C ../doc all
    puts "Done updating $PTII/ptolemy/configs/doc/models.txt"
    file exists ../doc/models.txt

==== Test generated error:
make: Entering directory '/home/travis/build/icyphy/ptII/ptolemy/configs/doc'
(cd ../../../ptolemy/configs/capecode; make capecodeModels.txt)
make[1]: Entering directory '/home/travis/build/icyphy/ptII/ptolemy/configs/capecode'
DISPLAY="" "/usr/local/lib/jvm/openjdk10/bin/java" "-Dptolemy.ptII.dir=/home/travis/build/icyphy/ptII" \
	-classpath "../../..::/home/travis/build/icyphy/ptII/ptolemy/actor/ptalon/antlr/antlr.jar::::/home/travis/build/icyphy/ptII/lib/bsh-2.0b4.jar:/home/travis/build/icyphy/ptII/lib/ptcolt.jar:::/home/travis/build/icyphy/ptII/lib/nrjavaserial-3.11.0.devel.jar:/home/travis/build/icyphy/ptII/lib/diva.jar:/home/travis/build/icyphy/ptII/lib/ptCal.jar:/home/travis/build/icyphy/ptII/lib/saxon8.jar:/home/travis/build/icyphy/ptII/lib/saxon8-dom.jar:/home/travis/build/icyphy/ptII/lib/java_cup.jar:/home/travis/build/icyphy/ptII/vendors/jai-1_1_2_01/lib/jai_core.jar:/home/travis/build/icyphy/ptII/vendors/jai-1_1_2_01/lib/jai_codec.jar:/home/travis/build/icyphy/ptII/vendors/j3d/lib/j3dcore.jar:/home/travis/build/icyphy/ptII/vendors/j3d/lib/j3dutils.jar:/home/travis/build/icyphy/ptII/vendors/j3d/lib/vecmath.jar::/home/travis/build/icyphy/ptII/lib/javax.mail.jar::/home/travis/build/icyphy/ptII/lib/jcerti.jar:/home/travis/build/icyphy/ptII/ptolemy/distributed/jini/jar/jini-core.jar:/home/travis/build/icyphy/ptII/ptolemy/distributed/jini/jar/jini-ext.jar:/home/travis/build/icyphy/ptII/vendors/JMF-2.1.1e/lib/jmf.jar:/home/travis/build/icyphy/ptII/lib/jna-4.0.0-variadic.jar::/home/travis/build/icyphy/ptII/vendors/misc/joystick/Joystick.jar:/home/travis/build/icyphy/ptII/lib/jsoup-1.8.2.jar:/home/travis/build/icyphy/ptII/ptolemy/actor/lib/excel/jxl.jar:/home/travis/build/icyphy/ptII/lib/junit-4.8.2.jar:/home/travis/build/icyphy/ptII/lib/JUnitParams-0.4.0.jar:/home/travis/build/icyphy/ptII/lib/jython.jar:/home/travis/build/icyphy/ptII/lib/kieler.jar:/home/travis/build/icyphy/ptII/lib/opencv-341.jar:::/home/travis/build/icyphy/ptII/lib/oscP5.jar:/usr/local/lib/jvm/openjdk10/../Classes/classes.jar:/home/travis/build/icyphy/ptII/lib/mapss.jar:/home/travis/build/icyphy/ptII/ptolemy/domains/ptinyos/lib/jdom.jar:/home/travis/build/icyphy/ptII/ptolemy/domains/ptinyos/lib/nesc.jar:/home/travis/build/icyphy/ptII/lib/g4ltl.jar:::/home/travis/build/icyphy/ptII/vendors/misc/itext/iText.jar:/home/travis/build/icyphy/ptII/lib/ptjacl.jar:/usr/lib/jvm/java-8-openjdk-amd64/jre/lib/ext/jfxrt.jar::/home/travis/build/icyphy/ptII/lib/org.eclipse.paho.client.mqttv3.jar::/home/travis/build/icyphy/ptII/lib/JRI.jar:/home/travis/build/icyphy/ptII/lib/commons-lang-2.6.jar:/home/travis/build/icyphy/ptII/lib/commons-logging-1.1.1.jar:/home/travis/build/icyphy/ptII/lib/PDFRenderer.jar:/home/travis/build/icyphy/ptII/lib/protobuf-java-2.4.1.jar:/home/travis/build/icyphy/ptII/lib/slf4j-api-1.7.13.jar:/home/travis/build/icyphy/ptII/lib/slf4j-simple-1.7.13.jar::::/home/travis/build/icyphy/ptII/vendors/misc/sphinx4/sphinx4-data-5prealpha.jar:/home/travis/build/icyphy/ptII/vendors/misc/sphinx4/sphinx4-core-5prealpha.jar:space/space.jar:/home/travis/build/icyphy/ptII/lib/StructuralCoder.jar:/home/travis/build/icyphy/ptII/lib/svgSalamander.jar:/home/travis/build/icyphy/ptII/lib/rsyntaxtextarea-2.6.0-SNAPSHOT.jar:/home/travis/build/icyphy/ptII/ptolemy/domains/ptinyos/lib/jdom.jar:/home/travis/build/icyphy/ptII/ptolemy/domains/ptinyos/lib/nesc.jar::/home/travis/build/icyphy/ptII/lib/hazelcast-3.8.2.jar:/home/travis/build/icyphy/ptII/lib/jackson-annotations-2.9.0.jar:/home/travis/build/icyphy/ptII/lib/jackson-core-2.9.3.jar:/home/travis/build/icyphy/ptII/lib/jackson-databind-2.9.3.jar:/home/travis/build/icyphy/ptII/lib/netty-buffer-4.1.19.Final.jar:/home/travis/build/icyphy/ptII/lib/netty-codec-4.1.19.Final.jar:/home/travis/build/icyphy/ptII/lib/netty-codec-dns-4.1.19.Final.jar:/home/travis/build/icyphy/ptII/lib/netty-codec-http-4.1.19.Final.jar:/home/travis/build/icyphy/ptII/lib/netty-codec-http2-4.1.19.Final.jar:/home/travis/build/icyphy/ptII/lib/netty-common-4.1.19.Final.jar:/home/travis/build/icyphy/ptII/lib/netty-handler-4.1.19.Final.jar:/home/travis/build/icyphy/ptII/lib/netty-resolver-4.1.19.Final.jar:/home/travis/build/icyphy/ptII/lib/netty-resolver-dns-4.1.19.Final.jar:/home/travis/build/icyphy/ptII/lib/netty-transport-4.1.19.Final.jar:/home/travis/build/icyphy/ptII/lib/vertx-codegen-3.5.1.jar:/home/travis/build/icyphy/ptII/lib/vertx-core-3.5.2-SNAPSHOT.jar:/home/travis/build/icyphy/ptII/lib/vertx-hazelcast-3.5.1.jar:/home/travis/build/icyphy/ptII/lib/vertx-lang-js-3.5.1.jar:/home/travis/build/icyphy/ptII/lib/vertx-service-proxy-3.5.1.jar:/home/travis/build/icyphy/ptII/lib/vertx-web-3.5.1.jar:/home/travis/build/icyphy/ptII/lib/webcam-capture-0.3.12.jar:/home/travis/build/icyphy/ptII/lib/bridj-0.7.0.jar:/home/travis/build/icyphy/ptII/lib/xbjlib-1.1.0.nrjavaserial.jar:/home/travis/build/icyphy/ptII/lib/sootclasses.jar:::/usr/local/lib/jvm/openjdk10/lib/jce.jar" \
	ptolemy.actor.gui.HTMLAbout demonstrations.htm capecodeModels.txt
Printing '.' for regular models, 'P' for models with LiveLinks.
..PJSAccessor: PT_NO_NET environment variable is set, so git pull and ptdoc are not being run.
No physical cameras found, using WebcamDummyDriver.
.P.P#
# There is insufficient memory for the Java Runtime Environment to continue.
# Native memory allocation (mmap) failed to map 117440512 bytes for committing reserved memory.
# An error report file with more information is saved as:
# /home/travis/build/icyphy/ptII/ptolemy/configs/capecode/hs_err_pid16916.log
makefile:105: recipe for target 'capecodeModels.txt' failed
make[1]: Leaving directory '/home/travis/build/icyphy/ptII/ptolemy/configs/capecode'
makefile:149: recipe for target '../../../ptolemy/configs/capecode/capecodeModels.txt' failed
make: Leaving directory '/home/travis/build/icyphy/ptII/ptolemy/configs/doc'
WARNING: An illegal reflective access operation has occurred
WARNING: Illegal reflective access by io.netty.util.internal.ReflectionUtil (file:/home/travis/build/icyphy/ptII/lib/netty-common-4.1.19.Final.jar) to constructor java.nio.DirectByteBuffer(long,int)
WARNING: Please consider reporting this to the maintainers of io.netty.util.internal.ReflectionUtil
WARNING: Use --illegal-access=warn to enable warnings of further illegal reflective access operations
WARNING: All illegal access operations will be denied in a future release
[main] INFO com.github.sarxos.webcam.Webcam - WebcamDefaultDriver capture driver will be used
OpenJDK 64-Bit Server VM warning: INFO: os::commit_memory(0x00000000a6500000, 117440512, 0) failed; error='Not enough space' (errno=12)
make[1]: *** [capecodeModels.txt] Error 1
make: *** [../../../ptolemy/configs/capecode/capecodeModels.txt] Error 2
    while executing
"exec -stderrok make -C ../doc all"
    ("uplevel" body line 5)
    invoked from within
"uplevel $contents_of_test"


==== $PTII/ptolemy/configs/test/missingDemos.tcl: missingDemos-1.0 Look for demos listed in configs/doc/demos.html that are not in models.txt
==== Contents of test case:

    # Run it once to build any missing files.  It is ok if we have output on stderr.
    exec -stderrok make -C ../doc missingDemos
    jdkCaptureOutAndErr {
	exec make -C ../doc --no-print-directory missingDemos
    } out err
    puts "Stderr for 'make -C ../doc missingDemos' was\n--start--\n$err\n--end--"
    regsub -all {make: [^']*'} $err {} err2
    list $out $err2

==== Test generated error:
make: Entering directory '/home/travis/build/icyphy/ptII/ptolemy/configs/doc'
#
# Starting to build models.txt: Wed Jul 10 20:14:24 UTC 2019
#
# See https://chess.eecs.berkeley.edu/ptexternal/wiki/Main/Finalizers for why we set DISPLAY
DISPLAY="" "/usr/local/lib/jvm/openjdk10/bin/java"  -Xmx1500m "-Dptolemy.ptII.dir=/home/travis/build/icyphy/ptII" \
	-classpath "../../..::/home/travis/build/icyphy/ptII/ptolemy/actor/ptalon/antlr/antlr.jar::::/home/travis/build/icyphy/ptII/lib/bsh-2.0b4.jar:/home/travis/build/icyphy/ptII/lib/ptcolt.jar:::/home/travis/build/icyphy/ptII/lib/nrjavaserial-3.11.0.devel.jar:/home/travis/build/icyphy/ptII/lib/diva.jar:/home/travis/build/icyphy/ptII/lib/ptCal.jar:/home/travis/build/icyphy/ptII/lib/saxon8.jar:/home/travis/build/icyphy/ptII/lib/saxon8-dom.jar:/home/travis/build/icyphy/ptII/lib/java_cup.jar:/home/travis/build/icyphy/ptII/vendors/jai-1_1_2_01/lib/jai_core.jar:/home/travis/build/icyphy/ptII/vendors/jai-1_1_2_01/lib/jai_codec.jar:/home/travis/build/icyphy/ptII/vendors/j3d/lib/j3dcore.jar:/home/travis/build/icyphy/ptII/vendors/j3d/lib/j3dutils.jar:/home/travis/build/icyphy/ptII/vendors/j3d/lib/vecmath.jar::/home/travis/build/icyphy/ptII/lib/javax.mail.jar::/home/travis/build/icyphy/ptII/lib/jcerti.jar:/home/travis/build/icyphy/ptII/ptolemy/distributed/jini/jar/jini-core.jar:/home/travis/build/icyphy/ptII/ptolemy/distributed/jini/jar/jini-ext.jar:/home/travis/build/icyphy/ptII/vendors/JMF-2.1.1e/lib/jmf.jar:/home/travis/build/icyphy/ptII/lib/jna-4.0.0-variadic.jar::/home/travis/build/icyphy/ptII/vendors/misc/joystick/Joystick.jar:/home/travis/build/icyphy/ptII/lib/jsoup-1.8.2.jar:/home/travis/build/icyphy/ptII/ptolemy/actor/lib/excel/jxl.jar:/home/travis/build/icyphy/ptII/lib/junit-4.8.2.jar:/home/travis/build/icyphy/ptII/lib/JUnitParams-0.4.0.jar:/home/travis/build/icyphy/ptII/lib/jython.jar:/home/travis/build/icyphy/ptII/lib/kieler.jar:/home/travis/build/icyphy/ptII/lib/opencv-341.jar:::/home/travis/build/icyphy/ptII/lib/oscP5.jar:/usr/local/lib/jvm/openjdk10/../Classes/classes.jar:/home/travis/build/icyphy/ptII/lib/mapss.jar:/home/travis/build/icyphy/ptII/ptolemy/domains/ptinyos/lib/jdom.jar:/home/travis/build/icyphy/ptII/ptolemy/domains/ptinyos/lib/nesc.jar:/home/travis/build/icyphy/ptII/lib/g4ltl.jar:::/home/travis/build/icyphy/ptII/vendors/misc/itext/iText.jar:/home/travis/build/icyphy/ptII/lib/ptjacl.jar:/usr/lib/jvm/java-8-openjdk-amd64/jre/lib/ext/jfxrt.jar::/home/travis/build/icyphy/ptII/lib/org.eclipse.paho.client.mqttv3.jar::/home/travis/build/icyphy/ptII/lib/JRI.jar:/home/travis/build/icyphy/ptII/lib/commons-lang-2.6.jar:/home/travis/build/icyphy/ptII/lib/commons-logging-1.1.1.jar:/home/travis/build/icyphy/ptII/lib/PDFRenderer.jar:/home/travis/build/icyphy/ptII/lib/protobuf-java-2.4.1.jar:/home/travis/build/icyphy/ptII/lib/slf4j-api-1.7.13.jar:/home/travis/build/icyphy/ptII/lib/slf4j-simple-1.7.13.jar::::/home/travis/build/icyphy/ptII/vendors/misc/sphinx4/sphinx4-data-5prealpha.jar:/home/travis/build/icyphy/ptII/vendors/misc/sphinx4/sphinx4-core-5prealpha.jar:space/space.jar:/home/travis/build/icyphy/ptII/lib/StructuralCoder.jar:/home/travis/build/icyphy/ptII/lib/svgSalamander.jar:/home/travis/build/icyphy/ptII/lib/rsyntaxtextarea-2.6.0-SNAPSHOT.jar:/home/travis/build/icyphy/ptII/ptolemy/domains/ptinyos/lib/jdom.jar:/home/travis/build/icyphy/ptII/ptolemy/domains/ptinyos/lib/nesc.jar::/home/travis/build/icyphy/ptII/lib/hazelcast-3.8.2.jar:/home/travis/build/icyphy/ptII/lib/jackson-annotations-2.9.0.jar:/home/travis/build/icyphy/ptII/lib/jackson-core-2.9.3.jar:/home/travis/build/icyphy/ptII/lib/jackson-databind-2.9.3.jar:/home/travis/build/icyphy/ptII/lib/netty-buffer-4.1.19.Final.jar:/home/travis/build/icyphy/ptII/lib/netty-codec-4.1.19.Final.jar:/home/travis/build/icyphy/ptII/lib/netty-codec-dns-4.1.19.Final.jar:/home/travis/build/icyphy/ptII/lib/netty-codec-http-4.1.19.Final.jar:/home/travis/build/icyphy/ptII/lib/netty-codec-http2-4.1.19.Final.jar:/home/travis/build/icyphy/ptII/lib/netty-common-4.1.19.Final.jar:/home/travis/build/icyphy/ptII/lib/netty-handler-4.1.19.Final.jar:/home/travis/build/icyphy/ptII/lib/netty-resolver-4.1.19.Final.jar:/home/travis/build/icyphy/ptII/lib/netty-resolver-dns-4.1.19.Final.jar:/home/travis/build/icyphy/ptII/lib/netty-transport-4.1.19.Final.jar:/home/travis/build/icyphy/ptII/lib/vertx-codegen-3.5.1.jar:/home/travis/build/icyphy/ptII/lib/vertx-core-3.5.2-SNAPSHOT.jar:/home/travis/build/icyphy/ptII/lib/vertx-hazelcast-3.5.1.jar:/home/travis/build/icyphy/ptII/lib/vertx-lang-js-3.5.1.jar:/home/travis/build/icyphy/ptII/lib/vertx-service-proxy-3.5.1.jar:/home/travis/build/icyphy/ptII/lib/vertx-web-3.5.1.jar:/home/travis/build/icyphy/ptII/lib/webcam-capture-0.3.12.jar:/home/travis/build/icyphy/ptII/lib/bridj-0.7.0.jar:/home/travis/build/icyphy/ptII/lib/xbjlib-1.1.0.nrjavaserial.jar:/home/travis/build/icyphy/ptII/lib/sootclasses.jar:::/usr/local/lib/jvm/openjdk10/lib/jce.jar" \
	ptolemy.actor.gui.HTMLAbout 
Printing '.' for regular models, 'P' for models with LiveLinks.
.....P.......P.......P................PJSAccessor: PT_NO_NET environment variable is set, so git pull and ptdoc are not being run.
...P...P....PNo physical cameras found, using WebcamDummyDriver.
.P.........P.P....P....................P..P..P#
# There is insufficient memory for the Java Runtime Environment to continue.
# Native memory allocation (mmap) failed to map 47185920 bytes for committing reserved memory.
# An error report file with more information is saved as:
# /home/travis/build/icyphy/ptII/ptolemy/configs/doc/hs_err_pid16998.log
makefile:153: recipe for target 'models.txt' failed
make: Leaving directory '/home/travis/build/icyphy/ptII/ptolemy/configs/doc'
WARNING: An illegal reflective access operation has occurred
WARNING: Illegal reflective access by io.netty.util.internal.ReflectionUtil (file:/home/travis/build/icyphy/ptII/lib/netty-common-4.1.19.Final.jar) to constructor java.nio.DirectByteBuffer(long,int)
WARNING: Please consider reporting this to the maintainers of io.netty.util.internal.ReflectionUtil
WARNING: Use --illegal-access=warn to enable warnings of further illegal reflective access operations
WARNING: All illegal access operations will be denied in a future release
[main] INFO com.github.sarxos.webcam.Webcam - WebcamDefaultDriver capture driver will be used
OpenJDK 64-Bit Server VM warning: INFO: os::commit_memory(0x00000000b9c00000, 47185920, 0) failed; error='Not enough space' (errno=12)
make: *** [models.txt] Error 1
    while executing
"exec -stderrok make -C ../doc missingDemos"
    ("uplevel" body line 3)
    invoked from within
"uplevel $contents_of_test"
Stderr for '/home/travis/build/icyphy/ptII/ptolemy/configs/test/../../../ptolemy/configs/test/missingDemos' was
--start--
The ptolemy/actor/gt/demo directory is not found in completeDemo.htm
    <!-- ../../../ptolemy/actor/gt/demo -->
The ptolemy/actor/lib/colt/demo directory is not found in completeDemo.htm
    <!-- ../../../ptolemy/actor/lib/colt/demo -->
The ptolemy/actor/lib/fmi/demo directory is not found in completeDemo.htm
    <!-- ../../../ptolemy/actor/lib/fmi/demo -->
The ptolemy/actor/lib/gem5/demo directory is not found in completeDemo.htm
    <!-- ../../../ptolemy/actor/lib/gem5/demo -->
The ptolemy/actor/lib/io/comm/demo directory is not found in completeDemo.htm
    <!-- ../../../ptolemy/actor/lib/io/comm/demo -->
The ptolemy/actor/lib/io/demo directory is not found in completeDemo.htm
    <!-- ../../../ptolemy/actor/lib/io/demo -->
The ptolemy/actor/lib/jai/demo directory is not found in completeDemo.htm
    <!-- ../../../ptolemy/actor/lib/jai/demo -->
The ptolemy/actor/lib/javasound/demo directory is not found in completeDemo.htm
    <!-- ../../../ptolemy/actor/lib/javasound/demo -->
The ptolemy/actor/lib/jmf/demo directory is not found in completeDemo.htm
    <!-- ../../../ptolemy/actor/lib/jmf/demo -->
The ptolemy/actor/lib/mail/demo directory is not found in completeDemo.htm
    <!-- ../../../ptolemy/actor/lib/mail/demo -->
The ptolemy/actor/lib/python/demo directory is not found in completeDemo.htm
    <!-- ../../../ptolemy/actor/lib/python/demo -->
The ptolemy/actor/lib/r/demo directory is not found in completeDemo.htm
    <!-- ../../../ptolemy/actor/lib/r/demo -->
The ptolemy/actor/lib/security/demo directory is not found in completeDemo.htm
    <!-- ../../../ptolemy/actor/lib/security/demo -->
The ptolemy/actor/parameters/demo directory is not found in completeDemo.htm
    <!-- ../../../ptolemy/actor/parameters/demo -->
The ptolemy/actor/ptalon/gt/demo directory is not found in completeDemo.htm
    <!-- ../../../ptolemy/actor/ptalon/gt/demo -->
The ptolemy/caltrop/demo directory is not found in completeDemo.htm
    <!-- ../../../ptolemy/caltrop/demo -->
The ptolemy/data/type/demo directory is not found in completeDemo.htm
    <!-- ../../../ptolemy/data/type/demo -->
The ptolemy/data/unit/demo directory is not found in completeDemo.htm
    <!-- ../../../ptolemy/data/unit/demo -->
The ptolemy/distributed/demo directory is not found in completeDemo.htm
    <!-- ../../../ptolemy/distributed/demo -->
The ptolemy/domains/algebraic/demo directory is not found in completeDemo.htm
    <!-- ../../../ptolemy/domains/algebraic/demo -->
The ptolemy/domains/atc/demo directory is not found in completeDemo.htm
    <!-- ../../../ptolemy/domains/atc/demo -->
The ptolemy/domains/ca/demo directory is not found in completeDemo.htm
    <!-- ../../../ptolemy/domains/ca/demo -->
The ptolemy/domains/ci/demo directory is not found in completeDemo.htm
    <!-- ../../../ptolemy/domains/ci/demo -->
The ptolemy/domains/continuous/demo directory is not found in completeDemo.htm
    <!-- ../../../ptolemy/domains/continuous/demo -->
The ptolemy/domains/curriculum/demo directory is not found in completeDemo.htm
    <!-- ../../../ptolemy/domains/curriculum/demo -->
The ptolemy/domains/ddf/demo directory is not found in completeDemo.htm
    <!-- ../../../ptolemy/domains/ddf/demo -->
The ptolemy/domains/dt/demo directory is not found in completeDemo.htm
    <!-- ../../../ptolemy/domains/dt/demo -->
The ptolemy/domains/gr/demo directory is not found in completeDemo.htm
    <!-- ../../../ptolemy/domains/gr/demo -->
The ptolemy/domains/hdf/demo directory is not found in completeDemo.htm
    <!-- ../../../ptolemy/domains/hdf/demo -->
The ptolemy/domains/petrinet/demo directory is not found in completeDemo.htm
    <!-- ../../../ptolemy/domains/petrinet/demo -->
The ptolemy/domains/pn/demo directory is not found in completeDemo.htm
    <!-- ../../../ptolemy/domains/pn/demo -->
The ptolemy/domains/ptera/demo directory is not found in completeDemo.htm
    <!-- ../../../ptolemy/domains/ptera/demo -->
The ptolemy/domains/qss/demo directory is not found in completeDemo.htm
    <!-- ../../../ptolemy/domains/qss/demo -->
The ptolemy/domains/rendezvous/demo directory is not found in completeDemo.htm
    <!-- ../../../ptolemy/domains/rendezvous/demo -->
The ptolemy/domains/scr/demo directory is not found in completeDemo.htm
    <!-- ../../../ptolemy/domains/scr/demo -->
The ptolemy/domains/sdf/demo directory is not found in completeDemo.htm
    <!-- ../../../ptolemy/domains/sdf/demo -->
The ptolemy/domains/sdf/optimize/demo directory is not found in completeDemo.htm
    <!-- ../../../ptolemy/domains/sdf/optimize/demo -->
The ptolemy/domains/space/demo directory is not found in completeDemo.htm
    <!-- ../../../ptolemy/domains/space/demo -->
The ptolemy/domains/taskpt/demo directory is not found in completeDemo.htm
    <!-- ../../../ptolemy/domains/taskpt/demo -->
The ptolemy/domains/tcs/demo directory is not found in completeDemo.htm
    <!-- ../../../ptolemy/domains/tcs/demo -->
The ptolemy/domains/tm/demo directory is not found in completeDemo.htm
    <!-- ../../../ptolemy/domains/tm/demo -->
The ptolemy/matlab/demo directory is not found in completeDemo.htm
    <!-- ../../../ptolemy/matlab/demo -->
The ptolemy/moml/demo directory is not found in completeDemo.htm
    <!-- ../../../ptolemy/moml/demo -->
--end--


==== $PTII/ptolemy/configs/test/missingDemos.tcl: missingDemos-2.0 Run the missingDemos script.
==== Contents of test case:

    jdkCaptureOutAndErr {
	# In the installer, missingDemos might not be executable.
	exec chmod a+x $PTII/ptolemy/configs/test/missingDemos
        exec $PTII/ptolemy/configs/test/missingDemos
    } out err
    puts "Stderr for '$PTII/ptolemy/configs/test/missingDemos' was\n--start--\n$err\n--end--"
    regsub -all {make: [^']*'} $err {} err2
    list $out $err2

==== Result was:
{} {The ptolemy/actor/gt/demo directory is not found in completeDemo.htm
    <!-- ../../../ptolemy/actor/gt/demo -->
The ptolemy/actor/lib/colt/demo directory is not found in completeDemo.htm
    <!-- ../../../ptolemy/actor/lib/colt/demo -->
The ptolemy/actor/lib/fmi/demo directory is not found in completeDemo.htm
    <!-- ../../../ptolemy/actor/lib/fmi/demo -->
The ptolemy/actor/lib/gem5/demo directory is not found in completeDemo.htm
    <!-- ../../../ptolemy/actor/lib/gem5/demo -->
The ptolemy/actor/lib/io/comm/demo directory is not found in completeDemo.htm
    <!-- ../../../ptolemy/actor/lib/io/comm/demo -->
The ptolemy/actor/lib/io/demo directory is not found in completeDemo.htm
    <!-- ../../../ptolemy/actor/lib/io/demo -->
The ptolemy/actor/lib/jai/demo directory is not found in completeDemo.htm
    <!-- ../../../ptolemy/actor/lib/jai/demo -->
The ptolemy/actor/lib/javasound/demo directory is not found in completeDemo.htm
    <!-- ../../../ptolemy/actor/lib/javasound/demo -->
The ptolemy/actor/lib/jmf/demo directory is not found in completeDemo.htm
    <!-- ../../../ptolemy/actor/lib/jmf/demo -->
The ptolemy/actor/lib/mail/demo directory is not found in completeDemo.htm
    <!-- ../../../ptolemy/actor/lib/mail/demo -->
The ptolemy/actor/lib/python/demo directory is not found in completeDemo.htm
    <!-- ../../../ptolemy/actor/lib/python/demo -->
The ptolemy/actor/lib/r/demo directory is not found in completeDemo.htm
    <!-- ../../../ptolemy/actor/lib/r/demo -->
The ptolemy/actor/lib/security/demo directory is not found in completeDemo.htm
    <!-- ../../../ptolemy/actor/lib/security/demo -->
The ptolemy/actor/parameters/demo directory is not found in completeDemo.htm
    <!-- ../../../ptolemy/actor/parameters/demo -->
The ptolemy/actor/ptalon/gt/demo directory is not found in completeDemo.htm
    <!-- ../../../ptolemy/actor/ptalon/gt/demo -->
The ptolemy/caltrop/demo directory is not found in completeDemo.htm
    <!-- ../../../ptolemy/caltrop/demo -->
The ptolemy/data/type/demo directory is not found in completeDemo.htm
    <!-- ../../../ptolemy/data/type/demo -->
The ptolemy/data/unit/demo directory is not found in completeDemo.htm
    <!-- ../../../ptolemy/data/unit/demo -->
The ptolemy/distributed/demo directory is not found in completeDemo.htm
    <!-- ../../../ptolemy/distributed/demo -->
The ptolemy/domains/algebraic/demo directory is not found in completeDemo.htm
    <!-- ../../../ptolemy/domains/algebraic/demo -->
The ptolemy/domains/atc/demo directory is not found in completeDemo.htm
    <!-- ../../../ptolemy/domains/atc/demo -->
The ptolemy/domains/ca/demo directory is not found in completeDemo.htm
    <!-- ../../../ptolemy/domains/ca/demo -->
The ptolemy/domains/ci/demo directory is not found in completeDemo.htm
    <!-- ../../../ptolemy/domains/ci/demo -->
The ptolemy/domains/continuous/demo directory is not found in completeDemo.htm
    <!-- ../../../ptolemy/domains/continuous/demo -->
The ptolemy/domains/curriculum/demo directory is not found in completeDemo.htm
    <!-- ../../../ptolemy/domains/curriculum/demo -->
The ptolemy/domains/ddf/demo directory is not found in completeDemo.htm
    <!-- ../../../ptolemy/domains/ddf/demo -->
The ptolemy/domains/dt/demo directory is not found in completeDemo.htm
    <!-- ../../../ptolemy/domains/dt/demo -->
The ptolemy/domains/gr/demo directory is not found in completeDemo.htm
    <!-- ../../../ptolemy/domains/gr/demo -->
The ptolemy/domains/hdf/demo directory is not found in completeDemo.htm
    <!-- ../../../ptolemy/domains/hdf/demo -->
The ptolemy/domains/petrinet/demo directory is not found in completeDemo.htm
    <!-- ../../../ptolemy/domains/petrinet/demo -->
The ptolemy/domains/pn/demo directory is not found in completeDemo.htm
    <!-- ../../../ptolemy/domains/pn/demo -->
The ptolemy/domains/ptera/demo directory is not found in completeDemo.htm
    <!-- ../../../ptolemy/domains/ptera/demo -->
The ptolemy/domains/qss/demo directory is not found in completeDemo.htm
    <!-- ../../../ptolemy/domains/qss/demo -->
The ptolemy/domains/rendezvous/demo directory is not found in completeDemo.htm
    <!-- ../../../ptolemy/domains/rendezvous/demo -->
The ptolemy/domains/scr/demo directory is not found in completeDemo.htm
    <!-- ../../../ptolemy/domains/scr/demo -->
The ptolemy/domains/sdf/demo directory is not found in completeDemo.htm
    <!-- ../../../ptolemy/domains/sdf/demo -->
The ptolemy/domains/sdf/optimize/demo directory is not found in completeDemo.htm
    <!-- ../../../ptolemy/domains/sdf/optimize/demo -->
The ptolemy/domains/space/demo directory is not found in completeDemo.htm
    <!-- ../../../ptolemy/domains/space/demo -->
The ptolemy/domains/taskpt/demo directory is not found in completeDemo.htm
    <!-- ../../../ptolemy/domains/taskpt/demo -->
The ptolemy/domains/tcs/demo directory is not found in completeDemo.htm
    <!-- ../../../ptolemy/domains/tcs/demo -->
The ptolemy/domains/tm/demo directory is not found in completeDemo.htm
    <!-- ../../../ptolemy/domains/tm/demo -->
The ptolemy/matlab/demo directory is not found in completeDemo.htm
    <!-- ../../../ptolemy/matlab/demo -->
The ptolemy/moml/demo directory is not found in completeDemo.htm
    <!-- ../../../ptolemy/moml/demo -->}
---- Result should have been:
{} {}
---- missingDemos-2.0 FAILED
/home/travis/build/icyphy/ptII/ptolemy/configs/test/validDemos.tcl
Validating the xml in /auto/ xml files after removing the configure blocks
...................................................................................................................................................................................................................................................................................................................................................................................................................................................................................................................................................................................................................................................................................................................................................................................................................................................................................................................................................................................................................................................................................................................................................................................................................................................................................................................................................................................................................................................................................................................................................................................................................................................................................................................................................................................................................................................................................................................................................................................................................................................................................................................................................................................................................................................................................................................................................................................................................................................................................................................................................................................................................................................................................................................................................................................................................................................................................................................................................................................................................................Checked 2915 demos from configs/doc/models.txt
Validating the xml in demo xml files after removing the configure blocks
Checked 0 demos from configs/doc/models.txt
07/10/19 08:15:52
Failed: 6  Total Tests: 3004  ((Passed: 2998, Newly Passed: 0)  Known Failed: 0) /home/travis/build/icyphy/ptII/ptolemy/configs/test
No auto/knownFailedTests/*.xml tests in /home/travis/build/icyphy/ptII/ptolemy/configs/test
No auto/linux-amd64/*.xml tests in /home/travis/build/icyphy/ptII/ptolemy/configs/test
AutoTests.java: About to close Vertx.
AutoTests.java: Vertx closed.
No auto/*.xml tests in /home/travis/build/icyphy/ptII/ptolemy/configs/test
AutoTests.java: About to close Vertx.
AutoTests.java: Vertx closed.
]]></system-out>
  <system-err><![CDATA[Graphics Device initialization failed for :  es2, sw
Error initializing QuantumRenderer: no suitable pipeline found
java.lang.RuntimeException: java.lang.RuntimeException: Error initializing QuantumRenderer: no suitable pipeline found
	at com.sun.javafx.tk.quantum.QuantumRenderer.getInstance(QuantumRenderer.java:280)
	at com.sun.javafx.tk.quantum.QuantumToolkit.init(QuantumToolkit.java:221)
	at com.sun.javafx.tk.Toolkit.getToolkit(Toolkit.java:198)
	at com.sun.javafx.application.PlatformImpl.startup(PlatformImpl.java:209)
	at javafx.embed.swing.JFXPanel.initFx(JFXPanel.java:215)
	at javafx.embed.swing.JFXPanel.<init>(JFXPanel.java:230)
	at ptolemy.actor.lib.jjs.modules.audio.ClipPlayerHelper.<clinit>(ClipPlayerHelper.java:159)
	at java.base/java.lang.Class.forName0(Native Method)
	at java.base/java.lang.Class.forName(Class.java:374)
	at jdk.scripting.nashorn/jdk.nashorn.internal.runtime.Context.findClass(Context.java:1180)
	at jdk.scripting.nashorn/jdk.nashorn.internal.objects.NativeJava.simpleType(NativeJava.java:546)
	at jdk.scripting.nashorn/jdk.nashorn.internal.objects.NativeJava.type(NativeJava.java:326)
	at jdk.scripting.nashorn/jdk.nashorn.internal.objects.NativeJava.type(NativeJava.java:318)
	at jdk.scripting.nashorn/jdk.nashorn.internal.objects.NativeJava.type(NativeJava.java:314)
	at jdk.scripting.nashorn.scripts/jdk.nashorn.internal.scripts.Script$Recompilation$2280$1AAAAA$require$cu1$restOf.L:1(/home/travis/build/icyphy/ptII/ptolemy/actor/lib/jjs/external/require.js#409:30<eval>:49)
	at jdk.scripting.nashorn.scripts/jdk.nashorn.internal.scripts.Script$Recompilation$2189$require.L:45#_require(/home/travis/build/icyphy/ptII/ptolemy/actor/lib/jjs/external/require.js:429)
	at jdk.scripting.nashorn.scripts/jdk.nashorn.internal.scripts.Script$Recompilation$2193$21089A$require.L:45#_requireClosure#L:466(/home/travis/build/icyphy/ptII/ptolemy/actor/lib/jjs/external/require.js:467)
	at jdk.scripting.nashorn.scripts/jdk.nashorn.internal.scripts.Script$Recompilation$2267$1AAAAAAAAAAAAAA$\^function\_.L:1(<function>:97)
	at jdk.scripting.nashorn.scripts/jdk.nashorn.internal.scripts.Script$Recompilation$2266$17933AAAAAA$require$cu1$restOf.L:1#Accessor(/home/travis/build/icyphy/ptII/ptolemy/actor/lib/jjs/external/require.js#409:30<eval>:545)
	at jdk.scripting.nashorn.scripts/jdk.nashorn.internal.scripts.Script$Recompilation$2252$2801AAA$\^eval\_.evaluateCode(<eval>:96)
	at jdk.scripting.nashorn/jdk.nashorn.internal.runtime.ScriptFunctionData.invoke(ScriptFunctionData.java:661)
	at jdk.scripting.nashorn/jdk.nashorn.internal.runtime.ScriptFunction.invoke(ScriptFunction.java:513)
	at jdk.scripting.nashorn/jdk.nashorn.internal.runtime.ScriptRuntime.apply(ScriptRuntime.java:527)
	at jdk.scripting.nashorn/jdk.nashorn.api.scripting.ScriptObjectMirror.callMember(ScriptObjectMirror.java:198)
	at jdk.scripting.nashorn/jdk.nashorn.api.scripting.NashornScriptEngine.invokeImpl(NashornScriptEngine.java:385)
	at jdk.scripting.nashorn/jdk.nashorn.api.scripting.NashornScriptEngine.invokeFunction(NashornScriptEngine.java:189)
	at ptolemy.actor.lib.jjs.JavaScript._createEngineAndEvaluateSetup(JavaScript.java:2493)
	at ptolemy.actor.lib.jjs.JavaScript.attributeChanged(JavaScript.java:548)
	at org.terraswarm.accessor.JSAccessor.attributeChanged(JSAccessor.java:312)
	at ptolemy.data.expr.Variable._setTokenAndNotify(Variable.java:2271)
	at ptolemy.data.expr.Variable._evaluate(Variable.java:1873)
	at ptolemy.data.expr.Variable._propagate(Variable.java:1984)
	at ptolemy.data.expr.Variable.validate(Variable.java:1596)
	at ptolemy.moml.MoMLParser.endDocument(MoMLParser.java:867)
	at com.microstar.xml.XmlParser.doParse(XmlParser.java:162)
	at com.microstar.xml.XmlParser.parse(XmlParser.java:132)
	at ptolemy.moml.MoMLParser.parse(MoMLParser.java:1676)
	at ptolemy.moml.MoMLParser.parse(MoMLParser.java:1617)
	at ptolemy.moml.MoMLParser.parse(MoMLParser.java:1792)
	at org.terraswarm.accessor.AccessorLibrary.populate(AccessorLibrary.java:194)
	at ptolemy.moml.EntityLibrary.classDefinitionList(EntityLibrary.java:307)
	at ptolemy.kernel.CompositeEntity._description(CompositeEntity.java:2292)
	at ptolemy.kernel.CompositeEntity._description(CompositeEntity.java:2307)
	at ptolemy.kernel.CompositeEntity._description(CompositeEntity.java:2307)
	at ptolemy.kernel.CompositeEntity._description(CompositeEntity.java:2307)
	at ptolemy.kernel.CompositeEntity._description(CompositeEntity.java:2307)
	at ptolemy.kernel.util.NamedObj.description(NamedObj.java:731)
	at ptolemy.kernel.util.NamedObj.description(NamedObj.java:715)
	at java.base/jdk.internal.reflect.NativeMethodAccessorImpl.invoke0(Native Method)
	at java.base/jdk.internal.reflect.NativeMethodAccessorImpl.invoke(NativeMethodAccessorImpl.java:62)
	at java.base/jdk.internal.reflect.DelegatingMethodAccessorImpl.invoke(DelegatingMethodAccessorImpl.java:43)
	at java.base/java.lang.reflect.Method.invoke(Method.java:564)
	at tcl.lang.reflect.PkgInvoker.invokeMethod(PkgInvoker.java:129)
	at tcl.lang.JavaInvoke.call(JavaInvoke.java:253)
	at tcl.lang.JavaInvoke.callMethod(JavaInvoke.java:116)
	at tcl.lang.ReflectObject.cmdProc(ReflectObject.java:727)
	at tcl.lang.Parser.evalObjv(Parser.java:740)
	at tcl.lang.Parser.eval2(Parser.java:1138)
	at tcl.lang.Parser.evalTokens(Parser.java:930)
	at tcl.lang.Parser.eval2(Parser.java:1125)
	at tcl.lang.Parser.evalTokens(Parser.java:930)
	at tcl.lang.Parser.eval2(Parser.java:1125)
	at tcl.lang.Interp.eval(Interp.java:1782)
	at tcl.lang.Interp.eval(Interp.java:1841)
	at tcl.lang.UplevelCmd.cmdProc(UplevelCmd.java:93)
	at tcl.lang.AutoloadStub.cmdProc(Extension.java:144)
	at tcl.lang.Parser.evalObjv(Parser.java:740)
	at tcl.lang.Parser.eval2(Parser.java:1138)
	at tcl.lang.Interp.eval(Interp.java:1782)
	at tcl.lang.Interp.eval(Interp.java:1841)
	at tcl.lang.CatchCmd.cmdProc(CatchCmd.java:42)
	at tcl.lang.Parser.evalObjv(Parser.java:740)
	at tcl.lang.Parser.eval2(Parser.java:1138)
	at tcl.lang.Parser.evalTokens(Parser.java:930)
	at tcl.lang.Parser.eval2(Parser.java:1125)
	at tcl.lang.Procedure.cmdProc(Procedure.java:175)
	at tcl.lang.Parser.evalObjv(Parser.java:740)
	at tcl.lang.Parser.eval2(Parser.java:1138)
	at tcl.lang.Interp.eval(Interp.java:1782)
	at tcl.lang.Interp.eval(Interp.java:1841)
	at tcl.lang.ForeachCmd.cmdProc(ForeachCmd.java:116)
	at tcl.lang.AutoloadStub.cmdProc(Extension.java:144)
	at tcl.lang.Parser.evalObjv(Parser.java:740)
	at tcl.lang.Parser.eval2(Parser.java:1138)
	at tcl.lang.Interp.eval(Interp.java:1782)
	at tcl.lang.Interp.evalFile(Interp.java:1880)
	at java.base/jdk.internal.reflect.NativeMethodAccessorImpl.invoke0(Native Method)
	at java.base/jdk.internal.reflect.NativeMethodAccessorImpl.invoke(NativeMethodAccessorImpl.java:62)
	at java.base/jdk.internal.reflect.DelegatingMethodAccessorImpl.invoke(DelegatingMethodAccessorImpl.java:43)
	at java.base/java.lang.reflect.Method.invoke(Method.java:564)
	at ptolemy.util.test.junit.TclTests.RunTclFile(TclTests.java:233)
	at java.base/jdk.internal.reflect.NativeMethodAccessorImpl.invoke0(Native Method)
	at java.base/jdk.internal.reflect.NativeMethodAccessorImpl.invoke(NativeMethodAccessorImpl.java:62)
	at java.base/jdk.internal.reflect.DelegatingMethodAccessorImpl.invoke(DelegatingMethodAccessorImpl.java:43)
	at java.base/java.lang.reflect.Method.invoke(Method.java:564)
	at org.junit.runners.model.FrameworkMethod$1.runReflectiveCall(FrameworkMethod.java:44)
	at org.junit.internal.runners.model.ReflectiveCallable.run(ReflectiveCallable.java:15)
	at org.junit.runners.model.FrameworkMethod.invokeExplosively(FrameworkMethod.java:41)
	at junitparams.internal.InvokeParameterisedMethod.evaluate(InvokeParameterisedMethod.java:102)
	at junitparams.internal.ParameterisedTestMethodRunner.runMethodInvoker(ParameterisedTestMethodRunner.java:47)
	at junitparams.internal.ParameterisedTestMethodRunner.runTestMethod(ParameterisedTestMethodRunner.java:41)
	at junitparams.internal.ParameterisedTestClassRunner.runParameterisedTest(ParameterisedTestClassRunner.java:143)
	at junitparams.JUnitParamsRunner.runChild(JUnitParamsRunner.java:237)
	at junitparams.JUnitParamsRunner.runChild(JUnitParamsRunner.java:215)
	at org.junit.runners.ParentRunner$3.run(ParentRunner.java:193)
	at org.junit.runners.ParentRunner$1.schedule(ParentRunner.java:52)
	at org.junit.runners.ParentRunner.runChildren(ParentRunner.java:191)
	at org.junit.runners.ParentRunner.access$000(ParentRunner.java:42)
	at org.junit.runners.ParentRunner$2.evaluate(ParentRunner.java:184)
	at org.junit.internal.runners.statements.RunAfters.evaluate(RunAfters.java:31)
	at org.junit.runners.ParentRunner.run(ParentRunner.java:236)
	at org.junit.runners.Suite.runChild(Suite.java:128)
	at org.junit.runners.Suite.runChild(Suite.java:24)
	at org.junit.runners.ParentRunner$3.run(ParentRunner.java:193)
	at org.junit.runners.ParentRunner$1.schedule(ParentRunner.java:52)
	at org.junit.runners.ParentRunner.runChildren(ParentRunner.java:191)
	at org.junit.runners.ParentRunner.access$000(ParentRunner.java:42)
	at org.junit.runners.ParentRunner$2.evaluate(ParentRunner.java:184)
	at org.junit.runners.ParentRunner.run(ParentRunner.java:236)
	at junit.framework.JUnit4TestAdapter.run(JUnit4TestAdapter.java:39)
	at org.apache.tools.ant.taskdefs.optional.junit.JUnitTestRunner.run(JUnitTestRunner.java:535)
	at org.apache.tools.ant.taskdefs.optional.junit.JUnitTestRunner.launch(JUnitTestRunner.java:1182)
	at org.apache.tools.ant.taskdefs.optional.junit.JUnitTestRunner.main(JUnitTestRunner.java:1033)
Caused by: java.lang.RuntimeException: Error initializing QuantumRenderer: no suitable pipeline found
	at com.sun.javafx.tk.quantum.QuantumRenderer$PipelineRunnable.init(QuantumRenderer.java:94)
	at com.sun.javafx.tk.quantum.QuantumRenderer$PipelineRunnable.run(QuantumRenderer.java:124)
	at java.base/java.lang.Thread.run(Thread.java:844)
[main] INFO com.github.sarxos.webcam.Webcam - WebcamDefaultDriver capture driver will be used
Loading accessor failed: AudioCapture.js
ptolemy.kernel.util.IllegalActionException: Error evaluating expression:
// Copyright (c) 2015-2017 The Regents of the University of California.
...
  in .configuration.actor library.MoreLibraries.Accessors.audio.AudioCapture.script
Because:
Failed to evaluate script.
  in .configuration.actor library.MoreLibraries.Accessors.audio.AudioCapture
Because:
ReferenceError: "exception" is not defined in /home/travis/build/icyphy/ptII/ptolemy/actor/lib/jjs/external/require.js at line number 439
  in .configuration.actor library.MoreLibraries.Accessors.audio.AudioCapture.script
Because:
Error evaluating expression:
// Copyright (c) 2015-2017 The Regents of the University of California.
...
  in .configuration.actor library.MoreLibraries.Accessors.audio.AudioCapture.script
Because:
Failed to evaluate script.
  in .configuration.actor library.MoreLibraries.Accessors.audio.AudioCapture
Because:
ReferenceError: "exception" is not defined in /home/travis/build/icyphy/ptII/ptolemy/actor/lib/jjs/external/require.js at line number 439
Failed to populate library.
ptolemy.kernel.util.InternalErrorException: Loading accessor failed: AudioCapture.js
  in .configuration.actor library.MoreLibraries.Accessors.audio
Because:
Error evaluating expression:
// Copyright (c) 2015-2017 The Regents of the University of California.
...
  in .configuration.actor library.MoreLibraries.Accessors.audio.AudioCapture.script
Because:
Failed to evaluate script.
  in .configuration.actor library.MoreLibraries.Accessors.audio.AudioCapture
Because:
ReferenceError: "exception" is not defined in /home/travis/build/icyphy/ptII/ptolemy/actor/lib/jjs/external/require.js at line number 439
  in .configuration.actor library.MoreLibraries.Accessors.audio.AudioCapture.script
Because:
Error evaluating expression:
// Copyright (c) 2015-2017 The Regents of the University of California.
...
  in .configuration.actor library.MoreLibraries.Accessors.audio.AudioCapture.script
Because:
Failed to evaluate script.
  in .configuration.actor library.MoreLibraries.Accessors.audio.AudioCapture
Because:
ReferenceError: "exception" is not defined in /home/travis/build/icyphy/ptII/ptolemy/actor/lib/jjs/external/require.js at line number 439
	at org.terraswarm.accessor.AccessorLibrary.populate(AccessorLibrary.java:224)
	at ptolemy.moml.EntityLibrary.classDefinitionList(EntityLibrary.java:307)
	at ptolemy.kernel.CompositeEntity._description(CompositeEntity.java:2292)
	at ptolemy.kernel.CompositeEntity._description(CompositeEntity.java:2307)
	at ptolemy.kernel.CompositeEntity._description(CompositeEntity.java:2307)
	at ptolemy.kernel.CompositeEntity._description(CompositeEntity.java:2307)
	at ptolemy.kernel.CompositeEntity._description(CompositeEntity.java:2307)
	at ptolemy.kernel.util.NamedObj.description(NamedObj.java:731)
	at ptolemy.kernel.util.NamedObj.description(NamedObj.java:715)
	at java.base/jdk.internal.reflect.NativeMethodAccessorImpl.invoke0(Native Method)
	at java.base/jdk.internal.reflect.NativeMethodAccessorImpl.invoke(NativeMethodAccessorImpl.java:62)
	at java.base/jdk.internal.reflect.DelegatingMethodAccessorImpl.invoke(DelegatingMethodAccessorImpl.java:43)
	at java.base/java.lang.reflect.Method.invoke(Method.java:564)
	at tcl.lang.reflect.PkgInvoker.invokeMethod(PkgInvoker.java:129)
	at tcl.lang.JavaInvoke.call(JavaInvoke.java:253)
	at tcl.lang.JavaInvoke.callMethod(JavaInvoke.java:116)
	at tcl.lang.ReflectObject.cmdProc(ReflectObject.java:727)
	at tcl.lang.Parser.evalObjv(Parser.java:740)
	at tcl.lang.Parser.eval2(Parser.java:1138)
	at tcl.lang.Parser.evalTokens(Parser.java:930)
	at tcl.lang.Parser.eval2(Parser.java:1125)
	at tcl.lang.Parser.evalTokens(Parser.java:930)
	at tcl.lang.Parser.eval2(Parser.java:1125)
	at tcl.lang.Interp.eval(Interp.java:1782)
	at tcl.lang.Interp.eval(Interp.java:1841)
	at tcl.lang.UplevelCmd.cmdProc(UplevelCmd.java:93)
	at tcl.lang.AutoloadStub.cmdProc(Extension.java:144)
	at tcl.lang.Parser.evalObjv(Parser.java:740)
	at tcl.lang.Parser.eval2(Parser.java:1138)
	at tcl.lang.Interp.eval(Interp.java:1782)
	at tcl.lang.Interp.eval(Interp.java:1841)
	at tcl.lang.CatchCmd.cmdProc(CatchCmd.java:42)
	at tcl.lang.Parser.evalObjv(Parser.java:740)
	at tcl.lang.Parser.eval2(Parser.java:1138)
	at tcl.lang.Parser.evalTokens(Parser.java:930)
	at tcl.lang.Parser.eval2(Parser.java:1125)
	at tcl.lang.Procedure.cmdProc(Procedure.java:175)
	at tcl.lang.Parser.evalObjv(Parser.java:740)
	at tcl.lang.Parser.eval2(Parser.java:1138)
	at tcl.lang.Interp.eval(Interp.java:1782)
	at tcl.lang.Interp.eval(Interp.java:1841)
	at tcl.lang.ForeachCmd.cmdProc(ForeachCmd.java:116)
	at tcl.lang.AutoloadStub.cmdProc(Extension.java:144)
	at tcl.lang.Parser.evalObjv(Parser.java:740)
	at tcl.lang.Parser.eval2(Parser.java:1138)
	at tcl.lang.Interp.eval(Interp.java:1782)
	at tcl.lang.Interp.evalFile(Interp.java:1880)
	at java.base/jdk.internal.reflect.NativeMethodAccessorImpl.invoke0(Native Method)
	at java.base/jdk.internal.reflect.NativeMethodAccessorImpl.invoke(NativeMethodAccessorImpl.java:62)
	at java.base/jdk.internal.reflect.DelegatingMethodAccessorImpl.invoke(DelegatingMethodAccessorImpl.java:43)
	at java.base/java.lang.reflect.Method.invoke(Method.java:564)
	at ptolemy.util.test.junit.TclTests.RunTclFile(TclTests.java:233)
	at java.base/jdk.internal.reflect.NativeMethodAccessorImpl.invoke0(Native Method)
	at java.base/jdk.internal.reflect.NativeMethodAccessorImpl.invoke(NativeMethodAccessorImpl.java:62)
	at java.base/jdk.internal.reflect.DelegatingMethodAccessorImpl.invoke(DelegatingMethodAccessorImpl.java:43)
	at java.base/java.lang.reflect.Method.invoke(Method.java:564)
	at org.junit.runners.model.FrameworkMethod$1.runReflectiveCall(FrameworkMethod.java:44)
	at org.junit.internal.runners.model.ReflectiveCallable.run(ReflectiveCallable.java:15)
	at org.junit.runners.model.FrameworkMethod.invokeExplosively(FrameworkMethod.java:41)
	at junitparams.internal.InvokeParameterisedMethod.evaluate(InvokeParameterisedMethod.java:102)
	at junitparams.internal.ParameterisedTestMethodRunner.runMethodInvoker(ParameterisedTestMethodRunner.java:47)
	at junitparams.internal.ParameterisedTestMethodRunner.runTestMethod(ParameterisedTestMethodRunner.java:41)
	at junitparams.internal.ParameterisedTestClassRunner.runParameterisedTest(ParameterisedTestClassRunner.java:143)
	at junitparams.JUnitParamsRunner.runChild(JUnitParamsRunner.java:237)
	at junitparams.JUnitParamsRunner.runChild(JUnitParamsRunner.java:215)
	at org.junit.runners.ParentRunner$3.run(ParentRunner.java:193)
	at org.junit.runners.ParentRunner$1.schedule(ParentRunner.java:52)
	at org.junit.runners.ParentRunner.runChildren(ParentRunner.java:191)
	at org.junit.runners.ParentRunner.access$000(ParentRunner.java:42)
	at org.junit.runners.ParentRunner$2.evaluate(ParentRunner.java:184)
	at org.junit.internal.runners.statements.RunAfters.evaluate(RunAfters.java:31)
	at org.junit.runners.ParentRunner.run(ParentRunner.java:236)
	at org.junit.runners.Suite.runChild(Suite.java:128)
	at org.junit.runners.Suite.runChild(Suite.java:24)
	at org.junit.runners.ParentRunner$3.run(ParentRunner.java:193)
	at org.junit.runners.ParentRunner$1.schedule(ParentRunner.java:52)
	at org.junit.runners.ParentRunner.runChildren(ParentRunner.java:191)
	at org.junit.runners.ParentRunner.access$000(ParentRunner.java:42)
	at org.junit.runners.ParentRunner$2.evaluate(ParentRunner.java:184)
	at org.junit.runners.ParentRunner.run(ParentRunner.java:236)
	at junit.framework.JUnit4TestAdapter.run(JUnit4TestAdapter.java:39)
	at org.apache.tools.ant.taskdefs.optional.junit.JUnitTestRunner.run(JUnitTestRunner.java:535)
	at org.apache.tools.ant.taskdefs.optional.junit.JUnitTestRunner.launch(JUnitTestRunner.java:1182)
	at org.apache.tools.ant.taskdefs.optional.junit.JUnitTestRunner.main(JUnitTestRunner.java:1033)
Caused by: ptolemy.kernel.util.IllegalActionException: Error evaluating expression:
// Copyright (c) 2015-2017 The Regents of the University of California.
...
  in .configuration.actor library.MoreLibraries.Accessors.audio.AudioCapture.script
Because:
Failed to evaluate script.
  in .configuration.actor library.MoreLibraries.Accessors.audio.AudioCapture
Because:
ReferenceError: "exception" is not defined in /home/travis/build/icyphy/ptII/ptolemy/actor/lib/jjs/external/require.js at line number 439
  in .configuration.actor library.MoreLibraries.Accessors.audio.AudioCapture.script
Because:
Error evaluating expression:
// Copyright (c) 2015-2017 The Regents of the University of California.
...
  in .configuration.actor library.MoreLibraries.Accessors.audio.AudioCapture.script
Because:
Failed to evaluate script.
  in .configuration.actor library.MoreLibraries.Accessors.audio.AudioCapture
Because:
ReferenceError: "exception" is not defined in /home/travis/build/icyphy/ptII/ptolemy/actor/lib/jjs/external/require.js at line number 439
	at ptolemy.data.expr.Variable.validate(Variable.java:1619)
	at ptolemy.moml.MoMLParser.endDocument(MoMLParser.java:867)
	at com.microstar.xml.XmlParser.doParse(XmlParser.java:162)
	at com.microstar.xml.XmlParser.parse(XmlParser.java:132)
	at ptolemy.moml.MoMLParser.parse(MoMLParser.java:1676)
	at ptolemy.moml.MoMLParser.parse(MoMLParser.java:1617)
	at ptolemy.moml.MoMLParser.parse(MoMLParser.java:1792)
	at org.terraswarm.accessor.AccessorLibrary.populate(AccessorLibrary.java:194)
	... 83 more
Caused by: ptolemy.kernel.util.IllegalActionException: Error evaluating expression:
// Copyright (c) 2015-2017 The Regents of the University of California.
...
  in .configuration.actor library.MoreLibraries.Accessors.audio.AudioCapture.script
Because:
Failed to evaluate script.
  in .configuration.actor library.MoreLibraries.Accessors.audio.AudioCapture
Because:
ReferenceError: "exception" is not defined in /home/travis/build/icyphy/ptII/ptolemy/actor/lib/jjs/external/require.js at line number 439
	at ptolemy.data.expr.Variable._evaluate(Variable.java:1891)
	at ptolemy.data.expr.Variable._propagate(Variable.java:1984)
	at ptolemy.data.expr.Variable.validate(Variable.java:1596)
	... 90 more
Caused by: ptolemy.kernel.util.IllegalActionException: Failed to evaluate script.
  in .configuration.actor library.MoreLibraries.Accessors.audio.AudioCapture
Because:
ReferenceError: "exception" is not defined in /home/travis/build/icyphy/ptII/ptolemy/actor/lib/jjs/external/require.js at line number 439
	at ptolemy.actor.lib.jjs.JavaScript._createEngineAndEvaluateSetup(JavaScript.java:2497)
	at ptolemy.actor.lib.jjs.JavaScript.attributeChanged(JavaScript.java:548)
	at org.terraswarm.accessor.JSAccessor.attributeChanged(JSAccessor.java:312)
	at ptolemy.data.expr.Variable._setTokenAndNotify(Variable.java:2271)
	at ptolemy.data.expr.Variable._evaluate(Variable.java:1873)
	... 92 more
Caused by: javax.script.ScriptException: ReferenceError: "exception" is not defined in /home/travis/build/icyphy/ptII/ptolemy/actor/lib/jjs/external/require.js at line number 439
	at jdk.scripting.nashorn/jdk.nashorn.api.scripting.NashornScriptEngine.throwAsScriptException(NashornScriptEngine.java:469)
	at jdk.scripting.nashorn/jdk.nashorn.api.scripting.NashornScriptEngine.invokeImpl(NashornScriptEngine.java:391)
	at jdk.scripting.nashorn/jdk.nashorn.api.scripting.NashornScriptEngine.invokeFunction(NashornScriptEngine.java:189)
	at ptolemy.actor.lib.jjs.JavaScript._createEngineAndEvaluateSetup(JavaScript.java:2493)
	... 96 more
Caused by: /home/travis/build/icyphy/ptII/ptolemy/actor/lib/jjs/external/require.js:439 ReferenceError: "exception" is not defined
	at jdk.scripting.nashorn/jdk.nashorn.internal.runtime.ECMAErrors.error(ECMAErrors.java:57)
	at jdk.scripting.nashorn/jdk.nashorn.internal.runtime.ECMAErrors.referenceError(ECMAErrors.java:319)
	at jdk.scripting.nashorn/jdk.nashorn.internal.runtime.ECMAErrors.referenceError(ECMAErrors.java:291)
	at jdk.scripting.nashorn/jdk.nashorn.internal.objects.Global.__noSuchProperty__(Global.java:1615)
	at jdk.scripting.nashorn.scripts/jdk.nashorn.internal.scripts.Script$Recompilation$2282$require$cu1$restOf.L:45#_require(/home/travis/build/icyphy/ptII/ptolemy/actor/lib/jjs/external/require.js:439)
	at jdk.scripting.nashorn.scripts/jdk.nashorn.internal.scripts.Script$Recompilation$2193$21089A$require.L:45#_requireClosure#L:466(/home/travis/build/icyphy/ptII/ptolemy/actor/lib/jjs/external/require.js:467)
	at jdk.scripting.nashorn.scripts/jdk.nashorn.internal.scripts.Script$Recompilation$2267$1AAAAAAAAAAAAAA$\^function\_.L:1(<function>:97)
	at jdk.scripting.nashorn.scripts/jdk.nashorn.internal.scripts.Script$Recompilation$2266$17933AAAAAA$require$cu1$restOf.L:1#Accessor(/home/travis/build/icyphy/ptII/ptolemy/actor/lib/jjs/external/require.js#409:30<eval>:545)
	at jdk.scripting.nashorn.scripts/jdk.nashorn.internal.scripts.Script$Recompilation$2252$2801AAA$\^eval\_.evaluateCode(<eval>:96)
	at jdk.scripting.nashorn/jdk.nashorn.internal.runtime.ScriptFunctionData.invoke(ScriptFunctionData.java:661)
	at jdk.scripting.nashorn/jdk.nashorn.internal.runtime.ScriptFunction.invoke(ScriptFunction.java:513)
	at jdk.scripting.nashorn/jdk.nashorn.internal.runtime.ScriptRuntime.apply(ScriptRuntime.java:527)
	at jdk.scripting.nashorn/jdk.nashorn.api.scripting.ScriptObjectMirror.callMember(ScriptObjectMirror.java:198)
	at jdk.scripting.nashorn/jdk.nashorn.api.scripting.NashornScriptEngine.invokeImpl(NashornScriptEngine.java:385)
	... 98 more
Caused by: ptolemy.kernel.util.IllegalActionException: Error evaluating expression:
// Copyright (c) 2015-2017 The Regents of the University of California.
...
  in .configuration.actor library.MoreLibraries.Accessors.audio.AudioCapture.script
Because:
Failed to evaluate script.
  in .configuration.actor library.MoreLibraries.Accessors.audio.AudioCapture
Because:
ReferenceError: "exception" is not defined in /home/travis/build/icyphy/ptII/ptolemy/actor/lib/jjs/external/require.js at line number 439
  in .configuration.actor library.MoreLibraries.Accessors.audio.AudioCapture.script
Because:
Error evaluating expression:
// Copyright (c) 2015-2017 The Regents of the University of California.
...
  in .configuration.actor library.MoreLibraries.Accessors.audio.AudioCapture.script
Because:
Failed to evaluate script.
  in .configuration.actor library.MoreLibraries.Accessors.audio.AudioCapture
Because:
ReferenceError: "exception" is not defined in /home/travis/build/icyphy/ptII/ptolemy/actor/lib/jjs/external/require.js at line number 439
	at ptolemy.data.expr.Variable.validate(Variable.java:1619)
	at ptolemy.moml.MoMLParser.endDocument(MoMLParser.java:867)
	at com.microstar.xml.XmlParser.doParse(XmlParser.java:162)
	at com.microstar.xml.XmlParser.parse(XmlParser.java:132)
	at ptolemy.moml.MoMLParser.parse(MoMLParser.java:1676)
	at ptolemy.moml.MoMLParser.parse(MoMLParser.java:1617)
	at ptolemy.moml.MoMLParser.parse(MoMLParser.java:1792)
	at org.terraswarm.accessor.AccessorLibrary.populate(AccessorLibrary.java:194)
	at ptolemy.moml.EntityLibrary.classDefinitionList(EntityLibrary.java:307)
	at ptolemy.kernel.CompositeEntity._description(CompositeEntity.java:2292)
	at ptolemy.kernel.CompositeEntity._description(CompositeEntity.java:2307)
	at ptolemy.kernel.CompositeEntity._description(CompositeEntity.java:2307)
	at ptolemy.kernel.CompositeEntity._description(CompositeEntity.java:2307)
	at ptolemy.kernel.CompositeEntity._description(CompositeEntity.java:2307)
	at ptolemy.kernel.util.NamedObj.description(NamedObj.java:731)
	at ptolemy.kernel.util.NamedObj.description(NamedObj.java:715)
	at java.base/jdk.internal.reflect.NativeMethodAccessorImpl.invoke0(Native Method)
	at java.base/jdk.internal.reflect.NativeMethodAccessorImpl.invoke(NativeMethodAccessorImpl.java:62)
	at java.base/jdk.internal.reflect.DelegatingMethodAccessorImpl.invoke(DelegatingMethodAccessorImpl.java:43)
	at java.base/java.lang.reflect.Method.invoke(Method.java:564)
	at tcl.lang.reflect.PkgInvoker.invokeMethod(PkgInvoker.java:129)
	at tcl.lang.JavaInvoke.call(JavaInvoke.java:253)
	at tcl.lang.JavaInvoke.callMethod(JavaInvoke.java:116)
	at tcl.lang.ReflectObject.cmdProc(ReflectObject.java:727)
	at tcl.lang.Parser.evalObjv(Parser.java:740)
	at tcl.lang.Parser.eval2(Parser.java:1138)
	at tcl.lang.Parser.evalTokens(Parser.java:930)
	at tcl.lang.Parser.eval2(Parser.java:1125)
	at tcl.lang.Parser.evalTokens(Parser.java:930)
	at tcl.lang.Parser.eval2(Parser.java:1125)
	at tcl.lang.Interp.eval(Interp.java:1782)
	at tcl.lang.Interp.eval(Interp.java:1841)
	at tcl.lang.UplevelCmd.cmdProc(UplevelCmd.java:93)
	at tcl.lang.AutoloadStub.cmdProc(Extension.java:144)
	at tcl.lang.Parser.evalObjv(Parser.java:740)
	at tcl.lang.Parser.eval2(Parser.java:1138)
	at tcl.lang.Interp.eval(Interp.java:1782)
	at tcl.lang.Interp.eval(Interp.java:1841)
	at tcl.lang.CatchCmd.cmdProc(CatchCmd.java:42)
	at tcl.lang.Parser.evalObjv(Parser.java:740)
	at tcl.lang.Parser.eval2(Parser.java:1138)
	at tcl.lang.Parser.evalTokens(Parser.java:930)
	at tcl.lang.Parser.eval2(Parser.java:1125)
	at tcl.lang.Procedure.cmdProc(Procedure.java:175)
	at tcl.lang.Parser.evalObjv(Parser.java:740)
	at tcl.lang.Parser.eval2(Parser.java:1138)
	at tcl.lang.Interp.eval(Interp.java:1782)
	at tcl.lang.Interp.eval(Interp.java:1841)
	at tcl.lang.ForeachCmd.cmdProc(ForeachCmd.java:116)
	at tcl.lang.AutoloadStub.cmdProc(Extension.java:144)
	at tcl.lang.Parser.evalObjv(Parser.java:740)
	at tcl.lang.Parser.eval2(Parser.java:1138)
	at tcl.lang.Interp.eval(Interp.java:1782)
	at tcl.lang.Interp.evalFile(Interp.java:1880)
	at java.base/jdk.internal.reflect.NativeMethodAccessorImpl.invoke0(Native Method)
	at java.base/jdk.internal.reflect.NativeMethodAccessorImpl.invoke(NativeMethodAccessorImpl.java:62)
	at java.base/jdk.internal.reflect.DelegatingMethodAccessorImpl.invoke(DelegatingMethodAccessorImpl.java:43)
	at java.base/java.lang.reflect.Method.invoke(Method.java:564)
	at ptolemy.util.test.junit.TclTests.RunTclFile(TclTests.java:233)
	at java.base/jdk.internal.reflect.NativeMethodAccessorImpl.invoke0(Native Method)
	at java.base/jdk.internal.reflect.NativeMethodAccessorImpl.invoke(NativeMethodAccessorImpl.java:62)
	at java.base/jdk.internal.reflect.DelegatingMethodAccessorImpl.invoke(DelegatingMethodAccessorImpl.java:43)
	at java.base/java.lang.reflect.Method.invoke(Method.java:564)
	at org.junit.runners.model.FrameworkMethod$1.runReflectiveCall(FrameworkMethod.java:44)
	at org.junit.internal.runners.model.ReflectiveCallable.run(ReflectiveCallable.java:15)
	at org.junit.runners.model.FrameworkMethod.invokeExplosively(FrameworkMethod.java:41)
	at junitparams.internal.InvokeParameterisedMethod.evaluate(InvokeParameterisedMethod.java:102)
	at junitparams.internal.ParameterisedTestMethodRunner.runMethodInvoker(ParameterisedTestMethodRunner.java:47)
	at junitparams.internal.ParameterisedTestMethodRunner.runTestMethod(ParameterisedTestMethodRunner.java:41)
	at junitparams.internal.ParameterisedTestClassRunner.runParameterisedTest(ParameterisedTestClassRunner.java:143)
	at junitparams.JUnitParamsRunner.runChild(JUnitParamsRunner.java:237)
	at junitparams.JUnitParamsRunner.runChild(JUnitParamsRunner.java:215)
	at org.junit.runners.ParentRunner$3.run(ParentRunner.java:193)
	at org.junit.runners.ParentRunner$1.schedule(ParentRunner.java:52)
	at org.junit.runners.ParentRunner.runChildren(ParentRunner.java:191)
	at org.junit.runners.ParentRunner.access$000(ParentRunner.java:42)
	at org.junit.runners.ParentRunner$2.evaluate(ParentRunner.java:184)
	at org.junit.internal.runners.statements.RunAfters.evaluate(RunAfters.java:31)
	at org.junit.runners.ParentRunner.run(ParentRunner.java:236)
	at org.junit.runners.Suite.runChild(Suite.java:128)
	at org.junit.runners.Suite.runChild(Suite.java:24)
	at org.junit.runners.ParentRunner$3.run(ParentRunner.java:193)
	at org.junit.runners.ParentRunner$1.schedule(ParentRunner.java:52)
	at org.junit.runners.ParentRunner.runChildren(ParentRunner.java:191)
	at org.junit.runners.ParentRunner.access$000(ParentRunner.java:42)
	at org.junit.runners.ParentRunner$2.evaluate(ParentRunner.java:184)
	at org.junit.runners.ParentRunner.run(ParentRunner.java:236)
	at junit.framework.JUnit4TestAdapter.run(JUnit4TestAdapter.java:39)
	at org.apache.tools.ant.taskdefs.optional.junit.JUnitTestRunner.run(JUnitTestRunner.java:535)
	at org.apache.tools.ant.taskdefs.optional.junit.JUnitTestRunner.launch(JUnitTestRunner.java:1182)
	at org.apache.tools.ant.taskdefs.optional.junit.JUnitTestRunner.main(JUnitTestRunner.java:1033)
Caused by: ptolemy.kernel.util.IllegalActionException: Error evaluating expression:
// Copyright (c) 2015-2017 The Regents of the University of California.
...
  in .configuration.actor library.MoreLibraries.Accessors.audio.AudioCapture.script
Because:
Failed to evaluate script.
  in .configuration.actor library.MoreLibraries.Accessors.audio.AudioCapture
Because:
ReferenceError: "exception" is not defined in /home/travis/build/icyphy/ptII/ptolemy/actor/lib/jjs/external/require.js at line number 439
	at ptolemy.data.expr.Variable._evaluate(Variable.java:1891)
	at ptolemy.data.expr.Variable._propagate(Variable.java:1984)
	at ptolemy.data.expr.Variable.validate(Variable.java:1596)
	... 90 more
Caused by: ptolemy.kernel.util.IllegalActionException: Failed to evaluate script.
  in .configuration.actor library.MoreLibraries.Accessors.audio.AudioCapture
Because:
ReferenceError: "exception" is not defined in /home/travis/build/icyphy/ptII/ptolemy/actor/lib/jjs/external/require.js at line number 439
	at ptolemy.actor.lib.jjs.JavaScript._createEngineAndEvaluateSetup(JavaScript.java:2497)
	at ptolemy.actor.lib.jjs.JavaScript.attributeChanged(JavaScript.java:548)
	at org.terraswarm.accessor.JSAccessor.attributeChanged(JSAccessor.java:312)
	at ptolemy.data.expr.Variable._setTokenAndNotify(Variable.java:2271)
	at ptolemy.data.expr.Variable._evaluate(Variable.java:1873)
	... 92 more
Caused by: javax.script.ScriptException: ReferenceError: "exception" is not defined in /home/travis/build/icyphy/ptII/ptolemy/actor/lib/jjs/external/require.js at line number 439
	at jdk.scripting.nashorn/jdk.nashorn.api.scripting.NashornScriptEngine.throwAsScriptException(NashornScriptEngine.java:469)
	at jdk.scripting.nashorn/jdk.nashorn.api.scripting.NashornScriptEngine.invokeImpl(NashornScriptEngine.java:391)
	at jdk.scripting.nashorn/jdk.nashorn.api.scripting.NashornScriptEngine.invokeFunction(NashornScriptEngine.java:189)
	at ptolemy.actor.lib.jjs.JavaScript._createEngineAndEvaluateSetup(JavaScript.java:2493)
	... 96 more
Caused by: /home/travis/build/icyphy/ptII/ptolemy/actor/lib/jjs/external/require.js:439 ReferenceError: "exception" is not defined
	at jdk.scripting.nashorn/jdk.nashorn.internal.runtime.ECMAErrors.error(ECMAErrors.java:57)
	at jdk.scripting.nashorn/jdk.nashorn.internal.runtime.ECMAErrors.referenceError(ECMAErrors.java:319)
	at jdk.scripting.nashorn/jdk.nashorn.internal.runtime.ECMAErrors.referenceError(ECMAErrors.java:291)
	at jdk.scripting.nashorn/jdk.nashorn.internal.objects.Global.__noSuchProperty__(Global.java:1615)
	at jdk.scripting.nashorn.scripts/jdk.nashorn.internal.scripts.Script$Recompilation$2282$require$cu1$restOf.L:45#_require(/home/travis/build/icyphy/ptII/ptolemy/actor/lib/jjs/external/require.js:439)
	at jdk.scripting.nashorn.scripts/jdk.nashorn.internal.scripts.Script$Recompilation$2193$21089A$require.L:45#_requireClosure#L:466(/home/travis/build/icyphy/ptII/ptolemy/actor/lib/jjs/external/require.js:467)
	at jdk.scripting.nashorn.scripts/jdk.nashorn.internal.scripts.Script$Recompilation$2267$1AAAAAAAAAAAAAA$\^function\_.L:1(<function>:97)
	at jdk.scripting.nashorn.scripts/jdk.nashorn.internal.scripts.Script$Recompilation$2266$17933AAAAAA$require$cu1$restOf.L:1#Accessor(/home/travis/build/icyphy/ptII/ptolemy/actor/lib/jjs/external/require.js#409:30<eval>:545)
	at jdk.scripting.nashorn.scripts/jdk.nashorn.internal.scripts.Script$Recompilation$2252$2801AAA$\^eval\_.evaluateCode(<eval>:96)
	at jdk.scripting.nashorn/jdk.nashorn.internal.runtime.ScriptFunctionData.invoke(ScriptFunctionData.java:661)
	at jdk.scripting.nashorn/jdk.nashorn.internal.runtime.ScriptFunction.invoke(ScriptFunction.java:513)
	at jdk.scripting.nashorn/jdk.nashorn.internal.runtime.ScriptRuntime.apply(ScriptRuntime.java:527)
	at jdk.scripting.nashorn/jdk.nashorn.api.scripting.ScriptObjectMirror.callMember(ScriptObjectMirror.java:198)
	at jdk.scripting.nashorn/jdk.nashorn.api.scripting.NashornScriptEngine.invokeImpl(NashornScriptEngine.java:385)
	... 98 more
Caused by: ptolemy.kernel.util.IllegalActionException: Error evaluating expression:
// Copyright (c) 2015-2017 The Regents of the University of California.
...
  in .configuration.actor library.MoreLibraries.Accessors.audio.AudioCapture.script
Because:
Failed to evaluate script.
  in .configuration.actor library.MoreLibraries.Accessors.audio.AudioCapture
Because:
ReferenceError: "exception" is not defined in /home/travis/build/icyphy/ptII/ptolemy/actor/lib/jjs/external/require.js at line number 439
	at ptolemy.data.expr.Variable._evaluate(Variable.java:1891)
	at ptolemy.data.expr.Variable._propagate(Variable.java:1984)
	at ptolemy.data.expr.Variable.validate(Variable.java:1596)
	at ptolemy.moml.MoMLParser.endDocument(MoMLParser.java:867)
	at com.microstar.xml.XmlParser.doParse(XmlParser.java:162)
	at com.microstar.xml.XmlParser.parse(XmlParser.java:132)
	at ptolemy.moml.MoMLParser.parse(MoMLParser.java:1676)
	at ptolemy.moml.MoMLParser.parse(MoMLParser.java:1617)
	at ptolemy.moml.MoMLParser.parse(MoMLParser.java:1792)
	at org.terraswarm.accessor.AccessorLibrary.populate(AccessorLibrary.java:194)
	at ptolemy.moml.EntityLibrary.classDefinitionList(EntityLibrary.java:307)
	at ptolemy.kernel.CompositeEntity._description(CompositeEntity.java:2292)
	at ptolemy.kernel.CompositeEntity._description(CompositeEntity.java:2307)
	at ptolemy.kernel.CompositeEntity._description(CompositeEntity.java:2307)
	at ptolemy.kernel.CompositeEntity._description(CompositeEntity.java:2307)
	at ptolemy.kernel.CompositeEntity._description(CompositeEntity.java:2307)
	at ptolemy.kernel.util.NamedObj.description(NamedObj.java:731)
	at ptolemy.kernel.util.NamedObj.description(NamedObj.java:715)
	at java.base/jdk.internal.reflect.NativeMethodAccessorImpl.invoke0(Native Method)
	at java.base/jdk.internal.reflect.NativeMethodAccessorImpl.invoke(NativeMethodAccessorImpl.java:62)
	at java.base/jdk.internal.reflect.DelegatingMethodAccessorImpl.invoke(DelegatingMethodAccessorImpl.java:43)
	at java.base/java.lang.reflect.Method.invoke(Method.java:564)
	at tcl.lang.reflect.PkgInvoker.invokeMethod(PkgInvoker.java:129)
	at tcl.lang.JavaInvoke.call(JavaInvoke.java:253)
	at tcl.lang.JavaInvoke.callMethod(JavaInvoke.java:116)
	at tcl.lang.ReflectObject.cmdProc(ReflectObject.java:727)
	at tcl.lang.Parser.evalObjv(Parser.java:740)
	at tcl.lang.Parser.eval2(Parser.java:1138)
	at tcl.lang.Parser.evalTokens(Parser.java:930)
	at tcl.lang.Parser.eval2(Parser.java:1125)
	at tcl.lang.Parser.evalTokens(Parser.java:930)
	at tcl.lang.Parser.eval2(Parser.java:1125)
	at tcl.lang.Interp.eval(Interp.java:1782)
	at tcl.lang.Interp.eval(Interp.java:1841)
	at tcl.lang.UplevelCmd.cmdProc(UplevelCmd.java:93)
	at tcl.lang.AutoloadStub.cmdProc(Extension.java:144)
	at tcl.lang.Parser.evalObjv(Parser.java:740)
	at tcl.lang.Parser.eval2(Parser.java:1138)
	at tcl.lang.Interp.eval(Interp.java:1782)
	at tcl.lang.Interp.eval(Interp.java:1841)
	at tcl.lang.CatchCmd.cmdProc(CatchCmd.java:42)
	at tcl.lang.Parser.evalObjv(Parser.java:740)
	at tcl.lang.Parser.eval2(Parser.java:1138)
	at tcl.lang.Parser.evalTokens(Parser.java:930)
	at tcl.lang.Parser.eval2(Parser.java:1125)
	at tcl.lang.Procedure.cmdProc(Procedure.java:175)
	at tcl.lang.Parser.evalObjv(Parser.java:740)
	at tcl.lang.Parser.eval2(Parser.java:1138)
	at tcl.lang.Interp.eval(Interp.java:1782)
	at tcl.lang.Interp.eval(Interp.java:1841)
	at tcl.lang.ForeachCmd.cmdProc(ForeachCmd.java:116)
	at tcl.lang.AutoloadStub.cmdProc(Extension.java:144)
	at tcl.lang.Parser.evalObjv(Parser.java:740)
	at tcl.lang.Parser.eval2(Parser.java:1138)
	at tcl.lang.Interp.eval(Interp.java:1782)
	at tcl.lang.Interp.evalFile(Interp.java:1880)
	at java.base/jdk.internal.reflect.NativeMethodAccessorImpl.invoke0(Native Method)
	at java.base/jdk.internal.reflect.NativeMethodAccessorImpl.invoke(NativeMethodAccessorImpl.java:62)
	at java.base/jdk.internal.reflect.DelegatingMethodAccessorImpl.invoke(DelegatingMethodAccessorImpl.java:43)
	at java.base/java.lang.reflect.Method.invoke(Method.java:564)
	at ptolemy.util.test.junit.TclTests.RunTclFile(TclTests.java:233)
	at java.base/jdk.internal.reflect.NativeMethodAccessorImpl.invoke0(Native Method)
	at java.base/jdk.internal.reflect.NativeMethodAccessorImpl.invoke(NativeMethodAccessorImpl.java:62)
	at java.base/jdk.internal.reflect.DelegatingMethodAccessorImpl.invoke(DelegatingMethodAccessorImpl.java:43)
	at java.base/java.lang.reflect.Method.invoke(Method.java:564)
	at org.junit.runners.model.FrameworkMethod$1.runReflectiveCall(FrameworkMethod.java:44)
	at org.junit.internal.runners.model.ReflectiveCallable.run(ReflectiveCallable.java:15)
	at org.junit.runners.model.FrameworkMethod.invokeExplosively(FrameworkMethod.java:41)
	at junitparams.internal.InvokeParameterisedMethod.evaluate(InvokeParameterisedMethod.java:102)
	at junitparams.internal.ParameterisedTestMethodRunner.runMethodInvoker(ParameterisedTestMethodRunner.java:47)
	at junitparams.internal.ParameterisedTestMethodRunner.runTestMethod(ParameterisedTestMethodRunner.java:41)
	at junitparams.internal.ParameterisedTestClassRunner.runParameterisedTest(ParameterisedTestClassRunner.java:143)
	at junitparams.JUnitParamsRunner.runChild(JUnitParamsRunner.java:237)
	at junitparams.JUnitParamsRunner.runChild(JUnitParamsRunner.java:215)
	at org.junit.runners.ParentRunner$3.run(ParentRunner.java:193)
	at org.junit.runners.ParentRunner$1.schedule(ParentRunner.java:52)
	at org.junit.runners.ParentRunner.runChildren(ParentRunner.java:191)
	at org.junit.runners.ParentRunner.access$000(ParentRunner.java:42)
	at org.junit.runners.ParentRunner$2.evaluate(ParentRunner.java:184)
	at org.junit.internal.runners.statements.RunAfters.evaluate(RunAfters.java:31)
	at org.junit.runners.ParentRunner.run(ParentRunner.java:236)
	at org.junit.runners.Suite.runChild(Suite.java:128)
	at org.junit.runners.Suite.runChild(Suite.java:24)
	at org.junit.runners.ParentRunner$3.run(ParentRunner.java:193)
	at org.junit.runners.ParentRunner$1.schedule(ParentRunner.java:52)
	at org.junit.runners.ParentRunner.runChildren(ParentRunner.java:191)
	at org.junit.runners.ParentRunner.access$000(ParentRunner.java:42)
	at org.junit.runners.ParentRunner$2.evaluate(ParentRunner.java:184)
	at org.junit.runners.ParentRunner.run(ParentRunner.java:236)
	at junit.framework.JUnit4TestAdapter.run(JUnit4TestAdapter.java:39)
	at org.apache.tools.ant.taskdefs.optional.junit.JUnitTestRunner.run(JUnitTestRunner.java:535)
	at org.apache.tools.ant.taskdefs.optional.junit.JUnitTestRunner.launch(JUnitTestRunner.java:1182)
	at org.apache.tools.ant.taskdefs.optional.junit.JUnitTestRunner.main(JUnitTestRunner.java:1033)
Caused by: ptolemy.kernel.util.IllegalActionException: Failed to evaluate script.
  in .configuration.actor library.MoreLibraries.Accessors.audio.AudioCapture
Because:
ReferenceError: "exception" is not defined in /home/travis/build/icyphy/ptII/ptolemy/actor/lib/jjs/external/require.js at line number 439
	at ptolemy.actor.lib.jjs.JavaScript._createEngineAndEvaluateSetup(JavaScript.java:2497)
	at ptolemy.actor.lib.jjs.JavaScript.attributeChanged(JavaScript.java:548)
	at org.terraswarm.accessor.JSAccessor.attributeChanged(JSAccessor.java:312)
	at ptolemy.data.expr.Variable._setTokenAndNotify(Variable.java:2271)
	at ptolemy.data.expr.Variable._evaluate(Variable.java:1873)
	... 92 more
Caused by: javax.script.ScriptException: ReferenceError: "exception" is not defined in /home/travis/build/icyphy/ptII/ptolemy/actor/lib/jjs/external/require.js at line number 439
	at jdk.scripting.nashorn/jdk.nashorn.api.scripting.NashornScriptEngine.throwAsScriptException(NashornScriptEngine.java:469)
	at jdk.scripting.nashorn/jdk.nashorn.api.scripting.NashornScriptEngine.invokeImpl(NashornScriptEngine.java:391)
	at jdk.scripting.nashorn/jdk.nashorn.api.scripting.NashornScriptEngine.invokeFunction(NashornScriptEngine.java:189)
	at ptolemy.actor.lib.jjs.JavaScript._createEngineAndEvaluateSetup(JavaScript.java:2493)
	... 96 more
Caused by: /home/travis/build/icyphy/ptII/ptolemy/actor/lib/jjs/external/require.js:439 ReferenceError: "exception" is not defined
	at jdk.scripting.nashorn/jdk.nashorn.internal.runtime.ECMAErrors.error(ECMAErrors.java:57)
	at jdk.scripting.nashorn/jdk.nashorn.internal.runtime.ECMAErrors.referenceError(ECMAErrors.java:319)
	at jdk.scripting.nashorn/jdk.nashorn.internal.runtime.ECMAErrors.referenceError(ECMAErrors.java:291)
	at jdk.scripting.nashorn/jdk.nashorn.internal.objects.Global.__noSuchProperty__(Global.java:1615)
	at jdk.scripting.nashorn.scripts/jdk.nashorn.internal.scripts.Script$Recompilation$2282$require$cu1$restOf.L:45#_require(/home/travis/build/icyphy/ptII/ptolemy/actor/lib/jjs/external/require.js:439)
	at jdk.scripting.nashorn.scripts/jdk.nashorn.internal.scripts.Script$Recompilation$2193$21089A$require.L:45#_requireClosure#L:466(/home/travis/build/icyphy/ptII/ptolemy/actor/lib/jjs/external/require.js:467)
	at jdk.scripting.nashorn.scripts/jdk.nashorn.internal.scripts.Script$Recompilation$2267$1AAAAAAAAAAAAAA$\^function\_.L:1(<function>:97)
	at jdk.scripting.nashorn.scripts/jdk.nashorn.internal.scripts.Script$Recompilation$2266$17933AAAAAA$require$cu1$restOf.L:1#Accessor(/home/travis/build/icyphy/ptII/ptolemy/actor/lib/jjs/external/require.js#409:30<eval>:545)
	at jdk.scripting.nashorn.scripts/jdk.nashorn.internal.scripts.Script$Recompilation$2252$2801AAA$\^eval\_.evaluateCode(<eval>:96)
	at jdk.scripting.nashorn/jdk.nashorn.internal.runtime.ScriptFunctionData.invoke(ScriptFunctionData.java:661)
	at jdk.scripting.nashorn/jdk.nashorn.internal.runtime.ScriptFunction.invoke(ScriptFunction.java:513)
	at jdk.scripting.nashorn/jdk.nashorn.internal.runtime.ScriptRuntime.apply(ScriptRuntime.java:527)
	at jdk.scripting.nashorn/jdk.nashorn.api.scripting.ScriptObjectMirror.callMember(ScriptObjectMirror.java:198)
	at jdk.scripting.nashorn/jdk.nashorn.api.scripting.NashornScriptEngine.invokeImpl(NashornScriptEngine.java:385)
	... 98 more
Caused by: ptolemy.kernel.util.IllegalActionException: Failed to evaluate script.
  in .configuration.actor library.MoreLibraries.Accessors.audio.AudioCapture
Because:
ReferenceError: "exception" is not defined in /home/travis/build/icyphy/ptII/ptolemy/actor/lib/jjs/external/require.js at line number 439
	at ptolemy.actor.lib.jjs.JavaScript._createEngineAndEvaluateSetup(JavaScript.java:2497)
	at ptolemy.actor.lib.jjs.JavaScript.attributeChanged(JavaScript.java:548)
	at org.terraswarm.accessor.JSAccessor.attributeChanged(JSAccessor.java:312)
	at ptolemy.data.expr.Variable._setTokenAndNotify(Variable.java:2271)
	at ptolemy.data.expr.Variable._evaluate(Variable.java:1873)
	at ptolemy.data.expr.Variable._propagate(Variable.java:1984)
	at ptolemy.data.expr.Variable.validate(Variable.java:1596)
	at ptolemy.moml.MoMLParser.endDocument(MoMLParser.java:867)
	at com.microstar.xml.XmlParser.doParse(XmlParser.java:162)
	at com.microstar.xml.XmlParser.parse(XmlParser.java:132)
	at ptolemy.moml.MoMLParser.parse(MoMLParser.java:1676)
	at ptolemy.moml.MoMLParser.parse(MoMLParser.java:1617)
	at ptolemy.moml.MoMLParser.parse(MoMLParser.java:1792)
	at org.terraswarm.accessor.AccessorLibrary.populate(AccessorLibrary.java:194)
	at ptolemy.moml.EntityLibrary.classDefinitionList(EntityLibrary.java:307)
	at ptolemy.kernel.CompositeEntity._description(CompositeEntity.java:2292)
	at ptolemy.kernel.CompositeEntity._description(CompositeEntity.java:2307)
	at ptolemy.kernel.CompositeEntity._description(CompositeEntity.java:2307)
	at ptolemy.kernel.CompositeEntity._description(CompositeEntity.java:2307)
	at ptolemy.kernel.CompositeEntity._description(CompositeEntity.java:2307)
	at ptolemy.kernel.util.NamedObj.description(NamedObj.java:731)
	at ptolemy.kernel.util.NamedObj.description(NamedObj.java:715)
	at java.base/jdk.internal.reflect.NativeMethodAccessorImpl.invoke0(Native Method)
	at java.base/jdk.internal.reflect.NativeMethodAccessorImpl.invoke(NativeMethodAccessorImpl.java:62)
	at java.base/jdk.internal.reflect.DelegatingMethodAccessorImpl.invoke(DelegatingMethodAccessorImpl.java:43)
	at java.base/java.lang.reflect.Method.invoke(Method.java:564)
	at tcl.lang.reflect.PkgInvoker.invokeMethod(PkgInvoker.java:129)
	at tcl.lang.JavaInvoke.call(JavaInvoke.java:253)
	at tcl.lang.JavaInvoke.callMethod(JavaInvoke.java:116)
	at tcl.lang.ReflectObject.cmdProc(ReflectObject.java:727)
	at tcl.lang.Parser.evalObjv(Parser.java:740)
	at tcl.lang.Parser.eval2(Parser.java:1138)
	at tcl.lang.Parser.evalTokens(Parser.java:930)
	at tcl.lang.Parser.eval2(Parser.java:1125)
	at tcl.lang.Parser.evalTokens(Parser.java:930)
	at tcl.lang.Parser.eval2(Parser.java:1125)
	at tcl.lang.Interp.eval(Interp.java:1782)
	at tcl.lang.Interp.eval(Interp.java:1841)
	at tcl.lang.UplevelCmd.cmdProc(UplevelCmd.java:93)
	at tcl.lang.AutoloadStub.cmdProc(Extension.java:144)
	at tcl.lang.Parser.evalObjv(Parser.java:740)
	at tcl.lang.Parser.eval2(Parser.java:1138)
	at tcl.lang.Interp.eval(Interp.java:1782)
	at tcl.lang.Interp.eval(Interp.java:1841)
	at tcl.lang.CatchCmd.cmdProc(CatchCmd.java:42)
	at tcl.lang.Parser.evalObjv(Parser.java:740)
	at tcl.lang.Parser.eval2(Parser.java:1138)
	at tcl.lang.Parser.evalTokens(Parser.java:930)
	at tcl.lang.Parser.eval2(Parser.java:1125)
	at tcl.lang.Procedure.cmdProc(Procedure.java:175)
	at tcl.lang.Parser.evalObjv(Parser.java:740)
	at tcl.lang.Parser.eval2(Parser.java:1138)
	at tcl.lang.Interp.eval(Interp.java:1782)
	at tcl.lang.Interp.eval(Interp.java:1841)
	at tcl.lang.ForeachCmd.cmdProc(ForeachCmd.java:116)
	at tcl.lang.AutoloadStub.cmdProc(Extension.java:144)
	at tcl.lang.Parser.evalObjv(Parser.java:740)
	at tcl.lang.Parser.eval2(Parser.java:1138)
	at tcl.lang.Interp.eval(Interp.java:1782)
	at tcl.lang.Interp.evalFile(Interp.java:1880)
	at java.base/jdk.internal.reflect.NativeMethodAccessorImpl.invoke0(Native Method)
	at java.base/jdk.internal.reflect.NativeMethodAccessorImpl.invoke(NativeMethodAccessorImpl.java:62)
	at java.base/jdk.internal.reflect.DelegatingMethodAccessorImpl.invoke(DelegatingMethodAccessorImpl.java:43)
	at java.base/java.lang.reflect.Method.invoke(Method.java:564)
	at ptolemy.util.test.junit.TclTests.RunTclFile(TclTests.java:233)
	at java.base/jdk.internal.reflect.NativeMethodAccessorImpl.invoke0(Native Method)
	at java.base/jdk.internal.reflect.NativeMethodAccessorImpl.invoke(NativeMethodAccessorImpl.java:62)
	at java.base/jdk.internal.reflect.DelegatingMethodAccessorImpl.invoke(DelegatingMethodAccessorImpl.java:43)
	at java.base/java.lang.reflect.Method.invoke(Method.java:564)
	at org.junit.runners.model.FrameworkMethod$1.runReflectiveCall(FrameworkMethod.java:44)
	at org.junit.internal.runners.model.ReflectiveCallable.run(ReflectiveCallable.java:15)
	at org.junit.runners.model.FrameworkMethod.invokeExplosively(FrameworkMethod.java:41)
	at junitparams.internal.InvokeParameterisedMethod.evaluate(InvokeParameterisedMethod.java:102)
	at junitparams.internal.ParameterisedTestMethodRunner.runMethodInvoker(ParameterisedTestMethodRunner.java:47)
	at junitparams.internal.ParameterisedTestMethodRunner.runTestMethod(ParameterisedTestMethodRunner.java:41)
	at junitparams.internal.ParameterisedTestClassRunner.runParameterisedTest(ParameterisedTestClassRunner.java:143)
	at junitparams.JUnitParamsRunner.runChild(JUnitParamsRunner.java:237)
	at junitparams.JUnitParamsRunner.runChild(JUnitParamsRunner.java:215)
	at org.junit.runners.ParentRunner$3.run(ParentRunner.java:193)
	at org.junit.runners.ParentRunner$1.schedule(ParentRunner.java:52)
	at org.junit.runners.ParentRunner.runChildren(ParentRunner.java:191)
	at org.junit.runners.ParentRunner.access$000(ParentRunner.java:42)
	at org.junit.runners.ParentRunner$2.evaluate(ParentRunner.java:184)
	at org.junit.internal.runners.statements.RunAfters.evaluate(RunAfters.java:31)
	at org.junit.runners.ParentRunner.run(ParentRunner.java:236)
	at org.junit.runners.Suite.runChild(Suite.java:128)
	at org.junit.runners.Suite.runChild(Suite.java:24)
	at org.junit.runners.ParentRunner$3.run(ParentRunner.java:193)
	at org.junit.runners.ParentRunner$1.schedule(ParentRunner.java:52)
	at org.junit.runners.ParentRunner.runChildren(ParentRunner.java:191)
	at org.junit.runners.ParentRunner.access$000(ParentRunner.java:42)
	at org.junit.runners.ParentRunner$2.evaluate(ParentRunner.java:184)
	at org.junit.runners.ParentRunner.run(ParentRunner.java:236)
	at junit.framework.JUnit4TestAdapter.run(JUnit4TestAdapter.java:39)
	at org.apache.tools.ant.taskdefs.optional.junit.JUnitTestRunner.run(JUnitTestRunner.java:535)
	at org.apache.tools.ant.taskdefs.optional.junit.JUnitTestRunner.launch(JUnitTestRunner.java:1182)
	at org.apache.tools.ant.taskdefs.optional.junit.JUnitTestRunner.main(JUnitTestRunner.java:1033)
Caused by: javax.script.ScriptException: ReferenceError: "exception" is not defined in /home/travis/build/icyphy/ptII/ptolemy/actor/lib/jjs/external/require.js at line number 439
	at jdk.scripting.nashorn/jdk.nashorn.api.scripting.NashornScriptEngine.throwAsScriptException(NashornScriptEngine.java:469)
	at jdk.scripting.nashorn/jdk.nashorn.api.scripting.NashornScriptEngine.invokeImpl(NashornScriptEngine.java:391)
	at jdk.scripting.nashorn/jdk.nashorn.api.scripting.NashornScriptEngine.invokeFunction(NashornScriptEngine.java:189)
	at ptolemy.actor.lib.jjs.JavaScript._createEngineAndEvaluateSetup(JavaScript.java:2493)
	... 96 more
Caused by: /home/travis/build/icyphy/ptII/ptolemy/actor/lib/jjs/external/require.js:439 ReferenceError: "exception" is not defined
	at jdk.scripting.nashorn/jdk.nashorn.internal.runtime.ECMAErrors.error(ECMAErrors.java:57)
	at jdk.scripting.nashorn/jdk.nashorn.internal.runtime.ECMAErrors.referenceError(ECMAErrors.java:319)
	at jdk.scripting.nashorn/jdk.nashorn.internal.runtime.ECMAErrors.referenceError(ECMAErrors.java:291)
	at jdk.scripting.nashorn/jdk.nashorn.internal.objects.Global.__noSuchProperty__(Global.java:1615)
	at jdk.scripting.nashorn.scripts/jdk.nashorn.internal.scripts.Script$Recompilation$2282$require$cu1$restOf.L:45#_require(/home/travis/build/icyphy/ptII/ptolemy/actor/lib/jjs/external/require.js:439)
	at jdk.scripting.nashorn.scripts/jdk.nashorn.internal.scripts.Script$Recompilation$2193$21089A$require.L:45#_requireClosure#L:466(/home/travis/build/icyphy/ptII/ptolemy/actor/lib/jjs/external/require.js:467)
	at jdk.scripting.nashorn.scripts/jdk.nashorn.internal.scripts.Script$Recompilation$2267$1AAAAAAAAAAAAAA$\^function\_.L:1(<function>:97)
	at jdk.scripting.nashorn.scripts/jdk.nashorn.internal.scripts.Script$Recompilation$2266$17933AAAAAA$require$cu1$restOf.L:1#Accessor(/home/travis/build/icyphy/ptII/ptolemy/actor/lib/jjs/external/require.js#409:30<eval>:545)
	at jdk.scripting.nashorn.scripts/jdk.nashorn.internal.scripts.Script$Recompilation$2252$2801AAA$\^eval\_.evaluateCode(<eval>:96)
	at jdk.scripting.nashorn/jdk.nashorn.internal.runtime.ScriptFunctionData.invoke(ScriptFunctionData.java:661)
	at jdk.scripting.nashorn/jdk.nashorn.internal.runtime.ScriptFunction.invoke(ScriptFunction.java:513)
	at jdk.scripting.nashorn/jdk.nashorn.internal.runtime.ScriptRuntime.apply(ScriptRuntime.java:527)
	at jdk.scripting.nashorn/jdk.nashorn.api.scripting.ScriptObjectMirror.callMember(ScriptObjectMirror.java:198)
	at jdk.scripting.nashorn/jdk.nashorn.api.scripting.NashornScriptEngine.invokeImpl(NashornScriptEngine.java:385)
	... 98 more
Caused by: javax.script.ScriptException: ReferenceError: "exception" is not defined in /home/travis/build/icyphy/ptII/ptolemy/actor/lib/jjs/external/require.js at line number 439
	at jdk.scripting.nashorn/jdk.nashorn.api.scripting.NashornScriptEngine.throwAsScriptException(NashornScriptEngine.java:469)
	at jdk.scripting.nashorn/jdk.nashorn.api.scripting.NashornScriptEngine.invokeImpl(NashornScriptEngine.java:391)
	at jdk.scripting.nashorn/jdk.nashorn.api.scripting.NashornScriptEngine.invokeFunction(NashornScriptEngine.java:189)
	at ptolemy.actor.lib.jjs.JavaScript._createEngineAndEvaluateSetup(JavaScript.java:2493)
	at ptolemy.actor.lib.jjs.JavaScript.attributeChanged(JavaScript.java:548)
	at org.terraswarm.accessor.JSAccessor.attributeChanged(JSAccessor.java:312)
	at ptolemy.data.expr.Variable._setTokenAndNotify(Variable.java:2271)
	at ptolemy.data.expr.Variable._evaluate(Variable.java:1873)
	at ptolemy.data.expr.Variable._propagate(Variable.java:1984)
	at ptolemy.data.expr.Variable.validate(Variable.java:1596)
	at ptolemy.moml.MoMLParser.endDocument(MoMLParser.java:867)
	at com.microstar.xml.XmlParser.doParse(XmlParser.java:162)
	at com.microstar.xml.XmlParser.parse(XmlParser.java:132)
	at ptolemy.moml.MoMLParser.parse(MoMLParser.java:1676)
	at ptolemy.moml.MoMLParser.parse(MoMLParser.java:1617)
	at ptolemy.moml.MoMLParser.parse(MoMLParser.java:1792)
	at org.terraswarm.accessor.AccessorLibrary.populate(AccessorLibrary.java:194)
	at ptolemy.moml.EntityLibrary.classDefinitionList(EntityLibrary.java:307)
	at ptolemy.kernel.CompositeEntity._description(CompositeEntity.java:2292)
	at ptolemy.kernel.CompositeEntity._description(CompositeEntity.java:2307)
	at ptolemy.kernel.CompositeEntity._description(CompositeEntity.java:2307)
	at ptolemy.kernel.CompositeEntity._description(CompositeEntity.java:2307)
	at ptolemy.kernel.CompositeEntity._description(CompositeEntity.java:2307)
	at ptolemy.kernel.util.NamedObj.description(NamedObj.java:731)
	at ptolemy.kernel.util.NamedObj.description(NamedObj.java:715)
	at java.base/jdk.internal.reflect.NativeMethodAccessorImpl.invoke0(Native Method)
	at java.base/jdk.internal.reflect.NativeMethodAccessorImpl.invoke(NativeMethodAccessorImpl.java:62)
	at java.base/jdk.internal.reflect.DelegatingMethodAccessorImpl.invoke(DelegatingMethodAccessorImpl.java:43)
	at java.base/java.lang.reflect.Method.invoke(Method.java:564)
	at tcl.lang.reflect.PkgInvoker.invokeMethod(PkgInvoker.java:129)
	at tcl.lang.JavaInvoke.call(JavaInvoke.java:253)
	at tcl.lang.JavaInvoke.callMethod(JavaInvoke.java:116)
	at tcl.lang.ReflectObject.cmdProc(ReflectObject.java:727)
	at tcl.lang.Parser.evalObjv(Parser.java:740)
	at tcl.lang.Parser.eval2(Parser.java:1138)
	at tcl.lang.Parser.evalTokens(Parser.java:930)
	at tcl.lang.Parser.eval2(Parser.java:1125)
	at tcl.lang.Parser.evalTokens(Parser.java:930)
	at tcl.lang.Parser.eval2(Parser.java:1125)
	at tcl.lang.Interp.eval(Interp.java:1782)
	at tcl.lang.Interp.eval(Interp.java:1841)
	at tcl.lang.UplevelCmd.cmdProc(UplevelCmd.java:93)
	at tcl.lang.AutoloadStub.cmdProc(Extension.java:144)
	at tcl.lang.Parser.evalObjv(Parser.java:740)
	at tcl.lang.Parser.eval2(Parser.java:1138)
	at tcl.lang.Interp.eval(Interp.java:1782)
	at tcl.lang.Interp.eval(Interp.java:1841)
	at tcl.lang.CatchCmd.cmdProc(CatchCmd.java:42)
	at tcl.lang.Parser.evalObjv(Parser.java:740)
	at tcl.lang.Parser.eval2(Parser.java:1138)
	at tcl.lang.Parser.evalTokens(Parser.java:930)
	at tcl.lang.Parser.eval2(Parser.java:1125)
	at tcl.lang.Procedure.cmdProc(Procedure.java:175)
	at tcl.lang.Parser.evalObjv(Parser.java:740)
	at tcl.lang.Parser.eval2(Parser.java:1138)
	at tcl.lang.Interp.eval(Interp.java:1782)
	at tcl.lang.Interp.eval(Interp.java:1841)
	at tcl.lang.ForeachCmd.cmdProc(ForeachCmd.java:116)
	at tcl.lang.AutoloadStub.cmdProc(Extension.java:144)
	at tcl.lang.Parser.evalObjv(Parser.java:740)
	at tcl.lang.Parser.eval2(Parser.java:1138)
	at tcl.lang.Interp.eval(Interp.java:1782)
	at tcl.lang.Interp.evalFile(Interp.java:1880)
	at java.base/jdk.internal.reflect.NativeMethodAccessorImpl.invoke0(Native Method)
	at java.base/jdk.internal.reflect.NativeMethodAccessorImpl.invoke(NativeMethodAccessorImpl.java:62)
	at java.base/jdk.internal.reflect.DelegatingMethodAccessorImpl.invoke(DelegatingMethodAccessorImpl.java:43)
	at java.base/java.lang.reflect.Method.invoke(Method.java:564)
	at ptolemy.util.test.junit.TclTests.RunTclFile(TclTests.java:233)
	at java.base/jdk.internal.reflect.NativeMethodAccessorImpl.invoke0(Native Method)
	at java.base/jdk.internal.reflect.NativeMethodAccessorImpl.invoke(NativeMethodAccessorImpl.java:62)
	at java.base/jdk.internal.reflect.DelegatingMethodAccessorImpl.invoke(DelegatingMethodAccessorImpl.java:43)
	at java.base/java.lang.reflect.Method.invoke(Method.java:564)
	at org.junit.runners.model.FrameworkMethod$1.runReflectiveCall(FrameworkMethod.java:44)
	at org.junit.internal.runners.model.ReflectiveCallable.run(ReflectiveCallable.java:15)
	at org.junit.runners.model.FrameworkMethod.invokeExplosively(FrameworkMethod.java:41)
	at junitparams.internal.InvokeParameterisedMethod.evaluate(InvokeParameterisedMethod.java:102)
	at junitparams.internal.ParameterisedTestMethodRunner.runMethodInvoker(ParameterisedTestMethodRunner.java:47)
	at junitparams.internal.ParameterisedTestMethodRunner.runTestMethod(ParameterisedTestMethodRunner.java:41)
	at junitparams.internal.ParameterisedTestClassRunner.runParameterisedTest(ParameterisedTestClassRunner.java:143)
	at junitparams.JUnitParamsRunner.runChild(JUnitParamsRunner.java:237)
	at junitparams.JUnitParamsRunner.runChild(JUnitParamsRunner.java:215)
	at org.junit.runners.ParentRunner$3.run(ParentRunner.java:193)
	at org.junit.runners.ParentRunner$1.schedule(ParentRunner.java:52)
	at org.junit.runners.ParentRunner.runChildren(ParentRunner.java:191)
	at org.junit.runners.ParentRunner.access$000(ParentRunner.java:42)
	at org.junit.runners.ParentRunner$2.evaluate(ParentRunner.java:184)
	at org.junit.internal.runners.statements.RunAfters.evaluate(RunAfters.java:31)
	at org.junit.runners.ParentRunner.run(ParentRunner.java:236)
	at org.junit.runners.Suite.runChild(Suite.java:128)
	at org.junit.runners.Suite.runChild(Suite.java:24)
	at org.junit.runners.ParentRunner$3.run(ParentRunner.java:193)
	at org.junit.runners.ParentRunner$1.schedule(ParentRunner.java:52)
	at org.junit.runners.ParentRunner.runChildren(ParentRunner.java:191)
	at org.junit.runners.ParentRunner.access$000(ParentRunner.java:42)
	at org.junit.runners.ParentRunner$2.evaluate(ParentRunner.java:184)
	at org.junit.runners.ParentRunner.run(ParentRunner.java:236)
	at junit.framework.JUnit4TestAdapter.run(JUnit4TestAdapter.java:39)
	at org.apache.tools.ant.taskdefs.optional.junit.JUnitTestRunner.run(JUnitTestRunner.java:535)
	at org.apache.tools.ant.taskdefs.optional.junit.JUnitTestRunner.launch(JUnitTestRunner.java:1182)
	at org.apache.tools.ant.taskdefs.optional.junit.JUnitTestRunner.main(JUnitTestRunner.java:1033)
Caused by: /home/travis/build/icyphy/ptII/ptolemy/actor/lib/jjs/external/require.js:439 ReferenceError: "exception" is not defined
	at jdk.scripting.nashorn/jdk.nashorn.internal.runtime.ECMAErrors.error(ECMAErrors.java:57)
	at jdk.scripting.nashorn/jdk.nashorn.internal.runtime.ECMAErrors.referenceError(ECMAErrors.java:319)
	at jdk.scripting.nashorn/jdk.nashorn.internal.runtime.ECMAErrors.referenceError(ECMAErrors.java:291)
	at jdk.scripting.nashorn/jdk.nashorn.internal.objects.Global.__noSuchProperty__(Global.java:1615)
	at jdk.scripting.nashorn.scripts/jdk.nashorn.internal.scripts.Script$Recompilation$2282$require$cu1$restOf.L:45#_require(/home/travis/build/icyphy/ptII/ptolemy/actor/lib/jjs/external/require.js:439)
	at jdk.scripting.nashorn.scripts/jdk.nashorn.internal.scripts.Script$Recompilation$2193$21089A$require.L:45#_requireClosure#L:466(/home/travis/build/icyphy/ptII/ptolemy/actor/lib/jjs/external/require.js:467)
	at jdk.scripting.nashorn.scripts/jdk.nashorn.internal.scripts.Script$Recompilation$2267$1AAAAAAAAAAAAAA$\^function\_.L:1(<function>:97)
	at jdk.scripting.nashorn.scripts/jdk.nashorn.internal.scripts.Script$Recompilation$2266$17933AAAAAA$require$cu1$restOf.L:1#Accessor(/home/travis/build/icyphy/ptII/ptolemy/actor/lib/jjs/external/require.js#409:30<eval>:545)
	at jdk.scripting.nashorn.scripts/jdk.nashorn.internal.scripts.Script$Recompilation$2252$2801AAA$\^eval\_.evaluateCode(<eval>:96)
	at jdk.scripting.nashorn/jdk.nashorn.internal.runtime.ScriptFunctionData.invoke(ScriptFunctionData.java:661)
	at jdk.scripting.nashorn/jdk.nashorn.internal.runtime.ScriptFunction.invoke(ScriptFunction.java:513)
	at jdk.scripting.nashorn/jdk.nashorn.internal.runtime.ScriptRuntime.apply(ScriptRuntime.java:527)
	at jdk.scripting.nashorn/jdk.nashorn.api.scripting.ScriptObjectMirror.callMember(ScriptObjectMirror.java:198)
	at jdk.scripting.nashorn/jdk.nashorn.api.scripting.NashornScriptEngine.invokeImpl(NashornScriptEngine.java:385)
	... 98 more
Loading accessor failed: AudioCapture.js
ptolemy.kernel.util.IllegalActionException: Error evaluating expression:
// Copyright (c) 2015-2017 The Regents of the University of California.
...
  in .configuration.actor library.Accessors.audio.AudioCapture.script
Because:
Failed to evaluate script.
  in .configuration.actor library.Accessors.audio.AudioCapture
Because:
ReferenceError: "exception" is not defined in /home/travis/build/icyphy/ptII/ptolemy/actor/lib/jjs/external/require.js at line number 439
  in .configuration.actor library.Accessors.audio.AudioCapture.script
Because:
Error evaluating expression:
// Copyright (c) 2015-2017 The Regents of the University of California.
...
  in .configuration.actor library.Accessors.audio.AudioCapture.script
Because:
Failed to evaluate script.
  in .configuration.actor library.Accessors.audio.AudioCapture
Because:
ReferenceError: "exception" is not defined in /home/travis/build/icyphy/ptII/ptolemy/actor/lib/jjs/external/require.js at line number 439
Failed to populate library.
ptolemy.kernel.util.InternalErrorException: Loading accessor failed: AudioCapture.js
  in .configuration.actor library.Accessors.audio
Because:
Error evaluating expression:
// Copyright (c) 2015-2017 The Regents of the University of California.
...
  in .configuration.actor library.Accessors.audio.AudioCapture.script
Because:
Failed to evaluate script.
  in .configuration.actor library.Accessors.audio.AudioCapture
Because:
ReferenceError: "exception" is not defined in /home/travis/build/icyphy/ptII/ptolemy/actor/lib/jjs/external/require.js at line number 439
  in .configuration.actor library.Accessors.audio.AudioCapture.script
Because:
Error evaluating expression:
// Copyright (c) 2015-2017 The Regents of the University of California.
...
  in .configuration.actor library.Accessors.audio.AudioCapture.script
Because:
Failed to evaluate script.
  in .configuration.actor library.Accessors.audio.AudioCapture
Because:
ReferenceError: "exception" is not defined in /home/travis/build/icyphy/ptII/ptolemy/actor/lib/jjs/external/require.js at line number 439
	at org.terraswarm.accessor.AccessorLibrary.populate(AccessorLibrary.java:224)
	at ptolemy.moml.EntityLibrary.classDefinitionList(EntityLibrary.java:307)
	at ptolemy.kernel.CompositeEntity._description(CompositeEntity.java:2292)
	at ptolemy.kernel.CompositeEntity._description(CompositeEntity.java:2307)
	at ptolemy.kernel.CompositeEntity._description(CompositeEntity.java:2307)
	at ptolemy.kernel.CompositeEntity._description(CompositeEntity.java:2307)
	at ptolemy.kernel.util.NamedObj.description(NamedObj.java:731)
	at ptolemy.kernel.util.NamedObj.description(NamedObj.java:715)
	at java.base/jdk.internal.reflect.NativeMethodAccessorImpl.invoke0(Native Method)
	at java.base/jdk.internal.reflect.NativeMethodAccessorImpl.invoke(NativeMethodAccessorImpl.java:62)
	at java.base/jdk.internal.reflect.DelegatingMethodAccessorImpl.invoke(DelegatingMethodAccessorImpl.java:43)
	at java.base/java.lang.reflect.Method.invoke(Method.java:564)
	at tcl.lang.reflect.PkgInvoker.invokeMethod(PkgInvoker.java:129)
	at tcl.lang.JavaInvoke.call(JavaInvoke.java:253)
	at tcl.lang.JavaInvoke.callMethod(JavaInvoke.java:116)
	at tcl.lang.ReflectObject.cmdProc(ReflectObject.java:727)
	at tcl.lang.Parser.evalObjv(Parser.java:740)
	at tcl.lang.Parser.eval2(Parser.java:1138)
	at tcl.lang.Parser.evalTokens(Parser.java:930)
	at tcl.lang.Parser.eval2(Parser.java:1125)
	at tcl.lang.Parser.evalTokens(Parser.java:930)
	at tcl.lang.Parser.eval2(Parser.java:1125)
	at tcl.lang.Interp.eval(Interp.java:1782)
	at tcl.lang.Interp.eval(Interp.java:1841)
	at tcl.lang.UplevelCmd.cmdProc(UplevelCmd.java:93)
	at tcl.lang.Parser.evalObjv(Parser.java:740)
	at tcl.lang.Parser.eval2(Parser.java:1138)
	at tcl.lang.Interp.eval(Interp.java:1782)
	at tcl.lang.Interp.eval(Interp.java:1841)
	at tcl.lang.CatchCmd.cmdProc(CatchCmd.java:42)
	at tcl.lang.Parser.evalObjv(Parser.java:740)
	at tcl.lang.Parser.eval2(Parser.java:1138)
	at tcl.lang.Parser.evalTokens(Parser.java:930)
	at tcl.lang.Parser.eval2(Parser.java:1125)
	at tcl.lang.Procedure.cmdProc(Procedure.java:175)
	at tcl.lang.Parser.evalObjv(Parser.java:740)
	at tcl.lang.Parser.eval2(Parser.java:1138)
	at tcl.lang.Interp.eval(Interp.java:1782)
	at tcl.lang.Interp.eval(Interp.java:1841)
	at tcl.lang.ForeachCmd.cmdProc(ForeachCmd.java:116)
	at tcl.lang.AutoloadStub.cmdProc(Extension.java:144)
	at tcl.lang.Parser.evalObjv(Parser.java:740)
	at tcl.lang.Parser.eval2(Parser.java:1138)
	at tcl.lang.Interp.eval(Interp.java:1782)
	at tcl.lang.Interp.evalFile(Interp.java:1880)
	at java.base/jdk.internal.reflect.NativeMethodAccessorImpl.invoke0(Native Method)
	at java.base/jdk.internal.reflect.NativeMethodAccessorImpl.invoke(NativeMethodAccessorImpl.java:62)
	at java.base/jdk.internal.reflect.DelegatingMethodAccessorImpl.invoke(DelegatingMethodAccessorImpl.java:43)
	at java.base/java.lang.reflect.Method.invoke(Method.java:564)
	at ptolemy.util.test.junit.TclTests.RunTclFile(TclTests.java:233)
	at java.base/jdk.internal.reflect.NativeMethodAccessorImpl.invoke0(Native Method)
	at java.base/jdk.internal.reflect.NativeMethodAccessorImpl.invoke(NativeMethodAccessorImpl.java:62)
	at java.base/jdk.internal.reflect.DelegatingMethodAccessorImpl.invoke(DelegatingMethodAccessorImpl.java:43)
	at java.base/java.lang.reflect.Method.invoke(Method.java:564)
	at org.junit.runners.model.FrameworkMethod$1.runReflectiveCall(FrameworkMethod.java:44)
	at org.junit.internal.runners.model.ReflectiveCallable.run(ReflectiveCallable.java:15)
	at org.junit.runners.model.FrameworkMethod.invokeExplosively(FrameworkMethod.java:41)
	at junitparams.internal.InvokeParameterisedMethod.evaluate(InvokeParameterisedMethod.java:102)
	at junitparams.internal.ParameterisedTestMethodRunner.runMethodInvoker(ParameterisedTestMethodRunner.java:47)
	at junitparams.internal.ParameterisedTestMethodRunner.runTestMethod(ParameterisedTestMethodRunner.java:41)
	at junitparams.internal.ParameterisedTestClassRunner.runParameterisedTest(ParameterisedTestClassRunner.java:143)
	at junitparams.JUnitParamsRunner.runChild(JUnitParamsRunner.java:237)
	at junitparams.JUnitParamsRunner.runChild(JUnitParamsRunner.java:215)
	at org.junit.runners.ParentRunner$3.run(ParentRunner.java:193)
	at org.junit.runners.ParentRunner$1.schedule(ParentRunner.java:52)
	at org.junit.runners.ParentRunner.runChildren(ParentRunner.java:191)
	at org.junit.runners.ParentRunner.access$000(ParentRunner.java:42)
	at org.junit.runners.ParentRunner$2.evaluate(ParentRunner.java:184)
	at org.junit.internal.runners.statements.RunAfters.evaluate(RunAfters.java:31)
	at org.junit.runners.ParentRunner.run(ParentRunner.java:236)
	at org.junit.runners.Suite.runChild(Suite.java:128)
	at org.junit.runners.Suite.runChild(Suite.java:24)
	at org.junit.runners.ParentRunner$3.run(ParentRunner.java:193)
	at org.junit.runners.ParentRunner$1.schedule(ParentRunner.java:52)
	at org.junit.runners.ParentRunner.runChildren(ParentRunner.java:191)
	at org.junit.runners.ParentRunner.access$000(ParentRunner.java:42)
	at org.junit.runners.ParentRunner$2.evaluate(ParentRunner.java:184)
	at org.junit.runners.ParentRunner.run(ParentRunner.java:236)
	at junit.framework.JUnit4TestAdapter.run(JUnit4TestAdapter.java:39)
	at org.apache.tools.ant.taskdefs.optional.junit.JUnitTestRunner.run(JUnitTestRunner.java:535)
	at org.apache.tools.ant.taskdefs.optional.junit.JUnitTestRunner.launch(JUnitTestRunner.java:1182)
	at org.apache.tools.ant.taskdefs.optional.junit.JUnitTestRunner.main(JUnitTestRunner.java:1033)
Caused by: ptolemy.kernel.util.IllegalActionException: Error evaluating expression:
// Copyright (c) 2015-2017 The Regents of the University of California.
...
  in .configuration.actor library.Accessors.audio.AudioCapture.script
Because:
Failed to evaluate script.
  in .configuration.actor library.Accessors.audio.AudioCapture
Because:
ReferenceError: "exception" is not defined in /home/travis/build/icyphy/ptII/ptolemy/actor/lib/jjs/external/require.js at line number 439
  in .configuration.actor library.Accessors.audio.AudioCapture.script
Because:
Error evaluating expression:
// Copyright (c) 2015-2017 The Regents of the University of California.
...
  in .configuration.actor library.Accessors.audio.AudioCapture.script
Because:
Failed to evaluate script.
  in .configuration.actor library.Accessors.audio.AudioCapture
Because:
ReferenceError: "exception" is not defined in /home/travis/build/icyphy/ptII/ptolemy/actor/lib/jjs/external/require.js at line number 439
	at ptolemy.data.expr.Variable.validate(Variable.java:1619)
	at ptolemy.moml.MoMLParser.endDocument(MoMLParser.java:867)
	at com.microstar.xml.XmlParser.doParse(XmlParser.java:162)
	at com.microstar.xml.XmlParser.parse(XmlParser.java:132)
	at ptolemy.moml.MoMLParser.parse(MoMLParser.java:1676)
	at ptolemy.moml.MoMLParser.parse(MoMLParser.java:1617)
	at ptolemy.moml.MoMLParser.parse(MoMLParser.java:1792)
	at org.terraswarm.accessor.AccessorLibrary.populate(AccessorLibrary.java:194)
	... 81 more
Caused by: ptolemy.kernel.util.IllegalActionException: Error evaluating expression:
// Copyright (c) 2015-2017 The Regents of the University of California.
...
  in .configuration.actor library.Accessors.audio.AudioCapture.script
Because:
Failed to evaluate script.
  in .configuration.actor library.Accessors.audio.AudioCapture
Because:
ReferenceError: "exception" is not defined in /home/travis/build/icyphy/ptII/ptolemy/actor/lib/jjs/external/require.js at line number 439
	at ptolemy.data.expr.Variable._evaluate(Variable.java:1891)
	at ptolemy.data.expr.Variable._propagate(Variable.java:1984)
	at ptolemy.data.expr.Variable.validate(Variable.java:1596)
	... 88 more
Caused by: ptolemy.kernel.util.IllegalActionException: Failed to evaluate script.
  in .configuration.actor library.Accessors.audio.AudioCapture
Because:
ReferenceError: "exception" is not defined in /home/travis/build/icyphy/ptII/ptolemy/actor/lib/jjs/external/require.js at line number 439
	at ptolemy.actor.lib.jjs.JavaScript._createEngineAndEvaluateSetup(JavaScript.java:2497)
	at ptolemy.actor.lib.jjs.JavaScript.attributeChanged(JavaScript.java:548)
	at org.terraswarm.accessor.JSAccessor.attributeChanged(JSAccessor.java:312)
	at ptolemy.data.expr.Variable._setTokenAndNotify(Variable.java:2271)
	at ptolemy.data.expr.Variable._evaluate(Variable.java:1873)
	... 90 more
Caused by: javax.script.ScriptException: ReferenceError: "exception" is not defined in /home/travis/build/icyphy/ptII/ptolemy/actor/lib/jjs/external/require.js at line number 439
	at jdk.scripting.nashorn/jdk.nashorn.api.scripting.NashornScriptEngine.throwAsScriptException(NashornScriptEngine.java:469)
	at jdk.scripting.nashorn/jdk.nashorn.api.scripting.NashornScriptEngine.invokeImpl(NashornScriptEngine.java:391)
	at jdk.scripting.nashorn/jdk.nashorn.api.scripting.NashornScriptEngine.invokeFunction(NashornScriptEngine.java:189)
	at ptolemy.actor.lib.jjs.JavaScript._createEngineAndEvaluateSetup(JavaScript.java:2493)
	... 94 more
Caused by: /home/travis/build/icyphy/ptII/ptolemy/actor/lib/jjs/external/require.js:439 ReferenceError: "exception" is not defined
	at jdk.scripting.nashorn/jdk.nashorn.internal.runtime.ECMAErrors.error(ECMAErrors.java:57)
	at jdk.scripting.nashorn/jdk.nashorn.internal.runtime.ECMAErrors.referenceError(ECMAErrors.java:319)
	at jdk.scripting.nashorn/jdk.nashorn.internal.runtime.ECMAErrors.referenceError(ECMAErrors.java:291)
	at jdk.scripting.nashorn/jdk.nashorn.internal.objects.Global.__noSuchProperty__(Global.java:1615)
	at jdk.scripting.nashorn.scripts/jdk.nashorn.internal.scripts.Script$Recompilation$83104$require$cu1$restOf.L:45#_require(/home/travis/build/icyphy/ptII/ptolemy/actor/lib/jjs/external/require.js:439)
	at jdk.scripting.nashorn.scripts/jdk.nashorn.internal.scripts.Script$Recompilation$83016$21089A$require.L:45#_requireClosure#L:466(/home/travis/build/icyphy/ptII/ptolemy/actor/lib/jjs/external/require.js:467)
	at jdk.scripting.nashorn.scripts/jdk.nashorn.internal.scripts.Script$Recompilation$83090$1AAAAAAAAAAAAAA$\^function\_.L:1(<function>:97)
	at jdk.scripting.nashorn.scripts/jdk.nashorn.internal.scripts.Script$Recompilation$83089$17933AAAAAA$require$cu1$restOf.L:1#Accessor(/home/travis/build/icyphy/ptII/ptolemy/actor/lib/jjs/external/require.js#409:30<eval>:545)
	at jdk.scripting.nashorn.scripts/jdk.nashorn.internal.scripts.Script$Recompilation$83075$2801AAA$\^eval\_.evaluateCode(<eval>:96)
	at jdk.scripting.nashorn/jdk.nashorn.internal.runtime.ScriptFunctionData.invoke(ScriptFunctionData.java:661)
	at jdk.scripting.nashorn/jdk.nashorn.internal.runtime.ScriptFunction.invoke(ScriptFunction.java:513)
	at jdk.scripting.nashorn/jdk.nashorn.internal.runtime.ScriptRuntime.apply(ScriptRuntime.java:527)
	at jdk.scripting.nashorn/jdk.nashorn.api.scripting.ScriptObjectMirror.callMember(ScriptObjectMirror.java:198)
	at jdk.scripting.nashorn/jdk.nashorn.api.scripting.NashornScriptEngine.invokeImpl(NashornScriptEngine.java:385)
	... 96 more
Caused by: ptolemy.kernel.util.IllegalActionException: Error evaluating expression:
// Copyright (c) 2015-2017 The Regents of the University of California.
...
  in .configuration.actor library.Accessors.audio.AudioCapture.script
Because:
Failed to evaluate script.
  in .configuration.actor library.Accessors.audio.AudioCapture
Because:
ReferenceError: "exception" is not defined in /home/travis/build/icyphy/ptII/ptolemy/actor/lib/jjs/external/require.js at line number 439
  in .configuration.actor library.Accessors.audio.AudioCapture.script
Because:
Error evaluating expression:
// Copyright (c) 2015-2017 The Regents of the University of California.
...
  in .configuration.actor library.Accessors.audio.AudioCapture.script
Because:
Failed to evaluate script.
  in .configuration.actor library.Accessors.audio.AudioCapture
Because:
ReferenceError: "exception" is not defined in /home/travis/build/icyphy/ptII/ptolemy/actor/lib/jjs/external/require.js at line number 439
	at ptolemy.data.expr.Variable.validate(Variable.java:1619)
	at ptolemy.moml.MoMLParser.endDocument(MoMLParser.java:867)
	at com.microstar.xml.XmlParser.doParse(XmlParser.java:162)
	at com.microstar.xml.XmlParser.parse(XmlParser.java:132)
	at ptolemy.moml.MoMLParser.parse(MoMLParser.java:1676)
	at ptolemy.moml.MoMLParser.parse(MoMLParser.java:1617)
	at ptolemy.moml.MoMLParser.parse(MoMLParser.java:1792)
	at org.terraswarm.accessor.AccessorLibrary.populate(AccessorLibrary.java:194)
	at ptolemy.moml.EntityLibrary.classDefinitionList(EntityLibrary.java:307)
	at ptolemy.kernel.CompositeEntity._description(CompositeEntity.java:2292)
	at ptolemy.kernel.CompositeEntity._description(CompositeEntity.java:2307)
	at ptolemy.kernel.CompositeEntity._description(CompositeEntity.java:2307)
	at ptolemy.kernel.CompositeEntity._description(CompositeEntity.java:2307)
	at ptolemy.kernel.util.NamedObj.description(NamedObj.java:731)
	at ptolemy.kernel.util.NamedObj.description(NamedObj.java:715)
	at java.base/jdk.internal.reflect.NativeMethodAccessorImpl.invoke0(Native Method)
	at java.base/jdk.internal.reflect.NativeMethodAccessorImpl.invoke(NativeMethodAccessorImpl.java:62)
	at java.base/jdk.internal.reflect.DelegatingMethodAccessorImpl.invoke(DelegatingMethodAccessorImpl.java:43)
	at java.base/java.lang.reflect.Method.invoke(Method.java:564)
	at tcl.lang.reflect.PkgInvoker.invokeMethod(PkgInvoker.java:129)
	at tcl.lang.JavaInvoke.call(JavaInvoke.java:253)
	at tcl.lang.JavaInvoke.callMethod(JavaInvoke.java:116)
	at tcl.lang.ReflectObject.cmdProc(ReflectObject.java:727)
	at tcl.lang.Parser.evalObjv(Parser.java:740)
	at tcl.lang.Parser.eval2(Parser.java:1138)
	at tcl.lang.Parser.evalTokens(Parser.java:930)
	at tcl.lang.Parser.eval2(Parser.java:1125)
	at tcl.lang.Parser.evalTokens(Parser.java:930)
	at tcl.lang.Parser.eval2(Parser.java:1125)
	at tcl.lang.Interp.eval(Interp.java:1782)
	at tcl.lang.Interp.eval(Interp.java:1841)
	at tcl.lang.UplevelCmd.cmdProc(UplevelCmd.java:93)
	at tcl.lang.Parser.evalObjv(Parser.java:740)
	at tcl.lang.Parser.eval2(Parser.java:1138)
	at tcl.lang.Interp.eval(Interp.java:1782)
	at tcl.lang.Interp.eval(Interp.java:1841)
	at tcl.lang.CatchCmd.cmdProc(CatchCmd.java:42)
	at tcl.lang.Parser.evalObjv(Parser.java:740)
	at tcl.lang.Parser.eval2(Parser.java:1138)
	at tcl.lang.Parser.evalTokens(Parser.java:930)
	at tcl.lang.Parser.eval2(Parser.java:1125)
	at tcl.lang.Procedure.cmdProc(Procedure.java:175)
	at tcl.lang.Parser.evalObjv(Parser.java:740)
	at tcl.lang.Parser.eval2(Parser.java:1138)
	at tcl.lang.Interp.eval(Interp.java:1782)
	at tcl.lang.Interp.eval(Interp.java:1841)
	at tcl.lang.ForeachCmd.cmdProc(ForeachCmd.java:116)
	at tcl.lang.AutoloadStub.cmdProc(Extension.java:144)
	at tcl.lang.Parser.evalObjv(Parser.java:740)
	at tcl.lang.Parser.eval2(Parser.java:1138)
	at tcl.lang.Interp.eval(Interp.java:1782)
	at tcl.lang.Interp.evalFile(Interp.java:1880)
	at java.base/jdk.internal.reflect.NativeMethodAccessorImpl.invoke0(Native Method)
	at java.base/jdk.internal.reflect.NativeMethodAccessorImpl.invoke(NativeMethodAccessorImpl.java:62)
	at java.base/jdk.internal.reflect.DelegatingMethodAccessorImpl.invoke(DelegatingMethodAccessorImpl.java:43)
	at java.base/java.lang.reflect.Method.invoke(Method.java:564)
	at ptolemy.util.test.junit.TclTests.RunTclFile(TclTests.java:233)
	at java.base/jdk.internal.reflect.NativeMethodAccessorImpl.invoke0(Native Method)
	at java.base/jdk.internal.reflect.NativeMethodAccessorImpl.invoke(NativeMethodAccessorImpl.java:62)
	at java.base/jdk.internal.reflect.DelegatingMethodAccessorImpl.invoke(DelegatingMethodAccessorImpl.java:43)
	at java.base/java.lang.reflect.Method.invoke(Method.java:564)
	at org.junit.runners.model.FrameworkMethod$1.runReflectiveCall(FrameworkMethod.java:44)
	at org.junit.internal.runners.model.ReflectiveCallable.run(ReflectiveCallable.java:15)
	at org.junit.runners.model.FrameworkMethod.invokeExplosively(FrameworkMethod.java:41)
	at junitparams.internal.InvokeParameterisedMethod.evaluate(InvokeParameterisedMethod.java:102)
	at junitparams.internal.ParameterisedTestMethodRunner.runMethodInvoker(ParameterisedTestMethodRunner.java:47)
	at junitparams.internal.ParameterisedTestMethodRunner.runTestMethod(ParameterisedTestMethodRunner.java:41)
	at junitparams.internal.ParameterisedTestClassRunner.runParameterisedTest(ParameterisedTestClassRunner.java:143)
	at junitparams.JUnitParamsRunner.runChild(JUnitParamsRunner.java:237)
	at junitparams.JUnitParamsRunner.runChild(JUnitParamsRunner.java:215)
	at org.junit.runners.ParentRunner$3.run(ParentRunner.java:193)
	at org.junit.runners.ParentRunner$1.schedule(ParentRunner.java:52)
	at org.junit.runners.ParentRunner.runChildren(ParentRunner.java:191)
	at org.junit.runners.ParentRunner.access$000(ParentRunner.java:42)
	at org.junit.runners.ParentRunner$2.evaluate(ParentRunner.java:184)
	at org.junit.internal.runners.statements.RunAfters.evaluate(RunAfters.java:31)
	at org.junit.runners.ParentRunner.run(ParentRunner.java:236)
	at org.junit.runners.Suite.runChild(Suite.java:128)
	at org.junit.runners.Suite.runChild(Suite.java:24)
	at org.junit.runners.ParentRunner$3.run(ParentRunner.java:193)
	at org.junit.runners.ParentRunner$1.schedule(ParentRunner.java:52)
	at org.junit.runners.ParentRunner.runChildren(ParentRunner.java:191)
	at org.junit.runners.ParentRunner.access$000(ParentRunner.java:42)
	at org.junit.runners.ParentRunner$2.evaluate(ParentRunner.java:184)
	at org.junit.runners.ParentRunner.run(ParentRunner.java:236)
	at junit.framework.JUnit4TestAdapter.run(JUnit4TestAdapter.java:39)
	at org.apache.tools.ant.taskdefs.optional.junit.JUnitTestRunner.run(JUnitTestRunner.java:535)
	at org.apache.tools.ant.taskdefs.optional.junit.JUnitTestRunner.launch(JUnitTestRunner.java:1182)
	at org.apache.tools.ant.taskdefs.optional.junit.JUnitTestRunner.main(JUnitTestRunner.java:1033)
Caused by: ptolemy.kernel.util.IllegalActionException: Error evaluating expression:
// Copyright (c) 2015-2017 The Regents of the University of California.
...
  in .configuration.actor library.Accessors.audio.AudioCapture.script
Because:
Failed to evaluate script.
  in .configuration.actor library.Accessors.audio.AudioCapture
Because:
ReferenceError: "exception" is not defined in /home/travis/build/icyphy/ptII/ptolemy/actor/lib/jjs/external/require.js at line number 439
	at ptolemy.data.expr.Variable._evaluate(Variable.java:1891)
	at ptolemy.data.expr.Variable._propagate(Variable.java:1984)
	at ptolemy.data.expr.Variable.validate(Variable.java:1596)
	... 88 more
Caused by: ptolemy.kernel.util.IllegalActionException: Failed to evaluate script.
  in .configuration.actor library.Accessors.audio.AudioCapture
Because:
ReferenceError: "exception" is not defined in /home/travis/build/icyphy/ptII/ptolemy/actor/lib/jjs/external/require.js at line number 439
	at ptolemy.actor.lib.jjs.JavaScript._createEngineAndEvaluateSetup(JavaScript.java:2497)
	at ptolemy.actor.lib.jjs.JavaScript.attributeChanged(JavaScript.java:548)
	at org.terraswarm.accessor.JSAccessor.attributeChanged(JSAccessor.java:312)
	at ptolemy.data.expr.Variable._setTokenAndNotify(Variable.java:2271)
	at ptolemy.data.expr.Variable._evaluate(Variable.java:1873)
	... 90 more
Caused by: javax.script.ScriptException: ReferenceError: "exception" is not defined in /home/travis/build/icyphy/ptII/ptolemy/actor/lib/jjs/external/require.js at line number 439
	at jdk.scripting.nashorn/jdk.nashorn.api.scripting.NashornScriptEngine.throwAsScriptException(NashornScriptEngine.java:469)
	at jdk.scripting.nashorn/jdk.nashorn.api.scripting.NashornScriptEngine.invokeImpl(NashornScriptEngine.java:391)
	at jdk.scripting.nashorn/jdk.nashorn.api.scripting.NashornScriptEngine.invokeFunction(NashornScriptEngine.java:189)
	at ptolemy.actor.lib.jjs.JavaScript._createEngineAndEvaluateSetup(JavaScript.java:2493)
	... 94 more
Caused by: /home/travis/build/icyphy/ptII/ptolemy/actor/lib/jjs/external/require.js:439 ReferenceError: "exception" is not defined
	at jdk.scripting.nashorn/jdk.nashorn.internal.runtime.ECMAErrors.error(ECMAErrors.java:57)
	at jdk.scripting.nashorn/jdk.nashorn.internal.runtime.ECMAErrors.referenceError(ECMAErrors.java:319)
	at jdk.scripting.nashorn/jdk.nashorn.internal.runtime.ECMAErrors.referenceError(ECMAErrors.java:291)
	at jdk.scripting.nashorn/jdk.nashorn.internal.objects.Global.__noSuchProperty__(Global.java:1615)
	at jdk.scripting.nashorn.scripts/jdk.nashorn.internal.scripts.Script$Recompilation$83104$require$cu1$restOf.L:45#_require(/home/travis/build/icyphy/ptII/ptolemy/actor/lib/jjs/external/require.js:439)
	at jdk.scripting.nashorn.scripts/jdk.nashorn.internal.scripts.Script$Recompilation$83016$21089A$require.L:45#_requireClosure#L:466(/home/travis/build/icyphy/ptII/ptolemy/actor/lib/jjs/external/require.js:467)
	at jdk.scripting.nashorn.scripts/jdk.nashorn.internal.scripts.Script$Recompilation$83090$1AAAAAAAAAAAAAA$\^function\_.L:1(<function>:97)
	at jdk.scripting.nashorn.scripts/jdk.nashorn.internal.scripts.Script$Recompilation$83089$17933AAAAAA$require$cu1$restOf.L:1#Accessor(/home/travis/build/icyphy/ptII/ptolemy/actor/lib/jjs/external/require.js#409:30<eval>:545)
	at jdk.scripting.nashorn.scripts/jdk.nashorn.internal.scripts.Script$Recompilation$83075$2801AAA$\^eval\_.evaluateCode(<eval>:96)
	at jdk.scripting.nashorn/jdk.nashorn.internal.runtime.ScriptFunctionData.invoke(ScriptFunctionData.java:661)
	at jdk.scripting.nashorn/jdk.nashorn.internal.runtime.ScriptFunction.invoke(ScriptFunction.java:513)
	at jdk.scripting.nashorn/jdk.nashorn.internal.runtime.ScriptRuntime.apply(ScriptRuntime.java:527)
	at jdk.scripting.nashorn/jdk.nashorn.api.scripting.ScriptObjectMirror.callMember(ScriptObjectMirror.java:198)
	at jdk.scripting.nashorn/jdk.nashorn.api.scripting.NashornScriptEngine.invokeImpl(NashornScriptEngine.java:385)
	... 96 more
Caused by: ptolemy.kernel.util.IllegalActionException: Error evaluating expression:
// Copyright (c) 2015-2017 The Regents of the University of California.
...
  in .configuration.actor library.Accessors.audio.AudioCapture.script
Because:
Failed to evaluate script.
  in .configuration.actor library.Accessors.audio.AudioCapture
Because:
ReferenceError: "exception" is not defined in /home/travis/build/icyphy/ptII/ptolemy/actor/lib/jjs/external/require.js at line number 439
	at ptolemy.data.expr.Variable._evaluate(Variable.java:1891)
	at ptolemy.data.expr.Variable._propagate(Variable.java:1984)
	at ptolemy.data.expr.Variable.validate(Variable.java:1596)
	at ptolemy.moml.MoMLParser.endDocument(MoMLParser.java:867)
	at com.microstar.xml.XmlParser.doParse(XmlParser.java:162)
	at com.microstar.xml.XmlParser.parse(XmlParser.java:132)
	at ptolemy.moml.MoMLParser.parse(MoMLParser.java:1676)
	at ptolemy.moml.MoMLParser.parse(MoMLParser.java:1617)
	at ptolemy.moml.MoMLParser.parse(MoMLParser.java:1792)
	at org.terraswarm.accessor.AccessorLibrary.populate(AccessorLibrary.java:194)
	at ptolemy.moml.EntityLibrary.classDefinitionList(EntityLibrary.java:307)
	at ptolemy.kernel.CompositeEntity._description(CompositeEntity.java:2292)
	at ptolemy.kernel.CompositeEntity._description(CompositeEntity.java:2307)
	at ptolemy.kernel.CompositeEntity._description(CompositeEntity.java:2307)
	at ptolemy.kernel.CompositeEntity._description(CompositeEntity.java:2307)
	at ptolemy.kernel.util.NamedObj.description(NamedObj.java:731)
	at ptolemy.kernel.util.NamedObj.description(NamedObj.java:715)
	at java.base/jdk.internal.reflect.NativeMethodAccessorImpl.invoke0(Native Method)
	at java.base/jdk.internal.reflect.NativeMethodAccessorImpl.invoke(NativeMethodAccessorImpl.java:62)
	at java.base/jdk.internal.reflect.DelegatingMethodAccessorImpl.invoke(DelegatingMethodAccessorImpl.java:43)
	at java.base/java.lang.reflect.Method.invoke(Method.java:564)
	at tcl.lang.reflect.PkgInvoker.invokeMethod(PkgInvoker.java:129)
	at tcl.lang.JavaInvoke.call(JavaInvoke.java:253)
	at tcl.lang.JavaInvoke.callMethod(JavaInvoke.java:116)
	at tcl.lang.ReflectObject.cmdProc(ReflectObject.java:727)
	at tcl.lang.Parser.evalObjv(Parser.java:740)
	at tcl.lang.Parser.eval2(Parser.java:1138)
	at tcl.lang.Parser.evalTokens(Parser.java:930)
	at tcl.lang.Parser.eval2(Parser.java:1125)
	at tcl.lang.Parser.evalTokens(Parser.java:930)
	at tcl.lang.Parser.eval2(Parser.java:1125)
	at tcl.lang.Interp.eval(Interp.java:1782)
	at tcl.lang.Interp.eval(Interp.java:1841)
	at tcl.lang.UplevelCmd.cmdProc(UplevelCmd.java:93)
	at tcl.lang.Parser.evalObjv(Parser.java:740)
	at tcl.lang.Parser.eval2(Parser.java:1138)
	at tcl.lang.Interp.eval(Interp.java:1782)
	at tcl.lang.Interp.eval(Interp.java:1841)
	at tcl.lang.CatchCmd.cmdProc(CatchCmd.java:42)
	at tcl.lang.Parser.evalObjv(Parser.java:740)
	at tcl.lang.Parser.eval2(Parser.java:1138)
	at tcl.lang.Parser.evalTokens(Parser.java:930)
	at tcl.lang.Parser.eval2(Parser.java:1125)
	at tcl.lang.Procedure.cmdProc(Procedure.java:175)
	at tcl.lang.Parser.evalObjv(Parser.java:740)
	at tcl.lang.Parser.eval2(Parser.java:1138)
	at tcl.lang.Interp.eval(Interp.java:1782)
	at tcl.lang.Interp.eval(Interp.java:1841)
	at tcl.lang.ForeachCmd.cmdProc(ForeachCmd.java:116)
	at tcl.lang.AutoloadStub.cmdProc(Extension.java:144)
	at tcl.lang.Parser.evalObjv(Parser.java:740)
	at tcl.lang.Parser.eval2(Parser.java:1138)
	at tcl.lang.Interp.eval(Interp.java:1782)
	at tcl.lang.Interp.evalFile(Interp.java:1880)
	at java.base/jdk.internal.reflect.NativeMethodAccessorImpl.invoke0(Native Method)
	at java.base/jdk.internal.reflect.NativeMethodAccessorImpl.invoke(NativeMethodAccessorImpl.java:62)
	at java.base/jdk.internal.reflect.DelegatingMethodAccessorImpl.invoke(DelegatingMethodAccessorImpl.java:43)
	at java.base/java.lang.reflect.Method.invoke(Method.java:564)
	at ptolemy.util.test.junit.TclTests.RunTclFile(TclTests.java:233)
	at java.base/jdk.internal.reflect.NativeMethodAccessorImpl.invoke0(Native Method)
	at java.base/jdk.internal.reflect.NativeMethodAccessorImpl.invoke(NativeMethodAccessorImpl.java:62)
	at java.base/jdk.internal.reflect.DelegatingMethodAccessorImpl.invoke(DelegatingMethodAccessorImpl.java:43)
	at java.base/java.lang.reflect.Method.invoke(Method.java:564)
	at org.junit.runners.model.FrameworkMethod$1.runReflectiveCall(FrameworkMethod.java:44)
	at org.junit.internal.runners.model.ReflectiveCallable.run(ReflectiveCallable.java:15)
	at org.junit.runners.model.FrameworkMethod.invokeExplosively(FrameworkMethod.java:41)
	at junitparams.internal.InvokeParameterisedMethod.evaluate(InvokeParameterisedMethod.java:102)
	at junitparams.internal.ParameterisedTestMethodRunner.runMethodInvoker(ParameterisedTestMethodRunner.java:47)
	at junitparams.internal.ParameterisedTestMethodRunner.runTestMethod(ParameterisedTestMethodRunner.java:41)
	at junitparams.internal.ParameterisedTestClassRunner.runParameterisedTest(ParameterisedTestClassRunner.java:143)
	at junitparams.JUnitParamsRunner.runChild(JUnitParamsRunner.java:237)
	at junitparams.JUnitParamsRunner.runChild(JUnitParamsRunner.java:215)
	at org.junit.runners.ParentRunner$3.run(ParentRunner.java:193)
	at org.junit.runners.ParentRunner$1.schedule(ParentRunner.java:52)
	at org.junit.runners.ParentRunner.runChildren(ParentRunner.java:191)
	at org.junit.runners.ParentRunner.access$000(ParentRunner.java:42)
	at org.junit.runners.ParentRunner$2.evaluate(ParentRunner.java:184)
	at org.junit.internal.runners.statements.RunAfters.evaluate(RunAfters.java:31)
	at org.junit.runners.ParentRunner.run(ParentRunner.java:236)
	at org.junit.runners.Suite.runChild(Suite.java:128)
	at org.junit.runners.Suite.runChild(Suite.java:24)
	at org.junit.runners.ParentRunner$3.run(ParentRunner.java:193)
	at org.junit.runners.ParentRunner$1.schedule(ParentRunner.java:52)
	at org.junit.runners.ParentRunner.runChildren(ParentRunner.java:191)
	at org.junit.runners.ParentRunner.access$000(ParentRunner.java:42)
	at org.junit.runners.ParentRunner$2.evaluate(ParentRunner.java:184)
	at org.junit.runners.ParentRunner.run(ParentRunner.java:236)
	at junit.framework.JUnit4TestAdapter.run(JUnit4TestAdapter.java:39)
	at org.apache.tools.ant.taskdefs.optional.junit.JUnitTestRunner.run(JUnitTestRunner.java:535)
	at org.apache.tools.ant.taskdefs.optional.junit.JUnitTestRunner.launch(JUnitTestRunner.java:1182)
	at org.apache.tools.ant.taskdefs.optional.junit.JUnitTestRunner.main(JUnitTestRunner.java:1033)
Caused by: ptolemy.kernel.util.IllegalActionException: Failed to evaluate script.
  in .configuration.actor library.Accessors.audio.AudioCapture
Because:
ReferenceError: "exception" is not defined in /home/travis/build/icyphy/ptII/ptolemy/actor/lib/jjs/external/require.js at line number 439
	at ptolemy.actor.lib.jjs.JavaScript._createEngineAndEvaluateSetup(JavaScript.java:2497)
	at ptolemy.actor.lib.jjs.JavaScript.attributeChanged(JavaScript.java:548)
	at org.terraswarm.accessor.JSAccessor.attributeChanged(JSAccessor.java:312)
	at ptolemy.data.expr.Variable._setTokenAndNotify(Variable.java:2271)
	at ptolemy.data.expr.Variable._evaluate(Variable.java:1873)
	... 90 more
Caused by: javax.script.ScriptException: ReferenceError: "exception" is not defined in /home/travis/build/icyphy/ptII/ptolemy/actor/lib/jjs/external/require.js at line number 439
	at jdk.scripting.nashorn/jdk.nashorn.api.scripting.NashornScriptEngine.throwAsScriptException(NashornScriptEngine.java:469)
	at jdk.scripting.nashorn/jdk.nashorn.api.scripting.NashornScriptEngine.invokeImpl(NashornScriptEngine.java:391)
	at jdk.scripting.nashorn/jdk.nashorn.api.scripting.NashornScriptEngine.invokeFunction(NashornScriptEngine.java:189)
	at ptolemy.actor.lib.jjs.JavaScript._createEngineAndEvaluateSetup(JavaScript.java:2493)
	... 94 more
Caused by: /home/travis/build/icyphy/ptII/ptolemy/actor/lib/jjs/external/require.js:439 ReferenceError: "exception" is not defined
	at jdk.scripting.nashorn/jdk.nashorn.internal.runtime.ECMAErrors.error(ECMAErrors.java:57)
	at jdk.scripting.nashorn/jdk.nashorn.internal.runtime.ECMAErrors.referenceError(ECMAErrors.java:319)
	at jdk.scripting.nashorn/jdk.nashorn.internal.runtime.ECMAErrors.referenceError(ECMAErrors.java:291)
	at jdk.scripting.nashorn/jdk.nashorn.internal.objects.Global.__noSuchProperty__(Global.java:1615)
	at jdk.scripting.nashorn.scripts/jdk.nashorn.internal.scripts.Script$Recompilation$83104$require$cu1$restOf.L:45#_require(/home/travis/build/icyphy/ptII/ptolemy/actor/lib/jjs/external/require.js:439)
	at jdk.scripting.nashorn.scripts/jdk.nashorn.internal.scripts.Script$Recompilation$83016$21089A$require.L:45#_requireClosure#L:466(/home/travis/build/icyphy/ptII/ptolemy/actor/lib/jjs/external/require.js:467)
	at jdk.scripting.nashorn.scripts/jdk.nashorn.internal.scripts.Script$Recompilation$83090$1AAAAAAAAAAAAAA$\^function\_.L:1(<function>:97)
	at jdk.scripting.nashorn.scripts/jdk.nashorn.internal.scripts.Script$Recompilation$83089$17933AAAAAA$require$cu1$restOf.L:1#Accessor(/home/travis/build/icyphy/ptII/ptolemy/actor/lib/jjs/external/require.js#409:30<eval>:545)
	at jdk.scripting.nashorn.scripts/jdk.nashorn.internal.scripts.Script$Recompilation$83075$2801AAA$\^eval\_.evaluateCode(<eval>:96)
	at jdk.scripting.nashorn/jdk.nashorn.internal.runtime.ScriptFunctionData.invoke(ScriptFunctionData.java:661)
	at jdk.scripting.nashorn/jdk.nashorn.internal.runtime.ScriptFunction.invoke(ScriptFunction.java:513)
	at jdk.scripting.nashorn/jdk.nashorn.internal.runtime.ScriptRuntime.apply(ScriptRuntime.java:527)
	at jdk.scripting.nashorn/jdk.nashorn.api.scripting.ScriptObjectMirror.callMember(ScriptObjectMirror.java:198)
	at jdk.scripting.nashorn/jdk.nashorn.api.scripting.NashornScriptEngine.invokeImpl(NashornScriptEngine.java:385)
	... 96 more
Caused by: ptolemy.kernel.util.IllegalActionException: Failed to evaluate script.
  in .configuration.actor library.Accessors.audio.AudioCapture
Because:
ReferenceError: "exception" is not defined in /home/travis/build/icyphy/ptII/ptolemy/actor/lib/jjs/external/require.js at line number 439
	at ptolemy.actor.lib.jjs.JavaScript._createEngineAndEvaluateSetup(JavaScript.java:2497)
	at ptolemy.actor.lib.jjs.JavaScript.attributeChanged(JavaScript.java:548)
	at org.terraswarm.accessor.JSAccessor.attributeChanged(JSAccessor.java:312)
	at ptolemy.data.expr.Variable._setTokenAndNotify(Variable.java:2271)
	at ptolemy.data.expr.Variable._evaluate(Variable.java:1873)
	at ptolemy.data.expr.Variable._propagate(Variable.java:1984)
	at ptolemy.data.expr.Variable.validate(Variable.java:1596)
	at ptolemy.moml.MoMLParser.endDocument(MoMLParser.java:867)
	at com.microstar.xml.XmlParser.doParse(XmlParser.java:162)
	at com.microstar.xml.XmlParser.parse(XmlParser.java:132)
	at ptolemy.moml.MoMLParser.parse(MoMLParser.java:1676)
	at ptolemy.moml.MoMLParser.parse(MoMLParser.java:1617)
	at ptolemy.moml.MoMLParser.parse(MoMLParser.java:1792)
	at org.terraswarm.accessor.AccessorLibrary.populate(AccessorLibrary.java:194)
	at ptolemy.moml.EntityLibrary.classDefinitionList(EntityLibrary.java:307)
	at ptolemy.kernel.CompositeEntity._description(CompositeEntity.java:2292)
	at ptolemy.kernel.CompositeEntity._description(CompositeEntity.java:2307)
	at ptolemy.kernel.CompositeEntity._description(CompositeEntity.java:2307)
	at ptolemy.kernel.CompositeEntity._description(CompositeEntity.java:2307)
	at ptolemy.kernel.util.NamedObj.description(NamedObj.java:731)
	at ptolemy.kernel.util.NamedObj.description(NamedObj.java:715)
	at java.base/jdk.internal.reflect.NativeMethodAccessorImpl.invoke0(Native Method)
	at java.base/jdk.internal.reflect.NativeMethodAccessorImpl.invoke(NativeMethodAccessorImpl.java:62)
	at java.base/jdk.internal.reflect.DelegatingMethodAccessorImpl.invoke(DelegatingMethodAccessorImpl.java:43)
	at java.base/java.lang.reflect.Method.invoke(Method.java:564)
	at tcl.lang.reflect.PkgInvoker.invokeMethod(PkgInvoker.java:129)
	at tcl.lang.JavaInvoke.call(JavaInvoke.java:253)
	at tcl.lang.JavaInvoke.callMethod(JavaInvoke.java:116)
	at tcl.lang.ReflectObject.cmdProc(ReflectObject.java:727)
	at tcl.lang.Parser.evalObjv(Parser.java:740)
	at tcl.lang.Parser.eval2(Parser.java:1138)
	at tcl.lang.Parser.evalTokens(Parser.java:930)
	at tcl.lang.Parser.eval2(Parser.java:1125)
	at tcl.lang.Parser.evalTokens(Parser.java:930)
	at tcl.lang.Parser.eval2(Parser.java:1125)
	at tcl.lang.Interp.eval(Interp.java:1782)
	at tcl.lang.Interp.eval(Interp.java:1841)
	at tcl.lang.UplevelCmd.cmdProc(UplevelCmd.java:93)
	at tcl.lang.Parser.evalObjv(Parser.java:740)
	at tcl.lang.Parser.eval2(Parser.java:1138)
	at tcl.lang.Interp.eval(Interp.java:1782)
	at tcl.lang.Interp.eval(Interp.java:1841)
	at tcl.lang.CatchCmd.cmdProc(CatchCmd.java:42)
	at tcl.lang.Parser.evalObjv(Parser.java:740)
	at tcl.lang.Parser.eval2(Parser.java:1138)
	at tcl.lang.Parser.evalTokens(Parser.java:930)
	at tcl.lang.Parser.eval2(Parser.java:1125)
	at tcl.lang.Procedure.cmdProc(Procedure.java:175)
	at tcl.lang.Parser.evalObjv(Parser.java:740)
	at tcl.lang.Parser.eval2(Parser.java:1138)
	at tcl.lang.Interp.eval(Interp.java:1782)
	at tcl.lang.Interp.eval(Interp.java:1841)
	at tcl.lang.ForeachCmd.cmdProc(ForeachCmd.java:116)
	at tcl.lang.AutoloadStub.cmdProc(Extension.java:144)
	at tcl.lang.Parser.evalObjv(Parser.java:740)
	at tcl.lang.Parser.eval2(Parser.java:1138)
	at tcl.lang.Interp.eval(Interp.java:1782)
	at tcl.lang.Interp.evalFile(Interp.java:1880)
	at java.base/jdk.internal.reflect.NativeMethodAccessorImpl.invoke0(Native Method)
	at java.base/jdk.internal.reflect.NativeMethodAccessorImpl.invoke(NativeMethodAccessorImpl.java:62)
	at java.base/jdk.internal.reflect.DelegatingMethodAccessorImpl.invoke(DelegatingMethodAccessorImpl.java:43)
	at java.base/java.lang.reflect.Method.invoke(Method.java:564)
	at ptolemy.util.test.junit.TclTests.RunTclFile(TclTests.java:233)
	at java.base/jdk.internal.reflect.NativeMethodAccessorImpl.invoke0(Native Method)
	at java.base/jdk.internal.reflect.NativeMethodAccessorImpl.invoke(NativeMethodAccessorImpl.java:62)
	at java.base/jdk.internal.reflect.DelegatingMethodAccessorImpl.invoke(DelegatingMethodAccessorImpl.java:43)
	at java.base/java.lang.reflect.Method.invoke(Method.java:564)
	at org.junit.runners.model.FrameworkMethod$1.runReflectiveCall(FrameworkMethod.java:44)
	at org.junit.internal.runners.model.ReflectiveCallable.run(ReflectiveCallable.java:15)
	at org.junit.runners.model.FrameworkMethod.invokeExplosively(FrameworkMethod.java:41)
	at junitparams.internal.InvokeParameterisedMethod.evaluate(InvokeParameterisedMethod.java:102)
	at junitparams.internal.ParameterisedTestMethodRunner.runMethodInvoker(ParameterisedTestMethodRunner.java:47)
	at junitparams.internal.ParameterisedTestMethodRunner.runTestMethod(ParameterisedTestMethodRunner.java:41)
	at junitparams.internal.ParameterisedTestClassRunner.runParameterisedTest(ParameterisedTestClassRunner.java:143)
	at junitparams.JUnitParamsRunner.runChild(JUnitParamsRunner.java:237)
	at junitparams.JUnitParamsRunner.runChild(JUnitParamsRunner.java:215)
	at org.junit.runners.ParentRunner$3.run(ParentRunner.java:193)
	at org.junit.runners.ParentRunner$1.schedule(ParentRunner.java:52)
	at org.junit.runners.ParentRunner.runChildren(ParentRunner.java:191)
	at org.junit.runners.ParentRunner.access$000(ParentRunner.java:42)
	at org.junit.runners.ParentRunner$2.evaluate(ParentRunner.java:184)
	at org.junit.internal.runners.statements.RunAfters.evaluate(RunAfters.java:31)
	at org.junit.runners.ParentRunner.run(ParentRunner.java:236)
	at org.junit.runners.Suite.runChild(Suite.java:128)
	at org.junit.runners.Suite.runChild(Suite.java:24)
	at org.junit.runners.ParentRunner$3.run(ParentRunner.java:193)
	at org.junit.runners.ParentRunner$1.schedule(ParentRunner.java:52)
	at org.junit.runners.ParentRunner.runChildren(ParentRunner.java:191)
	at org.junit.runners.ParentRunner.access$000(ParentRunner.java:42)
	at org.junit.runners.ParentRunner$2.evaluate(ParentRunner.java:184)
	at org.junit.runners.ParentRunner.run(ParentRunner.java:236)
	at junit.framework.JUnit4TestAdapter.run(JUnit4TestAdapter.java:39)
	at org.apache.tools.ant.taskdefs.optional.junit.JUnitTestRunner.run(JUnitTestRunner.java:535)
	at org.apache.tools.ant.taskdefs.optional.junit.JUnitTestRunner.launch(JUnitTestRunner.java:1182)
	at org.apache.tools.ant.taskdefs.optional.junit.JUnitTestRunner.main(JUnitTestRunner.java:1033)
Caused by: javax.script.ScriptException: ReferenceError: "exception" is not defined in /home/travis/build/icyphy/ptII/ptolemy/actor/lib/jjs/external/require.js at line number 439
	at jdk.scripting.nashorn/jdk.nashorn.api.scripting.NashornScriptEngine.throwAsScriptException(NashornScriptEngine.java:469)
	at jdk.scripting.nashorn/jdk.nashorn.api.scripting.NashornScriptEngine.invokeImpl(NashornScriptEngine.java:391)
	at jdk.scripting.nashorn/jdk.nashorn.api.scripting.NashornScriptEngine.invokeFunction(NashornScriptEngine.java:189)
	at ptolemy.actor.lib.jjs.JavaScript._createEngineAndEvaluateSetup(JavaScript.java:2493)
	... 94 more
Caused by: /home/travis/build/icyphy/ptII/ptolemy/actor/lib/jjs/external/require.js:439 ReferenceError: "exception" is not defined
	at jdk.scripting.nashorn/jdk.nashorn.internal.runtime.ECMAErrors.error(ECMAErrors.java:57)
	at jdk.scripting.nashorn/jdk.nashorn.internal.runtime.ECMAErrors.referenceError(ECMAErrors.java:319)
	at jdk.scripting.nashorn/jdk.nashorn.internal.runtime.ECMAErrors.referenceError(ECMAErrors.java:291)
	at jdk.scripting.nashorn/jdk.nashorn.internal.objects.Global.__noSuchProperty__(Global.java:1615)
	at jdk.scripting.nashorn.scripts/jdk.nashorn.internal.scripts.Script$Recompilation$83104$require$cu1$restOf.L:45#_require(/home/travis/build/icyphy/ptII/ptolemy/actor/lib/jjs/external/require.js:439)
	at jdk.scripting.nashorn.scripts/jdk.nashorn.internal.scripts.Script$Recompilation$83016$21089A$require.L:45#_requireClosure#L:466(/home/travis/build/icyphy/ptII/ptolemy/actor/lib/jjs/external/require.js:467)
	at jdk.scripting.nashorn.scripts/jdk.nashorn.internal.scripts.Script$Recompilation$83090$1AAAAAAAAAAAAAA$\^function\_.L:1(<function>:97)
	at jdk.scripting.nashorn.scripts/jdk.nashorn.internal.scripts.Script$Recompilation$83089$17933AAAAAA$require$cu1$restOf.L:1#Accessor(/home/travis/build/icyphy/ptII/ptolemy/actor/lib/jjs/external/require.js#409:30<eval>:545)
	at jdk.scripting.nashorn.scripts/jdk.nashorn.internal.scripts.Script$Recompilation$83075$2801AAA$\^eval\_.evaluateCode(<eval>:96)
	at jdk.scripting.nashorn/jdk.nashorn.internal.runtime.ScriptFunctionData.invoke(ScriptFunctionData.java:661)
	at jdk.scripting.nashorn/jdk.nashorn.internal.runtime.ScriptFunction.invoke(ScriptFunction.java:513)
	at jdk.scripting.nashorn/jdk.nashorn.internal.runtime.ScriptRuntime.apply(ScriptRuntime.java:527)
	at jdk.scripting.nashorn/jdk.nashorn.api.scripting.ScriptObjectMirror.callMember(ScriptObjectMirror.java:198)
	at jdk.scripting.nashorn/jdk.nashorn.api.scripting.NashornScriptEngine.invokeImpl(NashornScriptEngine.java:385)
	... 96 more
Caused by: javax.script.ScriptException: ReferenceError: "exception" is not defined in /home/travis/build/icyphy/ptII/ptolemy/actor/lib/jjs/external/require.js at line number 439
	at jdk.scripting.nashorn/jdk.nashorn.api.scripting.NashornScriptEngine.throwAsScriptException(NashornScriptEngine.java:469)
	at jdk.scripting.nashorn/jdk.nashorn.api.scripting.NashornScriptEngine.invokeImpl(NashornScriptEngine.java:391)
	at jdk.scripting.nashorn/jdk.nashorn.api.scripting.NashornScriptEngine.invokeFunction(NashornScriptEngine.java:189)
	at ptolemy.actor.lib.jjs.JavaScript._createEngineAndEvaluateSetup(JavaScript.java:2493)
	at ptolemy.actor.lib.jjs.JavaScript.attributeChanged(JavaScript.java:548)
	at org.terraswarm.accessor.JSAccessor.attributeChanged(JSAccessor.java:312)
	at ptolemy.data.expr.Variable._setTokenAndNotify(Variable.java:2271)
	at ptolemy.data.expr.Variable._evaluate(Variable.java:1873)
	at ptolemy.data.expr.Variable._propagate(Variable.java:1984)
	at ptolemy.data.expr.Variable.validate(Variable.java:1596)
	at ptolemy.moml.MoMLParser.endDocument(MoMLParser.java:867)
	at com.microstar.xml.XmlParser.doParse(XmlParser.java:162)
	at com.microstar.xml.XmlParser.parse(XmlParser.java:132)
	at ptolemy.moml.MoMLParser.parse(MoMLParser.java:1676)
	at ptolemy.moml.MoMLParser.parse(MoMLParser.java:1617)
	at ptolemy.moml.MoMLParser.parse(MoMLParser.java:1792)
	at org.terraswarm.accessor.AccessorLibrary.populate(AccessorLibrary.java:194)
	at ptolemy.moml.EntityLibrary.classDefinitionList(EntityLibrary.java:307)
	at ptolemy.kernel.CompositeEntity._description(CompositeEntity.java:2292)
	at ptolemy.kernel.CompositeEntity._description(CompositeEntity.java:2307)
	at ptolemy.kernel.CompositeEntity._description(CompositeEntity.java:2307)
	at ptolemy.kernel.CompositeEntity._description(CompositeEntity.java:2307)
	at ptolemy.kernel.util.NamedObj.description(NamedObj.java:731)
	at ptolemy.kernel.util.NamedObj.description(NamedObj.java:715)
	at java.base/jdk.internal.reflect.NativeMethodAccessorImpl.invoke0(Native Method)
	at java.base/jdk.internal.reflect.NativeMethodAccessorImpl.invoke(NativeMethodAccessorImpl.java:62)
	at java.base/jdk.internal.reflect.DelegatingMethodAccessorImpl.invoke(DelegatingMethodAccessorImpl.java:43)
	at java.base/java.lang.reflect.Method.invoke(Method.java:564)
	at tcl.lang.reflect.PkgInvoker.invokeMethod(PkgInvoker.java:129)
	at tcl.lang.JavaInvoke.call(JavaInvoke.java:253)
	at tcl.lang.JavaInvoke.callMethod(JavaInvoke.java:116)
	at tcl.lang.ReflectObject.cmdProc(ReflectObject.java:727)
	at tcl.lang.Parser.evalObjv(Parser.java:740)
	at tcl.lang.Parser.eval2(Parser.java:1138)
	at tcl.lang.Parser.evalTokens(Parser.java:930)
	at tcl.lang.Parser.eval2(Parser.java:1125)
	at tcl.lang.Parser.evalTokens(Parser.java:930)
	at tcl.lang.Parser.eval2(Parser.java:1125)
	at tcl.lang.Interp.eval(Interp.java:1782)
	at tcl.lang.Interp.eval(Interp.java:1841)
	at tcl.lang.UplevelCmd.cmdProc(UplevelCmd.java:93)
	at tcl.lang.Parser.evalObjv(Parser.java:740)
	at tcl.lang.Parser.eval2(Parser.java:1138)
	at tcl.lang.Interp.eval(Interp.java:1782)
	at tcl.lang.Interp.eval(Interp.java:1841)
	at tcl.lang.CatchCmd.cmdProc(CatchCmd.java:42)
	at tcl.lang.Parser.evalObjv(Parser.java:740)
	at tcl.lang.Parser.eval2(Parser.java:1138)
	at tcl.lang.Parser.evalTokens(Parser.java:930)
	at tcl.lang.Parser.eval2(Parser.java:1125)
	at tcl.lang.Procedure.cmdProc(Procedure.java:175)
	at tcl.lang.Parser.evalObjv(Parser.java:740)
	at tcl.lang.Parser.eval2(Parser.java:1138)
	at tcl.lang.Interp.eval(Interp.java:1782)
	at tcl.lang.Interp.eval(Interp.java:1841)
	at tcl.lang.ForeachCmd.cmdProc(ForeachCmd.java:116)
	at tcl.lang.AutoloadStub.cmdProc(Extension.java:144)
	at tcl.lang.Parser.evalObjv(Parser.java:740)
	at tcl.lang.Parser.eval2(Parser.java:1138)
	at tcl.lang.Interp.eval(Interp.java:1782)
	at tcl.lang.Interp.evalFile(Interp.java:1880)
	at java.base/jdk.internal.reflect.NativeMethodAccessorImpl.invoke0(Native Method)
	at java.base/jdk.internal.reflect.NativeMethodAccessorImpl.invoke(NativeMethodAccessorImpl.java:62)
	at java.base/jdk.internal.reflect.DelegatingMethodAccessorImpl.invoke(DelegatingMethodAccessorImpl.java:43)
	at java.base/java.lang.reflect.Method.invoke(Method.java:564)
	at ptolemy.util.test.junit.TclTests.RunTclFile(TclTests.java:233)
	at java.base/jdk.internal.reflect.NativeMethodAccessorImpl.invoke0(Native Method)
	at java.base/jdk.internal.reflect.NativeMethodAccessorImpl.invoke(NativeMethodAccessorImpl.java:62)
	at java.base/jdk.internal.reflect.DelegatingMethodAccessorImpl.invoke(DelegatingMethodAccessorImpl.java:43)
	at java.base/java.lang.reflect.Method.invoke(Method.java:564)
	at org.junit.runners.model.FrameworkMethod$1.runReflectiveCall(FrameworkMethod.java:44)
	at org.junit.internal.runners.model.ReflectiveCallable.run(ReflectiveCallable.java:15)
	at org.junit.runners.model.FrameworkMethod.invokeExplosively(FrameworkMethod.java:41)
	at junitparams.internal.InvokeParameterisedMethod.evaluate(InvokeParameterisedMethod.java:102)
	at junitparams.internal.ParameterisedTestMethodRunner.runMethodInvoker(ParameterisedTestMethodRunner.java:47)
	at junitparams.internal.ParameterisedTestMethodRunner.runTestMethod(ParameterisedTestMethodRunner.java:41)
	at junitparams.internal.ParameterisedTestClassRunner.runParameterisedTest(ParameterisedTestClassRunner.java:143)
	at junitparams.JUnitParamsRunner.runChild(JUnitParamsRunner.java:237)
	at junitparams.JUnitParamsRunner.runChild(JUnitParamsRunner.java:215)
	at org.junit.runners.ParentRunner$3.run(ParentRunner.java:193)
	at org.junit.runners.ParentRunner$1.schedule(ParentRunner.java:52)
	at org.junit.runners.ParentRunner.runChildren(ParentRunner.java:191)
	at org.junit.runners.ParentRunner.access$000(ParentRunner.java:42)
	at org.junit.runners.ParentRunner$2.evaluate(ParentRunner.java:184)
	at org.junit.internal.runners.statements.RunAfters.evaluate(RunAfters.java:31)
	at org.junit.runners.ParentRunner.run(ParentRunner.java:236)
	at org.junit.runners.Suite.runChild(Suite.java:128)
	at org.junit.runners.Suite.runChild(Suite.java:24)
	at org.junit.runners.ParentRunner$3.run(ParentRunner.java:193)
	at org.junit.runners.ParentRunner$1.schedule(ParentRunner.java:52)
	at org.junit.runners.ParentRunner.runChildren(ParentRunner.java:191)
	at org.junit.runners.ParentRunner.access$000(ParentRunner.java:42)
	at org.junit.runners.ParentRunner$2.evaluate(ParentRunner.java:184)
	at org.junit.runners.ParentRunner.run(ParentRunner.java:236)
	at junit.framework.JUnit4TestAdapter.run(JUnit4TestAdapter.java:39)
	at org.apache.tools.ant.taskdefs.optional.junit.JUnitTestRunner.run(JUnitTestRunner.java:535)
	at org.apache.tools.ant.taskdefs.optional.junit.JUnitTestRunner.launch(JUnitTestRunner.java:1182)
	at org.apache.tools.ant.taskdefs.optional.junit.JUnitTestRunner.main(JUnitTestRunner.java:1033)
Caused by: /home/travis/build/icyphy/ptII/ptolemy/actor/lib/jjs/external/require.js:439 ReferenceError: "exception" is not defined
	at jdk.scripting.nashorn/jdk.nashorn.internal.runtime.ECMAErrors.error(ECMAErrors.java:57)
	at jdk.scripting.nashorn/jdk.nashorn.internal.runtime.ECMAErrors.referenceError(ECMAErrors.java:319)
	at jdk.scripting.nashorn/jdk.nashorn.internal.runtime.ECMAErrors.referenceError(ECMAErrors.java:291)
	at jdk.scripting.nashorn/jdk.nashorn.internal.objects.Global.__noSuchProperty__(Global.java:1615)
	at jdk.scripting.nashorn.scripts/jdk.nashorn.internal.scripts.Script$Recompilation$83104$require$cu1$restOf.L:45#_require(/home/travis/build/icyphy/ptII/ptolemy/actor/lib/jjs/external/require.js:439)
	at jdk.scripting.nashorn.scripts/jdk.nashorn.internal.scripts.Script$Recompilation$83016$21089A$require.L:45#_requireClosure#L:466(/home/travis/build/icyphy/ptII/ptolemy/actor/lib/jjs/external/require.js:467)
	at jdk.scripting.nashorn.scripts/jdk.nashorn.internal.scripts.Script$Recompilation$83090$1AAAAAAAAAAAAAA$\^function\_.L:1(<function>:97)
	at jdk.scripting.nashorn.scripts/jdk.nashorn.internal.scripts.Script$Recompilation$83089$17933AAAAAA$require$cu1$restOf.L:1#Accessor(/home/travis/build/icyphy/ptII/ptolemy/actor/lib/jjs/external/require.js#409:30<eval>:545)
	at jdk.scripting.nashorn.scripts/jdk.nashorn.internal.scripts.Script$Recompilation$83075$2801AAA$\^eval\_.evaluateCode(<eval>:96)
	at jdk.scripting.nashorn/jdk.nashorn.internal.runtime.ScriptFunctionData.invoke(ScriptFunctionData.java:661)
	at jdk.scripting.nashorn/jdk.nashorn.internal.runtime.ScriptFunction.invoke(ScriptFunction.java:513)
	at jdk.scripting.nashorn/jdk.nashorn.internal.runtime.ScriptRuntime.apply(ScriptRuntime.java:527)
	at jdk.scripting.nashorn/jdk.nashorn.api.scripting.ScriptObjectMirror.callMember(ScriptObjectMirror.java:198)
	at jdk.scripting.nashorn/jdk.nashorn.api.scripting.NashornScriptEngine.invokeImpl(NashornScriptEngine.java:385)
	... 96 more
Loading accessor failed: AudioCapture.js
ptolemy.kernel.util.IllegalActionException: Error evaluating expression:
// Copyright (c) 2015-2017 The Regents of the University of California.
...
  in .actor library.MoreLibraries.Accessors.audio.AudioCapture.script
Because:
Failed to evaluate script.
  in .actor library.MoreLibraries.Accessors.audio.AudioCapture
Because:
ReferenceError: "exception" is not defined in /home/travis/build/icyphy/ptII/ptolemy/actor/lib/jjs/external/require.js at line number 439
  in .actor library.MoreLibraries.Accessors.audio.AudioCapture.script
Because:
Error evaluating expression:
// Copyright (c) 2015-2017 The Regents of the University of California.
...
  in .actor library.MoreLibraries.Accessors.audio.AudioCapture.script
Because:
Failed to evaluate script.
  in .actor library.MoreLibraries.Accessors.audio.AudioCapture
Because:
ReferenceError: "exception" is not defined in /home/travis/build/icyphy/ptII/ptolemy/actor/lib/jjs/external/require.js at line number 439
Failed to populate library.
ptolemy.kernel.util.InternalErrorException: Loading accessor failed: AudioCapture.js
  in .actor library.MoreLibraries.Accessors.audio
Because:
Error evaluating expression:
// Copyright (c) 2015-2017 The Regents of the University of California.
...
  in .actor library.MoreLibraries.Accessors.audio.AudioCapture.script
Because:
Failed to evaluate script.
  in .actor library.MoreLibraries.Accessors.audio.AudioCapture
Because:
ReferenceError: "exception" is not defined in /home/travis/build/icyphy/ptII/ptolemy/actor/lib/jjs/external/require.js at line number 439
  in .actor library.MoreLibraries.Accessors.audio.AudioCapture.script
Because:
Error evaluating expression:
// Copyright (c) 2015-2017 The Regents of the University of California.
...
  in .actor library.MoreLibraries.Accessors.audio.AudioCapture.script
Because:
Failed to evaluate script.
  in .actor library.MoreLibraries.Accessors.audio.AudioCapture
Because:
ReferenceError: "exception" is not defined in /home/travis/build/icyphy/ptII/ptolemy/actor/lib/jjs/external/require.js at line number 439
	at org.terraswarm.accessor.AccessorLibrary.populate(AccessorLibrary.java:224)
	at ptolemy.moml.EntityLibrary.entityList(EntityLibrary.java:366)
	at ptolemy.kernel.CompositeEntity._unlinkLevelCrossingLinksToOutside(CompositeEntity.java:2769)
	at ptolemy.kernel.CompositeEntity._unlinkLevelCrossingLinksToOutside(CompositeEntity.java:2775)
	at ptolemy.kernel.CompositeEntity._unlinkLevelCrossingLinksToOutside(CompositeEntity.java:2775)
	at ptolemy.kernel.CompositeEntity._unlinkLevelCrossingLinksToOutside(CompositeEntity.java:2775)
	at ptolemy.kernel.CompositeEntity.setContainer(CompositeEntity.java:1878)
	at ptolemy.actor.gui.Configuration.check(Configuration.java:415)
	at java.base/jdk.internal.reflect.NativeMethodAccessorImpl.invoke0(Native Method)
	at java.base/jdk.internal.reflect.NativeMethodAccessorImpl.invoke(NativeMethodAccessorImpl.java:62)
	at java.base/jdk.internal.reflect.DelegatingMethodAccessorImpl.invoke(DelegatingMethodAccessorImpl.java:43)
	at java.base/java.lang.reflect.Method.invoke(Method.java:564)
	at tcl.lang.reflect.PkgInvoker.invokeMethod(PkgInvoker.java:129)
	at tcl.lang.JavaInvoke.call(JavaInvoke.java:253)
	at tcl.lang.JavaInvoke.callMethod(JavaInvoke.java:116)
	at tcl.lang.ReflectObject.cmdProc(ReflectObject.java:727)
	at tcl.lang.Parser.evalObjv(Parser.java:740)
	at tcl.lang.Parser.eval2(Parser.java:1138)
	at tcl.lang.Parser.evalTokens(Parser.java:930)
	at tcl.lang.Parser.eval2(Parser.java:1125)
	at tcl.lang.Interp.eval(Interp.java:1782)
	at tcl.lang.Interp.eval(Interp.java:1841)
	at tcl.lang.UplevelCmd.cmdProc(UplevelCmd.java:93)
	at tcl.lang.Parser.evalObjv(Parser.java:740)
	at tcl.lang.Parser.eval2(Parser.java:1138)
	at tcl.lang.Interp.eval(Interp.java:1782)
	at tcl.lang.Interp.eval(Interp.java:1841)
	at tcl.lang.CatchCmd.cmdProc(CatchCmd.java:42)
	at tcl.lang.Parser.evalObjv(Parser.java:740)
	at tcl.lang.Parser.eval2(Parser.java:1138)
	at tcl.lang.Parser.evalTokens(Parser.java:930)
	at tcl.lang.Parser.eval2(Parser.java:1125)
	at tcl.lang.Procedure.cmdProc(Procedure.java:175)
	at tcl.lang.Parser.evalObjv(Parser.java:740)
	at tcl.lang.Parser.eval2(Parser.java:1138)
	at tcl.lang.Procedure.cmdProc(Procedure.java:175)
	at tcl.lang.Parser.evalObjv(Parser.java:740)
	at tcl.lang.Parser.eval2(Parser.java:1138)
	at tcl.lang.Interp.eval(Interp.java:1782)
	at tcl.lang.Interp.evalFile(Interp.java:1880)
	at java.base/jdk.internal.reflect.NativeMethodAccessorImpl.invoke0(Native Method)
	at java.base/jdk.internal.reflect.NativeMethodAccessorImpl.invoke(NativeMethodAccessorImpl.java:62)
	at java.base/jdk.internal.reflect.DelegatingMethodAccessorImpl.invoke(DelegatingMethodAccessorImpl.java:43)
	at java.base/java.lang.reflect.Method.invoke(Method.java:564)
	at ptolemy.util.test.junit.TclTests.RunTclFile(TclTests.java:233)
	at java.base/jdk.internal.reflect.NativeMethodAccessorImpl.invoke0(Native Method)
	at java.base/jdk.internal.reflect.NativeMethodAccessorImpl.invoke(NativeMethodAccessorImpl.java:62)
	at java.base/jdk.internal.reflect.DelegatingMethodAccessorImpl.invoke(DelegatingMethodAccessorImpl.java:43)
	at java.base/java.lang.reflect.Method.invoke(Method.java:564)
	at org.junit.runners.model.FrameworkMethod$1.runReflectiveCall(FrameworkMethod.java:44)
	at org.junit.internal.runners.model.ReflectiveCallable.run(ReflectiveCallable.java:15)
	at org.junit.runners.model.FrameworkMethod.invokeExplosively(FrameworkMethod.java:41)
	at junitparams.internal.InvokeParameterisedMethod.evaluate(InvokeParameterisedMethod.java:102)
	at junitparams.internal.ParameterisedTestMethodRunner.runMethodInvoker(ParameterisedTestMethodRunner.java:47)
	at junitparams.internal.ParameterisedTestMethodRunner.runTestMethod(ParameterisedTestMethodRunner.java:41)
	at junitparams.internal.ParameterisedTestClassRunner.runParameterisedTest(ParameterisedTestClassRunner.java:143)
	at junitparams.JUnitParamsRunner.runChild(JUnitParamsRunner.java:237)
	at junitparams.JUnitParamsRunner.runChild(JUnitParamsRunner.java:215)
	at org.junit.runners.ParentRunner$3.run(ParentRunner.java:193)
	at org.junit.runners.ParentRunner$1.schedule(ParentRunner.java:52)
	at org.junit.runners.ParentRunner.runChildren(ParentRunner.java:191)
	at org.junit.runners.ParentRunner.access$000(ParentRunner.java:42)
	at org.junit.runners.ParentRunner$2.evaluate(ParentRunner.java:184)
	at org.junit.internal.runners.statements.RunAfters.evaluate(RunAfters.java:31)
	at org.junit.runners.ParentRunner.run(ParentRunner.java:236)
	at org.junit.runners.Suite.runChild(Suite.java:128)
	at org.junit.runners.Suite.runChild(Suite.java:24)
	at org.junit.runners.ParentRunner$3.run(ParentRunner.java:193)
	at org.junit.runners.ParentRunner$1.schedule(ParentRunner.java:52)
	at org.junit.runners.ParentRunner.runChildren(ParentRunner.java:191)
	at org.junit.runners.ParentRunner.access$000(ParentRunner.java:42)
	at org.junit.runners.ParentRunner$2.evaluate(ParentRunner.java:184)
	at org.junit.runners.ParentRunner.run(ParentRunner.java:236)
	at junit.framework.JUnit4TestAdapter.run(JUnit4TestAdapter.java:39)
	at org.apache.tools.ant.taskdefs.optional.junit.JUnitTestRunner.run(JUnitTestRunner.java:535)
	at org.apache.tools.ant.taskdefs.optional.junit.JUnitTestRunner.launch(JUnitTestRunner.java:1182)
	at org.apache.tools.ant.taskdefs.optional.junit.JUnitTestRunner.main(JUnitTestRunner.java:1033)
Caused by: ptolemy.kernel.util.IllegalActionException: Error evaluating expression:
// Copyright (c) 2015-2017 The Regents of the University of California.
...
  in .actor library.MoreLibraries.Accessors.audio.AudioCapture.script
Because:
Failed to evaluate script.
  in .actor library.MoreLibraries.Accessors.audio.AudioCapture
Because:
ReferenceError: "exception" is not defined in /home/travis/build/icyphy/ptII/ptolemy/actor/lib/jjs/external/require.js at line number 439
  in .actor library.MoreLibraries.Accessors.audio.AudioCapture.script
Because:
Error evaluating expression:
// Copyright (c) 2015-2017 The Regents of the University of California.
...
  in .actor library.MoreLibraries.Accessors.audio.AudioCapture.script
Because:
Failed to evaluate script.
  in .actor library.MoreLibraries.Accessors.audio.AudioCapture
Because:
ReferenceError: "exception" is not defined in /home/travis/build/icyphy/ptII/ptolemy/actor/lib/jjs/external/require.js at line number 439
	at ptolemy.data.expr.Variable.validate(Variable.java:1619)
	at ptolemy.moml.MoMLParser.endDocument(MoMLParser.java:867)
	at com.microstar.xml.XmlParser.doParse(XmlParser.java:162)
	at com.microstar.xml.XmlParser.parse(XmlParser.java:132)
	at ptolemy.moml.MoMLParser.parse(MoMLParser.java:1676)
	at ptolemy.moml.MoMLParser.parse(MoMLParser.java:1617)
	at ptolemy.moml.MoMLParser.parse(MoMLParser.java:1792)
	at org.terraswarm.accessor.AccessorLibrary.populate(AccessorLibrary.java:194)
	... 76 more
Caused by: ptolemy.kernel.util.IllegalActionException: Error evaluating expression:
// Copyright (c) 2015-2017 The Regents of the University of California.
...
  in .actor library.MoreLibraries.Accessors.audio.AudioCapture.script
Because:
Failed to evaluate script.
  in .actor library.MoreLibraries.Accessors.audio.AudioCapture
Because:
ReferenceError: "exception" is not defined in /home/travis/build/icyphy/ptII/ptolemy/actor/lib/jjs/external/require.js at line number 439
	at ptolemy.data.expr.Variable._evaluate(Variable.java:1891)
	at ptolemy.data.expr.Variable._propagate(Variable.java:1984)
	at ptolemy.data.expr.Variable.validate(Variable.java:1596)
	... 83 more
Caused by: ptolemy.kernel.util.IllegalActionException: Failed to evaluate script.
  in .actor library.MoreLibraries.Accessors.audio.AudioCapture
Because:
ReferenceError: "exception" is not defined in /home/travis/build/icyphy/ptII/ptolemy/actor/lib/jjs/external/require.js at line number 439
	at ptolemy.actor.lib.jjs.JavaScript._createEngineAndEvaluateSetup(JavaScript.java:2497)
	at ptolemy.actor.lib.jjs.JavaScript.attributeChanged(JavaScript.java:548)
	at org.terraswarm.accessor.JSAccessor.attributeChanged(JSAccessor.java:312)
	at ptolemy.data.expr.Variable._setTokenAndNotify(Variable.java:2271)
	at ptolemy.data.expr.Variable._evaluate(Variable.java:1873)
	... 85 more
Caused by: javax.script.ScriptException: ReferenceError: "exception" is not defined in /home/travis/build/icyphy/ptII/ptolemy/actor/lib/jjs/external/require.js at line number 439
	at jdk.scripting.nashorn/jdk.nashorn.api.scripting.NashornScriptEngine.throwAsScriptException(NashornScriptEngine.java:469)
	at jdk.scripting.nashorn/jdk.nashorn.api.scripting.NashornScriptEngine.invokeImpl(NashornScriptEngine.java:391)
	at jdk.scripting.nashorn/jdk.nashorn.api.scripting.NashornScriptEngine.invokeFunction(NashornScriptEngine.java:189)
	at ptolemy.actor.lib.jjs.JavaScript._createEngineAndEvaluateSetup(JavaScript.java:2493)
	... 89 more
Caused by: /home/travis/build/icyphy/ptII/ptolemy/actor/lib/jjs/external/require.js:439 ReferenceError: "exception" is not defined
	at jdk.scripting.nashorn/jdk.nashorn.internal.runtime.ECMAErrors.error(ECMAErrors.java:57)
	at jdk.scripting.nashorn/jdk.nashorn.internal.runtime.ECMAErrors.referenceError(ECMAErrors.java:319)
	at jdk.scripting.nashorn/jdk.nashorn.internal.runtime.ECMAErrors.referenceError(ECMAErrors.java:291)
	at jdk.scripting.nashorn/jdk.nashorn.internal.objects.Global.__noSuchProperty__(Global.java:1615)
	at jdk.scripting.nashorn.scripts/jdk.nashorn.internal.scripts.Script$Recompilation$165534$require$cu1$restOf.L:45#_require(/home/travis/build/icyphy/ptII/ptolemy/actor/lib/jjs/external/require.js:439)
	at jdk.scripting.nashorn.scripts/jdk.nashorn.internal.scripts.Script$Recompilation$165446$21089A$require.L:45#_requireClosure#L:466(/home/travis/build/icyphy/ptII/ptolemy/actor/lib/jjs/external/require.js:467)
	at jdk.scripting.nashorn.scripts/jdk.nashorn.internal.scripts.Script$Recompilation$165520$1AAAAAAAAAAAAAA$\^function\_.L:1(<function>:97)
	at jdk.scripting.nashorn.scripts/jdk.nashorn.internal.scripts.Script$Recompilation$165519$17933AAAAAA$require$cu1$restOf.L:1#Accessor(/home/travis/build/icyphy/ptII/ptolemy/actor/lib/jjs/external/require.js#409:30<eval>:545)
	at jdk.scripting.nashorn.scripts/jdk.nashorn.internal.scripts.Script$Recompilation$165505$2801AAA$\^eval\_.evaluateCode(<eval>:96)
	at jdk.scripting.nashorn/jdk.nashorn.internal.runtime.ScriptFunctionData.invoke(ScriptFunctionData.java:661)
	at jdk.scripting.nashorn/jdk.nashorn.internal.runtime.ScriptFunction.invoke(ScriptFunction.java:513)
	at jdk.scripting.nashorn/jdk.nashorn.internal.runtime.ScriptRuntime.apply(ScriptRuntime.java:527)
	at jdk.scripting.nashorn/jdk.nashorn.api.scripting.ScriptObjectMirror.callMember(ScriptObjectMirror.java:198)
	at jdk.scripting.nashorn/jdk.nashorn.api.scripting.NashornScriptEngine.invokeImpl(NashornScriptEngine.java:385)
	... 91 more
Caused by: ptolemy.kernel.util.IllegalActionException: Error evaluating expression:
// Copyright (c) 2015-2017 The Regents of the University of California.
...
  in .actor library.MoreLibraries.Accessors.audio.AudioCapture.script
Because:
Failed to evaluate script.
  in .actor library.MoreLibraries.Accessors.audio.AudioCapture
Because:
ReferenceError: "exception" is not defined in /home/travis/build/icyphy/ptII/ptolemy/actor/lib/jjs/external/require.js at line number 439
  in .actor library.MoreLibraries.Accessors.audio.AudioCapture.script
Because:
Error evaluating expression:
// Copyright (c) 2015-2017 The Regents of the University of California.
...
  in .actor library.MoreLibraries.Accessors.audio.AudioCapture.script
Because:
Failed to evaluate script.
  in .actor library.MoreLibraries.Accessors.audio.AudioCapture
Because:
ReferenceError: "exception" is not defined in /home/travis/build/icyphy/ptII/ptolemy/actor/lib/jjs/external/require.js at line number 439
	at ptolemy.data.expr.Variable.validate(Variable.java:1619)
	at ptolemy.moml.MoMLParser.endDocument(MoMLParser.java:867)
	at com.microstar.xml.XmlParser.doParse(XmlParser.java:162)
	at com.microstar.xml.XmlParser.parse(XmlParser.java:132)
	at ptolemy.moml.MoMLParser.parse(MoMLParser.java:1676)
	at ptolemy.moml.MoMLParser.parse(MoMLParser.java:1617)
	at ptolemy.moml.MoMLParser.parse(MoMLParser.java:1792)
	at org.terraswarm.accessor.AccessorLibrary.populate(AccessorLibrary.java:194)
	at ptolemy.moml.EntityLibrary.entityList(EntityLibrary.java:366)
	at ptolemy.kernel.CompositeEntity._unlinkLevelCrossingLinksToOutside(CompositeEntity.java:2769)
	at ptolemy.kernel.CompositeEntity._unlinkLevelCrossingLinksToOutside(CompositeEntity.java:2775)
	at ptolemy.kernel.CompositeEntity._unlinkLevelCrossingLinksToOutside(CompositeEntity.java:2775)
	at ptolemy.kernel.CompositeEntity._unlinkLevelCrossingLinksToOutside(CompositeEntity.java:2775)
	at ptolemy.kernel.CompositeEntity.setContainer(CompositeEntity.java:1878)
	at ptolemy.actor.gui.Configuration.check(Configuration.java:415)
	at java.base/jdk.internal.reflect.NativeMethodAccessorImpl.invoke0(Native Method)
	at java.base/jdk.internal.reflect.NativeMethodAccessorImpl.invoke(NativeMethodAccessorImpl.java:62)
	at java.base/jdk.internal.reflect.DelegatingMethodAccessorImpl.invoke(DelegatingMethodAccessorImpl.java:43)
	at java.base/java.lang.reflect.Method.invoke(Method.java:564)
	at tcl.lang.reflect.PkgInvoker.invokeMethod(PkgInvoker.java:129)
	at tcl.lang.JavaInvoke.call(JavaInvoke.java:253)
	at tcl.lang.JavaInvoke.callMethod(JavaInvoke.java:116)
	at tcl.lang.ReflectObject.cmdProc(ReflectObject.java:727)
	at tcl.lang.Parser.evalObjv(Parser.java:740)
	at tcl.lang.Parser.eval2(Parser.java:1138)
	at tcl.lang.Parser.evalTokens(Parser.java:930)
	at tcl.lang.Parser.eval2(Parser.java:1125)
	at tcl.lang.Interp.eval(Interp.java:1782)
	at tcl.lang.Interp.eval(Interp.java:1841)
	at tcl.lang.UplevelCmd.cmdProc(UplevelCmd.java:93)
	at tcl.lang.Parser.evalObjv(Parser.java:740)
	at tcl.lang.Parser.eval2(Parser.java:1138)
	at tcl.lang.Interp.eval(Interp.java:1782)
	at tcl.lang.Interp.eval(Interp.java:1841)
	at tcl.lang.CatchCmd.cmdProc(CatchCmd.java:42)
	at tcl.lang.Parser.evalObjv(Parser.java:740)
	at tcl.lang.Parser.eval2(Parser.java:1138)
	at tcl.lang.Parser.evalTokens(Parser.java:930)
	at tcl.lang.Parser.eval2(Parser.java:1125)
	at tcl.lang.Procedure.cmdProc(Procedure.java:175)
	at tcl.lang.Parser.evalObjv(Parser.java:740)
	at tcl.lang.Parser.eval2(Parser.java:1138)
	at tcl.lang.Procedure.cmdProc(Procedure.java:175)
	at tcl.lang.Parser.evalObjv(Parser.java:740)
	at tcl.lang.Parser.eval2(Parser.java:1138)
	at tcl.lang.Interp.eval(Interp.java:1782)
	at tcl.lang.Interp.evalFile(Interp.java:1880)
	at java.base/jdk.internal.reflect.NativeMethodAccessorImpl.invoke0(Native Method)
	at java.base/jdk.internal.reflect.NativeMethodAccessorImpl.invoke(NativeMethodAccessorImpl.java:62)
	at java.base/jdk.internal.reflect.DelegatingMethodAccessorImpl.invoke(DelegatingMethodAccessorImpl.java:43)
	at java.base/java.lang.reflect.Method.invoke(Method.java:564)
	at ptolemy.util.test.junit.TclTests.RunTclFile(TclTests.java:233)
	at java.base/jdk.internal.reflect.NativeMethodAccessorImpl.invoke0(Native Method)
	at java.base/jdk.internal.reflect.NativeMethodAccessorImpl.invoke(NativeMethodAccessorImpl.java:62)
	at java.base/jdk.internal.reflect.DelegatingMethodAccessorImpl.invoke(DelegatingMethodAccessorImpl.java:43)
	at java.base/java.lang.reflect.Method.invoke(Method.java:564)
	at org.junit.runners.model.FrameworkMethod$1.runReflectiveCall(FrameworkMethod.java:44)
	at org.junit.internal.runners.model.ReflectiveCallable.run(ReflectiveCallable.java:15)
	at org.junit.runners.model.FrameworkMethod.invokeExplosively(FrameworkMethod.java:41)
	at junitparams.internal.InvokeParameterisedMethod.evaluate(InvokeParameterisedMethod.java:102)
	at junitparams.internal.ParameterisedTestMethodRunner.runMethodInvoker(ParameterisedTestMethodRunner.java:47)
	at junitparams.internal.ParameterisedTestMethodRunner.runTestMethod(ParameterisedTestMethodRunner.java:41)
	at junitparams.internal.ParameterisedTestClassRunner.runParameterisedTest(ParameterisedTestClassRunner.java:143)
	at junitparams.JUnitParamsRunner.runChild(JUnitParamsRunner.java:237)
	at junitparams.JUnitParamsRunner.runChild(JUnitParamsRunner.java:215)
	at org.junit.runners.ParentRunner$3.run(ParentRunner.java:193)
	at org.junit.runners.ParentRunner$1.schedule(ParentRunner.java:52)
	at org.junit.runners.ParentRunner.runChildren(ParentRunner.java:191)
	at org.junit.runners.ParentRunner.access$000(ParentRunner.java:42)
	at org.junit.runners.ParentRunner$2.evaluate(ParentRunner.java:184)
	at org.junit.internal.runners.statements.RunAfters.evaluate(RunAfters.java:31)
	at org.junit.runners.ParentRunner.run(ParentRunner.java:236)
	at org.junit.runners.Suite.runChild(Suite.java:128)
	at org.junit.runners.Suite.runChild(Suite.java:24)
	at org.junit.runners.ParentRunner$3.run(ParentRunner.java:193)
	at org.junit.runners.ParentRunner$1.schedule(ParentRunner.java:52)
	at org.junit.runners.ParentRunner.runChildren(ParentRunner.java:191)
	at org.junit.runners.ParentRunner.access$000(ParentRunner.java:42)
	at org.junit.runners.ParentRunner$2.evaluate(ParentRunner.java:184)
	at org.junit.runners.ParentRunner.run(ParentRunner.java:236)
	at junit.framework.JUnit4TestAdapter.run(JUnit4TestAdapter.java:39)
	at org.apache.tools.ant.taskdefs.optional.junit.JUnitTestRunner.run(JUnitTestRunner.java:535)
	at org.apache.tools.ant.taskdefs.optional.junit.JUnitTestRunner.launch(JUnitTestRunner.java:1182)
	at org.apache.tools.ant.taskdefs.optional.junit.JUnitTestRunner.main(JUnitTestRunner.java:1033)
Caused by: ptolemy.kernel.util.IllegalActionException: Error evaluating expression:
// Copyright (c) 2015-2017 The Regents of the University of California.
...
  in .actor library.MoreLibraries.Accessors.audio.AudioCapture.script
Because:
Failed to evaluate script.
  in .actor library.MoreLibraries.Accessors.audio.AudioCapture
Because:
ReferenceError: "exception" is not defined in /home/travis/build/icyphy/ptII/ptolemy/actor/lib/jjs/external/require.js at line number 439
	at ptolemy.data.expr.Variable._evaluate(Variable.java:1891)
	at ptolemy.data.expr.Variable._propagate(Variable.java:1984)
	at ptolemy.data.expr.Variable.validate(Variable.java:1596)
	... 83 more
Caused by: ptolemy.kernel.util.IllegalActionException: Failed to evaluate script.
  in .actor library.MoreLibraries.Accessors.audio.AudioCapture
Because:
ReferenceError: "exception" is not defined in /home/travis/build/icyphy/ptII/ptolemy/actor/lib/jjs/external/require.js at line number 439
	at ptolemy.actor.lib.jjs.JavaScript._createEngineAndEvaluateSetup(JavaScript.java:2497)
	at ptolemy.actor.lib.jjs.JavaScript.attributeChanged(JavaScript.java:548)
	at org.terraswarm.accessor.JSAccessor.attributeChanged(JSAccessor.java:312)
	at ptolemy.data.expr.Variable._setTokenAndNotify(Variable.java:2271)
	at ptolemy.data.expr.Variable._evaluate(Variable.java:1873)
	... 85 more
Caused by: javax.script.ScriptException: ReferenceError: "exception" is not defined in /home/travis/build/icyphy/ptII/ptolemy/actor/lib/jjs/external/require.js at line number 439
	at jdk.scripting.nashorn/jdk.nashorn.api.scripting.NashornScriptEngine.throwAsScriptException(NashornScriptEngine.java:469)
	at jdk.scripting.nashorn/jdk.nashorn.api.scripting.NashornScriptEngine.invokeImpl(NashornScriptEngine.java:391)
	at jdk.scripting.nashorn/jdk.nashorn.api.scripting.NashornScriptEngine.invokeFunction(NashornScriptEngine.java:189)
	at ptolemy.actor.lib.jjs.JavaScript._createEngineAndEvaluateSetup(JavaScript.java:2493)
	... 89 more
Caused by: /home/travis/build/icyphy/ptII/ptolemy/actor/lib/jjs/external/require.js:439 ReferenceError: "exception" is not defined
	at jdk.scripting.nashorn/jdk.nashorn.internal.runtime.ECMAErrors.error(ECMAErrors.java:57)
	at jdk.scripting.nashorn/jdk.nashorn.internal.runtime.ECMAErrors.referenceError(ECMAErrors.java:319)
	at jdk.scripting.nashorn/jdk.nashorn.internal.runtime.ECMAErrors.referenceError(ECMAErrors.java:291)
	at jdk.scripting.nashorn/jdk.nashorn.internal.objects.Global.__noSuchProperty__(Global.java:1615)
	at jdk.scripting.nashorn.scripts/jdk.nashorn.internal.scripts.Script$Recompilation$165534$require$cu1$restOf.L:45#_require(/home/travis/build/icyphy/ptII/ptolemy/actor/lib/jjs/external/require.js:439)
	at jdk.scripting.nashorn.scripts/jdk.nashorn.internal.scripts.Script$Recompilation$165446$21089A$require.L:45#_requireClosure#L:466(/home/travis/build/icyphy/ptII/ptolemy/actor/lib/jjs/external/require.js:467)
	at jdk.scripting.nashorn.scripts/jdk.nashorn.internal.scripts.Script$Recompilation$165520$1AAAAAAAAAAAAAA$\^function\_.L:1(<function>:97)
	at jdk.scripting.nashorn.scripts/jdk.nashorn.internal.scripts.Script$Recompilation$165519$17933AAAAAA$require$cu1$restOf.L:1#Accessor(/home/travis/build/icyphy/ptII/ptolemy/actor/lib/jjs/external/require.js#409:30<eval>:545)
	at jdk.scripting.nashorn.scripts/jdk.nashorn.internal.scripts.Script$Recompilation$165505$2801AAA$\^eval\_.evaluateCode(<eval>:96)
	at jdk.scripting.nashorn/jdk.nashorn.internal.runtime.ScriptFunctionData.invoke(ScriptFunctionData.java:661)
	at jdk.scripting.nashorn/jdk.nashorn.internal.runtime.ScriptFunction.invoke(ScriptFunction.java:513)
	at jdk.scripting.nashorn/jdk.nashorn.internal.runtime.ScriptRuntime.apply(ScriptRuntime.java:527)
	at jdk.scripting.nashorn/jdk.nashorn.api.scripting.ScriptObjectMirror.callMember(ScriptObjectMirror.java:198)
	at jdk.scripting.nashorn/jdk.nashorn.api.scripting.NashornScriptEngine.invokeImpl(NashornScriptEngine.java:385)
	... 91 more
Caused by: ptolemy.kernel.util.IllegalActionException: Error evaluating expression:
// Copyright (c) 2015-2017 The Regents of the University of California.
...
  in .actor library.MoreLibraries.Accessors.audio.AudioCapture.script
Because:
Failed to evaluate script.
  in .actor library.MoreLibraries.Accessors.audio.AudioCapture
Because:
ReferenceError: "exception" is not defined in /home/travis/build/icyphy/ptII/ptolemy/actor/lib/jjs/external/require.js at line number 439
	at ptolemy.data.expr.Variable._evaluate(Variable.java:1891)
	at ptolemy.data.expr.Variable._propagate(Variable.java:1984)
	at ptolemy.data.expr.Variable.validate(Variable.java:1596)
	at ptolemy.moml.MoMLParser.endDocument(MoMLParser.java:867)
	at com.microstar.xml.XmlParser.doParse(XmlParser.java:162)
	at com.microstar.xml.XmlParser.parse(XmlParser.java:132)
	at ptolemy.moml.MoMLParser.parse(MoMLParser.java:1676)
	at ptolemy.moml.MoMLParser.parse(MoMLParser.java:1617)
	at ptolemy.moml.MoMLParser.parse(MoMLParser.java:1792)
	at org.terraswarm.accessor.AccessorLibrary.populate(AccessorLibrary.java:194)
	at ptolemy.moml.EntityLibrary.entityList(EntityLibrary.java:366)
	at ptolemy.kernel.CompositeEntity._unlinkLevelCrossingLinksToOutside(CompositeEntity.java:2769)
	at ptolemy.kernel.CompositeEntity._unlinkLevelCrossingLinksToOutside(CompositeEntity.java:2775)
	at ptolemy.kernel.CompositeEntity._unlinkLevelCrossingLinksToOutside(CompositeEntity.java:2775)
	at ptolemy.kernel.CompositeEntity._unlinkLevelCrossingLinksToOutside(CompositeEntity.java:2775)
	at ptolemy.kernel.CompositeEntity.setContainer(CompositeEntity.java:1878)
	at ptolemy.actor.gui.Configuration.check(Configuration.java:415)
	at java.base/jdk.internal.reflect.NativeMethodAccessorImpl.invoke0(Native Method)
	at java.base/jdk.internal.reflect.NativeMethodAccessorImpl.invoke(NativeMethodAccessorImpl.java:62)
	at java.base/jdk.internal.reflect.DelegatingMethodAccessorImpl.invoke(DelegatingMethodAccessorImpl.java:43)
	at java.base/java.lang.reflect.Method.invoke(Method.java:564)
	at tcl.lang.reflect.PkgInvoker.invokeMethod(PkgInvoker.java:129)
	at tcl.lang.JavaInvoke.call(JavaInvoke.java:253)
	at tcl.lang.JavaInvoke.callMethod(JavaInvoke.java:116)
	at tcl.lang.ReflectObject.cmdProc(ReflectObject.java:727)
	at tcl.lang.Parser.evalObjv(Parser.java:740)
	at tcl.lang.Parser.eval2(Parser.java:1138)
	at tcl.lang.Parser.evalTokens(Parser.java:930)
	at tcl.lang.Parser.eval2(Parser.java:1125)
	at tcl.lang.Interp.eval(Interp.java:1782)
	at tcl.lang.Interp.eval(Interp.java:1841)
	at tcl.lang.UplevelCmd.cmdProc(UplevelCmd.java:93)
	at tcl.lang.Parser.evalObjv(Parser.java:740)
	at tcl.lang.Parser.eval2(Parser.java:1138)
	at tcl.lang.Interp.eval(Interp.java:1782)
	at tcl.lang.Interp.eval(Interp.java:1841)
	at tcl.lang.CatchCmd.cmdProc(CatchCmd.java:42)
	at tcl.lang.Parser.evalObjv(Parser.java:740)
	at tcl.lang.Parser.eval2(Parser.java:1138)
	at tcl.lang.Parser.evalTokens(Parser.java:930)
	at tcl.lang.Parser.eval2(Parser.java:1125)
	at tcl.lang.Procedure.cmdProc(Procedure.java:175)
	at tcl.lang.Parser.evalObjv(Parser.java:740)
	at tcl.lang.Parser.eval2(Parser.java:1138)
	at tcl.lang.Procedure.cmdProc(Procedure.java:175)
	at tcl.lang.Parser.evalObjv(Parser.java:740)
	at tcl.lang.Parser.eval2(Parser.java:1138)
	at tcl.lang.Interp.eval(Interp.java:1782)
	at tcl.lang.Interp.evalFile(Interp.java:1880)
	at java.base/jdk.internal.reflect.NativeMethodAccessorImpl.invoke0(Native Method)
	at java.base/jdk.internal.reflect.NativeMethodAccessorImpl.invoke(NativeMethodAccessorImpl.java:62)
	at java.base/jdk.internal.reflect.DelegatingMethodAccessorImpl.invoke(DelegatingMethodAccessorImpl.java:43)
	at java.base/java.lang.reflect.Method.invoke(Method.java:564)
	at ptolemy.util.test.junit.TclTests.RunTclFile(TclTests.java:233)
	at java.base/jdk.internal.reflect.NativeMethodAccessorImpl.invoke0(Native Method)
	at java.base/jdk.internal.reflect.NativeMethodAccessorImpl.invoke(NativeMethodAccessorImpl.java:62)
	at java.base/jdk.internal.reflect.DelegatingMethodAccessorImpl.invoke(DelegatingMethodAccessorImpl.java:43)
	at java.base/java.lang.reflect.Method.invoke(Method.java:564)
	at org.junit.runners.model.FrameworkMethod$1.runReflectiveCall(FrameworkMethod.java:44)
	at org.junit.internal.runners.model.ReflectiveCallable.run(ReflectiveCallable.java:15)
	at org.junit.runners.model.FrameworkMethod.invokeExplosively(FrameworkMethod.java:41)
	at junitparams.internal.InvokeParameterisedMethod.evaluate(InvokeParameterisedMethod.java:102)
	at junitparams.internal.ParameterisedTestMethodRunner.runMethodInvoker(ParameterisedTestMethodRunner.java:47)
	at junitparams.internal.ParameterisedTestMethodRunner.runTestMethod(ParameterisedTestMethodRunner.java:41)
	at junitparams.internal.ParameterisedTestClassRunner.runParameterisedTest(ParameterisedTestClassRunner.java:143)
	at junitparams.JUnitParamsRunner.runChild(JUnitParamsRunner.java:237)
	at junitparams.JUnitParamsRunner.runChild(JUnitParamsRunner.java:215)
	at org.junit.runners.ParentRunner$3.run(ParentRunner.java:193)
	at org.junit.runners.ParentRunner$1.schedule(ParentRunner.java:52)
	at org.junit.runners.ParentRunner.runChildren(ParentRunner.java:191)
	at org.junit.runners.ParentRunner.access$000(ParentRunner.java:42)
	at org.junit.runners.ParentRunner$2.evaluate(ParentRunner.java:184)
	at org.junit.internal.runners.statements.RunAfters.evaluate(RunAfters.java:31)
	at org.junit.runners.ParentRunner.run(ParentRunner.java:236)
	at org.junit.runners.Suite.runChild(Suite.java:128)
	at org.junit.runners.Suite.runChild(Suite.java:24)
	at org.junit.runners.ParentRunner$3.run(ParentRunner.java:193)
	at org.junit.runners.ParentRunner$1.schedule(ParentRunner.java:52)
	at org.junit.runners.ParentRunner.runChildren(ParentRunner.java:191)
	at org.junit.runners.ParentRunner.access$000(ParentRunner.java:42)
	at org.junit.runners.ParentRunner$2.evaluate(ParentRunner.java:184)
	at org.junit.runners.ParentRunner.run(ParentRunner.java:236)
	at junit.framework.JUnit4TestAdapter.run(JUnit4TestAdapter.java:39)
	at org.apache.tools.ant.taskdefs.optional.junit.JUnitTestRunner.run(JUnitTestRunner.java:535)
	at org.apache.tools.ant.taskdefs.optional.junit.JUnitTestRunner.launch(JUnitTestRunner.java:1182)
	at org.apache.tools.ant.taskdefs.optional.junit.JUnitTestRunner.main(JUnitTestRunner.java:1033)
Caused by: ptolemy.kernel.util.IllegalActionException: Failed to evaluate script.
  in .actor library.MoreLibraries.Accessors.audio.AudioCapture
Because:
ReferenceError: "exception" is not defined in /home/travis/build/icyphy/ptII/ptolemy/actor/lib/jjs/external/require.js at line number 439
	at ptolemy.actor.lib.jjs.JavaScript._createEngineAndEvaluateSetup(JavaScript.java:2497)
	at ptolemy.actor.lib.jjs.JavaScript.attributeChanged(JavaScript.java:548)
	at org.terraswarm.accessor.JSAccessor.attributeChanged(JSAccessor.java:312)
	at ptolemy.data.expr.Variable._setTokenAndNotify(Variable.java:2271)
	at ptolemy.data.expr.Variable._evaluate(Variable.java:1873)
	... 85 more
Caused by: javax.script.ScriptException: ReferenceError: "exception" is not defined in /home/travis/build/icyphy/ptII/ptolemy/actor/lib/jjs/external/require.js at line number 439
	at jdk.scripting.nashorn/jdk.nashorn.api.scripting.NashornScriptEngine.throwAsScriptException(NashornScriptEngine.java:469)
	at jdk.scripting.nashorn/jdk.nashorn.api.scripting.NashornScriptEngine.invokeImpl(NashornScriptEngine.java:391)
	at jdk.scripting.nashorn/jdk.nashorn.api.scripting.NashornScriptEngine.invokeFunction(NashornScriptEngine.java:189)
	at ptolemy.actor.lib.jjs.JavaScript._createEngineAndEvaluateSetup(JavaScript.java:2493)
	... 89 more
Caused by: /home/travis/build/icyphy/ptII/ptolemy/actor/lib/jjs/external/require.js:439 ReferenceError: "exception" is not defined
	at jdk.scripting.nashorn/jdk.nashorn.internal.runtime.ECMAErrors.error(ECMAErrors.java:57)
	at jdk.scripting.nashorn/jdk.nashorn.internal.runtime.ECMAErrors.referenceError(ECMAErrors.java:319)
	at jdk.scripting.nashorn/jdk.nashorn.internal.runtime.ECMAErrors.referenceError(ECMAErrors.java:291)
	at jdk.scripting.nashorn/jdk.nashorn.internal.objects.Global.__noSuchProperty__(Global.java:1615)
	at jdk.scripting.nashorn.scripts/jdk.nashorn.internal.scripts.Script$Recompilation$165534$require$cu1$restOf.L:45#_require(/home/travis/build/icyphy/ptII/ptolemy/actor/lib/jjs/external/require.js:439)
	at jdk.scripting.nashorn.scripts/jdk.nashorn.internal.scripts.Script$Recompilation$165446$21089A$require.L:45#_requireClosure#L:466(/home/travis/build/icyphy/ptII/ptolemy/actor/lib/jjs/external/require.js:467)
	at jdk.scripting.nashorn.scripts/jdk.nashorn.internal.scripts.Script$Recompilation$165520$1AAAAAAAAAAAAAA$\^function\_.L:1(<function>:97)
	at jdk.scripting.nashorn.scripts/jdk.nashorn.internal.scripts.Script$Recompilation$165519$17933AAAAAA$require$cu1$restOf.L:1#Accessor(/home/travis/build/icyphy/ptII/ptolemy/actor/lib/jjs/external/require.js#409:30<eval>:545)
	at jdk.scripting.nashorn.scripts/jdk.nashorn.internal.scripts.Script$Recompilation$165505$2801AAA$\^eval\_.evaluateCode(<eval>:96)
	at jdk.scripting.nashorn/jdk.nashorn.internal.runtime.ScriptFunctionData.invoke(ScriptFunctionData.java:661)
	at jdk.scripting.nashorn/jdk.nashorn.internal.runtime.ScriptFunction.invoke(ScriptFunction.java:513)
	at jdk.scripting.nashorn/jdk.nashorn.internal.runtime.ScriptRuntime.apply(ScriptRuntime.java:527)
	at jdk.scripting.nashorn/jdk.nashorn.api.scripting.ScriptObjectMirror.callMember(ScriptObjectMirror.java:198)
	at jdk.scripting.nashorn/jdk.nashorn.api.scripting.NashornScriptEngine.invokeImpl(NashornScriptEngine.java:385)
	... 91 more
Caused by: ptolemy.kernel.util.IllegalActionException: Failed to evaluate script.
  in .actor library.MoreLibraries.Accessors.audio.AudioCapture
Because:
ReferenceError: "exception" is not defined in /home/travis/build/icyphy/ptII/ptolemy/actor/lib/jjs/external/require.js at line number 439
	at ptolemy.actor.lib.jjs.JavaScript._createEngineAndEvaluateSetup(JavaScript.java:2497)
	at ptolemy.actor.lib.jjs.JavaScript.attributeChanged(JavaScript.java:548)
	at org.terraswarm.accessor.JSAccessor.attributeChanged(JSAccessor.java:312)
	at ptolemy.data.expr.Variable._setTokenAndNotify(Variable.java:2271)
	at ptolemy.data.expr.Variable._evaluate(Variable.java:1873)
	at ptolemy.data.expr.Variable._propagate(Variable.java:1984)
	at ptolemy.data.expr.Variable.validate(Variable.java:1596)
	at ptolemy.moml.MoMLParser.endDocument(MoMLParser.java:867)
	at com.microstar.xml.XmlParser.doParse(XmlParser.java:162)
	at com.microstar.xml.XmlParser.parse(XmlParser.java:132)
	at ptolemy.moml.MoMLParser.parse(MoMLParser.java:1676)
	at ptolemy.moml.MoMLParser.parse(MoMLParser.java:1617)
	at ptolemy.moml.MoMLParser.parse(MoMLParser.java:1792)
	at org.terraswarm.accessor.AccessorLibrary.populate(AccessorLibrary.java:194)
	at ptolemy.moml.EntityLibrary.entityList(EntityLibrary.java:366)
	at ptolemy.kernel.CompositeEntity._unlinkLevelCrossingLinksToOutside(CompositeEntity.java:2769)
	at ptolemy.kernel.CompositeEntity._unlinkLevelCrossingLinksToOutside(CompositeEntity.java:2775)
	at ptolemy.kernel.CompositeEntity._unlinkLevelCrossingLinksToOutside(CompositeEntity.java:2775)
	at ptolemy.kernel.CompositeEntity._unlinkLevelCrossingLinksToOutside(CompositeEntity.java:2775)
	at ptolemy.kernel.CompositeEntity.setContainer(CompositeEntity.java:1878)
	at ptolemy.actor.gui.Configuration.check(Configuration.java:415)
	at java.base/jdk.internal.reflect.NativeMethodAccessorImpl.invoke0(Native Method)
	at java.base/jdk.internal.reflect.NativeMethodAccessorImpl.invoke(NativeMethodAccessorImpl.java:62)
	at java.base/jdk.internal.reflect.DelegatingMethodAccessorImpl.invoke(DelegatingMethodAccessorImpl.java:43)
	at java.base/java.lang.reflect.Method.invoke(Method.java:564)
	at tcl.lang.reflect.PkgInvoker.invokeMethod(PkgInvoker.java:129)
	at tcl.lang.JavaInvoke.call(JavaInvoke.java:253)
	at tcl.lang.JavaInvoke.callMethod(JavaInvoke.java:116)
	at tcl.lang.ReflectObject.cmdProc(ReflectObject.java:727)
	at tcl.lang.Parser.evalObjv(Parser.java:740)
	at tcl.lang.Parser.eval2(Parser.java:1138)
	at tcl.lang.Parser.evalTokens(Parser.java:930)
	at tcl.lang.Parser.eval2(Parser.java:1125)
	at tcl.lang.Interp.eval(Interp.java:1782)
	at tcl.lang.Interp.eval(Interp.java:1841)
	at tcl.lang.UplevelCmd.cmdProc(UplevelCmd.java:93)
	at tcl.lang.Parser.evalObjv(Parser.java:740)
	at tcl.lang.Parser.eval2(Parser.java:1138)
	at tcl.lang.Interp.eval(Interp.java:1782)
	at tcl.lang.Interp.eval(Interp.java:1841)
	at tcl.lang.CatchCmd.cmdProc(CatchCmd.java:42)
	at tcl.lang.Parser.evalObjv(Parser.java:740)
	at tcl.lang.Parser.eval2(Parser.java:1138)
	at tcl.lang.Parser.evalTokens(Parser.java:930)
	at tcl.lang.Parser.eval2(Parser.java:1125)
	at tcl.lang.Procedure.cmdProc(Procedure.java:175)
	at tcl.lang.Parser.evalObjv(Parser.java:740)
	at tcl.lang.Parser.eval2(Parser.java:1138)
	at tcl.lang.Procedure.cmdProc(Procedure.java:175)
	at tcl.lang.Parser.evalObjv(Parser.java:740)
	at tcl.lang.Parser.eval2(Parser.java:1138)
	at tcl.lang.Interp.eval(Interp.java:1782)
	at tcl.lang.Interp.evalFile(Interp.java:1880)
	at java.base/jdk.internal.reflect.NativeMethodAccessorImpl.invoke0(Native Method)
	at java.base/jdk.internal.reflect.NativeMethodAccessorImpl.invoke(NativeMethodAccessorImpl.java:62)
	at java.base/jdk.internal.reflect.DelegatingMethodAccessorImpl.invoke(DelegatingMethodAccessorImpl.java:43)
	at java.base/java.lang.reflect.Method.invoke(Method.java:564)
	at ptolemy.util.test.junit.TclTests.RunTclFile(TclTests.java:233)
	at java.base/jdk.internal.reflect.NativeMethodAccessorImpl.invoke0(Native Method)
	at java.base/jdk.internal.reflect.NativeMethodAccessorImpl.invoke(NativeMethodAccessorImpl.java:62)
	at java.base/jdk.internal.reflect.DelegatingMethodAccessorImpl.invoke(DelegatingMethodAccessorImpl.java:43)
	at java.base/java.lang.reflect.Method.invoke(Method.java:564)
	at org.junit.runners.model.FrameworkMethod$1.runReflectiveCall(FrameworkMethod.java:44)
	at org.junit.internal.runners.model.ReflectiveCallable.run(ReflectiveCallable.java:15)
	at org.junit.runners.model.FrameworkMethod.invokeExplosively(FrameworkMethod.java:41)
	at junitparams.internal.InvokeParameterisedMethod.evaluate(InvokeParameterisedMethod.java:102)
	at junitparams.internal.ParameterisedTestMethodRunner.runMethodInvoker(ParameterisedTestMethodRunner.java:47)
	at junitparams.internal.ParameterisedTestMethodRunner.runTestMethod(ParameterisedTestMethodRunner.java:41)
	at junitparams.internal.ParameterisedTestClassRunner.runParameterisedTest(ParameterisedTestClassRunner.java:143)
	at junitparams.JUnitParamsRunner.runChild(JUnitParamsRunner.java:237)
	at junitparams.JUnitParamsRunner.runChild(JUnitParamsRunner.java:215)
	at org.junit.runners.ParentRunner$3.run(ParentRunner.java:193)
	at org.junit.runners.ParentRunner$1.schedule(ParentRunner.java:52)
	at org.junit.runners.ParentRunner.runChildren(ParentRunner.java:191)
	at org.junit.runners.ParentRunner.access$000(ParentRunner.java:42)
	at org.junit.runners.ParentRunner$2.evaluate(ParentRunner.java:184)
	at org.junit.internal.runners.statements.RunAfters.evaluate(RunAfters.java:31)
	at org.junit.runners.ParentRunner.run(ParentRunner.java:236)
	at org.junit.runners.Suite.runChild(Suite.java:128)
	at org.junit.runners.Suite.runChild(Suite.java:24)
	at org.junit.runners.ParentRunner$3.run(ParentRunner.java:193)
	at org.junit.runners.ParentRunner$1.schedule(ParentRunner.java:52)
	at org.junit.runners.ParentRunner.runChildren(ParentRunner.java:191)
	at org.junit.runners.ParentRunner.access$000(ParentRunner.java:42)
	at org.junit.runners.ParentRunner$2.evaluate(ParentRunner.java:184)
	at org.junit.runners.ParentRunner.run(ParentRunner.java:236)
	at junit.framework.JUnit4TestAdapter.run(JUnit4TestAdapter.java:39)
	at org.apache.tools.ant.taskdefs.optional.junit.JUnitTestRunner.run(JUnitTestRunner.java:535)
	at org.apache.tools.ant.taskdefs.optional.junit.JUnitTestRunner.launch(JUnitTestRunner.java:1182)
	at org.apache.tools.ant.taskdefs.optional.junit.JUnitTestRunner.main(JUnitTestRunner.java:1033)
Caused by: javax.script.ScriptException: ReferenceError: "exception" is not defined in /home/travis/build/icyphy/ptII/ptolemy/actor/lib/jjs/external/require.js at line number 439
	at jdk.scripting.nashorn/jdk.nashorn.api.scripting.NashornScriptEngine.throwAsScriptException(NashornScriptEngine.java:469)
	at jdk.scripting.nashorn/jdk.nashorn.api.scripting.NashornScriptEngine.invokeImpl(NashornScriptEngine.java:391)
	at jdk.scripting.nashorn/jdk.nashorn.api.scripting.NashornScriptEngine.invokeFunction(NashornScriptEngine.java:189)
	at ptolemy.actor.lib.jjs.JavaScript._createEngineAndEvaluateSetup(JavaScript.java:2493)
	... 89 more
Caused by: /home/travis/build/icyphy/ptII/ptolemy/actor/lib/jjs/external/require.js:439 ReferenceError: "exception" is not defined
	at jdk.scripting.nashorn/jdk.nashorn.internal.runtime.ECMAErrors.error(ECMAErrors.java:57)
	at jdk.scripting.nashorn/jdk.nashorn.internal.runtime.ECMAErrors.referenceError(ECMAErrors.java:319)
	at jdk.scripting.nashorn/jdk.nashorn.internal.runtime.ECMAErrors.referenceError(ECMAErrors.java:291)
	at jdk.scripting.nashorn/jdk.nashorn.internal.objects.Global.__noSuchProperty__(Global.java:1615)
	at jdk.scripting.nashorn.scripts/jdk.nashorn.internal.scripts.Script$Recompilation$165534$require$cu1$restOf.L:45#_require(/home/travis/build/icyphy/ptII/ptolemy/actor/lib/jjs/external/require.js:439)
	at jdk.scripting.nashorn.scripts/jdk.nashorn.internal.scripts.Script$Recompilation$165446$21089A$require.L:45#_requireClosure#L:466(/home/travis/build/icyphy/ptII/ptolemy/actor/lib/jjs/external/require.js:467)
	at jdk.scripting.nashorn.scripts/jdk.nashorn.internal.scripts.Script$Recompilation$165520$1AAAAAAAAAAAAAA$\^function\_.L:1(<function>:97)
	at jdk.scripting.nashorn.scripts/jdk.nashorn.internal.scripts.Script$Recompilation$165519$17933AAAAAA$require$cu1$restOf.L:1#Accessor(/home/travis/build/icyphy/ptII/ptolemy/actor/lib/jjs/external/require.js#409:30<eval>:545)
	at jdk.scripting.nashorn.scripts/jdk.nashorn.internal.scripts.Script$Recompilation$165505$2801AAA$\^eval\_.evaluateCode(<eval>:96)
	at jdk.scripting.nashorn/jdk.nashorn.internal.runtime.ScriptFunctionData.invoke(ScriptFunctionData.java:661)
	at jdk.scripting.nashorn/jdk.nashorn.internal.runtime.ScriptFunction.invoke(ScriptFunction.java:513)
	at jdk.scripting.nashorn/jdk.nashorn.internal.runtime.ScriptRuntime.apply(ScriptRuntime.java:527)
	at jdk.scripting.nashorn/jdk.nashorn.api.scripting.ScriptObjectMirror.callMember(ScriptObjectMirror.java:198)
	at jdk.scripting.nashorn/jdk.nashorn.api.scripting.NashornScriptEngine.invokeImpl(NashornScriptEngine.java:385)
	... 91 more
Caused by: javax.script.ScriptException: ReferenceError: "exception" is not defined in /home/travis/build/icyphy/ptII/ptolemy/actor/lib/jjs/external/require.js at line number 439
	at jdk.scripting.nashorn/jdk.nashorn.api.scripting.NashornScriptEngine.throwAsScriptException(NashornScriptEngine.java:469)
	at jdk.scripting.nashorn/jdk.nashorn.api.scripting.NashornScriptEngine.invokeImpl(NashornScriptEngine.java:391)
	at jdk.scripting.nashorn/jdk.nashorn.api.scripting.NashornScriptEngine.invokeFunction(NashornScriptEngine.java:189)
	at ptolemy.actor.lib.jjs.JavaScript._createEngineAndEvaluateSetup(JavaScript.java:2493)
	at ptolemy.actor.lib.jjs.JavaScript.attributeChanged(JavaScript.java:548)
	at org.terraswarm.accessor.JSAccessor.attributeChanged(JSAccessor.java:312)
	at ptolemy.data.expr.Variable._setTokenAndNotify(Variable.java:2271)
	at ptolemy.data.expr.Variable._evaluate(Variable.java:1873)
	at ptolemy.data.expr.Variable._propagate(Variable.java:1984)
	at ptolemy.data.expr.Variable.validate(Variable.java:1596)
	at ptolemy.moml.MoMLParser.endDocument(MoMLParser.java:867)
	at com.microstar.xml.XmlParser.doParse(XmlParser.java:162)
	at com.microstar.xml.XmlParser.parse(XmlParser.java:132)
	at ptolemy.moml.MoMLParser.parse(MoMLParser.java:1676)
	at ptolemy.moml.MoMLParser.parse(MoMLParser.java:1617)
	at ptolemy.moml.MoMLParser.parse(MoMLParser.java:1792)
	at org.terraswarm.accessor.AccessorLibrary.populate(AccessorLibrary.java:194)
	at ptolemy.moml.EntityLibrary.entityList(EntityLibrary.java:366)
	at ptolemy.kernel.CompositeEntity._unlinkLevelCrossingLinksToOutside(CompositeEntity.java:2769)
	at ptolemy.kernel.CompositeEntity._unlinkLevelCrossingLinksToOutside(CompositeEntity.java:2775)
	at ptolemy.kernel.CompositeEntity._unlinkLevelCrossingLinksToOutside(CompositeEntity.java:2775)
	at ptolemy.kernel.CompositeEntity._unlinkLevelCrossingLinksToOutside(CompositeEntity.java:2775)
	at ptolemy.kernel.CompositeEntity.setContainer(CompositeEntity.java:1878)
	at ptolemy.actor.gui.Configuration.check(Configuration.java:415)
	at java.base/jdk.internal.reflect.NativeMethodAccessorImpl.invoke0(Native Method)
	at java.base/jdk.internal.reflect.NativeMethodAccessorImpl.invoke(NativeMethodAccessorImpl.java:62)
	at java.base/jdk.internal.reflect.DelegatingMethodAccessorImpl.invoke(DelegatingMethodAccessorImpl.java:43)
	at java.base/java.lang.reflect.Method.invoke(Method.java:564)
	at tcl.lang.reflect.PkgInvoker.invokeMethod(PkgInvoker.java:129)
	at tcl.lang.JavaInvoke.call(JavaInvoke.java:253)
	at tcl.lang.JavaInvoke.callMethod(JavaInvoke.java:116)
	at tcl.lang.ReflectObject.cmdProc(ReflectObject.java:727)
	at tcl.lang.Parser.evalObjv(Parser.java:740)
	at tcl.lang.Parser.eval2(Parser.java:1138)
	at tcl.lang.Parser.evalTokens(Parser.java:930)
	at tcl.lang.Parser.eval2(Parser.java:1125)
	at tcl.lang.Interp.eval(Interp.java:1782)
	at tcl.lang.Interp.eval(Interp.java:1841)
	at tcl.lang.UplevelCmd.cmdProc(UplevelCmd.java:93)
	at tcl.lang.Parser.evalObjv(Parser.java:740)
	at tcl.lang.Parser.eval2(Parser.java:1138)
	at tcl.lang.Interp.eval(Interp.java:1782)
	at tcl.lang.Interp.eval(Interp.java:1841)
	at tcl.lang.CatchCmd.cmdProc(CatchCmd.java:42)
	at tcl.lang.Parser.evalObjv(Parser.java:740)
	at tcl.lang.Parser.eval2(Parser.java:1138)
	at tcl.lang.Parser.evalTokens(Parser.java:930)
	at tcl.lang.Parser.eval2(Parser.java:1125)
	at tcl.lang.Procedure.cmdProc(Procedure.java:175)
	at tcl.lang.Parser.evalObjv(Parser.java:740)
	at tcl.lang.Parser.eval2(Parser.java:1138)
	at tcl.lang.Procedure.cmdProc(Procedure.java:175)
	at tcl.lang.Parser.evalObjv(Parser.java:740)
	at tcl.lang.Parser.eval2(Parser.java:1138)
	at tcl.lang.Interp.eval(Interp.java:1782)
	at tcl.lang.Interp.evalFile(Interp.java:1880)
	at java.base/jdk.internal.reflect.NativeMethodAccessorImpl.invoke0(Native Method)
	at java.base/jdk.internal.reflect.NativeMethodAccessorImpl.invoke(NativeMethodAccessorImpl.java:62)
	at java.base/jdk.internal.reflect.DelegatingMethodAccessorImpl.invoke(DelegatingMethodAccessorImpl.java:43)
	at java.base/java.lang.reflect.Method.invoke(Method.java:564)
	at ptolemy.util.test.junit.TclTests.RunTclFile(TclTests.java:233)
	at java.base/jdk.internal.reflect.NativeMethodAccessorImpl.invoke0(Native Method)
	at java.base/jdk.internal.reflect.NativeMethodAccessorImpl.invoke(NativeMethodAccessorImpl.java:62)
	at java.base/jdk.internal.reflect.DelegatingMethodAccessorImpl.invoke(DelegatingMethodAccessorImpl.java:43)
	at java.base/java.lang.reflect.Method.invoke(Method.java:564)
	at org.junit.runners.model.FrameworkMethod$1.runReflectiveCall(FrameworkMethod.java:44)
	at org.junit.internal.runners.model.ReflectiveCallable.run(ReflectiveCallable.java:15)
	at org.junit.runners.model.FrameworkMethod.invokeExplosively(FrameworkMethod.java:41)
	at junitparams.internal.InvokeParameterisedMethod.evaluate(InvokeParameterisedMethod.java:102)
	at junitparams.internal.ParameterisedTestMethodRunner.runMethodInvoker(ParameterisedTestMethodRunner.java:47)
	at junitparams.internal.ParameterisedTestMethodRunner.runTestMethod(ParameterisedTestMethodRunner.java:41)
	at junitparams.internal.ParameterisedTestClassRunner.runParameterisedTest(ParameterisedTestClassRunner.java:143)
	at junitparams.JUnitParamsRunner.runChild(JUnitParamsRunner.java:237)
	at junitparams.JUnitParamsRunner.runChild(JUnitParamsRunner.java:215)
	at org.junit.runners.ParentRunner$3.run(ParentRunner.java:193)
	at org.junit.runners.ParentRunner$1.schedule(ParentRunner.java:52)
	at org.junit.runners.ParentRunner.runChildren(ParentRunner.java:191)
	at org.junit.runners.ParentRunner.access$000(ParentRunner.java:42)
	at org.junit.runners.ParentRunner$2.evaluate(ParentRunner.java:184)
	at org.junit.internal.runners.statements.RunAfters.evaluate(RunAfters.java:31)
	at org.junit.runners.ParentRunner.run(ParentRunner.java:236)
	at org.junit.runners.Suite.runChild(Suite.java:128)
	at org.junit.runners.Suite.runChild(Suite.java:24)
	at org.junit.runners.ParentRunner$3.run(ParentRunner.java:193)
	at org.junit.runners.ParentRunner$1.schedule(ParentRunner.java:52)
	at org.junit.runners.ParentRunner.runChildren(ParentRunner.java:191)
	at org.junit.runners.ParentRunner.access$000(ParentRunner.java:42)
	at org.junit.runners.ParentRunner$2.evaluate(ParentRunner.java:184)
	at org.junit.runners.ParentRunner.run(ParentRunner.java:236)
	at junit.framework.JUnit4TestAdapter.run(JUnit4TestAdapter.java:39)
	at org.apache.tools.ant.taskdefs.optional.junit.JUnitTestRunner.run(JUnitTestRunner.java:535)
	at org.apache.tools.ant.taskdefs.optional.junit.JUnitTestRunner.launch(JUnitTestRunner.java:1182)
	at org.apache.tools.ant.taskdefs.optional.junit.JUnitTestRunner.main(JUnitTestRunner.java:1033)
Caused by: /home/travis/build/icyphy/ptII/ptolemy/actor/lib/jjs/external/require.js:439 ReferenceError: "exception" is not defined
	at jdk.scripting.nashorn/jdk.nashorn.internal.runtime.ECMAErrors.error(ECMAErrors.java:57)
	at jdk.scripting.nashorn/jdk.nashorn.internal.runtime.ECMAErrors.referenceError(ECMAErrors.java:319)
	at jdk.scripting.nashorn/jdk.nashorn.internal.runtime.ECMAErrors.referenceError(ECMAErrors.java:291)
	at jdk.scripting.nashorn/jdk.nashorn.internal.objects.Global.__noSuchProperty__(Global.java:1615)
	at jdk.scripting.nashorn.scripts/jdk.nashorn.internal.scripts.Script$Recompilation$165534$require$cu1$restOf.L:45#_require(/home/travis/build/icyphy/ptII/ptolemy/actor/lib/jjs/external/require.js:439)
	at jdk.scripting.nashorn.scripts/jdk.nashorn.internal.scripts.Script$Recompilation$165446$21089A$require.L:45#_requireClosure#L:466(/home/travis/build/icyphy/ptII/ptolemy/actor/lib/jjs/external/require.js:467)
	at jdk.scripting.nashorn.scripts/jdk.nashorn.internal.scripts.Script$Recompilation$165520$1AAAAAAAAAAAAAA$\^function\_.L:1(<function>:97)
	at jdk.scripting.nashorn.scripts/jdk.nashorn.internal.scripts.Script$Recompilation$165519$17933AAAAAA$require$cu1$restOf.L:1#Accessor(/home/travis/build/icyphy/ptII/ptolemy/actor/lib/jjs/external/require.js#409:30<eval>:545)
	at jdk.scripting.nashorn.scripts/jdk.nashorn.internal.scripts.Script$Recompilation$165505$2801AAA$\^eval\_.evaluateCode(<eval>:96)
	at jdk.scripting.nashorn/jdk.nashorn.internal.runtime.ScriptFunctionData.invoke(ScriptFunctionData.java:661)
	at jdk.scripting.nashorn/jdk.nashorn.internal.runtime.ScriptFunction.invoke(ScriptFunction.java:513)
	at jdk.scripting.nashorn/jdk.nashorn.internal.runtime.ScriptRuntime.apply(ScriptRuntime.java:527)
	at jdk.scripting.nashorn/jdk.nashorn.api.scripting.ScriptObjectMirror.callMember(ScriptObjectMirror.java:198)
	at jdk.scripting.nashorn/jdk.nashorn.api.scripting.NashornScriptEngine.invokeImpl(NashornScriptEngine.java:385)
	... 91 more
Loading accessor failed: AudioCapture.js
ptolemy.kernel.util.IllegalActionException: Error evaluating expression:
// Copyright (c) 2015-2017 The Regents of the University of California.
...
  in .configuration.actor library.MoreLibraries.Accessors.audio.AudioCapture.script
Because:
Failed to evaluate script.
  in .configuration.actor library.MoreLibraries.Accessors.audio.AudioCapture
Because:
ReferenceError: "exception" is not defined in /home/travis/build/icyphy/ptII/ptolemy/actor/lib/jjs/external/require.js at line number 439
  in .configuration.actor library.MoreLibraries.Accessors.audio.AudioCapture.script
Because:
Error evaluating expression:
// Copyright (c) 2015-2017 The Regents of the University of California.
...
  in .configuration.actor library.MoreLibraries.Accessors.audio.AudioCapture.script
Because:
Failed to evaluate script.
  in .configuration.actor library.MoreLibraries.Accessors.audio.AudioCapture
Because:
ReferenceError: "exception" is not defined in /home/travis/build/icyphy/ptII/ptolemy/actor/lib/jjs/external/require.js at line number 439
Failed to populate library.
ptolemy.kernel.util.InternalErrorException: Loading accessor failed: AudioCapture.js
  in .configuration.actor library.MoreLibraries.Accessors.audio
Because:
Error evaluating expression:
// Copyright (c) 2015-2017 The Regents of the University of California.
...
  in .configuration.actor library.MoreLibraries.Accessors.audio.AudioCapture.script
Because:
Failed to evaluate script.
  in .configuration.actor library.MoreLibraries.Accessors.audio.AudioCapture
Because:
ReferenceError: "exception" is not defined in /home/travis/build/icyphy/ptII/ptolemy/actor/lib/jjs/external/require.js at line number 439
  in .configuration.actor library.MoreLibraries.Accessors.audio.AudioCapture.script
Because:
Error evaluating expression:
// Copyright (c) 2015-2017 The Regents of the University of California.
...
  in .configuration.actor library.MoreLibraries.Accessors.audio.AudioCapture.script
Because:
Failed to evaluate script.
  in .configuration.actor library.MoreLibraries.Accessors.audio.AudioCapture
Because:
ReferenceError: "exception" is not defined in /home/travis/build/icyphy/ptII/ptolemy/actor/lib/jjs/external/require.js at line number 439
	at org.terraswarm.accessor.AccessorLibrary.populate(AccessorLibrary.java:224)
	at ptolemy.moml.EntityLibrary.deepEntityList(EntityLibrary.java:349)
	at ptolemy.kernel.CompositeEntity.deepEntityList(CompositeEntity.java:714)
	at ptolemy.moml.EntityLibrary.deepEntityList(EntityLibrary.java:350)
	at ptolemy.kernel.CompositeEntity.deepEntityList(CompositeEntity.java:714)
	at ptolemy.moml.EntityLibrary.deepEntityList(EntityLibrary.java:350)
	at ptolemy.kernel.CompositeEntity.deepEntityList(CompositeEntity.java:714)
	at ptolemy.kernel.CompositeEntity.deepEntityList(CompositeEntity.java:714)
	at ptolemy.kernel.CompositeEntity.allAtomicEntityList(CompositeEntity.java:188)
	at jdk.internal.reflect.GeneratedMethodAccessor124.invoke(Unknown Source)
	at java.base/jdk.internal.reflect.DelegatingMethodAccessorImpl.invoke(DelegatingMethodAccessorImpl.java:43)
	at java.base/java.lang.reflect.Method.invoke(Method.java:564)
	at tcl.lang.reflect.PkgInvoker.invokeMethod(PkgInvoker.java:129)
	at tcl.lang.JavaInvoke.call(JavaInvoke.java:253)
	at tcl.lang.JavaInvoke.callMethod(JavaInvoke.java:116)
	at tcl.lang.ReflectObject.cmdProc(ReflectObject.java:727)
	at tcl.lang.Parser.evalObjv(Parser.java:740)
	at tcl.lang.Parser.eval2(Parser.java:1138)
	at tcl.lang.Parser.evalTokens(Parser.java:930)
	at tcl.lang.Parser.eval2(Parser.java:1125)
	at tcl.lang.Procedure.cmdProc(Procedure.java:175)
	at tcl.lang.Parser.evalObjv(Parser.java:740)
	at tcl.lang.Parser.eval2(Parser.java:1138)
	at tcl.lang.Interp.eval(Interp.java:1782)
	at tcl.lang.Interp.evalFile(Interp.java:1880)
	at java.base/jdk.internal.reflect.NativeMethodAccessorImpl.invoke0(Native Method)
	at java.base/jdk.internal.reflect.NativeMethodAccessorImpl.invoke(NativeMethodAccessorImpl.java:62)
	at java.base/jdk.internal.reflect.DelegatingMethodAccessorImpl.invoke(DelegatingMethodAccessorImpl.java:43)
	at java.base/java.lang.reflect.Method.invoke(Method.java:564)
	at ptolemy.util.test.junit.TclTests.RunTclFile(TclTests.java:233)
	at java.base/jdk.internal.reflect.NativeMethodAccessorImpl.invoke0(Native Method)
	at java.base/jdk.internal.reflect.NativeMethodAccessorImpl.invoke(NativeMethodAccessorImpl.java:62)
	at java.base/jdk.internal.reflect.DelegatingMethodAccessorImpl.invoke(DelegatingMethodAccessorImpl.java:43)
	at java.base/java.lang.reflect.Method.invoke(Method.java:564)
	at org.junit.runners.model.FrameworkMethod$1.runReflectiveCall(FrameworkMethod.java:44)
	at org.junit.internal.runners.model.ReflectiveCallable.run(ReflectiveCallable.java:15)
	at org.junit.runners.model.FrameworkMethod.invokeExplosively(FrameworkMethod.java:41)
	at junitparams.internal.InvokeParameterisedMethod.evaluate(InvokeParameterisedMethod.java:102)
	at junitparams.internal.ParameterisedTestMethodRunner.runMethodInvoker(ParameterisedTestMethodRunner.java:47)
	at junitparams.internal.ParameterisedTestMethodRunner.runTestMethod(ParameterisedTestMethodRunner.java:41)
	at junitparams.internal.ParameterisedTestClassRunner.runParameterisedTest(ParameterisedTestClassRunner.java:143)
	at junitparams.JUnitParamsRunner.runChild(JUnitParamsRunner.java:237)
	at junitparams.JUnitParamsRunner.runChild(JUnitParamsRunner.java:215)
	at org.junit.runners.ParentRunner$3.run(ParentRunner.java:193)
	at org.junit.runners.ParentRunner$1.schedule(ParentRunner.java:52)
	at org.junit.runners.ParentRunner.runChildren(ParentRunner.java:191)
	at org.junit.runners.ParentRunner.access$000(ParentRunner.java:42)
	at org.junit.runners.ParentRunner$2.evaluate(ParentRunner.java:184)
	at org.junit.internal.runners.statements.RunAfters.evaluate(RunAfters.java:31)
	at org.junit.runners.ParentRunner.run(ParentRunner.java:236)
	at org.junit.runners.Suite.runChild(Suite.java:128)
	at org.junit.runners.Suite.runChild(Suite.java:24)
	at org.junit.runners.ParentRunner$3.run(ParentRunner.java:193)
	at org.junit.runners.ParentRunner$1.schedule(ParentRunner.java:52)
	at org.junit.runners.ParentRunner.runChildren(ParentRunner.java:191)
	at org.junit.runners.ParentRunner.access$000(ParentRunner.java:42)
	at org.junit.runners.ParentRunner$2.evaluate(ParentRunner.java:184)
	at org.junit.runners.ParentRunner.run(ParentRunner.java:236)
	at junit.framework.JUnit4TestAdapter.run(JUnit4TestAdapter.java:39)
	at org.apache.tools.ant.taskdefs.optional.junit.JUnitTestRunner.run(JUnitTestRunner.java:535)
	at org.apache.tools.ant.taskdefs.optional.junit.JUnitTestRunner.launch(JUnitTestRunner.java:1182)
	at org.apache.tools.ant.taskdefs.optional.junit.JUnitTestRunner.main(JUnitTestRunner.java:1033)
Caused by: ptolemy.kernel.util.IllegalActionException: Error evaluating expression:
// Copyright (c) 2015-2017 The Regents of the University of California.
...
  in .configuration.actor library.MoreLibraries.Accessors.audio.AudioCapture.script
Because:
Failed to evaluate script.
  in .configuration.actor library.MoreLibraries.Accessors.audio.AudioCapture
Because:
ReferenceError: "exception" is not defined in /home/travis/build/icyphy/ptII/ptolemy/actor/lib/jjs/external/require.js at line number 439
  in .configuration.actor library.MoreLibraries.Accessors.audio.AudioCapture.script
Because:
Error evaluating expression:
// Copyright (c) 2015-2017 The Regents of the University of California.
...
  in .configuration.actor library.MoreLibraries.Accessors.audio.AudioCapture.script
Because:
Failed to evaluate script.
  in .configuration.actor library.MoreLibraries.Accessors.audio.AudioCapture
Because:
ReferenceError: "exception" is not defined in /home/travis/build/icyphy/ptII/ptolemy/actor/lib/jjs/external/require.js at line number 439
	at ptolemy.data.expr.Variable.validate(Variable.java:1619)
	at ptolemy.moml.MoMLParser.endDocument(MoMLParser.java:867)
	at com.microstar.xml.XmlParser.doParse(XmlParser.java:162)
	at com.microstar.xml.XmlParser.parse(XmlParser.java:132)
	at ptolemy.moml.MoMLParser.parse(MoMLParser.java:1676)
	at ptolemy.moml.MoMLParser.parse(MoMLParser.java:1617)
	at ptolemy.moml.MoMLParser.parse(MoMLParser.java:1792)
	at org.terraswarm.accessor.AccessorLibrary.populate(AccessorLibrary.java:194)
	... 61 more
Caused by: ptolemy.kernel.util.IllegalActionException: Error evaluating expression:
// Copyright (c) 2015-2017 The Regents of the University of California.
...
  in .configuration.actor library.MoreLibraries.Accessors.audio.AudioCapture.script
Because:
Failed to evaluate script.
  in .configuration.actor library.MoreLibraries.Accessors.audio.AudioCapture
Because:
ReferenceError: "exception" is not defined in /home/travis/build/icyphy/ptII/ptolemy/actor/lib/jjs/external/require.js at line number 439
	at ptolemy.data.expr.Variable._evaluate(Variable.java:1891)
	at ptolemy.data.expr.Variable._propagate(Variable.java:1984)
	at ptolemy.data.expr.Variable.validate(Variable.java:1596)
	... 68 more
Caused by: ptolemy.kernel.util.IllegalActionException: Failed to evaluate script.
  in .configuration.actor library.MoreLibraries.Accessors.audio.AudioCapture
Because:
ReferenceError: "exception" is not defined in /home/travis/build/icyphy/ptII/ptolemy/actor/lib/jjs/external/require.js at line number 439
	at ptolemy.actor.lib.jjs.JavaScript._createEngineAndEvaluateSetup(JavaScript.java:2497)
	at ptolemy.actor.lib.jjs.JavaScript.attributeChanged(JavaScript.java:548)
	at org.terraswarm.accessor.JSAccessor.attributeChanged(JSAccessor.java:312)
	at ptolemy.data.expr.Variable._setTokenAndNotify(Variable.java:2271)
	at ptolemy.data.expr.Variable._evaluate(Variable.java:1873)
	... 70 more
Caused by: javax.script.ScriptException: ReferenceError: "exception" is not defined in /home/travis/build/icyphy/ptII/ptolemy/actor/lib/jjs/external/require.js at line number 439
	at jdk.scripting.nashorn/jdk.nashorn.api.scripting.NashornScriptEngine.throwAsScriptException(NashornScriptEngine.java:469)
	at jdk.scripting.nashorn/jdk.nashorn.api.scripting.NashornScriptEngine.invokeImpl(NashornScriptEngine.java:391)
	at jdk.scripting.nashorn/jdk.nashorn.api.scripting.NashornScriptEngine.invokeFunction(NashornScriptEngine.java:189)
	at ptolemy.actor.lib.jjs.JavaScript._createEngineAndEvaluateSetup(JavaScript.java:2493)
	... 74 more
Caused by: /home/travis/build/icyphy/ptII/ptolemy/actor/lib/jjs/external/require.js:439 ReferenceError: "exception" is not defined
	at jdk.scripting.nashorn/jdk.nashorn.internal.runtime.ECMAErrors.error(ECMAErrors.java:57)
	at jdk.scripting.nashorn/jdk.nashorn.internal.runtime.ECMAErrors.referenceError(ECMAErrors.java:319)
	at jdk.scripting.nashorn/jdk.nashorn.internal.runtime.ECMAErrors.referenceError(ECMAErrors.java:291)
	at jdk.scripting.nashorn/jdk.nashorn.internal.objects.Global.__noSuchProperty__(Global.java:1615)
	at jdk.scripting.nashorn.scripts/jdk.nashorn.internal.scripts.Script$Recompilation$216452$require$cu1$restOf.L:45#_require(/home/travis/build/icyphy/ptII/ptolemy/actor/lib/jjs/external/require.js:439)
	at jdk.scripting.nashorn.scripts/jdk.nashorn.internal.scripts.Script$Recompilation$216364$21089A$require.L:45#_requireClosure#L:466(/home/travis/build/icyphy/ptII/ptolemy/actor/lib/jjs/external/require.js:467)
	at jdk.scripting.nashorn.scripts/jdk.nashorn.internal.scripts.Script$Recompilation$216438$1AAAAAAAAAAAAAA$\^function\_.L:1(<function>:97)
	at jdk.scripting.nashorn.scripts/jdk.nashorn.internal.scripts.Script$Recompilation$216437$17933AAAAAA$require$cu1$restOf.L:1#Accessor(/home/travis/build/icyphy/ptII/ptolemy/actor/lib/jjs/external/require.js#409:30<eval>:545)
	at jdk.scripting.nashorn.scripts/jdk.nashorn.internal.scripts.Script$Recompilation$216423$2801AAA$\^eval\_.evaluateCode(<eval>:96)
	at jdk.scripting.nashorn/jdk.nashorn.internal.runtime.ScriptFunctionData.invoke(ScriptFunctionData.java:661)
	at jdk.scripting.nashorn/jdk.nashorn.internal.runtime.ScriptFunction.invoke(ScriptFunction.java:513)
	at jdk.scripting.nashorn/jdk.nashorn.internal.runtime.ScriptRuntime.apply(ScriptRuntime.java:527)
	at jdk.scripting.nashorn/jdk.nashorn.api.scripting.ScriptObjectMirror.callMember(ScriptObjectMirror.java:198)
	at jdk.scripting.nashorn/jdk.nashorn.api.scripting.NashornScriptEngine.invokeImpl(NashornScriptEngine.java:385)
	... 76 more
Caused by: ptolemy.kernel.util.IllegalActionException: Error evaluating expression:
// Copyright (c) 2015-2017 The Regents of the University of California.
...
  in .configuration.actor library.MoreLibraries.Accessors.audio.AudioCapture.script
Because:
Failed to evaluate script.
  in .configuration.actor library.MoreLibraries.Accessors.audio.AudioCapture
Because:
ReferenceError: "exception" is not defined in /home/travis/build/icyphy/ptII/ptolemy/actor/lib/jjs/external/require.js at line number 439
  in .configuration.actor library.MoreLibraries.Accessors.audio.AudioCapture.script
Because:
Error evaluating expression:
// Copyright (c) 2015-2017 The Regents of the University of California.
...
  in .configuration.actor library.MoreLibraries.Accessors.audio.AudioCapture.script
Because:
Failed to evaluate script.
  in .configuration.actor library.MoreLibraries.Accessors.audio.AudioCapture
Because:
ReferenceError: "exception" is not defined in /home/travis/build/icyphy/ptII/ptolemy/actor/lib/jjs/external/require.js at line number 439
	at ptolemy.data.expr.Variable.validate(Variable.java:1619)
	at ptolemy.moml.MoMLParser.endDocument(MoMLParser.java:867)
	at com.microstar.xml.XmlParser.doParse(XmlParser.java:162)
	at com.microstar.xml.XmlParser.parse(XmlParser.java:132)
	at ptolemy.moml.MoMLParser.parse(MoMLParser.java:1676)
	at ptolemy.moml.MoMLParser.parse(MoMLParser.java:1617)
	at ptolemy.moml.MoMLParser.parse(MoMLParser.java:1792)
	at org.terraswarm.accessor.AccessorLibrary.populate(AccessorLibrary.java:194)
	at ptolemy.moml.EntityLibrary.deepEntityList(EntityLibrary.java:349)
	at ptolemy.kernel.CompositeEntity.deepEntityList(CompositeEntity.java:714)
	at ptolemy.moml.EntityLibrary.deepEntityList(EntityLibrary.java:350)
	at ptolemy.kernel.CompositeEntity.deepEntityList(CompositeEntity.java:714)
	at ptolemy.moml.EntityLibrary.deepEntityList(EntityLibrary.java:350)
	at ptolemy.kernel.CompositeEntity.deepEntityList(CompositeEntity.java:714)
	at ptolemy.kernel.CompositeEntity.deepEntityList(CompositeEntity.java:714)
	at ptolemy.kernel.CompositeEntity.allAtomicEntityList(CompositeEntity.java:188)
	at jdk.internal.reflect.GeneratedMethodAccessor124.invoke(Unknown Source)
	at java.base/jdk.internal.reflect.DelegatingMethodAccessorImpl.invoke(DelegatingMethodAccessorImpl.java:43)
	at java.base/java.lang.reflect.Method.invoke(Method.java:564)
	at tcl.lang.reflect.PkgInvoker.invokeMethod(PkgInvoker.java:129)
	at tcl.lang.JavaInvoke.call(JavaInvoke.java:253)
	at tcl.lang.JavaInvoke.callMethod(JavaInvoke.java:116)
	at tcl.lang.ReflectObject.cmdProc(ReflectObject.java:727)
	at tcl.lang.Parser.evalObjv(Parser.java:740)
	at tcl.lang.Parser.eval2(Parser.java:1138)
	at tcl.lang.Parser.evalTokens(Parser.java:930)
	at tcl.lang.Parser.eval2(Parser.java:1125)
	at tcl.lang.Procedure.cmdProc(Procedure.java:175)
	at tcl.lang.Parser.evalObjv(Parser.java:740)
	at tcl.lang.Parser.eval2(Parser.java:1138)
	at tcl.lang.Interp.eval(Interp.java:1782)
	at tcl.lang.Interp.evalFile(Interp.java:1880)
	at java.base/jdk.internal.reflect.NativeMethodAccessorImpl.invoke0(Native Method)
	at java.base/jdk.internal.reflect.NativeMethodAccessorImpl.invoke(NativeMethodAccessorImpl.java:62)
	at java.base/jdk.internal.reflect.DelegatingMethodAccessorImpl.invoke(DelegatingMethodAccessorImpl.java:43)
	at java.base/java.lang.reflect.Method.invoke(Method.java:564)
	at ptolemy.util.test.junit.TclTests.RunTclFile(TclTests.java:233)
	at java.base/jdk.internal.reflect.NativeMethodAccessorImpl.invoke0(Native Method)
	at java.base/jdk.internal.reflect.NativeMethodAccessorImpl.invoke(NativeMethodAccessorImpl.java:62)
	at java.base/jdk.internal.reflect.DelegatingMethodAccessorImpl.invoke(DelegatingMethodAccessorImpl.java:43)
	at java.base/java.lang.reflect.Method.invoke(Method.java:564)
	at org.junit.runners.model.FrameworkMethod$1.runReflectiveCall(FrameworkMethod.java:44)
	at org.junit.internal.runners.model.ReflectiveCallable.run(ReflectiveCallable.java:15)
	at org.junit.runners.model.FrameworkMethod.invokeExplosively(FrameworkMethod.java:41)
	at junitparams.internal.InvokeParameterisedMethod.evaluate(InvokeParameterisedMethod.java:102)
	at junitparams.internal.ParameterisedTestMethodRunner.runMethodInvoker(ParameterisedTestMethodRunner.java:47)
	at junitparams.internal.ParameterisedTestMethodRunner.runTestMethod(ParameterisedTestMethodRunner.java:41)
	at junitparams.internal.ParameterisedTestClassRunner.runParameterisedTest(ParameterisedTestClassRunner.java:143)
	at junitparams.JUnitParamsRunner.runChild(JUnitParamsRunner.java:237)
	at junitparams.JUnitParamsRunner.runChild(JUnitParamsRunner.java:215)
	at org.junit.runners.ParentRunner$3.run(ParentRunner.java:193)
	at org.junit.runners.ParentRunner$1.schedule(ParentRunner.java:52)
	at org.junit.runners.ParentRunner.runChildren(ParentRunner.java:191)
	at org.junit.runners.ParentRunner.access$000(ParentRunner.java:42)
	at org.junit.runners.ParentRunner$2.evaluate(ParentRunner.java:184)
	at org.junit.internal.runners.statements.RunAfters.evaluate(RunAfters.java:31)
	at org.junit.runners.ParentRunner.run(ParentRunner.java:236)
	at org.junit.runners.Suite.runChild(Suite.java:128)
	at org.junit.runners.Suite.runChild(Suite.java:24)
	at org.junit.runners.ParentRunner$3.run(ParentRunner.java:193)
	at org.junit.runners.ParentRunner$1.schedule(ParentRunner.java:52)
	at org.junit.runners.ParentRunner.runChildren(ParentRunner.java:191)
	at org.junit.runners.ParentRunner.access$000(ParentRunner.java:42)
	at org.junit.runners.ParentRunner$2.evaluate(ParentRunner.java:184)
	at org.junit.runners.ParentRunner.run(ParentRunner.java:236)
	at junit.framework.JUnit4TestAdapter.run(JUnit4TestAdapter.java:39)
	at org.apache.tools.ant.taskdefs.optional.junit.JUnitTestRunner.run(JUnitTestRunner.java:535)
	at org.apache.tools.ant.taskdefs.optional.junit.JUnitTestRunner.launch(JUnitTestRunner.java:1182)
	at org.apache.tools.ant.taskdefs.optional.junit.JUnitTestRunner.main(JUnitTestRunner.java:1033)
Caused by: ptolemy.kernel.util.IllegalActionException: Error evaluating expression:
// Copyright (c) 2015-2017 The Regents of the University of California.
...
  in .configuration.actor library.MoreLibraries.Accessors.audio.AudioCapture.script
Because:
Failed to evaluate script.
  in .configuration.actor library.MoreLibraries.Accessors.audio.AudioCapture
Because:
ReferenceError: "exception" is not defined in /home/travis/build/icyphy/ptII/ptolemy/actor/lib/jjs/external/require.js at line number 439
	at ptolemy.data.expr.Variable._evaluate(Variable.java:1891)
	at ptolemy.data.expr.Variable._propagate(Variable.java:1984)
	at ptolemy.data.expr.Variable.validate(Variable.java:1596)
	... 68 more
Caused by: ptolemy.kernel.util.IllegalActionException: Failed to evaluate script.
  in .configuration.actor library.MoreLibraries.Accessors.audio.AudioCapture
Because:
ReferenceError: "exception" is not defined in /home/travis/build/icyphy/ptII/ptolemy/actor/lib/jjs/external/require.js at line number 439
	at ptolemy.actor.lib.jjs.JavaScript._createEngineAndEvaluateSetup(JavaScript.java:2497)
	at ptolemy.actor.lib.jjs.JavaScript.attributeChanged(JavaScript.java:548)
	at org.terraswarm.accessor.JSAccessor.attributeChanged(JSAccessor.java:312)
	at ptolemy.data.expr.Variable._setTokenAndNotify(Variable.java:2271)
	at ptolemy.data.expr.Variable._evaluate(Variable.java:1873)
	... 70 more
Caused by: javax.script.ScriptException: ReferenceError: "exception" is not defined in /home/travis/build/icyphy/ptII/ptolemy/actor/lib/jjs/external/require.js at line number 439
	at jdk.scripting.nashorn/jdk.nashorn.api.scripting.NashornScriptEngine.throwAsScriptException(NashornScriptEngine.java:469)
	at jdk.scripting.nashorn/jdk.nashorn.api.scripting.NashornScriptEngine.invokeImpl(NashornScriptEngine.java:391)
	at jdk.scripting.nashorn/jdk.nashorn.api.scripting.NashornScriptEngine.invokeFunction(NashornScriptEngine.java:189)
	at ptolemy.actor.lib.jjs.JavaScript._createEngineAndEvaluateSetup(JavaScript.java:2493)
	... 74 more
Caused by: /home/travis/build/icyphy/ptII/ptolemy/actor/lib/jjs/external/require.js:439 ReferenceError: "exception" is not defined
	at jdk.scripting.nashorn/jdk.nashorn.internal.runtime.ECMAErrors.error(ECMAErrors.java:57)
	at jdk.scripting.nashorn/jdk.nashorn.internal.runtime.ECMAErrors.referenceError(ECMAErrors.java:319)
	at jdk.scripting.nashorn/jdk.nashorn.internal.runtime.ECMAErrors.referenceError(ECMAErrors.java:291)
	at jdk.scripting.nashorn/jdk.nashorn.internal.objects.Global.__noSuchProperty__(Global.java:1615)
	at jdk.scripting.nashorn.scripts/jdk.nashorn.internal.scripts.Script$Recompilation$216452$require$cu1$restOf.L:45#_require(/home/travis/build/icyphy/ptII/ptolemy/actor/lib/jjs/external/require.js:439)
	at jdk.scripting.nashorn.scripts/jdk.nashorn.internal.scripts.Script$Recompilation$216364$21089A$require.L:45#_requireClosure#L:466(/home/travis/build/icyphy/ptII/ptolemy/actor/lib/jjs/external/require.js:467)
	at jdk.scripting.nashorn.scripts/jdk.nashorn.internal.scripts.Script$Recompilation$216438$1AAAAAAAAAAAAAA$\^function\_.L:1(<function>:97)
	at jdk.scripting.nashorn.scripts/jdk.nashorn.internal.scripts.Script$Recompilation$216437$17933AAAAAA$require$cu1$restOf.L:1#Accessor(/home/travis/build/icyphy/ptII/ptolemy/actor/lib/jjs/external/require.js#409:30<eval>:545)
	at jdk.scripting.nashorn.scripts/jdk.nashorn.internal.scripts.Script$Recompilation$216423$2801AAA$\^eval\_.evaluateCode(<eval>:96)
	at jdk.scripting.nashorn/jdk.nashorn.internal.runtime.ScriptFunctionData.invoke(ScriptFunctionData.java:661)
	at jdk.scripting.nashorn/jdk.nashorn.internal.runtime.ScriptFunction.invoke(ScriptFunction.java:513)
	at jdk.scripting.nashorn/jdk.nashorn.internal.runtime.ScriptRuntime.apply(ScriptRuntime.java:527)
	at jdk.scripting.nashorn/jdk.nashorn.api.scripting.ScriptObjectMirror.callMember(ScriptObjectMirror.java:198)
	at jdk.scripting.nashorn/jdk.nashorn.api.scripting.NashornScriptEngine.invokeImpl(NashornScriptEngine.java:385)
	... 76 more
Caused by: ptolemy.kernel.util.IllegalActionException: Error evaluating expression:
// Copyright (c) 2015-2017 The Regents of the University of California.
...
  in .configuration.actor library.MoreLibraries.Accessors.audio.AudioCapture.script
Because:
Failed to evaluate script.
  in .configuration.actor library.MoreLibraries.Accessors.audio.AudioCapture
Because:
ReferenceError: "exception" is not defined in /home/travis/build/icyphy/ptII/ptolemy/actor/lib/jjs/external/require.js at line number 439
	at ptolemy.data.expr.Variable._evaluate(Variable.java:1891)
	at ptolemy.data.expr.Variable._propagate(Variable.java:1984)
	at ptolemy.data.expr.Variable.validate(Variable.java:1596)
	at ptolemy.moml.MoMLParser.endDocument(MoMLParser.java:867)
	at com.microstar.xml.XmlParser.doParse(XmlParser.java:162)
	at com.microstar.xml.XmlParser.parse(XmlParser.java:132)
	at ptolemy.moml.MoMLParser.parse(MoMLParser.java:1676)
	at ptolemy.moml.MoMLParser.parse(MoMLParser.java:1617)
	at ptolemy.moml.MoMLParser.parse(MoMLParser.java:1792)
	at org.terraswarm.accessor.AccessorLibrary.populate(AccessorLibrary.java:194)
	at ptolemy.moml.EntityLibrary.deepEntityList(EntityLibrary.java:349)
	at ptolemy.kernel.CompositeEntity.deepEntityList(CompositeEntity.java:714)
	at ptolemy.moml.EntityLibrary.deepEntityList(EntityLibrary.java:350)
	at ptolemy.kernel.CompositeEntity.deepEntityList(CompositeEntity.java:714)
	at ptolemy.moml.EntityLibrary.deepEntityList(EntityLibrary.java:350)
	at ptolemy.kernel.CompositeEntity.deepEntityList(CompositeEntity.java:714)
	at ptolemy.kernel.CompositeEntity.deepEntityList(CompositeEntity.java:714)
	at ptolemy.kernel.CompositeEntity.allAtomicEntityList(CompositeEntity.java:188)
	at jdk.internal.reflect.GeneratedMethodAccessor124.invoke(Unknown Source)
	at java.base/jdk.internal.reflect.DelegatingMethodAccessorImpl.invoke(DelegatingMethodAccessorImpl.java:43)
	at java.base/java.lang.reflect.Method.invoke(Method.java:564)
	at tcl.lang.reflect.PkgInvoker.invokeMethod(PkgInvoker.java:129)
	at tcl.lang.JavaInvoke.call(JavaInvoke.java:253)
	at tcl.lang.JavaInvoke.callMethod(JavaInvoke.java:116)
	at tcl.lang.ReflectObject.cmdProc(ReflectObject.java:727)
	at tcl.lang.Parser.evalObjv(Parser.java:740)
	at tcl.lang.Parser.eval2(Parser.java:1138)
	at tcl.lang.Parser.evalTokens(Parser.java:930)
	at tcl.lang.Parser.eval2(Parser.java:1125)
	at tcl.lang.Procedure.cmdProc(Procedure.java:175)
	at tcl.lang.Parser.evalObjv(Parser.java:740)
	at tcl.lang.Parser.eval2(Parser.java:1138)
	at tcl.lang.Interp.eval(Interp.java:1782)
	at tcl.lang.Interp.evalFile(Interp.java:1880)
	at java.base/jdk.internal.reflect.NativeMethodAccessorImpl.invoke0(Native Method)
	at java.base/jdk.internal.reflect.NativeMethodAccessorImpl.invoke(NativeMethodAccessorImpl.java:62)
	at java.base/jdk.internal.reflect.DelegatingMethodAccessorImpl.invoke(DelegatingMethodAccessorImpl.java:43)
	at java.base/java.lang.reflect.Method.invoke(Method.java:564)
	at ptolemy.util.test.junit.TclTests.RunTclFile(TclTests.java:233)
	at java.base/jdk.internal.reflect.NativeMethodAccessorImpl.invoke0(Native Method)
	at java.base/jdk.internal.reflect.NativeMethodAccessorImpl.invoke(NativeMethodAccessorImpl.java:62)
	at java.base/jdk.internal.reflect.DelegatingMethodAccessorImpl.invoke(DelegatingMethodAccessorImpl.java:43)
	at java.base/java.lang.reflect.Method.invoke(Method.java:564)
	at org.junit.runners.model.FrameworkMethod$1.runReflectiveCall(FrameworkMethod.java:44)
	at org.junit.internal.runners.model.ReflectiveCallable.run(ReflectiveCallable.java:15)
	at org.junit.runners.model.FrameworkMethod.invokeExplosively(FrameworkMethod.java:41)
	at junitparams.internal.InvokeParameterisedMethod.evaluate(InvokeParameterisedMethod.java:102)
	at junitparams.internal.ParameterisedTestMethodRunner.runMethodInvoker(ParameterisedTestMethodRunner.java:47)
	at junitparams.internal.ParameterisedTestMethodRunner.runTestMethod(ParameterisedTestMethodRunner.java:41)
	at junitparams.internal.ParameterisedTestClassRunner.runParameterisedTest(ParameterisedTestClassRunner.java:143)
	at junitparams.JUnitParamsRunner.runChild(JUnitParamsRunner.java:237)
	at junitparams.JUnitParamsRunner.runChild(JUnitParamsRunner.java:215)
	at org.junit.runners.ParentRunner$3.run(ParentRunner.java:193)
	at org.junit.runners.ParentRunner$1.schedule(ParentRunner.java:52)
	at org.junit.runners.ParentRunner.runChildren(ParentRunner.java:191)
	at org.junit.runners.ParentRunner.access$000(ParentRunner.java:42)
	at org.junit.runners.ParentRunner$2.evaluate(ParentRunner.java:184)
	at org.junit.internal.runners.statements.RunAfters.evaluate(RunAfters.java:31)
	at org.junit.runners.ParentRunner.run(ParentRunner.java:236)
	at org.junit.runners.Suite.runChild(Suite.java:128)
	at org.junit.runners.Suite.runChild(Suite.java:24)
	at org.junit.runners.ParentRunner$3.run(ParentRunner.java:193)
	at org.junit.runners.ParentRunner$1.schedule(ParentRunner.java:52)
	at org.junit.runners.ParentRunner.runChildren(ParentRunner.java:191)
	at org.junit.runners.ParentRunner.access$000(ParentRunner.java:42)
	at org.junit.runners.ParentRunner$2.evaluate(ParentRunner.java:184)
	at org.junit.runners.ParentRunner.run(ParentRunner.java:236)
	at junit.framework.JUnit4TestAdapter.run(JUnit4TestAdapter.java:39)
	at org.apache.tools.ant.taskdefs.optional.junit.JUnitTestRunner.run(JUnitTestRunner.java:535)
	at org.apache.tools.ant.taskdefs.optional.junit.JUnitTestRunner.launch(JUnitTestRunner.java:1182)
	at org.apache.tools.ant.taskdefs.optional.junit.JUnitTestRunner.main(JUnitTestRunner.java:1033)
Caused by: ptolemy.kernel.util.IllegalActionException: Failed to evaluate script.
  in .configuration.actor library.MoreLibraries.Accessors.audio.AudioCapture
Because:
ReferenceError: "exception" is not defined in /home/travis/build/icyphy/ptII/ptolemy/actor/lib/jjs/external/require.js at line number 439
	at ptolemy.actor.lib.jjs.JavaScript._createEngineAndEvaluateSetup(JavaScript.java:2497)
	at ptolemy.actor.lib.jjs.JavaScript.attributeChanged(JavaScript.java:548)
	at org.terraswarm.accessor.JSAccessor.attributeChanged(JSAccessor.java:312)
	at ptolemy.data.expr.Variable._setTokenAndNotify(Variable.java:2271)
	at ptolemy.data.expr.Variable._evaluate(Variable.java:1873)
	... 70 more
Caused by: javax.script.ScriptException: ReferenceError: "exception" is not defined in /home/travis/build/icyphy/ptII/ptolemy/actor/lib/jjs/external/require.js at line number 439
	at jdk.scripting.nashorn/jdk.nashorn.api.scripting.NashornScriptEngine.throwAsScriptException(NashornScriptEngine.java:469)
	at jdk.scripting.nashorn/jdk.nashorn.api.scripting.NashornScriptEngine.invokeImpl(NashornScriptEngine.java:391)
	at jdk.scripting.nashorn/jdk.nashorn.api.scripting.NashornScriptEngine.invokeFunction(NashornScriptEngine.java:189)
	at ptolemy.actor.lib.jjs.JavaScript._createEngineAndEvaluateSetup(JavaScript.java:2493)
	... 74 more
Caused by: /home/travis/build/icyphy/ptII/ptolemy/actor/lib/jjs/external/require.js:439 ReferenceError: "exception" is not defined
	at jdk.scripting.nashorn/jdk.nashorn.internal.runtime.ECMAErrors.error(ECMAErrors.java:57)
	at jdk.scripting.nashorn/jdk.nashorn.internal.runtime.ECMAErrors.referenceError(ECMAErrors.java:319)
	at jdk.scripting.nashorn/jdk.nashorn.internal.runtime.ECMAErrors.referenceError(ECMAErrors.java:291)
	at jdk.scripting.nashorn/jdk.nashorn.internal.objects.Global.__noSuchProperty__(Global.java:1615)
	at jdk.scripting.nashorn.scripts/jdk.nashorn.internal.scripts.Script$Recompilation$216452$require$cu1$restOf.L:45#_require(/home/travis/build/icyphy/ptII/ptolemy/actor/lib/jjs/external/require.js:439)
	at jdk.scripting.nashorn.scripts/jdk.nashorn.internal.scripts.Script$Recompilation$216364$21089A$require.L:45#_requireClosure#L:466(/home/travis/build/icyphy/ptII/ptolemy/actor/lib/jjs/external/require.js:467)
	at jdk.scripting.nashorn.scripts/jdk.nashorn.internal.scripts.Script$Recompilation$216438$1AAAAAAAAAAAAAA$\^function\_.L:1(<function>:97)
	at jdk.scripting.nashorn.scripts/jdk.nashorn.internal.scripts.Script$Recompilation$216437$17933AAAAAA$require$cu1$restOf.L:1#Accessor(/home/travis/build/icyphy/ptII/ptolemy/actor/lib/jjs/external/require.js#409:30<eval>:545)
	at jdk.scripting.nashorn.scripts/jdk.nashorn.internal.scripts.Script$Recompilation$216423$2801AAA$\^eval\_.evaluateCode(<eval>:96)
	at jdk.scripting.nashorn/jdk.nashorn.internal.runtime.ScriptFunctionData.invoke(ScriptFunctionData.java:661)
	at jdk.scripting.nashorn/jdk.nashorn.internal.runtime.ScriptFunction.invoke(ScriptFunction.java:513)
	at jdk.scripting.nashorn/jdk.nashorn.internal.runtime.ScriptRuntime.apply(ScriptRuntime.java:527)
	at jdk.scripting.nashorn/jdk.nashorn.api.scripting.ScriptObjectMirror.callMember(ScriptObjectMirror.java:198)
	at jdk.scripting.nashorn/jdk.nashorn.api.scripting.NashornScriptEngine.invokeImpl(NashornScriptEngine.java:385)
	... 76 more
Caused by: ptolemy.kernel.util.IllegalActionException: Failed to evaluate script.
  in .configuration.actor library.MoreLibraries.Accessors.audio.AudioCapture
Because:
ReferenceError: "exception" is not defined in /home/travis/build/icyphy/ptII/ptolemy/actor/lib/jjs/external/require.js at line number 439
	at ptolemy.actor.lib.jjs.JavaScript._createEngineAndEvaluateSetup(JavaScript.java:2497)
	at ptolemy.actor.lib.jjs.JavaScript.attributeChanged(JavaScript.java:548)
	at org.terraswarm.accessor.JSAccessor.attributeChanged(JSAccessor.java:312)
	at ptolemy.data.expr.Variable._setTokenAndNotify(Variable.java:2271)
	at ptolemy.data.expr.Variable._evaluate(Variable.java:1873)
	at ptolemy.data.expr.Variable._propagate(Variable.java:1984)
	at ptolemy.data.expr.Variable.validate(Variable.java:1596)
	at ptolemy.moml.MoMLParser.endDocument(MoMLParser.java:867)
	at com.microstar.xml.XmlParser.doParse(XmlParser.java:162)
	at com.microstar.xml.XmlParser.parse(XmlParser.java:132)
	at ptolemy.moml.MoMLParser.parse(MoMLParser.java:1676)
	at ptolemy.moml.MoMLParser.parse(MoMLParser.java:1617)
	at ptolemy.moml.MoMLParser.parse(MoMLParser.java:1792)
	at org.terraswarm.accessor.AccessorLibrary.populate(AccessorLibrary.java:194)
	at ptolemy.moml.EntityLibrary.deepEntityList(EntityLibrary.java:349)
	at ptolemy.kernel.CompositeEntity.deepEntityList(CompositeEntity.java:714)
	at ptolemy.moml.EntityLibrary.deepEntityList(EntityLibrary.java:350)
	at ptolemy.kernel.CompositeEntity.deepEntityList(CompositeEntity.java:714)
	at ptolemy.moml.EntityLibrary.deepEntityList(EntityLibrary.java:350)
	at ptolemy.kernel.CompositeEntity.deepEntityList(CompositeEntity.java:714)
	at ptolemy.kernel.CompositeEntity.deepEntityList(CompositeEntity.java:714)
	at ptolemy.kernel.CompositeEntity.allAtomicEntityList(CompositeEntity.java:188)
	at jdk.internal.reflect.GeneratedMethodAccessor124.invoke(Unknown Source)
	at java.base/jdk.internal.reflect.DelegatingMethodAccessorImpl.invoke(DelegatingMethodAccessorImpl.java:43)
	at java.base/java.lang.reflect.Method.invoke(Method.java:564)
	at tcl.lang.reflect.PkgInvoker.invokeMethod(PkgInvoker.java:129)
	at tcl.lang.JavaInvoke.call(JavaInvoke.java:253)
	at tcl.lang.JavaInvoke.callMethod(JavaInvoke.java:116)
	at tcl.lang.ReflectObject.cmdProc(ReflectObject.java:727)
	at tcl.lang.Parser.evalObjv(Parser.java:740)
	at tcl.lang.Parser.eval2(Parser.java:1138)
	at tcl.lang.Parser.evalTokens(Parser.java:930)
	at tcl.lang.Parser.eval2(Parser.java:1125)
	at tcl.lang.Procedure.cmdProc(Procedure.java:175)
	at tcl.lang.Parser.evalObjv(Parser.java:740)
	at tcl.lang.Parser.eval2(Parser.java:1138)
	at tcl.lang.Interp.eval(Interp.java:1782)
	at tcl.lang.Interp.evalFile(Interp.java:1880)
	at java.base/jdk.internal.reflect.NativeMethodAccessorImpl.invoke0(Native Method)
	at java.base/jdk.internal.reflect.NativeMethodAccessorImpl.invoke(NativeMethodAccessorImpl.java:62)
	at java.base/jdk.internal.reflect.DelegatingMethodAccessorImpl.invoke(DelegatingMethodAccessorImpl.java:43)
	at java.base/java.lang.reflect.Method.invoke(Method.java:564)
	at ptolemy.util.test.junit.TclTests.RunTclFile(TclTests.java:233)
	at java.base/jdk.internal.reflect.NativeMethodAccessorImpl.invoke0(Native Method)
	at java.base/jdk.internal.reflect.NativeMethodAccessorImpl.invoke(NativeMethodAccessorImpl.java:62)
	at java.base/jdk.internal.reflect.DelegatingMethodAccessorImpl.invoke(DelegatingMethodAccessorImpl.java:43)
	at java.base/java.lang.reflect.Method.invoke(Method.java:564)
	at org.junit.runners.model.FrameworkMethod$1.runReflectiveCall(FrameworkMethod.java:44)
	at org.junit.internal.runners.model.ReflectiveCallable.run(ReflectiveCallable.java:15)
	at org.junit.runners.model.FrameworkMethod.invokeExplosively(FrameworkMethod.java:41)
	at junitparams.internal.InvokeParameterisedMethod.evaluate(InvokeParameterisedMethod.java:102)
	at junitparams.internal.ParameterisedTestMethodRunner.runMethodInvoker(ParameterisedTestMethodRunner.java:47)
	at junitparams.internal.ParameterisedTestMethodRunner.runTestMethod(ParameterisedTestMethodRunner.java:41)
	at junitparams.internal.ParameterisedTestClassRunner.runParameterisedTest(ParameterisedTestClassRunner.java:143)
	at junitparams.JUnitParamsRunner.runChild(JUnitParamsRunner.java:237)
	at junitparams.JUnitParamsRunner.runChild(JUnitParamsRunner.java:215)
	at org.junit.runners.ParentRunner$3.run(ParentRunner.java:193)
	at org.junit.runners.ParentRunner$1.schedule(ParentRunner.java:52)
	at org.junit.runners.ParentRunner.runChildren(ParentRunner.java:191)
	at org.junit.runners.ParentRunner.access$000(ParentRunner.java:42)
	at org.junit.runners.ParentRunner$2.evaluate(ParentRunner.java:184)
	at org.junit.internal.runners.statements.RunAfters.evaluate(RunAfters.java:31)
	at org.junit.runners.ParentRunner.run(ParentRunner.java:236)
	at org.junit.runners.Suite.runChild(Suite.java:128)
	at org.junit.runners.Suite.runChild(Suite.java:24)
	at org.junit.runners.ParentRunner$3.run(ParentRunner.java:193)
	at org.junit.runners.ParentRunner$1.schedule(ParentRunner.java:52)
	at org.junit.runners.ParentRunner.runChildren(ParentRunner.java:191)
	at org.junit.runners.ParentRunner.access$000(ParentRunner.java:42)
	at org.junit.runners.ParentRunner$2.evaluate(ParentRunner.java:184)
	at org.junit.runners.ParentRunner.run(ParentRunner.java:236)
	at junit.framework.JUnit4TestAdapter.run(JUnit4TestAdapter.java:39)
	at org.apache.tools.ant.taskdefs.optional.junit.JUnitTestRunner.run(JUnitTestRunner.java:535)
	at org.apache.tools.ant.taskdefs.optional.junit.JUnitTestRunner.launch(JUnitTestRunner.java:1182)
	at org.apache.tools.ant.taskdefs.optional.junit.JUnitTestRunner.main(JUnitTestRunner.java:1033)
Caused by: javax.script.ScriptException: ReferenceError: "exception" is not defined in /home/travis/build/icyphy/ptII/ptolemy/actor/lib/jjs/external/require.js at line number 439
	at jdk.scripting.nashorn/jdk.nashorn.api.scripting.NashornScriptEngine.throwAsScriptException(NashornScriptEngine.java:469)
	at jdk.scripting.nashorn/jdk.nashorn.api.scripting.NashornScriptEngine.invokeImpl(NashornScriptEngine.java:391)
	at jdk.scripting.nashorn/jdk.nashorn.api.scripting.NashornScriptEngine.invokeFunction(NashornScriptEngine.java:189)
	at ptolemy.actor.lib.jjs.JavaScript._createEngineAndEvaluateSetup(JavaScript.java:2493)
	... 74 more
Caused by: /home/travis/build/icyphy/ptII/ptolemy/actor/lib/jjs/external/require.js:439 ReferenceError: "exception" is not defined
	at jdk.scripting.nashorn/jdk.nashorn.internal.runtime.ECMAErrors.error(ECMAErrors.java:57)
	at jdk.scripting.nashorn/jdk.nashorn.internal.runtime.ECMAErrors.referenceError(ECMAErrors.java:319)
	at jdk.scripting.nashorn/jdk.nashorn.internal.runtime.ECMAErrors.referenceError(ECMAErrors.java:291)
	at jdk.scripting.nashorn/jdk.nashorn.internal.objects.Global.__noSuchProperty__(Global.java:1615)
	at jdk.scripting.nashorn.scripts/jdk.nashorn.internal.scripts.Script$Recompilation$216452$require$cu1$restOf.L:45#_require(/home/travis/build/icyphy/ptII/ptolemy/actor/lib/jjs/external/require.js:439)
	at jdk.scripting.nashorn.scripts/jdk.nashorn.internal.scripts.Script$Recompilation$216364$21089A$require.L:45#_requireClosure#L:466(/home/travis/build/icyphy/ptII/ptolemy/actor/lib/jjs/external/require.js:467)
	at jdk.scripting.nashorn.scripts/jdk.nashorn.internal.scripts.Script$Recompilation$216438$1AAAAAAAAAAAAAA$\^function\_.L:1(<function>:97)
	at jdk.scripting.nashorn.scripts/jdk.nashorn.internal.scripts.Script$Recompilation$216437$17933AAAAAA$require$cu1$restOf.L:1#Accessor(/home/travis/build/icyphy/ptII/ptolemy/actor/lib/jjs/external/require.js#409:30<eval>:545)
	at jdk.scripting.nashorn.scripts/jdk.nashorn.internal.scripts.Script$Recompilation$216423$2801AAA$\^eval\_.evaluateCode(<eval>:96)
	at jdk.scripting.nashorn/jdk.nashorn.internal.runtime.ScriptFunctionData.invoke(ScriptFunctionData.java:661)
	at jdk.scripting.nashorn/jdk.nashorn.internal.runtime.ScriptFunction.invoke(ScriptFunction.java:513)
	at jdk.scripting.nashorn/jdk.nashorn.internal.runtime.ScriptRuntime.apply(ScriptRuntime.java:527)
	at jdk.scripting.nashorn/jdk.nashorn.api.scripting.ScriptObjectMirror.callMember(ScriptObjectMirror.java:198)
	at jdk.scripting.nashorn/jdk.nashorn.api.scripting.NashornScriptEngine.invokeImpl(NashornScriptEngine.java:385)
	... 76 more
Caused by: javax.script.ScriptException: ReferenceError: "exception" is not defined in /home/travis/build/icyphy/ptII/ptolemy/actor/lib/jjs/external/require.js at line number 439
	at jdk.scripting.nashorn/jdk.nashorn.api.scripting.NashornScriptEngine.throwAsScriptException(NashornScriptEngine.java:469)
	at jdk.scripting.nashorn/jdk.nashorn.api.scripting.NashornScriptEngine.invokeImpl(NashornScriptEngine.java:391)
	at jdk.scripting.nashorn/jdk.nashorn.api.scripting.NashornScriptEngine.invokeFunction(NashornScriptEngine.java:189)
	at ptolemy.actor.lib.jjs.JavaScript._createEngineAndEvaluateSetup(JavaScript.java:2493)
	at ptolemy.actor.lib.jjs.JavaScript.attributeChanged(JavaScript.java:548)
	at org.terraswarm.accessor.JSAccessor.attributeChanged(JSAccessor.java:312)
	at ptolemy.data.expr.Variable._setTokenAndNotify(Variable.java:2271)
	at ptolemy.data.expr.Variable._evaluate(Variable.java:1873)
	at ptolemy.data.expr.Variable._propagate(Variable.java:1984)
	at ptolemy.data.expr.Variable.validate(Variable.java:1596)
	at ptolemy.moml.MoMLParser.endDocument(MoMLParser.java:867)
	at com.microstar.xml.XmlParser.doParse(XmlParser.java:162)
	at com.microstar.xml.XmlParser.parse(XmlParser.java:132)
	at ptolemy.moml.MoMLParser.parse(MoMLParser.java:1676)
	at ptolemy.moml.MoMLParser.parse(MoMLParser.java:1617)
	at ptolemy.moml.MoMLParser.parse(MoMLParser.java:1792)
	at org.terraswarm.accessor.AccessorLibrary.populate(AccessorLibrary.java:194)
	at ptolemy.moml.EntityLibrary.deepEntityList(EntityLibrary.java:349)
	at ptolemy.kernel.CompositeEntity.deepEntityList(CompositeEntity.java:714)
	at ptolemy.moml.EntityLibrary.deepEntityList(EntityLibrary.java:350)
	at ptolemy.kernel.CompositeEntity.deepEntityList(CompositeEntity.java:714)
	at ptolemy.moml.EntityLibrary.deepEntityList(EntityLibrary.java:350)
	at ptolemy.kernel.CompositeEntity.deepEntityList(CompositeEntity.java:714)
	at ptolemy.kernel.CompositeEntity.deepEntityList(CompositeEntity.java:714)
	at ptolemy.kernel.CompositeEntity.allAtomicEntityList(CompositeEntity.java:188)
	at jdk.internal.reflect.GeneratedMethodAccessor124.invoke(Unknown Source)
	at java.base/jdk.internal.reflect.DelegatingMethodAccessorImpl.invoke(DelegatingMethodAccessorImpl.java:43)
	at java.base/java.lang.reflect.Method.invoke(Method.java:564)
	at tcl.lang.reflect.PkgInvoker.invokeMethod(PkgInvoker.java:129)
	at tcl.lang.JavaInvoke.call(JavaInvoke.java:253)
	at tcl.lang.JavaInvoke.callMethod(JavaInvoke.java:116)
	at tcl.lang.ReflectObject.cmdProc(ReflectObject.java:727)
	at tcl.lang.Parser.evalObjv(Parser.java:740)
	at tcl.lang.Parser.eval2(Parser.java:1138)
	at tcl.lang.Parser.evalTokens(Parser.java:930)
	at tcl.lang.Parser.eval2(Parser.java:1125)
	at tcl.lang.Procedure.cmdProc(Procedure.java:175)
	at tcl.lang.Parser.evalObjv(Parser.java:740)
	at tcl.lang.Parser.eval2(Parser.java:1138)
	at tcl.lang.Interp.eval(Interp.java:1782)
	at tcl.lang.Interp.evalFile(Interp.java:1880)
	at java.base/jdk.internal.reflect.NativeMethodAccessorImpl.invoke0(Native Method)
	at java.base/jdk.internal.reflect.NativeMethodAccessorImpl.invoke(NativeMethodAccessorImpl.java:62)
	at java.base/jdk.internal.reflect.DelegatingMethodAccessorImpl.invoke(DelegatingMethodAccessorImpl.java:43)
	at java.base/java.lang.reflect.Method.invoke(Method.java:564)
	at ptolemy.util.test.junit.TclTests.RunTclFile(TclTests.java:233)
	at java.base/jdk.internal.reflect.NativeMethodAccessorImpl.invoke0(Native Method)
	at java.base/jdk.internal.reflect.NativeMethodAccessorImpl.invoke(NativeMethodAccessorImpl.java:62)
	at java.base/jdk.internal.reflect.DelegatingMethodAccessorImpl.invoke(DelegatingMethodAccessorImpl.java:43)
	at java.base/java.lang.reflect.Method.invoke(Method.java:564)
	at org.junit.runners.model.FrameworkMethod$1.runReflectiveCall(FrameworkMethod.java:44)
	at org.junit.internal.runners.model.ReflectiveCallable.run(ReflectiveCallable.java:15)
	at org.junit.runners.model.FrameworkMethod.invokeExplosively(FrameworkMethod.java:41)
	at junitparams.internal.InvokeParameterisedMethod.evaluate(InvokeParameterisedMethod.java:102)
	at junitparams.internal.ParameterisedTestMethodRunner.runMethodInvoker(ParameterisedTestMethodRunner.java:47)
	at junitparams.internal.ParameterisedTestMethodRunner.runTestMethod(ParameterisedTestMethodRunner.java:41)
	at junitparams.internal.ParameterisedTestClassRunner.runParameterisedTest(ParameterisedTestClassRunner.java:143)
	at junitparams.JUnitParamsRunner.runChild(JUnitParamsRunner.java:237)
	at junitparams.JUnitParamsRunner.runChild(JUnitParamsRunner.java:215)
	at org.junit.runners.ParentRunner$3.run(ParentRunner.java:193)
	at org.junit.runners.ParentRunner$1.schedule(ParentRunner.java:52)
	at org.junit.runners.ParentRunner.runChildren(ParentRunner.java:191)
	at org.junit.runners.ParentRunner.access$000(ParentRunner.java:42)
	at org.junit.runners.ParentRunner$2.evaluate(ParentRunner.java:184)
	at org.junit.internal.runners.statements.RunAfters.evaluate(RunAfters.java:31)
	at org.junit.runners.ParentRunner.run(ParentRunner.java:236)
	at org.junit.runners.Suite.runChild(Suite.java:128)
	at org.junit.runners.Suite.runChild(Suite.java:24)
	at org.junit.runners.ParentRunner$3.run(ParentRunner.java:193)
	at org.junit.runners.ParentRunner$1.schedule(ParentRunner.java:52)
	at org.junit.runners.ParentRunner.runChildren(ParentRunner.java:191)
	at org.junit.runners.ParentRunner.access$000(ParentRunner.java:42)
	at org.junit.runners.ParentRunner$2.evaluate(ParentRunner.java:184)
	at org.junit.runners.ParentRunner.run(ParentRunner.java:236)
	at junit.framework.JUnit4TestAdapter.run(JUnit4TestAdapter.java:39)
	at org.apache.tools.ant.taskdefs.optional.junit.JUnitTestRunner.run(JUnitTestRunner.java:535)
	at org.apache.tools.ant.taskdefs.optional.junit.JUnitTestRunner.launch(JUnitTestRunner.java:1182)
	at org.apache.tools.ant.taskdefs.optional.junit.JUnitTestRunner.main(JUnitTestRunner.java:1033)
Caused by: /home/travis/build/icyphy/ptII/ptolemy/actor/lib/jjs/external/require.js:439 ReferenceError: "exception" is not defined
	at jdk.scripting.nashorn/jdk.nashorn.internal.runtime.ECMAErrors.error(ECMAErrors.java:57)
	at jdk.scripting.nashorn/jdk.nashorn.internal.runtime.ECMAErrors.referenceError(ECMAErrors.java:319)
	at jdk.scripting.nashorn/jdk.nashorn.internal.runtime.ECMAErrors.referenceError(ECMAErrors.java:291)
	at jdk.scripting.nashorn/jdk.nashorn.internal.objects.Global.__noSuchProperty__(Global.java:1615)
	at jdk.scripting.nashorn.scripts/jdk.nashorn.internal.scripts.Script$Recompilation$216452$require$cu1$restOf.L:45#_require(/home/travis/build/icyphy/ptII/ptolemy/actor/lib/jjs/external/require.js:439)
	at jdk.scripting.nashorn.scripts/jdk.nashorn.internal.scripts.Script$Recompilation$216364$21089A$require.L:45#_requireClosure#L:466(/home/travis/build/icyphy/ptII/ptolemy/actor/lib/jjs/external/require.js:467)
	at jdk.scripting.nashorn.scripts/jdk.nashorn.internal.scripts.Script$Recompilation$216438$1AAAAAAAAAAAAAA$\^function\_.L:1(<function>:97)
	at jdk.scripting.nashorn.scripts/jdk.nashorn.internal.scripts.Script$Recompilation$216437$17933AAAAAA$require$cu1$restOf.L:1#Accessor(/home/travis/build/icyphy/ptII/ptolemy/actor/lib/jjs/external/require.js#409:30<eval>:545)
	at jdk.scripting.nashorn.scripts/jdk.nashorn.internal.scripts.Script$Recompilation$216423$2801AAA$\^eval\_.evaluateCode(<eval>:96)
	at jdk.scripting.nashorn/jdk.nashorn.internal.runtime.ScriptFunctionData.invoke(ScriptFunctionData.java:661)
	at jdk.scripting.nashorn/jdk.nashorn.internal.runtime.ScriptFunction.invoke(ScriptFunction.java:513)
	at jdk.scripting.nashorn/jdk.nashorn.internal.runtime.ScriptRuntime.apply(ScriptRuntime.java:527)
	at jdk.scripting.nashorn/jdk.nashorn.api.scripting.ScriptObjectMirror.callMember(ScriptObjectMirror.java:198)
	at jdk.scripting.nashorn/jdk.nashorn.api.scripting.NashornScriptEngine.invokeImpl(NashornScriptEngine.java:385)
	... 76 more
java.lang.Exception: Evaluating the Tcl file "/home/travis/build/icyphy/ptII/ptolemy/configs/test/checkFullConstraints.tcl"resulted in a TclException being thrown.
The Tcl errorInfo global variable has the value:
ptolemy.kernel.util.InvalidStateException: Failed to populate Library
  in .configuration.actor library.MoreLibraries.Accessors.audio
Because:
Loading accessor failed: AudioCapture.js
  in .configuration.actor library.MoreLibraries.Accessors.audio
Because:
Error evaluating expression:
// Copyright (c) 2015-2017 The Regents of the University of California.
...
  in .configuration.actor library.MoreLibraries.Accessors.audio.AudioCapture.script
Because:
Failed to evaluate script.
  in .configuration.actor library.MoreLibraries.Accessors.audio.AudioCapture
Because:
ReferenceError: "exception" is not defined in /home/travis/build/icyphy/ptII/ptolemy/actor/lib/jjs/external/require.js at line number 439
  in .configuration.actor library.MoreLibraries.Accessors.audio.AudioCapture.script
Because:
Error evaluating expression:
// Copyright (c) 2015-2017 The Regents of the University of California.
...
  in .configuration.actor library.MoreLibraries.Accessors.audio.AudioCapture.script
Because:
Failed to evaluate script.
  in .configuration.actor library.MoreLibraries.Accessors.audio.AudioCapture
Because:
ReferenceError: "exception" is not defined in /home/travis/build/icyphy/ptII/ptolemy/actor/lib/jjs/external/require.js at line number 439
    while executing
"$configuration allAtomicEntityList"
    invoked from within
"set entityList [$configuration allAtomicEntityList]"
    (procedure "checkConstraints" line 33)
    invoked from within
"checkConstraints full/configuration.xml"
    (file "/home/travis/build/icyphy/ptII/ptolemy/configs/test/checkFullConstraints.tcl" line 53)
	at ptolemy.util.test.junit.TclTests.RunTclFile(TclTests.java:253)
	at java.base/jdk.internal.reflect.NativeMethodAccessorImpl.invoke0(Native Method)
	at java.base/jdk.internal.reflect.NativeMethodAccessorImpl.invoke(NativeMethodAccessorImpl.java:62)
	at java.base/jdk.internal.reflect.DelegatingMethodAccessorImpl.invoke(DelegatingMethodAccessorImpl.java:43)
	at java.base/java.lang.reflect.Method.invoke(Method.java:564)
	at org.junit.runners.model.FrameworkMethod$1.runReflectiveCall(FrameworkMethod.java:44)
	at org.junit.internal.runners.model.ReflectiveCallable.run(ReflectiveCallable.java:15)
	at org.junit.runners.model.FrameworkMethod.invokeExplosively(FrameworkMethod.java:41)
	at junitparams.internal.InvokeParameterisedMethod.evaluate(InvokeParameterisedMethod.java:102)
	at junitparams.internal.ParameterisedTestMethodRunner.runMethodInvoker(ParameterisedTestMethodRunner.java:47)
	at junitparams.internal.ParameterisedTestMethodRunner.runTestMethod(ParameterisedTestMethodRunner.java:41)
	at junitparams.internal.ParameterisedTestClassRunner.runParameterisedTest(ParameterisedTestClassRunner.java:143)
	at junitparams.JUnitParamsRunner.runChild(JUnitParamsRunner.java:237)
	at junitparams.JUnitParamsRunner.runChild(JUnitParamsRunner.java:215)
	at org.junit.runners.ParentRunner$3.run(ParentRunner.java:193)
	at org.junit.runners.ParentRunner$1.schedule(ParentRunner.java:52)
	at org.junit.runners.ParentRunner.runChildren(ParentRunner.java:191)
	at org.junit.runners.ParentRunner.access$000(ParentRunner.java:42)
	at org.junit.runners.ParentRunner$2.evaluate(ParentRunner.java:184)
	at org.junit.internal.runners.statements.RunAfters.evaluate(RunAfters.java:31)
	at org.junit.runners.ParentRunner.run(ParentRunner.java:236)
	at org.junit.runners.Suite.runChild(Suite.java:128)
	at org.junit.runners.Suite.runChild(Suite.java:24)
	at org.junit.runners.ParentRunner$3.run(ParentRunner.java:193)
	at org.junit.runners.ParentRunner$1.schedule(ParentRunner.java:52)
	at org.junit.runners.ParentRunner.runChildren(ParentRunner.java:191)
	at org.junit.runners.ParentRunner.access$000(ParentRunner.java:42)
	at org.junit.runners.ParentRunner$2.evaluate(ParentRunner.java:184)
	at org.junit.runners.ParentRunner.run(ParentRunner.java:236)
	at junit.framework.JUnit4TestAdapter.run(JUnit4TestAdapter.java:39)
	at org.apache.tools.ant.taskdefs.optional.junit.JUnitTestRunner.run(JUnitTestRunner.java:535)
	at org.apache.tools.ant.taskdefs.optional.junit.JUnitTestRunner.launch(JUnitTestRunner.java:1182)
	at org.apache.tools.ant.taskdefs.optional.junit.JUnitTestRunner.main(JUnitTestRunner.java:1033)
]]></system-err>
</testsuite>
