<?xml version="1.0" encoding="UTF-8" ?>
<testsuite errors="0" failures="1" hostname="travis-job-2edf9993-81cb-4893-b0f7-5939251c3276" name="ptolemy.actor.lib.test.junit.JUnitTclTest" skipped="0" tests="517" time="66.097" timestamp="2019-09-02T05:39:56">
  <properties>
    <property name="npm.executable" value="npm" />
    <property name="env.TRAVIS_ROOT" value="/" />
    <property name="ptII.mk.exists" value="true" />
    <property name="env.TRAVIS_APP_HOST" value="build.travis-ci.org" />
    <property name="env.rvm_bin_path" value="/home/travis/.rvm/bin" />
    <property name="java.home" value="/usr/local/lib/jvm/openjdk11" />
    <property name="env.TRAVIS_JOB_NUMBER" value="1315.8" />
    <property name="env.TRAVIS_HOME" value="/home/travis" />
    <property name="env.DISPLAY" value=":99.0" />
    <property name="env.TRAVIS_INIT" value="systemd" />
    <property name="env.SSH_TTY" value="/dev/pts/0" />
    <property name="java.net.preferIPv4Stack" value="true" />
    <property name="env.RUN_TESTS" value="true" />
    <property name="timeout.short" value="1000000" />
    <property name="junit.formatter" value="xml" />
    <property name="env.TRAVIS_SUDO" value="true" />
    <property name="env.TRAVIS_JOB_NAME" value="" />
    <property name="env.TRAVIS_STACK_NODE_ATTRIBUTES" value="/.node-attributes.yml" />
    <property name="env.LOGNAME" value="travis" />
    <property name="env.PT_TRAVIS_TEST_CORE1_XML" value="true" />
    <property name="jsdoc.home" value="node_modules/@terraswarm/jsdoc" />
    <property name="debuglevel" value="source,lines,vars" />
    <property name="checkstyle.formatter" value="xml" />
    <property name="env._system_version" value="16.04" />
    <property name="bin.vergil.makeable" value="true" />
    <property name="sun.os.patch.level" value="unknown" />
    <property name="java.vendor.url" value="http://java.oracle.com/" />
    <property name="env.TRAVIS_BUILD_WEB_URL" value="https://travis-ci.org/icyphy/ptII/builds/579632130" />
    <property name="java.version" value="11.0.2" />
    <property name="env.TZ" value="UTC" />
    <property name="env.TRAVIS_PULL_REQUEST_SHA" value="" />
    <property name="env.PT_NO_NET" value="true" />
    <property name="env.TRAVIS_SECURE_ENV_VARS" value="true" />
    <property name="env._system_type" value="Linux" />
    <property name="java.vendor.url.bug" value="http://bugreport.java.com/bugreport/" />
    <property name="npmjs-org-is-up" value="true" />
    <property name="env.LANGUAGE" value="en_US.UTF-8" />
    <property name="env.SSH_CLIENT" value="10.24.8.11 49854 22" />
    <property name="env.GEM_HOME" value="/home/travis/.rvm/gems/ruby-2.5.3" />
    <property name="env.HAS_ANTARES_THREE_LITTLE_FRONZIES_BADGE" value="true" />
    <property name="java.version.date" value="2019-01-15" />
    <property name="env.PS4" value="+" />
    <property name="ant.project.invoked-targets" value="build,test.core1.xml" />
    <property name="env.TRAVIS_PULL_REQUEST_BRANCH" value="" />
    <property name="env.TRAVIS_REPO_SLUG" value="icyphy/ptII" />
    <property name="env.XDG_DATA_DIRS" value="/usr/local/share:/usr/share:/var/lib/snapd/desktop" />
    <property name="jdk.debug" value="release" />
    <property name="env.TRAVIS_APT_PROXY" value="http://apt.cache.travis-ci.com" />
    <property name="node.in.path" value="true" />
    <property name="user.name" value="travis" />
    <property name="java.maxmemory" value="1400m" />
    <property name="env.RUBY_VERSION" value="ruby-2.5.3" />
    <property name="env.LANG" value="en_US.UTF-8" />
    <property name="sun.io.unicode.encoding" value="UnicodeLittle" />
    <property name="sun.jnu.encoding" value="UTF-8" />
    <property name="java.runtime.name" value="OpenJDK Runtime Environment" />
    <property name="usefile" value="false" />
    <property name="return.code" value="0" />
    <property name="junit.single.formatter" value="plain" />
    <property name="env.DYLD_LIBRARY_PATH" value="/home/travis/pthla/certi-tools/lib:" />
    <property name="env.DEBIAN_FRONTEND" value="noninteractive" />
    <property name="env.SSH_CONNECTION" value="10.24.8.11 49854 10.20.1.217 22" />
    <property name="env.MYSQL_UNIX_PORT" value="/var/run/mysqld/mysqld.sock" />
    <property name="env.LC_ALL" value="en_US.UTF-8" />
    <property name="env.TRAVIS_ALLOW_FAILURE" value="false" />
    <property name="env.TRAVIS_JOB_WEB_URL" value="https://travis-ci.org/icyphy/ptII/jobs/579632138" />
    <property name="java.specification.name" value="Java Platform API Specification" />
    <property name="node.works" value="true" />
    <property name="user.timezone" value="" />
    <property name="path.separator" value=":" />
    <property name="env.TRAVIS_ENABLE_INFRA_DETECTION" value="true" />
    <property name="env.PYTHON_CFLAGS" value="-g -fstack-protector --param=ssp-buffer-size=4 -Wformat -Werror=format-security" />
    <property name="timeout.long" value="4000000" />
    <property name="env.CERTI_HOME" value="/home/travis/pthla/certi-tools" />
    <property name="ant.file.ptII" value="/home/travis/build/icyphy/ptII/build.xml" />
    <property name="javadoc.packagenames" value="com.*,diva.*,lbnl.*,org.hlacerti.*,org.json.*,org.ptolemy.*,org.terraswarm.*,ptolemy.*,ptserver.*" />
    <property name="file.encoding" value="UTF-8" />
    <property name="env.TRAVIS_PULL_REQUEST_SLUG" value="" />
    <property name="ant.project.default-target" value="build" />
    <property name="env.GIT_ASKPASS" value="echo" />
    <property name="env.HOME" value="/home/travis" />
    <property name="sun.java.command" value="org.apache.tools.ant.taskdefs.optional.junit.JUnitTestRunner ptolemy.actor.lib.test.junit.JUnitTclTest skipNonTests=false filtertrace=true haltOnError=false haltOnFailure=false formatter=org.apache.tools.ant.taskdefs.optional.junit.OutErrSummaryJUnitResultFormatter showoutput=true outputtoformatters=true logfailedtests=true threadid=0 logtestlistenerevents=false formatter=org.apache.tools.ant.taskdefs.optional.junit.XMLJUnitResultFormatter,/home/travis/build/icyphy/ptII/reports/junit/TEST-ptolemy.actor.lib.test.junit.JUnitTclTest.xml crashfile=/home/travis/build/icyphy/ptII/junitvmwatcher676372619676029163.properties propsfile=/home/travis/build/icyphy/ptII/junit15903620528355825319.properties" />
    <property name="env.COMPOSER_NO_INTERACTION" value="1" />
    <property name="env.MANPATH" value="/home/travis/.nvm/versions/node/v7.10.1/share/man:/home/travis/.rvm/rubies/ruby-2.5.3/share/man:/usr/local/cmake-3.12.4/man:/usr/local/clang-7.0.0/share/man:/usr/local/man:/usr/local/share/man:/usr/share/man:/home/travis/.rvm/man" />
    <property name="env.TRAVIS_TIMER_ID" value="01e6d17f" />
    <property name="ant.file" value="/home/travis/build/icyphy/ptII/build.xml" />
    <property name="env.TRAVIS_COMMIT_RANGE" value="42e172ae347fdc5d0e580488fa33ff6bc00cac99...f9c12c6b2ccbd758ceec4e9ffc44e2f31da246f0" />
    <property name="env._system_name" value="Ubuntu" />
    <property name="ptII.classpath.optional.property" value="/home/travis/build/icyphy/ptII/lib/bsh-2.0b4.jar:/home/travis/build/icyphy/ptII/lib/ptCal.jar:/home/travis/build/icyphy/ptII/lib/java_cup.jar:/home/travis/build/icyphy/ptII/lib/saxon8.jar:/home/travis/build/icyphy/ptII/lib/saxon8-dom.jar:/home/travis/build/icyphy/ptII/lib/chic.jar:/home/travis/build/icyphy/ptII/lib/ptcolt.jar:/home/travis/build/icyphy/ptII/vendors/misc/itext/iText.jar:/home/travis/build/icyphy/ptII/lib/g4ltl.jar:/home/travis/build/icyphy/ptII/lib/StructuralCoder.jar:/home/travis/build/icyphy/ptII/lib/jcerti.jar:/home/travis/build/icyphy/ptII/lib/javax.mail.jar:/home/travis/build/icyphy/ptII/vendors/JMF-2.1.1e/lib/jmf.jar:/home/travis/build/icyphy/ptII/lib/jna-4.0.0-variadic.jar:/home/travis/build/icyphy/ptII/vendors/misc/joystick/Joystick.jar:/home/travis/build/icyphy/ptII/lib/ptjacl.jar:/home/travis/build/icyphy/ptII/lib/jsoup-1.8.2.jar:/home/travis/build/icyphy/ptII/lib/junit-4.8.2.jar:/home/travis/build/icyphy/ptII/lib/JUnitParams-0.4.0.jar:/home/travis/build/icyphy/ptII/ptolemy/actor/lib/excel/jxl.jar:/home/travis/build/icyphy/ptII/lib/jython.jar:/home/travis/build/icyphy/ptII/lib/kieler.jar:/home/travis/build/icyphy/ptII/vendors/opencv/share/OpenCV/java/opencv-341.jar:/home/travis/build/icyphy/ptII/lib/oscP5.jar:/home/travis/build/icyphy/ptII/lib/nrjavaserial-3.11.0.devel.jar:/home/travis/build/icyphy/ptII/vendors/j3d/lib/Linux/j3dcore.jar:/home/travis/build/icyphy/ptII/vendors/j3d/lib/Linux/j3dutils.jar:/home/travis/build/icyphy/ptII/vendors/j3d/lib/Linux/vecmath.jar:/home/travis/build/icyphy/ptII/vendors/jogl/lib/Linux/gluegen-rt-natives-linux-amd64.jar:/home/travis/build/icyphy/ptII/vendors/jogl/lib/Linux/gluegen-rt.jar:/home/travis/build/icyphy/ptII/vendors/jogl/lib/Linux/jogl-all-natives-linux-amd64.jar:/home/travis/build/icyphy/ptII/vendors/jogl/lib/Linux/jogl-all.jar:/home/travis/build/icyphy/ptII/ptolemy/distributed/jini/jar/jini-core.jar:/home/travis/build/icyphy/ptII/ptolemy/distributed/jini/jar/jini-ext.jar:/home/travis/build/icyphy/ptII/ptolemy/distributed/jini/jar/sun-util.jar:/home/travis/build/icyphy/ptII/lib/protobuf-java-2.4.1.jar:/home/travis/build/icyphy/ptII/lib/org.eclipse.paho.client.mqttv3.jar:/home/travis/build/icyphy/ptII/lib/mapss.jar:/home/travis/build/icyphy/ptII/ptolemy/actor/ptalon/antlr/antlr.jar:/home/travis/build/icyphy/ptII/lib/JRI.jar:/home/travis/build/icyphy/ptII/lib/commons-lang-2.6.jar:/home/travis/build/icyphy/ptII/lib/commons-logging-1.1.1.jar:/home/travis/build/icyphy/ptII/lib/sootclasses.jar:/home/travis/build/icyphy/ptII/ptolemy/actor/lib/database/mysql-connector-java-5.1.6-bin.jar:/home/travis/build/icyphy/ptII/vendors/misc/sphinx4/sphinx4-data-5prealpha.jar:/home/travis/build/icyphy/ptII/vendors/misc/sphinx4/sphinx4-core-5prealpha.jar:/home/travis/build/icyphy/ptII/lib/PDFRenderer.jar:/home/travis/build/icyphy/ptII/lib/svgSalamander.jar:/home/travis/build/icyphy/ptII/lib/rsyntaxtextarea-2.6.0-SNAPSHOT.jar:/home/travis/build/icyphy/ptII/lib/hazelcast-3.8.2.jar:/home/travis/build/icyphy/ptII/lib/jackson-annotations-2.9.0.jar:/home/travis/build/icyphy/ptII/lib/jackson-core-2.9.3.jar:/home/travis/build/icyphy/ptII/lib/jackson-databind-2.9.3.jar:/home/travis/build/icyphy/ptII/lib/netty-buffer-4.1.19.Final.jar:/home/travis/build/icyphy/ptII/lib/netty-codec-4.1.19.Final.jar:/home/travis/build/icyphy/ptII/lib/netty-codec-dns-4.1.19.Final.jar:/home/travis/build/icyphy/ptII/lib/netty-codec-http-4.1.19.Final.jar:/home/travis/build/icyphy/ptII/lib/netty-codec-http2-4.1.19.Final.jar:/home/travis/build/icyphy/ptII/lib/netty-common-4.1.19.Final.jar:/home/travis/build/icyphy/ptII/lib/netty-handler-4.1.19.Final.jar:/home/travis/build/icyphy/ptII/lib/netty-resolver-4.1.19.Final.jar:/home/travis/build/icyphy/ptII/lib/netty-resolver-dns-4.1.19.Final.jar:/home/travis/build/icyphy/ptII/lib/netty-transport-4.1.19.Final.jar:/home/travis/build/icyphy/ptII/lib/vertx-codegen-3.5.1.jar:/home/travis/build/icyphy/ptII/lib/vertx-core-3.5.2-SNAPSHOT.jar:/home/travis/build/icyphy/ptII/lib/vertx-hazelcast-3.5.1.jar:/home/travis/build/icyphy/ptII/lib/vertx-lang-js-3.5.1.jar:/home/travis/build/icyphy/ptII/lib/vertx-service-proxy-3.5.1.jar:/home/travis/build/icyphy/ptII/lib/vertx-web-3.5.1.jar:/home/travis/build/icyphy/ptII/lib/slf4j-api-1.7.13.jar:/home/travis/build/icyphy/ptII/lib/slf4j-simple-1.7.13.jar:/home/travis/build/icyphy/ptII/lib/webcam-capture-0.3.12.jar:/home/travis/build/icyphy/ptII/lib/bridj-0.7.0.jar:/home/travis/build/icyphy/ptII/lib/xbjlib-1.1.0.nrjavaserial.jar" />
    <property name="timeout" value="2400000" />
    <property name="test.batch" value="**/junit/*.java" />
    <property name="env._" value="/usr/bin/timeout" />
    <property name="java.io.tmpdir" value="/tmp" />
    <property name="user.language" value="en" />
    <property name="env.TRAVIS_INTERNAL_RUBY_REGEX" value="^ruby-(2\.[0-4]\.[0-9]|1\.9\.3)" />
    <property name="env.HISTCONTROL" value="ignoredups:ignorespace" />
    <property name="env.GOROOT" value="/home/travis/.gimme/versions/go1.11.1.linux.amd64" />
    <property name="line.separator" value="&#xa;" />
    <property name="target" value="11" />
    <property name="env.TRAVIS_BUILD_DIR" value="/home/travis/build/icyphy/ptII" />
    <property name="env.ANT_OPTS" value="-Xmx2048m" />
    <property name="ant.file.type" value="file" />
    <property name="ptolemy.ptII.batchMode" value="true" />
    <property name="env.HISTSIZE" value="1000" />
    <property name="env.MERB_ENV" value="test" />
    <property name="java.vm.info" value="mixed mode" />
    <property name="source" value="11" />
    <property name="java.vm.specification.name" value="Java Virtual Machine Specification" />
    <property name="env.TRAVIS_TEST_RESULT" value="0" />
    <property name="jsdoc.command" value="node_modules/@terraswarm/jsdoc/jsdoc.js" />
    <property name="npm.works" value="true" />
    <property name="cobertura.dir" value="/home/travis/build/icyphy/ptII/vendors/cobertura-2.0.3" />
    <property name="jsdoc.command.exists" value="true" />
    <property name="env.rvm_path" value="/home/travis/.rvm" />
    <property name="env.GEM_PATH" value="/home/travis/.rvm/gems/ruby-2.5.3:/home/travis/.rvm/gems/ruby-2.5.3@global" />
    <property name="env.LC_CTYPE" value="en_US.UTF-8" />
    <property name="env.TRAVIS_CMD" value="$PTII/bin/ptIITravisBuild.sh $SECONDS" />
    <property name="java.awt.printerjob" value="sun.print.PSPrinterJob" />
    <property name="env.TRAVIS_STACK_NAME" value="sardonyx" />
    <property name="env.TRAVIS_TIMER_START_TIME" value="1567402062642809373" />
    <property name="ant.version" value="Apache Ant(TM) version 1.10.1 compiled on February 2 2017" />
    <property name="ptII.reports" value="/home/travis/build/icyphy/ptII/reports" />
    <property name="env.TRAVIS_STACK_TIMESTAMP" value="2019-03-25 16:16:56 UTC" />
    <property name="ant.file.type.ptII" value="file" />
    <property name="env.RBENV_SHELL" value="bash" />
    <property name="os.name" value="Linux" />
    <property name="java.specification.vendor" value="Oracle Corporation" />
    <property name="env.rvm_version" value="1.29.7 (latest)" />
    <property name="env.TRAVIS_INFRA" value="unknown" />
    <property name="env.TERM" value="xterm" />
    <property name="java.vm.name" value="OpenJDK 64-Bit Server VM" />
    <property name="env.TRAVIS_BUILD_NUMBER" value="1315" />
    <property name="env.CI" value="true" />
    <property name="java.library.path" value="/home/travis/pthla/certi-tools/lib:/usr/lib/jni:/usr/local/share/OpenCV/java/:/usr/share/OpenCV/java::/usr/java/packages/lib:/usr/lib64:/lib64:/lib:/usr/lib" />
    <property name="jdk.module.path" value="/home/travis/build/icyphy/ptII/vendors/javafx/javafx-sdk-11.0.2/lib:" />
    <property name="env.rvm_prefix" value="/home/travis" />
    <property name="env.PATH" value="/home/travis/pthla/certi-tools/share/scripts:/home/travis/.rvm/gems/ruby-2.5.3/bin:/home/travis/.rvm/gems/ruby-2.5.3@global/bin:/home/travis/.rvm/rubies/ruby-2.5.3/bin:/home/travis/.rvm/bin:/home/travis/.nvm/versions/node/v7.10.1/bin:./node_modules/.bin:/home/travis/build/icyphy/ptII/bin:/home/travis/pthla/certi-tools/bin:/home/travis/bin:/home/travis/.local/bin:/usr/local/lib/jvm/openjdk11/bin:/opt/pyenv/shims:/home/travis/.phpenv/shims:/home/travis/perl5/perlbrew/bin:/home/travis/gopath/bin:/home/travis/.gimme/versions/go1.11.1.linux.amd64/bin:/usr/local/maven-3.6.0/bin:/usr/local/cmake-3.12.4/bin:/usr/local/clang-7.0.0/bin:/usr/local/sbin:/usr/local/bin:/usr/sbin:/usr/bin:/sbin:/bin:/snap/bin:/home/travis/.phpenv/bin:/opt/pyenv/bin:/home/travis/.yarn/bin" />
    <property name="env.TRAVIS_OS_NAME" value="linux" />
    <property name="ant.java.version" value="9" />
    <property name="basedir" value="/home/travis/build/icyphy/ptII" />
    <property name="java.class.version" value="55.0" />
    <property name="env.SHLVL" value="3" />
    <property name="env.LD_LIBRARY_PATH" value="/home/travis/pthla/certi-tools/lib:/usr/lib/jni:/usr/local/share/OpenCV/java/:/usr/share/OpenCV/java:" />
    <property name="env.RACK_ENV" value="test" />
    <property name="ant.home" value="/home/travis/build/icyphy/ptII/ant" />
    <property name="env.NVM_DIR" value="/home/travis/.nvm" />
    <property name="env.CERTI_FOM_PATH" value="/home/travis/pthla/certi-tools/share/federations" />
    <property name="env.TRAVIS_BUILD_ID" value="579632130" />
    <property name="env.PYENV_ROOT" value="/opt/pyenv" />
    <property name="env.TRAVIS_UID" value="2000" />
    <property name="prism.verbose" value="true" />
    <property name="env.NVM_BIN" value="/home/travis/.nvm/versions/node/v7.10.1/bin" />
    <property name="env.TRAVIS_COMMIT" value="f9c12c6b2ccbd758ceec4e9ffc44e2f31da246f0" />
    <property name="env._system_arch" value="x86_64" />
    <property name="node.executable" value="node" />
    <property name="sun.boot.library.path" value="/usr/local/lib/jvm/openjdk11/lib" />
    <property name="sun.management.compiler" value="HotSpot 64-Bit Tiered Compilers" />
    <property name="java.awt.graphicsenv" value="sun.awt.X11GraphicsEnvironment" />
    <property name="env.GOPATH" value="/home/travis/gopath" />
    <property name="ptolemy.ptII.dir" value="/home/travis/build/icyphy/ptII" />
    <property name="env.USER" value="travis" />
    <property name="env.HISTFILESIZE" value="2000" />
    <property name="timeout.longest" value="19000000" />
    <property name="env.PERLBREW_SHELLRC_VERSION" value="0.86" />
    <property name="env.TRAVIS_STACK_FEATURES" value="basic couchdb disabled-ipv6 docker docker-compose elasticsearch firefox go-toolchain google-chrome jdk memcached mongodb mysql nodejs_interpreter perl_interpreter perlbrew phantomjs postgresql python_interpreter redis ruby_interpreter sqlite xserver" />
    <property name="env.TRAVIS_PULL_REQUEST" value="false" />
    <property name="env.PYENV_SHELL" value="bash" />
    <property name="ant.project.name" value="ptII" />
    <property name="env.ANSI_RESET" value="\033[0m" />
    <property name="java.vm.specification.version" value="11" />
    <property name="env.TRAVIS_DIST" value="xenial" />
    <property name="env.CERTI_VERSION" value="4.0.0" />
    <property name="env.CERTI_HOST" value="localhost" />
    <property name="awt.toolkit" value="sun.awt.X11.XToolkit" />
    <property name="env.MY_RUBY_HOME" value="/home/travis/.rvm/rubies/ruby-2.5.3" />
    <property name="sun.cpu.isalist" value="" />
    <property name="env.TRAVIS_TMPDIR" value="/tmp/tmp.mSHlvubI7u" />
    <property name="java.vm.compressedOopsMode" value="Zero based" />
    <property name="os.version" value="4.15.0-1028-gcp" />
    <property name="user.home" value="/home/travis" />
    <property name="java.vm.vendor" value="Oracle Corporation" />
    <property name="env.TRAVIS_TAG" value="nightly" />
    <property name="env.ANSI_YELLOW" value="\033[33;1m" />
    <property name="env.TRAVIS_FILTERED" value="redirect_io" />
    <property name="env.ANSI_GREEN" value="\033[32;1m" />
    <property name="env.JAVA_HOME" value="/usr/local/lib/jvm/openjdk11" />
    <property name="javadoc.excludepackagenames" value="adm.cvs2svn.*,build.*,config.*,doc.coding.templates.*,jni.test.jni.meaningOfLife.*,jni.test.jni.testDeux.*,jni.test.jni.testTrois.*,org.terraswarm.accessor.accessors.web.node_modules.*,org.terraswarm.accessor.accessors.web.hosts.cordova.demo.*,org.terraswarm.accessor.accessors.web.hosts.cordova.plugins.*,org.terraswarm.accessor.accessors-svn.*,pt-modules.*,ptolemy.apps.agilent.*,ptolemy.apps.anytimecontrol.*,ptolemy.apps.apes.*,ptolemy.apps.charon.*,ptolemy.apps.crazyboard.*,ptolemy.apps.eclipse.*,ptolemy.apps.etherealSting.*,ptolemy.apps.fullscreen.*,ptolemy.apps.giotto.*,ptolemy.apps.ia.*,ptolemy.apps.interfaces.*,ptolemy.apps.jmf.*,ptolemy.apps.kurt.*,ptolemy.apps.kvm.*,ptolemy.apps.lego.*,ptolemy.apps.lejos.*,ptolemy.apps.midp.*,ptolemy.apps.mobileCoding.*,ptolemy.apps.pendulum.*,ptolemy.apps.rijndael.*,ptolemy.apps.robot.*,ptolemy.apps.security.*,ptolemy.apps.sobel.*,ptolemy.apps.soot.*,ptolemy.apps.throttle.*,ptolemy.apps.tini.*,ptolemy.apps.transmission.*,ptolemy.apps.vergil.*,ptolemy.apps.waba.*,ptolemy.apps.websensor.*,ptolemy.apps.webstart.*,ptolemy.apps.xsl.*,ptolemy.apps.zaurus.*,ptolemy.codegen.c.actor.lib.oldJavaFiles.*,ptolemy.codegen.dsp.lib.*,ptolemy.codegen.kernel.newInterfaces.*,ptolemy.codegen.lib.*,ptolemy.copernicus.kernel.fragment.*,ptolemy.copernicus.shallow.cg.*,ptolemy.domains.giotto.demo.Hierarchy.Hierarchy.*,ptolemy.domains.giotto.demo.Multimode.Multimode.*,ptolemy.domains.giotto.demo.Simple.Simple.*,ptolemy.domains.gr.lib.experimental.*,ptolemy.domains.gro.*,ptolemy.domains.pdf.*,ptolemy.domains.ptinyos.demo.Surge.output.*,ptolemy.moml.test.NoPackageActor.java*,ptolemy.plot.adm.*,ptolemy.plot.servlet.*,reports.*,signed.*,src.*,target.*,vendors.*,ptolemy.copernicus.applet.*,ptolemy.media.viewer.*,ptolemy.actor.corba.*,doc.doclets.*,ptolemy.apps.eclipse.awt.*,ptolemy.backtrack.*,ptolemy.backtrack.ast.*,ptolemy.cg.adapter.generic.program.procedural.c.mbed*,ptolemy.homer.*,ptolemy.actor.lib.jai.*,org.ptolemy.scala.*,diva.util.java2d.svg.*,ptolemy.domains.ptinyos.*,ptolemy.actor.lib.fmi.fmipp.*,,org.terraswarm.accessor.accessors.web.node_modules.*,org.terraswarm.accessor.accessors-svn,ptolemy.apps.*,ptolemy.actor.ptalon.demo.ptinyos.SendAndReceiveCnt.output,ptolemy.actor.ptalon.demo.ptinyos.SenseToLeds.output,ptolemy.domains.ptinyos.demo.CntToLedsAndRfm.output,ptolemy.domains.ptinyos.demo.RfmToLeds.output,ptolemy.domains.ptinyos.demo.SendAndReceiveCnt.output,ptolemy.domains.ptinyos.demo.SenseToLeds.output,ptolemy.actor.lib.jjs.modules.udpSocket.*" />
    <property name="env.PTII" value="/home/travis/build/icyphy/ptII" />
    <property name="env.XDG_SESSION_ID" value="2" />
    <property name="keystore" value="ptKeystore" />
    <property name="env.TRAVIS_COMMIT_MESSAGE" value="Removed mention of svn." />
    <property name="junit.output.dir" value="/home/travis/build/icyphy/ptII/reports/junit" />
    <property name="npm.return.code" value="0" />
    <property name="user.dir" value="/home/travis/build/icyphy/ptII/ptolemy/actor/lib/test" />
    <property name="env.TRAVIS_NODE_VERSION" value="7" />
    <property name="env.TRAVIS_EVENT_TYPE" value="cron" />
    <property name="env.MAIL" value="/var/mail/travis" />
    <property name="env.PERLBREW_ROOT" value="/home/travis/perl5/perlbrew" />
    <property name="env.PWD" value="/home/travis/build/icyphy/ptII" />
    <property name="timeout.npm" value="45000" />
    <property name="env.TRAVIS_ARCH" value="amd64" />
    <property name="sun.cpu.endian" value="little" />
    <property name="env.PAGER" value="cat" />
    <property name="env.TRAVIS_BUILD_STAGE_NAME" value="Test" />
    <property name="env.PERLBREW_HOME" value="/home/travis/.perlbrew" />
    <property name="java.vm.version" value="11.0.2+9" />
    <property name="env.RAILS_ENV" value="test" />
    <property name="java.class.path" value="/home/travis/.ptolemyII:/home/travis/.ptolemyII/*:/home/travis/build/icyphy/ptII:/home/travis/build/icyphy/ptII/lib/bsh-2.0b4.jar:/home/travis/build/icyphy/ptII/lib/ptCal.jar:/home/travis/build/icyphy/ptII/lib/java_cup.jar:/home/travis/build/icyphy/ptII/lib/saxon8.jar:/home/travis/build/icyphy/ptII/lib/saxon8-dom.jar:/home/travis/build/icyphy/ptII/lib/chic.jar:/home/travis/build/icyphy/ptII/lib/ptcolt.jar:/home/travis/build/icyphy/ptII/vendors/misc/itext/iText.jar:/home/travis/build/icyphy/ptII/lib/g4ltl.jar:/home/travis/build/icyphy/ptII/lib/StructuralCoder.jar:/home/travis/build/icyphy/ptII/lib/jcerti.jar:/home/travis/build/icyphy/ptII/lib/javax.mail.jar:/home/travis/build/icyphy/ptII/vendors/JMF-2.1.1e/lib/jmf.jar:/home/travis/build/icyphy/ptII/lib/jna-4.0.0-variadic.jar:/home/travis/build/icyphy/ptII/vendors/misc/joystick/Joystick.jar:/home/travis/build/icyphy/ptII/lib/ptjacl.jar:/home/travis/build/icyphy/ptII/lib/jsoup-1.8.2.jar:/home/travis/build/icyphy/ptII/lib/junit-4.8.2.jar:/home/travis/build/icyphy/ptII/lib/JUnitParams-0.4.0.jar:/home/travis/build/icyphy/ptII/ptolemy/actor/lib/excel/jxl.jar:/home/travis/build/icyphy/ptII/lib/jython.jar:/home/travis/build/icyphy/ptII/lib/kieler.jar:/home/travis/build/icyphy/ptII/vendors/opencv/share/OpenCV/java/opencv-341.jar:/home/travis/build/icyphy/ptII/lib/oscP5.jar:/home/travis/build/icyphy/ptII/lib/nrjavaserial-3.11.0.devel.jar:/home/travis/build/icyphy/ptII/vendors/j3d/lib/Linux/j3dcore.jar:/home/travis/build/icyphy/ptII/vendors/j3d/lib/Linux/j3dutils.jar:/home/travis/build/icyphy/ptII/vendors/j3d/lib/Linux/vecmath.jar:/home/travis/build/icyphy/ptII/vendors/jogl/lib/Linux/gluegen-rt-natives-linux-amd64.jar:/home/travis/build/icyphy/ptII/vendors/jogl/lib/Linux/gluegen-rt.jar:/home/travis/build/icyphy/ptII/vendors/jogl/lib/Linux/jogl-all-natives-linux-amd64.jar:/home/travis/build/icyphy/ptII/vendors/jogl/lib/Linux/jogl-all.jar:/home/travis/build/icyphy/ptII/ptolemy/distributed/jini/jar/jini-core.jar:/home/travis/build/icyphy/ptII/ptolemy/distributed/jini/jar/jini-ext.jar:/home/travis/build/icyphy/ptII/ptolemy/distributed/jini/jar/sun-util.jar:/home/travis/build/icyphy/ptII/lib/protobuf-java-2.4.1.jar:/home/travis/build/icyphy/ptII/lib/org.eclipse.paho.client.mqttv3.jar:/home/travis/build/icyphy/ptII/lib/mapss.jar:/home/travis/build/icyphy/ptII/ptolemy/actor/ptalon/antlr/antlr.jar:/home/travis/build/icyphy/ptII/lib/JRI.jar:/home/travis/build/icyphy/ptII/lib/commons-lang-2.6.jar:/home/travis/build/icyphy/ptII/lib/commons-logging-1.1.1.jar:/home/travis/build/icyphy/ptII/lib/sootclasses.jar:/home/travis/build/icyphy/ptII/ptolemy/actor/lib/database/mysql-connector-java-5.1.6-bin.jar:/home/travis/build/icyphy/ptII/vendors/misc/sphinx4/sphinx4-data-5prealpha.jar:/home/travis/build/icyphy/ptII/vendors/misc/sphinx4/sphinx4-core-5prealpha.jar:/home/travis/build/icyphy/ptII/lib/PDFRenderer.jar:/home/travis/build/icyphy/ptII/lib/svgSalamander.jar:/home/travis/build/icyphy/ptII/lib/rsyntaxtextarea-2.6.0-SNAPSHOT.jar:/home/travis/build/icyphy/ptII/lib/hazelcast-3.8.2.jar:/home/travis/build/icyphy/ptII/lib/jackson-annotations-2.9.0.jar:/home/travis/build/icyphy/ptII/lib/jackson-core-2.9.3.jar:/home/travis/build/icyphy/ptII/lib/jackson-databind-2.9.3.jar:/home/travis/build/icyphy/ptII/lib/netty-buffer-4.1.19.Final.jar:/home/travis/build/icyphy/ptII/lib/netty-codec-4.1.19.Final.jar:/home/travis/build/icyphy/ptII/lib/netty-codec-dns-4.1.19.Final.jar:/home/travis/build/icyphy/ptII/lib/netty-codec-http-4.1.19.Final.jar:/home/travis/build/icyphy/ptII/lib/netty-codec-http2-4.1.19.Final.jar:/home/travis/build/icyphy/ptII/lib/netty-common-4.1.19.Final.jar:/home/travis/build/icyphy/ptII/lib/netty-handler-4.1.19.Final.jar:/home/travis/build/icyphy/ptII/lib/netty-resolver-4.1.19.Final.jar:/home/travis/build/icyphy/ptII/lib/netty-resolver-dns-4.1.19.Final.jar:/home/travis/build/icyphy/ptII/lib/netty-transport-4.1.19.Final.jar:/home/travis/build/icyphy/ptII/lib/vertx-codegen-3.5.1.jar:/home/travis/build/icyphy/ptII/lib/vertx-core-3.5.2-SNAPSHOT.jar:/home/travis/build/icyphy/ptII/lib/vertx-hazelcast-3.5.1.jar:/home/travis/build/icyphy/ptII/lib/vertx-lang-js-3.5.1.jar:/home/travis/build/icyphy/ptII/lib/vertx-service-proxy-3.5.1.jar:/home/travis/build/icyphy/ptII/lib/vertx-web-3.5.1.jar:/home/travis/build/icyphy/ptII/lib/slf4j-api-1.7.13.jar:/home/travis/build/icyphy/ptII/lib/slf4j-simple-1.7.13.jar:/home/travis/build/icyphy/ptII/lib/webcam-capture-0.3.12.jar:/home/travis/build/icyphy/ptII/lib/bridj-0.7.0.jar:/home/travis/build/icyphy/ptII/lib/xbjlib-1.1.0.nrjavaserial.jar:/home/travis/build/icyphy/ptII/ptolemy/moml/test:/home/travis/build/icyphy/ptII/ant/lib/ant-launcher.jar:/home/travis/build/icyphy/ptII/ant/lib/ant.jar:/home/travis/build/icyphy/ptII/ant/lib/ant-junit.jar:/home/travis/build/icyphy/ptII/ant/lib/ant-junit4.jar" />
    <property name="ant.library.dir" value="/home/travis/build/icyphy/ptII/ant/lib" />
    <property name="os.arch" value="amd64" />
    <property name="env.CONTINUOUS_INTEGRATION" value="true" />
    <property name="env.TRAVIS_LANGUAGE" value="node_js" />
    <property name="env.TRAVIS_STACK_LANGUAGES" value="__sardonyx__ c c++ clojure cplusplus cpp default generic go groovy java node_js php pure_java python ruby scala" />
    <property name="test.name" value="ptolemy.actor.lib.test.junit.JUnitTclTest" />
    <property name="env.APT_KEY_DONT_WARN_ON_DANGEROUS_USAGE" value="1" />
    <property name="sun.java.launcher" value="SUN_STANDARD" />
    <property name="env.PYTHON_CONFIGURE_OPTS" value="--enable-unicode=ucs4 --with-wide-unicode --enable-shared --enable-ipv6 --enable-loadable-sqlite-extensions --with-computed-gotos" />
    <property name="ant.core.lib" value="/home/travis/build/icyphy/ptII/ant/lib/ant.jar" />
    <property name="java.vm.specification.vendor" value="Oracle Corporation" />
    <property name="env.BCVTB_HOME" value="/home/travis/build/icyphy/ptII/lbnl" />
    <property name="file.separator" value="/" />
    <property name="spotbugs.home" value="/home/travis/build/icyphy/ptII/vendors/spotbugs-3.1.1" />
    <property name="java.runtime.version" value="11.0.2+9" />
    <property name="env.ANSI_CLEAR" value="\033[0K" />
    <property name="javafx.verbose" value="true" />
    <property name="env.HAS_JOSH_K_SEAL_OF_APPROVAL" value="true" />
    <property name="env.XDG_RUNTIME_DIR" value="/run/user/2000" />
    <property name="env.TRAVIS_OSX_IMAGE" value="" />
    <property name="env.TRAVIS_JOB_ID" value="579632138" />
    <property name="env.TRAVIS_BRANCH" value="master" />
    <property name="user.country" value="US" />
    <property name="env.CERTI_HOME_TRAVIS" value="/home/travis/pthla/certi-tools" />
    <property name="env.SHELL" value="/bin/bash" />
    <property name="java.maxmemory.large" value="3200m" />
    <property name="model" value="" />
    <property name="env.CASHER_DIR" value="/home/travis/.casher" />
    <property name="env.NVM_CD_FLAGS" value="" />
    <property name="java.vendor.version" value="18.9" />
    <property name="jshint.executable" value="/home/travis/node_modules/jshint/bin/jshint" />
    <property name="env.JRUBY_OPTS" value=" --client -J-XX:+TieredCompilation -J-XX:TieredStopAtLevel=1 -J-Xss2m -Xcompile.invokedynamic=false" />
    <property name="java.vendor" value="Oracle Corporation" />
    <property name="env.TRAVIS_PRE_CHEF_BOOTSTRAP_TIME" value="2019-03-25T16:16:42" />
    <property name="env.TRAVIS_STACK_JOB_BOARD_REGISTER" value="/.job-board-register.yml" />
    <property name="env.ANSI_RED" value="\033[31;1m" />
    <property name="java.specification.version" value="11" />
    <property name="env.IRBRC" value="/home/travis/.rvm/rubies/ruby-2.5.3/.irbrc" />
    <property name="env.TRAVIS" value="true" />
    <property name="sun.arch.data.model" value="64" />
  </properties>
  <testcase classname="ptolemy.util.test.junit.TclTests" name="[0] /home/travis/build/icyphy/ptII/ptolemy/actor/lib/test/AbsoluteValue.tcl (RunTclFile)" time="0.569" />
  <testcase classname="ptolemy.util.test.junit.TclTests" name="[1] /home/travis/build/icyphy/ptII/ptolemy/actor/lib/test/AddSubtract.tcl (RunTclFile)" time="0.15" />
  <testcase classname="ptolemy.util.test.junit.TclTests" name="[2] /home/travis/build/icyphy/ptII/ptolemy/actor/lib/test/Average.tcl (RunTclFile)" time="0.081" />
  <testcase classname="ptolemy.util.test.junit.TclTests" name="[3] /home/travis/build/icyphy/ptII/ptolemy/actor/lib/test/Bernoulli.tcl (RunTclFile)" time="0.026" />
  <testcase classname="ptolemy.util.test.junit.TclTests" name="[4] /home/travis/build/icyphy/ptII/ptolemy/actor/lib/test/Clock.tcl (RunTclFile)" time="0.116" />
  <testcase classname="ptolemy.util.test.junit.TclTests" name="[5] /home/travis/build/icyphy/ptII/ptolemy/actor/lib/test/Commutator.tcl (RunTclFile)" time="0.191" />
  <testcase classname="ptolemy.util.test.junit.TclTests" name="[6] /home/travis/build/icyphy/ptII/ptolemy/actor/lib/test/Const.tcl (RunTclFile)" time="0.14" />
  <testcase classname="ptolemy.util.test.junit.TclTests" name="[7] /home/travis/build/icyphy/ptII/ptolemy/actor/lib/test/CurrentTime.tcl (RunTclFile)" time="0.023" />
  <testcase classname="ptolemy.util.test.junit.TclTests" name="[8] /home/travis/build/icyphy/ptII/ptolemy/actor/lib/test/DB.tcl (RunTclFile)" time="0.057" />
  <testcase classname="ptolemy.util.test.junit.TclTests" name="[9] /home/travis/build/icyphy/ptII/ptolemy/actor/lib/test/DiscreteRandomSource.tcl (RunTclFile)" time="0.042" />
  <testcase classname="ptolemy.util.test.junit.TclTests" name="[10] /home/travis/build/icyphy/ptII/ptolemy/actor/lib/test/Distributor.tcl (RunTclFile)" time="0.042" />
  <testcase classname="ptolemy.util.test.junit.TclTests" name="[11] /home/travis/build/icyphy/ptII/ptolemy/actor/lib/test/Exit.tcl (RunTclFile)" time="0.114" />
  <testcase classname="ptolemy.util.test.junit.TclTests" name="[12] /home/travis/build/icyphy/ptII/ptolemy/actor/lib/test/Expression.tcl (RunTclFile)" time="0.152" />
  <testcase classname="ptolemy.util.test.junit.TclTests" name="[13] /home/travis/build/icyphy/ptII/ptolemy/actor/lib/test/Gaussian.tcl (RunTclFile)" time="1.012" />
  <testcase classname="ptolemy.util.test.junit.TclTests" name="[14] /home/travis/build/icyphy/ptII/ptolemy/actor/lib/test/IIR.tcl (RunTclFile)" time="0.033" />
  <testcase classname="ptolemy.util.test.junit.TclTests" name="[15] /home/travis/build/icyphy/ptII/ptolemy/actor/lib/test/Interpolator.tcl (RunTclFile)" time="0.105" />
  <testcase classname="ptolemy.util.test.junit.TclTests" name="[16] /home/travis/build/icyphy/ptII/ptolemy/actor/lib/test/MathFunction.tcl (RunTclFile)" time="0.057" />
  <testcase classname="ptolemy.util.test.junit.TclTests" name="[17] /home/travis/build/icyphy/ptII/ptolemy/actor/lib/test/Maximum.tcl (RunTclFile)" time="0.042" />
  <testcase classname="ptolemy.util.test.junit.TclTests" name="[18] /home/travis/build/icyphy/ptII/ptolemy/actor/lib/test/Minimum.tcl (RunTclFile)" time="0.054" />
  <testcase classname="ptolemy.util.test.junit.TclTests" name="[19] /home/travis/build/icyphy/ptII/ptolemy/actor/lib/test/MultiplyDivide.tcl (RunTclFile)" time="0.025" />
  <testcase classname="ptolemy.util.test.junit.TclTests" name="[20] /home/travis/build/icyphy/ptII/ptolemy/actor/lib/test/OrderedMerge.tcl (RunTclFile)" time="0.113" />
  <testcase classname="ptolemy.util.test.junit.TclTests" name="[21] /home/travis/build/icyphy/ptII/ptolemy/actor/lib/test/Publisher.tcl (RunTclFile)" time="0.879" />
  <testcase classname="ptolemy.util.test.junit.TclTests" name="[22] /home/travis/build/icyphy/ptII/ptolemy/actor/lib/test/Pulse.tcl (RunTclFile)" time="0.051" />
  <testcase classname="ptolemy.util.test.junit.TclTests" name="[23] /home/travis/build/icyphy/ptII/ptolemy/actor/lib/test/Ramp.tcl (RunTclFile)" time="2.504" />
  <testcase classname="ptolemy.util.test.junit.TclTests" name="[24] /home/travis/build/icyphy/ptII/ptolemy/actor/lib/test/RampContinuous.tcl (RunTclFile)" time="0.024" />
  <testcase classname="ptolemy.util.test.junit.TclTests" name="[25] /home/travis/build/icyphy/ptII/ptolemy/actor/lib/test/RecordAssembler.tcl (RunTclFile)" time="0.018" />
  <testcase classname="ptolemy.util.test.junit.TclTests" name="[26] /home/travis/build/icyphy/ptII/ptolemy/actor/lib/test/RecordDisassembler.tcl (RunTclFile)" time="0.038" />
  <testcase classname="ptolemy.util.test.junit.TclTests" name="[27] /home/travis/build/icyphy/ptII/ptolemy/actor/lib/test/Scale.tcl (RunTclFile)" time="0.033" />
  <testcase classname="ptolemy.util.test.junit.TclTests" name="[28] /home/travis/build/icyphy/ptII/ptolemy/actor/lib/test/SequentialClock.tcl (RunTclFile)" time="0.015" />
  <testcase classname="ptolemy.util.test.junit.TclTests" name="[29] /home/travis/build/icyphy/ptII/ptolemy/actor/lib/test/SetVariable.tcl (RunTclFile)" time="0.038">
    <failure message="Number of failed tests is has increased. expected:&lt;0&gt; but was:&lt;1&gt;" type="junit.framework.AssertionFailedError">junit.framework.AssertionFailedError: Number of failed tests is has increased. expected:&lt;0&gt; but was:&lt;1&gt;
	at ptolemy.util.test.junit.TclTests.RunTclFile(TclTests.java:286)
	at jdk.internal.reflect.GeneratedMethodAccessor19.invoke(Unknown Source)
	at java.base/jdk.internal.reflect.DelegatingMethodAccessorImpl.invoke(DelegatingMethodAccessorImpl.java:43)
	at junitparams.internal.InvokeParameterisedMethod.evaluate(InvokeParameterisedMethod.java:102)
	at junitparams.internal.ParameterisedTestMethodRunner.runMethodInvoker(ParameterisedTestMethodRunner.java:47)
	at junitparams.internal.ParameterisedTestMethodRunner.runTestMethod(ParameterisedTestMethodRunner.java:41)
	at junitparams.internal.ParameterisedTestClassRunner.runParameterisedTest(ParameterisedTestClassRunner.java:143)
	at junitparams.JUnitParamsRunner.runChild(JUnitParamsRunner.java:237)
	at junitparams.JUnitParamsRunner.runChild(JUnitParamsRunner.java:215)
</failure>
  </testcase>
  <testcase classname="ptolemy.util.test.junit.TclTests" name="[30] /home/travis/build/icyphy/ptII/ptolemy/actor/lib/test/Sinewave.tcl (RunTclFile)" time="0.028" />
  <testcase classname="ptolemy.util.test.junit.TclTests" name="[31] /home/travis/build/icyphy/ptII/ptolemy/actor/lib/test/SubscriptionAggregator.tcl (RunTclFile)" time="2.544" />
  <testcase classname="ptolemy.util.test.junit.TclTests" name="[32] /home/travis/build/icyphy/ptII/ptolemy/actor/lib/test/Test.tcl (RunTclFile)" time="0.094" />
  <testcase classname="ptolemy.util.test.junit.TclTests" name="[33] /home/travis/build/icyphy/ptII/ptolemy/actor/lib/test/TestExceptionHandler.tcl (RunTclFile)" time="0.013" />
  <testcase classname="ptolemy.util.test.junit.TclTests" name="[34] /home/travis/build/icyphy/ptII/ptolemy/actor/lib/test/UnionDisassembler.tcl (RunTclFile)" time="0.082" />
  <testcase classname="ptolemy.util.test.junit.TclTests" name="[35] /home/travis/build/icyphy/ptII/ptolemy/actor/lib/test/VariableClock.tcl (RunTclFile)" time="0.034" />
  <testcase classname="ptolemy.util.test.junit.AutoKnownFailedTests" name="[0] /home/travis/build/icyphy/ptII/ptolemy/actor/lib/test/auto/knownFailedTests/PublisherPortToplevelSubscriber.xml (RunModel)" time="0.026" />
  <testcase classname="ptolemy.util.test.junit.AutoKnownFailedTests" name="[1] /home/travis/build/icyphy/ptII/ptolemy/actor/lib/test/auto/knownFailedTests/PublisherSubscriberPortToplevel.xml (RunModel)" time="0.023" />
  <testcase classname="ptolemy.util.test.junit.AutoKnownFailedTests" name="[2] /home/travis/build/icyphy/ptII/ptolemy/actor/lib/test/auto/knownFailedTests/PublisherSubscriptionAggregatorPort.xml (RunModel)" time="0.024" />
  <testcase classname="ptolemy.util.test.junit.AutoKnownFailedTests" name="[3] /home/travis/build/icyphy/ptII/ptolemy/actor/lib/test/auto/knownFailedTests/sizedarray3.xml (RunModel)" time="0.044" />
  <testcase classname="ptolemy.util.test.junit.AutoNameArchTests" name="[0] ThereAreNoAutoArchTests (RunModel)" time="0.001" />
  <testcase classname="ptolemy.util.test.junit.AutoTests" name="[0] /home/travis/build/icyphy/ptII/ptolemy/actor/lib/test/auto/AbsoluteValue.xml (RunModel)" time="0.112" />
  <testcase classname="ptolemy.util.test.junit.AutoTests" name="[1] /home/travis/build/icyphy/ptII/ptolemy/actor/lib/test/auto/AbsoluteValue2.xml (RunModel)" time="0.077" />
  <testcase classname="ptolemy.util.test.junit.AutoTests" name="[2] /home/travis/build/icyphy/ptII/ptolemy/actor/lib/test/auto/Accumulator.xml (RunModel)" time="0.076" />
  <testcase classname="ptolemy.util.test.junit.AutoTests" name="[3] /home/travis/build/icyphy/ptII/ptolemy/actor/lib/test/auto/Accumulator2.xml (RunModel)" time="0.06" />
  <testcase classname="ptolemy.util.test.junit.AutoTests" name="[4] /home/travis/build/icyphy/ptII/ptolemy/actor/lib/test/auto/Accumulator3.xml (RunModel)" time="0.029" />
  <testcase classname="ptolemy.util.test.junit.AutoTests" name="[5] /home/travis/build/icyphy/ptII/ptolemy/actor/lib/test/auto/ArrayAppend.xml (RunModel)" time="0.037" />
  <testcase classname="ptolemy.util.test.junit.AutoTests" name="[6] /home/travis/build/icyphy/ptII/ptolemy/actor/lib/test/auto/ArrayAppend2.xml (RunModel)" time="0.477" />
  <testcase classname="ptolemy.util.test.junit.AutoTests" name="[7] /home/travis/build/icyphy/ptII/ptolemy/actor/lib/test/auto/ArrayAppend3.xml (RunModel)" time="0.036" />
  <testcase classname="ptolemy.util.test.junit.AutoTests" name="[8] /home/travis/build/icyphy/ptII/ptolemy/actor/lib/test/auto/ArrayAppend4.xml (RunModel)" time="0.029" />
  <testcase classname="ptolemy.util.test.junit.AutoTests" name="[9] /home/travis/build/icyphy/ptII/ptolemy/actor/lib/test/auto/ArrayAppend5.xml (RunModel)" time="0.018" />
  <testcase classname="ptolemy.util.test.junit.AutoTests" name="[10] /home/travis/build/icyphy/ptII/ptolemy/actor/lib/test/auto/ArrayAppend6.xml (RunModel)" time="0.02" />
  <testcase classname="ptolemy.util.test.junit.AutoTests" name="[11] /home/travis/build/icyphy/ptII/ptolemy/actor/lib/test/auto/ArrayAppendPerformanceTest.xml (RunModel)" time="0.081" />
  <testcase classname="ptolemy.util.test.junit.AutoTests" name="[12] /home/travis/build/icyphy/ptII/ptolemy/actor/lib/test/auto/ArrayAppendWithEmptyInput.xml (RunModel)" time="0.062" />
  <testcase classname="ptolemy.util.test.junit.AutoTests" name="[13] /home/travis/build/icyphy/ptII/ptolemy/actor/lib/test/auto/ArrayAverage.xml (RunModel)" time="0.059" />
  <testcase classname="ptolemy.util.test.junit.AutoTests" name="[14] /home/travis/build/icyphy/ptII/ptolemy/actor/lib/test/auto/ArrayContains.xml (RunModel)" time="0.024" />
  <testcase classname="ptolemy.util.test.junit.AutoTests" name="[15] /home/travis/build/icyphy/ptII/ptolemy/actor/lib/test/auto/ArrayElement.xml (RunModel)" time="0.026" />
  <testcase classname="ptolemy.util.test.junit.AutoTests" name="[16] /home/travis/build/icyphy/ptII/ptolemy/actor/lib/test/auto/ArrayElementAsMatrix.xml (RunModel)" time="0.073" />
  <testcase classname="ptolemy.util.test.junit.AutoTests" name="[17] /home/travis/build/icyphy/ptII/ptolemy/actor/lib/test/auto/ArrayElementI.xml (RunModel)" time="0.058" />
  <testcase classname="ptolemy.util.test.junit.AutoTests" name="[18] /home/travis/build/icyphy/ptII/ptolemy/actor/lib/test/auto/ArrayExtract.xml (RunModel)" time="0.035" />
  <testcase classname="ptolemy.util.test.junit.AutoTests" name="[19] /home/travis/build/icyphy/ptII/ptolemy/actor/lib/test/auto/ArrayExtract2.xml (RunModel)" time="0.02" />
  <testcase classname="ptolemy.util.test.junit.AutoTests" name="[20] /home/travis/build/icyphy/ptII/ptolemy/actor/lib/test/auto/ArrayLength.xml (RunModel)" time="0.021" />
  <testcase classname="ptolemy.util.test.junit.AutoTests" name="[21] /home/travis/build/icyphy/ptII/ptolemy/actor/lib/test/auto/ArrayLevelCrossing.xml (RunModel)" time="0.029" />
  <testcase classname="ptolemy.util.test.junit.AutoTests" name="[22] /home/travis/build/icyphy/ptII/ptolemy/actor/lib/test/auto/ArrayLevelCrossing2.xml (RunModel)" time="0.034" />
  <testcase classname="ptolemy.util.test.junit.AutoTests" name="[23] /home/travis/build/icyphy/ptII/ptolemy/actor/lib/test/auto/ArrayPeakSearch.xml (RunModel)" time="0.046" />
  <testcase classname="ptolemy.util.test.junit.AutoTests" name="[24] /home/travis/build/icyphy/ptII/ptolemy/actor/lib/test/auto/ArrayPeakSearch2.xml (RunModel)" time="0.046" />
  <testcase classname="ptolemy.util.test.junit.AutoTests" name="[25] /home/travis/build/icyphy/ptII/ptolemy/actor/lib/test/auto/ArrayPeakSearch3.xml (RunModel)" time="0.042" />
  <testcase classname="ptolemy.util.test.junit.AutoTests" name="[26] /home/travis/build/icyphy/ptII/ptolemy/actor/lib/test/auto/ArrayRemoveElement.xml (RunModel)" time="0.034" />
  <testcase classname="ptolemy.util.test.junit.AutoTests" name="[27] /home/travis/build/icyphy/ptII/ptolemy/actor/lib/test/auto/ArraySort.xml (RunModel)" time="0.038" />
  <testcase classname="ptolemy.util.test.junit.AutoTests" name="[28] /home/travis/build/icyphy/ptII/ptolemy/actor/lib/test/auto/ArraySum.xml (RunModel)" time="0.021" />
  <testcase classname="ptolemy.util.test.junit.AutoTests" name="[29] /home/travis/build/icyphy/ptII/ptolemy/actor/lib/test/auto/ArrayToElements.xml (RunModel)" time="0.034" />
  <testcase classname="ptolemy.util.test.junit.AutoTests" name="[30] /home/travis/build/icyphy/ptII/ptolemy/actor/lib/test/auto/ArrayToMatrix.xml (RunModel)" time="0.072" />
  <testcase classname="ptolemy.util.test.junit.AutoTests" name="[31] /home/travis/build/icyphy/ptII/ptolemy/actor/lib/test/auto/ArrayUpdate1.xml (RunModel)" time="0.026" />
  <testcase classname="ptolemy.util.test.junit.AutoTests" name="[32] /home/travis/build/icyphy/ptII/ptolemy/actor/lib/test/auto/ArrayUpdate2.xml (RunModel)" time="0.026" />
  <testcase classname="ptolemy.util.test.junit.AutoTests" name="[33] /home/travis/build/icyphy/ptII/ptolemy/actor/lib/test/auto/ArrayUpdate3.xml (RunModel)" time="0.015" />
  <testcase classname="ptolemy.util.test.junit.AutoTests" name="[34] /home/travis/build/icyphy/ptII/ptolemy/actor/lib/test/auto/Assert1.xml (RunModel)" time="0.023" />
  <testcase classname="ptolemy.util.test.junit.AutoTests" name="[35] /home/travis/build/icyphy/ptII/ptolemy/actor/lib/test/auto/Assert2.xml (RunModel)" time="0.014" />
  <testcase classname="ptolemy.util.test.junit.AutoTests" name="[36] /home/travis/build/icyphy/ptII/ptolemy/actor/lib/test/auto/BooleanMultiplexor.xml (RunModel)" time="0.019" />
  <testcase classname="ptolemy.util.test.junit.AutoTests" name="[37] /home/travis/build/icyphy/ptII/ptolemy/actor/lib/test/auto/BooleanMultiplexor2.xml (RunModel)" time="0.03" />
  <testcase classname="ptolemy.util.test.junit.AutoTests" name="[38] /home/travis/build/icyphy/ptII/ptolemy/actor/lib/test/auto/BooleanMultiplexor3.xml (RunModel)" time="0.023" />
  <testcase classname="ptolemy.util.test.junit.AutoTests" name="[39] /home/travis/build/icyphy/ptII/ptolemy/actor/lib/test/auto/BooleanSelect.xml (RunModel)" time="0.023" />
  <testcase classname="ptolemy.util.test.junit.AutoTests" name="[40] /home/travis/build/icyphy/ptII/ptolemy/actor/lib/test/auto/BooleanSelect2.xml (RunModel)" time="0.038" />
  <testcase classname="ptolemy.util.test.junit.AutoTests" name="[41] /home/travis/build/icyphy/ptII/ptolemy/actor/lib/test/auto/BooleanSwitch.xml (RunModel)" time="0.036" />
  <testcase classname="ptolemy.util.test.junit.AutoTests" name="[42] /home/travis/build/icyphy/ptII/ptolemy/actor/lib/test/auto/BooleanSwitch2.xml (RunModel)" time="0.021" />
  <testcase classname="ptolemy.util.test.junit.AutoTests" name="[43] /home/travis/build/icyphy/ptII/ptolemy/actor/lib/test/auto/BooleanSwitchCloningBugWithClassRelationGroup.xml (RunModel)" time="0.032" />
  <testcase classname="ptolemy.util.test.junit.AutoTests" name="[44] /home/travis/build/icyphy/ptII/ptolemy/actor/lib/test/auto/BusActors.xml (RunModel)" time="0.046" />
  <testcase classname="ptolemy.util.test.junit.AutoTests" name="[45] /home/travis/build/icyphy/ptII/ptolemy/actor/lib/test/auto/ClassWrapper.xml (RunModel)" time="0.022" />
  <testcase classname="ptolemy.util.test.junit.AutoTests" name="[46] /home/travis/build/icyphy/ptII/ptolemy/actor/lib/test/auto/Clock.xml (RunModel)" time="0.012" />
  <testcase classname="ptolemy.util.test.junit.AutoTests" name="[47] /home/travis/build/icyphy/ptII/ptolemy/actor/lib/test/auto/Clock10.xml (RunModel)" time="0.018" />
  <testcase classname="ptolemy.util.test.junit.AutoTests" name="[48] /home/travis/build/icyphy/ptII/ptolemy/actor/lib/test/auto/Clock11.xml (RunModel)" time="0.023" />
  <testcase classname="ptolemy.util.test.junit.AutoTests" name="[49] /home/travis/build/icyphy/ptII/ptolemy/actor/lib/test/auto/Clock12.xml (RunModel)" time="0.033" />
  <testcase classname="ptolemy.util.test.junit.AutoTests" name="[50] /home/travis/build/icyphy/ptII/ptolemy/actor/lib/test/auto/Clock13.xml (RunModel)" time="0.02" />
  <testcase classname="ptolemy.util.test.junit.AutoTests" name="[51] /home/travis/build/icyphy/ptII/ptolemy/actor/lib/test/auto/Clock14.xml (RunModel)" time="0.017" />
  <testcase classname="ptolemy.util.test.junit.AutoTests" name="[52] /home/travis/build/icyphy/ptII/ptolemy/actor/lib/test/auto/Clock15.xml (RunModel)" time="0.013" />
  <testcase classname="ptolemy.util.test.junit.AutoTests" name="[53] /home/travis/build/icyphy/ptII/ptolemy/actor/lib/test/auto/Clock16.xml (RunModel)" time="0.088" />
  <testcase classname="ptolemy.util.test.junit.AutoTests" name="[54] /home/travis/build/icyphy/ptII/ptolemy/actor/lib/test/auto/Clock17.xml (RunModel)" time="0.049" />
  <testcase classname="ptolemy.util.test.junit.AutoTests" name="[55] /home/travis/build/icyphy/ptII/ptolemy/actor/lib/test/auto/Clock18.xml (RunModel)" time="0.045" />
  <testcase classname="ptolemy.util.test.junit.AutoTests" name="[56] /home/travis/build/icyphy/ptII/ptolemy/actor/lib/test/auto/Clock19.xml (RunModel)" time="0.044" />
  <testcase classname="ptolemy.util.test.junit.AutoTests" name="[57] /home/travis/build/icyphy/ptII/ptolemy/actor/lib/test/auto/Clock2.xml (RunModel)" time="0.014" />
  <testcase classname="ptolemy.util.test.junit.AutoTests" name="[58] /home/travis/build/icyphy/ptII/ptolemy/actor/lib/test/auto/Clock20.xml (RunModel)" time="0.016" />
  <testcase classname="ptolemy.util.test.junit.AutoTests" name="[59] /home/travis/build/icyphy/ptII/ptolemy/actor/lib/test/auto/Clock21.xml (RunModel)" time="0.015" />
  <testcase classname="ptolemy.util.test.junit.AutoTests" name="[60] /home/travis/build/icyphy/ptII/ptolemy/actor/lib/test/auto/Clock22.xml (RunModel)" time="0.018" />
  <testcase classname="ptolemy.util.test.junit.AutoTests" name="[61] /home/travis/build/icyphy/ptII/ptolemy/actor/lib/test/auto/Clock23.xml (RunModel)" time="0.018" />
  <testcase classname="ptolemy.util.test.junit.AutoTests" name="[62] /home/travis/build/icyphy/ptII/ptolemy/actor/lib/test/auto/Clock24.xml (RunModel)" time="0.013" />
  <testcase classname="ptolemy.util.test.junit.AutoTests" name="[63] /home/travis/build/icyphy/ptII/ptolemy/actor/lib/test/auto/Clock4.xml (RunModel)" time="0.013" />
  <testcase classname="ptolemy.util.test.junit.AutoTests" name="[64] /home/travis/build/icyphy/ptII/ptolemy/actor/lib/test/auto/Clock5.xml (RunModel)" time="0.052" />
  <testcase classname="ptolemy.util.test.junit.AutoTests" name="[65] /home/travis/build/icyphy/ptII/ptolemy/actor/lib/test/auto/Clock6.xml (RunModel)" time="0.013" />
  <testcase classname="ptolemy.util.test.junit.AutoTests" name="[66] /home/travis/build/icyphy/ptII/ptolemy/actor/lib/test/auto/Clock7.xml (RunModel)" time="0.013" />
  <testcase classname="ptolemy.util.test.junit.AutoTests" name="[67] /home/travis/build/icyphy/ptII/ptolemy/actor/lib/test/auto/Clock8.xml (RunModel)" time="0.017" />
  <testcase classname="ptolemy.util.test.junit.AutoTests" name="[68] /home/travis/build/icyphy/ptII/ptolemy/actor/lib/test/auto/Clock9.xml (RunModel)" time="0.021" />
  <testcase classname="ptolemy.util.test.junit.AutoTests" name="[69] /home/travis/build/icyphy/ptII/ptolemy/actor/lib/test/auto/CommDistDiscard.xml (RunModel)" time="0.029" />
  <testcase classname="ptolemy.util.test.junit.AutoTests" name="[70] /home/travis/build/icyphy/ptII/ptolemy/actor/lib/test/auto/Commutator.xml (RunModel)" time="0.016" />
  <testcase classname="ptolemy.util.test.junit.AutoTests" name="[71] /home/travis/build/icyphy/ptII/ptolemy/actor/lib/test/auto/Commutator2.xml (RunModel)" time="0.012" />
  <testcase classname="ptolemy.util.test.junit.AutoTests" name="[72] /home/travis/build/icyphy/ptII/ptolemy/actor/lib/test/auto/Commutator3.xml (RunModel)" time="0.014" />
  <testcase classname="ptolemy.util.test.junit.AutoTests" name="[73] /home/travis/build/icyphy/ptII/ptolemy/actor/lib/test/auto/Compare.xml (RunModel)" time="0.024" />
  <testcase classname="ptolemy.util.test.junit.AutoTests" name="[74] /home/travis/build/icyphy/ptII/ptolemy/actor/lib/test/auto/CompareDE.xml (RunModel)" time="0.025" />
  <testcase classname="ptolemy.util.test.junit.AutoTests" name="[75] /home/travis/build/icyphy/ptII/ptolemy/actor/lib/test/auto/ComplexDivide.xml (RunModel)" time="0.01" />
  <testcase classname="ptolemy.util.test.junit.AutoTests" name="[76] /home/travis/build/icyphy/ptII/ptolemy/actor/lib/test/auto/ComputeHistogram.xml (RunModel)" time="0.094" />
  <testcase classname="ptolemy.util.test.junit.AutoTests" name="[77] /home/travis/build/icyphy/ptII/ptolemy/actor/lib/test/auto/ConfigurationSelect.xml (RunModel)" time="0.027" />
  <testcase classname="ptolemy.util.test.junit.AutoTests" name="[78] /home/travis/build/icyphy/ptII/ptolemy/actor/lib/test/auto/ConfigurationSelect2.xml (RunModel)" time="0.017" />
  <testcase classname="ptolemy.util.test.junit.AutoTests" name="[79] /home/travis/build/icyphy/ptII/ptolemy/actor/lib/test/auto/ConfigurationSwitch.xml (RunModel)" time="0.025" />
  <testcase classname="ptolemy.util.test.junit.AutoTests" name="[80] /home/travis/build/icyphy/ptII/ptolemy/actor/lib/test/auto/ConfigurationSwitch2.xml (RunModel)" time="0.039" />
  <testcase classname="ptolemy.util.test.junit.AutoTests" name="[81] /home/travis/build/icyphy/ptII/ptolemy/actor/lib/test/auto/ConfigurationSwitchCloningBugWithClassRelationGroup.xml (RunModel)" time="0.025" />
  <testcase classname="ptolemy.util.test.junit.AutoTests" name="[82] /home/travis/build/icyphy/ptII/ptolemy/actor/lib/test/auto/ConfigurationSwitchSelectSDF.xml (RunModel)" time="0.017" />
  <testcase classname="ptolemy.util.test.junit.AutoTests" name="[83] /home/travis/build/icyphy/ptII/ptolemy/actor/lib/test/auto/ConfigurationSwitchSelectSDF2.xml (RunModel)" time="0.022" />
  <testcase classname="ptolemy.util.test.junit.AutoTests" name="[84] /home/travis/build/icyphy/ptII/ptolemy/actor/lib/test/auto/Const.xml (RunModel)" time="0.008" />
  <testcase classname="ptolemy.util.test.junit.AutoTests" name="[85] /home/travis/build/icyphy/ptII/ptolemy/actor/lib/test/auto/Const2.xml (RunModel)" time="0.012" />
  <testcase classname="ptolemy.util.test.junit.AutoTests" name="[86] /home/travis/build/icyphy/ptII/ptolemy/actor/lib/test/auto/Const3.xml (RunModel)" time="0.008" />
  <testcase classname="ptolemy.util.test.junit.AutoTests" name="[87] /home/travis/build/icyphy/ptII/ptolemy/actor/lib/test/auto/ConstantPublisherPort1.xml (RunModel)" time="0.03" />
  <testcase classname="ptolemy.util.test.junit.AutoTests" name="[88] /home/travis/build/icyphy/ptII/ptolemy/actor/lib/test/auto/ConstantPublisherPort2.xml (RunModel)" time="0.026" />
  <testcase classname="ptolemy.util.test.junit.AutoTests" name="[89] /home/travis/build/icyphy/ptII/ptolemy/actor/lib/test/auto/ConstantPublisherPort3.xml (RunModel)" time="0.027" />
  <testcase classname="ptolemy.util.test.junit.AutoTests" name="[90] /home/travis/build/icyphy/ptII/ptolemy/actor/lib/test/auto/ConstantPublisherPort4.xml (RunModel)" time="0.023" />
  <testcase classname="ptolemy.util.test.junit.AutoTests" name="[91] /home/travis/build/icyphy/ptII/ptolemy/actor/lib/test/auto/ConstantPublisherPort5.xml (RunModel)" time="0.052" />
  <testcase classname="ptolemy.util.test.junit.AutoTests" name="[92] /home/travis/build/icyphy/ptII/ptolemy/actor/lib/test/auto/ConstantPublisherPort6.xml (RunModel)" time="0.032" />
  <testcase classname="ptolemy.util.test.junit.AutoTests" name="[93] /home/travis/build/icyphy/ptII/ptolemy/actor/lib/test/auto/ConstantPublisherPort7.xml (RunModel)" time="0.035" />
  <testcase classname="ptolemy.util.test.junit.AutoTests" name="[94] /home/travis/build/icyphy/ptII/ptolemy/actor/lib/test/auto/ConstraintMonitor1.xml (RunModel)" time="0.044" />
  <testcase classname="ptolemy.util.test.junit.AutoTests" name="[95] /home/travis/build/icyphy/ptII/ptolemy/actor/lib/test/auto/ConstraintMonitor2.xml (RunModel)" time="0.015" />
  <testcase classname="ptolemy.util.test.junit.AutoTests" name="[96] /home/travis/build/icyphy/ptII/ptolemy/actor/lib/test/auto/ConstraintMonitor3.xml (RunModel)" time="0.019" />
  <testcase classname="ptolemy.util.test.junit.AutoTests" name="[97] /home/travis/build/icyphy/ptII/ptolemy/actor/lib/test/auto/ConstraintMonitor4.xml (RunModel)" time="0.014" />
  <testcase classname="ptolemy.util.test.junit.AutoTests" name="[98] /home/travis/build/icyphy/ptII/ptolemy/actor/lib/test/auto/ConstraintMonitor5.xml (RunModel)" time="0.017" />
  <testcase classname="ptolemy.util.test.junit.AutoTests" name="[99] /home/travis/build/icyphy/ptII/ptolemy/actor/lib/test/auto/ConstraintMonitor6.xml (RunModel)" time="0.019" />
  <testcase classname="ptolemy.util.test.junit.AutoTests" name="[100] /home/travis/build/icyphy/ptII/ptolemy/actor/lib/test/auto/ConstraintMonitor7.xml (RunModel)" time="0.026" />
  <testcase classname="ptolemy.util.test.junit.AutoTests" name="[101] /home/travis/build/icyphy/ptII/ptolemy/actor/lib/test/auto/ConstraintMonitor8.xml (RunModel)" time="0.018" />
  <testcase classname="ptolemy.util.test.junit.AutoTests" name="[102] /home/travis/build/icyphy/ptII/ptolemy/actor/lib/test/auto/Counter.xml (RunModel)" time="0.019" />
  <testcase classname="ptolemy.util.test.junit.AutoTests" name="[103] /home/travis/build/icyphy/ptII/ptolemy/actor/lib/test/auto/CurrentTimeSDF.xml (RunModel)" time="0.01" />
  <testcase classname="ptolemy.util.test.junit.AutoTests" name="[104] /home/travis/build/icyphy/ptII/ptolemy/actor/lib/test/auto/DB.xml (RunModel)" time="0.013" />
  <testcase classname="ptolemy.util.test.junit.AutoTests" name="[105] /home/travis/build/icyphy/ptII/ptolemy/actor/lib/test/auto/DBDE.xml (RunModel)" time="0.014" />
  <testcase classname="ptolemy.util.test.junit.AutoTests" name="[106] /home/travis/build/icyphy/ptII/ptolemy/actor/lib/test/auto/DateConstructor.xml (RunModel)" time="0.085" />
  <testcase classname="ptolemy.util.test.junit.AutoTests" name="[107] /home/travis/build/icyphy/ptII/ptolemy/actor/lib/test/auto/DelayTime.xml (RunModel)" time="0.016" />
  <testcase classname="ptolemy.util.test.junit.AutoTests" name="[108] /home/travis/build/icyphy/ptII/ptolemy/actor/lib/test/auto/Dictionary1.xml (RunModel)" time="0.019" />
  <testcase classname="ptolemy.util.test.junit.AutoTests" name="[109] /home/travis/build/icyphy/ptII/ptolemy/actor/lib/test/auto/Dictionary2.xml (RunModel)" time="0.021" />
  <testcase classname="ptolemy.util.test.junit.AutoTests" name="[110] /home/travis/build/icyphy/ptII/ptolemy/actor/lib/test/auto/Dictionary3.xml (RunModel)" time="0.012" />
  <testcase classname="ptolemy.util.test.junit.AutoTests" name="[111] /home/travis/build/icyphy/ptII/ptolemy/actor/lib/test/auto/Dictionary4.xml (RunModel)" time="0.02" />
  <testcase classname="ptolemy.util.test.junit.AutoTests" name="[112] /home/travis/build/icyphy/ptII/ptolemy/actor/lib/test/auto/Differential.xml (RunModel)" time="0.012" />
  <testcase classname="ptolemy.util.test.junit.AutoTests" name="[113] /home/travis/build/icyphy/ptII/ptolemy/actor/lib/test/auto/Director.xml (RunModel)" time="0.01" />
  <testcase classname="ptolemy.util.test.junit.AutoTests" name="[114] /home/travis/build/icyphy/ptII/ptolemy/actor/lib/test/auto/DiscreteClock.xml (RunModel)" time="0.009" />
  <testcase classname="ptolemy.util.test.junit.AutoTests" name="[115] /home/travis/build/icyphy/ptII/ptolemy/actor/lib/test/auto/DiscreteClock10.xml (RunModel)" time="0.015" />
  <testcase classname="ptolemy.util.test.junit.AutoTests" name="[116] /home/travis/build/icyphy/ptII/ptolemy/actor/lib/test/auto/DiscreteClock11.xml (RunModel)" time="0.012" />
  <testcase classname="ptolemy.util.test.junit.AutoTests" name="[117] /home/travis/build/icyphy/ptII/ptolemy/actor/lib/test/auto/DiscreteClock12.xml (RunModel)" time="0.014" />
  <testcase classname="ptolemy.util.test.junit.AutoTests" name="[118] /home/travis/build/icyphy/ptII/ptolemy/actor/lib/test/auto/DiscreteClock13.xml (RunModel)" time="0.016" />
  <testcase classname="ptolemy.util.test.junit.AutoTests" name="[119] /home/travis/build/icyphy/ptII/ptolemy/actor/lib/test/auto/DiscreteClock14.xml (RunModel)" time="0.015" />
  <testcase classname="ptolemy.util.test.junit.AutoTests" name="[120] /home/travis/build/icyphy/ptII/ptolemy/actor/lib/test/auto/DiscreteClock15.xml (RunModel)" time="0.015" />
  <testcase classname="ptolemy.util.test.junit.AutoTests" name="[121] /home/travis/build/icyphy/ptII/ptolemy/actor/lib/test/auto/DiscreteClock16.xml (RunModel)" time="0.048" />
  <testcase classname="ptolemy.util.test.junit.AutoTests" name="[122] /home/travis/build/icyphy/ptII/ptolemy/actor/lib/test/auto/DiscreteClock17.xml (RunModel)" time="0.047" />
  <testcase classname="ptolemy.util.test.junit.AutoTests" name="[123] /home/travis/build/icyphy/ptII/ptolemy/actor/lib/test/auto/DiscreteClock18.xml (RunModel)" time="0.051" />
  <testcase classname="ptolemy.util.test.junit.AutoTests" name="[124] /home/travis/build/icyphy/ptII/ptolemy/actor/lib/test/auto/DiscreteClock19.xml (RunModel)" time="0.048" />
  <testcase classname="ptolemy.util.test.junit.AutoTests" name="[125] /home/travis/build/icyphy/ptII/ptolemy/actor/lib/test/auto/DiscreteClock2.xml (RunModel)" time="0.012" />
  <testcase classname="ptolemy.util.test.junit.AutoTests" name="[126] /home/travis/build/icyphy/ptII/ptolemy/actor/lib/test/auto/DiscreteClock20.xml (RunModel)" time="0.023" />
  <testcase classname="ptolemy.util.test.junit.AutoTests" name="[127] /home/travis/build/icyphy/ptII/ptolemy/actor/lib/test/auto/DiscreteClock21.xml (RunModel)" time="0.019" />
  <testcase classname="ptolemy.util.test.junit.AutoTests" name="[128] /home/travis/build/icyphy/ptII/ptolemy/actor/lib/test/auto/DiscreteClock22.xml (RunModel)" time="0.015" />
  <testcase classname="ptolemy.util.test.junit.AutoTests" name="[129] /home/travis/build/icyphy/ptII/ptolemy/actor/lib/test/auto/DiscreteClock23.xml (RunModel)" time="0.023" />
  <testcase classname="ptolemy.util.test.junit.AutoTests" name="[130] /home/travis/build/icyphy/ptII/ptolemy/actor/lib/test/auto/DiscreteClock24.xml (RunModel)" time="0.016" />
  <testcase classname="ptolemy.util.test.junit.AutoTests" name="[131] /home/travis/build/icyphy/ptII/ptolemy/actor/lib/test/auto/DiscreteClock4.xml (RunModel)" time="0.013" />
  <testcase classname="ptolemy.util.test.junit.AutoTests" name="[132] /home/travis/build/icyphy/ptII/ptolemy/actor/lib/test/auto/DiscreteClock5.xml (RunModel)" time="0.011" />
  <testcase classname="ptolemy.util.test.junit.AutoTests" name="[133] /home/travis/build/icyphy/ptII/ptolemy/actor/lib/test/auto/DiscreteClock6.xml (RunModel)" time="0.011" />
  <testcase classname="ptolemy.util.test.junit.AutoTests" name="[134] /home/travis/build/icyphy/ptII/ptolemy/actor/lib/test/auto/DiscreteClock7.xml (RunModel)" time="0.01" />
  <testcase classname="ptolemy.util.test.junit.AutoTests" name="[135] /home/travis/build/icyphy/ptII/ptolemy/actor/lib/test/auto/DiscreteClock8.xml (RunModel)" time="0.023" />
  <testcase classname="ptolemy.util.test.junit.AutoTests" name="[136] /home/travis/build/icyphy/ptII/ptolemy/actor/lib/test/auto/DiscreteClock9.xml (RunModel)" time="0.014" />
  <testcase classname="ptolemy.util.test.junit.AutoTests" name="[137] /home/travis/build/icyphy/ptII/ptolemy/actor/lib/test/auto/DisplayArray.xml (RunModel)" time="0.007" />
  <testcase classname="ptolemy.util.test.junit.AutoTests" name="[138] /home/travis/build/icyphy/ptII/ptolemy/actor/lib/test/auto/Distributor.xml (RunModel)" time="0.009" />
  <testcase classname="ptolemy.util.test.junit.AutoTests" name="[139] /home/travis/build/icyphy/ptII/ptolemy/actor/lib/test/auto/Distributor2.xml (RunModel)" time="0.011" />
  <testcase classname="ptolemy.util.test.junit.AutoTests" name="[140] /home/travis/build/icyphy/ptII/ptolemy/actor/lib/test/auto/DownSample.xml (RunModel)" time="0.009" />
  <testcase classname="ptolemy.util.test.junit.AutoTests" name="[141] /home/travis/build/icyphy/ptII/ptolemy/actor/lib/test/auto/ElectronicUnitBase1.xml (RunModel)" time="0.075" />
  <testcase classname="ptolemy.util.test.junit.AutoTests" name="[142] /home/travis/build/icyphy/ptII/ptolemy/actor/lib/test/auto/ElementsToArray.xml (RunModel)" time="0.012" />
  <testcase classname="ptolemy.util.test.junit.AutoTests" name="[143] /home/travis/build/icyphy/ptII/ptolemy/actor/lib/test/auto/Equals.xml (RunModel)" time="0.015" />
  <testcase classname="ptolemy.util.test.junit.AutoTests" name="[144] /home/travis/build/icyphy/ptII/ptolemy/actor/lib/test/auto/Exec.xml (RunModel)" time="0.026" />
  <testcase classname="ptolemy.util.test.junit.AutoTests" name="[145] /home/travis/build/icyphy/ptII/ptolemy/actor/lib/test/auto/ExecEnvironment.xml (RunModel)" time="0.048" />
  <testcase classname="ptolemy.util.test.junit.AutoTests" name="[146] /home/travis/build/icyphy/ptII/ptolemy/actor/lib/test/auto/ExecNonZeroReturnOutput.xml (RunModel)" time="0.221" />
  <testcase classname="ptolemy.util.test.junit.AutoTests" name="[147] /home/travis/build/icyphy/ptII/ptolemy/actor/lib/test/auto/ExecRunDemos.xml (RunModel)" time="11.079" />
  <testcase classname="ptolemy.util.test.junit.AutoTests" name="[148] /home/travis/build/icyphy/ptII/ptolemy/actor/lib/test/auto/ExecStop.xml (RunModel)" time="5.044" />
  <testcase classname="ptolemy.util.test.junit.AutoTests" name="[149] /home/travis/build/icyphy/ptII/ptolemy/actor/lib/test/auto/ExecutionTimeSDF.xml (RunModel)" time="6.039" />
  <testcase classname="ptolemy.util.test.junit.AutoTests" name="[150] /home/travis/build/icyphy/ptII/ptolemy/actor/lib/test/auto/Expression1.xml (RunModel)" time="0.019" />
  <testcase classname="ptolemy.util.test.junit.AutoTests" name="[151] /home/travis/build/icyphy/ptII/ptolemy/actor/lib/test/auto/Expression10.xml (RunModel)" time="0.018" />
  <testcase classname="ptolemy.util.test.junit.AutoTests" name="[152] /home/travis/build/icyphy/ptII/ptolemy/actor/lib/test/auto/Expression11.xml (RunModel)" time="0.012" />
  <testcase classname="ptolemy.util.test.junit.AutoTests" name="[153] /home/travis/build/icyphy/ptII/ptolemy/actor/lib/test/auto/Expression12.xml (RunModel)" time="0.015" />
  <testcase classname="ptolemy.util.test.junit.AutoTests" name="[154] /home/travis/build/icyphy/ptII/ptolemy/actor/lib/test/auto/Expression13.xml (RunModel)" time="0.014" />
  <testcase classname="ptolemy.util.test.junit.AutoTests" name="[155] /home/travis/build/icyphy/ptII/ptolemy/actor/lib/test/auto/Expression14.xml (RunModel)" time="0.02" />
  <testcase classname="ptolemy.util.test.junit.AutoTests" name="[156] /home/travis/build/icyphy/ptII/ptolemy/actor/lib/test/auto/Expression15.xml (RunModel)" time="0.008" />
  <testcase classname="ptolemy.util.test.junit.AutoTests" name="[157] /home/travis/build/icyphy/ptII/ptolemy/actor/lib/test/auto/Expression16.xml (RunModel)" time="0.014" />
  <testcase classname="ptolemy.util.test.junit.AutoTests" name="[158] /home/travis/build/icyphy/ptII/ptolemy/actor/lib/test/auto/Expression17.xml (RunModel)" time="0.012" />
  <testcase classname="ptolemy.util.test.junit.AutoTests" name="[159] /home/travis/build/icyphy/ptII/ptolemy/actor/lib/test/auto/Expression18.xml (RunModel)" time="0.014" />
  <testcase classname="ptolemy.util.test.junit.AutoTests" name="[160] /home/travis/build/icyphy/ptII/ptolemy/actor/lib/test/auto/Expression2.xml (RunModel)" time="0.014" />
  <testcase classname="ptolemy.util.test.junit.AutoTests" name="[161] /home/travis/build/icyphy/ptII/ptolemy/actor/lib/test/auto/Expression3.xml (RunModel)" time="0.016" />
  <testcase classname="ptolemy.util.test.junit.AutoTests" name="[162] /home/travis/build/icyphy/ptII/ptolemy/actor/lib/test/auto/Expression4.xml (RunModel)" time="0.022" />
  <testcase classname="ptolemy.util.test.junit.AutoTests" name="[163] /home/travis/build/icyphy/ptII/ptolemy/actor/lib/test/auto/Expression5.xml (RunModel)" time="0.013" />
  <testcase classname="ptolemy.util.test.junit.AutoTests" name="[164] /home/travis/build/icyphy/ptII/ptolemy/actor/lib/test/auto/Expression6.xml (RunModel)" time="0.009" />
  <testcase classname="ptolemy.util.test.junit.AutoTests" name="[165] /home/travis/build/icyphy/ptII/ptolemy/actor/lib/test/auto/Expression7.xml (RunModel)" time="0.013" />
  <testcase classname="ptolemy.util.test.junit.AutoTests" name="[166] /home/travis/build/icyphy/ptII/ptolemy/actor/lib/test/auto/Expression8.xml (RunModel)" time="0.019" />
  <testcase classname="ptolemy.util.test.junit.AutoTests" name="[167] /home/travis/build/icyphy/ptII/ptolemy/actor/lib/test/auto/Expression9.xml (RunModel)" time="0.008" />
  <testcase classname="ptolemy.util.test.junit.AutoTests" name="[168] /home/travis/build/icyphy/ptII/ptolemy/actor/lib/test/auto/ExpressionConcatenateArrayType.xml (RunModel)" time="0.026" />
  <testcase classname="ptolemy.util.test.junit.AutoTests" name="[169] /home/travis/build/icyphy/ptII/ptolemy/actor/lib/test/auto/ExpressionConcatenateArrayType2.xml (RunModel)" time="0.023" />
  <testcase classname="ptolemy.util.test.junit.AutoTests" name="[170] /home/travis/build/icyphy/ptII/ptolemy/actor/lib/test/auto/ExpressionFix.xml (RunModel)" time="0.048" />
  <testcase classname="ptolemy.util.test.junit.AutoTests" name="[171] /home/travis/build/icyphy/ptII/ptolemy/actor/lib/test/auto/ExpressionFix2.xml (RunModel)" time="0.01" />
  <testcase classname="ptolemy.util.test.junit.AutoTests" name="[172] /home/travis/build/icyphy/ptII/ptolemy/actor/lib/test/auto/ExpressionFix3.xml (RunModel)" time="0.01" />
  <testcase classname="ptolemy.util.test.junit.AutoTests" name="[173] /home/travis/build/icyphy/ptII/ptolemy/actor/lib/test/auto/FileWriter1.xml (RunModel)" time="0.009" />
  <testcase classname="ptolemy.util.test.junit.AutoTests" name="[174] /home/travis/build/icyphy/ptII/ptolemy/actor/lib/test/auto/FileWriter2.xml (RunModel)" time="0.015" />
  <testcase classname="ptolemy.util.test.junit.AutoTests" name="[175] /home/travis/build/icyphy/ptII/ptolemy/actor/lib/test/auto/FileWriter3.xml (RunModel)" time="0.012" />
  <testcase classname="ptolemy.util.test.junit.AutoTests" name="[176] /home/travis/build/icyphy/ptII/ptolemy/actor/lib/test/auto/Gaussian.xml (RunModel)" time="0.014" />
  <testcase classname="ptolemy.util.test.junit.AutoTests" name="[177] /home/travis/build/icyphy/ptII/ptolemy/actor/lib/test/auto/Gaussian1.xml (RunModel)" time="0.042" />
  <testcase classname="ptolemy.util.test.junit.AutoTests" name="[178] /home/travis/build/icyphy/ptII/ptolemy/actor/lib/test/auto/Gaussian2.xml (RunModel)" time="0.028" />
  <testcase classname="ptolemy.util.test.junit.AutoTests" name="[179] /home/travis/build/icyphy/ptII/ptolemy/actor/lib/test/auto/GradientAdaptiveLattice.xml (RunModel)" time="0.023" />
  <testcase classname="ptolemy.util.test.junit.AutoTests" name="[180] /home/travis/build/icyphy/ptII/ptolemy/actor/lib/test/auto/IIR.xml (RunModel)" time="0.017" />
  <testcase classname="ptolemy.util.test.junit.AutoTests" name="[181] /home/travis/build/icyphy/ptII/ptolemy/actor/lib/test/auto/InputOutputTransparentPorts.xml (RunModel)" time="0.023" />
  <testcase classname="ptolemy.util.test.junit.AutoTests" name="[182] /home/travis/build/icyphy/ptII/ptolemy/actor/lib/test/auto/Interpolator.xml (RunModel)" time="0.012" />
  <testcase classname="ptolemy.util.test.junit.AutoTests" name="[183] /home/travis/build/icyphy/ptII/ptolemy/actor/lib/test/auto/InterpolatorFiringLimitDE.xml (RunModel)" time="0.015" />
  <testcase classname="ptolemy.util.test.junit.AutoTests" name="[184] /home/travis/build/icyphy/ptII/ptolemy/actor/lib/test/auto/Lattice.xml (RunModel)" time="0.008" />
  <testcase classname="ptolemy.util.test.junit.AutoTests" name="[185] /home/travis/build/icyphy/ptII/ptolemy/actor/lib/test/auto/LazyAOCTestLazy.xml (RunModel)" time="0.029" />
  <testcase classname="ptolemy.util.test.junit.AutoTests" name="[186] /home/travis/build/icyphy/ptII/ptolemy/actor/lib/test/auto/LazyAOCTestNonLazy.xml (RunModel)" time="0.021" />
  <testcase classname="ptolemy.util.test.junit.AutoTests" name="[187] /home/travis/build/icyphy/ptII/ptolemy/actor/lib/test/auto/LazyInnerClass.xml (RunModel)" time="0.02" />
  <testcase classname="ptolemy.util.test.junit.AutoTests" name="[188] /home/travis/build/icyphy/ptII/ptolemy/actor/lib/test/auto/LazyPubSub.xml (RunModel)" time="0.029" />
  <testcase classname="ptolemy.util.test.junit.AutoTests" name="[189] /home/travis/build/icyphy/ptII/ptolemy/actor/lib/test/auto/LazyPubSub2.xml (RunModel)" time="0.037" />
  <testcase classname="ptolemy.util.test.junit.AutoTests" name="[190] /home/travis/build/icyphy/ptII/ptolemy/actor/lib/test/auto/LazyPubSub3.xml (RunModel)" time="0.061" />
  <testcase classname="ptolemy.util.test.junit.AutoTests" name="[191] /home/travis/build/icyphy/ptII/ptolemy/actor/lib/test/auto/LazySubClassModel.xml (RunModel)" time="0.029" />
  <testcase classname="ptolemy.util.test.junit.AutoTests" name="[192] /home/travis/build/icyphy/ptII/ptolemy/actor/lib/test/auto/LevelCrossTest1.xml (RunModel)" time="0.012" />
  <testcase classname="ptolemy.util.test.junit.AutoTests" name="[193] /home/travis/build/icyphy/ptII/ptolemy/actor/lib/test/auto/LevelCrossTest10.xml (RunModel)" time="0.018" />
  <testcase classname="ptolemy.util.test.junit.AutoTests" name="[194] /home/travis/build/icyphy/ptII/ptolemy/actor/lib/test/auto/LevelCrossTest11.xml (RunModel)" time="0.015" />
  <testcase classname="ptolemy.util.test.junit.AutoTests" name="[195] /home/travis/build/icyphy/ptII/ptolemy/actor/lib/test/auto/LevelCrossTest12.xml (RunModel)" time="0.014" />
  <testcase classname="ptolemy.util.test.junit.AutoTests" name="[196] /home/travis/build/icyphy/ptII/ptolemy/actor/lib/test/auto/LevelCrossTest13.xml (RunModel)" time="0.015" />
  <testcase classname="ptolemy.util.test.junit.AutoTests" name="[197] /home/travis/build/icyphy/ptII/ptolemy/actor/lib/test/auto/LevelCrossTest2.xml (RunModel)" time="0.012" />
  <testcase classname="ptolemy.util.test.junit.AutoTests" name="[198] /home/travis/build/icyphy/ptII/ptolemy/actor/lib/test/auto/LevelCrossTest3.xml (RunModel)" time="0.012" />
  <testcase classname="ptolemy.util.test.junit.AutoTests" name="[199] /home/travis/build/icyphy/ptII/ptolemy/actor/lib/test/auto/LevelCrossTest4.xml (RunModel)" time="0.011" />
  <testcase classname="ptolemy.util.test.junit.AutoTests" name="[200] /home/travis/build/icyphy/ptII/ptolemy/actor/lib/test/auto/LevelCrossTest5.xml (RunModel)" time="0.015" />
  <testcase classname="ptolemy.util.test.junit.AutoTests" name="[201] /home/travis/build/icyphy/ptII/ptolemy/actor/lib/test/auto/LevelCrossTest6.xml (RunModel)" time="0.017" />
  <testcase classname="ptolemy.util.test.junit.AutoTests" name="[202] /home/travis/build/icyphy/ptII/ptolemy/actor/lib/test/auto/LevelCrossTest7.xml (RunModel)" time="0.022" />
  <testcase classname="ptolemy.util.test.junit.AutoTests" name="[203] /home/travis/build/icyphy/ptII/ptolemy/actor/lib/test/auto/LevelCrossTest8.xml (RunModel)" time="0.016" />
  <testcase classname="ptolemy.util.test.junit.AutoTests" name="[204] /home/travis/build/icyphy/ptII/ptolemy/actor/lib/test/auto/LevelCrossTest9.xml (RunModel)" time="0.019" />
  <testcase classname="ptolemy.util.test.junit.AutoTests" name="[205] /home/travis/build/icyphy/ptII/ptolemy/actor/lib/test/auto/LevinsonDurbin.xml (RunModel)" time="0.019" />
  <testcase classname="ptolemy.util.test.junit.AutoTests" name="[206] /home/travis/build/icyphy/ptII/ptolemy/actor/lib/test/auto/LevinsonDurbin2.xml (RunModel)" time="0.01" />
  <testcase classname="ptolemy.util.test.junit.AutoTests" name="[207] /home/travis/build/icyphy/ptII/ptolemy/actor/lib/test/auto/LevinsonDurbin3.xml (RunModel)" time="0.013" />
  <testcase classname="ptolemy.util.test.junit.AutoTests" name="[208] /home/travis/build/icyphy/ptII/ptolemy/actor/lib/test/auto/Limiter.xml (RunModel)" time="0.057" />
  <testcase classname="ptolemy.util.test.junit.AutoTests" name="[209] /home/travis/build/icyphy/ptII/ptolemy/actor/lib/test/auto/LinearDifferenceEquationSystem.xml (RunModel)" time="0.029" />
  <testcase classname="ptolemy.util.test.junit.AutoTests" name="[210] /home/travis/build/icyphy/ptII/ptolemy/actor/lib/test/auto/LookupTable.xml (RunModel)" time="0.011" />
  <testcase classname="ptolemy.util.test.junit.AutoTests" name="[211] /home/travis/build/icyphy/ptII/ptolemy/actor/lib/test/auto/MathFunction.xml (RunModel)" time="0.022" />
  <testcase classname="ptolemy.util.test.junit.AutoTests" name="[212] /home/travis/build/icyphy/ptII/ptolemy/actor/lib/test/auto/MathFunction2.xml (RunModel)" time="0.01" />
  <testcase classname="ptolemy.util.test.junit.AutoTests" name="[213] /home/travis/build/icyphy/ptII/ptolemy/actor/lib/test/auto/MathFunction3.xml (RunModel)" time="0.017" />
  <testcase classname="ptolemy.util.test.junit.AutoTests" name="[214] /home/travis/build/icyphy/ptII/ptolemy/actor/lib/test/auto/MatrixCropBoolean.xml (RunModel)" time="0.011" />
  <testcase classname="ptolemy.util.test.junit.AutoTests" name="[215] /home/travis/build/icyphy/ptII/ptolemy/actor/lib/test/auto/MatrixCropComplex.xml (RunModel)" time="0.011" />
  <testcase classname="ptolemy.util.test.junit.AutoTests" name="[216] /home/travis/build/icyphy/ptII/ptolemy/actor/lib/test/auto/MatrixCropDouble.xml (RunModel)" time="0.011" />
  <testcase classname="ptolemy.util.test.junit.AutoTests" name="[217] /home/travis/build/icyphy/ptII/ptolemy/actor/lib/test/auto/MatrixCropFix.xml (RunModel)" time="0.017" />
  <testcase classname="ptolemy.util.test.junit.AutoTests" name="[218] /home/travis/build/icyphy/ptII/ptolemy/actor/lib/test/auto/MatrixCropInt.xml (RunModel)" time="0.02" />
  <testcase classname="ptolemy.util.test.junit.AutoTests" name="[219] /home/travis/build/icyphy/ptII/ptolemy/actor/lib/test/auto/MatrixCropLong.xml (RunModel)" time="0.009" />
  <testcase classname="ptolemy.util.test.junit.AutoTests" name="[220] /home/travis/build/icyphy/ptII/ptolemy/actor/lib/test/auto/MatrixToArray.xml (RunModel)" time="0.055" />
  <testcase classname="ptolemy.util.test.junit.AutoTests" name="[221] /home/travis/build/icyphy/ptII/ptolemy/actor/lib/test/auto/MaxIndex.xml (RunModel)" time="0.021" />
  <testcase classname="ptolemy.util.test.junit.AutoTests" name="[222] /home/travis/build/icyphy/ptII/ptolemy/actor/lib/test/auto/Maximum.xml (RunModel)" time="0.02" />
  <testcase classname="ptolemy.util.test.junit.AutoTests" name="[223] /home/travis/build/icyphy/ptII/ptolemy/actor/lib/test/auto/MaximumComplex.xml (RunModel)" time="0.017" />
  <testcase classname="ptolemy.util.test.junit.AutoTests" name="[224] /home/travis/build/icyphy/ptII/ptolemy/actor/lib/test/auto/MethodCallTest.xml (RunModel)" time="0.024" />
  <testcase classname="ptolemy.util.test.junit.AutoTests" name="[225] /home/travis/build/icyphy/ptII/ptolemy/actor/lib/test/auto/Minimum.xml (RunModel)" time="0.015" />
  <testcase classname="ptolemy.util.test.junit.AutoTests" name="[226] /home/travis/build/icyphy/ptII/ptolemy/actor/lib/test/auto/MinimumComplex.xml (RunModel)" time="0.032" />
  <testcase classname="ptolemy.util.test.junit.AutoTests" name="[227] /home/travis/build/icyphy/ptII/ptolemy/actor/lib/test/auto/MinimumMultiports.xml (RunModel)" time="0.018" />
  <testcase classname="ptolemy.util.test.junit.AutoTests" name="[228] /home/travis/build/icyphy/ptII/ptolemy/actor/lib/test/auto/ModifyDate.xml (RunModel)" time="0.044" />
  <testcase classname="ptolemy.util.test.junit.AutoTests" name="[229] /home/travis/build/icyphy/ptII/ptolemy/actor/lib/test/auto/ModifyDate2.xml (RunModel)" time="0.034" />
  <testcase classname="ptolemy.util.test.junit.AutoTests" name="[230] /home/travis/build/icyphy/ptII/ptolemy/actor/lib/test/auto/MovingAverage.xml (RunModel)" time="0.021" />
  <testcase classname="ptolemy.util.test.junit.AutoTests" name="[231] /home/travis/build/icyphy/ptII/ptolemy/actor/lib/test/auto/MovingMaximum.xml (RunModel)" time="0.012" />
  <testcase classname="ptolemy.util.test.junit.AutoTests" name="[232] /home/travis/build/icyphy/ptII/ptolemy/actor/lib/test/auto/MultipleLinksToSameRelation.xml (RunModel)" time="0.008" />
  <testcase classname="ptolemy.util.test.junit.AutoTests" name="[233] /home/travis/build/icyphy/ptII/ptolemy/actor/lib/test/auto/MultipleLinksToSameRelationDE.xml (RunModel)" time="0.009" />
  <testcase classname="ptolemy.util.test.junit.AutoTests" name="[234] /home/travis/build/icyphy/ptII/ptolemy/actor/lib/test/auto/Multiplexor.xml (RunModel)" time="0.012" />
  <testcase classname="ptolemy.util.test.junit.AutoTests" name="[235] /home/travis/build/icyphy/ptII/ptolemy/actor/lib/test/auto/Multiplexor1.xml (RunModel)" time="0.011" />
  <testcase classname="ptolemy.util.test.junit.AutoTests" name="[236] /home/travis/build/icyphy/ptII/ptolemy/actor/lib/test/auto/Multiplexor2.xml (RunModel)" time="0.016" />
  <testcase classname="ptolemy.util.test.junit.AutoTests" name="[237] /home/travis/build/icyphy/ptII/ptolemy/actor/lib/test/auto/Multiplexor3.xml (RunModel)" time="0.009" />
  <testcase classname="ptolemy.util.test.junit.AutoTests" name="[238] /home/travis/build/icyphy/ptII/ptolemy/actor/lib/test/auto/MultiplexorDE.xml (RunModel)" time="0.018" />
  <testcase classname="ptolemy.util.test.junit.AutoTests" name="[239] /home/travis/build/icyphy/ptII/ptolemy/actor/lib/test/auto/MultiportBroadcastTest.xml (RunModel)" time="0.099" />
  <testcase classname="ptolemy.util.test.junit.AutoTests" name="[240] /home/travis/build/icyphy/ptII/ptolemy/actor/lib/test/auto/MultiportOutHangDuringGetWidth.xml (RunModel)" time="0.04" />
  <testcase classname="ptolemy.util.test.junit.AutoTests" name="[241] /home/travis/build/icyphy/ptII/ptolemy/actor/lib/test/auto/NilToken.xml (RunModel)" time="0.013" />
  <testcase classname="ptolemy.util.test.junit.AutoTests" name="[242] /home/travis/build/icyphy/ptII/ptolemy/actor/lib/test/auto/NilTokenNonStrictTest.xml (RunModel)" time="0.011" />
  <testcase classname="ptolemy.util.test.junit.AutoTests" name="[243] /home/travis/build/icyphy/ptII/ptolemy/actor/lib/test/auto/NilTokenRecord.xml (RunModel)" time="0.024" />
  <testcase classname="ptolemy.util.test.junit.AutoTests" name="[244] /home/travis/build/icyphy/ptII/ptolemy/actor/lib/test/auto/NilTokenTypeTest.xml (RunModel)" time="0.038" />
  <testcase classname="ptolemy.util.test.junit.AutoTests" name="[245] /home/travis/build/icyphy/ptII/ptolemy/actor/lib/test/auto/ObjectToken1.xml (RunModel)" time="0.01" />
  <testcase classname="ptolemy.util.test.junit.AutoTests" name="[246] /home/travis/build/icyphy/ptII/ptolemy/actor/lib/test/auto/OrderedMerge.xml (RunModel)" time="0.019" />
  <testcase classname="ptolemy.util.test.junit.AutoTests" name="[247] /home/travis/build/icyphy/ptII/ptolemy/actor/lib/test/auto/OrderedRecordDisassembler.xml (RunModel)" time="0.021" />
  <testcase classname="ptolemy.util.test.junit.AutoTests" name="[248] /home/travis/build/icyphy/ptII/ptolemy/actor/lib/test/auto/OrderedRecordDisassembler2.xml (RunModel)" time="0.021" />
  <testcase classname="ptolemy.util.test.junit.AutoTests" name="[249] /home/travis/build/icyphy/ptII/ptolemy/actor/lib/test/auto/OrderedRecordUpdater.xml (RunModel)" time="0.011" />
  <testcase classname="ptolemy.util.test.junit.AutoTests" name="[250] /home/travis/build/icyphy/ptII/ptolemy/actor/lib/test/auto/OrderedRecordUpdater2.xml (RunModel)" time="0.02" />
  <testcase classname="ptolemy.util.test.junit.AutoTests" name="[251] /home/travis/build/icyphy/ptII/ptolemy/actor/lib/test/auto/PhaseUnwrap.xml (RunModel)" time="0.013" />
  <testcase classname="ptolemy.util.test.junit.AutoTests" name="[252] /home/travis/build/icyphy/ptII/ptolemy/actor/lib/test/auto/PoissonClock.xml (RunModel)" time="0.011" />
  <testcase classname="ptolemy.util.test.junit.AutoTests" name="[253] /home/travis/build/icyphy/ptII/ptolemy/actor/lib/test/auto/PoissonClock2.xml (RunModel)" time="0.007" />
  <testcase classname="ptolemy.util.test.junit.AutoTests" name="[254] /home/travis/build/icyphy/ptII/ptolemy/actor/lib/test/auto/PoissonClock3.xml (RunModel)" time="0.027" />
  <testcase classname="ptolemy.util.test.junit.AutoTests" name="[255] /home/travis/build/icyphy/ptII/ptolemy/actor/lib/test/auto/PubSubWithInitialTokens.xml (RunModel)" time="0.015" />
  <testcase classname="ptolemy.util.test.junit.AutoTests" name="[256] /home/travis/build/icyphy/ptII/ptolemy/actor/lib/test/auto/PubSubWithInitialTokens2.xml (RunModel)" time="0.012" />
  <testcase classname="ptolemy.util.test.junit.AutoTests" name="[257] /home/travis/build/icyphy/ptII/ptolemy/actor/lib/test/auto/PublisherClassNoParameter.xml (RunModel)" time="0.025" />
  <testcase classname="ptolemy.util.test.junit.AutoTests" name="[258] /home/travis/build/icyphy/ptII/ptolemy/actor/lib/test/auto/PublisherClassParameter.xml (RunModel)" time="0.053" />
  <testcase classname="ptolemy.util.test.junit.AutoTests" name="[259] /home/travis/build/icyphy/ptII/ptolemy/actor/lib/test/auto/PublisherNonStrictTest.xml (RunModel)" time="0.017" />
  <testcase classname="ptolemy.util.test.junit.AutoTests" name="[260] /home/travis/build/icyphy/ptII/ptolemy/actor/lib/test/auto/PublisherPort1.xml (RunModel)" time="0.017" />
  <testcase classname="ptolemy.util.test.junit.AutoTests" name="[261] /home/travis/build/icyphy/ptII/ptolemy/actor/lib/test/auto/PublisherPort2.xml (RunModel)" time="0.012" />
  <testcase classname="ptolemy.util.test.junit.AutoTests" name="[262] /home/travis/build/icyphy/ptII/ptolemy/actor/lib/test/auto/PublisherPort3.xml (RunModel)" time="0.014" />
  <testcase classname="ptolemy.util.test.junit.AutoTests" name="[263] /home/travis/build/icyphy/ptII/ptolemy/actor/lib/test/auto/PublisherPort4.xml (RunModel)" time="0.017" />
  <testcase classname="ptolemy.util.test.junit.AutoTests" name="[264] /home/travis/build/icyphy/ptII/ptolemy/actor/lib/test/auto/PublisherPort5.xml (RunModel)" time="0.016" />
  <testcase classname="ptolemy.util.test.junit.AutoTests" name="[265] /home/travis/build/icyphy/ptII/ptolemy/actor/lib/test/auto/PublisherPort5LookAlike.xml (RunModel)" time="0.019" />
  <testcase classname="ptolemy.util.test.junit.AutoTests" name="[266] /home/travis/build/icyphy/ptII/ptolemy/actor/lib/test/auto/PublisherPort6.xml (RunModel)" time="0.012" />
  <testcase classname="ptolemy.util.test.junit.AutoTests" name="[267] /home/travis/build/icyphy/ptII/ptolemy/actor/lib/test/auto/PublisherPort7.xml (RunModel)" time="0.017" />
  <testcase classname="ptolemy.util.test.junit.AutoTests" name="[268] /home/travis/build/icyphy/ptII/ptolemy/actor/lib/test/auto/PublisherPort8.xml (RunModel)" time="0.02" />
  <testcase classname="ptolemy.util.test.junit.AutoTests" name="[269] /home/travis/build/icyphy/ptII/ptolemy/actor/lib/test/auto/PublisherPortSubscriberChannelVariablesAOC2.xml (RunModel)" time="0.038" />
  <testcase classname="ptolemy.util.test.junit.AutoTests" name="[270] /home/travis/build/icyphy/ptII/ptolemy/actor/lib/test/auto/PublisherPortSubscriberOpaqueWidthInference.xml (RunModel)" time="0.018" />
  <testcase classname="ptolemy.util.test.junit.AutoTests" name="[271] /home/travis/build/icyphy/ptII/ptolemy/actor/lib/test/auto/PublisherPortSubscriberPortAdjacent.xml (RunModel)" time="0.019" />
  <testcase classname="ptolemy.util.test.junit.AutoTests" name="[272] /home/travis/build/icyphy/ptII/ptolemy/actor/lib/test/auto/PublisherPortSubscriberPortExpression.xml (RunModel)" time="0.017" />
  <testcase classname="ptolemy.util.test.junit.AutoTests" name="[273] /home/travis/build/icyphy/ptII/ptolemy/actor/lib/test/auto/PublisherPortSubscriberPortOpaqueD3Reverse.xml (RunModel)" time="0.043" />
  <testcase classname="ptolemy.util.test.junit.AutoTests" name="[274] /home/travis/build/icyphy/ptII/ptolemy/actor/lib/test/auto/PublisherPortSubscriberPortOpaqueWidthInference.xml (RunModel)" time="0.018" />
  <testcase classname="ptolemy.util.test.junit.AutoTests" name="[275] /home/travis/build/icyphy/ptII/ptolemy/actor/lib/test/auto/PublisherPortToplevelSubscriberPortAOC.xml (RunModel)" time="0.011" />
  <testcase classname="ptolemy.util.test.junit.AutoTests" name="[276] /home/travis/build/icyphy/ptII/ptolemy/actor/lib/test/auto/PublisherSubscriber.xml (RunModel)" time="0.014" />
  <testcase classname="ptolemy.util.test.junit.AutoTests" name="[277] /home/travis/build/icyphy/ptII/ptolemy/actor/lib/test/auto/PublisherSubscriber10.xml (RunModel)" time="0.034" />
  <testcase classname="ptolemy.util.test.junit.AutoTests" name="[278] /home/travis/build/icyphy/ptII/ptolemy/actor/lib/test/auto/PublisherSubscriber10InitialOutputs.xml (RunModel)" time="0.027" />
  <testcase classname="ptolemy.util.test.junit.AutoTests" name="[279] /home/travis/build/icyphy/ptII/ptolemy/actor/lib/test/auto/PublisherSubscriber11.xml (RunModel)" time="0.019" />
  <testcase classname="ptolemy.util.test.junit.AutoTests" name="[280] /home/travis/build/icyphy/ptII/ptolemy/actor/lib/test/auto/PublisherSubscriber12.xml (RunModel)" time="0.015" />
  <testcase classname="ptolemy.util.test.junit.AutoTests" name="[281] /home/travis/build/icyphy/ptII/ptolemy/actor/lib/test/auto/PublisherSubscriber13.xml (RunModel)" time="0.013" />
  <testcase classname="ptolemy.util.test.junit.AutoTests" name="[282] /home/travis/build/icyphy/ptII/ptolemy/actor/lib/test/auto/PublisherSubscriber14.xml (RunModel)" time="0.022" />
  <testcase classname="ptolemy.util.test.junit.AutoTests" name="[283] /home/travis/build/icyphy/ptII/ptolemy/actor/lib/test/auto/PublisherSubscriber2.xml (RunModel)" time="0.013" />
  <testcase classname="ptolemy.util.test.junit.AutoTests" name="[284] /home/travis/build/icyphy/ptII/ptolemy/actor/lib/test/auto/PublisherSubscriber3.xml (RunModel)" time="0.01" />
  <testcase classname="ptolemy.util.test.junit.AutoTests" name="[285] /home/travis/build/icyphy/ptII/ptolemy/actor/lib/test/auto/PublisherSubscriber4.xml (RunModel)" time="0.008" />
  <testcase classname="ptolemy.util.test.junit.AutoTests" name="[286] /home/travis/build/icyphy/ptII/ptolemy/actor/lib/test/auto/PublisherSubscriber5.xml (RunModel)" time="0.012" />
  <testcase classname="ptolemy.util.test.junit.AutoTests" name="[287] /home/travis/build/icyphy/ptII/ptolemy/actor/lib/test/auto/PublisherSubscriber6.xml (RunModel)" time="0.018" />
  <testcase classname="ptolemy.util.test.junit.AutoTests" name="[288] /home/travis/build/icyphy/ptII/ptolemy/actor/lib/test/auto/PublisherSubscriber7.xml (RunModel)" time="0.019" />
  <testcase classname="ptolemy.util.test.junit.AutoTests" name="[289] /home/travis/build/icyphy/ptII/ptolemy/actor/lib/test/auto/PublisherSubscriber8.xml (RunModel)" time="0.039" />
  <testcase classname="ptolemy.util.test.junit.AutoTests" name="[290] /home/travis/build/icyphy/ptII/ptolemy/actor/lib/test/auto/PublisherSubscriber9.xml (RunModel)" time="0.017" />
  <testcase classname="ptolemy.util.test.junit.AutoTests" name="[291] /home/travis/build/icyphy/ptII/ptolemy/actor/lib/test/auto/PublisherSubscriberAdjacent.xml (RunModel)" time="0.019" />
  <testcase classname="ptolemy.util.test.junit.AutoTests" name="[292] /home/travis/build/icyphy/ptII/ptolemy/actor/lib/test/auto/PublisherSubscriberChannelVariablesAOC2.xml (RunModel)" time="0.07" />
  <testcase classname="ptolemy.util.test.junit.AutoTests" name="[293] /home/travis/build/icyphy/ptII/ptolemy/actor/lib/test/auto/PublisherSubscriberD3.xml (RunModel)" time="0.014" />
  <testcase classname="ptolemy.util.test.junit.AutoTests" name="[294] /home/travis/build/icyphy/ptII/ptolemy/actor/lib/test/auto/PublisherSubscriberD3Reverse.xml (RunModel)" time="0.013" />
  <testcase classname="ptolemy.util.test.junit.AutoTests" name="[295] /home/travis/build/icyphy/ptII/ptolemy/actor/lib/test/auto/PublisherSubscriberExpression.xml (RunModel)" time="0.018" />
  <testcase classname="ptolemy.util.test.junit.AutoTests" name="[296] /home/travis/build/icyphy/ptII/ptolemy/actor/lib/test/auto/PublisherSubscriberOpaque.xml (RunModel)" time="0.016" />
  <testcase classname="ptolemy.util.test.junit.AutoTests" name="[297] /home/travis/build/icyphy/ptII/ptolemy/actor/lib/test/auto/PublisherSubscriberOpaqueD3.xml (RunModel)" time="0.024" />
  <testcase classname="ptolemy.util.test.junit.AutoTests" name="[298] /home/travis/build/icyphy/ptII/ptolemy/actor/lib/test/auto/PublisherSubscriberOpaqueD3Reverse.xml (RunModel)" time="0.024" />
  <testcase classname="ptolemy.util.test.junit.AutoTests" name="[299] /home/travis/build/icyphy/ptII/ptolemy/actor/lib/test/auto/PublisherSubscriberOpaqueWidthInference.xml (RunModel)" time="0.019" />
  <testcase classname="ptolemy.util.test.junit.AutoTests" name="[300] /home/travis/build/icyphy/ptII/ptolemy/actor/lib/test/auto/PublisherTestSubscriber.xml (RunModel)" time="0.016" />
  <testcase classname="ptolemy.util.test.junit.AutoTests" name="[301] /home/travis/build/icyphy/ptII/ptolemy/actor/lib/test/auto/PublisherToplevelSubscriberPortAOC.xml (RunModel)" time="0.017" />
  <testcase classname="ptolemy.util.test.junit.AutoTests" name="[302] /home/travis/build/icyphy/ptII/ptolemy/actor/lib/test/auto/PulseFiringLimitDE.xml (RunModel)" time="0.017" />
  <testcase classname="ptolemy.util.test.junit.AutoTests" name="[303] /home/travis/build/icyphy/ptII/ptolemy/actor/lib/test/auto/Ramp1.xml (RunModel)" time="0.008" />
  <testcase classname="ptolemy.util.test.junit.AutoTests" name="[304] /home/travis/build/icyphy/ptII/ptolemy/actor/lib/test/auto/RampFiringLimitDE.xml (RunModel)" time="0.012" />
  <testcase classname="ptolemy.util.test.junit.AutoTests" name="[305] /home/travis/build/icyphy/ptII/ptolemy/actor/lib/test/auto/RampFiringLimitSDF.xml (RunModel)" time="0.011" />
  <testcase classname="ptolemy.util.test.junit.AutoTests" name="[306] /home/travis/build/icyphy/ptII/ptolemy/actor/lib/test/auto/RandomInteger.xml (RunModel)" time="0.009" />
  <testcase classname="ptolemy.util.test.junit.AutoTests" name="[307] /home/travis/build/icyphy/ptII/ptolemy/actor/lib/test/auto/ReadFile1.xml (RunModel)" time="0.008" />
  <testcase classname="ptolemy.util.test.junit.AutoTests" name="[308] /home/travis/build/icyphy/ptII/ptolemy/actor/lib/test/auto/ReadFile2.xml (RunModel)" time="0.008" />
  <testcase classname="ptolemy.util.test.junit.AutoTests" name="[309] /home/travis/build/icyphy/ptII/ptolemy/actor/lib/test/auto/Reader.xml (RunModel)" time="0.008" />
  <testcase classname="ptolemy.util.test.junit.AutoTests" name="[310] /home/travis/build/icyphy/ptII/ptolemy/actor/lib/test/auto/RecordAssemblerDisplayNameTest.xml (RunModel)" time="4.102" />
  <testcase classname="ptolemy.util.test.junit.AutoTests" name="[311] /home/travis/build/icyphy/ptII/ptolemy/actor/lib/test/auto/RecordAssemblerTypeError.xml (RunModel)" time="0.074" />
  <testcase classname="ptolemy.util.test.junit.AutoTests" name="[312] /home/travis/build/icyphy/ptII/ptolemy/actor/lib/test/auto/RecordDisassember.xml (RunModel)" time="0.015" />
  <testcase classname="ptolemy.util.test.junit.AutoTests" name="[313] /home/travis/build/icyphy/ptII/ptolemy/actor/lib/test/auto/RecordDisassemberDisplayNameTest.xml (RunModel)" time="0.029" />
  <testcase classname="ptolemy.util.test.junit.AutoTests" name="[314] /home/travis/build/icyphy/ptII/ptolemy/actor/lib/test/auto/RecordDisassembler.xml (RunModel)" time="0.011" />
  <testcase classname="ptolemy.util.test.junit.AutoTests" name="[315] /home/travis/build/icyphy/ptII/ptolemy/actor/lib/test/auto/RecordDisassembler2.xml (RunModel)" time="0.014" />
  <testcase classname="ptolemy.util.test.junit.AutoTests" name="[316] /home/travis/build/icyphy/ptII/ptolemy/actor/lib/test/auto/RecordUpdater.xml (RunModel)" time="0.01" />
  <testcase classname="ptolemy.util.test.junit.AutoTests" name="[317] /home/travis/build/icyphy/ptII/ptolemy/actor/lib/test/auto/RecordUpdater2.xml (RunModel)" time="0.01" />
  <testcase classname="ptolemy.util.test.junit.AutoTests" name="[318] /home/travis/build/icyphy/ptII/ptolemy/actor/lib/test/auto/RecursiveLattice.xml (RunModel)" time="0.008" />
  <testcase classname="ptolemy.util.test.junit.AutoTests" name="[319] /home/travis/build/icyphy/ptII/ptolemy/actor/lib/test/auto/Router.xml (RunModel)" time="3.026" />
  <testcase classname="ptolemy.util.test.junit.AutoTests" name="[320] /home/travis/build/icyphy/ptII/ptolemy/actor/lib/test/auto/Router2.xml (RunModel)" time="3.036" />
  <testcase classname="ptolemy.util.test.junit.AutoTests" name="[321] /home/travis/build/icyphy/ptII/ptolemy/actor/lib/test/auto/RunningMaximum.xml (RunModel)" time="0.02" />
  <testcase classname="ptolemy.util.test.junit.AutoTests" name="[322] /home/travis/build/icyphy/ptII/ptolemy/actor/lib/test/auto/RunningMinimum.xml (RunModel)" time="0.025" />
  <testcase classname="ptolemy.util.test.junit.AutoTests" name="[323] /home/travis/build/icyphy/ptII/ptolemy/actor/lib/test/auto/Scale.xml (RunModel)" time="0.008" />
  <testcase classname="ptolemy.util.test.junit.AutoTests" name="[324] /home/travis/build/icyphy/ptII/ptolemy/actor/lib/test/auto/Scale2.xml (RunModel)" time="0.008" />
  <testcase classname="ptolemy.util.test.junit.AutoTests" name="[325] /home/travis/build/icyphy/ptII/ptolemy/actor/lib/test/auto/Scale3.xml (RunModel)" time="0.018" />
  <testcase classname="ptolemy.util.test.junit.AutoTests" name="[326] /home/travis/build/icyphy/ptII/ptolemy/actor/lib/test/auto/ScaleArray.xml (RunModel)" time="0.008" />
  <testcase classname="ptolemy.util.test.junit.AutoTests" name="[327] /home/travis/build/icyphy/ptII/ptolemy/actor/lib/test/auto/ScaleArray2.xml (RunModel)" time="0.011" />
  <testcase classname="ptolemy.util.test.junit.AutoTests" name="[328] /home/travis/build/icyphy/ptII/ptolemy/actor/lib/test/auto/ScaleMatrix.xml (RunModel)" time="0.203" />
  <testcase classname="ptolemy.util.test.junit.AutoTests" name="[329] /home/travis/build/icyphy/ptII/ptolemy/actor/lib/test/auto/Select.xml (RunModel)" time="0.014" />
  <testcase classname="ptolemy.util.test.junit.AutoTests" name="[330] /home/travis/build/icyphy/ptII/ptolemy/actor/lib/test/auto/Select2.xml (RunModel)" time="0.009" />
  <testcase classname="ptolemy.util.test.junit.AutoTests" name="[331] /home/travis/build/icyphy/ptII/ptolemy/actor/lib/test/auto/SequenceToArray2.xml (RunModel)" time="0.148" />
  <testcase classname="ptolemy.util.test.junit.AutoTests" name="[332] /home/travis/build/icyphy/ptII/ptolemy/actor/lib/test/auto/SequentialClock.xml (RunModel)" time="0.01" />
  <testcase classname="ptolemy.util.test.junit.AutoTests" name="[333] /home/travis/build/icyphy/ptII/ptolemy/actor/lib/test/auto/SetVariable.xml (RunModel)" time="0.01" />
  <testcase classname="ptolemy.util.test.junit.AutoTests" name="[334] /home/travis/build/icyphy/ptII/ptolemy/actor/lib/test/auto/SetVariable2.xml (RunModel)" time="0.014" />
  <testcase classname="ptolemy.util.test.junit.AutoTests" name="[335] /home/travis/build/icyphy/ptII/ptolemy/actor/lib/test/auto/SetVariable3.xml (RunModel)" time="0.015" />
  <testcase classname="ptolemy.util.test.junit.AutoTests" name="[336] /home/travis/build/icyphy/ptII/ptolemy/actor/lib/test/auto/SetVariable4.xml (RunModel)" time="0.03" />
  <testcase classname="ptolemy.util.test.junit.AutoTests" name="[337] /home/travis/build/icyphy/ptII/ptolemy/actor/lib/test/auto/SetVariable5.xml (RunModel)" time="0.042" />
  <testcase classname="ptolemy.util.test.junit.AutoTests" name="[338] /home/travis/build/icyphy/ptII/ptolemy/actor/lib/test/auto/Sinewave.xml (RunModel)" time="0.031" />
  <testcase classname="ptolemy.util.test.junit.AutoTests" name="[339] /home/travis/build/icyphy/ptII/ptolemy/actor/lib/test/auto/Sinewave2.xml (RunModel)" time="0.017" />
  <testcase classname="ptolemy.util.test.junit.AutoTests" name="[340] /home/travis/build/icyphy/ptII/ptolemy/actor/lib/test/auto/Sinewave3.xml (RunModel)" time="0.022" />
  <testcase classname="ptolemy.util.test.junit.AutoTests" name="[341] /home/travis/build/icyphy/ptII/ptolemy/actor/lib/test/auto/SingleEvent.xml (RunModel)" time="0.01" />
  <testcase classname="ptolemy.util.test.junit.AutoTests" name="[342] /home/travis/build/icyphy/ptII/ptolemy/actor/lib/test/auto/Sleep.xml (RunModel)" time="6.027" />
  <testcase classname="ptolemy.util.test.junit.AutoTests" name="[343] /home/travis/build/icyphy/ptII/ptolemy/actor/lib/test/auto/SleepMultipleFire.xml (RunModel)" time="1.019" />
  <testcase classname="ptolemy.util.test.junit.AutoTests" name="[344] /home/travis/build/icyphy/ptII/ptolemy/actor/lib/test/auto/StopDE.xml (RunModel)" time="0.019" />
  <testcase classname="ptolemy.util.test.junit.AutoTests" name="[345] /home/travis/build/icyphy/ptII/ptolemy/actor/lib/test/auto/StopSDF.xml (RunModel)" time="0.016" />
  <testcase classname="ptolemy.util.test.junit.AutoTests" name="[346] /home/travis/build/icyphy/ptII/ptolemy/actor/lib/test/auto/StringConstant.xml (RunModel)" time="0.017" />
  <testcase classname="ptolemy.util.test.junit.AutoTests" name="[347] /home/travis/build/icyphy/ptII/ptolemy/actor/lib/test/auto/SubscriberPortInitialValues1.xml (RunModel)" time="0.052" />
  <testcase classname="ptolemy.util.test.junit.AutoTests" name="[348] /home/travis/build/icyphy/ptII/ptolemy/actor/lib/test/auto/SubscriberPortInitialValues13.xml (RunModel)" time="0.038" />
  <testcase classname="ptolemy.util.test.junit.AutoTests" name="[349] /home/travis/build/icyphy/ptII/ptolemy/actor/lib/test/auto/SubscriberPortInitialValues14.xml (RunModel)" time="0.017" />
  <testcase classname="ptolemy.util.test.junit.AutoTests" name="[350] /home/travis/build/icyphy/ptII/ptolemy/actor/lib/test/auto/SubscriberPortInitialValues2.xml (RunModel)" time="0.019" />
  <testcase classname="ptolemy.util.test.junit.AutoTests" name="[351] /home/travis/build/icyphy/ptII/ptolemy/actor/lib/test/auto/SubscriberPortInitialValues3.xml (RunModel)" time="0.025" />
  <testcase classname="ptolemy.util.test.junit.AutoTests" name="[352] /home/travis/build/icyphy/ptII/ptolemy/actor/lib/test/auto/SubscriptionAggregator.xml (RunModel)" time="0.013" />
  <testcase classname="ptolemy.util.test.junit.AutoTests" name="[353] /home/travis/build/icyphy/ptII/ptolemy/actor/lib/test/auto/SubscriptionAggregator2.xml (RunModel)" time="0.013" />
  <testcase classname="ptolemy.util.test.junit.AutoTests" name="[354] /home/travis/build/icyphy/ptII/ptolemy/actor/lib/test/auto/SubscriptionAggregator3.xml (RunModel)" time="0.017" />
  <testcase classname="ptolemy.util.test.junit.AutoTests" name="[355] /home/travis/build/icyphy/ptII/ptolemy/actor/lib/test/auto/SubscriptionAggregatorMultiply.xml (RunModel)" time="0.018" />
  <testcase classname="ptolemy.util.test.junit.AutoTests" name="[356] /home/travis/build/icyphy/ptII/ptolemy/actor/lib/test/auto/SubscriptionAggregatorPortMultiply1.xml (RunModel)" time="0.014" />
  <testcase classname="ptolemy.util.test.junit.AutoTests" name="[357] /home/travis/build/icyphy/ptII/ptolemy/actor/lib/test/auto/Switch.xml (RunModel)" time="0.019" />
  <testcase classname="ptolemy.util.test.junit.AutoTests" name="[358] /home/travis/build/icyphy/ptII/ptolemy/actor/lib/test/auto/Switch2.xml (RunModel)" time="0.013" />
  <testcase classname="ptolemy.util.test.junit.AutoTests" name="[359] /home/travis/build/icyphy/ptII/ptolemy/actor/lib/test/auto/SwitchDE.xml (RunModel)" time="0.013" />
  <testcase classname="ptolemy.util.test.junit.AutoTests" name="[360] /home/travis/build/icyphy/ptII/ptolemy/actor/lib/test/auto/SynchronizerDE.xml (RunModel)" time="0.024" />
  <testcase classname="ptolemy.util.test.junit.AutoTests" name="[361] /home/travis/build/icyphy/ptII/ptolemy/actor/lib/test/auto/Test.xml (RunModel)" time="0.009" />
  <testcase classname="ptolemy.util.test.junit.AutoTests" name="[362] /home/travis/build/icyphy/ptII/ptolemy/actor/lib/test/auto/TestExceptionAttribute1.xml (RunModel)" time="0.006" />
  <testcase classname="ptolemy.util.test.junit.AutoTests" name="[363] /home/travis/build/icyphy/ptII/ptolemy/actor/lib/test/auto/TestExceptionAttribute2.xml (RunModel)" time="0.007" />
  <testcase classname="ptolemy.util.test.junit.AutoTests" name="[364] /home/travis/build/icyphy/ptII/ptolemy/actor/lib/test/auto/TestExceptionAttribute3.xml (RunModel)" time="0.015" />
  <testcase classname="ptolemy.util.test.junit.AutoTests" name="[365] /home/travis/build/icyphy/ptII/ptolemy/actor/lib/test/auto/TestExceptionAttribute4.xml (RunModel)" time="0.006" />
  <testcase classname="ptolemy.util.test.junit.AutoTests" name="[366] /home/travis/build/icyphy/ptII/ptolemy/actor/lib/test/auto/TestExceptionHandler1.xml (RunModel)" time="0.01" />
  <testcase classname="ptolemy.util.test.junit.AutoTests" name="[367] /home/travis/build/icyphy/ptII/ptolemy/actor/lib/test/auto/TestExceptionHandler2.xml (RunModel)" time="0.011" />
  <testcase classname="ptolemy.util.test.junit.AutoTests" name="[368] /home/travis/build/icyphy/ptII/ptolemy/actor/lib/test/auto/TestExceptionHandler3.xml (RunModel)" time="0.005" />
  <testcase classname="ptolemy.util.test.junit.AutoTests" name="[369] /home/travis/build/icyphy/ptII/ptolemy/actor/lib/test/auto/TestExceptionHandler4.xml (RunModel)" time="0.005" />
  <testcase classname="ptolemy.util.test.junit.AutoTests" name="[370] /home/travis/build/icyphy/ptII/ptolemy/actor/lib/test/auto/TestRequireCorrectOrder.xml (RunModel)" time="0.02" />
  <testcase classname="ptolemy.util.test.junit.AutoTests" name="[371] /home/travis/build/icyphy/ptII/ptolemy/actor/lib/test/auto/TestSimple.xml (RunModel)" time="0.007" />
  <testcase classname="ptolemy.util.test.junit.AutoTests" name="[372] /home/travis/build/icyphy/ptII/ptolemy/actor/lib/test/auto/ThrowModelError.xml (RunModel)" time="0.011" />
  <testcase classname="ptolemy.util.test.junit.AutoTests" name="[373] /home/travis/build/icyphy/ptII/ptolemy/actor/lib/test/auto/TimeDelayMicrosteps.xml (RunModel)" time="0.015" />
  <testcase classname="ptolemy.util.test.junit.AutoTests" name="[374] /home/travis/build/icyphy/ptII/ptolemy/actor/lib/test/auto/TimeDelayMicrosteps2.xml (RunModel)" time="0.016" />
  <testcase classname="ptolemy.util.test.junit.AutoTests" name="[375] /home/travis/build/icyphy/ptII/ptolemy/actor/lib/test/auto/TimeDelayMicrosteps3.xml (RunModel)" time="0.012" />
  <testcase classname="ptolemy.util.test.junit.AutoTests" name="[376] /home/travis/build/icyphy/ptII/ptolemy/actor/lib/test/auto/TimeDelayVariableMicrosteps.xml (RunModel)" time="0.012" />
  <testcase classname="ptolemy.util.test.junit.AutoTests" name="[377] /home/travis/build/icyphy/ptII/ptolemy/actor/lib/test/auto/TimeGap.xml (RunModel)" time="0.015" />
  <testcase classname="ptolemy.util.test.junit.AutoTests" name="[378] /home/travis/build/icyphy/ptII/ptolemy/actor/lib/test/auto/TimeGap2.xml (RunModel)" time="0.01" />
  <testcase classname="ptolemy.util.test.junit.AutoTests" name="[379] /home/travis/build/icyphy/ptII/ptolemy/actor/lib/test/auto/TimedSinewave.xml (RunModel)" time="0.061" />
  <testcase classname="ptolemy.util.test.junit.AutoTests" name="[380] /home/travis/build/icyphy/ptII/ptolemy/actor/lib/test/auto/TimedSinewavePhase.xml (RunModel)" time="0.045" />
  <testcase classname="ptolemy.util.test.junit.AutoTests" name="[381] /home/travis/build/icyphy/ptII/ptolemy/actor/lib/test/auto/Timer.xml (RunModel)" time="0.014" />
  <testcase classname="ptolemy.util.test.junit.AutoTests" name="[382] /home/travis/build/icyphy/ptII/ptolemy/actor/lib/test/auto/TriangularDistTestModel.xml (RunModel)" time="0.017" />
  <testcase classname="ptolemy.util.test.junit.AutoTests" name="[383] /home/travis/build/icyphy/ptII/ptolemy/actor/lib/test/auto/TrigFunction.xml (RunModel)" time="0.008" />
  <testcase classname="ptolemy.util.test.junit.AutoTests" name="[384] /home/travis/build/icyphy/ptII/ptolemy/actor/lib/test/auto/TrigFunctionDE.xml (RunModel)" time="0.011" />
  <testcase classname="ptolemy.util.test.junit.AutoTests" name="[385] /home/travis/build/icyphy/ptII/ptolemy/actor/lib/test/auto/TrigFunctionInverse.xml (RunModel)" time="0.009" />
  <testcase classname="ptolemy.util.test.junit.AutoTests" name="[386] /home/travis/build/icyphy/ptII/ptolemy/actor/lib/test/auto/TrigFunctionTan.xml (RunModel)" time="0.006" />
  <testcase classname="ptolemy.util.test.junit.AutoTests" name="[387] /home/travis/build/icyphy/ptII/ptolemy/actor/lib/test/auto/TriggeredClock.xml (RunModel)" time="0.007" />
  <testcase classname="ptolemy.util.test.junit.AutoTests" name="[388] /home/travis/build/icyphy/ptII/ptolemy/actor/lib/test/auto/URLDirectoryReader.xml (RunModel)" time="0.132" />
  <testcase classname="ptolemy.util.test.junit.AutoTests" name="[389] /home/travis/build/icyphy/ptII/ptolemy/actor/lib/test/auto/URLDirectoryReader3.xml (RunModel)" time="1.374" />
  <testcase classname="ptolemy.util.test.junit.AutoTests" name="[390] /home/travis/build/icyphy/ptII/ptolemy/actor/lib/test/auto/UnaryMathFunction.xml (RunModel)" time="0.03" />
  <testcase classname="ptolemy.util.test.junit.AutoTests" name="[391] /home/travis/build/icyphy/ptII/ptolemy/actor/lib/test/auto/Uniform.xml (RunModel)" time="0.012" />
  <testcase classname="ptolemy.util.test.junit.AutoTests" name="[392] /home/travis/build/icyphy/ptII/ptolemy/actor/lib/test/auto/UnionDisassemblerTest.xml (RunModel)" time="0.018" />
  <testcase classname="ptolemy.util.test.junit.AutoTests" name="[393] /home/travis/build/icyphy/ptII/ptolemy/actor/lib/test/auto/UtilityFunctions.xml (RunModel)" time="0.006" />
  <testcase classname="ptolemy.util.test.junit.AutoTests" name="[394] /home/travis/build/icyphy/ptII/ptolemy/actor/lib/test/auto/VariableSleep.xml (RunModel)" time="0.513" />
  <testcase classname="ptolemy.util.test.junit.AutoTests" name="[395] /home/travis/build/icyphy/ptII/ptolemy/actor/lib/test/auto/VectorAssemblerDisassemblerCT.xml (RunModel)" time="0.131" />
  <testcase classname="ptolemy.util.test.junit.AutoTests" name="[396] /home/travis/build/icyphy/ptII/ptolemy/actor/lib/test/auto/VectorAssemblerDisassemblerDE.xml (RunModel)" time="0.023" />
  <testcase classname="ptolemy.util.test.junit.AutoTests" name="[397] /home/travis/build/icyphy/ptII/ptolemy/actor/lib/test/auto/VectorAssemblerDisassemblerSDF.xml (RunModel)" time="0.015" />
  <testcase classname="ptolemy.util.test.junit.AutoTests" name="[398] /home/travis/build/icyphy/ptII/ptolemy/actor/lib/test/auto/WallClockTime.xml (RunModel)" time="1.013" />
  <testcase classname="ptolemy.util.test.junit.AutoTests" name="[399] /home/travis/build/icyphy/ptII/ptolemy/actor/lib/test/auto/WidthTestWithSubscriberPublisher.xml (RunModel)" time="0.062" />
  <testcase classname="ptolemy.util.test.junit.AutoTests" name="[400] /home/travis/build/icyphy/ptII/ptolemy/actor/lib/test/auto/WidthTestWithSubscriberPublisher2.xml (RunModel)" time="0.027" />
  <testcase classname="ptolemy.util.test.junit.AutoTests" name="[401] /home/travis/build/icyphy/ptII/ptolemy/actor/lib/test/auto/WidthTestWithSubscriberPublisher3.xml (RunModel)" time="0.013" />
  <testcase classname="ptolemy.util.test.junit.AutoTests" name="[402] /home/travis/build/icyphy/ptII/ptolemy/actor/lib/test/auto/Writer.xml (RunModel)" time="0.007" />
  <testcase classname="ptolemy.util.test.junit.AutoTests" name="[403] /home/travis/build/icyphy/ptII/ptolemy/actor/lib/test/auto/array.xml (RunModel)" time="0.009" />
  <testcase classname="ptolemy.util.test.junit.AutoTests" name="[404] /home/travis/build/icyphy/ptII/ptolemy/actor/lib/test/auto/array2.xml (RunModel)" time="0.029" />
  <testcase classname="ptolemy.util.test.junit.AutoTests" name="[405] /home/travis/build/icyphy/ptII/ptolemy/actor/lib/test/auto/arrayType.xml (RunModel)" time="0.011" />
  <testcase classname="ptolemy.util.test.junit.AutoTests" name="[406] /home/travis/build/icyphy/ptII/ptolemy/actor/lib/test/auto/arrayType10.xml (RunModel)" time="0.008" />
  <testcase classname="ptolemy.util.test.junit.AutoTests" name="[407] /home/travis/build/icyphy/ptII/ptolemy/actor/lib/test/auto/arrayType11.xml (RunModel)" time="0.009" />
  <testcase classname="ptolemy.util.test.junit.AutoTests" name="[408] /home/travis/build/icyphy/ptII/ptolemy/actor/lib/test/auto/arrayType12.xml (RunModel)" time="0.013" />
  <testcase classname="ptolemy.util.test.junit.AutoTests" name="[409] /home/travis/build/icyphy/ptII/ptolemy/actor/lib/test/auto/arrayType13.xml (RunModel)" time="0.011" />
  <testcase classname="ptolemy.util.test.junit.AutoTests" name="[410] /home/travis/build/icyphy/ptII/ptolemy/actor/lib/test/auto/arrayType14.xml (RunModel)" time="0.008" />
  <testcase classname="ptolemy.util.test.junit.AutoTests" name="[411] /home/travis/build/icyphy/ptII/ptolemy/actor/lib/test/auto/arrayType15.xml (RunModel)" time="0.01" />
  <testcase classname="ptolemy.util.test.junit.AutoTests" name="[412] /home/travis/build/icyphy/ptII/ptolemy/actor/lib/test/auto/arrayType16.xml (RunModel)" time="0.008" />
  <testcase classname="ptolemy.util.test.junit.AutoTests" name="[413] /home/travis/build/icyphy/ptII/ptolemy/actor/lib/test/auto/arrayType17.xml (RunModel)" time="0.009" />
  <testcase classname="ptolemy.util.test.junit.AutoTests" name="[414] /home/travis/build/icyphy/ptII/ptolemy/actor/lib/test/auto/arrayType18.xml (RunModel)" time="0.008" />
  <testcase classname="ptolemy.util.test.junit.AutoTests" name="[415] /home/travis/build/icyphy/ptII/ptolemy/actor/lib/test/auto/arrayType19.xml (RunModel)" time="0.007" />
  <testcase classname="ptolemy.util.test.junit.AutoTests" name="[416] /home/travis/build/icyphy/ptII/ptolemy/actor/lib/test/auto/arrayType2.xml (RunModel)" time="0.008" />
  <testcase classname="ptolemy.util.test.junit.AutoTests" name="[417] /home/travis/build/icyphy/ptII/ptolemy/actor/lib/test/auto/arrayType20.xml (RunModel)" time="0.012" />
  <testcase classname="ptolemy.util.test.junit.AutoTests" name="[418] /home/travis/build/icyphy/ptII/ptolemy/actor/lib/test/auto/arrayType21.xml (RunModel)" time="0.007" />
  <testcase classname="ptolemy.util.test.junit.AutoTests" name="[419] /home/travis/build/icyphy/ptII/ptolemy/actor/lib/test/auto/arrayType22.xml (RunModel)" time="0.008" />
  <testcase classname="ptolemy.util.test.junit.AutoTests" name="[420] /home/travis/build/icyphy/ptII/ptolemy/actor/lib/test/auto/arrayType23.xml (RunModel)" time="0.008" />
  <testcase classname="ptolemy.util.test.junit.AutoTests" name="[421] /home/travis/build/icyphy/ptII/ptolemy/actor/lib/test/auto/arrayType24.xml (RunModel)" time="0.009" />
  <testcase classname="ptolemy.util.test.junit.AutoTests" name="[422] /home/travis/build/icyphy/ptII/ptolemy/actor/lib/test/auto/arrayType25.xml (RunModel)" time="0.009" />
  <testcase classname="ptolemy.util.test.junit.AutoTests" name="[423] /home/travis/build/icyphy/ptII/ptolemy/actor/lib/test/auto/arrayType26.xml (RunModel)" time="0.009" />
  <testcase classname="ptolemy.util.test.junit.AutoTests" name="[424] /home/travis/build/icyphy/ptII/ptolemy/actor/lib/test/auto/arrayType27.xml (RunModel)" time="0.01" />
  <testcase classname="ptolemy.util.test.junit.AutoTests" name="[425] /home/travis/build/icyphy/ptII/ptolemy/actor/lib/test/auto/arrayType28.xml (RunModel)" time="0.012" />
  <testcase classname="ptolemy.util.test.junit.AutoTests" name="[426] /home/travis/build/icyphy/ptII/ptolemy/actor/lib/test/auto/arrayType3.xml (RunModel)" time="0.009" />
  <testcase classname="ptolemy.util.test.junit.AutoTests" name="[427] /home/travis/build/icyphy/ptII/ptolemy/actor/lib/test/auto/arrayType4.xml (RunModel)" time="0.009" />
  <testcase classname="ptolemy.util.test.junit.AutoTests" name="[428] /home/travis/build/icyphy/ptII/ptolemy/actor/lib/test/auto/arrayType5.xml (RunModel)" time="0.009" />
  <testcase classname="ptolemy.util.test.junit.AutoTests" name="[429] /home/travis/build/icyphy/ptII/ptolemy/actor/lib/test/auto/arrayType6.xml (RunModel)" time="0.02" />
  <testcase classname="ptolemy.util.test.junit.AutoTests" name="[430] /home/travis/build/icyphy/ptII/ptolemy/actor/lib/test/auto/arrayType7.xml (RunModel)" time="0.009" />
  <testcase classname="ptolemy.util.test.junit.AutoTests" name="[431] /home/travis/build/icyphy/ptII/ptolemy/actor/lib/test/auto/arrayType8.xml (RunModel)" time="0.016" />
  <testcase classname="ptolemy.util.test.junit.AutoTests" name="[432] /home/travis/build/icyphy/ptII/ptolemy/actor/lib/test/auto/arrayType9.xml (RunModel)" time="0.008" />
  <testcase classname="ptolemy.util.test.junit.AutoTests" name="[433] /home/travis/build/icyphy/ptII/ptolemy/actor/lib/test/auto/cast.xml (RunModel)" time="0.025" />
  <testcase classname="ptolemy.util.test.junit.AutoTests" name="[434] /home/travis/build/icyphy/ptII/ptolemy/actor/lib/test/auto/compositeMultiPort.xml (RunModel)" time="0.065" />
  <testcase classname="ptolemy.util.test.junit.AutoTests" name="[435] /home/travis/build/icyphy/ptII/ptolemy/actor/lib/test/auto/expressionCastInference.xml (RunModel)" time="0.022" />
  <testcase classname="ptolemy.util.test.junit.AutoTests" name="[436] /home/travis/build/icyphy/ptII/ptolemy/actor/lib/test/auto/expressionCastInference2.xml (RunModel)" time="0.035" />
  <testcase classname="ptolemy.util.test.junit.AutoTests" name="[437] /home/travis/build/icyphy/ptII/ptolemy/actor/lib/test/auto/expressionInference.xml (RunModel)" time="0.027" />
  <testcase classname="ptolemy.util.test.junit.AutoTests" name="[438] /home/travis/build/icyphy/ptII/ptolemy/actor/lib/test/auto/expression_bug.xml (RunModel)" time="0.031" />
  <testcase classname="ptolemy.util.test.junit.AutoTests" name="[439] /home/travis/build/icyphy/ptII/ptolemy/actor/lib/test/auto/factorial.xml (RunModel)" time="0.106" />
  <testcase classname="ptolemy.util.test.junit.AutoTests" name="[440] /home/travis/build/icyphy/ptII/ptolemy/actor/lib/test/auto/filterTest1.xml (RunModel)" time="0.044" />
  <testcase classname="ptolemy.util.test.junit.AutoTests" name="[441] /home/travis/build/icyphy/ptII/ptolemy/actor/lib/test/auto/funcApplyInConst.xml (RunModel)" time="0.019" />
  <testcase classname="ptolemy.util.test.junit.AutoTests" name="[442] /home/travis/build/icyphy/ptII/ptolemy/actor/lib/test/auto/funcApplyInExpr.xml (RunModel)" time="0.006" />
  <testcase classname="ptolemy.util.test.junit.AutoTests" name="[443] /home/travis/build/icyphy/ptII/ptolemy/actor/lib/test/auto/function.xml (RunModel)" time="0.013" />
  <testcase classname="ptolemy.util.test.junit.AutoTests" name="[444] /home/travis/build/icyphy/ptII/ptolemy/actor/lib/test/auto/function2.xml (RunModel)" time="0.009" />
  <testcase classname="ptolemy.util.test.junit.AutoTests" name="[445] /home/travis/build/icyphy/ptII/ptolemy/actor/lib/test/auto/function3.xml (RunModel)" time="0.007" />
  <testcase classname="ptolemy.util.test.junit.AutoTests" name="[446] /home/travis/build/icyphy/ptII/ptolemy/actor/lib/test/auto/functionClosureTest1.xml (RunModel)" time="0.01" />
  <testcase classname="ptolemy.util.test.junit.AutoTests" name="[447] /home/travis/build/icyphy/ptII/ptolemy/actor/lib/test/auto/functionClosureTest2.xml (RunModel)" time="0.006" />
  <testcase classname="ptolemy.util.test.junit.AutoTests" name="[448] /home/travis/build/icyphy/ptII/ptolemy/actor/lib/test/auto/functionClosureTest3.xml (RunModel)" time="0.009" />
  <testcase classname="ptolemy.util.test.junit.AutoTests" name="[449] /home/travis/build/icyphy/ptII/ptolemy/actor/lib/test/auto/functionClosureTest4.xml (RunModel)" time="0.016" />
  <testcase classname="ptolemy.util.test.junit.AutoTests" name="[450] /home/travis/build/icyphy/ptII/ptolemy/actor/lib/test/auto/functionClosureTest5.xml (RunModel)" time="0.013" />
  <testcase classname="ptolemy.util.test.junit.AutoTests" name="[451] /home/travis/build/icyphy/ptII/ptolemy/actor/lib/test/auto/functionClosureTest6.xml (RunModel)" time="0.009" />
  <testcase classname="ptolemy.util.test.junit.AutoTests" name="[452] /home/travis/build/icyphy/ptII/ptolemy/actor/lib/test/auto/functionsOnArcs.xml (RunModel)" time="0.012" />
  <testcase classname="ptolemy.util.test.junit.AutoTests" name="[453] /home/travis/build/icyphy/ptII/ptolemy/actor/lib/test/auto/functionsOnArcsHOF.xml (RunModel)" time="0.012" />
  <testcase classname="ptolemy.util.test.junit.AutoTests" name="[454] /home/travis/build/icyphy/ptII/ptolemy/actor/lib/test/auto/logic.xml (RunModel)" time="0.018" />
  <testcase classname="ptolemy.util.test.junit.AutoTests" name="[455] /home/travis/build/icyphy/ptII/ptolemy/actor/lib/test/auto/matrixType.xml (RunModel)" time="0.009" />
  <testcase classname="ptolemy.util.test.junit.AutoTests" name="[456] /home/travis/build/icyphy/ptII/ptolemy/actor/lib/test/auto/matrixType10.xml (RunModel)" time="0.008" />
  <testcase classname="ptolemy.util.test.junit.AutoTests" name="[457] /home/travis/build/icyphy/ptII/ptolemy/actor/lib/test/auto/matrixType11.xml (RunModel)" time="0.011" />
  <testcase classname="ptolemy.util.test.junit.AutoTests" name="[458] /home/travis/build/icyphy/ptII/ptolemy/actor/lib/test/auto/matrixType12.xml (RunModel)" time="0.01" />
  <testcase classname="ptolemy.util.test.junit.AutoTests" name="[459] /home/travis/build/icyphy/ptII/ptolemy/actor/lib/test/auto/matrixType13.xml (RunModel)" time="0.008" />
  <testcase classname="ptolemy.util.test.junit.AutoTests" name="[460] /home/travis/build/icyphy/ptII/ptolemy/actor/lib/test/auto/matrixType14.xml (RunModel)" time="0.01" />
  <testcase classname="ptolemy.util.test.junit.AutoTests" name="[461] /home/travis/build/icyphy/ptII/ptolemy/actor/lib/test/auto/matrixType2.xml (RunModel)" time="0.008" />
  <testcase classname="ptolemy.util.test.junit.AutoTests" name="[462] /home/travis/build/icyphy/ptII/ptolemy/actor/lib/test/auto/matrixType3.xml (RunModel)" time="0.008" />
  <testcase classname="ptolemy.util.test.junit.AutoTests" name="[463] /home/travis/build/icyphy/ptII/ptolemy/actor/lib/test/auto/matrixType4.xml (RunModel)" time="0.007" />
  <testcase classname="ptolemy.util.test.junit.AutoTests" name="[464] /home/travis/build/icyphy/ptII/ptolemy/actor/lib/test/auto/matrixType5.xml (RunModel)" time="0.008" />
  <testcase classname="ptolemy.util.test.junit.AutoTests" name="[465] /home/travis/build/icyphy/ptII/ptolemy/actor/lib/test/auto/matrixType6.xml (RunModel)" time="0.009" />
  <testcase classname="ptolemy.util.test.junit.AutoTests" name="[466] /home/travis/build/icyphy/ptII/ptolemy/actor/lib/test/auto/matrixType7.xml (RunModel)" time="0.008" />
  <testcase classname="ptolemy.util.test.junit.AutoTests" name="[467] /home/travis/build/icyphy/ptII/ptolemy/actor/lib/test/auto/matrixType8.xml (RunModel)" time="0.009" />
  <testcase classname="ptolemy.util.test.junit.AutoTests" name="[468] /home/travis/build/icyphy/ptII/ptolemy/actor/lib/test/auto/matrixType9.xml (RunModel)" time="0.008" />
  <testcase classname="ptolemy.util.test.junit.AutoTests" name="[469] /home/travis/build/icyphy/ptII/ptolemy/actor/lib/test/auto/paraFunctest.xml (RunModel)" time="0.007" />
  <testcase classname="ptolemy.util.test.junit.AutoTests" name="[470] /home/travis/build/icyphy/ptII/ptolemy/actor/lib/test/auto/paraFunctest2.xml (RunModel)" time="0.012" />
  <testcase classname="ptolemy.util.test.junit.AutoTests" name="[471] /home/travis/build/icyphy/ptII/ptolemy/actor/lib/test/auto/parameterPassing.xml (RunModel)" time="0.009" />
  <testcase classname="ptolemy.util.test.junit.AutoTests" name="[472] /home/travis/build/icyphy/ptII/ptolemy/actor/lib/test/auto/record.xml (RunModel)" time="0.009" />
  <testcase classname="ptolemy.util.test.junit.AutoTests" name="[473] /home/travis/build/icyphy/ptII/ptolemy/actor/lib/test/auto/sizedarray1.xml (RunModel)" time="0.01" />
  <testcase classname="ptolemy.util.test.junit.AutoTests" name="[474] /home/travis/build/icyphy/ptII/ptolemy/actor/lib/test/auto/sizedarray2.xml (RunModel)" time="0.01" />
  <testcase classname="ptolemy.util.test.junit.AutoTests" name="[475] /home/travis/build/icyphy/ptII/ptolemy/actor/lib/test/auto/twoPublishers.xml (RunModel)" time="0.028" />
  <system-out><![CDATA[/home/travis/build/icyphy/ptII/ptolemy/actor/lib/test/AbsoluteValue.tcl
testDefs.tcl: setting time out to 9000 seconds at Mon Sep 02 05:39:56 UTC 2019
98 ms. Memory: 120832K Free: 85960K (71%)
6 ms. Memory: 120832K Free: 84407K (70%)
5 ms. Memory: 120832K Free: 83398K (69%)
5 ms. Memory: 120832K Free: 82888K (69%)
/home/travis/build/icyphy/ptII/ptolemy/actor/lib/test/AddSubtract.tcl
11 ms. Memory: 120832K Free: 80840K (67%)
7 ms. Memory: 120832K Free: 79816K (66%)
6 ms. Memory: 120832K Free: 79302K (66%)
22 ms. Memory: 120832K Free: 78263K (65%)
57 ms. Memory: 120832K Free: 75720K (63%)
14 ms. Memory: 120832K Free: 74696K (62%)
/home/travis/build/icyphy/ptII/ptolemy/actor/lib/test/Average.tcl
16 ms. Memory: 120832K Free: 73143K (61%)
17 ms. Memory: 120832K Free: 71624K (59%)
/home/travis/build/icyphy/ptII/ptolemy/actor/lib/test/Bernoulli.tcl
5 ms. Memory: 120832K Free: 70071K (58%)
2 ms. Memory: 120832K Free: 70071K (58%)
/home/travis/build/icyphy/ptII/ptolemy/actor/lib/test/Clock.tcl
preinitializing
resolving types
initializing
executing number 1
wrapping up
idle
36 ms. Memory: 120832K Free: 67014K (55%)
Completed execution with 5 iterations
preinitializing
resolving types
initializing
executing number 1
wrapping up
idle
9 ms. Memory: 120832K Free: 66504K (55%)
Completed execution with 5 iterations
preinitializing
resolving types
initializing
executing number 1
wrapping up
idle
6 ms. Memory: 120832K Free: 65990K (55%)
Completed execution with 5 iterations
/home/travis/build/icyphy/ptII/ptolemy/actor/lib/test/Commutator.tcl
13 ms. Memory: 120832K Free: 63927K (53%)
12 ms. Memory: 120832K Free: 62918K (52%)
19 ms. Memory: 120832K Free: 57288K (47%)
/home/travis/build/icyphy/ptII/ptolemy/actor/lib/test/Const.tcl
4 ms. Memory: 120832K Free: 55743K (46%)
2 ms. Memory: 120832K Free: 55240K (46%)
10 ms. Memory: 120832K Free: 54726K (45%)
2 ms. Memory: 120832K Free: 54216K (45%)
7 ms. Memory: 120832K Free: 53192K (44%)
19 ms. Memory: 120832K Free: 51654K (43%)
16 ms. Memory: 120832K Free: 50623K (42%)
4 ms. Memory: 120832K Free: 49591K (41%)
/home/travis/build/icyphy/ptII/ptolemy/actor/lib/test/CurrentTime.tcl
preinitializing
resolving types
initializing
executing number 1
wrapping up
idle
9 ms. Memory: 120832K Free: 48072K (40%)
Completed execution with 11 iterations
/home/travis/build/icyphy/ptII/ptolemy/actor/lib/test/DB.tcl
5 ms. Memory: 120832K Free: 46024K (38%)
37 ms. Memory: 120832K Free: 106969K (89%)
1 ms. Memory: 120832K Free: 106474K (88%)
/home/travis/build/icyphy/ptII/ptolemy/actor/lib/test/DiscreteRandomSource.tcl
preinitializing
resolving types
initializing
executing number 1
wrapping up
idle
12 ms. Memory: 120832K Free: 105448K (87%)
Completed execution with 4 iterations
preinitializing
resolving types
initializing
executing number 1
wrapping up
idle
6 ms. Memory: 120832K Free: 104936K (87%)
Completed execution with 4 iterations
preinitializing
resolving types
initializing
executing number 1
wrapping up
idle
3 ms. Memory: 120832K Free: 104426K (86%)
Completed execution with 4 iterations
preinitializing
resolving types
initializing
executing number 1
wrapping up
idle
3 ms. Memory: 120832K Free: 103912K (86%)
Completed execution with 4 iterations
preinitializing
resolving types
initializing
executing number 1
wrapping up
idle
3 ms. Memory: 120832K Free: 103402K (86%)
Completed execution with 4 iterations
/home/travis/build/icyphy/ptII/ptolemy/actor/lib/test/Distributor.tcl
4 ms. Memory: 120832K Free: 101864K (84%)
3 ms. Memory: 120832K Free: 101321K (84%)
StreamChangeRequest.changeExecuted(): <deleteEntity name="rec2"/> succeeded
StreamChangeRequest.changeExecuted(): <deleteRelation name="r2"/> succeeded
StreamChangeRequest.changeExecuted(): Record firings per iteration succeeded
5 ms. Memory: 120832K Free: 98761K (82%)
/home/travis/build/icyphy/ptII/ptolemy/actor/lib/test/Exit.tcl
Exit.tcl: this will print a message about Manager.exitAfterWrapup, which can be ignored.
7 ms. Memory: 120832K Free: 95651K (79%)
/home/travis/build/icyphy/ptII/ptolemy/actor/lib/test/Expression.tcl
22 ms. Memory: 120832K Free: 104756K (87%)
4 ms. Memory: 120832K Free: 103734K (86%)
6 ms. Memory: 120832K Free: 103204K (85%)
preinitializing
resolving types
initializing
executing number 1
wrapping up
idle
14 ms. Memory: 120832K Free: 101684K (84%)
Completed execution with 6 iterations
7 ms. Memory: 120832K Free: 100660K (83%)
1 ms. Memory: 120832K Free: 100120K (83%)
5 ms. Memory: 120832K Free: 98614K (82%)
4 ms. Memory: 120832K Free: 97588K (81%)
7 ms. Memory: 120832K Free: 96564K (80%)
/home/travis/build/icyphy/ptII/ptolemy/actor/lib/test/Gaussian.tcl
6 ms. Memory: 120832K Free: 94516K (78%)
sleeping 1 seconds: .....................................................................................................................................................................................................................................................................................................................................................................................................................................................................................................................................................................................................................................................................................................................................................................................................................................................................................................................................................................................................................................................................................................................................................................................................................................................................................................................................................................................................................................................................................................................................................................................................................................................................................................................................................................................................................................................................................................................................................................................................................................................................................................................................................................................................................................................................................................................................................................................................................................................................................................................................................................................................................................................................................................................................................................................................................................................................................................................................................................................................................................................................................................................................................................................................................................................................................................................................................................................................................................................................................................................................................................................................................................................................................................................................................................................................................................................................................................................................................................................................................................................................................................................................................................................................................................................................................................................................................................................................................................................................................................................................................................................................................................................................................................................................................................................................................................................................................................................................................................................................................................................................................................................................................................................................................................................................................................................................................................................................................................................................................................................................................................................................................................................................................................................................................................................................................................................................................................................................................................................................................................................................................................................................................................................................................................................................................................................................................................................................................................................................................................................................................................................................................................................................................................................................................................................................................................................................................................................................................................................................................................................................................................................................................................................................................................................................................................................................................................................................................................................................................................................................................................................................................................................................................................................................................................................................................................................................................................................................................................................................................................................................................................................................................................................................................................................................................................................................................................................................................................................................................................................................................................................................................................................................................................................................................................................................................................................................................................................................................................................................................................................................................................................................................................................................................................................................................................................................................................................................................................................................................................................................................................................................................................................................................................................................................................................................................................................................................................................................................................................................................................................................................................................................................................................................................................................................................................................................................................................................................................................................................................................................................................................................................................................................................................................................................................................................................................................................................................................................................................................................................................................................................................................................................................................................................................................................................................................................................................................................................................................................................................................................................................................................................................................................................................................................................................................................................................................................................................................................................................................................................................................................................................................................................................................................................................................................................................................................................................................................................................................................................................................................................................................................................................................................................................................................................................................................................................................................................................................................................................................................................................................................................................................................................................................................................................................................................................................................................................................................................................................................................................................................................................................................................................................................................................................................................................................................................................................................................................................................................................................................................................................................................................................................................................................................................................................................................................................................................................................................................................................................................................................................................................................................................................................................................................................................................................................................................................................................................................................................................................................................................................................................................................................................................................................................................................................................................................................................................................................................................................................................................................................................................................................................................................................................................................................................................................................................................................................................................................................................................................................................................................................................................................................................................................................................................................................................................................................................................................................................................................................................................................................................................................................................................................................................................................................................................................................................................................................................................................................................................................................................................................................................................................................................................................................................................................................................................................................................................................................................................................................................................................................................................................................................................................................................................................................................................................................................................................................................................................................................................................................................................................................................................................................................................................................................................................................................................................................................................................................................................................................................................................................................................................................................................................................................................................................................................................................................................................................................................................................................................................................................................................................................................................................................................................................................................................................................................................................................................................................................................................................................................................................................................................................................................................................................................................................................................................................................................................................................................................................................................................................................................................................................................................................................................................................................................................................................................................................................................................................................................................................................................................................................................................................................................................................................................................................................................................................................................................................................................................................................................................................................................................................................................................................................................................................................................................................................................................................................................................................................................................................................................................................................................................................................................................................................................................................................................................................................................................................................................................................................................................................................................................................................................................................................................................................................................................................................................................................................................................................................................................................................................................................................................................................................................................................................................................................................................................................................................................................................................................................................................................................................................................................................................................................................................................................................................................................................................................................................................................................................................................................................................................................................................................................................................................................................................................................................................................................................................................................................................................................................................................................................................................................................................................................................................................................................................................................................................................................................................................................................................................................................................................................................................................................................................................................................................................................................................................................................................................................................................................................................................................................................................................................................................................................................................................................................................................................................................................................................................................................................................................................................................................................................................................................................................................................................................................................................................................................................................................................................................................................................................................................................................................................................................................................................................................................................................................................................................................................................................................................................................................................................................................................................................................................................................................................................................................................................................................................................................................................................................................................................................................................................................................................................................................................................................................................................................................................................................................................................................................................................................................................................................................................................................................................................................................................................................................................................................................................................................................................................................................................................................................................................................................................................................................................................................................................................................................................................................................................................................................................................................................................................................................................................................................................................................................................................................................................................................................................................................................................................................................................................................................................................................................................................................................................................................................................................................................................................................................................................................................................................................................................................................................................................................................................................................................................................................................................................................................................................................................................................................................................................................................................................................................................................................................................................................................................................................................................................................................................................................................................................................................................................................................................................................................................................................................................................................................................................................................................................................................................................................................................................................................................................................................................................................................................................................................................................................................................................................................................................................................................................................................................................................................................................................................................................................................................................................................................................................................................................................................................................................................................................................................................................................................................................................................................................................................................................................................................................................................................................................................................................................................................................................................................................................................................................................................................................................................................................................................................................................................................................................................................................................................................................................................................................................................................................................................................................................................................................................................................................................................................................................................................................................................................................................................................................................................................................................................................................................................................................................................................................................................................................................................................................................................................................................................................................................................................................................................................................................................................................................................................................................................................................................................................................................................................................................................................................................................................................................................................................................................................................................................................................................................................................................................................................................................................................................................................................................................................................................................................................................................................................................................................................................................................................................................................................................................................................................................................................................................................................................................................................................................................................................................................................................................................................................................................................................................................................................................................................................................................................................................................................................................................................................................................................................................................................................................................................................................................................................................................................................................................................................................................................................................................................................................................................................................................................................................................................................................................................................................................................................................................................................................................................................................................................................................................................................................................................................................................................................................................................................................................................................................................................................................................................................................................................................................................................................................................................................................................................................................................................................................................................................................................................................................................................................................................................................................................................................................................................................................................................................................................................................................................................................................................................................................................................................................................................................................................................................................................................................................................................................................................................................................................................................................................................................................................................................................................................................................................................................................................................................................................................................................................................................................................................................................................................................................................................................................................................................................................................................................................................................................................................................................................................................................................................................................................................................................................................................................................................................................................................................................................................................................................................................................................................................................................................................................................................................................................................................................................................................................................................................................................................................................................................................................................................................................................................................................................................................................................................................................................................................................................................................................................................................................................................................................................................................................................................................................................................................................................................................................................................................................................................................................................................................................................................................................................................................................................................................................................................................................................................................................................................................................................................................................................................................................................................................................................................................................................................................................................................................................................................................................................................................................................................................................................................................................................................................................................................................................................................................................................................................................................................................................................................................................................................................................................................................................................................................................................................................................................................................................................................................................................................................................................................................................................................................................................................................................................................................................................................................................................................................................................................................................................................................................................................................................................................................................................................................................................................................................................................................................................................................................................................................................................................................................................................................................................................................................................................................................................................................................................................................................................................................................................................................................................................................................................................................................................................................................................................................................................................................................................................................................................................................................................................................................................................................................................................................................................................................................................................................................................................................................................................................................................................................................................................................................................................................................................................................................................................................................................................................................................................................................................................................................................................................................................................................................................................................................................................................................................................................................................................................................................................................................................................................................................................................................................................................................................................................................................................................................................................................................................................................................................................................................................................................................................................................................................................................................................................................................................................................................................................................................................................................................................................................................................................................................................................................................................................................................................................................................................................................................................................................................................................................................................................................................................................................................................................................................................................................................................................................................................................................................................................................................................................................................................................................................................................................................................................................................................................................................................................................................................................................................................................................................................................................................................................................................................................................................................................................................................................................................................................................................................................................................................................................................................................................................................................................................................................................................................................................................................................................................................................................................................................................................................................................................................................................................................................................................................................................................................................................................................................................................................................................................................................................................................................................................................................................................................................................................................................................................................................................................................................................................................................................................................................................................................................................................................................................................................................................................................................................................................................................................................................................................................................................................................................................................................................................................................................................................................................................................................................................................................................................................................................................................................................................................................................................................................................................................................................................................................................................................................................................................................................................................................................................................................................................................................................................................................................................................................................................................................................................................................................................................................................................................................................................................................................................................................................................................................................................................................................................................................................................................................................................................................................................................................................................................................................................................................................................................................................................................................................................................................................................................................................................................................................................................................................................................................................................................................................................................................................................................................................................................................................................................................................................................................................................................................................................................................................................................................................................................................................................................................................................................................................................................................................................................................................................................................................................................................................................................................................................................................................................................................................................................................................................................................................................................................................................................................................................................................................................................................................................................................................................................................................................................................................................................................................................................................................................................................................................................................................................................................................................................................................................................................................................................................................................................................................................................................................................................................................................................................................................................................................................................................................................................................................................................................................................................................................................................................................................................................................................................................................................................................................................................................................................................................................................................................................................................................................................................................................................................................................................................................................................................................................................................................................................................................................................................................................................................................................................................................................................................................................................................................................................................................................................................................................................................................................................................................................................................................................................................................................................................................................................................................................................................................................................................................................................................................................................................................................................................................................................................................................................................................................................................................................................................................................................................................................................................................................................................................................................................................................................................................................................................................................................................................................................................................................................................................................................................................................................................................................................................................................................................................................................................................................................................................................................................................................................................................................................................................................................................................................................................................................................................................................................................................................................................................................................................................................2 ms. Memory: 120832K Free: 72392K (60%)
3 ms. Memory: 120832K Free: 71374K (59%)
2 ms. Memory: 120832K Free: 70864K (59%)
2 ms. Memory: 120832K Free: 70336K (58%)
1 ms. Memory: 120832K Free: 69312K (57%)
/home/travis/build/icyphy/ptII/ptolemy/actor/lib/test/IIR.tcl
/home/travis/build/icyphy/ptII/ptolemy/actor/lib/test/Interpolator.tcl
9 ms. Memory: 120832K Free: 65744K (54%)
3 ms. Memory: 120832K Free: 65216K (54%)
2 ms. Memory: 120832K Free: 64720K (54%)
2 ms. Memory: 120832K Free: 64206K (53%)
3 ms. Memory: 120832K Free: 63168K (52%)
3 ms. Memory: 120832K Free: 62672K (52%)
5 ms. Memory: 120832K Free: 61648K (51%)
6 ms. Memory: 120832K Free: 60624K (50%)
2 ms. Memory: 120832K Free: 59600K (49%)
3 ms. Memory: 120832K Free: 59086K (49%)
/home/travis/build/icyphy/ptII/ptolemy/actor/lib/test/MathFunction.tcl
5 ms. Memory: 120832K Free: 57024K (47%)
2 ms. Memory: 120832K Free: 55504K (46%)
2 ms. Memory: 120832K Free: 54480K (45%)
2 ms. Memory: 120832K Free: 53952K (45%)
4 ms. Memory: 120832K Free: 52432K (43%)
10 ms. Memory: 120832K Free: 50384K (42%)
/home/travis/build/icyphy/ptII/ptolemy/actor/lib/test/Maximum.tcl
5 ms. Memory: 120832K Free: 48832K (40%)
8 ms. Memory: 120832K Free: 47822K (40%)
2 ms. Memory: 120832K Free: 47312K (39%)
5 ms. Memory: 120832K Free: 46784K (39%)
/home/travis/build/icyphy/ptII/ptolemy/actor/lib/test/Minimum.tcl
13 ms. Memory: 120832K Free: 105634K (87%)
5 ms. Memory: 120832K Free: 105122K (87%)
4 ms. Memory: 120832K Free: 104610K (87%)
3 ms. Memory: 120832K Free: 104100K (86%)
/home/travis/build/icyphy/ptII/ptolemy/actor/lib/test/MultiplyDivide.tcl
4 ms. Memory: 120832K Free: 102052K (84%)
3 ms. Memory: 120832K Free: 101028K (84%)
3 ms. Memory: 120832K Free: 100508K (83%)
2 ms. Memory: 120832K Free: 100004K (83%)
2 ms. Memory: 120832K Free: 98980K (82%)
/home/travis/build/icyphy/ptII/ptolemy/actor/lib/test/OrderedMerge.tcl
Connections changed on port: inputA
Connections changed on port: inputB
Connections changed on port: output
Connections changed on port: output
Connections changed on port: output
Connections changed on port: input
.top. Preinitializing ...
Invoking preinitialize():  .top.OrderedMerge
Called preinitialize()
Invoking preinitialize():  .top.Ramp
Called preinitialize()
Invoking preinitialize():  .top.Ramp2
Called preinitialize()
Invoking preinitialize():  .top.Test
Called preinitialize()
Connections changed on port: inputA
Connections changed on port: output
Connections changed on port: output
Connections changed on port: input
Connections changed on port: inputB
Connections changed on port: output
.top. Finished preinitialize().
Called initialize().
Invoking initialize():  .top.OrderedMerge
Initializing actor: .top.OrderedMerge
Adding a thread: .top.OrderedMerge
Invoking initialize():  .top.Ramp
Initializing actor: .top.Ramp
Adding a thread: .top.Ramp
Invoking initialize():  .top.Ramp2
Initializing actor: .top.Ramp2
Adding a thread: .top.Ramp2
Invoking initialize():  .top.Test
Initializing actor: .top.Test
Adding a thread: .top.Test
Called fire().
Checking for deadlock:
-- Starting thread.
Called initialize()
Called prefire()
Called fire()
-- Starting thread.
Called initialize()
Called prefire()
Called fire()
-- Starting thread.
Called initialize()
Called prefire()
Called fire()
-- Starting thread.
Called initialize()
Called prefire()
Called fire()
There are 0 Blocked actors, 0 Stopped actors, and 4 active threads.
Waiting for actors to stop.
Called postfire()
Called prefire()
Called fire()
Called postfire()
Called prefire()
Called fire()
Read input token from inputA with value 0.0
Next port to read input from is inputB
Called postfire()
Called prefire()
Called fire()
Read input token from inputB with value 0.0
Sent output token with value 0.0
Next port to read input from is inputA
Called postfire()
Called prefire()
Called fire()
Checking for deadlock:
There are 1 Blocked actors, 0 Stopped actors, and 4 active threads.
Waiting for actors to stop.
Called postfire()
Called prefire()
Called fire()
Called postfire()
Called prefire()
Called fire()
-- Read input: 0.0, which is expected to match: 0.0
Called prefire()
Called fire()
Checking for deadlock:
There are 3 Blocked actors, 0 Stopped actors, and 4 active threads.
Waiting for actors to stop.
Called postfire()
Called prefire()
Called fire()
Read input token from inputA with value 1.0
Sent output token with value 0.0
Next port to read input from is inputB
Called postfire()
Called prefire()
Called fire()
Read input token from inputB with value 1.5
Checking for deadlock:
There are 2 Blocked actors, 0 Stopped actors, and 4 active threads.
Waiting for actors to stop.
Called postfire()
Called prefire()
Called fire()
-- Read input: 0.0, which is expected to match: 0.0
Called prefire()
Called fire()
Checking for deadlock:
There are 3 Blocked actors, 0 Stopped actors, and 4 active threads.
Waiting for actors to stop.
-- Read input: 1.0, which is expected to match: 1.0
Called prefire()
Called fire()
Sent output token with value 1.0
Next port to read input from is inputA
Called postfire()
Called prefire()
Called fire()
Read input token from inputA with value 2.0
Sent output token with value 1.5
Next port to read input from is inputB
Called postfire()
Called prefire()
Called fire()
Read input token from inputB with value 3.0
Checking for deadlock:
There are 1 Blocked actors, 0 Stopped actors, and 4 active threads.
Waiting for actors to stop.
Called postfire()
Called prefire()
Called fire()
Called postfire()
Called prefire()
Called fire()
-- Read input: 1.5, which is expected to match: 1.5
Called prefire()
Called fire()
Checking for deadlock:
There are 3 Blocked actors, 0 Stopped actors, and 4 active threads.
Waiting for actors to stop.
-- Read input: 2.0, which is expected to match: 2.0
Called prefire()
Called fire()
Sent output token with value 2.0
Next port to read input from is inputA
Called postfire()
Called prefire()
Called fire()
Read input token from inputA with value 3.0
Sent output token with value 3.0
Next port to read input from is inputB
Called postfire()
Called prefire()
Called fire()
Read input token from inputB with value 4.5
Checking for deadlock:
There are 1 Blocked actors, 0 Stopped actors, and 4 active threads.
Waiting for actors to stop.
Called postfire()
Called prefire()
Called fire()
Called postfire()
Called prefire()
Called fire()
-- Read input: 3.0, which is expected to match: 3.0
Called prefire()
Called fire()
Checking for deadlock:
There are 3 Blocked actors, 0 Stopped actors, and 4 active threads.
Waiting for actors to stop.
-- Read input: 3.0, which is expected to match: 3.0
Called prefire()
Called fire()
Sent output token with value 3.0
Next port to read input from is inputA
Called postfire()
Called prefire()
Called fire()
Read input token from inputA with value 4.0
Sent output token with value 4.0
Next port to read input from is inputA
Called postfire()
Called prefire()
Called fire()
Checking for deadlock:
There are 2 Blocked actors, 0 Stopped actors, and 4 active threads.
Waiting for actors to stop.
Called postfire()
Called prefire()
Called fire()
-- Read input: 4.0, which is expected to match: 4.0
Called prefire()
Called fire()
Past the end of training data. Read and discard all inputs.
Checking for deadlock:
There are 3 Blocked actors, 0 Stopped actors, and 4 active threads.
Waiting for actors to stop.
Called postfire()
Called prefire()
Called fire()
Checking for deadlock:
There are 3 Blocked actors, 0 Stopped actors, and 4 active threads.
Waiting for actors to stop.
Read input token from inputA with value 5.0
Called prefire()
Called fire()
Past the end of training data. Read and discard all inputs.
Checking for deadlock:
There are 3 Blocked actors, 0 Stopped actors, and 4 active threads.
Waiting for actors to stop.
Sent output token with value 4.5
Next port to read input from is inputB
Called postfire()
Called prefire()
Called fire()
Called postfire()
Called prefire()
Called fire()
Checking for deadlock:
There are 3 Blocked actors, 0 Stopped actors, and 4 active threads.
Waiting for actors to stop.
Read input token from inputB with value 6.0
Called prefire()
Called fire()
Past the end of training data. Read and discard all inputs.
Checking for deadlock:
There are 3 Blocked actors, 0 Stopped actors, and 4 active threads.
Waiting for actors to stop.
Sent output token with value 5.0
Next port to read input from is inputA
Called postfire()
Called prefire()
Called fire()
Checking for deadlock:
There are 2 Blocked actors, 0 Stopped actors, and 4 active threads.
Waiting for actors to stop.
Called postfire()
Called prefire()
Called fire()
Checking for deadlock:
There are 3 Blocked actors, 0 Stopped actors, and 4 active threads.
Waiting for actors to stop.
Read input token from inputA with value 6.0
Checking for deadlock:
There are 2 Blocked actors, 0 Stopped actors, and 4 active threads.
Waiting for actors to stop.
Called prefire()
Called fire()
Past the end of training data. Read and discard all inputs.
Checking for deadlock:
There are 3 Blocked actors, 0 Stopped actors, and 4 active threads.
Waiting for actors to stop.
Sent output token with value 6.0
Next port to read input from is inputB
Called postfire()
Called prefire()
Called fire()
Called postfire()
Called prefire()
Called fire()
Checking for deadlock:
There are 3 Blocked actors, 0 Stopped actors, and 4 active threads.
Waiting for actors to stop.
Read input token from inputB with value 7.5
Called prefire()
Called fire()
Past the end of training data. Read and discard all inputs.
Checking for deadlock:
There are 3 Blocked actors, 0 Stopped actors, and 4 active threads.
Waiting for actors to stop.
Sent output token with value 6.0
Next port to read input from is inputA
Called postfire()
Called prefire()
Called fire()
Checking for deadlock:
There are 2 Blocked actors, 0 Stopped actors, and 4 active threads.
Waiting for actors to stop.
Called postfire()
Called prefire()
Called fire()
Checking for deadlock:
There are 3 Blocked actors, 0 Stopped actors, and 4 active threads.
Waiting for actors to stop.
Read input token from inputA with value 7.0
Checking for deadlock:
There are 2 Blocked actors, 0 Stopped actors, and 4 active threads.
Waiting for actors to stop.
Called prefire()
Called fire()
Past the end of training data. Read and discard all inputs.
Checking for deadlock:
There are 3 Blocked actors, 0 Stopped actors, and 4 active threads.
Waiting for actors to stop.
Sent output token with value 7.0
Next port to read input from is inputA
Called postfire()
Called prefire()
Called fire()
Checking for deadlock:
There are 2 Blocked actors, 0 Stopped actors, and 4 active threads.
Waiting for actors to stop.
-- Thread wrapup() called.
Called wrapup()
Thread .top.Ramp is exiting.
-- Thread stopped.
Checking for deadlock:
There are 2 Blocked actors, 0 Stopped actors, and 3 active threads.
Waiting for actors to stop.
Read input token from inputA with value 8.0
Called prefire()
Called fire()
Past the end of training data. Read and discard all inputs.
Checking for deadlock:
There are 2 Blocked actors, 0 Stopped actors, and 3 active threads.
Waiting for actors to stop.
Sent output token with value 7.5
Next port to read input from is inputB
Called postfire()
Called prefire()
Called fire()
Checking for deadlock:
There are 1 Blocked actors, 0 Stopped actors, and 3 active threads.
Waiting for actors to stop.
Called postfire()
Called prefire()
Called fire()
Checking for deadlock:
There are 2 Blocked actors, 0 Stopped actors, and 3 active threads.
Waiting for actors to stop.
Read input token from inputB with value 9.0
Checking for deadlock:
There are 1 Blocked actors, 0 Stopped actors, and 3 active threads.
Waiting for actors to stop.
Called prefire()
Called fire()
Past the end of training data. Read and discard all inputs.
Checking for deadlock:
There are 2 Blocked actors, 0 Stopped actors, and 3 active threads.
Waiting for actors to stop.
Sent output token with value 8.0
Next port to read input from is inputA
Called postfire()
Called prefire()
Called fire()
Read input token from inputA with value 9.0
Called prefire()
Called fire()
Past the end of training data. Read and discard all inputs.
Checking for deadlock:
There are 2 Blocked actors, 0 Stopped actors, and 3 active threads.
Waiting for actors to stop.
Sent output token with value 9.0
Next port to read input from is inputB
Called postfire()
Called prefire()
Called fire()
Called postfire()
Called prefire()
Called fire()
Checking for deadlock:
There are 2 Blocked actors, 0 Stopped actors, and 3 active threads.
Waiting for actors to stop.
Read input token from inputB with value 10.5
Called prefire()
Called fire()
Past the end of training data. Read and discard all inputs.
Checking for deadlock:
There are 2 Blocked actors, 0 Stopped actors, and 3 active threads.
Waiting for actors to stop.
Sent output token with value 9.0
Next port to read input from is inputA
Called postfire()
Called prefire()
Called fire()
Checking for deadlock:
There are 3 Blocked actors, 0 Stopped actors, and 3 active threads.
Actors have stopped.
Checking for deadlock:
There are 3 Blocked actors, 0 Stopped actors, and 3 active threads.
Deadlock detected.
Resolving Deadlock
Checking for deadlock:
There are 3 Blocked actors, 0 Stopped actors, and 3 active threads.
Artificial Deadlock - increasing queue capacity.
increasing the capacity of receiver ptolemy.actor.TypedIOPort {.top.OrderedMerge.inputB} to 2
-- Thread wrapup() called.
Called wrapup()
Thread .top.Ramp2 is exiting.
-- Thread stopped.
Director: Called postfire().
Called postfire().
_stopRequested = false
_stopFireRequested = false
Returning from postfire(): true
Called fire().
Checking for deadlock:
There are 2 Blocked actors, 0 Stopped actors, and 2 active threads.
Actors have stopped.
Checking for deadlock:
There are 2 Blocked actors, 0 Stopped actors, and 2 active threads.
Deadlock detected.
Resolving Deadlock
Checking for deadlock:
There are 2 Blocked actors, 0 Stopped actors, and 2 active threads.
Deadlock detected: no processes blocked on write, but some are blocked on read.
Called postfire().
_stopRequested = false
_stopFireRequested = false
Returning from postfire(): false
Finished deactivating branches.
Called wrapup().
-- Thread wrapup() called.
Called wrapup()
Thread .top.Test is exiting.
-- Thread stopped.
-- Blocked Receiver call threw TerminateProcessException.
-- Thread wrapup() called.
Called wrapup()
Thread .top.OrderedMerge is exiting.
-- Thread stopped.
-- Blocked Receiver call threw TerminateProcessException.
47 ms. Memory: 120832K Free: 93860K (78%)
.top. Preinitializing ...
Invoking preinitialize():  .top.OrderedMerge
Called preinitialize()
Invoking preinitialize():  .top.Ramp
Called preinitialize()
Invoking preinitialize():  .top.Ramp2
Called preinitialize()
Invoking preinitialize():  .top.Test
Called preinitialize()
.top. Finished preinitialize().
Called initialize().
Invoking initialize():  .top.OrderedMerge
Initializing actor: .top.OrderedMerge
Adding a thread: .top.OrderedMerge
Invoking initialize():  .top.Ramp
Initializing actor: .top.Ramp
Adding a thread: .top.Ramp
Invoking initialize():  .top.Ramp2
Initializing actor: .top.Ramp2
Adding a thread: .top.Ramp2
Invoking initialize():  .top.Test
Initializing actor: .top.Test
Adding a thread: .top.Test
-- Starting thread.
Called initialize()
Called prefire()
Called fire()
Called postfire()
Called prefire()
Called fire()
-- Starting thread.
Called initialize()
Called prefire()
Called fire()
-- Starting thread.
Called initialize()
Called prefire()
Called fire()
Called postfire()
Called prefire()
Called fire()
Called fire().
Checking for deadlock:
There are 3 Blocked actors, 0 Stopped actors, and 4 active threads.
Waiting for actors to stop.
-- Starting thread.
Called initialize()
Called prefire()
Called fire()
Checking for deadlock:
There are 2 Blocked actors, 0 Stopped actors, and 4 active threads.
Waiting for actors to stop.
Called postfire()
Called prefire()
Called fire()
Checking for deadlock:
There are 3 Blocked actors, 0 Stopped actors, and 4 active threads.
Waiting for actors to stop.
Read input token from inputA with value 0.0
Next port to read input from is inputB
Called postfire()
Called prefire()
Called fire()
Called postfire()
Called prefire()
Called fire()
Checking for deadlock:
There are 3 Blocked actors, 0 Stopped actors, and 4 active threads.
Waiting for actors to stop.
Read input token from inputB with value 0.0
Checking for deadlock:
There are 2 Blocked actors, 0 Stopped actors, and 4 active threads.
Waiting for actors to stop.
-- Read input: 0.0, which is expected to match: 0.0
Called prefire()
Called fire()
Checking for deadlock:
There are 3 Blocked actors, 0 Stopped actors, and 4 active threads.
Waiting for actors to stop.
Sent output token with value 0.0
Next port to read input from is inputA
Called postfire()
Called prefire()
Called fire()
Checking for deadlock:
There are 2 Blocked actors, 0 Stopped actors, and 4 active threads.
Waiting for actors to stop.
Called postfire()
Called prefire()
Called fire()
Checking for deadlock:
There are 3 Blocked actors, 0 Stopped actors, and 4 active threads.
Waiting for actors to stop.
Read input token from inputA with value 1.0
Checking for deadlock:
There are 2 Blocked actors, 0 Stopped actors, and 4 active threads.
Waiting for actors to stop.
-- Read input: 0.0, which is expected to match: 0.0
Called prefire()
Called fire()
Checking for deadlock:
There are 3 Blocked actors, 0 Stopped actors, and 4 active threads.
Waiting for actors to stop.
Sent output token with value 0.0
Next port to read input from is inputB
Called postfire()
Called prefire()
Called fire()
Called postfire()
Called prefire()
Called fire()
Checking for deadlock:
There are 3 Blocked actors, 0 Stopped actors, and 4 active threads.
Waiting for actors to stop.
Read input token from inputB with value 1.5
-- Read input: 1.0, which is expected to match: 1.0
Called prefire()
Called fire()
Checking for deadlock:
There are 3 Blocked actors, 0 Stopped actors, and 4 active threads.
Waiting for actors to stop.
Sent output token with value 1.0
Next port to read input from is inputA
Called postfire()
Called prefire()
Called fire()
Checking for deadlock:
There are 2 Blocked actors, 0 Stopped actors, and 4 active threads.
Waiting for actors to stop.
Called postfire()
Called prefire()
Called fire()
Checking for deadlock:
There are 3 Blocked actors, 0 Stopped actors, and 4 active threads.
Waiting for actors to stop.
Read input token from inputA with value 2.0
Checking for deadlock:
There are 2 Blocked actors, 0 Stopped actors, and 4 active threads.
Waiting for actors to stop.
-- Read input: 1.5, which is expected to match: 1.5
Called prefire()
Called fire()
Checking for deadlock:
There are 3 Blocked actors, 0 Stopped actors, and 4 active threads.
Waiting for actors to stop.
Sent output token with value 1.5
Next port to read input from is inputB
Called postfire()
Called prefire()
Called fire()
Checking for deadlock:
There are 2 Blocked actors, 0 Stopped actors, and 4 active threads.
Waiting for actors to stop.
Called postfire()
Called prefire()
Called fire()
Checking for deadlock:
There are 3 Blocked actors, 0 Stopped actors, and 4 active threads.
Waiting for actors to stop.
Read input token from inputB with value 3.0
Checking for deadlock:
There are 2 Blocked actors, 0 Stopped actors, and 4 active threads.
Waiting for actors to stop.
-- Read input: 2.0, which is expected to match: 2.0
Called prefire()
Called fire()
Checking for deadlock:
There are 3 Blocked actors, 0 Stopped actors, and 4 active threads.
Waiting for actors to stop.
Sent output token with value 2.0
Next port to read input from is inputA
Called postfire()
Called prefire()
Called fire()
Checking for deadlock:
There are 2 Blocked actors, 0 Stopped actors, and 4 active threads.
Waiting for actors to stop.
Called postfire()
Called prefire()
Called fire()
Checking for deadlock:
There are 3 Blocked actors, 0 Stopped actors, and 4 active threads.
Waiting for actors to stop.
Read input token from inputA with value 3.0
Checking for deadlock:
There are 2 Blocked actors, 0 Stopped actors, and 4 active threads.
Waiting for actors to stop.
-- Read input: 3.0, which is expected to match: 3.0
Called prefire()
Called fire()
Checking for deadlock:
There are 3 Blocked actors, 0 Stopped actors, and 4 active threads.
Waiting for actors to stop.
Sent output token with value 3.0
Next port to read input from is inputB
Called postfire()
Called prefire()
Called fire()
Called postfire()
Called prefire()
Called fire()
Checking for deadlock:
There are 3 Blocked actors, 0 Stopped actors, and 4 active threads.
Waiting for actors to stop.
Read input token from inputB with value 4.5
-- Read input: 3.0, which is expected to match: 3.0
Called prefire()
Called fire()
Checking for deadlock:
There are 3 Blocked actors, 0 Stopped actors, and 4 active threads.
Waiting for actors to stop.
Sent output token with value 3.0
Next port to read input from is inputA
Called postfire()
Called prefire()
Called fire()
Called postfire()
Called prefire()
Called fire()
Checking for deadlock:
There are 3 Blocked actors, 0 Stopped actors, and 4 active threads.
Waiting for actors to stop.
Read input token from inputA with value 4.0
-- Read input: 4.0, which is expected to match: 4.0
Called prefire()
Called fire()
Past the end of training data. Read and discard all inputs.
Checking for deadlock:
There are 3 Blocked actors, 0 Stopped actors, and 4 active threads.
Waiting for actors to stop.
Sent output token with value 4.0
Next port to read input from is inputA
Called postfire()
Called prefire()
Called fire()
Called postfire()
Called prefire()
Called fire()
Checking for deadlock:
There are 3 Blocked actors, 0 Stopped actors, and 4 active threads.
Waiting for actors to stop.
Read input token from inputA with value 5.0
Called prefire()
Called fire()
Past the end of training data. Read and discard all inputs.
Checking for deadlock:
There are 3 Blocked actors, 0 Stopped actors, and 4 active threads.
Waiting for actors to stop.
Sent output token with value 4.5
Next port to read input from is inputB
Called postfire()
Called prefire()
Called fire()
Called postfire()
Called prefire()
Called fire()
Checking for deadlock:
There are 3 Blocked actors, 0 Stopped actors, and 4 active threads.
Waiting for actors to stop.
Read input token from inputB with value 6.0
Called prefire()
Called fire()
Past the end of training data. Read and discard all inputs.
Checking for deadlock:
There are 3 Blocked actors, 0 Stopped actors, and 4 active threads.
Waiting for actors to stop.
Sent output token with value 5.0
Next port to read input from is inputA
Called postfire()
Called prefire()
Called fire()
Checking for deadlock:
There are 2 Blocked actors, 0 Stopped actors, and 4 active threads.
Waiting for actors to stop.
Called postfire()
Called prefire()
Called fire()
Checking for deadlock:
There are 3 Blocked actors, 0 Stopped actors, and 4 active threads.
Waiting for actors to stop.
Read input token from inputA with value 6.0
Checking for deadlock:
There are 2 Blocked actors, 0 Stopped actors, and 4 active threads.
Waiting for actors to stop.
Called prefire()
Called fire()
Past the end of training data. Read and discard all inputs.
Checking for deadlock:
There are 3 Blocked actors, 0 Stopped actors, and 4 active threads.
Waiting for actors to stop.
Sent output token with value 6.0
Next port to read input from is inputB
Called postfire()
Called prefire()
Called fire()
Called postfire()
Called prefire()
Called fire()
Checking for deadlock:
There are 3 Blocked actors, 0 Stopped actors, and 4 active threads.
Waiting for actors to stop.
Read input token from inputB with value 7.5
Called prefire()
Called fire()
Past the end of training data. Read and discard all inputs.
Checking for deadlock:
There are 3 Blocked actors, 0 Stopped actors, and 4 active threads.
Waiting for actors to stop.
Sent output token with value 6.0
Next port to read input from is inputA
Called postfire()
Called prefire()
Called fire()
Checking for deadlock:
There are 2 Blocked actors, 0 Stopped actors, and 4 active threads.
Waiting for actors to stop.
Called postfire()
Called prefire()
Called fire()
Checking for deadlock:
There are 3 Blocked actors, 0 Stopped actors, and 4 active threads.
Waiting for actors to stop.
Read input token from inputA with value 7.0
Checking for deadlock:
There are 2 Blocked actors, 0 Stopped actors, and 4 active threads.
Waiting for actors to stop.
Called prefire()
Called fire()
Past the end of training data. Read and discard all inputs.
Checking for deadlock:
There are 3 Blocked actors, 0 Stopped actors, and 4 active threads.
Waiting for actors to stop.
Sent output token with value 7.0
Next port to read input from is inputA
Called postfire()
Called prefire()
Called fire()
Checking for deadlock:
There are 2 Blocked actors, 0 Stopped actors, and 4 active threads.
Waiting for actors to stop.
-- Thread wrapup() called.
Called wrapup()
Thread .top.Ramp is exiting.
-- Thread stopped.
Checking for deadlock:
There are 2 Blocked actors, 0 Stopped actors, and 3 active threads.
Waiting for actors to stop.
Read input token from inputA with value 8.0
Called prefire()
Called fire()
Past the end of training data. Read and discard all inputs.
Checking for deadlock:
There are 2 Blocked actors, 0 Stopped actors, and 3 active threads.
Waiting for actors to stop.
Sent output token with value 7.5
Next port to read input from is inputB
Called postfire()
Called prefire()
Called fire()
Checking for deadlock:
There are 1 Blocked actors, 0 Stopped actors, and 3 active threads.
Waiting for actors to stop.
Called postfire()
Called prefire()
Called fire()
Checking for deadlock:
There are 2 Blocked actors, 0 Stopped actors, and 3 active threads.
Waiting for actors to stop.
Read input token from inputB with value 9.0
Checking for deadlock:
There are 1 Blocked actors, 0 Stopped actors, and 3 active threads.
Waiting for actors to stop.
Called prefire()
Called fire()
Past the end of training data. Read and discard all inputs.
Checking for deadlock:
There are 2 Blocked actors, 0 Stopped actors, and 3 active threads.
Waiting for actors to stop.
Sent output token with value 8.0
Next port to read input from is inputA
Called postfire()
Called prefire()
Called fire()
Read input token from inputA with value 9.0
Called prefire()
Called fire()
Past the end of training data. Read and discard all inputs.
Checking for deadlock:
There are 2 Blocked actors, 0 Stopped actors, and 3 active threads.
Waiting for actors to stop.
Sent output token with value 9.0
Next port to read input from is inputB
Called postfire()
Called prefire()
Called fire()
Called postfire()
Called prefire()
Called fire()
Checking for deadlock:
There are 2 Blocked actors, 0 Stopped actors, and 3 active threads.
Waiting for actors to stop.
Read input token from inputB with value 10.5
Called prefire()
Called fire()
Past the end of training data. Read and discard all inputs.
Checking for deadlock:
There are 2 Blocked actors, 0 Stopped actors, and 3 active threads.
Waiting for actors to stop.
Sent output token with value 9.0
Next port to read input from is inputA
Called postfire()
Called prefire()
Called fire()
Checking for deadlock:
There are 3 Blocked actors, 0 Stopped actors, and 3 active threads.
Actors have stopped.
Checking for deadlock:
There are 3 Blocked actors, 0 Stopped actors, and 3 active threads.
Deadlock detected.
Resolving Deadlock
Checking for deadlock:
There are 3 Blocked actors, 0 Stopped actors, and 3 active threads.
Artificial Deadlock - increasing queue capacity.
increasing the capacity of receiver ptolemy.actor.TypedIOPort {.top.OrderedMerge.inputB} to 2
Director: Called postfire().
Called postfire().
_stopRequested = false
_stopFireRequested = false
Returning from postfire(): true
Called fire().
Checking for deadlock:
There are 2 Blocked actors, 0 Stopped actors, and 3 active threads.
Waiting for actors to stop.
-- Thread wrapup() called.
Called wrapup()
Thread .top.Ramp2 is exiting.
-- Thread stopped.
Checking for deadlock:
There are 2 Blocked actors, 0 Stopped actors, and 2 active threads.
Actors have stopped.
Checking for deadlock:
There are 2 Blocked actors, 0 Stopped actors, and 2 active threads.
Deadlock detected.
Resolving Deadlock
Checking for deadlock:
There are 2 Blocked actors, 0 Stopped actors, and 2 active threads.
Deadlock detected: no processes blocked on write, but some are blocked on read.
Called postfire().
_stopRequested = false
_stopFireRequested = false
Returning from postfire(): false
Finished deactivating branches.
Called wrapup().
-- Thread wrapup() called.
Called wrapup()
-- Thread wrapup() called.
Called wrapup()
Thread .top.Test is exiting.
-- Thread stopped.
-- Blocked Receiver call threw TerminateProcessException.
Thread .top.OrderedMerge is exiting.
52 ms. Memory: 120832K Free: 91812K (76%)
/home/travis/build/icyphy/ptII/ptolemy/actor/lib/test/Publisher.tcl
-- Thread stopped.
-- Blocked Receiver call threw TerminateProcessException.
21 ms. Memory: 120832K Free: 85668K (71%)
7 ms. Memory: 120832K Free: 80020K (66%)
8 ms. Memory: 120832K Free: 76452K (63%)
9 ms. Memory: 120832K Free: 75428K (62%)
7 ms. Memory: 120832K Free: 74900K (62%)
12 ms. Memory: 120832K Free: 73890K (61%)
3 ms. Memory: 120832K Free: 73380K (61%)
3 ms. Memory: 120832K Free: 72356K (60%)
29 ms. Memory: 120832K Free: 98666K (82%)
11 ms. Memory: 120832K Free: 95084K (79%)
2 ms. Memory: 120832K Free: 94060K (78%)
3 ms. Memory: 120832K Free: 92012K (76%)
15 ms. Memory: 120832K Free: 84330K (70%)
7 ms. Memory: 120832K Free: 74604K (62%)
15 ms. Memory: 120832K Free: 63850K (53%)
/home/travis/build/icyphy/ptII/ptolemy/actor/lib/test/Pulse.tcl
3 ms. Memory: 156672K Free: 123319K (79%)
2 ms. Memory: 156672K Free: 122823K (78%)
2 ms. Memory: 156672K Free: 122309K (78%)
2 ms. Memory: 156672K Free: 121799K (78%)
1 ms. Memory: 156672K Free: 121285K (77%)
7 ms. Memory: 156672K Free: 119751K (76%)
3 ms. Memory: 156672K Free: 118727K (76%)
1 ms. Memory: 156672K Free: 118213K (75%)
2 ms. Memory: 156672K Free: 117703K (75%)
/home/travis/build/icyphy/ptII/ptolemy/actor/lib/test/Ramp.tcl
3 ms. Memory: 156672K Free: 115655K (74%)
2 ms. Memory: 156672K Free: 114631K (73%)
3 ms. Memory: 156672K Free: 114117K (73%)
2 ms. Memory: 156672K Free: 113093K (72%)
5 ms. Memory: 156672K Free: 112583K (72%)
5 ms. Memory: 156672K Free: 111559K (71%)
6 ms. Memory: 156672K Free: 110535K (71%)
5 actors
5000 microseconds per iteration to create
10 ms. Memory: 156672K Free: 107973K (69%)
2 ms. Memory: 156672K Free: 107463K (69%)
3 ms. Memory: 156672K Free: 106949K (68%)
2 ms. Memory: 156672K Free: 106439K (68%)
50 actors
58000 microseconds per iteration to create
53 ms. Memory: 156672K Free: 90565K (58%)
18 ms. Memory: 156672K Free: 89541K (57%)
5 ms. Memory: 156672K Free: 88517K (56%)
13 ms. Memory: 156672K Free: 87493K (56%)
500 actors
1839000 microseconds per iteration to create
296 ms. Memory: 156672K Free: 89794K (57%)
54 ms. Memory: 156672K Free: 84674K (54%)
42 ms. Memory: 156672K Free: 79554K (51%)
38 ms. Memory: 156672K Free: 73924K (47%)
/home/travis/build/icyphy/ptII/ptolemy/actor/lib/test/RampContinuous.tcl
11 ms. Memory: 156672K Free: 72900K (47%)
/home/travis/build/icyphy/ptII/ptolemy/actor/lib/test/RecordAssembler.tcl
6 ms. Memory: 156672K Free: 71348K (46%)
4 ms. Memory: 156672K Free: 70308K (45%)
/home/travis/build/icyphy/ptII/ptolemy/actor/lib/test/RecordDisassembler.tcl
16 ms. Memory: 156672K Free: 68276K (44%)
5 ms. Memory: 156672K Free: 67780K (43%)
3 ms. Memory: 156672K Free: 66242K (42%)
/home/travis/build/icyphy/ptII/ptolemy/actor/lib/test/Scale.tcl
3 ms. Memory: 156672K Free: 64708K (41%)
2 ms. Memory: 156672K Free: 63684K (41%)
2 ms. Memory: 156672K Free: 63156K (40%)
3 ms. Memory: 156672K Free: 62146K (40%)
3 ms. Memory: 156672K Free: 61636K (39%)
/home/travis/build/icyphy/ptII/ptolemy/actor/lib/test/SequentialClock.tcl
preinitializing
resolving types
initializing
executing number 1
wrapping up
idle
4 ms. Memory: 156672K Free: 60098K (38%)
Completed execution with 5 iterations
preinitializing
resolving types
initializing
executing number 1
wrapping up
idle
1 ms. Memory: 156672K Free: 59588K (38%)
Completed execution with 5 iterations
preinitializing
resolving types
initializing
executing number 1
wrapping up
idle
1 ms. Memory: 156672K Free: 59074K (38%)
Completed execution with 5 iterations
/home/travis/build/icyphy/ptII/ptolemy/actor/lib/test/SetVariable.tcl
4 ms. Memory: 156672K Free: 57012K (36%)


==== $PTII/ptolemy/actor/lib/test/SetVariable.tcl: SetVariable-3.1 changeFailed
==== Contents of test case:

    #Uses 2.1 above
    jdkCaptureErr {
        # This test was failing if we ran Exit.tcl and then this test.
        # MessageHandler.error() now actually throws the Exception.
	catch {$setVariable changeFailed [java::null]  [java::new Exception {Test exception for SetVariable.changeFailed()}]} errMsg
    } results
    list [string range $results 0 89] "\n" $errMsg

==== Result was:
{java.lang.Exception: Test exception for SetVariable.changeFailed()
	at java.base/jdk.inter} {
} {java.lang.RuntimeException: java.lang.Exception: Test exception for SetVariable.changeFailed()}
---- Result should have been:
{Failed to set variable.
java.lang.Exception: Test exception for SetVariable.changeFailed()} {
} {java.lang.RuntimeException: java.lang.Exception: Test exception for SetVariable.changeFailed()}
---- SetVariable-3.1 FAILED
/home/travis/build/icyphy/ptII/ptolemy/actor/lib/test/Sinewave.tcl
/home/travis/build/icyphy/ptII/ptolemy/actor/lib/test/SubscriptionAggregator.tcl
5 ms. Memory: 156672K Free: 129390K (83%)
2 ms. Memory: 156672K Free: 128862K (82%)
1 ms. Memory: 156672K Free: 128366K (82%)
1 ms. Memory: 156672K Free: 127852K (82%)
2 ms. Memory: 156672K Free: 124270K (79%)
10 ms. Memory: 156672K Free: 122222K (78%)
...............................................................1060 ms. Memory: 284672K Free: 224082K (79%)
/home/travis/build/icyphy/ptII/ptolemy/actor/lib/test/Test.tcl
 The next command will produce a warning about training mode,
   which may be ignored.
6 ms. Memory: 284672K Free: 222031K (78%)
3 ms. Memory: 284672K Free: 220991K (78%)
2 ms. Memory: 284672K Free: 220512K (77%)
2 ms. Memory: 284672K Free: 219998K (77%)
2 ms. Memory: 284672K Free: 219488K (77%)
4 ms. Memory: 284672K Free: 217950K (77%)
4 ms. Memory: 284672K Free: 216926K (76%)
 The next command will produce a warning about training mode,
   which may be ignored.
5 ms. Memory: 284672K Free: 214368K (75%)
 The next command will produce a warning about training mode,
   which may be ignored.
4 ms. Memory: 284672K Free: 213344K (75%)
1 ms. Memory: 284672K Free: 212815K (75%)
2 ms. Memory: 284672K Free: 212320K (75%)
2 ms. Memory: 284672K Free: 211791K (74%)
7 ms. Memory: 284672K Free: 210782K (74%)
4 ms. Memory: 284672K Free: 206671K (73%)
/home/travis/build/icyphy/ptII/ptolemy/actor/lib/test/TestExceptionHandler.tcl
 The next command will produce a warning about training mode,
   which may be ignored.
3 ms. Memory: 284672K Free: 205647K (72%)
2 ms. Memory: 284672K Free: 205152K (72%)
1 ms. Memory: 284672K Free: 204623K (72%)
/home/travis/build/icyphy/ptII/ptolemy/actor/lib/test/UnionDisassembler.tcl
17 ms. Memory: 284672K Free: 197455K (69%)
/home/travis/build/icyphy/ptII/ptolemy/actor/lib/test/VariableClock.tcl
preinitializing
resolving types
initializing
executing number 1
wrapping up
idle
6 ms. Memory: 284672K Free: 195407K (69%)
Completed execution with 11 iterations
preinitializing
resolving types
initializing
executing number 1
wrapping up
idle
9 ms. Memory: 284672K Free: 193888K (68%)
Completed execution with 10 iterations
09/02/19 05:40:05
Failed: 1  Total Tests: 234  ((Passed: 233, Newly Passed: 0)  Known Failed: 0) /home/travis/build/icyphy/ptII/ptolemy/actor/lib/test
----------------- testing (KnownFailure) /home/travis/build/icyphy/ptII/ptolemy/actor/lib/test/auto/knownFailedTests/PublisherPortToplevelSubscriber.xml
1 ms. Memory: 284672K Free: 190816K (67%)
Known Failure: java.lang.reflect.InvocationTargetException
----------------- testing (KnownFailure) /home/travis/build/icyphy/ptII/ptolemy/actor/lib/test/auto/knownFailedTests/PublisherSubscriberPortToplevel.xml
1 ms. Memory: 284672K Free: 186720K (66%)
Known Failure: java.lang.reflect.InvocationTargetException
----------------- testing (KnownFailure) /home/travis/build/icyphy/ptII/ptolemy/actor/lib/test/auto/knownFailedTests/PublisherSubscriptionAggregatorPort.xml
1 ms. Memory: 284672K Free: 183134K (64%)
Known Failure: java.lang.reflect.InvocationTargetException
----------------- testing (KnownFailure) /home/travis/build/icyphy/ptII/ptolemy/actor/lib/test/auto/knownFailedTests/sizedarray3.xml
7 ms. Memory: 284672K Free: 179038K (63%)
Known Failure: java.lang.reflect.InvocationTargetException
No auto/linux-amd64/*.xml tests in /home/travis/build/icyphy/ptII/ptolemy/actor/lib/test
AutoTests.java: About to close Vertx.
AutoTests.java: Vertx closed.

===========================================================================================
----------------- testing Mon Sep 02 05:40:06 UTC 2019 /home/travis/build/icyphy/ptII/ptolemy/actor/lib/test/auto/AbsoluteValue.xml
----------------- Instantiating /home/travis/build/icyphy/ptII/ptolemy/actor/lib/test/auto/AbsoluteValue.xml
7 ms. Memory: 284672K Free: 156000K (55%)
----------------- Invoking toplevel() on ptolemy.moml.MoMLSimpleApplication@10c266ea
----------------- Done invoking toplevel() on ptolemy.moml.MoMLSimpleApplication@10c266ea
reloadAllAccessors: .AbsoluteValue

===========================================================================================
----------------- testing Mon Sep 02 05:40:06 UTC 2019 /home/travis/build/icyphy/ptII/ptolemy/actor/lib/test/auto/AbsoluteValue2.xml
----------------- Instantiating /home/travis/build/icyphy/ptII/ptolemy/actor/lib/test/auto/AbsoluteValue2.xml
6 ms. Memory: 284672K Free: 149342K (52%)
----------------- Invoking toplevel() on ptolemy.moml.MoMLSimpleApplication@53ac03af
----------------- Done invoking toplevel() on ptolemy.moml.MoMLSimpleApplication@53ac03af
reloadAllAccessors: .AbsoluteValue2

===========================================================================================
----------------- testing Mon Sep 02 05:40:06 UTC 2019 /home/travis/build/icyphy/ptII/ptolemy/actor/lib/test/auto/Accumulator.xml
----------------- Instantiating /home/travis/build/icyphy/ptII/ptolemy/actor/lib/test/auto/Accumulator.xml
13 ms. Memory: 284672K Free: 142688K (50%)
----------------- Invoking toplevel() on ptolemy.moml.MoMLSimpleApplication@29c272c
----------------- Done invoking toplevel() on ptolemy.moml.MoMLSimpleApplication@29c272c
reloadAllAccessors: .Accumulator

===========================================================================================
----------------- testing Mon Sep 02 05:40:06 UTC 2019 /home/travis/build/icyphy/ptII/ptolemy/actor/lib/test/auto/Accumulator2.xml
----------------- Instantiating /home/travis/build/icyphy/ptII/ptolemy/actor/lib/test/auto/Accumulator2.xml
4 ms. Memory: 284672K Free: 137568K (48%)
----------------- Invoking toplevel() on ptolemy.moml.MoMLSimpleApplication@2aa9fc9e
----------------- Done invoking toplevel() on ptolemy.moml.MoMLSimpleApplication@2aa9fc9e
reloadAllAccessors: .Accumulator2

===========================================================================================
----------------- testing Mon Sep 02 05:40:06 UTC 2019 /home/travis/build/icyphy/ptII/ptolemy/actor/lib/test/auto/Accumulator3.xml
----------------- Instantiating /home/travis/build/icyphy/ptII/ptolemy/actor/lib/test/auto/Accumulator3.xml
3 ms. Memory: 284672K Free: 132958K (47%)
----------------- Invoking toplevel() on ptolemy.moml.MoMLSimpleApplication@2cca3765
----------------- Done invoking toplevel() on ptolemy.moml.MoMLSimpleApplication@2cca3765
reloadAllAccessors: .Accumulator3

===========================================================================================
----------------- testing Mon Sep 02 05:40:06 UTC 2019 /home/travis/build/icyphy/ptII/ptolemy/actor/lib/test/auto/ArrayAppend.xml
----------------- Instantiating /home/travis/build/icyphy/ptII/ptolemy/actor/lib/test/auto/ArrayAppend.xml
4 ms. Memory: 284672K Free: 127328K (45%)
----------------- Invoking toplevel() on ptolemy.moml.MoMLSimpleApplication@403d90b3
----------------- Done invoking toplevel() on ptolemy.moml.MoMLSimpleApplication@403d90b3
reloadAllAccessors: .ArrayAppend

===========================================================================================
----------------- testing Mon Sep 02 05:40:06 UTC 2019 /home/travis/build/icyphy/ptII/ptolemy/actor/lib/test/auto/ArrayAppend2.xml
----------------- Instantiating /home/travis/build/icyphy/ptII/ptolemy/actor/lib/test/auto/ArrayAppend2.xml
448 ms. Memory: 284672K Free: 164879K (58%)
----------------- Invoking toplevel() on ptolemy.moml.MoMLSimpleApplication@1e0d717f
----------------- Done invoking toplevel() on ptolemy.moml.MoMLSimpleApplication@1e0d717f
reloadAllAccessors: .ArrayAppend2

===========================================================================================
----------------- testing Mon Sep 02 05:40:07 UTC 2019 /home/travis/build/icyphy/ptII/ptolemy/actor/lib/test/auto/ArrayAppend3.xml
----------------- Instantiating /home/travis/build/icyphy/ptII/ptolemy/actor/lib/test/auto/ArrayAppend3.xml
5 ms. Memory: 284672K Free: 159245K (56%)
----------------- Invoking toplevel() on ptolemy.moml.MoMLSimpleApplication@662d5c1b
----------------- Done invoking toplevel() on ptolemy.moml.MoMLSimpleApplication@662d5c1b
reloadAllAccessors: .ArrayAppend3

===========================================================================================
----------------- testing Mon Sep 02 05:40:07 UTC 2019 /home/travis/build/icyphy/ptII/ptolemy/actor/lib/test/auto/ArrayAppend4.xml
----------------- Instantiating /home/travis/build/icyphy/ptII/ptolemy/actor/lib/test/auto/ArrayAppend4.xml
4 ms. Memory: 284672K Free: 154637K (54%)
----------------- Invoking toplevel() on ptolemy.moml.MoMLSimpleApplication@3422efca
----------------- Done invoking toplevel() on ptolemy.moml.MoMLSimpleApplication@3422efca
reloadAllAccessors: .ArrayAppend4

===========================================================================================
----------------- testing Mon Sep 02 05:40:07 UTC 2019 /home/travis/build/icyphy/ptII/ptolemy/actor/lib/test/auto/ArrayAppend5.xml
----------------- Instantiating /home/travis/build/icyphy/ptII/ptolemy/actor/lib/test/auto/ArrayAppend5.xml
2 ms. Memory: 284672K Free: 150029K (53%)
----------------- Invoking toplevel() on ptolemy.moml.MoMLSimpleApplication@3d1c6e3a
----------------- Done invoking toplevel() on ptolemy.moml.MoMLSimpleApplication@3d1c6e3a
reloadAllAccessors: .ArrayAppend5

===========================================================================================
----------------- testing Mon Sep 02 05:40:07 UTC 2019 /home/travis/build/icyphy/ptII/ptolemy/actor/lib/test/auto/ArrayAppend6.xml
----------------- Instantiating /home/travis/build/icyphy/ptII/ptolemy/actor/lib/test/auto/ArrayAppend6.xml
2 ms. Memory: 284672K Free: 144909K (51%)
----------------- Invoking toplevel() on ptolemy.moml.MoMLSimpleApplication@2f4587b2
----------------- Done invoking toplevel() on ptolemy.moml.MoMLSimpleApplication@2f4587b2
reloadAllAccessors: .ArrayAppend6

===========================================================================================
----------------- testing Mon Sep 02 05:40:07 UTC 2019 /home/travis/build/icyphy/ptII/ptolemy/actor/lib/test/auto/ArrayAppendPerformanceTest.xml
----------------- Instantiating /home/travis/build/icyphy/ptII/ptolemy/actor/lib/test/auto/ArrayAppendPerformanceTest.xml
38 ms. Memory: 284672K Free: 134669K (47%)
----------------- Invoking toplevel() on ptolemy.moml.MoMLSimpleApplication@7a87faf6
----------------- Done invoking toplevel() on ptolemy.moml.MoMLSimpleApplication@7a87faf6
reloadAllAccessors: .ArrayAppendPerformanceTest

===========================================================================================
----------------- testing Mon Sep 02 05:40:07 UTC 2019 /home/travis/build/icyphy/ptII/ptolemy/actor/lib/test/auto/ArrayAppendWithEmptyInput.xml
----------------- Instantiating /home/travis/build/icyphy/ptII/ptolemy/actor/lib/test/auto/ArrayAppendWithEmptyInput.xml
13 ms. Memory: 284672K Free: 126477K (44%)
----------------- Invoking toplevel() on ptolemy.moml.MoMLSimpleApplication@814ea9a
----------------- Done invoking toplevel() on ptolemy.moml.MoMLSimpleApplication@814ea9a
reloadAllAccessors: .ArrayAppendWithEmptyInput

===========================================================================================
----------------- testing Mon Sep 02 05:40:07 UTC 2019 /home/travis/build/icyphy/ptII/ptolemy/actor/lib/test/auto/ArrayAverage.xml
----------------- Instantiating /home/travis/build/icyphy/ptII/ptolemy/actor/lib/test/auto/ArrayAverage.xml
5 ms. Memory: 284672K Free: 118799K (42%)
----------------- Invoking toplevel() on ptolemy.moml.MoMLSimpleApplication@368412f1
----------------- Done invoking toplevel() on ptolemy.moml.MoMLSimpleApplication@368412f1
reloadAllAccessors: .ArrayAverage

===========================================================================================
----------------- testing Mon Sep 02 05:40:07 UTC 2019 /home/travis/build/icyphy/ptII/ptolemy/actor/lib/test/auto/ArrayContains.xml
----------------- Instantiating /home/travis/build/icyphy/ptII/ptolemy/actor/lib/test/auto/ArrayContains.xml
2 ms. Memory: 284672K Free: 112655K (40%)
----------------- Invoking toplevel() on ptolemy.moml.MoMLSimpleApplication@703fbed3
----------------- Done invoking toplevel() on ptolemy.moml.MoMLSimpleApplication@703fbed3
reloadAllAccessors: .ArrayContains

===========================================================================================
----------------- testing Mon Sep 02 05:40:07 UTC 2019 /home/travis/build/icyphy/ptII/ptolemy/actor/lib/test/auto/ArrayElement.xml
----------------- Instantiating /home/travis/build/icyphy/ptII/ptolemy/actor/lib/test/auto/ArrayElement.xml
3 ms. Memory: 284672K Free: 107535K (38%)
----------------- Invoking toplevel() on ptolemy.moml.MoMLSimpleApplication@339a0cdb
----------------- Done invoking toplevel() on ptolemy.moml.MoMLSimpleApplication@339a0cdb
reloadAllAccessors: .ArrayElement

===========================================================================================
----------------- testing Mon Sep 02 05:40:07 UTC 2019 /home/travis/build/icyphy/ptII/ptolemy/actor/lib/test/auto/ArrayElementAsMatrix.xml
----------------- Instantiating /home/travis/build/icyphy/ptII/ptolemy/actor/lib/test/auto/ArrayElementAsMatrix.xml
29 ms. Memory: 284672K Free: 96781K (34%)
----------------- Invoking toplevel() on ptolemy.moml.MoMLSimpleApplication@472b85b4
----------------- Done invoking toplevel() on ptolemy.moml.MoMLSimpleApplication@472b85b4
reloadAllAccessors: .ArrayElementAsMatrix

===========================================================================================
----------------- testing Mon Sep 02 05:40:07 UTC 2019 /home/travis/build/icyphy/ptII/ptolemy/actor/lib/test/auto/ArrayElementI.xml
----------------- Instantiating /home/travis/build/icyphy/ptII/ptolemy/actor/lib/test/auto/ArrayElementI.xml
3 ms. Memory: 284672K Free: 231951K (81%)
----------------- Invoking toplevel() on ptolemy.moml.MoMLSimpleApplication@373eed98
----------------- Done invoking toplevel() on ptolemy.moml.MoMLSimpleApplication@373eed98
reloadAllAccessors: .ArrayElementI

===========================================================================================
----------------- testing Mon Sep 02 05:40:07 UTC 2019 /home/travis/build/icyphy/ptII/ptolemy/actor/lib/test/auto/ArrayExtract.xml
----------------- Instantiating /home/travis/build/icyphy/ptII/ptolemy/actor/lib/test/auto/ArrayExtract.xml
9 ms. Memory: 284672K Free: 223245K (78%)
----------------- Invoking toplevel() on ptolemy.moml.MoMLSimpleApplication@63f6508f
----------------- Done invoking toplevel() on ptolemy.moml.MoMLSimpleApplication@63f6508f
reloadAllAccessors: .ArrayExtract

===========================================================================================
----------------- testing Mon Sep 02 05:40:07 UTC 2019 /home/travis/build/icyphy/ptII/ptolemy/actor/lib/test/auto/ArrayExtract2.xml
----------------- Instantiating /home/travis/build/icyphy/ptII/ptolemy/actor/lib/test/auto/ArrayExtract2.xml
2 ms. Memory: 284672K Free: 218094K (77%)
----------------- Invoking toplevel() on ptolemy.moml.MoMLSimpleApplication@77605578
----------------- Done invoking toplevel() on ptolemy.moml.MoMLSimpleApplication@77605578
reloadAllAccessors: .ArrayExtract2

===========================================================================================
----------------- testing Mon Sep 02 05:40:07 UTC 2019 /home/travis/build/icyphy/ptII/ptolemy/actor/lib/test/auto/ArrayLength.xml
----------------- Instantiating /home/travis/build/icyphy/ptII/ptolemy/actor/lib/test/auto/ArrayLength.xml
1 ms. Memory: 284672K Free: 214029K (75%)
----------------- Invoking toplevel() on ptolemy.moml.MoMLSimpleApplication@666b32c1
----------------- Done invoking toplevel() on ptolemy.moml.MoMLSimpleApplication@666b32c1
reloadAllAccessors: .ArrayLength

===========================================================================================
----------------- testing Mon Sep 02 05:40:07 UTC 2019 /home/travis/build/icyphy/ptII/ptolemy/actor/lib/test/auto/ArrayLevelCrossing.xml
----------------- Instantiating /home/travis/build/icyphy/ptII/ptolemy/actor/lib/test/auto/ArrayLevelCrossing.xml
5 ms. Memory: 284672K Free: 206351K (72%)
----------------- Invoking toplevel() on ptolemy.moml.MoMLSimpleApplication@6abb2db6
----------------- Done invoking toplevel() on ptolemy.moml.MoMLSimpleApplication@6abb2db6
reloadAllAccessors: .ArrayLevelCrossing

===========================================================================================
----------------- testing Mon Sep 02 05:40:07 UTC 2019 /home/travis/build/icyphy/ptII/ptolemy/actor/lib/test/auto/ArrayLevelCrossing2.xml
----------------- Instantiating /home/travis/build/icyphy/ptII/ptolemy/actor/lib/test/auto/ArrayLevelCrossing2.xml
4 ms. Memory: 284672K Free: 199183K (70%)
----------------- Invoking toplevel() on ptolemy.moml.MoMLSimpleApplication@2a3c30c7
----------------- Done invoking toplevel() on ptolemy.moml.MoMLSimpleApplication@2a3c30c7
reloadAllAccessors: .ArrayLevelCrossing2

===========================================================================================
----------------- testing Mon Sep 02 05:40:08 UTC 2019 /home/travis/build/icyphy/ptII/ptolemy/actor/lib/test/auto/ArrayPeakSearch.xml
----------------- Instantiating /home/travis/build/icyphy/ptII/ptolemy/actor/lib/test/auto/ArrayPeakSearch.xml
4 ms. Memory: 284672K Free: 190477K (67%)
----------------- Invoking toplevel() on ptolemy.moml.MoMLSimpleApplication@64f5972b
----------------- Done invoking toplevel() on ptolemy.moml.MoMLSimpleApplication@64f5972b
reloadAllAccessors: .ArrayPeakSearch

===========================================================================================
----------------- testing Mon Sep 02 05:40:08 UTC 2019 /home/travis/build/icyphy/ptII/ptolemy/actor/lib/test/auto/ArrayPeakSearch2.xml
----------------- Instantiating /home/travis/build/icyphy/ptII/ptolemy/actor/lib/test/auto/ArrayPeakSearch2.xml
5 ms. Memory: 284672K Free: 179727K (63%)
----------------- Invoking toplevel() on ptolemy.moml.MoMLSimpleApplication@2d8c94cc
----------------- Done invoking toplevel() on ptolemy.moml.MoMLSimpleApplication@2d8c94cc
reloadAllAccessors: .ArrayPeakSearch2

===========================================================================================
----------------- testing Mon Sep 02 05:40:08 UTC 2019 /home/travis/build/icyphy/ptII/ptolemy/actor/lib/test/auto/ArrayPeakSearch3.xml
----------------- Instantiating /home/travis/build/icyphy/ptII/ptolemy/actor/lib/test/auto/ArrayPeakSearch3.xml
6 ms. Memory: 284672K Free: 171021K (60%)
----------------- Invoking toplevel() on ptolemy.moml.MoMLSimpleApplication@64e62bba
----------------- Done invoking toplevel() on ptolemy.moml.MoMLSimpleApplication@64e62bba
reloadAllAccessors: .ArrayPeakSearch3

===========================================================================================
----------------- testing Mon Sep 02 05:40:08 UTC 2019 /home/travis/build/icyphy/ptII/ptolemy/actor/lib/test/auto/ArrayRemoveElement.xml
----------------- Instantiating /home/travis/build/icyphy/ptII/ptolemy/actor/lib/test/auto/ArrayRemoveElement.xml
3 ms. Memory: 284672K Free: 162829K (57%)
----------------- Invoking toplevel() on ptolemy.moml.MoMLSimpleApplication@a353e1c
----------------- Done invoking toplevel() on ptolemy.moml.MoMLSimpleApplication@a353e1c
reloadAllAccessors: .ArrayRemoveElement

===========================================================================================
----------------- testing Mon Sep 02 05:40:08 UTC 2019 /home/travis/build/icyphy/ptII/ptolemy/actor/lib/test/auto/ArraySort.xml
----------------- Instantiating /home/travis/build/icyphy/ptII/ptolemy/actor/lib/test/auto/ArraySort.xml
7 ms. Memory: 284672K Free: 154127K (54%)
----------------- Invoking toplevel() on ptolemy.moml.MoMLSimpleApplication@44493e60
----------------- Done invoking toplevel() on ptolemy.moml.MoMLSimpleApplication@44493e60
reloadAllAccessors: .ArraySort

===========================================================================================
----------------- testing Mon Sep 02 05:40:08 UTC 2019 /home/travis/build/icyphy/ptII/ptolemy/actor/lib/test/auto/ArraySum.xml
----------------- Instantiating /home/travis/build/icyphy/ptII/ptolemy/actor/lib/test/auto/ArraySum.xml
3 ms. Memory: 284672K Free: 148493K (52%)
----------------- Invoking toplevel() on ptolemy.moml.MoMLSimpleApplication@544b8690
----------------- Done invoking toplevel() on ptolemy.moml.MoMLSimpleApplication@544b8690
reloadAllAccessors: .ArraySum

===========================================================================================
----------------- testing Mon Sep 02 05:40:08 UTC 2019 /home/travis/build/icyphy/ptII/ptolemy/actor/lib/test/auto/ArrayToElements.xml
----------------- Instantiating /home/travis/build/icyphy/ptII/ptolemy/actor/lib/test/auto/ArrayToElements.xml
12 ms. Memory: 284672K Free: 143373K (50%)
----------------- Invoking toplevel() on ptolemy.moml.MoMLSimpleApplication@19c0305b
----------------- Done invoking toplevel() on ptolemy.moml.MoMLSimpleApplication@19c0305b
reloadAllAccessors: .ArrayToElements

===========================================================================================
----------------- testing Mon Sep 02 05:40:08 UTC 2019 /home/travis/build/icyphy/ptII/ptolemy/actor/lib/test/auto/ArrayToMatrix.xml
----------------- Instantiating /home/travis/build/icyphy/ptII/ptolemy/actor/lib/test/auto/ArrayToMatrix.xml
22 ms. Memory: 284672K Free: 129037K (45%)
----------------- Invoking toplevel() on ptolemy.moml.MoMLSimpleApplication@6d4402e9
----------------- Done invoking toplevel() on ptolemy.moml.MoMLSimpleApplication@6d4402e9
reloadAllAccessors: .ArrayToMatrix

===========================================================================================
----------------- testing Mon Sep 02 05:40:08 UTC 2019 /home/travis/build/icyphy/ptII/ptolemy/actor/lib/test/auto/ArrayUpdate1.xml
----------------- Instantiating /home/travis/build/icyphy/ptII/ptolemy/actor/lib/test/auto/ArrayUpdate1.xml
5 ms. Memory: 284672K Free: 124431K (44%)
----------------- Invoking toplevel() on ptolemy.moml.MoMLSimpleApplication@6004891
----------------- Done invoking toplevel() on ptolemy.moml.MoMLSimpleApplication@6004891
reloadAllAccessors: .ArrayUpdate1

===========================================================================================
----------------- testing Mon Sep 02 05:40:08 UTC 2019 /home/travis/build/icyphy/ptII/ptolemy/actor/lib/test/auto/ArrayUpdate2.xml
----------------- Instantiating /home/travis/build/icyphy/ptII/ptolemy/actor/lib/test/auto/ArrayUpdate2.xml
8 ms. Memory: 284672K Free: 118287K (42%)
----------------- Invoking toplevel() on ptolemy.moml.MoMLSimpleApplication@565877fb
----------------- Done invoking toplevel() on ptolemy.moml.MoMLSimpleApplication@565877fb
reloadAllAccessors: .ArrayUpdate2

===========================================================================================
----------------- testing Mon Sep 02 05:40:08 UTC 2019 /home/travis/build/icyphy/ptII/ptolemy/actor/lib/test/auto/ArrayUpdate3.xml
----------------- Instantiating /home/travis/build/icyphy/ptII/ptolemy/actor/lib/test/auto/ArrayUpdate3.xml
4 ms. Memory: 284672K Free: 113677K (40%)
----------------- Invoking toplevel() on ptolemy.moml.MoMLSimpleApplication@1de7964
----------------- Done invoking toplevel() on ptolemy.moml.MoMLSimpleApplication@1de7964
reloadAllAccessors: .ArrayUpdate3

===========================================================================================
----------------- testing Mon Sep 02 05:40:08 UTC 2019 /home/travis/build/icyphy/ptII/ptolemy/actor/lib/test/auto/Assert1.xml
----------------- Instantiating /home/travis/build/icyphy/ptII/ptolemy/actor/lib/test/auto/Assert1.xml
5 ms. Memory: 284672K Free: 109071K (38%)
----------------- Invoking toplevel() on ptolemy.moml.MoMLSimpleApplication@b6552d9
----------------- Done invoking toplevel() on ptolemy.moml.MoMLSimpleApplication@b6552d9
reloadAllAccessors: .Assert1

===========================================================================================
----------------- testing Mon Sep 02 05:40:08 UTC 2019 /home/travis/build/icyphy/ptII/ptolemy/actor/lib/test/auto/Assert2.xml
----------------- Instantiating /home/travis/build/icyphy/ptII/ptolemy/actor/lib/test/auto/Assert2.xml
2 ms. Memory: 284672K Free: 104461K (37%)
----------------- Invoking toplevel() on ptolemy.moml.MoMLSimpleApplication@5ff6d6d
----------------- Done invoking toplevel() on ptolemy.moml.MoMLSimpleApplication@5ff6d6d
reloadAllAccessors: .Assert2

===========================================================================================
----------------- testing Mon Sep 02 05:40:08 UTC 2019 /home/travis/build/icyphy/ptII/ptolemy/actor/lib/test/auto/BooleanMultiplexor.xml
----------------- Instantiating /home/travis/build/icyphy/ptII/ptolemy/actor/lib/test/auto/BooleanMultiplexor.xml
2 ms. Memory: 284672K Free: 98831K (35%)
----------------- Invoking toplevel() on ptolemy.moml.MoMLSimpleApplication@7d3bb66d
----------------- Done invoking toplevel() on ptolemy.moml.MoMLSimpleApplication@7d3bb66d
reloadAllAccessors: .BooleanMultiplexor

===========================================================================================
----------------- testing Mon Sep 02 05:40:08 UTC 2019 /home/travis/build/icyphy/ptII/ptolemy/actor/lib/test/auto/BooleanMultiplexor2.xml
----------------- Instantiating /home/travis/build/icyphy/ptII/ptolemy/actor/lib/test/auto/BooleanMultiplexor2.xml
14 ms. Memory: 284672K Free: 92685K (33%)
----------------- Invoking toplevel() on ptolemy.moml.MoMLSimpleApplication@ac3fd76
----------------- Done invoking toplevel() on ptolemy.moml.MoMLSimpleApplication@ac3fd76
reloadAllAccessors: .BooleanMultiplexor2

===========================================================================================
----------------- testing Mon Sep 02 05:40:08 UTC 2019 /home/travis/build/icyphy/ptII/ptolemy/actor/lib/test/auto/BooleanMultiplexor3.xml
----------------- Instantiating /home/travis/build/icyphy/ptII/ptolemy/actor/lib/test/auto/BooleanMultiplexor3.xml
6 ms. Memory: 284672K Free: 88591K (31%)
----------------- Invoking toplevel() on ptolemy.moml.MoMLSimpleApplication@561e9fa2
----------------- Done invoking toplevel() on ptolemy.moml.MoMLSimpleApplication@561e9fa2
reloadAllAccessors: .BooleanMultiplexor3

===========================================================================================
----------------- testing Mon Sep 02 05:40:08 UTC 2019 /home/travis/build/icyphy/ptII/ptolemy/actor/lib/test/auto/BooleanSelect.xml
----------------- Instantiating /home/travis/build/icyphy/ptII/ptolemy/actor/lib/test/auto/BooleanSelect.xml
8 ms. Memory: 284672K Free: 82926K (29%)
----------------- Invoking toplevel() on ptolemy.moml.MoMLSimpleApplication@7ae7ccb0
----------------- Done invoking toplevel() on ptolemy.moml.MoMLSimpleApplication@7ae7ccb0
reloadAllAccessors: .BooleanSelect

===========================================================================================
----------------- testing Mon Sep 02 05:40:08 UTC 2019 /home/travis/build/icyphy/ptII/ptolemy/actor/lib/test/auto/BooleanSelect2.xml
----------------- Instantiating /home/travis/build/icyphy/ptII/ptolemy/actor/lib/test/auto/BooleanSelect2.xml
1 ms. Memory: 284672K Free: 230912K (81%)
----------------- Invoking toplevel() on ptolemy.moml.MoMLSimpleApplication@6ecb435e
----------------- Done invoking toplevel() on ptolemy.moml.MoMLSimpleApplication@6ecb435e
reloadAllAccessors: .BooleanSelect2

===========================================================================================
----------------- testing Mon Sep 02 05:40:08 UTC 2019 /home/travis/build/icyphy/ptII/ptolemy/actor/lib/test/auto/BooleanSwitch.xml
----------------- Instantiating /home/travis/build/icyphy/ptII/ptolemy/actor/lib/test/auto/BooleanSwitch.xml
19 ms. Memory: 284672K Free: 224546K (79%)
----------------- Invoking toplevel() on ptolemy.moml.MoMLSimpleApplication@4b39fb75
----------------- Done invoking toplevel() on ptolemy.moml.MoMLSimpleApplication@4b39fb75
reloadAllAccessors: .BooleanSwitch

===========================================================================================
----------------- testing Mon Sep 02 05:40:08 UTC 2019 /home/travis/build/icyphy/ptII/ptolemy/actor/lib/test/auto/BooleanSwitch2.xml
----------------- Instantiating /home/travis/build/icyphy/ptII/ptolemy/actor/lib/test/auto/BooleanSwitch2.xml
2 ms. Memory: 284672K Free: 220452K (77%)
----------------- Invoking toplevel() on ptolemy.moml.MoMLSimpleApplication@906bfc4
----------------- Done invoking toplevel() on ptolemy.moml.MoMLSimpleApplication@906bfc4
reloadAllAccessors: .BooleanSwitch2

===========================================================================================
----------------- testing Mon Sep 02 05:40:08 UTC 2019 /home/travis/build/icyphy/ptII/ptolemy/actor/lib/test/auto/BooleanSwitchCloningBugWithClassRelationGroup.xml
----------------- Instantiating /home/travis/build/icyphy/ptII/ptolemy/actor/lib/test/auto/BooleanSwitchCloningBugWithClassRelationGroup.xml
7 ms. Memory: 284672K Free: 213794K (75%)
----------------- Invoking toplevel() on ptolemy.moml.MoMLSimpleApplication@78eed84a
----------------- Done invoking toplevel() on ptolemy.moml.MoMLSimpleApplication@78eed84a
reloadAllAccessors: .BooleanSwitchCloningBugWithClassRelationGroup

===========================================================================================
----------------- testing Mon Sep 02 05:40:08 UTC 2019 /home/travis/build/icyphy/ptII/ptolemy/actor/lib/test/auto/BusActors.xml
----------------- Instantiating /home/travis/build/icyphy/ptII/ptolemy/actor/lib/test/auto/BusActors.xml
12 ms. Memory: 284672K Free: 206116K (72%)
----------------- Invoking toplevel() on ptolemy.moml.MoMLSimpleApplication@658948fa
----------------- Done invoking toplevel() on ptolemy.moml.MoMLSimpleApplication@658948fa
reloadAllAccessors: .BusActors

===========================================================================================
----------------- testing Mon Sep 02 05:40:08 UTC 2019 /home/travis/build/icyphy/ptII/ptolemy/actor/lib/test/auto/ClassWrapper.xml
----------------- Instantiating /home/travis/build/icyphy/ptII/ptolemy/actor/lib/test/auto/ClassWrapper.xml
2 ms. Memory: 284672K Free: 201506K (71%)
----------------- Invoking toplevel() on ptolemy.moml.MoMLSimpleApplication@21027f32
----------------- Done invoking toplevel() on ptolemy.moml.MoMLSimpleApplication@21027f32
reloadAllAccessors: .ClassWrapper

===========================================================================================
----------------- testing Mon Sep 02 05:40:08 UTC 2019 /home/travis/build/icyphy/ptII/ptolemy/actor/lib/test/auto/Clock.xml
----------------- Instantiating /home/travis/build/icyphy/ptII/ptolemy/actor/lib/test/auto/Clock.xml
3 ms. Memory: 284672K Free: 197924K (70%)
----------------- Invoking toplevel() on ptolemy.moml.MoMLSimpleApplication@7e77d4dd
----------------- Done invoking toplevel() on ptolemy.moml.MoMLSimpleApplication@7e77d4dd
reloadAllAccessors: .Clock

===========================================================================================
----------------- testing Mon Sep 02 05:40:08 UTC 2019 /home/travis/build/icyphy/ptII/ptolemy/actor/lib/test/auto/Clock10.xml
----------------- Instantiating /home/travis/build/icyphy/ptII/ptolemy/actor/lib/test/auto/Clock10.xml
3 ms. Memory: 284672K Free: 191780K (67%)
----------------- Invoking toplevel() on ptolemy.moml.MoMLSimpleApplication@b8ca5e1
----------------- Done invoking toplevel() on ptolemy.moml.MoMLSimpleApplication@b8ca5e1
reloadAllAccessors: .Clock10

===========================================================================================
----------------- testing Mon Sep 02 05:40:08 UTC 2019 /home/travis/build/icyphy/ptII/ptolemy/actor/lib/test/auto/Clock11.xml
----------------- Instantiating /home/travis/build/icyphy/ptII/ptolemy/actor/lib/test/auto/Clock11.xml
4 ms. Memory: 284672K Free: 186146K (65%)
----------------- Invoking toplevel() on ptolemy.moml.MoMLSimpleApplication@5355f86d
----------------- Done invoking toplevel() on ptolemy.moml.MoMLSimpleApplication@5355f86d
reloadAllAccessors: .Clock11

===========================================================================================
----------------- testing Mon Sep 02 05:40:08 UTC 2019 /home/travis/build/icyphy/ptII/ptolemy/actor/lib/test/auto/Clock12.xml
----------------- Instantiating /home/travis/build/icyphy/ptII/ptolemy/actor/lib/test/auto/Clock12.xml
5 ms. Memory: 284672K Free: 180002K (63%)
----------------- Invoking toplevel() on ptolemy.moml.MoMLSimpleApplication@50bec19c
----------------- Done invoking toplevel() on ptolemy.moml.MoMLSimpleApplication@50bec19c
reloadAllAccessors: .Clock12

===========================================================================================
----------------- testing Mon Sep 02 05:40:09 UTC 2019 /home/travis/build/icyphy/ptII/ptolemy/actor/lib/test/auto/Clock13.xml
----------------- Instantiating /home/travis/build/icyphy/ptII/ptolemy/actor/lib/test/auto/Clock13.xml
6 ms. Memory: 284672K Free: 174372K (61%)
----------------- Invoking toplevel() on ptolemy.moml.MoMLSimpleApplication@2d97c298
----------------- Done invoking toplevel() on ptolemy.moml.MoMLSimpleApplication@2d97c298
reloadAllAccessors: .Clock13

===========================================================================================
----------------- testing Mon Sep 02 05:40:09 UTC 2019 /home/travis/build/icyphy/ptII/ptolemy/actor/lib/test/auto/Clock14.xml
----------------- Instantiating /home/travis/build/icyphy/ptII/ptolemy/actor/lib/test/auto/Clock14.xml
3 ms. Memory: 284672K Free: 168228K (59%)
----------------- Invoking toplevel() on ptolemy.moml.MoMLSimpleApplication@23074f9b
----------------- Done invoking toplevel() on ptolemy.moml.MoMLSimpleApplication@23074f9b
reloadAllAccessors: .Clock14

===========================================================================================
----------------- testing Mon Sep 02 05:40:09 UTC 2019 /home/travis/build/icyphy/ptII/ptolemy/actor/lib/test/auto/Clock15.xml
----------------- Instantiating /home/travis/build/icyphy/ptII/ptolemy/actor/lib/test/auto/Clock15.xml
3 ms. Memory: 284672K Free: 162588K (57%)
----------------- Invoking toplevel() on ptolemy.moml.MoMLSimpleApplication@23cc49ed
----------------- Done invoking toplevel() on ptolemy.moml.MoMLSimpleApplication@23cc49ed
reloadAllAccessors: .Clock15

===========================================================================================
----------------- testing Mon Sep 02 05:40:09 UTC 2019 /home/travis/build/icyphy/ptII/ptolemy/actor/lib/test/auto/Clock16.xml
----------------- Instantiating /home/travis/build/icyphy/ptII/ptolemy/actor/lib/test/auto/Clock16.xml
32 ms. Memory: 284672K Free: 147220K (52%)
----------------- Invoking toplevel() on ptolemy.moml.MoMLSimpleApplication@49cd8588
----------------- Done invoking toplevel() on ptolemy.moml.MoMLSimpleApplication@49cd8588
reloadAllAccessors: .Clock16

===========================================================================================
----------------- testing Mon Sep 02 05:40:09 UTC 2019 /home/travis/build/icyphy/ptII/ptolemy/actor/lib/test/auto/Clock17.xml
----------------- Instantiating /home/travis/build/icyphy/ptII/ptolemy/actor/lib/test/auto/Clock17.xml
18 ms. Memory: 284672K Free: 132884K (47%)
----------------- Invoking toplevel() on ptolemy.moml.MoMLSimpleApplication@298cae71
----------------- Done invoking toplevel() on ptolemy.moml.MoMLSimpleApplication@298cae71
reloadAllAccessors: .Clock17

===========================================================================================
----------------- testing Mon Sep 02 05:40:09 UTC 2019 /home/travis/build/icyphy/ptII/ptolemy/actor/lib/test/auto/Clock18.xml
----------------- Instantiating /home/travis/build/icyphy/ptII/ptolemy/actor/lib/test/auto/Clock18.xml
15 ms. Memory: 284672K Free: 119554K (42%)
----------------- Invoking toplevel() on ptolemy.moml.MoMLSimpleApplication@5cb97eaf
----------------- Done invoking toplevel() on ptolemy.moml.MoMLSimpleApplication@5cb97eaf
reloadAllAccessors: .Clock18

===========================================================================================
----------------- testing Mon Sep 02 05:40:09 UTC 2019 /home/travis/build/icyphy/ptII/ptolemy/actor/lib/test/auto/Clock19.xml
----------------- Instantiating /home/travis/build/icyphy/ptII/ptolemy/actor/lib/test/auto/Clock19.xml
16 ms. Memory: 284672K Free: 106260K (37%)
----------------- Invoking toplevel() on ptolemy.moml.MoMLSimpleApplication@27bc87c4
----------------- Done invoking toplevel() on ptolemy.moml.MoMLSimpleApplication@27bc87c4
reloadAllAccessors: .Clock19

===========================================================================================
----------------- testing Mon Sep 02 05:40:09 UTC 2019 /home/travis/build/icyphy/ptII/ptolemy/actor/lib/test/auto/Clock2.xml
----------------- Instantiating /home/travis/build/icyphy/ptII/ptolemy/actor/lib/test/auto/Clock2.xml
7 ms. Memory: 284672K Free: 101668K (36%)
----------------- Invoking toplevel() on ptolemy.moml.MoMLSimpleApplication@6f4b9b49
----------------- Done invoking toplevel() on ptolemy.moml.MoMLSimpleApplication@6f4b9b49
reloadAllAccessors: .Clock2

===========================================================================================
----------------- testing Mon Sep 02 05:40:09 UTC 2019 /home/travis/build/icyphy/ptII/ptolemy/actor/lib/test/auto/Clock20.xml
----------------- Instantiating /home/travis/build/icyphy/ptII/ptolemy/actor/lib/test/auto/Clock20.xml
5 ms. Memory: 284672K Free: 96034K (34%)
----------------- Invoking toplevel() on ptolemy.moml.MoMLSimpleApplication@598f1310
----------------- Done invoking toplevel() on ptolemy.moml.MoMLSimpleApplication@598f1310
reloadAllAccessors: .Clock20

===========================================================================================
----------------- testing Mon Sep 02 05:40:09 UTC 2019 /home/travis/build/icyphy/ptII/ptolemy/actor/lib/test/auto/Clock21.xml
----------------- Instantiating /home/travis/build/icyphy/ptII/ptolemy/actor/lib/test/auto/Clock21.xml
4 ms. Memory: 284672K Free: 90404K (32%)
----------------- Invoking toplevel() on ptolemy.moml.MoMLSimpleApplication@56dd7de9
----------------- Done invoking toplevel() on ptolemy.moml.MoMLSimpleApplication@56dd7de9
reloadAllAccessors: .Clock21

===========================================================================================
----------------- testing Mon Sep 02 05:40:09 UTC 2019 /home/travis/build/icyphy/ptII/ptolemy/actor/lib/test/auto/Clock22.xml
----------------- Instantiating /home/travis/build/icyphy/ptII/ptolemy/actor/lib/test/auto/Clock22.xml
2 ms. Memory: 284672K Free: 85284K (30%)
----------------- Invoking toplevel() on ptolemy.moml.MoMLSimpleApplication@6d3db5f7
----------------- Done invoking toplevel() on ptolemy.moml.MoMLSimpleApplication@6d3db5f7
reloadAllAccessors: .Clock22

===========================================================================================
----------------- testing Mon Sep 02 05:40:09 UTC 2019 /home/travis/build/icyphy/ptII/ptolemy/actor/lib/test/auto/Clock23.xml
----------------- Instantiating /home/travis/build/icyphy/ptII/ptolemy/actor/lib/test/auto/Clock23.xml
4 ms. Memory: 284672K Free: 79650K (28%)
----------------- Invoking toplevel() on ptolemy.moml.MoMLSimpleApplication@4d941ea2
----------------- Done invoking toplevel() on ptolemy.moml.MoMLSimpleApplication@4d941ea2
reloadAllAccessors: .Clock23

===========================================================================================
----------------- testing Mon Sep 02 05:40:09 UTC 2019 /home/travis/build/icyphy/ptII/ptolemy/actor/lib/test/auto/Clock24.xml
----------------- Instantiating /home/travis/build/icyphy/ptII/ptolemy/actor/lib/test/auto/Clock24.xml
4 ms. Memory: 284672K Free: 74530K (26%)
----------------- Invoking toplevel() on ptolemy.moml.MoMLSimpleApplication@d990eb7
----------------- Done invoking toplevel() on ptolemy.moml.MoMLSimpleApplication@d990eb7
reloadAllAccessors: .Clock24

===========================================================================================
----------------- testing Mon Sep 02 05:40:09 UTC 2019 /home/travis/build/icyphy/ptII/ptolemy/actor/lib/test/auto/Clock4.xml
----------------- Instantiating /home/travis/build/icyphy/ptII/ptolemy/actor/lib/test/auto/Clock4.xml
1 ms. Memory: 284672K Free: 69404K (24%)
----------------- Invoking toplevel() on ptolemy.moml.MoMLSimpleApplication@674d279d
----------------- Done invoking toplevel() on ptolemy.moml.MoMLSimpleApplication@674d279d
reloadAllAccessors: .Clock4

===========================================================================================
----------------- testing Mon Sep 02 05:40:09 UTC 2019 /home/travis/build/icyphy/ptII/ptolemy/actor/lib/test/auto/Clock5.xml
----------------- Instantiating /home/travis/build/icyphy/ptII/ptolemy/actor/lib/test/auto/Clock5.xml
2 ms. Memory: 448512K Free: 394095K (88%)
----------------- Invoking toplevel() on ptolemy.moml.MoMLSimpleApplication@4eb153ff
----------------- Done invoking toplevel() on ptolemy.moml.MoMLSimpleApplication@4eb153ff
reloadAllAccessors: .Clock5

===========================================================================================
----------------- testing Mon Sep 02 05:40:09 UTC 2019 /home/travis/build/icyphy/ptII/ptolemy/actor/lib/test/auto/Clock6.xml
----------------- Instantiating /home/travis/build/icyphy/ptII/ptolemy/actor/lib/test/auto/Clock6.xml
3 ms. Memory: 448512K Free: 389489K (87%)
----------------- Invoking toplevel() on ptolemy.moml.MoMLSimpleApplication@2e7551c8
----------------- Done invoking toplevel() on ptolemy.moml.MoMLSimpleApplication@2e7551c8
reloadAllAccessors: .Clock6

===========================================================================================
----------------- testing Mon Sep 02 05:40:09 UTC 2019 /home/travis/build/icyphy/ptII/ptolemy/actor/lib/test/auto/Clock7.xml
----------------- Instantiating /home/travis/build/icyphy/ptII/ptolemy/actor/lib/test/auto/Clock7.xml
2 ms. Memory: 448512K Free: 384879K (86%)
----------------- Invoking toplevel() on ptolemy.moml.MoMLSimpleApplication@3c0e96c1
----------------- Done invoking toplevel() on ptolemy.moml.MoMLSimpleApplication@3c0e96c1
reloadAllAccessors: .Clock7

===========================================================================================
----------------- testing Mon Sep 02 05:40:09 UTC 2019 /home/travis/build/icyphy/ptII/ptolemy/actor/lib/test/auto/Clock8.xml
----------------- Instantiating /home/travis/build/icyphy/ptII/ptolemy/actor/lib/test/auto/Clock8.xml
5 ms. Memory: 448512K Free: 379729K (85%)
----------------- Invoking toplevel() on ptolemy.moml.MoMLSimpleApplication@2c310d6b
----------------- Done invoking toplevel() on ptolemy.moml.MoMLSimpleApplication@2c310d6b
reloadAllAccessors: .Clock8

===========================================================================================
----------------- testing Mon Sep 02 05:40:09 UTC 2019 /home/travis/build/icyphy/ptII/ptolemy/actor/lib/test/auto/Clock9.xml
----------------- Instantiating /home/travis/build/icyphy/ptII/ptolemy/actor/lib/test/auto/Clock9.xml
7 ms. Memory: 448512K Free: 374129K (83%)
----------------- Invoking toplevel() on ptolemy.moml.MoMLSimpleApplication@687224a6
----------------- Done invoking toplevel() on ptolemy.moml.MoMLSimpleApplication@687224a6
reloadAllAccessors: .Clock9

===========================================================================================
----------------- testing Mon Sep 02 05:40:09 UTC 2019 /home/travis/build/icyphy/ptII/ptolemy/actor/lib/test/auto/CommDistDiscard.xml
----------------- Instantiating /home/travis/build/icyphy/ptII/ptolemy/actor/lib/test/auto/CommDistDiscard.xml
5 ms. Memory: 448512K Free: 368495K (82%)
----------------- Invoking toplevel() on ptolemy.moml.MoMLSimpleApplication@4254f6aa
----------------- Done invoking toplevel() on ptolemy.moml.MoMLSimpleApplication@4254f6aa
reloadAllAccessors: .CommDistDiscard

===========================================================================================
----------------- testing Mon Sep 02 05:40:09 UTC 2019 /home/travis/build/icyphy/ptII/ptolemy/actor/lib/test/auto/Commutator.xml
----------------- Instantiating /home/travis/build/icyphy/ptII/ptolemy/actor/lib/test/auto/Commutator.xml
2 ms. Memory: 448512K Free: 364399K (81%)
----------------- Invoking toplevel() on ptolemy.moml.MoMLSimpleApplication@33c437c6
----------------- Done invoking toplevel() on ptolemy.moml.MoMLSimpleApplication@33c437c6
reloadAllAccessors: .Commutator

===========================================================================================
----------------- testing Mon Sep 02 05:40:09 UTC 2019 /home/travis/build/icyphy/ptII/ptolemy/actor/lib/test/auto/Commutator2.xml
----------------- Instantiating /home/travis/build/icyphy/ptII/ptolemy/actor/lib/test/auto/Commutator2.xml
2 ms. Memory: 448512K Free: 359793K (80%)
----------------- Invoking toplevel() on ptolemy.moml.MoMLSimpleApplication@2e505fec
----------------- Done invoking toplevel() on ptolemy.moml.MoMLSimpleApplication@2e505fec
reloadAllAccessors: .Commutator2

===========================================================================================
----------------- testing Mon Sep 02 05:40:09 UTC 2019 /home/travis/build/icyphy/ptII/ptolemy/actor/lib/test/auto/Commutator3.xml
----------------- Instantiating /home/travis/build/icyphy/ptII/ptolemy/actor/lib/test/auto/Commutator3.xml
2 ms. Memory: 448512K Free: 355697K (79%)
----------------- Invoking toplevel() on ptolemy.moml.MoMLSimpleApplication@75e8a061
----------------- Done invoking toplevel() on ptolemy.moml.MoMLSimpleApplication@75e8a061
reloadAllAccessors: .Commutator3

===========================================================================================
----------------- testing Mon Sep 02 05:40:09 UTC 2019 /home/travis/build/icyphy/ptII/ptolemy/actor/lib/test/auto/Compare.xml
----------------- Instantiating /home/travis/build/icyphy/ptII/ptolemy/actor/lib/test/auto/Compare.xml
4 ms. Memory: 448512K Free: 349039K (78%)
----------------- Invoking toplevel() on ptolemy.moml.MoMLSimpleApplication@7b6c44
----------------- Done invoking toplevel() on ptolemy.moml.MoMLSimpleApplication@7b6c44
reloadAllAccessors: .Compare

===========================================================================================
----------------- testing Mon Sep 02 05:40:09 UTC 2019 /home/travis/build/icyphy/ptII/ptolemy/actor/lib/test/auto/CompareDE.xml
----------------- Instantiating /home/travis/build/icyphy/ptII/ptolemy/actor/lib/test/auto/CompareDE.xml
5 ms. Memory: 448512K Free: 341857K (76%)
----------------- Invoking toplevel() on ptolemy.moml.MoMLSimpleApplication@cb8063b
----------------- Done invoking toplevel() on ptolemy.moml.MoMLSimpleApplication@cb8063b
reloadAllAccessors: .CompareDE

===========================================================================================
----------------- testing Mon Sep 02 05:40:09 UTC 2019 /home/travis/build/icyphy/ptII/ptolemy/actor/lib/test/auto/ComplexDivide.xml
----------------- Instantiating /home/travis/build/icyphy/ptII/ptolemy/actor/lib/test/auto/ComplexDivide.xml
2 ms. Memory: 448512K Free: 338289K (75%)
----------------- Invoking toplevel() on ptolemy.moml.MoMLSimpleApplication@646d3b64
----------------- Done invoking toplevel() on ptolemy.moml.MoMLSimpleApplication@646d3b64
reloadAllAccessors: .ComplexDivide

===========================================================================================
----------------- testing Mon Sep 02 05:40:09 UTC 2019 /home/travis/build/icyphy/ptII/ptolemy/actor/lib/test/auto/ComputeHistogram.xml
----------------- Instantiating /home/travis/build/icyphy/ptII/ptolemy/actor/lib/test/auto/ComputeHistogram.xml
44 ms. Memory: 448512K Free: 325487K (73%)
----------------- Invoking toplevel() on ptolemy.moml.MoMLSimpleApplication@608c01
----------------- Done invoking toplevel() on ptolemy.moml.MoMLSimpleApplication@608c01
reloadAllAccessors: .ComputeHistogram

===========================================================================================
----------------- testing Mon Sep 02 05:40:09 UTC 2019 /home/travis/build/icyphy/ptII/ptolemy/actor/lib/test/auto/ConfigurationSelect.xml
----------------- Instantiating /home/travis/build/icyphy/ptII/ptolemy/actor/lib/test/auto/ConfigurationSelect.xml
12 ms. Memory: 448512K Free: 320353K (71%)
----------------- Invoking toplevel() on ptolemy.moml.MoMLSimpleApplication@24282b76
----------------- Done invoking toplevel() on ptolemy.moml.MoMLSimpleApplication@24282b76
reloadAllAccessors: .ConfigurationSelect

===========================================================================================
----------------- testing Mon Sep 02 05:40:09 UTC 2019 /home/travis/build/icyphy/ptII/ptolemy/actor/lib/test/auto/ConfigurationSelect2.xml
----------------- Instantiating /home/travis/build/icyphy/ptII/ptolemy/actor/lib/test/auto/ConfigurationSelect2.xml
2 ms. Memory: 448512K Free: 315761K (70%)
----------------- Invoking toplevel() on ptolemy.moml.MoMLSimpleApplication@723a3e1c
----------------- Done invoking toplevel() on ptolemy.moml.MoMLSimpleApplication@723a3e1c
reloadAllAccessors: .ConfigurationSelect2

===========================================================================================
----------------- testing Mon Sep 02 05:40:09 UTC 2019 /home/travis/build/icyphy/ptII/ptolemy/actor/lib/test/auto/ConfigurationSwitch.xml
----------------- Instantiating /home/travis/build/icyphy/ptII/ptolemy/actor/lib/test/auto/ConfigurationSwitch.xml
2 ms. Memory: 448512K Free: 310127K (69%)
----------------- Invoking toplevel() on ptolemy.moml.MoMLSimpleApplication@6aad8c63
----------------- Done invoking toplevel() on ptolemy.moml.MoMLSimpleApplication@6aad8c63
reloadAllAccessors: .ConfigurationSwitch

===========================================================================================
----------------- testing Mon Sep 02 05:40:10 UTC 2019 /home/travis/build/icyphy/ptII/ptolemy/actor/lib/test/auto/ConfigurationSwitch2.xml
----------------- Instantiating /home/travis/build/icyphy/ptII/ptolemy/actor/lib/test/auto/ConfigurationSwitch2.xml
2 ms. Memory: 448512K Free: 305007K (68%)
----------------- Invoking toplevel() on ptolemy.moml.MoMLSimpleApplication@50bddf4a
----------------- Done invoking toplevel() on ptolemy.moml.MoMLSimpleApplication@50bddf4a
reloadAllAccessors: .ConfigurationSwitch2

===========================================================================================
----------------- testing Mon Sep 02 05:40:10 UTC 2019 /home/travis/build/icyphy/ptII/ptolemy/actor/lib/test/auto/ConfigurationSwitchCloningBugWithClassRelationGroup.xml
----------------- Instantiating /home/travis/build/icyphy/ptII/ptolemy/actor/lib/test/auto/ConfigurationSwitchCloningBugWithClassRelationGroup.xml
1 ms. Memory: 448512K Free: 297839K (66%)
----------------- Invoking toplevel() on ptolemy.moml.MoMLSimpleApplication@3e7f20c7
----------------- Done invoking toplevel() on ptolemy.moml.MoMLSimpleApplication@3e7f20c7
reloadAllAccessors: .ConfigurationSwitchCloningBugWithClassRelationGroup

===========================================================================================
----------------- testing Mon Sep 02 05:40:10 UTC 2019 /home/travis/build/icyphy/ptII/ptolemy/actor/lib/test/auto/ConfigurationSwitchSelectSDF.xml
----------------- Instantiating /home/travis/build/icyphy/ptII/ptolemy/actor/lib/test/auto/ConfigurationSwitchSelectSDF.xml
4 ms. Memory: 448512K Free: 291695K (65%)
----------------- Invoking toplevel() on ptolemy.moml.MoMLSimpleApplication@3a1590ab
----------------- Done invoking toplevel() on ptolemy.moml.MoMLSimpleApplication@3a1590ab
reloadAllAccessors: .ConfigurationSwitchSelectSDF

===========================================================================================
----------------- testing Mon Sep 02 05:40:10 UTC 2019 /home/travis/build/icyphy/ptII/ptolemy/actor/lib/test/auto/ConfigurationSwitchSelectSDF2.xml
----------------- Instantiating /home/travis/build/icyphy/ptII/ptolemy/actor/lib/test/auto/ConfigurationSwitchSelectSDF2.xml
3 ms. Memory: 448512K Free: 286575K (64%)
----------------- Invoking toplevel() on ptolemy.moml.MoMLSimpleApplication@4f96ab72
----------------- Done invoking toplevel() on ptolemy.moml.MoMLSimpleApplication@4f96ab72
reloadAllAccessors: .ConfigurationSwitchSelectSDF2

===========================================================================================
----------------- testing Mon Sep 02 05:40:10 UTC 2019 /home/travis/build/icyphy/ptII/ptolemy/actor/lib/test/auto/Const.xml
----------------- Instantiating /home/travis/build/icyphy/ptII/ptolemy/actor/lib/test/auto/Const.xml
2 ms. Memory: 448512K Free: 282993K (63%)
----------------- Invoking toplevel() on ptolemy.moml.MoMLSimpleApplication@7f942dd1
----------------- Done invoking toplevel() on ptolemy.moml.MoMLSimpleApplication@7f942dd1
reloadAllAccessors: .Const

===========================================================================================
----------------- testing Mon Sep 02 05:40:10 UTC 2019 /home/travis/build/icyphy/ptII/ptolemy/actor/lib/test/auto/Const2.xml
----------------- Instantiating /home/travis/build/icyphy/ptII/ptolemy/actor/lib/test/auto/Const2.xml
1 ms. Memory: 448512K Free: 279407K (62%)
----------------- Invoking toplevel() on ptolemy.moml.MoMLSimpleApplication@5fde6afb
----------------- Done invoking toplevel() on ptolemy.moml.MoMLSimpleApplication@5fde6afb
reloadAllAccessors: .Const2

===========================================================================================
----------------- testing Mon Sep 02 05:40:10 UTC 2019 /home/travis/build/icyphy/ptII/ptolemy/actor/lib/test/auto/Const3.xml
----------------- Instantiating /home/travis/build/icyphy/ptII/ptolemy/actor/lib/test/auto/Const3.xml
2 ms. Memory: 448512K Free: 276335K (62%)
----------------- Invoking toplevel() on ptolemy.moml.MoMLSimpleApplication@7a983ea3
----------------- Done invoking toplevel() on ptolemy.moml.MoMLSimpleApplication@7a983ea3
reloadAllAccessors: .Const3

===========================================================================================
----------------- testing Mon Sep 02 05:40:10 UTC 2019 /home/travis/build/icyphy/ptII/ptolemy/actor/lib/test/auto/ConstantPublisherPort1.xml
----------------- Instantiating /home/travis/build/icyphy/ptII/ptolemy/actor/lib/test/auto/ConstantPublisherPort1.xml
10 ms. Memory: 448512K Free: 267633K (60%)
----------------- Invoking toplevel() on ptolemy.moml.MoMLSimpleApplication@28dad3fa
----------------- Done invoking toplevel() on ptolemy.moml.MoMLSimpleApplication@28dad3fa
reloadAllAccessors: .ConstantPublisherPort1

===========================================================================================
----------------- testing Mon Sep 02 05:40:10 UTC 2019 /home/travis/build/icyphy/ptII/ptolemy/actor/lib/test/auto/ConstantPublisherPort2.xml
----------------- Instantiating /home/travis/build/icyphy/ptII/ptolemy/actor/lib/test/auto/ConstantPublisherPort2.xml
11 ms. Memory: 448512K Free: 260465K (58%)
----------------- Invoking toplevel() on ptolemy.moml.MoMLSimpleApplication@7429f6eb
----------------- Done invoking toplevel() on ptolemy.moml.MoMLSimpleApplication@7429f6eb
reloadAllAccessors: .ConstantPublisherPort2

===========================================================================================
----------------- testing Mon Sep 02 05:40:10 UTC 2019 /home/travis/build/icyphy/ptII/ptolemy/actor/lib/test/auto/ConstantPublisherPort3.xml
----------------- Instantiating /home/travis/build/icyphy/ptII/ptolemy/actor/lib/test/auto/ConstantPublisherPort3.xml
7 ms. Memory: 448512K Free: 252783K (56%)
----------------- Invoking toplevel() on ptolemy.moml.MoMLSimpleApplication@6c4bf289
----------------- Done invoking toplevel() on ptolemy.moml.MoMLSimpleApplication@6c4bf289
reloadAllAccessors: .ConstantPublisherPort3

===========================================================================================
----------------- testing Mon Sep 02 05:40:10 UTC 2019 /home/travis/build/icyphy/ptII/ptolemy/actor/lib/test/auto/ConstantPublisherPort4.xml
----------------- Instantiating /home/travis/build/icyphy/ptII/ptolemy/actor/lib/test/auto/ConstantPublisherPort4.xml
5 ms. Memory: 448512K Free: 245615K (55%)
----------------- Invoking toplevel() on ptolemy.moml.MoMLSimpleApplication@6fa6cdde
----------------- Done invoking toplevel() on ptolemy.moml.MoMLSimpleApplication@6fa6cdde
reloadAllAccessors: .ConstantPublisherPort4

===========================================================================================
----------------- testing Mon Sep 02 05:40:10 UTC 2019 /home/travis/build/icyphy/ptII/ptolemy/actor/lib/test/auto/ConstantPublisherPort5.xml
----------------- Instantiating /home/travis/build/icyphy/ptII/ptolemy/actor/lib/test/auto/ConstantPublisherPort5.xml
30 ms. Memory: 448512K Free: 236913K (53%)
----------------- Invoking toplevel() on ptolemy.moml.MoMLSimpleApplication@6e1d8427
----------------- Done invoking toplevel() on ptolemy.moml.MoMLSimpleApplication@6e1d8427
reloadAllAccessors: .ConstantPublisherPort5

===========================================================================================
----------------- testing Mon Sep 02 05:40:10 UTC 2019 /home/travis/build/icyphy/ptII/ptolemy/actor/lib/test/auto/ConstantPublisherPort6.xml
----------------- Instantiating /home/travis/build/icyphy/ptII/ptolemy/actor/lib/test/auto/ConstantPublisherPort6.xml
13 ms. Memory: 448512K Free: 227697K (51%)
----------------- Invoking toplevel() on ptolemy.moml.MoMLSimpleApplication@72823b1a
----------------- Done invoking toplevel() on ptolemy.moml.MoMLSimpleApplication@72823b1a
reloadAllAccessors: .ConstantPublisherPort6

===========================================================================================
----------------- testing Mon Sep 02 05:40:10 UTC 2019 /home/travis/build/icyphy/ptII/ptolemy/actor/lib/test/auto/ConstantPublisherPort7.xml
----------------- Instantiating /home/travis/build/icyphy/ptII/ptolemy/actor/lib/test/auto/ConstantPublisherPort7.xml
19 ms. Memory: 448512K Free: 218481K (49%)
----------------- Invoking toplevel() on ptolemy.moml.MoMLSimpleApplication@6cc12f49
----------------- Done invoking toplevel() on ptolemy.moml.MoMLSimpleApplication@6cc12f49
reloadAllAccessors: .ConstantPublisherPort7

===========================================================================================
----------------- testing Mon Sep 02 05:40:10 UTC 2019 /home/travis/build/icyphy/ptII/ptolemy/actor/lib/test/auto/ConstraintMonitor1.xml
----------------- Instantiating /home/travis/build/icyphy/ptII/ptolemy/actor/lib/test/auto/ConstraintMonitor1.xml
7 ms. Memory: 448512K Free: 213361K (48%)
----------------- Invoking toplevel() on ptolemy.moml.MoMLSimpleApplication@7baeafe
----------------- Done invoking toplevel() on ptolemy.moml.MoMLSimpleApplication@7baeafe
reloadAllAccessors: .ConstraintMonitor1

===========================================================================================
----------------- testing Mon Sep 02 05:40:10 UTC 2019 /home/travis/build/icyphy/ptII/ptolemy/actor/lib/test/auto/ConstraintMonitor2.xml
----------------- Instantiating /home/travis/build/icyphy/ptII/ptolemy/actor/lib/test/auto/ConstraintMonitor2.xml
4 ms. Memory: 448512K Free: 208751K (47%)
----------------- Invoking toplevel() on ptolemy.moml.MoMLSimpleApplication@57fa130b
----------------- Done invoking toplevel() on ptolemy.moml.MoMLSimpleApplication@57fa130b
reloadAllAccessors: .ConstraintMonitor2

===========================================================================================
----------------- testing Mon Sep 02 05:40:10 UTC 2019 /home/travis/build/icyphy/ptII/ptolemy/actor/lib/test/auto/ConstraintMonitor3.xml
----------------- Instantiating /home/travis/build/icyphy/ptII/ptolemy/actor/lib/test/auto/ConstraintMonitor3.xml
4 ms. Memory: 448512K Free: 204145K (46%)
----------------- Invoking toplevel() on ptolemy.moml.MoMLSimpleApplication@17398ecd
----------------- Done invoking toplevel() on ptolemy.moml.MoMLSimpleApplication@17398ecd
reloadAllAccessors: .ConstraintMonitor3

===========================================================================================
----------------- testing Mon Sep 02 05:40:10 UTC 2019 /home/travis/build/icyphy/ptII/ptolemy/actor/lib/test/auto/ConstraintMonitor4.xml
----------------- Instantiating /home/travis/build/icyphy/ptII/ptolemy/actor/lib/test/auto/ConstraintMonitor4.xml
3 ms. Memory: 448512K Free: 199535K (44%)
----------------- Invoking toplevel() on ptolemy.moml.MoMLSimpleApplication@fe3c6d8
----------------- Done invoking toplevel() on ptolemy.moml.MoMLSimpleApplication@fe3c6d8
reloadAllAccessors: .ConstraintMonitor4

===========================================================================================
----------------- testing Mon Sep 02 05:40:10 UTC 2019 /home/travis/build/icyphy/ptII/ptolemy/actor/lib/test/auto/ConstraintMonitor5.xml
----------------- Instantiating /home/travis/build/icyphy/ptII/ptolemy/actor/lib/test/auto/ConstraintMonitor5.xml
6 ms. Memory: 448512K Free: 194415K (43%)
----------------- Invoking toplevel() on ptolemy.moml.MoMLSimpleApplication@2ed7aa3c
----------------- Done invoking toplevel() on ptolemy.moml.MoMLSimpleApplication@2ed7aa3c
reloadAllAccessors: .ConstraintMonitor5

===========================================================================================
----------------- testing Mon Sep 02 05:40:10 UTC 2019 /home/travis/build/icyphy/ptII/ptolemy/actor/lib/test/auto/ConstraintMonitor6.xml
----------------- Instantiating /home/travis/build/icyphy/ptII/ptolemy/actor/lib/test/auto/ConstraintMonitor6.xml
3 ms. Memory: 448512K Free: 188257K (42%)
----------------- Invoking toplevel() on ptolemy.moml.MoMLSimpleApplication@7e834b7f
----------------- Done invoking toplevel() on ptolemy.moml.MoMLSimpleApplication@7e834b7f
reloadAllAccessors: .ConstraintMonitor6

===========================================================================================
----------------- testing Mon Sep 02 05:40:10 UTC 2019 /home/travis/build/icyphy/ptII/ptolemy/actor/lib/test/auto/ConstraintMonitor7.xml
----------------- Instantiating /home/travis/build/icyphy/ptII/ptolemy/actor/lib/test/auto/ConstraintMonitor7.xml
4 ms. Memory: 448512K Free: 182641K (41%)
----------------- Invoking toplevel() on ptolemy.moml.MoMLSimpleApplication@6dba8093
----------------- Done invoking toplevel() on ptolemy.moml.MoMLSimpleApplication@6dba8093
reloadAllAccessors: .ConstraintMonitor7

===========================================================================================
----------------- testing Mon Sep 02 05:40:10 UTC 2019 /home/travis/build/icyphy/ptII/ptolemy/actor/lib/test/auto/ConstraintMonitor8.xml
----------------- Instantiating /home/travis/build/icyphy/ptII/ptolemy/actor/lib/test/auto/ConstraintMonitor8.xml
4 ms. Memory: 448512K Free: 174953K (39%)
----------------- Invoking toplevel() on ptolemy.moml.MoMLSimpleApplication@1219e81c
----------------- Done invoking toplevel() on ptolemy.moml.MoMLSimpleApplication@1219e81c
reloadAllAccessors: .ConstraintMonitor8

===========================================================================================
----------------- testing Mon Sep 02 05:40:10 UTC 2019 /home/travis/build/icyphy/ptII/ptolemy/actor/lib/test/auto/Counter.xml
----------------- Instantiating /home/travis/build/icyphy/ptII/ptolemy/actor/lib/test/auto/Counter.xml
4 ms. Memory: 448512K Free: 169839K (38%)
----------------- Invoking toplevel() on ptolemy.moml.MoMLSimpleApplication@7d2359aa
----------------- Done invoking toplevel() on ptolemy.moml.MoMLSimpleApplication@7d2359aa
reloadAllAccessors: .Counter

===========================================================================================
----------------- testing Mon Sep 02 05:40:10 UTC 2019 /home/travis/build/icyphy/ptII/ptolemy/actor/lib/test/auto/CurrentTimeSDF.xml
----------------- Instantiating /home/travis/build/icyphy/ptII/ptolemy/actor/lib/test/auto/CurrentTimeSDF.xml
1 ms. Memory: 448512K Free: 166257K (37%)
----------------- Invoking toplevel() on ptolemy.moml.MoMLSimpleApplication@44d7b105
----------------- Done invoking toplevel() on ptolemy.moml.MoMLSimpleApplication@44d7b105
reloadAllAccessors: .CurrentTimeSDF

===========================================================================================
----------------- testing Mon Sep 02 05:40:10 UTC 2019 /home/travis/build/icyphy/ptII/ptolemy/actor/lib/test/auto/DB.xml
----------------- Instantiating /home/travis/build/icyphy/ptII/ptolemy/actor/lib/test/auto/DB.xml
3 ms. Memory: 448512K Free: 161137K (36%)
----------------- Invoking toplevel() on ptolemy.moml.MoMLSimpleApplication@1c8cc493
----------------- Done invoking toplevel() on ptolemy.moml.MoMLSimpleApplication@1c8cc493
reloadAllAccessors: .DB

===========================================================================================
----------------- testing Mon Sep 02 05:40:10 UTC 2019 /home/travis/build/icyphy/ptII/ptolemy/actor/lib/test/auto/DBDE.xml
----------------- Instantiating /home/travis/build/icyphy/ptII/ptolemy/actor/lib/test/auto/DBDE.xml
2 ms. Memory: 448512K Free: 155473K (35%)
----------------- Invoking toplevel() on ptolemy.moml.MoMLSimpleApplication@38feb421
----------------- Done invoking toplevel() on ptolemy.moml.MoMLSimpleApplication@38feb421
reloadAllAccessors: .DBDE

===========================================================================================
----------------- testing Mon Sep 02 05:40:10 UTC 2019 /home/travis/build/icyphy/ptII/ptolemy/actor/lib/test/auto/DateConstructor.xml
----------------- Instantiating /home/travis/build/icyphy/ptII/ptolemy/actor/lib/test/auto/DateConstructor.xml
37 ms. Memory: 448512K Free: 137585K (31%)
----------------- Invoking toplevel() on ptolemy.moml.MoMLSimpleApplication@62f508d
----------------- Done invoking toplevel() on ptolemy.moml.MoMLSimpleApplication@62f508d
reloadAllAccessors: .DateConstructor

===========================================================================================
----------------- testing Mon Sep 02 05:40:10 UTC 2019 /home/travis/build/icyphy/ptII/ptolemy/actor/lib/test/auto/DelayTime.xml
----------------- Instantiating /home/travis/build/icyphy/ptII/ptolemy/actor/lib/test/auto/DelayTime.xml
6 ms. Memory: 448512K Free: 132465K (30%)
----------------- Invoking toplevel() on ptolemy.moml.MoMLSimpleApplication@5c4afb2
----------------- Done invoking toplevel() on ptolemy.moml.MoMLSimpleApplication@5c4afb2
reloadAllAccessors: .DelayTime

===========================================================================================
----------------- testing Mon Sep 02 05:40:10 UTC 2019 /home/travis/build/icyphy/ptII/ptolemy/actor/lib/test/auto/Dictionary1.xml
----------------- Instantiating /home/travis/build/icyphy/ptII/ptolemy/actor/lib/test/auto/Dictionary1.xml
1 ms. Memory: 448512K Free: 390673K (87%)
----------------- Invoking toplevel() on ptolemy.moml.MoMLSimpleApplication@2bd3bf9c
----------------- Done invoking toplevel() on ptolemy.moml.MoMLSimpleApplication@2bd3bf9c
reloadAllAccessors: .Dictionary1

===========================================================================================
----------------- testing Mon Sep 02 05:40:10 UTC 2019 /home/travis/build/icyphy/ptII/ptolemy/actor/lib/test/auto/Dictionary2.xml
----------------- Instantiating /home/travis/build/icyphy/ptII/ptolemy/actor/lib/test/auto/Dictionary2.xml
4 ms. Memory: 448512K Free: 385553K (86%)
----------------- Invoking toplevel() on ptolemy.moml.MoMLSimpleApplication@35204c34
----------------- Done invoking toplevel() on ptolemy.moml.MoMLSimpleApplication@35204c34
reloadAllAccessors: .Dictionary2

===========================================================================================
----------------- testing Mon Sep 02 05:40:10 UTC 2019 /home/travis/build/icyphy/ptII/ptolemy/actor/lib/test/auto/Dictionary3.xml
----------------- Instantiating /home/travis/build/icyphy/ptII/ptolemy/actor/lib/test/auto/Dictionary3.xml
1 ms. Memory: 448512K Free: 379923K (85%)
----------------- Invoking toplevel() on ptolemy.moml.MoMLSimpleApplication@6ff263dd
----------------- Done invoking toplevel() on ptolemy.moml.MoMLSimpleApplication@6ff263dd
reloadAllAccessors: .Dictionary3

===========================================================================================
----------------- testing Mon Sep 02 05:40:10 UTC 2019 /home/travis/build/icyphy/ptII/ptolemy/actor/lib/test/auto/Dictionary4.xml
----------------- Instantiating /home/travis/build/icyphy/ptII/ptolemy/actor/lib/test/auto/Dictionary4.xml
3 ms. Memory: 448512K Free: 372755K (83%)
----------------- Invoking toplevel() on ptolemy.moml.MoMLSimpleApplication@522b6a48
----------------- Done invoking toplevel() on ptolemy.moml.MoMLSimpleApplication@522b6a48
reloadAllAccessors: .Dictionary4

===========================================================================================
----------------- testing Mon Sep 02 05:40:11 UTC 2019 /home/travis/build/icyphy/ptII/ptolemy/actor/lib/test/auto/Differential.xml
----------------- Instantiating /home/travis/build/icyphy/ptII/ptolemy/actor/lib/test/auto/Differential.xml
3 ms. Memory: 448512K Free: 368659K (82%)
----------------- Invoking toplevel() on ptolemy.moml.MoMLSimpleApplication@46896078
----------------- Done invoking toplevel() on ptolemy.moml.MoMLSimpleApplication@46896078
reloadAllAccessors: .Differential

===========================================================================================
----------------- testing Mon Sep 02 05:40:11 UTC 2019 /home/travis/build/icyphy/ptII/ptolemy/actor/lib/test/auto/Director.xml
----------------- Instantiating /home/travis/build/icyphy/ptII/ptolemy/actor/lib/test/auto/Director.xml
4 ms. Memory: 448512K Free: 365073K (81%)
----------------- Invoking toplevel() on ptolemy.moml.MoMLSimpleApplication@3d7b8586
----------------- Done invoking toplevel() on ptolemy.moml.MoMLSimpleApplication@3d7b8586
reloadAllAccessors: .Director

===========================================================================================
----------------- testing Mon Sep 02 05:40:11 UTC 2019 /home/travis/build/icyphy/ptII/ptolemy/actor/lib/test/auto/DiscreteClock.xml
----------------- Instantiating /home/travis/build/icyphy/ptII/ptolemy/actor/lib/test/auto/DiscreteClock.xml
1 ms. Memory: 448512K Free: 360977K (80%)
----------------- Invoking toplevel() on ptolemy.moml.MoMLSimpleApplication@4ff22029
----------------- Done invoking toplevel() on ptolemy.moml.MoMLSimpleApplication@4ff22029
reloadAllAccessors: .DiscreteClock

===========================================================================================
----------------- testing Mon Sep 02 05:40:11 UTC 2019 /home/travis/build/icyphy/ptII/ptolemy/actor/lib/test/auto/DiscreteClock10.xml
----------------- Instantiating /home/travis/build/icyphy/ptII/ptolemy/actor/lib/test/auto/DiscreteClock10.xml
4 ms. Memory: 448512K Free: 354833K (79%)
----------------- Invoking toplevel() on ptolemy.moml.MoMLSimpleApplication@63e03b03
----------------- Done invoking toplevel() on ptolemy.moml.MoMLSimpleApplication@63e03b03
reloadAllAccessors: .DiscreteClock10

===========================================================================================
----------------- testing Mon Sep 02 05:40:11 UTC 2019 /home/travis/build/icyphy/ptII/ptolemy/actor/lib/test/auto/DiscreteClock11.xml
----------------- Instantiating /home/travis/build/icyphy/ptII/ptolemy/actor/lib/test/auto/DiscreteClock11.xml
3 ms. Memory: 448512K Free: 349203K (78%)
----------------- Invoking toplevel() on ptolemy.moml.MoMLSimpleApplication@1a11584
----------------- Done invoking toplevel() on ptolemy.moml.MoMLSimpleApplication@1a11584
reloadAllAccessors: .DiscreteClock11

===========================================================================================
----------------- testing Mon Sep 02 05:40:11 UTC 2019 /home/travis/build/icyphy/ptII/ptolemy/actor/lib/test/auto/DiscreteClock12.xml
----------------- Instantiating /home/travis/build/icyphy/ptII/ptolemy/actor/lib/test/auto/DiscreteClock12.xml
2 ms. Memory: 448512K Free: 343059K (76%)
----------------- Invoking toplevel() on ptolemy.moml.MoMLSimpleApplication@6c87854f
----------------- Done invoking toplevel() on ptolemy.moml.MoMLSimpleApplication@6c87854f
reloadAllAccessors: .DiscreteClock12

===========================================================================================
----------------- testing Mon Sep 02 05:40:11 UTC 2019 /home/travis/build/icyphy/ptII/ptolemy/actor/lib/test/auto/DiscreteClock13.xml
----------------- Instantiating /home/travis/build/icyphy/ptII/ptolemy/actor/lib/test/auto/DiscreteClock13.xml
5 ms. Memory: 448512K Free: 336915K (75%)
----------------- Invoking toplevel() on ptolemy.moml.MoMLSimpleApplication@48405724
----------------- Done invoking toplevel() on ptolemy.moml.MoMLSimpleApplication@48405724
reloadAllAccessors: .DiscreteClock13

===========================================================================================
----------------- testing Mon Sep 02 05:40:11 UTC 2019 /home/travis/build/icyphy/ptII/ptolemy/actor/lib/test/auto/DiscreteClock14.xml
----------------- Instantiating /home/travis/build/icyphy/ptII/ptolemy/actor/lib/test/auto/DiscreteClock14.xml
4 ms. Memory: 448512K Free: 331251K (74%)
----------------- Invoking toplevel() on ptolemy.moml.MoMLSimpleApplication@713da20d
----------------- Done invoking toplevel() on ptolemy.moml.MoMLSimpleApplication@713da20d
reloadAllAccessors: .DiscreteClock14

===========================================================================================
----------------- testing Mon Sep 02 05:40:11 UTC 2019 /home/travis/build/icyphy/ptII/ptolemy/actor/lib/test/auto/DiscreteClock15.xml
----------------- Instantiating /home/travis/build/icyphy/ptII/ptolemy/actor/lib/test/auto/DiscreteClock15.xml
5 ms. Memory: 448512K Free: 325107K (72%)
----------------- Invoking toplevel() on ptolemy.moml.MoMLSimpleApplication@48c6b04a
----------------- Done invoking toplevel() on ptolemy.moml.MoMLSimpleApplication@48c6b04a
reloadAllAccessors: .DiscreteClock15

===========================================================================================
----------------- testing Mon Sep 02 05:40:11 UTC 2019 /home/travis/build/icyphy/ptII/ptolemy/actor/lib/test/auto/DiscreteClock16.xml
----------------- Instantiating /home/travis/build/icyphy/ptII/ptolemy/actor/lib/test/auto/DiscreteClock16.xml
18 ms. Memory: 448512K Free: 311315K (69%)
----------------- Invoking toplevel() on ptolemy.moml.MoMLSimpleApplication@dfb8d0d
----------------- Done invoking toplevel() on ptolemy.moml.MoMLSimpleApplication@dfb8d0d
reloadAllAccessors: .DiscreteClock16

===========================================================================================
----------------- testing Mon Sep 02 05:40:11 UTC 2019 /home/travis/build/icyphy/ptII/ptolemy/actor/lib/test/auto/DiscreteClock17.xml
----------------- Instantiating /home/travis/build/icyphy/ptII/ptolemy/actor/lib/test/auto/DiscreteClock17.xml
19 ms. Memory: 448512K Free: 296459K (66%)
----------------- Invoking toplevel() on ptolemy.moml.MoMLSimpleApplication@6955112a
----------------- Done invoking toplevel() on ptolemy.moml.MoMLSimpleApplication@6955112a
reloadAllAccessors: .DiscreteClock17

===========================================================================================
----------------- testing Mon Sep 02 05:40:11 UTC 2019 /home/travis/build/icyphy/ptII/ptolemy/actor/lib/test/auto/DiscreteClock18.xml
----------------- Instantiating /home/travis/build/icyphy/ptII/ptolemy/actor/lib/test/auto/DiscreteClock18.xml
24 ms. Memory: 448512K Free: 282643K (63%)
----------------- Invoking toplevel() on ptolemy.moml.MoMLSimpleApplication@6ed6db4
----------------- Done invoking toplevel() on ptolemy.moml.MoMLSimpleApplication@6ed6db4
reloadAllAccessors: .DiscreteClock18

===========================================================================================
----------------- testing Mon Sep 02 05:40:11 UTC 2019 /home/travis/build/icyphy/ptII/ptolemy/actor/lib/test/auto/DiscreteClock19.xml
----------------- Instantiating /home/travis/build/icyphy/ptII/ptolemy/actor/lib/test/auto/DiscreteClock19.xml
22 ms. Memory: 448512K Free: 269331K (60%)
----------------- Invoking toplevel() on ptolemy.moml.MoMLSimpleApplication@87c91cf
----------------- Done invoking toplevel() on ptolemy.moml.MoMLSimpleApplication@87c91cf
reloadAllAccessors: .DiscreteClock19

===========================================================================================
----------------- testing Mon Sep 02 05:40:11 UTC 2019 /home/travis/build/icyphy/ptII/ptolemy/actor/lib/test/auto/DiscreteClock2.xml
----------------- Instantiating /home/travis/build/icyphy/ptII/ptolemy/actor/lib/test/auto/DiscreteClock2.xml
4 ms. Memory: 448512K Free: 264211K (59%)
----------------- Invoking toplevel() on ptolemy.moml.MoMLSimpleApplication@3a2fd450
----------------- Done invoking toplevel() on ptolemy.moml.MoMLSimpleApplication@3a2fd450
reloadAllAccessors: .DiscreteClock2

===========================================================================================
----------------- testing Mon Sep 02 05:40:11 UTC 2019 /home/travis/build/icyphy/ptII/ptolemy/actor/lib/test/auto/DiscreteClock20.xml
----------------- Instantiating /home/travis/build/icyphy/ptII/ptolemy/actor/lib/test/auto/DiscreteClock20.xml
8 ms. Memory: 448512K Free: 258577K (58%)
----------------- Invoking toplevel() on ptolemy.moml.MoMLSimpleApplication@4b1b537d
----------------- Done invoking toplevel() on ptolemy.moml.MoMLSimpleApplication@4b1b537d
reloadAllAccessors: .DiscreteClock20

===========================================================================================
----------------- testing Mon Sep 02 05:40:11 UTC 2019 /home/travis/build/icyphy/ptII/ptolemy/actor/lib/test/auto/DiscreteClock21.xml
----------------- Instantiating /home/travis/build/icyphy/ptII/ptolemy/actor/lib/test/auto/DiscreteClock21.xml
6 ms. Memory: 448512K Free: 252947K (56%)
----------------- Invoking toplevel() on ptolemy.moml.MoMLSimpleApplication@3bd23c02
----------------- Done invoking toplevel() on ptolemy.moml.MoMLSimpleApplication@3bd23c02
reloadAllAccessors: .DiscreteClock21

===========================================================================================
----------------- testing Mon Sep 02 05:40:11 UTC 2019 /home/travis/build/icyphy/ptII/ptolemy/actor/lib/test/auto/DiscreteClock22.xml
----------------- Instantiating /home/travis/build/icyphy/ptII/ptolemy/actor/lib/test/auto/DiscreteClock22.xml
6 ms. Memory: 448512K Free: 247827K (55%)
----------------- Invoking toplevel() on ptolemy.moml.MoMLSimpleApplication@692844cf
----------------- Done invoking toplevel() on ptolemy.moml.MoMLSimpleApplication@692844cf
reloadAllAccessors: .DiscreteClock22

===========================================================================================
----------------- testing Mon Sep 02 05:40:11 UTC 2019 /home/travis/build/icyphy/ptII/ptolemy/actor/lib/test/auto/DiscreteClock23.xml
----------------- Instantiating /home/travis/build/icyphy/ptII/ptolemy/actor/lib/test/auto/DiscreteClock23.xml
11 ms. Memory: 448512K Free: 242193K (54%)
----------------- Invoking toplevel() on ptolemy.moml.MoMLSimpleApplication@62ae5a44
----------------- Done invoking toplevel() on ptolemy.moml.MoMLSimpleApplication@62ae5a44
reloadAllAccessors: .DiscreteClock23

===========================================================================================
----------------- testing Mon Sep 02 05:40:11 UTC 2019 /home/travis/build/icyphy/ptII/ptolemy/actor/lib/test/auto/DiscreteClock24.xml
----------------- Instantiating /home/travis/build/icyphy/ptII/ptolemy/actor/lib/test/auto/DiscreteClock24.xml
6 ms. Memory: 448512K Free: 236563K (53%)
----------------- Invoking toplevel() on ptolemy.moml.MoMLSimpleApplication@1ad07f06
----------------- Done invoking toplevel() on ptolemy.moml.MoMLSimpleApplication@1ad07f06
reloadAllAccessors: .DiscreteClock24

===========================================================================================
----------------- testing Mon Sep 02 05:40:11 UTC 2019 /home/travis/build/icyphy/ptII/ptolemy/actor/lib/test/auto/DiscreteClock4.xml
----------------- Instantiating /home/travis/build/icyphy/ptII/ptolemy/actor/lib/test/auto/DiscreteClock4.xml
5 ms. Memory: 448512K Free: 230929K (51%)
----------------- Invoking toplevel() on ptolemy.moml.MoMLSimpleApplication@73eedd08
----------------- Done invoking toplevel() on ptolemy.moml.MoMLSimpleApplication@73eedd08
reloadAllAccessors: .DiscreteClock4

===========================================================================================
----------------- testing Mon Sep 02 05:40:11 UTC 2019 /home/travis/build/icyphy/ptII/ptolemy/actor/lib/test/auto/DiscreteClock5.xml
----------------- Instantiating /home/travis/build/icyphy/ptII/ptolemy/actor/lib/test/auto/DiscreteClock5.xml
1 ms. Memory: 448512K Free: 225809K (50%)
----------------- Invoking toplevel() on ptolemy.moml.MoMLSimpleApplication@34fd9b43
----------------- Done invoking toplevel() on ptolemy.moml.MoMLSimpleApplication@34fd9b43
reloadAllAccessors: .DiscreteClock5

===========================================================================================
----------------- testing Mon Sep 02 05:40:11 UTC 2019 /home/travis/build/icyphy/ptII/ptolemy/actor/lib/test/auto/DiscreteClock6.xml
----------------- Instantiating /home/travis/build/icyphy/ptII/ptolemy/actor/lib/test/auto/DiscreteClock6.xml
2 ms. Memory: 448512K Free: 221203K (49%)
----------------- Invoking toplevel() on ptolemy.moml.MoMLSimpleApplication@2eae6c76
----------------- Done invoking toplevel() on ptolemy.moml.MoMLSimpleApplication@2eae6c76
reloadAllAccessors: .DiscreteClock6

===========================================================================================
----------------- testing Mon Sep 02 05:40:11 UTC 2019 /home/travis/build/icyphy/ptII/ptolemy/actor/lib/test/auto/DiscreteClock7.xml
----------------- Instantiating /home/travis/build/icyphy/ptII/ptolemy/actor/lib/test/auto/DiscreteClock7.xml
1 ms. Memory: 448512K Free: 216593K (48%)
----------------- Invoking toplevel() on ptolemy.moml.MoMLSimpleApplication@1a82190d
----------------- Done invoking toplevel() on ptolemy.moml.MoMLSimpleApplication@1a82190d
reloadAllAccessors: .DiscreteClock7

===========================================================================================
----------------- testing Mon Sep 02 05:40:11 UTC 2019 /home/travis/build/icyphy/ptII/ptolemy/actor/lib/test/auto/DiscreteClock8.xml
----------------- Instantiating /home/travis/build/icyphy/ptII/ptolemy/actor/lib/test/auto/DiscreteClock8.xml
5 ms. Memory: 448512K Free: 210963K (47%)
----------------- Invoking toplevel() on ptolemy.moml.MoMLSimpleApplication@70a5636c
----------------- Done invoking toplevel() on ptolemy.moml.MoMLSimpleApplication@70a5636c
reloadAllAccessors: .DiscreteClock8

===========================================================================================
----------------- testing Mon Sep 02 05:40:11 UTC 2019 /home/travis/build/icyphy/ptII/ptolemy/actor/lib/test/auto/DiscreteClock9.xml
----------------- Instantiating /home/travis/build/icyphy/ptII/ptolemy/actor/lib/test/auto/DiscreteClock9.xml
5 ms. Memory: 448512K Free: 205299K (46%)
----------------- Invoking toplevel() on ptolemy.moml.MoMLSimpleApplication@5c97672e
----------------- Done invoking toplevel() on ptolemy.moml.MoMLSimpleApplication@5c97672e
reloadAllAccessors: .DiscreteClock9

===========================================================================================
----------------- testing Mon Sep 02 05:40:11 UTC 2019 /home/travis/build/icyphy/ptII/ptolemy/actor/lib/test/auto/DisplayArray.xml
----------------- Instantiating /home/travis/build/icyphy/ptII/ptolemy/actor/lib/test/auto/DisplayArray.xml
1 ms. Memory: 448512K Free: 201747K (45%)
----------------- Invoking toplevel() on ptolemy.moml.MoMLSimpleApplication@299529cb
----------------- Done invoking toplevel() on ptolemy.moml.MoMLSimpleApplication@299529cb
reloadAllAccessors: .DisplayArray

===========================================================================================
----------------- testing Mon Sep 02 05:40:11 UTC 2019 /home/travis/build/icyphy/ptII/ptolemy/actor/lib/test/auto/Distributor.xml
----------------- Instantiating /home/travis/build/icyphy/ptII/ptolemy/actor/lib/test/auto/Distributor.xml
1 ms. Memory: 448512K Free: 197137K (44%)
----------------- Invoking toplevel() on ptolemy.moml.MoMLSimpleApplication@11d48f83
----------------- Done invoking toplevel() on ptolemy.moml.MoMLSimpleApplication@11d48f83
reloadAllAccessors: .Distributor

===========================================================================================
----------------- testing Mon Sep 02 05:40:11 UTC 2019 /home/travis/build/icyphy/ptII/ptolemy/actor/lib/test/auto/Distributor2.xml
----------------- Instantiating /home/travis/build/icyphy/ptII/ptolemy/actor/lib/test/auto/Distributor2.xml
1 ms. Memory: 448512K Free: 192017K (43%)
----------------- Invoking toplevel() on ptolemy.moml.MoMLSimpleApplication@5aefeb56
----------------- Done invoking toplevel() on ptolemy.moml.MoMLSimpleApplication@5aefeb56
reloadAllAccessors: .Distributor2

===========================================================================================
----------------- testing Mon Sep 02 05:40:11 UTC 2019 /home/travis/build/icyphy/ptII/ptolemy/actor/lib/test/auto/DownSample.xml
----------------- Instantiating /home/travis/build/icyphy/ptII/ptolemy/actor/lib/test/auto/DownSample.xml
1 ms. Memory: 448512K Free: 187411K (42%)
----------------- Invoking toplevel() on ptolemy.moml.MoMLSimpleApplication@20362284
----------------- Done invoking toplevel() on ptolemy.moml.MoMLSimpleApplication@20362284
reloadAllAccessors: .DownSample

===========================================================================================
----------------- testing Mon Sep 02 05:40:11 UTC 2019 /home/travis/build/icyphy/ptII/ptolemy/actor/lib/test/auto/ElectronicUnitBase1.xml
----------------- Instantiating /home/travis/build/icyphy/ptII/ptolemy/actor/lib/test/auto/ElectronicUnitBase1.xml
21 ms. Memory: 448512K Free: 171537K (38%)
----------------- Invoking toplevel() on ptolemy.moml.MoMLSimpleApplication@3298fc93
----------------- Done invoking toplevel() on ptolemy.moml.MoMLSimpleApplication@3298fc93
reloadAllAccessors: .ElectronicUnitBase1

===========================================================================================
----------------- testing Mon Sep 02 05:40:11 UTC 2019 /home/travis/build/icyphy/ptII/ptolemy/actor/lib/test/auto/ElementsToArray.xml
----------------- Instantiating /home/travis/build/icyphy/ptII/ptolemy/actor/lib/test/auto/ElementsToArray.xml
2 ms. Memory: 448512K Free: 166931K (37%)
----------------- Invoking toplevel() on ptolemy.moml.MoMLSimpleApplication@62f2241d
----------------- Done invoking toplevel() on ptolemy.moml.MoMLSimpleApplication@62f2241d
reloadAllAccessors: .ElementsToArray

===========================================================================================
----------------- testing Mon Sep 02 05:40:11 UTC 2019 /home/travis/build/icyphy/ptII/ptolemy/actor/lib/test/auto/Equals.xml
----------------- Instantiating /home/travis/build/icyphy/ptII/ptolemy/actor/lib/test/auto/Equals.xml
3 ms. Memory: 448512K Free: 162321K (36%)
----------------- Invoking toplevel() on ptolemy.moml.MoMLSimpleApplication@6e6aa020
----------------- Done invoking toplevel() on ptolemy.moml.MoMLSimpleApplication@6e6aa020
reloadAllAccessors: .Equals

===========================================================================================
----------------- testing Mon Sep 02 05:40:11 UTC 2019 /home/travis/build/icyphy/ptII/ptolemy/actor/lib/test/auto/Exec.xml
----------------- Instantiating /home/travis/build/icyphy/ptII/ptolemy/actor/lib/test/auto/Exec.xml
13 ms. Memory: 448512K Free: 157201K (35%)
----------------- Invoking toplevel() on ptolemy.moml.MoMLSimpleApplication@d48b8fc
----------------- Done invoking toplevel() on ptolemy.moml.MoMLSimpleApplication@d48b8fc
reloadAllAccessors: .Exec

===========================================================================================
----------------- testing Mon Sep 02 05:40:11 UTC 2019 /home/travis/build/icyphy/ptII/ptolemy/actor/lib/test/auto/ExecEnvironment.xml
----------------- Instantiating /home/travis/build/icyphy/ptII/ptolemy/actor/lib/test/auto/ExecEnvironment.xml
34 ms. Memory: 448512K Free: 150547K (34%)
----------------- Invoking toplevel() on ptolemy.moml.MoMLSimpleApplication@92a0313
----------------- Done invoking toplevel() on ptolemy.moml.MoMLSimpleApplication@92a0313
reloadAllAccessors: .ExecEnvironment

===========================================================================================
----------------- testing Mon Sep 02 05:40:12 UTC 2019 /home/travis/build/icyphy/ptII/ptolemy/actor/lib/test/auto/ExecNonZeroReturnOutput.xml
----------------- Instantiating /home/travis/build/icyphy/ptII/ptolemy/actor/lib/test/auto/ExecNonZeroReturnOutput.xml
198 ms. Memory: 448512K Free: 139283K (31%)
----------------- Invoking toplevel() on ptolemy.moml.MoMLSimpleApplication@1fb0dabd
----------------- Done invoking toplevel() on ptolemy.moml.MoMLSimpleApplication@1fb0dabd
reloadAllAccessors: .ExecNonZeroReturnOutput

===========================================================================================
----------------- testing Mon Sep 02 05:40:12 UTC 2019 /home/travis/build/icyphy/ptII/ptolemy/actor/lib/test/auto/ExecRunDemos.xml
----------------- Instantiating /home/travis/build/icyphy/ptII/ptolemy/actor/lib/test/auto/ExecRunDemos.xml
Finished: 75 ms. Memory: 120832K Free: 104183K (86%)

Finished: 54 ms. Memory: 120832K Free: 109677K (91%)

Finished: 106 ms. Memory: 120832K Free: 110994K (92%)

Finished: 94 ms. Memory: 120832K Free: 103056K (85%)

Finished: 77 ms. Memory: 120832K Free: 104185K (86%)

11010 ms. Memory: 448512K Free: 382641K (85%)
----------------- Invoking toplevel() on ptolemy.moml.MoMLSimpleApplication@320dd844
----------------- Done invoking toplevel() on ptolemy.moml.MoMLSimpleApplication@320dd844
reloadAllAccessors: .ExecRunDemos

===========================================================================================
----------------- testing Mon Sep 02 05:40:23 UTC 2019 /home/travis/build/icyphy/ptII/ptolemy/actor/lib/test/auto/ExecStop.xml
----------------- Instantiating /home/travis/build/icyphy/ptII/ptolemy/actor/lib/test/auto/ExecStop.xml
5022 ms. Memory: 448512K Free: 281775K (63%)
----------------- Invoking toplevel() on ptolemy.moml.MoMLSimpleApplication@a31741a
----------------- Done invoking toplevel() on ptolemy.moml.MoMLSimpleApplication@a31741a
reloadAllAccessors: .ExecStop

===========================================================================================
----------------- testing Mon Sep 02 05:40:28 UTC 2019 /home/travis/build/icyphy/ptII/ptolemy/actor/lib/test/auto/ExecutionTimeSDF.xml
----------------- Instantiating /home/travis/build/icyphy/ptII/ptolemy/actor/lib/test/auto/ExecutionTimeSDF.xml
Fired ExecutionTime: -1424967296
Fired ExecutionTime: 835600000
Fired ExecutionTime: -1006567296
6005 ms. Memory: 448512K Free: 269473K (60%)
----------------- Invoking toplevel() on ptolemy.moml.MoMLSimpleApplication@42766da7
----------------- Done invoking toplevel() on ptolemy.moml.MoMLSimpleApplication@42766da7
reloadAllAccessors: .ExecutionTimeSDF

===========================================================================================
----------------- testing Mon Sep 02 05:40:34 UTC 2019 /home/travis/build/icyphy/ptII/ptolemy/actor/lib/test/auto/Expression1.xml
----------------- Instantiating /home/travis/build/icyphy/ptII/ptolemy/actor/lib/test/auto/Expression1.xml
2 ms. Memory: 448512K Free: 265905K (59%)
----------------- Invoking toplevel() on ptolemy.moml.MoMLSimpleApplication@746dc706
----------------- Done invoking toplevel() on ptolemy.moml.MoMLSimpleApplication@746dc706
reloadAllAccessors: .Expression1

===========================================================================================
----------------- testing Mon Sep 02 05:40:34 UTC 2019 /home/travis/build/icyphy/ptII/ptolemy/actor/lib/test/auto/Expression10.xml
----------------- Instantiating /home/travis/build/icyphy/ptII/ptolemy/actor/lib/test/auto/Expression10.xml
9 ms. Memory: 448512K Free: 260271K (58%)
----------------- Invoking toplevel() on ptolemy.moml.MoMLSimpleApplication@3903eb7
----------------- Done invoking toplevel() on ptolemy.moml.MoMLSimpleApplication@3903eb7
reloadAllAccessors: .Expression10

===========================================================================================
----------------- testing Mon Sep 02 05:40:34 UTC 2019 /home/travis/build/icyphy/ptII/ptolemy/actor/lib/test/auto/Expression11.xml
----------------- Instantiating /home/travis/build/icyphy/ptII/ptolemy/actor/lib/test/auto/Expression11.xml
2 ms. Memory: 448512K Free: 256175K (57%)
----------------- Invoking toplevel() on ptolemy.moml.MoMLSimpleApplication@31de7845
----------------- Done invoking toplevel() on ptolemy.moml.MoMLSimpleApplication@31de7845
reloadAllAccessors: .Expression11

===========================================================================================
----------------- testing Mon Sep 02 05:40:34 UTC 2019 /home/travis/build/icyphy/ptII/ptolemy/actor/lib/test/auto/Expression12.xml
----------------- Instantiating /home/travis/build/icyphy/ptII/ptolemy/actor/lib/test/auto/Expression12.xml
3 ms. Memory: 448512K Free: 250545K (56%)
----------------- Invoking toplevel() on ptolemy.moml.MoMLSimpleApplication@525c0b01
----------------- Done invoking toplevel() on ptolemy.moml.MoMLSimpleApplication@525c0b01
reloadAllAccessors: .Expression12

===========================================================================================
----------------- testing Mon Sep 02 05:40:34 UTC 2019 /home/travis/build/icyphy/ptII/ptolemy/actor/lib/test/auto/Expression13.xml
----------------- Instantiating /home/travis/build/icyphy/ptII/ptolemy/actor/lib/test/auto/Expression13.xml
4 ms. Memory: 448512K Free: 245425K (55%)
----------------- Invoking toplevel() on ptolemy.moml.MoMLSimpleApplication@1ff783b6
----------------- Done invoking toplevel() on ptolemy.moml.MoMLSimpleApplication@1ff783b6
reloadAllAccessors: .Expression13

===========================================================================================
----------------- testing Mon Sep 02 05:40:34 UTC 2019 /home/travis/build/icyphy/ptII/ptolemy/actor/lib/test/auto/Expression14.xml
----------------- Instantiating /home/travis/build/icyphy/ptII/ptolemy/actor/lib/test/auto/Expression14.xml
7 ms. Memory: 448512K Free: 239281K (53%)
----------------- Invoking toplevel() on ptolemy.moml.MoMLSimpleApplication@3dc0abc8
----------------- Done invoking toplevel() on ptolemy.moml.MoMLSimpleApplication@3dc0abc8
reloadAllAccessors: .Expression14

===========================================================================================
----------------- testing Mon Sep 02 05:40:34 UTC 2019 /home/travis/build/icyphy/ptII/ptolemy/actor/lib/test/auto/Expression15.xml
----------------- Instantiating /home/travis/build/icyphy/ptII/ptolemy/actor/lib/test/auto/Expression15.xml
2 ms. Memory: 448512K Free: 235185K (52%)
----------------- Invoking toplevel() on ptolemy.moml.MoMLSimpleApplication@5128969e
----------------- Done invoking toplevel() on ptolemy.moml.MoMLSimpleApplication@5128969e
reloadAllAccessors: .Expression15

===========================================================================================
----------------- testing Mon Sep 02 05:40:34 UTC 2019 /home/travis/build/icyphy/ptII/ptolemy/actor/lib/test/auto/Expression16.xml
----------------- Instantiating /home/travis/build/icyphy/ptII/ptolemy/actor/lib/test/auto/Expression16.xml
4 ms. Memory: 448512K Free: 230575K (51%)
----------------- Invoking toplevel() on ptolemy.moml.MoMLSimpleApplication@27fb8750
----------------- Done invoking toplevel() on ptolemy.moml.MoMLSimpleApplication@27fb8750
reloadAllAccessors: .Expression16

===========================================================================================
----------------- testing Mon Sep 02 05:40:34 UTC 2019 /home/travis/build/icyphy/ptII/ptolemy/actor/lib/test/auto/Expression17.xml
----------------- Instantiating /home/travis/build/icyphy/ptII/ptolemy/actor/lib/test/auto/Expression17.xml
3 ms. Memory: 448512K Free: 225455K (50%)
----------------- Invoking toplevel() on ptolemy.moml.MoMLSimpleApplication@5d591eb8
----------------- Done invoking toplevel() on ptolemy.moml.MoMLSimpleApplication@5d591eb8
reloadAllAccessors: .Expression17

===========================================================================================
----------------- testing Mon Sep 02 05:40:34 UTC 2019 /home/travis/build/icyphy/ptII/ptolemy/actor/lib/test/auto/Expression18.xml
----------------- Instantiating /home/travis/build/icyphy/ptII/ptolemy/actor/lib/test/auto/Expression18.xml
3 ms. Memory: 448512K Free: 220335K (49%)
----------------- Invoking toplevel() on ptolemy.moml.MoMLSimpleApplication@1c5b23e7
----------------- Done invoking toplevel() on ptolemy.moml.MoMLSimpleApplication@1c5b23e7
reloadAllAccessors: .Expression18

===========================================================================================
----------------- testing Mon Sep 02 05:40:34 UTC 2019 /home/travis/build/icyphy/ptII/ptolemy/actor/lib/test/auto/Expression2.xml
----------------- Instantiating /home/travis/build/icyphy/ptII/ptolemy/actor/lib/test/auto/Expression2.xml
4 ms. Memory: 448512K Free: 215215K (48%)
----------------- Invoking toplevel() on ptolemy.moml.MoMLSimpleApplication@561878d7
----------------- Done invoking toplevel() on ptolemy.moml.MoMLSimpleApplication@561878d7
reloadAllAccessors: .Expression2

===========================================================================================
----------------- testing Mon Sep 02 05:40:34 UTC 2019 /home/travis/build/icyphy/ptII/ptolemy/actor/lib/test/auto/Expression3.xml
----------------- Instantiating /home/travis/build/icyphy/ptII/ptolemy/actor/lib/test/auto/Expression3.xml
7 ms. Memory: 448512K Free: 210095K (47%)
----------------- Invoking toplevel() on ptolemy.moml.MoMLSimpleApplication@58c2e627
----------------- Done invoking toplevel() on ptolemy.moml.MoMLSimpleApplication@58c2e627
reloadAllAccessors: .Expression3

===========================================================================================
----------------- testing Mon Sep 02 05:40:34 UTC 2019 /home/travis/build/icyphy/ptII/ptolemy/actor/lib/test/auto/Expression4.xml
----------------- Instantiating /home/travis/build/icyphy/ptII/ptolemy/actor/lib/test/auto/Expression4.xml
6 ms. Memory: 448512K Free: 202417K (45%)
----------------- Invoking toplevel() on ptolemy.moml.MoMLSimpleApplication@55327512
----------------- Done invoking toplevel() on ptolemy.moml.MoMLSimpleApplication@55327512
reloadAllAccessors: .Expression4

===========================================================================================
----------------- testing Mon Sep 02 05:40:34 UTC 2019 /home/travis/build/icyphy/ptII/ptolemy/actor/lib/test/auto/Expression5.xml
----------------- Instantiating /home/travis/build/icyphy/ptII/ptolemy/actor/lib/test/auto/Expression5.xml
3 ms. Memory: 448512K Free: 197807K (44%)
----------------- Invoking toplevel() on ptolemy.moml.MoMLSimpleApplication@3b7702e3
----------------- Done invoking toplevel() on ptolemy.moml.MoMLSimpleApplication@3b7702e3
reloadAllAccessors: .Expression5

===========================================================================================
----------------- testing Mon Sep 02 05:40:34 UTC 2019 /home/travis/build/icyphy/ptII/ptolemy/actor/lib/test/auto/Expression6.xml
----------------- Instantiating /home/travis/build/icyphy/ptII/ptolemy/actor/lib/test/auto/Expression6.xml
2 ms. Memory: 448512K Free: 193201K (43%)
----------------- Invoking toplevel() on ptolemy.moml.MoMLSimpleApplication@260ccb7
----------------- Done invoking toplevel() on ptolemy.moml.MoMLSimpleApplication@260ccb7
reloadAllAccessors: .Expression6

===========================================================================================
----------------- testing Mon Sep 02 05:40:34 UTC 2019 /home/travis/build/icyphy/ptII/ptolemy/actor/lib/test/auto/Expression7.xml
----------------- Instantiating /home/travis/build/icyphy/ptII/ptolemy/actor/lib/test/auto/Expression7.xml
3 ms. Memory: 448512K Free: 188081K (42%)
----------------- Invoking toplevel() on ptolemy.moml.MoMLSimpleApplication@7ec31e5c
----------------- Done invoking toplevel() on ptolemy.moml.MoMLSimpleApplication@7ec31e5c
reloadAllAccessors: .Expression7

===========================================================================================
----------------- testing Mon Sep 02 05:40:34 UTC 2019 /home/travis/build/icyphy/ptII/ptolemy/actor/lib/test/auto/Expression8.xml
----------------- Instantiating /home/travis/build/icyphy/ptII/ptolemy/actor/lib/test/auto/Expression8.xml
9 ms. Memory: 448512K Free: 182961K (41%)
----------------- Invoking toplevel() on ptolemy.moml.MoMLSimpleApplication@509eef1d
----------------- Done invoking toplevel() on ptolemy.moml.MoMLSimpleApplication@509eef1d
reloadAllAccessors: .Expression8

===========================================================================================
----------------- testing Mon Sep 02 05:40:34 UTC 2019 /home/travis/build/icyphy/ptII/ptolemy/actor/lib/test/auto/Expression9.xml
----------------- Instantiating /home/travis/build/icyphy/ptII/ptolemy/actor/lib/test/auto/Expression9.xml
1 ms. Memory: 448512K Free: 178865K (40%)
----------------- Invoking toplevel() on ptolemy.moml.MoMLSimpleApplication@472369eb
----------------- Done invoking toplevel() on ptolemy.moml.MoMLSimpleApplication@472369eb
reloadAllAccessors: .Expression9

===========================================================================================
----------------- testing Mon Sep 02 05:40:34 UTC 2019 /home/travis/build/icyphy/ptII/ptolemy/actor/lib/test/auto/ExpressionConcatenateArrayType.xml
----------------- Instantiating /home/travis/build/icyphy/ptII/ptolemy/actor/lib/test/auto/ExpressionConcatenateArrayType.xml
3 ms. Memory: 448512K Free: 172721K (39%)
----------------- Invoking toplevel() on ptolemy.moml.MoMLSimpleApplication@7146f5b4
----------------- Done invoking toplevel() on ptolemy.moml.MoMLSimpleApplication@7146f5b4
reloadAllAccessors: .ExpressionConcatenateArrayType

===========================================================================================
----------------- testing Mon Sep 02 05:40:34 UTC 2019 /home/travis/build/icyphy/ptII/ptolemy/actor/lib/test/auto/ExpressionConcatenateArrayType2.xml
----------------- Instantiating /home/travis/build/icyphy/ptII/ptolemy/actor/lib/test/auto/ExpressionConcatenateArrayType2.xml
2 ms. Memory: 448512K Free: 167087K (37%)
----------------- Invoking toplevel() on ptolemy.moml.MoMLSimpleApplication@1ddd95a2
----------------- Done invoking toplevel() on ptolemy.moml.MoMLSimpleApplication@1ddd95a2
reloadAllAccessors: .ExpressionConcatenateArrayType2

===========================================================================================
----------------- testing Mon Sep 02 05:40:34 UTC 2019 /home/travis/build/icyphy/ptII/ptolemy/actor/lib/test/auto/ExpressionFix.xml
----------------- Instantiating /home/travis/build/icyphy/ptII/ptolemy/actor/lib/test/auto/ExpressionFix.xml
20 ms. Memory: 448512K Free: 160433K (36%)
----------------- Invoking toplevel() on ptolemy.moml.MoMLSimpleApplication@3f758a81
----------------- Done invoking toplevel() on ptolemy.moml.MoMLSimpleApplication@3f758a81
reloadAllAccessors: .ExpressionFix

===========================================================================================
----------------- testing Mon Sep 02 05:40:34 UTC 2019 /home/travis/build/icyphy/ptII/ptolemy/actor/lib/test/auto/ExpressionFix2.xml
----------------- Instantiating /home/travis/build/icyphy/ptII/ptolemy/actor/lib/test/auto/ExpressionFix2.xml
2 ms. Memory: 448512K Free: 155823K (35%)
----------------- Invoking toplevel() on ptolemy.moml.MoMLSimpleApplication@327660a5
----------------- Done invoking toplevel() on ptolemy.moml.MoMLSimpleApplication@327660a5
reloadAllAccessors: .ExpressionFix2

===========================================================================================
----------------- testing Mon Sep 02 05:40:34 UTC 2019 /home/travis/build/icyphy/ptII/ptolemy/actor/lib/test/auto/ExpressionFix3.xml
----------------- Instantiating /home/travis/build/icyphy/ptII/ptolemy/actor/lib/test/auto/ExpressionFix3.xml
2 ms. Memory: 448512K Free: 151217K (34%)
----------------- Invoking toplevel() on ptolemy.moml.MoMLSimpleApplication@74f6f83c
----------------- Done invoking toplevel() on ptolemy.moml.MoMLSimpleApplication@74f6f83c
reloadAllAccessors: .ExpressionFix3

===========================================================================================
----------------- testing Mon Sep 02 05:40:34 UTC 2019 /home/travis/build/icyphy/ptII/ptolemy/actor/lib/test/auto/FileWriter1.xml
----------------- Instantiating /home/travis/build/icyphy/ptII/ptolemy/actor/lib/test/auto/FileWriter1.xml
2 ms. Memory: 448512K Free: 147121K (33%)
----------------- Invoking toplevel() on ptolemy.moml.MoMLSimpleApplication@3fa8fcc1
----------------- Done invoking toplevel() on ptolemy.moml.MoMLSimpleApplication@3fa8fcc1
reloadAllAccessors: .FileWriter1

===========================================================================================
----------------- testing Mon Sep 02 05:40:34 UTC 2019 /home/travis/build/icyphy/ptII/ptolemy/actor/lib/test/auto/FileWriter2.xml
----------------- Instantiating /home/travis/build/icyphy/ptII/ptolemy/actor/lib/test/auto/FileWriter2.xml
7 ms. Memory: 448512K Free: 143025K (32%)
----------------- Invoking toplevel() on ptolemy.moml.MoMLSimpleApplication@5534c89a
----------------- Done invoking toplevel() on ptolemy.moml.MoMLSimpleApplication@5534c89a
reloadAllAccessors: .FileWriter2

===========================================================================================
----------------- testing Mon Sep 02 05:40:34 UTC 2019 /home/travis/build/icyphy/ptII/ptolemy/actor/lib/test/auto/FileWriter3.xml
----------------- Instantiating /home/travis/build/icyphy/ptII/ptolemy/actor/lib/test/auto/FileWriter3.xml
3 ms. Memory: 448512K Free: 138929K (31%)
----------------- Invoking toplevel() on ptolemy.moml.MoMLSimpleApplication@472cab88
----------------- Done invoking toplevel() on ptolemy.moml.MoMLSimpleApplication@472cab88
reloadAllAccessors: .FileWriter3

===========================================================================================
----------------- testing Mon Sep 02 05:40:34 UTC 2019 /home/travis/build/icyphy/ptII/ptolemy/actor/lib/test/auto/Gaussian.xml
----------------- Instantiating /home/travis/build/icyphy/ptII/ptolemy/actor/lib/test/auto/Gaussian.xml
2 ms. Memory: 448512K Free: 134319K (30%)
----------------- Invoking toplevel() on ptolemy.moml.MoMLSimpleApplication@2ec204cf
----------------- Done invoking toplevel() on ptolemy.moml.MoMLSimpleApplication@2ec204cf
reloadAllAccessors: .Gaussian

===========================================================================================
----------------- testing Mon Sep 02 05:40:35 UTC 2019 /home/travis/build/icyphy/ptII/ptolemy/actor/lib/test/auto/Gaussian1.xml
----------------- Instantiating /home/travis/build/icyphy/ptII/ptolemy/actor/lib/test/auto/Gaussian1.xml
2 ms. Memory: 448512K Free: 391793K (87%)
----------------- Invoking toplevel() on ptolemy.moml.MoMLSimpleApplication@26380d62
----------------- Done invoking toplevel() on ptolemy.moml.MoMLSimpleApplication@26380d62
reloadAllAccessors: .Gaussian1

===========================================================================================
----------------- testing Mon Sep 02 05:40:35 UTC 2019 /home/travis/build/icyphy/ptII/ptolemy/actor/lib/test/auto/Gaussian2.xml
----------------- Instantiating /home/travis/build/icyphy/ptII/ptolemy/actor/lib/test/auto/Gaussian2.xml
9 ms. Memory: 448512K Free: 386145K (86%)
----------------- Invoking toplevel() on ptolemy.moml.MoMLSimpleApplication@4da25441
----------------- Done invoking toplevel() on ptolemy.moml.MoMLSimpleApplication@4da25441
reloadAllAccessors: .Gaussian2

===========================================================================================
----------------- testing Mon Sep 02 05:40:35 UTC 2019 /home/travis/build/icyphy/ptII/ptolemy/actor/lib/test/auto/GradientAdaptiveLattice.xml
----------------- Instantiating /home/travis/build/icyphy/ptII/ptolemy/actor/lib/test/auto/GradientAdaptiveLattice.xml
5 ms. Memory: 448512K Free: 381039K (85%)
----------------- Invoking toplevel() on ptolemy.moml.MoMLSimpleApplication@704214f5
----------------- Done invoking toplevel() on ptolemy.moml.MoMLSimpleApplication@704214f5
reloadAllAccessors: .GradientAdaptiveLattice

===========================================================================================
----------------- testing Mon Sep 02 05:40:35 UTC 2019 /home/travis/build/icyphy/ptII/ptolemy/actor/lib/test/auto/IIR.xml
----------------- Instantiating /home/travis/build/icyphy/ptII/ptolemy/actor/lib/test/auto/IIR.xml
2 ms. Memory: 448512K Free: 376433K (84%)
----------------- Invoking toplevel() on ptolemy.moml.MoMLSimpleApplication@7ca986b0
----------------- Done invoking toplevel() on ptolemy.moml.MoMLSimpleApplication@7ca986b0
reloadAllAccessors: .IIR

===========================================================================================
----------------- testing Mon Sep 02 05:40:35 UTC 2019 /home/travis/build/icyphy/ptII/ptolemy/actor/lib/test/auto/InputOutputTransparentPorts.xml
----------------- Instantiating /home/travis/build/icyphy/ptII/ptolemy/actor/lib/test/auto/InputOutputTransparentPorts.xml
4 ms. Memory: 448512K Free: 369263K (82%)
----------------- Invoking toplevel() on ptolemy.moml.MoMLSimpleApplication@3c8c4113
----------------- Done invoking toplevel() on ptolemy.moml.MoMLSimpleApplication@3c8c4113
reloadAllAccessors: .InputOutputTransparentPorts

===========================================================================================
----------------- testing Mon Sep 02 05:40:35 UTC 2019 /home/travis/build/icyphy/ptII/ptolemy/actor/lib/test/auto/Interpolator.xml
----------------- Instantiating /home/travis/build/icyphy/ptII/ptolemy/actor/lib/test/auto/Interpolator.xml
4 ms. Memory: 448512K Free: 364655K (81%)
----------------- Invoking toplevel() on ptolemy.moml.MoMLSimpleApplication@16ed3808
----------------- Done invoking toplevel() on ptolemy.moml.MoMLSimpleApplication@16ed3808
reloadAllAccessors: .Interpolator

===========================================================================================
----------------- testing Mon Sep 02 05:40:35 UTC 2019 /home/travis/build/icyphy/ptII/ptolemy/actor/lib/test/auto/InterpolatorFiringLimitDE.xml
----------------- Instantiating /home/travis/build/icyphy/ptII/ptolemy/actor/lib/test/auto/InterpolatorFiringLimitDE.xml
2 ms. Memory: 448512K Free: 358511K (80%)
----------------- Invoking toplevel() on ptolemy.moml.MoMLSimpleApplication@3f6d5bf5
----------------- Done invoking toplevel() on ptolemy.moml.MoMLSimpleApplication@3f6d5bf5
reloadAllAccessors: .InterpolatorFiringLimitDE

===========================================================================================
----------------- testing Mon Sep 02 05:40:35 UTC 2019 /home/travis/build/icyphy/ptII/ptolemy/actor/lib/test/auto/Lattice.xml
----------------- Instantiating /home/travis/build/icyphy/ptII/ptolemy/actor/lib/test/auto/Lattice.xml
1 ms. Memory: 448512K Free: 354415K (79%)
----------------- Invoking toplevel() on ptolemy.moml.MoMLSimpleApplication@505e5948
----------------- Done invoking toplevel() on ptolemy.moml.MoMLSimpleApplication@505e5948
reloadAllAccessors: .Lattice

===========================================================================================
----------------- testing Mon Sep 02 05:40:35 UTC 2019 /home/travis/build/icyphy/ptII/ptolemy/actor/lib/test/auto/LazyAOCTestLazy.xml
----------------- Instantiating /home/travis/build/icyphy/ptII/ptolemy/actor/lib/test/auto/LazyAOCTestLazy.xml
17 ms. Memory: 448512K Free: 348785K (78%)
----------------- Invoking toplevel() on ptolemy.moml.MoMLSimpleApplication@603f975e
----------------- Done invoking toplevel() on ptolemy.moml.MoMLSimpleApplication@603f975e
reloadAllAccessors: .LazyAOCTestLazy

===========================================================================================
----------------- testing Mon Sep 02 05:40:35 UTC 2019 /home/travis/build/icyphy/ptII/ptolemy/actor/lib/test/auto/LazyAOCTestNonLazy.xml
----------------- Instantiating /home/travis/build/icyphy/ptII/ptolemy/actor/lib/test/auto/LazyAOCTestNonLazy.xml
2 ms. Memory: 448512K Free: 342641K (76%)
----------------- Invoking toplevel() on ptolemy.moml.MoMLSimpleApplication@131d95ba
----------------- Done invoking toplevel() on ptolemy.moml.MoMLSimpleApplication@131d95ba
reloadAllAccessors: .LazyAOCTestNonLazy

===========================================================================================
----------------- testing Mon Sep 02 05:40:35 UTC 2019 /home/travis/build/icyphy/ptII/ptolemy/actor/lib/test/auto/LazyInnerClass.xml
----------------- Instantiating /home/travis/build/icyphy/ptII/ptolemy/actor/lib/test/auto/LazyInnerClass.xml
11 ms. Memory: 448512K Free: 333905K (74%)
----------------- Invoking toplevel() on ptolemy.moml.MoMLSimpleApplication@7a8495e
----------------- Done invoking toplevel() on ptolemy.moml.MoMLSimpleApplication@7a8495e
reloadAllAccessors: .LazyInnerClass

===========================================================================================
----------------- testing Mon Sep 02 05:40:35 UTC 2019 /home/travis/build/icyphy/ptII/ptolemy/actor/lib/test/auto/LazyPubSub.xml
----------------- Instantiating /home/travis/build/icyphy/ptII/ptolemy/actor/lib/test/auto/LazyPubSub.xml
13 ms. Memory: 448512K Free: 323695K (72%)
----------------- Invoking toplevel() on ptolemy.moml.MoMLSimpleApplication@4ff11aa6
----------------- Done invoking toplevel() on ptolemy.moml.MoMLSimpleApplication@4ff11aa6
reloadAllAccessors: .LazyPubSub

===========================================================================================
----------------- testing Mon Sep 02 05:40:35 UTC 2019 /home/travis/build/icyphy/ptII/ptolemy/actor/lib/test/auto/LazyPubSub2.xml
----------------- Instantiating /home/travis/build/icyphy/ptII/ptolemy/actor/lib/test/auto/LazyPubSub2.xml
22 ms. Memory: 448512K Free: 313969K (70%)
----------------- Invoking toplevel() on ptolemy.moml.MoMLSimpleApplication@74f34020
----------------- Done invoking toplevel() on ptolemy.moml.MoMLSimpleApplication@74f34020
reloadAllAccessors: .LazyPubSub2

===========================================================================================
----------------- testing Mon Sep 02 05:40:35 UTC 2019 /home/travis/build/icyphy/ptII/ptolemy/actor/lib/test/auto/LazyPubSub3.xml
----------------- Instantiating /home/travis/build/icyphy/ptII/ptolemy/actor/lib/test/auto/LazyPubSub3.xml
23 ms. Memory: 448512K Free: 303729K (68%)
----------------- Invoking toplevel() on ptolemy.moml.MoMLSimpleApplication@9729234
----------------- Done invoking toplevel() on ptolemy.moml.MoMLSimpleApplication@9729234
reloadAllAccessors: .LazyPubSub3

===========================================================================================
----------------- testing Mon Sep 02 05:40:35 UTC 2019 /home/travis/build/icyphy/ptII/ptolemy/actor/lib/test/auto/LazySubClassModel.xml
----------------- Instantiating /home/travis/build/icyphy/ptII/ptolemy/actor/lib/test/auto/LazySubClassModel.xml
2 ms. Memory: 448512K Free: 294513K (66%)
----------------- Invoking toplevel() on ptolemy.moml.MoMLSimpleApplication@77ff2ba
----------------- Done invoking toplevel() on ptolemy.moml.MoMLSimpleApplication@77ff2ba
reloadAllAccessors: .LazySubClassModel

===========================================================================================
----------------- testing Mon Sep 02 05:40:35 UTC 2019 /home/travis/build/icyphy/ptII/ptolemy/actor/lib/test/auto/LevelCrossTest1.xml
----------------- Instantiating /home/travis/build/icyphy/ptII/ptolemy/actor/lib/test/auto/LevelCrossTest1.xml
1 ms. Memory: 448512K Free: 288879K (64%)
----------------- Invoking toplevel() on ptolemy.moml.MoMLSimpleApplication@478cd9f1
----------------- Done invoking toplevel() on ptolemy.moml.MoMLSimpleApplication@478cd9f1
reloadAllAccessors: .broken

===========================================================================================
----------------- testing Mon Sep 02 05:40:35 UTC 2019 /home/travis/build/icyphy/ptII/ptolemy/actor/lib/test/auto/LevelCrossTest10.xml
----------------- Instantiating /home/travis/build/icyphy/ptII/ptolemy/actor/lib/test/auto/LevelCrossTest10.xml
1 ms. Memory: 448512K Free: 281711K (63%)
----------------- Invoking toplevel() on ptolemy.moml.MoMLSimpleApplication@5439c0ce
----------------- Done invoking toplevel() on ptolemy.moml.MoMLSimpleApplication@5439c0ce
reloadAllAccessors: .LevelCrossTest10

===========================================================================================
----------------- testing Mon Sep 02 05:40:35 UTC 2019 /home/travis/build/icyphy/ptII/ptolemy/actor/lib/test/auto/LevelCrossTest11.xml
----------------- Instantiating /home/travis/build/icyphy/ptII/ptolemy/actor/lib/test/auto/LevelCrossTest11.xml
1 ms. Memory: 448512K Free: 275057K (61%)
----------------- Invoking toplevel() on ptolemy.moml.MoMLSimpleApplication@4bf0a087
----------------- Done invoking toplevel() on ptolemy.moml.MoMLSimpleApplication@4bf0a087
reloadAllAccessors: .LevelCrossTest11

===========================================================================================
----------------- testing Mon Sep 02 05:40:35 UTC 2019 /home/travis/build/icyphy/ptII/ptolemy/actor/lib/test/auto/LevelCrossTest12.xml
----------------- Instantiating /home/travis/build/icyphy/ptII/ptolemy/actor/lib/test/auto/LevelCrossTest12.xml
2 ms. Memory: 448512K Free: 267375K (60%)
----------------- Invoking toplevel() on ptolemy.moml.MoMLSimpleApplication@37339441
----------------- Done invoking toplevel() on ptolemy.moml.MoMLSimpleApplication@37339441
reloadAllAccessors: .LevelCrossTest12

===========================================================================================
----------------- testing Mon Sep 02 05:40:35 UTC 2019 /home/travis/build/icyphy/ptII/ptolemy/actor/lib/test/auto/LevelCrossTest13.xml
----------------- Instantiating /home/travis/build/icyphy/ptII/ptolemy/actor/lib/test/auto/LevelCrossTest13.xml
1 ms. Memory: 448512K Free: 260721K (58%)
----------------- Invoking toplevel() on ptolemy.moml.MoMLSimpleApplication@e10ef4a
----------------- Done invoking toplevel() on ptolemy.moml.MoMLSimpleApplication@e10ef4a
reloadAllAccessors: .LevelCrossTest13

===========================================================================================
----------------- testing Mon Sep 02 05:40:35 UTC 2019 /home/travis/build/icyphy/ptII/ptolemy/actor/lib/test/auto/LevelCrossTest2.xml
----------------- Instantiating /home/travis/build/icyphy/ptII/ptolemy/actor/lib/test/auto/LevelCrossTest2.xml
1 ms. Memory: 448512K Free: 255087K (57%)
----------------- Invoking toplevel() on ptolemy.moml.MoMLSimpleApplication@374aae38
----------------- Done invoking toplevel() on ptolemy.moml.MoMLSimpleApplication@374aae38
reloadAllAccessors: .broken

===========================================================================================
----------------- testing Mon Sep 02 05:40:35 UTC 2019 /home/travis/build/icyphy/ptII/ptolemy/actor/lib/test/auto/LevelCrossTest3.xml
----------------- Instantiating /home/travis/build/icyphy/ptII/ptolemy/actor/lib/test/auto/LevelCrossTest3.xml
1 ms. Memory: 448512K Free: 248943K (56%)
----------------- Invoking toplevel() on ptolemy.moml.MoMLSimpleApplication@7dee95aa
----------------- Done invoking toplevel() on ptolemy.moml.MoMLSimpleApplication@7dee95aa
reloadAllAccessors: .LevelCrossTest3

===========================================================================================
----------------- testing Mon Sep 02 05:40:35 UTC 2019 /home/travis/build/icyphy/ptII/ptolemy/actor/lib/test/auto/LevelCrossTest4.xml
----------------- Instantiating /home/travis/build/icyphy/ptII/ptolemy/actor/lib/test/auto/LevelCrossTest4.xml
1 ms. Memory: 448512K Free: 243809K (54%)
----------------- Invoking toplevel() on ptolemy.moml.MoMLSimpleApplication@60c1f50f
----------------- Done invoking toplevel() on ptolemy.moml.MoMLSimpleApplication@60c1f50f
reloadAllAccessors: .broken

===========================================================================================
----------------- testing Mon Sep 02 05:40:35 UTC 2019 /home/travis/build/icyphy/ptII/ptolemy/actor/lib/test/auto/LevelCrossTest5.xml
----------------- Instantiating /home/travis/build/icyphy/ptII/ptolemy/actor/lib/test/auto/LevelCrossTest5.xml
1 ms. Memory: 448512K Free: 237169K (53%)
----------------- Invoking toplevel() on ptolemy.moml.MoMLSimpleApplication@18fc6751
----------------- Done invoking toplevel() on ptolemy.moml.MoMLSimpleApplication@18fc6751
reloadAllAccessors: .LevelCrossTest5

===========================================================================================
----------------- testing Mon Sep 02 05:40:35 UTC 2019 /home/travis/build/icyphy/ptII/ptolemy/actor/lib/test/auto/LevelCrossTest6.xml
----------------- Instantiating /home/travis/build/icyphy/ptII/ptolemy/actor/lib/test/auto/LevelCrossTest6.xml
1 ms. Memory: 448512K Free: 230001K (51%)
----------------- Invoking toplevel() on ptolemy.moml.MoMLSimpleApplication@817c9ae
----------------- Done invoking toplevel() on ptolemy.moml.MoMLSimpleApplication@817c9ae
reloadAllAccessors: .LevelCrossTest6

===========================================================================================
----------------- testing Mon Sep 02 05:40:35 UTC 2019 /home/travis/build/icyphy/ptII/ptolemy/actor/lib/test/auto/LevelCrossTest7.xml
----------------- Instantiating /home/travis/build/icyphy/ptII/ptolemy/actor/lib/test/auto/LevelCrossTest7.xml
1 ms. Memory: 448512K Free: 221809K (49%)
----------------- Invoking toplevel() on ptolemy.moml.MoMLSimpleApplication@7dc9b206
----------------- Done invoking toplevel() on ptolemy.moml.MoMLSimpleApplication@7dc9b206
reloadAllAccessors: .LevelCrossTest7

===========================================================================================
----------------- testing Mon Sep 02 05:40:35 UTC 2019 /home/travis/build/icyphy/ptII/ptolemy/actor/lib/test/auto/LevelCrossTest8.xml
----------------- Instantiating /home/travis/build/icyphy/ptII/ptolemy/actor/lib/test/auto/LevelCrossTest8.xml
1 ms. Memory: 448512K Free: 214127K (48%)
----------------- Invoking toplevel() on ptolemy.moml.MoMLSimpleApplication@1630e629
----------------- Done invoking toplevel() on ptolemy.moml.MoMLSimpleApplication@1630e629
reloadAllAccessors: .LevelCrossTest8

===========================================================================================
----------------- testing Mon Sep 02 05:40:35 UTC 2019 /home/travis/build/icyphy/ptII/ptolemy/actor/lib/test/auto/LevelCrossTest9.xml
----------------- Instantiating /home/travis/build/icyphy/ptII/ptolemy/actor/lib/test/auto/LevelCrossTest9.xml
4 ms. Memory: 448512K Free: 206449K (46%)
----------------- Invoking toplevel() on ptolemy.moml.MoMLSimpleApplication@23f77441
----------------- Done invoking toplevel() on ptolemy.moml.MoMLSimpleApplication@23f77441
reloadAllAccessors: .LevelCrossTest9

===========================================================================================
----------------- testing Mon Sep 02 05:40:35 UTC 2019 /home/travis/build/icyphy/ptII/ptolemy/actor/lib/test/auto/LevinsonDurbin.xml
----------------- Instantiating /home/travis/build/icyphy/ptII/ptolemy/actor/lib/test/auto/LevinsonDurbin.xml
11 ms. Memory: 448512K Free: 202353K (45%)
----------------- Invoking toplevel() on ptolemy.moml.MoMLSimpleApplication@17961923
----------------- Done invoking toplevel() on ptolemy.moml.MoMLSimpleApplication@17961923
reloadAllAccessors: .LevinsonDurbin

===========================================================================================
----------------- testing Mon Sep 02 05:40:35 UTC 2019 /home/travis/build/icyphy/ptII/ptolemy/actor/lib/test/auto/LevinsonDurbin2.xml
----------------- Instantiating /home/travis/build/icyphy/ptII/ptolemy/actor/lib/test/auto/LevinsonDurbin2.xml
1 ms. Memory: 448512K Free: 198257K (44%)
----------------- Invoking toplevel() on ptolemy.moml.MoMLSimpleApplication@3bd9fd32
----------------- Done invoking toplevel() on ptolemy.moml.MoMLSimpleApplication@3bd9fd32
reloadAllAccessors: .LevinsonDurbin2

===========================================================================================
----------------- testing Mon Sep 02 05:40:35 UTC 2019 /home/travis/build/icyphy/ptII/ptolemy/actor/lib/test/auto/LevinsonDurbin3.xml
----------------- Instantiating /home/travis/build/icyphy/ptII/ptolemy/actor/lib/test/auto/LevinsonDurbin3.xml
3 ms. Memory: 448512K Free: 194161K (43%)
----------------- Invoking toplevel() on ptolemy.moml.MoMLSimpleApplication@2bbc091d
----------------- Done invoking toplevel() on ptolemy.moml.MoMLSimpleApplication@2bbc091d
reloadAllAccessors: .LevinsonDurbin3

===========================================================================================
----------------- testing Mon Sep 02 05:40:35 UTC 2019 /home/travis/build/icyphy/ptII/ptolemy/actor/lib/test/auto/Limiter.xml
----------------- Instantiating /home/travis/build/icyphy/ptII/ptolemy/actor/lib/test/auto/Limiter.xml
10 ms. Memory: 448512K Free: 184945K (41%)
----------------- Invoking toplevel() on ptolemy.moml.MoMLSimpleApplication@188d48ba
----------------- Done invoking toplevel() on ptolemy.moml.MoMLSimpleApplication@188d48ba
reloadAllAccessors: .Limiter

===========================================================================================
----------------- testing Mon Sep 02 05:40:35 UTC 2019 /home/travis/build/icyphy/ptII/ptolemy/actor/lib/test/auto/LinearDifferenceEquationSystem.xml
----------------- Instantiating /home/travis/build/icyphy/ptII/ptolemy/actor/lib/test/auto/LinearDifferenceEquationSystem.xml
5 ms. Memory: 448512K Free: 177777K (40%)
----------------- Invoking toplevel() on ptolemy.moml.MoMLSimpleApplication@4cfd2255
----------------- Done invoking toplevel() on ptolemy.moml.MoMLSimpleApplication@4cfd2255
reloadAllAccessors: .LinearDifferenceEquationSystem

===========================================================================================
----------------- testing Mon Sep 02 05:40:35 UTC 2019 /home/travis/build/icyphy/ptII/ptolemy/actor/lib/test/auto/LookupTable.xml
----------------- Instantiating /home/travis/build/icyphy/ptII/ptolemy/actor/lib/test/auto/LookupTable.xml
2 ms. Memory: 448512K Free: 173167K (39%)
----------------- Invoking toplevel() on ptolemy.moml.MoMLSimpleApplication@49c615f9
----------------- Done invoking toplevel() on ptolemy.moml.MoMLSimpleApplication@49c615f9
reloadAllAccessors: .LookupTable

===========================================================================================
----------------- testing Mon Sep 02 05:40:35 UTC 2019 /home/travis/build/icyphy/ptII/ptolemy/actor/lib/test/auto/MathFunction.xml
----------------- Instantiating /home/travis/build/icyphy/ptII/ptolemy/actor/lib/test/auto/MathFunction.xml
5 ms. Memory: 448512K Free: 164975K (37%)
----------------- Invoking toplevel() on ptolemy.moml.MoMLSimpleApplication@4640f69b
----------------- Done invoking toplevel() on ptolemy.moml.MoMLSimpleApplication@4640f69b
reloadAllAccessors: .MathFunction

===========================================================================================
----------------- testing Mon Sep 02 05:40:35 UTC 2019 /home/travis/build/icyphy/ptII/ptolemy/actor/lib/test/auto/MathFunction2.xml
----------------- Instantiating /home/travis/build/icyphy/ptII/ptolemy/actor/lib/test/auto/MathFunction2.xml
1 ms. Memory: 448512K Free: 160879K (36%)
----------------- Invoking toplevel() on ptolemy.moml.MoMLSimpleApplication@1728df18
----------------- Done invoking toplevel() on ptolemy.moml.MoMLSimpleApplication@1728df18
reloadAllAccessors: .MathFunction2

===========================================================================================
----------------- testing Mon Sep 02 05:40:35 UTC 2019 /home/travis/build/icyphy/ptII/ptolemy/actor/lib/test/auto/MathFunction3.xml
----------------- Instantiating /home/travis/build/icyphy/ptII/ptolemy/actor/lib/test/auto/MathFunction3.xml
2 ms. Memory: 448512K Free: 153711K (34%)
----------------- Invoking toplevel() on ptolemy.moml.MoMLSimpleApplication@41fbfc85
----------------- Done invoking toplevel() on ptolemy.moml.MoMLSimpleApplication@41fbfc85
reloadAllAccessors: .MathFunction3

===========================================================================================
----------------- testing Mon Sep 02 05:40:35 UTC 2019 /home/travis/build/icyphy/ptII/ptolemy/actor/lib/test/auto/MatrixCropBoolean.xml
----------------- Instantiating /home/travis/build/icyphy/ptII/ptolemy/actor/lib/test/auto/MatrixCropBoolean.xml
2 ms. Memory: 448512K Free: 149105K (33%)
----------------- Invoking toplevel() on ptolemy.moml.MoMLSimpleApplication@49544206
----------------- Done invoking toplevel() on ptolemy.moml.MoMLSimpleApplication@49544206
reloadAllAccessors: .MatrixCropBoolean

===========================================================================================
----------------- testing Mon Sep 02 05:40:35 UTC 2019 /home/travis/build/icyphy/ptII/ptolemy/actor/lib/test/auto/MatrixCropComplex.xml
----------------- Instantiating /home/travis/build/icyphy/ptII/ptolemy/actor/lib/test/auto/MatrixCropComplex.xml
2 ms. Memory: 448512K Free: 143985K (32%)
----------------- Invoking toplevel() on ptolemy.moml.MoMLSimpleApplication@646cf2f8
----------------- Done invoking toplevel() on ptolemy.moml.MoMLSimpleApplication@646cf2f8
reloadAllAccessors: .MatrixCropComplex

===========================================================================================
----------------- testing Mon Sep 02 05:40:35 UTC 2019 /home/travis/build/icyphy/ptII/ptolemy/actor/lib/test/auto/MatrixCropDouble.xml
----------------- Instantiating /home/travis/build/icyphy/ptII/ptolemy/actor/lib/test/auto/MatrixCropDouble.xml
2 ms. Memory: 448512K Free: 138865K (31%)
----------------- Invoking toplevel() on ptolemy.moml.MoMLSimpleApplication@4ef2b472
----------------- Done invoking toplevel() on ptolemy.moml.MoMLSimpleApplication@4ef2b472
reloadAllAccessors: .MatrixCropDouble

===========================================================================================
----------------- testing Mon Sep 02 05:40:35 UTC 2019 /home/travis/build/icyphy/ptII/ptolemy/actor/lib/test/auto/MatrixCropFix.xml
----------------- Instantiating /home/travis/build/icyphy/ptII/ptolemy/actor/lib/test/auto/MatrixCropFix.xml
2 ms. Memory: 448512K Free: 133745K (30%)
----------------- Invoking toplevel() on ptolemy.moml.MoMLSimpleApplication@1150c90a
----------------- Done invoking toplevel() on ptolemy.moml.MoMLSimpleApplication@1150c90a
reloadAllAccessors: .MatrixCropFix

===========================================================================================
----------------- testing Mon Sep 02 05:40:36 UTC 2019 /home/travis/build/icyphy/ptII/ptolemy/actor/lib/test/auto/MatrixCropInt.xml
----------------- Instantiating /home/travis/build/icyphy/ptII/ptolemy/actor/lib/test/auto/MatrixCropInt.xml
2 ms. Memory: 448512K Free: 391418K (87%)
----------------- Invoking toplevel() on ptolemy.moml.MoMLSimpleApplication@4d304164
----------------- Done invoking toplevel() on ptolemy.moml.MoMLSimpleApplication@4d304164
reloadAllAccessors: .MatrixCropInt

===========================================================================================
----------------- testing Mon Sep 02 05:40:36 UTC 2019 /home/travis/build/icyphy/ptII/ptolemy/actor/lib/test/auto/MatrixCropLong.xml
----------------- Instantiating /home/travis/build/icyphy/ptII/ptolemy/actor/lib/test/auto/MatrixCropLong.xml
2 ms. Memory: 448512K Free: 386298K (86%)
----------------- Invoking toplevel() on ptolemy.moml.MoMLSimpleApplication@789670fd
----------------- Done invoking toplevel() on ptolemy.moml.MoMLSimpleApplication@789670fd
reloadAllAccessors: .MatrixCropLong

===========================================================================================
----------------- testing Mon Sep 02 05:40:36 UTC 2019 /home/travis/build/icyphy/ptII/ptolemy/actor/lib/test/auto/MatrixToArray.xml
----------------- Instantiating /home/travis/build/icyphy/ptII/ptolemy/actor/lib/test/auto/MatrixToArray.xml
10 ms. Memory: 448512K Free: 370938K (83%)
----------------- Invoking toplevel() on ptolemy.moml.MoMLSimpleApplication@1e2fefd4
----------------- Done invoking toplevel() on ptolemy.moml.MoMLSimpleApplication@1e2fefd4
reloadAllAccessors: .MatrixToArray

===========================================================================================
----------------- testing Mon Sep 02 05:40:36 UTC 2019 /home/travis/build/icyphy/ptII/ptolemy/actor/lib/test/auto/MaxIndex.xml
----------------- Instantiating /home/travis/build/icyphy/ptII/ptolemy/actor/lib/test/auto/MaxIndex.xml
9 ms. Memory: 448512K Free: 365818K (82%)
----------------- Invoking toplevel() on ptolemy.moml.MoMLSimpleApplication@68986ec8
----------------- Done invoking toplevel() on ptolemy.moml.MoMLSimpleApplication@68986ec8
reloadAllAccessors: .MaxIndex

===========================================================================================
----------------- testing Mon Sep 02 05:40:36 UTC 2019 /home/travis/build/icyphy/ptII/ptolemy/actor/lib/test/auto/Maximum.xml
----------------- Instantiating /home/travis/build/icyphy/ptII/ptolemy/actor/lib/test/auto/Maximum.xml
4 ms. Memory: 448512K Free: 359130K (80%)
----------------- Invoking toplevel() on ptolemy.moml.MoMLSimpleApplication@7492d4f8
----------------- Done invoking toplevel() on ptolemy.moml.MoMLSimpleApplication@7492d4f8
reloadAllAccessors: .Maximum

===========================================================================================
----------------- testing Mon Sep 02 05:40:36 UTC 2019 /home/travis/build/icyphy/ptII/ptolemy/actor/lib/test/auto/MaximumComplex.xml
----------------- Instantiating /home/travis/build/icyphy/ptII/ptolemy/actor/lib/test/auto/MaximumComplex.xml
5 ms. Memory: 448512K Free: 353016K (79%)
----------------- Invoking toplevel() on ptolemy.moml.MoMLSimpleApplication@2cfd7396
----------------- Done invoking toplevel() on ptolemy.moml.MoMLSimpleApplication@2cfd7396
reloadAllAccessors: .MaximumComplex

===========================================================================================
----------------- testing Mon Sep 02 05:40:36 UTC 2019 /home/travis/build/icyphy/ptII/ptolemy/actor/lib/test/auto/MethodCallTest.xml
----------------- Instantiating /home/travis/build/icyphy/ptII/ptolemy/actor/lib/test/auto/MethodCallTest.xml
3 ms. Memory: 448512K Free: 346362K (77%)
----------------- Invoking toplevel() on ptolemy.moml.MoMLSimpleApplication@11496c1c
----------------- Done invoking toplevel() on ptolemy.moml.MoMLSimpleApplication@11496c1c
reloadAllAccessors: .MethodCallTest

===========================================================================================
----------------- testing Mon Sep 02 05:40:36 UTC 2019 /home/travis/build/icyphy/ptII/ptolemy/actor/lib/test/auto/Minimum.xml
----------------- Instantiating /home/travis/build/icyphy/ptII/ptolemy/actor/lib/test/auto/Minimum.xml
3 ms. Memory: 448512K Free: 340218K (76%)
----------------- Invoking toplevel() on ptolemy.moml.MoMLSimpleApplication@1679eb57
----------------- Done invoking toplevel() on ptolemy.moml.MoMLSimpleApplication@1679eb57
reloadAllAccessors: .Minimum

===========================================================================================
----------------- testing Mon Sep 02 05:40:36 UTC 2019 /home/travis/build/icyphy/ptII/ptolemy/actor/lib/test/auto/MinimumComplex.xml
----------------- Instantiating /home/travis/build/icyphy/ptII/ptolemy/actor/lib/test/auto/MinimumComplex.xml
3 ms. Memory: 448512K Free: 334074K (74%)
----------------- Invoking toplevel() on ptolemy.moml.MoMLSimpleApplication@3accff2
----------------- Done invoking toplevel() on ptolemy.moml.MoMLSimpleApplication@3accff2
reloadAllAccessors: .MinimumComplex

===========================================================================================
----------------- testing Mon Sep 02 05:40:36 UTC 2019 /home/travis/build/icyphy/ptII/ptolemy/actor/lib/test/auto/MinimumMultiports.xml
----------------- Instantiating /home/travis/build/icyphy/ptII/ptolemy/actor/lib/test/auto/MinimumMultiports.xml
4 ms. Memory: 448512K Free: 325368K (73%)
----------------- Invoking toplevel() on ptolemy.moml.MoMLSimpleApplication@8f72fe5
----------------- Done invoking toplevel() on ptolemy.moml.MoMLSimpleApplication@8f72fe5
reloadAllAccessors: .MinimumMultiports

===========================================================================================
----------------- testing Mon Sep 02 05:40:36 UTC 2019 /home/travis/build/icyphy/ptII/ptolemy/actor/lib/test/auto/ModifyDate.xml
----------------- Instantiating /home/travis/build/icyphy/ptII/ptolemy/actor/lib/test/auto/ModifyDate.xml
7 ms. Memory: 448512K Free: 312056K (70%)
----------------- Invoking toplevel() on ptolemy.moml.MoMLSimpleApplication@722c05c7
----------------- Done invoking toplevel() on ptolemy.moml.MoMLSimpleApplication@722c05c7
reloadAllAccessors: .ModifyDate

===========================================================================================
----------------- testing Mon Sep 02 05:40:36 UTC 2019 /home/travis/build/icyphy/ptII/ptolemy/actor/lib/test/auto/ModifyDate2.xml
----------------- Instantiating /home/travis/build/icyphy/ptII/ptolemy/actor/lib/test/auto/ModifyDate2.xml
8 ms. Memory: 448512K Free: 303354K (68%)
----------------- Invoking toplevel() on ptolemy.moml.MoMLSimpleApplication@565e3b45
----------------- Done invoking toplevel() on ptolemy.moml.MoMLSimpleApplication@565e3b45
reloadAllAccessors: .ModifyDate2

===========================================================================================
----------------- testing Mon Sep 02 05:40:36 UTC 2019 /home/travis/build/icyphy/ptII/ptolemy/actor/lib/test/auto/MovingAverage.xml
----------------- Instantiating /home/travis/build/icyphy/ptII/ptolemy/actor/lib/test/auto/MovingAverage.xml
1 ms. Memory: 448512K Free: 298234K (66%)
----------------- Invoking toplevel() on ptolemy.moml.MoMLSimpleApplication@7dac39b9
----------------- Done invoking toplevel() on ptolemy.moml.MoMLSimpleApplication@7dac39b9
reloadAllAccessors: .MovingAverage

===========================================================================================
----------------- testing Mon Sep 02 05:40:36 UTC 2019 /home/travis/build/icyphy/ptII/ptolemy/actor/lib/test/auto/MovingMaximum.xml
----------------- Instantiating /home/travis/build/icyphy/ptII/ptolemy/actor/lib/test/auto/MovingMaximum.xml
2 ms. Memory: 448512K Free: 293624K (65%)
----------------- Invoking toplevel() on ptolemy.moml.MoMLSimpleApplication@7959750d
----------------- Done invoking toplevel() on ptolemy.moml.MoMLSimpleApplication@7959750d
reloadAllAccessors: .MovingMaximum

===========================================================================================
----------------- testing Mon Sep 02 05:40:36 UTC 2019 /home/travis/build/icyphy/ptII/ptolemy/actor/lib/test/auto/MultipleLinksToSameRelation.xml
----------------- Instantiating /home/travis/build/icyphy/ptII/ptolemy/actor/lib/test/auto/MultipleLinksToSameRelation.xml
2 ms. Memory: 448512K Free: 289528K (65%)
----------------- Invoking toplevel() on ptolemy.moml.MoMLSimpleApplication@9ce276a
----------------- Done invoking toplevel() on ptolemy.moml.MoMLSimpleApplication@9ce276a
reloadAllAccessors: .MultipleLinksToSameRelation

===========================================================================================
----------------- testing Mon Sep 02 05:40:36 UTC 2019 /home/travis/build/icyphy/ptII/ptolemy/actor/lib/test/auto/MultipleLinksToSameRelationDE.xml
----------------- Instantiating /home/travis/build/icyphy/ptII/ptolemy/actor/lib/test/auto/MultipleLinksToSameRelationDE.xml
1 ms. Memory: 448512K Free: 284922K (64%)
----------------- Invoking toplevel() on ptolemy.moml.MoMLSimpleApplication@600115d1
----------------- Done invoking toplevel() on ptolemy.moml.MoMLSimpleApplication@600115d1
reloadAllAccessors: .MultipleLinksToSameRelationDE

===========================================================================================
----------------- testing Mon Sep 02 05:40:36 UTC 2019 /home/travis/build/icyphy/ptII/ptolemy/actor/lib/test/auto/Multiplexor.xml
----------------- Instantiating /home/travis/build/icyphy/ptII/ptolemy/actor/lib/test/auto/Multiplexor.xml
2 ms. Memory: 448512K Free: 278778K (62%)
----------------- Invoking toplevel() on ptolemy.moml.MoMLSimpleApplication@3c9315bf
----------------- Done invoking toplevel() on ptolemy.moml.MoMLSimpleApplication@3c9315bf
reloadAllAccessors: .Multiplexor

===========================================================================================
----------------- testing Mon Sep 02 05:40:36 UTC 2019 /home/travis/build/icyphy/ptII/ptolemy/actor/lib/test/auto/Multiplexor1.xml
----------------- Instantiating /home/travis/build/icyphy/ptII/ptolemy/actor/lib/test/auto/Multiplexor1.xml
2 ms. Memory: 448512K Free: 273138K (61%)
----------------- Invoking toplevel() on ptolemy.moml.MoMLSimpleApplication@10b36988
----------------- Done invoking toplevel() on ptolemy.moml.MoMLSimpleApplication@10b36988
reloadAllAccessors: .Multiplexor1

===========================================================================================
----------------- testing Mon Sep 02 05:40:36 UTC 2019 /home/travis/build/icyphy/ptII/ptolemy/actor/lib/test/auto/Multiplexor2.xml
----------------- Instantiating /home/travis/build/icyphy/ptII/ptolemy/actor/lib/test/auto/Multiplexor2.xml
6 ms. Memory: 448512K Free: 266490K (59%)
----------------- Invoking toplevel() on ptolemy.moml.MoMLSimpleApplication@7e5911b6
----------------- Done invoking toplevel() on ptolemy.moml.MoMLSimpleApplication@7e5911b6
reloadAllAccessors: .Multiplexor2

===========================================================================================
----------------- testing Mon Sep 02 05:40:36 UTC 2019 /home/travis/build/icyphy/ptII/ptolemy/actor/lib/test/auto/Multiplexor3.xml
----------------- Instantiating /home/travis/build/icyphy/ptII/ptolemy/actor/lib/test/auto/Multiplexor3.xml
2 ms. Memory: 448512K Free: 262394K (59%)
----------------- Invoking toplevel() on ptolemy.moml.MoMLSimpleApplication@4d45ce2e
----------------- Done invoking toplevel() on ptolemy.moml.MoMLSimpleApplication@4d45ce2e
reloadAllAccessors: .Multiplexor3

===========================================================================================
----------------- testing Mon Sep 02 05:40:36 UTC 2019 /home/travis/build/icyphy/ptII/ptolemy/actor/lib/test/auto/MultiplexorDE.xml
----------------- Instantiating /home/travis/build/icyphy/ptII/ptolemy/actor/lib/test/auto/MultiplexorDE.xml
2 ms. Memory: 448512K Free: 254698K (57%)
----------------- Invoking toplevel() on ptolemy.moml.MoMLSimpleApplication@155ca50a
----------------- Done invoking toplevel() on ptolemy.moml.MoMLSimpleApplication@155ca50a
reloadAllAccessors: .MultiplexorDE

===========================================================================================
----------------- testing Mon Sep 02 05:40:36 UTC 2019 /home/travis/build/icyphy/ptII/ptolemy/actor/lib/test/auto/MultiportBroadcastTest.xml
----------------- Instantiating /home/travis/build/icyphy/ptII/ptolemy/actor/lib/test/auto/MultiportBroadcastTest.xml
90 ms. Memory: 448512K Free: 248058K (55%)
----------------- Invoking toplevel() on ptolemy.moml.MoMLSimpleApplication@5f394843
----------------- Done invoking toplevel() on ptolemy.moml.MoMLSimpleApplication@5f394843
reloadAllAccessors: .MultiportBroadcastTest

===========================================================================================
----------------- testing Mon Sep 02 05:40:36 UTC 2019 /home/travis/build/icyphy/ptII/ptolemy/actor/lib/test/auto/MultiportOutHangDuringGetWidth.xml
----------------- Instantiating /home/travis/build/icyphy/ptII/ptolemy/actor/lib/test/auto/MultiportOutHangDuringGetWidth.xml
5 ms. Memory: 448512K Free: 235770K (53%)
----------------- Invoking toplevel() on ptolemy.moml.MoMLSimpleApplication@1fc34e12
----------------- Done invoking toplevel() on ptolemy.moml.MoMLSimpleApplication@1fc34e12
reloadAllAccessors: .MultiportOutHangDuringGetWidth

===========================================================================================
----------------- testing Mon Sep 02 05:40:36 UTC 2019 /home/travis/build/icyphy/ptII/ptolemy/actor/lib/test/auto/NilToken.xml
----------------- Instantiating /home/travis/build/icyphy/ptII/ptolemy/actor/lib/test/auto/NilToken.xml
1 ms. Memory: 448512K Free: 231674K (52%)
----------------- Invoking toplevel() on ptolemy.moml.MoMLSimpleApplication@66cd3e40
----------------- Done invoking toplevel() on ptolemy.moml.MoMLSimpleApplication@66cd3e40
reloadAllAccessors: .NilToken

===========================================================================================
----------------- testing Mon Sep 02 05:40:36 UTC 2019 /home/travis/build/icyphy/ptII/ptolemy/actor/lib/test/auto/NilTokenNonStrictTest.xml
----------------- Instantiating /home/travis/build/icyphy/ptII/ptolemy/actor/lib/test/auto/NilTokenNonStrictTest.xml
2 ms. Memory: 448512K Free: 227064K (51%)
----------------- Invoking toplevel() on ptolemy.moml.MoMLSimpleApplication@26e22414
----------------- Done invoking toplevel() on ptolemy.moml.MoMLSimpleApplication@26e22414
reloadAllAccessors: .NilTokenNonStrictTest

===========================================================================================
----------------- testing Mon Sep 02 05:40:36 UTC 2019 /home/travis/build/icyphy/ptII/ptolemy/actor/lib/test/auto/NilTokenRecord.xml
----------------- Instantiating /home/travis/build/icyphy/ptII/ptolemy/actor/lib/test/auto/NilTokenRecord.xml
7 ms. Memory: 448512K Free: 220410K (49%)
----------------- Invoking toplevel() on ptolemy.moml.MoMLSimpleApplication@16b2a53b
----------------- Done invoking toplevel() on ptolemy.moml.MoMLSimpleApplication@16b2a53b
reloadAllAccessors: .NilTokenRecord

===========================================================================================
----------------- testing Mon Sep 02 05:40:36 UTC 2019 /home/travis/build/icyphy/ptII/ptolemy/actor/lib/test/auto/NilTokenTypeTest.xml
----------------- Instantiating /home/travis/build/icyphy/ptII/ptolemy/actor/lib/test/auto/NilTokenTypeTest.xml
10 ms. Memory: 448512K Free: 210680K (47%)
----------------- Invoking toplevel() on ptolemy.moml.MoMLSimpleApplication@321cefaa
----------------- Done invoking toplevel() on ptolemy.moml.MoMLSimpleApplication@321cefaa
reloadAllAccessors: .NilTokenTypeTest

===========================================================================================
----------------- testing Mon Sep 02 05:40:36 UTC 2019 /home/travis/build/icyphy/ptII/ptolemy/actor/lib/test/auto/ObjectToken1.xml
----------------- Instantiating /home/travis/build/icyphy/ptII/ptolemy/actor/lib/test/auto/ObjectToken1.xml
3 ms. Memory: 448512K Free: 206584K (46%)
----------------- Invoking toplevel() on ptolemy.moml.MoMLSimpleApplication@bf3621d
----------------- Done invoking toplevel() on ptolemy.moml.MoMLSimpleApplication@bf3621d
reloadAllAccessors: .ObjectToken1

===========================================================================================
----------------- testing Mon Sep 02 05:40:36 UTC 2019 /home/travis/build/icyphy/ptII/ptolemy/actor/lib/test/auto/OrderedMerge.xml
----------------- Instantiating /home/travis/build/icyphy/ptII/ptolemy/actor/lib/test/auto/OrderedMerge.xml
11 ms. Memory: 448512K Free: 200954K (45%)
----------------- Invoking toplevel() on ptolemy.moml.MoMLSimpleApplication@baab1f
----------------- Done invoking toplevel() on ptolemy.moml.MoMLSimpleApplication@baab1f
reloadAllAccessors: .OrderedMerge

===========================================================================================
----------------- testing Mon Sep 02 05:40:36 UTC 2019 /home/travis/build/icyphy/ptII/ptolemy/actor/lib/test/auto/OrderedRecordDisassembler.xml
----------------- Instantiating /home/travis/build/icyphy/ptII/ptolemy/actor/lib/test/auto/OrderedRecordDisassembler.xml
3 ms. Memory: 448512K Free: 195834K (44%)
----------------- Invoking toplevel() on ptolemy.moml.MoMLSimpleApplication@35f6d276
----------------- Done invoking toplevel() on ptolemy.moml.MoMLSimpleApplication@35f6d276
reloadAllAccessors: .OrderedRecordDisassembler

===========================================================================================
----------------- testing Mon Sep 02 05:40:36 UTC 2019 /home/travis/build/icyphy/ptII/ptolemy/actor/lib/test/auto/OrderedRecordDisassembler2.xml
----------------- Instantiating /home/travis/build/icyphy/ptII/ptolemy/actor/lib/test/auto/OrderedRecordDisassembler2.xml
4 ms. Memory: 448512K Free: 188152K (42%)
----------------- Invoking toplevel() on ptolemy.moml.MoMLSimpleApplication@7bf35e09
----------------- Done invoking toplevel() on ptolemy.moml.MoMLSimpleApplication@7bf35e09
reloadAllAccessors: .OrderedRecordDisassembler2

===========================================================================================
----------------- testing Mon Sep 02 05:40:36 UTC 2019 /home/travis/build/icyphy/ptII/ptolemy/actor/lib/test/auto/OrderedRecordUpdater.xml
----------------- Instantiating /home/travis/build/icyphy/ptII/ptolemy/actor/lib/test/auto/OrderedRecordUpdater.xml
1 ms. Memory: 448512K Free: 183546K (41%)
----------------- Invoking toplevel() on ptolemy.moml.MoMLSimpleApplication@4ea9153b
----------------- Done invoking toplevel() on ptolemy.moml.MoMLSimpleApplication@4ea9153b
reloadAllAccessors: .RecordUpdater

===========================================================================================
----------------- testing Mon Sep 02 05:40:36 UTC 2019 /home/travis/build/icyphy/ptII/ptolemy/actor/lib/test/auto/OrderedRecordUpdater2.xml
----------------- Instantiating /home/travis/build/icyphy/ptII/ptolemy/actor/lib/test/auto/OrderedRecordUpdater2.xml
3 ms. Memory: 448512K Free: 178426K (40%)
----------------- Invoking toplevel() on ptolemy.moml.MoMLSimpleApplication@225e08ad
----------------- Done invoking toplevel() on ptolemy.moml.MoMLSimpleApplication@225e08ad
reloadAllAccessors: .RecordUpdater2

===========================================================================================
----------------- testing Mon Sep 02 05:40:36 UTC 2019 /home/travis/build/icyphy/ptII/ptolemy/actor/lib/test/auto/PhaseUnwrap.xml
----------------- Instantiating /home/travis/build/icyphy/ptII/ptolemy/actor/lib/test/auto/PhaseUnwrap.xml
2 ms. Memory: 448512K Free: 173816K (39%)
----------------- Invoking toplevel() on ptolemy.moml.MoMLSimpleApplication@6b0100ff
----------------- Done invoking toplevel() on ptolemy.moml.MoMLSimpleApplication@6b0100ff
reloadAllAccessors: .PhaseUnwrap

===========================================================================================
----------------- testing Mon Sep 02 05:40:36 UTC 2019 /home/travis/build/icyphy/ptII/ptolemy/actor/lib/test/auto/PoissonClock.xml
----------------- Instantiating /home/travis/build/icyphy/ptII/ptolemy/actor/lib/test/auto/PoissonClock.xml
2 ms. Memory: 448512K Free: 169720K (38%)
----------------- Invoking toplevel() on ptolemy.moml.MoMLSimpleApplication@3e0e9dd
----------------- Done invoking toplevel() on ptolemy.moml.MoMLSimpleApplication@3e0e9dd
reloadAllAccessors: .PoissonClock

===========================================================================================
----------------- testing Mon Sep 02 05:40:36 UTC 2019 /home/travis/build/icyphy/ptII/ptolemy/actor/lib/test/auto/PoissonClock2.xml
----------------- Instantiating /home/travis/build/icyphy/ptII/ptolemy/actor/lib/test/auto/PoissonClock2.xml
1 ms. Memory: 448512K Free: 165112K (37%)
----------------- Invoking toplevel() on ptolemy.moml.MoMLSimpleApplication@493363d6
----------------- Done invoking toplevel() on ptolemy.moml.MoMLSimpleApplication@493363d6
reloadAllAccessors: .PoissonClock2

===========================================================================================
----------------- testing Mon Sep 02 05:40:36 UTC 2019 /home/travis/build/icyphy/ptII/ptolemy/actor/lib/test/auto/PoissonClock3.xml
----------------- Instantiating /home/travis/build/icyphy/ptII/ptolemy/actor/lib/test/auto/PoissonClock3.xml
2 ms. Memory: 448512K Free: 160504K (36%)
----------------- Invoking toplevel() on ptolemy.moml.MoMLSimpleApplication@18517117
----------------- Done invoking toplevel() on ptolemy.moml.MoMLSimpleApplication@18517117
reloadAllAccessors: .PoissonClock3

===========================================================================================
----------------- testing Mon Sep 02 05:40:36 UTC 2019 /home/travis/build/icyphy/ptII/ptolemy/actor/lib/test/auto/PubSubWithInitialTokens.xml
----------------- Instantiating /home/travis/build/icyphy/ptII/ptolemy/actor/lib/test/auto/PubSubWithInitialTokens.xml
2 ms. Memory: 448512K Free: 154874K (35%)
----------------- Invoking toplevel() on ptolemy.moml.MoMLSimpleApplication@6faa09bb
----------------- Done invoking toplevel() on ptolemy.moml.MoMLSimpleApplication@6faa09bb
reloadAllAccessors: .PubSubWithInitialTokens

===========================================================================================
----------------- testing Mon Sep 02 05:40:37 UTC 2019 /home/travis/build/icyphy/ptII/ptolemy/actor/lib/test/auto/PubSubWithInitialTokens2.xml
----------------- Instantiating /home/travis/build/icyphy/ptII/ptolemy/actor/lib/test/auto/PubSubWithInitialTokens2.xml
2 ms. Memory: 448512K Free: 148730K (33%)
----------------- Invoking toplevel() on ptolemy.moml.MoMLSimpleApplication@7a20ce46
----------------- Done invoking toplevel() on ptolemy.moml.MoMLSimpleApplication@7a20ce46
reloadAllAccessors: .PubSubWithInitialTokens2

===========================================================================================
----------------- testing Mon Sep 02 05:40:37 UTC 2019 /home/travis/build/icyphy/ptII/ptolemy/actor/lib/test/auto/PublisherClassNoParameter.xml
----------------- Instantiating /home/travis/build/icyphy/ptII/ptolemy/actor/lib/test/auto/PublisherClassNoParameter.xml
2 ms. Memory: 448512K Free: 138994K (31%)
----------------- Invoking toplevel() on ptolemy.moml.MoMLSimpleApplication@5d88ba56
----------------- Done invoking toplevel() on ptolemy.moml.MoMLSimpleApplication@5d88ba56
reloadAllAccessors: .PublisherClassNoParameter

===========================================================================================
----------------- testing Mon Sep 02 05:40:37 UTC 2019 /home/travis/build/icyphy/ptII/ptolemy/actor/lib/test/auto/PublisherClassParameter.xml
----------------- Instantiating /home/travis/build/icyphy/ptII/ptolemy/actor/lib/test/auto/PublisherClassParameter.xml
2 ms. Memory: 448512K Free: 391939K (87%)
----------------- Invoking toplevel() on ptolemy.moml.MoMLSimpleApplication@496d1eef
----------------- Done invoking toplevel() on ptolemy.moml.MoMLSimpleApplication@496d1eef
reloadAllAccessors: .PublisherClassParameter

===========================================================================================
----------------- testing Mon Sep 02 05:40:37 UTC 2019 /home/travis/build/icyphy/ptII/ptolemy/actor/lib/test/auto/PublisherNonStrictTest.xml
----------------- Instantiating /home/travis/build/icyphy/ptII/ptolemy/actor/lib/test/auto/PublisherNonStrictTest.xml
4 ms. Memory: 448512K Free: 383747K (86%)
----------------- Invoking toplevel() on ptolemy.moml.MoMLSimpleApplication@32e76747
----------------- Done invoking toplevel() on ptolemy.moml.MoMLSimpleApplication@32e76747
reloadAllAccessors: .PublisherNonStrictTest

===========================================================================================
----------------- testing Mon Sep 02 05:40:37 UTC 2019 /home/travis/build/icyphy/ptII/ptolemy/actor/lib/test/auto/PublisherPort1.xml
----------------- Instantiating /home/travis/build/icyphy/ptII/ptolemy/actor/lib/test/auto/PublisherPort1.xml
9 ms. Memory: 448512K Free: 378123K (84%)
----------------- Invoking toplevel() on ptolemy.moml.MoMLSimpleApplication@45cca649
----------------- Done invoking toplevel() on ptolemy.moml.MoMLSimpleApplication@45cca649
reloadAllAccessors: .PublisherPort1

===========================================================================================
----------------- testing Mon Sep 02 05:40:37 UTC 2019 /home/travis/build/icyphy/ptII/ptolemy/actor/lib/test/auto/PublisherPort2.xml
----------------- Instantiating /home/travis/build/icyphy/ptII/ptolemy/actor/lib/test/auto/PublisherPort2.xml
1 ms. Memory: 448512K Free: 373003K (83%)
----------------- Invoking toplevel() on ptolemy.moml.MoMLSimpleApplication@30fe4c3a
----------------- Done invoking toplevel() on ptolemy.moml.MoMLSimpleApplication@30fe4c3a
reloadAllAccessors: .PublisherPort2

===========================================================================================
----------------- testing Mon Sep 02 05:40:37 UTC 2019 /home/travis/build/icyphy/ptII/ptolemy/actor/lib/test/auto/PublisherPort3.xml
----------------- Instantiating /home/travis/build/icyphy/ptII/ptolemy/actor/lib/test/auto/PublisherPort3.xml
4 ms. Memory: 448512K Free: 366315K (82%)
----------------- Invoking toplevel() on ptolemy.moml.MoMLSimpleApplication@63411bbc
----------------- Done invoking toplevel() on ptolemy.moml.MoMLSimpleApplication@63411bbc
reloadAllAccessors: .PublisherPort3

===========================================================================================
----------------- testing Mon Sep 02 05:40:37 UTC 2019 /home/travis/build/icyphy/ptII/ptolemy/actor/lib/test/auto/PublisherPort4.xml
----------------- Instantiating /home/travis/build/icyphy/ptII/ptolemy/actor/lib/test/auto/PublisherPort4.xml
2 ms. Memory: 448512K Free: 360715K (80%)
----------------- Invoking toplevel() on ptolemy.moml.MoMLSimpleApplication@140fb6c4
----------------- Done invoking toplevel() on ptolemy.moml.MoMLSimpleApplication@140fb6c4
reloadAllAccessors: .PublisherPort4

===========================================================================================
----------------- testing Mon Sep 02 05:40:37 UTC 2019 /home/travis/build/icyphy/ptII/ptolemy/actor/lib/test/auto/PublisherPort5.xml
----------------- Instantiating /home/travis/build/icyphy/ptII/ptolemy/actor/lib/test/auto/PublisherPort5.xml
3 ms. Memory: 448512K Free: 353033K (79%)
----------------- Invoking toplevel() on ptolemy.moml.MoMLSimpleApplication@9780be5
----------------- Done invoking toplevel() on ptolemy.moml.MoMLSimpleApplication@9780be5
reloadAllAccessors: .PublisherPort5

===========================================================================================
----------------- testing Mon Sep 02 05:40:37 UTC 2019 /home/travis/build/icyphy/ptII/ptolemy/actor/lib/test/auto/PublisherPort5LookAlike.xml
----------------- Instantiating /home/travis/build/icyphy/ptII/ptolemy/actor/lib/test/auto/PublisherPort5LookAlike.xml
8 ms. Memory: 448512K Free: 345355K (77%)
----------------- Invoking toplevel() on ptolemy.moml.MoMLSimpleApplication@78da7db
----------------- Done invoking toplevel() on ptolemy.moml.MoMLSimpleApplication@78da7db
reloadAllAccessors: .PublisherPort5LookAlike

===========================================================================================
----------------- testing Mon Sep 02 05:40:37 UTC 2019 /home/travis/build/icyphy/ptII/ptolemy/actor/lib/test/auto/PublisherPort6.xml
----------------- Instantiating /home/travis/build/icyphy/ptII/ptolemy/actor/lib/test/auto/PublisherPort6.xml
2 ms. Memory: 448512K Free: 338683K (76%)
----------------- Invoking toplevel() on ptolemy.moml.MoMLSimpleApplication@349e91af
----------------- Done invoking toplevel() on ptolemy.moml.MoMLSimpleApplication@349e91af
reloadAllAccessors: .PublisherPort6

===========================================================================================
----------------- testing Mon Sep 02 05:40:37 UTC 2019 /home/travis/build/icyphy/ptII/ptolemy/actor/lib/test/auto/PublisherPort7.xml
----------------- Instantiating /home/travis/build/icyphy/ptII/ptolemy/actor/lib/test/auto/PublisherPort7.xml
3 ms. Memory: 448512K Free: 330505K (74%)
----------------- Invoking toplevel() on ptolemy.moml.MoMLSimpleApplication@128137f3
----------------- Done invoking toplevel() on ptolemy.moml.MoMLSimpleApplication@128137f3
reloadAllAccessors: .PublisherPort7

===========================================================================================
----------------- testing Mon Sep 02 05:40:37 UTC 2019 /home/travis/build/icyphy/ptII/ptolemy/actor/lib/test/auto/PublisherPort8.xml
----------------- Instantiating /home/travis/build/icyphy/ptII/ptolemy/actor/lib/test/auto/PublisherPort8.xml
5 ms. Memory: 448512K Free: 321803K (72%)
----------------- Invoking toplevel() on ptolemy.moml.MoMLSimpleApplication@53e2bc34
----------------- Done invoking toplevel() on ptolemy.moml.MoMLSimpleApplication@53e2bc34
reloadAllAccessors: .PublisherPort8

===========================================================================================
----------------- testing Mon Sep 02 05:40:37 UTC 2019 /home/travis/build/icyphy/ptII/ptolemy/actor/lib/test/auto/PublisherPortSubscriberChannelVariablesAOC2.xml
----------------- Instantiating /home/travis/build/icyphy/ptII/ptolemy/actor/lib/test/auto/PublisherPortSubscriberChannelVariablesAOC2.xml
3 ms. Memory: 448512K Free: 303881K (68%)
----------------- Invoking toplevel() on ptolemy.moml.MoMLSimpleApplication@42ffccca
----------------- Done invoking toplevel() on ptolemy.moml.MoMLSimpleApplication@42ffccca
reloadAllAccessors: .PublisherPortSubscriberChannelVariablesAOC2

===========================================================================================
----------------- testing Mon Sep 02 05:40:37 UTC 2019 /home/travis/build/icyphy/ptII/ptolemy/actor/lib/test/auto/PublisherPortSubscriberOpaqueWidthInference.xml
----------------- Instantiating /home/travis/build/icyphy/ptII/ptolemy/actor/lib/test/auto/PublisherPortSubscriberOpaqueWidthInference.xml
4 ms. Memory: 448512K Free: 296203K (66%)
----------------- Invoking toplevel() on ptolemy.moml.MoMLSimpleApplication@12bbab0b
----------------- Done invoking toplevel() on ptolemy.moml.MoMLSimpleApplication@12bbab0b
reloadAllAccessors: .PublisherPortSubscriberOpaqueWidthInference

===========================================================================================
----------------- testing Mon Sep 02 05:40:37 UTC 2019 /home/travis/build/icyphy/ptII/ptolemy/actor/lib/test/auto/PublisherPortSubscriberPortAdjacent.xml
----------------- Instantiating /home/travis/build/icyphy/ptII/ptolemy/actor/lib/test/auto/PublisherPortSubscriberPortAdjacent.xml
1 ms. Memory: 448512K Free: 288011K (64%)
----------------- Invoking toplevel() on ptolemy.moml.MoMLSimpleApplication@3fd48829
----------------- Done invoking toplevel() on ptolemy.moml.MoMLSimpleApplication@3fd48829
reloadAllAccessors: .PublisherPortSubscriberPortAdjacent

===========================================================================================
----------------- testing Mon Sep 02 05:40:37 UTC 2019 /home/travis/build/icyphy/ptII/ptolemy/actor/lib/test/auto/PublisherPortSubscriberPortExpression.xml
----------------- Instantiating /home/travis/build/icyphy/ptII/ptolemy/actor/lib/test/auto/PublisherPortSubscriberPortExpression.xml
3 ms. Memory: 448512K Free: 280323K (63%)
----------------- Invoking toplevel() on ptolemy.moml.MoMLSimpleApplication@75b2b451
----------------- Done invoking toplevel() on ptolemy.moml.MoMLSimpleApplication@75b2b451
reloadAllAccessors: .PublisherPortSubscriberPortExpression

===========================================================================================
----------------- testing Mon Sep 02 05:40:37 UTC 2019 /home/travis/build/icyphy/ptII/ptolemy/actor/lib/test/auto/PublisherPortSubscriberPortOpaqueD3Reverse.xml
----------------- Instantiating /home/travis/build/icyphy/ptII/ptolemy/actor/lib/test/auto/PublisherPortSubscriberPortOpaqueD3Reverse.xml
9 ms. Memory: 448512K Free: 270089K (60%)
----------------- Invoking toplevel() on ptolemy.moml.MoMLSimpleApplication@1da7066a
----------------- Done invoking toplevel() on ptolemy.moml.MoMLSimpleApplication@1da7066a
reloadAllAccessors: .PublisherPortSubscriberPortOpaqueD3Reverse

===========================================================================================
----------------- testing Mon Sep 02 05:40:37 UTC 2019 /home/travis/build/icyphy/ptII/ptolemy/actor/lib/test/auto/PublisherPortSubscriberPortOpaqueWidthInference.xml
----------------- Instantiating /home/travis/build/icyphy/ptII/ptolemy/actor/lib/test/auto/PublisherPortSubscriberPortOpaqueWidthInference.xml
3 ms. Memory: 448512K Free: 262411K (59%)
----------------- Invoking toplevel() on ptolemy.moml.MoMLSimpleApplication@1560c278
----------------- Done invoking toplevel() on ptolemy.moml.MoMLSimpleApplication@1560c278
reloadAllAccessors: .PublisherPortSubscriberPortOpaqueWidthInference

===========================================================================================
----------------- testing Mon Sep 02 05:40:37 UTC 2019 /home/travis/build/icyphy/ptII/ptolemy/actor/lib/test/auto/PublisherPortToplevelSubscriberPortAOC.xml
----------------- Instantiating /home/travis/build/icyphy/ptII/ptolemy/actor/lib/test/auto/PublisherPortToplevelSubscriberPortAOC.xml
.PublisherPortToplevelSubscriberPortAOC.TestExceptionAttribute: initialize() was not invoked, but wrapup() was.  This is unusual, but not always a problem.  For example, exporting JNLP will do this.
1 ms. Memory: 448512K Free: 256267K (57%)
----------------- Invoking toplevel() on ptolemy.moml.MoMLSimpleApplication@eb1c15b
----------------- Done invoking toplevel() on ptolemy.moml.MoMLSimpleApplication@eb1c15b
reloadAllAccessors: .PublisherPortToplevelSubscriberPortAOC

===========================================================================================
----------------- testing Mon Sep 02 05:40:37 UTC 2019 /home/travis/build/icyphy/ptII/ptolemy/actor/lib/test/auto/PublisherSubscriber.xml
----------------- Instantiating /home/travis/build/icyphy/ptII/ptolemy/actor/lib/test/auto/PublisherSubscriber.xml
3 ms. Memory: 448512K Free: 249099K (56%)
----------------- Invoking toplevel() on ptolemy.moml.MoMLSimpleApplication@56cfaa24
----------------- Done invoking toplevel() on ptolemy.moml.MoMLSimpleApplication@56cfaa24
reloadAllAccessors: .PublisherSubscriber

===========================================================================================
----------------- testing Mon Sep 02 05:40:37 UTC 2019 /home/travis/build/icyphy/ptII/ptolemy/actor/lib/test/auto/PublisherSubscriber10.xml
----------------- Instantiating /home/travis/build/icyphy/ptII/ptolemy/actor/lib/test/auto/PublisherSubscriber10.xml
7 ms. Memory: 448512K Free: 239883K (53%)
----------------- Invoking toplevel() on ptolemy.moml.MoMLSimpleApplication@54cd1ea0
----------------- Done invoking toplevel() on ptolemy.moml.MoMLSimpleApplication@54cd1ea0
reloadAllAccessors: .PublisherSubscriber10

===========================================================================================
----------------- testing Mon Sep 02 05:40:37 UTC 2019 /home/travis/build/icyphy/ptII/ptolemy/actor/lib/test/auto/PublisherSubscriber10InitialOutputs.xml
----------------- Instantiating /home/travis/build/icyphy/ptII/ptolemy/actor/lib/test/auto/PublisherSubscriber10InitialOutputs.xml
12 ms. Memory: 448512K Free: 230667K (51%)
----------------- Invoking toplevel() on ptolemy.moml.MoMLSimpleApplication@6ae057be
----------------- Done invoking toplevel() on ptolemy.moml.MoMLSimpleApplication@6ae057be
reloadAllAccessors: .PublisherSubscriber10InitialOutputs

===========================================================================================
----------------- testing Mon Sep 02 05:40:37 UTC 2019 /home/travis/build/icyphy/ptII/ptolemy/actor/lib/test/auto/PublisherSubscriber11.xml
----------------- Instantiating /home/travis/build/icyphy/ptII/ptolemy/actor/lib/test/auto/PublisherSubscriber11.xml
2 ms. Memory: 448512K Free: 224523K (50%)
----------------- Invoking toplevel() on ptolemy.moml.MoMLSimpleApplication@63c08ae7
----------------- Done invoking toplevel() on ptolemy.moml.MoMLSimpleApplication@63c08ae7
reloadAllAccessors: .PublisherSubscriber11

===========================================================================================
----------------- testing Mon Sep 02 05:40:37 UTC 2019 /home/travis/build/icyphy/ptII/ptolemy/actor/lib/test/auto/PublisherSubscriber12.xml
----------------- Instantiating /home/travis/build/icyphy/ptII/ptolemy/actor/lib/test/auto/PublisherSubscriber12.xml
5 ms. Memory: 448512K Free: 217355K (48%)
----------------- Invoking toplevel() on ptolemy.moml.MoMLSimpleApplication@7dccd4ab
----------------- Done invoking toplevel() on ptolemy.moml.MoMLSimpleApplication@7dccd4ab
reloadAllAccessors: .PublisherSubscriber12

===========================================================================================
----------------- testing Mon Sep 02 05:40:37 UTC 2019 /home/travis/build/icyphy/ptII/ptolemy/actor/lib/test/auto/PublisherSubscriber13.xml
----------------- Instantiating /home/travis/build/icyphy/ptII/ptolemy/actor/lib/test/auto/PublisherSubscriber13.xml
2 ms. Memory: 448512K Free: 211211K (47%)
----------------- Invoking toplevel() on ptolemy.moml.MoMLSimpleApplication@25418358
----------------- Done invoking toplevel() on ptolemy.moml.MoMLSimpleApplication@25418358
reloadAllAccessors: .PublisherSubscriber13

===========================================================================================
----------------- testing Mon Sep 02 05:40:37 UTC 2019 /home/travis/build/icyphy/ptII/ptolemy/actor/lib/test/auto/PublisherSubscriber14.xml
----------------- Instantiating /home/travis/build/icyphy/ptII/ptolemy/actor/lib/test/auto/PublisherSubscriber14.xml
2 ms. Memory: 448512K Free: 202505K (45%)
----------------- Invoking toplevel() on ptolemy.moml.MoMLSimpleApplication@6803e9c4
----------------- Done invoking toplevel() on ptolemy.moml.MoMLSimpleApplication@6803e9c4
reloadAllAccessors: .PublisherSubscriber14

===========================================================================================
----------------- testing Mon Sep 02 05:40:37 UTC 2019 /home/travis/build/icyphy/ptII/ptolemy/actor/lib/test/auto/PublisherSubscriber2.xml
----------------- Instantiating /home/travis/build/icyphy/ptII/ptolemy/actor/lib/test/auto/PublisherSubscriber2.xml
3 ms. Memory: 448512K Free: 196875K (44%)
----------------- Invoking toplevel() on ptolemy.moml.MoMLSimpleApplication@455c1388
----------------- Done invoking toplevel() on ptolemy.moml.MoMLSimpleApplication@455c1388
reloadAllAccessors: .PublisherSubscriber2

===========================================================================================
----------------- testing Mon Sep 02 05:40:37 UTC 2019 /home/travis/build/icyphy/ptII/ptolemy/actor/lib/test/auto/PublisherSubscriber3.xml
----------------- Instantiating /home/travis/build/icyphy/ptII/ptolemy/actor/lib/test/auto/PublisherSubscriber3.xml
2 ms. Memory: 448512K Free: 191211K (43%)
----------------- Invoking toplevel() on ptolemy.moml.MoMLSimpleApplication@4e99b242
----------------- Done invoking toplevel() on ptolemy.moml.MoMLSimpleApplication@4e99b242
reloadAllAccessors: .PublisherSubscriber3

===========================================================================================
----------------- testing Mon Sep 02 05:40:37 UTC 2019 /home/travis/build/icyphy/ptII/ptolemy/actor/lib/test/auto/PublisherSubscriber4.xml
----------------- Instantiating /home/travis/build/icyphy/ptII/ptolemy/actor/lib/test/auto/PublisherSubscriber4.xml
2 ms. Memory: 448512K Free: 186091K (41%)
----------------- Invoking toplevel() on ptolemy.moml.MoMLSimpleApplication@744c1b4a
----------------- Done invoking toplevel() on ptolemy.moml.MoMLSimpleApplication@744c1b4a
reloadAllAccessors: .PublisherSubscriber4

===========================================================================================
----------------- testing Mon Sep 02 05:40:37 UTC 2019 /home/travis/build/icyphy/ptII/ptolemy/actor/lib/test/auto/PublisherSubscriber5.xml
----------------- Instantiating /home/travis/build/icyphy/ptII/ptolemy/actor/lib/test/auto/PublisherSubscriber5.xml
2 ms. Memory: 448512K Free: 179467K (40%)
----------------- Invoking toplevel() on ptolemy.moml.MoMLSimpleApplication@354aff0e
----------------- Done invoking toplevel() on ptolemy.moml.MoMLSimpleApplication@354aff0e
reloadAllAccessors: .PublisherSubscriber5

===========================================================================================
----------------- testing Mon Sep 02 05:40:37 UTC 2019 /home/travis/build/icyphy/ptII/ptolemy/actor/lib/test/auto/PublisherSubscriber6.xml
----------------- Instantiating /home/travis/build/icyphy/ptII/ptolemy/actor/lib/test/auto/PublisherSubscriber6.xml
4 ms. Memory: 448512K Free: 172299K (38%)
----------------- Invoking toplevel() on ptolemy.moml.MoMLSimpleApplication@34c5799c
----------------- Done invoking toplevel() on ptolemy.moml.MoMLSimpleApplication@34c5799c
reloadAllAccessors: .PublisherSubscriber6

===========================================================================================
----------------- testing Mon Sep 02 05:40:37 UTC 2019 /home/travis/build/icyphy/ptII/ptolemy/actor/lib/test/auto/PublisherSubscriber7.xml
----------------- Instantiating /home/travis/build/icyphy/ptII/ptolemy/actor/lib/test/auto/PublisherSubscriber7.xml
8 ms. Memory: 448512K Free: 165641K (37%)
----------------- Invoking toplevel() on ptolemy.moml.MoMLSimpleApplication@2ce20fe7
----------------- Done invoking toplevel() on ptolemy.moml.MoMLSimpleApplication@2ce20fe7
reloadAllAccessors: .PublisherSubscriber7

===========================================================================================
----------------- testing Mon Sep 02 05:40:37 UTC 2019 /home/travis/build/icyphy/ptII/ptolemy/actor/lib/test/auto/PublisherSubscriber8.xml
----------------- Instantiating /home/travis/build/icyphy/ptII/ptolemy/actor/lib/test/auto/PublisherSubscriber8.xml
25 ms. Memory: 448512K Free: 153353K (34%)
----------------- Invoking toplevel() on ptolemy.moml.MoMLSimpleApplication@5de51a5f
----------------- Done invoking toplevel() on ptolemy.moml.MoMLSimpleApplication@5de51a5f
reloadAllAccessors: .PublisherSubscriber8

===========================================================================================
----------------- testing Mon Sep 02 05:40:37 UTC 2019 /home/travis/build/icyphy/ptII/ptolemy/actor/lib/test/auto/PublisherSubscriber9.xml
----------------- Instantiating /home/travis/build/icyphy/ptII/ptolemy/actor/lib/test/auto/PublisherSubscriber9.xml
2 ms. Memory: 448512K Free: 146185K (33%)
----------------- Invoking toplevel() on ptolemy.moml.MoMLSimpleApplication@38ac0a06
----------------- Done invoking toplevel() on ptolemy.moml.MoMLSimpleApplication@38ac0a06
reloadAllAccessors: .PublisherSubscriber9

===========================================================================================
----------------- testing Mon Sep 02 05:40:37 UTC 2019 /home/travis/build/icyphy/ptII/ptolemy/actor/lib/test/auto/PublisherSubscriberAdjacent.xml
----------------- Instantiating /home/travis/build/icyphy/ptII/ptolemy/actor/lib/test/auto/PublisherSubscriberAdjacent.xml
2 ms. Memory: 448512K Free: 137483K (31%)
----------------- Invoking toplevel() on ptolemy.moml.MoMLSimpleApplication@72832e2
----------------- Done invoking toplevel() on ptolemy.moml.MoMLSimpleApplication@72832e2
reloadAllAccessors: .PublisherSubscriberAdjacent

===========================================================================================
----------------- testing Mon Sep 02 05:40:37 UTC 2019 /home/travis/build/icyphy/ptII/ptolemy/actor/lib/test/auto/PublisherSubscriberChannelVariablesAOC2.xml
----------------- Instantiating /home/travis/build/icyphy/ptII/ptolemy/actor/lib/test/auto/PublisherSubscriberChannelVariablesAOC2.xml
3 ms. Memory: 448512K Free: 385534K (86%)
----------------- Invoking toplevel() on ptolemy.moml.MoMLSimpleApplication@18bfb9d2
----------------- Done invoking toplevel() on ptolemy.moml.MoMLSimpleApplication@18bfb9d2
reloadAllAccessors: .PublisherSubscriberChannelVariablesAOC2

===========================================================================================
----------------- testing Mon Sep 02 05:40:37 UTC 2019 /home/travis/build/icyphy/ptII/ptolemy/actor/lib/test/auto/PublisherSubscriberD3.xml
----------------- Instantiating /home/travis/build/icyphy/ptII/ptolemy/actor/lib/test/auto/PublisherSubscriberD3.xml
2 ms. Memory: 448512K Free: 377871K (84%)
----------------- Invoking toplevel() on ptolemy.moml.MoMLSimpleApplication@4547856a
----------------- Done invoking toplevel() on ptolemy.moml.MoMLSimpleApplication@4547856a
reloadAllAccessors: .PublisherSubscriberD3

===========================================================================================
----------------- testing Mon Sep 02 05:40:37 UTC 2019 /home/travis/build/icyphy/ptII/ptolemy/actor/lib/test/auto/PublisherSubscriberD3Reverse.xml
----------------- Instantiating /home/travis/build/icyphy/ptII/ptolemy/actor/lib/test/auto/PublisherSubscriberD3Reverse.xml
2 ms. Memory: 448512K Free: 371727K (83%)
----------------- Invoking toplevel() on ptolemy.moml.MoMLSimpleApplication@7b8b2d6b
----------------- Done invoking toplevel() on ptolemy.moml.MoMLSimpleApplication@7b8b2d6b
reloadAllAccessors: .PublisherSubscriberD3Reverse

===========================================================================================
----------------- testing Mon Sep 02 05:40:37 UTC 2019 /home/travis/build/icyphy/ptII/ptolemy/actor/lib/test/auto/PublisherSubscriberExpression.xml
----------------- Instantiating /home/travis/build/icyphy/ptII/ptolemy/actor/lib/test/auto/PublisherSubscriberExpression.xml
3 ms. Memory: 448512K Free: 363006K (81%)
----------------- Invoking toplevel() on ptolemy.moml.MoMLSimpleApplication@411b1e09
----------------- Done invoking toplevel() on ptolemy.moml.MoMLSimpleApplication@411b1e09
reloadAllAccessors: .PublisherSubscriberExpression

===========================================================================================
----------------- testing Mon Sep 02 05:40:37 UTC 2019 /home/travis/build/icyphy/ptII/ptolemy/actor/lib/test/auto/PublisherSubscriberOpaque.xml
----------------- Instantiating /home/travis/build/icyphy/ptII/ptolemy/actor/lib/test/auto/PublisherSubscriberOpaque.xml
3 ms. Memory: 448512K Free: 354814K (79%)
----------------- Invoking toplevel() on ptolemy.moml.MoMLSimpleApplication@fa3922f
----------------- Done invoking toplevel() on ptolemy.moml.MoMLSimpleApplication@fa3922f
reloadAllAccessors: .PublisherSubscriberOpaque

===========================================================================================
----------------- testing Mon Sep 02 05:40:38 UTC 2019 /home/travis/build/icyphy/ptII/ptolemy/actor/lib/test/auto/PublisherSubscriberOpaqueD3.xml
----------------- Instantiating /home/travis/build/icyphy/ptII/ptolemy/actor/lib/test/auto/PublisherSubscriberOpaqueD3.xml
5 ms. Memory: 448512K Free: 343055K (76%)
----------------- Invoking toplevel() on ptolemy.moml.MoMLSimpleApplication@1d66ca17
----------------- Done invoking toplevel() on ptolemy.moml.MoMLSimpleApplication@1d66ca17
reloadAllAccessors: .PublisherSubscriberOpaqueD3

===========================================================================================
----------------- testing Mon Sep 02 05:40:38 UTC 2019 /home/travis/build/icyphy/ptII/ptolemy/actor/lib/test/auto/PublisherSubscriberOpaqueD3Reverse.xml
----------------- Instantiating /home/travis/build/icyphy/ptII/ptolemy/actor/lib/test/auto/PublisherSubscriberOpaqueD3Reverse.xml
9 ms. Memory: 448512K Free: 332301K (74%)
----------------- Invoking toplevel() on ptolemy.moml.MoMLSimpleApplication@4cb050fc
----------------- Done invoking toplevel() on ptolemy.moml.MoMLSimpleApplication@4cb050fc
reloadAllAccessors: .PublisherSubscriberOpaqueD3Reverse

===========================================================================================
----------------- testing Mon Sep 02 05:40:38 UTC 2019 /home/travis/build/icyphy/ptII/ptolemy/actor/lib/test/auto/PublisherSubscriberOpaqueWidthInference.xml
----------------- Instantiating /home/travis/build/icyphy/ptII/ptolemy/actor/lib/test/auto/PublisherSubscriberOpaqueWidthInference.xml
4 ms. Memory: 448512K Free: 324094K (72%)
----------------- Invoking toplevel() on ptolemy.moml.MoMLSimpleApplication@58716784
----------------- Done invoking toplevel() on ptolemy.moml.MoMLSimpleApplication@58716784
reloadAllAccessors: .PublisherSubscriberOpaqueWidthInference

===========================================================================================
----------------- testing Mon Sep 02 05:40:38 UTC 2019 /home/travis/build/icyphy/ptII/ptolemy/actor/lib/test/auto/PublisherTestSubscriber.xml
----------------- Instantiating /home/travis/build/icyphy/ptII/ptolemy/actor/lib/test/auto/PublisherTestSubscriber.xml
3 ms. Memory: 448512K Free: 316431K (71%)
----------------- Invoking toplevel() on ptolemy.moml.MoMLSimpleApplication@3c137c54
----------------- Done invoking toplevel() on ptolemy.moml.MoMLSimpleApplication@3c137c54
reloadAllAccessors: .PublisherTestSubscriber

===========================================================================================
----------------- testing Mon Sep 02 05:40:38 UTC 2019 /home/travis/build/icyphy/ptII/ptolemy/actor/lib/test/auto/PublisherToplevelSubscriberPortAOC.xml
----------------- Instantiating /home/travis/build/icyphy/ptII/ptolemy/actor/lib/test/auto/PublisherToplevelSubscriberPortAOC.xml
7 ms. Memory: 448512K Free: 310287K (69%)
----------------- Invoking toplevel() on ptolemy.moml.MoMLSimpleApplication@4adf829f
----------------- Done invoking toplevel() on ptolemy.moml.MoMLSimpleApplication@4adf829f
reloadAllAccessors: .PublisherToplevelSubscriberPortAOC

===========================================================================================
----------------- testing Mon Sep 02 05:40:38 UTC 2019 /home/travis/build/icyphy/ptII/ptolemy/actor/lib/test/auto/PulseFiringLimitDE.xml
----------------- Instantiating /home/travis/build/icyphy/ptII/ptolemy/actor/lib/test/auto/PulseFiringLimitDE.xml
2 ms. Memory: 448512K Free: 303629K (68%)
----------------- Invoking toplevel() on ptolemy.moml.MoMLSimpleApplication@4d1d5c23
----------------- Done invoking toplevel() on ptolemy.moml.MoMLSimpleApplication@4d1d5c23
reloadAllAccessors: .PulseFiringLimitDE

===========================================================================================
----------------- testing Mon Sep 02 05:40:38 UTC 2019 /home/travis/build/icyphy/ptII/ptolemy/actor/lib/test/auto/Ramp1.xml
----------------- Instantiating /home/travis/build/icyphy/ptII/ptolemy/actor/lib/test/auto/Ramp1.xml
1 ms. Memory: 448512K Free: 299526K (67%)
----------------- Invoking toplevel() on ptolemy.moml.MoMLSimpleApplication@319f4c57
----------------- Done invoking toplevel() on ptolemy.moml.MoMLSimpleApplication@319f4c57
reloadAllAccessors: .Ramp1

===========================================================================================
----------------- testing Mon Sep 02 05:40:38 UTC 2019 /home/travis/build/icyphy/ptII/ptolemy/actor/lib/test/auto/RampFiringLimitDE.xml
----------------- Instantiating /home/travis/build/icyphy/ptII/ptolemy/actor/lib/test/auto/RampFiringLimitDE.xml
3 ms. Memory: 448512K Free: 293374K (65%)
----------------- Invoking toplevel() on ptolemy.moml.MoMLSimpleApplication@3064f049
----------------- Done invoking toplevel() on ptolemy.moml.MoMLSimpleApplication@3064f049
reloadAllAccessors: .RampFiringLimitDE

===========================================================================================
----------------- testing Mon Sep 02 05:40:38 UTC 2019 /home/travis/build/icyphy/ptII/ptolemy/actor/lib/test/auto/RampFiringLimitSDF.xml
----------------- Instantiating /home/travis/build/icyphy/ptII/ptolemy/actor/lib/test/auto/RampFiringLimitSDF.xml
3 ms. Memory: 448512K Free: 288254K (64%)
----------------- Invoking toplevel() on ptolemy.moml.MoMLSimpleApplication@140bf7c0
----------------- Done invoking toplevel() on ptolemy.moml.MoMLSimpleApplication@140bf7c0
reloadAllAccessors: .RampFiringLimitSDF

===========================================================================================
----------------- testing Mon Sep 02 05:40:38 UTC 2019 /home/travis/build/icyphy/ptII/ptolemy/actor/lib/test/auto/RandomInteger.xml
----------------- Instantiating /home/travis/build/icyphy/ptII/ptolemy/actor/lib/test/auto/RandomInteger.xml
1 ms. Memory: 448512K Free: 283663K (63%)
----------------- Invoking toplevel() on ptolemy.moml.MoMLSimpleApplication@663fd120
----------------- Done invoking toplevel() on ptolemy.moml.MoMLSimpleApplication@663fd120
reloadAllAccessors: .RandomInteger

===========================================================================================
----------------- testing Mon Sep 02 05:40:38 UTC 2019 /home/travis/build/icyphy/ptII/ptolemy/actor/lib/test/auto/ReadFile1.xml
----------------- Instantiating /home/travis/build/icyphy/ptII/ptolemy/actor/lib/test/auto/ReadFile1.xml
2 ms. Memory: 448512K Free: 279053K (62%)
----------------- Invoking toplevel() on ptolemy.moml.MoMLSimpleApplication@139e7a6d
----------------- Done invoking toplevel() on ptolemy.moml.MoMLSimpleApplication@139e7a6d
reloadAllAccessors: .ReadFile1

===========================================================================================
----------------- testing Mon Sep 02 05:40:38 UTC 2019 /home/travis/build/icyphy/ptII/ptolemy/actor/lib/test/auto/ReadFile2.xml
----------------- Instantiating /home/travis/build/icyphy/ptII/ptolemy/actor/lib/test/auto/ReadFile2.xml
1 ms. Memory: 448512K Free: 274957K (61%)
----------------- Invoking toplevel() on ptolemy.moml.MoMLSimpleApplication@7fd06370
----------------- Done invoking toplevel() on ptolemy.moml.MoMLSimpleApplication@7fd06370
reloadAllAccessors: .ReadFile2

===========================================================================================
----------------- testing Mon Sep 02 05:40:38 UTC 2019 /home/travis/build/icyphy/ptII/ptolemy/actor/lib/test/auto/Reader.xml
----------------- Instantiating /home/travis/build/icyphy/ptII/ptolemy/actor/lib/test/auto/Reader.xml
actor.lib.Reader is obsolete, use actor.lib.io.ExpressionReader instead
1 ms. Memory: 448512K Free: 270861K (60%)
----------------- Invoking toplevel() on ptolemy.moml.MoMLSimpleApplication@24e10e45
----------------- Done invoking toplevel() on ptolemy.moml.MoMLSimpleApplication@24e10e45
reloadAllAccessors: .Reader

===========================================================================================
----------------- testing Mon Sep 02 05:40:38 UTC 2019 /home/travis/build/icyphy/ptII/ptolemy/actor/lib/test/auto/RecordAssemblerDisplayNameTest.xml
----------------- Instantiating /home/travis/build/icyphy/ptII/ptolemy/actor/lib/test/auto/RecordAssemblerDisplayNameTest.xml
4089 ms. Memory: 448512K Free: 385039K (86%)
----------------- Invoking toplevel() on ptolemy.moml.MoMLSimpleApplication@26d9235d
----------------- Done invoking toplevel() on ptolemy.moml.MoMLSimpleApplication@26d9235d
reloadAllAccessors: .RecordAssemblerDisplayNameTest

===========================================================================================
----------------- testing Mon Sep 02 05:40:42 UTC 2019 /home/travis/build/icyphy/ptII/ptolemy/actor/lib/test/auto/RecordAssemblerTypeError.xml
----------------- Instantiating /home/travis/build/icyphy/ptII/ptolemy/actor/lib/test/auto/RecordAssemblerTypeError.xml
22 ms. Memory: 448512K Free: 375309K (84%)
----------------- Invoking toplevel() on ptolemy.moml.MoMLSimpleApplication@25842b07
----------------- Done invoking toplevel() on ptolemy.moml.MoMLSimpleApplication@25842b07
reloadAllAccessors: .RecordAssemblerTypeError

===========================================================================================
----------------- testing Mon Sep 02 05:40:42 UTC 2019 /home/travis/build/icyphy/ptII/ptolemy/actor/lib/test/auto/RecordDisassember.xml
----------------- Instantiating /home/travis/build/icyphy/ptII/ptolemy/actor/lib/test/auto/RecordDisassember.xml
7 ms. Memory: 448512K Free: 370703K (83%)
----------------- Invoking toplevel() on ptolemy.moml.MoMLSimpleApplication@b07df2e
----------------- Done invoking toplevel() on ptolemy.moml.MoMLSimpleApplication@b07df2e
reloadAllAccessors: .RecordDisassember

===========================================================================================
----------------- testing Mon Sep 02 05:40:42 UTC 2019 /home/travis/build/icyphy/ptII/ptolemy/actor/lib/test/auto/RecordDisassemberDisplayNameTest.xml
----------------- Instantiating /home/travis/build/icyphy/ptII/ptolemy/actor/lib/test/auto/RecordDisassemberDisplayNameTest.xml
12 ms. Memory: 448512K Free: 362511K (81%)
----------------- Invoking toplevel() on ptolemy.moml.MoMLSimpleApplication@d9aac54
----------------- Done invoking toplevel() on ptolemy.moml.MoMLSimpleApplication@d9aac54
reloadAllAccessors: .RecordDisassemberDisplayNameTest

===========================================================================================
----------------- testing Mon Sep 02 05:40:42 UTC 2019 /home/travis/build/icyphy/ptII/ptolemy/actor/lib/test/auto/RecordDisassembler.xml
----------------- Instantiating /home/travis/build/icyphy/ptII/ptolemy/actor/lib/test/auto/RecordDisassembler.xml
3 ms. Memory: 448512K Free: 357391K (80%)
----------------- Invoking toplevel() on ptolemy.moml.MoMLSimpleApplication@3bcc44ea
----------------- Done invoking toplevel() on ptolemy.moml.MoMLSimpleApplication@3bcc44ea
reloadAllAccessors: .RecordDisassembler

===========================================================================================
----------------- testing Mon Sep 02 05:40:42 UTC 2019 /home/travis/build/icyphy/ptII/ptolemy/actor/lib/test/auto/RecordDisassembler2.xml
----------------- Instantiating /home/travis/build/icyphy/ptII/ptolemy/actor/lib/test/auto/RecordDisassembler2.xml
5 ms. Memory: 448512K Free: 352271K (79%)
----------------- Invoking toplevel() on ptolemy.moml.MoMLSimpleApplication@712c16f4
----------------- Done invoking toplevel() on ptolemy.moml.MoMLSimpleApplication@712c16f4
reloadAllAccessors: .RecordDisassembler2

===========================================================================================
----------------- testing Mon Sep 02 05:40:42 UTC 2019 /home/travis/build/icyphy/ptII/ptolemy/actor/lib/test/auto/RecordUpdater.xml
----------------- Instantiating /home/travis/build/icyphy/ptII/ptolemy/actor/lib/test/auto/RecordUpdater.xml
2 ms. Memory: 448512K Free: 347151K (77%)
----------------- Invoking toplevel() on ptolemy.moml.MoMLSimpleApplication@3348e834
----------------- Done invoking toplevel() on ptolemy.moml.MoMLSimpleApplication@3348e834
reloadAllAccessors: .RecordUpdater

===========================================================================================
----------------- testing Mon Sep 02 05:40:42 UTC 2019 /home/travis/build/icyphy/ptII/ptolemy/actor/lib/test/auto/RecordUpdater2.xml
----------------- Instantiating /home/travis/build/icyphy/ptII/ptolemy/actor/lib/test/auto/RecordUpdater2.xml
2 ms. Memory: 448512K Free: 341517K (76%)
----------------- Invoking toplevel() on ptolemy.moml.MoMLSimpleApplication@569d5bc
----------------- Done invoking toplevel() on ptolemy.moml.MoMLSimpleApplication@569d5bc
reloadAllAccessors: .RecordUpdater2

===========================================================================================
----------------- testing Mon Sep 02 05:40:42 UTC 2019 /home/travis/build/icyphy/ptII/ptolemy/actor/lib/test/auto/RecursiveLattice.xml
----------------- Instantiating /home/travis/build/icyphy/ptII/ptolemy/actor/lib/test/auto/RecursiveLattice.xml
2 ms. Memory: 448512K Free: 337390K (75%)
----------------- Invoking toplevel() on ptolemy.moml.MoMLSimpleApplication@440e0f00
----------------- Done invoking toplevel() on ptolemy.moml.MoMLSimpleApplication@440e0f00
reloadAllAccessors: .RecursiveLattice

===========================================================================================
----------------- testing Mon Sep 02 05:40:42 UTC 2019 /home/travis/build/icyphy/ptII/ptolemy/actor/lib/test/auto/Router.xml
----------------- Instantiating /home/travis/build/icyphy/ptII/ptolemy/actor/lib/test/auto/Router.xml
3004 ms. Memory: 448512K Free: 325647K (73%)
----------------- Invoking toplevel() on ptolemy.moml.MoMLSimpleApplication@1168b988
----------------- Done invoking toplevel() on ptolemy.moml.MoMLSimpleApplication@1168b988
reloadAllAccessors: .Router

===========================================================================================
----------------- testing Mon Sep 02 05:40:45 UTC 2019 /home/travis/build/icyphy/ptII/ptolemy/actor/lib/test/auto/Router2.xml
----------------- Instantiating /home/travis/build/icyphy/ptII/ptolemy/actor/lib/test/auto/Router2.xml
3004 ms. Memory: 448512K Free: 315917K (70%)
----------------- Invoking toplevel() on ptolemy.moml.MoMLSimpleApplication@55d5b3d1
----------------- Done invoking toplevel() on ptolemy.moml.MoMLSimpleApplication@55d5b3d1
reloadAllAccessors: .Router2

===========================================================================================
----------------- testing Mon Sep 02 05:40:48 UTC 2019 /home/travis/build/icyphy/ptII/ptolemy/actor/lib/test/auto/RunningMaximum.xml
----------------- Instantiating /home/travis/build/icyphy/ptII/ptolemy/actor/lib/test/auto/RunningMaximum.xml
2 ms. Memory: 448512K Free: 311311K (69%)
----------------- Invoking toplevel() on ptolemy.moml.MoMLSimpleApplication@4836a82
----------------- Done invoking toplevel() on ptolemy.moml.MoMLSimpleApplication@4836a82
reloadAllAccessors: .RunningMaximum

===========================================================================================
----------------- testing Mon Sep 02 05:40:48 UTC 2019 /home/travis/build/icyphy/ptII/ptolemy/actor/lib/test/auto/RunningMinimum.xml
----------------- Instantiating /home/travis/build/icyphy/ptII/ptolemy/actor/lib/test/auto/RunningMinimum.xml
15 ms. Memory: 448512K Free: 306701K (68%)
----------------- Invoking toplevel() on ptolemy.moml.MoMLSimpleApplication@15f36b30
----------------- Done invoking toplevel() on ptolemy.moml.MoMLSimpleApplication@15f36b30
reloadAllAccessors: .RunningMinimum

===========================================================================================
----------------- testing Mon Sep 02 05:40:48 UTC 2019 /home/travis/build/icyphy/ptII/ptolemy/actor/lib/test/auto/Scale.xml
----------------- Instantiating /home/travis/build/icyphy/ptII/ptolemy/actor/lib/test/auto/Scale.xml
2 ms. Memory: 448512K Free: 302095K (67%)
----------------- Invoking toplevel() on ptolemy.moml.MoMLSimpleApplication@6b0c0f9d
----------------- Done invoking toplevel() on ptolemy.moml.MoMLSimpleApplication@6b0c0f9d
reloadAllAccessors: .Scale

===========================================================================================
----------------- testing Mon Sep 02 05:40:48 UTC 2019 /home/travis/build/icyphy/ptII/ptolemy/actor/lib/test/auto/Scale2.xml
----------------- Instantiating /home/travis/build/icyphy/ptII/ptolemy/actor/lib/test/auto/Scale2.xml
1 ms. Memory: 448512K Free: 296975K (66%)
----------------- Invoking toplevel() on ptolemy.moml.MoMLSimpleApplication@3e4034d4
----------------- Done invoking toplevel() on ptolemy.moml.MoMLSimpleApplication@3e4034d4
reloadAllAccessors: .Scale2

===========================================================================================
----------------- testing Mon Sep 02 05:40:48 UTC 2019 /home/travis/build/icyphy/ptII/ptolemy/actor/lib/test/auto/Scale3.xml
----------------- Instantiating /home/travis/build/icyphy/ptII/ptolemy/actor/lib/test/auto/Scale3.xml
7 ms. Memory: 448512K Free: 290831K (65%)
----------------- Invoking toplevel() on ptolemy.moml.MoMLSimpleApplication@72d88202
----------------- Done invoking toplevel() on ptolemy.moml.MoMLSimpleApplication@72d88202
reloadAllAccessors: .Scale3

===========================================================================================
----------------- testing Mon Sep 02 05:40:48 UTC 2019 /home/travis/build/icyphy/ptII/ptolemy/actor/lib/test/auto/ScaleArray.xml
----------------- Instantiating /home/travis/build/icyphy/ptII/ptolemy/actor/lib/test/auto/ScaleArray.xml
1 ms. Memory: 448512K Free: 286221K (64%)
----------------- Invoking toplevel() on ptolemy.moml.MoMLSimpleApplication@69ef76d6
----------------- Done invoking toplevel() on ptolemy.moml.MoMLSimpleApplication@69ef76d6
reloadAllAccessors: .ScaleArray

===========================================================================================
----------------- testing Mon Sep 02 05:40:48 UTC 2019 /home/travis/build/icyphy/ptII/ptolemy/actor/lib/test/auto/ScaleArray2.xml
----------------- Instantiating /home/travis/build/icyphy/ptII/ptolemy/actor/lib/test/auto/ScaleArray2.xml
4 ms. Memory: 448512K Free: 281615K (63%)
----------------- Invoking toplevel() on ptolemy.moml.MoMLSimpleApplication@2b595910
----------------- Done invoking toplevel() on ptolemy.moml.MoMLSimpleApplication@2b595910
reloadAllAccessors: .ScaleArray2

===========================================================================================
----------------- testing Mon Sep 02 05:40:48 UTC 2019 /home/travis/build/icyphy/ptII/ptolemy/actor/lib/test/auto/ScaleMatrix.xml
----------------- Instantiating /home/travis/build/icyphy/ptII/ptolemy/actor/lib/test/auto/ScaleMatrix.xml
195 ms. Memory: 448512K Free: 266765K (59%)
----------------- Invoking toplevel() on ptolemy.moml.MoMLSimpleApplication@597b398a
----------------- Done invoking toplevel() on ptolemy.moml.MoMLSimpleApplication@597b398a
reloadAllAccessors: .ScaleMatrix

===========================================================================================
----------------- testing Mon Sep 02 05:40:48 UTC 2019 /home/travis/build/icyphy/ptII/ptolemy/actor/lib/test/auto/Select.xml
----------------- Instantiating /home/travis/build/icyphy/ptII/ptolemy/actor/lib/test/auto/Select.xml
3 ms. Memory: 448512K Free: 260111K (58%)
----------------- Invoking toplevel() on ptolemy.moml.MoMLSimpleApplication@1a2fdac9
----------------- Done invoking toplevel() on ptolemy.moml.MoMLSimpleApplication@1a2fdac9
reloadAllAccessors: .Select

===========================================================================================
----------------- testing Mon Sep 02 05:40:48 UTC 2019 /home/travis/build/icyphy/ptII/ptolemy/actor/lib/test/auto/Select2.xml
----------------- Instantiating /home/travis/build/icyphy/ptII/ptolemy/actor/lib/test/auto/Select2.xml
1 ms. Memory: 448512K Free: 255501K (57%)
----------------- Invoking toplevel() on ptolemy.moml.MoMLSimpleApplication@a492fc2
----------------- Done invoking toplevel() on ptolemy.moml.MoMLSimpleApplication@a492fc2
reloadAllAccessors: .Select2

===========================================================================================
----------------- testing Mon Sep 02 05:40:48 UTC 2019 /home/travis/build/icyphy/ptII/ptolemy/actor/lib/test/auto/SequenceToArray2.xml
----------------- Instantiating /home/travis/build/icyphy/ptII/ptolemy/actor/lib/test/auto/SequenceToArray2.xml
103 ms. Memory: 448512K Free: 231439K (52%)
----------------- Invoking toplevel() on ptolemy.moml.MoMLSimpleApplication@5513d872
----------------- Done invoking toplevel() on ptolemy.moml.MoMLSimpleApplication@5513d872
reloadAllAccessors: .SequenceToArray2

===========================================================================================
----------------- testing Mon Sep 02 05:40:49 UTC 2019 /home/travis/build/icyphy/ptII/ptolemy/actor/lib/test/auto/SequentialClock.xml
----------------- Instantiating /home/travis/build/icyphy/ptII/ptolemy/actor/lib/test/auto/SequentialClock.xml
1 ms. Memory: 448512K Free: 227343K (51%)
----------------- Invoking toplevel() on ptolemy.moml.MoMLSimpleApplication@59c3da50
----------------- Done invoking toplevel() on ptolemy.moml.MoMLSimpleApplication@59c3da50
reloadAllAccessors: .SequentialClock

===========================================================================================
----------------- testing Mon Sep 02 05:40:49 UTC 2019 /home/travis/build/icyphy/ptII/ptolemy/actor/lib/test/auto/SetVariable.xml
----------------- Instantiating /home/travis/build/icyphy/ptII/ptolemy/actor/lib/test/auto/SetVariable.xml
3 ms. Memory: 448512K Free: 222733K (50%)
----------------- Invoking toplevel() on ptolemy.moml.MoMLSimpleApplication@4f32e884
----------------- Done invoking toplevel() on ptolemy.moml.MoMLSimpleApplication@4f32e884
reloadAllAccessors: .SetVariable

===========================================================================================
----------------- testing Mon Sep 02 05:40:49 UTC 2019 /home/travis/build/icyphy/ptII/ptolemy/actor/lib/test/auto/SetVariable2.xml
----------------- Instantiating /home/travis/build/icyphy/ptII/ptolemy/actor/lib/test/auto/SetVariable2.xml
6 ms. Memory: 448512K Free: 217103K (48%)
----------------- Invoking toplevel() on ptolemy.moml.MoMLSimpleApplication@7c9c33e0
----------------- Done invoking toplevel() on ptolemy.moml.MoMLSimpleApplication@7c9c33e0
reloadAllAccessors: .SetVariable2

===========================================================================================
----------------- testing Mon Sep 02 05:40:49 UTC 2019 /home/travis/build/icyphy/ptII/ptolemy/actor/lib/test/auto/SetVariable3.xml
----------------- Instantiating /home/travis/build/icyphy/ptII/ptolemy/actor/lib/test/auto/SetVariable3.xml
7 ms. Memory: 448512K Free: 211983K (47%)
----------------- Invoking toplevel() on ptolemy.moml.MoMLSimpleApplication@24f587aa
----------------- Done invoking toplevel() on ptolemy.moml.MoMLSimpleApplication@24f587aa
reloadAllAccessors: .SetVariable3

===========================================================================================
----------------- testing Mon Sep 02 05:40:49 UTC 2019 /home/travis/build/icyphy/ptII/ptolemy/actor/lib/test/auto/SetVariable4.xml
----------------- Instantiating /home/travis/build/icyphy/ptII/ptolemy/actor/lib/test/auto/SetVariable4.xml
19 ms. Memory: 448512K Free: 202765K (45%)
----------------- Invoking toplevel() on ptolemy.moml.MoMLSimpleApplication@1f74092a
----------------- Done invoking toplevel() on ptolemy.moml.MoMLSimpleApplication@1f74092a
reloadAllAccessors: .SetVariable4

===========================================================================================
----------------- testing Mon Sep 02 05:40:49 UTC 2019 /home/travis/build/icyphy/ptII/ptolemy/actor/lib/test/auto/SetVariable5.xml
----------------- Instantiating /home/travis/build/icyphy/ptII/ptolemy/actor/lib/test/auto/SetVariable5.xml
20 ms. Memory: 448512K Free: 193551K (43%)
----------------- Invoking toplevel() on ptolemy.moml.MoMLSimpleApplication@3872282d
----------------- Done invoking toplevel() on ptolemy.moml.MoMLSimpleApplication@3872282d
reloadAllAccessors: .SetVariable5

===========================================================================================
----------------- testing Mon Sep 02 05:40:49 UTC 2019 /home/travis/build/icyphy/ptII/ptolemy/actor/lib/test/auto/Sinewave.xml
----------------- Instantiating /home/travis/build/icyphy/ptII/ptolemy/actor/lib/test/auto/Sinewave.xml
7 ms. Memory: 448512K Free: 182797K (41%)
----------------- Invoking toplevel() on ptolemy.moml.MoMLSimpleApplication@6d2e14db
----------------- Done invoking toplevel() on ptolemy.moml.MoMLSimpleApplication@6d2e14db
reloadAllAccessors: .Sinewave

===========================================================================================
----------------- testing Mon Sep 02 05:40:49 UTC 2019 /home/travis/build/icyphy/ptII/ptolemy/actor/lib/test/auto/Sinewave2.xml
----------------- Instantiating /home/travis/build/icyphy/ptII/ptolemy/actor/lib/test/auto/Sinewave2.xml
7 ms. Memory: 448512K Free: 175119K (39%)
----------------- Invoking toplevel() on ptolemy.moml.MoMLSimpleApplication@62e7824e
----------------- Done invoking toplevel() on ptolemy.moml.MoMLSimpleApplication@62e7824e
reloadAllAccessors: .Sinewave2

===========================================================================================
----------------- testing Mon Sep 02 05:40:49 UTC 2019 /home/travis/build/icyphy/ptII/ptolemy/actor/lib/test/auto/Sinewave3.xml
----------------- Instantiating /home/travis/build/icyphy/ptII/ptolemy/actor/lib/test/auto/Sinewave3.xml
10 ms. Memory: 448512K Free: 166927K (37%)
----------------- Invoking toplevel() on ptolemy.moml.MoMLSimpleApplication@32bf0f8
----------------- Done invoking toplevel() on ptolemy.moml.MoMLSimpleApplication@32bf0f8
reloadAllAccessors: .Sinewave3

===========================================================================================
----------------- testing Mon Sep 02 05:40:49 UTC 2019 /home/travis/build/icyphy/ptII/ptolemy/actor/lib/test/auto/SingleEvent.xml
----------------- Instantiating /home/travis/build/icyphy/ptII/ptolemy/actor/lib/test/auto/SingleEvent.xml
4 ms. Memory: 448512K Free: 162831K (36%)
----------------- Invoking toplevel() on ptolemy.moml.MoMLSimpleApplication@5865bdb4
----------------- Done invoking toplevel() on ptolemy.moml.MoMLSimpleApplication@5865bdb4
reloadAllAccessors: .SingleEvent

===========================================================================================
----------------- testing Mon Sep 02 05:40:49 UTC 2019 /home/travis/build/icyphy/ptII/ptolemy/actor/lib/test/auto/Sleep.xml
----------------- Instantiating /home/travis/build/icyphy/ptII/ptolemy/actor/lib/test/auto/Sleep.xml
6004 ms. Memory: 448512K Free: 156687K (35%)
----------------- Invoking toplevel() on ptolemy.moml.MoMLSimpleApplication@32815ea
----------------- Done invoking toplevel() on ptolemy.moml.MoMLSimpleApplication@32815ea
reloadAllAccessors: .Sleep

===========================================================================================
----------------- testing Mon Sep 02 05:40:55 UTC 2019 /home/travis/build/icyphy/ptII/ptolemy/actor/lib/test/auto/SleepMultipleFire.xml
----------------- Instantiating /home/travis/build/icyphy/ptII/ptolemy/actor/lib/test/auto/SleepMultipleFire.xml
1005 ms. Memory: 448512K Free: 151053K (34%)
----------------- Invoking toplevel() on ptolemy.moml.MoMLSimpleApplication@4e546ca6
----------------- Done invoking toplevel() on ptolemy.moml.MoMLSimpleApplication@4e546ca6
reloadAllAccessors: .SleepMultipleFire

===========================================================================================
----------------- testing Mon Sep 02 05:40:56 UTC 2019 /home/travis/build/icyphy/ptII/ptolemy/actor/lib/test/auto/StopDE.xml
----------------- Instantiating /home/travis/build/icyphy/ptII/ptolemy/actor/lib/test/auto/StopDE.xml
5 ms. Memory: 448512K Free: 145423K (32%)
----------------- Invoking toplevel() on ptolemy.moml.MoMLSimpleApplication@3af567dc
----------------- Done invoking toplevel() on ptolemy.moml.MoMLSimpleApplication@3af567dc
reloadAllAccessors: .StopDE

===========================================================================================
----------------- testing Mon Sep 02 05:40:56 UTC 2019 /home/travis/build/icyphy/ptII/ptolemy/actor/lib/test/auto/StopSDF.xml
----------------- Instantiating /home/travis/build/icyphy/ptII/ptolemy/actor/lib/test/auto/StopSDF.xml
4 ms. Memory: 448512K Free: 140303K (31%)
----------------- Invoking toplevel() on ptolemy.moml.MoMLSimpleApplication@4cbb0c21
----------------- Done invoking toplevel() on ptolemy.moml.MoMLSimpleApplication@4cbb0c21
reloadAllAccessors: .StopSDF

===========================================================================================
----------------- testing Mon Sep 02 05:40:56 UTC 2019 /home/travis/build/icyphy/ptII/ptolemy/actor/lib/test/auto/StringConstant.xml
----------------- Instantiating /home/travis/build/icyphy/ptII/ptolemy/actor/lib/test/auto/StringConstant.xml
11 ms. Memory: 448512K Free: 135183K (30%)
----------------- Invoking toplevel() on ptolemy.moml.MoMLSimpleApplication@2f3ffc61
----------------- Done invoking toplevel() on ptolemy.moml.MoMLSimpleApplication@2f3ffc61
reloadAllAccessors: .StringConstant

===========================================================================================
----------------- testing Mon Sep 02 05:40:56 UTC 2019 /home/travis/build/icyphy/ptII/ptolemy/actor/lib/test/auto/SubscriberPortInitialValues1.xml
----------------- Instantiating /home/travis/build/icyphy/ptII/ptolemy/actor/lib/test/auto/SubscriberPortInitialValues1.xml
15 ms. Memory: 448512K Free: 389212K (87%)
----------------- Invoking toplevel() on ptolemy.moml.MoMLSimpleApplication@2a41cd1a
----------------- Done invoking toplevel() on ptolemy.moml.MoMLSimpleApplication@2a41cd1a
reloadAllAccessors: .SubscriberPortInitialValues1

===========================================================================================
----------------- testing Mon Sep 02 05:40:56 UTC 2019 /home/travis/build/icyphy/ptII/ptolemy/actor/lib/test/auto/SubscriberPortInitialValues13.xml
----------------- Instantiating /home/travis/build/icyphy/ptII/ptolemy/actor/lib/test/auto/SubscriberPortInitialValues13.xml
5 ms. Memory: 448512K Free: 375390K (84%)
----------------- Invoking toplevel() on ptolemy.moml.MoMLSimpleApplication@5669d23d
----------------- Done invoking toplevel() on ptolemy.moml.MoMLSimpleApplication@5669d23d
reloadAllAccessors: .SubscriberPortInitialValues13

===========================================================================================
----------------- testing Mon Sep 02 05:40:56 UTC 2019 /home/travis/build/icyphy/ptII/ptolemy/actor/lib/test/auto/SubscriberPortInitialValues14.xml
----------------- Instantiating /home/travis/build/icyphy/ptII/ptolemy/actor/lib/test/auto/SubscriberPortInitialValues14.xml
4 ms. Memory: 448512K Free: 367708K (82%)
----------------- Invoking toplevel() on ptolemy.moml.MoMLSimpleApplication@22ab499e
----------------- Done invoking toplevel() on ptolemy.moml.MoMLSimpleApplication@22ab499e
reloadAllAccessors: .SubscriberPortInitialValues14

===========================================================================================
----------------- testing Mon Sep 02 05:40:56 UTC 2019 /home/travis/build/icyphy/ptII/ptolemy/actor/lib/test/auto/SubscriberPortInitialValues2.xml
----------------- Instantiating /home/travis/build/icyphy/ptII/ptolemy/actor/lib/test/auto/SubscriberPortInitialValues2.xml
6 ms. Memory: 448512K Free: 359516K (80%)
----------------- Invoking toplevel() on ptolemy.moml.MoMLSimpleApplication@7674c995
----------------- Done invoking toplevel() on ptolemy.moml.MoMLSimpleApplication@7674c995
reloadAllAccessors: .SubscriberPortInitialValues2

===========================================================================================
----------------- testing Mon Sep 02 05:40:56 UTC 2019 /home/travis/build/icyphy/ptII/ptolemy/actor/lib/test/auto/SubscriberPortInitialValues3.xml
----------------- Instantiating /home/travis/build/icyphy/ptII/ptolemy/actor/lib/test/auto/SubscriberPortInitialValues3.xml
4 ms. Memory: 448512K Free: 348766K (78%)
----------------- Invoking toplevel() on ptolemy.moml.MoMLSimpleApplication@15a02416
----------------- Done invoking toplevel() on ptolemy.moml.MoMLSimpleApplication@15a02416
reloadAllAccessors: .SubscriberPortInitialValues3

===========================================================================================
----------------- testing Mon Sep 02 05:40:56 UTC 2019 /home/travis/build/icyphy/ptII/ptolemy/actor/lib/test/auto/SubscriptionAggregator.xml
----------------- Instantiating /home/travis/build/icyphy/ptII/ptolemy/actor/lib/test/auto/SubscriptionAggregator.xml
3 ms. Memory: 448512K Free: 342094K (76%)
----------------- Invoking toplevel() on ptolemy.moml.MoMLSimpleApplication@52b3412b
----------------- Done invoking toplevel() on ptolemy.moml.MoMLSimpleApplication@52b3412b
reloadAllAccessors: .SubscriptionAggregator

===========================================================================================
----------------- testing Mon Sep 02 05:40:56 UTC 2019 /home/travis/build/icyphy/ptII/ptolemy/actor/lib/test/auto/SubscriptionAggregator2.xml
----------------- Instantiating /home/travis/build/icyphy/ptII/ptolemy/actor/lib/test/auto/SubscriptionAggregator2.xml
3 ms. Memory: 448512K Free: 335454K (75%)
----------------- Invoking toplevel() on ptolemy.moml.MoMLSimpleApplication@51865f06
----------------- Done invoking toplevel() on ptolemy.moml.MoMLSimpleApplication@51865f06
reloadAllAccessors: .SubscriptionAggregator2

===========================================================================================
----------------- testing Mon Sep 02 05:40:56 UTC 2019 /home/travis/build/icyphy/ptII/ptolemy/actor/lib/test/auto/SubscriptionAggregator3.xml
----------------- Instantiating /home/travis/build/icyphy/ptII/ptolemy/actor/lib/test/auto/SubscriptionAggregator3.xml
3 ms. Memory: 448512K Free: 326748K (73%)
----------------- Invoking toplevel() on ptolemy.moml.MoMLSimpleApplication@3bfca28a
----------------- Done invoking toplevel() on ptolemy.moml.MoMLSimpleApplication@3bfca28a
reloadAllAccessors: .SubscriptionAggregator3

===========================================================================================
----------------- testing Mon Sep 02 05:40:56 UTC 2019 /home/travis/build/icyphy/ptII/ptolemy/actor/lib/test/auto/SubscriptionAggregatorMultiply.xml
----------------- Instantiating /home/travis/build/icyphy/ptII/ptolemy/actor/lib/test/auto/SubscriptionAggregatorMultiply.xml
4 ms. Memory: 448512K Free: 317532K (71%)
----------------- Invoking toplevel() on ptolemy.moml.MoMLSimpleApplication@50673b08
----------------- Done invoking toplevel() on ptolemy.moml.MoMLSimpleApplication@50673b08
reloadAllAccessors: .SubscriptionAggregatorMultiply

===========================================================================================
----------------- testing Mon Sep 02 05:40:56 UTC 2019 /home/travis/build/icyphy/ptII/ptolemy/actor/lib/test/auto/SubscriptionAggregatorPortMultiply1.xml
----------------- Instantiating /home/travis/build/icyphy/ptII/ptolemy/actor/lib/test/auto/SubscriptionAggregatorPortMultiply1.xml
4 ms. Memory: 448512K Free: 309340K (69%)
----------------- Invoking toplevel() on ptolemy.moml.MoMLSimpleApplication@4c216a5
----------------- Done invoking toplevel() on ptolemy.moml.MoMLSimpleApplication@4c216a5
reloadAllAccessors: .SubscriptionAggregatorPortMultiply1

===========================================================================================
----------------- testing Mon Sep 02 05:40:56 UTC 2019 /home/travis/build/icyphy/ptII/ptolemy/actor/lib/test/auto/Switch.xml
----------------- Instantiating /home/travis/build/icyphy/ptII/ptolemy/actor/lib/test/auto/Switch.xml
9 ms. Memory: 448512K Free: 301148K (67%)
----------------- Invoking toplevel() on ptolemy.moml.MoMLSimpleApplication@503574a9
----------------- Done invoking toplevel() on ptolemy.moml.MoMLSimpleApplication@503574a9
reloadAllAccessors: .Switch

===========================================================================================
----------------- testing Mon Sep 02 05:40:56 UTC 2019 /home/travis/build/icyphy/ptII/ptolemy/actor/lib/test/auto/Switch2.xml
----------------- Instantiating /home/travis/build/icyphy/ptII/ptolemy/actor/lib/test/auto/Switch2.xml
1 ms. Memory: 448512K Free: 296542K (66%)
----------------- Invoking toplevel() on ptolemy.moml.MoMLSimpleApplication@55645dd
----------------- Done invoking toplevel() on ptolemy.moml.MoMLSimpleApplication@55645dd
reloadAllAccessors: .Switch2

===========================================================================================
----------------- testing Mon Sep 02 05:40:56 UTC 2019 /home/travis/build/icyphy/ptII/ptolemy/actor/lib/test/auto/SwitchDE.xml
----------------- Instantiating /home/travis/build/icyphy/ptII/ptolemy/actor/lib/test/auto/SwitchDE.xml
2 ms. Memory: 448512K Free: 289854K (65%)
----------------- Invoking toplevel() on ptolemy.moml.MoMLSimpleApplication@21ad60bf
----------------- Done invoking toplevel() on ptolemy.moml.MoMLSimpleApplication@21ad60bf
reloadAllAccessors: .SwitchDE

===========================================================================================
----------------- testing Mon Sep 02 05:40:56 UTC 2019 /home/travis/build/icyphy/ptII/ptolemy/actor/lib/test/auto/SynchronizerDE.xml
----------------- Instantiating /home/travis/build/icyphy/ptII/ptolemy/actor/lib/test/auto/SynchronizerDE.xml
7 ms. Memory: 448512K Free: 281686K (63%)
----------------- Invoking toplevel() on ptolemy.moml.MoMLSimpleApplication@4e7ec0a9
----------------- Done invoking toplevel() on ptolemy.moml.MoMLSimpleApplication@4e7ec0a9
reloadAllAccessors: .SynchronizerDE

===========================================================================================
----------------- testing Mon Sep 02 05:40:56 UTC 2019 /home/travis/build/icyphy/ptII/ptolemy/actor/lib/test/auto/Test.xml
----------------- Instantiating /home/travis/build/icyphy/ptII/ptolemy/actor/lib/test/auto/Test.xml
2 ms. Memory: 448512K Free: 276558K (62%)
----------------- Invoking toplevel() on ptolemy.moml.MoMLSimpleApplication@211ec70a
----------------- Done invoking toplevel() on ptolemy.moml.MoMLSimpleApplication@211ec70a
reloadAllAccessors: .Test

===========================================================================================
----------------- testing Mon Sep 02 05:40:56 UTC 2019 /home/travis/build/icyphy/ptII/ptolemy/actor/lib/test/auto/TestExceptionAttribute1.xml
----------------- Instantiating /home/travis/build/icyphy/ptII/ptolemy/actor/lib/test/auto/TestExceptionAttribute1.xml
1 ms. Memory: 448512K Free: 272990K (61%)
----------------- Invoking toplevel() on ptolemy.moml.MoMLSimpleApplication@3949a342
----------------- Done invoking toplevel() on ptolemy.moml.MoMLSimpleApplication@3949a342
reloadAllAccessors: .TestExceptionAttribute1

===========================================================================================
----------------- testing Mon Sep 02 05:40:56 UTC 2019 /home/travis/build/icyphy/ptII/ptolemy/actor/lib/test/auto/TestExceptionAttribute2.xml
----------------- Instantiating /home/travis/build/icyphy/ptII/ptolemy/actor/lib/test/auto/TestExceptionAttribute2.xml
2 ms. Memory: 448512K Free: 268894K (60%)
----------------- Invoking toplevel() on ptolemy.moml.MoMLSimpleApplication@1d449234
----------------- Done invoking toplevel() on ptolemy.moml.MoMLSimpleApplication@1d449234
reloadAllAccessors: .TestExceptionAttribute2

===========================================================================================
----------------- testing Mon Sep 02 05:40:56 UTC 2019 /home/travis/build/icyphy/ptII/ptolemy/actor/lib/test/auto/TestExceptionAttribute3.xml
----------------- Instantiating /home/travis/build/icyphy/ptII/ptolemy/actor/lib/test/auto/TestExceptionAttribute3.xml
.TestExceptionAttribute3.TestExceptionAttribute: initialize() was not invoked, but wrapup() was.  This is unusual, but not always a problem.  For example, exporting JNLP will do this.
1 ms. Memory: 448512K Free: 265308K (59%)
----------------- Invoking toplevel() on ptolemy.moml.MoMLSimpleApplication@32944b07
----------------- Done invoking toplevel() on ptolemy.moml.MoMLSimpleApplication@32944b07
reloadAllAccessors: .TestExceptionAttribute3

===========================================================================================
----------------- testing Mon Sep 02 05:40:56 UTC 2019 /home/travis/build/icyphy/ptII/ptolemy/actor/lib/test/auto/TestExceptionAttribute4.xml
----------------- Instantiating /home/travis/build/icyphy/ptII/ptolemy/actor/lib/test/auto/TestExceptionAttribute4.xml
.TestExceptionAttribute4.TestExceptionAttribute: initialize() was not invoked, but wrapup() was.  This is unusual, but not always a problem.  For example, exporting JNLP will do this.
.TestExceptionAttribute4.TestExceptionAttribute2: initialize() was not invoked, but wrapup() was.  This is unusual, but not always a problem.  For example, exporting JNLP will do this.
1 ms. Memory: 448512K Free: 261212K (58%)
----------------- Invoking toplevel() on ptolemy.moml.MoMLSimpleApplication@434233f1
----------------- Done invoking toplevel() on ptolemy.moml.MoMLSimpleApplication@434233f1
reloadAllAccessors: .TestExceptionAttribute4

===========================================================================================
----------------- testing Mon Sep 02 05:40:56 UTC 2019 /home/travis/build/icyphy/ptII/ptolemy/actor/lib/test/auto/TestExceptionHandler1.xml
----------------- Instantiating /home/travis/build/icyphy/ptII/ptolemy/actor/lib/test/auto/TestExceptionHandler1.xml
1 ms. Memory: 448512K Free: 257630K (57%)
----------------- Invoking toplevel() on ptolemy.moml.MoMLSimpleApplication@42f3eb9
----------------- Done invoking toplevel() on ptolemy.moml.MoMLSimpleApplication@42f3eb9
reloadAllAccessors: .TestExceptionHandler1

===========================================================================================
----------------- testing Mon Sep 02 05:40:56 UTC 2019 /home/travis/build/icyphy/ptII/ptolemy/actor/lib/test/auto/TestExceptionHandler2.xml
----------------- Instantiating /home/travis/build/icyphy/ptII/ptolemy/actor/lib/test/auto/TestExceptionHandler2.xml
1 ms. Memory: 448512K Free: 253534K (57%)
----------------- Invoking toplevel() on ptolemy.moml.MoMLSimpleApplication@fc58b95
----------------- Done invoking toplevel() on ptolemy.moml.MoMLSimpleApplication@fc58b95
reloadAllAccessors: .TestExceptionHandler2

===========================================================================================
----------------- testing Mon Sep 02 05:40:56 UTC 2019 /home/travis/build/icyphy/ptII/ptolemy/actor/lib/test/auto/TestExceptionHandler3.xml
----------------- Instantiating /home/travis/build/icyphy/ptII/ptolemy/actor/lib/test/auto/TestExceptionHandler3.xml
1 ms. Memory: 448512K Free: 249948K (56%)
----------------- Invoking toplevel() on ptolemy.moml.MoMLSimpleApplication@12041d1c
----------------- Done invoking toplevel() on ptolemy.moml.MoMLSimpleApplication@12041d1c
reloadAllAccessors: .TestExceptionHandler3

===========================================================================================
----------------- testing Mon Sep 02 05:40:56 UTC 2019 /home/travis/build/icyphy/ptII/ptolemy/actor/lib/test/auto/TestExceptionHandler4.xml
----------------- Instantiating /home/travis/build/icyphy/ptII/ptolemy/actor/lib/test/auto/TestExceptionHandler4.xml
1 ms. Memory: 448512K Free: 245852K (55%)
----------------- Invoking toplevel() on ptolemy.moml.MoMLSimpleApplication@1930b4bf
----------------- Done invoking toplevel() on ptolemy.moml.MoMLSimpleApplication@1930b4bf
reloadAllAccessors: .TestExceptionHandler4

===========================================================================================
----------------- testing Mon Sep 02 05:40:56 UTC 2019 /home/travis/build/icyphy/ptII/ptolemy/actor/lib/test/auto/TestRequireCorrectOrder.xml
----------------- Instantiating /home/travis/build/icyphy/ptII/ptolemy/actor/lib/test/auto/TestRequireCorrectOrder.xml
13 ms. Memory: 448512K Free: 240726K (54%)
----------------- Invoking toplevel() on ptolemy.moml.MoMLSimpleApplication@5294d59e
----------------- Done invoking toplevel() on ptolemy.moml.MoMLSimpleApplication@5294d59e
reloadAllAccessors: .TestRequireCorrectOrder

===========================================================================================
----------------- testing Mon Sep 02 05:40:56 UTC 2019 /home/travis/build/icyphy/ptII/ptolemy/actor/lib/test/auto/TestSimple.xml
----------------- Instantiating /home/travis/build/icyphy/ptII/ptolemy/actor/lib/test/auto/TestSimple.xml
2 ms. Memory: 448512K Free: 235612K (53%)
----------------- Invoking toplevel() on ptolemy.moml.MoMLSimpleApplication@74ac0149
----------------- Done invoking toplevel() on ptolemy.moml.MoMLSimpleApplication@74ac0149
reloadAllAccessors: .TestSimple

===========================================================================================
----------------- testing Mon Sep 02 05:40:56 UTC 2019 /home/travis/build/icyphy/ptII/ptolemy/actor/lib/test/auto/ThrowModelError.xml
----------------- Instantiating /home/travis/build/icyphy/ptII/ptolemy/actor/lib/test/auto/ThrowModelError.xml
2 ms. Memory: 448512K Free: 231006K (52%)
----------------- Invoking toplevel() on ptolemy.moml.MoMLSimpleApplication@d70a605
----------------- Done invoking toplevel() on ptolemy.moml.MoMLSimpleApplication@d70a605
reloadAllAccessors: .ThrowModelError

===========================================================================================
----------------- testing Mon Sep 02 05:40:56 UTC 2019 /home/travis/build/icyphy/ptII/ptolemy/actor/lib/test/auto/TimeDelayMicrosteps.xml
----------------- Instantiating /home/travis/build/icyphy/ptII/ptolemy/actor/lib/test/auto/TimeDelayMicrosteps.xml
4 ms. Memory: 448512K Free: 224342K (50%)
----------------- Invoking toplevel() on ptolemy.moml.MoMLSimpleApplication@a0a8c88
----------------- Done invoking toplevel() on ptolemy.moml.MoMLSimpleApplication@a0a8c88
reloadAllAccessors: .TimeDelayMicrosteps

===========================================================================================
----------------- testing Mon Sep 02 05:40:57 UTC 2019 /home/travis/build/icyphy/ptII/ptolemy/actor/lib/test/auto/TimeDelayMicrosteps2.xml
----------------- Instantiating /home/travis/build/icyphy/ptII/ptolemy/actor/lib/test/auto/TimeDelayMicrosteps2.xml
4 ms. Memory: 448512K Free: 217166K (48%)
----------------- Invoking toplevel() on ptolemy.moml.MoMLSimpleApplication@2dedd126
----------------- Done invoking toplevel() on ptolemy.moml.MoMLSimpleApplication@2dedd126
reloadAllAccessors: .TimeDelayMicrosteps2

===========================================================================================
----------------- testing Mon Sep 02 05:40:57 UTC 2019 /home/travis/build/icyphy/ptII/ptolemy/actor/lib/test/auto/TimeDelayMicrosteps3.xml
----------------- Instantiating /home/travis/build/icyphy/ptII/ptolemy/actor/lib/test/auto/TimeDelayMicrosteps3.xml
3 ms. Memory: 448512K Free: 210006K (47%)
----------------- Invoking toplevel() on ptolemy.moml.MoMLSimpleApplication@743f5e8f
----------------- Done invoking toplevel() on ptolemy.moml.MoMLSimpleApplication@743f5e8f
reloadAllAccessors: .TimeDelayMicrosteps3

===========================================================================================
----------------- testing Mon Sep 02 05:40:57 UTC 2019 /home/travis/build/icyphy/ptII/ptolemy/actor/lib/test/auto/TimeDelayVariableMicrosteps.xml
----------------- Instantiating /home/travis/build/icyphy/ptII/ptolemy/actor/lib/test/auto/TimeDelayVariableMicrosteps.xml
3 ms. Memory: 448512K Free: 203358K (45%)
----------------- Invoking toplevel() on ptolemy.moml.MoMLSimpleApplication@650996fe
----------------- Done invoking toplevel() on ptolemy.moml.MoMLSimpleApplication@650996fe
reloadAllAccessors: .TimeDelayVariableMicrosteps

===========================================================================================
----------------- testing Mon Sep 02 05:40:57 UTC 2019 /home/travis/build/icyphy/ptII/ptolemy/actor/lib/test/auto/TimeGap.xml
----------------- Instantiating /home/travis/build/icyphy/ptII/ptolemy/actor/lib/test/auto/TimeGap.xml
4 ms. Memory: 448512K Free: 198238K (44%)
----------------- Invoking toplevel() on ptolemy.moml.MoMLSimpleApplication@2f1e6a51
----------------- Done invoking toplevel() on ptolemy.moml.MoMLSimpleApplication@2f1e6a51
reloadAllAccessors: .TimeGap

===========================================================================================
----------------- testing Mon Sep 02 05:40:57 UTC 2019 /home/travis/build/icyphy/ptII/ptolemy/actor/lib/test/auto/TimeGap2.xml
----------------- Instantiating /home/travis/build/icyphy/ptII/ptolemy/actor/lib/test/auto/TimeGap2.xml
2 ms. Memory: 448512K Free: 192598K (43%)
----------------- Invoking toplevel() on ptolemy.moml.MoMLSimpleApplication@5bb3ecf9
----------------- Done invoking toplevel() on ptolemy.moml.MoMLSimpleApplication@5bb3ecf9
reloadAllAccessors: .TimeGap2

===========================================================================================
----------------- testing Mon Sep 02 05:40:57 UTC 2019 /home/travis/build/icyphy/ptII/ptolemy/actor/lib/test/auto/TimedSinewave.xml
----------------- Instantiating /home/travis/build/icyphy/ptII/ptolemy/actor/lib/test/auto/TimedSinewave.xml
27 ms. Memory: 448512K Free: 178268K (40%)
----------------- Invoking toplevel() on ptolemy.moml.MoMLSimpleApplication@688efc60
----------------- Done invoking toplevel() on ptolemy.moml.MoMLSimpleApplication@688efc60
reloadAllAccessors: .TimedSinewave

===========================================================================================
----------------- testing Mon Sep 02 05:40:57 UTC 2019 /home/travis/build/icyphy/ptII/ptolemy/actor/lib/test/auto/TimedSinewavePhase.xml
----------------- Instantiating /home/travis/build/icyphy/ptII/ptolemy/actor/lib/test/auto/TimedSinewavePhase.xml
16 ms. Memory: 448512K Free: 168542K (38%)
----------------- Invoking toplevel() on ptolemy.moml.MoMLSimpleApplication@4f00b68e
----------------- Done invoking toplevel() on ptolemy.moml.MoMLSimpleApplication@4f00b68e
reloadAllAccessors: .TimedSinewavePhase

===========================================================================================
----------------- testing Mon Sep 02 05:40:57 UTC 2019 /home/travis/build/icyphy/ptII/ptolemy/actor/lib/test/auto/Timer.xml
----------------- Instantiating /home/travis/build/icyphy/ptII/ptolemy/actor/lib/test/auto/Timer.xml
3 ms. Memory: 448512K Free: 162908K (36%)
----------------- Invoking toplevel() on ptolemy.moml.MoMLSimpleApplication@6aefadba
----------------- Done invoking toplevel() on ptolemy.moml.MoMLSimpleApplication@6aefadba
reloadAllAccessors: .Timer

===========================================================================================
----------------- testing Mon Sep 02 05:40:57 UTC 2019 /home/travis/build/icyphy/ptII/ptolemy/actor/lib/test/auto/TriangularDistTestModel.xml
----------------- Instantiating /home/travis/build/icyphy/ptII/ptolemy/actor/lib/test/auto/TriangularDistTestModel.xml
2 ms. Memory: 448512K Free: 156750K (35%)
----------------- Invoking toplevel() on ptolemy.moml.MoMLSimpleApplication@7eed5bf3
----------------- Done invoking toplevel() on ptolemy.moml.MoMLSimpleApplication@7eed5bf3
reloadAllAccessors: .TriangularDistTestModel

===========================================================================================
----------------- testing Mon Sep 02 05:40:57 UTC 2019 /home/travis/build/icyphy/ptII/ptolemy/actor/lib/test/auto/TrigFunction.xml
----------------- Instantiating /home/travis/build/icyphy/ptII/ptolemy/actor/lib/test/auto/TrigFunction.xml
2 ms. Memory: 448512K Free: 152158K (34%)
----------------- Invoking toplevel() on ptolemy.moml.MoMLSimpleApplication@21ddd978
----------------- Done invoking toplevel() on ptolemy.moml.MoMLSimpleApplication@21ddd978
reloadAllAccessors: .TrigFunction

===========================================================================================
----------------- testing Mon Sep 02 05:40:57 UTC 2019 /home/travis/build/icyphy/ptII/ptolemy/actor/lib/test/auto/TrigFunctionDE.xml
----------------- Instantiating /home/travis/build/icyphy/ptII/ptolemy/actor/lib/test/auto/TrigFunctionDE.xml
2 ms. Memory: 448512K Free: 146524K (33%)
----------------- Invoking toplevel() on ptolemy.moml.MoMLSimpleApplication@6d384b3b
----------------- Done invoking toplevel() on ptolemy.moml.MoMLSimpleApplication@6d384b3b
reloadAllAccessors: .TrigFunctionDE

===========================================================================================
----------------- testing Mon Sep 02 05:40:57 UTC 2019 /home/travis/build/icyphy/ptII/ptolemy/actor/lib/test/auto/TrigFunctionInverse.xml
----------------- Instantiating /home/travis/build/icyphy/ptII/ptolemy/actor/lib/test/auto/TrigFunctionInverse.xml
2 ms. Memory: 448512K Free: 140894K (31%)
----------------- Invoking toplevel() on ptolemy.moml.MoMLSimpleApplication@19e732bd
----------------- Done invoking toplevel() on ptolemy.moml.MoMLSimpleApplication@19e732bd
reloadAllAccessors: .TrigFunctionInverse

===========================================================================================
----------------- testing Mon Sep 02 05:40:57 UTC 2019 /home/travis/build/icyphy/ptII/ptolemy/actor/lib/test/auto/TrigFunctionTan.xml
----------------- Instantiating /home/travis/build/icyphy/ptII/ptolemy/actor/lib/test/auto/TrigFunctionTan.xml
2 ms. Memory: 448512K Free: 136284K (30%)
----------------- Invoking toplevel() on ptolemy.moml.MoMLSimpleApplication@7b3cb9c2
----------------- Done invoking toplevel() on ptolemy.moml.MoMLSimpleApplication@7b3cb9c2
reloadAllAccessors: .TrigFunctionTan

===========================================================================================
----------------- testing Mon Sep 02 05:40:57 UTC 2019 /home/travis/build/icyphy/ptII/ptolemy/actor/lib/test/auto/TriggeredClock.xml
----------------- Instantiating /home/travis/build/icyphy/ptII/ptolemy/actor/lib/test/auto/TriggeredClock.xml
2 ms. Memory: 448512K Free: 131646K (29%)
----------------- Invoking toplevel() on ptolemy.moml.MoMLSimpleApplication@4a34f18b
----------------- Done invoking toplevel() on ptolemy.moml.MoMLSimpleApplication@4a34f18b
reloadAllAccessors: .TriggeredClock

===========================================================================================
----------------- testing Mon Sep 02 05:40:57 UTC 2019 /home/travis/build/icyphy/ptII/ptolemy/actor/lib/test/auto/URLDirectoryReader.xml
----------------- Instantiating /home/travis/build/icyphy/ptII/ptolemy/actor/lib/test/auto/URLDirectoryReader.xml
29 ms. Memory: 448512K Free: 387908K (86%)
----------------- Invoking toplevel() on ptolemy.moml.MoMLSimpleApplication@5c514cde
----------------- Done invoking toplevel() on ptolemy.moml.MoMLSimpleApplication@5c514cde
reloadAllAccessors: .URLDirectoryReader

===========================================================================================
----------------- testing Mon Sep 02 05:40:57 UTC 2019 /home/travis/build/icyphy/ptII/ptolemy/actor/lib/test/auto/URLDirectoryReader3.xml
----------------- Instantiating /home/travis/build/icyphy/ptII/ptolemy/actor/lib/test/auto/URLDirectoryReader3.xml
1158 ms. Memory: 448512K Free: 385048K (86%)
----------------- Invoking toplevel() on ptolemy.moml.MoMLSimpleApplication@f530238
----------------- Done invoking toplevel() on ptolemy.moml.MoMLSimpleApplication@f530238
reloadAllAccessors: .URLDirectoryReader3

===========================================================================================
----------------- testing Mon Sep 02 05:40:58 UTC 2019 /home/travis/build/icyphy/ptII/ptolemy/actor/lib/test/auto/UnaryMathFunction.xml
----------------- Instantiating /home/travis/build/icyphy/ptII/ptolemy/actor/lib/test/auto/UnaryMathFunction.xml
4 ms. Memory: 448512K Free: 376856K (84%)
----------------- Invoking toplevel() on ptolemy.moml.MoMLSimpleApplication@16a9bdc
----------------- Done invoking toplevel() on ptolemy.moml.MoMLSimpleApplication@16a9bdc
reloadAllAccessors: .UnaryMathFunction

===========================================================================================
----------------- testing Mon Sep 02 05:40:58 UTC 2019 /home/travis/build/icyphy/ptII/ptolemy/actor/lib/test/auto/Uniform.xml
----------------- Instantiating /home/travis/build/icyphy/ptII/ptolemy/actor/lib/test/auto/Uniform.xml
4 ms. Memory: 448512K Free: 372239K (83%)
----------------- Invoking toplevel() on ptolemy.moml.MoMLSimpleApplication@4811c0c2
----------------- Done invoking toplevel() on ptolemy.moml.MoMLSimpleApplication@4811c0c2
reloadAllAccessors: .Uniform

===========================================================================================
----------------- testing Mon Sep 02 05:40:58 UTC 2019 /home/travis/build/icyphy/ptII/ptolemy/actor/lib/test/auto/UnionDisassemblerTest.xml
----------------- Instantiating /home/travis/build/icyphy/ptII/ptolemy/actor/lib/test/auto/UnionDisassemblerTest.xml
18 ms. Memory: 448512K Free: 368664K (82%)
----------------- Invoking toplevel() on ptolemy.moml.MoMLSimpleApplication@755ab079
----------------- Done invoking toplevel() on ptolemy.moml.MoMLSimpleApplication@755ab079
reloadAllAccessors: .UnionDisassemblerTest

===========================================================================================
----------------- testing Mon Sep 02 05:40:58 UTC 2019 /home/travis/build/icyphy/ptII/ptolemy/actor/lib/test/auto/UtilityFunctions.xml
----------------- Instantiating /home/travis/build/icyphy/ptII/ptolemy/actor/lib/test/auto/UtilityFunctions.xml
1 ms. Memory: 448512K Free: 364054K (81%)
----------------- Invoking toplevel() on ptolemy.moml.MoMLSimpleApplication@798d782e
----------------- Done invoking toplevel() on ptolemy.moml.MoMLSimpleApplication@798d782e
reloadAllAccessors: .UtilityFunctions

===========================================================================================
----------------- testing Mon Sep 02 05:40:58 UTC 2019 /home/travis/build/icyphy/ptII/ptolemy/actor/lib/test/auto/VariableSleep.xml
----------------- Instantiating /home/travis/build/icyphy/ptII/ptolemy/actor/lib/test/auto/VariableSleep.xml
503 ms. Memory: 448512K Free: 358934K (80%)
----------------- Invoking toplevel() on ptolemy.moml.MoMLSimpleApplication@34c18a9b
----------------- Done invoking toplevel() on ptolemy.moml.MoMLSimpleApplication@34c18a9b
reloadAllAccessors: .VariableSleep

===========================================================================================
----------------- testing Mon Sep 02 05:40:59 UTC 2019 /home/travis/build/icyphy/ptII/ptolemy/actor/lib/test/auto/VectorAssemblerDisassemblerCT.xml
----------------- Instantiating /home/travis/build/icyphy/ptII/ptolemy/actor/lib/test/auto/VectorAssemblerDisassemblerCT.xml
87 ms. Memory: 448512K Free: 337944K (75%)
----------------- Invoking toplevel() on ptolemy.moml.MoMLSimpleApplication@121730ce
----------------- Done invoking toplevel() on ptolemy.moml.MoMLSimpleApplication@121730ce
reloadAllAccessors: .VectorAssemblerDisassemblerCT

===========================================================================================
----------------- testing Mon Sep 02 05:40:59 UTC 2019 /home/travis/build/icyphy/ptII/ptolemy/actor/lib/test/auto/VectorAssemblerDisassemblerDE.xml
----------------- Instantiating /home/travis/build/icyphy/ptII/ptolemy/actor/lib/test/auto/VectorAssemblerDisassemblerDE.xml
2 ms. Memory: 448512K Free: 330262K (74%)
----------------- Invoking toplevel() on ptolemy.moml.MoMLSimpleApplication@46e4c2f8
----------------- Done invoking toplevel() on ptolemy.moml.MoMLSimpleApplication@46e4c2f8
reloadAllAccessors: .VectorAssemblerDisassemblerDE

===========================================================================================
----------------- testing Mon Sep 02 05:40:59 UTC 2019 /home/travis/build/icyphy/ptII/ptolemy/actor/lib/test/auto/VectorAssemblerDisassemblerSDF.xml
----------------- Instantiating /home/travis/build/icyphy/ptII/ptolemy/actor/lib/test/auto/VectorAssemblerDisassemblerSDF.xml
2 ms. Memory: 448512K Free: 324103K (72%)
----------------- Invoking toplevel() on ptolemy.moml.MoMLSimpleApplication@9079899
----------------- Done invoking toplevel() on ptolemy.moml.MoMLSimpleApplication@9079899
reloadAllAccessors: .VectorAssemblerDisassemblerSDF

===========================================================================================
----------------- testing Mon Sep 02 05:40:59 UTC 2019 /home/travis/build/icyphy/ptII/ptolemy/actor/lib/test/auto/WallClockTime.xml
----------------- Instantiating /home/travis/build/icyphy/ptII/ptolemy/actor/lib/test/auto/WallClockTime.xml
1004 ms. Memory: 448512K Free: 318998K (71%)
----------------- Invoking toplevel() on ptolemy.moml.MoMLSimpleApplication@7f028485
----------------- Done invoking toplevel() on ptolemy.moml.MoMLSimpleApplication@7f028485
reloadAllAccessors: .WallClockTime

===========================================================================================
----------------- testing Mon Sep 02 05:41:00 UTC 2019 /home/travis/build/icyphy/ptII/ptolemy/actor/lib/test/auto/WidthTestWithSubscriberPublisher.xml
----------------- Instantiating /home/travis/build/icyphy/ptII/ptolemy/actor/lib/test/auto/WidthTestWithSubscriberPublisher.xml
8 ms. Memory: 448512K Free: 300566K (67%)
----------------- Invoking toplevel() on ptolemy.moml.MoMLSimpleApplication@4adb5092
----------------- Done invoking toplevel() on ptolemy.moml.MoMLSimpleApplication@4adb5092
reloadAllAccessors: .WidthTestWithSubscriberPublisher

===========================================================================================
----------------- testing Mon Sep 02 05:41:00 UTC 2019 /home/travis/build/icyphy/ptII/ptolemy/actor/lib/test/auto/WidthTestWithSubscriberPublisher2.xml
----------------- Instantiating /home/travis/build/icyphy/ptII/ptolemy/actor/lib/test/auto/WidthTestWithSubscriberPublisher2.xml
2 ms. Memory: 448512K Free: 294422K (66%)
----------------- Invoking toplevel() on ptolemy.moml.MoMLSimpleApplication@22b5727
----------------- Done invoking toplevel() on ptolemy.moml.MoMLSimpleApplication@22b5727
reloadAllAccessors: .WidthTestWithSubscriberPublisher2

===========================================================================================
----------------- testing Mon Sep 02 05:41:00 UTC 2019 /home/travis/build/icyphy/ptII/ptolemy/actor/lib/test/auto/WidthTestWithSubscriberPublisher3.xml
----------------- Instantiating /home/travis/build/icyphy/ptII/ptolemy/actor/lib/test/auto/WidthTestWithSubscriberPublisher3.xml
1 ms. Memory: 448512K Free: 288792K (64%)
----------------- Invoking toplevel() on ptolemy.moml.MoMLSimpleApplication@71eb5473
----------------- Done invoking toplevel() on ptolemy.moml.MoMLSimpleApplication@71eb5473
reloadAllAccessors: .WidthTestWithSubscriberPublisher3

===========================================================================================
----------------- testing Mon Sep 02 05:41:00 UTC 2019 /home/travis/build/icyphy/ptII/ptolemy/actor/lib/test/auto/Writer.xml
----------------- Instantiating /home/travis/build/icyphy/ptII/ptolemy/actor/lib/test/auto/Writer.xml
0
1
2
3
4
1 ms. Memory: 448512K Free: 284167K (63%)
----------------- Invoking toplevel() on ptolemy.moml.MoMLSimpleApplication@5d6c419e
----------------- Done invoking toplevel() on ptolemy.moml.MoMLSimpleApplication@5d6c419e
reloadAllAccessors: .Writer

===========================================================================================
----------------- testing Mon Sep 02 05:41:00 UTC 2019 /home/travis/build/icyphy/ptII/ptolemy/actor/lib/test/auto/array.xml
----------------- Instantiating /home/travis/build/icyphy/ptII/ptolemy/actor/lib/test/auto/array.xml
3 ms. Memory: 448512K Free: 279576K (62%)
----------------- Invoking toplevel() on ptolemy.moml.MoMLSimpleApplication@6becc5ef
----------------- Done invoking toplevel() on ptolemy.moml.MoMLSimpleApplication@6becc5ef
reloadAllAccessors: .array

===========================================================================================
----------------- testing Mon Sep 02 05:41:00 UTC 2019 /home/travis/build/icyphy/ptII/ptolemy/actor/lib/test/auto/array2.xml
----------------- Instantiating /home/travis/build/icyphy/ptII/ptolemy/actor/lib/test/auto/array2.xml
3 ms. Memory: 448512K Free: 273927K (61%)
----------------- Invoking toplevel() on ptolemy.moml.MoMLSimpleApplication@223d679f
----------------- Done invoking toplevel() on ptolemy.moml.MoMLSimpleApplication@223d679f
reloadAllAccessors: .array2

===========================================================================================
----------------- testing Mon Sep 02 05:41:00 UTC 2019 /home/travis/build/icyphy/ptII/ptolemy/actor/lib/test/auto/arrayType.xml
----------------- Instantiating /home/travis/build/icyphy/ptII/ptolemy/actor/lib/test/auto/arrayType.xml
1 ms. Memory: 448512K Free: 268822K (60%)
----------------- Invoking toplevel() on ptolemy.moml.MoMLSimpleApplication@315e7e24
----------------- Done invoking toplevel() on ptolemy.moml.MoMLSimpleApplication@315e7e24
reloadAllAccessors: .arrayType

===========================================================================================
----------------- testing Mon Sep 02 05:41:00 UTC 2019 /home/travis/build/icyphy/ptII/ptolemy/actor/lib/test/auto/arrayType10.xml
----------------- Instantiating /home/travis/build/icyphy/ptII/ptolemy/actor/lib/test/auto/arrayType10.xml
2 ms. Memory: 448512K Free: 264216K (59%)
----------------- Invoking toplevel() on ptolemy.moml.MoMLSimpleApplication@5f9c0f52
----------------- Done invoking toplevel() on ptolemy.moml.MoMLSimpleApplication@5f9c0f52
reloadAllAccessors: .arrayType10

===========================================================================================
----------------- testing Mon Sep 02 05:41:00 UTC 2019 /home/travis/build/icyphy/ptII/ptolemy/actor/lib/test/auto/arrayType11.xml
----------------- Instantiating /home/travis/build/icyphy/ptII/ptolemy/actor/lib/test/auto/arrayType11.xml
1 ms. Memory: 448512K Free: 259096K (58%)
----------------- Invoking toplevel() on ptolemy.moml.MoMLSimpleApplication@1cebcd1a
----------------- Done invoking toplevel() on ptolemy.moml.MoMLSimpleApplication@1cebcd1a
reloadAllAccessors: .arrayType11

===========================================================================================
----------------- testing Mon Sep 02 05:41:00 UTC 2019 /home/travis/build/icyphy/ptII/ptolemy/actor/lib/test/auto/arrayType12.xml
----------------- Instantiating /home/travis/build/icyphy/ptII/ptolemy/actor/lib/test/auto/arrayType12.xml
7 ms. Memory: 448512K Free: 254486K (57%)
----------------- Invoking toplevel() on ptolemy.moml.MoMLSimpleApplication@3da92442
----------------- Done invoking toplevel() on ptolemy.moml.MoMLSimpleApplication@3da92442
reloadAllAccessors: .arrayType12

===========================================================================================
----------------- testing Mon Sep 02 05:41:00 UTC 2019 /home/travis/build/icyphy/ptII/ptolemy/actor/lib/test/auto/arrayType13.xml
----------------- Instantiating /home/travis/build/icyphy/ptII/ptolemy/actor/lib/test/auto/arrayType13.xml
2 ms. Memory: 448512K Free: 249366K (56%)
----------------- Invoking toplevel() on ptolemy.moml.MoMLSimpleApplication@13cb6eaa
----------------- Done invoking toplevel() on ptolemy.moml.MoMLSimpleApplication@13cb6eaa
reloadAllAccessors: .arrayType13

===========================================================================================
----------------- testing Mon Sep 02 05:41:00 UTC 2019 /home/travis/build/icyphy/ptII/ptolemy/actor/lib/test/auto/arrayType14.xml
----------------- Instantiating /home/travis/build/icyphy/ptII/ptolemy/actor/lib/test/auto/arrayType14.xml
2 ms. Memory: 448512K Free: 243736K (54%)
----------------- Invoking toplevel() on ptolemy.moml.MoMLSimpleApplication@4798b1e3
----------------- Done invoking toplevel() on ptolemy.moml.MoMLSimpleApplication@4798b1e3
reloadAllAccessors: .arrayType14

===========================================================================================
----------------- testing Mon Sep 02 05:41:00 UTC 2019 /home/travis/build/icyphy/ptII/ptolemy/actor/lib/test/auto/arrayType15.xml
----------------- Instantiating /home/travis/build/icyphy/ptII/ptolemy/actor/lib/test/auto/arrayType15.xml
3 ms. Memory: 448512K Free: 238616K (53%)
----------------- Invoking toplevel() on ptolemy.moml.MoMLSimpleApplication@5e4db58d
----------------- Done invoking toplevel() on ptolemy.moml.MoMLSimpleApplication@5e4db58d
reloadAllAccessors: .arrayType15

===========================================================================================
----------------- testing Mon Sep 02 05:41:00 UTC 2019 /home/travis/build/icyphy/ptII/ptolemy/actor/lib/test/auto/arrayType16.xml
----------------- Instantiating /home/travis/build/icyphy/ptII/ptolemy/actor/lib/test/auto/arrayType16.xml
1 ms. Memory: 448512K Free: 233496K (52%)
----------------- Invoking toplevel() on ptolemy.moml.MoMLSimpleApplication@8ab7fd2
----------------- Done invoking toplevel() on ptolemy.moml.MoMLSimpleApplication@8ab7fd2
reloadAllAccessors: .arrayType16

===========================================================================================
----------------- testing Mon Sep 02 05:41:00 UTC 2019 /home/travis/build/icyphy/ptII/ptolemy/actor/lib/test/auto/arrayType17.xml
----------------- Instantiating /home/travis/build/icyphy/ptII/ptolemy/actor/lib/test/auto/arrayType17.xml
1 ms. Memory: 448512K Free: 227862K (51%)
----------------- Invoking toplevel() on ptolemy.moml.MoMLSimpleApplication@54852cf6
----------------- Done invoking toplevel() on ptolemy.moml.MoMLSimpleApplication@54852cf6
reloadAllAccessors: .arrayType17

===========================================================================================
----------------- testing Mon Sep 02 05:41:00 UTC 2019 /home/travis/build/icyphy/ptII/ptolemy/actor/lib/test/auto/arrayType18.xml
----------------- Instantiating /home/travis/build/icyphy/ptII/ptolemy/actor/lib/test/auto/arrayType18.xml
1 ms. Memory: 448512K Free: 223256K (50%)
----------------- Invoking toplevel() on ptolemy.moml.MoMLSimpleApplication@5e3e7fa5
----------------- Done invoking toplevel() on ptolemy.moml.MoMLSimpleApplication@5e3e7fa5
reloadAllAccessors: .arrayType18

===========================================================================================
----------------- testing Mon Sep 02 05:41:00 UTC 2019 /home/travis/build/icyphy/ptII/ptolemy/actor/lib/test/auto/arrayType19.xml
----------------- Instantiating /home/travis/build/icyphy/ptII/ptolemy/actor/lib/test/auto/arrayType19.xml
1 ms. Memory: 448512K Free: 218136K (49%)
----------------- Invoking toplevel() on ptolemy.moml.MoMLSimpleApplication@13606aa4
----------------- Done invoking toplevel() on ptolemy.moml.MoMLSimpleApplication@13606aa4
reloadAllAccessors: .arrayType19

===========================================================================================
----------------- testing Mon Sep 02 05:41:00 UTC 2019 /home/travis/build/icyphy/ptII/ptolemy/actor/lib/test/auto/arrayType2.xml
----------------- Instantiating /home/travis/build/icyphy/ptII/ptolemy/actor/lib/test/auto/arrayType2.xml
1 ms. Memory: 448512K Free: 213016K (47%)
----------------- Invoking toplevel() on ptolemy.moml.MoMLSimpleApplication@6e05ad31
----------------- Done invoking toplevel() on ptolemy.moml.MoMLSimpleApplication@6e05ad31
reloadAllAccessors: .arrayType2

===========================================================================================
----------------- testing Mon Sep 02 05:41:00 UTC 2019 /home/travis/build/icyphy/ptII/ptolemy/actor/lib/test/auto/arrayType20.xml
----------------- Instantiating /home/travis/build/icyphy/ptII/ptolemy/actor/lib/test/auto/arrayType20.xml
1 ms. Memory: 448512K Free: 208406K (46%)
----------------- Invoking toplevel() on ptolemy.moml.MoMLSimpleApplication@166c5f93
----------------- Done invoking toplevel() on ptolemy.moml.MoMLSimpleApplication@166c5f93
reloadAllAccessors: .arrayType20

===========================================================================================
----------------- testing Mon Sep 02 05:41:00 UTC 2019 /home/travis/build/icyphy/ptII/ptolemy/actor/lib/test/auto/arrayType21.xml
----------------- Instantiating /home/travis/build/icyphy/ptII/ptolemy/actor/lib/test/auto/arrayType21.xml
1 ms. Memory: 448512K Free: 203286K (45%)
----------------- Invoking toplevel() on ptolemy.moml.MoMLSimpleApplication@68ba9da5
----------------- Done invoking toplevel() on ptolemy.moml.MoMLSimpleApplication@68ba9da5
reloadAllAccessors: .arrayType21

===========================================================================================
----------------- testing Mon Sep 02 05:41:00 UTC 2019 /home/travis/build/icyphy/ptII/ptolemy/actor/lib/test/auto/arrayType22.xml
----------------- Instantiating /home/travis/build/icyphy/ptII/ptolemy/actor/lib/test/auto/arrayType22.xml
2 ms. Memory: 448512K Free: 198680K (44%)
----------------- Invoking toplevel() on ptolemy.moml.MoMLSimpleApplication@5a308cd8
----------------- Done invoking toplevel() on ptolemy.moml.MoMLSimpleApplication@5a308cd8
reloadAllAccessors: .arrayType22

===========================================================================================
----------------- testing Mon Sep 02 05:41:00 UTC 2019 /home/travis/build/icyphy/ptII/ptolemy/actor/lib/test/auto/arrayType23.xml
----------------- Instantiating /home/travis/build/icyphy/ptII/ptolemy/actor/lib/test/auto/arrayType23.xml
1 ms. Memory: 448512K Free: 194070K (43%)
----------------- Invoking toplevel() on ptolemy.moml.MoMLSimpleApplication@36bb8a08
----------------- Done invoking toplevel() on ptolemy.moml.MoMLSimpleApplication@36bb8a08
reloadAllAccessors: .arrayType23

===========================================================================================
----------------- testing Mon Sep 02 05:41:01 UTC 2019 /home/travis/build/icyphy/ptII/ptolemy/actor/lib/test/auto/arrayType24.xml
----------------- Instantiating /home/travis/build/icyphy/ptII/ptolemy/actor/lib/test/auto/arrayType24.xml
1 ms. Memory: 448512K Free: 188950K (42%)
----------------- Invoking toplevel() on ptolemy.moml.MoMLSimpleApplication@775eaa1f
----------------- Done invoking toplevel() on ptolemy.moml.MoMLSimpleApplication@775eaa1f
reloadAllAccessors: .arrayType24

===========================================================================================
----------------- testing Mon Sep 02 05:41:01 UTC 2019 /home/travis/build/icyphy/ptII/ptolemy/actor/lib/test/auto/arrayType25.xml
----------------- Instantiating /home/travis/build/icyphy/ptII/ptolemy/actor/lib/test/auto/arrayType25.xml
2 ms. Memory: 448512K Free: 183830K (41%)
----------------- Invoking toplevel() on ptolemy.moml.MoMLSimpleApplication@5a291996
----------------- Done invoking toplevel() on ptolemy.moml.MoMLSimpleApplication@5a291996
reloadAllAccessors: .arrayType25

===========================================================================================
----------------- testing Mon Sep 02 05:41:01 UTC 2019 /home/travis/build/icyphy/ptII/ptolemy/actor/lib/test/auto/arrayType26.xml
----------------- Instantiating /home/travis/build/icyphy/ptII/ptolemy/actor/lib/test/auto/arrayType26.xml
1 ms. Memory: 448512K Free: 178200K (40%)
----------------- Invoking toplevel() on ptolemy.moml.MoMLSimpleApplication@21a82fce
----------------- Done invoking toplevel() on ptolemy.moml.MoMLSimpleApplication@21a82fce
reloadAllAccessors: .arrayType26

===========================================================================================
----------------- testing Mon Sep 02 05:41:01 UTC 2019 /home/travis/build/icyphy/ptII/ptolemy/actor/lib/test/auto/arrayType27.xml
----------------- Instantiating /home/travis/build/icyphy/ptII/ptolemy/actor/lib/test/auto/arrayType27.xml
1 ms. Memory: 448512K Free: 173080K (39%)
----------------- Invoking toplevel() on ptolemy.moml.MoMLSimpleApplication@11d31141
----------------- Done invoking toplevel() on ptolemy.moml.MoMLSimpleApplication@11d31141
reloadAllAccessors: .arrayType27

===========================================================================================
----------------- testing Mon Sep 02 05:41:01 UTC 2019 /home/travis/build/icyphy/ptII/ptolemy/actor/lib/test/auto/arrayType28.xml
----------------- Instantiating /home/travis/build/icyphy/ptII/ptolemy/actor/lib/test/auto/arrayType28.xml
3 ms. Memory: 448512K Free: 167960K (37%)
----------------- Invoking toplevel() on ptolemy.moml.MoMLSimpleApplication@59af8b12
----------------- Done invoking toplevel() on ptolemy.moml.MoMLSimpleApplication@59af8b12
reloadAllAccessors: .arrayType28

===========================================================================================
----------------- testing Mon Sep 02 05:41:01 UTC 2019 /home/travis/build/icyphy/ptII/ptolemy/actor/lib/test/auto/arrayType3.xml
----------------- Instantiating /home/travis/build/icyphy/ptII/ptolemy/actor/lib/test/auto/arrayType3.xml
1 ms. Memory: 448512K Free: 162326K (36%)
----------------- Invoking toplevel() on ptolemy.moml.MoMLSimpleApplication@49396cdf
----------------- Done invoking toplevel() on ptolemy.moml.MoMLSimpleApplication@49396cdf
reloadAllAccessors: .arrayType3

===========================================================================================
----------------- testing Mon Sep 02 05:41:01 UTC 2019 /home/travis/build/icyphy/ptII/ptolemy/actor/lib/test/auto/arrayType4.xml
----------------- Instantiating /home/travis/build/icyphy/ptII/ptolemy/actor/lib/test/auto/arrayType4.xml
1 ms. Memory: 448512K Free: 157206K (35%)
----------------- Invoking toplevel() on ptolemy.moml.MoMLSimpleApplication@724ad146
----------------- Done invoking toplevel() on ptolemy.moml.MoMLSimpleApplication@724ad146
reloadAllAccessors: .arrayType4

===========================================================================================
----------------- testing Mon Sep 02 05:41:01 UTC 2019 /home/travis/build/icyphy/ptII/ptolemy/actor/lib/test/auto/arrayType5.xml
----------------- Instantiating /home/travis/build/icyphy/ptII/ptolemy/actor/lib/test/auto/arrayType5.xml
1 ms. Memory: 448512K Free: 151576K (34%)
----------------- Invoking toplevel() on ptolemy.moml.MoMLSimpleApplication@55cfae3e
----------------- Done invoking toplevel() on ptolemy.moml.MoMLSimpleApplication@55cfae3e
reloadAllAccessors: .arrayType5

===========================================================================================
----------------- testing Mon Sep 02 05:41:01 UTC 2019 /home/travis/build/icyphy/ptII/ptolemy/actor/lib/test/auto/arrayType6.xml
----------------- Instantiating /home/travis/build/icyphy/ptII/ptolemy/actor/lib/test/auto/arrayType6.xml
1 ms. Memory: 448512K Free: 146966K (33%)
----------------- Invoking toplevel() on ptolemy.moml.MoMLSimpleApplication@510f7b80
----------------- Done invoking toplevel() on ptolemy.moml.MoMLSimpleApplication@510f7b80
reloadAllAccessors: .arrayType6

===========================================================================================
----------------- testing Mon Sep 02 05:41:01 UTC 2019 /home/travis/build/icyphy/ptII/ptolemy/actor/lib/test/auto/arrayType7.xml
----------------- Instantiating /home/travis/build/icyphy/ptII/ptolemy/actor/lib/test/auto/arrayType7.xml
2 ms. Memory: 448512K Free: 141846K (32%)
----------------- Invoking toplevel() on ptolemy.moml.MoMLSimpleApplication@516b83e3
----------------- Done invoking toplevel() on ptolemy.moml.MoMLSimpleApplication@516b83e3
reloadAllAccessors: .arrayType7

===========================================================================================
----------------- testing Mon Sep 02 05:41:01 UTC 2019 /home/travis/build/icyphy/ptII/ptolemy/actor/lib/test/auto/arrayType8.xml
----------------- Instantiating /home/travis/build/icyphy/ptII/ptolemy/actor/lib/test/auto/arrayType8.xml
8 ms. Memory: 448512K Free: 137240K (31%)
----------------- Invoking toplevel() on ptolemy.moml.MoMLSimpleApplication@37be8839
----------------- Done invoking toplevel() on ptolemy.moml.MoMLSimpleApplication@37be8839
reloadAllAccessors: .arrayType8

===========================================================================================
----------------- testing Mon Sep 02 05:41:01 UTC 2019 /home/travis/build/icyphy/ptII/ptolemy/actor/lib/test/auto/arrayType9.xml
----------------- Instantiating /home/travis/build/icyphy/ptII/ptolemy/actor/lib/test/auto/arrayType9.xml
1 ms. Memory: 448512K Free: 132630K (30%)
----------------- Invoking toplevel() on ptolemy.moml.MoMLSimpleApplication@61294f50
----------------- Done invoking toplevel() on ptolemy.moml.MoMLSimpleApplication@61294f50
reloadAllAccessors: .arrayType9

===========================================================================================
----------------- testing Mon Sep 02 05:41:01 UTC 2019 /home/travis/build/icyphy/ptII/ptolemy/actor/lib/test/auto/cast.xml
----------------- Instantiating /home/travis/build/icyphy/ptII/ptolemy/actor/lib/test/auto/cast.xml
14 ms. Memory: 448512K Free: 391013K (87%)
----------------- Invoking toplevel() on ptolemy.moml.MoMLSimpleApplication@2c409f2
----------------- Done invoking toplevel() on ptolemy.moml.MoMLSimpleApplication@2c409f2
reloadAllAccessors: .cast

===========================================================================================
----------------- testing Mon Sep 02 05:41:01 UTC 2019 /home/travis/build/icyphy/ptII/ptolemy/actor/lib/test/auto/compositeMultiPort.xml
----------------- Instantiating /home/travis/build/icyphy/ptII/ptolemy/actor/lib/test/auto/compositeMultiPort.xml
4 ms. Memory: 448512K Free: 381035K (85%)
----------------- Invoking toplevel() on ptolemy.moml.MoMLSimpleApplication@25056c6b
----------------- Done invoking toplevel() on ptolemy.moml.MoMLSimpleApplication@25056c6b
reloadAllAccessors: .compositeMultiPort

===========================================================================================
----------------- testing Mon Sep 02 05:41:01 UTC 2019 /home/travis/build/icyphy/ptII/ptolemy/actor/lib/test/auto/expressionCastInference.xml
----------------- Instantiating /home/travis/build/icyphy/ptII/ptolemy/actor/lib/test/auto/expressionCastInference.xml
3 ms. Memory: 448512K Free: 376425K (84%)
----------------- Invoking toplevel() on ptolemy.moml.MoMLSimpleApplication@6519be6a
----------------- Done invoking toplevel() on ptolemy.moml.MoMLSimpleApplication@6519be6a
reloadAllAccessors: .expressionCastInference

===========================================================================================
----------------- testing Mon Sep 02 05:41:01 UTC 2019 /home/travis/build/icyphy/ptII/ptolemy/actor/lib/test/auto/expressionCastInference2.xml
----------------- Instantiating /home/travis/build/icyphy/ptII/ptolemy/actor/lib/test/auto/expressionCastInference2.xml
2 ms. Memory: 448512K Free: 371305K (83%)
----------------- Invoking toplevel() on ptolemy.moml.MoMLSimpleApplication@471cd604
----------------- Done invoking toplevel() on ptolemy.moml.MoMLSimpleApplication@471cd604
reloadAllAccessors: .expressionCastInference2

===========================================================================================
----------------- testing Mon Sep 02 05:41:01 UTC 2019 /home/travis/build/icyphy/ptII/ptolemy/actor/lib/test/auto/expressionInference.xml
----------------- Instantiating /home/travis/build/icyphy/ptII/ptolemy/actor/lib/test/auto/expressionInference.xml
1 ms. Memory: 448512K Free: 367209K (82%)
----------------- Invoking toplevel() on ptolemy.moml.MoMLSimpleApplication@d58dbb6
----------------- Done invoking toplevel() on ptolemy.moml.MoMLSimpleApplication@d58dbb6
reloadAllAccessors: .expressionInference

===========================================================================================
----------------- testing Mon Sep 02 05:41:01 UTC 2019 /home/travis/build/icyphy/ptII/ptolemy/actor/lib/test/auto/expression_bug.xml
----------------- Instantiating /home/travis/build/icyphy/ptII/ptolemy/actor/lib/test/auto/expression_bug.xml
2 ms. Memory: 448512K Free: 362089K (81%)
----------------- Invoking toplevel() on ptolemy.moml.MoMLSimpleApplication@7285992d
----------------- Done invoking toplevel() on ptolemy.moml.MoMLSimpleApplication@7285992d
reloadAllAccessors: .expression_bug

===========================================================================================
----------------- testing Mon Sep 02 05:41:01 UTC 2019 /home/travis/build/icyphy/ptII/ptolemy/actor/lib/test/auto/factorial.xml
----------------- Instantiating /home/travis/build/icyphy/ptII/ptolemy/actor/lib/test/auto/factorial.xml
51 ms. Memory: 448512K Free: 353897K (79%)
----------------- Invoking toplevel() on ptolemy.moml.MoMLSimpleApplication@560ede5a
----------------- Done invoking toplevel() on ptolemy.moml.MoMLSimpleApplication@560ede5a
reloadAllAccessors: .factorial

===========================================================================================
----------------- testing Mon Sep 02 05:41:01 UTC 2019 /home/travis/build/icyphy/ptII/ptolemy/actor/lib/test/auto/filterTest1.xml
----------------- Instantiating /home/travis/build/icyphy/ptII/ptolemy/actor/lib/test/auto/filterTest1.xml
3 ms. Memory: 448512K Free: 347739K (78%)
----------------- Invoking toplevel() on ptolemy.moml.MoMLSimpleApplication@54058958
----------------- Done invoking toplevel() on ptolemy.moml.MoMLSimpleApplication@54058958
reloadAllAccessors: .filterTest1

===========================================================================================
----------------- testing Mon Sep 02 05:41:01 UTC 2019 /home/travis/build/icyphy/ptII/ptolemy/actor/lib/test/auto/funcApplyInConst.xml
----------------- Instantiating /home/travis/build/icyphy/ptII/ptolemy/actor/lib/test/auto/funcApplyInConst.xml
1 ms. Memory: 448512K Free: 344171K (77%)
----------------- Invoking toplevel() on ptolemy.moml.MoMLSimpleApplication@14144e01
----------------- Done invoking toplevel() on ptolemy.moml.MoMLSimpleApplication@14144e01
reloadAllAccessors: .funcApplyInConst

===========================================================================================
----------------- testing Mon Sep 02 05:41:01 UTC 2019 /home/travis/build/icyphy/ptII/ptolemy/actor/lib/test/auto/funcApplyInExpr.xml
----------------- Instantiating /home/travis/build/icyphy/ptII/ptolemy/actor/lib/test/auto/funcApplyInExpr.xml
2 ms. Memory: 448512K Free: 340075K (76%)
----------------- Invoking toplevel() on ptolemy.moml.MoMLSimpleApplication@5b0276d4
----------------- Done invoking toplevel() on ptolemy.moml.MoMLSimpleApplication@5b0276d4
reloadAllAccessors: .funcApplyInExpr

===========================================================================================
----------------- testing Mon Sep 02 05:41:01 UTC 2019 /home/travis/build/icyphy/ptII/ptolemy/actor/lib/test/auto/function.xml
----------------- Instantiating /home/travis/build/icyphy/ptII/ptolemy/actor/lib/test/auto/function.xml
2 ms. Memory: 448512K Free: 335465K (75%)
----------------- Invoking toplevel() on ptolemy.moml.MoMLSimpleApplication@2f41cfa9
----------------- Done invoking toplevel() on ptolemy.moml.MoMLSimpleApplication@2f41cfa9
reloadAllAccessors: .function

===========================================================================================
----------------- testing Mon Sep 02 05:41:01 UTC 2019 /home/travis/build/icyphy/ptII/ptolemy/actor/lib/test/auto/function2.xml
----------------- Instantiating /home/travis/build/icyphy/ptII/ptolemy/actor/lib/test/auto/function2.xml
3 ms. Memory: 448512K Free: 330859K (74%)
----------------- Invoking toplevel() on ptolemy.moml.MoMLSimpleApplication@604f80f8
----------------- Done invoking toplevel() on ptolemy.moml.MoMLSimpleApplication@604f80f8
reloadAllAccessors: .function2

===========================================================================================
----------------- testing Mon Sep 02 05:41:01 UTC 2019 /home/travis/build/icyphy/ptII/ptolemy/actor/lib/test/auto/function3.xml
----------------- Instantiating /home/travis/build/icyphy/ptII/ptolemy/actor/lib/test/auto/function3.xml
1 ms. Memory: 448512K Free: 326763K (73%)
----------------- Invoking toplevel() on ptolemy.moml.MoMLSimpleApplication@313475c9
----------------- Done invoking toplevel() on ptolemy.moml.MoMLSimpleApplication@313475c9
reloadAllAccessors: .function3

===========================================================================================
----------------- testing Mon Sep 02 05:41:01 UTC 2019 /home/travis/build/icyphy/ptII/ptolemy/actor/lib/test/auto/functionClosureTest1.xml
----------------- Instantiating /home/travis/build/icyphy/ptII/ptolemy/actor/lib/test/auto/functionClosureTest1.xml
2 ms. Memory: 448512K Free: 321129K (72%)
----------------- Invoking toplevel() on ptolemy.moml.MoMLSimpleApplication@59ba4d6
----------------- Done invoking toplevel() on ptolemy.moml.MoMLSimpleApplication@59ba4d6
reloadAllAccessors: .functionClosureTest1

===========================================================================================
----------------- testing Mon Sep 02 05:41:01 UTC 2019 /home/travis/build/icyphy/ptII/ptolemy/actor/lib/test/auto/functionClosureTest2.xml
----------------- Instantiating /home/travis/build/icyphy/ptII/ptolemy/actor/lib/test/auto/functionClosureTest2.xml
1 ms. Memory: 448512K Free: 317033K (71%)
----------------- Invoking toplevel() on ptolemy.moml.MoMLSimpleApplication@ac0ab62
----------------- Done invoking toplevel() on ptolemy.moml.MoMLSimpleApplication@ac0ab62
reloadAllAccessors: .functionClosureTest2

===========================================================================================
----------------- testing Mon Sep 02 05:41:01 UTC 2019 /home/travis/build/icyphy/ptII/ptolemy/actor/lib/test/auto/functionClosureTest3.xml
----------------- Instantiating /home/travis/build/icyphy/ptII/ptolemy/actor/lib/test/auto/functionClosureTest3.xml
2 ms. Memory: 448512K Free: 311899K (70%)
----------------- Invoking toplevel() on ptolemy.moml.MoMLSimpleApplication@2f0e9695
----------------- Done invoking toplevel() on ptolemy.moml.MoMLSimpleApplication@2f0e9695
reloadAllAccessors: .functionClosureTest3

===========================================================================================
----------------- testing Mon Sep 02 05:41:01 UTC 2019 /home/travis/build/icyphy/ptII/ptolemy/actor/lib/test/auto/functionClosureTest4.xml
----------------- Instantiating /home/travis/build/icyphy/ptII/ptolemy/actor/lib/test/auto/functionClosureTest4.xml
4 ms. Memory: 448512K Free: 305259K (68%)
----------------- Invoking toplevel() on ptolemy.moml.MoMLSimpleApplication@1bf24513
----------------- Done invoking toplevel() on ptolemy.moml.MoMLSimpleApplication@1bf24513
reloadAllAccessors: .functionClosureTest4

===========================================================================================
----------------- testing Mon Sep 02 05:41:01 UTC 2019 /home/travis/build/icyphy/ptII/ptolemy/actor/lib/test/auto/functionClosureTest5.xml
----------------- Instantiating /home/travis/build/icyphy/ptII/ptolemy/actor/lib/test/auto/functionClosureTest5.xml
3 ms. Memory: 448512K Free: 300139K (67%)
----------------- Invoking toplevel() on ptolemy.moml.MoMLSimpleApplication@46f089ce
----------------- Done invoking toplevel() on ptolemy.moml.MoMLSimpleApplication@46f089ce
reloadAllAccessors: .functionClosureTest5

===========================================================================================
----------------- testing Mon Sep 02 05:41:01 UTC 2019 /home/travis/build/icyphy/ptII/ptolemy/actor/lib/test/auto/functionClosureTest6.xml
----------------- Instantiating /home/travis/build/icyphy/ptII/ptolemy/actor/lib/test/auto/functionClosureTest6.xml
1 ms. Memory: 448512K Free: 295019K (66%)
----------------- Invoking toplevel() on ptolemy.moml.MoMLSimpleApplication@75c1cd90
----------------- Done invoking toplevel() on ptolemy.moml.MoMLSimpleApplication@75c1cd90
reloadAllAccessors: .functionClosureTest6

===========================================================================================
----------------- testing Mon Sep 02 05:41:01 UTC 2019 /home/travis/build/icyphy/ptII/ptolemy/actor/lib/test/auto/functionsOnArcs.xml
----------------- Instantiating /home/travis/build/icyphy/ptII/ptolemy/actor/lib/test/auto/functionsOnArcs.xml
4 ms. Memory: 448512K Free: 289899K (65%)
----------------- Invoking toplevel() on ptolemy.moml.MoMLSimpleApplication@5dd98aae
----------------- Done invoking toplevel() on ptolemy.moml.MoMLSimpleApplication@5dd98aae
reloadAllAccessors: .functionsOnArcs

===========================================================================================
----------------- testing Mon Sep 02 05:41:01 UTC 2019 /home/travis/build/icyphy/ptII/ptolemy/actor/lib/test/auto/functionsOnArcsHOF.xml
----------------- Instantiating /home/travis/build/icyphy/ptII/ptolemy/actor/lib/test/auto/functionsOnArcsHOF.xml
4 ms. Memory: 448512K Free: 283755K (63%)
----------------- Invoking toplevel() on ptolemy.moml.MoMLSimpleApplication@420ebb63
----------------- Done invoking toplevel() on ptolemy.moml.MoMLSimpleApplication@420ebb63
reloadAllAccessors: .functionsOnArcsHOF

===========================================================================================
----------------- testing Mon Sep 02 05:41:01 UTC 2019 /home/travis/build/icyphy/ptII/ptolemy/actor/lib/test/auto/logic.xml
----------------- Instantiating /home/travis/build/icyphy/ptII/ptolemy/actor/lib/test/auto/logic.xml
2 ms. Memory: 448512K Free: 276587K (62%)
----------------- Invoking toplevel() on ptolemy.moml.MoMLSimpleApplication@738dcaf5
----------------- Done invoking toplevel() on ptolemy.moml.MoMLSimpleApplication@738dcaf5
reloadAllAccessors: .logic

===========================================================================================
----------------- testing Mon Sep 02 05:41:01 UTC 2019 /home/travis/build/icyphy/ptII/ptolemy/actor/lib/test/auto/matrixType.xml
----------------- Instantiating /home/travis/build/icyphy/ptII/ptolemy/actor/lib/test/auto/matrixType.xml
1 ms. Memory: 448512K Free: 270953K (60%)
----------------- Invoking toplevel() on ptolemy.moml.MoMLSimpleApplication@245fc506
----------------- Done invoking toplevel() on ptolemy.moml.MoMLSimpleApplication@245fc506
reloadAllAccessors: .matrixType

===========================================================================================
----------------- testing Mon Sep 02 05:41:01 UTC 2019 /home/travis/build/icyphy/ptII/ptolemy/actor/lib/test/auto/matrixType10.xml
----------------- Instantiating /home/travis/build/icyphy/ptII/ptolemy/actor/lib/test/auto/matrixType10.xml
2 ms. Memory: 448512K Free: 266347K (59%)
----------------- Invoking toplevel() on ptolemy.moml.MoMLSimpleApplication@3ad84572
----------------- Done invoking toplevel() on ptolemy.moml.MoMLSimpleApplication@3ad84572
reloadAllAccessors: .matrixType10

===========================================================================================
----------------- testing Mon Sep 02 05:41:01 UTC 2019 /home/travis/build/icyphy/ptII/ptolemy/actor/lib/test/auto/matrixType11.xml
----------------- Instantiating /home/travis/build/icyphy/ptII/ptolemy/actor/lib/test/auto/matrixType11.xml
4 ms. Memory: 448512K Free: 261227K (58%)
----------------- Invoking toplevel() on ptolemy.moml.MoMLSimpleApplication@150c136c
----------------- Done invoking toplevel() on ptolemy.moml.MoMLSimpleApplication@150c136c
reloadAllAccessors: .matrixType11

===========================================================================================
----------------- testing Mon Sep 02 05:41:01 UTC 2019 /home/travis/build/icyphy/ptII/ptolemy/actor/lib/test/auto/matrixType12.xml
----------------- Instantiating /home/travis/build/icyphy/ptII/ptolemy/actor/lib/test/auto/matrixType12.xml
1 ms. Memory: 448512K Free: 256617K (57%)
----------------- Invoking toplevel() on ptolemy.moml.MoMLSimpleApplication@174bbb5d
----------------- Done invoking toplevel() on ptolemy.moml.MoMLSimpleApplication@174bbb5d
reloadAllAccessors: .matrixType12

===========================================================================================
----------------- testing Mon Sep 02 05:41:01 UTC 2019 /home/travis/build/icyphy/ptII/ptolemy/actor/lib/test/auto/matrixType13.xml
----------------- Instantiating /home/travis/build/icyphy/ptII/ptolemy/actor/lib/test/auto/matrixType13.xml
1 ms. Memory: 448512K Free: 251497K (56%)
----------------- Invoking toplevel() on ptolemy.moml.MoMLSimpleApplication@5feb8c0f
----------------- Done invoking toplevel() on ptolemy.moml.MoMLSimpleApplication@5feb8c0f
reloadAllAccessors: .matrixType13

===========================================================================================
----------------- testing Mon Sep 02 05:41:01 UTC 2019 /home/travis/build/icyphy/ptII/ptolemy/actor/lib/test/auto/matrixType14.xml
----------------- Instantiating /home/travis/build/icyphy/ptII/ptolemy/actor/lib/test/auto/matrixType14.xml
1 ms. Memory: 448512K Free: 246363K (55%)
----------------- Invoking toplevel() on ptolemy.moml.MoMLSimpleApplication@467b9d4d
----------------- Done invoking toplevel() on ptolemy.moml.MoMLSimpleApplication@467b9d4d
reloadAllAccessors: .matrixType14

===========================================================================================
----------------- testing Mon Sep 02 05:41:01 UTC 2019 /home/travis/build/icyphy/ptII/ptolemy/actor/lib/test/auto/matrixType2.xml
----------------- Instantiating /home/travis/build/icyphy/ptII/ptolemy/actor/lib/test/auto/matrixType2.xml
1 ms. Memory: 448512K Free: 241257K (54%)
----------------- Invoking toplevel() on ptolemy.moml.MoMLSimpleApplication@2a6af121
----------------- Done invoking toplevel() on ptolemy.moml.MoMLSimpleApplication@2a6af121
reloadAllAccessors: .matrixType2

===========================================================================================
----------------- testing Mon Sep 02 05:41:01 UTC 2019 /home/travis/build/icyphy/ptII/ptolemy/actor/lib/test/auto/matrixType3.xml
----------------- Instantiating /home/travis/build/icyphy/ptII/ptolemy/actor/lib/test/auto/matrixType3.xml
1 ms. Memory: 448512K Free: 236651K (53%)
----------------- Invoking toplevel() on ptolemy.moml.MoMLSimpleApplication@aeb1cea
----------------- Done invoking toplevel() on ptolemy.moml.MoMLSimpleApplication@aeb1cea
reloadAllAccessors: .matrixType3

===========================================================================================
----------------- testing Mon Sep 02 05:41:01 UTC 2019 /home/travis/build/icyphy/ptII/ptolemy/actor/lib/test/auto/matrixType4.xml
----------------- Instantiating /home/travis/build/icyphy/ptII/ptolemy/actor/lib/test/auto/matrixType4.xml
1 ms. Memory: 448512K Free: 231531K (52%)
----------------- Invoking toplevel() on ptolemy.moml.MoMLSimpleApplication@3449d81a
----------------- Done invoking toplevel() on ptolemy.moml.MoMLSimpleApplication@3449d81a
reloadAllAccessors: .matrixType4

===========================================================================================
----------------- testing Mon Sep 02 05:41:01 UTC 2019 /home/travis/build/icyphy/ptII/ptolemy/actor/lib/test/auto/matrixType5.xml
----------------- Instantiating /home/travis/build/icyphy/ptII/ptolemy/actor/lib/test/auto/matrixType5.xml
1 ms. Memory: 448512K Free: 226921K (51%)
----------------- Invoking toplevel() on ptolemy.moml.MoMLSimpleApplication@3af79758
----------------- Done invoking toplevel() on ptolemy.moml.MoMLSimpleApplication@3af79758
reloadAllAccessors: .matrixType5

===========================================================================================
----------------- testing Mon Sep 02 05:41:01 UTC 2019 /home/travis/build/icyphy/ptII/ptolemy/actor/lib/test/auto/matrixType6.xml
----------------- Instantiating /home/travis/build/icyphy/ptII/ptolemy/actor/lib/test/auto/matrixType6.xml
2 ms. Memory: 448512K Free: 221801K (49%)
----------------- Invoking toplevel() on ptolemy.moml.MoMLSimpleApplication@741a51b0
----------------- Done invoking toplevel() on ptolemy.moml.MoMLSimpleApplication@741a51b0
reloadAllAccessors: .matrixType6

===========================================================================================
----------------- testing Mon Sep 02 05:41:01 UTC 2019 /home/travis/build/icyphy/ptII/ptolemy/actor/lib/test/auto/matrixType7.xml
----------------- Instantiating /home/travis/build/icyphy/ptII/ptolemy/actor/lib/test/auto/matrixType7.xml
1 ms. Memory: 448512K Free: 217195K (48%)
----------------- Invoking toplevel() on ptolemy.moml.MoMLSimpleApplication@40f7fc14
----------------- Done invoking toplevel() on ptolemy.moml.MoMLSimpleApplication@40f7fc14
reloadAllAccessors: .matrixType7

===========================================================================================
----------------- testing Mon Sep 02 05:41:01 UTC 2019 /home/travis/build/icyphy/ptII/ptolemy/actor/lib/test/auto/matrixType8.xml
----------------- Instantiating /home/travis/build/icyphy/ptII/ptolemy/actor/lib/test/auto/matrixType8.xml
1 ms. Memory: 448512K Free: 212075K (47%)
----------------- Invoking toplevel() on ptolemy.moml.MoMLSimpleApplication@5a579e99
----------------- Done invoking toplevel() on ptolemy.moml.MoMLSimpleApplication@5a579e99
reloadAllAccessors: .matrixType8

===========================================================================================
----------------- testing Mon Sep 02 05:41:01 UTC 2019 /home/travis/build/icyphy/ptII/ptolemy/actor/lib/test/auto/matrixType9.xml
----------------- Instantiating /home/travis/build/icyphy/ptII/ptolemy/actor/lib/test/auto/matrixType9.xml
2 ms. Memory: 448512K Free: 207465K (46%)
----------------- Invoking toplevel() on ptolemy.moml.MoMLSimpleApplication@680b568b
----------------- Done invoking toplevel() on ptolemy.moml.MoMLSimpleApplication@680b568b
reloadAllAccessors: .matrixType9

===========================================================================================
----------------- testing Mon Sep 02 05:41:01 UTC 2019 /home/travis/build/icyphy/ptII/ptolemy/actor/lib/test/auto/paraFunctest.xml
----------------- Instantiating /home/travis/build/icyphy/ptII/ptolemy/actor/lib/test/auto/paraFunctest.xml
2 ms. Memory: 448512K Free: 202859K (45%)
----------------- Invoking toplevel() on ptolemy.moml.MoMLSimpleApplication@57ecb4ec
----------------- Done invoking toplevel() on ptolemy.moml.MoMLSimpleApplication@57ecb4ec
reloadAllAccessors: .paraFunctest

===========================================================================================
----------------- testing Mon Sep 02 05:41:01 UTC 2019 /home/travis/build/icyphy/ptII/ptolemy/actor/lib/test/auto/paraFunctest2.xml
----------------- Instantiating /home/travis/build/icyphy/ptII/ptolemy/actor/lib/test/auto/paraFunctest2.xml
2 ms. Memory: 448512K Free: 199273K (44%)
----------------- Invoking toplevel() on ptolemy.moml.MoMLSimpleApplication@7fe71813
----------------- Done invoking toplevel() on ptolemy.moml.MoMLSimpleApplication@7fe71813
reloadAllAccessors: .paraFunctest2

===========================================================================================
----------------- testing Mon Sep 02 05:41:02 UTC 2019 /home/travis/build/icyphy/ptII/ptolemy/actor/lib/test/auto/parameterPassing.xml
----------------- Instantiating /home/travis/build/icyphy/ptII/ptolemy/actor/lib/test/auto/parameterPassing.xml
1 ms. Memory: 448512K Free: 194667K (43%)
----------------- Invoking toplevel() on ptolemy.moml.MoMLSimpleApplication@3467fafc
----------------- Done invoking toplevel() on ptolemy.moml.MoMLSimpleApplication@3467fafc
reloadAllAccessors: .parameterPassing

===========================================================================================
----------------- testing Mon Sep 02 05:41:02 UTC 2019 /home/travis/build/icyphy/ptII/ptolemy/actor/lib/test/auto/record.xml
----------------- Instantiating /home/travis/build/icyphy/ptII/ptolemy/actor/lib/test/auto/record.xml
2 ms. Memory: 448512K Free: 190057K (42%)
----------------- Invoking toplevel() on ptolemy.moml.MoMLSimpleApplication@58f66a7f
----------------- Done invoking toplevel() on ptolemy.moml.MoMLSimpleApplication@58f66a7f
reloadAllAccessors: .record

===========================================================================================
----------------- testing Mon Sep 02 05:41:02 UTC 2019 /home/travis/build/icyphy/ptII/ptolemy/actor/lib/test/auto/sizedarray1.xml
----------------- Instantiating /home/travis/build/icyphy/ptII/ptolemy/actor/lib/test/auto/sizedarray1.xml
1 ms. Memory: 448512K Free: 184427K (41%)
----------------- Invoking toplevel() on ptolemy.moml.MoMLSimpleApplication@70fd6fd1
----------------- Done invoking toplevel() on ptolemy.moml.MoMLSimpleApplication@70fd6fd1
reloadAllAccessors: .sizedarray1

===========================================================================================
----------------- testing Mon Sep 02 05:41:02 UTC 2019 /home/travis/build/icyphy/ptII/ptolemy/actor/lib/test/auto/sizedarray2.xml
----------------- Instantiating /home/travis/build/icyphy/ptII/ptolemy/actor/lib/test/auto/sizedarray2.xml
2 ms. Memory: 448512K Free: 178793K (40%)
----------------- Invoking toplevel() on ptolemy.moml.MoMLSimpleApplication@27a919c1
----------------- Done invoking toplevel() on ptolemy.moml.MoMLSimpleApplication@27a919c1
reloadAllAccessors: .sizedarray2

===========================================================================================
----------------- testing Mon Sep 02 05:41:02 UTC 2019 /home/travis/build/icyphy/ptII/ptolemy/actor/lib/test/auto/twoPublishers.xml
----------------- Instantiating /home/travis/build/icyphy/ptII/ptolemy/actor/lib/test/auto/twoPublishers.xml
6 ms. Memory: 448512K Free: 168553K (38%)
----------------- Invoking toplevel() on ptolemy.moml.MoMLSimpleApplication@a41b7e9
----------------- Done invoking toplevel() on ptolemy.moml.MoMLSimpleApplication@a41b7e9
reloadAllAccessors: .twoPublishers
AutoTests.java: About to close Vertx.
AutoTests.java: Vertx closed.
]]></system-out>
  <system-err><![CDATA[java.lang.RuntimeException: Execution failed
	at ptolemy.moml.MoMLSimpleApplication$UnloadThread.run(MoMLSimpleApplication.java:402)
Caused by: java.lang.RuntimeException: StringUtilities.exit() was called. Normally, we would exit here because Manager.exitAfterWrapup() was called.  However, because the ptolemy.ptII.exitAfterWrapup property is set, we throw this exception instead.
	at ptolemy.util.StringUtilities.exit(StringUtilities.java:365)
	at ptolemy.actor.Manager.wrapup(Manager.java:1549)
	at ptolemy.actor.Manager.execute(Manager.java:407)
	at ptolemy.actor.Manager.run(Manager.java:1263)
	at ptolemy.actor.Manager$PtolemyRunThread.run(Manager.java:1933)
Warning: '.top.test' is in training mode, set the trainingMode parameter to false before checking in
Warning: '.top.test' is in training mode, set the trainingMode parameter to false before checking in
Warning: '.top.test' is in training mode, set the trainingMode parameter to false before checking in
Warning: '.BooleanSwitch_RegressionTest_WrongTrainingValues.Test' is in training mode, set the trainingMode parameter to false before checking in
Warning: '.BooleanSwitch_RegressionTest_WrongTrainingValues.Test2' is in training mode, set the trainingMode parameter to false before checking in
Warning: '.BooleanSwitch_RegressionTest_WrongTrainingValues.Test2' The test produced 0 tokens.
Warning: '.top.testExceptionHandler' is in training mode, set the trainingMode parameter to false before checking in
java.lang.RuntimeException: Execution failed
	at ptolemy.moml.MoMLSimpleApplication$UnloadThread.run(MoMLSimpleApplication.java:402)
Caused by: ptolemy.kernel.util.IllegalActionException: PublisherPorts cannot be used at the top level, use a Publisher actor instead.
  in .PublisherPortToplevelSubscriber.PublisherPort
	at ptolemy.actor.PublisherPort.preinitialize(PublisherPort.java:403)
	at ptolemy.actor.CompositeActor.preinitialize(CompositeActor.java:1769)
	at ptolemy.actor.Manager.preinitializeAndResolveTypes(Manager.java:1040)
	at ptolemy.actor.Manager.initialize(Manager.java:710)
	at ptolemy.actor.Manager.execute(Manager.java:356)
	at ptolemy.actor.Manager.run(Manager.java:1263)
	at ptolemy.actor.Manager$PtolemyRunThread.run(Manager.java:1933)
java.lang.reflect.InvocationTargetException
	at java.base/jdk.internal.reflect.NativeConstructorAccessorImpl.newInstance0(Native Method)
	at java.base/jdk.internal.reflect.NativeConstructorAccessorImpl.newInstance(NativeConstructorAccessorImpl.java:62)
	at java.base/jdk.internal.reflect.DelegatingConstructorAccessorImpl.newInstance(DelegatingConstructorAccessorImpl.java:45)
	at java.base/java.lang.reflect.Constructor.newInstance(Constructor.java:490)
	at ptolemy.util.test.junit.AutoKnownFailedTests.RunModel(AutoKnownFailedTests.java:105)
	at java.base/jdk.internal.reflect.NativeMethodAccessorImpl.invoke0(Native Method)
	at java.base/jdk.internal.reflect.NativeMethodAccessorImpl.invoke(NativeMethodAccessorImpl.java:62)
	at java.base/jdk.internal.reflect.DelegatingMethodAccessorImpl.invoke(DelegatingMethodAccessorImpl.java:43)
	at java.base/java.lang.reflect.Method.invoke(Method.java:566)
	at org.junit.runners.model.FrameworkMethod$1.runReflectiveCall(FrameworkMethod.java:44)
	at org.junit.internal.runners.model.ReflectiveCallable.run(ReflectiveCallable.java:15)
	at org.junit.runners.model.FrameworkMethod.invokeExplosively(FrameworkMethod.java:41)
	at junitparams.internal.InvokeParameterisedMethod.evaluate(InvokeParameterisedMethod.java:102)
	at org.junit.internal.runners.statements.FailOnTimeout$1.run(FailOnTimeout.java:28)
Caused by: ptolemy.kernel.util.IllegalActionException: PublisherPorts cannot be used at the top level, use a Publisher actor instead.
  in .PublisherPortToplevelSubscriber.PublisherPort
	at ptolemy.actor.PublisherPort.preinitialize(PublisherPort.java:403)
	at ptolemy.actor.CompositeActor.preinitialize(CompositeActor.java:1769)
	at ptolemy.actor.Manager.preinitializeAndResolveTypes(Manager.java:1040)
	at ptolemy.actor.Manager.initialize(Manager.java:710)
	at ptolemy.actor.Manager.execute(Manager.java:356)
	at ptolemy.actor.Manager.run(Manager.java:1263)
	at ptolemy.actor.Manager$PtolemyRunThread.run(Manager.java:1933)
java.lang.RuntimeException: Execution failed
	at ptolemy.moml.MoMLSimpleApplication$UnloadThread.run(MoMLSimpleApplication.java:402)
Caused by: ptolemy.kernel.util.IllegalActionException: SubscriberPorts cannot be used at the top level, use a Subscriber actor instead.
  in .PublisherSubscriberPortToplevel.SubscriberPort
	at ptolemy.actor.SubscriberPort.preinitialize(SubscriberPort.java:328)
	at ptolemy.actor.CompositeActor.preinitialize(CompositeActor.java:1769)
	at ptolemy.actor.Manager.preinitializeAndResolveTypes(Manager.java:1040)
	at ptolemy.actor.Manager.initialize(Manager.java:710)
	at ptolemy.actor.Manager.execute(Manager.java:356)
	at ptolemy.actor.Manager.run(Manager.java:1263)
	at ptolemy.actor.Manager$PtolemyRunThread.run(Manager.java:1933)
java.lang.reflect.InvocationTargetException
	at java.base/jdk.internal.reflect.NativeConstructorAccessorImpl.newInstance0(Native Method)
	at java.base/jdk.internal.reflect.NativeConstructorAccessorImpl.newInstance(NativeConstructorAccessorImpl.java:62)
	at java.base/jdk.internal.reflect.DelegatingConstructorAccessorImpl.newInstance(DelegatingConstructorAccessorImpl.java:45)
	at java.base/java.lang.reflect.Constructor.newInstance(Constructor.java:490)
	at ptolemy.util.test.junit.AutoKnownFailedTests.RunModel(AutoKnownFailedTests.java:105)
	at java.base/jdk.internal.reflect.NativeMethodAccessorImpl.invoke0(Native Method)
	at java.base/jdk.internal.reflect.NativeMethodAccessorImpl.invoke(NativeMethodAccessorImpl.java:62)
	at java.base/jdk.internal.reflect.DelegatingMethodAccessorImpl.invoke(DelegatingMethodAccessorImpl.java:43)
	at java.base/java.lang.reflect.Method.invoke(Method.java:566)
	at org.junit.runners.model.FrameworkMethod$1.runReflectiveCall(FrameworkMethod.java:44)
	at org.junit.internal.runners.model.ReflectiveCallable.run(ReflectiveCallable.java:15)
	at org.junit.runners.model.FrameworkMethod.invokeExplosively(FrameworkMethod.java:41)
	at junitparams.internal.InvokeParameterisedMethod.evaluate(InvokeParameterisedMethod.java:102)
	at org.junit.internal.runners.statements.FailOnTimeout$1.run(FailOnTimeout.java:28)
Caused by: ptolemy.kernel.util.IllegalActionException: SubscriberPorts cannot be used at the top level, use a Subscriber actor instead.
  in .PublisherSubscriberPortToplevel.SubscriberPort
	at ptolemy.actor.SubscriberPort.preinitialize(SubscriberPort.java:328)
	at ptolemy.actor.CompositeActor.preinitialize(CompositeActor.java:1769)
	at ptolemy.actor.Manager.preinitializeAndResolveTypes(Manager.java:1040)
	at ptolemy.actor.Manager.initialize(Manager.java:710)
	at ptolemy.actor.Manager.execute(Manager.java:356)
	at ptolemy.actor.Manager.run(Manager.java:1263)
	at ptolemy.actor.Manager$PtolemyRunThread.run(Manager.java:1933)
java.lang.RuntimeException: Execution failed
	at ptolemy.moml.MoMLSimpleApplication$UnloadThread.run(MoMLSimpleApplication.java:402)
Caused by: ptolemy.kernel.util.IllegalActionException: SubscriptionAggregatorPorts cannot be used at the top level, use a SubscriptionAggregator actor instead.
  in .PublisherSubscriptionAggregatorPort.SubscriptionAggregatorPort
	at ptolemy.actor.SubscriptionAggregatorPort.preinitialize(SubscriptionAggregatorPort.java:353)
	at ptolemy.actor.CompositeActor.preinitialize(CompositeActor.java:1769)
	at ptolemy.actor.Manager.preinitializeAndResolveTypes(Manager.java:1040)
	at ptolemy.actor.Manager.initialize(Manager.java:710)
	at ptolemy.actor.Manager.execute(Manager.java:356)
	at ptolemy.actor.Manager.run(Manager.java:1263)
	at ptolemy.actor.Manager$PtolemyRunThread.run(Manager.java:1933)
java.lang.reflect.InvocationTargetException
	at java.base/jdk.internal.reflect.NativeConstructorAccessorImpl.newInstance0(Native Method)
	at java.base/jdk.internal.reflect.NativeConstructorAccessorImpl.newInstance(NativeConstructorAccessorImpl.java:62)
	at java.base/jdk.internal.reflect.DelegatingConstructorAccessorImpl.newInstance(DelegatingConstructorAccessorImpl.java:45)
	at java.base/java.lang.reflect.Constructor.newInstance(Constructor.java:490)
	at ptolemy.util.test.junit.AutoKnownFailedTests.RunModel(AutoKnownFailedTests.java:105)
	at java.base/jdk.internal.reflect.NativeMethodAccessorImpl.invoke0(Native Method)
	at java.base/jdk.internal.reflect.NativeMethodAccessorImpl.invoke(NativeMethodAccessorImpl.java:62)
	at java.base/jdk.internal.reflect.DelegatingMethodAccessorImpl.invoke(DelegatingMethodAccessorImpl.java:43)
	at java.base/java.lang.reflect.Method.invoke(Method.java:566)
	at org.junit.runners.model.FrameworkMethod$1.runReflectiveCall(FrameworkMethod.java:44)
	at org.junit.internal.runners.model.ReflectiveCallable.run(ReflectiveCallable.java:15)
	at org.junit.runners.model.FrameworkMethod.invokeExplosively(FrameworkMethod.java:41)
	at junitparams.internal.InvokeParameterisedMethod.evaluate(InvokeParameterisedMethod.java:102)
	at org.junit.internal.runners.statements.FailOnTimeout$1.run(FailOnTimeout.java:28)
Caused by: ptolemy.kernel.util.IllegalActionException: SubscriptionAggregatorPorts cannot be used at the top level, use a SubscriptionAggregator actor instead.
  in .PublisherSubscriptionAggregatorPort.SubscriptionAggregatorPort
	at ptolemy.actor.SubscriptionAggregatorPort.preinitialize(SubscriptionAggregatorPort.java:353)
	at ptolemy.actor.CompositeActor.preinitialize(CompositeActor.java:1769)
	at ptolemy.actor.Manager.preinitializeAndResolveTypes(Manager.java:1040)
	at ptolemy.actor.Manager.initialize(Manager.java:710)
	at ptolemy.actor.Manager.execute(Manager.java:356)
	at ptolemy.actor.Manager.run(Manager.java:1263)
	at ptolemy.actor.Manager$PtolemyRunThread.run(Manager.java:1933)
java.lang.RuntimeException: Execution failed
	at ptolemy.moml.MoMLSimpleApplication$UnloadThread.run(MoMLSimpleApplication.java:402)
Caused by: ptolemy.kernel.util.IllegalActionException: TypeTest actor has no training data.
  in .sizedarray3.TypeTest
	at ptolemy.actor.lib.TypeTest.initialize(TypeTest.java:250)
	at ptolemy.actor.Director.initialize(Director.java:938)
	at ptolemy.actor.Director.initialize(Director.java:907)
	at ptolemy.actor.sched.StaticSchedulingDirector.initialize(StaticSchedulingDirector.java:159)
	at ptolemy.domains.sdf.kernel.SDFDirector.initialize(SDFDirector.java:544)
	at ptolemy.actor.CompositeActor.initialize(CompositeActor.java:935)
	at ptolemy.actor.Manager.initialize(Manager.java:724)
	at ptolemy.actor.Manager.execute(Manager.java:356)
	at ptolemy.actor.Manager.run(Manager.java:1263)
	at ptolemy.actor.Manager$PtolemyRunThread.run(Manager.java:1933)
java.lang.reflect.InvocationTargetException
	at java.base/jdk.internal.reflect.NativeConstructorAccessorImpl.newInstance0(Native Method)
	at java.base/jdk.internal.reflect.NativeConstructorAccessorImpl.newInstance(NativeConstructorAccessorImpl.java:62)
	at java.base/jdk.internal.reflect.DelegatingConstructorAccessorImpl.newInstance(DelegatingConstructorAccessorImpl.java:45)
	at java.base/java.lang.reflect.Constructor.newInstance(Constructor.java:490)
	at ptolemy.util.test.junit.AutoKnownFailedTests.RunModel(AutoKnownFailedTests.java:105)
	at java.base/jdk.internal.reflect.NativeMethodAccessorImpl.invoke0(Native Method)
	at java.base/jdk.internal.reflect.NativeMethodAccessorImpl.invoke(NativeMethodAccessorImpl.java:62)
	at java.base/jdk.internal.reflect.DelegatingMethodAccessorImpl.invoke(DelegatingMethodAccessorImpl.java:43)
	at java.base/java.lang.reflect.Method.invoke(Method.java:566)
	at org.junit.runners.model.FrameworkMethod$1.runReflectiveCall(FrameworkMethod.java:44)
	at org.junit.internal.runners.model.ReflectiveCallable.run(ReflectiveCallable.java:15)
	at org.junit.runners.model.FrameworkMethod.invokeExplosively(FrameworkMethod.java:41)
	at junitparams.internal.InvokeParameterisedMethod.evaluate(InvokeParameterisedMethod.java:102)
	at org.junit.internal.runners.statements.FailOnTimeout$1.run(FailOnTimeout.java:28)
Caused by: ptolemy.kernel.util.IllegalActionException: TypeTest actor has no training data.
  in .sizedarray3.TypeTest
	at ptolemy.actor.lib.TypeTest.initialize(TypeTest.java:250)
	at ptolemy.actor.Director.initialize(Director.java:938)
	at ptolemy.actor.Director.initialize(Director.java:907)
	at ptolemy.actor.sched.StaticSchedulingDirector.initialize(StaticSchedulingDirector.java:159)
	at ptolemy.domains.sdf.kernel.SDFDirector.initialize(SDFDirector.java:544)
	at ptolemy.actor.CompositeActor.initialize(CompositeActor.java:935)
	at ptolemy.actor.Manager.initialize(Manager.java:724)
	at ptolemy.actor.Manager.execute(Manager.java:356)
	at ptolemy.actor.Manager.run(Manager.java:1263)
	at ptolemy.actor.Manager$PtolemyRunThread.run(Manager.java:1933)
]]></system-err>
</testsuite>
