<?xml version="1.0" encoding="UTF-8" ?>
<testsuite errors="0" failures="0" hostname="travis-job-299e6834-d6c6-40e6-8ac8-d7ba175ecf38" name="ptolemy.domains.de.test.junit.JUnitTclTest" skipped="0" tests="101" time="123.437" timestamp="2019-04-29T15:15:02">
  <properties>
    <property name="npm.executable" value="npm" />
    <property name="file.encoding.pkg" value="sun.io" />
    <property name="env.TRAVIS_ROOT" value="/" />
    <property name="ptII.mk.exists" value="true" />
    <property name="env.TRAVIS_APP_HOST" value="build.travis-ci.org" />
    <property name="env.rvm_bin_path" value="/home/travis/.rvm/bin" />
    <property name="java.home" value="/usr/lib/jvm/java-8-oracle/jre" />
    <property name="env.TRAVIS_JOB_NUMBER" value="1111.9" />
    <property name="env.TRAVIS_HOME" value="/home/travis" />
    <property name="env.DISPLAY" value=":99.0" />
    <property name="java.net.preferIPv4Stack" value="true" />
    <property name="env.TRAVIS_INIT" value="upstart" />
    <property name="env.SSH_TTY" value="/dev/pts/0" />
    <property name="env.RUN_TESTS" value="true" />
    <property name="timeout.short" value="1000000" />
    <property name="env.TRAVIS_JOB_NAME" value="" />
    <property name="env.TRAVIS_STACK_NODE_ATTRIBUTES" value="/.node-attributes.yml" />
    <property name="junit.formatter" value="xml" />
    <property name="java.endorsed.dirs" value="/usr/lib/jvm/java-8-oracle/jre/lib/endorsed" />
    <property name="env.TRAVIS_SUDO" value="true" />
    <property name="env.LOGNAME" value="travis" />
    <property name="jsdoc.home" value="node_modules/@terraswarm/jsdoc" />
    <property name="debuglevel" value="source,lines,vars" />
    <property name="checkstyle.formatter" value="xml" />
    <property name="bin.vergil.makeable" value="true" />
    <property name="env._system_version" value="14.04" />
    <property name="sun.os.patch.level" value="unknown" />
    <property name="java.vendor.url" value="http://java.oracle.com/" />
    <property name="env.TRAVIS_BUILD_WEB_URL" value="https://travis-ci.org/icyphy/ptII/builds/526007543" />
    <property name="java.version" value="1.8.0_151" />
    <property name="env.TZ" value="UTC" />
    <property name="env.PT_NO_NET" value="true" />
    <property name="env.TRAVIS_PULL_REQUEST_SHA" value="" />
    <property name="env.TRAVIS_SECURE_ENV_VARS" value="true" />
    <property name="env._system_type" value="Linux" />
    <property name="java.vendor.url.bug" value="http://bugreport.sun.com/bugreport/" />
    <property name="env.SSH_CLIENT" value="10.10.4.17 56208 22" />
    <property name="npmjs-org-is-up" value="true" />
    <property name="env.GEM_HOME" value="/home/travis/.rvm/gems/ruby-2.4.1" />
    <property name="env.HAS_ANTARES_THREE_LITTLE_FRONZIES_BADGE" value="true" />
    <property name="env.PS4" value="+" />
    <property name="ant.project.invoked-targets" value="build,test.core2.xml" />
    <property name="env.TRAVIS_PULL_REQUEST_BRANCH" value="" />
    <property name="env.TRAVIS_REPO_SLUG" value="icyphy/ptII" />
    <property name="env.TRAVIS_APT_PROXY" value="http://build-cache.travisci.net" />
    <property name="node.in.path" value="true" />
    <property name="java.maxmemory" value="1400m" />
    <property name="env.RUBY_VERSION" value="ruby-2.4.1" />
    <property name="user.name" value="travis" />
    <property name="env.LANG" value="en_US.UTF-8" />
    <property name="sun.io.unicode.encoding" value="UnicodeLittle" />
    <property name="sun.jnu.encoding" value="UTF-8" />
    <property name="java.runtime.name" value="Java(TM) SE Runtime Environment" />
    <property name="usefile" value="false" />
    <property name="return.code" value="0" />
    <property name="junit.single.formatter" value="plain" />
    <property name="env.DYLD_LIBRARY_PATH" value="/home/travis/pthla/certi-tools/lib:" />
    <property name="env.DEBIAN_FRONTEND" value="noninteractive" />
    <property name="env.SSH_CONNECTION" value="10.10.4.17 56208 10.20.4.209 22" />
    <property name="env.MYSQL_UNIX_PORT" value="/var/run/mysqld/mysqld.sock" />
    <property name="env.TRAVIS_ALLOW_FAILURE" value="false" />
    <property name="env.LC_ALL" value="en_US.UTF-8" />
    <property name="env.TRAVIS_JOB_WEB_URL" value="https://travis-ci.org/icyphy/ptII/jobs/526007552" />
    <property name="java.specification.name" value="Java Platform API Specification" />
    <property name="node.works" value="true" />
    <property name="user.timezone" value="" />
    <property name="path.separator" value=":" />
    <property name="env.TRAVIS_ENABLE_INFRA_DETECTION" value="true" />
    <property name="env.PYTHON_CFLAGS" value="-g -fstack-protector --param=ssp-buffer-size=4 -Wformat -Werror=format-security" />
    <property name="timeout.long" value="4000000" />
    <property name="env.CERTI_HOME" value="/home/travis/pthla/certi-tools" />
    <property name="file.encoding" value="UTF-8" />
    <property name="ant.file.ptII" value="/home/travis/build/icyphy/ptII/build.xml" />
    <property name="javadoc.packagenames" value="com.*,diva.*,lbnl.*,org.hlacerti.*,org.json.*,org.ptolemy.*,org.terraswarm.*,ptolemy.*,ptserver.*" />
    <property name="env.TRAVIS_PULL_REQUEST_SLUG" value="" />
    <property name="ant.project.default-target" value="build" />
    <property name="env.GIT_ASKPASS" value="echo" />
    <property name="env.HOME" value="/home/travis" />
    <property name="sun.java.command" value="org.apache.tools.ant.taskdefs.optional.junit.JUnitTestRunner ptolemy.domains.de.test.junit.JUnitTclTest skipNonTests=false filtertrace=true haltOnError=false haltOnFailure=false formatter=org.apache.tools.ant.taskdefs.optional.junit.OutErrSummaryJUnitResultFormatter showoutput=true outputtoformatters=true logfailedtests=true threadid=0 logtestlistenerevents=false formatter=org.apache.tools.ant.taskdefs.optional.junit.XMLJUnitResultFormatter,/home/travis/build/icyphy/ptII/reports/junit/TEST-ptolemy.domains.de.test.junit.JUnitTclTest.xml crashfile=/home/travis/build/icyphy/ptII/junitvmwatcher5788428476088067212.properties propsfile=/home/travis/build/icyphy/ptII/junit5702890360263004656.properties" />
    <property name="env.MANPATH" value="/home/travis/.nvm/versions/node/v7.10.1/share/man:/home/travis/.kiex/elixirs/elixir-1.4.5/man:/home/travis/.rvm/rubies/ruby-2.4.1/share/man:/usr/local/man:/usr/local/cmake-3.9.2/man:/usr/local/clang-5.0.0/share/man:/usr/local/share/man:/usr/share/man:/home/travis/.rvm/man" />
    <property name="env.COMPOSER_NO_INTERACTION" value="1" />
    <property name="env.JDK_SWITCHER_DEFAULT" value="oraclejdk8" />
    <property name="env.TRAVIS_TIMER_ID" value="065d27fc" />
    <property name="ant.file" value="/home/travis/build/icyphy/ptII/build.xml" />
    <property name="env.TRAVIS_COMMIT_RANGE" value="3854cc09261a...3f6146babdcb" />
    <property name="env._system_name" value="Ubuntu" />
    <property name="timeout" value="2400000" />
    <property name="ptII.classpath.optional.property" value="/home/travis/build/icyphy/ptII/lib/bsh-2.0b4.jar:/home/travis/build/icyphy/ptII/lib/ptCal.jar:/home/travis/build/icyphy/ptII/lib/java_cup.jar:/home/travis/build/icyphy/ptII/lib/saxon8.jar:/home/travis/build/icyphy/ptII/lib/saxon8-dom.jar:/home/travis/build/icyphy/ptII/lib/chic.jar:/home/travis/build/icyphy/ptII/lib/ptcolt.jar:/usr/lib/jvm/java-8-oracle/lib/tools.jar:/home/travis/build/icyphy/ptII/vendors/misc/itext/iText.jar:/home/travis/build/icyphy/ptII/lib/g4ltl.jar:/home/travis/build/icyphy/ptII/lib/StructuralCoder.jar:/home/travis/build/icyphy/ptII/vendors/jai-1_1_2_01/lib/jai_core.jar:/home/travis/build/icyphy/ptII/vendors/jai-1_1_2_01/lib/jai_codec.jar:/home/travis/build/icyphy/ptII/lib/jcerti.jar:/home/travis/build/icyphy/ptII/lib/javax.mail.jar:/home/travis/build/icyphy/ptII/vendors/JMF-2.1.1e/lib/jmf.jar:/home/travis/build/icyphy/ptII/lib/jna-4.0.0-variadic.jar:/home/travis/build/icyphy/ptII/vendors/misc/joystick/Joystick.jar:/home/travis/build/icyphy/ptII/lib/ptjacl.jar:/home/travis/build/icyphy/ptII/lib/jsoup-1.8.2.jar:/home/travis/build/icyphy/ptII/lib/junit-4.8.2.jar:/home/travis/build/icyphy/ptII/lib/JUnitParams-0.4.0.jar:/home/travis/build/icyphy/ptII/ptolemy/actor/lib/excel/jxl.jar:/home/travis/build/icyphy/ptII/lib/jython.jar:/home/travis/build/icyphy/ptII/lib/kieler.jar:/home/travis/build/icyphy/ptII/vendors/opencv/share/OpenCV/java/opencv-341.jar:/home/travis/build/icyphy/ptII/lib/oscP5.jar:/home/travis/build/icyphy/ptII/lib/nrjavaserial-3.11.0.devel.jar:/home/travis/build/icyphy/ptII/vendors/j3d/lib/j3dcore.jar:/home/travis/build/icyphy/ptII/vendors/j3d/lib/j3dutils.jar:/home/travis/build/icyphy/ptII/vendors/j3d/lib/vecmath.jar:/home/travis/build/icyphy/ptII/ptolemy/distributed/jini/jar/jini-core.jar:/home/travis/build/icyphy/ptII/ptolemy/distributed/jini/jar/jini-ext.jar:/home/travis/build/icyphy/ptII/ptolemy/distributed/jini/jar/sun-util.jar:/home/travis/build/icyphy/ptII/lib/protobuf-java-2.4.1.jar:/home/travis/build/icyphy/ptII/lib/org.eclipse.paho.client.mqttv3.jar:/home/travis/build/icyphy/ptII/lib/mapss.jar:/home/travis/build/icyphy/ptII/ptolemy/actor/ptalon/antlr/antlr.jar:/home/travis/build/icyphy/ptII/lib/JRI.jar:/home/travis/build/icyphy/ptII/lib/commons-lang-2.6.jar:/home/travis/build/icyphy/ptII/lib/commons-logging-1.1.1.jar:/home/travis/build/icyphy/ptII/lib/sootclasses.jar:/home/travis/build/icyphy/ptII/ptolemy/actor/lib/database/mysql-connector-java-5.1.6-bin.jar:/home/travis/build/icyphy/ptII/vendors/misc/sphinx4/sphinx4-data-5prealpha.jar:/home/travis/build/icyphy/ptII/vendors/misc/sphinx4/sphinx4-core-5prealpha.jar:/home/travis/build/icyphy/ptII/lib/PDFRenderer.jar:/home/travis/build/icyphy/ptII/lib/svgSalamander.jar:/home/travis/build/icyphy/ptII/lib/rsyntaxtextarea-2.6.0-SNAPSHOT.jar:/home/travis/build/icyphy/ptII/lib/hazelcast-3.8.2.jar:/home/travis/build/icyphy/ptII/lib/jackson-annotations-2.9.0.jar:/home/travis/build/icyphy/ptII/lib/jackson-core-2.9.3.jar:/home/travis/build/icyphy/ptII/lib/jackson-databind-2.9.3.jar:/home/travis/build/icyphy/ptII/lib/netty-buffer-4.1.19.Final.jar:/home/travis/build/icyphy/ptII/lib/netty-codec-4.1.19.Final.jar:/home/travis/build/icyphy/ptII/lib/netty-codec-dns-4.1.19.Final.jar:/home/travis/build/icyphy/ptII/lib/netty-codec-http-4.1.19.Final.jar:/home/travis/build/icyphy/ptII/lib/netty-codec-http2-4.1.19.Final.jar:/home/travis/build/icyphy/ptII/lib/netty-common-4.1.19.Final.jar:/home/travis/build/icyphy/ptII/lib/netty-handler-4.1.19.Final.jar:/home/travis/build/icyphy/ptII/lib/netty-resolver-4.1.19.Final.jar:/home/travis/build/icyphy/ptII/lib/netty-resolver-dns-4.1.19.Final.jar:/home/travis/build/icyphy/ptII/lib/netty-transport-4.1.19.Final.jar:/home/travis/build/icyphy/ptII/lib/vertx-codegen-3.5.1.jar:/home/travis/build/icyphy/ptII/lib/vertx-core-3.5.2-SNAPSHOT.jar:/home/travis/build/icyphy/ptII/lib/vertx-hazelcast-3.5.1.jar:/home/travis/build/icyphy/ptII/lib/vertx-lang-js-3.5.1.jar:/home/travis/build/icyphy/ptII/lib/vertx-service-proxy-3.5.1.jar:/home/travis/build/icyphy/ptII/lib/vertx-web-3.5.1.jar:/home/travis/build/icyphy/ptII/lib/slf4j-api-1.7.13.jar:/home/travis/build/icyphy/ptII/lib/slf4j-simple-1.7.13.jar:/home/travis/build/icyphy/ptII/lib/webcam-capture-0.3.12.jar:/home/travis/build/icyphy/ptII/lib/bridj-0.7.0.jar:/home/travis/build/icyphy/ptII/lib/xbjlib-1.1.0.nrjavaserial.jar" />
    <property name="test.batch" value="**/junit/*.java" />
    <property name="env._" value="/usr/bin/timeout" />
    <property name="java.io.tmpdir" value="/tmp" />
    <property name="env.TRAVIS_INTERNAL_RUBY_REGEX" value="^ruby-(2\.[0-4]\.[0-9]|1\.9\.3)" />
    <property name="user.language" value="en" />
    <property name="env.HISTCONTROL" value="ignoredups:ignorespace" />
    <property name="env.GOROOT" value="/home/travis/.gimme/versions/go1.7.4.linux.amd64" />
    <property name="line.separator" value="&#xa;" />
    <property name="target" value="1.8" />
    <property name="env.TRAVIS_BUILD_DIR" value="/home/travis/build/icyphy/ptII" />
    <property name="env.ANT_OPTS" value="-Xmx2048m" />
    <property name="ant.file.type" value="file" />
    <property name="ptolemy.ptII.batchMode" value="true" />
    <property name="env.HISTSIZE" value="1000" />
    <property name="env.MERB_ENV" value="test" />
    <property name="java.vm.info" value="mixed mode" />
    <property name="source" value="1.8" />
    <property name="java.vm.specification.name" value="Java Virtual Machine Specification" />
    <property name="env.TRAVIS_TEST_RESULT" value="0" />
    <property name="jsdoc.command" value="node_modules/@terraswarm/jsdoc/jsdoc.js" />
    <property name="npm.works" value="true" />
    <property name="cobertura.dir" value="/home/travis/build/icyphy/ptII/vendors/cobertura-2.0.3" />
    <property name="env.rvm_path" value="/home/travis/.rvm" />
    <property name="env.GEM_PATH" value="/home/travis/.rvm/gems/ruby-2.4.1:/home/travis/.rvm/gems/ruby-2.4.1@global" />
    <property name="env.LC_CTYPE" value="en_US.UTF-8" />
    <property name="java.awt.printerjob" value="sun.print.PSPrinterJob" />
    <property name="env.TRAVIS_CMD" value="$PTII/bin/ptIITravisBuild.sh $SECONDS" />
    <property name="env.TRAVIS_STACK_NAME" value="garnet" />
    <property name="env.TRAVIS_TIMER_START_TIME" value="1556550422809632167" />
    <property name="ant.version" value="Apache Ant(TM) version 1.10.1 compiled on February 2 2017" />
    <property name="ptII.reports" value="/home/travis/build/icyphy/ptII/reports" />
    <property name="env.TRAVIS_STACK_TIMESTAMP" value="2017-12-05 19:33:09 UTC" />
    <property name="ant.file.type.ptII" value="file" />
    <property name="env.RBENV_SHELL" value="bash" />
    <property name="os.name" value="Linux" />
    <property name="java.specification.vendor" value="Oracle Corporation" />
    <property name="env.rvm_version" value="1.29.3 (latest)" />
    <property name="env.TRAVIS_INFRA" value="gce" />
    <property name="env.TERM" value="xterm" />
    <property name="java.vm.name" value="Java HotSpot(TM) 64-Bit Server VM" />
    <property name="env.TRAVIS_BUILD_NUMBER" value="1111" />
    <property name="env.CI" value="true" />
    <property name="java.library.path" value="/home/travis/pthla/certi-tools/lib:/usr/lib/jni:/usr/local/share/OpenCV/java/:/usr/share/OpenCV/java::/usr/java/packages/lib/amd64:/usr/lib64:/lib64:/lib:/usr/lib" />
    <property name="env.rvm_prefix" value="/home/travis" />
    <property name="env.PATH" value="/home/travis/pthla/certi-tools/share/scripts:/home/travis/.rvm/gems/ruby-2.4.1/bin:/home/travis/.rvm/gems/ruby-2.4.1@global/bin:/home/travis/.rvm/rubies/ruby-2.4.1/bin:/home/travis/.rvm/bin:/home/travis/.nvm/versions/node/v7.10.1/bin:./node_modules/.bin:/home/travis/build/icyphy/ptII/bin:/home/travis/pthla/certi-tools/bin:/home/travis/bin:/home/travis/.local/bin:/opt/pyenv/shims:/home/travis/.phpenv/shims:/home/travis/perl5/perlbrew/bin:/home/travis/.kiex/elixirs/elixir-1.4.5/bin:/home/travis/.kiex/bin:/home/travis/gopath/bin:/home/travis/.gimme/versions/go1.7.4.linux.amd64/bin:/usr/local/phantomjs/bin:/usr/local/phantomjs:/usr/local/neo4j-3.2.7/bin:/usr/local/maven-3.5.2/bin:/usr/local/cmake-3.9.2/bin:/usr/local/clang-5.0.0/bin:/usr/local/sbin:/usr/local/bin:/usr/sbin:/usr/bin:/sbin:/bin:/home/travis/.phpenv/bin:/opt/pyenv/bin:/home/travis/.yarn/bin" />
    <property name="env.TRAVIS_OS_NAME" value="linux" />
    <property name="ant.java.version" value="1.8" />
    <property name="basedir" value="/home/travis/build/icyphy/ptII" />
    <property name="java.class.version" value="52.0" />
    <property name="env.SHLVL" value="3" />
    <property name="env.LD_LIBRARY_PATH" value="/home/travis/pthla/certi-tools/lib:/usr/lib/jni:/usr/local/share/OpenCV/java/:/usr/share/OpenCV/java:" />
    <property name="env.RACK_ENV" value="test" />
    <property name="ant.home" value="/home/travis/build/icyphy/ptII/ant" />
    <property name="env.PERLBREW_BASHRC_VERSION" value="0.80" />
    <property name="env.NVM_DIR" value="/home/travis/.nvm" />
    <property name="env.TRAVIS_BUILD_ID" value="526007543" />
    <property name="env.CERTI_FOM_PATH" value="/home/travis/pthla/certi-tools/share/federations" />
    <property name="env.PYENV_ROOT" value="/opt/pyenv" />
    <property name="env.TRAVIS_UID" value="2000" />
    <property name="env.rvm_pretty_print_flag" value="auto" />
    <property name="env.NVM_BIN" value="/home/travis/.nvm/versions/node/v7.10.1/bin" />
    <property name="env.TRAVIS_COMMIT" value="3f6146babdcb91bb774375c51ba364f99a168539" />
    <property name="env._system_arch" value="x86_64" />
    <property name="node.executable" value="node" />
    <property name="sun.boot.library.path" value="/usr/lib/jvm/java-8-oracle/jre/lib/amd64" />
    <property name="sun.management.compiler" value="HotSpot 64-Bit Tiered Compilers" />
    <property name="env.GOPATH" value="/home/travis/gopath" />
    <property name="java.awt.graphicsenv" value="sun.awt.X11GraphicsEnvironment" />
    <property name="ptolemy.ptII.dir" value="/home/travis/build/icyphy/ptII" />
    <property name="env.USER" value="travis" />
    <property name="env.HISTFILESIZE" value="2000" />
    <property name="timeout.longest" value="19000000" />
    <property name="env.TRAVIS_STACK_FEATURES" value="basic cassandra chromium couchdb disabled-ipv6 docker docker-compose elasticsearch firefox go-toolchain google-chrome jdk memcached mongodb mysql neo4j nodejs_interpreter perl_interpreter perlbrew phantomjs postgresql python_interpreter rabbitmq redis riak ruby_interpreter sqlite xserver" />
    <property name="env.TRAVIS_PULL_REQUEST" value="false" />
    <property name="env.PYENV_SHELL" value="bash" />
    <property name="ant.project.name" value="ptII" />
    <property name="java.vm.specification.version" value="1.8" />
    <property name="env.ANSI_RESET" value="\033[0m" />
    <property name="env.TRAVIS_DIST" value="trusty" />
    <property name="env.CERTI_VERSION" value="4.0.0" />
    <property name="env.NLSPATH" value="/usr/dt/lib/nls/msg/%L/%N.cat" />
    <property name="awt.toolkit" value="sun.awt.X11.XToolkit" />
    <property name="env.CERTI_HOST" value="localhost" />
    <property name="env.MY_RUBY_HOME" value="/home/travis/.rvm/rubies/ruby-2.4.1" />
    <property name="sun.cpu.isalist" value="" />
    <property name="env.TRAVIS_TMPDIR" value="/tmp/tmp.wFOd9PJJ5f" />
    <property name="java.ext.dirs" value="/usr/lib/jvm/java-8-oracle/jre/lib/ext:/usr/java/packages/lib/ext" />
    <property name="os.version" value="4.4.0-101-generic" />
    <property name="user.home" value="/home/travis" />
    <property name="env.MIX_ARCHIVES" value="/home/travis/.kiex/mix/elixir-1.4.5" />
    <property name="java.vm.vendor" value="Oracle Corporation" />
    <property name="env.TRAVIS_TAG" value="nightly" />
    <property name="env.ANSI_YELLOW" value="\033[33;1m" />
    <property name="env.TRAVIS_FILTERED" value="redirect_io" />
    <property name="env.ANSI_GREEN" value="\033[32;1m" />
    <property name="env.JAVA_HOME" value="/usr/lib/jvm/java-8-oracle" />
    <property name="env.PTII" value="/home/travis/build/icyphy/ptII" />
    <property name="javadoc.excludepackagenames" value="adm.cvs2svn.*,build.*,config.*,doc.coding.templates.*,jni.test.jni.meaningOfLife.*,jni.test.jni.testDeux.*,jni.test.jni.testTrois.*,org.terraswarm.accessor.accessors.web.node_modules.*,org.terraswarm.accessor.accessors.web.hosts.cordova.demo.*,org.terraswarm.accessor.accessors.web.hosts.cordova.plugins.*,org.terraswarm.accessor.accessors-svn.*,pt-modules.*,ptolemy.apps.agilent.*,ptolemy.apps.anytimecontrol.*,ptolemy.apps.apes.*,ptolemy.apps.charon.*,ptolemy.apps.crazyboard.*,ptolemy.apps.eclipse.*,ptolemy.apps.etherealSting.*,ptolemy.apps.fullscreen.*,ptolemy.apps.giotto.*,ptolemy.apps.ia.*,ptolemy.apps.interfaces.*,ptolemy.apps.jmf.*,ptolemy.apps.kurt.*,ptolemy.apps.kvm.*,ptolemy.apps.lego.*,ptolemy.apps.lejos.*,ptolemy.apps.midp.*,ptolemy.apps.mobileCoding.*,ptolemy.apps.pendulum.*,ptolemy.apps.rijndael.*,ptolemy.apps.robot.*,ptolemy.apps.security.*,ptolemy.apps.sobel.*,ptolemy.apps.soot.*,ptolemy.apps.throttle.*,ptolemy.apps.tini.*,ptolemy.apps.transmission.*,ptolemy.apps.vergil.*,ptolemy.apps.waba.*,ptolemy.apps.websensor.*,ptolemy.apps.webstart.*,ptolemy.apps.xsl.*,ptolemy.apps.zaurus.*,ptolemy.codegen.c.actor.lib.oldJavaFiles.*,ptolemy.codegen.dsp.lib.*,ptolemy.codegen.kernel.newInterfaces.*,ptolemy.codegen.lib.*,ptolemy.copernicus.kernel.fragment.*,ptolemy.copernicus.shallow.cg.*,ptolemy.domains.giotto.demo.Hierarchy.Hierarchy.*,ptolemy.domains.giotto.demo.Multimode.Multimode.*,ptolemy.domains.giotto.demo.Simple.Simple.*,ptolemy.domains.gr.lib.experimental.*,ptolemy.domains.gro.*,ptolemy.domains.pdf.*,ptolemy.domains.ptinyos.demo.Surge.output.*,ptolemy.moml.test.NoPackageActor.java*,ptolemy.plot.adm.*,ptolemy.plot.servlet.*,reports.*,signed.*,src.*,target.*,vendors.*,ptolemy.apps.eclipse.awt.*,ptolemy.backtrack.*,ptolemy.backtrack.ast.*,ptolemy.cg.adapter.generic.program.procedural.c.mbed*,ptolemy.homer.*,org.ptolemy.scala.*,diva.util.java2d.svg.*,ptolemy.domains.ptinyos.*,ptolemy.actor.lib.fmi.fmipp.*,,org.terraswarm.accessor.accessors.web.node_modules.*,org.terraswarm.accessor.accessors-svn,ptolemy.apps.*,ptolemy.actor.ptalon.demo.ptinyos.SendAndReceiveCnt.output,ptolemy.actor.ptalon.demo.ptinyos.SenseToLeds.output,ptolemy.domains.ptinyos.demo.CntToLedsAndRfm.output,ptolemy.domains.ptinyos.demo.RfmToLeds.output,ptolemy.domains.ptinyos.demo.SendAndReceiveCnt.output,ptolemy.domains.ptinyos.demo.SenseToLeds.output,ptolemy.actor.lib.jjs.modules.udpSocket.*" />
    <property name="env.TRAVIS_COMMIT_MESSAGE" value="Removing a bad extra multiplication by _hlaTimeUnitValue in effectiveLookAhead." />
    <property name="keystore" value="ptKeystore" />
    <property name="env.XDG_SESSION_ID" value="2" />
    <property name="junit.output.dir" value="/home/travis/build/icyphy/ptII/reports/junit" />
    <property name="npm.return.code" value="0" />
    <property name="user.dir" value="/home/travis/build/icyphy/ptII/ptolemy/domains/de/test" />
    <property name="env.TRAVIS_NODE_VERSION" value="7" />
    <property name="env.XFILESEARCHPATH" value="/usr/dt/app-defaults/%L/Dt" />
    <property name="env.TRAVIS_EVENT_TYPE" value="push" />
    <property name="env.MAIL" value="/var/mail/travis" />
    <property name="env.PWD" value="/home/travis/build/icyphy/ptII" />
    <property name="env.PERLBREW_ROOT" value="/home/travis/perl5/perlbrew" />
    <property name="timeout.npm" value="45000" />
    <property name="env.PT_TRAVIS_TEST_CORE2_XML" value="true" />
    <property name="env.TRAVIS_ARCH" value="amd64" />
    <property name="env.PAGER" value="cat" />
    <property name="sun.cpu.endian" value="little" />
    <property name="env.TRAVIS_BUILD_STAGE_NAME" value="Test" />
    <property name="env.PERLBREW_HOME" value="/home/travis/.perlbrew" />
    <property name="env.RAILS_ENV" value="test" />
    <property name="java.vm.version" value="25.151-b12" />
    <property name="java.class.path" value="/home/travis/build/icyphy/ptII:/home/travis/build/icyphy/ptII/lib/bsh-2.0b4.jar:/home/travis/build/icyphy/ptII/lib/ptCal.jar:/home/travis/build/icyphy/ptII/lib/java_cup.jar:/home/travis/build/icyphy/ptII/lib/saxon8.jar:/home/travis/build/icyphy/ptII/lib/saxon8-dom.jar:/home/travis/build/icyphy/ptII/lib/chic.jar:/home/travis/build/icyphy/ptII/lib/ptcolt.jar:/usr/lib/jvm/java-8-oracle/lib/tools.jar:/home/travis/build/icyphy/ptII/vendors/misc/itext/iText.jar:/home/travis/build/icyphy/ptII/lib/g4ltl.jar:/home/travis/build/icyphy/ptII/lib/StructuralCoder.jar:/home/travis/build/icyphy/ptII/vendors/jai-1_1_2_01/lib/jai_core.jar:/home/travis/build/icyphy/ptII/vendors/jai-1_1_2_01/lib/jai_codec.jar:/home/travis/build/icyphy/ptII/lib/jcerti.jar:/home/travis/build/icyphy/ptII/lib/javax.mail.jar:/home/travis/build/icyphy/ptII/vendors/JMF-2.1.1e/lib/jmf.jar:/home/travis/build/icyphy/ptII/lib/jna-4.0.0-variadic.jar:/home/travis/build/icyphy/ptII/vendors/misc/joystick/Joystick.jar:/home/travis/build/icyphy/ptII/lib/ptjacl.jar:/home/travis/build/icyphy/ptII/lib/jsoup-1.8.2.jar:/home/travis/build/icyphy/ptII/lib/junit-4.8.2.jar:/home/travis/build/icyphy/ptII/lib/JUnitParams-0.4.0.jar:/home/travis/build/icyphy/ptII/ptolemy/actor/lib/excel/jxl.jar:/home/travis/build/icyphy/ptII/lib/jython.jar:/home/travis/build/icyphy/ptII/lib/kieler.jar:/home/travis/build/icyphy/ptII/vendors/opencv/share/OpenCV/java/opencv-341.jar:/home/travis/build/icyphy/ptII/lib/oscP5.jar:/home/travis/build/icyphy/ptII/lib/nrjavaserial-3.11.0.devel.jar:/home/travis/build/icyphy/ptII/vendors/j3d/lib/j3dcore.jar:/home/travis/build/icyphy/ptII/vendors/j3d/lib/j3dutils.jar:/home/travis/build/icyphy/ptII/vendors/j3d/lib/vecmath.jar:/home/travis/build/icyphy/ptII/ptolemy/distributed/jini/jar/jini-core.jar:/home/travis/build/icyphy/ptII/ptolemy/distributed/jini/jar/jini-ext.jar:/home/travis/build/icyphy/ptII/ptolemy/distributed/jini/jar/sun-util.jar:/home/travis/build/icyphy/ptII/lib/protobuf-java-2.4.1.jar:/home/travis/build/icyphy/ptII/lib/org.eclipse.paho.client.mqttv3.jar:/home/travis/build/icyphy/ptII/lib/mapss.jar:/home/travis/build/icyphy/ptII/ptolemy/actor/ptalon/antlr/antlr.jar:/home/travis/build/icyphy/ptII/lib/JRI.jar:/home/travis/build/icyphy/ptII/lib/commons-lang-2.6.jar:/home/travis/build/icyphy/ptII/lib/commons-logging-1.1.1.jar:/home/travis/build/icyphy/ptII/lib/sootclasses.jar:/home/travis/build/icyphy/ptII/ptolemy/actor/lib/database/mysql-connector-java-5.1.6-bin.jar:/home/travis/build/icyphy/ptII/vendors/misc/sphinx4/sphinx4-data-5prealpha.jar:/home/travis/build/icyphy/ptII/vendors/misc/sphinx4/sphinx4-core-5prealpha.jar:/home/travis/build/icyphy/ptII/lib/PDFRenderer.jar:/home/travis/build/icyphy/ptII/lib/svgSalamander.jar:/home/travis/build/icyphy/ptII/lib/rsyntaxtextarea-2.6.0-SNAPSHOT.jar:/home/travis/build/icyphy/ptII/lib/hazelcast-3.8.2.jar:/home/travis/build/icyphy/ptII/lib/jackson-annotations-2.9.0.jar:/home/travis/build/icyphy/ptII/lib/jackson-core-2.9.3.jar:/home/travis/build/icyphy/ptII/lib/jackson-databind-2.9.3.jar:/home/travis/build/icyphy/ptII/lib/netty-buffer-4.1.19.Final.jar:/home/travis/build/icyphy/ptII/lib/netty-codec-4.1.19.Final.jar:/home/travis/build/icyphy/ptII/lib/netty-codec-dns-4.1.19.Final.jar:/home/travis/build/icyphy/ptII/lib/netty-codec-http-4.1.19.Final.jar:/home/travis/build/icyphy/ptII/lib/netty-codec-http2-4.1.19.Final.jar:/home/travis/build/icyphy/ptII/lib/netty-common-4.1.19.Final.jar:/home/travis/build/icyphy/ptII/lib/netty-handler-4.1.19.Final.jar:/home/travis/build/icyphy/ptII/lib/netty-resolver-4.1.19.Final.jar:/home/travis/build/icyphy/ptII/lib/netty-resolver-dns-4.1.19.Final.jar:/home/travis/build/icyphy/ptII/lib/netty-transport-4.1.19.Final.jar:/home/travis/build/icyphy/ptII/lib/vertx-codegen-3.5.1.jar:/home/travis/build/icyphy/ptII/lib/vertx-core-3.5.2-SNAPSHOT.jar:/home/travis/build/icyphy/ptII/lib/vertx-hazelcast-3.5.1.jar:/home/travis/build/icyphy/ptII/lib/vertx-lang-js-3.5.1.jar:/home/travis/build/icyphy/ptII/lib/vertx-service-proxy-3.5.1.jar:/home/travis/build/icyphy/ptII/lib/vertx-web-3.5.1.jar:/home/travis/build/icyphy/ptII/lib/slf4j-api-1.7.13.jar:/home/travis/build/icyphy/ptII/lib/slf4j-simple-1.7.13.jar:/home/travis/build/icyphy/ptII/lib/webcam-capture-0.3.12.jar:/home/travis/build/icyphy/ptII/lib/bridj-0.7.0.jar:/home/travis/build/icyphy/ptII/lib/xbjlib-1.1.0.nrjavaserial.jar:/home/travis/build/icyphy/ptII/ptolemy/moml/test:/home/travis/build/icyphy/ptII/ant/lib/ant-launcher.jar:/home/travis/build/icyphy/ptII/ant/lib/ant.jar:/home/travis/build/icyphy/ptII/ant/lib/ant-junit.jar:/home/travis/build/icyphy/ptII/ant/lib/ant-junit4.jar" />
    <property name="ant.library.dir" value="/home/travis/build/icyphy/ptII/ant/lib" />
    <property name="os.arch" value="amd64" />
    <property name="env.TRAVIS_LANGUAGE" value="node_js" />
    <property name="env.CONTINUOUS_INTEGRATION" value="true" />
    <property name="env.TRAVIS_STACK_LANGUAGES" value="__garnet__ c c++ clojure cplusplus cpp default go groovy java node_js php pure_java python ruby scala" />
    <property name="test.name" value="ptolemy.actor.lib.test.junit.JUnitTclTest" />
    <property name="sun.java.launcher" value="SUN_STANDARD" />
    <property name="env.PYTHON_CONFIGURE_OPTS" value="--enable-unicode=ucs4 --with-wide-unicode --enable-shared --enable-ipv6 --enable-loadable-sqlite-extensions --with-computed-gotos" />
    <property name="ant.core.lib" value="/home/travis/build/icyphy/ptII/ant/lib/ant.jar" />
    <property name="java.vm.specification.vendor" value="Oracle Corporation" />
    <property name="env.BCVTB_HOME" value="/home/travis/build/icyphy/ptII/lbnl" />
    <property name="file.separator" value="/" />
    <property name="spotbugs.home" value="/home/travis/build/icyphy/ptII/vendors/spotbugs-3.1.1" />
    <property name="java.runtime.version" value="1.8.0_151-b12" />
    <property name="sun.boot.class.path" value="/usr/lib/jvm/java-8-oracle/jre/lib/resources.jar:/usr/lib/jvm/java-8-oracle/jre/lib/rt.jar:/usr/lib/jvm/java-8-oracle/jre/lib/sunrsasign.jar:/usr/lib/jvm/java-8-oracle/jre/lib/jsse.jar:/usr/lib/jvm/java-8-oracle/jre/lib/jce.jar:/usr/lib/jvm/java-8-oracle/jre/lib/charsets.jar:/usr/lib/jvm/java-8-oracle/jre/lib/jfr.jar:/usr/lib/jvm/java-8-oracle/jre/classes" />
    <property name="env.ANSI_CLEAR" value="\033[0K" />
    <property name="env.HAS_JOSH_K_SEAL_OF_APPROVAL" value="true" />
    <property name="env.XDG_RUNTIME_DIR" value="/run/user/2000" />
    <property name="env.TRAVIS_OSX_IMAGE" value="" />
    <property name="env.TRAVIS_BRANCH" value="master" />
    <property name="env.TRAVIS_JOB_ID" value="526007552" />
    <property name="user.country" value="US" />
    <property name="env.CERTI_HOME_TRAVIS" value="/home/travis/pthla/certi-tools" />
    <property name="env.SHELL" value="/bin/bash" />
    <property name="java.maxmemory.large" value="5000m" />
    <property name="model" value="" />
    <property name="env.CASHER_DIR" value="/home/travis/.casher" />
    <property name="env.NVM_CD_FLAGS" value="" />
    <property name="jshint.executable" value="/home/travis/node_modules/jshint/bin/jshint" />
    <property name="java.vendor" value="Oracle Corporation" />
    <property name="env.JRUBY_OPTS" value=" --client -J-XX:+TieredCompilation -J-XX:TieredStopAtLevel=1 -J-Xss2m -Xcompile.invokedynamic=false" />
    <property name="env.TRAVIS_PRE_CHEF_BOOTSTRAP_TIME" value="2017-12-05T19:32:55" />
    <property name="env.TRAVIS_STACK_JOB_BOARD_REGISTER" value="/.job-board-register.yml" />
    <property name="env.ELIXIR_VERSION" value="1.4.5" />
    <property name="env.ANSI_RED" value="\033[31;1m" />
    <property name="java.specification.version" value="1.8" />
    <property name="env.TRAVIS" value="true" />
    <property name="env.IRBRC" value="/home/travis/.rvm/rubies/ruby-2.4.1/.irbrc" />
    <property name="sun.arch.data.model" value="64" />
  </properties>
  <testcase classname="ptolemy.util.test.junit.TclTests" name="[0] /home/travis/build/icyphy/ptII/ptolemy/domains/de/test/DependencyLoop.tcl (RunTclFile)" time="0.698" />
  <testcase classname="ptolemy.util.test.junit.TclTests" name="[1] /home/travis/build/icyphy/ptII/ptolemy/domains/de/test/RunDETestsAsQSS.tcl (RunTclFile)" time="84.227" />
  <testcase classname="ptolemy.util.test.junit.AutoKnownFailedTests" name="[0] /home/travis/build/icyphy/ptII/ptolemy/domains/de/test/auto/knownFailedTests/DESDFClockTest.xml (RunModel)" time="2.038" />
  <testcase classname="ptolemy.util.test.junit.AutoKnownFailedTests" name="[1] /home/travis/build/icyphy/ptII/ptolemy/domains/de/test/auto/knownFailedTests/DirectFeedback.xml (RunModel)" time="0.016" />
  <testcase classname="ptolemy.util.test.junit.AutoKnownFailedTests" name="[2] /home/travis/build/icyphy/ptII/ptolemy/domains/de/test/auto/knownFailedTests/FSMSource.xml (RunModel)" time="0.028" />
  <testcase classname="ptolemy.util.test.junit.AutoKnownFailedTests" name="[3] /home/travis/build/icyphy/ptII/ptolemy/domains/de/test/auto/knownFailedTests/HierarchicalModel.xml (RunModel)" time="0.038" />
  <testcase classname="ptolemy.util.test.junit.AutoKnownFailedTests" name="[4] /home/travis/build/icyphy/ptII/ptolemy/domains/de/test/auto/knownFailedTests/dependencyLoop.xml (RunModel)" time="0.029" />
  <testcase classname="ptolemy.util.test.junit.AutoKnownFailedTests" name="[5] /home/travis/build/icyphy/ptII/ptolemy/domains/de/test/auto/knownFailedTests/dependencyLoop2.xml (RunModel)" time="0.041" />
  <testcase classname="ptolemy.util.test.junit.AutoNameArchTests" name="[0] ThereAreNoAutoArchTests (RunModel)" time="0.0" />
  <testcase classname="ptolemy.util.test.junit.AutoTests" name="[0] /home/travis/build/icyphy/ptII/ptolemy/domains/de/test/auto/ActorDepthCalculation_actorWithoutPorts.xml (RunModel)" time="0.025" />
  <testcase classname="ptolemy.util.test.junit.AutoTests" name="[1] /home/travis/build/icyphy/ptII/ptolemy/domains/de/test/auto/AssemblyLine.xml (RunModel)" time="0.02" />
  <testcase classname="ptolemy.util.test.junit.AutoTests" name="[2] /home/travis/build/icyphy/ptII/ptolemy/domains/de/test/auto/CQBug1.xml (RunModel)" time="0.011" />
  <testcase classname="ptolemy.util.test.junit.AutoTests" name="[3] /home/travis/build/icyphy/ptII/ptolemy/domains/de/test/auto/CancelFireAt.xml (RunModel)" time="0.007" />
  <testcase classname="ptolemy.util.test.junit.AutoTests" name="[4] /home/travis/build/icyphy/ptII/ptolemy/domains/de/test/auto/CausalityAndComposabilityAnalysis.xml (RunModel)" time="0.01" />
  <testcase classname="ptolemy.util.test.junit.AutoTests" name="[5] /home/travis/build/icyphy/ptII/ptolemy/domains/de/test/auto/CausalityInterface1.xml (RunModel)" time="0.012" />
  <testcase classname="ptolemy.util.test.junit.AutoTests" name="[6] /home/travis/build/icyphy/ptII/ptolemy/domains/de/test/auto/CausalityInterface15.xml (RunModel)" time="0.01" />
  <testcase classname="ptolemy.util.test.junit.AutoTests" name="[7] /home/travis/build/icyphy/ptII/ptolemy/domains/de/test/auto/CausalityInterface2.xml (RunModel)" time="0.009" />
  <testcase classname="ptolemy.util.test.junit.AutoTests" name="[8] /home/travis/build/icyphy/ptII/ptolemy/domains/de/test/auto/CausalityInterface3.xml (RunModel)" time="0.009" />
  <testcase classname="ptolemy.util.test.junit.AutoTests" name="[9] /home/travis/build/icyphy/ptII/ptolemy/domains/de/test/auto/ClockDrift.xml (RunModel)" time="0.032" />
  <testcase classname="ptolemy.util.test.junit.AutoTests" name="[10] /home/travis/build/icyphy/ptII/ptolemy/domains/de/test/auto/ClockDriftAndValueChange.xml (RunModel)" time="0.03" />
  <testcase classname="ptolemy.util.test.junit.AutoTests" name="[11] /home/travis/build/icyphy/ptII/ptolemy/domains/de/test/auto/ClockDriftChange.xml (RunModel)" time="0.023" />
  <testcase classname="ptolemy.util.test.junit.AutoTests" name="[12] /home/travis/build/icyphy/ptII/ptolemy/domains/de/test/auto/ComposableCausalityAnalysis.xml (RunModel)" time="0.013" />
  <testcase classname="ptolemy.util.test.junit.AutoTests" name="[13] /home/travis/build/icyphy/ptII/ptolemy/domains/de/test/auto/DEFixedPointLimitation.xml (RunModel)" time="0.007" />
  <testcase classname="ptolemy.util.test.junit.AutoTests" name="[14] /home/travis/build/icyphy/ptII/ptolemy/domains/de/test/auto/DEScheduleTest.xml (RunModel)" time="0.008" />
  <testcase classname="ptolemy.util.test.junit.AutoTests" name="[15] /home/travis/build/icyphy/ptII/ptolemy/domains/de/test/auto/DEinDEwithStartTimes.xml (RunModel)" time="0.009" />
  <testcase classname="ptolemy.util.test.junit.AutoTests" name="[16] /home/travis/build/icyphy/ptII/ptolemy/domains/de/test/auto/DEinDEwithStartTimes2.xml (RunModel)" time="0.01" />
  <testcase classname="ptolemy.util.test.junit.AutoTests" name="[17] /home/travis/build/icyphy/ptII/ptolemy/domains/de/test/auto/DateDemo.xml (RunModel)" time="0.018" />
  <testcase classname="ptolemy.util.test.junit.AutoTests" name="[18] /home/travis/build/icyphy/ptII/ptolemy/domains/de/test/auto/DateToEvent.xml (RunModel)" time="2.028" />
  <testcase classname="ptolemy.util.test.junit.AutoTests" name="[19] /home/travis/build/icyphy/ptII/ptolemy/domains/de/test/auto/DepthTest1.xml (RunModel)" time="0.007" />
  <testcase classname="ptolemy.util.test.junit.AutoTests" name="[20] /home/travis/build/icyphy/ptII/ptolemy/domains/de/test/auto/DepthTest2.xml (RunModel)" time="0.015" />
  <testcase classname="ptolemy.util.test.junit.AutoTests" name="[21] /home/travis/build/icyphy/ptII/ptolemy/domains/de/test/auto/DepthTest3.xml (RunModel)" time="0.006" />
  <testcase classname="ptolemy.util.test.junit.AutoTests" name="[22] /home/travis/build/icyphy/ptII/ptolemy/domains/de/test/auto/DepthTest4.xml (RunModel)" time="0.011" />
  <testcase classname="ptolemy.util.test.junit.AutoTests" name="[23] /home/travis/build/icyphy/ptII/ptolemy/domains/de/test/auto/DepthTest5.xml (RunModel)" time="0.012" />
  <testcase classname="ptolemy.util.test.junit.AutoTests" name="[24] /home/travis/build/icyphy/ptII/ptolemy/domains/de/test/auto/DepthTest6.xml (RunModel)" time="0.011" />
  <testcase classname="ptolemy.util.test.junit.AutoTests" name="[25] /home/travis/build/icyphy/ptII/ptolemy/domains/de/test/auto/DepthTest7.xml (RunModel)" time="0.009" />
  <testcase classname="ptolemy.util.test.junit.AutoTests" name="[26] /home/travis/build/icyphy/ptII/ptolemy/domains/de/test/auto/EventToDate.xml (RunModel)" time="3.028" />
  <testcase classname="ptolemy.util.test.junit.AutoTests" name="[27] /home/travis/build/icyphy/ptII/ptolemy/domains/de/test/auto/FSM1.xml (RunModel)" time="0.026" />
  <testcase classname="ptolemy.util.test.junit.AutoTests" name="[28] /home/travis/build/icyphy/ptII/ptolemy/domains/de/test/auto/FSM7.xml (RunModel)" time="0.027" />
  <testcase classname="ptolemy.util.test.junit.AutoTests" name="[29] /home/travis/build/icyphy/ptII/ptolemy/domains/de/test/auto/Inspection.xml (RunModel)" time="0.035" />
  <testcase classname="ptolemy.util.test.junit.AutoTests" name="[30] /home/travis/build/icyphy/ptII/ptolemy/domains/de/test/auto/Iteration.xml (RunModel)" time="0.017" />
  <testcase classname="ptolemy.util.test.junit.AutoTests" name="[31] /home/travis/build/icyphy/ptII/ptolemy/domains/de/test/auto/LineFault.xml (RunModel)" time="0.509" />
  <testcase classname="ptolemy.util.test.junit.AutoTests" name="[32] /home/travis/build/icyphy/ptII/ptolemy/domains/de/test/auto/MergeModel1Add.xml (RunModel)" time="0.039" />
  <testcase classname="ptolemy.util.test.junit.AutoTests" name="[33] /home/travis/build/icyphy/ptII/ptolemy/domains/de/test/auto/MergeModel2Add.xml (RunModel)" time="0.032" />
  <testcase classname="ptolemy.util.test.junit.AutoTests" name="[34] /home/travis/build/icyphy/ptII/ptolemy/domains/de/test/auto/MergeModel3Add.xml (RunModel)" time="0.031" />
  <testcase classname="ptolemy.util.test.junit.AutoTests" name="[35] /home/travis/build/icyphy/ptII/ptolemy/domains/de/test/auto/MergeWithoutDiscard.xml (RunModel)" time="0.008" />
  <testcase classname="ptolemy.util.test.junit.AutoTests" name="[36] /home/travis/build/icyphy/ptII/ptolemy/domains/de/test/auto/Modal1.xml (RunModel)" time="0.023" />
  <testcase classname="ptolemy.util.test.junit.AutoTests" name="[37] /home/travis/build/icyphy/ptII/ptolemy/domains/de/test/auto/Modal2.xml (RunModel)" time="0.023" />
  <testcase classname="ptolemy.util.test.junit.AutoTests" name="[38] /home/travis/build/icyphy/ptII/ptolemy/domains/de/test/auto/Modal3.xml (RunModel)" time="0.023" />
  <testcase classname="ptolemy.util.test.junit.AutoTests" name="[39] /home/travis/build/icyphy/ptII/ptolemy/domains/de/test/auto/Modal4.xml (RunModel)" time="0.024" />
  <testcase classname="ptolemy.util.test.junit.AutoTests" name="[40] /home/travis/build/icyphy/ptII/ptolemy/domains/de/test/auto/Modal5.xml (RunModel)" time="0.026" />
  <testcase classname="ptolemy.util.test.junit.AutoTests" name="[41] /home/travis/build/icyphy/ptII/ptolemy/domains/de/test/auto/Modal6.xml (RunModel)" time="0.024" />
  <testcase classname="ptolemy.util.test.junit.AutoTests" name="[42] /home/travis/build/icyphy/ptII/ptolemy/domains/de/test/auto/Modal7.xml (RunModel)" time="0.024" />
  <testcase classname="ptolemy.util.test.junit.AutoTests" name="[43] /home/travis/build/icyphy/ptII/ptolemy/domains/de/test/auto/ModalModel.xml (RunModel)" time="0.15" />
  <testcase classname="ptolemy.util.test.junit.AutoTests" name="[44] /home/travis/build/icyphy/ptII/ptolemy/domains/de/test/auto/ModalSource.xml (RunModel)" time="0.015" />
  <testcase classname="ptolemy.util.test.junit.AutoTests" name="[45] /home/travis/build/icyphy/ptII/ptolemy/domains/de/test/auto/NonInterruptibleTimerZeroDelay.xml (RunModel)" time="0.008" />
  <testcase classname="ptolemy.util.test.junit.AutoTests" name="[46] /home/travis/build/icyphy/ptII/ptolemy/domains/de/test/auto/OpenQueueingNetwork.xml (RunModel)" time="2.042" />
  <testcase classname="ptolemy.util.test.junit.AutoTests" name="[47] /home/travis/build/icyphy/ptII/ptolemy/domains/de/test/auto/OpenQueuingNetwork.xml (RunModel)" time="0.252" />
  <testcase classname="ptolemy.util.test.junit.AutoTests" name="[48] /home/travis/build/icyphy/ptII/ptolemy/domains/de/test/auto/PeriodicSampler.xml (RunModel)" time="0.008" />
  <testcase classname="ptolemy.util.test.junit.AutoTests" name="[49] /home/travis/build/icyphy/ptII/ptolemy/domains/de/test/auto/PersistentIO.xml (RunModel)" time="0.02" />
  <testcase classname="ptolemy.util.test.junit.AutoTests" name="[50] /home/travis/build/icyphy/ptII/ptolemy/domains/de/test/auto/PortParameterResetOnInitialize.xml (RunModel)" time="0.008" />
  <testcase classname="ptolemy.util.test.junit.AutoTests" name="[51] /home/travis/build/icyphy/ptII/ptolemy/domains/de/test/auto/PortParameterUpdates.xml (RunModel)" time="0.011" />
  <testcase classname="ptolemy.util.test.junit.AutoTests" name="[52] /home/travis/build/icyphy/ptII/ptolemy/domains/de/test/auto/QueueAndServer.xml (RunModel)" time="0.016" />
  <testcase classname="ptolemy.util.test.junit.AutoTests" name="[53] /home/travis/build/icyphy/ptII/ptolemy/domains/de/test/auto/Records.xml (RunModel)" time="0.01" />
  <testcase classname="ptolemy.util.test.junit.AutoTests" name="[54] /home/travis/build/icyphy/ptII/ptolemy/domains/de/test/auto/ResetTransitionWithStartTime1.xml (RunModel)" time="0.015" />
  <testcase classname="ptolemy.util.test.junit.AutoTests" name="[55] /home/travis/build/icyphy/ptII/ptolemy/domains/de/test/auto/ResetTransitionWithStartTime2.xml (RunModel)" time="0.015" />
  <testcase classname="ptolemy.util.test.junit.AutoTests" name="[56] /home/travis/build/icyphy/ptII/ptolemy/domains/de/test/auto/ResetTransitionWithStartTime3.xml (RunModel)" time="0.015" />
  <testcase classname="ptolemy.util.test.junit.AutoTests" name="[57] /home/travis/build/icyphy/ptII/ptolemy/domains/de/test/auto/ResetTransitionWithStartTime4.xml (RunModel)" time="0.015" />
  <testcase classname="ptolemy.util.test.junit.AutoTests" name="[58] /home/travis/build/icyphy/ptII/ptolemy/domains/de/test/auto/ResettableTimer1.xml (RunModel)" time="0.009" />
  <testcase classname="ptolemy.util.test.junit.AutoTests" name="[59] /home/travis/build/icyphy/ptII/ptolemy/domains/de/test/auto/ResettableTimer2.xml (RunModel)" time="0.007" />
  <testcase classname="ptolemy.util.test.junit.AutoTests" name="[60] /home/travis/build/icyphy/ptII/ptolemy/domains/de/test/auto/ResettableTimer3.xml (RunModel)" time="0.009" />
  <testcase classname="ptolemy.util.test.junit.AutoTests" name="[61] /home/travis/build/icyphy/ptII/ptolemy/domains/de/test/auto/ResettableTimer4.xml (RunModel)" time="0.009" />
  <testcase classname="ptolemy.util.test.junit.AutoTests" name="[62] /home/travis/build/icyphy/ptII/ptolemy/domains/de/test/auto/ResettableTimer5.xml (RunModel)" time="0.008" />
  <testcase classname="ptolemy.util.test.junit.AutoTests" name="[63] /home/travis/build/icyphy/ptII/ptolemy/domains/de/test/auto/ResettableTimer6.xml (RunModel)" time="0.017" />
  <testcase classname="ptolemy.util.test.junit.AutoTests" name="[64] /home/travis/build/icyphy/ptII/ptolemy/domains/de/test/auto/ServerZeroDelay.xml (RunModel)" time="0.014" />
  <testcase classname="ptolemy.util.test.junit.AutoTests" name="[65] /home/travis/build/icyphy/ptII/ptolemy/domains/de/test/auto/SmartSender.xml (RunModel)" time="3.007" />
  <testcase classname="ptolemy.util.test.junit.AutoTests" name="[66] /home/travis/build/icyphy/ptII/ptolemy/domains/de/test/auto/ThreadedComposite.xml (RunModel)" time="0.222" />
  <testcase classname="ptolemy.util.test.junit.AutoTests" name="[67] /home/travis/build/icyphy/ptII/ptolemy/domains/de/test/auto/Time.xml (RunModel)" time="0.416" />
  <testcase classname="ptolemy.util.test.junit.AutoTests" name="[68] /home/travis/build/icyphy/ptII/ptolemy/domains/de/test/auto/TimeDelayZeroDelay.xml (RunModel)" time="0.009" />
  <testcase classname="ptolemy.util.test.junit.AutoTests" name="[69] /home/travis/build/icyphy/ptII/ptolemy/domains/de/test/auto/TimerZeroDelay.xml (RunModel)" time="0.007" />
  <testcase classname="ptolemy.util.test.junit.AutoTests" name="[70] /home/travis/build/icyphy/ptII/ptolemy/domains/de/test/auto/TimingParadox.xml (RunModel)" time="0.336" />
  <testcase classname="ptolemy.util.test.junit.AutoTests" name="[71] /home/travis/build/icyphy/ptII/ptolemy/domains/de/test/auto/TransferInputs.xml (RunModel)" time="0.008" />
  <testcase classname="ptolemy.util.test.junit.AutoTests" name="[72] /home/travis/build/icyphy/ptII/ptolemy/domains/de/test/auto/TransferOutputs2.xml (RunModel)" time="0.014" />
  <testcase classname="ptolemy.util.test.junit.AutoTests" name="[73] /home/travis/build/icyphy/ptII/ptolemy/domains/de/test/auto/Trilateration.xml (RunModel)" time="10.885" />
  <testcase classname="ptolemy.util.test.junit.AutoTests" name="[74] /home/travis/build/icyphy/ptII/ptolemy/domains/de/test/auto/TwoSigmaDelta.xml (RunModel)" time="1.958" />
  <testcase classname="ptolemy.util.test.junit.AutoTests" name="[75] /home/travis/build/icyphy/ptII/ptolemy/domains/de/test/auto/VariableDelay.xml (RunModel)" time="0.01" />
  <testcase classname="ptolemy.util.test.junit.AutoTests" name="[76] /home/travis/build/icyphy/ptII/ptolemy/domains/de/test/auto/VariableDelay2.xml (RunModel)" time="0.007" />
  <testcase classname="ptolemy.util.test.junit.AutoTests" name="[77] /home/travis/build/icyphy/ptII/ptolemy/domains/de/test/auto/VariableDelayZeroDelay.xml (RunModel)" time="0.009" />
  <testcase classname="ptolemy.util.test.junit.AutoTests" name="[78] /home/travis/build/icyphy/ptII/ptolemy/domains/de/test/auto/VariableDelayZeroDelay2.xml (RunModel)" time="0.009" />
  <testcase classname="ptolemy.util.test.junit.AutoTests" name="[79] /home/travis/build/icyphy/ptII/ptolemy/domains/de/test/auto/deInCt.xml (RunModel)" time="0.016" />
  <testcase classname="ptolemy.util.test.junit.AutoTests" name="[80] /home/travis/build/icyphy/ptII/ptolemy/domains/de/test/auto/deInCt2.xml (RunModel)" time="0.012" />
  <testcase classname="ptolemy.util.test.junit.AutoTests" name="[81] /home/travis/build/icyphy/ptII/ptolemy/domains/de/test/auto/dynamicCausalityInterface1.xml (RunModel)" time="0.016" />
  <testcase classname="ptolemy.util.test.junit.AutoTests" name="[82] /home/travis/build/icyphy/ptII/ptolemy/domains/de/test/auto/fsm_de_test.xml (RunModel)" time="0.019" />
  <testcase classname="ptolemy.util.test.junit.AutoTests" name="[83] /home/travis/build/icyphy/ptII/ptolemy/domains/de/test/auto/functionDependencyReconstruction.xml (RunModel)" time="0.033" />
  <testcase classname="ptolemy.util.test.junit.AutoTests" name="[84] /home/travis/build/icyphy/ptII/ptolemy/domains/de/test/auto/multirate.xml (RunModel)" time="0.014" />
  <testcase classname="ptolemy.util.test.junit.AutoTests" name="[85] /home/travis/build/icyphy/ptII/ptolemy/domains/de/test/auto/multirate2.xml (RunModel)" time="0.013" />
  <testcase classname="ptolemy.util.test.junit.AutoTests" name="[86] /home/travis/build/icyphy/ptII/ptolemy/domains/de/test/auto/realtime.xml (RunModel)" time="10.011" />
  <testcase classname="ptolemy.util.test.junit.AutoTests" name="[87] /home/travis/build/icyphy/ptII/ptolemy/domains/de/test/auto/relationGroup.xml (RunModel)" time="0.006" />
  <testcase classname="ptolemy.util.test.junit.AutoTests" name="[88] /home/travis/build/icyphy/ptII/ptolemy/domains/de/test/auto/relationGroup2.xml (RunModel)" time="0.011" />
  <testcase classname="ptolemy.util.test.junit.AutoTests" name="[89] /home/travis/build/icyphy/ptII/ptolemy/domains/de/test/auto/sortWithOpaquePorts.xml (RunModel)" time="0.015" />
  <testcase classname="ptolemy.util.test.junit.AutoTests" name="[90] /home/travis/build/icyphy/ptII/ptolemy/domains/de/test/auto/transferInputsandOutputs.xml (RunModel)" time="0.02" />
  <testcase classname="ptolemy.util.test.junit.AutoTests" name="[91] /home/travis/build/icyphy/ptII/ptolemy/domains/de/test/auto/triggerType.xml (RunModel)" time="0.007" />
  <system-out><![CDATA[/home/travis/build/icyphy/ptII/ptolemy/domains/de/test/DependencyLoop.tcl
testDefs.tcl: setting time out to 9000 seconds at Mon Apr 29 15:15:02 UTC 2019
20 ms. Memory: 116224K Free: 97650K (84%)
16 ms. Memory: 146944K Free: 141166K (96%)
/home/travis/build/icyphy/ptII/ptolemy/domains/de/test/RunDETestsAsQSS.tcl
Run the DE tests using ptolemy.domains.qss.test.QSSDirectorTest, which extends QSSDirector and prints a message in the constructors.
------------------ testing $PTII/ptolemy/domains/de/test/auto/knownFailedTests/dependencyLoop.xml (Known Failure) 
11 ms. Memory: 146944K Free: 136513K (93%)


==== $PTIIhome/travis/build/icyphy/ptII/ptolemy/domains/de/test/../../../../: Auto Automatic test in file $PTII/ptolemy/domains/de/test/auto/knownFailedTests/dependencyLoop.xml
==== Contents of test case:

	    # FIXME: we should use $relativeFilename here, but it
	    # might have backslashes under Windows, which causes no end
	    # of trouble.
	    createAndExecute $file
	    list {}
	
.... Test generated KNOWN error:
    while executing
ptolemy.kernel.util.IllegalActionException: Found a zero delay loop containing .dependencyLoop.original
  in .dependencyLoop and .dependencyLoop.original
	at ptolemy.actor.util.CausalityInterfaceForComposites._computeOutputPortDepth(CausalityInterfaceForComposites.java:759)
	at ptolemy.actor.util.CausalityInterfaceForComposites._computeInputDepth(CausalityInterfaceForComposites.java:696)
	at ptolemy.actor.util.CausalityInterfaceForComposites._computeOutputPortDepth(CausalityInterfaceForComposites.java:765)
	at ptolemy.actor.util.CausalityInterfaceForComposites._computeInputDepth(CausalityInterfaceForComposites.java:696)
	at ptolemy.actor.util.CausalityInterfaceForComposites._computeOutputPortDepth(CausalityInterfaceForComposites.java:765)
	at ptolemy.actor.util.CausalityInterfaceForComposites._computeInputDepth(CausalityInterfaceForComposites.java:696)
	at ptolemy.actor.util.CausalityInterfaceForComposites._computeActorDepth(CausalityInterfaceForComposites.java:532)
	at ptolemy.actor.util.CausalityInterfaceForComposites.checkForCycles(CausalityInterfaceForComposites.java:96)
	at ptolemy.domains.de.kernel.DEDirector.preinitialize(DEDirector.java:1338)
	at ptolemy.actor.CompositeActor.preinitialize(CompositeActor.java:1828)
	at ptolemy.actor.Manager.preinitializeAndResolveTypes(Manager.java:1040)
	at ptolemy.actor.Manager.initialize(Manager.java:710)
	at ptolemy.actor.Manager.execute(Manager.java:356)
	at ptolemy.actor.Manager.run(Manager.java:1263)
	at ptolemy.actor.Manager$PtolemyRunThread.run(Manager.java:1915)

    while executing
ptolemy.kernel.util.IllegalActionException: Found a zero delay loop containing .dependencyLoop.original
  in .dependencyLoop and .dependencyLoop.original
    while executing
"java::new ptolemy.moml.MoMLSimpleApplication $file
"
    (procedure "createAndExecute" line 2)
    invoked from within
"createAndExecute $file"
    ("uplevel" body line 5)
    invoked from within
"uplevel $contents_of_test"
------------------ testing $PTII/ptolemy/domains/de/test/auto/knownFailedTests/DESDFClockTest.xml (Known Failure) 
2050 ms. Memory: 146944K Free: 121397K (83%)


==== $PTIIhome/travis/build/icyphy/ptII/ptolemy/domains/de/test/../../../../: Auto Automatic test in file $PTII/ptolemy/domains/de/test/auto/knownFailedTests/DESDFClockTest.xml
==== Contents of test case:

	    # FIXME: we should use $relativeFilename here, but it
	    # might have backslashes under Windows, which causes no end
	    # of trouble.
	    createAndExecute $file
	    list {}
	
.... Test generated KNOWN error:
    while executing
ptolemy.kernel.util.IllegalActionException: Actor is not ready to fire.  Perhaps UpSample.prefire() returned false? Try debugging the actor by selecting "Listen to Actor".  Also, for SDF check moml for tokenConsumptionRate on input.
  in .DESDFClockTest.Play Bell.Copy1:SDF Director and .DESDFClockTest.Play Bell.UpSample
	at ptolemy.actor.sched.StaticSchedulingDirector.fire(StaticSchedulingDirector.java:227)
	at ptolemy.domains.sdf.kernel.SDFDirector.fire(SDFDirector.java:500)
	at ptolemy.actor.CompositeActor.fire(CompositeActor.java:455)
	at ptolemy.domains.de.kernel.DEDirector._fire(DEDirector.java:1949)
	at ptolemy.domains.de.kernel.DEDirector.fire(DEDirector.java:502)
	at ptolemy.actor.CompositeActor.fire(CompositeActor.java:455)
	at ptolemy.actor.Manager.iterate(Manager.java:851)
	at ptolemy.actor.Manager.execute(Manager.java:369)
	at ptolemy.actor.Manager.run(Manager.java:1263)
	at ptolemy.actor.Manager$PtolemyRunThread.run(Manager.java:1915)

    while executing
ptolemy.kernel.util.IllegalActionException: Actor is not ready to fire.  Perhaps UpSample.prefire() returned false? Try debugging the actor by selecting "Listen to Actor".  Also, for SDF check moml for tokenConsumptionRate on input.
  in .DESDFClockTest.Play Bell.Copy1:SDF Director and .DESDFClockTest.Play Bell.UpSample
    while executing
"java::new ptolemy.moml.MoMLSimpleApplication $file
"
    (procedure "createAndExecute" line 2)
    invoked from within
"createAndExecute $file"
    ("uplevel" body line 5)
    invoked from within
"uplevel $contents_of_test"
------------------ testing $PTII/ptolemy/domains/de/test/auto/knownFailedTests/FSMSource.xml (Known Failure) 
31 ms. Memory: 146944K Free: 112044K (76%)
!!!! Auto was marked as failing, but now passes
------------------ testing $PTII/ptolemy/domains/de/test/auto/knownFailedTests/dependencyLoop2.xml (Known Failure) 
14 ms. Memory: 146944K Free: 110184K (75%)


==== $PTIIhome/travis/build/icyphy/ptII/ptolemy/domains/de/test/../../../../: Auto Automatic test in file $PTII/ptolemy/domains/de/test/auto/knownFailedTests/dependencyLoop2.xml
==== Contents of test case:

	    # FIXME: we should use $relativeFilename here, but it
	    # might have backslashes under Windows, which causes no end
	    # of trouble.
	    createAndExecute $file
	    list {}
	
.... Test generated KNOWN error:
    while executing
ptolemy.kernel.util.IllegalActionException: Found a zero delay loop containing .dependencyLoop2.original
  in .dependencyLoop2 and .dependencyLoop2.original
	at ptolemy.actor.util.CausalityInterfaceForComposites._computeOutputPortDepth(CausalityInterfaceForComposites.java:759)
	at ptolemy.actor.util.CausalityInterfaceForComposites._computeInputDepth(CausalityInterfaceForComposites.java:696)
	at ptolemy.actor.util.CausalityInterfaceForComposites._computeOutputPortDepth(CausalityInterfaceForComposites.java:765)
	at ptolemy.actor.util.CausalityInterfaceForComposites._computeInputDepth(CausalityInterfaceForComposites.java:696)
	at ptolemy.actor.util.CausalityInterfaceForComposites._computeOutputPortDepth(CausalityInterfaceForComposites.java:765)
	at ptolemy.actor.util.CausalityInterfaceForComposites._computeInputDepth(CausalityInterfaceForComposites.java:696)
	at ptolemy.actor.util.CausalityInterfaceForComposites._computeActorDepth(CausalityInterfaceForComposites.java:532)
	at ptolemy.actor.util.CausalityInterfaceForComposites.checkForCycles(CausalityInterfaceForComposites.java:96)
	at ptolemy.domains.de.kernel.DEDirector.preinitialize(DEDirector.java:1338)
	at ptolemy.actor.CompositeActor.preinitialize(CompositeActor.java:1828)
	at ptolemy.actor.Manager.preinitializeAndResolveTypes(Manager.java:1040)
	at ptolemy.actor.Manager.initialize(Manager.java:710)
	at ptolemy.actor.Manager.execute(Manager.java:356)
	at ptolemy.actor.Manager.run(Manager.java:1263)
	at ptolemy.actor.Manager$PtolemyRunThread.run(Manager.java:1915)

    while executing
ptolemy.kernel.util.IllegalActionException: Found a zero delay loop containing .dependencyLoop2.original
  in .dependencyLoop2 and .dependencyLoop2.original
    while executing
"java::new ptolemy.moml.MoMLSimpleApplication $file
"
    (procedure "createAndExecute" line 2)
    invoked from within
"createAndExecute $file"
    ("uplevel" body line 5)
    invoked from within
"uplevel $contents_of_test"
------------------ testing $PTII/ptolemy/domains/de/test/auto/knownFailedTests/HierarchicalModel.xml (Known Failure) 
8 ms. Memory: 146944K Free: 90016K (61%)


==== $PTIIhome/travis/build/icyphy/ptII/ptolemy/domains/de/test/../../../../: Auto Automatic test in file $PTII/ptolemy/domains/de/test/auto/knownFailedTests/HierarchicalModel.xml
==== Contents of test case:

	    # FIXME: we should use $relativeFilename here, but it
	    # might have backslashes under Windows, which causes no end
	    # of trouble.
	    createAndExecute $file
	    list {}
	
.... Test generated KNOWN error:
    while executing
ptolemy.kernel.util.IllegalActionException: Found a zero delay loop containing .HierarchicalModel.A
  in .HierarchicalModel and .HierarchicalModel.A
	at ptolemy.actor.util.CausalityInterfaceForComposites._computeOutputPortDepth(CausalityInterfaceForComposites.java:759)
	at ptolemy.actor.util.CausalityInterfaceForComposites._computeInputDepth(CausalityInterfaceForComposites.java:696)
	at ptolemy.actor.util.CausalityInterfaceForComposites._computeOutputPortDepth(CausalityInterfaceForComposites.java:765)
	at ptolemy.actor.util.CausalityInterfaceForComposites._computeInputDepth(CausalityInterfaceForComposites.java:696)
	at ptolemy.actor.util.CausalityInterfaceForComposites._computeOutputPortDepth(CausalityInterfaceForComposites.java:765)
	at ptolemy.actor.util.CausalityInterfaceForComposites._computeInputDepth(CausalityInterfaceForComposites.java:696)
	at ptolemy.actor.util.CausalityInterfaceForComposites._computeActorDepth(CausalityInterfaceForComposites.java:532)
	at ptolemy.actor.util.CausalityInterfaceForComposites.checkForCycles(CausalityInterfaceForComposites.java:96)
	at ptolemy.domains.de.kernel.DEDirector.preinitialize(DEDirector.java:1338)
	at ptolemy.actor.CompositeActor.preinitialize(CompositeActor.java:1828)
	at ptolemy.actor.Manager.preinitializeAndResolveTypes(Manager.java:1040)
	at ptolemy.actor.Manager.initialize(Manager.java:710)
	at ptolemy.actor.Manager.execute(Manager.java:356)
	at ptolemy.actor.Manager.run(Manager.java:1263)
	at ptolemy.actor.Manager$PtolemyRunThread.run(Manager.java:1915)

    while executing
ptolemy.kernel.util.IllegalActionException: Found a zero delay loop containing .HierarchicalModel.A
  in .HierarchicalModel and .HierarchicalModel.A
    while executing
"java::new ptolemy.moml.MoMLSimpleApplication $file
"
    (procedure "createAndExecute" line 2)
    invoked from within
"createAndExecute $file"
    ("uplevel" body line 5)
    invoked from within
"uplevel $contents_of_test"
------------------ testing $PTII/ptolemy/domains/de/test/auto/knownFailedTests/DirectFeedback.xml (Known Failure) 
8 ms. Memory: 146944K Free: 84757K (58%)


==== $PTIIhome/travis/build/icyphy/ptII/ptolemy/domains/de/test/../../../../: Auto Automatic test in file $PTII/ptolemy/domains/de/test/auto/knownFailedTests/DirectFeedback.xml
==== Contents of test case:

	    # FIXME: we should use $relativeFilename here, but it
	    # might have backslashes under Windows, which causes no end
	    # of trouble.
	    createAndExecute $file
	    list {}
	
.... Test generated KNOWN error:
    while executing
ptolemy.kernel.util.IllegalActionException: Test fails in iteration 1.
Value was: 1.0. Should have been: 2.0
  in .DirectFeedback.Test
	at ptolemy.actor.lib.Test.fire(Test.java:268)
	at ptolemy.domains.de.kernel.DEDirector._fire(DEDirector.java:1949)
	at ptolemy.domains.de.kernel.DEDirector.fire(DEDirector.java:502)
	at ptolemy.actor.CompositeActor.fire(CompositeActor.java:455)
	at ptolemy.actor.Manager.iterate(Manager.java:851)
	at ptolemy.actor.Manager.execute(Manager.java:369)
	at ptolemy.actor.Manager.run(Manager.java:1263)
	at ptolemy.actor.Manager$PtolemyRunThread.run(Manager.java:1915)

    while executing
ptolemy.kernel.util.IllegalActionException: Test fails in iteration 1.
Value was: 1.0. Should have been: 2.0
  in .DirectFeedback.Test
    while executing
"java::new ptolemy.moml.MoMLSimpleApplication $file
"
    (procedure "createAndExecute" line 2)
    invoked from within
"createAndExecute $file"
    ("uplevel" body line 5)
    invoked from within
"uplevel $contents_of_test"
------------------ testing $PTII/ptolemy/domains/de/test/auto/ActorDepthCalculation_actorWithoutPorts.xml
auto.tcl: Setting watchdog for 200 seconds at Mon Apr 29 15:15:05 UTC 2019
4 ms. Memory: 146944K Free: 138025K (94%)
ptolemy.util.test.WatchDog.cancel(): canceling Mon Apr 29 15:15:05 UTC 2019
auto.tcl: Setting watchdog for 200 seconds at Mon Apr 29 15:15:05 UTC 2019
11 ms. Memory: 146944K Free: 136755K (93%)
ptolemy.util.test.WatchDog.cancel(): canceling Mon Apr 29 15:15:05 UTC 2019
------------------ testing $PTII/ptolemy/domains/de/test/auto/AssemblyLine.xml
auto.tcl: Setting watchdog for 200 seconds at Mon Apr 29 15:15:05 UTC 2019
12 ms. Memory: 208384K Free: 183478K (88%)
ptolemy.util.test.WatchDog.cancel(): canceling Mon Apr 29 15:15:05 UTC 2019
auto.tcl: Setting watchdog for 200 seconds at Mon Apr 29 15:15:05 UTC 2019
11 ms. Memory: 208384K Free: 183478K (88%)
ptolemy.util.test.WatchDog.cancel(): canceling Mon Apr 29 15:15:05 UTC 2019
------------------ testing $PTII/ptolemy/domains/de/test/auto/CQBug1.xml
auto.tcl: Setting watchdog for 200 seconds at Mon Apr 29 15:15:05 UTC 2019
4 ms. Memory: 208384K Free: 197945K (95%)
ptolemy.util.test.WatchDog.cancel(): canceling Mon Apr 29 15:15:06 UTC 2019
auto.tcl: Setting watchdog for 200 seconds at Mon Apr 29 15:15:06 UTC 2019
2 ms. Memory: 208384K Free: 197945K (95%)
ptolemy.util.test.WatchDog.cancel(): canceling Mon Apr 29 15:15:06 UTC 2019
------------------ testing $PTII/ptolemy/domains/de/test/auto/CancelFireAt.xml
auto.tcl: Setting watchdog for 200 seconds at Mon Apr 29 15:15:06 UTC 2019
4 ms. Memory: 208384K Free: 201587K (97%)
ptolemy.util.test.WatchDog.cancel(): canceling Mon Apr 29 15:15:06 UTC 2019
auto.tcl: Setting watchdog for 200 seconds at Mon Apr 29 15:15:06 UTC 2019
6 ms. Memory: 208384K Free: 199566K (96%)
ptolemy.util.test.WatchDog.cancel(): canceling Mon Apr 29 15:15:06 UTC 2019
------------------ testing $PTII/ptolemy/domains/de/test/auto/CausalityAndComposabilityAnalysis.xml
auto.tcl: Setting watchdog for 200 seconds at Mon Apr 29 15:15:06 UTC 2019
18 ms. Memory: 208384K Free: 198644K (95%)
ptolemy.util.test.WatchDog.cancel(): canceling Mon Apr 29 15:15:06 UTC 2019
auto.tcl: Setting watchdog for 200 seconds at Mon Apr 29 15:15:06 UTC 2019
4 ms. Memory: 208384K Free: 196623K (94%)
ptolemy.util.test.WatchDog.cancel(): canceling Mon Apr 29 15:15:06 UTC 2019
------------------ testing $PTII/ptolemy/domains/de/test/auto/CausalityInterface1.xml
auto.tcl: Setting watchdog for 200 seconds at Mon Apr 29 15:15:06 UTC 2019
12 ms. Memory: 208384K Free: 196561K (94%)
ptolemy.util.test.WatchDog.cancel(): canceling Mon Apr 29 15:15:06 UTC 2019
auto.tcl: Setting watchdog for 200 seconds at Mon Apr 29 15:15:06 UTC 2019
8 ms. Memory: 208384K Free: 196561K (94%)
ptolemy.util.test.WatchDog.cancel(): canceling Mon Apr 29 15:15:06 UTC 2019
------------------ testing $PTII/ptolemy/domains/de/test/auto/CausalityInterface15.xml
auto.tcl: Setting watchdog for 200 seconds at Mon Apr 29 15:15:06 UTC 2019
10 ms. Memory: 208384K Free: 196549K (94%)
ptolemy.util.test.WatchDog.cancel(): canceling Mon Apr 29 15:15:06 UTC 2019
auto.tcl: Setting watchdog for 200 seconds at Mon Apr 29 15:15:06 UTC 2019
4 ms. Memory: 208384K Free: 196549K (94%)
ptolemy.util.test.WatchDog.cancel(): canceling Mon Apr 29 15:15:06 UTC 2019
------------------ testing $PTII/ptolemy/domains/de/test/auto/CausalityInterface2.xml
auto.tcl: Setting watchdog for 200 seconds at Mon Apr 29 15:15:06 UTC 2019
6 ms. Memory: 208384K Free: 196533K (94%)
ptolemy.util.test.WatchDog.cancel(): canceling Mon Apr 29 15:15:06 UTC 2019
auto.tcl: Setting watchdog for 200 seconds at Mon Apr 29 15:15:06 UTC 2019
7 ms. Memory: 208384K Free: 196533K (94%)
ptolemy.util.test.WatchDog.cancel(): canceling Mon Apr 29 15:15:06 UTC 2019
------------------ testing $PTII/ptolemy/domains/de/test/auto/CausalityInterface3.xml
auto.tcl: Setting watchdog for 200 seconds at Mon Apr 29 15:15:06 UTC 2019
5 ms. Memory: 208384K Free: 196546K (94%)
ptolemy.util.test.WatchDog.cancel(): canceling Mon Apr 29 15:15:06 UTC 2019
auto.tcl: Setting watchdog for 200 seconds at Mon Apr 29 15:15:06 UTC 2019
7 ms. Memory: 208384K Free: 196546K (94%)
ptolemy.util.test.WatchDog.cancel(): canceling Mon Apr 29 15:15:06 UTC 2019
------------------ testing $PTII/ptolemy/domains/de/test/auto/ClockDrift.xml
auto.tcl: Setting watchdog for 200 seconds at Mon Apr 29 15:15:06 UTC 2019
78 ms. Memory: 208384K Free: 188015K (90%)
ptolemy.util.test.WatchDog.cancel(): canceling Mon Apr 29 15:15:06 UTC 2019
auto.tcl: Setting watchdog for 200 seconds at Mon Apr 29 15:15:06 UTC 2019
47 ms. Memory: 208384K Free: 185994K (89%)
ptolemy.util.test.WatchDog.cancel(): canceling Mon Apr 29 15:15:06 UTC 2019
------------------ testing $PTII/ptolemy/domains/de/test/auto/ClockDriftAndValueChange.xml
auto.tcl: Setting watchdog for 200 seconds at Mon Apr 29 15:15:06 UTC 2019
24 ms. Memory: 208384K Free: 187849K (90%)
ptolemy.util.test.WatchDog.cancel(): canceling Mon Apr 29 15:15:06 UTC 2019
auto.tcl: Setting watchdog for 200 seconds at Mon Apr 29 15:15:06 UTC 2019
32 ms. Memory: 208384K Free: 185828K (89%)
ptolemy.util.test.WatchDog.cancel(): canceling Mon Apr 29 15:15:07 UTC 2019
------------------ testing $PTII/ptolemy/domains/de/test/auto/ClockDriftChange.xml
auto.tcl: Setting watchdog for 200 seconds at Mon Apr 29 15:15:07 UTC 2019
17 ms. Memory: 208384K Free: 191094K (92%)
ptolemy.util.test.WatchDog.cancel(): canceling Mon Apr 29 15:15:07 UTC 2019
auto.tcl: Setting watchdog for 200 seconds at Mon Apr 29 15:15:07 UTC 2019
28 ms. Memory: 208384K Free: 189073K (91%)
ptolemy.util.test.WatchDog.cancel(): canceling Mon Apr 29 15:15:07 UTC 2019
------------------ testing $PTII/ptolemy/domains/de/test/auto/ComposableCausalityAnalysis.xml
auto.tcl: Setting watchdog for 200 seconds at Mon Apr 29 15:15:07 UTC 2019
2 ms. Memory: 208384K Free: 196920K (94%)
ptolemy.util.test.WatchDog.cancel(): canceling Mon Apr 29 15:15:07 UTC 2019
auto.tcl: Setting watchdog for 200 seconds at Mon Apr 29 15:15:07 UTC 2019
2 ms. Memory: 208384K Free: 194899K (94%)
ptolemy.util.test.WatchDog.cancel(): canceling Mon Apr 29 15:15:07 UTC 2019
------------------ testing $PTII/ptolemy/domains/de/test/auto/DEFixedPointLimitation.xml
auto.tcl: Setting watchdog for 200 seconds at Mon Apr 29 15:15:07 UTC 2019
4 ms. Memory: 208384K Free: 196481K (94%)
ptolemy.util.test.WatchDog.cancel(): canceling Mon Apr 29 15:15:07 UTC 2019
auto.tcl: Setting watchdog for 200 seconds at Mon Apr 29 15:15:07 UTC 2019
1 ms. Memory: 208384K Free: 196481K (94%)
ptolemy.util.test.WatchDog.cancel(): canceling Mon Apr 29 15:15:07 UTC 2019
------------------ testing $PTII/ptolemy/domains/de/test/auto/DEScheduleTest.xml
auto.tcl: Setting watchdog for 200 seconds at Mon Apr 29 15:15:07 UTC 2019
6 ms. Memory: 208384K Free: 199057K (96%)
ptolemy.util.test.WatchDog.cancel(): canceling Mon Apr 29 15:15:07 UTC 2019
auto.tcl: Setting watchdog for 200 seconds at Mon Apr 29 15:15:07 UTC 2019
4 ms. Memory: 208384K Free: 196517K (94%)
ptolemy.util.test.WatchDog.cancel(): canceling Mon Apr 29 15:15:07 UTC 2019
------------------ testing $PTII/ptolemy/domains/de/test/auto/DEinDEwithStartTimes.xml
auto.tcl: Setting watchdog for 200 seconds at Mon Apr 29 15:15:07 UTC 2019
5 ms. Memory: 208384K Free: 196487K (94%)
ptolemy.util.test.WatchDog.cancel(): canceling Mon Apr 29 15:15:07 UTC 2019
auto.tcl: Setting watchdog for 200 seconds at Mon Apr 29 15:15:07 UTC 2019
3 ms. Memory: 208384K Free: 194466K (93%)
ptolemy.util.test.WatchDog.cancel(): canceling Mon Apr 29 15:15:07 UTC 2019
------------------ testing $PTII/ptolemy/domains/de/test/auto/DEinDEwithStartTimes2.xml
auto.tcl: Setting watchdog for 200 seconds at Mon Apr 29 15:15:07 UTC 2019
7 ms. Memory: 208384K Free: 196467K (94%)
ptolemy.util.test.WatchDog.cancel(): canceling Mon Apr 29 15:15:07 UTC 2019
auto.tcl: Setting watchdog for 200 seconds at Mon Apr 29 15:15:07 UTC 2019
10 ms. Memory: 208384K Free: 194446K (93%)
ptolemy.util.test.WatchDog.cancel(): canceling Mon Apr 29 15:15:07 UTC 2019
------------------ testing $PTII/ptolemy/domains/de/test/auto/DateDemo.xml
auto.tcl: Setting watchdog for 200 seconds at Mon Apr 29 15:15:07 UTC 2019
11 ms. Memory: 208384K Free: 189142K (91%)
ptolemy.util.test.WatchDog.cancel(): canceling Mon Apr 29 15:15:07 UTC 2019
auto.tcl: Setting watchdog for 200 seconds at Mon Apr 29 15:15:07 UTC 2019
6 ms. Memory: 208384K Free: 187121K (90%)
ptolemy.util.test.WatchDog.cancel(): canceling Mon Apr 29 15:15:07 UTC 2019
------------------ testing $PTII/ptolemy/domains/de/test/auto/DateToEvent.xml
auto.tcl: Setting watchdog for 200 seconds at Mon Apr 29 15:15:07 UTC 2019
2022 ms. Memory: 208384K Free: 184093K (88%)
ptolemy.util.test.WatchDog.cancel(): canceling Mon Apr 29 15:15:09 UTC 2019
auto.tcl: Setting watchdog for 200 seconds at Mon Apr 29 15:15:09 UTC 2019
2007 ms. Memory: 208384K Free: 184093K (88%)
ptolemy.util.test.WatchDog.cancel(): canceling Mon Apr 29 15:15:11 UTC 2019
------------------ testing $PTII/ptolemy/domains/de/test/auto/DepthTest1.xml
auto.tcl: Setting watchdog for 200 seconds at Mon Apr 29 15:15:11 UTC 2019
5 ms. Memory: 208384K Free: 198067K (95%)
ptolemy.util.test.WatchDog.cancel(): canceling Mon Apr 29 15:15:11 UTC 2019
auto.tcl: Setting watchdog for 200 seconds at Mon Apr 29 15:15:11 UTC 2019
2 ms. Memory: 208384K Free: 198067K (95%)
ptolemy.util.test.WatchDog.cancel(): canceling Mon Apr 29 15:15:11 UTC 2019
------------------ testing $PTII/ptolemy/domains/de/test/auto/DepthTest2.xml
auto.tcl: Setting watchdog for 200 seconds at Mon Apr 29 15:15:11 UTC 2019
6 ms. Memory: 208384K Free: 194426K (93%)
ptolemy.util.test.WatchDog.cancel(): canceling Mon Apr 29 15:15:12 UTC 2019
auto.tcl: Setting watchdog for 200 seconds at Mon Apr 29 15:15:12 UTC 2019
3 ms. Memory: 208384K Free: 194426K (93%)
ptolemy.util.test.WatchDog.cancel(): canceling Mon Apr 29 15:15:12 UTC 2019
------------------ testing $PTII/ptolemy/domains/de/test/auto/DepthTest3.xml
auto.tcl: Setting watchdog for 200 seconds at Mon Apr 29 15:15:12 UTC 2019
2 ms. Memory: 208384K Free: 198402K (95%)
ptolemy.util.test.WatchDog.cancel(): canceling Mon Apr 29 15:15:12 UTC 2019
auto.tcl: Setting watchdog for 200 seconds at Mon Apr 29 15:15:12 UTC 2019
2 ms. Memory: 208384K Free: 198402K (95%)
ptolemy.util.test.WatchDog.cancel(): canceling Mon Apr 29 15:15:12 UTC 2019
------------------ testing $PTII/ptolemy/domains/de/test/auto/DepthTest4.xml
auto.tcl: Setting watchdog for 200 seconds at Mon Apr 29 15:15:12 UTC 2019
3 ms. Memory: 208384K Free: 196468K (94%)
ptolemy.util.test.WatchDog.cancel(): canceling Mon Apr 29 15:15:12 UTC 2019
auto.tcl: Setting watchdog for 200 seconds at Mon Apr 29 15:15:12 UTC 2019
2 ms. Memory: 208384K Free: 196468K (94%)
ptolemy.util.test.WatchDog.cancel(): canceling Mon Apr 29 15:15:12 UTC 2019
------------------ testing $PTII/ptolemy/domains/de/test/auto/DepthTest5.xml
auto.tcl: Setting watchdog for 200 seconds at Mon Apr 29 15:15:12 UTC 2019
7 ms. Memory: 208384K Free: 196415K (94%)
ptolemy.util.test.WatchDog.cancel(): canceling Mon Apr 29 15:15:12 UTC 2019
auto.tcl: Setting watchdog for 200 seconds at Mon Apr 29 15:15:12 UTC 2019
2 ms. Memory: 208384K Free: 196415K (94%)
ptolemy.util.test.WatchDog.cancel(): canceling Mon Apr 29 15:15:12 UTC 2019
------------------ testing $PTII/ptolemy/domains/de/test/auto/DepthTest6.xml
auto.tcl: Setting watchdog for 200 seconds at Mon Apr 29 15:15:12 UTC 2019
6 ms. Memory: 208384K Free: 196391K (94%)
ptolemy.util.test.WatchDog.cancel(): canceling Mon Apr 29 15:15:12 UTC 2019
auto.tcl: Setting watchdog for 200 seconds at Mon Apr 29 15:15:12 UTC 2019
2 ms. Memory: 208384K Free: 196391K (94%)
ptolemy.util.test.WatchDog.cancel(): canceling Mon Apr 29 15:15:12 UTC 2019
------------------ testing $PTII/ptolemy/domains/de/test/auto/DepthTest7.xml
auto.tcl: Setting watchdog for 200 seconds at Mon Apr 29 15:15:12 UTC 2019
2 ms. Memory: 208384K Free: 196372K (94%)
ptolemy.util.test.WatchDog.cancel(): canceling Mon Apr 29 15:15:12 UTC 2019
auto.tcl: Setting watchdog for 200 seconds at Mon Apr 29 15:15:12 UTC 2019
2 ms. Memory: 208384K Free: 196372K (94%)
ptolemy.util.test.WatchDog.cancel(): canceling Mon Apr 29 15:15:12 UTC 2019
------------------ testing $PTII/ptolemy/domains/de/test/auto/EventToDate.xml
auto.tcl: Setting watchdog for 200 seconds at Mon Apr 29 15:15:12 UTC 2019
3010 ms. Memory: 208384K Free: 186289K (89%)
ptolemy.util.test.WatchDog.cancel(): canceling Mon Apr 29 15:15:15 UTC 2019
auto.tcl: Setting watchdog for 200 seconds at Mon Apr 29 15:15:15 UTC 2019
3005 ms. Memory: 208384K Free: 186289K (89%)
ptolemy.util.test.WatchDog.cancel(): canceling Mon Apr 29 15:15:18 UTC 2019
------------------ testing $PTII/ptolemy/domains/de/test/auto/FSM1.xml
auto.tcl: Setting watchdog for 200 seconds at Mon Apr 29 15:15:18 UTC 2019
16 ms. Memory: 208384K Free: 189551K (91%)
ptolemy.util.test.WatchDog.cancel(): canceling Mon Apr 29 15:15:18 UTC 2019
auto.tcl: Setting watchdog for 200 seconds at Mon Apr 29 15:15:18 UTC 2019
14 ms. Memory: 208384K Free: 185493K (89%)
ptolemy.util.test.WatchDog.cancel(): canceling Mon Apr 29 15:15:18 UTC 2019
------------------ testing $PTII/ptolemy/domains/de/test/auto/FSM7.xml
auto.tcl: Setting watchdog for 200 seconds at Mon Apr 29 15:15:18 UTC 2019
35 ms. Memory: 208384K Free: 187718K (90%)
ptolemy.util.test.WatchDog.cancel(): canceling Mon Apr 29 15:15:18 UTC 2019
auto.tcl: Setting watchdog for 200 seconds at Mon Apr 29 15:15:18 UTC 2019
14 ms. Memory: 208384K Free: 185681K (89%)
ptolemy.util.test.WatchDog.cancel(): canceling Mon Apr 29 15:15:18 UTC 2019
------------------ testing $PTII/ptolemy/domains/de/test/auto/Inspection.xml
auto.tcl: Setting watchdog for 200 seconds at Mon Apr 29 15:15:18 UTC 2019
32 ms. Memory: 208384K Free: 189473K (91%)
ptolemy.util.test.WatchDog.cancel(): canceling Mon Apr 29 15:15:18 UTC 2019
auto.tcl: Setting watchdog for 200 seconds at Mon Apr 29 15:15:18 UTC 2019
18 ms. Memory: 208384K Free: 187452K (90%)
ptolemy.util.test.WatchDog.cancel(): canceling Mon Apr 29 15:15:18 UTC 2019
------------------ testing $PTII/ptolemy/domains/de/test/auto/Iteration.xml
auto.tcl: Setting watchdog for 200 seconds at Mon Apr 29 15:15:18 UTC 2019
12 ms. Memory: 208384K Free: 194224K (93%)
ptolemy.util.test.WatchDog.cancel(): canceling Mon Apr 29 15:15:18 UTC 2019
auto.tcl: Setting watchdog for 200 seconds at Mon Apr 29 15:15:18 UTC 2019
7 ms. Memory: 208384K Free: 191676K (92%)
ptolemy.util.test.WatchDog.cancel(): canceling Mon Apr 29 15:15:18 UTC 2019
------------------ testing $PTII/ptolemy/domains/de/test/auto/LineFault.xml
auto.tcl: Setting watchdog for 200 seconds at Mon Apr 29 15:15:18 UTC 2019
685 ms. Memory: 208384K Free: 201041K (96%)
ptolemy.util.test.WatchDog.cancel(): canceling Mon Apr 29 15:15:19 UTC 2019
auto.tcl: Setting watchdog for 200 seconds at Mon Apr 29 15:15:19 UTC 2019
603 ms. Memory: 208384K Free: 145879K (70%)
ptolemy.util.test.WatchDog.cancel(): canceling Mon Apr 29 15:15:20 UTC 2019
------------------ testing $PTII/ptolemy/domains/de/test/auto/MergeModel1Add.xml
auto.tcl: Setting watchdog for 200 seconds at Mon Apr 29 15:15:20 UTC 2019
16 ms. Memory: 331264K Free: 300833K (91%)
ptolemy.util.test.WatchDog.cancel(): canceling Mon Apr 29 15:15:20 UTC 2019
auto.tcl: Setting watchdog for 200 seconds at Mon Apr 29 15:15:20 UTC 2019
9 ms. Memory: 331264K Free: 300833K (91%)
ptolemy.util.test.WatchDog.cancel(): canceling Mon Apr 29 15:15:20 UTC 2019
------------------ testing $PTII/ptolemy/domains/de/test/auto/MergeModel2Add.xml
auto.tcl: Setting watchdog for 200 seconds at Mon Apr 29 15:15:20 UTC 2019
15 ms. Memory: 331264K Free: 305729K (92%)
ptolemy.util.test.WatchDog.cancel(): canceling Mon Apr 29 15:15:20 UTC 2019
auto.tcl: Setting watchdog for 200 seconds at Mon Apr 29 15:15:20 UTC 2019
10 ms. Memory: 331264K Free: 302179K (91%)
ptolemy.util.test.WatchDog.cancel(): canceling Mon Apr 29 15:15:20 UTC 2019
------------------ testing $PTII/ptolemy/domains/de/test/auto/MergeModel3Add.xml
auto.tcl: Setting watchdog for 200 seconds at Mon Apr 29 15:15:20 UTC 2019
11 ms. Memory: 331264K Free: 305699K (92%)
ptolemy.util.test.WatchDog.cancel(): canceling Mon Apr 29 15:15:20 UTC 2019
auto.tcl: Setting watchdog for 200 seconds at Mon Apr 29 15:15:20 UTC 2019
9 ms. Memory: 331264K Free: 302162K (91%)
ptolemy.util.test.WatchDog.cancel(): canceling Mon Apr 29 15:15:20 UTC 2019
------------------ testing $PTII/ptolemy/domains/de/test/auto/MergeWithoutDiscard.xml
auto.tcl: Setting watchdog for 200 seconds at Mon Apr 29 15:15:20 UTC 2019
2 ms. Memory: 331264K Free: 317020K (96%)
ptolemy.util.test.WatchDog.cancel(): canceling Mon Apr 29 15:15:20 UTC 2019
auto.tcl: Setting watchdog for 200 seconds at Mon Apr 29 15:15:20 UTC 2019
1 ms. Memory: 331264K Free: 316345K (95%)
ptolemy.util.test.WatchDog.cancel(): canceling Mon Apr 29 15:15:20 UTC 2019
------------------ testing $PTII/ptolemy/domains/de/test/auto/Modal1.xml
auto.tcl: Setting watchdog for 200 seconds at Mon Apr 29 15:15:21 UTC 2019
11 ms. Memory: 331264K Free: 310643K (94%)
ptolemy.util.test.WatchDog.cancel(): canceling Mon Apr 29 15:15:21 UTC 2019
auto.tcl: Setting watchdog for 200 seconds at Mon Apr 29 15:15:21 UTC 2019
11 ms. Memory: 331264K Free: 307094K (93%)
ptolemy.util.test.WatchDog.cancel(): canceling Mon Apr 29 15:15:21 UTC 2019
------------------ testing $PTII/ptolemy/domains/de/test/auto/Modal2.xml
auto.tcl: Setting watchdog for 200 seconds at Mon Apr 29 15:15:21 UTC 2019
14 ms. Memory: 331264K Free: 310526K (94%)
ptolemy.util.test.WatchDog.cancel(): canceling Mon Apr 29 15:15:21 UTC 2019
auto.tcl: Setting watchdog for 200 seconds at Mon Apr 29 15:15:21 UTC 2019
16 ms. Memory: 331264K Free: 306976K (93%)
ptolemy.util.test.WatchDog.cancel(): canceling Mon Apr 29 15:15:21 UTC 2019
------------------ testing $PTII/ptolemy/domains/de/test/auto/Modal3.xml
auto.tcl: Setting watchdog for 200 seconds at Mon Apr 29 15:15:21 UTC 2019
17 ms. Memory: 331264K Free: 310508K (94%)
ptolemy.util.test.WatchDog.cancel(): canceling Mon Apr 29 15:15:21 UTC 2019
auto.tcl: Setting watchdog for 200 seconds at Mon Apr 29 15:15:21 UTC 2019
13 ms. Memory: 331264K Free: 306966K (93%)
ptolemy.util.test.WatchDog.cancel(): canceling Mon Apr 29 15:15:21 UTC 2019
------------------ testing $PTII/ptolemy/domains/de/test/auto/Modal4.xml
auto.tcl: Setting watchdog for 200 seconds at Mon Apr 29 15:15:21 UTC 2019
25 ms. Memory: 331264K Free: 310545K (94%)
ptolemy.util.test.WatchDog.cancel(): canceling Mon Apr 29 15:15:21 UTC 2019
auto.tcl: Setting watchdog for 200 seconds at Mon Apr 29 15:15:21 UTC 2019
16 ms. Memory: 331264K Free: 306995K (93%)
ptolemy.util.test.WatchDog.cancel(): canceling Mon Apr 29 15:15:21 UTC 2019
------------------ testing $PTII/ptolemy/domains/de/test/auto/Modal5.xml
auto.tcl: Setting watchdog for 200 seconds at Mon Apr 29 15:15:21 UTC 2019
17 ms. Memory: 331264K Free: 310532K (94%)
ptolemy.util.test.WatchDog.cancel(): canceling Mon Apr 29 15:15:21 UTC 2019
auto.tcl: Setting watchdog for 200 seconds at Mon Apr 29 15:15:21 UTC 2019
13 ms. Memory: 331264K Free: 306982K (93%)
ptolemy.util.test.WatchDog.cancel(): canceling Mon Apr 29 15:15:21 UTC 2019
------------------ testing $PTII/ptolemy/domains/de/test/auto/Modal6.xml
auto.tcl: Setting watchdog for 200 seconds at Mon Apr 29 15:15:21 UTC 2019
11 ms. Memory: 331264K Free: 305598K (92%)
ptolemy.util.test.WatchDog.cancel(): canceling Mon Apr 29 15:15:21 UTC 2019
auto.tcl: Setting watchdog for 200 seconds at Mon Apr 29 15:15:21 UTC 2019
13 ms. Memory: 331264K Free: 302056K (91%)
ptolemy.util.test.WatchDog.cancel(): canceling Mon Apr 29 15:15:21 UTC 2019
------------------ testing $PTII/ptolemy/domains/de/test/auto/Modal7.xml
auto.tcl: Setting watchdog for 200 seconds at Mon Apr 29 15:15:21 UTC 2019
15 ms. Memory: 331264K Free: 306972K (93%)
ptolemy.util.test.WatchDog.cancel(): canceling Mon Apr 29 15:15:21 UTC 2019
auto.tcl: Setting watchdog for 200 seconds at Mon Apr 29 15:15:21 UTC 2019
10 ms. Memory: 331264K Free: 303438K (92%)
ptolemy.util.test.WatchDog.cancel(): canceling Mon Apr 29 15:15:21 UTC 2019
------------------ testing $PTII/ptolemy/domains/de/test/auto/ModalModel.xml
auto.tcl: Setting watchdog for 200 seconds at Mon Apr 29 15:15:21 UTC 2019
166 ms. Memory: 331264K Free: 250638K (76%)
ptolemy.util.test.WatchDog.cancel(): canceling Mon Apr 29 15:15:22 UTC 2019
auto.tcl: Setting watchdog for 200 seconds at Mon Apr 29 15:15:22 UTC 2019
173 ms. Memory: 331264K Free: 193966K (59%)
ptolemy.util.test.WatchDog.cancel(): canceling Mon Apr 29 15:15:22 UTC 2019
------------------ testing $PTII/ptolemy/domains/de/test/auto/ModalSource.xml
auto.tcl: Setting watchdog for 200 seconds at Mon Apr 29 15:15:22 UTC 2019
6 ms. Memory: 331264K Free: 316715K (96%)
ptolemy.util.test.WatchDog.cancel(): canceling Mon Apr 29 15:15:22 UTC 2019
auto.tcl: Setting watchdog for 200 seconds at Mon Apr 29 15:15:22 UTC 2019
6 ms. Memory: 331264K Free: 313439K (95%)
ptolemy.util.test.WatchDog.cancel(): canceling Mon Apr 29 15:15:22 UTC 2019
------------------ testing $PTII/ptolemy/domains/de/test/auto/NonInterruptibleTimerZeroDelay.xml
auto.tcl: Setting watchdog for 200 seconds at Mon Apr 29 15:15:22 UTC 2019
4 ms. Memory: 331264K Free: 321074K (97%)
ptolemy.util.test.WatchDog.cancel(): canceling Mon Apr 29 15:15:22 UTC 2019
auto.tcl: Setting watchdog for 200 seconds at Mon Apr 29 15:15:22 UTC 2019
2 ms. Memory: 331264K Free: 317798K (96%)
ptolemy.util.test.WatchDog.cancel(): canceling Mon Apr 29 15:15:22 UTC 2019
------------------ testing $PTII/ptolemy/domains/de/test/auto/OpenQueueingNetwork.xml
auto.tcl: Setting watchdog for 200 seconds at Mon Apr 29 15:15:22 UTC 2019
2670 ms. Memory: 317952K Free: 197867K (62%)
ptolemy.util.test.WatchDog.cancel(): canceling Mon Apr 29 15:15:25 UTC 2019
auto.tcl: Setting watchdog for 200 seconds at Mon Apr 29 15:15:25 UTC 2019
2053 ms. Memory: 297472K Free: 123303K (41%)
ptolemy.util.test.WatchDog.cancel(): canceling Mon Apr 29 15:15:27 UTC 2019
------------------ testing $PTII/ptolemy/domains/de/test/auto/OpenQueuingNetwork.xml
auto.tcl: Setting watchdog for 200 seconds at Mon Apr 29 15:15:27 UTC 2019
233 ms. Memory: 296448K Free: 203846K (69%)
ptolemy.util.test.WatchDog.cancel(): canceling Mon Apr 29 15:15:27 UTC 2019
auto.tcl: Setting watchdog for 200 seconds at Mon Apr 29 15:15:27 UTC 2019
214 ms. Memory: 296448K Free: 150073K (51%)
ptolemy.util.test.WatchDog.cancel(): canceling Mon Apr 29 15:15:27 UTC 2019
------------------ testing $PTII/ptolemy/domains/de/test/auto/PeriodicSampler.xml
auto.tcl: Setting watchdog for 200 seconds at Mon Apr 29 15:15:27 UTC 2019
2 ms. Memory: 296960K Free: 284518K (96%)
ptolemy.util.test.WatchDog.cancel(): canceling Mon Apr 29 15:15:27 UTC 2019
auto.tcl: Setting watchdog for 200 seconds at Mon Apr 29 15:15:27 UTC 2019
2 ms. Memory: 296960K Free: 281451K (95%)
ptolemy.util.test.WatchDog.cancel(): canceling Mon Apr 29 15:15:27 UTC 2019
------------------ testing $PTII/ptolemy/domains/de/test/auto/PersistentIO.xml
auto.tcl: Setting watchdog for 200 seconds at Mon Apr 29 15:15:27 UTC 2019
16 ms. Memory: 296448K Free: 278496K (94%)
ptolemy.util.test.WatchDog.cancel(): canceling Mon Apr 29 15:15:27 UTC 2019
auto.tcl: Setting watchdog for 200 seconds at Mon Apr 29 15:15:27 UTC 2019
4 ms. Memory: 296448K Free: 275430K (93%)
ptolemy.util.test.WatchDog.cancel(): canceling Mon Apr 29 15:15:28 UTC 2019
------------------ testing $PTII/ptolemy/domains/de/test/auto/PortParameterResetOnInitialize.xml
auto.tcl: Setting watchdog for 200 seconds at Mon Apr 29 15:15:28 UTC 2019
2 ms. Memory: 296448K Free: 281401K (95%)
ptolemy.util.test.WatchDog.cancel(): canceling Mon Apr 29 15:15:28 UTC 2019
auto.tcl: Setting watchdog for 200 seconds at Mon Apr 29 15:15:28 UTC 2019
2 ms. Memory: 296448K Free: 281401K (95%)
ptolemy.util.test.WatchDog.cancel(): canceling Mon Apr 29 15:15:28 UTC 2019
------------------ testing $PTII/ptolemy/domains/de/test/auto/PortParameterUpdates.xml
auto.tcl: Setting watchdog for 200 seconds at Mon Apr 29 15:15:28 UTC 2019
4 ms. Memory: 298496K Free: 283436K (95%)
ptolemy.util.test.WatchDog.cancel(): canceling Mon Apr 29 15:15:28 UTC 2019
auto.tcl: Setting watchdog for 200 seconds at Mon Apr 29 15:15:28 UTC 2019
3 ms. Memory: 298496K Free: 280369K (94%)
ptolemy.util.test.WatchDog.cancel(): canceling Mon Apr 29 15:15:28 UTC 2019
------------------ testing $PTII/ptolemy/domains/de/test/auto/QueueAndServer.xml
auto.tcl: Setting watchdog for 200 seconds at Mon Apr 29 15:15:28 UTC 2019
12 ms. Memory: 296448K Free: 278269K (94%)
ptolemy.util.test.WatchDog.cancel(): canceling Mon Apr 29 15:15:28 UTC 2019
auto.tcl: Setting watchdog for 200 seconds at Mon Apr 29 15:15:28 UTC 2019
6 ms. Memory: 296448K Free: 278269K (94%)
ptolemy.util.test.WatchDog.cancel(): canceling Mon Apr 29 15:15:28 UTC 2019
------------------ testing $PTII/ptolemy/domains/de/test/auto/Records.xml
auto.tcl: Setting watchdog for 200 seconds at Mon Apr 29 15:15:28 UTC 2019
10 ms. Memory: 298496K Free: 285492K (96%)
ptolemy.util.test.WatchDog.cancel(): canceling Mon Apr 29 15:15:28 UTC 2019
auto.tcl: Setting watchdog for 200 seconds at Mon Apr 29 15:15:28 UTC 2019
2 ms. Memory: 298496K Free: 285492K (96%)
ptolemy.util.test.WatchDog.cancel(): canceling Mon Apr 29 15:15:28 UTC 2019
------------------ testing $PTII/ptolemy/domains/de/test/auto/ResetTransitionWithStartTime1.xml
auto.tcl: Setting watchdog for 200 seconds at Mon Apr 29 15:15:28 UTC 2019
16 ms. Memory: 296448K Free: 280403K (95%)
ptolemy.util.test.WatchDog.cancel(): canceling Mon Apr 29 15:15:28 UTC 2019
auto.tcl: Setting watchdog for 200 seconds at Mon Apr 29 15:15:28 UTC 2019
5 ms. Memory: 296448K Free: 280403K (95%)
ptolemy.util.test.WatchDog.cancel(): canceling Mon Apr 29 15:15:28 UTC 2019
------------------ testing $PTII/ptolemy/domains/de/test/auto/ResetTransitionWithStartTime2.xml
auto.tcl: Setting watchdog for 200 seconds at Mon Apr 29 15:15:28 UTC 2019
11 ms. Memory: 297984K Free: 281930K (95%)
ptolemy.util.test.WatchDog.cancel(): canceling Mon Apr 29 15:15:28 UTC 2019
auto.tcl: Setting watchdog for 200 seconds at Mon Apr 29 15:15:28 UTC 2019
5 ms. Memory: 297984K Free: 281930K (95%)
ptolemy.util.test.WatchDog.cancel(): canceling Mon Apr 29 15:15:28 UTC 2019
------------------ testing $PTII/ptolemy/domains/de/test/auto/ResetTransitionWithStartTime3.xml
auto.tcl: Setting watchdog for 200 seconds at Mon Apr 29 15:15:28 UTC 2019
5 ms. Memory: 296448K Free: 280254K (95%)
ptolemy.util.test.WatchDog.cancel(): canceling Mon Apr 29 15:15:28 UTC 2019
auto.tcl: Setting watchdog for 200 seconds at Mon Apr 29 15:15:28 UTC 2019
5 ms. Memory: 296448K Free: 280254K (95%)
ptolemy.util.test.WatchDog.cancel(): canceling Mon Apr 29 15:15:28 UTC 2019
------------------ testing $PTII/ptolemy/domains/de/test/auto/ResetTransitionWithStartTime4.xml
auto.tcl: Setting watchdog for 200 seconds at Mon Apr 29 15:15:28 UTC 2019
3 ms. Memory: 297984K Free: 281788K (95%)
ptolemy.util.test.WatchDog.cancel(): canceling Mon Apr 29 15:15:28 UTC 2019
auto.tcl: Setting watchdog for 200 seconds at Mon Apr 29 15:15:28 UTC 2019
3 ms. Memory: 297984K Free: 281788K (95%)
ptolemy.util.test.WatchDog.cancel(): canceling Mon Apr 29 15:15:28 UTC 2019
------------------ testing $PTII/ptolemy/domains/de/test/auto/ResettableTimer1.xml
auto.tcl: Setting watchdog for 200 seconds at Mon Apr 29 15:15:28 UTC 2019
2 ms. Memory: 296448K Free: 283298K (96%)
ptolemy.util.test.WatchDog.cancel(): canceling Mon Apr 29 15:15:28 UTC 2019
auto.tcl: Setting watchdog for 200 seconds at Mon Apr 29 15:15:28 UTC 2019
2 ms. Memory: 296448K Free: 283298K (96%)
ptolemy.util.test.WatchDog.cancel(): canceling Mon Apr 29 15:15:28 UTC 2019
------------------ testing $PTII/ptolemy/domains/de/test/auto/ResettableTimer2.xml
auto.tcl: Setting watchdog for 200 seconds at Mon Apr 29 15:15:28 UTC 2019
2 ms. Memory: 297984K Free: 285054K (96%)
ptolemy.util.test.WatchDog.cancel(): canceling Mon Apr 29 15:15:28 UTC 2019
auto.tcl: Setting watchdog for 200 seconds at Mon Apr 29 15:15:28 UTC 2019
2 ms. Memory: 297984K Free: 285054K (96%)
ptolemy.util.test.WatchDog.cancel(): canceling Mon Apr 29 15:15:28 UTC 2019
------------------ testing $PTII/ptolemy/domains/de/test/auto/ResettableTimer3.xml
auto.tcl: Setting watchdog for 200 seconds at Mon Apr 29 15:15:28 UTC 2019
1 ms. Memory: 296448K Free: 283356K (96%)
ptolemy.util.test.WatchDog.cancel(): canceling Mon Apr 29 15:15:28 UTC 2019
auto.tcl: Setting watchdog for 200 seconds at Mon Apr 29 15:15:28 UTC 2019
1 ms. Memory: 296448K Free: 283356K (96%)
ptolemy.util.test.WatchDog.cancel(): canceling Mon Apr 29 15:15:28 UTC 2019
------------------ testing $PTII/ptolemy/domains/de/test/auto/ResettableTimer4.xml
auto.tcl: Setting watchdog for 200 seconds at Mon Apr 29 15:15:28 UTC 2019
1 ms. Memory: 297472K Free: 284555K (96%)
ptolemy.util.test.WatchDog.cancel(): canceling Mon Apr 29 15:15:28 UTC 2019
auto.tcl: Setting watchdog for 200 seconds at Mon Apr 29 15:15:28 UTC 2019
1 ms. Memory: 297472K Free: 284555K (96%)
ptolemy.util.test.WatchDog.cancel(): canceling Mon Apr 29 15:15:28 UTC 2019
------------------ testing $PTII/ptolemy/domains/de/test/auto/ResettableTimer5.xml
auto.tcl: Setting watchdog for 200 seconds at Mon Apr 29 15:15:28 UTC 2019
1 ms. Memory: 296448K Free: 283537K (96%)
ptolemy.util.test.WatchDog.cancel(): canceling Mon Apr 29 15:15:28 UTC 2019
auto.tcl: Setting watchdog for 200 seconds at Mon Apr 29 15:15:28 UTC 2019
1 ms. Memory: 296448K Free: 283537K (96%)
ptolemy.util.test.WatchDog.cancel(): canceling Mon Apr 29 15:15:28 UTC 2019
------------------ testing $PTII/ptolemy/domains/de/test/auto/ResettableTimer6.xml
auto.tcl: Setting watchdog for 200 seconds at Mon Apr 29 15:15:28 UTC 2019
1 ms. Memory: 297472K Free: 282190K (95%)
ptolemy.util.test.WatchDog.cancel(): canceling Mon Apr 29 15:15:29 UTC 2019
auto.tcl: Setting watchdog for 200 seconds at Mon Apr 29 15:15:29 UTC 2019
2 ms. Memory: 297472K Free: 282190K (95%)
ptolemy.util.test.WatchDog.cancel(): canceling Mon Apr 29 15:15:29 UTC 2019
------------------ testing $PTII/ptolemy/domains/de/test/auto/ServerZeroDelay.xml
auto.tcl: Setting watchdog for 200 seconds at Mon Apr 29 15:15:29 UTC 2019
3 ms. Memory: 296448K Free: 286536K (97%)
ptolemy.util.test.WatchDog.cancel(): canceling Mon Apr 29 15:15:29 UTC 2019
auto.tcl: Setting watchdog for 200 seconds at Mon Apr 29 15:15:29 UTC 2019
2 ms. Memory: 296448K Free: 283485K (96%)
ptolemy.util.test.WatchDog.cancel(): canceling Mon Apr 29 15:15:29 UTC 2019
------------------ testing $PTII/ptolemy/domains/de/test/auto/SmartSender.xml
auto.tcl: Setting watchdog for 200 seconds at Mon Apr 29 15:15:29 UTC 2019
3001 ms. Memory: 297472K Free: 282354K (95%)
ptolemy.util.test.WatchDog.cancel(): canceling Mon Apr 29 15:15:32 UTC 2019
auto.tcl: Setting watchdog for 200 seconds at Mon Apr 29 15:15:32 UTC 2019
3001 ms. Memory: 297472K Free: 282354K (95%)
ptolemy.util.test.WatchDog.cancel(): canceling Mon Apr 29 15:15:35 UTC 2019
------------------ testing $PTII/ptolemy/domains/de/test/auto/ThreadedComposite.xml
auto.tcl: Setting watchdog for 200 seconds at Mon Apr 29 15:15:35 UTC 2019
220 ms. Memory: 296448K Free: 262154K (88%)
ptolemy.util.test.WatchDog.cancel(): canceling Mon Apr 29 15:15:35 UTC 2019
auto.tcl: Setting watchdog for 200 seconds at Mon Apr 29 15:15:35 UTC 2019
131 ms. Memory: 296448K Free: 247435K (83%)
ptolemy.util.test.WatchDog.cancel(): canceling Mon Apr 29 15:15:35 UTC 2019
------------------ testing $PTII/ptolemy/domains/de/test/auto/Time.xml
auto.tcl: Setting watchdog for 200 seconds at Mon Apr 29 15:15:35 UTC 2019
477 ms. Memory: 297472K Free: 238909K (80%)
ptolemy.util.test.WatchDog.cancel(): canceling Mon Apr 29 15:15:36 UTC 2019
auto.tcl: Setting watchdog for 200 seconds at Mon Apr 29 15:15:36 UTC 2019
473 ms. Memory: 297472K Free: 193151K (65%)
ptolemy.util.test.WatchDog.cancel(): canceling Mon Apr 29 15:15:36 UTC 2019
------------------ testing $PTII/ptolemy/domains/de/test/auto/TimeDelayZeroDelay.xml
auto.tcl: Setting watchdog for 200 seconds at Mon Apr 29 15:15:36 UTC 2019
1 ms. Memory: 296448K Free: 286292K (97%)
ptolemy.util.test.WatchDog.cancel(): canceling Mon Apr 29 15:15:36 UTC 2019
auto.tcl: Setting watchdog for 200 seconds at Mon Apr 29 15:15:36 UTC 2019
1 ms. Memory: 296448K Free: 283225K (96%)
ptolemy.util.test.WatchDog.cancel(): canceling Mon Apr 29 15:15:36 UTC 2019
------------------ testing $PTII/ptolemy/domains/de/test/auto/TimerZeroDelay.xml
auto.tcl: Setting watchdog for 200 seconds at Mon Apr 29 15:15:36 UTC 2019
2 ms. Memory: 296960K Free: 287009K (97%)
ptolemy.util.test.WatchDog.cancel(): canceling Mon Apr 29 15:15:36 UTC 2019
auto.tcl: Setting watchdog for 200 seconds at Mon Apr 29 15:15:36 UTC 2019
2 ms. Memory: 296960K Free: 283943K (96%)
ptolemy.util.test.WatchDog.cancel(): canceling Mon Apr 29 15:15:36 UTC 2019
------------------ testing $PTII/ptolemy/domains/de/test/auto/TimingParadox.xml
auto.tcl: Setting watchdog for 200 seconds at Mon Apr 29 15:15:36 UTC 2019
381 ms. Memory: 296448K Free: 224736K (76%)
ptolemy.util.test.WatchDog.cancel(): canceling Mon Apr 29 15:15:37 UTC 2019
auto.tcl: Setting watchdog for 200 seconds at Mon Apr 29 15:15:37 UTC 2019
351 ms. Memory: 296448K Free: 197281K (67%)
ptolemy.util.test.WatchDog.cancel(): canceling Mon Apr 29 15:15:37 UTC 2019
------------------ testing $PTII/ptolemy/domains/de/test/auto/TransferInputs.xml
auto.tcl: Setting watchdog for 200 seconds at Mon Apr 29 15:15:37 UTC 2019
2 ms. Memory: 296960K Free: 282905K (95%)
ptolemy.util.test.WatchDog.cancel(): canceling Mon Apr 29 15:15:37 UTC 2019
auto.tcl: Setting watchdog for 200 seconds at Mon Apr 29 15:15:37 UTC 2019
2 ms. Memory: 296960K Free: 282905K (95%)
ptolemy.util.test.WatchDog.cancel(): canceling Mon Apr 29 15:15:37 UTC 2019
------------------ testing $PTII/ptolemy/domains/de/test/auto/TransferOutputs2.xml
auto.tcl: Setting watchdog for 200 seconds at Mon Apr 29 15:15:37 UTC 2019
2 ms. Memory: 296448K Free: 278277K (94%)
ptolemy.util.test.WatchDog.cancel(): canceling Mon Apr 29 15:15:37 UTC 2019
auto.tcl: Setting watchdog for 200 seconds at Mon Apr 29 15:15:37 UTC 2019
2 ms. Memory: 296448K Free: 278277K (94%)
ptolemy.util.test.WatchDog.cancel(): canceling Mon Apr 29 15:15:37 UTC 2019
------------------ testing $PTII/ptolemy/domains/de/test/auto/Trilateration.xml
auto.tcl: Setting watchdog for 200 seconds at Mon Apr 29 15:15:37 UTC 2019
12159 ms. Memory: 562688K Free: 318283K (57%)
ptolemy.util.test.WatchDog.cancel(): canceling Mon Apr 29 15:15:50 UTC 2019
auto.tcl: Setting watchdog for 200 seconds at Mon Apr 29 15:15:50 UTC 2019
10177 ms. Memory: 444416K Free: 158018K (36%)
ptolemy.util.test.WatchDog.cancel(): canceling Mon Apr 29 15:16:01 UTC 2019
------------------ testing $PTII/ptolemy/domains/de/test/auto/TwoSigmaDelta.xml
auto.tcl: Setting watchdog for 200 seconds at Mon Apr 29 15:16:01 UTC 2019
2609 ms. Memory: 441344K Free: 130192K (29%)
ptolemy.util.test.WatchDog.cancel(): canceling Mon Apr 29 15:16:03 UTC 2019
auto.tcl: Setting watchdog for 200 seconds at Mon Apr 29 15:16:03 UTC 2019
2018 ms. Memory: 427520K Free: 234594K (55%)
ptolemy.util.test.WatchDog.cancel(): canceling Mon Apr 29 15:16:05 UTC 2019
------------------ testing $PTII/ptolemy/domains/de/test/auto/VariableDelay.xml
auto.tcl: Setting watchdog for 200 seconds at Mon Apr 29 15:16:05 UTC 2019
3 ms. Memory: 424960K Free: 407349K (96%)
ptolemy.util.test.WatchDog.cancel(): canceling Mon Apr 29 15:16:05 UTC 2019
auto.tcl: Setting watchdog for 200 seconds at Mon Apr 29 15:16:05 UTC 2019
2 ms. Memory: 424960K Free: 407349K (96%)
ptolemy.util.test.WatchDog.cancel(): canceling Mon Apr 29 15:16:05 UTC 2019
------------------ testing $PTII/ptolemy/domains/de/test/auto/VariableDelay2.xml
auto.tcl: Setting watchdog for 200 seconds at Mon Apr 29 15:16:06 UTC 2019
7 ms. Memory: 427520K Free: 413769K (97%)
ptolemy.util.test.WatchDog.cancel(): canceling Mon Apr 29 15:16:06 UTC 2019
auto.tcl: Setting watchdog for 200 seconds at Mon Apr 29 15:16:06 UTC 2019
1 ms. Memory: 427520K Free: 413769K (97%)
ptolemy.util.test.WatchDog.cancel(): canceling Mon Apr 29 15:16:06 UTC 2019
------------------ testing $PTII/ptolemy/domains/de/test/auto/VariableDelayZeroDelay.xml
auto.tcl: Setting watchdog for 200 seconds at Mon Apr 29 15:16:06 UTC 2019
2 ms. Memory: 424960K Free: 407772K (96%)
ptolemy.util.test.WatchDog.cancel(): canceling Mon Apr 29 15:16:06 UTC 2019
auto.tcl: Setting watchdog for 200 seconds at Mon Apr 29 15:16:06 UTC 2019
1 ms. Memory: 424960K Free: 407772K (96%)
ptolemy.util.test.WatchDog.cancel(): canceling Mon Apr 29 15:16:06 UTC 2019
------------------ testing $PTII/ptolemy/domains/de/test/auto/VariableDelayZeroDelay2.xml
auto.tcl: Setting watchdog for 200 seconds at Mon Apr 29 15:16:06 UTC 2019
1 ms. Memory: 427008K Free: 409818K (96%)
ptolemy.util.test.WatchDog.cancel(): canceling Mon Apr 29 15:16:06 UTC 2019
auto.tcl: Setting watchdog for 200 seconds at Mon Apr 29 15:16:06 UTC 2019
2 ms. Memory: 427008K Free: 409818K (96%)
ptolemy.util.test.WatchDog.cancel(): canceling Mon Apr 29 15:16:06 UTC 2019
------------------ testing $PTII/ptolemy/domains/de/test/auto/deInCt.xml
auto.tcl: Setting watchdog for 200 seconds at Mon Apr 29 15:16:06 UTC 2019
0
1
1
1
0
0
0
0
1
1
1
1
1
0
0
0
1
1
1
0
0
0
0
1
1
1
0
0
0
1
1
1
1
0
0
0
1
1
1
1
13 ms. Memory: 424960K Free: 407747K (96%)
ptolemy.util.test.WatchDog.cancel(): canceling Mon Apr 29 15:16:06 UTC 2019
auto.tcl: Setting watchdog for 200 seconds at Mon Apr 29 15:16:06 UTC 2019
0
1
1
1
0
0
0
1
1
1
1
0
0
0
1
1
1
1
1
0
0
1
1
1
0
0
1
1
1
1
1
1
5 ms. Memory: 424960K Free: 407747K (96%)
ptolemy.util.test.WatchDog.cancel(): canceling Mon Apr 29 15:16:06 UTC 2019
------------------ testing $PTII/ptolemy/domains/de/test/auto/deInCt2.xml
auto.tcl: Setting watchdog for 200 seconds at Mon Apr 29 15:16:06 UTC 2019
0
1
1
1
0
0
1
1
1
0
0
1
1
1
0
0
1
1
1
0
0
1
1
1
0
0
1
1
1
0
0
1
1
1
0
0
1
1
1
0
0
0
10 ms. Memory: 426496K Free: 409283K (96%)
ptolemy.util.test.WatchDog.cancel(): canceling Mon Apr 29 15:16:06 UTC 2019
auto.tcl: Setting watchdog for 200 seconds at Mon Apr 29 15:16:06 UTC 2019
0
1
1
1
0
0
1
1
1
0
0
1
1
1
0
0
1
1
1
0
0
1
1
1
0
0
1
1
1
0
0
1
1
1
0
0
1
1
1
0
0
0
5 ms. Memory: 426496K Free: 409283K (96%)
ptolemy.util.test.WatchDog.cancel(): canceling Mon Apr 29 15:16:06 UTC 2019
------------------ testing $PTII/ptolemy/domains/de/test/auto/dynamicCausalityInterface1.xml
auto.tcl: Setting watchdog for 200 seconds at Mon Apr 29 15:16:06 UTC 2019
1 ms. Memory: 424960K Free: 405674K (95%)
ptolemy.util.test.WatchDog.cancel(): canceling Mon Apr 29 15:16:06 UTC 2019
auto.tcl: Setting watchdog for 200 seconds at Mon Apr 29 15:16:06 UTC 2019
1 ms. Memory: 424960K Free: 405674K (95%)
ptolemy.util.test.WatchDog.cancel(): canceling Mon Apr 29 15:16:06 UTC 2019
------------------ testing $PTII/ptolemy/domains/de/test/auto/fsm_de_test.xml
auto.tcl: Setting watchdog for 200 seconds at Mon Apr 29 15:16:06 UTC 2019
6 ms. Memory: 426496K Free: 403685K (95%)
ptolemy.util.test.WatchDog.cancel(): canceling Mon Apr 29 15:16:06 UTC 2019
auto.tcl: Setting watchdog for 200 seconds at Mon Apr 29 15:16:06 UTC 2019
5 ms. Memory: 426496K Free: 403685K (95%)
ptolemy.util.test.WatchDog.cancel(): canceling Mon Apr 29 15:16:06 UTC 2019
------------------ testing $PTII/ptolemy/domains/de/test/auto/functionDependencyReconstruction.xml
auto.tcl: Setting watchdog for 200 seconds at Mon Apr 29 15:16:06 UTC 2019
2 ms. Memory: 424960K Free: 396616K (93%)
ptolemy.util.test.WatchDog.cancel(): canceling Mon Apr 29 15:16:06 UTC 2019
auto.tcl: Setting watchdog for 200 seconds at Mon Apr 29 15:16:06 UTC 2019
3 ms. Memory: 424960K Free: 396616K (93%)
ptolemy.util.test.WatchDog.cancel(): canceling Mon Apr 29 15:16:06 UTC 2019
------------------ testing $PTII/ptolemy/domains/de/test/auto/multirate.xml
auto.tcl: Setting watchdog for 200 seconds at Mon Apr 29 15:16:06 UTC 2019
7 ms. Memory: 425984K Free: 411963K (97%)
ptolemy.util.test.WatchDog.cancel(): canceling Mon Apr 29 15:16:06 UTC 2019
auto.tcl: Setting watchdog for 200 seconds at Mon Apr 29 15:16:06 UTC 2019
2 ms. Memory: 425984K Free: 406456K (95%)
ptolemy.util.test.WatchDog.cancel(): canceling Mon Apr 29 15:16:06 UTC 2019
------------------ testing $PTII/ptolemy/domains/de/test/auto/multirate2.xml
auto.tcl: Setting watchdog for 200 seconds at Mon Apr 29 15:16:06 UTC 2019
6 ms. Memory: 424960K Free: 411145K (97%)
ptolemy.util.test.WatchDog.cancel(): canceling Mon Apr 29 15:16:06 UTC 2019
auto.tcl: Setting watchdog for 200 seconds at Mon Apr 29 15:16:06 UTC 2019
3 ms. Memory: 424960K Free: 405622K (95%)
ptolemy.util.test.WatchDog.cancel(): canceling Mon Apr 29 15:16:06 UTC 2019
------------------ testing $PTII/ptolemy/domains/de/test/auto/realtime.xml
auto.tcl: Setting watchdog for 200 seconds at Mon Apr 29 15:16:06 UTC 2019
10002 ms. Memory: 425984K Free: 401842K (94%)
ptolemy.util.test.WatchDog.cancel(): canceling Mon Apr 29 15:16:16 UTC 2019
auto.tcl: Setting watchdog for 200 seconds at Mon Apr 29 15:16:16 UTC 2019
10000 ms. Memory: 425984K Free: 401842K (94%)
ptolemy.util.test.WatchDog.cancel(): canceling Mon Apr 29 15:16:26 UTC 2019
------------------ testing $PTII/ptolemy/domains/de/test/auto/relationGroup.xml
auto.tcl: Setting watchdog for 200 seconds at Mon Apr 29 15:16:26 UTC 2019
7 ms. Memory: 424960K Free: 411170K (97%)
ptolemy.util.test.WatchDog.cancel(): canceling Mon Apr 29 15:16:26 UTC 2019
auto.tcl: Setting watchdog for 200 seconds at Mon Apr 29 15:16:26 UTC 2019
1 ms. Memory: 424960K Free: 411170K (97%)
ptolemy.util.test.WatchDog.cancel(): canceling Mon Apr 29 15:16:26 UTC 2019
------------------ testing $PTII/ptolemy/domains/de/test/auto/relationGroup2.xml
auto.tcl: Setting watchdog for 200 seconds at Mon Apr 29 15:16:26 UTC 2019
6 ms. Memory: 425984K Free: 412219K (97%)
ptolemy.util.test.WatchDog.cancel(): canceling Mon Apr 29 15:16:26 UTC 2019
auto.tcl: Setting watchdog for 200 seconds at Mon Apr 29 15:16:26 UTC 2019
1 ms. Memory: 425984K Free: 412219K (97%)
ptolemy.util.test.WatchDog.cancel(): canceling Mon Apr 29 15:16:26 UTC 2019
------------------ testing $PTII/ptolemy/domains/de/test/auto/sortWithOpaquePorts.xml
auto.tcl: Setting watchdog for 200 seconds at Mon Apr 29 15:16:26 UTC 2019
2 ms. Memory: 424960K Free: 411196K (97%)
ptolemy.util.test.WatchDog.cancel(): canceling Mon Apr 29 15:16:26 UTC 2019
auto.tcl: Setting watchdog for 200 seconds at Mon Apr 29 15:16:26 UTC 2019
2 ms. Memory: 424960K Free: 411196K (97%)
ptolemy.util.test.WatchDog.cancel(): canceling Mon Apr 29 15:16:26 UTC 2019
------------------ testing $PTII/ptolemy/domains/de/test/auto/transferInputsandOutputs.xml
auto.tcl: Setting watchdog for 200 seconds at Mon Apr 29 15:16:26 UTC 2019
2 ms. Memory: 425984K Free: 403248K (95%)
ptolemy.util.test.WatchDog.cancel(): canceling Mon Apr 29 15:16:26 UTC 2019
auto.tcl: Setting watchdog for 200 seconds at Mon Apr 29 15:16:26 UTC 2019
2 ms. Memory: 425984K Free: 403248K (95%)
ptolemy.util.test.WatchDog.cancel(): canceling Mon Apr 29 15:16:26 UTC 2019
------------------ testing $PTII/ptolemy/domains/de/test/auto/triggerType.xml
auto.tcl: Setting watchdog for 200 seconds at Mon Apr 29 15:16:26 UTC 2019
2 ms. Memory: 424960K Free: 407698K (96%)
ptolemy.util.test.WatchDog.cancel(): canceling Mon Apr 29 15:16:26 UTC 2019
auto.tcl: Setting watchdog for 200 seconds at Mon Apr 29 15:16:26 UTC 2019
1 ms. Memory: 424960K Free: 407698K (96%)
ptolemy.util.test.WatchDog.cancel(): canceling Mon Apr 29 15:16:26 UTC 2019
04/29/19 03:16:27
Failed: 0  Total Tests: 192  ((Passed: 187, Newly Passed: 1)  Known Failed: 5) /home/travis/build/icyphy/ptII/ptolemy/domains/de/test
04/29/19 03:16:27
Failed: 0  Total Tests: 192  ((Passed: 187, Newly Passed: 1)  Known Failed: 5) /home/travis/build/icyphy/ptII/ptolemy/domains/de/test
----------------- testing (KnownFailure) /home/travis/build/icyphy/ptII/ptolemy/domains/de/test/auto/knownFailedTests/DESDFClockTest.xml
2010 ms. Memory: 425472K Free: 394485K (93%)
Known Failure: java.lang.reflect.InvocationTargetException
----------------- testing (KnownFailure) /home/travis/build/icyphy/ptII/ptolemy/domains/de/test/auto/knownFailedTests/DirectFeedback.xml
2 ms. Memory: 425472K Free: 367001K (86%)
Known Failure: java.lang.reflect.InvocationTargetException
----------------- testing (KnownFailure) /home/travis/build/icyphy/ptII/ptolemy/domains/de/test/auto/knownFailedTests/FSMSource.xml
13 ms. Memory: 425472K Free: 339516K (80%)
----------------- testing (KnownFailure) /home/travis/build/icyphy/ptII/ptolemy/domains/de/test/auto/knownFailedTests/HierarchicalModel.xml
2 ms. Memory: 425472K Free: 312016K (73%)
Known Failure: java.lang.reflect.InvocationTargetException
----------------- testing (KnownFailure) /home/travis/build/icyphy/ptII/ptolemy/domains/de/test/auto/knownFailedTests/dependencyLoop.xml
2 ms. Memory: 425472K Free: 270757K (64%)
Known Failure: java.lang.reflect.InvocationTargetException
----------------- testing (KnownFailure) /home/travis/build/icyphy/ptII/ptolemy/domains/de/test/auto/knownFailedTests/dependencyLoop2.xml
4 ms. Memory: 425472K Free: 229523K (54%)
Known Failure: java.lang.reflect.InvocationTargetException
No auto/linux-amd64/*.xml tests in /home/travis/build/icyphy/ptII/ptolemy/domains/de/test
AutoTests.java: About to close Vertx.
AutoTests.java: Vertx closed.

===========================================================================================
----------------- testing Mon Apr 29 15:16:29 UTC 2019 /home/travis/build/icyphy/ptII/ptolemy/domains/de/test/auto/ActorDepthCalculation_actorWithoutPorts.xml
----------------- Instantiating /home/travis/build/icyphy/ptII/ptolemy/domains/de/test/auto/ActorDepthCalculation_actorWithoutPorts.xml
2 ms. Memory: 425472K Free: 195167K (46%)
----------------- Invoking toplevel() on ptolemy.moml.MoMLSimpleApplication@4b9c894d
----------------- Done invoking toplevel() on ptolemy.moml.MoMLSimpleApplication@4b9c894d
reloadAllAccessors: .ActorDepthCalculation_actorWithoutPorts

===========================================================================================
----------------- testing Mon Apr 29 15:16:29 UTC 2019 /home/travis/build/icyphy/ptII/ptolemy/domains/de/test/auto/AssemblyLine.xml
----------------- Instantiating /home/travis/build/icyphy/ptII/ptolemy/domains/de/test/auto/AssemblyLine.xml
2 ms. Memory: 425472K Free: 181425K (43%)
----------------- Invoking toplevel() on ptolemy.moml.MoMLSimpleApplication@49c5ef72
----------------- Done invoking toplevel() on ptolemy.moml.MoMLSimpleApplication@49c5ef72
reloadAllAccessors: .AssemblyLine

===========================================================================================
----------------- testing Mon Apr 29 15:16:29 UTC 2019 /home/travis/build/icyphy/ptII/ptolemy/domains/de/test/auto/CQBug1.xml
----------------- Instantiating /home/travis/build/icyphy/ptII/ptolemy/domains/de/test/auto/CQBug1.xml
2 ms. Memory: 425472K Free: 167683K (39%)
----------------- Invoking toplevel() on ptolemy.moml.MoMLSimpleApplication@30371381
----------------- Done invoking toplevel() on ptolemy.moml.MoMLSimpleApplication@30371381
reloadAllAccessors: .CQBug1

===========================================================================================
----------------- testing Mon Apr 29 15:16:29 UTC 2019 /home/travis/build/icyphy/ptII/ptolemy/domains/de/test/auto/CancelFireAt.xml
----------------- Instantiating /home/travis/build/icyphy/ptII/ptolemy/domains/de/test/auto/CancelFireAt.xml
1 ms. Memory: 425472K Free: 153941K (36%)
----------------- Invoking toplevel() on ptolemy.moml.MoMLSimpleApplication@78c91229
----------------- Done invoking toplevel() on ptolemy.moml.MoMLSimpleApplication@78c91229
reloadAllAccessors: .CancelFireAt

===========================================================================================
----------------- testing Mon Apr 29 15:16:29 UTC 2019 /home/travis/build/icyphy/ptII/ptolemy/domains/de/test/auto/CausalityAndComposabilityAnalysis.xml
----------------- Instantiating /home/travis/build/icyphy/ptII/ptolemy/domains/de/test/auto/CausalityAndComposabilityAnalysis.xml
2 ms. Memory: 425472K Free: 140199K (33%)
----------------- Invoking toplevel() on ptolemy.moml.MoMLSimpleApplication@8490a17
----------------- Done invoking toplevel() on ptolemy.moml.MoMLSimpleApplication@8490a17
reloadAllAccessors: .CausalityAndComposabilityAnalysis

===========================================================================================
----------------- testing Mon Apr 29 15:16:29 UTC 2019 /home/travis/build/icyphy/ptII/ptolemy/domains/de/test/auto/CausalityInterface1.xml
----------------- Instantiating /home/travis/build/icyphy/ptII/ptolemy/domains/de/test/auto/CausalityInterface1.xml
5 ms. Memory: 425472K Free: 126457K (30%)
----------------- Invoking toplevel() on ptolemy.moml.MoMLSimpleApplication@5ce4645b
----------------- Done invoking toplevel() on ptolemy.moml.MoMLSimpleApplication@5ce4645b
reloadAllAccessors: .CausalityInterface1

===========================================================================================
----------------- testing Mon Apr 29 15:16:29 UTC 2019 /home/travis/build/icyphy/ptII/ptolemy/domains/de/test/auto/CausalityInterface15.xml
----------------- Instantiating /home/travis/build/icyphy/ptII/ptolemy/domains/de/test/auto/CausalityInterface15.xml
1 ms. Memory: 425472K Free: 112714K (26%)
----------------- Invoking toplevel() on ptolemy.moml.MoMLSimpleApplication@2077413a
----------------- Done invoking toplevel() on ptolemy.moml.MoMLSimpleApplication@2077413a
reloadAllAccessors: .CausalityInterface15

===========================================================================================
----------------- testing Mon Apr 29 15:16:29 UTC 2019 /home/travis/build/icyphy/ptII/ptolemy/domains/de/test/auto/CausalityInterface2.xml
----------------- Instantiating /home/travis/build/icyphy/ptII/ptolemy/domains/de/test/auto/CausalityInterface2.xml
1 ms. Memory: 425472K Free: 98972K (23%)
----------------- Invoking toplevel() on ptolemy.moml.MoMLSimpleApplication@6c0303f
----------------- Done invoking toplevel() on ptolemy.moml.MoMLSimpleApplication@6c0303f
reloadAllAccessors: .CausalityInterface2

===========================================================================================
----------------- testing Mon Apr 29 15:16:29 UTC 2019 /home/travis/build/icyphy/ptII/ptolemy/domains/de/test/auto/CausalityInterface3.xml
----------------- Instantiating /home/travis/build/icyphy/ptII/ptolemy/domains/de/test/auto/CausalityInterface3.xml
1 ms. Memory: 425472K Free: 85230K (20%)
----------------- Invoking toplevel() on ptolemy.moml.MoMLSimpleApplication@1fae2854
----------------- Done invoking toplevel() on ptolemy.moml.MoMLSimpleApplication@1fae2854
reloadAllAccessors: .CausalityInterface3

===========================================================================================
----------------- testing Mon Apr 29 15:16:29 UTC 2019 /home/travis/build/icyphy/ptII/ptolemy/domains/de/test/auto/ClockDrift.xml
----------------- Instantiating /home/travis/build/icyphy/ptII/ptolemy/domains/de/test/auto/ClockDrift.xml
11 ms. Memory: 410112K Free: 398003K (97%)
----------------- Invoking toplevel() on ptolemy.moml.MoMLSimpleApplication@35c29712
----------------- Done invoking toplevel() on ptolemy.moml.MoMLSimpleApplication@35c29712
reloadAllAccessors: .ClockDrift

===========================================================================================
----------------- testing Mon Apr 29 15:16:29 UTC 2019 /home/travis/build/icyphy/ptII/ptolemy/domains/de/test/auto/ClockDriftAndValueChange.xml
----------------- Instantiating /home/travis/build/icyphy/ptII/ptolemy/domains/de/test/auto/ClockDriftAndValueChange.xml
10 ms. Memory: 410112K Free: 381439K (93%)
----------------- Invoking toplevel() on ptolemy.moml.MoMLSimpleApplication@2a4b6b6b
----------------- Done invoking toplevel() on ptolemy.moml.MoMLSimpleApplication@2a4b6b6b
reloadAllAccessors: .ClockDriftAndValueChange

===========================================================================================
----------------- testing Mon Apr 29 15:16:29 UTC 2019 /home/travis/build/icyphy/ptII/ptolemy/domains/de/test/auto/ClockDriftChange.xml
----------------- Instantiating /home/travis/build/icyphy/ptII/ptolemy/domains/de/test/auto/ClockDriftChange.xml
7 ms. Memory: 410112K Free: 368279K (90%)
----------------- Invoking toplevel() on ptolemy.moml.MoMLSimpleApplication@16faa5b3
----------------- Done invoking toplevel() on ptolemy.moml.MoMLSimpleApplication@16faa5b3
reloadAllAccessors: .ClockDriftChange

===========================================================================================
----------------- testing Mon Apr 29 15:16:29 UTC 2019 /home/travis/build/icyphy/ptII/ptolemy/domains/de/test/auto/ComposableCausalityAnalysis.xml
----------------- Instantiating /home/travis/build/icyphy/ptII/ptolemy/domains/de/test/auto/ComposableCausalityAnalysis.xml
1 ms. Memory: 410112K Free: 358417K (87%)
----------------- Invoking toplevel() on ptolemy.moml.MoMLSimpleApplication@24a07aed
----------------- Done invoking toplevel() on ptolemy.moml.MoMLSimpleApplication@24a07aed
reloadAllAccessors: .ComposableCausalityAnalysis

===========================================================================================
----------------- testing Mon Apr 29 15:16:29 UTC 2019 /home/travis/build/icyphy/ptII/ptolemy/domains/de/test/auto/DEFixedPointLimitation.xml
----------------- Instantiating /home/travis/build/icyphy/ptII/ptolemy/domains/de/test/auto/DEFixedPointLimitation.xml
1 ms. Memory: 410112K Free: 348563K (85%)
----------------- Invoking toplevel() on ptolemy.moml.MoMLSimpleApplication@78d9cb9b
----------------- Done invoking toplevel() on ptolemy.moml.MoMLSimpleApplication@78d9cb9b
reloadAllAccessors: .DEFixedPointLimitation

===========================================================================================
----------------- testing Mon Apr 29 15:16:29 UTC 2019 /home/travis/build/icyphy/ptII/ptolemy/domains/de/test/auto/DEScheduleTest.xml
----------------- Instantiating /home/travis/build/icyphy/ptII/ptolemy/domains/de/test/auto/DEScheduleTest.xml
1 ms. Memory: 410112K Free: 338702K (83%)
----------------- Invoking toplevel() on ptolemy.moml.MoMLSimpleApplication@6a1dc6af
----------------- Done invoking toplevel() on ptolemy.moml.MoMLSimpleApplication@6a1dc6af
reloadAllAccessors: .DEScheduleTest

===========================================================================================
----------------- testing Mon Apr 29 15:16:29 UTC 2019 /home/travis/build/icyphy/ptII/ptolemy/domains/de/test/auto/DEinDEwithStartTimes.xml
----------------- Instantiating /home/travis/build/icyphy/ptII/ptolemy/domains/de/test/auto/DEinDEwithStartTimes.xml
1 ms. Memory: 410112K Free: 328840K (80%)
----------------- Invoking toplevel() on ptolemy.moml.MoMLSimpleApplication@2917a35e
----------------- Done invoking toplevel() on ptolemy.moml.MoMLSimpleApplication@2917a35e
reloadAllAccessors: .DEinDEwithStartTimes

===========================================================================================
----------------- testing Mon Apr 29 15:16:29 UTC 2019 /home/travis/build/icyphy/ptII/ptolemy/domains/de/test/auto/DEinDEwithStartTimes2.xml
----------------- Instantiating /home/travis/build/icyphy/ptII/ptolemy/domains/de/test/auto/DEinDEwithStartTimes2.xml
2 ms. Memory: 410112K Free: 318978K (78%)
----------------- Invoking toplevel() on ptolemy.moml.MoMLSimpleApplication@7b2c7b20
----------------- Done invoking toplevel() on ptolemy.moml.MoMLSimpleApplication@7b2c7b20
reloadAllAccessors: .DEinDEwithStartTimes2

===========================================================================================
----------------- testing Mon Apr 29 15:16:29 UTC 2019 /home/travis/build/icyphy/ptII/ptolemy/domains/de/test/auto/DateDemo.xml
----------------- Instantiating /home/travis/build/icyphy/ptII/ptolemy/domains/de/test/auto/DateDemo.xml
4 ms. Memory: 410112K Free: 299124K (73%)
----------------- Invoking toplevel() on ptolemy.moml.MoMLSimpleApplication@691b0e13
----------------- Done invoking toplevel() on ptolemy.moml.MoMLSimpleApplication@691b0e13
reloadAllAccessors: .DateDemo

===========================================================================================
----------------- testing Mon Apr 29 15:16:29 UTC 2019 /home/travis/build/icyphy/ptII/ptolemy/domains/de/test/auto/DateToEvent.xml
----------------- Instantiating /home/travis/build/icyphy/ptII/ptolemy/domains/de/test/auto/DateToEvent.xml
2005 ms. Memory: 410112K Free: 279408K (68%)
----------------- Invoking toplevel() on ptolemy.moml.MoMLSimpleApplication@13833d99
----------------- Done invoking toplevel() on ptolemy.moml.MoMLSimpleApplication@13833d99
reloadAllAccessors: .DateToEvent

===========================================================================================
----------------- testing Mon Apr 29 15:16:31 UTC 2019 /home/travis/build/icyphy/ptII/ptolemy/domains/de/test/auto/DepthTest1.xml
----------------- Instantiating /home/travis/build/icyphy/ptII/ptolemy/domains/de/test/auto/DepthTest1.xml
2 ms. Memory: 410112K Free: 272844K (67%)
----------------- Invoking toplevel() on ptolemy.moml.MoMLSimpleApplication@194644c5
----------------- Done invoking toplevel() on ptolemy.moml.MoMLSimpleApplication@194644c5
reloadAllAccessors: .DepthTest1

===========================================================================================
----------------- testing Mon Apr 29 15:16:31 UTC 2019 /home/travis/build/icyphy/ptII/ptolemy/domains/de/test/auto/DepthTest2.xml
----------------- Instantiating /home/travis/build/icyphy/ptII/ptolemy/domains/de/test/auto/DepthTest2.xml
2 ms. Memory: 410112K Free: 262991K (64%)
----------------- Invoking toplevel() on ptolemy.moml.MoMLSimpleApplication@4d0852c3
----------------- Done invoking toplevel() on ptolemy.moml.MoMLSimpleApplication@4d0852c3
reloadAllAccessors: .DepthTest2

===========================================================================================
----------------- testing Mon Apr 29 15:16:31 UTC 2019 /home/travis/build/icyphy/ptII/ptolemy/domains/de/test/auto/DepthTest3.xml
----------------- Instantiating /home/travis/build/icyphy/ptII/ptolemy/domains/de/test/auto/DepthTest3.xml
1 ms. Memory: 410112K Free: 256427K (63%)
----------------- Invoking toplevel() on ptolemy.moml.MoMLSimpleApplication@1375cb11
----------------- Done invoking toplevel() on ptolemy.moml.MoMLSimpleApplication@1375cb11
reloadAllAccessors: .DepthTest3

===========================================================================================
----------------- testing Mon Apr 29 15:16:31 UTC 2019 /home/travis/build/icyphy/ptII/ptolemy/domains/de/test/auto/DepthTest4.xml
----------------- Instantiating /home/travis/build/icyphy/ptII/ptolemy/domains/de/test/auto/DepthTest4.xml
1 ms. Memory: 410112K Free: 246565K (60%)
----------------- Invoking toplevel() on ptolemy.moml.MoMLSimpleApplication@28e27304
----------------- Done invoking toplevel() on ptolemy.moml.MoMLSimpleApplication@28e27304
reloadAllAccessors: .DepthTest4

===========================================================================================
----------------- testing Mon Apr 29 15:16:31 UTC 2019 /home/travis/build/icyphy/ptII/ptolemy/domains/de/test/auto/DepthTest5.xml
----------------- Instantiating /home/travis/build/icyphy/ptII/ptolemy/domains/de/test/auto/DepthTest5.xml
1 ms. Memory: 410112K Free: 236719K (58%)
----------------- Invoking toplevel() on ptolemy.moml.MoMLSimpleApplication@6aa4eb62
----------------- Done invoking toplevel() on ptolemy.moml.MoMLSimpleApplication@6aa4eb62
reloadAllAccessors: .DepthTest5

===========================================================================================
----------------- testing Mon Apr 29 15:16:31 UTC 2019 /home/travis/build/icyphy/ptII/ptolemy/domains/de/test/auto/DepthTest6.xml
----------------- Instantiating /home/travis/build/icyphy/ptII/ptolemy/domains/de/test/auto/DepthTest6.xml
2 ms. Memory: 410112K Free: 223437K (54%)
----------------- Invoking toplevel() on ptolemy.moml.MoMLSimpleApplication@2f9fabc9
----------------- Done invoking toplevel() on ptolemy.moml.MoMLSimpleApplication@2f9fabc9
reloadAllAccessors: .DepthTest6

===========================================================================================
----------------- testing Mon Apr 29 15:16:31 UTC 2019 /home/travis/build/icyphy/ptII/ptolemy/domains/de/test/auto/DepthTest7.xml
----------------- Instantiating /home/travis/build/icyphy/ptII/ptolemy/domains/de/test/auto/DepthTest7.xml
2 ms. Memory: 410112K Free: 213591K (52%)
----------------- Invoking toplevel() on ptolemy.moml.MoMLSimpleApplication@68f88559
----------------- Done invoking toplevel() on ptolemy.moml.MoMLSimpleApplication@68f88559
reloadAllAccessors: .DepthTest7

===========================================================================================
----------------- testing Mon Apr 29 15:16:31 UTC 2019 /home/travis/build/icyphy/ptII/ptolemy/domains/de/test/auto/EventToDate.xml
----------------- Instantiating /home/travis/build/icyphy/ptII/ptolemy/domains/de/test/auto/EventToDate.xml
3003 ms. Memory: 410112K Free: 193860K (47%)
----------------- Invoking toplevel() on ptolemy.moml.MoMLSimpleApplication@14bb104f
----------------- Done invoking toplevel() on ptolemy.moml.MoMLSimpleApplication@14bb104f
reloadAllAccessors: .EventToDate

===========================================================================================
----------------- testing Mon Apr 29 15:16:34 UTC 2019 /home/travis/build/icyphy/ptII/ptolemy/domains/de/test/auto/FSM1.xml
----------------- Instantiating /home/travis/build/icyphy/ptII/ptolemy/domains/de/test/auto/FSM1.xml
8 ms. Memory: 410112K Free: 180716K (44%)
----------------- Invoking toplevel() on ptolemy.moml.MoMLSimpleApplication@1d00a103
----------------- Done invoking toplevel() on ptolemy.moml.MoMLSimpleApplication@1d00a103
reloadAllAccessors: .FSM1

===========================================================================================
----------------- testing Mon Apr 29 15:16:34 UTC 2019 /home/travis/build/icyphy/ptII/ptolemy/domains/de/test/auto/FSM7.xml
----------------- Instantiating /home/travis/build/icyphy/ptII/ptolemy/domains/de/test/auto/FSM7.xml
8 ms. Memory: 410112K Free: 167572K (41%)
----------------- Invoking toplevel() on ptolemy.moml.MoMLSimpleApplication@795d0250
----------------- Done invoking toplevel() on ptolemy.moml.MoMLSimpleApplication@795d0250
reloadAllAccessors: .FSM7

===========================================================================================
----------------- testing Mon Apr 29 15:16:34 UTC 2019 /home/travis/build/icyphy/ptII/ptolemy/domains/de/test/auto/Inspection.xml
----------------- Instantiating /home/travis/build/icyphy/ptII/ptolemy/domains/de/test/auto/Inspection.xml
12 ms. Memory: 410112K Free: 151138K (37%)
----------------- Invoking toplevel() on ptolemy.moml.MoMLSimpleApplication@6e44790e
----------------- Done invoking toplevel() on ptolemy.moml.MoMLSimpleApplication@6e44790e
reloadAllAccessors: .Inspection

===========================================================================================
----------------- testing Mon Apr 29 15:16:34 UTC 2019 /home/travis/build/icyphy/ptII/ptolemy/domains/de/test/auto/Iteration.xml
----------------- Instantiating /home/travis/build/icyphy/ptII/ptolemy/domains/de/test/auto/Iteration.xml
4 ms. Memory: 410112K Free: 141277K (34%)
----------------- Invoking toplevel() on ptolemy.moml.MoMLSimpleApplication@4369c2ab
----------------- Done invoking toplevel() on ptolemy.moml.MoMLSimpleApplication@4369c2ab
reloadAllAccessors: .Iteration

===========================================================================================
----------------- testing Mon Apr 29 15:16:34 UTC 2019 /home/travis/build/icyphy/ptII/ptolemy/domains/de/test/auto/LineFault.xml
----------------- Instantiating /home/travis/build/icyphy/ptII/ptolemy/domains/de/test/auto/LineFault.xml
392 ms. Memory: 395264K Free: 332651K (84%)
----------------- Invoking toplevel() on ptolemy.moml.MoMLSimpleApplication@1f790838
----------------- Done invoking toplevel() on ptolemy.moml.MoMLSimpleApplication@1f790838
reloadAllAccessors: .LineFault

===========================================================================================
----------------- testing Mon Apr 29 15:16:35 UTC 2019 /home/travis/build/icyphy/ptII/ptolemy/domains/de/test/auto/MergeModel1Add.xml
----------------- Instantiating /home/travis/build/icyphy/ptII/ptolemy/domains/de/test/auto/MergeModel1Add.xml
6 ms. Memory: 395264K Free: 308426K (78%)
----------------- Invoking toplevel() on ptolemy.moml.MoMLSimpleApplication@2d120e47
----------------- Done invoking toplevel() on ptolemy.moml.MoMLSimpleApplication@2d120e47
reloadAllAccessors: .MergeModel1Add

===========================================================================================
----------------- testing Mon Apr 29 15:16:35 UTC 2019 /home/travis/build/icyphy/ptII/ptolemy/domains/de/test/auto/MergeModel2Add.xml
----------------- Instantiating /home/travis/build/icyphy/ptII/ptolemy/domains/de/test/auto/MergeModel2Add.xml
5 ms. Memory: 395264K Free: 286451K (72%)
----------------- Invoking toplevel() on ptolemy.moml.MoMLSimpleApplication@4f3caeee
----------------- Done invoking toplevel() on ptolemy.moml.MoMLSimpleApplication@4f3caeee
reloadAllAccessors: .MergeModel2Add

===========================================================================================
----------------- testing Mon Apr 29 15:16:35 UTC 2019 /home/travis/build/icyphy/ptII/ptolemy/domains/de/test/auto/MergeModel3Add.xml
----------------- Instantiating /home/travis/build/icyphy/ptII/ptolemy/domains/de/test/auto/MergeModel3Add.xml
5 ms. Memory: 395264K Free: 264469K (67%)
----------------- Invoking toplevel() on ptolemy.moml.MoMLSimpleApplication@32fa2330
----------------- Done invoking toplevel() on ptolemy.moml.MoMLSimpleApplication@32fa2330
reloadAllAccessors: .MergeModel3Add

===========================================================================================
----------------- testing Mon Apr 29 15:16:35 UTC 2019 /home/travis/build/icyphy/ptII/ptolemy/domains/de/test/auto/MergeWithoutDiscard.xml
----------------- Instantiating /home/travis/build/icyphy/ptII/ptolemy/domains/de/test/auto/MergeWithoutDiscard.xml
1 ms. Memory: 395264K Free: 255045K (65%)
----------------- Invoking toplevel() on ptolemy.moml.MoMLSimpleApplication@f0238c
----------------- Done invoking toplevel() on ptolemy.moml.MoMLSimpleApplication@f0238c
reloadAllAccessors: .MergeWithoutDiscard

===========================================================================================
----------------- testing Mon Apr 29 15:16:35 UTC 2019 /home/travis/build/icyphy/ptII/ptolemy/domains/de/test/auto/Modal1.xml
----------------- Instantiating /home/travis/build/icyphy/ptII/ptolemy/domains/de/test/auto/Modal1.xml
7 ms. Memory: 395264K Free: 240268K (61%)
----------------- Invoking toplevel() on ptolemy.moml.MoMLSimpleApplication@7082e1e9
----------------- Done invoking toplevel() on ptolemy.moml.MoMLSimpleApplication@7082e1e9
reloadAllAccessors: .Modal1

===========================================================================================
----------------- testing Mon Apr 29 15:16:35 UTC 2019 /home/travis/build/icyphy/ptII/ptolemy/domains/de/test/auto/Modal2.xml
----------------- Instantiating /home/travis/build/icyphy/ptII/ptolemy/domains/de/test/auto/Modal2.xml
6 ms. Memory: 395264K Free: 227726K (58%)
----------------- Invoking toplevel() on ptolemy.moml.MoMLSimpleApplication@361c21ea
----------------- Done invoking toplevel() on ptolemy.moml.MoMLSimpleApplication@361c21ea
reloadAllAccessors: .Modal2

===========================================================================================
----------------- testing Mon Apr 29 15:16:35 UTC 2019 /home/travis/build/icyphy/ptII/ptolemy/domains/de/test/auto/Modal3.xml
----------------- Instantiating /home/travis/build/icyphy/ptII/ptolemy/domains/de/test/auto/Modal3.xml
6 ms. Memory: 395264K Free: 212042K (54%)
----------------- Invoking toplevel() on ptolemy.moml.MoMLSimpleApplication@7534c241
----------------- Done invoking toplevel() on ptolemy.moml.MoMLSimpleApplication@7534c241
reloadAllAccessors: .Modal3

===========================================================================================
----------------- testing Mon Apr 29 15:16:35 UTC 2019 /home/travis/build/icyphy/ptII/ptolemy/domains/de/test/auto/Modal4.xml
----------------- Instantiating /home/travis/build/icyphy/ptII/ptolemy/domains/de/test/auto/Modal4.xml
8 ms. Memory: 395264K Free: 193201K (49%)
----------------- Invoking toplevel() on ptolemy.moml.MoMLSimpleApplication@5baf17ec
----------------- Done invoking toplevel() on ptolemy.moml.MoMLSimpleApplication@5baf17ec
reloadAllAccessors: .Modal4

===========================================================================================
----------------- testing Mon Apr 29 15:16:35 UTC 2019 /home/travis/build/icyphy/ptII/ptolemy/domains/de/test/auto/Modal5.xml
----------------- Instantiating /home/travis/build/icyphy/ptII/ptolemy/domains/de/test/auto/Modal5.xml
8 ms. Memory: 395264K Free: 174361K (44%)
----------------- Invoking toplevel() on ptolemy.moml.MoMLSimpleApplication@6001fb8a
----------------- Done invoking toplevel() on ptolemy.moml.MoMLSimpleApplication@6001fb8a
reloadAllAccessors: .Modal5

===========================================================================================
----------------- testing Mon Apr 29 15:16:35 UTC 2019 /home/travis/build/icyphy/ptII/ptolemy/domains/de/test/auto/Modal6.xml
----------------- Instantiating /home/travis/build/icyphy/ptII/ptolemy/domains/de/test/auto/Modal6.xml
7 ms. Memory: 395264K Free: 156442K (40%)
----------------- Invoking toplevel() on ptolemy.moml.MoMLSimpleApplication@4d2caccf
----------------- Done invoking toplevel() on ptolemy.moml.MoMLSimpleApplication@4d2caccf
reloadAllAccessors: .Modal6

===========================================================================================
----------------- testing Mon Apr 29 15:16:35 UTC 2019 /home/travis/build/icyphy/ptII/ptolemy/domains/de/test/auto/Modal7.xml
----------------- Instantiating /home/travis/build/icyphy/ptII/ptolemy/domains/de/test/auto/Modal7.xml
6 ms. Memory: 395264K Free: 137609K (35%)
----------------- Invoking toplevel() on ptolemy.moml.MoMLSimpleApplication@54d42419
----------------- Done invoking toplevel() on ptolemy.moml.MoMLSimpleApplication@54d42419
reloadAllAccessors: .Modal7

===========================================================================================
----------------- testing Mon Apr 29 15:16:35 UTC 2019 /home/travis/build/icyphy/ptII/ptolemy/domains/de/test/auto/ModalModel.xml
----------------- Instantiating /home/travis/build/icyphy/ptII/ptolemy/domains/de/test/auto/ModalModel.xml
115 ms. Memory: 380928K Free: 361914K (95%)
----------------- Invoking toplevel() on ptolemy.moml.MoMLSimpleApplication@251df0a0
----------------- Done invoking toplevel() on ptolemy.moml.MoMLSimpleApplication@251df0a0
reloadAllAccessors: .ModalModel

===========================================================================================
----------------- testing Mon Apr 29 15:16:35 UTC 2019 /home/travis/build/icyphy/ptII/ptolemy/domains/de/test/auto/ModalSource.xml
----------------- Instantiating /home/travis/build/icyphy/ptII/ptolemy/domains/de/test/auto/ModalSource.xml
4 ms. Memory: 380928K Free: 348861K (92%)
----------------- Invoking toplevel() on ptolemy.moml.MoMLSimpleApplication@2dceb8b2
----------------- Done invoking toplevel() on ptolemy.moml.MoMLSimpleApplication@2dceb8b2
reloadAllAccessors: .ModalSource

===========================================================================================
----------------- testing Mon Apr 29 15:16:35 UTC 2019 /home/travis/build/icyphy/ptII/ptolemy/domains/de/test/auto/NonInterruptibleTimerZeroDelay.xml
----------------- Instantiating /home/travis/build/icyphy/ptII/ptolemy/domains/de/test/auto/NonInterruptibleTimerZeroDelay.xml
1 ms. Memory: 380928K Free: 342854K (90%)
----------------- Invoking toplevel() on ptolemy.moml.MoMLSimpleApplication@1484ed04
----------------- Done invoking toplevel() on ptolemy.moml.MoMLSimpleApplication@1484ed04
reloadAllAccessors: .NonInterruptibleTimerZeroDelay

===========================================================================================
----------------- testing Mon Apr 29 15:16:35 UTC 2019 /home/travis/build/icyphy/ptII/ptolemy/domains/de/test/auto/OpenQueueingNetwork.xml
----------------- Instantiating /home/travis/build/icyphy/ptII/ptolemy/domains/de/test/auto/OpenQueueingNetwork.xml
1956 ms. Memory: 354816K Free: 279421K (79%)
----------------- Invoking toplevel() on ptolemy.moml.MoMLSimpleApplication@6fe77f6f
----------------- Done invoking toplevel() on ptolemy.moml.MoMLSimpleApplication@6fe77f6f
reloadAllAccessors: .OpenQueueingNetwork

===========================================================================================
----------------- testing Mon Apr 29 15:16:37 UTC 2019 /home/travis/build/icyphy/ptII/ptolemy/domains/de/test/auto/OpenQueuingNetwork.xml
----------------- Instantiating /home/travis/build/icyphy/ptII/ptolemy/domains/de/test/auto/OpenQueuingNetwork.xml
206 ms. Memory: 354816K Free: 186999K (53%)
----------------- Invoking toplevel() on ptolemy.moml.MoMLSimpleApplication@56b818cb
----------------- Done invoking toplevel() on ptolemy.moml.MoMLSimpleApplication@56b818cb
reloadAllAccessors: .OpenQueuingNetwork

===========================================================================================
----------------- testing Mon Apr 29 15:16:38 UTC 2019 /home/travis/build/icyphy/ptII/ptolemy/domains/de/test/auto/PeriodicSampler.xml
----------------- Instantiating /home/travis/build/icyphy/ptII/ptolemy/domains/de/test/auto/PeriodicSampler.xml
1 ms. Memory: 354816K Free: 180674K (51%)
----------------- Invoking toplevel() on ptolemy.moml.MoMLSimpleApplication@5e21288e
----------------- Done invoking toplevel() on ptolemy.moml.MoMLSimpleApplication@5e21288e
reloadAllAccessors: .PeriodicSampler

===========================================================================================
----------------- testing Mon Apr 29 15:16:38 UTC 2019 /home/travis/build/icyphy/ptII/ptolemy/domains/de/test/auto/PersistentIO.xml
----------------- Instantiating /home/travis/build/icyphy/ptII/ptolemy/domains/de/test/auto/PersistentIO.xml
3 ms. Memory: 354816K Free: 169722K (48%)
----------------- Invoking toplevel() on ptolemy.moml.MoMLSimpleApplication@3d3d79e9
----------------- Done invoking toplevel() on ptolemy.moml.MoMLSimpleApplication@3d3d79e9
reloadAllAccessors: .PersistentIO

===========================================================================================
----------------- testing Mon Apr 29 15:16:38 UTC 2019 /home/travis/build/icyphy/ptII/ptolemy/domains/de/test/auto/PortParameterResetOnInitialize.xml
----------------- Instantiating /home/travis/build/icyphy/ptII/ptolemy/domains/de/test/auto/PortParameterResetOnInitialize.xml
2 ms. Memory: 354816K Free: 160655K (45%)
----------------- Invoking toplevel() on ptolemy.moml.MoMLSimpleApplication@652a59ff
----------------- Done invoking toplevel() on ptolemy.moml.MoMLSimpleApplication@652a59ff
reloadAllAccessors: .PortParameterResetOnInitialize

===========================================================================================
----------------- testing Mon Apr 29 15:16:38 UTC 2019 /home/travis/build/icyphy/ptII/ptolemy/domains/de/test/auto/PortParameterUpdates.xml
----------------- Instantiating /home/travis/build/icyphy/ptII/ptolemy/domains/de/test/auto/PortParameterUpdates.xml
3 ms. Memory: 354816K Free: 152445K (43%)
----------------- Invoking toplevel() on ptolemy.moml.MoMLSimpleApplication@3d85b978
----------------- Done invoking toplevel() on ptolemy.moml.MoMLSimpleApplication@3d85b978
reloadAllAccessors: .PortParameterUpdates

===========================================================================================
----------------- testing Mon Apr 29 15:16:38 UTC 2019 /home/travis/build/icyphy/ptII/ptolemy/domains/de/test/auto/QueueAndServer.xml
----------------- Instantiating /home/travis/build/icyphy/ptII/ptolemy/domains/de/test/auto/QueueAndServer.xml
5 ms. Memory: 354816K Free: 140635K (40%)
----------------- Invoking toplevel() on ptolemy.moml.MoMLSimpleApplication@46a3b5e9
----------------- Done invoking toplevel() on ptolemy.moml.MoMLSimpleApplication@46a3b5e9
reloadAllAccessors: .QueueAndServer

===========================================================================================
----------------- testing Mon Apr 29 15:16:38 UTC 2019 /home/travis/build/icyphy/ptII/ptolemy/domains/de/test/auto/Records.xml
----------------- Instantiating /home/travis/build/icyphy/ptII/ptolemy/domains/de/test/auto/Records.xml
2 ms. Memory: 354816K Free: 131560K (37%)
----------------- Invoking toplevel() on ptolemy.moml.MoMLSimpleApplication@387d03ac
----------------- Done invoking toplevel() on ptolemy.moml.MoMLSimpleApplication@387d03ac
reloadAllAccessors: .Records

===========================================================================================
----------------- testing Mon Apr 29 15:16:38 UTC 2019 /home/travis/build/icyphy/ptII/ptolemy/domains/de/test/auto/ResetTransitionWithStartTime1.xml
----------------- Instantiating /home/travis/build/icyphy/ptII/ptolemy/domains/de/test/auto/ResetTransitionWithStartTime1.xml
4 ms. Memory: 354816K Free: 120592K (34%)
----------------- Invoking toplevel() on ptolemy.moml.MoMLSimpleApplication@6e0062fc
----------------- Done invoking toplevel() on ptolemy.moml.MoMLSimpleApplication@6e0062fc
reloadAllAccessors: .ResetTransitionWithStartTime1

===========================================================================================
----------------- testing Mon Apr 29 15:16:38 UTC 2019 /home/travis/build/icyphy/ptII/ptolemy/domains/de/test/auto/ResetTransitionWithStartTime2.xml
----------------- Instantiating /home/travis/build/icyphy/ptII/ptolemy/domains/de/test/auto/ResetTransitionWithStartTime2.xml
4 ms. Memory: 354816K Free: 108783K (31%)
----------------- Invoking toplevel() on ptolemy.moml.MoMLSimpleApplication@77bb969d
----------------- Done invoking toplevel() on ptolemy.moml.MoMLSimpleApplication@77bb969d
reloadAllAccessors: .ResetTransitionWithStartTime2

===========================================================================================
----------------- testing Mon Apr 29 15:16:38 UTC 2019 /home/travis/build/icyphy/ptII/ptolemy/domains/de/test/auto/ResetTransitionWithStartTime3.xml
----------------- Instantiating /home/travis/build/icyphy/ptII/ptolemy/domains/de/test/auto/ResetTransitionWithStartTime3.xml
4 ms. Memory: 354816K Free: 97838K (28%)
----------------- Invoking toplevel() on ptolemy.moml.MoMLSimpleApplication@7891ef52
----------------- Done invoking toplevel() on ptolemy.moml.MoMLSimpleApplication@7891ef52
reloadAllAccessors: .ResetTransitionWithStartTime3

===========================================================================================
----------------- testing Mon Apr 29 15:16:38 UTC 2019 /home/travis/build/icyphy/ptII/ptolemy/domains/de/test/auto/ResetTransitionWithStartTime4.xml
----------------- Instantiating /home/travis/build/icyphy/ptII/ptolemy/domains/de/test/auto/ResetTransitionWithStartTime4.xml
3 ms. Memory: 354816K Free: 86013K (24%)
----------------- Invoking toplevel() on ptolemy.moml.MoMLSimpleApplication@47b3c1fe
----------------- Done invoking toplevel() on ptolemy.moml.MoMLSimpleApplication@47b3c1fe
reloadAllAccessors: .ResetTransitionWithStartTime4

===========================================================================================
----------------- testing Mon Apr 29 15:16:38 UTC 2019 /home/travis/build/icyphy/ptII/ptolemy/domains/de/test/auto/ResettableTimer1.xml
----------------- Instantiating /home/travis/build/icyphy/ptII/ptolemy/domains/de/test/auto/ResettableTimer1.xml
2 ms. Memory: 354816K Free: 76946K (22%)
----------------- Invoking toplevel() on ptolemy.moml.MoMLSimpleApplication@4269117c
----------------- Done invoking toplevel() on ptolemy.moml.MoMLSimpleApplication@4269117c
reloadAllAccessors: .ResettableTimer1

===========================================================================================
----------------- testing Mon Apr 29 15:16:38 UTC 2019 /home/travis/build/icyphy/ptII/ptolemy/domains/de/test/auto/ResettableTimer2.xml
----------------- Instantiating /home/travis/build/icyphy/ptII/ptolemy/domains/de/test/auto/ResettableTimer2.xml
1 ms. Memory: 354816K Free: 68728K (19%)
----------------- Invoking toplevel() on ptolemy.moml.MoMLSimpleApplication@237bddd2
----------------- Done invoking toplevel() on ptolemy.moml.MoMLSimpleApplication@237bddd2
reloadAllAccessors: .ResettableTimer2

===========================================================================================
----------------- testing Mon Apr 29 15:16:38 UTC 2019 /home/travis/build/icyphy/ptII/ptolemy/domains/de/test/auto/ResettableTimer3.xml
----------------- Instantiating /home/travis/build/icyphy/ptII/ptolemy/domains/de/test/auto/ResettableTimer3.xml
1 ms. Memory: 345600K Free: 324454K (94%)
----------------- Invoking toplevel() on ptolemy.moml.MoMLSimpleApplication@76817ca8
----------------- Done invoking toplevel() on ptolemy.moml.MoMLSimpleApplication@76817ca8
reloadAllAccessors: .ResettableTimer3

===========================================================================================
----------------- testing Mon Apr 29 15:16:38 UTC 2019 /home/travis/build/icyphy/ptII/ptolemy/domains/de/test/auto/ResettableTimer4.xml
----------------- Instantiating /home/travis/build/icyphy/ptII/ptolemy/domains/de/test/auto/ResettableTimer4.xml
1 ms. Memory: 345600K Free: 316023K (91%)
----------------- Invoking toplevel() on ptolemy.moml.MoMLSimpleApplication@1d7c67c5
----------------- Done invoking toplevel() on ptolemy.moml.MoMLSimpleApplication@1d7c67c5
reloadAllAccessors: .ResettableTimer4

===========================================================================================
----------------- testing Mon Apr 29 15:16:38 UTC 2019 /home/travis/build/icyphy/ptII/ptolemy/domains/de/test/auto/ResettableTimer5.xml
----------------- Instantiating /home/travis/build/icyphy/ptII/ptolemy/domains/de/test/auto/ResettableTimer5.xml
1 ms. Memory: 345600K Free: 307604K (89%)
----------------- Invoking toplevel() on ptolemy.moml.MoMLSimpleApplication@309ace4b
----------------- Done invoking toplevel() on ptolemy.moml.MoMLSimpleApplication@309ace4b
reloadAllAccessors: .ResettableTimer5

===========================================================================================
----------------- testing Mon Apr 29 15:16:38 UTC 2019 /home/travis/build/icyphy/ptII/ptolemy/domains/de/test/auto/ResettableTimer6.xml
----------------- Instantiating /home/travis/build/icyphy/ptII/ptolemy/domains/de/test/auto/ResettableTimer6.xml
4 ms. Memory: 345600K Free: 299176K (87%)
----------------- Invoking toplevel() on ptolemy.moml.MoMLSimpleApplication@7b9d3b86
----------------- Done invoking toplevel() on ptolemy.moml.MoMLSimpleApplication@7b9d3b86
reloadAllAccessors: .ResettableTimer6

===========================================================================================
----------------- testing Mon Apr 29 15:16:38 UTC 2019 /home/travis/build/icyphy/ptII/ptolemy/domains/de/test/auto/ServerZeroDelay.xml
----------------- Instantiating /home/travis/build/icyphy/ptII/ptolemy/domains/de/test/auto/ServerZeroDelay.xml
1 ms. Memory: 345600K Free: 290757K (84%)
----------------- Invoking toplevel() on ptolemy.moml.MoMLSimpleApplication@674634ff
----------------- Done invoking toplevel() on ptolemy.moml.MoMLSimpleApplication@674634ff
reloadAllAccessors: .ServerZeroDelay

===========================================================================================
----------------- testing Mon Apr 29 15:16:38 UTC 2019 /home/travis/build/icyphy/ptII/ptolemy/domains/de/test/auto/SmartSender.xml
----------------- Instantiating /home/travis/build/icyphy/ptII/ptolemy/domains/de/test/auto/SmartSender.xml
3001 ms. Memory: 345600K Free: 282330K (82%)
----------------- Invoking toplevel() on ptolemy.moml.MoMLSimpleApplication@41877f0f
----------------- Done invoking toplevel() on ptolemy.moml.MoMLSimpleApplication@41877f0f
reloadAllAccessors: .SmartSender

===========================================================================================
----------------- testing Mon Apr 29 15:16:41 UTC 2019 /home/travis/build/icyphy/ptII/ptolemy/domains/de/test/auto/ThreadedComposite.xml
----------------- Instantiating /home/travis/build/icyphy/ptII/ptolemy/domains/de/test/auto/ThreadedComposite.xml
200 ms. Memory: 345600K Free: 242535K (70%)
----------------- Invoking toplevel() on ptolemy.moml.MoMLSimpleApplication@9926a19
----------------- Done invoking toplevel() on ptolemy.moml.MoMLSimpleApplication@9926a19
reloadAllAccessors: .ThreadedComposite

===========================================================================================
----------------- testing Mon Apr 29 15:16:41 UTC 2019 /home/travis/build/icyphy/ptII/ptolemy/domains/de/test/auto/Time.xml
----------------- Instantiating /home/travis/build/icyphy/ptII/ptolemy/domains/de/test/auto/Time.xml
408 ms. Memory: 345600K Free: 187122K (54%)
----------------- Invoking toplevel() on ptolemy.moml.MoMLSimpleApplication@123959fe
----------------- Done invoking toplevel() on ptolemy.moml.MoMLSimpleApplication@123959fe
reloadAllAccessors: .Time

===========================================================================================
----------------- testing Mon Apr 29 15:16:41 UTC 2019 /home/travis/build/icyphy/ptII/ptolemy/domains/de/test/auto/TimeDelayZeroDelay.xml
----------------- Instantiating /home/travis/build/icyphy/ptII/ptolemy/domains/de/test/auto/TimeDelayZeroDelay.xml
2 ms. Memory: 345600K Free: 178710K (52%)
----------------- Invoking toplevel() on ptolemy.moml.MoMLSimpleApplication@4725291d
----------------- Done invoking toplevel() on ptolemy.moml.MoMLSimpleApplication@4725291d
reloadAllAccessors: .TimeDelayZeroDelay

===========================================================================================
----------------- testing Mon Apr 29 15:16:41 UTC 2019 /home/travis/build/icyphy/ptII/ptolemy/domains/de/test/auto/TimerZeroDelay.xml
----------------- Instantiating /home/travis/build/icyphy/ptII/ptolemy/domains/de/test/auto/TimerZeroDelay.xml
2 ms. Memory: 345600K Free: 170299K (49%)
----------------- Invoking toplevel() on ptolemy.moml.MoMLSimpleApplication@184a7de4
----------------- Done invoking toplevel() on ptolemy.moml.MoMLSimpleApplication@184a7de4
reloadAllAccessors: .TimerZeroDelay

===========================================================================================
----------------- testing Mon Apr 29 15:16:41 UTC 2019 /home/travis/build/icyphy/ptII/ptolemy/domains/de/test/auto/TimingParadox.xml
----------------- Instantiating /home/travis/build/icyphy/ptII/ptolemy/domains/de/test/auto/TimingParadox.xml
284 ms. Memory: 345600K Free: 101742K (29%)
----------------- Invoking toplevel() on ptolemy.moml.MoMLSimpleApplication@31d2a7e3
----------------- Done invoking toplevel() on ptolemy.moml.MoMLSimpleApplication@31d2a7e3
reloadAllAccessors: .TimingParadox

===========================================================================================
----------------- testing Mon Apr 29 15:16:42 UTC 2019 /home/travis/build/icyphy/ptII/ptolemy/domains/de/test/auto/TransferInputs.xml
----------------- Instantiating /home/travis/build/icyphy/ptII/ptolemy/domains/de/test/auto/TransferInputs.xml
1 ms. Memory: 345600K Free: 93314K (27%)
----------------- Invoking toplevel() on ptolemy.moml.MoMLSimpleApplication@58ab00fb
----------------- Done invoking toplevel() on ptolemy.moml.MoMLSimpleApplication@58ab00fb
reloadAllAccessors: .TransferInputs

===========================================================================================
----------------- testing Mon Apr 29 15:16:42 UTC 2019 /home/travis/build/icyphy/ptII/ptolemy/domains/de/test/auto/TransferOutputs2.xml
----------------- Instantiating /home/travis/build/icyphy/ptII/ptolemy/domains/de/test/auto/TransferOutputs2.xml
2 ms. Memory: 345600K Free: 82853K (24%)
----------------- Invoking toplevel() on ptolemy.moml.MoMLSimpleApplication@1e6bff46
----------------- Done invoking toplevel() on ptolemy.moml.MoMLSimpleApplication@1e6bff46
reloadAllAccessors: .TransferOutputs2

===========================================================================================
----------------- testing Mon Apr 29 15:16:42 UTC 2019 /home/travis/build/icyphy/ptII/ptolemy/domains/de/test/auto/Trilateration.xml
----------------- Instantiating /home/travis/build/icyphy/ptII/ptolemy/domains/de/test/auto/Trilateration.xml
10237 ms. Memory: 581632K Free: 276608K (48%)
----------------- Invoking toplevel() on ptolemy.moml.MoMLSimpleApplication@58afcd5a
----------------- Done invoking toplevel() on ptolemy.moml.MoMLSimpleApplication@58afcd5a
reloadAllAccessors: .Trilateration

===========================================================================================
----------------- testing Mon Apr 29 15:16:53 UTC 2019 /home/travis/build/icyphy/ptII/ptolemy/domains/de/test/auto/TwoSigmaDelta.xml
----------------- Instantiating /home/travis/build/icyphy/ptII/ptolemy/domains/de/test/auto/TwoSigmaDelta.xml
1917 ms. Memory: 564736K Free: 465280K (82%)
----------------- Invoking toplevel() on ptolemy.moml.MoMLSimpleApplication@4a622c7f
----------------- Done invoking toplevel() on ptolemy.moml.MoMLSimpleApplication@4a622c7f
reloadAllAccessors: .TwoSigmaDelta

===========================================================================================
----------------- testing Mon Apr 29 15:16:55 UTC 2019 /home/travis/build/icyphy/ptII/ptolemy/domains/de/test/auto/VariableDelay.xml
----------------- Instantiating /home/travis/build/icyphy/ptII/ptolemy/domains/de/test/auto/VariableDelay.xml
1 ms. Memory: 564736K Free: 449883K (80%)
----------------- Invoking toplevel() on ptolemy.moml.MoMLSimpleApplication@52fced7b
----------------- Done invoking toplevel() on ptolemy.moml.MoMLSimpleApplication@52fced7b
reloadAllAccessors: .VariableDelay

===========================================================================================
----------------- testing Mon Apr 29 15:16:55 UTC 2019 /home/travis/build/icyphy/ptII/ptolemy/domains/de/test/auto/VariableDelay2.xml
----------------- Instantiating /home/travis/build/icyphy/ptII/ptolemy/domains/de/test/auto/VariableDelay2.xml
2 ms. Memory: 564736K Free: 439849K (78%)
----------------- Invoking toplevel() on ptolemy.moml.MoMLSimpleApplication@36e1cad5
----------------- Done invoking toplevel() on ptolemy.moml.MoMLSimpleApplication@36e1cad5
reloadAllAccessors: .VariableDelay2

===========================================================================================
----------------- testing Mon Apr 29 15:16:55 UTC 2019 /home/travis/build/icyphy/ptII/ptolemy/domains/de/test/auto/VariableDelayZeroDelay.xml
----------------- Instantiating /home/travis/build/icyphy/ptII/ptolemy/domains/de/test/auto/VariableDelayZeroDelay.xml
1 ms. Memory: 564736K Free: 429815K (76%)
----------------- Invoking toplevel() on ptolemy.moml.MoMLSimpleApplication@72a7f58d
----------------- Done invoking toplevel() on ptolemy.moml.MoMLSimpleApplication@72a7f58d
reloadAllAccessors: .VariableDelayZeroDelay

===========================================================================================
----------------- testing Mon Apr 29 15:16:55 UTC 2019 /home/travis/build/icyphy/ptII/ptolemy/domains/de/test/auto/VariableDelayZeroDelay2.xml
----------------- Instantiating /home/travis/build/icyphy/ptII/ptolemy/domains/de/test/auto/VariableDelayZeroDelay2.xml
1 ms. Memory: 564736K Free: 419781K (74%)
----------------- Invoking toplevel() on ptolemy.moml.MoMLSimpleApplication@6ff5d6a3
----------------- Done invoking toplevel() on ptolemy.moml.MoMLSimpleApplication@6ff5d6a3
reloadAllAccessors: .VariableDelayZeroDelay2

===========================================================================================
----------------- testing Mon Apr 29 15:16:55 UTC 2019 /home/travis/build/icyphy/ptII/ptolemy/domains/de/test/auto/deInCt.xml
----------------- Instantiating /home/travis/build/icyphy/ptII/ptolemy/domains/de/test/auto/deInCt.xml
0
1
1
1
0
0
0
1
1
1
0
0
0
1
1
1
0
0
0
1
1
1
1
1
1
1
0
0
0
0
0
7 ms. Memory: 564736K Free: 409746K (73%)
----------------- Invoking toplevel() on ptolemy.moml.MoMLSimpleApplication@7901994e
----------------- Done invoking toplevel() on ptolemy.moml.MoMLSimpleApplication@7901994e
reloadAllAccessors: .deInCt

===========================================================================================
----------------- testing Mon Apr 29 15:16:55 UTC 2019 /home/travis/build/icyphy/ptII/ptolemy/domains/de/test/auto/deInCt2.xml
----------------- Instantiating /home/travis/build/icyphy/ptII/ptolemy/domains/de/test/auto/deInCt2.xml
0
1
1
1
0
0
1
1
1
0
0
1
1
1
0
0
1
1
1
0
0
1
1
1
0
0
1
1
1
0
0
1
1
1
0
0
1
1
1
0
0
0
4 ms. Memory: 564736K Free: 399712K (71%)
----------------- Invoking toplevel() on ptolemy.moml.MoMLSimpleApplication@5d8545f0
----------------- Done invoking toplevel() on ptolemy.moml.MoMLSimpleApplication@5d8545f0
reloadAllAccessors: .deInCt2

===========================================================================================
----------------- testing Mon Apr 29 15:16:55 UTC 2019 /home/travis/build/icyphy/ptII/ptolemy/domains/de/test/auto/dynamicCausalityInterface1.xml
----------------- Instantiating /home/travis/build/icyphy/ptII/ptolemy/domains/de/test/auto/dynamicCausalityInterface1.xml
0 ms. Memory: 564736K Free: 384895K (68%)
----------------- Invoking toplevel() on ptolemy.moml.MoMLSimpleApplication@680f7f79
----------------- Done invoking toplevel() on ptolemy.moml.MoMLSimpleApplication@680f7f79
reloadAllAccessors: .dynamicCausalityInterface1

===========================================================================================
----------------- testing Mon Apr 29 15:16:55 UTC 2019 /home/travis/build/icyphy/ptII/ptolemy/domains/de/test/auto/fsm_de_test.xml
----------------- Instantiating /home/travis/build/icyphy/ptII/ptolemy/domains/de/test/auto/fsm_de_test.xml
4 ms. Memory: 564736K Free: 370091K (66%)
----------------- Invoking toplevel() on ptolemy.moml.MoMLSimpleApplication@38baf865
----------------- Done invoking toplevel() on ptolemy.moml.MoMLSimpleApplication@38baf865
reloadAllAccessors: .fsm_de_test

===========================================================================================
----------------- testing Mon Apr 29 15:16:55 UTC 2019 /home/travis/build/icyphy/ptII/ptolemy/domains/de/test/auto/functionDependencyReconstruction.xml
----------------- Instantiating /home/travis/build/icyphy/ptII/ptolemy/domains/de/test/auto/functionDependencyReconstruction.xml
2 ms. Memory: 564736K Free: 350507K (62%)
----------------- Invoking toplevel() on ptolemy.moml.MoMLSimpleApplication@a995a8d
----------------- Done invoking toplevel() on ptolemy.moml.MoMLSimpleApplication@a995a8d
reloadAllAccessors: .functionDependencyReconstruction

===========================================================================================
----------------- testing Mon Apr 29 15:16:55 UTC 2019 /home/travis/build/icyphy/ptII/ptolemy/domains/de/test/auto/multirate.xml
----------------- Instantiating /home/travis/build/icyphy/ptII/ptolemy/domains/de/test/auto/multirate.xml
3 ms. Memory: 564736K Free: 335690K (59%)
----------------- Invoking toplevel() on ptolemy.moml.MoMLSimpleApplication@64361450
----------------- Done invoking toplevel() on ptolemy.moml.MoMLSimpleApplication@64361450
reloadAllAccessors: .multirate

===========================================================================================
----------------- testing Mon Apr 29 15:16:55 UTC 2019 /home/travis/build/icyphy/ptII/ptolemy/domains/de/test/auto/multirate2.xml
----------------- Instantiating /home/travis/build/icyphy/ptII/ptolemy/domains/de/test/auto/multirate2.xml
2 ms. Memory: 564736K Free: 320889K (57%)
----------------- Invoking toplevel() on ptolemy.moml.MoMLSimpleApplication@5ab50a7e
----------------- Done invoking toplevel() on ptolemy.moml.MoMLSimpleApplication@5ab50a7e
reloadAllAccessors: .multirate2

===========================================================================================
----------------- testing Mon Apr 29 15:16:55 UTC 2019 /home/travis/build/icyphy/ptII/ptolemy/domains/de/test/auto/realtime.xml
----------------- Instantiating /home/travis/build/icyphy/ptII/ptolemy/domains/de/test/auto/realtime.xml
10001 ms. Memory: 564736K Free: 310354K (55%)
----------------- Invoking toplevel() on ptolemy.moml.MoMLSimpleApplication@45236641
----------------- Done invoking toplevel() on ptolemy.moml.MoMLSimpleApplication@45236641
reloadAllAccessors: .realtime

===========================================================================================
----------------- testing Mon Apr 29 15:17:05 UTC 2019 /home/travis/build/icyphy/ptII/ptolemy/domains/de/test/auto/relationGroup.xml
----------------- Instantiating /home/travis/build/icyphy/ptII/ptolemy/domains/de/test/auto/relationGroup.xml
1 ms. Memory: 564736K Free: 300319K (53%)
----------------- Invoking toplevel() on ptolemy.moml.MoMLSimpleApplication@14ef0dff
----------------- Done invoking toplevel() on ptolemy.moml.MoMLSimpleApplication@14ef0dff
reloadAllAccessors: .relationGroup

===========================================================================================
----------------- testing Mon Apr 29 15:17:05 UTC 2019 /home/travis/build/icyphy/ptII/ptolemy/domains/de/test/auto/relationGroup2.xml
----------------- Instantiating /home/travis/build/icyphy/ptII/ptolemy/domains/de/test/auto/relationGroup2.xml
1 ms. Memory: 564736K Free: 290285K (51%)
----------------- Invoking toplevel() on ptolemy.moml.MoMLSimpleApplication@7d49dfc1
----------------- Done invoking toplevel() on ptolemy.moml.MoMLSimpleApplication@7d49dfc1
reloadAllAccessors: .relationGroup2

===========================================================================================
----------------- testing Mon Apr 29 15:17:05 UTC 2019 /home/travis/build/icyphy/ptII/ptolemy/domains/de/test/auto/sortWithOpaquePorts.xml
----------------- Instantiating /home/travis/build/icyphy/ptII/ptolemy/domains/de/test/auto/sortWithOpaquePorts.xml
1 ms. Memory: 564736K Free: 280251K (50%)
----------------- Invoking toplevel() on ptolemy.moml.MoMLSimpleApplication@62312ad9
----------------- Done invoking toplevel() on ptolemy.moml.MoMLSimpleApplication@62312ad9
reloadAllAccessors: .sortWithOpaquePorts

===========================================================================================
----------------- testing Mon Apr 29 15:17:05 UTC 2019 /home/travis/build/icyphy/ptII/ptolemy/domains/de/test/auto/transferInputsandOutputs.xml
----------------- Instantiating /home/travis/build/icyphy/ptII/ptolemy/domains/de/test/auto/transferInputsandOutputs.xml
1 ms. Memory: 564736K Free: 265442K (47%)
----------------- Invoking toplevel() on ptolemy.moml.MoMLSimpleApplication@3a19f7d7
----------------- Done invoking toplevel() on ptolemy.moml.MoMLSimpleApplication@3a19f7d7
reloadAllAccessors: .transferInputsandOutputs

===========================================================================================
----------------- testing Mon Apr 29 15:17:05 UTC 2019 /home/travis/build/icyphy/ptII/ptolemy/domains/de/test/auto/triggerType.xml
----------------- Instantiating /home/travis/build/icyphy/ptII/ptolemy/domains/de/test/auto/triggerType.xml
1 ms. Memory: 564736K Free: 255408K (45%)
----------------- Invoking toplevel() on ptolemy.moml.MoMLSimpleApplication@3e536cc0
----------------- Done invoking toplevel() on ptolemy.moml.MoMLSimpleApplication@3e536cc0
reloadAllAccessors: .triggerType
AutoTests.java: About to close Vertx.
AutoTests.java: Vertx closed.
]]></system-out>
  <system-err><![CDATA[java.lang.RuntimeException: Execution failed
	at ptolemy.moml.MoMLSimpleApplication$UnloadThread.run(MoMLSimpleApplication.java:402)
Caused by: ptolemy.kernel.util.IllegalActionException: Found a zero delay loop containing .dependencyLoop.original
  in .dependencyLoop and .dependencyLoop.original
	at ptolemy.actor.util.CausalityInterfaceForComposites._computeOutputPortDepth(CausalityInterfaceForComposites.java:759)
	at ptolemy.actor.util.CausalityInterfaceForComposites._computeInputDepth(CausalityInterfaceForComposites.java:696)
	at ptolemy.actor.util.CausalityInterfaceForComposites._computeOutputPortDepth(CausalityInterfaceForComposites.java:765)
	at ptolemy.actor.util.CausalityInterfaceForComposites._computeInputDepth(CausalityInterfaceForComposites.java:696)
	at ptolemy.actor.util.CausalityInterfaceForComposites._computeOutputPortDepth(CausalityInterfaceForComposites.java:765)
	at ptolemy.actor.util.CausalityInterfaceForComposites._computeInputDepth(CausalityInterfaceForComposites.java:696)
	at ptolemy.actor.util.CausalityInterfaceForComposites._computeActorDepth(CausalityInterfaceForComposites.java:532)
	at ptolemy.actor.util.CausalityInterfaceForComposites.checkForCycles(CausalityInterfaceForComposites.java:96)
	at ptolemy.domains.de.kernel.DEDirector.preinitialize(DEDirector.java:1338)
	at ptolemy.actor.CompositeActor.preinitialize(CompositeActor.java:1828)
	at ptolemy.actor.Manager.preinitializeAndResolveTypes(Manager.java:1040)
	at ptolemy.actor.Manager.initialize(Manager.java:710)
	at ptolemy.actor.Manager.execute(Manager.java:356)
	at ptolemy.actor.Manager.run(Manager.java:1263)
	at ptolemy.actor.Manager$PtolemyRunThread.run(Manager.java:1915)
java.lang.RuntimeException: Execution failed
	at ptolemy.moml.MoMLSimpleApplication$UnloadThread.run(MoMLSimpleApplication.java:402)
Caused by: ptolemy.kernel.util.IllegalActionException: Found a zero delay loop containing .dependencyLoop2.original
  in .dependencyLoop2 and .dependencyLoop2.original
	at ptolemy.actor.util.CausalityInterfaceForComposites._computeOutputPortDepth(CausalityInterfaceForComposites.java:759)
	at ptolemy.actor.util.CausalityInterfaceForComposites._computeInputDepth(CausalityInterfaceForComposites.java:696)
	at ptolemy.actor.util.CausalityInterfaceForComposites._computeOutputPortDepth(CausalityInterfaceForComposites.java:765)
	at ptolemy.actor.util.CausalityInterfaceForComposites._computeInputDepth(CausalityInterfaceForComposites.java:696)
	at ptolemy.actor.util.CausalityInterfaceForComposites._computeOutputPortDepth(CausalityInterfaceForComposites.java:765)
	at ptolemy.actor.util.CausalityInterfaceForComposites._computeInputDepth(CausalityInterfaceForComposites.java:696)
	at ptolemy.actor.util.CausalityInterfaceForComposites._computeActorDepth(CausalityInterfaceForComposites.java:532)
	at ptolemy.actor.util.CausalityInterfaceForComposites.checkForCycles(CausalityInterfaceForComposites.java:96)
	at ptolemy.domains.de.kernel.DEDirector.preinitialize(DEDirector.java:1338)
	at ptolemy.actor.CompositeActor.preinitialize(CompositeActor.java:1828)
	at ptolemy.actor.Manager.preinitializeAndResolveTypes(Manager.java:1040)
	at ptolemy.actor.Manager.initialize(Manager.java:710)
	at ptolemy.actor.Manager.execute(Manager.java:356)
	at ptolemy.actor.Manager.run(Manager.java:1263)
	at ptolemy.actor.Manager$PtolemyRunThread.run(Manager.java:1915)
java.lang.RuntimeException: Execution failed
	at ptolemy.moml.MoMLSimpleApplication$UnloadThread.run(MoMLSimpleApplication.java:402)
Caused by: ptolemy.kernel.util.IllegalActionException: Found a zero delay loop containing .dependencyLoop.original
  in .dependencyLoop and .dependencyLoop.original
	at ptolemy.actor.util.CausalityInterfaceForComposites._computeOutputPortDepth(CausalityInterfaceForComposites.java:759)
	at ptolemy.actor.util.CausalityInterfaceForComposites._computeInputDepth(CausalityInterfaceForComposites.java:696)
	at ptolemy.actor.util.CausalityInterfaceForComposites._computeOutputPortDepth(CausalityInterfaceForComposites.java:765)
	at ptolemy.actor.util.CausalityInterfaceForComposites._computeInputDepth(CausalityInterfaceForComposites.java:696)
	at ptolemy.actor.util.CausalityInterfaceForComposites._computeOutputPortDepth(CausalityInterfaceForComposites.java:765)
	at ptolemy.actor.util.CausalityInterfaceForComposites._computeInputDepth(CausalityInterfaceForComposites.java:696)
	at ptolemy.actor.util.CausalityInterfaceForComposites._computeActorDepth(CausalityInterfaceForComposites.java:532)
	at ptolemy.actor.util.CausalityInterfaceForComposites.checkForCycles(CausalityInterfaceForComposites.java:96)
	at ptolemy.domains.de.kernel.DEDirector.preinitialize(DEDirector.java:1338)
	at ptolemy.actor.CompositeActor.preinitialize(CompositeActor.java:1828)
	at ptolemy.actor.Manager.preinitializeAndResolveTypes(Manager.java:1040)
	at ptolemy.actor.Manager.initialize(Manager.java:710)
	at ptolemy.actor.Manager.execute(Manager.java:356)
	at ptolemy.actor.Manager.run(Manager.java:1263)
	at ptolemy.actor.Manager$PtolemyRunThread.run(Manager.java:1915)
java.lang.RuntimeException: Execution failed
	at ptolemy.moml.MoMLSimpleApplication$UnloadThread.run(MoMLSimpleApplication.java:402)
Caused by: ptolemy.kernel.util.IllegalActionException: Actor is not ready to fire.  Perhaps UpSample.prefire() returned false? Try debugging the actor by selecting "Listen to Actor".  Also, for SDF check moml for tokenConsumptionRate on input.
  in .DESDFClockTest.Play Bell.Copy1:SDF Director and .DESDFClockTest.Play Bell.UpSample
	at ptolemy.actor.sched.StaticSchedulingDirector.fire(StaticSchedulingDirector.java:227)
	at ptolemy.domains.sdf.kernel.SDFDirector.fire(SDFDirector.java:500)
	at ptolemy.actor.CompositeActor.fire(CompositeActor.java:455)
	at ptolemy.domains.de.kernel.DEDirector._fire(DEDirector.java:1949)
	at ptolemy.domains.de.kernel.DEDirector.fire(DEDirector.java:502)
	at ptolemy.actor.CompositeActor.fire(CompositeActor.java:455)
	at ptolemy.actor.Manager.iterate(Manager.java:851)
	at ptolemy.actor.Manager.execute(Manager.java:369)
	at ptolemy.actor.Manager.run(Manager.java:1263)
	at ptolemy.actor.Manager$PtolemyRunThread.run(Manager.java:1915)
java.lang.RuntimeException: Execution failed
	at ptolemy.moml.MoMLSimpleApplication$UnloadThread.run(MoMLSimpleApplication.java:402)
Caused by: ptolemy.kernel.util.IllegalActionException: Found a zero delay loop containing .dependencyLoop2.original
  in .dependencyLoop2 and .dependencyLoop2.original
	at ptolemy.actor.util.CausalityInterfaceForComposites._computeOutputPortDepth(CausalityInterfaceForComposites.java:759)
	at ptolemy.actor.util.CausalityInterfaceForComposites._computeInputDepth(CausalityInterfaceForComposites.java:696)
	at ptolemy.actor.util.CausalityInterfaceForComposites._computeOutputPortDepth(CausalityInterfaceForComposites.java:765)
	at ptolemy.actor.util.CausalityInterfaceForComposites._computeInputDepth(CausalityInterfaceForComposites.java:696)
	at ptolemy.actor.util.CausalityInterfaceForComposites._computeOutputPortDepth(CausalityInterfaceForComposites.java:765)
	at ptolemy.actor.util.CausalityInterfaceForComposites._computeInputDepth(CausalityInterfaceForComposites.java:696)
	at ptolemy.actor.util.CausalityInterfaceForComposites._computeActorDepth(CausalityInterfaceForComposites.java:532)
	at ptolemy.actor.util.CausalityInterfaceForComposites.checkForCycles(CausalityInterfaceForComposites.java:96)
	at ptolemy.domains.de.kernel.DEDirector.preinitialize(DEDirector.java:1338)
	at ptolemy.actor.CompositeActor.preinitialize(CompositeActor.java:1828)
	at ptolemy.actor.Manager.preinitializeAndResolveTypes(Manager.java:1040)
	at ptolemy.actor.Manager.initialize(Manager.java:710)
	at ptolemy.actor.Manager.execute(Manager.java:356)
	at ptolemy.actor.Manager.run(Manager.java:1263)
	at ptolemy.actor.Manager$PtolemyRunThread.run(Manager.java:1915)
java.lang.RuntimeException: Execution failed
	at ptolemy.moml.MoMLSimpleApplication$UnloadThread.run(MoMLSimpleApplication.java:402)
Caused by: ptolemy.kernel.util.IllegalActionException: Found a zero delay loop containing .HierarchicalModel.A
  in .HierarchicalModel and .HierarchicalModel.A
	at ptolemy.actor.util.CausalityInterfaceForComposites._computeOutputPortDepth(CausalityInterfaceForComposites.java:759)
	at ptolemy.actor.util.CausalityInterfaceForComposites._computeInputDepth(CausalityInterfaceForComposites.java:696)
	at ptolemy.actor.util.CausalityInterfaceForComposites._computeOutputPortDepth(CausalityInterfaceForComposites.java:765)
	at ptolemy.actor.util.CausalityInterfaceForComposites._computeInputDepth(CausalityInterfaceForComposites.java:696)
	at ptolemy.actor.util.CausalityInterfaceForComposites._computeOutputPortDepth(CausalityInterfaceForComposites.java:765)
	at ptolemy.actor.util.CausalityInterfaceForComposites._computeInputDepth(CausalityInterfaceForComposites.java:696)
	at ptolemy.actor.util.CausalityInterfaceForComposites._computeActorDepth(CausalityInterfaceForComposites.java:532)
	at ptolemy.actor.util.CausalityInterfaceForComposites.checkForCycles(CausalityInterfaceForComposites.java:96)
	at ptolemy.domains.de.kernel.DEDirector.preinitialize(DEDirector.java:1338)
	at ptolemy.actor.CompositeActor.preinitialize(CompositeActor.java:1828)
	at ptolemy.actor.Manager.preinitializeAndResolveTypes(Manager.java:1040)
	at ptolemy.actor.Manager.initialize(Manager.java:710)
	at ptolemy.actor.Manager.execute(Manager.java:356)
	at ptolemy.actor.Manager.run(Manager.java:1263)
	at ptolemy.actor.Manager$PtolemyRunThread.run(Manager.java:1915)
java.lang.RuntimeException: Execution failed
	at ptolemy.moml.MoMLSimpleApplication$UnloadThread.run(MoMLSimpleApplication.java:402)
Caused by: ptolemy.kernel.util.IllegalActionException: Test fails in iteration 1.
Value was: 1.0. Should have been: 2.0
  in .DirectFeedback.Test
	at ptolemy.actor.lib.Test.fire(Test.java:268)
	at ptolemy.domains.de.kernel.DEDirector._fire(DEDirector.java:1949)
	at ptolemy.domains.de.kernel.DEDirector.fire(DEDirector.java:502)
	at ptolemy.actor.CompositeActor.fire(CompositeActor.java:455)
	at ptolemy.actor.Manager.iterate(Manager.java:851)
	at ptolemy.actor.Manager.execute(Manager.java:369)
	at ptolemy.actor.Manager.run(Manager.java:1263)
	at ptolemy.actor.Manager$PtolemyRunThread.run(Manager.java:1915)
java.lang.RuntimeException: Execution failed
	at ptolemy.moml.MoMLSimpleApplication$UnloadThread.run(MoMLSimpleApplication.java:402)
Caused by: ptolemy.kernel.util.IllegalActionException: Actor is not ready to fire.  Perhaps UpSample.prefire() returned false? Try debugging the actor by selecting "Listen to Actor".  Also, for SDF check moml for tokenConsumptionRate on input.
  in .DESDFClockTest.Play Bell.Copy1:SDF Director and .DESDFClockTest.Play Bell.UpSample
	at ptolemy.actor.sched.StaticSchedulingDirector.fire(StaticSchedulingDirector.java:227)
	at ptolemy.domains.sdf.kernel.SDFDirector.fire(SDFDirector.java:500)
	at ptolemy.actor.CompositeActor.fire(CompositeActor.java:455)
	at ptolemy.domains.de.kernel.DEDirector._fire(DEDirector.java:1949)
	at ptolemy.domains.de.kernel.DEDirector.fire(DEDirector.java:502)
	at ptolemy.actor.CompositeActor.fire(CompositeActor.java:455)
	at ptolemy.actor.Manager.iterate(Manager.java:851)
	at ptolemy.actor.Manager.execute(Manager.java:369)
	at ptolemy.actor.Manager.run(Manager.java:1263)
	at ptolemy.actor.Manager$PtolemyRunThread.run(Manager.java:1915)
java.lang.reflect.InvocationTargetException
	at sun.reflect.NativeConstructorAccessorImpl.newInstance0(Native Method)
	at sun.reflect.NativeConstructorAccessorImpl.newInstance(NativeConstructorAccessorImpl.java:62)
	at sun.reflect.DelegatingConstructorAccessorImpl.newInstance(DelegatingConstructorAccessorImpl.java:45)
	at java.lang.reflect.Constructor.newInstance(Constructor.java:423)
	at ptolemy.util.test.junit.AutoKnownFailedTests.RunModel(AutoKnownFailedTests.java:105)
	at sun.reflect.NativeMethodAccessorImpl.invoke0(Native Method)
	at sun.reflect.NativeMethodAccessorImpl.invoke(NativeMethodAccessorImpl.java:62)
	at sun.reflect.DelegatingMethodAccessorImpl.invoke(DelegatingMethodAccessorImpl.java:43)
	at java.lang.reflect.Method.invoke(Method.java:498)
	at org.junit.runners.model.FrameworkMethod$1.runReflectiveCall(FrameworkMethod.java:44)
	at org.junit.internal.runners.model.ReflectiveCallable.run(ReflectiveCallable.java:15)
	at org.junit.runners.model.FrameworkMethod.invokeExplosively(FrameworkMethod.java:41)
	at junitparams.internal.InvokeParameterisedMethod.evaluate(InvokeParameterisedMethod.java:102)
	at org.junit.internal.runners.statements.FailOnTimeout$1.run(FailOnTimeout.java:28)
Caused by: ptolemy.kernel.util.IllegalActionException: Actor is not ready to fire.  Perhaps UpSample.prefire() returned false? Try debugging the actor by selecting "Listen to Actor".  Also, for SDF check moml for tokenConsumptionRate on input.
  in .DESDFClockTest.Play Bell.Copy1:SDF Director and .DESDFClockTest.Play Bell.UpSample
	at ptolemy.actor.sched.StaticSchedulingDirector.fire(StaticSchedulingDirector.java:227)
	at ptolemy.domains.sdf.kernel.SDFDirector.fire(SDFDirector.java:500)
	at ptolemy.actor.CompositeActor.fire(CompositeActor.java:455)
	at ptolemy.domains.de.kernel.DEDirector._fire(DEDirector.java:1949)
	at ptolemy.domains.de.kernel.DEDirector.fire(DEDirector.java:502)
	at ptolemy.actor.CompositeActor.fire(CompositeActor.java:455)
	at ptolemy.actor.Manager.iterate(Manager.java:851)
	at ptolemy.actor.Manager.execute(Manager.java:369)
	at ptolemy.actor.Manager.run(Manager.java:1263)
	at ptolemy.actor.Manager$PtolemyRunThread.run(Manager.java:1915)
java.lang.RuntimeException: Execution failed
	at ptolemy.moml.MoMLSimpleApplication$UnloadThread.run(MoMLSimpleApplication.java:402)
Caused by: ptolemy.kernel.util.IllegalActionException: Test fails in iteration 1.
Value was: 1.0. Should have been: 2.0
  in .DirectFeedback.Test
	at ptolemy.actor.lib.Test.fire(Test.java:268)
	at ptolemy.domains.de.kernel.DEDirector._fire(DEDirector.java:1949)
	at ptolemy.domains.de.kernel.DEDirector.fire(DEDirector.java:502)
	at ptolemy.actor.CompositeActor.fire(CompositeActor.java:455)
	at ptolemy.actor.Manager.iterate(Manager.java:851)
	at ptolemy.actor.Manager.execute(Manager.java:369)
	at ptolemy.actor.Manager.run(Manager.java:1263)
	at ptolemy.actor.Manager$PtolemyRunThread.run(Manager.java:1915)
java.lang.reflect.InvocationTargetException
	at sun.reflect.NativeConstructorAccessorImpl.newInstance0(Native Method)
	at sun.reflect.NativeConstructorAccessorImpl.newInstance(NativeConstructorAccessorImpl.java:62)
	at sun.reflect.DelegatingConstructorAccessorImpl.newInstance(DelegatingConstructorAccessorImpl.java:45)
	at java.lang.reflect.Constructor.newInstance(Constructor.java:423)
	at ptolemy.util.test.junit.AutoKnownFailedTests.RunModel(AutoKnownFailedTests.java:105)
	at sun.reflect.NativeMethodAccessorImpl.invoke0(Native Method)
	at sun.reflect.NativeMethodAccessorImpl.invoke(NativeMethodAccessorImpl.java:62)
	at sun.reflect.DelegatingMethodAccessorImpl.invoke(DelegatingMethodAccessorImpl.java:43)
	at java.lang.reflect.Method.invoke(Method.java:498)
	at org.junit.runners.model.FrameworkMethod$1.runReflectiveCall(FrameworkMethod.java:44)
	at org.junit.internal.runners.model.ReflectiveCallable.run(ReflectiveCallable.java:15)
	at org.junit.runners.model.FrameworkMethod.invokeExplosively(FrameworkMethod.java:41)
	at junitparams.internal.InvokeParameterisedMethod.evaluate(InvokeParameterisedMethod.java:102)
	at org.junit.internal.runners.statements.FailOnTimeout$1.run(FailOnTimeout.java:28)
Caused by: ptolemy.kernel.util.IllegalActionException: Test fails in iteration 1.
Value was: 1.0. Should have been: 2.0
  in .DirectFeedback.Test
	at ptolemy.actor.lib.Test.fire(Test.java:268)
	at ptolemy.domains.de.kernel.DEDirector._fire(DEDirector.java:1949)
	at ptolemy.domains.de.kernel.DEDirector.fire(DEDirector.java:502)
	at ptolemy.actor.CompositeActor.fire(CompositeActor.java:455)
	at ptolemy.actor.Manager.iterate(Manager.java:851)
	at ptolemy.actor.Manager.execute(Manager.java:369)
	at ptolemy.actor.Manager.run(Manager.java:1263)
	at ptolemy.actor.Manager$PtolemyRunThread.run(Manager.java:1915)
java.lang.RuntimeException: Execution failed
	at ptolemy.moml.MoMLSimpleApplication$UnloadThread.run(MoMLSimpleApplication.java:402)
Caused by: ptolemy.kernel.util.IllegalActionException: Found a zero delay loop containing .HierarchicalModel.A
  in .HierarchicalModel and .HierarchicalModel.A
	at ptolemy.actor.util.CausalityInterfaceForComposites._computeOutputPortDepth(CausalityInterfaceForComposites.java:759)
	at ptolemy.actor.util.CausalityInterfaceForComposites._computeInputDepth(CausalityInterfaceForComposites.java:696)
	at ptolemy.actor.util.CausalityInterfaceForComposites._computeOutputPortDepth(CausalityInterfaceForComposites.java:765)
	at ptolemy.actor.util.CausalityInterfaceForComposites._computeInputDepth(CausalityInterfaceForComposites.java:696)
	at ptolemy.actor.util.CausalityInterfaceForComposites._computeOutputPortDepth(CausalityInterfaceForComposites.java:765)
	at ptolemy.actor.util.CausalityInterfaceForComposites._computeInputDepth(CausalityInterfaceForComposites.java:696)
	at ptolemy.actor.util.CausalityInterfaceForComposites._computeActorDepth(CausalityInterfaceForComposites.java:532)
	at ptolemy.actor.util.CausalityInterfaceForComposites.checkForCycles(CausalityInterfaceForComposites.java:96)
	at ptolemy.domains.de.kernel.DEDirector.preinitialize(DEDirector.java:1338)
	at ptolemy.actor.CompositeActor.preinitialize(CompositeActor.java:1828)
	at ptolemy.actor.Manager.preinitializeAndResolveTypes(Manager.java:1040)
	at ptolemy.actor.Manager.initialize(Manager.java:710)
	at ptolemy.actor.Manager.execute(Manager.java:356)
	at ptolemy.actor.Manager.run(Manager.java:1263)
	at ptolemy.actor.Manager$PtolemyRunThread.run(Manager.java:1915)
java.lang.reflect.InvocationTargetException
	at sun.reflect.NativeConstructorAccessorImpl.newInstance0(Native Method)
	at sun.reflect.NativeConstructorAccessorImpl.newInstance(NativeConstructorAccessorImpl.java:62)
	at sun.reflect.DelegatingConstructorAccessorImpl.newInstance(DelegatingConstructorAccessorImpl.java:45)
	at java.lang.reflect.Constructor.newInstance(Constructor.java:423)
	at ptolemy.util.test.junit.AutoKnownFailedTests.RunModel(AutoKnownFailedTests.java:105)
	at sun.reflect.NativeMethodAccessorImpl.invoke0(Native Method)
	at sun.reflect.NativeMethodAccessorImpl.invoke(NativeMethodAccessorImpl.java:62)
	at sun.reflect.DelegatingMethodAccessorImpl.invoke(DelegatingMethodAccessorImpl.java:43)
	at java.lang.reflect.Method.invoke(Method.java:498)
	at org.junit.runners.model.FrameworkMethod$1.runReflectiveCall(FrameworkMethod.java:44)
	at org.junit.internal.runners.model.ReflectiveCallable.run(ReflectiveCallable.java:15)
	at org.junit.runners.model.FrameworkMethod.invokeExplosively(FrameworkMethod.java:41)
	at junitparams.internal.InvokeParameterisedMethod.evaluate(InvokeParameterisedMethod.java:102)
	at org.junit.internal.runners.statements.FailOnTimeout$1.run(FailOnTimeout.java:28)
Caused by: ptolemy.kernel.util.IllegalActionException: Found a zero delay loop containing .HierarchicalModel.A
  in .HierarchicalModel and .HierarchicalModel.A
	at ptolemy.actor.util.CausalityInterfaceForComposites._computeOutputPortDepth(CausalityInterfaceForComposites.java:759)
	at ptolemy.actor.util.CausalityInterfaceForComposites._computeInputDepth(CausalityInterfaceForComposites.java:696)
	at ptolemy.actor.util.CausalityInterfaceForComposites._computeOutputPortDepth(CausalityInterfaceForComposites.java:765)
	at ptolemy.actor.util.CausalityInterfaceForComposites._computeInputDepth(CausalityInterfaceForComposites.java:696)
	at ptolemy.actor.util.CausalityInterfaceForComposites._computeOutputPortDepth(CausalityInterfaceForComposites.java:765)
	at ptolemy.actor.util.CausalityInterfaceForComposites._computeInputDepth(CausalityInterfaceForComposites.java:696)
	at ptolemy.actor.util.CausalityInterfaceForComposites._computeActorDepth(CausalityInterfaceForComposites.java:532)
	at ptolemy.actor.util.CausalityInterfaceForComposites.checkForCycles(CausalityInterfaceForComposites.java:96)
	at ptolemy.domains.de.kernel.DEDirector.preinitialize(DEDirector.java:1338)
	at ptolemy.actor.CompositeActor.preinitialize(CompositeActor.java:1828)
	at ptolemy.actor.Manager.preinitializeAndResolveTypes(Manager.java:1040)
	at ptolemy.actor.Manager.initialize(Manager.java:710)
	at ptolemy.actor.Manager.execute(Manager.java:356)
	at ptolemy.actor.Manager.run(Manager.java:1263)
	at ptolemy.actor.Manager$PtolemyRunThread.run(Manager.java:1915)
java.lang.RuntimeException: Execution failed
	at ptolemy.moml.MoMLSimpleApplication$UnloadThread.run(MoMLSimpleApplication.java:402)
Caused by: ptolemy.kernel.util.IllegalActionException: Found a zero delay loop containing .dependencyLoop.original
  in .dependencyLoop and .dependencyLoop.original
	at ptolemy.actor.util.CausalityInterfaceForComposites._computeOutputPortDepth(CausalityInterfaceForComposites.java:759)
	at ptolemy.actor.util.CausalityInterfaceForComposites._computeInputDepth(CausalityInterfaceForComposites.java:696)
	at ptolemy.actor.util.CausalityInterfaceForComposites._computeOutputPortDepth(CausalityInterfaceForComposites.java:765)
	at ptolemy.actor.util.CausalityInterfaceForComposites._computeInputDepth(CausalityInterfaceForComposites.java:696)
	at ptolemy.actor.util.CausalityInterfaceForComposites._computeOutputPortDepth(CausalityInterfaceForComposites.java:765)
	at ptolemy.actor.util.CausalityInterfaceForComposites._computeInputDepth(CausalityInterfaceForComposites.java:696)
	at ptolemy.actor.util.CausalityInterfaceForComposites._computeActorDepth(CausalityInterfaceForComposites.java:532)
	at ptolemy.actor.util.CausalityInterfaceForComposites.checkForCycles(CausalityInterfaceForComposites.java:96)
	at ptolemy.domains.de.kernel.DEDirector.preinitialize(DEDirector.java:1338)
	at ptolemy.actor.CompositeActor.preinitialize(CompositeActor.java:1828)
	at ptolemy.actor.Manager.preinitializeAndResolveTypes(Manager.java:1040)
	at ptolemy.actor.Manager.initialize(Manager.java:710)
	at ptolemy.actor.Manager.execute(Manager.java:356)
	at ptolemy.actor.Manager.run(Manager.java:1263)
	at ptolemy.actor.Manager$PtolemyRunThread.run(Manager.java:1915)
java.lang.reflect.InvocationTargetException
	at sun.reflect.NativeConstructorAccessorImpl.newInstance0(Native Method)
	at sun.reflect.NativeConstructorAccessorImpl.newInstance(NativeConstructorAccessorImpl.java:62)
	at sun.reflect.DelegatingConstructorAccessorImpl.newInstance(DelegatingConstructorAccessorImpl.java:45)
	at java.lang.reflect.Constructor.newInstance(Constructor.java:423)
	at ptolemy.util.test.junit.AutoKnownFailedTests.RunModel(AutoKnownFailedTests.java:105)
	at sun.reflect.NativeMethodAccessorImpl.invoke0(Native Method)
	at sun.reflect.NativeMethodAccessorImpl.invoke(NativeMethodAccessorImpl.java:62)
	at sun.reflect.DelegatingMethodAccessorImpl.invoke(DelegatingMethodAccessorImpl.java:43)
	at java.lang.reflect.Method.invoke(Method.java:498)
	at org.junit.runners.model.FrameworkMethod$1.runReflectiveCall(FrameworkMethod.java:44)
	at org.junit.internal.runners.model.ReflectiveCallable.run(ReflectiveCallable.java:15)
	at org.junit.runners.model.FrameworkMethod.invokeExplosively(FrameworkMethod.java:41)
	at junitparams.internal.InvokeParameterisedMethod.evaluate(InvokeParameterisedMethod.java:102)
	at org.junit.internal.runners.statements.FailOnTimeout$1.run(FailOnTimeout.java:28)
Caused by: ptolemy.kernel.util.IllegalActionException: Found a zero delay loop containing .dependencyLoop.original
  in .dependencyLoop and .dependencyLoop.original
	at ptolemy.actor.util.CausalityInterfaceForComposites._computeOutputPortDepth(CausalityInterfaceForComposites.java:759)
	at ptolemy.actor.util.CausalityInterfaceForComposites._computeInputDepth(CausalityInterfaceForComposites.java:696)
	at ptolemy.actor.util.CausalityInterfaceForComposites._computeOutputPortDepth(CausalityInterfaceForComposites.java:765)
	at ptolemy.actor.util.CausalityInterfaceForComposites._computeInputDepth(CausalityInterfaceForComposites.java:696)
	at ptolemy.actor.util.CausalityInterfaceForComposites._computeOutputPortDepth(CausalityInterfaceForComposites.java:765)
	at ptolemy.actor.util.CausalityInterfaceForComposites._computeInputDepth(CausalityInterfaceForComposites.java:696)
	at ptolemy.actor.util.CausalityInterfaceForComposites._computeActorDepth(CausalityInterfaceForComposites.java:532)
	at ptolemy.actor.util.CausalityInterfaceForComposites.checkForCycles(CausalityInterfaceForComposites.java:96)
	at ptolemy.domains.de.kernel.DEDirector.preinitialize(DEDirector.java:1338)
	at ptolemy.actor.CompositeActor.preinitialize(CompositeActor.java:1828)
	at ptolemy.actor.Manager.preinitializeAndResolveTypes(Manager.java:1040)
	at ptolemy.actor.Manager.initialize(Manager.java:710)
	at ptolemy.actor.Manager.execute(Manager.java:356)
	at ptolemy.actor.Manager.run(Manager.java:1263)
	at ptolemy.actor.Manager$PtolemyRunThread.run(Manager.java:1915)
java.lang.RuntimeException: Execution failed
	at ptolemy.moml.MoMLSimpleApplication$UnloadThread.run(MoMLSimpleApplication.java:402)
Caused by: ptolemy.kernel.util.IllegalActionException: Found a zero delay loop containing .dependencyLoop2.original
  in .dependencyLoop2 and .dependencyLoop2.original
	at ptolemy.actor.util.CausalityInterfaceForComposites._computeOutputPortDepth(CausalityInterfaceForComposites.java:759)
	at ptolemy.actor.util.CausalityInterfaceForComposites._computeInputDepth(CausalityInterfaceForComposites.java:696)
	at ptolemy.actor.util.CausalityInterfaceForComposites._computeOutputPortDepth(CausalityInterfaceForComposites.java:765)
	at ptolemy.actor.util.CausalityInterfaceForComposites._computeInputDepth(CausalityInterfaceForComposites.java:696)
	at ptolemy.actor.util.CausalityInterfaceForComposites._computeOutputPortDepth(CausalityInterfaceForComposites.java:765)
	at ptolemy.actor.util.CausalityInterfaceForComposites._computeInputDepth(CausalityInterfaceForComposites.java:696)
	at ptolemy.actor.util.CausalityInterfaceForComposites._computeActorDepth(CausalityInterfaceForComposites.java:532)
	at ptolemy.actor.util.CausalityInterfaceForComposites.checkForCycles(CausalityInterfaceForComposites.java:96)
	at ptolemy.domains.de.kernel.DEDirector.preinitialize(DEDirector.java:1338)
	at ptolemy.actor.CompositeActor.preinitialize(CompositeActor.java:1828)
	at ptolemy.actor.Manager.preinitializeAndResolveTypes(Manager.java:1040)
	at ptolemy.actor.Manager.initialize(Manager.java:710)
	at ptolemy.actor.Manager.execute(Manager.java:356)
	at ptolemy.actor.Manager.run(Manager.java:1263)
	at ptolemy.actor.Manager$PtolemyRunThread.run(Manager.java:1915)
java.lang.reflect.InvocationTargetException
	at sun.reflect.NativeConstructorAccessorImpl.newInstance0(Native Method)
	at sun.reflect.NativeConstructorAccessorImpl.newInstance(NativeConstructorAccessorImpl.java:62)
	at sun.reflect.DelegatingConstructorAccessorImpl.newInstance(DelegatingConstructorAccessorImpl.java:45)
	at java.lang.reflect.Constructor.newInstance(Constructor.java:423)
	at ptolemy.util.test.junit.AutoKnownFailedTests.RunModel(AutoKnownFailedTests.java:105)
	at sun.reflect.NativeMethodAccessorImpl.invoke0(Native Method)
	at sun.reflect.NativeMethodAccessorImpl.invoke(NativeMethodAccessorImpl.java:62)
	at sun.reflect.DelegatingMethodAccessorImpl.invoke(DelegatingMethodAccessorImpl.java:43)
	at java.lang.reflect.Method.invoke(Method.java:498)
	at org.junit.runners.model.FrameworkMethod$1.runReflectiveCall(FrameworkMethod.java:44)
	at org.junit.internal.runners.model.ReflectiveCallable.run(ReflectiveCallable.java:15)
	at org.junit.runners.model.FrameworkMethod.invokeExplosively(FrameworkMethod.java:41)
	at junitparams.internal.InvokeParameterisedMethod.evaluate(InvokeParameterisedMethod.java:102)
	at org.junit.internal.runners.statements.FailOnTimeout$1.run(FailOnTimeout.java:28)
Caused by: ptolemy.kernel.util.IllegalActionException: Found a zero delay loop containing .dependencyLoop2.original
  in .dependencyLoop2 and .dependencyLoop2.original
	at ptolemy.actor.util.CausalityInterfaceForComposites._computeOutputPortDepth(CausalityInterfaceForComposites.java:759)
	at ptolemy.actor.util.CausalityInterfaceForComposites._computeInputDepth(CausalityInterfaceForComposites.java:696)
	at ptolemy.actor.util.CausalityInterfaceForComposites._computeOutputPortDepth(CausalityInterfaceForComposites.java:765)
	at ptolemy.actor.util.CausalityInterfaceForComposites._computeInputDepth(CausalityInterfaceForComposites.java:696)
	at ptolemy.actor.util.CausalityInterfaceForComposites._computeOutputPortDepth(CausalityInterfaceForComposites.java:765)
	at ptolemy.actor.util.CausalityInterfaceForComposites._computeInputDepth(CausalityInterfaceForComposites.java:696)
	at ptolemy.actor.util.CausalityInterfaceForComposites._computeActorDepth(CausalityInterfaceForComposites.java:532)
	at ptolemy.actor.util.CausalityInterfaceForComposites.checkForCycles(CausalityInterfaceForComposites.java:96)
	at ptolemy.domains.de.kernel.DEDirector.preinitialize(DEDirector.java:1338)
	at ptolemy.actor.CompositeActor.preinitialize(CompositeActor.java:1828)
	at ptolemy.actor.Manager.preinitializeAndResolveTypes(Manager.java:1040)
	at ptolemy.actor.Manager.initialize(Manager.java:710)
	at ptolemy.actor.Manager.execute(Manager.java:356)
	at ptolemy.actor.Manager.run(Manager.java:1263)
	at ptolemy.actor.Manager$PtolemyRunThread.run(Manager.java:1915)
]]></system-err>
</testsuite>
