<?xml version="1.0" encoding="UTF-8" ?>
<testsuite errors="1" failures="0" hostname="travis-job-6b3c7a17-627d-4662-9617-15afeaa50c0e" name="ptolemy.actor.lib.test.junit.JUnitTclTest" skipped="0" tests="517" time="60.866" timestamp="2020-05-05T14:19:16">
  <properties>
    <property name="npm.executable" value="npm" />
    <property name="env.TRAVIS_ROOT" value="/" />
    <property name="ptII.mk.exists" value="true" />
    <property name="env.TRAVIS_APP_HOST" value="build.travis-ci.org" />
    <property name="env.rvm_bin_path" value="/home/travis/.rvm/bin" />
    <property name="java.home" value="/usr/local/lib/jvm/openjdk11" />
    <property name="env.TRAVIS_JOB_NUMBER" value="1622.8" />
    <property name="env.TRAVIS_HOME" value="/home/travis" />
    <property name="env.DISPLAY" value=":99.0" />
    <property name="env.TRAVIS_INIT" value="systemd" />
    <property name="env.SSH_TTY" value="/dev/pts/0" />
    <property name="java.net.preferIPv4Stack" value="true" />
    <property name="env.RUN_TESTS" value="true" />
    <property name="timeout.short" value="1000000" />
    <property name="junit.formatter" value="xml" />
    <property name="env.TRAVIS_SUDO" value="true" />
    <property name="env.TRAVIS_JOB_NAME" value="" />
    <property name="env.TRAVIS_STACK_NODE_ATTRIBUTES" value="/.node-attributes.yml" />
    <property name="env.LOGNAME" value="travis" />
    <property name="env.PT_TRAVIS_TEST_CORE1_XML" value="true" />
    <property name="jsdoc.home" value="node_modules/@terraswarm/jsdoc" />
    <property name="debuglevel" value="source,lines,vars" />
    <property name="checkstyle.formatter" value="xml" />
    <property name="env._system_version" value="16.04" />
    <property name="bin.vergil.makeable" value="true" />
    <property name="sun.os.patch.level" value="unknown" />
    <property name="java.vendor.url" value="http://java.oracle.com/" />
    <property name="env.TRAVIS_BUILD_WEB_URL" value="https://travis-ci.org/icyphy/ptII/builds/683394797" />
    <property name="java.version" value="11.0.2" />
    <property name="env.TZ" value="UTC" />
    <property name="env.TRAVIS_PULL_REQUEST_SHA" value="" />
    <property name="env.PT_NO_NET" value="true" />
    <property name="env.TRAVIS_SECURE_ENV_VARS" value="true" />
    <property name="env._system_type" value="Linux" />
    <property name="java.vendor.url.bug" value="http://bugreport.java.com/bugreport/" />
    <property name="npmjs-org-is-up" value="true" />
    <property name="env.LANGUAGE" value="en_US.UTF-8" />
    <property name="env.SSH_CLIENT" value="10.44.1.134 42160 22" />
    <property name="env.GEM_HOME" value="/home/travis/.rvm/gems/ruby-2.5.3" />
    <property name="env.HAS_ANTARES_THREE_LITTLE_FRONZIES_BADGE" value="true" />
    <property name="java.version.date" value="2019-01-15" />
    <property name="env.PS4" value="+" />
    <property name="ant.project.invoked-targets" value="build,test.core1.xml" />
    <property name="env.TRAVIS_PULL_REQUEST_BRANCH" value="" />
    <property name="env.TRAVIS_REPO_SLUG" value="icyphy/ptII" />
    <property name="env.XDG_DATA_DIRS" value="/usr/local/share:/usr/share:/var/lib/snapd/desktop" />
    <property name="jdk.debug" value="release" />
    <property name="env.TRAVIS_APT_PROXY" value="http://build-cache.travisci.net" />
    <property name="env.TRAVIS_CPU_ARCH" value="amd64" />
    <property name="node.in.path" value="true" />
    <property name="user.name" value="travis" />
    <property name="java.maxmemory" value="1400m" />
    <property name="env.RUBY_VERSION" value="ruby-2.5.3" />
    <property name="env.LANG" value="en_US.UTF-8" />
    <property name="sun.io.unicode.encoding" value="UnicodeLittle" />
    <property name="sun.jnu.encoding" value="UTF-8" />
    <property name="java.runtime.name" value="OpenJDK Runtime Environment" />
    <property name="usefile" value="false" />
    <property name="return.code" value="0" />
    <property name="junit.single.formatter" value="plain" />
    <property name="env.DYLD_LIBRARY_PATH" value="/home/travis/pthla/certi-tools/lib:" />
    <property name="env.DEBIAN_FRONTEND" value="noninteractive" />
    <property name="env.SSH_CONNECTION" value="10.44.1.134 42160 10.20.1.232 22" />
    <property name="env.MYSQL_UNIX_PORT" value="/var/run/mysqld/mysqld.sock" />
    <property name="env.LC_ALL" value="en_US.UTF-8" />
    <property name="env.TRAVIS_ALLOW_FAILURE" value="" />
    <property name="env.TRAVIS_JOB_WEB_URL" value="https://travis-ci.org/icyphy/ptII/jobs/683394805" />
    <property name="java.specification.name" value="Java Platform API Specification" />
    <property name="node.works" value="true" />
    <property name="user.timezone" value="" />
    <property name="path.separator" value=":" />
    <property name="env.TRAVIS_ENABLE_INFRA_DETECTION" value="true" />
    <property name="env.PYTHON_CFLAGS" value="-g -fstack-protector --param=ssp-buffer-size=4 -Wformat -Werror=format-security" />
    <property name="timeout.long" value="4000000" />
    <property name="env.CERTI_HOME" value="/home/travis/pthla/certi-tools" />
    <property name="ant.file.ptII" value="/home/travis/build/icyphy/ptII/build.xml" />
    <property name="javadoc.packagenames" value="com.*,diva.*,lbnl.*,org.hlacerti.*,org.json.*,org.ptolemy.*,org.terraswarm.*,ptolemy.*,ptserver.*" />
    <property name="file.encoding" value="UTF-8" />
    <property name="env.TRAVIS_PULL_REQUEST_SLUG" value="" />
    <property name="ant.project.default-target" value="build" />
    <property name="env.GIT_ASKPASS" value="echo" />
    <property name="env.HOME" value="/home/travis" />
    <property name="sun.java.command" value="org.apache.tools.ant.taskdefs.optional.junit.JUnitTestRunner ptolemy.actor.lib.test.junit.JUnitTclTest skipNonTests=false filtertrace=true haltOnError=false haltOnFailure=false formatter=org.apache.tools.ant.taskdefs.optional.junit.OutErrSummaryJUnitResultFormatter showoutput=true outputtoformatters=true logfailedtests=true threadid=0 logtestlistenerevents=false formatter=org.apache.tools.ant.taskdefs.optional.junit.XMLJUnitResultFormatter,/home/travis/build/icyphy/ptII/reports/junit/TEST-ptolemy.actor.lib.test.junit.JUnitTclTest.xml crashfile=/home/travis/build/icyphy/ptII/junitvmwatcher8950472872881619064.properties propsfile=/home/travis/build/icyphy/ptII/junit9928069491399107329.properties" />
    <property name="env.COMPOSER_NO_INTERACTION" value="1" />
    <property name="env.MANPATH" value="/home/travis/.nvm/versions/node/v7.10.1/share/man:/home/travis/.rvm/rubies/ruby-2.5.3/share/man:/usr/local/cmake-3.12.4/man:/usr/local/clang-7.0.0/share/man:/usr/local/man:/usr/local/share/man:/usr/share/man:/home/travis/.rvm/man" />
    <property name="env.TRAVIS_TIMER_ID" value="004fc70c" />
    <property name="ant.file" value="/home/travis/build/icyphy/ptII/build.xml" />
    <property name="env.TRAVIS_COMMIT_RANGE" value="3e950cfe0f3c004454147d0a7dfedd7f8d8e77cc...52bfcaaec950ad6b43d11ffdb9cd3f924b0c1f76" />
    <property name="env._system_name" value="Ubuntu" />
    <property name="ptII.classpath.optional.property" value="/home/travis/build/icyphy/ptII/lib/bsh-2.0b4.jar:/home/travis/build/icyphy/ptII/lib/ptCal.jar:/home/travis/build/icyphy/ptII/lib/java_cup.jar:/home/travis/build/icyphy/ptII/lib/saxon8.jar:/home/travis/build/icyphy/ptII/lib/saxon8-dom.jar:/home/travis/build/icyphy/ptII/lib/chic.jar:/home/travis/build/icyphy/ptII/lib/ptcolt.jar:/home/travis/build/icyphy/ptII/vendors/misc/itext/iText.jar:/home/travis/build/icyphy/ptII/lib/g4ltl.jar:/home/travis/build/icyphy/ptII/lib/StructuralCoder.jar:/home/travis/build/icyphy/ptII/lib/jcerti.jar:/home/travis/build/icyphy/ptII/lib/javax.mail.jar:/home/travis/build/icyphy/ptII/vendors/JMF-2.1.1e/lib/jmf.jar:/home/travis/build/icyphy/ptII/lib/jna-4.0.0-variadic.jar:/home/travis/build/icyphy/ptII/vendors/misc/joystick/Joystick.jar:/home/travis/build/icyphy/ptII/lib/ptjacl.jar:/home/travis/build/icyphy/ptII/lib/jsoup-1.8.2.jar:/home/travis/build/icyphy/ptII/lib/junit-4.8.2.jar:/home/travis/build/icyphy/ptII/lib/JUnitParams-0.4.0.jar:/home/travis/build/icyphy/ptII/ptolemy/actor/lib/excel/jxl.jar:/home/travis/build/icyphy/ptII/lib/jython.jar:/home/travis/build/icyphy/ptII/lib/kieler.jar:/home/travis/build/icyphy/ptII/vendors/opencv/share/OpenCV/java/opencv-341.jar:/home/travis/build/icyphy/ptII/lib/oscP5.jar:/home/travis/build/icyphy/ptII/lib/nrjavaserial-3.11.0.devel.jar:/home/travis/build/icyphy/ptII/vendors/j3d/lib/Linux/j3dcore.jar:/home/travis/build/icyphy/ptII/vendors/j3d/lib/Linux/j3dutils.jar:/home/travis/build/icyphy/ptII/vendors/j3d/lib/Linux/vecmath.jar:/home/travis/build/icyphy/ptII/vendors/jogl/lib/Linux/gluegen-rt-natives-linux-amd64.jar:/home/travis/build/icyphy/ptII/vendors/jogl/lib/Linux/gluegen-rt.jar:/home/travis/build/icyphy/ptII/vendors/jogl/lib/Linux/jogl-all-natives-linux-amd64.jar:/home/travis/build/icyphy/ptII/vendors/jogl/lib/Linux/jogl-all.jar:/home/travis/build/icyphy/ptII/ptolemy/distributed/jini/jar/jini-core.jar:/home/travis/build/icyphy/ptII/ptolemy/distributed/jini/jar/jini-ext.jar:/home/travis/build/icyphy/ptII/ptolemy/distributed/jini/jar/sun-util.jar:/home/travis/build/icyphy/ptII/lib/protobuf-java-2.4.1.jar:/home/travis/build/icyphy/ptII/lib/org.eclipse.paho.client.mqttv3.jar:/home/travis/build/icyphy/ptII/lib/mapss.jar:/home/travis/build/icyphy/ptII/ptolemy/actor/ptalon/antlr/antlr.jar:/home/travis/build/icyphy/ptII/lib/JRI.jar:/home/travis/build/icyphy/ptII/lib/commons-lang-2.6.jar:/home/travis/build/icyphy/ptII/lib/commons-logging-1.1.1.jar:/home/travis/build/icyphy/ptII/lib/sootclasses.jar:/home/travis/build/icyphy/ptII/ptolemy/actor/lib/database/mysql-connector-java-5.1.6-bin.jar:/home/travis/build/icyphy/ptII/vendors/misc/sphinx4/sphinx4-data-5prealpha.jar:/home/travis/build/icyphy/ptII/vendors/misc/sphinx4/sphinx4-core-5prealpha.jar:/home/travis/build/icyphy/ptII/lib/PDFRenderer.jar:/home/travis/build/icyphy/ptII/lib/svgSalamander.jar:/home/travis/build/icyphy/ptII/lib/rsyntaxtextarea-2.6.0-SNAPSHOT.jar:/home/travis/build/icyphy/ptII/lib/hazelcast-3.8.2.jar:/home/travis/build/icyphy/ptII/lib/jackson-annotations-2.9.0.jar:/home/travis/build/icyphy/ptII/lib/jackson-core-2.9.3.jar:/home/travis/build/icyphy/ptII/lib/jackson-databind-2.9.3.jar:/home/travis/build/icyphy/ptII/lib/netty-buffer-4.1.19.Final.jar:/home/travis/build/icyphy/ptII/lib/netty-codec-4.1.19.Final.jar:/home/travis/build/icyphy/ptII/lib/netty-codec-dns-4.1.19.Final.jar:/home/travis/build/icyphy/ptII/lib/netty-codec-http-4.1.19.Final.jar:/home/travis/build/icyphy/ptII/lib/netty-codec-http2-4.1.19.Final.jar:/home/travis/build/icyphy/ptII/lib/netty-common-4.1.19.Final.jar:/home/travis/build/icyphy/ptII/lib/netty-handler-4.1.19.Final.jar:/home/travis/build/icyphy/ptII/lib/netty-resolver-4.1.19.Final.jar:/home/travis/build/icyphy/ptII/lib/netty-resolver-dns-4.1.19.Final.jar:/home/travis/build/icyphy/ptII/lib/netty-transport-4.1.19.Final.jar:/home/travis/build/icyphy/ptII/lib/vertx-codegen-3.5.1.jar:/home/travis/build/icyphy/ptII/lib/vertx-core-3.5.2-SNAPSHOT.jar:/home/travis/build/icyphy/ptII/lib/vertx-hazelcast-3.5.1.jar:/home/travis/build/icyphy/ptII/lib/vertx-lang-js-3.5.1.jar:/home/travis/build/icyphy/ptII/lib/vertx-service-proxy-3.5.1.jar:/home/travis/build/icyphy/ptII/lib/vertx-web-3.5.1.jar:/home/travis/build/icyphy/ptII/lib/slf4j-api-1.7.13.jar:/home/travis/build/icyphy/ptII/lib/slf4j-simple-1.7.13.jar:/home/travis/build/icyphy/ptII/lib/webcam-capture-0.3.12.jar:/home/travis/build/icyphy/ptII/lib/bridj-0.7.0.jar:/home/travis/build/icyphy/ptII/lib/xbjlib-1.1.0.nrjavaserial.jar" />
    <property name="timeout" value="2400000" />
    <property name="test.batch" value="**/junit/*.java" />
    <property name="env._" value="/usr/bin/timeout" />
    <property name="java.io.tmpdir" value="/tmp" />
    <property name="user.language" value="en" />
    <property name="env.TRAVIS_INTERNAL_RUBY_REGEX" value="^ruby-(2\.[0-4]\.[0-9]|1\.9\.3)" />
    <property name="env.HISTCONTROL" value="ignoredups:ignorespace" />
    <property name="env.GOROOT" value="/home/travis/.gimme/versions/go1.11.1.linux.amd64" />
    <property name="line.separator" value="&#xa;" />
    <property name="target" value="11" />
    <property name="env.TRAVIS_BUILD_DIR" value="/home/travis/build/icyphy/ptII" />
    <property name="env.ANT_OPTS" value="-Xmx2048m" />
    <property name="ant.file.type" value="file" />
    <property name="ptolemy.ptII.batchMode" value="true" />
    <property name="env.HISTSIZE" value="1000" />
    <property name="env.MERB_ENV" value="test" />
    <property name="java.vm.info" value="mixed mode" />
    <property name="source" value="11" />
    <property name="java.vm.specification.name" value="Java Virtual Machine Specification" />
    <property name="env.TRAVIS_TEST_RESULT" value="0" />
    <property name="jsdoc.command" value="node_modules/@terraswarm/jsdoc/jsdoc.js" />
    <property name="npm.works" value="true" />
    <property name="cobertura.dir" value="/home/travis/build/icyphy/ptII/vendors/cobertura-2.0.3" />
    <property name="jsdoc.command.exists" value="true" />
    <property name="env.rvm_path" value="/home/travis/.rvm" />
    <property name="env.GEM_PATH" value="/home/travis/.rvm/gems/ruby-2.5.3:/home/travis/.rvm/gems/ruby-2.5.3@global" />
    <property name="env.LC_CTYPE" value="en_US.UTF-8" />
    <property name="env.TRAVIS_CMD" value="$PTII/bin/ptIITravisBuild.sh $SECONDS" />
    <property name="java.awt.printerjob" value="sun.print.PSPrinterJob" />
    <property name="env.TRAVIS_STACK_NAME" value="sardonyx" />
    <property name="env.TRAVIS_TIMER_START_TIME" value="1588687729141389645" />
    <property name="ant.version" value="Apache Ant(TM) version 1.10.1 compiled on February 2 2017" />
    <property name="ptII.reports" value="/home/travis/build/icyphy/ptII/reports" />
    <property name="env.TRAVIS_STACK_TIMESTAMP" value="2019-03-25 16:16:56 UTC" />
    <property name="ant.file.type.ptII" value="file" />
    <property name="env.RBENV_SHELL" value="bash" />
    <property name="os.name" value="Linux" />
    <property name="java.specification.vendor" value="Oracle Corporation" />
    <property name="env.rvm_version" value="1.29.7 (latest)" />
    <property name="env.TRAVIS_INFRA" value="unknown" />
    <property name="env.TERM" value="xterm" />
    <property name="java.vm.name" value="OpenJDK 64-Bit Server VM" />
    <property name="env.TRAVIS_BUILD_NUMBER" value="1622" />
    <property name="env.CI" value="true" />
    <property name="java.library.path" value="/home/travis/pthla/certi-tools/lib:/usr/lib/jni:/usr/local/share/OpenCV/java/:/usr/share/OpenCV/java::/usr/java/packages/lib:/usr/lib64:/lib64:/lib:/usr/lib" />
    <property name="jdk.module.path" value="/home/travis/build/icyphy/ptII/vendors/javafx/javafx-sdk-11.0.2/lib:" />
    <property name="env.rvm_prefix" value="/home/travis" />
    <property name="env.PATH" value="/home/travis/pthla/certi-tools/share/scripts:/home/travis/.rvm/gems/ruby-2.5.3/bin:/home/travis/.rvm/gems/ruby-2.5.3@global/bin:/home/travis/.rvm/rubies/ruby-2.5.3/bin:/home/travis/.rvm/bin:/home/travis/.nvm/versions/node/v7.10.1/bin:./node_modules/.bin:/home/travis/build/icyphy/ptII/bin:/home/travis/pthla/certi-tools/bin:/home/travis/bin:/home/travis/.local/bin:/usr/local/lib/jvm/openjdk11/bin:/opt/pyenv/shims:/home/travis/.phpenv/shims:/home/travis/perl5/perlbrew/bin:/home/travis/gopath/bin:/home/travis/.gimme/versions/go1.11.1.linux.amd64/bin:/usr/local/maven-3.6.0/bin:/usr/local/cmake-3.12.4/bin:/usr/local/clang-7.0.0/bin:/usr/local/sbin:/usr/local/bin:/usr/sbin:/usr/bin:/sbin:/bin:/snap/bin:/home/travis/.phpenv/bin:/opt/pyenv/bin:/home/travis/.yarn/bin" />
    <property name="env.TRAVIS_OS_NAME" value="linux" />
    <property name="ant.java.version" value="9" />
    <property name="basedir" value="/home/travis/build/icyphy/ptII" />
    <property name="java.class.version" value="55.0" />
    <property name="env.SHLVL" value="3" />
    <property name="env.LD_LIBRARY_PATH" value="/home/travis/pthla/certi-tools/lib:/usr/lib/jni:/usr/local/share/OpenCV/java/:/usr/share/OpenCV/java:" />
    <property name="env.RACK_ENV" value="test" />
    <property name="ant.home" value="/home/travis/build/icyphy/ptII/ant" />
    <property name="env.NVM_DIR" value="/home/travis/.nvm" />
    <property name="env.CERTI_FOM_PATH" value="/home/travis/pthla/certi-tools/share/federations" />
    <property name="env.TRAVIS_BUILD_ID" value="683394797" />
    <property name="env.PYENV_ROOT" value="/opt/pyenv" />
    <property name="env.TRAVIS_UID" value="2000" />
    <property name="prism.verbose" value="true" />
    <property name="env.NVM_BIN" value="/home/travis/.nvm/versions/node/v7.10.1/bin" />
    <property name="env.TRAVIS_COMMIT" value="52bfcaaec950ad6b43d11ffdb9cd3f924b0c1f76" />
    <property name="env._system_arch" value="x86_64" />
    <property name="node.executable" value="node" />
    <property name="sun.boot.library.path" value="/usr/local/lib/jvm/openjdk11/lib" />
    <property name="sun.management.compiler" value="HotSpot 64-Bit Tiered Compilers" />
    <property name="java.awt.graphicsenv" value="sun.awt.X11GraphicsEnvironment" />
    <property name="env.GOPATH" value="/home/travis/gopath" />
    <property name="ptolemy.ptII.dir" value="/home/travis/build/icyphy/ptII" />
    <property name="env.USER" value="travis" />
    <property name="env.HISTFILESIZE" value="2000" />
    <property name="env.NVM_INC" value="/home/travis/.nvm/versions/node/v7.10.1/include/node" />
    <property name="timeout.longest" value="19000000" />
    <property name="env.PERLBREW_SHELLRC_VERSION" value="0.86" />
    <property name="env.TRAVIS_STACK_FEATURES" value="basic couchdb disabled-ipv6 docker docker-compose elasticsearch firefox go-toolchain google-chrome jdk memcached mongodb mysql nodejs_interpreter perl_interpreter perlbrew phantomjs postgresql python_interpreter redis ruby_interpreter sqlite xserver" />
    <property name="env.TRAVIS_PULL_REQUEST" value="false" />
    <property name="env.PYENV_SHELL" value="bash" />
    <property name="ant.project.name" value="ptII" />
    <property name="env.ANSI_RESET" value="\033[0m" />
    <property name="java.vm.specification.version" value="11" />
    <property name="env.TRAVIS_DIST" value="xenial" />
    <property name="env.CERTI_VERSION" value="4.0.0" />
    <property name="env.CERTI_HOST" value="localhost" />
    <property name="awt.toolkit" value="sun.awt.X11.XToolkit" />
    <property name="env.MY_RUBY_HOME" value="/home/travis/.rvm/rubies/ruby-2.5.3" />
    <property name="sun.cpu.isalist" value="" />
    <property name="env.TRAVIS_TMPDIR" value="/tmp/tmp.zJItwHQGkY" />
    <property name="java.vm.compressedOopsMode" value="Zero based" />
    <property name="os.version" value="4.15.0-1028-gcp" />
    <property name="user.home" value="/home/travis" />
    <property name="java.vm.vendor" value="Oracle Corporation" />
    <property name="env.TRAVIS_TAG" value="nightly" />
    <property name="env.ANSI_YELLOW" value="\033[33;1m" />
    <property name="env.TRAVIS_FILTERED" value="redirect_io" />
    <property name="env.ANSI_GREEN" value="\033[32;1m" />
    <property name="env.JAVA_HOME" value="/usr/local/lib/jvm/openjdk11" />
    <property name="javadoc.excludepackagenames" value="adm.cvs2svn.*,build.*,config.*,doc.coding.templates.*,jni.test.jni.meaningOfLife.*,jni.test.jni.testDeux.*,jni.test.jni.testTrois.*,org.terraswarm.accessor.accessors.web.node_modules.*,org.terraswarm.accessor.accessors.web.hosts.cordova.demo.*,org.terraswarm.accessor.accessors.web.hosts.cordova.plugins.*,org.terraswarm.accessor.accessors-svn.*,pt-modules.*,ptolemy.apps.agilent.*,ptolemy.apps.anytimecontrol.*,ptolemy.apps.apes.*,ptolemy.apps.charon.*,ptolemy.apps.crazyboard.*,ptolemy.apps.eclipse.*,ptolemy.apps.etherealSting.*,ptolemy.apps.fullscreen.*,ptolemy.apps.giotto.*,ptolemy.apps.ia.*,ptolemy.apps.interfaces.*,ptolemy.apps.jmf.*,ptolemy.apps.kurt.*,ptolemy.apps.kvm.*,ptolemy.apps.lego.*,ptolemy.apps.lejos.*,ptolemy.apps.midp.*,ptolemy.apps.mobileCoding.*,ptolemy.apps.pendulum.*,ptolemy.apps.rijndael.*,ptolemy.apps.robot.*,ptolemy.apps.security.*,ptolemy.apps.sobel.*,ptolemy.apps.soot.*,ptolemy.apps.throttle.*,ptolemy.apps.tini.*,ptolemy.apps.transmission.*,ptolemy.apps.vergil.*,ptolemy.apps.waba.*,ptolemy.apps.websensor.*,ptolemy.apps.webstart.*,ptolemy.apps.xsl.*,ptolemy.apps.zaurus.*,ptolemy.codegen.c.actor.lib.oldJavaFiles.*,ptolemy.codegen.dsp.lib.*,ptolemy.codegen.kernel.newInterfaces.*,ptolemy.codegen.lib.*,ptolemy.copernicus.kernel.fragment.*,ptolemy.copernicus.shallow.cg.*,ptolemy.domains.giotto.demo.Hierarchy.Hierarchy.*,ptolemy.domains.giotto.demo.Multimode.Multimode.*,ptolemy.domains.giotto.demo.Simple.Simple.*,ptolemy.domains.gr.lib.experimental.*,ptolemy.domains.gro.*,ptolemy.domains.pdf.*,ptolemy.domains.ptinyos.demo.Surge.output.*,ptolemy.moml.test.NoPackageActor.java*,ptolemy.plot.adm.*,ptolemy.plot.servlet.*,reports.*,signed.*,src.*,target.*,vendors.*,ptolemy.copernicus.applet.*,ptolemy.media.viewer.*,ptolemy.actor.corba.*,doc.doclets.*,ptolemy.apps.eclipse.awt.*,ptolemy.backtrack.*,ptolemy.backtrack.ast.*,ptolemy.cg.adapter.generic.program.procedural.c.mbed*,ptolemy.homer.*,ptolemy.actor.lib.jai.*,org.ptolemy.scala.*,diva.util.java2d.svg.*,ptolemy.domains.ptinyos.*,ptolemy.actor.lib.fmi.fmipp.*,,org.terraswarm.accessor.accessors.web.node_modules.*,org.terraswarm.accessor.accessors-svn,ptolemy.apps.*,ptolemy.actor.ptalon.demo.ptinyos.SendAndReceiveCnt.output,ptolemy.actor.ptalon.demo.ptinyos.SenseToLeds.output,ptolemy.domains.ptinyos.demo.CntToLedsAndRfm.output,ptolemy.domains.ptinyos.demo.RfmToLeds.output,ptolemy.domains.ptinyos.demo.SendAndReceiveCnt.output,ptolemy.domains.ptinyos.demo.SenseToLeds.output,ptolemy.actor.lib.jjs.modules.udpSocket.*" />
    <property name="env.PTII" value="/home/travis/build/icyphy/ptII" />
    <property name="env.XDG_SESSION_ID" value="2" />
    <property name="keystore" value="ptKeystore" />
    <property name="env.TRAVIS_COMMIT_MESSAGE" value="Updating models using array data type." />
    <property name="junit.output.dir" value="/home/travis/build/icyphy/ptII/reports/junit" />
    <property name="npm.return.code" value="0" />
    <property name="user.dir" value="/home/travis/build/icyphy/ptII/ptolemy/actor/lib/test" />
    <property name="env.TRAVIS_NODE_VERSION" value="7" />
    <property name="env.TRAVIS_EVENT_TYPE" value="cron" />
    <property name="env.MAIL" value="/var/mail/travis" />
    <property name="env.PERLBREW_ROOT" value="/home/travis/perl5/perlbrew" />
    <property name="env.PWD" value="/home/travis/build/icyphy/ptII" />
    <property name="timeout.npm" value="45000" />
    <property name="env.TRAVIS_ARCH" value="amd64" />
    <property name="sun.cpu.endian" value="little" />
    <property name="env.PAGER" value="cat" />
    <property name="env.TRAVIS_BUILD_STAGE_NAME" value="test" />
    <property name="env.PERLBREW_HOME" value="/home/travis/.perlbrew" />
    <property name="java.vm.version" value="11.0.2+9" />
    <property name="env.RAILS_ENV" value="test" />
    <property name="java.class.path" value="/home/travis/.ptolemyII:/home/travis/.ptolemyII/*:/home/travis/build/icyphy/ptII:/home/travis/build/icyphy/ptII/lib/bsh-2.0b4.jar:/home/travis/build/icyphy/ptII/lib/ptCal.jar:/home/travis/build/icyphy/ptII/lib/java_cup.jar:/home/travis/build/icyphy/ptII/lib/saxon8.jar:/home/travis/build/icyphy/ptII/lib/saxon8-dom.jar:/home/travis/build/icyphy/ptII/lib/chic.jar:/home/travis/build/icyphy/ptII/lib/ptcolt.jar:/home/travis/build/icyphy/ptII/vendors/misc/itext/iText.jar:/home/travis/build/icyphy/ptII/lib/g4ltl.jar:/home/travis/build/icyphy/ptII/lib/StructuralCoder.jar:/home/travis/build/icyphy/ptII/lib/jcerti.jar:/home/travis/build/icyphy/ptII/lib/javax.mail.jar:/home/travis/build/icyphy/ptII/vendors/JMF-2.1.1e/lib/jmf.jar:/home/travis/build/icyphy/ptII/lib/jna-4.0.0-variadic.jar:/home/travis/build/icyphy/ptII/vendors/misc/joystick/Joystick.jar:/home/travis/build/icyphy/ptII/lib/ptjacl.jar:/home/travis/build/icyphy/ptII/lib/jsoup-1.8.2.jar:/home/travis/build/icyphy/ptII/lib/junit-4.8.2.jar:/home/travis/build/icyphy/ptII/lib/JUnitParams-0.4.0.jar:/home/travis/build/icyphy/ptII/ptolemy/actor/lib/excel/jxl.jar:/home/travis/build/icyphy/ptII/lib/jython.jar:/home/travis/build/icyphy/ptII/lib/kieler.jar:/home/travis/build/icyphy/ptII/vendors/opencv/share/OpenCV/java/opencv-341.jar:/home/travis/build/icyphy/ptII/lib/oscP5.jar:/home/travis/build/icyphy/ptII/lib/nrjavaserial-3.11.0.devel.jar:/home/travis/build/icyphy/ptII/vendors/j3d/lib/Linux/j3dcore.jar:/home/travis/build/icyphy/ptII/vendors/j3d/lib/Linux/j3dutils.jar:/home/travis/build/icyphy/ptII/vendors/j3d/lib/Linux/vecmath.jar:/home/travis/build/icyphy/ptII/vendors/jogl/lib/Linux/gluegen-rt-natives-linux-amd64.jar:/home/travis/build/icyphy/ptII/vendors/jogl/lib/Linux/gluegen-rt.jar:/home/travis/build/icyphy/ptII/vendors/jogl/lib/Linux/jogl-all-natives-linux-amd64.jar:/home/travis/build/icyphy/ptII/vendors/jogl/lib/Linux/jogl-all.jar:/home/travis/build/icyphy/ptII/ptolemy/distributed/jini/jar/jini-core.jar:/home/travis/build/icyphy/ptII/ptolemy/distributed/jini/jar/jini-ext.jar:/home/travis/build/icyphy/ptII/ptolemy/distributed/jini/jar/sun-util.jar:/home/travis/build/icyphy/ptII/lib/protobuf-java-2.4.1.jar:/home/travis/build/icyphy/ptII/lib/org.eclipse.paho.client.mqttv3.jar:/home/travis/build/icyphy/ptII/lib/mapss.jar:/home/travis/build/icyphy/ptII/ptolemy/actor/ptalon/antlr/antlr.jar:/home/travis/build/icyphy/ptII/lib/JRI.jar:/home/travis/build/icyphy/ptII/lib/commons-lang-2.6.jar:/home/travis/build/icyphy/ptII/lib/commons-logging-1.1.1.jar:/home/travis/build/icyphy/ptII/lib/sootclasses.jar:/home/travis/build/icyphy/ptII/ptolemy/actor/lib/database/mysql-connector-java-5.1.6-bin.jar:/home/travis/build/icyphy/ptII/vendors/misc/sphinx4/sphinx4-data-5prealpha.jar:/home/travis/build/icyphy/ptII/vendors/misc/sphinx4/sphinx4-core-5prealpha.jar:/home/travis/build/icyphy/ptII/lib/PDFRenderer.jar:/home/travis/build/icyphy/ptII/lib/svgSalamander.jar:/home/travis/build/icyphy/ptII/lib/rsyntaxtextarea-2.6.0-SNAPSHOT.jar:/home/travis/build/icyphy/ptII/lib/hazelcast-3.8.2.jar:/home/travis/build/icyphy/ptII/lib/jackson-annotations-2.9.0.jar:/home/travis/build/icyphy/ptII/lib/jackson-core-2.9.3.jar:/home/travis/build/icyphy/ptII/lib/jackson-databind-2.9.3.jar:/home/travis/build/icyphy/ptII/lib/netty-buffer-4.1.19.Final.jar:/home/travis/build/icyphy/ptII/lib/netty-codec-4.1.19.Final.jar:/home/travis/build/icyphy/ptII/lib/netty-codec-dns-4.1.19.Final.jar:/home/travis/build/icyphy/ptII/lib/netty-codec-http-4.1.19.Final.jar:/home/travis/build/icyphy/ptII/lib/netty-codec-http2-4.1.19.Final.jar:/home/travis/build/icyphy/ptII/lib/netty-common-4.1.19.Final.jar:/home/travis/build/icyphy/ptII/lib/netty-handler-4.1.19.Final.jar:/home/travis/build/icyphy/ptII/lib/netty-resolver-4.1.19.Final.jar:/home/travis/build/icyphy/ptII/lib/netty-resolver-dns-4.1.19.Final.jar:/home/travis/build/icyphy/ptII/lib/netty-transport-4.1.19.Final.jar:/home/travis/build/icyphy/ptII/lib/vertx-codegen-3.5.1.jar:/home/travis/build/icyphy/ptII/lib/vertx-core-3.5.2-SNAPSHOT.jar:/home/travis/build/icyphy/ptII/lib/vertx-hazelcast-3.5.1.jar:/home/travis/build/icyphy/ptII/lib/vertx-lang-js-3.5.1.jar:/home/travis/build/icyphy/ptII/lib/vertx-service-proxy-3.5.1.jar:/home/travis/build/icyphy/ptII/lib/vertx-web-3.5.1.jar:/home/travis/build/icyphy/ptII/lib/slf4j-api-1.7.13.jar:/home/travis/build/icyphy/ptII/lib/slf4j-simple-1.7.13.jar:/home/travis/build/icyphy/ptII/lib/webcam-capture-0.3.12.jar:/home/travis/build/icyphy/ptII/lib/bridj-0.7.0.jar:/home/travis/build/icyphy/ptII/lib/xbjlib-1.1.0.nrjavaserial.jar:/home/travis/build/icyphy/ptII/ptolemy/moml/test:/home/travis/build/icyphy/ptII/ant/lib/ant-launcher.jar:/home/travis/build/icyphy/ptII/ant/lib/ant.jar:/home/travis/build/icyphy/ptII/ant/lib/ant-junit.jar:/home/travis/build/icyphy/ptII/ant/lib/ant-junit4.jar" />
    <property name="ant.library.dir" value="/home/travis/build/icyphy/ptII/ant/lib" />
    <property name="os.arch" value="amd64" />
    <property name="env.CONTINUOUS_INTEGRATION" value="true" />
    <property name="env.TRAVIS_LANGUAGE" value="node_js" />
    <property name="env.TRAVIS_STACK_LANGUAGES" value="__sardonyx__ c c++ clojure cplusplus cpp default generic go groovy java node_js php pure_java python ruby scala" />
    <property name="test.name" value="ptolemy.actor.lib.test.junit.JUnitTclTest" />
    <property name="env.APT_KEY_DONT_WARN_ON_DANGEROUS_USAGE" value="1" />
    <property name="sun.java.launcher" value="SUN_STANDARD" />
    <property name="env.PYTHON_CONFIGURE_OPTS" value="--enable-unicode=ucs4 --with-wide-unicode --enable-shared --enable-ipv6 --enable-loadable-sqlite-extensions --with-computed-gotos" />
    <property name="ant.core.lib" value="/home/travis/build/icyphy/ptII/ant/lib/ant.jar" />
    <property name="java.vm.specification.vendor" value="Oracle Corporation" />
    <property name="env.BCVTB_HOME" value="/home/travis/build/icyphy/ptII/lbnl" />
    <property name="file.separator" value="/" />
    <property name="spotbugs.home" value="/home/travis/build/icyphy/ptII/vendors/spotbugs-3.1.1" />
    <property name="java.runtime.version" value="11.0.2+9" />
    <property name="env.ANSI_CLEAR" value="\033[0K" />
    <property name="javafx.verbose" value="true" />
    <property name="env.HAS_JOSH_K_SEAL_OF_APPROVAL" value="true" />
    <property name="env.XDG_RUNTIME_DIR" value="/run/user/2000" />
    <property name="env.TRAVIS_OSX_IMAGE" value="" />
    <property name="env.TRAVIS_JOB_ID" value="683394805" />
    <property name="env.TRAVIS_BRANCH" value="master" />
    <property name="user.country" value="US" />
    <property name="env.CERTI_HOME_TRAVIS" value="/home/travis/pthla/certi-tools" />
    <property name="env.SHELL" value="/bin/bash" />
    <property name="java.maxmemory.large" value="3200m" />
    <property name="model" value="" />
    <property name="env.CASHER_DIR" value="/home/travis/.casher" />
    <property name="env.NVM_CD_FLAGS" value="" />
    <property name="java.vendor.version" value="18.9" />
    <property name="jshint.executable" value="/home/travis/node_modules/jshint/bin/jshint" />
    <property name="env.JRUBY_OPTS" value=" --client -J-XX:+TieredCompilation -J-XX:TieredStopAtLevel=1 -J-Xss2m -Xcompile.invokedynamic=false" />
    <property name="java.vendor" value="Oracle Corporation" />
    <property name="env.TRAVIS_PRE_CHEF_BOOTSTRAP_TIME" value="2019-03-25T16:16:42" />
    <property name="env.TRAVIS_STACK_JOB_BOARD_REGISTER" value="/.job-board-register.yml" />
    <property name="env.ANSI_RED" value="\033[31;1m" />
    <property name="java.specification.version" value="11" />
    <property name="env.IRBRC" value="/home/travis/.rvm/rubies/ruby-2.5.3/.irbrc" />
    <property name="env.TRAVIS" value="true" />
    <property name="sun.arch.data.model" value="64" />
  </properties>
  <testcase classname="ptolemy.util.test.junit.TclTests" name="[0] /home/travis/build/icyphy/ptII/ptolemy/actor/lib/test/AbsoluteValue.tcl (RunTclFile)" time="0.538" />
  <testcase classname="ptolemy.util.test.junit.TclTests" name="[1] /home/travis/build/icyphy/ptII/ptolemy/actor/lib/test/AddSubtract.tcl (RunTclFile)" time="0.113" />
  <testcase classname="ptolemy.util.test.junit.TclTests" name="[2] /home/travis/build/icyphy/ptII/ptolemy/actor/lib/test/Average.tcl (RunTclFile)" time="0.038" />
  <testcase classname="ptolemy.util.test.junit.TclTests" name="[3] /home/travis/build/icyphy/ptII/ptolemy/actor/lib/test/Bernoulli.tcl (RunTclFile)" time="0.018" />
  <testcase classname="ptolemy.util.test.junit.TclTests" name="[4] /home/travis/build/icyphy/ptII/ptolemy/actor/lib/test/Clock.tcl (RunTclFile)" time="0.092" />
  <testcase classname="ptolemy.util.test.junit.TclTests" name="[5] /home/travis/build/icyphy/ptII/ptolemy/actor/lib/test/Commutator.tcl (RunTclFile)" time="0.103" />
  <testcase classname="ptolemy.util.test.junit.TclTests" name="[6] /home/travis/build/icyphy/ptII/ptolemy/actor/lib/test/Const.tcl (RunTclFile)" time="0.105" />
  <testcase classname="ptolemy.util.test.junit.TclTests" name="[7] /home/travis/build/icyphy/ptII/ptolemy/actor/lib/test/CurrentTime.tcl (RunTclFile)" time="0.033" />
  <testcase classname="ptolemy.util.test.junit.TclTests" name="[8] /home/travis/build/icyphy/ptII/ptolemy/actor/lib/test/DB.tcl (RunTclFile)" time="0.028" />
  <testcase classname="ptolemy.util.test.junit.TclTests" name="[9] /home/travis/build/icyphy/ptII/ptolemy/actor/lib/test/DiscreteRandomSource.tcl (RunTclFile)" time="0.025" />
  <testcase classname="ptolemy.util.test.junit.TclTests" name="[10] /home/travis/build/icyphy/ptII/ptolemy/actor/lib/test/Distributor.tcl (RunTclFile)" time="0.081" />
  <testcase classname="ptolemy.util.test.junit.TclTests" name="[11] /home/travis/build/icyphy/ptII/ptolemy/actor/lib/test/Exit.tcl (RunTclFile)" time="0.114" />
  <testcase classname="ptolemy.util.test.junit.TclTests" name="[12] /home/travis/build/icyphy/ptII/ptolemy/actor/lib/test/Expression.tcl (RunTclFile)" time="0.134" />
  <testcase classname="ptolemy.util.test.junit.TclTests" name="[13] /home/travis/build/icyphy/ptII/ptolemy/actor/lib/test/Gaussian.tcl (RunTclFile)" time="0.566" />
  <testcase classname="ptolemy.util.test.junit.TclTests" name="[14] /home/travis/build/icyphy/ptII/ptolemy/actor/lib/test/IIR.tcl (RunTclFile)" time="0.02" />
  <testcase classname="ptolemy.util.test.junit.TclTests" name="[15] /home/travis/build/icyphy/ptII/ptolemy/actor/lib/test/Interpolator.tcl (RunTclFile)" time="0.072" />
  <testcase classname="ptolemy.util.test.junit.TclTests" name="[16] /home/travis/build/icyphy/ptII/ptolemy/actor/lib/test/MathFunction.tcl (RunTclFile)" time="0.041" />
  <testcase classname="ptolemy.util.test.junit.TclTests" name="[17] /home/travis/build/icyphy/ptII/ptolemy/actor/lib/test/Maximum.tcl (RunTclFile)" time="0.023" />
  <testcase classname="ptolemy.util.test.junit.TclTests" name="[18] /home/travis/build/icyphy/ptII/ptolemy/actor/lib/test/Minimum.tcl (RunTclFile)" time="0.037" />
  <testcase classname="ptolemy.util.test.junit.TclTests" name="[19] /home/travis/build/icyphy/ptII/ptolemy/actor/lib/test/MultiplyDivide.tcl (RunTclFile)" time="0.047" />
  <testcase classname="ptolemy.util.test.junit.TclTests" name="[20] /home/travis/build/icyphy/ptII/ptolemy/actor/lib/test/OrderedMerge.tcl (RunTclFile)" time="0.141" />
  <testcase classname="ptolemy.util.test.junit.TclTests" name="[21] /home/travis/build/icyphy/ptII/ptolemy/actor/lib/test/Publisher.tcl (RunTclFile)" time="0.843" />
  <testcase classname="ptolemy.util.test.junit.TclTests" name="[22] /home/travis/build/icyphy/ptII/ptolemy/actor/lib/test/Pulse.tcl (RunTclFile)" time="0.035" />
  <testcase classname="ptolemy.util.test.junit.TclTests" name="[23] /home/travis/build/icyphy/ptII/ptolemy/actor/lib/test/Ramp.tcl (RunTclFile)" time="2.037" />
  <testcase classname="ptolemy.util.test.junit.TclTests" name="[24] /home/travis/build/icyphy/ptII/ptolemy/actor/lib/test/RampContinuous.tcl (RunTclFile)" time="0.015" />
  <testcase classname="ptolemy.util.test.junit.TclTests" name="[25] /home/travis/build/icyphy/ptII/ptolemy/actor/lib/test/RecordAssembler.tcl (RunTclFile)" time="0.013" />
  <testcase classname="ptolemy.util.test.junit.TclTests" name="[26] /home/travis/build/icyphy/ptII/ptolemy/actor/lib/test/RecordDisassembler.tcl (RunTclFile)" time="0.017" />
  <testcase classname="ptolemy.util.test.junit.TclTests" name="[27] /home/travis/build/icyphy/ptII/ptolemy/actor/lib/test/Scale.tcl (RunTclFile)" time="0.015" />
  <testcase classname="ptolemy.util.test.junit.TclTests" name="[28] /home/travis/build/icyphy/ptII/ptolemy/actor/lib/test/SequentialClock.tcl (RunTclFile)" time="0.011" />
  <testcase classname="ptolemy.util.test.junit.TclTests" name="[29] /home/travis/build/icyphy/ptII/ptolemy/actor/lib/test/SetVariable.tcl (RunTclFile)" time="0.008" />
  <testcase classname="ptolemy.util.test.junit.TclTests" name="[30] /home/travis/build/icyphy/ptII/ptolemy/actor/lib/test/Sinewave.tcl (RunTclFile)" time="0.027" />
  <testcase classname="ptolemy.util.test.junit.TclTests" name="[31] /home/travis/build/icyphy/ptII/ptolemy/actor/lib/test/SubscriptionAggregator.tcl (RunTclFile)" time="2.116" />
  <testcase classname="ptolemy.util.test.junit.TclTests" name="[32] /home/travis/build/icyphy/ptII/ptolemy/actor/lib/test/Test.tcl (RunTclFile)" time="0.128" />
  <testcase classname="ptolemy.util.test.junit.TclTests" name="[33] /home/travis/build/icyphy/ptII/ptolemy/actor/lib/test/TestExceptionHandler.tcl (RunTclFile)" time="0.016" />
  <testcase classname="ptolemy.util.test.junit.TclTests" name="[34] /home/travis/build/icyphy/ptII/ptolemy/actor/lib/test/UnionDisassembler.tcl (RunTclFile)" time="0.085" />
  <testcase classname="ptolemy.util.test.junit.TclTests" name="[35] /home/travis/build/icyphy/ptII/ptolemy/actor/lib/test/VariableClock.tcl (RunTclFile)" time="0.036" />
  <testcase classname="ptolemy.util.test.junit.AutoKnownFailedTests" name="[0] /home/travis/build/icyphy/ptII/ptolemy/actor/lib/test/auto/knownFailedTests/PublisherPortToplevelSubscriber.xml (RunModel)" time="0.034" />
  <testcase classname="ptolemy.util.test.junit.AutoKnownFailedTests" name="[1] /home/travis/build/icyphy/ptII/ptolemy/actor/lib/test/auto/knownFailedTests/PublisherSubscriberPortToplevel.xml (RunModel)" time="0.02" />
  <testcase classname="ptolemy.util.test.junit.AutoKnownFailedTests" name="[2] /home/travis/build/icyphy/ptII/ptolemy/actor/lib/test/auto/knownFailedTests/PublisherSubscriptionAggregatorPort.xml (RunModel)" time="0.017" />
  <testcase classname="ptolemy.util.test.junit.AutoKnownFailedTests" name="[3] /home/travis/build/icyphy/ptII/ptolemy/actor/lib/test/auto/knownFailedTests/sizedarray3.xml (RunModel)" time="0.024" />
  <testcase classname="ptolemy.util.test.junit.AutoNameArchTests" name="[0] ThereAreNoAutoArchTests (RunModel)" time="0.001" />
  <testcase classname="ptolemy.util.test.junit.AutoTests" name="[0] /home/travis/build/icyphy/ptII/ptolemy/actor/lib/test/auto/AbsoluteValue.xml (RunModel)" time="0.11" />
  <testcase classname="ptolemy.util.test.junit.AutoTests" name="[1] /home/travis/build/icyphy/ptII/ptolemy/actor/lib/test/auto/AbsoluteValue2.xml (RunModel)" time="0.081" />
  <testcase classname="ptolemy.util.test.junit.AutoTests" name="[2] /home/travis/build/icyphy/ptII/ptolemy/actor/lib/test/auto/Accumulator.xml (RunModel)" time="0.075" />
  <testcase classname="ptolemy.util.test.junit.AutoTests" name="[3] /home/travis/build/icyphy/ptII/ptolemy/actor/lib/test/auto/Accumulator2.xml (RunModel)" time="0.042" />
  <testcase classname="ptolemy.util.test.junit.AutoTests" name="[4] /home/travis/build/icyphy/ptII/ptolemy/actor/lib/test/auto/Accumulator3.xml (RunModel)" time="0.028" />
  <testcase classname="ptolemy.util.test.junit.AutoTests" name="[5] /home/travis/build/icyphy/ptII/ptolemy/actor/lib/test/auto/ArrayAppend.xml (RunModel)" time="0.041" />
  <testcase classname="ptolemy.util.test.junit.AutoTests" name="[6] /home/travis/build/icyphy/ptII/ptolemy/actor/lib/test/auto/ArrayAppend2.xml (RunModel)" time="0.403" />
  <testcase classname="ptolemy.util.test.junit.AutoTests" name="[7] /home/travis/build/icyphy/ptII/ptolemy/actor/lib/test/auto/ArrayAppend3.xml (RunModel)" time="0.024" />
  <testcase classname="ptolemy.util.test.junit.AutoTests" name="[8] /home/travis/build/icyphy/ptII/ptolemy/actor/lib/test/auto/ArrayAppend4.xml (RunModel)" time="0.034" />
  <testcase classname="ptolemy.util.test.junit.AutoTests" name="[9] /home/travis/build/icyphy/ptII/ptolemy/actor/lib/test/auto/ArrayAppend5.xml (RunModel)" time="0.016" />
  <testcase classname="ptolemy.util.test.junit.AutoTests" name="[10] /home/travis/build/icyphy/ptII/ptolemy/actor/lib/test/auto/ArrayAppend6.xml (RunModel)" time="0.02" />
  <testcase classname="ptolemy.util.test.junit.AutoTests" name="[11] /home/travis/build/icyphy/ptII/ptolemy/actor/lib/test/auto/ArrayAppendPerformanceTest.xml (RunModel)" time="0.072" />
  <testcase classname="ptolemy.util.test.junit.AutoTests" name="[12] /home/travis/build/icyphy/ptII/ptolemy/actor/lib/test/auto/ArrayAppendWithEmptyInput.xml (RunModel)" time="0.05" />
  <testcase classname="ptolemy.util.test.junit.AutoTests" name="[13] /home/travis/build/icyphy/ptII/ptolemy/actor/lib/test/auto/ArrayAverage.xml (RunModel)" time="0.037" />
  <testcase classname="ptolemy.util.test.junit.AutoTests" name="[14] /home/travis/build/icyphy/ptII/ptolemy/actor/lib/test/auto/ArrayContains.xml (RunModel)" time="0.084" />
  <testcase classname="ptolemy.util.test.junit.AutoTests" name="[15] /home/travis/build/icyphy/ptII/ptolemy/actor/lib/test/auto/ArrayElement.xml (RunModel)" time="0.035" />
  <testcase classname="ptolemy.util.test.junit.AutoTests" name="[16] /home/travis/build/icyphy/ptII/ptolemy/actor/lib/test/auto/ArrayElementAsMatrix.xml (RunModel)" time="0.049" />
  <testcase classname="ptolemy.util.test.junit.AutoTests" name="[17] /home/travis/build/icyphy/ptII/ptolemy/actor/lib/test/auto/ArrayElementI.xml (RunModel)" time="0.016" />
  <testcase classname="ptolemy.util.test.junit.AutoTests" name="[18] /home/travis/build/icyphy/ptII/ptolemy/actor/lib/test/auto/ArrayExtract.xml (RunModel)" time="0.025" />
  <testcase classname="ptolemy.util.test.junit.AutoTests" name="[19] /home/travis/build/icyphy/ptII/ptolemy/actor/lib/test/auto/ArrayExtract2.xml (RunModel)" time="0.012" />
  <testcase classname="ptolemy.util.test.junit.AutoTests" name="[20] /home/travis/build/icyphy/ptII/ptolemy/actor/lib/test/auto/ArrayLength.xml (RunModel)" time="0.017" />
  <testcase classname="ptolemy.util.test.junit.AutoTests" name="[21] /home/travis/build/icyphy/ptII/ptolemy/actor/lib/test/auto/ArrayLevelCrossing.xml (RunModel)" time="0.031" />
  <testcase classname="ptolemy.util.test.junit.AutoTests" name="[22] /home/travis/build/icyphy/ptII/ptolemy/actor/lib/test/auto/ArrayLevelCrossing2.xml (RunModel)" time="0.037" />
  <testcase classname="ptolemy.util.test.junit.AutoTests" name="[23] /home/travis/build/icyphy/ptII/ptolemy/actor/lib/test/auto/ArrayPeakSearch.xml (RunModel)" time="0.047" />
  <testcase classname="ptolemy.util.test.junit.AutoTests" name="[24] /home/travis/build/icyphy/ptII/ptolemy/actor/lib/test/auto/ArrayPeakSearch2.xml (RunModel)" time="0.037" />
  <testcase classname="ptolemy.util.test.junit.AutoTests" name="[25] /home/travis/build/icyphy/ptII/ptolemy/actor/lib/test/auto/ArrayPeakSearch3.xml (RunModel)" time="0.032" />
  <testcase classname="ptolemy.util.test.junit.AutoTests" name="[26] /home/travis/build/icyphy/ptII/ptolemy/actor/lib/test/auto/ArrayRemoveElement.xml (RunModel)" time="0.026" />
  <testcase classname="ptolemy.util.test.junit.AutoTests" name="[27] /home/travis/build/icyphy/ptII/ptolemy/actor/lib/test/auto/ArraySort.xml (RunModel)" time="0.03" />
  <testcase classname="ptolemy.util.test.junit.AutoTests" name="[28] /home/travis/build/icyphy/ptII/ptolemy/actor/lib/test/auto/ArraySum.xml (RunModel)" time="0.018" />
  <testcase classname="ptolemy.util.test.junit.AutoTests" name="[29] /home/travis/build/icyphy/ptII/ptolemy/actor/lib/test/auto/ArrayToElements.xml (RunModel)" time="0.018" />
  <testcase classname="ptolemy.util.test.junit.AutoTests" name="[30] /home/travis/build/icyphy/ptII/ptolemy/actor/lib/test/auto/ArrayToMatrix.xml (RunModel)" time="0.043" />
  <testcase classname="ptolemy.util.test.junit.AutoTests" name="[31] /home/travis/build/icyphy/ptII/ptolemy/actor/lib/test/auto/ArrayUpdate1.xml (RunModel)" time="0.021" />
  <testcase classname="ptolemy.util.test.junit.AutoTests" name="[32] /home/travis/build/icyphy/ptII/ptolemy/actor/lib/test/auto/ArrayUpdate2.xml (RunModel)" time="0.026" />
  <testcase classname="ptolemy.util.test.junit.AutoTests" name="[33] /home/travis/build/icyphy/ptII/ptolemy/actor/lib/test/auto/ArrayUpdate3.xml (RunModel)" time="0.015" />
  <testcase classname="ptolemy.util.test.junit.AutoTests" name="[34] /home/travis/build/icyphy/ptII/ptolemy/actor/lib/test/auto/Assert1.xml (RunModel)" time="0.024" />
  <testcase classname="ptolemy.util.test.junit.AutoTests" name="[35] /home/travis/build/icyphy/ptII/ptolemy/actor/lib/test/auto/Assert2.xml (RunModel)" time="0.012" />
  <testcase classname="ptolemy.util.test.junit.AutoTests" name="[36] /home/travis/build/icyphy/ptII/ptolemy/actor/lib/test/auto/BooleanMultiplexor.xml (RunModel)" time="0.016" />
  <testcase classname="ptolemy.util.test.junit.AutoTests" name="[37] /home/travis/build/icyphy/ptII/ptolemy/actor/lib/test/auto/BooleanMultiplexor2.xml (RunModel)" time="0.022" />
  <testcase classname="ptolemy.util.test.junit.AutoTests" name="[38] /home/travis/build/icyphy/ptII/ptolemy/actor/lib/test/auto/BooleanMultiplexor3.xml (RunModel)" time="0.017" />
  <testcase classname="ptolemy.util.test.junit.AutoTests" name="[39] /home/travis/build/icyphy/ptII/ptolemy/actor/lib/test/auto/BooleanSelect.xml (RunModel)" time="0.024" />
  <testcase classname="ptolemy.util.test.junit.AutoTests" name="[40] /home/travis/build/icyphy/ptII/ptolemy/actor/lib/test/auto/BooleanSelect2.xml (RunModel)" time="0.016" />
  <testcase classname="ptolemy.util.test.junit.AutoTests" name="[41] /home/travis/build/icyphy/ptII/ptolemy/actor/lib/test/auto/BooleanSwitch.xml (RunModel)" time="0.017" />
  <testcase classname="ptolemy.util.test.junit.AutoTests" name="[42] /home/travis/build/icyphy/ptII/ptolemy/actor/lib/test/auto/BooleanSwitch2.xml (RunModel)" time="0.012" />
  <testcase classname="ptolemy.util.test.junit.AutoTests" name="[43] /home/travis/build/icyphy/ptII/ptolemy/actor/lib/test/auto/BooleanSwitchCloningBugWithClassRelationGroup.xml (RunModel)" time="0.038" />
  <testcase classname="ptolemy.util.test.junit.AutoTests" name="[44] /home/travis/build/icyphy/ptII/ptolemy/actor/lib/test/auto/BusActors.xml (RunModel)" time="0.048" />
  <testcase classname="ptolemy.util.test.junit.AutoTests" name="[45] /home/travis/build/icyphy/ptII/ptolemy/actor/lib/test/auto/ClassWrapper.xml (RunModel)" time="0.019" />
  <testcase classname="ptolemy.util.test.junit.AutoTests" name="[46] /home/travis/build/icyphy/ptII/ptolemy/actor/lib/test/auto/Clock.xml (RunModel)" time="0.009" />
  <testcase classname="ptolemy.util.test.junit.AutoTests" name="[47] /home/travis/build/icyphy/ptII/ptolemy/actor/lib/test/auto/Clock10.xml (RunModel)" time="0.02" />
  <testcase classname="ptolemy.util.test.junit.AutoTests" name="[48] /home/travis/build/icyphy/ptII/ptolemy/actor/lib/test/auto/Clock11.xml (RunModel)" time="0.022" />
  <testcase classname="ptolemy.util.test.junit.AutoTests" name="[49] /home/travis/build/icyphy/ptII/ptolemy/actor/lib/test/auto/Clock12.xml (RunModel)" time="0.017" />
  <testcase classname="ptolemy.util.test.junit.AutoTests" name="[50] /home/travis/build/icyphy/ptII/ptolemy/actor/lib/test/auto/Clock13.xml (RunModel)" time="0.019" />
  <testcase classname="ptolemy.util.test.junit.AutoTests" name="[51] /home/travis/build/icyphy/ptII/ptolemy/actor/lib/test/auto/Clock14.xml (RunModel)" time="0.017" />
  <testcase classname="ptolemy.util.test.junit.AutoTests" name="[52] /home/travis/build/icyphy/ptII/ptolemy/actor/lib/test/auto/Clock15.xml (RunModel)" time="0.012" />
  <testcase classname="ptolemy.util.test.junit.AutoTests" name="[53] /home/travis/build/icyphy/ptII/ptolemy/actor/lib/test/auto/Clock16.xml (RunModel)" time="0.112" />
  <testcase classname="ptolemy.util.test.junit.AutoTests" name="[54] /home/travis/build/icyphy/ptII/ptolemy/actor/lib/test/auto/Clock17.xml (RunModel)" time="0.052" />
  <testcase classname="ptolemy.util.test.junit.AutoTests" name="[55] /home/travis/build/icyphy/ptII/ptolemy/actor/lib/test/auto/Clock18.xml (RunModel)" time="0.048" />
  <testcase classname="ptolemy.util.test.junit.AutoTests" name="[56] /home/travis/build/icyphy/ptII/ptolemy/actor/lib/test/auto/Clock19.xml (RunModel)" time="0.038" />
  <testcase classname="ptolemy.util.test.junit.AutoTests" name="[57] /home/travis/build/icyphy/ptII/ptolemy/actor/lib/test/auto/Clock2.xml (RunModel)" time="0.014" />
  <testcase classname="ptolemy.util.test.junit.AutoTests" name="[58] /home/travis/build/icyphy/ptII/ptolemy/actor/lib/test/auto/Clock20.xml (RunModel)" time="0.026" />
  <testcase classname="ptolemy.util.test.junit.AutoTests" name="[59] /home/travis/build/icyphy/ptII/ptolemy/actor/lib/test/auto/Clock21.xml (RunModel)" time="0.013" />
  <testcase classname="ptolemy.util.test.junit.AutoTests" name="[60] /home/travis/build/icyphy/ptII/ptolemy/actor/lib/test/auto/Clock22.xml (RunModel)" time="0.013" />
  <testcase classname="ptolemy.util.test.junit.AutoTests" name="[61] /home/travis/build/icyphy/ptII/ptolemy/actor/lib/test/auto/Clock23.xml (RunModel)" time="0.014" />
  <testcase classname="ptolemy.util.test.junit.AutoTests" name="[62] /home/travis/build/icyphy/ptII/ptolemy/actor/lib/test/auto/Clock24.xml (RunModel)" time="0.015" />
  <testcase classname="ptolemy.util.test.junit.AutoTests" name="[63] /home/travis/build/icyphy/ptII/ptolemy/actor/lib/test/auto/Clock4.xml (RunModel)" time="0.011" />
  <testcase classname="ptolemy.util.test.junit.AutoTests" name="[64] /home/travis/build/icyphy/ptII/ptolemy/actor/lib/test/auto/Clock5.xml (RunModel)" time="0.014" />
  <testcase classname="ptolemy.util.test.junit.AutoTests" name="[65] /home/travis/build/icyphy/ptII/ptolemy/actor/lib/test/auto/Clock6.xml (RunModel)" time="0.01" />
  <testcase classname="ptolemy.util.test.junit.AutoTests" name="[66] /home/travis/build/icyphy/ptII/ptolemy/actor/lib/test/auto/Clock7.xml (RunModel)" time="0.009" />
  <testcase classname="ptolemy.util.test.junit.AutoTests" name="[67] /home/travis/build/icyphy/ptII/ptolemy/actor/lib/test/auto/Clock8.xml (RunModel)" time="0.013" />
  <testcase classname="ptolemy.util.test.junit.AutoTests" name="[68] /home/travis/build/icyphy/ptII/ptolemy/actor/lib/test/auto/Clock9.xml (RunModel)" time="0.015" />
  <testcase classname="ptolemy.util.test.junit.AutoTests" name="[69] /home/travis/build/icyphy/ptII/ptolemy/actor/lib/test/auto/CommDistDiscard.xml (RunModel)" time="0.02" />
  <testcase classname="ptolemy.util.test.junit.AutoTests" name="[70] /home/travis/build/icyphy/ptII/ptolemy/actor/lib/test/auto/Commutator.xml (RunModel)" time="0.014" />
  <testcase classname="ptolemy.util.test.junit.AutoTests" name="[71] /home/travis/build/icyphy/ptII/ptolemy/actor/lib/test/auto/Commutator2.xml (RunModel)" time="0.009" />
  <testcase classname="ptolemy.util.test.junit.AutoTests" name="[72] /home/travis/build/icyphy/ptII/ptolemy/actor/lib/test/auto/Commutator3.xml (RunModel)" time="0.01" />
  <testcase classname="ptolemy.util.test.junit.AutoTests" name="[73] /home/travis/build/icyphy/ptII/ptolemy/actor/lib/test/auto/Compare.xml (RunModel)" time="0.018" />
  <testcase classname="ptolemy.util.test.junit.AutoTests" name="[74] /home/travis/build/icyphy/ptII/ptolemy/actor/lib/test/auto/CompareDE.xml (RunModel)" time="0.053" />
  <testcase classname="ptolemy.util.test.junit.AutoTests" name="[75] /home/travis/build/icyphy/ptII/ptolemy/actor/lib/test/auto/ComplexDivide.xml (RunModel)" time="0.009" />
  <testcase classname="ptolemy.util.test.junit.AutoTests" name="[76] /home/travis/build/icyphy/ptII/ptolemy/actor/lib/test/auto/ComputeHistogram.xml (RunModel)" time="0.074" />
  <testcase classname="ptolemy.util.test.junit.AutoTests" name="[77] /home/travis/build/icyphy/ptII/ptolemy/actor/lib/test/auto/ConfigurationSelect.xml (RunModel)" time="0.02" />
  <testcase classname="ptolemy.util.test.junit.AutoTests" name="[78] /home/travis/build/icyphy/ptII/ptolemy/actor/lib/test/auto/ConfigurationSelect2.xml (RunModel)" time="0.014" />
  <testcase classname="ptolemy.util.test.junit.AutoTests" name="[79] /home/travis/build/icyphy/ptII/ptolemy/actor/lib/test/auto/ConfigurationSwitch.xml (RunModel)" time="0.024" />
  <testcase classname="ptolemy.util.test.junit.AutoTests" name="[80] /home/travis/build/icyphy/ptII/ptolemy/actor/lib/test/auto/ConfigurationSwitch2.xml (RunModel)" time="0.011" />
  <testcase classname="ptolemy.util.test.junit.AutoTests" name="[81] /home/travis/build/icyphy/ptII/ptolemy/actor/lib/test/auto/ConfigurationSwitchCloningBugWithClassRelationGroup.xml (RunModel)" time="0.025" />
  <testcase classname="ptolemy.util.test.junit.AutoTests" name="[82] /home/travis/build/icyphy/ptII/ptolemy/actor/lib/test/auto/ConfigurationSwitchSelectSDF.xml (RunModel)" time="0.016" />
  <testcase classname="ptolemy.util.test.junit.AutoTests" name="[83] /home/travis/build/icyphy/ptII/ptolemy/actor/lib/test/auto/ConfigurationSwitchSelectSDF2.xml (RunModel)" time="0.014" />
  <testcase classname="ptolemy.util.test.junit.AutoTests" name="[84] /home/travis/build/icyphy/ptII/ptolemy/actor/lib/test/auto/Const.xml (RunModel)" time="0.007" />
  <testcase classname="ptolemy.util.test.junit.AutoTests" name="[85] /home/travis/build/icyphy/ptII/ptolemy/actor/lib/test/auto/Const2.xml (RunModel)" time="0.013" />
  <testcase classname="ptolemy.util.test.junit.AutoTests" name="[86] /home/travis/build/icyphy/ptII/ptolemy/actor/lib/test/auto/Const3.xml (RunModel)" time="0.006" />
  <testcase classname="ptolemy.util.test.junit.AutoTests" name="[87] /home/travis/build/icyphy/ptII/ptolemy/actor/lib/test/auto/ConstantPublisherPort1.xml (RunModel)" time="0.018" />
  <testcase classname="ptolemy.util.test.junit.AutoTests" name="[88] /home/travis/build/icyphy/ptII/ptolemy/actor/lib/test/auto/ConstantPublisherPort2.xml (RunModel)" time="0.021" />
  <testcase classname="ptolemy.util.test.junit.AutoTests" name="[89] /home/travis/build/icyphy/ptII/ptolemy/actor/lib/test/auto/ConstantPublisherPort3.xml (RunModel)" time="0.019" />
  <testcase classname="ptolemy.util.test.junit.AutoTests" name="[90] /home/travis/build/icyphy/ptII/ptolemy/actor/lib/test/auto/ConstantPublisherPort4.xml (RunModel)" time="0.014" />
  <testcase classname="ptolemy.util.test.junit.AutoTests" name="[91] /home/travis/build/icyphy/ptII/ptolemy/actor/lib/test/auto/ConstantPublisherPort5.xml (RunModel)" time="0.039" />
  <testcase classname="ptolemy.util.test.junit.AutoTests" name="[92] /home/travis/build/icyphy/ptII/ptolemy/actor/lib/test/auto/ConstantPublisherPort6.xml (RunModel)" time="0.037" />
  <testcase classname="ptolemy.util.test.junit.AutoTests" name="[93] /home/travis/build/icyphy/ptII/ptolemy/actor/lib/test/auto/ConstantPublisherPort7.xml (RunModel)" time="0.039" />
  <testcase classname="ptolemy.util.test.junit.AutoTests" name="[94] /home/travis/build/icyphy/ptII/ptolemy/actor/lib/test/auto/ConstraintMonitor1.xml (RunModel)" time="0.038" />
  <testcase classname="ptolemy.util.test.junit.AutoTests" name="[95] /home/travis/build/icyphy/ptII/ptolemy/actor/lib/test/auto/ConstraintMonitor2.xml (RunModel)" time="0.014" />
  <testcase classname="ptolemy.util.test.junit.AutoTests" name="[96] /home/travis/build/icyphy/ptII/ptolemy/actor/lib/test/auto/ConstraintMonitor3.xml (RunModel)" time="0.018" />
  <testcase classname="ptolemy.util.test.junit.AutoTests" name="[97] /home/travis/build/icyphy/ptII/ptolemy/actor/lib/test/auto/ConstraintMonitor4.xml (RunModel)" time="0.011" />
  <testcase classname="ptolemy.util.test.junit.AutoTests" name="[98] /home/travis/build/icyphy/ptII/ptolemy/actor/lib/test/auto/ConstraintMonitor5.xml (RunModel)" time="0.011" />
  <testcase classname="ptolemy.util.test.junit.AutoTests" name="[99] /home/travis/build/icyphy/ptII/ptolemy/actor/lib/test/auto/ConstraintMonitor6.xml (RunModel)" time="0.015" />
  <testcase classname="ptolemy.util.test.junit.AutoTests" name="[100] /home/travis/build/icyphy/ptII/ptolemy/actor/lib/test/auto/ConstraintMonitor7.xml (RunModel)" time="0.017" />
  <testcase classname="ptolemy.util.test.junit.AutoTests" name="[101] /home/travis/build/icyphy/ptII/ptolemy/actor/lib/test/auto/ConstraintMonitor8.xml (RunModel)" time="0.018" />
  <testcase classname="ptolemy.util.test.junit.AutoTests" name="[102] /home/travis/build/icyphy/ptII/ptolemy/actor/lib/test/auto/Counter.xml (RunModel)" time="0.014" />
  <testcase classname="ptolemy.util.test.junit.AutoTests" name="[103] /home/travis/build/icyphy/ptII/ptolemy/actor/lib/test/auto/CurrentTimeSDF.xml (RunModel)" time="0.008" />
  <testcase classname="ptolemy.util.test.junit.AutoTests" name="[104] /home/travis/build/icyphy/ptII/ptolemy/actor/lib/test/auto/DB.xml (RunModel)" time="0.011" />
  <testcase classname="ptolemy.util.test.junit.AutoTests" name="[105] /home/travis/build/icyphy/ptII/ptolemy/actor/lib/test/auto/DBDE.xml (RunModel)" time="0.012" />
  <testcase classname="ptolemy.util.test.junit.AutoTests" name="[106] /home/travis/build/icyphy/ptII/ptolemy/actor/lib/test/auto/DateConstructor.xml (RunModel)" time="0.117" />
  <testcase classname="ptolemy.util.test.junit.AutoTests" name="[107] /home/travis/build/icyphy/ptII/ptolemy/actor/lib/test/auto/DelayTime.xml (RunModel)" time="0.019" />
  <testcase classname="ptolemy.util.test.junit.AutoTests" name="[108] /home/travis/build/icyphy/ptII/ptolemy/actor/lib/test/auto/Dictionary1.xml (RunModel)" time="0.018" />
  <testcase classname="ptolemy.util.test.junit.AutoTests" name="[109] /home/travis/build/icyphy/ptII/ptolemy/actor/lib/test/auto/Dictionary2.xml (RunModel)" time="0.019" />
  <testcase classname="ptolemy.util.test.junit.AutoTests" name="[110] /home/travis/build/icyphy/ptII/ptolemy/actor/lib/test/auto/Dictionary3.xml (RunModel)" time="0.014" />
  <testcase classname="ptolemy.util.test.junit.AutoTests" name="[111] /home/travis/build/icyphy/ptII/ptolemy/actor/lib/test/auto/Dictionary4.xml (RunModel)" time="0.026" />
  <testcase classname="ptolemy.util.test.junit.AutoTests" name="[112] /home/travis/build/icyphy/ptII/ptolemy/actor/lib/test/auto/Differential.xml (RunModel)" time="0.013" />
  <testcase classname="ptolemy.util.test.junit.AutoTests" name="[113] /home/travis/build/icyphy/ptII/ptolemy/actor/lib/test/auto/Director.xml (RunModel)" time="0.011" />
  <testcase classname="ptolemy.util.test.junit.AutoTests" name="[114] /home/travis/build/icyphy/ptII/ptolemy/actor/lib/test/auto/DiscreteClock.xml (RunModel)" time="0.011" />
  <testcase classname="ptolemy.util.test.junit.AutoTests" name="[115] /home/travis/build/icyphy/ptII/ptolemy/actor/lib/test/auto/DiscreteClock10.xml (RunModel)" time="0.018" />
  <testcase classname="ptolemy.util.test.junit.AutoTests" name="[116] /home/travis/build/icyphy/ptII/ptolemy/actor/lib/test/auto/DiscreteClock11.xml (RunModel)" time="0.014" />
  <testcase classname="ptolemy.util.test.junit.AutoTests" name="[117] /home/travis/build/icyphy/ptII/ptolemy/actor/lib/test/auto/DiscreteClock12.xml (RunModel)" time="0.016" />
  <testcase classname="ptolemy.util.test.junit.AutoTests" name="[118] /home/travis/build/icyphy/ptII/ptolemy/actor/lib/test/auto/DiscreteClock13.xml (RunModel)" time="0.015" />
  <testcase classname="ptolemy.util.test.junit.AutoTests" name="[119] /home/travis/build/icyphy/ptII/ptolemy/actor/lib/test/auto/DiscreteClock14.xml (RunModel)" time="0.018" />
  <testcase classname="ptolemy.util.test.junit.AutoTests" name="[120] /home/travis/build/icyphy/ptII/ptolemy/actor/lib/test/auto/DiscreteClock15.xml (RunModel)" time="0.015" />
  <testcase classname="ptolemy.util.test.junit.AutoTests" name="[121] /home/travis/build/icyphy/ptII/ptolemy/actor/lib/test/auto/DiscreteClock16.xml (RunModel)" time="0.047" />
  <testcase classname="ptolemy.util.test.junit.AutoTests" name="[122] /home/travis/build/icyphy/ptII/ptolemy/actor/lib/test/auto/DiscreteClock17.xml (RunModel)" time="0.041" />
  <testcase classname="ptolemy.util.test.junit.AutoTests" name="[123] /home/travis/build/icyphy/ptII/ptolemy/actor/lib/test/auto/DiscreteClock18.xml (RunModel)" time="0.055" />
  <testcase classname="ptolemy.util.test.junit.AutoTests" name="[124] /home/travis/build/icyphy/ptII/ptolemy/actor/lib/test/auto/DiscreteClock19.xml (RunModel)" time="0.06" />
  <testcase classname="ptolemy.util.test.junit.AutoTests" name="[125] /home/travis/build/icyphy/ptII/ptolemy/actor/lib/test/auto/DiscreteClock2.xml (RunModel)" time="0.015" />
  <testcase classname="ptolemy.util.test.junit.AutoTests" name="[126] /home/travis/build/icyphy/ptII/ptolemy/actor/lib/test/auto/DiscreteClock20.xml (RunModel)" time="0.02" />
  <testcase classname="ptolemy.util.test.junit.AutoTests" name="[127] /home/travis/build/icyphy/ptII/ptolemy/actor/lib/test/auto/DiscreteClock21.xml (RunModel)" time="0.02" />
  <testcase classname="ptolemy.util.test.junit.AutoTests" name="[128] /home/travis/build/icyphy/ptII/ptolemy/actor/lib/test/auto/DiscreteClock22.xml (RunModel)" time="0.016" />
  <testcase classname="ptolemy.util.test.junit.AutoTests" name="[129] /home/travis/build/icyphy/ptII/ptolemy/actor/lib/test/auto/DiscreteClock23.xml (RunModel)" time="0.02" />
  <testcase classname="ptolemy.util.test.junit.AutoTests" name="[130] /home/travis/build/icyphy/ptII/ptolemy/actor/lib/test/auto/DiscreteClock24.xml (RunModel)" time="0.018" />
  <testcase classname="ptolemy.util.test.junit.AutoTests" name="[131] /home/travis/build/icyphy/ptII/ptolemy/actor/lib/test/auto/DiscreteClock4.xml (RunModel)" time="0.016" />
  <testcase classname="ptolemy.util.test.junit.AutoTests" name="[132] /home/travis/build/icyphy/ptII/ptolemy/actor/lib/test/auto/DiscreteClock5.xml (RunModel)" time="0.011" />
  <testcase classname="ptolemy.util.test.junit.AutoTests" name="[133] /home/travis/build/icyphy/ptII/ptolemy/actor/lib/test/auto/DiscreteClock6.xml (RunModel)" time="0.011" />
  <testcase classname="ptolemy.util.test.junit.AutoTests" name="[134] /home/travis/build/icyphy/ptII/ptolemy/actor/lib/test/auto/DiscreteClock7.xml (RunModel)" time="0.011" />
  <testcase classname="ptolemy.util.test.junit.AutoTests" name="[135] /home/travis/build/icyphy/ptII/ptolemy/actor/lib/test/auto/DiscreteClock8.xml (RunModel)" time="0.011" />
  <testcase classname="ptolemy.util.test.junit.AutoTests" name="[136] /home/travis/build/icyphy/ptII/ptolemy/actor/lib/test/auto/DiscreteClock9.xml (RunModel)" time="0.014" />
  <testcase classname="ptolemy.util.test.junit.AutoTests" name="[137] /home/travis/build/icyphy/ptII/ptolemy/actor/lib/test/auto/DisplayArray.xml (RunModel)" time="0.022" />
  <testcase classname="ptolemy.util.test.junit.AutoTests" name="[138] /home/travis/build/icyphy/ptII/ptolemy/actor/lib/test/auto/Distributor.xml (RunModel)" time="0.012" />
  <testcase classname="ptolemy.util.test.junit.AutoTests" name="[139] /home/travis/build/icyphy/ptII/ptolemy/actor/lib/test/auto/Distributor2.xml (RunModel)" time="0.011" />
  <testcase classname="ptolemy.util.test.junit.AutoTests" name="[140] /home/travis/build/icyphy/ptII/ptolemy/actor/lib/test/auto/DownSample.xml (RunModel)" time="0.008" />
  <testcase classname="ptolemy.util.test.junit.AutoTests" name="[141] /home/travis/build/icyphy/ptII/ptolemy/actor/lib/test/auto/ElectronicUnitBase1.xml (RunModel)" time="0.073" />
  <testcase classname="ptolemy.util.test.junit.AutoTests" name="[142] /home/travis/build/icyphy/ptII/ptolemy/actor/lib/test/auto/ElementsToArray.xml (RunModel)" time="0.011" />
  <testcase classname="ptolemy.util.test.junit.AutoTests" name="[143] /home/travis/build/icyphy/ptII/ptolemy/actor/lib/test/auto/Equals.xml (RunModel)" time="0.014" />
  <testcase classname="ptolemy.util.test.junit.AutoTests" name="[144] /home/travis/build/icyphy/ptII/ptolemy/actor/lib/test/auto/Exec.xml (RunModel)" time="0.025" />
  <testcase classname="ptolemy.util.test.junit.AutoTests" name="[145] /home/travis/build/icyphy/ptII/ptolemy/actor/lib/test/auto/ExecEnvironment.xml (RunModel)" time="0.04" />
  <testcase classname="ptolemy.util.test.junit.AutoTests" name="[146] /home/travis/build/icyphy/ptII/ptolemy/actor/lib/test/auto/ExecNonZeroReturnOutput.xml (RunModel)" time="0.184" />
  <testcase classname="ptolemy.util.test.junit.AutoTests" name="[147] /home/travis/build/icyphy/ptII/ptolemy/actor/lib/test/auto/ExecRunDemos.xml (RunModel)" time="10.133" />
  <testcase classname="ptolemy.util.test.junit.AutoTests" name="[148] /home/travis/build/icyphy/ptII/ptolemy/actor/lib/test/auto/ExecStop.xml (RunModel)" time="5.036" />
  <testcase classname="ptolemy.util.test.junit.AutoTests" name="[149] /home/travis/build/icyphy/ptII/ptolemy/actor/lib/test/auto/ExecutionTimeSDF.xml (RunModel)" time="6.05">
    <error type="java.lang.reflect.InvocationTargetException">java.lang.reflect.InvocationTargetException
	at jdk.internal.reflect.GeneratedConstructorAccessor36.newInstance(Unknown Source)
	at java.base/jdk.internal.reflect.DelegatingConstructorAccessorImpl.newInstance(DelegatingConstructorAccessorImpl.java:45)
	at java.base/java.lang.reflect.Constructor.newInstance(Constructor.java:490)
	at ptolemy.util.test.junit.AutoTests.RunModel(AutoTests.java:193)
	at jdk.internal.reflect.GeneratedMethodAccessor43.invoke(Unknown Source)
	at java.base/jdk.internal.reflect.DelegatingMethodAccessorImpl.invoke(DelegatingMethodAccessorImpl.java:43)
	at junitparams.internal.InvokeParameterisedMethod.evaluate(InvokeParameterisedMethod.java:102)
Caused by: ptolemy.kernel.util.IllegalActionException: Test fails in iteration 0.
Value was: 6001L. Should have been: 6000L
  in .ExecutionTimeSDF.NonStrictTest
	at ptolemy.actor.lib.NonStrictTest.postfire(NonStrictTest.java:328)
	at ptolemy.actor.AtomicActor.iterate(AtomicActor.java:518)
	at ptolemy.actor.sched.StaticSchedulingDirector.fire(StaticSchedulingDirector.java:216)
	at ptolemy.domains.sdf.kernel.SDFDirector.fire(SDFDirector.java:500)
	at ptolemy.actor.CompositeActor.fire(CompositeActor.java:455)
	at ptolemy.actor.Manager.iterate(Manager.java:851)
	at ptolemy.actor.Manager.execute(Manager.java:369)
	at ptolemy.actor.Manager.run(Manager.java:1263)
	at ptolemy.actor.Manager$PtolemyRunThread.run(Manager.java:1933)
</error>
  </testcase>
  <testcase classname="ptolemy.util.test.junit.AutoTests" name="[150] /home/travis/build/icyphy/ptII/ptolemy/actor/lib/test/auto/Expression1.xml (RunModel)" time="0.017" />
  <testcase classname="ptolemy.util.test.junit.AutoTests" name="[151] /home/travis/build/icyphy/ptII/ptolemy/actor/lib/test/auto/Expression10.xml (RunModel)" time="0.022" />
  <testcase classname="ptolemy.util.test.junit.AutoTests" name="[152] /home/travis/build/icyphy/ptII/ptolemy/actor/lib/test/auto/Expression11.xml (RunModel)" time="0.011" />
  <testcase classname="ptolemy.util.test.junit.AutoTests" name="[153] /home/travis/build/icyphy/ptII/ptolemy/actor/lib/test/auto/Expression12.xml (RunModel)" time="0.014" />
  <testcase classname="ptolemy.util.test.junit.AutoTests" name="[154] /home/travis/build/icyphy/ptII/ptolemy/actor/lib/test/auto/Expression13.xml (RunModel)" time="0.011" />
  <testcase classname="ptolemy.util.test.junit.AutoTests" name="[155] /home/travis/build/icyphy/ptII/ptolemy/actor/lib/test/auto/Expression14.xml (RunModel)" time="0.017" />
  <testcase classname="ptolemy.util.test.junit.AutoTests" name="[156] /home/travis/build/icyphy/ptII/ptolemy/actor/lib/test/auto/Expression15.xml (RunModel)" time="0.007" />
  <testcase classname="ptolemy.util.test.junit.AutoTests" name="[157] /home/travis/build/icyphy/ptII/ptolemy/actor/lib/test/auto/Expression16.xml (RunModel)" time="0.011" />
  <testcase classname="ptolemy.util.test.junit.AutoTests" name="[158] /home/travis/build/icyphy/ptII/ptolemy/actor/lib/test/auto/Expression17.xml (RunModel)" time="0.009" />
  <testcase classname="ptolemy.util.test.junit.AutoTests" name="[159] /home/travis/build/icyphy/ptII/ptolemy/actor/lib/test/auto/Expression18.xml (RunModel)" time="0.013" />
  <testcase classname="ptolemy.util.test.junit.AutoTests" name="[160] /home/travis/build/icyphy/ptII/ptolemy/actor/lib/test/auto/Expression2.xml (RunModel)" time="0.013" />
  <testcase classname="ptolemy.util.test.junit.AutoTests" name="[161] /home/travis/build/icyphy/ptII/ptolemy/actor/lib/test/auto/Expression3.xml (RunModel)" time="0.013" />
  <testcase classname="ptolemy.util.test.junit.AutoTests" name="[162] /home/travis/build/icyphy/ptII/ptolemy/actor/lib/test/auto/Expression4.xml (RunModel)" time="0.028" />
  <testcase classname="ptolemy.util.test.junit.AutoTests" name="[163] /home/travis/build/icyphy/ptII/ptolemy/actor/lib/test/auto/Expression5.xml (RunModel)" time="0.014" />
  <testcase classname="ptolemy.util.test.junit.AutoTests" name="[164] /home/travis/build/icyphy/ptII/ptolemy/actor/lib/test/auto/Expression6.xml (RunModel)" time="0.009" />
  <testcase classname="ptolemy.util.test.junit.AutoTests" name="[165] /home/travis/build/icyphy/ptII/ptolemy/actor/lib/test/auto/Expression7.xml (RunModel)" time="0.012" />
  <testcase classname="ptolemy.util.test.junit.AutoTests" name="[166] /home/travis/build/icyphy/ptII/ptolemy/actor/lib/test/auto/Expression8.xml (RunModel)" time="0.018" />
  <testcase classname="ptolemy.util.test.junit.AutoTests" name="[167] /home/travis/build/icyphy/ptII/ptolemy/actor/lib/test/auto/Expression9.xml (RunModel)" time="0.007" />
  <testcase classname="ptolemy.util.test.junit.AutoTests" name="[168] /home/travis/build/icyphy/ptII/ptolemy/actor/lib/test/auto/ExpressionConcatenateArrayType.xml (RunModel)" time="0.027" />
  <testcase classname="ptolemy.util.test.junit.AutoTests" name="[169] /home/travis/build/icyphy/ptII/ptolemy/actor/lib/test/auto/ExpressionConcatenateArrayType2.xml (RunModel)" time="0.018" />
  <testcase classname="ptolemy.util.test.junit.AutoTests" name="[170] /home/travis/build/icyphy/ptII/ptolemy/actor/lib/test/auto/ExpressionFix.xml (RunModel)" time="0.043" />
  <testcase classname="ptolemy.util.test.junit.AutoTests" name="[171] /home/travis/build/icyphy/ptII/ptolemy/actor/lib/test/auto/ExpressionFix2.xml (RunModel)" time="0.012" />
  <testcase classname="ptolemy.util.test.junit.AutoTests" name="[172] /home/travis/build/icyphy/ptII/ptolemy/actor/lib/test/auto/ExpressionFix3.xml (RunModel)" time="0.012" />
  <testcase classname="ptolemy.util.test.junit.AutoTests" name="[173] /home/travis/build/icyphy/ptII/ptolemy/actor/lib/test/auto/FileWriter1.xml (RunModel)" time="0.01" />
  <testcase classname="ptolemy.util.test.junit.AutoTests" name="[174] /home/travis/build/icyphy/ptII/ptolemy/actor/lib/test/auto/FileWriter2.xml (RunModel)" time="0.012" />
  <testcase classname="ptolemy.util.test.junit.AutoTests" name="[175] /home/travis/build/icyphy/ptII/ptolemy/actor/lib/test/auto/FileWriter3.xml (RunModel)" time="0.012" />
  <testcase classname="ptolemy.util.test.junit.AutoTests" name="[176] /home/travis/build/icyphy/ptII/ptolemy/actor/lib/test/auto/Gaussian.xml (RunModel)" time="0.012" />
  <testcase classname="ptolemy.util.test.junit.AutoTests" name="[177] /home/travis/build/icyphy/ptII/ptolemy/actor/lib/test/auto/Gaussian1.xml (RunModel)" time="0.018" />
  <testcase classname="ptolemy.util.test.junit.AutoTests" name="[178] /home/travis/build/icyphy/ptII/ptolemy/actor/lib/test/auto/Gaussian2.xml (RunModel)" time="0.018" />
  <testcase classname="ptolemy.util.test.junit.AutoTests" name="[179] /home/travis/build/icyphy/ptII/ptolemy/actor/lib/test/auto/GradientAdaptiveLattice.xml (RunModel)" time="0.016" />
  <testcase classname="ptolemy.util.test.junit.AutoTests" name="[180] /home/travis/build/icyphy/ptII/ptolemy/actor/lib/test/auto/IIR.xml (RunModel)" time="0.01" />
  <testcase classname="ptolemy.util.test.junit.AutoTests" name="[181] /home/travis/build/icyphy/ptII/ptolemy/actor/lib/test/auto/InputOutputTransparentPorts.xml (RunModel)" time="0.016" />
  <testcase classname="ptolemy.util.test.junit.AutoTests" name="[182] /home/travis/build/icyphy/ptII/ptolemy/actor/lib/test/auto/Interpolator.xml (RunModel)" time="0.011" />
  <testcase classname="ptolemy.util.test.junit.AutoTests" name="[183] /home/travis/build/icyphy/ptII/ptolemy/actor/lib/test/auto/InterpolatorFiringLimitDE.xml (RunModel)" time="0.013" />
  <testcase classname="ptolemy.util.test.junit.AutoTests" name="[184] /home/travis/build/icyphy/ptII/ptolemy/actor/lib/test/auto/Lattice.xml (RunModel)" time="0.01" />
  <testcase classname="ptolemy.util.test.junit.AutoTests" name="[185] /home/travis/build/icyphy/ptII/ptolemy/actor/lib/test/auto/LazyAOCTestLazy.xml (RunModel)" time="0.047" />
  <testcase classname="ptolemy.util.test.junit.AutoTests" name="[186] /home/travis/build/icyphy/ptII/ptolemy/actor/lib/test/auto/LazyAOCTestNonLazy.xml (RunModel)" time="0.035" />
  <testcase classname="ptolemy.util.test.junit.AutoTests" name="[187] /home/travis/build/icyphy/ptII/ptolemy/actor/lib/test/auto/LazyInnerClass.xml (RunModel)" time="0.045" />
  <testcase classname="ptolemy.util.test.junit.AutoTests" name="[188] /home/travis/build/icyphy/ptII/ptolemy/actor/lib/test/auto/LazyPubSub.xml (RunModel)" time="0.061" />
  <testcase classname="ptolemy.util.test.junit.AutoTests" name="[189] /home/travis/build/icyphy/ptII/ptolemy/actor/lib/test/auto/LazyPubSub2.xml (RunModel)" time="0.049" />
  <testcase classname="ptolemy.util.test.junit.AutoTests" name="[190] /home/travis/build/icyphy/ptII/ptolemy/actor/lib/test/auto/LazyPubSub3.xml (RunModel)" time="0.029" />
  <testcase classname="ptolemy.util.test.junit.AutoTests" name="[191] /home/travis/build/icyphy/ptII/ptolemy/actor/lib/test/auto/LazySubClassModel.xml (RunModel)" time="0.02" />
  <testcase classname="ptolemy.util.test.junit.AutoTests" name="[192] /home/travis/build/icyphy/ptII/ptolemy/actor/lib/test/auto/LevelCrossTest1.xml (RunModel)" time="0.011" />
  <testcase classname="ptolemy.util.test.junit.AutoTests" name="[193] /home/travis/build/icyphy/ptII/ptolemy/actor/lib/test/auto/LevelCrossTest10.xml (RunModel)" time="0.014" />
  <testcase classname="ptolemy.util.test.junit.AutoTests" name="[194] /home/travis/build/icyphy/ptII/ptolemy/actor/lib/test/auto/LevelCrossTest11.xml (RunModel)" time="0.014" />
  <testcase classname="ptolemy.util.test.junit.AutoTests" name="[195] /home/travis/build/icyphy/ptII/ptolemy/actor/lib/test/auto/LevelCrossTest12.xml (RunModel)" time="0.017" />
  <testcase classname="ptolemy.util.test.junit.AutoTests" name="[196] /home/travis/build/icyphy/ptII/ptolemy/actor/lib/test/auto/LevelCrossTest13.xml (RunModel)" time="0.012" />
  <testcase classname="ptolemy.util.test.junit.AutoTests" name="[197] /home/travis/build/icyphy/ptII/ptolemy/actor/lib/test/auto/LevelCrossTest2.xml (RunModel)" time="0.009" />
  <testcase classname="ptolemy.util.test.junit.AutoTests" name="[198] /home/travis/build/icyphy/ptII/ptolemy/actor/lib/test/auto/LevelCrossTest3.xml (RunModel)" time="0.011" />
  <testcase classname="ptolemy.util.test.junit.AutoTests" name="[199] /home/travis/build/icyphy/ptII/ptolemy/actor/lib/test/auto/LevelCrossTest4.xml (RunModel)" time="0.01" />
  <testcase classname="ptolemy.util.test.junit.AutoTests" name="[200] /home/travis/build/icyphy/ptII/ptolemy/actor/lib/test/auto/LevelCrossTest5.xml (RunModel)" time="0.012" />
  <testcase classname="ptolemy.util.test.junit.AutoTests" name="[201] /home/travis/build/icyphy/ptII/ptolemy/actor/lib/test/auto/LevelCrossTest6.xml (RunModel)" time="0.014" />
  <testcase classname="ptolemy.util.test.junit.AutoTests" name="[202] /home/travis/build/icyphy/ptII/ptolemy/actor/lib/test/auto/LevelCrossTest7.xml (RunModel)" time="0.017" />
  <testcase classname="ptolemy.util.test.junit.AutoTests" name="[203] /home/travis/build/icyphy/ptII/ptolemy/actor/lib/test/auto/LevelCrossTest8.xml (RunModel)" time="0.013" />
  <testcase classname="ptolemy.util.test.junit.AutoTests" name="[204] /home/travis/build/icyphy/ptII/ptolemy/actor/lib/test/auto/LevelCrossTest9.xml (RunModel)" time="0.013" />
  <testcase classname="ptolemy.util.test.junit.AutoTests" name="[205] /home/travis/build/icyphy/ptII/ptolemy/actor/lib/test/auto/LevinsonDurbin.xml (RunModel)" time="0.008" />
  <testcase classname="ptolemy.util.test.junit.AutoTests" name="[206] /home/travis/build/icyphy/ptII/ptolemy/actor/lib/test/auto/LevinsonDurbin2.xml (RunModel)" time="0.007" />
  <testcase classname="ptolemy.util.test.junit.AutoTests" name="[207] /home/travis/build/icyphy/ptII/ptolemy/actor/lib/test/auto/LevinsonDurbin3.xml (RunModel)" time="0.011" />
  <testcase classname="ptolemy.util.test.junit.AutoTests" name="[208] /home/travis/build/icyphy/ptII/ptolemy/actor/lib/test/auto/Limiter.xml (RunModel)" time="0.035" />
  <testcase classname="ptolemy.util.test.junit.AutoTests" name="[209] /home/travis/build/icyphy/ptII/ptolemy/actor/lib/test/auto/LinearDifferenceEquationSystem.xml (RunModel)" time="0.021" />
  <testcase classname="ptolemy.util.test.junit.AutoTests" name="[210] /home/travis/build/icyphy/ptII/ptolemy/actor/lib/test/auto/LookupTable.xml (RunModel)" time="0.015" />
  <testcase classname="ptolemy.util.test.junit.AutoTests" name="[211] /home/travis/build/icyphy/ptII/ptolemy/actor/lib/test/auto/MathFunction.xml (RunModel)" time="0.029" />
  <testcase classname="ptolemy.util.test.junit.AutoTests" name="[212] /home/travis/build/icyphy/ptII/ptolemy/actor/lib/test/auto/MathFunction2.xml (RunModel)" time="0.014" />
  <testcase classname="ptolemy.util.test.junit.AutoTests" name="[213] /home/travis/build/icyphy/ptII/ptolemy/actor/lib/test/auto/MathFunction3.xml (RunModel)" time="0.021" />
  <testcase classname="ptolemy.util.test.junit.AutoTests" name="[214] /home/travis/build/icyphy/ptII/ptolemy/actor/lib/test/auto/MatrixCropBoolean.xml (RunModel)" time="0.016" />
  <testcase classname="ptolemy.util.test.junit.AutoTests" name="[215] /home/travis/build/icyphy/ptII/ptolemy/actor/lib/test/auto/MatrixCropComplex.xml (RunModel)" time="0.009" />
  <testcase classname="ptolemy.util.test.junit.AutoTests" name="[216] /home/travis/build/icyphy/ptII/ptolemy/actor/lib/test/auto/MatrixCropDouble.xml (RunModel)" time="0.011" />
  <testcase classname="ptolemy.util.test.junit.AutoTests" name="[217] /home/travis/build/icyphy/ptII/ptolemy/actor/lib/test/auto/MatrixCropFix.xml (RunModel)" time="0.013" />
  <testcase classname="ptolemy.util.test.junit.AutoTests" name="[218] /home/travis/build/icyphy/ptII/ptolemy/actor/lib/test/auto/MatrixCropInt.xml (RunModel)" time="0.009" />
  <testcase classname="ptolemy.util.test.junit.AutoTests" name="[219] /home/travis/build/icyphy/ptII/ptolemy/actor/lib/test/auto/MatrixCropLong.xml (RunModel)" time="0.009" />
  <testcase classname="ptolemy.util.test.junit.AutoTests" name="[220] /home/travis/build/icyphy/ptII/ptolemy/actor/lib/test/auto/MatrixToArray.xml (RunModel)" time="0.047" />
  <testcase classname="ptolemy.util.test.junit.AutoTests" name="[221] /home/travis/build/icyphy/ptII/ptolemy/actor/lib/test/auto/MaxIndex.xml (RunModel)" time="0.013" />
  <testcase classname="ptolemy.util.test.junit.AutoTests" name="[222] /home/travis/build/icyphy/ptII/ptolemy/actor/lib/test/auto/Maximum.xml (RunModel)" time="0.013" />
  <testcase classname="ptolemy.util.test.junit.AutoTests" name="[223] /home/travis/build/icyphy/ptII/ptolemy/actor/lib/test/auto/MaximumComplex.xml (RunModel)" time="0.014" />
  <testcase classname="ptolemy.util.test.junit.AutoTests" name="[224] /home/travis/build/icyphy/ptII/ptolemy/actor/lib/test/auto/MethodCallTest.xml (RunModel)" time="0.019" />
  <testcase classname="ptolemy.util.test.junit.AutoTests" name="[225] /home/travis/build/icyphy/ptII/ptolemy/actor/lib/test/auto/Minimum.xml (RunModel)" time="0.013" />
  <testcase classname="ptolemy.util.test.junit.AutoTests" name="[226] /home/travis/build/icyphy/ptII/ptolemy/actor/lib/test/auto/MinimumComplex.xml (RunModel)" time="0.024" />
  <testcase classname="ptolemy.util.test.junit.AutoTests" name="[227] /home/travis/build/icyphy/ptII/ptolemy/actor/lib/test/auto/MinimumMultiports.xml (RunModel)" time="0.015" />
  <testcase classname="ptolemy.util.test.junit.AutoTests" name="[228] /home/travis/build/icyphy/ptII/ptolemy/actor/lib/test/auto/ModifyDate.xml (RunModel)" time="0.038" />
  <testcase classname="ptolemy.util.test.junit.AutoTests" name="[229] /home/travis/build/icyphy/ptII/ptolemy/actor/lib/test/auto/ModifyDate2.xml (RunModel)" time="0.029" />
  <testcase classname="ptolemy.util.test.junit.AutoTests" name="[230] /home/travis/build/icyphy/ptII/ptolemy/actor/lib/test/auto/MovingAverage.xml (RunModel)" time="0.012" />
  <testcase classname="ptolemy.util.test.junit.AutoTests" name="[231] /home/travis/build/icyphy/ptII/ptolemy/actor/lib/test/auto/MovingMaximum.xml (RunModel)" time="0.01" />
  <testcase classname="ptolemy.util.test.junit.AutoTests" name="[232] /home/travis/build/icyphy/ptII/ptolemy/actor/lib/test/auto/MultipleLinksToSameRelation.xml (RunModel)" time="0.006" />
  <testcase classname="ptolemy.util.test.junit.AutoTests" name="[233] /home/travis/build/icyphy/ptII/ptolemy/actor/lib/test/auto/MultipleLinksToSameRelationDE.xml (RunModel)" time="0.007" />
  <testcase classname="ptolemy.util.test.junit.AutoTests" name="[234] /home/travis/build/icyphy/ptII/ptolemy/actor/lib/test/auto/Multiplexor.xml (RunModel)" time="0.018" />
  <testcase classname="ptolemy.util.test.junit.AutoTests" name="[235] /home/travis/build/icyphy/ptII/ptolemy/actor/lib/test/auto/Multiplexor1.xml (RunModel)" time="0.009" />
  <testcase classname="ptolemy.util.test.junit.AutoTests" name="[236] /home/travis/build/icyphy/ptII/ptolemy/actor/lib/test/auto/Multiplexor2.xml (RunModel)" time="0.011" />
  <testcase classname="ptolemy.util.test.junit.AutoTests" name="[237] /home/travis/build/icyphy/ptII/ptolemy/actor/lib/test/auto/Multiplexor3.xml (RunModel)" time="0.009" />
  <testcase classname="ptolemy.util.test.junit.AutoTests" name="[238] /home/travis/build/icyphy/ptII/ptolemy/actor/lib/test/auto/MultiplexorDE.xml (RunModel)" time="0.053" />
  <testcase classname="ptolemy.util.test.junit.AutoTests" name="[239] /home/travis/build/icyphy/ptII/ptolemy/actor/lib/test/auto/MultiportBroadcastTest.xml (RunModel)" time="0.094" />
  <testcase classname="ptolemy.util.test.junit.AutoTests" name="[240] /home/travis/build/icyphy/ptII/ptolemy/actor/lib/test/auto/MultiportOutHangDuringGetWidth.xml (RunModel)" time="0.038" />
  <testcase classname="ptolemy.util.test.junit.AutoTests" name="[241] /home/travis/build/icyphy/ptII/ptolemy/actor/lib/test/auto/NilToken.xml (RunModel)" time="0.006" />
  <testcase classname="ptolemy.util.test.junit.AutoTests" name="[242] /home/travis/build/icyphy/ptII/ptolemy/actor/lib/test/auto/NilTokenNonStrictTest.xml (RunModel)" time="0.009" />
  <testcase classname="ptolemy.util.test.junit.AutoTests" name="[243] /home/travis/build/icyphy/ptII/ptolemy/actor/lib/test/auto/NilTokenRecord.xml (RunModel)" time="0.017" />
  <testcase classname="ptolemy.util.test.junit.AutoTests" name="[244] /home/travis/build/icyphy/ptII/ptolemy/actor/lib/test/auto/NilTokenTypeTest.xml (RunModel)" time="0.032" />
  <testcase classname="ptolemy.util.test.junit.AutoTests" name="[245] /home/travis/build/icyphy/ptII/ptolemy/actor/lib/test/auto/ObjectToken1.xml (RunModel)" time="0.017" />
  <testcase classname="ptolemy.util.test.junit.AutoTests" name="[246] /home/travis/build/icyphy/ptII/ptolemy/actor/lib/test/auto/OrderedMerge.xml (RunModel)" time="0.017" />
  <testcase classname="ptolemy.util.test.junit.AutoTests" name="[247] /home/travis/build/icyphy/ptII/ptolemy/actor/lib/test/auto/OrderedRecordDisassembler.xml (RunModel)" time="0.02" />
  <testcase classname="ptolemy.util.test.junit.AutoTests" name="[248] /home/travis/build/icyphy/ptII/ptolemy/actor/lib/test/auto/OrderedRecordDisassembler2.xml (RunModel)" time="0.02" />
  <testcase classname="ptolemy.util.test.junit.AutoTests" name="[249] /home/travis/build/icyphy/ptII/ptolemy/actor/lib/test/auto/OrderedRecordUpdater.xml (RunModel)" time="0.011" />
  <testcase classname="ptolemy.util.test.junit.AutoTests" name="[250] /home/travis/build/icyphy/ptII/ptolemy/actor/lib/test/auto/OrderedRecordUpdater2.xml (RunModel)" time="0.017" />
  <testcase classname="ptolemy.util.test.junit.AutoTests" name="[251] /home/travis/build/icyphy/ptII/ptolemy/actor/lib/test/auto/PhaseUnwrap.xml (RunModel)" time="0.012" />
  <testcase classname="ptolemy.util.test.junit.AutoTests" name="[252] /home/travis/build/icyphy/ptII/ptolemy/actor/lib/test/auto/PoissonClock.xml (RunModel)" time="0.01" />
  <testcase classname="ptolemy.util.test.junit.AutoTests" name="[253] /home/travis/build/icyphy/ptII/ptolemy/actor/lib/test/auto/PoissonClock2.xml (RunModel)" time="0.007" />
  <testcase classname="ptolemy.util.test.junit.AutoTests" name="[254] /home/travis/build/icyphy/ptII/ptolemy/actor/lib/test/auto/PoissonClock3.xml (RunModel)" time="0.024" />
  <testcase classname="ptolemy.util.test.junit.AutoTests" name="[255] /home/travis/build/icyphy/ptII/ptolemy/actor/lib/test/auto/PubSubWithInitialTokens.xml (RunModel)" time="0.012" />
  <testcase classname="ptolemy.util.test.junit.AutoTests" name="[256] /home/travis/build/icyphy/ptII/ptolemy/actor/lib/test/auto/PubSubWithInitialTokens2.xml (RunModel)" time="0.012" />
  <testcase classname="ptolemy.util.test.junit.AutoTests" name="[257] /home/travis/build/icyphy/ptII/ptolemy/actor/lib/test/auto/PublisherClassNoParameter.xml (RunModel)" time="0.022" />
  <testcase classname="ptolemy.util.test.junit.AutoTests" name="[258] /home/travis/build/icyphy/ptII/ptolemy/actor/lib/test/auto/PublisherClassParameter.xml (RunModel)" time="0.019" />
  <testcase classname="ptolemy.util.test.junit.AutoTests" name="[259] /home/travis/build/icyphy/ptII/ptolemy/actor/lib/test/auto/PublisherNonStrictTest.xml (RunModel)" time="0.013" />
  <testcase classname="ptolemy.util.test.junit.AutoTests" name="[260] /home/travis/build/icyphy/ptII/ptolemy/actor/lib/test/auto/PublisherPort1.xml (RunModel)" time="0.021" />
  <testcase classname="ptolemy.util.test.junit.AutoTests" name="[261] /home/travis/build/icyphy/ptII/ptolemy/actor/lib/test/auto/PublisherPort2.xml (RunModel)" time="0.008" />
  <testcase classname="ptolemy.util.test.junit.AutoTests" name="[262] /home/travis/build/icyphy/ptII/ptolemy/actor/lib/test/auto/PublisherPort3.xml (RunModel)" time="0.01" />
  <testcase classname="ptolemy.util.test.junit.AutoTests" name="[263] /home/travis/build/icyphy/ptII/ptolemy/actor/lib/test/auto/PublisherPort4.xml (RunModel)" time="0.01" />
  <testcase classname="ptolemy.util.test.junit.AutoTests" name="[264] /home/travis/build/icyphy/ptII/ptolemy/actor/lib/test/auto/PublisherPort5.xml (RunModel)" time="0.015" />
  <testcase classname="ptolemy.util.test.junit.AutoTests" name="[265] /home/travis/build/icyphy/ptII/ptolemy/actor/lib/test/auto/PublisherPort5LookAlike.xml (RunModel)" time="0.019" />
  <testcase classname="ptolemy.util.test.junit.AutoTests" name="[266] /home/travis/build/icyphy/ptII/ptolemy/actor/lib/test/auto/PublisherPort6.xml (RunModel)" time="0.012" />
  <testcase classname="ptolemy.util.test.junit.AutoTests" name="[267] /home/travis/build/icyphy/ptII/ptolemy/actor/lib/test/auto/PublisherPort7.xml (RunModel)" time="0.015" />
  <testcase classname="ptolemy.util.test.junit.AutoTests" name="[268] /home/travis/build/icyphy/ptII/ptolemy/actor/lib/test/auto/PublisherPort8.xml (RunModel)" time="0.014" />
  <testcase classname="ptolemy.util.test.junit.AutoTests" name="[269] /home/travis/build/icyphy/ptII/ptolemy/actor/lib/test/auto/PublisherPortSubscriberChannelVariablesAOC2.xml (RunModel)" time="0.029" />
  <testcase classname="ptolemy.util.test.junit.AutoTests" name="[270] /home/travis/build/icyphy/ptII/ptolemy/actor/lib/test/auto/PublisherPortSubscriberOpaqueWidthInference.xml (RunModel)" time="0.013" />
  <testcase classname="ptolemy.util.test.junit.AutoTests" name="[271] /home/travis/build/icyphy/ptII/ptolemy/actor/lib/test/auto/PublisherPortSubscriberPortAdjacent.xml (RunModel)" time="0.016" />
  <testcase classname="ptolemy.util.test.junit.AutoTests" name="[272] /home/travis/build/icyphy/ptII/ptolemy/actor/lib/test/auto/PublisherPortSubscriberPortExpression.xml (RunModel)" time="0.023" />
  <testcase classname="ptolemy.util.test.junit.AutoTests" name="[273] /home/travis/build/icyphy/ptII/ptolemy/actor/lib/test/auto/PublisherPortSubscriberPortOpaqueD3Reverse.xml (RunModel)" time="0.042" />
  <testcase classname="ptolemy.util.test.junit.AutoTests" name="[274] /home/travis/build/icyphy/ptII/ptolemy/actor/lib/test/auto/PublisherPortSubscriberPortOpaqueWidthInference.xml (RunModel)" time="0.017" />
  <testcase classname="ptolemy.util.test.junit.AutoTests" name="[275] /home/travis/build/icyphy/ptII/ptolemy/actor/lib/test/auto/PublisherPortToplevelSubscriberPortAOC.xml (RunModel)" time="0.009" />
  <testcase classname="ptolemy.util.test.junit.AutoTests" name="[276] /home/travis/build/icyphy/ptII/ptolemy/actor/lib/test/auto/PublisherSubscriber.xml (RunModel)" time="0.01" />
  <testcase classname="ptolemy.util.test.junit.AutoTests" name="[277] /home/travis/build/icyphy/ptII/ptolemy/actor/lib/test/auto/PublisherSubscriber10.xml (RunModel)" time="0.022" />
  <testcase classname="ptolemy.util.test.junit.AutoTests" name="[278] /home/travis/build/icyphy/ptII/ptolemy/actor/lib/test/auto/PublisherSubscriber10InitialOutputs.xml (RunModel)" time="0.027" />
  <testcase classname="ptolemy.util.test.junit.AutoTests" name="[279] /home/travis/build/icyphy/ptII/ptolemy/actor/lib/test/auto/PublisherSubscriber11.xml (RunModel)" time="0.013" />
  <testcase classname="ptolemy.util.test.junit.AutoTests" name="[280] /home/travis/build/icyphy/ptII/ptolemy/actor/lib/test/auto/PublisherSubscriber12.xml (RunModel)" time="0.012" />
  <testcase classname="ptolemy.util.test.junit.AutoTests" name="[281] /home/travis/build/icyphy/ptII/ptolemy/actor/lib/test/auto/PublisherSubscriber13.xml (RunModel)" time="0.008" />
  <testcase classname="ptolemy.util.test.junit.AutoTests" name="[282] /home/travis/build/icyphy/ptII/ptolemy/actor/lib/test/auto/PublisherSubscriber14.xml (RunModel)" time="0.017" />
  <testcase classname="ptolemy.util.test.junit.AutoTests" name="[283] /home/travis/build/icyphy/ptII/ptolemy/actor/lib/test/auto/PublisherSubscriber2.xml (RunModel)" time="0.01" />
  <testcase classname="ptolemy.util.test.junit.AutoTests" name="[284] /home/travis/build/icyphy/ptII/ptolemy/actor/lib/test/auto/PublisherSubscriber3.xml (RunModel)" time="0.008" />
  <testcase classname="ptolemy.util.test.junit.AutoTests" name="[285] /home/travis/build/icyphy/ptII/ptolemy/actor/lib/test/auto/PublisherSubscriber4.xml (RunModel)" time="0.008" />
  <testcase classname="ptolemy.util.test.junit.AutoTests" name="[286] /home/travis/build/icyphy/ptII/ptolemy/actor/lib/test/auto/PublisherSubscriber5.xml (RunModel)" time="0.01" />
  <testcase classname="ptolemy.util.test.junit.AutoTests" name="[287] /home/travis/build/icyphy/ptII/ptolemy/actor/lib/test/auto/PublisherSubscriber6.xml (RunModel)" time="0.012" />
  <testcase classname="ptolemy.util.test.junit.AutoTests" name="[288] /home/travis/build/icyphy/ptII/ptolemy/actor/lib/test/auto/PublisherSubscriber7.xml (RunModel)" time="0.015" />
  <testcase classname="ptolemy.util.test.junit.AutoTests" name="[289] /home/travis/build/icyphy/ptII/ptolemy/actor/lib/test/auto/PublisherSubscriber8.xml (RunModel)" time="0.025" />
  <testcase classname="ptolemy.util.test.junit.AutoTests" name="[290] /home/travis/build/icyphy/ptII/ptolemy/actor/lib/test/auto/PublisherSubscriber9.xml (RunModel)" time="0.016" />
  <testcase classname="ptolemy.util.test.junit.AutoTests" name="[291] /home/travis/build/icyphy/ptII/ptolemy/actor/lib/test/auto/PublisherSubscriberAdjacent.xml (RunModel)" time="0.013" />
  <testcase classname="ptolemy.util.test.junit.AutoTests" name="[292] /home/travis/build/icyphy/ptII/ptolemy/actor/lib/test/auto/PublisherSubscriberChannelVariablesAOC2.xml (RunModel)" time="0.025" />
  <testcase classname="ptolemy.util.test.junit.AutoTests" name="[293] /home/travis/build/icyphy/ptII/ptolemy/actor/lib/test/auto/PublisherSubscriberD3.xml (RunModel)" time="0.011" />
  <testcase classname="ptolemy.util.test.junit.AutoTests" name="[294] /home/travis/build/icyphy/ptII/ptolemy/actor/lib/test/auto/PublisherSubscriberD3Reverse.xml (RunModel)" time="0.011" />
  <testcase classname="ptolemy.util.test.junit.AutoTests" name="[295] /home/travis/build/icyphy/ptII/ptolemy/actor/lib/test/auto/PublisherSubscriberExpression.xml (RunModel)" time="0.015" />
  <testcase classname="ptolemy.util.test.junit.AutoTests" name="[296] /home/travis/build/icyphy/ptII/ptolemy/actor/lib/test/auto/PublisherSubscriberOpaque.xml (RunModel)" time="0.014" />
  <testcase classname="ptolemy.util.test.junit.AutoTests" name="[297] /home/travis/build/icyphy/ptII/ptolemy/actor/lib/test/auto/PublisherSubscriberOpaqueD3.xml (RunModel)" time="0.022" />
  <testcase classname="ptolemy.util.test.junit.AutoTests" name="[298] /home/travis/build/icyphy/ptII/ptolemy/actor/lib/test/auto/PublisherSubscriberOpaqueD3Reverse.xml (RunModel)" time="0.02" />
  <testcase classname="ptolemy.util.test.junit.AutoTests" name="[299] /home/travis/build/icyphy/ptII/ptolemy/actor/lib/test/auto/PublisherSubscriberOpaqueWidthInference.xml (RunModel)" time="0.015" />
  <testcase classname="ptolemy.util.test.junit.AutoTests" name="[300] /home/travis/build/icyphy/ptII/ptolemy/actor/lib/test/auto/PublisherTestSubscriber.xml (RunModel)" time="0.014" />
  <testcase classname="ptolemy.util.test.junit.AutoTests" name="[301] /home/travis/build/icyphy/ptII/ptolemy/actor/lib/test/auto/PublisherToplevelSubscriberPortAOC.xml (RunModel)" time="0.01" />
  <testcase classname="ptolemy.util.test.junit.AutoTests" name="[302] /home/travis/build/icyphy/ptII/ptolemy/actor/lib/test/auto/PulseFiringLimitDE.xml (RunModel)" time="0.013" />
  <testcase classname="ptolemy.util.test.junit.AutoTests" name="[303] /home/travis/build/icyphy/ptII/ptolemy/actor/lib/test/auto/Ramp1.xml (RunModel)" time="0.006" />
  <testcase classname="ptolemy.util.test.junit.AutoTests" name="[304] /home/travis/build/icyphy/ptII/ptolemy/actor/lib/test/auto/RampFiringLimitDE.xml (RunModel)" time="0.01" />
  <testcase classname="ptolemy.util.test.junit.AutoTests" name="[305] /home/travis/build/icyphy/ptII/ptolemy/actor/lib/test/auto/RampFiringLimitSDF.xml (RunModel)" time="0.008" />
  <testcase classname="ptolemy.util.test.junit.AutoTests" name="[306] /home/travis/build/icyphy/ptII/ptolemy/actor/lib/test/auto/RandomInteger.xml (RunModel)" time="0.007" />
  <testcase classname="ptolemy.util.test.junit.AutoTests" name="[307] /home/travis/build/icyphy/ptII/ptolemy/actor/lib/test/auto/ReadFile1.xml (RunModel)" time="0.006" />
  <testcase classname="ptolemy.util.test.junit.AutoTests" name="[308] /home/travis/build/icyphy/ptII/ptolemy/actor/lib/test/auto/ReadFile2.xml (RunModel)" time="0.009" />
  <testcase classname="ptolemy.util.test.junit.AutoTests" name="[309] /home/travis/build/icyphy/ptII/ptolemy/actor/lib/test/auto/Reader.xml (RunModel)" time="0.011" />
  <testcase classname="ptolemy.util.test.junit.AutoTests" name="[310] /home/travis/build/icyphy/ptII/ptolemy/actor/lib/test/auto/RecordAssemblerDisplayNameTest.xml (RunModel)" time="3.206" />
  <testcase classname="ptolemy.util.test.junit.AutoTests" name="[311] /home/travis/build/icyphy/ptII/ptolemy/actor/lib/test/auto/RecordAssemblerTypeError.xml (RunModel)" time="0.038" />
  <testcase classname="ptolemy.util.test.junit.AutoTests" name="[312] /home/travis/build/icyphy/ptII/ptolemy/actor/lib/test/auto/RecordDisassember.xml (RunModel)" time="0.018" />
  <testcase classname="ptolemy.util.test.junit.AutoTests" name="[313] /home/travis/build/icyphy/ptII/ptolemy/actor/lib/test/auto/RecordDisassemberDisplayNameTest.xml (RunModel)" time="0.021" />
  <testcase classname="ptolemy.util.test.junit.AutoTests" name="[314] /home/travis/build/icyphy/ptII/ptolemy/actor/lib/test/auto/RecordDisassembler.xml (RunModel)" time="0.009" />
  <testcase classname="ptolemy.util.test.junit.AutoTests" name="[315] /home/travis/build/icyphy/ptII/ptolemy/actor/lib/test/auto/RecordDisassembler2.xml (RunModel)" time="0.01" />
  <testcase classname="ptolemy.util.test.junit.AutoTests" name="[316] /home/travis/build/icyphy/ptII/ptolemy/actor/lib/test/auto/RecordUpdater.xml (RunModel)" time="0.008" />
  <testcase classname="ptolemy.util.test.junit.AutoTests" name="[317] /home/travis/build/icyphy/ptII/ptolemy/actor/lib/test/auto/RecordUpdater2.xml (RunModel)" time="0.008" />
  <testcase classname="ptolemy.util.test.junit.AutoTests" name="[318] /home/travis/build/icyphy/ptII/ptolemy/actor/lib/test/auto/RecursiveLattice.xml (RunModel)" time="0.008" />
  <testcase classname="ptolemy.util.test.junit.AutoTests" name="[319] /home/travis/build/icyphy/ptII/ptolemy/actor/lib/test/auto/Router.xml (RunModel)" time="3.024" />
  <testcase classname="ptolemy.util.test.junit.AutoTests" name="[320] /home/travis/build/icyphy/ptII/ptolemy/actor/lib/test/auto/Router2.xml (RunModel)" time="3.034" />
  <testcase classname="ptolemy.util.test.junit.AutoTests" name="[321] /home/travis/build/icyphy/ptII/ptolemy/actor/lib/test/auto/RunningMaximum.xml (RunModel)" time="0.018" />
  <testcase classname="ptolemy.util.test.junit.AutoTests" name="[322] /home/travis/build/icyphy/ptII/ptolemy/actor/lib/test/auto/RunningMinimum.xml (RunModel)" time="0.019" />
  <testcase classname="ptolemy.util.test.junit.AutoTests" name="[323] /home/travis/build/icyphy/ptII/ptolemy/actor/lib/test/auto/Scale.xml (RunModel)" time="0.025" />
  <testcase classname="ptolemy.util.test.junit.AutoTests" name="[324] /home/travis/build/icyphy/ptII/ptolemy/actor/lib/test/auto/Scale2.xml (RunModel)" time="0.016" />
  <testcase classname="ptolemy.util.test.junit.AutoTests" name="[325] /home/travis/build/icyphy/ptII/ptolemy/actor/lib/test/auto/Scale3.xml (RunModel)" time="0.013" />
  <testcase classname="ptolemy.util.test.junit.AutoTests" name="[326] /home/travis/build/icyphy/ptII/ptolemy/actor/lib/test/auto/ScaleArray.xml (RunModel)" time="0.014" />
  <testcase classname="ptolemy.util.test.junit.AutoTests" name="[327] /home/travis/build/icyphy/ptII/ptolemy/actor/lib/test/auto/ScaleArray2.xml (RunModel)" time="0.009" />
  <testcase classname="ptolemy.util.test.junit.AutoTests" name="[328] /home/travis/build/icyphy/ptII/ptolemy/actor/lib/test/auto/ScaleMatrix.xml (RunModel)" time="0.148" />
  <testcase classname="ptolemy.util.test.junit.AutoTests" name="[329] /home/travis/build/icyphy/ptII/ptolemy/actor/lib/test/auto/Select.xml (RunModel)" time="0.013" />
  <testcase classname="ptolemy.util.test.junit.AutoTests" name="[330] /home/travis/build/icyphy/ptII/ptolemy/actor/lib/test/auto/Select2.xml (RunModel)" time="0.008" />
  <testcase classname="ptolemy.util.test.junit.AutoTests" name="[331] /home/travis/build/icyphy/ptII/ptolemy/actor/lib/test/auto/SequenceToArray2.xml (RunModel)" time="0.129" />
  <testcase classname="ptolemy.util.test.junit.AutoTests" name="[332] /home/travis/build/icyphy/ptII/ptolemy/actor/lib/test/auto/SequentialClock.xml (RunModel)" time="0.007" />
  <testcase classname="ptolemy.util.test.junit.AutoTests" name="[333] /home/travis/build/icyphy/ptII/ptolemy/actor/lib/test/auto/SetVariable.xml (RunModel)" time="0.009" />
  <testcase classname="ptolemy.util.test.junit.AutoTests" name="[334] /home/travis/build/icyphy/ptII/ptolemy/actor/lib/test/auto/SetVariable2.xml (RunModel)" time="0.009" />
  <testcase classname="ptolemy.util.test.junit.AutoTests" name="[335] /home/travis/build/icyphy/ptII/ptolemy/actor/lib/test/auto/SetVariable3.xml (RunModel)" time="0.019" />
  <testcase classname="ptolemy.util.test.junit.AutoTests" name="[336] /home/travis/build/icyphy/ptII/ptolemy/actor/lib/test/auto/SetVariable4.xml (RunModel)" time="0.023" />
  <testcase classname="ptolemy.util.test.junit.AutoTests" name="[337] /home/travis/build/icyphy/ptII/ptolemy/actor/lib/test/auto/SetVariable5.xml (RunModel)" time="0.05" />
  <testcase classname="ptolemy.util.test.junit.AutoTests" name="[338] /home/travis/build/icyphy/ptII/ptolemy/actor/lib/test/auto/Sinewave.xml (RunModel)" time="0.024" />
  <testcase classname="ptolemy.util.test.junit.AutoTests" name="[339] /home/travis/build/icyphy/ptII/ptolemy/actor/lib/test/auto/Sinewave2.xml (RunModel)" time="0.021" />
  <testcase classname="ptolemy.util.test.junit.AutoTests" name="[340] /home/travis/build/icyphy/ptII/ptolemy/actor/lib/test/auto/Sinewave3.xml (RunModel)" time="0.02" />
  <testcase classname="ptolemy.util.test.junit.AutoTests" name="[341] /home/travis/build/icyphy/ptII/ptolemy/actor/lib/test/auto/SingleEvent.xml (RunModel)" time="0.008" />
  <testcase classname="ptolemy.util.test.junit.AutoTests" name="[342] /home/travis/build/icyphy/ptII/ptolemy/actor/lib/test/auto/Sleep.xml (RunModel)" time="6.021" />
  <testcase classname="ptolemy.util.test.junit.AutoTests" name="[343] /home/travis/build/icyphy/ptII/ptolemy/actor/lib/test/auto/SleepMultipleFire.xml (RunModel)" time="1.046" />
  <testcase classname="ptolemy.util.test.junit.AutoTests" name="[344] /home/travis/build/icyphy/ptII/ptolemy/actor/lib/test/auto/StopDE.xml (RunModel)" time="0.017" />
  <testcase classname="ptolemy.util.test.junit.AutoTests" name="[345] /home/travis/build/icyphy/ptII/ptolemy/actor/lib/test/auto/StopSDF.xml (RunModel)" time="0.013" />
  <testcase classname="ptolemy.util.test.junit.AutoTests" name="[346] /home/travis/build/icyphy/ptII/ptolemy/actor/lib/test/auto/StringConstant.xml (RunModel)" time="0.016" />
  <testcase classname="ptolemy.util.test.junit.AutoTests" name="[347] /home/travis/build/icyphy/ptII/ptolemy/actor/lib/test/auto/SubscriberPortInitialValues1.xml (RunModel)" time="0.019" />
  <testcase classname="ptolemy.util.test.junit.AutoTests" name="[348] /home/travis/build/icyphy/ptII/ptolemy/actor/lib/test/auto/SubscriberPortInitialValues13.xml (RunModel)" time="0.025" />
  <testcase classname="ptolemy.util.test.junit.AutoTests" name="[349] /home/travis/build/icyphy/ptII/ptolemy/actor/lib/test/auto/SubscriberPortInitialValues14.xml (RunModel)" time="0.013" />
  <testcase classname="ptolemy.util.test.junit.AutoTests" name="[350] /home/travis/build/icyphy/ptII/ptolemy/actor/lib/test/auto/SubscriberPortInitialValues2.xml (RunModel)" time="0.014" />
  <testcase classname="ptolemy.util.test.junit.AutoTests" name="[351] /home/travis/build/icyphy/ptII/ptolemy/actor/lib/test/auto/SubscriberPortInitialValues3.xml (RunModel)" time="0.02" />
  <testcase classname="ptolemy.util.test.junit.AutoTests" name="[352] /home/travis/build/icyphy/ptII/ptolemy/actor/lib/test/auto/SubscriptionAggregator.xml (RunModel)" time="0.011" />
  <testcase classname="ptolemy.util.test.junit.AutoTests" name="[353] /home/travis/build/icyphy/ptII/ptolemy/actor/lib/test/auto/SubscriptionAggregator2.xml (RunModel)" time="0.01" />
  <testcase classname="ptolemy.util.test.junit.AutoTests" name="[354] /home/travis/build/icyphy/ptII/ptolemy/actor/lib/test/auto/SubscriptionAggregator3.xml (RunModel)" time="0.015" />
  <testcase classname="ptolemy.util.test.junit.AutoTests" name="[355] /home/travis/build/icyphy/ptII/ptolemy/actor/lib/test/auto/SubscriptionAggregatorMultiply.xml (RunModel)" time="0.012" />
  <testcase classname="ptolemy.util.test.junit.AutoTests" name="[356] /home/travis/build/icyphy/ptII/ptolemy/actor/lib/test/auto/SubscriptionAggregatorPortMultiply1.xml (RunModel)" time="0.012" />
  <testcase classname="ptolemy.util.test.junit.AutoTests" name="[357] /home/travis/build/icyphy/ptII/ptolemy/actor/lib/test/auto/Switch.xml (RunModel)" time="0.019" />
  <testcase classname="ptolemy.util.test.junit.AutoTests" name="[358] /home/travis/build/icyphy/ptII/ptolemy/actor/lib/test/auto/Switch2.xml (RunModel)" time="0.009" />
  <testcase classname="ptolemy.util.test.junit.AutoTests" name="[359] /home/travis/build/icyphy/ptII/ptolemy/actor/lib/test/auto/SwitchDE.xml (RunModel)" time="0.013" />
  <testcase classname="ptolemy.util.test.junit.AutoTests" name="[360] /home/travis/build/icyphy/ptII/ptolemy/actor/lib/test/auto/SynchronizerDE.xml (RunModel)" time="0.019" />
  <testcase classname="ptolemy.util.test.junit.AutoTests" name="[361] /home/travis/build/icyphy/ptII/ptolemy/actor/lib/test/auto/Test.xml (RunModel)" time="0.014" />
  <testcase classname="ptolemy.util.test.junit.AutoTests" name="[362] /home/travis/build/icyphy/ptII/ptolemy/actor/lib/test/auto/TestExceptionAttribute1.xml (RunModel)" time="0.009" />
  <testcase classname="ptolemy.util.test.junit.AutoTests" name="[363] /home/travis/build/icyphy/ptII/ptolemy/actor/lib/test/auto/TestExceptionAttribute2.xml (RunModel)" time="0.011" />
  <testcase classname="ptolemy.util.test.junit.AutoTests" name="[364] /home/travis/build/icyphy/ptII/ptolemy/actor/lib/test/auto/TestExceptionAttribute3.xml (RunModel)" time="0.01" />
  <testcase classname="ptolemy.util.test.junit.AutoTests" name="[365] /home/travis/build/icyphy/ptII/ptolemy/actor/lib/test/auto/TestExceptionAttribute4.xml (RunModel)" time="0.006" />
  <testcase classname="ptolemy.util.test.junit.AutoTests" name="[366] /home/travis/build/icyphy/ptII/ptolemy/actor/lib/test/auto/TestExceptionHandler1.xml (RunModel)" time="0.006" />
  <testcase classname="ptolemy.util.test.junit.AutoTests" name="[367] /home/travis/build/icyphy/ptII/ptolemy/actor/lib/test/auto/TestExceptionHandler2.xml (RunModel)" time="0.008" />
  <testcase classname="ptolemy.util.test.junit.AutoTests" name="[368] /home/travis/build/icyphy/ptII/ptolemy/actor/lib/test/auto/TestExceptionHandler3.xml (RunModel)" time="0.008" />
  <testcase classname="ptolemy.util.test.junit.AutoTests" name="[369] /home/travis/build/icyphy/ptII/ptolemy/actor/lib/test/auto/TestExceptionHandler4.xml (RunModel)" time="0.006" />
  <testcase classname="ptolemy.util.test.junit.AutoTests" name="[370] /home/travis/build/icyphy/ptII/ptolemy/actor/lib/test/auto/TestRequireCorrectOrder.xml (RunModel)" time="0.009" />
  <testcase classname="ptolemy.util.test.junit.AutoTests" name="[371] /home/travis/build/icyphy/ptII/ptolemy/actor/lib/test/auto/TestSimple.xml (RunModel)" time="0.006" />
  <testcase classname="ptolemy.util.test.junit.AutoTests" name="[372] /home/travis/build/icyphy/ptII/ptolemy/actor/lib/test/auto/ThrowModelError.xml (RunModel)" time="0.018" />
  <testcase classname="ptolemy.util.test.junit.AutoTests" name="[373] /home/travis/build/icyphy/ptII/ptolemy/actor/lib/test/auto/TimeDelayMicrosteps.xml (RunModel)" time="0.013" />
  <testcase classname="ptolemy.util.test.junit.AutoTests" name="[374] /home/travis/build/icyphy/ptII/ptolemy/actor/lib/test/auto/TimeDelayMicrosteps2.xml (RunModel)" time="0.018" />
  <testcase classname="ptolemy.util.test.junit.AutoTests" name="[375] /home/travis/build/icyphy/ptII/ptolemy/actor/lib/test/auto/TimeDelayMicrosteps3.xml (RunModel)" time="0.011" />
  <testcase classname="ptolemy.util.test.junit.AutoTests" name="[376] /home/travis/build/icyphy/ptII/ptolemy/actor/lib/test/auto/TimeDelayVariableMicrosteps.xml (RunModel)" time="0.013" />
  <testcase classname="ptolemy.util.test.junit.AutoTests" name="[377] /home/travis/build/icyphy/ptII/ptolemy/actor/lib/test/auto/TimeGap.xml (RunModel)" time="0.015" />
  <testcase classname="ptolemy.util.test.junit.AutoTests" name="[378] /home/travis/build/icyphy/ptII/ptolemy/actor/lib/test/auto/TimeGap2.xml (RunModel)" time="0.01" />
  <testcase classname="ptolemy.util.test.junit.AutoTests" name="[379] /home/travis/build/icyphy/ptII/ptolemy/actor/lib/test/auto/TimedSinewave.xml (RunModel)" time="0.054" />
  <testcase classname="ptolemy.util.test.junit.AutoTests" name="[380] /home/travis/build/icyphy/ptII/ptolemy/actor/lib/test/auto/TimedSinewavePhase.xml (RunModel)" time="0.04" />
  <testcase classname="ptolemy.util.test.junit.AutoTests" name="[381] /home/travis/build/icyphy/ptII/ptolemy/actor/lib/test/auto/Timer.xml (RunModel)" time="0.027" />
  <testcase classname="ptolemy.util.test.junit.AutoTests" name="[382] /home/travis/build/icyphy/ptII/ptolemy/actor/lib/test/auto/TriangularDistTestModel.xml (RunModel)" time="0.016" />
  <testcase classname="ptolemy.util.test.junit.AutoTests" name="[383] /home/travis/build/icyphy/ptII/ptolemy/actor/lib/test/auto/TrigFunction.xml (RunModel)" time="0.008" />
  <testcase classname="ptolemy.util.test.junit.AutoTests" name="[384] /home/travis/build/icyphy/ptII/ptolemy/actor/lib/test/auto/TrigFunctionDE.xml (RunModel)" time="0.01" />
  <testcase classname="ptolemy.util.test.junit.AutoTests" name="[385] /home/travis/build/icyphy/ptII/ptolemy/actor/lib/test/auto/TrigFunctionInverse.xml (RunModel)" time="0.008" />
  <testcase classname="ptolemy.util.test.junit.AutoTests" name="[386] /home/travis/build/icyphy/ptII/ptolemy/actor/lib/test/auto/TrigFunctionTan.xml (RunModel)" time="0.006" />
  <testcase classname="ptolemy.util.test.junit.AutoTests" name="[387] /home/travis/build/icyphy/ptII/ptolemy/actor/lib/test/auto/TriggeredClock.xml (RunModel)" time="0.008" />
  <testcase classname="ptolemy.util.test.junit.AutoTests" name="[388] /home/travis/build/icyphy/ptII/ptolemy/actor/lib/test/auto/URLDirectoryReader.xml (RunModel)" time="0.099" />
  <testcase classname="ptolemy.util.test.junit.AutoTests" name="[389] /home/travis/build/icyphy/ptII/ptolemy/actor/lib/test/auto/URLDirectoryReader3.xml (RunModel)" time="1.654" />
  <testcase classname="ptolemy.util.test.junit.AutoTests" name="[390] /home/travis/build/icyphy/ptII/ptolemy/actor/lib/test/auto/UnaryMathFunction.xml (RunModel)" time="0.022" />
  <testcase classname="ptolemy.util.test.junit.AutoTests" name="[391] /home/travis/build/icyphy/ptII/ptolemy/actor/lib/test/auto/Uniform.xml (RunModel)" time="0.012" />
  <testcase classname="ptolemy.util.test.junit.AutoTests" name="[392] /home/travis/build/icyphy/ptII/ptolemy/actor/lib/test/auto/UnionDisassemblerTest.xml (RunModel)" time="0.017" />
  <testcase classname="ptolemy.util.test.junit.AutoTests" name="[393] /home/travis/build/icyphy/ptII/ptolemy/actor/lib/test/auto/UtilityFunctions.xml (RunModel)" time="0.009" />
  <testcase classname="ptolemy.util.test.junit.AutoTests" name="[394] /home/travis/build/icyphy/ptII/ptolemy/actor/lib/test/auto/VariableSleep.xml (RunModel)" time="0.511" />
  <testcase classname="ptolemy.util.test.junit.AutoTests" name="[395] /home/travis/build/icyphy/ptII/ptolemy/actor/lib/test/auto/VectorAssemblerDisassemblerCT.xml (RunModel)" time="0.086" />
  <testcase classname="ptolemy.util.test.junit.AutoTests" name="[396] /home/travis/build/icyphy/ptII/ptolemy/actor/lib/test/auto/VectorAssemblerDisassemblerDE.xml (RunModel)" time="0.013" />
  <testcase classname="ptolemy.util.test.junit.AutoTests" name="[397] /home/travis/build/icyphy/ptII/ptolemy/actor/lib/test/auto/VectorAssemblerDisassemblerSDF.xml (RunModel)" time="0.011" />
  <testcase classname="ptolemy.util.test.junit.AutoTests" name="[398] /home/travis/build/icyphy/ptII/ptolemy/actor/lib/test/auto/WallClockTime.xml (RunModel)" time="1.011" />
  <testcase classname="ptolemy.util.test.junit.AutoTests" name="[399] /home/travis/build/icyphy/ptII/ptolemy/actor/lib/test/auto/WidthTestWithSubscriberPublisher.xml (RunModel)" time="0.039" />
  <testcase classname="ptolemy.util.test.junit.AutoTests" name="[400] /home/travis/build/icyphy/ptII/ptolemy/actor/lib/test/auto/WidthTestWithSubscriberPublisher2.xml (RunModel)" time="0.013" />
  <testcase classname="ptolemy.util.test.junit.AutoTests" name="[401] /home/travis/build/icyphy/ptII/ptolemy/actor/lib/test/auto/WidthTestWithSubscriberPublisher3.xml (RunModel)" time="0.011" />
  <testcase classname="ptolemy.util.test.junit.AutoTests" name="[402] /home/travis/build/icyphy/ptII/ptolemy/actor/lib/test/auto/Writer.xml (RunModel)" time="0.007" />
  <testcase classname="ptolemy.util.test.junit.AutoTests" name="[403] /home/travis/build/icyphy/ptII/ptolemy/actor/lib/test/auto/array.xml (RunModel)" time="0.027" />
  <testcase classname="ptolemy.util.test.junit.AutoTests" name="[404] /home/travis/build/icyphy/ptII/ptolemy/actor/lib/test/auto/array2.xml (RunModel)" time="0.011" />
  <testcase classname="ptolemy.util.test.junit.AutoTests" name="[405] /home/travis/build/icyphy/ptII/ptolemy/actor/lib/test/auto/arrayType.xml (RunModel)" time="0.009" />
  <testcase classname="ptolemy.util.test.junit.AutoTests" name="[406] /home/travis/build/icyphy/ptII/ptolemy/actor/lib/test/auto/arrayType10.xml (RunModel)" time="0.008" />
  <testcase classname="ptolemy.util.test.junit.AutoTests" name="[407] /home/travis/build/icyphy/ptII/ptolemy/actor/lib/test/auto/arrayType11.xml (RunModel)" time="0.007" />
  <testcase classname="ptolemy.util.test.junit.AutoTests" name="[408] /home/travis/build/icyphy/ptII/ptolemy/actor/lib/test/auto/arrayType12.xml (RunModel)" time="0.008" />
  <testcase classname="ptolemy.util.test.junit.AutoTests" name="[409] /home/travis/build/icyphy/ptII/ptolemy/actor/lib/test/auto/arrayType13.xml (RunModel)" time="0.008" />
  <testcase classname="ptolemy.util.test.junit.AutoTests" name="[410] /home/travis/build/icyphy/ptII/ptolemy/actor/lib/test/auto/arrayType14.xml (RunModel)" time="0.008" />
  <testcase classname="ptolemy.util.test.junit.AutoTests" name="[411] /home/travis/build/icyphy/ptII/ptolemy/actor/lib/test/auto/arrayType15.xml (RunModel)" time="0.009" />
  <testcase classname="ptolemy.util.test.junit.AutoTests" name="[412] /home/travis/build/icyphy/ptII/ptolemy/actor/lib/test/auto/arrayType16.xml (RunModel)" time="0.008" />
  <testcase classname="ptolemy.util.test.junit.AutoTests" name="[413] /home/travis/build/icyphy/ptII/ptolemy/actor/lib/test/auto/arrayType17.xml (RunModel)" time="0.008" />
  <testcase classname="ptolemy.util.test.junit.AutoTests" name="[414] /home/travis/build/icyphy/ptII/ptolemy/actor/lib/test/auto/arrayType18.xml (RunModel)" time="0.007" />
  <testcase classname="ptolemy.util.test.junit.AutoTests" name="[415] /home/travis/build/icyphy/ptII/ptolemy/actor/lib/test/auto/arrayType19.xml (RunModel)" time="0.008" />
  <testcase classname="ptolemy.util.test.junit.AutoTests" name="[416] /home/travis/build/icyphy/ptII/ptolemy/actor/lib/test/auto/arrayType2.xml (RunModel)" time="0.008" />
  <testcase classname="ptolemy.util.test.junit.AutoTests" name="[417] /home/travis/build/icyphy/ptII/ptolemy/actor/lib/test/auto/arrayType20.xml (RunModel)" time="0.008" />
  <testcase classname="ptolemy.util.test.junit.AutoTests" name="[418] /home/travis/build/icyphy/ptII/ptolemy/actor/lib/test/auto/arrayType21.xml (RunModel)" time="0.007" />
  <testcase classname="ptolemy.util.test.junit.AutoTests" name="[419] /home/travis/build/icyphy/ptII/ptolemy/actor/lib/test/auto/arrayType22.xml (RunModel)" time="0.007" />
  <testcase classname="ptolemy.util.test.junit.AutoTests" name="[420] /home/travis/build/icyphy/ptII/ptolemy/actor/lib/test/auto/arrayType23.xml (RunModel)" time="0.006" />
  <testcase classname="ptolemy.util.test.junit.AutoTests" name="[421] /home/travis/build/icyphy/ptII/ptolemy/actor/lib/test/auto/arrayType24.xml (RunModel)" time="0.009" />
  <testcase classname="ptolemy.util.test.junit.AutoTests" name="[422] /home/travis/build/icyphy/ptII/ptolemy/actor/lib/test/auto/arrayType25.xml (RunModel)" time="0.007" />
  <testcase classname="ptolemy.util.test.junit.AutoTests" name="[423] /home/travis/build/icyphy/ptII/ptolemy/actor/lib/test/auto/arrayType26.xml (RunModel)" time="0.007" />
  <testcase classname="ptolemy.util.test.junit.AutoTests" name="[424] /home/travis/build/icyphy/ptII/ptolemy/actor/lib/test/auto/arrayType27.xml (RunModel)" time="0.008" />
  <testcase classname="ptolemy.util.test.junit.AutoTests" name="[425] /home/travis/build/icyphy/ptII/ptolemy/actor/lib/test/auto/arrayType28.xml (RunModel)" time="0.009" />
  <testcase classname="ptolemy.util.test.junit.AutoTests" name="[426] /home/travis/build/icyphy/ptII/ptolemy/actor/lib/test/auto/arrayType3.xml (RunModel)" time="0.009" />
  <testcase classname="ptolemy.util.test.junit.AutoTests" name="[427] /home/travis/build/icyphy/ptII/ptolemy/actor/lib/test/auto/arrayType4.xml (RunModel)" time="0.007" />
  <testcase classname="ptolemy.util.test.junit.AutoTests" name="[428] /home/travis/build/icyphy/ptII/ptolemy/actor/lib/test/auto/arrayType5.xml (RunModel)" time="0.015" />
  <testcase classname="ptolemy.util.test.junit.AutoTests" name="[429] /home/travis/build/icyphy/ptII/ptolemy/actor/lib/test/auto/arrayType6.xml (RunModel)" time="0.006" />
  <testcase classname="ptolemy.util.test.junit.AutoTests" name="[430] /home/travis/build/icyphy/ptII/ptolemy/actor/lib/test/auto/arrayType7.xml (RunModel)" time="0.007" />
  <testcase classname="ptolemy.util.test.junit.AutoTests" name="[431] /home/travis/build/icyphy/ptII/ptolemy/actor/lib/test/auto/arrayType8.xml (RunModel)" time="0.017" />
  <testcase classname="ptolemy.util.test.junit.AutoTests" name="[432] /home/travis/build/icyphy/ptII/ptolemy/actor/lib/test/auto/arrayType9.xml (RunModel)" time="0.008" />
  <testcase classname="ptolemy.util.test.junit.AutoTests" name="[433] /home/travis/build/icyphy/ptII/ptolemy/actor/lib/test/auto/cast.xml (RunModel)" time="0.007" />
  <testcase classname="ptolemy.util.test.junit.AutoTests" name="[434] /home/travis/build/icyphy/ptII/ptolemy/actor/lib/test/auto/compositeMultiPort.xml (RunModel)" time="0.015" />
  <testcase classname="ptolemy.util.test.junit.AutoTests" name="[435] /home/travis/build/icyphy/ptII/ptolemy/actor/lib/test/auto/expressionCastInference.xml (RunModel)" time="0.007" />
  <testcase classname="ptolemy.util.test.junit.AutoTests" name="[436] /home/travis/build/icyphy/ptII/ptolemy/actor/lib/test/auto/expressionCastInference2.xml (RunModel)" time="0.008" />
  <testcase classname="ptolemy.util.test.junit.AutoTests" name="[437] /home/travis/build/icyphy/ptII/ptolemy/actor/lib/test/auto/expressionInference.xml (RunModel)" time="0.007" />
  <testcase classname="ptolemy.util.test.junit.AutoTests" name="[438] /home/travis/build/icyphy/ptII/ptolemy/actor/lib/test/auto/expression_bug.xml (RunModel)" time="0.007" />
  <testcase classname="ptolemy.util.test.junit.AutoTests" name="[439] /home/travis/build/icyphy/ptII/ptolemy/actor/lib/test/auto/factorial.xml (RunModel)" time="0.052" />
  <testcase classname="ptolemy.util.test.junit.AutoTests" name="[440] /home/travis/build/icyphy/ptII/ptolemy/actor/lib/test/auto/filterTest1.xml (RunModel)" time="0.011" />
  <testcase classname="ptolemy.util.test.junit.AutoTests" name="[441] /home/travis/build/icyphy/ptII/ptolemy/actor/lib/test/auto/funcApplyInConst.xml (RunModel)" time="0.005" />
  <testcase classname="ptolemy.util.test.junit.AutoTests" name="[442] /home/travis/build/icyphy/ptII/ptolemy/actor/lib/test/auto/funcApplyInExpr.xml (RunModel)" time="0.005" />
  <testcase classname="ptolemy.util.test.junit.AutoTests" name="[443] /home/travis/build/icyphy/ptII/ptolemy/actor/lib/test/auto/function.xml (RunModel)" time="0.009" />
  <testcase classname="ptolemy.util.test.junit.AutoTests" name="[444] /home/travis/build/icyphy/ptII/ptolemy/actor/lib/test/auto/function2.xml (RunModel)" time="0.008" />
  <testcase classname="ptolemy.util.test.junit.AutoTests" name="[445] /home/travis/build/icyphy/ptII/ptolemy/actor/lib/test/auto/function3.xml (RunModel)" time="0.033" />
  <testcase classname="ptolemy.util.test.junit.AutoTests" name="[446] /home/travis/build/icyphy/ptII/ptolemy/actor/lib/test/auto/functionClosureTest1.xml (RunModel)" time="0.032" />
  <testcase classname="ptolemy.util.test.junit.AutoTests" name="[447] /home/travis/build/icyphy/ptII/ptolemy/actor/lib/test/auto/functionClosureTest2.xml (RunModel)" time="0.014" />
  <testcase classname="ptolemy.util.test.junit.AutoTests" name="[448] /home/travis/build/icyphy/ptII/ptolemy/actor/lib/test/auto/functionClosureTest3.xml (RunModel)" time="0.01" />
  <testcase classname="ptolemy.util.test.junit.AutoTests" name="[449] /home/travis/build/icyphy/ptII/ptolemy/actor/lib/test/auto/functionClosureTest4.xml (RunModel)" time="0.017" />
  <testcase classname="ptolemy.util.test.junit.AutoTests" name="[450] /home/travis/build/icyphy/ptII/ptolemy/actor/lib/test/auto/functionClosureTest5.xml (RunModel)" time="0.01" />
  <testcase classname="ptolemy.util.test.junit.AutoTests" name="[451] /home/travis/build/icyphy/ptII/ptolemy/actor/lib/test/auto/functionClosureTest6.xml (RunModel)" time="0.051" />
  <testcase classname="ptolemy.util.test.junit.AutoTests" name="[452] /home/travis/build/icyphy/ptII/ptolemy/actor/lib/test/auto/functionsOnArcs.xml (RunModel)" time="0.015" />
  <testcase classname="ptolemy.util.test.junit.AutoTests" name="[453] /home/travis/build/icyphy/ptII/ptolemy/actor/lib/test/auto/functionsOnArcsHOF.xml (RunModel)" time="0.01" />
  <testcase classname="ptolemy.util.test.junit.AutoTests" name="[454] /home/travis/build/icyphy/ptII/ptolemy/actor/lib/test/auto/logic.xml (RunModel)" time="0.015" />
  <testcase classname="ptolemy.util.test.junit.AutoTests" name="[455] /home/travis/build/icyphy/ptII/ptolemy/actor/lib/test/auto/matrixType.xml (RunModel)" time="0.008" />
  <testcase classname="ptolemy.util.test.junit.AutoTests" name="[456] /home/travis/build/icyphy/ptII/ptolemy/actor/lib/test/auto/matrixType10.xml (RunModel)" time="0.008" />
  <testcase classname="ptolemy.util.test.junit.AutoTests" name="[457] /home/travis/build/icyphy/ptII/ptolemy/actor/lib/test/auto/matrixType11.xml (RunModel)" time="0.006" />
  <testcase classname="ptolemy.util.test.junit.AutoTests" name="[458] /home/travis/build/icyphy/ptII/ptolemy/actor/lib/test/auto/matrixType12.xml (RunModel)" time="0.009" />
  <testcase classname="ptolemy.util.test.junit.AutoTests" name="[459] /home/travis/build/icyphy/ptII/ptolemy/actor/lib/test/auto/matrixType13.xml (RunModel)" time="0.007" />
  <testcase classname="ptolemy.util.test.junit.AutoTests" name="[460] /home/travis/build/icyphy/ptII/ptolemy/actor/lib/test/auto/matrixType14.xml (RunModel)" time="0.009" />
  <testcase classname="ptolemy.util.test.junit.AutoTests" name="[461] /home/travis/build/icyphy/ptII/ptolemy/actor/lib/test/auto/matrixType2.xml (RunModel)" time="0.016" />
  <testcase classname="ptolemy.util.test.junit.AutoTests" name="[462] /home/travis/build/icyphy/ptII/ptolemy/actor/lib/test/auto/matrixType3.xml (RunModel)" time="0.009" />
  <testcase classname="ptolemy.util.test.junit.AutoTests" name="[463] /home/travis/build/icyphy/ptII/ptolemy/actor/lib/test/auto/matrixType4.xml (RunModel)" time="0.007" />
  <testcase classname="ptolemy.util.test.junit.AutoTests" name="[464] /home/travis/build/icyphy/ptII/ptolemy/actor/lib/test/auto/matrixType5.xml (RunModel)" time="0.007" />
  <testcase classname="ptolemy.util.test.junit.AutoTests" name="[465] /home/travis/build/icyphy/ptII/ptolemy/actor/lib/test/auto/matrixType6.xml (RunModel)" time="0.007" />
  <testcase classname="ptolemy.util.test.junit.AutoTests" name="[466] /home/travis/build/icyphy/ptII/ptolemy/actor/lib/test/auto/matrixType7.xml (RunModel)" time="0.007" />
  <testcase classname="ptolemy.util.test.junit.AutoTests" name="[467] /home/travis/build/icyphy/ptII/ptolemy/actor/lib/test/auto/matrixType8.xml (RunModel)" time="0.007" />
  <testcase classname="ptolemy.util.test.junit.AutoTests" name="[468] /home/travis/build/icyphy/ptII/ptolemy/actor/lib/test/auto/matrixType9.xml (RunModel)" time="0.008" />
  <testcase classname="ptolemy.util.test.junit.AutoTests" name="[469] /home/travis/build/icyphy/ptII/ptolemy/actor/lib/test/auto/paraFunctest.xml (RunModel)" time="0.008" />
  <testcase classname="ptolemy.util.test.junit.AutoTests" name="[470] /home/travis/build/icyphy/ptII/ptolemy/actor/lib/test/auto/paraFunctest2.xml (RunModel)" time="0.009" />
  <testcase classname="ptolemy.util.test.junit.AutoTests" name="[471] /home/travis/build/icyphy/ptII/ptolemy/actor/lib/test/auto/parameterPassing.xml (RunModel)" time="0.007" />
  <testcase classname="ptolemy.util.test.junit.AutoTests" name="[472] /home/travis/build/icyphy/ptII/ptolemy/actor/lib/test/auto/record.xml (RunModel)" time="0.009" />
  <testcase classname="ptolemy.util.test.junit.AutoTests" name="[473] /home/travis/build/icyphy/ptII/ptolemy/actor/lib/test/auto/sizedarray1.xml (RunModel)" time="0.009" />
  <testcase classname="ptolemy.util.test.junit.AutoTests" name="[474] /home/travis/build/icyphy/ptII/ptolemy/actor/lib/test/auto/sizedarray2.xml (RunModel)" time="0.008" />
  <testcase classname="ptolemy.util.test.junit.AutoTests" name="[475] /home/travis/build/icyphy/ptII/ptolemy/actor/lib/test/auto/twoPublishers.xml (RunModel)" time="0.024" />
  <system-out><![CDATA[/home/travis/build/icyphy/ptII/ptolemy/actor/lib/test/AbsoluteValue.tcl
testDefs.tcl: setting time out to 9000 seconds at Tue May 05 14:19:17 UTC 2020
93 ms. Memory: 129024K Free: 93112K (72%)
7 ms. Memory: 129024K Free: 91064K (71%)
11 ms. Memory: 129024K Free: 90040K (70%)
5 ms. Memory: 129024K Free: 89511K (69%)
/home/travis/build/icyphy/ptII/ptolemy/actor/lib/test/AddSubtract.tcl
8 ms. Memory: 129024K Free: 87463K (68%)
5 ms. Memory: 129024K Free: 86968K (67%)
5 ms. Memory: 129024K Free: 85944K (67%)
8 ms. Memory: 129024K Free: 85415K (66%)
47 ms. Memory: 129024K Free: 82358K (64%)
8 ms. Memory: 129024K Free: 81303K (63%)
/home/travis/build/icyphy/ptII/ptolemy/actor/lib/test/Average.tcl
6 ms. Memory: 129024K Free: 79800K (62%)
6 ms. Memory: 129024K Free: 78776K (61%)
/home/travis/build/icyphy/ptII/ptolemy/actor/lib/test/Bernoulli.tcl
4 ms. Memory: 129024K Free: 77231K (60%)
2 ms. Memory: 129024K Free: 76728K (59%)
/home/travis/build/icyphy/ptII/ptolemy/actor/lib/test/Clock.tcl
preinitializing
resolving types
initializing
executing number 1
wrapping up
idle
20 ms. Memory: 129024K Free: 74166K (57%)
Completed execution with 5 iterations
preinitializing
resolving types
initializing
executing number 1
wrapping up
idle
14 ms. Memory: 129024K Free: 73127K (57%)
Completed execution with 5 iterations
preinitializing
resolving types
initializing
executing number 1
wrapping up
idle
10 ms. Memory: 129024K Free: 72632K (56%)
Completed execution with 5 iterations
/home/travis/build/icyphy/ptII/ptolemy/actor/lib/test/Commutator.tcl
12 ms. Memory: 129024K Free: 70584K (55%)
6 ms. Memory: 129024K Free: 69560K (54%)
8 ms. Memory: 129024K Free: 63911K (50%)
/home/travis/build/icyphy/ptII/ptolemy/actor/lib/test/Const.tcl
8 ms. Memory: 129024K Free: 62392K (48%)
9 ms. Memory: 129024K Free: 61863K (48%)
3 ms. Memory: 129024K Free: 61368K (48%)
3 ms. Memory: 129024K Free: 60854K (47%)
3 ms. Memory: 129024K Free: 60344K (47%)
11 ms. Memory: 129024K Free: 58296K (45%)
5 ms. Memory: 129024K Free: 57272K (44%)
3 ms. Memory: 129024K Free: 56751K (44%)
/home/travis/build/icyphy/ptII/ptolemy/actor/lib/test/CurrentTime.tcl
preinitializing
resolving types
initializing
executing number 1
wrapping up
idle
16 ms. Memory: 129024K Free: 54695K (42%)
Completed execution with 11 iterations
/home/travis/build/icyphy/ptII/ptolemy/actor/lib/test/DB.tcl
4 ms. Memory: 129024K Free: 53176K (41%)
2 ms. Memory: 129024K Free: 52152K (40%)
2 ms. Memory: 129024K Free: 52152K (40%)
/home/travis/build/icyphy/ptII/ptolemy/actor/lib/test/DiscreteRandomSource.tcl
preinitializing
resolving types
initializing
executing number 1
wrapping up
idle
4 ms. Memory: 129024K Free: 50599K (39%)
Completed execution with 4 iterations
preinitializing
resolving types
initializing
executing number 1
wrapping up
idle
2 ms. Memory: 129024K Free: 50104K (39%)
Completed execution with 4 iterations
preinitializing
resolving types
initializing
executing number 1
wrapping up
idle
2 ms. Memory: 129024K Free: 49575K (38%)
Completed execution with 4 iterations
preinitializing
resolving types
initializing
executing number 1
wrapping up
idle
2 ms. Memory: 129024K Free: 49080K (38%)
Completed execution with 4 iterations
preinitializing
resolving types
initializing
executing number 1
wrapping up
idle
4 ms. Memory: 129024K Free: 48551K (38%)
Completed execution with 4 iterations
/home/travis/build/icyphy/ptII/ptolemy/actor/lib/test/Distributor.tcl
23 ms. Memory: 129024K Free: 113772K (88%)
7 ms. Memory: 129024K Free: 112771K (87%)
StreamChangeRequest.changeExecuted(): <deleteEntity name="rec2"/> succeeded
StreamChangeRequest.changeExecuted(): <deleteRelation name="r2"/> succeeded
StreamChangeRequest.changeExecuted(): Record firings per iteration succeeded
4 ms. Memory: 129024K Free: 110700K (86%)
/home/travis/build/icyphy/ptII/ptolemy/actor/lib/test/Exit.tcl
Exit.tcl: this will print a message about Manager.exitAfterWrapup, which can be ignored.
11 ms. Memory: 129024K Free: 107664K (83%)
/home/travis/build/icyphy/ptII/ptolemy/actor/lib/test/Expression.tcl
26 ms. Memory: 129024K Free: 104069K (81%)
14 ms. Memory: 129024K Free: 103561K (80%)
3 ms. Memory: 129024K Free: 102515K (79%)
preinitializing
resolving types
initializing
executing number 1
wrapping up
idle
11 ms. Memory: 129024K Free: 100998K (78%)
Completed execution with 6 iterations
8 ms. Memory: 129024K Free: 100460K (78%)
2 ms. Memory: 129024K Free: 99436K (77%)
5 ms. Memory: 129024K Free: 98465K (76%)
6 ms. Memory: 129024K Free: 96888K (75%)
6 ms. Memory: 129024K Free: 95878K (74%)
/home/travis/build/icyphy/ptII/ptolemy/actor/lib/test/Gaussian.tcl
13 ms. Memory: 129024K Free: 94316K (73%)
sleeping 1 seconds: ......................................................................................................................................................................................................................................................................................................................................................................................................................................................................................................................................................................................................................................................................................................................................................................................................................................................................................................................................................................................................................................................................................................................................................................................................................................................................................................................................................................................................................................................................................................................................................................................................................................................................................................................................................................................................................................................................................................................................................................................................................................................................................................................................................................................................................................................................................................................................................................................................................................................................................................................................................................................................................................................................................................................................................................................................................................................................................................................................................................................................................................................................................................................................................................................................................................................................................................................................................................................................................................................................................................................................................................................................................................................................................................................................................................................................................................................................................................................................................................................................................................................................................................................................................................................................................................................................................................................................................................................................................................................................................................................................................................................................................................................................................................................................................................................................................................................................................................................................................................................................................................................................................................................................................................................................................................................................................................................................................................................................................................................................................................................................................................................................................................................................................................................................................................................................................................................................................................................................................................................................................................................................................................................................................................................................................................................................................................................................................................................................................................................................................................................................................................................................................................................................................................................................................................................................................................................................................................................................................................................................................................................................................................................................................................................................................................................................................................................................................................................................................................................................................................................................................................................................................................................................................................................................................................................................................................................................................................................................................................................................................................................................................................................................................................................................................................................................................................................................................................................................................................................................................................................................................................................................................................................................................................................................................................................................................................................................................................................................................................................................................................................................................................................................................................................................................................................................................................................................................................................................................................................................................................................................................................................................................................................................................................................................................................................................................................................................................................................................................................................................................................................................................................................................................................................................................................................................................................................................................................................................................................................................................................................................................................................................................................................................................................................................................................................................................................................................................................................................................................................................................................................................................................................................................................................................................................................................................................................................................................................................................................................................................................................................................................................................................................................................................................................................................................................................................................................................................................................................................................................................................................................................................................................................................................................................................................................................................................................................................................................................................................................................................................................................................................................................................................................................................................................................................................................................................................................................................................................................................................................................................................................................................................................................................................................................................................................................................................................................................................................................................................................................................................................................................................................................................................................................................................................................................................................................................................................................................................................................................................................................................................................................................................................................................................................................................................................................................................................................................................................................................................................................................................................................................................................................................................................................................................................................................................................................................................................................................................................................................................................................................................................................................................................................................................................................................................................................................................................................................................................................................................................................................................................................................................................................................................................................................................................................................................................................................................................................................................................................................................................................................................................................................................................................................................................................................................................................................................................................................................................................................................................................................................................................................................................................................................................................................................................................................................................................................................................................................................................................................................................................................................................................................................................................................................................................................................................................................................................................................................................................................................................................................................................................................................................................................................................................................................................................................................................................................................................................................................................................................................................................................................................................................................................................................................................................................................................................................................................................................................................................................................................................................................................................................................................................................................................................................................................................................................................................................................................................................................................................................................................................................................................................................................................................................................................................................................................................................................................................................................................................................................................................................................................................................................................................................................................................................................................................................................................................................................................................................................................................................................................................................................................................................................................................................................................................................................................................................................................................................................................................................................................................................................................................................................................................................................................................................................................................................................................................................................................................................................................................................................................................................................................................................................................................................................................................................................................................................................................................................................................................................................................................................................................................................................................................................................................................................................................................................................................................................................................................................................................................................................................................................................................................................................................................................................................................................................................................................................................................................................................................................................................................................................................................................................................................................................................................................................................................................................................................................................................................................................................................................................................................................................................................................................................................................................................................................................................................................................................................................................................................................................................................................................................................................................................................................................................................................................................................................................................................................................................................................................................................................................................................................................................................................................................................................................................................................................................................................................................................................................................................................................................................................................................................................................................................................................................................................................................................................................................................................................................................................................................................................................................................................................................................................................................................................................................................................................................................................................................................................................................................................................................................................................................................................................................................................................................................................................................................................................................................................................................................................................................................................................................................................................................................................................................................................................................................................................................................................................................................................................................................................................................................................................................................................................................................................................................................................................................................................................................................................................................................................................................................................................................................................................................................................................................................................................................................................................................................................................................................................................................................................................................................................................................................................................................................................................................................................................................................................................................................................................................................................................................................................................................................................................................................................................................................................................................................................................................................................................................................................................................................................................................................................................................................................................................................................................................................................................................................................................................................................................................................................................................................................................................................................................................................................................................................................................................................................................................................................................................................................................................................................................................................................................................................................................................................................................................................................................................................................................................................................................................................................................................................................................................................................................................................................................................................................................................................................................................................................................................................................................................................................................................................................................................................................................................................................................................................................................................................................................................................................................................................................................................................................2 ms. Memory: 129024K Free: 84435K (65%)
2 ms. Memory: 129024K Free: 83921K (65%)
2 ms. Memory: 129024K Free: 82883K (64%)
1 ms. Memory: 129024K Free: 82387K (64%)
1 ms. Memory: 129024K Free: 81859K (63%)
/home/travis/build/icyphy/ptII/ptolemy/actor/lib/test/IIR.tcl
/home/travis/build/icyphy/ptII/ptolemy/actor/lib/test/Interpolator.tcl
3 ms. Memory: 129024K Free: 78291K (61%)
2 ms. Memory: 129024K Free: 77777K (60%)
2 ms. Memory: 129024K Free: 76753K (59%)
2 ms. Memory: 129024K Free: 76243K (59%)
3 ms. Memory: 129024K Free: 75715K (59%)
2 ms. Memory: 129024K Free: 74691K (58%)
2 ms. Memory: 129024K Free: 73681K (57%)
13 ms. Memory: 129024K Free: 72657K (56%)
7 ms. Memory: 129024K Free: 72145K (56%)
2 ms. Memory: 129024K Free: 71123K (55%)
/home/travis/build/icyphy/ptII/ptolemy/actor/lib/test/MathFunction.tcl
4 ms. Memory: 129024K Free: 69075K (54%)
2 ms. Memory: 129024K Free: 68051K (53%)
2 ms. Memory: 129024K Free: 67027K (52%)
2 ms. Memory: 129024K Free: 66003K (51%)
3 ms. Memory: 129024K Free: 64979K (50%)
6 ms. Memory: 129024K Free: 62931K (49%)
/home/travis/build/icyphy/ptII/ptolemy/actor/lib/test/Maximum.tcl
4 ms. Memory: 129024K Free: 60883K (47%)
2 ms. Memory: 129024K Free: 60363K (47%)
2 ms. Memory: 129024K Free: 59859K (46%)
2 ms. Memory: 129024K Free: 58835K (46%)
/home/travis/build/icyphy/ptII/ptolemy/actor/lib/test/Minimum.tcl
10 ms. Memory: 129024K Free: 57297K (44%)
4 ms. Memory: 129024K Free: 56785K (44%)
5 ms. Memory: 129024K Free: 55763K (43%)
3 ms. Memory: 129024K Free: 55249K (43%)
/home/travis/build/icyphy/ptII/ptolemy/actor/lib/test/MultiplyDivide.tcl
11 ms. Memory: 129024K Free: 53201K (41%)
8 ms. Memory: 129024K Free: 52691K (41%)
2 ms. Memory: 129024K Free: 52163K (40%)
12 ms. Memory: 129024K Free: 112899K (88%)
2 ms. Memory: 129024K Free: 112507K (87%)
/home/travis/build/icyphy/ptII/ptolemy/actor/lib/test/OrderedMerge.tcl
Connections changed on port: inputA
Connections changed on port: inputB
Connections changed on port: output
Connections changed on port: output
Connections changed on port: output
Connections changed on port: input
.top. Preinitializing ...
Invoking preinitialize():  .top.OrderedMerge
Called preinitialize()
Invoking preinitialize():  .top.Ramp
Called preinitialize()
Invoking preinitialize():  .top.Ramp2
Called preinitialize()
Invoking preinitialize():  .top.Test
Called preinitialize()
Connections changed on port: inputA
Connections changed on port: output
Connections changed on port: output
Connections changed on port: input
Connections changed on port: inputB
Connections changed on port: output
.top. Finished preinitialize().
Called initialize().
Invoking initialize():  .top.OrderedMerge
Initializing actor: .top.OrderedMerge
Adding a thread: .top.OrderedMerge
Invoking initialize():  .top.Ramp
Initializing actor: .top.Ramp
Adding a thread: .top.Ramp
Invoking initialize():  .top.Ramp2
Initializing actor: .top.Ramp2
Adding a thread: .top.Ramp2
Invoking initialize():  .top.Test
Initializing actor: .top.Test
Adding a thread: .top.Test
Called fire().
Checking for deadlock:
-- Starting thread.
Called initialize()
Called prefire()
Called fire()
-- Starting thread.
Called initialize()
-- Starting thread.
Called initialize()
Called prefire()
Called prefire()
-- Starting thread.
Called initialize()
Called fire()
Called prefire()
Called fire()
Called fire()
There are 0 Blocked actors, 0 Stopped actors, and 4 active threads.
Waiting for actors to stop.
Called postfire()
Called prefire()
Called fire()
Called postfire()
Called prefire()
Called fire()
Read input token from inputA with value 0.0
Next port to read input from is inputB
Called postfire()
Called prefire()
Called fire()
Read input token from inputB with value 0.0
Sent output token with value 0.0
Next port to read input from is inputA
Called postfire()
Called prefire()
Called fire()
Checking for deadlock:
There are 1 Blocked actors, 0 Stopped actors, and 4 active threads.
Waiting for actors to stop.
Called postfire()
Called prefire()
Called fire()
-- Read input: 0.0, which is expected to match: 0.0
Called prefire()
Called fire()
Called postfire()
Called prefire()
Called fire()
Checking for deadlock:
There are 2 Blocked actors, 0 Stopped actors, and 4 active threads.
Waiting for actors to stop.
Called postfire()
Called prefire()
Called fire()
Read input token from inputA with value 1.0
Sent output token with value 0.0
Next port to read input from is inputB
Called postfire()
Called prefire()
Called fire()
Read input token from inputB with value 1.5
Checking for deadlock:
There are 2 Blocked actors, 0 Stopped actors, and 4 active threads.
Waiting for actors to stop.
Called postfire()
Called prefire()
Called fire()
-- Read input: 0.0, which is expected to match: 0.0
Called prefire()
Called fire()
Checking for deadlock:
There are 3 Blocked actors, 0 Stopped actors, and 4 active threads.
Waiting for actors to stop.
-- Read input: 1.0, which is expected to match: 1.0
Called prefire()
Called fire()
Sent output token with value 1.0
Next port to read input from is inputA
Called postfire()
Called prefire()
Called fire()
Read input token from inputA with value 2.0
Sent output token with value 1.5
Next port to read input from is inputB
Called postfire()
Called prefire()
Called fire()
Read input token from inputB with value 3.0
Checking for deadlock:
There are 1 Blocked actors, 0 Stopped actors, and 4 active threads.
Waiting for actors to stop.
Called postfire()
Called prefire()
Called fire()
Called postfire()
Called prefire()
Called fire()
-- Read input: 1.5, which is expected to match: 1.5
Called prefire()
Called fire()
Checking for deadlock:
There are 3 Blocked actors, 0 Stopped actors, and 4 active threads.
Waiting for actors to stop.
-- Read input: 2.0, which is expected to match: 2.0
Called prefire()
Called fire()
Sent output token with value 2.0
Next port to read input from is inputA
Called postfire()
Called prefire()
Called fire()
Read input token from inputA with value 3.0
Sent output token with value 3.0
Next port to read input from is inputB
Called postfire()
Called prefire()
Called fire()
Read input token from inputB with value 4.5
Checking for deadlock:
There are 1 Blocked actors, 0 Stopped actors, and 4 active threads.
Waiting for actors to stop.
Called postfire()
Called prefire()
Called fire()
Called postfire()
Called prefire()
Called fire()
-- Read input: 3.0, which is expected to match: 3.0
Called prefire()
Called fire()
Checking for deadlock:
There are 3 Blocked actors, 0 Stopped actors, and 4 active threads.
Waiting for actors to stop.
-- Read input: 3.0, which is expected to match: 3.0
Called prefire()
Called fire()
Sent output token with value 3.0
Next port to read input from is inputA
Called postfire()
Called prefire()
Called fire()
Read input token from inputA with value 4.0
Sent output token with value 4.0
Next port to read input from is inputA
Called postfire()
Called prefire()
Called fire()
Checking for deadlock:
There are 2 Blocked actors, 0 Stopped actors, and 4 active threads.
Waiting for actors to stop.
Called postfire()
-- Read input: 4.0, which is expected to match: 4.0
Called prefire()
Called fire()
Called prefire()
Called fire()
Past the end of training data. Read and discard all inputs.
Called postfire()
Read input token from inputA with value 5.0
Called prefire()
Called fire()
Sent output token with value 4.5
Next port to read input from is inputB
Called postfire()
Called prefire()
Called fire()
Read input token from inputB with value 6.0
Checking for deadlock:
There are 2 Blocked actors, 0 Stopped actors, and 4 active threads.
Waiting for actors to stop.
Called postfire()
Called prefire()
Called prefire()
Called fire()
Called fire()
Past the end of training data. Read and discard all inputs.
Checking for deadlock:
There are 3 Blocked actors, 0 Stopped actors, and 4 active threads.
Waiting for actors to stop.
Checking for deadlock:
There are 2 Blocked actors, 0 Stopped actors, and 4 active threads.
Waiting for actors to stop.
Sent output token with value 5.0
Called prefire()
Called fire()
Past the end of training data. Read and discard all inputs.
Checking for deadlock:
There are 3 Blocked actors, 0 Stopped actors, and 4 active threads.
Waiting for actors to stop.
Next port to read input from is inputA
Called postfire()
Called prefire()
Called fire()
Called postfire()
Called prefire()
Called fire()
Read input token from inputA with value 6.0
Checking for deadlock:
There are 3 Blocked actors, 0 Stopped actors, and 4 active threads.
Waiting for actors to stop.
Called prefire()
Called fire()
Past the end of training data. Read and discard all inputs.
Sent output token with value 6.0
Next port to read input from is inputB
Called postfire()
Called prefire()
Called fire()
Read input token from inputB with value 7.5
Sent output token with value 6.0
Next port to read input from is inputA
Called postfire()
Called prefire()
Called fire()
Read input token from inputA with value 7.0
Checking for deadlock:
There are 1 Blocked actors, 0 Stopped actors, and 4 active threads.
Waiting for actors to stop.
Called postfire()
Called postfire()
Called prefire()
Called fire()
Called prefire()
Called prefire()
Called fire()
Called fire()
Past the end of training data. Read and discard all inputs.
Checking for deadlock:
There are 2 Blocked actors, 0 Stopped actors, and 4 active threads.
Waiting for actors to stop.
Checking for deadlock:
There are 2 Blocked actors, 0 Stopped actors, and 4 active threads.
Waiting for actors to stop.
Called prefire()
Called fire()
Past the end of training data. Read and discard all inputs.
Checking for deadlock:
There are 3 Blocked actors, 0 Stopped actors, and 4 active threads.
Waiting for actors to stop.
Sent output token with value 7.0
Next port to read input from is inputA
Called postfire()
Called prefire()
Called fire()
Checking for deadlock:
There are 2 Blocked actors, 0 Stopped actors, and 4 active threads.
Waiting for actors to stop.
-- Thread wrapup() called.
Read input token from inputA with value 8.0
Called wrapup()
Thread .top.Ramp is exiting.
-- Thread stopped.
Checking for deadlock:
There are 2 Blocked actors, 0 Stopped actors, and 3 active threads.
Waiting for actors to stop.
Called prefire()
Called fire()
Past the end of training data. Read and discard all inputs.
Checking for deadlock:
There are 2 Blocked actors, 0 Stopped actors, and 3 active threads.
Waiting for actors to stop.
Sent output token with value 7.5
Next port to read input from is inputB
Called postfire()
Called prefire()
Called fire()
Called postfire()
Called prefire()
Called fire()
Checking for deadlock:
There are 2 Blocked actors, 0 Stopped actors, and 3 active threads.
Waiting for actors to stop.
Read input token from inputB with value 9.0
Called prefire()
Called fire()
Past the end of training data. Read and discard all inputs.
Checking for deadlock:
There are 2 Blocked actors, 0 Stopped actors, and 3 active threads.
Waiting for actors to stop.
Sent output token with value 8.0
Next port to read input from is inputA
Called postfire()
Called prefire()
Called fire()
Read input token from inputA with value 9.0
Called prefire()
Called fire()
Past the end of training data. Read and discard all inputs.
Checking for deadlock:
There are 2 Blocked actors, 0 Stopped actors, and 3 active threads.
Waiting for actors to stop.
Sent output token with value 9.0
Next port to read input from is inputB
Called postfire()
Called prefire()
Called fire()
Checking for deadlock:
There are 1 Blocked actors, 0 Stopped actors, and 3 active threads.
Waiting for actors to stop.
Called postfire()
Called prefire()
Called fire()
Checking for deadlock:
There are 2 Blocked actors, 0 Stopped actors, and 3 active threads.
Waiting for actors to stop.
Read input token from inputB with value 10.5
Checking for deadlock:
There are 1 Blocked actors, 0 Stopped actors, and 3 active threads.
Waiting for actors to stop.
Called prefire()
Called fire()
Past the end of training data. Read and discard all inputs.
Checking for deadlock:
There are 2 Blocked actors, 0 Stopped actors, and 3 active threads.
Waiting for actors to stop.
Sent output token with value 9.0
Next port to read input from is inputA
Called postfire()
Called prefire()
Called fire()
Checking for deadlock:
There are 3 Blocked actors, 0 Stopped actors, and 3 active threads.
Actors have stopped.
Checking for deadlock:
There are 3 Blocked actors, 0 Stopped actors, and 3 active threads.
Deadlock detected.
Resolving Deadlock
Checking for deadlock:
There are 3 Blocked actors, 0 Stopped actors, and 3 active threads.
Artificial Deadlock - increasing queue capacity.
increasing the capacity of receiver ptolemy.actor.TypedIOPort {.top.OrderedMerge.inputB} to 2
-- Thread wrapup() called.
Called wrapup()
Thread .top.Ramp2 is exiting.
-- Thread stopped.
Director: Called postfire().
Called postfire().
_stopRequested = false
_stopFireRequested = false
Returning from postfire(): true
Called fire().
Checking for deadlock:
There are 2 Blocked actors, 0 Stopped actors, and 2 active threads.
Actors have stopped.
Checking for deadlock:
There are 2 Blocked actors, 0 Stopped actors, and 2 active threads.
Deadlock detected.
Resolving Deadlock
Checking for deadlock:
There are 2 Blocked actors, 0 Stopped actors, and 2 active threads.
Deadlock detected: no processes blocked on write, but some are blocked on read.
Called postfire().
_stopRequested = false
_stopFireRequested = false
Returning from postfire(): false
Finished deactivating branches.
Called wrapup().
-- Thread wrapup() called.
Called wrapup()
Thread .top.Test is exiting.
-- Thread stopped.
-- Blocked Receiver call threw TerminateProcessException.
-- Thread wrapup() called.
Called wrapup()
Thread .top.OrderedMerge is exiting.
-- Thread stopped.
-- Blocked Receiver call threw TerminateProcessException.
64 ms. Memory: 129024K Free: 107387K (83%)
.top. Preinitializing ...
Invoking preinitialize():  .top.OrderedMerge
Called preinitialize()
Invoking preinitialize():  .top.Ramp
Called preinitialize()
Invoking preinitialize():  .top.Ramp2
Called preinitialize()
Invoking preinitialize():  .top.Test
Called preinitialize()
.top. Finished preinitialize().
Called initialize().
Invoking initialize():  .top.OrderedMerge
Initializing actor: .top.OrderedMerge
Adding a thread: .top.OrderedMerge
Invoking initialize():  .top.Ramp
Initializing actor: .top.Ramp
Adding a thread: .top.Ramp
Invoking initialize():  .top.Ramp2
Initializing actor: .top.Ramp2
Adding a thread: .top.Ramp2
Invoking initialize():  .top.Test
Initializing actor: .top.Test
Adding a thread: .top.Test
-- Starting thread.
Called initialize()
Called prefire()
Called fire()
-- Starting thread.
Called initialize()
Called prefire()
Called fire()
Called postfire()
Called prefire()
Called fire()
-- Starting thread.
Called initialize()
Called prefire()
Called fire()
Called postfire()
Called prefire()
Called fire()
Called fire().
Checking for deadlock:
There are 3 Blocked actors, 0 Stopped actors, and 4 active threads.
Waiting for actors to stop.
-- Starting thread.
Called initialize()
Called prefire()
Called fire()
Checking for deadlock:
There are 2 Blocked actors, 0 Stopped actors, and 4 active threads.
Waiting for actors to stop.
Called postfire()
Called prefire()
Called fire()
Checking for deadlock:
There are 3 Blocked actors, 0 Stopped actors, and 4 active threads.
Waiting for actors to stop.
Read input token from inputA with value 0.0
Next port to read input from is inputB
Called postfire()
Called prefire()
Called fire()
Called postfire()
Called prefire()
Called fire()
Checking for deadlock:
There are 3 Blocked actors, 0 Stopped actors, and 4 active threads.
Waiting for actors to stop.
Read input token from inputB with value 0.0
-- Read input: 0.0, which is expected to match: 0.0
Called prefire()
Called fire()
Checking for deadlock:
There are 3 Blocked actors, 0 Stopped actors, and 4 active threads.
Waiting for actors to stop.
Sent output token with value 0.0
Next port to read input from is inputA
Called postfire()
Called prefire()
Called fire()
Checking for deadlock:
There are 2 Blocked actors, 0 Stopped actors, and 4 active threads.
Waiting for actors to stop.
Called postfire()
Called prefire()
Called fire()
Checking for deadlock:
There are 3 Blocked actors, 0 Stopped actors, and 4 active threads.
Waiting for actors to stop.
Read input token from inputA with value 1.0
Checking for deadlock:
There are 2 Blocked actors, 0 Stopped actors, and 4 active threads.
Waiting for actors to stop.
-- Read input: 0.0, which is expected to match: 0.0
Called prefire()
Called fire()
Checking for deadlock:
There are 3 Blocked actors, 0 Stopped actors, and 4 active threads.
Waiting for actors to stop.
Sent output token with value 0.0
Next port to read input from is inputB
Called postfire()
Called prefire()
Called fire()
Checking for deadlock:
There are 2 Blocked actors, 0 Stopped actors, and 4 active threads.
Waiting for actors to stop.
Called postfire()
Called prefire()
Called fire()
Checking for deadlock:
There are 3 Blocked actors, 0 Stopped actors, and 4 active threads.
Waiting for actors to stop.
Read input token from inputB with value 1.5
Checking for deadlock:
There are 2 Blocked actors, 0 Stopped actors, and 4 active threads.
Waiting for actors to stop.
-- Read input: 1.0, which is expected to match: 1.0
Called prefire()
Called fire()
Checking for deadlock:
There are 3 Blocked actors, 0 Stopped actors, and 4 active threads.
Waiting for actors to stop.
Sent output token with value 1.0
Next port to read input from is inputA
Called postfire()
Called prefire()
Called fire()
Checking for deadlock:
There are 2 Blocked actors, 0 Stopped actors, and 4 active threads.
Waiting for actors to stop.
Called postfire()
Called prefire()
Called fire()
Checking for deadlock:
There are 3 Blocked actors, 0 Stopped actors, and 4 active threads.
Waiting for actors to stop.
Read input token from inputA with value 2.0
Checking for deadlock:
There are 2 Blocked actors, 0 Stopped actors, and 4 active threads.
Waiting for actors to stop.
-- Read input: 1.5, which is expected to match: 1.5
Called prefire()
Called fire()
Checking for deadlock:
There are 3 Blocked actors, 0 Stopped actors, and 4 active threads.
Waiting for actors to stop.
Sent output token with value 1.5
Next port to read input from is inputB
Called postfire()
Called prefire()
Called fire()
Called postfire()
Called prefire()
Called fire()
Checking for deadlock:
There are 3 Blocked actors, 0 Stopped actors, and 4 active threads.
Waiting for actors to stop.
Read input token from inputB with value 3.0
-- Read input: 2.0, which is expected to match: 2.0
Called prefire()
Called fire()
Checking for deadlock:
There are 3 Blocked actors, 0 Stopped actors, and 4 active threads.
Waiting for actors to stop.
Sent output token with value 2.0
Next port to read input from is inputA
Called postfire()
Called prefire()
Called fire()
Checking for deadlock:
There are 2 Blocked actors, 0 Stopped actors, and 4 active threads.
Waiting for actors to stop.
Called postfire()
Called prefire()
Called fire()
Checking for deadlock:
There are 3 Blocked actors, 0 Stopped actors, and 4 active threads.
Waiting for actors to stop.
Read input token from inputA with value 3.0
Checking for deadlock:
There are 2 Blocked actors, 0 Stopped actors, and 4 active threads.
Waiting for actors to stop.
-- Read input: 3.0, which is expected to match: 3.0
Called prefire()
Called fire()
Checking for deadlock:
There are 3 Blocked actors, 0 Stopped actors, and 4 active threads.
Waiting for actors to stop.
Sent output token with value 3.0
Next port to read input from is inputB
Called postfire()
Called prefire()
Called fire()
Checking for deadlock:
There are 2 Blocked actors, 0 Stopped actors, and 4 active threads.
Waiting for actors to stop.
Called postfire()
Called prefire()
Called fire()
Checking for deadlock:
There are 3 Blocked actors, 0 Stopped actors, and 4 active threads.
Waiting for actors to stop.
Read input token from inputB with value 4.5
Checking for deadlock:
There are 2 Blocked actors, 0 Stopped actors, and 4 active threads.
Waiting for actors to stop.
-- Read input: 3.0, which is expected to match: 3.0
Called prefire()
Called fire()
Checking for deadlock:
There are 3 Blocked actors, 0 Stopped actors, and 4 active threads.
Waiting for actors to stop.
Sent output token with value 3.0
Next port to read input from is inputA
Called postfire()
Called prefire()
Called fire()
Checking for deadlock:
There are 2 Blocked actors, 0 Stopped actors, and 4 active threads.
Waiting for actors to stop.
Called postfire()
Called prefire()
Called fire()
Checking for deadlock:
There are 3 Blocked actors, 0 Stopped actors, and 4 active threads.
Waiting for actors to stop.
Read input token from inputA with value 4.0
Checking for deadlock:
There are 2 Blocked actors, 0 Stopped actors, and 4 active threads.
Waiting for actors to stop.
-- Read input: 4.0, which is expected to match: 4.0
Called prefire()
Called fire()
Past the end of training data. Read and discard all inputs.
Checking for deadlock:
There are 3 Blocked actors, 0 Stopped actors, and 4 active threads.
Waiting for actors to stop.
Sent output token with value 4.0
Next port to read input from is inputA
Called postfire()
Called prefire()
Called fire()
Checking for deadlock:
There are 2 Blocked actors, 0 Stopped actors, and 4 active threads.
Waiting for actors to stop.
Called postfire()
Called prefire()
Called fire()
Checking for deadlock:
There are 3 Blocked actors, 0 Stopped actors, and 4 active threads.
Waiting for actors to stop.
Read input token from inputA with value 5.0
Checking for deadlock:
There are 2 Blocked actors, 0 Stopped actors, and 4 active threads.
Waiting for actors to stop.
Called prefire()
Called fire()
Past the end of training data. Read and discard all inputs.
Checking for deadlock:
There are 3 Blocked actors, 0 Stopped actors, and 4 active threads.
Waiting for actors to stop.
Sent output token with value 4.5
Next port to read input from is inputB
Called postfire()
Called prefire()
Called fire()
Checking for deadlock:
There are 2 Blocked actors, 0 Stopped actors, and 4 active threads.
Waiting for actors to stop.
Called postfire()
Called prefire()
Called fire()
Checking for deadlock:
There are 3 Blocked actors, 0 Stopped actors, and 4 active threads.
Waiting for actors to stop.
Read input token from inputB with value 6.0
Checking for deadlock:
There are 2 Blocked actors, 0 Stopped actors, and 4 active threads.
Waiting for actors to stop.
Called prefire()
Called fire()
Past the end of training data. Read and discard all inputs.
Checking for deadlock:
There are 3 Blocked actors, 0 Stopped actors, and 4 active threads.
Waiting for actors to stop.
Sent output token with value 5.0
Next port to read input from is inputA
Called postfire()
Called prefire()
Called fire()
Checking for deadlock:
There are 2 Blocked actors, 0 Stopped actors, and 4 active threads.
Waiting for actors to stop.
Called postfire()
Called prefire()
Called fire()
Checking for deadlock:
There are 3 Blocked actors, 0 Stopped actors, and 4 active threads.
Waiting for actors to stop.
Read input token from inputA with value 6.0
Checking for deadlock:
There are 2 Blocked actors, 0 Stopped actors, and 4 active threads.
Waiting for actors to stop.
Called prefire()
Called fire()
Past the end of training data. Read and discard all inputs.
Checking for deadlock:
There are 3 Blocked actors, 0 Stopped actors, and 4 active threads.
Waiting for actors to stop.
Sent output token with value 6.0
Next port to read input from is inputB
Called postfire()
Called prefire()
Called fire()
Called postfire()
Called prefire()
Called fire()
Checking for deadlock:
There are 3 Blocked actors, 0 Stopped actors, and 4 active threads.
Waiting for actors to stop.
Read input token from inputB with value 7.5
Called prefire()
Called fire()
Past the end of training data. Read and discard all inputs.
Checking for deadlock:
There are 3 Blocked actors, 0 Stopped actors, and 4 active threads.
Waiting for actors to stop.
Sent output token with value 6.0
Next port to read input from is inputA
Called postfire()
Called prefire()
Called fire()
Called postfire()
Called prefire()
Called fire()
Checking for deadlock:
There are 3 Blocked actors, 0 Stopped actors, and 4 active threads.
Waiting for actors to stop.
Read input token from inputA with value 7.0
Called prefire()
Called fire()
Past the end of training data. Read and discard all inputs.
Checking for deadlock:
There are 3 Blocked actors, 0 Stopped actors, and 4 active threads.
Waiting for actors to stop.
Sent output token with value 7.0
Next port to read input from is inputA
Called postfire()
Called prefire()
Called fire()
-- Thread wrapup() called.
Called wrapup()
Thread .top.Ramp is exiting.
-- Thread stopped.
Checking for deadlock:
There are 2 Blocked actors, 0 Stopped actors, and 3 active threads.
Waiting for actors to stop.
Read input token from inputA with value 8.0
Called prefire()
Called fire()
Past the end of training data. Read and discard all inputs.
Checking for deadlock:
There are 2 Blocked actors, 0 Stopped actors, and 3 active threads.
Waiting for actors to stop.
Sent output token with value 7.5
Next port to read input from is inputB
Called postfire()
Called prefire()
Called fire()
Called postfire()
Called prefire()
Called fire()
Checking for deadlock:
There are 2 Blocked actors, 0 Stopped actors, and 3 active threads.
Waiting for actors to stop.
Read input token from inputB with value 9.0
Called prefire()
Called fire()
Past the end of training data. Read and discard all inputs.
Checking for deadlock:
There are 2 Blocked actors, 0 Stopped actors, and 3 active threads.
Waiting for actors to stop.
Sent output token with value 8.0
Next port to read input from is inputA
Called postfire()
Called prefire()
Called fire()
Read input token from inputA with value 9.0
Called prefire()
Called fire()
Past the end of training data. Read and discard all inputs.
Checking for deadlock:
There are 2 Blocked actors, 0 Stopped actors, and 3 active threads.
Waiting for actors to stop.
Sent output token with value 9.0
Next port to read input from is inputB
Called postfire()
Called prefire()
Called fire()
Checking for deadlock:
There are 1 Blocked actors, 0 Stopped actors, and 3 active threads.
Waiting for actors to stop.
Called postfire()
Called prefire()
Called fire()
Checking for deadlock:
There are 2 Blocked actors, 0 Stopped actors, and 3 active threads.
Waiting for actors to stop.
Read input token from inputB with value 10.5
Checking for deadlock:
There are 1 Blocked actors, 0 Stopped actors, and 3 active threads.
Waiting for actors to stop.
Called prefire()
Called fire()
Past the end of training data. Read and discard all inputs.
Checking for deadlock:
There are 2 Blocked actors, 0 Stopped actors, and 3 active threads.
Waiting for actors to stop.
Sent output token with value 9.0
Next port to read input from is inputA
Called postfire()
Called prefire()
Called fire()
Checking for deadlock:
There are 3 Blocked actors, 0 Stopped actors, and 3 active threads.
Actors have stopped.
Checking for deadlock:
There are 3 Blocked actors, 0 Stopped actors, and 3 active threads.
Deadlock detected.
Resolving Deadlock
Checking for deadlock:
There are 3 Blocked actors, 0 Stopped actors, and 3 active threads.
Artificial Deadlock - increasing queue capacity.
increasing the capacity of receiver ptolemy.actor.TypedIOPort {.top.OrderedMerge.inputB} to 2
Director: Called postfire().
Called postfire().
_stopRequested = false
_stopFireRequested = false
Returning from postfire(): true
Called fire().
Checking for deadlock:
There are 2 Blocked actors, 0 Stopped actors, and 3 active threads.
Waiting for actors to stop.
-- Thread wrapup() called.
Called wrapup()
Thread .top.Ramp2 is exiting.
-- Thread stopped.
Checking for deadlock:
There are 2 Blocked actors, 0 Stopped actors, and 2 active threads.
Actors have stopped.
Checking for deadlock:
There are 2 Blocked actors, 0 Stopped actors, and 2 active threads.
Deadlock detected.
Resolving Deadlock
Checking for deadlock:
There are 2 Blocked actors, 0 Stopped actors, and 2 active threads.
Deadlock detected: no processes blocked on write, but some are blocked on read.
Called postfire().
_stopRequested = false
_stopFireRequested = false
Returning from postfire(): false
Finished deactivating branches.
Called wrapup().
-- Thread wrapup() called.
Called wrapup()
-- Thread wrapup() called.
Called wrapup()
Thread .top.Test is exiting.
-- Thread stopped.
-- Blocked Receiver call threw TerminateProcessException.
Thread .top.OrderedMerge is exiting.
47 ms. Memory: 129024K Free: 104825K (81%)
/home/travis/build/icyphy/ptII/ptolemy/actor/lib/test/Publisher.tcl
-- Thread stopped.
-- Blocked Receiver call threw TerminateProcessException.
22 ms. Memory: 129024K Free: 98681K (76%)
4 ms. Memory: 129024K Free: 93547K (73%)
22 ms. Memory: 129024K Free: 112320K (87%)
16 ms. Memory: 129024K Free: 111411K (86%)
3 ms. Memory: 129024K Free: 110901K (86%)
11 ms. Memory: 129024K Free: 109877K (85%)
2 ms. Memory: 129024K Free: 108853K (84%)
3 ms. Memory: 129024K Free: 108325K (84%)
30 ms. Memory: 129024K Free: 98099K (76%)
7 ms. Memory: 129024K Free: 94517K (73%)
3 ms. Memory: 129024K Free: 93997K (73%)
3 ms. Memory: 129024K Free: 91445K (71%)
6 ms. Memory: 129024K Free: 83763K (65%)
5 ms. Memory: 129024K Free: 74547K (58%)
5 ms. Memory: 129024K Free: 63283K (49%)
/home/travis/build/icyphy/ptII/ptolemy/actor/lib/test/Pulse.tcl
2 ms. Memory: 129024K Free: 90553K (70%)
2 ms. Memory: 129024K Free: 90009K (70%)
1 ms. Memory: 129024K Free: 89529K (69%)
1 ms. Memory: 129024K Free: 89015K (69%)
1 ms. Memory: 129024K Free: 88505K (69%)
5 ms. Memory: 129024K Free: 87481K (68%)
3 ms. Memory: 129024K Free: 86457K (67%)
2 ms. Memory: 129024K Free: 85433K (66%)
1 ms. Memory: 129024K Free: 84913K (66%)
/home/travis/build/icyphy/ptII/ptolemy/actor/lib/test/Ramp.tcl
11 ms. Memory: 129024K Free: 82857K (64%)
2 ms. Memory: 129024K Free: 81847K (63%)
6 ms. Memory: 129024K Free: 81337K (63%)
1 ms. Memory: 129024K Free: 80313K (62%)
6 ms. Memory: 129024K Free: 79785K (62%)
8 ms. Memory: 129024K Free: 78761K (61%)
9 ms. Memory: 129024K Free: 77751K (60%)
5 actors
5000 microseconds per iteration to create
10 ms. Memory: 129024K Free: 75193K (58%)
2 ms. Memory: 129024K Free: 74679K (58%)
6 ms. Memory: 129024K Free: 74169K (57%)
2 ms. Memory: 129024K Free: 73655K (57%)
50 actors
43000 microseconds per iteration to create
43 ms. Memory: 129024K Free: 57785K (45%)
5 ms. Memory: 129024K Free: 56761K (44%)
12 ms. Memory: 129024K Free: 55737K (43%)
12 ms. Memory: 129024K Free: 54713K (42%)
500 actors
1503000 microseconds per iteration to create
202 ms. Memory: 157696K Free: 68034K (43%)
31 ms. Memory: 157696K Free: 62914K (40%)
31 ms. Memory: 157696K Free: 57794K (37%)
55 ms. Memory: 157696K Free: 131582K (83%)
/home/travis/build/icyphy/ptII/ptolemy/actor/lib/test/RampContinuous.tcl
6 ms. Memory: 157696K Free: 130531K (83%)
/home/travis/build/icyphy/ptII/ptolemy/actor/lib/test/RecordAssembler.tcl
5 ms. Memory: 157696K Free: 128495K (81%)
3 ms. Memory: 157696K Free: 127486K (81%)
/home/travis/build/icyphy/ptII/ptolemy/actor/lib/test/RecordDisassembler.tcl
5 ms. Memory: 157696K Free: 125952K (80%)
2 ms. Memory: 157696K Free: 125423K (80%)
2 ms. Memory: 157696K Free: 123904K (79%)
/home/travis/build/icyphy/ptII/ptolemy/actor/lib/test/Scale.tcl
2 ms. Memory: 157696K Free: 122351K (78%)
1 ms. Memory: 157696K Free: 121311K (77%)
1 ms. Memory: 157696K Free: 120832K (77%)
2 ms. Memory: 157696K Free: 119808K (76%)
2 ms. Memory: 157696K Free: 119279K (76%)
/home/travis/build/icyphy/ptII/ptolemy/actor/lib/test/SequentialClock.tcl
preinitializing
resolving types
initializing
executing number 1
wrapping up
idle
2 ms. Memory: 157696K Free: 117760K (75%)
Completed execution with 5 iterations
preinitializing
resolving types
initializing
executing number 1
wrapping up
idle
1 ms. Memory: 157696K Free: 117231K (74%)
Completed execution with 5 iterations
preinitializing
resolving types
initializing
executing number 1
wrapping up
idle
1 ms. Memory: 157696K Free: 116736K (74%)
Completed execution with 5 iterations
/home/travis/build/icyphy/ptII/ptolemy/actor/lib/test/SetVariable.tcl
4 ms. Memory: 157696K Free: 114688K (73%)
/home/travis/build/icyphy/ptII/ptolemy/actor/lib/test/Sinewave.tcl
/home/travis/build/icyphy/ptII/ptolemy/actor/lib/test/SubscriptionAggregator.tcl
4 ms. Memory: 157696K Free: 103424K (66%)
2 ms. Memory: 157696K Free: 102903K (65%)
1 ms. Memory: 157696K Free: 102400K (65%)
0 ms. Memory: 157696K Free: 101886K (65%)
2 ms. Memory: 157696K Free: 98304K (62%)
20 ms. Memory: 157696K Free: 96256K (61%)
...............................................................987 ms. Memory: 204800K Free: 110078K (54%)
/home/travis/build/icyphy/ptII/ptolemy/actor/lib/test/Test.tcl
 The next command will produce a warning about training mode,
   which may be ignored.
4 ms. Memory: 204800K Free: 108544K (53%)
7 ms. Memory: 204800K Free: 107520K (53%)
3 ms. Memory: 204800K Free: 107006K (52%)
1 ms. Memory: 204800K Free: 106496K (52%)
3 ms. Memory: 204800K Free: 105472K (52%)
2 ms. Memory: 204800K Free: 104448K (51%)
3 ms. Memory: 204800K Free: 102895K (50%)
 The next command will produce a warning about training mode,
   which may be ignored.
7 ms. Memory: 204800K Free: 100847K (49%)
 The next command will produce a warning about training mode,
   which may be ignored.
3 ms. Memory: 204800K Free: 99823K (49%)
1 ms. Memory: 204800K Free: 99328K (49%)
1 ms. Memory: 204800K Free: 98814K (48%)
2 ms. Memory: 204800K Free: 98304K (48%)
7 ms. Memory: 204800K Free: 97280K (48%)
5 ms. Memory: 204800K Free: 93184K (46%)
/home/travis/build/icyphy/ptII/ptolemy/actor/lib/test/TestExceptionHandler.tcl
 The next command will produce a warning about training mode,
   which may be ignored.
3 ms. Memory: 204800K Free: 92160K (45%)
0 ms. Memory: 204800K Free: 91615K (45%)
2 ms. Memory: 204800K Free: 91136K (45%)
/home/travis/build/icyphy/ptII/ptolemy/actor/lib/test/UnionDisassembler.tcl
28 ms. Memory: 204800K Free: 83454K (41%)
/home/travis/build/icyphy/ptII/ptolemy/actor/lib/test/VariableClock.tcl
preinitializing
resolving types
initializing
executing number 1
wrapping up
idle
8 ms. Memory: 204800K Free: 81920K (40%)
Completed execution with 11 iterations
preinitializing
resolving types
initializing
executing number 1
wrapping up
idle
15 ms. Memory: 204800K Free: 80375K (39%)
Completed execution with 10 iterations
05/05/20 02:19:24
Failed: 0  Total Tests: 233  ((Passed: 233, Newly Passed: 0)  Known Failed: 0) /home/travis/build/icyphy/ptII/ptolemy/actor/lib/test
----------------- testing (KnownFailure) /home/travis/build/icyphy/ptII/ptolemy/actor/lib/test/auto/knownFailedTests/PublisherPortToplevelSubscriber.xml
0 ms. Memory: 204800K Free: 76800K (38%)
Known Failure: java.lang.reflect.InvocationTargetException
----------------- testing (KnownFailure) /home/travis/build/icyphy/ptII/ptolemy/actor/lib/test/auto/knownFailedTests/PublisherSubscriberPortToplevel.xml
0 ms. Memory: 204800K Free: 73214K (36%)
Known Failure: java.lang.reflect.InvocationTargetException
----------------- testing (KnownFailure) /home/travis/build/icyphy/ptII/ptolemy/actor/lib/test/auto/knownFailedTests/PublisherSubscriptionAggregatorPort.xml
1 ms. Memory: 204800K Free: 68608K (34%)
Known Failure: java.lang.reflect.InvocationTargetException
----------------- testing (KnownFailure) /home/travis/build/icyphy/ptII/ptolemy/actor/lib/test/auto/knownFailedTests/sizedarray3.xml
7 ms. Memory: 204800K Free: 64512K (32%)
Known Failure: java.lang.reflect.InvocationTargetException
No auto/linux-amd64/*.xml tests in /home/travis/build/icyphy/ptII/ptolemy/actor/lib/test
AutoTests.java: About to close Vertx.
AutoTests.java: Vertx closed.

===========================================================================================
----------------- testing Tue May 05 14:19:25 UTC 2020 /home/travis/build/icyphy/ptII/ptolemy/actor/lib/test/auto/AbsoluteValue.xml
----------------- Instantiating /home/travis/build/icyphy/ptII/ptolemy/actor/lib/test/auto/AbsoluteValue.xml
14 ms. Memory: 349184K Free: 287704K (82%)
----------------- Invoking toplevel() on ptolemy.moml.MoMLSimpleApplication@563b725a
----------------- Done invoking toplevel() on ptolemy.moml.MoMLSimpleApplication@563b725a
reloadAllAccessors: .AbsoluteValue

===========================================================================================
----------------- testing Tue May 05 14:19:25 UTC 2020 /home/travis/build/icyphy/ptII/ptolemy/actor/lib/test/auto/AbsoluteValue2.xml
----------------- Instantiating /home/travis/build/icyphy/ptII/ptolemy/actor/lib/test/auto/AbsoluteValue2.xml
5 ms. Memory: 349184K Free: 280536K (80%)
----------------- Invoking toplevel() on ptolemy.moml.MoMLSimpleApplication@5550d15e
----------------- Done invoking toplevel() on ptolemy.moml.MoMLSimpleApplication@5550d15e
reloadAllAccessors: .AbsoluteValue2

===========================================================================================
----------------- testing Tue May 05 14:19:25 UTC 2020 /home/travis/build/icyphy/ptII/ptolemy/actor/lib/test/auto/Accumulator.xml
----------------- Instantiating /home/travis/build/icyphy/ptII/ptolemy/actor/lib/test/auto/Accumulator.xml
9 ms. Memory: 349184K Free: 274392K (79%)
----------------- Invoking toplevel() on ptolemy.moml.MoMLSimpleApplication@5b6dac67
----------------- Done invoking toplevel() on ptolemy.moml.MoMLSimpleApplication@5b6dac67
reloadAllAccessors: .Accumulator

===========================================================================================
----------------- testing Tue May 05 14:19:25 UTC 2020 /home/travis/build/icyphy/ptII/ptolemy/actor/lib/test/auto/Accumulator2.xml
----------------- Instantiating /home/travis/build/icyphy/ptII/ptolemy/actor/lib/test/auto/Accumulator2.xml
3 ms. Memory: 349184K Free: 269272K (77%)
----------------- Invoking toplevel() on ptolemy.moml.MoMLSimpleApplication@249f49e4
----------------- Done invoking toplevel() on ptolemy.moml.MoMLSimpleApplication@249f49e4
reloadAllAccessors: .Accumulator2

===========================================================================================
----------------- testing Tue May 05 14:19:25 UTC 2020 /home/travis/build/icyphy/ptII/ptolemy/actor/lib/test/auto/Accumulator3.xml
----------------- Instantiating /home/travis/build/icyphy/ptII/ptolemy/actor/lib/test/auto/Accumulator3.xml
6 ms. Memory: 349184K Free: 264152K (76%)
----------------- Invoking toplevel() on ptolemy.moml.MoMLSimpleApplication@3cef4cf5
----------------- Done invoking toplevel() on ptolemy.moml.MoMLSimpleApplication@3cef4cf5
reloadAllAccessors: .Accumulator3

===========================================================================================
----------------- testing Tue May 05 14:19:25 UTC 2020 /home/travis/build/icyphy/ptII/ptolemy/actor/lib/test/auto/ArrayAppend.xml
----------------- Instantiating /home/travis/build/icyphy/ptII/ptolemy/actor/lib/test/auto/ArrayAppend.xml
13 ms. Memory: 349184K Free: 258504K (74%)
----------------- Invoking toplevel() on ptolemy.moml.MoMLSimpleApplication@dce4d19
----------------- Done invoking toplevel() on ptolemy.moml.MoMLSimpleApplication@dce4d19
reloadAllAccessors: .ArrayAppend

===========================================================================================
----------------- testing Tue May 05 14:19:25 UTC 2020 /home/travis/build/icyphy/ptII/ptolemy/actor/lib/test/auto/ArrayAppend2.xml
----------------- Instantiating /home/travis/build/icyphy/ptII/ptolemy/actor/lib/test/auto/ArrayAppend2.xml
374 ms. Memory: 349184K Free: 175574K (50%)
----------------- Invoking toplevel() on ptolemy.moml.MoMLSimpleApplication@341f4214
----------------- Done invoking toplevel() on ptolemy.moml.MoMLSimpleApplication@341f4214
reloadAllAccessors: .ArrayAppend2

===========================================================================================
----------------- testing Tue May 05 14:19:26 UTC 2020 /home/travis/build/icyphy/ptII/ptolemy/actor/lib/test/auto/ArrayAppend3.xml
----------------- Instantiating /home/travis/build/icyphy/ptII/ptolemy/actor/lib/test/auto/ArrayAppend3.xml
9 ms. Memory: 349184K Free: 170454K (49%)
----------------- Invoking toplevel() on ptolemy.moml.MoMLSimpleApplication@1cbb1d61
----------------- Done invoking toplevel() on ptolemy.moml.MoMLSimpleApplication@1cbb1d61
reloadAllAccessors: .ArrayAppend3

===========================================================================================
----------------- testing Tue May 05 14:19:26 UTC 2020 /home/travis/build/icyphy/ptII/ptolemy/actor/lib/test/auto/ArrayAppend4.xml
----------------- Instantiating /home/travis/build/icyphy/ptII/ptolemy/actor/lib/test/auto/ArrayAppend4.xml
3 ms. Memory: 349184K Free: 164824K (47%)
----------------- Invoking toplevel() on ptolemy.moml.MoMLSimpleApplication@7cccdaa4
----------------- Done invoking toplevel() on ptolemy.moml.MoMLSimpleApplication@7cccdaa4
reloadAllAccessors: .ArrayAppend4

===========================================================================================
----------------- testing Tue May 05 14:19:26 UTC 2020 /home/travis/build/icyphy/ptII/ptolemy/actor/lib/test/auto/ArrayAppend5.xml
----------------- Instantiating /home/travis/build/icyphy/ptII/ptolemy/actor/lib/test/auto/ArrayAppend5.xml
3 ms. Memory: 349184K Free: 160214K (46%)
----------------- Invoking toplevel() on ptolemy.moml.MoMLSimpleApplication@542bb8c
----------------- Done invoking toplevel() on ptolemy.moml.MoMLSimpleApplication@542bb8c
reloadAllAccessors: .ArrayAppend5

===========================================================================================
----------------- testing Tue May 05 14:19:26 UTC 2020 /home/travis/build/icyphy/ptII/ptolemy/actor/lib/test/auto/ArrayAppend6.xml
----------------- Instantiating /home/travis/build/icyphy/ptII/ptolemy/actor/lib/test/auto/ArrayAppend6.xml
3 ms. Memory: 349184K Free: 155094K (44%)
----------------- Invoking toplevel() on ptolemy.moml.MoMLSimpleApplication@7bcab4b5
----------------- Done invoking toplevel() on ptolemy.moml.MoMLSimpleApplication@7bcab4b5
reloadAllAccessors: .ArrayAppend6

===========================================================================================
----------------- testing Tue May 05 14:19:26 UTC 2020 /home/travis/build/icyphy/ptII/ptolemy/actor/lib/test/auto/ArrayAppendPerformanceTest.xml
----------------- Instantiating /home/travis/build/icyphy/ptII/ptolemy/actor/lib/test/auto/ArrayAppendPerformanceTest.xml
47 ms. Memory: 349184K Free: 143830K (41%)
----------------- Invoking toplevel() on ptolemy.moml.MoMLSimpleApplication@dee0661
----------------- Done invoking toplevel() on ptolemy.moml.MoMLSimpleApplication@dee0661
reloadAllAccessors: .ArrayAppendPerformanceTest

===========================================================================================
----------------- testing Tue May 05 14:19:26 UTC 2020 /home/travis/build/icyphy/ptII/ptolemy/actor/lib/test/auto/ArrayAppendWithEmptyInput.xml
----------------- Instantiating /home/travis/build/icyphy/ptII/ptolemy/actor/lib/test/auto/ArrayAppendWithEmptyInput.xml
13 ms. Memory: 349184K Free: 136152K (39%)
----------------- Invoking toplevel() on ptolemy.moml.MoMLSimpleApplication@270f0925
----------------- Done invoking toplevel() on ptolemy.moml.MoMLSimpleApplication@270f0925
reloadAllAccessors: .ArrayAppendWithEmptyInput

===========================================================================================
----------------- testing Tue May 05 14:19:26 UTC 2020 /home/travis/build/icyphy/ptII/ptolemy/actor/lib/test/auto/ArrayAverage.xml
----------------- Instantiating /home/travis/build/icyphy/ptII/ptolemy/actor/lib/test/auto/ArrayAverage.xml
4 ms. Memory: 349184K Free: 128470K (37%)
----------------- Invoking toplevel() on ptolemy.moml.MoMLSimpleApplication@280b1bda
----------------- Done invoking toplevel() on ptolemy.moml.MoMLSimpleApplication@280b1bda
reloadAllAccessors: .ArrayAverage

===========================================================================================
----------------- testing Tue May 05 14:19:26 UTC 2020 /home/travis/build/icyphy/ptII/ptolemy/actor/lib/test/auto/ArrayContains.xml
----------------- Instantiating /home/travis/build/icyphy/ptII/ptolemy/actor/lib/test/auto/ArrayContains.xml
6 ms. Memory: 349184K Free: 296406K (85%)
----------------- Invoking toplevel() on ptolemy.moml.MoMLSimpleApplication@7dc388ed
----------------- Done invoking toplevel() on ptolemy.moml.MoMLSimpleApplication@7dc388ed
reloadAllAccessors: .ArrayContains

===========================================================================================
----------------- testing Tue May 05 14:19:26 UTC 2020 /home/travis/build/icyphy/ptII/ptolemy/actor/lib/test/auto/ArrayElement.xml
----------------- Instantiating /home/travis/build/icyphy/ptII/ptolemy/actor/lib/test/auto/ArrayElement.xml
6 ms. Memory: 349184K Free: 290262K (83%)
----------------- Invoking toplevel() on ptolemy.moml.MoMLSimpleApplication@39262355
----------------- Done invoking toplevel() on ptolemy.moml.MoMLSimpleApplication@39262355
reloadAllAccessors: .ArrayElement

===========================================================================================
----------------- testing Tue May 05 14:19:26 UTC 2020 /home/travis/build/icyphy/ptII/ptolemy/actor/lib/test/auto/ArrayElementAsMatrix.xml
----------------- Instantiating /home/travis/build/icyphy/ptII/ptolemy/actor/lib/test/auto/ArrayElementAsMatrix.xml
20 ms. Memory: 349184K Free: 280536K (80%)
----------------- Invoking toplevel() on ptolemy.moml.MoMLSimpleApplication@72feb574
----------------- Done invoking toplevel() on ptolemy.moml.MoMLSimpleApplication@72feb574
reloadAllAccessors: .ArrayElementAsMatrix

===========================================================================================
----------------- testing Tue May 05 14:19:26 UTC 2020 /home/travis/build/icyphy/ptII/ptolemy/actor/lib/test/auto/ArrayElementI.xml
----------------- Instantiating /home/travis/build/icyphy/ptII/ptolemy/actor/lib/test/auto/ArrayElementI.xml
3 ms. Memory: 349184K Free: 274902K (79%)
----------------- Invoking toplevel() on ptolemy.moml.MoMLSimpleApplication@11ad2dd0
----------------- Done invoking toplevel() on ptolemy.moml.MoMLSimpleApplication@11ad2dd0
reloadAllAccessors: .ArrayElementI

===========================================================================================
----------------- testing Tue May 05 14:19:26 UTC 2020 /home/travis/build/icyphy/ptII/ptolemy/actor/lib/test/auto/ArrayExtract.xml
----------------- Instantiating /home/travis/build/icyphy/ptII/ptolemy/actor/lib/test/auto/ArrayExtract.xml
4 ms. Memory: 349184K Free: 266710K (76%)
----------------- Invoking toplevel() on ptolemy.moml.MoMLSimpleApplication@48e31479
----------------- Done invoking toplevel() on ptolemy.moml.MoMLSimpleApplication@48e31479
reloadAllAccessors: .ArrayExtract

===========================================================================================
----------------- testing Tue May 05 14:19:26 UTC 2020 /home/travis/build/icyphy/ptII/ptolemy/actor/lib/test/auto/ArrayExtract2.xml
----------------- Instantiating /home/travis/build/icyphy/ptII/ptolemy/actor/lib/test/auto/ArrayExtract2.xml
2 ms. Memory: 349184K Free: 261080K (75%)
----------------- Invoking toplevel() on ptolemy.moml.MoMLSimpleApplication@18068c6
----------------- Done invoking toplevel() on ptolemy.moml.MoMLSimpleApplication@18068c6
reloadAllAccessors: .ArrayExtract2

===========================================================================================
----------------- testing Tue May 05 14:19:26 UTC 2020 /home/travis/build/icyphy/ptII/ptolemy/actor/lib/test/auto/ArrayLength.xml
----------------- Instantiating /home/travis/build/icyphy/ptII/ptolemy/actor/lib/test/auto/ArrayLength.xml
2 ms. Memory: 349184K Free: 257494K (74%)
----------------- Invoking toplevel() on ptolemy.moml.MoMLSimpleApplication@4b307571
----------------- Done invoking toplevel() on ptolemy.moml.MoMLSimpleApplication@4b307571
reloadAllAccessors: .ArrayLength

===========================================================================================
----------------- testing Tue May 05 14:19:26 UTC 2020 /home/travis/build/icyphy/ptII/ptolemy/actor/lib/test/auto/ArrayLevelCrossing.xml
----------------- Instantiating /home/travis/build/icyphy/ptII/ptolemy/actor/lib/test/auto/ArrayLevelCrossing.xml
4 ms. Memory: 349184K Free: 249302K (71%)
----------------- Invoking toplevel() on ptolemy.moml.MoMLSimpleApplication@12eba446
----------------- Done invoking toplevel() on ptolemy.moml.MoMLSimpleApplication@12eba446
reloadAllAccessors: .ArrayLevelCrossing

===========================================================================================
----------------- testing Tue May 05 14:19:26 UTC 2020 /home/travis/build/icyphy/ptII/ptolemy/actor/lib/test/auto/ArrayLevelCrossing2.xml
----------------- Instantiating /home/travis/build/icyphy/ptII/ptolemy/actor/lib/test/auto/ArrayLevelCrossing2.xml
2 ms. Memory: 349184K Free: 242120K (69%)
----------------- Invoking toplevel() on ptolemy.moml.MoMLSimpleApplication@542f91cd
----------------- Done invoking toplevel() on ptolemy.moml.MoMLSimpleApplication@542f91cd
reloadAllAccessors: .ArrayLevelCrossing2

===========================================================================================
----------------- testing Tue May 05 14:19:26 UTC 2020 /home/travis/build/icyphy/ptII/ptolemy/actor/lib/test/auto/ArrayPeakSearch.xml
----------------- Instantiating /home/travis/build/icyphy/ptII/ptolemy/actor/lib/test/auto/ArrayPeakSearch.xml
7 ms. Memory: 349184K Free: 232918K (67%)
----------------- Invoking toplevel() on ptolemy.moml.MoMLSimpleApplication@55c90523
----------------- Done invoking toplevel() on ptolemy.moml.MoMLSimpleApplication@55c90523
reloadAllAccessors: .ArrayPeakSearch

===========================================================================================
----------------- testing Tue May 05 14:19:26 UTC 2020 /home/travis/build/icyphy/ptII/ptolemy/actor/lib/test/auto/ArrayPeakSearch2.xml
----------------- Instantiating /home/travis/build/icyphy/ptII/ptolemy/actor/lib/test/auto/ArrayPeakSearch2.xml
6 ms. Memory: 349184K Free: 222664K (64%)
----------------- Invoking toplevel() on ptolemy.moml.MoMLSimpleApplication@35b9585b
----------------- Done invoking toplevel() on ptolemy.moml.MoMLSimpleApplication@35b9585b
reloadAllAccessors: .ArrayPeakSearch2

===========================================================================================
----------------- testing Tue May 05 14:19:26 UTC 2020 /home/travis/build/icyphy/ptII/ptolemy/actor/lib/test/auto/ArrayPeakSearch3.xml
----------------- Instantiating /home/travis/build/icyphy/ptII/ptolemy/actor/lib/test/auto/ArrayPeakSearch3.xml
3 ms. Memory: 349184K Free: 213462K (61%)
----------------- Invoking toplevel() on ptolemy.moml.MoMLSimpleApplication@5b0a171a
----------------- Done invoking toplevel() on ptolemy.moml.MoMLSimpleApplication@5b0a171a
reloadAllAccessors: .ArrayPeakSearch3

===========================================================================================
----------------- testing Tue May 05 14:19:26 UTC 2020 /home/travis/build/icyphy/ptII/ptolemy/actor/lib/test/auto/ArrayRemoveElement.xml
----------------- Instantiating /home/travis/build/icyphy/ptII/ptolemy/actor/lib/test/auto/ArrayRemoveElement.xml
3 ms. Memory: 349184K Free: 205784K (59%)
----------------- Invoking toplevel() on ptolemy.moml.MoMLSimpleApplication@65568224
----------------- Done invoking toplevel() on ptolemy.moml.MoMLSimpleApplication@65568224
reloadAllAccessors: .ArrayRemoveElement

===========================================================================================
----------------- testing Tue May 05 14:19:26 UTC 2020 /home/travis/build/icyphy/ptII/ptolemy/actor/lib/test/auto/ArraySort.xml
----------------- Instantiating /home/travis/build/icyphy/ptII/ptolemy/actor/lib/test/auto/ArraySort.xml
9 ms. Memory: 349184K Free: 196568K (56%)
----------------- Invoking toplevel() on ptolemy.moml.MoMLSimpleApplication@6f9e4425
----------------- Done invoking toplevel() on ptolemy.moml.MoMLSimpleApplication@6f9e4425
reloadAllAccessors: .ArraySort

===========================================================================================
----------------- testing Tue May 05 14:19:26 UTC 2020 /home/travis/build/icyphy/ptII/ptolemy/actor/lib/test/auto/ArraySum.xml
----------------- Instantiating /home/travis/build/icyphy/ptII/ptolemy/actor/lib/test/auto/ArraySum.xml
8 ms. Memory: 349184K Free: 191448K (55%)
----------------- Invoking toplevel() on ptolemy.moml.MoMLSimpleApplication@5fd3ffb4
----------------- Done invoking toplevel() on ptolemy.moml.MoMLSimpleApplication@5fd3ffb4
reloadAllAccessors: .ArraySum

===========================================================================================
----------------- testing Tue May 05 14:19:27 UTC 2020 /home/travis/build/icyphy/ptII/ptolemy/actor/lib/test/auto/ArrayToElements.xml
----------------- Instantiating /home/travis/build/icyphy/ptII/ptolemy/actor/lib/test/auto/ArrayToElements.xml
8 ms. Memory: 349184K Free: 185814K (53%)
----------------- Invoking toplevel() on ptolemy.moml.MoMLSimpleApplication@691ebfdb
----------------- Done invoking toplevel() on ptolemy.moml.MoMLSimpleApplication@691ebfdb
reloadAllAccessors: .ArrayToElements

===========================================================================================
----------------- testing Tue May 05 14:19:27 UTC 2020 /home/travis/build/icyphy/ptII/ptolemy/actor/lib/test/auto/ArrayToMatrix.xml
----------------- Instantiating /home/travis/build/icyphy/ptII/ptolemy/actor/lib/test/auto/ArrayToMatrix.xml
7 ms. Memory: 349184K Free: 171478K (49%)
----------------- Invoking toplevel() on ptolemy.moml.MoMLSimpleApplication@1e063e70
----------------- Done invoking toplevel() on ptolemy.moml.MoMLSimpleApplication@1e063e70
reloadAllAccessors: .ArrayToMatrix

===========================================================================================
----------------- testing Tue May 05 14:19:27 UTC 2020 /home/travis/build/icyphy/ptII/ptolemy/actor/lib/test/auto/ArrayUpdate1.xml
----------------- Instantiating /home/travis/build/icyphy/ptII/ptolemy/actor/lib/test/auto/ArrayUpdate1.xml
2 ms. Memory: 349184K Free: 166358K (48%)
----------------- Invoking toplevel() on ptolemy.moml.MoMLSimpleApplication@2df5ebed
----------------- Done invoking toplevel() on ptolemy.moml.MoMLSimpleApplication@2df5ebed
reloadAllAccessors: .ArrayUpdate1

===========================================================================================
----------------- testing Tue May 05 14:19:27 UTC 2020 /home/travis/build/icyphy/ptII/ptolemy/actor/lib/test/auto/ArrayUpdate2.xml
----------------- Instantiating /home/travis/build/icyphy/ptII/ptolemy/actor/lib/test/auto/ArrayUpdate2.xml
6 ms. Memory: 349184K Free: 160214K (46%)
----------------- Invoking toplevel() on ptolemy.moml.MoMLSimpleApplication@50cdbdff
----------------- Done invoking toplevel() on ptolemy.moml.MoMLSimpleApplication@50cdbdff
reloadAllAccessors: .ArrayUpdate2

===========================================================================================
----------------- testing Tue May 05 14:19:27 UTC 2020 /home/travis/build/icyphy/ptII/ptolemy/actor/lib/test/auto/ArrayUpdate3.xml
----------------- Instantiating /home/travis/build/icyphy/ptII/ptolemy/actor/lib/test/auto/ArrayUpdate3.xml
6 ms. Memory: 349184K Free: 155094K (44%)
----------------- Invoking toplevel() on ptolemy.moml.MoMLSimpleApplication@1d075654
----------------- Done invoking toplevel() on ptolemy.moml.MoMLSimpleApplication@1d075654
reloadAllAccessors: .ArrayUpdate3

===========================================================================================
----------------- testing Tue May 05 14:19:27 UTC 2020 /home/travis/build/icyphy/ptII/ptolemy/actor/lib/test/auto/Assert1.xml
----------------- Instantiating /home/travis/build/icyphy/ptII/ptolemy/actor/lib/test/auto/Assert1.xml
4 ms. Memory: 349184K Free: 150998K (43%)
----------------- Invoking toplevel() on ptolemy.moml.MoMLSimpleApplication@4342475e
----------------- Done invoking toplevel() on ptolemy.moml.MoMLSimpleApplication@4342475e
reloadAllAccessors: .Assert1

===========================================================================================
----------------- testing Tue May 05 14:19:27 UTC 2020 /home/travis/build/icyphy/ptII/ptolemy/actor/lib/test/auto/Assert2.xml
----------------- Instantiating /home/travis/build/icyphy/ptII/ptolemy/actor/lib/test/auto/Assert2.xml
2 ms. Memory: 349184K Free: 145878K (42%)
----------------- Invoking toplevel() on ptolemy.moml.MoMLSimpleApplication@4c06acdd
----------------- Done invoking toplevel() on ptolemy.moml.MoMLSimpleApplication@4c06acdd
reloadAllAccessors: .Assert2

===========================================================================================
----------------- testing Tue May 05 14:19:27 UTC 2020 /home/travis/build/icyphy/ptII/ptolemy/actor/lib/test/auto/BooleanMultiplexor.xml
----------------- Instantiating /home/travis/build/icyphy/ptII/ptolemy/actor/lib/test/auto/BooleanMultiplexor.xml
2 ms. Memory: 349184K Free: 140728K (40%)
----------------- Invoking toplevel() on ptolemy.moml.MoMLSimpleApplication@3bf8f625
----------------- Done invoking toplevel() on ptolemy.moml.MoMLSimpleApplication@3bf8f625
reloadAllAccessors: .BooleanMultiplexor

===========================================================================================
----------------- testing Tue May 05 14:19:27 UTC 2020 /home/travis/build/icyphy/ptII/ptolemy/actor/lib/test/auto/BooleanMultiplexor2.xml
----------------- Instantiating /home/travis/build/icyphy/ptII/ptolemy/actor/lib/test/auto/BooleanMultiplexor2.xml
10 ms. Memory: 349184K Free: 133590K (38%)
----------------- Invoking toplevel() on ptolemy.moml.MoMLSimpleApplication@420ab629
----------------- Done invoking toplevel() on ptolemy.moml.MoMLSimpleApplication@420ab629
reloadAllAccessors: .BooleanMultiplexor2

===========================================================================================
----------------- testing Tue May 05 14:19:27 UTC 2020 /home/travis/build/icyphy/ptII/ptolemy/actor/lib/test/auto/BooleanMultiplexor3.xml
----------------- Instantiating /home/travis/build/icyphy/ptII/ptolemy/actor/lib/test/auto/BooleanMultiplexor3.xml
5 ms. Memory: 349184K Free: 130008K (37%)
----------------- Invoking toplevel() on ptolemy.moml.MoMLSimpleApplication@1e212571
----------------- Done invoking toplevel() on ptolemy.moml.MoMLSimpleApplication@1e212571
reloadAllAccessors: .BooleanMultiplexor3

===========================================================================================
----------------- testing Tue May 05 14:19:27 UTC 2020 /home/travis/build/icyphy/ptII/ptolemy/actor/lib/test/auto/BooleanSelect.xml
----------------- Instantiating /home/travis/build/icyphy/ptII/ptolemy/actor/lib/test/auto/BooleanSelect.xml
8 ms. Memory: 349184K Free: 123864K (35%)
----------------- Invoking toplevel() on ptolemy.moml.MoMLSimpleApplication@4a1f3514
----------------- Done invoking toplevel() on ptolemy.moml.MoMLSimpleApplication@4a1f3514
reloadAllAccessors: .BooleanSelect

===========================================================================================
----------------- testing Tue May 05 14:19:27 UTC 2020 /home/travis/build/icyphy/ptII/ptolemy/actor/lib/test/auto/BooleanSelect2.xml
----------------- Instantiating /home/travis/build/icyphy/ptII/ptolemy/actor/lib/test/auto/BooleanSelect2.xml
1 ms. Memory: 349184K Free: 119768K (34%)
----------------- Invoking toplevel() on ptolemy.moml.MoMLSimpleApplication@5ba932a6
----------------- Done invoking toplevel() on ptolemy.moml.MoMLSimpleApplication@5ba932a6
reloadAllAccessors: .BooleanSelect2

===========================================================================================
----------------- testing Tue May 05 14:19:27 UTC 2020 /home/travis/build/icyphy/ptII/ptolemy/actor/lib/test/auto/BooleanSwitch.xml
----------------- Instantiating /home/travis/build/icyphy/ptII/ptolemy/actor/lib/test/auto/BooleanSwitch.xml
4 ms. Memory: 349184K Free: 113110K (32%)
----------------- Invoking toplevel() on ptolemy.moml.MoMLSimpleApplication@7f4c1cd0
----------------- Done invoking toplevel() on ptolemy.moml.MoMLSimpleApplication@7f4c1cd0
reloadAllAccessors: .BooleanSwitch

===========================================================================================
----------------- testing Tue May 05 14:19:27 UTC 2020 /home/travis/build/icyphy/ptII/ptolemy/actor/lib/test/auto/BooleanSwitch2.xml
----------------- Instantiating /home/travis/build/icyphy/ptII/ptolemy/actor/lib/test/auto/BooleanSwitch2.xml
1 ms. Memory: 349184K Free: 109014K (31%)
----------------- Invoking toplevel() on ptolemy.moml.MoMLSimpleApplication@a77f8
----------------- Done invoking toplevel() on ptolemy.moml.MoMLSimpleApplication@a77f8
reloadAllAccessors: .BooleanSwitch2

===========================================================================================
----------------- testing Tue May 05 14:19:27 UTC 2020 /home/travis/build/icyphy/ptII/ptolemy/actor/lib/test/auto/BooleanSwitchCloningBugWithClassRelationGroup.xml
----------------- Instantiating /home/travis/build/icyphy/ptII/ptolemy/actor/lib/test/auto/BooleanSwitchCloningBugWithClassRelationGroup.xml
3 ms. Memory: 349184K Free: 102360K (29%)
----------------- Invoking toplevel() on ptolemy.moml.MoMLSimpleApplication@3c4f588a
----------------- Done invoking toplevel() on ptolemy.moml.MoMLSimpleApplication@3c4f588a
reloadAllAccessors: .BooleanSwitchCloningBugWithClassRelationGroup

===========================================================================================
----------------- testing Tue May 05 14:19:27 UTC 2020 /home/travis/build/icyphy/ptII/ptolemy/actor/lib/test/auto/BusActors.xml
----------------- Instantiating /home/travis/build/icyphy/ptII/ptolemy/actor/lib/test/auto/BusActors.xml
8 ms. Memory: 349184K Free: 292824K (84%)
----------------- Invoking toplevel() on ptolemy.moml.MoMLSimpleApplication@311130fc
----------------- Done invoking toplevel() on ptolemy.moml.MoMLSimpleApplication@311130fc
reloadAllAccessors: .BusActors

===========================================================================================
----------------- testing Tue May 05 14:19:27 UTC 2020 /home/travis/build/icyphy/ptII/ptolemy/actor/lib/test/auto/ClassWrapper.xml
----------------- Instantiating /home/travis/build/icyphy/ptII/ptolemy/actor/lib/test/auto/ClassWrapper.xml
3 ms. Memory: 349184K Free: 288728K (83%)
----------------- Invoking toplevel() on ptolemy.moml.MoMLSimpleApplication@29a32dcf
----------------- Done invoking toplevel() on ptolemy.moml.MoMLSimpleApplication@29a32dcf
reloadAllAccessors: .ClassWrapper

===========================================================================================
----------------- testing Tue May 05 14:19:27 UTC 2020 /home/travis/build/icyphy/ptII/ptolemy/actor/lib/test/auto/Clock.xml
----------------- Instantiating /home/travis/build/icyphy/ptII/ptolemy/actor/lib/test/auto/Clock.xml
1 ms. Memory: 349184K Free: 284632K (82%)
----------------- Invoking toplevel() on ptolemy.moml.MoMLSimpleApplication@ab93698
----------------- Done invoking toplevel() on ptolemy.moml.MoMLSimpleApplication@ab93698
reloadAllAccessors: .Clock

===========================================================================================
----------------- testing Tue May 05 14:19:27 UTC 2020 /home/travis/build/icyphy/ptII/ptolemy/actor/lib/test/auto/Clock10.xml
----------------- Instantiating /home/travis/build/icyphy/ptII/ptolemy/actor/lib/test/auto/Clock10.xml
3 ms. Memory: 349184K Free: 278998K (80%)
----------------- Invoking toplevel() on ptolemy.moml.MoMLSimpleApplication@16da87f7
----------------- Done invoking toplevel() on ptolemy.moml.MoMLSimpleApplication@16da87f7
reloadAllAccessors: .Clock10

===========================================================================================
----------------- testing Tue May 05 14:19:27 UTC 2020 /home/travis/build/icyphy/ptII/ptolemy/actor/lib/test/auto/Clock11.xml
----------------- Instantiating /home/travis/build/icyphy/ptII/ptolemy/actor/lib/test/auto/Clock11.xml
4 ms. Memory: 349184K Free: 272854K (78%)
----------------- Invoking toplevel() on ptolemy.moml.MoMLSimpleApplication@1479976
----------------- Done invoking toplevel() on ptolemy.moml.MoMLSimpleApplication@1479976
reloadAllAccessors: .Clock11

===========================================================================================
----------------- testing Tue May 05 14:19:27 UTC 2020 /home/travis/build/icyphy/ptII/ptolemy/actor/lib/test/auto/Clock12.xml
----------------- Instantiating /home/travis/build/icyphy/ptII/ptolemy/actor/lib/test/auto/Clock12.xml
5 ms. Memory: 349184K Free: 266710K (76%)
----------------- Invoking toplevel() on ptolemy.moml.MoMLSimpleApplication@18df7b2a
----------------- Done invoking toplevel() on ptolemy.moml.MoMLSimpleApplication@18df7b2a
reloadAllAccessors: .Clock12

===========================================================================================
----------------- testing Tue May 05 14:19:27 UTC 2020 /home/travis/build/icyphy/ptII/ptolemy/actor/lib/test/auto/Clock13.xml
----------------- Instantiating /home/travis/build/icyphy/ptII/ptolemy/actor/lib/test/auto/Clock13.xml
4 ms. Memory: 349184K Free: 260552K (75%)
----------------- Invoking toplevel() on ptolemy.moml.MoMLSimpleApplication@65025812
----------------- Done invoking toplevel() on ptolemy.moml.MoMLSimpleApplication@65025812
reloadAllAccessors: .Clock13

===========================================================================================
----------------- testing Tue May 05 14:19:27 UTC 2020 /home/travis/build/icyphy/ptII/ptolemy/actor/lib/test/auto/Clock14.xml
----------------- Instantiating /home/travis/build/icyphy/ptII/ptolemy/actor/lib/test/auto/Clock14.xml
5 ms. Memory: 349184K Free: 254392K (73%)
----------------- Invoking toplevel() on ptolemy.moml.MoMLSimpleApplication@206299c0
----------------- Done invoking toplevel() on ptolemy.moml.MoMLSimpleApplication@206299c0
reloadAllAccessors: .Clock14

===========================================================================================
----------------- testing Tue May 05 14:19:27 UTC 2020 /home/travis/build/icyphy/ptII/ptolemy/actor/lib/test/auto/Clock15.xml
----------------- Instantiating /home/travis/build/icyphy/ptII/ptolemy/actor/lib/test/auto/Clock15.xml
4 ms. Memory: 349184K Free: 248792K (71%)
----------------- Invoking toplevel() on ptolemy.moml.MoMLSimpleApplication@3c630780
----------------- Done invoking toplevel() on ptolemy.moml.MoMLSimpleApplication@3c630780
reloadAllAccessors: .Clock15

===========================================================================================
----------------- testing Tue May 05 14:19:27 UTC 2020 /home/travis/build/icyphy/ptII/ptolemy/actor/lib/test/auto/Clock16.xml
----------------- Instantiating /home/travis/build/icyphy/ptII/ptolemy/actor/lib/test/auto/Clock16.xml
38 ms. Memory: 349184K Free: 233936K (67%)
----------------- Invoking toplevel() on ptolemy.moml.MoMLSimpleApplication@413862b2
----------------- Done invoking toplevel() on ptolemy.moml.MoMLSimpleApplication@413862b2
reloadAllAccessors: .Clock16

===========================================================================================
----------------- testing Tue May 05 14:19:27 UTC 2020 /home/travis/build/icyphy/ptII/ptolemy/actor/lib/test/auto/Clock17.xml
----------------- Instantiating /home/travis/build/icyphy/ptII/ptolemy/actor/lib/test/auto/Clock17.xml
24 ms. Memory: 349184K Free: 220120K (63%)
----------------- Invoking toplevel() on ptolemy.moml.MoMLSimpleApplication@7df876f8
----------------- Done invoking toplevel() on ptolemy.moml.MoMLSimpleApplication@7df876f8
reloadAllAccessors: .Clock17

===========================================================================================
----------------- testing Tue May 05 14:19:27 UTC 2020 /home/travis/build/icyphy/ptII/ptolemy/actor/lib/test/auto/Clock18.xml
----------------- Instantiating /home/travis/build/icyphy/ptII/ptolemy/actor/lib/test/auto/Clock18.xml
21 ms. Memory: 349184K Free: 206808K (59%)
----------------- Invoking toplevel() on ptolemy.moml.MoMLSimpleApplication@2088b735
----------------- Done invoking toplevel() on ptolemy.moml.MoMLSimpleApplication@2088b735
reloadAllAccessors: .Clock18

===========================================================================================
----------------- testing Tue May 05 14:19:27 UTC 2020 /home/travis/build/icyphy/ptII/ptolemy/actor/lib/test/auto/Clock19.xml
----------------- Instantiating /home/travis/build/icyphy/ptII/ptolemy/actor/lib/test/auto/Clock19.xml
12 ms. Memory: 349184K Free: 193992K (56%)
----------------- Invoking toplevel() on ptolemy.moml.MoMLSimpleApplication@6d867a00
----------------- Done invoking toplevel() on ptolemy.moml.MoMLSimpleApplication@6d867a00
reloadAllAccessors: .Clock19

===========================================================================================
----------------- testing Tue May 05 14:19:27 UTC 2020 /home/travis/build/icyphy/ptII/ptolemy/actor/lib/test/auto/Clock2.xml
----------------- Instantiating /home/travis/build/icyphy/ptII/ptolemy/actor/lib/test/auto/Clock2.xml
6 ms. Memory: 349184K Free: 189400K (54%)
----------------- Invoking toplevel() on ptolemy.moml.MoMLSimpleApplication@509f15bb
----------------- Done invoking toplevel() on ptolemy.moml.MoMLSimpleApplication@509f15bb
reloadAllAccessors: .Clock2

===========================================================================================
----------------- testing Tue May 05 14:19:27 UTC 2020 /home/travis/build/icyphy/ptII/ptolemy/actor/lib/test/auto/Clock20.xml
----------------- Instantiating /home/travis/build/icyphy/ptII/ptolemy/actor/lib/test/auto/Clock20.xml
8 ms. Memory: 349184K Free: 184280K (53%)
----------------- Invoking toplevel() on ptolemy.moml.MoMLSimpleApplication@23ee3c66
----------------- Done invoking toplevel() on ptolemy.moml.MoMLSimpleApplication@23ee3c66
reloadAllAccessors: .Clock20

===========================================================================================
----------------- testing Tue May 05 14:19:27 UTC 2020 /home/travis/build/icyphy/ptII/ptolemy/actor/lib/test/auto/Clock21.xml
----------------- Instantiating /home/travis/build/icyphy/ptII/ptolemy/actor/lib/test/auto/Clock21.xml
4 ms. Memory: 349184K Free: 178646K (51%)
----------------- Invoking toplevel() on ptolemy.moml.MoMLSimpleApplication@36f64869
----------------- Done invoking toplevel() on ptolemy.moml.MoMLSimpleApplication@36f64869
reloadAllAccessors: .Clock21

===========================================================================================
----------------- testing Tue May 05 14:19:27 UTC 2020 /home/travis/build/icyphy/ptII/ptolemy/actor/lib/test/auto/Clock22.xml
----------------- Instantiating /home/travis/build/icyphy/ptII/ptolemy/actor/lib/test/auto/Clock22.xml
4 ms. Memory: 349184K Free: 173526K (50%)
----------------- Invoking toplevel() on ptolemy.moml.MoMLSimpleApplication@4235cb49
----------------- Done invoking toplevel() on ptolemy.moml.MoMLSimpleApplication@4235cb49
reloadAllAccessors: .Clock22

===========================================================================================
----------------- testing Tue May 05 14:19:28 UTC 2020 /home/travis/build/icyphy/ptII/ptolemy/actor/lib/test/auto/Clock23.xml
----------------- Instantiating /home/travis/build/icyphy/ptII/ptolemy/actor/lib/test/auto/Clock23.xml
5 ms. Memory: 349184K Free: 167896K (48%)
----------------- Invoking toplevel() on ptolemy.moml.MoMLSimpleApplication@e071eb7
----------------- Done invoking toplevel() on ptolemy.moml.MoMLSimpleApplication@e071eb7
reloadAllAccessors: .Clock23

===========================================================================================
----------------- testing Tue May 05 14:19:28 UTC 2020 /home/travis/build/icyphy/ptII/ptolemy/actor/lib/test/auto/Clock24.xml
----------------- Instantiating /home/travis/build/icyphy/ptII/ptolemy/actor/lib/test/auto/Clock24.xml
5 ms. Memory: 349184K Free: 162776K (47%)
----------------- Invoking toplevel() on ptolemy.moml.MoMLSimpleApplication@afd76ea
----------------- Done invoking toplevel() on ptolemy.moml.MoMLSimpleApplication@afd76ea
reloadAllAccessors: .Clock24

===========================================================================================
----------------- testing Tue May 05 14:19:28 UTC 2020 /home/travis/build/icyphy/ptII/ptolemy/actor/lib/test/auto/Clock4.xml
----------------- Instantiating /home/travis/build/icyphy/ptII/ptolemy/actor/lib/test/auto/Clock4.xml
1 ms. Memory: 349184K Free: 157656K (45%)
----------------- Invoking toplevel() on ptolemy.moml.MoMLSimpleApplication@7f84f2db
----------------- Done invoking toplevel() on ptolemy.moml.MoMLSimpleApplication@7f84f2db
reloadAllAccessors: .Clock4

===========================================================================================
----------------- testing Tue May 05 14:19:28 UTC 2020 /home/travis/build/icyphy/ptII/ptolemy/actor/lib/test/auto/Clock5.xml
----------------- Instantiating /home/travis/build/icyphy/ptII/ptolemy/actor/lib/test/auto/Clock5.xml
3 ms. Memory: 349184K Free: 152016K (44%)
----------------- Invoking toplevel() on ptolemy.moml.MoMLSimpleApplication@2ab14f81
----------------- Done invoking toplevel() on ptolemy.moml.MoMLSimpleApplication@2ab14f81
reloadAllAccessors: .Clock5

===========================================================================================
----------------- testing Tue May 05 14:19:28 UTC 2020 /home/travis/build/icyphy/ptII/ptolemy/actor/lib/test/auto/Clock6.xml
----------------- Instantiating /home/travis/build/icyphy/ptII/ptolemy/actor/lib/test/auto/Clock6.xml
3 ms. Memory: 349184K Free: 147926K (42%)
----------------- Invoking toplevel() on ptolemy.moml.MoMLSimpleApplication@74abda1d
----------------- Done invoking toplevel() on ptolemy.moml.MoMLSimpleApplication@74abda1d
reloadAllAccessors: .Clock6

===========================================================================================
----------------- testing Tue May 05 14:19:28 UTC 2020 /home/travis/build/icyphy/ptII/ptolemy/actor/lib/test/auto/Clock7.xml
----------------- Instantiating /home/travis/build/icyphy/ptII/ptolemy/actor/lib/test/auto/Clock7.xml
1 ms. Memory: 349184K Free: 142806K (41%)
----------------- Invoking toplevel() on ptolemy.moml.MoMLSimpleApplication@7a1ea039
----------------- Done invoking toplevel() on ptolemy.moml.MoMLSimpleApplication@7a1ea039
reloadAllAccessors: .Clock7

===========================================================================================
----------------- testing Tue May 05 14:19:28 UTC 2020 /home/travis/build/icyphy/ptII/ptolemy/actor/lib/test/auto/Clock8.xml
----------------- Instantiating /home/travis/build/icyphy/ptII/ptolemy/actor/lib/test/auto/Clock8.xml
4 ms. Memory: 349184K Free: 137680K (39%)
----------------- Invoking toplevel() on ptolemy.moml.MoMLSimpleApplication@322157d0
----------------- Done invoking toplevel() on ptolemy.moml.MoMLSimpleApplication@322157d0
reloadAllAccessors: .Clock8

===========================================================================================
----------------- testing Tue May 05 14:19:28 UTC 2020 /home/travis/build/icyphy/ptII/ptolemy/actor/lib/test/auto/Clock9.xml
----------------- Instantiating /home/travis/build/icyphy/ptII/ptolemy/actor/lib/test/auto/Clock9.xml
5 ms. Memory: 349184K Free: 132056K (38%)
----------------- Invoking toplevel() on ptolemy.moml.MoMLSimpleApplication@1e577c6
----------------- Done invoking toplevel() on ptolemy.moml.MoMLSimpleApplication@1e577c6
reloadAllAccessors: .Clock9

===========================================================================================
----------------- testing Tue May 05 14:19:28 UTC 2020 /home/travis/build/icyphy/ptII/ptolemy/actor/lib/test/auto/CommDistDiscard.xml
----------------- Instantiating /home/travis/build/icyphy/ptII/ptolemy/actor/lib/test/auto/CommDistDiscard.xml
3 ms. Memory: 349184K Free: 126936K (36%)
----------------- Invoking toplevel() on ptolemy.moml.MoMLSimpleApplication@261d4ff3
----------------- Done invoking toplevel() on ptolemy.moml.MoMLSimpleApplication@261d4ff3
reloadAllAccessors: .CommDistDiscard

===========================================================================================
----------------- testing Tue May 05 14:19:28 UTC 2020 /home/travis/build/icyphy/ptII/ptolemy/actor/lib/test/auto/Commutator.xml
----------------- Instantiating /home/travis/build/icyphy/ptII/ptolemy/actor/lib/test/auto/Commutator.xml
1 ms. Memory: 349184K Free: 122326K (35%)
----------------- Invoking toplevel() on ptolemy.moml.MoMLSimpleApplication@48be8a96
----------------- Done invoking toplevel() on ptolemy.moml.MoMLSimpleApplication@48be8a96
reloadAllAccessors: .Commutator

===========================================================================================
----------------- testing Tue May 05 14:19:28 UTC 2020 /home/travis/build/icyphy/ptII/ptolemy/actor/lib/test/auto/Commutator2.xml
----------------- Instantiating /home/travis/build/icyphy/ptII/ptolemy/actor/lib/test/auto/Commutator2.xml
1 ms. Memory: 349184K Free: 118230K (34%)
----------------- Invoking toplevel() on ptolemy.moml.MoMLSimpleApplication@7789af82
----------------- Done invoking toplevel() on ptolemy.moml.MoMLSimpleApplication@7789af82
reloadAllAccessors: .Commutator2

===========================================================================================
----------------- testing Tue May 05 14:19:28 UTC 2020 /home/travis/build/icyphy/ptII/ptolemy/actor/lib/test/auto/Commutator3.xml
----------------- Instantiating /home/travis/build/icyphy/ptII/ptolemy/actor/lib/test/auto/Commutator3.xml
2 ms. Memory: 349184K Free: 113624K (33%)
----------------- Invoking toplevel() on ptolemy.moml.MoMLSimpleApplication@12f54ed
----------------- Done invoking toplevel() on ptolemy.moml.MoMLSimpleApplication@12f54ed
reloadAllAccessors: .Commutator3

===========================================================================================
----------------- testing Tue May 05 14:19:28 UTC 2020 /home/travis/build/icyphy/ptII/ptolemy/actor/lib/test/auto/Compare.xml
----------------- Instantiating /home/travis/build/icyphy/ptII/ptolemy/actor/lib/test/auto/Compare.xml
2 ms. Memory: 349184K Free: 107480K (31%)
----------------- Invoking toplevel() on ptolemy.moml.MoMLSimpleApplication@47ecd5e1
----------------- Done invoking toplevel() on ptolemy.moml.MoMLSimpleApplication@47ecd5e1
reloadAllAccessors: .Compare

===========================================================================================
----------------- testing Tue May 05 14:19:28 UTC 2020 /home/travis/build/icyphy/ptII/ptolemy/actor/lib/test/auto/CompareDE.xml
----------------- Instantiating /home/travis/build/icyphy/ptII/ptolemy/actor/lib/test/auto/CompareDE.xml
39 ms. Memory: 349184K Free: 299177K (86%)
----------------- Invoking toplevel() on ptolemy.moml.MoMLSimpleApplication@2b1f05d
----------------- Done invoking toplevel() on ptolemy.moml.MoMLSimpleApplication@2b1f05d
reloadAllAccessors: .CompareDE

===========================================================================================
----------------- testing Tue May 05 14:19:28 UTC 2020 /home/travis/build/icyphy/ptII/ptolemy/actor/lib/test/auto/ComplexDivide.xml
----------------- Instantiating /home/travis/build/icyphy/ptII/ptolemy/actor/lib/test/auto/ComplexDivide.xml
1 ms. Memory: 349184K Free: 294872K (84%)
----------------- Invoking toplevel() on ptolemy.moml.MoMLSimpleApplication@23e92c1d
----------------- Done invoking toplevel() on ptolemy.moml.MoMLSimpleApplication@23e92c1d
reloadAllAccessors: .ComplexDivide

===========================================================================================
----------------- testing Tue May 05 14:19:28 UTC 2020 /home/travis/build/icyphy/ptII/ptolemy/actor/lib/test/auto/ComputeHistogram.xml
----------------- Instantiating /home/travis/build/icyphy/ptII/ptolemy/actor/lib/test/auto/ComputeHistogram.xml
40 ms. Memory: 349184K Free: 282070K (81%)
----------------- Invoking toplevel() on ptolemy.moml.MoMLSimpleApplication@7bf9d27d
----------------- Done invoking toplevel() on ptolemy.moml.MoMLSimpleApplication@7bf9d27d
reloadAllAccessors: .ComputeHistogram

===========================================================================================
----------------- testing Tue May 05 14:19:28 UTC 2020 /home/travis/build/icyphy/ptII/ptolemy/actor/lib/test/auto/ConfigurationSelect.xml
----------------- Instantiating /home/travis/build/icyphy/ptII/ptolemy/actor/lib/test/auto/ConfigurationSelect.xml
8 ms. Memory: 349184K Free: 276944K (79%)
----------------- Invoking toplevel() on ptolemy.moml.MoMLSimpleApplication@6dbbaf7a
----------------- Done invoking toplevel() on ptolemy.moml.MoMLSimpleApplication@6dbbaf7a
reloadAllAccessors: .ConfigurationSelect

===========================================================================================
----------------- testing Tue May 05 14:19:28 UTC 2020 /home/travis/build/icyphy/ptII/ptolemy/actor/lib/test/auto/ConfigurationSelect2.xml
----------------- Instantiating /home/travis/build/icyphy/ptII/ptolemy/actor/lib/test/auto/ConfigurationSelect2.xml
2 ms. Memory: 349184K Free: 272344K (78%)
----------------- Invoking toplevel() on ptolemy.moml.MoMLSimpleApplication@341c46f
----------------- Done invoking toplevel() on ptolemy.moml.MoMLSimpleApplication@341c46f
reloadAllAccessors: .ConfigurationSelect2

===========================================================================================
----------------- testing Tue May 05 14:19:28 UTC 2020 /home/travis/build/icyphy/ptII/ptolemy/actor/lib/test/auto/ConfigurationSwitch.xml
----------------- Instantiating /home/travis/build/icyphy/ptII/ptolemy/actor/lib/test/auto/ConfigurationSwitch.xml
2 ms. Memory: 349184K Free: 267224K (77%)
----------------- Invoking toplevel() on ptolemy.moml.MoMLSimpleApplication@31cf9fc4
----------------- Done invoking toplevel() on ptolemy.moml.MoMLSimpleApplication@31cf9fc4
reloadAllAccessors: .ConfigurationSwitch

===========================================================================================
----------------- testing Tue May 05 14:19:28 UTC 2020 /home/travis/build/icyphy/ptII/ptolemy/actor/lib/test/auto/ConfigurationSwitch2.xml
----------------- Instantiating /home/travis/build/icyphy/ptII/ptolemy/actor/lib/test/auto/ConfigurationSwitch2.xml
1 ms. Memory: 349184K Free: 261590K (75%)
----------------- Invoking toplevel() on ptolemy.moml.MoMLSimpleApplication@6faf82f5
----------------- Done invoking toplevel() on ptolemy.moml.MoMLSimpleApplication@6faf82f5
reloadAllAccessors: .ConfigurationSwitch2

===========================================================================================
----------------- testing Tue May 05 14:19:28 UTC 2020 /home/travis/build/icyphy/ptII/ptolemy/actor/lib/test/auto/ConfigurationSwitchCloningBugWithClassRelationGroup.xml
----------------- Instantiating /home/travis/build/icyphy/ptII/ptolemy/actor/lib/test/auto/ConfigurationSwitchCloningBugWithClassRelationGroup.xml
1 ms. Memory: 349184K Free: 254936K (73%)
----------------- Invoking toplevel() on ptolemy.moml.MoMLSimpleApplication@ce73532
----------------- Done invoking toplevel() on ptolemy.moml.MoMLSimpleApplication@ce73532
reloadAllAccessors: .ConfigurationSwitchCloningBugWithClassRelationGroup

===========================================================================================
----------------- testing Tue May 05 14:19:28 UTC 2020 /home/travis/build/icyphy/ptII/ptolemy/actor/lib/test/auto/ConfigurationSwitchSelectSDF.xml
----------------- Instantiating /home/travis/build/icyphy/ptII/ptolemy/actor/lib/test/auto/ConfigurationSwitchSelectSDF.xml
4 ms. Memory: 349184K Free: 249302K (71%)
----------------- Invoking toplevel() on ptolemy.moml.MoMLSimpleApplication@39a6025
----------------- Done invoking toplevel() on ptolemy.moml.MoMLSimpleApplication@39a6025
reloadAllAccessors: .ConfigurationSwitchSelectSDF

===========================================================================================
----------------- testing Tue May 05 14:19:28 UTC 2020 /home/travis/build/icyphy/ptII/ptolemy/actor/lib/test/auto/ConfigurationSwitchSelectSDF2.xml
----------------- Instantiating /home/travis/build/icyphy/ptII/ptolemy/actor/lib/test/auto/ConfigurationSwitchSelectSDF2.xml
2 ms. Memory: 349184K Free: 243672K (70%)
----------------- Invoking toplevel() on ptolemy.moml.MoMLSimpleApplication@117ca064
----------------- Done invoking toplevel() on ptolemy.moml.MoMLSimpleApplication@117ca064
reloadAllAccessors: .ConfigurationSwitchSelectSDF2

===========================================================================================
----------------- testing Tue May 05 14:19:28 UTC 2020 /home/travis/build/icyphy/ptII/ptolemy/actor/lib/test/auto/Const.xml
----------------- Instantiating /home/travis/build/icyphy/ptII/ptolemy/actor/lib/test/auto/Const.xml
1 ms. Memory: 349184K Free: 240600K (69%)
----------------- Invoking toplevel() on ptolemy.moml.MoMLSimpleApplication@7b72f618
----------------- Done invoking toplevel() on ptolemy.moml.MoMLSimpleApplication@7b72f618
reloadAllAccessors: .Const

===========================================================================================
----------------- testing Tue May 05 14:19:28 UTC 2020 /home/travis/build/icyphy/ptII/ptolemy/actor/lib/test/auto/Const2.xml
----------------- Instantiating /home/travis/build/icyphy/ptII/ptolemy/actor/lib/test/auto/Const2.xml
2 ms. Memory: 349184K Free: 236504K (68%)
----------------- Invoking toplevel() on ptolemy.moml.MoMLSimpleApplication@337d3c46
----------------- Done invoking toplevel() on ptolemy.moml.MoMLSimpleApplication@337d3c46
reloadAllAccessors: .Const2

===========================================================================================
----------------- testing Tue May 05 14:19:28 UTC 2020 /home/travis/build/icyphy/ptII/ptolemy/actor/lib/test/auto/Const3.xml
----------------- Instantiating /home/travis/build/icyphy/ptII/ptolemy/actor/lib/test/auto/Const3.xml
1 ms. Memory: 349184K Free: 233942K (67%)
----------------- Invoking toplevel() on ptolemy.moml.MoMLSimpleApplication@1c097c44
----------------- Done invoking toplevel() on ptolemy.moml.MoMLSimpleApplication@1c097c44
reloadAllAccessors: .Const3

===========================================================================================
----------------- testing Tue May 05 14:19:28 UTC 2020 /home/travis/build/icyphy/ptII/ptolemy/actor/lib/test/auto/ConstantPublisherPort1.xml
----------------- Instantiating /home/travis/build/icyphy/ptII/ptolemy/actor/lib/test/auto/ConstantPublisherPort1.xml
4 ms. Memory: 349184K Free: 225240K (65%)
----------------- Invoking toplevel() on ptolemy.moml.MoMLSimpleApplication@206bdc67
----------------- Done invoking toplevel() on ptolemy.moml.MoMLSimpleApplication@206bdc67
reloadAllAccessors: .ConstantPublisherPort1

===========================================================================================
----------------- testing Tue May 05 14:19:28 UTC 2020 /home/travis/build/icyphy/ptII/ptolemy/actor/lib/test/auto/ConstantPublisherPort2.xml
----------------- Instantiating /home/travis/build/icyphy/ptII/ptolemy/actor/lib/test/auto/ConstantPublisherPort2.xml
9 ms. Memory: 349184K Free: 217558K (62%)
----------------- Invoking toplevel() on ptolemy.moml.MoMLSimpleApplication@64003e4
----------------- Done invoking toplevel() on ptolemy.moml.MoMLSimpleApplication@64003e4
reloadAllAccessors: .ConstantPublisherPort2

===========================================================================================
----------------- testing Tue May 05 14:19:28 UTC 2020 /home/travis/build/icyphy/ptII/ptolemy/actor/lib/test/auto/ConstantPublisherPort3.xml
----------------- Instantiating /home/travis/build/icyphy/ptII/ptolemy/actor/lib/test/auto/ConstantPublisherPort3.xml
6 ms. Memory: 349184K Free: 210390K (60%)
----------------- Invoking toplevel() on ptolemy.moml.MoMLSimpleApplication@9d8f4ff
----------------- Done invoking toplevel() on ptolemy.moml.MoMLSimpleApplication@9d8f4ff
reloadAllAccessors: .ConstantPublisherPort3

===========================================================================================
----------------- testing Tue May 05 14:19:28 UTC 2020 /home/travis/build/icyphy/ptII/ptolemy/actor/lib/test/auto/ConstantPublisherPort4.xml
----------------- Instantiating /home/travis/build/icyphy/ptII/ptolemy/actor/lib/test/auto/ConstantPublisherPort4.xml
3 ms. Memory: 349184K Free: 203222K (58%)
----------------- Invoking toplevel() on ptolemy.moml.MoMLSimpleApplication@79e1b008
----------------- Done invoking toplevel() on ptolemy.moml.MoMLSimpleApplication@79e1b008
reloadAllAccessors: .ConstantPublisherPort4

===========================================================================================
----------------- testing Tue May 05 14:19:28 UTC 2020 /home/travis/build/icyphy/ptII/ptolemy/actor/lib/test/auto/ConstantPublisherPort5.xml
----------------- Instantiating /home/travis/build/icyphy/ptII/ptolemy/actor/lib/test/auto/ConstantPublisherPort5.xml
26 ms. Memory: 349184K Free: 194006K (56%)
----------------- Invoking toplevel() on ptolemy.moml.MoMLSimpleApplication@1fc9b437
----------------- Done invoking toplevel() on ptolemy.moml.MoMLSimpleApplication@1fc9b437
reloadAllAccessors: .ConstantPublisherPort5

===========================================================================================
----------------- testing Tue May 05 14:19:28 UTC 2020 /home/travis/build/icyphy/ptII/ptolemy/actor/lib/test/auto/ConstantPublisherPort6.xml
----------------- Instantiating /home/travis/build/icyphy/ptII/ptolemy/actor/lib/test/auto/ConstantPublisherPort6.xml
24 ms. Memory: 349184K Free: 184280K (53%)
----------------- Invoking toplevel() on ptolemy.moml.MoMLSimpleApplication@44144b3f
----------------- Done invoking toplevel() on ptolemy.moml.MoMLSimpleApplication@44144b3f
reloadAllAccessors: .ConstantPublisherPort6

===========================================================================================
----------------- testing Tue May 05 14:19:28 UTC 2020 /home/travis/build/icyphy/ptII/ptolemy/actor/lib/test/auto/ConstantPublisherPort7.xml
----------------- Instantiating /home/travis/build/icyphy/ptII/ptolemy/actor/lib/test/auto/ConstantPublisherPort7.xml
14 ms. Memory: 349184K Free: 175064K (50%)
----------------- Invoking toplevel() on ptolemy.moml.MoMLSimpleApplication@2615323a
----------------- Done invoking toplevel() on ptolemy.moml.MoMLSimpleApplication@2615323a
reloadAllAccessors: .ConstantPublisherPort7

===========================================================================================
----------------- testing Tue May 05 14:19:28 UTC 2020 /home/travis/build/icyphy/ptII/ptolemy/actor/lib/test/auto/ConstraintMonitor1.xml
----------------- Instantiating /home/travis/build/icyphy/ptII/ptolemy/actor/lib/test/auto/ConstraintMonitor1.xml
3 ms. Memory: 349184K Free: 170454K (49%)
----------------- Invoking toplevel() on ptolemy.moml.MoMLSimpleApplication@376994fa
----------------- Done invoking toplevel() on ptolemy.moml.MoMLSimpleApplication@376994fa
reloadAllAccessors: .ConstraintMonitor1

===========================================================================================
----------------- testing Tue May 05 14:19:28 UTC 2020 /home/travis/build/icyphy/ptII/ptolemy/actor/lib/test/auto/ConstraintMonitor2.xml
----------------- Instantiating /home/travis/build/icyphy/ptII/ptolemy/actor/lib/test/auto/ConstraintMonitor2.xml
2 ms. Memory: 349184K Free: 165334K (47%)
----------------- Invoking toplevel() on ptolemy.moml.MoMLSimpleApplication@51101e7f
----------------- Done invoking toplevel() on ptolemy.moml.MoMLSimpleApplication@51101e7f
reloadAllAccessors: .ConstraintMonitor2

===========================================================================================
----------------- testing Tue May 05 14:19:28 UTC 2020 /home/travis/build/icyphy/ptII/ptolemy/actor/lib/test/auto/ConstraintMonitor3.xml
----------------- Instantiating /home/travis/build/icyphy/ptII/ptolemy/actor/lib/test/auto/ConstraintMonitor3.xml
2 ms. Memory: 349184K Free: 160728K (46%)
----------------- Invoking toplevel() on ptolemy.moml.MoMLSimpleApplication@55cd35e3
----------------- Done invoking toplevel() on ptolemy.moml.MoMLSimpleApplication@55cd35e3
reloadAllAccessors: .ConstraintMonitor3

===========================================================================================
----------------- testing Tue May 05 14:19:28 UTC 2020 /home/travis/build/icyphy/ptII/ptolemy/actor/lib/test/auto/ConstraintMonitor4.xml
----------------- Instantiating /home/travis/build/icyphy/ptII/ptolemy/actor/lib/test/auto/ConstraintMonitor4.xml
2 ms. Memory: 349184K Free: 156118K (45%)
----------------- Invoking toplevel() on ptolemy.moml.MoMLSimpleApplication@25de03a6
----------------- Done invoking toplevel() on ptolemy.moml.MoMLSimpleApplication@25de03a6
reloadAllAccessors: .ConstraintMonitor4

===========================================================================================
----------------- testing Tue May 05 14:19:28 UTC 2020 /home/travis/build/icyphy/ptII/ptolemy/actor/lib/test/auto/ConstraintMonitor5.xml
----------------- Instantiating /home/travis/build/icyphy/ptII/ptolemy/actor/lib/test/auto/ConstraintMonitor5.xml
1 ms. Memory: 349184K Free: 150998K (43%)
----------------- Invoking toplevel() on ptolemy.moml.MoMLSimpleApplication@209fbca
----------------- Done invoking toplevel() on ptolemy.moml.MoMLSimpleApplication@209fbca
reloadAllAccessors: .ConstraintMonitor5

===========================================================================================
----------------- testing Tue May 05 14:19:28 UTC 2020 /home/travis/build/icyphy/ptII/ptolemy/actor/lib/test/auto/ConstraintMonitor6.xml
----------------- Instantiating /home/travis/build/icyphy/ptII/ptolemy/actor/lib/test/auto/ConstraintMonitor6.xml
3 ms. Memory: 349184K Free: 144848K (41%)
----------------- Invoking toplevel() on ptolemy.moml.MoMLSimpleApplication@301ae922
----------------- Done invoking toplevel() on ptolemy.moml.MoMLSimpleApplication@301ae922
reloadAllAccessors: .ConstraintMonitor6

===========================================================================================
----------------- testing Tue May 05 14:19:28 UTC 2020 /home/travis/build/icyphy/ptII/ptolemy/actor/lib/test/auto/ConstraintMonitor7.xml
----------------- Instantiating /home/travis/build/icyphy/ptII/ptolemy/actor/lib/test/auto/ConstraintMonitor7.xml
2 ms. Memory: 349184K Free: 138200K (40%)
----------------- Invoking toplevel() on ptolemy.moml.MoMLSimpleApplication@2183cc47
----------------- Done invoking toplevel() on ptolemy.moml.MoMLSimpleApplication@2183cc47
reloadAllAccessors: .ConstraintMonitor7

===========================================================================================
----------------- testing Tue May 05 14:19:28 UTC 2020 /home/travis/build/icyphy/ptII/ptolemy/actor/lib/test/auto/ConstraintMonitor8.xml
----------------- Instantiating /home/travis/build/icyphy/ptII/ptolemy/actor/lib/test/auto/ConstraintMonitor8.xml
4 ms. Memory: 349184K Free: 131032K (38%)
----------------- Invoking toplevel() on ptolemy.moml.MoMLSimpleApplication@6fa2f889
----------------- Done invoking toplevel() on ptolemy.moml.MoMLSimpleApplication@6fa2f889
reloadAllAccessors: .ConstraintMonitor8

===========================================================================================
----------------- testing Tue May 05 14:19:28 UTC 2020 /home/travis/build/icyphy/ptII/ptolemy/actor/lib/test/auto/Counter.xml
----------------- Instantiating /home/travis/build/icyphy/ptII/ptolemy/actor/lib/test/auto/Counter.xml
3 ms. Memory: 349184K Free: 126422K (36%)
----------------- Invoking toplevel() on ptolemy.moml.MoMLSimpleApplication@5e6cd949
----------------- Done invoking toplevel() on ptolemy.moml.MoMLSimpleApplication@5e6cd949
reloadAllAccessors: .Counter

===========================================================================================
----------------- testing Tue May 05 14:19:28 UTC 2020 /home/travis/build/icyphy/ptII/ptolemy/actor/lib/test/auto/CurrentTimeSDF.xml
----------------- Instantiating /home/travis/build/icyphy/ptII/ptolemy/actor/lib/test/auto/CurrentTimeSDF.xml
1 ms. Memory: 349184K Free: 122326K (35%)
----------------- Invoking toplevel() on ptolemy.moml.MoMLSimpleApplication@2edf4da5
----------------- Done invoking toplevel() on ptolemy.moml.MoMLSimpleApplication@2edf4da5
reloadAllAccessors: .CurrentTimeSDF

===========================================================================================
----------------- testing Tue May 05 14:19:28 UTC 2020 /home/travis/build/icyphy/ptII/ptolemy/actor/lib/test/auto/DB.xml
----------------- Instantiating /home/travis/build/icyphy/ptII/ptolemy/actor/lib/test/auto/DB.xml
2 ms. Memory: 349184K Free: 117206K (34%)
----------------- Invoking toplevel() on ptolemy.moml.MoMLSimpleApplication@bb4328a
----------------- Done invoking toplevel() on ptolemy.moml.MoMLSimpleApplication@bb4328a
reloadAllAccessors: .DB

===========================================================================================
----------------- testing Tue May 05 14:19:28 UTC 2020 /home/travis/build/icyphy/ptII/ptolemy/actor/lib/test/auto/DBDE.xml
----------------- Instantiating /home/travis/build/icyphy/ptII/ptolemy/actor/lib/test/auto/DBDE.xml
2 ms. Memory: 349184K Free: 111576K (32%)
----------------- Invoking toplevel() on ptolemy.moml.MoMLSimpleApplication@5b454b4c
----------------- Done invoking toplevel() on ptolemy.moml.MoMLSimpleApplication@5b454b4c
reloadAllAccessors: .DBDE

===========================================================================================
----------------- testing Tue May 05 14:19:28 UTC 2020 /home/travis/build/icyphy/ptII/ptolemy/actor/lib/test/auto/DateConstructor.xml
----------------- Instantiating /home/travis/build/icyphy/ptII/ptolemy/actor/lib/test/auto/DateConstructor.xml
78 ms. Memory: 564224K Free: 506920K (90%)
----------------- Invoking toplevel() on ptolemy.moml.MoMLSimpleApplication@66c163e7
----------------- Done invoking toplevel() on ptolemy.moml.MoMLSimpleApplication@66c163e7
reloadAllAccessors: .DateConstructor

===========================================================================================
----------------- testing Tue May 05 14:19:29 UTC 2020 /home/travis/build/icyphy/ptII/ptolemy/actor/lib/test/auto/DelayTime.xml
----------------- Instantiating /home/travis/build/icyphy/ptII/ptolemy/actor/lib/test/auto/DelayTime.xml
8 ms. Memory: 564224K Free: 500694K (89%)
----------------- Invoking toplevel() on ptolemy.moml.MoMLSimpleApplication@3ac26292
----------------- Done invoking toplevel() on ptolemy.moml.MoMLSimpleApplication@3ac26292
reloadAllAccessors: .DelayTime

===========================================================================================
----------------- testing Tue May 05 14:19:29 UTC 2020 /home/travis/build/icyphy/ptII/ptolemy/actor/lib/test/auto/Dictionary1.xml
----------------- Instantiating /home/travis/build/icyphy/ptII/ptolemy/actor/lib/test/auto/Dictionary1.xml
2 ms. Memory: 564224K Free: 495064K (88%)
----------------- Invoking toplevel() on ptolemy.moml.MoMLSimpleApplication@5de9fbfe
----------------- Done invoking toplevel() on ptolemy.moml.MoMLSimpleApplication@5de9fbfe
reloadAllAccessors: .Dictionary1

===========================================================================================
----------------- testing Tue May 05 14:19:29 UTC 2020 /home/travis/build/icyphy/ptII/ptolemy/actor/lib/test/auto/Dictionary2.xml
----------------- Instantiating /home/travis/build/icyphy/ptII/ptolemy/actor/lib/test/auto/Dictionary2.xml
3 ms. Memory: 564224K Free: 489944K (87%)
----------------- Invoking toplevel() on ptolemy.moml.MoMLSimpleApplication@644f1b29
----------------- Done invoking toplevel() on ptolemy.moml.MoMLSimpleApplication@644f1b29
reloadAllAccessors: .Dictionary2

===========================================================================================
----------------- testing Tue May 05 14:19:29 UTC 2020 /home/travis/build/icyphy/ptII/ptolemy/actor/lib/test/auto/Dictionary3.xml
----------------- Instantiating /home/travis/build/icyphy/ptII/ptolemy/actor/lib/test/auto/Dictionary3.xml
1 ms. Memory: 564224K Free: 484310K (86%)
----------------- Invoking toplevel() on ptolemy.moml.MoMLSimpleApplication@4b4ccb71
----------------- Done invoking toplevel() on ptolemy.moml.MoMLSimpleApplication@4b4ccb71
reloadAllAccessors: .Dictionary3

===========================================================================================
----------------- testing Tue May 05 14:19:29 UTC 2020 /home/travis/build/icyphy/ptII/ptolemy/actor/lib/test/auto/Dictionary4.xml
----------------- Instantiating /home/travis/build/icyphy/ptII/ptolemy/actor/lib/test/auto/Dictionary4.xml
8 ms. Memory: 564224K Free: 477142K (85%)
----------------- Invoking toplevel() on ptolemy.moml.MoMLSimpleApplication@6945b90
----------------- Done invoking toplevel() on ptolemy.moml.MoMLSimpleApplication@6945b90
reloadAllAccessors: .Dictionary4

===========================================================================================
----------------- testing Tue May 05 14:19:29 UTC 2020 /home/travis/build/icyphy/ptII/ptolemy/actor/lib/test/auto/Differential.xml
----------------- Instantiating /home/travis/build/icyphy/ptII/ptolemy/actor/lib/test/auto/Differential.xml
4 ms. Memory: 564224K Free: 472536K (84%)
----------------- Invoking toplevel() on ptolemy.moml.MoMLSimpleApplication@1bbcef81
----------------- Done invoking toplevel() on ptolemy.moml.MoMLSimpleApplication@1bbcef81
reloadAllAccessors: .Differential

===========================================================================================
----------------- testing Tue May 05 14:19:29 UTC 2020 /home/travis/build/icyphy/ptII/ptolemy/actor/lib/test/auto/Director.xml
----------------- Instantiating /home/travis/build/icyphy/ptII/ptolemy/actor/lib/test/auto/Director.xml
1 ms. Memory: 564224K Free: 469464K (83%)
----------------- Invoking toplevel() on ptolemy.moml.MoMLSimpleApplication@4601e0b
----------------- Done invoking toplevel() on ptolemy.moml.MoMLSimpleApplication@4601e0b
reloadAllAccessors: .Director

===========================================================================================
----------------- testing Tue May 05 14:19:29 UTC 2020 /home/travis/build/icyphy/ptII/ptolemy/actor/lib/test/auto/DiscreteClock.xml
----------------- Instantiating /home/travis/build/icyphy/ptII/ptolemy/actor/lib/test/auto/DiscreteClock.xml
3 ms. Memory: 564224K Free: 465368K (82%)
----------------- Invoking toplevel() on ptolemy.moml.MoMLSimpleApplication@40c426b
----------------- Done invoking toplevel() on ptolemy.moml.MoMLSimpleApplication@40c426b
reloadAllAccessors: .DiscreteClock

===========================================================================================
----------------- testing Tue May 05 14:19:29 UTC 2020 /home/travis/build/icyphy/ptII/ptolemy/actor/lib/test/auto/DiscreteClock10.xml
----------------- Instantiating /home/travis/build/icyphy/ptII/ptolemy/actor/lib/test/auto/DiscreteClock10.xml
4 ms. Memory: 564224K Free: 459224K (81%)
----------------- Invoking toplevel() on ptolemy.moml.MoMLSimpleApplication@76c38dc
----------------- Done invoking toplevel() on ptolemy.moml.MoMLSimpleApplication@76c38dc
reloadAllAccessors: .DiscreteClock10

===========================================================================================
----------------- testing Tue May 05 14:19:29 UTC 2020 /home/travis/build/icyphy/ptII/ptolemy/actor/lib/test/auto/DiscreteClock11.xml
----------------- Instantiating /home/travis/build/icyphy/ptII/ptolemy/actor/lib/test/auto/DiscreteClock11.xml
2 ms. Memory: 564224K Free: 453590K (80%)
----------------- Invoking toplevel() on ptolemy.moml.MoMLSimpleApplication@7a992113
----------------- Done invoking toplevel() on ptolemy.moml.MoMLSimpleApplication@7a992113
reloadAllAccessors: .DiscreteClock11

===========================================================================================
----------------- testing Tue May 05 14:19:29 UTC 2020 /home/travis/build/icyphy/ptII/ptolemy/actor/lib/test/auto/DiscreteClock12.xml
----------------- Instantiating /home/travis/build/icyphy/ptII/ptolemy/actor/lib/test/auto/DiscreteClock12.xml
3 ms. Memory: 564224K Free: 447446K (79%)
----------------- Invoking toplevel() on ptolemy.moml.MoMLSimpleApplication@190ddd0f
----------------- Done invoking toplevel() on ptolemy.moml.MoMLSimpleApplication@190ddd0f
reloadAllAccessors: .DiscreteClock12

===========================================================================================
----------------- testing Tue May 05 14:19:29 UTC 2020 /home/travis/build/icyphy/ptII/ptolemy/actor/lib/test/auto/DiscreteClock13.xml
----------------- Instantiating /home/travis/build/icyphy/ptII/ptolemy/actor/lib/test/auto/DiscreteClock13.xml
2 ms. Memory: 564224K Free: 441272K (78%)
----------------- Invoking toplevel() on ptolemy.moml.MoMLSimpleApplication@7b00fcc2
----------------- Done invoking toplevel() on ptolemy.moml.MoMLSimpleApplication@7b00fcc2
reloadAllAccessors: .DiscreteClock13

===========================================================================================
----------------- testing Tue May 05 14:19:29 UTC 2020 /home/travis/build/icyphy/ptII/ptolemy/actor/lib/test/auto/DiscreteClock14.xml
----------------- Instantiating /home/travis/build/icyphy/ptII/ptolemy/actor/lib/test/auto/DiscreteClock14.xml
4 ms. Memory: 564224K Free: 435128K (77%)
----------------- Invoking toplevel() on ptolemy.moml.MoMLSimpleApplication@950c2b0
----------------- Done invoking toplevel() on ptolemy.moml.MoMLSimpleApplication@950c2b0
reloadAllAccessors: .DiscreteClock14

===========================================================================================
----------------- testing Tue May 05 14:19:29 UTC 2020 /home/travis/build/icyphy/ptII/ptolemy/actor/lib/test/auto/DiscreteClock15.xml
----------------- Instantiating /home/travis/build/icyphy/ptII/ptolemy/actor/lib/test/auto/DiscreteClock15.xml
5 ms. Memory: 564224K Free: 428984K (76%)
----------------- Invoking toplevel() on ptolemy.moml.MoMLSimpleApplication@5d4d0aaa
----------------- Done invoking toplevel() on ptolemy.moml.MoMLSimpleApplication@5d4d0aaa
reloadAllAccessors: .DiscreteClock15

===========================================================================================
----------------- testing Tue May 05 14:19:29 UTC 2020 /home/travis/build/icyphy/ptII/ptolemy/actor/lib/test/auto/DiscreteClock16.xml
----------------- Instantiating /home/travis/build/icyphy/ptII/ptolemy/actor/lib/test/auto/DiscreteClock16.xml
18 ms. Memory: 564224K Free: 415688K (74%)
----------------- Invoking toplevel() on ptolemy.moml.MoMLSimpleApplication@7be5f63f
----------------- Done invoking toplevel() on ptolemy.moml.MoMLSimpleApplication@7be5f63f
reloadAllAccessors: .DiscreteClock16

===========================================================================================
----------------- testing Tue May 05 14:19:29 UTC 2020 /home/travis/build/icyphy/ptII/ptolemy/actor/lib/test/auto/DiscreteClock17.xml
----------------- Instantiating /home/travis/build/icyphy/ptII/ptolemy/actor/lib/test/auto/DiscreteClock17.xml
16 ms. Memory: 564224K Free: 401352K (71%)
----------------- Invoking toplevel() on ptolemy.moml.MoMLSimpleApplication@5cbf452d
----------------- Done invoking toplevel() on ptolemy.moml.MoMLSimpleApplication@5cbf452d
reloadAllAccessors: .DiscreteClock17

===========================================================================================
----------------- testing Tue May 05 14:19:29 UTC 2020 /home/travis/build/icyphy/ptII/ptolemy/actor/lib/test/auto/DiscreteClock18.xml
----------------- Instantiating /home/travis/build/icyphy/ptII/ptolemy/actor/lib/test/auto/DiscreteClock18.xml
26 ms. Memory: 564224K Free: 387544K (69%)
----------------- Invoking toplevel() on ptolemy.moml.MoMLSimpleApplication@66cbbf31
----------------- Done invoking toplevel() on ptolemy.moml.MoMLSimpleApplication@66cbbf31
reloadAllAccessors: .DiscreteClock18

===========================================================================================
----------------- testing Tue May 05 14:19:29 UTC 2020 /home/travis/build/icyphy/ptII/ptolemy/actor/lib/test/auto/DiscreteClock19.xml
----------------- Instantiating /home/travis/build/icyphy/ptII/ptolemy/actor/lib/test/auto/DiscreteClock19.xml
26 ms. Memory: 564224K Free: 373718K (66%)
----------------- Invoking toplevel() on ptolemy.moml.MoMLSimpleApplication@29f1fa7a
----------------- Done invoking toplevel() on ptolemy.moml.MoMLSimpleApplication@29f1fa7a
reloadAllAccessors: .DiscreteClock19

===========================================================================================
----------------- testing Tue May 05 14:19:29 UTC 2020 /home/travis/build/icyphy/ptII/ptolemy/actor/lib/test/auto/DiscreteClock2.xml
----------------- Instantiating /home/travis/build/icyphy/ptII/ptolemy/actor/lib/test/auto/DiscreteClock2.xml
5 ms. Memory: 564224K Free: 369112K (65%)
----------------- Invoking toplevel() on ptolemy.moml.MoMLSimpleApplication@5644e48e
----------------- Done invoking toplevel() on ptolemy.moml.MoMLSimpleApplication@5644e48e
reloadAllAccessors: .DiscreteClock2

===========================================================================================
----------------- testing Tue May 05 14:19:29 UTC 2020 /home/travis/build/icyphy/ptII/ptolemy/actor/lib/test/auto/DiscreteClock20.xml
----------------- Instantiating /home/travis/build/icyphy/ptII/ptolemy/actor/lib/test/auto/DiscreteClock20.xml
9 ms. Memory: 564224K Free: 363478K (64%)
----------------- Invoking toplevel() on ptolemy.moml.MoMLSimpleApplication@1d437514
----------------- Done invoking toplevel() on ptolemy.moml.MoMLSimpleApplication@1d437514
reloadAllAccessors: .DiscreteClock20

===========================================================================================
----------------- testing Tue May 05 14:19:29 UTC 2020 /home/travis/build/icyphy/ptII/ptolemy/actor/lib/test/auto/DiscreteClock21.xml
----------------- Instantiating /home/travis/build/icyphy/ptII/ptolemy/actor/lib/test/auto/DiscreteClock21.xml
5 ms. Memory: 564224K Free: 357848K (63%)
----------------- Invoking toplevel() on ptolemy.moml.MoMLSimpleApplication@657edef7
----------------- Done invoking toplevel() on ptolemy.moml.MoMLSimpleApplication@657edef7
reloadAllAccessors: .DiscreteClock21

===========================================================================================
----------------- testing Tue May 05 14:19:29 UTC 2020 /home/travis/build/icyphy/ptII/ptolemy/actor/lib/test/auto/DiscreteClock22.xml
----------------- Instantiating /home/travis/build/icyphy/ptII/ptolemy/actor/lib/test/auto/DiscreteClock22.xml
4 ms. Memory: 564224K Free: 351704K (62%)
----------------- Invoking toplevel() on ptolemy.moml.MoMLSimpleApplication@457269da
----------------- Done invoking toplevel() on ptolemy.moml.MoMLSimpleApplication@457269da
reloadAllAccessors: .DiscreteClock22

===========================================================================================
----------------- testing Tue May 05 14:19:29 UTC 2020 /home/travis/build/icyphy/ptII/ptolemy/actor/lib/test/auto/DiscreteClock23.xml
----------------- Instantiating /home/travis/build/icyphy/ptII/ptolemy/actor/lib/test/auto/DiscreteClock23.xml
8 ms. Memory: 564224K Free: 346584K (61%)
----------------- Invoking toplevel() on ptolemy.moml.MoMLSimpleApplication@1281c9e6
----------------- Done invoking toplevel() on ptolemy.moml.MoMLSimpleApplication@1281c9e6
reloadAllAccessors: .DiscreteClock23

===========================================================================================
----------------- testing Tue May 05 14:19:29 UTC 2020 /home/travis/build/icyphy/ptII/ptolemy/actor/lib/test/auto/DiscreteClock24.xml
----------------- Instantiating /home/travis/build/icyphy/ptII/ptolemy/actor/lib/test/auto/DiscreteClock24.xml
6 ms. Memory: 564224K Free: 340950K (60%)
----------------- Invoking toplevel() on ptolemy.moml.MoMLSimpleApplication@5dca665b
----------------- Done invoking toplevel() on ptolemy.moml.MoMLSimpleApplication@5dca665b
reloadAllAccessors: .DiscreteClock24

===========================================================================================
----------------- testing Tue May 05 14:19:29 UTC 2020 /home/travis/build/icyphy/ptII/ptolemy/actor/lib/test/auto/DiscreteClock4.xml
----------------- Instantiating /home/travis/build/icyphy/ptII/ptolemy/actor/lib/test/auto/DiscreteClock4.xml
4 ms. Memory: 564224K Free: 335320K (59%)
----------------- Invoking toplevel() on ptolemy.moml.MoMLSimpleApplication@2c08c5c0
----------------- Done invoking toplevel() on ptolemy.moml.MoMLSimpleApplication@2c08c5c0
reloadAllAccessors: .DiscreteClock4

===========================================================================================
----------------- testing Tue May 05 14:19:29 UTC 2020 /home/travis/build/icyphy/ptII/ptolemy/actor/lib/test/auto/DiscreteClock5.xml
----------------- Instantiating /home/travis/build/icyphy/ptII/ptolemy/actor/lib/test/auto/DiscreteClock5.xml
2 ms. Memory: 564224K Free: 329672K (58%)
----------------- Invoking toplevel() on ptolemy.moml.MoMLSimpleApplication@4b65b3cb
----------------- Done invoking toplevel() on ptolemy.moml.MoMLSimpleApplication@4b65b3cb
reloadAllAccessors: .DiscreteClock5

===========================================================================================
----------------- testing Tue May 05 14:19:29 UTC 2020 /home/travis/build/icyphy/ptII/ptolemy/actor/lib/test/auto/DiscreteClock6.xml
----------------- Instantiating /home/travis/build/icyphy/ptII/ptolemy/actor/lib/test/auto/DiscreteClock6.xml
1 ms. Memory: 564224K Free: 326104K (58%)
----------------- Invoking toplevel() on ptolemy.moml.MoMLSimpleApplication@1818fd53
----------------- Done invoking toplevel() on ptolemy.moml.MoMLSimpleApplication@1818fd53
reloadAllAccessors: .DiscreteClock6

===========================================================================================
----------------- testing Tue May 05 14:19:29 UTC 2020 /home/travis/build/icyphy/ptII/ptolemy/actor/lib/test/auto/DiscreteClock7.xml
----------------- Instantiating /home/travis/build/icyphy/ptII/ptolemy/actor/lib/test/auto/DiscreteClock7.xml
1 ms. Memory: 564224K Free: 321494K (57%)
----------------- Invoking toplevel() on ptolemy.moml.MoMLSimpleApplication@5e116e6a
----------------- Done invoking toplevel() on ptolemy.moml.MoMLSimpleApplication@5e116e6a
reloadAllAccessors: .DiscreteClock7

===========================================================================================
----------------- testing Tue May 05 14:19:29 UTC 2020 /home/travis/build/icyphy/ptII/ptolemy/actor/lib/test/auto/DiscreteClock8.xml
----------------- Instantiating /home/travis/build/icyphy/ptII/ptolemy/actor/lib/test/auto/DiscreteClock8.xml
2 ms. Memory: 564224K Free: 315864K (56%)
----------------- Invoking toplevel() on ptolemy.moml.MoMLSimpleApplication@45146dce
----------------- Done invoking toplevel() on ptolemy.moml.MoMLSimpleApplication@45146dce
reloadAllAccessors: .DiscreteClock8

===========================================================================================
----------------- testing Tue May 05 14:19:29 UTC 2020 /home/travis/build/icyphy/ptII/ptolemy/actor/lib/test/auto/DiscreteClock9.xml
----------------- Instantiating /home/travis/build/icyphy/ptII/ptolemy/actor/lib/test/auto/DiscreteClock9.xml
4 ms. Memory: 564224K Free: 309720K (55%)
----------------- Invoking toplevel() on ptolemy.moml.MoMLSimpleApplication@40073ec0
----------------- Done invoking toplevel() on ptolemy.moml.MoMLSimpleApplication@40073ec0
reloadAllAccessors: .DiscreteClock9

===========================================================================================
----------------- testing Tue May 05 14:19:29 UTC 2020 /home/travis/build/icyphy/ptII/ptolemy/actor/lib/test/auto/DisplayArray.xml
----------------- Instantiating /home/travis/build/icyphy/ptII/ptolemy/actor/lib/test/auto/DisplayArray.xml
1 ms. Memory: 564224K Free: 306134K (54%)
----------------- Invoking toplevel() on ptolemy.moml.MoMLSimpleApplication@138d535d
----------------- Done invoking toplevel() on ptolemy.moml.MoMLSimpleApplication@138d535d
reloadAllAccessors: .DisplayArray

===========================================================================================
----------------- testing Tue May 05 14:19:29 UTC 2020 /home/travis/build/icyphy/ptII/ptolemy/actor/lib/test/auto/Distributor.xml
----------------- Instantiating /home/travis/build/icyphy/ptII/ptolemy/actor/lib/test/auto/Distributor.xml
2 ms. Memory: 564224K Free: 301528K (53%)
----------------- Invoking toplevel() on ptolemy.moml.MoMLSimpleApplication@2f007d1c
----------------- Done invoking toplevel() on ptolemy.moml.MoMLSimpleApplication@2f007d1c
reloadAllAccessors: .Distributor

===========================================================================================
----------------- testing Tue May 05 14:19:29 UTC 2020 /home/travis/build/icyphy/ptII/ptolemy/actor/lib/test/auto/Distributor2.xml
----------------- Instantiating /home/travis/build/icyphy/ptII/ptolemy/actor/lib/test/auto/Distributor2.xml
2 ms. Memory: 564224K Free: 296408K (53%)
----------------- Invoking toplevel() on ptolemy.moml.MoMLSimpleApplication@38fd519f
----------------- Done invoking toplevel() on ptolemy.moml.MoMLSimpleApplication@38fd519f
reloadAllAccessors: .Distributor2

===========================================================================================
----------------- testing Tue May 05 14:19:29 UTC 2020 /home/travis/build/icyphy/ptII/ptolemy/actor/lib/test/auto/DownSample.xml
----------------- Instantiating /home/travis/build/icyphy/ptII/ptolemy/actor/lib/test/auto/DownSample.xml
1 ms. Memory: 564224K Free: 291798K (52%)
----------------- Invoking toplevel() on ptolemy.moml.MoMLSimpleApplication@36209798
----------------- Done invoking toplevel() on ptolemy.moml.MoMLSimpleApplication@36209798
reloadAllAccessors: .DownSample

===========================================================================================
----------------- testing Tue May 05 14:19:29 UTC 2020 /home/travis/build/icyphy/ptII/ptolemy/actor/lib/test/auto/ElectronicUnitBase1.xml
----------------- Instantiating /home/travis/build/icyphy/ptII/ptolemy/actor/lib/test/auto/ElectronicUnitBase1.xml
17 ms. Memory: 564224K Free: 275928K (49%)
----------------- Invoking toplevel() on ptolemy.moml.MoMLSimpleApplication@23cb751c
----------------- Done invoking toplevel() on ptolemy.moml.MoMLSimpleApplication@23cb751c
reloadAllAccessors: .ElectronicUnitBase1

===========================================================================================
----------------- testing Tue May 05 14:19:30 UTC 2020 /home/travis/build/icyphy/ptII/ptolemy/actor/lib/test/auto/ElementsToArray.xml
----------------- Instantiating /home/travis/build/icyphy/ptII/ptolemy/actor/lib/test/auto/ElementsToArray.xml
3 ms. Memory: 564224K Free: 271318K (48%)
----------------- Invoking toplevel() on ptolemy.moml.MoMLSimpleApplication@15721a75
----------------- Done invoking toplevel() on ptolemy.moml.MoMLSimpleApplication@15721a75
reloadAllAccessors: .ElementsToArray

===========================================================================================
----------------- testing Tue May 05 14:19:30 UTC 2020 /home/travis/build/icyphy/ptII/ptolemy/actor/lib/test/auto/Equals.xml
----------------- Instantiating /home/travis/build/icyphy/ptII/ptolemy/actor/lib/test/auto/Equals.xml
3 ms. Memory: 564224K Free: 266712K (47%)
----------------- Invoking toplevel() on ptolemy.moml.MoMLSimpleApplication@6e24e8e5
----------------- Done invoking toplevel() on ptolemy.moml.MoMLSimpleApplication@6e24e8e5
reloadAllAccessors: .Equals

===========================================================================================
----------------- testing Tue May 05 14:19:30 UTC 2020 /home/travis/build/icyphy/ptII/ptolemy/actor/lib/test/auto/Exec.xml
----------------- Instantiating /home/travis/build/icyphy/ptII/ptolemy/actor/lib/test/auto/Exec.xml
16 ms. Memory: 564224K Free: 261078K (46%)
----------------- Invoking toplevel() on ptolemy.moml.MoMLSimpleApplication@5f322a62
----------------- Done invoking toplevel() on ptolemy.moml.MoMLSimpleApplication@5f322a62
reloadAllAccessors: .Exec

===========================================================================================
----------------- testing Tue May 05 14:19:30 UTC 2020 /home/travis/build/icyphy/ptII/ptolemy/actor/lib/test/auto/ExecEnvironment.xml
----------------- Instantiating /home/travis/build/icyphy/ptII/ptolemy/actor/lib/test/auto/ExecEnvironment.xml
26 ms. Memory: 564224K Free: 255958K (45%)
----------------- Invoking toplevel() on ptolemy.moml.MoMLSimpleApplication@481e38b3
----------------- Done invoking toplevel() on ptolemy.moml.MoMLSimpleApplication@481e38b3
reloadAllAccessors: .ExecEnvironment

===========================================================================================
----------------- testing Tue May 05 14:19:30 UTC 2020 /home/travis/build/icyphy/ptII/ptolemy/actor/lib/test/auto/ExecNonZeroReturnOutput.xml
----------------- Instantiating /home/travis/build/icyphy/ptII/ptolemy/actor/lib/test/auto/ExecNonZeroReturnOutput.xml
163 ms. Memory: 564224K Free: 244694K (43%)
----------------- Invoking toplevel() on ptolemy.moml.MoMLSimpleApplication@7103687f
----------------- Done invoking toplevel() on ptolemy.moml.MoMLSimpleApplication@7103687f
reloadAllAccessors: .ExecNonZeroReturnOutput

===========================================================================================
----------------- testing Tue May 05 14:19:30 UTC 2020 /home/travis/build/icyphy/ptII/ptolemy/actor/lib/test/auto/ExecRunDemos.xml
----------------- Instantiating /home/travis/build/icyphy/ptII/ptolemy/actor/lib/test/auto/ExecRunDemos.xml
Finished: 81 ms. Memory: 129024K Free: 112434K (87%)

Finished: 77 ms. Memory: 129024K Free: 109387K (85%)

Finished: 107 ms. Memory: 129024K Free: 109511K (85%)

Finished: 77 ms. Memory: 129024K Free: 111021K (86%)

Finished: 71 ms. Memory: 129024K Free: 111849K (87%)

10090 ms. Memory: 564224K Free: 225238K (40%)
----------------- Invoking toplevel() on ptolemy.moml.MoMLSimpleApplication@512faf0c
----------------- Done invoking toplevel() on ptolemy.moml.MoMLSimpleApplication@512faf0c
reloadAllAccessors: .ExecRunDemos

===========================================================================================
----------------- testing Tue May 05 14:19:40 UTC 2020 /home/travis/build/icyphy/ptII/ptolemy/actor/lib/test/auto/ExecStop.xml
----------------- Instantiating /home/travis/build/icyphy/ptII/ptolemy/actor/lib/test/auto/ExecStop.xml
5015 ms. Memory: 564224K Free: 410838K (73%)
----------------- Invoking toplevel() on ptolemy.moml.MoMLSimpleApplication@1172a5d2
----------------- Done invoking toplevel() on ptolemy.moml.MoMLSimpleApplication@1172a5d2
reloadAllAccessors: .ExecStop

===========================================================================================
----------------- testing Tue May 05 14:19:45 UTC 2020 /home/travis/build/icyphy/ptII/ptolemy/actor/lib/test/auto/ExecutionTimeSDF.xml
----------------- Instantiating /home/travis/build/icyphy/ptII/ptolemy/actor/lib/test/auto/ExecutionTimeSDF.xml
Fired ExecutionTime: -291767296
Fired ExecutionTime: -803367296
Fired ExecutionTime: 1340000000
6013 ms. Memory: 564224K Free: 397784K (71%)

===========================================================================================
----------------- testing Tue May 05 14:19:51 UTC 2020 /home/travis/build/icyphy/ptII/ptolemy/actor/lib/test/auto/Expression1.xml
----------------- Instantiating /home/travis/build/icyphy/ptII/ptolemy/actor/lib/test/auto/Expression1.xml
1 ms. Memory: 564224K Free: 393688K (70%)
----------------- Invoking toplevel() on ptolemy.moml.MoMLSimpleApplication@181bbd89
----------------- Done invoking toplevel() on ptolemy.moml.MoMLSimpleApplication@181bbd89
reloadAllAccessors: .Expression1

===========================================================================================
----------------- testing Tue May 05 14:19:51 UTC 2020 /home/travis/build/icyphy/ptII/ptolemy/actor/lib/test/auto/Expression10.xml
----------------- Instantiating /home/travis/build/icyphy/ptII/ptolemy/actor/lib/test/auto/Expression10.xml
5 ms. Memory: 564224K Free: 388054K (69%)
----------------- Invoking toplevel() on ptolemy.moml.MoMLSimpleApplication@561878d7
----------------- Done invoking toplevel() on ptolemy.moml.MoMLSimpleApplication@561878d7
reloadAllAccessors: .Expression10

===========================================================================================
----------------- testing Tue May 05 14:19:51 UTC 2020 /home/travis/build/icyphy/ptII/ptolemy/actor/lib/test/auto/Expression11.xml
----------------- Instantiating /home/travis/build/icyphy/ptII/ptolemy/actor/lib/test/auto/Expression11.xml
3 ms. Memory: 564224K Free: 382934K (68%)
----------------- Invoking toplevel() on ptolemy.moml.MoMLSimpleApplication@512ceb53
----------------- Done invoking toplevel() on ptolemy.moml.MoMLSimpleApplication@512ceb53
reloadAllAccessors: .Expression11

===========================================================================================
----------------- testing Tue May 05 14:19:51 UTC 2020 /home/travis/build/icyphy/ptII/ptolemy/actor/lib/test/auto/Expression12.xml
----------------- Instantiating /home/travis/build/icyphy/ptII/ptolemy/actor/lib/test/auto/Expression12.xml
4 ms. Memory: 564224K Free: 377304K (67%)
----------------- Invoking toplevel() on ptolemy.moml.MoMLSimpleApplication@29c02d20
----------------- Done invoking toplevel() on ptolemy.moml.MoMLSimpleApplication@29c02d20
reloadAllAccessors: .Expression12

===========================================================================================
----------------- testing Tue May 05 14:19:51 UTC 2020 /home/travis/build/icyphy/ptII/ptolemy/actor/lib/test/auto/Expression13.xml
----------------- Instantiating /home/travis/build/icyphy/ptII/ptolemy/actor/lib/test/auto/Expression13.xml
3 ms. Memory: 564224K Free: 372184K (66%)
----------------- Invoking toplevel() on ptolemy.moml.MoMLSimpleApplication@e4f6ff9
----------------- Done invoking toplevel() on ptolemy.moml.MoMLSimpleApplication@e4f6ff9
reloadAllAccessors: .Expression13

===========================================================================================
----------------- testing Tue May 05 14:19:51 UTC 2020 /home/travis/build/icyphy/ptII/ptolemy/actor/lib/test/auto/Expression14.xml
----------------- Instantiating /home/travis/build/icyphy/ptII/ptolemy/actor/lib/test/auto/Expression14.xml
6 ms. Memory: 564224K Free: 366550K (65%)
----------------- Invoking toplevel() on ptolemy.moml.MoMLSimpleApplication@43bf161
----------------- Done invoking toplevel() on ptolemy.moml.MoMLSimpleApplication@43bf161
reloadAllAccessors: .Expression14

===========================================================================================
----------------- testing Tue May 05 14:19:51 UTC 2020 /home/travis/build/icyphy/ptII/ptolemy/actor/lib/test/auto/Expression15.xml
----------------- Instantiating /home/travis/build/icyphy/ptII/ptolemy/actor/lib/test/auto/Expression15.xml
1 ms. Memory: 564224K Free: 362968K (64%)
----------------- Invoking toplevel() on ptolemy.moml.MoMLSimpleApplication@637daccb
----------------- Done invoking toplevel() on ptolemy.moml.MoMLSimpleApplication@637daccb
reloadAllAccessors: .Expression15

===========================================================================================
----------------- testing Tue May 05 14:19:51 UTC 2020 /home/travis/build/icyphy/ptII/ptolemy/actor/lib/test/auto/Expression16.xml
----------------- Instantiating /home/travis/build/icyphy/ptII/ptolemy/actor/lib/test/auto/Expression16.xml
3 ms. Memory: 564224K Free: 357848K (63%)
----------------- Invoking toplevel() on ptolemy.moml.MoMLSimpleApplication@6f32e329
----------------- Done invoking toplevel() on ptolemy.moml.MoMLSimpleApplication@6f32e329
reloadAllAccessors: .Expression16

===========================================================================================
----------------- testing Tue May 05 14:19:51 UTC 2020 /home/travis/build/icyphy/ptII/ptolemy/actor/lib/test/auto/Expression17.xml
----------------- Instantiating /home/travis/build/icyphy/ptII/ptolemy/actor/lib/test/auto/Expression17.xml
3 ms. Memory: 564224K Free: 352728K (63%)
----------------- Invoking toplevel() on ptolemy.moml.MoMLSimpleApplication@48af57a0
----------------- Done invoking toplevel() on ptolemy.moml.MoMLSimpleApplication@48af57a0
reloadAllAccessors: .Expression17

===========================================================================================
----------------- testing Tue May 05 14:19:51 UTC 2020 /home/travis/build/icyphy/ptII/ptolemy/actor/lib/test/auto/Expression18.xml
----------------- Instantiating /home/travis/build/icyphy/ptII/ptolemy/actor/lib/test/auto/Expression18.xml
4 ms. Memory: 564224K Free: 347094K (62%)
----------------- Invoking toplevel() on ptolemy.moml.MoMLSimpleApplication@41eed632
----------------- Done invoking toplevel() on ptolemy.moml.MoMLSimpleApplication@41eed632
reloadAllAccessors: .Expression18

===========================================================================================
----------------- testing Tue May 05 14:19:51 UTC 2020 /home/travis/build/icyphy/ptII/ptolemy/actor/lib/test/auto/Expression2.xml
----------------- Instantiating /home/travis/build/icyphy/ptII/ptolemy/actor/lib/test/auto/Expression2.xml
2 ms. Memory: 564224K Free: 341974K (61%)
----------------- Invoking toplevel() on ptolemy.moml.MoMLSimpleApplication@1614018e
----------------- Done invoking toplevel() on ptolemy.moml.MoMLSimpleApplication@1614018e
reloadAllAccessors: .Expression2

===========================================================================================
----------------- testing Tue May 05 14:19:51 UTC 2020 /home/travis/build/icyphy/ptII/ptolemy/actor/lib/test/auto/Expression3.xml
----------------- Instantiating /home/travis/build/icyphy/ptII/ptolemy/actor/lib/test/auto/Expression3.xml
6 ms. Memory: 564224K Free: 337368K (60%)
----------------- Invoking toplevel() on ptolemy.moml.MoMLSimpleApplication@36082e6f
----------------- Done invoking toplevel() on ptolemy.moml.MoMLSimpleApplication@36082e6f
reloadAllAccessors: .Expression3

===========================================================================================
----------------- testing Tue May 05 14:19:51 UTC 2020 /home/travis/build/icyphy/ptII/ptolemy/actor/lib/test/auto/Expression4.xml
----------------- Instantiating /home/travis/build/icyphy/ptII/ptolemy/actor/lib/test/auto/Expression4.xml
6 ms. Memory: 564224K Free: 329686K (58%)
----------------- Invoking toplevel() on ptolemy.moml.MoMLSimpleApplication@37ecc07d
----------------- Done invoking toplevel() on ptolemy.moml.MoMLSimpleApplication@37ecc07d
reloadAllAccessors: .Expression4

===========================================================================================
----------------- testing Tue May 05 14:19:51 UTC 2020 /home/travis/build/icyphy/ptII/ptolemy/actor/lib/test/auto/Expression5.xml
----------------- Instantiating /home/travis/build/icyphy/ptII/ptolemy/actor/lib/test/auto/Expression5.xml
2 ms. Memory: 564224K Free: 324566K (58%)
----------------- Invoking toplevel() on ptolemy.moml.MoMLSimpleApplication@c18fbc7
----------------- Done invoking toplevel() on ptolemy.moml.MoMLSimpleApplication@c18fbc7
reloadAllAccessors: .Expression5

===========================================================================================
----------------- testing Tue May 05 14:19:51 UTC 2020 /home/travis/build/icyphy/ptII/ptolemy/actor/lib/test/auto/Expression6.xml
----------------- Instantiating /home/travis/build/icyphy/ptII/ptolemy/actor/lib/test/auto/Expression6.xml
2 ms. Memory: 564224K Free: 319960K (57%)
----------------- Invoking toplevel() on ptolemy.moml.MoMLSimpleApplication@a796d0d
----------------- Done invoking toplevel() on ptolemy.moml.MoMLSimpleApplication@a796d0d
reloadAllAccessors: .Expression6

===========================================================================================
----------------- testing Tue May 05 14:19:51 UTC 2020 /home/travis/build/icyphy/ptII/ptolemy/actor/lib/test/auto/Expression7.xml
----------------- Instantiating /home/travis/build/icyphy/ptII/ptolemy/actor/lib/test/auto/Expression7.xml
2 ms. Memory: 564224K Free: 314840K (56%)
----------------- Invoking toplevel() on ptolemy.moml.MoMLSimpleApplication@17ed73eb
----------------- Done invoking toplevel() on ptolemy.moml.MoMLSimpleApplication@17ed73eb
reloadAllAccessors: .Expression7

===========================================================================================
----------------- testing Tue May 05 14:19:51 UTC 2020 /home/travis/build/icyphy/ptII/ptolemy/actor/lib/test/auto/Expression8.xml
----------------- Instantiating /home/travis/build/icyphy/ptII/ptolemy/actor/lib/test/auto/Expression8.xml
11 ms. Memory: 564224K Free: 310230K (55%)
----------------- Invoking toplevel() on ptolemy.moml.MoMLSimpleApplication@699017b2
----------------- Done invoking toplevel() on ptolemy.moml.MoMLSimpleApplication@699017b2
reloadAllAccessors: .Expression8

===========================================================================================
----------------- testing Tue May 05 14:19:51 UTC 2020 /home/travis/build/icyphy/ptII/ptolemy/actor/lib/test/auto/Expression9.xml
----------------- Instantiating /home/travis/build/icyphy/ptII/ptolemy/actor/lib/test/auto/Expression9.xml
1 ms. Memory: 564224K Free: 306134K (54%)
----------------- Invoking toplevel() on ptolemy.moml.MoMLSimpleApplication@763ed08c
----------------- Done invoking toplevel() on ptolemy.moml.MoMLSimpleApplication@763ed08c
reloadAllAccessors: .Expression9

===========================================================================================
----------------- testing Tue May 05 14:19:51 UTC 2020 /home/travis/build/icyphy/ptII/ptolemy/actor/lib/test/auto/ExpressionConcatenateArrayType.xml
----------------- Instantiating /home/travis/build/icyphy/ptII/ptolemy/actor/lib/test/auto/ExpressionConcatenateArrayType.xml
2 ms. Memory: 564224K Free: 299480K (53%)
----------------- Invoking toplevel() on ptolemy.moml.MoMLSimpleApplication@59110912
----------------- Done invoking toplevel() on ptolemy.moml.MoMLSimpleApplication@59110912
reloadAllAccessors: .ExpressionConcatenateArrayType

===========================================================================================
----------------- testing Tue May 05 14:19:51 UTC 2020 /home/travis/build/icyphy/ptII/ptolemy/actor/lib/test/auto/ExpressionConcatenateArrayType2.xml
----------------- Instantiating /home/travis/build/icyphy/ptII/ptolemy/actor/lib/test/auto/ExpressionConcatenateArrayType2.xml
2 ms. Memory: 564224K Free: 293846K (52%)
----------------- Invoking toplevel() on ptolemy.moml.MoMLSimpleApplication@3457542d
----------------- Done invoking toplevel() on ptolemy.moml.MoMLSimpleApplication@3457542d
reloadAllAccessors: .ExpressionConcatenateArrayType2

===========================================================================================
----------------- testing Tue May 05 14:19:51 UTC 2020 /home/travis/build/icyphy/ptII/ptolemy/actor/lib/test/auto/ExpressionFix.xml
----------------- Instantiating /home/travis/build/icyphy/ptII/ptolemy/actor/lib/test/auto/ExpressionFix.xml
24 ms. Memory: 564224K Free: 287192K (51%)
----------------- Invoking toplevel() on ptolemy.moml.MoMLSimpleApplication@75f30e34
----------------- Done invoking toplevel() on ptolemy.moml.MoMLSimpleApplication@75f30e34
reloadAllAccessors: .ExpressionFix

===========================================================================================
----------------- testing Tue May 05 14:19:52 UTC 2020 /home/travis/build/icyphy/ptII/ptolemy/actor/lib/test/auto/ExpressionFix2.xml
----------------- Instantiating /home/travis/build/icyphy/ptII/ptolemy/actor/lib/test/auto/ExpressionFix2.xml
4 ms. Memory: 564224K Free: 283096K (50%)
----------------- Invoking toplevel() on ptolemy.moml.MoMLSimpleApplication@2db8d95f
----------------- Done invoking toplevel() on ptolemy.moml.MoMLSimpleApplication@2db8d95f
reloadAllAccessors: .ExpressionFix2

===========================================================================================
----------------- testing Tue May 05 14:19:52 UTC 2020 /home/travis/build/icyphy/ptII/ptolemy/actor/lib/test/auto/ExpressionFix3.xml
----------------- Instantiating /home/travis/build/icyphy/ptII/ptolemy/actor/lib/test/auto/ExpressionFix3.xml
3 ms. Memory: 564224K Free: 278486K (49%)
----------------- Invoking toplevel() on ptolemy.moml.MoMLSimpleApplication@6411d6e7
----------------- Done invoking toplevel() on ptolemy.moml.MoMLSimpleApplication@6411d6e7
reloadAllAccessors: .ExpressionFix3

===========================================================================================
----------------- testing Tue May 05 14:19:52 UTC 2020 /home/travis/build/icyphy/ptII/ptolemy/actor/lib/test/auto/FileWriter1.xml
----------------- Instantiating /home/travis/build/icyphy/ptII/ptolemy/actor/lib/test/auto/FileWriter1.xml
1 ms. Memory: 564224K Free: 274904K (49%)
----------------- Invoking toplevel() on ptolemy.moml.MoMLSimpleApplication@397211a2
----------------- Done invoking toplevel() on ptolemy.moml.MoMLSimpleApplication@397211a2
reloadAllAccessors: .FileWriter1

===========================================================================================
----------------- testing Tue May 05 14:19:52 UTC 2020 /home/travis/build/icyphy/ptII/ptolemy/actor/lib/test/auto/FileWriter2.xml
----------------- Instantiating /home/travis/build/icyphy/ptII/ptolemy/actor/lib/test/auto/FileWriter2.xml
5 ms. Memory: 564224K Free: 270294K (48%)
----------------- Invoking toplevel() on ptolemy.moml.MoMLSimpleApplication@6c39fa00
----------------- Done invoking toplevel() on ptolemy.moml.MoMLSimpleApplication@6c39fa00
reloadAllAccessors: .FileWriter2

===========================================================================================
----------------- testing Tue May 05 14:19:52 UTC 2020 /home/travis/build/icyphy/ptII/ptolemy/actor/lib/test/auto/FileWriter3.xml
----------------- Instantiating /home/travis/build/icyphy/ptII/ptolemy/actor/lib/test/auto/FileWriter3.xml
5 ms. Memory: 564224K Free: 266198K (47%)
----------------- Invoking toplevel() on ptolemy.moml.MoMLSimpleApplication@2710ce01
----------------- Done invoking toplevel() on ptolemy.moml.MoMLSimpleApplication@2710ce01
reloadAllAccessors: .FileWriter3

===========================================================================================
----------------- testing Tue May 05 14:19:52 UTC 2020 /home/travis/build/icyphy/ptII/ptolemy/actor/lib/test/auto/Gaussian.xml
----------------- Instantiating /home/travis/build/icyphy/ptII/ptolemy/actor/lib/test/auto/Gaussian.xml
2 ms. Memory: 564224K Free: 261592K (46%)
----------------- Invoking toplevel() on ptolemy.moml.MoMLSimpleApplication@4b645600
----------------- Done invoking toplevel() on ptolemy.moml.MoMLSimpleApplication@4b645600
reloadAllAccessors: .Gaussian

===========================================================================================
----------------- testing Tue May 05 14:19:52 UTC 2020 /home/travis/build/icyphy/ptII/ptolemy/actor/lib/test/auto/Gaussian1.xml
----------------- Instantiating /home/travis/build/icyphy/ptII/ptolemy/actor/lib/test/auto/Gaussian1.xml
9 ms. Memory: 564224K Free: 255952K (45%)
----------------- Invoking toplevel() on ptolemy.moml.MoMLSimpleApplication@7ebf33e3
----------------- Done invoking toplevel() on ptolemy.moml.MoMLSimpleApplication@7ebf33e3
reloadAllAccessors: .Gaussian1

===========================================================================================
----------------- testing Tue May 05 14:19:52 UTC 2020 /home/travis/build/icyphy/ptII/ptolemy/actor/lib/test/auto/Gaussian2.xml
----------------- Instantiating /home/travis/build/icyphy/ptII/ptolemy/actor/lib/test/auto/Gaussian2.xml
2 ms. Memory: 564224K Free: 250328K (44%)
----------------- Invoking toplevel() on ptolemy.moml.MoMLSimpleApplication@680309ad
----------------- Done invoking toplevel() on ptolemy.moml.MoMLSimpleApplication@680309ad
reloadAllAccessors: .Gaussian2

===========================================================================================
----------------- testing Tue May 05 14:19:52 UTC 2020 /home/travis/build/icyphy/ptII/ptolemy/actor/lib/test/auto/GradientAdaptiveLattice.xml
----------------- Instantiating /home/travis/build/icyphy/ptII/ptolemy/actor/lib/test/auto/GradientAdaptiveLattice.xml
2 ms. Memory: 564224K Free: 245208K (43%)
----------------- Invoking toplevel() on ptolemy.moml.MoMLSimpleApplication@2a81b39d
----------------- Done invoking toplevel() on ptolemy.moml.MoMLSimpleApplication@2a81b39d
reloadAllAccessors: .GradientAdaptiveLattice

===========================================================================================
----------------- testing Tue May 05 14:19:52 UTC 2020 /home/travis/build/icyphy/ptII/ptolemy/actor/lib/test/auto/IIR.xml
----------------- Instantiating /home/travis/build/icyphy/ptII/ptolemy/actor/lib/test/auto/IIR.xml
1 ms. Memory: 564224K Free: 241112K (43%)
----------------- Invoking toplevel() on ptolemy.moml.MoMLSimpleApplication@1cc48d42
----------------- Done invoking toplevel() on ptolemy.moml.MoMLSimpleApplication@1cc48d42
reloadAllAccessors: .IIR

===========================================================================================
----------------- testing Tue May 05 14:19:52 UTC 2020 /home/travis/build/icyphy/ptII/ptolemy/actor/lib/test/auto/InputOutputTransparentPorts.xml
----------------- Instantiating /home/travis/build/icyphy/ptII/ptolemy/actor/lib/test/auto/InputOutputTransparentPorts.xml
2 ms. Memory: 564224K Free: 233944K (41%)
----------------- Invoking toplevel() on ptolemy.moml.MoMLSimpleApplication@1940c922
----------------- Done invoking toplevel() on ptolemy.moml.MoMLSimpleApplication@1940c922
reloadAllAccessors: .InputOutputTransparentPorts

===========================================================================================
----------------- testing Tue May 05 14:19:52 UTC 2020 /home/travis/build/icyphy/ptII/ptolemy/actor/lib/test/auto/Interpolator.xml
----------------- Instantiating /home/travis/build/icyphy/ptII/ptolemy/actor/lib/test/auto/Interpolator.xml
4 ms. Memory: 564224K Free: 229334K (41%)
----------------- Invoking toplevel() on ptolemy.moml.MoMLSimpleApplication@69bdf099
----------------- Done invoking toplevel() on ptolemy.moml.MoMLSimpleApplication@69bdf099
reloadAllAccessors: .Interpolator

===========================================================================================
----------------- testing Tue May 05 14:19:52 UTC 2020 /home/travis/build/icyphy/ptII/ptolemy/actor/lib/test/auto/InterpolatorFiringLimitDE.xml
----------------- Instantiating /home/travis/build/icyphy/ptII/ptolemy/actor/lib/test/auto/InterpolatorFiringLimitDE.xml
1 ms. Memory: 564224K Free: 223190K (40%)
----------------- Invoking toplevel() on ptolemy.moml.MoMLSimpleApplication@72d3144b
----------------- Done invoking toplevel() on ptolemy.moml.MoMLSimpleApplication@72d3144b
reloadAllAccessors: .InterpolatorFiringLimitDE

===========================================================================================
----------------- testing Tue May 05 14:19:52 UTC 2020 /home/travis/build/icyphy/ptII/ptolemy/actor/lib/test/auto/Lattice.xml
----------------- Instantiating /home/travis/build/icyphy/ptII/ptolemy/actor/lib/test/auto/Lattice.xml
1 ms. Memory: 564224K Free: 219094K (39%)
----------------- Invoking toplevel() on ptolemy.moml.MoMLSimpleApplication@2c3757f3
----------------- Done invoking toplevel() on ptolemy.moml.MoMLSimpleApplication@2c3757f3
reloadAllAccessors: .Lattice

===========================================================================================
----------------- testing Tue May 05 14:19:52 UTC 2020 /home/travis/build/icyphy/ptII/ptolemy/actor/lib/test/auto/LazyAOCTestLazy.xml
----------------- Instantiating /home/travis/build/icyphy/ptII/ptolemy/actor/lib/test/auto/LazyAOCTestLazy.xml
8 ms. Memory: 564224K Free: 212920K (38%)
----------------- Invoking toplevel() on ptolemy.moml.MoMLSimpleApplication@3b46b593
----------------- Done invoking toplevel() on ptolemy.moml.MoMLSimpleApplication@3b46b593
reloadAllAccessors: .LazyAOCTestLazy

===========================================================================================
----------------- testing Tue May 05 14:19:52 UTC 2020 /home/travis/build/icyphy/ptII/ptolemy/actor/lib/test/auto/LazyAOCTestNonLazy.xml
----------------- Instantiating /home/travis/build/icyphy/ptII/ptolemy/actor/lib/test/auto/LazyAOCTestNonLazy.xml
2 ms. Memory: 564224K Free: 206296K (37%)
----------------- Invoking toplevel() on ptolemy.moml.MoMLSimpleApplication@93a3722
----------------- Done invoking toplevel() on ptolemy.moml.MoMLSimpleApplication@93a3722
reloadAllAccessors: .LazyAOCTestNonLazy

===========================================================================================
----------------- testing Tue May 05 14:19:52 UTC 2020 /home/travis/build/icyphy/ptII/ptolemy/actor/lib/test/auto/LazyInnerClass.xml
----------------- Instantiating /home/travis/build/icyphy/ptII/ptolemy/actor/lib/test/auto/LazyInnerClass.xml
23 ms. Memory: 564224K Free: 197576K (35%)
----------------- Invoking toplevel() on ptolemy.moml.MoMLSimpleApplication@5b8b70a6
----------------- Done invoking toplevel() on ptolemy.moml.MoMLSimpleApplication@5b8b70a6
reloadAllAccessors: .LazyInnerClass

===========================================================================================
----------------- testing Tue May 05 14:19:52 UTC 2020 /home/travis/build/icyphy/ptII/ptolemy/actor/lib/test/auto/LazyPubSub.xml
----------------- Instantiating /home/travis/build/icyphy/ptII/ptolemy/actor/lib/test/auto/LazyPubSub.xml
27 ms. Memory: 564224K Free: 187350K (33%)
----------------- Invoking toplevel() on ptolemy.moml.MoMLSimpleApplication@41ced35a
----------------- Done invoking toplevel() on ptolemy.moml.MoMLSimpleApplication@41ced35a
reloadAllAccessors: .LazyPubSub

===========================================================================================
----------------- testing Tue May 05 14:19:52 UTC 2020 /home/travis/build/icyphy/ptII/ptolemy/actor/lib/test/auto/LazyPubSub2.xml
----------------- Instantiating /home/travis/build/icyphy/ptII/ptolemy/actor/lib/test/auto/LazyPubSub2.xml
11 ms. Memory: 564224K Free: 504792K (89%)
----------------- Invoking toplevel() on ptolemy.moml.MoMLSimpleApplication@442378b3
----------------- Done invoking toplevel() on ptolemy.moml.MoMLSimpleApplication@442378b3
reloadAllAccessors: .LazyPubSub2

===========================================================================================
----------------- testing Tue May 05 14:19:52 UTC 2020 /home/travis/build/icyphy/ptII/ptolemy/actor/lib/test/auto/LazyPubSub3.xml
----------------- Instantiating /home/travis/build/icyphy/ptII/ptolemy/actor/lib/test/auto/LazyPubSub3.xml
14 ms. Memory: 564224K Free: 495062K (88%)
----------------- Invoking toplevel() on ptolemy.moml.MoMLSimpleApplication@1721ed7c
----------------- Done invoking toplevel() on ptolemy.moml.MoMLSimpleApplication@1721ed7c
reloadAllAccessors: .LazyPubSub3

===========================================================================================
----------------- testing Tue May 05 14:19:52 UTC 2020 /home/travis/build/icyphy/ptII/ptolemy/actor/lib/test/auto/LazySubClassModel.xml
----------------- Instantiating /home/travis/build/icyphy/ptII/ptolemy/actor/lib/test/auto/LazySubClassModel.xml
1 ms. Memory: 564224K Free: 485846K (86%)
----------------- Invoking toplevel() on ptolemy.moml.MoMLSimpleApplication@53c54aba
----------------- Done invoking toplevel() on ptolemy.moml.MoMLSimpleApplication@53c54aba
reloadAllAccessors: .LazySubClassModel

===========================================================================================
----------------- testing Tue May 05 14:19:52 UTC 2020 /home/travis/build/icyphy/ptII/ptolemy/actor/lib/test/auto/LevelCrossTest1.xml
----------------- Instantiating /home/travis/build/icyphy/ptII/ptolemy/actor/lib/test/auto/LevelCrossTest1.xml
1 ms. Memory: 564224K Free: 480216K (85%)
----------------- Invoking toplevel() on ptolemy.moml.MoMLSimpleApplication@3379173b
----------------- Done invoking toplevel() on ptolemy.moml.MoMLSimpleApplication@3379173b
reloadAllAccessors: .broken

===========================================================================================
----------------- testing Tue May 05 14:19:52 UTC 2020 /home/travis/build/icyphy/ptII/ptolemy/actor/lib/test/auto/LevelCrossTest10.xml
----------------- Instantiating /home/travis/build/icyphy/ptII/ptolemy/actor/lib/test/auto/LevelCrossTest10.xml
1 ms. Memory: 564224K Free: 472024K (84%)
----------------- Invoking toplevel() on ptolemy.moml.MoMLSimpleApplication@655247dd
----------------- Done invoking toplevel() on ptolemy.moml.MoMLSimpleApplication@655247dd
reloadAllAccessors: .LevelCrossTest10

===========================================================================================
----------------- testing Tue May 05 14:19:52 UTC 2020 /home/travis/build/icyphy/ptII/ptolemy/actor/lib/test/auto/LevelCrossTest11.xml
----------------- Instantiating /home/travis/build/icyphy/ptII/ptolemy/actor/lib/test/auto/LevelCrossTest11.xml
2 ms. Memory: 564224K Free: 465366K (82%)
----------------- Invoking toplevel() on ptolemy.moml.MoMLSimpleApplication@260ce590
----------------- Done invoking toplevel() on ptolemy.moml.MoMLSimpleApplication@260ce590
reloadAllAccessors: .LevelCrossTest11

===========================================================================================
----------------- testing Tue May 05 14:19:52 UTC 2020 /home/travis/build/icyphy/ptII/ptolemy/actor/lib/test/auto/LevelCrossTest12.xml
----------------- Instantiating /home/travis/build/icyphy/ptII/ptolemy/actor/lib/test/auto/LevelCrossTest12.xml
2 ms. Memory: 564224K Free: 458712K (81%)
----------------- Invoking toplevel() on ptolemy.moml.MoMLSimpleApplication@399c2fa2
----------------- Done invoking toplevel() on ptolemy.moml.MoMLSimpleApplication@399c2fa2
reloadAllAccessors: .LevelCrossTest12

===========================================================================================
----------------- testing Tue May 05 14:19:52 UTC 2020 /home/travis/build/icyphy/ptII/ptolemy/actor/lib/test/auto/LevelCrossTest13.xml
----------------- Instantiating /home/travis/build/icyphy/ptII/ptolemy/actor/lib/test/auto/LevelCrossTest13.xml
0 ms. Memory: 564224K Free: 450520K (80%)
----------------- Invoking toplevel() on ptolemy.moml.MoMLSimpleApplication@30b7e4ec
----------------- Done invoking toplevel() on ptolemy.moml.MoMLSimpleApplication@30b7e4ec
reloadAllAccessors: .LevelCrossTest13

===========================================================================================
----------------- testing Tue May 05 14:19:52 UTC 2020 /home/travis/build/icyphy/ptII/ptolemy/actor/lib/test/auto/LevelCrossTest2.xml
----------------- Instantiating /home/travis/build/icyphy/ptII/ptolemy/actor/lib/test/auto/LevelCrossTest2.xml
1 ms. Memory: 564224K Free: 444886K (79%)
----------------- Invoking toplevel() on ptolemy.moml.MoMLSimpleApplication@6db30565
----------------- Done invoking toplevel() on ptolemy.moml.MoMLSimpleApplication@6db30565
reloadAllAccessors: .broken

===========================================================================================
----------------- testing Tue May 05 14:19:52 UTC 2020 /home/travis/build/icyphy/ptII/ptolemy/actor/lib/test/auto/LevelCrossTest3.xml
----------------- Instantiating /home/travis/build/icyphy/ptII/ptolemy/actor/lib/test/auto/LevelCrossTest3.xml
2 ms. Memory: 564224K Free: 438712K (78%)
----------------- Invoking toplevel() on ptolemy.moml.MoMLSimpleApplication@59f57516
----------------- Done invoking toplevel() on ptolemy.moml.MoMLSimpleApplication@59f57516
reloadAllAccessors: .LevelCrossTest3

===========================================================================================
----------------- testing Tue May 05 14:19:52 UTC 2020 /home/travis/build/icyphy/ptII/ptolemy/actor/lib/test/auto/LevelCrossTest4.xml
----------------- Instantiating /home/travis/build/icyphy/ptII/ptolemy/actor/lib/test/auto/LevelCrossTest4.xml
2 ms. Memory: 564224K Free: 432598K (77%)
----------------- Invoking toplevel() on ptolemy.moml.MoMLSimpleApplication@545e0509
----------------- Done invoking toplevel() on ptolemy.moml.MoMLSimpleApplication@545e0509
reloadAllAccessors: .broken

===========================================================================================
----------------- testing Tue May 05 14:19:52 UTC 2020 /home/travis/build/icyphy/ptII/ptolemy/actor/lib/test/auto/LevelCrossTest5.xml
----------------- Instantiating /home/travis/build/icyphy/ptII/ptolemy/actor/lib/test/auto/LevelCrossTest5.xml
1 ms. Memory: 564224K Free: 425944K (75%)
----------------- Invoking toplevel() on ptolemy.moml.MoMLSimpleApplication@5d1424d1
----------------- Done invoking toplevel() on ptolemy.moml.MoMLSimpleApplication@5d1424d1
reloadAllAccessors: .LevelCrossTest5

===========================================================================================
----------------- testing Tue May 05 14:19:52 UTC 2020 /home/travis/build/icyphy/ptII/ptolemy/actor/lib/test/auto/LevelCrossTest6.xml
----------------- Instantiating /home/travis/build/icyphy/ptII/ptolemy/actor/lib/test/auto/LevelCrossTest6.xml
4 ms. Memory: 564224K Free: 419800K (74%)
----------------- Invoking toplevel() on ptolemy.moml.MoMLSimpleApplication@3ed69c42
----------------- Done invoking toplevel() on ptolemy.moml.MoMLSimpleApplication@3ed69c42
reloadAllAccessors: .LevelCrossTest6

===========================================================================================
----------------- testing Tue May 05 14:19:52 UTC 2020 /home/travis/build/icyphy/ptII/ptolemy/actor/lib/test/auto/LevelCrossTest7.xml
----------------- Instantiating /home/travis/build/icyphy/ptII/ptolemy/actor/lib/test/auto/LevelCrossTest7.xml
1 ms. Memory: 564224K Free: 412118K (73%)
----------------- Invoking toplevel() on ptolemy.moml.MoMLSimpleApplication@1a7e3628
----------------- Done invoking toplevel() on ptolemy.moml.MoMLSimpleApplication@1a7e3628
reloadAllAccessors: .LevelCrossTest7

===========================================================================================
----------------- testing Tue May 05 14:19:52 UTC 2020 /home/travis/build/icyphy/ptII/ptolemy/actor/lib/test/auto/LevelCrossTest8.xml
----------------- Instantiating /home/travis/build/icyphy/ptII/ptolemy/actor/lib/test/auto/LevelCrossTest8.xml
1 ms. Memory: 564224K Free: 404950K (72%)
----------------- Invoking toplevel() on ptolemy.moml.MoMLSimpleApplication@59cade16
----------------- Done invoking toplevel() on ptolemy.moml.MoMLSimpleApplication@59cade16
reloadAllAccessors: .LevelCrossTest8

===========================================================================================
----------------- testing Tue May 05 14:19:52 UTC 2020 /home/travis/build/icyphy/ptII/ptolemy/actor/lib/test/auto/LevelCrossTest9.xml
----------------- Instantiating /home/travis/build/icyphy/ptII/ptolemy/actor/lib/test/auto/LevelCrossTest9.xml
2 ms. Memory: 564224K Free: 398806K (71%)
----------------- Invoking toplevel() on ptolemy.moml.MoMLSimpleApplication@4c031eb6
----------------- Done invoking toplevel() on ptolemy.moml.MoMLSimpleApplication@4c031eb6
reloadAllAccessors: .LevelCrossTest9

===========================================================================================
----------------- testing Tue May 05 14:19:52 UTC 2020 /home/travis/build/icyphy/ptII/ptolemy/actor/lib/test/auto/LevinsonDurbin.xml
----------------- Instantiating /home/travis/build/icyphy/ptII/ptolemy/actor/lib/test/auto/LevinsonDurbin.xml
1 ms. Memory: 564224K Free: 394710K (70%)
----------------- Invoking toplevel() on ptolemy.moml.MoMLSimpleApplication@630f2555
----------------- Done invoking toplevel() on ptolemy.moml.MoMLSimpleApplication@630f2555
reloadAllAccessors: .LevinsonDurbin

===========================================================================================
----------------- testing Tue May 05 14:19:52 UTC 2020 /home/travis/build/icyphy/ptII/ptolemy/actor/lib/test/auto/LevinsonDurbin2.xml
----------------- Instantiating /home/travis/build/icyphy/ptII/ptolemy/actor/lib/test/auto/LevinsonDurbin2.xml
1 ms. Memory: 564224K Free: 390614K (69%)
----------------- Invoking toplevel() on ptolemy.moml.MoMLSimpleApplication@7e4b332f
----------------- Done invoking toplevel() on ptolemy.moml.MoMLSimpleApplication@7e4b332f
reloadAllAccessors: .LevinsonDurbin2

===========================================================================================
----------------- testing Tue May 05 14:19:52 UTC 2020 /home/travis/build/icyphy/ptII/ptolemy/actor/lib/test/auto/LevinsonDurbin3.xml
----------------- Instantiating /home/travis/build/icyphy/ptII/ptolemy/actor/lib/test/auto/LevinsonDurbin3.xml
4 ms. Memory: 564224K Free: 386518K (69%)
----------------- Invoking toplevel() on ptolemy.moml.MoMLSimpleApplication@11a89d9
----------------- Done invoking toplevel() on ptolemy.moml.MoMLSimpleApplication@11a89d9
reloadAllAccessors: .LevinsonDurbin3

===========================================================================================
----------------- testing Tue May 05 14:19:52 UTC 2020 /home/travis/build/icyphy/ptII/ptolemy/actor/lib/test/auto/Limiter.xml
----------------- Instantiating /home/travis/build/icyphy/ptII/ptolemy/actor/lib/test/auto/Limiter.xml
4 ms. Memory: 564224K Free: 377288K (67%)
----------------- Invoking toplevel() on ptolemy.moml.MoMLSimpleApplication@5492342
----------------- Done invoking toplevel() on ptolemy.moml.MoMLSimpleApplication@5492342
reloadAllAccessors: .Limiter

===========================================================================================
----------------- testing Tue May 05 14:19:52 UTC 2020 /home/travis/build/icyphy/ptII/ptolemy/actor/lib/test/auto/LinearDifferenceEquationSystem.xml
----------------- Instantiating /home/travis/build/icyphy/ptII/ptolemy/actor/lib/test/auto/LinearDifferenceEquationSystem.xml
4 ms. Memory: 564224K Free: 369624K (66%)
----------------- Invoking toplevel() on ptolemy.moml.MoMLSimpleApplication@7474c7b8
----------------- Done invoking toplevel() on ptolemy.moml.MoMLSimpleApplication@7474c7b8
reloadAllAccessors: .LinearDifferenceEquationSystem

===========================================================================================
----------------- testing Tue May 05 14:19:52 UTC 2020 /home/travis/build/icyphy/ptII/ptolemy/actor/lib/test/auto/LookupTable.xml
----------------- Instantiating /home/travis/build/icyphy/ptII/ptolemy/actor/lib/test/auto/LookupTable.xml
8 ms. Memory: 564224K Free: 365014K (65%)
----------------- Invoking toplevel() on ptolemy.moml.MoMLSimpleApplication@3c15db24
----------------- Done invoking toplevel() on ptolemy.moml.MoMLSimpleApplication@3c15db24
reloadAllAccessors: .LookupTable

===========================================================================================
----------------- testing Tue May 05 14:19:52 UTC 2020 /home/travis/build/icyphy/ptII/ptolemy/actor/lib/test/auto/MathFunction.xml
----------------- Instantiating /home/travis/build/icyphy/ptII/ptolemy/actor/lib/test/auto/MathFunction.xml
2 ms. Memory: 564224K Free: 356822K (63%)
----------------- Invoking toplevel() on ptolemy.moml.MoMLSimpleApplication@665fb12e
----------------- Done invoking toplevel() on ptolemy.moml.MoMLSimpleApplication@665fb12e
reloadAllAccessors: .MathFunction

===========================================================================================
----------------- testing Tue May 05 14:19:52 UTC 2020 /home/travis/build/icyphy/ptII/ptolemy/actor/lib/test/auto/MathFunction2.xml
----------------- Instantiating /home/travis/build/icyphy/ptII/ptolemy/actor/lib/test/auto/MathFunction2.xml
4 ms. Memory: 564224K Free: 352726K (63%)
----------------- Invoking toplevel() on ptolemy.moml.MoMLSimpleApplication@7e52f516
----------------- Done invoking toplevel() on ptolemy.moml.MoMLSimpleApplication@7e52f516
reloadAllAccessors: .MathFunction2

===========================================================================================
----------------- testing Tue May 05 14:19:52 UTC 2020 /home/travis/build/icyphy/ptII/ptolemy/actor/lib/test/auto/MathFunction3.xml
----------------- Instantiating /home/travis/build/icyphy/ptII/ptolemy/actor/lib/test/auto/MathFunction3.xml
2 ms. Memory: 564224K Free: 345558K (61%)
----------------- Invoking toplevel() on ptolemy.moml.MoMLSimpleApplication@6e4722a
----------------- Done invoking toplevel() on ptolemy.moml.MoMLSimpleApplication@6e4722a
reloadAllAccessors: .MathFunction3

===========================================================================================
----------------- testing Tue May 05 14:19:52 UTC 2020 /home/travis/build/icyphy/ptII/ptolemy/actor/lib/test/auto/MatrixCropBoolean.xml
----------------- Instantiating /home/travis/build/icyphy/ptII/ptolemy/actor/lib/test/auto/MatrixCropBoolean.xml
2 ms. Memory: 564224K Free: 340408K (60%)
----------------- Invoking toplevel() on ptolemy.moml.MoMLSimpleApplication@624d0d62
----------------- Done invoking toplevel() on ptolemy.moml.MoMLSimpleApplication@624d0d62
reloadAllAccessors: .MatrixCropBoolean

===========================================================================================
----------------- testing Tue May 05 14:19:53 UTC 2020 /home/travis/build/icyphy/ptII/ptolemy/actor/lib/test/auto/MatrixCropComplex.xml
----------------- Instantiating /home/travis/build/icyphy/ptII/ptolemy/actor/lib/test/auto/MatrixCropComplex.xml
1 ms. Memory: 564224K Free: 335288K (59%)
----------------- Invoking toplevel() on ptolemy.moml.MoMLSimpleApplication@1b13d435
----------------- Done invoking toplevel() on ptolemy.moml.MoMLSimpleApplication@1b13d435
reloadAllAccessors: .MatrixCropComplex

===========================================================================================
----------------- testing Tue May 05 14:19:53 UTC 2020 /home/travis/build/icyphy/ptII/ptolemy/actor/lib/test/auto/MatrixCropDouble.xml
----------------- Instantiating /home/travis/build/icyphy/ptII/ptolemy/actor/lib/test/auto/MatrixCropDouble.xml
4 ms. Memory: 564224K Free: 330184K (59%)
----------------- Invoking toplevel() on ptolemy.moml.MoMLSimpleApplication@32632908
----------------- Done invoking toplevel() on ptolemy.moml.MoMLSimpleApplication@32632908
reloadAllAccessors: .MatrixCropDouble

===========================================================================================
----------------- testing Tue May 05 14:19:53 UTC 2020 /home/travis/build/icyphy/ptII/ptolemy/actor/lib/test/auto/MatrixCropFix.xml
----------------- Instantiating /home/travis/build/icyphy/ptII/ptolemy/actor/lib/test/auto/MatrixCropFix.xml
2 ms. Memory: 564224K Free: 325048K (58%)
----------------- Invoking toplevel() on ptolemy.moml.MoMLSimpleApplication@7c3c8344
----------------- Done invoking toplevel() on ptolemy.moml.MoMLSimpleApplication@7c3c8344
reloadAllAccessors: .MatrixCropFix

===========================================================================================
----------------- testing Tue May 05 14:19:53 UTC 2020 /home/travis/build/icyphy/ptII/ptolemy/actor/lib/test/auto/MatrixCropInt.xml
----------------- Instantiating /home/travis/build/icyphy/ptII/ptolemy/actor/lib/test/auto/MatrixCropInt.xml
1 ms. Memory: 564224K Free: 319944K (57%)
----------------- Invoking toplevel() on ptolemy.moml.MoMLSimpleApplication@54f2b46
----------------- Done invoking toplevel() on ptolemy.moml.MoMLSimpleApplication@54f2b46
reloadAllAccessors: .MatrixCropInt

===========================================================================================
----------------- testing Tue May 05 14:19:53 UTC 2020 /home/travis/build/icyphy/ptII/ptolemy/actor/lib/test/auto/MatrixCropLong.xml
----------------- Instantiating /home/travis/build/icyphy/ptII/ptolemy/actor/lib/test/auto/MatrixCropLong.xml
3 ms. Memory: 564224K Free: 314824K (56%)
----------------- Invoking toplevel() on ptolemy.moml.MoMLSimpleApplication@2d44aad1
----------------- Done invoking toplevel() on ptolemy.moml.MoMLSimpleApplication@2d44aad1
reloadAllAccessors: .MatrixCropLong

===========================================================================================
----------------- testing Tue May 05 14:19:53 UTC 2020 /home/travis/build/icyphy/ptII/ptolemy/actor/lib/test/auto/MatrixToArray.xml
----------------- Instantiating /home/travis/build/icyphy/ptII/ptolemy/actor/lib/test/auto/MatrixToArray.xml
7 ms. Memory: 564224K Free: 299992K (53%)
----------------- Invoking toplevel() on ptolemy.moml.MoMLSimpleApplication@df499cf
----------------- Done invoking toplevel() on ptolemy.moml.MoMLSimpleApplication@df499cf
reloadAllAccessors: .MatrixToArray

===========================================================================================
----------------- testing Tue May 05 14:19:53 UTC 2020 /home/travis/build/icyphy/ptII/ptolemy/actor/lib/test/auto/MaxIndex.xml
----------------- Instantiating /home/travis/build/icyphy/ptII/ptolemy/actor/lib/test/auto/MaxIndex.xml
3 ms. Memory: 564224K Free: 294872K (52%)
----------------- Invoking toplevel() on ptolemy.moml.MoMLSimpleApplication@6815973f
----------------- Done invoking toplevel() on ptolemy.moml.MoMLSimpleApplication@6815973f
reloadAllAccessors: .MaxIndex

===========================================================================================
----------------- testing Tue May 05 14:19:53 UTC 2020 /home/travis/build/icyphy/ptII/ptolemy/actor/lib/test/auto/Maximum.xml
----------------- Instantiating /home/travis/build/icyphy/ptII/ptolemy/actor/lib/test/auto/Maximum.xml
3 ms. Memory: 564224K Free: 288184K (51%)
----------------- Invoking toplevel() on ptolemy.moml.MoMLSimpleApplication@5774237e
----------------- Done invoking toplevel() on ptolemy.moml.MoMLSimpleApplication@5774237e
reloadAllAccessors: .Maximum

===========================================================================================
----------------- testing Tue May 05 14:19:53 UTC 2020 /home/travis/build/icyphy/ptII/ptolemy/actor/lib/test/auto/MaximumComplex.xml
----------------- Instantiating /home/travis/build/icyphy/ptII/ptolemy/actor/lib/test/auto/MaximumComplex.xml
4 ms. Memory: 564224K Free: 282070K (50%)
----------------- Invoking toplevel() on ptolemy.moml.MoMLSimpleApplication@6c7097b4
----------------- Done invoking toplevel() on ptolemy.moml.MoMLSimpleApplication@6c7097b4
reloadAllAccessors: .MaximumComplex

===========================================================================================
----------------- testing Tue May 05 14:19:53 UTC 2020 /home/travis/build/icyphy/ptII/ptolemy/actor/lib/test/auto/MethodCallTest.xml
----------------- Instantiating /home/travis/build/icyphy/ptII/ptolemy/actor/lib/test/auto/MethodCallTest.xml
3 ms. Memory: 564224K Free: 275416K (49%)
----------------- Invoking toplevel() on ptolemy.moml.MoMLSimpleApplication@2d800324
----------------- Done invoking toplevel() on ptolemy.moml.MoMLSimpleApplication@2d800324
reloadAllAccessors: .MethodCallTest

===========================================================================================
----------------- testing Tue May 05 14:19:53 UTC 2020 /home/travis/build/icyphy/ptII/ptolemy/actor/lib/test/auto/Minimum.xml
----------------- Instantiating /home/travis/build/icyphy/ptII/ptolemy/actor/lib/test/auto/Minimum.xml
2 ms. Memory: 564224K Free: 269272K (48%)
----------------- Invoking toplevel() on ptolemy.moml.MoMLSimpleApplication@59299e68
----------------- Done invoking toplevel() on ptolemy.moml.MoMLSimpleApplication@59299e68
reloadAllAccessors: .Minimum

===========================================================================================
----------------- testing Tue May 05 14:19:53 UTC 2020 /home/travis/build/icyphy/ptII/ptolemy/actor/lib/test/auto/MinimumComplex.xml
----------------- Instantiating /home/travis/build/icyphy/ptII/ptolemy/actor/lib/test/auto/MinimumComplex.xml
3 ms. Memory: 564224K Free: 263128K (47%)
----------------- Invoking toplevel() on ptolemy.moml.MoMLSimpleApplication@45ef27fd
----------------- Done invoking toplevel() on ptolemy.moml.MoMLSimpleApplication@45ef27fd
reloadAllAccessors: .MinimumComplex

===========================================================================================
----------------- testing Tue May 05 14:19:53 UTC 2020 /home/travis/build/icyphy/ptII/ptolemy/actor/lib/test/auto/MinimumMultiports.xml
----------------- Instantiating /home/travis/build/icyphy/ptII/ptolemy/actor/lib/test/auto/MinimumMultiports.xml
3 ms. Memory: 564224K Free: 254392K (45%)
----------------- Invoking toplevel() on ptolemy.moml.MoMLSimpleApplication@53d85435
----------------- Done invoking toplevel() on ptolemy.moml.MoMLSimpleApplication@53d85435
reloadAllAccessors: .MinimumMultiports

===========================================================================================
----------------- testing Tue May 05 14:19:53 UTC 2020 /home/travis/build/icyphy/ptII/ptolemy/actor/lib/test/auto/ModifyDate.xml
----------------- Instantiating /home/travis/build/icyphy/ptII/ptolemy/actor/lib/test/auto/ModifyDate.xml
8 ms. Memory: 564224K Free: 241624K (43%)
----------------- Invoking toplevel() on ptolemy.moml.MoMLSimpleApplication@70934c98
----------------- Done invoking toplevel() on ptolemy.moml.MoMLSimpleApplication@70934c98
reloadAllAccessors: .ModifyDate

===========================================================================================
----------------- testing Tue May 05 14:19:53 UTC 2020 /home/travis/build/icyphy/ptII/ptolemy/actor/lib/test/auto/ModifyDate2.xml
----------------- Instantiating /home/travis/build/icyphy/ptII/ptolemy/actor/lib/test/auto/ModifyDate2.xml
10 ms. Memory: 564224K Free: 232918K (41%)
----------------- Invoking toplevel() on ptolemy.moml.MoMLSimpleApplication@11878523
----------------- Done invoking toplevel() on ptolemy.moml.MoMLSimpleApplication@11878523
reloadAllAccessors: .ModifyDate2

===========================================================================================
----------------- testing Tue May 05 14:19:53 UTC 2020 /home/travis/build/icyphy/ptII/ptolemy/actor/lib/test/auto/MovingAverage.xml
----------------- Instantiating /home/travis/build/icyphy/ptII/ptolemy/actor/lib/test/auto/MovingAverage.xml
2 ms. Memory: 564224K Free: 227798K (40%)
----------------- Invoking toplevel() on ptolemy.moml.MoMLSimpleApplication@4167f153
----------------- Done invoking toplevel() on ptolemy.moml.MoMLSimpleApplication@4167f153
reloadAllAccessors: .MovingAverage

===========================================================================================
----------------- testing Tue May 05 14:19:53 UTC 2020 /home/travis/build/icyphy/ptII/ptolemy/actor/lib/test/auto/MovingMaximum.xml
----------------- Instantiating /home/travis/build/icyphy/ptII/ptolemy/actor/lib/test/auto/MovingMaximum.xml
1 ms. Memory: 564224K Free: 223192K (40%)
----------------- Invoking toplevel() on ptolemy.moml.MoMLSimpleApplication@1960ee57
----------------- Done invoking toplevel() on ptolemy.moml.MoMLSimpleApplication@1960ee57
reloadAllAccessors: .MovingMaximum

===========================================================================================
----------------- testing Tue May 05 14:19:53 UTC 2020 /home/travis/build/icyphy/ptII/ptolemy/actor/lib/test/auto/MultipleLinksToSameRelation.xml
----------------- Instantiating /home/travis/build/icyphy/ptII/ptolemy/actor/lib/test/auto/MultipleLinksToSameRelation.xml
2 ms. Memory: 564224K Free: 219096K (39%)
----------------- Invoking toplevel() on ptolemy.moml.MoMLSimpleApplication@18ad3c98
----------------- Done invoking toplevel() on ptolemy.moml.MoMLSimpleApplication@18ad3c98
reloadAllAccessors: .MultipleLinksToSameRelation

===========================================================================================
----------------- testing Tue May 05 14:19:53 UTC 2020 /home/travis/build/icyphy/ptII/ptolemy/actor/lib/test/auto/MultipleLinksToSameRelationDE.xml
----------------- Instantiating /home/travis/build/icyphy/ptII/ptolemy/actor/lib/test/auto/MultipleLinksToSameRelationDE.xml
1 ms. Memory: 564224K Free: 214456K (38%)
----------------- Invoking toplevel() on ptolemy.moml.MoMLSimpleApplication@45a8af0
----------------- Done invoking toplevel() on ptolemy.moml.MoMLSimpleApplication@45a8af0
reloadAllAccessors: .MultipleLinksToSameRelationDE

===========================================================================================
----------------- testing Tue May 05 14:19:53 UTC 2020 /home/travis/build/icyphy/ptII/ptolemy/actor/lib/test/auto/Multiplexor.xml
----------------- Instantiating /home/travis/build/icyphy/ptII/ptolemy/actor/lib/test/auto/Multiplexor.xml
2 ms. Memory: 564224K Free: 208856K (37%)
----------------- Invoking toplevel() on ptolemy.moml.MoMLSimpleApplication@594287cb
----------------- Done invoking toplevel() on ptolemy.moml.MoMLSimpleApplication@594287cb
reloadAllAccessors: .Multiplexor

===========================================================================================
----------------- testing Tue May 05 14:19:53 UTC 2020 /home/travis/build/icyphy/ptII/ptolemy/actor/lib/test/auto/Multiplexor1.xml
----------------- Instantiating /home/travis/build/icyphy/ptII/ptolemy/actor/lib/test/auto/Multiplexor1.xml
2 ms. Memory: 564224K Free: 203192K (36%)
----------------- Invoking toplevel() on ptolemy.moml.MoMLSimpleApplication@3a08cfe8
----------------- Done invoking toplevel() on ptolemy.moml.MoMLSimpleApplication@3a08cfe8
reloadAllAccessors: .Multiplexor1

===========================================================================================
----------------- testing Tue May 05 14:19:53 UTC 2020 /home/travis/build/icyphy/ptII/ptolemy/actor/lib/test/auto/Multiplexor2.xml
----------------- Instantiating /home/travis/build/icyphy/ptII/ptolemy/actor/lib/test/auto/Multiplexor2.xml
2 ms. Memory: 564224K Free: 196054K (35%)
----------------- Invoking toplevel() on ptolemy.moml.MoMLSimpleApplication@62a3c02d
----------------- Done invoking toplevel() on ptolemy.moml.MoMLSimpleApplication@62a3c02d
reloadAllAccessors: .Multiplexor2

===========================================================================================
----------------- testing Tue May 05 14:19:53 UTC 2020 /home/travis/build/icyphy/ptII/ptolemy/actor/lib/test/auto/Multiplexor3.xml
----------------- Instantiating /home/travis/build/icyphy/ptII/ptolemy/actor/lib/test/auto/Multiplexor3.xml
3 ms. Memory: 564224K Free: 191958K (34%)
----------------- Invoking toplevel() on ptolemy.moml.MoMLSimpleApplication@48697c59
----------------- Done invoking toplevel() on ptolemy.moml.MoMLSimpleApplication@48697c59
reloadAllAccessors: .Multiplexor3

===========================================================================================
----------------- testing Tue May 05 14:19:53 UTC 2020 /home/travis/build/icyphy/ptII/ptolemy/actor/lib/test/auto/MultiplexorDE.xml
----------------- Instantiating /home/travis/build/icyphy/ptII/ptolemy/actor/lib/test/auto/MultiplexorDE.xml
2 ms. Memory: 564224K Free: 510424K (90%)
----------------- Invoking toplevel() on ptolemy.moml.MoMLSimpleApplication@3a750eeb
----------------- Done invoking toplevel() on ptolemy.moml.MoMLSimpleApplication@3a750eeb
reloadAllAccessors: .MultiplexorDE

===========================================================================================
----------------- testing Tue May 05 14:19:53 UTC 2020 /home/travis/build/icyphy/ptII/ptolemy/actor/lib/test/auto/MultiportBroadcastTest.xml
----------------- Instantiating /home/travis/build/icyphy/ptII/ptolemy/actor/lib/test/auto/MultiportBroadcastTest.xml
83 ms. Memory: 564224K Free: 503760K (89%)
----------------- Invoking toplevel() on ptolemy.moml.MoMLSimpleApplication@5192d46
----------------- Done invoking toplevel() on ptolemy.moml.MoMLSimpleApplication@5192d46
reloadAllAccessors: .MultiportBroadcastTest

===========================================================================================
----------------- testing Tue May 05 14:19:53 UTC 2020 /home/travis/build/icyphy/ptII/ptolemy/actor/lib/test/auto/MultiportOutHangDuringGetWidth.xml
----------------- Instantiating /home/travis/build/icyphy/ptII/ptolemy/actor/lib/test/auto/MultiportOutHangDuringGetWidth.xml
4 ms. Memory: 564224K Free: 491478K (87%)
----------------- Invoking toplevel() on ptolemy.moml.MoMLSimpleApplication@3e827917
----------------- Done invoking toplevel() on ptolemy.moml.MoMLSimpleApplication@3e827917
reloadAllAccessors: .MultiportOutHangDuringGetWidth

===========================================================================================
----------------- testing Tue May 05 14:19:53 UTC 2020 /home/travis/build/icyphy/ptII/ptolemy/actor/lib/test/auto/NilToken.xml
----------------- Instantiating /home/travis/build/icyphy/ptII/ptolemy/actor/lib/test/auto/NilToken.xml
1 ms. Memory: 564224K Free: 487896K (86%)
----------------- Invoking toplevel() on ptolemy.moml.MoMLSimpleApplication@9e199b3
----------------- Done invoking toplevel() on ptolemy.moml.MoMLSimpleApplication@9e199b3
reloadAllAccessors: .NilToken

===========================================================================================
----------------- testing Tue May 05 14:19:53 UTC 2020 /home/travis/build/icyphy/ptII/ptolemy/actor/lib/test/auto/NilTokenNonStrictTest.xml
----------------- Instantiating /home/travis/build/icyphy/ptII/ptolemy/actor/lib/test/auto/NilTokenNonStrictTest.xml
1 ms. Memory: 564224K Free: 483286K (86%)
----------------- Invoking toplevel() on ptolemy.moml.MoMLSimpleApplication@7b4302cf
----------------- Done invoking toplevel() on ptolemy.moml.MoMLSimpleApplication@7b4302cf
reloadAllAccessors: .NilTokenNonStrictTest

===========================================================================================
----------------- testing Tue May 05 14:19:53 UTC 2020 /home/travis/build/icyphy/ptII/ptolemy/actor/lib/test/auto/NilTokenRecord.xml
----------------- Instantiating /home/travis/build/icyphy/ptII/ptolemy/actor/lib/test/auto/NilTokenRecord.xml
4 ms. Memory: 564224K Free: 476632K (84%)
----------------- Invoking toplevel() on ptolemy.moml.MoMLSimpleApplication@346bed28
----------------- Done invoking toplevel() on ptolemy.moml.MoMLSimpleApplication@346bed28
reloadAllAccessors: .NilTokenRecord

===========================================================================================
----------------- testing Tue May 05 14:19:53 UTC 2020 /home/travis/build/icyphy/ptII/ptolemy/actor/lib/test/auto/NilTokenTypeTest.xml
----------------- Instantiating /home/travis/build/icyphy/ptII/ptolemy/actor/lib/test/auto/NilTokenTypeTest.xml
9 ms. Memory: 564224K Free: 466902K (83%)
----------------- Invoking toplevel() on ptolemy.moml.MoMLSimpleApplication@312f41ed
----------------- Done invoking toplevel() on ptolemy.moml.MoMLSimpleApplication@312f41ed
reloadAllAccessors: .NilTokenTypeTest

===========================================================================================
----------------- testing Tue May 05 14:19:53 UTC 2020 /home/travis/build/icyphy/ptII/ptolemy/actor/lib/test/auto/ObjectToken1.xml
----------------- Instantiating /home/travis/build/icyphy/ptII/ptolemy/actor/lib/test/auto/ObjectToken1.xml
2 ms. Memory: 564224K Free: 462806K (82%)
----------------- Invoking toplevel() on ptolemy.moml.MoMLSimpleApplication@24a4ba6d
----------------- Done invoking toplevel() on ptolemy.moml.MoMLSimpleApplication@24a4ba6d
reloadAllAccessors: .ObjectToken1

===========================================================================================
----------------- testing Tue May 05 14:19:53 UTC 2020 /home/travis/build/icyphy/ptII/ptolemy/actor/lib/test/auto/OrderedMerge.xml
----------------- Instantiating /home/travis/build/icyphy/ptII/ptolemy/actor/lib/test/auto/OrderedMerge.xml
5 ms. Memory: 564224K Free: 457176K (81%)
----------------- Invoking toplevel() on ptolemy.moml.MoMLSimpleApplication@77618968
----------------- Done invoking toplevel() on ptolemy.moml.MoMLSimpleApplication@77618968
reloadAllAccessors: .OrderedMerge

===========================================================================================
----------------- testing Tue May 05 14:19:53 UTC 2020 /home/travis/build/icyphy/ptII/ptolemy/actor/lib/test/auto/OrderedRecordDisassembler.xml
----------------- Instantiating /home/travis/build/icyphy/ptII/ptolemy/actor/lib/test/auto/OrderedRecordDisassembler.xml
3 ms. Memory: 564224K Free: 452056K (80%)
----------------- Invoking toplevel() on ptolemy.moml.MoMLSimpleApplication@4b81016e
----------------- Done invoking toplevel() on ptolemy.moml.MoMLSimpleApplication@4b81016e
reloadAllAccessors: .OrderedRecordDisassembler

===========================================================================================
----------------- testing Tue May 05 14:19:53 UTC 2020 /home/travis/build/icyphy/ptII/ptolemy/actor/lib/test/auto/OrderedRecordDisassembler2.xml
----------------- Instantiating /home/travis/build/icyphy/ptII/ptolemy/actor/lib/test/auto/OrderedRecordDisassembler2.xml
4 ms. Memory: 564224K Free: 444360K (79%)
----------------- Invoking toplevel() on ptolemy.moml.MoMLSimpleApplication@630c89c5
----------------- Done invoking toplevel() on ptolemy.moml.MoMLSimpleApplication@630c89c5
reloadAllAccessors: .OrderedRecordDisassembler2

===========================================================================================
----------------- testing Tue May 05 14:19:53 UTC 2020 /home/travis/build/icyphy/ptII/ptolemy/actor/lib/test/auto/OrderedRecordUpdater.xml
----------------- Instantiating /home/travis/build/icyphy/ptII/ptolemy/actor/lib/test/auto/OrderedRecordUpdater.xml
1 ms. Memory: 564224K Free: 439254K (78%)
----------------- Invoking toplevel() on ptolemy.moml.MoMLSimpleApplication@255934ed
----------------- Done invoking toplevel() on ptolemy.moml.MoMLSimpleApplication@255934ed
reloadAllAccessors: .RecordUpdater

===========================================================================================
----------------- testing Tue May 05 14:19:53 UTC 2020 /home/travis/build/icyphy/ptII/ptolemy/actor/lib/test/auto/OrderedRecordUpdater2.xml
----------------- Instantiating /home/travis/build/icyphy/ptII/ptolemy/actor/lib/test/auto/OrderedRecordUpdater2.xml
3 ms. Memory: 564224K Free: 434134K (77%)
----------------- Invoking toplevel() on ptolemy.moml.MoMLSimpleApplication@6d81017c
----------------- Done invoking toplevel() on ptolemy.moml.MoMLSimpleApplication@6d81017c
reloadAllAccessors: .RecordUpdater2

===========================================================================================
----------------- testing Tue May 05 14:19:53 UTC 2020 /home/travis/build/icyphy/ptII/ptolemy/actor/lib/test/auto/PhaseUnwrap.xml
----------------- Instantiating /home/travis/build/icyphy/ptII/ptolemy/actor/lib/test/auto/PhaseUnwrap.xml
1 ms. Memory: 564224K Free: 429528K (76%)
----------------- Invoking toplevel() on ptolemy.moml.MoMLSimpleApplication@4a1bf0dc
----------------- Done invoking toplevel() on ptolemy.moml.MoMLSimpleApplication@4a1bf0dc
reloadAllAccessors: .PhaseUnwrap

===========================================================================================
----------------- testing Tue May 05 14:19:53 UTC 2020 /home/travis/build/icyphy/ptII/ptolemy/actor/lib/test/auto/PoissonClock.xml
----------------- Instantiating /home/travis/build/icyphy/ptII/ptolemy/actor/lib/test/auto/PoissonClock.xml
2 ms. Memory: 564224K Free: 425432K (75%)
----------------- Invoking toplevel() on ptolemy.moml.MoMLSimpleApplication@42fc2f1b
----------------- Done invoking toplevel() on ptolemy.moml.MoMLSimpleApplication@42fc2f1b
reloadAllAccessors: .PoissonClock

===========================================================================================
----------------- testing Tue May 05 14:19:53 UTC 2020 /home/travis/build/icyphy/ptII/ptolemy/actor/lib/test/auto/PoissonClock2.xml
----------------- Instantiating /home/travis/build/icyphy/ptII/ptolemy/actor/lib/test/auto/PoissonClock2.xml
1 ms. Memory: 564224K Free: 420822K (75%)
----------------- Invoking toplevel() on ptolemy.moml.MoMLSimpleApplication@526a2b3f
----------------- Done invoking toplevel() on ptolemy.moml.MoMLSimpleApplication@526a2b3f
reloadAllAccessors: .PoissonClock2

===========================================================================================
----------------- testing Tue May 05 14:19:53 UTC 2020 /home/travis/build/icyphy/ptII/ptolemy/actor/lib/test/auto/PoissonClock3.xml
----------------- Instantiating /home/travis/build/icyphy/ptII/ptolemy/actor/lib/test/auto/PoissonClock3.xml
1 ms. Memory: 564224K Free: 416216K (74%)
----------------- Invoking toplevel() on ptolemy.moml.MoMLSimpleApplication@e7b1e32
----------------- Done invoking toplevel() on ptolemy.moml.MoMLSimpleApplication@e7b1e32
reloadAllAccessors: .PoissonClock3

===========================================================================================
----------------- testing Tue May 05 14:19:53 UTC 2020 /home/travis/build/icyphy/ptII/ptolemy/actor/lib/test/auto/PubSubWithInitialTokens.xml
----------------- Instantiating /home/travis/build/icyphy/ptII/ptolemy/actor/lib/test/auto/PubSubWithInitialTokens.xml
1 ms. Memory: 564224K Free: 410568K (73%)
----------------- Invoking toplevel() on ptolemy.moml.MoMLSimpleApplication@4ff44883
----------------- Done invoking toplevel() on ptolemy.moml.MoMLSimpleApplication@4ff44883
reloadAllAccessors: .PubSubWithInitialTokens

===========================================================================================
----------------- testing Tue May 05 14:19:53 UTC 2020 /home/travis/build/icyphy/ptII/ptolemy/actor/lib/test/auto/PubSubWithInitialTokens2.xml
----------------- Instantiating /home/travis/build/icyphy/ptII/ptolemy/actor/lib/test/auto/PubSubWithInitialTokens2.xml
2 ms. Memory: 564224K Free: 404952K (72%)
----------------- Invoking toplevel() on ptolemy.moml.MoMLSimpleApplication@38b5ebac
----------------- Done invoking toplevel() on ptolemy.moml.MoMLSimpleApplication@38b5ebac
reloadAllAccessors: .PubSubWithInitialTokens2

===========================================================================================
----------------- testing Tue May 05 14:19:53 UTC 2020 /home/travis/build/icyphy/ptII/ptolemy/actor/lib/test/auto/PublisherClassNoParameter.xml
----------------- Instantiating /home/travis/build/icyphy/ptII/ptolemy/actor/lib/test/auto/PublisherClassNoParameter.xml
2 ms. Memory: 564224K Free: 395222K (70%)
----------------- Invoking toplevel() on ptolemy.moml.MoMLSimpleApplication@1210f250
----------------- Done invoking toplevel() on ptolemy.moml.MoMLSimpleApplication@1210f250
reloadAllAccessors: .PublisherClassNoParameter

===========================================================================================
----------------- testing Tue May 05 14:19:53 UTC 2020 /home/travis/build/icyphy/ptII/ptolemy/actor/lib/test/auto/PublisherClassParameter.xml
----------------- Instantiating /home/travis/build/icyphy/ptII/ptolemy/actor/lib/test/auto/PublisherClassParameter.xml
2 ms. Memory: 564224K Free: 384976K (68%)
----------------- Invoking toplevel() on ptolemy.moml.MoMLSimpleApplication@2f7db948
----------------- Done invoking toplevel() on ptolemy.moml.MoMLSimpleApplication@2f7db948
reloadAllAccessors: .PublisherClassParameter

===========================================================================================
----------------- testing Tue May 05 14:19:53 UTC 2020 /home/travis/build/icyphy/ptII/ptolemy/actor/lib/test/auto/PublisherNonStrictTest.xml
----------------- Instantiating /home/travis/build/icyphy/ptII/ptolemy/actor/lib/test/auto/PublisherNonStrictTest.xml
3 ms. Memory: 564224K Free: 377304K (67%)
----------------- Invoking toplevel() on ptolemy.moml.MoMLSimpleApplication@6aa00886
----------------- Done invoking toplevel() on ptolemy.moml.MoMLSimpleApplication@6aa00886
reloadAllAccessors: .PublisherNonStrictTest

===========================================================================================
----------------- testing Tue May 05 14:19:54 UTC 2020 /home/travis/build/icyphy/ptII/ptolemy/actor/lib/test/auto/PublisherPort1.xml
----------------- Instantiating /home/travis/build/icyphy/ptII/ptolemy/actor/lib/test/auto/PublisherPort1.xml
13 ms. Memory: 564224K Free: 371640K (66%)
----------------- Invoking toplevel() on ptolemy.moml.MoMLSimpleApplication@2f4a13bc
----------------- Done invoking toplevel() on ptolemy.moml.MoMLSimpleApplication@2f4a13bc
reloadAllAccessors: .PublisherPort1

===========================================================================================
----------------- testing Tue May 05 14:19:54 UTC 2020 /home/travis/build/icyphy/ptII/ptolemy/actor/lib/test/auto/PublisherPort2.xml
----------------- Instantiating /home/travis/build/icyphy/ptII/ptolemy/actor/lib/test/auto/PublisherPort2.xml
1 ms. Memory: 564224K Free: 366550K (65%)
----------------- Invoking toplevel() on ptolemy.moml.MoMLSimpleApplication@3fd6e843
----------------- Done invoking toplevel() on ptolemy.moml.MoMLSimpleApplication@3fd6e843
reloadAllAccessors: .PublisherPort2

===========================================================================================
----------------- testing Tue May 05 14:19:54 UTC 2020 /home/travis/build/icyphy/ptII/ptolemy/actor/lib/test/auto/PublisherPort3.xml
----------------- Instantiating /home/travis/build/icyphy/ptII/ptolemy/actor/lib/test/auto/PublisherPort3.xml
3 ms. Memory: 564224K Free: 359896K (64%)
----------------- Invoking toplevel() on ptolemy.moml.MoMLSimpleApplication@3ca31a9
----------------- Done invoking toplevel() on ptolemy.moml.MoMLSimpleApplication@3ca31a9
reloadAllAccessors: .PublisherPort3

===========================================================================================
----------------- testing Tue May 05 14:19:54 UTC 2020 /home/travis/build/icyphy/ptII/ptolemy/actor/lib/test/auto/PublisherPort4.xml
----------------- Instantiating /home/travis/build/icyphy/ptII/ptolemy/actor/lib/test/auto/PublisherPort4.xml
1 ms. Memory: 564224K Free: 354256K (63%)
----------------- Invoking toplevel() on ptolemy.moml.MoMLSimpleApplication@6de26580
----------------- Done invoking toplevel() on ptolemy.moml.MoMLSimpleApplication@6de26580
reloadAllAccessors: .PublisherPort4

===========================================================================================
----------------- testing Tue May 05 14:19:54 UTC 2020 /home/travis/build/icyphy/ptII/ptolemy/actor/lib/test/auto/PublisherPort5.xml
----------------- Instantiating /home/travis/build/icyphy/ptII/ptolemy/actor/lib/test/auto/PublisherPort5.xml
3 ms. Memory: 564224K Free: 346584K (61%)
----------------- Invoking toplevel() on ptolemy.moml.MoMLSimpleApplication@3febf1d1
----------------- Done invoking toplevel() on ptolemy.moml.MoMLSimpleApplication@3febf1d1
reloadAllAccessors: .PublisherPort5

===========================================================================================
----------------- testing Tue May 05 14:19:54 UTC 2020 /home/travis/build/icyphy/ptII/ptolemy/actor/lib/test/auto/PublisherPort5LookAlike.xml
----------------- Instantiating /home/travis/build/icyphy/ptII/ptolemy/actor/lib/test/auto/PublisherPort5LookAlike.xml
7 ms. Memory: 564224K Free: 338902K (60%)
----------------- Invoking toplevel() on ptolemy.moml.MoMLSimpleApplication@31f4f155
----------------- Done invoking toplevel() on ptolemy.moml.MoMLSimpleApplication@31f4f155
reloadAllAccessors: .PublisherPort5LookAlike

===========================================================================================
----------------- testing Tue May 05 14:19:54 UTC 2020 /home/travis/build/icyphy/ptII/ptolemy/actor/lib/test/auto/PublisherPort6.xml
----------------- Instantiating /home/travis/build/icyphy/ptII/ptolemy/actor/lib/test/auto/PublisherPort6.xml
2 ms. Memory: 564224K Free: 332248K (59%)
----------------- Invoking toplevel() on ptolemy.moml.MoMLSimpleApplication@64f6d7c
----------------- Done invoking toplevel() on ptolemy.moml.MoMLSimpleApplication@64f6d7c
reloadAllAccessors: .PublisherPort6

===========================================================================================
----------------- testing Tue May 05 14:19:54 UTC 2020 /home/travis/build/icyphy/ptII/ptolemy/actor/lib/test/auto/PublisherPort7.xml
----------------- Instantiating /home/travis/build/icyphy/ptII/ptolemy/actor/lib/test/auto/PublisherPort7.xml
3 ms. Memory: 564224K Free: 324566K (58%)
----------------- Invoking toplevel() on ptolemy.moml.MoMLSimpleApplication@6829eedd
----------------- Done invoking toplevel() on ptolemy.moml.MoMLSimpleApplication@6829eedd
reloadAllAccessors: .PublisherPort7

===========================================================================================
----------------- testing Tue May 05 14:19:54 UTC 2020 /home/travis/build/icyphy/ptII/ptolemy/actor/lib/test/auto/PublisherPort8.xml
----------------- Instantiating /home/travis/build/icyphy/ptII/ptolemy/actor/lib/test/auto/PublisherPort8.xml
3 ms. Memory: 564224K Free: 315864K (56%)
----------------- Invoking toplevel() on ptolemy.moml.MoMLSimpleApplication@1816dea0
----------------- Done invoking toplevel() on ptolemy.moml.MoMLSimpleApplication@1816dea0
reloadAllAccessors: .PublisherPort8

===========================================================================================
----------------- testing Tue May 05 14:19:54 UTC 2020 /home/travis/build/icyphy/ptII/ptolemy/actor/lib/test/auto/PublisherPortSubscriberChannelVariablesAOC2.xml
----------------- Instantiating /home/travis/build/icyphy/ptII/ptolemy/actor/lib/test/auto/PublisherPortSubscriberChannelVariablesAOC2.xml
3 ms. Memory: 564224K Free: 298966K (53%)
----------------- Invoking toplevel() on ptolemy.moml.MoMLSimpleApplication@6864e022
----------------- Done invoking toplevel() on ptolemy.moml.MoMLSimpleApplication@6864e022
reloadAllAccessors: .PublisherPortSubscriberChannelVariablesAOC2

===========================================================================================
----------------- testing Tue May 05 14:19:54 UTC 2020 /home/travis/build/icyphy/ptII/ptolemy/actor/lib/test/auto/PublisherPortSubscriberOpaqueWidthInference.xml
----------------- Instantiating /home/travis/build/icyphy/ptII/ptolemy/actor/lib/test/auto/PublisherPortSubscriberOpaqueWidthInference.xml
3 ms. Memory: 564224K Free: 290760K (52%)
----------------- Invoking toplevel() on ptolemy.moml.MoMLSimpleApplication@7c2e96da
----------------- Done invoking toplevel() on ptolemy.moml.MoMLSimpleApplication@7c2e96da
reloadAllAccessors: .PublisherPortSubscriberOpaqueWidthInference

===========================================================================================
----------------- testing Tue May 05 14:19:54 UTC 2020 /home/travis/build/icyphy/ptII/ptolemy/actor/lib/test/auto/PublisherPortSubscriberPortAdjacent.xml
----------------- Instantiating /home/travis/build/icyphy/ptII/ptolemy/actor/lib/test/auto/PublisherPortSubscriberPortAdjacent.xml
1 ms. Memory: 564224K Free: 282582K (50%)
----------------- Invoking toplevel() on ptolemy.moml.MoMLSimpleApplication@646904d3
----------------- Done invoking toplevel() on ptolemy.moml.MoMLSimpleApplication@646904d3
reloadAllAccessors: .PublisherPortSubscriberPortAdjacent

===========================================================================================
----------------- testing Tue May 05 14:19:54 UTC 2020 /home/travis/build/icyphy/ptII/ptolemy/actor/lib/test/auto/PublisherPortSubscriberPortExpression.xml
----------------- Instantiating /home/travis/build/icyphy/ptII/ptolemy/actor/lib/test/auto/PublisherPortSubscriberPortExpression.xml
3 ms. Memory: 564224K Free: 274904K (49%)
----------------- Invoking toplevel() on ptolemy.moml.MoMLSimpleApplication@40b7217e
----------------- Done invoking toplevel() on ptolemy.moml.MoMLSimpleApplication@40b7217e
reloadAllAccessors: .PublisherPortSubscriberPortExpression

===========================================================================================
----------------- testing Tue May 05 14:19:54 UTC 2020 /home/travis/build/icyphy/ptII/ptolemy/actor/lib/test/auto/PublisherPortSubscriberPortOpaqueD3Reverse.xml
----------------- Instantiating /home/travis/build/icyphy/ptII/ptolemy/actor/lib/test/auto/PublisherPortSubscriberPortOpaqueD3Reverse.xml
4 ms. Memory: 564224K Free: 264664K (47%)
----------------- Invoking toplevel() on ptolemy.moml.MoMLSimpleApplication@7fa87b34
----------------- Done invoking toplevel() on ptolemy.moml.MoMLSimpleApplication@7fa87b34
reloadAllAccessors: .PublisherPortSubscriberPortOpaqueD3Reverse

===========================================================================================
----------------- testing Tue May 05 14:19:54 UTC 2020 /home/travis/build/icyphy/ptII/ptolemy/actor/lib/test/auto/PublisherPortSubscriberPortOpaqueWidthInference.xml
----------------- Instantiating /home/travis/build/icyphy/ptII/ptolemy/actor/lib/test/auto/PublisherPortSubscriberPortOpaqueWidthInference.xml
3 ms. Memory: 564224K Free: 256968K (46%)
----------------- Invoking toplevel() on ptolemy.moml.MoMLSimpleApplication@61e099f7
----------------- Done invoking toplevel() on ptolemy.moml.MoMLSimpleApplication@61e099f7
reloadAllAccessors: .PublisherPortSubscriberPortOpaqueWidthInference

===========================================================================================
----------------- testing Tue May 05 14:19:54 UTC 2020 /home/travis/build/icyphy/ptII/ptolemy/actor/lib/test/auto/PublisherPortToplevelSubscriberPortAOC.xml
----------------- Instantiating /home/travis/build/icyphy/ptII/ptolemy/actor/lib/test/auto/PublisherPortToplevelSubscriberPortAOC.xml
.PublisherPortToplevelSubscriberPortAOC.TestExceptionAttribute: initialize() was not invoked, but wrapup() was.  This is unusual, but not always a problem.  For example, exporting JNLP will do this.
1 ms. Memory: 564224K Free: 251352K (45%)
----------------- Invoking toplevel() on ptolemy.moml.MoMLSimpleApplication@580cac63
----------------- Done invoking toplevel() on ptolemy.moml.MoMLSimpleApplication@580cac63
reloadAllAccessors: .PublisherPortToplevelSubscriberPortAOC

===========================================================================================
----------------- testing Tue May 05 14:19:54 UTC 2020 /home/travis/build/icyphy/ptII/ptolemy/actor/lib/test/auto/PublisherSubscriber.xml
----------------- Instantiating /home/travis/build/icyphy/ptII/ptolemy/actor/lib/test/auto/PublisherSubscriber.xml
2 ms. Memory: 564224K Free: 244184K (43%)
----------------- Invoking toplevel() on ptolemy.moml.MoMLSimpleApplication@32ac18a6
----------------- Done invoking toplevel() on ptolemy.moml.MoMLSimpleApplication@32ac18a6
reloadAllAccessors: .PublisherSubscriber

===========================================================================================
----------------- testing Tue May 05 14:19:54 UTC 2020 /home/travis/build/icyphy/ptII/ptolemy/actor/lib/test/auto/PublisherSubscriber10.xml
----------------- Instantiating /home/travis/build/icyphy/ptII/ptolemy/actor/lib/test/auto/PublisherSubscriber10.xml
6 ms. Memory: 564224K Free: 234968K (42%)
----------------- Invoking toplevel() on ptolemy.moml.MoMLSimpleApplication@1d1d490a
----------------- Done invoking toplevel() on ptolemy.moml.MoMLSimpleApplication@1d1d490a
reloadAllAccessors: .PublisherSubscriber10

===========================================================================================
----------------- testing Tue May 05 14:19:54 UTC 2020 /home/travis/build/icyphy/ptII/ptolemy/actor/lib/test/auto/PublisherSubscriber10InitialOutputs.xml
----------------- Instantiating /home/travis/build/icyphy/ptII/ptolemy/actor/lib/test/auto/PublisherSubscriber10InitialOutputs.xml
13 ms. Memory: 564224K Free: 225752K (40%)
----------------- Invoking toplevel() on ptolemy.moml.MoMLSimpleApplication@24c07060
----------------- Done invoking toplevel() on ptolemy.moml.MoMLSimpleApplication@24c07060
reloadAllAccessors: .PublisherSubscriber10InitialOutputs

===========================================================================================
----------------- testing Tue May 05 14:19:54 UTC 2020 /home/travis/build/icyphy/ptII/ptolemy/actor/lib/test/auto/PublisherSubscriber11.xml
----------------- Instantiating /home/travis/build/icyphy/ptII/ptolemy/actor/lib/test/auto/PublisherSubscriber11.xml
3 ms. Memory: 564224K Free: 219608K (39%)
----------------- Invoking toplevel() on ptolemy.moml.MoMLSimpleApplication@55530078
----------------- Done invoking toplevel() on ptolemy.moml.MoMLSimpleApplication@55530078
reloadAllAccessors: .PublisherSubscriber11

===========================================================================================
----------------- testing Tue May 05 14:19:54 UTC 2020 /home/travis/build/icyphy/ptII/ptolemy/actor/lib/test/auto/PublisherSubscriber12.xml
----------------- Instantiating /home/travis/build/icyphy/ptII/ptolemy/actor/lib/test/auto/PublisherSubscriber12.xml
5 ms. Memory: 564224K Free: 212950K (38%)
----------------- Invoking toplevel() on ptolemy.moml.MoMLSimpleApplication@8753249
----------------- Done invoking toplevel() on ptolemy.moml.MoMLSimpleApplication@8753249
reloadAllAccessors: .PublisherSubscriber12

===========================================================================================
----------------- testing Tue May 05 14:19:54 UTC 2020 /home/travis/build/icyphy/ptII/ptolemy/actor/lib/test/auto/PublisherSubscriber13.xml
----------------- Instantiating /home/travis/build/icyphy/ptII/ptolemy/actor/lib/test/auto/PublisherSubscriber13.xml
2 ms. Memory: 564224K Free: 207320K (37%)
----------------- Invoking toplevel() on ptolemy.moml.MoMLSimpleApplication@58ae14cf
----------------- Done invoking toplevel() on ptolemy.moml.MoMLSimpleApplication@58ae14cf
reloadAllAccessors: .PublisherSubscriber13

===========================================================================================
----------------- testing Tue May 05 14:19:54 UTC 2020 /home/travis/build/icyphy/ptII/ptolemy/actor/lib/test/auto/PublisherSubscriber14.xml
----------------- Instantiating /home/travis/build/icyphy/ptII/ptolemy/actor/lib/test/auto/PublisherSubscriber14.xml
2 ms. Memory: 564224K Free: 198584K (35%)
----------------- Invoking toplevel() on ptolemy.moml.MoMLSimpleApplication@481266dd
----------------- Done invoking toplevel() on ptolemy.moml.MoMLSimpleApplication@481266dd
reloadAllAccessors: .PublisherSubscriber14

===========================================================================================
----------------- testing Tue May 05 14:19:54 UTC 2020 /home/travis/build/icyphy/ptII/ptolemy/actor/lib/test/auto/PublisherSubscriber2.xml
----------------- Instantiating /home/travis/build/icyphy/ptII/ptolemy/actor/lib/test/auto/PublisherSubscriber2.xml
3 ms. Memory: 564224K Free: 192984K (34%)
----------------- Invoking toplevel() on ptolemy.moml.MoMLSimpleApplication@7cb8038e
----------------- Done invoking toplevel() on ptolemy.moml.MoMLSimpleApplication@7cb8038e
reloadAllAccessors: .PublisherSubscriber2

===========================================================================================
----------------- testing Tue May 05 14:19:54 UTC 2020 /home/travis/build/icyphy/ptII/ptolemy/actor/lib/test/auto/PublisherSubscriber3.xml
----------------- Instantiating /home/travis/build/icyphy/ptII/ptolemy/actor/lib/test/auto/PublisherSubscriber3.xml
2 ms. Memory: 564224K Free: 187336K (33%)
----------------- Invoking toplevel() on ptolemy.moml.MoMLSimpleApplication@3e4e73b4
----------------- Done invoking toplevel() on ptolemy.moml.MoMLSimpleApplication@3e4e73b4
reloadAllAccessors: .PublisherSubscriber3

===========================================================================================
----------------- testing Tue May 05 14:19:54 UTC 2020 /home/travis/build/icyphy/ptII/ptolemy/actor/lib/test/auto/PublisherSubscriber4.xml
----------------- Instantiating /home/travis/build/icyphy/ptII/ptolemy/actor/lib/test/auto/PublisherSubscriber4.xml
1 ms. Memory: 564224K Free: 509384K (90%)
----------------- Invoking toplevel() on ptolemy.moml.MoMLSimpleApplication@327a6df1
----------------- Done invoking toplevel() on ptolemy.moml.MoMLSimpleApplication@327a6df1
reloadAllAccessors: .PublisherSubscriber4

===========================================================================================
----------------- testing Tue May 05 14:19:54 UTC 2020 /home/travis/build/icyphy/ptII/ptolemy/actor/lib/test/auto/PublisherSubscriber5.xml
----------------- Instantiating /home/travis/build/icyphy/ptII/ptolemy/actor/lib/test/auto/PublisherSubscriber5.xml
2 ms. Memory: 564224K Free: 502744K (89%)
----------------- Invoking toplevel() on ptolemy.moml.MoMLSimpleApplication@7ce8e0e7
----------------- Done invoking toplevel() on ptolemy.moml.MoMLSimpleApplication@7ce8e0e7
reloadAllAccessors: .PublisherSubscriber5

===========================================================================================
----------------- testing Tue May 05 14:19:54 UTC 2020 /home/travis/build/icyphy/ptII/ptolemy/actor/lib/test/auto/PublisherSubscriber6.xml
----------------- Instantiating /home/travis/build/icyphy/ptII/ptolemy/actor/lib/test/auto/PublisherSubscriber6.xml
4 ms. Memory: 564224K Free: 496072K (88%)
----------------- Invoking toplevel() on ptolemy.moml.MoMLSimpleApplication@3e477201
----------------- Done invoking toplevel() on ptolemy.moml.MoMLSimpleApplication@3e477201
reloadAllAccessors: .PublisherSubscriber6

===========================================================================================
----------------- testing Tue May 05 14:19:54 UTC 2020 /home/travis/build/icyphy/ptII/ptolemy/actor/lib/test/auto/PublisherSubscriber7.xml
----------------- Instantiating /home/travis/build/icyphy/ptII/ptolemy/actor/lib/test/auto/PublisherSubscriber7.xml
7 ms. Memory: 564224K Free: 488904K (87%)
----------------- Invoking toplevel() on ptolemy.moml.MoMLSimpleApplication@2b9614df
----------------- Done invoking toplevel() on ptolemy.moml.MoMLSimpleApplication@2b9614df
reloadAllAccessors: .PublisherSubscriber7

===========================================================================================
----------------- testing Tue May 05 14:19:54 UTC 2020 /home/travis/build/icyphy/ptII/ptolemy/actor/lib/test/auto/PublisherSubscriber8.xml
----------------- Instantiating /home/travis/build/icyphy/ptII/ptolemy/actor/lib/test/auto/PublisherSubscriber8.xml
14 ms. Memory: 564224K Free: 477144K (85%)
----------------- Invoking toplevel() on ptolemy.moml.MoMLSimpleApplication@2b422cd1
----------------- Done invoking toplevel() on ptolemy.moml.MoMLSimpleApplication@2b422cd1
reloadAllAccessors: .PublisherSubscriber8

===========================================================================================
----------------- testing Tue May 05 14:19:54 UTC 2020 /home/travis/build/icyphy/ptII/ptolemy/actor/lib/test/auto/PublisherSubscriber9.xml
----------------- Instantiating /home/travis/build/icyphy/ptII/ptolemy/actor/lib/test/auto/PublisherSubscriber9.xml
2 ms. Memory: 564224K Free: 469976K (83%)
----------------- Invoking toplevel() on ptolemy.moml.MoMLSimpleApplication@4055a3ae
----------------- Done invoking toplevel() on ptolemy.moml.MoMLSimpleApplication@4055a3ae
reloadAllAccessors: .PublisherSubscriber9

===========================================================================================
----------------- testing Tue May 05 14:19:54 UTC 2020 /home/travis/build/icyphy/ptII/ptolemy/actor/lib/test/auto/PublisherSubscriberAdjacent.xml
----------------- Instantiating /home/travis/build/icyphy/ptII/ptolemy/actor/lib/test/auto/PublisherSubscriberAdjacent.xml
2 ms. Memory: 564224K Free: 461784K (82%)
----------------- Invoking toplevel() on ptolemy.moml.MoMLSimpleApplication@61c5c2b9
----------------- Done invoking toplevel() on ptolemy.moml.MoMLSimpleApplication@61c5c2b9
reloadAllAccessors: .PublisherSubscriberAdjacent

===========================================================================================
----------------- testing Tue May 05 14:19:54 UTC 2020 /home/travis/build/icyphy/ptII/ptolemy/actor/lib/test/auto/PublisherSubscriberChannelVariablesAOC2.xml
----------------- Instantiating /home/travis/build/icyphy/ptII/ptolemy/actor/lib/test/auto/PublisherSubscriberChannelVariablesAOC2.xml
2 ms. Memory: 564224K Free: 446920K (79%)
----------------- Invoking toplevel() on ptolemy.moml.MoMLSimpleApplication@6a35a3c6
----------------- Done invoking toplevel() on ptolemy.moml.MoMLSimpleApplication@6a35a3c6
reloadAllAccessors: .PublisherSubscriberChannelVariablesAOC2

===========================================================================================
----------------- testing Tue May 05 14:19:54 UTC 2020 /home/travis/build/icyphy/ptII/ptolemy/actor/lib/test/auto/PublisherSubscriberD3.xml
----------------- Instantiating /home/travis/build/icyphy/ptII/ptolemy/actor/lib/test/auto/PublisherSubscriberD3.xml
2 ms. Memory: 564224K Free: 439766K (78%)
----------------- Invoking toplevel() on ptolemy.moml.MoMLSimpleApplication@67770d1e
----------------- Done invoking toplevel() on ptolemy.moml.MoMLSimpleApplication@67770d1e
reloadAllAccessors: .PublisherSubscriberD3

===========================================================================================
----------------- testing Tue May 05 14:19:54 UTC 2020 /home/travis/build/icyphy/ptII/ptolemy/actor/lib/test/auto/PublisherSubscriberD3Reverse.xml
----------------- Instantiating /home/travis/build/icyphy/ptII/ptolemy/actor/lib/test/auto/PublisherSubscriberD3Reverse.xml
1 ms. Memory: 564224K Free: 433622K (77%)
----------------- Invoking toplevel() on ptolemy.moml.MoMLSimpleApplication@14b1c175
----------------- Done invoking toplevel() on ptolemy.moml.MoMLSimpleApplication@14b1c175
reloadAllAccessors: .PublisherSubscriberD3Reverse

===========================================================================================
----------------- testing Tue May 05 14:19:54 UTC 2020 /home/travis/build/icyphy/ptII/ptolemy/actor/lib/test/auto/PublisherSubscriberExpression.xml
----------------- Instantiating /home/travis/build/icyphy/ptII/ptolemy/actor/lib/test/auto/PublisherSubscriberExpression.xml
4 ms. Memory: 564224K Free: 425400K (75%)
----------------- Invoking toplevel() on ptolemy.moml.MoMLSimpleApplication@63d3a626
----------------- Done invoking toplevel() on ptolemy.moml.MoMLSimpleApplication@63d3a626
reloadAllAccessors: .PublisherSubscriberExpression

===========================================================================================
----------------- testing Tue May 05 14:19:54 UTC 2020 /home/travis/build/icyphy/ptII/ptolemy/actor/lib/test/auto/PublisherSubscriberOpaque.xml
----------------- Instantiating /home/travis/build/icyphy/ptII/ptolemy/actor/lib/test/auto/PublisherSubscriberOpaque.xml
3 ms. Memory: 564224K Free: 416728K (74%)
----------------- Invoking toplevel() on ptolemy.moml.MoMLSimpleApplication@2fbee158
----------------- Done invoking toplevel() on ptolemy.moml.MoMLSimpleApplication@2fbee158
reloadAllAccessors: .PublisherSubscriberOpaque

===========================================================================================
----------------- testing Tue May 05 14:19:54 UTC 2020 /home/travis/build/icyphy/ptII/ptolemy/actor/lib/test/auto/PublisherSubscriberOpaqueD3.xml
----------------- Instantiating /home/travis/build/icyphy/ptII/ptolemy/actor/lib/test/auto/PublisherSubscriberOpaqueD3.xml
5 ms. Memory: 564224K Free: 404950K (72%)
----------------- Invoking toplevel() on ptolemy.moml.MoMLSimpleApplication@27224b9e
----------------- Done invoking toplevel() on ptolemy.moml.MoMLSimpleApplication@27224b9e
reloadAllAccessors: .PublisherSubscriberOpaqueD3

===========================================================================================
----------------- testing Tue May 05 14:19:54 UTC 2020 /home/travis/build/icyphy/ptII/ptolemy/actor/lib/test/auto/PublisherSubscriberOpaqueD3Reverse.xml
----------------- Instantiating /home/travis/build/icyphy/ptII/ptolemy/actor/lib/test/auto/PublisherSubscriberOpaqueD3Reverse.xml
8 ms. Memory: 564224K Free: 394200K (70%)
----------------- Invoking toplevel() on ptolemy.moml.MoMLSimpleApplication@572a65fd
----------------- Done invoking toplevel() on ptolemy.moml.MoMLSimpleApplication@572a65fd
reloadAllAccessors: .PublisherSubscriberOpaqueD3Reverse

===========================================================================================
----------------- testing Tue May 05 14:19:54 UTC 2020 /home/travis/build/icyphy/ptII/ptolemy/actor/lib/test/auto/PublisherSubscriberOpaqueWidthInference.xml
----------------- Instantiating /home/travis/build/icyphy/ptII/ptolemy/actor/lib/test/auto/PublisherSubscriberOpaqueWidthInference.xml
4 ms. Memory: 564224K Free: 386008K (68%)
----------------- Invoking toplevel() on ptolemy.moml.MoMLSimpleApplication@3b7b6de6
----------------- Done invoking toplevel() on ptolemy.moml.MoMLSimpleApplication@3b7b6de6
reloadAllAccessors: .PublisherSubscriberOpaqueWidthInference

===========================================================================================
----------------- testing Tue May 05 14:19:54 UTC 2020 /home/travis/build/icyphy/ptII/ptolemy/actor/lib/test/auto/PublisherTestSubscriber.xml
----------------- Instantiating /home/travis/build/icyphy/ptII/ptolemy/actor/lib/test/auto/PublisherTestSubscriber.xml
2 ms. Memory: 564224K Free: 378320K (67%)
----------------- Invoking toplevel() on ptolemy.moml.MoMLSimpleApplication@1a93e36d
----------------- Done invoking toplevel() on ptolemy.moml.MoMLSimpleApplication@1a93e36d
reloadAllAccessors: .PublisherTestSubscriber

===========================================================================================
----------------- testing Tue May 05 14:19:54 UTC 2020 /home/travis/build/icyphy/ptII/ptolemy/actor/lib/test/auto/PublisherToplevelSubscriberPortAOC.xml
----------------- Instantiating /home/travis/build/icyphy/ptII/ptolemy/actor/lib/test/auto/PublisherToplevelSubscriberPortAOC.xml
2 ms. Memory: 564224K Free: 372176K (66%)
----------------- Invoking toplevel() on ptolemy.moml.MoMLSimpleApplication@31155f7f
----------------- Done invoking toplevel() on ptolemy.moml.MoMLSimpleApplication@31155f7f
reloadAllAccessors: .PublisherToplevelSubscriberPortAOC

===========================================================================================
----------------- testing Tue May 05 14:19:54 UTC 2020 /home/travis/build/icyphy/ptII/ptolemy/actor/lib/test/auto/PulseFiringLimitDE.xml
----------------- Instantiating /home/travis/build/icyphy/ptII/ptolemy/actor/lib/test/auto/PulseFiringLimitDE.xml
2 ms. Memory: 564224K Free: 366038K (65%)
----------------- Invoking toplevel() on ptolemy.moml.MoMLSimpleApplication@35a41e9e
----------------- Done invoking toplevel() on ptolemy.moml.MoMLSimpleApplication@35a41e9e
reloadAllAccessors: .PulseFiringLimitDE

===========================================================================================
----------------- testing Tue May 05 14:19:54 UTC 2020 /home/travis/build/icyphy/ptII/ptolemy/actor/lib/test/auto/Ramp1.xml
----------------- Instantiating /home/travis/build/icyphy/ptII/ptolemy/actor/lib/test/auto/Ramp1.xml
1 ms. Memory: 564224K Free: 361928K (64%)
----------------- Invoking toplevel() on ptolemy.moml.MoMLSimpleApplication@4c9c593f
----------------- Done invoking toplevel() on ptolemy.moml.MoMLSimpleApplication@4c9c593f
reloadAllAccessors: .Ramp1

===========================================================================================
----------------- testing Tue May 05 14:19:54 UTC 2020 /home/travis/build/icyphy/ptII/ptolemy/actor/lib/test/auto/RampFiringLimitDE.xml
----------------- Instantiating /home/travis/build/icyphy/ptII/ptolemy/actor/lib/test/auto/RampFiringLimitDE.xml
3 ms. Memory: 564224K Free: 355784K (63%)
----------------- Invoking toplevel() on ptolemy.moml.MoMLSimpleApplication@eb8d261
----------------- Done invoking toplevel() on ptolemy.moml.MoMLSimpleApplication@eb8d261
reloadAllAccessors: .RampFiringLimitDE

===========================================================================================
----------------- testing Tue May 05 14:19:54 UTC 2020 /home/travis/build/icyphy/ptII/ptolemy/actor/lib/test/auto/RampFiringLimitSDF.xml
----------------- Instantiating /home/travis/build/icyphy/ptII/ptolemy/actor/lib/test/auto/RampFiringLimitSDF.xml
1 ms. Memory: 564224K Free: 350672K (62%)
----------------- Invoking toplevel() on ptolemy.moml.MoMLSimpleApplication@59e361f1
----------------- Done invoking toplevel() on ptolemy.moml.MoMLSimpleApplication@59e361f1
reloadAllAccessors: .RampFiringLimitSDF

===========================================================================================
----------------- testing Tue May 05 14:19:54 UTC 2020 /home/travis/build/icyphy/ptII/ptolemy/actor/lib/test/auto/RandomInteger.xml
----------------- Instantiating /home/travis/build/icyphy/ptII/ptolemy/actor/lib/test/auto/RandomInteger.xml
1 ms. Memory: 564224K Free: 346582K (61%)
----------------- Invoking toplevel() on ptolemy.moml.MoMLSimpleApplication@3e57d368
----------------- Done invoking toplevel() on ptolemy.moml.MoMLSimpleApplication@3e57d368
reloadAllAccessors: .RandomInteger

===========================================================================================
----------------- testing Tue May 05 14:19:54 UTC 2020 /home/travis/build/icyphy/ptII/ptolemy/actor/lib/test/auto/ReadFile1.xml
----------------- Instantiating /home/travis/build/icyphy/ptII/ptolemy/actor/lib/test/auto/ReadFile1.xml
1 ms. Memory: 564224K Free: 341976K (61%)
----------------- Invoking toplevel() on ptolemy.moml.MoMLSimpleApplication@3c966284
----------------- Done invoking toplevel() on ptolemy.moml.MoMLSimpleApplication@3c966284
reloadAllAccessors: .ReadFile1

===========================================================================================
----------------- testing Tue May 05 14:19:54 UTC 2020 /home/travis/build/icyphy/ptII/ptolemy/actor/lib/test/auto/ReadFile2.xml
----------------- Instantiating /home/travis/build/icyphy/ptII/ptolemy/actor/lib/test/auto/ReadFile2.xml
1 ms. Memory: 564224K Free: 337880K (60%)
----------------- Invoking toplevel() on ptolemy.moml.MoMLSimpleApplication@23b18fea
----------------- Done invoking toplevel() on ptolemy.moml.MoMLSimpleApplication@23b18fea
reloadAllAccessors: .ReadFile2

===========================================================================================
----------------- testing Tue May 05 14:19:54 UTC 2020 /home/travis/build/icyphy/ptII/ptolemy/actor/lib/test/auto/Reader.xml
----------------- Instantiating /home/travis/build/icyphy/ptII/ptolemy/actor/lib/test/auto/Reader.xml
actor.lib.Reader is obsolete, use actor.lib.io.ExpressionReader instead
4 ms. Memory: 564224K Free: 333784K (59%)
----------------- Invoking toplevel() on ptolemy.moml.MoMLSimpleApplication@56ba2a6e
----------------- Done invoking toplevel() on ptolemy.moml.MoMLSimpleApplication@56ba2a6e
reloadAllAccessors: .Reader

===========================================================================================
----------------- testing Tue May 05 14:19:54 UTC 2020 /home/travis/build/icyphy/ptII/ptolemy/actor/lib/test/auto/RecordAssemblerDisplayNameTest.xml
----------------- Instantiating /home/travis/build/icyphy/ptII/ptolemy/actor/lib/test/auto/RecordAssemblerDisplayNameTest.xml
3197 ms. Memory: 564224K Free: 418264K (74%)
----------------- Invoking toplevel() on ptolemy.moml.MoMLSimpleApplication@4ea2ad5
----------------- Done invoking toplevel() on ptolemy.moml.MoMLSimpleApplication@4ea2ad5
reloadAllAccessors: .RecordAssemblerDisplayNameTest

===========================================================================================
----------------- testing Tue May 05 14:19:58 UTC 2020 /home/travis/build/icyphy/ptII/ptolemy/actor/lib/test/auto/RecordAssemblerTypeError.xml
----------------- Instantiating /home/travis/build/icyphy/ptII/ptolemy/actor/lib/test/auto/RecordAssemblerTypeError.xml
15 ms. Memory: 564224K Free: 408534K (72%)
----------------- Invoking toplevel() on ptolemy.moml.MoMLSimpleApplication@4cfbf33c
----------------- Done invoking toplevel() on ptolemy.moml.MoMLSimpleApplication@4cfbf33c
reloadAllAccessors: .RecordAssemblerTypeError

===========================================================================================
----------------- testing Tue May 05 14:19:58 UTC 2020 /home/travis/build/icyphy/ptII/ptolemy/actor/lib/test/auto/RecordDisassember.xml
----------------- Instantiating /home/travis/build/icyphy/ptII/ptolemy/actor/lib/test/auto/RecordDisassember.xml
7 ms. Memory: 564224K Free: 403928K (72%)
----------------- Invoking toplevel() on ptolemy.moml.MoMLSimpleApplication@1a754abc
----------------- Done invoking toplevel() on ptolemy.moml.MoMLSimpleApplication@1a754abc
reloadAllAccessors: .RecordDisassember

===========================================================================================
----------------- testing Tue May 05 14:19:58 UTC 2020 /home/travis/build/icyphy/ptII/ptolemy/actor/lib/test/auto/RecordDisassemberDisplayNameTest.xml
----------------- Instantiating /home/travis/build/icyphy/ptII/ptolemy/actor/lib/test/auto/RecordDisassemberDisplayNameTest.xml
6 ms. Memory: 564224K Free: 395736K (70%)
----------------- Invoking toplevel() on ptolemy.moml.MoMLSimpleApplication@5da5aadf
----------------- Done invoking toplevel() on ptolemy.moml.MoMLSimpleApplication@5da5aadf
reloadAllAccessors: .RecordDisassemberDisplayNameTest

===========================================================================================
----------------- testing Tue May 05 14:19:58 UTC 2020 /home/travis/build/icyphy/ptII/ptolemy/actor/lib/test/auto/RecordDisassembler.xml
----------------- Instantiating /home/travis/build/icyphy/ptII/ptolemy/actor/lib/test/auto/RecordDisassembler.xml
3 ms. Memory: 564224K Free: 390616K (69%)
----------------- Invoking toplevel() on ptolemy.moml.MoMLSimpleApplication@53cda418
----------------- Done invoking toplevel() on ptolemy.moml.MoMLSimpleApplication@53cda418
reloadAllAccessors: .RecordDisassembler

===========================================================================================
----------------- testing Tue May 05 14:19:58 UTC 2020 /home/travis/build/icyphy/ptII/ptolemy/actor/lib/test/auto/RecordDisassembler2.xml
----------------- Instantiating /home/travis/build/icyphy/ptII/ptolemy/actor/lib/test/auto/RecordDisassembler2.xml
3 ms. Memory: 564224K Free: 384968K (68%)
----------------- Invoking toplevel() on ptolemy.moml.MoMLSimpleApplication@e6d2e28
----------------- Done invoking toplevel() on ptolemy.moml.MoMLSimpleApplication@e6d2e28
reloadAllAccessors: .RecordDisassembler2

===========================================================================================
----------------- testing Tue May 05 14:19:58 UTC 2020 /home/travis/build/icyphy/ptII/ptolemy/actor/lib/test/auto/RecordUpdater.xml
----------------- Instantiating /home/travis/build/icyphy/ptII/ptolemy/actor/lib/test/auto/RecordUpdater.xml
2 ms. Memory: 564224K Free: 379862K (67%)
----------------- Invoking toplevel() on ptolemy.moml.MoMLSimpleApplication@6bdb7260
----------------- Done invoking toplevel() on ptolemy.moml.MoMLSimpleApplication@6bdb7260
reloadAllAccessors: .RecordUpdater

===========================================================================================
----------------- testing Tue May 05 14:19:58 UTC 2020 /home/travis/build/icyphy/ptII/ptolemy/actor/lib/test/auto/RecordUpdater2.xml
----------------- Instantiating /home/travis/build/icyphy/ptII/ptolemy/actor/lib/test/auto/RecordUpdater2.xml
2 ms. Memory: 564224K Free: 374742K (66%)
----------------- Invoking toplevel() on ptolemy.moml.MoMLSimpleApplication@17876a0
----------------- Done invoking toplevel() on ptolemy.moml.MoMLSimpleApplication@17876a0
reloadAllAccessors: .RecordUpdater2

===========================================================================================
----------------- testing Tue May 05 14:19:58 UTC 2020 /home/travis/build/icyphy/ptII/ptolemy/actor/lib/test/auto/RecursiveLattice.xml
----------------- Instantiating /home/travis/build/icyphy/ptII/ptolemy/actor/lib/test/auto/RecursiveLattice.xml
2 ms. Memory: 564224K Free: 370136K (66%)
----------------- Invoking toplevel() on ptolemy.moml.MoMLSimpleApplication@78d6e2c8
----------------- Done invoking toplevel() on ptolemy.moml.MoMLSimpleApplication@78d6e2c8
reloadAllAccessors: .RecursiveLattice

===========================================================================================
----------------- testing Tue May 05 14:19:58 UTC 2020 /home/travis/build/icyphy/ptII/ptolemy/actor/lib/test/auto/Router.xml
----------------- Instantiating /home/travis/build/icyphy/ptII/ptolemy/actor/lib/test/auto/Router.xml
3004 ms. Memory: 564224K Free: 359382K (64%)
----------------- Invoking toplevel() on ptolemy.moml.MoMLSimpleApplication@1c50e6ad
----------------- Done invoking toplevel() on ptolemy.moml.MoMLSimpleApplication@1c50e6ad
reloadAllAccessors: .Router

===========================================================================================
----------------- testing Tue May 05 14:20:01 UTC 2020 /home/travis/build/icyphy/ptII/ptolemy/actor/lib/test/auto/Router2.xml
----------------- Instantiating /home/travis/build/icyphy/ptII/ptolemy/actor/lib/test/auto/Router2.xml
3011 ms. Memory: 564224K Free: 349142K (62%)
----------------- Invoking toplevel() on ptolemy.moml.MoMLSimpleApplication@544f62da
----------------- Done invoking toplevel() on ptolemy.moml.MoMLSimpleApplication@544f62da
reloadAllAccessors: .Router2

===========================================================================================
----------------- testing Tue May 05 14:20:04 UTC 2020 /home/travis/build/icyphy/ptII/ptolemy/actor/lib/test/auto/RunningMaximum.xml
----------------- Instantiating /home/travis/build/icyphy/ptII/ptolemy/actor/lib/test/auto/RunningMaximum.xml
1 ms. Memory: 564224K Free: 344536K (61%)
----------------- Invoking toplevel() on ptolemy.moml.MoMLSimpleApplication@64f290bf
----------------- Done invoking toplevel() on ptolemy.moml.MoMLSimpleApplication@64f290bf
reloadAllAccessors: .RunningMaximum

===========================================================================================
----------------- testing Tue May 05 14:20:04 UTC 2020 /home/travis/build/icyphy/ptII/ptolemy/actor/lib/test/auto/RunningMinimum.xml
----------------- Instantiating /home/travis/build/icyphy/ptII/ptolemy/actor/lib/test/auto/RunningMinimum.xml
1 ms. Memory: 564224K Free: 339926K (60%)
----------------- Invoking toplevel() on ptolemy.moml.MoMLSimpleApplication@5fe02337
----------------- Done invoking toplevel() on ptolemy.moml.MoMLSimpleApplication@5fe02337
reloadAllAccessors: .RunningMinimum

===========================================================================================
----------------- testing Tue May 05 14:20:04 UTC 2020 /home/travis/build/icyphy/ptII/ptolemy/actor/lib/test/auto/Scale.xml
----------------- Instantiating /home/travis/build/icyphy/ptII/ptolemy/actor/lib/test/auto/Scale.xml
2 ms. Memory: 564224K Free: 335320K (59%)
----------------- Invoking toplevel() on ptolemy.moml.MoMLSimpleApplication@58522055
----------------- Done invoking toplevel() on ptolemy.moml.MoMLSimpleApplication@58522055
reloadAllAccessors: .Scale

===========================================================================================
----------------- testing Tue May 05 14:20:04 UTC 2020 /home/travis/build/icyphy/ptII/ptolemy/actor/lib/test/auto/Scale2.xml
----------------- Instantiating /home/travis/build/icyphy/ptII/ptolemy/actor/lib/test/auto/Scale2.xml
2 ms. Memory: 564224K Free: 330200K (59%)
----------------- Invoking toplevel() on ptolemy.moml.MoMLSimpleApplication@7c36f7f3
----------------- Done invoking toplevel() on ptolemy.moml.MoMLSimpleApplication@7c36f7f3
reloadAllAccessors: .Scale2

===========================================================================================
----------------- testing Tue May 05 14:20:04 UTC 2020 /home/travis/build/icyphy/ptII/ptolemy/actor/lib/test/auto/Scale3.xml
----------------- Instantiating /home/travis/build/icyphy/ptII/ptolemy/actor/lib/test/auto/Scale3.xml
2 ms. Memory: 564224K Free: 324056K (57%)
----------------- Invoking toplevel() on ptolemy.moml.MoMLSimpleApplication@71aaf665
----------------- Done invoking toplevel() on ptolemy.moml.MoMLSimpleApplication@71aaf665
reloadAllAccessors: .Scale3

===========================================================================================
----------------- testing Tue May 05 14:20:04 UTC 2020 /home/travis/build/icyphy/ptII/ptolemy/actor/lib/test/auto/ScaleArray.xml
----------------- Instantiating /home/travis/build/icyphy/ptII/ptolemy/actor/lib/test/auto/ScaleArray.xml
6 ms. Memory: 564224K Free: 319446K (57%)
----------------- Invoking toplevel() on ptolemy.moml.MoMLSimpleApplication@17cf4f05
----------------- Done invoking toplevel() on ptolemy.moml.MoMLSimpleApplication@17cf4f05
reloadAllAccessors: .ScaleArray

===========================================================================================
----------------- testing Tue May 05 14:20:04 UTC 2020 /home/travis/build/icyphy/ptII/ptolemy/actor/lib/test/auto/ScaleArray2.xml
----------------- Instantiating /home/travis/build/icyphy/ptII/ptolemy/actor/lib/test/auto/ScaleArray2.xml
2 ms. Memory: 564224K Free: 314840K (56%)
----------------- Invoking toplevel() on ptolemy.moml.MoMLSimpleApplication@730609b1
----------------- Done invoking toplevel() on ptolemy.moml.MoMLSimpleApplication@730609b1
reloadAllAccessors: .ScaleArray2

===========================================================================================
----------------- testing Tue May 05 14:20:04 UTC 2020 /home/travis/build/icyphy/ptII/ptolemy/actor/lib/test/auto/ScaleMatrix.xml
----------------- Instantiating /home/travis/build/icyphy/ptII/ptolemy/actor/lib/test/auto/ScaleMatrix.xml
136 ms. Memory: 564224K Free: 301528K (53%)
----------------- Invoking toplevel() on ptolemy.moml.MoMLSimpleApplication@65977ed0
----------------- Done invoking toplevel() on ptolemy.moml.MoMLSimpleApplication@65977ed0
reloadAllAccessors: .ScaleMatrix

===========================================================================================
----------------- testing Tue May 05 14:20:04 UTC 2020 /home/travis/build/icyphy/ptII/ptolemy/actor/lib/test/auto/Select.xml
----------------- Instantiating /home/travis/build/icyphy/ptII/ptolemy/actor/lib/test/auto/Select.xml
2 ms. Memory: 564224K Free: 295384K (52%)
----------------- Invoking toplevel() on ptolemy.moml.MoMLSimpleApplication@68e716fd
----------------- Done invoking toplevel() on ptolemy.moml.MoMLSimpleApplication@68e716fd
reloadAllAccessors: .Select

===========================================================================================
----------------- testing Tue May 05 14:20:04 UTC 2020 /home/travis/build/icyphy/ptII/ptolemy/actor/lib/test/auto/Select2.xml
----------------- Instantiating /home/travis/build/icyphy/ptII/ptolemy/actor/lib/test/auto/Select2.xml
1 ms. Memory: 564224K Free: 290774K (52%)
----------------- Invoking toplevel() on ptolemy.moml.MoMLSimpleApplication@3b336b23
----------------- Done invoking toplevel() on ptolemy.moml.MoMLSimpleApplication@3b336b23
reloadAllAccessors: .Select2

===========================================================================================
----------------- testing Tue May 05 14:20:04 UTC 2020 /home/travis/build/icyphy/ptII/ptolemy/actor/lib/test/auto/SequenceToArray2.xml
----------------- Instantiating /home/travis/build/icyphy/ptII/ptolemy/actor/lib/test/auto/SequenceToArray2.xml
95 ms. Memory: 564224K Free: 266184K (47%)
----------------- Invoking toplevel() on ptolemy.moml.MoMLSimpleApplication@c688cba
----------------- Done invoking toplevel() on ptolemy.moml.MoMLSimpleApplication@c688cba
reloadAllAccessors: .SequenceToArray2

===========================================================================================
----------------- testing Tue May 05 14:20:04 UTC 2020 /home/travis/build/icyphy/ptII/ptolemy/actor/lib/test/auto/SequentialClock.xml
----------------- Instantiating /home/travis/build/icyphy/ptII/ptolemy/actor/lib/test/auto/SequentialClock.xml
1 ms. Memory: 564224K Free: 262102K (46%)
----------------- Invoking toplevel() on ptolemy.moml.MoMLSimpleApplication@5fe58997
----------------- Done invoking toplevel() on ptolemy.moml.MoMLSimpleApplication@5fe58997
reloadAllAccessors: .SequentialClock

===========================================================================================
----------------- testing Tue May 05 14:20:04 UTC 2020 /home/travis/build/icyphy/ptII/ptolemy/actor/lib/test/auto/SetVariable.xml
----------------- Instantiating /home/travis/build/icyphy/ptII/ptolemy/actor/lib/test/auto/SetVariable.xml
4 ms. Memory: 564224K Free: 257496K (46%)
----------------- Invoking toplevel() on ptolemy.moml.MoMLSimpleApplication@529f7a72
----------------- Done invoking toplevel() on ptolemy.moml.MoMLSimpleApplication@529f7a72
reloadAllAccessors: .SetVariable

===========================================================================================
----------------- testing Tue May 05 14:20:04 UTC 2020 /home/travis/build/icyphy/ptII/ptolemy/actor/lib/test/auto/SetVariable2.xml
----------------- Instantiating /home/travis/build/icyphy/ptII/ptolemy/actor/lib/test/auto/SetVariable2.xml
3 ms. Memory: 564224K Free: 252376K (45%)
----------------- Invoking toplevel() on ptolemy.moml.MoMLSimpleApplication@4faebb0d
----------------- Done invoking toplevel() on ptolemy.moml.MoMLSimpleApplication@4faebb0d
reloadAllAccessors: .SetVariable2

===========================================================================================
----------------- testing Tue May 05 14:20:04 UTC 2020 /home/travis/build/icyphy/ptII/ptolemy/actor/lib/test/auto/SetVariable3.xml
----------------- Instantiating /home/travis/build/icyphy/ptII/ptolemy/actor/lib/test/auto/SetVariable3.xml
6 ms. Memory: 564224K Free: 247256K (44%)
----------------- Invoking toplevel() on ptolemy.moml.MoMLSimpleApplication@72f805ba
----------------- Done invoking toplevel() on ptolemy.moml.MoMLSimpleApplication@72f805ba
reloadAllAccessors: .SetVariable3

===========================================================================================
----------------- testing Tue May 05 14:20:04 UTC 2020 /home/travis/build/icyphy/ptII/ptolemy/actor/lib/test/auto/SetVariable4.xml
----------------- Instantiating /home/travis/build/icyphy/ptII/ptolemy/actor/lib/test/auto/SetVariable4.xml
13 ms. Memory: 564224K Free: 238038K (42%)
----------------- Invoking toplevel() on ptolemy.moml.MoMLSimpleApplication@49ec365e
----------------- Done invoking toplevel() on ptolemy.moml.MoMLSimpleApplication@49ec365e
reloadAllAccessors: .SetVariable4

===========================================================================================
----------------- testing Tue May 05 14:20:04 UTC 2020 /home/travis/build/icyphy/ptII/ptolemy/actor/lib/test/auto/SetVariable5.xml
----------------- Instantiating /home/travis/build/icyphy/ptII/ptolemy/actor/lib/test/auto/SetVariable5.xml
32 ms. Memory: 564224K Free: 228824K (41%)
----------------- Invoking toplevel() on ptolemy.moml.MoMLSimpleApplication@1dd0c971
----------------- Done invoking toplevel() on ptolemy.moml.MoMLSimpleApplication@1dd0c971
reloadAllAccessors: .SetVariable5

===========================================================================================
----------------- testing Tue May 05 14:20:04 UTC 2020 /home/travis/build/icyphy/ptII/ptolemy/actor/lib/test/auto/Sinewave.xml
----------------- Instantiating /home/travis/build/icyphy/ptII/ptolemy/actor/lib/test/auto/Sinewave.xml
4 ms. Memory: 564224K Free: 218070K (39%)
----------------- Invoking toplevel() on ptolemy.moml.MoMLSimpleApplication@127a889a
----------------- Done invoking toplevel() on ptolemy.moml.MoMLSimpleApplication@127a889a
reloadAllAccessors: .Sinewave

===========================================================================================
----------------- testing Tue May 05 14:20:04 UTC 2020 /home/travis/build/icyphy/ptII/ptolemy/actor/lib/test/auto/Sinewave2.xml
----------------- Instantiating /home/travis/build/icyphy/ptII/ptolemy/actor/lib/test/auto/Sinewave2.xml
6 ms. Memory: 564224K Free: 209864K (37%)
----------------- Invoking toplevel() on ptolemy.moml.MoMLSimpleApplication@61b3748
----------------- Done invoking toplevel() on ptolemy.moml.MoMLSimpleApplication@61b3748
reloadAllAccessors: .Sinewave2

===========================================================================================
----------------- testing Tue May 05 14:20:05 UTC 2020 /home/travis/build/icyphy/ptII/ptolemy/actor/lib/test/auto/Sinewave3.xml
----------------- Instantiating /home/travis/build/icyphy/ptII/ptolemy/actor/lib/test/auto/Sinewave3.xml
10 ms. Memory: 564224K Free: 201672K (36%)
----------------- Invoking toplevel() on ptolemy.moml.MoMLSimpleApplication@39c27bc
----------------- Done invoking toplevel() on ptolemy.moml.MoMLSimpleApplication@39c27bc
reloadAllAccessors: .Sinewave3

===========================================================================================
----------------- testing Tue May 05 14:20:05 UTC 2020 /home/travis/build/icyphy/ptII/ptolemy/actor/lib/test/auto/SingleEvent.xml
----------------- Instantiating /home/travis/build/icyphy/ptII/ptolemy/actor/lib/test/auto/SingleEvent.xml
1 ms. Memory: 564224K Free: 197590K (35%)
----------------- Invoking toplevel() on ptolemy.moml.MoMLSimpleApplication@66b21d75
----------------- Done invoking toplevel() on ptolemy.moml.MoMLSimpleApplication@66b21d75
reloadAllAccessors: .SingleEvent

===========================================================================================
----------------- testing Tue May 05 14:20:05 UTC 2020 /home/travis/build/icyphy/ptII/ptolemy/actor/lib/test/auto/Sleep.xml
----------------- Instantiating /home/travis/build/icyphy/ptII/ptolemy/actor/lib/test/auto/Sleep.xml
6003 ms. Memory: 564224K Free: 191960K (34%)
----------------- Invoking toplevel() on ptolemy.moml.MoMLSimpleApplication@4e35f8f3
----------------- Done invoking toplevel() on ptolemy.moml.MoMLSimpleApplication@4e35f8f3
reloadAllAccessors: .Sleep

===========================================================================================
----------------- testing Tue May 05 14:20:11 UTC 2020 /home/travis/build/icyphy/ptII/ptolemy/actor/lib/test/auto/SleepMultipleFire.xml
----------------- Instantiating /home/travis/build/icyphy/ptII/ptolemy/actor/lib/test/auto/SleepMultipleFire.xml
1035 ms. Memory: 564224K Free: 512472K (91%)
----------------- Invoking toplevel() on ptolemy.moml.MoMLSimpleApplication@7256a8bb
----------------- Done invoking toplevel() on ptolemy.moml.MoMLSimpleApplication@7256a8bb
reloadAllAccessors: .SleepMultipleFire

===========================================================================================
----------------- testing Tue May 05 14:20:12 UTC 2020 /home/travis/build/icyphy/ptII/ptolemy/actor/lib/test/auto/StopDE.xml
----------------- Instantiating /home/travis/build/icyphy/ptII/ptolemy/actor/lib/test/auto/StopDE.xml
3 ms. Memory: 564224K Free: 506328K (90%)
----------------- Invoking toplevel() on ptolemy.moml.MoMLSimpleApplication@183dcec0
----------------- Done invoking toplevel() on ptolemy.moml.MoMLSimpleApplication@183dcec0
reloadAllAccessors: .StopDE

===========================================================================================
----------------- testing Tue May 05 14:20:12 UTC 2020 /home/travis/build/icyphy/ptII/ptolemy/actor/lib/test/auto/StopSDF.xml
----------------- Instantiating /home/travis/build/icyphy/ptII/ptolemy/actor/lib/test/auto/StopSDF.xml
2 ms. Memory: 564224K Free: 501208K (89%)
----------------- Invoking toplevel() on ptolemy.moml.MoMLSimpleApplication@4259fa53
----------------- Done invoking toplevel() on ptolemy.moml.MoMLSimpleApplication@4259fa53
reloadAllAccessors: .StopSDF

===========================================================================================
----------------- testing Tue May 05 14:20:12 UTC 2020 /home/travis/build/icyphy/ptII/ptolemy/actor/lib/test/auto/StringConstant.xml
----------------- Instantiating /home/travis/build/icyphy/ptII/ptolemy/actor/lib/test/auto/StringConstant.xml
9 ms. Memory: 564224K Free: 496086K (88%)
----------------- Invoking toplevel() on ptolemy.moml.MoMLSimpleApplication@3d6cba41
----------------- Done invoking toplevel() on ptolemy.moml.MoMLSimpleApplication@3d6cba41
reloadAllAccessors: .StringConstant

===========================================================================================
----------------- testing Tue May 05 14:20:12 UTC 2020 /home/travis/build/icyphy/ptII/ptolemy/actor/lib/test/auto/SubscriberPortInitialValues1.xml
----------------- Instantiating /home/travis/build/icyphy/ptII/ptolemy/actor/lib/test/auto/SubscriberPortInitialValues1.xml
8 ms. Memory: 564224K Free: 487382K (86%)
----------------- Invoking toplevel() on ptolemy.moml.MoMLSimpleApplication@198ff0a6
----------------- Done invoking toplevel() on ptolemy.moml.MoMLSimpleApplication@198ff0a6
reloadAllAccessors: .SubscriberPortInitialValues1

===========================================================================================
----------------- testing Tue May 05 14:20:12 UTC 2020 /home/travis/build/icyphy/ptII/ptolemy/actor/lib/test/auto/SubscriberPortInitialValues13.xml
----------------- Instantiating /home/travis/build/icyphy/ptII/ptolemy/actor/lib/test/auto/SubscriberPortInitialValues13.xml
4 ms. Memory: 564224K Free: 474070K (84%)
----------------- Invoking toplevel() on ptolemy.moml.MoMLSimpleApplication@1e47dc9e
----------------- Done invoking toplevel() on ptolemy.moml.MoMLSimpleApplication@1e47dc9e
reloadAllAccessors: .SubscriberPortInitialValues13

===========================================================================================
----------------- testing Tue May 05 14:20:12 UTC 2020 /home/travis/build/icyphy/ptII/ptolemy/actor/lib/test/auto/SubscriberPortInitialValues14.xml
----------------- Instantiating /home/travis/build/icyphy/ptII/ptolemy/actor/lib/test/auto/SubscriberPortInitialValues14.xml
3 ms. Memory: 564224K Free: 466392K (83%)
----------------- Invoking toplevel() on ptolemy.moml.MoMLSimpleApplication@6dd816c4
----------------- Done invoking toplevel() on ptolemy.moml.MoMLSimpleApplication@6dd816c4
reloadAllAccessors: .SubscriberPortInitialValues14

===========================================================================================
----------------- testing Tue May 05 14:20:12 UTC 2020 /home/travis/build/icyphy/ptII/ptolemy/actor/lib/test/auto/SubscriberPortInitialValues2.xml
----------------- Instantiating /home/travis/build/icyphy/ptII/ptolemy/actor/lib/test/auto/SubscriberPortInitialValues2.xml
4 ms. Memory: 564224K Free: 458710K (81%)
----------------- Invoking toplevel() on ptolemy.moml.MoMLSimpleApplication@384c8c17
----------------- Done invoking toplevel() on ptolemy.moml.MoMLSimpleApplication@384c8c17
reloadAllAccessors: .SubscriberPortInitialValues2

===========================================================================================
----------------- testing Tue May 05 14:20:12 UTC 2020 /home/travis/build/icyphy/ptII/ptolemy/actor/lib/test/auto/SubscriberPortInitialValues3.xml
----------------- Instantiating /home/travis/build/icyphy/ptII/ptolemy/actor/lib/test/auto/SubscriberPortInitialValues3.xml
3 ms. Memory: 564224K Free: 447446K (79%)
----------------- Invoking toplevel() on ptolemy.moml.MoMLSimpleApplication@15a02416
----------------- Done invoking toplevel() on ptolemy.moml.MoMLSimpleApplication@15a02416
reloadAllAccessors: .SubscriberPortInitialValues3

===========================================================================================
----------------- testing Tue May 05 14:20:12 UTC 2020 /home/travis/build/icyphy/ptII/ptolemy/actor/lib/test/auto/SubscriptionAggregator.xml
----------------- Instantiating /home/travis/build/icyphy/ptII/ptolemy/actor/lib/test/auto/SubscriptionAggregator.xml
2 ms. Memory: 564224K Free: 440792K (78%)
----------------- Invoking toplevel() on ptolemy.moml.MoMLSimpleApplication@4b9d69ba
----------------- Done invoking toplevel() on ptolemy.moml.MoMLSimpleApplication@4b9d69ba
reloadAllAccessors: .SubscriptionAggregator

===========================================================================================
----------------- testing Tue May 05 14:20:12 UTC 2020 /home/travis/build/icyphy/ptII/ptolemy/actor/lib/test/auto/SubscriptionAggregator2.xml
----------------- Instantiating /home/travis/build/icyphy/ptII/ptolemy/actor/lib/test/auto/SubscriptionAggregator2.xml
2 ms. Memory: 564224K Free: 434128K (77%)
----------------- Invoking toplevel() on ptolemy.moml.MoMLSimpleApplication@3ad614d9
----------------- Done invoking toplevel() on ptolemy.moml.MoMLSimpleApplication@3ad614d9
reloadAllAccessors: .SubscriptionAggregator2

===========================================================================================
----------------- testing Tue May 05 14:20:12 UTC 2020 /home/travis/build/icyphy/ptII/ptolemy/actor/lib/test/auto/SubscriptionAggregator3.xml
----------------- Instantiating /home/travis/build/icyphy/ptII/ptolemy/actor/lib/test/auto/SubscriptionAggregator3.xml
4 ms. Memory: 564224K Free: 425432K (75%)
----------------- Invoking toplevel() on ptolemy.moml.MoMLSimpleApplication@2393644d
----------------- Done invoking toplevel() on ptolemy.moml.MoMLSimpleApplication@2393644d
reloadAllAccessors: .SubscriptionAggregator3

===========================================================================================
----------------- testing Tue May 05 14:20:12 UTC 2020 /home/travis/build/icyphy/ptII/ptolemy/actor/lib/test/auto/SubscriptionAggregatorMultiply.xml
----------------- Instantiating /home/travis/build/icyphy/ptII/ptolemy/actor/lib/test/auto/SubscriptionAggregatorMultiply.xml
3 ms. Memory: 564224K Free: 416720K (74%)
----------------- Invoking toplevel() on ptolemy.moml.MoMLSimpleApplication@6fb99977
----------------- Done invoking toplevel() on ptolemy.moml.MoMLSimpleApplication@6fb99977
reloadAllAccessors: .SubscriptionAggregatorMultiply

===========================================================================================
----------------- testing Tue May 05 14:20:12 UTC 2020 /home/travis/build/icyphy/ptII/ptolemy/actor/lib/test/auto/SubscriptionAggregatorPortMultiply1.xml
----------------- Instantiating /home/travis/build/icyphy/ptII/ptolemy/actor/lib/test/auto/SubscriptionAggregatorPortMultiply1.xml
4 ms. Memory: 564224K Free: 408534K (72%)
----------------- Invoking toplevel() on ptolemy.moml.MoMLSimpleApplication@425a9ca5
----------------- Done invoking toplevel() on ptolemy.moml.MoMLSimpleApplication@425a9ca5
reloadAllAccessors: .SubscriptionAggregatorPortMultiply1

===========================================================================================
----------------- testing Tue May 05 14:20:12 UTC 2020 /home/travis/build/icyphy/ptII/ptolemy/actor/lib/test/auto/Switch.xml
----------------- Instantiating /home/travis/build/icyphy/ptII/ptolemy/actor/lib/test/auto/Switch.xml
10 ms. Memory: 564224K Free: 400342K (71%)
----------------- Invoking toplevel() on ptolemy.moml.MoMLSimpleApplication@4c31ae22
----------------- Done invoking toplevel() on ptolemy.moml.MoMLSimpleApplication@4c31ae22
reloadAllAccessors: .Switch

===========================================================================================
----------------- testing Tue May 05 14:20:12 UTC 2020 /home/travis/build/icyphy/ptII/ptolemy/actor/lib/test/auto/Switch2.xml
----------------- Instantiating /home/travis/build/icyphy/ptII/ptolemy/actor/lib/test/auto/Switch2.xml
1 ms. Memory: 564224K Free: 395736K (70%)
----------------- Invoking toplevel() on ptolemy.moml.MoMLSimpleApplication@cf509ce
----------------- Done invoking toplevel() on ptolemy.moml.MoMLSimpleApplication@cf509ce
reloadAllAccessors: .Switch2

===========================================================================================
----------------- testing Tue May 05 14:20:12 UTC 2020 /home/travis/build/icyphy/ptII/ptolemy/actor/lib/test/auto/SwitchDE.xml
----------------- Instantiating /home/travis/build/icyphy/ptII/ptolemy/actor/lib/test/auto/SwitchDE.xml
4 ms. Memory: 564224K Free: 389592K (69%)
----------------- Invoking toplevel() on ptolemy.moml.MoMLSimpleApplication@c9cd3e1
----------------- Done invoking toplevel() on ptolemy.moml.MoMLSimpleApplication@c9cd3e1
reloadAllAccessors: .SwitchDE

===========================================================================================
----------------- testing Tue May 05 14:20:12 UTC 2020 /home/travis/build/icyphy/ptII/ptolemy/actor/lib/test/auto/SynchronizerDE.xml
----------------- Instantiating /home/travis/build/icyphy/ptII/ptolemy/actor/lib/test/auto/SynchronizerDE.xml
7 ms. Memory: 564224K Free: 380872K (68%)
----------------- Invoking toplevel() on ptolemy.moml.MoMLSimpleApplication@4e7ec0a9
----------------- Done invoking toplevel() on ptolemy.moml.MoMLSimpleApplication@4e7ec0a9
reloadAllAccessors: .SynchronizerDE

===========================================================================================
----------------- testing Tue May 05 14:20:12 UTC 2020 /home/travis/build/icyphy/ptII/ptolemy/actor/lib/test/auto/Test.xml
----------------- Instantiating /home/travis/build/icyphy/ptII/ptolemy/actor/lib/test/auto/Test.xml
8 ms. Memory: 564224K Free: 375752K (67%)
----------------- Invoking toplevel() on ptolemy.moml.MoMLSimpleApplication@211ec70a
----------------- Done invoking toplevel() on ptolemy.moml.MoMLSimpleApplication@211ec70a
reloadAllAccessors: .Test

===========================================================================================
----------------- testing Tue May 05 14:20:12 UTC 2020 /home/travis/build/icyphy/ptII/ptolemy/actor/lib/test/auto/TestExceptionAttribute1.xml
----------------- Instantiating /home/travis/build/icyphy/ptII/ptolemy/actor/lib/test/auto/TestExceptionAttribute1.xml
2 ms. Memory: 564224K Free: 372184K (66%)
----------------- Invoking toplevel() on ptolemy.moml.MoMLSimpleApplication@3949a342
----------------- Done invoking toplevel() on ptolemy.moml.MoMLSimpleApplication@3949a342
reloadAllAccessors: .TestExceptionAttribute1

===========================================================================================
----------------- testing Tue May 05 14:20:12 UTC 2020 /home/travis/build/icyphy/ptII/ptolemy/actor/lib/test/auto/TestExceptionAttribute2.xml
----------------- Instantiating /home/travis/build/icyphy/ptII/ptolemy/actor/lib/test/auto/TestExceptionAttribute2.xml
1 ms. Memory: 564224K Free: 368598K (65%)
----------------- Invoking toplevel() on ptolemy.moml.MoMLSimpleApplication@3c4b3317
----------------- Done invoking toplevel() on ptolemy.moml.MoMLSimpleApplication@3c4b3317
reloadAllAccessors: .TestExceptionAttribute2

===========================================================================================
----------------- testing Tue May 05 14:20:12 UTC 2020 /home/travis/build/icyphy/ptII/ptolemy/actor/lib/test/auto/TestExceptionAttribute3.xml
----------------- Instantiating /home/travis/build/icyphy/ptII/ptolemy/actor/lib/test/auto/TestExceptionAttribute3.xml
.TestExceptionAttribute3.TestExceptionAttribute: initialize() was not invoked, but wrapup() was.  This is unusual, but not always a problem.  For example, exporting JNLP will do this.
1 ms. Memory: 564224K Free: 364502K (65%)
----------------- Invoking toplevel() on ptolemy.moml.MoMLSimpleApplication@41ed564e
----------------- Done invoking toplevel() on ptolemy.moml.MoMLSimpleApplication@41ed564e
reloadAllAccessors: .TestExceptionAttribute3

===========================================================================================
----------------- testing Tue May 05 14:20:12 UTC 2020 /home/travis/build/icyphy/ptII/ptolemy/actor/lib/test/auto/TestExceptionAttribute4.xml
----------------- Instantiating /home/travis/build/icyphy/ptII/ptolemy/actor/lib/test/auto/TestExceptionAttribute4.xml
.TestExceptionAttribute4.TestExceptionAttribute: initialize() was not invoked, but wrapup() was.  This is unusual, but not always a problem.  For example, exporting JNLP will do this.
.TestExceptionAttribute4.TestExceptionAttribute2: initialize() was not invoked, but wrapup() was.  This is unusual, but not always a problem.  For example, exporting JNLP will do this.
0 ms. Memory: 564224K Free: 360406K (64%)
----------------- Invoking toplevel() on ptolemy.moml.MoMLSimpleApplication@2b2480ea
----------------- Done invoking toplevel() on ptolemy.moml.MoMLSimpleApplication@2b2480ea
reloadAllAccessors: .TestExceptionAttribute4

===========================================================================================
----------------- testing Tue May 05 14:20:12 UTC 2020 /home/travis/build/icyphy/ptII/ptolemy/actor/lib/test/auto/TestExceptionHandler1.xml
----------------- Instantiating /home/travis/build/icyphy/ptII/ptolemy/actor/lib/test/auto/TestExceptionHandler1.xml
1 ms. Memory: 564224K Free: 356824K (63%)
----------------- Invoking toplevel() on ptolemy.moml.MoMLSimpleApplication@2c853fcc
----------------- Done invoking toplevel() on ptolemy.moml.MoMLSimpleApplication@2c853fcc
reloadAllAccessors: .TestExceptionHandler1

===========================================================================================
----------------- testing Tue May 05 14:20:12 UTC 2020 /home/travis/build/icyphy/ptII/ptolemy/actor/lib/test/auto/TestExceptionHandler2.xml
----------------- Instantiating /home/travis/build/icyphy/ptII/ptolemy/actor/lib/test/auto/TestExceptionHandler2.xml
1 ms. Memory: 564224K Free: 353238K (63%)
----------------- Invoking toplevel() on ptolemy.moml.MoMLSimpleApplication@44f9735d
----------------- Done invoking toplevel() on ptolemy.moml.MoMLSimpleApplication@44f9735d
reloadAllAccessors: .TestExceptionHandler2

===========================================================================================
----------------- testing Tue May 05 14:20:12 UTC 2020 /home/travis/build/icyphy/ptII/ptolemy/actor/lib/test/auto/TestExceptionHandler3.xml
----------------- Instantiating /home/travis/build/icyphy/ptII/ptolemy/actor/lib/test/auto/TestExceptionHandler3.xml
1 ms. Memory: 564224K Free: 349656K (62%)
----------------- Invoking toplevel() on ptolemy.moml.MoMLSimpleApplication@274945f3
----------------- Done invoking toplevel() on ptolemy.moml.MoMLSimpleApplication@274945f3
reloadAllAccessors: .TestExceptionHandler3

===========================================================================================
----------------- testing Tue May 05 14:20:12 UTC 2020 /home/travis/build/icyphy/ptII/ptolemy/actor/lib/test/auto/TestExceptionHandler4.xml
----------------- Instantiating /home/travis/build/icyphy/ptII/ptolemy/actor/lib/test/auto/TestExceptionHandler4.xml
0 ms. Memory: 564224K Free: 345046K (61%)
----------------- Invoking toplevel() on ptolemy.moml.MoMLSimpleApplication@4c638761
----------------- Done invoking toplevel() on ptolemy.moml.MoMLSimpleApplication@4c638761
reloadAllAccessors: .TestExceptionHandler4

===========================================================================================
----------------- testing Tue May 05 14:20:12 UTC 2020 /home/travis/build/icyphy/ptII/ptolemy/actor/lib/test/auto/TestRequireCorrectOrder.xml
----------------- Instantiating /home/travis/build/icyphy/ptII/ptolemy/actor/lib/test/auto/TestRequireCorrectOrder.xml
2 ms. Memory: 564224K Free: 338888K (60%)
----------------- Invoking toplevel() on ptolemy.moml.MoMLSimpleApplication@216cf6f4
----------------- Done invoking toplevel() on ptolemy.moml.MoMLSimpleApplication@216cf6f4
reloadAllAccessors: .TestRequireCorrectOrder

===========================================================================================
----------------- testing Tue May 05 14:20:12 UTC 2020 /home/travis/build/icyphy/ptII/ptolemy/actor/lib/test/auto/TestSimple.xml
----------------- Instantiating /home/travis/build/icyphy/ptII/ptolemy/actor/lib/test/auto/TestSimple.xml
1 ms. Memory: 564224K Free: 334296K (59%)
----------------- Invoking toplevel() on ptolemy.moml.MoMLSimpleApplication@7ae86670
----------------- Done invoking toplevel() on ptolemy.moml.MoMLSimpleApplication@7ae86670
reloadAllAccessors: .TestSimple

===========================================================================================
----------------- testing Tue May 05 14:20:12 UTC 2020 /home/travis/build/icyphy/ptII/ptolemy/actor/lib/test/auto/ThrowModelError.xml
----------------- Instantiating /home/travis/build/icyphy/ptII/ptolemy/actor/lib/test/auto/ThrowModelError.xml
2 ms. Memory: 564224K Free: 329176K (58%)
----------------- Invoking toplevel() on ptolemy.moml.MoMLSimpleApplication@7196975d
----------------- Done invoking toplevel() on ptolemy.moml.MoMLSimpleApplication@7196975d
reloadAllAccessors: .ThrowModelError

===========================================================================================
----------------- testing Tue May 05 14:20:12 UTC 2020 /home/travis/build/icyphy/ptII/ptolemy/actor/lib/test/auto/TimeDelayMicrosteps.xml
----------------- Instantiating /home/travis/build/icyphy/ptII/ptolemy/actor/lib/test/auto/TimeDelayMicrosteps.xml
3 ms. Memory: 564224K Free: 322488K (57%)
----------------- Invoking toplevel() on ptolemy.moml.MoMLSimpleApplication@72558dd9
----------------- Done invoking toplevel() on ptolemy.moml.MoMLSimpleApplication@72558dd9
reloadAllAccessors: .TimeDelayMicrosteps

===========================================================================================
----------------- testing Tue May 05 14:20:12 UTC 2020 /home/travis/build/icyphy/ptII/ptolemy/actor/lib/test/auto/TimeDelayMicrosteps2.xml
----------------- Instantiating /home/travis/build/icyphy/ptII/ptolemy/actor/lib/test/auto/TimeDelayMicrosteps2.xml
7 ms. Memory: 564224K Free: 315320K (56%)
----------------- Invoking toplevel() on ptolemy.moml.MoMLSimpleApplication@36407cb5
----------------- Done invoking toplevel() on ptolemy.moml.MoMLSimpleApplication@36407cb5
reloadAllAccessors: .TimeDelayMicrosteps2

===========================================================================================
----------------- testing Tue May 05 14:20:12 UTC 2020 /home/travis/build/icyphy/ptII/ptolemy/actor/lib/test/auto/TimeDelayMicrosteps3.xml
----------------- Instantiating /home/travis/build/icyphy/ptII/ptolemy/actor/lib/test/auto/TimeDelayMicrosteps3.xml
3 ms. Memory: 564224K Free: 308696K (55%)
----------------- Invoking toplevel() on ptolemy.moml.MoMLSimpleApplication@50c3733e
----------------- Done invoking toplevel() on ptolemy.moml.MoMLSimpleApplication@50c3733e
reloadAllAccessors: .TimeDelayMicrosteps3

===========================================================================================
----------------- testing Tue May 05 14:20:12 UTC 2020 /home/travis/build/icyphy/ptII/ptolemy/actor/lib/test/auto/TimeDelayVariableMicrosteps.xml
----------------- Instantiating /home/travis/build/icyphy/ptII/ptolemy/actor/lib/test/auto/TimeDelayVariableMicrosteps.xml
3 ms. Memory: 564224K Free: 302038K (54%)
----------------- Invoking toplevel() on ptolemy.moml.MoMLSimpleApplication@360fe4e8
----------------- Done invoking toplevel() on ptolemy.moml.MoMLSimpleApplication@360fe4e8
reloadAllAccessors: .TimeDelayVariableMicrosteps

===========================================================================================
----------------- testing Tue May 05 14:20:12 UTC 2020 /home/travis/build/icyphy/ptII/ptolemy/actor/lib/test/auto/TimeGap.xml
----------------- Instantiating /home/travis/build/icyphy/ptII/ptolemy/actor/lib/test/auto/TimeGap.xml
4 ms. Memory: 564224K Free: 296408K (53%)
----------------- Invoking toplevel() on ptolemy.moml.MoMLSimpleApplication@37e22c4f
----------------- Done invoking toplevel() on ptolemy.moml.MoMLSimpleApplication@37e22c4f
reloadAllAccessors: .TimeGap

===========================================================================================
----------------- testing Tue May 05 14:20:12 UTC 2020 /home/travis/build/icyphy/ptII/ptolemy/actor/lib/test/auto/TimeGap2.xml
----------------- Instantiating /home/travis/build/icyphy/ptII/ptolemy/actor/lib/test/auto/TimeGap2.xml
2 ms. Memory: 564224K Free: 290768K (52%)
----------------- Invoking toplevel() on ptolemy.moml.MoMLSimpleApplication@3f4b4400
----------------- Done invoking toplevel() on ptolemy.moml.MoMLSimpleApplication@3f4b4400
reloadAllAccessors: .TimeGap2

===========================================================================================
----------------- testing Tue May 05 14:20:12 UTC 2020 /home/travis/build/icyphy/ptII/ptolemy/actor/lib/test/auto/TimedSinewave.xml
----------------- Instantiating /home/travis/build/icyphy/ptII/ptolemy/actor/lib/test/auto/TimedSinewave.xml
22 ms. Memory: 564224K Free: 275928K (49%)
----------------- Invoking toplevel() on ptolemy.moml.MoMLSimpleApplication@4a51774e
----------------- Done invoking toplevel() on ptolemy.moml.MoMLSimpleApplication@4a51774e
reloadAllAccessors: .TimedSinewave

===========================================================================================
----------------- testing Tue May 05 14:20:12 UTC 2020 /home/travis/build/icyphy/ptII/ptolemy/actor/lib/test/auto/TimedSinewavePhase.xml
----------------- Instantiating /home/travis/build/icyphy/ptII/ptolemy/actor/lib/test/auto/TimedSinewavePhase.xml
17 ms. Memory: 564224K Free: 266198K (47%)
----------------- Invoking toplevel() on ptolemy.moml.MoMLSimpleApplication@6afc73f6
----------------- Done invoking toplevel() on ptolemy.moml.MoMLSimpleApplication@6afc73f6
reloadAllAccessors: .TimedSinewavePhase

===========================================================================================
----------------- testing Tue May 05 14:20:12 UTC 2020 /home/travis/build/icyphy/ptII/ptolemy/actor/lib/test/auto/Timer.xml
----------------- Instantiating /home/travis/build/icyphy/ptII/ptolemy/actor/lib/test/auto/Timer.xml
5 ms. Memory: 564224K Free: 260568K (46%)
----------------- Invoking toplevel() on ptolemy.moml.MoMLSimpleApplication@46080c25
----------------- Done invoking toplevel() on ptolemy.moml.MoMLSimpleApplication@46080c25
reloadAllAccessors: .Timer

===========================================================================================
----------------- testing Tue May 05 14:20:12 UTC 2020 /home/travis/build/icyphy/ptII/ptolemy/actor/lib/test/auto/TriangularDistTestModel.xml
----------------- Instantiating /home/travis/build/icyphy/ptII/ptolemy/actor/lib/test/auto/TriangularDistTestModel.xml
2 ms. Memory: 564224K Free: 254920K (45%)
----------------- Invoking toplevel() on ptolemy.moml.MoMLSimpleApplication@418348ec
----------------- Done invoking toplevel() on ptolemy.moml.MoMLSimpleApplication@418348ec
reloadAllAccessors: .TriangularDistTestModel

===========================================================================================
----------------- testing Tue May 05 14:20:12 UTC 2020 /home/travis/build/icyphy/ptII/ptolemy/actor/lib/test/auto/TrigFunction.xml
----------------- Instantiating /home/travis/build/icyphy/ptII/ptolemy/actor/lib/test/auto/TrigFunction.xml
1 ms. Memory: 564224K Free: 249814K (44%)
----------------- Invoking toplevel() on ptolemy.moml.MoMLSimpleApplication@13ba21db
----------------- Done invoking toplevel() on ptolemy.moml.MoMLSimpleApplication@13ba21db
reloadAllAccessors: .TrigFunction

===========================================================================================
----------------- testing Tue May 05 14:20:12 UTC 2020 /home/travis/build/icyphy/ptII/ptolemy/actor/lib/test/auto/TrigFunctionDE.xml
----------------- Instantiating /home/travis/build/icyphy/ptII/ptolemy/actor/lib/test/auto/TrigFunctionDE.xml
1 ms. Memory: 564224K Free: 244184K (43%)
----------------- Invoking toplevel() on ptolemy.moml.MoMLSimpleApplication@c43d825
----------------- Done invoking toplevel() on ptolemy.moml.MoMLSimpleApplication@c43d825
reloadAllAccessors: .TrigFunctionDE

===========================================================================================
----------------- testing Tue May 05 14:20:12 UTC 2020 /home/travis/build/icyphy/ptII/ptolemy/actor/lib/test/auto/TrigFunctionInverse.xml
----------------- Instantiating /home/travis/build/icyphy/ptII/ptolemy/actor/lib/test/auto/TrigFunctionInverse.xml
2 ms. Memory: 564224K Free: 239064K (42%)
----------------- Invoking toplevel() on ptolemy.moml.MoMLSimpleApplication@16a34dbe
----------------- Done invoking toplevel() on ptolemy.moml.MoMLSimpleApplication@16a34dbe
reloadAllAccessors: .TrigFunctionInverse

===========================================================================================
----------------- testing Tue May 05 14:20:12 UTC 2020 /home/travis/build/icyphy/ptII/ptolemy/actor/lib/test/auto/TrigFunctionTan.xml
----------------- Instantiating /home/travis/build/icyphy/ptII/ptolemy/actor/lib/test/auto/TrigFunctionTan.xml
1 ms. Memory: 564224K Free: 234454K (42%)
----------------- Invoking toplevel() on ptolemy.moml.MoMLSimpleApplication@318ba650
----------------- Done invoking toplevel() on ptolemy.moml.MoMLSimpleApplication@318ba650
reloadAllAccessors: .TrigFunctionTan

===========================================================================================
----------------- testing Tue May 05 14:20:12 UTC 2020 /home/travis/build/icyphy/ptII/ptolemy/actor/lib/test/auto/TriggeredClock.xml
----------------- Instantiating /home/travis/build/icyphy/ptII/ptolemy/actor/lib/test/auto/TriggeredClock.xml
2 ms. Memory: 564224K Free: 229320K (41%)
----------------- Invoking toplevel() on ptolemy.moml.MoMLSimpleApplication@489159a3
----------------- Done invoking toplevel() on ptolemy.moml.MoMLSimpleApplication@489159a3
reloadAllAccessors: .TriggeredClock

===========================================================================================
----------------- testing Tue May 05 14:20:12 UTC 2020 /home/travis/build/icyphy/ptII/ptolemy/actor/lib/test/auto/URLDirectoryReader.xml
----------------- Instantiating /home/travis/build/icyphy/ptII/ptolemy/actor/lib/test/auto/URLDirectoryReader.xml
23 ms. Memory: 564224K Free: 220632K (39%)
----------------- Invoking toplevel() on ptolemy.moml.MoMLSimpleApplication@586bd89e
----------------- Done invoking toplevel() on ptolemy.moml.MoMLSimpleApplication@586bd89e
reloadAllAccessors: .URLDirectoryReader

===========================================================================================
----------------- testing Tue May 05 14:20:13 UTC 2020 /home/travis/build/icyphy/ptII/ptolemy/actor/lib/test/auto/URLDirectoryReader3.xml
----------------- Instantiating /home/travis/build/icyphy/ptII/ptolemy/actor/lib/test/auto/URLDirectoryReader3.xml
1320 ms. Memory: 564224K Free: 503387K (89%)
----------------- Invoking toplevel() on ptolemy.moml.MoMLSimpleApplication@5778e1dc
----------------- Done invoking toplevel() on ptolemy.moml.MoMLSimpleApplication@5778e1dc
reloadAllAccessors: .URLDirectoryReader3

===========================================================================================
----------------- testing Tue May 05 14:20:14 UTC 2020 /home/travis/build/icyphy/ptII/ptolemy/actor/lib/test/auto/UnaryMathFunction.xml
----------------- Instantiating /home/travis/build/icyphy/ptII/ptolemy/actor/lib/test/auto/UnaryMathFunction.xml
2 ms. Memory: 564224K Free: 495574K (88%)
----------------- Invoking toplevel() on ptolemy.moml.MoMLSimpleApplication@c1fb5dd
----------------- Done invoking toplevel() on ptolemy.moml.MoMLSimpleApplication@c1fb5dd
reloadAllAccessors: .UnaryMathFunction

===========================================================================================
----------------- testing Tue May 05 14:20:14 UTC 2020 /home/travis/build/icyphy/ptII/ptolemy/actor/lib/test/auto/Uniform.xml
----------------- Instantiating /home/travis/build/icyphy/ptII/ptolemy/actor/lib/test/auto/Uniform.xml
1 ms. Memory: 564224K Free: 490968K (87%)
----------------- Invoking toplevel() on ptolemy.moml.MoMLSimpleApplication@6f193663
----------------- Done invoking toplevel() on ptolemy.moml.MoMLSimpleApplication@6f193663
reloadAllAccessors: .Uniform

===========================================================================================
----------------- testing Tue May 05 14:20:14 UTC 2020 /home/travis/build/icyphy/ptII/ptolemy/actor/lib/test/auto/UnionDisassemblerTest.xml
----------------- Instantiating /home/travis/build/icyphy/ptII/ptolemy/actor/lib/test/auto/UnionDisassemblerTest.xml
15 ms. Memory: 564224K Free: 486872K (86%)
----------------- Invoking toplevel() on ptolemy.moml.MoMLSimpleApplication@65e21020
----------------- Done invoking toplevel() on ptolemy.moml.MoMLSimpleApplication@65e21020
reloadAllAccessors: .UnionDisassemblerTest

===========================================================================================
----------------- testing Tue May 05 14:20:14 UTC 2020 /home/travis/build/icyphy/ptII/ptolemy/actor/lib/test/auto/UtilityFunctions.xml
----------------- Instantiating /home/travis/build/icyphy/ptII/ptolemy/actor/lib/test/auto/UtilityFunctions.xml
1 ms. Memory: 564224K Free: 482776K (86%)
----------------- Invoking toplevel() on ptolemy.moml.MoMLSimpleApplication@3ba907e7
----------------- Done invoking toplevel() on ptolemy.moml.MoMLSimpleApplication@3ba907e7
reloadAllAccessors: .UtilityFunctions

===========================================================================================
----------------- testing Tue May 05 14:20:14 UTC 2020 /home/travis/build/icyphy/ptII/ptolemy/actor/lib/test/auto/VariableSleep.xml
----------------- Instantiating /home/travis/build/icyphy/ptII/ptolemy/actor/lib/test/auto/VariableSleep.xml
502 ms. Memory: 564224K Free: 477142K (85%)
----------------- Invoking toplevel() on ptolemy.moml.MoMLSimpleApplication@414bfc0b
----------------- Done invoking toplevel() on ptolemy.moml.MoMLSimpleApplication@414bfc0b
reloadAllAccessors: .VariableSleep

===========================================================================================
----------------- testing Tue May 05 14:20:15 UTC 2020 /home/travis/build/icyphy/ptII/ptolemy/actor/lib/test/auto/VectorAssemblerDisassemblerCT.xml
----------------- Instantiating /home/travis/build/icyphy/ptII/ptolemy/actor/lib/test/auto/VectorAssemblerDisassemblerCT.xml
49 ms. Memory: 564224K Free: 457174K (81%)
----------------- Invoking toplevel() on ptolemy.moml.MoMLSimpleApplication@7884ae9a
----------------- Done invoking toplevel() on ptolemy.moml.MoMLSimpleApplication@7884ae9a
reloadAllAccessors: .VectorAssemblerDisassemblerCT

===========================================================================================
----------------- testing Tue May 05 14:20:15 UTC 2020 /home/travis/build/icyphy/ptII/ptolemy/actor/lib/test/auto/VectorAssemblerDisassemblerDE.xml
----------------- Instantiating /home/travis/build/icyphy/ptII/ptolemy/actor/lib/test/auto/VectorAssemblerDisassemblerDE.xml
3 ms. Memory: 564224K Free: 449494K (80%)
----------------- Invoking toplevel() on ptolemy.moml.MoMLSimpleApplication@72a637f5
----------------- Done invoking toplevel() on ptolemy.moml.MoMLSimpleApplication@72a637f5
reloadAllAccessors: .VectorAssemblerDisassemblerDE

===========================================================================================
----------------- testing Tue May 05 14:20:15 UTC 2020 /home/travis/build/icyphy/ptII/ptolemy/actor/lib/test/auto/VectorAssemblerDisassemblerSDF.xml
----------------- Instantiating /home/travis/build/icyphy/ptII/ptolemy/actor/lib/test/auto/VectorAssemblerDisassemblerSDF.xml
2 ms. Memory: 564224K Free: 442840K (78%)
----------------- Invoking toplevel() on ptolemy.moml.MoMLSimpleApplication@359983f5
----------------- Done invoking toplevel() on ptolemy.moml.MoMLSimpleApplication@359983f5
reloadAllAccessors: .VectorAssemblerDisassemblerSDF

===========================================================================================
----------------- testing Tue May 05 14:20:15 UTC 2020 /home/travis/build/icyphy/ptII/ptolemy/actor/lib/test/auto/WallClockTime.xml
----------------- Instantiating /home/travis/build/icyphy/ptII/ptolemy/actor/lib/test/auto/WallClockTime.xml
1005 ms. Memory: 564224K Free: 437720K (78%)
----------------- Invoking toplevel() on ptolemy.moml.MoMLSimpleApplication@3cf0ae30
----------------- Done invoking toplevel() on ptolemy.moml.MoMLSimpleApplication@3cf0ae30
reloadAllAccessors: .WallClockTime

===========================================================================================
----------------- testing Tue May 05 14:20:16 UTC 2020 /home/travis/build/icyphy/ptII/ptolemy/actor/lib/test/auto/WidthTestWithSubscriberPublisher.xml
----------------- Instantiating /home/travis/build/icyphy/ptII/ptolemy/actor/lib/test/auto/WidthTestWithSubscriberPublisher.xml
7 ms. Memory: 564224K Free: 419288K (74%)
----------------- Invoking toplevel() on ptolemy.moml.MoMLSimpleApplication@248de17b
----------------- Done invoking toplevel() on ptolemy.moml.MoMLSimpleApplication@248de17b
reloadAllAccessors: .WidthTestWithSubscriberPublisher

===========================================================================================
----------------- testing Tue May 05 14:20:16 UTC 2020 /home/travis/build/icyphy/ptII/ptolemy/actor/lib/test/auto/WidthTestWithSubscriberPublisher2.xml
----------------- Instantiating /home/travis/build/icyphy/ptII/ptolemy/actor/lib/test/auto/WidthTestWithSubscriberPublisher2.xml
2 ms. Memory: 564224K Free: 413144K (73%)
----------------- Invoking toplevel() on ptolemy.moml.MoMLSimpleApplication@5947fae4
----------------- Done invoking toplevel() on ptolemy.moml.MoMLSimpleApplication@5947fae4
reloadAllAccessors: .WidthTestWithSubscriberPublisher2

===========================================================================================
----------------- testing Tue May 05 14:20:16 UTC 2020 /home/travis/build/icyphy/ptII/ptolemy/actor/lib/test/auto/WidthTestWithSubscriberPublisher3.xml
----------------- Instantiating /home/travis/build/icyphy/ptII/ptolemy/actor/lib/test/auto/WidthTestWithSubscriberPublisher3.xml
2 ms. Memory: 564224K Free: 407000K (72%)
----------------- Invoking toplevel() on ptolemy.moml.MoMLSimpleApplication@6757d528
----------------- Done invoking toplevel() on ptolemy.moml.MoMLSimpleApplication@6757d528
reloadAllAccessors: .WidthTestWithSubscriberPublisher3

===========================================================================================
----------------- testing Tue May 05 14:20:16 UTC 2020 /home/travis/build/icyphy/ptII/ptolemy/actor/lib/test/auto/Writer.xml
----------------- Instantiating /home/travis/build/icyphy/ptII/ptolemy/actor/lib/test/auto/Writer.xml
0
1
2
3
4
1 ms. Memory: 564224K Free: 402376K (71%)
----------------- Invoking toplevel() on ptolemy.moml.MoMLSimpleApplication@4102290d
----------------- Done invoking toplevel() on ptolemy.moml.MoMLSimpleApplication@4102290d
reloadAllAccessors: .Writer

===========================================================================================
----------------- testing Tue May 05 14:20:16 UTC 2020 /home/travis/build/icyphy/ptII/ptolemy/actor/lib/test/auto/array.xml
----------------- Instantiating /home/travis/build/icyphy/ptII/ptolemy/actor/lib/test/auto/array.xml
2 ms. Memory: 564224K Free: 397784K (71%)
----------------- Invoking toplevel() on ptolemy.moml.MoMLSimpleApplication@40b178ae
----------------- Done invoking toplevel() on ptolemy.moml.MoMLSimpleApplication@40b178ae
reloadAllAccessors: .array

===========================================================================================
----------------- testing Tue May 05 14:20:16 UTC 2020 /home/travis/build/icyphy/ptII/ptolemy/actor/lib/test/auto/array2.xml
----------------- Instantiating /home/travis/build/icyphy/ptII/ptolemy/actor/lib/test/auto/array2.xml
5 ms. Memory: 564224K Free: 392664K (70%)
----------------- Invoking toplevel() on ptolemy.moml.MoMLSimpleApplication@7d7c5ed0
----------------- Done invoking toplevel() on ptolemy.moml.MoMLSimpleApplication@7d7c5ed0
reloadAllAccessors: .array2

===========================================================================================
----------------- testing Tue May 05 14:20:16 UTC 2020 /home/travis/build/icyphy/ptII/ptolemy/actor/lib/test/auto/arrayType.xml
----------------- Instantiating /home/travis/build/icyphy/ptII/ptolemy/actor/lib/test/auto/arrayType.xml
1 ms. Memory: 564224K Free: 387030K (69%)
----------------- Invoking toplevel() on ptolemy.moml.MoMLSimpleApplication@2ca31349
----------------- Done invoking toplevel() on ptolemy.moml.MoMLSimpleApplication@2ca31349
reloadAllAccessors: .arrayType

===========================================================================================
----------------- testing Tue May 05 14:20:16 UTC 2020 /home/travis/build/icyphy/ptII/ptolemy/actor/lib/test/auto/arrayType10.xml
----------------- Instantiating /home/travis/build/icyphy/ptII/ptolemy/actor/lib/test/auto/arrayType10.xml
1 ms. Memory: 564224K Free: 382424K (68%)
----------------- Invoking toplevel() on ptolemy.moml.MoMLSimpleApplication@79f96d49
----------------- Done invoking toplevel() on ptolemy.moml.MoMLSimpleApplication@79f96d49
reloadAllAccessors: .arrayType10

===========================================================================================
----------------- testing Tue May 05 14:20:16 UTC 2020 /home/travis/build/icyphy/ptII/ptolemy/actor/lib/test/auto/arrayType11.xml
----------------- Instantiating /home/travis/build/icyphy/ptII/ptolemy/actor/lib/test/auto/arrayType11.xml
2 ms. Memory: 564224K Free: 377304K (67%)
----------------- Invoking toplevel() on ptolemy.moml.MoMLSimpleApplication@33df0d79
----------------- Done invoking toplevel() on ptolemy.moml.MoMLSimpleApplication@33df0d79
reloadAllAccessors: .arrayType11

===========================================================================================
----------------- testing Tue May 05 14:20:16 UTC 2020 /home/travis/build/icyphy/ptII/ptolemy/actor/lib/test/auto/arrayType12.xml
----------------- Instantiating /home/travis/build/icyphy/ptII/ptolemy/actor/lib/test/auto/arrayType12.xml
1 ms. Memory: 564224K Free: 372694K (66%)
----------------- Invoking toplevel() on ptolemy.moml.MoMLSimpleApplication@18a07757
----------------- Done invoking toplevel() on ptolemy.moml.MoMLSimpleApplication@18a07757
reloadAllAccessors: .arrayType12

===========================================================================================
----------------- testing Tue May 05 14:20:16 UTC 2020 /home/travis/build/icyphy/ptII/ptolemy/actor/lib/test/auto/arrayType13.xml
----------------- Instantiating /home/travis/build/icyphy/ptII/ptolemy/actor/lib/test/auto/arrayType13.xml
2 ms. Memory: 564224K Free: 367574K (65%)
----------------- Invoking toplevel() on ptolemy.moml.MoMLSimpleApplication@7b21fd25
----------------- Done invoking toplevel() on ptolemy.moml.MoMLSimpleApplication@7b21fd25
reloadAllAccessors: .arrayType13

===========================================================================================
----------------- testing Tue May 05 14:20:16 UTC 2020 /home/travis/build/icyphy/ptII/ptolemy/actor/lib/test/auto/arrayType14.xml
----------------- Instantiating /home/travis/build/icyphy/ptII/ptolemy/actor/lib/test/auto/arrayType14.xml
1 ms. Memory: 564224K Free: 361944K (64%)
----------------- Invoking toplevel() on ptolemy.moml.MoMLSimpleApplication@46de0a37
----------------- Done invoking toplevel() on ptolemy.moml.MoMLSimpleApplication@46de0a37
reloadAllAccessors: .arrayType14

===========================================================================================
----------------- testing Tue May 05 14:20:16 UTC 2020 /home/travis/build/icyphy/ptII/ptolemy/actor/lib/test/auto/arrayType15.xml
----------------- Instantiating /home/travis/build/icyphy/ptII/ptolemy/actor/lib/test/auto/arrayType15.xml
3 ms. Memory: 564224K Free: 356824K (63%)
----------------- Invoking toplevel() on ptolemy.moml.MoMLSimpleApplication@2c1ae056
----------------- Done invoking toplevel() on ptolemy.moml.MoMLSimpleApplication@2c1ae056
reloadAllAccessors: .arrayType15

===========================================================================================
----------------- testing Tue May 05 14:20:16 UTC 2020 /home/travis/build/icyphy/ptII/ptolemy/actor/lib/test/auto/arrayType16.xml
----------------- Instantiating /home/travis/build/icyphy/ptII/ptolemy/actor/lib/test/auto/arrayType16.xml
2 ms. Memory: 564224K Free: 351704K (62%)
----------------- Invoking toplevel() on ptolemy.moml.MoMLSimpleApplication@5e4db58d
----------------- Done invoking toplevel() on ptolemy.moml.MoMLSimpleApplication@5e4db58d
reloadAllAccessors: .arrayType16

===========================================================================================
----------------- testing Tue May 05 14:20:16 UTC 2020 /home/travis/build/icyphy/ptII/ptolemy/actor/lib/test/auto/arrayType17.xml
----------------- Instantiating /home/travis/build/icyphy/ptII/ptolemy/actor/lib/test/auto/arrayType17.xml
2 ms. Memory: 564224K Free: 346070K (61%)
----------------- Invoking toplevel() on ptolemy.moml.MoMLSimpleApplication@8ab7fd2
----------------- Done invoking toplevel() on ptolemy.moml.MoMLSimpleApplication@8ab7fd2
reloadAllAccessors: .arrayType17

===========================================================================================
----------------- testing Tue May 05 14:20:16 UTC 2020 /home/travis/build/icyphy/ptII/ptolemy/actor/lib/test/auto/arrayType18.xml
----------------- Instantiating /home/travis/build/icyphy/ptII/ptolemy/actor/lib/test/auto/arrayType18.xml
1 ms. Memory: 564224K Free: 341464K (61%)
----------------- Invoking toplevel() on ptolemy.moml.MoMLSimpleApplication@797f8395
----------------- Done invoking toplevel() on ptolemy.moml.MoMLSimpleApplication@797f8395
reloadAllAccessors: .arrayType18

===========================================================================================
----------------- testing Tue May 05 14:20:16 UTC 2020 /home/travis/build/icyphy/ptII/ptolemy/actor/lib/test/auto/arrayType19.xml
----------------- Instantiating /home/travis/build/icyphy/ptII/ptolemy/actor/lib/test/auto/arrayType19.xml
2 ms. Memory: 564224K Free: 336854K (60%)
----------------- Invoking toplevel() on ptolemy.moml.MoMLSimpleApplication@5e3e7fa5
----------------- Done invoking toplevel() on ptolemy.moml.MoMLSimpleApplication@5e3e7fa5
reloadAllAccessors: .arrayType19

===========================================================================================
----------------- testing Tue May 05 14:20:16 UTC 2020 /home/travis/build/icyphy/ptII/ptolemy/actor/lib/test/auto/arrayType2.xml
----------------- Instantiating /home/travis/build/icyphy/ptII/ptolemy/actor/lib/test/auto/arrayType2.xml
1 ms. Memory: 564224K Free: 331224K (59%)
----------------- Invoking toplevel() on ptolemy.moml.MoMLSimpleApplication@5ad8d7d8
----------------- Done invoking toplevel() on ptolemy.moml.MoMLSimpleApplication@5ad8d7d8
reloadAllAccessors: .arrayType2

===========================================================================================
----------------- testing Tue May 05 14:20:16 UTC 2020 /home/travis/build/icyphy/ptII/ptolemy/actor/lib/test/auto/arrayType20.xml
----------------- Instantiating /home/travis/build/icyphy/ptII/ptolemy/actor/lib/test/auto/arrayType20.xml
1 ms. Memory: 564224K Free: 326614K (58%)
----------------- Invoking toplevel() on ptolemy.moml.MoMLSimpleApplication@7a0edc69
----------------- Done invoking toplevel() on ptolemy.moml.MoMLSimpleApplication@7a0edc69
reloadAllAccessors: .arrayType20

===========================================================================================
----------------- testing Tue May 05 14:20:16 UTC 2020 /home/travis/build/icyphy/ptII/ptolemy/actor/lib/test/auto/arrayType21.xml
----------------- Instantiating /home/travis/build/icyphy/ptII/ptolemy/actor/lib/test/auto/arrayType21.xml
1 ms. Memory: 564224K Free: 320984K (57%)
----------------- Invoking toplevel() on ptolemy.moml.MoMLSimpleApplication@4eada9f1
----------------- Done invoking toplevel() on ptolemy.moml.MoMLSimpleApplication@4eada9f1
reloadAllAccessors: .arrayType21

===========================================================================================
----------------- testing Tue May 05 14:20:16 UTC 2020 /home/travis/build/icyphy/ptII/ptolemy/actor/lib/test/auto/arrayType22.xml
----------------- Instantiating /home/travis/build/icyphy/ptII/ptolemy/actor/lib/test/auto/arrayType22.xml
1 ms. Memory: 564224K Free: 316374K (56%)
----------------- Invoking toplevel() on ptolemy.moml.MoMLSimpleApplication@2b0671ab
----------------- Done invoking toplevel() on ptolemy.moml.MoMLSimpleApplication@2b0671ab
reloadAllAccessors: .arrayType22

===========================================================================================
----------------- testing Tue May 05 14:20:16 UTC 2020 /home/travis/build/icyphy/ptII/ptolemy/actor/lib/test/auto/arrayType23.xml
----------------- Instantiating /home/travis/build/icyphy/ptII/ptolemy/actor/lib/test/auto/arrayType23.xml
1 ms. Memory: 564224K Free: 311768K (55%)
----------------- Invoking toplevel() on ptolemy.moml.MoMLSimpleApplication@68ba9da5
----------------- Done invoking toplevel() on ptolemy.moml.MoMLSimpleApplication@68ba9da5
reloadAllAccessors: .arrayType23

===========================================================================================
----------------- testing Tue May 05 14:20:16 UTC 2020 /home/travis/build/icyphy/ptII/ptolemy/actor/lib/test/auto/arrayType24.xml
----------------- Instantiating /home/travis/build/icyphy/ptII/ptolemy/actor/lib/test/auto/arrayType24.xml
3 ms. Memory: 564224K Free: 306648K (54%)
----------------- Invoking toplevel() on ptolemy.moml.MoMLSimpleApplication@f185cfd
----------------- Done invoking toplevel() on ptolemy.moml.MoMLSimpleApplication@f185cfd
reloadAllAccessors: .arrayType24

===========================================================================================
----------------- testing Tue May 05 14:20:16 UTC 2020 /home/travis/build/icyphy/ptII/ptolemy/actor/lib/test/auto/arrayType25.xml
----------------- Instantiating /home/travis/build/icyphy/ptII/ptolemy/actor/lib/test/auto/arrayType25.xml
2 ms. Memory: 564224K Free: 301528K (53%)
----------------- Invoking toplevel() on ptolemy.moml.MoMLSimpleApplication@d94bcb7
----------------- Done invoking toplevel() on ptolemy.moml.MoMLSimpleApplication@d94bcb7
reloadAllAccessors: .arrayType25

===========================================================================================
----------------- testing Tue May 05 14:20:16 UTC 2020 /home/travis/build/icyphy/ptII/ptolemy/actor/lib/test/auto/arrayType26.xml
----------------- Instantiating /home/travis/build/icyphy/ptII/ptolemy/actor/lib/test/auto/arrayType26.xml
1 ms. Memory: 564224K Free: 295894K (52%)
----------------- Invoking toplevel() on ptolemy.moml.MoMLSimpleApplication@3c556eba
----------------- Done invoking toplevel() on ptolemy.moml.MoMLSimpleApplication@3c556eba
reloadAllAccessors: .arrayType26

===========================================================================================
----------------- testing Tue May 05 14:20:16 UTC 2020 /home/travis/build/icyphy/ptII/ptolemy/actor/lib/test/auto/arrayType27.xml
----------------- Instantiating /home/travis/build/icyphy/ptII/ptolemy/actor/lib/test/auto/arrayType27.xml
1 ms. Memory: 564224K Free: 290774K (52%)
----------------- Invoking toplevel() on ptolemy.moml.MoMLSimpleApplication@503bc603
----------------- Done invoking toplevel() on ptolemy.moml.MoMLSimpleApplication@503bc603
reloadAllAccessors: .arrayType27

===========================================================================================
----------------- testing Tue May 05 14:20:16 UTC 2020 /home/travis/build/icyphy/ptII/ptolemy/actor/lib/test/auto/arrayType28.xml
----------------- Instantiating /home/travis/build/icyphy/ptII/ptolemy/actor/lib/test/auto/arrayType28.xml
2 ms. Memory: 564224K Free: 285654K (51%)
----------------- Invoking toplevel() on ptolemy.moml.MoMLSimpleApplication@485bdf9b
----------------- Done invoking toplevel() on ptolemy.moml.MoMLSimpleApplication@485bdf9b
reloadAllAccessors: .arrayType28

===========================================================================================
----------------- testing Tue May 05 14:20:16 UTC 2020 /home/travis/build/icyphy/ptII/ptolemy/actor/lib/test/auto/arrayType3.xml
----------------- Instantiating /home/travis/build/icyphy/ptII/ptolemy/actor/lib/test/auto/arrayType3.xml
2 ms. Memory: 564224K Free: 280024K (50%)
----------------- Invoking toplevel() on ptolemy.moml.MoMLSimpleApplication@21a82fce
----------------- Done invoking toplevel() on ptolemy.moml.MoMLSimpleApplication@21a82fce
reloadAllAccessors: .arrayType3

===========================================================================================
----------------- testing Tue May 05 14:20:16 UTC 2020 /home/travis/build/icyphy/ptII/ptolemy/actor/lib/test/auto/arrayType4.xml
----------------- Instantiating /home/travis/build/icyphy/ptII/ptolemy/actor/lib/test/auto/arrayType4.xml
1 ms. Memory: 564224K Free: 274904K (49%)
----------------- Invoking toplevel() on ptolemy.moml.MoMLSimpleApplication@6d145af0
----------------- Done invoking toplevel() on ptolemy.moml.MoMLSimpleApplication@6d145af0
reloadAllAccessors: .arrayType4

===========================================================================================
----------------- testing Tue May 05 14:20:16 UTC 2020 /home/travis/build/icyphy/ptII/ptolemy/actor/lib/test/auto/arrayType5.xml
----------------- Instantiating /home/travis/build/icyphy/ptII/ptolemy/actor/lib/test/auto/arrayType5.xml
5 ms. Memory: 564224K Free: 269270K (48%)
----------------- Invoking toplevel() on ptolemy.moml.MoMLSimpleApplication@45c4857
----------------- Done invoking toplevel() on ptolemy.moml.MoMLSimpleApplication@45c4857
reloadAllAccessors: .arrayType5

===========================================================================================
----------------- testing Tue May 05 14:20:16 UTC 2020 /home/travis/build/icyphy/ptII/ptolemy/actor/lib/test/auto/arrayType6.xml
----------------- Instantiating /home/travis/build/icyphy/ptII/ptolemy/actor/lib/test/auto/arrayType6.xml
1 ms. Memory: 564224K Free: 264664K (47%)
----------------- Invoking toplevel() on ptolemy.moml.MoMLSimpleApplication@576cc691
----------------- Done invoking toplevel() on ptolemy.moml.MoMLSimpleApplication@576cc691
reloadAllAccessors: .arrayType6

===========================================================================================
----------------- testing Tue May 05 14:20:16 UTC 2020 /home/travis/build/icyphy/ptII/ptolemy/actor/lib/test/auto/arrayType7.xml
----------------- Instantiating /home/travis/build/icyphy/ptII/ptolemy/actor/lib/test/auto/arrayType7.xml
1 ms. Memory: 564224K Free: 260054K (46%)
----------------- Invoking toplevel() on ptolemy.moml.MoMLSimpleApplication@250de93c
----------------- Done invoking toplevel() on ptolemy.moml.MoMLSimpleApplication@250de93c
reloadAllAccessors: .arrayType7

===========================================================================================
----------------- testing Tue May 05 14:20:16 UTC 2020 /home/travis/build/icyphy/ptII/ptolemy/actor/lib/test/auto/arrayType8.xml
----------------- Instantiating /home/travis/build/icyphy/ptII/ptolemy/actor/lib/test/auto/arrayType8.xml
1 ms. Memory: 564224K Free: 254424K (45%)
----------------- Invoking toplevel() on ptolemy.moml.MoMLSimpleApplication@498846a4
----------------- Done invoking toplevel() on ptolemy.moml.MoMLSimpleApplication@498846a4
reloadAllAccessors: .arrayType8

===========================================================================================
----------------- testing Tue May 05 14:20:16 UTC 2020 /home/travis/build/icyphy/ptII/ptolemy/actor/lib/test/auto/arrayType9.xml
----------------- Instantiating /home/travis/build/icyphy/ptII/ptolemy/actor/lib/test/auto/arrayType9.xml
1 ms. Memory: 564224K Free: 249814K (44%)
----------------- Invoking toplevel() on ptolemy.moml.MoMLSimpleApplication@5acec28d
----------------- Done invoking toplevel() on ptolemy.moml.MoMLSimpleApplication@5acec28d
reloadAllAccessors: .arrayType9

===========================================================================================
----------------- testing Tue May 05 14:20:16 UTC 2020 /home/travis/build/icyphy/ptII/ptolemy/actor/lib/test/auto/cast.xml
----------------- Instantiating /home/travis/build/icyphy/ptII/ptolemy/actor/lib/test/auto/cast.xml
1 ms. Memory: 564224K Free: 244694K (43%)
----------------- Invoking toplevel() on ptolemy.moml.MoMLSimpleApplication@171e948f
----------------- Done invoking toplevel() on ptolemy.moml.MoMLSimpleApplication@171e948f
reloadAllAccessors: .cast

===========================================================================================
----------------- testing Tue May 05 14:20:16 UTC 2020 /home/travis/build/icyphy/ptII/ptolemy/actor/lib/test/auto/compositeMultiPort.xml
----------------- Instantiating /home/travis/build/icyphy/ptII/ptolemy/actor/lib/test/auto/compositeMultiPort.xml
3 ms. Memory: 564224K Free: 235992K (42%)
----------------- Invoking toplevel() on ptolemy.moml.MoMLSimpleApplication@6b78f567
----------------- Done invoking toplevel() on ptolemy.moml.MoMLSimpleApplication@6b78f567
reloadAllAccessors: .compositeMultiPort

===========================================================================================
----------------- testing Tue May 05 14:20:16 UTC 2020 /home/travis/build/icyphy/ptII/ptolemy/actor/lib/test/auto/expressionCastInference.xml
----------------- Instantiating /home/travis/build/icyphy/ptII/ptolemy/actor/lib/test/auto/expressionCastInference.xml
3 ms. Memory: 564224K Free: 230872K (41%)
----------------- Invoking toplevel() on ptolemy.moml.MoMLSimpleApplication@2a40be8
----------------- Done invoking toplevel() on ptolemy.moml.MoMLSimpleApplication@2a40be8
reloadAllAccessors: .expressionCastInference

===========================================================================================
----------------- testing Tue May 05 14:20:16 UTC 2020 /home/travis/build/icyphy/ptII/ptolemy/actor/lib/test/auto/expressionCastInference2.xml
----------------- Instantiating /home/travis/build/icyphy/ptII/ptolemy/actor/lib/test/auto/expressionCastInference2.xml
2 ms. Memory: 564224K Free: 226262K (40%)
----------------- Invoking toplevel() on ptolemy.moml.MoMLSimpleApplication@64f5617a
----------------- Done invoking toplevel() on ptolemy.moml.MoMLSimpleApplication@64f5617a
reloadAllAccessors: .expressionCastInference2

===========================================================================================
----------------- testing Tue May 05 14:20:16 UTC 2020 /home/travis/build/icyphy/ptII/ptolemy/actor/lib/test/auto/expressionInference.xml
----------------- Instantiating /home/travis/build/icyphy/ptII/ptolemy/actor/lib/test/auto/expressionInference.xml
2 ms. Memory: 564224K Free: 222166K (39%)
----------------- Invoking toplevel() on ptolemy.moml.MoMLSimpleApplication@5747ded0
----------------- Done invoking toplevel() on ptolemy.moml.MoMLSimpleApplication@5747ded0
reloadAllAccessors: .expressionInference

===========================================================================================
----------------- testing Tue May 05 14:20:16 UTC 2020 /home/travis/build/icyphy/ptII/ptolemy/actor/lib/test/auto/expression_bug.xml
----------------- Instantiating /home/travis/build/icyphy/ptII/ptolemy/actor/lib/test/auto/expression_bug.xml
1 ms. Memory: 564224K Free: 217560K (39%)
----------------- Invoking toplevel() on ptolemy.moml.MoMLSimpleApplication@6ce38048
----------------- Done invoking toplevel() on ptolemy.moml.MoMLSimpleApplication@6ce38048
reloadAllAccessors: .expression_bug

===========================================================================================
----------------- testing Tue May 05 14:20:16 UTC 2020 /home/travis/build/icyphy/ptII/ptolemy/actor/lib/test/auto/factorial.xml
----------------- Instantiating /home/travis/build/icyphy/ptII/ptolemy/actor/lib/test/auto/factorial.xml
40 ms. Memory: 564224K Free: 209368K (37%)
----------------- Invoking toplevel() on ptolemy.moml.MoMLSimpleApplication@f03af0f
----------------- Done invoking toplevel() on ptolemy.moml.MoMLSimpleApplication@f03af0f
reloadAllAccessors: .factorial

===========================================================================================
----------------- testing Tue May 05 14:20:17 UTC 2020 /home/travis/build/icyphy/ptII/ptolemy/actor/lib/test/auto/filterTest1.xml
----------------- Instantiating /home/travis/build/icyphy/ptII/ptolemy/actor/lib/test/auto/filterTest1.xml
2 ms. Memory: 564224K Free: 203224K (36%)
----------------- Invoking toplevel() on ptolemy.moml.MoMLSimpleApplication@24b66528
----------------- Done invoking toplevel() on ptolemy.moml.MoMLSimpleApplication@24b66528
reloadAllAccessors: .filterTest1

===========================================================================================
----------------- testing Tue May 05 14:20:17 UTC 2020 /home/travis/build/icyphy/ptII/ptolemy/actor/lib/test/auto/funcApplyInConst.xml
----------------- Instantiating /home/travis/build/icyphy/ptII/ptolemy/actor/lib/test/auto/funcApplyInConst.xml
1 ms. Memory: 564224K Free: 199638K (35%)
----------------- Invoking toplevel() on ptolemy.moml.MoMLSimpleApplication@18947e1c
----------------- Done invoking toplevel() on ptolemy.moml.MoMLSimpleApplication@18947e1c
reloadAllAccessors: .funcApplyInConst

===========================================================================================
----------------- testing Tue May 05 14:20:17 UTC 2020 /home/travis/build/icyphy/ptII/ptolemy/actor/lib/test/auto/funcApplyInExpr.xml
----------------- Instantiating /home/travis/build/icyphy/ptII/ptolemy/actor/lib/test/auto/funcApplyInExpr.xml
1 ms. Memory: 564224K Free: 195542K (35%)
----------------- Invoking toplevel() on ptolemy.moml.MoMLSimpleApplication@12155f5b
----------------- Done invoking toplevel() on ptolemy.moml.MoMLSimpleApplication@12155f5b
reloadAllAccessors: .funcApplyInExpr

===========================================================================================
----------------- testing Tue May 05 14:20:17 UTC 2020 /home/travis/build/icyphy/ptII/ptolemy/actor/lib/test/auto/function.xml
----------------- Instantiating /home/travis/build/icyphy/ptII/ptolemy/actor/lib/test/auto/function.xml
2 ms. Memory: 564224K Free: 190936K (34%)
----------------- Invoking toplevel() on ptolemy.moml.MoMLSimpleApplication@1d0e23f3
----------------- Done invoking toplevel() on ptolemy.moml.MoMLSimpleApplication@1d0e23f3
reloadAllAccessors: .function

===========================================================================================
----------------- testing Tue May 05 14:20:17 UTC 2020 /home/travis/build/icyphy/ptII/ptolemy/actor/lib/test/auto/function2.xml
----------------- Instantiating /home/travis/build/icyphy/ptII/ptolemy/actor/lib/test/auto/function2.xml
1 ms. Memory: 564224K Free: 185816K (33%)
----------------- Invoking toplevel() on ptolemy.moml.MoMLSimpleApplication@791d8de0
----------------- Done invoking toplevel() on ptolemy.moml.MoMLSimpleApplication@791d8de0
reloadAllAccessors: .function2

===========================================================================================
----------------- testing Tue May 05 14:20:17 UTC 2020 /home/travis/build/icyphy/ptII/ptolemy/actor/lib/test/auto/function3.xml
----------------- Instantiating /home/travis/build/icyphy/ptII/ptolemy/actor/lib/test/auto/function3.xml
2 ms. Memory: 564224K Free: 506028K (90%)
----------------- Invoking toplevel() on ptolemy.moml.MoMLSimpleApplication@1e86a968
----------------- Done invoking toplevel() on ptolemy.moml.MoMLSimpleApplication@1e86a968
reloadAllAccessors: .function3

===========================================================================================
----------------- testing Tue May 05 14:20:17 UTC 2020 /home/travis/build/icyphy/ptII/ptolemy/actor/lib/test/auto/functionClosureTest1.xml
----------------- Instantiating /home/travis/build/icyphy/ptII/ptolemy/actor/lib/test/auto/functionClosureTest1.xml
2 ms. Memory: 564224K Free: 499884K (89%)
----------------- Invoking toplevel() on ptolemy.moml.MoMLSimpleApplication@c806659
----------------- Done invoking toplevel() on ptolemy.moml.MoMLSimpleApplication@c806659
reloadAllAccessors: .functionClosureTest1

===========================================================================================
----------------- testing Tue May 05 14:20:17 UTC 2020 /home/travis/build/icyphy/ptII/ptolemy/actor/lib/test/auto/functionClosureTest2.xml
----------------- Instantiating /home/travis/build/icyphy/ptII/ptolemy/actor/lib/test/auto/functionClosureTest2.xml
1 ms. Memory: 564224K Free: 496302K (88%)
----------------- Invoking toplevel() on ptolemy.moml.MoMLSimpleApplication@710e98ea
----------------- Done invoking toplevel() on ptolemy.moml.MoMLSimpleApplication@710e98ea
reloadAllAccessors: .functionClosureTest2

===========================================================================================
----------------- testing Tue May 05 14:20:17 UTC 2020 /home/travis/build/icyphy/ptII/ptolemy/actor/lib/test/auto/functionClosureTest3.xml
----------------- Instantiating /home/travis/build/icyphy/ptII/ptolemy/actor/lib/test/auto/functionClosureTest3.xml
2 ms. Memory: 564224K Free: 490654K (87%)
----------------- Invoking toplevel() on ptolemy.moml.MoMLSimpleApplication@76e1550a
----------------- Done invoking toplevel() on ptolemy.moml.MoMLSimpleApplication@76e1550a
reloadAllAccessors: .functionClosureTest3

===========================================================================================
----------------- testing Tue May 05 14:20:17 UTC 2020 /home/travis/build/icyphy/ptII/ptolemy/actor/lib/test/auto/functionClosureTest4.xml
----------------- Instantiating /home/travis/build/icyphy/ptII/ptolemy/actor/lib/test/auto/functionClosureTest4.xml
6 ms. Memory: 564224K Free: 484014K (86%)
----------------- Invoking toplevel() on ptolemy.moml.MoMLSimpleApplication@27e2118f
----------------- Done invoking toplevel() on ptolemy.moml.MoMLSimpleApplication@27e2118f
reloadAllAccessors: .functionClosureTest4

===========================================================================================
----------------- testing Tue May 05 14:20:17 UTC 2020 /home/travis/build/icyphy/ptII/ptolemy/actor/lib/test/auto/functionClosureTest5.xml
----------------- Instantiating /home/travis/build/icyphy/ptII/ptolemy/actor/lib/test/auto/functionClosureTest5.xml
4 ms. Memory: 564224K Free: 478894K (85%)
----------------- Invoking toplevel() on ptolemy.moml.MoMLSimpleApplication@129003dd
----------------- Done invoking toplevel() on ptolemy.moml.MoMLSimpleApplication@129003dd
reloadAllAccessors: .functionClosureTest5

===========================================================================================
----------------- testing Tue May 05 14:20:17 UTC 2020 /home/travis/build/icyphy/ptII/ptolemy/actor/lib/test/auto/functionClosureTest6.xml
----------------- Instantiating /home/travis/build/icyphy/ptII/ptolemy/actor/lib/test/auto/functionClosureTest6.xml
2 ms. Memory: 564224K Free: 473774K (84%)
----------------- Invoking toplevel() on ptolemy.moml.MoMLSimpleApplication@51493667
----------------- Done invoking toplevel() on ptolemy.moml.MoMLSimpleApplication@51493667
reloadAllAccessors: .functionClosureTest6

===========================================================================================
----------------- testing Tue May 05 14:20:17 UTC 2020 /home/travis/build/icyphy/ptII/ptolemy/actor/lib/test/auto/functionsOnArcs.xml
----------------- Instantiating /home/travis/build/icyphy/ptII/ptolemy/actor/lib/test/auto/functionsOnArcs.xml
2 ms. Memory: 564224K Free: 468654K (83%)
----------------- Invoking toplevel() on ptolemy.moml.MoMLSimpleApplication@6b811a71
----------------- Done invoking toplevel() on ptolemy.moml.MoMLSimpleApplication@6b811a71
reloadAllAccessors: .functionsOnArcs

===========================================================================================
----------------- testing Tue May 05 14:20:17 UTC 2020 /home/travis/build/icyphy/ptII/ptolemy/actor/lib/test/auto/functionsOnArcsHOF.xml
----------------- Instantiating /home/travis/build/icyphy/ptII/ptolemy/actor/lib/test/auto/functionsOnArcsHOF.xml
3 ms. Memory: 564224K Free: 462510K (82%)
----------------- Invoking toplevel() on ptolemy.moml.MoMLSimpleApplication@5f4383f8
----------------- Done invoking toplevel() on ptolemy.moml.MoMLSimpleApplication@5f4383f8
reloadAllAccessors: .functionsOnArcsHOF

===========================================================================================
----------------- testing Tue May 05 14:20:17 UTC 2020 /home/travis/build/icyphy/ptII/ptolemy/actor/lib/test/auto/logic.xml
----------------- Instantiating /home/travis/build/icyphy/ptII/ptolemy/actor/lib/test/auto/logic.xml
2 ms. Memory: 564224K Free: 455342K (81%)
----------------- Invoking toplevel() on ptolemy.moml.MoMLSimpleApplication@41da7215
----------------- Done invoking toplevel() on ptolemy.moml.MoMLSimpleApplication@41da7215
reloadAllAccessors: .logic

===========================================================================================
----------------- testing Tue May 05 14:20:17 UTC 2020 /home/travis/build/icyphy/ptII/ptolemy/actor/lib/test/auto/matrixType.xml
----------------- Instantiating /home/travis/build/icyphy/ptII/ptolemy/actor/lib/test/auto/matrixType.xml
1 ms. Memory: 564224K Free: 449708K (80%)
----------------- Invoking toplevel() on ptolemy.moml.MoMLSimpleApplication@47c7b69
----------------- Done invoking toplevel() on ptolemy.moml.MoMLSimpleApplication@47c7b69
reloadAllAccessors: .matrixType

===========================================================================================
----------------- testing Tue May 05 14:20:17 UTC 2020 /home/travis/build/icyphy/ptII/ptolemy/actor/lib/test/auto/matrixType10.xml
----------------- Instantiating /home/travis/build/icyphy/ptII/ptolemy/actor/lib/test/auto/matrixType10.xml
1 ms. Memory: 564224K Free: 445102K (79%)
----------------- Invoking toplevel() on ptolemy.moml.MoMLSimpleApplication@688f158d
----------------- Done invoking toplevel() on ptolemy.moml.MoMLSimpleApplication@688f158d
reloadAllAccessors: .matrixType10

===========================================================================================
----------------- testing Tue May 05 14:20:17 UTC 2020 /home/travis/build/icyphy/ptII/ptolemy/actor/lib/test/auto/matrixType11.xml
----------------- Instantiating /home/travis/build/icyphy/ptII/ptolemy/actor/lib/test/auto/matrixType11.xml
1 ms. Memory: 564224K Free: 439982K (78%)
----------------- Invoking toplevel() on ptolemy.moml.MoMLSimpleApplication@14e56a9f
----------------- Done invoking toplevel() on ptolemy.moml.MoMLSimpleApplication@14e56a9f
reloadAllAccessors: .matrixType11

===========================================================================================
----------------- testing Tue May 05 14:20:17 UTC 2020 /home/travis/build/icyphy/ptII/ptolemy/actor/lib/test/auto/matrixType12.xml
----------------- Instantiating /home/travis/build/icyphy/ptII/ptolemy/actor/lib/test/auto/matrixType12.xml
1 ms. Memory: 564224K Free: 435372K (77%)
----------------- Invoking toplevel() on ptolemy.moml.MoMLSimpleApplication@56f2af3
----------------- Done invoking toplevel() on ptolemy.moml.MoMLSimpleApplication@56f2af3
reloadAllAccessors: .matrixType12

===========================================================================================
----------------- testing Tue May 05 14:20:17 UTC 2020 /home/travis/build/icyphy/ptII/ptolemy/actor/lib/test/auto/matrixType13.xml
----------------- Instantiating /home/travis/build/icyphy/ptII/ptolemy/actor/lib/test/auto/matrixType13.xml
1 ms. Memory: 564224K Free: 430252K (76%)
----------------- Invoking toplevel() on ptolemy.moml.MoMLSimpleApplication@4303724b
----------------- Done invoking toplevel() on ptolemy.moml.MoMLSimpleApplication@4303724b
reloadAllAccessors: .matrixType13

===========================================================================================
----------------- testing Tue May 05 14:20:17 UTC 2020 /home/travis/build/icyphy/ptII/ptolemy/actor/lib/test/auto/matrixType14.xml
----------------- Instantiating /home/travis/build/icyphy/ptII/ptolemy/actor/lib/test/auto/matrixType14.xml
1 ms. Memory: 564224K Free: 425132K (75%)
----------------- Invoking toplevel() on ptolemy.moml.MoMLSimpleApplication@5127151a
----------------- Done invoking toplevel() on ptolemy.moml.MoMLSimpleApplication@5127151a
reloadAllAccessors: .matrixType14

===========================================================================================
----------------- testing Tue May 05 14:20:17 UTC 2020 /home/travis/build/icyphy/ptII/ptolemy/actor/lib/test/auto/matrixType2.xml
----------------- Instantiating /home/travis/build/icyphy/ptII/ptolemy/actor/lib/test/auto/matrixType2.xml
2 ms. Memory: 564224K Free: 420012K (74%)
----------------- Invoking toplevel() on ptolemy.moml.MoMLSimpleApplication@1098f04f
----------------- Done invoking toplevel() on ptolemy.moml.MoMLSimpleApplication@1098f04f
reloadAllAccessors: .matrixType2

===========================================================================================
----------------- testing Tue May 05 14:20:17 UTC 2020 /home/travis/build/icyphy/ptII/ptolemy/actor/lib/test/auto/matrixType3.xml
----------------- Instantiating /home/travis/build/icyphy/ptII/ptolemy/actor/lib/test/auto/matrixType3.xml
3 ms. Memory: 564224K Free: 415406K (74%)
----------------- Invoking toplevel() on ptolemy.moml.MoMLSimpleApplication@2f5c4e0d
----------------- Done invoking toplevel() on ptolemy.moml.MoMLSimpleApplication@2f5c4e0d
reloadAllAccessors: .matrixType3

===========================================================================================
----------------- testing Tue May 05 14:20:17 UTC 2020 /home/travis/build/icyphy/ptII/ptolemy/actor/lib/test/auto/matrixType4.xml
----------------- Instantiating /home/travis/build/icyphy/ptII/ptolemy/actor/lib/test/auto/matrixType4.xml
1 ms. Memory: 564224K Free: 410286K (73%)
----------------- Invoking toplevel() on ptolemy.moml.MoMLSimpleApplication@71826e3f
----------------- Done invoking toplevel() on ptolemy.moml.MoMLSimpleApplication@71826e3f
reloadAllAccessors: .matrixType4

===========================================================================================
----------------- testing Tue May 05 14:20:17 UTC 2020 /home/travis/build/icyphy/ptII/ptolemy/actor/lib/test/auto/matrixType5.xml
----------------- Instantiating /home/travis/build/icyphy/ptII/ptolemy/actor/lib/test/auto/matrixType5.xml
1 ms. Memory: 564224K Free: 405676K (72%)
----------------- Invoking toplevel() on ptolemy.moml.MoMLSimpleApplication@4f22d59a
----------------- Done invoking toplevel() on ptolemy.moml.MoMLSimpleApplication@4f22d59a
reloadAllAccessors: .matrixType5

===========================================================================================
----------------- testing Tue May 05 14:20:17 UTC 2020 /home/travis/build/icyphy/ptII/ptolemy/actor/lib/test/auto/matrixType6.xml
----------------- Instantiating /home/travis/build/icyphy/ptII/ptolemy/actor/lib/test/auto/matrixType6.xml
1 ms. Memory: 564224K Free: 400556K (71%)
----------------- Invoking toplevel() on ptolemy.moml.MoMLSimpleApplication@680b3adb
----------------- Done invoking toplevel() on ptolemy.moml.MoMLSimpleApplication@680b3adb
reloadAllAccessors: .matrixType6

===========================================================================================
----------------- testing Tue May 05 14:20:17 UTC 2020 /home/travis/build/icyphy/ptII/ptolemy/actor/lib/test/auto/matrixType7.xml
----------------- Instantiating /home/travis/build/icyphy/ptII/ptolemy/actor/lib/test/auto/matrixType7.xml
1 ms. Memory: 564224K Free: 395950K (70%)
----------------- Invoking toplevel() on ptolemy.moml.MoMLSimpleApplication@aeb1cea
----------------- Done invoking toplevel() on ptolemy.moml.MoMLSimpleApplication@aeb1cea
reloadAllAccessors: .matrixType7

===========================================================================================
----------------- testing Tue May 05 14:20:17 UTC 2020 /home/travis/build/icyphy/ptII/ptolemy/actor/lib/test/auto/matrixType8.xml
----------------- Instantiating /home/travis/build/icyphy/ptII/ptolemy/actor/lib/test/auto/matrixType8.xml
1 ms. Memory: 564224K Free: 390830K (69%)
----------------- Invoking toplevel() on ptolemy.moml.MoMLSimpleApplication@4bee2740
----------------- Done invoking toplevel() on ptolemy.moml.MoMLSimpleApplication@4bee2740
reloadAllAccessors: .matrixType8

===========================================================================================
----------------- testing Tue May 05 14:20:17 UTC 2020 /home/travis/build/icyphy/ptII/ptolemy/actor/lib/test/auto/matrixType9.xml
----------------- Instantiating /home/travis/build/icyphy/ptII/ptolemy/actor/lib/test/auto/matrixType9.xml
1 ms. Memory: 564224K Free: 386220K (68%)
----------------- Invoking toplevel() on ptolemy.moml.MoMLSimpleApplication@65f097a9
----------------- Done invoking toplevel() on ptolemy.moml.MoMLSimpleApplication@65f097a9
reloadAllAccessors: .matrixType9

===========================================================================================
----------------- testing Tue May 05 14:20:17 UTC 2020 /home/travis/build/icyphy/ptII/ptolemy/actor/lib/test/auto/paraFunctest.xml
----------------- Instantiating /home/travis/build/icyphy/ptII/ptolemy/actor/lib/test/auto/paraFunctest.xml
2 ms. Memory: 564224K Free: 381614K (68%)
----------------- Invoking toplevel() on ptolemy.moml.MoMLSimpleApplication@74045
----------------- Done invoking toplevel() on ptolemy.moml.MoMLSimpleApplication@74045
reloadAllAccessors: .paraFunctest

===========================================================================================
----------------- testing Tue May 05 14:20:17 UTC 2020 /home/travis/build/icyphy/ptII/ptolemy/actor/lib/test/auto/paraFunctest2.xml
----------------- Instantiating /home/travis/build/icyphy/ptII/ptolemy/actor/lib/test/auto/paraFunctest2.xml
2 ms. Memory: 564224K Free: 377004K (67%)
----------------- Invoking toplevel() on ptolemy.moml.MoMLSimpleApplication@64eb7ae1
----------------- Done invoking toplevel() on ptolemy.moml.MoMLSimpleApplication@64eb7ae1
reloadAllAccessors: .paraFunctest2

===========================================================================================
----------------- testing Tue May 05 14:20:17 UTC 2020 /home/travis/build/icyphy/ptII/ptolemy/actor/lib/test/auto/parameterPassing.xml
----------------- Instantiating /home/travis/build/icyphy/ptII/ptolemy/actor/lib/test/auto/parameterPassing.xml
1 ms. Memory: 564224K Free: 372398K (66%)
----------------- Invoking toplevel() on ptolemy.moml.MoMLSimpleApplication@5ce869b4
----------------- Done invoking toplevel() on ptolemy.moml.MoMLSimpleApplication@5ce869b4
reloadAllAccessors: .parameterPassing

===========================================================================================
----------------- testing Tue May 05 14:20:17 UTC 2020 /home/travis/build/icyphy/ptII/ptolemy/actor/lib/test/auto/record.xml
----------------- Instantiating /home/travis/build/icyphy/ptII/ptolemy/actor/lib/test/auto/record.xml
2 ms. Memory: 564224K Free: 367278K (65%)
----------------- Invoking toplevel() on ptolemy.moml.MoMLSimpleApplication@2ad24885
----------------- Done invoking toplevel() on ptolemy.moml.MoMLSimpleApplication@2ad24885
reloadAllAccessors: .record

===========================================================================================
----------------- testing Tue May 05 14:20:17 UTC 2020 /home/travis/build/icyphy/ptII/ptolemy/actor/lib/test/auto/sizedarray1.xml
----------------- Instantiating /home/travis/build/icyphy/ptII/ptolemy/actor/lib/test/auto/sizedarray1.xml
1 ms. Memory: 564224K Free: 362158K (64%)
----------------- Invoking toplevel() on ptolemy.moml.MoMLSimpleApplication@361cb20d
----------------- Done invoking toplevel() on ptolemy.moml.MoMLSimpleApplication@361cb20d
reloadAllAccessors: .sizedarray1

===========================================================================================
----------------- testing Tue May 05 14:20:17 UTC 2020 /home/travis/build/icyphy/ptII/ptolemy/actor/lib/test/auto/sizedarray2.xml
----------------- Instantiating /home/travis/build/icyphy/ptII/ptolemy/actor/lib/test/auto/sizedarray2.xml
2 ms. Memory: 564224K Free: 356524K (63%)
----------------- Invoking toplevel() on ptolemy.moml.MoMLSimpleApplication@6a5ccfb8
----------------- Done invoking toplevel() on ptolemy.moml.MoMLSimpleApplication@6a5ccfb8
reloadAllAccessors: .sizedarray2

===========================================================================================
----------------- testing Tue May 05 14:20:17 UTC 2020 /home/travis/build/icyphy/ptII/ptolemy/actor/lib/test/auto/twoPublishers.xml
----------------- Instantiating /home/travis/build/icyphy/ptII/ptolemy/actor/lib/test/auto/twoPublishers.xml
2 ms. Memory: 564224K Free: 346284K (61%)
----------------- Invoking toplevel() on ptolemy.moml.MoMLSimpleApplication@474694c8
----------------- Done invoking toplevel() on ptolemy.moml.MoMLSimpleApplication@474694c8
reloadAllAccessors: .twoPublishers
AutoTests.java: About to close Vertx.
AutoTests.java: Vertx closed.
]]></system-out>
  <system-err><![CDATA[java.lang.RuntimeException: Execution failed
	at ptolemy.moml.MoMLSimpleApplication$UnloadThread.run(MoMLSimpleApplication.java:402)
Caused by: java.lang.RuntimeException: StringUtilities.exit() was called. Normally, we would exit here because Manager.exitAfterWrapup() was called.  However, because the ptolemy.ptII.exitAfterWrapup property is set, we throw this exception instead.
	at ptolemy.util.StringUtilities.exit(StringUtilities.java:365)
	at ptolemy.actor.Manager.wrapup(Manager.java:1549)
	at ptolemy.actor.Manager.execute(Manager.java:407)
	at ptolemy.actor.Manager.run(Manager.java:1263)
	at ptolemy.actor.Manager$PtolemyRunThread.run(Manager.java:1933)
Warning: '.top.test' is in training mode, set the trainingMode parameter to false before checking in
Warning: '.top.test' is in training mode, set the trainingMode parameter to false before checking in
Warning: '.top.test' is in training mode, set the trainingMode parameter to false before checking in
Warning: '.BooleanSwitch_RegressionTest_WrongTrainingValues.Test' is in training mode, set the trainingMode parameter to false before checking in
Warning: '.BooleanSwitch_RegressionTest_WrongTrainingValues.Test2' is in training mode, set the trainingMode parameter to false before checking in
Warning: '.BooleanSwitch_RegressionTest_WrongTrainingValues.Test2' The test produced 0 tokens.
Warning: '.top.testExceptionHandler' is in training mode, set the trainingMode parameter to false before checking in
java.lang.RuntimeException: Execution failed
	at ptolemy.moml.MoMLSimpleApplication$UnloadThread.run(MoMLSimpleApplication.java:402)
Caused by: ptolemy.kernel.util.IllegalActionException: PublisherPorts cannot be used at the top level, use a Publisher actor instead.
  in .PublisherPortToplevelSubscriber.PublisherPort
	at ptolemy.actor.PublisherPort.preinitialize(PublisherPort.java:403)
	at ptolemy.actor.CompositeActor.preinitialize(CompositeActor.java:1769)
	at ptolemy.actor.Manager.preinitializeAndResolveTypes(Manager.java:1040)
	at ptolemy.actor.Manager.initialize(Manager.java:710)
	at ptolemy.actor.Manager.execute(Manager.java:356)
	at ptolemy.actor.Manager.run(Manager.java:1263)
	at ptolemy.actor.Manager$PtolemyRunThread.run(Manager.java:1933)
java.lang.reflect.InvocationTargetException
	at java.base/jdk.internal.reflect.NativeConstructorAccessorImpl.newInstance0(Native Method)
	at java.base/jdk.internal.reflect.NativeConstructorAccessorImpl.newInstance(NativeConstructorAccessorImpl.java:62)
	at java.base/jdk.internal.reflect.DelegatingConstructorAccessorImpl.newInstance(DelegatingConstructorAccessorImpl.java:45)
	at java.base/java.lang.reflect.Constructor.newInstance(Constructor.java:490)
	at ptolemy.util.test.junit.AutoKnownFailedTests.RunModel(AutoKnownFailedTests.java:105)
	at java.base/jdk.internal.reflect.NativeMethodAccessorImpl.invoke0(Native Method)
	at java.base/jdk.internal.reflect.NativeMethodAccessorImpl.invoke(NativeMethodAccessorImpl.java:62)
	at java.base/jdk.internal.reflect.DelegatingMethodAccessorImpl.invoke(DelegatingMethodAccessorImpl.java:43)
	at java.base/java.lang.reflect.Method.invoke(Method.java:566)
	at org.junit.runners.model.FrameworkMethod$1.runReflectiveCall(FrameworkMethod.java:44)
	at org.junit.internal.runners.model.ReflectiveCallable.run(ReflectiveCallable.java:15)
	at org.junit.runners.model.FrameworkMethod.invokeExplosively(FrameworkMethod.java:41)
	at junitparams.internal.InvokeParameterisedMethod.evaluate(InvokeParameterisedMethod.java:102)
	at org.junit.internal.runners.statements.FailOnTimeout$1.run(FailOnTimeout.java:28)
Caused by: ptolemy.kernel.util.IllegalActionException: PublisherPorts cannot be used at the top level, use a Publisher actor instead.
  in .PublisherPortToplevelSubscriber.PublisherPort
	at ptolemy.actor.PublisherPort.preinitialize(PublisherPort.java:403)
	at ptolemy.actor.CompositeActor.preinitialize(CompositeActor.java:1769)
	at ptolemy.actor.Manager.preinitializeAndResolveTypes(Manager.java:1040)
	at ptolemy.actor.Manager.initialize(Manager.java:710)
	at ptolemy.actor.Manager.execute(Manager.java:356)
	at ptolemy.actor.Manager.run(Manager.java:1263)
	at ptolemy.actor.Manager$PtolemyRunThread.run(Manager.java:1933)
java.lang.RuntimeException: Execution failed
	at ptolemy.moml.MoMLSimpleApplication$UnloadThread.run(MoMLSimpleApplication.java:402)
Caused by: ptolemy.kernel.util.IllegalActionException: SubscriberPorts cannot be used at the top level, use a Subscriber actor instead.
  in .PublisherSubscriberPortToplevel.SubscriberPort
	at ptolemy.actor.SubscriberPort.preinitialize(SubscriberPort.java:328)
	at ptolemy.actor.CompositeActor.preinitialize(CompositeActor.java:1769)
	at ptolemy.actor.Manager.preinitializeAndResolveTypes(Manager.java:1040)
	at ptolemy.actor.Manager.initialize(Manager.java:710)
	at ptolemy.actor.Manager.execute(Manager.java:356)
	at ptolemy.actor.Manager.run(Manager.java:1263)
	at ptolemy.actor.Manager$PtolemyRunThread.run(Manager.java:1933)
java.lang.reflect.InvocationTargetException
	at java.base/jdk.internal.reflect.NativeConstructorAccessorImpl.newInstance0(Native Method)
	at java.base/jdk.internal.reflect.NativeConstructorAccessorImpl.newInstance(NativeConstructorAccessorImpl.java:62)
	at java.base/jdk.internal.reflect.DelegatingConstructorAccessorImpl.newInstance(DelegatingConstructorAccessorImpl.java:45)
	at java.base/java.lang.reflect.Constructor.newInstance(Constructor.java:490)
	at ptolemy.util.test.junit.AutoKnownFailedTests.RunModel(AutoKnownFailedTests.java:105)
	at java.base/jdk.internal.reflect.NativeMethodAccessorImpl.invoke0(Native Method)
	at java.base/jdk.internal.reflect.NativeMethodAccessorImpl.invoke(NativeMethodAccessorImpl.java:62)
	at java.base/jdk.internal.reflect.DelegatingMethodAccessorImpl.invoke(DelegatingMethodAccessorImpl.java:43)
	at java.base/java.lang.reflect.Method.invoke(Method.java:566)
	at org.junit.runners.model.FrameworkMethod$1.runReflectiveCall(FrameworkMethod.java:44)
	at org.junit.internal.runners.model.ReflectiveCallable.run(ReflectiveCallable.java:15)
	at org.junit.runners.model.FrameworkMethod.invokeExplosively(FrameworkMethod.java:41)
	at junitparams.internal.InvokeParameterisedMethod.evaluate(InvokeParameterisedMethod.java:102)
	at org.junit.internal.runners.statements.FailOnTimeout$1.run(FailOnTimeout.java:28)
Caused by: ptolemy.kernel.util.IllegalActionException: SubscriberPorts cannot be used at the top level, use a Subscriber actor instead.
  in .PublisherSubscriberPortToplevel.SubscriberPort
	at ptolemy.actor.SubscriberPort.preinitialize(SubscriberPort.java:328)
	at ptolemy.actor.CompositeActor.preinitialize(CompositeActor.java:1769)
	at ptolemy.actor.Manager.preinitializeAndResolveTypes(Manager.java:1040)
	at ptolemy.actor.Manager.initialize(Manager.java:710)
	at ptolemy.actor.Manager.execute(Manager.java:356)
	at ptolemy.actor.Manager.run(Manager.java:1263)
	at ptolemy.actor.Manager$PtolemyRunThread.run(Manager.java:1933)
java.lang.RuntimeException: Execution failed
	at ptolemy.moml.MoMLSimpleApplication$UnloadThread.run(MoMLSimpleApplication.java:402)
Caused by: ptolemy.kernel.util.IllegalActionException: SubscriptionAggregatorPorts cannot be used at the top level, use a SubscriptionAggregator actor instead.
  in .PublisherSubscriptionAggregatorPort.SubscriptionAggregatorPort
	at ptolemy.actor.SubscriptionAggregatorPort.preinitialize(SubscriptionAggregatorPort.java:353)
	at ptolemy.actor.CompositeActor.preinitialize(CompositeActor.java:1769)
	at ptolemy.actor.Manager.preinitializeAndResolveTypes(Manager.java:1040)
	at ptolemy.actor.Manager.initialize(Manager.java:710)
	at ptolemy.actor.Manager.execute(Manager.java:356)
	at ptolemy.actor.Manager.run(Manager.java:1263)
	at ptolemy.actor.Manager$PtolemyRunThread.run(Manager.java:1933)
java.lang.reflect.InvocationTargetException
	at java.base/jdk.internal.reflect.NativeConstructorAccessorImpl.newInstance0(Native Method)
	at java.base/jdk.internal.reflect.NativeConstructorAccessorImpl.newInstance(NativeConstructorAccessorImpl.java:62)
	at java.base/jdk.internal.reflect.DelegatingConstructorAccessorImpl.newInstance(DelegatingConstructorAccessorImpl.java:45)
	at java.base/java.lang.reflect.Constructor.newInstance(Constructor.java:490)
	at ptolemy.util.test.junit.AutoKnownFailedTests.RunModel(AutoKnownFailedTests.java:105)
	at java.base/jdk.internal.reflect.NativeMethodAccessorImpl.invoke0(Native Method)
	at java.base/jdk.internal.reflect.NativeMethodAccessorImpl.invoke(NativeMethodAccessorImpl.java:62)
	at java.base/jdk.internal.reflect.DelegatingMethodAccessorImpl.invoke(DelegatingMethodAccessorImpl.java:43)
	at java.base/java.lang.reflect.Method.invoke(Method.java:566)
	at org.junit.runners.model.FrameworkMethod$1.runReflectiveCall(FrameworkMethod.java:44)
	at org.junit.internal.runners.model.ReflectiveCallable.run(ReflectiveCallable.java:15)
	at org.junit.runners.model.FrameworkMethod.invokeExplosively(FrameworkMethod.java:41)
	at junitparams.internal.InvokeParameterisedMethod.evaluate(InvokeParameterisedMethod.java:102)
	at org.junit.internal.runners.statements.FailOnTimeout$1.run(FailOnTimeout.java:28)
Caused by: ptolemy.kernel.util.IllegalActionException: SubscriptionAggregatorPorts cannot be used at the top level, use a SubscriptionAggregator actor instead.
  in .PublisherSubscriptionAggregatorPort.SubscriptionAggregatorPort
	at ptolemy.actor.SubscriptionAggregatorPort.preinitialize(SubscriptionAggregatorPort.java:353)
	at ptolemy.actor.CompositeActor.preinitialize(CompositeActor.java:1769)
	at ptolemy.actor.Manager.preinitializeAndResolveTypes(Manager.java:1040)
	at ptolemy.actor.Manager.initialize(Manager.java:710)
	at ptolemy.actor.Manager.execute(Manager.java:356)
	at ptolemy.actor.Manager.run(Manager.java:1263)
	at ptolemy.actor.Manager$PtolemyRunThread.run(Manager.java:1933)
java.lang.RuntimeException: Execution failed
	at ptolemy.moml.MoMLSimpleApplication$UnloadThread.run(MoMLSimpleApplication.java:402)
Caused by: ptolemy.kernel.util.IllegalActionException: TypeTest actor has no training data.
  in .sizedarray3.TypeTest
	at ptolemy.actor.lib.TypeTest.initialize(TypeTest.java:250)
	at ptolemy.actor.Director.initialize(Director.java:938)
	at ptolemy.actor.Director.initialize(Director.java:907)
	at ptolemy.actor.sched.StaticSchedulingDirector.initialize(StaticSchedulingDirector.java:159)
	at ptolemy.domains.sdf.kernel.SDFDirector.initialize(SDFDirector.java:544)
	at ptolemy.actor.CompositeActor.initialize(CompositeActor.java:935)
	at ptolemy.actor.Manager.initialize(Manager.java:724)
	at ptolemy.actor.Manager.execute(Manager.java:356)
	at ptolemy.actor.Manager.run(Manager.java:1263)
	at ptolemy.actor.Manager$PtolemyRunThread.run(Manager.java:1933)
java.lang.reflect.InvocationTargetException
	at java.base/jdk.internal.reflect.NativeConstructorAccessorImpl.newInstance0(Native Method)
	at java.base/jdk.internal.reflect.NativeConstructorAccessorImpl.newInstance(NativeConstructorAccessorImpl.java:62)
	at java.base/jdk.internal.reflect.DelegatingConstructorAccessorImpl.newInstance(DelegatingConstructorAccessorImpl.java:45)
	at java.base/java.lang.reflect.Constructor.newInstance(Constructor.java:490)
	at ptolemy.util.test.junit.AutoKnownFailedTests.RunModel(AutoKnownFailedTests.java:105)
	at java.base/jdk.internal.reflect.NativeMethodAccessorImpl.invoke0(Native Method)
	at java.base/jdk.internal.reflect.NativeMethodAccessorImpl.invoke(NativeMethodAccessorImpl.java:62)
	at java.base/jdk.internal.reflect.DelegatingMethodAccessorImpl.invoke(DelegatingMethodAccessorImpl.java:43)
	at java.base/java.lang.reflect.Method.invoke(Method.java:566)
	at org.junit.runners.model.FrameworkMethod$1.runReflectiveCall(FrameworkMethod.java:44)
	at org.junit.internal.runners.model.ReflectiveCallable.run(ReflectiveCallable.java:15)
	at org.junit.runners.model.FrameworkMethod.invokeExplosively(FrameworkMethod.java:41)
	at junitparams.internal.InvokeParameterisedMethod.evaluate(InvokeParameterisedMethod.java:102)
	at org.junit.internal.runners.statements.FailOnTimeout$1.run(FailOnTimeout.java:28)
Caused by: ptolemy.kernel.util.IllegalActionException: TypeTest actor has no training data.
  in .sizedarray3.TypeTest
	at ptolemy.actor.lib.TypeTest.initialize(TypeTest.java:250)
	at ptolemy.actor.Director.initialize(Director.java:938)
	at ptolemy.actor.Director.initialize(Director.java:907)
	at ptolemy.actor.sched.StaticSchedulingDirector.initialize(StaticSchedulingDirector.java:159)
	at ptolemy.domains.sdf.kernel.SDFDirector.initialize(SDFDirector.java:544)
	at ptolemy.actor.CompositeActor.initialize(CompositeActor.java:935)
	at ptolemy.actor.Manager.initialize(Manager.java:724)
	at ptolemy.actor.Manager.execute(Manager.java:356)
	at ptolemy.actor.Manager.run(Manager.java:1263)
	at ptolemy.actor.Manager$PtolemyRunThread.run(Manager.java:1933)
java.lang.RuntimeException: Execution failed
	at ptolemy.moml.MoMLSimpleApplication$UnloadThread.run(MoMLSimpleApplication.java:402)
Caused by: ptolemy.kernel.util.IllegalActionException: Test fails in iteration 0.
Value was: 6001L. Should have been: 6000L
  in .ExecutionTimeSDF.NonStrictTest
	at ptolemy.actor.lib.NonStrictTest.postfire(NonStrictTest.java:328)
	at ptolemy.actor.AtomicActor.iterate(AtomicActor.java:518)
	at ptolemy.actor.sched.StaticSchedulingDirector.fire(StaticSchedulingDirector.java:216)
	at ptolemy.domains.sdf.kernel.SDFDirector.fire(SDFDirector.java:500)
	at ptolemy.actor.CompositeActor.fire(CompositeActor.java:455)
	at ptolemy.actor.Manager.iterate(Manager.java:851)
	at ptolemy.actor.Manager.execute(Manager.java:369)
	at ptolemy.actor.Manager.run(Manager.java:1263)
	at ptolemy.actor.Manager$PtolemyRunThread.run(Manager.java:1933)
]]></system-err>
</testsuite>
