<?xml version="1.0" encoding="UTF-8" ?>
<testsuite errors="0" failures="0" hostname="travis-job-753af3c1-e180-4a79-a67b-4a18ea0e3542" name="ptolemy.actor.lib.test.junit.JUnitTclTest" skipped="0" tests="517" time="60.014" timestamp="2020-03-24T13:35:42">
  <properties>
    <property name="npm.executable" value="npm" />
    <property name="env.TRAVIS_ROOT" value="/" />
    <property name="ptII.mk.exists" value="true" />
    <property name="env.TRAVIS_APP_HOST" value="build.travis-ci.org" />
    <property name="env.rvm_bin_path" value="/home/travis/.rvm/bin" />
    <property name="java.home" value="/usr/local/lib/jvm/openjdk11" />
    <property name="env.TRAVIS_JOB_NUMBER" value="1580.8" />
    <property name="env.TRAVIS_HOME" value="/home/travis" />
    <property name="env.DISPLAY" value=":99.0" />
    <property name="env.TRAVIS_INIT" value="systemd" />
    <property name="env.SSH_TTY" value="/dev/pts/0" />
    <property name="java.net.preferIPv4Stack" value="true" />
    <property name="env.RUN_TESTS" value="true" />
    <property name="timeout.short" value="1000000" />
    <property name="junit.formatter" value="xml" />
    <property name="env.TRAVIS_SUDO" value="true" />
    <property name="env.TRAVIS_JOB_NAME" value="" />
    <property name="env.TRAVIS_STACK_NODE_ATTRIBUTES" value="/.node-attributes.yml" />
    <property name="env.LOGNAME" value="travis" />
    <property name="env.PT_TRAVIS_TEST_CORE1_XML" value="true" />
    <property name="jsdoc.home" value="node_modules/@terraswarm/jsdoc" />
    <property name="debuglevel" value="source,lines,vars" />
    <property name="checkstyle.formatter" value="xml" />
    <property name="env._system_version" value="16.04" />
    <property name="bin.vergil.makeable" value="true" />
    <property name="sun.os.patch.level" value="unknown" />
    <property name="java.vendor.url" value="http://java.oracle.com/" />
    <property name="env.TRAVIS_BUILD_WEB_URL" value="https://travis-ci.org/icyphy/ptII/builds/666321359" />
    <property name="java.version" value="11.0.2" />
    <property name="env.TZ" value="UTC" />
    <property name="env.TRAVIS_PULL_REQUEST_SHA" value="" />
    <property name="env.PT_NO_NET" value="true" />
    <property name="env.TRAVIS_SECURE_ENV_VARS" value="true" />
    <property name="env._system_type" value="Linux" />
    <property name="java.vendor.url.bug" value="http://bugreport.java.com/bugreport/" />
    <property name="npmjs-org-is-up" value="true" />
    <property name="env.LANGUAGE" value="en_US.UTF-8" />
    <property name="env.SSH_CLIENT" value="10.16.5.81 50328 22" />
    <property name="env.GEM_HOME" value="/home/travis/.rvm/gems/ruby-2.5.3" />
    <property name="env.HAS_ANTARES_THREE_LITTLE_FRONZIES_BADGE" value="true" />
    <property name="java.version.date" value="2019-01-15" />
    <property name="env.PS4" value="+" />
    <property name="ant.project.invoked-targets" value="build,test.core1.xml" />
    <property name="env.TRAVIS_PULL_REQUEST_BRANCH" value="" />
    <property name="env.TRAVIS_REPO_SLUG" value="icyphy/ptII" />
    <property name="env.XDG_DATA_DIRS" value="/usr/local/share:/usr/share:/var/lib/snapd/desktop" />
    <property name="jdk.debug" value="release" />
    <property name="env.TRAVIS_APT_PROXY" value="http://build-cache.travisci.net" />
    <property name="env.TRAVIS_CPU_ARCH" value="amd64" />
    <property name="node.in.path" value="true" />
    <property name="user.name" value="travis" />
    <property name="java.maxmemory" value="1400m" />
    <property name="env.RUBY_VERSION" value="ruby-2.5.3" />
    <property name="env.LANG" value="en_US.UTF-8" />
    <property name="sun.io.unicode.encoding" value="UnicodeLittle" />
    <property name="sun.jnu.encoding" value="UTF-8" />
    <property name="java.runtime.name" value="OpenJDK Runtime Environment" />
    <property name="usefile" value="false" />
    <property name="return.code" value="0" />
    <property name="junit.single.formatter" value="plain" />
    <property name="env.DYLD_LIBRARY_PATH" value="/home/travis/pthla/certi-tools/lib:" />
    <property name="env.DEBIAN_FRONTEND" value="noninteractive" />
    <property name="env.SSH_CONNECTION" value="10.16.5.81 50328 10.20.0.115 22" />
    <property name="env.MYSQL_UNIX_PORT" value="/var/run/mysqld/mysqld.sock" />
    <property name="env.LC_ALL" value="en_US.UTF-8" />
    <property name="env.TRAVIS_ALLOW_FAILURE" value="" />
    <property name="env.TRAVIS_JOB_WEB_URL" value="https://travis-ci.org/icyphy/ptII/jobs/666321369" />
    <property name="java.specification.name" value="Java Platform API Specification" />
    <property name="node.works" value="true" />
    <property name="user.timezone" value="" />
    <property name="path.separator" value=":" />
    <property name="env.TRAVIS_ENABLE_INFRA_DETECTION" value="true" />
    <property name="env.PYTHON_CFLAGS" value="-g -fstack-protector --param=ssp-buffer-size=4 -Wformat -Werror=format-security" />
    <property name="timeout.long" value="4000000" />
    <property name="env.CERTI_HOME" value="/home/travis/pthla/certi-tools" />
    <property name="ant.file.ptII" value="/home/travis/build/icyphy/ptII/build.xml" />
    <property name="javadoc.packagenames" value="com.*,diva.*,lbnl.*,org.hlacerti.*,org.json.*,org.ptolemy.*,org.terraswarm.*,ptolemy.*,ptserver.*" />
    <property name="file.encoding" value="UTF-8" />
    <property name="env.TRAVIS_PULL_REQUEST_SLUG" value="" />
    <property name="ant.project.default-target" value="build" />
    <property name="env.GIT_ASKPASS" value="echo" />
    <property name="env.HOME" value="/home/travis" />
    <property name="sun.java.command" value="org.apache.tools.ant.taskdefs.optional.junit.JUnitTestRunner ptolemy.actor.lib.test.junit.JUnitTclTest skipNonTests=false filtertrace=true haltOnError=false haltOnFailure=false formatter=org.apache.tools.ant.taskdefs.optional.junit.OutErrSummaryJUnitResultFormatter showoutput=true outputtoformatters=true logfailedtests=true threadid=0 logtestlistenerevents=false formatter=org.apache.tools.ant.taskdefs.optional.junit.XMLJUnitResultFormatter,/home/travis/build/icyphy/ptII/reports/junit/TEST-ptolemy.actor.lib.test.junit.JUnitTclTest.xml crashfile=/home/travis/build/icyphy/ptII/junitvmwatcher9413430391057781012.properties propsfile=/home/travis/build/icyphy/ptII/junit9980930674143512293.properties" />
    <property name="env.COMPOSER_NO_INTERACTION" value="1" />
    <property name="env.MANPATH" value="/home/travis/.nvm/versions/node/v7.10.1/share/man:/home/travis/.rvm/rubies/ruby-2.5.3/share/man:/usr/local/cmake-3.12.4/man:/usr/local/clang-7.0.0/share/man:/usr/local/man:/usr/local/share/man:/usr/share/man:/home/travis/.rvm/man" />
    <property name="env.TRAVIS_TIMER_ID" value="03734f3a" />
    <property name="ant.file" value="/home/travis/build/icyphy/ptII/build.xml" />
    <property name="env.TRAVIS_COMMIT_RANGE" value="3e950cfe0f3c004454147d0a7dfedd7f8d8e77cc...52bfcaaec950ad6b43d11ffdb9cd3f924b0c1f76" />
    <property name="env._system_name" value="Ubuntu" />
    <property name="ptII.classpath.optional.property" value="/home/travis/build/icyphy/ptII/lib/bsh-2.0b4.jar:/home/travis/build/icyphy/ptII/lib/ptCal.jar:/home/travis/build/icyphy/ptII/lib/java_cup.jar:/home/travis/build/icyphy/ptII/lib/saxon8.jar:/home/travis/build/icyphy/ptII/lib/saxon8-dom.jar:/home/travis/build/icyphy/ptII/lib/chic.jar:/home/travis/build/icyphy/ptII/lib/ptcolt.jar:/home/travis/build/icyphy/ptII/vendors/misc/itext/iText.jar:/home/travis/build/icyphy/ptII/lib/g4ltl.jar:/home/travis/build/icyphy/ptII/lib/StructuralCoder.jar:/home/travis/build/icyphy/ptII/lib/jcerti.jar:/home/travis/build/icyphy/ptII/lib/javax.mail.jar:/home/travis/build/icyphy/ptII/vendors/JMF-2.1.1e/lib/jmf.jar:/home/travis/build/icyphy/ptII/lib/jna-4.0.0-variadic.jar:/home/travis/build/icyphy/ptII/vendors/misc/joystick/Joystick.jar:/home/travis/build/icyphy/ptII/lib/ptjacl.jar:/home/travis/build/icyphy/ptII/lib/jsoup-1.8.2.jar:/home/travis/build/icyphy/ptII/lib/junit-4.8.2.jar:/home/travis/build/icyphy/ptII/lib/JUnitParams-0.4.0.jar:/home/travis/build/icyphy/ptII/ptolemy/actor/lib/excel/jxl.jar:/home/travis/build/icyphy/ptII/lib/jython.jar:/home/travis/build/icyphy/ptII/lib/kieler.jar:/home/travis/build/icyphy/ptII/vendors/opencv/share/OpenCV/java/opencv-341.jar:/home/travis/build/icyphy/ptII/lib/oscP5.jar:/home/travis/build/icyphy/ptII/lib/nrjavaserial-3.11.0.devel.jar:/home/travis/build/icyphy/ptII/vendors/j3d/lib/Linux/j3dcore.jar:/home/travis/build/icyphy/ptII/vendors/j3d/lib/Linux/j3dutils.jar:/home/travis/build/icyphy/ptII/vendors/j3d/lib/Linux/vecmath.jar:/home/travis/build/icyphy/ptII/vendors/jogl/lib/Linux/gluegen-rt-natives-linux-amd64.jar:/home/travis/build/icyphy/ptII/vendors/jogl/lib/Linux/gluegen-rt.jar:/home/travis/build/icyphy/ptII/vendors/jogl/lib/Linux/jogl-all-natives-linux-amd64.jar:/home/travis/build/icyphy/ptII/vendors/jogl/lib/Linux/jogl-all.jar:/home/travis/build/icyphy/ptII/ptolemy/distributed/jini/jar/jini-core.jar:/home/travis/build/icyphy/ptII/ptolemy/distributed/jini/jar/jini-ext.jar:/home/travis/build/icyphy/ptII/ptolemy/distributed/jini/jar/sun-util.jar:/home/travis/build/icyphy/ptII/lib/protobuf-java-2.4.1.jar:/home/travis/build/icyphy/ptII/lib/org.eclipse.paho.client.mqttv3.jar:/home/travis/build/icyphy/ptII/lib/mapss.jar:/home/travis/build/icyphy/ptII/ptolemy/actor/ptalon/antlr/antlr.jar:/home/travis/build/icyphy/ptII/lib/JRI.jar:/home/travis/build/icyphy/ptII/lib/commons-lang-2.6.jar:/home/travis/build/icyphy/ptII/lib/commons-logging-1.1.1.jar:/home/travis/build/icyphy/ptII/lib/sootclasses.jar:/home/travis/build/icyphy/ptII/ptolemy/actor/lib/database/mysql-connector-java-5.1.6-bin.jar:/home/travis/build/icyphy/ptII/vendors/misc/sphinx4/sphinx4-data-5prealpha.jar:/home/travis/build/icyphy/ptII/vendors/misc/sphinx4/sphinx4-core-5prealpha.jar:/home/travis/build/icyphy/ptII/lib/PDFRenderer.jar:/home/travis/build/icyphy/ptII/lib/svgSalamander.jar:/home/travis/build/icyphy/ptII/lib/rsyntaxtextarea-2.6.0-SNAPSHOT.jar:/home/travis/build/icyphy/ptII/lib/hazelcast-3.8.2.jar:/home/travis/build/icyphy/ptII/lib/jackson-annotations-2.9.0.jar:/home/travis/build/icyphy/ptII/lib/jackson-core-2.9.3.jar:/home/travis/build/icyphy/ptII/lib/jackson-databind-2.9.3.jar:/home/travis/build/icyphy/ptII/lib/netty-buffer-4.1.19.Final.jar:/home/travis/build/icyphy/ptII/lib/netty-codec-4.1.19.Final.jar:/home/travis/build/icyphy/ptII/lib/netty-codec-dns-4.1.19.Final.jar:/home/travis/build/icyphy/ptII/lib/netty-codec-http-4.1.19.Final.jar:/home/travis/build/icyphy/ptII/lib/netty-codec-http2-4.1.19.Final.jar:/home/travis/build/icyphy/ptII/lib/netty-common-4.1.19.Final.jar:/home/travis/build/icyphy/ptII/lib/netty-handler-4.1.19.Final.jar:/home/travis/build/icyphy/ptII/lib/netty-resolver-4.1.19.Final.jar:/home/travis/build/icyphy/ptII/lib/netty-resolver-dns-4.1.19.Final.jar:/home/travis/build/icyphy/ptII/lib/netty-transport-4.1.19.Final.jar:/home/travis/build/icyphy/ptII/lib/vertx-codegen-3.5.1.jar:/home/travis/build/icyphy/ptII/lib/vertx-core-3.5.2-SNAPSHOT.jar:/home/travis/build/icyphy/ptII/lib/vertx-hazelcast-3.5.1.jar:/home/travis/build/icyphy/ptII/lib/vertx-lang-js-3.5.1.jar:/home/travis/build/icyphy/ptII/lib/vertx-service-proxy-3.5.1.jar:/home/travis/build/icyphy/ptII/lib/vertx-web-3.5.1.jar:/home/travis/build/icyphy/ptII/lib/slf4j-api-1.7.13.jar:/home/travis/build/icyphy/ptII/lib/slf4j-simple-1.7.13.jar:/home/travis/build/icyphy/ptII/lib/webcam-capture-0.3.12.jar:/home/travis/build/icyphy/ptII/lib/bridj-0.7.0.jar:/home/travis/build/icyphy/ptII/lib/xbjlib-1.1.0.nrjavaserial.jar" />
    <property name="timeout" value="2400000" />
    <property name="test.batch" value="**/junit/*.java" />
    <property name="env._" value="/usr/bin/timeout" />
    <property name="java.io.tmpdir" value="/tmp" />
    <property name="user.language" value="en" />
    <property name="env.TRAVIS_INTERNAL_RUBY_REGEX" value="^ruby-(2\.[0-4]\.[0-9]|1\.9\.3)" />
    <property name="env.HISTCONTROL" value="ignoredups:ignorespace" />
    <property name="env.GOROOT" value="/home/travis/.gimme/versions/go1.11.1.linux.amd64" />
    <property name="line.separator" value="&#xa;" />
    <property name="target" value="11" />
    <property name="env.TRAVIS_BUILD_DIR" value="/home/travis/build/icyphy/ptII" />
    <property name="env.ANT_OPTS" value="-Xmx2048m" />
    <property name="ant.file.type" value="file" />
    <property name="ptolemy.ptII.batchMode" value="true" />
    <property name="env.HISTSIZE" value="1000" />
    <property name="env.MERB_ENV" value="test" />
    <property name="java.vm.info" value="mixed mode" />
    <property name="source" value="11" />
    <property name="java.vm.specification.name" value="Java Virtual Machine Specification" />
    <property name="env.TRAVIS_TEST_RESULT" value="0" />
    <property name="jsdoc.command" value="node_modules/@terraswarm/jsdoc/jsdoc.js" />
    <property name="npm.works" value="true" />
    <property name="cobertura.dir" value="/home/travis/build/icyphy/ptII/vendors/cobertura-2.0.3" />
    <property name="jsdoc.command.exists" value="true" />
    <property name="env.rvm_path" value="/home/travis/.rvm" />
    <property name="env.GEM_PATH" value="/home/travis/.rvm/gems/ruby-2.5.3:/home/travis/.rvm/gems/ruby-2.5.3@global" />
    <property name="env.LC_CTYPE" value="en_US.UTF-8" />
    <property name="env.TRAVIS_CMD" value="$PTII/bin/ptIITravisBuild.sh $SECONDS" />
    <property name="java.awt.printerjob" value="sun.print.PSPrinterJob" />
    <property name="env.TRAVIS_STACK_NAME" value="sardonyx" />
    <property name="env.TRAVIS_TIMER_START_TIME" value="1585056349997040458" />
    <property name="ant.version" value="Apache Ant(TM) version 1.10.1 compiled on February 2 2017" />
    <property name="ptII.reports" value="/home/travis/build/icyphy/ptII/reports" />
    <property name="env.TRAVIS_STACK_TIMESTAMP" value="2019-03-25 16:16:56 UTC" />
    <property name="ant.file.type.ptII" value="file" />
    <property name="env.RBENV_SHELL" value="bash" />
    <property name="os.name" value="Linux" />
    <property name="java.specification.vendor" value="Oracle Corporation" />
    <property name="env.rvm_version" value="1.29.7 (latest)" />
    <property name="env.TRAVIS_INFRA" value="unknown" />
    <property name="env.TERM" value="xterm" />
    <property name="java.vm.name" value="OpenJDK 64-Bit Server VM" />
    <property name="env.TRAVIS_BUILD_NUMBER" value="1580" />
    <property name="env.CI" value="true" />
    <property name="java.library.path" value="/home/travis/pthla/certi-tools/lib:/usr/lib/jni:/usr/local/share/OpenCV/java/:/usr/share/OpenCV/java::/usr/java/packages/lib:/usr/lib64:/lib64:/lib:/usr/lib" />
    <property name="jdk.module.path" value="/home/travis/build/icyphy/ptII/vendors/javafx/javafx-sdk-11.0.2/lib:" />
    <property name="env.rvm_prefix" value="/home/travis" />
    <property name="env.PATH" value="/home/travis/pthla/certi-tools/share/scripts:/home/travis/.rvm/gems/ruby-2.5.3/bin:/home/travis/.rvm/gems/ruby-2.5.3@global/bin:/home/travis/.rvm/rubies/ruby-2.5.3/bin:/home/travis/.rvm/bin:/home/travis/.nvm/versions/node/v7.10.1/bin:./node_modules/.bin:/home/travis/build/icyphy/ptII/bin:/home/travis/pthla/certi-tools/bin:/home/travis/bin:/home/travis/.local/bin:/usr/local/lib/jvm/openjdk11/bin:/opt/pyenv/shims:/home/travis/.phpenv/shims:/home/travis/perl5/perlbrew/bin:/home/travis/gopath/bin:/home/travis/.gimme/versions/go1.11.1.linux.amd64/bin:/usr/local/maven-3.6.0/bin:/usr/local/cmake-3.12.4/bin:/usr/local/clang-7.0.0/bin:/usr/local/sbin:/usr/local/bin:/usr/sbin:/usr/bin:/sbin:/bin:/snap/bin:/home/travis/.phpenv/bin:/opt/pyenv/bin:/home/travis/.yarn/bin" />
    <property name="env.TRAVIS_OS_NAME" value="linux" />
    <property name="ant.java.version" value="9" />
    <property name="basedir" value="/home/travis/build/icyphy/ptII" />
    <property name="java.class.version" value="55.0" />
    <property name="env.SHLVL" value="3" />
    <property name="env.LD_LIBRARY_PATH" value="/home/travis/pthla/certi-tools/lib:/usr/lib/jni:/usr/local/share/OpenCV/java/:/usr/share/OpenCV/java:" />
    <property name="env.RACK_ENV" value="test" />
    <property name="ant.home" value="/home/travis/build/icyphy/ptII/ant" />
    <property name="env.NVM_DIR" value="/home/travis/.nvm" />
    <property name="env.CERTI_FOM_PATH" value="/home/travis/pthla/certi-tools/share/federations" />
    <property name="env.TRAVIS_BUILD_ID" value="666321359" />
    <property name="env.PYENV_ROOT" value="/opt/pyenv" />
    <property name="env.TRAVIS_UID" value="2000" />
    <property name="prism.verbose" value="true" />
    <property name="env.NVM_BIN" value="/home/travis/.nvm/versions/node/v7.10.1/bin" />
    <property name="env.TRAVIS_COMMIT" value="52bfcaaec950ad6b43d11ffdb9cd3f924b0c1f76" />
    <property name="env._system_arch" value="x86_64" />
    <property name="node.executable" value="node" />
    <property name="sun.boot.library.path" value="/usr/local/lib/jvm/openjdk11/lib" />
    <property name="sun.management.compiler" value="HotSpot 64-Bit Tiered Compilers" />
    <property name="java.awt.graphicsenv" value="sun.awt.X11GraphicsEnvironment" />
    <property name="env.GOPATH" value="/home/travis/gopath" />
    <property name="ptolemy.ptII.dir" value="/home/travis/build/icyphy/ptII" />
    <property name="env.USER" value="travis" />
    <property name="env.HISTFILESIZE" value="2000" />
    <property name="env.NVM_INC" value="/home/travis/.nvm/versions/node/v7.10.1/include/node" />
    <property name="timeout.longest" value="19000000" />
    <property name="env.PERLBREW_SHELLRC_VERSION" value="0.86" />
    <property name="env.TRAVIS_STACK_FEATURES" value="basic couchdb disabled-ipv6 docker docker-compose elasticsearch firefox go-toolchain google-chrome jdk memcached mongodb mysql nodejs_interpreter perl_interpreter perlbrew phantomjs postgresql python_interpreter redis ruby_interpreter sqlite xserver" />
    <property name="env.TRAVIS_PULL_REQUEST" value="false" />
    <property name="env.PYENV_SHELL" value="bash" />
    <property name="ant.project.name" value="ptII" />
    <property name="env.ANSI_RESET" value="\033[0m" />
    <property name="java.vm.specification.version" value="11" />
    <property name="env.TRAVIS_DIST" value="xenial" />
    <property name="env.CERTI_VERSION" value="4.0.0" />
    <property name="env.CERTI_HOST" value="localhost" />
    <property name="awt.toolkit" value="sun.awt.X11.XToolkit" />
    <property name="env.MY_RUBY_HOME" value="/home/travis/.rvm/rubies/ruby-2.5.3" />
    <property name="sun.cpu.isalist" value="" />
    <property name="env.TRAVIS_TMPDIR" value="/tmp/tmp.hQZV5O68QT" />
    <property name="java.vm.compressedOopsMode" value="Zero based" />
    <property name="os.version" value="4.15.0-1028-gcp" />
    <property name="user.home" value="/home/travis" />
    <property name="java.vm.vendor" value="Oracle Corporation" />
    <property name="env.TRAVIS_TAG" value="nightly" />
    <property name="env.ANSI_YELLOW" value="\033[33;1m" />
    <property name="env.TRAVIS_FILTERED" value="redirect_io" />
    <property name="env.ANSI_GREEN" value="\033[32;1m" />
    <property name="env.JAVA_HOME" value="/usr/local/lib/jvm/openjdk11" />
    <property name="javadoc.excludepackagenames" value="adm.cvs2svn.*,build.*,config.*,doc.coding.templates.*,jni.test.jni.meaningOfLife.*,jni.test.jni.testDeux.*,jni.test.jni.testTrois.*,org.terraswarm.accessor.accessors.web.node_modules.*,org.terraswarm.accessor.accessors.web.hosts.cordova.demo.*,org.terraswarm.accessor.accessors.web.hosts.cordova.plugins.*,org.terraswarm.accessor.accessors-svn.*,pt-modules.*,ptolemy.apps.agilent.*,ptolemy.apps.anytimecontrol.*,ptolemy.apps.apes.*,ptolemy.apps.charon.*,ptolemy.apps.crazyboard.*,ptolemy.apps.eclipse.*,ptolemy.apps.etherealSting.*,ptolemy.apps.fullscreen.*,ptolemy.apps.giotto.*,ptolemy.apps.ia.*,ptolemy.apps.interfaces.*,ptolemy.apps.jmf.*,ptolemy.apps.kurt.*,ptolemy.apps.kvm.*,ptolemy.apps.lego.*,ptolemy.apps.lejos.*,ptolemy.apps.midp.*,ptolemy.apps.mobileCoding.*,ptolemy.apps.pendulum.*,ptolemy.apps.rijndael.*,ptolemy.apps.robot.*,ptolemy.apps.security.*,ptolemy.apps.sobel.*,ptolemy.apps.soot.*,ptolemy.apps.throttle.*,ptolemy.apps.tini.*,ptolemy.apps.transmission.*,ptolemy.apps.vergil.*,ptolemy.apps.waba.*,ptolemy.apps.websensor.*,ptolemy.apps.webstart.*,ptolemy.apps.xsl.*,ptolemy.apps.zaurus.*,ptolemy.codegen.c.actor.lib.oldJavaFiles.*,ptolemy.codegen.dsp.lib.*,ptolemy.codegen.kernel.newInterfaces.*,ptolemy.codegen.lib.*,ptolemy.copernicus.kernel.fragment.*,ptolemy.copernicus.shallow.cg.*,ptolemy.domains.giotto.demo.Hierarchy.Hierarchy.*,ptolemy.domains.giotto.demo.Multimode.Multimode.*,ptolemy.domains.giotto.demo.Simple.Simple.*,ptolemy.domains.gr.lib.experimental.*,ptolemy.domains.gro.*,ptolemy.domains.pdf.*,ptolemy.domains.ptinyos.demo.Surge.output.*,ptolemy.moml.test.NoPackageActor.java*,ptolemy.plot.adm.*,ptolemy.plot.servlet.*,reports.*,signed.*,src.*,target.*,vendors.*,ptolemy.copernicus.applet.*,ptolemy.media.viewer.*,ptolemy.actor.corba.*,doc.doclets.*,ptolemy.apps.eclipse.awt.*,ptolemy.backtrack.*,ptolemy.backtrack.ast.*,ptolemy.cg.adapter.generic.program.procedural.c.mbed*,ptolemy.homer.*,ptolemy.actor.lib.jai.*,org.ptolemy.scala.*,diva.util.java2d.svg.*,ptolemy.domains.ptinyos.*,ptolemy.actor.lib.fmi.fmipp.*,,org.terraswarm.accessor.accessors.web.node_modules.*,org.terraswarm.accessor.accessors-svn,ptolemy.apps.*,ptolemy.actor.ptalon.demo.ptinyos.SendAndReceiveCnt.output,ptolemy.actor.ptalon.demo.ptinyos.SenseToLeds.output,ptolemy.domains.ptinyos.demo.CntToLedsAndRfm.output,ptolemy.domains.ptinyos.demo.RfmToLeds.output,ptolemy.domains.ptinyos.demo.SendAndReceiveCnt.output,ptolemy.domains.ptinyos.demo.SenseToLeds.output,ptolemy.actor.lib.jjs.modules.udpSocket.*" />
    <property name="env.PTII" value="/home/travis/build/icyphy/ptII" />
    <property name="env.XDG_SESSION_ID" value="2" />
    <property name="keystore" value="ptKeystore" />
    <property name="env.TRAVIS_COMMIT_MESSAGE" value="Updating models using array data type." />
    <property name="junit.output.dir" value="/home/travis/build/icyphy/ptII/reports/junit" />
    <property name="npm.return.code" value="0" />
    <property name="user.dir" value="/home/travis/build/icyphy/ptII/ptolemy/actor/lib/test" />
    <property name="env.TRAVIS_NODE_VERSION" value="7" />
    <property name="env.TRAVIS_EVENT_TYPE" value="cron" />
    <property name="env.MAIL" value="/var/mail/travis" />
    <property name="env.PERLBREW_ROOT" value="/home/travis/perl5/perlbrew" />
    <property name="env.PWD" value="/home/travis/build/icyphy/ptII" />
    <property name="timeout.npm" value="45000" />
    <property name="env.TRAVIS_ARCH" value="amd64" />
    <property name="sun.cpu.endian" value="little" />
    <property name="env.PAGER" value="cat" />
    <property name="env.TRAVIS_BUILD_STAGE_NAME" value="test" />
    <property name="env.PERLBREW_HOME" value="/home/travis/.perlbrew" />
    <property name="java.vm.version" value="11.0.2+9" />
    <property name="env.RAILS_ENV" value="test" />
    <property name="java.class.path" value="/home/travis/.ptolemyII:/home/travis/.ptolemyII/*:/home/travis/build/icyphy/ptII:/home/travis/build/icyphy/ptII/lib/bsh-2.0b4.jar:/home/travis/build/icyphy/ptII/lib/ptCal.jar:/home/travis/build/icyphy/ptII/lib/java_cup.jar:/home/travis/build/icyphy/ptII/lib/saxon8.jar:/home/travis/build/icyphy/ptII/lib/saxon8-dom.jar:/home/travis/build/icyphy/ptII/lib/chic.jar:/home/travis/build/icyphy/ptII/lib/ptcolt.jar:/home/travis/build/icyphy/ptII/vendors/misc/itext/iText.jar:/home/travis/build/icyphy/ptII/lib/g4ltl.jar:/home/travis/build/icyphy/ptII/lib/StructuralCoder.jar:/home/travis/build/icyphy/ptII/lib/jcerti.jar:/home/travis/build/icyphy/ptII/lib/javax.mail.jar:/home/travis/build/icyphy/ptII/vendors/JMF-2.1.1e/lib/jmf.jar:/home/travis/build/icyphy/ptII/lib/jna-4.0.0-variadic.jar:/home/travis/build/icyphy/ptII/vendors/misc/joystick/Joystick.jar:/home/travis/build/icyphy/ptII/lib/ptjacl.jar:/home/travis/build/icyphy/ptII/lib/jsoup-1.8.2.jar:/home/travis/build/icyphy/ptII/lib/junit-4.8.2.jar:/home/travis/build/icyphy/ptII/lib/JUnitParams-0.4.0.jar:/home/travis/build/icyphy/ptII/ptolemy/actor/lib/excel/jxl.jar:/home/travis/build/icyphy/ptII/lib/jython.jar:/home/travis/build/icyphy/ptII/lib/kieler.jar:/home/travis/build/icyphy/ptII/vendors/opencv/share/OpenCV/java/opencv-341.jar:/home/travis/build/icyphy/ptII/lib/oscP5.jar:/home/travis/build/icyphy/ptII/lib/nrjavaserial-3.11.0.devel.jar:/home/travis/build/icyphy/ptII/vendors/j3d/lib/Linux/j3dcore.jar:/home/travis/build/icyphy/ptII/vendors/j3d/lib/Linux/j3dutils.jar:/home/travis/build/icyphy/ptII/vendors/j3d/lib/Linux/vecmath.jar:/home/travis/build/icyphy/ptII/vendors/jogl/lib/Linux/gluegen-rt-natives-linux-amd64.jar:/home/travis/build/icyphy/ptII/vendors/jogl/lib/Linux/gluegen-rt.jar:/home/travis/build/icyphy/ptII/vendors/jogl/lib/Linux/jogl-all-natives-linux-amd64.jar:/home/travis/build/icyphy/ptII/vendors/jogl/lib/Linux/jogl-all.jar:/home/travis/build/icyphy/ptII/ptolemy/distributed/jini/jar/jini-core.jar:/home/travis/build/icyphy/ptII/ptolemy/distributed/jini/jar/jini-ext.jar:/home/travis/build/icyphy/ptII/ptolemy/distributed/jini/jar/sun-util.jar:/home/travis/build/icyphy/ptII/lib/protobuf-java-2.4.1.jar:/home/travis/build/icyphy/ptII/lib/org.eclipse.paho.client.mqttv3.jar:/home/travis/build/icyphy/ptII/lib/mapss.jar:/home/travis/build/icyphy/ptII/ptolemy/actor/ptalon/antlr/antlr.jar:/home/travis/build/icyphy/ptII/lib/JRI.jar:/home/travis/build/icyphy/ptII/lib/commons-lang-2.6.jar:/home/travis/build/icyphy/ptII/lib/commons-logging-1.1.1.jar:/home/travis/build/icyphy/ptII/lib/sootclasses.jar:/home/travis/build/icyphy/ptII/ptolemy/actor/lib/database/mysql-connector-java-5.1.6-bin.jar:/home/travis/build/icyphy/ptII/vendors/misc/sphinx4/sphinx4-data-5prealpha.jar:/home/travis/build/icyphy/ptII/vendors/misc/sphinx4/sphinx4-core-5prealpha.jar:/home/travis/build/icyphy/ptII/lib/PDFRenderer.jar:/home/travis/build/icyphy/ptII/lib/svgSalamander.jar:/home/travis/build/icyphy/ptII/lib/rsyntaxtextarea-2.6.0-SNAPSHOT.jar:/home/travis/build/icyphy/ptII/lib/hazelcast-3.8.2.jar:/home/travis/build/icyphy/ptII/lib/jackson-annotations-2.9.0.jar:/home/travis/build/icyphy/ptII/lib/jackson-core-2.9.3.jar:/home/travis/build/icyphy/ptII/lib/jackson-databind-2.9.3.jar:/home/travis/build/icyphy/ptII/lib/netty-buffer-4.1.19.Final.jar:/home/travis/build/icyphy/ptII/lib/netty-codec-4.1.19.Final.jar:/home/travis/build/icyphy/ptII/lib/netty-codec-dns-4.1.19.Final.jar:/home/travis/build/icyphy/ptII/lib/netty-codec-http-4.1.19.Final.jar:/home/travis/build/icyphy/ptII/lib/netty-codec-http2-4.1.19.Final.jar:/home/travis/build/icyphy/ptII/lib/netty-common-4.1.19.Final.jar:/home/travis/build/icyphy/ptII/lib/netty-handler-4.1.19.Final.jar:/home/travis/build/icyphy/ptII/lib/netty-resolver-4.1.19.Final.jar:/home/travis/build/icyphy/ptII/lib/netty-resolver-dns-4.1.19.Final.jar:/home/travis/build/icyphy/ptII/lib/netty-transport-4.1.19.Final.jar:/home/travis/build/icyphy/ptII/lib/vertx-codegen-3.5.1.jar:/home/travis/build/icyphy/ptII/lib/vertx-core-3.5.2-SNAPSHOT.jar:/home/travis/build/icyphy/ptII/lib/vertx-hazelcast-3.5.1.jar:/home/travis/build/icyphy/ptII/lib/vertx-lang-js-3.5.1.jar:/home/travis/build/icyphy/ptII/lib/vertx-service-proxy-3.5.1.jar:/home/travis/build/icyphy/ptII/lib/vertx-web-3.5.1.jar:/home/travis/build/icyphy/ptII/lib/slf4j-api-1.7.13.jar:/home/travis/build/icyphy/ptII/lib/slf4j-simple-1.7.13.jar:/home/travis/build/icyphy/ptII/lib/webcam-capture-0.3.12.jar:/home/travis/build/icyphy/ptII/lib/bridj-0.7.0.jar:/home/travis/build/icyphy/ptII/lib/xbjlib-1.1.0.nrjavaserial.jar:/home/travis/build/icyphy/ptII/ptolemy/moml/test:/home/travis/build/icyphy/ptII/ant/lib/ant-launcher.jar:/home/travis/build/icyphy/ptII/ant/lib/ant.jar:/home/travis/build/icyphy/ptII/ant/lib/ant-junit.jar:/home/travis/build/icyphy/ptII/ant/lib/ant-junit4.jar" />
    <property name="ant.library.dir" value="/home/travis/build/icyphy/ptII/ant/lib" />
    <property name="os.arch" value="amd64" />
    <property name="env.CONTINUOUS_INTEGRATION" value="true" />
    <property name="env.TRAVIS_LANGUAGE" value="node_js" />
    <property name="env.TRAVIS_STACK_LANGUAGES" value="__sardonyx__ c c++ clojure cplusplus cpp default generic go groovy java node_js php pure_java python ruby scala" />
    <property name="test.name" value="ptolemy.actor.lib.test.junit.JUnitTclTest" />
    <property name="env.APT_KEY_DONT_WARN_ON_DANGEROUS_USAGE" value="1" />
    <property name="sun.java.launcher" value="SUN_STANDARD" />
    <property name="env.PYTHON_CONFIGURE_OPTS" value="--enable-unicode=ucs4 --with-wide-unicode --enable-shared --enable-ipv6 --enable-loadable-sqlite-extensions --with-computed-gotos" />
    <property name="ant.core.lib" value="/home/travis/build/icyphy/ptII/ant/lib/ant.jar" />
    <property name="java.vm.specification.vendor" value="Oracle Corporation" />
    <property name="env.BCVTB_HOME" value="/home/travis/build/icyphy/ptII/lbnl" />
    <property name="file.separator" value="/" />
    <property name="spotbugs.home" value="/home/travis/build/icyphy/ptII/vendors/spotbugs-3.1.1" />
    <property name="java.runtime.version" value="11.0.2+9" />
    <property name="env.ANSI_CLEAR" value="\033[0K" />
    <property name="javafx.verbose" value="true" />
    <property name="env.HAS_JOSH_K_SEAL_OF_APPROVAL" value="true" />
    <property name="env.XDG_RUNTIME_DIR" value="/run/user/2000" />
    <property name="env.TRAVIS_OSX_IMAGE" value="" />
    <property name="env.TRAVIS_JOB_ID" value="666321369" />
    <property name="env.TRAVIS_BRANCH" value="master" />
    <property name="user.country" value="US" />
    <property name="env.CERTI_HOME_TRAVIS" value="/home/travis/pthla/certi-tools" />
    <property name="env.SHELL" value="/bin/bash" />
    <property name="java.maxmemory.large" value="3200m" />
    <property name="model" value="" />
    <property name="env.CASHER_DIR" value="/home/travis/.casher" />
    <property name="env.NVM_CD_FLAGS" value="" />
    <property name="java.vendor.version" value="18.9" />
    <property name="jshint.executable" value="/home/travis/node_modules/jshint/bin/jshint" />
    <property name="env.JRUBY_OPTS" value=" --client -J-XX:+TieredCompilation -J-XX:TieredStopAtLevel=1 -J-Xss2m -Xcompile.invokedynamic=false" />
    <property name="java.vendor" value="Oracle Corporation" />
    <property name="env.TRAVIS_PRE_CHEF_BOOTSTRAP_TIME" value="2019-03-25T16:16:42" />
    <property name="env.TRAVIS_STACK_JOB_BOARD_REGISTER" value="/.job-board-register.yml" />
    <property name="env.ANSI_RED" value="\033[31;1m" />
    <property name="java.specification.version" value="11" />
    <property name="env.IRBRC" value="/home/travis/.rvm/rubies/ruby-2.5.3/.irbrc" />
    <property name="env.TRAVIS" value="true" />
    <property name="sun.arch.data.model" value="64" />
  </properties>
  <testcase classname="ptolemy.util.test.junit.TclTests" name="[0] /home/travis/build/icyphy/ptII/ptolemy/actor/lib/test/AbsoluteValue.tcl (RunTclFile)" time="0.504" />
  <testcase classname="ptolemy.util.test.junit.TclTests" name="[1] /home/travis/build/icyphy/ptII/ptolemy/actor/lib/test/AddSubtract.tcl (RunTclFile)" time="0.104" />
  <testcase classname="ptolemy.util.test.junit.TclTests" name="[2] /home/travis/build/icyphy/ptII/ptolemy/actor/lib/test/Average.tcl (RunTclFile)" time="0.031" />
  <testcase classname="ptolemy.util.test.junit.TclTests" name="[3] /home/travis/build/icyphy/ptII/ptolemy/actor/lib/test/Bernoulli.tcl (RunTclFile)" time="0.018" />
  <testcase classname="ptolemy.util.test.junit.TclTests" name="[4] /home/travis/build/icyphy/ptII/ptolemy/actor/lib/test/Clock.tcl (RunTclFile)" time="0.093" />
  <testcase classname="ptolemy.util.test.junit.TclTests" name="[5] /home/travis/build/icyphy/ptII/ptolemy/actor/lib/test/Commutator.tcl (RunTclFile)" time="0.177" />
  <testcase classname="ptolemy.util.test.junit.TclTests" name="[6] /home/travis/build/icyphy/ptII/ptolemy/actor/lib/test/Const.tcl (RunTclFile)" time="0.123" />
  <testcase classname="ptolemy.util.test.junit.TclTests" name="[7] /home/travis/build/icyphy/ptII/ptolemy/actor/lib/test/CurrentTime.tcl (RunTclFile)" time="0.036" />
  <testcase classname="ptolemy.util.test.junit.TclTests" name="[8] /home/travis/build/icyphy/ptII/ptolemy/actor/lib/test/DB.tcl (RunTclFile)" time="0.043" />
  <testcase classname="ptolemy.util.test.junit.TclTests" name="[9] /home/travis/build/icyphy/ptII/ptolemy/actor/lib/test/DiscreteRandomSource.tcl (RunTclFile)" time="0.051" />
  <testcase classname="ptolemy.util.test.junit.TclTests" name="[10] /home/travis/build/icyphy/ptII/ptolemy/actor/lib/test/Distributor.tcl (RunTclFile)" time="0.094" />
  <testcase classname="ptolemy.util.test.junit.TclTests" name="[11] /home/travis/build/icyphy/ptII/ptolemy/actor/lib/test/Exit.tcl (RunTclFile)" time="0.095" />
  <testcase classname="ptolemy.util.test.junit.TclTests" name="[12] /home/travis/build/icyphy/ptII/ptolemy/actor/lib/test/Expression.tcl (RunTclFile)" time="0.081" />
  <testcase classname="ptolemy.util.test.junit.TclTests" name="[13] /home/travis/build/icyphy/ptII/ptolemy/actor/lib/test/Gaussian.tcl (RunTclFile)" time="0.541" />
  <testcase classname="ptolemy.util.test.junit.TclTests" name="[14] /home/travis/build/icyphy/ptII/ptolemy/actor/lib/test/IIR.tcl (RunTclFile)" time="0.02" />
  <testcase classname="ptolemy.util.test.junit.TclTests" name="[15] /home/travis/build/icyphy/ptII/ptolemy/actor/lib/test/Interpolator.tcl (RunTclFile)" time="0.046" />
  <testcase classname="ptolemy.util.test.junit.TclTests" name="[16] /home/travis/build/icyphy/ptII/ptolemy/actor/lib/test/MathFunction.tcl (RunTclFile)" time="0.066" />
  <testcase classname="ptolemy.util.test.junit.TclTests" name="[17] /home/travis/build/icyphy/ptII/ptolemy/actor/lib/test/Maximum.tcl (RunTclFile)" time="0.02" />
  <testcase classname="ptolemy.util.test.junit.TclTests" name="[18] /home/travis/build/icyphy/ptII/ptolemy/actor/lib/test/Minimum.tcl (RunTclFile)" time="0.018" />
  <testcase classname="ptolemy.util.test.junit.TclTests" name="[19] /home/travis/build/icyphy/ptII/ptolemy/actor/lib/test/MultiplyDivide.tcl (RunTclFile)" time="0.036" />
  <testcase classname="ptolemy.util.test.junit.TclTests" name="[20] /home/travis/build/icyphy/ptII/ptolemy/actor/lib/test/OrderedMerge.tcl (RunTclFile)" time="0.136" />
  <testcase classname="ptolemy.util.test.junit.TclTests" name="[21] /home/travis/build/icyphy/ptII/ptolemy/actor/lib/test/Publisher.tcl (RunTclFile)" time="0.935" />
  <testcase classname="ptolemy.util.test.junit.TclTests" name="[22] /home/travis/build/icyphy/ptII/ptolemy/actor/lib/test/Pulse.tcl (RunTclFile)" time="0.054" />
  <testcase classname="ptolemy.util.test.junit.TclTests" name="[23] /home/travis/build/icyphy/ptII/ptolemy/actor/lib/test/Ramp.tcl (RunTclFile)" time="1.981" />
  <testcase classname="ptolemy.util.test.junit.TclTests" name="[24] /home/travis/build/icyphy/ptII/ptolemy/actor/lib/test/RampContinuous.tcl (RunTclFile)" time="0.023" />
  <testcase classname="ptolemy.util.test.junit.TclTests" name="[25] /home/travis/build/icyphy/ptII/ptolemy/actor/lib/test/RecordAssembler.tcl (RunTclFile)" time="0.019" />
  <testcase classname="ptolemy.util.test.junit.TclTests" name="[26] /home/travis/build/icyphy/ptII/ptolemy/actor/lib/test/RecordDisassembler.tcl (RunTclFile)" time="0.028" />
  <testcase classname="ptolemy.util.test.junit.TclTests" name="[27] /home/travis/build/icyphy/ptII/ptolemy/actor/lib/test/Scale.tcl (RunTclFile)" time="0.049" />
  <testcase classname="ptolemy.util.test.junit.TclTests" name="[28] /home/travis/build/icyphy/ptII/ptolemy/actor/lib/test/SequentialClock.tcl (RunTclFile)" time="0.019" />
  <testcase classname="ptolemy.util.test.junit.TclTests" name="[29] /home/travis/build/icyphy/ptII/ptolemy/actor/lib/test/SetVariable.tcl (RunTclFile)" time="0.016" />
  <testcase classname="ptolemy.util.test.junit.TclTests" name="[30] /home/travis/build/icyphy/ptII/ptolemy/actor/lib/test/Sinewave.tcl (RunTclFile)" time="0.029" />
  <testcase classname="ptolemy.util.test.junit.TclTests" name="[31] /home/travis/build/icyphy/ptII/ptolemy/actor/lib/test/SubscriptionAggregator.tcl (RunTclFile)" time="2.148" />
  <testcase classname="ptolemy.util.test.junit.TclTests" name="[32] /home/travis/build/icyphy/ptII/ptolemy/actor/lib/test/Test.tcl (RunTclFile)" time="0.117" />
  <testcase classname="ptolemy.util.test.junit.TclTests" name="[33] /home/travis/build/icyphy/ptII/ptolemy/actor/lib/test/TestExceptionHandler.tcl (RunTclFile)" time="0.011" />
  <testcase classname="ptolemy.util.test.junit.TclTests" name="[34] /home/travis/build/icyphy/ptII/ptolemy/actor/lib/test/UnionDisassembler.tcl (RunTclFile)" time="0.102" />
  <testcase classname="ptolemy.util.test.junit.TclTests" name="[35] /home/travis/build/icyphy/ptII/ptolemy/actor/lib/test/VariableClock.tcl (RunTclFile)" time="0.013" />
  <testcase classname="ptolemy.util.test.junit.AutoKnownFailedTests" name="[0] /home/travis/build/icyphy/ptII/ptolemy/actor/lib/test/auto/knownFailedTests/PublisherPortToplevelSubscriber.xml (RunModel)" time="0.033" />
  <testcase classname="ptolemy.util.test.junit.AutoKnownFailedTests" name="[1] /home/travis/build/icyphy/ptII/ptolemy/actor/lib/test/auto/knownFailedTests/PublisherSubscriberPortToplevel.xml (RunModel)" time="0.018" />
  <testcase classname="ptolemy.util.test.junit.AutoKnownFailedTests" name="[2] /home/travis/build/icyphy/ptII/ptolemy/actor/lib/test/auto/knownFailedTests/PublisherSubscriptionAggregatorPort.xml (RunModel)" time="0.019" />
  <testcase classname="ptolemy.util.test.junit.AutoKnownFailedTests" name="[3] /home/travis/build/icyphy/ptII/ptolemy/actor/lib/test/auto/knownFailedTests/sizedarray3.xml (RunModel)" time="0.027" />
  <testcase classname="ptolemy.util.test.junit.AutoNameArchTests" name="[0] ThereAreNoAutoArchTests (RunModel)" time="0.011" />
  <testcase classname="ptolemy.util.test.junit.AutoTests" name="[0] /home/travis/build/icyphy/ptII/ptolemy/actor/lib/test/auto/AbsoluteValue.xml (RunModel)" time="0.106" />
  <testcase classname="ptolemy.util.test.junit.AutoTests" name="[1] /home/travis/build/icyphy/ptII/ptolemy/actor/lib/test/auto/AbsoluteValue2.xml (RunModel)" time="0.061" />
  <testcase classname="ptolemy.util.test.junit.AutoTests" name="[2] /home/travis/build/icyphy/ptII/ptolemy/actor/lib/test/auto/Accumulator.xml (RunModel)" time="0.068" />
  <testcase classname="ptolemy.util.test.junit.AutoTests" name="[3] /home/travis/build/icyphy/ptII/ptolemy/actor/lib/test/auto/Accumulator2.xml (RunModel)" time="0.036" />
  <testcase classname="ptolemy.util.test.junit.AutoTests" name="[4] /home/travis/build/icyphy/ptII/ptolemy/actor/lib/test/auto/Accumulator3.xml (RunModel)" time="0.012" />
  <testcase classname="ptolemy.util.test.junit.AutoTests" name="[5] /home/travis/build/icyphy/ptII/ptolemy/actor/lib/test/auto/ArrayAppend.xml (RunModel)" time="0.029" />
  <testcase classname="ptolemy.util.test.junit.AutoTests" name="[6] /home/travis/build/icyphy/ptII/ptolemy/actor/lib/test/auto/ArrayAppend2.xml (RunModel)" time="0.393" />
  <testcase classname="ptolemy.util.test.junit.AutoTests" name="[7] /home/travis/build/icyphy/ptII/ptolemy/actor/lib/test/auto/ArrayAppend3.xml (RunModel)" time="0.026" />
  <testcase classname="ptolemy.util.test.junit.AutoTests" name="[8] /home/travis/build/icyphy/ptII/ptolemy/actor/lib/test/auto/ArrayAppend4.xml (RunModel)" time="0.018" />
  <testcase classname="ptolemy.util.test.junit.AutoTests" name="[9] /home/travis/build/icyphy/ptII/ptolemy/actor/lib/test/auto/ArrayAppend5.xml (RunModel)" time="0.017" />
  <testcase classname="ptolemy.util.test.junit.AutoTests" name="[10] /home/travis/build/icyphy/ptII/ptolemy/actor/lib/test/auto/ArrayAppend6.xml (RunModel)" time="0.026" />
  <testcase classname="ptolemy.util.test.junit.AutoTests" name="[11] /home/travis/build/icyphy/ptII/ptolemy/actor/lib/test/auto/ArrayAppendPerformanceTest.xml (RunModel)" time="0.056" />
  <testcase classname="ptolemy.util.test.junit.AutoTests" name="[12] /home/travis/build/icyphy/ptII/ptolemy/actor/lib/test/auto/ArrayAppendWithEmptyInput.xml (RunModel)" time="0.04" />
  <testcase classname="ptolemy.util.test.junit.AutoTests" name="[13] /home/travis/build/icyphy/ptII/ptolemy/actor/lib/test/auto/ArrayAverage.xml (RunModel)" time="0.046" />
  <testcase classname="ptolemy.util.test.junit.AutoTests" name="[14] /home/travis/build/icyphy/ptII/ptolemy/actor/lib/test/auto/ArrayContains.xml (RunModel)" time="0.032" />
  <testcase classname="ptolemy.util.test.junit.AutoTests" name="[15] /home/travis/build/icyphy/ptII/ptolemy/actor/lib/test/auto/ArrayElement.xml (RunModel)" time="0.029" />
  <testcase classname="ptolemy.util.test.junit.AutoTests" name="[16] /home/travis/build/icyphy/ptII/ptolemy/actor/lib/test/auto/ArrayElementAsMatrix.xml (RunModel)" time="0.042" />
  <testcase classname="ptolemy.util.test.junit.AutoTests" name="[17] /home/travis/build/icyphy/ptII/ptolemy/actor/lib/test/auto/ArrayElementI.xml (RunModel)" time="0.015" />
  <testcase classname="ptolemy.util.test.junit.AutoTests" name="[18] /home/travis/build/icyphy/ptII/ptolemy/actor/lib/test/auto/ArrayExtract.xml (RunModel)" time="0.024" />
  <testcase classname="ptolemy.util.test.junit.AutoTests" name="[19] /home/travis/build/icyphy/ptII/ptolemy/actor/lib/test/auto/ArrayExtract2.xml (RunModel)" time="0.015" />
  <testcase classname="ptolemy.util.test.junit.AutoTests" name="[20] /home/travis/build/icyphy/ptII/ptolemy/actor/lib/test/auto/ArrayLength.xml (RunModel)" time="0.02" />
  <testcase classname="ptolemy.util.test.junit.AutoTests" name="[21] /home/travis/build/icyphy/ptII/ptolemy/actor/lib/test/auto/ArrayLevelCrossing.xml (RunModel)" time="0.027" />
  <testcase classname="ptolemy.util.test.junit.AutoTests" name="[22] /home/travis/build/icyphy/ptII/ptolemy/actor/lib/test/auto/ArrayLevelCrossing2.xml (RunModel)" time="0.019" />
  <testcase classname="ptolemy.util.test.junit.AutoTests" name="[23] /home/travis/build/icyphy/ptII/ptolemy/actor/lib/test/auto/ArrayPeakSearch.xml (RunModel)" time="0.025" />
  <testcase classname="ptolemy.util.test.junit.AutoTests" name="[24] /home/travis/build/icyphy/ptII/ptolemy/actor/lib/test/auto/ArrayPeakSearch2.xml (RunModel)" time="0.035" />
  <testcase classname="ptolemy.util.test.junit.AutoTests" name="[25] /home/travis/build/icyphy/ptII/ptolemy/actor/lib/test/auto/ArrayPeakSearch3.xml (RunModel)" time="0.025" />
  <testcase classname="ptolemy.util.test.junit.AutoTests" name="[26] /home/travis/build/icyphy/ptII/ptolemy/actor/lib/test/auto/ArrayRemoveElement.xml (RunModel)" time="0.03" />
  <testcase classname="ptolemy.util.test.junit.AutoTests" name="[27] /home/travis/build/icyphy/ptII/ptolemy/actor/lib/test/auto/ArraySort.xml (RunModel)" time="0.042" />
  <testcase classname="ptolemy.util.test.junit.AutoTests" name="[28] /home/travis/build/icyphy/ptII/ptolemy/actor/lib/test/auto/ArraySum.xml (RunModel)" time="0.021" />
  <testcase classname="ptolemy.util.test.junit.AutoTests" name="[29] /home/travis/build/icyphy/ptII/ptolemy/actor/lib/test/auto/ArrayToElements.xml (RunModel)" time="0.019" />
  <testcase classname="ptolemy.util.test.junit.AutoTests" name="[30] /home/travis/build/icyphy/ptII/ptolemy/actor/lib/test/auto/ArrayToMatrix.xml (RunModel)" time="0.056" />
  <testcase classname="ptolemy.util.test.junit.AutoTests" name="[31] /home/travis/build/icyphy/ptII/ptolemy/actor/lib/test/auto/ArrayUpdate1.xml (RunModel)" time="0.018" />
  <testcase classname="ptolemy.util.test.junit.AutoTests" name="[32] /home/travis/build/icyphy/ptII/ptolemy/actor/lib/test/auto/ArrayUpdate2.xml (RunModel)" time="0.028" />
  <testcase classname="ptolemy.util.test.junit.AutoTests" name="[33] /home/travis/build/icyphy/ptII/ptolemy/actor/lib/test/auto/ArrayUpdate3.xml (RunModel)" time="0.012" />
  <testcase classname="ptolemy.util.test.junit.AutoTests" name="[34] /home/travis/build/icyphy/ptII/ptolemy/actor/lib/test/auto/Assert1.xml (RunModel)" time="0.019" />
  <testcase classname="ptolemy.util.test.junit.AutoTests" name="[35] /home/travis/build/icyphy/ptII/ptolemy/actor/lib/test/auto/Assert2.xml (RunModel)" time="0.011" />
  <testcase classname="ptolemy.util.test.junit.AutoTests" name="[36] /home/travis/build/icyphy/ptII/ptolemy/actor/lib/test/auto/BooleanMultiplexor.xml (RunModel)" time="0.012" />
  <testcase classname="ptolemy.util.test.junit.AutoTests" name="[37] /home/travis/build/icyphy/ptII/ptolemy/actor/lib/test/auto/BooleanMultiplexor2.xml (RunModel)" time="0.024" />
  <testcase classname="ptolemy.util.test.junit.AutoTests" name="[38] /home/travis/build/icyphy/ptII/ptolemy/actor/lib/test/auto/BooleanMultiplexor3.xml (RunModel)" time="0.016" />
  <testcase classname="ptolemy.util.test.junit.AutoTests" name="[39] /home/travis/build/icyphy/ptII/ptolemy/actor/lib/test/auto/BooleanSelect.xml (RunModel)" time="0.025" />
  <testcase classname="ptolemy.util.test.junit.AutoTests" name="[40] /home/travis/build/icyphy/ptII/ptolemy/actor/lib/test/auto/BooleanSelect2.xml (RunModel)" time="0.013" />
  <testcase classname="ptolemy.util.test.junit.AutoTests" name="[41] /home/travis/build/icyphy/ptII/ptolemy/actor/lib/test/auto/BooleanSwitch.xml (RunModel)" time="0.026" />
  <testcase classname="ptolemy.util.test.junit.AutoTests" name="[42] /home/travis/build/icyphy/ptII/ptolemy/actor/lib/test/auto/BooleanSwitch2.xml (RunModel)" time="0.012" />
  <testcase classname="ptolemy.util.test.junit.AutoTests" name="[43] /home/travis/build/icyphy/ptII/ptolemy/actor/lib/test/auto/BooleanSwitchCloningBugWithClassRelationGroup.xml (RunModel)" time="0.023" />
  <testcase classname="ptolemy.util.test.junit.AutoTests" name="[44] /home/travis/build/icyphy/ptII/ptolemy/actor/lib/test/auto/BusActors.xml (RunModel)" time="0.023" />
  <testcase classname="ptolemy.util.test.junit.AutoTests" name="[45] /home/travis/build/icyphy/ptII/ptolemy/actor/lib/test/auto/ClassWrapper.xml (RunModel)" time="0.01" />
  <testcase classname="ptolemy.util.test.junit.AutoTests" name="[46] /home/travis/build/icyphy/ptII/ptolemy/actor/lib/test/auto/Clock.xml (RunModel)" time="0.008" />
  <testcase classname="ptolemy.util.test.junit.AutoTests" name="[47] /home/travis/build/icyphy/ptII/ptolemy/actor/lib/test/auto/Clock10.xml (RunModel)" time="0.021" />
  <testcase classname="ptolemy.util.test.junit.AutoTests" name="[48] /home/travis/build/icyphy/ptII/ptolemy/actor/lib/test/auto/Clock11.xml (RunModel)" time="0.016" />
  <testcase classname="ptolemy.util.test.junit.AutoTests" name="[49] /home/travis/build/icyphy/ptII/ptolemy/actor/lib/test/auto/Clock12.xml (RunModel)" time="0.016" />
  <testcase classname="ptolemy.util.test.junit.AutoTests" name="[50] /home/travis/build/icyphy/ptII/ptolemy/actor/lib/test/auto/Clock13.xml (RunModel)" time="0.013" />
  <testcase classname="ptolemy.util.test.junit.AutoTests" name="[51] /home/travis/build/icyphy/ptII/ptolemy/actor/lib/test/auto/Clock14.xml (RunModel)" time="0.017" />
  <testcase classname="ptolemy.util.test.junit.AutoTests" name="[52] /home/travis/build/icyphy/ptII/ptolemy/actor/lib/test/auto/Clock15.xml (RunModel)" time="0.012" />
  <testcase classname="ptolemy.util.test.junit.AutoTests" name="[53] /home/travis/build/icyphy/ptII/ptolemy/actor/lib/test/auto/Clock16.xml (RunModel)" time="0.095" />
  <testcase classname="ptolemy.util.test.junit.AutoTests" name="[54] /home/travis/build/icyphy/ptII/ptolemy/actor/lib/test/auto/Clock17.xml (RunModel)" time="0.045" />
  <testcase classname="ptolemy.util.test.junit.AutoTests" name="[55] /home/travis/build/icyphy/ptII/ptolemy/actor/lib/test/auto/Clock18.xml (RunModel)" time="0.044" />
  <testcase classname="ptolemy.util.test.junit.AutoTests" name="[56] /home/travis/build/icyphy/ptII/ptolemy/actor/lib/test/auto/Clock19.xml (RunModel)" time="0.035" />
  <testcase classname="ptolemy.util.test.junit.AutoTests" name="[57] /home/travis/build/icyphy/ptII/ptolemy/actor/lib/test/auto/Clock2.xml (RunModel)" time="0.012" />
  <testcase classname="ptolemy.util.test.junit.AutoTests" name="[58] /home/travis/build/icyphy/ptII/ptolemy/actor/lib/test/auto/Clock20.xml (RunModel)" time="0.019" />
  <testcase classname="ptolemy.util.test.junit.AutoTests" name="[59] /home/travis/build/icyphy/ptII/ptolemy/actor/lib/test/auto/Clock21.xml (RunModel)" time="0.018" />
  <testcase classname="ptolemy.util.test.junit.AutoTests" name="[60] /home/travis/build/icyphy/ptII/ptolemy/actor/lib/test/auto/Clock22.xml (RunModel)" time="0.014" />
  <testcase classname="ptolemy.util.test.junit.AutoTests" name="[61] /home/travis/build/icyphy/ptII/ptolemy/actor/lib/test/auto/Clock23.xml (RunModel)" time="0.019" />
  <testcase classname="ptolemy.util.test.junit.AutoTests" name="[62] /home/travis/build/icyphy/ptII/ptolemy/actor/lib/test/auto/Clock24.xml (RunModel)" time="0.013" />
  <testcase classname="ptolemy.util.test.junit.AutoTests" name="[63] /home/travis/build/icyphy/ptII/ptolemy/actor/lib/test/auto/Clock4.xml (RunModel)" time="0.011" />
  <testcase classname="ptolemy.util.test.junit.AutoTests" name="[64] /home/travis/build/icyphy/ptII/ptolemy/actor/lib/test/auto/Clock5.xml (RunModel)" time="0.01" />
  <testcase classname="ptolemy.util.test.junit.AutoTests" name="[65] /home/travis/build/icyphy/ptII/ptolemy/actor/lib/test/auto/Clock6.xml (RunModel)" time="0.014" />
  <testcase classname="ptolemy.util.test.junit.AutoTests" name="[66] /home/travis/build/icyphy/ptII/ptolemy/actor/lib/test/auto/Clock7.xml (RunModel)" time="0.009" />
  <testcase classname="ptolemy.util.test.junit.AutoTests" name="[67] /home/travis/build/icyphy/ptII/ptolemy/actor/lib/test/auto/Clock8.xml (RunModel)" time="0.014" />
  <testcase classname="ptolemy.util.test.junit.AutoTests" name="[68] /home/travis/build/icyphy/ptII/ptolemy/actor/lib/test/auto/Clock9.xml (RunModel)" time="0.015" />
  <testcase classname="ptolemy.util.test.junit.AutoTests" name="[69] /home/travis/build/icyphy/ptII/ptolemy/actor/lib/test/auto/CommDistDiscard.xml (RunModel)" time="0.023" />
  <testcase classname="ptolemy.util.test.junit.AutoTests" name="[70] /home/travis/build/icyphy/ptII/ptolemy/actor/lib/test/auto/Commutator.xml (RunModel)" time="0.016" />
  <testcase classname="ptolemy.util.test.junit.AutoTests" name="[71] /home/travis/build/icyphy/ptII/ptolemy/actor/lib/test/auto/Commutator2.xml (RunModel)" time="0.01" />
  <testcase classname="ptolemy.util.test.junit.AutoTests" name="[72] /home/travis/build/icyphy/ptII/ptolemy/actor/lib/test/auto/Commutator3.xml (RunModel)" time="0.013" />
  <testcase classname="ptolemy.util.test.junit.AutoTests" name="[73] /home/travis/build/icyphy/ptII/ptolemy/actor/lib/test/auto/Compare.xml (RunModel)" time="0.023" />
  <testcase classname="ptolemy.util.test.junit.AutoTests" name="[74] /home/travis/build/icyphy/ptII/ptolemy/actor/lib/test/auto/CompareDE.xml (RunModel)" time="0.017" />
  <testcase classname="ptolemy.util.test.junit.AutoTests" name="[75] /home/travis/build/icyphy/ptII/ptolemy/actor/lib/test/auto/ComplexDivide.xml (RunModel)" time="0.007" />
  <testcase classname="ptolemy.util.test.junit.AutoTests" name="[76] /home/travis/build/icyphy/ptII/ptolemy/actor/lib/test/auto/ComputeHistogram.xml (RunModel)" time="0.062" />
  <testcase classname="ptolemy.util.test.junit.AutoTests" name="[77] /home/travis/build/icyphy/ptII/ptolemy/actor/lib/test/auto/ConfigurationSelect.xml (RunModel)" time="0.022" />
  <testcase classname="ptolemy.util.test.junit.AutoTests" name="[78] /home/travis/build/icyphy/ptII/ptolemy/actor/lib/test/auto/ConfigurationSelect2.xml (RunModel)" time="0.014" />
  <testcase classname="ptolemy.util.test.junit.AutoTests" name="[79] /home/travis/build/icyphy/ptII/ptolemy/actor/lib/test/auto/ConfigurationSwitch.xml (RunModel)" time="0.027" />
  <testcase classname="ptolemy.util.test.junit.AutoTests" name="[80] /home/travis/build/icyphy/ptII/ptolemy/actor/lib/test/auto/ConfigurationSwitch2.xml (RunModel)" time="0.027" />
  <testcase classname="ptolemy.util.test.junit.AutoTests" name="[81] /home/travis/build/icyphy/ptII/ptolemy/actor/lib/test/auto/ConfigurationSwitchCloningBugWithClassRelationGroup.xml (RunModel)" time="0.018" />
  <testcase classname="ptolemy.util.test.junit.AutoTests" name="[82] /home/travis/build/icyphy/ptII/ptolemy/actor/lib/test/auto/ConfigurationSwitchSelectSDF.xml (RunModel)" time="0.015" />
  <testcase classname="ptolemy.util.test.junit.AutoTests" name="[83] /home/travis/build/icyphy/ptII/ptolemy/actor/lib/test/auto/ConfigurationSwitchSelectSDF2.xml (RunModel)" time="0.016" />
  <testcase classname="ptolemy.util.test.junit.AutoTests" name="[84] /home/travis/build/icyphy/ptII/ptolemy/actor/lib/test/auto/Const.xml (RunModel)" time="0.006" />
  <testcase classname="ptolemy.util.test.junit.AutoTests" name="[85] /home/travis/build/icyphy/ptII/ptolemy/actor/lib/test/auto/Const2.xml (RunModel)" time="0.009" />
  <testcase classname="ptolemy.util.test.junit.AutoTests" name="[86] /home/travis/build/icyphy/ptII/ptolemy/actor/lib/test/auto/Const3.xml (RunModel)" time="0.008" />
  <testcase classname="ptolemy.util.test.junit.AutoTests" name="[87] /home/travis/build/icyphy/ptII/ptolemy/actor/lib/test/auto/ConstantPublisherPort1.xml (RunModel)" time="0.02" />
  <testcase classname="ptolemy.util.test.junit.AutoTests" name="[88] /home/travis/build/icyphy/ptII/ptolemy/actor/lib/test/auto/ConstantPublisherPort2.xml (RunModel)" time="0.02" />
  <testcase classname="ptolemy.util.test.junit.AutoTests" name="[89] /home/travis/build/icyphy/ptII/ptolemy/actor/lib/test/auto/ConstantPublisherPort3.xml (RunModel)" time="0.023" />
  <testcase classname="ptolemy.util.test.junit.AutoTests" name="[90] /home/travis/build/icyphy/ptII/ptolemy/actor/lib/test/auto/ConstantPublisherPort4.xml (RunModel)" time="0.014" />
  <testcase classname="ptolemy.util.test.junit.AutoTests" name="[91] /home/travis/build/icyphy/ptII/ptolemy/actor/lib/test/auto/ConstantPublisherPort5.xml (RunModel)" time="0.036" />
  <testcase classname="ptolemy.util.test.junit.AutoTests" name="[92] /home/travis/build/icyphy/ptII/ptolemy/actor/lib/test/auto/ConstantPublisherPort6.xml (RunModel)" time="0.041" />
  <testcase classname="ptolemy.util.test.junit.AutoTests" name="[93] /home/travis/build/icyphy/ptII/ptolemy/actor/lib/test/auto/ConstantPublisherPort7.xml (RunModel)" time="0.036" />
  <testcase classname="ptolemy.util.test.junit.AutoTests" name="[94] /home/travis/build/icyphy/ptII/ptolemy/actor/lib/test/auto/ConstraintMonitor1.xml (RunModel)" time="0.031" />
  <testcase classname="ptolemy.util.test.junit.AutoTests" name="[95] /home/travis/build/icyphy/ptII/ptolemy/actor/lib/test/auto/ConstraintMonitor2.xml (RunModel)" time="0.012" />
  <testcase classname="ptolemy.util.test.junit.AutoTests" name="[96] /home/travis/build/icyphy/ptII/ptolemy/actor/lib/test/auto/ConstraintMonitor3.xml (RunModel)" time="0.015" />
  <testcase classname="ptolemy.util.test.junit.AutoTests" name="[97] /home/travis/build/icyphy/ptII/ptolemy/actor/lib/test/auto/ConstraintMonitor4.xml (RunModel)" time="0.014" />
  <testcase classname="ptolemy.util.test.junit.AutoTests" name="[98] /home/travis/build/icyphy/ptII/ptolemy/actor/lib/test/auto/ConstraintMonitor5.xml (RunModel)" time="0.012" />
  <testcase classname="ptolemy.util.test.junit.AutoTests" name="[99] /home/travis/build/icyphy/ptII/ptolemy/actor/lib/test/auto/ConstraintMonitor6.xml (RunModel)" time="0.018" />
  <testcase classname="ptolemy.util.test.junit.AutoTests" name="[100] /home/travis/build/icyphy/ptII/ptolemy/actor/lib/test/auto/ConstraintMonitor7.xml (RunModel)" time="0.021" />
  <testcase classname="ptolemy.util.test.junit.AutoTests" name="[101] /home/travis/build/icyphy/ptII/ptolemy/actor/lib/test/auto/ConstraintMonitor8.xml (RunModel)" time="0.019" />
  <testcase classname="ptolemy.util.test.junit.AutoTests" name="[102] /home/travis/build/icyphy/ptII/ptolemy/actor/lib/test/auto/Counter.xml (RunModel)" time="0.018" />
  <testcase classname="ptolemy.util.test.junit.AutoTests" name="[103] /home/travis/build/icyphy/ptII/ptolemy/actor/lib/test/auto/CurrentTimeSDF.xml (RunModel)" time="0.011" />
  <testcase classname="ptolemy.util.test.junit.AutoTests" name="[104] /home/travis/build/icyphy/ptII/ptolemy/actor/lib/test/auto/DB.xml (RunModel)" time="0.011" />
  <testcase classname="ptolemy.util.test.junit.AutoTests" name="[105] /home/travis/build/icyphy/ptII/ptolemy/actor/lib/test/auto/DBDE.xml (RunModel)" time="0.016" />
  <testcase classname="ptolemy.util.test.junit.AutoTests" name="[106] /home/travis/build/icyphy/ptII/ptolemy/actor/lib/test/auto/DateConstructor.xml (RunModel)" time="0.066" />
  <testcase classname="ptolemy.util.test.junit.AutoTests" name="[107] /home/travis/build/icyphy/ptII/ptolemy/actor/lib/test/auto/DelayTime.xml (RunModel)" time="0.02" />
  <testcase classname="ptolemy.util.test.junit.AutoTests" name="[108] /home/travis/build/icyphy/ptII/ptolemy/actor/lib/test/auto/Dictionary1.xml (RunModel)" time="0.018" />
  <testcase classname="ptolemy.util.test.junit.AutoTests" name="[109] /home/travis/build/icyphy/ptII/ptolemy/actor/lib/test/auto/Dictionary2.xml (RunModel)" time="0.012" />
  <testcase classname="ptolemy.util.test.junit.AutoTests" name="[110] /home/travis/build/icyphy/ptII/ptolemy/actor/lib/test/auto/Dictionary3.xml (RunModel)" time="0.011" />
  <testcase classname="ptolemy.util.test.junit.AutoTests" name="[111] /home/travis/build/icyphy/ptII/ptolemy/actor/lib/test/auto/Dictionary4.xml (RunModel)" time="0.015" />
  <testcase classname="ptolemy.util.test.junit.AutoTests" name="[112] /home/travis/build/icyphy/ptII/ptolemy/actor/lib/test/auto/Differential.xml (RunModel)" time="0.011" />
  <testcase classname="ptolemy.util.test.junit.AutoTests" name="[113] /home/travis/build/icyphy/ptII/ptolemy/actor/lib/test/auto/Director.xml (RunModel)" time="0.009" />
  <testcase classname="ptolemy.util.test.junit.AutoTests" name="[114] /home/travis/build/icyphy/ptII/ptolemy/actor/lib/test/auto/DiscreteClock.xml (RunModel)" time="0.006" />
  <testcase classname="ptolemy.util.test.junit.AutoTests" name="[115] /home/travis/build/icyphy/ptII/ptolemy/actor/lib/test/auto/DiscreteClock10.xml (RunModel)" time="0.01" />
  <testcase classname="ptolemy.util.test.junit.AutoTests" name="[116] /home/travis/build/icyphy/ptII/ptolemy/actor/lib/test/auto/DiscreteClock11.xml (RunModel)" time="0.011" />
  <testcase classname="ptolemy.util.test.junit.AutoTests" name="[117] /home/travis/build/icyphy/ptII/ptolemy/actor/lib/test/auto/DiscreteClock12.xml (RunModel)" time="0.014" />
  <testcase classname="ptolemy.util.test.junit.AutoTests" name="[118] /home/travis/build/icyphy/ptII/ptolemy/actor/lib/test/auto/DiscreteClock13.xml (RunModel)" time="0.014" />
  <testcase classname="ptolemy.util.test.junit.AutoTests" name="[119] /home/travis/build/icyphy/ptII/ptolemy/actor/lib/test/auto/DiscreteClock14.xml (RunModel)" time="0.014" />
  <testcase classname="ptolemy.util.test.junit.AutoTests" name="[120] /home/travis/build/icyphy/ptII/ptolemy/actor/lib/test/auto/DiscreteClock15.xml (RunModel)" time="0.013" />
  <testcase classname="ptolemy.util.test.junit.AutoTests" name="[121] /home/travis/build/icyphy/ptII/ptolemy/actor/lib/test/auto/DiscreteClock16.xml (RunModel)" time="0.062" />
  <testcase classname="ptolemy.util.test.junit.AutoTests" name="[122] /home/travis/build/icyphy/ptII/ptolemy/actor/lib/test/auto/DiscreteClock17.xml (RunModel)" time="0.038" />
  <testcase classname="ptolemy.util.test.junit.AutoTests" name="[123] /home/travis/build/icyphy/ptII/ptolemy/actor/lib/test/auto/DiscreteClock18.xml (RunModel)" time="0.041" />
  <testcase classname="ptolemy.util.test.junit.AutoTests" name="[124] /home/travis/build/icyphy/ptII/ptolemy/actor/lib/test/auto/DiscreteClock19.xml (RunModel)" time="0.045" />
  <testcase classname="ptolemy.util.test.junit.AutoTests" name="[125] /home/travis/build/icyphy/ptII/ptolemy/actor/lib/test/auto/DiscreteClock2.xml (RunModel)" time="0.009" />
  <testcase classname="ptolemy.util.test.junit.AutoTests" name="[126] /home/travis/build/icyphy/ptII/ptolemy/actor/lib/test/auto/DiscreteClock20.xml (RunModel)" time="0.017" />
  <testcase classname="ptolemy.util.test.junit.AutoTests" name="[127] /home/travis/build/icyphy/ptII/ptolemy/actor/lib/test/auto/DiscreteClock21.xml (RunModel)" time="0.028" />
  <testcase classname="ptolemy.util.test.junit.AutoTests" name="[128] /home/travis/build/icyphy/ptII/ptolemy/actor/lib/test/auto/DiscreteClock22.xml (RunModel)" time="0.018" />
  <testcase classname="ptolemy.util.test.junit.AutoTests" name="[129] /home/travis/build/icyphy/ptII/ptolemy/actor/lib/test/auto/DiscreteClock23.xml (RunModel)" time="0.02" />
  <testcase classname="ptolemy.util.test.junit.AutoTests" name="[130] /home/travis/build/icyphy/ptII/ptolemy/actor/lib/test/auto/DiscreteClock24.xml (RunModel)" time="0.016" />
  <testcase classname="ptolemy.util.test.junit.AutoTests" name="[131] /home/travis/build/icyphy/ptII/ptolemy/actor/lib/test/auto/DiscreteClock4.xml (RunModel)" time="0.013" />
  <testcase classname="ptolemy.util.test.junit.AutoTests" name="[132] /home/travis/build/icyphy/ptII/ptolemy/actor/lib/test/auto/DiscreteClock5.xml (RunModel)" time="0.011" />
  <testcase classname="ptolemy.util.test.junit.AutoTests" name="[133] /home/travis/build/icyphy/ptII/ptolemy/actor/lib/test/auto/DiscreteClock6.xml (RunModel)" time="0.012" />
  <testcase classname="ptolemy.util.test.junit.AutoTests" name="[134] /home/travis/build/icyphy/ptII/ptolemy/actor/lib/test/auto/DiscreteClock7.xml (RunModel)" time="0.012" />
  <testcase classname="ptolemy.util.test.junit.AutoTests" name="[135] /home/travis/build/icyphy/ptII/ptolemy/actor/lib/test/auto/DiscreteClock8.xml (RunModel)" time="0.035" />
  <testcase classname="ptolemy.util.test.junit.AutoTests" name="[136] /home/travis/build/icyphy/ptII/ptolemy/actor/lib/test/auto/DiscreteClock9.xml (RunModel)" time="0.014" />
  <testcase classname="ptolemy.util.test.junit.AutoTests" name="[137] /home/travis/build/icyphy/ptII/ptolemy/actor/lib/test/auto/DisplayArray.xml (RunModel)" time="0.01" />
  <testcase classname="ptolemy.util.test.junit.AutoTests" name="[138] /home/travis/build/icyphy/ptII/ptolemy/actor/lib/test/auto/Distributor.xml (RunModel)" time="0.015" />
  <testcase classname="ptolemy.util.test.junit.AutoTests" name="[139] /home/travis/build/icyphy/ptII/ptolemy/actor/lib/test/auto/Distributor2.xml (RunModel)" time="0.012" />
  <testcase classname="ptolemy.util.test.junit.AutoTests" name="[140] /home/travis/build/icyphy/ptII/ptolemy/actor/lib/test/auto/DownSample.xml (RunModel)" time="0.009" />
  <testcase classname="ptolemy.util.test.junit.AutoTests" name="[141] /home/travis/build/icyphy/ptII/ptolemy/actor/lib/test/auto/ElectronicUnitBase1.xml (RunModel)" time="0.072" />
  <testcase classname="ptolemy.util.test.junit.AutoTests" name="[142] /home/travis/build/icyphy/ptII/ptolemy/actor/lib/test/auto/ElementsToArray.xml (RunModel)" time="0.012" />
  <testcase classname="ptolemy.util.test.junit.AutoTests" name="[143] /home/travis/build/icyphy/ptII/ptolemy/actor/lib/test/auto/Equals.xml (RunModel)" time="0.017" />
  <testcase classname="ptolemy.util.test.junit.AutoTests" name="[144] /home/travis/build/icyphy/ptII/ptolemy/actor/lib/test/auto/Exec.xml (RunModel)" time="0.022" />
  <testcase classname="ptolemy.util.test.junit.AutoTests" name="[145] /home/travis/build/icyphy/ptII/ptolemy/actor/lib/test/auto/ExecEnvironment.xml (RunModel)" time="0.034" />
  <testcase classname="ptolemy.util.test.junit.AutoTests" name="[146] /home/travis/build/icyphy/ptII/ptolemy/actor/lib/test/auto/ExecNonZeroReturnOutput.xml (RunModel)" time="0.183" />
  <testcase classname="ptolemy.util.test.junit.AutoTests" name="[147] /home/travis/build/icyphy/ptII/ptolemy/actor/lib/test/auto/ExecRunDemos.xml (RunModel)" time="10.083" />
  <testcase classname="ptolemy.util.test.junit.AutoTests" name="[148] /home/travis/build/icyphy/ptII/ptolemy/actor/lib/test/auto/ExecStop.xml (RunModel)" time="5.043" />
  <testcase classname="ptolemy.util.test.junit.AutoTests" name="[149] /home/travis/build/icyphy/ptII/ptolemy/actor/lib/test/auto/ExecutionTimeSDF.xml (RunModel)" time="6.03" />
  <testcase classname="ptolemy.util.test.junit.AutoTests" name="[150] /home/travis/build/icyphy/ptII/ptolemy/actor/lib/test/auto/Expression1.xml (RunModel)" time="0.013" />
  <testcase classname="ptolemy.util.test.junit.AutoTests" name="[151] /home/travis/build/icyphy/ptII/ptolemy/actor/lib/test/auto/Expression10.xml (RunModel)" time="0.016" />
  <testcase classname="ptolemy.util.test.junit.AutoTests" name="[152] /home/travis/build/icyphy/ptII/ptolemy/actor/lib/test/auto/Expression11.xml (RunModel)" time="0.02" />
  <testcase classname="ptolemy.util.test.junit.AutoTests" name="[153] /home/travis/build/icyphy/ptII/ptolemy/actor/lib/test/auto/Expression12.xml (RunModel)" time="0.015" />
  <testcase classname="ptolemy.util.test.junit.AutoTests" name="[154] /home/travis/build/icyphy/ptII/ptolemy/actor/lib/test/auto/Expression13.xml (RunModel)" time="0.011" />
  <testcase classname="ptolemy.util.test.junit.AutoTests" name="[155] /home/travis/build/icyphy/ptII/ptolemy/actor/lib/test/auto/Expression14.xml (RunModel)" time="0.016" />
  <testcase classname="ptolemy.util.test.junit.AutoTests" name="[156] /home/travis/build/icyphy/ptII/ptolemy/actor/lib/test/auto/Expression15.xml (RunModel)" time="0.009" />
  <testcase classname="ptolemy.util.test.junit.AutoTests" name="[157] /home/travis/build/icyphy/ptII/ptolemy/actor/lib/test/auto/Expression16.xml (RunModel)" time="0.014" />
  <testcase classname="ptolemy.util.test.junit.AutoTests" name="[158] /home/travis/build/icyphy/ptII/ptolemy/actor/lib/test/auto/Expression17.xml (RunModel)" time="0.009" />
  <testcase classname="ptolemy.util.test.junit.AutoTests" name="[159] /home/travis/build/icyphy/ptII/ptolemy/actor/lib/test/auto/Expression18.xml (RunModel)" time="0.011" />
  <testcase classname="ptolemy.util.test.junit.AutoTests" name="[160] /home/travis/build/icyphy/ptII/ptolemy/actor/lib/test/auto/Expression2.xml (RunModel)" time="0.012" />
  <testcase classname="ptolemy.util.test.junit.AutoTests" name="[161] /home/travis/build/icyphy/ptII/ptolemy/actor/lib/test/auto/Expression3.xml (RunModel)" time="0.013" />
  <testcase classname="ptolemy.util.test.junit.AutoTests" name="[162] /home/travis/build/icyphy/ptII/ptolemy/actor/lib/test/auto/Expression4.xml (RunModel)" time="0.016" />
  <testcase classname="ptolemy.util.test.junit.AutoTests" name="[163] /home/travis/build/icyphy/ptII/ptolemy/actor/lib/test/auto/Expression5.xml (RunModel)" time="0.014" />
  <testcase classname="ptolemy.util.test.junit.AutoTests" name="[164] /home/travis/build/icyphy/ptII/ptolemy/actor/lib/test/auto/Expression6.xml (RunModel)" time="0.008" />
  <testcase classname="ptolemy.util.test.junit.AutoTests" name="[165] /home/travis/build/icyphy/ptII/ptolemy/actor/lib/test/auto/Expression7.xml (RunModel)" time="0.011" />
  <testcase classname="ptolemy.util.test.junit.AutoTests" name="[166] /home/travis/build/icyphy/ptII/ptolemy/actor/lib/test/auto/Expression8.xml (RunModel)" time="0.014" />
  <testcase classname="ptolemy.util.test.junit.AutoTests" name="[167] /home/travis/build/icyphy/ptII/ptolemy/actor/lib/test/auto/Expression9.xml (RunModel)" time="0.007" />
  <testcase classname="ptolemy.util.test.junit.AutoTests" name="[168] /home/travis/build/icyphy/ptII/ptolemy/actor/lib/test/auto/ExpressionConcatenateArrayType.xml (RunModel)" time="0.041" />
  <testcase classname="ptolemy.util.test.junit.AutoTests" name="[169] /home/travis/build/icyphy/ptII/ptolemy/actor/lib/test/auto/ExpressionConcatenateArrayType2.xml (RunModel)" time="0.021" />
  <testcase classname="ptolemy.util.test.junit.AutoTests" name="[170] /home/travis/build/icyphy/ptII/ptolemy/actor/lib/test/auto/ExpressionFix.xml (RunModel)" time="0.042" />
  <testcase classname="ptolemy.util.test.junit.AutoTests" name="[171] /home/travis/build/icyphy/ptII/ptolemy/actor/lib/test/auto/ExpressionFix2.xml (RunModel)" time="0.007" />
  <testcase classname="ptolemy.util.test.junit.AutoTests" name="[172] /home/travis/build/icyphy/ptII/ptolemy/actor/lib/test/auto/ExpressionFix3.xml (RunModel)" time="0.008" />
  <testcase classname="ptolemy.util.test.junit.AutoTests" name="[173] /home/travis/build/icyphy/ptII/ptolemy/actor/lib/test/auto/FileWriter1.xml (RunModel)" time="0.009" />
  <testcase classname="ptolemy.util.test.junit.AutoTests" name="[174] /home/travis/build/icyphy/ptII/ptolemy/actor/lib/test/auto/FileWriter2.xml (RunModel)" time="0.011" />
  <testcase classname="ptolemy.util.test.junit.AutoTests" name="[175] /home/travis/build/icyphy/ptII/ptolemy/actor/lib/test/auto/FileWriter3.xml (RunModel)" time="0.011" />
  <testcase classname="ptolemy.util.test.junit.AutoTests" name="[176] /home/travis/build/icyphy/ptII/ptolemy/actor/lib/test/auto/Gaussian.xml (RunModel)" time="0.01" />
  <testcase classname="ptolemy.util.test.junit.AutoTests" name="[177] /home/travis/build/icyphy/ptII/ptolemy/actor/lib/test/auto/Gaussian1.xml (RunModel)" time="0.016" />
  <testcase classname="ptolemy.util.test.junit.AutoTests" name="[178] /home/travis/build/icyphy/ptII/ptolemy/actor/lib/test/auto/Gaussian2.xml (RunModel)" time="0.016" />
  <testcase classname="ptolemy.util.test.junit.AutoTests" name="[179] /home/travis/build/icyphy/ptII/ptolemy/actor/lib/test/auto/GradientAdaptiveLattice.xml (RunModel)" time="0.014" />
  <testcase classname="ptolemy.util.test.junit.AutoTests" name="[180] /home/travis/build/icyphy/ptII/ptolemy/actor/lib/test/auto/IIR.xml (RunModel)" time="0.009" />
  <testcase classname="ptolemy.util.test.junit.AutoTests" name="[181] /home/travis/build/icyphy/ptII/ptolemy/actor/lib/test/auto/InputOutputTransparentPorts.xml (RunModel)" time="0.017" />
  <testcase classname="ptolemy.util.test.junit.AutoTests" name="[182] /home/travis/build/icyphy/ptII/ptolemy/actor/lib/test/auto/Interpolator.xml (RunModel)" time="0.011" />
  <testcase classname="ptolemy.util.test.junit.AutoTests" name="[183] /home/travis/build/icyphy/ptII/ptolemy/actor/lib/test/auto/InterpolatorFiringLimitDE.xml (RunModel)" time="0.011" />
  <testcase classname="ptolemy.util.test.junit.AutoTests" name="[184] /home/travis/build/icyphy/ptII/ptolemy/actor/lib/test/auto/Lattice.xml (RunModel)" time="0.007" />
  <testcase classname="ptolemy.util.test.junit.AutoTests" name="[185] /home/travis/build/icyphy/ptII/ptolemy/actor/lib/test/auto/LazyAOCTestLazy.xml (RunModel)" time="0.035" />
  <testcase classname="ptolemy.util.test.junit.AutoTests" name="[186] /home/travis/build/icyphy/ptII/ptolemy/actor/lib/test/auto/LazyAOCTestNonLazy.xml (RunModel)" time="0.048" />
  <testcase classname="ptolemy.util.test.junit.AutoTests" name="[187] /home/travis/build/icyphy/ptII/ptolemy/actor/lib/test/auto/LazyInnerClass.xml (RunModel)" time="0.032" />
  <testcase classname="ptolemy.util.test.junit.AutoTests" name="[188] /home/travis/build/icyphy/ptII/ptolemy/actor/lib/test/auto/LazyPubSub.xml (RunModel)" time="0.038" />
  <testcase classname="ptolemy.util.test.junit.AutoTests" name="[189] /home/travis/build/icyphy/ptII/ptolemy/actor/lib/test/auto/LazyPubSub2.xml (RunModel)" time="0.041" />
  <testcase classname="ptolemy.util.test.junit.AutoTests" name="[190] /home/travis/build/icyphy/ptII/ptolemy/actor/lib/test/auto/LazyPubSub3.xml (RunModel)" time="0.024" />
  <testcase classname="ptolemy.util.test.junit.AutoTests" name="[191] /home/travis/build/icyphy/ptII/ptolemy/actor/lib/test/auto/LazySubClassModel.xml (RunModel)" time="0.023" />
  <testcase classname="ptolemy.util.test.junit.AutoTests" name="[192] /home/travis/build/icyphy/ptII/ptolemy/actor/lib/test/auto/LevelCrossTest1.xml (RunModel)" time="0.01" />
  <testcase classname="ptolemy.util.test.junit.AutoTests" name="[193] /home/travis/build/icyphy/ptII/ptolemy/actor/lib/test/auto/LevelCrossTest10.xml (RunModel)" time="0.013" />
  <testcase classname="ptolemy.util.test.junit.AutoTests" name="[194] /home/travis/build/icyphy/ptII/ptolemy/actor/lib/test/auto/LevelCrossTest11.xml (RunModel)" time="0.013" />
  <testcase classname="ptolemy.util.test.junit.AutoTests" name="[195] /home/travis/build/icyphy/ptII/ptolemy/actor/lib/test/auto/LevelCrossTest12.xml (RunModel)" time="0.014" />
  <testcase classname="ptolemy.util.test.junit.AutoTests" name="[196] /home/travis/build/icyphy/ptII/ptolemy/actor/lib/test/auto/LevelCrossTest13.xml (RunModel)" time="0.013" />
  <testcase classname="ptolemy.util.test.junit.AutoTests" name="[197] /home/travis/build/icyphy/ptII/ptolemy/actor/lib/test/auto/LevelCrossTest2.xml (RunModel)" time="0.008" />
  <testcase classname="ptolemy.util.test.junit.AutoTests" name="[198] /home/travis/build/icyphy/ptII/ptolemy/actor/lib/test/auto/LevelCrossTest3.xml (RunModel)" time="0.011" />
  <testcase classname="ptolemy.util.test.junit.AutoTests" name="[199] /home/travis/build/icyphy/ptII/ptolemy/actor/lib/test/auto/LevelCrossTest4.xml (RunModel)" time="0.01" />
  <testcase classname="ptolemy.util.test.junit.AutoTests" name="[200] /home/travis/build/icyphy/ptII/ptolemy/actor/lib/test/auto/LevelCrossTest5.xml (RunModel)" time="0.014" />
  <testcase classname="ptolemy.util.test.junit.AutoTests" name="[201] /home/travis/build/icyphy/ptII/ptolemy/actor/lib/test/auto/LevelCrossTest6.xml (RunModel)" time="0.021" />
  <testcase classname="ptolemy.util.test.junit.AutoTests" name="[202] /home/travis/build/icyphy/ptII/ptolemy/actor/lib/test/auto/LevelCrossTest7.xml (RunModel)" time="0.021" />
  <testcase classname="ptolemy.util.test.junit.AutoTests" name="[203] /home/travis/build/icyphy/ptII/ptolemy/actor/lib/test/auto/LevelCrossTest8.xml (RunModel)" time="0.013" />
  <testcase classname="ptolemy.util.test.junit.AutoTests" name="[204] /home/travis/build/icyphy/ptII/ptolemy/actor/lib/test/auto/LevelCrossTest9.xml (RunModel)" time="0.015" />
  <testcase classname="ptolemy.util.test.junit.AutoTests" name="[205] /home/travis/build/icyphy/ptII/ptolemy/actor/lib/test/auto/LevinsonDurbin.xml (RunModel)" time="0.009" />
  <testcase classname="ptolemy.util.test.junit.AutoTests" name="[206] /home/travis/build/icyphy/ptII/ptolemy/actor/lib/test/auto/LevinsonDurbin2.xml (RunModel)" time="0.008" />
  <testcase classname="ptolemy.util.test.junit.AutoTests" name="[207] /home/travis/build/icyphy/ptII/ptolemy/actor/lib/test/auto/LevinsonDurbin3.xml (RunModel)" time="0.009" />
  <testcase classname="ptolemy.util.test.junit.AutoTests" name="[208] /home/travis/build/icyphy/ptII/ptolemy/actor/lib/test/auto/Limiter.xml (RunModel)" time="0.044" />
  <testcase classname="ptolemy.util.test.junit.AutoTests" name="[209] /home/travis/build/icyphy/ptII/ptolemy/actor/lib/test/auto/LinearDifferenceEquationSystem.xml (RunModel)" time="0.023" />
  <testcase classname="ptolemy.util.test.junit.AutoTests" name="[210] /home/travis/build/icyphy/ptII/ptolemy/actor/lib/test/auto/LookupTable.xml (RunModel)" time="0.009" />
  <testcase classname="ptolemy.util.test.junit.AutoTests" name="[211] /home/travis/build/icyphy/ptII/ptolemy/actor/lib/test/auto/MathFunction.xml (RunModel)" time="0.019" />
  <testcase classname="ptolemy.util.test.junit.AutoTests" name="[212] /home/travis/build/icyphy/ptII/ptolemy/actor/lib/test/auto/MathFunction2.xml (RunModel)" time="0.011" />
  <testcase classname="ptolemy.util.test.junit.AutoTests" name="[213] /home/travis/build/icyphy/ptII/ptolemy/actor/lib/test/auto/MathFunction3.xml (RunModel)" time="0.029" />
  <testcase classname="ptolemy.util.test.junit.AutoTests" name="[214] /home/travis/build/icyphy/ptII/ptolemy/actor/lib/test/auto/MatrixCropBoolean.xml (RunModel)" time="0.016" />
  <testcase classname="ptolemy.util.test.junit.AutoTests" name="[215] /home/travis/build/icyphy/ptII/ptolemy/actor/lib/test/auto/MatrixCropComplex.xml (RunModel)" time="0.009" />
  <testcase classname="ptolemy.util.test.junit.AutoTests" name="[216] /home/travis/build/icyphy/ptII/ptolemy/actor/lib/test/auto/MatrixCropDouble.xml (RunModel)" time="0.009" />
  <testcase classname="ptolemy.util.test.junit.AutoTests" name="[217] /home/travis/build/icyphy/ptII/ptolemy/actor/lib/test/auto/MatrixCropFix.xml (RunModel)" time="0.012" />
  <testcase classname="ptolemy.util.test.junit.AutoTests" name="[218] /home/travis/build/icyphy/ptII/ptolemy/actor/lib/test/auto/MatrixCropInt.xml (RunModel)" time="0.008" />
  <testcase classname="ptolemy.util.test.junit.AutoTests" name="[219] /home/travis/build/icyphy/ptII/ptolemy/actor/lib/test/auto/MatrixCropLong.xml (RunModel)" time="0.007" />
  <testcase classname="ptolemy.util.test.junit.AutoTests" name="[220] /home/travis/build/icyphy/ptII/ptolemy/actor/lib/test/auto/MatrixToArray.xml (RunModel)" time="0.056" />
  <testcase classname="ptolemy.util.test.junit.AutoTests" name="[221] /home/travis/build/icyphy/ptII/ptolemy/actor/lib/test/auto/MaxIndex.xml (RunModel)" time="0.014" />
  <testcase classname="ptolemy.util.test.junit.AutoTests" name="[222] /home/travis/build/icyphy/ptII/ptolemy/actor/lib/test/auto/Maximum.xml (RunModel)" time="0.015" />
  <testcase classname="ptolemy.util.test.junit.AutoTests" name="[223] /home/travis/build/icyphy/ptII/ptolemy/actor/lib/test/auto/MaximumComplex.xml (RunModel)" time="0.014" />
  <testcase classname="ptolemy.util.test.junit.AutoTests" name="[224] /home/travis/build/icyphy/ptII/ptolemy/actor/lib/test/auto/MethodCallTest.xml (RunModel)" time="0.023" />
  <testcase classname="ptolemy.util.test.junit.AutoTests" name="[225] /home/travis/build/icyphy/ptII/ptolemy/actor/lib/test/auto/Minimum.xml (RunModel)" time="0.014" />
  <testcase classname="ptolemy.util.test.junit.AutoTests" name="[226] /home/travis/build/icyphy/ptII/ptolemy/actor/lib/test/auto/MinimumComplex.xml (RunModel)" time="0.024" />
  <testcase classname="ptolemy.util.test.junit.AutoTests" name="[227] /home/travis/build/icyphy/ptII/ptolemy/actor/lib/test/auto/MinimumMultiports.xml (RunModel)" time="0.018" />
  <testcase classname="ptolemy.util.test.junit.AutoTests" name="[228] /home/travis/build/icyphy/ptII/ptolemy/actor/lib/test/auto/ModifyDate.xml (RunModel)" time="0.056" />
  <testcase classname="ptolemy.util.test.junit.AutoTests" name="[229] /home/travis/build/icyphy/ptII/ptolemy/actor/lib/test/auto/ModifyDate2.xml (RunModel)" time="0.032" />
  <testcase classname="ptolemy.util.test.junit.AutoTests" name="[230] /home/travis/build/icyphy/ptII/ptolemy/actor/lib/test/auto/MovingAverage.xml (RunModel)" time="0.011" />
  <testcase classname="ptolemy.util.test.junit.AutoTests" name="[231] /home/travis/build/icyphy/ptII/ptolemy/actor/lib/test/auto/MovingMaximum.xml (RunModel)" time="0.011" />
  <testcase classname="ptolemy.util.test.junit.AutoTests" name="[232] /home/travis/build/icyphy/ptII/ptolemy/actor/lib/test/auto/MultipleLinksToSameRelation.xml (RunModel)" time="0.007" />
  <testcase classname="ptolemy.util.test.junit.AutoTests" name="[233] /home/travis/build/icyphy/ptII/ptolemy/actor/lib/test/auto/MultipleLinksToSameRelationDE.xml (RunModel)" time="0.018" />
  <testcase classname="ptolemy.util.test.junit.AutoTests" name="[234] /home/travis/build/icyphy/ptII/ptolemy/actor/lib/test/auto/Multiplexor.xml (RunModel)" time="0.012" />
  <testcase classname="ptolemy.util.test.junit.AutoTests" name="[235] /home/travis/build/icyphy/ptII/ptolemy/actor/lib/test/auto/Multiplexor1.xml (RunModel)" time="0.013" />
  <testcase classname="ptolemy.util.test.junit.AutoTests" name="[236] /home/travis/build/icyphy/ptII/ptolemy/actor/lib/test/auto/Multiplexor2.xml (RunModel)" time="0.018" />
  <testcase classname="ptolemy.util.test.junit.AutoTests" name="[237] /home/travis/build/icyphy/ptII/ptolemy/actor/lib/test/auto/Multiplexor3.xml (RunModel)" time="0.007" />
  <testcase classname="ptolemy.util.test.junit.AutoTests" name="[238] /home/travis/build/icyphy/ptII/ptolemy/actor/lib/test/auto/MultiplexorDE.xml (RunModel)" time="0.015" />
  <testcase classname="ptolemy.util.test.junit.AutoTests" name="[239] /home/travis/build/icyphy/ptII/ptolemy/actor/lib/test/auto/MultiportBroadcastTest.xml (RunModel)" time="0.086" />
  <testcase classname="ptolemy.util.test.junit.AutoTests" name="[240] /home/travis/build/icyphy/ptII/ptolemy/actor/lib/test/auto/MultiportOutHangDuringGetWidth.xml (RunModel)" time="0.036" />
  <testcase classname="ptolemy.util.test.junit.AutoTests" name="[241] /home/travis/build/icyphy/ptII/ptolemy/actor/lib/test/auto/NilToken.xml (RunModel)" time="0.01" />
  <testcase classname="ptolemy.util.test.junit.AutoTests" name="[242] /home/travis/build/icyphy/ptII/ptolemy/actor/lib/test/auto/NilTokenNonStrictTest.xml (RunModel)" time="0.012" />
  <testcase classname="ptolemy.util.test.junit.AutoTests" name="[243] /home/travis/build/icyphy/ptII/ptolemy/actor/lib/test/auto/NilTokenRecord.xml (RunModel)" time="0.026" />
  <testcase classname="ptolemy.util.test.junit.AutoTests" name="[244] /home/travis/build/icyphy/ptII/ptolemy/actor/lib/test/auto/NilTokenTypeTest.xml (RunModel)" time="0.026" />
  <testcase classname="ptolemy.util.test.junit.AutoTests" name="[245] /home/travis/build/icyphy/ptII/ptolemy/actor/lib/test/auto/ObjectToken1.xml (RunModel)" time="0.007" />
  <testcase classname="ptolemy.util.test.junit.AutoTests" name="[246] /home/travis/build/icyphy/ptII/ptolemy/actor/lib/test/auto/OrderedMerge.xml (RunModel)" time="0.02" />
  <testcase classname="ptolemy.util.test.junit.AutoTests" name="[247] /home/travis/build/icyphy/ptII/ptolemy/actor/lib/test/auto/OrderedRecordDisassembler.xml (RunModel)" time="0.013" />
  <testcase classname="ptolemy.util.test.junit.AutoTests" name="[248] /home/travis/build/icyphy/ptII/ptolemy/actor/lib/test/auto/OrderedRecordDisassembler2.xml (RunModel)" time="0.016" />
  <testcase classname="ptolemy.util.test.junit.AutoTests" name="[249] /home/travis/build/icyphy/ptII/ptolemy/actor/lib/test/auto/OrderedRecordUpdater.xml (RunModel)" time="0.01" />
  <testcase classname="ptolemy.util.test.junit.AutoTests" name="[250] /home/travis/build/icyphy/ptII/ptolemy/actor/lib/test/auto/OrderedRecordUpdater2.xml (RunModel)" time="0.032" />
  <testcase classname="ptolemy.util.test.junit.AutoTests" name="[251] /home/travis/build/icyphy/ptII/ptolemy/actor/lib/test/auto/PhaseUnwrap.xml (RunModel)" time="0.011" />
  <testcase classname="ptolemy.util.test.junit.AutoTests" name="[252] /home/travis/build/icyphy/ptII/ptolemy/actor/lib/test/auto/PoissonClock.xml (RunModel)" time="0.009" />
  <testcase classname="ptolemy.util.test.junit.AutoTests" name="[253] /home/travis/build/icyphy/ptII/ptolemy/actor/lib/test/auto/PoissonClock2.xml (RunModel)" time="0.007" />
  <testcase classname="ptolemy.util.test.junit.AutoTests" name="[254] /home/travis/build/icyphy/ptII/ptolemy/actor/lib/test/auto/PoissonClock3.xml (RunModel)" time="0.023" />
  <testcase classname="ptolemy.util.test.junit.AutoTests" name="[255] /home/travis/build/icyphy/ptII/ptolemy/actor/lib/test/auto/PubSubWithInitialTokens.xml (RunModel)" time="0.014" />
  <testcase classname="ptolemy.util.test.junit.AutoTests" name="[256] /home/travis/build/icyphy/ptII/ptolemy/actor/lib/test/auto/PubSubWithInitialTokens2.xml (RunModel)" time="0.014" />
  <testcase classname="ptolemy.util.test.junit.AutoTests" name="[257] /home/travis/build/icyphy/ptII/ptolemy/actor/lib/test/auto/PublisherClassNoParameter.xml (RunModel)" time="0.03" />
  <testcase classname="ptolemy.util.test.junit.AutoTests" name="[258] /home/travis/build/icyphy/ptII/ptolemy/actor/lib/test/auto/PublisherClassParameter.xml (RunModel)" time="0.024" />
  <testcase classname="ptolemy.util.test.junit.AutoTests" name="[259] /home/travis/build/icyphy/ptII/ptolemy/actor/lib/test/auto/PublisherNonStrictTest.xml (RunModel)" time="0.015" />
  <testcase classname="ptolemy.util.test.junit.AutoTests" name="[260] /home/travis/build/icyphy/ptII/ptolemy/actor/lib/test/auto/PublisherPort1.xml (RunModel)" time="0.017" />
  <testcase classname="ptolemy.util.test.junit.AutoTests" name="[261] /home/travis/build/icyphy/ptII/ptolemy/actor/lib/test/auto/PublisherPort2.xml (RunModel)" time="0.013" />
  <testcase classname="ptolemy.util.test.junit.AutoTests" name="[262] /home/travis/build/icyphy/ptII/ptolemy/actor/lib/test/auto/PublisherPort3.xml (RunModel)" time="0.012" />
  <testcase classname="ptolemy.util.test.junit.AutoTests" name="[263] /home/travis/build/icyphy/ptII/ptolemy/actor/lib/test/auto/PublisherPort4.xml (RunModel)" time="0.01" />
  <testcase classname="ptolemy.util.test.junit.AutoTests" name="[264] /home/travis/build/icyphy/ptII/ptolemy/actor/lib/test/auto/PublisherPort5.xml (RunModel)" time="0.018" />
  <testcase classname="ptolemy.util.test.junit.AutoTests" name="[265] /home/travis/build/icyphy/ptII/ptolemy/actor/lib/test/auto/PublisherPort5LookAlike.xml (RunModel)" time="0.017" />
  <testcase classname="ptolemy.util.test.junit.AutoTests" name="[266] /home/travis/build/icyphy/ptII/ptolemy/actor/lib/test/auto/PublisherPort6.xml (RunModel)" time="0.012" />
  <testcase classname="ptolemy.util.test.junit.AutoTests" name="[267] /home/travis/build/icyphy/ptII/ptolemy/actor/lib/test/auto/PublisherPort7.xml (RunModel)" time="0.013" />
  <testcase classname="ptolemy.util.test.junit.AutoTests" name="[268] /home/travis/build/icyphy/ptII/ptolemy/actor/lib/test/auto/PublisherPort8.xml (RunModel)" time="0.014" />
  <testcase classname="ptolemy.util.test.junit.AutoTests" name="[269] /home/travis/build/icyphy/ptII/ptolemy/actor/lib/test/auto/PublisherPortSubscriberChannelVariablesAOC2.xml (RunModel)" time="0.038" />
  <testcase classname="ptolemy.util.test.junit.AutoTests" name="[270] /home/travis/build/icyphy/ptII/ptolemy/actor/lib/test/auto/PublisherPortSubscriberOpaqueWidthInference.xml (RunModel)" time="0.013" />
  <testcase classname="ptolemy.util.test.junit.AutoTests" name="[271] /home/travis/build/icyphy/ptII/ptolemy/actor/lib/test/auto/PublisherPortSubscriberPortAdjacent.xml (RunModel)" time="0.016" />
  <testcase classname="ptolemy.util.test.junit.AutoTests" name="[272] /home/travis/build/icyphy/ptII/ptolemy/actor/lib/test/auto/PublisherPortSubscriberPortExpression.xml (RunModel)" time="0.017" />
  <testcase classname="ptolemy.util.test.junit.AutoTests" name="[273] /home/travis/build/icyphy/ptII/ptolemy/actor/lib/test/auto/PublisherPortSubscriberPortOpaqueD3Reverse.xml (RunModel)" time="0.019" />
  <testcase classname="ptolemy.util.test.junit.AutoTests" name="[274] /home/travis/build/icyphy/ptII/ptolemy/actor/lib/test/auto/PublisherPortSubscriberPortOpaqueWidthInference.xml (RunModel)" time="0.014" />
  <testcase classname="ptolemy.util.test.junit.AutoTests" name="[275] /home/travis/build/icyphy/ptII/ptolemy/actor/lib/test/auto/PublisherPortToplevelSubscriberPortAOC.xml (RunModel)" time="0.011" />
  <testcase classname="ptolemy.util.test.junit.AutoTests" name="[276] /home/travis/build/icyphy/ptII/ptolemy/actor/lib/test/auto/PublisherSubscriber.xml (RunModel)" time="0.014" />
  <testcase classname="ptolemy.util.test.junit.AutoTests" name="[277] /home/travis/build/icyphy/ptII/ptolemy/actor/lib/test/auto/PublisherSubscriber10.xml (RunModel)" time="0.022" />
  <testcase classname="ptolemy.util.test.junit.AutoTests" name="[278] /home/travis/build/icyphy/ptII/ptolemy/actor/lib/test/auto/PublisherSubscriber10InitialOutputs.xml (RunModel)" time="0.031" />
  <testcase classname="ptolemy.util.test.junit.AutoTests" name="[279] /home/travis/build/icyphy/ptII/ptolemy/actor/lib/test/auto/PublisherSubscriber11.xml (RunModel)" time="0.021" />
  <testcase classname="ptolemy.util.test.junit.AutoTests" name="[280] /home/travis/build/icyphy/ptII/ptolemy/actor/lib/test/auto/PublisherSubscriber12.xml (RunModel)" time="0.015" />
  <testcase classname="ptolemy.util.test.junit.AutoTests" name="[281] /home/travis/build/icyphy/ptII/ptolemy/actor/lib/test/auto/PublisherSubscriber13.xml (RunModel)" time="0.019" />
  <testcase classname="ptolemy.util.test.junit.AutoTests" name="[282] /home/travis/build/icyphy/ptII/ptolemy/actor/lib/test/auto/PublisherSubscriber14.xml (RunModel)" time="0.033" />
  <testcase classname="ptolemy.util.test.junit.AutoTests" name="[283] /home/travis/build/icyphy/ptII/ptolemy/actor/lib/test/auto/PublisherSubscriber2.xml (RunModel)" time="0.009" />
  <testcase classname="ptolemy.util.test.junit.AutoTests" name="[284] /home/travis/build/icyphy/ptII/ptolemy/actor/lib/test/auto/PublisherSubscriber3.xml (RunModel)" time="0.008" />
  <testcase classname="ptolemy.util.test.junit.AutoTests" name="[285] /home/travis/build/icyphy/ptII/ptolemy/actor/lib/test/auto/PublisherSubscriber4.xml (RunModel)" time="0.009" />
  <testcase classname="ptolemy.util.test.junit.AutoTests" name="[286] /home/travis/build/icyphy/ptII/ptolemy/actor/lib/test/auto/PublisherSubscriber5.xml (RunModel)" time="0.01" />
  <testcase classname="ptolemy.util.test.junit.AutoTests" name="[287] /home/travis/build/icyphy/ptII/ptolemy/actor/lib/test/auto/PublisherSubscriber6.xml (RunModel)" time="0.014" />
  <testcase classname="ptolemy.util.test.junit.AutoTests" name="[288] /home/travis/build/icyphy/ptII/ptolemy/actor/lib/test/auto/PublisherSubscriber7.xml (RunModel)" time="0.012" />
  <testcase classname="ptolemy.util.test.junit.AutoTests" name="[289] /home/travis/build/icyphy/ptII/ptolemy/actor/lib/test/auto/PublisherSubscriber8.xml (RunModel)" time="0.023" />
  <testcase classname="ptolemy.util.test.junit.AutoTests" name="[290] /home/travis/build/icyphy/ptII/ptolemy/actor/lib/test/auto/PublisherSubscriber9.xml (RunModel)" time="0.014" />
  <testcase classname="ptolemy.util.test.junit.AutoTests" name="[291] /home/travis/build/icyphy/ptII/ptolemy/actor/lib/test/auto/PublisherSubscriberAdjacent.xml (RunModel)" time="0.015" />
  <testcase classname="ptolemy.util.test.junit.AutoTests" name="[292] /home/travis/build/icyphy/ptII/ptolemy/actor/lib/test/auto/PublisherSubscriberChannelVariablesAOC2.xml (RunModel)" time="0.023" />
  <testcase classname="ptolemy.util.test.junit.AutoTests" name="[293] /home/travis/build/icyphy/ptII/ptolemy/actor/lib/test/auto/PublisherSubscriberD3.xml (RunModel)" time="0.011" />
  <testcase classname="ptolemy.util.test.junit.AutoTests" name="[294] /home/travis/build/icyphy/ptII/ptolemy/actor/lib/test/auto/PublisherSubscriberD3Reverse.xml (RunModel)" time="0.009" />
  <testcase classname="ptolemy.util.test.junit.AutoTests" name="[295] /home/travis/build/icyphy/ptII/ptolemy/actor/lib/test/auto/PublisherSubscriberExpression.xml (RunModel)" time="0.017" />
  <testcase classname="ptolemy.util.test.junit.AutoTests" name="[296] /home/travis/build/icyphy/ptII/ptolemy/actor/lib/test/auto/PublisherSubscriberOpaque.xml (RunModel)" time="0.014" />
  <testcase classname="ptolemy.util.test.junit.AutoTests" name="[297] /home/travis/build/icyphy/ptII/ptolemy/actor/lib/test/auto/PublisherSubscriberOpaqueD3.xml (RunModel)" time="0.019" />
  <testcase classname="ptolemy.util.test.junit.AutoTests" name="[298] /home/travis/build/icyphy/ptII/ptolemy/actor/lib/test/auto/PublisherSubscriberOpaqueD3Reverse.xml (RunModel)" time="0.019" />
  <testcase classname="ptolemy.util.test.junit.AutoTests" name="[299] /home/travis/build/icyphy/ptII/ptolemy/actor/lib/test/auto/PublisherSubscriberOpaqueWidthInference.xml (RunModel)" time="0.015" />
  <testcase classname="ptolemy.util.test.junit.AutoTests" name="[300] /home/travis/build/icyphy/ptII/ptolemy/actor/lib/test/auto/PublisherTestSubscriber.xml (RunModel)" time="0.013" />
  <testcase classname="ptolemy.util.test.junit.AutoTests" name="[301] /home/travis/build/icyphy/ptII/ptolemy/actor/lib/test/auto/PublisherToplevelSubscriberPortAOC.xml (RunModel)" time="0.009" />
  <testcase classname="ptolemy.util.test.junit.AutoTests" name="[302] /home/travis/build/icyphy/ptII/ptolemy/actor/lib/test/auto/PulseFiringLimitDE.xml (RunModel)" time="0.012" />
  <testcase classname="ptolemy.util.test.junit.AutoTests" name="[303] /home/travis/build/icyphy/ptII/ptolemy/actor/lib/test/auto/Ramp1.xml (RunModel)" time="0.006" />
  <testcase classname="ptolemy.util.test.junit.AutoTests" name="[304] /home/travis/build/icyphy/ptII/ptolemy/actor/lib/test/auto/RampFiringLimitDE.xml (RunModel)" time="0.011" />
  <testcase classname="ptolemy.util.test.junit.AutoTests" name="[305] /home/travis/build/icyphy/ptII/ptolemy/actor/lib/test/auto/RampFiringLimitSDF.xml (RunModel)" time="0.009" />
  <testcase classname="ptolemy.util.test.junit.AutoTests" name="[306] /home/travis/build/icyphy/ptII/ptolemy/actor/lib/test/auto/RandomInteger.xml (RunModel)" time="0.008" />
  <testcase classname="ptolemy.util.test.junit.AutoTests" name="[307] /home/travis/build/icyphy/ptII/ptolemy/actor/lib/test/auto/ReadFile1.xml (RunModel)" time="0.007" />
  <testcase classname="ptolemy.util.test.junit.AutoTests" name="[308] /home/travis/build/icyphy/ptII/ptolemy/actor/lib/test/auto/ReadFile2.xml (RunModel)" time="0.006" />
  <testcase classname="ptolemy.util.test.junit.AutoTests" name="[309] /home/travis/build/icyphy/ptII/ptolemy/actor/lib/test/auto/Reader.xml (RunModel)" time="0.012" />
  <testcase classname="ptolemy.util.test.junit.AutoTests" name="[310] /home/travis/build/icyphy/ptII/ptolemy/actor/lib/test/auto/RecordAssemblerDisplayNameTest.xml (RunModel)" time="3.347" />
  <testcase classname="ptolemy.util.test.junit.AutoTests" name="[311] /home/travis/build/icyphy/ptII/ptolemy/actor/lib/test/auto/RecordAssemblerTypeError.xml (RunModel)" time="0.036" />
  <testcase classname="ptolemy.util.test.junit.AutoTests" name="[312] /home/travis/build/icyphy/ptII/ptolemy/actor/lib/test/auto/RecordDisassember.xml (RunModel)" time="0.009" />
  <testcase classname="ptolemy.util.test.junit.AutoTests" name="[313] /home/travis/build/icyphy/ptII/ptolemy/actor/lib/test/auto/RecordDisassemberDisplayNameTest.xml (RunModel)" time="0.02" />
  <testcase classname="ptolemy.util.test.junit.AutoTests" name="[314] /home/travis/build/icyphy/ptII/ptolemy/actor/lib/test/auto/RecordDisassembler.xml (RunModel)" time="0.014" />
  <testcase classname="ptolemy.util.test.junit.AutoTests" name="[315] /home/travis/build/icyphy/ptII/ptolemy/actor/lib/test/auto/RecordDisassembler2.xml (RunModel)" time="0.016" />
  <testcase classname="ptolemy.util.test.junit.AutoTests" name="[316] /home/travis/build/icyphy/ptII/ptolemy/actor/lib/test/auto/RecordUpdater.xml (RunModel)" time="0.012" />
  <testcase classname="ptolemy.util.test.junit.AutoTests" name="[317] /home/travis/build/icyphy/ptII/ptolemy/actor/lib/test/auto/RecordUpdater2.xml (RunModel)" time="0.014" />
  <testcase classname="ptolemy.util.test.junit.AutoTests" name="[318] /home/travis/build/icyphy/ptII/ptolemy/actor/lib/test/auto/RecursiveLattice.xml (RunModel)" time="0.007" />
  <testcase classname="ptolemy.util.test.junit.AutoTests" name="[319] /home/travis/build/icyphy/ptII/ptolemy/actor/lib/test/auto/Router.xml (RunModel)" time="3.023" />
  <testcase classname="ptolemy.util.test.junit.AutoTests" name="[320] /home/travis/build/icyphy/ptII/ptolemy/actor/lib/test/auto/Router2.xml (RunModel)" time="3.031" />
  <testcase classname="ptolemy.util.test.junit.AutoTests" name="[321] /home/travis/build/icyphy/ptII/ptolemy/actor/lib/test/auto/RunningMaximum.xml (RunModel)" time="0.027" />
  <testcase classname="ptolemy.util.test.junit.AutoTests" name="[322] /home/travis/build/icyphy/ptII/ptolemy/actor/lib/test/auto/RunningMinimum.xml (RunModel)" time="0.009" />
  <testcase classname="ptolemy.util.test.junit.AutoTests" name="[323] /home/travis/build/icyphy/ptII/ptolemy/actor/lib/test/auto/Scale.xml (RunModel)" time="0.005" />
  <testcase classname="ptolemy.util.test.junit.AutoTests" name="[324] /home/travis/build/icyphy/ptII/ptolemy/actor/lib/test/auto/Scale2.xml (RunModel)" time="0.008" />
  <testcase classname="ptolemy.util.test.junit.AutoTests" name="[325] /home/travis/build/icyphy/ptII/ptolemy/actor/lib/test/auto/Scale3.xml (RunModel)" time="0.011" />
  <testcase classname="ptolemy.util.test.junit.AutoTests" name="[326] /home/travis/build/icyphy/ptII/ptolemy/actor/lib/test/auto/ScaleArray.xml (RunModel)" time="0.006" />
  <testcase classname="ptolemy.util.test.junit.AutoTests" name="[327] /home/travis/build/icyphy/ptII/ptolemy/actor/lib/test/auto/ScaleArray2.xml (RunModel)" time="0.007" />
  <testcase classname="ptolemy.util.test.junit.AutoTests" name="[328] /home/travis/build/icyphy/ptII/ptolemy/actor/lib/test/auto/ScaleMatrix.xml (RunModel)" time="0.145" />
  <testcase classname="ptolemy.util.test.junit.AutoTests" name="[329] /home/travis/build/icyphy/ptII/ptolemy/actor/lib/test/auto/Select.xml (RunModel)" time="0.014" />
  <testcase classname="ptolemy.util.test.junit.AutoTests" name="[330] /home/travis/build/icyphy/ptII/ptolemy/actor/lib/test/auto/Select2.xml (RunModel)" time="0.008" />
  <testcase classname="ptolemy.util.test.junit.AutoTests" name="[331] /home/travis/build/icyphy/ptII/ptolemy/actor/lib/test/auto/SequenceToArray2.xml (RunModel)" time="0.136" />
  <testcase classname="ptolemy.util.test.junit.AutoTests" name="[332] /home/travis/build/icyphy/ptII/ptolemy/actor/lib/test/auto/SequentialClock.xml (RunModel)" time="0.014" />
  <testcase classname="ptolemy.util.test.junit.AutoTests" name="[333] /home/travis/build/icyphy/ptII/ptolemy/actor/lib/test/auto/SetVariable.xml (RunModel)" time="0.012" />
  <testcase classname="ptolemy.util.test.junit.AutoTests" name="[334] /home/travis/build/icyphy/ptII/ptolemy/actor/lib/test/auto/SetVariable2.xml (RunModel)" time="0.009" />
  <testcase classname="ptolemy.util.test.junit.AutoTests" name="[335] /home/travis/build/icyphy/ptII/ptolemy/actor/lib/test/auto/SetVariable3.xml (RunModel)" time="0.016" />
  <testcase classname="ptolemy.util.test.junit.AutoTests" name="[336] /home/travis/build/icyphy/ptII/ptolemy/actor/lib/test/auto/SetVariable4.xml (RunModel)" time="0.027" />
  <testcase classname="ptolemy.util.test.junit.AutoTests" name="[337] /home/travis/build/icyphy/ptII/ptolemy/actor/lib/test/auto/SetVariable5.xml (RunModel)" time="0.037" />
  <testcase classname="ptolemy.util.test.junit.AutoTests" name="[338] /home/travis/build/icyphy/ptII/ptolemy/actor/lib/test/auto/Sinewave.xml (RunModel)" time="0.022" />
  <testcase classname="ptolemy.util.test.junit.AutoTests" name="[339] /home/travis/build/icyphy/ptII/ptolemy/actor/lib/test/auto/Sinewave2.xml (RunModel)" time="0.014" />
  <testcase classname="ptolemy.util.test.junit.AutoTests" name="[340] /home/travis/build/icyphy/ptII/ptolemy/actor/lib/test/auto/Sinewave3.xml (RunModel)" time="0.014" />
  <testcase classname="ptolemy.util.test.junit.AutoTests" name="[341] /home/travis/build/icyphy/ptII/ptolemy/actor/lib/test/auto/SingleEvent.xml (RunModel)" time="0.005" />
  <testcase classname="ptolemy.util.test.junit.AutoTests" name="[342] /home/travis/build/icyphy/ptII/ptolemy/actor/lib/test/auto/Sleep.xml (RunModel)" time="6.016" />
  <testcase classname="ptolemy.util.test.junit.AutoTests" name="[343] /home/travis/build/icyphy/ptII/ptolemy/actor/lib/test/auto/SleepMultipleFire.xml (RunModel)" time="1.022" />
  <testcase classname="ptolemy.util.test.junit.AutoTests" name="[344] /home/travis/build/icyphy/ptII/ptolemy/actor/lib/test/auto/StopDE.xml (RunModel)" time="0.019" />
  <testcase classname="ptolemy.util.test.junit.AutoTests" name="[345] /home/travis/build/icyphy/ptII/ptolemy/actor/lib/test/auto/StopSDF.xml (RunModel)" time="0.013" />
  <testcase classname="ptolemy.util.test.junit.AutoTests" name="[346] /home/travis/build/icyphy/ptII/ptolemy/actor/lib/test/auto/StringConstant.xml (RunModel)" time="0.014" />
  <testcase classname="ptolemy.util.test.junit.AutoTests" name="[347] /home/travis/build/icyphy/ptII/ptolemy/actor/lib/test/auto/SubscriberPortInitialValues1.xml (RunModel)" time="0.022" />
  <testcase classname="ptolemy.util.test.junit.AutoTests" name="[348] /home/travis/build/icyphy/ptII/ptolemy/actor/lib/test/auto/SubscriberPortInitialValues13.xml (RunModel)" time="0.024" />
  <testcase classname="ptolemy.util.test.junit.AutoTests" name="[349] /home/travis/build/icyphy/ptII/ptolemy/actor/lib/test/auto/SubscriberPortInitialValues14.xml (RunModel)" time="0.012" />
  <testcase classname="ptolemy.util.test.junit.AutoTests" name="[350] /home/travis/build/icyphy/ptII/ptolemy/actor/lib/test/auto/SubscriberPortInitialValues2.xml (RunModel)" time="0.013" />
  <testcase classname="ptolemy.util.test.junit.AutoTests" name="[351] /home/travis/build/icyphy/ptII/ptolemy/actor/lib/test/auto/SubscriberPortInitialValues3.xml (RunModel)" time="0.019" />
  <testcase classname="ptolemy.util.test.junit.AutoTests" name="[352] /home/travis/build/icyphy/ptII/ptolemy/actor/lib/test/auto/SubscriptionAggregator.xml (RunModel)" time="0.012" />
  <testcase classname="ptolemy.util.test.junit.AutoTests" name="[353] /home/travis/build/icyphy/ptII/ptolemy/actor/lib/test/auto/SubscriptionAggregator2.xml (RunModel)" time="0.012" />
  <testcase classname="ptolemy.util.test.junit.AutoTests" name="[354] /home/travis/build/icyphy/ptII/ptolemy/actor/lib/test/auto/SubscriptionAggregator3.xml (RunModel)" time="0.016" />
  <testcase classname="ptolemy.util.test.junit.AutoTests" name="[355] /home/travis/build/icyphy/ptII/ptolemy/actor/lib/test/auto/SubscriptionAggregatorMultiply.xml (RunModel)" time="0.015" />
  <testcase classname="ptolemy.util.test.junit.AutoTests" name="[356] /home/travis/build/icyphy/ptII/ptolemy/actor/lib/test/auto/SubscriptionAggregatorPortMultiply1.xml (RunModel)" time="0.013" />
  <testcase classname="ptolemy.util.test.junit.AutoTests" name="[357] /home/travis/build/icyphy/ptII/ptolemy/actor/lib/test/auto/Switch.xml (RunModel)" time="0.02" />
  <testcase classname="ptolemy.util.test.junit.AutoTests" name="[358] /home/travis/build/icyphy/ptII/ptolemy/actor/lib/test/auto/Switch2.xml (RunModel)" time="0.013" />
  <testcase classname="ptolemy.util.test.junit.AutoTests" name="[359] /home/travis/build/icyphy/ptII/ptolemy/actor/lib/test/auto/SwitchDE.xml (RunModel)" time="0.015" />
  <testcase classname="ptolemy.util.test.junit.AutoTests" name="[360] /home/travis/build/icyphy/ptII/ptolemy/actor/lib/test/auto/SynchronizerDE.xml (RunModel)" time="0.021" />
  <testcase classname="ptolemy.util.test.junit.AutoTests" name="[361] /home/travis/build/icyphy/ptII/ptolemy/actor/lib/test/auto/Test.xml (RunModel)" time="0.008" />
  <testcase classname="ptolemy.util.test.junit.AutoTests" name="[362] /home/travis/build/icyphy/ptII/ptolemy/actor/lib/test/auto/TestExceptionAttribute1.xml (RunModel)" time="0.006" />
  <testcase classname="ptolemy.util.test.junit.AutoTests" name="[363] /home/travis/build/icyphy/ptII/ptolemy/actor/lib/test/auto/TestExceptionAttribute2.xml (RunModel)" time="0.007" />
  <testcase classname="ptolemy.util.test.junit.AutoTests" name="[364] /home/travis/build/icyphy/ptII/ptolemy/actor/lib/test/auto/TestExceptionAttribute3.xml (RunModel)" time="0.009" />
  <testcase classname="ptolemy.util.test.junit.AutoTests" name="[365] /home/travis/build/icyphy/ptII/ptolemy/actor/lib/test/auto/TestExceptionAttribute4.xml (RunModel)" time="0.005" />
  <testcase classname="ptolemy.util.test.junit.AutoTests" name="[366] /home/travis/build/icyphy/ptII/ptolemy/actor/lib/test/auto/TestExceptionHandler1.xml (RunModel)" time="0.006" />
  <testcase classname="ptolemy.util.test.junit.AutoTests" name="[367] /home/travis/build/icyphy/ptII/ptolemy/actor/lib/test/auto/TestExceptionHandler2.xml (RunModel)" time="0.013" />
  <testcase classname="ptolemy.util.test.junit.AutoTests" name="[368] /home/travis/build/icyphy/ptII/ptolemy/actor/lib/test/auto/TestExceptionHandler3.xml (RunModel)" time="0.005" />
  <testcase classname="ptolemy.util.test.junit.AutoTests" name="[369] /home/travis/build/icyphy/ptII/ptolemy/actor/lib/test/auto/TestExceptionHandler4.xml (RunModel)" time="0.005" />
  <testcase classname="ptolemy.util.test.junit.AutoTests" name="[370] /home/travis/build/icyphy/ptII/ptolemy/actor/lib/test/auto/TestRequireCorrectOrder.xml (RunModel)" time="0.01" />
  <testcase classname="ptolemy.util.test.junit.AutoTests" name="[371] /home/travis/build/icyphy/ptII/ptolemy/actor/lib/test/auto/TestSimple.xml (RunModel)" time="0.006" />
  <testcase classname="ptolemy.util.test.junit.AutoTests" name="[372] /home/travis/build/icyphy/ptII/ptolemy/actor/lib/test/auto/ThrowModelError.xml (RunModel)" time="0.009" />
  <testcase classname="ptolemy.util.test.junit.AutoTests" name="[373] /home/travis/build/icyphy/ptII/ptolemy/actor/lib/test/auto/TimeDelayMicrosteps.xml (RunModel)" time="0.014" />
  <testcase classname="ptolemy.util.test.junit.AutoTests" name="[374] /home/travis/build/icyphy/ptII/ptolemy/actor/lib/test/auto/TimeDelayMicrosteps2.xml (RunModel)" time="0.013" />
  <testcase classname="ptolemy.util.test.junit.AutoTests" name="[375] /home/travis/build/icyphy/ptII/ptolemy/actor/lib/test/auto/TimeDelayMicrosteps3.xml (RunModel)" time="0.011" />
  <testcase classname="ptolemy.util.test.junit.AutoTests" name="[376] /home/travis/build/icyphy/ptII/ptolemy/actor/lib/test/auto/TimeDelayVariableMicrosteps.xml (RunModel)" time="0.01" />
  <testcase classname="ptolemy.util.test.junit.AutoTests" name="[377] /home/travis/build/icyphy/ptII/ptolemy/actor/lib/test/auto/TimeGap.xml (RunModel)" time="0.013" />
  <testcase classname="ptolemy.util.test.junit.AutoTests" name="[378] /home/travis/build/icyphy/ptII/ptolemy/actor/lib/test/auto/TimeGap2.xml (RunModel)" time="0.009" />
  <testcase classname="ptolemy.util.test.junit.AutoTests" name="[379] /home/travis/build/icyphy/ptII/ptolemy/actor/lib/test/auto/TimedSinewave.xml (RunModel)" time="0.047" />
  <testcase classname="ptolemy.util.test.junit.AutoTests" name="[380] /home/travis/build/icyphy/ptII/ptolemy/actor/lib/test/auto/TimedSinewavePhase.xml (RunModel)" time="0.036" />
  <testcase classname="ptolemy.util.test.junit.AutoTests" name="[381] /home/travis/build/icyphy/ptII/ptolemy/actor/lib/test/auto/Timer.xml (RunModel)" time="0.013" />
  <testcase classname="ptolemy.util.test.junit.AutoTests" name="[382] /home/travis/build/icyphy/ptII/ptolemy/actor/lib/test/auto/TriangularDistTestModel.xml (RunModel)" time="0.015" />
  <testcase classname="ptolemy.util.test.junit.AutoTests" name="[383] /home/travis/build/icyphy/ptII/ptolemy/actor/lib/test/auto/TrigFunction.xml (RunModel)" time="0.007" />
  <testcase classname="ptolemy.util.test.junit.AutoTests" name="[384] /home/travis/build/icyphy/ptII/ptolemy/actor/lib/test/auto/TrigFunctionDE.xml (RunModel)" time="0.008" />
  <testcase classname="ptolemy.util.test.junit.AutoTests" name="[385] /home/travis/build/icyphy/ptII/ptolemy/actor/lib/test/auto/TrigFunctionInverse.xml (RunModel)" time="0.011" />
  <testcase classname="ptolemy.util.test.junit.AutoTests" name="[386] /home/travis/build/icyphy/ptII/ptolemy/actor/lib/test/auto/TrigFunctionTan.xml (RunModel)" time="0.011" />
  <testcase classname="ptolemy.util.test.junit.AutoTests" name="[387] /home/travis/build/icyphy/ptII/ptolemy/actor/lib/test/auto/TriggeredClock.xml (RunModel)" time="0.007" />
  <testcase classname="ptolemy.util.test.junit.AutoTests" name="[388] /home/travis/build/icyphy/ptII/ptolemy/actor/lib/test/auto/URLDirectoryReader.xml (RunModel)" time="0.11" />
  <testcase classname="ptolemy.util.test.junit.AutoTests" name="[389] /home/travis/build/icyphy/ptII/ptolemy/actor/lib/test/auto/URLDirectoryReader3.xml (RunModel)" time="1.25" />
  <testcase classname="ptolemy.util.test.junit.AutoTests" name="[390] /home/travis/build/icyphy/ptII/ptolemy/actor/lib/test/auto/UnaryMathFunction.xml (RunModel)" time="0.038" />
  <testcase classname="ptolemy.util.test.junit.AutoTests" name="[391] /home/travis/build/icyphy/ptII/ptolemy/actor/lib/test/auto/Uniform.xml (RunModel)" time="0.011" />
  <testcase classname="ptolemy.util.test.junit.AutoTests" name="[392] /home/travis/build/icyphy/ptII/ptolemy/actor/lib/test/auto/UnionDisassemblerTest.xml (RunModel)" time="0.015" />
  <testcase classname="ptolemy.util.test.junit.AutoTests" name="[393] /home/travis/build/icyphy/ptII/ptolemy/actor/lib/test/auto/UtilityFunctions.xml (RunModel)" time="0.01" />
  <testcase classname="ptolemy.util.test.junit.AutoTests" name="[394] /home/travis/build/icyphy/ptII/ptolemy/actor/lib/test/auto/VariableSleep.xml (RunModel)" time="0.511" />
  <testcase classname="ptolemy.util.test.junit.AutoTests" name="[395] /home/travis/build/icyphy/ptII/ptolemy/actor/lib/test/auto/VectorAssemblerDisassemblerCT.xml (RunModel)" time="0.102" />
  <testcase classname="ptolemy.util.test.junit.AutoTests" name="[396] /home/travis/build/icyphy/ptII/ptolemy/actor/lib/test/auto/VectorAssemblerDisassemblerDE.xml (RunModel)" time="0.022" />
  <testcase classname="ptolemy.util.test.junit.AutoTests" name="[397] /home/travis/build/icyphy/ptII/ptolemy/actor/lib/test/auto/VectorAssemblerDisassemblerSDF.xml (RunModel)" time="0.016" />
  <testcase classname="ptolemy.util.test.junit.AutoTests" name="[398] /home/travis/build/icyphy/ptII/ptolemy/actor/lib/test/auto/WallClockTime.xml (RunModel)" time="1.011" />
  <testcase classname="ptolemy.util.test.junit.AutoTests" name="[399] /home/travis/build/icyphy/ptII/ptolemy/actor/lib/test/auto/WidthTestWithSubscriberPublisher.xml (RunModel)" time="0.036" />
  <testcase classname="ptolemy.util.test.junit.AutoTests" name="[400] /home/travis/build/icyphy/ptII/ptolemy/actor/lib/test/auto/WidthTestWithSubscriberPublisher2.xml (RunModel)" time="0.017" />
  <testcase classname="ptolemy.util.test.junit.AutoTests" name="[401] /home/travis/build/icyphy/ptII/ptolemy/actor/lib/test/auto/WidthTestWithSubscriberPublisher3.xml (RunModel)" time="0.011" />
  <testcase classname="ptolemy.util.test.junit.AutoTests" name="[402] /home/travis/build/icyphy/ptII/ptolemy/actor/lib/test/auto/Writer.xml (RunModel)" time="0.007" />
  <testcase classname="ptolemy.util.test.junit.AutoTests" name="[403] /home/travis/build/icyphy/ptII/ptolemy/actor/lib/test/auto/array.xml (RunModel)" time="0.007" />
  <testcase classname="ptolemy.util.test.junit.AutoTests" name="[404] /home/travis/build/icyphy/ptII/ptolemy/actor/lib/test/auto/array2.xml (RunModel)" time="0.016" />
  <testcase classname="ptolemy.util.test.junit.AutoTests" name="[405] /home/travis/build/icyphy/ptII/ptolemy/actor/lib/test/auto/arrayType.xml (RunModel)" time="0.009" />
  <testcase classname="ptolemy.util.test.junit.AutoTests" name="[406] /home/travis/build/icyphy/ptII/ptolemy/actor/lib/test/auto/arrayType10.xml (RunModel)" time="0.007" />
  <testcase classname="ptolemy.util.test.junit.AutoTests" name="[407] /home/travis/build/icyphy/ptII/ptolemy/actor/lib/test/auto/arrayType11.xml (RunModel)" time="0.006" />
  <testcase classname="ptolemy.util.test.junit.AutoTests" name="[408] /home/travis/build/icyphy/ptII/ptolemy/actor/lib/test/auto/arrayType12.xml (RunModel)" time="0.007" />
  <testcase classname="ptolemy.util.test.junit.AutoTests" name="[409] /home/travis/build/icyphy/ptII/ptolemy/actor/lib/test/auto/arrayType13.xml (RunModel)" time="0.007" />
  <testcase classname="ptolemy.util.test.junit.AutoTests" name="[410] /home/travis/build/icyphy/ptII/ptolemy/actor/lib/test/auto/arrayType14.xml (RunModel)" time="0.007" />
  <testcase classname="ptolemy.util.test.junit.AutoTests" name="[411] /home/travis/build/icyphy/ptII/ptolemy/actor/lib/test/auto/arrayType15.xml (RunModel)" time="0.008" />
  <testcase classname="ptolemy.util.test.junit.AutoTests" name="[412] /home/travis/build/icyphy/ptII/ptolemy/actor/lib/test/auto/arrayType16.xml (RunModel)" time="0.007" />
  <testcase classname="ptolemy.util.test.junit.AutoTests" name="[413] /home/travis/build/icyphy/ptII/ptolemy/actor/lib/test/auto/arrayType17.xml (RunModel)" time="0.007" />
  <testcase classname="ptolemy.util.test.junit.AutoTests" name="[414] /home/travis/build/icyphy/ptII/ptolemy/actor/lib/test/auto/arrayType18.xml (RunModel)" time="0.007" />
  <testcase classname="ptolemy.util.test.junit.AutoTests" name="[415] /home/travis/build/icyphy/ptII/ptolemy/actor/lib/test/auto/arrayType19.xml (RunModel)" time="0.006" />
  <testcase classname="ptolemy.util.test.junit.AutoTests" name="[416] /home/travis/build/icyphy/ptII/ptolemy/actor/lib/test/auto/arrayType2.xml (RunModel)" time="0.007" />
  <testcase classname="ptolemy.util.test.junit.AutoTests" name="[417] /home/travis/build/icyphy/ptII/ptolemy/actor/lib/test/auto/arrayType20.xml (RunModel)" time="0.007" />
  <testcase classname="ptolemy.util.test.junit.AutoTests" name="[418] /home/travis/build/icyphy/ptII/ptolemy/actor/lib/test/auto/arrayType21.xml (RunModel)" time="0.006" />
  <testcase classname="ptolemy.util.test.junit.AutoTests" name="[419] /home/travis/build/icyphy/ptII/ptolemy/actor/lib/test/auto/arrayType22.xml (RunModel)" time="0.007" />
  <testcase classname="ptolemy.util.test.junit.AutoTests" name="[420] /home/travis/build/icyphy/ptII/ptolemy/actor/lib/test/auto/arrayType23.xml (RunModel)" time="0.007" />
  <testcase classname="ptolemy.util.test.junit.AutoTests" name="[421] /home/travis/build/icyphy/ptII/ptolemy/actor/lib/test/auto/arrayType24.xml (RunModel)" time="0.007" />
  <testcase classname="ptolemy.util.test.junit.AutoTests" name="[422] /home/travis/build/icyphy/ptII/ptolemy/actor/lib/test/auto/arrayType25.xml (RunModel)" time="0.007" />
  <testcase classname="ptolemy.util.test.junit.AutoTests" name="[423] /home/travis/build/icyphy/ptII/ptolemy/actor/lib/test/auto/arrayType26.xml (RunModel)" time="0.009" />
  <testcase classname="ptolemy.util.test.junit.AutoTests" name="[424] /home/travis/build/icyphy/ptII/ptolemy/actor/lib/test/auto/arrayType27.xml (RunModel)" time="0.008" />
  <testcase classname="ptolemy.util.test.junit.AutoTests" name="[425] /home/travis/build/icyphy/ptII/ptolemy/actor/lib/test/auto/arrayType28.xml (RunModel)" time="0.012" />
  <testcase classname="ptolemy.util.test.junit.AutoTests" name="[426] /home/travis/build/icyphy/ptII/ptolemy/actor/lib/test/auto/arrayType3.xml (RunModel)" time="0.007" />
  <testcase classname="ptolemy.util.test.junit.AutoTests" name="[427] /home/travis/build/icyphy/ptII/ptolemy/actor/lib/test/auto/arrayType4.xml (RunModel)" time="0.006" />
  <testcase classname="ptolemy.util.test.junit.AutoTests" name="[428] /home/travis/build/icyphy/ptII/ptolemy/actor/lib/test/auto/arrayType5.xml (RunModel)" time="0.024" />
  <testcase classname="ptolemy.util.test.junit.AutoTests" name="[429] /home/travis/build/icyphy/ptII/ptolemy/actor/lib/test/auto/arrayType6.xml (RunModel)" time="0.029" />
  <testcase classname="ptolemy.util.test.junit.AutoTests" name="[430] /home/travis/build/icyphy/ptII/ptolemy/actor/lib/test/auto/arrayType7.xml (RunModel)" time="0.039" />
  <testcase classname="ptolemy.util.test.junit.AutoTests" name="[431] /home/travis/build/icyphy/ptII/ptolemy/actor/lib/test/auto/arrayType8.xml (RunModel)" time="0.032" />
  <testcase classname="ptolemy.util.test.junit.AutoTests" name="[432] /home/travis/build/icyphy/ptII/ptolemy/actor/lib/test/auto/arrayType9.xml (RunModel)" time="0.042" />
  <testcase classname="ptolemy.util.test.junit.AutoTests" name="[433] /home/travis/build/icyphy/ptII/ptolemy/actor/lib/test/auto/cast.xml (RunModel)" time="0.008" />
  <testcase classname="ptolemy.util.test.junit.AutoTests" name="[434] /home/travis/build/icyphy/ptII/ptolemy/actor/lib/test/auto/compositeMultiPort.xml (RunModel)" time="0.014" />
  <testcase classname="ptolemy.util.test.junit.AutoTests" name="[435] /home/travis/build/icyphy/ptII/ptolemy/actor/lib/test/auto/expressionCastInference.xml (RunModel)" time="0.013" />
  <testcase classname="ptolemy.util.test.junit.AutoTests" name="[436] /home/travis/build/icyphy/ptII/ptolemy/actor/lib/test/auto/expressionCastInference2.xml (RunModel)" time="0.007" />
  <testcase classname="ptolemy.util.test.junit.AutoTests" name="[437] /home/travis/build/icyphy/ptII/ptolemy/actor/lib/test/auto/expressionInference.xml (RunModel)" time="0.005" />
  <testcase classname="ptolemy.util.test.junit.AutoTests" name="[438] /home/travis/build/icyphy/ptII/ptolemy/actor/lib/test/auto/expression_bug.xml (RunModel)" time="0.005" />
  <testcase classname="ptolemy.util.test.junit.AutoTests" name="[439] /home/travis/build/icyphy/ptII/ptolemy/actor/lib/test/auto/factorial.xml (RunModel)" time="0.042" />
  <testcase classname="ptolemy.util.test.junit.AutoTests" name="[440] /home/travis/build/icyphy/ptII/ptolemy/actor/lib/test/auto/filterTest1.xml (RunModel)" time="0.012" />
  <testcase classname="ptolemy.util.test.junit.AutoTests" name="[441] /home/travis/build/icyphy/ptII/ptolemy/actor/lib/test/auto/funcApplyInConst.xml (RunModel)" time="0.008" />
  <testcase classname="ptolemy.util.test.junit.AutoTests" name="[442] /home/travis/build/icyphy/ptII/ptolemy/actor/lib/test/auto/funcApplyInExpr.xml (RunModel)" time="0.005" />
  <testcase classname="ptolemy.util.test.junit.AutoTests" name="[443] /home/travis/build/icyphy/ptII/ptolemy/actor/lib/test/auto/function.xml (RunModel)" time="0.008" />
  <testcase classname="ptolemy.util.test.junit.AutoTests" name="[444] /home/travis/build/icyphy/ptII/ptolemy/actor/lib/test/auto/function2.xml (RunModel)" time="0.007" />
  <testcase classname="ptolemy.util.test.junit.AutoTests" name="[445] /home/travis/build/icyphy/ptII/ptolemy/actor/lib/test/auto/function3.xml (RunModel)" time="0.005" />
  <testcase classname="ptolemy.util.test.junit.AutoTests" name="[446] /home/travis/build/icyphy/ptII/ptolemy/actor/lib/test/auto/functionClosureTest1.xml (RunModel)" time="0.008" />
  <testcase classname="ptolemy.util.test.junit.AutoTests" name="[447] /home/travis/build/icyphy/ptII/ptolemy/actor/lib/test/auto/functionClosureTest2.xml (RunModel)" time="0.005" />
  <testcase classname="ptolemy.util.test.junit.AutoTests" name="[448] /home/travis/build/icyphy/ptII/ptolemy/actor/lib/test/auto/functionClosureTest3.xml (RunModel)" time="0.008" />
  <testcase classname="ptolemy.util.test.junit.AutoTests" name="[449] /home/travis/build/icyphy/ptII/ptolemy/actor/lib/test/auto/functionClosureTest4.xml (RunModel)" time="0.013" />
  <testcase classname="ptolemy.util.test.junit.AutoTests" name="[450] /home/travis/build/icyphy/ptII/ptolemy/actor/lib/test/auto/functionClosureTest5.xml (RunModel)" time="0.011" />
  <testcase classname="ptolemy.util.test.junit.AutoTests" name="[451] /home/travis/build/icyphy/ptII/ptolemy/actor/lib/test/auto/functionClosureTest6.xml (RunModel)" time="0.007" />
  <testcase classname="ptolemy.util.test.junit.AutoTests" name="[452] /home/travis/build/icyphy/ptII/ptolemy/actor/lib/test/auto/functionsOnArcs.xml (RunModel)" time="0.008" />
  <testcase classname="ptolemy.util.test.junit.AutoTests" name="[453] /home/travis/build/icyphy/ptII/ptolemy/actor/lib/test/auto/functionsOnArcsHOF.xml (RunModel)" time="0.011" />
  <testcase classname="ptolemy.util.test.junit.AutoTests" name="[454] /home/travis/build/icyphy/ptII/ptolemy/actor/lib/test/auto/logic.xml (RunModel)" time="0.015" />
  <testcase classname="ptolemy.util.test.junit.AutoTests" name="[455] /home/travis/build/icyphy/ptII/ptolemy/actor/lib/test/auto/matrixType.xml (RunModel)" time="0.007" />
  <testcase classname="ptolemy.util.test.junit.AutoTests" name="[456] /home/travis/build/icyphy/ptII/ptolemy/actor/lib/test/auto/matrixType10.xml (RunModel)" time="0.008" />
  <testcase classname="ptolemy.util.test.junit.AutoTests" name="[457] /home/travis/build/icyphy/ptII/ptolemy/actor/lib/test/auto/matrixType11.xml (RunModel)" time="0.008" />
  <testcase classname="ptolemy.util.test.junit.AutoTests" name="[458] /home/travis/build/icyphy/ptII/ptolemy/actor/lib/test/auto/matrixType12.xml (RunModel)" time="0.011" />
  <testcase classname="ptolemy.util.test.junit.AutoTests" name="[459] /home/travis/build/icyphy/ptII/ptolemy/actor/lib/test/auto/matrixType13.xml (RunModel)" time="0.008" />
  <testcase classname="ptolemy.util.test.junit.AutoTests" name="[460] /home/travis/build/icyphy/ptII/ptolemy/actor/lib/test/auto/matrixType14.xml (RunModel)" time="0.009" />
  <testcase classname="ptolemy.util.test.junit.AutoTests" name="[461] /home/travis/build/icyphy/ptII/ptolemy/actor/lib/test/auto/matrixType2.xml (RunModel)" time="0.008" />
  <testcase classname="ptolemy.util.test.junit.AutoTests" name="[462] /home/travis/build/icyphy/ptII/ptolemy/actor/lib/test/auto/matrixType3.xml (RunModel)" time="0.01" />
  <testcase classname="ptolemy.util.test.junit.AutoTests" name="[463] /home/travis/build/icyphy/ptII/ptolemy/actor/lib/test/auto/matrixType4.xml (RunModel)" time="0.007" />
  <testcase classname="ptolemy.util.test.junit.AutoTests" name="[464] /home/travis/build/icyphy/ptII/ptolemy/actor/lib/test/auto/matrixType5.xml (RunModel)" time="0.006" />
  <testcase classname="ptolemy.util.test.junit.AutoTests" name="[465] /home/travis/build/icyphy/ptII/ptolemy/actor/lib/test/auto/matrixType6.xml (RunModel)" time="0.007" />
  <testcase classname="ptolemy.util.test.junit.AutoTests" name="[466] /home/travis/build/icyphy/ptII/ptolemy/actor/lib/test/auto/matrixType7.xml (RunModel)" time="0.007" />
  <testcase classname="ptolemy.util.test.junit.AutoTests" name="[467] /home/travis/build/icyphy/ptII/ptolemy/actor/lib/test/auto/matrixType8.xml (RunModel)" time="0.007" />
  <testcase classname="ptolemy.util.test.junit.AutoTests" name="[468] /home/travis/build/icyphy/ptII/ptolemy/actor/lib/test/auto/matrixType9.xml (RunModel)" time="0.007" />
  <testcase classname="ptolemy.util.test.junit.AutoTests" name="[469] /home/travis/build/icyphy/ptII/ptolemy/actor/lib/test/auto/paraFunctest.xml (RunModel)" time="0.007" />
  <testcase classname="ptolemy.util.test.junit.AutoTests" name="[470] /home/travis/build/icyphy/ptII/ptolemy/actor/lib/test/auto/paraFunctest2.xml (RunModel)" time="0.008" />
  <testcase classname="ptolemy.util.test.junit.AutoTests" name="[471] /home/travis/build/icyphy/ptII/ptolemy/actor/lib/test/auto/parameterPassing.xml (RunModel)" time="0.006" />
  <testcase classname="ptolemy.util.test.junit.AutoTests" name="[472] /home/travis/build/icyphy/ptII/ptolemy/actor/lib/test/auto/record.xml (RunModel)" time="0.007" />
  <testcase classname="ptolemy.util.test.junit.AutoTests" name="[473] /home/travis/build/icyphy/ptII/ptolemy/actor/lib/test/auto/sizedarray1.xml (RunModel)" time="0.008" />
  <testcase classname="ptolemy.util.test.junit.AutoTests" name="[474] /home/travis/build/icyphy/ptII/ptolemy/actor/lib/test/auto/sizedarray2.xml (RunModel)" time="0.016" />
  <testcase classname="ptolemy.util.test.junit.AutoTests" name="[475] /home/travis/build/icyphy/ptII/ptolemy/actor/lib/test/auto/twoPublishers.xml (RunModel)" time="0.018" />
  <system-out><![CDATA[/home/travis/build/icyphy/ptII/ptolemy/actor/lib/test/AbsoluteValue.tcl
testDefs.tcl: setting time out to 9000 seconds at Tue Mar 24 13:35:43 UTC 2020
81 ms. Memory: 129024K Free: 93124K (72%)
5 ms. Memory: 129024K Free: 91076K (71%)
5 ms. Memory: 129024K Free: 90562K (70%)
4 ms. Memory: 129024K Free: 89523K (69%)
/home/travis/build/icyphy/ptII/ptolemy/actor/lib/test/AddSubtract.tcl
9 ms. Memory: 129024K Free: 87490K (68%)
5 ms. Memory: 129024K Free: 86980K (67%)
5 ms. Memory: 129024K Free: 85956K (67%)
11 ms. Memory: 129024K Free: 85427K (66%)
43 ms. Memory: 129024K Free: 82370K (64%)
5 ms. Memory: 129024K Free: 81860K (63%)
/home/travis/build/icyphy/ptII/ptolemy/actor/lib/test/Average.tcl
6 ms. Memory: 129024K Free: 79812K (62%)
6 ms. Memory: 129024K Free: 78788K (61%)
/home/travis/build/icyphy/ptII/ptolemy/actor/lib/test/Bernoulli.tcl
5 ms. Memory: 129024K Free: 77235K (60%)
2 ms. Memory: 129024K Free: 76740K (59%)
/home/travis/build/icyphy/ptII/ptolemy/actor/lib/test/Clock.tcl
preinitializing
resolving types
initializing
executing number 1
wrapping up
idle
32 ms. Memory: 129024K Free: 74178K (57%)
Completed execution with 5 iterations
preinitializing
resolving types
initializing
executing number 1
wrapping up
idle
12 ms. Memory: 129024K Free: 73154K (57%)
Completed execution with 5 iterations
preinitializing
resolving types
initializing
executing number 1
wrapping up
idle
3 ms. Memory: 129024K Free: 72644K (56%)
Completed execution with 5 iterations
/home/travis/build/icyphy/ptII/ptolemy/actor/lib/test/Commutator.tcl
19 ms. Memory: 129024K Free: 70596K (55%)
11 ms. Memory: 129024K Free: 69572K (54%)
14 ms. Memory: 129024K Free: 63938K (50%)
/home/travis/build/icyphy/ptII/ptolemy/actor/lib/test/Const.tcl
10 ms. Memory: 129024K Free: 62404K (48%)
1 ms. Memory: 129024K Free: 61890K (48%)
9 ms. Memory: 129024K Free: 61380K (48%)
2 ms. Memory: 129024K Free: 60851K (47%)
7 ms. Memory: 129024K Free: 60356K (47%)
22 ms. Memory: 129024K Free: 58818K (46%)
12 ms. Memory: 129024K Free: 57779K (45%)
3 ms. Memory: 129024K Free: 56755K (44%)
/home/travis/build/icyphy/ptII/ptolemy/actor/lib/test/CurrentTime.tcl
preinitializing
resolving types
initializing
executing number 1
wrapping up
idle
13 ms. Memory: 129024K Free: 54715K (42%)
Completed execution with 11 iterations
/home/travis/build/icyphy/ptII/ptolemy/actor/lib/test/DB.tcl
8 ms. Memory: 129024K Free: 53188K (41%)
2 ms. Memory: 129024K Free: 52674K (41%)
2 ms. Memory: 129024K Free: 52164K (40%)
/home/travis/build/icyphy/ptII/ptolemy/actor/lib/test/DiscreteRandomSource.tcl
preinitializing
resolving types
initializing
executing number 1
wrapping up
idle
9 ms. Memory: 129024K Free: 50619K (39%)
Completed execution with 4 iterations
preinitializing
resolving types
initializing
executing number 1
wrapping up
idle
5 ms. Memory: 129024K Free: 50116K (39%)
Completed execution with 4 iterations
preinitializing
resolving types
initializing
executing number 1
wrapping up
idle
6 ms. Memory: 129024K Free: 49587K (38%)
Completed execution with 4 iterations
preinitializing
resolving types
initializing
executing number 1
wrapping up
idle
3 ms. Memory: 129024K Free: 49092K (38%)
Completed execution with 4 iterations
preinitializing
resolving types
initializing
executing number 1
wrapping up
idle
4 ms. Memory: 129024K Free: 48547K (38%)
Completed execution with 4 iterations
/home/travis/build/icyphy/ptII/ptolemy/actor/lib/test/Distributor.tcl
36 ms. Memory: 129024K Free: 113708K (88%)
13 ms. Memory: 129024K Free: 112698K (87%)
StreamChangeRequest.changeExecuted(): <deleteEntity name="rec2"/> succeeded
StreamChangeRequest.changeExecuted(): <deleteRelation name="r2"/> succeeded
StreamChangeRequest.changeExecuted(): Record firings per iteration succeeded
8 ms. Memory: 129024K Free: 110650K (86%)
/home/travis/build/icyphy/ptII/ptolemy/actor/lib/test/Exit.tcl
Exit.tcl: this will print a message about Manager.exitAfterWrapup, which can be ignored.
7 ms. Memory: 129024K Free: 107517K (83%)
/home/travis/build/icyphy/ptII/ptolemy/actor/lib/test/Expression.tcl
20 ms. Memory: 129024K Free: 103928K (81%)
7 ms. Memory: 129024K Free: 103468K (80%)
2 ms. Memory: 129024K Free: 102452K (79%)
preinitializing
resolving types
initializing
executing number 1
wrapping up
idle
4 ms. Memory: 129024K Free: 101316K (79%)
Completed execution with 6 iterations
2 ms. Memory: 129024K Free: 100418K (78%)
2 ms. Memory: 129024K Free: 99372K (77%)
3 ms. Memory: 129024K Free: 98356K (76%)
3 ms. Memory: 129024K Free: 97187K (75%)
3 ms. Memory: 129024K Free: 95750K (74%)
/home/travis/build/icyphy/ptII/ptolemy/actor/lib/test/Gaussian.tcl
3 ms. Memory: 129024K Free: 94228K (73%)
sleeping 1 seconds: ......................................................................................................................................................................................................................................................................................................................................................................................................................................................................................................................................................................................................................................................................................................................................................................................................................................................................................................................................................................................................................................................................................................................................................................................................................................................................................................................................................................................................................................................................................................................................................................................................................................................................................................................................................................................................................................................................................................................................................................................................................................................................................................................................................................................................................................................................................................................................................................................................................................................................................................................................................................................................................................................................................................................................................................................................................................................................................................................................................................................................................................................................................................................................................................................................................................................................................................................................................................................................................................................................................................................................................................................................................................................................................................................................................................................................................................................................................................................................................................................................................................................................................................................................................................................................................................................................................................................................................................................................................................................................................................................................................................................................................................................................................................................................................................................................................................................................................................................................................................................................................................................................................................................................................................................................................................................................................................................................................................................................................................................................................................................................................................................................................................................................................................................................................................................................................................................................................................................................................................................................................................................................................................................................................................................................................................................................................................................................................................................................................................................................................................................................................................................................................................................................................................................................................................................................................................................................................................................................................................................................................................................................................................................................................................................................................................................................................................................................................................................................................................................................................................................................................................................................................................................................................................................................................................................................................................................................................................................................................................................................................................................................................................................................................................................................................................................................................................................................................................................................................................................................................................................................................................................................................................................................................................................................................................................................................................................................................................................................................................................................................................................................................................................................................................................................................................................................................................................................................................................................................................................................................................................................................................................................................................................................................................................................................................................................................................................................................................................................................................................................................................................................................................................................................................................................................................................................................................................................................................................................................................................................................................................................................................................................................................................................................................................................................................................................................................................................................................................................................................................................................................................................................................................................................................................................................................................................................................................................................................................................................................................................................................................................................................................................................................................................................................................................................................................................................................................................................................................................................................................................................................................................................................................................................................................................................................................................................................................................................................................................................................................................................................................................................................................................................................................................................................................................................................................................................................................................................................................................................................................................................................................................................................................................................................................................................................................................................................................................................................................................................................................................................................................................................................................................................................................................................................................................................................................................................................................................................................................................................................................................................................................................................................................................................................................................................................................................................................................................................................................................................................................................................................................................................................................................................................................................................................................................................................................................................................................................................................................................................................................................................................................................................................................................................................................................................................................................................................................................................................................................................................................................................................................................................................................................................................................................................................................................................................................................................................................................................................................................................................................................................................................................................................................................................................................................................................................................................................................................................................................................................................................................................................................................................................................................................................................................................................................................................................................................................................................................................................................................................................................................................................................................................................................................................................................................................................................................................................................................................................................................................................................................................................................................................................................................................................................................................................................................................................................................................................................................................................................................................................................................................................................................................................................................................................................................................................................................................................................................................................................................................................................................................................................................................................................................................................................................................................................................................................................................................................................................................................................................................................................................................................................................................................................................................................................................................................................................................................................................................................................................................................................................................................................................................................................................................................................................................................................................................................................................................................................................................................................................................................................................................................................................................................................................................................................................................................................................................................................................................................................................................................................................................................................................................................................................................................................................................................................................................................................................................................................................................................................................................................................................................................................................................................................................................................................................................................................................................................................................................................................................................................................................................................................................................................................................................................................................................................................................................................................................................................................................................................................................................................................................................................................................................................................................................................................................................................................................................................................................................................................................................................................................................................................................................................................................................................................................................................................................................................................................................................................................................................................................................................................................................................................................................................................................................................................................................................................................................................................................................................................................................................................................................................................................................................................................................................................................................................................................................................................................................................................................................................................................................................................................................................................................................................................................................................................................................................................................................................................................................................................................................................................................................................................................................................................................................................................................................................................................................................................................................................................................................................................................................................................................................................................................................................................................................................................................................................................................................................................................................................................................................................................................................................................................................................................................................................................................................................................................................................................................................................................................................................................................................................................................................................................................................................................................................................................................................................................................................................................................................................................................................................................................................................................................................................................................................................................................................................................................................................................................................................................................................................2 ms. Memory: 129024K Free: 92645K (72%)
2 ms. Memory: 129024K Free: 91621K (71%)
1 ms. Memory: 129024K Free: 91101K (71%)
1 ms. Memory: 129024K Free: 90597K (70%)
1 ms. Memory: 129024K Free: 90083K (70%)
/home/travis/build/icyphy/ptII/ptolemy/actor/lib/test/IIR.tcl
/home/travis/build/icyphy/ptII/ptolemy/actor/lib/test/Interpolator.tcl
3 ms. Memory: 129024K Free: 85957K (67%)
2 ms. Memory: 129024K Free: 85477K (66%)
2 ms. Memory: 129024K Free: 84949K (66%)
1 ms. Memory: 129024K Free: 84453K (65%)
2 ms. Memory: 129024K Free: 83429K (65%)
2 ms. Memory: 129024K Free: 82915K (64%)
1 ms. Memory: 129024K Free: 81885K (63%)
2 ms. Memory: 129024K Free: 80867K (63%)
2 ms. Memory: 129024K Free: 79837K (62%)
1 ms. Memory: 129024K Free: 79333K (61%)
/home/travis/build/icyphy/ptII/ptolemy/actor/lib/test/MathFunction.tcl
9 ms. Memory: 129024K Free: 76771K (60%)
3 ms. Memory: 129024K Free: 75717K (59%)
2 ms. Memory: 129024K Free: 74723K (58%)
9 ms. Memory: 129024K Free: 74213K (58%)
6 ms. Memory: 129024K Free: 72669K (56%)
5 ms. Memory: 129024K Free: 70613K (55%)
/home/travis/build/icyphy/ptII/ptolemy/actor/lib/test/Maximum.tcl
3 ms. Memory: 129024K Free: 69093K (54%)
2 ms. Memory: 129024K Free: 68069K (53%)
2 ms. Memory: 129024K Free: 67549K (52%)
2 ms. Memory: 129024K Free: 67045K (52%)
/home/travis/build/icyphy/ptII/ptolemy/actor/lib/test/Minimum.tcl
3 ms. Memory: 129024K Free: 64997K (50%)
2 ms. Memory: 129024K Free: 64469K (50%)
2 ms. Memory: 129024K Free: 63973K (50%)
2 ms. Memory: 129024K Free: 63459K (49%)
/home/travis/build/icyphy/ptII/ptolemy/actor/lib/test/MultiplyDivide.tcl
4 ms. Memory: 129024K Free: 61397K (48%)
2 ms. Memory: 129024K Free: 60387K (47%)
3 ms. Memory: 129024K Free: 59877K (46%)
3 ms. Memory: 129024K Free: 58853K (46%)
5 ms. Memory: 129024K Free: 58325K (45%)
/home/travis/build/icyphy/ptII/ptolemy/actor/lib/test/OrderedMerge.tcl
Connections changed on port: inputA
Connections changed on port: inputB
Connections changed on port: output
Connections changed on port: output
Connections changed on port: output
Connections changed on port: input
.top. Preinitializing ...
Invoking preinitialize():  .top.OrderedMerge
Called preinitialize()
Invoking preinitialize():  .top.Ramp
Called preinitialize()
Invoking preinitialize():  .top.Ramp2
Called preinitialize()
Invoking preinitialize():  .top.Test
Called preinitialize()
Connections changed on port: inputA
Connections changed on port: output
Connections changed on port: output
Connections changed on port: input
Connections changed on port: inputB
Connections changed on port: output
.top. Finished preinitialize().
Called initialize().
Invoking initialize():  .top.OrderedMerge
Initializing actor: .top.OrderedMerge
Adding a thread: .top.OrderedMerge
Invoking initialize():  .top.Ramp
Initializing actor: .top.Ramp
Adding a thread: .top.Ramp
Invoking initialize():  .top.Ramp2
Initializing actor: .top.Ramp2
Adding a thread: .top.Ramp2
Invoking initialize():  .top.Test
Initializing actor: .top.Test
Adding a thread: .top.Test
Called fire().
Checking for deadlock:
-- Starting thread.
Called initialize()
Called prefire()
Called fire()
-- Starting thread.
Called initialize()
Called prefire()
Called fire()
-- Starting thread.
Called initialize()
Called prefire()
Called fire()
-- Starting thread.
Called initialize()
Called prefire()
Called fire()
There are 0 Blocked actors, 0 Stopped actors, and 4 active threads.
Waiting for actors to stop.
Called postfire()
Called prefire()
Called fire()
Called postfire()
Called prefire()
Called fire()
Read input token from inputA with value 0.0
Next port to read input from is inputB
Called postfire()
Called prefire()
Called fire()
Read input token from inputB with value 0.0
Sent output token with value 0.0
Next port to read input from is inputA
Called postfire()
Called prefire()
Called fire()
Checking for deadlock:
There are 1 Blocked actors, 0 Stopped actors, and 4 active threads.
Waiting for actors to stop.
Called postfire()
Called prefire()
Called fire()
Called postfire()
Called prefire()
Called fire()
-- Read input: 0.0, which is expected to match: 0.0
Called prefire()
Called fire()
Checking for deadlock:
There are 3 Blocked actors, 0 Stopped actors, and 4 active threads.
Waiting for actors to stop.
Read input token from inputA with value 1.0
Sent output token with value 0.0
Next port to read input from is inputB
Called postfire()
Called prefire()
Called fire()
Read input token from inputB with value 1.5
Checking for deadlock:
There are 1 Blocked actors, 0 Stopped actors, and 4 active threads.
Waiting for actors to stop.
Called postfire()
Called prefire()
Called fire()
Called postfire()
Called prefire()
Called fire()
-- Read input: 0.0, which is expected to match: 0.0
Called prefire()
Called fire()
Checking for deadlock:
There are 3 Blocked actors, 0 Stopped actors, and 4 active threads.
Waiting for actors to stop.
-- Read input: 1.0, which is expected to match: 1.0
Called prefire()
Called fire()
Sent output token with value 1.0
Next port to read input from is inputA
Called postfire()
Called prefire()
Called fire()
Read input token from inputA with value 2.0
Sent output token with value 1.5
Next port to read input from is inputB
Called postfire()
Called prefire()
Called fire()
Read input token from inputB with value 3.0
Checking for deadlock:
There are 1 Blocked actors, 0 Stopped actors, and 4 active threads.
Waiting for actors to stop.
Called postfire()
Called prefire()
Called fire()
Called postfire()
Called prefire()
Called fire()
-- Read input: 1.5, which is expected to match: 1.5
Called prefire()
Called fire()
Checking for deadlock:
There are 3 Blocked actors, 0 Stopped actors, and 4 active threads.
Waiting for actors to stop.
-- Read input: 2.0, which is expected to match: 2.0
Called prefire()
Called fire()
Sent output token with value 2.0
Next port to read input from is inputA
Called postfire()
Called prefire()
Called fire()
Read input token from inputA with value 3.0
Sent output token with value 3.0
Next port to read input from is inputB
Called postfire()
Called prefire()
Called fire()
Read input token from inputB with value 4.5
Checking for deadlock:
There are 1 Blocked actors, 0 Stopped actors, and 4 active threads.
Waiting for actors to stop.
Called postfire()
Called prefire()
Called fire()
Called postfire()
Called prefire()
Called fire()
-- Read input: 3.0, which is expected to match: 3.0
Called prefire()
Called fire()
Checking for deadlock:
There are 3 Blocked actors, 0 Stopped actors, and 4 active threads.
Waiting for actors to stop.
-- Read input: 3.0, which is expected to match: 3.0
Called prefire()
Called fire()
Sent output token with value 3.0
Next port to read input from is inputA
Called postfire()
Called prefire()
Called fire()
Read input token from inputA with value 4.0
Sent output token with value 4.0
Next port to read input from is inputA
Called postfire()
Called prefire()
Called fire()
Checking for deadlock:
There are 2 Blocked actors, 0 Stopped actors, and 4 active threads.
Waiting for actors to stop.
Called postfire()
Called prefire()
Called fire()
-- Read input: 4.0, which is expected to match: 4.0
Called prefire()
Called fire()
Past the end of training data. Read and discard all inputs.
Checking for deadlock:
There are 3 Blocked actors, 0 Stopped actors, and 4 active threads.
Waiting for actors to stop.
Called postfire()
Called prefire()
Called fire()
Read input token from inputA with value 5.0
Sent output token with value 4.5
Next port to read input from is inputB
Called postfire()
Called prefire()
Called fire()
Read input token from inputB with value 6.0
Checking for deadlock:
There are 2 Blocked actors, 0 Stopped actors, and 4 active threads.
Waiting for actors to stop.
Called postfire()
Called prefire()
Called fire()
Called prefire()
Called fire()
Past the end of training data. Read and discard all inputs.
Checking for deadlock:
There are 3 Blocked actors, 0 Stopped actors, and 4 active threads.
Waiting for actors to stop.
Called prefire()
Called fire()
Past the end of training data. Read and discard all inputs.
Checking for deadlock:
There are 3 Blocked actors, 0 Stopped actors, and 4 active threads.
Waiting for actors to stop.
Sent output token with value 5.0
Next port to read input from is inputA
Called postfire()
Called prefire()
Called fire()
Checking for deadlock:
There are 2 Blocked actors, 0 Stopped actors, and 4 active threads.
Waiting for actors to stop.
Called postfire()
Called prefire()
Called fire()
Checking for deadlock:
There are 3 Blocked actors, 0 Stopped actors, and 4 active threads.
Waiting for actors to stop.
Read input token from inputA with value 6.0
Called prefire()
Called fire()
Past the end of training data. Read and discard all inputs.
Checking for deadlock:
There are 3 Blocked actors, 0 Stopped actors, and 4 active threads.
Waiting for actors to stop.
Sent output token with value 6.0
Next port to read input from is inputB
Called postfire()
Called prefire()
Called fire()
Called postfire()
Called prefire()
Called fire()
Checking for deadlock:
There are 3 Blocked actors, 0 Stopped actors, and 4 active threads.
Waiting for actors to stop.
Read input token from inputB with value 7.5
Called prefire()
Called fire()
Past the end of training data. Read and discard all inputs.
Checking for deadlock:
There are 3 Blocked actors, 0 Stopped actors, and 4 active threads.
Waiting for actors to stop.
Sent output token with value 6.0
Next port to read input from is inputA
Called postfire()
Called prefire()
Called fire()
Checking for deadlock:
There are 2 Blocked actors, 0 Stopped actors, and 4 active threads.
Waiting for actors to stop.
Called postfire()
Called prefire()
Called fire()
Checking for deadlock:
There are 3 Blocked actors, 0 Stopped actors, and 4 active threads.
Waiting for actors to stop.
Read input token from inputA with value 7.0
Checking for deadlock:
There are 2 Blocked actors, 0 Stopped actors, and 4 active threads.
Waiting for actors to stop.
Called prefire()
Called fire()
Past the end of training data. Read and discard all inputs.
Checking for deadlock:
There are 3 Blocked actors, 0 Stopped actors, and 4 active threads.
Waiting for actors to stop.
Sent output token with value 7.0
Next port to read input from is inputA
Called postfire()
Called prefire()
Called fire()
Checking for deadlock:
There are 2 Blocked actors, 0 Stopped actors, and 4 active threads.
Waiting for actors to stop.
-- Thread wrapup() called.
Called wrapup()
Thread .top.Ramp is exiting.
-- Thread stopped.
Checking for deadlock:
There are 2 Blocked actors, 0 Stopped actors, and 3 active threads.
Waiting for actors to stop.
Read input token from inputA with value 8.0
Called prefire()
Called fire()
Past the end of training data. Read and discard all inputs.
Checking for deadlock:
There are 2 Blocked actors, 0 Stopped actors, and 3 active threads.
Waiting for actors to stop.
Sent output token with value 7.5
Next port to read input from is inputB
Called postfire()
Called prefire()
Called fire()
Checking for deadlock:
There are 1 Blocked actors, 0 Stopped actors, and 3 active threads.
Waiting for actors to stop.
Called postfire()
Called prefire()
Called fire()
Checking for deadlock:
There are 2 Blocked actors, 0 Stopped actors, and 3 active threads.
Waiting for actors to stop.
Read input token from inputB with value 9.0
Checking for deadlock:
There are 1 Blocked actors, 0 Stopped actors, and 3 active threads.
Waiting for actors to stop.
Called prefire()
Called fire()
Past the end of training data. Read and discard all inputs.
Checking for deadlock:
There are 2 Blocked actors, 0 Stopped actors, and 3 active threads.
Waiting for actors to stop.
Sent output token with value 8.0
Next port to read input from is inputA
Called postfire()
Called prefire()
Called fire()
Read input token from inputA with value 9.0
Called prefire()
Called fire()
Past the end of training data. Read and discard all inputs.
Checking for deadlock:
There are 2 Blocked actors, 0 Stopped actors, and 3 active threads.
Waiting for actors to stop.
Sent output token with value 9.0
Next port to read input from is inputB
Called postfire()
Called prefire()
Called fire()
Called postfire()
Called prefire()
Called fire()
Checking for deadlock:
There are 2 Blocked actors, 0 Stopped actors, and 3 active threads.
Waiting for actors to stop.
Read input token from inputB with value 10.5
Called prefire()
Called fire()
Past the end of training data. Read and discard all inputs.
Checking for deadlock:
There are 2 Blocked actors, 0 Stopped actors, and 3 active threads.
Waiting for actors to stop.
Sent output token with value 9.0
Next port to read input from is inputA
Called postfire()
Called prefire()
Called fire()
Checking for deadlock:
There are 3 Blocked actors, 0 Stopped actors, and 3 active threads.
Actors have stopped.
Checking for deadlock:
There are 3 Blocked actors, 0 Stopped actors, and 3 active threads.
Deadlock detected.
Resolving Deadlock
Checking for deadlock:
There are 3 Blocked actors, 0 Stopped actors, and 3 active threads.
Artificial Deadlock - increasing queue capacity.
increasing the capacity of receiver ptolemy.actor.TypedIOPort {.top.OrderedMerge.inputB} to 2
Director: Called postfire().
Called postfire().
_stopRequested = false
_stopFireRequested = false
Returning from postfire(): true
-- Thread wrapup() called.
Called wrapup()
Thread .top.Ramp2 is exiting.
-- Thread stopped.
Called fire().
Checking for deadlock:
There are 2 Blocked actors, 0 Stopped actors, and 2 active threads.
Actors have stopped.
Checking for deadlock:
There are 2 Blocked actors, 0 Stopped actors, and 2 active threads.
Deadlock detected.
Resolving Deadlock
Checking for deadlock:
There are 2 Blocked actors, 0 Stopped actors, and 2 active threads.
Deadlock detected: no processes blocked on write, but some are blocked on read.
Called postfire().
_stopRequested = false
_stopFireRequested = false
Returning from postfire(): false
Finished deactivating branches.
Called wrapup().
-- Thread wrapup() called.
Called wrapup()
Thread .top.Test is exiting.
-- Thread stopped.
-- Blocked Receiver call threw TerminateProcessException.
-- Thread wrapup() called.
Called wrapup()
Thread .top.OrderedMerge is exiting.
-- Thread stopped.
-- Blocked Receiver call threw TerminateProcessException.
89 ms. Memory: 129024K Free: 111956K (87%)
.top. Preinitializing ...
Invoking preinitialize():  .top.OrderedMerge
Called preinitialize()
Invoking preinitialize():  .top.Ramp
Called preinitialize()
Invoking preinitialize():  .top.Ramp2
Called preinitialize()
Invoking preinitialize():  .top.Test
Called preinitialize()
.top. Finished preinitialize().
Called initialize().
Invoking initialize():  .top.OrderedMerge
Initializing actor: .top.OrderedMerge
Adding a thread: .top.OrderedMerge
Invoking initialize():  .top.Ramp
Initializing actor: .top.Ramp
Adding a thread: .top.Ramp
Invoking initialize():  .top.Ramp2
Initializing actor: .top.Ramp2
Adding a thread: .top.Ramp2
Invoking initialize():  .top.Test
Initializing actor: .top.Test
Adding a thread: .top.Test
-- Starting thread.
Called initialize()
Called prefire()
Called fire()
-- Starting thread.
Called initialize()
Called prefire()
Called fire()
Called postfire()
Called prefire()
Called fire()
-- Starting thread.
Called initialize()
Called prefire()
Called fire()
Called postfire()
Called prefire()
Called fire()
Called fire().
Checking for deadlock:
There are 3 Blocked actors, 0 Stopped actors, and 4 active threads.
Waiting for actors to stop.
-- Starting thread.
Called initialize()
Called prefire()
Called fire()
Checking for deadlock:
There are 2 Blocked actors, 0 Stopped actors, and 4 active threads.
Waiting for actors to stop.
Called postfire()
Called prefire()
Called fire()
Checking for deadlock:
There are 3 Blocked actors, 0 Stopped actors, and 4 active threads.
Waiting for actors to stop.
Read input token from inputA with value 0.0
Next port to read input from is inputB
Called postfire()
Called prefire()
Called fire()
Called postfire()
Called prefire()
Called fire()
Checking for deadlock:
There are 3 Blocked actors, 0 Stopped actors, and 4 active threads.
Waiting for actors to stop.
Read input token from inputB with value 0.0
Checking for deadlock:
There are 2 Blocked actors, 0 Stopped actors, and 4 active threads.
Waiting for actors to stop.
-- Read input: 0.0, which is expected to match: 0.0
Called prefire()
Called fire()
Checking for deadlock:
There are 3 Blocked actors, 0 Stopped actors, and 4 active threads.
Waiting for actors to stop.
Sent output token with value 0.0
Next port to read input from is inputA
Called postfire()
Called prefire()
Called fire()
Checking for deadlock:
There are 2 Blocked actors, 0 Stopped actors, and 4 active threads.
Waiting for actors to stop.
Called postfire()
Called prefire()
Called fire()
Checking for deadlock:
There are 3 Blocked actors, 0 Stopped actors, and 4 active threads.
Waiting for actors to stop.
Read input token from inputA with value 1.0
Checking for deadlock:
There are 2 Blocked actors, 0 Stopped actors, and 4 active threads.
Waiting for actors to stop.
-- Read input: 0.0, which is expected to match: 0.0
Called prefire()
Called fire()
Checking for deadlock:
There are 3 Blocked actors, 0 Stopped actors, and 4 active threads.
Waiting for actors to stop.
Sent output token with value 0.0
Next port to read input from is inputB
Called postfire()
Called prefire()
Called fire()
Called postfire()
Called prefire()
Called fire()
Checking for deadlock:
There are 3 Blocked actors, 0 Stopped actors, and 4 active threads.
Waiting for actors to stop.
Read input token from inputB with value 1.5
-- Read input: 1.0, which is expected to match: 1.0
Called prefire()
Called fire()
Checking for deadlock:
There are 3 Blocked actors, 0 Stopped actors, and 4 active threads.
Waiting for actors to stop.
Sent output token with value 1.0
Next port to read input from is inputA
Called postfire()
Called prefire()
Called fire()
Checking for deadlock:
There are 2 Blocked actors, 0 Stopped actors, and 4 active threads.
Waiting for actors to stop.
Called postfire()
Called prefire()
Called fire()
Checking for deadlock:
There are 3 Blocked actors, 0 Stopped actors, and 4 active threads.
Waiting for actors to stop.
Read input token from inputA with value 2.0
Checking for deadlock:
There are 2 Blocked actors, 0 Stopped actors, and 4 active threads.
Waiting for actors to stop.
-- Read input: 1.5, which is expected to match: 1.5
Called prefire()
Called fire()
Checking for deadlock:
There are 3 Blocked actors, 0 Stopped actors, and 4 active threads.
Waiting for actors to stop.
Sent output token with value 1.5
Next port to read input from is inputB
Called postfire()
Called prefire()
Called fire()
Checking for deadlock:
There are 2 Blocked actors, 0 Stopped actors, and 4 active threads.
Waiting for actors to stop.
Called postfire()
Called prefire()
Called fire()
Checking for deadlock:
There are 3 Blocked actors, 0 Stopped actors, and 4 active threads.
Waiting for actors to stop.
Read input token from inputB with value 3.0
Checking for deadlock:
There are 2 Blocked actors, 0 Stopped actors, and 4 active threads.
Waiting for actors to stop.
-- Read input: 2.0, which is expected to match: 2.0
Called prefire()
Called fire()
Checking for deadlock:
There are 3 Blocked actors, 0 Stopped actors, and 4 active threads.
Waiting for actors to stop.
Sent output token with value 2.0
Next port to read input from is inputA
Called postfire()
Called prefire()
Called fire()
Checking for deadlock:
There are 2 Blocked actors, 0 Stopped actors, and 4 active threads.
Waiting for actors to stop.
Called postfire()
Called prefire()
Called fire()
Checking for deadlock:
There are 3 Blocked actors, 0 Stopped actors, and 4 active threads.
Waiting for actors to stop.
Read input token from inputA with value 3.0
Checking for deadlock:
There are 2 Blocked actors, 0 Stopped actors, and 4 active threads.
Waiting for actors to stop.
-- Read input: 3.0, which is expected to match: 3.0
Called prefire()
Called fire()
Checking for deadlock:
There are 3 Blocked actors, 0 Stopped actors, and 4 active threads.
Waiting for actors to stop.
Sent output token with value 3.0
Next port to read input from is inputB
Called postfire()
Called prefire()
Called fire()
Called postfire()
Called prefire()
Called fire()
Checking for deadlock:
There are 3 Blocked actors, 0 Stopped actors, and 4 active threads.
Waiting for actors to stop.
Read input token from inputB with value 4.5
-- Read input: 3.0, which is expected to match: 3.0
Called prefire()
Called fire()
Checking for deadlock:
There are 3 Blocked actors, 0 Stopped actors, and 4 active threads.
Waiting for actors to stop.
Sent output token with value 3.0
Next port to read input from is inputA
Called postfire()
Called prefire()
Called fire()
Checking for deadlock:
There are 2 Blocked actors, 0 Stopped actors, and 4 active threads.
Waiting for actors to stop.
Called postfire()
Called prefire()
Called fire()
Checking for deadlock:
There are 3 Blocked actors, 0 Stopped actors, and 4 active threads.
Waiting for actors to stop.
Read input token from inputA with value 4.0
Checking for deadlock:
There are 2 Blocked actors, 0 Stopped actors, and 4 active threads.
Waiting for actors to stop.
-- Read input: 4.0, which is expected to match: 4.0
Called prefire()
Called fire()
Past the end of training data. Read and discard all inputs.
Checking for deadlock:
There are 3 Blocked actors, 0 Stopped actors, and 4 active threads.
Waiting for actors to stop.
Sent output token with value 4.0
Next port to read input from is inputA
Called postfire()
Called prefire()
Called fire()
Checking for deadlock:
There are 2 Blocked actors, 0 Stopped actors, and 4 active threads.
Waiting for actors to stop.
Called postfire()
Called prefire()
Called fire()
Checking for deadlock:
There are 3 Blocked actors, 0 Stopped actors, and 4 active threads.
Waiting for actors to stop.
Read input token from inputA with value 5.0
Checking for deadlock:
There are 2 Blocked actors, 0 Stopped actors, and 4 active threads.
Waiting for actors to stop.
Called prefire()
Called fire()
Past the end of training data. Read and discard all inputs.
Checking for deadlock:
There are 3 Blocked actors, 0 Stopped actors, and 4 active threads.
Waiting for actors to stop.
Sent output token with value 4.5
Next port to read input from is inputB
Called postfire()
Called prefire()
Called fire()
Called postfire()
Called prefire()
Called fire()
Checking for deadlock:
There are 3 Blocked actors, 0 Stopped actors, and 4 active threads.
Waiting for actors to stop.
Read input token from inputB with value 6.0
Called prefire()
Called fire()
Past the end of training data. Read and discard all inputs.
Checking for deadlock:
There are 3 Blocked actors, 0 Stopped actors, and 4 active threads.
Waiting for actors to stop.
Sent output token with value 5.0
Next port to read input from is inputA
Called postfire()
Called prefire()
Called fire()
Called postfire()
Called prefire()
Called fire()
Checking for deadlock:
There are 3 Blocked actors, 0 Stopped actors, and 4 active threads.
Waiting for actors to stop.
Read input token from inputA with value 6.0
Called prefire()
Called fire()
Past the end of training data. Read and discard all inputs.
Checking for deadlock:
There are 3 Blocked actors, 0 Stopped actors, and 4 active threads.
Waiting for actors to stop.
Sent output token with value 6.0
Next port to read input from is inputB
Called postfire()
Called prefire()
Called fire()
Called postfire()
Called prefire()
Called fire()
Checking for deadlock:
There are 3 Blocked actors, 0 Stopped actors, and 4 active threads.
Waiting for actors to stop.
Read input token from inputB with value 7.5
Called prefire()
Called fire()
Past the end of training data. Read and discard all inputs.
Checking for deadlock:
There are 3 Blocked actors, 0 Stopped actors, and 4 active threads.
Waiting for actors to stop.
Sent output token with value 6.0
Next port to read input from is inputA
Called postfire()
Called prefire()
Called fire()
Checking for deadlock:
There are 2 Blocked actors, 0 Stopped actors, and 4 active threads.
Waiting for actors to stop.
Called postfire()
Called prefire()
Called fire()
Checking for deadlock:
There are 3 Blocked actors, 0 Stopped actors, and 4 active threads.
Waiting for actors to stop.
Read input token from inputA with value 7.0
Checking for deadlock:
There are 2 Blocked actors, 0 Stopped actors, and 4 active threads.
Waiting for actors to stop.
Called prefire()
Called fire()
Past the end of training data. Read and discard all inputs.
Checking for deadlock:
There are 3 Blocked actors, 0 Stopped actors, and 4 active threads.
Waiting for actors to stop.
Sent output token with value 7.0
Next port to read input from is inputA
Called postfire()
Called prefire()
Called fire()
Checking for deadlock:
There are 2 Blocked actors, 0 Stopped actors, and 4 active threads.
Waiting for actors to stop.
-- Thread wrapup() called.
Called wrapup()
Thread .top.Ramp is exiting.
-- Thread stopped.
Checking for deadlock:
There are 2 Blocked actors, 0 Stopped actors, and 3 active threads.
Waiting for actors to stop.
Read input token from inputA with value 8.0
Called prefire()
Called fire()
Past the end of training data. Read and discard all inputs.
Checking for deadlock:
There are 2 Blocked actors, 0 Stopped actors, and 3 active threads.
Waiting for actors to stop.
Sent output token with value 7.5
Next port to read input from is inputB
Called postfire()
Called prefire()
Called fire()
Checking for deadlock:
There are 1 Blocked actors, 0 Stopped actors, and 3 active threads.
Waiting for actors to stop.
Called postfire()
Called prefire()
Called fire()
Checking for deadlock:
There are 2 Blocked actors, 0 Stopped actors, and 3 active threads.
Waiting for actors to stop.
Read input token from inputB with value 9.0
Checking for deadlock:
There are 1 Blocked actors, 0 Stopped actors, and 3 active threads.
Waiting for actors to stop.
Called prefire()
Called fire()
Past the end of training data. Read and discard all inputs.
Checking for deadlock:
There are 2 Blocked actors, 0 Stopped actors, and 3 active threads.
Waiting for actors to stop.
Sent output token with value 8.0
Next port to read input from is inputA
Called postfire()
Called prefire()
Called fire()
Read input token from inputA with value 9.0
Called prefire()
Called fire()
Past the end of training data. Read and discard all inputs.
Checking for deadlock:
There are 2 Blocked actors, 0 Stopped actors, and 3 active threads.
Waiting for actors to stop.
Sent output token with value 9.0
Next port to read input from is inputB
Called postfire()
Called prefire()
Called fire()
Called postfire()
Called prefire()
Called fire()
Checking for deadlock:
There are 2 Blocked actors, 0 Stopped actors, and 3 active threads.
Waiting for actors to stop.
Read input token from inputB with value 10.5
Called prefire()
Called fire()
Past the end of training data. Read and discard all inputs.
Checking for deadlock:
There are 2 Blocked actors, 0 Stopped actors, and 3 active threads.
Waiting for actors to stop.
Sent output token with value 9.0
Next port to read input from is inputA
Called postfire()
Called prefire()
Called fire()
Checking for deadlock:
There are 3 Blocked actors, 0 Stopped actors, and 3 active threads.
Actors have stopped.
Checking for deadlock:
There are 3 Blocked actors, 0 Stopped actors, and 3 active threads.
Deadlock detected.
Resolving Deadlock
Checking for deadlock:
There are 3 Blocked actors, 0 Stopped actors, and 3 active threads.
Artificial Deadlock - increasing queue capacity.
increasing the capacity of receiver ptolemy.actor.TypedIOPort {.top.OrderedMerge.inputB} to 2
Director: Called postfire().
Called postfire().
_stopRequested = false
_stopFireRequested = false
Returning from postfire(): true
Called fire().
Checking for deadlock:
There are 2 Blocked actors, 0 Stopped actors, and 3 active threads.
Waiting for actors to stop.
-- Thread wrapup() called.
Called wrapup()
Thread .top.Ramp2 is exiting.
-- Thread stopped.
Checking for deadlock:
There are 2 Blocked actors, 0 Stopped actors, and 2 active threads.
Actors have stopped.
Checking for deadlock:
There are 2 Blocked actors, 0 Stopped actors, and 2 active threads.
Deadlock detected.
Resolving Deadlock
Checking for deadlock:
There are 2 Blocked actors, 0 Stopped actors, and 2 active threads.
Deadlock detected: no processes blocked on write, but some are blocked on read.
Called postfire().
_stopRequested = false
_stopFireRequested = false
Returning from postfire(): false
Finished deactivating branches.
Called wrapup().
-- Thread wrapup() called.
Called wrapup()
-- Thread wrapup() called.
Called wrapup()
Thread .top.Test is exiting.
-- Thread stopped.
-- Blocked Receiver call threw TerminateProcessException.
Thread .top.OrderedMerge is exiting.
-- Thread stopped.
-- Blocked Receiver call threw TerminateProcessException.
23 ms. Memory: 129024K Free: 110354K (86%)
/home/travis/build/icyphy/ptII/ptolemy/actor/lib/test/Publisher.tcl
14 ms. Memory: 129024K Free: 104035K (81%)
22 ms. Memory: 129024K Free: 98387K (76%)
10 ms. Memory: 129024K Free: 94819K (73%)
11 ms. Memory: 129024K Free: 93795K (73%)
11 ms. Memory: 129024K Free: 93267K (72%)
3 ms. Memory: 129024K Free: 92257K (72%)
10 ms. Memory: 129024K Free: 91747K (71%)
4 ms. Memory: 129024K Free: 90723K (70%)
22 ms. Memory: 157696K Free: 131232K (83%)
7 ms. Memory: 157696K Free: 127632K (81%)
4 ms. Memory: 157696K Free: 127136K (81%)
3 ms. Memory: 157696K Free: 124574K (79%)
21 ms. Memory: 157696K Free: 116896K (74%)
6 ms. Memory: 157696K Free: 107680K (68%)
6 ms. Memory: 157696K Free: 96416K (61%)
/home/travis/build/icyphy/ptII/ptolemy/actor/lib/test/Pulse.tcl
3 ms. Memory: 157696K Free: 127290K (81%)
13 ms. Memory: 157696K Free: 126762K (80%)
2 ms. Memory: 157696K Free: 126266K (80%)
2 ms. Memory: 157696K Free: 125746K (80%)
1 ms. Memory: 157696K Free: 125242K (79%)
5 ms. Memory: 157696K Free: 124218K (79%)
2 ms. Memory: 157696K Free: 123194K (78%)
1 ms. Memory: 157696K Free: 122170K (77%)
2 ms. Memory: 157696K Free: 121656K (77%)
/home/travis/build/icyphy/ptII/ptolemy/actor/lib/test/Ramp.tcl
2 ms. Memory: 157696K Free: 119608K (76%)
1 ms. Memory: 157696K Free: 119098K (76%)
2 ms. Memory: 157696K Free: 118074K (75%)
2 ms. Memory: 157696K Free: 117530K (75%)
4 ms. Memory: 157696K Free: 116522K (74%)
4 ms. Memory: 157696K Free: 116026K (74%)
4 ms. Memory: 157696K Free: 115002K (73%)
5 actors
8000 microseconds per iteration to create
10 ms. Memory: 157696K Free: 111930K (71%)
1 ms. Memory: 157696K Free: 111416K (71%)
5 ms. Memory: 157696K Free: 110906K (70%)
2 ms. Memory: 157696K Free: 110362K (70%)
50 actors
64000 microseconds per iteration to create
34 ms. Memory: 157696K Free: 95032K (60%)
5 ms. Memory: 157696K Free: 94008K (60%)
4 ms. Memory: 157696K Free: 92474K (59%)
4 ms. Memory: 157696K Free: 91450K (58%)
500 actors
1429000 microseconds per iteration to create
258 ms. Memory: 157696K Free: 81627K (52%)
41 ms. Memory: 157696K Free: 76507K (49%)
42 ms. Memory: 157696K Free: 71385K (45%)
28 ms. Memory: 157696K Free: 65753K (42%)
/home/travis/build/icyphy/ptII/ptolemy/actor/lib/test/RampContinuous.tcl
9 ms. Memory: 157696K Free: 64684K (41%)
/home/travis/build/icyphy/ptII/ptolemy/actor/lib/test/RecordAssembler.tcl
5 ms. Memory: 157696K Free: 62667K (40%)
3 ms. Memory: 157696K Free: 61657K (39%)
/home/travis/build/icyphy/ptII/ptolemy/actor/lib/test/RecordDisassembler.tcl
12 ms. Memory: 157696K Free: 60123K (38%)
2 ms. Memory: 157696K Free: 59595K (38%)
3 ms. Memory: 157696K Free: 58075K (37%)
/home/travis/build/icyphy/ptII/ptolemy/actor/lib/test/Scale.tcl
2 ms. Memory: 157696K Free: 56523K (36%)
1 ms. Memory: 157696K Free: 55483K (35%)
1 ms. Memory: 157696K Free: 55003K (35%)
3 ms. Memory: 189440K Free: 165552K (87%)
11 ms. Memory: 189440K Free: 165023K (87%)
/home/travis/build/icyphy/ptII/ptolemy/actor/lib/test/SequentialClock.tcl
preinitializing
resolving types
initializing
executing number 1
wrapping up
idle
7 ms. Memory: 189440K Free: 163504K (86%)
Completed execution with 5 iterations
preinitializing
resolving types
initializing
executing number 1
wrapping up
idle
1 ms. Memory: 189440K Free: 162975K (86%)
Completed execution with 5 iterations
preinitializing
resolving types
initializing
executing number 1
wrapping up
idle
2 ms. Memory: 189440K Free: 162480K (86%)
Completed execution with 5 iterations
/home/travis/build/icyphy/ptII/ptolemy/actor/lib/test/SetVariable.tcl
4 ms. Memory: 189440K Free: 160432K (85%)
/home/travis/build/icyphy/ptII/ptolemy/actor/lib/test/Sinewave.tcl
/home/travis/build/icyphy/ptII/ptolemy/actor/lib/test/SubscriptionAggregator.tcl
5 ms. Memory: 189440K Free: 149168K (79%)
2 ms. Memory: 189440K Free: 148654K (78%)
1 ms. Memory: 189440K Free: 148144K (78%)
0 ms. Memory: 189440K Free: 147615K (78%)
2 ms. Memory: 189440K Free: 144048K (76%)
9 ms. Memory: 189440K Free: 142000K (75%)
...............................................................996 ms. Memory: 276480K Free: 118272K (43%)
/home/travis/build/icyphy/ptII/ptolemy/actor/lib/test/Test.tcl
 The next command will produce a warning about training mode,
   which may be ignored.
6 ms. Memory: 276480K Free: 116224K (42%)
3 ms. Memory: 276480K Free: 115695K (42%)
1 ms. Memory: 276480K Free: 114686K (41%)
2 ms. Memory: 276480K Free: 114176K (41%)
9 ms. Memory: 276480K Free: 113631K (41%)
2 ms. Memory: 276480K Free: 112638K (41%)
10 ms. Memory: 276480K Free: 111104K (40%)
 The next command will produce a warning about training mode,
   which may be ignored.
11 ms. Memory: 276480K Free: 109056K (39%)
 The next command will produce a warning about training mode,
   which may be ignored.
2 ms. Memory: 276480K Free: 107487K (39%)
1 ms. Memory: 276480K Free: 107008K (39%)
1 ms. Memory: 276480K Free: 106494K (39%)
2 ms. Memory: 276480K Free: 105984K (38%)
8 ms. Memory: 276480K Free: 104960K (38%)
5 ms. Memory: 276480K Free: 101374K (37%)
/home/travis/build/icyphy/ptII/ptolemy/actor/lib/test/TestExceptionHandler.tcl
 The next command will produce a warning about training mode,
   which may be ignored.
3 ms. Memory: 276480K Free: 100319K (36%)
1 ms. Memory: 276480K Free: 99840K (36%)
0 ms. Memory: 276480K Free: 98816K (36%)
/home/travis/build/icyphy/ptII/ptolemy/actor/lib/test/UnionDisassembler.tcl
12 ms. Memory: 276480K Free: 227328K (82%)
/home/travis/build/icyphy/ptII/ptolemy/actor/lib/test/VariableClock.tcl
preinitializing
resolving types
initializing
executing number 1
wrapping up
idle
3 ms. Memory: 276480K Free: 225790K (82%)
Completed execution with 11 iterations
preinitializing
resolving types
initializing
executing number 1
wrapping up
idle
3 ms. Memory: 276480K Free: 224256K (81%)
Completed execution with 10 iterations
03/24/20 01:35:50
Failed: 0  Total Tests: 233  ((Passed: 233, Newly Passed: 0)  Known Failed: 0) /home/travis/build/icyphy/ptII/ptolemy/actor/lib/test
----------------- testing (KnownFailure) /home/travis/build/icyphy/ptII/ptolemy/actor/lib/test/auto/knownFailedTests/PublisherPortToplevelSubscriber.xml
3 ms. Memory: 276480K Free: 220670K (80%)
Known Failure: java.lang.reflect.InvocationTargetException
----------------- testing (KnownFailure) /home/travis/build/icyphy/ptII/ptolemy/actor/lib/test/auto/knownFailedTests/PublisherSubscriberPortToplevel.xml
1 ms. Memory: 276480K Free: 216574K (78%)
Known Failure: java.lang.reflect.InvocationTargetException
----------------- testing (KnownFailure) /home/travis/build/icyphy/ptII/ptolemy/actor/lib/test/auto/knownFailedTests/PublisherSubscriptionAggregatorPort.xml
4 ms. Memory: 276480K Free: 212478K (77%)
Known Failure: java.lang.reflect.InvocationTargetException
----------------- testing (KnownFailure) /home/travis/build/icyphy/ptII/ptolemy/actor/lib/test/auto/knownFailedTests/sizedarray3.xml
9 ms. Memory: 276480K Free: 208382K (75%)
Known Failure: java.lang.reflect.InvocationTargetException
No auto/linux-amd64/*.xml tests in /home/travis/build/icyphy/ptII/ptolemy/actor/lib/test
AutoTests.java: About to close Vertx.
AutoTests.java: Vertx closed.

===========================================================================================
----------------- testing Tue Mar 24 13:35:51 UTC 2020 /home/travis/build/icyphy/ptII/ptolemy/actor/lib/test/auto/AbsoluteValue.xml
----------------- Instantiating /home/travis/build/icyphy/ptII/ptolemy/actor/lib/test/auto/AbsoluteValue.xml
15 ms. Memory: 276480K Free: 184830K (67%)
----------------- Invoking toplevel() on ptolemy.moml.MoMLSimpleApplication@3906c12c
----------------- Done invoking toplevel() on ptolemy.moml.MoMLSimpleApplication@3906c12c
reloadAllAccessors: .AbsoluteValue

===========================================================================================
----------------- testing Tue Mar 24 13:35:51 UTC 2020 /home/travis/build/icyphy/ptII/ptolemy/actor/lib/test/auto/AbsoluteValue2.xml
----------------- Instantiating /home/travis/build/icyphy/ptII/ptolemy/actor/lib/test/auto/AbsoluteValue2.xml
4 ms. Memory: 276480K Free: 178176K (64%)
----------------- Invoking toplevel() on ptolemy.moml.MoMLSimpleApplication@5772db03
----------------- Done invoking toplevel() on ptolemy.moml.MoMLSimpleApplication@5772db03
reloadAllAccessors: .AbsoluteValue2

===========================================================================================
----------------- testing Tue Mar 24 13:35:51 UTC 2020 /home/travis/build/icyphy/ptII/ptolemy/actor/lib/test/auto/Accumulator.xml
----------------- Instantiating /home/travis/build/icyphy/ptII/ptolemy/actor/lib/test/auto/Accumulator.xml
6 ms. Memory: 276480K Free: 172032K (62%)
----------------- Invoking toplevel() on ptolemy.moml.MoMLSimpleApplication@55e2005c
----------------- Done invoking toplevel() on ptolemy.moml.MoMLSimpleApplication@55e2005c
reloadAllAccessors: .Accumulator

===========================================================================================
----------------- testing Tue Mar 24 13:35:51 UTC 2020 /home/travis/build/icyphy/ptII/ptolemy/actor/lib/test/auto/Accumulator2.xml
----------------- Instantiating /home/travis/build/icyphy/ptII/ptolemy/actor/lib/test/auto/Accumulator2.xml
10 ms. Memory: 276480K Free: 166398K (60%)
----------------- Invoking toplevel() on ptolemy.moml.MoMLSimpleApplication@5f92991
----------------- Done invoking toplevel() on ptolemy.moml.MoMLSimpleApplication@5f92991
reloadAllAccessors: .Accumulator2

===========================================================================================
----------------- testing Tue Mar 24 13:35:51 UTC 2020 /home/travis/build/icyphy/ptII/ptolemy/actor/lib/test/auto/Accumulator3.xml
----------------- Instantiating /home/travis/build/icyphy/ptII/ptolemy/actor/lib/test/auto/Accumulator3.xml
2 ms. Memory: 276480K Free: 162302K (59%)
----------------- Invoking toplevel() on ptolemy.moml.MoMLSimpleApplication@6093782d
----------------- Done invoking toplevel() on ptolemy.moml.MoMLSimpleApplication@6093782d
reloadAllAccessors: .Accumulator3

===========================================================================================
----------------- testing Tue Mar 24 13:35:51 UTC 2020 /home/travis/build/icyphy/ptII/ptolemy/actor/lib/test/auto/ArrayAppend.xml
----------------- Instantiating /home/travis/build/icyphy/ptII/ptolemy/actor/lib/test/auto/ArrayAppend.xml
4 ms. Memory: 276480K Free: 156143K (56%)
----------------- Invoking toplevel() on ptolemy.moml.MoMLSimpleApplication@5d777fce
----------------- Done invoking toplevel() on ptolemy.moml.MoMLSimpleApplication@5d777fce
reloadAllAccessors: .ArrayAppend

===========================================================================================
----------------- testing Tue Mar 24 13:35:51 UTC 2020 /home/travis/build/icyphy/ptII/ptolemy/actor/lib/test/auto/ArrayAppend2.xml
----------------- Instantiating /home/travis/build/icyphy/ptII/ptolemy/actor/lib/test/auto/ArrayAppend2.xml
376 ms. Memory: 276480K Free: 217815K (79%)
----------------- Invoking toplevel() on ptolemy.moml.MoMLSimpleApplication@5de6e115
----------------- Done invoking toplevel() on ptolemy.moml.MoMLSimpleApplication@5de6e115
reloadAllAccessors: .ArrayAppend2

===========================================================================================
----------------- testing Tue Mar 24 13:35:52 UTC 2020 /home/travis/build/icyphy/ptII/ptolemy/actor/lib/test/auto/ArrayAppend3.xml
----------------- Instantiating /home/travis/build/icyphy/ptII/ptolemy/actor/lib/test/auto/ArrayAppend3.xml
9 ms. Memory: 276480K Free: 212181K (77%)
----------------- Invoking toplevel() on ptolemy.moml.MoMLSimpleApplication@367e9ba3
----------------- Done invoking toplevel() on ptolemy.moml.MoMLSimpleApplication@367e9ba3
reloadAllAccessors: .ArrayAppend3

===========================================================================================
----------------- testing Tue Mar 24 13:35:52 UTC 2020 /home/travis/build/icyphy/ptII/ptolemy/actor/lib/test/auto/ArrayAppend4.xml
----------------- Instantiating /home/travis/build/icyphy/ptII/ptolemy/actor/lib/test/auto/ArrayAppend4.xml
2 ms. Memory: 276480K Free: 207061K (75%)
----------------- Invoking toplevel() on ptolemy.moml.MoMLSimpleApplication@31515516
----------------- Done invoking toplevel() on ptolemy.moml.MoMLSimpleApplication@31515516
reloadAllAccessors: .ArrayAppend4

===========================================================================================
----------------- testing Tue Mar 24 13:35:52 UTC 2020 /home/travis/build/icyphy/ptII/ptolemy/actor/lib/test/auto/ArrayAppend5.xml
----------------- Instantiating /home/travis/build/icyphy/ptII/ptolemy/actor/lib/test/auto/ArrayAppend5.xml
2 ms. Memory: 276480K Free: 201941K (73%)
----------------- Invoking toplevel() on ptolemy.moml.MoMLSimpleApplication@65234966
----------------- Done invoking toplevel() on ptolemy.moml.MoMLSimpleApplication@65234966
reloadAllAccessors: .ArrayAppend5

===========================================================================================
----------------- testing Tue Mar 24 13:35:52 UTC 2020 /home/travis/build/icyphy/ptII/ptolemy/actor/lib/test/auto/ArrayAppend6.xml
----------------- Instantiating /home/travis/build/icyphy/ptII/ptolemy/actor/lib/test/auto/ArrayAppend6.xml
7 ms. Memory: 276480K Free: 196311K (71%)
----------------- Invoking toplevel() on ptolemy.moml.MoMLSimpleApplication@6660ed94
----------------- Done invoking toplevel() on ptolemy.moml.MoMLSimpleApplication@6660ed94
reloadAllAccessors: .ArrayAppend6

===========================================================================================
----------------- testing Tue Mar 24 13:35:52 UTC 2020 /home/travis/build/icyphy/ptII/ptolemy/actor/lib/test/auto/ArrayAppendPerformanceTest.xml
----------------- Instantiating /home/travis/build/icyphy/ptII/ptolemy/actor/lib/test/auto/ArrayAppendPerformanceTest.xml
34 ms. Memory: 276480K Free: 185557K (67%)
----------------- Invoking toplevel() on ptolemy.moml.MoMLSimpleApplication@3ea95d39
----------------- Done invoking toplevel() on ptolemy.moml.MoMLSimpleApplication@3ea95d39
reloadAllAccessors: .ArrayAppendPerformanceTest

===========================================================================================
----------------- testing Tue Mar 24 13:35:52 UTC 2020 /home/travis/build/icyphy/ptII/ptolemy/actor/lib/test/auto/ArrayAppendWithEmptyInput.xml
----------------- Instantiating /home/travis/build/icyphy/ptII/ptolemy/actor/lib/test/auto/ArrayAppendWithEmptyInput.xml
7 ms. Memory: 276480K Free: 177365K (64%)
----------------- Invoking toplevel() on ptolemy.moml.MoMLSimpleApplication@2f79b9bf
----------------- Done invoking toplevel() on ptolemy.moml.MoMLSimpleApplication@2f79b9bf
reloadAllAccessors: .ArrayAppendWithEmptyInput

===========================================================================================
----------------- testing Tue Mar 24 13:35:52 UTC 2020 /home/travis/build/icyphy/ptII/ptolemy/actor/lib/test/auto/ArrayAverage.xml
----------------- Instantiating /home/travis/build/icyphy/ptII/ptolemy/actor/lib/test/auto/ArrayAverage.xml
15 ms. Memory: 276480K Free: 169687K (61%)
----------------- Invoking toplevel() on ptolemy.moml.MoMLSimpleApplication@7af9a6a7
----------------- Done invoking toplevel() on ptolemy.moml.MoMLSimpleApplication@7af9a6a7
reloadAllAccessors: .ArrayAverage

===========================================================================================
----------------- testing Tue Mar 24 13:35:52 UTC 2020 /home/travis/build/icyphy/ptII/ptolemy/actor/lib/test/auto/ArrayContains.xml
----------------- Instantiating /home/travis/build/icyphy/ptII/ptolemy/actor/lib/test/auto/ArrayContains.xml
8 ms. Memory: 276480K Free: 163543K (59%)
----------------- Invoking toplevel() on ptolemy.moml.MoMLSimpleApplication@5e235baa
----------------- Done invoking toplevel() on ptolemy.moml.MoMLSimpleApplication@5e235baa
reloadAllAccessors: .ArrayContains

===========================================================================================
----------------- testing Tue Mar 24 13:35:52 UTC 2020 /home/travis/build/icyphy/ptII/ptolemy/actor/lib/test/auto/ArrayElement.xml
----------------- Instantiating /home/travis/build/icyphy/ptII/ptolemy/actor/lib/test/auto/ArrayElement.xml
6 ms. Memory: 276480K Free: 157909K (57%)
----------------- Invoking toplevel() on ptolemy.moml.MoMLSimpleApplication@1f5b3096
----------------- Done invoking toplevel() on ptolemy.moml.MoMLSimpleApplication@1f5b3096
reloadAllAccessors: .ArrayElement

===========================================================================================
----------------- testing Tue Mar 24 13:35:52 UTC 2020 /home/travis/build/icyphy/ptII/ptolemy/actor/lib/test/auto/ArrayElementAsMatrix.xml
----------------- Instantiating /home/travis/build/icyphy/ptII/ptolemy/actor/lib/test/auto/ArrayElementAsMatrix.xml
10 ms. Memory: 276480K Free: 147669K (53%)
----------------- Invoking toplevel() on ptolemy.moml.MoMLSimpleApplication@182e6d44
----------------- Done invoking toplevel() on ptolemy.moml.MoMLSimpleApplication@182e6d44
reloadAllAccessors: .ArrayElementAsMatrix

===========================================================================================
----------------- testing Tue Mar 24 13:35:52 UTC 2020 /home/travis/build/icyphy/ptII/ptolemy/actor/lib/test/auto/ArrayElementI.xml
----------------- Instantiating /home/travis/build/icyphy/ptII/ptolemy/actor/lib/test/auto/ArrayElementI.xml
3 ms. Memory: 276480K Free: 142534K (52%)
----------------- Invoking toplevel() on ptolemy.moml.MoMLSimpleApplication@7fd75706
----------------- Done invoking toplevel() on ptolemy.moml.MoMLSimpleApplication@7fd75706
reloadAllAccessors: .ArrayElementI

===========================================================================================
----------------- testing Tue Mar 24 13:35:52 UTC 2020 /home/travis/build/icyphy/ptII/ptolemy/actor/lib/test/auto/ArrayExtract.xml
----------------- Instantiating /home/travis/build/icyphy/ptII/ptolemy/actor/lib/test/auto/ArrayExtract.xml
5 ms. Memory: 276480K Free: 134871K (49%)
----------------- Invoking toplevel() on ptolemy.moml.MoMLSimpleApplication@35f3d283
----------------- Done invoking toplevel() on ptolemy.moml.MoMLSimpleApplication@35f3d283
reloadAllAccessors: .ArrayExtract

===========================================================================================
----------------- testing Tue Mar 24 13:35:52 UTC 2020 /home/travis/build/icyphy/ptII/ptolemy/actor/lib/test/auto/ArrayExtract2.xml
----------------- Instantiating /home/travis/build/icyphy/ptII/ptolemy/actor/lib/test/auto/ArrayExtract2.xml
2 ms. Memory: 276480K Free: 129222K (47%)
----------------- Invoking toplevel() on ptolemy.moml.MoMLSimpleApplication@16332e1c
----------------- Done invoking toplevel() on ptolemy.moml.MoMLSimpleApplication@16332e1c
reloadAllAccessors: .ArrayExtract2

===========================================================================================
----------------- testing Tue Mar 24 13:35:52 UTC 2020 /home/travis/build/icyphy/ptII/ptolemy/actor/lib/test/auto/ArrayLength.xml
----------------- Instantiating /home/travis/build/icyphy/ptII/ptolemy/actor/lib/test/auto/ArrayLength.xml
7 ms. Memory: 276480K Free: 125655K (45%)
----------------- Invoking toplevel() on ptolemy.moml.MoMLSimpleApplication@666b32c1
----------------- Done invoking toplevel() on ptolemy.moml.MoMLSimpleApplication@666b32c1
reloadAllAccessors: .ArrayLength

===========================================================================================
----------------- testing Tue Mar 24 13:35:52 UTC 2020 /home/travis/build/icyphy/ptII/ptolemy/actor/lib/test/auto/ArrayLevelCrossing.xml
----------------- Instantiating /home/travis/build/icyphy/ptII/ptolemy/actor/lib/test/auto/ArrayLevelCrossing.xml
3 ms. Memory: 276480K Free: 117463K (42%)
----------------- Invoking toplevel() on ptolemy.moml.MoMLSimpleApplication@354c1060
----------------- Done invoking toplevel() on ptolemy.moml.MoMLSimpleApplication@354c1060
reloadAllAccessors: .ArrayLevelCrossing

===========================================================================================
----------------- testing Tue Mar 24 13:35:52 UTC 2020 /home/travis/build/icyphy/ptII/ptolemy/actor/lib/test/auto/ArrayLevelCrossing2.xml
----------------- Instantiating /home/travis/build/icyphy/ptII/ptolemy/actor/lib/test/auto/ArrayLevelCrossing2.xml
2 ms. Memory: 276480K Free: 110790K (40%)
----------------- Invoking toplevel() on ptolemy.moml.MoMLSimpleApplication@6a0c9e91
----------------- Done invoking toplevel() on ptolemy.moml.MoMLSimpleApplication@6a0c9e91
reloadAllAccessors: .ArrayLevelCrossing2

===========================================================================================
----------------- testing Tue Mar 24 13:35:52 UTC 2020 /home/travis/build/icyphy/ptII/ptolemy/actor/lib/test/auto/ArrayPeakSearch.xml
----------------- Instantiating /home/travis/build/icyphy/ptII/ptolemy/actor/lib/test/auto/ArrayPeakSearch.xml
3 ms. Memory: 276480K Free: 101079K (37%)
----------------- Invoking toplevel() on ptolemy.moml.MoMLSimpleApplication@caad86e
----------------- Done invoking toplevel() on ptolemy.moml.MoMLSimpleApplication@caad86e
reloadAllAccessors: .ArrayPeakSearch

===========================================================================================
----------------- testing Tue Mar 24 13:35:52 UTC 2020 /home/travis/build/icyphy/ptII/ptolemy/actor/lib/test/auto/ArrayPeakSearch2.xml
----------------- Instantiating /home/travis/build/icyphy/ptII/ptolemy/actor/lib/test/auto/ArrayPeakSearch2.xml
4 ms. Memory: 276480K Free: 90839K (33%)
----------------- Invoking toplevel() on ptolemy.moml.MoMLSimpleApplication@5a4e8f4a
----------------- Done invoking toplevel() on ptolemy.moml.MoMLSimpleApplication@5a4e8f4a
reloadAllAccessors: .ArrayPeakSearch2

===========================================================================================
----------------- testing Tue Mar 24 13:35:52 UTC 2020 /home/travis/build/icyphy/ptII/ptolemy/actor/lib/test/auto/ArrayPeakSearch3.xml
----------------- Instantiating /home/travis/build/icyphy/ptII/ptolemy/actor/lib/test/auto/ArrayPeakSearch3.xml
3 ms. Memory: 276480K Free: 81623K (30%)
----------------- Invoking toplevel() on ptolemy.moml.MoMLSimpleApplication@fc307e7
----------------- Done invoking toplevel() on ptolemy.moml.MoMLSimpleApplication@fc307e7
reloadAllAccessors: .ArrayPeakSearch3

===========================================================================================
----------------- testing Tue Mar 24 13:35:52 UTC 2020 /home/travis/build/icyphy/ptII/ptolemy/actor/lib/test/auto/ArrayRemoveElement.xml
----------------- Instantiating /home/travis/build/icyphy/ptII/ptolemy/actor/lib/test/auto/ArrayRemoveElement.xml
9 ms. Memory: 276480K Free: 73941K (27%)
----------------- Invoking toplevel() on ptolemy.moml.MoMLSimpleApplication@5d9faacf
----------------- Done invoking toplevel() on ptolemy.moml.MoMLSimpleApplication@5d9faacf
reloadAllAccessors: .ArrayRemoveElement

===========================================================================================
----------------- testing Tue Mar 24 13:35:52 UTC 2020 /home/travis/build/icyphy/ptII/ptolemy/actor/lib/test/auto/ArraySort.xml
----------------- Instantiating /home/travis/build/icyphy/ptII/ptolemy/actor/lib/test/auto/ArraySort.xml
9 ms. Memory: 276480K Free: 224994K (81%)
----------------- Invoking toplevel() on ptolemy.moml.MoMLSimpleApplication@5bf0d461
----------------- Done invoking toplevel() on ptolemy.moml.MoMLSimpleApplication@5bf0d461
reloadAllAccessors: .ArraySort

===========================================================================================
----------------- testing Tue Mar 24 13:35:52 UTC 2020 /home/travis/build/icyphy/ptII/ptolemy/actor/lib/test/auto/ArraySum.xml
----------------- Instantiating /home/travis/build/icyphy/ptII/ptolemy/actor/lib/test/auto/ArraySum.xml
4 ms. Memory: 276480K Free: 219364K (79%)
----------------- Invoking toplevel() on ptolemy.moml.MoMLSimpleApplication@25eaf8d9
----------------- Done invoking toplevel() on ptolemy.moml.MoMLSimpleApplication@25eaf8d9
reloadAllAccessors: .ArraySum

===========================================================================================
----------------- testing Tue Mar 24 13:35:52 UTC 2020 /home/travis/build/icyphy/ptII/ptolemy/actor/lib/test/auto/ArrayToElements.xml
----------------- Instantiating /home/travis/build/icyphy/ptII/ptolemy/actor/lib/test/auto/ArrayToElements.xml
7 ms. Memory: 276480K Free: 214244K (77%)
----------------- Invoking toplevel() on ptolemy.moml.MoMLSimpleApplication@6b46c5c1
----------------- Done invoking toplevel() on ptolemy.moml.MoMLSimpleApplication@6b46c5c1
reloadAllAccessors: .ArrayToElements

===========================================================================================
----------------- testing Tue Mar 24 13:35:52 UTC 2020 /home/travis/build/icyphy/ptII/ptolemy/actor/lib/test/auto/ArrayToMatrix.xml
----------------- Instantiating /home/travis/build/icyphy/ptII/ptolemy/actor/lib/test/auto/ArrayToMatrix.xml
10 ms. Memory: 276480K Free: 199908K (72%)
----------------- Invoking toplevel() on ptolemy.moml.MoMLSimpleApplication@9ad1080
----------------- Done invoking toplevel() on ptolemy.moml.MoMLSimpleApplication@9ad1080
reloadAllAccessors: .ArrayToMatrix

===========================================================================================
----------------- testing Tue Mar 24 13:35:52 UTC 2020 /home/travis/build/icyphy/ptII/ptolemy/actor/lib/test/auto/ArrayUpdate1.xml
----------------- Instantiating /home/travis/build/icyphy/ptII/ptolemy/actor/lib/test/auto/ArrayUpdate1.xml
4 ms. Memory: 276480K Free: 195298K (71%)
----------------- Invoking toplevel() on ptolemy.moml.MoMLSimpleApplication@2af4887e
----------------- Done invoking toplevel() on ptolemy.moml.MoMLSimpleApplication@2af4887e
reloadAllAccessors: .ArrayUpdate1

===========================================================================================
----------------- testing Tue Mar 24 13:35:52 UTC 2020 /home/travis/build/icyphy/ptII/ptolemy/actor/lib/test/auto/ArrayUpdate2.xml
----------------- Instantiating /home/travis/build/icyphy/ptII/ptolemy/actor/lib/test/auto/ArrayUpdate2.xml
7 ms. Memory: 276480K Free: 188644K (68%)
----------------- Invoking toplevel() on ptolemy.moml.MoMLSimpleApplication@32147679
----------------- Done invoking toplevel() on ptolemy.moml.MoMLSimpleApplication@32147679
reloadAllAccessors: .ArrayUpdate2

===========================================================================================
----------------- testing Tue Mar 24 13:35:52 UTC 2020 /home/travis/build/icyphy/ptII/ptolemy/actor/lib/test/auto/ArrayUpdate3.xml
----------------- Instantiating /home/travis/build/icyphy/ptII/ptolemy/actor/lib/test/auto/ArrayUpdate3.xml
4 ms. Memory: 276480K Free: 184034K (67%)
----------------- Invoking toplevel() on ptolemy.moml.MoMLSimpleApplication@67375299
----------------- Done invoking toplevel() on ptolemy.moml.MoMLSimpleApplication@67375299
reloadAllAccessors: .ArrayUpdate3

===========================================================================================
----------------- testing Tue Mar 24 13:35:52 UTC 2020 /home/travis/build/icyphy/ptII/ptolemy/actor/lib/test/auto/Assert1.xml
----------------- Instantiating /home/travis/build/icyphy/ptII/ptolemy/actor/lib/test/auto/Assert1.xml
4 ms. Memory: 276480K Free: 179428K (65%)
----------------- Invoking toplevel() on ptolemy.moml.MoMLSimpleApplication@474f9256
----------------- Done invoking toplevel() on ptolemy.moml.MoMLSimpleApplication@474f9256
reloadAllAccessors: .Assert1

===========================================================================================
----------------- testing Tue Mar 24 13:35:52 UTC 2020 /home/travis/build/icyphy/ptII/ptolemy/actor/lib/test/auto/Assert2.xml
----------------- Instantiating /home/travis/build/icyphy/ptII/ptolemy/actor/lib/test/auto/Assert2.xml
1 ms. Memory: 276480K Free: 174818K (63%)
----------------- Invoking toplevel() on ptolemy.moml.MoMLSimpleApplication@69c1ef6c
----------------- Done invoking toplevel() on ptolemy.moml.MoMLSimpleApplication@69c1ef6c
reloadAllAccessors: .Assert2

===========================================================================================
----------------- testing Tue Mar 24 13:35:53 UTC 2020 /home/travis/build/icyphy/ptII/ptolemy/actor/lib/test/auto/BooleanMultiplexor.xml
----------------- Instantiating /home/travis/build/icyphy/ptII/ptolemy/actor/lib/test/auto/BooleanMultiplexor.xml
2 ms. Memory: 276480K Free: 169188K (61%)
----------------- Invoking toplevel() on ptolemy.moml.MoMLSimpleApplication@42b74878
----------------- Done invoking toplevel() on ptolemy.moml.MoMLSimpleApplication@42b74878
reloadAllAccessors: .BooleanMultiplexor

===========================================================================================
----------------- testing Tue Mar 24 13:35:53 UTC 2020 /home/travis/build/icyphy/ptII/ptolemy/actor/lib/test/auto/BooleanMultiplexor2.xml
----------------- Instantiating /home/travis/build/icyphy/ptII/ptolemy/actor/lib/test/auto/BooleanMultiplexor2.xml
11 ms. Memory: 276480K Free: 163044K (59%)
----------------- Invoking toplevel() on ptolemy.moml.MoMLSimpleApplication@6879f68b
----------------- Done invoking toplevel() on ptolemy.moml.MoMLSimpleApplication@6879f68b
reloadAllAccessors: .BooleanMultiplexor2

===========================================================================================
----------------- testing Tue Mar 24 13:35:53 UTC 2020 /home/travis/build/icyphy/ptII/ptolemy/actor/lib/test/auto/BooleanMultiplexor3.xml
----------------- Instantiating /home/travis/build/icyphy/ptII/ptolemy/actor/lib/test/auto/BooleanMultiplexor3.xml
4 ms. Memory: 276480K Free: 158948K (57%)
----------------- Invoking toplevel() on ptolemy.moml.MoMLSimpleApplication@461f1066
----------------- Done invoking toplevel() on ptolemy.moml.MoMLSimpleApplication@461f1066
reloadAllAccessors: .BooleanMultiplexor3

===========================================================================================
----------------- testing Tue Mar 24 13:35:53 UTC 2020 /home/travis/build/icyphy/ptII/ptolemy/actor/lib/test/auto/BooleanSelect.xml
----------------- Instantiating /home/travis/build/icyphy/ptII/ptolemy/actor/lib/test/auto/BooleanSelect.xml
3 ms. Memory: 276480K Free: 153300K (55%)
----------------- Invoking toplevel() on ptolemy.moml.MoMLSimpleApplication@20a0cbff
----------------- Done invoking toplevel() on ptolemy.moml.MoMLSimpleApplication@20a0cbff
reloadAllAccessors: .BooleanSelect

===========================================================================================
----------------- testing Tue Mar 24 13:35:53 UTC 2020 /home/travis/build/icyphy/ptII/ptolemy/actor/lib/test/auto/BooleanSelect2.xml
----------------- Instantiating /home/travis/build/icyphy/ptII/ptolemy/actor/lib/test/auto/BooleanSelect2.xml
1 ms. Memory: 276480K Free: 148708K (54%)
----------------- Invoking toplevel() on ptolemy.moml.MoMLSimpleApplication@35f8396d
----------------- Done invoking toplevel() on ptolemy.moml.MoMLSimpleApplication@35f8396d
reloadAllAccessors: .BooleanSelect2

===========================================================================================
----------------- testing Tue Mar 24 13:35:53 UTC 2020 /home/travis/build/icyphy/ptII/ptolemy/actor/lib/test/auto/BooleanSwitch.xml
----------------- Instantiating /home/travis/build/icyphy/ptII/ptolemy/actor/lib/test/auto/BooleanSwitch.xml
7 ms. Memory: 276480K Free: 142050K (51%)
----------------- Invoking toplevel() on ptolemy.moml.MoMLSimpleApplication@85a18c7
----------------- Done invoking toplevel() on ptolemy.moml.MoMLSimpleApplication@85a18c7
reloadAllAccessors: .BooleanSwitch

===========================================================================================
----------------- testing Tue Mar 24 13:35:53 UTC 2020 /home/travis/build/icyphy/ptII/ptolemy/actor/lib/test/auto/BooleanSwitch2.xml
----------------- Instantiating /home/travis/build/icyphy/ptII/ptolemy/actor/lib/test/auto/BooleanSwitch2.xml
1 ms. Memory: 276480K Free: 137954K (50%)
----------------- Invoking toplevel() on ptolemy.moml.MoMLSimpleApplication@23a32abc
----------------- Done invoking toplevel() on ptolemy.moml.MoMLSimpleApplication@23a32abc
reloadAllAccessors: .BooleanSwitch2

===========================================================================================
----------------- testing Tue Mar 24 13:35:53 UTC 2020 /home/travis/build/icyphy/ptII/ptolemy/actor/lib/test/auto/BooleanSwitchCloningBugWithClassRelationGroup.xml
----------------- Instantiating /home/travis/build/icyphy/ptII/ptolemy/actor/lib/test/auto/BooleanSwitchCloningBugWithClassRelationGroup.xml
2 ms. Memory: 276480K Free: 131300K (47%)
----------------- Invoking toplevel() on ptolemy.moml.MoMLSimpleApplication@407a5cba
----------------- Done invoking toplevel() on ptolemy.moml.MoMLSimpleApplication@407a5cba
reloadAllAccessors: .BooleanSwitchCloningBugWithClassRelationGroup

===========================================================================================
----------------- testing Tue Mar 24 13:35:53 UTC 2020 /home/travis/build/icyphy/ptII/ptolemy/actor/lib/test/auto/BusActors.xml
----------------- Instantiating /home/travis/build/icyphy/ptII/ptolemy/actor/lib/test/auto/BusActors.xml
4 ms. Memory: 276480K Free: 123618K (45%)
----------------- Invoking toplevel() on ptolemy.moml.MoMLSimpleApplication@5291179
----------------- Done invoking toplevel() on ptolemy.moml.MoMLSimpleApplication@5291179
reloadAllAccessors: .BusActors

===========================================================================================
----------------- testing Tue Mar 24 13:35:53 UTC 2020 /home/travis/build/icyphy/ptII/ptolemy/actor/lib/test/auto/ClassWrapper.xml
----------------- Instantiating /home/travis/build/icyphy/ptII/ptolemy/actor/lib/test/auto/ClassWrapper.xml
2 ms. Memory: 276480K Free: 119012K (43%)
----------------- Invoking toplevel() on ptolemy.moml.MoMLSimpleApplication@5df901d0
----------------- Done invoking toplevel() on ptolemy.moml.MoMLSimpleApplication@5df901d0
reloadAllAccessors: .ClassWrapper

===========================================================================================
----------------- testing Tue Mar 24 13:35:53 UTC 2020 /home/travis/build/icyphy/ptII/ptolemy/actor/lib/test/auto/Clock.xml
----------------- Instantiating /home/travis/build/icyphy/ptII/ptolemy/actor/lib/test/auto/Clock.xml
1 ms. Memory: 276480K Free: 115426K (42%)
----------------- Invoking toplevel() on ptolemy.moml.MoMLSimpleApplication@4bf1216f
----------------- Done invoking toplevel() on ptolemy.moml.MoMLSimpleApplication@4bf1216f
reloadAllAccessors: .Clock

===========================================================================================
----------------- testing Tue Mar 24 13:35:53 UTC 2020 /home/travis/build/icyphy/ptII/ptolemy/actor/lib/test/auto/Clock10.xml
----------------- Instantiating /home/travis/build/icyphy/ptII/ptolemy/actor/lib/test/auto/Clock10.xml
5 ms. Memory: 276480K Free: 109282K (40%)
----------------- Invoking toplevel() on ptolemy.moml.MoMLSimpleApplication@95f8a81
----------------- Done invoking toplevel() on ptolemy.moml.MoMLSimpleApplication@95f8a81
reloadAllAccessors: .Clock10

===========================================================================================
----------------- testing Tue Mar 24 13:35:53 UTC 2020 /home/travis/build/icyphy/ptII/ptolemy/actor/lib/test/auto/Clock11.xml
----------------- Instantiating /home/travis/build/icyphy/ptII/ptolemy/actor/lib/test/auto/Clock11.xml
4 ms. Memory: 276480K Free: 103652K (37%)
----------------- Invoking toplevel() on ptolemy.moml.MoMLSimpleApplication@6618f87e
----------------- Done invoking toplevel() on ptolemy.moml.MoMLSimpleApplication@6618f87e
reloadAllAccessors: .Clock11

===========================================================================================
----------------- testing Tue Mar 24 13:35:53 UTC 2020 /home/travis/build/icyphy/ptII/ptolemy/actor/lib/test/auto/Clock12.xml
----------------- Instantiating /home/travis/build/icyphy/ptII/ptolemy/actor/lib/test/auto/Clock12.xml
3 ms. Memory: 276480K Free: 97508K (35%)
----------------- Invoking toplevel() on ptolemy.moml.MoMLSimpleApplication@2af7839f
----------------- Done invoking toplevel() on ptolemy.moml.MoMLSimpleApplication@2af7839f
reloadAllAccessors: .Clock12

===========================================================================================
----------------- testing Tue Mar 24 13:35:53 UTC 2020 /home/travis/build/icyphy/ptII/ptolemy/actor/lib/test/auto/Clock13.xml
----------------- Instantiating /home/travis/build/icyphy/ptII/ptolemy/actor/lib/test/auto/Clock13.xml
4 ms. Memory: 276480K Free: 91844K (33%)
----------------- Invoking toplevel() on ptolemy.moml.MoMLSimpleApplication@759800bc
----------------- Done invoking toplevel() on ptolemy.moml.MoMLSimpleApplication@759800bc
reloadAllAccessors: .Clock13

===========================================================================================
----------------- testing Tue Mar 24 13:35:53 UTC 2020 /home/travis/build/icyphy/ptII/ptolemy/actor/lib/test/auto/Clock14.xml
----------------- Instantiating /home/travis/build/icyphy/ptII/ptolemy/actor/lib/test/auto/Clock14.xml
6 ms. Memory: 276480K Free: 85724K (31%)
----------------- Invoking toplevel() on ptolemy.moml.MoMLSimpleApplication@3afd4e56
----------------- Done invoking toplevel() on ptolemy.moml.MoMLSimpleApplication@3afd4e56
reloadAllAccessors: .Clock14

===========================================================================================
----------------- testing Tue Mar 24 13:35:53 UTC 2020 /home/travis/build/icyphy/ptII/ptolemy/actor/lib/test/auto/Clock15.xml
----------------- Instantiating /home/travis/build/icyphy/ptII/ptolemy/actor/lib/test/auto/Clock15.xml
4 ms. Memory: 276480K Free: 80100K (29%)
----------------- Invoking toplevel() on ptolemy.moml.MoMLSimpleApplication@7af94578
----------------- Done invoking toplevel() on ptolemy.moml.MoMLSimpleApplication@7af94578
reloadAllAccessors: .Clock15

===========================================================================================
----------------- testing Tue Mar 24 13:35:53 UTC 2020 /home/travis/build/icyphy/ptII/ptolemy/actor/lib/test/auto/Clock16.xml
----------------- Instantiating /home/travis/build/icyphy/ptII/ptolemy/actor/lib/test/auto/Clock16.xml
29 ms. Memory: 276480K Free: 228190K (83%)
----------------- Invoking toplevel() on ptolemy.moml.MoMLSimpleApplication@3b0b9e7c
----------------- Done invoking toplevel() on ptolemy.moml.MoMLSimpleApplication@3b0b9e7c
reloadAllAccessors: .Clock16

===========================================================================================
----------------- testing Tue Mar 24 13:35:53 UTC 2020 /home/travis/build/icyphy/ptII/ptolemy/actor/lib/test/auto/Clock17.xml
----------------- Instantiating /home/travis/build/icyphy/ptII/ptolemy/actor/lib/test/auto/Clock17.xml
25 ms. Memory: 276480K Free: 213467K (77%)
----------------- Invoking toplevel() on ptolemy.moml.MoMLSimpleApplication@19737a6e
----------------- Done invoking toplevel() on ptolemy.moml.MoMLSimpleApplication@19737a6e
reloadAllAccessors: .Clock17

===========================================================================================
----------------- testing Tue Mar 24 13:35:53 UTC 2020 /home/travis/build/icyphy/ptII/ptolemy/actor/lib/test/auto/Clock18.xml
----------------- Instantiating /home/travis/build/icyphy/ptII/ptolemy/actor/lib/test/auto/Clock18.xml
20 ms. Memory: 276480K Free: 200155K (72%)
----------------- Invoking toplevel() on ptolemy.moml.MoMLSimpleApplication@2455cfe7
----------------- Done invoking toplevel() on ptolemy.moml.MoMLSimpleApplication@2455cfe7
reloadAllAccessors: .Clock18

===========================================================================================
----------------- testing Tue Mar 24 13:35:53 UTC 2020 /home/travis/build/icyphy/ptII/ptolemy/actor/lib/test/auto/Clock19.xml
----------------- Instantiating /home/travis/build/icyphy/ptII/ptolemy/actor/lib/test/auto/Clock19.xml
13 ms. Memory: 276480K Free: 187339K (68%)
----------------- Invoking toplevel() on ptolemy.moml.MoMLSimpleApplication@6659c1c
----------------- Done invoking toplevel() on ptolemy.moml.MoMLSimpleApplication@6659c1c
reloadAllAccessors: .Clock19

===========================================================================================
----------------- testing Tue Mar 24 13:35:53 UTC 2020 /home/travis/build/icyphy/ptII/ptolemy/actor/lib/test/auto/Clock2.xml
----------------- Instantiating /home/travis/build/icyphy/ptII/ptolemy/actor/lib/test/auto/Clock2.xml
6 ms. Memory: 276480K Free: 182203K (66%)
----------------- Invoking toplevel() on ptolemy.moml.MoMLSimpleApplication@3f8ea39c
----------------- Done invoking toplevel() on ptolemy.moml.MoMLSimpleApplication@3f8ea39c
reloadAllAccessors: .Clock2

===========================================================================================
----------------- testing Tue Mar 24 13:35:53 UTC 2020 /home/travis/build/icyphy/ptII/ptolemy/actor/lib/test/auto/Clock20.xml
----------------- Instantiating /home/travis/build/icyphy/ptII/ptolemy/actor/lib/test/auto/Clock20.xml
9 ms. Memory: 276480K Free: 177113K (64%)
----------------- Invoking toplevel() on ptolemy.moml.MoMLSimpleApplication@630678c4
----------------- Done invoking toplevel() on ptolemy.moml.MoMLSimpleApplication@630678c4
reloadAllAccessors: .Clock20

===========================================================================================
----------------- testing Tue Mar 24 13:35:53 UTC 2020 /home/travis/build/icyphy/ptII/ptolemy/actor/lib/test/auto/Clock21.xml
----------------- Instantiating /home/travis/build/icyphy/ptII/ptolemy/actor/lib/test/auto/Clock21.xml
6 ms. Memory: 276480K Free: 171483K (62%)
----------------- Invoking toplevel() on ptolemy.moml.MoMLSimpleApplication@59bed59d
----------------- Done invoking toplevel() on ptolemy.moml.MoMLSimpleApplication@59bed59d
reloadAllAccessors: .Clock21

===========================================================================================
----------------- testing Tue Mar 24 13:35:53 UTC 2020 /home/travis/build/icyphy/ptII/ptolemy/actor/lib/test/auto/Clock22.xml
----------------- Instantiating /home/travis/build/icyphy/ptII/ptolemy/actor/lib/test/auto/Clock22.xml
5 ms. Memory: 276480K Free: 166363K (60%)
----------------- Invoking toplevel() on ptolemy.moml.MoMLSimpleApplication@394449
----------------- Done invoking toplevel() on ptolemy.moml.MoMLSimpleApplication@394449
reloadAllAccessors: .Clock22

===========================================================================================
----------------- testing Tue Mar 24 13:35:53 UTC 2020 /home/travis/build/icyphy/ptII/ptolemy/actor/lib/test/auto/Clock23.xml
----------------- Instantiating /home/travis/build/icyphy/ptII/ptolemy/actor/lib/test/auto/Clock23.xml
4 ms. Memory: 276480K Free: 160729K (58%)
----------------- Invoking toplevel() on ptolemy.moml.MoMLSimpleApplication@11fc321f
----------------- Done invoking toplevel() on ptolemy.moml.MoMLSimpleApplication@11fc321f
reloadAllAccessors: .Clock23

===========================================================================================
----------------- testing Tue Mar 24 13:35:53 UTC 2020 /home/travis/build/icyphy/ptII/ptolemy/actor/lib/test/auto/Clock24.xml
----------------- Instantiating /home/travis/build/icyphy/ptII/ptolemy/actor/lib/test/auto/Clock24.xml
4 ms. Memory: 276480K Free: 155099K (56%)
----------------- Invoking toplevel() on ptolemy.moml.MoMLSimpleApplication@16f2b1be
----------------- Done invoking toplevel() on ptolemy.moml.MoMLSimpleApplication@16f2b1be
reloadAllAccessors: .Clock24

===========================================================================================
----------------- testing Tue Mar 24 13:35:53 UTC 2020 /home/travis/build/icyphy/ptII/ptolemy/actor/lib/test/auto/Clock4.xml
----------------- Instantiating /home/travis/build/icyphy/ptII/ptolemy/actor/lib/test/auto/Clock4.xml
1 ms. Memory: 276480K Free: 150459K (54%)
----------------- Invoking toplevel() on ptolemy.moml.MoMLSimpleApplication@5aefcadd
----------------- Done invoking toplevel() on ptolemy.moml.MoMLSimpleApplication@5aefcadd
reloadAllAccessors: .Clock4

===========================================================================================
----------------- testing Tue Mar 24 13:35:53 UTC 2020 /home/travis/build/icyphy/ptII/ptolemy/actor/lib/test/auto/Clock5.xml
----------------- Instantiating /home/travis/build/icyphy/ptII/ptolemy/actor/lib/test/auto/Clock5.xml
2 ms. Memory: 276480K Free: 144859K (52%)
----------------- Invoking toplevel() on ptolemy.moml.MoMLSimpleApplication@73f36c9f
----------------- Done invoking toplevel() on ptolemy.moml.MoMLSimpleApplication@73f36c9f
reloadAllAccessors: .Clock5

===========================================================================================
----------------- testing Tue Mar 24 13:35:53 UTC 2020 /home/travis/build/icyphy/ptII/ptolemy/actor/lib/test/auto/Clock6.xml
----------------- Instantiating /home/travis/build/icyphy/ptII/ptolemy/actor/lib/test/auto/Clock6.xml
1 ms. Memory: 276480K Free: 140763K (51%)
----------------- Invoking toplevel() on ptolemy.moml.MoMLSimpleApplication@c45eddb
----------------- Done invoking toplevel() on ptolemy.moml.MoMLSimpleApplication@c45eddb
reloadAllAccessors: .Clock6

===========================================================================================
----------------- testing Tue Mar 24 13:35:53 UTC 2020 /home/travis/build/icyphy/ptII/ptolemy/actor/lib/test/auto/Clock7.xml
----------------- Instantiating /home/travis/build/icyphy/ptII/ptolemy/actor/lib/test/auto/Clock7.xml
2 ms. Memory: 276480K Free: 136153K (49%)
----------------- Invoking toplevel() on ptolemy.moml.MoMLSimpleApplication@1f8a9d3f
----------------- Done invoking toplevel() on ptolemy.moml.MoMLSimpleApplication@1f8a9d3f
reloadAllAccessors: .Clock7

===========================================================================================
----------------- testing Tue Mar 24 13:35:53 UTC 2020 /home/travis/build/icyphy/ptII/ptolemy/actor/lib/test/auto/Clock8.xml
----------------- Instantiating /home/travis/build/icyphy/ptII/ptolemy/actor/lib/test/auto/Clock8.xml
5 ms. Memory: 276480K Free: 130523K (47%)
----------------- Invoking toplevel() on ptolemy.moml.MoMLSimpleApplication@37ae0b85
----------------- Done invoking toplevel() on ptolemy.moml.MoMLSimpleApplication@37ae0b85
reloadAllAccessors: .Clock8

===========================================================================================
----------------- testing Tue Mar 24 13:35:53 UTC 2020 /home/travis/build/icyphy/ptII/ptolemy/actor/lib/test/auto/Clock9.xml
----------------- Instantiating /home/travis/build/icyphy/ptII/ptolemy/actor/lib/test/auto/Clock9.xml
5 ms. Memory: 276480K Free: 125403K (45%)
----------------- Invoking toplevel() on ptolemy.moml.MoMLSimpleApplication@50914cb2
----------------- Done invoking toplevel() on ptolemy.moml.MoMLSimpleApplication@50914cb2
reloadAllAccessors: .Clock9

===========================================================================================
----------------- testing Tue Mar 24 13:35:53 UTC 2020 /home/travis/build/icyphy/ptII/ptolemy/actor/lib/test/auto/CommDistDiscard.xml
----------------- Instantiating /home/travis/build/icyphy/ptII/ptolemy/actor/lib/test/auto/CommDistDiscard.xml
6 ms. Memory: 276480K Free: 119769K (43%)
----------------- Invoking toplevel() on ptolemy.moml.MoMLSimpleApplication@700579a1
----------------- Done invoking toplevel() on ptolemy.moml.MoMLSimpleApplication@700579a1
reloadAllAccessors: .CommDistDiscard

===========================================================================================
----------------- testing Tue Mar 24 13:35:53 UTC 2020 /home/travis/build/icyphy/ptII/ptolemy/actor/lib/test/auto/Commutator.xml
----------------- Instantiating /home/travis/build/icyphy/ptII/ptolemy/actor/lib/test/auto/Commutator.xml
3 ms. Memory: 276480K Free: 115673K (42%)
----------------- Invoking toplevel() on ptolemy.moml.MoMLSimpleApplication@41cfabbe
----------------- Done invoking toplevel() on ptolemy.moml.MoMLSimpleApplication@41cfabbe
reloadAllAccessors: .Commutator

===========================================================================================
----------------- testing Tue Mar 24 13:35:53 UTC 2020 /home/travis/build/icyphy/ptII/ptolemy/actor/lib/test/auto/Commutator2.xml
----------------- Instantiating /home/travis/build/icyphy/ptII/ptolemy/actor/lib/test/auto/Commutator2.xml
2 ms. Memory: 276480K Free: 111067K (40%)
----------------- Invoking toplevel() on ptolemy.moml.MoMLSimpleApplication@278e3b28
----------------- Done invoking toplevel() on ptolemy.moml.MoMLSimpleApplication@278e3b28
reloadAllAccessors: .Commutator2

===========================================================================================
----------------- testing Tue Mar 24 13:35:53 UTC 2020 /home/travis/build/icyphy/ptII/ptolemy/actor/lib/test/auto/Commutator3.xml
----------------- Instantiating /home/travis/build/icyphy/ptII/ptolemy/actor/lib/test/auto/Commutator3.xml
1 ms. Memory: 276480K Free: 106457K (39%)
----------------- Invoking toplevel() on ptolemy.moml.MoMLSimpleApplication@1245aada
----------------- Done invoking toplevel() on ptolemy.moml.MoMLSimpleApplication@1245aada
reloadAllAccessors: .Commutator3

===========================================================================================
----------------- testing Tue Mar 24 13:35:53 UTC 2020 /home/travis/build/icyphy/ptII/ptolemy/actor/lib/test/auto/Compare.xml
----------------- Instantiating /home/travis/build/icyphy/ptII/ptolemy/actor/lib/test/auto/Compare.xml
4 ms. Memory: 276480K Free: 100313K (36%)
----------------- Invoking toplevel() on ptolemy.moml.MoMLSimpleApplication@19baaad8
----------------- Done invoking toplevel() on ptolemy.moml.MoMLSimpleApplication@19baaad8
reloadAllAccessors: .Compare

===========================================================================================
----------------- testing Tue Mar 24 13:35:53 UTC 2020 /home/travis/build/icyphy/ptII/ptolemy/actor/lib/test/auto/CompareDE.xml
----------------- Instantiating /home/travis/build/icyphy/ptII/ptolemy/actor/lib/test/auto/CompareDE.xml
5 ms. Memory: 276480K Free: 93131K (34%)
----------------- Invoking toplevel() on ptolemy.moml.MoMLSimpleApplication@2d6cb90c
----------------- Done invoking toplevel() on ptolemy.moml.MoMLSimpleApplication@2d6cb90c
reloadAllAccessors: .CompareDE

===========================================================================================
----------------- testing Tue Mar 24 13:35:53 UTC 2020 /home/travis/build/icyphy/ptII/ptolemy/actor/lib/test/auto/ComplexDivide.xml
----------------- Instantiating /home/travis/build/icyphy/ptII/ptolemy/actor/lib/test/auto/ComplexDivide.xml
1 ms. Memory: 276480K Free: 89563K (32%)
----------------- Invoking toplevel() on ptolemy.moml.MoMLSimpleApplication@3b7de566
----------------- Done invoking toplevel() on ptolemy.moml.MoMLSimpleApplication@3b7de566
reloadAllAccessors: .ComplexDivide

===========================================================================================
----------------- testing Tue Mar 24 13:35:53 UTC 2020 /home/travis/build/icyphy/ptII/ptolemy/actor/lib/test/auto/ComputeHistogram.xml
----------------- Instantiating /home/travis/build/icyphy/ptII/ptolemy/actor/lib/test/auto/ComputeHistogram.xml
29 ms. Memory: 276480K Free: 76761K (28%)
----------------- Invoking toplevel() on ptolemy.moml.MoMLSimpleApplication@4cf83885
----------------- Done invoking toplevel() on ptolemy.moml.MoMLSimpleApplication@4cf83885
reloadAllAccessors: .ComputeHistogram

===========================================================================================
----------------- testing Tue Mar 24 13:35:54 UTC 2020 /home/travis/build/icyphy/ptII/ptolemy/actor/lib/test/auto/ConfigurationSelect.xml
----------------- Instantiating /home/travis/build/icyphy/ptII/ptolemy/actor/lib/test/auto/ConfigurationSelect.xml
6 ms. Memory: 276480K Free: 71131K (26%)
----------------- Invoking toplevel() on ptolemy.moml.MoMLSimpleApplication@53ddc923
----------------- Done invoking toplevel() on ptolemy.moml.MoMLSimpleApplication@53ddc923
reloadAllAccessors: .ConfigurationSelect

===========================================================================================
----------------- testing Tue Mar 24 13:35:54 UTC 2020 /home/travis/build/icyphy/ptII/ptolemy/actor/lib/test/auto/ConfigurationSelect2.xml
----------------- Instantiating /home/travis/build/icyphy/ptII/ptolemy/actor/lib/test/auto/ConfigurationSelect2.xml
2 ms. Memory: 276480K Free: 67035K (24%)
----------------- Invoking toplevel() on ptolemy.moml.MoMLSimpleApplication@28b0e43c
----------------- Done invoking toplevel() on ptolemy.moml.MoMLSimpleApplication@28b0e43c
reloadAllAccessors: .ConfigurationSelect2

===========================================================================================
----------------- testing Tue Mar 24 13:35:54 UTC 2020 /home/travis/build/icyphy/ptII/ptolemy/actor/lib/test/auto/ConfigurationSwitch.xml
----------------- Instantiating /home/travis/build/icyphy/ptII/ptolemy/actor/lib/test/auto/ConfigurationSwitch.xml
2 ms. Memory: 276480K Free: 224516K (81%)
----------------- Invoking toplevel() on ptolemy.moml.MoMLSimpleApplication@349752e
----------------- Done invoking toplevel() on ptolemy.moml.MoMLSimpleApplication@349752e
reloadAllAccessors: .ConfigurationSwitch

===========================================================================================
----------------- testing Tue Mar 24 13:35:54 UTC 2020 /home/travis/build/icyphy/ptII/ptolemy/actor/lib/test/auto/ConfigurationSwitch2.xml
----------------- Instantiating /home/travis/build/icyphy/ptII/ptolemy/actor/lib/test/auto/ConfigurationSwitch2.xml
3 ms. Memory: 276480K Free: 218886K (79%)
----------------- Invoking toplevel() on ptolemy.moml.MoMLSimpleApplication@58fd270
----------------- Done invoking toplevel() on ptolemy.moml.MoMLSimpleApplication@58fd270
reloadAllAccessors: .ConfigurationSwitch2

===========================================================================================
----------------- testing Tue Mar 24 13:35:54 UTC 2020 /home/travis/build/icyphy/ptII/ptolemy/actor/lib/test/auto/ConfigurationSwitchCloningBugWithClassRelationGroup.xml
----------------- Instantiating /home/travis/build/icyphy/ptII/ptolemy/actor/lib/test/auto/ConfigurationSwitchCloningBugWithClassRelationGroup.xml
1 ms. Memory: 276480K Free: 212228K (77%)
----------------- Invoking toplevel() on ptolemy.moml.MoMLSimpleApplication@1ab98cbb
----------------- Done invoking toplevel() on ptolemy.moml.MoMLSimpleApplication@1ab98cbb
reloadAllAccessors: .ConfigurationSwitchCloningBugWithClassRelationGroup

===========================================================================================
----------------- testing Tue Mar 24 13:35:54 UTC 2020 /home/travis/build/icyphy/ptII/ptolemy/actor/lib/test/auto/ConfigurationSwitchSelectSDF.xml
----------------- Instantiating /home/travis/build/icyphy/ptII/ptolemy/actor/lib/test/auto/ConfigurationSwitchSelectSDF.xml
2 ms. Memory: 276480K Free: 206598K (75%)
----------------- Invoking toplevel() on ptolemy.moml.MoMLSimpleApplication@4a58f452
----------------- Done invoking toplevel() on ptolemy.moml.MoMLSimpleApplication@4a58f452
reloadAllAccessors: .ConfigurationSwitchSelectSDF

===========================================================================================
----------------- testing Tue Mar 24 13:35:54 UTC 2020 /home/travis/build/icyphy/ptII/ptolemy/actor/lib/test/auto/ConfigurationSwitchSelectSDF2.xml
----------------- Instantiating /home/travis/build/icyphy/ptII/ptolemy/actor/lib/test/auto/ConfigurationSwitchSelectSDF2.xml
3 ms. Memory: 276480K Free: 200964K (73%)
----------------- Invoking toplevel() on ptolemy.moml.MoMLSimpleApplication@27555e6a
----------------- Done invoking toplevel() on ptolemy.moml.MoMLSimpleApplication@27555e6a
reloadAllAccessors: .ConfigurationSwitchSelectSDF2

===========================================================================================
----------------- testing Tue Mar 24 13:35:54 UTC 2020 /home/travis/build/icyphy/ptII/ptolemy/actor/lib/test/auto/Const.xml
----------------- Instantiating /home/travis/build/icyphy/ptII/ptolemy/actor/lib/test/auto/Const.xml
1 ms. Memory: 276480K Free: 197382K (71%)
----------------- Invoking toplevel() on ptolemy.moml.MoMLSimpleApplication@27634ca9
----------------- Done invoking toplevel() on ptolemy.moml.MoMLSimpleApplication@27634ca9
reloadAllAccessors: .Const

===========================================================================================
----------------- testing Tue Mar 24 13:35:54 UTC 2020 /home/travis/build/icyphy/ptII/ptolemy/actor/lib/test/auto/Const2.xml
----------------- Instantiating /home/travis/build/icyphy/ptII/ptolemy/actor/lib/test/auto/Const2.xml
1 ms. Memory: 276480K Free: 193286K (70%)
----------------- Invoking toplevel() on ptolemy.moml.MoMLSimpleApplication@76db0dd
----------------- Done invoking toplevel() on ptolemy.moml.MoMLSimpleApplication@76db0dd
reloadAllAccessors: .Const2

===========================================================================================
----------------- testing Tue Mar 24 13:35:54 UTC 2020 /home/travis/build/icyphy/ptII/ptolemy/actor/lib/test/auto/Const3.xml
----------------- Instantiating /home/travis/build/icyphy/ptII/ptolemy/actor/lib/test/auto/Const3.xml
1 ms. Memory: 276480K Free: 190724K (69%)
----------------- Invoking toplevel() on ptolemy.moml.MoMLSimpleApplication@32185140
----------------- Done invoking toplevel() on ptolemy.moml.MoMLSimpleApplication@32185140
reloadAllAccessors: .Const3

===========================================================================================
----------------- testing Tue Mar 24 13:35:54 UTC 2020 /home/travis/build/icyphy/ptII/ptolemy/actor/lib/test/auto/ConstantPublisherPort1.xml
----------------- Instantiating /home/travis/build/icyphy/ptII/ptolemy/actor/lib/test/auto/ConstantPublisherPort1.xml
7 ms. Memory: 276480K Free: 182022K (66%)
----------------- Invoking toplevel() on ptolemy.moml.MoMLSimpleApplication@58e450fc
----------------- Done invoking toplevel() on ptolemy.moml.MoMLSimpleApplication@58e450fc
reloadAllAccessors: .ConstantPublisherPort1

===========================================================================================
----------------- testing Tue Mar 24 13:35:54 UTC 2020 /home/travis/build/icyphy/ptII/ptolemy/actor/lib/test/auto/ConstantPublisherPort2.xml
----------------- Instantiating /home/travis/build/icyphy/ptII/ptolemy/actor/lib/test/auto/ConstantPublisherPort2.xml
9 ms. Memory: 276480K Free: 173830K (63%)
----------------- Invoking toplevel() on ptolemy.moml.MoMLSimpleApplication@76801476
----------------- Done invoking toplevel() on ptolemy.moml.MoMLSimpleApplication@76801476
reloadAllAccessors: .ConstantPublisherPort2

===========================================================================================
----------------- testing Tue Mar 24 13:35:54 UTC 2020 /home/travis/build/icyphy/ptII/ptolemy/actor/lib/test/auto/ConstantPublisherPort3.xml
----------------- Instantiating /home/travis/build/icyphy/ptII/ptolemy/actor/lib/test/auto/ConstantPublisherPort3.xml
6 ms. Memory: 276480K Free: 166662K (60%)
----------------- Invoking toplevel() on ptolemy.moml.MoMLSimpleApplication@1b19d61
----------------- Done invoking toplevel() on ptolemy.moml.MoMLSimpleApplication@1b19d61
reloadAllAccessors: .ConstantPublisherPort3

===========================================================================================
----------------- testing Tue Mar 24 13:35:54 UTC 2020 /home/travis/build/icyphy/ptII/ptolemy/actor/lib/test/auto/ConstantPublisherPort4.xml
----------------- Instantiating /home/travis/build/icyphy/ptII/ptolemy/actor/lib/test/auto/ConstantPublisherPort4.xml
2 ms. Memory: 276480K Free: 159494K (58%)
----------------- Invoking toplevel() on ptolemy.moml.MoMLSimpleApplication@254a74e0
----------------- Done invoking toplevel() on ptolemy.moml.MoMLSimpleApplication@254a74e0
reloadAllAccessors: .ConstantPublisherPort4

===========================================================================================
----------------- testing Tue Mar 24 13:35:54 UTC 2020 /home/travis/build/icyphy/ptII/ptolemy/actor/lib/test/auto/ConstantPublisherPort5.xml
----------------- Instantiating /home/travis/build/icyphy/ptII/ptolemy/actor/lib/test/auto/ConstantPublisherPort5.xml
24 ms. Memory: 276480K Free: 150278K (54%)
----------------- Invoking toplevel() on ptolemy.moml.MoMLSimpleApplication@651db256
----------------- Done invoking toplevel() on ptolemy.moml.MoMLSimpleApplication@651db256
reloadAllAccessors: .ConstantPublisherPort5

===========================================================================================
----------------- testing Tue Mar 24 13:35:54 UTC 2020 /home/travis/build/icyphy/ptII/ptolemy/actor/lib/test/auto/ConstantPublisherPort6.xml
----------------- Instantiating /home/travis/build/icyphy/ptII/ptolemy/actor/lib/test/auto/ConstantPublisherPort6.xml
18 ms. Memory: 276480K Free: 141062K (51%)
----------------- Invoking toplevel() on ptolemy.moml.MoMLSimpleApplication@4a32d8a2
----------------- Done invoking toplevel() on ptolemy.moml.MoMLSimpleApplication@4a32d8a2
reloadAllAccessors: .ConstantPublisherPort6

===========================================================================================
----------------- testing Tue Mar 24 13:35:54 UTC 2020 /home/travis/build/icyphy/ptII/ptolemy/actor/lib/test/auto/ConstantPublisherPort7.xml
----------------- Instantiating /home/travis/build/icyphy/ptII/ptolemy/actor/lib/test/auto/ConstantPublisherPort7.xml
22 ms. Memory: 276480K Free: 131332K (48%)
----------------- Invoking toplevel() on ptolemy.moml.MoMLSimpleApplication@7a41932e
----------------- Done invoking toplevel() on ptolemy.moml.MoMLSimpleApplication@7a41932e
reloadAllAccessors: .ConstantPublisherPort7

===========================================================================================
----------------- testing Tue Mar 24 13:35:54 UTC 2020 /home/travis/build/icyphy/ptII/ptolemy/actor/lib/test/auto/ConstraintMonitor1.xml
----------------- Instantiating /home/travis/build/icyphy/ptII/ptolemy/actor/lib/test/auto/ConstraintMonitor1.xml
1 ms. Memory: 276480K Free: 126212K (46%)
----------------- Invoking toplevel() on ptolemy.moml.MoMLSimpleApplication@7095c114
----------------- Done invoking toplevel() on ptolemy.moml.MoMLSimpleApplication@7095c114
reloadAllAccessors: .ConstraintMonitor1

===========================================================================================
----------------- testing Tue Mar 24 13:35:54 UTC 2020 /home/travis/build/icyphy/ptII/ptolemy/actor/lib/test/auto/ConstraintMonitor2.xml
----------------- Instantiating /home/travis/build/icyphy/ptII/ptolemy/actor/lib/test/auto/ConstraintMonitor2.xml
1 ms. Memory: 276480K Free: 122116K (44%)
----------------- Invoking toplevel() on ptolemy.moml.MoMLSimpleApplication@195cb37d
----------------- Done invoking toplevel() on ptolemy.moml.MoMLSimpleApplication@195cb37d
reloadAllAccessors: .ConstraintMonitor2

===========================================================================================
----------------- testing Tue Mar 24 13:35:54 UTC 2020 /home/travis/build/icyphy/ptII/ptolemy/actor/lib/test/auto/ConstraintMonitor3.xml
----------------- Instantiating /home/travis/build/icyphy/ptII/ptolemy/actor/lib/test/auto/ConstraintMonitor3.xml
6 ms. Memory: 276480K Free: 116996K (42%)
----------------- Invoking toplevel() on ptolemy.moml.MoMLSimpleApplication@52f918d7
----------------- Done invoking toplevel() on ptolemy.moml.MoMLSimpleApplication@52f918d7
reloadAllAccessors: .ConstraintMonitor3

===========================================================================================
----------------- testing Tue Mar 24 13:35:54 UTC 2020 /home/travis/build/icyphy/ptII/ptolemy/actor/lib/test/auto/ConstraintMonitor4.xml
----------------- Instantiating /home/travis/build/icyphy/ptII/ptolemy/actor/lib/test/auto/ConstraintMonitor4.xml
4 ms. Memory: 276480K Free: 111876K (40%)
----------------- Invoking toplevel() on ptolemy.moml.MoMLSimpleApplication@7c396e7d
----------------- Done invoking toplevel() on ptolemy.moml.MoMLSimpleApplication@7c396e7d
reloadAllAccessors: .ConstraintMonitor4

===========================================================================================
----------------- testing Tue Mar 24 13:35:54 UTC 2020 /home/travis/build/icyphy/ptII/ptolemy/actor/lib/test/auto/ConstraintMonitor5.xml
----------------- Instantiating /home/travis/build/icyphy/ptII/ptolemy/actor/lib/test/auto/ConstraintMonitor5.xml
2 ms. Memory: 276480K Free: 106756K (39%)
----------------- Invoking toplevel() on ptolemy.moml.MoMLSimpleApplication@36a109a2
----------------- Done invoking toplevel() on ptolemy.moml.MoMLSimpleApplication@36a109a2
reloadAllAccessors: .ConstraintMonitor5

===========================================================================================
----------------- testing Tue Mar 24 13:35:54 UTC 2020 /home/travis/build/icyphy/ptII/ptolemy/actor/lib/test/auto/ConstraintMonitor6.xml
----------------- Instantiating /home/travis/build/icyphy/ptII/ptolemy/actor/lib/test/auto/ConstraintMonitor6.xml
3 ms. Memory: 276480K Free: 100598K (36%)
----------------- Invoking toplevel() on ptolemy.moml.MoMLSimpleApplication@57946bb5
----------------- Done invoking toplevel() on ptolemy.moml.MoMLSimpleApplication@57946bb5
reloadAllAccessors: .ConstraintMonitor6

===========================================================================================
----------------- testing Tue Mar 24 13:35:54 UTC 2020 /home/travis/build/icyphy/ptII/ptolemy/actor/lib/test/auto/ConstraintMonitor7.xml
----------------- Instantiating /home/travis/build/icyphy/ptII/ptolemy/actor/lib/test/auto/ConstraintMonitor7.xml
7 ms. Memory: 276480K Free: 93958K (34%)
----------------- Invoking toplevel() on ptolemy.moml.MoMLSimpleApplication@1a125f61
----------------- Done invoking toplevel() on ptolemy.moml.MoMLSimpleApplication@1a125f61
reloadAllAccessors: .ConstraintMonitor7

===========================================================================================
----------------- testing Tue Mar 24 13:35:54 UTC 2020 /home/travis/build/icyphy/ptII/ptolemy/actor/lib/test/auto/ConstraintMonitor8.xml
----------------- Instantiating /home/travis/build/icyphy/ptII/ptolemy/actor/lib/test/auto/ConstraintMonitor8.xml
7 ms. Memory: 276480K Free: 86790K (31%)
----------------- Invoking toplevel() on ptolemy.moml.MoMLSimpleApplication@53f3c7c9
----------------- Done invoking toplevel() on ptolemy.moml.MoMLSimpleApplication@53f3c7c9
reloadAllAccessors: .ConstraintMonitor8

===========================================================================================
----------------- testing Tue Mar 24 13:35:54 UTC 2020 /home/travis/build/icyphy/ptII/ptolemy/actor/lib/test/auto/Counter.xml
----------------- Instantiating /home/travis/build/icyphy/ptII/ptolemy/actor/lib/test/auto/Counter.xml
4 ms. Memory: 276480K Free: 81670K (30%)
----------------- Invoking toplevel() on ptolemy.moml.MoMLSimpleApplication@4484910a
----------------- Done invoking toplevel() on ptolemy.moml.MoMLSimpleApplication@4484910a
reloadAllAccessors: .Counter

===========================================================================================
----------------- testing Tue Mar 24 13:35:54 UTC 2020 /home/travis/build/icyphy/ptII/ptolemy/actor/lib/test/auto/CurrentTimeSDF.xml
----------------- Instantiating /home/travis/build/icyphy/ptII/ptolemy/actor/lib/test/auto/CurrentTimeSDF.xml
2 ms. Memory: 276480K Free: 77574K (28%)
----------------- Invoking toplevel() on ptolemy.moml.MoMLSimpleApplication@655f6bb
----------------- Done invoking toplevel() on ptolemy.moml.MoMLSimpleApplication@655f6bb
reloadAllAccessors: .CurrentTimeSDF

===========================================================================================
----------------- testing Tue Mar 24 13:35:54 UTC 2020 /home/travis/build/icyphy/ptII/ptolemy/actor/lib/test/auto/DB.xml
----------------- Instantiating /home/travis/build/icyphy/ptII/ptolemy/actor/lib/test/auto/DB.xml
2 ms. Memory: 276480K Free: 72454K (26%)
----------------- Invoking toplevel() on ptolemy.moml.MoMLSimpleApplication@46e49138
----------------- Done invoking toplevel() on ptolemy.moml.MoMLSimpleApplication@46e49138
reloadAllAccessors: .DB

===========================================================================================
----------------- testing Tue Mar 24 13:35:54 UTC 2020 /home/travis/build/icyphy/ptII/ptolemy/actor/lib/test/auto/DBDE.xml
----------------- Instantiating /home/travis/build/icyphy/ptII/ptolemy/actor/lib/test/auto/DBDE.xml
2 ms. Memory: 276480K Free: 66310K (24%)
----------------- Invoking toplevel() on ptolemy.moml.MoMLSimpleApplication@4f04b825
----------------- Done invoking toplevel() on ptolemy.moml.MoMLSimpleApplication@4f04b825
reloadAllAccessors: .DBDE

===========================================================================================
----------------- testing Tue Mar 24 13:35:54 UTC 2020 /home/travis/build/icyphy/ptII/ptolemy/actor/lib/test/auto/DateConstructor.xml
----------------- Instantiating /home/travis/build/icyphy/ptII/ptolemy/actor/lib/test/auto/DateConstructor.xml
28 ms. Memory: 276480K Free: 212510K (77%)
----------------- Invoking toplevel() on ptolemy.moml.MoMLSimpleApplication@5e5a0e85
----------------- Done invoking toplevel() on ptolemy.moml.MoMLSimpleApplication@5e5a0e85
reloadAllAccessors: .DateConstructor

===========================================================================================
----------------- testing Tue Mar 24 13:35:54 UTC 2020 /home/travis/build/icyphy/ptII/ptolemy/actor/lib/test/auto/DelayTime.xml
----------------- Instantiating /home/travis/build/icyphy/ptII/ptolemy/actor/lib/test/auto/DelayTime.xml
6 ms. Memory: 276480K Free: 207900K (75%)
----------------- Invoking toplevel() on ptolemy.moml.MoMLSimpleApplication@2306b965
----------------- Done invoking toplevel() on ptolemy.moml.MoMLSimpleApplication@2306b965
reloadAllAccessors: .DelayTime

===========================================================================================
----------------- testing Tue Mar 24 13:35:54 UTC 2020 /home/travis/build/icyphy/ptII/ptolemy/actor/lib/test/auto/Dictionary1.xml
----------------- Instantiating /home/travis/build/icyphy/ptII/ptolemy/actor/lib/test/auto/Dictionary1.xml
2 ms. Memory: 276480K Free: 202270K (73%)
----------------- Invoking toplevel() on ptolemy.moml.MoMLSimpleApplication@1f4dd2e8
----------------- Done invoking toplevel() on ptolemy.moml.MoMLSimpleApplication@1f4dd2e8
reloadAllAccessors: .Dictionary1

===========================================================================================
----------------- testing Tue Mar 24 13:35:54 UTC 2020 /home/travis/build/icyphy/ptII/ptolemy/actor/lib/test/auto/Dictionary2.xml
----------------- Instantiating /home/travis/build/icyphy/ptII/ptolemy/actor/lib/test/auto/Dictionary2.xml
1 ms. Memory: 276480K Free: 196636K (71%)
----------------- Invoking toplevel() on ptolemy.moml.MoMLSimpleApplication@29ffb955
----------------- Done invoking toplevel() on ptolemy.moml.MoMLSimpleApplication@29ffb955
reloadAllAccessors: .Dictionary2

===========================================================================================
----------------- testing Tue Mar 24 13:35:54 UTC 2020 /home/travis/build/icyphy/ptII/ptolemy/actor/lib/test/auto/Dictionary3.xml
----------------- Instantiating /home/travis/build/icyphy/ptII/ptolemy/actor/lib/test/auto/Dictionary3.xml
1 ms. Memory: 276480K Free: 191006K (69%)
----------------- Invoking toplevel() on ptolemy.moml.MoMLSimpleApplication@68a67440
----------------- Done invoking toplevel() on ptolemy.moml.MoMLSimpleApplication@68a67440
reloadAllAccessors: .Dictionary3

===========================================================================================
----------------- testing Tue Mar 24 13:35:54 UTC 2020 /home/travis/build/icyphy/ptII/ptolemy/actor/lib/test/auto/Dictionary4.xml
----------------- Instantiating /home/travis/build/icyphy/ptII/ptolemy/actor/lib/test/auto/Dictionary4.xml
2 ms. Memory: 276480K Free: 184348K (67%)
----------------- Invoking toplevel() on ptolemy.moml.MoMLSimpleApplication@1afef9db
----------------- Done invoking toplevel() on ptolemy.moml.MoMLSimpleApplication@1afef9db
reloadAllAccessors: .Dictionary4

===========================================================================================
----------------- testing Tue Mar 24 13:35:54 UTC 2020 /home/travis/build/icyphy/ptII/ptolemy/actor/lib/test/auto/Differential.xml
----------------- Instantiating /home/travis/build/icyphy/ptII/ptolemy/actor/lib/test/auto/Differential.xml
2 ms. Memory: 276480K Free: 179742K (65%)
----------------- Invoking toplevel() on ptolemy.moml.MoMLSimpleApplication@5fdb93
----------------- Done invoking toplevel() on ptolemy.moml.MoMLSimpleApplication@5fdb93
reloadAllAccessors: .Differential

===========================================================================================
----------------- testing Tue Mar 24 13:35:54 UTC 2020 /home/travis/build/icyphy/ptII/ptolemy/actor/lib/test/auto/Director.xml
----------------- Instantiating /home/travis/build/icyphy/ptII/ptolemy/actor/lib/test/auto/Director.xml
3 ms. Memory: 276480K Free: 176156K (64%)
----------------- Invoking toplevel() on ptolemy.moml.MoMLSimpleApplication@546b8173
----------------- Done invoking toplevel() on ptolemy.moml.MoMLSimpleApplication@546b8173
reloadAllAccessors: .Director

===========================================================================================
----------------- testing Tue Mar 24 13:35:54 UTC 2020 /home/travis/build/icyphy/ptII/ptolemy/actor/lib/test/auto/DiscreteClock.xml
----------------- Instantiating /home/travis/build/icyphy/ptII/ptolemy/actor/lib/test/auto/DiscreteClock.xml
1 ms. Memory: 276480K Free: 172574K (62%)
----------------- Invoking toplevel() on ptolemy.moml.MoMLSimpleApplication@79ea8843
----------------- Done invoking toplevel() on ptolemy.moml.MoMLSimpleApplication@79ea8843
reloadAllAccessors: .DiscreteClock

===========================================================================================
----------------- testing Tue Mar 24 13:35:54 UTC 2020 /home/travis/build/icyphy/ptII/ptolemy/actor/lib/test/auto/DiscreteClock10.xml
----------------- Instantiating /home/travis/build/icyphy/ptII/ptolemy/actor/lib/test/auto/DiscreteClock10.xml
2 ms. Memory: 276480K Free: 166430K (60%)
----------------- Invoking toplevel() on ptolemy.moml.MoMLSimpleApplication@5ee81d16
----------------- Done invoking toplevel() on ptolemy.moml.MoMLSimpleApplication@5ee81d16
reloadAllAccessors: .DiscreteClock10

===========================================================================================
----------------- testing Tue Mar 24 13:35:55 UTC 2020 /home/travis/build/icyphy/ptII/ptolemy/actor/lib/test/auto/DiscreteClock11.xml
----------------- Instantiating /home/travis/build/icyphy/ptII/ptolemy/actor/lib/test/auto/DiscreteClock11.xml
2 ms. Memory: 276480K Free: 160286K (58%)
----------------- Invoking toplevel() on ptolemy.moml.MoMLSimpleApplication@241f6aaf
----------------- Done invoking toplevel() on ptolemy.moml.MoMLSimpleApplication@241f6aaf
reloadAllAccessors: .DiscreteClock11

===========================================================================================
----------------- testing Tue Mar 24 13:35:55 UTC 2020 /home/travis/build/icyphy/ptII/ptolemy/actor/lib/test/auto/DiscreteClock12.xml
----------------- Instantiating /home/travis/build/icyphy/ptII/ptolemy/actor/lib/test/auto/DiscreteClock12.xml
3 ms. Memory: 276480K Free: 154142K (56%)
----------------- Invoking toplevel() on ptolemy.moml.MoMLSimpleApplication@65b8b246
----------------- Done invoking toplevel() on ptolemy.moml.MoMLSimpleApplication@65b8b246
reloadAllAccessors: .DiscreteClock12

===========================================================================================
----------------- testing Tue Mar 24 13:35:55 UTC 2020 /home/travis/build/icyphy/ptII/ptolemy/actor/lib/test/auto/DiscreteClock13.xml
----------------- Instantiating /home/travis/build/icyphy/ptII/ptolemy/actor/lib/test/auto/DiscreteClock13.xml
4 ms. Memory: 276480K Free: 148478K (54%)
----------------- Invoking toplevel() on ptolemy.moml.MoMLSimpleApplication@6ce25e62
----------------- Done invoking toplevel() on ptolemy.moml.MoMLSimpleApplication@6ce25e62
reloadAllAccessors: .DiscreteClock13

===========================================================================================
----------------- testing Tue Mar 24 13:35:55 UTC 2020 /home/travis/build/icyphy/ptII/ptolemy/actor/lib/test/auto/DiscreteClock14.xml
----------------- Instantiating /home/travis/build/icyphy/ptII/ptolemy/actor/lib/test/auto/DiscreteClock14.xml
7 ms. Memory: 276480K Free: 142334K (51%)
----------------- Invoking toplevel() on ptolemy.moml.MoMLSimpleApplication@462fce09
----------------- Done invoking toplevel() on ptolemy.moml.MoMLSimpleApplication@462fce09
reloadAllAccessors: .DiscreteClock14

===========================================================================================
----------------- testing Tue Mar 24 13:35:55 UTC 2020 /home/travis/build/icyphy/ptII/ptolemy/actor/lib/test/auto/DiscreteClock15.xml
----------------- Instantiating /home/travis/build/icyphy/ptII/ptolemy/actor/lib/test/auto/DiscreteClock15.xml
4 ms. Memory: 276480K Free: 136190K (49%)
----------------- Invoking toplevel() on ptolemy.moml.MoMLSimpleApplication@7f67075
----------------- Done invoking toplevel() on ptolemy.moml.MoMLSimpleApplication@7f67075
reloadAllAccessors: .DiscreteClock15

===========================================================================================
----------------- testing Tue Mar 24 13:35:55 UTC 2020 /home/travis/build/icyphy/ptII/ptolemy/actor/lib/test/auto/DiscreteClock16.xml
----------------- Instantiating /home/travis/build/icyphy/ptII/ptolemy/actor/lib/test/auto/DiscreteClock16.xml
15 ms. Memory: 276480K Free: 122398K (44%)
----------------- Invoking toplevel() on ptolemy.moml.MoMLSimpleApplication@19d7e2de
----------------- Done invoking toplevel() on ptolemy.moml.MoMLSimpleApplication@19d7e2de
reloadAllAccessors: .DiscreteClock16

===========================================================================================
----------------- testing Tue Mar 24 13:35:55 UTC 2020 /home/travis/build/icyphy/ptII/ptolemy/actor/lib/test/auto/DiscreteClock17.xml
----------------- Instantiating /home/travis/build/icyphy/ptII/ptolemy/actor/lib/test/auto/DiscreteClock17.xml
15 ms. Memory: 276480K Free: 107518K (39%)
----------------- Invoking toplevel() on ptolemy.moml.MoMLSimpleApplication@34c58125
----------------- Done invoking toplevel() on ptolemy.moml.MoMLSimpleApplication@34c58125
reloadAllAccessors: .DiscreteClock17

===========================================================================================
----------------- testing Tue Mar 24 13:35:55 UTC 2020 /home/travis/build/icyphy/ptII/ptolemy/actor/lib/test/auto/DiscreteClock18.xml
----------------- Instantiating /home/travis/build/icyphy/ptII/ptolemy/actor/lib/test/auto/DiscreteClock18.xml
20 ms. Memory: 276480K Free: 94236K (34%)
----------------- Invoking toplevel() on ptolemy.moml.MoMLSimpleApplication@30061f77
----------------- Done invoking toplevel() on ptolemy.moml.MoMLSimpleApplication@30061f77
reloadAllAccessors: .DiscreteClock18

===========================================================================================
----------------- testing Tue Mar 24 13:35:55 UTC 2020 /home/travis/build/icyphy/ptII/ptolemy/actor/lib/test/auto/DiscreteClock19.xml
----------------- Instantiating /home/travis/build/icyphy/ptII/ptolemy/actor/lib/test/auto/DiscreteClock19.xml
17 ms. Memory: 276480K Free: 80414K (29%)
----------------- Invoking toplevel() on ptolemy.moml.MoMLSimpleApplication@1468134b
----------------- Done invoking toplevel() on ptolemy.moml.MoMLSimpleApplication@1468134b
reloadAllAccessors: .DiscreteClock19

===========================================================================================
----------------- testing Tue Mar 24 13:35:55 UTC 2020 /home/travis/build/icyphy/ptII/ptolemy/actor/lib/test/auto/DiscreteClock2.xml
----------------- Instantiating /home/travis/build/icyphy/ptII/ptolemy/actor/lib/test/auto/DiscreteClock2.xml
2 ms. Memory: 276480K Free: 75294K (27%)
----------------- Invoking toplevel() on ptolemy.moml.MoMLSimpleApplication@1669aa7b
----------------- Done invoking toplevel() on ptolemy.moml.MoMLSimpleApplication@1669aa7b
reloadAllAccessors: .DiscreteClock2

===========================================================================================
----------------- testing Tue Mar 24 13:35:55 UTC 2020 /home/travis/build/icyphy/ptII/ptolemy/actor/lib/test/auto/DiscreteClock20.xml
----------------- Instantiating /home/travis/build/icyphy/ptII/ptolemy/actor/lib/test/auto/DiscreteClock20.xml
4 ms. Memory: 276480K Free: 69660K (25%)
----------------- Invoking toplevel() on ptolemy.moml.MoMLSimpleApplication@6b06dc7e
----------------- Done invoking toplevel() on ptolemy.moml.MoMLSimpleApplication@6b06dc7e
reloadAllAccessors: .DiscreteClock20

===========================================================================================
----------------- testing Tue Mar 24 13:35:55 UTC 2020 /home/travis/build/icyphy/ptII/ptolemy/actor/lib/test/auto/DiscreteClock21.xml
----------------- Instantiating /home/travis/build/icyphy/ptII/ptolemy/actor/lib/test/auto/DiscreteClock21.xml
8 ms. Memory: 402432K Free: 352899K (88%)
----------------- Invoking toplevel() on ptolemy.moml.MoMLSimpleApplication@541671a5
----------------- Done invoking toplevel() on ptolemy.moml.MoMLSimpleApplication@541671a5
reloadAllAccessors: .DiscreteClock21

===========================================================================================
----------------- testing Tue Mar 24 13:35:55 UTC 2020 /home/travis/build/icyphy/ptII/ptolemy/actor/lib/test/auto/DiscreteClock22.xml
----------------- Instantiating /home/travis/build/icyphy/ptII/ptolemy/actor/lib/test/auto/DiscreteClock22.xml
5 ms. Memory: 402432K Free: 347276K (86%)
----------------- Invoking toplevel() on ptolemy.moml.MoMLSimpleApplication@66fdcba6
----------------- Done invoking toplevel() on ptolemy.moml.MoMLSimpleApplication@66fdcba6
reloadAllAccessors: .DiscreteClock22

===========================================================================================
----------------- testing Tue Mar 24 13:35:55 UTC 2020 /home/travis/build/icyphy/ptII/ptolemy/actor/lib/test/auto/DiscreteClock23.xml
----------------- Instantiating /home/travis/build/icyphy/ptII/ptolemy/actor/lib/test/auto/DiscreteClock23.xml
8 ms. Memory: 402432K Free: 341642K (85%)
----------------- Invoking toplevel() on ptolemy.moml.MoMLSimpleApplication@7820915e
----------------- Done invoking toplevel() on ptolemy.moml.MoMLSimpleApplication@7820915e
reloadAllAccessors: .DiscreteClock23

===========================================================================================
----------------- testing Tue Mar 24 13:35:55 UTC 2020 /home/travis/build/icyphy/ptII/ptolemy/actor/lib/test/auto/DiscreteClock24.xml
----------------- Instantiating /home/travis/build/icyphy/ptII/ptolemy/actor/lib/test/auto/DiscreteClock24.xml
5 ms. Memory: 402432K Free: 336012K (83%)
----------------- Invoking toplevel() on ptolemy.moml.MoMLSimpleApplication@38fc6b5b
----------------- Done invoking toplevel() on ptolemy.moml.MoMLSimpleApplication@38fc6b5b
reloadAllAccessors: .DiscreteClock24

===========================================================================================
----------------- testing Tue Mar 24 13:35:55 UTC 2020 /home/travis/build/icyphy/ptII/ptolemy/actor/lib/test/auto/DiscreteClock4.xml
----------------- Instantiating /home/travis/build/icyphy/ptII/ptolemy/actor/lib/test/auto/DiscreteClock4.xml
4 ms. Memory: 402432K Free: 330363K (82%)
----------------- Invoking toplevel() on ptolemy.moml.MoMLSimpleApplication@5c9e46a9
----------------- Done invoking toplevel() on ptolemy.moml.MoMLSimpleApplication@5c9e46a9
reloadAllAccessors: .DiscreteClock4

===========================================================================================
----------------- testing Tue Mar 24 13:35:55 UTC 2020 /home/travis/build/icyphy/ptII/ptolemy/actor/lib/test/auto/DiscreteClock5.xml
----------------- Instantiating /home/travis/build/icyphy/ptII/ptolemy/actor/lib/test/auto/DiscreteClock5.xml
1 ms. Memory: 402432K Free: 325258K (81%)
----------------- Invoking toplevel() on ptolemy.moml.MoMLSimpleApplication@223df6ef
----------------- Done invoking toplevel() on ptolemy.moml.MoMLSimpleApplication@223df6ef
reloadAllAccessors: .DiscreteClock5

===========================================================================================
----------------- testing Tue Mar 24 13:35:55 UTC 2020 /home/travis/build/icyphy/ptII/ptolemy/actor/lib/test/auto/DiscreteClock6.xml
----------------- Instantiating /home/travis/build/icyphy/ptII/ptolemy/actor/lib/test/auto/DiscreteClock6.xml
1 ms. Memory: 402432K Free: 321147K (80%)
----------------- Invoking toplevel() on ptolemy.moml.MoMLSimpleApplication@48e54bb0
----------------- Done invoking toplevel() on ptolemy.moml.MoMLSimpleApplication@48e54bb0
reloadAllAccessors: .DiscreteClock6

===========================================================================================
----------------- testing Tue Mar 24 13:35:55 UTC 2020 /home/travis/build/icyphy/ptII/ptolemy/actor/lib/test/auto/DiscreteClock7.xml
----------------- Instantiating /home/travis/build/icyphy/ptII/ptolemy/actor/lib/test/auto/DiscreteClock7.xml
2 ms. Memory: 402432K Free: 315018K (78%)
----------------- Invoking toplevel() on ptolemy.moml.MoMLSimpleApplication@2e558827
----------------- Done invoking toplevel() on ptolemy.moml.MoMLSimpleApplication@2e558827
reloadAllAccessors: .DiscreteClock7

===========================================================================================
----------------- testing Tue Mar 24 13:35:55 UTC 2020 /home/travis/build/icyphy/ptII/ptolemy/actor/lib/test/auto/DiscreteClock8.xml
----------------- Instantiating /home/travis/build/icyphy/ptII/ptolemy/actor/lib/test/auto/DiscreteClock8.xml
5 ms. Memory: 402432K Free: 309388K (77%)
----------------- Invoking toplevel() on ptolemy.moml.MoMLSimpleApplication@34c294dd
----------------- Done invoking toplevel() on ptolemy.moml.MoMLSimpleApplication@34c294dd
reloadAllAccessors: .DiscreteClock8

===========================================================================================
----------------- testing Tue Mar 24 13:35:55 UTC 2020 /home/travis/build/icyphy/ptII/ptolemy/actor/lib/test/auto/DiscreteClock9.xml
----------------- Instantiating /home/travis/build/icyphy/ptII/ptolemy/actor/lib/test/auto/DiscreteClock9.xml
3 ms. Memory: 402432K Free: 303739K (75%)
----------------- Invoking toplevel() on ptolemy.moml.MoMLSimpleApplication@6ed81bf1
----------------- Done invoking toplevel() on ptolemy.moml.MoMLSimpleApplication@6ed81bf1
reloadAllAccessors: .DiscreteClock9

===========================================================================================
----------------- testing Tue Mar 24 13:35:55 UTC 2020 /home/travis/build/icyphy/ptII/ptolemy/actor/lib/test/auto/DisplayArray.xml
----------------- Instantiating /home/travis/build/icyphy/ptII/ptolemy/actor/lib/test/auto/DisplayArray.xml
3 ms. Memory: 402432K Free: 300172K (75%)
----------------- Invoking toplevel() on ptolemy.moml.MoMLSimpleApplication@6f537dc3
----------------- Done invoking toplevel() on ptolemy.moml.MoMLSimpleApplication@6f537dc3
reloadAllAccessors: .DisplayArray

===========================================================================================
----------------- testing Tue Mar 24 13:35:55 UTC 2020 /home/travis/build/icyphy/ptII/ptolemy/actor/lib/test/auto/Distributor.xml
----------------- Instantiating /home/travis/build/icyphy/ptII/ptolemy/actor/lib/test/auto/Distributor.xml
2 ms. Memory: 402432K Free: 295052K (73%)
----------------- Invoking toplevel() on ptolemy.moml.MoMLSimpleApplication@2e8300fe
----------------- Done invoking toplevel() on ptolemy.moml.MoMLSimpleApplication@2e8300fe
reloadAllAccessors: .Distributor

===========================================================================================
----------------- testing Tue Mar 24 13:35:55 UTC 2020 /home/travis/build/icyphy/ptII/ptolemy/actor/lib/test/auto/Distributor2.xml
----------------- Instantiating /home/travis/build/icyphy/ptII/ptolemy/actor/lib/test/auto/Distributor2.xml
1 ms. Memory: 402432K Free: 289932K (72%)
----------------- Invoking toplevel() on ptolemy.moml.MoMLSimpleApplication@1f3731f0
----------------- Done invoking toplevel() on ptolemy.moml.MoMLSimpleApplication@1f3731f0
reloadAllAccessors: .Distributor2

===========================================================================================
----------------- testing Tue Mar 24 13:35:55 UTC 2020 /home/travis/build/icyphy/ptII/ptolemy/actor/lib/test/auto/DownSample.xml
----------------- Instantiating /home/travis/build/icyphy/ptII/ptolemy/actor/lib/test/auto/DownSample.xml
2 ms. Memory: 402432K Free: 285322K (71%)
----------------- Invoking toplevel() on ptolemy.moml.MoMLSimpleApplication@482d47bf
----------------- Done invoking toplevel() on ptolemy.moml.MoMLSimpleApplication@482d47bf
reloadAllAccessors: .DownSample

===========================================================================================
----------------- testing Tue Mar 24 13:35:55 UTC 2020 /home/travis/build/icyphy/ptII/ptolemy/actor/lib/test/auto/ElectronicUnitBase1.xml
----------------- Instantiating /home/travis/build/icyphy/ptII/ptolemy/actor/lib/test/auto/ElectronicUnitBase1.xml
19 ms. Memory: 402432K Free: 269962K (67%)
----------------- Invoking toplevel() on ptolemy.moml.MoMLSimpleApplication@6d9c87bc
----------------- Done invoking toplevel() on ptolemy.moml.MoMLSimpleApplication@6d9c87bc
reloadAllAccessors: .ElectronicUnitBase1

===========================================================================================
----------------- testing Tue Mar 24 13:35:55 UTC 2020 /home/travis/build/icyphy/ptII/ptolemy/actor/lib/test/auto/ElementsToArray.xml
----------------- Instantiating /home/travis/build/icyphy/ptII/ptolemy/actor/lib/test/auto/ElementsToArray.xml
3 ms. Memory: 402432K Free: 264842K (66%)
----------------- Invoking toplevel() on ptolemy.moml.MoMLSimpleApplication@7e7e213a
----------------- Done invoking toplevel() on ptolemy.moml.MoMLSimpleApplication@7e7e213a
reloadAllAccessors: .ElementsToArray

===========================================================================================
----------------- testing Tue Mar 24 13:35:55 UTC 2020 /home/travis/build/icyphy/ptII/ptolemy/actor/lib/test/auto/Equals.xml
----------------- Instantiating /home/travis/build/icyphy/ptII/ptolemy/actor/lib/test/auto/Equals.xml
2 ms. Memory: 402432K Free: 260236K (65%)
----------------- Invoking toplevel() on ptolemy.moml.MoMLSimpleApplication@11a3831e
----------------- Done invoking toplevel() on ptolemy.moml.MoMLSimpleApplication@11a3831e
reloadAllAccessors: .Equals

===========================================================================================
----------------- testing Tue Mar 24 13:35:55 UTC 2020 /home/travis/build/icyphy/ptII/ptolemy/actor/lib/test/auto/Exec.xml
----------------- Instantiating /home/travis/build/icyphy/ptII/ptolemy/actor/lib/test/auto/Exec.xml
9 ms. Memory: 402432K Free: 254602K (63%)
----------------- Invoking toplevel() on ptolemy.moml.MoMLSimpleApplication@5a227154
----------------- Done invoking toplevel() on ptolemy.moml.MoMLSimpleApplication@5a227154
reloadAllAccessors: .Exec

===========================================================================================
----------------- testing Tue Mar 24 13:35:55 UTC 2020 /home/travis/build/icyphy/ptII/ptolemy/actor/lib/test/auto/ExecEnvironment.xml
----------------- Instantiating /home/travis/build/icyphy/ptII/ptolemy/actor/lib/test/auto/ExecEnvironment.xml
22 ms. Memory: 402432K Free: 249467K (62%)
----------------- Invoking toplevel() on ptolemy.moml.MoMLSimpleApplication@2daf5b2c
----------------- Done invoking toplevel() on ptolemy.moml.MoMLSimpleApplication@2daf5b2c
reloadAllAccessors: .ExecEnvironment

===========================================================================================
----------------- testing Tue Mar 24 13:35:55 UTC 2020 /home/travis/build/icyphy/ptII/ptolemy/actor/lib/test/auto/ExecNonZeroReturnOutput.xml
----------------- Instantiating /home/travis/build/icyphy/ptII/ptolemy/actor/lib/test/auto/ExecNonZeroReturnOutput.xml
164 ms. Memory: 402432K Free: 238218K (59%)
----------------- Invoking toplevel() on ptolemy.moml.MoMLSimpleApplication@39f2502f
----------------- Done invoking toplevel() on ptolemy.moml.MoMLSimpleApplication@39f2502f
reloadAllAccessors: .ExecNonZeroReturnOutput

===========================================================================================
----------------- testing Tue Mar 24 13:35:56 UTC 2020 /home/travis/build/icyphy/ptII/ptolemy/actor/lib/test/auto/ExecRunDemos.xml
----------------- Instantiating /home/travis/build/icyphy/ptII/ptolemy/actor/lib/test/auto/ExecRunDemos.xml
Finished: 64 ms. Memory: 129024K Free: 112370K (87%)

Finished: 78 ms. Memory: 129024K Free: 109473K (85%)

Finished: 117 ms. Memory: 129024K Free: 109460K (85%)

Finished: 107 ms. Memory: 129024K Free: 111022K (86%)

Finished: 79 ms. Memory: 129024K Free: 111938K (87%)

10034 ms. Memory: 402432K Free: 217226K (54%)
----------------- Invoking toplevel() on ptolemy.moml.MoMLSimpleApplication@6a293069
----------------- Done invoking toplevel() on ptolemy.moml.MoMLSimpleApplication@6a293069
reloadAllAccessors: .ExecRunDemos

===========================================================================================
----------------- testing Tue Mar 24 13:36:06 UTC 2020 /home/travis/build/icyphy/ptII/ptolemy/actor/lib/test/auto/ExecStop.xml
----------------- Instantiating /home/travis/build/icyphy/ptII/ptolemy/actor/lib/test/auto/ExecStop.xml
5016 ms. Memory: 402432K Free: 270542K (67%)
----------------- Invoking toplevel() on ptolemy.moml.MoMLSimpleApplication@6b6edebd
----------------- Done invoking toplevel() on ptolemy.moml.MoMLSimpleApplication@6b6edebd
reloadAllAccessors: .ExecStop

===========================================================================================
----------------- testing Tue Mar 24 13:36:11 UTC 2020 /home/travis/build/icyphy/ptII/ptolemy/actor/lib/test/auto/ExecutionTimeSDF.xml
----------------- Instantiating /home/travis/build/icyphy/ptII/ptolemy/actor/lib/test/auto/ExecutionTimeSDF.xml
Fired ExecutionTime: -949367296
Fired ExecutionTime: 1331600000
Fired ExecutionTime: -174967296
6005 ms. Memory: 402432K Free: 257820K (64%)
----------------- Invoking toplevel() on ptolemy.moml.MoMLSimpleApplication@6663ed57
----------------- Done invoking toplevel() on ptolemy.moml.MoMLSimpleApplication@6663ed57
reloadAllAccessors: .ExecutionTimeSDF

===========================================================================================
----------------- testing Tue Mar 24 13:36:17 UTC 2020 /home/travis/build/icyphy/ptII/ptolemy/actor/lib/test/auto/Expression1.xml
----------------- Instantiating /home/travis/build/icyphy/ptII/ptolemy/actor/lib/test/auto/Expression1.xml
2 ms. Memory: 402432K Free: 254234K (63%)
----------------- Invoking toplevel() on ptolemy.moml.MoMLSimpleApplication@5f2dbd3c
----------------- Done invoking toplevel() on ptolemy.moml.MoMLSimpleApplication@5f2dbd3c
reloadAllAccessors: .Expression1

===========================================================================================
----------------- testing Tue Mar 24 13:36:17 UTC 2020 /home/travis/build/icyphy/ptII/ptolemy/actor/lib/test/auto/Expression10.xml
----------------- Instantiating /home/travis/build/icyphy/ptII/ptolemy/actor/lib/test/auto/Expression10.xml
6 ms. Memory: 402432K Free: 248604K (62%)
----------------- Invoking toplevel() on ptolemy.moml.MoMLSimpleApplication@34477b73
----------------- Done invoking toplevel() on ptolemy.moml.MoMLSimpleApplication@34477b73
reloadAllAccessors: .Expression10

===========================================================================================
----------------- testing Tue Mar 24 13:36:17 UTC 2020 /home/travis/build/icyphy/ptII/ptolemy/actor/lib/test/auto/Expression11.xml
----------------- Instantiating /home/travis/build/icyphy/ptII/ptolemy/actor/lib/test/auto/Expression11.xml
1 ms. Memory: 402432K Free: 243994K (61%)
----------------- Invoking toplevel() on ptolemy.moml.MoMLSimpleApplication@541b1303
----------------- Done invoking toplevel() on ptolemy.moml.MoMLSimpleApplication@541b1303
reloadAllAccessors: .Expression11

===========================================================================================
----------------- testing Tue Mar 24 13:36:17 UTC 2020 /home/travis/build/icyphy/ptII/ptolemy/actor/lib/test/auto/Expression12.xml
----------------- Instantiating /home/travis/build/icyphy/ptII/ptolemy/actor/lib/test/auto/Expression12.xml
3 ms. Memory: 402432K Free: 238364K (59%)
----------------- Invoking toplevel() on ptolemy.moml.MoMLSimpleApplication@32790b74
----------------- Done invoking toplevel() on ptolemy.moml.MoMLSimpleApplication@32790b74
reloadAllAccessors: .Expression12

===========================================================================================
----------------- testing Tue Mar 24 13:36:17 UTC 2020 /home/travis/build/icyphy/ptII/ptolemy/actor/lib/test/auto/Expression13.xml
----------------- Instantiating /home/travis/build/icyphy/ptII/ptolemy/actor/lib/test/auto/Expression13.xml
4 ms. Memory: 402432K Free: 233244K (58%)
----------------- Invoking toplevel() on ptolemy.moml.MoMLSimpleApplication@23c503ff
----------------- Done invoking toplevel() on ptolemy.moml.MoMLSimpleApplication@23c503ff
reloadAllAccessors: .Expression13

===========================================================================================
----------------- testing Tue Mar 24 13:36:17 UTC 2020 /home/travis/build/icyphy/ptII/ptolemy/actor/lib/test/auto/Expression14.xml
----------------- Instantiating /home/travis/build/icyphy/ptII/ptolemy/actor/lib/test/auto/Expression14.xml
6 ms. Memory: 402432K Free: 227100K (56%)
----------------- Invoking toplevel() on ptolemy.moml.MoMLSimpleApplication@3cb419b3
----------------- Done invoking toplevel() on ptolemy.moml.MoMLSimpleApplication@3cb419b3
reloadAllAccessors: .Expression14

===========================================================================================
----------------- testing Tue Mar 24 13:36:17 UTC 2020 /home/travis/build/icyphy/ptII/ptolemy/actor/lib/test/auto/Expression15.xml
----------------- Instantiating /home/travis/build/icyphy/ptII/ptolemy/actor/lib/test/auto/Expression15.xml
1 ms. Memory: 402432K Free: 223004K (55%)
----------------- Invoking toplevel() on ptolemy.moml.MoMLSimpleApplication@4ed73c2f
----------------- Done invoking toplevel() on ptolemy.moml.MoMLSimpleApplication@4ed73c2f
reloadAllAccessors: .Expression15

===========================================================================================
----------------- testing Tue Mar 24 13:36:17 UTC 2020 /home/travis/build/icyphy/ptII/ptolemy/actor/lib/test/auto/Expression16.xml
----------------- Instantiating /home/travis/build/icyphy/ptII/ptolemy/actor/lib/test/auto/Expression16.xml
6 ms. Memory: 402432K Free: 218394K (54%)
----------------- Invoking toplevel() on ptolemy.moml.MoMLSimpleApplication@218addc9
----------------- Done invoking toplevel() on ptolemy.moml.MoMLSimpleApplication@218addc9
reloadAllAccessors: .Expression16

===========================================================================================
----------------- testing Tue Mar 24 13:36:17 UTC 2020 /home/travis/build/icyphy/ptII/ptolemy/actor/lib/test/auto/Expression17.xml
----------------- Instantiating /home/travis/build/icyphy/ptII/ptolemy/actor/lib/test/auto/Expression17.xml
2 ms. Memory: 402432K Free: 213274K (53%)
----------------- Invoking toplevel() on ptolemy.moml.MoMLSimpleApplication@aa3d4f
----------------- Done invoking toplevel() on ptolemy.moml.MoMLSimpleApplication@aa3d4f
reloadAllAccessors: .Expression17

===========================================================================================
----------------- testing Tue Mar 24 13:36:17 UTC 2020 /home/travis/build/icyphy/ptII/ptolemy/actor/lib/test/auto/Expression18.xml
----------------- Instantiating /home/travis/build/icyphy/ptII/ptolemy/actor/lib/test/auto/Expression18.xml
3 ms. Memory: 402432K Free: 208154K (52%)
----------------- Invoking toplevel() on ptolemy.moml.MoMLSimpleApplication@6338814f
----------------- Done invoking toplevel() on ptolemy.moml.MoMLSimpleApplication@6338814f
reloadAllAccessors: .Expression18

===========================================================================================
----------------- testing Tue Mar 24 13:36:17 UTC 2020 /home/travis/build/icyphy/ptII/ptolemy/actor/lib/test/auto/Expression2.xml
----------------- Instantiating /home/travis/build/icyphy/ptII/ptolemy/actor/lib/test/auto/Expression2.xml
3 ms. Memory: 402432K Free: 203034K (50%)
----------------- Invoking toplevel() on ptolemy.moml.MoMLSimpleApplication@17e370f
----------------- Done invoking toplevel() on ptolemy.moml.MoMLSimpleApplication@17e370f
reloadAllAccessors: .Expression2

===========================================================================================
----------------- testing Tue Mar 24 13:36:17 UTC 2020 /home/travis/build/icyphy/ptII/ptolemy/actor/lib/test/auto/Expression3.xml
----------------- Instantiating /home/travis/build/icyphy/ptII/ptolemy/actor/lib/test/auto/Expression3.xml
5 ms. Memory: 402432K Free: 197914K (49%)
----------------- Invoking toplevel() on ptolemy.moml.MoMLSimpleApplication@6595fd33
----------------- Done invoking toplevel() on ptolemy.moml.MoMLSimpleApplication@6595fd33
reloadAllAccessors: .Expression3

===========================================================================================
----------------- testing Tue Mar 24 13:36:17 UTC 2020 /home/travis/build/icyphy/ptII/ptolemy/actor/lib/test/auto/Expression4.xml
----------------- Instantiating /home/travis/build/icyphy/ptII/ptolemy/actor/lib/test/auto/Expression4.xml
4 ms. Memory: 402432K Free: 190746K (47%)
----------------- Invoking toplevel() on ptolemy.moml.MoMLSimpleApplication@427c6ee1
----------------- Done invoking toplevel() on ptolemy.moml.MoMLSimpleApplication@427c6ee1
reloadAllAccessors: .Expression4

===========================================================================================
----------------- testing Tue Mar 24 13:36:17 UTC 2020 /home/travis/build/icyphy/ptII/ptolemy/actor/lib/test/auto/Expression5.xml
----------------- Instantiating /home/travis/build/icyphy/ptII/ptolemy/actor/lib/test/auto/Expression5.xml
5 ms. Memory: 402432K Free: 185626K (46%)
----------------- Invoking toplevel() on ptolemy.moml.MoMLSimpleApplication@7e9cc137
----------------- Done invoking toplevel() on ptolemy.moml.MoMLSimpleApplication@7e9cc137
reloadAllAccessors: .Expression5

===========================================================================================
----------------- testing Tue Mar 24 13:36:17 UTC 2020 /home/travis/build/icyphy/ptII/ptolemy/actor/lib/test/auto/Expression6.xml
----------------- Instantiating /home/travis/build/icyphy/ptII/ptolemy/actor/lib/test/auto/Expression6.xml
1 ms. Memory: 402432K Free: 181020K (45%)
----------------- Invoking toplevel() on ptolemy.moml.MoMLSimpleApplication@45bce671
----------------- Done invoking toplevel() on ptolemy.moml.MoMLSimpleApplication@45bce671
reloadAllAccessors: .Expression6

===========================================================================================
----------------- testing Tue Mar 24 13:36:17 UTC 2020 /home/travis/build/icyphy/ptII/ptolemy/actor/lib/test/auto/Expression7.xml
----------------- Instantiating /home/travis/build/icyphy/ptII/ptolemy/actor/lib/test/auto/Expression7.xml
2 ms. Memory: 402432K Free: 175900K (44%)
----------------- Invoking toplevel() on ptolemy.moml.MoMLSimpleApplication@619046e8
----------------- Done invoking toplevel() on ptolemy.moml.MoMLSimpleApplication@619046e8
reloadAllAccessors: .Expression7

===========================================================================================
----------------- testing Tue Mar 24 13:36:17 UTC 2020 /home/travis/build/icyphy/ptII/ptolemy/actor/lib/test/auto/Expression8.xml
----------------- Instantiating /home/travis/build/icyphy/ptII/ptolemy/actor/lib/test/auto/Expression8.xml
8 ms. Memory: 402432K Free: 170780K (42%)
----------------- Invoking toplevel() on ptolemy.moml.MoMLSimpleApplication@bffd91d
----------------- Done invoking toplevel() on ptolemy.moml.MoMLSimpleApplication@bffd91d
reloadAllAccessors: .Expression8

===========================================================================================
----------------- testing Tue Mar 24 13:36:17 UTC 2020 /home/travis/build/icyphy/ptII/ptolemy/actor/lib/test/auto/Expression9.xml
----------------- Instantiating /home/travis/build/icyphy/ptII/ptolemy/actor/lib/test/auto/Expression9.xml
1 ms. Memory: 402432K Free: 167194K (42%)
----------------- Invoking toplevel() on ptolemy.moml.MoMLSimpleApplication@13f01e65
----------------- Done invoking toplevel() on ptolemy.moml.MoMLSimpleApplication@13f01e65
reloadAllAccessors: .Expression9

===========================================================================================
----------------- testing Tue Mar 24 13:36:17 UTC 2020 /home/travis/build/icyphy/ptII/ptolemy/actor/lib/test/auto/ExpressionConcatenateArrayType.xml
----------------- Instantiating /home/travis/build/icyphy/ptII/ptolemy/actor/lib/test/auto/ExpressionConcatenateArrayType.xml
4 ms. Memory: 402432K Free: 160540K (40%)
----------------- Invoking toplevel() on ptolemy.moml.MoMLSimpleApplication@7b11867a
----------------- Done invoking toplevel() on ptolemy.moml.MoMLSimpleApplication@7b11867a
reloadAllAccessors: .ExpressionConcatenateArrayType

===========================================================================================
----------------- testing Tue Mar 24 13:36:17 UTC 2020 /home/travis/build/icyphy/ptII/ptolemy/actor/lib/test/auto/ExpressionConcatenateArrayType2.xml
----------------- Instantiating /home/travis/build/icyphy/ptII/ptolemy/actor/lib/test/auto/ExpressionConcatenateArrayType2.xml
2 ms. Memory: 402432K Free: 154906K (38%)
----------------- Invoking toplevel() on ptolemy.moml.MoMLSimpleApplication@76760979
----------------- Done invoking toplevel() on ptolemy.moml.MoMLSimpleApplication@76760979
reloadAllAccessors: .ExpressionConcatenateArrayType2

===========================================================================================
----------------- testing Tue Mar 24 13:36:17 UTC 2020 /home/travis/build/icyphy/ptII/ptolemy/actor/lib/test/auto/ExpressionFix.xml
----------------- Instantiating /home/travis/build/icyphy/ptII/ptolemy/actor/lib/test/auto/ExpressionFix.xml
21 ms. Memory: 402432K Free: 148252K (37%)
----------------- Invoking toplevel() on ptolemy.moml.MoMLSimpleApplication@1c97b2bf
----------------- Done invoking toplevel() on ptolemy.moml.MoMLSimpleApplication@1c97b2bf
reloadAllAccessors: .ExpressionFix

===========================================================================================
----------------- testing Tue Mar 24 13:36:17 UTC 2020 /home/travis/build/icyphy/ptII/ptolemy/actor/lib/test/auto/ExpressionFix2.xml
----------------- Instantiating /home/travis/build/icyphy/ptII/ptolemy/actor/lib/test/auto/ExpressionFix2.xml
2 ms. Memory: 402432K Free: 144156K (36%)
----------------- Invoking toplevel() on ptolemy.moml.MoMLSimpleApplication@6bc71c3
----------------- Done invoking toplevel() on ptolemy.moml.MoMLSimpleApplication@6bc71c3
reloadAllAccessors: .ExpressionFix2

===========================================================================================
----------------- testing Tue Mar 24 13:36:17 UTC 2020 /home/travis/build/icyphy/ptII/ptolemy/actor/lib/test/auto/ExpressionFix3.xml
----------------- Instantiating /home/travis/build/icyphy/ptII/ptolemy/actor/lib/test/auto/ExpressionFix3.xml
2 ms. Memory: 402432K Free: 139546K (35%)
----------------- Invoking toplevel() on ptolemy.moml.MoMLSimpleApplication@15ad30ea
----------------- Done invoking toplevel() on ptolemy.moml.MoMLSimpleApplication@15ad30ea
reloadAllAccessors: .ExpressionFix3

===========================================================================================
----------------- testing Tue Mar 24 13:36:17 UTC 2020 /home/travis/build/icyphy/ptII/ptolemy/actor/lib/test/auto/FileWriter1.xml
----------------- Instantiating /home/travis/build/icyphy/ptII/ptolemy/actor/lib/test/auto/FileWriter1.xml
2 ms. Memory: 402432K Free: 135964K (34%)
----------------- Invoking toplevel() on ptolemy.moml.MoMLSimpleApplication@17c08db7
----------------- Done invoking toplevel() on ptolemy.moml.MoMLSimpleApplication@17c08db7
reloadAllAccessors: .FileWriter1

===========================================================================================
----------------- testing Tue Mar 24 13:36:17 UTC 2020 /home/travis/build/icyphy/ptII/ptolemy/actor/lib/test/auto/FileWriter2.xml
----------------- Instantiating /home/travis/build/icyphy/ptII/ptolemy/actor/lib/test/auto/FileWriter2.xml
5 ms. Memory: 402432K Free: 131340K (33%)
----------------- Invoking toplevel() on ptolemy.moml.MoMLSimpleApplication@6672c5a
----------------- Done invoking toplevel() on ptolemy.moml.MoMLSimpleApplication@6672c5a
reloadAllAccessors: .FileWriter2

===========================================================================================
----------------- testing Tue Mar 24 13:36:17 UTC 2020 /home/travis/build/icyphy/ptII/ptolemy/actor/lib/test/auto/FileWriter3.xml
----------------- Instantiating /home/travis/build/icyphy/ptII/ptolemy/actor/lib/test/auto/FileWriter3.xml
4 ms. Memory: 402432K Free: 127258K (32%)
----------------- Invoking toplevel() on ptolemy.moml.MoMLSimpleApplication@70e9c2ba
----------------- Done invoking toplevel() on ptolemy.moml.MoMLSimpleApplication@70e9c2ba
reloadAllAccessors: .FileWriter3

===========================================================================================
----------------- testing Tue Mar 24 13:36:17 UTC 2020 /home/travis/build/icyphy/ptII/ptolemy/actor/lib/test/auto/Gaussian.xml
----------------- Instantiating /home/travis/build/icyphy/ptII/ptolemy/actor/lib/test/auto/Gaussian.xml
2 ms. Memory: 402432K Free: 122652K (30%)
----------------- Invoking toplevel() on ptolemy.moml.MoMLSimpleApplication@29e9390
----------------- Done invoking toplevel() on ptolemy.moml.MoMLSimpleApplication@29e9390
reloadAllAccessors: .Gaussian

===========================================================================================
----------------- testing Tue Mar 24 13:36:17 UTC 2020 /home/travis/build/icyphy/ptII/ptolemy/actor/lib/test/auto/Gaussian1.xml
----------------- Instantiating /home/travis/build/icyphy/ptII/ptolemy/actor/lib/test/auto/Gaussian1.xml
8 ms. Memory: 402432K Free: 116988K (29%)
----------------- Invoking toplevel() on ptolemy.moml.MoMLSimpleApplication@32b0af0d
----------------- Done invoking toplevel() on ptolemy.moml.MoMLSimpleApplication@32b0af0d
reloadAllAccessors: .Gaussian1

===========================================================================================
----------------- testing Tue Mar 24 13:36:17 UTC 2020 /home/travis/build/icyphy/ptII/ptolemy/actor/lib/test/auto/Gaussian2.xml
----------------- Instantiating /home/travis/build/icyphy/ptII/ptolemy/actor/lib/test/auto/Gaussian2.xml
2 ms. Memory: 402432K Free: 348947K (87%)
----------------- Invoking toplevel() on ptolemy.moml.MoMLSimpleApplication@18abba38
----------------- Done invoking toplevel() on ptolemy.moml.MoMLSimpleApplication@18abba38
reloadAllAccessors: .Gaussian2

===========================================================================================
----------------- testing Tue Mar 24 13:36:17 UTC 2020 /home/travis/build/icyphy/ptII/ptolemy/actor/lib/test/auto/GradientAdaptiveLattice.xml
----------------- Instantiating /home/travis/build/icyphy/ptII/ptolemy/actor/lib/test/auto/GradientAdaptiveLattice.xml
2 ms. Memory: 402432K Free: 344337K (86%)
----------------- Invoking toplevel() on ptolemy.moml.MoMLSimpleApplication@6086eb8b
----------------- Done invoking toplevel() on ptolemy.moml.MoMLSimpleApplication@6086eb8b
reloadAllAccessors: .GradientAdaptiveLattice

===========================================================================================
----------------- testing Tue Mar 24 13:36:17 UTC 2020 /home/travis/build/icyphy/ptII/ptolemy/actor/lib/test/auto/IIR.xml
----------------- Instantiating /home/travis/build/icyphy/ptII/ptolemy/actor/lib/test/auto/IIR.xml
1 ms. Memory: 402432K Free: 339731K (84%)
----------------- Invoking toplevel() on ptolemy.moml.MoMLSimpleApplication@1b6f8f06
----------------- Done invoking toplevel() on ptolemy.moml.MoMLSimpleApplication@1b6f8f06
reloadAllAccessors: .IIR

===========================================================================================
----------------- testing Tue Mar 24 13:36:17 UTC 2020 /home/travis/build/icyphy/ptII/ptolemy/actor/lib/test/auto/InputOutputTransparentPorts.xml
----------------- Instantiating /home/travis/build/icyphy/ptII/ptolemy/actor/lib/test/auto/InputOutputTransparentPorts.xml
2 ms. Memory: 402432K Free: 332049K (83%)
----------------- Invoking toplevel() on ptolemy.moml.MoMLSimpleApplication@d79803a
----------------- Done invoking toplevel() on ptolemy.moml.MoMLSimpleApplication@d79803a
reloadAllAccessors: .InputOutputTransparentPorts

===========================================================================================
----------------- testing Tue Mar 24 13:36:17 UTC 2020 /home/travis/build/icyphy/ptII/ptolemy/actor/lib/test/auto/Interpolator.xml
----------------- Instantiating /home/travis/build/icyphy/ptII/ptolemy/actor/lib/test/auto/Interpolator.xml
3 ms. Memory: 402432K Free: 327939K (81%)
----------------- Invoking toplevel() on ptolemy.moml.MoMLSimpleApplication@9a5e3d8
----------------- Done invoking toplevel() on ptolemy.moml.MoMLSimpleApplication@9a5e3d8
reloadAllAccessors: .Interpolator

===========================================================================================
----------------- testing Tue Mar 24 13:36:17 UTC 2020 /home/travis/build/icyphy/ptII/ptolemy/actor/lib/test/auto/InterpolatorFiringLimitDE.xml
----------------- Instantiating /home/travis/build/icyphy/ptII/ptolemy/actor/lib/test/auto/InterpolatorFiringLimitDE.xml
2 ms. Memory: 402432K Free: 321299K (80%)
----------------- Invoking toplevel() on ptolemy.moml.MoMLSimpleApplication@103da0eb
----------------- Done invoking toplevel() on ptolemy.moml.MoMLSimpleApplication@103da0eb
reloadAllAccessors: .InterpolatorFiringLimitDE

===========================================================================================
----------------- testing Tue Mar 24 13:36:17 UTC 2020 /home/travis/build/icyphy/ptII/ptolemy/actor/lib/test/auto/Lattice.xml
----------------- Instantiating /home/travis/build/icyphy/ptII/ptolemy/actor/lib/test/auto/Lattice.xml
1 ms. Memory: 402432K Free: 317203K (79%)
----------------- Invoking toplevel() on ptolemy.moml.MoMLSimpleApplication@7cd2f504
----------------- Done invoking toplevel() on ptolemy.moml.MoMLSimpleApplication@7cd2f504
reloadAllAccessors: .Lattice

===========================================================================================
----------------- testing Tue Mar 24 13:36:17 UTC 2020 /home/travis/build/icyphy/ptII/ptolemy/actor/lib/test/auto/LazyAOCTestLazy.xml
----------------- Instantiating /home/travis/build/icyphy/ptII/ptolemy/actor/lib/test/auto/LazyAOCTestLazy.xml
7 ms. Memory: 402432K Free: 311059K (77%)
----------------- Invoking toplevel() on ptolemy.moml.MoMLSimpleApplication@7488b789
----------------- Done invoking toplevel() on ptolemy.moml.MoMLSimpleApplication@7488b789
reloadAllAccessors: .LazyAOCTestLazy

===========================================================================================
----------------- testing Tue Mar 24 13:36:17 UTC 2020 /home/travis/build/icyphy/ptII/ptolemy/actor/lib/test/auto/LazyAOCTestNonLazy.xml
----------------- Instantiating /home/travis/build/icyphy/ptII/ptolemy/actor/lib/test/auto/LazyAOCTestNonLazy.xml
2 ms. Memory: 402432K Free: 304401K (76%)
----------------- Invoking toplevel() on ptolemy.moml.MoMLSimpleApplication@1c440a9f
----------------- Done invoking toplevel() on ptolemy.moml.MoMLSimpleApplication@1c440a9f
reloadAllAccessors: .LazyAOCTestNonLazy

===========================================================================================
----------------- testing Tue Mar 24 13:36:17 UTC 2020 /home/travis/build/icyphy/ptII/ptolemy/actor/lib/test/auto/LazyInnerClass.xml
----------------- Instantiating /home/travis/build/icyphy/ptII/ptolemy/actor/lib/test/auto/LazyInnerClass.xml
10 ms. Memory: 402432K Free: 296209K (74%)
----------------- Invoking toplevel() on ptolemy.moml.MoMLSimpleApplication@6f2bb4ae
----------------- Done invoking toplevel() on ptolemy.moml.MoMLSimpleApplication@6f2bb4ae
reloadAllAccessors: .LazyInnerClass

===========================================================================================
----------------- testing Tue Mar 24 13:36:17 UTC 2020 /home/travis/build/icyphy/ptII/ptolemy/actor/lib/test/auto/LazyPubSub.xml
----------------- Instantiating /home/travis/build/icyphy/ptII/ptolemy/actor/lib/test/auto/LazyPubSub.xml
12 ms. Memory: 402432K Free: 285969K (71%)
----------------- Invoking toplevel() on ptolemy.moml.MoMLSimpleApplication@79ad94de
----------------- Done invoking toplevel() on ptolemy.moml.MoMLSimpleApplication@79ad94de
reloadAllAccessors: .LazyPubSub

===========================================================================================
----------------- testing Tue Mar 24 13:36:18 UTC 2020 /home/travis/build/icyphy/ptII/ptolemy/actor/lib/test/auto/LazyPubSub2.xml
----------------- Instantiating /home/travis/build/icyphy/ptII/ptolemy/actor/lib/test/auto/LazyPubSub2.xml
12 ms. Memory: 402432K Free: 275729K (69%)
----------------- Invoking toplevel() on ptolemy.moml.MoMLSimpleApplication@1cb5f88a
----------------- Done invoking toplevel() on ptolemy.moml.MoMLSimpleApplication@1cb5f88a
reloadAllAccessors: .LazyPubSub2

===========================================================================================
----------------- testing Tue Mar 24 13:36:18 UTC 2020 /home/travis/build/icyphy/ptII/ptolemy/actor/lib/test/auto/LazyPubSub3.xml
----------------- Instantiating /home/travis/build/icyphy/ptII/ptolemy/actor/lib/test/auto/LazyPubSub3.xml
12 ms. Memory: 402432K Free: 265489K (66%)
----------------- Invoking toplevel() on ptolemy.moml.MoMLSimpleApplication@40bc4797
----------------- Done invoking toplevel() on ptolemy.moml.MoMLSimpleApplication@40bc4797
reloadAllAccessors: .LazyPubSub3

===========================================================================================
----------------- testing Tue Mar 24 13:36:18 UTC 2020 /home/travis/build/icyphy/ptII/ptolemy/actor/lib/test/auto/LazySubClassModel.xml
----------------- Instantiating /home/travis/build/icyphy/ptII/ptolemy/actor/lib/test/auto/LazySubClassModel.xml
1 ms. Memory: 402432K Free: 256273K (64%)
----------------- Invoking toplevel() on ptolemy.moml.MoMLSimpleApplication@7b7ea451
----------------- Done invoking toplevel() on ptolemy.moml.MoMLSimpleApplication@7b7ea451
reloadAllAccessors: .LazySubClassModel

===========================================================================================
----------------- testing Tue Mar 24 13:36:18 UTC 2020 /home/travis/build/icyphy/ptII/ptolemy/actor/lib/test/auto/LevelCrossTest1.xml
----------------- Instantiating /home/travis/build/icyphy/ptII/ptolemy/actor/lib/test/auto/LevelCrossTest1.xml
1 ms. Memory: 402432K Free: 250643K (62%)
----------------- Invoking toplevel() on ptolemy.moml.MoMLSimpleApplication@24fda203
----------------- Done invoking toplevel() on ptolemy.moml.MoMLSimpleApplication@24fda203
reloadAllAccessors: .broken

===========================================================================================
----------------- testing Tue Mar 24 13:36:18 UTC 2020 /home/travis/build/icyphy/ptII/ptolemy/actor/lib/test/auto/LevelCrossTest10.xml
----------------- Instantiating /home/travis/build/icyphy/ptII/ptolemy/actor/lib/test/auto/LevelCrossTest10.xml
1 ms. Memory: 402432K Free: 243475K (61%)
----------------- Invoking toplevel() on ptolemy.moml.MoMLSimpleApplication@595fafd0
----------------- Done invoking toplevel() on ptolemy.moml.MoMLSimpleApplication@595fafd0
reloadAllAccessors: .LevelCrossTest10

===========================================================================================
----------------- testing Tue Mar 24 13:36:18 UTC 2020 /home/travis/build/icyphy/ptII/ptolemy/actor/lib/test/auto/LevelCrossTest11.xml
----------------- Instantiating /home/travis/build/icyphy/ptII/ptolemy/actor/lib/test/auto/LevelCrossTest11.xml
1 ms. Memory: 402432K Free: 236307K (59%)
----------------- Invoking toplevel() on ptolemy.moml.MoMLSimpleApplication@47d466c8
----------------- Done invoking toplevel() on ptolemy.moml.MoMLSimpleApplication@47d466c8
reloadAllAccessors: .LevelCrossTest11

===========================================================================================
----------------- testing Tue Mar 24 13:36:18 UTC 2020 /home/travis/build/icyphy/ptII/ptolemy/actor/lib/test/auto/LevelCrossTest12.xml
----------------- Instantiating /home/travis/build/icyphy/ptII/ptolemy/actor/lib/test/auto/LevelCrossTest12.xml
1 ms. Memory: 402432K Free: 230163K (57%)
----------------- Invoking toplevel() on ptolemy.moml.MoMLSimpleApplication@53694921
----------------- Done invoking toplevel() on ptolemy.moml.MoMLSimpleApplication@53694921
reloadAllAccessors: .LevelCrossTest12

===========================================================================================
----------------- testing Tue Mar 24 13:36:18 UTC 2020 /home/travis/build/icyphy/ptII/ptolemy/actor/lib/test/auto/LevelCrossTest13.xml
----------------- Instantiating /home/travis/build/icyphy/ptII/ptolemy/actor/lib/test/auto/LevelCrossTest13.xml
1 ms. Memory: 402432K Free: 221971K (55%)
----------------- Invoking toplevel() on ptolemy.moml.MoMLSimpleApplication@199816b8
----------------- Done invoking toplevel() on ptolemy.moml.MoMLSimpleApplication@199816b8
reloadAllAccessors: .LevelCrossTest13

===========================================================================================
----------------- testing Tue Mar 24 13:36:18 UTC 2020 /home/travis/build/icyphy/ptII/ptolemy/actor/lib/test/auto/LevelCrossTest2.xml
----------------- Instantiating /home/travis/build/icyphy/ptII/ptolemy/actor/lib/test/auto/LevelCrossTest2.xml
1 ms. Memory: 402432K Free: 216337K (54%)
----------------- Invoking toplevel() on ptolemy.moml.MoMLSimpleApplication@44c26ea8
----------------- Done invoking toplevel() on ptolemy.moml.MoMLSimpleApplication@44c26ea8
reloadAllAccessors: .broken

===========================================================================================
----------------- testing Tue Mar 24 13:36:18 UTC 2020 /home/travis/build/icyphy/ptII/ptolemy/actor/lib/test/auto/LevelCrossTest3.xml
----------------- Instantiating /home/travis/build/icyphy/ptII/ptolemy/actor/lib/test/auto/LevelCrossTest3.xml
1 ms. Memory: 402432K Free: 210193K (52%)
----------------- Invoking toplevel() on ptolemy.moml.MoMLSimpleApplication@7851d309
----------------- Done invoking toplevel() on ptolemy.moml.MoMLSimpleApplication@7851d309
reloadAllAccessors: .LevelCrossTest3

===========================================================================================
----------------- testing Tue Mar 24 13:36:18 UTC 2020 /home/travis/build/icyphy/ptII/ptolemy/actor/lib/test/auto/LevelCrossTest4.xml
----------------- Instantiating /home/travis/build/icyphy/ptII/ptolemy/actor/lib/test/auto/LevelCrossTest4.xml
1 ms. Memory: 402432K Free: 204563K (51%)
----------------- Invoking toplevel() on ptolemy.moml.MoMLSimpleApplication@2286bb3d
----------------- Done invoking toplevel() on ptolemy.moml.MoMLSimpleApplication@2286bb3d
reloadAllAccessors: .broken

===========================================================================================
----------------- testing Tue Mar 24 13:36:18 UTC 2020 /home/travis/build/icyphy/ptII/ptolemy/actor/lib/test/auto/LevelCrossTest5.xml
----------------- Instantiating /home/travis/build/icyphy/ptII/ptolemy/actor/lib/test/auto/LevelCrossTest5.xml
1 ms. Memory: 402432K Free: 196881K (49%)
----------------- Invoking toplevel() on ptolemy.moml.MoMLSimpleApplication@368751db
----------------- Done invoking toplevel() on ptolemy.moml.MoMLSimpleApplication@368751db
reloadAllAccessors: .LevelCrossTest5

===========================================================================================
----------------- testing Tue Mar 24 13:36:18 UTC 2020 /home/travis/build/icyphy/ptII/ptolemy/actor/lib/test/auto/LevelCrossTest6.xml
----------------- Instantiating /home/travis/build/icyphy/ptII/ptolemy/actor/lib/test/auto/LevelCrossTest6.xml
11 ms. Memory: 402432K Free: 189713K (47%)
----------------- Invoking toplevel() on ptolemy.moml.MoMLSimpleApplication@52eba53f
----------------- Done invoking toplevel() on ptolemy.moml.MoMLSimpleApplication@52eba53f
reloadAllAccessors: .LevelCrossTest6

===========================================================================================
----------------- testing Tue Mar 24 13:36:18 UTC 2020 /home/travis/build/icyphy/ptII/ptolemy/actor/lib/test/auto/LevelCrossTest7.xml
----------------- Instantiating /home/travis/build/icyphy/ptII/ptolemy/actor/lib/test/auto/LevelCrossTest7.xml
1 ms. Memory: 402432K Free: 182035K (45%)
----------------- Invoking toplevel() on ptolemy.moml.MoMLSimpleApplication@60e1b51
----------------- Done invoking toplevel() on ptolemy.moml.MoMLSimpleApplication@60e1b51
reloadAllAccessors: .LevelCrossTest7

===========================================================================================
----------------- testing Tue Mar 24 13:36:18 UTC 2020 /home/travis/build/icyphy/ptII/ptolemy/actor/lib/test/auto/LevelCrossTest8.xml
----------------- Instantiating /home/travis/build/icyphy/ptII/ptolemy/actor/lib/test/auto/LevelCrossTest8.xml
2 ms. Memory: 402432K Free: 174353K (43%)
----------------- Invoking toplevel() on ptolemy.moml.MoMLSimpleApplication@5e0be333
----------------- Done invoking toplevel() on ptolemy.moml.MoMLSimpleApplication@5e0be333
reloadAllAccessors: .LevelCrossTest8

===========================================================================================
----------------- testing Tue Mar 24 13:36:18 UTC 2020 /home/travis/build/icyphy/ptII/ptolemy/actor/lib/test/auto/LevelCrossTest9.xml
----------------- Instantiating /home/travis/build/icyphy/ptII/ptolemy/actor/lib/test/auto/LevelCrossTest9.xml
1 ms. Memory: 402432K Free: 167185K (42%)
----------------- Invoking toplevel() on ptolemy.moml.MoMLSimpleApplication@38e76010
----------------- Done invoking toplevel() on ptolemy.moml.MoMLSimpleApplication@38e76010
reloadAllAccessors: .LevelCrossTest9

===========================================================================================
----------------- testing Tue Mar 24 13:36:18 UTC 2020 /home/travis/build/icyphy/ptII/ptolemy/actor/lib/test/auto/LevinsonDurbin.xml
----------------- Instantiating /home/travis/build/icyphy/ptII/ptolemy/actor/lib/test/auto/LevinsonDurbin.xml
1 ms. Memory: 402432K Free: 163089K (41%)
----------------- Invoking toplevel() on ptolemy.moml.MoMLSimpleApplication@78a33067
----------------- Done invoking toplevel() on ptolemy.moml.MoMLSimpleApplication@78a33067
reloadAllAccessors: .LevinsonDurbin

===========================================================================================
----------------- testing Tue Mar 24 13:36:18 UTC 2020 /home/travis/build/icyphy/ptII/ptolemy/actor/lib/test/auto/LevinsonDurbin2.xml
----------------- Instantiating /home/travis/build/icyphy/ptII/ptolemy/actor/lib/test/auto/LevinsonDurbin2.xml
1 ms. Memory: 402432K Free: 159507K (40%)
----------------- Invoking toplevel() on ptolemy.moml.MoMLSimpleApplication@5d8cc54c
----------------- Done invoking toplevel() on ptolemy.moml.MoMLSimpleApplication@5d8cc54c
reloadAllAccessors: .LevinsonDurbin2

===========================================================================================
----------------- testing Tue Mar 24 13:36:18 UTC 2020 /home/travis/build/icyphy/ptII/ptolemy/actor/lib/test/auto/LevinsonDurbin3.xml
----------------- Instantiating /home/travis/build/icyphy/ptII/ptolemy/actor/lib/test/auto/LevinsonDurbin3.xml
2 ms. Memory: 402432K Free: 155411K (39%)
----------------- Invoking toplevel() on ptolemy.moml.MoMLSimpleApplication@76b60062
----------------- Done invoking toplevel() on ptolemy.moml.MoMLSimpleApplication@76b60062
reloadAllAccessors: .LevinsonDurbin3

===========================================================================================
----------------- testing Tue Mar 24 13:36:18 UTC 2020 /home/travis/build/icyphy/ptII/ptolemy/actor/lib/test/auto/Limiter.xml
----------------- Instantiating /home/travis/build/icyphy/ptII/ptolemy/actor/lib/test/auto/Limiter.xml
5 ms. Memory: 402432K Free: 146195K (36%)
----------------- Invoking toplevel() on ptolemy.moml.MoMLSimpleApplication@74b3fd7e
----------------- Done invoking toplevel() on ptolemy.moml.MoMLSimpleApplication@74b3fd7e
reloadAllAccessors: .Limiter

===========================================================================================
----------------- testing Tue Mar 24 13:36:18 UTC 2020 /home/travis/build/icyphy/ptII/ptolemy/actor/lib/test/auto/LinearDifferenceEquationSystem.xml
----------------- Instantiating /home/travis/build/icyphy/ptII/ptolemy/actor/lib/test/auto/LinearDifferenceEquationSystem.xml
3 ms. Memory: 402432K Free: 138513K (34%)
----------------- Invoking toplevel() on ptolemy.moml.MoMLSimpleApplication@63d5095f
----------------- Done invoking toplevel() on ptolemy.moml.MoMLSimpleApplication@63d5095f
reloadAllAccessors: .LinearDifferenceEquationSystem

===========================================================================================
----------------- testing Tue Mar 24 13:36:18 UTC 2020 /home/travis/build/icyphy/ptII/ptolemy/actor/lib/test/auto/LookupTable.xml
----------------- Instantiating /home/travis/build/icyphy/ptII/ptolemy/actor/lib/test/auto/LookupTable.xml
2 ms. Memory: 402432K Free: 133907K (33%)
----------------- Invoking toplevel() on ptolemy.moml.MoMLSimpleApplication@527981cc
----------------- Done invoking toplevel() on ptolemy.moml.MoMLSimpleApplication@527981cc
reloadAllAccessors: .LookupTable

===========================================================================================
----------------- testing Tue Mar 24 13:36:18 UTC 2020 /home/travis/build/icyphy/ptII/ptolemy/actor/lib/test/auto/MathFunction.xml
----------------- Instantiating /home/travis/build/icyphy/ptII/ptolemy/actor/lib/test/auto/MathFunction.xml
2 ms. Memory: 402432K Free: 125715K (31%)
----------------- Invoking toplevel() on ptolemy.moml.MoMLSimpleApplication@3b9d43da
----------------- Done invoking toplevel() on ptolemy.moml.MoMLSimpleApplication@3b9d43da
reloadAllAccessors: .MathFunction

===========================================================================================
----------------- testing Tue Mar 24 13:36:18 UTC 2020 /home/travis/build/icyphy/ptII/ptolemy/actor/lib/test/auto/MathFunction2.xml
----------------- Instantiating /home/travis/build/icyphy/ptII/ptolemy/actor/lib/test/auto/MathFunction2.xml
4 ms. Memory: 402432K Free: 121619K (30%)
----------------- Invoking toplevel() on ptolemy.moml.MoMLSimpleApplication@13235412
----------------- Done invoking toplevel() on ptolemy.moml.MoMLSimpleApplication@13235412
reloadAllAccessors: .MathFunction2

===========================================================================================
----------------- testing Tue Mar 24 13:36:18 UTC 2020 /home/travis/build/icyphy/ptII/ptolemy/actor/lib/test/auto/MathFunction3.xml
----------------- Instantiating /home/travis/build/icyphy/ptII/ptolemy/actor/lib/test/auto/MathFunction3.xml
2 ms. Memory: 402432K Free: 351946K (87%)
----------------- Invoking toplevel() on ptolemy.moml.MoMLSimpleApplication@3542ca88
----------------- Done invoking toplevel() on ptolemy.moml.MoMLSimpleApplication@3542ca88
reloadAllAccessors: .MathFunction3

===========================================================================================
----------------- testing Tue Mar 24 13:36:18 UTC 2020 /home/travis/build/icyphy/ptII/ptolemy/actor/lib/test/auto/MatrixCropBoolean.xml
----------------- Instantiating /home/travis/build/icyphy/ptII/ptolemy/actor/lib/test/auto/MatrixCropBoolean.xml
1 ms. Memory: 402432K Free: 346346K (86%)
----------------- Invoking toplevel() on ptolemy.moml.MoMLSimpleApplication@121c87ef
----------------- Done invoking toplevel() on ptolemy.moml.MoMLSimpleApplication@121c87ef
reloadAllAccessors: .MatrixCropBoolean

===========================================================================================
----------------- testing Tue Mar 24 13:36:18 UTC 2020 /home/travis/build/icyphy/ptII/ptolemy/actor/lib/test/auto/MatrixCropComplex.xml
----------------- Instantiating /home/travis/build/icyphy/ptII/ptolemy/actor/lib/test/auto/MatrixCropComplex.xml
1 ms. Memory: 402432K Free: 342250K (85%)
----------------- Invoking toplevel() on ptolemy.moml.MoMLSimpleApplication@1e324b76
----------------- Done invoking toplevel() on ptolemy.moml.MoMLSimpleApplication@1e324b76
reloadAllAccessors: .MatrixCropComplex

===========================================================================================
----------------- testing Tue Mar 24 13:36:18 UTC 2020 /home/travis/build/icyphy/ptII/ptolemy/actor/lib/test/auto/MatrixCropDouble.xml
----------------- Instantiating /home/travis/build/icyphy/ptII/ptolemy/actor/lib/test/auto/MatrixCropDouble.xml
2 ms. Memory: 402432K Free: 337634K (84%)
----------------- Invoking toplevel() on ptolemy.moml.MoMLSimpleApplication@61a7ae0b
----------------- Done invoking toplevel() on ptolemy.moml.MoMLSimpleApplication@61a7ae0b
reloadAllAccessors: .MatrixCropDouble

===========================================================================================
----------------- testing Tue Mar 24 13:36:18 UTC 2020 /home/travis/build/icyphy/ptII/ptolemy/actor/lib/test/auto/MatrixCropFix.xml
----------------- Instantiating /home/travis/build/icyphy/ptII/ptolemy/actor/lib/test/auto/MatrixCropFix.xml
1 ms. Memory: 402432K Free: 332506K (83%)
----------------- Invoking toplevel() on ptolemy.moml.MoMLSimpleApplication@4afbfa57
----------------- Done invoking toplevel() on ptolemy.moml.MoMLSimpleApplication@4afbfa57
reloadAllAccessors: .MatrixCropFix

===========================================================================================
----------------- testing Tue Mar 24 13:36:18 UTC 2020 /home/travis/build/icyphy/ptII/ptolemy/actor/lib/test/auto/MatrixCropInt.xml
----------------- Instantiating /home/travis/build/icyphy/ptII/ptolemy/actor/lib/test/auto/MatrixCropInt.xml
2 ms. Memory: 402432K Free: 327370K (81%)
----------------- Invoking toplevel() on ptolemy.moml.MoMLSimpleApplication@3636192c
----------------- Done invoking toplevel() on ptolemy.moml.MoMLSimpleApplication@3636192c
reloadAllAccessors: .MatrixCropInt

===========================================================================================
----------------- testing Tue Mar 24 13:36:18 UTC 2020 /home/travis/build/icyphy/ptII/ptolemy/actor/lib/test/auto/MatrixCropLong.xml
----------------- Instantiating /home/travis/build/icyphy/ptII/ptolemy/actor/lib/test/auto/MatrixCropLong.xml
2 ms. Memory: 402432K Free: 322250K (80%)
----------------- Invoking toplevel() on ptolemy.moml.MoMLSimpleApplication@6e14fb14
----------------- Done invoking toplevel() on ptolemy.moml.MoMLSimpleApplication@6e14fb14
reloadAllAccessors: .MatrixCropLong

===========================================================================================
----------------- testing Tue Mar 24 13:36:18 UTC 2020 /home/travis/build/icyphy/ptII/ptolemy/actor/lib/test/auto/MatrixToArray.xml
----------------- Instantiating /home/travis/build/icyphy/ptII/ptolemy/actor/lib/test/auto/MatrixToArray.xml
14 ms. Memory: 402432K Free: 306920K (76%)
----------------- Invoking toplevel() on ptolemy.moml.MoMLSimpleApplication@3ab562b1
----------------- Done invoking toplevel() on ptolemy.moml.MoMLSimpleApplication@3ab562b1
reloadAllAccessors: .MatrixToArray

===========================================================================================
----------------- testing Tue Mar 24 13:36:18 UTC 2020 /home/travis/build/icyphy/ptII/ptolemy/actor/lib/test/auto/MaxIndex.xml
----------------- Instantiating /home/travis/build/icyphy/ptII/ptolemy/actor/lib/test/auto/MaxIndex.xml
2 ms. Memory: 402432K Free: 301800K (75%)
----------------- Invoking toplevel() on ptolemy.moml.MoMLSimpleApplication@72fbdfd1
----------------- Done invoking toplevel() on ptolemy.moml.MoMLSimpleApplication@72fbdfd1
reloadAllAccessors: .MaxIndex

===========================================================================================
----------------- testing Tue Mar 24 13:36:18 UTC 2020 /home/travis/build/icyphy/ptII/ptolemy/actor/lib/test/auto/Maximum.xml
----------------- Instantiating /home/travis/build/icyphy/ptII/ptolemy/actor/lib/test/auto/Maximum.xml
2 ms. Memory: 402432K Free: 295146K (73%)
----------------- Invoking toplevel() on ptolemy.moml.MoMLSimpleApplication@fb3365f
----------------- Done invoking toplevel() on ptolemy.moml.MoMLSimpleApplication@fb3365f
reloadAllAccessors: .Maximum

===========================================================================================
----------------- testing Tue Mar 24 13:36:18 UTC 2020 /home/travis/build/icyphy/ptII/ptolemy/actor/lib/test/auto/MaximumComplex.xml
----------------- Instantiating /home/travis/build/icyphy/ptII/ptolemy/actor/lib/test/auto/MaximumComplex.xml
3 ms. Memory: 402432K Free: 289002K (72%)
----------------- Invoking toplevel() on ptolemy.moml.MoMLSimpleApplication@3fb0d484
----------------- Done invoking toplevel() on ptolemy.moml.MoMLSimpleApplication@3fb0d484
reloadAllAccessors: .MaximumComplex

===========================================================================================
----------------- testing Tue Mar 24 13:36:18 UTC 2020 /home/travis/build/icyphy/ptII/ptolemy/actor/lib/test/auto/MethodCallTest.xml
----------------- Instantiating /home/travis/build/icyphy/ptII/ptolemy/actor/lib/test/auto/MethodCallTest.xml
2 ms. Memory: 402432K Free: 282344K (70%)
----------------- Invoking toplevel() on ptolemy.moml.MoMLSimpleApplication@2928bb82
----------------- Done invoking toplevel() on ptolemy.moml.MoMLSimpleApplication@2928bb82
reloadAllAccessors: .MethodCallTest

===========================================================================================
----------------- testing Tue Mar 24 13:36:18 UTC 2020 /home/travis/build/icyphy/ptII/ptolemy/actor/lib/test/auto/Minimum.xml
----------------- Instantiating /home/travis/build/icyphy/ptII/ptolemy/actor/lib/test/auto/Minimum.xml
2 ms. Memory: 402432K Free: 275690K (69%)
----------------- Invoking toplevel() on ptolemy.moml.MoMLSimpleApplication@387aeb95
----------------- Done invoking toplevel() on ptolemy.moml.MoMLSimpleApplication@387aeb95
reloadAllAccessors: .Minimum

===========================================================================================
----------------- testing Tue Mar 24 13:36:18 UTC 2020 /home/travis/build/icyphy/ptII/ptolemy/actor/lib/test/auto/MinimumComplex.xml
----------------- Instantiating /home/travis/build/icyphy/ptII/ptolemy/actor/lib/test/auto/MinimumComplex.xml
2 ms. Memory: 402432K Free: 269546K (67%)
----------------- Invoking toplevel() on ptolemy.moml.MoMLSimpleApplication@3d356491
----------------- Done invoking toplevel() on ptolemy.moml.MoMLSimpleApplication@3d356491
reloadAllAccessors: .MinimumComplex

===========================================================================================
----------------- testing Tue Mar 24 13:36:18 UTC 2020 /home/travis/build/icyphy/ptII/ptolemy/actor/lib/test/auto/MinimumMultiports.xml
----------------- Instantiating /home/travis/build/icyphy/ptII/ptolemy/actor/lib/test/auto/MinimumMultiports.xml
3 ms. Memory: 402432K Free: 260840K (65%)
----------------- Invoking toplevel() on ptolemy.moml.MoMLSimpleApplication@7f39ffb0
----------------- Done invoking toplevel() on ptolemy.moml.MoMLSimpleApplication@7f39ffb0
reloadAllAccessors: .MinimumMultiports

===========================================================================================
----------------- testing Tue Mar 24 13:36:18 UTC 2020 /home/travis/build/icyphy/ptII/ptolemy/actor/lib/test/auto/ModifyDate.xml
----------------- Instantiating /home/travis/build/icyphy/ptII/ptolemy/actor/lib/test/auto/ModifyDate.xml
9 ms. Memory: 402432K Free: 248042K (62%)
----------------- Invoking toplevel() on ptolemy.moml.MoMLSimpleApplication@4a790620
----------------- Done invoking toplevel() on ptolemy.moml.MoMLSimpleApplication@4a790620
reloadAllAccessors: .ModifyDate

===========================================================================================
----------------- testing Tue Mar 24 13:36:18 UTC 2020 /home/travis/build/icyphy/ptII/ptolemy/actor/lib/test/auto/ModifyDate2.xml
----------------- Instantiating /home/travis/build/icyphy/ptII/ptolemy/actor/lib/test/auto/ModifyDate2.xml
6 ms. Memory: 402432K Free: 239336K (59%)
----------------- Invoking toplevel() on ptolemy.moml.MoMLSimpleApplication@20cbdf81
----------------- Done invoking toplevel() on ptolemy.moml.MoMLSimpleApplication@20cbdf81
reloadAllAccessors: .ModifyDate2

===========================================================================================
----------------- testing Tue Mar 24 13:36:18 UTC 2020 /home/travis/build/icyphy/ptII/ptolemy/actor/lib/test/auto/MovingAverage.xml
----------------- Instantiating /home/travis/build/icyphy/ptII/ptolemy/actor/lib/test/auto/MovingAverage.xml
1 ms. Memory: 402432K Free: 234216K (58%)
----------------- Invoking toplevel() on ptolemy.moml.MoMLSimpleApplication@7730b3ee
----------------- Done invoking toplevel() on ptolemy.moml.MoMLSimpleApplication@7730b3ee
reloadAllAccessors: .MovingAverage

===========================================================================================
----------------- testing Tue Mar 24 13:36:18 UTC 2020 /home/travis/build/icyphy/ptII/ptolemy/actor/lib/test/auto/MovingMaximum.xml
----------------- Instantiating /home/travis/build/icyphy/ptII/ptolemy/actor/lib/test/auto/MovingMaximum.xml
1 ms. Memory: 402432K Free: 229610K (57%)
----------------- Invoking toplevel() on ptolemy.moml.MoMLSimpleApplication@a60840e
----------------- Done invoking toplevel() on ptolemy.moml.MoMLSimpleApplication@a60840e
reloadAllAccessors: .MovingMaximum

===========================================================================================
----------------- testing Tue Mar 24 13:36:18 UTC 2020 /home/travis/build/icyphy/ptII/ptolemy/actor/lib/test/auto/MultipleLinksToSameRelation.xml
----------------- Instantiating /home/travis/build/icyphy/ptII/ptolemy/actor/lib/test/auto/MultipleLinksToSameRelation.xml
1 ms. Memory: 402432K Free: 225514K (56%)
----------------- Invoking toplevel() on ptolemy.moml.MoMLSimpleApplication@2a7b48e6
----------------- Done invoking toplevel() on ptolemy.moml.MoMLSimpleApplication@2a7b48e6
reloadAllAccessors: .MultipleLinksToSameRelation

===========================================================================================
----------------- testing Tue Mar 24 13:36:18 UTC 2020 /home/travis/build/icyphy/ptII/ptolemy/actor/lib/test/auto/MultipleLinksToSameRelationDE.xml
----------------- Instantiating /home/travis/build/icyphy/ptII/ptolemy/actor/lib/test/auto/MultipleLinksToSameRelationDE.xml
10 ms. Memory: 402432K Free: 220890K (55%)
----------------- Invoking toplevel() on ptolemy.moml.MoMLSimpleApplication@6cee9b53
----------------- Done invoking toplevel() on ptolemy.moml.MoMLSimpleApplication@6cee9b53
reloadAllAccessors: .MultipleLinksToSameRelationDE

===========================================================================================
----------------- testing Tue Mar 24 13:36:18 UTC 2020 /home/travis/build/icyphy/ptII/ptolemy/actor/lib/test/auto/Multiplexor.xml
----------------- Instantiating /home/travis/build/icyphy/ptII/ptolemy/actor/lib/test/auto/Multiplexor.xml
1 ms. Memory: 402432K Free: 215274K (53%)
----------------- Invoking toplevel() on ptolemy.moml.MoMLSimpleApplication@7daa9e93
----------------- Done invoking toplevel() on ptolemy.moml.MoMLSimpleApplication@7daa9e93
reloadAllAccessors: .Multiplexor

===========================================================================================
----------------- testing Tue Mar 24 13:36:18 UTC 2020 /home/travis/build/icyphy/ptII/ptolemy/actor/lib/test/auto/Multiplexor1.xml
----------------- Instantiating /home/travis/build/icyphy/ptII/ptolemy/actor/lib/test/auto/Multiplexor1.xml
2 ms. Memory: 402432K Free: 209634K (52%)
----------------- Invoking toplevel() on ptolemy.moml.MoMLSimpleApplication@40404a62
----------------- Done invoking toplevel() on ptolemy.moml.MoMLSimpleApplication@40404a62
reloadAllAccessors: .Multiplexor1

===========================================================================================
----------------- testing Tue Mar 24 13:36:19 UTC 2020 /home/travis/build/icyphy/ptII/ptolemy/actor/lib/test/auto/Multiplexor2.xml
----------------- Instantiating /home/travis/build/icyphy/ptII/ptolemy/actor/lib/test/auto/Multiplexor2.xml
6 ms. Memory: 402432K Free: 202986K (50%)
----------------- Invoking toplevel() on ptolemy.moml.MoMLSimpleApplication@32e1573d
----------------- Done invoking toplevel() on ptolemy.moml.MoMLSimpleApplication@32e1573d
reloadAllAccessors: .Multiplexor2

===========================================================================================
----------------- testing Tue Mar 24 13:36:19 UTC 2020 /home/travis/build/icyphy/ptII/ptolemy/actor/lib/test/auto/Multiplexor3.xml
----------------- Instantiating /home/travis/build/icyphy/ptII/ptolemy/actor/lib/test/auto/Multiplexor3.xml
1 ms. Memory: 402432K Free: 198890K (49%)
----------------- Invoking toplevel() on ptolemy.moml.MoMLSimpleApplication@a4c87b9
----------------- Done invoking toplevel() on ptolemy.moml.MoMLSimpleApplication@a4c87b9
reloadAllAccessors: .Multiplexor3

===========================================================================================
----------------- testing Tue Mar 24 13:36:19 UTC 2020 /home/travis/build/icyphy/ptII/ptolemy/actor/lib/test/auto/MultiplexorDE.xml
----------------- Instantiating /home/travis/build/icyphy/ptII/ptolemy/actor/lib/test/auto/MultiplexorDE.xml
2 ms. Memory: 402432K Free: 191194K (48%)
----------------- Invoking toplevel() on ptolemy.moml.MoMLSimpleApplication@2a482fec
----------------- Done invoking toplevel() on ptolemy.moml.MoMLSimpleApplication@2a482fec
reloadAllAccessors: .MultiplexorDE

===========================================================================================
----------------- testing Tue Mar 24 13:36:19 UTC 2020 /home/travis/build/icyphy/ptII/ptolemy/actor/lib/test/auto/MultiportBroadcastTest.xml
----------------- Instantiating /home/travis/build/icyphy/ptII/ptolemy/actor/lib/test/auto/MultiportBroadcastTest.xml
78 ms. Memory: 402432K Free: 184554K (46%)
----------------- Invoking toplevel() on ptolemy.moml.MoMLSimpleApplication@2f7c4479
----------------- Done invoking toplevel() on ptolemy.moml.MoMLSimpleApplication@2f7c4479
reloadAllAccessors: .MultiportBroadcastTest

===========================================================================================
----------------- testing Tue Mar 24 13:36:19 UTC 2020 /home/travis/build/icyphy/ptII/ptolemy/actor/lib/test/auto/MultiportOutHangDuringGetWidth.xml
----------------- Instantiating /home/travis/build/icyphy/ptII/ptolemy/actor/lib/test/auto/MultiportOutHangDuringGetWidth.xml
9 ms. Memory: 402432K Free: 172762K (43%)
----------------- Invoking toplevel() on ptolemy.moml.MoMLSimpleApplication@1e161812
----------------- Done invoking toplevel() on ptolemy.moml.MoMLSimpleApplication@1e161812
reloadAllAccessors: .MultiportOutHangDuringGetWidth

===========================================================================================
----------------- testing Tue Mar 24 13:36:19 UTC 2020 /home/travis/build/icyphy/ptII/ptolemy/actor/lib/test/auto/NilToken.xml
----------------- Instantiating /home/travis/build/icyphy/ptII/ptolemy/actor/lib/test/auto/NilToken.xml
2 ms. Memory: 402432K Free: 168680K (42%)
----------------- Invoking toplevel() on ptolemy.moml.MoMLSimpleApplication@446d82d9
----------------- Done invoking toplevel() on ptolemy.moml.MoMLSimpleApplication@446d82d9
reloadAllAccessors: .NilToken

===========================================================================================
----------------- testing Tue Mar 24 13:36:19 UTC 2020 /home/travis/build/icyphy/ptII/ptolemy/actor/lib/test/auto/NilTokenNonStrictTest.xml
----------------- Instantiating /home/travis/build/icyphy/ptII/ptolemy/actor/lib/test/auto/NilTokenNonStrictTest.xml
4 ms. Memory: 402432K Free: 164072K (41%)
----------------- Invoking toplevel() on ptolemy.moml.MoMLSimpleApplication@e1ddc7d
----------------- Done invoking toplevel() on ptolemy.moml.MoMLSimpleApplication@e1ddc7d
reloadAllAccessors: .NilTokenNonStrictTest

===========================================================================================
----------------- testing Tue Mar 24 13:36:19 UTC 2020 /home/travis/build/icyphy/ptII/ptolemy/actor/lib/test/auto/NilTokenRecord.xml
----------------- Instantiating /home/travis/build/icyphy/ptII/ptolemy/actor/lib/test/auto/NilTokenRecord.xml
10 ms. Memory: 402432K Free: 157416K (39%)
----------------- Invoking toplevel() on ptolemy.moml.MoMLSimpleApplication@582dfcf8
----------------- Done invoking toplevel() on ptolemy.moml.MoMLSimpleApplication@582dfcf8
reloadAllAccessors: .NilTokenRecord

===========================================================================================
----------------- testing Tue Mar 24 13:36:19 UTC 2020 /home/travis/build/icyphy/ptII/ptolemy/actor/lib/test/auto/NilTokenTypeTest.xml
----------------- Instantiating /home/travis/build/icyphy/ptII/ptolemy/actor/lib/test/auto/NilTokenTypeTest.xml
4 ms. Memory: 402432K Free: 147690K (37%)
----------------- Invoking toplevel() on ptolemy.moml.MoMLSimpleApplication@66a9a783
----------------- Done invoking toplevel() on ptolemy.moml.MoMLSimpleApplication@66a9a783
reloadAllAccessors: .NilTokenTypeTest

===========================================================================================
----------------- testing Tue Mar 24 13:36:19 UTC 2020 /home/travis/build/icyphy/ptII/ptolemy/actor/lib/test/auto/ObjectToken1.xml
----------------- Instantiating /home/travis/build/icyphy/ptII/ptolemy/actor/lib/test/auto/ObjectToken1.xml
3 ms. Memory: 402432K Free: 143080K (36%)
----------------- Invoking toplevel() on ptolemy.moml.MoMLSimpleApplication@6e7fd0c3
----------------- Done invoking toplevel() on ptolemy.moml.MoMLSimpleApplication@6e7fd0c3
reloadAllAccessors: .ObjectToken1

===========================================================================================
----------------- testing Tue Mar 24 13:36:19 UTC 2020 /home/travis/build/icyphy/ptII/ptolemy/actor/lib/test/auto/OrderedMerge.xml
----------------- Instantiating /home/travis/build/icyphy/ptII/ptolemy/actor/lib/test/auto/OrderedMerge.xml
12 ms. Memory: 402432K Free: 137450K (34%)
----------------- Invoking toplevel() on ptolemy.moml.MoMLSimpleApplication@2bfb9acb
----------------- Done invoking toplevel() on ptolemy.moml.MoMLSimpleApplication@2bfb9acb
reloadAllAccessors: .OrderedMerge

===========================================================================================
----------------- testing Tue Mar 24 13:36:19 UTC 2020 /home/travis/build/icyphy/ptII/ptolemy/actor/lib/test/auto/OrderedRecordDisassembler.xml
----------------- Instantiating /home/travis/build/icyphy/ptII/ptolemy/actor/lib/test/auto/OrderedRecordDisassembler.xml
3 ms. Memory: 402432K Free: 132330K (33%)
----------------- Invoking toplevel() on ptolemy.moml.MoMLSimpleApplication@5362432
----------------- Done invoking toplevel() on ptolemy.moml.MoMLSimpleApplication@5362432
reloadAllAccessors: .OrderedRecordDisassembler

===========================================================================================
----------------- testing Tue Mar 24 13:36:19 UTC 2020 /home/travis/build/icyphy/ptII/ptolemy/actor/lib/test/auto/OrderedRecordDisassembler2.xml
----------------- Instantiating /home/travis/build/icyphy/ptII/ptolemy/actor/lib/test/auto/OrderedRecordDisassembler2.xml
4 ms. Memory: 402432K Free: 124634K (31%)
----------------- Invoking toplevel() on ptolemy.moml.MoMLSimpleApplication@a2e7b29
----------------- Done invoking toplevel() on ptolemy.moml.MoMLSimpleApplication@a2e7b29
reloadAllAccessors: .OrderedRecordDisassembler2

===========================================================================================
----------------- testing Tue Mar 24 13:36:19 UTC 2020 /home/travis/build/icyphy/ptII/ptolemy/actor/lib/test/auto/OrderedRecordUpdater.xml
----------------- Instantiating /home/travis/build/icyphy/ptII/ptolemy/actor/lib/test/auto/OrderedRecordUpdater.xml
2 ms. Memory: 402432K Free: 119528K (30%)
----------------- Invoking toplevel() on ptolemy.moml.MoMLSimpleApplication@2d322dd8
----------------- Done invoking toplevel() on ptolemy.moml.MoMLSimpleApplication@2d322dd8
reloadAllAccessors: .RecordUpdater

===========================================================================================
----------------- testing Tue Mar 24 13:36:19 UTC 2020 /home/travis/build/icyphy/ptII/ptolemy/actor/lib/test/auto/OrderedRecordUpdater2.xml
----------------- Instantiating /home/travis/build/icyphy/ptII/ptolemy/actor/lib/test/auto/OrderedRecordUpdater2.xml
3 ms. Memory: 402432K Free: 351653K (87%)
----------------- Invoking toplevel() on ptolemy.moml.MoMLSimpleApplication@4acd4304
----------------- Done invoking toplevel() on ptolemy.moml.MoMLSimpleApplication@4acd4304
reloadAllAccessors: .RecordUpdater2

===========================================================================================
----------------- testing Tue Mar 24 13:36:19 UTC 2020 /home/travis/build/icyphy/ptII/ptolemy/actor/lib/test/auto/PhaseUnwrap.xml
----------------- Instantiating /home/travis/build/icyphy/ptII/ptolemy/actor/lib/test/auto/PhaseUnwrap.xml
1 ms. Memory: 402432K Free: 346533K (86%)
----------------- Invoking toplevel() on ptolemy.moml.MoMLSimpleApplication@59b00e5a
----------------- Done invoking toplevel() on ptolemy.moml.MoMLSimpleApplication@59b00e5a
reloadAllAccessors: .PhaseUnwrap

===========================================================================================
----------------- testing Tue Mar 24 13:36:19 UTC 2020 /home/travis/build/icyphy/ptII/ptolemy/actor/lib/test/auto/PoissonClock.xml
----------------- Instantiating /home/travis/build/icyphy/ptII/ptolemy/actor/lib/test/auto/PoissonClock.xml
1 ms. Memory: 402432K Free: 342437K (85%)
----------------- Invoking toplevel() on ptolemy.moml.MoMLSimpleApplication@59788893
----------------- Done invoking toplevel() on ptolemy.moml.MoMLSimpleApplication@59788893
reloadAllAccessors: .PoissonClock

===========================================================================================
----------------- testing Tue Mar 24 13:36:19 UTC 2020 /home/travis/build/icyphy/ptII/ptolemy/actor/lib/test/auto/PoissonClock2.xml
----------------- Instantiating /home/travis/build/icyphy/ptII/ptolemy/actor/lib/test/auto/PoissonClock2.xml
1 ms. Memory: 402432K Free: 337827K (84%)
----------------- Invoking toplevel() on ptolemy.moml.MoMLSimpleApplication@60843bb5
----------------- Done invoking toplevel() on ptolemy.moml.MoMLSimpleApplication@60843bb5
reloadAllAccessors: .PoissonClock2

===========================================================================================
----------------- testing Tue Mar 24 13:36:19 UTC 2020 /home/travis/build/icyphy/ptII/ptolemy/actor/lib/test/auto/PoissonClock3.xml
----------------- Instantiating /home/travis/build/icyphy/ptII/ptolemy/actor/lib/test/auto/PoissonClock3.xml
2 ms. Memory: 402432K Free: 333221K (83%)
----------------- Invoking toplevel() on ptolemy.moml.MoMLSimpleApplication@3891ab53
----------------- Done invoking toplevel() on ptolemy.moml.MoMLSimpleApplication@3891ab53
reloadAllAccessors: .PoissonClock3

===========================================================================================
----------------- testing Tue Mar 24 13:36:19 UTC 2020 /home/travis/build/icyphy/ptII/ptolemy/actor/lib/test/auto/PubSubWithInitialTokens.xml
----------------- Instantiating /home/travis/build/icyphy/ptII/ptolemy/actor/lib/test/auto/PubSubWithInitialTokens.xml
2 ms. Memory: 402432K Free: 327557K (81%)
----------------- Invoking toplevel() on ptolemy.moml.MoMLSimpleApplication@44812b0
----------------- Done invoking toplevel() on ptolemy.moml.MoMLSimpleApplication@44812b0
reloadAllAccessors: .PubSubWithInitialTokens

===========================================================================================
----------------- testing Tue Mar 24 13:36:19 UTC 2020 /home/travis/build/icyphy/ptII/ptolemy/actor/lib/test/auto/PubSubWithInitialTokens2.xml
----------------- Instantiating /home/travis/build/icyphy/ptII/ptolemy/actor/lib/test/auto/PubSubWithInitialTokens2.xml
2 ms. Memory: 402432K Free: 321429K (80%)
----------------- Invoking toplevel() on ptolemy.moml.MoMLSimpleApplication@15f3701b
----------------- Done invoking toplevel() on ptolemy.moml.MoMLSimpleApplication@15f3701b
reloadAllAccessors: .PubSubWithInitialTokens2

===========================================================================================
----------------- testing Tue Mar 24 13:36:19 UTC 2020 /home/travis/build/icyphy/ptII/ptolemy/actor/lib/test/auto/PublisherClassNoParameter.xml
----------------- Instantiating /home/travis/build/icyphy/ptII/ptolemy/actor/lib/test/auto/PublisherClassNoParameter.xml
3 ms. Memory: 402432K Free: 311717K (77%)
----------------- Invoking toplevel() on ptolemy.moml.MoMLSimpleApplication@1d01ee7c
----------------- Done invoking toplevel() on ptolemy.moml.MoMLSimpleApplication@1d01ee7c
reloadAllAccessors: .PublisherClassNoParameter

===========================================================================================
----------------- testing Tue Mar 24 13:36:19 UTC 2020 /home/travis/build/icyphy/ptII/ptolemy/actor/lib/test/auto/PublisherClassParameter.xml
----------------- Instantiating /home/travis/build/icyphy/ptII/ptolemy/actor/lib/test/auto/PublisherClassParameter.xml
2 ms. Memory: 402432K Free: 300963K (75%)
----------------- Invoking toplevel() on ptolemy.moml.MoMLSimpleApplication@64a81b32
----------------- Done invoking toplevel() on ptolemy.moml.MoMLSimpleApplication@64a81b32
reloadAllAccessors: .PublisherClassParameter

===========================================================================================
----------------- testing Tue Mar 24 13:36:19 UTC 2020 /home/travis/build/icyphy/ptII/ptolemy/actor/lib/test/auto/PublisherNonStrictTest.xml
----------------- Instantiating /home/travis/build/icyphy/ptII/ptolemy/actor/lib/test/auto/PublisherNonStrictTest.xml
3 ms. Memory: 402432K Free: 293285K (73%)
----------------- Invoking toplevel() on ptolemy.moml.MoMLSimpleApplication@9013e48
----------------- Done invoking toplevel() on ptolemy.moml.MoMLSimpleApplication@9013e48
reloadAllAccessors: .PublisherNonStrictTest

===========================================================================================
----------------- testing Tue Mar 24 13:36:19 UTC 2020 /home/travis/build/icyphy/ptII/ptolemy/actor/lib/test/auto/PublisherPort1.xml
----------------- Instantiating /home/travis/build/icyphy/ptII/ptolemy/actor/lib/test/auto/PublisherPort1.xml
9 ms. Memory: 402432K Free: 287637K (71%)
----------------- Invoking toplevel() on ptolemy.moml.MoMLSimpleApplication@128e7a3f
----------------- Done invoking toplevel() on ptolemy.moml.MoMLSimpleApplication@128e7a3f
reloadAllAccessors: .PublisherPort1

===========================================================================================
----------------- testing Tue Mar 24 13:36:19 UTC 2020 /home/travis/build/icyphy/ptII/ptolemy/actor/lib/test/auto/PublisherPort2.xml
----------------- Instantiating /home/travis/build/icyphy/ptII/ptolemy/actor/lib/test/auto/PublisherPort2.xml
1 ms. Memory: 402432K Free: 282531K (70%)
----------------- Invoking toplevel() on ptolemy.moml.MoMLSimpleApplication@231de93
----------------- Done invoking toplevel() on ptolemy.moml.MoMLSimpleApplication@231de93
reloadAllAccessors: .PublisherPort2

===========================================================================================
----------------- testing Tue Mar 24 13:36:19 UTC 2020 /home/travis/build/icyphy/ptII/ptolemy/actor/lib/test/auto/PublisherPort3.xml
----------------- Instantiating /home/travis/build/icyphy/ptII/ptolemy/actor/lib/test/auto/PublisherPort3.xml
3 ms. Memory: 402432K Free: 275877K (69%)
----------------- Invoking toplevel() on ptolemy.moml.MoMLSimpleApplication@7c5820e6
----------------- Done invoking toplevel() on ptolemy.moml.MoMLSimpleApplication@7c5820e6
reloadAllAccessors: .PublisherPort3

===========================================================================================
----------------- testing Tue Mar 24 13:36:19 UTC 2020 /home/travis/build/icyphy/ptII/ptolemy/actor/lib/test/auto/PublisherPort4.xml
----------------- Instantiating /home/travis/build/icyphy/ptII/ptolemy/actor/lib/test/auto/PublisherPort4.xml
2 ms. Memory: 402432K Free: 270229K (67%)
----------------- Invoking toplevel() on ptolemy.moml.MoMLSimpleApplication@6eed4c5f
----------------- Done invoking toplevel() on ptolemy.moml.MoMLSimpleApplication@6eed4c5f
reloadAllAccessors: .PublisherPort4

===========================================================================================
----------------- testing Tue Mar 24 13:36:19 UTC 2020 /home/travis/build/icyphy/ptII/ptolemy/actor/lib/test/auto/PublisherPort5.xml
----------------- Instantiating /home/travis/build/icyphy/ptII/ptolemy/actor/lib/test/auto/PublisherPort5.xml
10 ms. Memory: 402432K Free: 262051K (65%)
----------------- Invoking toplevel() on ptolemy.moml.MoMLSimpleApplication@7ad5fcb1
----------------- Done invoking toplevel() on ptolemy.moml.MoMLSimpleApplication@7ad5fcb1
reloadAllAccessors: .PublisherPort5

===========================================================================================
----------------- testing Tue Mar 24 13:36:19 UTC 2020 /home/travis/build/icyphy/ptII/ptolemy/actor/lib/test/auto/PublisherPort5LookAlike.xml
----------------- Instantiating /home/travis/build/icyphy/ptII/ptolemy/actor/lib/test/auto/PublisherPort5LookAlike.xml
7 ms. Memory: 402432K Free: 254373K (63%)
----------------- Invoking toplevel() on ptolemy.moml.MoMLSimpleApplication@726031d0
----------------- Done invoking toplevel() on ptolemy.moml.MoMLSimpleApplication@726031d0
reloadAllAccessors: .PublisherPort5LookAlike

===========================================================================================
----------------- testing Tue Mar 24 13:36:19 UTC 2020 /home/travis/build/icyphy/ptII/ptolemy/actor/lib/test/auto/PublisherPort6.xml
----------------- Instantiating /home/travis/build/icyphy/ptII/ptolemy/actor/lib/test/auto/PublisherPort6.xml
2 ms. Memory: 402432K Free: 247715K (62%)
----------------- Invoking toplevel() on ptolemy.moml.MoMLSimpleApplication@a208297
----------------- Done invoking toplevel() on ptolemy.moml.MoMLSimpleApplication@a208297
reloadAllAccessors: .PublisherPort6

===========================================================================================
----------------- testing Tue Mar 24 13:36:19 UTC 2020 /home/travis/build/icyphy/ptII/ptolemy/actor/lib/test/auto/PublisherPort7.xml
----------------- Instantiating /home/travis/build/icyphy/ptII/ptolemy/actor/lib/test/auto/PublisherPort7.xml
3 ms. Memory: 402432K Free: 240037K (60%)
----------------- Invoking toplevel() on ptolemy.moml.MoMLSimpleApplication@7e6f4292
----------------- Done invoking toplevel() on ptolemy.moml.MoMLSimpleApplication@7e6f4292
reloadAllAccessors: .PublisherPort7

===========================================================================================
----------------- testing Tue Mar 24 13:36:19 UTC 2020 /home/travis/build/icyphy/ptII/ptolemy/actor/lib/test/auto/PublisherPort8.xml
----------------- Instantiating /home/travis/build/icyphy/ptII/ptolemy/actor/lib/test/auto/PublisherPort8.xml
3 ms. Memory: 402432K Free: 231331K (57%)
----------------- Invoking toplevel() on ptolemy.moml.MoMLSimpleApplication@2a7ed8b9
----------------- Done invoking toplevel() on ptolemy.moml.MoMLSimpleApplication@2a7ed8b9
reloadAllAccessors: .PublisherPort8

===========================================================================================
----------------- testing Tue Mar 24 13:36:19 UTC 2020 /home/travis/build/icyphy/ptII/ptolemy/actor/lib/test/auto/PublisherPortSubscriberChannelVariablesAOC2.xml
----------------- Instantiating /home/travis/build/icyphy/ptII/ptolemy/actor/lib/test/auto/PublisherPortSubscriberChannelVariablesAOC2.xml
2 ms. Memory: 402432K Free: 213413K (53%)
----------------- Invoking toplevel() on ptolemy.moml.MoMLSimpleApplication@32a832de
----------------- Done invoking toplevel() on ptolemy.moml.MoMLSimpleApplication@32a832de
reloadAllAccessors: .PublisherPortSubscriberChannelVariablesAOC2

===========================================================================================
----------------- testing Tue Mar 24 13:36:19 UTC 2020 /home/travis/build/icyphy/ptII/ptolemy/actor/lib/test/auto/PublisherPortSubscriberOpaqueWidthInference.xml
----------------- Instantiating /home/travis/build/icyphy/ptII/ptolemy/actor/lib/test/auto/PublisherPortSubscriberOpaqueWidthInference.xml
3 ms. Memory: 402432K Free: 205221K (51%)
----------------- Invoking toplevel() on ptolemy.moml.MoMLSimpleApplication@2675a6a9
----------------- Done invoking toplevel() on ptolemy.moml.MoMLSimpleApplication@2675a6a9
reloadAllAccessors: .PublisherPortSubscriberOpaqueWidthInference

===========================================================================================
----------------- testing Tue Mar 24 13:36:19 UTC 2020 /home/travis/build/icyphy/ptII/ptolemy/actor/lib/test/auto/PublisherPortSubscriberPortAdjacent.xml
----------------- Instantiating /home/travis/build/icyphy/ptII/ptolemy/actor/lib/test/auto/PublisherPortSubscriberPortAdjacent.xml
1 ms. Memory: 402432K Free: 197029K (49%)
----------------- Invoking toplevel() on ptolemy.moml.MoMLSimpleApplication@11e03fe0
----------------- Done invoking toplevel() on ptolemy.moml.MoMLSimpleApplication@11e03fe0
reloadAllAccessors: .PublisherPortSubscriberPortAdjacent

===========================================================================================
----------------- testing Tue Mar 24 13:36:19 UTC 2020 /home/travis/build/icyphy/ptII/ptolemy/actor/lib/test/auto/PublisherPortSubscriberPortExpression.xml
----------------- Instantiating /home/travis/build/icyphy/ptII/ptolemy/actor/lib/test/auto/PublisherPortSubscriberPortExpression.xml
7 ms. Memory: 402432K Free: 188837K (47%)
----------------- Invoking toplevel() on ptolemy.moml.MoMLSimpleApplication@6777b9ab
----------------- Done invoking toplevel() on ptolemy.moml.MoMLSimpleApplication@6777b9ab
reloadAllAccessors: .PublisherPortSubscriberPortExpression

===========================================================================================
----------------- testing Tue Mar 24 13:36:19 UTC 2020 /home/travis/build/icyphy/ptII/ptolemy/actor/lib/test/auto/PublisherPortSubscriberPortOpaqueD3Reverse.xml
----------------- Instantiating /home/travis/build/icyphy/ptII/ptolemy/actor/lib/test/auto/PublisherPortSubscriberPortOpaqueD3Reverse.xml
8 ms. Memory: 402432K Free: 178083K (44%)
----------------- Invoking toplevel() on ptolemy.moml.MoMLSimpleApplication@75a58bdf
----------------- Done invoking toplevel() on ptolemy.moml.MoMLSimpleApplication@75a58bdf
reloadAllAccessors: .PublisherPortSubscriberPortOpaqueD3Reverse

===========================================================================================
----------------- testing Tue Mar 24 13:36:19 UTC 2020 /home/travis/build/icyphy/ptII/ptolemy/actor/lib/test/auto/PublisherPortSubscriberPortOpaqueWidthInference.xml
----------------- Instantiating /home/travis/build/icyphy/ptII/ptolemy/actor/lib/test/auto/PublisherPortSubscriberPortOpaqueWidthInference.xml
3 ms. Memory: 402432K Free: 170405K (42%)
----------------- Invoking toplevel() on ptolemy.moml.MoMLSimpleApplication@31272d79
----------------- Done invoking toplevel() on ptolemy.moml.MoMLSimpleApplication@31272d79
reloadAllAccessors: .PublisherPortSubscriberPortOpaqueWidthInference

===========================================================================================
----------------- testing Tue Mar 24 13:36:19 UTC 2020 /home/travis/build/icyphy/ptII/ptolemy/actor/lib/test/auto/PublisherPortToplevelSubscriberPortAOC.xml
----------------- Instantiating /home/travis/build/icyphy/ptII/ptolemy/actor/lib/test/auto/PublisherPortToplevelSubscriberPortAOC.xml
.PublisherPortToplevelSubscriberPortAOC.TestExceptionAttribute: initialize() was not invoked, but wrapup() was.  This is unusual, but not always a problem.  For example, exporting JNLP will do this.
1 ms. Memory: 402432K Free: 164771K (41%)
----------------- Invoking toplevel() on ptolemy.moml.MoMLSimpleApplication@3a7e7bd0
----------------- Done invoking toplevel() on ptolemy.moml.MoMLSimpleApplication@3a7e7bd0
reloadAllAccessors: .PublisherPortToplevelSubscriberPortAOC

===========================================================================================
----------------- testing Tue Mar 24 13:36:19 UTC 2020 /home/travis/build/icyphy/ptII/ptolemy/actor/lib/test/auto/PublisherSubscriber.xml
----------------- Instantiating /home/travis/build/icyphy/ptII/ptolemy/actor/lib/test/auto/PublisherSubscriber.xml
3 ms. Memory: 402432K Free: 157093K (39%)
----------------- Invoking toplevel() on ptolemy.moml.MoMLSimpleApplication@4c8a60d9
----------------- Done invoking toplevel() on ptolemy.moml.MoMLSimpleApplication@4c8a60d9
reloadAllAccessors: .PublisherSubscriber

===========================================================================================
----------------- testing Tue Mar 24 13:36:19 UTC 2020 /home/travis/build/icyphy/ptII/ptolemy/actor/lib/test/auto/PublisherSubscriber10.xml
----------------- Instantiating /home/travis/build/icyphy/ptII/ptolemy/actor/lib/test/auto/PublisherSubscriber10.xml
9 ms. Memory: 402432K Free: 147363K (37%)
----------------- Invoking toplevel() on ptolemy.moml.MoMLSimpleApplication@233bce8c
----------------- Done invoking toplevel() on ptolemy.moml.MoMLSimpleApplication@233bce8c
reloadAllAccessors: .PublisherSubscriber10

===========================================================================================
----------------- testing Tue Mar 24 13:36:19 UTC 2020 /home/travis/build/icyphy/ptII/ptolemy/actor/lib/test/auto/PublisherSubscriber10InitialOutputs.xml
----------------- Instantiating /home/travis/build/icyphy/ptII/ptolemy/actor/lib/test/auto/PublisherSubscriber10InitialOutputs.xml
15 ms. Memory: 402432K Free: 138147K (34%)
----------------- Invoking toplevel() on ptolemy.moml.MoMLSimpleApplication@7f187e21
----------------- Done invoking toplevel() on ptolemy.moml.MoMLSimpleApplication@7f187e21
reloadAllAccessors: .PublisherSubscriber10InitialOutputs

===========================================================================================
----------------- testing Tue Mar 24 13:36:19 UTC 2020 /home/travis/build/icyphy/ptII/ptolemy/actor/lib/test/auto/PublisherSubscriber11.xml
----------------- Instantiating /home/travis/build/icyphy/ptII/ptolemy/actor/lib/test/auto/PublisherSubscriber11.xml
4 ms. Memory: 402432K Free: 131973K (33%)
----------------- Invoking toplevel() on ptolemy.moml.MoMLSimpleApplication@6f363330
----------------- Done invoking toplevel() on ptolemy.moml.MoMLSimpleApplication@6f363330
reloadAllAccessors: .PublisherSubscriber11

===========================================================================================
----------------- testing Tue Mar 24 13:36:20 UTC 2020 /home/travis/build/icyphy/ptII/ptolemy/actor/lib/test/auto/PublisherSubscriber12.xml
----------------- Instantiating /home/travis/build/icyphy/ptII/ptolemy/actor/lib/test/auto/PublisherSubscriber12.xml
5 ms. Memory: 402432K Free: 125349K (31%)
----------------- Invoking toplevel() on ptolemy.moml.MoMLSimpleApplication@73fcab41
----------------- Done invoking toplevel() on ptolemy.moml.MoMLSimpleApplication@73fcab41
reloadAllAccessors: .PublisherSubscriber12

===========================================================================================
----------------- testing Tue Mar 24 13:36:20 UTC 2020 /home/travis/build/icyphy/ptII/ptolemy/actor/lib/test/auto/PublisherSubscriber13.xml
----------------- Instantiating /home/travis/build/icyphy/ptII/ptolemy/actor/lib/test/auto/PublisherSubscriber13.xml
2 ms. Memory: 402432K Free: 119205K (30%)
----------------- Invoking toplevel() on ptolemy.moml.MoMLSimpleApplication@53919085
----------------- Done invoking toplevel() on ptolemy.moml.MoMLSimpleApplication@53919085
reloadAllAccessors: .PublisherSubscriber13

===========================================================================================
----------------- testing Tue Mar 24 13:36:20 UTC 2020 /home/travis/build/icyphy/ptII/ptolemy/actor/lib/test/auto/PublisherSubscriber14.xml
----------------- Instantiating /home/travis/build/icyphy/ptII/ptolemy/actor/lib/test/auto/PublisherSubscriber14.xml
2 ms. Memory: 402432K Free: 346753K (86%)
----------------- Invoking toplevel() on ptolemy.moml.MoMLSimpleApplication@696f1323
----------------- Done invoking toplevel() on ptolemy.moml.MoMLSimpleApplication@696f1323
reloadAllAccessors: .PublisherSubscriber14

===========================================================================================
----------------- testing Tue Mar 24 13:36:20 UTC 2020 /home/travis/build/icyphy/ptII/ptolemy/actor/lib/test/auto/PublisherSubscriber2.xml
----------------- Instantiating /home/travis/build/icyphy/ptII/ptolemy/actor/lib/test/auto/PublisherSubscriber2.xml
2 ms. Memory: 402432K Free: 340609K (85%)
----------------- Invoking toplevel() on ptolemy.moml.MoMLSimpleApplication@2b8d6631
----------------- Done invoking toplevel() on ptolemy.moml.MoMLSimpleApplication@2b8d6631
reloadAllAccessors: .PublisherSubscriber2

===========================================================================================
----------------- testing Tue Mar 24 13:36:20 UTC 2020 /home/travis/build/icyphy/ptII/ptolemy/actor/lib/test/auto/PublisherSubscriber3.xml
----------------- Instantiating /home/travis/build/icyphy/ptII/ptolemy/actor/lib/test/auto/PublisherSubscriber3.xml
1 ms. Memory: 402432K Free: 335009K (83%)
----------------- Invoking toplevel() on ptolemy.moml.MoMLSimpleApplication@59799d70
----------------- Done invoking toplevel() on ptolemy.moml.MoMLSimpleApplication@59799d70
reloadAllAccessors: .PublisherSubscriber3

===========================================================================================
----------------- testing Tue Mar 24 13:36:20 UTC 2020 /home/travis/build/icyphy/ptII/ptolemy/actor/lib/test/auto/PublisherSubscriber4.xml
----------------- Instantiating /home/travis/build/icyphy/ptII/ptolemy/actor/lib/test/auto/PublisherSubscriber4.xml
1 ms. Memory: 402432K Free: 329889K (82%)
----------------- Invoking toplevel() on ptolemy.moml.MoMLSimpleApplication@563cf885
----------------- Done invoking toplevel() on ptolemy.moml.MoMLSimpleApplication@563cf885
reloadAllAccessors: .PublisherSubscriber4

===========================================================================================
----------------- testing Tue Mar 24 13:36:20 UTC 2020 /home/travis/build/icyphy/ptII/ptolemy/actor/lib/test/auto/PublisherSubscriber5.xml
----------------- Instantiating /home/travis/build/icyphy/ptII/ptolemy/actor/lib/test/auto/PublisherSubscriber5.xml
2 ms. Memory: 402432K Free: 323217K (80%)
----------------- Invoking toplevel() on ptolemy.moml.MoMLSimpleApplication@4f525b42
----------------- Done invoking toplevel() on ptolemy.moml.MoMLSimpleApplication@4f525b42
reloadAllAccessors: .PublisherSubscriber5

===========================================================================================
----------------- testing Tue Mar 24 13:36:20 UTC 2020 /home/travis/build/icyphy/ptII/ptolemy/actor/lib/test/auto/PublisherSubscriber6.xml
----------------- Instantiating /home/travis/build/icyphy/ptII/ptolemy/actor/lib/test/auto/PublisherSubscriber6.xml
3 ms. Memory: 402432K Free: 316577K (79%)
----------------- Invoking toplevel() on ptolemy.moml.MoMLSimpleApplication@799d1e78
----------------- Done invoking toplevel() on ptolemy.moml.MoMLSimpleApplication@799d1e78
reloadAllAccessors: .PublisherSubscriber6

===========================================================================================
----------------- testing Tue Mar 24 13:36:20 UTC 2020 /home/travis/build/icyphy/ptII/ptolemy/actor/lib/test/auto/PublisherSubscriber7.xml
----------------- Instantiating /home/travis/build/icyphy/ptII/ptolemy/actor/lib/test/auto/PublisherSubscriber7.xml
2 ms. Memory: 402432K Free: 309409K (77%)
----------------- Invoking toplevel() on ptolemy.moml.MoMLSimpleApplication@f1c17a9
----------------- Done invoking toplevel() on ptolemy.moml.MoMLSimpleApplication@f1c17a9
reloadAllAccessors: .PublisherSubscriber7

===========================================================================================
----------------- testing Tue Mar 24 13:36:20 UTC 2020 /home/travis/build/icyphy/ptII/ptolemy/actor/lib/test/auto/PublisherSubscriber8.xml
----------------- Instantiating /home/travis/build/icyphy/ptII/ptolemy/actor/lib/test/auto/PublisherSubscriber8.xml
10 ms. Memory: 402432K Free: 297631K (74%)
----------------- Invoking toplevel() on ptolemy.moml.MoMLSimpleApplication@b697e05
----------------- Done invoking toplevel() on ptolemy.moml.MoMLSimpleApplication@b697e05
reloadAllAccessors: .PublisherSubscriber8

===========================================================================================
----------------- testing Tue Mar 24 13:36:20 UTC 2020 /home/travis/build/icyphy/ptII/ptolemy/actor/lib/test/auto/PublisherSubscriber9.xml
----------------- Instantiating /home/travis/build/icyphy/ptII/ptolemy/actor/lib/test/auto/PublisherSubscriber9.xml
3 ms. Memory: 402432K Free: 290449K (72%)
----------------- Invoking toplevel() on ptolemy.moml.MoMLSimpleApplication@512772d9
----------------- Done invoking toplevel() on ptolemy.moml.MoMLSimpleApplication@512772d9
reloadAllAccessors: .PublisherSubscriber9

===========================================================================================
----------------- testing Tue Mar 24 13:36:20 UTC 2020 /home/travis/build/icyphy/ptII/ptolemy/actor/lib/test/auto/PublisherSubscriberAdjacent.xml
----------------- Instantiating /home/travis/build/icyphy/ptII/ptolemy/actor/lib/test/auto/PublisherSubscriberAdjacent.xml
1 ms. Memory: 402432K Free: 282271K (70%)
----------------- Invoking toplevel() on ptolemy.moml.MoMLSimpleApplication@48660ea1
----------------- Done invoking toplevel() on ptolemy.moml.MoMLSimpleApplication@48660ea1
reloadAllAccessors: .PublisherSubscriberAdjacent

===========================================================================================
----------------- testing Tue Mar 24 13:36:20 UTC 2020 /home/travis/build/icyphy/ptII/ptolemy/actor/lib/test/auto/PublisherSubscriberChannelVariablesAOC2.xml
----------------- Instantiating /home/travis/build/icyphy/ptII/ptolemy/actor/lib/test/auto/PublisherSubscriberChannelVariablesAOC2.xml
2 ms. Memory: 402432K Free: 267425K (66%)
----------------- Invoking toplevel() on ptolemy.moml.MoMLSimpleApplication@425dc86c
----------------- Done invoking toplevel() on ptolemy.moml.MoMLSimpleApplication@425dc86c
reloadAllAccessors: .PublisherSubscriberChannelVariablesAOC2

===========================================================================================
----------------- testing Tue Mar 24 13:36:20 UTC 2020 /home/travis/build/icyphy/ptII/ptolemy/actor/lib/test/auto/PublisherSubscriberD3.xml
----------------- Instantiating /home/travis/build/icyphy/ptII/ptolemy/actor/lib/test/auto/PublisherSubscriberD3.xml
2 ms. Memory: 402432K Free: 260257K (65%)
----------------- Invoking toplevel() on ptolemy.moml.MoMLSimpleApplication@6ff811a2
----------------- Done invoking toplevel() on ptolemy.moml.MoMLSimpleApplication@6ff811a2
reloadAllAccessors: .PublisherSubscriberD3

===========================================================================================
----------------- testing Tue Mar 24 13:36:20 UTC 2020 /home/travis/build/icyphy/ptII/ptolemy/actor/lib/test/auto/PublisherSubscriberD3Reverse.xml
----------------- Instantiating /home/travis/build/icyphy/ptII/ptolemy/actor/lib/test/auto/PublisherSubscriberD3Reverse.xml
1 ms. Memory: 402432K Free: 253599K (63%)
----------------- Invoking toplevel() on ptolemy.moml.MoMLSimpleApplication@577519d0
----------------- Done invoking toplevel() on ptolemy.moml.MoMLSimpleApplication@577519d0
reloadAllAccessors: .PublisherSubscriberD3Reverse

===========================================================================================
----------------- testing Tue Mar 24 13:36:20 UTC 2020 /home/travis/build/icyphy/ptII/ptolemy/actor/lib/test/auto/PublisherSubscriberExpression.xml
----------------- Instantiating /home/travis/build/icyphy/ptII/ptolemy/actor/lib/test/auto/PublisherSubscriberExpression.xml
3 ms. Memory: 402432K Free: 244897K (61%)
----------------- Invoking toplevel() on ptolemy.moml.MoMLSimpleApplication@6fc4d6d
----------------- Done invoking toplevel() on ptolemy.moml.MoMLSimpleApplication@6fc4d6d
reloadAllAccessors: .PublisherSubscriberExpression

===========================================================================================
----------------- testing Tue Mar 24 13:36:20 UTC 2020 /home/travis/build/icyphy/ptII/ptolemy/actor/lib/test/auto/PublisherSubscriberOpaque.xml
----------------- Instantiating /home/travis/build/icyphy/ptII/ptolemy/actor/lib/test/auto/PublisherSubscriberOpaque.xml
4 ms. Memory: 402432K Free: 236705K (59%)
----------------- Invoking toplevel() on ptolemy.moml.MoMLSimpleApplication@4e06d32c
----------------- Done invoking toplevel() on ptolemy.moml.MoMLSimpleApplication@4e06d32c
reloadAllAccessors: .PublisherSubscriberOpaque

===========================================================================================
----------------- testing Tue Mar 24 13:36:20 UTC 2020 /home/travis/build/icyphy/ptII/ptolemy/actor/lib/test/auto/PublisherSubscriberOpaqueD3.xml
----------------- Instantiating /home/travis/build/icyphy/ptII/ptolemy/actor/lib/test/auto/PublisherSubscriberOpaqueD3.xml
4 ms. Memory: 402432K Free: 225441K (56%)
----------------- Invoking toplevel() on ptolemy.moml.MoMLSimpleApplication@614c4863
----------------- Done invoking toplevel() on ptolemy.moml.MoMLSimpleApplication@614c4863
reloadAllAccessors: .PublisherSubscriberOpaqueD3

===========================================================================================
----------------- testing Tue Mar 24 13:36:20 UTC 2020 /home/travis/build/icyphy/ptII/ptolemy/actor/lib/test/auto/PublisherSubscriberOpaqueD3Reverse.xml
----------------- Instantiating /home/travis/build/icyphy/ptII/ptolemy/actor/lib/test/auto/PublisherSubscriberOpaqueD3Reverse.xml
8 ms. Memory: 402432K Free: 214687K (53%)
----------------- Invoking toplevel() on ptolemy.moml.MoMLSimpleApplication@675e22a8
----------------- Done invoking toplevel() on ptolemy.moml.MoMLSimpleApplication@675e22a8
reloadAllAccessors: .PublisherSubscriberOpaqueD3Reverse

===========================================================================================
----------------- testing Tue Mar 24 13:36:20 UTC 2020 /home/travis/build/icyphy/ptII/ptolemy/actor/lib/test/auto/PublisherSubscriberOpaqueWidthInference.xml
----------------- Instantiating /home/travis/build/icyphy/ptII/ptolemy/actor/lib/test/auto/PublisherSubscriberOpaqueWidthInference.xml
4 ms. Memory: 402432K Free: 206481K (51%)
----------------- Invoking toplevel() on ptolemy.moml.MoMLSimpleApplication@1dc76839
----------------- Done invoking toplevel() on ptolemy.moml.MoMLSimpleApplication@1dc76839
reloadAllAccessors: .PublisherSubscriberOpaqueWidthInference

===========================================================================================
----------------- testing Tue Mar 24 13:36:20 UTC 2020 /home/travis/build/icyphy/ptII/ptolemy/actor/lib/test/auto/PublisherTestSubscriber.xml
----------------- Instantiating /home/travis/build/icyphy/ptII/ptolemy/actor/lib/test/auto/PublisherTestSubscriber.xml
3 ms. Memory: 402432K Free: 198297K (49%)
----------------- Invoking toplevel() on ptolemy.moml.MoMLSimpleApplication@1d787986
----------------- Done invoking toplevel() on ptolemy.moml.MoMLSimpleApplication@1d787986
reloadAllAccessors: .PublisherTestSubscriber

===========================================================================================
----------------- testing Tue Mar 24 13:36:20 UTC 2020 /home/travis/build/icyphy/ptII/ptolemy/actor/lib/test/auto/PublisherToplevelSubscriberPortAOC.xml
----------------- Instantiating /home/travis/build/icyphy/ptII/ptolemy/actor/lib/test/auto/PublisherToplevelSubscriberPortAOC.xml
1 ms. Memory: 402432K Free: 191649K (48%)
----------------- Invoking toplevel() on ptolemy.moml.MoMLSimpleApplication@6eefa519
----------------- Done invoking toplevel() on ptolemy.moml.MoMLSimpleApplication@6eefa519
reloadAllAccessors: .PublisherToplevelSubscriberPortAOC

===========================================================================================
----------------- testing Tue Mar 24 13:36:20 UTC 2020 /home/travis/build/icyphy/ptII/ptolemy/actor/lib/test/auto/PulseFiringLimitDE.xml
----------------- Instantiating /home/travis/build/icyphy/ptII/ptolemy/actor/lib/test/auto/PulseFiringLimitDE.xml
2 ms. Memory: 402432K Free: 184991K (46%)
----------------- Invoking toplevel() on ptolemy.moml.MoMLSimpleApplication@32d552dc
----------------- Done invoking toplevel() on ptolemy.moml.MoMLSimpleApplication@32d552dc
reloadAllAccessors: .PulseFiringLimitDE

===========================================================================================
----------------- testing Tue Mar 24 13:36:20 UTC 2020 /home/travis/build/icyphy/ptII/ptolemy/actor/lib/test/auto/Ramp1.xml
----------------- Instantiating /home/travis/build/icyphy/ptII/ptolemy/actor/lib/test/auto/Ramp1.xml
1 ms. Memory: 402432K Free: 180889K (45%)
----------------- Invoking toplevel() on ptolemy.moml.MoMLSimpleApplication@79e03e81
----------------- Done invoking toplevel() on ptolemy.moml.MoMLSimpleApplication@79e03e81
reloadAllAccessors: .Ramp1

===========================================================================================
----------------- testing Tue Mar 24 13:36:20 UTC 2020 /home/travis/build/icyphy/ptII/ptolemy/actor/lib/test/auto/RampFiringLimitDE.xml
----------------- Instantiating /home/travis/build/icyphy/ptII/ptolemy/actor/lib/test/auto/RampFiringLimitDE.xml
3 ms. Memory: 402432K Free: 174737K (43%)
----------------- Invoking toplevel() on ptolemy.moml.MoMLSimpleApplication@32551ead
----------------- Done invoking toplevel() on ptolemy.moml.MoMLSimpleApplication@32551ead
reloadAllAccessors: .RampFiringLimitDE

===========================================================================================
----------------- testing Tue Mar 24 13:36:20 UTC 2020 /home/travis/build/icyphy/ptII/ptolemy/actor/lib/test/auto/RampFiringLimitSDF.xml
----------------- Instantiating /home/travis/build/icyphy/ptII/ptolemy/actor/lib/test/auto/RampFiringLimitSDF.xml
2 ms. Memory: 402432K Free: 169121K (42%)
----------------- Invoking toplevel() on ptolemy.moml.MoMLSimpleApplication@7aa8c935
----------------- Done invoking toplevel() on ptolemy.moml.MoMLSimpleApplication@7aa8c935
reloadAllAccessors: .RampFiringLimitSDF

===========================================================================================
----------------- testing Tue Mar 24 13:36:20 UTC 2020 /home/travis/build/icyphy/ptII/ptolemy/actor/lib/test/auto/RandomInteger.xml
----------------- Instantiating /home/travis/build/icyphy/ptII/ptolemy/actor/lib/test/auto/RandomInteger.xml
1 ms. Memory: 402432K Free: 165025K (41%)
----------------- Invoking toplevel() on ptolemy.moml.MoMLSimpleApplication@1f4aa1e8
----------------- Done invoking toplevel() on ptolemy.moml.MoMLSimpleApplication@1f4aa1e8
reloadAllAccessors: .RandomInteger

===========================================================================================
----------------- testing Tue Mar 24 13:36:20 UTC 2020 /home/travis/build/icyphy/ptII/ptolemy/actor/lib/test/auto/ReadFile1.xml
----------------- Instantiating /home/travis/build/icyphy/ptII/ptolemy/actor/lib/test/auto/ReadFile1.xml
1 ms. Memory: 402432K Free: 160409K (40%)
----------------- Invoking toplevel() on ptolemy.moml.MoMLSimpleApplication@5878d12b
----------------- Done invoking toplevel() on ptolemy.moml.MoMLSimpleApplication@5878d12b
reloadAllAccessors: .ReadFile1

===========================================================================================
----------------- testing Tue Mar 24 13:36:20 UTC 2020 /home/travis/build/icyphy/ptII/ptolemy/actor/lib/test/auto/ReadFile2.xml
----------------- Instantiating /home/travis/build/icyphy/ptII/ptolemy/actor/lib/test/auto/ReadFile2.xml
1 ms. Memory: 402432K Free: 156319K (39%)
----------------- Invoking toplevel() on ptolemy.moml.MoMLSimpleApplication@1dcb413e
----------------- Done invoking toplevel() on ptolemy.moml.MoMLSimpleApplication@1dcb413e
reloadAllAccessors: .ReadFile2

===========================================================================================
----------------- testing Tue Mar 24 13:36:20 UTC 2020 /home/travis/build/icyphy/ptII/ptolemy/actor/lib/test/auto/Reader.xml
----------------- Instantiating /home/travis/build/icyphy/ptII/ptolemy/actor/lib/test/auto/Reader.xml
actor.lib.Reader is obsolete, use actor.lib.io.ExpressionReader instead
3 ms. Memory: 402432K Free: 151713K (38%)
----------------- Invoking toplevel() on ptolemy.moml.MoMLSimpleApplication@7e4ced76
----------------- Done invoking toplevel() on ptolemy.moml.MoMLSimpleApplication@7e4ced76
reloadAllAccessors: .Reader

===========================================================================================
----------------- testing Tue Mar 24 13:36:20 UTC 2020 /home/travis/build/icyphy/ptII/ptolemy/actor/lib/test/auto/RecordAssemblerDisplayNameTest.xml
----------------- Instantiating /home/travis/build/icyphy/ptII/ptolemy/actor/lib/test/auto/RecordAssemblerDisplayNameTest.xml
3324 ms. Memory: 402432K Free: 115747K (29%)
----------------- Invoking toplevel() on ptolemy.moml.MoMLSimpleApplication@10290d7
----------------- Done invoking toplevel() on ptolemy.moml.MoMLSimpleApplication@10290d7
reloadAllAccessors: .RecordAssemblerDisplayNameTest

===========================================================================================
----------------- testing Tue Mar 24 13:36:23 UTC 2020 /home/travis/build/icyphy/ptII/ptolemy/actor/lib/test/auto/RecordAssemblerTypeError.xml
----------------- Instantiating /home/travis/build/icyphy/ptII/ptolemy/actor/lib/test/auto/RecordAssemblerTypeError.xml
9 ms. Memory: 402432K Free: 343469K (85%)
----------------- Invoking toplevel() on ptolemy.moml.MoMLSimpleApplication@737fb7cf
----------------- Done invoking toplevel() on ptolemy.moml.MoMLSimpleApplication@737fb7cf
reloadAllAccessors: .RecordAssemblerTypeError

===========================================================================================
----------------- testing Tue Mar 24 13:36:23 UTC 2020 /home/travis/build/icyphy/ptII/ptolemy/actor/lib/test/auto/RecordDisassember.xml
----------------- Instantiating /home/travis/build/icyphy/ptII/ptolemy/actor/lib/test/auto/RecordDisassember.xml
4 ms. Memory: 402432K Free: 338319K (84%)
----------------- Invoking toplevel() on ptolemy.moml.MoMLSimpleApplication@320d64c4
----------------- Done invoking toplevel() on ptolemy.moml.MoMLSimpleApplication@320d64c4
reloadAllAccessors: .RecordDisassember

===========================================================================================
----------------- testing Tue Mar 24 13:36:23 UTC 2020 /home/travis/build/icyphy/ptII/ptolemy/actor/lib/test/auto/RecordDisassemberDisplayNameTest.xml
----------------- Instantiating /home/travis/build/icyphy/ptII/ptolemy/actor/lib/test/auto/RecordDisassemberDisplayNameTest.xml
7 ms. Memory: 402432K Free: 330671K (82%)
----------------- Invoking toplevel() on ptolemy.moml.MoMLSimpleApplication@742c4599
----------------- Done invoking toplevel() on ptolemy.moml.MoMLSimpleApplication@742c4599
reloadAllAccessors: .RecordDisassemberDisplayNameTest

===========================================================================================
----------------- testing Tue Mar 24 13:36:23 UTC 2020 /home/travis/build/icyphy/ptII/ptolemy/actor/lib/test/auto/RecordDisassembler.xml
----------------- Instantiating /home/travis/build/icyphy/ptII/ptolemy/actor/lib/test/auto/RecordDisassembler.xml
3 ms. Memory: 402432K Free: 325551K (81%)
----------------- Invoking toplevel() on ptolemy.moml.MoMLSimpleApplication@4da3fd1e
----------------- Done invoking toplevel() on ptolemy.moml.MoMLSimpleApplication@4da3fd1e
reloadAllAccessors: .RecordDisassembler

===========================================================================================
----------------- testing Tue Mar 24 13:36:23 UTC 2020 /home/travis/build/icyphy/ptII/ptolemy/actor/lib/test/auto/RecordDisassembler2.xml
----------------- Instantiating /home/travis/build/icyphy/ptII/ptolemy/actor/lib/test/auto/RecordDisassembler2.xml
4 ms. Memory: 402432K Free: 320431K (80%)
----------------- Invoking toplevel() on ptolemy.moml.MoMLSimpleApplication@42fac828
----------------- Done invoking toplevel() on ptolemy.moml.MoMLSimpleApplication@42fac828
reloadAllAccessors: .RecordDisassembler2

===========================================================================================
----------------- testing Tue Mar 24 13:36:23 UTC 2020 /home/travis/build/icyphy/ptII/ptolemy/actor/lib/test/auto/RecordUpdater.xml
----------------- Instantiating /home/travis/build/icyphy/ptII/ptolemy/actor/lib/test/auto/RecordUpdater.xml
1 ms. Memory: 402432K Free: 315821K (78%)
----------------- Invoking toplevel() on ptolemy.moml.MoMLSimpleApplication@17220cbb
----------------- Done invoking toplevel() on ptolemy.moml.MoMLSimpleApplication@17220cbb
reloadAllAccessors: .RecordUpdater

===========================================================================================
----------------- testing Tue Mar 24 13:36:23 UTC 2020 /home/travis/build/icyphy/ptII/ptolemy/actor/lib/test/auto/RecordUpdater2.xml
----------------- Instantiating /home/travis/build/icyphy/ptII/ptolemy/actor/lib/test/auto/RecordUpdater2.xml
2 ms. Memory: 402432K Free: 310701K (77%)
----------------- Invoking toplevel() on ptolemy.moml.MoMLSimpleApplication@6131ef8
----------------- Done invoking toplevel() on ptolemy.moml.MoMLSimpleApplication@6131ef8
reloadAllAccessors: .RecordUpdater2

===========================================================================================
----------------- testing Tue Mar 24 13:36:24 UTC 2020 /home/travis/build/icyphy/ptII/ptolemy/actor/lib/test/auto/RecursiveLattice.xml
----------------- Instantiating /home/travis/build/icyphy/ptII/ptolemy/actor/lib/test/auto/RecursiveLattice.xml
1 ms. Memory: 402432K Free: 306605K (76%)
----------------- Invoking toplevel() on ptolemy.moml.MoMLSimpleApplication@18a51dc2
----------------- Done invoking toplevel() on ptolemy.moml.MoMLSimpleApplication@18a51dc2
reloadAllAccessors: .RecursiveLattice

===========================================================================================
----------------- testing Tue Mar 24 13:36:24 UTC 2020 /home/travis/build/icyphy/ptII/ptolemy/actor/lib/test/auto/Router.xml
----------------- Instantiating /home/travis/build/icyphy/ptII/ptolemy/actor/lib/test/auto/Router.xml
3004 ms. Memory: 402432K Free: 296365K (74%)
----------------- Invoking toplevel() on ptolemy.moml.MoMLSimpleApplication@7aa97ec3
----------------- Done invoking toplevel() on ptolemy.moml.MoMLSimpleApplication@7aa97ec3
reloadAllAccessors: .Router

===========================================================================================
----------------- testing Tue Mar 24 13:36:27 UTC 2020 /home/travis/build/icyphy/ptII/ptolemy/actor/lib/test/auto/Router2.xml
----------------- Instantiating /home/travis/build/icyphy/ptII/ptolemy/actor/lib/test/auto/Router2.xml
3003 ms. Memory: 402432K Free: 285101K (71%)
----------------- Invoking toplevel() on ptolemy.moml.MoMLSimpleApplication@37389d06
----------------- Done invoking toplevel() on ptolemy.moml.MoMLSimpleApplication@37389d06
reloadAllAccessors: .Router2

===========================================================================================
----------------- testing Tue Mar 24 13:36:30 UTC 2020 /home/travis/build/icyphy/ptII/ptolemy/actor/lib/test/auto/RunningMaximum.xml
----------------- Instantiating /home/travis/build/icyphy/ptII/ptolemy/actor/lib/test/auto/RunningMaximum.xml
3 ms. Memory: 402432K Free: 279981K (70%)
----------------- Invoking toplevel() on ptolemy.moml.MoMLSimpleApplication@644e8c4f
----------------- Done invoking toplevel() on ptolemy.moml.MoMLSimpleApplication@644e8c4f
reloadAllAccessors: .RunningMaximum

===========================================================================================
----------------- testing Tue Mar 24 13:36:30 UTC 2020 /home/travis/build/icyphy/ptII/ptolemy/actor/lib/test/auto/RunningMinimum.xml
----------------- Instantiating /home/travis/build/icyphy/ptII/ptolemy/actor/lib/test/auto/RunningMinimum.xml
2 ms. Memory: 402432K Free: 275375K (68%)
----------------- Invoking toplevel() on ptolemy.moml.MoMLSimpleApplication@3206327c
----------------- Done invoking toplevel() on ptolemy.moml.MoMLSimpleApplication@3206327c
reloadAllAccessors: .RunningMinimum

===========================================================================================
----------------- testing Tue Mar 24 13:36:30 UTC 2020 /home/travis/build/icyphy/ptII/ptolemy/actor/lib/test/auto/Scale.xml
----------------- Instantiating /home/travis/build/icyphy/ptII/ptolemy/actor/lib/test/auto/Scale.xml
1 ms. Memory: 402432K Free: 270765K (67%)
----------------- Invoking toplevel() on ptolemy.moml.MoMLSimpleApplication@6b3f666b
----------------- Done invoking toplevel() on ptolemy.moml.MoMLSimpleApplication@6b3f666b
reloadAllAccessors: .Scale

===========================================================================================
----------------- testing Tue Mar 24 13:36:30 UTC 2020 /home/travis/build/icyphy/ptII/ptolemy/actor/lib/test/auto/Scale2.xml
----------------- Instantiating /home/travis/build/icyphy/ptII/ptolemy/actor/lib/test/auto/Scale2.xml
2 ms. Memory: 402432K Free: 266159K (66%)
----------------- Invoking toplevel() on ptolemy.moml.MoMLSimpleApplication@73c6cb60
----------------- Done invoking toplevel() on ptolemy.moml.MoMLSimpleApplication@73c6cb60
reloadAllAccessors: .Scale2

===========================================================================================
----------------- testing Tue Mar 24 13:36:30 UTC 2020 /home/travis/build/icyphy/ptII/ptolemy/actor/lib/test/auto/Scale3.xml
----------------- Instantiating /home/travis/build/icyphy/ptII/ptolemy/actor/lib/test/auto/Scale3.xml
3 ms. Memory: 402432K Free: 259501K (64%)
----------------- Invoking toplevel() on ptolemy.moml.MoMLSimpleApplication@5bb1905f
----------------- Done invoking toplevel() on ptolemy.moml.MoMLSimpleApplication@5bb1905f
reloadAllAccessors: .Scale3

===========================================================================================
----------------- testing Tue Mar 24 13:36:30 UTC 2020 /home/travis/build/icyphy/ptII/ptolemy/actor/lib/test/auto/ScaleArray.xml
----------------- Instantiating /home/travis/build/icyphy/ptII/ptolemy/actor/lib/test/auto/ScaleArray.xml
1 ms. Memory: 402432K Free: 254895K (63%)
----------------- Invoking toplevel() on ptolemy.moml.MoMLSimpleApplication@5d49990c
----------------- Done invoking toplevel() on ptolemy.moml.MoMLSimpleApplication@5d49990c
reloadAllAccessors: .ScaleArray

===========================================================================================
----------------- testing Tue Mar 24 13:36:30 UTC 2020 /home/travis/build/icyphy/ptII/ptolemy/actor/lib/test/auto/ScaleArray2.xml
----------------- Instantiating /home/travis/build/icyphy/ptII/ptolemy/actor/lib/test/auto/ScaleArray2.xml
1 ms. Memory: 402432K Free: 250285K (62%)
----------------- Invoking toplevel() on ptolemy.moml.MoMLSimpleApplication@130a155a
----------------- Done invoking toplevel() on ptolemy.moml.MoMLSimpleApplication@130a155a
reloadAllAccessors: .ScaleArray2

===========================================================================================
----------------- testing Tue Mar 24 13:36:30 UTC 2020 /home/travis/build/icyphy/ptII/ptolemy/actor/lib/test/auto/ScaleMatrix.xml
----------------- Instantiating /home/travis/build/icyphy/ptII/ptolemy/actor/lib/test/auto/ScaleMatrix.xml
138 ms. Memory: 402432K Free: 236463K (59%)
----------------- Invoking toplevel() on ptolemy.moml.MoMLSimpleApplication@69b6ea4d
----------------- Done invoking toplevel() on ptolemy.moml.MoMLSimpleApplication@69b6ea4d
reloadAllAccessors: .ScaleMatrix

===========================================================================================
----------------- testing Tue Mar 24 13:36:30 UTC 2020 /home/travis/build/icyphy/ptII/ptolemy/actor/lib/test/auto/Select.xml
----------------- Instantiating /home/travis/build/icyphy/ptII/ptolemy/actor/lib/test/auto/Select.xml
2 ms. Memory: 402432K Free: 229775K (57%)
----------------- Invoking toplevel() on ptolemy.moml.MoMLSimpleApplication@39ad5e6f
----------------- Done invoking toplevel() on ptolemy.moml.MoMLSimpleApplication@39ad5e6f
reloadAllAccessors: .Select

===========================================================================================
----------------- testing Tue Mar 24 13:36:30 UTC 2020 /home/travis/build/icyphy/ptII/ptolemy/actor/lib/test/auto/Select2.xml
----------------- Instantiating /home/travis/build/icyphy/ptII/ptolemy/actor/lib/test/auto/Select2.xml
1 ms. Memory: 402432K Free: 225199K (56%)
----------------- Invoking toplevel() on ptolemy.moml.MoMLSimpleApplication@4a481322
----------------- Done invoking toplevel() on ptolemy.moml.MoMLSimpleApplication@4a481322
reloadAllAccessors: .Select2

===========================================================================================
----------------- testing Tue Mar 24 13:36:30 UTC 2020 /home/travis/build/icyphy/ptII/ptolemy/actor/lib/test/auto/SequenceToArray2.xml
----------------- Instantiating /home/travis/build/icyphy/ptII/ptolemy/actor/lib/test/auto/SequenceToArray2.xml
101 ms. Memory: 402432K Free: 200623K (50%)
----------------- Invoking toplevel() on ptolemy.moml.MoMLSimpleApplication@29af0bb0
----------------- Done invoking toplevel() on ptolemy.moml.MoMLSimpleApplication@29af0bb0
reloadAllAccessors: .SequenceToArray2

===========================================================================================
----------------- testing Tue Mar 24 13:36:30 UTC 2020 /home/travis/build/icyphy/ptII/ptolemy/actor/lib/test/auto/SequentialClock.xml
----------------- Instantiating /home/travis/build/icyphy/ptII/ptolemy/actor/lib/test/auto/SequentialClock.xml
1 ms. Memory: 402432K Free: 196013K (49%)
----------------- Invoking toplevel() on ptolemy.moml.MoMLSimpleApplication@6c9d012e
----------------- Done invoking toplevel() on ptolemy.moml.MoMLSimpleApplication@6c9d012e
reloadAllAccessors: .SequentialClock

===========================================================================================
----------------- testing Tue Mar 24 13:36:30 UTC 2020 /home/travis/build/icyphy/ptII/ptolemy/actor/lib/test/auto/SetVariable.xml
----------------- Instantiating /home/travis/build/icyphy/ptII/ptolemy/actor/lib/test/auto/SetVariable.xml
4 ms. Memory: 402432K Free: 191407K (48%)
----------------- Invoking toplevel() on ptolemy.moml.MoMLSimpleApplication@35d9d40e
----------------- Done invoking toplevel() on ptolemy.moml.MoMLSimpleApplication@35d9d40e
reloadAllAccessors: .SetVariable

===========================================================================================
----------------- testing Tue Mar 24 13:36:30 UTC 2020 /home/travis/build/icyphy/ptII/ptolemy/actor/lib/test/auto/SetVariable2.xml
----------------- Instantiating /home/travis/build/icyphy/ptII/ptolemy/actor/lib/test/auto/SetVariable2.xml
2 ms. Memory: 402432K Free: 186287K (46%)
----------------- Invoking toplevel() on ptolemy.moml.MoMLSimpleApplication@269c39e3
----------------- Done invoking toplevel() on ptolemy.moml.MoMLSimpleApplication@269c39e3
reloadAllAccessors: .SetVariable2

===========================================================================================
----------------- testing Tue Mar 24 13:36:30 UTC 2020 /home/travis/build/icyphy/ptII/ptolemy/actor/lib/test/auto/SetVariable3.xml
----------------- Instantiating /home/travis/build/icyphy/ptII/ptolemy/actor/lib/test/auto/SetVariable3.xml
7 ms. Memory: 402432K Free: 181167K (45%)
----------------- Invoking toplevel() on ptolemy.moml.MoMLSimpleApplication@549841d
----------------- Done invoking toplevel() on ptolemy.moml.MoMLSimpleApplication@549841d
reloadAllAccessors: .SetVariable3

===========================================================================================
----------------- testing Tue Mar 24 13:36:30 UTC 2020 /home/travis/build/icyphy/ptII/ptolemy/actor/lib/test/auto/SetVariable4.xml
----------------- Instantiating /home/travis/build/icyphy/ptII/ptolemy/actor/lib/test/auto/SetVariable4.xml
17 ms. Memory: 402432K Free: 171437K (43%)
----------------- Invoking toplevel() on ptolemy.moml.MoMLSimpleApplication@6d839958
----------------- Done invoking toplevel() on ptolemy.moml.MoMLSimpleApplication@6d839958
reloadAllAccessors: .SetVariable4

===========================================================================================
----------------- testing Tue Mar 24 13:36:30 UTC 2020 /home/travis/build/icyphy/ptII/ptolemy/actor/lib/test/auto/SetVariable5.xml
----------------- Instantiating /home/travis/build/icyphy/ptII/ptolemy/actor/lib/test/auto/SetVariable5.xml
21 ms. Memory: 402432K Free: 162218K (40%)
----------------- Invoking toplevel() on ptolemy.moml.MoMLSimpleApplication@6ff71182
----------------- Done invoking toplevel() on ptolemy.moml.MoMLSimpleApplication@6ff71182
reloadAllAccessors: .SetVariable5

===========================================================================================
----------------- testing Tue Mar 24 13:36:30 UTC 2020 /home/travis/build/icyphy/ptII/ptolemy/actor/lib/test/auto/Sinewave.xml
----------------- Instantiating /home/travis/build/icyphy/ptII/ptolemy/actor/lib/test/auto/Sinewave.xml
3 ms. Memory: 402432K Free: 151981K (38%)
----------------- Invoking toplevel() on ptolemy.moml.MoMLSimpleApplication@3c7cc1ba
----------------- Done invoking toplevel() on ptolemy.moml.MoMLSimpleApplication@3c7cc1ba
reloadAllAccessors: .Sinewave

===========================================================================================
----------------- testing Tue Mar 24 13:36:30 UTC 2020 /home/travis/build/icyphy/ptII/ptolemy/actor/lib/test/auto/Sinewave2.xml
----------------- Instantiating /home/travis/build/icyphy/ptII/ptolemy/actor/lib/test/auto/Sinewave2.xml
4 ms. Memory: 402432K Free: 143279K (36%)
----------------- Invoking toplevel() on ptolemy.moml.MoMLSimpleApplication@7a7e4c43
----------------- Done invoking toplevel() on ptolemy.moml.MoMLSimpleApplication@7a7e4c43
reloadAllAccessors: .Sinewave2

===========================================================================================
----------------- testing Tue Mar 24 13:36:30 UTC 2020 /home/travis/build/icyphy/ptII/ptolemy/actor/lib/test/auto/Sinewave3.xml
----------------- Instantiating /home/travis/build/icyphy/ptII/ptolemy/actor/lib/test/auto/Sinewave3.xml
4 ms. Memory: 402432K Free: 135087K (34%)
----------------- Invoking toplevel() on ptolemy.moml.MoMLSimpleApplication@763d49e1
----------------- Done invoking toplevel() on ptolemy.moml.MoMLSimpleApplication@763d49e1
reloadAllAccessors: .Sinewave3

===========================================================================================
----------------- testing Tue Mar 24 13:36:30 UTC 2020 /home/travis/build/icyphy/ptII/ptolemy/actor/lib/test/auto/SingleEvent.xml
----------------- Instantiating /home/travis/build/icyphy/ptII/ptolemy/actor/lib/test/auto/SingleEvent.xml
1 ms. Memory: 402432K Free: 130991K (33%)
----------------- Invoking toplevel() on ptolemy.moml.MoMLSimpleApplication@5c6b5ea0
----------------- Done invoking toplevel() on ptolemy.moml.MoMLSimpleApplication@5c6b5ea0
reloadAllAccessors: .SingleEvent

===========================================================================================
----------------- testing Tue Mar 24 13:36:30 UTC 2020 /home/travis/build/icyphy/ptII/ptolemy/actor/lib/test/auto/Sleep.xml
----------------- Instantiating /home/travis/build/icyphy/ptII/ptolemy/actor/lib/test/auto/Sleep.xml
6003 ms. Memory: 402432K Free: 124847K (31%)
----------------- Invoking toplevel() on ptolemy.moml.MoMLSimpleApplication@bfbb38c
----------------- Done invoking toplevel() on ptolemy.moml.MoMLSimpleApplication@bfbb38c
reloadAllAccessors: .Sleep

===========================================================================================
----------------- testing Tue Mar 24 13:36:36 UTC 2020 /home/travis/build/icyphy/ptII/ptolemy/actor/lib/test/auto/SleepMultipleFire.xml
----------------- Instantiating /home/travis/build/icyphy/ptII/ptolemy/actor/lib/test/auto/SleepMultipleFire.xml
1012 ms. Memory: 402432K Free: 119213K (30%)
----------------- Invoking toplevel() on ptolemy.moml.MoMLSimpleApplication@1fe3d1e3
----------------- Done invoking toplevel() on ptolemy.moml.MoMLSimpleApplication@1fe3d1e3
reloadAllAccessors: .SleepMultipleFire

===========================================================================================
----------------- testing Tue Mar 24 13:36:37 UTC 2020 /home/travis/build/icyphy/ptII/ptolemy/actor/lib/test/auto/StopDE.xml
----------------- Instantiating /home/travis/build/icyphy/ptII/ptolemy/actor/lib/test/auto/StopDE.xml
3 ms. Memory: 402432K Free: 351546K (87%)
----------------- Invoking toplevel() on ptolemy.moml.MoMLSimpleApplication@37705045
----------------- Done invoking toplevel() on ptolemy.moml.MoMLSimpleApplication@37705045
reloadAllAccessors: .StopDE

===========================================================================================
----------------- testing Tue Mar 24 13:36:37 UTC 2020 /home/travis/build/icyphy/ptII/ptolemy/actor/lib/test/auto/StopSDF.xml
----------------- Instantiating /home/travis/build/icyphy/ptII/ptolemy/actor/lib/test/auto/StopSDF.xml
3 ms. Memory: 402432K Free: 345930K (86%)
----------------- Invoking toplevel() on ptolemy.moml.MoMLSimpleApplication@488e7d20
----------------- Done invoking toplevel() on ptolemy.moml.MoMLSimpleApplication@488e7d20
reloadAllAccessors: .StopSDF

===========================================================================================
----------------- testing Tue Mar 24 13:36:37 UTC 2020 /home/travis/build/icyphy/ptII/ptolemy/actor/lib/test/auto/StringConstant.xml
----------------- Instantiating /home/travis/build/icyphy/ptII/ptolemy/actor/lib/test/auto/StringConstant.xml
8 ms. Memory: 402432K Free: 341317K (85%)
----------------- Invoking toplevel() on ptolemy.moml.MoMLSimpleApplication@7dbdc9bb
----------------- Done invoking toplevel() on ptolemy.moml.MoMLSimpleApplication@7dbdc9bb
reloadAllAccessors: .StringConstant

===========================================================================================
----------------- testing Tue Mar 24 13:36:37 UTC 2020 /home/travis/build/icyphy/ptII/ptolemy/actor/lib/test/auto/SubscriberPortInitialValues1.xml
----------------- Instantiating /home/travis/build/icyphy/ptII/ptolemy/actor/lib/test/auto/SubscriberPortInitialValues1.xml
8 ms. Memory: 402432K Free: 332618K (83%)
----------------- Invoking toplevel() on ptolemy.moml.MoMLSimpleApplication@2ff827ff
----------------- Done invoking toplevel() on ptolemy.moml.MoMLSimpleApplication@2ff827ff
reloadAllAccessors: .SubscriberPortInitialValues1

===========================================================================================
----------------- testing Tue Mar 24 13:36:37 UTC 2020 /home/travis/build/icyphy/ptII/ptolemy/actor/lib/test/auto/SubscriberPortInitialValues13.xml
----------------- Instantiating /home/travis/build/icyphy/ptII/ptolemy/actor/lib/test/auto/SubscriberPortInitialValues13.xml
6 ms. Memory: 402432K Free: 319816K (79%)
----------------- Invoking toplevel() on ptolemy.moml.MoMLSimpleApplication@7f823eb
----------------- Done invoking toplevel() on ptolemy.moml.MoMLSimpleApplication@7f823eb
reloadAllAccessors: .SubscriberPortInitialValues13

===========================================================================================
----------------- testing Tue Mar 24 13:36:37 UTC 2020 /home/travis/build/icyphy/ptII/ptolemy/actor/lib/test/auto/SubscriberPortInitialValues14.xml
----------------- Instantiating /home/travis/build/icyphy/ptII/ptolemy/actor/lib/test/auto/SubscriberPortInitialValues14.xml
4 ms. Memory: 402432K Free: 311624K (77%)
----------------- Invoking toplevel() on ptolemy.moml.MoMLSimpleApplication@1961ac3f
----------------- Done invoking toplevel() on ptolemy.moml.MoMLSimpleApplication@1961ac3f
reloadAllAccessors: .SubscriberPortInitialValues14

===========================================================================================
----------------- testing Tue Mar 24 13:36:37 UTC 2020 /home/travis/build/icyphy/ptII/ptolemy/actor/lib/test/auto/SubscriberPortInitialValues2.xml
----------------- Instantiating /home/travis/build/icyphy/ptII/ptolemy/actor/lib/test/auto/SubscriberPortInitialValues2.xml
3 ms. Memory: 402432K Free: 303946K (76%)
----------------- Invoking toplevel() on ptolemy.moml.MoMLSimpleApplication@704463a4
----------------- Done invoking toplevel() on ptolemy.moml.MoMLSimpleApplication@704463a4
reloadAllAccessors: .SubscriberPortInitialValues2

===========================================================================================
----------------- testing Tue Mar 24 13:36:37 UTC 2020 /home/travis/build/icyphy/ptII/ptolemy/actor/lib/test/auto/SubscriberPortInitialValues3.xml
----------------- Instantiating /home/travis/build/icyphy/ptII/ptolemy/actor/lib/test/auto/SubscriberPortInitialValues3.xml
5 ms. Memory: 402432K Free: 293192K (73%)
----------------- Invoking toplevel() on ptolemy.moml.MoMLSimpleApplication@38695ddc
----------------- Done invoking toplevel() on ptolemy.moml.MoMLSimpleApplication@38695ddc
reloadAllAccessors: .SubscriberPortInitialValues3

===========================================================================================
----------------- testing Tue Mar 24 13:36:37 UTC 2020 /home/travis/build/icyphy/ptII/ptolemy/actor/lib/test/auto/SubscriptionAggregator.xml
----------------- Instantiating /home/travis/build/icyphy/ptII/ptolemy/actor/lib/test/auto/SubscriptionAggregator.xml
4 ms. Memory: 402432K Free: 286538K (71%)
----------------- Invoking toplevel() on ptolemy.moml.MoMLSimpleApplication@6fe89e16
----------------- Done invoking toplevel() on ptolemy.moml.MoMLSimpleApplication@6fe89e16
reloadAllAccessors: .SubscriptionAggregator

===========================================================================================
----------------- testing Tue Mar 24 13:36:37 UTC 2020 /home/travis/build/icyphy/ptII/ptolemy/actor/lib/test/auto/SubscriptionAggregator2.xml
----------------- Instantiating /home/travis/build/icyphy/ptII/ptolemy/actor/lib/test/auto/SubscriptionAggregator2.xml
4 ms. Memory: 402432K Free: 279370K (69%)
----------------- Invoking toplevel() on ptolemy.moml.MoMLSimpleApplication@2b85a799
----------------- Done invoking toplevel() on ptolemy.moml.MoMLSimpleApplication@2b85a799
reloadAllAccessors: .SubscriptionAggregator2

===========================================================================================
----------------- testing Tue Mar 24 13:36:37 UTC 2020 /home/travis/build/icyphy/ptII/ptolemy/actor/lib/test/auto/SubscriptionAggregator3.xml
----------------- Instantiating /home/travis/build/icyphy/ptII/ptolemy/actor/lib/test/auto/SubscriptionAggregator3.xml
4 ms. Memory: 402432K Free: 271178K (67%)
----------------- Invoking toplevel() on ptolemy.moml.MoMLSimpleApplication@343d6236
----------------- Done invoking toplevel() on ptolemy.moml.MoMLSimpleApplication@343d6236
reloadAllAccessors: .SubscriptionAggregator3

===========================================================================================
----------------- testing Tue Mar 24 13:36:37 UTC 2020 /home/travis/build/icyphy/ptII/ptolemy/actor/lib/test/auto/SubscriptionAggregatorMultiply.xml
----------------- Instantiating /home/travis/build/icyphy/ptII/ptolemy/actor/lib/test/auto/SubscriptionAggregatorMultiply.xml
3 ms. Memory: 402432K Free: 262986K (65%)
----------------- Invoking toplevel() on ptolemy.moml.MoMLSimpleApplication@7c67acdf
----------------- Done invoking toplevel() on ptolemy.moml.MoMLSimpleApplication@7c67acdf
reloadAllAccessors: .SubscriptionAggregatorMultiply

===========================================================================================
----------------- testing Tue Mar 24 13:36:37 UTC 2020 /home/travis/build/icyphy/ptII/ptolemy/actor/lib/test/auto/SubscriptionAggregatorPortMultiply1.xml
----------------- Instantiating /home/travis/build/icyphy/ptII/ptolemy/actor/lib/test/auto/SubscriptionAggregatorPortMultiply1.xml
4 ms. Memory: 402432K Free: 254794K (63%)
----------------- Invoking toplevel() on ptolemy.moml.MoMLSimpleApplication@46a924a0
----------------- Done invoking toplevel() on ptolemy.moml.MoMLSimpleApplication@46a924a0
reloadAllAccessors: .SubscriptionAggregatorPortMultiply1

===========================================================================================
----------------- testing Tue Mar 24 13:36:37 UTC 2020 /home/travis/build/icyphy/ptII/ptolemy/actor/lib/test/auto/Switch.xml
----------------- Instantiating /home/travis/build/icyphy/ptII/ptolemy/actor/lib/test/auto/Switch.xml
9 ms. Memory: 402432K Free: 246602K (61%)
----------------- Invoking toplevel() on ptolemy.moml.MoMLSimpleApplication@2db493d9
----------------- Done invoking toplevel() on ptolemy.moml.MoMLSimpleApplication@2db493d9
reloadAllAccessors: .Switch

===========================================================================================
----------------- testing Tue Mar 24 13:36:38 UTC 2020 /home/travis/build/icyphy/ptII/ptolemy/actor/lib/test/auto/Switch2.xml
----------------- Instantiating /home/travis/build/icyphy/ptII/ptolemy/actor/lib/test/auto/Switch2.xml
1 ms. Memory: 402432K Free: 241992K (60%)
----------------- Invoking toplevel() on ptolemy.moml.MoMLSimpleApplication@373c0447
----------------- Done invoking toplevel() on ptolemy.moml.MoMLSimpleApplication@373c0447
reloadAllAccessors: .Switch2

===========================================================================================
----------------- testing Tue Mar 24 13:36:38 UTC 2020 /home/travis/build/icyphy/ptII/ptolemy/actor/lib/test/auto/SwitchDE.xml
----------------- Instantiating /home/travis/build/icyphy/ptII/ptolemy/actor/lib/test/auto/SwitchDE.xml
4 ms. Memory: 402432K Free: 235818K (59%)
----------------- Invoking toplevel() on ptolemy.moml.MoMLSimpleApplication@326cdf54
----------------- Done invoking toplevel() on ptolemy.moml.MoMLSimpleApplication@326cdf54
reloadAllAccessors: .SwitchDE

===========================================================================================
----------------- testing Tue Mar 24 13:36:38 UTC 2020 /home/travis/build/icyphy/ptII/ptolemy/actor/lib/test/auto/SynchronizerDE.xml
----------------- Instantiating /home/travis/build/icyphy/ptII/ptolemy/actor/lib/test/auto/SynchronizerDE.xml
7 ms. Memory: 402432K Free: 227146K (56%)
----------------- Invoking toplevel() on ptolemy.moml.MoMLSimpleApplication@4b7fd535
----------------- Done invoking toplevel() on ptolemy.moml.MoMLSimpleApplication@4b7fd535
reloadAllAccessors: .SynchronizerDE

===========================================================================================
----------------- testing Tue Mar 24 13:36:38 UTC 2020 /home/travis/build/icyphy/ptII/ptolemy/actor/lib/test/auto/Test.xml
----------------- Instantiating /home/travis/build/icyphy/ptII/ptolemy/actor/lib/test/auto/Test.xml
2 ms. Memory: 402432K Free: 222026K (55%)
----------------- Invoking toplevel() on ptolemy.moml.MoMLSimpleApplication@73bdcb35
----------------- Done invoking toplevel() on ptolemy.moml.MoMLSimpleApplication@73bdcb35
reloadAllAccessors: .Test

===========================================================================================
----------------- testing Tue Mar 24 13:36:38 UTC 2020 /home/travis/build/icyphy/ptII/ptolemy/actor/lib/test/auto/TestExceptionAttribute1.xml
----------------- Instantiating /home/travis/build/icyphy/ptII/ptolemy/actor/lib/test/auto/TestExceptionAttribute1.xml
1 ms. Memory: 402432K Free: 218440K (54%)
----------------- Invoking toplevel() on ptolemy.moml.MoMLSimpleApplication@32de9793
----------------- Done invoking toplevel() on ptolemy.moml.MoMLSimpleApplication@32de9793
reloadAllAccessors: .TestExceptionAttribute1

===========================================================================================
----------------- testing Tue Mar 24 13:36:38 UTC 2020 /home/travis/build/icyphy/ptII/ptolemy/actor/lib/test/auto/TestExceptionAttribute2.xml
----------------- Instantiating /home/travis/build/icyphy/ptII/ptolemy/actor/lib/test/auto/TestExceptionAttribute2.xml
1 ms. Memory: 402432K Free: 214858K (53%)
----------------- Invoking toplevel() on ptolemy.moml.MoMLSimpleApplication@47e0dd61
----------------- Done invoking toplevel() on ptolemy.moml.MoMLSimpleApplication@47e0dd61
reloadAllAccessors: .TestExceptionAttribute2

===========================================================================================
----------------- testing Tue Mar 24 13:36:38 UTC 2020 /home/travis/build/icyphy/ptII/ptolemy/actor/lib/test/auto/TestExceptionAttribute3.xml
----------------- Instantiating /home/travis/build/icyphy/ptII/ptolemy/actor/lib/test/auto/TestExceptionAttribute3.xml
.TestExceptionAttribute3.TestExceptionAttribute: initialize() was not invoked, but wrapup() was.  This is unusual, but not always a problem.  For example, exporting JNLP will do this.
0 ms. Memory: 402432K Free: 210762K (52%)
----------------- Invoking toplevel() on ptolemy.moml.MoMLSimpleApplication@13cd9cdc
----------------- Done invoking toplevel() on ptolemy.moml.MoMLSimpleApplication@13cd9cdc
reloadAllAccessors: .TestExceptionAttribute3

===========================================================================================
----------------- testing Tue Mar 24 13:36:38 UTC 2020 /home/travis/build/icyphy/ptII/ptolemy/actor/lib/test/auto/TestExceptionAttribute4.xml
----------------- Instantiating /home/travis/build/icyphy/ptII/ptolemy/actor/lib/test/auto/TestExceptionAttribute4.xml
.TestExceptionAttribute4.TestExceptionAttribute: initialize() was not invoked, but wrapup() was.  This is unusual, but not always a problem.  For example, exporting JNLP will do this.
.TestExceptionAttribute4.TestExceptionAttribute2: initialize() was not invoked, but wrapup() was.  This is unusual, but not always a problem.  For example, exporting JNLP will do this.
1 ms. Memory: 402432K Free: 206666K (51%)
----------------- Invoking toplevel() on ptolemy.moml.MoMLSimpleApplication@1e478948
----------------- Done invoking toplevel() on ptolemy.moml.MoMLSimpleApplication@1e478948
reloadAllAccessors: .TestExceptionAttribute4

===========================================================================================
----------------- testing Tue Mar 24 13:36:38 UTC 2020 /home/travis/build/icyphy/ptII/ptolemy/actor/lib/test/auto/TestExceptionHandler1.xml
----------------- Instantiating /home/travis/build/icyphy/ptII/ptolemy/actor/lib/test/auto/TestExceptionHandler1.xml
0 ms. Memory: 402432K Free: 203080K (50%)
----------------- Invoking toplevel() on ptolemy.moml.MoMLSimpleApplication@550253b4
----------------- Done invoking toplevel() on ptolemy.moml.MoMLSimpleApplication@550253b4
reloadAllAccessors: .TestExceptionHandler1

===========================================================================================
----------------- testing Tue Mar 24 13:36:38 UTC 2020 /home/travis/build/icyphy/ptII/ptolemy/actor/lib/test/auto/TestExceptionHandler2.xml
----------------- Instantiating /home/travis/build/icyphy/ptII/ptolemy/actor/lib/test/auto/TestExceptionHandler2.xml
1 ms. Memory: 402432K Free: 198984K (49%)
----------------- Invoking toplevel() on ptolemy.moml.MoMLSimpleApplication@1f623a9e
----------------- Done invoking toplevel() on ptolemy.moml.MoMLSimpleApplication@1f623a9e
reloadAllAccessors: .TestExceptionHandler2

===========================================================================================
----------------- testing Tue Mar 24 13:36:38 UTC 2020 /home/travis/build/icyphy/ptII/ptolemy/actor/lib/test/auto/TestExceptionHandler3.xml
----------------- Instantiating /home/travis/build/icyphy/ptII/ptolemy/actor/lib/test/auto/TestExceptionHandler3.xml
0 ms. Memory: 402432K Free: 195402K (49%)
----------------- Invoking toplevel() on ptolemy.moml.MoMLSimpleApplication@72a48ed1
----------------- Done invoking toplevel() on ptolemy.moml.MoMLSimpleApplication@72a48ed1
reloadAllAccessors: .TestExceptionHandler3

===========================================================================================
----------------- testing Tue Mar 24 13:36:38 UTC 2020 /home/travis/build/icyphy/ptII/ptolemy/actor/lib/test/auto/TestExceptionHandler4.xml
----------------- Instantiating /home/travis/build/icyphy/ptII/ptolemy/actor/lib/test/auto/TestExceptionHandler4.xml
1 ms. Memory: 402432K Free: 191306K (48%)
----------------- Invoking toplevel() on ptolemy.moml.MoMLSimpleApplication@59d9946f
----------------- Done invoking toplevel() on ptolemy.moml.MoMLSimpleApplication@59d9946f
reloadAllAccessors: .TestExceptionHandler4

===========================================================================================
----------------- testing Tue Mar 24 13:36:38 UTC 2020 /home/travis/build/icyphy/ptII/ptolemy/actor/lib/test/auto/TestRequireCorrectOrder.xml
----------------- Instantiating /home/travis/build/icyphy/ptII/ptolemy/actor/lib/test/auto/TestRequireCorrectOrder.xml
5 ms. Memory: 402432K Free: 185642K (46%)
----------------- Invoking toplevel() on ptolemy.moml.MoMLSimpleApplication@36f838d6
----------------- Done invoking toplevel() on ptolemy.moml.MoMLSimpleApplication@36f838d6
reloadAllAccessors: .TestRequireCorrectOrder

===========================================================================================
----------------- testing Tue Mar 24 13:36:38 UTC 2020 /home/travis/build/icyphy/ptII/ptolemy/actor/lib/test/auto/TestSimple.xml
----------------- Instantiating /home/travis/build/icyphy/ptII/ptolemy/actor/lib/test/auto/TestSimple.xml
1 ms. Memory: 402432K Free: 181576K (45%)
----------------- Invoking toplevel() on ptolemy.moml.MoMLSimpleApplication@3f511c8f
----------------- Done invoking toplevel() on ptolemy.moml.MoMLSimpleApplication@3f511c8f
reloadAllAccessors: .TestSimple

===========================================================================================
----------------- testing Tue Mar 24 13:36:38 UTC 2020 /home/travis/build/icyphy/ptII/ptolemy/actor/lib/test/auto/ThrowModelError.xml
----------------- Instantiating /home/travis/build/icyphy/ptII/ptolemy/actor/lib/test/auto/ThrowModelError.xml
1 ms. Memory: 402432K Free: 176970K (44%)
----------------- Invoking toplevel() on ptolemy.moml.MoMLSimpleApplication@7609275c
----------------- Done invoking toplevel() on ptolemy.moml.MoMLSimpleApplication@7609275c
reloadAllAccessors: .ThrowModelError

===========================================================================================
----------------- testing Tue Mar 24 13:36:38 UTC 2020 /home/travis/build/icyphy/ptII/ptolemy/actor/lib/test/auto/TimeDelayMicrosteps.xml
----------------- Instantiating /home/travis/build/icyphy/ptII/ptolemy/actor/lib/test/auto/TimeDelayMicrosteps.xml
5 ms. Memory: 402432K Free: 169802K (42%)
----------------- Invoking toplevel() on ptolemy.moml.MoMLSimpleApplication@8ef154d
----------------- Done invoking toplevel() on ptolemy.moml.MoMLSimpleApplication@8ef154d
reloadAllAccessors: .TimeDelayMicrosteps

===========================================================================================
----------------- testing Tue Mar 24 13:36:38 UTC 2020 /home/travis/build/icyphy/ptII/ptolemy/actor/lib/test/auto/TimeDelayMicrosteps2.xml
----------------- Instantiating /home/travis/build/icyphy/ptII/ptolemy/actor/lib/test/auto/TimeDelayMicrosteps2.xml
2 ms. Memory: 402432K Free: 162634K (40%)
----------------- Invoking toplevel() on ptolemy.moml.MoMLSimpleApplication@607b2de7
----------------- Done invoking toplevel() on ptolemy.moml.MoMLSimpleApplication@607b2de7
reloadAllAccessors: .TimeDelayMicrosteps2

===========================================================================================
----------------- testing Tue Mar 24 13:36:38 UTC 2020 /home/travis/build/icyphy/ptII/ptolemy/actor/lib/test/auto/TimeDelayMicrosteps3.xml
----------------- Instantiating /home/travis/build/icyphy/ptII/ptolemy/actor/lib/test/auto/TimeDelayMicrosteps3.xml
2 ms. Memory: 402432K Free: 155962K (39%)
----------------- Invoking toplevel() on ptolemy.moml.MoMLSimpleApplication@49767a16
----------------- Done invoking toplevel() on ptolemy.moml.MoMLSimpleApplication@49767a16
reloadAllAccessors: .TimeDelayMicrosteps3

===========================================================================================
----------------- testing Tue Mar 24 13:36:38 UTC 2020 /home/travis/build/icyphy/ptII/ptolemy/actor/lib/test/auto/TimeDelayVariableMicrosteps.xml
----------------- Instantiating /home/travis/build/icyphy/ptII/ptolemy/actor/lib/test/auto/TimeDelayVariableMicrosteps.xml
2 ms. Memory: 402432K Free: 147784K (37%)
----------------- Invoking toplevel() on ptolemy.moml.MoMLSimpleApplication@15abc481
----------------- Done invoking toplevel() on ptolemy.moml.MoMLSimpleApplication@15abc481
reloadAllAccessors: .TimeDelayVariableMicrosteps

===========================================================================================
----------------- testing Tue Mar 24 13:36:38 UTC 2020 /home/travis/build/icyphy/ptII/ptolemy/actor/lib/test/auto/TimeGap.xml
----------------- Instantiating /home/travis/build/icyphy/ptII/ptolemy/actor/lib/test/auto/TimeGap.xml
4 ms. Memory: 402432K Free: 142650K (35%)
----------------- Invoking toplevel() on ptolemy.moml.MoMLSimpleApplication@15ca86de
----------------- Done invoking toplevel() on ptolemy.moml.MoMLSimpleApplication@15ca86de
reloadAllAccessors: .TimeGap

===========================================================================================
----------------- testing Tue Mar 24 13:36:38 UTC 2020 /home/travis/build/icyphy/ptII/ptolemy/actor/lib/test/auto/TimeGap2.xml
----------------- Instantiating /home/travis/build/icyphy/ptII/ptolemy/actor/lib/test/auto/TimeGap2.xml
2 ms. Memory: 402432K Free: 137034K (34%)
----------------- Invoking toplevel() on ptolemy.moml.MoMLSimpleApplication@655a502d
----------------- Done invoking toplevel() on ptolemy.moml.MoMLSimpleApplication@655a502d
reloadAllAccessors: .TimeGap2

===========================================================================================
----------------- testing Tue Mar 24 13:36:38 UTC 2020 /home/travis/build/icyphy/ptII/ptolemy/actor/lib/test/auto/TimedSinewave.xml
----------------- Instantiating /home/travis/build/icyphy/ptII/ptolemy/actor/lib/test/auto/TimedSinewave.xml
24 ms. Memory: 402432K Free: 122698K (30%)
----------------- Invoking toplevel() on ptolemy.moml.MoMLSimpleApplication@2ff4d7e3
----------------- Done invoking toplevel() on ptolemy.moml.MoMLSimpleApplication@2ff4d7e3
reloadAllAccessors: .TimedSinewave

===========================================================================================
----------------- testing Tue Mar 24 13:36:38 UTC 2020 /home/travis/build/icyphy/ptII/ptolemy/actor/lib/test/auto/TimedSinewavePhase.xml
----------------- Instantiating /home/travis/build/icyphy/ptII/ptolemy/actor/lib/test/auto/TimedSinewavePhase.xml
15 ms. Memory: 402432K Free: 350459K (87%)
----------------- Invoking toplevel() on ptolemy.moml.MoMLSimpleApplication@5f30a3f4
----------------- Done invoking toplevel() on ptolemy.moml.MoMLSimpleApplication@5f30a3f4
reloadAllAccessors: .TimedSinewavePhase

===========================================================================================
----------------- testing Tue Mar 24 13:36:38 UTC 2020 /home/travis/build/icyphy/ptII/ptolemy/actor/lib/test/auto/Timer.xml
----------------- Instantiating /home/travis/build/icyphy/ptII/ptolemy/actor/lib/test/auto/Timer.xml
1 ms. Memory: 402432K Free: 344309K (86%)
----------------- Invoking toplevel() on ptolemy.moml.MoMLSimpleApplication@75179acc
----------------- Done invoking toplevel() on ptolemy.moml.MoMLSimpleApplication@75179acc
reloadAllAccessors: .Timer

===========================================================================================
----------------- testing Tue Mar 24 13:36:38 UTC 2020 /home/travis/build/icyphy/ptII/ptolemy/actor/lib/test/auto/TriangularDistTestModel.xml
----------------- Instantiating /home/travis/build/icyphy/ptII/ptolemy/actor/lib/test/auto/TriangularDistTestModel.xml
2 ms. Memory: 402432K Free: 338141K (84%)
----------------- Invoking toplevel() on ptolemy.moml.MoMLSimpleApplication@60cf51ed
----------------- Done invoking toplevel() on ptolemy.moml.MoMLSimpleApplication@60cf51ed
reloadAllAccessors: .TriangularDistTestModel

===========================================================================================
----------------- testing Tue Mar 24 13:36:38 UTC 2020 /home/travis/build/icyphy/ptII/ptolemy/actor/lib/test/auto/TrigFunction.xml
----------------- Instantiating /home/travis/build/icyphy/ptII/ptolemy/actor/lib/test/auto/TrigFunction.xml
2 ms. Memory: 402432K Free: 333565K (83%)
----------------- Invoking toplevel() on ptolemy.moml.MoMLSimpleApplication@2c8f40ee
----------------- Done invoking toplevel() on ptolemy.moml.MoMLSimpleApplication@2c8f40ee
reloadAllAccessors: .TrigFunction

===========================================================================================
----------------- testing Tue Mar 24 13:36:38 UTC 2020 /home/travis/build/icyphy/ptII/ptolemy/actor/lib/test/auto/TrigFunctionDE.xml
----------------- Instantiating /home/travis/build/icyphy/ptII/ptolemy/actor/lib/test/auto/TrigFunctionDE.xml
2 ms. Memory: 402432K Free: 327421K (81%)
----------------- Invoking toplevel() on ptolemy.moml.MoMLSimpleApplication@757aae54
----------------- Done invoking toplevel() on ptolemy.moml.MoMLSimpleApplication@757aae54
reloadAllAccessors: .TrigFunctionDE

===========================================================================================
----------------- testing Tue Mar 24 13:36:38 UTC 2020 /home/travis/build/icyphy/ptII/ptolemy/actor/lib/test/auto/TrigFunctionInverse.xml
----------------- Instantiating /home/travis/build/icyphy/ptII/ptolemy/actor/lib/test/auto/TrigFunctionInverse.xml
2 ms. Memory: 402432K Free: 322301K (80%)
----------------- Invoking toplevel() on ptolemy.moml.MoMLSimpleApplication@18e05251
----------------- Done invoking toplevel() on ptolemy.moml.MoMLSimpleApplication@18e05251
reloadAllAccessors: .TrigFunctionInverse

===========================================================================================
----------------- testing Tue Mar 24 13:36:38 UTC 2020 /home/travis/build/icyphy/ptII/ptolemy/actor/lib/test/auto/TrigFunctionTan.xml
----------------- Instantiating /home/travis/build/icyphy/ptII/ptolemy/actor/lib/test/auto/TrigFunctionTan.xml
6 ms. Memory: 402432K Free: 317691K (79%)
----------------- Invoking toplevel() on ptolemy.moml.MoMLSimpleApplication@5744cbea
----------------- Done invoking toplevel() on ptolemy.moml.MoMLSimpleApplication@5744cbea
reloadAllAccessors: .TrigFunctionTan

===========================================================================================
----------------- testing Tue Mar 24 13:36:38 UTC 2020 /home/travis/build/icyphy/ptII/ptolemy/actor/lib/test/auto/TriggeredClock.xml
----------------- Instantiating /home/travis/build/icyphy/ptII/ptolemy/actor/lib/test/auto/TriggeredClock.xml
2 ms. Memory: 402432K Free: 312061K (78%)
----------------- Invoking toplevel() on ptolemy.moml.MoMLSimpleApplication@5e77877a
----------------- Done invoking toplevel() on ptolemy.moml.MoMLSimpleApplication@5e77877a
reloadAllAccessors: .TriggeredClock

===========================================================================================
----------------- testing Tue Mar 24 13:36:38 UTC 2020 /home/travis/build/icyphy/ptII/ptolemy/actor/lib/test/auto/URLDirectoryReader.xml
----------------- Instantiating /home/travis/build/icyphy/ptII/ptolemy/actor/lib/test/auto/URLDirectoryReader.xml
35 ms. Memory: 402432K Free: 302845K (75%)
----------------- Invoking toplevel() on ptolemy.moml.MoMLSimpleApplication@5401c4da
----------------- Done invoking toplevel() on ptolemy.moml.MoMLSimpleApplication@5401c4da
reloadAllAccessors: .URLDirectoryReader

===========================================================================================
----------------- testing Tue Mar 24 13:36:38 UTC 2020 /home/travis/build/icyphy/ptII/ptolemy/actor/lib/test/auto/URLDirectoryReader3.xml
----------------- Instantiating /home/travis/build/icyphy/ptII/ptolemy/actor/lib/test/auto/URLDirectoryReader3.xml
1045 ms. Memory: 402432K Free: 343135K (85%)
----------------- Invoking toplevel() on ptolemy.moml.MoMLSimpleApplication@2084072d
----------------- Done invoking toplevel() on ptolemy.moml.MoMLSimpleApplication@2084072d
reloadAllAccessors: .URLDirectoryReader3

===========================================================================================
----------------- testing Tue Mar 24 13:36:39 UTC 2020 /home/travis/build/icyphy/ptII/ptolemy/actor/lib/test/auto/UnaryMathFunction.xml
----------------- Instantiating /home/travis/build/icyphy/ptII/ptolemy/actor/lib/test/auto/UnaryMathFunction.xml
7 ms. Memory: 402432K Free: 334943K (83%)
----------------- Invoking toplevel() on ptolemy.moml.MoMLSimpleApplication@73448998
----------------- Done invoking toplevel() on ptolemy.moml.MoMLSimpleApplication@73448998
reloadAllAccessors: .UnaryMathFunction

===========================================================================================
----------------- testing Tue Mar 24 13:36:39 UTC 2020 /home/travis/build/icyphy/ptII/ptolemy/actor/lib/test/auto/Uniform.xml
----------------- Instantiating /home/travis/build/icyphy/ptII/ptolemy/actor/lib/test/auto/Uniform.xml
1 ms. Memory: 402432K Free: 330333K (82%)
----------------- Invoking toplevel() on ptolemy.moml.MoMLSimpleApplication@46a93008
----------------- Done invoking toplevel() on ptolemy.moml.MoMLSimpleApplication@46a93008
reloadAllAccessors: .Uniform

===========================================================================================
----------------- testing Tue Mar 24 13:36:39 UTC 2020 /home/travis/build/icyphy/ptII/ptolemy/actor/lib/test/auto/UnionDisassemblerTest.xml
----------------- Instantiating /home/travis/build/icyphy/ptII/ptolemy/actor/lib/test/auto/UnionDisassemblerTest.xml
15 ms. Memory: 402432K Free: 326223K (81%)
----------------- Invoking toplevel() on ptolemy.moml.MoMLSimpleApplication@b9f9c2c
----------------- Done invoking toplevel() on ptolemy.moml.MoMLSimpleApplication@b9f9c2c
reloadAllAccessors: .UnionDisassemblerTest

===========================================================================================
----------------- testing Tue Mar 24 13:36:39 UTC 2020 /home/travis/build/icyphy/ptII/ptolemy/actor/lib/test/auto/UtilityFunctions.xml
----------------- Instantiating /home/travis/build/icyphy/ptII/ptolemy/actor/lib/test/auto/UtilityFunctions.xml
1 ms. Memory: 402432K Free: 322141K (80%)
----------------- Invoking toplevel() on ptolemy.moml.MoMLSimpleApplication@248f4085
----------------- Done invoking toplevel() on ptolemy.moml.MoMLSimpleApplication@248f4085
reloadAllAccessors: .UtilityFunctions

===========================================================================================
----------------- testing Tue Mar 24 13:36:39 UTC 2020 /home/travis/build/icyphy/ptII/ptolemy/actor/lib/test/auto/VariableSleep.xml
----------------- Instantiating /home/travis/build/icyphy/ptII/ptolemy/actor/lib/test/auto/VariableSleep.xml
503 ms. Memory: 402432K Free: 317021K (79%)
----------------- Invoking toplevel() on ptolemy.moml.MoMLSimpleApplication@7600a094
----------------- Done invoking toplevel() on ptolemy.moml.MoMLSimpleApplication@7600a094
reloadAllAccessors: .VariableSleep

===========================================================================================
----------------- testing Tue Mar 24 13:36:40 UTC 2020 /home/travis/build/icyphy/ptII/ptolemy/actor/lib/test/auto/VectorAssemblerDisassemblerCT.xml
----------------- Instantiating /home/travis/build/icyphy/ptII/ptolemy/actor/lib/test/auto/VectorAssemblerDisassemblerCT.xml
68 ms. Memory: 402432K Free: 296541K (74%)
----------------- Invoking toplevel() on ptolemy.moml.MoMLSimpleApplication@77ba7331
----------------- Done invoking toplevel() on ptolemy.moml.MoMLSimpleApplication@77ba7331
reloadAllAccessors: .VectorAssemblerDisassemblerCT

===========================================================================================
----------------- testing Tue Mar 24 13:36:40 UTC 2020 /home/travis/build/icyphy/ptII/ptolemy/actor/lib/test/auto/VectorAssemblerDisassemblerDE.xml
----------------- Instantiating /home/travis/build/icyphy/ptII/ptolemy/actor/lib/test/auto/VectorAssemblerDisassemblerDE.xml
9 ms. Memory: 402432K Free: 289373K (72%)
----------------- Invoking toplevel() on ptolemy.moml.MoMLSimpleApplication@52d3e05a
----------------- Done invoking toplevel() on ptolemy.moml.MoMLSimpleApplication@52d3e05a
reloadAllAccessors: .VectorAssemblerDisassemblerDE

===========================================================================================
----------------- testing Tue Mar 24 13:36:40 UTC 2020 /home/travis/build/icyphy/ptII/ptolemy/actor/lib/test/auto/VectorAssemblerDisassemblerSDF.xml
----------------- Instantiating /home/travis/build/icyphy/ptII/ptolemy/actor/lib/test/auto/VectorAssemblerDisassemblerSDF.xml
2 ms. Memory: 402432K Free: 283229K (70%)
----------------- Invoking toplevel() on ptolemy.moml.MoMLSimpleApplication@54a5261e
----------------- Done invoking toplevel() on ptolemy.moml.MoMLSimpleApplication@54a5261e
reloadAllAccessors: .VectorAssemblerDisassemblerSDF

===========================================================================================
----------------- testing Tue Mar 24 13:36:40 UTC 2020 /home/travis/build/icyphy/ptII/ptolemy/actor/lib/test/auto/WallClockTime.xml
----------------- Instantiating /home/travis/build/icyphy/ptII/ptolemy/actor/lib/test/auto/WallClockTime.xml
1004 ms. Memory: 402432K Free: 277599K (69%)
----------------- Invoking toplevel() on ptolemy.moml.MoMLSimpleApplication@3162a4e0
----------------- Done invoking toplevel() on ptolemy.moml.MoMLSimpleApplication@3162a4e0
reloadAllAccessors: .WallClockTime

===========================================================================================
----------------- testing Tue Mar 24 13:36:41 UTC 2020 /home/travis/build/icyphy/ptII/ptolemy/actor/lib/test/auto/WidthTestWithSubscriberPublisher.xml
----------------- Instantiating /home/travis/build/icyphy/ptII/ptolemy/actor/lib/test/auto/WidthTestWithSubscriberPublisher.xml
7 ms. Memory: 402432K Free: 259677K (65%)
----------------- Invoking toplevel() on ptolemy.moml.MoMLSimpleApplication@c59719
----------------- Done invoking toplevel() on ptolemy.moml.MoMLSimpleApplication@c59719
reloadAllAccessors: .WidthTestWithSubscriberPublisher

===========================================================================================
----------------- testing Tue Mar 24 13:36:41 UTC 2020 /home/travis/build/icyphy/ptII/ptolemy/actor/lib/test/auto/WidthTestWithSubscriberPublisher2.xml
----------------- Instantiating /home/travis/build/icyphy/ptII/ptolemy/actor/lib/test/auto/WidthTestWithSubscriberPublisher2.xml
5 ms. Memory: 402432K Free: 253023K (63%)
----------------- Invoking toplevel() on ptolemy.moml.MoMLSimpleApplication@9cb225a
----------------- Done invoking toplevel() on ptolemy.moml.MoMLSimpleApplication@9cb225a
reloadAllAccessors: .WidthTestWithSubscriberPublisher2

===========================================================================================
----------------- testing Tue Mar 24 13:36:41 UTC 2020 /home/travis/build/icyphy/ptII/ptolemy/actor/lib/test/auto/WidthTestWithSubscriberPublisher3.xml
----------------- Instantiating /home/travis/build/icyphy/ptII/ptolemy/actor/lib/test/auto/WidthTestWithSubscriberPublisher3.xml
3 ms. Memory: 402432K Free: 246879K (61%)
----------------- Invoking toplevel() on ptolemy.moml.MoMLSimpleApplication@336b456b
----------------- Done invoking toplevel() on ptolemy.moml.MoMLSimpleApplication@336b456b
reloadAllAccessors: .WidthTestWithSubscriberPublisher3

===========================================================================================
----------------- testing Tue Mar 24 13:36:41 UTC 2020 /home/travis/build/icyphy/ptII/ptolemy/actor/lib/test/auto/Writer.xml
----------------- Instantiating /home/travis/build/icyphy/ptII/ptolemy/actor/lib/test/auto/Writer.xml
0
1
2
3
4
2 ms. Memory: 402432K Free: 242783K (60%)
----------------- Invoking toplevel() on ptolemy.moml.MoMLSimpleApplication@21c26561
----------------- Done invoking toplevel() on ptolemy.moml.MoMLSimpleApplication@21c26561
reloadAllAccessors: .Writer

===========================================================================================
----------------- testing Tue Mar 24 13:36:41 UTC 2020 /home/travis/build/icyphy/ptII/ptolemy/actor/lib/test/auto/array.xml
----------------- Instantiating /home/travis/build/icyphy/ptII/ptolemy/actor/lib/test/auto/array.xml
2 ms. Memory: 402432K Free: 238173K (59%)
----------------- Invoking toplevel() on ptolemy.moml.MoMLSimpleApplication@7ecbb54b
----------------- Done invoking toplevel() on ptolemy.moml.MoMLSimpleApplication@7ecbb54b
reloadAllAccessors: .array

===========================================================================================
----------------- testing Tue Mar 24 13:36:41 UTC 2020 /home/travis/build/icyphy/ptII/ptolemy/actor/lib/test/auto/array2.xml
----------------- Instantiating /home/travis/build/icyphy/ptII/ptolemy/actor/lib/test/auto/array2.xml
7 ms. Memory: 402432K Free: 233039K (58%)
----------------- Invoking toplevel() on ptolemy.moml.MoMLSimpleApplication@1840a790
----------------- Done invoking toplevel() on ptolemy.moml.MoMLSimpleApplication@1840a790
reloadAllAccessors: .array2

===========================================================================================
----------------- testing Tue Mar 24 13:36:41 UTC 2020 /home/travis/build/icyphy/ptII/ptolemy/actor/lib/test/auto/arrayType.xml
----------------- Instantiating /home/travis/build/icyphy/ptII/ptolemy/actor/lib/test/auto/arrayType.xml
2 ms. Memory: 402432K Free: 227423K (57%)
----------------- Invoking toplevel() on ptolemy.moml.MoMLSimpleApplication@6e05ad31
----------------- Done invoking toplevel() on ptolemy.moml.MoMLSimpleApplication@6e05ad31
reloadAllAccessors: .arrayType

===========================================================================================
----------------- testing Tue Mar 24 13:36:41 UTC 2020 /home/travis/build/icyphy/ptII/ptolemy/actor/lib/test/auto/arrayType10.xml
----------------- Instantiating /home/travis/build/icyphy/ptII/ptolemy/actor/lib/test/auto/arrayType10.xml
1 ms. Memory: 402432K Free: 222813K (55%)
----------------- Invoking toplevel() on ptolemy.moml.MoMLSimpleApplication@1205afe0
----------------- Done invoking toplevel() on ptolemy.moml.MoMLSimpleApplication@1205afe0
reloadAllAccessors: .arrayType10

===========================================================================================
----------------- testing Tue Mar 24 13:36:41 UTC 2020 /home/travis/build/icyphy/ptII/ptolemy/actor/lib/test/auto/arrayType11.xml
----------------- Instantiating /home/travis/build/icyphy/ptII/ptolemy/actor/lib/test/auto/arrayType11.xml
1 ms. Memory: 402432K Free: 217693K (54%)
----------------- Invoking toplevel() on ptolemy.moml.MoMLSimpleApplication@68ba9da5
----------------- Done invoking toplevel() on ptolemy.moml.MoMLSimpleApplication@68ba9da5
reloadAllAccessors: .arrayType11

===========================================================================================
----------------- testing Tue Mar 24 13:36:41 UTC 2020 /home/travis/build/icyphy/ptII/ptolemy/actor/lib/test/auto/arrayType12.xml
----------------- Instantiating /home/travis/build/icyphy/ptII/ptolemy/actor/lib/test/auto/arrayType12.xml
1 ms. Memory: 402432K Free: 213087K (53%)
----------------- Invoking toplevel() on ptolemy.moml.MoMLSimpleApplication@342ae2ee
----------------- Done invoking toplevel() on ptolemy.moml.MoMLSimpleApplication@342ae2ee
reloadAllAccessors: .arrayType12

===========================================================================================
----------------- testing Tue Mar 24 13:36:41 UTC 2020 /home/travis/build/icyphy/ptII/ptolemy/actor/lib/test/auto/arrayType13.xml
----------------- Instantiating /home/travis/build/icyphy/ptII/ptolemy/actor/lib/test/auto/arrayType13.xml
2 ms. Memory: 402432K Free: 207967K (52%)
----------------- Invoking toplevel() on ptolemy.moml.MoMLSimpleApplication@3a8da35b
----------------- Done invoking toplevel() on ptolemy.moml.MoMLSimpleApplication@3a8da35b
reloadAllAccessors: .arrayType13

===========================================================================================
----------------- testing Tue Mar 24 13:36:41 UTC 2020 /home/travis/build/icyphy/ptII/ptolemy/actor/lib/test/auto/arrayType14.xml
----------------- Instantiating /home/travis/build/icyphy/ptII/ptolemy/actor/lib/test/auto/arrayType14.xml
2 ms. Memory: 402432K Free: 202333K (50%)
----------------- Invoking toplevel() on ptolemy.moml.MoMLSimpleApplication@3c556eba
----------------- Done invoking toplevel() on ptolemy.moml.MoMLSimpleApplication@3c556eba
reloadAllAccessors: .arrayType14

===========================================================================================
----------------- testing Tue Mar 24 13:36:41 UTC 2020 /home/travis/build/icyphy/ptII/ptolemy/actor/lib/test/auto/arrayType15.xml
----------------- Instantiating /home/travis/build/icyphy/ptII/ptolemy/actor/lib/test/auto/arrayType15.xml
3 ms. Memory: 402432K Free: 197199K (49%)
----------------- Invoking toplevel() on ptolemy.moml.MoMLSimpleApplication@4febd458
----------------- Done invoking toplevel() on ptolemy.moml.MoMLSimpleApplication@4febd458
reloadAllAccessors: .arrayType15

===========================================================================================
----------------- testing Tue Mar 24 13:36:41 UTC 2020 /home/travis/build/icyphy/ptII/ptolemy/actor/lib/test/auto/arrayType16.xml
----------------- Instantiating /home/travis/build/icyphy/ptII/ptolemy/actor/lib/test/auto/arrayType16.xml
2 ms. Memory: 402432K Free: 192093K (48%)
----------------- Invoking toplevel() on ptolemy.moml.MoMLSimpleApplication@21a82fce
----------------- Done invoking toplevel() on ptolemy.moml.MoMLSimpleApplication@21a82fce
reloadAllAccessors: .arrayType16

===========================================================================================
----------------- testing Tue Mar 24 13:36:41 UTC 2020 /home/travis/build/icyphy/ptII/ptolemy/actor/lib/test/auto/arrayType17.xml
----------------- Instantiating /home/travis/build/icyphy/ptII/ptolemy/actor/lib/test/auto/arrayType17.xml
1 ms. Memory: 402432K Free: 186463K (46%)
----------------- Invoking toplevel() on ptolemy.moml.MoMLSimpleApplication@6d145af0
----------------- Done invoking toplevel() on ptolemy.moml.MoMLSimpleApplication@6d145af0
reloadAllAccessors: .arrayType17

===========================================================================================
----------------- testing Tue Mar 24 13:36:41 UTC 2020 /home/travis/build/icyphy/ptII/ptolemy/actor/lib/test/auto/arrayType18.xml
----------------- Instantiating /home/travis/build/icyphy/ptII/ptolemy/actor/lib/test/auto/arrayType18.xml
1 ms. Memory: 402432K Free: 181853K (45%)
----------------- Invoking toplevel() on ptolemy.moml.MoMLSimpleApplication@7827a692
----------------- Done invoking toplevel() on ptolemy.moml.MoMLSimpleApplication@7827a692
reloadAllAccessors: .arrayType18

===========================================================================================
----------------- testing Tue Mar 24 13:36:41 UTC 2020 /home/travis/build/icyphy/ptII/ptolemy/actor/lib/test/auto/arrayType19.xml
----------------- Instantiating /home/travis/build/icyphy/ptII/ptolemy/actor/lib/test/auto/arrayType19.xml
1 ms. Memory: 402432K Free: 177247K (44%)
----------------- Invoking toplevel() on ptolemy.moml.MoMLSimpleApplication@269e2a86
----------------- Done invoking toplevel() on ptolemy.moml.MoMLSimpleApplication@269e2a86
reloadAllAccessors: .arrayType19

===========================================================================================
----------------- testing Tue Mar 24 13:36:41 UTC 2020 /home/travis/build/icyphy/ptII/ptolemy/actor/lib/test/auto/arrayType2.xml
----------------- Instantiating /home/travis/build/icyphy/ptII/ptolemy/actor/lib/test/auto/arrayType2.xml
1 ms. Memory: 402432K Free: 171599K (43%)
----------------- Invoking toplevel() on ptolemy.moml.MoMLSimpleApplication@55cfae3e
----------------- Done invoking toplevel() on ptolemy.moml.MoMLSimpleApplication@55cfae3e
reloadAllAccessors: .arrayType2

===========================================================================================
----------------- testing Tue Mar 24 13:36:41 UTC 2020 /home/travis/build/icyphy/ptII/ptolemy/actor/lib/test/auto/arrayType20.xml
----------------- Instantiating /home/travis/build/icyphy/ptII/ptolemy/actor/lib/test/auto/arrayType20.xml
2 ms. Memory: 402432K Free: 167007K (41%)
----------------- Invoking toplevel() on ptolemy.moml.MoMLSimpleApplication@200dff9a
----------------- Done invoking toplevel() on ptolemy.moml.MoMLSimpleApplication@200dff9a
reloadAllAccessors: .arrayType20

===========================================================================================
----------------- testing Tue Mar 24 13:36:41 UTC 2020 /home/travis/build/icyphy/ptII/ptolemy/actor/lib/test/auto/arrayType21.xml
----------------- Instantiating /home/travis/build/icyphy/ptII/ptolemy/actor/lib/test/auto/arrayType21.xml
1 ms. Memory: 402432K Free: 162397K (40%)
----------------- Invoking toplevel() on ptolemy.moml.MoMLSimpleApplication@516b83e3
----------------- Done invoking toplevel() on ptolemy.moml.MoMLSimpleApplication@516b83e3
reloadAllAccessors: .arrayType21

===========================================================================================
----------------- testing Tue Mar 24 13:36:41 UTC 2020 /home/travis/build/icyphy/ptII/ptolemy/actor/lib/test/auto/arrayType22.xml
----------------- Instantiating /home/travis/build/icyphy/ptII/ptolemy/actor/lib/test/auto/arrayType22.xml
1 ms. Memory: 402432K Free: 157277K (39%)
----------------- Invoking toplevel() on ptolemy.moml.MoMLSimpleApplication@6b7f7ba1
----------------- Done invoking toplevel() on ptolemy.moml.MoMLSimpleApplication@6b7f7ba1
reloadAllAccessors: .arrayType22

===========================================================================================
----------------- testing Tue Mar 24 13:36:41 UTC 2020 /home/travis/build/icyphy/ptII/ptolemy/actor/lib/test/auto/arrayType23.xml
----------------- Instantiating /home/travis/build/icyphy/ptII/ptolemy/actor/lib/test/auto/arrayType23.xml
2 ms. Memory: 402432K Free: 152671K (38%)
----------------- Invoking toplevel() on ptolemy.moml.MoMLSimpleApplication@61294f50
----------------- Done invoking toplevel() on ptolemy.moml.MoMLSimpleApplication@61294f50
reloadAllAccessors: .arrayType23

===========================================================================================
----------------- testing Tue Mar 24 13:36:41 UTC 2020 /home/travis/build/icyphy/ptII/ptolemy/actor/lib/test/auto/arrayType24.xml
----------------- Instantiating /home/travis/build/icyphy/ptII/ptolemy/actor/lib/test/auto/arrayType24.xml
1 ms. Memory: 402432K Free: 147551K (37%)
----------------- Invoking toplevel() on ptolemy.moml.MoMLSimpleApplication@4d0f1a92
----------------- Done invoking toplevel() on ptolemy.moml.MoMLSimpleApplication@4d0f1a92
reloadAllAccessors: .arrayType24

===========================================================================================
----------------- testing Tue Mar 24 13:36:41 UTC 2020 /home/travis/build/icyphy/ptII/ptolemy/actor/lib/test/auto/arrayType25.xml
----------------- Instantiating /home/travis/build/icyphy/ptII/ptolemy/actor/lib/test/auto/arrayType25.xml
1 ms. Memory: 402432K Free: 142431K (35%)
----------------- Invoking toplevel() on ptolemy.moml.MoMLSimpleApplication@64f011a3
----------------- Done invoking toplevel() on ptolemy.moml.MoMLSimpleApplication@64f011a3
reloadAllAccessors: .arrayType25

===========================================================================================
----------------- testing Tue Mar 24 13:36:41 UTC 2020 /home/travis/build/icyphy/ptII/ptolemy/actor/lib/test/auto/arrayType26.xml
----------------- Instantiating /home/travis/build/icyphy/ptII/ptolemy/actor/lib/test/auto/arrayType26.xml
1 ms. Memory: 402432K Free: 137311K (34%)
----------------- Invoking toplevel() on ptolemy.moml.MoMLSimpleApplication@137e2daf
----------------- Done invoking toplevel() on ptolemy.moml.MoMLSimpleApplication@137e2daf
reloadAllAccessors: .arrayType26

===========================================================================================
----------------- testing Tue Mar 24 13:36:41 UTC 2020 /home/travis/build/icyphy/ptII/ptolemy/actor/lib/test/auto/arrayType27.xml
----------------- Instantiating /home/travis/build/icyphy/ptII/ptolemy/actor/lib/test/auto/arrayType27.xml
2 ms. Memory: 402432K Free: 131677K (33%)
----------------- Invoking toplevel() on ptolemy.moml.MoMLSimpleApplication@13ba64b4
----------------- Done invoking toplevel() on ptolemy.moml.MoMLSimpleApplication@13ba64b4
reloadAllAccessors: .arrayType27

===========================================================================================
----------------- testing Tue Mar 24 13:36:41 UTC 2020 /home/travis/build/icyphy/ptII/ptolemy/actor/lib/test/auto/arrayType28.xml
----------------- Instantiating /home/travis/build/icyphy/ptII/ptolemy/actor/lib/test/auto/arrayType28.xml
2 ms. Memory: 402432K Free: 126557K (31%)
----------------- Invoking toplevel() on ptolemy.moml.MoMLSimpleApplication@777620ad
----------------- Done invoking toplevel() on ptolemy.moml.MoMLSimpleApplication@777620ad
reloadAllAccessors: .arrayType28

===========================================================================================
----------------- testing Tue Mar 24 13:36:41 UTC 2020 /home/travis/build/icyphy/ptII/ptolemy/actor/lib/test/auto/arrayType3.xml
----------------- Instantiating /home/travis/build/icyphy/ptII/ptolemy/actor/lib/test/auto/arrayType3.xml
1 ms. Memory: 402432K Free: 121423K (30%)
----------------- Invoking toplevel() on ptolemy.moml.MoMLSimpleApplication@59990c8e
----------------- Done invoking toplevel() on ptolemy.moml.MoMLSimpleApplication@59990c8e
reloadAllAccessors: .arrayType3

===========================================================================================
----------------- testing Tue Mar 24 13:36:42 UTC 2020 /home/travis/build/icyphy/ptII/ptolemy/actor/lib/test/auto/arrayType4.xml
----------------- Instantiating /home/travis/build/icyphy/ptII/ptolemy/actor/lib/test/auto/arrayType4.xml
1 ms. Memory: 402432K Free: 115807K (29%)
----------------- Invoking toplevel() on ptolemy.moml.MoMLSimpleApplication@720bc16c
----------------- Done invoking toplevel() on ptolemy.moml.MoMLSimpleApplication@720bc16c
reloadAllAccessors: .arrayType4

===========================================================================================
----------------- testing Tue Mar 24 13:36:42 UTC 2020 /home/travis/build/icyphy/ptII/ptolemy/actor/lib/test/auto/arrayType5.xml
----------------- Instantiating /home/travis/build/icyphy/ptII/ptolemy/actor/lib/test/auto/arrayType5.xml
2 ms. Memory: 402432K Free: 346127K (86%)
----------------- Invoking toplevel() on ptolemy.moml.MoMLSimpleApplication@79df7efc
----------------- Done invoking toplevel() on ptolemy.moml.MoMLSimpleApplication@79df7efc
reloadAllAccessors: .arrayType5

===========================================================================================
----------------- testing Tue Mar 24 13:36:42 UTC 2020 /home/travis/build/icyphy/ptII/ptolemy/actor/lib/test/auto/arrayType6.xml
----------------- Instantiating /home/travis/build/icyphy/ptII/ptolemy/actor/lib/test/auto/arrayType6.xml
1 ms. Memory: 402432K Free: 341007K (85%)
----------------- Invoking toplevel() on ptolemy.moml.MoMLSimpleApplication@21f47c59
----------------- Done invoking toplevel() on ptolemy.moml.MoMLSimpleApplication@21f47c59
reloadAllAccessors: .arrayType6

===========================================================================================
----------------- testing Tue Mar 24 13:36:42 UTC 2020 /home/travis/build/icyphy/ptII/ptolemy/actor/lib/test/auto/arrayType7.xml
----------------- Instantiating /home/travis/build/icyphy/ptII/ptolemy/actor/lib/test/auto/arrayType7.xml
1 ms. Memory: 402432K Free: 336397K (84%)
----------------- Invoking toplevel() on ptolemy.moml.MoMLSimpleApplication@c18355d
----------------- Done invoking toplevel() on ptolemy.moml.MoMLSimpleApplication@c18355d
reloadAllAccessors: .arrayType7

===========================================================================================
----------------- testing Tue Mar 24 13:36:42 UTC 2020 /home/travis/build/icyphy/ptII/ptolemy/actor/lib/test/auto/arrayType8.xml
----------------- Instantiating /home/travis/build/icyphy/ptII/ptolemy/actor/lib/test/auto/arrayType8.xml
1 ms. Memory: 402432K Free: 331277K (82%)
----------------- Invoking toplevel() on ptolemy.moml.MoMLSimpleApplication@f971d74
----------------- Done invoking toplevel() on ptolemy.moml.MoMLSimpleApplication@f971d74
reloadAllAccessors: .arrayType8

===========================================================================================
----------------- testing Tue Mar 24 13:36:42 UTC 2020 /home/travis/build/icyphy/ptII/ptolemy/actor/lib/test/auto/arrayType9.xml
----------------- Instantiating /home/travis/build/icyphy/ptII/ptolemy/actor/lib/test/auto/arrayType9.xml
1 ms. Memory: 402432K Free: 326671K (81%)
----------------- Invoking toplevel() on ptolemy.moml.MoMLSimpleApplication@4d83cdcb
----------------- Done invoking toplevel() on ptolemy.moml.MoMLSimpleApplication@4d83cdcb
reloadAllAccessors: .arrayType9

===========================================================================================
----------------- testing Tue Mar 24 13:36:42 UTC 2020 /home/travis/build/icyphy/ptII/ptolemy/actor/lib/test/auto/cast.xml
----------------- Instantiating /home/travis/build/icyphy/ptII/ptolemy/actor/lib/test/auto/cast.xml
2 ms. Memory: 402432K Free: 322061K (80%)
----------------- Invoking toplevel() on ptolemy.moml.MoMLSimpleApplication@535a798c
----------------- Done invoking toplevel() on ptolemy.moml.MoMLSimpleApplication@535a798c
reloadAllAccessors: .cast

===========================================================================================
----------------- testing Tue Mar 24 13:36:42 UTC 2020 /home/travis/build/icyphy/ptII/ptolemy/actor/lib/test/auto/compositeMultiPort.xml
----------------- Instantiating /home/travis/build/icyphy/ptII/ptolemy/actor/lib/test/auto/compositeMultiPort.xml
3 ms. Memory: 402432K Free: 312839K (78%)
----------------- Invoking toplevel() on ptolemy.moml.MoMLSimpleApplication@5ec9aa3b
----------------- Done invoking toplevel() on ptolemy.moml.MoMLSimpleApplication@5ec9aa3b
reloadAllAccessors: .compositeMultiPort

===========================================================================================
----------------- testing Tue Mar 24 13:36:42 UTC 2020 /home/travis/build/icyphy/ptII/ptolemy/actor/lib/test/auto/expressionCastInference.xml
----------------- Instantiating /home/travis/build/icyphy/ptII/ptolemy/actor/lib/test/auto/expressionCastInference.xml
2 ms. Memory: 402432K Free: 308239K (77%)
----------------- Invoking toplevel() on ptolemy.moml.MoMLSimpleApplication@5f238679
----------------- Done invoking toplevel() on ptolemy.moml.MoMLSimpleApplication@5f238679
reloadAllAccessors: .expressionCastInference

===========================================================================================
----------------- testing Tue Mar 24 13:36:42 UTC 2020 /home/travis/build/icyphy/ptII/ptolemy/actor/lib/test/auto/expressionCastInference2.xml
----------------- Instantiating /home/travis/build/icyphy/ptII/ptolemy/actor/lib/test/auto/expressionCastInference2.xml
1 ms. Memory: 402432K Free: 303119K (75%)
----------------- Invoking toplevel() on ptolemy.moml.MoMLSimpleApplication@39bad949
----------------- Done invoking toplevel() on ptolemy.moml.MoMLSimpleApplication@39bad949
reloadAllAccessors: .expressionCastInference2

===========================================================================================
----------------- testing Tue Mar 24 13:36:42 UTC 2020 /home/travis/build/icyphy/ptII/ptolemy/actor/lib/test/auto/expressionInference.xml
----------------- Instantiating /home/travis/build/icyphy/ptII/ptolemy/actor/lib/test/auto/expressionInference.xml
1 ms. Memory: 402432K Free: 299023K (74%)
----------------- Invoking toplevel() on ptolemy.moml.MoMLSimpleApplication@40f6f113
----------------- Done invoking toplevel() on ptolemy.moml.MoMLSimpleApplication@40f6f113
reloadAllAccessors: .expressionInference

===========================================================================================
----------------- testing Tue Mar 24 13:36:42 UTC 2020 /home/travis/build/icyphy/ptII/ptolemy/actor/lib/test/auto/expression_bug.xml
----------------- Instantiating /home/travis/build/icyphy/ptII/ptolemy/actor/lib/test/auto/expression_bug.xml
1 ms. Memory: 402432K Free: 294413K (73%)
----------------- Invoking toplevel() on ptolemy.moml.MoMLSimpleApplication@2ddb0273
----------------- Done invoking toplevel() on ptolemy.moml.MoMLSimpleApplication@2ddb0273
reloadAllAccessors: .expression_bug

===========================================================================================
----------------- testing Tue Mar 24 13:36:42 UTC 2020 /home/travis/build/icyphy/ptII/ptolemy/actor/lib/test/auto/factorial.xml
----------------- Instantiating /home/travis/build/icyphy/ptII/ptolemy/actor/lib/test/auto/factorial.xml
33 ms. Memory: 402432K Free: 286221K (71%)
----------------- Invoking toplevel() on ptolemy.moml.MoMLSimpleApplication@584176
----------------- Done invoking toplevel() on ptolemy.moml.MoMLSimpleApplication@584176
reloadAllAccessors: .factorial

===========================================================================================
----------------- testing Tue Mar 24 13:36:42 UTC 2020 /home/travis/build/icyphy/ptII/ptolemy/actor/lib/test/auto/filterTest1.xml
----------------- Instantiating /home/travis/build/icyphy/ptII/ptolemy/actor/lib/test/auto/filterTest1.xml
5 ms. Memory: 402432K Free: 280591K (70%)
----------------- Invoking toplevel() on ptolemy.moml.MoMLSimpleApplication@cf0a246
----------------- Done invoking toplevel() on ptolemy.moml.MoMLSimpleApplication@cf0a246
reloadAllAccessors: .filterTest1

===========================================================================================
----------------- testing Tue Mar 24 13:36:42 UTC 2020 /home/travis/build/icyphy/ptII/ptolemy/actor/lib/test/auto/funcApplyInConst.xml
----------------- Instantiating /home/travis/build/icyphy/ptII/ptolemy/actor/lib/test/auto/funcApplyInConst.xml
1 ms. Memory: 402432K Free: 276495K (69%)
----------------- Invoking toplevel() on ptolemy.moml.MoMLSimpleApplication@4790e3e5
----------------- Done invoking toplevel() on ptolemy.moml.MoMLSimpleApplication@4790e3e5
reloadAllAccessors: .funcApplyInConst

===========================================================================================
----------------- testing Tue Mar 24 13:36:42 UTC 2020 /home/travis/build/icyphy/ptII/ptolemy/actor/lib/test/auto/funcApplyInExpr.xml
----------------- Instantiating /home/travis/build/icyphy/ptII/ptolemy/actor/lib/test/auto/funcApplyInExpr.xml
1 ms. Memory: 402432K Free: 272909K (68%)
----------------- Invoking toplevel() on ptolemy.moml.MoMLSimpleApplication@6ab36872
----------------- Done invoking toplevel() on ptolemy.moml.MoMLSimpleApplication@6ab36872
reloadAllAccessors: .funcApplyInExpr

===========================================================================================
----------------- testing Tue Mar 24 13:36:42 UTC 2020 /home/travis/build/icyphy/ptII/ptolemy/actor/lib/test/auto/function.xml
----------------- Instantiating /home/travis/build/icyphy/ptII/ptolemy/actor/lib/test/auto/function.xml
2 ms. Memory: 402432K Free: 267789K (67%)
----------------- Invoking toplevel() on ptolemy.moml.MoMLSimpleApplication@57b9988b
----------------- Done invoking toplevel() on ptolemy.moml.MoMLSimpleApplication@57b9988b
reloadAllAccessors: .function

===========================================================================================
----------------- testing Tue Mar 24 13:36:42 UTC 2020 /home/travis/build/icyphy/ptII/ptolemy/actor/lib/test/auto/function2.xml
----------------- Instantiating /home/travis/build/icyphy/ptII/ptolemy/actor/lib/test/auto/function2.xml
1 ms. Memory: 402432K Free: 263183K (65%)
----------------- Invoking toplevel() on ptolemy.moml.MoMLSimpleApplication@640cb23d
----------------- Done invoking toplevel() on ptolemy.moml.MoMLSimpleApplication@640cb23d
reloadAllAccessors: .function2

===========================================================================================
----------------- testing Tue Mar 24 13:36:42 UTC 2020 /home/travis/build/icyphy/ptII/ptolemy/actor/lib/test/auto/function3.xml
----------------- Instantiating /home/travis/build/icyphy/ptII/ptolemy/actor/lib/test/auto/function3.xml
1 ms. Memory: 402432K Free: 259087K (64%)
----------------- Invoking toplevel() on ptolemy.moml.MoMLSimpleApplication@5657eacf
----------------- Done invoking toplevel() on ptolemy.moml.MoMLSimpleApplication@5657eacf
reloadAllAccessors: .function3

===========================================================================================
----------------- testing Tue Mar 24 13:36:42 UTC 2020 /home/travis/build/icyphy/ptII/ptolemy/actor/lib/test/auto/functionClosureTest1.xml
----------------- Instantiating /home/travis/build/icyphy/ptII/ptolemy/actor/lib/test/auto/functionClosureTest1.xml
2 ms. Memory: 402432K Free: 253447K (63%)
----------------- Invoking toplevel() on ptolemy.moml.MoMLSimpleApplication@7e9d8aa6
----------------- Done invoking toplevel() on ptolemy.moml.MoMLSimpleApplication@7e9d8aa6
reloadAllAccessors: .functionClosureTest1

===========================================================================================
----------------- testing Tue Mar 24 13:36:42 UTC 2020 /home/travis/build/icyphy/ptII/ptolemy/actor/lib/test/auto/functionClosureTest2.xml
----------------- Instantiating /home/travis/build/icyphy/ptII/ptolemy/actor/lib/test/auto/functionClosureTest2.xml
1 ms. Memory: 402432K Free: 249871K (62%)
----------------- Invoking toplevel() on ptolemy.moml.MoMLSimpleApplication@11fb7a00
----------------- Done invoking toplevel() on ptolemy.moml.MoMLSimpleApplication@11fb7a00
reloadAllAccessors: .functionClosureTest2

===========================================================================================
----------------- testing Tue Mar 24 13:36:42 UTC 2020 /home/travis/build/icyphy/ptII/ptolemy/actor/lib/test/auto/functionClosureTest3.xml
----------------- Instantiating /home/travis/build/icyphy/ptII/ptolemy/actor/lib/test/auto/functionClosureTest3.xml
2 ms. Memory: 402432K Free: 244237K (61%)
----------------- Invoking toplevel() on ptolemy.moml.MoMLSimpleApplication@6f037aba
----------------- Done invoking toplevel() on ptolemy.moml.MoMLSimpleApplication@6f037aba
reloadAllAccessors: .functionClosureTest3

===========================================================================================
----------------- testing Tue Mar 24 13:36:42 UTC 2020 /home/travis/build/icyphy/ptII/ptolemy/actor/lib/test/auto/functionClosureTest4.xml
----------------- Instantiating /home/travis/build/icyphy/ptII/ptolemy/actor/lib/test/auto/functionClosureTest4.xml
3 ms. Memory: 402432K Free: 238093K (59%)
----------------- Invoking toplevel() on ptolemy.moml.MoMLSimpleApplication@1986e25
----------------- Done invoking toplevel() on ptolemy.moml.MoMLSimpleApplication@1986e25
reloadAllAccessors: .functionClosureTest4

===========================================================================================
----------------- testing Tue Mar 24 13:36:42 UTC 2020 /home/travis/build/icyphy/ptII/ptolemy/actor/lib/test/auto/functionClosureTest5.xml
----------------- Instantiating /home/travis/build/icyphy/ptII/ptolemy/actor/lib/test/auto/functionClosureTest5.xml
4 ms. Memory: 402432K Free: 232463K (58%)
----------------- Invoking toplevel() on ptolemy.moml.MoMLSimpleApplication@2fd5630b
----------------- Done invoking toplevel() on ptolemy.moml.MoMLSimpleApplication@2fd5630b
reloadAllAccessors: .functionClosureTest5

===========================================================================================
----------------- testing Tue Mar 24 13:36:42 UTC 2020 /home/travis/build/icyphy/ptII/ptolemy/actor/lib/test/auto/functionClosureTest6.xml
----------------- Instantiating /home/travis/build/icyphy/ptII/ptolemy/actor/lib/test/auto/functionClosureTest6.xml
1 ms. Memory: 402432K Free: 227839K (57%)
----------------- Invoking toplevel() on ptolemy.moml.MoMLSimpleApplication@3653d5c9
----------------- Done invoking toplevel() on ptolemy.moml.MoMLSimpleApplication@3653d5c9
reloadAllAccessors: .functionClosureTest6

===========================================================================================
----------------- testing Tue Mar 24 13:36:42 UTC 2020 /home/travis/build/icyphy/ptII/ptolemy/actor/lib/test/auto/functionsOnArcs.xml
----------------- Instantiating /home/travis/build/icyphy/ptII/ptolemy/actor/lib/test/auto/functionsOnArcs.xml
2 ms. Memory: 402432K Free: 222223K (55%)
----------------- Invoking toplevel() on ptolemy.moml.MoMLSimpleApplication@311105b2
----------------- Done invoking toplevel() on ptolemy.moml.MoMLSimpleApplication@311105b2
reloadAllAccessors: .functionsOnArcs

===========================================================================================
----------------- testing Tue Mar 24 13:36:42 UTC 2020 /home/travis/build/icyphy/ptII/ptolemy/actor/lib/test/auto/functionsOnArcsHOF.xml
----------------- Instantiating /home/travis/build/icyphy/ptII/ptolemy/actor/lib/test/auto/functionsOnArcsHOF.xml
4 ms. Memory: 402432K Free: 216589K (54%)
----------------- Invoking toplevel() on ptolemy.moml.MoMLSimpleApplication@40ea63c0
----------------- Done invoking toplevel() on ptolemy.moml.MoMLSimpleApplication@40ea63c0
reloadAllAccessors: .functionsOnArcsHOF

===========================================================================================
----------------- testing Tue Mar 24 13:36:42 UTC 2020 /home/travis/build/icyphy/ptII/ptolemy/actor/lib/test/auto/logic.xml
----------------- Instantiating /home/travis/build/icyphy/ptII/ptolemy/actor/lib/test/auto/logic.xml
2 ms. Memory: 402432K Free: 208911K (52%)
----------------- Invoking toplevel() on ptolemy.moml.MoMLSimpleApplication@4b749b57
----------------- Done invoking toplevel() on ptolemy.moml.MoMLSimpleApplication@4b749b57
reloadAllAccessors: .logic

===========================================================================================
----------------- testing Tue Mar 24 13:36:42 UTC 2020 /home/travis/build/icyphy/ptII/ptolemy/actor/lib/test/auto/matrixType.xml
----------------- Instantiating /home/travis/build/icyphy/ptII/ptolemy/actor/lib/test/auto/matrixType.xml
2 ms. Memory: 402432K Free: 204301K (51%)
----------------- Invoking toplevel() on ptolemy.moml.MoMLSimpleApplication@5bfb59ce
----------------- Done invoking toplevel() on ptolemy.moml.MoMLSimpleApplication@5bfb59ce
reloadAllAccessors: .matrixType

===========================================================================================
----------------- testing Tue Mar 24 13:36:42 UTC 2020 /home/travis/build/icyphy/ptII/ptolemy/actor/lib/test/auto/matrixType10.xml
----------------- Instantiating /home/travis/build/icyphy/ptII/ptolemy/actor/lib/test/auto/matrixType10.xml
2 ms. Memory: 402432K Free: 199181K (49%)
----------------- Invoking toplevel() on ptolemy.moml.MoMLSimpleApplication@f6f9e44
----------------- Done invoking toplevel() on ptolemy.moml.MoMLSimpleApplication@f6f9e44
reloadAllAccessors: .matrixType10

===========================================================================================
----------------- testing Tue Mar 24 13:36:42 UTC 2020 /home/travis/build/icyphy/ptII/ptolemy/actor/lib/test/auto/matrixType11.xml
----------------- Instantiating /home/travis/build/icyphy/ptII/ptolemy/actor/lib/test/auto/matrixType11.xml
2 ms. Memory: 402432K Free: 194575K (48%)
----------------- Invoking toplevel() on ptolemy.moml.MoMLSimpleApplication@7d7e6403
----------------- Done invoking toplevel() on ptolemy.moml.MoMLSimpleApplication@7d7e6403
reloadAllAccessors: .matrixType11

===========================================================================================
----------------- testing Tue Mar 24 13:36:42 UTC 2020 /home/travis/build/icyphy/ptII/ptolemy/actor/lib/test/auto/matrixType12.xml
----------------- Instantiating /home/travis/build/icyphy/ptII/ptolemy/actor/lib/test/auto/matrixType12.xml
2 ms. Memory: 402432K Free: 189455K (47%)
----------------- Invoking toplevel() on ptolemy.moml.MoMLSimpleApplication@280f3b76
----------------- Done invoking toplevel() on ptolemy.moml.MoMLSimpleApplication@280f3b76
reloadAllAccessors: .matrixType12

===========================================================================================
----------------- testing Tue Mar 24 13:36:42 UTC 2020 /home/travis/build/icyphy/ptII/ptolemy/actor/lib/test/auto/matrixType13.xml
----------------- Instantiating /home/travis/build/icyphy/ptII/ptolemy/actor/lib/test/auto/matrixType13.xml
1 ms. Memory: 402432K Free: 184845K (46%)
----------------- Invoking toplevel() on ptolemy.moml.MoMLSimpleApplication@18bf2740
----------------- Done invoking toplevel() on ptolemy.moml.MoMLSimpleApplication@18bf2740
reloadAllAccessors: .matrixType13

===========================================================================================
----------------- testing Tue Mar 24 13:36:42 UTC 2020 /home/travis/build/icyphy/ptII/ptolemy/actor/lib/test/auto/matrixType14.xml
----------------- Instantiating /home/travis/build/icyphy/ptII/ptolemy/actor/lib/test/auto/matrixType14.xml
2 ms. Memory: 402432K Free: 179725K (45%)
----------------- Invoking toplevel() on ptolemy.moml.MoMLSimpleApplication@5c72dd63
----------------- Done invoking toplevel() on ptolemy.moml.MoMLSimpleApplication@5c72dd63
reloadAllAccessors: .matrixType14

===========================================================================================
----------------- testing Tue Mar 24 13:36:42 UTC 2020 /home/travis/build/icyphy/ptII/ptolemy/actor/lib/test/auto/matrixType2.xml
----------------- Instantiating /home/travis/build/icyphy/ptII/ptolemy/actor/lib/test/auto/matrixType2.xml
2 ms. Memory: 402432K Free: 174591K (43%)
----------------- Invoking toplevel() on ptolemy.moml.MoMLSimpleApplication@6cb9ab4
----------------- Done invoking toplevel() on ptolemy.moml.MoMLSimpleApplication@6cb9ab4
reloadAllAccessors: .matrixType2

===========================================================================================
----------------- testing Tue Mar 24 13:36:42 UTC 2020 /home/travis/build/icyphy/ptII/ptolemy/actor/lib/test/auto/matrixType3.xml
----------------- Instantiating /home/travis/build/icyphy/ptII/ptolemy/actor/lib/test/auto/matrixType3.xml
3 ms. Memory: 402432K Free: 169485K (42%)
----------------- Invoking toplevel() on ptolemy.moml.MoMLSimpleApplication@28363578
----------------- Done invoking toplevel() on ptolemy.moml.MoMLSimpleApplication@28363578
reloadAllAccessors: .matrixType3

===========================================================================================
----------------- testing Tue Mar 24 13:36:42 UTC 2020 /home/travis/build/icyphy/ptII/ptolemy/actor/lib/test/auto/matrixType4.xml
----------------- Instantiating /home/travis/build/icyphy/ptII/ptolemy/actor/lib/test/auto/matrixType4.xml
2 ms. Memory: 402432K Free: 164879K (41%)
----------------- Invoking toplevel() on ptolemy.moml.MoMLSimpleApplication@530a007a
----------------- Done invoking toplevel() on ptolemy.moml.MoMLSimpleApplication@530a007a
reloadAllAccessors: .matrixType4

===========================================================================================
----------------- testing Tue Mar 24 13:36:42 UTC 2020 /home/travis/build/icyphy/ptII/ptolemy/actor/lib/test/auto/matrixType5.xml
----------------- Instantiating /home/travis/build/icyphy/ptII/ptolemy/actor/lib/test/auto/matrixType5.xml
1 ms. Memory: 402432K Free: 159759K (40%)
----------------- Invoking toplevel() on ptolemy.moml.MoMLSimpleApplication@38d9c5c7
----------------- Done invoking toplevel() on ptolemy.moml.MoMLSimpleApplication@38d9c5c7
reloadAllAccessors: .matrixType5

===========================================================================================
----------------- testing Tue Mar 24 13:36:42 UTC 2020 /home/travis/build/icyphy/ptII/ptolemy/actor/lib/test/auto/matrixType6.xml
----------------- Instantiating /home/travis/build/icyphy/ptII/ptolemy/actor/lib/test/auto/matrixType6.xml
1 ms. Memory: 402432K Free: 155149K (39%)
----------------- Invoking toplevel() on ptolemy.moml.MoMLSimpleApplication@5b361a5a
----------------- Done invoking toplevel() on ptolemy.moml.MoMLSimpleApplication@5b361a5a
reloadAllAccessors: .matrixType6

===========================================================================================
----------------- testing Tue Mar 24 13:36:42 UTC 2020 /home/travis/build/icyphy/ptII/ptolemy/actor/lib/test/auto/matrixType7.xml
----------------- Instantiating /home/travis/build/icyphy/ptII/ptolemy/actor/lib/test/auto/matrixType7.xml
2 ms. Memory: 402432K Free: 150029K (37%)
----------------- Invoking toplevel() on ptolemy.moml.MoMLSimpleApplication@f346832
----------------- Done invoking toplevel() on ptolemy.moml.MoMLSimpleApplication@f346832
reloadAllAccessors: .matrixType7

===========================================================================================
----------------- testing Tue Mar 24 13:36:42 UTC 2020 /home/travis/build/icyphy/ptII/ptolemy/actor/lib/test/auto/matrixType8.xml
----------------- Instantiating /home/travis/build/icyphy/ptII/ptolemy/actor/lib/test/auto/matrixType8.xml
1 ms. Memory: 402432K Free: 145423K (36%)
----------------- Invoking toplevel() on ptolemy.moml.MoMLSimpleApplication@45665a33
----------------- Done invoking toplevel() on ptolemy.moml.MoMLSimpleApplication@45665a33
reloadAllAccessors: .matrixType8

===========================================================================================
----------------- testing Tue Mar 24 13:36:42 UTC 2020 /home/travis/build/icyphy/ptII/ptolemy/actor/lib/test/auto/matrixType9.xml
----------------- Instantiating /home/travis/build/icyphy/ptII/ptolemy/actor/lib/test/auto/matrixType9.xml
1 ms. Memory: 402432K Free: 140303K (35%)
----------------- Invoking toplevel() on ptolemy.moml.MoMLSimpleApplication@1e7cd4b2
----------------- Done invoking toplevel() on ptolemy.moml.MoMLSimpleApplication@1e7cd4b2
reloadAllAccessors: .matrixType9

===========================================================================================
----------------- testing Tue Mar 24 13:36:42 UTC 2020 /home/travis/build/icyphy/ptII/ptolemy/actor/lib/test/auto/paraFunctest.xml
----------------- Instantiating /home/travis/build/icyphy/ptII/ptolemy/actor/lib/test/auto/paraFunctest.xml
2 ms. Memory: 402432K Free: 136717K (34%)
----------------- Invoking toplevel() on ptolemy.moml.MoMLSimpleApplication@59ed8abc
----------------- Done invoking toplevel() on ptolemy.moml.MoMLSimpleApplication@59ed8abc
reloadAllAccessors: .paraFunctest

===========================================================================================
----------------- testing Tue Mar 24 13:36:42 UTC 2020 /home/travis/build/icyphy/ptII/ptolemy/actor/lib/test/auto/paraFunctest2.xml
----------------- Instantiating /home/travis/build/icyphy/ptII/ptolemy/actor/lib/test/auto/paraFunctest2.xml
2 ms. Memory: 402432K Free: 131597K (33%)
----------------- Invoking toplevel() on ptolemy.moml.MoMLSimpleApplication@1c13b1fb
----------------- Done invoking toplevel() on ptolemy.moml.MoMLSimpleApplication@1c13b1fb
reloadAllAccessors: .paraFunctest2

===========================================================================================
----------------- testing Tue Mar 24 13:36:42 UTC 2020 /home/travis/build/icyphy/ptII/ptolemy/actor/lib/test/auto/parameterPassing.xml
----------------- Instantiating /home/travis/build/icyphy/ptII/ptolemy/actor/lib/test/auto/parameterPassing.xml
1 ms. Memory: 402432K Free: 127501K (32%)
----------------- Invoking toplevel() on ptolemy.moml.MoMLSimpleApplication@7458db8d
----------------- Done invoking toplevel() on ptolemy.moml.MoMLSimpleApplication@7458db8d
reloadAllAccessors: .parameterPassing

===========================================================================================
----------------- testing Tue Mar 24 13:36:42 UTC 2020 /home/travis/build/icyphy/ptII/ptolemy/actor/lib/test/auto/record.xml
----------------- Instantiating /home/travis/build/icyphy/ptII/ptolemy/actor/lib/test/auto/record.xml
2 ms. Memory: 402432K Free: 122381K (30%)
----------------- Invoking toplevel() on ptolemy.moml.MoMLSimpleApplication@77d95447
----------------- Done invoking toplevel() on ptolemy.moml.MoMLSimpleApplication@77d95447
reloadAllAccessors: .record

===========================================================================================
----------------- testing Tue Mar 24 13:36:42 UTC 2020 /home/travis/build/icyphy/ptII/ptolemy/actor/lib/test/auto/sizedarray1.xml
----------------- Instantiating /home/travis/build/icyphy/ptII/ptolemy/actor/lib/test/auto/sizedarray1.xml
1 ms. Memory: 402432K Free: 117261K (29%)
----------------- Invoking toplevel() on ptolemy.moml.MoMLSimpleApplication@6441ec48
----------------- Done invoking toplevel() on ptolemy.moml.MoMLSimpleApplication@6441ec48
reloadAllAccessors: .sizedarray1

===========================================================================================
----------------- testing Tue Mar 24 13:36:42 UTC 2020 /home/travis/build/icyphy/ptII/ptolemy/actor/lib/test/auto/sizedarray2.xml
----------------- Instantiating /home/travis/build/icyphy/ptII/ptolemy/actor/lib/test/auto/sizedarray2.xml
2 ms. Memory: 402432K Free: 347272K (86%)
----------------- Invoking toplevel() on ptolemy.moml.MoMLSimpleApplication@3e52141c
----------------- Done invoking toplevel() on ptolemy.moml.MoMLSimpleApplication@3e52141c
reloadAllAccessors: .sizedarray2

===========================================================================================
----------------- testing Tue Mar 24 13:36:42 UTC 2020 /home/travis/build/icyphy/ptII/ptolemy/actor/lib/test/auto/twoPublishers.xml
----------------- Instantiating /home/travis/build/icyphy/ptII/ptolemy/actor/lib/test/auto/twoPublishers.xml
2 ms. Memory: 402432K Free: 336008K (83%)
----------------- Invoking toplevel() on ptolemy.moml.MoMLSimpleApplication@3a2a5da0
----------------- Done invoking toplevel() on ptolemy.moml.MoMLSimpleApplication@3a2a5da0
reloadAllAccessors: .twoPublishers
AutoTests.java: About to close Vertx.
AutoTests.java: Vertx closed.
]]></system-out>
  <system-err><![CDATA[java.lang.RuntimeException: Execution failed
	at ptolemy.moml.MoMLSimpleApplication$UnloadThread.run(MoMLSimpleApplication.java:402)
Caused by: java.lang.RuntimeException: StringUtilities.exit() was called. Normally, we would exit here because Manager.exitAfterWrapup() was called.  However, because the ptolemy.ptII.exitAfterWrapup property is set, we throw this exception instead.
	at ptolemy.util.StringUtilities.exit(StringUtilities.java:365)
	at ptolemy.actor.Manager.wrapup(Manager.java:1549)
	at ptolemy.actor.Manager.execute(Manager.java:407)
	at ptolemy.actor.Manager.run(Manager.java:1263)
	at ptolemy.actor.Manager$PtolemyRunThread.run(Manager.java:1933)
Warning: '.top.test' is in training mode, set the trainingMode parameter to false before checking in
Warning: '.top.test' is in training mode, set the trainingMode parameter to false before checking in
Warning: '.top.test' is in training mode, set the trainingMode parameter to false before checking in
Warning: '.BooleanSwitch_RegressionTest_WrongTrainingValues.Test' is in training mode, set the trainingMode parameter to false before checking in
Warning: '.BooleanSwitch_RegressionTest_WrongTrainingValues.Test2' is in training mode, set the trainingMode parameter to false before checking in
Warning: '.BooleanSwitch_RegressionTest_WrongTrainingValues.Test2' The test produced 0 tokens.
Warning: '.top.testExceptionHandler' is in training mode, set the trainingMode parameter to false before checking in
java.lang.RuntimeException: Execution failed
	at ptolemy.moml.MoMLSimpleApplication$UnloadThread.run(MoMLSimpleApplication.java:402)
Caused by: ptolemy.kernel.util.IllegalActionException: PublisherPorts cannot be used at the top level, use a Publisher actor instead.
  in .PublisherPortToplevelSubscriber.PublisherPort
	at ptolemy.actor.PublisherPort.preinitialize(PublisherPort.java:403)
	at ptolemy.actor.CompositeActor.preinitialize(CompositeActor.java:1769)
	at ptolemy.actor.Manager.preinitializeAndResolveTypes(Manager.java:1040)
	at ptolemy.actor.Manager.initialize(Manager.java:710)
	at ptolemy.actor.Manager.execute(Manager.java:356)
	at ptolemy.actor.Manager.run(Manager.java:1263)
	at ptolemy.actor.Manager$PtolemyRunThread.run(Manager.java:1933)
java.lang.reflect.InvocationTargetException
	at java.base/jdk.internal.reflect.NativeConstructorAccessorImpl.newInstance0(Native Method)
	at java.base/jdk.internal.reflect.NativeConstructorAccessorImpl.newInstance(NativeConstructorAccessorImpl.java:62)
	at java.base/jdk.internal.reflect.DelegatingConstructorAccessorImpl.newInstance(DelegatingConstructorAccessorImpl.java:45)
	at java.base/java.lang.reflect.Constructor.newInstance(Constructor.java:490)
	at ptolemy.util.test.junit.AutoKnownFailedTests.RunModel(AutoKnownFailedTests.java:105)
	at java.base/jdk.internal.reflect.NativeMethodAccessorImpl.invoke0(Native Method)
	at java.base/jdk.internal.reflect.NativeMethodAccessorImpl.invoke(NativeMethodAccessorImpl.java:62)
	at java.base/jdk.internal.reflect.DelegatingMethodAccessorImpl.invoke(DelegatingMethodAccessorImpl.java:43)
	at java.base/java.lang.reflect.Method.invoke(Method.java:566)
	at org.junit.runners.model.FrameworkMethod$1.runReflectiveCall(FrameworkMethod.java:44)
	at org.junit.internal.runners.model.ReflectiveCallable.run(ReflectiveCallable.java:15)
	at org.junit.runners.model.FrameworkMethod.invokeExplosively(FrameworkMethod.java:41)
	at junitparams.internal.InvokeParameterisedMethod.evaluate(InvokeParameterisedMethod.java:102)
	at org.junit.internal.runners.statements.FailOnTimeout$1.run(FailOnTimeout.java:28)
Caused by: ptolemy.kernel.util.IllegalActionException: PublisherPorts cannot be used at the top level, use a Publisher actor instead.
  in .PublisherPortToplevelSubscriber.PublisherPort
	at ptolemy.actor.PublisherPort.preinitialize(PublisherPort.java:403)
	at ptolemy.actor.CompositeActor.preinitialize(CompositeActor.java:1769)
	at ptolemy.actor.Manager.preinitializeAndResolveTypes(Manager.java:1040)
	at ptolemy.actor.Manager.initialize(Manager.java:710)
	at ptolemy.actor.Manager.execute(Manager.java:356)
	at ptolemy.actor.Manager.run(Manager.java:1263)
	at ptolemy.actor.Manager$PtolemyRunThread.run(Manager.java:1933)
java.lang.RuntimeException: Execution failed
	at ptolemy.moml.MoMLSimpleApplication$UnloadThread.run(MoMLSimpleApplication.java:402)
Caused by: ptolemy.kernel.util.IllegalActionException: SubscriberPorts cannot be used at the top level, use a Subscriber actor instead.
  in .PublisherSubscriberPortToplevel.SubscriberPort
	at ptolemy.actor.SubscriberPort.preinitialize(SubscriberPort.java:328)
	at ptolemy.actor.CompositeActor.preinitialize(CompositeActor.java:1769)
	at ptolemy.actor.Manager.preinitializeAndResolveTypes(Manager.java:1040)
	at ptolemy.actor.Manager.initialize(Manager.java:710)
	at ptolemy.actor.Manager.execute(Manager.java:356)
	at ptolemy.actor.Manager.run(Manager.java:1263)
	at ptolemy.actor.Manager$PtolemyRunThread.run(Manager.java:1933)
java.lang.reflect.InvocationTargetException
	at java.base/jdk.internal.reflect.NativeConstructorAccessorImpl.newInstance0(Native Method)
	at java.base/jdk.internal.reflect.NativeConstructorAccessorImpl.newInstance(NativeConstructorAccessorImpl.java:62)
	at java.base/jdk.internal.reflect.DelegatingConstructorAccessorImpl.newInstance(DelegatingConstructorAccessorImpl.java:45)
	at java.base/java.lang.reflect.Constructor.newInstance(Constructor.java:490)
	at ptolemy.util.test.junit.AutoKnownFailedTests.RunModel(AutoKnownFailedTests.java:105)
	at java.base/jdk.internal.reflect.NativeMethodAccessorImpl.invoke0(Native Method)
	at java.base/jdk.internal.reflect.NativeMethodAccessorImpl.invoke(NativeMethodAccessorImpl.java:62)
	at java.base/jdk.internal.reflect.DelegatingMethodAccessorImpl.invoke(DelegatingMethodAccessorImpl.java:43)
	at java.base/java.lang.reflect.Method.invoke(Method.java:566)
	at org.junit.runners.model.FrameworkMethod$1.runReflectiveCall(FrameworkMethod.java:44)
	at org.junit.internal.runners.model.ReflectiveCallable.run(ReflectiveCallable.java:15)
	at org.junit.runners.model.FrameworkMethod.invokeExplosively(FrameworkMethod.java:41)
	at junitparams.internal.InvokeParameterisedMethod.evaluate(InvokeParameterisedMethod.java:102)
	at org.junit.internal.runners.statements.FailOnTimeout$1.run(FailOnTimeout.java:28)
Caused by: ptolemy.kernel.util.IllegalActionException: SubscriberPorts cannot be used at the top level, use a Subscriber actor instead.
  in .PublisherSubscriberPortToplevel.SubscriberPort
	at ptolemy.actor.SubscriberPort.preinitialize(SubscriberPort.java:328)
	at ptolemy.actor.CompositeActor.preinitialize(CompositeActor.java:1769)
	at ptolemy.actor.Manager.preinitializeAndResolveTypes(Manager.java:1040)
	at ptolemy.actor.Manager.initialize(Manager.java:710)
	at ptolemy.actor.Manager.execute(Manager.java:356)
	at ptolemy.actor.Manager.run(Manager.java:1263)
	at ptolemy.actor.Manager$PtolemyRunThread.run(Manager.java:1933)
java.lang.RuntimeException: Execution failed
	at ptolemy.moml.MoMLSimpleApplication$UnloadThread.run(MoMLSimpleApplication.java:402)
Caused by: ptolemy.kernel.util.IllegalActionException: SubscriptionAggregatorPorts cannot be used at the top level, use a SubscriptionAggregator actor instead.
  in .PublisherSubscriptionAggregatorPort.SubscriptionAggregatorPort
	at ptolemy.actor.SubscriptionAggregatorPort.preinitialize(SubscriptionAggregatorPort.java:353)
	at ptolemy.actor.CompositeActor.preinitialize(CompositeActor.java:1769)
	at ptolemy.actor.Manager.preinitializeAndResolveTypes(Manager.java:1040)
	at ptolemy.actor.Manager.initialize(Manager.java:710)
	at ptolemy.actor.Manager.execute(Manager.java:356)
	at ptolemy.actor.Manager.run(Manager.java:1263)
	at ptolemy.actor.Manager$PtolemyRunThread.run(Manager.java:1933)
java.lang.reflect.InvocationTargetException
	at java.base/jdk.internal.reflect.NativeConstructorAccessorImpl.newInstance0(Native Method)
	at java.base/jdk.internal.reflect.NativeConstructorAccessorImpl.newInstance(NativeConstructorAccessorImpl.java:62)
	at java.base/jdk.internal.reflect.DelegatingConstructorAccessorImpl.newInstance(DelegatingConstructorAccessorImpl.java:45)
	at java.base/java.lang.reflect.Constructor.newInstance(Constructor.java:490)
	at ptolemy.util.test.junit.AutoKnownFailedTests.RunModel(AutoKnownFailedTests.java:105)
	at java.base/jdk.internal.reflect.NativeMethodAccessorImpl.invoke0(Native Method)
	at java.base/jdk.internal.reflect.NativeMethodAccessorImpl.invoke(NativeMethodAccessorImpl.java:62)
	at java.base/jdk.internal.reflect.DelegatingMethodAccessorImpl.invoke(DelegatingMethodAccessorImpl.java:43)
	at java.base/java.lang.reflect.Method.invoke(Method.java:566)
	at org.junit.runners.model.FrameworkMethod$1.runReflectiveCall(FrameworkMethod.java:44)
	at org.junit.internal.runners.model.ReflectiveCallable.run(ReflectiveCallable.java:15)
	at org.junit.runners.model.FrameworkMethod.invokeExplosively(FrameworkMethod.java:41)
	at junitparams.internal.InvokeParameterisedMethod.evaluate(InvokeParameterisedMethod.java:102)
	at org.junit.internal.runners.statements.FailOnTimeout$1.run(FailOnTimeout.java:28)
Caused by: ptolemy.kernel.util.IllegalActionException: SubscriptionAggregatorPorts cannot be used at the top level, use a SubscriptionAggregator actor instead.
  in .PublisherSubscriptionAggregatorPort.SubscriptionAggregatorPort
	at ptolemy.actor.SubscriptionAggregatorPort.preinitialize(SubscriptionAggregatorPort.java:353)
	at ptolemy.actor.CompositeActor.preinitialize(CompositeActor.java:1769)
	at ptolemy.actor.Manager.preinitializeAndResolveTypes(Manager.java:1040)
	at ptolemy.actor.Manager.initialize(Manager.java:710)
	at ptolemy.actor.Manager.execute(Manager.java:356)
	at ptolemy.actor.Manager.run(Manager.java:1263)
	at ptolemy.actor.Manager$PtolemyRunThread.run(Manager.java:1933)
java.lang.RuntimeException: Execution failed
	at ptolemy.moml.MoMLSimpleApplication$UnloadThread.run(MoMLSimpleApplication.java:402)
Caused by: ptolemy.kernel.util.IllegalActionException: TypeTest actor has no training data.
  in .sizedarray3.TypeTest
	at ptolemy.actor.lib.TypeTest.initialize(TypeTest.java:250)
	at ptolemy.actor.Director.initialize(Director.java:938)
	at ptolemy.actor.Director.initialize(Director.java:907)
	at ptolemy.actor.sched.StaticSchedulingDirector.initialize(StaticSchedulingDirector.java:159)
	at ptolemy.domains.sdf.kernel.SDFDirector.initialize(SDFDirector.java:544)
	at ptolemy.actor.CompositeActor.initialize(CompositeActor.java:935)
	at ptolemy.actor.Manager.initialize(Manager.java:724)
	at ptolemy.actor.Manager.execute(Manager.java:356)
	at ptolemy.actor.Manager.run(Manager.java:1263)
	at ptolemy.actor.Manager$PtolemyRunThread.run(Manager.java:1933)
java.lang.reflect.InvocationTargetException
	at java.base/jdk.internal.reflect.NativeConstructorAccessorImpl.newInstance0(Native Method)
	at java.base/jdk.internal.reflect.NativeConstructorAccessorImpl.newInstance(NativeConstructorAccessorImpl.java:62)
	at java.base/jdk.internal.reflect.DelegatingConstructorAccessorImpl.newInstance(DelegatingConstructorAccessorImpl.java:45)
	at java.base/java.lang.reflect.Constructor.newInstance(Constructor.java:490)
	at ptolemy.util.test.junit.AutoKnownFailedTests.RunModel(AutoKnownFailedTests.java:105)
	at java.base/jdk.internal.reflect.NativeMethodAccessorImpl.invoke0(Native Method)
	at java.base/jdk.internal.reflect.NativeMethodAccessorImpl.invoke(NativeMethodAccessorImpl.java:62)
	at java.base/jdk.internal.reflect.DelegatingMethodAccessorImpl.invoke(DelegatingMethodAccessorImpl.java:43)
	at java.base/java.lang.reflect.Method.invoke(Method.java:566)
	at org.junit.runners.model.FrameworkMethod$1.runReflectiveCall(FrameworkMethod.java:44)
	at org.junit.internal.runners.model.ReflectiveCallable.run(ReflectiveCallable.java:15)
	at org.junit.runners.model.FrameworkMethod.invokeExplosively(FrameworkMethod.java:41)
	at junitparams.internal.InvokeParameterisedMethod.evaluate(InvokeParameterisedMethod.java:102)
	at org.junit.internal.runners.statements.FailOnTimeout$1.run(FailOnTimeout.java:28)
Caused by: ptolemy.kernel.util.IllegalActionException: TypeTest actor has no training data.
  in .sizedarray3.TypeTest
	at ptolemy.actor.lib.TypeTest.initialize(TypeTest.java:250)
	at ptolemy.actor.Director.initialize(Director.java:938)
	at ptolemy.actor.Director.initialize(Director.java:907)
	at ptolemy.actor.sched.StaticSchedulingDirector.initialize(StaticSchedulingDirector.java:159)
	at ptolemy.domains.sdf.kernel.SDFDirector.initialize(SDFDirector.java:544)
	at ptolemy.actor.CompositeActor.initialize(CompositeActor.java:935)
	at ptolemy.actor.Manager.initialize(Manager.java:724)
	at ptolemy.actor.Manager.execute(Manager.java:356)
	at ptolemy.actor.Manager.run(Manager.java:1263)
	at ptolemy.actor.Manager$PtolemyRunThread.run(Manager.java:1933)
]]></system-err>
</testsuite>
