<?xml version="1.0" encoding="UTF-8" ?>
<testsuite errors="0" failures="0" hostname="travis-job-467a7755-0cf7-440e-9be0-20ebe0d925a3" name="ptolemy.domains.de.test.junit.JUnitTclTest" skipped="0" tests="101" time="131.012" timestamp="2018-09-22T02:14:12">
  <properties>
    <property name="npm.executable" value="npm" />
    <property name="file.encoding.pkg" value="sun.io" />
    <property name="env.TRAVIS_ROOT" value="/" />
    <property name="ptII.mk.exists" value="true" />
    <property name="env.TRAVIS_APP_HOST" value="build.travis-ci.org" />
    <property name="env.rvm_bin_path" value="/home/travis/.rvm/bin" />
    <property name="java.home" value="/usr/lib/jvm/java-8-oracle/jre" />
    <property name="env.TRAVIS_JOB_NUMBER" value="739.9" />
    <property name="env.TRAVIS_HOME" value="/home/travis" />
    <property name="env.DISPLAY" value=":99.0" />
    <property name="java.net.preferIPv4Stack" value="true" />
    <property name="env.TRAVIS_INIT" value="upstart" />
    <property name="env.SSH_TTY" value="/dev/pts/0" />
    <property name="env.RUN_TESTS" value="false" />
    <property name="timeout.short" value="1000000" />
    <property name="env.TRAVIS_STACK_NODE_ATTRIBUTES" value="/.node-attributes.yml" />
    <property name="junit.formatter" value="xml" />
    <property name="java.endorsed.dirs" value="/usr/lib/jvm/java-8-oracle/jre/lib/endorsed" />
    <property name="env.TRAVIS_SUDO" value="true" />
    <property name="env.LOGNAME" value="travis" />
    <property name="jsdoc.home" value="node_modules/@terraswarm/jsdoc" />
    <property name="debuglevel" value="source,lines,vars" />
    <property name="checkstyle.formatter" value="xml" />
    <property name="bin.vergil.makeable" value="true" />
    <property name="env._system_version" value="14.04" />
    <property name="sun.os.patch.level" value="unknown" />
    <property name="java.vendor.url" value="http://java.oracle.com/" />
    <property name="java.version" value="1.8.0_151" />
    <property name="env.TZ" value="UTC" />
    <property name="env.PT_NO_NET" value="true" />
    <property name="env.TRAVIS_PULL_REQUEST_SHA" value="" />
    <property name="env.TRAVIS_SECURE_ENV_VARS" value="true" />
    <property name="env._system_type" value="Linux" />
    <property name="java.vendor.url.bug" value="http://bugreport.sun.com/bugreport/" />
    <property name="env.SSH_CLIENT" value="10.10.4.7 45652 22" />
    <property name="npmjs-org-is-up" value="true" />
    <property name="env.GEM_HOME" value="/home/travis/.rvm/gems/ruby-2.4.1" />
    <property name="env.HAS_ANTARES_THREE_LITTLE_FRONZIES_BADGE" value="true" />
    <property name="env.PS4" value="+" />
    <property name="ant.project.invoked-targets" value="build,test.core2.xml" />
    <property name="env.TRAVIS_PULL_REQUEST_BRANCH" value="" />
    <property name="env.TRAVIS_REPO_SLUG" value="icyphy/ptII" />
    <property name="node.in.path" value="true" />
    <property name="java.maxmemory" value="1400m" />
    <property name="env.RUBY_VERSION" value="ruby-2.4.1" />
    <property name="user.name" value="travis" />
    <property name="env.LANG" value="en_US.UTF-8" />
    <property name="sun.io.unicode.encoding" value="UnicodeLittle" />
    <property name="sun.jnu.encoding" value="UTF-8" />
    <property name="java.runtime.name" value="Java(TM) SE Runtime Environment" />
    <property name="usefile" value="false" />
    <property name="return.code" value="0" />
    <property name="junit.single.formatter" value="plain" />
    <property name="env.DYLD_LIBRARY_PATH" value="/home/travis/pthla/certi-tools/lib:" />
    <property name="env.DEBIAN_FRONTEND" value="noninteractive" />
    <property name="env.SSH_CONNECTION" value="10.10.4.7 45652 10.20.0.244 22" />
    <property name="env.MYSQL_UNIX_PORT" value="/var/run/mysqld/mysqld.sock" />
    <property name="env.TRAVIS_ALLOW_FAILURE" value="false" />
    <property name="env.LC_ALL" value="en_US.UTF-8" />
    <property name="java.specification.name" value="Java Platform API Specification" />
    <property name="node.works" value="true" />
    <property name="user.timezone" value="" />
    <property name="path.separator" value=":" />
    <property name="env.TRAVIS_ENABLE_INFRA_DETECTION" value="true" />
    <property name="env.PYTHON_CFLAGS" value="-g -fstack-protector --param=ssp-buffer-size=4 -Wformat -Werror=format-security" />
    <property name="timeout.long" value="4000000" />
    <property name="env.CERTI_HOME" value="/home/travis/pthla/certi-tools" />
    <property name="file.encoding" value="UTF-8" />
    <property name="ant.file.ptII" value="/home/travis/build/icyphy/ptII/build.xml" />
    <property name="javadoc.packagenames" value="com.*,diva.*,lbnl.*,org.hlacerti.*,org.json.*,org.ptolemy.*,org.terraswarm.*,ptolemy.*,ptserver.*" />
    <property name="env.TRAVIS_PULL_REQUEST_SLUG" value="" />
    <property name="ant.project.default-target" value="build" />
    <property name="env.GIT_ASKPASS" value="echo" />
    <property name="env.HOME" value="/home/travis" />
    <property name="sun.java.command" value="org.apache.tools.ant.taskdefs.optional.junit.JUnitTestRunner ptolemy.domains.de.test.junit.JUnitTclTest skipNonTests=false filtertrace=true haltOnError=false haltOnFailure=false formatter=org.apache.tools.ant.taskdefs.optional.junit.OutErrSummaryJUnitResultFormatter showoutput=true outputtoformatters=true logfailedtests=true threadid=0 logtestlistenerevents=false formatter=org.apache.tools.ant.taskdefs.optional.junit.XMLJUnitResultFormatter,/home/travis/build/icyphy/ptII/reports/junit/TEST-ptolemy.domains.de.test.junit.JUnitTclTest.xml crashfile=/home/travis/build/icyphy/ptII/junitvmwatcher376608343960090940.properties propsfile=/home/travis/build/icyphy/ptII/junit4121934132352668357.properties" />
    <property name="env.MANPATH" value="/home/travis/.nvm/versions/node/v7.10.1/share/man:/home/travis/.kiex/elixirs/elixir-1.4.5/man:/home/travis/.rvm/rubies/ruby-2.4.1/share/man:/usr/local/man:/usr/local/cmake-3.9.2/man:/usr/local/clang-5.0.0/share/man:/usr/local/share/man:/usr/share/man:/home/travis/.rvm/man" />
    <property name="env.COMPOSER_NO_INTERACTION" value="1" />
    <property name="env.JDK_SWITCHER_DEFAULT" value="oraclejdk8" />
    <property name="env.TRAVIS_TIMER_ID" value="1e28ee34" />
    <property name="ant.file" value="/home/travis/build/icyphy/ptII/build.xml" />
    <property name="env.TRAVIS_COMMIT_RANGE" value="174d25ae00a8222af5053fded25af12a98e456d7...1249563af6184b9dca3f37daf1208c27ba2ef8f6" />
    <property name="env._system_name" value="Ubuntu" />
    <property name="timeout" value="2400000" />
    <property name="ptII.classpath.optional.property" value="/home/travis/build/icyphy/ptII/lib/bsh-2.0b4.jar:/home/travis/build/icyphy/ptII/lib/ptCal.jar:/home/travis/build/icyphy/ptII/lib/java_cup.jar:/home/travis/build/icyphy/ptII/lib/saxon8.jar:/home/travis/build/icyphy/ptII/lib/saxon8-dom.jar:/home/travis/build/icyphy/ptII/lib/chic.jar:/home/travis/build/icyphy/ptII/lib/ptcolt.jar:/usr/lib/jvm/java-8-oracle/lib/tools.jar:/usr/lib/eclipse/plugins/org.eclipse.jdt.core_3.8.2.dist.jar:/usr/lib/eclipse/plugins/org.eclipse.core.runtime_3.8.0.dist.jar:/usr/lib/eclipse/plugins/org.eclipse.osgi_3.8.1.dist.jar:/usr/lib/eclipse/plugins/org.eclipse.core.resources_3.8.1.dist.jar:/usr/lib/eclipse/plugins/org.eclipse.equinox.common_3.6.100.dist.jar:/usr/lib/eclipse/plugins/org.eclipse.core.jobs_3.5.200.dist.jar:/usr/lib/eclipse/plugins/org.eclipse.core.contenttype_3.4.200.dist.jar:/usr/lib/eclipse/plugins/org.eclipse.equinox.preferences_3.5.0.dist.jar:/usr/lib/eclipse/plugins/org.eclipse.text_3.5.200.dist.jar:/usr/lib/eclipse/plugins/org.eclipse.ui.workbench_3.8.1.dist.jar:/usr/lib/eclipse/plugins/org.eclipse.jface_3.8.0.dist.jar:/usr/lib/eclipse/plugins/org.eclipse.swt_3.8.2.jar:/usr/lib/eclipse/plugins/org.eclipse.jface.text_3.8.1.dist.jar:/usr/lib/eclipse/plugins/org.eclipse.ui.workbench.texteditor_3.8.0.dist.jar:/usr/lib/eclipse/plugins/org.eclipse.ui.editors_3.8.0.dist.jar:/usr/lib/eclipse/plugins/org.eclipse.core.commands_3.6.1.dist.jar:/usr/lib/eclipse/plugins/org.eclipse.equinox.registry_3.5.200.dist.jar:/usr/lib/eclipse/plugins/org.eclipse.ui.console_3.5.100.dist.jar:/usr/lib/eclipse/plugins/org.eclipse.ui.forms_3.5.200.dist.jar:/usr/lib/eclipse/plugins/org.eclipse.ui.ide_3.8.1.dist.jar:/home/travis/build/icyphy/ptII/vendors/oracle/dbxml.jar:/home/travis/build/icyphy/ptII/vendors/oracle/db.jar:/home/travis/build/icyphy/ptII/vendors/misc/itext/iText.jar:/home/travis/build/icyphy/ptII/lib/g4ltl.jar:/home/travis/build/icyphy/ptII/lib/StructuralCoder.jar:/home/travis/build/icyphy/ptII/lib/org-openide-util.jar:/home/travis/build/icyphy/ptII/lib/org-openide-util-lookup.jar:/home/travis/build/icyphy/ptII/lib/org-netbeans-api-visual.jar:/home/travis/build/icyphy/ptII/vendors/jai-1_1_2_01/lib/jai_core.jar:/home/travis/build/icyphy/ptII/vendors/jai-1_1_2_01/lib/jai_codec.jar:/home/travis/build/icyphy/ptII/lib/jcerti.jar:/home/travis/build/icyphy/ptII/lib/smack.jar:/home/travis/build/icyphy/ptII/lib/smackx.jar:/home/travis/build/icyphy/ptII/lib/jetty-all-8.1.5-v20120716.jar:/home/travis/build/icyphy/ptII/lib/javax.servlet-api-3.0.1.jar:/home/travis/build/icyphy/ptII/lib/javax.mail.jar:/home/travis/build/icyphy/ptII/vendors/JMF-2.1.1e/lib/jmf.jar:/home/travis/build/icyphy/ptII/lib/jna-4.0.0-variadic.jar:/home/travis/build/icyphy/ptII/vendors/misc/joystick/Joystick.jar:/home/travis/build/icyphy/ptII/lib/ptjacl.jar:/home/travis/build/icyphy/ptII/lib/jsoup-1.8.2.jar:/home/travis/build/icyphy/ptII/lib/junit-4.8.2.jar:/home/travis/build/icyphy/ptII/lib/JUnitParams-0.4.0.jar:/home/travis/build/icyphy/ptII/ptolemy/actor/lib/excel/jxl.jar:/home/travis/build/icyphy/ptII/lib/jython.jar:/home/travis/build/icyphy/ptII/lib/kieler.jar:/home/travis/build/icyphy/ptII/vendors/opencv/share/OpenCV/java/opencv-341.jar:/home/travis/build/icyphy/ptII/lib/oscP5.jar:/home/travis/build/icyphy/ptII/lib/nrjavaserial-3.11.0.devel.jar:/home/travis/build/icyphy/ptII/vendors/j3d/lib/j3dcore.jar:/home/travis/build/icyphy/ptII/vendors/j3d/lib/j3dutils.jar:/home/travis/build/icyphy/ptII/vendors/j3d/lib/vecmath.jar:/home/travis/build/icyphy/ptII/ptolemy/distributed/jini/jar/jini-core.jar:/home/travis/build/icyphy/ptII/ptolemy/distributed/jini/jar/jini-ext.jar:/home/travis/build/icyphy/ptII/ptolemy/distributed/jini/jar/sun-util.jar:/home/travis/build/icyphy/ptII/lib/protobuf-java-2.4.1.jar:/home/travis/build/icyphy/ptII/lib/org.eclipse.paho.client.mqttv3.jar:/home/travis/build/icyphy/ptII/ptserver/lib/hessian-4.0.7.jar:/home/travis/build/icyphy/ptII/ptserver/lib/wmqtt.jar:/home/travis/build/icyphy/ptII/lib/mapss.jar:/home/travis/build/icyphy/ptII/ptolemy/actor/ptalon/antlr/antlr.jar:/home/travis/build/icyphy/ptII/lib/JRI.jar:/home/travis/build/icyphy/ptII/lib/commons-lang-2.6.jar:/home/travis/build/icyphy/ptII/lib/commons-logging-1.1.1.jar:/home/travis/build/icyphy/ptII/lib/sootclasses.jar:/home/travis/build/icyphy/ptII/ptolemy/actor/lib/database/mysql-connector-java-5.1.6-bin.jar:/home/travis/build/icyphy/ptII/vendors/misc/sphinx4/sphinx4-data-5prealpha.jar:/home/travis/build/icyphy/ptII/vendors/misc/sphinx4/sphinx4-core-5prealpha.jar:/home/travis/build/icyphy/ptII/lib/PDFRenderer.jar:/home/travis/build/icyphy/ptII/lib/svgSalamander.jar:/home/travis/build/icyphy/ptII/lib/rsyntaxtextarea-2.6.0-SNAPSHOT.jar:/home/travis/build/icyphy/ptII/lib/hazelcast-3.8.2.jar:/home/travis/build/icyphy/ptII/lib/jackson-annotations-2.9.0.jar:/home/travis/build/icyphy/ptII/lib/jackson-core-2.9.3.jar:/home/travis/build/icyphy/ptII/lib/jackson-databind-2.9.3.jar:/home/travis/build/icyphy/ptII/lib/netty-buffer-4.1.19.Final.jar:/home/travis/build/icyphy/ptII/lib/netty-codec-4.1.19.Final.jar:/home/travis/build/icyphy/ptII/lib/netty-codec-dns-4.1.19.Final.jar:/home/travis/build/icyphy/ptII/lib/netty-codec-http-4.1.19.Final.jar:/home/travis/build/icyphy/ptII/lib/netty-codec-http2-4.1.19.Final.jar:/home/travis/build/icyphy/ptII/lib/netty-common-4.1.19.Final.jar:/home/travis/build/icyphy/ptII/lib/netty-handler-4.1.19.Final.jar:/home/travis/build/icyphy/ptII/lib/netty-resolver-4.1.19.Final.jar:/home/travis/build/icyphy/ptII/lib/netty-resolver-dns-4.1.19.Final.jar:/home/travis/build/icyphy/ptII/lib/netty-transport-4.1.19.Final.jar:/home/travis/build/icyphy/ptII/lib/vertx-codegen-3.5.1.jar:/home/travis/build/icyphy/ptII/lib/vertx-core-3.5.2-SNAPSHOT.jar:/home/travis/build/icyphy/ptII/lib/vertx-hazelcast-3.5.1.jar:/home/travis/build/icyphy/ptII/lib/vertx-lang-js-3.5.1.jar:/home/travis/build/icyphy/ptII/lib/vertx-service-proxy-3.5.1.jar:/home/travis/build/icyphy/ptII/lib/vertx-web-3.5.1.jar:/home/travis/build/icyphy/ptII/lib/slf4j-api-1.7.13.jar:/home/travis/build/icyphy/ptII/lib/slf4j-simple-1.7.13.jar:/home/travis/build/icyphy/ptII/lib/webcam-capture-0.3.12.jar:/home/travis/build/icyphy/ptII/lib/bridj-0.7.0.jar:/home/travis/build/icyphy/ptII/lib/xbjlib-1.1.0.nrjavaserial.jar" />
    <property name="test.batch" value="**/junit/*.java" />
    <property name="env._" value="/usr/bin/timeout" />
    <property name="java.io.tmpdir" value="/tmp" />
    <property name="env.TRAVIS_INTERNAL_RUBY_REGEX" value="^ruby-(2\.[0-2]\.[0-9]|1\.9\.3)" />
    <property name="user.language" value="en" />
    <property name="env.HISTCONTROL" value="ignoredups:ignorespace" />
    <property name="env.GOROOT" value="/home/travis/.gimme/versions/go1.7.4.linux.amd64" />
    <property name="line.separator" value="&#xa;" />
    <property name="target" value="1.8" />
    <property name="env.TRAVIS_BUILD_DIR" value="/home/travis/build/icyphy/ptII" />
    <property name="env.ANT_OPTS" value="-Xmx2048m" />
    <property name="ant.file.type" value="file" />
    <property name="ptolemy.ptII.batchMode" value="true" />
    <property name="env.HISTSIZE" value="1000" />
    <property name="env.MERB_ENV" value="test" />
    <property name="java.vm.info" value="mixed mode" />
    <property name="source" value="1.8" />
    <property name="java.vm.specification.name" value="Java Virtual Machine Specification" />
    <property name="env.TRAVIS_TEST_RESULT" value="0" />
    <property name="jsdoc.command" value="node_modules/@terraswarm/jsdoc/jsdoc.js" />
    <property name="npm.works" value="true" />
    <property name="cobertura.dir" value="/home/travis/build/icyphy/ptII/vendors/cobertura-2.0.3" />
    <property name="env.rvm_path" value="/home/travis/.rvm" />
    <property name="env.GEM_PATH" value="/home/travis/.rvm/gems/ruby-2.4.1:/home/travis/.rvm/gems/ruby-2.4.1@global" />
    <property name="env.LC_CTYPE" value="en_US.UTF-8" />
    <property name="java.awt.printerjob" value="sun.print.PSPrinterJob" />
    <property name="env.TRAVIS_CMD" value="$PTII/bin/ptIITravisBuild.sh $SECONDS" />
    <property name="env.TRAVIS_STACK_NAME" value="garnet" />
    <property name="env.TRAVIS_TIMER_START_TIME" value="1537581920750790681" />
    <property name="ant.version" value="Apache Ant(TM) version 1.10.1 compiled on February 2 2017" />
    <property name="ptII.reports" value="/home/travis/build/icyphy/ptII/reports" />
    <property name="env.TRAVIS_STACK_TIMESTAMP" value="2017-12-05 19:33:09 UTC" />
    <property name="ant.file.type.ptII" value="file" />
    <property name="env.RBENV_SHELL" value="bash" />
    <property name="os.name" value="Linux" />
    <property name="java.specification.vendor" value="Oracle Corporation" />
    <property name="env.rvm_version" value="1.29.3 (latest)" />
    <property name="env.TRAVIS_INFRA" value="gce" />
    <property name="env.TERM" value="xterm" />
    <property name="java.vm.name" value="Java HotSpot(TM) 64-Bit Server VM" />
    <property name="env.TRAVIS_BUILD_NUMBER" value="739" />
    <property name="env.CI" value="true" />
    <property name="java.library.path" value="/home/travis/pthla/certi-tools/lib:/usr/lib/jni:/usr/local/share/OpenCV/java/:/usr/share/OpenCV/java::/usr/java/packages/lib/amd64:/usr/lib64:/lib64:/lib:/usr/lib" />
    <property name="env.rvm_prefix" value="/home/travis" />
    <property name="env.PATH" value="/home/travis/pthla/certi-tools/share/scripts:/home/travis/.rvm/gems/ruby-2.4.1/bin:/home/travis/.rvm/gems/ruby-2.4.1@global/bin:/home/travis/.rvm/rubies/ruby-2.4.1/bin:/home/travis/.rvm/bin:/home/travis/.nvm/versions/node/v7.10.1/bin:./node_modules/.bin:/home/travis/build/icyphy/ptII/bin:/home/travis/pthla/certi-tools/bin:/home/travis/bin:/home/travis/.local/bin:/opt/pyenv/shims:/home/travis/.phpenv/shims:/home/travis/perl5/perlbrew/bin:/home/travis/.kiex/elixirs/elixir-1.4.5/bin:/home/travis/.kiex/bin:/home/travis/gopath/bin:/home/travis/.gimme/versions/go1.7.4.linux.amd64/bin:/usr/local/phantomjs/bin:/usr/local/phantomjs:/usr/local/neo4j-3.2.7/bin:/usr/local/maven-3.5.2/bin:/usr/local/cmake-3.9.2/bin:/usr/local/clang-5.0.0/bin:/usr/local/sbin:/usr/local/bin:/usr/sbin:/usr/bin:/sbin:/bin:/home/travis/.phpenv/bin:/opt/pyenv/bin:/home/travis/.yarn/bin" />
    <property name="env.TRAVIS_OS_NAME" value="linux" />
    <property name="ant.java.version" value="1.8" />
    <property name="basedir" value="/home/travis/build/icyphy/ptII" />
    <property name="java.class.version" value="52.0" />
    <property name="env.SHLVL" value="3" />
    <property name="env.LD_LIBRARY_PATH" value="/home/travis/pthla/certi-tools/lib:/usr/lib/jni:/usr/local/share/OpenCV/java/:/usr/share/OpenCV/java:" />
    <property name="env.RACK_ENV" value="test" />
    <property name="ant.home" value="/home/travis/build/icyphy/ptII/ant" />
    <property name="env.NVM_DIR" value="/home/travis/.nvm" />
    <property name="env.PERLBREW_BASHRC_VERSION" value="0.80" />
    <property name="env.CERTI_FOM_PATH" value="/home/travis/pthla/certi-tools/share/federations" />
    <property name="env.TRAVIS_BUILD_ID" value="431753191" />
    <property name="env.PYENV_ROOT" value="/opt/pyenv" />
    <property name="env.TRAVIS_UID" value="2000" />
    <property name="env.rvm_pretty_print_flag" value="auto" />
    <property name="env.NVM_BIN" value="/home/travis/.nvm/versions/node/v7.10.1/bin" />
    <property name="env.TRAVIS_COMMIT" value="1249563af6184b9dca3f37daf1208c27ba2ef8f6" />
    <property name="env._system_arch" value="x86_64" />
    <property name="node.executable" value="node" />
    <property name="sun.boot.library.path" value="/usr/lib/jvm/java-8-oracle/jre/lib/amd64" />
    <property name="sun.management.compiler" value="HotSpot 64-Bit Tiered Compilers" />
    <property name="env.GOPATH" value="/home/travis/gopath" />
    <property name="java.awt.graphicsenv" value="sun.awt.X11GraphicsEnvironment" />
    <property name="ptolemy.ptII.dir" value="/home/travis/build/icyphy/ptII" />
    <property name="env.USER" value="travis" />
    <property name="env.HISTFILESIZE" value="2000" />
    <property name="timeout.longest" value="19000000" />
    <property name="env.TRAVIS_STACK_FEATURES" value="basic cassandra chromium couchdb disabled-ipv6 docker docker-compose elasticsearch firefox go-toolchain google-chrome jdk memcached mongodb mysql neo4j nodejs_interpreter perl_interpreter perlbrew phantomjs postgresql python_interpreter rabbitmq redis riak ruby_interpreter sqlite xserver" />
    <property name="env.TRAVIS_PULL_REQUEST" value="false" />
    <property name="env.PYENV_SHELL" value="bash" />
    <property name="ant.project.name" value="ptII" />
    <property name="env.ANSI_RESET" value="\033[0m" />
    <property name="java.vm.specification.version" value="1.8" />
    <property name="env.TRAVIS_DIST" value="trusty" />
    <property name="env.CERTI_VERSION" value="4.0.0" />
    <property name="env.NLSPATH" value="/usr/dt/lib/nls/msg/%L/%N.cat" />
    <property name="env.CERTI_HOST" value="localhost" />
    <property name="awt.toolkit" value="sun.awt.X11.XToolkit" />
    <property name="env.MY_RUBY_HOME" value="/home/travis/.rvm/rubies/ruby-2.4.1" />
    <property name="sun.cpu.isalist" value="" />
    <property name="env.TRAVIS_TMPDIR" value="/tmp/tmp.NiWV5QPunf" />
    <property name="java.ext.dirs" value="/usr/lib/jvm/java-8-oracle/jre/lib/ext:/usr/java/packages/lib/ext" />
    <property name="os.version" value="4.4.0-101-generic" />
    <property name="user.home" value="/home/travis" />
    <property name="env.MIX_ARCHIVES" value="/home/travis/.kiex/mix/elixir-1.4.5" />
    <property name="java.vm.vendor" value="Oracle Corporation" />
    <property name="env.TRAVIS_TAG" value="nightly" />
    <property name="env.ANSI_YELLOW" value="\033[33;1m" />
    <property name="env.TRAVIS_FILTERED" value="redirect_io" />
    <property name="env.ANSI_GREEN" value="\033[32;1m" />
    <property name="env.PTII" value="/home/travis/build/icyphy/ptII" />
    <property name="env.JAVA_HOME" value="/usr/lib/jvm/java-8-oracle" />
    <property name="javadoc.excludepackagenames" value="adm.cvs2svn.*,build.*,config.*,doc.coding.templates.*,jni.test.jni.meaningOfLife.*,jni.test.jni.testDeux.*,jni.test.jni.testTrois.*,org.terraswarm.accessor.accessors.web.node_modules.*,org.terraswarm.accessor.accessors.web.hosts.cordova.demo.*,org.terraswarm.accessor.accessors.web.hosts.cordova.plugins.*,org.terraswarm.accessor.accessors-svn.*,pt-modules.*,ptolemy.apps.agilent.*,ptolemy.apps.anytimecontrol.*,ptolemy.apps.apes.*,ptolemy.apps.charon.*,ptolemy.apps.crazyboard.*,ptolemy.apps.eclipse.*,ptolemy.apps.etherealSting.*,ptolemy.apps.fullscreen.*,ptolemy.apps.giotto.*,ptolemy.apps.ia.*,ptolemy.apps.interfaces.*,ptolemy.apps.jmf.*,ptolemy.apps.kurt.*,ptolemy.apps.kvm.*,ptolemy.apps.lego.*,ptolemy.apps.lejos.*,ptolemy.apps.midp.*,ptolemy.apps.mobileCoding.*,ptolemy.apps.pendulum.*,ptolemy.apps.rijndael.*,ptolemy.apps.robot.*,ptolemy.apps.security.*,ptolemy.apps.sobel.*,ptolemy.apps.soot.*,ptolemy.apps.throttle.*,ptolemy.apps.tini.*,ptolemy.apps.transmission.*,ptolemy.apps.vergil.*,ptolemy.apps.waba.*,ptolemy.apps.websensor.*,ptolemy.apps.webstart.*,ptolemy.apps.xsl.*,ptolemy.apps.zaurus.*,ptolemy.backtrack.eclipse.plugin.*,ptolemy.backtrack.test.*,ptolemy.codegen.c.actor.lib.oldJavaFiles.*,ptolemy.codegen.dsp.lib.*,ptolemy.codegen.kernel.newInterfaces.*,ptolemy.codegen.lib.*,ptolemy.copernicus.kernel.fragment.*,ptolemy.copernicus.shallow.cg.*,ptolemy.domains.giotto.demo.Hierarchy.Hierarchy.*,ptolemy.domains.giotto.demo.Multimode.Multimode.*,ptolemy.domains.giotto.demo.Simple.Simple.*,ptolemy.domains.gr.lib.experimental.*,ptolemy.domains.gro.*,ptolemy.domains.pdf.*,ptolemy.domains.ptinyos.demo.Surge.output.*,ptolemy.moml.test.NoPackageActor.java*,ptolemy.plot.adm.*,ptolemy.plot.servlet.*,reports.*,signed.*,src.*,target.*,vendors.*,ptolemy.cg.adapter.generic.program.procedural.c.mbed*,ptolemy.actor.lib.fmi.fmus.omc*,ptolemy.domains.openmodelica*,ptdb.kernel.bl.save.test.*,ptdb.kernel.bl.load.test.*,ptdb.kernel.bl.search.test.*,ptdb.kernel.bl.migration.test.*,ptdb.kernel.database.test.*,ptdb.test.*,ptdb.gui.test.*,org.ptolemy.scala.*,diva.util.java2d.svg.*,ptolemy.domains.ptinyos.*,ptolemy.actor.lib.fmi.fmipp.*,,org.terraswarm.accessor.accessors.web.node_modules.*,org.terraswarm.accessor.accessors-svn,ptolemy.apps.*,ptolemy.actor.ptalon.demo.ptinyos.SendAndReceiveCnt.output,ptolemy.actor.ptalon.demo.ptinyos.SenseToLeds.output,ptolemy.domains.ptinyos.demo.CntToLedsAndRfm.output,ptolemy.domains.ptinyos.demo.RfmToLeds.output,ptolemy.domains.ptinyos.demo.SendAndReceiveCnt.output,ptolemy.domains.ptinyos.demo.SenseToLeds.output,ptolemy.actor.lib.jjs.modules.udpSocket.*" />
    <property name="env.TRAVIS_COMMIT_MESSAGE" value="UPdates to seating chart" />
    <property name="keystore" value="ptKeystore" />
    <property name="env.XDG_SESSION_ID" value="2" />
    <property name="junit.output.dir" value="/home/travis/build/icyphy/ptII/reports/junit" />
    <property name="npm.return.code" value="0" />
    <property name="user.dir" value="/home/travis/build/icyphy/ptII/ptolemy/domains/de/test" />
    <property name="env.TRAVIS_NODE_VERSION" value="7" />
    <property name="env.XFILESEARCHPATH" value="/usr/dt/app-defaults/%L/Dt" />
    <property name="env.TRAVIS_EVENT_TYPE" value="cron" />
    <property name="env.MAIL" value="/var/mail/travis" />
    <property name="env.PWD" value="/home/travis/build/icyphy/ptII" />
    <property name="env.PERLBREW_ROOT" value="/home/travis/perl5/perlbrew" />
    <property name="timeout.npm" value="45000" />
    <property name="env.PT_TRAVIS_TEST_CORE2_XML" value="true" />
    <property name="env.TRAVIS_ARCH" value="amd64" />
    <property name="env.PAGER" value="cat" />
    <property name="sun.cpu.endian" value="little" />
    <property name="env.TRAVIS_BUILD_STAGE_NAME" value="Test" />
    <property name="env.PERLBREW_HOME" value="/home/travis/.perlbrew" />
    <property name="java.vm.version" value="25.151-b12" />
    <property name="env.RAILS_ENV" value="test" />
    <property name="java.class.path" value="/home/travis/build/icyphy/ptII:/home/travis/build/icyphy/ptII/lib/bsh-2.0b4.jar:/home/travis/build/icyphy/ptII/lib/ptCal.jar:/home/travis/build/icyphy/ptII/lib/java_cup.jar:/home/travis/build/icyphy/ptII/lib/saxon8.jar:/home/travis/build/icyphy/ptII/lib/saxon8-dom.jar:/home/travis/build/icyphy/ptII/lib/chic.jar:/home/travis/build/icyphy/ptII/lib/ptcolt.jar:/usr/lib/jvm/java-8-oracle/lib/tools.jar:/usr/lib/eclipse/plugins/org.eclipse.jdt.core_3.8.2.dist.jar:/usr/lib/eclipse/plugins/org.eclipse.core.runtime_3.8.0.dist.jar:/usr/lib/eclipse/plugins/org.eclipse.osgi_3.8.1.dist.jar:/usr/lib/eclipse/plugins/org.eclipse.core.resources_3.8.1.dist.jar:/usr/lib/eclipse/plugins/org.eclipse.equinox.common_3.6.100.dist.jar:/usr/lib/eclipse/plugins/org.eclipse.core.jobs_3.5.200.dist.jar:/usr/lib/eclipse/plugins/org.eclipse.core.contenttype_3.4.200.dist.jar:/usr/lib/eclipse/plugins/org.eclipse.equinox.preferences_3.5.0.dist.jar:/usr/lib/eclipse/plugins/org.eclipse.text_3.5.200.dist.jar:/usr/lib/eclipse/plugins/org.eclipse.ui.workbench_3.8.1.dist.jar:/usr/lib/eclipse/plugins/org.eclipse.jface_3.8.0.dist.jar:/usr/lib/eclipse/plugins/org.eclipse.swt_3.8.2.jar:/usr/lib/eclipse/plugins/org.eclipse.jface.text_3.8.1.dist.jar:/usr/lib/eclipse/plugins/org.eclipse.ui.workbench.texteditor_3.8.0.dist.jar:/usr/lib/eclipse/plugins/org.eclipse.ui.editors_3.8.0.dist.jar:/usr/lib/eclipse/plugins/org.eclipse.core.commands_3.6.1.dist.jar:/usr/lib/eclipse/plugins/org.eclipse.equinox.registry_3.5.200.dist.jar:/usr/lib/eclipse/plugins/org.eclipse.ui.console_3.5.100.dist.jar:/usr/lib/eclipse/plugins/org.eclipse.ui.forms_3.5.200.dist.jar:/usr/lib/eclipse/plugins/org.eclipse.ui.ide_3.8.1.dist.jar:/home/travis/build/icyphy/ptII/vendors/oracle/dbxml.jar:/home/travis/build/icyphy/ptII/vendors/oracle/db.jar:/home/travis/build/icyphy/ptII/vendors/misc/itext/iText.jar:/home/travis/build/icyphy/ptII/lib/g4ltl.jar:/home/travis/build/icyphy/ptII/lib/StructuralCoder.jar:/home/travis/build/icyphy/ptII/lib/org-openide-util.jar:/home/travis/build/icyphy/ptII/lib/org-openide-util-lookup.jar:/home/travis/build/icyphy/ptII/lib/org-netbeans-api-visual.jar:/home/travis/build/icyphy/ptII/vendors/jai-1_1_2_01/lib/jai_core.jar:/home/travis/build/icyphy/ptII/vendors/jai-1_1_2_01/lib/jai_codec.jar:/home/travis/build/icyphy/ptII/lib/jcerti.jar:/home/travis/build/icyphy/ptII/lib/smack.jar:/home/travis/build/icyphy/ptII/lib/smackx.jar:/home/travis/build/icyphy/ptII/lib/jetty-all-8.1.5-v20120716.jar:/home/travis/build/icyphy/ptII/lib/javax.servlet-api-3.0.1.jar:/home/travis/build/icyphy/ptII/lib/javax.mail.jar:/home/travis/build/icyphy/ptII/vendors/JMF-2.1.1e/lib/jmf.jar:/home/travis/build/icyphy/ptII/lib/jna-4.0.0-variadic.jar:/home/travis/build/icyphy/ptII/vendors/misc/joystick/Joystick.jar:/home/travis/build/icyphy/ptII/lib/ptjacl.jar:/home/travis/build/icyphy/ptII/lib/jsoup-1.8.2.jar:/home/travis/build/icyphy/ptII/lib/junit-4.8.2.jar:/home/travis/build/icyphy/ptII/lib/JUnitParams-0.4.0.jar:/home/travis/build/icyphy/ptII/ptolemy/actor/lib/excel/jxl.jar:/home/travis/build/icyphy/ptII/lib/jython.jar:/home/travis/build/icyphy/ptII/lib/kieler.jar:/home/travis/build/icyphy/ptII/vendors/opencv/share/OpenCV/java/opencv-341.jar:/home/travis/build/icyphy/ptII/lib/oscP5.jar:/home/travis/build/icyphy/ptII/lib/nrjavaserial-3.11.0.devel.jar:/home/travis/build/icyphy/ptII/vendors/j3d/lib/j3dcore.jar:/home/travis/build/icyphy/ptII/vendors/j3d/lib/j3dutils.jar:/home/travis/build/icyphy/ptII/vendors/j3d/lib/vecmath.jar:/home/travis/build/icyphy/ptII/ptolemy/distributed/jini/jar/jini-core.jar:/home/travis/build/icyphy/ptII/ptolemy/distributed/jini/jar/jini-ext.jar:/home/travis/build/icyphy/ptII/ptolemy/distributed/jini/jar/sun-util.jar:/home/travis/build/icyphy/ptII/lib/protobuf-java-2.4.1.jar:/home/travis/build/icyphy/ptII/lib/org.eclipse.paho.client.mqttv3.jar:/home/travis/build/icyphy/ptII/ptserver/lib/hessian-4.0.7.jar:/home/travis/build/icyphy/ptII/ptserver/lib/wmqtt.jar:/home/travis/build/icyphy/ptII/lib/mapss.jar:/home/travis/build/icyphy/ptII/ptolemy/actor/ptalon/antlr/antlr.jar:/home/travis/build/icyphy/ptII/lib/JRI.jar:/home/travis/build/icyphy/ptII/lib/commons-lang-2.6.jar:/home/travis/build/icyphy/ptII/lib/commons-logging-1.1.1.jar:/home/travis/build/icyphy/ptII/lib/sootclasses.jar:/home/travis/build/icyphy/ptII/ptolemy/actor/lib/database/mysql-connector-java-5.1.6-bin.jar:/home/travis/build/icyphy/ptII/vendors/misc/sphinx4/sphinx4-data-5prealpha.jar:/home/travis/build/icyphy/ptII/vendors/misc/sphinx4/sphinx4-core-5prealpha.jar:/home/travis/build/icyphy/ptII/lib/PDFRenderer.jar:/home/travis/build/icyphy/ptII/lib/svgSalamander.jar:/home/travis/build/icyphy/ptII/lib/rsyntaxtextarea-2.6.0-SNAPSHOT.jar:/home/travis/build/icyphy/ptII/lib/hazelcast-3.8.2.jar:/home/travis/build/icyphy/ptII/lib/jackson-annotations-2.9.0.jar:/home/travis/build/icyphy/ptII/lib/jackson-core-2.9.3.jar:/home/travis/build/icyphy/ptII/lib/jackson-databind-2.9.3.jar:/home/travis/build/icyphy/ptII/lib/netty-buffer-4.1.19.Final.jar:/home/travis/build/icyphy/ptII/lib/netty-codec-4.1.19.Final.jar:/home/travis/build/icyphy/ptII/lib/netty-codec-dns-4.1.19.Final.jar:/home/travis/build/icyphy/ptII/lib/netty-codec-http-4.1.19.Final.jar:/home/travis/build/icyphy/ptII/lib/netty-codec-http2-4.1.19.Final.jar:/home/travis/build/icyphy/ptII/lib/netty-common-4.1.19.Final.jar:/home/travis/build/icyphy/ptII/lib/netty-handler-4.1.19.Final.jar:/home/travis/build/icyphy/ptII/lib/netty-resolver-4.1.19.Final.jar:/home/travis/build/icyphy/ptII/lib/netty-resolver-dns-4.1.19.Final.jar:/home/travis/build/icyphy/ptII/lib/netty-transport-4.1.19.Final.jar:/home/travis/build/icyphy/ptII/lib/vertx-codegen-3.5.1.jar:/home/travis/build/icyphy/ptII/lib/vertx-core-3.5.2-SNAPSHOT.jar:/home/travis/build/icyphy/ptII/lib/vertx-hazelcast-3.5.1.jar:/home/travis/build/icyphy/ptII/lib/vertx-lang-js-3.5.1.jar:/home/travis/build/icyphy/ptII/lib/vertx-service-proxy-3.5.1.jar:/home/travis/build/icyphy/ptII/lib/vertx-web-3.5.1.jar:/home/travis/build/icyphy/ptII/lib/slf4j-api-1.7.13.jar:/home/travis/build/icyphy/ptII/lib/slf4j-simple-1.7.13.jar:/home/travis/build/icyphy/ptII/lib/webcam-capture-0.3.12.jar:/home/travis/build/icyphy/ptII/lib/bridj-0.7.0.jar:/home/travis/build/icyphy/ptII/lib/xbjlib-1.1.0.nrjavaserial.jar:/home/travis/build/icyphy/ptII/ptolemy/moml/test:/home/travis/build/icyphy/ptII/ant/lib/ant-launcher.jar:/home/travis/build/icyphy/ptII/ant/lib/ant.jar:/home/travis/build/icyphy/ptII/ant/lib/ant-junit.jar:/home/travis/build/icyphy/ptII/ant/lib/ant-junit4.jar" />
    <property name="ant.library.dir" value="/home/travis/build/icyphy/ptII/ant/lib" />
    <property name="os.arch" value="amd64" />
    <property name="env.TRAVIS_LANGUAGE" value="node_js" />
    <property name="env.CONTINUOUS_INTEGRATION" value="true" />
    <property name="env.TRAVIS_STACK_LANGUAGES" value="__garnet__ c c++ clojure cplusplus cpp default go groovy java node_js php pure_java python ruby scala" />
    <property name="test.name" value="ptolemy.actor.lib.test.junit.JUnitTclTest" />
    <property name="sun.java.launcher" value="SUN_STANDARD" />
    <property name="env.PYTHON_CONFIGURE_OPTS" value="--enable-unicode=ucs4 --with-wide-unicode --enable-shared --enable-ipv6 --enable-loadable-sqlite-extensions --with-computed-gotos" />
    <property name="ant.core.lib" value="/home/travis/build/icyphy/ptII/ant/lib/ant.jar" />
    <property name="java.vm.specification.vendor" value="Oracle Corporation" />
    <property name="env.BCVTB_HOME" value="/home/travis/build/icyphy/ptII/lbnl" />
    <property name="file.separator" value="/" />
    <property name="java.runtime.version" value="1.8.0_151-b12" />
    <property name="spotbugs.home" value="/home/travis/build/icyphy/ptII/vendors/spotbugs-3.1.1" />
    <property name="sun.boot.class.path" value="/usr/lib/jvm/java-8-oracle/jre/lib/resources.jar:/usr/lib/jvm/java-8-oracle/jre/lib/rt.jar:/usr/lib/jvm/java-8-oracle/jre/lib/sunrsasign.jar:/usr/lib/jvm/java-8-oracle/jre/lib/jsse.jar:/usr/lib/jvm/java-8-oracle/jre/lib/jce.jar:/usr/lib/jvm/java-8-oracle/jre/lib/charsets.jar:/usr/lib/jvm/java-8-oracle/jre/lib/jfr.jar:/usr/lib/jvm/java-8-oracle/jre/classes" />
    <property name="env.ANSI_CLEAR" value="\033[0K" />
    <property name="env.HAS_JOSH_K_SEAL_OF_APPROVAL" value="true" />
    <property name="env.TRAVIS_OSX_IMAGE" value="" />
    <property name="env.XDG_RUNTIME_DIR" value="/run/user/2000" />
    <property name="env.TRAVIS_JOB_ID" value="431753200" />
    <property name="env.TRAVIS_BRANCH" value="master" />
    <property name="user.country" value="US" />
    <property name="env.CERTI_HOME_TRAVIS" value="/home/travis/pthla/certi-tools" />
    <property name="env.SHELL" value="/bin/bash" />
    <property name="model" value="" />
    <property name="java.maxmemory.large" value="5000m" />
    <property name="env.CASHER_DIR" value="/home/travis/.casher" />
    <property name="env.NVM_CD_FLAGS" value="" />
    <property name="jshint.executable" value="/home/travis/node_modules/jshint/bin/jshint" />
    <property name="env.JRUBY_OPTS" value=" --client -J-XX:+TieredCompilation -J-XX:TieredStopAtLevel=1 -J-Xss2m -Xcompile.invokedynamic=false" />
    <property name="java.vendor" value="Oracle Corporation" />
    <property name="env.TRAVIS_PRE_CHEF_BOOTSTRAP_TIME" value="2017-12-05T19:32:55" />
    <property name="env.TRAVIS_STACK_JOB_BOARD_REGISTER" value="/.job-board-register.yml" />
    <property name="env.ELIXIR_VERSION" value="1.4.5" />
    <property name="env.ANSI_RED" value="\033[31;1m" />
    <property name="java.specification.version" value="1.8" />
    <property name="env.TRAVIS" value="true" />
    <property name="env.IRBRC" value="/home/travis/.rvm/rubies/ruby-2.4.1/.irbrc" />
    <property name="sun.arch.data.model" value="64" />
  </properties>
  <testcase classname="ptolemy.util.test.junit.TclTests" name="[0] /home/travis/build/icyphy/ptII/ptolemy/domains/de/test/DependencyLoop.tcl (RunTclFile)" time="0.729" />
  <testcase classname="ptolemy.util.test.junit.TclTests" name="[1] /home/travis/build/icyphy/ptII/ptolemy/domains/de/test/RunDETestsAsQSS.tcl (RunTclFile)" time="90.035" />
  <testcase classname="ptolemy.util.test.junit.AutoKnownFailedTests" name="[0] /home/travis/build/icyphy/ptII/ptolemy/domains/de/test/auto/knownFailedTests/DESDFClockTest.xml (RunModel)" time="2.035" />
  <testcase classname="ptolemy.util.test.junit.AutoKnownFailedTests" name="[1] /home/travis/build/icyphy/ptII/ptolemy/domains/de/test/auto/knownFailedTests/DirectFeedback.xml (RunModel)" time="0.01" />
  <testcase classname="ptolemy.util.test.junit.AutoKnownFailedTests" name="[2] /home/travis/build/icyphy/ptII/ptolemy/domains/de/test/auto/knownFailedTests/FSMSource.xml (RunModel)" time="0.019" />
  <testcase classname="ptolemy.util.test.junit.AutoKnownFailedTests" name="[3] /home/travis/build/icyphy/ptII/ptolemy/domains/de/test/auto/knownFailedTests/HierarchicalModel.xml (RunModel)" time="0.043" />
  <testcase classname="ptolemy.util.test.junit.AutoKnownFailedTests" name="[4] /home/travis/build/icyphy/ptII/ptolemy/domains/de/test/auto/knownFailedTests/dependencyLoop.xml (RunModel)" time="0.046" />
  <testcase classname="ptolemy.util.test.junit.AutoKnownFailedTests" name="[5] /home/travis/build/icyphy/ptII/ptolemy/domains/de/test/auto/knownFailedTests/dependencyLoop2.xml (RunModel)" time="0.047" />
  <testcase classname="ptolemy.util.test.junit.AutoNameArchTests" name="[0] ThereAreNoAutoArchTests (RunModel)" time="0.003" />
  <testcase classname="ptolemy.util.test.junit.AutoTests" name="[0] /home/travis/build/icyphy/ptII/ptolemy/domains/de/test/auto/ActorDepthCalculation_actorWithoutPorts.xml (RunModel)" time="0.016" />
  <testcase classname="ptolemy.util.test.junit.AutoTests" name="[1] /home/travis/build/icyphy/ptII/ptolemy/domains/de/test/auto/AssemblyLine.xml (RunModel)" time="0.022" />
  <testcase classname="ptolemy.util.test.junit.AutoTests" name="[2] /home/travis/build/icyphy/ptII/ptolemy/domains/de/test/auto/CQBug1.xml (RunModel)" time="0.011" />
  <testcase classname="ptolemy.util.test.junit.AutoTests" name="[3] /home/travis/build/icyphy/ptII/ptolemy/domains/de/test/auto/CancelFireAt.xml (RunModel)" time="0.009" />
  <testcase classname="ptolemy.util.test.junit.AutoTests" name="[4] /home/travis/build/icyphy/ptII/ptolemy/domains/de/test/auto/CausalityAndComposabilityAnalysis.xml (RunModel)" time="0.018" />
  <testcase classname="ptolemy.util.test.junit.AutoTests" name="[5] /home/travis/build/icyphy/ptII/ptolemy/domains/de/test/auto/CausalityInterface1.xml (RunModel)" time="0.015" />
  <testcase classname="ptolemy.util.test.junit.AutoTests" name="[6] /home/travis/build/icyphy/ptII/ptolemy/domains/de/test/auto/CausalityInterface15.xml (RunModel)" time="0.016" />
  <testcase classname="ptolemy.util.test.junit.AutoTests" name="[7] /home/travis/build/icyphy/ptII/ptolemy/domains/de/test/auto/CausalityInterface2.xml (RunModel)" time="0.015" />
  <testcase classname="ptolemy.util.test.junit.AutoTests" name="[8] /home/travis/build/icyphy/ptII/ptolemy/domains/de/test/auto/CausalityInterface3.xml (RunModel)" time="0.017" />
  <testcase classname="ptolemy.util.test.junit.AutoTests" name="[9] /home/travis/build/icyphy/ptII/ptolemy/domains/de/test/auto/ClockDrift.xml (RunModel)" time="0.053" />
  <testcase classname="ptolemy.util.test.junit.AutoTests" name="[10] /home/travis/build/icyphy/ptII/ptolemy/domains/de/test/auto/ClockDriftAndValueChange.xml (RunModel)" time="0.034" />
  <testcase classname="ptolemy.util.test.junit.AutoTests" name="[11] /home/travis/build/icyphy/ptII/ptolemy/domains/de/test/auto/ClockDriftChange.xml (RunModel)" time="0.035" />
  <testcase classname="ptolemy.util.test.junit.AutoTests" name="[12] /home/travis/build/icyphy/ptII/ptolemy/domains/de/test/auto/ComposableCausalityAnalysis.xml (RunModel)" time="0.016" />
  <testcase classname="ptolemy.util.test.junit.AutoTests" name="[13] /home/travis/build/icyphy/ptII/ptolemy/domains/de/test/auto/DEFixedPointLimitation.xml (RunModel)" time="0.01" />
  <testcase classname="ptolemy.util.test.junit.AutoTests" name="[14] /home/travis/build/icyphy/ptII/ptolemy/domains/de/test/auto/DEScheduleTest.xml (RunModel)" time="0.036" />
  <testcase classname="ptolemy.util.test.junit.AutoTests" name="[15] /home/travis/build/icyphy/ptII/ptolemy/domains/de/test/auto/DEinDEwithStartTimes.xml (RunModel)" time="0.026" />
  <testcase classname="ptolemy.util.test.junit.AutoTests" name="[16] /home/travis/build/icyphy/ptII/ptolemy/domains/de/test/auto/DEinDEwithStartTimes2.xml (RunModel)" time="0.018" />
  <testcase classname="ptolemy.util.test.junit.AutoTests" name="[17] /home/travis/build/icyphy/ptII/ptolemy/domains/de/test/auto/DateDemo.xml (RunModel)" time="0.042" />
  <testcase classname="ptolemy.util.test.junit.AutoTests" name="[18] /home/travis/build/icyphy/ptII/ptolemy/domains/de/test/auto/DateToEvent.xml (RunModel)" time="2.049" />
  <testcase classname="ptolemy.util.test.junit.AutoTests" name="[19] /home/travis/build/icyphy/ptII/ptolemy/domains/de/test/auto/DepthTest1.xml (RunModel)" time="0.014" />
  <testcase classname="ptolemy.util.test.junit.AutoTests" name="[20] /home/travis/build/icyphy/ptII/ptolemy/domains/de/test/auto/DepthTest2.xml (RunModel)" time="0.026" />
  <testcase classname="ptolemy.util.test.junit.AutoTests" name="[21] /home/travis/build/icyphy/ptII/ptolemy/domains/de/test/auto/DepthTest3.xml (RunModel)" time="0.014" />
  <testcase classname="ptolemy.util.test.junit.AutoTests" name="[22] /home/travis/build/icyphy/ptII/ptolemy/domains/de/test/auto/DepthTest4.xml (RunModel)" time="0.013" />
  <testcase classname="ptolemy.util.test.junit.AutoTests" name="[23] /home/travis/build/icyphy/ptII/ptolemy/domains/de/test/auto/DepthTest5.xml (RunModel)" time="0.018" />
  <testcase classname="ptolemy.util.test.junit.AutoTests" name="[24] /home/travis/build/icyphy/ptII/ptolemy/domains/de/test/auto/DepthTest6.xml (RunModel)" time="0.012" />
  <testcase classname="ptolemy.util.test.junit.AutoTests" name="[25] /home/travis/build/icyphy/ptII/ptolemy/domains/de/test/auto/DepthTest7.xml (RunModel)" time="0.012" />
  <testcase classname="ptolemy.util.test.junit.AutoTests" name="[26] /home/travis/build/icyphy/ptII/ptolemy/domains/de/test/auto/EventToDate.xml (RunModel)" time="3.034" />
  <testcase classname="ptolemy.util.test.junit.AutoTests" name="[27] /home/travis/build/icyphy/ptII/ptolemy/domains/de/test/auto/FSM1.xml (RunModel)" time="0.03" />
  <testcase classname="ptolemy.util.test.junit.AutoTests" name="[28] /home/travis/build/icyphy/ptII/ptolemy/domains/de/test/auto/FSM7.xml (RunModel)" time="0.02" />
  <testcase classname="ptolemy.util.test.junit.AutoTests" name="[29] /home/travis/build/icyphy/ptII/ptolemy/domains/de/test/auto/Inspection.xml (RunModel)" time="0.025" />
  <testcase classname="ptolemy.util.test.junit.AutoTests" name="[30] /home/travis/build/icyphy/ptII/ptolemy/domains/de/test/auto/Iteration.xml (RunModel)" time="0.013" />
  <testcase classname="ptolemy.util.test.junit.AutoTests" name="[31] /home/travis/build/icyphy/ptII/ptolemy/domains/de/test/auto/LineFault.xml (RunModel)" time="0.387" />
  <testcase classname="ptolemy.util.test.junit.AutoTests" name="[32] /home/travis/build/icyphy/ptII/ptolemy/domains/de/test/auto/MergeModel1Add.xml (RunModel)" time="0.042" />
  <testcase classname="ptolemy.util.test.junit.AutoTests" name="[33] /home/travis/build/icyphy/ptII/ptolemy/domains/de/test/auto/MergeModel2Add.xml (RunModel)" time="0.04" />
  <testcase classname="ptolemy.util.test.junit.AutoTests" name="[34] /home/travis/build/icyphy/ptII/ptolemy/domains/de/test/auto/MergeModel3Add.xml (RunModel)" time="0.037" />
  <testcase classname="ptolemy.util.test.junit.AutoTests" name="[35] /home/travis/build/icyphy/ptII/ptolemy/domains/de/test/auto/MergeWithoutDiscard.xml (RunModel)" time="0.009" />
  <testcase classname="ptolemy.util.test.junit.AutoTests" name="[36] /home/travis/build/icyphy/ptII/ptolemy/domains/de/test/auto/Modal1.xml (RunModel)" time="0.027" />
  <testcase classname="ptolemy.util.test.junit.AutoTests" name="[37] /home/travis/build/icyphy/ptII/ptolemy/domains/de/test/auto/Modal2.xml (RunModel)" time="0.028" />
  <testcase classname="ptolemy.util.test.junit.AutoTests" name="[38] /home/travis/build/icyphy/ptII/ptolemy/domains/de/test/auto/Modal3.xml (RunModel)" time="0.027" />
  <testcase classname="ptolemy.util.test.junit.AutoTests" name="[39] /home/travis/build/icyphy/ptII/ptolemy/domains/de/test/auto/Modal4.xml (RunModel)" time="0.029" />
  <testcase classname="ptolemy.util.test.junit.AutoTests" name="[40] /home/travis/build/icyphy/ptII/ptolemy/domains/de/test/auto/Modal5.xml (RunModel)" time="0.03" />
  <testcase classname="ptolemy.util.test.junit.AutoTests" name="[41] /home/travis/build/icyphy/ptII/ptolemy/domains/de/test/auto/Modal6.xml (RunModel)" time="0.03" />
  <testcase classname="ptolemy.util.test.junit.AutoTests" name="[42] /home/travis/build/icyphy/ptII/ptolemy/domains/de/test/auto/Modal7.xml (RunModel)" time="0.034" />
  <testcase classname="ptolemy.util.test.junit.AutoTests" name="[43] /home/travis/build/icyphy/ptII/ptolemy/domains/de/test/auto/ModalModel.xml (RunModel)" time="0.17" />
  <testcase classname="ptolemy.util.test.junit.AutoTests" name="[44] /home/travis/build/icyphy/ptII/ptolemy/domains/de/test/auto/ModalSource.xml (RunModel)" time="0.018" />
  <testcase classname="ptolemy.util.test.junit.AutoTests" name="[45] /home/travis/build/icyphy/ptII/ptolemy/domains/de/test/auto/NonInterruptibleTimerZeroDelay.xml (RunModel)" time="0.011" />
  <testcase classname="ptolemy.util.test.junit.AutoTests" name="[46] /home/travis/build/icyphy/ptII/ptolemy/domains/de/test/auto/OpenQueueingNetwork.xml (RunModel)" time="2.505" />
  <testcase classname="ptolemy.util.test.junit.AutoTests" name="[47] /home/travis/build/icyphy/ptII/ptolemy/domains/de/test/auto/OpenQueuingNetwork.xml (RunModel)" time="0.311" />
  <testcase classname="ptolemy.util.test.junit.AutoTests" name="[48] /home/travis/build/icyphy/ptII/ptolemy/domains/de/test/auto/PeriodicSampler.xml (RunModel)" time="0.01" />
  <testcase classname="ptolemy.util.test.junit.AutoTests" name="[49] /home/travis/build/icyphy/ptII/ptolemy/domains/de/test/auto/PersistentIO.xml (RunModel)" time="0.026" />
  <testcase classname="ptolemy.util.test.junit.AutoTests" name="[50] /home/travis/build/icyphy/ptII/ptolemy/domains/de/test/auto/PortParameterResetOnInitialize.xml (RunModel)" time="0.011" />
  <testcase classname="ptolemy.util.test.junit.AutoTests" name="[51] /home/travis/build/icyphy/ptII/ptolemy/domains/de/test/auto/PortParameterUpdates.xml (RunModel)" time="0.015" />
  <testcase classname="ptolemy.util.test.junit.AutoTests" name="[52] /home/travis/build/icyphy/ptII/ptolemy/domains/de/test/auto/QueueAndServer.xml (RunModel)" time="0.024" />
  <testcase classname="ptolemy.util.test.junit.AutoTests" name="[53] /home/travis/build/icyphy/ptII/ptolemy/domains/de/test/auto/Records.xml (RunModel)" time="0.02" />
  <testcase classname="ptolemy.util.test.junit.AutoTests" name="[54] /home/travis/build/icyphy/ptII/ptolemy/domains/de/test/auto/ResetTransitionWithStartTime1.xml (RunModel)" time="0.023" />
  <testcase classname="ptolemy.util.test.junit.AutoTests" name="[55] /home/travis/build/icyphy/ptII/ptolemy/domains/de/test/auto/ResetTransitionWithStartTime2.xml (RunModel)" time="0.023" />
  <testcase classname="ptolemy.util.test.junit.AutoTests" name="[56] /home/travis/build/icyphy/ptII/ptolemy/domains/de/test/auto/ResetTransitionWithStartTime3.xml (RunModel)" time="0.02" />
  <testcase classname="ptolemy.util.test.junit.AutoTests" name="[57] /home/travis/build/icyphy/ptII/ptolemy/domains/de/test/auto/ResetTransitionWithStartTime4.xml (RunModel)" time="0.017" />
  <testcase classname="ptolemy.util.test.junit.AutoTests" name="[58] /home/travis/build/icyphy/ptII/ptolemy/domains/de/test/auto/ResettableTimer1.xml (RunModel)" time="0.01" />
  <testcase classname="ptolemy.util.test.junit.AutoTests" name="[59] /home/travis/build/icyphy/ptII/ptolemy/domains/de/test/auto/ResettableTimer2.xml (RunModel)" time="0.009" />
  <testcase classname="ptolemy.util.test.junit.AutoTests" name="[60] /home/travis/build/icyphy/ptII/ptolemy/domains/de/test/auto/ResettableTimer3.xml (RunModel)" time="0.008" />
  <testcase classname="ptolemy.util.test.junit.AutoTests" name="[61] /home/travis/build/icyphy/ptII/ptolemy/domains/de/test/auto/ResettableTimer4.xml (RunModel)" time="0.008" />
  <testcase classname="ptolemy.util.test.junit.AutoTests" name="[62] /home/travis/build/icyphy/ptII/ptolemy/domains/de/test/auto/ResettableTimer5.xml (RunModel)" time="0.01" />
  <testcase classname="ptolemy.util.test.junit.AutoTests" name="[63] /home/travis/build/icyphy/ptII/ptolemy/domains/de/test/auto/ResettableTimer6.xml (RunModel)" time="0.01" />
  <testcase classname="ptolemy.util.test.junit.AutoTests" name="[64] /home/travis/build/icyphy/ptII/ptolemy/domains/de/test/auto/ServerZeroDelay.xml (RunModel)" time="0.009" />
  <testcase classname="ptolemy.util.test.junit.AutoTests" name="[65] /home/travis/build/icyphy/ptII/ptolemy/domains/de/test/auto/SmartSender.xml (RunModel)" time="3.009" />
  <testcase classname="ptolemy.util.test.junit.AutoTests" name="[66] /home/travis/build/icyphy/ptII/ptolemy/domains/de/test/auto/ThreadedComposite.xml (RunModel)" time="0.156" />
  <testcase classname="ptolemy.util.test.junit.AutoTests" name="[67] /home/travis/build/icyphy/ptII/ptolemy/domains/de/test/auto/Time.xml (RunModel)" time="0.441" />
  <testcase classname="ptolemy.util.test.junit.AutoTests" name="[68] /home/travis/build/icyphy/ptII/ptolemy/domains/de/test/auto/TimeDelayZeroDelay.xml (RunModel)" time="0.011" />
  <testcase classname="ptolemy.util.test.junit.AutoTests" name="[69] /home/travis/build/icyphy/ptII/ptolemy/domains/de/test/auto/TimerZeroDelay.xml (RunModel)" time="0.01" />
  <testcase classname="ptolemy.util.test.junit.AutoTests" name="[70] /home/travis/build/icyphy/ptII/ptolemy/domains/de/test/auto/TimingParadox.xml (RunModel)" time="0.379" />
  <testcase classname="ptolemy.util.test.junit.AutoTests" name="[71] /home/travis/build/icyphy/ptII/ptolemy/domains/de/test/auto/TransferInputs.xml (RunModel)" time="0.012" />
  <testcase classname="ptolemy.util.test.junit.AutoTests" name="[72] /home/travis/build/icyphy/ptII/ptolemy/domains/de/test/auto/TransferOutputs2.xml (RunModel)" time="0.019" />
  <testcase classname="ptolemy.util.test.junit.AutoTests" name="[73] /home/travis/build/icyphy/ptII/ptolemy/domains/de/test/auto/Trilateration.xml (RunModel)" time="11.464" />
  <testcase classname="ptolemy.util.test.junit.AutoTests" name="[74] /home/travis/build/icyphy/ptII/ptolemy/domains/de/test/auto/TwoSigmaDelta.xml (RunModel)" time="2.274" />
  <testcase classname="ptolemy.util.test.junit.AutoTests" name="[75] /home/travis/build/icyphy/ptII/ptolemy/domains/de/test/auto/VariableDelay.xml (RunModel)" time="0.016" />
  <testcase classname="ptolemy.util.test.junit.AutoTests" name="[76] /home/travis/build/icyphy/ptII/ptolemy/domains/de/test/auto/VariableDelay2.xml (RunModel)" time="0.01" />
  <testcase classname="ptolemy.util.test.junit.AutoTests" name="[77] /home/travis/build/icyphy/ptII/ptolemy/domains/de/test/auto/VariableDelayZeroDelay.xml (RunModel)" time="0.009" />
  <testcase classname="ptolemy.util.test.junit.AutoTests" name="[78] /home/travis/build/icyphy/ptII/ptolemy/domains/de/test/auto/VariableDelayZeroDelay2.xml (RunModel)" time="0.014" />
  <testcase classname="ptolemy.util.test.junit.AutoTests" name="[79] /home/travis/build/icyphy/ptII/ptolemy/domains/de/test/auto/deInCt.xml (RunModel)" time="0.016" />
  <testcase classname="ptolemy.util.test.junit.AutoTests" name="[80] /home/travis/build/icyphy/ptII/ptolemy/domains/de/test/auto/deInCt2.xml (RunModel)" time="0.025" />
  <testcase classname="ptolemy.util.test.junit.AutoTests" name="[81] /home/travis/build/icyphy/ptII/ptolemy/domains/de/test/auto/dynamicCausalityInterface1.xml (RunModel)" time="0.019" />
  <testcase classname="ptolemy.util.test.junit.AutoTests" name="[82] /home/travis/build/icyphy/ptII/ptolemy/domains/de/test/auto/fsm_de_test.xml (RunModel)" time="0.033" />
  <testcase classname="ptolemy.util.test.junit.AutoTests" name="[83] /home/travis/build/icyphy/ptII/ptolemy/domains/de/test/auto/functionDependencyReconstruction.xml (RunModel)" time="0.043" />
  <testcase classname="ptolemy.util.test.junit.AutoTests" name="[84] /home/travis/build/icyphy/ptII/ptolemy/domains/de/test/auto/multirate.xml (RunModel)" time="0.016" />
  <testcase classname="ptolemy.util.test.junit.AutoTests" name="[85] /home/travis/build/icyphy/ptII/ptolemy/domains/de/test/auto/multirate2.xml (RunModel)" time="0.031" />
  <testcase classname="ptolemy.util.test.junit.AutoTests" name="[86] /home/travis/build/icyphy/ptII/ptolemy/domains/de/test/auto/realtime.xml (RunModel)" time="10.014" />
  <testcase classname="ptolemy.util.test.junit.AutoTests" name="[87] /home/travis/build/icyphy/ptII/ptolemy/domains/de/test/auto/relationGroup.xml (RunModel)" time="0.01" />
  <testcase classname="ptolemy.util.test.junit.AutoTests" name="[88] /home/travis/build/icyphy/ptII/ptolemy/domains/de/test/auto/relationGroup2.xml (RunModel)" time="0.006" />
  <testcase classname="ptolemy.util.test.junit.AutoTests" name="[89] /home/travis/build/icyphy/ptII/ptolemy/domains/de/test/auto/sortWithOpaquePorts.xml (RunModel)" time="0.006" />
  <testcase classname="ptolemy.util.test.junit.AutoTests" name="[90] /home/travis/build/icyphy/ptII/ptolemy/domains/de/test/auto/transferInputsandOutputs.xml (RunModel)" time="0.02" />
  <testcase classname="ptolemy.util.test.junit.AutoTests" name="[91] /home/travis/build/icyphy/ptII/ptolemy/domains/de/test/auto/triggerType.xml (RunModel)" time="0.008" />
  <system-out><![CDATA[/home/travis/build/icyphy/ptII/ptolemy/domains/de/test/DependencyLoop.tcl
testDefs.tcl: setting time out to 9000 seconds at Sat Sep 22 02:14:12 UTC 2018
15 ms. Memory: 116224K Free: 93958K (81%)
8 ms. Memory: 146944K Free: 135487K (92%)
/home/travis/build/icyphy/ptII/ptolemy/domains/de/test/RunDETestsAsQSS.tcl
Run the DE tests using ptolemy.domains.qss.test.QSSDirectorTest, which extends QSSDirector and prints a message in the constructors.
------------------ testing $PTII/ptolemy/domains/de/test/auto/knownFailedTests/dependencyLoop.xml (Known Failure) 
15 ms. Memory: 146944K Free: 132374K (90%)


==== $PTIIhome/travis/build/icyphy/ptII/ptolemy/domains/de/test/../../../../: Auto Automatic test in file $PTII/ptolemy/domains/de/test/auto/knownFailedTests/dependencyLoop.xml
==== Contents of test case:

	    # FIXME: we should use $relativeFilename here, but it
	    # might have backslashes under Windows, which causes no end
	    # of trouble.
	    createAndExecute $file
	    list {}
	
.... Test generated KNOWN error:
    while executing
ptolemy.kernel.util.IllegalActionException: Found a zero delay loop containing .dependencyLoop.original
  in .dependencyLoop and .dependencyLoop.original
	at ptolemy.actor.util.CausalityInterfaceForComposites._computeOutputPortDepth(CausalityInterfaceForComposites.java:759)
	at ptolemy.actor.util.CausalityInterfaceForComposites._computeInputDepth(CausalityInterfaceForComposites.java:696)
	at ptolemy.actor.util.CausalityInterfaceForComposites._computeOutputPortDepth(CausalityInterfaceForComposites.java:765)
	at ptolemy.actor.util.CausalityInterfaceForComposites._computeInputDepth(CausalityInterfaceForComposites.java:696)
	at ptolemy.actor.util.CausalityInterfaceForComposites._computeOutputPortDepth(CausalityInterfaceForComposites.java:765)
	at ptolemy.actor.util.CausalityInterfaceForComposites._computeInputDepth(CausalityInterfaceForComposites.java:696)
	at ptolemy.actor.util.CausalityInterfaceForComposites._computeActorDepth(CausalityInterfaceForComposites.java:532)
	at ptolemy.actor.util.CausalityInterfaceForComposites.checkForCycles(CausalityInterfaceForComposites.java:96)
	at ptolemy.domains.de.kernel.DEDirector.preinitialize(DEDirector.java:1338)
	at ptolemy.actor.CompositeActor.preinitialize(CompositeActor.java:1828)
	at ptolemy.actor.Manager.preinitializeAndResolveTypes(Manager.java:1040)
	at ptolemy.actor.Manager.initialize(Manager.java:710)
	at ptolemy.actor.Manager.execute(Manager.java:356)
	at ptolemy.actor.Manager.run(Manager.java:1263)
	at ptolemy.actor.Manager$PtolemyRunThread.run(Manager.java:1915)

    while executing
ptolemy.kernel.util.IllegalActionException: Found a zero delay loop containing .dependencyLoop.original
  in .dependencyLoop and .dependencyLoop.original
    while executing
"java::new ptolemy.moml.MoMLSimpleApplication $file
"
    (procedure "createAndExecute" line 2)
    invoked from within
"createAndExecute $file"
    ("uplevel" body line 5)
    invoked from within
"uplevel $contents_of_test"
------------------ testing $PTII/ptolemy/domains/de/test/auto/knownFailedTests/DESDFClockTest.xml (Known Failure) 
2083 ms. Memory: 146944K Free: 116577K (79%)


==== $PTIIhome/travis/build/icyphy/ptII/ptolemy/domains/de/test/../../../../: Auto Automatic test in file $PTII/ptolemy/domains/de/test/auto/knownFailedTests/DESDFClockTest.xml
==== Contents of test case:

	    # FIXME: we should use $relativeFilename here, but it
	    # might have backslashes under Windows, which causes no end
	    # of trouble.
	    createAndExecute $file
	    list {}
	
.... Test generated KNOWN error:
    while executing
ptolemy.kernel.util.IllegalActionException: Actor is not ready to fire.  Perhaps UpSample.prefire() returned false? Try debugging the actor by selecting "Listen to Actor".  Also, for SDF check moml for tokenConsumptionRate on input.
  in .DESDFClockTest.Play Bell.Copy1:SDF Director and .DESDFClockTest.Play Bell.UpSample
	at ptolemy.actor.sched.StaticSchedulingDirector.fire(StaticSchedulingDirector.java:227)
	at ptolemy.domains.sdf.kernel.SDFDirector.fire(SDFDirector.java:500)
	at ptolemy.actor.CompositeActor.fire(CompositeActor.java:455)
	at ptolemy.domains.de.kernel.DEDirector._fire(DEDirector.java:1949)
	at ptolemy.domains.de.kernel.DEDirector.fire(DEDirector.java:502)
	at ptolemy.actor.CompositeActor.fire(CompositeActor.java:455)
	at ptolemy.actor.Manager.iterate(Manager.java:851)
	at ptolemy.actor.Manager.execute(Manager.java:369)
	at ptolemy.actor.Manager.run(Manager.java:1263)
	at ptolemy.actor.Manager$PtolemyRunThread.run(Manager.java:1915)

    while executing
ptolemy.kernel.util.IllegalActionException: Actor is not ready to fire.  Perhaps UpSample.prefire() returned false? Try debugging the actor by selecting "Listen to Actor".  Also, for SDF check moml for tokenConsumptionRate on input.
  in .DESDFClockTest.Play Bell.Copy1:SDF Director and .DESDFClockTest.Play Bell.UpSample
    while executing
"java::new ptolemy.moml.MoMLSimpleApplication $file
"
    (procedure "createAndExecute" line 2)
    invoked from within
"createAndExecute $file"
    ("uplevel" body line 5)
    invoked from within
"uplevel $contents_of_test"
------------------ testing $PTII/ptolemy/domains/de/test/auto/knownFailedTests/FSMSource.xml (Known Failure) 
29 ms. Memory: 146944K Free: 107584K (73%)
!!!! Auto was marked as failing, but now passes
------------------ testing $PTII/ptolemy/domains/de/test/auto/knownFailedTests/dependencyLoop2.xml (Known Failure) 
7 ms. Memory: 146944K Free: 105709K (72%)


==== $PTIIhome/travis/build/icyphy/ptII/ptolemy/domains/de/test/../../../../: Auto Automatic test in file $PTII/ptolemy/domains/de/test/auto/knownFailedTests/dependencyLoop2.xml
==== Contents of test case:

	    # FIXME: we should use $relativeFilename here, but it
	    # might have backslashes under Windows, which causes no end
	    # of trouble.
	    createAndExecute $file
	    list {}
	
.... Test generated KNOWN error:
    while executing
ptolemy.kernel.util.IllegalActionException: Found a zero delay loop containing .dependencyLoop2.original
  in .dependencyLoop2 and .dependencyLoop2.original
	at ptolemy.actor.util.CausalityInterfaceForComposites._computeOutputPortDepth(CausalityInterfaceForComposites.java:759)
	at ptolemy.actor.util.CausalityInterfaceForComposites._computeInputDepth(CausalityInterfaceForComposites.java:696)
	at ptolemy.actor.util.CausalityInterfaceForComposites._computeOutputPortDepth(CausalityInterfaceForComposites.java:765)
	at ptolemy.actor.util.CausalityInterfaceForComposites._computeInputDepth(CausalityInterfaceForComposites.java:696)
	at ptolemy.actor.util.CausalityInterfaceForComposites._computeOutputPortDepth(CausalityInterfaceForComposites.java:765)
	at ptolemy.actor.util.CausalityInterfaceForComposites._computeInputDepth(CausalityInterfaceForComposites.java:696)
	at ptolemy.actor.util.CausalityInterfaceForComposites._computeActorDepth(CausalityInterfaceForComposites.java:532)
	at ptolemy.actor.util.CausalityInterfaceForComposites.checkForCycles(CausalityInterfaceForComposites.java:96)
	at ptolemy.domains.de.kernel.DEDirector.preinitialize(DEDirector.java:1338)
	at ptolemy.actor.CompositeActor.preinitialize(CompositeActor.java:1828)
	at ptolemy.actor.Manager.preinitializeAndResolveTypes(Manager.java:1040)
	at ptolemy.actor.Manager.initialize(Manager.java:710)
	at ptolemy.actor.Manager.execute(Manager.java:356)
	at ptolemy.actor.Manager.run(Manager.java:1263)
	at ptolemy.actor.Manager$PtolemyRunThread.run(Manager.java:1915)

    while executing
ptolemy.kernel.util.IllegalActionException: Found a zero delay loop containing .dependencyLoop2.original
  in .dependencyLoop2 and .dependencyLoop2.original
    while executing
"java::new ptolemy.moml.MoMLSimpleApplication $file
"
    (procedure "createAndExecute" line 2)
    invoked from within
"createAndExecute $file"
    ("uplevel" body line 5)
    invoked from within
"uplevel $contents_of_test"
------------------ testing $PTII/ptolemy/domains/de/test/auto/knownFailedTests/HierarchicalModel.xml (Known Failure) 
6 ms. Memory: 146944K Free: 83929K (57%)


==== $PTIIhome/travis/build/icyphy/ptII/ptolemy/domains/de/test/../../../../: Auto Automatic test in file $PTII/ptolemy/domains/de/test/auto/knownFailedTests/HierarchicalModel.xml
==== Contents of test case:

	    # FIXME: we should use $relativeFilename here, but it
	    # might have backslashes under Windows, which causes no end
	    # of trouble.
	    createAndExecute $file
	    list {}
	
.... Test generated KNOWN error:
    while executing
ptolemy.kernel.util.IllegalActionException: Found a zero delay loop containing .HierarchicalModel.A
  in .HierarchicalModel and .HierarchicalModel.A
	at ptolemy.actor.util.CausalityInterfaceForComposites._computeOutputPortDepth(CausalityInterfaceForComposites.java:759)
	at ptolemy.actor.util.CausalityInterfaceForComposites._computeInputDepth(CausalityInterfaceForComposites.java:696)
	at ptolemy.actor.util.CausalityInterfaceForComposites._computeOutputPortDepth(CausalityInterfaceForComposites.java:765)
	at ptolemy.actor.util.CausalityInterfaceForComposites._computeInputDepth(CausalityInterfaceForComposites.java:696)
	at ptolemy.actor.util.CausalityInterfaceForComposites._computeOutputPortDepth(CausalityInterfaceForComposites.java:765)
	at ptolemy.actor.util.CausalityInterfaceForComposites._computeInputDepth(CausalityInterfaceForComposites.java:696)
	at ptolemy.actor.util.CausalityInterfaceForComposites._computeActorDepth(CausalityInterfaceForComposites.java:532)
	at ptolemy.actor.util.CausalityInterfaceForComposites.checkForCycles(CausalityInterfaceForComposites.java:96)
	at ptolemy.domains.de.kernel.DEDirector.preinitialize(DEDirector.java:1338)
	at ptolemy.actor.CompositeActor.preinitialize(CompositeActor.java:1828)
	at ptolemy.actor.Manager.preinitializeAndResolveTypes(Manager.java:1040)
	at ptolemy.actor.Manager.initialize(Manager.java:710)
	at ptolemy.actor.Manager.execute(Manager.java:356)
	at ptolemy.actor.Manager.run(Manager.java:1263)
	at ptolemy.actor.Manager$PtolemyRunThread.run(Manager.java:1915)

    while executing
ptolemy.kernel.util.IllegalActionException: Found a zero delay loop containing .HierarchicalModel.A
  in .HierarchicalModel and .HierarchicalModel.A
    while executing
"java::new ptolemy.moml.MoMLSimpleApplication $file
"
    (procedure "createAndExecute" line 2)
    invoked from within
"createAndExecute $file"
    ("uplevel" body line 5)
    invoked from within
"uplevel $contents_of_test"
------------------ testing $PTII/ptolemy/domains/de/test/auto/knownFailedTests/DirectFeedback.xml (Known Failure) 
4 ms. Memory: 146944K Free: 141380K (96%)


==== $PTIIhome/travis/build/icyphy/ptII/ptolemy/domains/de/test/../../../../: Auto Automatic test in file $PTII/ptolemy/domains/de/test/auto/knownFailedTests/DirectFeedback.xml
==== Contents of test case:

	    # FIXME: we should use $relativeFilename here, but it
	    # might have backslashes under Windows, which causes no end
	    # of trouble.
	    createAndExecute $file
	    list {}
	
.... Test generated KNOWN error:
    while executing
ptolemy.kernel.util.IllegalActionException: Test fails in iteration 1.
Value was: 1.0. Should have been: 2.0
  in .DirectFeedback.Test
	at ptolemy.actor.lib.Test.fire(Test.java:268)
	at ptolemy.domains.de.kernel.DEDirector._fire(DEDirector.java:1949)
	at ptolemy.domains.de.kernel.DEDirector.fire(DEDirector.java:502)
	at ptolemy.actor.CompositeActor.fire(CompositeActor.java:455)
	at ptolemy.actor.Manager.iterate(Manager.java:851)
	at ptolemy.actor.Manager.execute(Manager.java:369)
	at ptolemy.actor.Manager.run(Manager.java:1263)
	at ptolemy.actor.Manager$PtolemyRunThread.run(Manager.java:1915)

    while executing
ptolemy.kernel.util.IllegalActionException: Test fails in iteration 1.
Value was: 1.0. Should have been: 2.0
  in .DirectFeedback.Test
    while executing
"java::new ptolemy.moml.MoMLSimpleApplication $file
"
    (procedure "createAndExecute" line 2)
    invoked from within
"createAndExecute $file"
    ("uplevel" body line 5)
    invoked from within
"uplevel $contents_of_test"
------------------ testing $PTII/ptolemy/domains/de/test/auto/ActorDepthCalculation_actorWithoutPorts.xml
auto.tcl: Setting watchdog for 200 seconds at Sat Sep 22 02:14:15 UTC 2018
5 ms. Memory: 146944K Free: 132342K (90%)
ptolemy.util.test.WatchDog.cancel(): canceling Sat Sep 22 02:14:15 UTC 2018
auto.tcl: Setting watchdog for 200 seconds at Sat Sep 22 02:14:15 UTC 2018
5 ms. Memory: 146944K Free: 131298K (89%)
ptolemy.util.test.WatchDog.cancel(): canceling Sat Sep 22 02:14:15 UTC 2018
------------------ testing $PTII/ptolemy/domains/de/test/auto/AssemblyLine.xml
auto.tcl: Setting watchdog for 200 seconds at Sat Sep 22 02:14:15 UTC 2018
24 ms. Memory: 208384K Free: 182799K (88%)
ptolemy.util.test.WatchDog.cancel(): canceling Sat Sep 22 02:14:16 UTC 2018
auto.tcl: Setting watchdog for 200 seconds at Sat Sep 22 02:14:16 UTC 2018
20 ms. Memory: 208384K Free: 182799K (88%)
ptolemy.util.test.WatchDog.cancel(): canceling Sat Sep 22 02:14:16 UTC 2018
------------------ testing $PTII/ptolemy/domains/de/test/auto/CQBug1.xml
auto.tcl: Setting watchdog for 200 seconds at Sat Sep 22 02:14:16 UTC 2018
3 ms. Memory: 208384K Free: 197687K (95%)
ptolemy.util.test.WatchDog.cancel(): canceling Sat Sep 22 02:14:16 UTC 2018
auto.tcl: Setting watchdog for 200 seconds at Sat Sep 22 02:14:16 UTC 2018
3 ms. Memory: 208384K Free: 197687K (95%)
ptolemy.util.test.WatchDog.cancel(): canceling Sat Sep 22 02:14:16 UTC 2018
------------------ testing $PTII/ptolemy/domains/de/test/auto/CancelFireAt.xml
auto.tcl: Setting watchdog for 200 seconds at Sat Sep 22 02:14:16 UTC 2018
4 ms. Memory: 208384K Free: 201413K (97%)
ptolemy.util.test.WatchDog.cancel(): canceling Sat Sep 22 02:14:16 UTC 2018
auto.tcl: Setting watchdog for 200 seconds at Sat Sep 22 02:14:16 UTC 2018
3 ms. Memory: 208384K Free: 199307K (96%)
ptolemy.util.test.WatchDog.cancel(): canceling Sat Sep 22 02:14:16 UTC 2018
------------------ testing $PTII/ptolemy/domains/de/test/auto/CausalityAndComposabilityAnalysis.xml
auto.tcl: Setting watchdog for 200 seconds at Sat Sep 22 02:14:16 UTC 2018
12 ms. Memory: 208384K Free: 196462K (94%)
ptolemy.util.test.WatchDog.cancel(): canceling Sat Sep 22 02:14:16 UTC 2018
auto.tcl: Setting watchdog for 200 seconds at Sat Sep 22 02:14:16 UTC 2018
13 ms. Memory: 208384K Free: 196462K (94%)
ptolemy.util.test.WatchDog.cancel(): canceling Sat Sep 22 02:14:16 UTC 2018
------------------ testing $PTII/ptolemy/domains/de/test/auto/CausalityInterface1.xml
auto.tcl: Setting watchdog for 200 seconds at Sat Sep 22 02:14:16 UTC 2018
15 ms. Memory: 208384K Free: 196397K (94%)
ptolemy.util.test.WatchDog.cancel(): canceling Sat Sep 22 02:14:16 UTC 2018
auto.tcl: Setting watchdog for 200 seconds at Sat Sep 22 02:14:16 UTC 2018
4 ms. Memory: 208384K Free: 196397K (94%)
ptolemy.util.test.WatchDog.cancel(): canceling Sat Sep 22 02:14:16 UTC 2018
------------------ testing $PTII/ptolemy/domains/de/test/auto/CausalityInterface15.xml
auto.tcl: Setting watchdog for 200 seconds at Sat Sep 22 02:14:16 UTC 2018
23 ms. Memory: 208384K Free: 196388K (94%)
ptolemy.util.test.WatchDog.cancel(): canceling Sat Sep 22 02:14:16 UTC 2018
auto.tcl: Setting watchdog for 200 seconds at Sat Sep 22 02:14:16 UTC 2018
12 ms. Memory: 208384K Free: 196388K (94%)
ptolemy.util.test.WatchDog.cancel(): canceling Sat Sep 22 02:14:16 UTC 2018
------------------ testing $PTII/ptolemy/domains/de/test/auto/CausalityInterface2.xml
auto.tcl: Setting watchdog for 200 seconds at Sat Sep 22 02:14:16 UTC 2018
3 ms. Memory: 208384K Free: 196372K (94%)
ptolemy.util.test.WatchDog.cancel(): canceling Sat Sep 22 02:14:16 UTC 2018
auto.tcl: Setting watchdog for 200 seconds at Sat Sep 22 02:14:16 UTC 2018
3 ms. Memory: 208384K Free: 196372K (94%)
ptolemy.util.test.WatchDog.cancel(): canceling Sat Sep 22 02:14:16 UTC 2018
------------------ testing $PTII/ptolemy/domains/de/test/auto/CausalityInterface3.xml
auto.tcl: Setting watchdog for 200 seconds at Sat Sep 22 02:14:16 UTC 2018
8 ms. Memory: 208384K Free: 196386K (94%)
ptolemy.util.test.WatchDog.cancel(): canceling Sat Sep 22 02:14:16 UTC 2018
auto.tcl: Setting watchdog for 200 seconds at Sat Sep 22 02:14:16 UTC 2018
7 ms. Memory: 208384K Free: 196386K (94%)
ptolemy.util.test.WatchDog.cancel(): canceling Sat Sep 22 02:14:16 UTC 2018
------------------ testing $PTII/ptolemy/domains/de/test/auto/ClockDrift.xml
auto.tcl: Setting watchdog for 200 seconds at Sat Sep 22 02:14:16 UTC 2018
113 ms. Memory: 208384K Free: 187598K (90%)
ptolemy.util.test.WatchDog.cancel(): canceling Sat Sep 22 02:14:17 UTC 2018
auto.tcl: Setting watchdog for 200 seconds at Sat Sep 22 02:14:17 UTC 2018
69 ms. Memory: 208384K Free: 185492K (89%)
ptolemy.util.test.WatchDog.cancel(): canceling Sat Sep 22 02:14:17 UTC 2018
------------------ testing $PTII/ptolemy/domains/de/test/auto/ClockDriftAndValueChange.xml
auto.tcl: Setting watchdog for 200 seconds at Sat Sep 22 02:14:17 UTC 2018
50 ms. Memory: 208384K Free: 187431K (90%)
ptolemy.util.test.WatchDog.cancel(): canceling Sat Sep 22 02:14:17 UTC 2018
auto.tcl: Setting watchdog for 200 seconds at Sat Sep 22 02:14:17 UTC 2018
23 ms. Memory: 208384K Free: 185325K (89%)
ptolemy.util.test.WatchDog.cancel(): canceling Sat Sep 22 02:14:17 UTC 2018
------------------ testing $PTII/ptolemy/domains/de/test/auto/ClockDriftChange.xml
auto.tcl: Setting watchdog for 200 seconds at Sat Sep 22 02:14:17 UTC 2018
30 ms. Memory: 208384K Free: 190759K (92%)
ptolemy.util.test.WatchDog.cancel(): canceling Sat Sep 22 02:14:17 UTC 2018
auto.tcl: Setting watchdog for 200 seconds at Sat Sep 22 02:14:17 UTC 2018
35 ms. Memory: 208384K Free: 188654K (91%)
ptolemy.util.test.WatchDog.cancel(): canceling Sat Sep 22 02:14:17 UTC 2018
------------------ testing $PTII/ptolemy/domains/de/test/auto/ComposableCausalityAnalysis.xml
auto.tcl: Setting watchdog for 200 seconds at Sat Sep 22 02:14:17 UTC 2018
2 ms. Memory: 208384K Free: 195994K (94%)
ptolemy.util.test.WatchDog.cancel(): canceling Sat Sep 22 02:14:17 UTC 2018
auto.tcl: Setting watchdog for 200 seconds at Sat Sep 22 02:14:17 UTC 2018
2 ms. Memory: 208384K Free: 193888K (93%)
ptolemy.util.test.WatchDog.cancel(): canceling Sat Sep 22 02:14:17 UTC 2018
------------------ testing $PTII/ptolemy/domains/de/test/auto/DEFixedPointLimitation.xml
auto.tcl: Setting watchdog for 200 seconds at Sat Sep 22 02:14:17 UTC 2018
2 ms. Memory: 208384K Free: 196074K (94%)
ptolemy.util.test.WatchDog.cancel(): canceling Sat Sep 22 02:14:17 UTC 2018
auto.tcl: Setting watchdog for 200 seconds at Sat Sep 22 02:14:17 UTC 2018
1 ms. Memory: 208384K Free: 196074K (94%)
ptolemy.util.test.WatchDog.cancel(): canceling Sat Sep 22 02:14:17 UTC 2018
------------------ testing $PTII/ptolemy/domains/de/test/auto/DEScheduleTest.xml
auto.tcl: Setting watchdog for 200 seconds at Sat Sep 22 02:14:17 UTC 2018
4 ms. Memory: 208384K Free: 198216K (95%)
ptolemy.util.test.WatchDog.cancel(): canceling Sat Sep 22 02:14:17 UTC 2018
auto.tcl: Setting watchdog for 200 seconds at Sat Sep 22 02:14:17 UTC 2018
6 ms. Memory: 208384K Free: 196110K (94%)
ptolemy.util.test.WatchDog.cancel(): canceling Sat Sep 22 02:14:17 UTC 2018
------------------ testing $PTII/ptolemy/domains/de/test/auto/DEinDEwithStartTimes.xml
auto.tcl: Setting watchdog for 200 seconds at Sat Sep 22 02:14:17 UTC 2018
4 ms. Memory: 208384K Free: 196417K (94%)
ptolemy.util.test.WatchDog.cancel(): canceling Sat Sep 22 02:14:17 UTC 2018
auto.tcl: Setting watchdog for 200 seconds at Sat Sep 22 02:14:17 UTC 2018
4 ms. Memory: 208384K Free: 194311K (93%)
ptolemy.util.test.WatchDog.cancel(): canceling Sat Sep 22 02:14:17 UTC 2018
------------------ testing $PTII/ptolemy/domains/de/test/auto/DEinDEwithStartTimes2.xml
auto.tcl: Setting watchdog for 200 seconds at Sat Sep 22 02:14:18 UTC 2018
5 ms. Memory: 208384K Free: 196059K (94%)
ptolemy.util.test.WatchDog.cancel(): canceling Sat Sep 22 02:14:18 UTC 2018
auto.tcl: Setting watchdog for 200 seconds at Sat Sep 22 02:14:18 UTC 2018
8 ms. Memory: 208384K Free: 193953K (93%)
ptolemy.util.test.WatchDog.cancel(): canceling Sat Sep 22 02:14:18 UTC 2018
------------------ testing $PTII/ptolemy/domains/de/test/auto/DateDemo.xml
auto.tcl: Setting watchdog for 200 seconds at Sat Sep 22 02:14:18 UTC 2018
11 ms. Memory: 208384K Free: 188471K (90%)
ptolemy.util.test.WatchDog.cancel(): canceling Sat Sep 22 02:14:18 UTC 2018
auto.tcl: Setting watchdog for 200 seconds at Sat Sep 22 02:14:18 UTC 2018
7 ms. Memory: 208384K Free: 186365K (89%)
ptolemy.util.test.WatchDog.cancel(): canceling Sat Sep 22 02:14:18 UTC 2018
------------------ testing $PTII/ptolemy/domains/de/test/auto/DateToEvent.xml
auto.tcl: Setting watchdog for 200 seconds at Sat Sep 22 02:14:18 UTC 2018
2009 ms. Memory: 208384K Free: 183176K (88%)
ptolemy.util.test.WatchDog.cancel(): canceling Sat Sep 22 02:14:20 UTC 2018
auto.tcl: Setting watchdog for 200 seconds at Sat Sep 22 02:14:20 UTC 2018
2005 ms. Memory: 208384K Free: 180718K (87%)
ptolemy.util.test.WatchDog.cancel(): canceling Sat Sep 22 02:14:22 UTC 2018
------------------ testing $PTII/ptolemy/domains/de/test/auto/DepthTest1.xml
auto.tcl: Setting watchdog for 200 seconds at Sat Sep 22 02:14:22 UTC 2018
3 ms. Memory: 208384K Free: 197744K (95%)
ptolemy.util.test.WatchDog.cancel(): canceling Sat Sep 22 02:14:22 UTC 2018
auto.tcl: Setting watchdog for 200 seconds at Sat Sep 22 02:14:22 UTC 2018
7 ms. Memory: 208384K Free: 197744K (95%)
ptolemy.util.test.WatchDog.cancel(): canceling Sat Sep 22 02:14:22 UTC 2018
------------------ testing $PTII/ptolemy/domains/de/test/auto/DepthTest2.xml
auto.tcl: Setting watchdog for 200 seconds at Sat Sep 22 02:14:22 UTC 2018
6 ms. Memory: 208384K Free: 193933K (93%)
ptolemy.util.test.WatchDog.cancel(): canceling Sat Sep 22 02:14:22 UTC 2018
auto.tcl: Setting watchdog for 200 seconds at Sat Sep 22 02:14:22 UTC 2018
6 ms. Memory: 208384K Free: 193933K (93%)
ptolemy.util.test.WatchDog.cancel(): canceling Sat Sep 22 02:14:22 UTC 2018
------------------ testing $PTII/ptolemy/domains/de/test/auto/DepthTest3.xml
auto.tcl: Setting watchdog for 200 seconds at Sat Sep 22 02:14:22 UTC 2018
3 ms. Memory: 208384K Free: 198077K (95%)
ptolemy.util.test.WatchDog.cancel(): canceling Sat Sep 22 02:14:22 UTC 2018
auto.tcl: Setting watchdog for 200 seconds at Sat Sep 22 02:14:22 UTC 2018
2 ms. Memory: 208384K Free: 198077K (95%)
ptolemy.util.test.WatchDog.cancel(): canceling Sat Sep 22 02:14:22 UTC 2018
------------------ testing $PTII/ptolemy/domains/de/test/auto/DepthTest4.xml
auto.tcl: Setting watchdog for 200 seconds at Sat Sep 22 02:14:22 UTC 2018
4 ms. Memory: 208384K Free: 196059K (94%)
ptolemy.util.test.WatchDog.cancel(): canceling Sat Sep 22 02:14:22 UTC 2018
auto.tcl: Setting watchdog for 200 seconds at Sat Sep 22 02:14:22 UTC 2018
3 ms. Memory: 208384K Free: 196059K (94%)
ptolemy.util.test.WatchDog.cancel(): canceling Sat Sep 22 02:14:22 UTC 2018
------------------ testing $PTII/ptolemy/domains/de/test/auto/DepthTest5.xml
auto.tcl: Setting watchdog for 200 seconds at Sat Sep 22 02:14:22 UTC 2018
4 ms. Memory: 208384K Free: 196006K (94%)
ptolemy.util.test.WatchDog.cancel(): canceling Sat Sep 22 02:14:22 UTC 2018
auto.tcl: Setting watchdog for 200 seconds at Sat Sep 22 02:14:22 UTC 2018
2 ms. Memory: 208384K Free: 196006K (94%)
ptolemy.util.test.WatchDog.cancel(): canceling Sat Sep 22 02:14:22 UTC 2018
------------------ testing $PTII/ptolemy/domains/de/test/auto/DepthTest6.xml
auto.tcl: Setting watchdog for 200 seconds at Sat Sep 22 02:14:22 UTC 2018
13 ms. Memory: 208384K Free: 196312K (94%)
ptolemy.util.test.WatchDog.cancel(): canceling Sat Sep 22 02:14:22 UTC 2018
auto.tcl: Setting watchdog for 200 seconds at Sat Sep 22 02:14:22 UTC 2018
3 ms. Memory: 208384K Free: 196312K (94%)
ptolemy.util.test.WatchDog.cancel(): canceling Sat Sep 22 02:14:22 UTC 2018
------------------ testing $PTII/ptolemy/domains/de/test/auto/DepthTest7.xml
auto.tcl: Setting watchdog for 200 seconds at Sat Sep 22 02:14:22 UTC 2018
3 ms. Memory: 208384K Free: 195963K (94%)
ptolemy.util.test.WatchDog.cancel(): canceling Sat Sep 22 02:14:22 UTC 2018
auto.tcl: Setting watchdog for 200 seconds at Sat Sep 22 02:14:22 UTC 2018
2 ms. Memory: 208384K Free: 195963K (94%)
ptolemy.util.test.WatchDog.cancel(): canceling Sat Sep 22 02:14:22 UTC 2018
------------------ testing $PTII/ptolemy/domains/de/test/auto/EventToDate.xml
auto.tcl: Setting watchdog for 200 seconds at Sat Sep 22 02:14:22 UTC 2018
3012 ms. Memory: 208384K Free: 185455K (89%)
ptolemy.util.test.WatchDog.cancel(): canceling Sat Sep 22 02:14:26 UTC 2018
auto.tcl: Setting watchdog for 200 seconds at Sat Sep 22 02:14:26 UTC 2018
3004 ms. Memory: 208384K Free: 185455K (89%)
ptolemy.util.test.WatchDog.cancel(): canceling Sat Sep 22 02:14:29 UTC 2018
------------------ testing $PTII/ptolemy/domains/de/test/auto/FSM1.xml
auto.tcl: Setting watchdog for 200 seconds at Sat Sep 22 02:14:29 UTC 2018
37 ms. Memory: 208384K Free: 189003K (91%)
ptolemy.util.test.WatchDog.cancel(): canceling Sat Sep 22 02:14:29 UTC 2018
auto.tcl: Setting watchdog for 200 seconds at Sat Sep 22 02:14:29 UTC 2018
27 ms. Memory: 208384K Free: 184791K (89%)
ptolemy.util.test.WatchDog.cancel(): canceling Sat Sep 22 02:14:29 UTC 2018
------------------ testing $PTII/ptolemy/domains/de/test/auto/FSM7.xml
auto.tcl: Setting watchdog for 200 seconds at Sat Sep 22 02:14:29 UTC 2018
29 ms. Memory: 208384K Free: 187102K (90%)
ptolemy.util.test.WatchDog.cancel(): canceling Sat Sep 22 02:14:29 UTC 2018
auto.tcl: Setting watchdog for 200 seconds at Sat Sep 22 02:14:29 UTC 2018
24 ms. Memory: 208384K Free: 184996K (89%)
ptolemy.util.test.WatchDog.cancel(): canceling Sat Sep 22 02:14:29 UTC 2018
------------------ testing $PTII/ptolemy/domains/de/test/auto/Inspection.xml
auto.tcl: Setting watchdog for 200 seconds at Sat Sep 22 02:14:29 UTC 2018
59 ms. Memory: 208384K Free: 188651K (91%)
ptolemy.util.test.WatchDog.cancel(): canceling Sat Sep 22 02:14:29 UTC 2018
auto.tcl: Setting watchdog for 200 seconds at Sat Sep 22 02:14:29 UTC 2018
37 ms. Memory: 208384K Free: 186545K (90%)
ptolemy.util.test.WatchDog.cancel(): canceling Sat Sep 22 02:14:29 UTC 2018
------------------ testing $PTII/ptolemy/domains/de/test/auto/Iteration.xml
auto.tcl: Setting watchdog for 200 seconds at Sat Sep 22 02:14:29 UTC 2018
12 ms. Memory: 208384K Free: 196107K (94%)
ptolemy.util.test.WatchDog.cancel(): canceling Sat Sep 22 02:14:29 UTC 2018
auto.tcl: Setting watchdog for 200 seconds at Sat Sep 22 02:14:29 UTC 2018
9 ms. Memory: 208384K Free: 194001K (93%)
ptolemy.util.test.WatchDog.cancel(): canceling Sat Sep 22 02:14:29 UTC 2018
------------------ testing $PTII/ptolemy/domains/de/test/auto/LineFault.xml
auto.tcl: Setting watchdog for 200 seconds at Sat Sep 22 02:14:29 UTC 2018
790 ms. Memory: 208384K Free: 194572K (93%)
ptolemy.util.test.WatchDog.cancel(): canceling Sat Sep 22 02:14:30 UTC 2018
auto.tcl: Setting watchdog for 200 seconds at Sat Sep 22 02:14:30 UTC 2018
616 ms. Memory: 208384K Free: 138925K (67%)
ptolemy.util.test.WatchDog.cancel(): canceling Sat Sep 22 02:14:31 UTC 2018
------------------ testing $PTII/ptolemy/domains/de/test/auto/MergeModel1Add.xml
auto.tcl: Setting watchdog for 200 seconds at Sat Sep 22 02:14:31 UTC 2018
27 ms. Memory: 331264K Free: 298768K (90%)
ptolemy.util.test.WatchDog.cancel(): canceling Sat Sep 22 02:14:31 UTC 2018
auto.tcl: Setting watchdog for 200 seconds at Sat Sep 22 02:14:31 UTC 2018
12 ms. Memory: 331264K Free: 298768K (90%)
ptolemy.util.test.WatchDog.cancel(): canceling Sat Sep 22 02:14:31 UTC 2018
------------------ testing $PTII/ptolemy/domains/de/test/auto/MergeModel2Add.xml
auto.tcl: Setting watchdog for 200 seconds at Sat Sep 22 02:14:31 UTC 2018
9 ms. Memory: 331264K Free: 304043K (92%)
ptolemy.util.test.WatchDog.cancel(): canceling Sat Sep 22 02:14:31 UTC 2018
auto.tcl: Setting watchdog for 200 seconds at Sat Sep 22 02:14:31 UTC 2018
13 ms. Memory: 331264K Free: 300128K (91%)
ptolemy.util.test.WatchDog.cancel(): canceling Sat Sep 22 02:14:31 UTC 2018
------------------ testing $PTII/ptolemy/domains/de/test/auto/MergeModel3Add.xml
auto.tcl: Setting watchdog for 200 seconds at Sat Sep 22 02:14:31 UTC 2018
10 ms. Memory: 331264K Free: 304047K (92%)
ptolemy.util.test.WatchDog.cancel(): canceling Sat Sep 22 02:14:31 UTC 2018
auto.tcl: Setting watchdog for 200 seconds at Sat Sep 22 02:14:31 UTC 2018
11 ms. Memory: 331264K Free: 300132K (91%)
ptolemy.util.test.WatchDog.cancel(): canceling Sat Sep 22 02:14:31 UTC 2018
------------------ testing $PTII/ptolemy/domains/de/test/auto/MergeWithoutDiscard.xml
auto.tcl: Setting watchdog for 200 seconds at Sat Sep 22 02:14:32 UTC 2018
2 ms. Memory: 331264K Free: 319998K (97%)
ptolemy.util.test.WatchDog.cancel(): canceling Sat Sep 22 02:14:32 UTC 2018
auto.tcl: Setting watchdog for 200 seconds at Sat Sep 22 02:14:32 UTC 2018
1 ms. Memory: 331264K Free: 316083K (95%)
ptolemy.util.test.WatchDog.cancel(): canceling Sat Sep 22 02:14:32 UTC 2018
------------------ testing $PTII/ptolemy/domains/de/test/auto/Modal1.xml
auto.tcl: Setting watchdog for 200 seconds at Sat Sep 22 02:14:32 UTC 2018
17 ms. Memory: 331264K Free: 309723K (93%)
ptolemy.util.test.WatchDog.cancel(): canceling Sat Sep 22 02:14:32 UTC 2018
auto.tcl: Setting watchdog for 200 seconds at Sat Sep 22 02:14:32 UTC 2018
25 ms. Memory: 331264K Free: 305800K (92%)
ptolemy.util.test.WatchDog.cancel(): canceling Sat Sep 22 02:14:32 UTC 2018
------------------ testing $PTII/ptolemy/domains/de/test/auto/Modal2.xml
auto.tcl: Setting watchdog for 200 seconds at Sat Sep 22 02:14:32 UTC 2018
15 ms. Memory: 331264K Free: 304673K (92%)
ptolemy.util.test.WatchDog.cancel(): canceling Sat Sep 22 02:14:32 UTC 2018
auto.tcl: Setting watchdog for 200 seconds at Sat Sep 22 02:14:32 UTC 2018
12 ms. Memory: 331264K Free: 300742K (91%)
ptolemy.util.test.WatchDog.cancel(): canceling Sat Sep 22 02:14:32 UTC 2018
------------------ testing $PTII/ptolemy/domains/de/test/auto/Modal3.xml
auto.tcl: Setting watchdog for 200 seconds at Sat Sep 22 02:14:32 UTC 2018
11 ms. Memory: 331264K Free: 309872K (94%)
ptolemy.util.test.WatchDog.cancel(): canceling Sat Sep 22 02:14:32 UTC 2018
auto.tcl: Setting watchdog for 200 seconds at Sat Sep 22 02:14:32 UTC 2018
11 ms. Memory: 331264K Free: 305940K (92%)
ptolemy.util.test.WatchDog.cancel(): canceling Sat Sep 22 02:14:32 UTC 2018
------------------ testing $PTII/ptolemy/domains/de/test/auto/Modal4.xml
auto.tcl: Setting watchdog for 200 seconds at Sat Sep 22 02:14:32 UTC 2018
23 ms. Memory: 331264K Free: 309608K (93%)
ptolemy.util.test.WatchDog.cancel(): canceling Sat Sep 22 02:14:32 UTC 2018
auto.tcl: Setting watchdog for 200 seconds at Sat Sep 22 02:14:32 UTC 2018
23 ms. Memory: 331264K Free: 305685K (92%)
ptolemy.util.test.WatchDog.cancel(): canceling Sat Sep 22 02:14:32 UTC 2018
------------------ testing $PTII/ptolemy/domains/de/test/auto/Modal5.xml
auto.tcl: Setting watchdog for 200 seconds at Sat Sep 22 02:14:32 UTC 2018
18 ms. Memory: 331264K Free: 309595K (93%)
ptolemy.util.test.WatchDog.cancel(): canceling Sat Sep 22 02:14:32 UTC 2018
auto.tcl: Setting watchdog for 200 seconds at Sat Sep 22 02:14:32 UTC 2018
16 ms. Memory: 331264K Free: 305672K (92%)
ptolemy.util.test.WatchDog.cancel(): canceling Sat Sep 22 02:14:32 UTC 2018
------------------ testing $PTII/ptolemy/domains/de/test/auto/Modal6.xml
auto.tcl: Setting watchdog for 200 seconds at Sat Sep 22 02:14:32 UTC 2018
12 ms. Memory: 331264K Free: 309592K (93%)
ptolemy.util.test.WatchDog.cancel(): canceling Sat Sep 22 02:14:32 UTC 2018
auto.tcl: Setting watchdog for 200 seconds at Sat Sep 22 02:14:32 UTC 2018
15 ms. Memory: 331264K Free: 305661K (92%)
ptolemy.util.test.WatchDog.cancel(): canceling Sat Sep 22 02:14:32 UTC 2018
------------------ testing $PTII/ptolemy/domains/de/test/auto/Modal7.xml
auto.tcl: Setting watchdog for 200 seconds at Sat Sep 22 02:14:32 UTC 2018
11 ms. Memory: 331264K Free: 309561K (93%)
ptolemy.util.test.WatchDog.cancel(): canceling Sat Sep 22 02:14:32 UTC 2018
auto.tcl: Setting watchdog for 200 seconds at Sat Sep 22 02:14:32 UTC 2018
11 ms. Memory: 331264K Free: 305646K (92%)
ptolemy.util.test.WatchDog.cancel(): canceling Sat Sep 22 02:14:32 UTC 2018
------------------ testing $PTII/ptolemy/domains/de/test/auto/ModalModel.xml
auto.tcl: Setting watchdog for 200 seconds at Sat Sep 22 02:14:32 UTC 2018
216 ms. Memory: 331264K Free: 248429K (75%)
ptolemy.util.test.WatchDog.cancel(): canceling Sat Sep 22 02:14:33 UTC 2018
auto.tcl: Setting watchdog for 200 seconds at Sat Sep 22 02:14:33 UTC 2018
224 ms. Memory: 331264K Free: 193496K (58%)
ptolemy.util.test.WatchDog.cancel(): canceling Sat Sep 22 02:14:33 UTC 2018
------------------ testing $PTII/ptolemy/domains/de/test/auto/ModalSource.xml
auto.tcl: Setting watchdog for 200 seconds at Sat Sep 22 02:14:33 UTC 2018
10 ms. Memory: 331264K Free: 316296K (95%)
ptolemy.util.test.WatchDog.cancel(): canceling Sat Sep 22 02:14:33 UTC 2018
auto.tcl: Setting watchdog for 200 seconds at Sat Sep 22 02:14:33 UTC 2018
7 ms. Memory: 331264K Free: 312788K (94%)
ptolemy.util.test.WatchDog.cancel(): canceling Sat Sep 22 02:14:33 UTC 2018
------------------ testing $PTII/ptolemy/domains/de/test/auto/NonInterruptibleTimerZeroDelay.xml
auto.tcl: Setting watchdog for 200 seconds at Sat Sep 22 02:14:33 UTC 2018
4 ms. Memory: 331264K Free: 320642K (97%)
ptolemy.util.test.WatchDog.cancel(): canceling Sat Sep 22 02:14:33 UTC 2018
auto.tcl: Setting watchdog for 200 seconds at Sat Sep 22 02:14:33 UTC 2018
3 ms. Memory: 331264K Free: 317118K (96%)
ptolemy.util.test.WatchDog.cancel(): canceling Sat Sep 22 02:14:33 UTC 2018
------------------ testing $PTII/ptolemy/domains/de/test/auto/OpenQueueingNetwork.xml
auto.tcl: Setting watchdog for 200 seconds at Sat Sep 22 02:14:33 UTC 2018
3625 ms. Memory: 317952K Free: 157213K (49%)
ptolemy.util.test.WatchDog.cancel(): canceling Sat Sep 22 02:14:37 UTC 2018
auto.tcl: Setting watchdog for 200 seconds at Sat Sep 22 02:14:37 UTC 2018
2766 ms. Memory: 287232K Free: 242624K (84%)
ptolemy.util.test.WatchDog.cancel(): canceling Sat Sep 22 02:14:40 UTC 2018
------------------ testing $PTII/ptolemy/domains/de/test/auto/OpenQueuingNetwork.xml
auto.tcl: Setting watchdog for 200 seconds at Sat Sep 22 02:14:40 UTC 2018
285 ms. Memory: 287232K Free: 190554K (66%)
ptolemy.util.test.WatchDog.cancel(): canceling Sat Sep 22 02:14:40 UTC 2018
auto.tcl: Setting watchdog for 200 seconds at Sat Sep 22 02:14:40 UTC 2018
283 ms. Memory: 287232K Free: 130261K (45%)
ptolemy.util.test.WatchDog.cancel(): canceling Sat Sep 22 02:14:40 UTC 2018
------------------ testing $PTII/ptolemy/domains/de/test/auto/PeriodicSampler.xml
auto.tcl: Setting watchdog for 200 seconds at Sat Sep 22 02:14:40 UTC 2018
5 ms. Memory: 289792K Free: 274624K (95%)
ptolemy.util.test.WatchDog.cancel(): canceling Sat Sep 22 02:14:40 UTC 2018
auto.tcl: Setting watchdog for 200 seconds at Sat Sep 22 02:14:40 UTC 2018
2 ms. Memory: 289792K Free: 274624K (95%)
ptolemy.util.test.WatchDog.cancel(): canceling Sat Sep 22 02:14:40 UTC 2018
------------------ testing $PTII/ptolemy/domains/de/test/auto/PersistentIO.xml
auto.tcl: Setting watchdog for 200 seconds at Sat Sep 22 02:14:40 UTC 2018
6 ms. Memory: 287232K Free: 266914K (93%)
ptolemy.util.test.WatchDog.cancel(): canceling Sat Sep 22 02:14:41 UTC 2018
auto.tcl: Setting watchdog for 200 seconds at Sat Sep 22 02:14:41 UTC 2018
4 ms. Memory: 287232K Free: 266914K (93%)
ptolemy.util.test.WatchDog.cancel(): canceling Sat Sep 22 02:14:41 UTC 2018
------------------ testing $PTII/ptolemy/domains/de/test/auto/PortParameterResetOnInitialize.xml
auto.tcl: Setting watchdog for 200 seconds at Sat Sep 22 02:14:41 UTC 2018
3 ms. Memory: 289280K Free: 274573K (95%)
ptolemy.util.test.WatchDog.cancel(): canceling Sat Sep 22 02:14:41 UTC 2018
auto.tcl: Setting watchdog for 200 seconds at Sat Sep 22 02:14:41 UTC 2018
2 ms. Memory: 289280K Free: 274573K (95%)
ptolemy.util.test.WatchDog.cancel(): canceling Sat Sep 22 02:14:41 UTC 2018
------------------ testing $PTII/ptolemy/domains/de/test/auto/PortParameterUpdates.xml
auto.tcl: Setting watchdog for 200 seconds at Sat Sep 22 02:14:41 UTC 2018
6 ms. Memory: 287232K Free: 272666K (95%)
ptolemy.util.test.WatchDog.cancel(): canceling Sat Sep 22 02:14:41 UTC 2018
auto.tcl: Setting watchdog for 200 seconds at Sat Sep 22 02:14:41 UTC 2018
9 ms. Memory: 287232K Free: 269667K (94%)
ptolemy.util.test.WatchDog.cancel(): canceling Sat Sep 22 02:14:41 UTC 2018
------------------ testing $PTII/ptolemy/domains/de/test/auto/QueueAndServer.xml
auto.tcl: Setting watchdog for 200 seconds at Sat Sep 22 02:14:41 UTC 2018
8 ms. Memory: 289280K Free: 273760K (95%)
ptolemy.util.test.WatchDog.cancel(): canceling Sat Sep 22 02:14:41 UTC 2018
auto.tcl: Setting watchdog for 200 seconds at Sat Sep 22 02:14:41 UTC 2018
7 ms. Memory: 289280K Free: 273760K (95%)
ptolemy.util.test.WatchDog.cancel(): canceling Sat Sep 22 02:14:41 UTC 2018
------------------ testing $PTII/ptolemy/domains/de/test/auto/Records.xml
auto.tcl: Setting watchdog for 200 seconds at Sat Sep 22 02:14:41 UTC 2018
5 ms. Memory: 287232K Free: 274519K (96%)
ptolemy.util.test.WatchDog.cancel(): canceling Sat Sep 22 02:14:41 UTC 2018
auto.tcl: Setting watchdog for 200 seconds at Sat Sep 22 02:14:41 UTC 2018
2 ms. Memory: 287232K Free: 274519K (96%)
ptolemy.util.test.WatchDog.cancel(): canceling Sat Sep 22 02:14:41 UTC 2018
------------------ testing $PTII/ptolemy/domains/de/test/auto/ResetTransitionWithStartTime1.xml
auto.tcl: Setting watchdog for 200 seconds at Sat Sep 22 02:14:41 UTC 2018
14 ms. Memory: 288768K Free: 273308K (95%)
ptolemy.util.test.WatchDog.cancel(): canceling Sat Sep 22 02:14:41 UTC 2018
auto.tcl: Setting watchdog for 200 seconds at Sat Sep 22 02:14:41 UTC 2018
10 ms. Memory: 288768K Free: 270316K (94%)
ptolemy.util.test.WatchDog.cancel(): canceling Sat Sep 22 02:14:41 UTC 2018
------------------ testing $PTII/ptolemy/domains/de/test/auto/ResetTransitionWithStartTime2.xml
auto.tcl: Setting watchdog for 200 seconds at Sat Sep 22 02:14:41 UTC 2018
10 ms. Memory: 287232K Free: 271747K (95%)
ptolemy.util.test.WatchDog.cancel(): canceling Sat Sep 22 02:14:41 UTC 2018
auto.tcl: Setting watchdog for 200 seconds at Sat Sep 22 02:14:41 UTC 2018
6 ms. Memory: 287232K Free: 268865K (94%)
ptolemy.util.test.WatchDog.cancel(): canceling Sat Sep 22 02:14:41 UTC 2018
------------------ testing $PTII/ptolemy/domains/de/test/auto/ResetTransitionWithStartTime3.xml
auto.tcl: Setting watchdog for 200 seconds at Sat Sep 22 02:14:41 UTC 2018
13 ms. Memory: 288768K Free: 273189K (95%)
ptolemy.util.test.WatchDog.cancel(): canceling Sat Sep 22 02:14:41 UTC 2018
auto.tcl: Setting watchdog for 200 seconds at Sat Sep 22 02:14:41 UTC 2018
7 ms. Memory: 288768K Free: 270307K (94%)
ptolemy.util.test.WatchDog.cancel(): canceling Sat Sep 22 02:14:41 UTC 2018
------------------ testing $PTII/ptolemy/domains/de/test/auto/ResetTransitionWithStartTime4.xml
auto.tcl: Setting watchdog for 200 seconds at Sat Sep 22 02:14:41 UTC 2018
4 ms. Memory: 287232K Free: 271660K (95%)
ptolemy.util.test.WatchDog.cancel(): canceling Sat Sep 22 02:14:41 UTC 2018
auto.tcl: Setting watchdog for 200 seconds at Sat Sep 22 02:14:41 UTC 2018
4 ms. Memory: 287232K Free: 271660K (95%)
ptolemy.util.test.WatchDog.cancel(): canceling Sat Sep 22 02:14:41 UTC 2018
------------------ testing $PTII/ptolemy/domains/de/test/auto/ResettableTimer1.xml
auto.tcl: Setting watchdog for 200 seconds at Sat Sep 22 02:14:41 UTC 2018
6 ms. Memory: 288768K Free: 276082K (96%)
ptolemy.util.test.WatchDog.cancel(): canceling Sat Sep 22 02:14:41 UTC 2018
auto.tcl: Setting watchdog for 200 seconds at Sat Sep 22 02:14:41 UTC 2018
2 ms. Memory: 288768K Free: 276082K (96%)
ptolemy.util.test.WatchDog.cancel(): canceling Sat Sep 22 02:14:41 UTC 2018
------------------ testing $PTII/ptolemy/domains/de/test/auto/ResettableTimer2.xml
auto.tcl: Setting watchdog for 200 seconds at Sat Sep 22 02:14:41 UTC 2018
2 ms. Memory: 287232K Free: 274689K (96%)
ptolemy.util.test.WatchDog.cancel(): canceling Sat Sep 22 02:14:41 UTC 2018
auto.tcl: Setting watchdog for 200 seconds at Sat Sep 22 02:14:41 UTC 2018
2 ms. Memory: 287232K Free: 274689K (96%)
ptolemy.util.test.WatchDog.cancel(): canceling Sat Sep 22 02:14:41 UTC 2018
------------------ testing $PTII/ptolemy/domains/de/test/auto/ResettableTimer3.xml
auto.tcl: Setting watchdog for 200 seconds at Sat Sep 22 02:14:41 UTC 2018
6 ms. Memory: 288256K Free: 275612K (96%)
ptolemy.util.test.WatchDog.cancel(): canceling Sat Sep 22 02:14:41 UTC 2018
auto.tcl: Setting watchdog for 200 seconds at Sat Sep 22 02:14:41 UTC 2018
0 ms. Memory: 288256K Free: 275612K (96%)
ptolemy.util.test.WatchDog.cancel(): canceling Sat Sep 22 02:14:41 UTC 2018
------------------ testing $PTII/ptolemy/domains/de/test/auto/ResettableTimer4.xml
auto.tcl: Setting watchdog for 200 seconds at Sat Sep 22 02:14:41 UTC 2018
1 ms. Memory: 287232K Free: 274702K (96%)
ptolemy.util.test.WatchDog.cancel(): canceling Sat Sep 22 02:14:41 UTC 2018
auto.tcl: Setting watchdog for 200 seconds at Sat Sep 22 02:14:41 UTC 2018
1 ms. Memory: 287232K Free: 274702K (96%)
ptolemy.util.test.WatchDog.cancel(): canceling Sat Sep 22 02:14:41 UTC 2018
------------------ testing $PTII/ptolemy/domains/de/test/auto/ResettableTimer5.xml
auto.tcl: Setting watchdog for 200 seconds at Sat Sep 22 02:14:41 UTC 2018
4 ms. Memory: 288256K Free: 273665K (95%)
ptolemy.util.test.WatchDog.cancel(): canceling Sat Sep 22 02:14:42 UTC 2018
auto.tcl: Setting watchdog for 200 seconds at Sat Sep 22 02:14:42 UTC 2018
1 ms. Memory: 288256K Free: 273665K (95%)
ptolemy.util.test.WatchDog.cancel(): canceling Sat Sep 22 02:14:42 UTC 2018
------------------ testing $PTII/ptolemy/domains/de/test/auto/ResettableTimer6.xml
auto.tcl: Setting watchdog for 200 seconds at Sat Sep 22 02:14:42 UTC 2018
2 ms. Memory: 287232K Free: 272490K (95%)
ptolemy.util.test.WatchDog.cancel(): canceling Sat Sep 22 02:14:42 UTC 2018
auto.tcl: Setting watchdog for 200 seconds at Sat Sep 22 02:14:42 UTC 2018
2 ms. Memory: 287232K Free: 272490K (95%)
ptolemy.util.test.WatchDog.cancel(): canceling Sat Sep 22 02:14:42 UTC 2018
------------------ testing $PTII/ptolemy/domains/de/test/auto/ServerZeroDelay.xml
auto.tcl: Setting watchdog for 200 seconds at Sat Sep 22 02:14:42 UTC 2018
6 ms. Memory: 288256K Free: 275664K (96%)
ptolemy.util.test.WatchDog.cancel(): canceling Sat Sep 22 02:14:42 UTC 2018
auto.tcl: Setting watchdog for 200 seconds at Sat Sep 22 02:14:42 UTC 2018
3 ms. Memory: 288256K Free: 275664K (96%)
ptolemy.util.test.WatchDog.cancel(): canceling Sat Sep 22 02:14:42 UTC 2018
------------------ testing $PTII/ptolemy/domains/de/test/auto/SmartSender.xml
auto.tcl: Setting watchdog for 200 seconds at Sat Sep 22 02:14:42 UTC 2018
3002 ms. Memory: 287232K Free: 272577K (95%)
ptolemy.util.test.WatchDog.cancel(): canceling Sat Sep 22 02:14:45 UTC 2018
auto.tcl: Setting watchdog for 200 seconds at Sat Sep 22 02:14:45 UTC 2018
3001 ms. Memory: 287232K Free: 272577K (95%)
ptolemy.util.test.WatchDog.cancel(): canceling Sat Sep 22 02:14:48 UTC 2018
------------------ testing $PTII/ptolemy/domains/de/test/auto/ThreadedComposite.xml
auto.tcl: Setting watchdog for 200 seconds at Sat Sep 22 02:14:48 UTC 2018
212 ms. Memory: 288256K Free: 252500K (88%)
ptolemy.util.test.WatchDog.cancel(): canceling Sat Sep 22 02:14:48 UTC 2018
auto.tcl: Setting watchdog for 200 seconds at Sat Sep 22 02:14:48 UTC 2018
150 ms. Memory: 288256K Free: 234386K (81%)
ptolemy.util.test.WatchDog.cancel(): canceling Sat Sep 22 02:14:48 UTC 2018
------------------ testing $PTII/ptolemy/domains/de/test/auto/Time.xml
auto.tcl: Setting watchdog for 200 seconds at Sat Sep 22 02:14:48 UTC 2018
665 ms. Memory: 287232K Free: 220752K (77%)
ptolemy.util.test.WatchDog.cancel(): canceling Sat Sep 22 02:14:49 UTC 2018
auto.tcl: Setting watchdog for 200 seconds at Sat Sep 22 02:14:49 UTC 2018
603 ms. Memory: 287232K Free: 165987K (58%)
ptolemy.util.test.WatchDog.cancel(): canceling Sat Sep 22 02:14:50 UTC 2018
------------------ testing $PTII/ptolemy/domains/de/test/auto/TimeDelayZeroDelay.xml
auto.tcl: Setting watchdog for 200 seconds at Sat Sep 22 02:14:50 UTC 2018
3 ms. Memory: 287744K Free: 275608K (96%)
ptolemy.util.test.WatchDog.cancel(): canceling Sat Sep 22 02:14:50 UTC 2018
auto.tcl: Setting watchdog for 200 seconds at Sat Sep 22 02:14:50 UTC 2018
2 ms. Memory: 287744K Free: 275608K (96%)
ptolemy.util.test.WatchDog.cancel(): canceling Sat Sep 22 02:14:50 UTC 2018
------------------ testing $PTII/ptolemy/domains/de/test/auto/TimerZeroDelay.xml
auto.tcl: Setting watchdog for 200 seconds at Sat Sep 22 02:14:50 UTC 2018
3 ms. Memory: 287232K Free: 275205K (96%)
ptolemy.util.test.WatchDog.cancel(): canceling Sat Sep 22 02:14:50 UTC 2018
auto.tcl: Setting watchdog for 200 seconds at Sat Sep 22 02:14:50 UTC 2018
2 ms. Memory: 287232K Free: 275205K (96%)
ptolemy.util.test.WatchDog.cancel(): canceling Sat Sep 22 02:14:50 UTC 2018
------------------ testing $PTII/ptolemy/domains/de/test/auto/TimingParadox.xml
auto.tcl: Setting watchdog for 200 seconds at Sat Sep 22 02:14:50 UTC 2018
375 ms. Memory: 287744K Free: 209521K (73%)
ptolemy.util.test.WatchDog.cancel(): canceling Sat Sep 22 02:14:50 UTC 2018
auto.tcl: Setting watchdog for 200 seconds at Sat Sep 22 02:14:50 UTC 2018
353 ms. Memory: 287744K Free: 173284K (60%)
ptolemy.util.test.WatchDog.cancel(): canceling Sat Sep 22 02:14:51 UTC 2018
------------------ testing $PTII/ptolemy/domains/de/test/auto/TransferInputs.xml
auto.tcl: Setting watchdog for 200 seconds at Sat Sep 22 02:14:51 UTC 2018
2 ms. Memory: 287744K Free: 274580K (95%)
ptolemy.util.test.WatchDog.cancel(): canceling Sat Sep 22 02:14:51 UTC 2018
auto.tcl: Setting watchdog for 200 seconds at Sat Sep 22 02:14:51 UTC 2018
2 ms. Memory: 287744K Free: 274580K (95%)
ptolemy.util.test.WatchDog.cancel(): canceling Sat Sep 22 02:14:51 UTC 2018
------------------ testing $PTII/ptolemy/domains/de/test/auto/TransferOutputs2.xml
auto.tcl: Setting watchdog for 200 seconds at Sat Sep 22 02:14:51 UTC 2018
4 ms. Memory: 287232K Free: 270511K (94%)
ptolemy.util.test.WatchDog.cancel(): canceling Sat Sep 22 02:14:51 UTC 2018
auto.tcl: Setting watchdog for 200 seconds at Sat Sep 22 02:14:51 UTC 2018
3 ms. Memory: 287232K Free: 267894K (93%)
ptolemy.util.test.WatchDog.cancel(): canceling Sat Sep 22 02:14:51 UTC 2018
------------------ testing $PTII/ptolemy/domains/de/test/auto/Trilateration.xml
auto.tcl: Setting watchdog for 200 seconds at Sat Sep 22 02:14:51 UTC 2018
13233 ms. Memory: 473088K Free: 295695K (63%)
ptolemy.util.test.WatchDog.cancel(): canceling Sat Sep 22 02:15:05 UTC 2018
auto.tcl: Setting watchdog for 200 seconds at Sat Sep 22 02:15:05 UTC 2018
10427 ms. Memory: 352256K Free: 255239K (72%)
ptolemy.util.test.WatchDog.cancel(): canceling Sat Sep 22 02:15:16 UTC 2018
------------------ testing $PTII/ptolemy/domains/de/test/auto/TwoSigmaDelta.xml
auto.tcl: Setting watchdog for 200 seconds at Sat Sep 22 02:15:16 UTC 2018
3018 ms. Memory: 339968K Free: 317673K (93%)
ptolemy.util.test.WatchDog.cancel(): canceling Sat Sep 22 02:15:19 UTC 2018
auto.tcl: Setting watchdog for 200 seconds at Sat Sep 22 02:15:19 UTC 2018
2135 ms. Memory: 339968K Free: 89174K (26%)
ptolemy.util.test.WatchDog.cancel(): canceling Sat Sep 22 02:15:21 UTC 2018
------------------ testing $PTII/ptolemy/domains/de/test/auto/VariableDelay.xml
auto.tcl: Setting watchdog for 200 seconds at Sat Sep 22 02:15:21 UTC 2018
3 ms. Memory: 337408K Free: 325575K (96%)
ptolemy.util.test.WatchDog.cancel(): canceling Sat Sep 22 02:15:21 UTC 2018
auto.tcl: Setting watchdog for 200 seconds at Sat Sep 22 02:15:21 UTC 2018
1 ms. Memory: 337408K Free: 321613K (95%)
ptolemy.util.test.WatchDog.cancel(): canceling Sat Sep 22 02:15:21 UTC 2018
------------------ testing $PTII/ptolemy/domains/de/test/auto/VariableDelay2.xml
auto.tcl: Setting watchdog for 200 seconds at Sat Sep 22 02:15:21 UTC 2018
7 ms. Memory: 339456K Free: 325470K (96%)
ptolemy.util.test.WatchDog.cancel(): canceling Sat Sep 22 02:15:21 UTC 2018
auto.tcl: Setting watchdog for 200 seconds at Sat Sep 22 02:15:21 UTC 2018
2 ms. Memory: 339456K Free: 321508K (95%)
ptolemy.util.test.WatchDog.cancel(): canceling Sat Sep 22 02:15:21 UTC 2018
------------------ testing $PTII/ptolemy/domains/de/test/auto/VariableDelayZeroDelay.xml
auto.tcl: Setting watchdog for 200 seconds at Sat Sep 22 02:15:21 UTC 2018
2 ms. Memory: 337408K Free: 323420K (96%)
ptolemy.util.test.WatchDog.cancel(): canceling Sat Sep 22 02:15:21 UTC 2018
auto.tcl: Setting watchdog for 200 seconds at Sat Sep 22 02:15:21 UTC 2018
2 ms. Memory: 337408K Free: 323420K (96%)
ptolemy.util.test.WatchDog.cancel(): canceling Sat Sep 22 02:15:21 UTC 2018
------------------ testing $PTII/ptolemy/domains/de/test/auto/VariableDelayZeroDelay2.xml
auto.tcl: Setting watchdog for 200 seconds at Sat Sep 22 02:15:21 UTC 2018
2 ms. Memory: 339456K Free: 325467K (96%)
ptolemy.util.test.WatchDog.cancel(): canceling Sat Sep 22 02:15:21 UTC 2018
auto.tcl: Setting watchdog for 200 seconds at Sat Sep 22 02:15:21 UTC 2018
2 ms. Memory: 339456K Free: 321521K (95%)
ptolemy.util.test.WatchDog.cancel(): canceling Sat Sep 22 02:15:21 UTC 2018
------------------ testing $PTII/ptolemy/domains/de/test/auto/deInCt.xml
auto.tcl: Setting watchdog for 200 seconds at Sat Sep 22 02:15:21 UTC 2018
0
1
1
1
1
0
0
0
0
1
1
1
0
0
1
1
1
0
0
0
1
1
1
0
0
1
1
1
0
0
0
0
0
1
1
1
1
0
0
0
0
8 ms. Memory: 337408K Free: 319454K (95%)
ptolemy.util.test.WatchDog.cancel(): canceling Sat Sep 22 02:15:21 UTC 2018
auto.tcl: Setting watchdog for 200 seconds at Sat Sep 22 02:15:21 UTC 2018
0
1
1
1
0
0
0
0
0
0
1
1
1
1
0
0
0
1
1
1
0
0
0
1
1
1
1
0
0
0
1
1
1
0
0
0
1
1
0
0
0
0
7 ms. Memory: 337408K Free: 319454K (95%)
ptolemy.util.test.WatchDog.cancel(): canceling Sat Sep 22 02:15:21 UTC 2018
------------------ testing $PTII/ptolemy/domains/de/test/auto/deInCt2.xml
auto.tcl: Setting watchdog for 200 seconds at Sat Sep 22 02:15:21 UTC 2018
0
1
1
1
0
0
1
1
1
0
0
1
1
1
0
0
1
1
1
0
0
1
1
1
0
0
1
1
1
0
0
1
1
1
0
0
1
1
1
0
0
0
8 ms. Memory: 338944K Free: 320986K (95%)
ptolemy.util.test.WatchDog.cancel(): canceling Sat Sep 22 02:15:22 UTC 2018
auto.tcl: Setting watchdog for 200 seconds at Sat Sep 22 02:15:22 UTC 2018
0
1
1
1
0
0
1
1
1
0
0
1
1
1
0
0
1
1
1
0
0
1
1
1
0
0
1
1
1
0
0
1
1
1
0
0
1
1
1
0
0
0
8 ms. Memory: 338944K Free: 320986K (95%)
ptolemy.util.test.WatchDog.cancel(): canceling Sat Sep 22 02:15:22 UTC 2018
------------------ testing $PTII/ptolemy/domains/de/test/auto/dynamicCausalityInterface1.xml
auto.tcl: Setting watchdog for 200 seconds at Sat Sep 22 02:15:22 UTC 2018
1 ms. Memory: 337408K Free: 315487K (94%)
ptolemy.util.test.WatchDog.cancel(): canceling Sat Sep 22 02:15:22 UTC 2018
auto.tcl: Setting watchdog for 200 seconds at Sat Sep 22 02:15:22 UTC 2018
1 ms. Memory: 337408K Free: 315487K (94%)
ptolemy.util.test.WatchDog.cancel(): canceling Sat Sep 22 02:15:22 UTC 2018
------------------ testing $PTII/ptolemy/domains/de/test/auto/fsm_de_test.xml
auto.tcl: Setting watchdog for 200 seconds at Sat Sep 22 02:15:22 UTC 2018
10 ms. Memory: 338944K Free: 316926K (94%)
ptolemy.util.test.WatchDog.cancel(): canceling Sat Sep 22 02:15:22 UTC 2018
auto.tcl: Setting watchdog for 200 seconds at Sat Sep 22 02:15:22 UTC 2018
9 ms. Memory: 338944K Free: 316926K (94%)
ptolemy.util.test.WatchDog.cancel(): canceling Sat Sep 22 02:15:22 UTC 2018
------------------ testing $PTII/ptolemy/domains/de/test/auto/functionDependencyReconstruction.xml
auto.tcl: Setting watchdog for 200 seconds at Sat Sep 22 02:15:22 UTC 2018
3 ms. Memory: 337408K Free: 311443K (92%)
ptolemy.util.test.WatchDog.cancel(): canceling Sat Sep 22 02:15:22 UTC 2018
auto.tcl: Setting watchdog for 200 seconds at Sat Sep 22 02:15:22 UTC 2018
3 ms. Memory: 337408K Free: 307481K (91%)
ptolemy.util.test.WatchDog.cancel(): canceling Sat Sep 22 02:15:22 UTC 2018
------------------ testing $PTII/ptolemy/domains/de/test/auto/multirate.xml
auto.tcl: Setting watchdog for 200 seconds at Sat Sep 22 02:15:22 UTC 2018
3 ms. Memory: 338432K Free: 320235K (95%)
ptolemy.util.test.WatchDog.cancel(): canceling Sat Sep 22 02:15:22 UTC 2018
auto.tcl: Setting watchdog for 200 seconds at Sat Sep 22 02:15:22 UTC 2018
6 ms. Memory: 338432K Free: 320231K (95%)
ptolemy.util.test.WatchDog.cancel(): canceling Sat Sep 22 02:15:22 UTC 2018
------------------ testing $PTII/ptolemy/domains/de/test/auto/multirate2.xml
auto.tcl: Setting watchdog for 200 seconds at Sat Sep 22 02:15:22 UTC 2018
5 ms. Memory: 337408K Free: 319416K (95%)
ptolemy.util.test.WatchDog.cancel(): canceling Sat Sep 22 02:15:22 UTC 2018
auto.tcl: Setting watchdog for 200 seconds at Sat Sep 22 02:15:22 UTC 2018
3 ms. Memory: 337408K Free: 319416K (95%)
ptolemy.util.test.WatchDog.cancel(): canceling Sat Sep 22 02:15:22 UTC 2018
------------------ testing $PTII/ptolemy/domains/de/test/auto/realtime.xml
auto.tcl: Setting watchdog for 200 seconds at Sat Sep 22 02:15:22 UTC 2018
10001 ms. Memory: 338432K Free: 324380K (96%)
ptolemy.util.test.WatchDog.cancel(): canceling Sat Sep 22 02:15:32 UTC 2018
auto.tcl: Setting watchdog for 200 seconds at Sat Sep 22 02:15:32 UTC 2018
10002 ms. Memory: 338432K Free: 320434K (95%)
ptolemy.util.test.WatchDog.cancel(): canceling Sat Sep 22 02:15:42 UTC 2018
------------------ testing $PTII/ptolemy/domains/de/test/auto/relationGroup.xml
auto.tcl: Setting watchdog for 200 seconds at Sat Sep 22 02:15:42 UTC 2018
2 ms. Memory: 337408K Free: 325946K (97%)
ptolemy.util.test.WatchDog.cancel(): canceling Sat Sep 22 02:15:42 UTC 2018
auto.tcl: Setting watchdog for 200 seconds at Sat Sep 22 02:15:42 UTC 2018
2 ms. Memory: 337408K Free: 325946K (97%)
ptolemy.util.test.WatchDog.cancel(): canceling Sat Sep 22 02:15:42 UTC 2018
------------------ testing $PTII/ptolemy/domains/de/test/auto/relationGroup2.xml
auto.tcl: Setting watchdog for 200 seconds at Sat Sep 22 02:15:42 UTC 2018
0 ms. Memory: 338432K Free: 324437K (96%)
ptolemy.util.test.WatchDog.cancel(): canceling Sat Sep 22 02:15:42 UTC 2018
auto.tcl: Setting watchdog for 200 seconds at Sat Sep 22 02:15:42 UTC 2018
1 ms. Memory: 338432K Free: 324437K (96%)
ptolemy.util.test.WatchDog.cancel(): canceling Sat Sep 22 02:15:42 UTC 2018
------------------ testing $PTII/ptolemy/domains/de/test/auto/sortWithOpaquePorts.xml
auto.tcl: Setting watchdog for 200 seconds at Sat Sep 22 02:15:42 UTC 2018
2 ms. Memory: 337408K Free: 323414K (96%)
ptolemy.util.test.WatchDog.cancel(): canceling Sat Sep 22 02:15:42 UTC 2018
auto.tcl: Setting watchdog for 200 seconds at Sat Sep 22 02:15:42 UTC 2018
2 ms. Memory: 337408K Free: 319460K (95%)
ptolemy.util.test.WatchDog.cancel(): canceling Sat Sep 22 02:15:42 UTC 2018
------------------ testing $PTII/ptolemy/domains/de/test/auto/transferInputsandOutputs.xml
auto.tcl: Setting watchdog for 200 seconds at Sat Sep 22 02:15:42 UTC 2018
4 ms. Memory: 337920K Free: 319951K (95%)
ptolemy.util.test.WatchDog.cancel(): canceling Sat Sep 22 02:15:42 UTC 2018
auto.tcl: Setting watchdog for 200 seconds at Sat Sep 22 02:15:42 UTC 2018
2 ms. Memory: 337920K Free: 319951K (95%)
ptolemy.util.test.WatchDog.cancel(): canceling Sat Sep 22 02:15:42 UTC 2018
------------------ testing $PTII/ptolemy/domains/de/test/auto/triggerType.xml
auto.tcl: Setting watchdog for 200 seconds at Sat Sep 22 02:15:42 UTC 2018
2 ms. Memory: 337408K Free: 323352K (96%)
ptolemy.util.test.WatchDog.cancel(): canceling Sat Sep 22 02:15:42 UTC 2018
auto.tcl: Setting watchdog for 200 seconds at Sat Sep 22 02:15:42 UTC 2018
2 ms. Memory: 337408K Free: 319390K (95%)
ptolemy.util.test.WatchDog.cancel(): canceling Sat Sep 22 02:15:42 UTC 2018
09/22/18 02:15:42
Failed: 0  Total Tests: 192  ((Passed: 187, Newly Passed: 1)  Known Failed: 5) /home/travis/build/icyphy/ptII/ptolemy/domains/de/test
09/22/18 02:15:42
Failed: 0  Total Tests: 192  ((Passed: 187, Newly Passed: 1)  Known Failed: 5) /home/travis/build/icyphy/ptII/ptolemy/domains/de/test
----------------- testing (KnownFailure) /home/travis/build/icyphy/ptII/ptolemy/domains/de/test/auto/knownFailedTests/DESDFClockTest.xml
2015 ms. Memory: 337920K Free: 313657K (93%)
Known Failure: java.lang.reflect.InvocationTargetException
----------------- testing (KnownFailure) /home/travis/build/icyphy/ptII/ptolemy/domains/de/test/auto/knownFailedTests/DirectFeedback.xml
1 ms. Memory: 337920K Free: 293177K (87%)
Known Failure: java.lang.reflect.InvocationTargetException
----------------- testing (KnownFailure) /home/travis/build/icyphy/ptII/ptolemy/domains/de/test/auto/knownFailedTests/FSMSource.xml
4 ms. Memory: 337920K Free: 267577K (79%)
----------------- testing (KnownFailure) /home/travis/build/icyphy/ptII/ptolemy/domains/de/test/auto/knownFailedTests/HierarchicalModel.xml
3 ms. Memory: 337920K Free: 241961K (72%)
Known Failure: java.lang.reflect.InvocationTargetException
----------------- testing (KnownFailure) /home/travis/build/icyphy/ptII/ptolemy/domains/de/test/auto/knownFailedTests/dependencyLoop.xml
3 ms. Memory: 337920K Free: 211224K (63%)
Known Failure: java.lang.reflect.InvocationTargetException
----------------- testing (KnownFailure) /home/travis/build/icyphy/ptII/ptolemy/domains/de/test/auto/knownFailedTests/dependencyLoop2.xml
4 ms. Memory: 337920K Free: 180488K (53%)
Known Failure: java.lang.reflect.InvocationTargetException
No auto/linux-amd64/*.xml tests in /home/travis/build/icyphy/ptII/ptolemy/domains/de/test
AutoTests.java: About to close Vertx.
AutoTests.java: Vertx closed.

===========================================================================================
----------------- testing Sat Sep 22 02:15:45 UTC 2018 /home/travis/build/icyphy/ptII/ptolemy/domains/de/test/auto/ActorDepthCalculation_actorWithoutPorts.xml
----------------- Instantiating /home/travis/build/icyphy/ptII/ptolemy/domains/de/test/auto/ActorDepthCalculation_actorWithoutPorts.xml
1 ms. Memory: 337920K Free: 154887K (46%)
----------------- Invoking toplevel() on ptolemy.moml.MoMLSimpleApplication@26ae6f5b
----------------- Done invoking toplevel() on ptolemy.moml.MoMLSimpleApplication@26ae6f5b
reloadAllAccessors: .ActorDepthCalculation_actorWithoutPorts

===========================================================================================
----------------- testing Sat Sep 22 02:15:45 UTC 2018 /home/travis/build/icyphy/ptII/ptolemy/domains/de/test/auto/AssemblyLine.xml
----------------- Instantiating /home/travis/build/icyphy/ptII/ptolemy/domains/de/test/auto/AssemblyLine.xml
2 ms. Memory: 337920K Free: 139511K (41%)
----------------- Invoking toplevel() on ptolemy.moml.MoMLSimpleApplication@114741a9
----------------- Done invoking toplevel() on ptolemy.moml.MoMLSimpleApplication@114741a9
reloadAllAccessors: .AssemblyLine

===========================================================================================
----------------- testing Sat Sep 22 02:15:45 UTC 2018 /home/travis/build/icyphy/ptII/ptolemy/domains/de/test/auto/CQBug1.xml
----------------- Instantiating /home/travis/build/icyphy/ptII/ptolemy/domains/de/test/auto/CQBug1.xml
1 ms. Memory: 337920K Free: 129271K (38%)
----------------- Invoking toplevel() on ptolemy.moml.MoMLSimpleApplication@37e673f
----------------- Done invoking toplevel() on ptolemy.moml.MoMLSimpleApplication@37e673f
reloadAllAccessors: .CQBug1

===========================================================================================
----------------- testing Sat Sep 22 02:15:45 UTC 2018 /home/travis/build/icyphy/ptII/ptolemy/domains/de/test/auto/CancelFireAt.xml
----------------- Instantiating /home/travis/build/icyphy/ptII/ptolemy/domains/de/test/auto/CancelFireAt.xml
1 ms. Memory: 337920K Free: 119031K (35%)
----------------- Invoking toplevel() on ptolemy.moml.MoMLSimpleApplication@686b21e7
----------------- Done invoking toplevel() on ptolemy.moml.MoMLSimpleApplication@686b21e7
reloadAllAccessors: .CancelFireAt

===========================================================================================
----------------- testing Sat Sep 22 02:15:45 UTC 2018 /home/travis/build/icyphy/ptII/ptolemy/domains/de/test/auto/CausalityAndComposabilityAnalysis.xml
----------------- Instantiating /home/travis/build/icyphy/ptII/ptolemy/domains/de/test/auto/CausalityAndComposabilityAnalysis.xml
1 ms. Memory: 337920K Free: 108791K (32%)
----------------- Invoking toplevel() on ptolemy.moml.MoMLSimpleApplication@4e541955
----------------- Done invoking toplevel() on ptolemy.moml.MoMLSimpleApplication@4e541955
reloadAllAccessors: .CausalityAndComposabilityAnalysis

===========================================================================================
----------------- testing Sat Sep 22 02:15:45 UTC 2018 /home/travis/build/icyphy/ptII/ptolemy/domains/de/test/auto/CausalityInterface1.xml
----------------- Instantiating /home/travis/build/icyphy/ptII/ptolemy/domains/de/test/auto/CausalityInterface1.xml
5 ms. Memory: 337920K Free: 98551K (29%)
----------------- Invoking toplevel() on ptolemy.moml.MoMLSimpleApplication@36f8a70a
----------------- Done invoking toplevel() on ptolemy.moml.MoMLSimpleApplication@36f8a70a
reloadAllAccessors: .CausalityInterface1

===========================================================================================
----------------- testing Sat Sep 22 02:15:45 UTC 2018 /home/travis/build/icyphy/ptII/ptolemy/domains/de/test/auto/CausalityInterface15.xml
----------------- Instantiating /home/travis/build/icyphy/ptII/ptolemy/domains/de/test/auto/CausalityInterface15.xml
1 ms. Memory: 337920K Free: 84365K (25%)
----------------- Invoking toplevel() on ptolemy.moml.MoMLSimpleApplication@1203f4fa
----------------- Done invoking toplevel() on ptolemy.moml.MoMLSimpleApplication@1203f4fa
reloadAllAccessors: .CausalityInterface15

===========================================================================================
----------------- testing Sat Sep 22 02:15:45 UTC 2018 /home/travis/build/icyphy/ptII/ptolemy/domains/de/test/auto/CausalityInterface2.xml
----------------- Instantiating /home/travis/build/icyphy/ptII/ptolemy/domains/de/test/auto/CausalityInterface2.xml
1 ms. Memory: 337920K Free: 76984K (23%)
----------------- Invoking toplevel() on ptolemy.moml.MoMLSimpleApplication@74118638
----------------- Done invoking toplevel() on ptolemy.moml.MoMLSimpleApplication@74118638
reloadAllAccessors: .CausalityInterface2

===========================================================================================
----------------- testing Sat Sep 22 02:15:45 UTC 2018 /home/travis/build/icyphy/ptII/ptolemy/domains/de/test/auto/CausalityInterface3.xml
----------------- Instantiating /home/travis/build/icyphy/ptII/ptolemy/domains/de/test/auto/CausalityInterface3.xml
2 ms. Memory: 326144K Free: 311161K (95%)
----------------- Invoking toplevel() on ptolemy.moml.MoMLSimpleApplication@67e9e516
----------------- Done invoking toplevel() on ptolemy.moml.MoMLSimpleApplication@67e9e516
reloadAllAccessors: .CausalityInterface3

===========================================================================================
----------------- testing Sat Sep 22 02:15:45 UTC 2018 /home/travis/build/icyphy/ptII/ptolemy/domains/de/test/auto/ClockDrift.xml
----------------- Instantiating /home/travis/build/icyphy/ptII/ptolemy/domains/de/test/auto/ClockDrift.xml
18 ms. Memory: 326144K Free: 289093K (89%)
----------------- Invoking toplevel() on ptolemy.moml.MoMLSimpleApplication@5a1468c7
----------------- Done invoking toplevel() on ptolemy.moml.MoMLSimpleApplication@5a1468c7
reloadAllAccessors: .ClockDrift

===========================================================================================
----------------- testing Sat Sep 22 02:15:45 UTC 2018 /home/travis/build/icyphy/ptII/ptolemy/domains/de/test/auto/ClockDriftAndValueChange.xml
----------------- Instantiating /home/travis/build/icyphy/ptII/ptolemy/domains/de/test/auto/ClockDriftAndValueChange.xml
11 ms. Memory: 326144K Free: 269482K (83%)
----------------- Invoking toplevel() on ptolemy.moml.MoMLSimpleApplication@2dc03516
----------------- Done invoking toplevel() on ptolemy.moml.MoMLSimpleApplication@2dc03516
reloadAllAccessors: .ClockDriftAndValueChange

===========================================================================================
----------------- testing Sat Sep 22 02:15:45 UTC 2018 /home/travis/build/icyphy/ptII/ptolemy/domains/de/test/auto/ClockDriftChange.xml
----------------- Instantiating /home/travis/build/icyphy/ptII/ptolemy/domains/de/test/auto/ClockDriftChange.xml
10 ms. Memory: 326144K Free: 254782K (78%)
----------------- Invoking toplevel() on ptolemy.moml.MoMLSimpleApplication@6855a4b7
----------------- Done invoking toplevel() on ptolemy.moml.MoMLSimpleApplication@6855a4b7
reloadAllAccessors: .ClockDriftChange

===========================================================================================
----------------- testing Sat Sep 22 02:15:45 UTC 2018 /home/travis/build/icyphy/ptII/ptolemy/domains/de/test/auto/ComposableCausalityAnalysis.xml
----------------- Instantiating /home/travis/build/icyphy/ptII/ptolemy/domains/de/test/auto/ComposableCausalityAnalysis.xml
1 ms. Memory: 326144K Free: 240082K (74%)
----------------- Invoking toplevel() on ptolemy.moml.MoMLSimpleApplication@2a1d4dd5
----------------- Done invoking toplevel() on ptolemy.moml.MoMLSimpleApplication@2a1d4dd5
reloadAllAccessors: .ComposableCausalityAnalysis

===========================================================================================
----------------- testing Sat Sep 22 02:15:45 UTC 2018 /home/travis/build/icyphy/ptII/ptolemy/domains/de/test/auto/DEFixedPointLimitation.xml
----------------- Instantiating /home/travis/build/icyphy/ptII/ptolemy/domains/de/test/auto/DEFixedPointLimitation.xml
1 ms. Memory: 326144K Free: 230292K (71%)
----------------- Invoking toplevel() on ptolemy.moml.MoMLSimpleApplication@6c102289
----------------- Done invoking toplevel() on ptolemy.moml.MoMLSimpleApplication@6c102289
reloadAllAccessors: .DEFixedPointLimitation

===========================================================================================
----------------- testing Sat Sep 22 02:15:45 UTC 2018 /home/travis/build/icyphy/ptII/ptolemy/domains/de/test/auto/DEScheduleTest.xml
----------------- Instantiating /home/travis/build/icyphy/ptII/ptolemy/domains/de/test/auto/DEScheduleTest.xml
4 ms. Memory: 326144K Free: 218024K (67%)
----------------- Invoking toplevel() on ptolemy.moml.MoMLSimpleApplication@155a4e5a
----------------- Done invoking toplevel() on ptolemy.moml.MoMLSimpleApplication@155a4e5a
reloadAllAccessors: .DEScheduleTest

===========================================================================================
----------------- testing Sat Sep 22 02:15:45 UTC 2018 /home/travis/build/icyphy/ptII/ptolemy/domains/de/test/auto/DEinDEwithStartTimes.xml
----------------- Instantiating /home/travis/build/icyphy/ptII/ptolemy/domains/de/test/auto/DEinDEwithStartTimes.xml
2 ms. Memory: 326144K Free: 208234K (64%)
----------------- Invoking toplevel() on ptolemy.moml.MoMLSimpleApplication@350c2a60
----------------- Done invoking toplevel() on ptolemy.moml.MoMLSimpleApplication@350c2a60
reloadAllAccessors: .DEinDEwithStartTimes

===========================================================================================
----------------- testing Sat Sep 22 02:15:45 UTC 2018 /home/travis/build/icyphy/ptII/ptolemy/domains/de/test/auto/DEinDEwithStartTimes2.xml
----------------- Instantiating /home/travis/build/icyphy/ptII/ptolemy/domains/de/test/auto/DEinDEwithStartTimes2.xml
3 ms. Memory: 326144K Free: 193534K (59%)
----------------- Invoking toplevel() on ptolemy.moml.MoMLSimpleApplication@5901ba7f
----------------- Done invoking toplevel() on ptolemy.moml.MoMLSimpleApplication@5901ba7f
reloadAllAccessors: .DEinDEwithStartTimes2

===========================================================================================
----------------- testing Sat Sep 22 02:15:45 UTC 2018 /home/travis/build/icyphy/ptII/ptolemy/domains/de/test/auto/DateDemo.xml
----------------- Instantiating /home/travis/build/icyphy/ptII/ptolemy/domains/de/test/auto/DateDemo.xml
5 ms. Memory: 326144K Free: 173923K (53%)
----------------- Invoking toplevel() on ptolemy.moml.MoMLSimpleApplication@6da5ea09
----------------- Done invoking toplevel() on ptolemy.moml.MoMLSimpleApplication@6da5ea09
reloadAllAccessors: .DateDemo

===========================================================================================
----------------- testing Sat Sep 22 02:15:45 UTC 2018 /home/travis/build/icyphy/ptII/ptolemy/domains/de/test/auto/DateToEvent.xml
----------------- Instantiating /home/travis/build/icyphy/ptII/ptolemy/domains/de/test/auto/DateToEvent.xml
2004 ms. Memory: 326144K Free: 149433K (46%)
----------------- Invoking toplevel() on ptolemy.moml.MoMLSimpleApplication@4c668a1
----------------- Done invoking toplevel() on ptolemy.moml.MoMLSimpleApplication@4c668a1
reloadAllAccessors: .DateToEvent

===========================================================================================
----------------- testing Sat Sep 22 02:15:47 UTC 2018 /home/travis/build/icyphy/ptII/ptolemy/domains/de/test/auto/DepthTest1.xml
----------------- Instantiating /home/travis/build/icyphy/ptII/ptolemy/domains/de/test/auto/DepthTest1.xml
1 ms. Memory: 326144K Free: 137164K (42%)
----------------- Invoking toplevel() on ptolemy.moml.MoMLSimpleApplication@4ce1268d
----------------- Done invoking toplevel() on ptolemy.moml.MoMLSimpleApplication@4ce1268d
reloadAllAccessors: .DepthTest1

===========================================================================================
----------------- testing Sat Sep 22 02:15:47 UTC 2018 /home/travis/build/icyphy/ptII/ptolemy/domains/de/test/auto/DepthTest2.xml
----------------- Instantiating /home/travis/build/icyphy/ptII/ptolemy/domains/de/test/auto/DepthTest2.xml
3 ms. Memory: 326144K Free: 122464K (38%)
----------------- Invoking toplevel() on ptolemy.moml.MoMLSimpleApplication@2591f940
----------------- Done invoking toplevel() on ptolemy.moml.MoMLSimpleApplication@2591f940
reloadAllAccessors: .DepthTest2

===========================================================================================
----------------- testing Sat Sep 22 02:15:47 UTC 2018 /home/travis/build/icyphy/ptII/ptolemy/domains/de/test/auto/DepthTest3.xml
----------------- Instantiating /home/travis/build/icyphy/ptII/ptolemy/domains/de/test/auto/DepthTest3.xml
1 ms. Memory: 326144K Free: 112675K (35%)
----------------- Invoking toplevel() on ptolemy.moml.MoMLSimpleApplication@7da023e2
----------------- Done invoking toplevel() on ptolemy.moml.MoMLSimpleApplication@7da023e2
reloadAllAccessors: .DepthTest3

===========================================================================================
----------------- testing Sat Sep 22 02:15:47 UTC 2018 /home/travis/build/icyphy/ptII/ptolemy/domains/de/test/auto/DepthTest4.xml
----------------- Instantiating /home/travis/build/icyphy/ptII/ptolemy/domains/de/test/auto/DepthTest4.xml
2 ms. Memory: 326144K Free: 102885K (32%)
----------------- Invoking toplevel() on ptolemy.moml.MoMLSimpleApplication@208add00
----------------- Done invoking toplevel() on ptolemy.moml.MoMLSimpleApplication@208add00
reloadAllAccessors: .DepthTest4

===========================================================================================
----------------- testing Sat Sep 22 02:15:47 UTC 2018 /home/travis/build/icyphy/ptII/ptolemy/domains/de/test/auto/DepthTest5.xml
----------------- Instantiating /home/travis/build/icyphy/ptII/ptolemy/domains/de/test/auto/DepthTest5.xml
2 ms. Memory: 326144K Free: 88200K (27%)
----------------- Invoking toplevel() on ptolemy.moml.MoMLSimpleApplication@8c78b2e
----------------- Done invoking toplevel() on ptolemy.moml.MoMLSimpleApplication@8c78b2e
reloadAllAccessors: .DepthTest5

===========================================================================================
----------------- testing Sat Sep 22 02:15:47 UTC 2018 /home/travis/build/icyphy/ptII/ptolemy/domains/de/test/auto/DepthTest6.xml
----------------- Instantiating /home/travis/build/icyphy/ptII/ptolemy/domains/de/test/auto/DepthTest6.xml
1 ms. Memory: 326144K Free: 76215K (23%)
----------------- Invoking toplevel() on ptolemy.moml.MoMLSimpleApplication@34c984cc
----------------- Done invoking toplevel() on ptolemy.moml.MoMLSimpleApplication@34c984cc
reloadAllAccessors: .DepthTest6

===========================================================================================
----------------- testing Sat Sep 22 02:15:47 UTC 2018 /home/travis/build/icyphy/ptII/ptolemy/domains/de/test/auto/DepthTest7.xml
----------------- Instantiating /home/travis/build/icyphy/ptII/ptolemy/domains/de/test/auto/DepthTest7.xml
1 ms. Memory: 315904K Free: 301861K (96%)
----------------- Invoking toplevel() on ptolemy.moml.MoMLSimpleApplication@3565066e
----------------- Done invoking toplevel() on ptolemy.moml.MoMLSimpleApplication@3565066e
reloadAllAccessors: .DepthTest7

===========================================================================================
----------------- testing Sat Sep 22 02:15:47 UTC 2018 /home/travis/build/icyphy/ptII/ptolemy/domains/de/test/auto/EventToDate.xml
----------------- Instantiating /home/travis/build/icyphy/ptII/ptolemy/domains/de/test/auto/EventToDate.xml
3010 ms. Memory: 315904K Free: 283101K (90%)
----------------- Invoking toplevel() on ptolemy.moml.MoMLSimpleApplication@76d4d176
----------------- Done invoking toplevel() on ptolemy.moml.MoMLSimpleApplication@76d4d176
reloadAllAccessors: .EventToDate

===========================================================================================
----------------- testing Sat Sep 22 02:15:50 UTC 2018 /home/travis/build/icyphy/ptII/ptolemy/domains/de/test/auto/FSM1.xml
----------------- Instantiating /home/travis/build/icyphy/ptII/ptolemy/domains/de/test/auto/FSM1.xml
6 ms. Memory: 315904K Free: 266706K (84%)
----------------- Invoking toplevel() on ptolemy.moml.MoMLSimpleApplication@545199bf
----------------- Done invoking toplevel() on ptolemy.moml.MoMLSimpleApplication@545199bf
reloadAllAccessors: .FSM1

===========================================================================================
----------------- testing Sat Sep 22 02:15:50 UTC 2018 /home/travis/build/icyphy/ptII/ptolemy/domains/de/test/auto/FSM7.xml
----------------- Instantiating /home/travis/build/icyphy/ptII/ptolemy/domains/de/test/auto/FSM7.xml
6 ms. Memory: 315904K Free: 248649K (79%)
----------------- Invoking toplevel() on ptolemy.moml.MoMLSimpleApplication@254980fd
----------------- Done invoking toplevel() on ptolemy.moml.MoMLSimpleApplication@254980fd
reloadAllAccessors: .FSM7

===========================================================================================
----------------- testing Sat Sep 22 02:15:50 UTC 2018 /home/travis/build/icyphy/ptII/ptolemy/domains/de/test/auto/Inspection.xml
----------------- Instantiating /home/travis/build/icyphy/ptII/ptolemy/domains/de/test/auto/Inspection.xml
8 ms. Memory: 315904K Free: 234593K (74%)
----------------- Invoking toplevel() on ptolemy.moml.MoMLSimpleApplication@23fdea3c
----------------- Done invoking toplevel() on ptolemy.moml.MoMLSimpleApplication@23fdea3c
reloadAllAccessors: .Inspection

===========================================================================================
----------------- testing Sat Sep 22 02:15:50 UTC 2018 /home/travis/build/icyphy/ptII/ptolemy/domains/de/test/auto/Iteration.xml
----------------- Instantiating /home/travis/build/icyphy/ptII/ptolemy/domains/de/test/auto/Iteration.xml
3 ms. Memory: 315904K Free: 225234K (71%)
----------------- Invoking toplevel() on ptolemy.moml.MoMLSimpleApplication@5bc85f0e
----------------- Done invoking toplevel() on ptolemy.moml.MoMLSimpleApplication@5bc85f0e
reloadAllAccessors: .Iteration

===========================================================================================
----------------- testing Sat Sep 22 02:15:50 UTC 2018 /home/travis/build/icyphy/ptII/ptolemy/domains/de/test/auto/LineFault.xml
----------------- Instantiating /home/travis/build/icyphy/ptII/ptolemy/domains/de/test/auto/LineFault.xml
293 ms. Memory: 315904K Free: 104053K (33%)
----------------- Invoking toplevel() on ptolemy.moml.MoMLSimpleApplication@6bb4ec60
----------------- Done invoking toplevel() on ptolemy.moml.MoMLSimpleApplication@6bb4ec60
reloadAllAccessors: .LineFault

===========================================================================================
----------------- testing Sat Sep 22 02:15:51 UTC 2018 /home/travis/build/icyphy/ptII/ptolemy/domains/de/test/auto/MergeModel1Add.xml
----------------- Instantiating /home/travis/build/icyphy/ptII/ptolemy/domains/de/test/auto/MergeModel1Add.xml
5 ms. Memory: 315904K Free: 82953K (26%)
----------------- Invoking toplevel() on ptolemy.moml.MoMLSimpleApplication@39344da7
----------------- Done invoking toplevel() on ptolemy.moml.MoMLSimpleApplication@39344da7
reloadAllAccessors: .MergeModel1Add

===========================================================================================
----------------- testing Sat Sep 22 02:15:51 UTC 2018 /home/travis/build/icyphy/ptII/ptolemy/domains/de/test/auto/MergeModel2Add.xml
----------------- Instantiating /home/travis/build/icyphy/ptII/ptolemy/domains/de/test/auto/MergeModel2Add.xml
5 ms. Memory: 305664K Free: 285599K (93%)
----------------- Invoking toplevel() on ptolemy.moml.MoMLSimpleApplication@5065afd4
----------------- Done invoking toplevel() on ptolemy.moml.MoMLSimpleApplication@5065afd4
reloadAllAccessors: .MergeModel2Add

===========================================================================================
----------------- testing Sat Sep 22 02:15:51 UTC 2018 /home/travis/build/icyphy/ptII/ptolemy/domains/de/test/auto/MergeModel3Add.xml
----------------- Instantiating /home/travis/build/icyphy/ptII/ptolemy/domains/de/test/auto/MergeModel3Add.xml
6 ms. Memory: 305664K Free: 264373K (86%)
----------------- Invoking toplevel() on ptolemy.moml.MoMLSimpleApplication@1bed6fc3
----------------- Done invoking toplevel() on ptolemy.moml.MoMLSimpleApplication@1bed6fc3
reloadAllAccessors: .MergeModel3Add

===========================================================================================
----------------- testing Sat Sep 22 02:15:51 UTC 2018 /home/travis/build/icyphy/ptII/ptolemy/domains/de/test/auto/MergeWithoutDiscard.xml
----------------- Instantiating /home/travis/build/icyphy/ptII/ptolemy/domains/de/test/auto/MergeWithoutDiscard.xml
1 ms. Memory: 305664K Free: 257644K (84%)
----------------- Invoking toplevel() on ptolemy.moml.MoMLSimpleApplication@89ae5af
----------------- Done invoking toplevel() on ptolemy.moml.MoMLSimpleApplication@89ae5af
reloadAllAccessors: .MergeWithoutDiscard

===========================================================================================
----------------- testing Sat Sep 22 02:15:51 UTC 2018 /home/travis/build/icyphy/ptII/ptolemy/domains/de/test/auto/Modal1.xml
----------------- Instantiating /home/travis/build/icyphy/ptII/ptolemy/domains/de/test/auto/Modal1.xml
7 ms. Memory: 305664K Free: 240941K (79%)
----------------- Invoking toplevel() on ptolemy.moml.MoMLSimpleApplication@5ff11a56
----------------- Done invoking toplevel() on ptolemy.moml.MoMLSimpleApplication@5ff11a56
reloadAllAccessors: .Modal1

===========================================================================================
----------------- testing Sat Sep 22 02:15:51 UTC 2018 /home/travis/build/icyphy/ptII/ptolemy/domains/de/test/auto/Modal2.xml
----------------- Instantiating /home/travis/build/icyphy/ptII/ptolemy/domains/de/test/auto/Modal2.xml
6 ms. Memory: 305664K Free: 225255K (74%)
----------------- Invoking toplevel() on ptolemy.moml.MoMLSimpleApplication@1115ec6e
----------------- Done invoking toplevel() on ptolemy.moml.MoMLSimpleApplication@1115ec6e
reloadAllAccessors: .Modal2

===========================================================================================
----------------- testing Sat Sep 22 02:15:51 UTC 2018 /home/travis/build/icyphy/ptII/ptolemy/domains/de/test/auto/Modal3.xml
----------------- Instantiating /home/travis/build/icyphy/ptII/ptolemy/domains/de/test/auto/Modal3.xml
7 ms. Memory: 305664K Free: 208536K (68%)
----------------- Invoking toplevel() on ptolemy.moml.MoMLSimpleApplication@74d82e76
----------------- Done invoking toplevel() on ptolemy.moml.MoMLSimpleApplication@74d82e76
reloadAllAccessors: .Modal3

===========================================================================================
----------------- testing Sat Sep 22 02:15:51 UTC 2018 /home/travis/build/icyphy/ptII/ptolemy/domains/de/test/auto/Modal4.xml
----------------- Instantiating /home/travis/build/icyphy/ptII/ptolemy/domains/de/test/auto/Modal4.xml
9 ms. Memory: 305664K Free: 192815K (63%)
----------------- Invoking toplevel() on ptolemy.moml.MoMLSimpleApplication@466fb406
----------------- Done invoking toplevel() on ptolemy.moml.MoMLSimpleApplication@466fb406
reloadAllAccessors: .Modal4

===========================================================================================
----------------- testing Sat Sep 22 02:15:51 UTC 2018 /home/travis/build/icyphy/ptII/ptolemy/domains/de/test/auto/Modal5.xml
----------------- Instantiating /home/travis/build/icyphy/ptII/ptolemy/domains/de/test/auto/Modal5.xml
8 ms. Memory: 305664K Free: 176080K (58%)
----------------- Invoking toplevel() on ptolemy.moml.MoMLSimpleApplication@43991500
----------------- Done invoking toplevel() on ptolemy.moml.MoMLSimpleApplication@43991500
reloadAllAccessors: .Modal5

===========================================================================================
----------------- testing Sat Sep 22 02:15:51 UTC 2018 /home/travis/build/icyphy/ptII/ptolemy/domains/de/test/auto/Modal6.xml
----------------- Instantiating /home/travis/build/icyphy/ptII/ptolemy/domains/de/test/auto/Modal6.xml
9 ms. Memory: 305664K Free: 160370K (52%)
----------------- Invoking toplevel() on ptolemy.moml.MoMLSimpleApplication@3f7d47cb
----------------- Done invoking toplevel() on ptolemy.moml.MoMLSimpleApplication@3f7d47cb
reloadAllAccessors: .Modal6

===========================================================================================
----------------- testing Sat Sep 22 02:15:51 UTC 2018 /home/travis/build/icyphy/ptII/ptolemy/domains/de/test/auto/Modal7.xml
----------------- Instantiating /home/travis/build/icyphy/ptII/ptolemy/domains/de/test/auto/Modal7.xml
7 ms. Memory: 305664K Free: 143675K (47%)
----------------- Invoking toplevel() on ptolemy.moml.MoMLSimpleApplication@382542d2
----------------- Done invoking toplevel() on ptolemy.moml.MoMLSimpleApplication@382542d2
reloadAllAccessors: .Modal7

===========================================================================================
----------------- testing Sat Sep 22 02:15:51 UTC 2018 /home/travis/build/icyphy/ptII/ptolemy/domains/de/test/auto/ModalModel.xml
----------------- Instantiating /home/travis/build/icyphy/ptII/ptolemy/domains/de/test/auto/ModalModel.xml
128 ms. Memory: 295936K Free: 286001K (97%)
----------------- Invoking toplevel() on ptolemy.moml.MoMLSimpleApplication@6fe79df6
----------------- Done invoking toplevel() on ptolemy.moml.MoMLSimpleApplication@6fe79df6
reloadAllAccessors: .ModalModel

===========================================================================================
----------------- testing Sat Sep 22 02:15:51 UTC 2018 /home/travis/build/icyphy/ptII/ptolemy/domains/de/test/auto/ModalSource.xml
----------------- Instantiating /home/travis/build/icyphy/ptII/ptolemy/domains/de/test/auto/ModalSource.xml
5 ms. Memory: 295936K Free: 274061K (93%)
----------------- Invoking toplevel() on ptolemy.moml.MoMLSimpleApplication@a48b8fb
----------------- Done invoking toplevel() on ptolemy.moml.MoMLSimpleApplication@a48b8fb
reloadAllAccessors: .ModalSource

===========================================================================================
----------------- testing Sat Sep 22 02:15:51 UTC 2018 /home/travis/build/icyphy/ptII/ptolemy/domains/de/test/auto/NonInterruptibleTimerZeroDelay.xml
----------------- Instantiating /home/travis/build/icyphy/ptII/ptolemy/domains/de/test/auto/NonInterruptibleTimerZeroDelay.xml
2 ms. Memory: 295936K Free: 267664K (90%)
----------------- Invoking toplevel() on ptolemy.moml.MoMLSimpleApplication@57948312
----------------- Done invoking toplevel() on ptolemy.moml.MoMLSimpleApplication@57948312
reloadAllAccessors: .NonInterruptibleTimerZeroDelay

===========================================================================================
----------------- testing Sat Sep 22 02:15:51 UTC 2018 /home/travis/build/icyphy/ptII/ptolemy/domains/de/test/auto/OpenQueueingNetwork.xml
----------------- Instantiating /home/travis/build/icyphy/ptII/ptolemy/domains/de/test/auto/OpenQueueingNetwork.xml
2415 ms. Memory: 269312K Free: 233465K (87%)
----------------- Invoking toplevel() on ptolemy.moml.MoMLSimpleApplication@234b35bb
----------------- Done invoking toplevel() on ptolemy.moml.MoMLSimpleApplication@234b35bb
reloadAllAccessors: .OpenQueueingNetwork

===========================================================================================
----------------- testing Sat Sep 22 02:15:54 UTC 2018 /home/travis/build/icyphy/ptII/ptolemy/domains/de/test/auto/OpenQueuingNetwork.xml
----------------- Instantiating /home/travis/build/icyphy/ptII/ptolemy/domains/de/test/auto/OpenQueuingNetwork.xml
252 ms. Memory: 269312K Free: 143286K (53%)
----------------- Invoking toplevel() on ptolemy.moml.MoMLSimpleApplication@43869612
----------------- Done invoking toplevel() on ptolemy.moml.MoMLSimpleApplication@43869612
reloadAllAccessors: .OpenQueuingNetwork

===========================================================================================
----------------- testing Sat Sep 22 02:15:54 UTC 2018 /home/travis/build/icyphy/ptII/ptolemy/domains/de/test/auto/PeriodicSampler.xml
----------------- Instantiating /home/travis/build/icyphy/ptII/ptolemy/domains/de/test/auto/PeriodicSampler.xml
1 ms. Memory: 269312K Free: 137236K (51%)
----------------- Invoking toplevel() on ptolemy.moml.MoMLSimpleApplication@4464effd
----------------- Done invoking toplevel() on ptolemy.moml.MoMLSimpleApplication@4464effd
reloadAllAccessors: .PeriodicSampler

===========================================================================================
----------------- testing Sat Sep 22 02:15:54 UTC 2018 /home/travis/build/icyphy/ptII/ptolemy/domains/de/test/auto/PersistentIO.xml
----------------- Instantiating /home/travis/build/icyphy/ptII/ptolemy/domains/de/test/auto/PersistentIO.xml
8 ms. Memory: 269312K Free: 125541K (47%)
----------------- Invoking toplevel() on ptolemy.moml.MoMLSimpleApplication@d931972
----------------- Done invoking toplevel() on ptolemy.moml.MoMLSimpleApplication@d931972
reloadAllAccessors: .PersistentIO

===========================================================================================
----------------- testing Sat Sep 22 02:15:54 UTC 2018 /home/travis/build/icyphy/ptII/ptolemy/domains/de/test/auto/PortParameterResetOnInitialize.xml
----------------- Instantiating /home/travis/build/icyphy/ptII/ptolemy/domains/de/test/auto/PortParameterResetOnInitialize.xml
3 ms. Memory: 269312K Free: 119112K (44%)
----------------- Invoking toplevel() on ptolemy.moml.MoMLSimpleApplication@367cd9d7
----------------- Done invoking toplevel() on ptolemy.moml.MoMLSimpleApplication@367cd9d7
reloadAllAccessors: .PortParameterResetOnInitialize

===========================================================================================
----------------- testing Sat Sep 22 02:15:54 UTC 2018 /home/travis/build/icyphy/ptII/ptolemy/domains/de/test/auto/PortParameterUpdates.xml
----------------- Instantiating /home/travis/build/icyphy/ptII/ptolemy/domains/de/test/auto/PortParameterUpdates.xml
3 ms. Memory: 269312K Free: 111191K (41%)
----------------- Invoking toplevel() on ptolemy.moml.MoMLSimpleApplication@3933200
----------------- Done invoking toplevel() on ptolemy.moml.MoMLSimpleApplication@3933200
reloadAllAccessors: .PortParameterUpdates

===========================================================================================
----------------- testing Sat Sep 22 02:15:54 UTC 2018 /home/travis/build/icyphy/ptII/ptolemy/domains/de/test/auto/QueueAndServer.xml
----------------- Instantiating /home/travis/build/icyphy/ptII/ptolemy/domains/de/test/auto/QueueAndServer.xml
6 ms. Memory: 269312K Free: 101375K (38%)
----------------- Invoking toplevel() on ptolemy.moml.MoMLSimpleApplication@6504c745
----------------- Done invoking toplevel() on ptolemy.moml.MoMLSimpleApplication@6504c745
reloadAllAccessors: .QueueAndServer

===========================================================================================
----------------- testing Sat Sep 22 02:15:54 UTC 2018 /home/travis/build/icyphy/ptII/ptolemy/domains/de/test/auto/Records.xml
----------------- Instantiating /home/travis/build/icyphy/ptII/ptolemy/domains/de/test/auto/Records.xml
7 ms. Memory: 269312K Free: 93447K (35%)
----------------- Invoking toplevel() on ptolemy.moml.MoMLSimpleApplication@7fecce7c
----------------- Done invoking toplevel() on ptolemy.moml.MoMLSimpleApplication@7fecce7c
reloadAllAccessors: .Records

===========================================================================================
----------------- testing Sat Sep 22 02:15:54 UTC 2018 /home/travis/build/icyphy/ptII/ptolemy/domains/de/test/auto/ResetTransitionWithStartTime1.xml
----------------- Instantiating /home/travis/build/icyphy/ptII/ptolemy/domains/de/test/auto/ResetTransitionWithStartTime1.xml
5 ms. Memory: 269312K Free: 81332K (30%)
----------------- Invoking toplevel() on ptolemy.moml.MoMLSimpleApplication@19321fcc
----------------- Done invoking toplevel() on ptolemy.moml.MoMLSimpleApplication@19321fcc
reloadAllAccessors: .ResetTransitionWithStartTime1

===========================================================================================
----------------- testing Sat Sep 22 02:15:54 UTC 2018 /home/travis/build/icyphy/ptII/ptolemy/domains/de/test/auto/ResetTransitionWithStartTime2.xml
----------------- Instantiating /home/travis/build/icyphy/ptII/ptolemy/domains/de/test/auto/ResetTransitionWithStartTime2.xml
8 ms. Memory: 263168K Free: 252205K (96%)
----------------- Invoking toplevel() on ptolemy.moml.MoMLSimpleApplication@695d40bc
----------------- Done invoking toplevel() on ptolemy.moml.MoMLSimpleApplication@695d40bc
reloadAllAccessors: .ResetTransitionWithStartTime2

===========================================================================================
----------------- testing Sat Sep 22 02:15:54 UTC 2018 /home/travis/build/icyphy/ptII/ptolemy/domains/de/test/auto/ResetTransitionWithStartTime3.xml
----------------- Instantiating /home/travis/build/icyphy/ptII/ptolemy/domains/de/test/auto/ResetTransitionWithStartTime3.xml
5 ms. Memory: 263168K Free: 239883K (91%)
----------------- Invoking toplevel() on ptolemy.moml.MoMLSimpleApplication@2d1d747f
----------------- Done invoking toplevel() on ptolemy.moml.MoMLSimpleApplication@2d1d747f
reloadAllAccessors: .ResetTransitionWithStartTime3

===========================================================================================
----------------- testing Sat Sep 22 02:15:54 UTC 2018 /home/travis/build/icyphy/ptII/ptolemy/domains/de/test/auto/ResetTransitionWithStartTime4.xml
----------------- Instantiating /home/travis/build/icyphy/ptII/ptolemy/domains/de/test/auto/ResetTransitionWithStartTime4.xml
3 ms. Memory: 263168K Free: 230304K (88%)
----------------- Invoking toplevel() on ptolemy.moml.MoMLSimpleApplication@48e6eade
----------------- Done invoking toplevel() on ptolemy.moml.MoMLSimpleApplication@48e6eade
reloadAllAccessors: .ResetTransitionWithStartTime4

===========================================================================================
----------------- testing Sat Sep 22 02:15:54 UTC 2018 /home/travis/build/icyphy/ptII/ptolemy/domains/de/test/auto/ResettableTimer1.xml
----------------- Instantiating /home/travis/build/icyphy/ptII/ptolemy/domains/de/test/auto/ResettableTimer1.xml
3 ms. Memory: 263168K Free: 224328K (85%)
----------------- Invoking toplevel() on ptolemy.moml.MoMLSimpleApplication@351125a9
----------------- Done invoking toplevel() on ptolemy.moml.MoMLSimpleApplication@351125a9
reloadAllAccessors: .ResettableTimer1

===========================================================================================
----------------- testing Sat Sep 22 02:15:54 UTC 2018 /home/travis/build/icyphy/ptII/ptolemy/domains/de/test/auto/ResettableTimer2.xml
----------------- Instantiating /home/travis/build/icyphy/ptII/ptolemy/domains/de/test/auto/ResettableTimer2.xml
2 ms. Memory: 263168K Free: 218368K (83%)
----------------- Invoking toplevel() on ptolemy.moml.MoMLSimpleApplication@a4c9fd4
----------------- Done invoking toplevel() on ptolemy.moml.MoMLSimpleApplication@a4c9fd4
reloadAllAccessors: .ResettableTimer2

===========================================================================================
----------------- testing Sat Sep 22 02:15:54 UTC 2018 /home/travis/build/icyphy/ptII/ptolemy/domains/de/test/auto/ResettableTimer3.xml
----------------- Instantiating /home/travis/build/icyphy/ptII/ptolemy/domains/de/test/auto/ResettableTimer3.xml
1 ms. Memory: 263168K Free: 212393K (81%)
----------------- Invoking toplevel() on ptolemy.moml.MoMLSimpleApplication@27a919dc
----------------- Done invoking toplevel() on ptolemy.moml.MoMLSimpleApplication@27a919dc
reloadAllAccessors: .ResettableTimer3

===========================================================================================
----------------- testing Sat Sep 22 02:15:54 UTC 2018 /home/travis/build/icyphy/ptII/ptolemy/domains/de/test/auto/ResettableTimer4.xml
----------------- Instantiating /home/travis/build/icyphy/ptII/ptolemy/domains/de/test/auto/ResettableTimer4.xml
1 ms. Memory: 263168K Free: 206415K (78%)
----------------- Invoking toplevel() on ptolemy.moml.MoMLSimpleApplication@6e0c0334
----------------- Done invoking toplevel() on ptolemy.moml.MoMLSimpleApplication@6e0c0334
reloadAllAccessors: .ResettableTimer4

===========================================================================================
----------------- testing Sat Sep 22 02:15:54 UTC 2018 /home/travis/build/icyphy/ptII/ptolemy/domains/de/test/auto/ResettableTimer5.xml
----------------- Instantiating /home/travis/build/icyphy/ptII/ptolemy/domains/de/test/auto/ResettableTimer5.xml
2 ms. Memory: 263168K Free: 198645K (75%)
----------------- Invoking toplevel() on ptolemy.moml.MoMLSimpleApplication@169e942c
----------------- Done invoking toplevel() on ptolemy.moml.MoMLSimpleApplication@169e942c
reloadAllAccessors: .ResettableTimer5

===========================================================================================
----------------- testing Sat Sep 22 02:15:54 UTC 2018 /home/travis/build/icyphy/ptII/ptolemy/domains/de/test/auto/ResettableTimer6.xml
----------------- Instantiating /home/travis/build/icyphy/ptII/ptolemy/domains/de/test/auto/ResettableTimer6.xml
1 ms. Memory: 263168K Free: 191136K (73%)
----------------- Invoking toplevel() on ptolemy.moml.MoMLSimpleApplication@41ed665d
----------------- Done invoking toplevel() on ptolemy.moml.MoMLSimpleApplication@41ed665d
reloadAllAccessors: .ResettableTimer6

===========================================================================================
----------------- testing Sat Sep 22 02:15:54 UTC 2018 /home/travis/build/icyphy/ptII/ptolemy/domains/de/test/auto/ServerZeroDelay.xml
----------------- Instantiating /home/travis/build/icyphy/ptII/ptolemy/domains/de/test/auto/ServerZeroDelay.xml
2 ms. Memory: 263168K Free: 185160K (70%)
----------------- Invoking toplevel() on ptolemy.moml.MoMLSimpleApplication@64406022
----------------- Done invoking toplevel() on ptolemy.moml.MoMLSimpleApplication@64406022
reloadAllAccessors: .ServerZeroDelay

===========================================================================================
----------------- testing Sat Sep 22 02:15:54 UTC 2018 /home/travis/build/icyphy/ptII/ptolemy/domains/de/test/auto/SmartSender.xml
----------------- Instantiating /home/travis/build/icyphy/ptII/ptolemy/domains/de/test/auto/SmartSender.xml
3002 ms. Memory: 263168K Free: 179185K (68%)
----------------- Invoking toplevel() on ptolemy.moml.MoMLSimpleApplication@5abc58d1
----------------- Done invoking toplevel() on ptolemy.moml.MoMLSimpleApplication@5abc58d1
reloadAllAccessors: .SmartSender

===========================================================================================
----------------- testing Sat Sep 22 02:15:57 UTC 2018 /home/travis/build/icyphy/ptII/ptolemy/domains/de/test/auto/ThreadedComposite.xml
----------------- Instantiating /home/travis/build/icyphy/ptII/ptolemy/domains/de/test/auto/ThreadedComposite.xml
127 ms. Memory: 263168K Free: 153344K (58%)
----------------- Invoking toplevel() on ptolemy.moml.MoMLSimpleApplication@1c9d7be
----------------- Done invoking toplevel() on ptolemy.moml.MoMLSimpleApplication@1c9d7be
reloadAllAccessors: .ThreadedComposite

===========================================================================================
----------------- testing Sat Sep 22 02:15:58 UTC 2018 /home/travis/build/icyphy/ptII/ptolemy/domains/de/test/auto/Time.xml
----------------- Instantiating /home/travis/build/icyphy/ptII/ptolemy/domains/de/test/auto/Time.xml
431 ms. Memory: 263168K Free: 96897K (37%)
----------------- Invoking toplevel() on ptolemy.moml.MoMLSimpleApplication@37b68ae
----------------- Done invoking toplevel() on ptolemy.moml.MoMLSimpleApplication@37b68ae
reloadAllAccessors: .Time

===========================================================================================
----------------- testing Sat Sep 22 02:15:58 UTC 2018 /home/travis/build/icyphy/ptII/ptolemy/domains/de/test/auto/TimeDelayZeroDelay.xml
----------------- Instantiating /home/travis/build/icyphy/ptII/ptolemy/domains/de/test/auto/TimeDelayZeroDelay.xml
2 ms. Memory: 263168K Free: 90930K (35%)
----------------- Invoking toplevel() on ptolemy.moml.MoMLSimpleApplication@3e396aa
----------------- Done invoking toplevel() on ptolemy.moml.MoMLSimpleApplication@3e396aa
reloadAllAccessors: .TimeDelayZeroDelay

===========================================================================================
----------------- testing Sat Sep 22 02:15:58 UTC 2018 /home/travis/build/icyphy/ptII/ptolemy/domains/de/test/auto/TimerZeroDelay.xml
----------------- Instantiating /home/travis/build/icyphy/ptII/ptolemy/domains/de/test/auto/TimerZeroDelay.xml
2 ms. Memory: 263168K Free: 84962K (32%)
----------------- Invoking toplevel() on ptolemy.moml.MoMLSimpleApplication@42de4aeb
----------------- Done invoking toplevel() on ptolemy.moml.MoMLSimpleApplication@42de4aeb
reloadAllAccessors: .TimerZeroDelay

===========================================================================================
----------------- testing Sat Sep 22 02:15:58 UTC 2018 /home/travis/build/icyphy/ptII/ptolemy/domains/de/test/auto/TimingParadox.xml
----------------- Instantiating /home/travis/build/icyphy/ptII/ptolemy/domains/de/test/auto/TimingParadox.xml
309 ms. Memory: 254464K Free: 186688K (73%)
----------------- Invoking toplevel() on ptolemy.moml.MoMLSimpleApplication@300b9335
----------------- Done invoking toplevel() on ptolemy.moml.MoMLSimpleApplication@300b9335
reloadAllAccessors: .TimingParadox

===========================================================================================
----------------- testing Sat Sep 22 02:15:58 UTC 2018 /home/travis/build/icyphy/ptII/ptolemy/domains/de/test/auto/TransferInputs.xml
----------------- Instantiating /home/travis/build/icyphy/ptII/ptolemy/domains/de/test/auto/TransferInputs.xml
1 ms. Memory: 254464K Free: 181394K (71%)
----------------- Invoking toplevel() on ptolemy.moml.MoMLSimpleApplication@4aa35e90
----------------- Done invoking toplevel() on ptolemy.moml.MoMLSimpleApplication@4aa35e90
reloadAllAccessors: .TransferInputs

===========================================================================================
----------------- testing Sat Sep 22 02:15:58 UTC 2018 /home/travis/build/icyphy/ptII/ptolemy/domains/de/test/auto/TransferOutputs2.xml
----------------- Instantiating /home/travis/build/icyphy/ptII/ptolemy/domains/de/test/auto/TransferOutputs2.xml
5 ms. Memory: 254464K Free: 171693K (67%)
----------------- Invoking toplevel() on ptolemy.moml.MoMLSimpleApplication@16cb1f8e
----------------- Done invoking toplevel() on ptolemy.moml.MoMLSimpleApplication@16cb1f8e
reloadAllAccessors: .TransferOutputs2

===========================================================================================
----------------- testing Sat Sep 22 02:15:59 UTC 2018 /home/travis/build/icyphy/ptII/ptolemy/domains/de/test/auto/Trilateration.xml
----------------- Instantiating /home/travis/build/icyphy/ptII/ptolemy/domains/de/test/auto/Trilateration.xml
10650 ms. Memory: 541184K Free: 94282K (17%)
----------------- Invoking toplevel() on ptolemy.moml.MoMLSimpleApplication@5d677d88
----------------- Done invoking toplevel() on ptolemy.moml.MoMLSimpleApplication@5d677d88
reloadAllAccessors: .Trilateration

===========================================================================================
----------------- testing Sat Sep 22 02:16:10 UTC 2018 /home/travis/build/icyphy/ptII/ptolemy/domains/de/test/auto/TwoSigmaDelta.xml
----------------- Instantiating /home/travis/build/icyphy/ptII/ptolemy/domains/de/test/auto/TwoSigmaDelta.xml
2233 ms. Memory: 524288K Free: 244574K (47%)
----------------- Invoking toplevel() on ptolemy.moml.MoMLSimpleApplication@5b762c0f
----------------- Done invoking toplevel() on ptolemy.moml.MoMLSimpleApplication@5b762c0f
reloadAllAccessors: .TwoSigmaDelta

===========================================================================================
----------------- testing Sat Sep 22 02:16:12 UTC 2018 /home/travis/build/icyphy/ptII/ptolemy/domains/de/test/auto/VariableDelay.xml
----------------- Instantiating /home/travis/build/icyphy/ptII/ptolemy/domains/de/test/auto/VariableDelay.xml
2 ms. Memory: 524288K Free: 230458K (44%)
----------------- Invoking toplevel() on ptolemy.moml.MoMLSimpleApplication@2650ea92
----------------- Done invoking toplevel() on ptolemy.moml.MoMLSimpleApplication@2650ea92
reloadAllAccessors: .VariableDelay

===========================================================================================
----------------- testing Sat Sep 22 02:16:12 UTC 2018 /home/travis/build/icyphy/ptII/ptolemy/domains/de/test/auto/VariableDelay2.xml
----------------- Instantiating /home/travis/build/icyphy/ptII/ptolemy/domains/de/test/auto/VariableDelay2.xml
1 ms. Memory: 524288K Free: 221165K (42%)
----------------- Invoking toplevel() on ptolemy.moml.MoMLSimpleApplication@1be46252
----------------- Done invoking toplevel() on ptolemy.moml.MoMLSimpleApplication@1be46252
reloadAllAccessors: .VariableDelay2

===========================================================================================
----------------- testing Sat Sep 22 02:16:12 UTC 2018 /home/travis/build/icyphy/ptII/ptolemy/domains/de/test/auto/VariableDelayZeroDelay.xml
----------------- Instantiating /home/travis/build/icyphy/ptII/ptolemy/domains/de/test/auto/VariableDelayZeroDelay.xml
3 ms. Memory: 524288K Free: 211871K (40%)
----------------- Invoking toplevel() on ptolemy.moml.MoMLSimpleApplication@1a6047cf
----------------- Done invoking toplevel() on ptolemy.moml.MoMLSimpleApplication@1a6047cf
reloadAllAccessors: .VariableDelayZeroDelay

===========================================================================================
----------------- testing Sat Sep 22 02:16:12 UTC 2018 /home/travis/build/icyphy/ptII/ptolemy/domains/de/test/auto/VariableDelayZeroDelay2.xml
----------------- Instantiating /home/travis/build/icyphy/ptII/ptolemy/domains/de/test/auto/VariableDelayZeroDelay2.xml
2 ms. Memory: 524288K Free: 202578K (39%)
----------------- Invoking toplevel() on ptolemy.moml.MoMLSimpleApplication@13808b6f
----------------- Done invoking toplevel() on ptolemy.moml.MoMLSimpleApplication@13808b6f
reloadAllAccessors: .VariableDelayZeroDelay2

===========================================================================================
----------------- testing Sat Sep 22 02:16:12 UTC 2018 /home/travis/build/icyphy/ptII/ptolemy/domains/de/test/auto/deInCt.xml
----------------- Instantiating /home/travis/build/icyphy/ptII/ptolemy/domains/de/test/auto/deInCt.xml
0
1
1
1
0
0
0
1
1
1
1
0
0
0
1
1
1
0
0
0
0
0
1
1
1
0
0
1
1
1
0
0
1
1
1
1
0
0
0
1
1
1
0
0
0
5 ms. Memory: 524288K Free: 193284K (37%)
----------------- Invoking toplevel() on ptolemy.moml.MoMLSimpleApplication@2fab42c4
----------------- Done invoking toplevel() on ptolemy.moml.MoMLSimpleApplication@2fab42c4
reloadAllAccessors: .deInCt

===========================================================================================
----------------- testing Sat Sep 22 02:16:12 UTC 2018 /home/travis/build/icyphy/ptII/ptolemy/domains/de/test/auto/deInCt2.xml
----------------- Instantiating /home/travis/build/icyphy/ptII/ptolemy/domains/de/test/auto/deInCt2.xml
0
1
1
1
0
0
1
1
1
0
0
1
1
1
0
0
1
1
1
0
0
1
1
1
0
0
1
1
1
0
0
1
1
1
0
0
1
1
1
0
0
0
11 ms. Memory: 524288K Free: 183989K (35%)
----------------- Invoking toplevel() on ptolemy.moml.MoMLSimpleApplication@48f7091f
----------------- Done invoking toplevel() on ptolemy.moml.MoMLSimpleApplication@48f7091f
reloadAllAccessors: .deInCt2

===========================================================================================
----------------- testing Sat Sep 22 02:16:12 UTC 2018 /home/travis/build/icyphy/ptII/ptolemy/domains/de/test/auto/dynamicCausalityInterface1.xml
----------------- Instantiating /home/travis/build/icyphy/ptII/ptolemy/domains/de/test/auto/dynamicCausalityInterface1.xml
1 ms. Memory: 524288K Free: 165906K (32%)
----------------- Invoking toplevel() on ptolemy.moml.MoMLSimpleApplication@945c4a
----------------- Done invoking toplevel() on ptolemy.moml.MoMLSimpleApplication@945c4a
reloadAllAccessors: .dynamicCausalityInterface1

===========================================================================================
----------------- testing Sat Sep 22 02:16:12 UTC 2018 /home/travis/build/icyphy/ptII/ptolemy/domains/de/test/auto/fsm_de_test.xml
----------------- Instantiating /home/travis/build/icyphy/ptII/ptolemy/domains/de/test/auto/fsm_de_test.xml
8 ms. Memory: 524288K Free: 152214K (29%)
----------------- Invoking toplevel() on ptolemy.moml.MoMLSimpleApplication@141e24a7
----------------- Done invoking toplevel() on ptolemy.moml.MoMLSimpleApplication@141e24a7
reloadAllAccessors: .fsm_de_test

===========================================================================================
----------------- testing Sat Sep 22 02:16:12 UTC 2018 /home/travis/build/icyphy/ptII/ptolemy/domains/de/test/auto/functionDependencyReconstruction.xml
----------------- Instantiating /home/travis/build/icyphy/ptII/ptolemy/domains/de/test/auto/functionDependencyReconstruction.xml
2 ms. Memory: 524288K Free: 129756K (25%)
----------------- Invoking toplevel() on ptolemy.moml.MoMLSimpleApplication@13e08637
----------------- Done invoking toplevel() on ptolemy.moml.MoMLSimpleApplication@13e08637
reloadAllAccessors: .functionDependencyReconstruction

===========================================================================================
----------------- testing Sat Sep 22 02:16:12 UTC 2018 /home/travis/build/icyphy/ptII/ptolemy/domains/de/test/auto/multirate.xml
----------------- Instantiating /home/travis/build/icyphy/ptII/ptolemy/domains/de/test/auto/multirate.xml
3 ms. Memory: 524288K Free: 116080K (22%)
----------------- Invoking toplevel() on ptolemy.moml.MoMLSimpleApplication@3b428447
----------------- Done invoking toplevel() on ptolemy.moml.MoMLSimpleApplication@3b428447
reloadAllAccessors: .multirate

===========================================================================================
----------------- testing Sat Sep 22 02:16:12 UTC 2018 /home/travis/build/icyphy/ptII/ptolemy/domains/de/test/auto/multirate2.xml
----------------- Instantiating /home/travis/build/icyphy/ptII/ptolemy/domains/de/test/auto/multirate2.xml
6 ms. Memory: 524288K Free: 102396K (20%)
----------------- Invoking toplevel() on ptolemy.moml.MoMLSimpleApplication@abebb05
----------------- Done invoking toplevel() on ptolemy.moml.MoMLSimpleApplication@abebb05
reloadAllAccessors: .multirate2

===========================================================================================
----------------- testing Sat Sep 22 02:16:13 UTC 2018 /home/travis/build/icyphy/ptII/ptolemy/domains/de/test/auto/realtime.xml
----------------- Instantiating /home/travis/build/icyphy/ptII/ptolemy/domains/de/test/auto/realtime.xml
10001 ms. Memory: 524288K Free: 93102K (18%)
----------------- Invoking toplevel() on ptolemy.moml.MoMLSimpleApplication@229f03cc
----------------- Done invoking toplevel() on ptolemy.moml.MoMLSimpleApplication@229f03cc
reloadAllAccessors: .realtime

===========================================================================================
----------------- testing Sat Sep 22 02:16:23 UTC 2018 /home/travis/build/icyphy/ptII/ptolemy/domains/de/test/auto/relationGroup.xml
----------------- Instantiating /home/travis/build/icyphy/ptII/ptolemy/domains/de/test/auto/relationGroup.xml
1 ms. Memory: 524288K Free: 83808K (16%)
----------------- Invoking toplevel() on ptolemy.moml.MoMLSimpleApplication@624a1f8
----------------- Done invoking toplevel() on ptolemy.moml.MoMLSimpleApplication@624a1f8
reloadAllAccessors: .relationGroup

===========================================================================================
----------------- testing Sat Sep 22 02:16:23 UTC 2018 /home/travis/build/icyphy/ptII/ptolemy/domains/de/test/auto/relationGroup2.xml
----------------- Instantiating /home/travis/build/icyphy/ptII/ptolemy/domains/de/test/auto/relationGroup2.xml
1 ms. Memory: 524288K Free: 74251K (14%)
----------------- Invoking toplevel() on ptolemy.moml.MoMLSimpleApplication@6c53cd08
----------------- Done invoking toplevel() on ptolemy.moml.MoMLSimpleApplication@6c53cd08
reloadAllAccessors: .relationGroup2

===========================================================================================
----------------- testing Sat Sep 22 02:16:23 UTC 2018 /home/travis/build/icyphy/ptII/ptolemy/domains/de/test/auto/sortWithOpaquePorts.xml
----------------- Instantiating /home/travis/build/icyphy/ptII/ptolemy/domains/de/test/auto/sortWithOpaquePorts.xml
1 ms. Memory: 524288K Free: 64957K (12%)
----------------- Invoking toplevel() on ptolemy.moml.MoMLSimpleApplication@7f4c2cf7
----------------- Done invoking toplevel() on ptolemy.moml.MoMLSimpleApplication@7f4c2cf7
reloadAllAccessors: .sortWithOpaquePorts

===========================================================================================
----------------- testing Sat Sep 22 02:16:23 UTC 2018 /home/travis/build/icyphy/ptII/ptolemy/domains/de/test/auto/transferInputsandOutputs.xml
----------------- Instantiating /home/travis/build/icyphy/ptII/ptolemy/domains/de/test/auto/transferInputsandOutputs.xml
3 ms. Memory: 499712K Free: 466811K (93%)
----------------- Invoking toplevel() on ptolemy.moml.MoMLSimpleApplication@16ddf8df
----------------- Done invoking toplevel() on ptolemy.moml.MoMLSimpleApplication@16ddf8df
reloadAllAccessors: .transferInputsandOutputs

===========================================================================================
----------------- testing Sat Sep 22 02:16:23 UTC 2018 /home/travis/build/icyphy/ptII/ptolemy/domains/de/test/auto/triggerType.xml
----------------- Instantiating /home/travis/build/icyphy/ptII/ptolemy/domains/de/test/auto/triggerType.xml
1 ms. Memory: 499712K Free: 457776K (92%)
----------------- Invoking toplevel() on ptolemy.moml.MoMLSimpleApplication@86f516b
----------------- Done invoking toplevel() on ptolemy.moml.MoMLSimpleApplication@86f516b
reloadAllAccessors: .triggerType
AutoTests.java: About to close Vertx.
AutoTests.java: Vertx closed.
]]></system-out>
  <system-err><![CDATA[java.lang.RuntimeException: Execution failed
	at ptolemy.moml.MoMLSimpleApplication$UnloadThread.run(MoMLSimpleApplication.java:402)
Caused by: ptolemy.kernel.util.IllegalActionException: Found a zero delay loop containing .dependencyLoop.original
  in .dependencyLoop and .dependencyLoop.original
	at ptolemy.actor.util.CausalityInterfaceForComposites._computeOutputPortDepth(CausalityInterfaceForComposites.java:759)
	at ptolemy.actor.util.CausalityInterfaceForComposites._computeInputDepth(CausalityInterfaceForComposites.java:696)
	at ptolemy.actor.util.CausalityInterfaceForComposites._computeOutputPortDepth(CausalityInterfaceForComposites.java:765)
	at ptolemy.actor.util.CausalityInterfaceForComposites._computeInputDepth(CausalityInterfaceForComposites.java:696)
	at ptolemy.actor.util.CausalityInterfaceForComposites._computeOutputPortDepth(CausalityInterfaceForComposites.java:765)
	at ptolemy.actor.util.CausalityInterfaceForComposites._computeInputDepth(CausalityInterfaceForComposites.java:696)
	at ptolemy.actor.util.CausalityInterfaceForComposites._computeActorDepth(CausalityInterfaceForComposites.java:532)
	at ptolemy.actor.util.CausalityInterfaceForComposites.checkForCycles(CausalityInterfaceForComposites.java:96)
	at ptolemy.domains.de.kernel.DEDirector.preinitialize(DEDirector.java:1338)
	at ptolemy.actor.CompositeActor.preinitialize(CompositeActor.java:1828)
	at ptolemy.actor.Manager.preinitializeAndResolveTypes(Manager.java:1040)
	at ptolemy.actor.Manager.initialize(Manager.java:710)
	at ptolemy.actor.Manager.execute(Manager.java:356)
	at ptolemy.actor.Manager.run(Manager.java:1263)
	at ptolemy.actor.Manager$PtolemyRunThread.run(Manager.java:1915)
java.lang.RuntimeException: Execution failed
	at ptolemy.moml.MoMLSimpleApplication$UnloadThread.run(MoMLSimpleApplication.java:402)
Caused by: ptolemy.kernel.util.IllegalActionException: Found a zero delay loop containing .dependencyLoop2.original
  in .dependencyLoop2 and .dependencyLoop2.original
	at ptolemy.actor.util.CausalityInterfaceForComposites._computeOutputPortDepth(CausalityInterfaceForComposites.java:759)
	at ptolemy.actor.util.CausalityInterfaceForComposites._computeInputDepth(CausalityInterfaceForComposites.java:696)
	at ptolemy.actor.util.CausalityInterfaceForComposites._computeOutputPortDepth(CausalityInterfaceForComposites.java:765)
	at ptolemy.actor.util.CausalityInterfaceForComposites._computeInputDepth(CausalityInterfaceForComposites.java:696)
	at ptolemy.actor.util.CausalityInterfaceForComposites._computeOutputPortDepth(CausalityInterfaceForComposites.java:765)
	at ptolemy.actor.util.CausalityInterfaceForComposites._computeInputDepth(CausalityInterfaceForComposites.java:696)
	at ptolemy.actor.util.CausalityInterfaceForComposites._computeActorDepth(CausalityInterfaceForComposites.java:532)
	at ptolemy.actor.util.CausalityInterfaceForComposites.checkForCycles(CausalityInterfaceForComposites.java:96)
	at ptolemy.domains.de.kernel.DEDirector.preinitialize(DEDirector.java:1338)
	at ptolemy.actor.CompositeActor.preinitialize(CompositeActor.java:1828)
	at ptolemy.actor.Manager.preinitializeAndResolveTypes(Manager.java:1040)
	at ptolemy.actor.Manager.initialize(Manager.java:710)
	at ptolemy.actor.Manager.execute(Manager.java:356)
	at ptolemy.actor.Manager.run(Manager.java:1263)
	at ptolemy.actor.Manager$PtolemyRunThread.run(Manager.java:1915)
java.lang.RuntimeException: Execution failed
	at ptolemy.moml.MoMLSimpleApplication$UnloadThread.run(MoMLSimpleApplication.java:402)
Caused by: ptolemy.kernel.util.IllegalActionException: Found a zero delay loop containing .dependencyLoop.original
  in .dependencyLoop and .dependencyLoop.original
	at ptolemy.actor.util.CausalityInterfaceForComposites._computeOutputPortDepth(CausalityInterfaceForComposites.java:759)
	at ptolemy.actor.util.CausalityInterfaceForComposites._computeInputDepth(CausalityInterfaceForComposites.java:696)
	at ptolemy.actor.util.CausalityInterfaceForComposites._computeOutputPortDepth(CausalityInterfaceForComposites.java:765)
	at ptolemy.actor.util.CausalityInterfaceForComposites._computeInputDepth(CausalityInterfaceForComposites.java:696)
	at ptolemy.actor.util.CausalityInterfaceForComposites._computeOutputPortDepth(CausalityInterfaceForComposites.java:765)
	at ptolemy.actor.util.CausalityInterfaceForComposites._computeInputDepth(CausalityInterfaceForComposites.java:696)
	at ptolemy.actor.util.CausalityInterfaceForComposites._computeActorDepth(CausalityInterfaceForComposites.java:532)
	at ptolemy.actor.util.CausalityInterfaceForComposites.checkForCycles(CausalityInterfaceForComposites.java:96)
	at ptolemy.domains.de.kernel.DEDirector.preinitialize(DEDirector.java:1338)
	at ptolemy.actor.CompositeActor.preinitialize(CompositeActor.java:1828)
	at ptolemy.actor.Manager.preinitializeAndResolveTypes(Manager.java:1040)
	at ptolemy.actor.Manager.initialize(Manager.java:710)
	at ptolemy.actor.Manager.execute(Manager.java:356)
	at ptolemy.actor.Manager.run(Manager.java:1263)
	at ptolemy.actor.Manager$PtolemyRunThread.run(Manager.java:1915)
java.lang.RuntimeException: Execution failed
	at ptolemy.moml.MoMLSimpleApplication$UnloadThread.run(MoMLSimpleApplication.java:402)
Caused by: ptolemy.kernel.util.IllegalActionException: Actor is not ready to fire.  Perhaps UpSample.prefire() returned false? Try debugging the actor by selecting "Listen to Actor".  Also, for SDF check moml for tokenConsumptionRate on input.
  in .DESDFClockTest.Play Bell.Copy1:SDF Director and .DESDFClockTest.Play Bell.UpSample
	at ptolemy.actor.sched.StaticSchedulingDirector.fire(StaticSchedulingDirector.java:227)
	at ptolemy.domains.sdf.kernel.SDFDirector.fire(SDFDirector.java:500)
	at ptolemy.actor.CompositeActor.fire(CompositeActor.java:455)
	at ptolemy.domains.de.kernel.DEDirector._fire(DEDirector.java:1949)
	at ptolemy.domains.de.kernel.DEDirector.fire(DEDirector.java:502)
	at ptolemy.actor.CompositeActor.fire(CompositeActor.java:455)
	at ptolemy.actor.Manager.iterate(Manager.java:851)
	at ptolemy.actor.Manager.execute(Manager.java:369)
	at ptolemy.actor.Manager.run(Manager.java:1263)
	at ptolemy.actor.Manager$PtolemyRunThread.run(Manager.java:1915)
java.lang.RuntimeException: Execution failed
	at ptolemy.moml.MoMLSimpleApplication$UnloadThread.run(MoMLSimpleApplication.java:402)
Caused by: ptolemy.kernel.util.IllegalActionException: Found a zero delay loop containing .dependencyLoop2.original
  in .dependencyLoop2 and .dependencyLoop2.original
	at ptolemy.actor.util.CausalityInterfaceForComposites._computeOutputPortDepth(CausalityInterfaceForComposites.java:759)
	at ptolemy.actor.util.CausalityInterfaceForComposites._computeInputDepth(CausalityInterfaceForComposites.java:696)
	at ptolemy.actor.util.CausalityInterfaceForComposites._computeOutputPortDepth(CausalityInterfaceForComposites.java:765)
	at ptolemy.actor.util.CausalityInterfaceForComposites._computeInputDepth(CausalityInterfaceForComposites.java:696)
	at ptolemy.actor.util.CausalityInterfaceForComposites._computeOutputPortDepth(CausalityInterfaceForComposites.java:765)
	at ptolemy.actor.util.CausalityInterfaceForComposites._computeInputDepth(CausalityInterfaceForComposites.java:696)
	at ptolemy.actor.util.CausalityInterfaceForComposites._computeActorDepth(CausalityInterfaceForComposites.java:532)
	at ptolemy.actor.util.CausalityInterfaceForComposites.checkForCycles(CausalityInterfaceForComposites.java:96)
	at ptolemy.domains.de.kernel.DEDirector.preinitialize(DEDirector.java:1338)
	at ptolemy.actor.CompositeActor.preinitialize(CompositeActor.java:1828)
	at ptolemy.actor.Manager.preinitializeAndResolveTypes(Manager.java:1040)
	at ptolemy.actor.Manager.initialize(Manager.java:710)
	at ptolemy.actor.Manager.execute(Manager.java:356)
	at ptolemy.actor.Manager.run(Manager.java:1263)
	at ptolemy.actor.Manager$PtolemyRunThread.run(Manager.java:1915)
java.lang.RuntimeException: Execution failed
	at ptolemy.moml.MoMLSimpleApplication$UnloadThread.run(MoMLSimpleApplication.java:402)
Caused by: ptolemy.kernel.util.IllegalActionException: Found a zero delay loop containing .HierarchicalModel.A
  in .HierarchicalModel and .HierarchicalModel.A
	at ptolemy.actor.util.CausalityInterfaceForComposites._computeOutputPortDepth(CausalityInterfaceForComposites.java:759)
	at ptolemy.actor.util.CausalityInterfaceForComposites._computeInputDepth(CausalityInterfaceForComposites.java:696)
	at ptolemy.actor.util.CausalityInterfaceForComposites._computeOutputPortDepth(CausalityInterfaceForComposites.java:765)
	at ptolemy.actor.util.CausalityInterfaceForComposites._computeInputDepth(CausalityInterfaceForComposites.java:696)
	at ptolemy.actor.util.CausalityInterfaceForComposites._computeOutputPortDepth(CausalityInterfaceForComposites.java:765)
	at ptolemy.actor.util.CausalityInterfaceForComposites._computeInputDepth(CausalityInterfaceForComposites.java:696)
	at ptolemy.actor.util.CausalityInterfaceForComposites._computeActorDepth(CausalityInterfaceForComposites.java:532)
	at ptolemy.actor.util.CausalityInterfaceForComposites.checkForCycles(CausalityInterfaceForComposites.java:96)
	at ptolemy.domains.de.kernel.DEDirector.preinitialize(DEDirector.java:1338)
	at ptolemy.actor.CompositeActor.preinitialize(CompositeActor.java:1828)
	at ptolemy.actor.Manager.preinitializeAndResolveTypes(Manager.java:1040)
	at ptolemy.actor.Manager.initialize(Manager.java:710)
	at ptolemy.actor.Manager.execute(Manager.java:356)
	at ptolemy.actor.Manager.run(Manager.java:1263)
	at ptolemy.actor.Manager$PtolemyRunThread.run(Manager.java:1915)
java.lang.RuntimeException: Execution failed
	at ptolemy.moml.MoMLSimpleApplication$UnloadThread.run(MoMLSimpleApplication.java:402)
Caused by: ptolemy.kernel.util.IllegalActionException: Test fails in iteration 1.
Value was: 1.0. Should have been: 2.0
  in .DirectFeedback.Test
	at ptolemy.actor.lib.Test.fire(Test.java:268)
	at ptolemy.domains.de.kernel.DEDirector._fire(DEDirector.java:1949)
	at ptolemy.domains.de.kernel.DEDirector.fire(DEDirector.java:502)
	at ptolemy.actor.CompositeActor.fire(CompositeActor.java:455)
	at ptolemy.actor.Manager.iterate(Manager.java:851)
	at ptolemy.actor.Manager.execute(Manager.java:369)
	at ptolemy.actor.Manager.run(Manager.java:1263)
	at ptolemy.actor.Manager$PtolemyRunThread.run(Manager.java:1915)
java.lang.RuntimeException: Execution failed
	at ptolemy.moml.MoMLSimpleApplication$UnloadThread.run(MoMLSimpleApplication.java:402)
Caused by: ptolemy.kernel.util.IllegalActionException: Actor is not ready to fire.  Perhaps UpSample.prefire() returned false? Try debugging the actor by selecting "Listen to Actor".  Also, for SDF check moml for tokenConsumptionRate on input.
  in .DESDFClockTest.Play Bell.Copy1:SDF Director and .DESDFClockTest.Play Bell.UpSample
	at ptolemy.actor.sched.StaticSchedulingDirector.fire(StaticSchedulingDirector.java:227)
	at ptolemy.domains.sdf.kernel.SDFDirector.fire(SDFDirector.java:500)
	at ptolemy.actor.CompositeActor.fire(CompositeActor.java:455)
	at ptolemy.domains.de.kernel.DEDirector._fire(DEDirector.java:1949)
	at ptolemy.domains.de.kernel.DEDirector.fire(DEDirector.java:502)
	at ptolemy.actor.CompositeActor.fire(CompositeActor.java:455)
	at ptolemy.actor.Manager.iterate(Manager.java:851)
	at ptolemy.actor.Manager.execute(Manager.java:369)
	at ptolemy.actor.Manager.run(Manager.java:1263)
	at ptolemy.actor.Manager$PtolemyRunThread.run(Manager.java:1915)
java.lang.reflect.InvocationTargetException
	at sun.reflect.NativeConstructorAccessorImpl.newInstance0(Native Method)
	at sun.reflect.NativeConstructorAccessorImpl.newInstance(NativeConstructorAccessorImpl.java:62)
	at sun.reflect.DelegatingConstructorAccessorImpl.newInstance(DelegatingConstructorAccessorImpl.java:45)
	at java.lang.reflect.Constructor.newInstance(Constructor.java:423)
	at ptolemy.util.test.junit.AutoKnownFailedTests.RunModel(AutoKnownFailedTests.java:107)
	at sun.reflect.NativeMethodAccessorImpl.invoke0(Native Method)
	at sun.reflect.NativeMethodAccessorImpl.invoke(NativeMethodAccessorImpl.java:62)
	at sun.reflect.DelegatingMethodAccessorImpl.invoke(DelegatingMethodAccessorImpl.java:43)
	at java.lang.reflect.Method.invoke(Method.java:498)
	at org.junit.runners.model.FrameworkMethod$1.runReflectiveCall(FrameworkMethod.java:44)
	at org.junit.internal.runners.model.ReflectiveCallable.run(ReflectiveCallable.java:15)
	at org.junit.runners.model.FrameworkMethod.invokeExplosively(FrameworkMethod.java:41)
	at junitparams.internal.InvokeParameterisedMethod.evaluate(InvokeParameterisedMethod.java:102)
	at org.junit.internal.runners.statements.FailOnTimeout$1.run(FailOnTimeout.java:28)
Caused by: ptolemy.kernel.util.IllegalActionException: Actor is not ready to fire.  Perhaps UpSample.prefire() returned false? Try debugging the actor by selecting "Listen to Actor".  Also, for SDF check moml for tokenConsumptionRate on input.
  in .DESDFClockTest.Play Bell.Copy1:SDF Director and .DESDFClockTest.Play Bell.UpSample
	at ptolemy.actor.sched.StaticSchedulingDirector.fire(StaticSchedulingDirector.java:227)
	at ptolemy.domains.sdf.kernel.SDFDirector.fire(SDFDirector.java:500)
	at ptolemy.actor.CompositeActor.fire(CompositeActor.java:455)
	at ptolemy.domains.de.kernel.DEDirector._fire(DEDirector.java:1949)
	at ptolemy.domains.de.kernel.DEDirector.fire(DEDirector.java:502)
	at ptolemy.actor.CompositeActor.fire(CompositeActor.java:455)
	at ptolemy.actor.Manager.iterate(Manager.java:851)
	at ptolemy.actor.Manager.execute(Manager.java:369)
	at ptolemy.actor.Manager.run(Manager.java:1263)
	at ptolemy.actor.Manager$PtolemyRunThread.run(Manager.java:1915)
java.lang.RuntimeException: Execution failed
	at ptolemy.moml.MoMLSimpleApplication$UnloadThread.run(MoMLSimpleApplication.java:402)
Caused by: ptolemy.kernel.util.IllegalActionException: Test fails in iteration 1.
Value was: 1.0. Should have been: 2.0
  in .DirectFeedback.Test
	at ptolemy.actor.lib.Test.fire(Test.java:268)
	at ptolemy.domains.de.kernel.DEDirector._fire(DEDirector.java:1949)
	at ptolemy.domains.de.kernel.DEDirector.fire(DEDirector.java:502)
	at ptolemy.actor.CompositeActor.fire(CompositeActor.java:455)
	at ptolemy.actor.Manager.iterate(Manager.java:851)
	at ptolemy.actor.Manager.execute(Manager.java:369)
	at ptolemy.actor.Manager.run(Manager.java:1263)
	at ptolemy.actor.Manager$PtolemyRunThread.run(Manager.java:1915)
java.lang.reflect.InvocationTargetException
	at sun.reflect.NativeConstructorAccessorImpl.newInstance0(Native Method)
	at sun.reflect.NativeConstructorAccessorImpl.newInstance(NativeConstructorAccessorImpl.java:62)
	at sun.reflect.DelegatingConstructorAccessorImpl.newInstance(DelegatingConstructorAccessorImpl.java:45)
	at java.lang.reflect.Constructor.newInstance(Constructor.java:423)
	at ptolemy.util.test.junit.AutoKnownFailedTests.RunModel(AutoKnownFailedTests.java:107)
	at sun.reflect.NativeMethodAccessorImpl.invoke0(Native Method)
	at sun.reflect.NativeMethodAccessorImpl.invoke(NativeMethodAccessorImpl.java:62)
	at sun.reflect.DelegatingMethodAccessorImpl.invoke(DelegatingMethodAccessorImpl.java:43)
	at java.lang.reflect.Method.invoke(Method.java:498)
	at org.junit.runners.model.FrameworkMethod$1.runReflectiveCall(FrameworkMethod.java:44)
	at org.junit.internal.runners.model.ReflectiveCallable.run(ReflectiveCallable.java:15)
	at org.junit.runners.model.FrameworkMethod.invokeExplosively(FrameworkMethod.java:41)
	at junitparams.internal.InvokeParameterisedMethod.evaluate(InvokeParameterisedMethod.java:102)
	at org.junit.internal.runners.statements.FailOnTimeout$1.run(FailOnTimeout.java:28)
Caused by: ptolemy.kernel.util.IllegalActionException: Test fails in iteration 1.
Value was: 1.0. Should have been: 2.0
  in .DirectFeedback.Test
	at ptolemy.actor.lib.Test.fire(Test.java:268)
	at ptolemy.domains.de.kernel.DEDirector._fire(DEDirector.java:1949)
	at ptolemy.domains.de.kernel.DEDirector.fire(DEDirector.java:502)
	at ptolemy.actor.CompositeActor.fire(CompositeActor.java:455)
	at ptolemy.actor.Manager.iterate(Manager.java:851)
	at ptolemy.actor.Manager.execute(Manager.java:369)
	at ptolemy.actor.Manager.run(Manager.java:1263)
	at ptolemy.actor.Manager$PtolemyRunThread.run(Manager.java:1915)
java.lang.RuntimeException: Execution failed
	at ptolemy.moml.MoMLSimpleApplication$UnloadThread.run(MoMLSimpleApplication.java:402)
Caused by: ptolemy.kernel.util.IllegalActionException: Found a zero delay loop containing .HierarchicalModel.A
  in .HierarchicalModel and .HierarchicalModel.A
	at ptolemy.actor.util.CausalityInterfaceForComposites._computeOutputPortDepth(CausalityInterfaceForComposites.java:759)
	at ptolemy.actor.util.CausalityInterfaceForComposites._computeInputDepth(CausalityInterfaceForComposites.java:696)
	at ptolemy.actor.util.CausalityInterfaceForComposites._computeOutputPortDepth(CausalityInterfaceForComposites.java:765)
	at ptolemy.actor.util.CausalityInterfaceForComposites._computeInputDepth(CausalityInterfaceForComposites.java:696)
	at ptolemy.actor.util.CausalityInterfaceForComposites._computeOutputPortDepth(CausalityInterfaceForComposites.java:765)
	at ptolemy.actor.util.CausalityInterfaceForComposites._computeInputDepth(CausalityInterfaceForComposites.java:696)
	at ptolemy.actor.util.CausalityInterfaceForComposites._computeActorDepth(CausalityInterfaceForComposites.java:532)
	at ptolemy.actor.util.CausalityInterfaceForComposites.checkForCycles(CausalityInterfaceForComposites.java:96)
	at ptolemy.domains.de.kernel.DEDirector.preinitialize(DEDirector.java:1338)
	at ptolemy.actor.CompositeActor.preinitialize(CompositeActor.java:1828)
	at ptolemy.actor.Manager.preinitializeAndResolveTypes(Manager.java:1040)
	at ptolemy.actor.Manager.initialize(Manager.java:710)
	at ptolemy.actor.Manager.execute(Manager.java:356)
	at ptolemy.actor.Manager.run(Manager.java:1263)
	at ptolemy.actor.Manager$PtolemyRunThread.run(Manager.java:1915)
java.lang.reflect.InvocationTargetException
	at sun.reflect.NativeConstructorAccessorImpl.newInstance0(Native Method)
	at sun.reflect.NativeConstructorAccessorImpl.newInstance(NativeConstructorAccessorImpl.java:62)
	at sun.reflect.DelegatingConstructorAccessorImpl.newInstance(DelegatingConstructorAccessorImpl.java:45)
	at java.lang.reflect.Constructor.newInstance(Constructor.java:423)
	at ptolemy.util.test.junit.AutoKnownFailedTests.RunModel(AutoKnownFailedTests.java:107)
	at sun.reflect.NativeMethodAccessorImpl.invoke0(Native Method)
	at sun.reflect.NativeMethodAccessorImpl.invoke(NativeMethodAccessorImpl.java:62)
	at sun.reflect.DelegatingMethodAccessorImpl.invoke(DelegatingMethodAccessorImpl.java:43)
	at java.lang.reflect.Method.invoke(Method.java:498)
	at org.junit.runners.model.FrameworkMethod$1.runReflectiveCall(FrameworkMethod.java:44)
	at org.junit.internal.runners.model.ReflectiveCallable.run(ReflectiveCallable.java:15)
	at org.junit.runners.model.FrameworkMethod.invokeExplosively(FrameworkMethod.java:41)
	at junitparams.internal.InvokeParameterisedMethod.evaluate(InvokeParameterisedMethod.java:102)
	at org.junit.internal.runners.statements.FailOnTimeout$1.run(FailOnTimeout.java:28)
Caused by: ptolemy.kernel.util.IllegalActionException: Found a zero delay loop containing .HierarchicalModel.A
  in .HierarchicalModel and .HierarchicalModel.A
	at ptolemy.actor.util.CausalityInterfaceForComposites._computeOutputPortDepth(CausalityInterfaceForComposites.java:759)
	at ptolemy.actor.util.CausalityInterfaceForComposites._computeInputDepth(CausalityInterfaceForComposites.java:696)
	at ptolemy.actor.util.CausalityInterfaceForComposites._computeOutputPortDepth(CausalityInterfaceForComposites.java:765)
	at ptolemy.actor.util.CausalityInterfaceForComposites._computeInputDepth(CausalityInterfaceForComposites.java:696)
	at ptolemy.actor.util.CausalityInterfaceForComposites._computeOutputPortDepth(CausalityInterfaceForComposites.java:765)
	at ptolemy.actor.util.CausalityInterfaceForComposites._computeInputDepth(CausalityInterfaceForComposites.java:696)
	at ptolemy.actor.util.CausalityInterfaceForComposites._computeActorDepth(CausalityInterfaceForComposites.java:532)
	at ptolemy.actor.util.CausalityInterfaceForComposites.checkForCycles(CausalityInterfaceForComposites.java:96)
	at ptolemy.domains.de.kernel.DEDirector.preinitialize(DEDirector.java:1338)
	at ptolemy.actor.CompositeActor.preinitialize(CompositeActor.java:1828)
	at ptolemy.actor.Manager.preinitializeAndResolveTypes(Manager.java:1040)
	at ptolemy.actor.Manager.initialize(Manager.java:710)
	at ptolemy.actor.Manager.execute(Manager.java:356)
	at ptolemy.actor.Manager.run(Manager.java:1263)
	at ptolemy.actor.Manager$PtolemyRunThread.run(Manager.java:1915)
java.lang.RuntimeException: Execution failed
	at ptolemy.moml.MoMLSimpleApplication$UnloadThread.run(MoMLSimpleApplication.java:402)
Caused by: ptolemy.kernel.util.IllegalActionException: Found a zero delay loop containing .dependencyLoop.original
  in .dependencyLoop and .dependencyLoop.original
	at ptolemy.actor.util.CausalityInterfaceForComposites._computeOutputPortDepth(CausalityInterfaceForComposites.java:759)
	at ptolemy.actor.util.CausalityInterfaceForComposites._computeInputDepth(CausalityInterfaceForComposites.java:696)
	at ptolemy.actor.util.CausalityInterfaceForComposites._computeOutputPortDepth(CausalityInterfaceForComposites.java:765)
	at ptolemy.actor.util.CausalityInterfaceForComposites._computeInputDepth(CausalityInterfaceForComposites.java:696)
	at ptolemy.actor.util.CausalityInterfaceForComposites._computeOutputPortDepth(CausalityInterfaceForComposites.java:765)
	at ptolemy.actor.util.CausalityInterfaceForComposites._computeInputDepth(CausalityInterfaceForComposites.java:696)
	at ptolemy.actor.util.CausalityInterfaceForComposites._computeActorDepth(CausalityInterfaceForComposites.java:532)
	at ptolemy.actor.util.CausalityInterfaceForComposites.checkForCycles(CausalityInterfaceForComposites.java:96)
	at ptolemy.domains.de.kernel.DEDirector.preinitialize(DEDirector.java:1338)
	at ptolemy.actor.CompositeActor.preinitialize(CompositeActor.java:1828)
	at ptolemy.actor.Manager.preinitializeAndResolveTypes(Manager.java:1040)
	at ptolemy.actor.Manager.initialize(Manager.java:710)
	at ptolemy.actor.Manager.execute(Manager.java:356)
	at ptolemy.actor.Manager.run(Manager.java:1263)
	at ptolemy.actor.Manager$PtolemyRunThread.run(Manager.java:1915)
java.lang.reflect.InvocationTargetException
	at sun.reflect.NativeConstructorAccessorImpl.newInstance0(Native Method)
	at sun.reflect.NativeConstructorAccessorImpl.newInstance(NativeConstructorAccessorImpl.java:62)
	at sun.reflect.DelegatingConstructorAccessorImpl.newInstance(DelegatingConstructorAccessorImpl.java:45)
	at java.lang.reflect.Constructor.newInstance(Constructor.java:423)
	at ptolemy.util.test.junit.AutoKnownFailedTests.RunModel(AutoKnownFailedTests.java:107)
	at sun.reflect.NativeMethodAccessorImpl.invoke0(Native Method)
	at sun.reflect.NativeMethodAccessorImpl.invoke(NativeMethodAccessorImpl.java:62)
	at sun.reflect.DelegatingMethodAccessorImpl.invoke(DelegatingMethodAccessorImpl.java:43)
	at java.lang.reflect.Method.invoke(Method.java:498)
	at org.junit.runners.model.FrameworkMethod$1.runReflectiveCall(FrameworkMethod.java:44)
	at org.junit.internal.runners.model.ReflectiveCallable.run(ReflectiveCallable.java:15)
	at org.junit.runners.model.FrameworkMethod.invokeExplosively(FrameworkMethod.java:41)
	at junitparams.internal.InvokeParameterisedMethod.evaluate(InvokeParameterisedMethod.java:102)
	at org.junit.internal.runners.statements.FailOnTimeout$1.run(FailOnTimeout.java:28)
Caused by: ptolemy.kernel.util.IllegalActionException: Found a zero delay loop containing .dependencyLoop.original
  in .dependencyLoop and .dependencyLoop.original
	at ptolemy.actor.util.CausalityInterfaceForComposites._computeOutputPortDepth(CausalityInterfaceForComposites.java:759)
	at ptolemy.actor.util.CausalityInterfaceForComposites._computeInputDepth(CausalityInterfaceForComposites.java:696)
	at ptolemy.actor.util.CausalityInterfaceForComposites._computeOutputPortDepth(CausalityInterfaceForComposites.java:765)
	at ptolemy.actor.util.CausalityInterfaceForComposites._computeInputDepth(CausalityInterfaceForComposites.java:696)
	at ptolemy.actor.util.CausalityInterfaceForComposites._computeOutputPortDepth(CausalityInterfaceForComposites.java:765)
	at ptolemy.actor.util.CausalityInterfaceForComposites._computeInputDepth(CausalityInterfaceForComposites.java:696)
	at ptolemy.actor.util.CausalityInterfaceForComposites._computeActorDepth(CausalityInterfaceForComposites.java:532)
	at ptolemy.actor.util.CausalityInterfaceForComposites.checkForCycles(CausalityInterfaceForComposites.java:96)
	at ptolemy.domains.de.kernel.DEDirector.preinitialize(DEDirector.java:1338)
	at ptolemy.actor.CompositeActor.preinitialize(CompositeActor.java:1828)
	at ptolemy.actor.Manager.preinitializeAndResolveTypes(Manager.java:1040)
	at ptolemy.actor.Manager.initialize(Manager.java:710)
	at ptolemy.actor.Manager.execute(Manager.java:356)
	at ptolemy.actor.Manager.run(Manager.java:1263)
	at ptolemy.actor.Manager$PtolemyRunThread.run(Manager.java:1915)
java.lang.RuntimeException: Execution failed
	at ptolemy.moml.MoMLSimpleApplication$UnloadThread.run(MoMLSimpleApplication.java:402)
Caused by: ptolemy.kernel.util.IllegalActionException: Found a zero delay loop containing .dependencyLoop2.original
  in .dependencyLoop2 and .dependencyLoop2.original
	at ptolemy.actor.util.CausalityInterfaceForComposites._computeOutputPortDepth(CausalityInterfaceForComposites.java:759)
	at ptolemy.actor.util.CausalityInterfaceForComposites._computeInputDepth(CausalityInterfaceForComposites.java:696)
	at ptolemy.actor.util.CausalityInterfaceForComposites._computeOutputPortDepth(CausalityInterfaceForComposites.java:765)
	at ptolemy.actor.util.CausalityInterfaceForComposites._computeInputDepth(CausalityInterfaceForComposites.java:696)
	at ptolemy.actor.util.CausalityInterfaceForComposites._computeOutputPortDepth(CausalityInterfaceForComposites.java:765)
	at ptolemy.actor.util.CausalityInterfaceForComposites._computeInputDepth(CausalityInterfaceForComposites.java:696)
	at ptolemy.actor.util.CausalityInterfaceForComposites._computeActorDepth(CausalityInterfaceForComposites.java:532)
	at ptolemy.actor.util.CausalityInterfaceForComposites.checkForCycles(CausalityInterfaceForComposites.java:96)
	at ptolemy.domains.de.kernel.DEDirector.preinitialize(DEDirector.java:1338)
	at ptolemy.actor.CompositeActor.preinitialize(CompositeActor.java:1828)
	at ptolemy.actor.Manager.preinitializeAndResolveTypes(Manager.java:1040)
	at ptolemy.actor.Manager.initialize(Manager.java:710)
	at ptolemy.actor.Manager.execute(Manager.java:356)
	at ptolemy.actor.Manager.run(Manager.java:1263)
	at ptolemy.actor.Manager$PtolemyRunThread.run(Manager.java:1915)
java.lang.reflect.InvocationTargetException
	at sun.reflect.NativeConstructorAccessorImpl.newInstance0(Native Method)
	at sun.reflect.NativeConstructorAccessorImpl.newInstance(NativeConstructorAccessorImpl.java:62)
	at sun.reflect.DelegatingConstructorAccessorImpl.newInstance(DelegatingConstructorAccessorImpl.java:45)
	at java.lang.reflect.Constructor.newInstance(Constructor.java:423)
	at ptolemy.util.test.junit.AutoKnownFailedTests.RunModel(AutoKnownFailedTests.java:107)
	at sun.reflect.NativeMethodAccessorImpl.invoke0(Native Method)
	at sun.reflect.NativeMethodAccessorImpl.invoke(NativeMethodAccessorImpl.java:62)
	at sun.reflect.DelegatingMethodAccessorImpl.invoke(DelegatingMethodAccessorImpl.java:43)
	at java.lang.reflect.Method.invoke(Method.java:498)
	at org.junit.runners.model.FrameworkMethod$1.runReflectiveCall(FrameworkMethod.java:44)
	at org.junit.internal.runners.model.ReflectiveCallable.run(ReflectiveCallable.java:15)
	at org.junit.runners.model.FrameworkMethod.invokeExplosively(FrameworkMethod.java:41)
	at junitparams.internal.InvokeParameterisedMethod.evaluate(InvokeParameterisedMethod.java:102)
	at org.junit.internal.runners.statements.FailOnTimeout$1.run(FailOnTimeout.java:28)
Caused by: ptolemy.kernel.util.IllegalActionException: Found a zero delay loop containing .dependencyLoop2.original
  in .dependencyLoop2 and .dependencyLoop2.original
	at ptolemy.actor.util.CausalityInterfaceForComposites._computeOutputPortDepth(CausalityInterfaceForComposites.java:759)
	at ptolemy.actor.util.CausalityInterfaceForComposites._computeInputDepth(CausalityInterfaceForComposites.java:696)
	at ptolemy.actor.util.CausalityInterfaceForComposites._computeOutputPortDepth(CausalityInterfaceForComposites.java:765)
	at ptolemy.actor.util.CausalityInterfaceForComposites._computeInputDepth(CausalityInterfaceForComposites.java:696)
	at ptolemy.actor.util.CausalityInterfaceForComposites._computeOutputPortDepth(CausalityInterfaceForComposites.java:765)
	at ptolemy.actor.util.CausalityInterfaceForComposites._computeInputDepth(CausalityInterfaceForComposites.java:696)
	at ptolemy.actor.util.CausalityInterfaceForComposites._computeActorDepth(CausalityInterfaceForComposites.java:532)
	at ptolemy.actor.util.CausalityInterfaceForComposites.checkForCycles(CausalityInterfaceForComposites.java:96)
	at ptolemy.domains.de.kernel.DEDirector.preinitialize(DEDirector.java:1338)
	at ptolemy.actor.CompositeActor.preinitialize(CompositeActor.java:1828)
	at ptolemy.actor.Manager.preinitializeAndResolveTypes(Manager.java:1040)
	at ptolemy.actor.Manager.initialize(Manager.java:710)
	at ptolemy.actor.Manager.execute(Manager.java:356)
	at ptolemy.actor.Manager.run(Manager.java:1263)
	at ptolemy.actor.Manager$PtolemyRunThread.run(Manager.java:1915)
]]></system-err>
</testsuite>
