<?xml version="1.0" encoding="UTF-8" ?>
<testsuite errors="1" failures="1" hostname="travis-job-a93b7623-8c49-4b10-bf41-869de98275db" name="ptolemy.actor.lib.test.junit.JUnitTclTest" skipped="0" tests="517" time="63.928" timestamp="2019-06-24T01:54:29">
  <properties>
    <property name="npm.executable" value="npm" />
    <property name="env.TRAVIS_ROOT" value="/" />
    <property name="ptII.mk.exists" value="true" />
    <property name="env.TRAVIS_APP_HOST" value="build.travis-ci.org" />
    <property name="env.rvm_bin_path" value="/home/travis/.rvm/bin" />
    <property name="java.home" value="/usr/local/lib/jvm/openjdk11" />
    <property name="env.TRAVIS_JOB_NUMBER" value="1181.8" />
    <property name="env.TRAVIS_HOME" value="/home/travis" />
    <property name="env.DISPLAY" value=":99.0" />
    <property name="env.TRAVIS_INIT" value="systemd" />
    <property name="env.SSH_TTY" value="/dev/pts/0" />
    <property name="java.net.preferIPv4Stack" value="true" />
    <property name="env.RUN_TESTS" value="true" />
    <property name="timeout.short" value="1000000" />
    <property name="junit.formatter" value="xml" />
    <property name="env.TRAVIS_SUDO" value="true" />
    <property name="env.TRAVIS_JOB_NAME" value="" />
    <property name="env.TRAVIS_STACK_NODE_ATTRIBUTES" value="/.node-attributes.yml" />
    <property name="env.LOGNAME" value="travis" />
    <property name="env.PT_TRAVIS_TEST_CORE1_XML" value="true" />
    <property name="jsdoc.home" value="node_modules/@terraswarm/jsdoc" />
    <property name="debuglevel" value="source,lines,vars" />
    <property name="checkstyle.formatter" value="xml" />
    <property name="env._system_version" value="16.04" />
    <property name="bin.vergil.makeable" value="true" />
    <property name="sun.os.patch.level" value="unknown" />
    <property name="java.vendor.url" value="http://java.oracle.com/" />
    <property name="env.TRAVIS_BUILD_WEB_URL" value="https://travis-ci.org/icyphy/ptII/builds/549519315" />
    <property name="java.version" value="11.0.2" />
    <property name="env.TZ" value="UTC" />
    <property name="env.TRAVIS_PULL_REQUEST_SHA" value="" />
    <property name="env.PT_NO_NET" value="true" />
    <property name="env.TRAVIS_SECURE_ENV_VARS" value="true" />
    <property name="env._system_type" value="Linux" />
    <property name="java.vendor.url.bug" value="http://bugreport.java.com/bugreport/" />
    <property name="npmjs-org-is-up" value="true" />
    <property name="env.LANGUAGE" value="en_US.UTF-8" />
    <property name="env.SSH_CLIENT" value="10.10.19.211 55342 22" />
    <property name="env.GEM_HOME" value="/home/travis/.rvm/gems/ruby-2.5.3" />
    <property name="env.HAS_ANTARES_THREE_LITTLE_FRONZIES_BADGE" value="true" />
    <property name="java.version.date" value="2019-01-15" />
    <property name="env.PS4" value="+" />
    <property name="ant.project.invoked-targets" value="build,test.core1.xml" />
    <property name="env.TRAVIS_PULL_REQUEST_BRANCH" value="" />
    <property name="env.TRAVIS_REPO_SLUG" value="icyphy/ptII" />
    <property name="env.XDG_DATA_DIRS" value="/usr/local/share:/usr/share:/var/lib/snapd/desktop" />
    <property name="jdk.debug" value="release" />
    <property name="env.TRAVIS_APT_PROXY" value="http://apt.cache.travis-ci.com" />
    <property name="node.in.path" value="true" />
    <property name="user.name" value="travis" />
    <property name="java.maxmemory" value="1400m" />
    <property name="env.RUBY_VERSION" value="ruby-2.5.3" />
    <property name="env.LANG" value="en_US.UTF-8" />
    <property name="sun.io.unicode.encoding" value="UnicodeLittle" />
    <property name="sun.jnu.encoding" value="UTF-8" />
    <property name="java.runtime.name" value="OpenJDK Runtime Environment" />
    <property name="usefile" value="false" />
    <property name="return.code" value="0" />
    <property name="junit.single.formatter" value="plain" />
    <property name="env.DYLD_LIBRARY_PATH" value="/home/travis/pthla/certi-tools/lib:" />
    <property name="env.DEBIAN_FRONTEND" value="noninteractive" />
    <property name="env.SSH_CONNECTION" value="10.10.19.211 55342 10.20.0.249 22" />
    <property name="env.MYSQL_UNIX_PORT" value="/var/run/mysqld/mysqld.sock" />
    <property name="env.LC_ALL" value="en_US.UTF-8" />
    <property name="env.TRAVIS_ALLOW_FAILURE" value="false" />
    <property name="env.TRAVIS_JOB_WEB_URL" value="https://travis-ci.org/icyphy/ptII/jobs/549519323" />
    <property name="java.specification.name" value="Java Platform API Specification" />
    <property name="node.works" value="true" />
    <property name="user.timezone" value="" />
    <property name="path.separator" value=":" />
    <property name="env.TRAVIS_ENABLE_INFRA_DETECTION" value="true" />
    <property name="env.PYTHON_CFLAGS" value="-g -fstack-protector --param=ssp-buffer-size=4 -Wformat -Werror=format-security" />
    <property name="timeout.long" value="4000000" />
    <property name="env.CERTI_HOME" value="/home/travis/pthla/certi-tools" />
    <property name="ant.file.ptII" value="/home/travis/build/icyphy/ptII/build.xml" />
    <property name="javadoc.packagenames" value="com.*,diva.*,lbnl.*,org.hlacerti.*,org.json.*,org.ptolemy.*,org.terraswarm.*,ptolemy.*,ptserver.*" />
    <property name="file.encoding" value="UTF-8" />
    <property name="env.TRAVIS_PULL_REQUEST_SLUG" value="" />
    <property name="ant.project.default-target" value="build" />
    <property name="env.GIT_ASKPASS" value="echo" />
    <property name="env.HOME" value="/home/travis" />
    <property name="sun.java.command" value="org.apache.tools.ant.taskdefs.optional.junit.JUnitTestRunner ptolemy.actor.lib.test.junit.JUnitTclTest skipNonTests=false filtertrace=true haltOnError=false haltOnFailure=false formatter=org.apache.tools.ant.taskdefs.optional.junit.OutErrSummaryJUnitResultFormatter showoutput=true outputtoformatters=true logfailedtests=true threadid=0 logtestlistenerevents=false formatter=org.apache.tools.ant.taskdefs.optional.junit.XMLJUnitResultFormatter,/home/travis/build/icyphy/ptII/reports/junit/TEST-ptolemy.actor.lib.test.junit.JUnitTclTest.xml crashfile=/home/travis/build/icyphy/ptII/junitvmwatcher5536316223828494069.properties propsfile=/home/travis/build/icyphy/ptII/junit4437876603216890598.properties" />
    <property name="env.COMPOSER_NO_INTERACTION" value="1" />
    <property name="env.MANPATH" value="/home/travis/.nvm/versions/node/v7.10.1/share/man:/home/travis/.rvm/rubies/ruby-2.5.3/share/man:/usr/local/cmake-3.12.4/man:/usr/local/clang-7.0.0/share/man:/usr/local/man:/usr/local/share/man:/usr/share/man:/home/travis/.rvm/man" />
    <property name="env.TRAVIS_TIMER_ID" value="0bd523ea" />
    <property name="ant.file" value="/home/travis/build/icyphy/ptII/build.xml" />
    <property name="env.TRAVIS_COMMIT_RANGE" value="fcbd8b5a68c7...b6de4a29689c" />
    <property name="env._system_name" value="Ubuntu" />
    <property name="ptII.classpath.optional.property" value="/home/travis/build/icyphy/ptII/lib/bsh-2.0b4.jar:/home/travis/build/icyphy/ptII/lib/ptCal.jar:/home/travis/build/icyphy/ptII/lib/java_cup.jar:/home/travis/build/icyphy/ptII/lib/saxon8.jar:/home/travis/build/icyphy/ptII/lib/saxon8-dom.jar:/home/travis/build/icyphy/ptII/lib/chic.jar:/home/travis/build/icyphy/ptII/lib/ptcolt.jar:/home/travis/build/icyphy/ptII/vendors/misc/itext/iText.jar:/home/travis/build/icyphy/ptII/lib/g4ltl.jar:/home/travis/build/icyphy/ptII/lib/StructuralCoder.jar:/home/travis/build/icyphy/ptII/vendors/jai-1_1_2_01/lib/jai_core.jar:/home/travis/build/icyphy/ptII/vendors/jai-1_1_2_01/lib/jai_codec.jar:/home/travis/build/icyphy/ptII/lib/jcerti.jar:/home/travis/build/icyphy/ptII/lib/javax.mail.jar:/home/travis/build/icyphy/ptII/vendors/JMF-2.1.1e/lib/jmf.jar:/home/travis/build/icyphy/ptII/lib/jna-4.0.0-variadic.jar:/home/travis/build/icyphy/ptII/vendors/misc/joystick/Joystick.jar:/home/travis/build/icyphy/ptII/lib/ptjacl.jar:/home/travis/build/icyphy/ptII/lib/jsoup-1.8.2.jar:/home/travis/build/icyphy/ptII/lib/junit-4.8.2.jar:/home/travis/build/icyphy/ptII/lib/JUnitParams-0.4.0.jar:/home/travis/build/icyphy/ptII/ptolemy/actor/lib/excel/jxl.jar:/home/travis/build/icyphy/ptII/lib/jython.jar:/home/travis/build/icyphy/ptII/lib/kieler.jar:/home/travis/build/icyphy/ptII/vendors/opencv/share/OpenCV/java/opencv-341.jar:/home/travis/build/icyphy/ptII/lib/oscP5.jar:/home/travis/build/icyphy/ptII/lib/nrjavaserial-3.11.0.devel.jar:/home/travis/build/icyphy/ptII/vendors/j3d/lib/j3dcore.jar:/home/travis/build/icyphy/ptII/vendors/j3d/lib/j3dutils.jar:/home/travis/build/icyphy/ptII/vendors/j3d/lib/vecmath.jar:/home/travis/build/icyphy/ptII/ptolemy/distributed/jini/jar/jini-core.jar:/home/travis/build/icyphy/ptII/ptolemy/distributed/jini/jar/jini-ext.jar:/home/travis/build/icyphy/ptII/ptolemy/distributed/jini/jar/sun-util.jar:/home/travis/build/icyphy/ptII/lib/protobuf-java-2.4.1.jar:/home/travis/build/icyphy/ptII/lib/org.eclipse.paho.client.mqttv3.jar:/home/travis/build/icyphy/ptII/lib/mapss.jar:/home/travis/build/icyphy/ptII/ptolemy/actor/ptalon/antlr/antlr.jar:/home/travis/build/icyphy/ptII/lib/JRI.jar:/home/travis/build/icyphy/ptII/lib/commons-lang-2.6.jar:/home/travis/build/icyphy/ptII/lib/commons-logging-1.1.1.jar:/home/travis/build/icyphy/ptII/lib/sootclasses.jar:/home/travis/build/icyphy/ptII/ptolemy/actor/lib/database/mysql-connector-java-5.1.6-bin.jar:/home/travis/build/icyphy/ptII/vendors/misc/sphinx4/sphinx4-data-5prealpha.jar:/home/travis/build/icyphy/ptII/vendors/misc/sphinx4/sphinx4-core-5prealpha.jar:/home/travis/build/icyphy/ptII/lib/PDFRenderer.jar:/home/travis/build/icyphy/ptII/lib/svgSalamander.jar:/home/travis/build/icyphy/ptII/lib/rsyntaxtextarea-2.6.0-SNAPSHOT.jar:/home/travis/build/icyphy/ptII/lib/hazelcast-3.8.2.jar:/home/travis/build/icyphy/ptII/lib/jackson-annotations-2.9.0.jar:/home/travis/build/icyphy/ptII/lib/jackson-core-2.9.3.jar:/home/travis/build/icyphy/ptII/lib/jackson-databind-2.9.3.jar:/home/travis/build/icyphy/ptII/lib/netty-buffer-4.1.19.Final.jar:/home/travis/build/icyphy/ptII/lib/netty-codec-4.1.19.Final.jar:/home/travis/build/icyphy/ptII/lib/netty-codec-dns-4.1.19.Final.jar:/home/travis/build/icyphy/ptII/lib/netty-codec-http-4.1.19.Final.jar:/home/travis/build/icyphy/ptII/lib/netty-codec-http2-4.1.19.Final.jar:/home/travis/build/icyphy/ptII/lib/netty-common-4.1.19.Final.jar:/home/travis/build/icyphy/ptII/lib/netty-handler-4.1.19.Final.jar:/home/travis/build/icyphy/ptII/lib/netty-resolver-4.1.19.Final.jar:/home/travis/build/icyphy/ptII/lib/netty-resolver-dns-4.1.19.Final.jar:/home/travis/build/icyphy/ptII/lib/netty-transport-4.1.19.Final.jar:/home/travis/build/icyphy/ptII/lib/vertx-codegen-3.5.1.jar:/home/travis/build/icyphy/ptII/lib/vertx-core-3.5.2-SNAPSHOT.jar:/home/travis/build/icyphy/ptII/lib/vertx-hazelcast-3.5.1.jar:/home/travis/build/icyphy/ptII/lib/vertx-lang-js-3.5.1.jar:/home/travis/build/icyphy/ptII/lib/vertx-service-proxy-3.5.1.jar:/home/travis/build/icyphy/ptII/lib/vertx-web-3.5.1.jar:/home/travis/build/icyphy/ptII/lib/slf4j-api-1.7.13.jar:/home/travis/build/icyphy/ptII/lib/slf4j-simple-1.7.13.jar:/home/travis/build/icyphy/ptII/lib/webcam-capture-0.3.12.jar:/home/travis/build/icyphy/ptII/lib/bridj-0.7.0.jar:/home/travis/build/icyphy/ptII/lib/xbjlib-1.1.0.nrjavaserial.jar" />
    <property name="timeout" value="2400000" />
    <property name="test.batch" value="**/junit/*.java" />
    <property name="env._" value="/usr/bin/timeout" />
    <property name="java.io.tmpdir" value="/tmp" />
    <property name="user.language" value="en" />
    <property name="env.TRAVIS_INTERNAL_RUBY_REGEX" value="^ruby-(2\.[0-4]\.[0-9]|1\.9\.3)" />
    <property name="env.HISTCONTROL" value="ignoredups:ignorespace" />
    <property name="env.GOROOT" value="/home/travis/.gimme/versions/go1.11.1.linux.amd64" />
    <property name="line.separator" value="&#xa;" />
    <property name="target" value="11" />
    <property name="env.TRAVIS_BUILD_DIR" value="/home/travis/build/icyphy/ptII" />
    <property name="env.ANT_OPTS" value="-Xmx2048m" />
    <property name="ant.file.type" value="file" />
    <property name="ptolemy.ptII.batchMode" value="true" />
    <property name="env.HISTSIZE" value="1000" />
    <property name="env.MERB_ENV" value="test" />
    <property name="java.vm.info" value="mixed mode" />
    <property name="source" value="11" />
    <property name="java.vm.specification.name" value="Java Virtual Machine Specification" />
    <property name="env.TRAVIS_TEST_RESULT" value="0" />
    <property name="jsdoc.command" value="node_modules/@terraswarm/jsdoc/jsdoc.js" />
    <property name="npm.works" value="true" />
    <property name="cobertura.dir" value="/home/travis/build/icyphy/ptII/vendors/cobertura-2.0.3" />
    <property name="env.rvm_path" value="/home/travis/.rvm" />
    <property name="env.GEM_PATH" value="/home/travis/.rvm/gems/ruby-2.5.3:/home/travis/.rvm/gems/ruby-2.5.3@global" />
    <property name="env.LC_CTYPE" value="en_US.UTF-8" />
    <property name="env.TRAVIS_CMD" value="$PTII/bin/ptIITravisBuild.sh $SECONDS" />
    <property name="java.awt.printerjob" value="sun.print.PSPrinterJob" />
    <property name="env.TRAVIS_STACK_NAME" value="sardonyx" />
    <property name="env.TRAVIS_TIMER_START_TIME" value="1561340598156638882" />
    <property name="ant.version" value="Apache Ant(TM) version 1.10.1 compiled on February 2 2017" />
    <property name="ptII.reports" value="/home/travis/build/icyphy/ptII/reports" />
    <property name="env.TRAVIS_STACK_TIMESTAMP" value="2019-03-25 16:16:56 UTC" />
    <property name="ant.file.type.ptII" value="file" />
    <property name="env.RBENV_SHELL" value="bash" />
    <property name="os.name" value="Linux" />
    <property name="java.specification.vendor" value="Oracle Corporation" />
    <property name="env.rvm_version" value="1.29.7 (latest)" />
    <property name="env.TRAVIS_INFRA" value="gce" />
    <property name="env.TERM" value="xterm" />
    <property name="java.vm.name" value="OpenJDK 64-Bit Server VM" />
    <property name="env.TRAVIS_BUILD_NUMBER" value="1181" />
    <property name="env.CI" value="true" />
    <property name="java.library.path" value="/home/travis/pthla/certi-tools/lib:/usr/lib/jni:/usr/local/share/OpenCV/java/:/usr/share/OpenCV/java::/usr/java/packages/lib:/usr/lib64:/lib64:/lib:/usr/lib" />
    <property name="env.rvm_prefix" value="/home/travis" />
    <property name="env.PATH" value="/home/travis/pthla/certi-tools/share/scripts:/home/travis/.rvm/gems/ruby-2.5.3/bin:/home/travis/.rvm/gems/ruby-2.5.3@global/bin:/home/travis/.rvm/rubies/ruby-2.5.3/bin:/home/travis/.rvm/bin:/home/travis/.nvm/versions/node/v7.10.1/bin:./node_modules/.bin:/home/travis/build/icyphy/ptII/bin:/home/travis/pthla/certi-tools/bin:/home/travis/bin:/home/travis/.local/bin:/usr/local/lib/jvm/openjdk11/bin:/opt/pyenv/shims:/home/travis/.phpenv/shims:/home/travis/perl5/perlbrew/bin:/home/travis/gopath/bin:/home/travis/.gimme/versions/go1.11.1.linux.amd64/bin:/usr/local/maven-3.6.0/bin:/usr/local/cmake-3.12.4/bin:/usr/local/clang-7.0.0/bin:/usr/local/sbin:/usr/local/bin:/usr/sbin:/usr/bin:/sbin:/bin:/snap/bin:/home/travis/.phpenv/bin:/opt/pyenv/bin:/home/travis/.yarn/bin" />
    <property name="env.TRAVIS_OS_NAME" value="linux" />
    <property name="ant.java.version" value="9" />
    <property name="basedir" value="/home/travis/build/icyphy/ptII" />
    <property name="java.class.version" value="55.0" />
    <property name="env.SHLVL" value="3" />
    <property name="env.LD_LIBRARY_PATH" value="/home/travis/pthla/certi-tools/lib:/usr/lib/jni:/usr/local/share/OpenCV/java/:/usr/share/OpenCV/java:" />
    <property name="env.RACK_ENV" value="test" />
    <property name="ant.home" value="/home/travis/build/icyphy/ptII/ant" />
    <property name="env.NVM_DIR" value="/home/travis/.nvm" />
    <property name="env.CERTI_FOM_PATH" value="/home/travis/pthla/certi-tools/share/federations" />
    <property name="env.TRAVIS_BUILD_ID" value="549519315" />
    <property name="env.PYENV_ROOT" value="/opt/pyenv" />
    <property name="env.TRAVIS_UID" value="2000" />
    <property name="env.NVM_BIN" value="/home/travis/.nvm/versions/node/v7.10.1/bin" />
    <property name="env.TRAVIS_COMMIT" value="b6de4a29689c219dd7cbcef974805eca11f91674" />
    <property name="env._system_arch" value="x86_64" />
    <property name="node.executable" value="node" />
    <property name="sun.boot.library.path" value="/usr/local/lib/jvm/openjdk11/lib" />
    <property name="sun.management.compiler" value="HotSpot 64-Bit Tiered Compilers" />
    <property name="java.awt.graphicsenv" value="sun.awt.X11GraphicsEnvironment" />
    <property name="env.GOPATH" value="/home/travis/gopath" />
    <property name="ptolemy.ptII.dir" value="/home/travis/build/icyphy/ptII" />
    <property name="env.USER" value="travis" />
    <property name="env.HISTFILESIZE" value="2000" />
    <property name="timeout.longest" value="19000000" />
    <property name="env.PERLBREW_SHELLRC_VERSION" value="0.86" />
    <property name="env.TRAVIS_STACK_FEATURES" value="basic couchdb disabled-ipv6 docker docker-compose elasticsearch firefox go-toolchain google-chrome jdk memcached mongodb mysql nodejs_interpreter perl_interpreter perlbrew phantomjs postgresql python_interpreter redis ruby_interpreter sqlite xserver" />
    <property name="env.TRAVIS_PULL_REQUEST" value="false" />
    <property name="env.PYENV_SHELL" value="bash" />
    <property name="ant.project.name" value="ptII" />
    <property name="env.ANSI_RESET" value="\033[0m" />
    <property name="java.vm.specification.version" value="11" />
    <property name="env.TRAVIS_DIST" value="xenial" />
    <property name="env.CERTI_VERSION" value="4.0.0" />
    <property name="env.CERTI_HOST" value="localhost" />
    <property name="awt.toolkit" value="sun.awt.X11.XToolkit" />
    <property name="env.MY_RUBY_HOME" value="/home/travis/.rvm/rubies/ruby-2.5.3" />
    <property name="sun.cpu.isalist" value="" />
    <property name="env.TRAVIS_TMPDIR" value="/tmp/tmp.sE5ZCldqfT" />
    <property name="java.vm.compressedOopsMode" value="Zero based" />
    <property name="os.version" value="4.15.0-1028-gcp" />
    <property name="user.home" value="/home/travis" />
    <property name="java.vm.vendor" value="Oracle Corporation" />
    <property name="env.TRAVIS_TAG" value="nightly" />
    <property name="env.ANSI_YELLOW" value="\033[33;1m" />
    <property name="env.TRAVIS_FILTERED" value="redirect_io" />
    <property name="env.ANSI_GREEN" value="\033[32;1m" />
    <property name="env.JAVA_HOME" value="/usr/local/lib/jvm/openjdk11" />
    <property name="javadoc.excludepackagenames" value="adm.cvs2svn.*,build.*,config.*,doc.coding.templates.*,jni.test.jni.meaningOfLife.*,jni.test.jni.testDeux.*,jni.test.jni.testTrois.*,org.terraswarm.accessor.accessors.web.node_modules.*,org.terraswarm.accessor.accessors.web.hosts.cordova.demo.*,org.terraswarm.accessor.accessors.web.hosts.cordova.plugins.*,org.terraswarm.accessor.accessors-svn.*,pt-modules.*,ptolemy.apps.agilent.*,ptolemy.apps.anytimecontrol.*,ptolemy.apps.apes.*,ptolemy.apps.charon.*,ptolemy.apps.crazyboard.*,ptolemy.apps.eclipse.*,ptolemy.apps.etherealSting.*,ptolemy.apps.fullscreen.*,ptolemy.apps.giotto.*,ptolemy.apps.ia.*,ptolemy.apps.interfaces.*,ptolemy.apps.jmf.*,ptolemy.apps.kurt.*,ptolemy.apps.kvm.*,ptolemy.apps.lego.*,ptolemy.apps.lejos.*,ptolemy.apps.midp.*,ptolemy.apps.mobileCoding.*,ptolemy.apps.pendulum.*,ptolemy.apps.rijndael.*,ptolemy.apps.robot.*,ptolemy.apps.security.*,ptolemy.apps.sobel.*,ptolemy.apps.soot.*,ptolemy.apps.throttle.*,ptolemy.apps.tini.*,ptolemy.apps.transmission.*,ptolemy.apps.vergil.*,ptolemy.apps.waba.*,ptolemy.apps.websensor.*,ptolemy.apps.webstart.*,ptolemy.apps.xsl.*,ptolemy.apps.zaurus.*,ptolemy.codegen.c.actor.lib.oldJavaFiles.*,ptolemy.codegen.dsp.lib.*,ptolemy.codegen.kernel.newInterfaces.*,ptolemy.codegen.lib.*,ptolemy.copernicus.kernel.fragment.*,ptolemy.copernicus.shallow.cg.*,ptolemy.domains.giotto.demo.Hierarchy.Hierarchy.*,ptolemy.domains.giotto.demo.Multimode.Multimode.*,ptolemy.domains.giotto.demo.Simple.Simple.*,ptolemy.domains.gr.lib.experimental.*,ptolemy.domains.gro.*,ptolemy.domains.pdf.*,ptolemy.domains.ptinyos.demo.Surge.output.*,ptolemy.moml.test.NoPackageActor.java*,ptolemy.plot.adm.*,ptolemy.plot.servlet.*,reports.*,signed.*,src.*,target.*,vendors.*,ptolemy.copernicus.applet.*,ptolemy.media.viewer.*,ptolemy.actor.corba.*,doc.doclets.*,ptolemy.apps.eclipse.awt.*,ptolemy.backtrack.*,ptolemy.backtrack.ast.*,ptolemy.cg.adapter.generic.program.procedural.c.mbed*,ptolemy.homer.*,ptolemy.actor.lib.jjs.modules.audio.*,org.ptolemy.scala.*,diva.util.java2d.svg.*,ptolemy.domains.ptinyos.*,ptolemy.actor.lib.fmi.fmipp.*,,org.terraswarm.accessor.accessors.web.node_modules.*,org.terraswarm.accessor.accessors-svn,ptolemy.apps.*,ptolemy.actor.ptalon.demo.ptinyos.SendAndReceiveCnt.output,ptolemy.actor.ptalon.demo.ptinyos.SenseToLeds.output,ptolemy.domains.ptinyos.demo.CntToLedsAndRfm.output,ptolemy.domains.ptinyos.demo.RfmToLeds.output,ptolemy.domains.ptinyos.demo.SendAndReceiveCnt.output,ptolemy.domains.ptinyos.demo.SenseToLeds.output,ptolemy.actor.lib.jjs.modules.udpSocket.*" />
    <property name="env.PTII" value="/home/travis/build/icyphy/ptII" />
    <property name="env.XDG_SESSION_ID" value="2" />
    <property name="keystore" value="ptKeystore" />
    <property name="env.TRAVIS_COMMIT_MESSAGE" value="Moved csp and doc tests to core6 so that core2 will run to completion." />
    <property name="junit.output.dir" value="/home/travis/build/icyphy/ptII/reports/junit" />
    <property name="npm.return.code" value="0" />
    <property name="user.dir" value="/home/travis/build/icyphy/ptII/ptolemy/actor/lib/test" />
    <property name="env.TRAVIS_NODE_VERSION" value="7" />
    <property name="env.TRAVIS_EVENT_TYPE" value="push" />
    <property name="env.MAIL" value="/var/mail/travis" />
    <property name="env.PERLBREW_ROOT" value="/home/travis/perl5/perlbrew" />
    <property name="env.PWD" value="/home/travis/build/icyphy/ptII" />
    <property name="timeout.npm" value="45000" />
    <property name="env.TRAVIS_ARCH" value="amd64" />
    <property name="sun.cpu.endian" value="little" />
    <property name="env.PAGER" value="cat" />
    <property name="env.TRAVIS_BUILD_STAGE_NAME" value="Test" />
    <property name="env.PERLBREW_HOME" value="/home/travis/.perlbrew" />
    <property name="java.vm.version" value="11.0.2+9" />
    <property name="env.RAILS_ENV" value="test" />
    <property name="java.class.path" value="/home/travis/.ptolemyII:/home/travis/.ptolemyII/*:/home/travis/build/icyphy/ptII:/home/travis/build/icyphy/ptII/lib/bsh-2.0b4.jar:/home/travis/build/icyphy/ptII/lib/ptCal.jar:/home/travis/build/icyphy/ptII/lib/java_cup.jar:/home/travis/build/icyphy/ptII/lib/saxon8.jar:/home/travis/build/icyphy/ptII/lib/saxon8-dom.jar:/home/travis/build/icyphy/ptII/lib/chic.jar:/home/travis/build/icyphy/ptII/lib/ptcolt.jar:/home/travis/build/icyphy/ptII/vendors/misc/itext/iText.jar:/home/travis/build/icyphy/ptII/lib/g4ltl.jar:/home/travis/build/icyphy/ptII/lib/StructuralCoder.jar:/home/travis/build/icyphy/ptII/vendors/jai-1_1_2_01/lib/jai_core.jar:/home/travis/build/icyphy/ptII/vendors/jai-1_1_2_01/lib/jai_codec.jar:/home/travis/build/icyphy/ptII/lib/jcerti.jar:/home/travis/build/icyphy/ptII/lib/javax.mail.jar:/home/travis/build/icyphy/ptII/vendors/JMF-2.1.1e/lib/jmf.jar:/home/travis/build/icyphy/ptII/lib/jna-4.0.0-variadic.jar:/home/travis/build/icyphy/ptII/vendors/misc/joystick/Joystick.jar:/home/travis/build/icyphy/ptII/lib/ptjacl.jar:/home/travis/build/icyphy/ptII/lib/jsoup-1.8.2.jar:/home/travis/build/icyphy/ptII/lib/junit-4.8.2.jar:/home/travis/build/icyphy/ptII/lib/JUnitParams-0.4.0.jar:/home/travis/build/icyphy/ptII/ptolemy/actor/lib/excel/jxl.jar:/home/travis/build/icyphy/ptII/lib/jython.jar:/home/travis/build/icyphy/ptII/lib/kieler.jar:/home/travis/build/icyphy/ptII/vendors/opencv/share/OpenCV/java/opencv-341.jar:/home/travis/build/icyphy/ptII/lib/oscP5.jar:/home/travis/build/icyphy/ptII/lib/nrjavaserial-3.11.0.devel.jar:/home/travis/build/icyphy/ptII/vendors/j3d/lib/j3dcore.jar:/home/travis/build/icyphy/ptII/vendors/j3d/lib/j3dutils.jar:/home/travis/build/icyphy/ptII/vendors/j3d/lib/vecmath.jar:/home/travis/build/icyphy/ptII/ptolemy/distributed/jini/jar/jini-core.jar:/home/travis/build/icyphy/ptII/ptolemy/distributed/jini/jar/jini-ext.jar:/home/travis/build/icyphy/ptII/ptolemy/distributed/jini/jar/sun-util.jar:/home/travis/build/icyphy/ptII/lib/protobuf-java-2.4.1.jar:/home/travis/build/icyphy/ptII/lib/org.eclipse.paho.client.mqttv3.jar:/home/travis/build/icyphy/ptII/lib/mapss.jar:/home/travis/build/icyphy/ptII/ptolemy/actor/ptalon/antlr/antlr.jar:/home/travis/build/icyphy/ptII/lib/JRI.jar:/home/travis/build/icyphy/ptII/lib/commons-lang-2.6.jar:/home/travis/build/icyphy/ptII/lib/commons-logging-1.1.1.jar:/home/travis/build/icyphy/ptII/lib/sootclasses.jar:/home/travis/build/icyphy/ptII/ptolemy/actor/lib/database/mysql-connector-java-5.1.6-bin.jar:/home/travis/build/icyphy/ptII/vendors/misc/sphinx4/sphinx4-data-5prealpha.jar:/home/travis/build/icyphy/ptII/vendors/misc/sphinx4/sphinx4-core-5prealpha.jar:/home/travis/build/icyphy/ptII/lib/PDFRenderer.jar:/home/travis/build/icyphy/ptII/lib/svgSalamander.jar:/home/travis/build/icyphy/ptII/lib/rsyntaxtextarea-2.6.0-SNAPSHOT.jar:/home/travis/build/icyphy/ptII/lib/hazelcast-3.8.2.jar:/home/travis/build/icyphy/ptII/lib/jackson-annotations-2.9.0.jar:/home/travis/build/icyphy/ptII/lib/jackson-core-2.9.3.jar:/home/travis/build/icyphy/ptII/lib/jackson-databind-2.9.3.jar:/home/travis/build/icyphy/ptII/lib/netty-buffer-4.1.19.Final.jar:/home/travis/build/icyphy/ptII/lib/netty-codec-4.1.19.Final.jar:/home/travis/build/icyphy/ptII/lib/netty-codec-dns-4.1.19.Final.jar:/home/travis/build/icyphy/ptII/lib/netty-codec-http-4.1.19.Final.jar:/home/travis/build/icyphy/ptII/lib/netty-codec-http2-4.1.19.Final.jar:/home/travis/build/icyphy/ptII/lib/netty-common-4.1.19.Final.jar:/home/travis/build/icyphy/ptII/lib/netty-handler-4.1.19.Final.jar:/home/travis/build/icyphy/ptII/lib/netty-resolver-4.1.19.Final.jar:/home/travis/build/icyphy/ptII/lib/netty-resolver-dns-4.1.19.Final.jar:/home/travis/build/icyphy/ptII/lib/netty-transport-4.1.19.Final.jar:/home/travis/build/icyphy/ptII/lib/vertx-codegen-3.5.1.jar:/home/travis/build/icyphy/ptII/lib/vertx-core-3.5.2-SNAPSHOT.jar:/home/travis/build/icyphy/ptII/lib/vertx-hazelcast-3.5.1.jar:/home/travis/build/icyphy/ptII/lib/vertx-lang-js-3.5.1.jar:/home/travis/build/icyphy/ptII/lib/vertx-service-proxy-3.5.1.jar:/home/travis/build/icyphy/ptII/lib/vertx-web-3.5.1.jar:/home/travis/build/icyphy/ptII/lib/slf4j-api-1.7.13.jar:/home/travis/build/icyphy/ptII/lib/slf4j-simple-1.7.13.jar:/home/travis/build/icyphy/ptII/lib/webcam-capture-0.3.12.jar:/home/travis/build/icyphy/ptII/lib/bridj-0.7.0.jar:/home/travis/build/icyphy/ptII/lib/xbjlib-1.1.0.nrjavaserial.jar:/home/travis/build/icyphy/ptII/ptolemy/moml/test:/home/travis/build/icyphy/ptII/ant/lib/ant-launcher.jar:/home/travis/build/icyphy/ptII/ant/lib/ant.jar:/home/travis/build/icyphy/ptII/ant/lib/ant-junit.jar:/home/travis/build/icyphy/ptII/ant/lib/ant-junit4.jar" />
    <property name="ant.library.dir" value="/home/travis/build/icyphy/ptII/ant/lib" />
    <property name="os.arch" value="amd64" />
    <property name="env.CONTINUOUS_INTEGRATION" value="true" />
    <property name="env.TRAVIS_LANGUAGE" value="node_js" />
    <property name="env.TRAVIS_STACK_LANGUAGES" value="__sardonyx__ c c++ clojure cplusplus cpp default generic go groovy java node_js php pure_java python ruby scala" />
    <property name="test.name" value="ptolemy.actor.lib.test.junit.JUnitTclTest" />
    <property name="env.APT_KEY_DONT_WARN_ON_DANGEROUS_USAGE" value="1" />
    <property name="sun.java.launcher" value="SUN_STANDARD" />
    <property name="env.PYTHON_CONFIGURE_OPTS" value="--enable-unicode=ucs4 --with-wide-unicode --enable-shared --enable-ipv6 --enable-loadable-sqlite-extensions --with-computed-gotos" />
    <property name="ant.core.lib" value="/home/travis/build/icyphy/ptII/ant/lib/ant.jar" />
    <property name="java.vm.specification.vendor" value="Oracle Corporation" />
    <property name="env.BCVTB_HOME" value="/home/travis/build/icyphy/ptII/lbnl" />
    <property name="file.separator" value="/" />
    <property name="spotbugs.home" value="/home/travis/build/icyphy/ptII/vendors/spotbugs-3.1.1" />
    <property name="java.runtime.version" value="11.0.2+9" />
    <property name="env.ANSI_CLEAR" value="\033[0K" />
    <property name="env.HAS_JOSH_K_SEAL_OF_APPROVAL" value="true" />
    <property name="env.XDG_RUNTIME_DIR" value="/run/user/2000" />
    <property name="env.TRAVIS_OSX_IMAGE" value="" />
    <property name="env.TRAVIS_JOB_ID" value="549519323" />
    <property name="env.TRAVIS_BRANCH" value="master" />
    <property name="user.country" value="US" />
    <property name="env.CERTI_HOME_TRAVIS" value="/home/travis/pthla/certi-tools" />
    <property name="env.SHELL" value="/bin/bash" />
    <property name="java.maxmemory.large" value="5000m" />
    <property name="model" value="" />
    <property name="env.CASHER_DIR" value="/home/travis/.casher" />
    <property name="env.NVM_CD_FLAGS" value="" />
    <property name="java.vendor.version" value="18.9" />
    <property name="jshint.executable" value="/home/travis/node_modules/jshint/bin/jshint" />
    <property name="env.JRUBY_OPTS" value=" --client -J-XX:+TieredCompilation -J-XX:TieredStopAtLevel=1 -J-Xss2m -Xcompile.invokedynamic=false" />
    <property name="java.vendor" value="Oracle Corporation" />
    <property name="env.TRAVIS_PRE_CHEF_BOOTSTRAP_TIME" value="2019-03-25T16:16:42" />
    <property name="env.TRAVIS_STACK_JOB_BOARD_REGISTER" value="/.job-board-register.yml" />
    <property name="env.ANSI_RED" value="\033[31;1m" />
    <property name="java.specification.version" value="11" />
    <property name="env.IRBRC" value="/home/travis/.rvm/rubies/ruby-2.5.3/.irbrc" />
    <property name="env.TRAVIS" value="true" />
    <property name="sun.arch.data.model" value="64" />
  </properties>
  <testcase classname="ptolemy.util.test.junit.TclTests" name="[0] /home/travis/build/icyphy/ptII/ptolemy/actor/lib/test/AbsoluteValue.tcl (RunTclFile)" time="0.578" />
  <testcase classname="ptolemy.util.test.junit.TclTests" name="[1] /home/travis/build/icyphy/ptII/ptolemy/actor/lib/test/AddSubtract.tcl (RunTclFile)" time="0.118" />
  <testcase classname="ptolemy.util.test.junit.TclTests" name="[2] /home/travis/build/icyphy/ptII/ptolemy/actor/lib/test/Average.tcl (RunTclFile)" time="0.057" />
  <testcase classname="ptolemy.util.test.junit.TclTests" name="[3] /home/travis/build/icyphy/ptII/ptolemy/actor/lib/test/Bernoulli.tcl (RunTclFile)" time="0.043" />
  <testcase classname="ptolemy.util.test.junit.TclTests" name="[4] /home/travis/build/icyphy/ptII/ptolemy/actor/lib/test/Clock.tcl (RunTclFile)" time="0.139" />
  <testcase classname="ptolemy.util.test.junit.TclTests" name="[5] /home/travis/build/icyphy/ptII/ptolemy/actor/lib/test/Commutator.tcl (RunTclFile)" time="0.146" />
  <testcase classname="ptolemy.util.test.junit.TclTests" name="[6] /home/travis/build/icyphy/ptII/ptolemy/actor/lib/test/Const.tcl (RunTclFile)" time="0.079" />
  <testcase classname="ptolemy.util.test.junit.TclTests" name="[7] /home/travis/build/icyphy/ptII/ptolemy/actor/lib/test/CurrentTime.tcl (RunTclFile)" time="0.023" />
  <testcase classname="ptolemy.util.test.junit.TclTests" name="[8] /home/travis/build/icyphy/ptII/ptolemy/actor/lib/test/DB.tcl (RunTclFile)" time="0.042" />
  <testcase classname="ptolemy.util.test.junit.TclTests" name="[9] /home/travis/build/icyphy/ptII/ptolemy/actor/lib/test/DiscreteRandomSource.tcl (RunTclFile)" time="0.05" />
  <testcase classname="ptolemy.util.test.junit.TclTests" name="[10] /home/travis/build/icyphy/ptII/ptolemy/actor/lib/test/Distributor.tcl (RunTclFile)" time="0.04" />
  <testcase classname="ptolemy.util.test.junit.TclTests" name="[11] /home/travis/build/icyphy/ptII/ptolemy/actor/lib/test/Exit.tcl (RunTclFile)" time="0.115" />
  <testcase classname="ptolemy.util.test.junit.TclTests" name="[12] /home/travis/build/icyphy/ptII/ptolemy/actor/lib/test/Expression.tcl (RunTclFile)" time="0.109" />
  <testcase classname="ptolemy.util.test.junit.TclTests" name="[13] /home/travis/build/icyphy/ptII/ptolemy/actor/lib/test/Gaussian.tcl (RunTclFile)" time="0.635" />
  <testcase classname="ptolemy.util.test.junit.TclTests" name="[14] /home/travis/build/icyphy/ptII/ptolemy/actor/lib/test/IIR.tcl (RunTclFile)" time="0.042" />
  <testcase classname="ptolemy.util.test.junit.TclTests" name="[15] /home/travis/build/icyphy/ptII/ptolemy/actor/lib/test/Interpolator.tcl (RunTclFile)" time="0.113" />
  <testcase classname="ptolemy.util.test.junit.TclTests" name="[16] /home/travis/build/icyphy/ptII/ptolemy/actor/lib/test/MathFunction.tcl (RunTclFile)" time="0.065" />
  <testcase classname="ptolemy.util.test.junit.TclTests" name="[17] /home/travis/build/icyphy/ptII/ptolemy/actor/lib/test/Maximum.tcl (RunTclFile)" time="0.024" />
  <testcase classname="ptolemy.util.test.junit.TclTests" name="[18] /home/travis/build/icyphy/ptII/ptolemy/actor/lib/test/Minimum.tcl (RunTclFile)" time="0.02" />
  <testcase classname="ptolemy.util.test.junit.TclTests" name="[19] /home/travis/build/icyphy/ptII/ptolemy/actor/lib/test/MultiplyDivide.tcl (RunTclFile)" time="0.035" />
  <testcase classname="ptolemy.util.test.junit.TclTests" name="[20] /home/travis/build/icyphy/ptII/ptolemy/actor/lib/test/OrderedMerge.tcl (RunTclFile)" time="0.123" />
  <testcase classname="ptolemy.util.test.junit.TclTests" name="[21] /home/travis/build/icyphy/ptII/ptolemy/actor/lib/test/Publisher.tcl (RunTclFile)" time="0.868" />
  <testcase classname="ptolemy.util.test.junit.TclTests" name="[22] /home/travis/build/icyphy/ptII/ptolemy/actor/lib/test/Pulse.tcl (RunTclFile)" time="0.113" />
  <testcase classname="ptolemy.util.test.junit.TclTests" name="[23] /home/travis/build/icyphy/ptII/ptolemy/actor/lib/test/Ramp.tcl (RunTclFile)" time="2.118" />
  <testcase classname="ptolemy.util.test.junit.TclTests" name="[24] /home/travis/build/icyphy/ptII/ptolemy/actor/lib/test/RampContinuous.tcl (RunTclFile)" time="0.02" />
  <testcase classname="ptolemy.util.test.junit.TclTests" name="[25] /home/travis/build/icyphy/ptII/ptolemy/actor/lib/test/RecordAssembler.tcl (RunTclFile)" time="0.018" />
  <testcase classname="ptolemy.util.test.junit.TclTests" name="[26] /home/travis/build/icyphy/ptII/ptolemy/actor/lib/test/RecordDisassembler.tcl (RunTclFile)" time="0.022" />
  <testcase classname="ptolemy.util.test.junit.TclTests" name="[27] /home/travis/build/icyphy/ptII/ptolemy/actor/lib/test/Scale.tcl (RunTclFile)" time="0.018" />
  <testcase classname="ptolemy.util.test.junit.TclTests" name="[28] /home/travis/build/icyphy/ptII/ptolemy/actor/lib/test/SequentialClock.tcl (RunTclFile)" time="0.019" />
  <testcase classname="ptolemy.util.test.junit.TclTests" name="[29] /home/travis/build/icyphy/ptII/ptolemy/actor/lib/test/SetVariable.tcl (RunTclFile)" time="0.024">
    <failure message="Number of failed tests is has increased. expected:&lt;0&gt; but was:&lt;1&gt;" type="junit.framework.AssertionFailedError">junit.framework.AssertionFailedError: Number of failed tests is has increased. expected:&lt;0&gt; but was:&lt;1&gt;
	at ptolemy.util.test.junit.TclTests.RunTclFile(TclTests.java:286)
	at jdk.internal.reflect.GeneratedMethodAccessor19.invoke(Unknown Source)
	at java.base/jdk.internal.reflect.DelegatingMethodAccessorImpl.invoke(DelegatingMethodAccessorImpl.java:43)
	at junitparams.internal.InvokeParameterisedMethod.evaluate(InvokeParameterisedMethod.java:102)
	at junitparams.internal.ParameterisedTestMethodRunner.runMethodInvoker(ParameterisedTestMethodRunner.java:47)
	at junitparams.internal.ParameterisedTestMethodRunner.runTestMethod(ParameterisedTestMethodRunner.java:41)
	at junitparams.internal.ParameterisedTestClassRunner.runParameterisedTest(ParameterisedTestClassRunner.java:143)
	at junitparams.JUnitParamsRunner.runChild(JUnitParamsRunner.java:237)
	at junitparams.JUnitParamsRunner.runChild(JUnitParamsRunner.java:215)
</failure>
  </testcase>
  <testcase classname="ptolemy.util.test.junit.TclTests" name="[30] /home/travis/build/icyphy/ptII/ptolemy/actor/lib/test/Sinewave.tcl (RunTclFile)" time="0.029" />
  <testcase classname="ptolemy.util.test.junit.TclTests" name="[31] /home/travis/build/icyphy/ptII/ptolemy/actor/lib/test/SubscriptionAggregator.tcl (RunTclFile)" time="2.376" />
  <testcase classname="ptolemy.util.test.junit.TclTests" name="[32] /home/travis/build/icyphy/ptII/ptolemy/actor/lib/test/Test.tcl (RunTclFile)" time="0.082" />
  <testcase classname="ptolemy.util.test.junit.TclTests" name="[33] /home/travis/build/icyphy/ptII/ptolemy/actor/lib/test/TestExceptionHandler.tcl (RunTclFile)" time="0.011" />
  <testcase classname="ptolemy.util.test.junit.TclTests" name="[34] /home/travis/build/icyphy/ptII/ptolemy/actor/lib/test/UnionDisassembler.tcl (RunTclFile)" time="0.077" />
  <testcase classname="ptolemy.util.test.junit.TclTests" name="[35] /home/travis/build/icyphy/ptII/ptolemy/actor/lib/test/VariableClock.tcl (RunTclFile)" time="0.03" />
  <testcase classname="ptolemy.util.test.junit.AutoKnownFailedTests" name="[0] /home/travis/build/icyphy/ptII/ptolemy/actor/lib/test/auto/knownFailedTests/PublisherPortToplevelSubscriber.xml (RunModel)" time="0.026" />
  <testcase classname="ptolemy.util.test.junit.AutoKnownFailedTests" name="[1] /home/travis/build/icyphy/ptII/ptolemy/actor/lib/test/auto/knownFailedTests/PublisherSubscriberPortToplevel.xml (RunModel)" time="0.018" />
  <testcase classname="ptolemy.util.test.junit.AutoKnownFailedTests" name="[2] /home/travis/build/icyphy/ptII/ptolemy/actor/lib/test/auto/knownFailedTests/PublisherSubscriptionAggregatorPort.xml (RunModel)" time="0.019" />
  <testcase classname="ptolemy.util.test.junit.AutoKnownFailedTests" name="[3] /home/travis/build/icyphy/ptII/ptolemy/actor/lib/test/auto/knownFailedTests/sizedarray3.xml (RunModel)" time="0.028" />
  <testcase classname="ptolemy.util.test.junit.AutoNameArchTests" name="[0] ThereAreNoAutoArchTests (RunModel)" time="0.005" />
  <testcase classname="ptolemy.util.test.junit.AutoTests" name="[0] /home/travis/build/icyphy/ptII/ptolemy/actor/lib/test/auto/AbsoluteValue.xml (RunModel)" time="0.117" />
  <testcase classname="ptolemy.util.test.junit.AutoTests" name="[1] /home/travis/build/icyphy/ptII/ptolemy/actor/lib/test/auto/AbsoluteValue2.xml (RunModel)" time="0.074" />
  <testcase classname="ptolemy.util.test.junit.AutoTests" name="[2] /home/travis/build/icyphy/ptII/ptolemy/actor/lib/test/auto/Accumulator.xml (RunModel)" time="0.076" />
  <testcase classname="ptolemy.util.test.junit.AutoTests" name="[3] /home/travis/build/icyphy/ptII/ptolemy/actor/lib/test/auto/Accumulator2.xml (RunModel)" time="0.057" />
  <testcase classname="ptolemy.util.test.junit.AutoTests" name="[4] /home/travis/build/icyphy/ptII/ptolemy/actor/lib/test/auto/Accumulator3.xml (RunModel)" time="0.029" />
  <testcase classname="ptolemy.util.test.junit.AutoTests" name="[5] /home/travis/build/icyphy/ptII/ptolemy/actor/lib/test/auto/ArrayAppend.xml (RunModel)" time="0.039" />
  <testcase classname="ptolemy.util.test.junit.AutoTests" name="[6] /home/travis/build/icyphy/ptII/ptolemy/actor/lib/test/auto/ArrayAppend2.xml (RunModel)" time="0.366" />
  <testcase classname="ptolemy.util.test.junit.AutoTests" name="[7] /home/travis/build/icyphy/ptII/ptolemy/actor/lib/test/auto/ArrayAppend3.xml (RunModel)" time="0.052" />
  <testcase classname="ptolemy.util.test.junit.AutoTests" name="[8] /home/travis/build/icyphy/ptII/ptolemy/actor/lib/test/auto/ArrayAppend4.xml (RunModel)" time="0.135" />
  <testcase classname="ptolemy.util.test.junit.AutoTests" name="[9] /home/travis/build/icyphy/ptII/ptolemy/actor/lib/test/auto/ArrayAppend5.xml (RunModel)" time="0.034" />
  <testcase classname="ptolemy.util.test.junit.AutoTests" name="[10] /home/travis/build/icyphy/ptII/ptolemy/actor/lib/test/auto/ArrayAppend6.xml (RunModel)" time="0.022" />
  <testcase classname="ptolemy.util.test.junit.AutoTests" name="[11] /home/travis/build/icyphy/ptII/ptolemy/actor/lib/test/auto/ArrayAppendPerformanceTest.xml (RunModel)" time="0.074" />
  <testcase classname="ptolemy.util.test.junit.AutoTests" name="[12] /home/travis/build/icyphy/ptII/ptolemy/actor/lib/test/auto/ArrayAppendWithEmptyInput.xml (RunModel)" time="0.05" />
  <testcase classname="ptolemy.util.test.junit.AutoTests" name="[13] /home/travis/build/icyphy/ptII/ptolemy/actor/lib/test/auto/ArrayAverage.xml (RunModel)" time="0.035" />
  <testcase classname="ptolemy.util.test.junit.AutoTests" name="[14] /home/travis/build/icyphy/ptII/ptolemy/actor/lib/test/auto/ArrayContains.xml (RunModel)" time="0.026" />
  <testcase classname="ptolemy.util.test.junit.AutoTests" name="[15] /home/travis/build/icyphy/ptII/ptolemy/actor/lib/test/auto/ArrayElement.xml (RunModel)" time="0.021" />
  <testcase classname="ptolemy.util.test.junit.AutoTests" name="[16] /home/travis/build/icyphy/ptII/ptolemy/actor/lib/test/auto/ArrayElementAsMatrix.xml (RunModel)" time="0.049" />
  <testcase classname="ptolemy.util.test.junit.AutoTests" name="[17] /home/travis/build/icyphy/ptII/ptolemy/actor/lib/test/auto/ArrayElementI.xml (RunModel)" time="0.033" />
  <testcase classname="ptolemy.util.test.junit.AutoTests" name="[18] /home/travis/build/icyphy/ptII/ptolemy/actor/lib/test/auto/ArrayExtract.xml (RunModel)" time="0.035" />
  <testcase classname="ptolemy.util.test.junit.AutoTests" name="[19] /home/travis/build/icyphy/ptII/ptolemy/actor/lib/test/auto/ArrayExtract2.xml (RunModel)" time="0.021" />
  <testcase classname="ptolemy.util.test.junit.AutoTests" name="[20] /home/travis/build/icyphy/ptII/ptolemy/actor/lib/test/auto/ArrayLength.xml (RunModel)" time="0.023" />
  <testcase classname="ptolemy.util.test.junit.AutoTests" name="[21] /home/travis/build/icyphy/ptII/ptolemy/actor/lib/test/auto/ArrayLevelCrossing.xml (RunModel)" time="0.026" />
  <testcase classname="ptolemy.util.test.junit.AutoTests" name="[22] /home/travis/build/icyphy/ptII/ptolemy/actor/lib/test/auto/ArrayLevelCrossing2.xml (RunModel)" time="0.026" />
  <testcase classname="ptolemy.util.test.junit.AutoTests" name="[23] /home/travis/build/icyphy/ptII/ptolemy/actor/lib/test/auto/ArrayPeakSearch.xml (RunModel)" time="0.052" />
  <testcase classname="ptolemy.util.test.junit.AutoTests" name="[24] /home/travis/build/icyphy/ptII/ptolemy/actor/lib/test/auto/ArrayPeakSearch2.xml (RunModel)" time="0.037" />
  <testcase classname="ptolemy.util.test.junit.AutoTests" name="[25] /home/travis/build/icyphy/ptII/ptolemy/actor/lib/test/auto/ArrayPeakSearch3.xml (RunModel)" time="0.037" />
  <testcase classname="ptolemy.util.test.junit.AutoTests" name="[26] /home/travis/build/icyphy/ptII/ptolemy/actor/lib/test/auto/ArrayRemoveElement.xml (RunModel)" time="0.03" />
  <testcase classname="ptolemy.util.test.junit.AutoTests" name="[27] /home/travis/build/icyphy/ptII/ptolemy/actor/lib/test/auto/ArraySort.xml (RunModel)" time="0.038" />
  <testcase classname="ptolemy.util.test.junit.AutoTests" name="[28] /home/travis/build/icyphy/ptII/ptolemy/actor/lib/test/auto/ArraySum.xml (RunModel)" time="0.022" />
  <testcase classname="ptolemy.util.test.junit.AutoTests" name="[29] /home/travis/build/icyphy/ptII/ptolemy/actor/lib/test/auto/ArrayToElements.xml (RunModel)" time="0.036" />
  <testcase classname="ptolemy.util.test.junit.AutoTests" name="[30] /home/travis/build/icyphy/ptII/ptolemy/actor/lib/test/auto/ArrayToMatrix.xml (RunModel)" time="0.059" />
  <testcase classname="ptolemy.util.test.junit.AutoTests" name="[31] /home/travis/build/icyphy/ptII/ptolemy/actor/lib/test/auto/ArrayUpdate1.xml (RunModel)" time="0.015" />
  <testcase classname="ptolemy.util.test.junit.AutoTests" name="[32] /home/travis/build/icyphy/ptII/ptolemy/actor/lib/test/auto/ArrayUpdate2.xml (RunModel)" time="0.028" />
  <testcase classname="ptolemy.util.test.junit.AutoTests" name="[33] /home/travis/build/icyphy/ptII/ptolemy/actor/lib/test/auto/ArrayUpdate3.xml (RunModel)" time="0.024" />
  <testcase classname="ptolemy.util.test.junit.AutoTests" name="[34] /home/travis/build/icyphy/ptII/ptolemy/actor/lib/test/auto/Assert1.xml (RunModel)" time="0.022" />
  <testcase classname="ptolemy.util.test.junit.AutoTests" name="[35] /home/travis/build/icyphy/ptII/ptolemy/actor/lib/test/auto/Assert2.xml (RunModel)" time="0.014" />
  <testcase classname="ptolemy.util.test.junit.AutoTests" name="[36] /home/travis/build/icyphy/ptII/ptolemy/actor/lib/test/auto/BooleanMultiplexor.xml (RunModel)" time="0.016" />
  <testcase classname="ptolemy.util.test.junit.AutoTests" name="[37] /home/travis/build/icyphy/ptII/ptolemy/actor/lib/test/auto/BooleanMultiplexor2.xml (RunModel)" time="0.043" />
  <testcase classname="ptolemy.util.test.junit.AutoTests" name="[38] /home/travis/build/icyphy/ptII/ptolemy/actor/lib/test/auto/BooleanMultiplexor3.xml (RunModel)" time="0.021" />
  <testcase classname="ptolemy.util.test.junit.AutoTests" name="[39] /home/travis/build/icyphy/ptII/ptolemy/actor/lib/test/auto/BooleanSelect.xml (RunModel)" time="0.026" />
  <testcase classname="ptolemy.util.test.junit.AutoTests" name="[40] /home/travis/build/icyphy/ptII/ptolemy/actor/lib/test/auto/BooleanSelect2.xml (RunModel)" time="0.016" />
  <testcase classname="ptolemy.util.test.junit.AutoTests" name="[41] /home/travis/build/icyphy/ptII/ptolemy/actor/lib/test/auto/BooleanSwitch.xml (RunModel)" time="0.035" />
  <testcase classname="ptolemy.util.test.junit.AutoTests" name="[42] /home/travis/build/icyphy/ptII/ptolemy/actor/lib/test/auto/BooleanSwitch2.xml (RunModel)" time="0.019" />
  <testcase classname="ptolemy.util.test.junit.AutoTests" name="[43] /home/travis/build/icyphy/ptII/ptolemy/actor/lib/test/auto/BooleanSwitchCloningBugWithClassRelationGroup.xml (RunModel)" time="0.046" />
  <testcase classname="ptolemy.util.test.junit.AutoTests" name="[44] /home/travis/build/icyphy/ptII/ptolemy/actor/lib/test/auto/BusActors.xml (RunModel)" time="0.04" />
  <testcase classname="ptolemy.util.test.junit.AutoTests" name="[45] /home/travis/build/icyphy/ptII/ptolemy/actor/lib/test/auto/ClassWrapper.xml (RunModel)" time="0.026" />
  <testcase classname="ptolemy.util.test.junit.AutoTests" name="[46] /home/travis/build/icyphy/ptII/ptolemy/actor/lib/test/auto/Clock.xml (RunModel)" time="0.01" />
  <testcase classname="ptolemy.util.test.junit.AutoTests" name="[47] /home/travis/build/icyphy/ptII/ptolemy/actor/lib/test/auto/Clock10.xml (RunModel)" time="0.022" />
  <testcase classname="ptolemy.util.test.junit.AutoTests" name="[48] /home/travis/build/icyphy/ptII/ptolemy/actor/lib/test/auto/Clock11.xml (RunModel)" time="0.027" />
  <testcase classname="ptolemy.util.test.junit.AutoTests" name="[49] /home/travis/build/icyphy/ptII/ptolemy/actor/lib/test/auto/Clock12.xml (RunModel)" time="0.022" />
  <testcase classname="ptolemy.util.test.junit.AutoTests" name="[50] /home/travis/build/icyphy/ptII/ptolemy/actor/lib/test/auto/Clock13.xml (RunModel)" time="0.018" />
  <testcase classname="ptolemy.util.test.junit.AutoTests" name="[51] /home/travis/build/icyphy/ptII/ptolemy/actor/lib/test/auto/Clock14.xml (RunModel)" time="0.024" />
  <testcase classname="ptolemy.util.test.junit.AutoTests" name="[52] /home/travis/build/icyphy/ptII/ptolemy/actor/lib/test/auto/Clock15.xml (RunModel)" time="0.015" />
  <testcase classname="ptolemy.util.test.junit.AutoTests" name="[53] /home/travis/build/icyphy/ptII/ptolemy/actor/lib/test/auto/Clock16.xml (RunModel)" time="0.102" />
  <testcase classname="ptolemy.util.test.junit.AutoTests" name="[54] /home/travis/build/icyphy/ptII/ptolemy/actor/lib/test/auto/Clock17.xml (RunModel)" time="0.084" />
  <testcase classname="ptolemy.util.test.junit.AutoTests" name="[55] /home/travis/build/icyphy/ptII/ptolemy/actor/lib/test/auto/Clock18.xml (RunModel)" time="0.062" />
  <testcase classname="ptolemy.util.test.junit.AutoTests" name="[56] /home/travis/build/icyphy/ptII/ptolemy/actor/lib/test/auto/Clock19.xml (RunModel)" time="0.051" />
  <testcase classname="ptolemy.util.test.junit.AutoTests" name="[57] /home/travis/build/icyphy/ptII/ptolemy/actor/lib/test/auto/Clock2.xml (RunModel)" time="0.015" />
  <testcase classname="ptolemy.util.test.junit.AutoTests" name="[58] /home/travis/build/icyphy/ptII/ptolemy/actor/lib/test/auto/Clock20.xml (RunModel)" time="0.021" />
  <testcase classname="ptolemy.util.test.junit.AutoTests" name="[59] /home/travis/build/icyphy/ptII/ptolemy/actor/lib/test/auto/Clock21.xml (RunModel)" time="0.019" />
  <testcase classname="ptolemy.util.test.junit.AutoTests" name="[60] /home/travis/build/icyphy/ptII/ptolemy/actor/lib/test/auto/Clock22.xml (RunModel)" time="0.019" />
  <testcase classname="ptolemy.util.test.junit.AutoTests" name="[61] /home/travis/build/icyphy/ptII/ptolemy/actor/lib/test/auto/Clock23.xml (RunModel)" time="0.021" />
  <testcase classname="ptolemy.util.test.junit.AutoTests" name="[62] /home/travis/build/icyphy/ptII/ptolemy/actor/lib/test/auto/Clock24.xml (RunModel)" time="0.016" />
  <testcase classname="ptolemy.util.test.junit.AutoTests" name="[63] /home/travis/build/icyphy/ptII/ptolemy/actor/lib/test/auto/Clock4.xml (RunModel)" time="0.015" />
  <testcase classname="ptolemy.util.test.junit.AutoTests" name="[64] /home/travis/build/icyphy/ptII/ptolemy/actor/lib/test/auto/Clock5.xml (RunModel)" time="0.013" />
  <testcase classname="ptolemy.util.test.junit.AutoTests" name="[65] /home/travis/build/icyphy/ptII/ptolemy/actor/lib/test/auto/Clock6.xml (RunModel)" time="0.009" />
  <testcase classname="ptolemy.util.test.junit.AutoTests" name="[66] /home/travis/build/icyphy/ptII/ptolemy/actor/lib/test/auto/Clock7.xml (RunModel)" time="0.012" />
  <testcase classname="ptolemy.util.test.junit.AutoTests" name="[67] /home/travis/build/icyphy/ptII/ptolemy/actor/lib/test/auto/Clock8.xml (RunModel)" time="0.014" />
  <testcase classname="ptolemy.util.test.junit.AutoTests" name="[68] /home/travis/build/icyphy/ptII/ptolemy/actor/lib/test/auto/Clock9.xml (RunModel)" time="0.022" />
  <testcase classname="ptolemy.util.test.junit.AutoTests" name="[69] /home/travis/build/icyphy/ptII/ptolemy/actor/lib/test/auto/CommDistDiscard.xml (RunModel)" time="0.026" />
  <testcase classname="ptolemy.util.test.junit.AutoTests" name="[70] /home/travis/build/icyphy/ptII/ptolemy/actor/lib/test/auto/Commutator.xml (RunModel)" time="0.018" />
  <testcase classname="ptolemy.util.test.junit.AutoTests" name="[71] /home/travis/build/icyphy/ptII/ptolemy/actor/lib/test/auto/Commutator2.xml (RunModel)" time="0.013" />
  <testcase classname="ptolemy.util.test.junit.AutoTests" name="[72] /home/travis/build/icyphy/ptII/ptolemy/actor/lib/test/auto/Commutator3.xml (RunModel)" time="0.015" />
  <testcase classname="ptolemy.util.test.junit.AutoTests" name="[73] /home/travis/build/icyphy/ptII/ptolemy/actor/lib/test/auto/Compare.xml (RunModel)" time="0.025" />
  <testcase classname="ptolemy.util.test.junit.AutoTests" name="[74] /home/travis/build/icyphy/ptII/ptolemy/actor/lib/test/auto/CompareDE.xml (RunModel)" time="0.023" />
  <testcase classname="ptolemy.util.test.junit.AutoTests" name="[75] /home/travis/build/icyphy/ptII/ptolemy/actor/lib/test/auto/ComplexDivide.xml (RunModel)" time="0.011" />
  <testcase classname="ptolemy.util.test.junit.AutoTests" name="[76] /home/travis/build/icyphy/ptII/ptolemy/actor/lib/test/auto/ComputeHistogram.xml (RunModel)" time="0.085" />
  <testcase classname="ptolemy.util.test.junit.AutoTests" name="[77] /home/travis/build/icyphy/ptII/ptolemy/actor/lib/test/auto/ConfigurationSelect.xml (RunModel)" time="0.023" />
  <testcase classname="ptolemy.util.test.junit.AutoTests" name="[78] /home/travis/build/icyphy/ptII/ptolemy/actor/lib/test/auto/ConfigurationSelect2.xml (RunModel)" time="0.015" />
  <testcase classname="ptolemy.util.test.junit.AutoTests" name="[79] /home/travis/build/icyphy/ptII/ptolemy/actor/lib/test/auto/ConfigurationSwitch.xml (RunModel)" time="0.024" />
  <testcase classname="ptolemy.util.test.junit.AutoTests" name="[80] /home/travis/build/icyphy/ptII/ptolemy/actor/lib/test/auto/ConfigurationSwitch2.xml (RunModel)" time="0.025" />
  <testcase classname="ptolemy.util.test.junit.AutoTests" name="[81] /home/travis/build/icyphy/ptII/ptolemy/actor/lib/test/auto/ConfigurationSwitchCloningBugWithClassRelationGroup.xml (RunModel)" time="0.025" />
  <testcase classname="ptolemy.util.test.junit.AutoTests" name="[82] /home/travis/build/icyphy/ptII/ptolemy/actor/lib/test/auto/ConfigurationSwitchSelectSDF.xml (RunModel)" time="0.02" />
  <testcase classname="ptolemy.util.test.junit.AutoTests" name="[83] /home/travis/build/icyphy/ptII/ptolemy/actor/lib/test/auto/ConfigurationSwitchSelectSDF2.xml (RunModel)" time="0.015" />
  <testcase classname="ptolemy.util.test.junit.AutoTests" name="[84] /home/travis/build/icyphy/ptII/ptolemy/actor/lib/test/auto/Const.xml (RunModel)" time="0.006" />
  <testcase classname="ptolemy.util.test.junit.AutoTests" name="[85] /home/travis/build/icyphy/ptII/ptolemy/actor/lib/test/auto/Const2.xml (RunModel)" time="0.012" />
  <testcase classname="ptolemy.util.test.junit.AutoTests" name="[86] /home/travis/build/icyphy/ptII/ptolemy/actor/lib/test/auto/Const3.xml (RunModel)" time="0.006" />
  <testcase classname="ptolemy.util.test.junit.AutoTests" name="[87] /home/travis/build/icyphy/ptII/ptolemy/actor/lib/test/auto/ConstantPublisherPort1.xml (RunModel)" time="0.02" />
  <testcase classname="ptolemy.util.test.junit.AutoTests" name="[88] /home/travis/build/icyphy/ptII/ptolemy/actor/lib/test/auto/ConstantPublisherPort2.xml (RunModel)" time="0.018" />
  <testcase classname="ptolemy.util.test.junit.AutoTests" name="[89] /home/travis/build/icyphy/ptII/ptolemy/actor/lib/test/auto/ConstantPublisherPort3.xml (RunModel)" time="0.017" />
  <testcase classname="ptolemy.util.test.junit.AutoTests" name="[90] /home/travis/build/icyphy/ptII/ptolemy/actor/lib/test/auto/ConstantPublisherPort4.xml (RunModel)" time="0.015" />
  <testcase classname="ptolemy.util.test.junit.AutoTests" name="[91] /home/travis/build/icyphy/ptII/ptolemy/actor/lib/test/auto/ConstantPublisherPort5.xml (RunModel)" time="0.045" />
  <testcase classname="ptolemy.util.test.junit.AutoTests" name="[92] /home/travis/build/icyphy/ptII/ptolemy/actor/lib/test/auto/ConstantPublisherPort6.xml (RunModel)" time="0.032" />
  <testcase classname="ptolemy.util.test.junit.AutoTests" name="[93] /home/travis/build/icyphy/ptII/ptolemy/actor/lib/test/auto/ConstantPublisherPort7.xml (RunModel)" time="0.051" />
  <testcase classname="ptolemy.util.test.junit.AutoTests" name="[94] /home/travis/build/icyphy/ptII/ptolemy/actor/lib/test/auto/ConstraintMonitor1.xml (RunModel)" time="0.043" />
  <testcase classname="ptolemy.util.test.junit.AutoTests" name="[95] /home/travis/build/icyphy/ptII/ptolemy/actor/lib/test/auto/ConstraintMonitor2.xml (RunModel)" time="0.016" />
  <testcase classname="ptolemy.util.test.junit.AutoTests" name="[96] /home/travis/build/icyphy/ptII/ptolemy/actor/lib/test/auto/ConstraintMonitor3.xml (RunModel)" time="0.016" />
  <testcase classname="ptolemy.util.test.junit.AutoTests" name="[97] /home/travis/build/icyphy/ptII/ptolemy/actor/lib/test/auto/ConstraintMonitor4.xml (RunModel)" time="0.013" />
  <testcase classname="ptolemy.util.test.junit.AutoTests" name="[98] /home/travis/build/icyphy/ptII/ptolemy/actor/lib/test/auto/ConstraintMonitor5.xml (RunModel)" time="0.015" />
  <testcase classname="ptolemy.util.test.junit.AutoTests" name="[99] /home/travis/build/icyphy/ptII/ptolemy/actor/lib/test/auto/ConstraintMonitor6.xml (RunModel)" time="0.017" />
  <testcase classname="ptolemy.util.test.junit.AutoTests" name="[100] /home/travis/build/icyphy/ptII/ptolemy/actor/lib/test/auto/ConstraintMonitor7.xml (RunModel)" time="0.02" />
  <testcase classname="ptolemy.util.test.junit.AutoTests" name="[101] /home/travis/build/icyphy/ptII/ptolemy/actor/lib/test/auto/ConstraintMonitor8.xml (RunModel)" time="0.022" />
  <testcase classname="ptolemy.util.test.junit.AutoTests" name="[102] /home/travis/build/icyphy/ptII/ptolemy/actor/lib/test/auto/Counter.xml (RunModel)" time="0.015" />
  <testcase classname="ptolemy.util.test.junit.AutoTests" name="[103] /home/travis/build/icyphy/ptII/ptolemy/actor/lib/test/auto/CurrentTimeSDF.xml (RunModel)" time="0.011" />
  <testcase classname="ptolemy.util.test.junit.AutoTests" name="[104] /home/travis/build/icyphy/ptII/ptolemy/actor/lib/test/auto/DB.xml (RunModel)" time="0.013" />
  <testcase classname="ptolemy.util.test.junit.AutoTests" name="[105] /home/travis/build/icyphy/ptII/ptolemy/actor/lib/test/auto/DBDE.xml (RunModel)" time="0.027" />
  <testcase classname="ptolemy.util.test.junit.AutoTests" name="[106] /home/travis/build/icyphy/ptII/ptolemy/actor/lib/test/auto/DateConstructor.xml (RunModel)" time="0.058" />
  <testcase classname="ptolemy.util.test.junit.AutoTests" name="[107] /home/travis/build/icyphy/ptII/ptolemy/actor/lib/test/auto/DelayTime.xml (RunModel)" time="0.013" />
  <testcase classname="ptolemy.util.test.junit.AutoTests" name="[108] /home/travis/build/icyphy/ptII/ptolemy/actor/lib/test/auto/Dictionary1.xml (RunModel)" time="0.023" />
  <testcase classname="ptolemy.util.test.junit.AutoTests" name="[109] /home/travis/build/icyphy/ptII/ptolemy/actor/lib/test/auto/Dictionary2.xml (RunModel)" time="0.016" />
  <testcase classname="ptolemy.util.test.junit.AutoTests" name="[110] /home/travis/build/icyphy/ptII/ptolemy/actor/lib/test/auto/Dictionary3.xml (RunModel)" time="0.019" />
  <testcase classname="ptolemy.util.test.junit.AutoTests" name="[111] /home/travis/build/icyphy/ptII/ptolemy/actor/lib/test/auto/Dictionary4.xml (RunModel)" time="0.025" />
  <testcase classname="ptolemy.util.test.junit.AutoTests" name="[112] /home/travis/build/icyphy/ptII/ptolemy/actor/lib/test/auto/Differential.xml (RunModel)" time="0.013" />
  <testcase classname="ptolemy.util.test.junit.AutoTests" name="[113] /home/travis/build/icyphy/ptII/ptolemy/actor/lib/test/auto/Director.xml (RunModel)" time="0.01" />
  <testcase classname="ptolemy.util.test.junit.AutoTests" name="[114] /home/travis/build/icyphy/ptII/ptolemy/actor/lib/test/auto/DiscreteClock.xml (RunModel)" time="0.007" />
  <testcase classname="ptolemy.util.test.junit.AutoTests" name="[115] /home/travis/build/icyphy/ptII/ptolemy/actor/lib/test/auto/DiscreteClock10.xml (RunModel)" time="0.016" />
  <testcase classname="ptolemy.util.test.junit.AutoTests" name="[116] /home/travis/build/icyphy/ptII/ptolemy/actor/lib/test/auto/DiscreteClock11.xml (RunModel)" time="0.013" />
  <testcase classname="ptolemy.util.test.junit.AutoTests" name="[117] /home/travis/build/icyphy/ptII/ptolemy/actor/lib/test/auto/DiscreteClock12.xml (RunModel)" time="0.014" />
  <testcase classname="ptolemy.util.test.junit.AutoTests" name="[118] /home/travis/build/icyphy/ptII/ptolemy/actor/lib/test/auto/DiscreteClock13.xml (RunModel)" time="0.015" />
  <testcase classname="ptolemy.util.test.junit.AutoTests" name="[119] /home/travis/build/icyphy/ptII/ptolemy/actor/lib/test/auto/DiscreteClock14.xml (RunModel)" time="0.015" />
  <testcase classname="ptolemy.util.test.junit.AutoTests" name="[120] /home/travis/build/icyphy/ptII/ptolemy/actor/lib/test/auto/DiscreteClock15.xml (RunModel)" time="0.016" />
  <testcase classname="ptolemy.util.test.junit.AutoTests" name="[121] /home/travis/build/icyphy/ptII/ptolemy/actor/lib/test/auto/DiscreteClock16.xml (RunModel)" time="0.044" />
  <testcase classname="ptolemy.util.test.junit.AutoTests" name="[122] /home/travis/build/icyphy/ptII/ptolemy/actor/lib/test/auto/DiscreteClock17.xml (RunModel)" time="0.04" />
  <testcase classname="ptolemy.util.test.junit.AutoTests" name="[123] /home/travis/build/icyphy/ptII/ptolemy/actor/lib/test/auto/DiscreteClock18.xml (RunModel)" time="0.045" />
  <testcase classname="ptolemy.util.test.junit.AutoTests" name="[124] /home/travis/build/icyphy/ptII/ptolemy/actor/lib/test/auto/DiscreteClock19.xml (RunModel)" time="0.05" />
  <testcase classname="ptolemy.util.test.junit.AutoTests" name="[125] /home/travis/build/icyphy/ptII/ptolemy/actor/lib/test/auto/DiscreteClock2.xml (RunModel)" time="0.011" />
  <testcase classname="ptolemy.util.test.junit.AutoTests" name="[126] /home/travis/build/icyphy/ptII/ptolemy/actor/lib/test/auto/DiscreteClock20.xml (RunModel)" time="0.021" />
  <testcase classname="ptolemy.util.test.junit.AutoTests" name="[127] /home/travis/build/icyphy/ptII/ptolemy/actor/lib/test/auto/DiscreteClock21.xml (RunModel)" time="0.018" />
  <testcase classname="ptolemy.util.test.junit.AutoTests" name="[128] /home/travis/build/icyphy/ptII/ptolemy/actor/lib/test/auto/DiscreteClock22.xml (RunModel)" time="0.017" />
  <testcase classname="ptolemy.util.test.junit.AutoTests" name="[129] /home/travis/build/icyphy/ptII/ptolemy/actor/lib/test/auto/DiscreteClock23.xml (RunModel)" time="0.022" />
  <testcase classname="ptolemy.util.test.junit.AutoTests" name="[130] /home/travis/build/icyphy/ptII/ptolemy/actor/lib/test/auto/DiscreteClock24.xml (RunModel)" time="0.013" />
  <testcase classname="ptolemy.util.test.junit.AutoTests" name="[131] /home/travis/build/icyphy/ptII/ptolemy/actor/lib/test/auto/DiscreteClock4.xml (RunModel)" time="0.013" />
  <testcase classname="ptolemy.util.test.junit.AutoTests" name="[132] /home/travis/build/icyphy/ptII/ptolemy/actor/lib/test/auto/DiscreteClock5.xml (RunModel)" time="0.01" />
  <testcase classname="ptolemy.util.test.junit.AutoTests" name="[133] /home/travis/build/icyphy/ptII/ptolemy/actor/lib/test/auto/DiscreteClock6.xml (RunModel)" time="0.011" />
  <testcase classname="ptolemy.util.test.junit.AutoTests" name="[134] /home/travis/build/icyphy/ptII/ptolemy/actor/lib/test/auto/DiscreteClock7.xml (RunModel)" time="0.012" />
  <testcase classname="ptolemy.util.test.junit.AutoTests" name="[135] /home/travis/build/icyphy/ptII/ptolemy/actor/lib/test/auto/DiscreteClock8.xml (RunModel)" time="0.018" />
  <testcase classname="ptolemy.util.test.junit.AutoTests" name="[136] /home/travis/build/icyphy/ptII/ptolemy/actor/lib/test/auto/DiscreteClock9.xml (RunModel)" time="0.015" />
  <testcase classname="ptolemy.util.test.junit.AutoTests" name="[137] /home/travis/build/icyphy/ptII/ptolemy/actor/lib/test/auto/DisplayArray.xml (RunModel)" time="0.016" />
  <testcase classname="ptolemy.util.test.junit.AutoTests" name="[138] /home/travis/build/icyphy/ptII/ptolemy/actor/lib/test/auto/Distributor.xml (RunModel)" time="0.01" />
  <testcase classname="ptolemy.util.test.junit.AutoTests" name="[139] /home/travis/build/icyphy/ptII/ptolemy/actor/lib/test/auto/Distributor2.xml (RunModel)" time="0.012" />
  <testcase classname="ptolemy.util.test.junit.AutoTests" name="[140] /home/travis/build/icyphy/ptII/ptolemy/actor/lib/test/auto/DownSample.xml (RunModel)" time="0.025" />
  <testcase classname="ptolemy.util.test.junit.AutoTests" name="[141] /home/travis/build/icyphy/ptII/ptolemy/actor/lib/test/auto/ElectronicUnitBase1.xml (RunModel)" time="0.075" />
  <testcase classname="ptolemy.util.test.junit.AutoTests" name="[142] /home/travis/build/icyphy/ptII/ptolemy/actor/lib/test/auto/ElementsToArray.xml (RunModel)" time="0.016" />
  <testcase classname="ptolemy.util.test.junit.AutoTests" name="[143] /home/travis/build/icyphy/ptII/ptolemy/actor/lib/test/auto/Equals.xml (RunModel)" time="0.016" />
  <testcase classname="ptolemy.util.test.junit.AutoTests" name="[144] /home/travis/build/icyphy/ptII/ptolemy/actor/lib/test/auto/Exec.xml (RunModel)" time="0.033" />
  <testcase classname="ptolemy.util.test.junit.AutoTests" name="[145] /home/travis/build/icyphy/ptII/ptolemy/actor/lib/test/auto/ExecEnvironment.xml (RunModel)" time="0.043" />
  <testcase classname="ptolemy.util.test.junit.AutoTests" name="[146] /home/travis/build/icyphy/ptII/ptolemy/actor/lib/test/auto/ExecNonZeroReturnOutput.xml (RunModel)" time="0.214" />
  <testcase classname="ptolemy.util.test.junit.AutoTests" name="[147] /home/travis/build/icyphy/ptII/ptolemy/actor/lib/test/auto/ExecRunDemos.xml (RunModel)" time="10.736">
    <error type="java.lang.reflect.InvocationTargetException">java.lang.reflect.InvocationTargetException
	at jdk.internal.reflect.GeneratedConstructorAccessor36.newInstance(Unknown Source)
	at java.base/jdk.internal.reflect.DelegatingConstructorAccessorImpl.newInstance(DelegatingConstructorAccessorImpl.java:45)
	at java.base/java.lang.reflect.Constructor.newInstance(Constructor.java:490)
	at ptolemy.util.test.junit.AutoTests.RunModel(AutoTests.java:193)
	at jdk.internal.reflect.GeneratedMethodAccessor43.invoke(Unknown Source)
	at java.base/jdk.internal.reflect.DelegatingMethodAccessorImpl.invoke(DelegatingMethodAccessorImpl.java:43)
	at junitparams.internal.InvokeParameterisedMethod.evaluate(InvokeParameterisedMethod.java:102)
Caused by: ptolemy.kernel.util.IllegalActionException: Test fails in iteration 0.
Value was: &quot;WARNING: An illegal reflective access operation has occurred\nWARNING: Illegal reflective access by io.netty.util.internal.ReflectionUtil (file:/home/travis/build/icyphy/ptII/lib/netty-common-4.1.19.Final.jar) to constructor java.nio.DirectByteBuffer(long,int)\nWARNING: Please consider reporting this to the maintainers of io.netty.util.internal.ReflectionUtil\nWARNING: Use --illegal-access=warn to enable warnings of further illegal reflective access operations\nWARNING: All illegal access operations will be denied in a future release\n&quot;. Should have been: &quot;&quot;
  in .ExecRunDemos.Test
	at ptolemy.actor.lib.Test.fire(Test.java:268)
	at ptolemy.actor.AtomicActor.iterate(AtomicActor.java:512)
	at ptolemy.actor.sched.StaticSchedulingDirector.fire(StaticSchedulingDirector.java:216)
	at ptolemy.domains.sdf.kernel.SDFDirector.fire(SDFDirector.java:500)
	at ptolemy.actor.CompositeActor.fire(CompositeActor.java:455)
	at ptolemy.actor.Manager.iterate(Manager.java:851)
	at ptolemy.actor.Manager.execute(Manager.java:369)
	at ptolemy.actor.Manager.run(Manager.java:1263)
	at ptolemy.actor.Manager$PtolemyRunThread.run(Manager.java:1915)
</error>
  </testcase>
  <testcase classname="ptolemy.util.test.junit.AutoTests" name="[148] /home/travis/build/icyphy/ptII/ptolemy/actor/lib/test/auto/ExecStop.xml (RunModel)" time="5.062" />
  <testcase classname="ptolemy.util.test.junit.AutoTests" name="[149] /home/travis/build/icyphy/ptII/ptolemy/actor/lib/test/auto/ExecutionTimeSDF.xml (RunModel)" time="6.035" />
  <testcase classname="ptolemy.util.test.junit.AutoTests" name="[150] /home/travis/build/icyphy/ptII/ptolemy/actor/lib/test/auto/Expression1.xml (RunModel)" time="0.013" />
  <testcase classname="ptolemy.util.test.junit.AutoTests" name="[151] /home/travis/build/icyphy/ptII/ptolemy/actor/lib/test/auto/Expression10.xml (RunModel)" time="0.015" />
  <testcase classname="ptolemy.util.test.junit.AutoTests" name="[152] /home/travis/build/icyphy/ptII/ptolemy/actor/lib/test/auto/Expression11.xml (RunModel)" time="0.012" />
  <testcase classname="ptolemy.util.test.junit.AutoTests" name="[153] /home/travis/build/icyphy/ptII/ptolemy/actor/lib/test/auto/Expression12.xml (RunModel)" time="0.016" />
  <testcase classname="ptolemy.util.test.junit.AutoTests" name="[154] /home/travis/build/icyphy/ptII/ptolemy/actor/lib/test/auto/Expression13.xml (RunModel)" time="0.013" />
  <testcase classname="ptolemy.util.test.junit.AutoTests" name="[155] /home/travis/build/icyphy/ptII/ptolemy/actor/lib/test/auto/Expression14.xml (RunModel)" time="0.024" />
  <testcase classname="ptolemy.util.test.junit.AutoTests" name="[156] /home/travis/build/icyphy/ptII/ptolemy/actor/lib/test/auto/Expression15.xml (RunModel)" time="0.009" />
  <testcase classname="ptolemy.util.test.junit.AutoTests" name="[157] /home/travis/build/icyphy/ptII/ptolemy/actor/lib/test/auto/Expression16.xml (RunModel)" time="0.016" />
  <testcase classname="ptolemy.util.test.junit.AutoTests" name="[158] /home/travis/build/icyphy/ptII/ptolemy/actor/lib/test/auto/Expression17.xml (RunModel)" time="0.012" />
  <testcase classname="ptolemy.util.test.junit.AutoTests" name="[159] /home/travis/build/icyphy/ptII/ptolemy/actor/lib/test/auto/Expression18.xml (RunModel)" time="0.015" />
  <testcase classname="ptolemy.util.test.junit.AutoTests" name="[160] /home/travis/build/icyphy/ptII/ptolemy/actor/lib/test/auto/Expression2.xml (RunModel)" time="0.012" />
  <testcase classname="ptolemy.util.test.junit.AutoTests" name="[161] /home/travis/build/icyphy/ptII/ptolemy/actor/lib/test/auto/Expression3.xml (RunModel)" time="0.015" />
  <testcase classname="ptolemy.util.test.junit.AutoTests" name="[162] /home/travis/build/icyphy/ptII/ptolemy/actor/lib/test/auto/Expression4.xml (RunModel)" time="0.022" />
  <testcase classname="ptolemy.util.test.junit.AutoTests" name="[163] /home/travis/build/icyphy/ptII/ptolemy/actor/lib/test/auto/Expression5.xml (RunModel)" time="0.015" />
  <testcase classname="ptolemy.util.test.junit.AutoTests" name="[164] /home/travis/build/icyphy/ptII/ptolemy/actor/lib/test/auto/Expression6.xml (RunModel)" time="0.01" />
  <testcase classname="ptolemy.util.test.junit.AutoTests" name="[165] /home/travis/build/icyphy/ptII/ptolemy/actor/lib/test/auto/Expression7.xml (RunModel)" time="0.014" />
  <testcase classname="ptolemy.util.test.junit.AutoTests" name="[166] /home/travis/build/icyphy/ptII/ptolemy/actor/lib/test/auto/Expression8.xml (RunModel)" time="0.019" />
  <testcase classname="ptolemy.util.test.junit.AutoTests" name="[167] /home/travis/build/icyphy/ptII/ptolemy/actor/lib/test/auto/Expression9.xml (RunModel)" time="0.01" />
  <testcase classname="ptolemy.util.test.junit.AutoTests" name="[168] /home/travis/build/icyphy/ptII/ptolemy/actor/lib/test/auto/ExpressionConcatenateArrayType.xml (RunModel)" time="0.045" />
  <testcase classname="ptolemy.util.test.junit.AutoTests" name="[169] /home/travis/build/icyphy/ptII/ptolemy/actor/lib/test/auto/ExpressionConcatenateArrayType2.xml (RunModel)" time="0.025" />
  <testcase classname="ptolemy.util.test.junit.AutoTests" name="[170] /home/travis/build/icyphy/ptII/ptolemy/actor/lib/test/auto/ExpressionFix.xml (RunModel)" time="0.051" />
  <testcase classname="ptolemy.util.test.junit.AutoTests" name="[171] /home/travis/build/icyphy/ptII/ptolemy/actor/lib/test/auto/ExpressionFix2.xml (RunModel)" time="0.012" />
  <testcase classname="ptolemy.util.test.junit.AutoTests" name="[172] /home/travis/build/icyphy/ptII/ptolemy/actor/lib/test/auto/ExpressionFix3.xml (RunModel)" time="0.014" />
  <testcase classname="ptolemy.util.test.junit.AutoTests" name="[173] /home/travis/build/icyphy/ptII/ptolemy/actor/lib/test/auto/FileWriter1.xml (RunModel)" time="0.01" />
  <testcase classname="ptolemy.util.test.junit.AutoTests" name="[174] /home/travis/build/icyphy/ptII/ptolemy/actor/lib/test/auto/FileWriter2.xml (RunModel)" time="0.016" />
  <testcase classname="ptolemy.util.test.junit.AutoTests" name="[175] /home/travis/build/icyphy/ptII/ptolemy/actor/lib/test/auto/FileWriter3.xml (RunModel)" time="0.015" />
  <testcase classname="ptolemy.util.test.junit.AutoTests" name="[176] /home/travis/build/icyphy/ptII/ptolemy/actor/lib/test/auto/Gaussian.xml (RunModel)" time="0.013" />
  <testcase classname="ptolemy.util.test.junit.AutoTests" name="[177] /home/travis/build/icyphy/ptII/ptolemy/actor/lib/test/auto/Gaussian1.xml (RunModel)" time="0.015" />
  <testcase classname="ptolemy.util.test.junit.AutoTests" name="[178] /home/travis/build/icyphy/ptII/ptolemy/actor/lib/test/auto/Gaussian2.xml (RunModel)" time="0.015" />
  <testcase classname="ptolemy.util.test.junit.AutoTests" name="[179] /home/travis/build/icyphy/ptII/ptolemy/actor/lib/test/auto/GradientAdaptiveLattice.xml (RunModel)" time="0.026" />
  <testcase classname="ptolemy.util.test.junit.AutoTests" name="[180] /home/travis/build/icyphy/ptII/ptolemy/actor/lib/test/auto/IIR.xml (RunModel)" time="0.014" />
  <testcase classname="ptolemy.util.test.junit.AutoTests" name="[181] /home/travis/build/icyphy/ptII/ptolemy/actor/lib/test/auto/InputOutputTransparentPorts.xml (RunModel)" time="0.027" />
  <testcase classname="ptolemy.util.test.junit.AutoTests" name="[182] /home/travis/build/icyphy/ptII/ptolemy/actor/lib/test/auto/Interpolator.xml (RunModel)" time="0.014" />
  <testcase classname="ptolemy.util.test.junit.AutoTests" name="[183] /home/travis/build/icyphy/ptII/ptolemy/actor/lib/test/auto/InterpolatorFiringLimitDE.xml (RunModel)" time="0.016" />
  <testcase classname="ptolemy.util.test.junit.AutoTests" name="[184] /home/travis/build/icyphy/ptII/ptolemy/actor/lib/test/auto/Lattice.xml (RunModel)" time="0.011" />
  <testcase classname="ptolemy.util.test.junit.AutoTests" name="[185] /home/travis/build/icyphy/ptII/ptolemy/actor/lib/test/auto/LazyAOCTestLazy.xml (RunModel)" time="0.022" />
  <testcase classname="ptolemy.util.test.junit.AutoTests" name="[186] /home/travis/build/icyphy/ptII/ptolemy/actor/lib/test/auto/LazyAOCTestNonLazy.xml (RunModel)" time="0.05" />
  <testcase classname="ptolemy.util.test.junit.AutoTests" name="[187] /home/travis/build/icyphy/ptII/ptolemy/actor/lib/test/auto/LazyInnerClass.xml (RunModel)" time="0.055" />
  <testcase classname="ptolemy.util.test.junit.AutoTests" name="[188] /home/travis/build/icyphy/ptII/ptolemy/actor/lib/test/auto/LazyPubSub.xml (RunModel)" time="0.065" />
  <testcase classname="ptolemy.util.test.junit.AutoTests" name="[189] /home/travis/build/icyphy/ptII/ptolemy/actor/lib/test/auto/LazyPubSub2.xml (RunModel)" time="0.057" />
  <testcase classname="ptolemy.util.test.junit.AutoTests" name="[190] /home/travis/build/icyphy/ptII/ptolemy/actor/lib/test/auto/LazyPubSub3.xml (RunModel)" time="0.028" />
  <testcase classname="ptolemy.util.test.junit.AutoTests" name="[191] /home/travis/build/icyphy/ptII/ptolemy/actor/lib/test/auto/LazySubClassModel.xml (RunModel)" time="0.021" />
  <testcase classname="ptolemy.util.test.junit.AutoTests" name="[192] /home/travis/build/icyphy/ptII/ptolemy/actor/lib/test/auto/LevelCrossTest1.xml (RunModel)" time="0.011" />
  <testcase classname="ptolemy.util.test.junit.AutoTests" name="[193] /home/travis/build/icyphy/ptII/ptolemy/actor/lib/test/auto/LevelCrossTest10.xml (RunModel)" time="0.015" />
  <testcase classname="ptolemy.util.test.junit.AutoTests" name="[194] /home/travis/build/icyphy/ptII/ptolemy/actor/lib/test/auto/LevelCrossTest11.xml (RunModel)" time="0.017" />
  <testcase classname="ptolemy.util.test.junit.AutoTests" name="[195] /home/travis/build/icyphy/ptII/ptolemy/actor/lib/test/auto/LevelCrossTest12.xml (RunModel)" time="0.063" />
  <testcase classname="ptolemy.util.test.junit.AutoTests" name="[196] /home/travis/build/icyphy/ptII/ptolemy/actor/lib/test/auto/LevelCrossTest13.xml (RunModel)" time="0.014" />
  <testcase classname="ptolemy.util.test.junit.AutoTests" name="[197] /home/travis/build/icyphy/ptII/ptolemy/actor/lib/test/auto/LevelCrossTest2.xml (RunModel)" time="0.014" />
  <testcase classname="ptolemy.util.test.junit.AutoTests" name="[198] /home/travis/build/icyphy/ptII/ptolemy/actor/lib/test/auto/LevelCrossTest3.xml (RunModel)" time="0.014" />
  <testcase classname="ptolemy.util.test.junit.AutoTests" name="[199] /home/travis/build/icyphy/ptII/ptolemy/actor/lib/test/auto/LevelCrossTest4.xml (RunModel)" time="0.012" />
  <testcase classname="ptolemy.util.test.junit.AutoTests" name="[200] /home/travis/build/icyphy/ptII/ptolemy/actor/lib/test/auto/LevelCrossTest5.xml (RunModel)" time="0.013" />
  <testcase classname="ptolemy.util.test.junit.AutoTests" name="[201] /home/travis/build/icyphy/ptII/ptolemy/actor/lib/test/auto/LevelCrossTest6.xml (RunModel)" time="0.013" />
  <testcase classname="ptolemy.util.test.junit.AutoTests" name="[202] /home/travis/build/icyphy/ptII/ptolemy/actor/lib/test/auto/LevelCrossTest7.xml (RunModel)" time="0.02" />
  <testcase classname="ptolemy.util.test.junit.AutoTests" name="[203] /home/travis/build/icyphy/ptII/ptolemy/actor/lib/test/auto/LevelCrossTest8.xml (RunModel)" time="0.014" />
  <testcase classname="ptolemy.util.test.junit.AutoTests" name="[204] /home/travis/build/icyphy/ptII/ptolemy/actor/lib/test/auto/LevelCrossTest9.xml (RunModel)" time="0.019" />
  <testcase classname="ptolemy.util.test.junit.AutoTests" name="[205] /home/travis/build/icyphy/ptII/ptolemy/actor/lib/test/auto/LevinsonDurbin.xml (RunModel)" time="0.018" />
  <testcase classname="ptolemy.util.test.junit.AutoTests" name="[206] /home/travis/build/icyphy/ptII/ptolemy/actor/lib/test/auto/LevinsonDurbin2.xml (RunModel)" time="0.013" />
  <testcase classname="ptolemy.util.test.junit.AutoTests" name="[207] /home/travis/build/icyphy/ptII/ptolemy/actor/lib/test/auto/LevinsonDurbin3.xml (RunModel)" time="0.012" />
  <testcase classname="ptolemy.util.test.junit.AutoTests" name="[208] /home/travis/build/icyphy/ptII/ptolemy/actor/lib/test/auto/Limiter.xml (RunModel)" time="0.044" />
  <testcase classname="ptolemy.util.test.junit.AutoTests" name="[209] /home/travis/build/icyphy/ptII/ptolemy/actor/lib/test/auto/LinearDifferenceEquationSystem.xml (RunModel)" time="0.025" />
  <testcase classname="ptolemy.util.test.junit.AutoTests" name="[210] /home/travis/build/icyphy/ptII/ptolemy/actor/lib/test/auto/LookupTable.xml (RunModel)" time="0.027" />
  <testcase classname="ptolemy.util.test.junit.AutoTests" name="[211] /home/travis/build/icyphy/ptII/ptolemy/actor/lib/test/auto/MathFunction.xml (RunModel)" time="0.025" />
  <testcase classname="ptolemy.util.test.junit.AutoTests" name="[212] /home/travis/build/icyphy/ptII/ptolemy/actor/lib/test/auto/MathFunction2.xml (RunModel)" time="0.011" />
  <testcase classname="ptolemy.util.test.junit.AutoTests" name="[213] /home/travis/build/icyphy/ptII/ptolemy/actor/lib/test/auto/MathFunction3.xml (RunModel)" time="0.02" />
  <testcase classname="ptolemy.util.test.junit.AutoTests" name="[214] /home/travis/build/icyphy/ptII/ptolemy/actor/lib/test/auto/MatrixCropBoolean.xml (RunModel)" time="0.012" />
  <testcase classname="ptolemy.util.test.junit.AutoTests" name="[215] /home/travis/build/icyphy/ptII/ptolemy/actor/lib/test/auto/MatrixCropComplex.xml (RunModel)" time="0.012" />
  <testcase classname="ptolemy.util.test.junit.AutoTests" name="[216] /home/travis/build/icyphy/ptII/ptolemy/actor/lib/test/auto/MatrixCropDouble.xml (RunModel)" time="0.017" />
  <testcase classname="ptolemy.util.test.junit.AutoTests" name="[217] /home/travis/build/icyphy/ptII/ptolemy/actor/lib/test/auto/MatrixCropFix.xml (RunModel)" time="0.016" />
  <testcase classname="ptolemy.util.test.junit.AutoTests" name="[218] /home/travis/build/icyphy/ptII/ptolemy/actor/lib/test/auto/MatrixCropInt.xml (RunModel)" time="0.013" />
  <testcase classname="ptolemy.util.test.junit.AutoTests" name="[219] /home/travis/build/icyphy/ptII/ptolemy/actor/lib/test/auto/MatrixCropLong.xml (RunModel)" time="0.009" />
  <testcase classname="ptolemy.util.test.junit.AutoTests" name="[220] /home/travis/build/icyphy/ptII/ptolemy/actor/lib/test/auto/MatrixToArray.xml (RunModel)" time="0.064" />
  <testcase classname="ptolemy.util.test.junit.AutoTests" name="[221] /home/travis/build/icyphy/ptII/ptolemy/actor/lib/test/auto/MaxIndex.xml (RunModel)" time="0.025" />
  <testcase classname="ptolemy.util.test.junit.AutoTests" name="[222] /home/travis/build/icyphy/ptII/ptolemy/actor/lib/test/auto/Maximum.xml (RunModel)" time="0.014" />
  <testcase classname="ptolemy.util.test.junit.AutoTests" name="[223] /home/travis/build/icyphy/ptII/ptolemy/actor/lib/test/auto/MaximumComplex.xml (RunModel)" time="0.019" />
  <testcase classname="ptolemy.util.test.junit.AutoTests" name="[224] /home/travis/build/icyphy/ptII/ptolemy/actor/lib/test/auto/MethodCallTest.xml (RunModel)" time="0.032" />
  <testcase classname="ptolemy.util.test.junit.AutoTests" name="[225] /home/travis/build/icyphy/ptII/ptolemy/actor/lib/test/auto/Minimum.xml (RunModel)" time="0.015" />
  <testcase classname="ptolemy.util.test.junit.AutoTests" name="[226] /home/travis/build/icyphy/ptII/ptolemy/actor/lib/test/auto/MinimumComplex.xml (RunModel)" time="0.024" />
  <testcase classname="ptolemy.util.test.junit.AutoTests" name="[227] /home/travis/build/icyphy/ptII/ptolemy/actor/lib/test/auto/MinimumMultiports.xml (RunModel)" time="0.023" />
  <testcase classname="ptolemy.util.test.junit.AutoTests" name="[228] /home/travis/build/icyphy/ptII/ptolemy/actor/lib/test/auto/ModifyDate.xml (RunModel)" time="0.042" />
  <testcase classname="ptolemy.util.test.junit.AutoTests" name="[229] /home/travis/build/icyphy/ptII/ptolemy/actor/lib/test/auto/ModifyDate2.xml (RunModel)" time="0.035" />
  <testcase classname="ptolemy.util.test.junit.AutoTests" name="[230] /home/travis/build/icyphy/ptII/ptolemy/actor/lib/test/auto/MovingAverage.xml (RunModel)" time="0.015" />
  <testcase classname="ptolemy.util.test.junit.AutoTests" name="[231] /home/travis/build/icyphy/ptII/ptolemy/actor/lib/test/auto/MovingMaximum.xml (RunModel)" time="0.012" />
  <testcase classname="ptolemy.util.test.junit.AutoTests" name="[232] /home/travis/build/icyphy/ptII/ptolemy/actor/lib/test/auto/MultipleLinksToSameRelation.xml (RunModel)" time="0.009" />
  <testcase classname="ptolemy.util.test.junit.AutoTests" name="[233] /home/travis/build/icyphy/ptII/ptolemy/actor/lib/test/auto/MultipleLinksToSameRelationDE.xml (RunModel)" time="0.009" />
  <testcase classname="ptolemy.util.test.junit.AutoTests" name="[234] /home/travis/build/icyphy/ptII/ptolemy/actor/lib/test/auto/Multiplexor.xml (RunModel)" time="0.011" />
  <testcase classname="ptolemy.util.test.junit.AutoTests" name="[235] /home/travis/build/icyphy/ptII/ptolemy/actor/lib/test/auto/Multiplexor1.xml (RunModel)" time="0.01" />
  <testcase classname="ptolemy.util.test.junit.AutoTests" name="[236] /home/travis/build/icyphy/ptII/ptolemy/actor/lib/test/auto/Multiplexor2.xml (RunModel)" time="0.014" />
  <testcase classname="ptolemy.util.test.junit.AutoTests" name="[237] /home/travis/build/icyphy/ptII/ptolemy/actor/lib/test/auto/Multiplexor3.xml (RunModel)" time="0.009" />
  <testcase classname="ptolemy.util.test.junit.AutoTests" name="[238] /home/travis/build/icyphy/ptII/ptolemy/actor/lib/test/auto/MultiplexorDE.xml (RunModel)" time="0.017" />
  <testcase classname="ptolemy.util.test.junit.AutoTests" name="[239] /home/travis/build/icyphy/ptII/ptolemy/actor/lib/test/auto/MultiportBroadcastTest.xml (RunModel)" time="0.111" />
  <testcase classname="ptolemy.util.test.junit.AutoTests" name="[240] /home/travis/build/icyphy/ptII/ptolemy/actor/lib/test/auto/MultiportOutHangDuringGetWidth.xml (RunModel)" time="0.037" />
  <testcase classname="ptolemy.util.test.junit.AutoTests" name="[241] /home/travis/build/icyphy/ptII/ptolemy/actor/lib/test/auto/NilToken.xml (RunModel)" time="0.012" />
  <testcase classname="ptolemy.util.test.junit.AutoTests" name="[242] /home/travis/build/icyphy/ptII/ptolemy/actor/lib/test/auto/NilTokenNonStrictTest.xml (RunModel)" time="0.013" />
  <testcase classname="ptolemy.util.test.junit.AutoTests" name="[243] /home/travis/build/icyphy/ptII/ptolemy/actor/lib/test/auto/NilTokenRecord.xml (RunModel)" time="0.025" />
  <testcase classname="ptolemy.util.test.junit.AutoTests" name="[244] /home/travis/build/icyphy/ptII/ptolemy/actor/lib/test/auto/NilTokenTypeTest.xml (RunModel)" time="0.036" />
  <testcase classname="ptolemy.util.test.junit.AutoTests" name="[245] /home/travis/build/icyphy/ptII/ptolemy/actor/lib/test/auto/ObjectToken1.xml (RunModel)" time="0.011" />
  <testcase classname="ptolemy.util.test.junit.AutoTests" name="[246] /home/travis/build/icyphy/ptII/ptolemy/actor/lib/test/auto/OrderedMerge.xml (RunModel)" time="0.018" />
  <testcase classname="ptolemy.util.test.junit.AutoTests" name="[247] /home/travis/build/icyphy/ptII/ptolemy/actor/lib/test/auto/OrderedRecordDisassembler.xml (RunModel)" time="0.012" />
  <testcase classname="ptolemy.util.test.junit.AutoTests" name="[248] /home/travis/build/icyphy/ptII/ptolemy/actor/lib/test/auto/OrderedRecordDisassembler2.xml (RunModel)" time="0.019" />
  <testcase classname="ptolemy.util.test.junit.AutoTests" name="[249] /home/travis/build/icyphy/ptII/ptolemy/actor/lib/test/auto/OrderedRecordUpdater.xml (RunModel)" time="0.011" />
  <testcase classname="ptolemy.util.test.junit.AutoTests" name="[250] /home/travis/build/icyphy/ptII/ptolemy/actor/lib/test/auto/OrderedRecordUpdater2.xml (RunModel)" time="0.01" />
  <testcase classname="ptolemy.util.test.junit.AutoTests" name="[251] /home/travis/build/icyphy/ptII/ptolemy/actor/lib/test/auto/PhaseUnwrap.xml (RunModel)" time="0.013" />
  <testcase classname="ptolemy.util.test.junit.AutoTests" name="[252] /home/travis/build/icyphy/ptII/ptolemy/actor/lib/test/auto/PoissonClock.xml (RunModel)" time="0.009" />
  <testcase classname="ptolemy.util.test.junit.AutoTests" name="[253] /home/travis/build/icyphy/ptII/ptolemy/actor/lib/test/auto/PoissonClock2.xml (RunModel)" time="0.009" />
  <testcase classname="ptolemy.util.test.junit.AutoTests" name="[254] /home/travis/build/icyphy/ptII/ptolemy/actor/lib/test/auto/PoissonClock3.xml (RunModel)" time="0.03" />
  <testcase classname="ptolemy.util.test.junit.AutoTests" name="[255] /home/travis/build/icyphy/ptII/ptolemy/actor/lib/test/auto/PubSubWithInitialTokens.xml (RunModel)" time="0.041" />
  <testcase classname="ptolemy.util.test.junit.AutoTests" name="[256] /home/travis/build/icyphy/ptII/ptolemy/actor/lib/test/auto/PubSubWithInitialTokens2.xml (RunModel)" time="0.015" />
  <testcase classname="ptolemy.util.test.junit.AutoTests" name="[257] /home/travis/build/icyphy/ptII/ptolemy/actor/lib/test/auto/PublisherClassNoParameter.xml (RunModel)" time="0.027" />
  <testcase classname="ptolemy.util.test.junit.AutoTests" name="[258] /home/travis/build/icyphy/ptII/ptolemy/actor/lib/test/auto/PublisherClassParameter.xml (RunModel)" time="0.022" />
  <testcase classname="ptolemy.util.test.junit.AutoTests" name="[259] /home/travis/build/icyphy/ptII/ptolemy/actor/lib/test/auto/PublisherNonStrictTest.xml (RunModel)" time="0.015" />
  <testcase classname="ptolemy.util.test.junit.AutoTests" name="[260] /home/travis/build/icyphy/ptII/ptolemy/actor/lib/test/auto/PublisherPort1.xml (RunModel)" time="0.011" />
  <testcase classname="ptolemy.util.test.junit.AutoTests" name="[261] /home/travis/build/icyphy/ptII/ptolemy/actor/lib/test/auto/PublisherPort2.xml (RunModel)" time="0.009" />
  <testcase classname="ptolemy.util.test.junit.AutoTests" name="[262] /home/travis/build/icyphy/ptII/ptolemy/actor/lib/test/auto/PublisherPort3.xml (RunModel)" time="0.024" />
  <testcase classname="ptolemy.util.test.junit.AutoTests" name="[263] /home/travis/build/icyphy/ptII/ptolemy/actor/lib/test/auto/PublisherPort4.xml (RunModel)" time="0.013" />
  <testcase classname="ptolemy.util.test.junit.AutoTests" name="[264] /home/travis/build/icyphy/ptII/ptolemy/actor/lib/test/auto/PublisherPort5.xml (RunModel)" time="0.015" />
  <testcase classname="ptolemy.util.test.junit.AutoTests" name="[265] /home/travis/build/icyphy/ptII/ptolemy/actor/lib/test/auto/PublisherPort5LookAlike.xml (RunModel)" time="0.019" />
  <testcase classname="ptolemy.util.test.junit.AutoTests" name="[266] /home/travis/build/icyphy/ptII/ptolemy/actor/lib/test/auto/PublisherPort6.xml (RunModel)" time="0.012" />
  <testcase classname="ptolemy.util.test.junit.AutoTests" name="[267] /home/travis/build/icyphy/ptII/ptolemy/actor/lib/test/auto/PublisherPort7.xml (RunModel)" time="0.017" />
  <testcase classname="ptolemy.util.test.junit.AutoTests" name="[268] /home/travis/build/icyphy/ptII/ptolemy/actor/lib/test/auto/PublisherPort8.xml (RunModel)" time="0.017" />
  <testcase classname="ptolemy.util.test.junit.AutoTests" name="[269] /home/travis/build/icyphy/ptII/ptolemy/actor/lib/test/auto/PublisherPortSubscriberChannelVariablesAOC2.xml (RunModel)" time="0.047" />
  <testcase classname="ptolemy.util.test.junit.AutoTests" name="[270] /home/travis/build/icyphy/ptII/ptolemy/actor/lib/test/auto/PublisherPortSubscriberOpaqueWidthInference.xml (RunModel)" time="0.017" />
  <testcase classname="ptolemy.util.test.junit.AutoTests" name="[271] /home/travis/build/icyphy/ptII/ptolemy/actor/lib/test/auto/PublisherPortSubscriberPortAdjacent.xml (RunModel)" time="0.018" />
  <testcase classname="ptolemy.util.test.junit.AutoTests" name="[272] /home/travis/build/icyphy/ptII/ptolemy/actor/lib/test/auto/PublisherPortSubscriberPortExpression.xml (RunModel)" time="0.02" />
  <testcase classname="ptolemy.util.test.junit.AutoTests" name="[273] /home/travis/build/icyphy/ptII/ptolemy/actor/lib/test/auto/PublisherPortSubscriberPortOpaqueD3Reverse.xml (RunModel)" time="0.019" />
  <testcase classname="ptolemy.util.test.junit.AutoTests" name="[274] /home/travis/build/icyphy/ptII/ptolemy/actor/lib/test/auto/PublisherPortSubscriberPortOpaqueWidthInference.xml (RunModel)" time="0.015" />
  <testcase classname="ptolemy.util.test.junit.AutoTests" name="[275] /home/travis/build/icyphy/ptII/ptolemy/actor/lib/test/auto/PublisherPortToplevelSubscriberPortAOC.xml (RunModel)" time="0.011" />
  <testcase classname="ptolemy.util.test.junit.AutoTests" name="[276] /home/travis/build/icyphy/ptII/ptolemy/actor/lib/test/auto/PublisherSubscriber.xml (RunModel)" time="0.014" />
  <testcase classname="ptolemy.util.test.junit.AutoTests" name="[277] /home/travis/build/icyphy/ptII/ptolemy/actor/lib/test/auto/PublisherSubscriber10.xml (RunModel)" time="0.022" />
  <testcase classname="ptolemy.util.test.junit.AutoTests" name="[278] /home/travis/build/icyphy/ptII/ptolemy/actor/lib/test/auto/PublisherSubscriber10InitialOutputs.xml (RunModel)" time="0.028" />
  <testcase classname="ptolemy.util.test.junit.AutoTests" name="[279] /home/travis/build/icyphy/ptII/ptolemy/actor/lib/test/auto/PublisherSubscriber11.xml (RunModel)" time="0.028" />
  <testcase classname="ptolemy.util.test.junit.AutoTests" name="[280] /home/travis/build/icyphy/ptII/ptolemy/actor/lib/test/auto/PublisherSubscriber12.xml (RunModel)" time="0.015" />
  <testcase classname="ptolemy.util.test.junit.AutoTests" name="[281] /home/travis/build/icyphy/ptII/ptolemy/actor/lib/test/auto/PublisherSubscriber13.xml (RunModel)" time="0.011" />
  <testcase classname="ptolemy.util.test.junit.AutoTests" name="[282] /home/travis/build/icyphy/ptII/ptolemy/actor/lib/test/auto/PublisherSubscriber14.xml (RunModel)" time="0.028" />
  <testcase classname="ptolemy.util.test.junit.AutoTests" name="[283] /home/travis/build/icyphy/ptII/ptolemy/actor/lib/test/auto/PublisherSubscriber2.xml (RunModel)" time="0.011" />
  <testcase classname="ptolemy.util.test.junit.AutoTests" name="[284] /home/travis/build/icyphy/ptII/ptolemy/actor/lib/test/auto/PublisherSubscriber3.xml (RunModel)" time="0.01" />
  <testcase classname="ptolemy.util.test.junit.AutoTests" name="[285] /home/travis/build/icyphy/ptII/ptolemy/actor/lib/test/auto/PublisherSubscriber4.xml (RunModel)" time="0.012" />
  <testcase classname="ptolemy.util.test.junit.AutoTests" name="[286] /home/travis/build/icyphy/ptII/ptolemy/actor/lib/test/auto/PublisherSubscriber5.xml (RunModel)" time="0.013" />
  <testcase classname="ptolemy.util.test.junit.AutoTests" name="[287] /home/travis/build/icyphy/ptII/ptolemy/actor/lib/test/auto/PublisherSubscriber6.xml (RunModel)" time="0.016" />
  <testcase classname="ptolemy.util.test.junit.AutoTests" name="[288] /home/travis/build/icyphy/ptII/ptolemy/actor/lib/test/auto/PublisherSubscriber7.xml (RunModel)" time="0.02" />
  <testcase classname="ptolemy.util.test.junit.AutoTests" name="[289] /home/travis/build/icyphy/ptII/ptolemy/actor/lib/test/auto/PublisherSubscriber8.xml (RunModel)" time="0.032" />
  <testcase classname="ptolemy.util.test.junit.AutoTests" name="[290] /home/travis/build/icyphy/ptII/ptolemy/actor/lib/test/auto/PublisherSubscriber9.xml (RunModel)" time="0.019" />
  <testcase classname="ptolemy.util.test.junit.AutoTests" name="[291] /home/travis/build/icyphy/ptII/ptolemy/actor/lib/test/auto/PublisherSubscriberAdjacent.xml (RunModel)" time="0.02" />
  <testcase classname="ptolemy.util.test.junit.AutoTests" name="[292] /home/travis/build/icyphy/ptII/ptolemy/actor/lib/test/auto/PublisherSubscriberChannelVariablesAOC2.xml (RunModel)" time="0.031" />
  <testcase classname="ptolemy.util.test.junit.AutoTests" name="[293] /home/travis/build/icyphy/ptII/ptolemy/actor/lib/test/auto/PublisherSubscriberD3.xml (RunModel)" time="0.014" />
  <testcase classname="ptolemy.util.test.junit.AutoTests" name="[294] /home/travis/build/icyphy/ptII/ptolemy/actor/lib/test/auto/PublisherSubscriberD3Reverse.xml (RunModel)" time="0.014" />
  <testcase classname="ptolemy.util.test.junit.AutoTests" name="[295] /home/travis/build/icyphy/ptII/ptolemy/actor/lib/test/auto/PublisherSubscriberExpression.xml (RunModel)" time="0.021" />
  <testcase classname="ptolemy.util.test.junit.AutoTests" name="[296] /home/travis/build/icyphy/ptII/ptolemy/actor/lib/test/auto/PublisherSubscriberOpaque.xml (RunModel)" time="0.032" />
  <testcase classname="ptolemy.util.test.junit.AutoTests" name="[297] /home/travis/build/icyphy/ptII/ptolemy/actor/lib/test/auto/PublisherSubscriberOpaqueD3.xml (RunModel)" time="0.029" />
  <testcase classname="ptolemy.util.test.junit.AutoTests" name="[298] /home/travis/build/icyphy/ptII/ptolemy/actor/lib/test/auto/PublisherSubscriberOpaqueD3Reverse.xml (RunModel)" time="0.024" />
  <testcase classname="ptolemy.util.test.junit.AutoTests" name="[299] /home/travis/build/icyphy/ptII/ptolemy/actor/lib/test/auto/PublisherSubscriberOpaqueWidthInference.xml (RunModel)" time="0.025" />
  <testcase classname="ptolemy.util.test.junit.AutoTests" name="[300] /home/travis/build/icyphy/ptII/ptolemy/actor/lib/test/auto/PublisherTestSubscriber.xml (RunModel)" time="0.019" />
  <testcase classname="ptolemy.util.test.junit.AutoTests" name="[301] /home/travis/build/icyphy/ptII/ptolemy/actor/lib/test/auto/PublisherToplevelSubscriberPortAOC.xml (RunModel)" time="0.018" />
  <testcase classname="ptolemy.util.test.junit.AutoTests" name="[302] /home/travis/build/icyphy/ptII/ptolemy/actor/lib/test/auto/PulseFiringLimitDE.xml (RunModel)" time="0.04" />
  <testcase classname="ptolemy.util.test.junit.AutoTests" name="[303] /home/travis/build/icyphy/ptII/ptolemy/actor/lib/test/auto/Ramp1.xml (RunModel)" time="0.01" />
  <testcase classname="ptolemy.util.test.junit.AutoTests" name="[304] /home/travis/build/icyphy/ptII/ptolemy/actor/lib/test/auto/RampFiringLimitDE.xml (RunModel)" time="0.012" />
  <testcase classname="ptolemy.util.test.junit.AutoTests" name="[305] /home/travis/build/icyphy/ptII/ptolemy/actor/lib/test/auto/RampFiringLimitSDF.xml (RunModel)" time="0.011" />
  <testcase classname="ptolemy.util.test.junit.AutoTests" name="[306] /home/travis/build/icyphy/ptII/ptolemy/actor/lib/test/auto/RandomInteger.xml (RunModel)" time="0.009" />
  <testcase classname="ptolemy.util.test.junit.AutoTests" name="[307] /home/travis/build/icyphy/ptII/ptolemy/actor/lib/test/auto/ReadFile1.xml (RunModel)" time="0.01" />
  <testcase classname="ptolemy.util.test.junit.AutoTests" name="[308] /home/travis/build/icyphy/ptII/ptolemy/actor/lib/test/auto/ReadFile2.xml (RunModel)" time="0.009" />
  <testcase classname="ptolemy.util.test.junit.AutoTests" name="[309] /home/travis/build/icyphy/ptII/ptolemy/actor/lib/test/auto/Reader.xml (RunModel)" time="0.018" />
  <testcase classname="ptolemy.util.test.junit.AutoTests" name="[310] /home/travis/build/icyphy/ptII/ptolemy/actor/lib/test/auto/RecordAssemblerDisplayNameTest.xml (RunModel)" time="3.958" />
  <testcase classname="ptolemy.util.test.junit.AutoTests" name="[311] /home/travis/build/icyphy/ptII/ptolemy/actor/lib/test/auto/RecordAssemblerTypeError.xml (RunModel)" time="0.045" />
  <testcase classname="ptolemy.util.test.junit.AutoTests" name="[312] /home/travis/build/icyphy/ptII/ptolemy/actor/lib/test/auto/RecordDisassember.xml (RunModel)" time="0.018" />
  <testcase classname="ptolemy.util.test.junit.AutoTests" name="[313] /home/travis/build/icyphy/ptII/ptolemy/actor/lib/test/auto/RecordDisassemberDisplayNameTest.xml (RunModel)" time="0.019" />
  <testcase classname="ptolemy.util.test.junit.AutoTests" name="[314] /home/travis/build/icyphy/ptII/ptolemy/actor/lib/test/auto/RecordDisassembler.xml (RunModel)" time="0.011" />
  <testcase classname="ptolemy.util.test.junit.AutoTests" name="[315] /home/travis/build/icyphy/ptII/ptolemy/actor/lib/test/auto/RecordDisassembler2.xml (RunModel)" time="0.012" />
  <testcase classname="ptolemy.util.test.junit.AutoTests" name="[316] /home/travis/build/icyphy/ptII/ptolemy/actor/lib/test/auto/RecordUpdater.xml (RunModel)" time="0.011" />
  <testcase classname="ptolemy.util.test.junit.AutoTests" name="[317] /home/travis/build/icyphy/ptII/ptolemy/actor/lib/test/auto/RecordUpdater2.xml (RunModel)" time="0.009" />
  <testcase classname="ptolemy.util.test.junit.AutoTests" name="[318] /home/travis/build/icyphy/ptII/ptolemy/actor/lib/test/auto/RecursiveLattice.xml (RunModel)" time="0.008" />
  <testcase classname="ptolemy.util.test.junit.AutoTests" name="[319] /home/travis/build/icyphy/ptII/ptolemy/actor/lib/test/auto/Router.xml (RunModel)" time="3.027" />
  <testcase classname="ptolemy.util.test.junit.AutoTests" name="[320] /home/travis/build/icyphy/ptII/ptolemy/actor/lib/test/auto/Router2.xml (RunModel)" time="3.032" />
  <testcase classname="ptolemy.util.test.junit.AutoTests" name="[321] /home/travis/build/icyphy/ptII/ptolemy/actor/lib/test/auto/RunningMaximum.xml (RunModel)" time="0.021" />
  <testcase classname="ptolemy.util.test.junit.AutoTests" name="[322] /home/travis/build/icyphy/ptII/ptolemy/actor/lib/test/auto/RunningMinimum.xml (RunModel)" time="0.02" />
  <testcase classname="ptolemy.util.test.junit.AutoTests" name="[323] /home/travis/build/icyphy/ptII/ptolemy/actor/lib/test/auto/Scale.xml (RunModel)" time="0.008" />
  <testcase classname="ptolemy.util.test.junit.AutoTests" name="[324] /home/travis/build/icyphy/ptII/ptolemy/actor/lib/test/auto/Scale2.xml (RunModel)" time="0.009" />
  <testcase classname="ptolemy.util.test.junit.AutoTests" name="[325] /home/travis/build/icyphy/ptII/ptolemy/actor/lib/test/auto/Scale3.xml (RunModel)" time="0.014" />
  <testcase classname="ptolemy.util.test.junit.AutoTests" name="[326] /home/travis/build/icyphy/ptII/ptolemy/actor/lib/test/auto/ScaleArray.xml (RunModel)" time="0.008" />
  <testcase classname="ptolemy.util.test.junit.AutoTests" name="[327] /home/travis/build/icyphy/ptII/ptolemy/actor/lib/test/auto/ScaleArray2.xml (RunModel)" time="0.009" />
  <testcase classname="ptolemy.util.test.junit.AutoTests" name="[328] /home/travis/build/icyphy/ptII/ptolemy/actor/lib/test/auto/ScaleMatrix.xml (RunModel)" time="0.184" />
  <testcase classname="ptolemy.util.test.junit.AutoTests" name="[329] /home/travis/build/icyphy/ptII/ptolemy/actor/lib/test/auto/Select.xml (RunModel)" time="0.016" />
  <testcase classname="ptolemy.util.test.junit.AutoTests" name="[330] /home/travis/build/icyphy/ptII/ptolemy/actor/lib/test/auto/Select2.xml (RunModel)" time="0.009" />
  <testcase classname="ptolemy.util.test.junit.AutoTests" name="[331] /home/travis/build/icyphy/ptII/ptolemy/actor/lib/test/auto/SequenceToArray2.xml (RunModel)" time="0.128" />
  <testcase classname="ptolemy.util.test.junit.AutoTests" name="[332] /home/travis/build/icyphy/ptII/ptolemy/actor/lib/test/auto/SequentialClock.xml (RunModel)" time="0.01" />
  <testcase classname="ptolemy.util.test.junit.AutoTests" name="[333] /home/travis/build/icyphy/ptII/ptolemy/actor/lib/test/auto/SetVariable.xml (RunModel)" time="0.01" />
  <testcase classname="ptolemy.util.test.junit.AutoTests" name="[334] /home/travis/build/icyphy/ptII/ptolemy/actor/lib/test/auto/SetVariable2.xml (RunModel)" time="0.012" />
  <testcase classname="ptolemy.util.test.junit.AutoTests" name="[335] /home/travis/build/icyphy/ptII/ptolemy/actor/lib/test/auto/SetVariable3.xml (RunModel)" time="0.019" />
  <testcase classname="ptolemy.util.test.junit.AutoTests" name="[336] /home/travis/build/icyphy/ptII/ptolemy/actor/lib/test/auto/SetVariable4.xml (RunModel)" time="0.033" />
  <testcase classname="ptolemy.util.test.junit.AutoTests" name="[337] /home/travis/build/icyphy/ptII/ptolemy/actor/lib/test/auto/SetVariable5.xml (RunModel)" time="0.03" />
  <testcase classname="ptolemy.util.test.junit.AutoTests" name="[338] /home/travis/build/icyphy/ptII/ptolemy/actor/lib/test/auto/Sinewave.xml (RunModel)" time="0.026" />
  <testcase classname="ptolemy.util.test.junit.AutoTests" name="[339] /home/travis/build/icyphy/ptII/ptolemy/actor/lib/test/auto/Sinewave2.xml (RunModel)" time="0.019" />
  <testcase classname="ptolemy.util.test.junit.AutoTests" name="[340] /home/travis/build/icyphy/ptII/ptolemy/actor/lib/test/auto/Sinewave3.xml (RunModel)" time="0.022" />
  <testcase classname="ptolemy.util.test.junit.AutoTests" name="[341] /home/travis/build/icyphy/ptII/ptolemy/actor/lib/test/auto/SingleEvent.xml (RunModel)" time="0.01" />
  <testcase classname="ptolemy.util.test.junit.AutoTests" name="[342] /home/travis/build/icyphy/ptII/ptolemy/actor/lib/test/auto/Sleep.xml (RunModel)" time="6.018" />
  <testcase classname="ptolemy.util.test.junit.AutoTests" name="[343] /home/travis/build/icyphy/ptII/ptolemy/actor/lib/test/auto/SleepMultipleFire.xml (RunModel)" time="1.03" />
  <testcase classname="ptolemy.util.test.junit.AutoTests" name="[344] /home/travis/build/icyphy/ptII/ptolemy/actor/lib/test/auto/StopDE.xml (RunModel)" time="0.017" />
  <testcase classname="ptolemy.util.test.junit.AutoTests" name="[345] /home/travis/build/icyphy/ptII/ptolemy/actor/lib/test/auto/StopSDF.xml (RunModel)" time="0.012" />
  <testcase classname="ptolemy.util.test.junit.AutoTests" name="[346] /home/travis/build/icyphy/ptII/ptolemy/actor/lib/test/auto/StringConstant.xml (RunModel)" time="0.017" />
  <testcase classname="ptolemy.util.test.junit.AutoTests" name="[347] /home/travis/build/icyphy/ptII/ptolemy/actor/lib/test/auto/SubscriberPortInitialValues1.xml (RunModel)" time="0.024" />
  <testcase classname="ptolemy.util.test.junit.AutoTests" name="[348] /home/travis/build/icyphy/ptII/ptolemy/actor/lib/test/auto/SubscriberPortInitialValues13.xml (RunModel)" time="0.062" />
  <testcase classname="ptolemy.util.test.junit.AutoTests" name="[349] /home/travis/build/icyphy/ptII/ptolemy/actor/lib/test/auto/SubscriberPortInitialValues14.xml (RunModel)" time="0.018" />
  <testcase classname="ptolemy.util.test.junit.AutoTests" name="[350] /home/travis/build/icyphy/ptII/ptolemy/actor/lib/test/auto/SubscriberPortInitialValues2.xml (RunModel)" time="0.016" />
  <testcase classname="ptolemy.util.test.junit.AutoTests" name="[351] /home/travis/build/icyphy/ptII/ptolemy/actor/lib/test/auto/SubscriberPortInitialValues3.xml (RunModel)" time="0.022" />
  <testcase classname="ptolemy.util.test.junit.AutoTests" name="[352] /home/travis/build/icyphy/ptII/ptolemy/actor/lib/test/auto/SubscriptionAggregator.xml (RunModel)" time="0.012" />
  <testcase classname="ptolemy.util.test.junit.AutoTests" name="[353] /home/travis/build/icyphy/ptII/ptolemy/actor/lib/test/auto/SubscriptionAggregator2.xml (RunModel)" time="0.011" />
  <testcase classname="ptolemy.util.test.junit.AutoTests" name="[354] /home/travis/build/icyphy/ptII/ptolemy/actor/lib/test/auto/SubscriptionAggregator3.xml (RunModel)" time="0.016" />
  <testcase classname="ptolemy.util.test.junit.AutoTests" name="[355] /home/travis/build/icyphy/ptII/ptolemy/actor/lib/test/auto/SubscriptionAggregatorMultiply.xml (RunModel)" time="0.021" />
  <testcase classname="ptolemy.util.test.junit.AutoTests" name="[356] /home/travis/build/icyphy/ptII/ptolemy/actor/lib/test/auto/SubscriptionAggregatorPortMultiply1.xml (RunModel)" time="0.019" />
  <testcase classname="ptolemy.util.test.junit.AutoTests" name="[357] /home/travis/build/icyphy/ptII/ptolemy/actor/lib/test/auto/Switch.xml (RunModel)" time="0.019" />
  <testcase classname="ptolemy.util.test.junit.AutoTests" name="[358] /home/travis/build/icyphy/ptII/ptolemy/actor/lib/test/auto/Switch2.xml (RunModel)" time="0.013" />
  <testcase classname="ptolemy.util.test.junit.AutoTests" name="[359] /home/travis/build/icyphy/ptII/ptolemy/actor/lib/test/auto/SwitchDE.xml (RunModel)" time="0.014" />
  <testcase classname="ptolemy.util.test.junit.AutoTests" name="[360] /home/travis/build/icyphy/ptII/ptolemy/actor/lib/test/auto/SynchronizerDE.xml (RunModel)" time="0.022" />
  <testcase classname="ptolemy.util.test.junit.AutoTests" name="[361] /home/travis/build/icyphy/ptII/ptolemy/actor/lib/test/auto/Test.xml (RunModel)" time="0.018" />
  <testcase classname="ptolemy.util.test.junit.AutoTests" name="[362] /home/travis/build/icyphy/ptII/ptolemy/actor/lib/test/auto/TestExceptionAttribute1.xml (RunModel)" time="0.008" />
  <testcase classname="ptolemy.util.test.junit.AutoTests" name="[363] /home/travis/build/icyphy/ptII/ptolemy/actor/lib/test/auto/TestExceptionAttribute2.xml (RunModel)" time="0.012" />
  <testcase classname="ptolemy.util.test.junit.AutoTests" name="[364] /home/travis/build/icyphy/ptII/ptolemy/actor/lib/test/auto/TestExceptionAttribute3.xml (RunModel)" time="0.006" />
  <testcase classname="ptolemy.util.test.junit.AutoTests" name="[365] /home/travis/build/icyphy/ptII/ptolemy/actor/lib/test/auto/TestExceptionAttribute4.xml (RunModel)" time="0.008" />
  <testcase classname="ptolemy.util.test.junit.AutoTests" name="[366] /home/travis/build/icyphy/ptII/ptolemy/actor/lib/test/auto/TestExceptionHandler1.xml (RunModel)" time="0.008" />
  <testcase classname="ptolemy.util.test.junit.AutoTests" name="[367] /home/travis/build/icyphy/ptII/ptolemy/actor/lib/test/auto/TestExceptionHandler2.xml (RunModel)" time="0.013" />
  <testcase classname="ptolemy.util.test.junit.AutoTests" name="[368] /home/travis/build/icyphy/ptII/ptolemy/actor/lib/test/auto/TestExceptionHandler3.xml (RunModel)" time="0.006" />
  <testcase classname="ptolemy.util.test.junit.AutoTests" name="[369] /home/travis/build/icyphy/ptII/ptolemy/actor/lib/test/auto/TestExceptionHandler4.xml (RunModel)" time="0.007" />
  <testcase classname="ptolemy.util.test.junit.AutoTests" name="[370] /home/travis/build/icyphy/ptII/ptolemy/actor/lib/test/auto/TestRequireCorrectOrder.xml (RunModel)" time="0.013" />
  <testcase classname="ptolemy.util.test.junit.AutoTests" name="[371] /home/travis/build/icyphy/ptII/ptolemy/actor/lib/test/auto/TestSimple.xml (RunModel)" time="0.007" />
  <testcase classname="ptolemy.util.test.junit.AutoTests" name="[372] /home/travis/build/icyphy/ptII/ptolemy/actor/lib/test/auto/ThrowModelError.xml (RunModel)" time="0.011" />
  <testcase classname="ptolemy.util.test.junit.AutoTests" name="[373] /home/travis/build/icyphy/ptII/ptolemy/actor/lib/test/auto/TimeDelayMicrosteps.xml (RunModel)" time="0.014" />
  <testcase classname="ptolemy.util.test.junit.AutoTests" name="[374] /home/travis/build/icyphy/ptII/ptolemy/actor/lib/test/auto/TimeDelayMicrosteps2.xml (RunModel)" time="0.016" />
  <testcase classname="ptolemy.util.test.junit.AutoTests" name="[375] /home/travis/build/icyphy/ptII/ptolemy/actor/lib/test/auto/TimeDelayMicrosteps3.xml (RunModel)" time="0.014" />
  <testcase classname="ptolemy.util.test.junit.AutoTests" name="[376] /home/travis/build/icyphy/ptII/ptolemy/actor/lib/test/auto/TimeDelayVariableMicrosteps.xml (RunModel)" time="0.013" />
  <testcase classname="ptolemy.util.test.junit.AutoTests" name="[377] /home/travis/build/icyphy/ptII/ptolemy/actor/lib/test/auto/TimeGap.xml (RunModel)" time="0.022" />
  <testcase classname="ptolemy.util.test.junit.AutoTests" name="[378] /home/travis/build/icyphy/ptII/ptolemy/actor/lib/test/auto/TimeGap2.xml (RunModel)" time="0.014" />
  <testcase classname="ptolemy.util.test.junit.AutoTests" name="[379] /home/travis/build/icyphy/ptII/ptolemy/actor/lib/test/auto/TimedSinewave.xml (RunModel)" time="0.05" />
  <testcase classname="ptolemy.util.test.junit.AutoTests" name="[380] /home/travis/build/icyphy/ptII/ptolemy/actor/lib/test/auto/TimedSinewavePhase.xml (RunModel)" time="0.035" />
  <testcase classname="ptolemy.util.test.junit.AutoTests" name="[381] /home/travis/build/icyphy/ptII/ptolemy/actor/lib/test/auto/Timer.xml (RunModel)" time="0.014" />
  <testcase classname="ptolemy.util.test.junit.AutoTests" name="[382] /home/travis/build/icyphy/ptII/ptolemy/actor/lib/test/auto/TriangularDistTestModel.xml (RunModel)" time="0.018" />
  <testcase classname="ptolemy.util.test.junit.AutoTests" name="[383] /home/travis/build/icyphy/ptII/ptolemy/actor/lib/test/auto/TrigFunction.xml (RunModel)" time="0.012" />
  <testcase classname="ptolemy.util.test.junit.AutoTests" name="[384] /home/travis/build/icyphy/ptII/ptolemy/actor/lib/test/auto/TrigFunctionDE.xml (RunModel)" time="0.011" />
  <testcase classname="ptolemy.util.test.junit.AutoTests" name="[385] /home/travis/build/icyphy/ptII/ptolemy/actor/lib/test/auto/TrigFunctionInverse.xml (RunModel)" time="0.01" />
  <testcase classname="ptolemy.util.test.junit.AutoTests" name="[386] /home/travis/build/icyphy/ptII/ptolemy/actor/lib/test/auto/TrigFunctionTan.xml (RunModel)" time="0.007" />
  <testcase classname="ptolemy.util.test.junit.AutoTests" name="[387] /home/travis/build/icyphy/ptII/ptolemy/actor/lib/test/auto/TriggeredClock.xml (RunModel)" time="0.009" />
  <testcase classname="ptolemy.util.test.junit.AutoTests" name="[388] /home/travis/build/icyphy/ptII/ptolemy/actor/lib/test/auto/URLDirectoryReader.xml (RunModel)" time="0.128" />
  <testcase classname="ptolemy.util.test.junit.AutoTests" name="[389] /home/travis/build/icyphy/ptII/ptolemy/actor/lib/test/auto/URLDirectoryReader3.xml (RunModel)" time="1.427" />
  <testcase classname="ptolemy.util.test.junit.AutoTests" name="[390] /home/travis/build/icyphy/ptII/ptolemy/actor/lib/test/auto/UnaryMathFunction.xml (RunModel)" time="0.024" />
  <testcase classname="ptolemy.util.test.junit.AutoTests" name="[391] /home/travis/build/icyphy/ptII/ptolemy/actor/lib/test/auto/Uniform.xml (RunModel)" time="0.013" />
  <testcase classname="ptolemy.util.test.junit.AutoTests" name="[392] /home/travis/build/icyphy/ptII/ptolemy/actor/lib/test/auto/UnionDisassemblerTest.xml (RunModel)" time="0.021" />
  <testcase classname="ptolemy.util.test.junit.AutoTests" name="[393] /home/travis/build/icyphy/ptII/ptolemy/actor/lib/test/auto/UtilityFunctions.xml (RunModel)" time="0.016" />
  <testcase classname="ptolemy.util.test.junit.AutoTests" name="[394] /home/travis/build/icyphy/ptII/ptolemy/actor/lib/test/auto/VariableSleep.xml (RunModel)" time="0.515" />
  <testcase classname="ptolemy.util.test.junit.AutoTests" name="[395] /home/travis/build/icyphy/ptII/ptolemy/actor/lib/test/auto/VectorAssemblerDisassemblerCT.xml (RunModel)" time="0.108" />
  <testcase classname="ptolemy.util.test.junit.AutoTests" name="[396] /home/travis/build/icyphy/ptII/ptolemy/actor/lib/test/auto/VectorAssemblerDisassemblerDE.xml (RunModel)" time="0.014" />
  <testcase classname="ptolemy.util.test.junit.AutoTests" name="[397] /home/travis/build/icyphy/ptII/ptolemy/actor/lib/test/auto/VectorAssemblerDisassemblerSDF.xml (RunModel)" time="0.011" />
  <testcase classname="ptolemy.util.test.junit.AutoTests" name="[398] /home/travis/build/icyphy/ptII/ptolemy/actor/lib/test/auto/WallClockTime.xml (RunModel)" time="1.014" />
  <testcase classname="ptolemy.util.test.junit.AutoTests" name="[399] /home/travis/build/icyphy/ptII/ptolemy/actor/lib/test/auto/WidthTestWithSubscriberPublisher.xml (RunModel)" time="0.039" />
  <testcase classname="ptolemy.util.test.junit.AutoTests" name="[400] /home/travis/build/icyphy/ptII/ptolemy/actor/lib/test/auto/WidthTestWithSubscriberPublisher2.xml (RunModel)" time="0.015" />
  <testcase classname="ptolemy.util.test.junit.AutoTests" name="[401] /home/travis/build/icyphy/ptII/ptolemy/actor/lib/test/auto/WidthTestWithSubscriberPublisher3.xml (RunModel)" time="0.012" />
  <testcase classname="ptolemy.util.test.junit.AutoTests" name="[402] /home/travis/build/icyphy/ptII/ptolemy/actor/lib/test/auto/Writer.xml (RunModel)" time="0.008" />
  <testcase classname="ptolemy.util.test.junit.AutoTests" name="[403] /home/travis/build/icyphy/ptII/ptolemy/actor/lib/test/auto/array.xml (RunModel)" time="0.025" />
  <testcase classname="ptolemy.util.test.junit.AutoTests" name="[404] /home/travis/build/icyphy/ptII/ptolemy/actor/lib/test/auto/array2.xml (RunModel)" time="0.012" />
  <testcase classname="ptolemy.util.test.junit.AutoTests" name="[405] /home/travis/build/icyphy/ptII/ptolemy/actor/lib/test/auto/arrayType.xml (RunModel)" time="0.014" />
  <testcase classname="ptolemy.util.test.junit.AutoTests" name="[406] /home/travis/build/icyphy/ptII/ptolemy/actor/lib/test/auto/arrayType10.xml (RunModel)" time="0.008" />
  <testcase classname="ptolemy.util.test.junit.AutoTests" name="[407] /home/travis/build/icyphy/ptII/ptolemy/actor/lib/test/auto/arrayType11.xml (RunModel)" time="0.008" />
  <testcase classname="ptolemy.util.test.junit.AutoTests" name="[408] /home/travis/build/icyphy/ptII/ptolemy/actor/lib/test/auto/arrayType12.xml (RunModel)" time="0.009" />
  <testcase classname="ptolemy.util.test.junit.AutoTests" name="[409] /home/travis/build/icyphy/ptII/ptolemy/actor/lib/test/auto/arrayType13.xml (RunModel)" time="0.008" />
  <testcase classname="ptolemy.util.test.junit.AutoTests" name="[410] /home/travis/build/icyphy/ptII/ptolemy/actor/lib/test/auto/arrayType14.xml (RunModel)" time="0.008" />
  <testcase classname="ptolemy.util.test.junit.AutoTests" name="[411] /home/travis/build/icyphy/ptII/ptolemy/actor/lib/test/auto/arrayType15.xml (RunModel)" time="0.009" />
  <testcase classname="ptolemy.util.test.junit.AutoTests" name="[412] /home/travis/build/icyphy/ptII/ptolemy/actor/lib/test/auto/arrayType16.xml (RunModel)" time="0.008" />
  <testcase classname="ptolemy.util.test.junit.AutoTests" name="[413] /home/travis/build/icyphy/ptII/ptolemy/actor/lib/test/auto/arrayType17.xml (RunModel)" time="0.008" />
  <testcase classname="ptolemy.util.test.junit.AutoTests" name="[414] /home/travis/build/icyphy/ptII/ptolemy/actor/lib/test/auto/arrayType18.xml (RunModel)" time="0.008" />
  <testcase classname="ptolemy.util.test.junit.AutoTests" name="[415] /home/travis/build/icyphy/ptII/ptolemy/actor/lib/test/auto/arrayType19.xml (RunModel)" time="0.007" />
  <testcase classname="ptolemy.util.test.junit.AutoTests" name="[416] /home/travis/build/icyphy/ptII/ptolemy/actor/lib/test/auto/arrayType2.xml (RunModel)" time="0.008" />
  <testcase classname="ptolemy.util.test.junit.AutoTests" name="[417] /home/travis/build/icyphy/ptII/ptolemy/actor/lib/test/auto/arrayType20.xml (RunModel)" time="0.01" />
  <testcase classname="ptolemy.util.test.junit.AutoTests" name="[418] /home/travis/build/icyphy/ptII/ptolemy/actor/lib/test/auto/arrayType21.xml (RunModel)" time="0.008" />
  <testcase classname="ptolemy.util.test.junit.AutoTests" name="[419] /home/travis/build/icyphy/ptII/ptolemy/actor/lib/test/auto/arrayType22.xml (RunModel)" time="0.008" />
  <testcase classname="ptolemy.util.test.junit.AutoTests" name="[420] /home/travis/build/icyphy/ptII/ptolemy/actor/lib/test/auto/arrayType23.xml (RunModel)" time="0.008" />
  <testcase classname="ptolemy.util.test.junit.AutoTests" name="[421] /home/travis/build/icyphy/ptII/ptolemy/actor/lib/test/auto/arrayType24.xml (RunModel)" time="0.009" />
  <testcase classname="ptolemy.util.test.junit.AutoTests" name="[422] /home/travis/build/icyphy/ptII/ptolemy/actor/lib/test/auto/arrayType25.xml (RunModel)" time="0.008" />
  <testcase classname="ptolemy.util.test.junit.AutoTests" name="[423] /home/travis/build/icyphy/ptII/ptolemy/actor/lib/test/auto/arrayType26.xml (RunModel)" time="0.008" />
  <testcase classname="ptolemy.util.test.junit.AutoTests" name="[424] /home/travis/build/icyphy/ptII/ptolemy/actor/lib/test/auto/arrayType27.xml (RunModel)" time="0.009" />
  <testcase classname="ptolemy.util.test.junit.AutoTests" name="[425] /home/travis/build/icyphy/ptII/ptolemy/actor/lib/test/auto/arrayType28.xml (RunModel)" time="0.009" />
  <testcase classname="ptolemy.util.test.junit.AutoTests" name="[426] /home/travis/build/icyphy/ptII/ptolemy/actor/lib/test/auto/arrayType3.xml (RunModel)" time="0.016" />
  <testcase classname="ptolemy.util.test.junit.AutoTests" name="[427] /home/travis/build/icyphy/ptII/ptolemy/actor/lib/test/auto/arrayType4.xml (RunModel)" time="0.009" />
  <testcase classname="ptolemy.util.test.junit.AutoTests" name="[428] /home/travis/build/icyphy/ptII/ptolemy/actor/lib/test/auto/arrayType5.xml (RunModel)" time="0.009" />
  <testcase classname="ptolemy.util.test.junit.AutoTests" name="[429] /home/travis/build/icyphy/ptII/ptolemy/actor/lib/test/auto/arrayType6.xml (RunModel)" time="0.008" />
  <testcase classname="ptolemy.util.test.junit.AutoTests" name="[430] /home/travis/build/icyphy/ptII/ptolemy/actor/lib/test/auto/arrayType7.xml (RunModel)" time="0.007" />
  <testcase classname="ptolemy.util.test.junit.AutoTests" name="[431] /home/travis/build/icyphy/ptII/ptolemy/actor/lib/test/auto/arrayType8.xml (RunModel)" time="0.026" />
  <testcase classname="ptolemy.util.test.junit.AutoTests" name="[432] /home/travis/build/icyphy/ptII/ptolemy/actor/lib/test/auto/arrayType9.xml (RunModel)" time="0.008" />
  <testcase classname="ptolemy.util.test.junit.AutoTests" name="[433] /home/travis/build/icyphy/ptII/ptolemy/actor/lib/test/auto/cast.xml (RunModel)" time="0.008" />
  <testcase classname="ptolemy.util.test.junit.AutoTests" name="[434] /home/travis/build/icyphy/ptII/ptolemy/actor/lib/test/auto/compositeMultiPort.xml (RunModel)" time="0.016" />
  <testcase classname="ptolemy.util.test.junit.AutoTests" name="[435] /home/travis/build/icyphy/ptII/ptolemy/actor/lib/test/auto/expressionCastInference.xml (RunModel)" time="0.009" />
  <testcase classname="ptolemy.util.test.junit.AutoTests" name="[436] /home/travis/build/icyphy/ptII/ptolemy/actor/lib/test/auto/expressionCastInference2.xml (RunModel)" time="0.008" />
  <testcase classname="ptolemy.util.test.junit.AutoTests" name="[437] /home/travis/build/icyphy/ptII/ptolemy/actor/lib/test/auto/expressionInference.xml (RunModel)" time="0.007" />
  <testcase classname="ptolemy.util.test.junit.AutoTests" name="[438] /home/travis/build/icyphy/ptII/ptolemy/actor/lib/test/auto/expression_bug.xml (RunModel)" time="0.007" />
  <testcase classname="ptolemy.util.test.junit.AutoTests" name="[439] /home/travis/build/icyphy/ptII/ptolemy/actor/lib/test/auto/factorial.xml (RunModel)" time="0.049" />
  <testcase classname="ptolemy.util.test.junit.AutoTests" name="[440] /home/travis/build/icyphy/ptII/ptolemy/actor/lib/test/auto/filterTest1.xml (RunModel)" time="0.013" />
  <testcase classname="ptolemy.util.test.junit.AutoTests" name="[441] /home/travis/build/icyphy/ptII/ptolemy/actor/lib/test/auto/funcApplyInConst.xml (RunModel)" time="0.006" />
  <testcase classname="ptolemy.util.test.junit.AutoTests" name="[442] /home/travis/build/icyphy/ptII/ptolemy/actor/lib/test/auto/funcApplyInExpr.xml (RunModel)" time="0.006" />
  <testcase classname="ptolemy.util.test.junit.AutoTests" name="[443] /home/travis/build/icyphy/ptII/ptolemy/actor/lib/test/auto/function.xml (RunModel)" time="0.01" />
  <testcase classname="ptolemy.util.test.junit.AutoTests" name="[444] /home/travis/build/icyphy/ptII/ptolemy/actor/lib/test/auto/function2.xml (RunModel)" time="0.008" />
  <testcase classname="ptolemy.util.test.junit.AutoTests" name="[445] /home/travis/build/icyphy/ptII/ptolemy/actor/lib/test/auto/function3.xml (RunModel)" time="0.008" />
  <testcase classname="ptolemy.util.test.junit.AutoTests" name="[446] /home/travis/build/icyphy/ptII/ptolemy/actor/lib/test/auto/functionClosureTest1.xml (RunModel)" time="0.01" />
  <testcase classname="ptolemy.util.test.junit.AutoTests" name="[447] /home/travis/build/icyphy/ptII/ptolemy/actor/lib/test/auto/functionClosureTest2.xml (RunModel)" time="0.006" />
  <testcase classname="ptolemy.util.test.junit.AutoTests" name="[448] /home/travis/build/icyphy/ptII/ptolemy/actor/lib/test/auto/functionClosureTest3.xml (RunModel)" time="0.009" />
  <testcase classname="ptolemy.util.test.junit.AutoTests" name="[449] /home/travis/build/icyphy/ptII/ptolemy/actor/lib/test/auto/functionClosureTest4.xml (RunModel)" time="0.015" />
  <testcase classname="ptolemy.util.test.junit.AutoTests" name="[450] /home/travis/build/icyphy/ptII/ptolemy/actor/lib/test/auto/functionClosureTest5.xml (RunModel)" time="0.011" />
  <testcase classname="ptolemy.util.test.junit.AutoTests" name="[451] /home/travis/build/icyphy/ptII/ptolemy/actor/lib/test/auto/functionClosureTest6.xml (RunModel)" time="0.008" />
  <testcase classname="ptolemy.util.test.junit.AutoTests" name="[452] /home/travis/build/icyphy/ptII/ptolemy/actor/lib/test/auto/functionsOnArcs.xml (RunModel)" time="0.009" />
  <testcase classname="ptolemy.util.test.junit.AutoTests" name="[453] /home/travis/build/icyphy/ptII/ptolemy/actor/lib/test/auto/functionsOnArcsHOF.xml (RunModel)" time="0.011" />
  <testcase classname="ptolemy.util.test.junit.AutoTests" name="[454] /home/travis/build/icyphy/ptII/ptolemy/actor/lib/test/auto/logic.xml (RunModel)" time="0.063" />
  <testcase classname="ptolemy.util.test.junit.AutoTests" name="[455] /home/travis/build/icyphy/ptII/ptolemy/actor/lib/test/auto/matrixType.xml (RunModel)" time="0.032" />
  <testcase classname="ptolemy.util.test.junit.AutoTests" name="[456] /home/travis/build/icyphy/ptII/ptolemy/actor/lib/test/auto/matrixType10.xml (RunModel)" time="0.031" />
  <testcase classname="ptolemy.util.test.junit.AutoTests" name="[457] /home/travis/build/icyphy/ptII/ptolemy/actor/lib/test/auto/matrixType11.xml (RunModel)" time="0.051" />
  <testcase classname="ptolemy.util.test.junit.AutoTests" name="[458] /home/travis/build/icyphy/ptII/ptolemy/actor/lib/test/auto/matrixType12.xml (RunModel)" time="0.028" />
  <testcase classname="ptolemy.util.test.junit.AutoTests" name="[459] /home/travis/build/icyphy/ptII/ptolemy/actor/lib/test/auto/matrixType13.xml (RunModel)" time="0.029" />
  <testcase classname="ptolemy.util.test.junit.AutoTests" name="[460] /home/travis/build/icyphy/ptII/ptolemy/actor/lib/test/auto/matrixType14.xml (RunModel)" time="0.042" />
  <testcase classname="ptolemy.util.test.junit.AutoTests" name="[461] /home/travis/build/icyphy/ptII/ptolemy/actor/lib/test/auto/matrixType2.xml (RunModel)" time="0.014" />
  <testcase classname="ptolemy.util.test.junit.AutoTests" name="[462] /home/travis/build/icyphy/ptII/ptolemy/actor/lib/test/auto/matrixType3.xml (RunModel)" time="0.01" />
  <testcase classname="ptolemy.util.test.junit.AutoTests" name="[463] /home/travis/build/icyphy/ptII/ptolemy/actor/lib/test/auto/matrixType4.xml (RunModel)" time="0.008" />
  <testcase classname="ptolemy.util.test.junit.AutoTests" name="[464] /home/travis/build/icyphy/ptII/ptolemy/actor/lib/test/auto/matrixType5.xml (RunModel)" time="0.008" />
  <testcase classname="ptolemy.util.test.junit.AutoTests" name="[465] /home/travis/build/icyphy/ptII/ptolemy/actor/lib/test/auto/matrixType6.xml (RunModel)" time="0.008" />
  <testcase classname="ptolemy.util.test.junit.AutoTests" name="[466] /home/travis/build/icyphy/ptII/ptolemy/actor/lib/test/auto/matrixType7.xml (RunModel)" time="0.008" />
  <testcase classname="ptolemy.util.test.junit.AutoTests" name="[467] /home/travis/build/icyphy/ptII/ptolemy/actor/lib/test/auto/matrixType8.xml (RunModel)" time="0.008" />
  <testcase classname="ptolemy.util.test.junit.AutoTests" name="[468] /home/travis/build/icyphy/ptII/ptolemy/actor/lib/test/auto/matrixType9.xml (RunModel)" time="0.007" />
  <testcase classname="ptolemy.util.test.junit.AutoTests" name="[469] /home/travis/build/icyphy/ptII/ptolemy/actor/lib/test/auto/paraFunctest.xml (RunModel)" time="0.006" />
  <testcase classname="ptolemy.util.test.junit.AutoTests" name="[470] /home/travis/build/icyphy/ptII/ptolemy/actor/lib/test/auto/paraFunctest2.xml (RunModel)" time="0.011" />
  <testcase classname="ptolemy.util.test.junit.AutoTests" name="[471] /home/travis/build/icyphy/ptII/ptolemy/actor/lib/test/auto/parameterPassing.xml (RunModel)" time="0.008" />
  <testcase classname="ptolemy.util.test.junit.AutoTests" name="[472] /home/travis/build/icyphy/ptII/ptolemy/actor/lib/test/auto/record.xml (RunModel)" time="0.014" />
  <testcase classname="ptolemy.util.test.junit.AutoTests" name="[473] /home/travis/build/icyphy/ptII/ptolemy/actor/lib/test/auto/sizedarray1.xml (RunModel)" time="0.009" />
  <testcase classname="ptolemy.util.test.junit.AutoTests" name="[474] /home/travis/build/icyphy/ptII/ptolemy/actor/lib/test/auto/sizedarray2.xml (RunModel)" time="0.01" />
  <testcase classname="ptolemy.util.test.junit.AutoTests" name="[475] /home/travis/build/icyphy/ptII/ptolemy/actor/lib/test/auto/twoPublishers.xml (RunModel)" time="0.027" />
  <system-out><![CDATA[/home/travis/build/icyphy/ptII/ptolemy/actor/lib/test/AbsoluteValue.tcl
testDefs.tcl: setting time out to 9000 seconds at Mon Jun 24 01:54:29 UTC 2019
121 ms. Memory: 120832K Free: 98756K (82%)
10 ms. Memory: 120832K Free: 107466K (89%)
5 ms. Memory: 120832K Free: 106804K (88%)
5 ms. Memory: 120832K Free: 105772K (88%)
/home/travis/build/icyphy/ptII/ptolemy/actor/lib/test/AddSubtract.tcl
9 ms. Memory: 120832K Free: 104107K (86%)
5 ms. Memory: 120832K Free: 103325K (86%)
5 ms. Memory: 120832K Free: 102284K (85%)
8 ms. Memory: 120832K Free: 101676K (84%)
48 ms. Memory: 120832K Free: 98634K (82%)
10 ms. Memory: 120832K Free: 97995K (81%)
/home/travis/build/icyphy/ptII/ptolemy/actor/lib/test/Average.tcl
10 ms. Memory: 120832K Free: 96572K (80%)
17 ms. Memory: 120832K Free: 95141K (79%)
/home/travis/build/icyphy/ptII/ptolemy/actor/lib/test/Bernoulli.tcl
10 ms. Memory: 120832K Free: 93492K (77%)
2 ms. Memory: 120832K Free: 93076K (77%)
/home/travis/build/icyphy/ptII/ptolemy/actor/lib/test/Clock.tcl
preinitializing
resolving types
initializing
executing number 1
wrapping up
idle
47 ms. Memory: 120832K Free: 90441K (75%)
Completed execution with 5 iterations
preinitializing
resolving types
initializing
14 ms. Memory: 164864K Free: 151984K (92%)
11 ms. Memory: 164864K Free: 151552K (92%)
/home/travis/build/icyphy/ptII/ptolemy/actor/lib/test/Commutator.tcl
14 ms. Memory: 164864K Free: 149504K (91%)
7 ms. Memory: 164864K Free: 148480K (90%)
9 ms. Memory: 164864K Free: 142846K (87%)
/home/travis/build/icyphy/ptII/ptolemy/actor/lib/test/Const.tcl
4 ms. Memory: 164864K Free: 141312K (86%)
2 ms. Memory: 164864K Free: 140798K (85%)
3 ms. Memory: 164864K Free: 140288K (85%)
3 ms. Memory: 164864K Free: 139774K (85%)
2 ms. Memory: 164864K Free: 139264K (84%)
13 ms. Memory: 164864K Free: 137726K (84%)
5 ms. Memory: 164864K Free: 136688K (83%)
4 ms. Memory: 164864K Free: 135678K (82%)
/home/travis/build/icyphy/ptII/ptolemy/actor/lib/test/CurrentTime.tcl
preinitializing
resolving types
initializing
executing number 1
wrapping up
idle
9 ms. Memory: 164864K Free: 133600K (81%)
Completed execution with 11 iterations
/home/travis/build/icyphy/ptII/ptolemy/actor/lib/test/DB.tcl
10 ms. Memory: 164864K Free: 132096K (80%)
11 ms. Memory: 164864K Free: 131582K (80%)
2 ms. Memory: 164864K Free: 131072K (80%)
/home/travis/build/icyphy/ptII/ptolemy/actor/lib/test/DiscreteRandomSource.tcl
preinitializing
resolving types
initializing
executing number 1
wrapping up
idle
5 ms. Memory: 164864K Free: 129504K (79%)
Completed execution with 4 iterations
preinitializing
resolving types
initializing
executing number 1
wrapping up
idle
11 ms. Memory: 164864K Free: 129024K (78%)
Completed execution with 4 iterations
preinitializing
resolving types
initializing
executing number 1
wrapping up
idle
3 ms. Memory: 164864K Free: 128510K (78%)
Completed execution with 4 iterations
preinitializing
resolving types
initializing
executing number 1
wrapping up
idle
2 ms. Memory: 164864K Free: 128000K (78%)
Completed execution with 4 iterations
preinitializing
resolving types
initializing
executing number 1
wrapping up
idle
4 ms. Memory: 164864K Free: 128000K (78%)
Completed execution with 4 iterations
/home/travis/build/icyphy/ptII/ptolemy/actor/lib/test/Distributor.tcl
5 ms. Memory: 164864K Free: 125952K (76%)
4 ms. Memory: 164864K Free: 125438K (76%)
StreamChangeRequest.changeExecuted(): <deleteEntity name="rec2"/> succeeded
StreamChangeRequest.changeExecuted(): <deleteRelation name="r2"/> succeeded
StreamChangeRequest.changeExecuted(): Record firings per iteration succeeded
5 ms. Memory: 164864K Free: 122880K (75%)
/home/travis/build/icyphy/ptII/ptolemy/actor/lib/test/Exit.tcl
Exit.tcl: this will print a message about Manager.exitAfterWrapup, which can be ignored.
8 ms. Memory: 164864K Free: 119808K (73%)
/home/travis/build/icyphy/ptII/ptolemy/actor/lib/test/Expression.tcl
34 ms. Memory: 164864K Free: 150718K (91%)
3 ms. Memory: 164864K Free: 150214K (91%)
10 ms. Memory: 164864K Free: 149590K (91%)
preinitializing
resolving types
initializing
executing number 1
wrapping up
idle
6 ms. Memory: 164864K Free: 147638K (90%)
Completed execution with 6 iterations
4 ms. Memory: 164864K Free: 147142K (89%)
2 ms. Memory: 164864K Free: 146118K (89%)
4 ms. Memory: 164864K Free: 145094K (88%)
4 ms. Memory: 164864K Free: 143542K (87%)
10 ms. Memory: 164864K Free: 142502K (86%)
/home/travis/build/icyphy/ptII/ptolemy/actor/lib/test/Gaussian.tcl
7 ms. Memory: 164864K Free: 140998K (86%)
sleeping 1 seconds: ........................................................................................................................................................................................................................................................................................................................................................................................................................................................................................................................................................................................................................................................................................................................................................................................................................................................................................................................................................................................................................................................................................................................................................................................................................................................................................................................................................................................................................................................................................................................................................................................................................................................................................................................................................................................................................................................................................................................................................................................................................................................................................................................................................................................................................................................................................................................................................................................................................................................................................................................................................................................................................................................................................................................................................................................................................................................................................................................................................................................................................................................................................................................................................................................................................................................................................................................................................................................................................................................................................................................................................................................................................................................................................................................................................................................................................................................................................................................................................................................................................................................................................................................................................................................................................................................................................................................................................................................................................................................................................................................................................................................................................................................................................................................................................................................................................................................................................................................................................................................................................................................................................................................................................................................................................................................................................................................................................................................................................................................................................................................................................................................................................................................................................................................................................................................................................................................................................................................................................................................................................................................................................................................................................................................................................................................................................................................................................................................................................................................................................................................................................................................................................................................................................................................................................................................................................................................................................................................................................................................................................................................................................................................................................................................................................................................................................................................................................................................................................................................................................................................................................................................................................................................................................................................................................................................................................................................................................................................................................................................................................................................................................................................................................................................................................................................................................................................................................................................................................................................................................................................................................................................................................................................................................................................................................................................................................................................................................................................................................................................................................................................................................................................................................................................................................................................................................................................................................................................................................................................................................................................................................................................................................................................................................................................................................................................................................................................................................................................................................................................................................................................................................................................................................................................................................................................................................................................................................................................................................................................................................................................................................................................................................................................................................................................................................................................................................................................................................................................................................................................................................................................................................................................................................................................................................................................................................................................................................................................................................................................................................................................................................................................................................................................................................................................................................................................................................................................................................................................................................................................................................................................................................................................................................................................................................................................................................................................................................................................................................................................................................................................................................................................................................................................................................................................................................................................................................................................................................................................................................................................................................................................................................................................................................................................................................................................................................................................................................................................................................................................................................................................................................................................................................................................................................................................................................................................................................................................................................................................................................................................................................................................................................................................................................................................................................................................................................................................................................................................................................................................................................................................................................................................................................................................................................................................................................................................................................................................................................................................................................................................................................................................................................................................................................................................................................................................................................................................................................................................................................................................................................................................................................................................................................................................................................................................................................................................................................................................................................................................................................................................................................................................................................................................................................................................................................................................................................................................................................................................................................................................................................................................................................................................................................................................................................................................................................................................................................................................................................................................................................................................................................................................................................................................................................................................................................................................................................................................................................................................................................................................................................................................................................................................................................................................................................................................................................................................................................................................................................................................................................................................................................................................................................................................................................................................................................................................................................................................................................................................................................................................................................................................................................................................................................................................................................................................................................................................................................................................................................................................................................................................................................................................................................................................................................................................................................................................................................................................................................................................................................................................................................................................................................................................................................................................................................................................................................................................................................................................................................................................................................................................................................................................................................................................................................................................................................................................................................................................................................................................................................................................................................................................................................................................................................................................................................................................................................................................................................................................................................................................................................................................................................................................................................................................................................................................................................................................................................................................................................................................................................................................................................................................................................................................................................................................................................................................................................................................................................................................................................................................................................................................................................................................................................................................................................................................................................................................................................................................................................................................................................................................................................................................................................................................................................................................................................................................................................................................................................................................................................................................................................................................................................................................................................................................................................................................................................................................................................................................................................................................................................................................................................................................................................................................................................................................................................................................................................................................................................................................................................................................................................................................................................................................................................................................................................................................................................................................................................................................................................................................................................................................................................................................................................................................................................................................................................................................................................................................................................................................................................................................................................................................................................................................................................................................................................................................................................................................................................................................................................................................................................................................................................................................................................................................................................................................................................................................................................................................................................................................................................................................................................................................................................................................................................................................................................................................................................................................................................................................................................................................................................................................................................................................................................................................................................................................................................................................................................................................................................................................................................................................................................................................................................................................................................................................................................................................................................................................................................................................................................................................................................................................................................................................................................................................................................................................................................................................................................................................................................................................................................................................................................................................................................................................................................................................................................................................................................................................................................................................................................................................................................................................................................................................................................................................................................................................................................................................................................................................................................................................................................................................................................................................................................................................................................................................................................................................................................................................................................................................................................................................................................................................................................................................................................................................................................................................................................................................................................................................................................................................................................................................................................................................................................................................................................................................................................................................................................................................................................................................................................................................................................................................................................................................................................................................................................................................................................................................................................................................................................................................................................................................9 ms. Memory: 164864K Free: 104308K (63%)
3 ms. Memory: 164864K Free: 103798K (63%)
3 ms. Memory: 164864K Free: 103270K (63%)
5 ms. Memory: 164864K Free: 102246K (62%)
2 ms. Memory: 164864K Free: 101750K (62%)
/home/travis/build/icyphy/ptII/ptolemy/actor/lib/test/IIR.tcl
/home/travis/build/icyphy/ptII/ptolemy/actor/lib/test/Interpolator.tcl
5 ms. Memory: 164864K Free: 98132K (60%)
5 ms. Memory: 164864K Free: 97654K (59%)
5 ms. Memory: 164864K Free: 96630K (59%)
2 ms. Memory: 164864K Free: 96116K (58%)
3 ms. Memory: 164864K Free: 95606K (58%)
2 ms. Memory: 164864K Free: 94582K (57%)
3 ms. Memory: 164864K Free: 93558K (57%)
3 ms. Memory: 164864K Free: 92534K (56%)
2 ms. Memory: 164864K Free: 92014K (56%)
2 ms. Memory: 164864K Free: 90982K (55%)
/home/travis/build/icyphy/ptII/ptolemy/actor/lib/test/MathFunction.tcl
5 ms. Memory: 164864K Free: 88934K (54%)
8 ms. Memory: 164864K Free: 87910K (53%)
3 ms. Memory: 164864K Free: 86870K (53%)
5 ms. Memory: 164864K Free: 85862K (52%)
4 ms. Memory: 164864K Free: 84822K (51%)
5 ms. Memory: 164864K Free: 82804K (50%)
/home/travis/build/icyphy/ptII/ptolemy/actor/lib/test/Maximum.tcl
4 ms. Memory: 164864K Free: 80750K (49%)
2 ms. Memory: 164864K Free: 80246K (49%)
2 ms. Memory: 164864K Free: 79732K (48%)
3 ms. Memory: 164864K Free: 78708K (48%)
/home/travis/build/icyphy/ptII/ptolemy/actor/lib/test/Minimum.tcl
3 ms. Memory: 164864K Free: 77174K (47%)
2 ms. Memory: 164864K Free: 76646K (46%)
2 ms. Memory: 164864K Free: 75622K (46%)
2 ms. Memory: 164864K Free: 75126K (46%)
/home/travis/build/icyphy/ptII/ptolemy/actor/lib/test/MultiplyDivide.tcl
4 ms. Memory: 164864K Free: 73078K (44%)
8 ms. Memory: 164864K Free: 72550K (44%)
3 ms. Memory: 164864K Free: 72054K (44%)
3 ms. Memory: 164864K Free: 71030K (43%)
5 ms. Memory: 164864K Free: 70502K (43%)
/home/travis/build/icyphy/ptII/ptolemy/actor/lib/test/OrderedMerge.tcl
Connections changed on port: inputA
Connections changed on port: inputB
Connections changed on port: output
Connections changed on port: output
Connections changed on port: output
Connections changed on port: input
.top. Preinitializing ...
Invoking preinitialize():  .top.OrderedMerge
Called preinitialize()
Invoking preinitialize():  .top.Ramp
Called preinitialize()
Invoking preinitialize():  .top.Ramp2
Called preinitialize()
Invoking preinitialize():  .top.Test
Called preinitialize()
Connections changed on port: inputA
Connections changed on port: output
Connections changed on port: inputB
Connections changed on port: output
Connections changed on port: output
Connections changed on port: input
.top. Finished preinitialize().
Called initialize().
Invoking initialize():  .top.OrderedMerge
Initializing actor: .top.OrderedMerge
Adding a thread: .top.OrderedMerge
Invoking initialize():  .top.Ramp
Initializing actor: .top.Ramp
Adding a thread: .top.Ramp
Invoking initialize():  .top.Ramp2
Initializing actor: .top.Ramp2
Adding a thread: .top.Ramp2
Invoking initialize():  .top.Test
Initializing actor: .top.Test
Adding a thread: .top.Test
Called fire().
Checking for deadlock:
-- Starting thread.
Called initialize()
Called prefire()
Called fire()
-- Starting thread.
Called initialize()
-- Starting thread.
Called initialize()
Called prefire()
Called prefire()
Called fire()
Called fire()
-- Starting thread.
Called initialize()
Called prefire()
Called fire()
There are 0 Blocked actors, 0 Stopped actors, and 4 active threads.
Waiting for actors to stop.
Called postfire()
Called prefire()
Called fire()
Called postfire()
Called prefire()
Called fire()
Checking for deadlock:
There are 2 Blocked actors, 0 Stopped actors, and 4 active threads.
Waiting for actors to stop.
Called postfire()
Called prefire()
Called fire()
Read input token from inputA with value 0.0
Next port to read input from is inputB
Called postfire()
Called prefire()
Called fire()
Read input token from inputB with value 0.0
Sent output token with value 0.0
Next port to read input from is inputA
Called postfire()
Called prefire()
Called fire()
Read input token from inputA with value 1.0
Checking for deadlock:
There are 1 Blocked actors, 0 Stopped actors, and 4 active threads.
Waiting for actors to stop.
Called postfire()
Called prefire()
Called fire()
Called postfire()
Called prefire()
Called fire()
Checking for deadlock:
There are 2 Blocked actors, 0 Stopped actors, and 4 active threads.
Waiting for actors to stop.
Sent output token with value 0.0
Next port to read input from is inputB
Called postfire()
Called prefire()
Called fire()
Called postfire()
Called prefire()
Called fire()
-- Read input: 0.0, which is expected to match: 0.0
Read input token from inputB with value 1.5
Checking for deadlock:
Called prefire()
There are 3 Blocked actors, 0 Stopped actors, and 4 active threads.
Called fire()
Waiting for actors to stop.
Checking for deadlock:
-- Read input: 0.0, which is expected to match: 0.0
Called prefire()
Called fire()
There are 2 Blocked actors, 0 Stopped actors, and 4 active threads.
Waiting for actors to stop.
Sent output token with value 1.0
-- Read input: 1.0, which is expected to match: 1.0
Called prefire()
Next port to read input from is inputA
Called fire()
Called postfire()
Called prefire()
Called fire()
Read input token from inputA with value 2.0
Sent output token with value 1.5
Next port to read input from is inputB
Called postfire()
Called prefire()
Called fire()
Read input token from inputB with value 3.0
Checking for deadlock:
There are 1 Blocked actors, 0 Stopped actors, and 4 active threads.
Waiting for actors to stop.
Called postfire()
Called prefire()
Called fire()
-- Read input: 1.5, which is expected to match: 1.5
Called postfire()
Called prefire()
Called prefire()
Called fire()
Called fire()
Checking for deadlock:
There are 2 Blocked actors, 0 Stopped actors, and 4 active threads.
Waiting for actors to stop.
Checking for deadlock:
There are 3 Blocked actors, 0 Stopped actors, and 4 active threads.
Waiting for actors to stop.
Checking for deadlock:
There are 2 Blocked actors, 0 Stopped actors, and 4 active threads.
Waiting for actors to stop.
-- Read input: 2.0, which is expected to match: 2.0
Called prefire()
Called fire()
Sent output token with value 2.0
Checking for deadlock:
There are 3 Blocked actors, 0 Stopped actors, and 4 active threads.
Waiting for actors to stop.
Next port to read input from is inputA
Called postfire()
Called prefire()
Called fire()
Read input token from inputA with value 3.0
Sent output token with value 3.0
Next port to read input from is inputB
Called postfire()
Called prefire()
Called fire()
Read input token from inputB with value 4.5
Checking for deadlock:
There are 1 Blocked actors, 0 Stopped actors, and 4 active threads.
Waiting for actors to stop.
Called postfire()
Called prefire()
Called fire()
Called postfire()
Called prefire()
Called fire()
Checking for deadlock:
There are 3 Blocked actors, 0 Stopped actors, and 4 active threads.
Waiting for actors to stop.
Checking for deadlock:
There are 2 Blocked actors, 0 Stopped actors, and 4 active threads.
-- Read input: 3.0, which is expected to match: 3.0
Waiting for actors to stop.
Called prefire()
Called fire()
Sent output token with value 3.0
-- Read input: 3.0, which is expected to match: 3.0
Called prefire()
Next port to read input from is inputA
Called postfire()
Called fire()
Called prefire()
Called fire()
Called postfire()
Called prefire()
Called fire()
Checking for deadlock:
There are 3 Blocked actors, 0 Stopped actors, and 4 active threads.
Waiting for actors to stop.
Read input token from inputA with value 4.0
Checking for deadlock:
There are 2 Blocked actors, 0 Stopped actors, and 4 active threads.
Waiting for actors to stop.
-- Read input: 4.0, which is expected to match: 4.0
Called prefire()
Called fire()
Past the end of training data. Read and discard all inputs.
Checking for deadlock:
There are 3 Blocked actors, 0 Stopped actors, and 4 active threads.
Waiting for actors to stop.
Sent output token with value 4.0
Next port to read input from is inputA
Called postfire()
Called prefire()
Called fire()
Read input token from inputA with value 5.0
Sent output token with value 4.5
Next port to read input from is inputB
Called postfire()
Called prefire()
Called fire()
Read input token from inputB with value 6.0
Checking for deadlock:
There are 1 Blocked actors, 0 Stopped actors, and 4 active threads.
Waiting for actors to stop.
Called postfire()
Called prefire()
Called fire()
Called postfire()
Called prefire()
Called fire()
Checking for deadlock:
There are 3 Blocked actors, 0 Stopped actors, and 4 active threads.
Waiting for actors to stop.
Checking for deadlock:
There are 2 Blocked actors, 0 Stopped actors, and 4 active threads.
Waiting for actors to stop.
Called prefire()
Called fire()
Past the end of training data. Read and discard all inputs.
Sent output token with value 5.0
Called prefire()
Called fire()
Past the end of training data. Read and discard all inputs.
Next port to read input from is inputA
Called postfire()
Called prefire()
Called fire()
Read input token from inputA with value 6.0
Sent output token with value 6.0
Next port to read input from is inputB
Called postfire()
Called prefire()
Called fire()
Read input token from inputB with value 7.5
Checking for deadlock:
There are 1 Blocked actors, 0 Stopped actors, and 4 active threads.
Waiting for actors to stop.
Called prefire()
Called postfire()
Called fire()
Called prefire()
Past the end of training data. Read and discard all inputs.
Called fire()
Called postfire()
Called prefire()
Called fire()
Checking for deadlock:
There are 3 Blocked actors, 0 Stopped actors, and 4 active threads.
Waiting for actors to stop.
Called prefire()
Called fire()
Past the end of training data. Read and discard all inputs.
Checking for deadlock:
There are 2 Blocked actors, 0 Stopped actors, and 4 active threads.
Waiting for actors to stop.
Checking for deadlock:
There are 3 Blocked actors, 0 Stopped actors, and 4 active threads.
Waiting for actors to stop.
Sent output token with value 6.0
Next port to read input from is inputA
Called postfire()
Called prefire()
Called fire()
Read input token from inputA with value 7.0
Checking for deadlock:
There are 2 Blocked actors, 0 Stopped actors, and 4 active threads.
Waiting for actors to stop.
Called postfire()
Called prefire()
Called fire()
Checking for deadlock:
There are 3 Blocked actors, 0 Stopped actors, and 4 active threads.
Waiting for actors to stop.
Called prefire()
Called fire()
Sent output token with value 7.0
Checking for deadlock:
There are 2 Blocked actors, 0 Stopped actors, and 4 active threads.
Waiting for actors to stop.
Next port to read input from is inputA
Past the end of training data. Read and discard all inputs.
Called postfire()
Called prefire()
Called fire()
Checking for deadlock:
There are 3 Blocked actors, 0 Stopped actors, and 4 active threads.
Waiting for actors to stop.
Checking for deadlock:
There are 2 Blocked actors, 0 Stopped actors, and 4 active threads.
Waiting for actors to stop.
-- Thread wrapup() called.
Called wrapup()
Thread .top.Ramp is exiting.
-- Thread stopped.
Checking for deadlock:
There are 2 Blocked actors, 0 Stopped actors, and 3 active threads.
Waiting for actors to stop.
Read input token from inputA with value 8.0
Sent output token with value 7.5
Called prefire()
Called fire()
Past the end of training data. Read and discard all inputs.
Next port to read input from is inputB
Called postfire()
Called prefire()
Checking for deadlock:
There are 2 Blocked actors, 0 Stopped actors, and 3 active threads.
Waiting for actors to stop.
Called fire()
Checking for deadlock:
There are 1 Blocked actors, 0 Stopped actors, and 3 active threads.
Waiting for actors to stop.
Called postfire()
Called prefire()
Called fire()
Checking for deadlock:
There are 2 Blocked actors, 0 Stopped actors, and 3 active threads.
Waiting for actors to stop.
Read input token from inputB with value 9.0
Checking for deadlock:
There are 1 Blocked actors, 0 Stopped actors, and 3 active threads.
Waiting for actors to stop.
Called prefire()
Called fire()
Past the end of training data. Read and discard all inputs.
Checking for deadlock:
There are 2 Blocked actors, 0 Stopped actors, and 3 active threads.
Waiting for actors to stop.
Sent output token with value 8.0
Next port to read input from is inputA
Called postfire()
Called prefire()
Called fire()
Read input token from inputA with value 9.0
Called prefire()
Called fire()
Past the end of training data. Read and discard all inputs.
Checking for deadlock:
There are 2 Blocked actors, 0 Stopped actors, and 3 active threads.
Waiting for actors to stop.
Sent output token with value 9.0
Next port to read input from is inputB
Called postfire()
Called prefire()
Called fire()
Called postfire()
Called prefire()
Called fire()
Checking for deadlock:
There are 2 Blocked actors, 0 Stopped actors, and 3 active threads.
Waiting for actors to stop.
Read input token from inputB with value 10.5
Called prefire()
Called fire()
Past the end of training data. Read and discard all inputs.
Checking for deadlock:
There are 2 Blocked actors, 0 Stopped actors, and 3 active threads.
Waiting for actors to stop.
Sent output token with value 9.0
Next port to read input from is inputA
Called postfire()
Called prefire()
Called fire()
Checking for deadlock:
There are 3 Blocked actors, 0 Stopped actors, and 3 active threads.
Actors have stopped.
Checking for deadlock:
There are 3 Blocked actors, 0 Stopped actors, and 3 active threads.
Deadlock detected.
Resolving Deadlock
Checking for deadlock:
There are 3 Blocked actors, 0 Stopped actors, and 3 active threads.
Artificial Deadlock - increasing queue capacity.
increasing the capacity of receiver ptolemy.actor.TypedIOPort {.top.OrderedMerge.inputB} to 2
Director: Called postfire().
Called postfire().
_stopRequested = false
_stopFireRequested = false
Returning from postfire(): true
Called fire().
Checking for deadlock:
There are 2 Blocked actors, 0 Stopped actors, and 3 active threads.
Waiting for actors to stop.
-- Thread wrapup() called.
Called wrapup()
Thread .top.Ramp2 is exiting.
-- Thread stopped.
Checking for deadlock:
There are 2 Blocked actors, 0 Stopped actors, and 2 active threads.
Actors have stopped.
Checking for deadlock:
There are 2 Blocked actors, 0 Stopped actors, and 2 active threads.
Deadlock detected.
Resolving Deadlock
Checking for deadlock:
There are 2 Blocked actors, 0 Stopped actors, and 2 active threads.
Deadlock detected: no processes blocked on write, but some are blocked on read.
Called postfire().
_stopRequested = false
_stopFireRequested = false
Returning from postfire(): false
Finished deactivating branches.
Called wrapup().
-- Thread wrapup() called.
Called wrapup()
Thread .top.Test is exiting.
-- Thread stopped.
-- Blocked Receiver call threw TerminateProcessException.
-- Thread wrapup() called.
Called wrapup()
Thread .top.OrderedMerge is exiting.
-- Thread stopped.
-- Blocked Receiver call threw TerminateProcessException.
73 ms. Memory: 164864K Free: 65396K (40%)
.top. Preinitializing ...
Invoking preinitialize():  .top.OrderedMerge
Called preinitialize()
Invoking preinitialize():  .top.Ramp
Called preinitialize()
Invoking preinitialize():  .top.Ramp2
Called preinitialize()
Invoking preinitialize():  .top.Test
Called preinitialize()
.top. Finished preinitialize().
Called initialize().
Invoking initialize():  .top.OrderedMerge
Initializing actor: .top.OrderedMerge
Adding a thread: .top.OrderedMerge
Invoking initialize():  .top.Ramp
Initializing actor: .top.Ramp
Adding a thread: .top.Ramp
Invoking initialize():  .top.Ramp2
Initializing actor: .top.Ramp2
Adding a thread: .top.Ramp2
Invoking initialize():  .top.Test
Initializing actor: .top.Test
Adding a thread: .top.Test
-- Starting thread.
Called initialize()
Called prefire()
Called fire()
Called postfire()
Called prefire()
Called fire()
-- Starting thread.
Called initialize()
Called prefire()
Called fire()
Called postfire()
Called prefire()
Called fire()
Called fire().
Checking for deadlock:
There are 2 Blocked actors, 0 Stopped actors, and 4 active threads.
Waiting for actors to stop.
-- Starting thread.
Called initialize()
Called prefire()
Called fire()
Checking for deadlock:
There are 3 Blocked actors, 0 Stopped actors, and 4 active threads.
Waiting for actors to stop.
-- Starting thread.
Called initialize()
Called prefire()
Called fire()
Checking for deadlock:
There are 2 Blocked actors, 0 Stopped actors, and 4 active threads.
Waiting for actors to stop.
Called postfire()
Called prefire()
Called fire()
Checking for deadlock:
There are 3 Blocked actors, 0 Stopped actors, and 4 active threads.
Waiting for actors to stop.
Read input token from inputA with value 0.0
Next port to read input from is inputB
Called postfire()
Called prefire()
Called fire()
Called postfire()
Called prefire()
Called fire()
Checking for deadlock:
There are 3 Blocked actors, 0 Stopped actors, and 4 active threads.
Waiting for actors to stop.
Read input token from inputB with value 0.0
-- Read input: 0.0, which is expected to match: 0.0
Called prefire()
Called fire()
Checking for deadlock:
There are 3 Blocked actors, 0 Stopped actors, and 4 active threads.
Waiting for actors to stop.
Sent output token with value 0.0
Next port to read input from is inputA
Called postfire()
Called prefire()
Called fire()
Checking for deadlock:
There are 2 Blocked actors, 0 Stopped actors, and 4 active threads.
Waiting for actors to stop.
Called postfire()
Called prefire()
Called fire()
Checking for deadlock:
There are 3 Blocked actors, 0 Stopped actors, and 4 active threads.
Waiting for actors to stop.
Read input token from inputA with value 1.0
Checking for deadlock:
There are 2 Blocked actors, 0 Stopped actors, and 4 active threads.
Waiting for actors to stop.
-- Read input: 0.0, which is expected to match: 0.0
Called prefire()
Called fire()
Checking for deadlock:
There are 3 Blocked actors, 0 Stopped actors, and 4 active threads.
Waiting for actors to stop.
Sent output token with value 0.0
Next port to read input from is inputB
Called postfire()
Called prefire()
Called fire()
Checking for deadlock:
There are 2 Blocked actors, 0 Stopped actors, and 4 active threads.
Waiting for actors to stop.
Called postfire()
Called prefire()
Called fire()
Checking for deadlock:
There are 3 Blocked actors, 0 Stopped actors, and 4 active threads.
Waiting for actors to stop.
Read input token from inputB with value 1.5
Checking for deadlock:
There are 2 Blocked actors, 0 Stopped actors, and 4 active threads.
Waiting for actors to stop.
-- Read input: 1.0, which is expected to match: 1.0
Called prefire()
Called fire()
Checking for deadlock:
There are 3 Blocked actors, 0 Stopped actors, and 4 active threads.
Waiting for actors to stop.
Sent output token with value 1.0
Next port to read input from is inputA
Called postfire()
Called prefire()
Called fire()
Checking for deadlock:
There are 2 Blocked actors, 0 Stopped actors, and 4 active threads.
Waiting for actors to stop.
Called postfire()
Called prefire()
Called fire()
Checking for deadlock:
There are 3 Blocked actors, 0 Stopped actors, and 4 active threads.
Waiting for actors to stop.
Read input token from inputA with value 2.0
Checking for deadlock:
There are 2 Blocked actors, 0 Stopped actors, and 4 active threads.
Waiting for actors to stop.
-- Read input: 1.5, which is expected to match: 1.5
Called prefire()
Called fire()
Checking for deadlock:
There are 3 Blocked actors, 0 Stopped actors, and 4 active threads.
Waiting for actors to stop.
Sent output token with value 1.5
Next port to read input from is inputB
Called postfire()
Called prefire()
Called fire()
Called postfire()
Called prefire()
Called fire()
Checking for deadlock:
There are 3 Blocked actors, 0 Stopped actors, and 4 active threads.
Waiting for actors to stop.
Read input token from inputB with value 3.0
-- Read input: 2.0, which is expected to match: 2.0
Called prefire()
Called fire()
Checking for deadlock:
There are 3 Blocked actors, 0 Stopped actors, and 4 active threads.
Waiting for actors to stop.
Sent output token with value 2.0
Next port to read input from is inputA
Called postfire()
Called prefire()
Called fire()
Checking for deadlock:
There are 2 Blocked actors, 0 Stopped actors, and 4 active threads.
Waiting for actors to stop.
Called postfire()
Called prefire()
Called fire()
Checking for deadlock:
There are 3 Blocked actors, 0 Stopped actors, and 4 active threads.
Waiting for actors to stop.
Read input token from inputA with value 3.0
Checking for deadlock:
There are 2 Blocked actors, 0 Stopped actors, and 4 active threads.
Waiting for actors to stop.
-- Read input: 3.0, which is expected to match: 3.0
Called prefire()
Called fire()
Checking for deadlock:
There are 3 Blocked actors, 0 Stopped actors, and 4 active threads.
Waiting for actors to stop.
Sent output token with value 3.0
Next port to read input from is inputB
Called postfire()
Called prefire()
Called fire()
Checking for deadlock:
There are 2 Blocked actors, 0 Stopped actors, and 4 active threads.
Waiting for actors to stop.
Called postfire()
Called prefire()
Called fire()
Checking for deadlock:
There are 3 Blocked actors, 0 Stopped actors, and 4 active threads.
Waiting for actors to stop.
Read input token from inputB with value 4.5
Checking for deadlock:
There are 2 Blocked actors, 0 Stopped actors, and 4 active threads.
Waiting for actors to stop.
-- Read input: 3.0, which is expected to match: 3.0
Called prefire()
Called fire()
Checking for deadlock:
There are 3 Blocked actors, 0 Stopped actors, and 4 active threads.
Waiting for actors to stop.
Sent output token with value 3.0
Next port to read input from is inputA
Called postfire()
Called prefire()
Called fire()
Checking for deadlock:
There are 2 Blocked actors, 0 Stopped actors, and 4 active threads.
Waiting for actors to stop.
Called postfire()
Called prefire()
Called fire()
Checking for deadlock:
There are 3 Blocked actors, 0 Stopped actors, and 4 active threads.
Waiting for actors to stop.
Read input token from inputA with value 4.0
Checking for deadlock:
There are 2 Blocked actors, 0 Stopped actors, and 4 active threads.
Waiting for actors to stop.
-- Read input: 4.0, which is expected to match: 4.0
Called prefire()
Called fire()
Past the end of training data. Read and discard all inputs.
Checking for deadlock:
There are 3 Blocked actors, 0 Stopped actors, and 4 active threads.
Waiting for actors to stop.
Sent output token with value 4.0
Next port to read input from is inputA
Called postfire()
Called prefire()
Called fire()
Checking for deadlock:
There are 2 Blocked actors, 0 Stopped actors, and 4 active threads.
Waiting for actors to stop.
Called postfire()
Called prefire()
Called fire()
Checking for deadlock:
There are 3 Blocked actors, 0 Stopped actors, and 4 active threads.
Waiting for actors to stop.
Read input token from inputA with value 5.0
Checking for deadlock:
There are 2 Blocked actors, 0 Stopped actors, and 4 active threads.
Waiting for actors to stop.
Called prefire()
Called fire()
Past the end of training data. Read and discard all inputs.
Checking for deadlock:
There are 3 Blocked actors, 0 Stopped actors, and 4 active threads.
Waiting for actors to stop.
Sent output token with value 4.5
Next port to read input from is inputB
Called postfire()
Called prefire()
Called fire()
Checking for deadlock:
There are 2 Blocked actors, 0 Stopped actors, and 4 active threads.
Waiting for actors to stop.
Called postfire()
Called prefire()
Called fire()
Checking for deadlock:
There are 3 Blocked actors, 0 Stopped actors, and 4 active threads.
Waiting for actors to stop.
Read input token from inputB with value 6.0
Checking for deadlock:
There are 2 Blocked actors, 0 Stopped actors, and 4 active threads.
Waiting for actors to stop.
Called prefire()
Called fire()
Past the end of training data. Read and discard all inputs.
Checking for deadlock:
There are 3 Blocked actors, 0 Stopped actors, and 4 active threads.
Waiting for actors to stop.
Sent output token with value 5.0
Next port to read input from is inputA
Called postfire()
Called prefire()
Called fire()
Called postfire()
Called prefire()
Called fire()
Checking for deadlock:
There are 3 Blocked actors, 0 Stopped actors, and 4 active threads.
Waiting for actors to stop.
Read input token from inputA with value 6.0
Called prefire()
Called fire()
Past the end of training data. Read and discard all inputs.
Checking for deadlock:
There are 3 Blocked actors, 0 Stopped actors, and 4 active threads.
Waiting for actors to stop.
Sent output token with value 6.0
Next port to read input from is inputB
Called postfire()
Called prefire()
Called fire()
Checking for deadlock:
There are 2 Blocked actors, 0 Stopped actors, and 4 active threads.
Waiting for actors to stop.
Called postfire()
Called prefire()
Called fire()
Checking for deadlock:
There are 3 Blocked actors, 0 Stopped actors, and 4 active threads.
Waiting for actors to stop.
Read input token from inputB with value 7.5
Checking for deadlock:
There are 2 Blocked actors, 0 Stopped actors, and 4 active threads.
Waiting for actors to stop.
Called prefire()
Called fire()
Past the end of training data. Read and discard all inputs.
Checking for deadlock:
There are 3 Blocked actors, 0 Stopped actors, and 4 active threads.
Waiting for actors to stop.
Sent output token with value 6.0
Next port to read input from is inputA
Called postfire()
Called prefire()
Called fire()
Called postfire()
Called prefire()
Called fire()
Checking for deadlock:
There are 3 Blocked actors, 0 Stopped actors, and 4 active threads.
Waiting for actors to stop.
Read input token from inputA with value 7.0
Called prefire()
Called fire()
Past the end of training data. Read and discard all inputs.
Checking for deadlock:
There are 3 Blocked actors, 0 Stopped actors, and 4 active threads.
Waiting for actors to stop.
Sent output token with value 7.0
Next port to read input from is inputA
Called postfire()
Called prefire()
Called fire()
-- Thread wrapup() called.
Called wrapup()
Thread .top.Ramp is exiting.
-- Thread stopped.
Checking for deadlock:
There are 2 Blocked actors, 0 Stopped actors, and 3 active threads.
Waiting for actors to stop.
Read input token from inputA with value 8.0
Checking for deadlock:
There are 1 Blocked actors, 0 Stopped actors, and 3 active threads.
Waiting for actors to stop.
Called prefire()
Called fire()
Past the end of training data. Read and discard all inputs.
Checking for deadlock:
There are 2 Blocked actors, 0 Stopped actors, and 3 active threads.
Waiting for actors to stop.
Sent output token with value 7.5
Next port to read input from is inputB
Called postfire()
Called prefire()
Called fire()
Checking for deadlock:
There are 1 Blocked actors, 0 Stopped actors, and 3 active threads.
Waiting for actors to stop.
Called postfire()
Called prefire()
Called fire()
Checking for deadlock:
There are 2 Blocked actors, 0 Stopped actors, and 3 active threads.
Waiting for actors to stop.
Read input token from inputB with value 9.0
Checking for deadlock:
There are 1 Blocked actors, 0 Stopped actors, and 3 active threads.
Waiting for actors to stop.
Called prefire()
Called fire()
Past the end of training data. Read and discard all inputs.
Checking for deadlock:
There are 2 Blocked actors, 0 Stopped actors, and 3 active threads.
Waiting for actors to stop.
Sent output token with value 8.0
Next port to read input from is inputA
Called postfire()
Called prefire()
Called fire()
Read input token from inputA with value 9.0
Called prefire()
Called fire()
Past the end of training data. Read and discard all inputs.
Checking for deadlock:
There are 2 Blocked actors, 0 Stopped actors, and 3 active threads.
Waiting for actors to stop.
Sent output token with value 9.0
Next port to read input from is inputB
Called postfire()
Called prefire()
Called fire()
Called postfire()
Called prefire()
Called fire()
Checking for deadlock:
There are 2 Blocked actors, 0 Stopped actors, and 3 active threads.
Waiting for actors to stop.
Read input token from inputB with value 10.5
Called prefire()
Called fire()
Past the end of training data. Read and discard all inputs.
Checking for deadlock:
There are 2 Blocked actors, 0 Stopped actors, and 3 active threads.
Waiting for actors to stop.
Sent output token with value 9.0
Next port to read input from is inputA
Called postfire()
Called prefire()
Called fire()
Checking for deadlock:
There are 3 Blocked actors, 0 Stopped actors, and 3 active threads.
Actors have stopped.
Checking for deadlock:
There are 3 Blocked actors, 0 Stopped actors, and 3 active threads.
Deadlock detected.
Resolving Deadlock
Checking for deadlock:
There are 3 Blocked actors, 0 Stopped actors, and 3 active threads.
Artificial Deadlock - increasing queue capacity.
increasing the capacity of receiver ptolemy.actor.TypedIOPort {.top.OrderedMerge.inputB} to 2
Director: Called postfire().
Called postfire().
_stopRequested = false
_stopFireRequested = false
Returning from postfire(): true
Called fire().
Checking for deadlock:
There are 2 Blocked actors, 0 Stopped actors, and 3 active threads.
Waiting for actors to stop.
-- Thread wrapup() called.
Called wrapup()
Thread .top.Ramp2 is exiting.
-- Thread stopped.
Checking for deadlock:
There are 2 Blocked actors, 0 Stopped actors, and 2 active threads.
Actors have stopped.
Checking for deadlock:
There are 2 Blocked actors, 0 Stopped actors, and 2 active threads.
Deadlock detected.
Resolving Deadlock
Checking for deadlock:
There are 2 Blocked actors, 0 Stopped actors, and 2 active threads.
Deadlock detected: no processes blocked on write, but some are blocked on read.
Called postfire().
_stopRequested = false
_stopFireRequested = false
Returning from postfire(): false
Finished deactivating branches.
Called wrapup().
-- Thread wrapup() called.
Called wrapup()
-- Thread wrapup() called.
Called wrapup()
Thread .top.Test is exiting.
-- Thread stopped.
-- Blocked Receiver call threw TerminateProcessException.
Thread .top.OrderedMerge is exiting.
34 ms. Memory: 164864K Free: 62838K (38%)
/home/travis/build/icyphy/ptII/ptolemy/actor/lib/test/Publisher.tcl
-- Thread stopped.
-- Blocked Receiver call threw TerminateProcessException.
14 ms. Memory: 164864K Free: 56694K (34%)
4 ms. Memory: 164864K Free: 144664K (88%)
2 ms. Memory: 164864K Free: 140568K (85%)
4 ms. Memory: 164864K Free: 140039K (85%)
2 ms. Memory: 164864K Free: 139015K (84%)
7 ms. Memory: 164864K Free: 137991K (84%)
3 ms. Memory: 164864K Free: 137496K (83%)
3 ms. Memory: 164864K Free: 136472K (83%)
27 ms. Memory: 164864K Free: 126742K (77%)
4 ms. Memory: 164864K Free: 122631K (74%)
2 ms. Memory: 164864K Free: 122136K (74%)
4 ms. Memory: 164864K Free: 119559K (73%)
10 ms. Memory: 164864K Free: 112406K (68%)
14 ms. Memory: 164864K Free: 102680K (62%)
15 ms. Memory: 164864K Free: 91911K (56%)
/home/travis/build/icyphy/ptII/ptolemy/actor/lib/test/Pulse.tcl
9 ms. Memory: 230400K Free: 211276K (92%)
4 ms. Memory: 230400K Free: 210766K (91%)
8 ms. Memory: 230400K Free: 210238K (91%)
6 ms. Memory: 230400K Free: 209742K (91%)
1 ms. Memory: 230400K Free: 209214K (91%)
15 ms. Memory: 230400K Free: 208204K (90%)
26 ms. Memory: 230400K Free: 213743K (93%)
19 ms. Memory: 230400K Free: 213272K (93%)
1 ms. Memory: 230400K Free: 212758K (92%)
/home/travis/build/icyphy/ptII/ptolemy/actor/lib/test/Ramp.tcl
2 ms. Memory: 230400K Free: 210679K (91%)
6 ms. Memory: 230400K Free: 209686K (91%)
6 ms. Memory: 230400K Free: 209176K (91%)
2 ms. Memory: 230400K Free: 208152K (90%)
6 ms. Memory: 230400K Free: 207607K (90%)
9 ms. Memory: 230400K Free: 206614K (90%)
7 ms. Memory: 230400K Free: 205590K (89%)
5 actors
9000 microseconds per iteration to create
12 ms. Memory: 230400K Free: 203032K (88%)
3 ms. Memory: 230400K Free: 202487K (88%)
2 ms. Memory: 230400K Free: 202008K (88%)
2 ms. Memory: 230400K Free: 201463K (87%)
50 actors
56000 microseconds per iteration to create
42 ms. Memory: 230400K Free: 185624K (81%)
14 ms. Memory: 230400K Free: 184600K (80%)
17 ms. Memory: 230400K Free: 183576K (80%)
11 ms. Memory: 230400K Free: 182552K (79%)
500 actors
1430000 microseconds per iteration to create
306 ms. Memory: 230400K Free: 147222K (64%)
42 ms. Memory: 230400K Free: 141592K (61%)
58 ms. Memory: 230400K Free: 135958K (59%)
43 ms. Memory: 230400K Free: 130328K (57%)
/home/travis/build/icyphy/ptII/ptolemy/actor/lib/test/RampContinuous.tcl
8 ms. Memory: 230400K Free: 128790K (56%)
/home/travis/build/icyphy/ptII/ptolemy/actor/lib/test/RecordAssembler.tcl
6 ms. Memory: 230400K Free: 127256K (55%)
3 ms. Memory: 230400K Free: 126232K (55%)
/home/travis/build/icyphy/ptII/ptolemy/actor/lib/test/RecordDisassembler.tcl
7 ms. Memory: 230400K Free: 124184K (54%)
2 ms. Memory: 230400K Free: 123670K (54%)
4 ms. Memory: 230400K Free: 122646K (53%)
/home/travis/build/icyphy/ptII/ptolemy/actor/lib/test/Scale.tcl
2 ms. Memory: 230400K Free: 120567K (52%)
2 ms. Memory: 230400K Free: 120088K (52%)
1 ms. Memory: 230400K Free: 119064K (52%)
3 ms. Memory: 230400K Free: 118040K (51%)
3 ms. Memory: 230400K Free: 117495K (51%)
/home/travis/build/icyphy/ptII/ptolemy/actor/lib/test/SequentialClock.tcl
preinitializing
resolving types
initializing
executing number 1
wrapping up
idle
2 ms. Memory: 230400K Free: 115992K (50%)
Completed execution with 5 iterations
preinitializing
resolving types
initializing
executing number 1
wrapping up
idle
1 ms. Memory: 230400K Free: 115463K (50%)
Completed execution with 5 iterations
preinitializing
resolving types
initializing
executing number 1
wrapping up
idle
1 ms. Memory: 230400K Free: 114968K (50%)
Completed execution with 5 iterations
/home/travis/build/icyphy/ptII/ptolemy/actor/lib/test/SetVariable.tcl
4 ms. Memory: 230400K Free: 113423K (49%)


==== $PTII/ptolemy/actor/lib/test/SetVariable.tcl: SetVariable-3.1 changeFailed
==== Contents of test case:

    #Uses 2.1 above
    jdkCaptureErr {
        # This test was failing if we ran Exit.tcl and then this test.
        # MessageHandler.error() now actually throws the Exception.
	catch {$setVariable changeFailed [java::null]  [java::new Exception {Test exception for SetVariable.changeFailed()}]} errMsg
    } results
    list [string range $results 0 89] "\n" $errMsg

==== Result was:
{java.lang.Exception: Test exception for SetVariable.changeFailed()
	at java.base/jdk.inter} {
} {java.lang.RuntimeException: java.lang.Exception: Test exception for SetVariable.changeFailed()}
---- Result should have been:
{java.lang.Exception: Test exception for SetVariable.changeFailed()
	at sun.reflect.NativeC} {
} {java.lang.RuntimeException: java.lang.Exception: Test exception for SetVariable.changeFailed()}
---- SetVariable-3.1 FAILED
/home/travis/build/icyphy/ptII/ptolemy/actor/lib/test/Sinewave.tcl
/home/travis/build/icyphy/ptII/ptolemy/actor/lib/test/SubscriptionAggregator.tcl
5 ms. Memory: 230400K Free: 101142K (44%)
2 ms. Memory: 230400K Free: 100632K (44%)
0 ms. Memory: 230400K Free: 100118K (43%)
1 ms. Memory: 230400K Free: 99608K (43%)
2 ms. Memory: 230400K Free: 96015K (42%)
7 ms. Memory: 230400K Free: 93974K (41%)
...............................................................1053 ms. Memory: 347136K Free: 285247K (82%)
/home/travis/build/icyphy/ptII/ptolemy/actor/lib/test/Test.tcl
 The next command will produce a warning about training mode,
   which may be ignored.
4 ms. Memory: 347136K Free: 283201K (82%)
2 ms. Memory: 347136K Free: 282177K (81%)
2 ms. Memory: 347136K Free: 281648K (81%)
1 ms. Memory: 347136K Free: 281153K (81%)
2 ms. Memory: 347136K Free: 280129K (81%)
2 ms. Memory: 347136K Free: 279105K (80%)
3 ms. Memory: 347136K Free: 278081K (80%)
 The next command will produce a warning about training mode,
   which may be ignored.
4 ms. Memory: 347136K Free: 275519K (79%)
 The next command will produce a warning about training mode,
   which may be ignored.
2 ms. Memory: 347136K Free: 274480K (79%)
1 ms. Memory: 347136K Free: 273985K (79%)
1 ms. Memory: 347136K Free: 273440K (79%)
1 ms. Memory: 347136K Free: 272961K (79%)
5 ms. Memory: 347136K Free: 271937K (78%)
3 ms. Memory: 347136K Free: 267841K (77%)
/home/travis/build/icyphy/ptII/ptolemy/actor/lib/test/TestExceptionHandler.tcl
 The next command will produce a warning about training mode,
   which may be ignored.
3 ms. Memory: 347136K Free: 266817K (77%)
1 ms. Memory: 347136K Free: 266296K (77%)
1 ms. Memory: 347136K Free: 265793K (77%)
/home/travis/build/icyphy/ptII/ptolemy/actor/lib/test/UnionDisassembler.tcl
34 ms. Memory: 347136K Free: 258625K (75%)
/home/travis/build/icyphy/ptII/ptolemy/actor/lib/test/VariableClock.tcl
preinitializing
resolving types
initializing
executing number 1
wrapping up
idle
6 ms. Memory: 347136K Free: 256577K (74%)
Completed execution with 11 iterations
preinitializing
resolving types
initializing
executing number 1
wrapping up
idle
4 ms. Memory: 347136K Free: 255024K (73%)
Completed execution with 10 iterations
06/24/19 01:54:38
Failed: 1  Total Tests: 234  ((Passed: 233, Newly Passed: 0)  Known Failed: 0) /home/travis/build/icyphy/ptII/ptolemy/actor/lib/test
----------------- testing (KnownFailure) /home/travis/build/icyphy/ptII/ptolemy/actor/lib/test/auto/knownFailedTests/PublisherPortToplevelSubscriber.xml
8 ms. Memory: 347136K Free: 251457K (72%)
Known Failure: java.lang.reflect.InvocationTargetException
----------------- testing (KnownFailure) /home/travis/build/icyphy/ptII/ptolemy/actor/lib/test/auto/knownFailedTests/PublisherSubscriberPortToplevel.xml
1 ms. Memory: 347136K Free: 247871K (71%)
Known Failure: java.lang.reflect.InvocationTargetException
----------------- testing (KnownFailure) /home/travis/build/icyphy/ptII/ptolemy/actor/lib/test/auto/knownFailedTests/PublisherSubscriptionAggregatorPort.xml
1 ms. Memory: 347136K Free: 243265K (70%)
Known Failure: java.lang.reflect.InvocationTargetException
----------------- testing (KnownFailure) /home/travis/build/icyphy/ptII/ptolemy/actor/lib/test/auto/knownFailedTests/sizedarray3.xml
5 ms. Memory: 347136K Free: 239169K (69%)
Known Failure: java.lang.reflect.InvocationTargetException
No auto/linux-amd64/*.xml tests in /home/travis/build/icyphy/ptII/ptolemy/actor/lib/test
AutoTests.java: About to close Vertx.
AutoTests.java: Vertx closed.

===========================================================================================
----------------- testing Mon Jun 24 01:54:38 UTC 2019 /home/travis/build/icyphy/ptII/ptolemy/actor/lib/test/auto/AbsoluteValue.xml
----------------- Instantiating /home/travis/build/icyphy/ptII/ptolemy/actor/lib/test/auto/AbsoluteValue.xml
4 ms. Memory: 347136K Free: 217151K (63%)
----------------- Invoking toplevel() on ptolemy.moml.MoMLSimpleApplication@4ee57da8
----------------- Done invoking toplevel() on ptolemy.moml.MoMLSimpleApplication@4ee57da8
reloadAllAccessors: .AbsoluteValue

===========================================================================================
----------------- testing Mon Jun 24 01:54:38 UTC 2019 /home/travis/build/icyphy/ptII/ptolemy/actor/lib/test/auto/AbsoluteValue2.xml
----------------- Instantiating /home/travis/build/icyphy/ptII/ptolemy/actor/lib/test/auto/AbsoluteValue2.xml
6 ms. Memory: 347136K Free: 209983K (60%)
----------------- Invoking toplevel() on ptolemy.moml.MoMLSimpleApplication@753b8e5e
----------------- Done invoking toplevel() on ptolemy.moml.MoMLSimpleApplication@753b8e5e
reloadAllAccessors: .AbsoluteValue2

===========================================================================================
----------------- testing Mon Jun 24 01:54:39 UTC 2019 /home/travis/build/icyphy/ptII/ptolemy/actor/lib/test/auto/Accumulator.xml
----------------- Instantiating /home/travis/build/icyphy/ptII/ptolemy/actor/lib/test/auto/Accumulator.xml
9 ms. Memory: 347136K Free: 203839K (59%)
----------------- Invoking toplevel() on ptolemy.moml.MoMLSimpleApplication@545ee523
----------------- Done invoking toplevel() on ptolemy.moml.MoMLSimpleApplication@545ee523
reloadAllAccessors: .Accumulator

===========================================================================================
----------------- testing Mon Jun 24 01:54:39 UTC 2019 /home/travis/build/icyphy/ptII/ptolemy/actor/lib/test/auto/Accumulator2.xml
----------------- Instantiating /home/travis/build/icyphy/ptII/ptolemy/actor/lib/test/auto/Accumulator2.xml
17 ms. Memory: 347136K Free: 198209K (57%)
----------------- Invoking toplevel() on ptolemy.moml.MoMLSimpleApplication@290a74ab
----------------- Done invoking toplevel() on ptolemy.moml.MoMLSimpleApplication@290a74ab
reloadAllAccessors: .Accumulator2

===========================================================================================
----------------- testing Mon Jun 24 01:54:39 UTC 2019 /home/travis/build/icyphy/ptII/ptolemy/actor/lib/test/auto/Accumulator3.xml
----------------- Instantiating /home/travis/build/icyphy/ptII/ptolemy/actor/lib/test/auto/Accumulator3.xml
12 ms. Memory: 347136K Free: 194113K (56%)
----------------- Invoking toplevel() on ptolemy.moml.MoMLSimpleApplication@2fdd8892
----------------- Done invoking toplevel() on ptolemy.moml.MoMLSimpleApplication@2fdd8892
reloadAllAccessors: .Accumulator3

===========================================================================================
----------------- testing Mon Jun 24 01:54:39 UTC 2019 /home/travis/build/icyphy/ptII/ptolemy/actor/lib/test/auto/ArrayAppend.xml
----------------- Instantiating /home/travis/build/icyphy/ptII/ptolemy/actor/lib/test/auto/ArrayAppend.xml
4 ms. Memory: 347136K Free: 187455K (54%)
----------------- Invoking toplevel() on ptolemy.moml.MoMLSimpleApplication@6409b8f3
----------------- Done invoking toplevel() on ptolemy.moml.MoMLSimpleApplication@6409b8f3
reloadAllAccessors: .ArrayAppend

===========================================================================================
----------------- testing Mon Jun 24 01:54:39 UTC 2019 /home/travis/build/icyphy/ptII/ptolemy/actor/lib/test/auto/ArrayAppend2.xml
----------------- Instantiating /home/travis/build/icyphy/ptII/ptolemy/actor/lib/test/auto/ArrayAppend2.xml
340 ms. Memory: 347136K Free: 125505K (36%)
----------------- Invoking toplevel() on ptolemy.moml.MoMLSimpleApplication@51227095
----------------- Done invoking toplevel() on ptolemy.moml.MoMLSimpleApplication@51227095
reloadAllAccessors: .ArrayAppend2

===========================================================================================
----------------- testing Mon Jun 24 01:54:39 UTC 2019 /home/travis/build/icyphy/ptII/ptolemy/actor/lib/test/auto/ArrayAppend3.xml
----------------- Instantiating /home/travis/build/icyphy/ptII/ptolemy/actor/lib/test/auto/ArrayAppend3.xml
4 ms. Memory: 347136K Free: 120895K (35%)
----------------- Invoking toplevel() on ptolemy.moml.MoMLSimpleApplication@34593005
----------------- Done invoking toplevel() on ptolemy.moml.MoMLSimpleApplication@34593005
reloadAllAccessors: .ArrayAppend3

===========================================================================================
----------------- testing Mon Jun 24 01:54:39 UTC 2019 /home/travis/build/icyphy/ptII/ptolemy/actor/lib/test/auto/ArrayAppend4.xml
----------------- Instantiating /home/travis/build/icyphy/ptII/ptolemy/actor/lib/test/auto/ArrayAppend4.xml
3 ms. Memory: 347136K Free: 296830K (86%)
----------------- Invoking toplevel() on ptolemy.moml.MoMLSimpleApplication@494c38d
----------------- Done invoking toplevel() on ptolemy.moml.MoMLSimpleApplication@494c38d
reloadAllAccessors: .ArrayAppend4

===========================================================================================
----------------- testing Mon Jun 24 01:54:39 UTC 2019 /home/travis/build/icyphy/ptII/ptolemy/actor/lib/test/auto/ArrayAppend5.xml
----------------- Instantiating /home/travis/build/icyphy/ptII/ptolemy/actor/lib/test/auto/ArrayAppend5.xml
8 ms. Memory: 347136K Free: 291710K (84%)
----------------- Invoking toplevel() on ptolemy.moml.MoMLSimpleApplication@408ed454
----------------- Done invoking toplevel() on ptolemy.moml.MoMLSimpleApplication@408ed454
reloadAllAccessors: .ArrayAppend5

===========================================================================================
----------------- testing Mon Jun 24 01:54:39 UTC 2019 /home/travis/build/icyphy/ptII/ptolemy/actor/lib/test/auto/ArrayAppend6.xml
----------------- Instantiating /home/travis/build/icyphy/ptII/ptolemy/actor/lib/test/auto/ArrayAppend6.xml
3 ms. Memory: 347136K Free: 287104K (83%)
----------------- Invoking toplevel() on ptolemy.moml.MoMLSimpleApplication@3115a304
----------------- Done invoking toplevel() on ptolemy.moml.MoMLSimpleApplication@3115a304
reloadAllAccessors: .ArrayAppend6

===========================================================================================
----------------- testing Mon Jun 24 01:54:39 UTC 2019 /home/travis/build/icyphy/ptII/ptolemy/actor/lib/test/auto/ArrayAppendPerformanceTest.xml
----------------- Instantiating /home/travis/build/icyphy/ptII/ptolemy/actor/lib/test/auto/ArrayAppendPerformanceTest.xml
38 ms. Memory: 347136K Free: 276350K (80%)
----------------- Invoking toplevel() on ptolemy.moml.MoMLSimpleApplication@3287e78b
----------------- Done invoking toplevel() on ptolemy.moml.MoMLSimpleApplication@3287e78b
reloadAllAccessors: .ArrayAppendPerformanceTest

===========================================================================================
----------------- testing Mon Jun 24 01:54:39 UTC 2019 /home/travis/build/icyphy/ptII/ptolemy/actor/lib/test/auto/ArrayAppendWithEmptyInput.xml
----------------- Instantiating /home/travis/build/icyphy/ptII/ptolemy/actor/lib/test/auto/ArrayAppendWithEmptyInput.xml
13 ms. Memory: 347136K Free: 268672K (77%)
----------------- Invoking toplevel() on ptolemy.moml.MoMLSimpleApplication@695c6cc5
----------------- Done invoking toplevel() on ptolemy.moml.MoMLSimpleApplication@695c6cc5
reloadAllAccessors: .ArrayAppendWithEmptyInput

===========================================================================================
----------------- testing Mon Jun 24 01:54:40 UTC 2019 /home/travis/build/icyphy/ptII/ptolemy/actor/lib/test/auto/ArrayAverage.xml
----------------- Instantiating /home/travis/build/icyphy/ptII/ptolemy/actor/lib/test/auto/ArrayAverage.xml
6 ms. Memory: 347136K Free: 260480K (75%)
----------------- Invoking toplevel() on ptolemy.moml.MoMLSimpleApplication@561d793
----------------- Done invoking toplevel() on ptolemy.moml.MoMLSimpleApplication@561d793
reloadAllAccessors: .ArrayAverage

===========================================================================================
----------------- testing Mon Jun 24 01:54:40 UTC 2019 /home/travis/build/icyphy/ptII/ptolemy/actor/lib/test/auto/ArrayContains.xml
----------------- Instantiating /home/travis/build/icyphy/ptII/ptolemy/actor/lib/test/auto/ArrayContains.xml
3 ms. Memory: 347136K Free: 254846K (73%)
----------------- Invoking toplevel() on ptolemy.moml.MoMLSimpleApplication@6ec36386
----------------- Done invoking toplevel() on ptolemy.moml.MoMLSimpleApplication@6ec36386
reloadAllAccessors: .ArrayContains

===========================================================================================
----------------- testing Mon Jun 24 01:54:40 UTC 2019 /home/travis/build/icyphy/ptII/ptolemy/actor/lib/test/auto/ArrayElement.xml
----------------- Instantiating /home/travis/build/icyphy/ptII/ptolemy/actor/lib/test/auto/ArrayElement.xml
4 ms. Memory: 347136K Free: 248702K (72%)
----------------- Invoking toplevel() on ptolemy.moml.MoMLSimpleApplication@4d3ebb02
----------------- Done invoking toplevel() on ptolemy.moml.MoMLSimpleApplication@4d3ebb02
reloadAllAccessors: .ArrayElement

===========================================================================================
----------------- testing Mon Jun 24 01:54:40 UTC 2019 /home/travis/build/icyphy/ptII/ptolemy/actor/lib/test/auto/ArrayElementAsMatrix.xml
----------------- Instantiating /home/travis/build/icyphy/ptII/ptolemy/actor/lib/test/auto/ArrayElementAsMatrix.xml
19 ms. Memory: 347136K Free: 238976K (69%)
----------------- Invoking toplevel() on ptolemy.moml.MoMLSimpleApplication@c7ac7b0
----------------- Done invoking toplevel() on ptolemy.moml.MoMLSimpleApplication@c7ac7b0
reloadAllAccessors: .ArrayElementAsMatrix

===========================================================================================
----------------- testing Mon Jun 24 01:54:40 UTC 2019 /home/travis/build/icyphy/ptII/ptolemy/actor/lib/test/auto/ArrayElementI.xml
----------------- Instantiating /home/travis/build/icyphy/ptII/ptolemy/actor/lib/test/auto/ArrayElementI.xml
3 ms. Memory: 347136K Free: 234360K (68%)
----------------- Invoking toplevel() on ptolemy.moml.MoMLSimpleApplication@26853d4c
----------------- Done invoking toplevel() on ptolemy.moml.MoMLSimpleApplication@26853d4c
reloadAllAccessors: .ArrayElementI

===========================================================================================
----------------- testing Mon Jun 24 01:54:40 UTC 2019 /home/travis/build/icyphy/ptII/ptolemy/actor/lib/test/auto/ArrayExtract.xml
----------------- Instantiating /home/travis/build/icyphy/ptII/ptolemy/actor/lib/test/auto/ArrayExtract.xml
5 ms. Memory: 347136K Free: 225664K (65%)
----------------- Invoking toplevel() on ptolemy.moml.MoMLSimpleApplication@765c39b2
----------------- Done invoking toplevel() on ptolemy.moml.MoMLSimpleApplication@765c39b2
reloadAllAccessors: .ArrayExtract

===========================================================================================
----------------- testing Mon Jun 24 01:54:40 UTC 2019 /home/travis/build/icyphy/ptII/ptolemy/actor/lib/test/auto/ArrayExtract2.xml
----------------- Instantiating /home/travis/build/icyphy/ptII/ptolemy/actor/lib/test/auto/ArrayExtract2.xml
4 ms. Memory: 347136K Free: 220544K (64%)
----------------- Invoking toplevel() on ptolemy.moml.MoMLSimpleApplication@34903394
----------------- Done invoking toplevel() on ptolemy.moml.MoMLSimpleApplication@34903394
reloadAllAccessors: .ArrayExtract2

===========================================================================================
----------------- testing Mon Jun 24 01:54:40 UTC 2019 /home/travis/build/icyphy/ptII/ptolemy/actor/lib/test/auto/ArrayLength.xml
----------------- Instantiating /home/travis/build/icyphy/ptII/ptolemy/actor/lib/test/auto/ArrayLength.xml
6 ms. Memory: 347136K Free: 215934K (62%)
----------------- Invoking toplevel() on ptolemy.moml.MoMLSimpleApplication@24aea443
----------------- Done invoking toplevel() on ptolemy.moml.MoMLSimpleApplication@24aea443
reloadAllAccessors: .ArrayLength

===========================================================================================
----------------- testing Mon Jun 24 01:54:40 UTC 2019 /home/travis/build/icyphy/ptII/ptolemy/actor/lib/test/auto/ArrayLevelCrossing.xml
----------------- Instantiating /home/travis/build/icyphy/ptII/ptolemy/actor/lib/test/auto/ArrayLevelCrossing.xml
4 ms. Memory: 347136K Free: 207742K (60%)
----------------- Invoking toplevel() on ptolemy.moml.MoMLSimpleApplication@f969599
----------------- Done invoking toplevel() on ptolemy.moml.MoMLSimpleApplication@f969599
reloadAllAccessors: .ArrayLevelCrossing

===========================================================================================
----------------- testing Mon Jun 24 01:54:40 UTC 2019 /home/travis/build/icyphy/ptII/ptolemy/actor/lib/test/auto/ArrayLevelCrossing2.xml
----------------- Instantiating /home/travis/build/icyphy/ptII/ptolemy/actor/lib/test/auto/ArrayLevelCrossing2.xml
3 ms. Memory: 347136K Free: 200064K (58%)
----------------- Invoking toplevel() on ptolemy.moml.MoMLSimpleApplication@7adf410b
----------------- Done invoking toplevel() on ptolemy.moml.MoMLSimpleApplication@7adf410b
reloadAllAccessors: .ArrayLevelCrossing2

===========================================================================================
----------------- testing Mon Jun 24 01:54:40 UTC 2019 /home/travis/build/icyphy/ptII/ptolemy/actor/lib/test/auto/ArrayPeakSearch.xml
----------------- Instantiating /home/travis/build/icyphy/ptII/ptolemy/actor/lib/test/auto/ArrayPeakSearch.xml
9 ms. Memory: 347136K Free: 191358K (55%)
----------------- Invoking toplevel() on ptolemy.moml.MoMLSimpleApplication@3893b396
----------------- Done invoking toplevel() on ptolemy.moml.MoMLSimpleApplication@3893b396
reloadAllAccessors: .ArrayPeakSearch

===========================================================================================
----------------- testing Mon Jun 24 01:54:40 UTC 2019 /home/travis/build/icyphy/ptII/ptolemy/actor/lib/test/auto/ArrayPeakSearch2.xml
----------------- Instantiating /home/travis/build/icyphy/ptII/ptolemy/actor/lib/test/auto/ArrayPeakSearch2.xml
5 ms. Memory: 347136K Free: 180608K (52%)
----------------- Invoking toplevel() on ptolemy.moml.MoMLSimpleApplication@5d1677ed
----------------- Done invoking toplevel() on ptolemy.moml.MoMLSimpleApplication@5d1677ed
reloadAllAccessors: .ArrayPeakSearch2

===========================================================================================
----------------- testing Mon Jun 24 01:54:40 UTC 2019 /home/travis/build/icyphy/ptII/ptolemy/actor/lib/test/auto/ArrayPeakSearch3.xml
----------------- Instantiating /home/travis/build/icyphy/ptII/ptolemy/actor/lib/test/auto/ArrayPeakSearch3.xml
4 ms. Memory: 347136K Free: 171902K (50%)
----------------- Invoking toplevel() on ptolemy.moml.MoMLSimpleApplication@6ae7c411
----------------- Done invoking toplevel() on ptolemy.moml.MoMLSimpleApplication@6ae7c411
reloadAllAccessors: .ArrayPeakSearch3

===========================================================================================
----------------- testing Mon Jun 24 01:54:40 UTC 2019 /home/travis/build/icyphy/ptII/ptolemy/actor/lib/test/auto/ArrayRemoveElement.xml
----------------- Instantiating /home/travis/build/icyphy/ptII/ptolemy/actor/lib/test/auto/ArrayRemoveElement.xml
6 ms. Memory: 347136K Free: 163710K (47%)
----------------- Invoking toplevel() on ptolemy.moml.MoMLSimpleApplication@412a8538
----------------- Done invoking toplevel() on ptolemy.moml.MoMLSimpleApplication@412a8538
reloadAllAccessors: .ArrayRemoveElement

===========================================================================================
----------------- testing Mon Jun 24 01:54:40 UTC 2019 /home/travis/build/icyphy/ptII/ptolemy/actor/lib/test/auto/ArraySort.xml
----------------- Instantiating /home/travis/build/icyphy/ptII/ptolemy/actor/lib/test/auto/ArraySort.xml
7 ms. Memory: 347136K Free: 155008K (45%)
----------------- Invoking toplevel() on ptolemy.moml.MoMLSimpleApplication@d76a11e
----------------- Done invoking toplevel() on ptolemy.moml.MoMLSimpleApplication@d76a11e
reloadAllAccessors: .ArraySort

===========================================================================================
----------------- testing Mon Jun 24 01:54:40 UTC 2019 /home/travis/build/icyphy/ptII/ptolemy/actor/lib/test/auto/ArraySum.xml
----------------- Instantiating /home/travis/build/icyphy/ptII/ptolemy/actor/lib/test/auto/ArraySum.xml
9 ms. Memory: 347136K Free: 149374K (43%)
----------------- Invoking toplevel() on ptolemy.moml.MoMLSimpleApplication@1486a43
----------------- Done invoking toplevel() on ptolemy.moml.MoMLSimpleApplication@1486a43
reloadAllAccessors: .ArraySum

===========================================================================================
----------------- testing Mon Jun 24 01:54:40 UTC 2019 /home/travis/build/icyphy/ptII/ptolemy/actor/lib/test/auto/ArrayToElements.xml
----------------- Instantiating /home/travis/build/icyphy/ptII/ptolemy/actor/lib/test/auto/ArrayToElements.xml
7 ms. Memory: 347136K Free: 144254K (42%)
----------------- Invoking toplevel() on ptolemy.moml.MoMLSimpleApplication@1a032839
----------------- Done invoking toplevel() on ptolemy.moml.MoMLSimpleApplication@1a032839
reloadAllAccessors: .ArrayToElements

===========================================================================================
----------------- testing Mon Jun 24 01:54:40 UTC 2019 /home/travis/build/icyphy/ptII/ptolemy/actor/lib/test/auto/ArrayToMatrix.xml
----------------- Instantiating /home/travis/build/icyphy/ptII/ptolemy/actor/lib/test/auto/ArrayToMatrix.xml
16 ms. Memory: 347136K Free: 129918K (37%)
----------------- Invoking toplevel() on ptolemy.moml.MoMLSimpleApplication@564ace65
----------------- Done invoking toplevel() on ptolemy.moml.MoMLSimpleApplication@564ace65
reloadAllAccessors: .ArrayToMatrix

===========================================================================================
----------------- testing Mon Jun 24 01:54:40 UTC 2019 /home/travis/build/icyphy/ptII/ptolemy/actor/lib/test/auto/ArrayUpdate1.xml
----------------- Instantiating /home/travis/build/icyphy/ptII/ptolemy/actor/lib/test/auto/ArrayUpdate1.xml
4 ms. Memory: 347136K Free: 125312K (36%)
----------------- Invoking toplevel() on ptolemy.moml.MoMLSimpleApplication@7ff6b913
----------------- Done invoking toplevel() on ptolemy.moml.MoMLSimpleApplication@7ff6b913
reloadAllAccessors: .ArrayUpdate1

===========================================================================================
----------------- testing Mon Jun 24 01:54:40 UTC 2019 /home/travis/build/icyphy/ptII/ptolemy/actor/lib/test/auto/ArrayUpdate2.xml
----------------- Instantiating /home/travis/build/icyphy/ptII/ptolemy/actor/lib/test/auto/ArrayUpdate2.xml
13 ms. Memory: 347136K Free: 118654K (34%)
----------------- Invoking toplevel() on ptolemy.moml.MoMLSimpleApplication@2515066d
----------------- Done invoking toplevel() on ptolemy.moml.MoMLSimpleApplication@2515066d
reloadAllAccessors: .ArrayUpdate2

===========================================================================================
----------------- testing Mon Jun 24 01:54:40 UTC 2019 /home/travis/build/icyphy/ptII/ptolemy/actor/lib/test/auto/ArrayUpdate3.xml
----------------- Instantiating /home/travis/build/icyphy/ptII/ptolemy/actor/lib/test/auto/ArrayUpdate3.xml
2 ms. Memory: 347136K Free: 114048K (33%)
----------------- Invoking toplevel() on ptolemy.moml.MoMLSimpleApplication@6c1d7ca9
----------------- Done invoking toplevel() on ptolemy.moml.MoMLSimpleApplication@6c1d7ca9
reloadAllAccessors: .ArrayUpdate3

===========================================================================================
----------------- testing Mon Jun 24 01:54:40 UTC 2019 /home/travis/build/icyphy/ptII/ptolemy/actor/lib/test/auto/Assert1.xml
----------------- Instantiating /home/travis/build/icyphy/ptII/ptolemy/actor/lib/test/auto/Assert1.xml
5 ms. Memory: 347136K Free: 109438K (32%)
----------------- Invoking toplevel() on ptolemy.moml.MoMLSimpleApplication@6d979256
----------------- Done invoking toplevel() on ptolemy.moml.MoMLSimpleApplication@6d979256
reloadAllAccessors: .Assert1

===========================================================================================
----------------- testing Mon Jun 24 01:54:40 UTC 2019 /home/travis/build/icyphy/ptII/ptolemy/actor/lib/test/auto/Assert2.xml
----------------- Instantiating /home/travis/build/icyphy/ptII/ptolemy/actor/lib/test/auto/Assert2.xml
2 ms. Memory: 347136K Free: 104318K (30%)
----------------- Invoking toplevel() on ptolemy.moml.MoMLSimpleApplication@38df404d
----------------- Done invoking toplevel() on ptolemy.moml.MoMLSimpleApplication@38df404d
reloadAllAccessors: .Assert2

===========================================================================================
----------------- testing Mon Jun 24 01:54:40 UTC 2019 /home/travis/build/icyphy/ptII/ptolemy/actor/lib/test/auto/BooleanMultiplexor.xml
----------------- Instantiating /home/travis/build/icyphy/ptII/ptolemy/actor/lib/test/auto/BooleanMultiplexor.xml
3 ms. Memory: 347136K Free: 98688K (28%)
----------------- Invoking toplevel() on ptolemy.moml.MoMLSimpleApplication@15b7b60e
----------------- Done invoking toplevel() on ptolemy.moml.MoMLSimpleApplication@15b7b60e
reloadAllAccessors: .BooleanMultiplexor

===========================================================================================
----------------- testing Mon Jun 24 01:54:40 UTC 2019 /home/travis/build/icyphy/ptII/ptolemy/actor/lib/test/auto/BooleanMultiplexor2.xml
----------------- Instantiating /home/travis/build/icyphy/ptII/ptolemy/actor/lib/test/auto/BooleanMultiplexor2.xml
24 ms. Memory: 635904K Free: 583038K (92%)
----------------- Invoking toplevel() on ptolemy.moml.MoMLSimpleApplication@226614ff
----------------- Done invoking toplevel() on ptolemy.moml.MoMLSimpleApplication@226614ff
reloadAllAccessors: .BooleanMultiplexor2

===========================================================================================
----------------- testing Mon Jun 24 01:54:40 UTC 2019 /home/travis/build/icyphy/ptII/ptolemy/actor/lib/test/auto/BooleanMultiplexor3.xml
----------------- Instantiating /home/travis/build/icyphy/ptII/ptolemy/actor/lib/test/auto/BooleanMultiplexor3.xml
6 ms. Memory: 635904K Free: 578944K (91%)
----------------- Invoking toplevel() on ptolemy.moml.MoMLSimpleApplication@16a29718
----------------- Done invoking toplevel() on ptolemy.moml.MoMLSimpleApplication@16a29718
reloadAllAccessors: .BooleanMultiplexor3

===========================================================================================
----------------- testing Mon Jun 24 01:54:40 UTC 2019 /home/travis/build/icyphy/ptII/ptolemy/actor/lib/test/auto/BooleanSelect.xml
----------------- Instantiating /home/travis/build/icyphy/ptII/ptolemy/actor/lib/test/auto/BooleanSelect.xml
6 ms. Memory: 635904K Free: 573280K (90%)
----------------- Invoking toplevel() on ptolemy.moml.MoMLSimpleApplication@78592bc2
----------------- Done invoking toplevel() on ptolemy.moml.MoMLSimpleApplication@78592bc2
reloadAllAccessors: .BooleanSelect

===========================================================================================
----------------- testing Mon Jun 24 01:54:40 UTC 2019 /home/travis/build/icyphy/ptII/ptolemy/actor/lib/test/auto/BooleanSelect2.xml
----------------- Instantiating /home/travis/build/icyphy/ptII/ptolemy/actor/lib/test/auto/BooleanSelect2.xml
1 ms. Memory: 635904K Free: 568704K (89%)
----------------- Invoking toplevel() on ptolemy.moml.MoMLSimpleApplication@2ef60d6
----------------- Done invoking toplevel() on ptolemy.moml.MoMLSimpleApplication@2ef60d6
reloadAllAccessors: .BooleanSelect2

===========================================================================================
----------------- testing Mon Jun 24 01:54:41 UTC 2019 /home/travis/build/icyphy/ptII/ptolemy/actor/lib/test/auto/BooleanSwitch.xml
----------------- Instantiating /home/travis/build/icyphy/ptII/ptolemy/actor/lib/test/auto/BooleanSwitch.xml
19 ms. Memory: 635904K Free: 563070K (89%)
----------------- Invoking toplevel() on ptolemy.moml.MoMLSimpleApplication@256fe1fa
----------------- Done invoking toplevel() on ptolemy.moml.MoMLSimpleApplication@256fe1fa
reloadAllAccessors: .BooleanSwitch

===========================================================================================
----------------- testing Mon Jun 24 01:54:41 UTC 2019 /home/travis/build/icyphy/ptII/ptolemy/actor/lib/test/auto/BooleanSwitch2.xml
----------------- Instantiating /home/travis/build/icyphy/ptII/ptolemy/actor/lib/test/auto/BooleanSwitch2.xml
2 ms. Memory: 635904K Free: 558464K (88%)
----------------- Invoking toplevel() on ptolemy.moml.MoMLSimpleApplication@3092fadb
----------------- Done invoking toplevel() on ptolemy.moml.MoMLSimpleApplication@3092fadb
reloadAllAccessors: .BooleanSwitch2

===========================================================================================
----------------- testing Mon Jun 24 01:54:41 UTC 2019 /home/travis/build/icyphy/ptII/ptolemy/actor/lib/test/auto/BooleanSwitchCloningBugWithClassRelationGroup.xml
----------------- Instantiating /home/travis/build/icyphy/ptII/ptolemy/actor/lib/test/auto/BooleanSwitchCloningBugWithClassRelationGroup.xml
4 ms. Memory: 635904K Free: 552320K (87%)
----------------- Invoking toplevel() on ptolemy.moml.MoMLSimpleApplication@51883774
----------------- Done invoking toplevel() on ptolemy.moml.MoMLSimpleApplication@51883774
reloadAllAccessors: .BooleanSwitchCloningBugWithClassRelationGroup

===========================================================================================
----------------- testing Mon Jun 24 01:54:41 UTC 2019 /home/travis/build/icyphy/ptII/ptolemy/actor/lib/test/auto/BusActors.xml
----------------- Instantiating /home/travis/build/icyphy/ptII/ptolemy/actor/lib/test/auto/BusActors.xml
7 ms. Memory: 635904K Free: 544128K (86%)
----------------- Invoking toplevel() on ptolemy.moml.MoMLSimpleApplication@68d19823
----------------- Done invoking toplevel() on ptolemy.moml.MoMLSimpleApplication@68d19823
reloadAllAccessors: .BusActors

===========================================================================================
----------------- testing Mon Jun 24 01:54:41 UTC 2019 /home/travis/build/icyphy/ptII/ptolemy/actor/lib/test/auto/ClassWrapper.xml
----------------- Instantiating /home/travis/build/icyphy/ptII/ptolemy/actor/lib/test/auto/ClassWrapper.xml
3 ms. Memory: 635904K Free: 540032K (85%)
----------------- Invoking toplevel() on ptolemy.moml.MoMLSimpleApplication@7f9cd3e3
----------------- Done invoking toplevel() on ptolemy.moml.MoMLSimpleApplication@7f9cd3e3
reloadAllAccessors: .ClassWrapper

===========================================================================================
----------------- testing Mon Jun 24 01:54:41 UTC 2019 /home/travis/build/icyphy/ptII/ptolemy/actor/lib/test/auto/Clock.xml
----------------- Instantiating /home/travis/build/icyphy/ptII/ptolemy/actor/lib/test/auto/Clock.xml
2 ms. Memory: 635904K Free: 535936K (84%)
----------------- Invoking toplevel() on ptolemy.moml.MoMLSimpleApplication@7ffe9702
----------------- Done invoking toplevel() on ptolemy.moml.MoMLSimpleApplication@7ffe9702
reloadAllAccessors: .Clock

===========================================================================================
----------------- testing Mon Jun 24 01:54:41 UTC 2019 /home/travis/build/icyphy/ptII/ptolemy/actor/lib/test/auto/Clock10.xml
----------------- Instantiating /home/travis/build/icyphy/ptII/ptolemy/actor/lib/test/auto/Clock10.xml
4 ms. Memory: 635904K Free: 530302K (83%)
----------------- Invoking toplevel() on ptolemy.moml.MoMLSimpleApplication@6fcbceea
----------------- Done invoking toplevel() on ptolemy.moml.MoMLSimpleApplication@6fcbceea
reloadAllAccessors: .Clock10

===========================================================================================
----------------- testing Mon Jun 24 01:54:41 UTC 2019 /home/travis/build/icyphy/ptII/ptolemy/actor/lib/test/auto/Clock11.xml
----------------- Instantiating /home/travis/build/icyphy/ptII/ptolemy/actor/lib/test/auto/Clock11.xml
10 ms. Memory: 635904K Free: 524152K (82%)
----------------- Invoking toplevel() on ptolemy.moml.MoMLSimpleApplication@3f989059
----------------- Done invoking toplevel() on ptolemy.moml.MoMLSimpleApplication@3f989059
reloadAllAccessors: .Clock11

===========================================================================================
----------------- testing Mon Jun 24 01:54:41 UTC 2019 /home/travis/build/icyphy/ptII/ptolemy/actor/lib/test/auto/Clock12.xml
----------------- Instantiating /home/travis/build/icyphy/ptII/ptolemy/actor/lib/test/auto/Clock12.xml
6 ms. Memory: 635904K Free: 518528K (82%)
----------------- Invoking toplevel() on ptolemy.moml.MoMLSimpleApplication@534ca747
----------------- Done invoking toplevel() on ptolemy.moml.MoMLSimpleApplication@534ca747
reloadAllAccessors: .Clock12

===========================================================================================
----------------- testing Mon Jun 24 01:54:41 UTC 2019 /home/travis/build/icyphy/ptII/ptolemy/actor/lib/test/auto/Clock13.xml
----------------- Instantiating /home/travis/build/icyphy/ptII/ptolemy/actor/lib/test/auto/Clock13.xml
3 ms. Memory: 635904K Free: 512384K (81%)
----------------- Invoking toplevel() on ptolemy.moml.MoMLSimpleApplication@9c36dea
----------------- Done invoking toplevel() on ptolemy.moml.MoMLSimpleApplication@9c36dea
reloadAllAccessors: .Clock13

===========================================================================================
----------------- testing Mon Jun 24 01:54:41 UTC 2019 /home/travis/build/icyphy/ptII/ptolemy/actor/lib/test/auto/Clock14.xml
----------------- Instantiating /home/travis/build/icyphy/ptII/ptolemy/actor/lib/test/auto/Clock14.xml
4 ms. Memory: 635904K Free: 506240K (80%)
----------------- Invoking toplevel() on ptolemy.moml.MoMLSimpleApplication@ab25614
----------------- Done invoking toplevel() on ptolemy.moml.MoMLSimpleApplication@ab25614
reloadAllAccessors: .Clock14

===========================================================================================
----------------- testing Mon Jun 24 01:54:41 UTC 2019 /home/travis/build/icyphy/ptII/ptolemy/actor/lib/test/auto/Clock15.xml
----------------- Instantiating /home/travis/build/icyphy/ptII/ptolemy/actor/lib/test/auto/Clock15.xml
4 ms. Memory: 635904K Free: 500592K (79%)
----------------- Invoking toplevel() on ptolemy.moml.MoMLSimpleApplication@2240b8f0
----------------- Done invoking toplevel() on ptolemy.moml.MoMLSimpleApplication@2240b8f0
reloadAllAccessors: .Clock15

===========================================================================================
----------------- testing Mon Jun 24 01:54:41 UTC 2019 /home/travis/build/icyphy/ptII/ptolemy/actor/lib/test/auto/Clock16.xml
----------------- Instantiating /home/travis/build/icyphy/ptII/ptolemy/actor/lib/test/auto/Clock16.xml
31 ms. Memory: 635904K Free: 485760K (76%)
----------------- Invoking toplevel() on ptolemy.moml.MoMLSimpleApplication@2b3eb47e
----------------- Done invoking toplevel() on ptolemy.moml.MoMLSimpleApplication@2b3eb47e
reloadAllAccessors: .Clock16

===========================================================================================
----------------- testing Mon Jun 24 01:54:41 UTC 2019 /home/travis/build/icyphy/ptII/ptolemy/actor/lib/test/auto/Clock17.xml
----------------- Instantiating /home/travis/build/icyphy/ptII/ptolemy/actor/lib/test/auto/Clock17.xml
27 ms. Memory: 635904K Free: 471920K (74%)
----------------- Invoking toplevel() on ptolemy.moml.MoMLSimpleApplication@75b4813
----------------- Done invoking toplevel() on ptolemy.moml.MoMLSimpleApplication@75b4813
reloadAllAccessors: .Clock17

===========================================================================================
----------------- testing Mon Jun 24 01:54:41 UTC 2019 /home/travis/build/icyphy/ptII/ptolemy/actor/lib/test/auto/Clock18.xml
----------------- Instantiating /home/travis/build/icyphy/ptII/ptolemy/actor/lib/test/auto/Clock18.xml
27 ms. Memory: 635904K Free: 458608K (72%)
----------------- Invoking toplevel() on ptolemy.moml.MoMLSimpleApplication@274ee8a1
----------------- Done invoking toplevel() on ptolemy.moml.MoMLSimpleApplication@274ee8a1
reloadAllAccessors: .Clock18

===========================================================================================
----------------- testing Mon Jun 24 01:54:41 UTC 2019 /home/travis/build/icyphy/ptII/ptolemy/actor/lib/test/auto/Clock19.xml
----------------- Instantiating /home/travis/build/icyphy/ptII/ptolemy/actor/lib/test/auto/Clock19.xml
20 ms. Memory: 635904K Free: 445824K (70%)
----------------- Invoking toplevel() on ptolemy.moml.MoMLSimpleApplication@5c621b2a
----------------- Done invoking toplevel() on ptolemy.moml.MoMLSimpleApplication@5c621b2a
reloadAllAccessors: .Clock19

===========================================================================================
----------------- testing Mon Jun 24 01:54:41 UTC 2019 /home/travis/build/icyphy/ptII/ptolemy/actor/lib/test/auto/Clock2.xml
----------------- Instantiating /home/travis/build/icyphy/ptII/ptolemy/actor/lib/test/auto/Clock2.xml
7 ms. Memory: 635904K Free: 441200K (69%)
----------------- Invoking toplevel() on ptolemy.moml.MoMLSimpleApplication@31506df4
----------------- Done invoking toplevel() on ptolemy.moml.MoMLSimpleApplication@31506df4
reloadAllAccessors: .Clock2

===========================================================================================
----------------- testing Mon Jun 24 01:54:41 UTC 2019 /home/travis/build/icyphy/ptII/ptolemy/actor/lib/test/auto/Clock20.xml
----------------- Instantiating /home/travis/build/icyphy/ptII/ptolemy/actor/lib/test/auto/Clock20.xml
9 ms. Memory: 635904K Free: 436094K (69%)
----------------- Invoking toplevel() on ptolemy.moml.MoMLSimpleApplication@209c0953
----------------- Done invoking toplevel() on ptolemy.moml.MoMLSimpleApplication@209c0953
reloadAllAccessors: .Clock20

===========================================================================================
----------------- testing Mon Jun 24 01:54:41 UTC 2019 /home/travis/build/icyphy/ptII/ptolemy/actor/lib/test/auto/Clock21.xml
----------------- Instantiating /home/travis/build/icyphy/ptII/ptolemy/actor/lib/test/auto/Clock21.xml
4 ms. Memory: 635904K Free: 430464K (68%)
----------------- Invoking toplevel() on ptolemy.moml.MoMLSimpleApplication@39ff9379
----------------- Done invoking toplevel() on ptolemy.moml.MoMLSimpleApplication@39ff9379
reloadAllAccessors: .Clock21

===========================================================================================
----------------- testing Mon Jun 24 01:54:41 UTC 2019 /home/travis/build/icyphy/ptII/ptolemy/actor/lib/test/auto/Clock22.xml
----------------- Instantiating /home/travis/build/icyphy/ptII/ptolemy/actor/lib/test/auto/Clock22.xml
7 ms. Memory: 635904K Free: 424830K (67%)
----------------- Invoking toplevel() on ptolemy.moml.MoMLSimpleApplication@5a885a55
----------------- Done invoking toplevel() on ptolemy.moml.MoMLSimpleApplication@5a885a55
reloadAllAccessors: .Clock22

===========================================================================================
----------------- testing Mon Jun 24 01:54:41 UTC 2019 /home/travis/build/icyphy/ptII/ptolemy/actor/lib/test/auto/Clock23.xml
----------------- Instantiating /home/travis/build/icyphy/ptII/ptolemy/actor/lib/test/auto/Clock23.xml
7 ms. Memory: 635904K Free: 419710K (66%)
----------------- Invoking toplevel() on ptolemy.moml.MoMLSimpleApplication@ea8731e
----------------- Done invoking toplevel() on ptolemy.moml.MoMLSimpleApplication@ea8731e
reloadAllAccessors: .Clock23

===========================================================================================
----------------- testing Mon Jun 24 01:54:41 UTC 2019 /home/travis/build/icyphy/ptII/ptolemy/actor/lib/test/auto/Clock24.xml
----------------- Instantiating /home/travis/build/icyphy/ptII/ptolemy/actor/lib/test/auto/Clock24.xml
3 ms. Memory: 635904K Free: 414080K (65%)
----------------- Invoking toplevel() on ptolemy.moml.MoMLSimpleApplication@10c5d595
----------------- Done invoking toplevel() on ptolemy.moml.MoMLSimpleApplication@10c5d595
reloadAllAccessors: .Clock24

===========================================================================================
----------------- testing Mon Jun 24 01:54:41 UTC 2019 /home/travis/build/icyphy/ptII/ptolemy/actor/lib/test/auto/Clock4.xml
----------------- Instantiating /home/travis/build/icyphy/ptII/ptolemy/actor/lib/test/auto/Clock4.xml
2 ms. Memory: 635904K Free: 409456K (64%)
----------------- Invoking toplevel() on ptolemy.moml.MoMLSimpleApplication@3cfa465b
----------------- Done invoking toplevel() on ptolemy.moml.MoMLSimpleApplication@3cfa465b
reloadAllAccessors: .Clock4

===========================================================================================
----------------- testing Mon Jun 24 01:54:41 UTC 2019 /home/travis/build/icyphy/ptII/ptolemy/actor/lib/test/auto/Clock5.xml
----------------- Instantiating /home/travis/build/icyphy/ptII/ptolemy/actor/lib/test/auto/Clock5.xml
3 ms. Memory: 635904K Free: 403840K (64%)
----------------- Invoking toplevel() on ptolemy.moml.MoMLSimpleApplication@6c8ec869
----------------- Done invoking toplevel() on ptolemy.moml.MoMLSimpleApplication@6c8ec869
reloadAllAccessors: .Clock5

===========================================================================================
----------------- testing Mon Jun 24 01:54:41 UTC 2019 /home/travis/build/icyphy/ptII/ptolemy/actor/lib/test/auto/Clock6.xml
----------------- Instantiating /home/travis/build/icyphy/ptII/ptolemy/actor/lib/test/auto/Clock6.xml
2 ms. Memory: 635904K Free: 399744K (63%)
----------------- Invoking toplevel() on ptolemy.moml.MoMLSimpleApplication@14857984
----------------- Done invoking toplevel() on ptolemy.moml.MoMLSimpleApplication@14857984
reloadAllAccessors: .Clock6

===========================================================================================
----------------- testing Mon Jun 24 01:54:41 UTC 2019 /home/travis/build/icyphy/ptII/ptolemy/actor/lib/test/auto/Clock7.xml
----------------- Instantiating /home/travis/build/icyphy/ptII/ptolemy/actor/lib/test/auto/Clock7.xml
3 ms. Memory: 635904K Free: 395648K (62%)
----------------- Invoking toplevel() on ptolemy.moml.MoMLSimpleApplication@79f6883f
----------------- Done invoking toplevel() on ptolemy.moml.MoMLSimpleApplication@79f6883f
reloadAllAccessors: .Clock7

===========================================================================================
----------------- testing Mon Jun 24 01:54:41 UTC 2019 /home/travis/build/icyphy/ptII/ptolemy/actor/lib/test/auto/Clock8.xml
----------------- Instantiating /home/travis/build/icyphy/ptII/ptolemy/actor/lib/test/auto/Clock8.xml
4 ms. Memory: 635904K Free: 389984K (61%)
----------------- Invoking toplevel() on ptolemy.moml.MoMLSimpleApplication@3a3b2f8b
----------------- Done invoking toplevel() on ptolemy.moml.MoMLSimpleApplication@3a3b2f8b
reloadAllAccessors: .Clock8

===========================================================================================
----------------- testing Mon Jun 24 01:54:41 UTC 2019 /home/travis/build/icyphy/ptII/ptolemy/actor/lib/test/auto/Clock9.xml
----------------- Instantiating /home/travis/build/icyphy/ptII/ptolemy/actor/lib/test/auto/Clock9.xml
5 ms. Memory: 635904K Free: 384864K (61%)
----------------- Invoking toplevel() on ptolemy.moml.MoMLSimpleApplication@5f08e185
----------------- Done invoking toplevel() on ptolemy.moml.MoMLSimpleApplication@5f08e185
reloadAllAccessors: .Clock9

===========================================================================================
----------------- testing Mon Jun 24 01:54:41 UTC 2019 /home/travis/build/icyphy/ptII/ptolemy/actor/lib/test/auto/CommDistDiscard.xml
----------------- Instantiating /home/travis/build/icyphy/ptII/ptolemy/actor/lib/test/auto/CommDistDiscard.xml
6 ms. Memory: 635904K Free: 379264K (60%)
----------------- Invoking toplevel() on ptolemy.moml.MoMLSimpleApplication@3ebeda94
----------------- Done invoking toplevel() on ptolemy.moml.MoMLSimpleApplication@3ebeda94
reloadAllAccessors: .CommDistDiscard

===========================================================================================
----------------- testing Mon Jun 24 01:54:41 UTC 2019 /home/travis/build/icyphy/ptII/ptolemy/actor/lib/test/auto/Commutator.xml
----------------- Instantiating /home/travis/build/icyphy/ptII/ptolemy/actor/lib/test/auto/Commutator.xml
3 ms. Memory: 635904K Free: 374654K (59%)
----------------- Invoking toplevel() on ptolemy.moml.MoMLSimpleApplication@36be8a7
----------------- Done invoking toplevel() on ptolemy.moml.MoMLSimpleApplication@36be8a7
reloadAllAccessors: .Commutator

===========================================================================================
----------------- testing Mon Jun 24 01:54:42 UTC 2019 /home/travis/build/icyphy/ptII/ptolemy/actor/lib/test/auto/Commutator2.xml
----------------- Instantiating /home/travis/build/icyphy/ptII/ptolemy/actor/lib/test/auto/Commutator2.xml
2 ms. Memory: 635904K Free: 370558K (58%)
----------------- Invoking toplevel() on ptolemy.moml.MoMLSimpleApplication@37a7b325
----------------- Done invoking toplevel() on ptolemy.moml.MoMLSimpleApplication@37a7b325
reloadAllAccessors: .Commutator2

===========================================================================================
----------------- testing Mon Jun 24 01:54:42 UTC 2019 /home/travis/build/icyphy/ptII/ptolemy/actor/lib/test/auto/Commutator3.xml
----------------- Instantiating /home/travis/build/icyphy/ptII/ptolemy/actor/lib/test/auto/Commutator3.xml
2 ms. Memory: 635904K Free: 365952K (58%)
----------------- Invoking toplevel() on ptolemy.moml.MoMLSimpleApplication@21ff9946
----------------- Done invoking toplevel() on ptolemy.moml.MoMLSimpleApplication@21ff9946
reloadAllAccessors: .Commutator3

===========================================================================================
----------------- testing Mon Jun 24 01:54:42 UTC 2019 /home/travis/build/icyphy/ptII/ptolemy/actor/lib/test/auto/Compare.xml
----------------- Instantiating /home/travis/build/icyphy/ptII/ptolemy/actor/lib/test/auto/Compare.xml
3 ms. Memory: 635904K Free: 359808K (57%)
----------------- Invoking toplevel() on ptolemy.moml.MoMLSimpleApplication@46092cc1
----------------- Done invoking toplevel() on ptolemy.moml.MoMLSimpleApplication@46092cc1
reloadAllAccessors: .Compare

===========================================================================================
----------------- testing Mon Jun 24 01:54:42 UTC 2019 /home/travis/build/icyphy/ptII/ptolemy/actor/lib/test/auto/CompareDE.xml
----------------- Instantiating /home/travis/build/icyphy/ptII/ptolemy/actor/lib/test/auto/CompareDE.xml
4 ms. Memory: 635904K Free: 352640K (55%)
----------------- Invoking toplevel() on ptolemy.moml.MoMLSimpleApplication@558558ae
----------------- Done invoking toplevel() on ptolemy.moml.MoMLSimpleApplication@558558ae
reloadAllAccessors: .CompareDE

===========================================================================================
----------------- testing Mon Jun 24 01:54:42 UTC 2019 /home/travis/build/icyphy/ptII/ptolemy/actor/lib/test/auto/ComplexDivide.xml
----------------- Instantiating /home/travis/build/icyphy/ptII/ptolemy/actor/lib/test/auto/ComplexDivide.xml
1 ms. Memory: 635904K Free: 349054K (55%)
----------------- Invoking toplevel() on ptolemy.moml.MoMLSimpleApplication@6e75ddd8
----------------- Done invoking toplevel() on ptolemy.moml.MoMLSimpleApplication@6e75ddd8
reloadAllAccessors: .ComplexDivide

===========================================================================================
----------------- testing Mon Jun 24 01:54:42 UTC 2019 /home/travis/build/icyphy/ptII/ptolemy/actor/lib/test/auto/ComputeHistogram.xml
----------------- Instantiating /home/travis/build/icyphy/ptII/ptolemy/actor/lib/test/auto/ComputeHistogram.xml
40 ms. Memory: 635904K Free: 336256K (53%)
----------------- Invoking toplevel() on ptolemy.moml.MoMLSimpleApplication@23b0fd5d
----------------- Done invoking toplevel() on ptolemy.moml.MoMLSimpleApplication@23b0fd5d
reloadAllAccessors: .ComputeHistogram

===========================================================================================
----------------- testing Mon Jun 24 01:54:42 UTC 2019 /home/travis/build/icyphy/ptII/ptolemy/actor/lib/test/auto/ConfigurationSelect.xml
----------------- Instantiating /home/travis/build/icyphy/ptII/ptolemy/actor/lib/test/auto/ConfigurationSelect.xml
9 ms. Memory: 635904K Free: 331136K (52%)
----------------- Invoking toplevel() on ptolemy.moml.MoMLSimpleApplication@5b16959f
----------------- Done invoking toplevel() on ptolemy.moml.MoMLSimpleApplication@5b16959f
reloadAllAccessors: .ConfigurationSelect

===========================================================================================
----------------- testing Mon Jun 24 01:54:42 UTC 2019 /home/travis/build/icyphy/ptII/ptolemy/actor/lib/test/auto/ConfigurationSelect2.xml
----------------- Instantiating /home/travis/build/icyphy/ptII/ptolemy/actor/lib/test/auto/ConfigurationSelect2.xml
1 ms. Memory: 635904K Free: 326526K (51%)
----------------- Invoking toplevel() on ptolemy.moml.MoMLSimpleApplication@530dd6dc
----------------- Done invoking toplevel() on ptolemy.moml.MoMLSimpleApplication@530dd6dc
reloadAllAccessors: .ConfigurationSelect2

===========================================================================================
----------------- testing Mon Jun 24 01:54:42 UTC 2019 /home/travis/build/icyphy/ptII/ptolemy/actor/lib/test/auto/ConfigurationSwitch.xml
----------------- Instantiating /home/travis/build/icyphy/ptII/ptolemy/actor/lib/test/auto/ConfigurationSwitch.xml
3 ms. Memory: 635904K Free: 320896K (50%)
----------------- Invoking toplevel() on ptolemy.moml.MoMLSimpleApplication@6ca6f08
----------------- Done invoking toplevel() on ptolemy.moml.MoMLSimpleApplication@6ca6f08
reloadAllAccessors: .ConfigurationSwitch

===========================================================================================
----------------- testing Mon Jun 24 01:54:42 UTC 2019 /home/travis/build/icyphy/ptII/ptolemy/actor/lib/test/auto/ConfigurationSwitch2.xml
----------------- Instantiating /home/travis/build/icyphy/ptII/ptolemy/actor/lib/test/auto/ConfigurationSwitch2.xml
2 ms. Memory: 635904K Free: 315776K (50%)
----------------- Invoking toplevel() on ptolemy.moml.MoMLSimpleApplication@3f02f4fd
----------------- Done invoking toplevel() on ptolemy.moml.MoMLSimpleApplication@3f02f4fd
reloadAllAccessors: .ConfigurationSwitch2

===========================================================================================
----------------- testing Mon Jun 24 01:54:42 UTC 2019 /home/travis/build/icyphy/ptII/ptolemy/actor/lib/test/auto/ConfigurationSwitchCloningBugWithClassRelationGroup.xml
----------------- Instantiating /home/travis/build/icyphy/ptII/ptolemy/actor/lib/test/auto/ConfigurationSwitchCloningBugWithClassRelationGroup.xml
1 ms. Memory: 635904K Free: 308608K (49%)
----------------- Invoking toplevel() on ptolemy.moml.MoMLSimpleApplication@5f4d9889
----------------- Done invoking toplevel() on ptolemy.moml.MoMLSimpleApplication@5f4d9889
reloadAllAccessors: .ConfigurationSwitchCloningBugWithClassRelationGroup

===========================================================================================
----------------- testing Mon Jun 24 01:54:42 UTC 2019 /home/travis/build/icyphy/ptII/ptolemy/actor/lib/test/auto/ConfigurationSwitchSelectSDF.xml
----------------- Instantiating /home/travis/build/icyphy/ptII/ptolemy/actor/lib/test/auto/ConfigurationSwitchSelectSDF.xml
5 ms. Memory: 635904K Free: 302974K (48%)
----------------- Invoking toplevel() on ptolemy.moml.MoMLSimpleApplication@729fac78
----------------- Done invoking toplevel() on ptolemy.moml.MoMLSimpleApplication@729fac78
reloadAllAccessors: .ConfigurationSwitchSelectSDF

===========================================================================================
----------------- testing Mon Jun 24 01:54:42 UTC 2019 /home/travis/build/icyphy/ptII/ptolemy/actor/lib/test/auto/ConfigurationSwitchSelectSDF2.xml
----------------- Instantiating /home/travis/build/icyphy/ptII/ptolemy/actor/lib/test/auto/ConfigurationSwitchSelectSDF2.xml
2 ms. Memory: 635904K Free: 297344K (47%)
----------------- Invoking toplevel() on ptolemy.moml.MoMLSimpleApplication@23c89d31
----------------- Done invoking toplevel() on ptolemy.moml.MoMLSimpleApplication@23c89d31
reloadAllAccessors: .ConfigurationSwitchSelectSDF2

===========================================================================================
----------------- testing Mon Jun 24 01:54:42 UTC 2019 /home/travis/build/icyphy/ptII/ptolemy/actor/lib/test/auto/Const.xml
----------------- Instantiating /home/travis/build/icyphy/ptII/ptolemy/actor/lib/test/auto/Const.xml
1 ms. Memory: 635904K Free: 293758K (46%)
----------------- Invoking toplevel() on ptolemy.moml.MoMLSimpleApplication@2cd8cc4c
----------------- Done invoking toplevel() on ptolemy.moml.MoMLSimpleApplication@2cd8cc4c
reloadAllAccessors: .Const

===========================================================================================
----------------- testing Mon Jun 24 01:54:42 UTC 2019 /home/travis/build/icyphy/ptII/ptolemy/actor/lib/test/auto/Const2.xml
----------------- Instantiating /home/travis/build/icyphy/ptII/ptolemy/actor/lib/test/auto/Const2.xml
1 ms. Memory: 635904K Free: 289662K (46%)
----------------- Invoking toplevel() on ptolemy.moml.MoMLSimpleApplication@3363b325
----------------- Done invoking toplevel() on ptolemy.moml.MoMLSimpleApplication@3363b325
reloadAllAccessors: .Const2

===========================================================================================
----------------- testing Mon Jun 24 01:54:42 UTC 2019 /home/travis/build/icyphy/ptII/ptolemy/actor/lib/test/auto/Const3.xml
----------------- Instantiating /home/travis/build/icyphy/ptII/ptolemy/actor/lib/test/auto/Const3.xml
1 ms. Memory: 635904K Free: 286590K (45%)
----------------- Invoking toplevel() on ptolemy.moml.MoMLSimpleApplication@69bdc17f
----------------- Done invoking toplevel() on ptolemy.moml.MoMLSimpleApplication@69bdc17f
reloadAllAccessors: .Const3

===========================================================================================
----------------- testing Mon Jun 24 01:54:42 UTC 2019 /home/travis/build/icyphy/ptII/ptolemy/actor/lib/test/auto/ConstantPublisherPort1.xml
----------------- Instantiating /home/travis/build/icyphy/ptII/ptolemy/actor/lib/test/auto/ConstantPublisherPort1.xml
5 ms. Memory: 635904K Free: 278398K (44%)
----------------- Invoking toplevel() on ptolemy.moml.MoMLSimpleApplication@17930085
----------------- Done invoking toplevel() on ptolemy.moml.MoMLSimpleApplication@17930085
reloadAllAccessors: .ConstantPublisherPort1

===========================================================================================
----------------- testing Mon Jun 24 01:54:42 UTC 2019 /home/travis/build/icyphy/ptII/ptolemy/actor/lib/test/auto/ConstantPublisherPort2.xml
----------------- Instantiating /home/travis/build/icyphy/ptII/ptolemy/actor/lib/test/auto/ConstantPublisherPort2.xml
5 ms. Memory: 635904K Free: 270206K (42%)
----------------- Invoking toplevel() on ptolemy.moml.MoMLSimpleApplication@6ea785a8
----------------- Done invoking toplevel() on ptolemy.moml.MoMLSimpleApplication@6ea785a8
reloadAllAccessors: .ConstantPublisherPort2

===========================================================================================
----------------- testing Mon Jun 24 01:54:42 UTC 2019 /home/travis/build/icyphy/ptII/ptolemy/actor/lib/test/auto/ConstantPublisherPort3.xml
----------------- Instantiating /home/travis/build/icyphy/ptII/ptolemy/actor/lib/test/auto/ConstantPublisherPort3.xml
4 ms. Memory: 635904K Free: 263038K (41%)
----------------- Invoking toplevel() on ptolemy.moml.MoMLSimpleApplication@2ad0db3
----------------- Done invoking toplevel() on ptolemy.moml.MoMLSimpleApplication@2ad0db3
reloadAllAccessors: .ConstantPublisherPort3

===========================================================================================
----------------- testing Mon Jun 24 01:54:42 UTC 2019 /home/travis/build/icyphy/ptII/ptolemy/actor/lib/test/auto/ConstantPublisherPort4.xml
----------------- Instantiating /home/travis/build/icyphy/ptII/ptolemy/actor/lib/test/auto/ConstantPublisherPort4.xml
3 ms. Memory: 635904K Free: 255864K (40%)
----------------- Invoking toplevel() on ptolemy.moml.MoMLSimpleApplication@21bbb680
----------------- Done invoking toplevel() on ptolemy.moml.MoMLSimpleApplication@21bbb680
reloadAllAccessors: .ConstantPublisherPort4

===========================================================================================
----------------- testing Mon Jun 24 01:54:42 UTC 2019 /home/travis/build/icyphy/ptII/ptolemy/actor/lib/test/auto/ConstantPublisherPort5.xml
----------------- Instantiating /home/travis/build/icyphy/ptII/ptolemy/actor/lib/test/auto/ConstantPublisherPort5.xml
30 ms. Memory: 635904K Free: 246144K (39%)
----------------- Invoking toplevel() on ptolemy.moml.MoMLSimpleApplication@16497bc2
----------------- Done invoking toplevel() on ptolemy.moml.MoMLSimpleApplication@16497bc2
reloadAllAccessors: .ConstantPublisherPort5

===========================================================================================
----------------- testing Mon Jun 24 01:54:42 UTC 2019 /home/travis/build/icyphy/ptII/ptolemy/actor/lib/test/auto/ConstantPublisherPort6.xml
----------------- Instantiating /home/travis/build/icyphy/ptII/ptolemy/actor/lib/test/auto/ConstantPublisherPort6.xml
14 ms. Memory: 635904K Free: 237438K (37%)
----------------- Invoking toplevel() on ptolemy.moml.MoMLSimpleApplication@391cf917
----------------- Done invoking toplevel() on ptolemy.moml.MoMLSimpleApplication@391cf917
reloadAllAccessors: .ConstantPublisherPort6

===========================================================================================
----------------- testing Mon Jun 24 01:54:42 UTC 2019 /home/travis/build/icyphy/ptII/ptolemy/actor/lib/test/auto/ConstantPublisherPort7.xml
----------------- Instantiating /home/travis/build/icyphy/ptII/ptolemy/actor/lib/test/auto/ConstantPublisherPort7.xml
35 ms. Memory: 635904K Free: 586920K (92%)
----------------- Invoking toplevel() on ptolemy.moml.MoMLSimpleApplication@3cabe9bd
----------------- Done invoking toplevel() on ptolemy.moml.MoMLSimpleApplication@3cabe9bd
reloadAllAccessors: .ConstantPublisherPort7

===========================================================================================
----------------- testing Mon Jun 24 01:54:42 UTC 2019 /home/travis/build/icyphy/ptII/ptolemy/actor/lib/test/auto/ConstraintMonitor1.xml
----------------- Instantiating /home/travis/build/icyphy/ptII/ptolemy/actor/lib/test/auto/ConstraintMonitor1.xml
5 ms. Memory: 635904K Free: 581561K (91%)
----------------- Invoking toplevel() on ptolemy.moml.MoMLSimpleApplication@4f62e077
----------------- Done invoking toplevel() on ptolemy.moml.MoMLSimpleApplication@4f62e077
reloadAllAccessors: .ConstraintMonitor1

===========================================================================================
----------------- testing Mon Jun 24 01:54:42 UTC 2019 /home/travis/build/icyphy/ptII/ptolemy/actor/lib/test/auto/ConstraintMonitor2.xml
----------------- Instantiating /home/travis/build/icyphy/ptII/ptolemy/actor/lib/test/auto/ConstraintMonitor2.xml
5 ms. Memory: 635904K Free: 576953K (91%)
----------------- Invoking toplevel() on ptolemy.moml.MoMLSimpleApplication@3e3065d1
----------------- Done invoking toplevel() on ptolemy.moml.MoMLSimpleApplication@3e3065d1
reloadAllAccessors: .ConstraintMonitor2

===========================================================================================
----------------- testing Mon Jun 24 01:54:42 UTC 2019 /home/travis/build/icyphy/ptII/ptolemy/actor/lib/test/auto/ConstraintMonitor3.xml
----------------- Instantiating /home/travis/build/icyphy/ptII/ptolemy/actor/lib/test/auto/ConstraintMonitor3.xml
2 ms. Memory: 635904K Free: 572347K (90%)
----------------- Invoking toplevel() on ptolemy.moml.MoMLSimpleApplication@7163388e
----------------- Done invoking toplevel() on ptolemy.moml.MoMLSimpleApplication@7163388e
reloadAllAccessors: .ConstraintMonitor3

===========================================================================================
----------------- testing Mon Jun 24 01:54:42 UTC 2019 /home/travis/build/icyphy/ptII/ptolemy/actor/lib/test/auto/ConstraintMonitor4.xml
----------------- Instantiating /home/travis/build/icyphy/ptII/ptolemy/actor/lib/test/auto/ConstraintMonitor4.xml
4 ms. Memory: 635904K Free: 567227K (89%)
----------------- Invoking toplevel() on ptolemy.moml.MoMLSimpleApplication@5f6173c4
----------------- Done invoking toplevel() on ptolemy.moml.MoMLSimpleApplication@5f6173c4
reloadAllAccessors: .ConstraintMonitor4

===========================================================================================
----------------- testing Mon Jun 24 01:54:42 UTC 2019 /home/travis/build/icyphy/ptII/ptolemy/actor/lib/test/auto/ConstraintMonitor5.xml
----------------- Instantiating /home/travis/build/icyphy/ptII/ptolemy/actor/lib/test/auto/ConstraintMonitor5.xml
2 ms. Memory: 635904K Free: 562107K (88%)
----------------- Invoking toplevel() on ptolemy.moml.MoMLSimpleApplication@42206e43
----------------- Done invoking toplevel() on ptolemy.moml.MoMLSimpleApplication@42206e43
reloadAllAccessors: .ConstraintMonitor5

===========================================================================================
----------------- testing Mon Jun 24 01:54:42 UTC 2019 /home/travis/build/icyphy/ptII/ptolemy/actor/lib/test/auto/ConstraintMonitor6.xml
----------------- Instantiating /home/travis/build/icyphy/ptII/ptolemy/actor/lib/test/auto/ConstraintMonitor6.xml
4 ms. Memory: 635904K Free: 556467K (88%)
----------------- Invoking toplevel() on ptolemy.moml.MoMLSimpleApplication@f6be584
----------------- Done invoking toplevel() on ptolemy.moml.MoMLSimpleApplication@f6be584
reloadAllAccessors: .ConstraintMonitor6

===========================================================================================
----------------- testing Mon Jun 24 01:54:42 UTC 2019 /home/travis/build/icyphy/ptII/ptolemy/actor/lib/test/auto/ConstraintMonitor7.xml
----------------- Instantiating /home/travis/build/icyphy/ptII/ptolemy/actor/lib/test/auto/ConstraintMonitor7.xml
5 ms. Memory: 635904K Free: 549819K (86%)
----------------- Invoking toplevel() on ptolemy.moml.MoMLSimpleApplication@7c523a20
----------------- Done invoking toplevel() on ptolemy.moml.MoMLSimpleApplication@7c523a20
reloadAllAccessors: .ConstraintMonitor7

===========================================================================================
----------------- testing Mon Jun 24 01:54:42 UTC 2019 /home/travis/build/icyphy/ptII/ptolemy/actor/lib/test/auto/ConstraintMonitor8.xml
----------------- Instantiating /home/travis/build/icyphy/ptII/ptolemy/actor/lib/test/auto/ConstraintMonitor8.xml
4 ms. Memory: 635904K Free: 542651K (85%)
----------------- Invoking toplevel() on ptolemy.moml.MoMLSimpleApplication@56b46dd3
----------------- Done invoking toplevel() on ptolemy.moml.MoMLSimpleApplication@56b46dd3
reloadAllAccessors: .ConstraintMonitor8

===========================================================================================
----------------- testing Mon Jun 24 01:54:42 UTC 2019 /home/travis/build/icyphy/ptII/ptolemy/actor/lib/test/auto/Counter.xml
----------------- Instantiating /home/travis/build/icyphy/ptII/ptolemy/actor/lib/test/auto/Counter.xml
2 ms. Memory: 635904K Free: 537531K (85%)
----------------- Invoking toplevel() on ptolemy.moml.MoMLSimpleApplication@59bd4941
----------------- Done invoking toplevel() on ptolemy.moml.MoMLSimpleApplication@59bd4941
reloadAllAccessors: .Counter

===========================================================================================
----------------- testing Mon Jun 24 01:54:42 UTC 2019 /home/travis/build/icyphy/ptII/ptolemy/actor/lib/test/auto/CurrentTimeSDF.xml
----------------- Instantiating /home/travis/build/icyphy/ptII/ptolemy/actor/lib/test/auto/CurrentTimeSDF.xml
3 ms. Memory: 635904K Free: 533435K (84%)
----------------- Invoking toplevel() on ptolemy.moml.MoMLSimpleApplication@22fd628d
----------------- Done invoking toplevel() on ptolemy.moml.MoMLSimpleApplication@22fd628d
reloadAllAccessors: .CurrentTimeSDF

===========================================================================================
----------------- testing Mon Jun 24 01:54:42 UTC 2019 /home/travis/build/icyphy/ptII/ptolemy/actor/lib/test/auto/DB.xml
----------------- Instantiating /home/travis/build/icyphy/ptII/ptolemy/actor/lib/test/auto/DB.xml
3 ms. Memory: 635904K Free: 528825K (83%)
----------------- Invoking toplevel() on ptolemy.moml.MoMLSimpleApplication@22cc4642
----------------- Done invoking toplevel() on ptolemy.moml.MoMLSimpleApplication@22cc4642
reloadAllAccessors: .DB

===========================================================================================
----------------- testing Mon Jun 24 01:54:42 UTC 2019 /home/travis/build/icyphy/ptII/ptolemy/actor/lib/test/auto/DBDE.xml
----------------- Instantiating /home/travis/build/icyphy/ptII/ptolemy/actor/lib/test/auto/DBDE.xml
2 ms. Memory: 635904K Free: 522651K (82%)
----------------- Invoking toplevel() on ptolemy.moml.MoMLSimpleApplication@74ee3534
----------------- Done invoking toplevel() on ptolemy.moml.MoMLSimpleApplication@74ee3534
reloadAllAccessors: .DBDE

===========================================================================================
----------------- testing Mon Jun 24 01:54:42 UTC 2019 /home/travis/build/icyphy/ptII/ptolemy/actor/lib/test/auto/DateConstructor.xml
----------------- Instantiating /home/travis/build/icyphy/ptII/ptolemy/actor/lib/test/auto/DateConstructor.xml
22 ms. Memory: 635904K Free: 505273K (79%)
----------------- Invoking toplevel() on ptolemy.moml.MoMLSimpleApplication@59cfcef9
----------------- Done invoking toplevel() on ptolemy.moml.MoMLSimpleApplication@59cfcef9
reloadAllAccessors: .DateConstructor

===========================================================================================
----------------- testing Mon Jun 24 01:54:42 UTC 2019 /home/travis/build/icyphy/ptII/ptolemy/actor/lib/test/auto/DelayTime.xml
----------------- Instantiating /home/travis/build/icyphy/ptII/ptolemy/actor/lib/test/auto/DelayTime.xml
4 ms. Memory: 635904K Free: 500667K (79%)
----------------- Invoking toplevel() on ptolemy.moml.MoMLSimpleApplication@643298a6
----------------- Done invoking toplevel() on ptolemy.moml.MoMLSimpleApplication@643298a6
reloadAllAccessors: .DelayTime

===========================================================================================
----------------- testing Mon Jun 24 01:54:43 UTC 2019 /home/travis/build/icyphy/ptII/ptolemy/actor/lib/test/auto/Dictionary1.xml
----------------- Instantiating /home/travis/build/icyphy/ptII/ptolemy/actor/lib/test/auto/Dictionary1.xml
2 ms. Memory: 635904K Free: 495033K (78%)
----------------- Invoking toplevel() on ptolemy.moml.MoMLSimpleApplication@7ce9a0f1
----------------- Done invoking toplevel() on ptolemy.moml.MoMLSimpleApplication@7ce9a0f1
reloadAllAccessors: .Dictionary1

===========================================================================================
----------------- testing Mon Jun 24 01:54:43 UTC 2019 /home/travis/build/icyphy/ptII/ptolemy/actor/lib/test/auto/Dictionary2.xml
----------------- Instantiating /home/travis/build/icyphy/ptII/ptolemy/actor/lib/test/auto/Dictionary2.xml
4 ms. Memory: 635904K Free: 489403K (77%)
----------------- Invoking toplevel() on ptolemy.moml.MoMLSimpleApplication@1aa9c2d
----------------- Done invoking toplevel() on ptolemy.moml.MoMLSimpleApplication@1aa9c2d
reloadAllAccessors: .Dictionary2

===========================================================================================
----------------- testing Mon Jun 24 01:54:43 UTC 2019 /home/travis/build/icyphy/ptII/ptolemy/actor/lib/test/auto/Dictionary3.xml
----------------- Instantiating /home/travis/build/icyphy/ptII/ptolemy/actor/lib/test/auto/Dictionary3.xml
2 ms. Memory: 635904K Free: 484283K (76%)
----------------- Invoking toplevel() on ptolemy.moml.MoMLSimpleApplication@4dc24706
----------------- Done invoking toplevel() on ptolemy.moml.MoMLSimpleApplication@4dc24706
reloadAllAccessors: .Dictionary3

===========================================================================================
----------------- testing Mon Jun 24 01:54:43 UTC 2019 /home/travis/build/icyphy/ptII/ptolemy/actor/lib/test/auto/Dictionary4.xml
----------------- Instantiating /home/travis/build/icyphy/ptII/ptolemy/actor/lib/test/auto/Dictionary4.xml
4 ms. Memory: 635904K Free: 477115K (75%)
----------------- Invoking toplevel() on ptolemy.moml.MoMLSimpleApplication@2463c43f
----------------- Done invoking toplevel() on ptolemy.moml.MoMLSimpleApplication@2463c43f
reloadAllAccessors: .Dictionary4

===========================================================================================
----------------- testing Mon Jun 24 01:54:43 UTC 2019 /home/travis/build/icyphy/ptII/ptolemy/actor/lib/test/auto/Differential.xml
----------------- Instantiating /home/travis/build/icyphy/ptII/ptolemy/actor/lib/test/auto/Differential.xml
3 ms. Memory: 635904K Free: 472505K (74%)
----------------- Invoking toplevel() on ptolemy.moml.MoMLSimpleApplication@73ea6f6f
----------------- Done invoking toplevel() on ptolemy.moml.MoMLSimpleApplication@73ea6f6f
reloadAllAccessors: .Differential

===========================================================================================
----------------- testing Mon Jun 24 01:54:43 UTC 2019 /home/travis/build/icyphy/ptII/ptolemy/actor/lib/test/auto/Director.xml
----------------- Instantiating /home/travis/build/icyphy/ptII/ptolemy/actor/lib/test/auto/Director.xml
2 ms. Memory: 635904K Free: 468923K (74%)
----------------- Invoking toplevel() on ptolemy.moml.MoMLSimpleApplication@29545a5b
----------------- Done invoking toplevel() on ptolemy.moml.MoMLSimpleApplication@29545a5b
reloadAllAccessors: .Director

===========================================================================================
----------------- testing Mon Jun 24 01:54:43 UTC 2019 /home/travis/build/icyphy/ptII/ptolemy/actor/lib/test/auto/DiscreteClock.xml
----------------- Instantiating /home/travis/build/icyphy/ptII/ptolemy/actor/lib/test/auto/DiscreteClock.xml
1 ms. Memory: 635904K Free: 465337K (73%)
----------------- Invoking toplevel() on ptolemy.moml.MoMLSimpleApplication@4be9fada
----------------- Done invoking toplevel() on ptolemy.moml.MoMLSimpleApplication@4be9fada
reloadAllAccessors: .DiscreteClock

===========================================================================================
----------------- testing Mon Jun 24 01:54:43 UTC 2019 /home/travis/build/icyphy/ptII/ptolemy/actor/lib/test/auto/DiscreteClock10.xml
----------------- Instantiating /home/travis/build/icyphy/ptII/ptolemy/actor/lib/test/auto/DiscreteClock10.xml
7 ms. Memory: 635904K Free: 459193K (72%)
----------------- Invoking toplevel() on ptolemy.moml.MoMLSimpleApplication@8078a17
----------------- Done invoking toplevel() on ptolemy.moml.MoMLSimpleApplication@8078a17
reloadAllAccessors: .DiscreteClock10

===========================================================================================
----------------- testing Mon Jun 24 01:54:43 UTC 2019 /home/travis/build/icyphy/ptII/ptolemy/actor/lib/test/auto/DiscreteClock11.xml
----------------- Instantiating /home/travis/build/icyphy/ptII/ptolemy/actor/lib/test/auto/DiscreteClock11.xml
2 ms. Memory: 635904K Free: 453049K (71%)
----------------- Invoking toplevel() on ptolemy.moml.MoMLSimpleApplication@486ac295
----------------- Done invoking toplevel() on ptolemy.moml.MoMLSimpleApplication@486ac295
reloadAllAccessors: .DiscreteClock11

===========================================================================================
----------------- testing Mon Jun 24 01:54:43 UTC 2019 /home/travis/build/icyphy/ptII/ptolemy/actor/lib/test/auto/DiscreteClock12.xml
----------------- Instantiating /home/travis/build/icyphy/ptII/ptolemy/actor/lib/test/auto/DiscreteClock12.xml
3 ms. Memory: 635904K Free: 447419K (70%)
----------------- Invoking toplevel() on ptolemy.moml.MoMLSimpleApplication@3c08bfa3
----------------- Done invoking toplevel() on ptolemy.moml.MoMLSimpleApplication@3c08bfa3
reloadAllAccessors: .DiscreteClock12

===========================================================================================
----------------- testing Mon Jun 24 01:54:43 UTC 2019 /home/travis/build/icyphy/ptII/ptolemy/actor/lib/test/auto/DiscreteClock13.xml
----------------- Instantiating /home/travis/build/icyphy/ptII/ptolemy/actor/lib/test/auto/DiscreteClock13.xml
5 ms. Memory: 635904K Free: 441275K (69%)
----------------- Invoking toplevel() on ptolemy.moml.MoMLSimpleApplication@4c322778
----------------- Done invoking toplevel() on ptolemy.moml.MoMLSimpleApplication@4c322778
reloadAllAccessors: .DiscreteClock13

===========================================================================================
----------------- testing Mon Jun 24 01:54:43 UTC 2019 /home/travis/build/icyphy/ptII/ptolemy/actor/lib/test/auto/DiscreteClock14.xml
----------------- Instantiating /home/travis/build/icyphy/ptII/ptolemy/actor/lib/test/auto/DiscreteClock14.xml
5 ms. Memory: 635904K Free: 435131K (68%)
----------------- Invoking toplevel() on ptolemy.moml.MoMLSimpleApplication@597702a
----------------- Done invoking toplevel() on ptolemy.moml.MoMLSimpleApplication@597702a
reloadAllAccessors: .DiscreteClock14

===========================================================================================
----------------- testing Mon Jun 24 01:54:43 UTC 2019 /home/travis/build/icyphy/ptII/ptolemy/actor/lib/test/auto/DiscreteClock15.xml
----------------- Instantiating /home/travis/build/icyphy/ptII/ptolemy/actor/lib/test/auto/DiscreteClock15.xml
5 ms. Memory: 635904K Free: 428987K (67%)
----------------- Invoking toplevel() on ptolemy.moml.MoMLSimpleApplication@385bb9dc
----------------- Done invoking toplevel() on ptolemy.moml.MoMLSimpleApplication@385bb9dc
reloadAllAccessors: .DiscreteClock15

===========================================================================================
----------------- testing Mon Jun 24 01:54:43 UTC 2019 /home/travis/build/icyphy/ptII/ptolemy/actor/lib/test/auto/DiscreteClock16.xml
----------------- Instantiating /home/travis/build/icyphy/ptII/ptolemy/actor/lib/test/auto/DiscreteClock16.xml
17 ms. Memory: 635904K Free: 415675K (65%)
----------------- Invoking toplevel() on ptolemy.moml.MoMLSimpleApplication@216b0082
----------------- Done invoking toplevel() on ptolemy.moml.MoMLSimpleApplication@216b0082
reloadAllAccessors: .DiscreteClock16

===========================================================================================
----------------- testing Mon Jun 24 01:54:43 UTC 2019 /home/travis/build/icyphy/ptII/ptolemy/actor/lib/test/auto/DiscreteClock17.xml
----------------- Instantiating /home/travis/build/icyphy/ptII/ptolemy/actor/lib/test/auto/DiscreteClock17.xml
16 ms. Memory: 635904K Free: 400825K (63%)
----------------- Invoking toplevel() on ptolemy.moml.MoMLSimpleApplication@4040e8ee
----------------- Done invoking toplevel() on ptolemy.moml.MoMLSimpleApplication@4040e8ee
reloadAllAccessors: .DiscreteClock17

===========================================================================================
----------------- testing Mon Jun 24 01:54:43 UTC 2019 /home/travis/build/icyphy/ptII/ptolemy/actor/lib/test/auto/DiscreteClock18.xml
----------------- Instantiating /home/travis/build/icyphy/ptII/ptolemy/actor/lib/test/auto/DiscreteClock18.xml
24 ms. Memory: 635904K Free: 387499K (61%)
----------------- Invoking toplevel() on ptolemy.moml.MoMLSimpleApplication@3ac43790
----------------- Done invoking toplevel() on ptolemy.moml.MoMLSimpleApplication@3ac43790
reloadAllAccessors: .DiscreteClock18

===========================================================================================
----------------- testing Mon Jun 24 01:54:43 UTC 2019 /home/travis/build/icyphy/ptII/ptolemy/actor/lib/test/auto/DiscreteClock19.xml
----------------- Instantiating /home/travis/build/icyphy/ptII/ptolemy/actor/lib/test/auto/DiscreteClock19.xml
19 ms. Memory: 635904K Free: 373691K (59%)
----------------- Invoking toplevel() on ptolemy.moml.MoMLSimpleApplication@59896833
----------------- Done invoking toplevel() on ptolemy.moml.MoMLSimpleApplication@59896833
reloadAllAccessors: .DiscreteClock19

===========================================================================================
----------------- testing Mon Jun 24 01:54:43 UTC 2019 /home/travis/build/icyphy/ptII/ptolemy/actor/lib/test/auto/DiscreteClock2.xml
----------------- Instantiating /home/travis/build/icyphy/ptII/ptolemy/actor/lib/test/auto/DiscreteClock2.xml
5 ms. Memory: 635904K Free: 369067K (58%)
----------------- Invoking toplevel() on ptolemy.moml.MoMLSimpleApplication@744af5c2
----------------- Done invoking toplevel() on ptolemy.moml.MoMLSimpleApplication@744af5c2
reloadAllAccessors: .DiscreteClock2

===========================================================================================
----------------- testing Mon Jun 24 01:54:43 UTC 2019 /home/travis/build/icyphy/ptII/ptolemy/actor/lib/test/auto/DiscreteClock20.xml
----------------- Instantiating /home/travis/build/icyphy/ptII/ptolemy/actor/lib/test/auto/DiscreteClock20.xml
8 ms. Memory: 635904K Free: 363451K (57%)
----------------- Invoking toplevel() on ptolemy.moml.MoMLSimpleApplication@5b140b09
----------------- Done invoking toplevel() on ptolemy.moml.MoMLSimpleApplication@5b140b09
reloadAllAccessors: .DiscreteClock20

===========================================================================================
----------------- testing Mon Jun 24 01:54:43 UTC 2019 /home/travis/build/icyphy/ptII/ptolemy/actor/lib/test/auto/DiscreteClock21.xml
----------------- Instantiating /home/travis/build/icyphy/ptII/ptolemy/actor/lib/test/auto/DiscreteClock21.xml
5 ms. Memory: 635904K Free: 357817K (56%)
----------------- Invoking toplevel() on ptolemy.moml.MoMLSimpleApplication@276e7104
----------------- Done invoking toplevel() on ptolemy.moml.MoMLSimpleApplication@276e7104
reloadAllAccessors: .DiscreteClock21

===========================================================================================
----------------- testing Mon Jun 24 01:54:43 UTC 2019 /home/travis/build/icyphy/ptII/ptolemy/actor/lib/test/auto/DiscreteClock22.xml
----------------- Instantiating /home/travis/build/icyphy/ptII/ptolemy/actor/lib/test/auto/DiscreteClock22.xml
6 ms. Memory: 635904K Free: 352187K (55%)
----------------- Invoking toplevel() on ptolemy.moml.MoMLSimpleApplication@18360243
----------------- Done invoking toplevel() on ptolemy.moml.MoMLSimpleApplication@18360243
reloadAllAccessors: .DiscreteClock22

===========================================================================================
----------------- testing Mon Jun 24 01:54:43 UTC 2019 /home/travis/build/icyphy/ptII/ptolemy/actor/lib/test/auto/DiscreteClock23.xml
----------------- Instantiating /home/travis/build/icyphy/ptII/ptolemy/actor/lib/test/auto/DiscreteClock23.xml
10 ms. Memory: 635904K Free: 347067K (55%)
----------------- Invoking toplevel() on ptolemy.moml.MoMLSimpleApplication@327a8ab2
----------------- Done invoking toplevel() on ptolemy.moml.MoMLSimpleApplication@327a8ab2
reloadAllAccessors: .DiscreteClock23

===========================================================================================
----------------- testing Mon Jun 24 01:54:43 UTC 2019 /home/travis/build/icyphy/ptII/ptolemy/actor/lib/test/auto/DiscreteClock24.xml
----------------- Instantiating /home/travis/build/icyphy/ptII/ptolemy/actor/lib/test/auto/DiscreteClock24.xml
5 ms. Memory: 635904K Free: 341433K (54%)
----------------- Invoking toplevel() on ptolemy.moml.MoMLSimpleApplication@50ddad6f
----------------- Done invoking toplevel() on ptolemy.moml.MoMLSimpleApplication@50ddad6f
reloadAllAccessors: .DiscreteClock24

===========================================================================================
----------------- testing Mon Jun 24 01:54:43 UTC 2019 /home/travis/build/icyphy/ptII/ptolemy/actor/lib/test/auto/DiscreteClock4.xml
----------------- Instantiating /home/travis/build/icyphy/ptII/ptolemy/actor/lib/test/auto/DiscreteClock4.xml
4 ms. Memory: 635904K Free: 335803K (53%)
----------------- Invoking toplevel() on ptolemy.moml.MoMLSimpleApplication@7589923c
----------------- Done invoking toplevel() on ptolemy.moml.MoMLSimpleApplication@7589923c
reloadAllAccessors: .DiscreteClock4

===========================================================================================
----------------- testing Mon Jun 24 01:54:43 UTC 2019 /home/travis/build/icyphy/ptII/ptolemy/actor/lib/test/auto/DiscreteClock5.xml
----------------- Instantiating /home/travis/build/icyphy/ptII/ptolemy/actor/lib/test/auto/DiscreteClock5.xml
1 ms. Memory: 635904K Free: 330155K (52%)
----------------- Invoking toplevel() on ptolemy.moml.MoMLSimpleApplication@2a4d80f4
----------------- Done invoking toplevel() on ptolemy.moml.MoMLSimpleApplication@2a4d80f4
reloadAllAccessors: .DiscreteClock5

===========================================================================================
----------------- testing Mon Jun 24 01:54:43 UTC 2019 /home/travis/build/icyphy/ptII/ptolemy/actor/lib/test/auto/DiscreteClock6.xml
----------------- Instantiating /home/travis/build/icyphy/ptII/ptolemy/actor/lib/test/auto/DiscreteClock6.xml
2 ms. Memory: 635904K Free: 326587K (51%)
----------------- Invoking toplevel() on ptolemy.moml.MoMLSimpleApplication@6d2b3ee4
----------------- Done invoking toplevel() on ptolemy.moml.MoMLSimpleApplication@6d2b3ee4
reloadAllAccessors: .DiscreteClock6

===========================================================================================
----------------- testing Mon Jun 24 01:54:43 UTC 2019 /home/travis/build/icyphy/ptII/ptolemy/actor/lib/test/auto/DiscreteClock7.xml
----------------- Instantiating /home/travis/build/icyphy/ptII/ptolemy/actor/lib/test/auto/DiscreteClock7.xml
1 ms. Memory: 635904K Free: 321977K (51%)
----------------- Invoking toplevel() on ptolemy.moml.MoMLSimpleApplication@71e7795
----------------- Done invoking toplevel() on ptolemy.moml.MoMLSimpleApplication@71e7795
reloadAllAccessors: .DiscreteClock7

===========================================================================================
----------------- testing Mon Jun 24 01:54:43 UTC 2019 /home/travis/build/icyphy/ptII/ptolemy/actor/lib/test/auto/DiscreteClock8.xml
----------------- Instantiating /home/travis/build/icyphy/ptII/ptolemy/actor/lib/test/auto/DiscreteClock8.xml
9 ms. Memory: 635904K Free: 316347K (50%)
----------------- Invoking toplevel() on ptolemy.moml.MoMLSimpleApplication@636ba5cc
----------------- Done invoking toplevel() on ptolemy.moml.MoMLSimpleApplication@636ba5cc
reloadAllAccessors: .DiscreteClock8

===========================================================================================
----------------- testing Mon Jun 24 01:54:43 UTC 2019 /home/travis/build/icyphy/ptII/ptolemy/actor/lib/test/auto/DiscreteClock9.xml
----------------- Instantiating /home/travis/build/icyphy/ptII/ptolemy/actor/lib/test/auto/DiscreteClock9.xml
4 ms. Memory: 635904K Free: 310707K (49%)
----------------- Invoking toplevel() on ptolemy.moml.MoMLSimpleApplication@b2daa53
----------------- Done invoking toplevel() on ptolemy.moml.MoMLSimpleApplication@b2daa53
reloadAllAccessors: .DiscreteClock9

===========================================================================================
----------------- testing Mon Jun 24 01:54:43 UTC 2019 /home/travis/build/icyphy/ptII/ptolemy/actor/lib/test/auto/DisplayArray.xml
----------------- Instantiating /home/travis/build/icyphy/ptII/ptolemy/actor/lib/test/auto/DisplayArray.xml
1 ms. Memory: 635904K Free: 307131K (48%)
----------------- Invoking toplevel() on ptolemy.moml.MoMLSimpleApplication@28ac5a19
----------------- Done invoking toplevel() on ptolemy.moml.MoMLSimpleApplication@28ac5a19
reloadAllAccessors: .DisplayArray

===========================================================================================
----------------- testing Mon Jun 24 01:54:43 UTC 2019 /home/travis/build/icyphy/ptII/ptolemy/actor/lib/test/auto/Distributor.xml
----------------- Instantiating /home/travis/build/icyphy/ptII/ptolemy/actor/lib/test/auto/Distributor.xml
1 ms. Memory: 635904K Free: 302521K (48%)
----------------- Invoking toplevel() on ptolemy.moml.MoMLSimpleApplication@53c08387
----------------- Done invoking toplevel() on ptolemy.moml.MoMLSimpleApplication@53c08387
reloadAllAccessors: .Distributor

===========================================================================================
----------------- testing Mon Jun 24 01:54:43 UTC 2019 /home/travis/build/icyphy/ptII/ptolemy/actor/lib/test/auto/Distributor2.xml
----------------- Instantiating /home/travis/build/icyphy/ptII/ptolemy/actor/lib/test/auto/Distributor2.xml
2 ms. Memory: 635904K Free: 297401K (47%)
----------------- Invoking toplevel() on ptolemy.moml.MoMLSimpleApplication@23c69122
----------------- Done invoking toplevel() on ptolemy.moml.MoMLSimpleApplication@23c69122
reloadAllAccessors: .Distributor2

===========================================================================================
----------------- testing Mon Jun 24 01:54:43 UTC 2019 /home/travis/build/icyphy/ptII/ptolemy/actor/lib/test/auto/DownSample.xml
----------------- Instantiating /home/travis/build/icyphy/ptII/ptolemy/actor/lib/test/auto/DownSample.xml
11 ms. Memory: 635904K Free: 292795K (46%)
----------------- Invoking toplevel() on ptolemy.moml.MoMLSimpleApplication@72c0e832
----------------- Done invoking toplevel() on ptolemy.moml.MoMLSimpleApplication@72c0e832
reloadAllAccessors: .DownSample

===========================================================================================
----------------- testing Mon Jun 24 01:54:43 UTC 2019 /home/travis/build/icyphy/ptII/ptolemy/actor/lib/test/auto/ElectronicUnitBase1.xml
----------------- Instantiating /home/travis/build/icyphy/ptII/ptolemy/actor/lib/test/auto/ElectronicUnitBase1.xml
20 ms. Memory: 635904K Free: 276921K (44%)
----------------- Invoking toplevel() on ptolemy.moml.MoMLSimpleApplication@f922c0c
----------------- Done invoking toplevel() on ptolemy.moml.MoMLSimpleApplication@f922c0c
reloadAllAccessors: .ElectronicUnitBase1

===========================================================================================
----------------- testing Mon Jun 24 01:54:43 UTC 2019 /home/travis/build/icyphy/ptII/ptolemy/actor/lib/test/auto/ElementsToArray.xml
----------------- Instantiating /home/travis/build/icyphy/ptII/ptolemy/actor/lib/test/auto/ElementsToArray.xml
3 ms. Memory: 635904K Free: 272315K (43%)
----------------- Invoking toplevel() on ptolemy.moml.MoMLSimpleApplication@5a32a530
----------------- Done invoking toplevel() on ptolemy.moml.MoMLSimpleApplication@5a32a530
reloadAllAccessors: .ElementsToArray

===========================================================================================
----------------- testing Mon Jun 24 01:54:43 UTC 2019 /home/travis/build/icyphy/ptII/ptolemy/actor/lib/test/auto/Equals.xml
----------------- Instantiating /home/travis/build/icyphy/ptII/ptolemy/actor/lib/test/auto/Equals.xml
4 ms. Memory: 635904K Free: 267705K (42%)
----------------- Invoking toplevel() on ptolemy.moml.MoMLSimpleApplication@3fc0ee8c
----------------- Done invoking toplevel() on ptolemy.moml.MoMLSimpleApplication@3fc0ee8c
reloadAllAccessors: .Equals

===========================================================================================
----------------- testing Mon Jun 24 01:54:43 UTC 2019 /home/travis/build/icyphy/ptII/ptolemy/actor/lib/test/auto/Exec.xml
----------------- Instantiating /home/travis/build/icyphy/ptII/ptolemy/actor/lib/test/auto/Exec.xml
23 ms. Memory: 635904K Free: 262585K (41%)
----------------- Invoking toplevel() on ptolemy.moml.MoMLSimpleApplication@11ea6629
----------------- Done invoking toplevel() on ptolemy.moml.MoMLSimpleApplication@11ea6629
reloadAllAccessors: .Exec

===========================================================================================
----------------- testing Mon Jun 24 01:54:43 UTC 2019 /home/travis/build/icyphy/ptII/ptolemy/actor/lib/test/auto/ExecEnvironment.xml
----------------- Instantiating /home/travis/build/icyphy/ptII/ptolemy/actor/lib/test/auto/ExecEnvironment.xml
25 ms. Memory: 635904K Free: 257451K (40%)
----------------- Invoking toplevel() on ptolemy.moml.MoMLSimpleApplication@2400b779
----------------- Done invoking toplevel() on ptolemy.moml.MoMLSimpleApplication@2400b779
reloadAllAccessors: .ExecEnvironment

===========================================================================================
----------------- testing Mon Jun 24 01:54:44 UTC 2019 /home/travis/build/icyphy/ptII/ptolemy/actor/lib/test/auto/ExecNonZeroReturnOutput.xml
----------------- Instantiating /home/travis/build/icyphy/ptII/ptolemy/actor/lib/test/auto/ExecNonZeroReturnOutput.xml
187 ms. Memory: 635904K Free: 245691K (39%)
----------------- Invoking toplevel() on ptolemy.moml.MoMLSimpleApplication@18d6cff7
----------------- Done invoking toplevel() on ptolemy.moml.MoMLSimpleApplication@18d6cff7
reloadAllAccessors: .ExecNonZeroReturnOutput

===========================================================================================
----------------- testing Mon Jun 24 01:54:44 UTC 2019 /home/travis/build/icyphy/ptII/ptolemy/actor/lib/test/auto/ExecRunDemos.xml
----------------- Instantiating /home/travis/build/icyphy/ptII/ptolemy/actor/lib/test/auto/ExecRunDemos.xml
10692 ms. Memory: 635904K Free: 226235K (36%)

===========================================================================================
----------------- testing Mon Jun 24 01:54:54 UTC 2019 /home/travis/build/icyphy/ptII/ptolemy/actor/lib/test/auto/ExecStop.xml
----------------- Instantiating /home/travis/build/icyphy/ptII/ptolemy/actor/lib/test/auto/ExecStop.xml
5021 ms. Memory: 635904K Free: 487135K (77%)
----------------- Invoking toplevel() on ptolemy.moml.MoMLSimpleApplication@3bf4618e
----------------- Done invoking toplevel() on ptolemy.moml.MoMLSimpleApplication@3bf4618e
reloadAllAccessors: .ExecStop

===========================================================================================
----------------- testing Mon Jun 24 01:55:00 UTC 2019 /home/travis/build/icyphy/ptII/ptolemy/actor/lib/test/auto/ExecutionTimeSDF.xml
----------------- Instantiating /home/travis/build/icyphy/ptII/ptolemy/actor/lib/test/auto/ExecutionTimeSDF.xml
Fired ExecutionTime: 1957200000
Fired ExecutionTime: 1058000000
Fired ExecutionTime: -1649767296
6009 ms. Memory: 635904K Free: 474577K (75%)
----------------- Invoking toplevel() on ptolemy.moml.MoMLSimpleApplication@2828d7a5
----------------- Done invoking toplevel() on ptolemy.moml.MoMLSimpleApplication@2828d7a5
reloadAllAccessors: .ExecutionTimeSDF

===========================================================================================
----------------- testing Mon Jun 24 01:55:06 UTC 2019 /home/travis/build/icyphy/ptII/ptolemy/actor/lib/test/auto/Expression1.xml
----------------- Instantiating /home/travis/build/icyphy/ptII/ptolemy/actor/lib/test/auto/Expression1.xml
2 ms. Memory: 635904K Free: 471009K (74%)
----------------- Invoking toplevel() on ptolemy.moml.MoMLSimpleApplication@7a3aa8ec
----------------- Done invoking toplevel() on ptolemy.moml.MoMLSimpleApplication@7a3aa8ec
reloadAllAccessors: .Expression1

===========================================================================================
----------------- testing Mon Jun 24 01:55:06 UTC 2019 /home/travis/build/icyphy/ptII/ptolemy/actor/lib/test/auto/Expression10.xml
----------------- Instantiating /home/travis/build/icyphy/ptII/ptolemy/actor/lib/test/auto/Expression10.xml
5 ms. Memory: 635904K Free: 465375K (73%)
----------------- Invoking toplevel() on ptolemy.moml.MoMLSimpleApplication@1bbdc665
----------------- Done invoking toplevel() on ptolemy.moml.MoMLSimpleApplication@1bbdc665
reloadAllAccessors: .Expression10

===========================================================================================
----------------- testing Mon Jun 24 01:55:06 UTC 2019 /home/travis/build/icyphy/ptII/ptolemy/actor/lib/test/auto/Expression11.xml
----------------- Instantiating /home/travis/build/icyphy/ptII/ptolemy/actor/lib/test/auto/Expression11.xml
2 ms. Memory: 635904K Free: 460769K (72%)
----------------- Invoking toplevel() on ptolemy.moml.MoMLSimpleApplication@11b0f947
----------------- Done invoking toplevel() on ptolemy.moml.MoMLSimpleApplication@11b0f947
reloadAllAccessors: .Expression11

===========================================================================================
----------------- testing Mon Jun 24 01:55:06 UTC 2019 /home/travis/build/icyphy/ptII/ptolemy/actor/lib/test/auto/Expression12.xml
----------------- Instantiating /home/travis/build/icyphy/ptII/ptolemy/actor/lib/test/auto/Expression12.xml
2 ms. Memory: 635904K Free: 455135K (72%)
----------------- Invoking toplevel() on ptolemy.moml.MoMLSimpleApplication@ade36ef
----------------- Done invoking toplevel() on ptolemy.moml.MoMLSimpleApplication@ade36ef
reloadAllAccessors: .Expression12

===========================================================================================
----------------- testing Mon Jun 24 01:55:06 UTC 2019 /home/travis/build/icyphy/ptII/ptolemy/actor/lib/test/auto/Expression13.xml
----------------- Instantiating /home/travis/build/icyphy/ptII/ptolemy/actor/lib/test/auto/Expression13.xml
4 ms. Memory: 635904K Free: 450529K (71%)
----------------- Invoking toplevel() on ptolemy.moml.MoMLSimpleApplication@2a84d2b1
----------------- Done invoking toplevel() on ptolemy.moml.MoMLSimpleApplication@2a84d2b1
reloadAllAccessors: .Expression13

===========================================================================================
----------------- testing Mon Jun 24 01:55:06 UTC 2019 /home/travis/build/icyphy/ptII/ptolemy/actor/lib/test/auto/Expression14.xml
----------------- Instantiating /home/travis/build/icyphy/ptII/ptolemy/actor/lib/test/auto/Expression14.xml
10 ms. Memory: 635904K Free: 444385K (70%)
----------------- Invoking toplevel() on ptolemy.moml.MoMLSimpleApplication@6ff92a48
----------------- Done invoking toplevel() on ptolemy.moml.MoMLSimpleApplication@6ff92a48
reloadAllAccessors: .Expression14

===========================================================================================
----------------- testing Mon Jun 24 01:55:06 UTC 2019 /home/travis/build/icyphy/ptII/ptolemy/actor/lib/test/auto/Expression15.xml
----------------- Instantiating /home/travis/build/icyphy/ptII/ptolemy/actor/lib/test/auto/Expression15.xml
2 ms. Memory: 635904K Free: 440799K (69%)
----------------- Invoking toplevel() on ptolemy.moml.MoMLSimpleApplication@6de9532c
----------------- Done invoking toplevel() on ptolemy.moml.MoMLSimpleApplication@6de9532c
reloadAllAccessors: .Expression15

===========================================================================================
----------------- testing Mon Jun 24 01:55:06 UTC 2019 /home/travis/build/icyphy/ptII/ptolemy/actor/lib/test/auto/Expression16.xml
----------------- Instantiating /home/travis/build/icyphy/ptII/ptolemy/actor/lib/test/auto/Expression16.xml
4 ms. Memory: 635904K Free: 435169K (68%)
----------------- Invoking toplevel() on ptolemy.moml.MoMLSimpleApplication@407b4c8
----------------- Done invoking toplevel() on ptolemy.moml.MoMLSimpleApplication@407b4c8
reloadAllAccessors: .Expression16

===========================================================================================
----------------- testing Mon Jun 24 01:55:06 UTC 2019 /home/travis/build/icyphy/ptII/ptolemy/actor/lib/test/auto/Expression17.xml
----------------- Instantiating /home/travis/build/icyphy/ptII/ptolemy/actor/lib/test/auto/Expression17.xml
3 ms. Memory: 635904K Free: 430049K (68%)
----------------- Invoking toplevel() on ptolemy.moml.MoMLSimpleApplication@174d13a2
----------------- Done invoking toplevel() on ptolemy.moml.MoMLSimpleApplication@174d13a2
reloadAllAccessors: .Expression17

===========================================================================================
----------------- testing Mon Jun 24 01:55:06 UTC 2019 /home/travis/build/icyphy/ptII/ptolemy/actor/lib/test/auto/Expression18.xml
----------------- Instantiating /home/travis/build/icyphy/ptII/ptolemy/actor/lib/test/auto/Expression18.xml
4 ms. Memory: 635904K Free: 425439K (67%)
----------------- Invoking toplevel() on ptolemy.moml.MoMLSimpleApplication@5aeca50a
----------------- Done invoking toplevel() on ptolemy.moml.MoMLSimpleApplication@5aeca50a
reloadAllAccessors: .Expression18

===========================================================================================
----------------- testing Mon Jun 24 01:55:06 UTC 2019 /home/travis/build/icyphy/ptII/ptolemy/actor/lib/test/auto/Expression2.xml
----------------- Instantiating /home/travis/build/icyphy/ptII/ptolemy/actor/lib/test/auto/Expression2.xml
3 ms. Memory: 635904K Free: 420319K (66%)
----------------- Invoking toplevel() on ptolemy.moml.MoMLSimpleApplication@7757062
----------------- Done invoking toplevel() on ptolemy.moml.MoMLSimpleApplication@7757062
reloadAllAccessors: .Expression2

===========================================================================================
----------------- testing Mon Jun 24 01:55:06 UTC 2019 /home/travis/build/icyphy/ptII/ptolemy/actor/lib/test/auto/Expression3.xml
----------------- Instantiating /home/travis/build/icyphy/ptII/ptolemy/actor/lib/test/auto/Expression3.xml
7 ms. Memory: 635904K Free: 415199K (65%)
----------------- Invoking toplevel() on ptolemy.moml.MoMLSimpleApplication@4744fe18
----------------- Done invoking toplevel() on ptolemy.moml.MoMLSimpleApplication@4744fe18
reloadAllAccessors: .Expression3

===========================================================================================
----------------- testing Mon Jun 24 01:55:06 UTC 2019 /home/travis/build/icyphy/ptII/ptolemy/actor/lib/test/auto/Expression4.xml
----------------- Instantiating /home/travis/build/icyphy/ptII/ptolemy/actor/lib/test/auto/Expression4.xml
7 ms. Memory: 635904K Free: 407521K (64%)
----------------- Invoking toplevel() on ptolemy.moml.MoMLSimpleApplication@7a44491b
----------------- Done invoking toplevel() on ptolemy.moml.MoMLSimpleApplication@7a44491b
reloadAllAccessors: .Expression4

===========================================================================================
----------------- testing Mon Jun 24 01:55:06 UTC 2019 /home/travis/build/icyphy/ptII/ptolemy/actor/lib/test/auto/Expression5.xml
----------------- Instantiating /home/travis/build/icyphy/ptII/ptolemy/actor/lib/test/auto/Expression5.xml
5 ms. Memory: 635904K Free: 402401K (63%)
----------------- Invoking toplevel() on ptolemy.moml.MoMLSimpleApplication@5126f703
----------------- Done invoking toplevel() on ptolemy.moml.MoMLSimpleApplication@5126f703
reloadAllAccessors: .Expression5

===========================================================================================
----------------- testing Mon Jun 24 01:55:06 UTC 2019 /home/travis/build/icyphy/ptII/ptolemy/actor/lib/test/auto/Expression6.xml
----------------- Instantiating /home/travis/build/icyphy/ptII/ptolemy/actor/lib/test/auto/Expression6.xml
2 ms. Memory: 635904K Free: 398305K (63%)
----------------- Invoking toplevel() on ptolemy.moml.MoMLSimpleApplication@3883e8d0
----------------- Done invoking toplevel() on ptolemy.moml.MoMLSimpleApplication@3883e8d0
reloadAllAccessors: .Expression6

===========================================================================================
----------------- testing Mon Jun 24 01:55:06 UTC 2019 /home/travis/build/icyphy/ptII/ptolemy/actor/lib/test/auto/Expression7.xml
----------------- Instantiating /home/travis/build/icyphy/ptII/ptolemy/actor/lib/test/auto/Expression7.xml
3 ms. Memory: 635904K Free: 393185K (62%)
----------------- Invoking toplevel() on ptolemy.moml.MoMLSimpleApplication@7f3fa4d9
----------------- Done invoking toplevel() on ptolemy.moml.MoMLSimpleApplication@7f3fa4d9
reloadAllAccessors: .Expression7

===========================================================================================
----------------- testing Mon Jun 24 01:55:06 UTC 2019 /home/travis/build/icyphy/ptII/ptolemy/actor/lib/test/auto/Expression8.xml
----------------- Instantiating /home/travis/build/icyphy/ptII/ptolemy/actor/lib/test/auto/Expression8.xml
8 ms. Memory: 635904K Free: 388065K (61%)
----------------- Invoking toplevel() on ptolemy.moml.MoMLSimpleApplication@4738ae66
----------------- Done invoking toplevel() on ptolemy.moml.MoMLSimpleApplication@4738ae66
reloadAllAccessors: .Expression8

===========================================================================================
----------------- testing Mon Jun 24 01:55:06 UTC 2019 /home/travis/build/icyphy/ptII/ptolemy/actor/lib/test/auto/Expression9.xml
----------------- Instantiating /home/travis/build/icyphy/ptII/ptolemy/actor/lib/test/auto/Expression9.xml
2 ms. Memory: 635904K Free: 383969K (60%)
----------------- Invoking toplevel() on ptolemy.moml.MoMLSimpleApplication@3f421065
----------------- Done invoking toplevel() on ptolemy.moml.MoMLSimpleApplication@3f421065
reloadAllAccessors: .Expression9

===========================================================================================
----------------- testing Mon Jun 24 01:55:06 UTC 2019 /home/travis/build/icyphy/ptII/ptolemy/actor/lib/test/auto/ExpressionConcatenateArrayType.xml
----------------- Instantiating /home/travis/build/icyphy/ptII/ptolemy/actor/lib/test/auto/ExpressionConcatenateArrayType.xml
3 ms. Memory: 635904K Free: 377311K (59%)
----------------- Invoking toplevel() on ptolemy.moml.MoMLSimpleApplication@282993e6
----------------- Done invoking toplevel() on ptolemy.moml.MoMLSimpleApplication@282993e6
reloadAllAccessors: .ExpressionConcatenateArrayType

===========================================================================================
----------------- testing Mon Jun 24 01:55:06 UTC 2019 /home/travis/build/icyphy/ptII/ptolemy/actor/lib/test/auto/ExpressionConcatenateArrayType2.xml
----------------- Instantiating /home/travis/build/icyphy/ptII/ptolemy/actor/lib/test/auto/ExpressionConcatenateArrayType2.xml
4 ms. Memory: 635904K Free: 371681K (58%)
----------------- Invoking toplevel() on ptolemy.moml.MoMLSimpleApplication@288287f5
----------------- Done invoking toplevel() on ptolemy.moml.MoMLSimpleApplication@288287f5
reloadAllAccessors: .ExpressionConcatenateArrayType2

===========================================================================================
----------------- testing Mon Jun 24 01:55:06 UTC 2019 /home/travis/build/icyphy/ptII/ptolemy/actor/lib/test/auto/ExpressionFix.xml
----------------- Instantiating /home/travis/build/icyphy/ptII/ptolemy/actor/lib/test/auto/ExpressionFix.xml
24 ms. Memory: 635904K Free: 365537K (57%)
----------------- Invoking toplevel() on ptolemy.moml.MoMLSimpleApplication@4a59bc39
----------------- Done invoking toplevel() on ptolemy.moml.MoMLSimpleApplication@4a59bc39
reloadAllAccessors: .ExpressionFix

===========================================================================================
----------------- testing Mon Jun 24 01:55:06 UTC 2019 /home/travis/build/icyphy/ptII/ptolemy/actor/lib/test/auto/ExpressionFix2.xml
----------------- Instantiating /home/travis/build/icyphy/ptII/ptolemy/actor/lib/test/auto/ExpressionFix2.xml
4 ms. Memory: 635904K Free: 361441K (57%)
----------------- Invoking toplevel() on ptolemy.moml.MoMLSimpleApplication@6b021796
----------------- Done invoking toplevel() on ptolemy.moml.MoMLSimpleApplication@6b021796
reloadAllAccessors: .ExpressionFix2

===========================================================================================
----------------- testing Mon Jun 24 01:55:06 UTC 2019 /home/travis/build/icyphy/ptII/ptolemy/actor/lib/test/auto/ExpressionFix3.xml
----------------- Instantiating /home/travis/build/icyphy/ptII/ptolemy/actor/lib/test/auto/ExpressionFix3.xml
4 ms. Memory: 635904K Free: 356831K (56%)
----------------- Invoking toplevel() on ptolemy.moml.MoMLSimpleApplication@719fdd07
----------------- Done invoking toplevel() on ptolemy.moml.MoMLSimpleApplication@719fdd07
reloadAllAccessors: .ExpressionFix3

===========================================================================================
----------------- testing Mon Jun 24 01:55:06 UTC 2019 /home/travis/build/icyphy/ptII/ptolemy/actor/lib/test/auto/FileWriter1.xml
----------------- Instantiating /home/travis/build/icyphy/ptII/ptolemy/actor/lib/test/auto/FileWriter1.xml
2 ms. Memory: 635904K Free: 352735K (55%)
----------------- Invoking toplevel() on ptolemy.moml.MoMLSimpleApplication@5861f133
----------------- Done invoking toplevel() on ptolemy.moml.MoMLSimpleApplication@5861f133
reloadAllAccessors: .FileWriter1

===========================================================================================
----------------- testing Mon Jun 24 01:55:06 UTC 2019 /home/travis/build/icyphy/ptII/ptolemy/actor/lib/test/auto/FileWriter2.xml
----------------- Instantiating /home/travis/build/icyphy/ptII/ptolemy/actor/lib/test/auto/FileWriter2.xml
7 ms. Memory: 635904K Free: 348129K (55%)
----------------- Invoking toplevel() on ptolemy.moml.MoMLSimpleApplication@32f66e9c
----------------- Done invoking toplevel() on ptolemy.moml.MoMLSimpleApplication@32f66e9c
reloadAllAccessors: .FileWriter2

===========================================================================================
----------------- testing Mon Jun 24 01:55:06 UTC 2019 /home/travis/build/icyphy/ptII/ptolemy/actor/lib/test/auto/FileWriter3.xml
----------------- Instantiating /home/travis/build/icyphy/ptII/ptolemy/actor/lib/test/auto/FileWriter3.xml
5 ms. Memory: 635904K Free: 344033K (54%)
----------------- Invoking toplevel() on ptolemy.moml.MoMLSimpleApplication@30a13527
----------------- Done invoking toplevel() on ptolemy.moml.MoMLSimpleApplication@30a13527
reloadAllAccessors: .FileWriter3

===========================================================================================
----------------- testing Mon Jun 24 01:55:06 UTC 2019 /home/travis/build/icyphy/ptII/ptolemy/actor/lib/test/auto/Gaussian.xml
----------------- Instantiating /home/travis/build/icyphy/ptII/ptolemy/actor/lib/test/auto/Gaussian.xml
2 ms. Memory: 635904K Free: 339937K (53%)
----------------- Invoking toplevel() on ptolemy.moml.MoMLSimpleApplication@5b760f7e
----------------- Done invoking toplevel() on ptolemy.moml.MoMLSimpleApplication@5b760f7e
reloadAllAccessors: .Gaussian

===========================================================================================
----------------- testing Mon Jun 24 01:55:06 UTC 2019 /home/travis/build/icyphy/ptII/ptolemy/actor/lib/test/auto/Gaussian1.xml
----------------- Instantiating /home/travis/build/icyphy/ptII/ptolemy/actor/lib/test/auto/Gaussian1.xml
2 ms. Memory: 635904K Free: 334817K (53%)
----------------- Invoking toplevel() on ptolemy.moml.MoMLSimpleApplication@145b29aa
----------------- Done invoking toplevel() on ptolemy.moml.MoMLSimpleApplication@145b29aa
reloadAllAccessors: .Gaussian1

===========================================================================================
----------------- testing Mon Jun 24 01:55:06 UTC 2019 /home/travis/build/icyphy/ptII/ptolemy/actor/lib/test/auto/Gaussian2.xml
----------------- Instantiating /home/travis/build/icyphy/ptII/ptolemy/actor/lib/test/auto/Gaussian2.xml
2 ms. Memory: 635904K Free: 329153K (52%)
----------------- Invoking toplevel() on ptolemy.moml.MoMLSimpleApplication@672d4bcb
----------------- Done invoking toplevel() on ptolemy.moml.MoMLSimpleApplication@672d4bcb
reloadAllAccessors: .Gaussian2

===========================================================================================
----------------- testing Mon Jun 24 01:55:06 UTC 2019 /home/travis/build/icyphy/ptII/ptolemy/actor/lib/test/auto/GradientAdaptiveLattice.xml
----------------- Instantiating /home/travis/build/icyphy/ptII/ptolemy/actor/lib/test/auto/GradientAdaptiveLattice.xml
11 ms. Memory: 635904K Free: 324063K (51%)
----------------- Invoking toplevel() on ptolemy.moml.MoMLSimpleApplication@7ff285d5
----------------- Done invoking toplevel() on ptolemy.moml.MoMLSimpleApplication@7ff285d5
reloadAllAccessors: .GradientAdaptiveLattice

===========================================================================================
----------------- testing Mon Jun 24 01:55:06 UTC 2019 /home/travis/build/icyphy/ptII/ptolemy/actor/lib/test/auto/IIR.xml
----------------- Instantiating /home/travis/build/icyphy/ptII/ptolemy/actor/lib/test/auto/IIR.xml
1 ms. Memory: 635904K Free: 319457K (50%)
----------------- Invoking toplevel() on ptolemy.moml.MoMLSimpleApplication@26738c24
----------------- Done invoking toplevel() on ptolemy.moml.MoMLSimpleApplication@26738c24
reloadAllAccessors: .IIR

===========================================================================================
----------------- testing Mon Jun 24 01:55:06 UTC 2019 /home/travis/build/icyphy/ptII/ptolemy/actor/lib/test/auto/InputOutputTransparentPorts.xml
----------------- Instantiating /home/travis/build/icyphy/ptII/ptolemy/actor/lib/test/auto/InputOutputTransparentPorts.xml
8 ms. Memory: 635904K Free: 311775K (49%)
----------------- Invoking toplevel() on ptolemy.moml.MoMLSimpleApplication@75bff4f2
----------------- Done invoking toplevel() on ptolemy.moml.MoMLSimpleApplication@75bff4f2
reloadAllAccessors: .InputOutputTransparentPorts

===========================================================================================
----------------- testing Mon Jun 24 01:55:06 UTC 2019 /home/travis/build/icyphy/ptII/ptolemy/actor/lib/test/auto/Interpolator.xml
----------------- Instantiating /home/travis/build/icyphy/ptII/ptolemy/actor/lib/test/auto/Interpolator.xml
5 ms. Memory: 635904K Free: 307167K (48%)
----------------- Invoking toplevel() on ptolemy.moml.MoMLSimpleApplication@54700ceb
----------------- Done invoking toplevel() on ptolemy.moml.MoMLSimpleApplication@54700ceb
reloadAllAccessors: .Interpolator

===========================================================================================
----------------- testing Mon Jun 24 01:55:06 UTC 2019 /home/travis/build/icyphy/ptII/ptolemy/actor/lib/test/auto/InterpolatorFiringLimitDE.xml
----------------- Instantiating /home/travis/build/icyphy/ptII/ptolemy/actor/lib/test/auto/InterpolatorFiringLimitDE.xml
3 ms. Memory: 635904K Free: 301025K (47%)
----------------- Invoking toplevel() on ptolemy.moml.MoMLSimpleApplication@64f89e3d
----------------- Done invoking toplevel() on ptolemy.moml.MoMLSimpleApplication@64f89e3d
reloadAllAccessors: .InterpolatorFiringLimitDE

===========================================================================================
----------------- testing Mon Jun 24 01:55:06 UTC 2019 /home/travis/build/icyphy/ptII/ptolemy/actor/lib/test/auto/Lattice.xml
----------------- Instantiating /home/travis/build/icyphy/ptII/ptolemy/actor/lib/test/auto/Lattice.xml
1 ms. Memory: 635904K Free: 297439K (47%)
----------------- Invoking toplevel() on ptolemy.moml.MoMLSimpleApplication@48d4c7b5
----------------- Done invoking toplevel() on ptolemy.moml.MoMLSimpleApplication@48d4c7b5
reloadAllAccessors: .Lattice

===========================================================================================
----------------- testing Mon Jun 24 01:55:06 UTC 2019 /home/travis/build/icyphy/ptII/ptolemy/actor/lib/test/auto/LazyAOCTestLazy.xml
----------------- Instantiating /home/travis/build/icyphy/ptII/ptolemy/actor/lib/test/auto/LazyAOCTestLazy.xml
7 ms. Memory: 635904K Free: 291281K (46%)
----------------- Invoking toplevel() on ptolemy.moml.MoMLSimpleApplication@59df500c
----------------- Done invoking toplevel() on ptolemy.moml.MoMLSimpleApplication@59df500c
reloadAllAccessors: .LazyAOCTestLazy

===========================================================================================
----------------- testing Mon Jun 24 01:55:06 UTC 2019 /home/travis/build/icyphy/ptII/ptolemy/actor/lib/test/auto/LazyAOCTestNonLazy.xml
----------------- Instantiating /home/travis/build/icyphy/ptII/ptolemy/actor/lib/test/auto/LazyAOCTestNonLazy.xml
4 ms. Memory: 635904K Free: 284641K (45%)
----------------- Invoking toplevel() on ptolemy.moml.MoMLSimpleApplication@1044762
----------------- Done invoking toplevel() on ptolemy.moml.MoMLSimpleApplication@1044762
reloadAllAccessors: .LazyAOCTestNonLazy

===========================================================================================
----------------- testing Mon Jun 24 01:55:06 UTC 2019 /home/travis/build/icyphy/ptII/ptolemy/actor/lib/test/auto/LazyInnerClass.xml
----------------- Instantiating /home/travis/build/icyphy/ptII/ptolemy/actor/lib/test/auto/LazyInnerClass.xml
20 ms. Memory: 635904K Free: 276449K (43%)
----------------- Invoking toplevel() on ptolemy.moml.MoMLSimpleApplication@1546dcac
----------------- Done invoking toplevel() on ptolemy.moml.MoMLSimpleApplication@1546dcac
reloadAllAccessors: .LazyInnerClass

===========================================================================================
----------------- testing Mon Jun 24 01:55:06 UTC 2019 /home/travis/build/icyphy/ptII/ptolemy/actor/lib/test/auto/LazyPubSub.xml
----------------- Instantiating /home/travis/build/icyphy/ptII/ptolemy/actor/lib/test/auto/LazyPubSub.xml
29 ms. Memory: 635904K Free: 266209K (42%)
----------------- Invoking toplevel() on ptolemy.moml.MoMLSimpleApplication@4831f31
----------------- Done invoking toplevel() on ptolemy.moml.MoMLSimpleApplication@4831f31
reloadAllAccessors: .LazyPubSub

===========================================================================================
----------------- testing Mon Jun 24 01:55:07 UTC 2019 /home/travis/build/icyphy/ptII/ptolemy/actor/lib/test/auto/LazyPubSub2.xml
----------------- Instantiating /home/travis/build/icyphy/ptII/ptolemy/actor/lib/test/auto/LazyPubSub2.xml
13 ms. Memory: 635904K Free: 255455K (40%)
----------------- Invoking toplevel() on ptolemy.moml.MoMLSimpleApplication@7da50e43
----------------- Done invoking toplevel() on ptolemy.moml.MoMLSimpleApplication@7da50e43
reloadAllAccessors: .LazyPubSub2

===========================================================================================
----------------- testing Mon Jun 24 01:55:07 UTC 2019 /home/travis/build/icyphy/ptII/ptolemy/actor/lib/test/auto/LazyPubSub3.xml
----------------- Instantiating /home/travis/build/icyphy/ptII/ptolemy/actor/lib/test/auto/LazyPubSub3.xml
16 ms. Memory: 635904K Free: 245215K (39%)
----------------- Invoking toplevel() on ptolemy.moml.MoMLSimpleApplication@197c13e6
----------------- Done invoking toplevel() on ptolemy.moml.MoMLSimpleApplication@197c13e6
reloadAllAccessors: .LazyPubSub3

===========================================================================================
----------------- testing Mon Jun 24 01:55:07 UTC 2019 /home/travis/build/icyphy/ptII/ptolemy/actor/lib/test/auto/LazySubClassModel.xml
----------------- Instantiating /home/travis/build/icyphy/ptII/ptolemy/actor/lib/test/auto/LazySubClassModel.xml
2 ms. Memory: 635904K Free: 235999K (37%)
----------------- Invoking toplevel() on ptolemy.moml.MoMLSimpleApplication@2cdd8a84
----------------- Done invoking toplevel() on ptolemy.moml.MoMLSimpleApplication@2cdd8a84
reloadAllAccessors: .LazySubClassModel

===========================================================================================
----------------- testing Mon Jun 24 01:55:07 UTC 2019 /home/travis/build/icyphy/ptII/ptolemy/actor/lib/test/auto/LevelCrossTest1.xml
----------------- Instantiating /home/travis/build/icyphy/ptII/ptolemy/actor/lib/test/auto/LevelCrossTest1.xml
2 ms. Memory: 635904K Free: 230369K (36%)
----------------- Invoking toplevel() on ptolemy.moml.MoMLSimpleApplication@c8a8cbc
----------------- Done invoking toplevel() on ptolemy.moml.MoMLSimpleApplication@c8a8cbc
reloadAllAccessors: .broken

===========================================================================================
----------------- testing Mon Jun 24 01:55:07 UTC 2019 /home/travis/build/icyphy/ptII/ptolemy/actor/lib/test/auto/LevelCrossTest10.xml
----------------- Instantiating /home/travis/build/icyphy/ptII/ptolemy/actor/lib/test/auto/LevelCrossTest10.xml
2 ms. Memory: 635904K Free: 222687K (35%)
----------------- Invoking toplevel() on ptolemy.moml.MoMLSimpleApplication@40cd2894
----------------- Done invoking toplevel() on ptolemy.moml.MoMLSimpleApplication@40cd2894
reloadAllAccessors: .LevelCrossTest10

===========================================================================================
----------------- testing Mon Jun 24 01:55:07 UTC 2019 /home/travis/build/icyphy/ptII/ptolemy/actor/lib/test/auto/LevelCrossTest11.xml
----------------- Instantiating /home/travis/build/icyphy/ptII/ptolemy/actor/lib/test/auto/LevelCrossTest11.xml
1 ms. Memory: 635904K Free: 216033K (34%)
----------------- Invoking toplevel() on ptolemy.moml.MoMLSimpleApplication@4d143416
----------------- Done invoking toplevel() on ptolemy.moml.MoMLSimpleApplication@4d143416
reloadAllAccessors: .LevelCrossTest11

===========================================================================================
----------------- testing Mon Jun 24 01:55:07 UTC 2019 /home/travis/build/icyphy/ptII/ptolemy/actor/lib/test/auto/LevelCrossTest12.xml
----------------- Instantiating /home/travis/build/icyphy/ptII/ptolemy/actor/lib/test/auto/LevelCrossTest12.xml
2 ms. Memory: 635904K Free: 584123K (92%)
----------------- Invoking toplevel() on ptolemy.moml.MoMLSimpleApplication@5f8750d6
----------------- Done invoking toplevel() on ptolemy.moml.MoMLSimpleApplication@5f8750d6
reloadAllAccessors: .LevelCrossTest12

===========================================================================================
----------------- testing Mon Jun 24 01:55:07 UTC 2019 /home/travis/build/icyphy/ptII/ptolemy/actor/lib/test/auto/LevelCrossTest13.xml
----------------- Instantiating /home/travis/build/icyphy/ptII/ptolemy/actor/lib/test/auto/LevelCrossTest13.xml
2 ms. Memory: 635904K Free: 575945K (91%)
----------------- Invoking toplevel() on ptolemy.moml.MoMLSimpleApplication@76bd6c7a
----------------- Done invoking toplevel() on ptolemy.moml.MoMLSimpleApplication@76bd6c7a
reloadAllAccessors: .LevelCrossTest13

===========================================================================================
----------------- testing Mon Jun 24 01:55:07 UTC 2019 /home/travis/build/icyphy/ptII/ptolemy/actor/lib/test/auto/LevelCrossTest2.xml
----------------- Instantiating /home/travis/build/icyphy/ptII/ptolemy/actor/lib/test/auto/LevelCrossTest2.xml
4 ms. Memory: 635904K Free: 570315K (90%)
----------------- Invoking toplevel() on ptolemy.moml.MoMLSimpleApplication@4363ec92
----------------- Done invoking toplevel() on ptolemy.moml.MoMLSimpleApplication@4363ec92
reloadAllAccessors: .broken

===========================================================================================
----------------- testing Mon Jun 24 01:55:07 UTC 2019 /home/travis/build/icyphy/ptII/ptolemy/actor/lib/test/auto/LevelCrossTest3.xml
----------------- Instantiating /home/travis/build/icyphy/ptII/ptolemy/actor/lib/test/auto/LevelCrossTest3.xml
1 ms. Memory: 635904K Free: 564171K (89%)
----------------- Invoking toplevel() on ptolemy.moml.MoMLSimpleApplication@54782c75
----------------- Done invoking toplevel() on ptolemy.moml.MoMLSimpleApplication@54782c75
reloadAllAccessors: .LevelCrossTest3

===========================================================================================
----------------- testing Mon Jun 24 01:55:07 UTC 2019 /home/travis/build/icyphy/ptII/ptolemy/actor/lib/test/auto/LevelCrossTest4.xml
----------------- Instantiating /home/travis/build/icyphy/ptII/ptolemy/actor/lib/test/auto/LevelCrossTest4.xml
2 ms. Memory: 635904K Free: 558537K (88%)
----------------- Invoking toplevel() on ptolemy.moml.MoMLSimpleApplication@4bce1aea
----------------- Done invoking toplevel() on ptolemy.moml.MoMLSimpleApplication@4bce1aea
reloadAllAccessors: .broken

===========================================================================================
----------------- testing Mon Jun 24 01:55:07 UTC 2019 /home/travis/build/icyphy/ptII/ptolemy/actor/lib/test/auto/LevelCrossTest5.xml
----------------- Instantiating /home/travis/build/icyphy/ptII/ptolemy/actor/lib/test/auto/LevelCrossTest5.xml
1 ms. Memory: 635904K Free: 552393K (87%)
----------------- Invoking toplevel() on ptolemy.moml.MoMLSimpleApplication@4002c858
----------------- Done invoking toplevel() on ptolemy.moml.MoMLSimpleApplication@4002c858
reloadAllAccessors: .LevelCrossTest5

===========================================================================================
----------------- testing Mon Jun 24 01:55:07 UTC 2019 /home/travis/build/icyphy/ptII/ptolemy/actor/lib/test/auto/LevelCrossTest6.xml
----------------- Instantiating /home/travis/build/icyphy/ptII/ptolemy/actor/lib/test/auto/LevelCrossTest6.xml
1 ms. Memory: 635904K Free: 545739K (86%)
----------------- Invoking toplevel() on ptolemy.moml.MoMLSimpleApplication@7584d3e0
----------------- Done invoking toplevel() on ptolemy.moml.MoMLSimpleApplication@7584d3e0
reloadAllAccessors: .LevelCrossTest6

===========================================================================================
----------------- testing Mon Jun 24 01:55:07 UTC 2019 /home/travis/build/icyphy/ptII/ptolemy/actor/lib/test/auto/LevelCrossTest7.xml
----------------- Instantiating /home/travis/build/icyphy/ptII/ptolemy/actor/lib/test/auto/LevelCrossTest7.xml
1 ms. Memory: 635904K Free: 538571K (85%)
----------------- Invoking toplevel() on ptolemy.moml.MoMLSimpleApplication@15380395
----------------- Done invoking toplevel() on ptolemy.moml.MoMLSimpleApplication@15380395
reloadAllAccessors: .LevelCrossTest7

===========================================================================================
----------------- testing Mon Jun 24 01:55:07 UTC 2019 /home/travis/build/icyphy/ptII/ptolemy/actor/lib/test/auto/LevelCrossTest8.xml
----------------- Instantiating /home/travis/build/icyphy/ptII/ptolemy/actor/lib/test/auto/LevelCrossTest8.xml
1 ms. Memory: 635904K Free: 531913K (84%)
----------------- Invoking toplevel() on ptolemy.moml.MoMLSimpleApplication@249d6797
----------------- Done invoking toplevel() on ptolemy.moml.MoMLSimpleApplication@249d6797
reloadAllAccessors: .LevelCrossTest8

===========================================================================================
----------------- testing Mon Jun 24 01:55:07 UTC 2019 /home/travis/build/icyphy/ptII/ptolemy/actor/lib/test/auto/LevelCrossTest9.xml
----------------- Instantiating /home/travis/build/icyphy/ptII/ptolemy/actor/lib/test/auto/LevelCrossTest9.xml
3 ms. Memory: 635904K Free: 524235K (82%)
----------------- Invoking toplevel() on ptolemy.moml.MoMLSimpleApplication@3b68c246
----------------- Done invoking toplevel() on ptolemy.moml.MoMLSimpleApplication@3b68c246
reloadAllAccessors: .LevelCrossTest9

===========================================================================================
----------------- testing Mon Jun 24 01:55:07 UTC 2019 /home/travis/build/icyphy/ptII/ptolemy/actor/lib/test/auto/LevinsonDurbin.xml
----------------- Instantiating /home/travis/build/icyphy/ptII/ptolemy/actor/lib/test/auto/LevinsonDurbin.xml
8 ms. Memory: 635904K Free: 520139K (82%)
----------------- Invoking toplevel() on ptolemy.moml.MoMLSimpleApplication@65a1524b
----------------- Done invoking toplevel() on ptolemy.moml.MoMLSimpleApplication@65a1524b
reloadAllAccessors: .LevinsonDurbin

===========================================================================================
----------------- testing Mon Jun 24 01:55:07 UTC 2019 /home/travis/build/icyphy/ptII/ptolemy/actor/lib/test/auto/LevinsonDurbin2.xml
----------------- Instantiating /home/travis/build/icyphy/ptII/ptolemy/actor/lib/test/auto/LevinsonDurbin2.xml
2 ms. Memory: 635904K Free: 516043K (81%)
----------------- Invoking toplevel() on ptolemy.moml.MoMLSimpleApplication@20d29a3b
----------------- Done invoking toplevel() on ptolemy.moml.MoMLSimpleApplication@20d29a3b
reloadAllAccessors: .LevinsonDurbin2

===========================================================================================
----------------- testing Mon Jun 24 01:55:07 UTC 2019 /home/travis/build/icyphy/ptII/ptolemy/actor/lib/test/auto/LevinsonDurbin3.xml
----------------- Instantiating /home/travis/build/icyphy/ptII/ptolemy/actor/lib/test/auto/LevinsonDurbin3.xml
2 ms. Memory: 635904K Free: 511947K (81%)
----------------- Invoking toplevel() on ptolemy.moml.MoMLSimpleApplication@412194b0
----------------- Done invoking toplevel() on ptolemy.moml.MoMLSimpleApplication@412194b0
reloadAllAccessors: .LevinsonDurbin3

===========================================================================================
----------------- testing Mon Jun 24 01:55:07 UTC 2019 /home/travis/build/icyphy/ptII/ptolemy/actor/lib/test/auto/Limiter.xml
----------------- Instantiating /home/travis/build/icyphy/ptII/ptolemy/actor/lib/test/auto/Limiter.xml
4 ms. Memory: 635904K Free: 502731K (79%)
----------------- Invoking toplevel() on ptolemy.moml.MoMLSimpleApplication@4fc3584f
----------------- Done invoking toplevel() on ptolemy.moml.MoMLSimpleApplication@4fc3584f
reloadAllAccessors: .Limiter

===========================================================================================
----------------- testing Mon Jun 24 01:55:07 UTC 2019 /home/travis/build/icyphy/ptII/ptolemy/actor/lib/test/auto/LinearDifferenceEquationSystem.xml
----------------- Instantiating /home/travis/build/icyphy/ptII/ptolemy/actor/lib/test/auto/LinearDifferenceEquationSystem.xml
4 ms. Memory: 635904K Free: 495563K (78%)
----------------- Invoking toplevel() on ptolemy.moml.MoMLSimpleApplication@4b9081d1
----------------- Done invoking toplevel() on ptolemy.moml.MoMLSimpleApplication@4b9081d1
reloadAllAccessors: .LinearDifferenceEquationSystem

===========================================================================================
----------------- testing Mon Jun 24 01:55:07 UTC 2019 /home/travis/build/icyphy/ptII/ptolemy/actor/lib/test/auto/LookupTable.xml
----------------- Instantiating /home/travis/build/icyphy/ptII/ptolemy/actor/lib/test/auto/LookupTable.xml
17 ms. Memory: 635904K Free: 490953K (77%)
----------------- Invoking toplevel() on ptolemy.moml.MoMLSimpleApplication@10250cf9
----------------- Done invoking toplevel() on ptolemy.moml.MoMLSimpleApplication@10250cf9
reloadAllAccessors: .LookupTable

===========================================================================================
----------------- testing Mon Jun 24 01:55:07 UTC 2019 /home/travis/build/icyphy/ptII/ptolemy/actor/lib/test/auto/MathFunction.xml
----------------- Instantiating /home/travis/build/icyphy/ptII/ptolemy/actor/lib/test/auto/MathFunction.xml
2 ms. Memory: 635904K Free: 482761K (76%)
----------------- Invoking toplevel() on ptolemy.moml.MoMLSimpleApplication@5db97453
----------------- Done invoking toplevel() on ptolemy.moml.MoMLSimpleApplication@5db97453
reloadAllAccessors: .MathFunction

===========================================================================================
----------------- testing Mon Jun 24 01:55:07 UTC 2019 /home/travis/build/icyphy/ptII/ptolemy/actor/lib/test/auto/MathFunction2.xml
----------------- Instantiating /home/travis/build/icyphy/ptII/ptolemy/actor/lib/test/auto/MathFunction2.xml
1 ms. Memory: 635904K Free: 478665K (75%)
----------------- Invoking toplevel() on ptolemy.moml.MoMLSimpleApplication@629a18fc
----------------- Done invoking toplevel() on ptolemy.moml.MoMLSimpleApplication@629a18fc
reloadAllAccessors: .MathFunction2

===========================================================================================
----------------- testing Mon Jun 24 01:55:07 UTC 2019 /home/travis/build/icyphy/ptII/ptolemy/actor/lib/test/auto/MathFunction3.xml
----------------- Instantiating /home/travis/build/icyphy/ptII/ptolemy/actor/lib/test/auto/MathFunction3.xml
2 ms. Memory: 635904K Free: 471497K (74%)
----------------- Invoking toplevel() on ptolemy.moml.MoMLSimpleApplication@52b7bd76
----------------- Done invoking toplevel() on ptolemy.moml.MoMLSimpleApplication@52b7bd76
reloadAllAccessors: .MathFunction3

===========================================================================================
----------------- testing Mon Jun 24 01:55:07 UTC 2019 /home/travis/build/icyphy/ptII/ptolemy/actor/lib/test/auto/MatrixCropBoolean.xml
----------------- Instantiating /home/travis/build/icyphy/ptII/ptolemy/actor/lib/test/auto/MatrixCropBoolean.xml
2 ms. Memory: 635904K Free: 466347K (73%)
----------------- Invoking toplevel() on ptolemy.moml.MoMLSimpleApplication@6107271f
----------------- Done invoking toplevel() on ptolemy.moml.MoMLSimpleApplication@6107271f
reloadAllAccessors: .MatrixCropBoolean

===========================================================================================
----------------- testing Mon Jun 24 01:55:07 UTC 2019 /home/travis/build/icyphy/ptII/ptolemy/actor/lib/test/auto/MatrixCropComplex.xml
----------------- Instantiating /home/travis/build/icyphy/ptII/ptolemy/actor/lib/test/auto/MatrixCropComplex.xml
2 ms. Memory: 635904K Free: 461243K (73%)
----------------- Invoking toplevel() on ptolemy.moml.MoMLSimpleApplication@7d2af62e
----------------- Done invoking toplevel() on ptolemy.moml.MoMLSimpleApplication@7d2af62e
reloadAllAccessors: .MatrixCropComplex

===========================================================================================
----------------- testing Mon Jun 24 01:55:07 UTC 2019 /home/travis/build/icyphy/ptII/ptolemy/actor/lib/test/auto/MatrixCropDouble.xml
----------------- Instantiating /home/travis/build/icyphy/ptII/ptolemy/actor/lib/test/auto/MatrixCropDouble.xml
3 ms. Memory: 635904K Free: 456123K (72%)
----------------- Invoking toplevel() on ptolemy.moml.MoMLSimpleApplication@4ee2e02b
----------------- Done invoking toplevel() on ptolemy.moml.MoMLSimpleApplication@4ee2e02b
reloadAllAccessors: .MatrixCropDouble

===========================================================================================
----------------- testing Mon Jun 24 01:55:07 UTC 2019 /home/travis/build/icyphy/ptII/ptolemy/actor/lib/test/auto/MatrixCropFix.xml
----------------- Instantiating /home/travis/build/icyphy/ptII/ptolemy/actor/lib/test/auto/MatrixCropFix.xml
2 ms. Memory: 635904K Free: 450987K (71%)
----------------- Invoking toplevel() on ptolemy.moml.MoMLSimpleApplication@5fdb33cd
----------------- Done invoking toplevel() on ptolemy.moml.MoMLSimpleApplication@5fdb33cd
reloadAllAccessors: .MatrixCropFix

===========================================================================================
----------------- testing Mon Jun 24 01:55:07 UTC 2019 /home/travis/build/icyphy/ptII/ptolemy/actor/lib/test/auto/MatrixCropInt.xml
----------------- Instantiating /home/travis/build/icyphy/ptII/ptolemy/actor/lib/test/auto/MatrixCropInt.xml
2 ms. Memory: 635904K Free: 445883K (70%)
----------------- Invoking toplevel() on ptolemy.moml.MoMLSimpleApplication@6eb9ed7c
----------------- Done invoking toplevel() on ptolemy.moml.MoMLSimpleApplication@6eb9ed7c
reloadAllAccessors: .MatrixCropInt

===========================================================================================
----------------- testing Mon Jun 24 01:55:07 UTC 2019 /home/travis/build/icyphy/ptII/ptolemy/actor/lib/test/auto/MatrixCropLong.xml
----------------- Instantiating /home/travis/build/icyphy/ptII/ptolemy/actor/lib/test/auto/MatrixCropLong.xml
2 ms. Memory: 635904K Free: 440771K (69%)
----------------- Invoking toplevel() on ptolemy.moml.MoMLSimpleApplication@54400e69
----------------- Done invoking toplevel() on ptolemy.moml.MoMLSimpleApplication@54400e69
reloadAllAccessors: .MatrixCropLong

===========================================================================================
----------------- testing Mon Jun 24 01:55:07 UTC 2019 /home/travis/build/icyphy/ptII/ptolemy/actor/lib/test/auto/MatrixToArray.xml
----------------- Instantiating /home/travis/build/icyphy/ptII/ptolemy/actor/lib/test/auto/MatrixToArray.xml
13 ms. Memory: 635904K Free: 425931K (67%)
----------------- Invoking toplevel() on ptolemy.moml.MoMLSimpleApplication@56f84457
----------------- Done invoking toplevel() on ptolemy.moml.MoMLSimpleApplication@56f84457
reloadAllAccessors: .MatrixToArray

===========================================================================================
----------------- testing Mon Jun 24 01:55:07 UTC 2019 /home/travis/build/icyphy/ptII/ptolemy/actor/lib/test/auto/MaxIndex.xml
----------------- Instantiating /home/travis/build/icyphy/ptII/ptolemy/actor/lib/test/auto/MaxIndex.xml
2 ms. Memory: 635904K Free: 420811K (66%)
----------------- Invoking toplevel() on ptolemy.moml.MoMLSimpleApplication@86f4a07
----------------- Done invoking toplevel() on ptolemy.moml.MoMLSimpleApplication@86f4a07
reloadAllAccessors: .MaxIndex

===========================================================================================
----------------- testing Mon Jun 24 01:55:07 UTC 2019 /home/travis/build/icyphy/ptII/ptolemy/actor/lib/test/auto/Maximum.xml
----------------- Instantiating /home/travis/build/icyphy/ptII/ptolemy/actor/lib/test/auto/Maximum.xml
2 ms. Memory: 635904K Free: 414123K (65%)
----------------- Invoking toplevel() on ptolemy.moml.MoMLSimpleApplication@536ec179
----------------- Done invoking toplevel() on ptolemy.moml.MoMLSimpleApplication@536ec179
reloadAllAccessors: .Maximum

===========================================================================================
----------------- testing Mon Jun 24 01:55:07 UTC 2019 /home/travis/build/icyphy/ptII/ptolemy/actor/lib/test/auto/MaximumComplex.xml
----------------- Instantiating /home/travis/build/icyphy/ptII/ptolemy/actor/lib/test/auto/MaximumComplex.xml
5 ms. Memory: 635904K Free: 408009K (64%)
----------------- Invoking toplevel() on ptolemy.moml.MoMLSimpleApplication@471d7e26
----------------- Done invoking toplevel() on ptolemy.moml.MoMLSimpleApplication@471d7e26
reloadAllAccessors: .MaximumComplex

===========================================================================================
----------------- testing Mon Jun 24 01:55:07 UTC 2019 /home/travis/build/icyphy/ptII/ptolemy/actor/lib/test/auto/MethodCallTest.xml
----------------- Instantiating /home/travis/build/icyphy/ptII/ptolemy/actor/lib/test/auto/MethodCallTest.xml
2 ms. Memory: 635904K Free: 401355K (63%)
----------------- Invoking toplevel() on ptolemy.moml.MoMLSimpleApplication@4ad6271f
----------------- Done invoking toplevel() on ptolemy.moml.MoMLSimpleApplication@4ad6271f
reloadAllAccessors: .MethodCallTest

===========================================================================================
----------------- testing Mon Jun 24 01:55:07 UTC 2019 /home/travis/build/icyphy/ptII/ptolemy/actor/lib/test/auto/Minimum.xml
----------------- Instantiating /home/travis/build/icyphy/ptII/ptolemy/actor/lib/test/auto/Minimum.xml
2 ms. Memory: 635904K Free: 395211K (62%)
----------------- Invoking toplevel() on ptolemy.moml.MoMLSimpleApplication@25fceb14
----------------- Done invoking toplevel() on ptolemy.moml.MoMLSimpleApplication@25fceb14
reloadAllAccessors: .Minimum

===========================================================================================
----------------- testing Mon Jun 24 01:55:07 UTC 2019 /home/travis/build/icyphy/ptII/ptolemy/actor/lib/test/auto/MinimumComplex.xml
----------------- Instantiating /home/travis/build/icyphy/ptII/ptolemy/actor/lib/test/auto/MinimumComplex.xml
3 ms. Memory: 635904K Free: 389067K (61%)
----------------- Invoking toplevel() on ptolemy.moml.MoMLSimpleApplication@515f8f03
----------------- Done invoking toplevel() on ptolemy.moml.MoMLSimpleApplication@515f8f03
reloadAllAccessors: .MinimumComplex

===========================================================================================
----------------- testing Mon Jun 24 01:55:07 UTC 2019 /home/travis/build/icyphy/ptII/ptolemy/actor/lib/test/auto/MinimumMultiports.xml
----------------- Instantiating /home/travis/build/icyphy/ptII/ptolemy/actor/lib/test/auto/MinimumMultiports.xml
4 ms. Memory: 635904K Free: 380331K (60%)
----------------- Invoking toplevel() on ptolemy.moml.MoMLSimpleApplication@54837179
----------------- Done invoking toplevel() on ptolemy.moml.MoMLSimpleApplication@54837179
reloadAllAccessors: .MinimumMultiports

===========================================================================================
----------------- testing Mon Jun 24 01:55:07 UTC 2019 /home/travis/build/icyphy/ptII/ptolemy/actor/lib/test/auto/ModifyDate.xml
----------------- Instantiating /home/travis/build/icyphy/ptII/ptolemy/actor/lib/test/auto/ModifyDate.xml
7 ms. Memory: 635904K Free: 367563K (58%)
----------------- Invoking toplevel() on ptolemy.moml.MoMLSimpleApplication@614d351d
----------------- Done invoking toplevel() on ptolemy.moml.MoMLSimpleApplication@614d351d
reloadAllAccessors: .ModifyDate

===========================================================================================
----------------- testing Mon Jun 24 01:55:08 UTC 2019 /home/travis/build/icyphy/ptII/ptolemy/actor/lib/test/auto/ModifyDate2.xml
----------------- Instantiating /home/travis/build/icyphy/ptII/ptolemy/actor/lib/test/auto/ModifyDate2.xml
5 ms. Memory: 635904K Free: 358857K (56%)
----------------- Invoking toplevel() on ptolemy.moml.MoMLSimpleApplication@25c2283b
----------------- Done invoking toplevel() on ptolemy.moml.MoMLSimpleApplication@25c2283b
reloadAllAccessors: .ModifyDate2

===========================================================================================
----------------- testing Mon Jun 24 01:55:08 UTC 2019 /home/travis/build/icyphy/ptII/ptolemy/actor/lib/test/auto/MovingAverage.xml
----------------- Instantiating /home/travis/build/icyphy/ptII/ptolemy/actor/lib/test/auto/MovingAverage.xml
5 ms. Memory: 635904K Free: 353737K (56%)
----------------- Invoking toplevel() on ptolemy.moml.MoMLSimpleApplication@f91f773
----------------- Done invoking toplevel() on ptolemy.moml.MoMLSimpleApplication@f91f773
reloadAllAccessors: .MovingAverage

===========================================================================================
----------------- testing Mon Jun 24 01:55:08 UTC 2019 /home/travis/build/icyphy/ptII/ptolemy/actor/lib/test/auto/MovingMaximum.xml
----------------- Instantiating /home/travis/build/icyphy/ptII/ptolemy/actor/lib/test/auto/MovingMaximum.xml
1 ms. Memory: 635904K Free: 349131K (55%)
----------------- Invoking toplevel() on ptolemy.moml.MoMLSimpleApplication@b52e0be
----------------- Done invoking toplevel() on ptolemy.moml.MoMLSimpleApplication@b52e0be
reloadAllAccessors: .MovingMaximum

===========================================================================================
----------------- testing Mon Jun 24 01:55:08 UTC 2019 /home/travis/build/icyphy/ptII/ptolemy/actor/lib/test/auto/MultipleLinksToSameRelation.xml
----------------- Instantiating /home/travis/build/icyphy/ptII/ptolemy/actor/lib/test/auto/MultipleLinksToSameRelation.xml
2 ms. Memory: 635904K Free: 345035K (54%)
----------------- Invoking toplevel() on ptolemy.moml.MoMLSimpleApplication@2f515395
----------------- Done invoking toplevel() on ptolemy.moml.MoMLSimpleApplication@2f515395
reloadAllAccessors: .MultipleLinksToSameRelation

===========================================================================================
----------------- testing Mon Jun 24 01:55:08 UTC 2019 /home/travis/build/icyphy/ptII/ptolemy/actor/lib/test/auto/MultipleLinksToSameRelationDE.xml
----------------- Instantiating /home/travis/build/icyphy/ptII/ptolemy/actor/lib/test/auto/MultipleLinksToSameRelationDE.xml
1 ms. Memory: 635904K Free: 340395K (54%)
----------------- Invoking toplevel() on ptolemy.moml.MoMLSimpleApplication@482052c
----------------- Done invoking toplevel() on ptolemy.moml.MoMLSimpleApplication@482052c
reloadAllAccessors: .MultipleLinksToSameRelationDE

===========================================================================================
----------------- testing Mon Jun 24 01:55:08 UTC 2019 /home/travis/build/icyphy/ptII/ptolemy/actor/lib/test/auto/Multiplexor.xml
----------------- Instantiating /home/travis/build/icyphy/ptII/ptolemy/actor/lib/test/auto/Multiplexor.xml
2 ms. Memory: 635904K Free: 334795K (53%)
----------------- Invoking toplevel() on ptolemy.moml.MoMLSimpleApplication@3d175a1c
----------------- Done invoking toplevel() on ptolemy.moml.MoMLSimpleApplication@3d175a1c
reloadAllAccessors: .Multiplexor

===========================================================================================
----------------- testing Mon Jun 24 01:55:08 UTC 2019 /home/travis/build/icyphy/ptII/ptolemy/actor/lib/test/auto/Multiplexor1.xml
----------------- Instantiating /home/travis/build/icyphy/ptII/ptolemy/actor/lib/test/auto/Multiplexor1.xml
2 ms. Memory: 635904K Free: 329147K (52%)
----------------- Invoking toplevel() on ptolemy.moml.MoMLSimpleApplication@24c0a849
----------------- Done invoking toplevel() on ptolemy.moml.MoMLSimpleApplication@24c0a849
reloadAllAccessors: .Multiplexor1

===========================================================================================
----------------- testing Mon Jun 24 01:55:08 UTC 2019 /home/travis/build/icyphy/ptII/ptolemy/actor/lib/test/auto/Multiplexor2.xml
----------------- Instantiating /home/travis/build/icyphy/ptII/ptolemy/actor/lib/test/auto/Multiplexor2.xml
3 ms. Memory: 635904K Free: 322507K (51%)
----------------- Invoking toplevel() on ptolemy.moml.MoMLSimpleApplication@45901a7
----------------- Done invoking toplevel() on ptolemy.moml.MoMLSimpleApplication@45901a7
reloadAllAccessors: .Multiplexor2

===========================================================================================
----------------- testing Mon Jun 24 01:55:08 UTC 2019 /home/travis/build/icyphy/ptII/ptolemy/actor/lib/test/auto/Multiplexor3.xml
----------------- Instantiating /home/travis/build/icyphy/ptII/ptolemy/actor/lib/test/auto/Multiplexor3.xml
2 ms. Memory: 635904K Free: 318411K (50%)
----------------- Invoking toplevel() on ptolemy.moml.MoMLSimpleApplication@42c0bfbd
----------------- Done invoking toplevel() on ptolemy.moml.MoMLSimpleApplication@42c0bfbd
reloadAllAccessors: .Multiplexor3

===========================================================================================
----------------- testing Mon Jun 24 01:55:08 UTC 2019 /home/travis/build/icyphy/ptII/ptolemy/actor/lib/test/auto/MultiplexorDE.xml
----------------- Instantiating /home/travis/build/icyphy/ptII/ptolemy/actor/lib/test/auto/MultiplexorDE.xml
2 ms. Memory: 635904K Free: 310715K (49%)
----------------- Invoking toplevel() on ptolemy.moml.MoMLSimpleApplication@44fdbe5a
----------------- Done invoking toplevel() on ptolemy.moml.MoMLSimpleApplication@44fdbe5a
reloadAllAccessors: .MultiplexorDE

===========================================================================================
----------------- testing Mon Jun 24 01:55:08 UTC 2019 /home/travis/build/icyphy/ptII/ptolemy/actor/lib/test/auto/MultiportBroadcastTest.xml
----------------- Instantiating /home/travis/build/icyphy/ptII/ptolemy/actor/lib/test/auto/MultiportBroadcastTest.xml
102 ms. Memory: 635904K Free: 304571K (48%)
----------------- Invoking toplevel() on ptolemy.moml.MoMLSimpleApplication@240934e8
----------------- Done invoking toplevel() on ptolemy.moml.MoMLSimpleApplication@240934e8
reloadAllAccessors: .MultiportBroadcastTest

===========================================================================================
----------------- testing Mon Jun 24 01:55:08 UTC 2019 /home/travis/build/icyphy/ptII/ptolemy/actor/lib/test/auto/MultiportOutHangDuringGetWidth.xml
----------------- Instantiating /home/travis/build/icyphy/ptII/ptolemy/actor/lib/test/auto/MultiportOutHangDuringGetWidth.xml
5 ms. Memory: 635904K Free: 292811K (46%)
----------------- Invoking toplevel() on ptolemy.moml.MoMLSimpleApplication@3709b1f5
----------------- Done invoking toplevel() on ptolemy.moml.MoMLSimpleApplication@3709b1f5
reloadAllAccessors: .MultiportOutHangDuringGetWidth

===========================================================================================
----------------- testing Mon Jun 24 01:55:08 UTC 2019 /home/travis/build/icyphy/ptII/ptolemy/actor/lib/test/auto/NilToken.xml
----------------- Instantiating /home/travis/build/icyphy/ptII/ptolemy/actor/lib/test/auto/NilToken.xml
1 ms. Memory: 635904K Free: 288715K (45%)
----------------- Invoking toplevel() on ptolemy.moml.MoMLSimpleApplication@1513fdc3
----------------- Done invoking toplevel() on ptolemy.moml.MoMLSimpleApplication@1513fdc3
reloadAllAccessors: .NilToken

===========================================================================================
----------------- testing Mon Jun 24 01:55:08 UTC 2019 /home/travis/build/icyphy/ptII/ptolemy/actor/lib/test/auto/NilTokenNonStrictTest.xml
----------------- Instantiating /home/travis/build/icyphy/ptII/ptolemy/actor/lib/test/auto/NilTokenNonStrictTest.xml
4 ms. Memory: 635904K Free: 284105K (45%)
----------------- Invoking toplevel() on ptolemy.moml.MoMLSimpleApplication@73115a6d
----------------- Done invoking toplevel() on ptolemy.moml.MoMLSimpleApplication@73115a6d
reloadAllAccessors: .NilTokenNonStrictTest

===========================================================================================
----------------- testing Mon Jun 24 01:55:08 UTC 2019 /home/travis/build/icyphy/ptII/ptolemy/actor/lib/test/auto/NilTokenRecord.xml
----------------- Instantiating /home/travis/build/icyphy/ptII/ptolemy/actor/lib/test/auto/NilTokenRecord.xml
6 ms. Memory: 635904K Free: 277451K (44%)
----------------- Invoking toplevel() on ptolemy.moml.MoMLSimpleApplication@2477547e
----------------- Done invoking toplevel() on ptolemy.moml.MoMLSimpleApplication@2477547e
reloadAllAccessors: .NilTokenRecord

===========================================================================================
----------------- testing Mon Jun 24 01:55:08 UTC 2019 /home/travis/build/icyphy/ptII/ptolemy/actor/lib/test/auto/NilTokenTypeTest.xml
----------------- Instantiating /home/travis/build/icyphy/ptII/ptolemy/actor/lib/test/auto/NilTokenTypeTest.xml
12 ms. Memory: 635904K Free: 267721K (42%)
----------------- Invoking toplevel() on ptolemy.moml.MoMLSimpleApplication@643722a9
----------------- Done invoking toplevel() on ptolemy.moml.MoMLSimpleApplication@643722a9
reloadAllAccessors: .NilTokenTypeTest

===========================================================================================
----------------- testing Mon Jun 24 01:55:08 UTC 2019 /home/travis/build/icyphy/ptII/ptolemy/actor/lib/test/auto/ObjectToken1.xml
----------------- Instantiating /home/travis/build/icyphy/ptII/ptolemy/actor/lib/test/auto/ObjectToken1.xml
4 ms. Memory: 635904K Free: 263625K (41%)
----------------- Invoking toplevel() on ptolemy.moml.MoMLSimpleApplication@39399fef
----------------- Done invoking toplevel() on ptolemy.moml.MoMLSimpleApplication@39399fef
reloadAllAccessors: .ObjectToken1

===========================================================================================
----------------- testing Mon Jun 24 01:55:08 UTC 2019 /home/travis/build/icyphy/ptII/ptolemy/actor/lib/test/auto/OrderedMerge.xml
----------------- Instantiating /home/travis/build/icyphy/ptII/ptolemy/actor/lib/test/auto/OrderedMerge.xml
10 ms. Memory: 635904K Free: 257995K (41%)
----------------- Invoking toplevel() on ptolemy.moml.MoMLSimpleApplication@17a73bab
----------------- Done invoking toplevel() on ptolemy.moml.MoMLSimpleApplication@17a73bab
reloadAllAccessors: .OrderedMerge

===========================================================================================
----------------- testing Mon Jun 24 01:55:08 UTC 2019 /home/travis/build/icyphy/ptII/ptolemy/actor/lib/test/auto/OrderedRecordDisassembler.xml
----------------- Instantiating /home/travis/build/icyphy/ptII/ptolemy/actor/lib/test/auto/OrderedRecordDisassembler.xml
4 ms. Memory: 635904K Free: 252875K (40%)
----------------- Invoking toplevel() on ptolemy.moml.MoMLSimpleApplication@6e9121fd
----------------- Done invoking toplevel() on ptolemy.moml.MoMLSimpleApplication@6e9121fd
reloadAllAccessors: .OrderedRecordDisassembler

===========================================================================================
----------------- testing Mon Jun 24 01:55:08 UTC 2019 /home/travis/build/icyphy/ptII/ptolemy/actor/lib/test/auto/OrderedRecordDisassembler2.xml
----------------- Instantiating /home/travis/build/icyphy/ptII/ptolemy/actor/lib/test/auto/OrderedRecordDisassembler2.xml
4 ms. Memory: 635904K Free: 245179K (39%)
----------------- Invoking toplevel() on ptolemy.moml.MoMLSimpleApplication@62e8296c
----------------- Done invoking toplevel() on ptolemy.moml.MoMLSimpleApplication@62e8296c
reloadAllAccessors: .OrderedRecordDisassembler2

===========================================================================================
----------------- testing Mon Jun 24 01:55:08 UTC 2019 /home/travis/build/icyphy/ptII/ptolemy/actor/lib/test/auto/OrderedRecordUpdater.xml
----------------- Instantiating /home/travis/build/icyphy/ptII/ptolemy/actor/lib/test/auto/OrderedRecordUpdater.xml
2 ms. Memory: 635904K Free: 240073K (38%)
----------------- Invoking toplevel() on ptolemy.moml.MoMLSimpleApplication@78efa4b3
----------------- Done invoking toplevel() on ptolemy.moml.MoMLSimpleApplication@78efa4b3
reloadAllAccessors: .RecordUpdater

===========================================================================================
----------------- testing Mon Jun 24 01:55:08 UTC 2019 /home/travis/build/icyphy/ptII/ptolemy/actor/lib/test/auto/OrderedRecordUpdater2.xml
----------------- Instantiating /home/travis/build/icyphy/ptII/ptolemy/actor/lib/test/auto/OrderedRecordUpdater2.xml
2 ms. Memory: 635904K Free: 234443K (37%)
----------------- Invoking toplevel() on ptolemy.moml.MoMLSimpleApplication@19ffa672
----------------- Done invoking toplevel() on ptolemy.moml.MoMLSimpleApplication@19ffa672
reloadAllAccessors: .RecordUpdater2

===========================================================================================
----------------- testing Mon Jun 24 01:55:08 UTC 2019 /home/travis/build/icyphy/ptII/ptolemy/actor/lib/test/auto/PhaseUnwrap.xml
----------------- Instantiating /home/travis/build/icyphy/ptII/ptolemy/actor/lib/test/auto/PhaseUnwrap.xml
2 ms. Memory: 635904K Free: 229833K (36%)
----------------- Invoking toplevel() on ptolemy.moml.MoMLSimpleApplication@673b3731
----------------- Done invoking toplevel() on ptolemy.moml.MoMLSimpleApplication@673b3731
reloadAllAccessors: .PhaseUnwrap

===========================================================================================
----------------- testing Mon Jun 24 01:55:08 UTC 2019 /home/travis/build/icyphy/ptII/ptolemy/actor/lib/test/auto/PoissonClock.xml
----------------- Instantiating /home/travis/build/icyphy/ptII/ptolemy/actor/lib/test/auto/PoissonClock.xml
1 ms. Memory: 635904K Free: 225737K (35%)
----------------- Invoking toplevel() on ptolemy.moml.MoMLSimpleApplication@2075d6d3
----------------- Done invoking toplevel() on ptolemy.moml.MoMLSimpleApplication@2075d6d3
reloadAllAccessors: .PoissonClock

===========================================================================================
----------------- testing Mon Jun 24 01:55:08 UTC 2019 /home/travis/build/icyphy/ptII/ptolemy/actor/lib/test/auto/PoissonClock2.xml
----------------- Instantiating /home/travis/build/icyphy/ptII/ptolemy/actor/lib/test/auto/PoissonClock2.xml
1 ms. Memory: 635904K Free: 221641K (35%)
----------------- Invoking toplevel() on ptolemy.moml.MoMLSimpleApplication@71d5ff38
----------------- Done invoking toplevel() on ptolemy.moml.MoMLSimpleApplication@71d5ff38
reloadAllAccessors: .PoissonClock2

===========================================================================================
----------------- testing Mon Jun 24 01:55:08 UTC 2019 /home/travis/build/icyphy/ptII/ptolemy/actor/lib/test/auto/PoissonClock3.xml
----------------- Instantiating /home/travis/build/icyphy/ptII/ptolemy/actor/lib/test/auto/PoissonClock3.xml
1 ms. Memory: 635904K Free: 217035K (34%)
----------------- Invoking toplevel() on ptolemy.moml.MoMLSimpleApplication@51ebf6e6
----------------- Done invoking toplevel() on ptolemy.moml.MoMLSimpleApplication@51ebf6e6
reloadAllAccessors: .PoissonClock3

===========================================================================================
----------------- testing Mon Jun 24 01:55:08 UTC 2019 /home/travis/build/icyphy/ptII/ptolemy/actor/lib/test/auto/PubSubWithInitialTokens.xml
----------------- Instantiating /home/travis/build/icyphy/ptII/ptolemy/actor/lib/test/auto/PubSubWithInitialTokens.xml
3 ms. Memory: 635904K Free: 585820K (92%)
----------------- Invoking toplevel() on ptolemy.moml.MoMLSimpleApplication@6eb8d894
----------------- Done invoking toplevel() on ptolemy.moml.MoMLSimpleApplication@6eb8d894
reloadAllAccessors: .PubSubWithInitialTokens

===========================================================================================
----------------- testing Mon Jun 24 01:55:08 UTC 2019 /home/travis/build/icyphy/ptII/ptolemy/actor/lib/test/auto/PubSubWithInitialTokens2.xml
----------------- Instantiating /home/travis/build/icyphy/ptII/ptolemy/actor/lib/test/auto/PubSubWithInitialTokens2.xml
2 ms. Memory: 635904K Free: 579173K (91%)
----------------- Invoking toplevel() on ptolemy.moml.MoMLSimpleApplication@4cbe5b5c
----------------- Done invoking toplevel() on ptolemy.moml.MoMLSimpleApplication@4cbe5b5c
reloadAllAccessors: .PubSubWithInitialTokens2

===========================================================================================
----------------- testing Mon Jun 24 01:55:08 UTC 2019 /home/travis/build/icyphy/ptII/ptolemy/actor/lib/test/auto/PublisherClassNoParameter.xml
----------------- Instantiating /home/travis/build/icyphy/ptII/ptolemy/actor/lib/test/auto/PublisherClassNoParameter.xml
3 ms. Memory: 635904K Free: 568933K (89%)
----------------- Invoking toplevel() on ptolemy.moml.MoMLSimpleApplication@447ca91e
----------------- Done invoking toplevel() on ptolemy.moml.MoMLSimpleApplication@447ca91e
reloadAllAccessors: .PublisherClassNoParameter

===========================================================================================
----------------- testing Mon Jun 24 01:55:08 UTC 2019 /home/travis/build/icyphy/ptII/ptolemy/actor/lib/test/auto/PublisherClassParameter.xml
----------------- Instantiating /home/travis/build/icyphy/ptII/ptolemy/actor/lib/test/auto/PublisherClassParameter.xml
2 ms. Memory: 635904K Free: 558693K (88%)
----------------- Invoking toplevel() on ptolemy.moml.MoMLSimpleApplication@7834bb07
----------------- Done invoking toplevel() on ptolemy.moml.MoMLSimpleApplication@7834bb07
reloadAllAccessors: .PublisherClassParameter

===========================================================================================
----------------- testing Mon Jun 24 01:55:08 UTC 2019 /home/travis/build/icyphy/ptII/ptolemy/actor/lib/test/auto/PublisherNonStrictTest.xml
----------------- Instantiating /home/travis/build/icyphy/ptII/ptolemy/actor/lib/test/auto/PublisherNonStrictTest.xml
3 ms. Memory: 635904K Free: 551004K (87%)
----------------- Invoking toplevel() on ptolemy.moml.MoMLSimpleApplication@59e654e3
----------------- Done invoking toplevel() on ptolemy.moml.MoMLSimpleApplication@59e654e3
reloadAllAccessors: .PublisherNonStrictTest

===========================================================================================
----------------- testing Mon Jun 24 01:55:08 UTC 2019 /home/travis/build/icyphy/ptII/ptolemy/actor/lib/test/auto/PublisherPort1.xml
----------------- Instantiating /home/travis/build/icyphy/ptII/ptolemy/actor/lib/test/auto/PublisherPort1.xml
2 ms. Memory: 635904K Free: 545381K (86%)
----------------- Invoking toplevel() on ptolemy.moml.MoMLSimpleApplication@61e99b02
----------------- Done invoking toplevel() on ptolemy.moml.MoMLSimpleApplication@61e99b02
reloadAllAccessors: .PublisherPort1

===========================================================================================
----------------- testing Mon Jun 24 01:55:08 UTC 2019 /home/travis/build/icyphy/ptII/ptolemy/actor/lib/test/auto/PublisherPort2.xml
----------------- Instantiating /home/travis/build/icyphy/ptII/ptolemy/actor/lib/test/auto/PublisherPort2.xml
2 ms. Memory: 635904K Free: 540261K (85%)
----------------- Invoking toplevel() on ptolemy.moml.MoMLSimpleApplication@1c9b5430
----------------- Done invoking toplevel() on ptolemy.moml.MoMLSimpleApplication@1c9b5430
reloadAllAccessors: .PublisherPort2

===========================================================================================
----------------- testing Mon Jun 24 01:55:08 UTC 2019 /home/travis/build/icyphy/ptII/ptolemy/actor/lib/test/auto/PublisherPort3.xml
----------------- Instantiating /home/travis/build/icyphy/ptII/ptolemy/actor/lib/test/auto/PublisherPort3.xml
15 ms. Memory: 635904K Free: 533572K (84%)
----------------- Invoking toplevel() on ptolemy.moml.MoMLSimpleApplication@3af7e358
----------------- Done invoking toplevel() on ptolemy.moml.MoMLSimpleApplication@3af7e358
reloadAllAccessors: .PublisherPort3

===========================================================================================
----------------- testing Mon Jun 24 01:55:08 UTC 2019 /home/travis/build/icyphy/ptII/ptolemy/actor/lib/test/auto/PublisherPort4.xml
----------------- Instantiating /home/travis/build/icyphy/ptII/ptolemy/actor/lib/test/auto/PublisherPort4.xml
2 ms. Memory: 635904K Free: 527973K (83%)
----------------- Invoking toplevel() on ptolemy.moml.MoMLSimpleApplication@3f761a15
----------------- Done invoking toplevel() on ptolemy.moml.MoMLSimpleApplication@3f761a15
reloadAllAccessors: .PublisherPort4

===========================================================================================
----------------- testing Mon Jun 24 01:55:08 UTC 2019 /home/travis/build/icyphy/ptII/ptolemy/actor/lib/test/auto/PublisherPort5.xml
----------------- Instantiating /home/travis/build/icyphy/ptII/ptolemy/actor/lib/test/auto/PublisherPort5.xml
3 ms. Memory: 635904K Free: 520291K (82%)
----------------- Invoking toplevel() on ptolemy.moml.MoMLSimpleApplication@691dc3a7
----------------- Done invoking toplevel() on ptolemy.moml.MoMLSimpleApplication@691dc3a7
reloadAllAccessors: .PublisherPort5

===========================================================================================
----------------- testing Mon Jun 24 01:55:08 UTC 2019 /home/travis/build/icyphy/ptII/ptolemy/actor/lib/test/auto/PublisherPort5LookAlike.xml
----------------- Instantiating /home/travis/build/icyphy/ptII/ptolemy/actor/lib/test/auto/PublisherPort5LookAlike.xml
8 ms. Memory: 635904K Free: 512613K (81%)
----------------- Invoking toplevel() on ptolemy.moml.MoMLSimpleApplication@beab215
----------------- Done invoking toplevel() on ptolemy.moml.MoMLSimpleApplication@beab215
reloadAllAccessors: .PublisherPort5LookAlike

===========================================================================================
----------------- testing Mon Jun 24 01:55:08 UTC 2019 /home/travis/build/icyphy/ptII/ptolemy/actor/lib/test/auto/PublisherPort6.xml
----------------- Instantiating /home/travis/build/icyphy/ptII/ptolemy/actor/lib/test/auto/PublisherPort6.xml
2 ms. Memory: 635904K Free: 505445K (79%)
----------------- Invoking toplevel() on ptolemy.moml.MoMLSimpleApplication@1688430b
----------------- Done invoking toplevel() on ptolemy.moml.MoMLSimpleApplication@1688430b
reloadAllAccessors: .PublisherPort6

===========================================================================================
----------------- testing Mon Jun 24 01:55:08 UTC 2019 /home/travis/build/icyphy/ptII/ptolemy/actor/lib/test/auto/PublisherPort7.xml
----------------- Instantiating /home/travis/build/icyphy/ptII/ptolemy/actor/lib/test/auto/PublisherPort7.xml
3 ms. Memory: 635904K Free: 497763K (78%)
----------------- Invoking toplevel() on ptolemy.moml.MoMLSimpleApplication@6569bb0c
----------------- Done invoking toplevel() on ptolemy.moml.MoMLSimpleApplication@6569bb0c
reloadAllAccessors: .PublisherPort7

===========================================================================================
----------------- testing Mon Jun 24 01:55:08 UTC 2019 /home/travis/build/icyphy/ptII/ptolemy/actor/lib/test/auto/PublisherPort8.xml
----------------- Instantiating /home/travis/build/icyphy/ptII/ptolemy/actor/lib/test/auto/PublisherPort8.xml
5 ms. Memory: 635904K Free: 489061K (77%)
----------------- Invoking toplevel() on ptolemy.moml.MoMLSimpleApplication@69d79b8e
----------------- Done invoking toplevel() on ptolemy.moml.MoMLSimpleApplication@69d79b8e
reloadAllAccessors: .PublisherPort8

===========================================================================================
----------------- testing Mon Jun 24 01:55:08 UTC 2019 /home/travis/build/icyphy/ptII/ptolemy/actor/lib/test/auto/PublisherPortSubscriberChannelVariablesAOC2.xml
----------------- Instantiating /home/travis/build/icyphy/ptII/ptolemy/actor/lib/test/auto/PublisherPortSubscriberChannelVariablesAOC2.xml
3 ms. Memory: 635904K Free: 472163K (74%)
----------------- Invoking toplevel() on ptolemy.moml.MoMLSimpleApplication@22ef5c94
----------------- Done invoking toplevel() on ptolemy.moml.MoMLSimpleApplication@22ef5c94
reloadAllAccessors: .PublisherPortSubscriberChannelVariablesAOC2

===========================================================================================
----------------- testing Mon Jun 24 01:55:09 UTC 2019 /home/travis/build/icyphy/ptII/ptolemy/actor/lib/test/auto/PublisherPortSubscriberOpaqueWidthInference.xml
----------------- Instantiating /home/travis/build/icyphy/ptII/ptolemy/actor/lib/test/auto/PublisherPortSubscriberOpaqueWidthInference.xml
4 ms. Memory: 635904K Free: 464485K (73%)
----------------- Invoking toplevel() on ptolemy.moml.MoMLSimpleApplication@6fd6733f
----------------- Done invoking toplevel() on ptolemy.moml.MoMLSimpleApplication@6fd6733f
reloadAllAccessors: .PublisherPortSubscriberOpaqueWidthInference

===========================================================================================
----------------- testing Mon Jun 24 01:55:09 UTC 2019 /home/travis/build/icyphy/ptII/ptolemy/actor/lib/test/auto/PublisherPortSubscriberPortAdjacent.xml
----------------- Instantiating /home/travis/build/icyphy/ptII/ptolemy/actor/lib/test/auto/PublisherPortSubscriberPortAdjacent.xml
2 ms. Memory: 635904K Free: 456293K (72%)
----------------- Invoking toplevel() on ptolemy.moml.MoMLSimpleApplication@16c2cf73
----------------- Done invoking toplevel() on ptolemy.moml.MoMLSimpleApplication@16c2cf73
reloadAllAccessors: .PublisherPortSubscriberPortAdjacent

===========================================================================================
----------------- testing Mon Jun 24 01:55:09 UTC 2019 /home/travis/build/icyphy/ptII/ptolemy/actor/lib/test/auto/PublisherPortSubscriberPortExpression.xml
----------------- Instantiating /home/travis/build/icyphy/ptII/ptolemy/actor/lib/test/auto/PublisherPortSubscriberPortExpression.xml
6 ms. Memory: 635904K Free: 448604K (71%)
----------------- Invoking toplevel() on ptolemy.moml.MoMLSimpleApplication@3bdbe4c7
----------------- Done invoking toplevel() on ptolemy.moml.MoMLSimpleApplication@3bdbe4c7
reloadAllAccessors: .PublisherPortSubscriberPortExpression

===========================================================================================
----------------- testing Mon Jun 24 01:55:09 UTC 2019 /home/travis/build/icyphy/ptII/ptolemy/actor/lib/test/auto/PublisherPortSubscriberPortOpaqueD3Reverse.xml
----------------- Instantiating /home/travis/build/icyphy/ptII/ptolemy/actor/lib/test/auto/PublisherPortSubscriberPortOpaqueD3Reverse.xml
7 ms. Memory: 635904K Free: 438371K (69%)
----------------- Invoking toplevel() on ptolemy.moml.MoMLSimpleApplication@54367fec
----------------- Done invoking toplevel() on ptolemy.moml.MoMLSimpleApplication@54367fec
reloadAllAccessors: .PublisherPortSubscriberPortOpaqueD3Reverse

===========================================================================================
----------------- testing Mon Jun 24 01:55:09 UTC 2019 /home/travis/build/icyphy/ptII/ptolemy/actor/lib/test/auto/PublisherPortSubscriberPortOpaqueWidthInference.xml
----------------- Instantiating /home/travis/build/icyphy/ptII/ptolemy/actor/lib/test/auto/PublisherPortSubscriberPortOpaqueWidthInference.xml
3 ms. Memory: 635904K Free: 430693K (68%)
----------------- Invoking toplevel() on ptolemy.moml.MoMLSimpleApplication@9d3205e
----------------- Done invoking toplevel() on ptolemy.moml.MoMLSimpleApplication@9d3205e
reloadAllAccessors: .PublisherPortSubscriberPortOpaqueWidthInference

===========================================================================================
----------------- testing Mon Jun 24 01:55:09 UTC 2019 /home/travis/build/icyphy/ptII/ptolemy/actor/lib/test/auto/PublisherPortToplevelSubscriberPortAOC.xml
----------------- Instantiating /home/travis/build/icyphy/ptII/ptolemy/actor/lib/test/auto/PublisherPortToplevelSubscriberPortAOC.xml
.PublisherPortToplevelSubscriberPortAOC.TestExceptionAttribute: initialize() was not invoked, but wrapup() was.  This is unusual, but not always a problem.  For example, exporting JNLP will do this.
2 ms. Memory: 635904K Free: 424549K (67%)
----------------- Invoking toplevel() on ptolemy.moml.MoMLSimpleApplication@241be038
----------------- Done invoking toplevel() on ptolemy.moml.MoMLSimpleApplication@241be038
reloadAllAccessors: .PublisherPortToplevelSubscriberPortAOC

===========================================================================================
----------------- testing Mon Jun 24 01:55:09 UTC 2019 /home/travis/build/icyphy/ptII/ptolemy/actor/lib/test/auto/PublisherSubscriber.xml
----------------- Instantiating /home/travis/build/icyphy/ptII/ptolemy/actor/lib/test/auto/PublisherSubscriber.xml
2 ms. Memory: 635904K Free: 416836K (66%)
----------------- Invoking toplevel() on ptolemy.moml.MoMLSimpleApplication@1f298887
----------------- Done invoking toplevel() on ptolemy.moml.MoMLSimpleApplication@1f298887
reloadAllAccessors: .PublisherSubscriber

===========================================================================================
----------------- testing Mon Jun 24 01:55:09 UTC 2019 /home/travis/build/icyphy/ptII/ptolemy/actor/lib/test/auto/PublisherSubscriber10.xml
----------------- Instantiating /home/travis/build/icyphy/ptII/ptolemy/actor/lib/test/auto/PublisherSubscriber10.xml
8 ms. Memory: 635904K Free: 407651K (64%)
----------------- Invoking toplevel() on ptolemy.moml.MoMLSimpleApplication@11dd5beb
----------------- Done invoking toplevel() on ptolemy.moml.MoMLSimpleApplication@11dd5beb
reloadAllAccessors: .PublisherSubscriber10

===========================================================================================
----------------- testing Mon Jun 24 01:55:09 UTC 2019 /home/travis/build/icyphy/ptII/ptolemy/actor/lib/test/auto/PublisherSubscriber10InitialOutputs.xml
----------------- Instantiating /home/travis/build/icyphy/ptII/ptolemy/actor/lib/test/auto/PublisherSubscriber10InitialOutputs.xml
12 ms. Memory: 635904K Free: 398435K (63%)
----------------- Invoking toplevel() on ptolemy.moml.MoMLSimpleApplication@687dd606
----------------- Done invoking toplevel() on ptolemy.moml.MoMLSimpleApplication@687dd606
reloadAllAccessors: .PublisherSubscriber10InitialOutputs

===========================================================================================
----------------- testing Mon Jun 24 01:55:09 UTC 2019 /home/travis/build/icyphy/ptII/ptolemy/actor/lib/test/auto/PublisherSubscriber11.xml
----------------- Instantiating /home/travis/build/icyphy/ptII/ptolemy/actor/lib/test/auto/PublisherSubscriber11.xml
4 ms. Memory: 635904K Free: 392276K (62%)
----------------- Invoking toplevel() on ptolemy.moml.MoMLSimpleApplication@58ecbc42
----------------- Done invoking toplevel() on ptolemy.moml.MoMLSimpleApplication@58ecbc42
reloadAllAccessors: .PublisherSubscriber11

===========================================================================================
----------------- testing Mon Jun 24 01:55:09 UTC 2019 /home/travis/build/icyphy/ptII/ptolemy/actor/lib/test/auto/PublisherSubscriber12.xml
----------------- Instantiating /home/travis/build/icyphy/ptII/ptolemy/actor/lib/test/auto/PublisherSubscriber12.xml
6 ms. Memory: 635904K Free: 385637K (61%)
----------------- Invoking toplevel() on ptolemy.moml.MoMLSimpleApplication@7fd23b20
----------------- Done invoking toplevel() on ptolemy.moml.MoMLSimpleApplication@7fd23b20
reloadAllAccessors: .PublisherSubscriber12

===========================================================================================
----------------- testing Mon Jun 24 01:55:09 UTC 2019 /home/travis/build/icyphy/ptII/ptolemy/actor/lib/test/auto/PublisherSubscriber13.xml
----------------- Instantiating /home/travis/build/icyphy/ptII/ptolemy/actor/lib/test/auto/PublisherSubscriber13.xml
2 ms. Memory: 635904K Free: 379988K (60%)
----------------- Invoking toplevel() on ptolemy.moml.MoMLSimpleApplication@6b2431de
----------------- Done invoking toplevel() on ptolemy.moml.MoMLSimpleApplication@6b2431de
reloadAllAccessors: .PublisherSubscriber13

===========================================================================================
----------------- testing Mon Jun 24 01:55:09 UTC 2019 /home/travis/build/icyphy/ptII/ptolemy/actor/lib/test/auto/PublisherSubscriber14.xml
----------------- Instantiating /home/travis/build/icyphy/ptII/ptolemy/actor/lib/test/auto/PublisherSubscriber14.xml
2 ms. Memory: 635904K Free: 370772K (58%)
----------------- Invoking toplevel() on ptolemy.moml.MoMLSimpleApplication@44c6949a
----------------- Done invoking toplevel() on ptolemy.moml.MoMLSimpleApplication@44c6949a
reloadAllAccessors: .PublisherSubscriber14

===========================================================================================
----------------- testing Mon Jun 24 01:55:09 UTC 2019 /home/travis/build/icyphy/ptII/ptolemy/actor/lib/test/auto/PublisherSubscriber2.xml
----------------- Instantiating /home/travis/build/icyphy/ptII/ptolemy/actor/lib/test/auto/PublisherSubscriber2.xml
4 ms. Memory: 635904K Free: 365157K (57%)
----------------- Invoking toplevel() on ptolemy.moml.MoMLSimpleApplication@7c535cd8
----------------- Done invoking toplevel() on ptolemy.moml.MoMLSimpleApplication@7c535cd8
reloadAllAccessors: .PublisherSubscriber2

===========================================================================================
----------------- testing Mon Jun 24 01:55:09 UTC 2019 /home/travis/build/icyphy/ptII/ptolemy/actor/lib/test/auto/PublisherSubscriber3.xml
----------------- Instantiating /home/travis/build/icyphy/ptII/ptolemy/actor/lib/test/auto/PublisherSubscriber3.xml
2 ms. Memory: 635904K Free: 360037K (57%)
----------------- Invoking toplevel() on ptolemy.moml.MoMLSimpleApplication@595e5a5c
----------------- Done invoking toplevel() on ptolemy.moml.MoMLSimpleApplication@595e5a5c
reloadAllAccessors: .PublisherSubscriber3

===========================================================================================
----------------- testing Mon Jun 24 01:55:09 UTC 2019 /home/travis/build/icyphy/ptII/ptolemy/actor/lib/test/auto/PublisherSubscriber4.xml
----------------- Instantiating /home/travis/build/icyphy/ptII/ptolemy/actor/lib/test/auto/PublisherSubscriber4.xml
5 ms. Memory: 635904K Free: 354388K (56%)
----------------- Invoking toplevel() on ptolemy.moml.MoMLSimpleApplication@3d82fd06
----------------- Done invoking toplevel() on ptolemy.moml.MoMLSimpleApplication@3d82fd06
reloadAllAccessors: .PublisherSubscriber4

===========================================================================================
----------------- testing Mon Jun 24 01:55:09 UTC 2019 /home/travis/build/icyphy/ptII/ptolemy/actor/lib/test/auto/PublisherSubscriber5.xml
----------------- Instantiating /home/travis/build/icyphy/ptII/ptolemy/actor/lib/test/auto/PublisherSubscriber5.xml
3 ms. Memory: 635904K Free: 347749K (55%)
----------------- Invoking toplevel() on ptolemy.moml.MoMLSimpleApplication@3b64e6a1
----------------- Done invoking toplevel() on ptolemy.moml.MoMLSimpleApplication@3b64e6a1
reloadAllAccessors: .PublisherSubscriber5

===========================================================================================
----------------- testing Mon Jun 24 01:55:09 UTC 2019 /home/travis/build/icyphy/ptII/ptolemy/actor/lib/test/auto/PublisherSubscriber6.xml
----------------- Instantiating /home/travis/build/icyphy/ptII/ptolemy/actor/lib/test/auto/PublisherSubscriber6.xml
4 ms. Memory: 635904K Free: 341076K (54%)
----------------- Invoking toplevel() on ptolemy.moml.MoMLSimpleApplication@260ccc45
----------------- Done invoking toplevel() on ptolemy.moml.MoMLSimpleApplication@260ccc45
reloadAllAccessors: .PublisherSubscriber6

===========================================================================================
----------------- testing Mon Jun 24 01:55:09 UTC 2019 /home/travis/build/icyphy/ptII/ptolemy/actor/lib/test/auto/PublisherSubscriber7.xml
----------------- Instantiating /home/travis/build/icyphy/ptII/ptolemy/actor/lib/test/auto/PublisherSubscriber7.xml
6 ms. Memory: 635904K Free: 333923K (53%)
----------------- Invoking toplevel() on ptolemy.moml.MoMLSimpleApplication@2bed4c2f
----------------- Done invoking toplevel() on ptolemy.moml.MoMLSimpleApplication@2bed4c2f
reloadAllAccessors: .PublisherSubscriber7

===========================================================================================
----------------- testing Mon Jun 24 01:55:09 UTC 2019 /home/travis/build/icyphy/ptII/ptolemy/actor/lib/test/auto/PublisherSubscriber8.xml
----------------- Instantiating /home/travis/build/icyphy/ptII/ptolemy/actor/lib/test/auto/PublisherSubscriber8.xml
18 ms. Memory: 635904K Free: 322149K (51%)
----------------- Invoking toplevel() on ptolemy.moml.MoMLSimpleApplication@371dc5b6
----------------- Done invoking toplevel() on ptolemy.moml.MoMLSimpleApplication@371dc5b6
reloadAllAccessors: .PublisherSubscriber8

===========================================================================================
----------------- testing Mon Jun 24 01:55:09 UTC 2019 /home/travis/build/icyphy/ptII/ptolemy/actor/lib/test/auto/PublisherSubscriber9.xml
----------------- Instantiating /home/travis/build/icyphy/ptII/ptolemy/actor/lib/test/auto/PublisherSubscriber9.xml
3 ms. Memory: 635904K Free: 314981K (50%)
----------------- Invoking toplevel() on ptolemy.moml.MoMLSimpleApplication@7dc1be7b
----------------- Done invoking toplevel() on ptolemy.moml.MoMLSimpleApplication@7dc1be7b
reloadAllAccessors: .PublisherSubscriber9

===========================================================================================
----------------- testing Mon Jun 24 01:55:09 UTC 2019 /home/travis/build/icyphy/ptII/ptolemy/actor/lib/test/auto/PublisherSubscriberAdjacent.xml
----------------- Instantiating /home/travis/build/icyphy/ptII/ptolemy/actor/lib/test/auto/PublisherSubscriberAdjacent.xml
3 ms. Memory: 635904K Free: 306789K (48%)
----------------- Invoking toplevel() on ptolemy.moml.MoMLSimpleApplication@7459e56c
----------------- Done invoking toplevel() on ptolemy.moml.MoMLSimpleApplication@7459e56c
reloadAllAccessors: .PublisherSubscriberAdjacent

===========================================================================================
----------------- testing Mon Jun 24 01:55:09 UTC 2019 /home/travis/build/icyphy/ptII/ptolemy/actor/lib/test/auto/PublisherSubscriberChannelVariablesAOC2.xml
----------------- Instantiating /home/travis/build/icyphy/ptII/ptolemy/actor/lib/test/auto/PublisherSubscriberChannelVariablesAOC2.xml
3 ms. Memory: 635904K Free: 292453K (46%)
----------------- Invoking toplevel() on ptolemy.moml.MoMLSimpleApplication@4bb767ff
----------------- Done invoking toplevel() on ptolemy.moml.MoMLSimpleApplication@4bb767ff
reloadAllAccessors: .PublisherSubscriberChannelVariablesAOC2

===========================================================================================
----------------- testing Mon Jun 24 01:55:09 UTC 2019 /home/travis/build/icyphy/ptII/ptolemy/actor/lib/test/auto/PublisherSubscriberD3.xml
----------------- Instantiating /home/travis/build/icyphy/ptII/ptolemy/actor/lib/test/auto/PublisherSubscriberD3.xml
1 ms. Memory: 635904K Free: 285285K (45%)
----------------- Invoking toplevel() on ptolemy.moml.MoMLSimpleApplication@34e97d63
----------------- Done invoking toplevel() on ptolemy.moml.MoMLSimpleApplication@34e97d63
reloadAllAccessors: .PublisherSubscriberD3

===========================================================================================
----------------- testing Mon Jun 24 01:55:09 UTC 2019 /home/travis/build/icyphy/ptII/ptolemy/actor/lib/test/auto/PublisherSubscriberD3Reverse.xml
----------------- Instantiating /home/travis/build/icyphy/ptII/ptolemy/actor/lib/test/auto/PublisherSubscriberD3Reverse.xml
2 ms. Memory: 635904K Free: 278627K (44%)
----------------- Invoking toplevel() on ptolemy.moml.MoMLSimpleApplication@5e8fed08
----------------- Done invoking toplevel() on ptolemy.moml.MoMLSimpleApplication@5e8fed08
reloadAllAccessors: .PublisherSubscriberD3Reverse

===========================================================================================
----------------- testing Mon Jun 24 01:55:09 UTC 2019 /home/travis/build/icyphy/ptII/ptolemy/actor/lib/test/auto/PublisherSubscriberExpression.xml
----------------- Instantiating /home/travis/build/icyphy/ptII/ptolemy/actor/lib/test/auto/PublisherSubscriberExpression.xml
7 ms. Memory: 635904K Free: 270420K (43%)
----------------- Invoking toplevel() on ptolemy.moml.MoMLSimpleApplication@d284620
----------------- Done invoking toplevel() on ptolemy.moml.MoMLSimpleApplication@d284620
reloadAllAccessors: .PublisherSubscriberExpression

===========================================================================================
----------------- testing Mon Jun 24 01:55:09 UTC 2019 /home/travis/build/icyphy/ptII/ptolemy/actor/lib/test/auto/PublisherSubscriberOpaque.xml
----------------- Instantiating /home/travis/build/icyphy/ptII/ptolemy/actor/lib/test/auto/PublisherSubscriberOpaque.xml
4 ms. Memory: 635904K Free: 262243K (41%)
----------------- Invoking toplevel() on ptolemy.moml.MoMLSimpleApplication@84b8bb9
----------------- Done invoking toplevel() on ptolemy.moml.MoMLSimpleApplication@84b8bb9
reloadAllAccessors: .PublisherSubscriberOpaque

===========================================================================================
----------------- testing Mon Jun 24 01:55:09 UTC 2019 /home/travis/build/icyphy/ptII/ptolemy/actor/lib/test/auto/PublisherSubscriberOpaqueD3.xml
----------------- Instantiating /home/travis/build/icyphy/ptII/ptolemy/actor/lib/test/auto/PublisherSubscriberOpaqueD3.xml
10 ms. Memory: 635904K Free: 250979K (39%)
----------------- Invoking toplevel() on ptolemy.moml.MoMLSimpleApplication@287872b6
----------------- Done invoking toplevel() on ptolemy.moml.MoMLSimpleApplication@287872b6
reloadAllAccessors: .PublisherSubscriberOpaqueD3

===========================================================================================
----------------- testing Mon Jun 24 01:55:09 UTC 2019 /home/travis/build/icyphy/ptII/ptolemy/actor/lib/test/auto/PublisherSubscriberOpaqueD3Reverse.xml
----------------- Instantiating /home/travis/build/icyphy/ptII/ptolemy/actor/lib/test/auto/PublisherSubscriberOpaqueD3Reverse.xml
8 ms. Memory: 635904K Free: 240229K (38%)
----------------- Invoking toplevel() on ptolemy.moml.MoMLSimpleApplication@101accf0
----------------- Done invoking toplevel() on ptolemy.moml.MoMLSimpleApplication@101accf0
reloadAllAccessors: .PublisherSubscriberOpaqueD3Reverse

===========================================================================================
----------------- testing Mon Jun 24 01:55:09 UTC 2019 /home/travis/build/icyphy/ptII/ptolemy/actor/lib/test/auto/PublisherSubscriberOpaqueWidthInference.xml
----------------- Instantiating /home/travis/build/icyphy/ptII/ptolemy/actor/lib/test/auto/PublisherSubscriberOpaqueWidthInference.xml
5 ms. Memory: 635904K Free: 231508K (36%)
----------------- Invoking toplevel() on ptolemy.moml.MoMLSimpleApplication@45589b0e
----------------- Done invoking toplevel() on ptolemy.moml.MoMLSimpleApplication@45589b0e
reloadAllAccessors: .PublisherSubscriberOpaqueWidthInference

===========================================================================================
----------------- testing Mon Jun 24 01:55:09 UTC 2019 /home/travis/build/icyphy/ptII/ptolemy/actor/lib/test/auto/PublisherTestSubscriber.xml
----------------- Instantiating /home/travis/build/icyphy/ptII/ptolemy/actor/lib/test/auto/PublisherTestSubscriber.xml
5 ms. Memory: 635904K Free: 223845K (35%)
----------------- Invoking toplevel() on ptolemy.moml.MoMLSimpleApplication@30f02708
----------------- Done invoking toplevel() on ptolemy.moml.MoMLSimpleApplication@30f02708
reloadAllAccessors: .PublisherTestSubscriber

===========================================================================================
----------------- testing Mon Jun 24 01:55:09 UTC 2019 /home/travis/build/icyphy/ptII/ptolemy/actor/lib/test/auto/PublisherToplevelSubscriberPortAOC.xml
----------------- Instantiating /home/travis/build/icyphy/ptII/ptolemy/actor/lib/test/auto/PublisherToplevelSubscriberPortAOC.xml
2 ms. Memory: 635904K Free: 217180K (34%)
----------------- Invoking toplevel() on ptolemy.moml.MoMLSimpleApplication@70a1ca35
----------------- Done invoking toplevel() on ptolemy.moml.MoMLSimpleApplication@70a1ca35
reloadAllAccessors: .PublisherToplevelSubscriberPortAOC

===========================================================================================
----------------- testing Mon Jun 24 01:55:09 UTC 2019 /home/travis/build/icyphy/ptII/ptolemy/actor/lib/test/auto/PulseFiringLimitDE.xml
----------------- Instantiating /home/travis/build/icyphy/ptII/ptolemy/actor/lib/test/auto/PulseFiringLimitDE.xml
2 ms. Memory: 635904K Free: 585586K (92%)
----------------- Invoking toplevel() on ptolemy.moml.MoMLSimpleApplication@6bdea289
----------------- Done invoking toplevel() on ptolemy.moml.MoMLSimpleApplication@6bdea289
reloadAllAccessors: .PulseFiringLimitDE

===========================================================================================
----------------- testing Mon Jun 24 01:55:09 UTC 2019 /home/travis/build/icyphy/ptII/ptolemy/actor/lib/test/auto/Ramp1.xml
----------------- Instantiating /home/travis/build/icyphy/ptII/ptolemy/actor/lib/test/auto/Ramp1.xml
1 ms. Memory: 635904K Free: 580994K (91%)
----------------- Invoking toplevel() on ptolemy.moml.MoMLSimpleApplication@5160c0cb
----------------- Done invoking toplevel() on ptolemy.moml.MoMLSimpleApplication@5160c0cb
reloadAllAccessors: .Ramp1

===========================================================================================
----------------- testing Mon Jun 24 01:55:09 UTC 2019 /home/travis/build/icyphy/ptII/ptolemy/actor/lib/test/auto/RampFiringLimitDE.xml
----------------- Instantiating /home/travis/build/icyphy/ptII/ptolemy/actor/lib/test/auto/RampFiringLimitDE.xml
2 ms. Memory: 635904K Free: 574850K (90%)
----------------- Invoking toplevel() on ptolemy.moml.MoMLSimpleApplication@1a834de9
----------------- Done invoking toplevel() on ptolemy.moml.MoMLSimpleApplication@1a834de9
reloadAllAccessors: .RampFiringLimitDE

===========================================================================================
----------------- testing Mon Jun 24 01:55:09 UTC 2019 /home/travis/build/icyphy/ptII/ptolemy/actor/lib/test/auto/RampFiringLimitSDF.xml
----------------- Instantiating /home/travis/build/icyphy/ptII/ptolemy/actor/lib/test/auto/RampFiringLimitSDF.xml
2 ms. Memory: 635904K Free: 569730K (90%)
----------------- Invoking toplevel() on ptolemy.moml.MoMLSimpleApplication@3b2e7d80
----------------- Done invoking toplevel() on ptolemy.moml.MoMLSimpleApplication@3b2e7d80
reloadAllAccessors: .RampFiringLimitSDF

===========================================================================================
----------------- testing Mon Jun 24 01:55:09 UTC 2019 /home/travis/build/icyphy/ptII/ptolemy/actor/lib/test/auto/RandomInteger.xml
----------------- Instantiating /home/travis/build/icyphy/ptII/ptolemy/actor/lib/test/auto/RandomInteger.xml
2 ms. Memory: 635904K Free: 565634K (89%)
----------------- Invoking toplevel() on ptolemy.moml.MoMLSimpleApplication@1cf3aca8
----------------- Done invoking toplevel() on ptolemy.moml.MoMLSimpleApplication@1cf3aca8
reloadAllAccessors: .RandomInteger

===========================================================================================
----------------- testing Mon Jun 24 01:55:09 UTC 2019 /home/travis/build/icyphy/ptII/ptolemy/actor/lib/test/auto/ReadFile1.xml
----------------- Instantiating /home/travis/build/icyphy/ptII/ptolemy/actor/lib/test/auto/ReadFile1.xml
1 ms. Memory: 635904K Free: 560514K (88%)
----------------- Invoking toplevel() on ptolemy.moml.MoMLSimpleApplication@1a6fff4
----------------- Done invoking toplevel() on ptolemy.moml.MoMLSimpleApplication@1a6fff4
reloadAllAccessors: .ReadFile1

===========================================================================================
----------------- testing Mon Jun 24 01:55:09 UTC 2019 /home/travis/build/icyphy/ptII/ptolemy/actor/lib/test/auto/ReadFile2.xml
----------------- Instantiating /home/travis/build/icyphy/ptII/ptolemy/actor/lib/test/auto/ReadFile2.xml
1 ms. Memory: 635904K Free: 556418K (88%)
----------------- Invoking toplevel() on ptolemy.moml.MoMLSimpleApplication@6b716e1b
----------------- Done invoking toplevel() on ptolemy.moml.MoMLSimpleApplication@6b716e1b
reloadAllAccessors: .ReadFile2

===========================================================================================
----------------- testing Mon Jun 24 01:55:09 UTC 2019 /home/travis/build/icyphy/ptII/ptolemy/actor/lib/test/auto/Reader.xml
----------------- Instantiating /home/travis/build/icyphy/ptII/ptolemy/actor/lib/test/auto/Reader.xml
actor.lib.Reader is obsolete, use actor.lib.io.ExpressionReader instead
5 ms. Memory: 635904K Free: 552322K (87%)
----------------- Invoking toplevel() on ptolemy.moml.MoMLSimpleApplication@5e52e586
----------------- Done invoking toplevel() on ptolemy.moml.MoMLSimpleApplication@5e52e586
reloadAllAccessors: .Reader

===========================================================================================
----------------- testing Mon Jun 24 01:55:09 UTC 2019 /home/travis/build/icyphy/ptII/ptolemy/actor/lib/test/auto/RecordAssemblerDisplayNameTest.xml
----------------- Instantiating /home/travis/build/icyphy/ptII/ptolemy/actor/lib/test/auto/RecordAssemblerDisplayNameTest.xml
3946 ms. Memory: 635904K Free: 480638K (76%)
----------------- Invoking toplevel() on ptolemy.moml.MoMLSimpleApplication@7d795a40
----------------- Done invoking toplevel() on ptolemy.moml.MoMLSimpleApplication@7d795a40
reloadAllAccessors: .RecordAssemblerDisplayNameTest

===========================================================================================
----------------- testing Mon Jun 24 01:55:13 UTC 2019 /home/travis/build/icyphy/ptII/ptolemy/actor/lib/test/auto/RecordAssemblerTypeError.xml
----------------- Instantiating /home/travis/build/icyphy/ptII/ptolemy/actor/lib/test/auto/RecordAssemblerTypeError.xml
14 ms. Memory: 635904K Free: 470912K (74%)
----------------- Invoking toplevel() on ptolemy.moml.MoMLSimpleApplication@6615b87b
----------------- Done invoking toplevel() on ptolemy.moml.MoMLSimpleApplication@6615b87b
reloadAllAccessors: .RecordAssemblerTypeError

===========================================================================================
----------------- testing Mon Jun 24 01:55:13 UTC 2019 /home/travis/build/icyphy/ptII/ptolemy/actor/lib/test/auto/RecordDisassember.xml
----------------- Instantiating /home/travis/build/icyphy/ptII/ptolemy/actor/lib/test/auto/RecordDisassember.xml
3 ms. Memory: 635904K Free: 466288K (73%)
----------------- Invoking toplevel() on ptolemy.moml.MoMLSimpleApplication@251c7dac
----------------- Done invoking toplevel() on ptolemy.moml.MoMLSimpleApplication@251c7dac
reloadAllAccessors: .RecordDisassember

===========================================================================================
----------------- testing Mon Jun 24 01:55:13 UTC 2019 /home/travis/build/icyphy/ptII/ptolemy/actor/lib/test/auto/RecordDisassemberDisplayNameTest.xml
----------------- Instantiating /home/travis/build/icyphy/ptII/ptolemy/actor/lib/test/auto/RecordDisassemberDisplayNameTest.xml
6 ms. Memory: 635904K Free: 458110K (72%)
----------------- Invoking toplevel() on ptolemy.moml.MoMLSimpleApplication@3290df09
----------------- Done invoking toplevel() on ptolemy.moml.MoMLSimpleApplication@3290df09
reloadAllAccessors: .RecordDisassemberDisplayNameTest

===========================================================================================
----------------- testing Mon Jun 24 01:55:13 UTC 2019 /home/travis/build/icyphy/ptII/ptolemy/actor/lib/test/auto/RecordDisassembler.xml
----------------- Instantiating /home/travis/build/icyphy/ptII/ptolemy/actor/lib/test/auto/RecordDisassembler.xml
3 ms. Memory: 635904K Free: 452976K (71%)
----------------- Invoking toplevel() on ptolemy.moml.MoMLSimpleApplication@4a55675a
----------------- Done invoking toplevel() on ptolemy.moml.MoMLSimpleApplication@4a55675a
reloadAllAccessors: .RecordDisassembler

===========================================================================================
----------------- testing Mon Jun 24 01:55:13 UTC 2019 /home/travis/build/icyphy/ptII/ptolemy/actor/lib/test/auto/RecordDisassembler2.xml
----------------- Instantiating /home/travis/build/icyphy/ptII/ptolemy/actor/lib/test/auto/RecordDisassembler2.xml
2 ms. Memory: 635904K Free: 447840K (70%)
----------------- Invoking toplevel() on ptolemy.moml.MoMLSimpleApplication@11f46caa
----------------- Done invoking toplevel() on ptolemy.moml.MoMLSimpleApplication@11f46caa
reloadAllAccessors: .RecordDisassembler2

===========================================================================================
----------------- testing Mon Jun 24 01:55:13 UTC 2019 /home/travis/build/icyphy/ptII/ptolemy/actor/lib/test/auto/RecordUpdater.xml
----------------- Instantiating /home/travis/build/icyphy/ptII/ptolemy/actor/lib/test/auto/RecordUpdater.xml
2 ms. Memory: 635904K Free: 442750K (70%)
----------------- Invoking toplevel() on ptolemy.moml.MoMLSimpleApplication@4fd799c6
----------------- Done invoking toplevel() on ptolemy.moml.MoMLSimpleApplication@4fd799c6
reloadAllAccessors: .RecordUpdater

===========================================================================================
----------------- testing Mon Jun 24 01:55:14 UTC 2019 /home/travis/build/icyphy/ptII/ptolemy/actor/lib/test/auto/RecordUpdater2.xml
----------------- Instantiating /home/travis/build/icyphy/ptII/ptolemy/actor/lib/test/auto/RecordUpdater2.xml
2 ms. Memory: 635904K Free: 437630K (69%)
----------------- Invoking toplevel() on ptolemy.moml.MoMLSimpleApplication@3cebc17a
----------------- Done invoking toplevel() on ptolemy.moml.MoMLSimpleApplication@3cebc17a
reloadAllAccessors: .RecordUpdater2

===========================================================================================
----------------- testing Mon Jun 24 01:55:14 UTC 2019 /home/travis/build/icyphy/ptII/ptolemy/actor/lib/test/auto/RecursiveLattice.xml
----------------- Instantiating /home/travis/build/icyphy/ptII/ptolemy/actor/lib/test/auto/RecursiveLattice.xml
1 ms. Memory: 635904K Free: 433534K (68%)
----------------- Invoking toplevel() on ptolemy.moml.MoMLSimpleApplication@1ec10371
----------------- Done invoking toplevel() on ptolemy.moml.MoMLSimpleApplication@1ec10371
reloadAllAccessors: .RecursiveLattice

===========================================================================================
----------------- testing Mon Jun 24 01:55:14 UTC 2019 /home/travis/build/icyphy/ptII/ptolemy/actor/lib/test/auto/Router.xml
----------------- Instantiating /home/travis/build/icyphy/ptII/ptolemy/actor/lib/test/auto/Router.xml
3004 ms. Memory: 635904K Free: 422270K (66%)
----------------- Invoking toplevel() on ptolemy.moml.MoMLSimpleApplication@5efb0c74
----------------- Done invoking toplevel() on ptolemy.moml.MoMLSimpleApplication@5efb0c74
reloadAllAccessors: .Router

===========================================================================================
----------------- testing Mon Jun 24 01:55:17 UTC 2019 /home/travis/build/icyphy/ptII/ptolemy/actor/lib/test/auto/Router2.xml
----------------- Instantiating /home/travis/build/icyphy/ptII/ptolemy/actor/lib/test/auto/Router2.xml
3004 ms. Memory: 635904K Free: 412030K (65%)
----------------- Invoking toplevel() on ptolemy.moml.MoMLSimpleApplication@193bbdca
----------------- Done invoking toplevel() on ptolemy.moml.MoMLSimpleApplication@193bbdca
reloadAllAccessors: .Router2

===========================================================================================
----------------- testing Mon Jun 24 01:55:20 UTC 2019 /home/travis/build/icyphy/ptII/ptolemy/actor/lib/test/auto/RunningMaximum.xml
----------------- Instantiating /home/travis/build/icyphy/ptII/ptolemy/actor/lib/test/auto/RunningMaximum.xml
2 ms. Memory: 635904K Free: 407424K (64%)
----------------- Invoking toplevel() on ptolemy.moml.MoMLSimpleApplication@409519da
----------------- Done invoking toplevel() on ptolemy.moml.MoMLSimpleApplication@409519da
reloadAllAccessors: .RunningMaximum

===========================================================================================
----------------- testing Mon Jun 24 01:55:20 UTC 2019 /home/travis/build/icyphy/ptII/ptolemy/actor/lib/test/auto/RunningMinimum.xml
----------------- Instantiating /home/travis/build/icyphy/ptII/ptolemy/actor/lib/test/auto/RunningMinimum.xml
8 ms. Memory: 635904K Free: 402814K (63%)
----------------- Invoking toplevel() on ptolemy.moml.MoMLSimpleApplication@10688d03
----------------- Done invoking toplevel() on ptolemy.moml.MoMLSimpleApplication@10688d03
reloadAllAccessors: .RunningMinimum

===========================================================================================
----------------- testing Mon Jun 24 01:55:20 UTC 2019 /home/travis/build/icyphy/ptII/ptolemy/actor/lib/test/auto/Scale.xml
----------------- Instantiating /home/travis/build/icyphy/ptII/ptolemy/actor/lib/test/auto/Scale.xml
1 ms. Memory: 635904K Free: 398208K (63%)
----------------- Invoking toplevel() on ptolemy.moml.MoMLSimpleApplication@7283ac43
----------------- Done invoking toplevel() on ptolemy.moml.MoMLSimpleApplication@7283ac43
reloadAllAccessors: .Scale

===========================================================================================
----------------- testing Mon Jun 24 01:55:20 UTC 2019 /home/travis/build/icyphy/ptII/ptolemy/actor/lib/test/auto/Scale2.xml
----------------- Instantiating /home/travis/build/icyphy/ptII/ptolemy/actor/lib/test/auto/Scale2.xml
1 ms. Memory: 635904K Free: 393088K (62%)
----------------- Invoking toplevel() on ptolemy.moml.MoMLSimpleApplication@4dbab8a9
----------------- Done invoking toplevel() on ptolemy.moml.MoMLSimpleApplication@4dbab8a9
reloadAllAccessors: .Scale2

===========================================================================================
----------------- testing Mon Jun 24 01:55:20 UTC 2019 /home/travis/build/icyphy/ptII/ptolemy/actor/lib/test/auto/Scale3.xml
----------------- Instantiating /home/travis/build/icyphy/ptII/ptolemy/actor/lib/test/auto/Scale3.xml
3 ms. Memory: 635904K Free: 386944K (61%)
----------------- Invoking toplevel() on ptolemy.moml.MoMLSimpleApplication@ea7b9ef
----------------- Done invoking toplevel() on ptolemy.moml.MoMLSimpleApplication@ea7b9ef
reloadAllAccessors: .Scale3

===========================================================================================
----------------- testing Mon Jun 24 01:55:20 UTC 2019 /home/travis/build/icyphy/ptII/ptolemy/actor/lib/test/auto/ScaleArray.xml
----------------- Instantiating /home/travis/build/icyphy/ptII/ptolemy/actor/lib/test/auto/ScaleArray.xml
1 ms. Memory: 635904K Free: 382334K (60%)
----------------- Invoking toplevel() on ptolemy.moml.MoMLSimpleApplication@137bc0a7
----------------- Done invoking toplevel() on ptolemy.moml.MoMLSimpleApplication@137bc0a7
reloadAllAccessors: .ScaleArray

===========================================================================================
----------------- testing Mon Jun 24 01:55:20 UTC 2019 /home/travis/build/icyphy/ptII/ptolemy/actor/lib/test/auto/ScaleArray2.xml
----------------- Instantiating /home/travis/build/icyphy/ptII/ptolemy/actor/lib/test/auto/ScaleArray2.xml
1 ms. Memory: 635904K Free: 377728K (59%)
----------------- Invoking toplevel() on ptolemy.moml.MoMLSimpleApplication@712c5653
----------------- Done invoking toplevel() on ptolemy.moml.MoMLSimpleApplication@712c5653
reloadAllAccessors: .ScaleArray2

===========================================================================================
----------------- testing Mon Jun 24 01:55:20 UTC 2019 /home/travis/build/icyphy/ptII/ptolemy/actor/lib/test/auto/ScaleMatrix.xml
----------------- Instantiating /home/travis/build/icyphy/ptII/ptolemy/actor/lib/test/auto/ScaleMatrix.xml
177 ms. Memory: 635904K Free: 361854K (57%)
----------------- Invoking toplevel() on ptolemy.moml.MoMLSimpleApplication@385e626a
----------------- Done invoking toplevel() on ptolemy.moml.MoMLSimpleApplication@385e626a
reloadAllAccessors: .ScaleMatrix

===========================================================================================
----------------- testing Mon Jun 24 01:55:20 UTC 2019 /home/travis/build/icyphy/ptII/ptolemy/actor/lib/test/auto/Select.xml
----------------- Instantiating /home/travis/build/icyphy/ptII/ptolemy/actor/lib/test/auto/Select.xml
2 ms. Memory: 635904K Free: 355680K (56%)
----------------- Invoking toplevel() on ptolemy.moml.MoMLSimpleApplication@238f7e6b
----------------- Done invoking toplevel() on ptolemy.moml.MoMLSimpleApplication@238f7e6b
reloadAllAccessors: .Select

===========================================================================================
----------------- testing Mon Jun 24 01:55:20 UTC 2019 /home/travis/build/icyphy/ptII/ptolemy/actor/lib/test/auto/Select2.xml
----------------- Instantiating /home/travis/build/icyphy/ptII/ptolemy/actor/lib/test/auto/Select2.xml
1 ms. Memory: 635904K Free: 351104K (55%)
----------------- Invoking toplevel() on ptolemy.moml.MoMLSimpleApplication@22660671
----------------- Done invoking toplevel() on ptolemy.moml.MoMLSimpleApplication@22660671
reloadAllAccessors: .Select2

===========================================================================================
----------------- testing Mon Jun 24 01:55:20 UTC 2019 /home/travis/build/icyphy/ptII/ptolemy/actor/lib/test/auto/SequenceToArray2.xml
----------------- Instantiating /home/travis/build/icyphy/ptII/ptolemy/actor/lib/test/auto/SequenceToArray2.xml
92 ms. Memory: 635904K Free: 327038K (51%)
----------------- Invoking toplevel() on ptolemy.moml.MoMLSimpleApplication@5041af
----------------- Done invoking toplevel() on ptolemy.moml.MoMLSimpleApplication@5041af
reloadAllAccessors: .SequenceToArray2

===========================================================================================
----------------- testing Mon Jun 24 01:55:20 UTC 2019 /home/travis/build/icyphy/ptII/ptolemy/actor/lib/test/auto/SequentialClock.xml
----------------- Instantiating /home/travis/build/icyphy/ptII/ptolemy/actor/lib/test/auto/SequentialClock.xml
1 ms. Memory: 635904K Free: 322432K (51%)
----------------- Invoking toplevel() on ptolemy.moml.MoMLSimpleApplication@446d82d9
----------------- Done invoking toplevel() on ptolemy.moml.MoMLSimpleApplication@446d82d9
reloadAllAccessors: .SequentialClock

===========================================================================================
----------------- testing Mon Jun 24 01:55:20 UTC 2019 /home/travis/build/icyphy/ptII/ptolemy/actor/lib/test/auto/SetVariable.xml
----------------- Instantiating /home/travis/build/icyphy/ptII/ptolemy/actor/lib/test/auto/SetVariable.xml
2 ms. Memory: 635904K Free: 317822K (50%)
----------------- Invoking toplevel() on ptolemy.moml.MoMLSimpleApplication@615a55ef
----------------- Done invoking toplevel() on ptolemy.moml.MoMLSimpleApplication@615a55ef
reloadAllAccessors: .SetVariable

===========================================================================================
----------------- testing Mon Jun 24 01:55:20 UTC 2019 /home/travis/build/icyphy/ptII/ptolemy/actor/lib/test/auto/SetVariable2.xml
----------------- Instantiating /home/travis/build/icyphy/ptII/ptolemy/actor/lib/test/auto/SetVariable2.xml
4 ms. Memory: 635904K Free: 312702K (49%)
----------------- Invoking toplevel() on ptolemy.moml.MoMLSimpleApplication@31f2cd0
----------------- Done invoking toplevel() on ptolemy.moml.MoMLSimpleApplication@31f2cd0
reloadAllAccessors: .SetVariable2

===========================================================================================
----------------- testing Mon Jun 24 01:55:20 UTC 2019 /home/travis/build/icyphy/ptII/ptolemy/actor/lib/test/auto/SetVariable3.xml
----------------- Instantiating /home/travis/build/icyphy/ptII/ptolemy/actor/lib/test/auto/SetVariable3.xml
9 ms. Memory: 635904K Free: 307072K (48%)
----------------- Invoking toplevel() on ptolemy.moml.MoMLSimpleApplication@64b2161e
----------------- Done invoking toplevel() on ptolemy.moml.MoMLSimpleApplication@64b2161e
reloadAllAccessors: .SetVariable3

===========================================================================================
----------------- testing Mon Jun 24 01:55:20 UTC 2019 /home/travis/build/icyphy/ptII/ptolemy/actor/lib/test/auto/SetVariable4.xml
----------------- Instantiating /home/travis/build/icyphy/ptII/ptolemy/actor/lib/test/auto/SetVariable4.xml
23 ms. Memory: 635904K Free: 297854K (47%)
----------------- Invoking toplevel() on ptolemy.moml.MoMLSimpleApplication@4df9188d
----------------- Done invoking toplevel() on ptolemy.moml.MoMLSimpleApplication@4df9188d
reloadAllAccessors: .SetVariable4

===========================================================================================
----------------- testing Mon Jun 24 01:55:20 UTC 2019 /home/travis/build/icyphy/ptII/ptolemy/actor/lib/test/auto/SetVariable5.xml
----------------- Instantiating /home/travis/build/icyphy/ptII/ptolemy/actor/lib/test/auto/SetVariable5.xml
9 ms. Memory: 635904K Free: 288640K (45%)
----------------- Invoking toplevel() on ptolemy.moml.MoMLSimpleApplication@194a2d4d
----------------- Done invoking toplevel() on ptolemy.moml.MoMLSimpleApplication@194a2d4d
reloadAllAccessors: .SetVariable5

===========================================================================================
----------------- testing Mon Jun 24 01:55:20 UTC 2019 /home/travis/build/icyphy/ptII/ptolemy/actor/lib/test/auto/Sinewave.xml
----------------- Instantiating /home/travis/build/icyphy/ptII/ptolemy/actor/lib/test/auto/Sinewave.xml
4 ms. Memory: 635904K Free: 278400K (44%)
----------------- Invoking toplevel() on ptolemy.moml.MoMLSimpleApplication@1cd4be96
----------------- Done invoking toplevel() on ptolemy.moml.MoMLSimpleApplication@1cd4be96
reloadAllAccessors: .Sinewave

===========================================================================================
----------------- testing Mon Jun 24 01:55:20 UTC 2019 /home/travis/build/icyphy/ptII/ptolemy/actor/lib/test/auto/Sinewave2.xml
----------------- Instantiating /home/travis/build/icyphy/ptII/ptolemy/actor/lib/test/auto/Sinewave2.xml
8 ms. Memory: 635904K Free: 269694K (42%)
----------------- Invoking toplevel() on ptolemy.moml.MoMLSimpleApplication@2546761b
----------------- Done invoking toplevel() on ptolemy.moml.MoMLSimpleApplication@2546761b
reloadAllAccessors: .Sinewave2

===========================================================================================
----------------- testing Mon Jun 24 01:55:20 UTC 2019 /home/travis/build/icyphy/ptII/ptolemy/actor/lib/test/auto/Sinewave3.xml
----------------- Instantiating /home/travis/build/icyphy/ptII/ptolemy/actor/lib/test/auto/Sinewave3.xml
10 ms. Memory: 635904K Free: 261472K (41%)
----------------- Invoking toplevel() on ptolemy.moml.MoMLSimpleApplication@1e6cba2
----------------- Done invoking toplevel() on ptolemy.moml.MoMLSimpleApplication@1e6cba2
reloadAllAccessors: .Sinewave3

===========================================================================================
----------------- testing Mon Jun 24 01:55:20 UTC 2019 /home/travis/build/icyphy/ptII/ptolemy/actor/lib/test/auto/SingleEvent.xml
----------------- Instantiating /home/travis/build/icyphy/ptII/ptolemy/actor/lib/test/auto/SingleEvent.xml
2 ms. Memory: 635904K Free: 257406K (40%)
----------------- Invoking toplevel() on ptolemy.moml.MoMLSimpleApplication@3144f161
----------------- Done invoking toplevel() on ptolemy.moml.MoMLSimpleApplication@3144f161
reloadAllAccessors: .SingleEvent

===========================================================================================
----------------- testing Mon Jun 24 01:55:20 UTC 2019 /home/travis/build/icyphy/ptII/ptolemy/actor/lib/test/auto/Sleep.xml
----------------- Instantiating /home/travis/build/icyphy/ptII/ptolemy/actor/lib/test/auto/Sleep.xml
6003 ms. Memory: 635904K Free: 251262K (40%)
----------------- Invoking toplevel() on ptolemy.moml.MoMLSimpleApplication@419625a9
----------------- Done invoking toplevel() on ptolemy.moml.MoMLSimpleApplication@419625a9
reloadAllAccessors: .Sleep

===========================================================================================
----------------- testing Mon Jun 24 01:55:26 UTC 2019 /home/travis/build/icyphy/ptII/ptolemy/actor/lib/test/auto/SleepMultipleFire.xml
----------------- Instantiating /home/travis/build/icyphy/ptII/ptolemy/actor/lib/test/auto/SleepMultipleFire.xml
1007 ms. Memory: 635904K Free: 245632K (39%)
----------------- Invoking toplevel() on ptolemy.moml.MoMLSimpleApplication@75fb3617
----------------- Done invoking toplevel() on ptolemy.moml.MoMLSimpleApplication@75fb3617
reloadAllAccessors: .SleepMultipleFire

===========================================================================================
----------------- testing Mon Jun 24 01:55:27 UTC 2019 /home/travis/build/icyphy/ptII/ptolemy/actor/lib/test/auto/StopDE.xml
----------------- Instantiating /home/travis/build/icyphy/ptII/ptolemy/actor/lib/test/auto/StopDE.xml
4 ms. Memory: 635904K Free: 239998K (38%)
----------------- Invoking toplevel() on ptolemy.moml.MoMLSimpleApplication@3f4d4d93
----------------- Done invoking toplevel() on ptolemy.moml.MoMLSimpleApplication@3f4d4d93
reloadAllAccessors: .StopDE

===========================================================================================
----------------- testing Mon Jun 24 01:55:27 UTC 2019 /home/travis/build/icyphy/ptII/ptolemy/actor/lib/test/auto/StopSDF.xml
----------------- Instantiating /home/travis/build/icyphy/ptII/ptolemy/actor/lib/test/auto/StopSDF.xml
3 ms. Memory: 635904K Free: 234368K (37%)
----------------- Invoking toplevel() on ptolemy.moml.MoMLSimpleApplication@3d480470
----------------- Done invoking toplevel() on ptolemy.moml.MoMLSimpleApplication@3d480470
reloadAllAccessors: .StopSDF

===========================================================================================
----------------- testing Mon Jun 24 01:55:27 UTC 2019 /home/travis/build/icyphy/ptII/ptolemy/actor/lib/test/auto/StringConstant.xml
----------------- Instantiating /home/travis/build/icyphy/ptII/ptolemy/actor/lib/test/auto/StringConstant.xml
9 ms. Memory: 635904K Free: 230272K (36%)
----------------- Invoking toplevel() on ptolemy.moml.MoMLSimpleApplication@6e494c62
----------------- Done invoking toplevel() on ptolemy.moml.MoMLSimpleApplication@6e494c62
reloadAllAccessors: .StringConstant

===========================================================================================
----------------- testing Mon Jun 24 01:55:27 UTC 2019 /home/travis/build/icyphy/ptII/ptolemy/actor/lib/test/auto/SubscriberPortInitialValues1.xml
----------------- Instantiating /home/travis/build/icyphy/ptII/ptolemy/actor/lib/test/auto/SubscriberPortInitialValues1.xml
11 ms. Memory: 635904K Free: 221566K (35%)
----------------- Invoking toplevel() on ptolemy.moml.MoMLSimpleApplication@343d3068
----------------- Done invoking toplevel() on ptolemy.moml.MoMLSimpleApplication@343d3068
reloadAllAccessors: .SubscriberPortInitialValues1

===========================================================================================
----------------- testing Mon Jun 24 01:55:27 UTC 2019 /home/travis/build/icyphy/ptII/ptolemy/actor/lib/test/auto/SubscriberPortInitialValues13.xml
----------------- Instantiating /home/travis/build/icyphy/ptII/ptolemy/actor/lib/test/auto/SubscriberPortInitialValues13.xml
7 ms. Memory: 635904K Free: 583040K (92%)
----------------- Invoking toplevel() on ptolemy.moml.MoMLSimpleApplication@579b29a5
----------------- Done invoking toplevel() on ptolemy.moml.MoMLSimpleApplication@579b29a5
reloadAllAccessors: .SubscriberPortInitialValues13

===========================================================================================
----------------- testing Mon Jun 24 01:55:28 UTC 2019 /home/travis/build/icyphy/ptII/ptolemy/actor/lib/test/auto/SubscriberPortInitialValues14.xml
----------------- Instantiating /home/travis/build/icyphy/ptII/ptolemy/actor/lib/test/auto/SubscriberPortInitialValues14.xml
6 ms. Memory: 635904K Free: 574848K (90%)
----------------- Invoking toplevel() on ptolemy.moml.MoMLSimpleApplication@5f0dffb7
----------------- Done invoking toplevel() on ptolemy.moml.MoMLSimpleApplication@5f0dffb7
reloadAllAccessors: .SubscriberPortInitialValues14

===========================================================================================
----------------- testing Mon Jun 24 01:55:28 UTC 2019 /home/travis/build/icyphy/ptII/ptolemy/actor/lib/test/auto/SubscriberPortInitialValues2.xml
----------------- Instantiating /home/travis/build/icyphy/ptII/ptolemy/actor/lib/test/auto/SubscriberPortInitialValues2.xml
5 ms. Memory: 635904K Free: 567166K (89%)
----------------- Invoking toplevel() on ptolemy.moml.MoMLSimpleApplication@d8fa72d
----------------- Done invoking toplevel() on ptolemy.moml.MoMLSimpleApplication@d8fa72d
reloadAllAccessors: .SubscriberPortInitialValues2

===========================================================================================
----------------- testing Mon Jun 24 01:55:28 UTC 2019 /home/travis/build/icyphy/ptII/ptolemy/actor/lib/test/auto/SubscriberPortInitialValues3.xml
----------------- Instantiating /home/travis/build/icyphy/ptII/ptolemy/actor/lib/test/auto/SubscriberPortInitialValues3.xml
4 ms. Memory: 635904K Free: 556416K (88%)
----------------- Invoking toplevel() on ptolemy.moml.MoMLSimpleApplication@5180f509
----------------- Done invoking toplevel() on ptolemy.moml.MoMLSimpleApplication@5180f509
reloadAllAccessors: .SubscriberPortInitialValues3

===========================================================================================
----------------- testing Mon Jun 24 01:55:28 UTC 2019 /home/travis/build/icyphy/ptII/ptolemy/actor/lib/test/auto/SubscriptionAggregator.xml
----------------- Instantiating /home/travis/build/icyphy/ptII/ptolemy/actor/lib/test/auto/SubscriptionAggregator.xml
4 ms. Memory: 635904K Free: 549248K (86%)
----------------- Invoking toplevel() on ptolemy.moml.MoMLSimpleApplication@4d83c22
----------------- Done invoking toplevel() on ptolemy.moml.MoMLSimpleApplication@4d83c22
reloadAllAccessors: .SubscriptionAggregator

===========================================================================================
----------------- testing Mon Jun 24 01:55:28 UTC 2019 /home/travis/build/icyphy/ptII/ptolemy/actor/lib/test/auto/SubscriptionAggregator2.xml
----------------- Instantiating /home/travis/build/icyphy/ptII/ptolemy/actor/lib/test/auto/SubscriptionAggregator2.xml
3 ms. Memory: 635904K Free: 542080K (85%)
----------------- Invoking toplevel() on ptolemy.moml.MoMLSimpleApplication@581199f3
----------------- Done invoking toplevel() on ptolemy.moml.MoMLSimpleApplication@581199f3
reloadAllAccessors: .SubscriptionAggregator2

===========================================================================================
----------------- testing Mon Jun 24 01:55:28 UTC 2019 /home/travis/build/icyphy/ptII/ptolemy/actor/lib/test/auto/SubscriptionAggregator3.xml
----------------- Instantiating /home/travis/build/icyphy/ptII/ptolemy/actor/lib/test/auto/SubscriptionAggregator3.xml
4 ms. Memory: 635904K Free: 533368K (84%)
----------------- Invoking toplevel() on ptolemy.moml.MoMLSimpleApplication@3f816f6f
----------------- Done invoking toplevel() on ptolemy.moml.MoMLSimpleApplication@3f816f6f
reloadAllAccessors: .SubscriptionAggregator3

===========================================================================================
----------------- testing Mon Jun 24 01:55:28 UTC 2019 /home/travis/build/icyphy/ptII/ptolemy/actor/lib/test/auto/SubscriptionAggregatorMultiply.xml
----------------- Instantiating /home/travis/build/icyphy/ptII/ptolemy/actor/lib/test/auto/SubscriptionAggregatorMultiply.xml
11 ms. Memory: 635904K Free: 524672K (83%)
----------------- Invoking toplevel() on ptolemy.moml.MoMLSimpleApplication@6ca7a8c6
----------------- Done invoking toplevel() on ptolemy.moml.MoMLSimpleApplication@6ca7a8c6
reloadAllAccessors: .SubscriptionAggregatorMultiply

===========================================================================================
----------------- testing Mon Jun 24 01:55:28 UTC 2019 /home/travis/build/icyphy/ptII/ptolemy/actor/lib/test/auto/SubscriptionAggregatorPortMultiply1.xml
----------------- Instantiating /home/travis/build/icyphy/ptII/ptolemy/actor/lib/test/auto/SubscriptionAggregatorPortMultiply1.xml
4 ms. Memory: 635904K Free: 516990K (81%)
----------------- Invoking toplevel() on ptolemy.moml.MoMLSimpleApplication@315c46ca
----------------- Done invoking toplevel() on ptolemy.moml.MoMLSimpleApplication@315c46ca
reloadAllAccessors: .SubscriptionAggregatorPortMultiply1

===========================================================================================
----------------- testing Mon Jun 24 01:55:28 UTC 2019 /home/travis/build/icyphy/ptII/ptolemy/actor/lib/test/auto/Switch.xml
----------------- Instantiating /home/travis/build/icyphy/ptII/ptolemy/actor/lib/test/auto/Switch.xml
10 ms. Memory: 635904K Free: 508288K (80%)
----------------- Invoking toplevel() on ptolemy.moml.MoMLSimpleApplication@6bbeffe
----------------- Done invoking toplevel() on ptolemy.moml.MoMLSimpleApplication@6bbeffe
reloadAllAccessors: .Switch

===========================================================================================
----------------- testing Mon Jun 24 01:55:28 UTC 2019 /home/travis/build/icyphy/ptII/ptolemy/actor/lib/test/auto/Switch2.xml
----------------- Instantiating /home/travis/build/icyphy/ptII/ptolemy/actor/lib/test/auto/Switch2.xml
1 ms. Memory: 635904K Free: 503678K (79%)
----------------- Invoking toplevel() on ptolemy.moml.MoMLSimpleApplication@7a2beeab
----------------- Done invoking toplevel() on ptolemy.moml.MoMLSimpleApplication@7a2beeab
reloadAllAccessors: .Switch2

===========================================================================================
----------------- testing Mon Jun 24 01:55:28 UTC 2019 /home/travis/build/icyphy/ptII/ptolemy/actor/lib/test/auto/SwitchDE.xml
----------------- Instantiating /home/travis/build/icyphy/ptII/ptolemy/actor/lib/test/auto/SwitchDE.xml
4 ms. Memory: 635904K Free: 497528K (78%)
----------------- Invoking toplevel() on ptolemy.moml.MoMLSimpleApplication@2249d0aa
----------------- Done invoking toplevel() on ptolemy.moml.MoMLSimpleApplication@2249d0aa
reloadAllAccessors: .SwitchDE

===========================================================================================
----------------- testing Mon Jun 24 01:55:28 UTC 2019 /home/travis/build/icyphy/ptII/ptolemy/actor/lib/test/auto/SynchronizerDE.xml
----------------- Instantiating /home/travis/build/icyphy/ptII/ptolemy/actor/lib/test/auto/SynchronizerDE.xml
6 ms. Memory: 635904K Free: 488832K (77%)
----------------- Invoking toplevel() on ptolemy.moml.MoMLSimpleApplication@747097a3
----------------- Done invoking toplevel() on ptolemy.moml.MoMLSimpleApplication@747097a3
reloadAllAccessors: .SynchronizerDE

===========================================================================================
----------------- testing Mon Jun 24 01:55:28 UTC 2019 /home/travis/build/icyphy/ptII/ptolemy/actor/lib/test/auto/Test.xml
----------------- Instantiating /home/travis/build/icyphy/ptII/ptolemy/actor/lib/test/auto/Test.xml
9 ms. Memory: 635904K Free: 483712K (76%)
----------------- Invoking toplevel() on ptolemy.moml.MoMLSimpleApplication@1d866de7
----------------- Done invoking toplevel() on ptolemy.moml.MoMLSimpleApplication@1d866de7
reloadAllAccessors: .Test

===========================================================================================
----------------- testing Mon Jun 24 01:55:28 UTC 2019 /home/travis/build/icyphy/ptII/ptolemy/actor/lib/test/auto/TestExceptionAttribute1.xml
----------------- Instantiating /home/travis/build/icyphy/ptII/ptolemy/actor/lib/test/auto/TestExceptionAttribute1.xml
1 ms. Memory: 635904K Free: 480126K (76%)
----------------- Invoking toplevel() on ptolemy.moml.MoMLSimpleApplication@27beffd6
----------------- Done invoking toplevel() on ptolemy.moml.MoMLSimpleApplication@27beffd6
reloadAllAccessors: .TestExceptionAttribute1

===========================================================================================
----------------- testing Mon Jun 24 01:55:28 UTC 2019 /home/travis/build/icyphy/ptII/ptolemy/actor/lib/test/auto/TestExceptionAttribute2.xml
----------------- Instantiating /home/travis/build/icyphy/ptII/ptolemy/actor/lib/test/auto/TestExceptionAttribute2.xml
2 ms. Memory: 635904K Free: 476030K (75%)
----------------- Invoking toplevel() on ptolemy.moml.MoMLSimpleApplication@b0b5b90
----------------- Done invoking toplevel() on ptolemy.moml.MoMLSimpleApplication@b0b5b90
reloadAllAccessors: .TestExceptionAttribute2

===========================================================================================
----------------- testing Mon Jun 24 01:55:28 UTC 2019 /home/travis/build/icyphy/ptII/ptolemy/actor/lib/test/auto/TestExceptionAttribute3.xml
----------------- Instantiating /home/travis/build/icyphy/ptII/ptolemy/actor/lib/test/auto/TestExceptionAttribute3.xml
.TestExceptionAttribute3.TestExceptionAttribute: initialize() was not invoked, but wrapup() was.  This is unusual, but not always a problem.  For example, exporting JNLP will do this.
1 ms. Memory: 635904K Free: 472448K (74%)
----------------- Invoking toplevel() on ptolemy.moml.MoMLSimpleApplication@3e371877
----------------- Done invoking toplevel() on ptolemy.moml.MoMLSimpleApplication@3e371877
reloadAllAccessors: .TestExceptionAttribute3

===========================================================================================
----------------- testing Mon Jun 24 01:55:28 UTC 2019 /home/travis/build/icyphy/ptII/ptolemy/actor/lib/test/auto/TestExceptionAttribute4.xml
----------------- Instantiating /home/travis/build/icyphy/ptII/ptolemy/actor/lib/test/auto/TestExceptionAttribute4.xml
.TestExceptionAttribute4.TestExceptionAttribute: initialize() was not invoked, but wrapup() was.  This is unusual, but not always a problem.  For example, exporting JNLP will do this.
.TestExceptionAttribute4.TestExceptionAttribute2: initialize() was not invoked, but wrapup() was.  This is unusual, but not always a problem.  For example, exporting JNLP will do this.
0 ms. Memory: 635904K Free: 468352K (74%)
----------------- Invoking toplevel() on ptolemy.moml.MoMLSimpleApplication@7b729cbe
----------------- Done invoking toplevel() on ptolemy.moml.MoMLSimpleApplication@7b729cbe
reloadAllAccessors: .TestExceptionAttribute4

===========================================================================================
----------------- testing Mon Jun 24 01:55:28 UTC 2019 /home/travis/build/icyphy/ptII/ptolemy/actor/lib/test/auto/TestExceptionHandler1.xml
----------------- Instantiating /home/travis/build/icyphy/ptII/ptolemy/actor/lib/test/auto/TestExceptionHandler1.xml
1 ms. Memory: 635904K Free: 464256K (73%)
----------------- Invoking toplevel() on ptolemy.moml.MoMLSimpleApplication@6c2786cf
----------------- Done invoking toplevel() on ptolemy.moml.MoMLSimpleApplication@6c2786cf
reloadAllAccessors: .TestExceptionHandler1

===========================================================================================
----------------- testing Mon Jun 24 01:55:28 UTC 2019 /home/travis/build/icyphy/ptII/ptolemy/actor/lib/test/auto/TestExceptionHandler2.xml
----------------- Instantiating /home/travis/build/icyphy/ptII/ptolemy/actor/lib/test/auto/TestExceptionHandler2.xml
1 ms. Memory: 635904K Free: 459646K (72%)
----------------- Invoking toplevel() on ptolemy.moml.MoMLSimpleApplication@9fb263b
----------------- Done invoking toplevel() on ptolemy.moml.MoMLSimpleApplication@9fb263b
reloadAllAccessors: .TestExceptionHandler2

===========================================================================================
----------------- testing Mon Jun 24 01:55:28 UTC 2019 /home/travis/build/icyphy/ptII/ptolemy/actor/lib/test/auto/TestExceptionHandler3.xml
----------------- Instantiating /home/travis/build/icyphy/ptII/ptolemy/actor/lib/test/auto/TestExceptionHandler3.xml
1 ms. Memory: 635904K Free: 455550K (72%)
----------------- Invoking toplevel() on ptolemy.moml.MoMLSimpleApplication@121261a5
----------------- Done invoking toplevel() on ptolemy.moml.MoMLSimpleApplication@121261a5
reloadAllAccessors: .TestExceptionHandler3

===========================================================================================
----------------- testing Mon Jun 24 01:55:28 UTC 2019 /home/travis/build/icyphy/ptII/ptolemy/actor/lib/test/auto/TestExceptionHandler4.xml
----------------- Instantiating /home/travis/build/icyphy/ptII/ptolemy/actor/lib/test/auto/TestExceptionHandler4.xml
0 ms. Memory: 635904K Free: 451454K (71%)
----------------- Invoking toplevel() on ptolemy.moml.MoMLSimpleApplication@20f0003f
----------------- Done invoking toplevel() on ptolemy.moml.MoMLSimpleApplication@20f0003f
reloadAllAccessors: .TestExceptionHandler4

===========================================================================================
----------------- testing Mon Jun 24 01:55:28 UTC 2019 /home/travis/build/icyphy/ptII/ptolemy/actor/lib/test/auto/TestRequireCorrectOrder.xml
----------------- Instantiating /home/travis/build/icyphy/ptII/ptolemy/actor/lib/test/auto/TestRequireCorrectOrder.xml
6 ms. Memory: 635904K Free: 446328K (70%)
----------------- Invoking toplevel() on ptolemy.moml.MoMLSimpleApplication@c5f142d
----------------- Done invoking toplevel() on ptolemy.moml.MoMLSimpleApplication@c5f142d
reloadAllAccessors: .TestRequireCorrectOrder

===========================================================================================
----------------- testing Mon Jun 24 01:55:28 UTC 2019 /home/travis/build/icyphy/ptII/ptolemy/actor/lib/test/auto/TestSimple.xml
----------------- Instantiating /home/travis/build/icyphy/ptII/ptolemy/actor/lib/test/auto/TestSimple.xml
1 ms. Memory: 635904K Free: 441214K (69%)
----------------- Invoking toplevel() on ptolemy.moml.MoMLSimpleApplication@556baed8
----------------- Done invoking toplevel() on ptolemy.moml.MoMLSimpleApplication@556baed8
reloadAllAccessors: .TestSimple

===========================================================================================
----------------- testing Mon Jun 24 01:55:28 UTC 2019 /home/travis/build/icyphy/ptII/ptolemy/actor/lib/test/auto/ThrowModelError.xml
----------------- Instantiating /home/travis/build/icyphy/ptII/ptolemy/actor/lib/test/auto/ThrowModelError.xml
1 ms. Memory: 635904K Free: 436608K (69%)
----------------- Invoking toplevel() on ptolemy.moml.MoMLSimpleApplication@45cc8fa
----------------- Done invoking toplevel() on ptolemy.moml.MoMLSimpleApplication@45cc8fa
reloadAllAccessors: .ThrowModelError

===========================================================================================
----------------- testing Mon Jun 24 01:55:28 UTC 2019 /home/travis/build/icyphy/ptII/ptolemy/actor/lib/test/auto/TimeDelayMicrosteps.xml
----------------- Instantiating /home/travis/build/icyphy/ptII/ptolemy/actor/lib/test/auto/TimeDelayMicrosteps.xml
2 ms. Memory: 635904K Free: 429920K (68%)
----------------- Invoking toplevel() on ptolemy.moml.MoMLSimpleApplication@7b1941f9
----------------- Done invoking toplevel() on ptolemy.moml.MoMLSimpleApplication@7b1941f9
reloadAllAccessors: .TimeDelayMicrosteps

===========================================================================================
----------------- testing Mon Jun 24 01:55:28 UTC 2019 /home/travis/build/icyphy/ptII/ptolemy/actor/lib/test/auto/TimeDelayMicrosteps2.xml
----------------- Instantiating /home/travis/build/icyphy/ptII/ptolemy/actor/lib/test/auto/TimeDelayMicrosteps2.xml
3 ms. Memory: 635904K Free: 422272K (66%)
----------------- Invoking toplevel() on ptolemy.moml.MoMLSimpleApplication@338843f3
----------------- Done invoking toplevel() on ptolemy.moml.MoMLSimpleApplication@338843f3
reloadAllAccessors: .TimeDelayMicrosteps2

===========================================================================================
----------------- testing Mon Jun 24 01:55:28 UTC 2019 /home/travis/build/icyphy/ptII/ptolemy/actor/lib/test/auto/TimeDelayMicrosteps3.xml
----------------- Instantiating /home/travis/build/icyphy/ptII/ptolemy/actor/lib/test/auto/TimeDelayMicrosteps3.xml
3 ms. Memory: 635904K Free: 415608K (65%)
----------------- Invoking toplevel() on ptolemy.moml.MoMLSimpleApplication@504a041d
----------------- Done invoking toplevel() on ptolemy.moml.MoMLSimpleApplication@504a041d
reloadAllAccessors: .TimeDelayMicrosteps3

===========================================================================================
----------------- testing Mon Jun 24 01:55:28 UTC 2019 /home/travis/build/icyphy/ptII/ptolemy/actor/lib/test/auto/TimeDelayVariableMicrosteps.xml
----------------- Instantiating /home/travis/build/icyphy/ptII/ptolemy/actor/lib/test/auto/TimeDelayVariableMicrosteps.xml
4 ms. Memory: 635904K Free: 408446K (64%)
----------------- Invoking toplevel() on ptolemy.moml.MoMLSimpleApplication@205b8e01
----------------- Done invoking toplevel() on ptolemy.moml.MoMLSimpleApplication@205b8e01
reloadAllAccessors: .TimeDelayVariableMicrosteps

===========================================================================================
----------------- testing Mon Jun 24 01:55:28 UTC 2019 /home/travis/build/icyphy/ptII/ptolemy/actor/lib/test/auto/TimeGap.xml
----------------- Instantiating /home/travis/build/icyphy/ptII/ptolemy/actor/lib/test/auto/TimeGap.xml
4 ms. Memory: 635904K Free: 403296K (63%)
----------------- Invoking toplevel() on ptolemy.moml.MoMLSimpleApplication@1ca589c1
----------------- Done invoking toplevel() on ptolemy.moml.MoMLSimpleApplication@1ca589c1
reloadAllAccessors: .TimeGap

===========================================================================================
----------------- testing Mon Jun 24 01:55:28 UTC 2019 /home/travis/build/icyphy/ptII/ptolemy/actor/lib/test/auto/TimeGap2.xml
----------------- Instantiating /home/travis/build/icyphy/ptII/ptolemy/actor/lib/test/auto/TimeGap2.xml
2 ms. Memory: 635904K Free: 397168K (62%)
----------------- Invoking toplevel() on ptolemy.moml.MoMLSimpleApplication@2b8d6631
----------------- Done invoking toplevel() on ptolemy.moml.MoMLSimpleApplication@2b8d6631
reloadAllAccessors: .TimeGap2

===========================================================================================
----------------- testing Mon Jun 24 01:55:28 UTC 2019 /home/travis/build/icyphy/ptII/ptolemy/actor/lib/test/auto/TimedSinewave.xml
----------------- Instantiating /home/travis/build/icyphy/ptII/ptolemy/actor/lib/test/auto/TimedSinewave.xml
22 ms. Memory: 635904K Free: 383360K (60%)
----------------- Invoking toplevel() on ptolemy.moml.MoMLSimpleApplication@1e8ea075
----------------- Done invoking toplevel() on ptolemy.moml.MoMLSimpleApplication@1e8ea075
reloadAllAccessors: .TimedSinewave

===========================================================================================
----------------- testing Mon Jun 24 01:55:28 UTC 2019 /home/travis/build/icyphy/ptII/ptolemy/actor/lib/test/auto/TimedSinewavePhase.xml
----------------- Instantiating /home/travis/build/icyphy/ptII/ptolemy/actor/lib/test/auto/TimedSinewavePhase.xml
9 ms. Memory: 635904K Free: 373630K (59%)
----------------- Invoking toplevel() on ptolemy.moml.MoMLSimpleApplication@8129d7b
----------------- Done invoking toplevel() on ptolemy.moml.MoMLSimpleApplication@8129d7b
reloadAllAccessors: .TimedSinewavePhase

===========================================================================================
----------------- testing Mon Jun 24 01:55:28 UTC 2019 /home/travis/build/icyphy/ptII/ptolemy/actor/lib/test/auto/Timer.xml
----------------- Instantiating /home/travis/build/icyphy/ptII/ptolemy/actor/lib/test/auto/Timer.xml
3 ms. Memory: 635904K Free: 367472K (58%)
----------------- Invoking toplevel() on ptolemy.moml.MoMLSimpleApplication@4fb3f885
----------------- Done invoking toplevel() on ptolemy.moml.MoMLSimpleApplication@4fb3f885
reloadAllAccessors: .Timer

===========================================================================================
----------------- testing Mon Jun 24 01:55:28 UTC 2019 /home/travis/build/icyphy/ptII/ptolemy/actor/lib/test/auto/TriangularDistTestModel.xml
----------------- Instantiating /home/travis/build/icyphy/ptII/ptolemy/actor/lib/test/auto/TriangularDistTestModel.xml
2 ms. Memory: 635904K Free: 361856K (57%)
----------------- Invoking toplevel() on ptolemy.moml.MoMLSimpleApplication@64236a2
----------------- Done invoking toplevel() on ptolemy.moml.MoMLSimpleApplication@64236a2
reloadAllAccessors: .TriangularDistTestModel

===========================================================================================
----------------- testing Mon Jun 24 01:55:28 UTC 2019 /home/travis/build/icyphy/ptII/ptolemy/actor/lib/test/auto/TrigFunction.xml
----------------- Instantiating /home/travis/build/icyphy/ptII/ptolemy/actor/lib/test/auto/TrigFunction.xml
1 ms. Memory: 635904K Free: 356736K (56%)
----------------- Invoking toplevel() on ptolemy.moml.MoMLSimpleApplication@48906de5
----------------- Done invoking toplevel() on ptolemy.moml.MoMLSimpleApplication@48906de5
reloadAllAccessors: .TrigFunction

===========================================================================================
----------------- testing Mon Jun 24 01:55:28 UTC 2019 /home/travis/build/icyphy/ptII/ptolemy/actor/lib/test/auto/TrigFunctionDE.xml
----------------- Instantiating /home/travis/build/icyphy/ptII/ptolemy/actor/lib/test/auto/TrigFunctionDE.xml
2 ms. Memory: 635904K Free: 351102K (55%)
----------------- Invoking toplevel() on ptolemy.moml.MoMLSimpleApplication@21573ee3
----------------- Done invoking toplevel() on ptolemy.moml.MoMLSimpleApplication@21573ee3
reloadAllAccessors: .TrigFunctionDE

===========================================================================================
----------------- testing Mon Jun 24 01:55:28 UTC 2019 /home/travis/build/icyphy/ptII/ptolemy/actor/lib/test/auto/TrigFunctionInverse.xml
----------------- Instantiating /home/travis/build/icyphy/ptII/ptolemy/actor/lib/test/auto/TrigFunctionInverse.xml
2 ms. Memory: 635904K Free: 345472K (54%)
----------------- Invoking toplevel() on ptolemy.moml.MoMLSimpleApplication@130c37f8
----------------- Done invoking toplevel() on ptolemy.moml.MoMLSimpleApplication@130c37f8
reloadAllAccessors: .TrigFunctionInverse

===========================================================================================
----------------- testing Mon Jun 24 01:55:28 UTC 2019 /home/travis/build/icyphy/ptII/ptolemy/actor/lib/test/auto/TrigFunctionTan.xml
----------------- Instantiating /home/travis/build/icyphy/ptII/ptolemy/actor/lib/test/auto/TrigFunctionTan.xml
2 ms. Memory: 635904K Free: 340862K (54%)
----------------- Invoking toplevel() on ptolemy.moml.MoMLSimpleApplication@790d311c
----------------- Done invoking toplevel() on ptolemy.moml.MoMLSimpleApplication@790d311c
reloadAllAccessors: .TrigFunctionTan

===========================================================================================
----------------- testing Mon Jun 24 01:55:28 UTC 2019 /home/travis/build/icyphy/ptII/ptolemy/actor/lib/test/auto/TriggeredClock.xml
----------------- Instantiating /home/travis/build/icyphy/ptII/ptolemy/actor/lib/test/auto/TriggeredClock.xml
1 ms. Memory: 635904K Free: 335728K (53%)
----------------- Invoking toplevel() on ptolemy.moml.MoMLSimpleApplication@535fae4
----------------- Done invoking toplevel() on ptolemy.moml.MoMLSimpleApplication@535fae4
reloadAllAccessors: .TriggeredClock

===========================================================================================
----------------- testing Mon Jun 24 01:55:28 UTC 2019 /home/travis/build/icyphy/ptII/ptolemy/actor/lib/test/auto/URLDirectoryReader.xml
----------------- Instantiating /home/travis/build/icyphy/ptII/ptolemy/actor/lib/test/auto/URLDirectoryReader.xml
29 ms. Memory: 635904K Free: 326016K (51%)
----------------- Invoking toplevel() on ptolemy.moml.MoMLSimpleApplication@36897174
----------------- Done invoking toplevel() on ptolemy.moml.MoMLSimpleApplication@36897174
reloadAllAccessors: .URLDirectoryReader

===========================================================================================
----------------- testing Mon Jun 24 01:55:28 UTC 2019 /home/travis/build/icyphy/ptII/ptolemy/actor/lib/test/auto/URLDirectoryReader3.xml
----------------- Instantiating /home/travis/build/icyphy/ptII/ptolemy/actor/lib/test/auto/URLDirectoryReader3.xml
1204 ms. Memory: 635904K Free: 577512K (91%)
----------------- Invoking toplevel() on ptolemy.moml.MoMLSimpleApplication@4f143852
----------------- Done invoking toplevel() on ptolemy.moml.MoMLSimpleApplication@4f143852
reloadAllAccessors: .URLDirectoryReader3

===========================================================================================
----------------- testing Mon Jun 24 01:55:30 UTC 2019 /home/travis/build/icyphy/ptII/ptolemy/actor/lib/test/auto/UnaryMathFunction.xml
----------------- Instantiating /home/travis/build/icyphy/ptII/ptolemy/actor/lib/test/auto/UnaryMathFunction.xml
5 ms. Memory: 635904K Free: 569728K (90%)
----------------- Invoking toplevel() on ptolemy.moml.MoMLSimpleApplication@39304dfc
----------------- Done invoking toplevel() on ptolemy.moml.MoMLSimpleApplication@39304dfc
reloadAllAccessors: .UnaryMathFunction

===========================================================================================
----------------- testing Mon Jun 24 01:55:30 UTC 2019 /home/travis/build/icyphy/ptII/ptolemy/actor/lib/test/auto/Uniform.xml
----------------- Instantiating /home/travis/build/icyphy/ptII/ptolemy/actor/lib/test/auto/Uniform.xml
1 ms. Memory: 635904K Free: 564608K (89%)
----------------- Invoking toplevel() on ptolemy.moml.MoMLSimpleApplication@1d94c75b
----------------- Done invoking toplevel() on ptolemy.moml.MoMLSimpleApplication@1d94c75b
reloadAllAccessors: .Uniform

===========================================================================================
----------------- testing Mon Jun 24 01:55:30 UTC 2019 /home/travis/build/icyphy/ptII/ptolemy/actor/lib/test/auto/UnionDisassemblerTest.xml
----------------- Instantiating /home/travis/build/icyphy/ptII/ptolemy/actor/lib/test/auto/UnionDisassemblerTest.xml
20 ms. Memory: 635904K Free: 561008K (88%)
----------------- Invoking toplevel() on ptolemy.moml.MoMLSimpleApplication@7c18c3e2
----------------- Done invoking toplevel() on ptolemy.moml.MoMLSimpleApplication@7c18c3e2
reloadAllAccessors: .UnionDisassemblerTest

===========================================================================================
----------------- testing Mon Jun 24 01:55:30 UTC 2019 /home/travis/build/icyphy/ptII/ptolemy/actor/lib/test/auto/UtilityFunctions.xml
----------------- Instantiating /home/travis/build/icyphy/ptII/ptolemy/actor/lib/test/auto/UtilityFunctions.xml
1 ms. Memory: 635904K Free: 556926K (88%)
----------------- Invoking toplevel() on ptolemy.moml.MoMLSimpleApplication@439981a9
----------------- Done invoking toplevel() on ptolemy.moml.MoMLSimpleApplication@439981a9
reloadAllAccessors: .UtilityFunctions

===========================================================================================
----------------- testing Mon Jun 24 01:55:30 UTC 2019 /home/travis/build/icyphy/ptII/ptolemy/actor/lib/test/auto/VariableSleep.xml
----------------- Instantiating /home/travis/build/icyphy/ptII/ptolemy/actor/lib/test/auto/VariableSleep.xml
503 ms. Memory: 635904K Free: 551296K (87%)
----------------- Invoking toplevel() on ptolemy.moml.MoMLSimpleApplication@3127a322
----------------- Done invoking toplevel() on ptolemy.moml.MoMLSimpleApplication@3127a322
reloadAllAccessors: .VariableSleep

===========================================================================================
----------------- testing Mon Jun 24 01:55:30 UTC 2019 /home/travis/build/icyphy/ptII/ptolemy/actor/lib/test/auto/VectorAssemblerDisassemblerCT.xml
----------------- Instantiating /home/travis/build/icyphy/ptII/ptolemy/actor/lib/test/auto/VectorAssemblerDisassemblerCT.xml
65 ms. Memory: 635904K Free: 530816K (83%)
----------------- Invoking toplevel() on ptolemy.moml.MoMLSimpleApplication@7dc2d92e
----------------- Done invoking toplevel() on ptolemy.moml.MoMLSimpleApplication@7dc2d92e
reloadAllAccessors: .VectorAssemblerDisassemblerCT

===========================================================================================
----------------- testing Mon Jun 24 01:55:31 UTC 2019 /home/travis/build/icyphy/ptII/ptolemy/actor/lib/test/auto/VectorAssemblerDisassemblerDE.xml
----------------- Instantiating /home/travis/build/icyphy/ptII/ptolemy/actor/lib/test/auto/VectorAssemblerDisassemblerDE.xml
2 ms. Memory: 635904K Free: 523134K (82%)
----------------- Invoking toplevel() on ptolemy.moml.MoMLSimpleApplication@65b33fac
----------------- Done invoking toplevel() on ptolemy.moml.MoMLSimpleApplication@65b33fac
reloadAllAccessors: .VectorAssemblerDisassemblerDE

===========================================================================================
----------------- testing Mon Jun 24 01:55:31 UTC 2019 /home/travis/build/icyphy/ptII/ptolemy/actor/lib/test/auto/VectorAssemblerDisassemblerSDF.xml
----------------- Instantiating /home/travis/build/icyphy/ptII/ptolemy/actor/lib/test/auto/VectorAssemblerDisassemblerSDF.xml
3 ms. Memory: 635904K Free: 516480K (81%)
----------------- Invoking toplevel() on ptolemy.moml.MoMLSimpleApplication@101aaa31
----------------- Done invoking toplevel() on ptolemy.moml.MoMLSimpleApplication@101aaa31
reloadAllAccessors: .VectorAssemblerDisassemblerSDF

===========================================================================================
----------------- testing Mon Jun 24 01:55:31 UTC 2019 /home/travis/build/icyphy/ptII/ptolemy/actor/lib/test/auto/WallClockTime.xml
----------------- Instantiating /home/travis/build/icyphy/ptII/ptolemy/actor/lib/test/auto/WallClockTime.xml
1005 ms. Memory: 635904K Free: 511360K (80%)
----------------- Invoking toplevel() on ptolemy.moml.MoMLSimpleApplication@3b0dc98d
----------------- Done invoking toplevel() on ptolemy.moml.MoMLSimpleApplication@3b0dc98d
reloadAllAccessors: .WallClockTime

===========================================================================================
----------------- testing Mon Jun 24 01:55:32 UTC 2019 /home/travis/build/icyphy/ptII/ptolemy/actor/lib/test/auto/WidthTestWithSubscriberPublisher.xml
----------------- Instantiating /home/travis/build/icyphy/ptII/ptolemy/actor/lib/test/auto/WidthTestWithSubscriberPublisher.xml
8 ms. Memory: 635904K Free: 492928K (78%)
----------------- Invoking toplevel() on ptolemy.moml.MoMLSimpleApplication@35242855
----------------- Done invoking toplevel() on ptolemy.moml.MoMLSimpleApplication@35242855
reloadAllAccessors: .WidthTestWithSubscriberPublisher

===========================================================================================
----------------- testing Mon Jun 24 01:55:32 UTC 2019 /home/travis/build/icyphy/ptII/ptolemy/actor/lib/test/auto/WidthTestWithSubscriberPublisher2.xml
----------------- Instantiating /home/travis/build/icyphy/ptII/ptolemy/actor/lib/test/auto/WidthTestWithSubscriberPublisher2.xml
3 ms. Memory: 635904K Free: 486784K (77%)
----------------- Invoking toplevel() on ptolemy.moml.MoMLSimpleApplication@392d0ffc
----------------- Done invoking toplevel() on ptolemy.moml.MoMLSimpleApplication@392d0ffc
reloadAllAccessors: .WidthTestWithSubscriberPublisher2

===========================================================================================
----------------- testing Mon Jun 24 01:55:32 UTC 2019 /home/travis/build/icyphy/ptII/ptolemy/actor/lib/test/auto/WidthTestWithSubscriberPublisher3.xml
----------------- Instantiating /home/travis/build/icyphy/ptII/ptolemy/actor/lib/test/auto/WidthTestWithSubscriberPublisher3.xml
1 ms. Memory: 635904K Free: 480640K (76%)
----------------- Invoking toplevel() on ptolemy.moml.MoMLSimpleApplication@1bd5fcc8
----------------- Done invoking toplevel() on ptolemy.moml.MoMLSimpleApplication@1bd5fcc8
reloadAllAccessors: .WidthTestWithSubscriberPublisher3

===========================================================================================
----------------- testing Mon Jun 24 01:55:32 UTC 2019 /home/travis/build/icyphy/ptII/ptolemy/actor/lib/test/auto/Writer.xml
----------------- Instantiating /home/travis/build/icyphy/ptII/ptolemy/actor/lib/test/auto/Writer.xml
0
1
2
3
4
1 ms. Memory: 635904K Free: 476544K (75%)
----------------- Invoking toplevel() on ptolemy.moml.MoMLSimpleApplication@2abed360
----------------- Done invoking toplevel() on ptolemy.moml.MoMLSimpleApplication@2abed360
reloadAllAccessors: .Writer

===========================================================================================
----------------- testing Mon Jun 24 01:55:32 UTC 2019 /home/travis/build/icyphy/ptII/ptolemy/actor/lib/test/auto/array.xml
----------------- Instantiating /home/travis/build/icyphy/ptII/ptolemy/actor/lib/test/auto/array.xml
3 ms. Memory: 635904K Free: 471424K (74%)
----------------- Invoking toplevel() on ptolemy.moml.MoMLSimpleApplication@bd3a92b
----------------- Done invoking toplevel() on ptolemy.moml.MoMLSimpleApplication@bd3a92b
reloadAllAccessors: .array

===========================================================================================
----------------- testing Mon Jun 24 01:55:32 UTC 2019 /home/travis/build/icyphy/ptII/ptolemy/actor/lib/test/auto/array2.xml
----------------- Instantiating /home/travis/build/icyphy/ptII/ptolemy/actor/lib/test/auto/array2.xml
2 ms. Memory: 635904K Free: 466800K (73%)
----------------- Invoking toplevel() on ptolemy.moml.MoMLSimpleApplication@26dcae0a
----------------- Done invoking toplevel() on ptolemy.moml.MoMLSimpleApplication@26dcae0a
reloadAllAccessors: .array2

===========================================================================================
----------------- testing Mon Jun 24 01:55:32 UTC 2019 /home/travis/build/icyphy/ptII/ptolemy/actor/lib/test/auto/arrayType.xml
----------------- Instantiating /home/travis/build/icyphy/ptII/ptolemy/actor/lib/test/auto/arrayType.xml
2 ms. Memory: 635904K Free: 461694K (73%)
----------------- Invoking toplevel() on ptolemy.moml.MoMLSimpleApplication@4d1a1bc5
----------------- Done invoking toplevel() on ptolemy.moml.MoMLSimpleApplication@4d1a1bc5
reloadAllAccessors: .arrayType

===========================================================================================
----------------- testing Mon Jun 24 01:55:32 UTC 2019 /home/travis/build/icyphy/ptII/ptolemy/actor/lib/test/auto/arrayType10.xml
----------------- Instantiating /home/travis/build/icyphy/ptII/ptolemy/actor/lib/test/auto/arrayType10.xml
1 ms. Memory: 635904K Free: 456574K (72%)
----------------- Invoking toplevel() on ptolemy.moml.MoMLSimpleApplication@65aed59e
----------------- Done invoking toplevel() on ptolemy.moml.MoMLSimpleApplication@65aed59e
reloadAllAccessors: .arrayType10

===========================================================================================
----------------- testing Mon Jun 24 01:55:32 UTC 2019 /home/travis/build/icyphy/ptII/ptolemy/actor/lib/test/auto/arrayType11.xml
----------------- Instantiating /home/travis/build/icyphy/ptII/ptolemy/actor/lib/test/auto/arrayType11.xml
1 ms. Memory: 635904K Free: 451968K (71%)
----------------- Invoking toplevel() on ptolemy.moml.MoMLSimpleApplication@18469d5c
----------------- Done invoking toplevel() on ptolemy.moml.MoMLSimpleApplication@18469d5c
reloadAllAccessors: .arrayType11

===========================================================================================
----------------- testing Mon Jun 24 01:55:32 UTC 2019 /home/travis/build/icyphy/ptII/ptolemy/actor/lib/test/auto/arrayType12.xml
----------------- Instantiating /home/travis/build/icyphy/ptII/ptolemy/actor/lib/test/auto/arrayType12.xml
2 ms. Memory: 635904K Free: 446334K (70%)
----------------- Invoking toplevel() on ptolemy.moml.MoMLSimpleApplication@d14420c
----------------- Done invoking toplevel() on ptolemy.moml.MoMLSimpleApplication@d14420c
reloadAllAccessors: .arrayType12

===========================================================================================
----------------- testing Mon Jun 24 01:55:32 UTC 2019 /home/travis/build/icyphy/ptII/ptolemy/actor/lib/test/auto/arrayType13.xml
----------------- Instantiating /home/travis/build/icyphy/ptII/ptolemy/actor/lib/test/auto/arrayType13.xml
1 ms. Memory: 635904K Free: 441214K (69%)
----------------- Invoking toplevel() on ptolemy.moml.MoMLSimpleApplication@1a9aab0a
----------------- Done invoking toplevel() on ptolemy.moml.MoMLSimpleApplication@1a9aab0a
reloadAllAccessors: .arrayType13

===========================================================================================
----------------- testing Mon Jun 24 01:55:32 UTC 2019 /home/travis/build/icyphy/ptII/ptolemy/actor/lib/test/auto/arrayType14.xml
----------------- Instantiating /home/travis/build/icyphy/ptII/ptolemy/actor/lib/test/auto/arrayType14.xml
1 ms. Memory: 635904K Free: 435584K (68%)
----------------- Invoking toplevel() on ptolemy.moml.MoMLSimpleApplication@23c3804e
----------------- Done invoking toplevel() on ptolemy.moml.MoMLSimpleApplication@23c3804e
reloadAllAccessors: .arrayType14

===========================================================================================
----------------- testing Mon Jun 24 01:55:32 UTC 2019 /home/travis/build/icyphy/ptII/ptolemy/actor/lib/test/auto/arrayType15.xml
----------------- Instantiating /home/travis/build/icyphy/ptII/ptolemy/actor/lib/test/auto/arrayType15.xml
3 ms. Memory: 635904K Free: 430464K (68%)
----------------- Invoking toplevel() on ptolemy.moml.MoMLSimpleApplication@323519ac
----------------- Done invoking toplevel() on ptolemy.moml.MoMLSimpleApplication@323519ac
reloadAllAccessors: .arrayType15

===========================================================================================
----------------- testing Mon Jun 24 01:55:32 UTC 2019 /home/travis/build/icyphy/ptII/ptolemy/actor/lib/test/auto/arrayType16.xml
----------------- Instantiating /home/travis/build/icyphy/ptII/ptolemy/actor/lib/test/auto/arrayType16.xml
2 ms. Memory: 635904K Free: 424830K (67%)
----------------- Invoking toplevel() on ptolemy.moml.MoMLSimpleApplication@6fcc13c
----------------- Done invoking toplevel() on ptolemy.moml.MoMLSimpleApplication@6fcc13c
reloadAllAccessors: .arrayType16

===========================================================================================
----------------- testing Mon Jun 24 01:55:32 UTC 2019 /home/travis/build/icyphy/ptII/ptolemy/actor/lib/test/auto/arrayType17.xml
----------------- Instantiating /home/travis/build/icyphy/ptII/ptolemy/actor/lib/test/auto/arrayType17.xml
2 ms. Memory: 635904K Free: 419710K (66%)
----------------- Invoking toplevel() on ptolemy.moml.MoMLSimpleApplication@1dfb4822
----------------- Done invoking toplevel() on ptolemy.moml.MoMLSimpleApplication@1dfb4822
reloadAllAccessors: .arrayType17

===========================================================================================
----------------- testing Mon Jun 24 01:55:32 UTC 2019 /home/travis/build/icyphy/ptII/ptolemy/actor/lib/test/auto/arrayType18.xml
----------------- Instantiating /home/travis/build/icyphy/ptII/ptolemy/actor/lib/test/auto/arrayType18.xml
1 ms. Memory: 635904K Free: 415104K (65%)
----------------- Invoking toplevel() on ptolemy.moml.MoMLSimpleApplication@29f024e8
----------------- Done invoking toplevel() on ptolemy.moml.MoMLSimpleApplication@29f024e8
reloadAllAccessors: .arrayType18

===========================================================================================
----------------- testing Mon Jun 24 01:55:32 UTC 2019 /home/travis/build/icyphy/ptII/ptolemy/actor/lib/test/auto/arrayType19.xml
----------------- Instantiating /home/travis/build/icyphy/ptII/ptolemy/actor/lib/test/auto/arrayType19.xml
2 ms. Memory: 635904K Free: 409984K (64%)
----------------- Invoking toplevel() on ptolemy.moml.MoMLSimpleApplication@347beb15
----------------- Done invoking toplevel() on ptolemy.moml.MoMLSimpleApplication@347beb15
reloadAllAccessors: .arrayType19

===========================================================================================
----------------- testing Mon Jun 24 01:55:32 UTC 2019 /home/travis/build/icyphy/ptII/ptolemy/actor/lib/test/auto/arrayType2.xml
----------------- Instantiating /home/travis/build/icyphy/ptII/ptolemy/actor/lib/test/auto/arrayType2.xml
2 ms. Memory: 635904K Free: 404864K (64%)
----------------- Invoking toplevel() on ptolemy.moml.MoMLSimpleApplication@29a17177
----------------- Done invoking toplevel() on ptolemy.moml.MoMLSimpleApplication@29a17177
reloadAllAccessors: .arrayType2

===========================================================================================
----------------- testing Mon Jun 24 01:55:32 UTC 2019 /home/travis/build/icyphy/ptII/ptolemy/actor/lib/test/auto/arrayType20.xml
----------------- Instantiating /home/travis/build/icyphy/ptII/ptolemy/actor/lib/test/auto/arrayType20.xml
3 ms. Memory: 635904K Free: 399230K (63%)
----------------- Invoking toplevel() on ptolemy.moml.MoMLSimpleApplication@24c74b2a
----------------- Done invoking toplevel() on ptolemy.moml.MoMLSimpleApplication@24c74b2a
reloadAllAccessors: .arrayType20

===========================================================================================
----------------- testing Mon Jun 24 01:55:32 UTC 2019 /home/travis/build/icyphy/ptII/ptolemy/actor/lib/test/auto/arrayType21.xml
----------------- Instantiating /home/travis/build/icyphy/ptII/ptolemy/actor/lib/test/auto/arrayType21.xml
2 ms. Memory: 635904K Free: 394624K (62%)
----------------- Invoking toplevel() on ptolemy.moml.MoMLSimpleApplication@48a4ca33
----------------- Done invoking toplevel() on ptolemy.moml.MoMLSimpleApplication@48a4ca33
reloadAllAccessors: .arrayType21

===========================================================================================
----------------- testing Mon Jun 24 01:55:32 UTC 2019 /home/travis/build/icyphy/ptII/ptolemy/actor/lib/test/auto/arrayType22.xml
----------------- Instantiating /home/travis/build/icyphy/ptII/ptolemy/actor/lib/test/auto/arrayType22.xml
2 ms. Memory: 635904K Free: 389504K (61%)
----------------- Invoking toplevel() on ptolemy.moml.MoMLSimpleApplication@5d9c4859
----------------- Done invoking toplevel() on ptolemy.moml.MoMLSimpleApplication@5d9c4859
reloadAllAccessors: .arrayType22

===========================================================================================
----------------- testing Mon Jun 24 01:55:32 UTC 2019 /home/travis/build/icyphy/ptII/ptolemy/actor/lib/test/auto/arrayType23.xml
----------------- Instantiating /home/travis/build/icyphy/ptII/ptolemy/actor/lib/test/auto/arrayType23.xml
1 ms. Memory: 635904K Free: 384894K (61%)
----------------- Invoking toplevel() on ptolemy.moml.MoMLSimpleApplication@ad14c6
----------------- Done invoking toplevel() on ptolemy.moml.MoMLSimpleApplication@ad14c6
reloadAllAccessors: .arrayType23

===========================================================================================
----------------- testing Mon Jun 24 01:55:32 UTC 2019 /home/travis/build/icyphy/ptII/ptolemy/actor/lib/test/auto/arrayType24.xml
----------------- Instantiating /home/travis/build/icyphy/ptII/ptolemy/actor/lib/test/auto/arrayType24.xml
1 ms. Memory: 635904K Free: 379774K (60%)
----------------- Invoking toplevel() on ptolemy.moml.MoMLSimpleApplication@2f12ee47
----------------- Done invoking toplevel() on ptolemy.moml.MoMLSimpleApplication@2f12ee47
reloadAllAccessors: .arrayType24

===========================================================================================
----------------- testing Mon Jun 24 01:55:32 UTC 2019 /home/travis/build/icyphy/ptII/ptolemy/actor/lib/test/auto/arrayType25.xml
----------------- Instantiating /home/travis/build/icyphy/ptII/ptolemy/actor/lib/test/auto/arrayType25.xml
2 ms. Memory: 635904K Free: 374654K (59%)
----------------- Invoking toplevel() on ptolemy.moml.MoMLSimpleApplication@5477f42c
----------------- Done invoking toplevel() on ptolemy.moml.MoMLSimpleApplication@5477f42c
reloadAllAccessors: .arrayType25

===========================================================================================
----------------- testing Mon Jun 24 01:55:32 UTC 2019 /home/travis/build/icyphy/ptII/ptolemy/actor/lib/test/auto/arrayType26.xml
----------------- Instantiating /home/travis/build/icyphy/ptII/ptolemy/actor/lib/test/auto/arrayType26.xml
2 ms. Memory: 635904K Free: 369024K (58%)
----------------- Invoking toplevel() on ptolemy.moml.MoMLSimpleApplication@174decf
----------------- Done invoking toplevel() on ptolemy.moml.MoMLSimpleApplication@174decf
reloadAllAccessors: .arrayType26

===========================================================================================
----------------- testing Mon Jun 24 01:55:32 UTC 2019 /home/travis/build/icyphy/ptII/ptolemy/actor/lib/test/auto/arrayType27.xml
----------------- Instantiating /home/travis/build/icyphy/ptII/ptolemy/actor/lib/test/auto/arrayType27.xml
1 ms. Memory: 635904K Free: 363904K (57%)
----------------- Invoking toplevel() on ptolemy.moml.MoMLSimpleApplication@231195fd
----------------- Done invoking toplevel() on ptolemy.moml.MoMLSimpleApplication@231195fd
reloadAllAccessors: .arrayType27

===========================================================================================
----------------- testing Mon Jun 24 01:55:32 UTC 2019 /home/travis/build/icyphy/ptII/ptolemy/actor/lib/test/auto/arrayType28.xml
----------------- Instantiating /home/travis/build/icyphy/ptII/ptolemy/actor/lib/test/auto/arrayType28.xml
1 ms. Memory: 635904K Free: 358270K (56%)
----------------- Invoking toplevel() on ptolemy.moml.MoMLSimpleApplication@32d7365d
----------------- Done invoking toplevel() on ptolemy.moml.MoMLSimpleApplication@32d7365d
reloadAllAccessors: .arrayType28

===========================================================================================
----------------- testing Mon Jun 24 01:55:32 UTC 2019 /home/travis/build/icyphy/ptII/ptolemy/actor/lib/test/auto/arrayType3.xml
----------------- Instantiating /home/travis/build/icyphy/ptII/ptolemy/actor/lib/test/auto/arrayType3.xml
6 ms. Memory: 635904K Free: 353150K (56%)
----------------- Invoking toplevel() on ptolemy.moml.MoMLSimpleApplication@321f9f52
----------------- Done invoking toplevel() on ptolemy.moml.MoMLSimpleApplication@321f9f52
reloadAllAccessors: .arrayType3

===========================================================================================
----------------- testing Mon Jun 24 01:55:32 UTC 2019 /home/travis/build/icyphy/ptII/ptolemy/actor/lib/test/auto/arrayType4.xml
----------------- Instantiating /home/travis/build/icyphy/ptII/ptolemy/actor/lib/test/auto/arrayType4.xml
2 ms. Memory: 635904K Free: 348030K (55%)
----------------- Invoking toplevel() on ptolemy.moml.MoMLSimpleApplication@7c87d3ed
----------------- Done invoking toplevel() on ptolemy.moml.MoMLSimpleApplication@7c87d3ed
reloadAllAccessors: .arrayType4

===========================================================================================
----------------- testing Mon Jun 24 01:55:32 UTC 2019 /home/travis/build/icyphy/ptII/ptolemy/actor/lib/test/auto/arrayType5.xml
----------------- Instantiating /home/travis/build/icyphy/ptII/ptolemy/actor/lib/test/auto/arrayType5.xml
1 ms. Memory: 635904K Free: 342400K (54%)
----------------- Invoking toplevel() on ptolemy.moml.MoMLSimpleApplication@5d49a987
----------------- Done invoking toplevel() on ptolemy.moml.MoMLSimpleApplication@5d49a987
reloadAllAccessors: .arrayType5

===========================================================================================
----------------- testing Mon Jun 24 01:55:32 UTC 2019 /home/travis/build/icyphy/ptII/ptolemy/actor/lib/test/auto/arrayType6.xml
----------------- Instantiating /home/travis/build/icyphy/ptII/ptolemy/actor/lib/test/auto/arrayType6.xml
1 ms. Memory: 635904K Free: 337790K (53%)
----------------- Invoking toplevel() on ptolemy.moml.MoMLSimpleApplication@4148c5e
----------------- Done invoking toplevel() on ptolemy.moml.MoMLSimpleApplication@4148c5e
reloadAllAccessors: .arrayType6

===========================================================================================
----------------- testing Mon Jun 24 01:55:32 UTC 2019 /home/travis/build/icyphy/ptII/ptolemy/actor/lib/test/auto/arrayType7.xml
----------------- Instantiating /home/travis/build/icyphy/ptII/ptolemy/actor/lib/test/auto/arrayType7.xml
1 ms. Memory: 635904K Free: 332670K (52%)
----------------- Invoking toplevel() on ptolemy.moml.MoMLSimpleApplication@2f3c7449
----------------- Done invoking toplevel() on ptolemy.moml.MoMLSimpleApplication@2f3c7449
reloadAllAccessors: .arrayType7

===========================================================================================
----------------- testing Mon Jun 24 01:55:32 UTC 2019 /home/travis/build/icyphy/ptII/ptolemy/actor/lib/test/auto/arrayType8.xml
----------------- Instantiating /home/travis/build/icyphy/ptII/ptolemy/actor/lib/test/auto/arrayType8.xml
6 ms. Memory: 635904K Free: 328064K (52%)
----------------- Invoking toplevel() on ptolemy.moml.MoMLSimpleApplication@44b93fb5
----------------- Done invoking toplevel() on ptolemy.moml.MoMLSimpleApplication@44b93fb5
reloadAllAccessors: .arrayType8

===========================================================================================
----------------- testing Mon Jun 24 01:55:32 UTC 2019 /home/travis/build/icyphy/ptII/ptolemy/actor/lib/test/auto/arrayType9.xml
----------------- Instantiating /home/travis/build/icyphy/ptII/ptolemy/actor/lib/test/auto/arrayType9.xml
1 ms. Memory: 635904K Free: 322944K (51%)
----------------- Invoking toplevel() on ptolemy.moml.MoMLSimpleApplication@23c02187
----------------- Done invoking toplevel() on ptolemy.moml.MoMLSimpleApplication@23c02187
reloadAllAccessors: .arrayType9

===========================================================================================
----------------- testing Mon Jun 24 01:55:32 UTC 2019 /home/travis/build/icyphy/ptII/ptolemy/actor/lib/test/auto/cast.xml
----------------- Instantiating /home/travis/build/icyphy/ptII/ptolemy/actor/lib/test/auto/cast.xml
2 ms. Memory: 635904K Free: 318334K (50%)
----------------- Invoking toplevel() on ptolemy.moml.MoMLSimpleApplication@682360c
----------------- Done invoking toplevel() on ptolemy.moml.MoMLSimpleApplication@682360c
reloadAllAccessors: .cast

===========================================================================================
----------------- testing Mon Jun 24 01:55:32 UTC 2019 /home/travis/build/icyphy/ptII/ptolemy/actor/lib/test/auto/compositeMultiPort.xml
----------------- Instantiating /home/travis/build/icyphy/ptII/ptolemy/actor/lib/test/auto/compositeMultiPort.xml
3 ms. Memory: 635904K Free: 309632K (49%)
----------------- Invoking toplevel() on ptolemy.moml.MoMLSimpleApplication@4846482c
----------------- Done invoking toplevel() on ptolemy.moml.MoMLSimpleApplication@4846482c
reloadAllAccessors: .compositeMultiPort

===========================================================================================
----------------- testing Mon Jun 24 01:55:32 UTC 2019 /home/travis/build/icyphy/ptII/ptolemy/actor/lib/test/auto/expressionCastInference.xml
----------------- Instantiating /home/travis/build/icyphy/ptII/ptolemy/actor/lib/test/auto/expressionCastInference.xml
3 ms. Memory: 635904K Free: 304512K (48%)
----------------- Invoking toplevel() on ptolemy.moml.MoMLSimpleApplication@50145386
----------------- Done invoking toplevel() on ptolemy.moml.MoMLSimpleApplication@50145386
reloadAllAccessors: .expressionCastInference

===========================================================================================
----------------- testing Mon Jun 24 01:55:32 UTC 2019 /home/travis/build/icyphy/ptII/ptolemy/actor/lib/test/auto/expressionCastInference2.xml
----------------- Instantiating /home/travis/build/icyphy/ptII/ptolemy/actor/lib/test/auto/expressionCastInference2.xml
3 ms. Memory: 635904K Free: 299902K (47%)
----------------- Invoking toplevel() on ptolemy.moml.MoMLSimpleApplication@1895ae45
----------------- Done invoking toplevel() on ptolemy.moml.MoMLSimpleApplication@1895ae45
reloadAllAccessors: .expressionCastInference2

===========================================================================================
----------------- testing Mon Jun 24 01:55:32 UTC 2019 /home/travis/build/icyphy/ptII/ptolemy/actor/lib/test/auto/expressionInference.xml
----------------- Instantiating /home/travis/build/icyphy/ptII/ptolemy/actor/lib/test/auto/expressionInference.xml
1 ms. Memory: 635904K Free: 295296K (46%)
----------------- Invoking toplevel() on ptolemy.moml.MoMLSimpleApplication@1bed957
----------------- Done invoking toplevel() on ptolemy.moml.MoMLSimpleApplication@1bed957
reloadAllAccessors: .expressionInference

===========================================================================================
----------------- testing Mon Jun 24 01:55:32 UTC 2019 /home/travis/build/icyphy/ptII/ptolemy/actor/lib/test/auto/expression_bug.xml
----------------- Instantiating /home/travis/build/icyphy/ptII/ptolemy/actor/lib/test/auto/expression_bug.xml
2 ms. Memory: 635904K Free: 291200K (46%)
----------------- Invoking toplevel() on ptolemy.moml.MoMLSimpleApplication@2110bc17
----------------- Done invoking toplevel() on ptolemy.moml.MoMLSimpleApplication@2110bc17
reloadAllAccessors: .expression_bug

===========================================================================================
----------------- testing Mon Jun 24 01:55:32 UTC 2019 /home/travis/build/icyphy/ptII/ptolemy/actor/lib/test/auto/factorial.xml
----------------- Instantiating /home/travis/build/icyphy/ptII/ptolemy/actor/lib/test/auto/factorial.xml
28 ms. Memory: 635904K Free: 282494K (44%)
----------------- Invoking toplevel() on ptolemy.moml.MoMLSimpleApplication@45d544e9
----------------- Done invoking toplevel() on ptolemy.moml.MoMLSimpleApplication@45d544e9
reloadAllAccessors: .factorial

===========================================================================================
----------------- testing Mon Jun 24 01:55:32 UTC 2019 /home/travis/build/icyphy/ptII/ptolemy/actor/lib/test/auto/filterTest1.xml
----------------- Instantiating /home/travis/build/icyphy/ptII/ptolemy/actor/lib/test/auto/filterTest1.xml
3 ms. Memory: 635904K Free: 276864K (44%)
----------------- Invoking toplevel() on ptolemy.moml.MoMLSimpleApplication@11bcbab1
----------------- Done invoking toplevel() on ptolemy.moml.MoMLSimpleApplication@11bcbab1
reloadAllAccessors: .filterTest1

===========================================================================================
----------------- testing Mon Jun 24 01:55:32 UTC 2019 /home/travis/build/icyphy/ptII/ptolemy/actor/lib/test/auto/funcApplyInConst.xml
----------------- Instantiating /home/travis/build/icyphy/ptII/ptolemy/actor/lib/test/auto/funcApplyInConst.xml
1 ms. Memory: 635904K Free: 273278K (43%)
----------------- Invoking toplevel() on ptolemy.moml.MoMLSimpleApplication@97ceee0
----------------- Done invoking toplevel() on ptolemy.moml.MoMLSimpleApplication@97ceee0
reloadAllAccessors: .funcApplyInConst

===========================================================================================
----------------- testing Mon Jun 24 01:55:32 UTC 2019 /home/travis/build/icyphy/ptII/ptolemy/actor/lib/test/auto/funcApplyInExpr.xml
----------------- Instantiating /home/travis/build/icyphy/ptII/ptolemy/actor/lib/test/auto/funcApplyInExpr.xml
2 ms. Memory: 635904K Free: 269182K (42%)
----------------- Invoking toplevel() on ptolemy.moml.MoMLSimpleApplication@3255875b
----------------- Done invoking toplevel() on ptolemy.moml.MoMLSimpleApplication@3255875b
reloadAllAccessors: .funcApplyInExpr

===========================================================================================
----------------- testing Mon Jun 24 01:55:32 UTC 2019 /home/travis/build/icyphy/ptII/ptolemy/actor/lib/test/auto/function.xml
----------------- Instantiating /home/travis/build/icyphy/ptII/ptolemy/actor/lib/test/auto/function.xml
2 ms. Memory: 635904K Free: 264576K (42%)
----------------- Invoking toplevel() on ptolemy.moml.MoMLSimpleApplication@1f563330
----------------- Done invoking toplevel() on ptolemy.moml.MoMLSimpleApplication@1f563330
reloadAllAccessors: .function

===========================================================================================
----------------- testing Mon Jun 24 01:55:32 UTC 2019 /home/travis/build/icyphy/ptII/ptolemy/actor/lib/test/auto/function2.xml
----------------- Instantiating /home/travis/build/icyphy/ptII/ptolemy/actor/lib/test/auto/function2.xml
2 ms. Memory: 635904K Free: 259456K (41%)
----------------- Invoking toplevel() on ptolemy.moml.MoMLSimpleApplication@7ee715e
----------------- Done invoking toplevel() on ptolemy.moml.MoMLSimpleApplication@7ee715e
reloadAllAccessors: .function2

===========================================================================================
----------------- testing Mon Jun 24 01:55:32 UTC 2019 /home/travis/build/icyphy/ptII/ptolemy/actor/lib/test/auto/function3.xml
----------------- Instantiating /home/travis/build/icyphy/ptII/ptolemy/actor/lib/test/auto/function3.xml
2 ms. Memory: 635904K Free: 255870K (40%)
----------------- Invoking toplevel() on ptolemy.moml.MoMLSimpleApplication@17d90692
----------------- Done invoking toplevel() on ptolemy.moml.MoMLSimpleApplication@17d90692
reloadAllAccessors: .function3

===========================================================================================
----------------- testing Mon Jun 24 01:55:32 UTC 2019 /home/travis/build/icyphy/ptII/ptolemy/actor/lib/test/auto/functionClosureTest1.xml
----------------- Instantiating /home/travis/build/icyphy/ptII/ptolemy/actor/lib/test/auto/functionClosureTest1.xml
2 ms. Memory: 635904K Free: 249726K (39%)
----------------- Invoking toplevel() on ptolemy.moml.MoMLSimpleApplication@7c650b5d
----------------- Done invoking toplevel() on ptolemy.moml.MoMLSimpleApplication@7c650b5d
reloadAllAccessors: .functionClosureTest1

===========================================================================================
----------------- testing Mon Jun 24 01:55:32 UTC 2019 /home/travis/build/icyphy/ptII/ptolemy/actor/lib/test/auto/functionClosureTest2.xml
----------------- Instantiating /home/travis/build/icyphy/ptII/ptolemy/actor/lib/test/auto/functionClosureTest2.xml
1 ms. Memory: 635904K Free: 246144K (39%)
----------------- Invoking toplevel() on ptolemy.moml.MoMLSimpleApplication@2f1ae067
----------------- Done invoking toplevel() on ptolemy.moml.MoMLSimpleApplication@2f1ae067
reloadAllAccessors: .functionClosureTest2

===========================================================================================
----------------- testing Mon Jun 24 01:55:32 UTC 2019 /home/travis/build/icyphy/ptII/ptolemy/actor/lib/test/auto/functionClosureTest3.xml
----------------- Instantiating /home/travis/build/icyphy/ptII/ptolemy/actor/lib/test/auto/functionClosureTest3.xml
2 ms. Memory: 635904K Free: 240496K (38%)
----------------- Invoking toplevel() on ptolemy.moml.MoMLSimpleApplication@3ac766e6
----------------- Done invoking toplevel() on ptolemy.moml.MoMLSimpleApplication@3ac766e6
reloadAllAccessors: .functionClosureTest3

===========================================================================================
----------------- testing Mon Jun 24 01:55:32 UTC 2019 /home/travis/build/icyphy/ptII/ptolemy/actor/lib/test/auto/functionClosureTest4.xml
----------------- Instantiating /home/travis/build/icyphy/ptII/ptolemy/actor/lib/test/auto/functionClosureTest4.xml
4 ms. Memory: 635904K Free: 234366K (37%)
----------------- Invoking toplevel() on ptolemy.moml.MoMLSimpleApplication@6d0fd696
----------------- Done invoking toplevel() on ptolemy.moml.MoMLSimpleApplication@6d0fd696
reloadAllAccessors: .functionClosureTest4

===========================================================================================
----------------- testing Mon Jun 24 01:55:32 UTC 2019 /home/travis/build/icyphy/ptII/ptolemy/actor/lib/test/auto/functionClosureTest5.xml
----------------- Instantiating /home/travis/build/icyphy/ptII/ptolemy/actor/lib/test/auto/functionClosureTest5.xml
5 ms. Memory: 635904K Free: 228736K (36%)
----------------- Invoking toplevel() on ptolemy.moml.MoMLSimpleApplication@3d2fefff
----------------- Done invoking toplevel() on ptolemy.moml.MoMLSimpleApplication@3d2fefff
reloadAllAccessors: .functionClosureTest5

===========================================================================================
----------------- testing Mon Jun 24 01:55:32 UTC 2019 /home/travis/build/icyphy/ptII/ptolemy/actor/lib/test/auto/functionClosureTest6.xml
----------------- Instantiating /home/travis/build/icyphy/ptII/ptolemy/actor/lib/test/auto/functionClosureTest6.xml
1 ms. Memory: 635904K Free: 224126K (35%)
----------------- Invoking toplevel() on ptolemy.moml.MoMLSimpleApplication@724af49f
----------------- Done invoking toplevel() on ptolemy.moml.MoMLSimpleApplication@724af49f
reloadAllAccessors: .functionClosureTest6

===========================================================================================
----------------- testing Mon Jun 24 01:55:32 UTC 2019 /home/travis/build/icyphy/ptII/ptolemy/actor/lib/test/auto/functionsOnArcs.xml
----------------- Instantiating /home/travis/build/icyphy/ptII/ptolemy/actor/lib/test/auto/functionsOnArcs.xml
1 ms. Memory: 635904K Free: 218496K (34%)
----------------- Invoking toplevel() on ptolemy.moml.MoMLSimpleApplication@4459f5c1
----------------- Done invoking toplevel() on ptolemy.moml.MoMLSimpleApplication@4459f5c1
reloadAllAccessors: .functionsOnArcs

===========================================================================================
----------------- testing Mon Jun 24 01:55:32 UTC 2019 /home/travis/build/icyphy/ptII/ptolemy/actor/lib/test/auto/functionsOnArcsHOF.xml
----------------- Instantiating /home/travis/build/icyphy/ptII/ptolemy/actor/lib/test/auto/functionsOnArcsHOF.xml
3 ms. Memory: 635904K Free: 212862K (33%)
----------------- Invoking toplevel() on ptolemy.moml.MoMLSimpleApplication@513f14a0
----------------- Done invoking toplevel() on ptolemy.moml.MoMLSimpleApplication@513f14a0
reloadAllAccessors: .functionsOnArcsHOF

===========================================================================================
----------------- testing Mon Jun 24 01:55:32 UTC 2019 /home/travis/build/icyphy/ptII/ptolemy/actor/lib/test/auto/logic.xml
----------------- Instantiating /home/travis/build/icyphy/ptII/ptolemy/actor/lib/test/auto/logic.xml
3 ms. Memory: 635904K Free: 577406K (91%)
----------------- Invoking toplevel() on ptolemy.moml.MoMLSimpleApplication@72dff779
----------------- Done invoking toplevel() on ptolemy.moml.MoMLSimpleApplication@72dff779
reloadAllAccessors: .logic

===========================================================================================
----------------- testing Mon Jun 24 01:55:33 UTC 2019 /home/travis/build/icyphy/ptII/ptolemy/actor/lib/test/auto/matrixType.xml
----------------- Instantiating /home/travis/build/icyphy/ptII/ptolemy/actor/lib/test/auto/matrixType.xml
2 ms. Memory: 635904K Free: 572286K (90%)
----------------- Invoking toplevel() on ptolemy.moml.MoMLSimpleApplication@336a6d0a
----------------- Done invoking toplevel() on ptolemy.moml.MoMLSimpleApplication@336a6d0a
reloadAllAccessors: .matrixType

===========================================================================================
----------------- testing Mon Jun 24 01:55:33 UTC 2019 /home/travis/build/icyphy/ptII/ptolemy/actor/lib/test/auto/matrixType10.xml
----------------- Instantiating /home/travis/build/icyphy/ptII/ptolemy/actor/lib/test/auto/matrixType10.xml
2 ms. Memory: 635904K Free: 567166K (89%)
----------------- Invoking toplevel() on ptolemy.moml.MoMLSimpleApplication@af08062
----------------- Done invoking toplevel() on ptolemy.moml.MoMLSimpleApplication@af08062
reloadAllAccessors: .matrixType10

===========================================================================================
----------------- testing Mon Jun 24 01:55:33 UTC 2019 /home/travis/build/icyphy/ptII/ptolemy/actor/lib/test/auto/matrixType11.xml
----------------- Instantiating /home/travis/build/icyphy/ptII/ptolemy/actor/lib/test/auto/matrixType11.xml
2 ms. Memory: 635904K Free: 562560K (88%)
----------------- Invoking toplevel() on ptolemy.moml.MoMLSimpleApplication@47352fc
----------------- Done invoking toplevel() on ptolemy.moml.MoMLSimpleApplication@47352fc
reloadAllAccessors: .matrixType11

===========================================================================================
----------------- testing Mon Jun 24 01:55:33 UTC 2019 /home/travis/build/icyphy/ptII/ptolemy/actor/lib/test/auto/matrixType12.xml
----------------- Instantiating /home/travis/build/icyphy/ptII/ptolemy/actor/lib/test/auto/matrixType12.xml
2 ms. Memory: 635904K Free: 557440K (88%)
----------------- Invoking toplevel() on ptolemy.moml.MoMLSimpleApplication@21d72507
----------------- Done invoking toplevel() on ptolemy.moml.MoMLSimpleApplication@21d72507
reloadAllAccessors: .matrixType12

===========================================================================================
----------------- testing Mon Jun 24 01:55:33 UTC 2019 /home/travis/build/icyphy/ptII/ptolemy/actor/lib/test/auto/matrixType13.xml
----------------- Instantiating /home/travis/build/icyphy/ptII/ptolemy/actor/lib/test/auto/matrixType13.xml
4 ms. Memory: 635904K Free: 552830K (87%)
----------------- Invoking toplevel() on ptolemy.moml.MoMLSimpleApplication@104b0e27
----------------- Done invoking toplevel() on ptolemy.moml.MoMLSimpleApplication@104b0e27
reloadAllAccessors: .matrixType13

===========================================================================================
----------------- testing Mon Jun 24 01:55:33 UTC 2019 /home/travis/build/icyphy/ptII/ptolemy/actor/lib/test/auto/matrixType14.xml
----------------- Instantiating /home/travis/build/icyphy/ptII/ptolemy/actor/lib/test/auto/matrixType14.xml
2 ms. Memory: 635904K Free: 547710K (86%)
----------------- Invoking toplevel() on ptolemy.moml.MoMLSimpleApplication@65ed2475
----------------- Done invoking toplevel() on ptolemy.moml.MoMLSimpleApplication@65ed2475
reloadAllAccessors: .matrixType14

===========================================================================================
----------------- testing Mon Jun 24 01:55:33 UTC 2019 /home/travis/build/icyphy/ptII/ptolemy/actor/lib/test/auto/matrixType2.xml
----------------- Instantiating /home/travis/build/icyphy/ptII/ptolemy/actor/lib/test/auto/matrixType2.xml
2 ms. Memory: 635904K Free: 542590K (85%)
----------------- Invoking toplevel() on ptolemy.moml.MoMLSimpleApplication@2d98d87c
----------------- Done invoking toplevel() on ptolemy.moml.MoMLSimpleApplication@2d98d87c
reloadAllAccessors: .matrixType2

===========================================================================================
----------------- testing Mon Jun 24 01:55:33 UTC 2019 /home/travis/build/icyphy/ptII/ptolemy/actor/lib/test/auto/matrixType3.xml
----------------- Instantiating /home/travis/build/icyphy/ptII/ptolemy/actor/lib/test/auto/matrixType3.xml
4 ms. Memory: 635904K Free: 537470K (85%)
----------------- Invoking toplevel() on ptolemy.moml.MoMLSimpleApplication@33482603
----------------- Done invoking toplevel() on ptolemy.moml.MoMLSimpleApplication@33482603
reloadAllAccessors: .matrixType3

===========================================================================================
----------------- testing Mon Jun 24 01:55:33 UTC 2019 /home/travis/build/icyphy/ptII/ptolemy/actor/lib/test/auto/matrixType4.xml
----------------- Instantiating /home/travis/build/icyphy/ptII/ptolemy/actor/lib/test/auto/matrixType4.xml
1 ms. Memory: 635904K Free: 532864K (84%)
----------------- Invoking toplevel() on ptolemy.moml.MoMLSimpleApplication@38168f45
----------------- Done invoking toplevel() on ptolemy.moml.MoMLSimpleApplication@38168f45
reloadAllAccessors: .matrixType4

===========================================================================================
----------------- testing Mon Jun 24 01:55:33 UTC 2019 /home/travis/build/icyphy/ptII/ptolemy/actor/lib/test/auto/matrixType5.xml
----------------- Instantiating /home/travis/build/icyphy/ptII/ptolemy/actor/lib/test/auto/matrixType5.xml
1 ms. Memory: 635904K Free: 527744K (83%)
----------------- Invoking toplevel() on ptolemy.moml.MoMLSimpleApplication@567b8372
----------------- Done invoking toplevel() on ptolemy.moml.MoMLSimpleApplication@567b8372
reloadAllAccessors: .matrixType5

===========================================================================================
----------------- testing Mon Jun 24 01:55:33 UTC 2019 /home/travis/build/icyphy/ptII/ptolemy/actor/lib/test/auto/matrixType6.xml
----------------- Instantiating /home/travis/build/icyphy/ptII/ptolemy/actor/lib/test/auto/matrixType6.xml
1 ms. Memory: 635904K Free: 523134K (82%)
----------------- Invoking toplevel() on ptolemy.moml.MoMLSimpleApplication@6e5bd284
----------------- Done invoking toplevel() on ptolemy.moml.MoMLSimpleApplication@6e5bd284
reloadAllAccessors: .matrixType6

===========================================================================================
----------------- testing Mon Jun 24 01:55:33 UTC 2019 /home/travis/build/icyphy/ptII/ptolemy/actor/lib/test/auto/matrixType7.xml
----------------- Instantiating /home/travis/build/icyphy/ptII/ptolemy/actor/lib/test/auto/matrixType7.xml
1 ms. Memory: 635904K Free: 518014K (81%)
----------------- Invoking toplevel() on ptolemy.moml.MoMLSimpleApplication@58c64cd2
----------------- Done invoking toplevel() on ptolemy.moml.MoMLSimpleApplication@58c64cd2
reloadAllAccessors: .matrixType7

===========================================================================================
----------------- testing Mon Jun 24 01:55:33 UTC 2019 /home/travis/build/icyphy/ptII/ptolemy/actor/lib/test/auto/matrixType8.xml
----------------- Instantiating /home/travis/build/icyphy/ptII/ptolemy/actor/lib/test/auto/matrixType8.xml
1 ms. Memory: 635904K Free: 513408K (81%)
----------------- Invoking toplevel() on ptolemy.moml.MoMLSimpleApplication@14c1cddc
----------------- Done invoking toplevel() on ptolemy.moml.MoMLSimpleApplication@14c1cddc
reloadAllAccessors: .matrixType8

===========================================================================================
----------------- testing Mon Jun 24 01:55:33 UTC 2019 /home/travis/build/icyphy/ptII/ptolemy/actor/lib/test/auto/matrixType9.xml
----------------- Instantiating /home/travis/build/icyphy/ptII/ptolemy/actor/lib/test/auto/matrixType9.xml
1 ms. Memory: 635904K Free: 508288K (80%)
----------------- Invoking toplevel() on ptolemy.moml.MoMLSimpleApplication@3f4bfafa
----------------- Done invoking toplevel() on ptolemy.moml.MoMLSimpleApplication@3f4bfafa
reloadAllAccessors: .matrixType9

===========================================================================================
----------------- testing Mon Jun 24 01:55:33 UTC 2019 /home/travis/build/icyphy/ptII/ptolemy/actor/lib/test/auto/paraFunctest.xml
----------------- Instantiating /home/travis/build/icyphy/ptII/ptolemy/actor/lib/test/auto/paraFunctest.xml
2 ms. Memory: 635904K Free: 504702K (79%)
----------------- Invoking toplevel() on ptolemy.moml.MoMLSimpleApplication@62ce088f
----------------- Done invoking toplevel() on ptolemy.moml.MoMLSimpleApplication@62ce088f
reloadAllAccessors: .paraFunctest

===========================================================================================
----------------- testing Mon Jun 24 01:55:33 UTC 2019 /home/travis/build/icyphy/ptII/ptolemy/actor/lib/test/auto/paraFunctest2.xml
----------------- Instantiating /home/travis/build/icyphy/ptII/ptolemy/actor/lib/test/auto/paraFunctest2.xml
1 ms. Memory: 635904K Free: 499582K (79%)
----------------- Invoking toplevel() on ptolemy.moml.MoMLSimpleApplication@7e55c27a
----------------- Done invoking toplevel() on ptolemy.moml.MoMLSimpleApplication@7e55c27a
reloadAllAccessors: .paraFunctest2

===========================================================================================
----------------- testing Mon Jun 24 01:55:33 UTC 2019 /home/travis/build/icyphy/ptII/ptolemy/actor/lib/test/auto/parameterPassing.xml
----------------- Instantiating /home/travis/build/icyphy/ptII/ptolemy/actor/lib/test/auto/parameterPassing.xml
1 ms. Memory: 635904K Free: 495486K (78%)
----------------- Invoking toplevel() on ptolemy.moml.MoMLSimpleApplication@24f90773
----------------- Done invoking toplevel() on ptolemy.moml.MoMLSimpleApplication@24f90773
reloadAllAccessors: .parameterPassing

===========================================================================================
----------------- testing Mon Jun 24 01:55:33 UTC 2019 /home/travis/build/icyphy/ptII/ptolemy/actor/lib/test/auto/record.xml
----------------- Instantiating /home/travis/build/icyphy/ptII/ptolemy/actor/lib/test/auto/record.xml
3 ms. Memory: 635904K Free: 490366K (77%)
----------------- Invoking toplevel() on ptolemy.moml.MoMLSimpleApplication@41940934
----------------- Done invoking toplevel() on ptolemy.moml.MoMLSimpleApplication@41940934
reloadAllAccessors: .record

===========================================================================================
----------------- testing Mon Jun 24 01:55:33 UTC 2019 /home/travis/build/icyphy/ptII/ptolemy/actor/lib/test/auto/sizedarray1.xml
----------------- Instantiating /home/travis/build/icyphy/ptII/ptolemy/actor/lib/test/auto/sizedarray1.xml
2 ms. Memory: 635904K Free: 485246K (76%)
----------------- Invoking toplevel() on ptolemy.moml.MoMLSimpleApplication@47f7e988
----------------- Done invoking toplevel() on ptolemy.moml.MoMLSimpleApplication@47f7e988
reloadAllAccessors: .sizedarray1

===========================================================================================
----------------- testing Mon Jun 24 01:55:33 UTC 2019 /home/travis/build/icyphy/ptII/ptolemy/actor/lib/test/auto/sizedarray2.xml
----------------- Instantiating /home/travis/build/icyphy/ptII/ptolemy/actor/lib/test/auto/sizedarray2.xml
3 ms. Memory: 635904K Free: 479616K (75%)
----------------- Invoking toplevel() on ptolemy.moml.MoMLSimpleApplication@53b069bc
----------------- Done invoking toplevel() on ptolemy.moml.MoMLSimpleApplication@53b069bc
reloadAllAccessors: .sizedarray2

===========================================================================================
----------------- testing Mon Jun 24 01:55:33 UTC 2019 /home/travis/build/icyphy/ptII/ptolemy/actor/lib/test/auto/twoPublishers.xml
----------------- Instantiating /home/travis/build/icyphy/ptII/ptolemy/actor/lib/test/auto/twoPublishers.xml
9 ms. Memory: 635904K Free: 469376K (74%)
----------------- Invoking toplevel() on ptolemy.moml.MoMLSimpleApplication@6b90282d
----------------- Done invoking toplevel() on ptolemy.moml.MoMLSimpleApplication@6b90282d
reloadAllAccessors: .twoPublishers
AutoTests.java: About to close Vertx.
AutoTests.java: Vertx closed.
]]></system-out>
  <system-err><![CDATA[java.lang.RuntimeException: Execution failed
	at ptolemy.moml.MoMLSimpleApplication$UnloadThread.run(MoMLSimpleApplication.java:402)
Caused by: java.lang.RuntimeException: StringUtilities.exit() was called. Normally, we would exit here because Manager.exitAfterWrapup() was called.  However, because the ptolemy.ptII.exitAfterWrapup property is set, we throw this exception instead.
	at ptolemy.util.StringUtilities.exit(StringUtilities.java:363)
	at ptolemy.actor.Manager.wrapup(Manager.java:1531)
	at ptolemy.actor.Manager.execute(Manager.java:407)
	at ptolemy.actor.Manager.run(Manager.java:1263)
	at ptolemy.actor.Manager$PtolemyRunThread.run(Manager.java:1915)
Warning: '.top.test' is in training mode, set the trainingMode parameter to false before checking in
Warning: '.top.test' is in training mode, set the trainingMode parameter to false before checking in
Warning: '.top.test' is in training mode, set the trainingMode parameter to false before checking in
Warning: '.BooleanSwitch_RegressionTest_WrongTrainingValues.Test' is in training mode, set the trainingMode parameter to false before checking in
Warning: '.BooleanSwitch_RegressionTest_WrongTrainingValues.Test2' is in training mode, set the trainingMode parameter to false before checking in
Warning: '.BooleanSwitch_RegressionTest_WrongTrainingValues.Test2' The test produced 0 tokens.
Warning: '.top.testExceptionHandler' is in training mode, set the trainingMode parameter to false before checking in
java.lang.RuntimeException: Execution failed
	at ptolemy.moml.MoMLSimpleApplication$UnloadThread.run(MoMLSimpleApplication.java:402)
Caused by: ptolemy.kernel.util.IllegalActionException: PublisherPorts cannot be used at the top level, use a Publisher actor instead.
  in .PublisherPortToplevelSubscriber.PublisherPort
	at ptolemy.actor.PublisherPort.preinitialize(PublisherPort.java:403)
	at ptolemy.actor.CompositeActor.preinitialize(CompositeActor.java:1769)
	at ptolemy.actor.Manager.preinitializeAndResolveTypes(Manager.java:1040)
	at ptolemy.actor.Manager.initialize(Manager.java:710)
	at ptolemy.actor.Manager.execute(Manager.java:356)
	at ptolemy.actor.Manager.run(Manager.java:1263)
	at ptolemy.actor.Manager$PtolemyRunThread.run(Manager.java:1915)
java.lang.reflect.InvocationTargetException
	at java.base/jdk.internal.reflect.NativeConstructorAccessorImpl.newInstance0(Native Method)
	at java.base/jdk.internal.reflect.NativeConstructorAccessorImpl.newInstance(NativeConstructorAccessorImpl.java:62)
	at java.base/jdk.internal.reflect.DelegatingConstructorAccessorImpl.newInstance(DelegatingConstructorAccessorImpl.java:45)
	at java.base/java.lang.reflect.Constructor.newInstance(Constructor.java:490)
	at ptolemy.util.test.junit.AutoKnownFailedTests.RunModel(AutoKnownFailedTests.java:105)
	at java.base/jdk.internal.reflect.NativeMethodAccessorImpl.invoke0(Native Method)
	at java.base/jdk.internal.reflect.NativeMethodAccessorImpl.invoke(NativeMethodAccessorImpl.java:62)
	at java.base/jdk.internal.reflect.DelegatingMethodAccessorImpl.invoke(DelegatingMethodAccessorImpl.java:43)
	at java.base/java.lang.reflect.Method.invoke(Method.java:566)
	at org.junit.runners.model.FrameworkMethod$1.runReflectiveCall(FrameworkMethod.java:44)
	at org.junit.internal.runners.model.ReflectiveCallable.run(ReflectiveCallable.java:15)
	at org.junit.runners.model.FrameworkMethod.invokeExplosively(FrameworkMethod.java:41)
	at junitparams.internal.InvokeParameterisedMethod.evaluate(InvokeParameterisedMethod.java:102)
	at org.junit.internal.runners.statements.FailOnTimeout$1.run(FailOnTimeout.java:28)
Caused by: ptolemy.kernel.util.IllegalActionException: PublisherPorts cannot be used at the top level, use a Publisher actor instead.
  in .PublisherPortToplevelSubscriber.PublisherPort
	at ptolemy.actor.PublisherPort.preinitialize(PublisherPort.java:403)
	at ptolemy.actor.CompositeActor.preinitialize(CompositeActor.java:1769)
	at ptolemy.actor.Manager.preinitializeAndResolveTypes(Manager.java:1040)
	at ptolemy.actor.Manager.initialize(Manager.java:710)
	at ptolemy.actor.Manager.execute(Manager.java:356)
	at ptolemy.actor.Manager.run(Manager.java:1263)
	at ptolemy.actor.Manager$PtolemyRunThread.run(Manager.java:1915)
java.lang.RuntimeException: Execution failed
	at ptolemy.moml.MoMLSimpleApplication$UnloadThread.run(MoMLSimpleApplication.java:402)
Caused by: ptolemy.kernel.util.IllegalActionException: SubscriberPorts cannot be used at the top level, use a Subscriber actor instead.
  in .PublisherSubscriberPortToplevel.SubscriberPort
	at ptolemy.actor.SubscriberPort.preinitialize(SubscriberPort.java:328)
	at ptolemy.actor.CompositeActor.preinitialize(CompositeActor.java:1769)
	at ptolemy.actor.Manager.preinitializeAndResolveTypes(Manager.java:1040)
	at ptolemy.actor.Manager.initialize(Manager.java:710)
	at ptolemy.actor.Manager.execute(Manager.java:356)
	at ptolemy.actor.Manager.run(Manager.java:1263)
	at ptolemy.actor.Manager$PtolemyRunThread.run(Manager.java:1915)
java.lang.reflect.InvocationTargetException
	at java.base/jdk.internal.reflect.NativeConstructorAccessorImpl.newInstance0(Native Method)
	at java.base/jdk.internal.reflect.NativeConstructorAccessorImpl.newInstance(NativeConstructorAccessorImpl.java:62)
	at java.base/jdk.internal.reflect.DelegatingConstructorAccessorImpl.newInstance(DelegatingConstructorAccessorImpl.java:45)
	at java.base/java.lang.reflect.Constructor.newInstance(Constructor.java:490)
	at ptolemy.util.test.junit.AutoKnownFailedTests.RunModel(AutoKnownFailedTests.java:105)
	at java.base/jdk.internal.reflect.NativeMethodAccessorImpl.invoke0(Native Method)
	at java.base/jdk.internal.reflect.NativeMethodAccessorImpl.invoke(NativeMethodAccessorImpl.java:62)
	at java.base/jdk.internal.reflect.DelegatingMethodAccessorImpl.invoke(DelegatingMethodAccessorImpl.java:43)
	at java.base/java.lang.reflect.Method.invoke(Method.java:566)
	at org.junit.runners.model.FrameworkMethod$1.runReflectiveCall(FrameworkMethod.java:44)
	at org.junit.internal.runners.model.ReflectiveCallable.run(ReflectiveCallable.java:15)
	at org.junit.runners.model.FrameworkMethod.invokeExplosively(FrameworkMethod.java:41)
	at junitparams.internal.InvokeParameterisedMethod.evaluate(InvokeParameterisedMethod.java:102)
	at org.junit.internal.runners.statements.FailOnTimeout$1.run(FailOnTimeout.java:28)
Caused by: ptolemy.kernel.util.IllegalActionException: SubscriberPorts cannot be used at the top level, use a Subscriber actor instead.
  in .PublisherSubscriberPortToplevel.SubscriberPort
	at ptolemy.actor.SubscriberPort.preinitialize(SubscriberPort.java:328)
	at ptolemy.actor.CompositeActor.preinitialize(CompositeActor.java:1769)
	at ptolemy.actor.Manager.preinitializeAndResolveTypes(Manager.java:1040)
	at ptolemy.actor.Manager.initialize(Manager.java:710)
	at ptolemy.actor.Manager.execute(Manager.java:356)
	at ptolemy.actor.Manager.run(Manager.java:1263)
	at ptolemy.actor.Manager$PtolemyRunThread.run(Manager.java:1915)
java.lang.RuntimeException: Execution failed
	at ptolemy.moml.MoMLSimpleApplication$UnloadThread.run(MoMLSimpleApplication.java:402)
Caused by: ptolemy.kernel.util.IllegalActionException: SubscriptionAggregatorPorts cannot be used at the top level, use a SubscriptionAggregator actor instead.
  in .PublisherSubscriptionAggregatorPort.SubscriptionAggregatorPort
	at ptolemy.actor.SubscriptionAggregatorPort.preinitialize(SubscriptionAggregatorPort.java:353)
	at ptolemy.actor.CompositeActor.preinitialize(CompositeActor.java:1769)
	at ptolemy.actor.Manager.preinitializeAndResolveTypes(Manager.java:1040)
	at ptolemy.actor.Manager.initialize(Manager.java:710)
	at ptolemy.actor.Manager.execute(Manager.java:356)
	at ptolemy.actor.Manager.run(Manager.java:1263)
	at ptolemy.actor.Manager$PtolemyRunThread.run(Manager.java:1915)
java.lang.reflect.InvocationTargetException
	at java.base/jdk.internal.reflect.NativeConstructorAccessorImpl.newInstance0(Native Method)
	at java.base/jdk.internal.reflect.NativeConstructorAccessorImpl.newInstance(NativeConstructorAccessorImpl.java:62)
	at java.base/jdk.internal.reflect.DelegatingConstructorAccessorImpl.newInstance(DelegatingConstructorAccessorImpl.java:45)
	at java.base/java.lang.reflect.Constructor.newInstance(Constructor.java:490)
	at ptolemy.util.test.junit.AutoKnownFailedTests.RunModel(AutoKnownFailedTests.java:105)
	at java.base/jdk.internal.reflect.NativeMethodAccessorImpl.invoke0(Native Method)
	at java.base/jdk.internal.reflect.NativeMethodAccessorImpl.invoke(NativeMethodAccessorImpl.java:62)
	at java.base/jdk.internal.reflect.DelegatingMethodAccessorImpl.invoke(DelegatingMethodAccessorImpl.java:43)
	at java.base/java.lang.reflect.Method.invoke(Method.java:566)
	at org.junit.runners.model.FrameworkMethod$1.runReflectiveCall(FrameworkMethod.java:44)
	at org.junit.internal.runners.model.ReflectiveCallable.run(ReflectiveCallable.java:15)
	at org.junit.runners.model.FrameworkMethod.invokeExplosively(FrameworkMethod.java:41)
	at junitparams.internal.InvokeParameterisedMethod.evaluate(InvokeParameterisedMethod.java:102)
	at org.junit.internal.runners.statements.FailOnTimeout$1.run(FailOnTimeout.java:28)
Caused by: ptolemy.kernel.util.IllegalActionException: SubscriptionAggregatorPorts cannot be used at the top level, use a SubscriptionAggregator actor instead.
  in .PublisherSubscriptionAggregatorPort.SubscriptionAggregatorPort
	at ptolemy.actor.SubscriptionAggregatorPort.preinitialize(SubscriptionAggregatorPort.java:353)
	at ptolemy.actor.CompositeActor.preinitialize(CompositeActor.java:1769)
	at ptolemy.actor.Manager.preinitializeAndResolveTypes(Manager.java:1040)
	at ptolemy.actor.Manager.initialize(Manager.java:710)
	at ptolemy.actor.Manager.execute(Manager.java:356)
	at ptolemy.actor.Manager.run(Manager.java:1263)
	at ptolemy.actor.Manager$PtolemyRunThread.run(Manager.java:1915)
java.lang.RuntimeException: Execution failed
	at ptolemy.moml.MoMLSimpleApplication$UnloadThread.run(MoMLSimpleApplication.java:402)
Caused by: ptolemy.kernel.util.IllegalActionException: TypeTest actor has no training data.
  in .sizedarray3.TypeTest
	at ptolemy.actor.lib.TypeTest.initialize(TypeTest.java:250)
	at ptolemy.actor.Director.initialize(Director.java:938)
	at ptolemy.actor.Director.initialize(Director.java:907)
	at ptolemy.actor.sched.StaticSchedulingDirector.initialize(StaticSchedulingDirector.java:159)
	at ptolemy.domains.sdf.kernel.SDFDirector.initialize(SDFDirector.java:544)
	at ptolemy.actor.CompositeActor.initialize(CompositeActor.java:935)
	at ptolemy.actor.Manager.initialize(Manager.java:724)
	at ptolemy.actor.Manager.execute(Manager.java:356)
	at ptolemy.actor.Manager.run(Manager.java:1263)
	at ptolemy.actor.Manager$PtolemyRunThread.run(Manager.java:1915)
java.lang.reflect.InvocationTargetException
	at java.base/jdk.internal.reflect.NativeConstructorAccessorImpl.newInstance0(Native Method)
	at java.base/jdk.internal.reflect.NativeConstructorAccessorImpl.newInstance(NativeConstructorAccessorImpl.java:62)
	at java.base/jdk.internal.reflect.DelegatingConstructorAccessorImpl.newInstance(DelegatingConstructorAccessorImpl.java:45)
	at java.base/java.lang.reflect.Constructor.newInstance(Constructor.java:490)
	at ptolemy.util.test.junit.AutoKnownFailedTests.RunModel(AutoKnownFailedTests.java:105)
	at java.base/jdk.internal.reflect.NativeMethodAccessorImpl.invoke0(Native Method)
	at java.base/jdk.internal.reflect.NativeMethodAccessorImpl.invoke(NativeMethodAccessorImpl.java:62)
	at java.base/jdk.internal.reflect.DelegatingMethodAccessorImpl.invoke(DelegatingMethodAccessorImpl.java:43)
	at java.base/java.lang.reflect.Method.invoke(Method.java:566)
	at org.junit.runners.model.FrameworkMethod$1.runReflectiveCall(FrameworkMethod.java:44)
	at org.junit.internal.runners.model.ReflectiveCallable.run(ReflectiveCallable.java:15)
	at org.junit.runners.model.FrameworkMethod.invokeExplosively(FrameworkMethod.java:41)
	at junitparams.internal.InvokeParameterisedMethod.evaluate(InvokeParameterisedMethod.java:102)
	at org.junit.internal.runners.statements.FailOnTimeout$1.run(FailOnTimeout.java:28)
Caused by: ptolemy.kernel.util.IllegalActionException: TypeTest actor has no training data.
  in .sizedarray3.TypeTest
	at ptolemy.actor.lib.TypeTest.initialize(TypeTest.java:250)
	at ptolemy.actor.Director.initialize(Director.java:938)
	at ptolemy.actor.Director.initialize(Director.java:907)
	at ptolemy.actor.sched.StaticSchedulingDirector.initialize(StaticSchedulingDirector.java:159)
	at ptolemy.domains.sdf.kernel.SDFDirector.initialize(SDFDirector.java:544)
	at ptolemy.actor.CompositeActor.initialize(CompositeActor.java:935)
	at ptolemy.actor.Manager.initialize(Manager.java:724)
	at ptolemy.actor.Manager.execute(Manager.java:356)
	at ptolemy.actor.Manager.run(Manager.java:1263)
	at ptolemy.actor.Manager$PtolemyRunThread.run(Manager.java:1915)
java.lang.RuntimeException: Execution failed
	at ptolemy.moml.MoMLSimpleApplication$UnloadThread.run(MoMLSimpleApplication.java:402)
Caused by: ptolemy.kernel.util.IllegalActionException: Test fails in iteration 0.
Value was: "WARNING: An illegal reflective access operation has occurred\nWARNING: Illegal reflective access by io.netty.util.internal.ReflectionUtil (file:/home/travis/build/icyphy/ptII/lib/netty-common-4.1.19.Final.jar) to constructor java.nio.DirectByteBuffer(long,int)\nWARNING: Please consider reporting this to the maintainers of io.netty.util.internal.ReflectionUtil\nWARNING: Use --illegal-access=warn to enable warnings of further illegal reflective access operations\nWARNING: All illegal access operations will be denied in a future release\n". Should have been: ""
  in .ExecRunDemos.Test
	at ptolemy.actor.lib.Test.fire(Test.java:268)
	at ptolemy.actor.AtomicActor.iterate(AtomicActor.java:512)
	at ptolemy.actor.sched.StaticSchedulingDirector.fire(StaticSchedulingDirector.java:216)
	at ptolemy.domains.sdf.kernel.SDFDirector.fire(SDFDirector.java:500)
	at ptolemy.actor.CompositeActor.fire(CompositeActor.java:455)
	at ptolemy.actor.Manager.iterate(Manager.java:851)
	at ptolemy.actor.Manager.execute(Manager.java:369)
	at ptolemy.actor.Manager.run(Manager.java:1263)
	at ptolemy.actor.Manager$PtolemyRunThread.run(Manager.java:1915)
]]></system-err>
</testsuite>
